<?xml version="1.0" encoding="UTF-8"?>
<testsuites name="login" time="387.429" tests="5" failures="0" skips="0" errors="0">
   <testsuite name="login" tests="5" failures="0" errors="0" time="387.429" skips="0" timestamp="2022-01-06 08:11:54" hostname="Owner - aldy-tft" id="Test Suites/login">
      <properties>
         <property name="deviceName" value="samsung SM-A205F (Android 11)"/>
         <property name="devicePlatform" value=""/>
         <property name="logFolder" value="C:\\Users\\Owner\\Documents\\kerjaan\\KatalonProject\\qa_katalon_pwm\\qa_katalon_pwm\\Reports\\20220106_081121\\login\\20220106_081124"/>
         <property name="logFiles" value="C:\\Users\\Owner\\Documents\\kerjaan\\KatalonProject\\qa_katalon_pwm\\qa_katalon_pwm\\Reports\\20220106_081121\\login\\20220106_081124\\appium.log, C:\\Users\\Owner\\Documents\\kerjaan\\KatalonProject\\qa_katalon_pwm\\qa_katalon_pwm\\Reports\\20220106_081121\\login\\20220106_081124\\execution0.log"/>
         <property name="attachments" value=""/>
         <property name="hostName" value="Owner - aldy-tft"/>
         <property name="os" value="Windows 10 64bit"/>
         <property name="appiumServerStatus" value="{&quot;value&quot;:{&quot;build&quot;:{&quot;version&quot;:&quot;1.22.0&quot;}},&quot;sessionId&quot;:null,&quot;status&quot;:0}"/>
         <property name="katalonVersion" value="7.9.1.208"/>
         <property name="deviceOS" value="Android"/>
         <property name="appiumVersion" value="1.22.0"/>
         <property name="deviceModel" value="SM-A205F"/>
         <property name="hostAddress" value="10.0.30.68"/>
         <property name="deviceManufacturer" value="samsung"/>
         <property name="deviceId" value="RR8M40C9AXE"/>
         <property name="deviceName" value="samsung SM-A205F (Android 11)"/>
         <property name="deviceOSVersion" value="11"/>
      </properties>
      <testcase name="Test Cases/Mobile/Scenario/Login/001 - Login dengan username" time="105.668" classname="Test Cases/Mobile/Scenario/Login/001 - Login dengan username" status="PASSED">
         <system-out><![CDATA[2022-01-06 08:11:55 - [TEST_CASE][PASSED] - Test Cases/Mobile/Scenario/Login/001 - Login dengan username: Test Cases/Mobile/Scenario/Login/001 - Login dengan username

2022-01-06 08:11:55 - [TEST_STEP][PASSED] - callTestCase(findTestCase("Mobile/Page/Run App/Run App byID"), [:], STOP_ON_FAILURE): Call Test Case 'Test Cases/Mobile/Page/Run App/Run App byID' successfully

2022-01-06 08:11:56 - [TEST_CASE][PASSED] - Test Cases/Mobile/Page/Run App/Run App byID: Test Cases/Mobile/Page/Run App/Run App byID

2022-01-06 08:11:56 - [TEST_STEP][PASSED] - startApp.OpenApp.startApplication("id.co.miraeasset.sageclub"): startApp.OpenApp.startApplication is PASSED

2022-01-06 08:11:58 - [MESSAGE][INFO] - Appium server started on port 54,322

2022-01-06 08:12:16 - [MESSAGE][PASSED] - Starting app with application ID: 'id.co.miraeasset.sageclub'

2022-01-06 08:12:16 - [MESSAGE][PASSED] - startApp.OpenApp.startApplication is PASSED

2022-01-06 08:12:16 - [MESSAGE][PASSED] - Call Test Case 'Test Cases/Mobile/Page/Run App/Run App byID' successfully

2022-01-06 08:12:16 - [TEST_STEP][PASSED] - callTestCase(findTestCase("Mobile/Page/Login/Login"), ["action":"username"], CONTINUE_ON_FAILURE): Call Test Case 'Test Cases/Mobile/Page/Login/Login' successfully

2022-01-06 08:12:16 - [TEST_CASE][PASSED] - Test Cases/Mobile/Page/Login/Login: Test Cases/Mobile/Page/Login/Login

2022-01-06 08:12:17 - [TEST_STEP][PASSED] - delay(2): Delayed 2 second(s)

2022-01-06 08:12:19 - [MESSAGE][PASSED] - Delayed 2 second(s)

2022-01-06 08:12:19 - [TEST_STEP][PASSED] - for ([i = 0, i < 1, (i++)]): null

2022-01-06 08:12:19 - [TEST_STEP][PASSED] - if (action == "username"): null

2022-01-06 08:12:19 - [TEST_STEP][PASSED] - tap(LOGN_EdtUserID, 0): Tapped on element 'Object Repository/Mobile/Page/Login/Input - UserID'

2022-01-06 08:12:58 - [MESSAGE][WARNING] - Timeout '0' is invalid. Using default page load timeout: '60'

2022-01-06 08:12:59 - [MESSAGE][PASSED] - Tapped on element 'Object Repository/Mobile/Page/Login/Input - UserID'

2022-01-06 08:12:59 - [TEST_STEP][PASSED] - delay(1): Delayed 1 second(s)

2022-01-06 08:13:00 - [MESSAGE][PASSED] - Delayed 1 second(s)

2022-01-06 08:13:00 - [TEST_STEP][PASSED] - setText(LOGN_EdtRdyUserID, "anggaaditya", 0): Text 'anggaaditya' has been set to element 'Object Repository/Mobile/Page/Login/Input Rdy - UserID'

2022-01-06 08:13:00 - [MESSAGE][WARNING] - Timeout '0' is invalid. Using default page load timeout: '60'

2022-01-06 08:13:01 - [MESSAGE][PASSED] - Text 'anggaaditya' has been set to element 'Object Repository/Mobile/Page/Login/Input Rdy - UserID'

2022-01-06 08:13:01 - [TEST_STEP][PASSED] - delay(1): Delayed 1 second(s)

2022-01-06 08:13:02 - [MESSAGE][PASSED] - Delayed 1 second(s)

2022-01-06 08:13:02 - [TEST_STEP][PASSED] - hideKeyboard(): Keyboard is hidden

2022-01-06 08:13:12 - [MESSAGE][PASSED] - Keyboard is hidden

2022-01-06 08:13:12 - [TEST_STEP][PASSED] - tap(LOGN_EdtPassword, 0): Tapped on element 'Object Repository/Mobile/Page/Login/Input - Password'

2022-01-06 08:13:12 - [MESSAGE][WARNING] - Timeout '0' is invalid. Using default page load timeout: '60'

2022-01-06 08:13:13 - [MESSAGE][PASSED] - Tapped on element 'Object Repository/Mobile/Page/Login/Input - Password'

2022-01-06 08:13:13 - [TEST_STEP][PASSED] - delay(1): Delayed 1 second(s)

2022-01-06 08:13:14 - [MESSAGE][PASSED] - Delayed 1 second(s)

2022-01-06 08:13:14 - [TEST_STEP][PASSED] - setText(LOGN_EdtRdyPassword, "Shalawa18", 0): Text 'Shalawa18' has been set to element 'Object Repository/Mobile/Page/Login/Input Rdy - Password'

2022-01-06 08:13:14 - [MESSAGE][WARNING] - Timeout '0' is invalid. Using default page load timeout: '60'

2022-01-06 08:13:15 - [MESSAGE][PASSED] - Text 'Shalawa18' has been set to element 'Object Repository/Mobile/Page/Login/Input Rdy - Password'

2022-01-06 08:13:15 - [TEST_STEP][PASSED] - delay(1): Delayed 1 second(s)

2022-01-06 08:13:16 - [MESSAGE][PASSED] - Delayed 1 second(s)

2022-01-06 08:13:16 - [TEST_STEP][PASSED] - hideKeyboard(): Keyboard is hidden

2022-01-06 08:13:27 - [MESSAGE][PASSED] - Keyboard is hidden

2022-01-06 08:13:27 - [TEST_STEP][PASSED] - tap(LOGN_BtnLogin, 0): Tapped on element 'Object Repository/Mobile/Page/Login/Button - Login'

2022-01-06 08:13:27 - [MESSAGE][WARNING] - Timeout '0' is invalid. Using default page load timeout: '60'

2022-01-06 08:13:27 - [MESSAGE][PASSED] - Tapped on element 'Object Repository/Mobile/Page/Login/Button - Login'

2022-01-06 08:13:27 - [TEST_STEP][PASSED] - delay(2): Delayed 2 second(s)

2022-01-06 08:13:29 - [MESSAGE][PASSED] - Delayed 2 second(s)

2022-01-06 08:13:29 - [TEST_STEP][PASSED] - break: null

2022-01-06 08:13:29 - [MESSAGE][PASSED] - Call Test Case 'Test Cases/Mobile/Page/Login/Login' successfully

2022-01-06 08:13:29 - [TEST_STEP][PASSED] - callTestCase(findTestCase("Mobile/Page/Run App/Terminate App"), [:], STOP_ON_FAILURE): Call Test Case 'Test Cases/Mobile/Page/Run App/Terminate App' successfully

2022-01-06 08:13:30 - [TEST_CASE][PASSED] - Test Cases/Mobile/Page/Run App/Terminate App: Test Cases/Mobile/Page/Run App/Terminate App

2022-01-06 08:13:30 - [TEST_STEP][PASSED] - startApp.OpenApp.terminateApplication(): startApp.OpenApp.terminateApplication is PASSED

2022-01-06 08:13:33 - [MESSAGE][PASSED] - Delayed 3 second(s)

2022-01-06 08:13:34 - [MESSAGE][PASSED] - Current device physical width is 720

2022-01-06 08:13:34 - [MESSAGE][PASSED] - Current device physical height is 1423

2022-01-06 08:13:35 - [MESSAGE][PASSED] - Swiped from 360,853 to 360,142

2022-01-06 08:13:36 - [MESSAGE][PASSED] - Delayed 1 second(s)

2022-01-06 08:13:38 - [MESSAGE][PASSED] - Swiped from 360,853 to 360,142

2022-01-06 08:13:41 - [MESSAGE][PASSED] - Delayed 3 second(s)

2022-01-06 08:13:41 - [MESSAGE][PASSED] - startApp.OpenApp.terminateApplication is PASSED

2022-01-06 08:13:41 - [MESSAGE][PASSED] - Call Test Case 'Test Cases/Mobile/Page/Run App/Terminate App' successfully]]></system-out>
         <system-err><![CDATA[]]></system-err>
      </testcase>
      <testcase name="Test Cases/Mobile/Scenario/Login/002 - Login dengan password salah" time="71.55" classname="Test Cases/Mobile/Scenario/Login/002 - Login dengan password salah" status="PASSED">
         <system-out><![CDATA[2022-01-06 08:13:41 - [TEST_CASE][PASSED] - Test Cases/Mobile/Scenario/Login/002 - Login dengan password salah: Test Cases/Mobile/Scenario/Login/002 - Login dengan password salah

2022-01-06 08:13:41 - [TEST_STEP][PASSED] - callTestCase(findTestCase("Mobile/Page/Run App/Run App byID"), [:], STOP_ON_FAILURE): Call Test Case 'Test Cases/Mobile/Page/Run App/Run App byID' successfully

2022-01-06 08:13:42 - [TEST_CASE][PASSED] - Test Cases/Mobile/Page/Run App/Run App byID: Test Cases/Mobile/Page/Run App/Run App byID

2022-01-06 08:13:42 - [TEST_STEP][PASSED] - startApp.OpenApp.startApplication("id.co.miraeasset.sageclub"): startApp.OpenApp.startApplication is PASSED

2022-01-06 08:14:10 - [MESSAGE][PASSED] - Starting app with application ID: 'id.co.miraeasset.sageclub'

2022-01-06 08:14:10 - [MESSAGE][PASSED] - startApp.OpenApp.startApplication is PASSED

2022-01-06 08:14:10 - [MESSAGE][PASSED] - Call Test Case 'Test Cases/Mobile/Page/Run App/Run App byID' successfully

2022-01-06 08:14:10 - [TEST_STEP][PASSED] - callTestCase(findTestCase("Mobile/Page/Login/Login"), ["action":"wrongpassword"], CONTINUE_ON_FAILURE): Call Test Case 'Test Cases/Mobile/Page/Login/Login' successfully

2022-01-06 08:14:10 - [TEST_CASE][PASSED] - Test Cases/Mobile/Page/Login/Login: Test Cases/Mobile/Page/Login/Login

2022-01-06 08:14:10 - [TEST_STEP][PASSED] - delay(2): Delayed 2 second(s)

2022-01-06 08:14:12 - [MESSAGE][PASSED] - Delayed 2 second(s)

2022-01-06 08:14:12 - [TEST_STEP][PASSED] - for ([i = 0, i < 1, (i++)]): null

2022-01-06 08:14:12 - [TEST_STEP][PASSED] - if (action == "username"): null

2022-01-06 08:14:12 - [TEST_STEP][PASSED] - else if (action == "wrongpassword"): null

2022-01-06 08:14:12 - [TEST_STEP][PASSED] - tap(LOGN_EdtUserID, 0): Tapped on element 'Object Repository/Mobile/Page/Login/Input - UserID'

2022-01-06 08:14:12 - [MESSAGE][WARNING] - Timeout '0' is invalid. Using default page load timeout: '60'

2022-01-06 08:14:13 - [MESSAGE][PASSED] - Tapped on element 'Object Repository/Mobile/Page/Login/Input - UserID'

2022-01-06 08:14:13 - [TEST_STEP][PASSED] - delay(1): Delayed 1 second(s)

2022-01-06 08:14:14 - [MESSAGE][PASSED] - Delayed 1 second(s)

2022-01-06 08:14:14 - [TEST_STEP][PASSED] - setText(LOGN_EdtRdyUserID, "anggaaditya", 0): Text 'anggaaditya' has been set to element 'Object Repository/Mobile/Page/Login/Input Rdy - UserID'

2022-01-06 08:14:14 - [MESSAGE][WARNING] - Timeout '0' is invalid. Using default page load timeout: '60'

2022-01-06 08:14:15 - [MESSAGE][PASSED] - Text 'anggaaditya' has been set to element 'Object Repository/Mobile/Page/Login/Input Rdy - UserID'

2022-01-06 08:14:15 - [TEST_STEP][PASSED] - delay(1): Delayed 1 second(s)

2022-01-06 08:14:16 - [MESSAGE][PASSED] - Delayed 1 second(s)

2022-01-06 08:14:16 - [TEST_STEP][PASSED] - hideKeyboard(): Keyboard is hidden

2022-01-06 08:14:25 - [MESSAGE][PASSED] - Keyboard is hidden

2022-01-06 08:14:25 - [TEST_STEP][PASSED] - tap(LOGN_EdtPassword, 0): Tapped on element 'Object Repository/Mobile/Page/Login/Input - Password'

2022-01-06 08:14:25 - [MESSAGE][WARNING] - Timeout '0' is invalid. Using default page load timeout: '60'

2022-01-06 08:14:25 - [MESSAGE][PASSED] - Tapped on element 'Object Repository/Mobile/Page/Login/Input - Password'

2022-01-06 08:14:25 - [TEST_STEP][PASSED] - delay(1): Delayed 1 second(s)

2022-01-06 08:14:26 - [MESSAGE][PASSED] - Delayed 1 second(s)

2022-01-06 08:14:26 - [TEST_STEP][PASSED] - setText(LOGN_EdtRdyPassword, "Shalawa181", 0): Text 'Shalawa181' has been set to element 'Object Repository/Mobile/Page/Login/Input Rdy - Password'

2022-01-06 08:14:26 - [MESSAGE][WARNING] - Timeout '0' is invalid. Using default page load timeout: '60'

2022-01-06 08:14:27 - [MESSAGE][PASSED] - Text 'Shalawa181' has been set to element 'Object Repository/Mobile/Page/Login/Input Rdy - Password'

2022-01-06 08:14:27 - [TEST_STEP][PASSED] - delay(1): Delayed 1 second(s)

2022-01-06 08:14:28 - [MESSAGE][PASSED] - Delayed 1 second(s)

2022-01-06 08:14:28 - [TEST_STEP][PASSED] - hideKeyboard(): Keyboard is hidden

2022-01-06 08:14:39 - [MESSAGE][PASSED] - Keyboard is hidden

2022-01-06 08:14:39 - [TEST_STEP][PASSED] - tap(LOGN_BtnLogin, 0): Tapped on element 'Object Repository/Mobile/Page/Login/Button - Login'

2022-01-06 08:14:39 - [MESSAGE][WARNING] - Timeout '0' is invalid. Using default page load timeout: '60'

2022-01-06 08:14:39 - [MESSAGE][PASSED] - Tapped on element 'Object Repository/Mobile/Page/Login/Button - Login'

2022-01-06 08:14:39 - [TEST_STEP][PASSED] - delay(2): Delayed 2 second(s)

2022-01-06 08:14:41 - [MESSAGE][PASSED] - Delayed 2 second(s)

2022-01-06 08:14:41 - [TEST_STEP][PASSED] - verify = verifyElementExist(LOGN_AlertInvalidCredentials, 5, STOP_ON_FAILURE): Element 'Object Repository/Mobile/Page/Login/Alert - Invalid credentials' is exist

2022-01-06 08:14:42 - [MESSAGE][PASSED] - Element 'Object Repository/Mobile/Page/Login/Alert - Invalid credentials' is exist

2022-01-06 08:14:42 - [TEST_STEP][PASSED] - break: null

2022-01-06 08:14:42 - [MESSAGE][PASSED] - Call Test Case 'Test Cases/Mobile/Page/Login/Login' successfully

2022-01-06 08:14:42 - [TEST_STEP][PASSED] - callTestCase(findTestCase("Mobile/Page/Run App/Terminate App"), [:], STOP_ON_FAILURE): Call Test Case 'Test Cases/Mobile/Page/Run App/Terminate App' successfully

2022-01-06 08:14:42 - [TEST_CASE][PASSED] - Test Cases/Mobile/Page/Run App/Terminate App: Test Cases/Mobile/Page/Run App/Terminate App

2022-01-06 08:14:42 - [TEST_STEP][PASSED] - startApp.OpenApp.terminateApplication(): startApp.OpenApp.terminateApplication is PASSED

2022-01-06 08:14:45 - [MESSAGE][PASSED] - Delayed 3 second(s)

2022-01-06 08:14:45 - [MESSAGE][PASSED] - Current device physical width is 720

2022-01-06 08:14:46 - [MESSAGE][PASSED] - Current device physical height is 1423

2022-01-06 08:14:47 - [MESSAGE][PASSED] - Swiped from 360,853 to 360,142

2022-01-06 08:14:48 - [MESSAGE][PASSED] - Delayed 1 second(s)

2022-01-06 08:14:49 - [MESSAGE][PASSED] - Swiped from 360,853 to 360,142

2022-01-06 08:14:52 - [MESSAGE][PASSED] - Delayed 3 second(s)

2022-01-06 08:14:52 - [MESSAGE][PASSED] - startApp.OpenApp.terminateApplication is PASSED

2022-01-06 08:14:52 - [MESSAGE][PASSED] - Call Test Case 'Test Cases/Mobile/Page/Run App/Terminate App' successfully]]></system-out>
         <system-err><![CDATA[]]></system-err>
      </testcase>
      <testcase name="Test Cases/Mobile/Scenario/Login/003 - Login tanpa internet" time="78.381" classname="Test Cases/Mobile/Scenario/Login/003 - Login tanpa internet" status="PASSED">
         <system-out><![CDATA[2022-01-06 08:14:52 - [TEST_CASE][PASSED] - Test Cases/Mobile/Scenario/Login/003 - Login tanpa internet: Test Cases/Mobile/Scenario/Login/003 - Login tanpa internet

2022-01-06 08:14:53 - [TEST_STEP][PASSED] - callTestCase(findTestCase("Mobile/Page/Run App/Run App byID"), [:], STOP_ON_FAILURE): Call Test Case 'Test Cases/Mobile/Page/Run App/Run App byID' successfully

2022-01-06 08:14:53 - [TEST_CASE][PASSED] - Test Cases/Mobile/Page/Run App/Run App byID: Test Cases/Mobile/Page/Run App/Run App byID

2022-01-06 08:14:53 - [TEST_STEP][PASSED] - startApp.OpenApp.startApplication("id.co.miraeasset.sageclub"): startApp.OpenApp.startApplication is PASSED

2022-01-06 08:15:09 - [MESSAGE][PASSED] - Starting app with application ID: 'id.co.miraeasset.sageclub'

2022-01-06 08:15:09 - [MESSAGE][PASSED] - startApp.OpenApp.startApplication is PASSED

2022-01-06 08:15:09 - [MESSAGE][PASSED] - Call Test Case 'Test Cases/Mobile/Page/Run App/Run App byID' successfully

2022-01-06 08:15:09 - [TEST_STEP][PASSED] - callTestCase(findTestCase("Mobile/Page/Login/Login"), ["action":"nointernet"], CONTINUE_ON_FAILURE): Call Test Case 'Test Cases/Mobile/Page/Login/Login' successfully

2022-01-06 08:15:09 - [TEST_CASE][PASSED] - Test Cases/Mobile/Page/Login/Login: Test Cases/Mobile/Page/Login/Login

2022-01-06 08:15:09 - [TEST_STEP][PASSED] - delay(2): Delayed 2 second(s)

2022-01-06 08:15:11 - [MESSAGE][PASSED] - Delayed 2 second(s)

2022-01-06 08:15:11 - [TEST_STEP][PASSED] - for ([i = 0, i < 1, (i++)]): null

2022-01-06 08:15:11 - [TEST_STEP][PASSED] - if (action == "username"): null

2022-01-06 08:15:11 - [TEST_STEP][PASSED] - else if (action == "wrongpassword"): null

2022-01-06 08:15:11 - [TEST_STEP][PASSED] - else if (action == "nointernet"): null

2022-01-06 08:15:11 - [TEST_STEP][PASSED] - scroll.scroll.scrollNotificationBar(): scroll.scroll.scrollNotificationBar is PASSED

2022-01-06 08:15:11 - [MESSAGE][PASSED] - Current device physical height is 1423

2022-01-06 08:15:13 - [MESSAGE][PASSED] - Swiped from 50,50 to 50,1,138

2022-01-06 08:15:13 - [MESSAGE][PASSED] - scroll.scroll.scrollNotificationBar is PASSED

2022-01-06 08:15:13 - [TEST_STEP][PASSED] - delay(1): Delayed 1 second(s)

2022-01-06 08:15:14 - [MESSAGE][PASSED] - Delayed 1 second(s)

2022-01-06 08:15:14 - [TEST_STEP][PASSED] - tap(OTHR_BtnWifi, 0): Tapped on element 'Object Repository/Mobile/Page/Others/Button - Wifi'

2022-01-06 08:15:14 - [MESSAGE][WARNING] - Timeout '0' is invalid. Using default page load timeout: '60'

2022-01-06 08:15:17 - [MESSAGE][PASSED] - Tapped on element 'Object Repository/Mobile/Page/Others/Button - Wifi'

2022-01-06 08:15:17 - [TEST_STEP][PASSED] - delay(1): Delayed 1 second(s)

2022-01-06 08:15:18 - [MESSAGE][PASSED] - Delayed 1 second(s)

2022-01-06 08:15:18 - [TEST_STEP][PASSED] - pressBack(): Press back button successfully

2022-01-06 08:15:19 - [MESSAGE][PASSED] - Press back button successfully

2022-01-06 08:15:19 - [TEST_STEP][PASSED] - tap(LOGN_EdtUserID, 0): Tapped on element 'Object Repository/Mobile/Page/Login/Input - UserID'

2022-01-06 08:15:19 - [MESSAGE][WARNING] - Timeout '0' is invalid. Using default page load timeout: '60'

2022-01-06 08:15:20 - [MESSAGE][PASSED] - Tapped on element 'Object Repository/Mobile/Page/Login/Input - UserID'

2022-01-06 08:15:20 - [TEST_STEP][PASSED] - delay(1): Delayed 1 second(s)

2022-01-06 08:15:21 - [MESSAGE][PASSED] - Delayed 1 second(s)

2022-01-06 08:15:21 - [TEST_STEP][PASSED] - setText(LOGN_EdtRdyUserID, "anggaaditya", 0): Text 'anggaaditya' has been set to element 'Object Repository/Mobile/Page/Login/Input Rdy - UserID'

2022-01-06 08:15:21 - [MESSAGE][WARNING] - Timeout '0' is invalid. Using default page load timeout: '60'

2022-01-06 08:15:22 - [MESSAGE][PASSED] - Text 'anggaaditya' has been set to element 'Object Repository/Mobile/Page/Login/Input Rdy - UserID'

2022-01-06 08:15:22 - [TEST_STEP][PASSED] - delay(1): Delayed 1 second(s)

2022-01-06 08:15:23 - [MESSAGE][PASSED] - Delayed 1 second(s)

2022-01-06 08:15:23 - [TEST_STEP][PASSED] - hideKeyboard(): Keyboard is hidden

2022-01-06 08:15:34 - [MESSAGE][PASSED] - Keyboard is hidden

2022-01-06 08:15:34 - [TEST_STEP][PASSED] - tap(LOGN_EdtPassword, 0): Tapped on element 'Object Repository/Mobile/Page/Login/Input - Password'

2022-01-06 08:15:34 - [MESSAGE][WARNING] - Timeout '0' is invalid. Using default page load timeout: '60'

2022-01-06 08:15:35 - [MESSAGE][PASSED] - Tapped on element 'Object Repository/Mobile/Page/Login/Input - Password'

2022-01-06 08:15:35 - [TEST_STEP][PASSED] - delay(1): Delayed 1 second(s)

2022-01-06 08:15:36 - [MESSAGE][PASSED] - Delayed 1 second(s)

2022-01-06 08:15:36 - [TEST_STEP][PASSED] - setText(LOGN_EdtRdyPassword, "Shalawa18", 0): Text 'Shalawa18' has been set to element 'Object Repository/Mobile/Page/Login/Input Rdy - Password'

2022-01-06 08:15:36 - [MESSAGE][WARNING] - Timeout '0' is invalid. Using default page load timeout: '60'

2022-01-06 08:15:37 - [MESSAGE][PASSED] - Text 'Shalawa18' has been set to element 'Object Repository/Mobile/Page/Login/Input Rdy - Password'

2022-01-06 08:15:37 - [TEST_STEP][PASSED] - delay(1): Delayed 1 second(s)

2022-01-06 08:15:38 - [MESSAGE][PASSED] - Delayed 1 second(s)

2022-01-06 08:15:38 - [TEST_STEP][PASSED] - hideKeyboard(): Keyboard is hidden

2022-01-06 08:15:49 - [MESSAGE][PASSED] - Keyboard is hidden

2022-01-06 08:15:49 - [TEST_STEP][PASSED] - tap(LOGN_BtnLogin, 0): Tapped on element 'Object Repository/Mobile/Page/Login/Button - Login'

2022-01-06 08:15:49 - [MESSAGE][WARNING] - Timeout '0' is invalid. Using default page load timeout: '60'

2022-01-06 08:15:50 - [MESSAGE][PASSED] - Tapped on element 'Object Repository/Mobile/Page/Login/Button - Login'

2022-01-06 08:15:50 - [TEST_STEP][PASSED] - delay(2): Delayed 2 second(s)

2022-01-06 08:15:52 - [MESSAGE][PASSED] - Delayed 2 second(s)

2022-01-06 08:15:52 - [TEST_STEP][PASSED] - verify = verifyElementExist(LOGN_AlertCheckYourNetwork, 5, STOP_ON_FAILURE): Element 'Object Repository/Mobile/Page/Login/Alert - Check your network' is exist

2022-01-06 08:15:52 - [MESSAGE][PASSED] - Element 'Object Repository/Mobile/Page/Login/Alert - Check your network' is exist

2022-01-06 08:15:52 - [TEST_STEP][PASSED] - scroll.scroll.scrollNotificationBar(): scroll.scroll.scrollNotificationBar is PASSED

2022-01-06 08:15:52 - [MESSAGE][PASSED] - Current device physical height is 1423

2022-01-06 08:15:54 - [MESSAGE][PASSED] - Swiped from 50,50 to 50,1,138

2022-01-06 08:15:54 - [MESSAGE][PASSED] - scroll.scroll.scrollNotificationBar is PASSED

2022-01-06 08:15:54 - [TEST_STEP][PASSED] - delay(1): Delayed 1 second(s)

2022-01-06 08:15:55 - [MESSAGE][PASSED] - Delayed 1 second(s)

2022-01-06 08:15:55 - [TEST_STEP][PASSED] - tap(OTHR_BtnWifi, 0): Tapped on element 'Object Repository/Mobile/Page/Others/Button - Wifi'

2022-01-06 08:15:55 - [MESSAGE][WARNING] - Timeout '0' is invalid. Using default page load timeout: '60'

2022-01-06 08:15:56 - [MESSAGE][PASSED] - Tapped on element 'Object Repository/Mobile/Page/Others/Button - Wifi'

2022-01-06 08:15:56 - [TEST_STEP][PASSED] - delay(1): Delayed 1 second(s)

2022-01-06 08:15:57 - [MESSAGE][PASSED] - Delayed 1 second(s)

2022-01-06 08:15:57 - [TEST_STEP][PASSED] - pressBack(): Press back button successfully

2022-01-06 08:15:57 - [MESSAGE][PASSED] - Press back button successfully

2022-01-06 08:15:57 - [TEST_STEP][PASSED] - break: null

2022-01-06 08:15:57 - [MESSAGE][PASSED] - Call Test Case 'Test Cases/Mobile/Page/Login/Login' successfully

2022-01-06 08:15:57 - [TEST_STEP][PASSED] - callTestCase(findTestCase("Mobile/Page/Run App/Terminate App"), [:], STOP_ON_FAILURE): Call Test Case 'Test Cases/Mobile/Page/Run App/Terminate App' successfully

2022-01-06 08:15:57 - [TEST_CASE][PASSED] - Test Cases/Mobile/Page/Run App/Terminate App: Test Cases/Mobile/Page/Run App/Terminate App

2022-01-06 08:15:57 - [TEST_STEP][PASSED] - startApp.OpenApp.terminateApplication(): startApp.OpenApp.terminateApplication is PASSED

2022-01-06 08:16:04 - [MESSAGE][PASSED] - Delayed 3 second(s)

2022-01-06 08:16:04 - [MESSAGE][PASSED] - Current device physical width is 720

2022-01-06 08:16:04 - [MESSAGE][PASSED] - Current device physical height is 1423

2022-01-06 08:16:05 - [MESSAGE][PASSED] - Swiped from 360,853 to 360,142

2022-01-06 08:16:06 - [MESSAGE][PASSED] - Delayed 1 second(s)

2022-01-06 08:16:08 - [MESSAGE][PASSED] - Swiped from 360,853 to 360,142

2022-01-06 08:16:11 - [MESSAGE][PASSED] - Delayed 3 second(s)

2022-01-06 08:16:11 - [MESSAGE][PASSED] - startApp.OpenApp.terminateApplication is PASSED

2022-01-06 08:16:11 - [MESSAGE][PASSED] - Call Test Case 'Test Cases/Mobile/Page/Run App/Terminate App' successfully]]></system-out>
         <system-err><![CDATA[]]></system-err>
      </testcase>
      <testcase name="Test Cases/Mobile/Scenario/Login/004 - Login dengan mengaktifkan visible password" time="63.053" classname="Test Cases/Mobile/Scenario/Login/004 - Login dengan mengaktifkan visible password" status="PASSED">
         <system-out><![CDATA[2022-01-06 08:16:11 - [TEST_CASE][PASSED] - Test Cases/Mobile/Scenario/Login/004 - Login dengan mengaktifkan visible password: Test Cases/Mobile/Scenario/Login/004 - Login dengan mengaktifkan visible password

2022-01-06 08:16:11 - [TEST_STEP][PASSED] - callTestCase(findTestCase("Mobile/Page/Run App/Run App byID"), [:], STOP_ON_FAILURE): Call Test Case 'Test Cases/Mobile/Page/Run App/Run App byID' successfully

2022-01-06 08:16:11 - [TEST_CASE][PASSED] - Test Cases/Mobile/Page/Run App/Run App byID: Test Cases/Mobile/Page/Run App/Run App byID

2022-01-06 08:16:11 - [TEST_STEP][PASSED] - startApp.OpenApp.startApplication("id.co.miraeasset.sageclub"): startApp.OpenApp.startApplication is PASSED

2022-01-06 08:16:30 - [MESSAGE][PASSED] - Starting app with application ID: 'id.co.miraeasset.sageclub'

2022-01-06 08:16:30 - [MESSAGE][PASSED] - startApp.OpenApp.startApplication is PASSED

2022-01-06 08:16:30 - [MESSAGE][PASSED] - Call Test Case 'Test Cases/Mobile/Page/Run App/Run App byID' successfully

2022-01-06 08:16:30 - [TEST_STEP][PASSED] - callTestCase(findTestCase("Mobile/Page/Login/Login"), ["action":"visiblepassword"], CONTINUE_ON_FAILURE): Call Test Case 'Test Cases/Mobile/Page/Login/Login' successfully

2022-01-06 08:16:30 - [TEST_CASE][PASSED] - Test Cases/Mobile/Page/Login/Login: Test Cases/Mobile/Page/Login/Login

2022-01-06 08:16:30 - [TEST_STEP][PASSED] - delay(2): Delayed 2 second(s)

2022-01-06 08:16:32 - [MESSAGE][PASSED] - Delayed 2 second(s)

2022-01-06 08:16:32 - [TEST_STEP][PASSED] - for ([i = 0, i < 1, (i++)]): null

2022-01-06 08:16:32 - [TEST_STEP][PASSED] - if (action == "username"): null

2022-01-06 08:16:32 - [TEST_STEP][PASSED] - else if (action == "wrongpassword"): null

2022-01-06 08:16:32 - [TEST_STEP][PASSED] - else if (action == "nointernet"): null

2022-01-06 08:16:32 - [TEST_STEP][PASSED] - else if (action == "visiblepassword"): null

2022-01-06 08:16:32 - [TEST_STEP][PASSED] - tap(LOGN_EdtUserID, 0): Tapped on element 'Object Repository/Mobile/Page/Login/Input - UserID'

2022-01-06 08:16:32 - [MESSAGE][WARNING] - Timeout '0' is invalid. Using default page load timeout: '60'

2022-01-06 08:16:33 - [MESSAGE][PASSED] - Tapped on element 'Object Repository/Mobile/Page/Login/Input - UserID'

2022-01-06 08:16:33 - [TEST_STEP][PASSED] - delay(1): Delayed 1 second(s)

2022-01-06 08:16:34 - [MESSAGE][PASSED] - Delayed 1 second(s)

2022-01-06 08:16:34 - [TEST_STEP][PASSED] - setText(LOGN_EdtRdyUserID, "anggaaditya", 0): Text 'anggaaditya' has been set to element 'Object Repository/Mobile/Page/Login/Input Rdy - UserID'

2022-01-06 08:16:34 - [MESSAGE][WARNING] - Timeout '0' is invalid. Using default page load timeout: '60'

2022-01-06 08:16:36 - [MESSAGE][PASSED] - Text 'anggaaditya' has been set to element 'Object Repository/Mobile/Page/Login/Input Rdy - UserID'

2022-01-06 08:16:36 - [TEST_STEP][PASSED] - delay(1): Delayed 1 second(s)

2022-01-06 08:16:37 - [MESSAGE][PASSED] - Delayed 1 second(s)

2022-01-06 08:16:37 - [TEST_STEP][PASSED] - hideKeyboard(): Keyboard is hidden

2022-01-06 08:16:45 - [MESSAGE][PASSED] - Keyboard is hidden

2022-01-06 08:16:45 - [TEST_STEP][PASSED] - top = getElementTopPosition(LOGN_EdtPassword, 0): Object 'Object Repository/Mobile/Page/Login/Input - Password' has top position '758'

2022-01-06 08:16:45 - [MESSAGE][WARNING] - Timeout '0' is invalid. Using default page load timeout: '60'

2022-01-06 08:16:46 - [MESSAGE][PASSED] - Object 'Object Repository/Mobile/Page/Login/Input - Password' has top position '758'

2022-01-06 08:16:46 - [TEST_STEP][PASSED] - left = getElementLeftPosition(LOGN_EdtPassword, 0): Object 'Object Repository/Mobile/Page/Login/Input - Password' has left position '32'

2022-01-06 08:16:46 - [MESSAGE][WARNING] - Timeout '0' is invalid. Using default page load timeout: '60'

2022-01-06 08:16:46 - [MESSAGE][PASSED] - Object 'Object Repository/Mobile/Page/Login/Input - Password' has left position '32'

2022-01-06 08:16:46 - [TEST_STEP][PASSED] - x = left + getElementWidth(LOGN_EdtPassword, 0) * 0.9: Object 'Object Repository/Mobile/Page/Login/Input - Password' has width: '657'

2022-01-06 08:16:46 - [MESSAGE][WARNING] - Timeout '0' is invalid. Using default page load timeout: '60'

2022-01-06 08:16:46 - [MESSAGE][PASSED] - Object 'Object Repository/Mobile/Page/Login/Input - Password' has width: '657'

2022-01-06 08:16:46 - [TEST_STEP][PASSED] - y = top + getElementHeight(LOGN_EdtPassword, 0) / 2: Object 'Object Repository/Mobile/Page/Login/Input - Password' has height: '84'

2022-01-06 08:16:46 - [MESSAGE][WARNING] - Timeout '0' is invalid. Using default page load timeout: '60'

2022-01-06 08:16:46 - [MESSAGE][PASSED] - Object 'Object Repository/Mobile/Page/Login/Input - Password' has height: '84'

2022-01-06 08:16:46 - [TEST_STEP][PASSED] - tapAtPosition(x, y): Tapped at [623, 800]

2022-01-06 08:16:47 - [MESSAGE][PASSED] - Tapped at [623, 800]

2022-01-06 08:16:47 - [TEST_STEP][PASSED] - delay(1): Delayed 1 second(s)

2022-01-06 08:16:48 - [MESSAGE][PASSED] - Delayed 1 second(s)

2022-01-06 08:16:48 - [TEST_STEP][PASSED] - tap(LOGN_EdtPassword, 0): Tapped on element 'Object Repository/Mobile/Page/Login/Input - Password'

2022-01-06 08:16:48 - [MESSAGE][WARNING] - Timeout '0' is invalid. Using default page load timeout: '60'

2022-01-06 08:16:48 - [MESSAGE][PASSED] - Tapped on element 'Object Repository/Mobile/Page/Login/Input - Password'

2022-01-06 08:16:48 - [TEST_STEP][PASSED] - delay(1): Delayed 1 second(s)

2022-01-06 08:16:49 - [MESSAGE][PASSED] - Delayed 1 second(s)

2022-01-06 08:16:49 - [TEST_STEP][PASSED] - setText(LOGN_EdtRdyPassword, "Shalawa18", 0): Text 'Shalawa18' has been set to element 'Object Repository/Mobile/Page/Login/Input Rdy - Password'

2022-01-06 08:16:49 - [MESSAGE][WARNING] - Timeout '0' is invalid. Using default page load timeout: '60'

2022-01-06 08:16:50 - [MESSAGE][PASSED] - Text 'Shalawa18' has been set to element 'Object Repository/Mobile/Page/Login/Input Rdy - Password'

2022-01-06 08:16:50 - [TEST_STEP][PASSED] - delay(1): Delayed 1 second(s)

2022-01-06 08:16:51 - [MESSAGE][PASSED] - Delayed 1 second(s)

2022-01-06 08:16:51 - [TEST_STEP][PASSED] - hideKeyboard(): Keyboard is hidden

2022-01-06 08:16:59 - [MESSAGE][PASSED] - Keyboard is hidden

2022-01-06 08:16:59 - [TEST_STEP][PASSED] - tap(LOGN_BtnLogin, 0): Tapped on element 'Object Repository/Mobile/Page/Login/Button - Login'

2022-01-06 08:16:59 - [MESSAGE][WARNING] - Timeout '0' is invalid. Using default page load timeout: '60'

2022-01-06 08:17:00 - [MESSAGE][PASSED] - Tapped on element 'Object Repository/Mobile/Page/Login/Button - Login'

2022-01-06 08:17:00 - [TEST_STEP][PASSED] - delay(2): Delayed 2 second(s)

2022-01-06 08:17:02 - [MESSAGE][PASSED] - Delayed 2 second(s)

2022-01-06 08:17:02 - [TEST_STEP][PASSED] - break: null

2022-01-06 08:17:02 - [MESSAGE][PASSED] - Call Test Case 'Test Cases/Mobile/Page/Login/Login' successfully

2022-01-06 08:17:02 - [TEST_STEP][PASSED] - callTestCase(findTestCase("Mobile/Page/Run App/Terminate App"), [:], STOP_ON_FAILURE): Call Test Case 'Test Cases/Mobile/Page/Run App/Terminate App' successfully

2022-01-06 08:17:03 - [TEST_CASE][PASSED] - Test Cases/Mobile/Page/Run App/Terminate App: Test Cases/Mobile/Page/Run App/Terminate App

2022-01-06 08:17:03 - [TEST_STEP][PASSED] - startApp.OpenApp.terminateApplication(): startApp.OpenApp.terminateApplication is PASSED

2022-01-06 08:17:07 - [MESSAGE][PASSED] - Delayed 3 second(s)

2022-01-06 08:17:07 - [MESSAGE][PASSED] - Current device physical width is 720

2022-01-06 08:17:07 - [MESSAGE][PASSED] - Current device physical height is 1423

2022-01-06 08:17:08 - [MESSAGE][PASSED] - Swiped from 360,853 to 360,142

2022-01-06 08:17:09 - [MESSAGE][PASSED] - Delayed 1 second(s)

2022-01-06 08:17:11 - [MESSAGE][PASSED] - Swiped from 360,853 to 360,142

2022-01-06 08:17:14 - [MESSAGE][PASSED] - Delayed 3 second(s)

2022-01-06 08:17:14 - [MESSAGE][PASSED] - startApp.OpenApp.terminateApplication is PASSED

2022-01-06 08:17:14 - [MESSAGE][PASSED] - Call Test Case 'Test Cases/Mobile/Page/Run App/Terminate App' successfully]]></system-out>
         <system-err><![CDATA[]]></system-err>
      </testcase>
      <testcase name="Test Cases/Mobile/Scenario/Login/005 - Login menggunakan username dengan membatalkan fingerprint" time="67.513" classname="Test Cases/Mobile/Scenario/Login/005 - Login menggunakan username dengan membatalkan fingerprint" status="PASSED">
         <system-out><![CDATA[2022-01-06 08:17:14 - [TEST_CASE][PASSED] - Test Cases/Mobile/Scenario/Login/005 - Login menggunakan username dengan membatalkan fingerprint: Test Cases/Mobile/Scenario/Login/005 - Login menggunakan username dengan membatalkan fingerprint

2022-01-06 08:17:14 - [TEST_STEP][PASSED] - callTestCase(findTestCase("Mobile/Page/Run App/Run App byID"), [:], STOP_ON_FAILURE): Call Test Case 'Test Cases/Mobile/Page/Run App/Run App byID' successfully

2022-01-06 08:17:15 - [TEST_CASE][PASSED] - Test Cases/Mobile/Page/Run App/Run App byID: Test Cases/Mobile/Page/Run App/Run App byID

2022-01-06 08:17:15 - [TEST_STEP][PASSED] - startApp.OpenApp.startApplication("id.co.miraeasset.sageclub"): startApp.OpenApp.startApplication is PASSED

2022-01-06 08:17:31 - [MESSAGE][PASSED] - Starting app with application ID: 'id.co.miraeasset.sageclub'

2022-01-06 08:17:31 - [MESSAGE][PASSED] - startApp.OpenApp.startApplication is PASSED

2022-01-06 08:17:31 - [MESSAGE][PASSED] - Call Test Case 'Test Cases/Mobile/Page/Run App/Run App byID' successfully

2022-01-06 08:17:31 - [TEST_STEP][PASSED] - callTestCase(findTestCase("Mobile/Page/Login/Login"), ["action":"cancelfingerprint"], CONTINUE_ON_FAILURE): Call Test Case 'Test Cases/Mobile/Page/Login/Login' successfully

2022-01-06 08:17:31 - [TEST_CASE][PASSED] - Test Cases/Mobile/Page/Login/Login: Test Cases/Mobile/Page/Login/Login

2022-01-06 08:17:31 - [TEST_STEP][PASSED] - delay(2): Delayed 2 second(s)

2022-01-06 08:17:33 - [MESSAGE][PASSED] - Delayed 2 second(s)

2022-01-06 08:17:33 - [TEST_STEP][PASSED] - for ([i = 0, i < 1, (i++)]): Delayed 2 second(s)

2022-01-06 08:17:33 - [TEST_STEP][PASSED] - if (action == "username"): null

2022-01-06 08:17:33 - [TEST_STEP][PASSED] - else if (action == "wrongpassword"): null

2022-01-06 08:17:33 - [TEST_STEP][PASSED] - else if (action == "nointernet"): null

2022-01-06 08:17:33 - [TEST_STEP][PASSED] - else if (action == "visiblepassword"): null

2022-01-06 08:17:33 - [TEST_STEP][PASSED] - else if (action == "cancelfingerprint"): Delayed 2 second(s)

2022-01-06 08:17:33 - [TEST_STEP][PASSED] - tap(LOGN_BtnFingerprint, 0): Tapped on element 'Object Repository/Mobile/Page/Login/Button - Fingerprint'

2022-01-06 08:17:33 - [MESSAGE][WARNING] - Timeout '0' is invalid. Using default page load timeout: '60'

2022-01-06 08:17:34 - [MESSAGE][PASSED] - Tapped on element 'Object Repository/Mobile/Page/Login/Button - Fingerprint'

2022-01-06 08:17:34 - [TEST_STEP][PASSED] - delay(1): Delayed 1 second(s)

2022-01-06 08:17:35 - [MESSAGE][PASSED] - Delayed 1 second(s)

2022-01-06 08:17:35 - [TEST_STEP][PASSED] - pressBack(): Press back button successfully

2022-01-06 08:17:35 - [MESSAGE][PASSED] - Press back button successfully

2022-01-06 08:17:35 - [TEST_STEP][PASSED] - delay(1): Delayed 1 second(s)

2022-01-06 08:17:36 - [MESSAGE][PASSED] - Delayed 1 second(s)

2022-01-06 08:17:36 - [TEST_STEP][PASSED] - tap(LOGN_EdtUserID, 0): Tapped on element 'Object Repository/Mobile/Page/Login/Input - UserID'

2022-01-06 08:17:36 - [MESSAGE][WARNING] - Timeout '0' is invalid. Using default page load timeout: '60'

2022-01-06 08:17:37 - [MESSAGE][PASSED] - Tapped on element 'Object Repository/Mobile/Page/Login/Input - UserID'

2022-01-06 08:17:37 - [TEST_STEP][PASSED] - delay(1): Delayed 1 second(s)

2022-01-06 08:17:38 - [MESSAGE][PASSED] - Delayed 1 second(s)

2022-01-06 08:17:38 - [TEST_STEP][PASSED] - setText(LOGN_EdtRdyUserID, "anggaaditya", 0): Text 'anggaaditya' has been set to element 'Object Repository/Mobile/Page/Login/Input Rdy - UserID'

2022-01-06 08:17:38 - [MESSAGE][WARNING] - Timeout '0' is invalid. Using default page load timeout: '60'

2022-01-06 08:17:38 - [MESSAGE][PASSED] - Text 'anggaaditya' has been set to element 'Object Repository/Mobile/Page/Login/Input Rdy - UserID'

2022-01-06 08:17:38 - [TEST_STEP][PASSED] - delay(1): Delayed 1 second(s)

2022-01-06 08:17:39 - [MESSAGE][PASSED] - Delayed 1 second(s)

2022-01-06 08:17:39 - [TEST_STEP][PASSED] - hideKeyboard(): Keyboard is hidden

2022-01-06 08:17:50 - [MESSAGE][PASSED] - Keyboard is hidden

2022-01-06 08:17:50 - [TEST_STEP][PASSED] - tap(LOGN_EdtPassword, 0): Tapped on element 'Object Repository/Mobile/Page/Login/Input - Password'

2022-01-06 08:17:50 - [MESSAGE][WARNING] - Timeout '0' is invalid. Using default page load timeout: '60'

2022-01-06 08:17:51 - [MESSAGE][PASSED] - Tapped on element 'Object Repository/Mobile/Page/Login/Input - Password'

2022-01-06 08:17:51 - [TEST_STEP][PASSED] - delay(1): Delayed 1 second(s)

2022-01-06 08:17:52 - [MESSAGE][PASSED] - Delayed 1 second(s)

2022-01-06 08:17:52 - [TEST_STEP][PASSED] - setText(LOGN_EdtRdyPassword, "Shalawa18", 0): Text 'Shalawa18' has been set to element 'Object Repository/Mobile/Page/Login/Input Rdy - Password'

2022-01-06 08:17:52 - [MESSAGE][WARNING] - Timeout '0' is invalid. Using default page load timeout: '60'

2022-01-06 08:17:53 - [MESSAGE][PASSED] - Text 'Shalawa18' has been set to element 'Object Repository/Mobile/Page/Login/Input Rdy - Password'

2022-01-06 08:17:53 - [TEST_STEP][PASSED] - delay(1): Delayed 1 second(s)

2022-01-06 08:17:54 - [MESSAGE][PASSED] - Delayed 1 second(s)

2022-01-06 08:17:54 - [TEST_STEP][PASSED] - hideKeyboard(): Keyboard is hidden

2022-01-06 08:18:07 - [MESSAGE][PASSED] - Keyboard is hidden

2022-01-06 08:18:07 - [TEST_STEP][PASSED] - tap(LOGN_BtnLogin, 0): Tapped on element 'Object Repository/Mobile/Page/Login/Button - Login'

2022-01-06 08:18:07 - [MESSAGE][WARNING] - Timeout '0' is invalid. Using default page load timeout: '60'

2022-01-06 08:18:08 - [MESSAGE][PASSED] - Tapped on element 'Object Repository/Mobile/Page/Login/Button - Login'

2022-01-06 08:18:08 - [TEST_STEP][PASSED] - delay(2): Delayed 2 second(s)

2022-01-06 08:18:10 - [MESSAGE][PASSED] - Delayed 2 second(s)

2022-01-06 08:18:10 - [MESSAGE][PASSED] - Call Test Case 'Test Cases/Mobile/Page/Login/Login' successfully

2022-01-06 08:18:10 - [TEST_STEP][PASSED] - callTestCase(findTestCase("Mobile/Page/Run App/Terminate App"), [:], STOP_ON_FAILURE): Call Test Case 'Test Cases/Mobile/Page/Run App/Terminate App' successfully

2022-01-06 08:18:10 - [TEST_CASE][PASSED] - Test Cases/Mobile/Page/Run App/Terminate App: Test Cases/Mobile/Page/Run App/Terminate App

2022-01-06 08:18:10 - [TEST_STEP][PASSED] - startApp.OpenApp.terminateApplication(): startApp.OpenApp.terminateApplication is PASSED

2022-01-06 08:18:14 - [MESSAGE][PASSED] - Delayed 3 second(s)

2022-01-06 08:18:14 - [MESSAGE][PASSED] - Current device physical width is 720

2022-01-06 08:18:15 - [MESSAGE][PASSED] - Current device physical height is 1423

2022-01-06 08:18:16 - [MESSAGE][PASSED] - Swiped from 360,853 to 360,142

2022-01-06 08:18:17 - [MESSAGE][PASSED] - Delayed 1 second(s)

2022-01-06 08:18:18 - [MESSAGE][PASSED] - Swiped from 360,853 to 360,142

2022-01-06 08:18:21 - [MESSAGE][PASSED] - Delayed 3 second(s)

2022-01-06 08:18:21 - [MESSAGE][PASSED] - startApp.OpenApp.terminateApplication is PASSED

2022-01-06 08:18:21 - [MESSAGE][PASSED] - Call Test Case 'Test Cases/Mobile/Page/Run App/Terminate App' successfully]]></system-out>
         <system-err><![CDATA[]]></system-err>
      </testcase>
      <system-out><![CDATA[2022-01-06 08:11:54 - [TEST_SUITE][PASSED] - login: Test Cases/Mobile/Scenario/Login/005 - Login menggunakan username dengan membatalkan fingerprint]]></system-out>
      <system-err><![CDATA[]]></system-err>
   </testsuite>
</testsuites>
