<?xml version="1.0" encoding="UTF-8"?>
<testsuites name="login" time="280.255" tests="5" failures="0" skips="0" errors="0">
   <testsuite name="login" tests="5" failures="0" errors="0" time="280.255" skips="0" timestamp="2022-01-25 09:07:27" hostname="Owner - aldy-tft" id="Test Suites/login">
      <properties>
         <property name="deviceName" value="samsung SM-A205F (Android 11)"/>
         <property name="devicePlatform" value=""/>
         <property name="logFolder" value="C:\\Users\\Owner\\Documents\\kerjaan\\KatalonProject\\qa_katalon_pwm\\qa_katalon_pwm\\Reports\\20220125_085851\\login\\20220125_085900"/>
         <property name="logFiles" value="C:\\Users\\Owner\\Documents\\kerjaan\\KatalonProject\\qa_katalon_pwm\\qa_katalon_pwm\\Reports\\20220125_085851\\login\\20220125_085900\\appium.log, C:\\Users\\Owner\\Documents\\kerjaan\\KatalonProject\\qa_katalon_pwm\\qa_katalon_pwm\\Reports\\20220125_085851\\login\\20220125_085900\\execution0.log"/>
         <property name="attachments" value=""/>
         <property name="hostName" value="Owner - aldy-tft"/>
         <property name="os" value="Windows 10 64bit"/>
         <property name="appiumServerStatus" value="{&quot;value&quot;:{&quot;build&quot;:{&quot;version&quot;:&quot;1.22.0&quot;}},&quot;sessionId&quot;:null,&quot;status&quot;:0}"/>
         <property name="katalonVersion" value="7.9.1.208"/>
         <property name="deviceOS" value="Android"/>
         <property name="appiumVersion" value="1.22.0"/>
         <property name="deviceModel" value="SM-A205F"/>
         <property name="hostAddress" value="192.168.18.37"/>
         <property name="deviceManufacturer" value="samsung"/>
         <property name="deviceId" value="RR8M40C9AXE"/>
         <property name="deviceName" value="samsung SM-A205F (Android 11)"/>
         <property name="deviceOSVersion" value="11"/>
      </properties>
      <testcase name="Test Cases/Mobile/Scenario/Login/001 - Login dengan username" time="67.386" classname="Test Cases/Mobile/Scenario/Login/001 - Login dengan username" status="PASSED">
         <system-out><![CDATA[2022-01-25 09:07:28 - [TEST_CASE][PASSED] - Test Cases/Mobile/Scenario/Login/001 - Login dengan username: Test Cases/Mobile/Scenario/Login/001 - Login dengan username

2022-01-25 09:07:29 - [TEST_STEP][PASSED] - callTestCase(findTestCase("Mobile/Page/Run App/Run App byID"), [:], STOP_ON_FAILURE): Call Test Case 'Test Cases/Mobile/Page/Run App/Run App byID' successfully

2022-01-25 09:07:29 - [TEST_CASE][PASSED] - Test Cases/Mobile/Page/Run App/Run App byID: Test Cases/Mobile/Page/Run App/Run App byID

2022-01-25 09:07:29 - [TEST_STEP][PASSED] - startApp.OpenApp.startApplication("id.co.miraeasset.sageclub"): startApp.OpenApp.startApplication is PASSED

2022-01-25 09:07:31 - [MESSAGE][INFO] - Appium server started on port 64,694

2022-01-25 09:07:46 - [MESSAGE][PASSED] - Starting app with application ID: 'id.co.miraeasset.sageclub'

2022-01-25 09:07:46 - [MESSAGE][PASSED] - startApp.OpenApp.startApplication is PASSED

2022-01-25 09:07:46 - [MESSAGE][PASSED] - Call Test Case 'Test Cases/Mobile/Page/Run App/Run App byID' successfully

2022-01-25 09:07:46 - [TEST_STEP][PASSED] - callTestCase(findTestCase("Mobile/Page/Login/Login"), ["action":"username"], CONTINUE_ON_FAILURE): Call Test Case 'Test Cases/Mobile/Page/Login/Login' successfully

2022-01-25 09:07:46 - [TEST_CASE][PASSED] - Test Cases/Mobile/Page/Login/Login: Test Cases/Mobile/Page/Login/Login

2022-01-25 09:07:47 - [TEST_STEP][PASSED] - delay(2): Delayed 2 second(s)

2022-01-25 09:07:49 - [MESSAGE][PASSED] - Delayed 2 second(s)

2022-01-25 09:07:49 - [TEST_STEP][PASSED] - for ([i = 0, i < 1, (i++)]): null

2022-01-25 09:07:49 - [TEST_STEP][PASSED] - if (action == "username"): null

2022-01-25 09:07:49 - [TEST_STEP][PASSED] - tap(LOGN_EdtUserID, 0): Tapped on element 'Object Repository/Mobile/Page/Login/Input - UserID'

2022-01-25 09:08:05 - [MESSAGE][WARNING] - Timeout '0' is invalid. Using default page load timeout: '60'

2022-01-25 09:08:05 - [MESSAGE][PASSED] - Tapped on element 'Object Repository/Mobile/Page/Login/Input - UserID'

2022-01-25 09:08:05 - [TEST_STEP][PASSED] - delay(1): Delayed 1 second(s)

2022-01-25 09:08:06 - [MESSAGE][PASSED] - Delayed 1 second(s)

2022-01-25 09:08:06 - [TEST_STEP][PASSED] - setText(LOGN_EdtRdyUserID, "anggaaditya", 0): Text 'anggaaditya' has been set to element 'Object Repository/Mobile/Page/Login/Input Rdy - UserID'

2022-01-25 09:08:06 - [MESSAGE][WARNING] - Timeout '0' is invalid. Using default page load timeout: '60'

2022-01-25 09:08:07 - [MESSAGE][PASSED] - Text 'anggaaditya' has been set to element 'Object Repository/Mobile/Page/Login/Input Rdy - UserID'

2022-01-25 09:08:07 - [TEST_STEP][PASSED] - delay(1): Delayed 1 second(s)

2022-01-25 09:08:08 - [MESSAGE][PASSED] - Delayed 1 second(s)

2022-01-25 09:08:08 - [TEST_STEP][PASSED] - hideKeyboard(): Keyboard is hidden

2022-01-25 09:08:11 - [MESSAGE][PASSED] - Keyboard is hidden

2022-01-25 09:08:11 - [TEST_STEP][PASSED] - tap(LOGN_EdtPassword, 0): Tapped on element 'Object Repository/Mobile/Page/Login/Input - Password'

2022-01-25 09:08:11 - [MESSAGE][WARNING] - Timeout '0' is invalid. Using default page load timeout: '60'

2022-01-25 09:08:12 - [MESSAGE][PASSED] - Tapped on element 'Object Repository/Mobile/Page/Login/Input - Password'

2022-01-25 09:08:12 - [TEST_STEP][PASSED] - delay(1): Delayed 1 second(s)

2022-01-25 09:08:13 - [MESSAGE][PASSED] - Delayed 1 second(s)

2022-01-25 09:08:13 - [TEST_STEP][PASSED] - setText(LOGN_EdtRdyPassword, "Shalawa18", 0): Text 'Shalawa18' has been set to element 'Object Repository/Mobile/Page/Login/Input Rdy - Password'

2022-01-25 09:08:13 - [MESSAGE][WARNING] - Timeout '0' is invalid. Using default page load timeout: '60'

2022-01-25 09:08:13 - [MESSAGE][PASSED] - Text 'Shalawa18' has been set to element 'Object Repository/Mobile/Page/Login/Input Rdy - Password'

2022-01-25 09:08:13 - [TEST_STEP][PASSED] - delay(1): Delayed 1 second(s)

2022-01-25 09:08:14 - [MESSAGE][PASSED] - Delayed 1 second(s)

2022-01-25 09:08:14 - [TEST_STEP][PASSED] - hideKeyboard(): Keyboard is hidden

2022-01-25 09:08:21 - [MESSAGE][PASSED] - Keyboard is hidden

2022-01-25 09:08:21 - [TEST_STEP][PASSED] - tap(LOGN_BtnLogin, 0): Tapped on element 'Object Repository/Mobile/Page/Login/Button - Login'

2022-01-25 09:08:21 - [MESSAGE][WARNING] - Timeout '0' is invalid. Using default page load timeout: '60'

2022-01-25 09:08:22 - [MESSAGE][PASSED] - Tapped on element 'Object Repository/Mobile/Page/Login/Button - Login'

2022-01-25 09:08:22 - [TEST_STEP][PASSED] - delay(2): Delayed 2 second(s)

2022-01-25 09:08:24 - [MESSAGE][PASSED] - Delayed 2 second(s)

2022-01-25 09:08:24 - [TEST_STEP][PASSED] - break: null

2022-01-25 09:08:24 - [MESSAGE][PASSED] - Call Test Case 'Test Cases/Mobile/Page/Login/Login' successfully

2022-01-25 09:08:24 - [TEST_STEP][PASSED] - callTestCase(findTestCase("Mobile/Page/Run App/Terminate App"), [:], STOP_ON_FAILURE): Call Test Case 'Test Cases/Mobile/Page/Run App/Terminate App' successfully

2022-01-25 09:08:24 - [TEST_CASE][PASSED] - Test Cases/Mobile/Page/Run App/Terminate App: Test Cases/Mobile/Page/Run App/Terminate App

2022-01-25 09:08:24 - [TEST_STEP][PASSED] - startApp.OpenApp.terminateApplication(): startApp.OpenApp.terminateApplication is PASSED

2022-01-25 09:08:29 - [MESSAGE][PASSED] - Delayed 3 second(s)

2022-01-25 09:08:29 - [MESSAGE][PASSED] - Current device physical width is 720

2022-01-25 09:08:29 - [MESSAGE][PASSED] - Current device physical height is 1423

2022-01-25 09:08:30 - [MESSAGE][PASSED] - Swiped from 360,853 to 360,142

2022-01-25 09:08:31 - [MESSAGE][PASSED] - Delayed 1 second(s)

2022-01-25 09:08:33 - [MESSAGE][PASSED] - Swiped from 360,853 to 360,142

2022-01-25 09:08:36 - [MESSAGE][PASSED] - Delayed 3 second(s)

2022-01-25 09:08:36 - [MESSAGE][PASSED] - startApp.OpenApp.terminateApplication is PASSED

2022-01-25 09:08:36 - [MESSAGE][PASSED] - Call Test Case 'Test Cases/Mobile/Page/Run App/Terminate App' successfully]]></system-out>
         <system-err><![CDATA[]]></system-err>
      </testcase>
      <testcase name="Test Cases/Mobile/Scenario/Login/002 - Login dengan password salah" time="44.365" classname="Test Cases/Mobile/Scenario/Login/002 - Login dengan password salah" status="PASSED">
         <system-out><![CDATA[2022-01-25 09:08:36 - [TEST_CASE][PASSED] - Test Cases/Mobile/Scenario/Login/002 - Login dengan password salah: Test Cases/Mobile/Scenario/Login/002 - Login dengan password salah

2022-01-25 09:08:36 - [TEST_STEP][PASSED] - callTestCase(findTestCase("Mobile/Page/Run App/Run App byID"), [:], STOP_ON_FAILURE): Call Test Case 'Test Cases/Mobile/Page/Run App/Run App byID' successfully

2022-01-25 09:08:36 - [TEST_CASE][PASSED] - Test Cases/Mobile/Page/Run App/Run App byID: Test Cases/Mobile/Page/Run App/Run App byID

2022-01-25 09:08:36 - [TEST_STEP][PASSED] - startApp.OpenApp.startApplication("id.co.miraeasset.sageclub"): startApp.OpenApp.startApplication is PASSED

2022-01-25 09:08:48 - [MESSAGE][PASSED] - Starting app with application ID: 'id.co.miraeasset.sageclub'

2022-01-25 09:08:48 - [MESSAGE][PASSED] - startApp.OpenApp.startApplication is PASSED

2022-01-25 09:08:48 - [MESSAGE][PASSED] - Call Test Case 'Test Cases/Mobile/Page/Run App/Run App byID' successfully

2022-01-25 09:08:48 - [TEST_STEP][PASSED] - callTestCase(findTestCase("Mobile/Page/Login/Login"), ["action":"wrongpassword"], CONTINUE_ON_FAILURE): Call Test Case 'Test Cases/Mobile/Page/Login/Login' successfully

2022-01-25 09:08:48 - [TEST_CASE][PASSED] - Test Cases/Mobile/Page/Login/Login: Test Cases/Mobile/Page/Login/Login

2022-01-25 09:08:48 - [TEST_STEP][PASSED] - delay(2): Delayed 2 second(s)

2022-01-25 09:08:50 - [MESSAGE][PASSED] - Delayed 2 second(s)

2022-01-25 09:08:50 - [TEST_STEP][PASSED] - for ([i = 0, i < 1, (i++)]): null

2022-01-25 09:08:50 - [TEST_STEP][PASSED] - if (action == "username"): null

2022-01-25 09:08:50 - [TEST_STEP][PASSED] - else if (action == "wrongpassword"): null

2022-01-25 09:08:50 - [TEST_STEP][PASSED] - tap(LOGN_EdtUserID, 0): Tapped on element 'Object Repository/Mobile/Page/Login/Input - UserID'

2022-01-25 09:08:50 - [MESSAGE][WARNING] - Timeout '0' is invalid. Using default page load timeout: '60'

2022-01-25 09:08:51 - [MESSAGE][PASSED] - Tapped on element 'Object Repository/Mobile/Page/Login/Input - UserID'

2022-01-25 09:08:51 - [TEST_STEP][PASSED] - delay(1): Delayed 1 second(s)

2022-01-25 09:08:52 - [MESSAGE][PASSED] - Delayed 1 second(s)

2022-01-25 09:08:52 - [TEST_STEP][PASSED] - setText(LOGN_EdtRdyUserID, "anggaaditya", 0): Text 'anggaaditya' has been set to element 'Object Repository/Mobile/Page/Login/Input Rdy - UserID'

2022-01-25 09:08:52 - [MESSAGE][WARNING] - Timeout '0' is invalid. Using default page load timeout: '60'

2022-01-25 09:08:53 - [MESSAGE][PASSED] - Text 'anggaaditya' has been set to element 'Object Repository/Mobile/Page/Login/Input Rdy - UserID'

2022-01-25 09:08:53 - [TEST_STEP][PASSED] - delay(1): Delayed 1 second(s)

2022-01-25 09:08:54 - [MESSAGE][PASSED] - Delayed 1 second(s)

2022-01-25 09:08:54 - [TEST_STEP][PASSED] - hideKeyboard(): Keyboard is hidden

2022-01-25 09:08:58 - [MESSAGE][PASSED] - Keyboard is hidden

2022-01-25 09:08:58 - [TEST_STEP][PASSED] - tap(LOGN_EdtPassword, 0): Tapped on element 'Object Repository/Mobile/Page/Login/Input - Password'

2022-01-25 09:08:58 - [MESSAGE][WARNING] - Timeout '0' is invalid. Using default page load timeout: '60'

2022-01-25 09:08:59 - [MESSAGE][PASSED] - Tapped on element 'Object Repository/Mobile/Page/Login/Input - Password'

2022-01-25 09:08:59 - [TEST_STEP][PASSED] - delay(1): Delayed 1 second(s)

2022-01-25 09:09:00 - [MESSAGE][PASSED] - Delayed 1 second(s)

2022-01-25 09:09:00 - [TEST_STEP][PASSED] - setText(LOGN_EdtRdyPassword, "Shalawa181", 0): Text 'Shalawa181' has been set to element 'Object Repository/Mobile/Page/Login/Input Rdy - Password'

2022-01-25 09:09:00 - [MESSAGE][WARNING] - Timeout '0' is invalid. Using default page load timeout: '60'

2022-01-25 09:09:00 - [MESSAGE][PASSED] - Text 'Shalawa181' has been set to element 'Object Repository/Mobile/Page/Login/Input Rdy - Password'

2022-01-25 09:09:00 - [TEST_STEP][PASSED] - delay(1): Delayed 1 second(s)

2022-01-25 09:09:01 - [MESSAGE][PASSED] - Delayed 1 second(s)

2022-01-25 09:09:01 - [TEST_STEP][PASSED] - hideKeyboard(): Keyboard is hidden

2022-01-25 09:09:07 - [MESSAGE][PASSED] - Keyboard is hidden

2022-01-25 09:09:07 - [TEST_STEP][PASSED] - tap(LOGN_BtnLogin, 0): Tapped on element 'Object Repository/Mobile/Page/Login/Button - Login'

2022-01-25 09:09:07 - [MESSAGE][WARNING] - Timeout '0' is invalid. Using default page load timeout: '60'

2022-01-25 09:09:08 - [MESSAGE][PASSED] - Tapped on element 'Object Repository/Mobile/Page/Login/Button - Login'

2022-01-25 09:09:08 - [TEST_STEP][PASSED] - delay(2): Delayed 2 second(s)

2022-01-25 09:09:10 - [MESSAGE][PASSED] - Delayed 2 second(s)

2022-01-25 09:09:10 - [TEST_STEP][PASSED] - verify = verifyElementExist(LOGN_AlertInvalidCredentials, 5, STOP_ON_FAILURE): Element 'Object Repository/Mobile/Page/Login/Alert - Invalid credentials' is exist

2022-01-25 09:09:10 - [MESSAGE][PASSED] - Element 'Object Repository/Mobile/Page/Login/Alert - Invalid credentials' is exist

2022-01-25 09:09:10 - [TEST_STEP][PASSED] - break: null

2022-01-25 09:09:10 - [MESSAGE][PASSED] - Call Test Case 'Test Cases/Mobile/Page/Login/Login' successfully

2022-01-25 09:09:10 - [TEST_STEP][PASSED] - callTestCase(findTestCase("Mobile/Page/Run App/Terminate App"), [:], STOP_ON_FAILURE): Call Test Case 'Test Cases/Mobile/Page/Run App/Terminate App' successfully

2022-01-25 09:09:10 - [TEST_CASE][PASSED] - Test Cases/Mobile/Page/Run App/Terminate App: Test Cases/Mobile/Page/Run App/Terminate App

2022-01-25 09:09:10 - [TEST_STEP][PASSED] - startApp.OpenApp.terminateApplication(): startApp.OpenApp.terminateApplication is PASSED

2022-01-25 09:09:13 - [MESSAGE][PASSED] - Delayed 3 second(s)

2022-01-25 09:09:13 - [MESSAGE][PASSED] - Current device physical width is 720

2022-01-25 09:09:13 - [MESSAGE][PASSED] - Current device physical height is 1423

2022-01-25 09:09:15 - [MESSAGE][PASSED] - Swiped from 360,853 to 360,142

2022-01-25 09:09:16 - [MESSAGE][PASSED] - Delayed 1 second(s)

2022-01-25 09:09:17 - [MESSAGE][PASSED] - Swiped from 360,853 to 360,142

2022-01-25 09:09:20 - [MESSAGE][PASSED] - Delayed 3 second(s)

2022-01-25 09:09:20 - [MESSAGE][PASSED] - startApp.OpenApp.terminateApplication is PASSED

2022-01-25 09:09:20 - [MESSAGE][PASSED] - Call Test Case 'Test Cases/Mobile/Page/Run App/Terminate App' successfully]]></system-out>
         <system-err><![CDATA[]]></system-err>
      </testcase>
      <testcase name="Test Cases/Mobile/Scenario/Login/003 - Login tanpa internet" time="66.0" classname="Test Cases/Mobile/Scenario/Login/003 - Login tanpa internet" status="PASSED">
         <system-out><![CDATA[2022-01-25 09:09:20 - [TEST_CASE][PASSED] - Test Cases/Mobile/Scenario/Login/003 - Login tanpa internet: Test Cases/Mobile/Scenario/Login/003 - Login tanpa internet

2022-01-25 09:09:20 - [TEST_STEP][PASSED] - callTestCase(findTestCase("Mobile/Page/Run App/Run App byID"), [:], STOP_ON_FAILURE): Call Test Case 'Test Cases/Mobile/Page/Run App/Run App byID' successfully

2022-01-25 09:09:20 - [TEST_CASE][PASSED] - Test Cases/Mobile/Page/Run App/Run App byID: Test Cases/Mobile/Page/Run App/Run App byID

2022-01-25 09:09:20 - [TEST_STEP][PASSED] - startApp.OpenApp.startApplication("id.co.miraeasset.sageclub"): startApp.OpenApp.startApplication is PASSED

2022-01-25 09:09:32 - [MESSAGE][PASSED] - Starting app with application ID: 'id.co.miraeasset.sageclub'

2022-01-25 09:09:32 - [MESSAGE][PASSED] - startApp.OpenApp.startApplication is PASSED

2022-01-25 09:09:32 - [MESSAGE][PASSED] - Call Test Case 'Test Cases/Mobile/Page/Run App/Run App byID' successfully

2022-01-25 09:09:32 - [TEST_STEP][PASSED] - callTestCase(findTestCase("Mobile/Page/Login/Login"), ["action":"nointernet"], CONTINUE_ON_FAILURE): Call Test Case 'Test Cases/Mobile/Page/Login/Login' successfully

2022-01-25 09:09:32 - [TEST_CASE][PASSED] - Test Cases/Mobile/Page/Login/Login: Test Cases/Mobile/Page/Login/Login

2022-01-25 09:09:32 - [TEST_STEP][PASSED] - delay(2): Delayed 2 second(s)

2022-01-25 09:09:34 - [MESSAGE][PASSED] - Delayed 2 second(s)

2022-01-25 09:09:34 - [TEST_STEP][PASSED] - for ([i = 0, i < 1, (i++)]): null

2022-01-25 09:09:34 - [TEST_STEP][PASSED] - if (action == "username"): null

2022-01-25 09:09:34 - [TEST_STEP][PASSED] - else if (action == "wrongpassword"): null

2022-01-25 09:09:34 - [TEST_STEP][PASSED] - else if (action == "nointernet"): null

2022-01-25 09:09:34 - [TEST_STEP][PASSED] - scroll.scroll.scrollNotificationBar(): scroll.scroll.scrollNotificationBar is PASSED

2022-01-25 09:09:34 - [MESSAGE][PASSED] - Current device physical height is 1423

2022-01-25 09:09:36 - [MESSAGE][PASSED] - Swiped from 50,50 to 50,1,138

2022-01-25 09:09:36 - [MESSAGE][PASSED] - scroll.scroll.scrollNotificationBar is PASSED

2022-01-25 09:09:36 - [TEST_STEP][PASSED] - delay(1): Delayed 1 second(s)

2022-01-25 09:09:37 - [MESSAGE][PASSED] - Delayed 1 second(s)

2022-01-25 09:09:37 - [TEST_STEP][PASSED] - tap(OTHR_BtnWifi, 0): Tapped on element 'Object Repository/Mobile/Page/Others/Button - Wifi'

2022-01-25 09:09:37 - [MESSAGE][WARNING] - Timeout '0' is invalid. Using default page load timeout: '60'

2022-01-25 09:09:38 - [MESSAGE][PASSED] - Tapped on element 'Object Repository/Mobile/Page/Others/Button - Wifi'

2022-01-25 09:09:38 - [TEST_STEP][PASSED] - delay(1): Delayed 1 second(s)

2022-01-25 09:09:39 - [MESSAGE][PASSED] - Delayed 1 second(s)

2022-01-25 09:09:39 - [TEST_STEP][PASSED] - pressBack(): Press back button successfully

2022-01-25 09:09:40 - [MESSAGE][PASSED] - Press back button successfully

2022-01-25 09:09:40 - [TEST_STEP][PASSED] - tap(LOGN_EdtUserID, 0): Tapped on element 'Object Repository/Mobile/Page/Login/Input - UserID'

2022-01-25 09:09:40 - [MESSAGE][WARNING] - Timeout '0' is invalid. Using default page load timeout: '60'

2022-01-25 09:09:41 - [MESSAGE][PASSED] - Tapped on element 'Object Repository/Mobile/Page/Login/Input - UserID'

2022-01-25 09:09:41 - [TEST_STEP][PASSED] - delay(1): Delayed 1 second(s)

2022-01-25 09:09:42 - [MESSAGE][PASSED] - Delayed 1 second(s)

2022-01-25 09:09:42 - [TEST_STEP][PASSED] - setText(LOGN_EdtRdyUserID, "anggaaditya", 0): Text 'anggaaditya' has been set to element 'Object Repository/Mobile/Page/Login/Input Rdy - UserID'

2022-01-25 09:09:42 - [MESSAGE][WARNING] - Timeout '0' is invalid. Using default page load timeout: '60'

2022-01-25 09:09:43 - [MESSAGE][PASSED] - Text 'anggaaditya' has been set to element 'Object Repository/Mobile/Page/Login/Input Rdy - UserID'

2022-01-25 09:09:43 - [TEST_STEP][PASSED] - delay(1): Delayed 1 second(s)

2022-01-25 09:09:44 - [MESSAGE][PASSED] - Delayed 1 second(s)

2022-01-25 09:09:44 - [TEST_STEP][PASSED] - hideKeyboard(): Keyboard is hidden

2022-01-25 09:09:49 - [MESSAGE][PASSED] - Keyboard is hidden

2022-01-25 09:09:49 - [TEST_STEP][PASSED] - tap(LOGN_EdtPassword, 0): Tapped on element 'Object Repository/Mobile/Page/Login/Input - Password'

2022-01-25 09:09:49 - [MESSAGE][WARNING] - Timeout '0' is invalid. Using default page load timeout: '60'

2022-01-25 09:09:50 - [MESSAGE][PASSED] - Tapped on element 'Object Repository/Mobile/Page/Login/Input - Password'

2022-01-25 09:09:50 - [TEST_STEP][PASSED] - delay(1): Delayed 1 second(s)

2022-01-25 09:09:51 - [MESSAGE][PASSED] - Delayed 1 second(s)

2022-01-25 09:09:51 - [TEST_STEP][PASSED] - setText(LOGN_EdtRdyPassword, "Shalawa18", 0): Text 'Shalawa18' has been set to element 'Object Repository/Mobile/Page/Login/Input Rdy - Password'

2022-01-25 09:09:51 - [MESSAGE][WARNING] - Timeout '0' is invalid. Using default page load timeout: '60'

2022-01-25 09:09:51 - [MESSAGE][PASSED] - Text 'Shalawa18' has been set to element 'Object Repository/Mobile/Page/Login/Input Rdy - Password'

2022-01-25 09:09:51 - [TEST_STEP][PASSED] - delay(1): Delayed 1 second(s)

2022-01-25 09:09:52 - [MESSAGE][PASSED] - Delayed 1 second(s)

2022-01-25 09:09:52 - [TEST_STEP][PASSED] - hideKeyboard(): Keyboard is hidden

2022-01-25 09:10:03 - [MESSAGE][PASSED] - Keyboard is hidden

2022-01-25 09:10:03 - [TEST_STEP][PASSED] - tap(LOGN_BtnLogin, 0): Tapped on element 'Object Repository/Mobile/Page/Login/Button - Login'

2022-01-25 09:10:03 - [MESSAGE][WARNING] - Timeout '0' is invalid. Using default page load timeout: '60'

2022-01-25 09:10:04 - [MESSAGE][PASSED] - Tapped on element 'Object Repository/Mobile/Page/Login/Button - Login'

2022-01-25 09:10:04 - [TEST_STEP][PASSED] - delay(2): Delayed 2 second(s)

2022-01-25 09:10:06 - [MESSAGE][PASSED] - Delayed 2 second(s)

2022-01-25 09:10:06 - [TEST_STEP][PASSED] - verify = verifyElementExist(LOGN_AlertCheckYourNetwork, 5, STOP_ON_FAILURE): Element 'Object Repository/Mobile/Page/Login/Alert - Check your network' is exist

2022-01-25 09:10:08 - [MESSAGE][PASSED] - Element 'Object Repository/Mobile/Page/Login/Alert - Check your network' is exist

2022-01-25 09:10:08 - [TEST_STEP][PASSED] - scroll.scroll.scrollNotificationBar(): scroll.scroll.scrollNotificationBar is PASSED

2022-01-25 09:10:08 - [MESSAGE][PASSED] - Current device physical height is 1423

2022-01-25 09:10:10 - [MESSAGE][PASSED] - Swiped from 50,50 to 50,1,138

2022-01-25 09:10:10 - [MESSAGE][PASSED] - scroll.scroll.scrollNotificationBar is PASSED

2022-01-25 09:10:10 - [TEST_STEP][PASSED] - delay(1): Delayed 1 second(s)

2022-01-25 09:10:11 - [MESSAGE][PASSED] - Delayed 1 second(s)

2022-01-25 09:10:11 - [TEST_STEP][PASSED] - tap(OTHR_BtnWifi, 0): Tapped on element 'Object Repository/Mobile/Page/Others/Button - Wifi'

2022-01-25 09:10:11 - [MESSAGE][WARNING] - Timeout '0' is invalid. Using default page load timeout: '60'

2022-01-25 09:10:12 - [MESSAGE][PASSED] - Tapped on element 'Object Repository/Mobile/Page/Others/Button - Wifi'

2022-01-25 09:10:12 - [TEST_STEP][PASSED] - delay(1): Delayed 1 second(s)

2022-01-25 09:10:13 - [MESSAGE][PASSED] - Delayed 1 second(s)

2022-01-25 09:10:13 - [TEST_STEP][PASSED] - pressBack(): Press back button successfully

2022-01-25 09:10:14 - [MESSAGE][PASSED] - Press back button successfully

2022-01-25 09:10:14 - [TEST_STEP][PASSED] - break: null

2022-01-25 09:10:14 - [MESSAGE][PASSED] - Call Test Case 'Test Cases/Mobile/Page/Login/Login' successfully

2022-01-25 09:10:14 - [TEST_STEP][PASSED] - callTestCase(findTestCase("Mobile/Page/Run App/Terminate App"), [:], STOP_ON_FAILURE): Call Test Case 'Test Cases/Mobile/Page/Run App/Terminate App' successfully

2022-01-25 09:10:14 - [TEST_CASE][PASSED] - Test Cases/Mobile/Page/Run App/Terminate App: Test Cases/Mobile/Page/Run App/Terminate App

2022-01-25 09:10:14 - [TEST_STEP][PASSED] - startApp.OpenApp.terminateApplication(): startApp.OpenApp.terminateApplication is PASSED

2022-01-25 09:10:19 - [MESSAGE][PASSED] - Delayed 3 second(s)

2022-01-25 09:10:19 - [MESSAGE][PASSED] - Current device physical width is 720

2022-01-25 09:10:19 - [MESSAGE][PASSED] - Current device physical height is 1423

2022-01-25 09:10:21 - [MESSAGE][PASSED] - Swiped from 360,853 to 360,142

2022-01-25 09:10:22 - [MESSAGE][PASSED] - Delayed 1 second(s)

2022-01-25 09:10:23 - [MESSAGE][PASSED] - Swiped from 360,853 to 360,142

2022-01-25 09:10:26 - [MESSAGE][PASSED] - Delayed 3 second(s)

2022-01-25 09:10:26 - [MESSAGE][PASSED] - startApp.OpenApp.terminateApplication is PASSED

2022-01-25 09:10:26 - [MESSAGE][PASSED] - Call Test Case 'Test Cases/Mobile/Page/Run App/Terminate App' successfully]]></system-out>
         <system-err><![CDATA[]]></system-err>
      </testcase>
      <testcase name="Test Cases/Mobile/Scenario/Login/004 - Login dengan mengaktifkan visible password" time="50.115" classname="Test Cases/Mobile/Scenario/Login/004 - Login dengan mengaktifkan visible password" status="PASSED">
         <system-out><![CDATA[2022-01-25 09:10:26 - [TEST_CASE][PASSED] - Test Cases/Mobile/Scenario/Login/004 - Login dengan mengaktifkan visible password: Test Cases/Mobile/Scenario/Login/004 - Login dengan mengaktifkan visible password

2022-01-25 09:10:26 - [TEST_STEP][PASSED] - callTestCase(findTestCase("Mobile/Page/Run App/Run App byID"), [:], STOP_ON_FAILURE): Call Test Case 'Test Cases/Mobile/Page/Run App/Run App byID' successfully

2022-01-25 09:10:26 - [TEST_CASE][PASSED] - Test Cases/Mobile/Page/Run App/Run App byID: Test Cases/Mobile/Page/Run App/Run App byID

2022-01-25 09:10:26 - [TEST_STEP][PASSED] - startApp.OpenApp.startApplication("id.co.miraeasset.sageclub"): startApp.OpenApp.startApplication is PASSED

2022-01-25 09:10:40 - [MESSAGE][PASSED] - Starting app with application ID: 'id.co.miraeasset.sageclub'

2022-01-25 09:10:40 - [MESSAGE][PASSED] - startApp.OpenApp.startApplication is PASSED

2022-01-25 09:10:40 - [MESSAGE][PASSED] - Call Test Case 'Test Cases/Mobile/Page/Run App/Run App byID' successfully

2022-01-25 09:10:40 - [TEST_STEP][PASSED] - callTestCase(findTestCase("Mobile/Page/Login/Login"), ["action":"visiblepassword"], CONTINUE_ON_FAILURE): Call Test Case 'Test Cases/Mobile/Page/Login/Login' successfully

2022-01-25 09:10:40 - [TEST_CASE][PASSED] - Test Cases/Mobile/Page/Login/Login: Test Cases/Mobile/Page/Login/Login

2022-01-25 09:10:40 - [TEST_STEP][PASSED] - delay(2): Delayed 2 second(s)

2022-01-25 09:10:42 - [MESSAGE][PASSED] - Delayed 2 second(s)

2022-01-25 09:10:42 - [TEST_STEP][PASSED] - for ([i = 0, i < 1, (i++)]): null

2022-01-25 09:10:42 - [TEST_STEP][PASSED] - if (action == "username"): null

2022-01-25 09:10:42 - [TEST_STEP][PASSED] - else if (action == "wrongpassword"): null

2022-01-25 09:10:42 - [TEST_STEP][PASSED] - else if (action == "nointernet"): null

2022-01-25 09:10:42 - [TEST_STEP][PASSED] - else if (action == "visiblepassword"): null

2022-01-25 09:10:42 - [TEST_STEP][PASSED] - tap(LOGN_EdtUserID, 0): Tapped on element 'Object Repository/Mobile/Page/Login/Input - UserID'

2022-01-25 09:10:42 - [MESSAGE][WARNING] - Timeout '0' is invalid. Using default page load timeout: '60'

2022-01-25 09:10:43 - [MESSAGE][PASSED] - Tapped on element 'Object Repository/Mobile/Page/Login/Input - UserID'

2022-01-25 09:10:43 - [TEST_STEP][PASSED] - delay(1): Delayed 1 second(s)

2022-01-25 09:10:44 - [MESSAGE][PASSED] - Delayed 1 second(s)

2022-01-25 09:10:44 - [TEST_STEP][PASSED] - setText(LOGN_EdtRdyUserID, "anggaaditya", 0): Text 'anggaaditya' has been set to element 'Object Repository/Mobile/Page/Login/Input Rdy - UserID'

2022-01-25 09:10:44 - [MESSAGE][WARNING] - Timeout '0' is invalid. Using default page load timeout: '60'

2022-01-25 09:10:46 - [MESSAGE][PASSED] - Text 'anggaaditya' has been set to element 'Object Repository/Mobile/Page/Login/Input Rdy - UserID'

2022-01-25 09:10:46 - [TEST_STEP][PASSED] - delay(1): Delayed 1 second(s)

2022-01-25 09:10:47 - [MESSAGE][PASSED] - Delayed 1 second(s)

2022-01-25 09:10:47 - [TEST_STEP][PASSED] - hideKeyboard(): Keyboard is hidden

2022-01-25 09:10:53 - [MESSAGE][PASSED] - Keyboard is hidden

2022-01-25 09:10:53 - [TEST_STEP][PASSED] - top = getElementTopPosition(LOGN_EdtPassword, 0): Object 'Object Repository/Mobile/Page/Login/Input - Password' has top position '758'

2022-01-25 09:10:53 - [MESSAGE][WARNING] - Timeout '0' is invalid. Using default page load timeout: '60'

2022-01-25 09:10:53 - [MESSAGE][PASSED] - Object 'Object Repository/Mobile/Page/Login/Input - Password' has top position '758'

2022-01-25 09:10:53 - [TEST_STEP][PASSED] - left = getElementLeftPosition(LOGN_EdtPassword, 0): Object 'Object Repository/Mobile/Page/Login/Input - Password' has left position '32'

2022-01-25 09:10:53 - [MESSAGE][WARNING] - Timeout '0' is invalid. Using default page load timeout: '60'

2022-01-25 09:10:54 - [MESSAGE][PASSED] - Object 'Object Repository/Mobile/Page/Login/Input - Password' has left position '32'

2022-01-25 09:10:54 - [TEST_STEP][PASSED] - x = left + getElementWidth(LOGN_EdtPassword, 0) * 0.9: Object 'Object Repository/Mobile/Page/Login/Input - Password' has width: '657'

2022-01-25 09:10:54 - [MESSAGE][WARNING] - Timeout '0' is invalid. Using default page load timeout: '60'

2022-01-25 09:10:54 - [MESSAGE][PASSED] - Object 'Object Repository/Mobile/Page/Login/Input - Password' has width: '657'

2022-01-25 09:10:54 - [TEST_STEP][PASSED] - y = top + getElementHeight(LOGN_EdtPassword, 0) / 2: Object 'Object Repository/Mobile/Page/Login/Input - Password' has height: '84'

2022-01-25 09:10:54 - [MESSAGE][WARNING] - Timeout '0' is invalid. Using default page load timeout: '60'

2022-01-25 09:10:54 - [MESSAGE][PASSED] - Object 'Object Repository/Mobile/Page/Login/Input - Password' has height: '84'

2022-01-25 09:10:54 - [TEST_STEP][PASSED] - tapAtPosition(x, y): Tapped at [623, 800]

2022-01-25 09:10:54 - [MESSAGE][PASSED] - Tapped at [623, 800]

2022-01-25 09:10:54 - [TEST_STEP][PASSED] - delay(1): Delayed 1 second(s)

2022-01-25 09:10:55 - [MESSAGE][PASSED] - Delayed 1 second(s)

2022-01-25 09:10:55 - [TEST_STEP][PASSED] - tap(LOGN_EdtPassword, 0): Tapped on element 'Object Repository/Mobile/Page/Login/Input - Password'

2022-01-25 09:10:55 - [MESSAGE][WARNING] - Timeout '0' is invalid. Using default page load timeout: '60'

2022-01-25 09:10:56 - [MESSAGE][PASSED] - Tapped on element 'Object Repository/Mobile/Page/Login/Input - Password'

2022-01-25 09:10:56 - [TEST_STEP][PASSED] - delay(1): Delayed 1 second(s)

2022-01-25 09:10:57 - [MESSAGE][PASSED] - Delayed 1 second(s)

2022-01-25 09:10:57 - [TEST_STEP][PASSED] - setText(LOGN_EdtRdyPassword, "Shalawa18", 0): Text 'Shalawa18' has been set to element 'Object Repository/Mobile/Page/Login/Input Rdy - Password'

2022-01-25 09:10:57 - [MESSAGE][WARNING] - Timeout '0' is invalid. Using default page load timeout: '60'

2022-01-25 09:10:58 - [MESSAGE][PASSED] - Text 'Shalawa18' has been set to element 'Object Repository/Mobile/Page/Login/Input Rdy - Password'

2022-01-25 09:10:58 - [TEST_STEP][PASSED] - delay(1): Delayed 1 second(s)

2022-01-25 09:10:59 - [MESSAGE][PASSED] - Delayed 1 second(s)

2022-01-25 09:10:59 - [TEST_STEP][PASSED] - hideKeyboard(): Keyboard is hidden

2022-01-25 09:11:04 - [MESSAGE][PASSED] - Keyboard is hidden

2022-01-25 09:11:04 - [TEST_STEP][PASSED] - tap(LOGN_BtnLogin, 0): Tapped on element 'Object Repository/Mobile/Page/Login/Button - Login'

2022-01-25 09:11:04 - [MESSAGE][WARNING] - Timeout '0' is invalid. Using default page load timeout: '60'

2022-01-25 09:11:04 - [MESSAGE][PASSED] - Tapped on element 'Object Repository/Mobile/Page/Login/Button - Login'

2022-01-25 09:11:04 - [TEST_STEP][PASSED] - delay(2): Delayed 2 second(s)

2022-01-25 09:11:06 - [MESSAGE][PASSED] - Delayed 2 second(s)

2022-01-25 09:11:06 - [TEST_STEP][PASSED] - break: null

2022-01-25 09:11:06 - [MESSAGE][PASSED] - Call Test Case 'Test Cases/Mobile/Page/Login/Login' successfully

2022-01-25 09:11:06 - [TEST_STEP][PASSED] - callTestCase(findTestCase("Mobile/Page/Run App/Terminate App"), [:], STOP_ON_FAILURE): Call Test Case 'Test Cases/Mobile/Page/Run App/Terminate App' successfully

2022-01-25 09:11:06 - [TEST_CASE][PASSED] - Test Cases/Mobile/Page/Run App/Terminate App: Test Cases/Mobile/Page/Run App/Terminate App

2022-01-25 09:11:06 - [TEST_STEP][PASSED] - startApp.OpenApp.terminateApplication(): startApp.OpenApp.terminateApplication is PASSED

2022-01-25 09:11:09 - [MESSAGE][PASSED] - Delayed 3 second(s)

2022-01-25 09:11:09 - [MESSAGE][PASSED] - Current device physical width is 720

2022-01-25 09:11:10 - [MESSAGE][PASSED] - Current device physical height is 1423

2022-01-25 09:11:11 - [MESSAGE][PASSED] - Swiped from 360,853 to 360,142

2022-01-25 09:11:12 - [MESSAGE][PASSED] - Delayed 1 second(s)

2022-01-25 09:11:13 - [MESSAGE][PASSED] - Swiped from 360,853 to 360,142

2022-01-25 09:11:16 - [MESSAGE][PASSED] - Delayed 3 second(s)

2022-01-25 09:11:16 - [MESSAGE][PASSED] - startApp.OpenApp.terminateApplication is PASSED

2022-01-25 09:11:16 - [MESSAGE][PASSED] - Call Test Case 'Test Cases/Mobile/Page/Run App/Terminate App' successfully]]></system-out>
         <system-err><![CDATA[]]></system-err>
      </testcase>
      <testcase name="Test Cases/Mobile/Scenario/Login/005 - Login menggunakan username dengan membatalkan fingerprint" time="51.468" classname="Test Cases/Mobile/Scenario/Login/005 - Login menggunakan username dengan membatalkan fingerprint" status="PASSED">
         <system-out><![CDATA[2022-01-25 09:11:16 - [TEST_CASE][PASSED] - Test Cases/Mobile/Scenario/Login/005 - Login menggunakan username dengan membatalkan fingerprint: Test Cases/Mobile/Scenario/Login/005 - Login menggunakan username dengan membatalkan fingerprint

2022-01-25 09:11:16 - [TEST_STEP][PASSED] - callTestCase(findTestCase("Mobile/Page/Run App/Run App byID"), [:], STOP_ON_FAILURE): Call Test Case 'Test Cases/Mobile/Page/Run App/Run App byID' successfully

2022-01-25 09:11:16 - [TEST_CASE][PASSED] - Test Cases/Mobile/Page/Run App/Run App byID: Test Cases/Mobile/Page/Run App/Run App byID

2022-01-25 09:11:16 - [TEST_STEP][PASSED] - startApp.OpenApp.startApplication("id.co.miraeasset.sageclub"): startApp.OpenApp.startApplication is PASSED

2022-01-25 09:11:30 - [MESSAGE][PASSED] - Starting app with application ID: 'id.co.miraeasset.sageclub'

2022-01-25 09:11:30 - [MESSAGE][PASSED] - startApp.OpenApp.startApplication is PASSED

2022-01-25 09:11:30 - [MESSAGE][PASSED] - Call Test Case 'Test Cases/Mobile/Page/Run App/Run App byID' successfully

2022-01-25 09:11:30 - [TEST_STEP][PASSED] - callTestCase(findTestCase("Mobile/Page/Login/Login"), ["action":"cancelfingerprint"], CONTINUE_ON_FAILURE): Call Test Case 'Test Cases/Mobile/Page/Login/Login' successfully

2022-01-25 09:11:30 - [TEST_CASE][PASSED] - Test Cases/Mobile/Page/Login/Login: Test Cases/Mobile/Page/Login/Login

2022-01-25 09:11:30 - [TEST_STEP][PASSED] - delay(2): Delayed 2 second(s)

2022-01-25 09:11:32 - [MESSAGE][PASSED] - Delayed 2 second(s)

2022-01-25 09:11:32 - [TEST_STEP][PASSED] - for ([i = 0, i < 1, (i++)]): Delayed 2 second(s)

2022-01-25 09:11:32 - [TEST_STEP][PASSED] - if (action == "username"): null

2022-01-25 09:11:32 - [TEST_STEP][PASSED] - else if (action == "wrongpassword"): null

2022-01-25 09:11:32 - [TEST_STEP][PASSED] - else if (action == "nointernet"): null

2022-01-25 09:11:32 - [TEST_STEP][PASSED] - else if (action == "visiblepassword"): null

2022-01-25 09:11:32 - [TEST_STEP][PASSED] - else if (action == "cancelfingerprint"): Delayed 2 second(s)

2022-01-25 09:11:32 - [TEST_STEP][PASSED] - tap(LOGN_BtnFingerprint, 0): Tapped on element 'Object Repository/Mobile/Page/Login/Button - Fingerprint'

2022-01-25 09:11:32 - [MESSAGE][WARNING] - Timeout '0' is invalid. Using default page load timeout: '60'

2022-01-25 09:11:32 - [MESSAGE][PASSED] - Tapped on element 'Object Repository/Mobile/Page/Login/Button - Fingerprint'

2022-01-25 09:11:32 - [TEST_STEP][PASSED] - delay(1): Delayed 1 second(s)

2022-01-25 09:11:33 - [MESSAGE][PASSED] - Delayed 1 second(s)

2022-01-25 09:11:33 - [TEST_STEP][PASSED] - pressBack(): Press back button successfully

2022-01-25 09:11:34 - [MESSAGE][PASSED] - Press back button successfully

2022-01-25 09:11:34 - [TEST_STEP][PASSED] - delay(1): Delayed 1 second(s)

2022-01-25 09:11:35 - [MESSAGE][PASSED] - Delayed 1 second(s)

2022-01-25 09:11:35 - [TEST_STEP][PASSED] - tap(LOGN_EdtUserID, 0): Tapped on element 'Object Repository/Mobile/Page/Login/Input - UserID'

2022-01-25 09:11:35 - [MESSAGE][WARNING] - Timeout '0' is invalid. Using default page load timeout: '60'

2022-01-25 09:11:35 - [MESSAGE][PASSED] - Tapped on element 'Object Repository/Mobile/Page/Login/Input - UserID'

2022-01-25 09:11:35 - [TEST_STEP][PASSED] - delay(1): Delayed 1 second(s)

2022-01-25 09:11:36 - [MESSAGE][PASSED] - Delayed 1 second(s)

2022-01-25 09:11:36 - [TEST_STEP][PASSED] - setText(LOGN_EdtRdyUserID, "anggaaditya", 0): Text 'anggaaditya' has been set to element 'Object Repository/Mobile/Page/Login/Input Rdy - UserID'

2022-01-25 09:11:36 - [MESSAGE][WARNING] - Timeout '0' is invalid. Using default page load timeout: '60'

2022-01-25 09:11:37 - [MESSAGE][PASSED] - Text 'anggaaditya' has been set to element 'Object Repository/Mobile/Page/Login/Input Rdy - UserID'

2022-01-25 09:11:37 - [TEST_STEP][PASSED] - delay(1): Delayed 1 second(s)

2022-01-25 09:11:38 - [MESSAGE][PASSED] - Delayed 1 second(s)

2022-01-25 09:11:38 - [TEST_STEP][PASSED] - hideKeyboard(): Keyboard is hidden

2022-01-25 09:11:43 - [MESSAGE][PASSED] - Keyboard is hidden

2022-01-25 09:11:43 - [TEST_STEP][PASSED] - tap(LOGN_EdtPassword, 0): Tapped on element 'Object Repository/Mobile/Page/Login/Input - Password'

2022-01-25 09:11:43 - [MESSAGE][WARNING] - Timeout '0' is invalid. Using default page load timeout: '60'

2022-01-25 09:11:44 - [MESSAGE][PASSED] - Tapped on element 'Object Repository/Mobile/Page/Login/Input - Password'

2022-01-25 09:11:44 - [TEST_STEP][PASSED] - delay(1): Delayed 1 second(s)

2022-01-25 09:11:45 - [MESSAGE][PASSED] - Delayed 1 second(s)

2022-01-25 09:11:45 - [TEST_STEP][PASSED] - setText(LOGN_EdtRdyPassword, "Shalawa18", 0): Text 'Shalawa18' has been set to element 'Object Repository/Mobile/Page/Login/Input Rdy - Password'

2022-01-25 09:11:45 - [MESSAGE][WARNING] - Timeout '0' is invalid. Using default page load timeout: '60'

2022-01-25 09:11:45 - [MESSAGE][PASSED] - Text 'Shalawa18' has been set to element 'Object Repository/Mobile/Page/Login/Input Rdy - Password'

2022-01-25 09:11:45 - [TEST_STEP][PASSED] - delay(1): Delayed 1 second(s)

2022-01-25 09:11:46 - [MESSAGE][PASSED] - Delayed 1 second(s)

2022-01-25 09:11:46 - [TEST_STEP][PASSED] - hideKeyboard(): Keyboard is hidden

2022-01-25 09:11:53 - [MESSAGE][PASSED] - Keyboard is hidden

2022-01-25 09:11:53 - [TEST_STEP][PASSED] - tap(LOGN_BtnLogin, 0): Tapped on element 'Object Repository/Mobile/Page/Login/Button - Login'

2022-01-25 09:11:53 - [MESSAGE][WARNING] - Timeout '0' is invalid. Using default page load timeout: '60'

2022-01-25 09:11:54 - [MESSAGE][PASSED] - Tapped on element 'Object Repository/Mobile/Page/Login/Button - Login'

2022-01-25 09:11:54 - [TEST_STEP][PASSED] - delay(2): Delayed 2 second(s)

2022-01-25 09:11:56 - [MESSAGE][PASSED] - Delayed 2 second(s)

2022-01-25 09:11:56 - [MESSAGE][PASSED] - Call Test Case 'Test Cases/Mobile/Page/Login/Login' successfully

2022-01-25 09:11:56 - [TEST_STEP][PASSED] - callTestCase(findTestCase("Mobile/Page/Run App/Terminate App"), [:], STOP_ON_FAILURE): Call Test Case 'Test Cases/Mobile/Page/Run App/Terminate App' successfully

2022-01-25 09:11:56 - [TEST_CASE][PASSED] - Test Cases/Mobile/Page/Run App/Terminate App: Test Cases/Mobile/Page/Run App/Terminate App

2022-01-25 09:11:56 - [TEST_STEP][PASSED] - startApp.OpenApp.terminateApplication(): startApp.OpenApp.terminateApplication is PASSED

2022-01-25 09:12:01 - [MESSAGE][PASSED] - Delayed 3 second(s)

2022-01-25 09:12:01 - [MESSAGE][PASSED] - Current device physical width is 720

2022-01-25 09:12:01 - [MESSAGE][PASSED] - Current device physical height is 1423

2022-01-25 09:12:02 - [MESSAGE][PASSED] - Swiped from 360,853 to 360,142

2022-01-25 09:12:03 - [MESSAGE][PASSED] - Delayed 1 second(s)

2022-01-25 09:12:05 - [MESSAGE][PASSED] - Swiped from 360,853 to 360,142

2022-01-25 09:12:08 - [MESSAGE][PASSED] - Delayed 3 second(s)

2022-01-25 09:12:08 - [MESSAGE][PASSED] - startApp.OpenApp.terminateApplication is PASSED

2022-01-25 09:12:08 - [MESSAGE][PASSED] - Call Test Case 'Test Cases/Mobile/Page/Run App/Terminate App' successfully]]></system-out>
         <system-err><![CDATA[]]></system-err>
      </testcase>
      <system-out><![CDATA[2022-01-25 09:07:27 - [TEST_SUITE][PASSED] - login: Test Cases/Mobile/Scenario/Login/005 - Login menggunakan username dengan membatalkan fingerprint]]></system-out>
      <system-err><![CDATA[]]></system-err>
   </testsuite>
</testsuites>
