<?xml version="1.0" encoding="UTF-8"?>
<testsuites name="analysis" time="627.269" tests="7" failures="0" skips="0" errors="0">
   <testsuite name="analysis" tests="7" failures="0" errors="0" time="627.269" skips="0" timestamp="2022-02-18 14:44:43" hostname="Owner - aldy-tft" id="Test Suites/analysis">
      <properties>
         <property name="deviceName" value="samsung SM-A205F (Android 11)"/>
         <property name="devicePlatform" value=""/>
         <property name="logFolder" value="C:\\Users\\Owner\\Documents\\kerjaan\\KatalonProject\\qa_katalon_pwm\\qa_katalon_pwm\\Reports\\20220218_144354\\analysis\\20220218_144359"/>
         <property name="logFiles" value="C:\\Users\\Owner\\Documents\\kerjaan\\KatalonProject\\qa_katalon_pwm\\qa_katalon_pwm\\Reports\\20220218_144354\\analysis\\20220218_144359\\appium.log, C:\\Users\\Owner\\Documents\\kerjaan\\KatalonProject\\qa_katalon_pwm\\qa_katalon_pwm\\Reports\\20220218_144354\\analysis\\20220218_144359\\execution0.log"/>
         <property name="attachments" value=""/>
         <property name="hostName" value="Owner - aldy-tft"/>
         <property name="os" value="Windows 10 64bit"/>
         <property name="appiumServerStatus" value="{&quot;value&quot;:{&quot;build&quot;:{&quot;version&quot;:&quot;1.22.0&quot;}},&quot;sessionId&quot;:null,&quot;status&quot;:0}"/>
         <property name="katalonVersion" value="7.9.1.208"/>
         <property name="deviceOS" value="Android"/>
         <property name="appiumVersion" value="1.22.0"/>
         <property name="deviceModel" value="SM-A205F"/>
         <property name="hostAddress" value="192.168.100.8"/>
         <property name="deviceManufacturer" value="samsung"/>
         <property name="deviceId" value="RR8M40C9AXE"/>
         <property name="deviceName" value="samsung SM-A205F (Android 11)"/>
         <property name="deviceOSVersion" value="11"/>
      </properties>
      <testcase name="Test Cases/Mobile/Scenario/Analysis/001 - Melihat list stock technical analysis" time="142.033" classname="Test Cases/Mobile/Scenario/Analysis/001 - Melihat list stock technical analysis" status="PASSED">
         <system-out><![CDATA[2022-02-18 14:44:44 - [TEST_CASE][PASSED] - Test Cases/Mobile/Scenario/Analysis/001 - Melihat list stock technical analysis: Test Cases/Mobile/Scenario/Analysis/001 - Melihat list stock technical analysis

2022-02-18 14:44:45 - [TEST_STEP][PASSED] - callTestCase(findTestCase("Mobile/Page/Run App/Run App byID"), [:], STOP_ON_FAILURE): Call Test Case 'Test Cases/Mobile/Page/Run App/Run App byID' successfully

2022-02-18 14:44:45 - [TEST_CASE][PASSED] - Test Cases/Mobile/Page/Run App/Run App byID: Test Cases/Mobile/Page/Run App/Run App byID

2022-02-18 14:44:46 - [TEST_STEP][PASSED] - startApp.OpenApp.startApplication("id.co.miraeasset.sageclub"): startApp.OpenApp.startApplication is PASSED

2022-02-18 14:45:03 - [MESSAGE][INFO] - Appium server started on port 58,138

2022-02-18 14:45:28 - [MESSAGE][PASSED] - Starting app with application ID: 'id.co.miraeasset.sageclub'

2022-02-18 14:45:28 - [MESSAGE][PASSED] - startApp.OpenApp.startApplication is PASSED

2022-02-18 14:45:28 - [MESSAGE][PASSED] - Call Test Case 'Test Cases/Mobile/Page/Run App/Run App byID' successfully

2022-02-18 14:45:28 - [TEST_STEP][PASSED] - callTestCase(findTestCase("Mobile/Page/Analysis/Analysis"), ["action":"technicalsearch"], CONTINUE_ON_FAILURE): Call Test Case 'Test Cases/Mobile/Page/Analysis/Analysis' successfully

2022-02-18 14:45:28 - [TEST_CASE][PASSED] - Test Cases/Mobile/Page/Analysis/Analysis: Test Cases/Mobile/Page/Analysis/Analysis

2022-02-18 14:45:29 - [TEST_STEP][PASSED] - callTestCase(findTestCase("Mobile/Page/CheckLogin"), [:], CONTINUE_ON_FAILURE): Call Test Case 'Test Cases/Mobile/Page/CheckLogin' successfully

2022-02-18 14:45:29 - [TEST_CASE][PASSED] - Test Cases/Mobile/Page/CheckLogin: Test Cases/Mobile/Page/CheckLogin

2022-02-18 14:45:30 - [TEST_STEP][PASSED] - loginCheck = verifyElementExist(LOGN_BtnLogin, 5, CONTINUE_ON_FAILURE): Element 'Object Repository/Mobile/Page/Login/Button - Login' is exist

2022-02-18 14:45:30 - [MESSAGE][WARNING] - Test object with id 'Object Repository/Mobile/Page/Analysis/Button - Open With Just Once' does not exist

2022-02-18 14:45:30 - [MESSAGE][WARNING] - Test object with id 'Object Repository/Mobile/Page/Analysis/Button - Search' does not exist

2022-02-18 14:45:34 - [MESSAGE][WARNING] - Test object with id 'Object Repository/Mobile/Page/Home/Button -  Add Watchlist' does not exist

2022-02-18 14:45:34 - [MESSAGE][WARNING] - Test object with id 'Object Repository/Mobile/Page/Home/Button - Open with Just Once' does not exist

2022-02-18 14:45:34 - [MESSAGE][WARNING] - Test object with id 'Object Repository/Mobile/Page/Home/Container - Notification' does not exist

2022-02-18 14:45:35 - [MESSAGE][WARNING] - Test object with id 'Object Repository/Mobile/Page/Home/Watchlist/Input - Search' does not exist

2022-02-18 14:45:35 - [MESSAGE][WARNING] - Test object with id 'Object Repository/Mobile/Page/Home/Watchlist/Item - Top Search' does not exist

2022-02-18 14:45:36 - [MESSAGE][WARNING] - Test object with id 'Object Repository/Mobile/Page/Home/Watchlist/Detail Watchlist/Input - Expiry Date' does not exist

2022-02-18 14:45:36 - [MESSAGE][WARNING] - Test object with id 'Object Repository/Mobile/Page/Home/Watchlist/Detail Watchlist/Item - Watchlist' does not exist

2022-02-18 14:45:38 - [MESSAGE][WARNING] - Test object with id 'Object Repository/Mobile/Page/NavigationMenu/Button - Open Just Once' does not exist

2022-02-18 14:45:38 - [MESSAGE][WARNING] - Test object with id 'Object Repository/Mobile/Page/NavigationMenu/Container - Logout' does not exist

2022-02-18 14:45:46 - [MESSAGE][WARNING] - Test object with id 'Object Repository/Mobile/Page/Analysis/Button - Open With Just Once' does not exist

2022-02-18 14:45:46 - [MESSAGE][WARNING] - Test object with id 'Object Repository/Mobile/Page/Analysis/Button - Search' does not exist

2022-02-18 14:45:49 - [MESSAGE][WARNING] - Test object with id 'Object Repository/Mobile/Page/Home/Button -  Add Watchlist' does not exist

2022-02-18 14:45:50 - [MESSAGE][WARNING] - Test object with id 'Object Repository/Mobile/Page/Home/Button - Open with Just Once' does not exist

2022-02-18 14:45:50 - [MESSAGE][WARNING] - Test object with id 'Object Repository/Mobile/Page/Home/Container - Notification' does not exist

2022-02-18 14:45:51 - [MESSAGE][WARNING] - Test object with id 'Object Repository/Mobile/Page/Home/Watchlist/Input - Search' does not exist

2022-02-18 14:45:51 - [MESSAGE][WARNING] - Test object with id 'Object Repository/Mobile/Page/Home/Watchlist/Item - Top Search' does not exist

2022-02-18 14:45:51 - [MESSAGE][WARNING] - Test object with id 'Object Repository/Mobile/Page/Home/Watchlist/Detail Watchlist/Input - Expiry Date' does not exist

2022-02-18 14:45:52 - [MESSAGE][WARNING] - Test object with id 'Object Repository/Mobile/Page/Home/Watchlist/Detail Watchlist/Item - Watchlist' does not exist

2022-02-18 14:45:53 - [MESSAGE][WARNING] - Test object with id 'Object Repository/Mobile/Page/NavigationMenu/Button - Open Just Once' does not exist

2022-02-18 14:45:54 - [MESSAGE][WARNING] - Test object with id 'Object Repository/Mobile/Page/NavigationMenu/Container - Logout' does not exist

2022-02-18 14:46:02 - [MESSAGE][PASSED] - Element 'Object Repository/Mobile/Page/Login/Button - Login' is exist

2022-02-18 14:46:02 - [TEST_STEP][PASSED] - if (loginCheck): Call Test Case 'Test Cases/Mobile/Page/Login/Login' successfully

2022-02-18 14:46:02 - [TEST_STEP][PASSED] - callTestCase(findTestCase("Mobile/Page/Login/Login"), ["action":"username"], CONTINUE_ON_FAILURE): Call Test Case 'Test Cases/Mobile/Page/Login/Login' successfully

2022-02-18 14:46:02 - [TEST_CASE][PASSED] - Test Cases/Mobile/Page/Login/Login: Test Cases/Mobile/Page/Login/Login

2022-02-18 14:46:03 - [TEST_STEP][PASSED] - delay(2): Delayed 2 second(s)

2022-02-18 14:46:05 - [MESSAGE][PASSED] - Delayed 2 second(s)

2022-02-18 14:46:05 - [TEST_STEP][PASSED] - for ([i = 0, i < 1, (i++)]): null

2022-02-18 14:46:05 - [TEST_STEP][PASSED] - if (action == "username"): null

2022-02-18 14:46:05 - [TEST_STEP][PASSED] - tap(LOGN_EdtUserID, 0): Tapped on element 'Object Repository/Mobile/Page/Login/Input - UserID'

2022-02-18 14:46:05 - [MESSAGE][WARNING] - Timeout '0' is invalid. Using default page load timeout: '60'

2022-02-18 14:46:06 - [MESSAGE][PASSED] - Tapped on element 'Object Repository/Mobile/Page/Login/Input - UserID'

2022-02-18 14:46:06 - [TEST_STEP][PASSED] - delay(1): Delayed 1 second(s)

2022-02-18 14:46:07 - [MESSAGE][PASSED] - Delayed 1 second(s)

2022-02-18 14:46:07 - [TEST_STEP][PASSED] - setText(LOGN_EdtRdyUserID, "anggaaditya", 0): Text 'anggaaditya' has been set to element 'Object Repository/Mobile/Page/Login/Input Rdy - UserID'

2022-02-18 14:46:07 - [MESSAGE][WARNING] - Timeout '0' is invalid. Using default page load timeout: '60'

2022-02-18 14:46:07 - [MESSAGE][PASSED] - Text 'anggaaditya' has been set to element 'Object Repository/Mobile/Page/Login/Input Rdy - UserID'

2022-02-18 14:46:07 - [TEST_STEP][PASSED] - delay(1): Delayed 1 second(s)

2022-02-18 14:46:09 - [MESSAGE][PASSED] - Delayed 1 second(s)

2022-02-18 14:46:09 - [TEST_STEP][PASSED] - hideKeyboard(): Keyboard is hidden

2022-02-18 14:46:13 - [MESSAGE][PASSED] - Keyboard is hidden

2022-02-18 14:46:13 - [TEST_STEP][PASSED] - tap(LOGN_EdtPassword, 0): Tapped on element 'Object Repository/Mobile/Page/Login/Input - Password'

2022-02-18 14:46:13 - [MESSAGE][WARNING] - Timeout '0' is invalid. Using default page load timeout: '60'

2022-02-18 14:46:14 - [MESSAGE][PASSED] - Tapped on element 'Object Repository/Mobile/Page/Login/Input - Password'

2022-02-18 14:46:14 - [TEST_STEP][PASSED] - delay(1): Delayed 1 second(s)

2022-02-18 14:46:15 - [MESSAGE][PASSED] - Delayed 1 second(s)

2022-02-18 14:46:15 - [TEST_STEP][PASSED] - setText(LOGN_EdtRdyPassword, "Shalawa18", 0): Text 'Shalawa18' has been set to element 'Object Repository/Mobile/Page/Login/Input Rdy - Password'

2022-02-18 14:46:15 - [MESSAGE][WARNING] - Timeout '0' is invalid. Using default page load timeout: '60'

2022-02-18 14:46:15 - [MESSAGE][PASSED] - Text 'Shalawa18' has been set to element 'Object Repository/Mobile/Page/Login/Input Rdy - Password'

2022-02-18 14:46:15 - [TEST_STEP][PASSED] - delay(1): Delayed 1 second(s)

2022-02-18 14:46:16 - [MESSAGE][PASSED] - Delayed 1 second(s)

2022-02-18 14:46:16 - [TEST_STEP][PASSED] - hideKeyboard(): Keyboard is hidden

2022-02-18 14:46:23 - [MESSAGE][PASSED] - Keyboard is hidden

2022-02-18 14:46:23 - [TEST_STEP][PASSED] - tap(LOGN_BtnLogin, 0): Tapped on element 'Object Repository/Mobile/Page/Login/Button - Login'

2022-02-18 14:46:23 - [MESSAGE][WARNING] - Timeout '0' is invalid. Using default page load timeout: '60'

2022-02-18 14:46:24 - [MESSAGE][PASSED] - Tapped on element 'Object Repository/Mobile/Page/Login/Button - Login'

2022-02-18 14:46:24 - [TEST_STEP][PASSED] - delay(2): Delayed 2 second(s)

2022-02-18 14:46:26 - [MESSAGE][PASSED] - Delayed 2 second(s)

2022-02-18 14:46:26 - [TEST_STEP][PASSED] - break: null

2022-02-18 14:46:26 - [MESSAGE][PASSED] - Call Test Case 'Test Cases/Mobile/Page/Login/Login' successfully

2022-02-18 14:46:26 - [MESSAGE][PASSED] - Call Test Case 'Test Cases/Mobile/Page/CheckLogin' successfully

2022-02-18 14:46:26 - [TEST_STEP][PASSED] - tap(HOME_MenubarAnalysis, 0): Tapped on element 'Object Repository/Mobile/Page/Home/Menubar - Analysis'

2022-02-18 14:46:26 - [MESSAGE][WARNING] - Timeout '0' is invalid. Using default page load timeout: '60'

2022-02-18 14:46:29 - [MESSAGE][PASSED] - Tapped on element 'Object Repository/Mobile/Page/Home/Menubar - Analysis'

2022-02-18 14:46:29 - [TEST_STEP][PASSED] - delay(3): Delayed 3 second(s)

2022-02-18 14:46:32 - [MESSAGE][PASSED] - Delayed 3 second(s)

2022-02-18 14:46:32 - [TEST_STEP][PASSED] - for ([i = 0, i < 1, (i++)]): Delayed 2 second(s)

2022-02-18 14:46:32 - [TEST_STEP][PASSED] - if (action == "technicalsearch"): Delayed 2 second(s)

2022-02-18 14:46:32 - [TEST_STEP][PASSED] - tap(ANAL_DropTechIndicator, 0): Tapped on element 'Object Repository/Mobile/Page/Analysis/Dropdown - Technical Indicator'

2022-02-18 14:46:32 - [MESSAGE][WARNING] - Timeout '0' is invalid. Using default page load timeout: '60'

2022-02-18 14:46:33 - [MESSAGE][PASSED] - Tapped on element 'Object Repository/Mobile/Page/Analysis/Dropdown - Technical Indicator'

2022-02-18 14:46:33 - [TEST_STEP][PASSED] - delay(1): Delayed 1 second(s)

2022-02-18 14:46:34 - [MESSAGE][PASSED] - Delayed 1 second(s)

2022-02-18 14:46:34 - [TEST_STEP][PASSED] - tap(ANAL_OptTechIndicatorAll, 0): Tapped on element 'Object Repository/Mobile/Page/Analysis/Option Technical Indicator - All'

2022-02-18 14:46:34 - [MESSAGE][WARNING] - Timeout '0' is invalid. Using default page load timeout: '60'

2022-02-18 14:46:35 - [MESSAGE][PASSED] - Tapped on element 'Object Repository/Mobile/Page/Analysis/Option Technical Indicator - All'

2022-02-18 14:46:35 - [TEST_STEP][PASSED] - delay(1): Delayed 1 second(s)

2022-02-18 14:46:36 - [MESSAGE][PASSED] - Delayed 1 second(s)

2022-02-18 14:46:36 - [TEST_STEP][PASSED] - tap(ANAL_DropMarketCap, 0): Tapped on element 'Object Repository/Mobile/Page/Analysis/Dropdown - Market Cap'

2022-02-18 14:46:36 - [MESSAGE][WARNING] - Timeout '0' is invalid. Using default page load timeout: '60'

2022-02-18 14:46:37 - [MESSAGE][PASSED] - Tapped on element 'Object Repository/Mobile/Page/Analysis/Dropdown - Market Cap'

2022-02-18 14:46:37 - [TEST_STEP][PASSED] - delay(1): Delayed 1 second(s)

2022-02-18 14:46:38 - [MESSAGE][PASSED] - Delayed 1 second(s)

2022-02-18 14:46:38 - [TEST_STEP][PASSED] - tap(ANAL_OptMarketCap1T, 0): Tapped on element 'Object Repository/Mobile/Page/Analysis/Option Market Cap - 1 Trillion'

2022-02-18 14:46:38 - [MESSAGE][WARNING] - Timeout '0' is invalid. Using default page load timeout: '60'

2022-02-18 14:46:39 - [MESSAGE][PASSED] - Tapped on element 'Object Repository/Mobile/Page/Analysis/Option Market Cap - 1 Trillion'

2022-02-18 14:46:39 - [TEST_STEP][PASSED] - delay(1): Delayed 1 second(s)

2022-02-18 14:46:40 - [MESSAGE][PASSED] - Delayed 1 second(s)

2022-02-18 14:46:40 - [TEST_STEP][PASSED] - tap(ANAL_DropTransaction, 0): Tapped on element 'Object Repository/Mobile/Page/Analysis/Dropdown - Transaction'

2022-02-18 14:46:40 - [MESSAGE][WARNING] - Timeout '0' is invalid. Using default page load timeout: '60'

2022-02-18 14:46:41 - [MESSAGE][PASSED] - Tapped on element 'Object Repository/Mobile/Page/Analysis/Dropdown - Transaction'

2022-02-18 14:46:41 - [TEST_STEP][PASSED] - delay(1): Delayed 1 second(s)

2022-02-18 14:46:43 - [MESSAGE][PASSED] - Delayed 1 second(s)

2022-02-18 14:46:43 - [TEST_STEP][PASSED] - tap(ANAL_OptTransaction10B, 0): Tapped on element 'Object Repository/Mobile/Page/Analysis/Option Transaction - 10 Billion'

2022-02-18 14:46:43 - [MESSAGE][WARNING] - Timeout '0' is invalid. Using default page load timeout: '60'

2022-02-18 14:46:44 - [MESSAGE][PASSED] - Tapped on element 'Object Repository/Mobile/Page/Analysis/Option Transaction - 10 Billion'

2022-02-18 14:46:44 - [TEST_STEP][PASSED] - delay(1): Delayed 1 second(s)

2022-02-18 14:46:45 - [MESSAGE][PASSED] - Delayed 1 second(s)

2022-02-18 14:46:45 - [TEST_STEP][PASSED] - tap(ANAL_DropTimeFrame, 0): Tapped on element 'Object Repository/Mobile/Page/Analysis/Dropdown - Time Frame'

2022-02-18 14:46:45 - [MESSAGE][WARNING] - Timeout '0' is invalid. Using default page load timeout: '60'

2022-02-18 14:46:46 - [MESSAGE][PASSED] - Tapped on element 'Object Repository/Mobile/Page/Analysis/Dropdown - Time Frame'

2022-02-18 14:46:46 - [TEST_STEP][PASSED] - delay(1): Delayed 1 second(s)

2022-02-18 14:46:47 - [MESSAGE][PASSED] - Delayed 1 second(s)

2022-02-18 14:46:47 - [TEST_STEP][PASSED] - tap(ANAL_OptTimeFrameDaily, 0): Tapped on element 'Object Repository/Mobile/Page/Analysis/Option Time Frame - Daily'

2022-02-18 14:46:47 - [MESSAGE][WARNING] - Timeout '0' is invalid. Using default page load timeout: '60'

2022-02-18 14:46:48 - [MESSAGE][PASSED] - Tapped on element 'Object Repository/Mobile/Page/Analysis/Option Time Frame - Daily'

2022-02-18 14:46:48 - [TEST_STEP][PASSED] - delay(1): Delayed 1 second(s)

2022-02-18 14:46:49 - [MESSAGE][PASSED] - Delayed 1 second(s)

2022-02-18 14:46:49 - [TEST_STEP][PASSED] - tap(ANAL_DropIndex, 0): Tapped on element 'Object Repository/Mobile/Page/Analysis/Dropdown - Index'

2022-02-18 14:46:49 - [MESSAGE][WARNING] - Timeout '0' is invalid. Using default page load timeout: '60'

2022-02-18 14:46:51 - [MESSAGE][PASSED] - Tapped on element 'Object Repository/Mobile/Page/Analysis/Dropdown - Index'

2022-02-18 14:46:51 - [TEST_STEP][PASSED] - delay(1): Delayed 1 second(s)

2022-02-18 14:46:52 - [MESSAGE][PASSED] - Delayed 1 second(s)

2022-02-18 14:46:52 - [TEST_STEP][PASSED] - tap(ANAL_OptIndexIdx30, 0): Tapped on element 'Object Repository/Mobile/Page/Analysis/Option Index - Idx30'

2022-02-18 14:46:52 - [MESSAGE][WARNING] - Timeout '0' is invalid. Using default page load timeout: '60'

2022-02-18 14:46:52 - [MESSAGE][PASSED] - Tapped on element 'Object Repository/Mobile/Page/Analysis/Option Index - Idx30'

2022-02-18 14:46:52 - [TEST_STEP][PASSED] - delay(2): Delayed 2 second(s)

2022-02-18 14:46:54 - [MESSAGE][PASSED] - Delayed 2 second(s)

2022-02-18 14:46:54 - [MESSAGE][PASSED] - Call Test Case 'Test Cases/Mobile/Page/Analysis/Analysis' successfully

2022-02-18 14:46:54 - [TEST_STEP][PASSED] - callTestCase(findTestCase("Mobile/Page/Run App/Terminate App"), [:], STOP_ON_FAILURE): Call Test Case 'Test Cases/Mobile/Page/Run App/Terminate App' successfully

2022-02-18 14:46:54 - [TEST_CASE][PASSED] - Test Cases/Mobile/Page/Run App/Terminate App: Test Cases/Mobile/Page/Run App/Terminate App

2022-02-18 14:46:55 - [TEST_STEP][PASSED] - startApp.OpenApp.terminateApplication(): startApp.OpenApp.terminateApplication is PASSED

2022-02-18 14:46:58 - [MESSAGE][PASSED] - Delayed 3 second(s)

2022-02-18 14:46:59 - [MESSAGE][PASSED] - Current device physical width is 720

2022-02-18 14:46:59 - [MESSAGE][PASSED] - Current device physical height is 1423

2022-02-18 14:47:01 - [MESSAGE][PASSED] - Swiped from 360,853 to 360,142

2022-02-18 14:47:02 - [MESSAGE][PASSED] - Delayed 1 second(s)

2022-02-18 14:47:03 - [MESSAGE][PASSED] - Swiped from 360,853 to 360,142

2022-02-18 14:47:06 - [MESSAGE][PASSED] - Delayed 3 second(s)

2022-02-18 14:47:06 - [MESSAGE][PASSED] - startApp.OpenApp.terminateApplication is PASSED

2022-02-18 14:47:06 - [MESSAGE][PASSED] - Call Test Case 'Test Cases/Mobile/Page/Run App/Terminate App' successfully]]></system-out>
         <system-err><![CDATA[]]></system-err>
      </testcase>
      <testcase name="Test Cases/Mobile/Scenario/Analysis/002 - Melihat detail stock kategori day" time="81.621" classname="Test Cases/Mobile/Scenario/Analysis/002 - Melihat detail stock kategori day" status="PASSED">
         <system-out><![CDATA[2022-02-18 14:47:06 - [TEST_CASE][PASSED] - Test Cases/Mobile/Scenario/Analysis/002 - Melihat detail stock kategori day: Test Cases/Mobile/Scenario/Analysis/002 - Melihat detail stock kategori day

2022-02-18 14:47:07 - [TEST_STEP][PASSED] - callTestCase(findTestCase("Mobile/Page/Run App/Run App byID"), [:], STOP_ON_FAILURE): Call Test Case 'Test Cases/Mobile/Page/Run App/Run App byID' successfully

2022-02-18 14:47:07 - [TEST_CASE][PASSED] - Test Cases/Mobile/Page/Run App/Run App byID: Test Cases/Mobile/Page/Run App/Run App byID

2022-02-18 14:47:07 - [TEST_STEP][PASSED] - startApp.OpenApp.startApplication("id.co.miraeasset.sageclub"): startApp.OpenApp.startApplication is PASSED

2022-02-18 14:47:27 - [MESSAGE][PASSED] - Starting app with application ID: 'id.co.miraeasset.sageclub'

2022-02-18 14:47:27 - [MESSAGE][PASSED] - startApp.OpenApp.startApplication is PASSED

2022-02-18 14:47:27 - [MESSAGE][PASSED] - Call Test Case 'Test Cases/Mobile/Page/Run App/Run App byID' successfully

2022-02-18 14:47:27 - [TEST_STEP][PASSED] - callTestCase(findTestCase("Mobile/Page/Analysis/Analysis"), ["action":"technicaldetail", "action2":"day"], CONTINUE_ON_FAILURE): Call Test Case 'Test Cases/Mobile/Page/Analysis/Analysis' successfully

2022-02-18 14:47:27 - [TEST_CASE][PASSED] - Test Cases/Mobile/Page/Analysis/Analysis: Test Cases/Mobile/Page/Analysis/Analysis

2022-02-18 14:47:27 - [TEST_STEP][PASSED] - callTestCase(findTestCase("Mobile/Page/CheckLogin"), [:], CONTINUE_ON_FAILURE): Call Test Case 'Test Cases/Mobile/Page/CheckLogin' successfully

2022-02-18 14:47:27 - [TEST_CASE][PASSED] - Test Cases/Mobile/Page/CheckLogin: Test Cases/Mobile/Page/CheckLogin

2022-02-18 14:47:27 - [TEST_STEP][PASSED] - loginCheck = verifyElementExist(LOGN_BtnLogin, 5, CONTINUE_ON_FAILURE): Element 'Object Repository/Mobile/Page/Login/Button - Login' is exist

2022-02-18 14:47:29 - [MESSAGE][PASSED] - Element 'Object Repository/Mobile/Page/Login/Button - Login' is exist

2022-02-18 14:47:29 - [TEST_STEP][PASSED] - if (loginCheck): Call Test Case 'Test Cases/Mobile/Page/Login/Login' successfully

2022-02-18 14:47:29 - [TEST_STEP][PASSED] - callTestCase(findTestCase("Mobile/Page/Login/Login"), ["action":"username"], CONTINUE_ON_FAILURE): Call Test Case 'Test Cases/Mobile/Page/Login/Login' successfully

2022-02-18 14:47:29 - [TEST_CASE][PASSED] - Test Cases/Mobile/Page/Login/Login: Test Cases/Mobile/Page/Login/Login

2022-02-18 14:47:29 - [TEST_STEP][PASSED] - delay(2): Delayed 2 second(s)

2022-02-18 14:47:31 - [MESSAGE][PASSED] - Delayed 2 second(s)

2022-02-18 14:47:31 - [TEST_STEP][PASSED] - for ([i = 0, i < 1, (i++)]): null

2022-02-18 14:47:31 - [TEST_STEP][PASSED] - if (action == "username"): null

2022-02-18 14:47:31 - [TEST_STEP][PASSED] - tap(LOGN_EdtUserID, 0): Tapped on element 'Object Repository/Mobile/Page/Login/Input - UserID'

2022-02-18 14:47:31 - [MESSAGE][WARNING] - Timeout '0' is invalid. Using default page load timeout: '60'

2022-02-18 14:47:32 - [MESSAGE][PASSED] - Tapped on element 'Object Repository/Mobile/Page/Login/Input - UserID'

2022-02-18 14:47:32 - [TEST_STEP][PASSED] - delay(1): Delayed 1 second(s)

2022-02-18 14:47:33 - [MESSAGE][PASSED] - Delayed 1 second(s)

2022-02-18 14:47:33 - [TEST_STEP][PASSED] - setText(LOGN_EdtRdyUserID, "anggaaditya", 0): Text 'anggaaditya' has been set to element 'Object Repository/Mobile/Page/Login/Input Rdy - UserID'

2022-02-18 14:47:33 - [MESSAGE][WARNING] - Timeout '0' is invalid. Using default page load timeout: '60'

2022-02-18 14:47:33 - [MESSAGE][PASSED] - Text 'anggaaditya' has been set to element 'Object Repository/Mobile/Page/Login/Input Rdy - UserID'

2022-02-18 14:47:33 - [TEST_STEP][PASSED] - delay(1): Delayed 1 second(s)

2022-02-18 14:47:34 - [MESSAGE][PASSED] - Delayed 1 second(s)

2022-02-18 14:47:34 - [TEST_STEP][PASSED] - hideKeyboard(): Keyboard is hidden

2022-02-18 14:47:43 - [MESSAGE][PASSED] - Keyboard is hidden

2022-02-18 14:47:43 - [TEST_STEP][PASSED] - tap(LOGN_EdtPassword, 0): Tapped on element 'Object Repository/Mobile/Page/Login/Input - Password'

2022-02-18 14:47:43 - [MESSAGE][WARNING] - Timeout '0' is invalid. Using default page load timeout: '60'

2022-02-18 14:47:43 - [MESSAGE][PASSED] - Tapped on element 'Object Repository/Mobile/Page/Login/Input - Password'

2022-02-18 14:47:43 - [TEST_STEP][PASSED] - delay(1): Delayed 1 second(s)

2022-02-18 14:47:44 - [MESSAGE][PASSED] - Delayed 1 second(s)

2022-02-18 14:47:44 - [TEST_STEP][PASSED] - setText(LOGN_EdtRdyPassword, "Shalawa18", 0): Text 'Shalawa18' has been set to element 'Object Repository/Mobile/Page/Login/Input Rdy - Password'

2022-02-18 14:47:44 - [MESSAGE][WARNING] - Timeout '0' is invalid. Using default page load timeout: '60'

2022-02-18 14:47:45 - [MESSAGE][PASSED] - Text 'Shalawa18' has been set to element 'Object Repository/Mobile/Page/Login/Input Rdy - Password'

2022-02-18 14:47:45 - [TEST_STEP][PASSED] - delay(1): Delayed 1 second(s)

2022-02-18 14:47:46 - [MESSAGE][PASSED] - Delayed 1 second(s)

2022-02-18 14:47:46 - [TEST_STEP][PASSED] - hideKeyboard(): Keyboard is hidden

2022-02-18 14:47:55 - [MESSAGE][PASSED] - Keyboard is hidden

2022-02-18 14:47:56 - [TEST_STEP][PASSED] - tap(LOGN_BtnLogin, 0): Tapped on element 'Object Repository/Mobile/Page/Login/Button - Login'

2022-02-18 14:47:56 - [MESSAGE][WARNING] - Timeout '0' is invalid. Using default page load timeout: '60'

2022-02-18 14:47:56 - [MESSAGE][PASSED] - Tapped on element 'Object Repository/Mobile/Page/Login/Button - Login'

2022-02-18 14:47:56 - [TEST_STEP][PASSED] - delay(2): Delayed 2 second(s)

2022-02-18 14:47:58 - [MESSAGE][PASSED] - Delayed 2 second(s)

2022-02-18 14:47:58 - [TEST_STEP][PASSED] - break: null

2022-02-18 14:47:58 - [MESSAGE][PASSED] - Call Test Case 'Test Cases/Mobile/Page/Login/Login' successfully

2022-02-18 14:47:58 - [MESSAGE][PASSED] - Call Test Case 'Test Cases/Mobile/Page/CheckLogin' successfully

2022-02-18 14:47:58 - [TEST_STEP][PASSED] - tap(HOME_MenubarAnalysis, 0): Tapped on element 'Object Repository/Mobile/Page/Home/Menubar - Analysis'

2022-02-18 14:47:58 - [MESSAGE][WARNING] - Timeout '0' is invalid. Using default page load timeout: '60'

2022-02-18 14:48:01 - [MESSAGE][PASSED] - Tapped on element 'Object Repository/Mobile/Page/Home/Menubar - Analysis'

2022-02-18 14:48:01 - [TEST_STEP][PASSED] - delay(3): Delayed 3 second(s)

2022-02-18 14:48:04 - [MESSAGE][PASSED] - Delayed 3 second(s)

2022-02-18 14:48:04 - [TEST_STEP][PASSED] - for ([i = 0, i < 1, (i++)]): Delayed 2 second(s)

2022-02-18 14:48:04 - [TEST_STEP][PASSED] - if (action == "technicalsearch"): null

2022-02-18 14:48:04 - [TEST_STEP][PASSED] - else if (action == "technicaldetail"): Delayed 2 second(s)

2022-02-18 14:48:04 - [TEST_STEP][PASSED] - tapAndHold(ANAL_ItemTopResultTech, 1, 0): Tapped and held on element 'Object Repository/Mobile/Page/Analysis/Item - Top Technical' with duration 1

2022-02-18 14:48:04 - [MESSAGE][WARNING] - Timeout '0' is invalid. Using default page load timeout: '60'

2022-02-18 14:48:07 - [MESSAGE][PASSED] - Tapped and held on element 'Object Repository/Mobile/Page/Analysis/Item - Top Technical' with duration 1

2022-02-18 14:48:07 - [TEST_STEP][PASSED] - delay(5): Delayed 5 second(s)

2022-02-18 14:48:12 - [MESSAGE][PASSED] - Delayed 5 second(s)

2022-02-18 14:48:12 - [TEST_STEP][PASSED] - switch (action2): null

2022-02-18 14:48:12 - [TEST_STEP][PASSED] - case "day":: null

2022-02-18 14:48:12 - [TEST_STEP][PASSED] - tapAndHold(ANAL_DETL_BtnD, 1, 0): Tapped and held on element 'Object Repository/Mobile/Page/Analysis/Detail/Button - D' with duration 1

2022-02-18 14:48:12 - [MESSAGE][WARNING] - Timeout '0' is invalid. Using default page load timeout: '60'

2022-02-18 14:48:15 - [MESSAGE][PASSED] - Tapped and held on element 'Object Repository/Mobile/Page/Analysis/Detail/Button - D' with duration 1

2022-02-18 14:48:15 - [TEST_STEP][PASSED] - break: null

2022-02-18 14:48:15 - [TEST_STEP][PASSED] - delay(2): Delayed 2 second(s)

2022-02-18 14:48:17 - [MESSAGE][PASSED] - Delayed 2 second(s)

2022-02-18 14:48:17 - [MESSAGE][PASSED] - Call Test Case 'Test Cases/Mobile/Page/Analysis/Analysis' successfully

2022-02-18 14:48:17 - [TEST_STEP][PASSED] - callTestCase(findTestCase("Mobile/Page/Run App/Terminate App"), [:], STOP_ON_FAILURE): Call Test Case 'Test Cases/Mobile/Page/Run App/Terminate App' successfully

2022-02-18 14:48:17 - [TEST_CASE][PASSED] - Test Cases/Mobile/Page/Run App/Terminate App: Test Cases/Mobile/Page/Run App/Terminate App

2022-02-18 14:48:17 - [TEST_STEP][PASSED] - startApp.OpenApp.terminateApplication(): startApp.OpenApp.terminateApplication is PASSED

2022-02-18 14:48:20 - [MESSAGE][PASSED] - Delayed 3 second(s)

2022-02-18 14:48:21 - [MESSAGE][PASSED] - Current device physical width is 720

2022-02-18 14:48:21 - [MESSAGE][PASSED] - Current device physical height is 1423

2022-02-18 14:48:22 - [MESSAGE][PASSED] - Swiped from 360,853 to 360,142

2022-02-18 14:48:23 - [MESSAGE][PASSED] - Delayed 1 second(s)

2022-02-18 14:48:25 - [MESSAGE][PASSED] - Swiped from 360,853 to 360,142

2022-02-18 14:48:28 - [MESSAGE][PASSED] - Delayed 3 second(s)

2022-02-18 14:48:28 - [MESSAGE][PASSED] - startApp.OpenApp.terminateApplication is PASSED

2022-02-18 14:48:28 - [MESSAGE][PASSED] - Call Test Case 'Test Cases/Mobile/Page/Run App/Terminate App' successfully]]></system-out>
         <system-err><![CDATA[]]></system-err>
      </testcase>
      <testcase name="Test Cases/Mobile/Scenario/Analysis/003 - Melihat detail stock kategori week" time="77.669" classname="Test Cases/Mobile/Scenario/Analysis/003 - Melihat detail stock kategori week" status="PASSED">
         <system-out><![CDATA[2022-02-18 14:48:28 - [TEST_CASE][PASSED] - Test Cases/Mobile/Scenario/Analysis/003 - Melihat detail stock kategori week: Test Cases/Mobile/Scenario/Analysis/003 - Melihat detail stock kategori week

2022-02-18 14:48:29 - [TEST_STEP][PASSED] - callTestCase(findTestCase("Mobile/Page/Run App/Run App byID"), [:], STOP_ON_FAILURE): Call Test Case 'Test Cases/Mobile/Page/Run App/Run App byID' successfully

2022-02-18 14:48:29 - [TEST_CASE][PASSED] - Test Cases/Mobile/Page/Run App/Run App byID: Test Cases/Mobile/Page/Run App/Run App byID

2022-02-18 14:48:29 - [TEST_STEP][PASSED] - startApp.OpenApp.startApplication("id.co.miraeasset.sageclub"): startApp.OpenApp.startApplication is PASSED

2022-02-18 14:48:48 - [MESSAGE][PASSED] - Starting app with application ID: 'id.co.miraeasset.sageclub'

2022-02-18 14:48:48 - [MESSAGE][PASSED] - startApp.OpenApp.startApplication is PASSED

2022-02-18 14:48:48 - [MESSAGE][PASSED] - Call Test Case 'Test Cases/Mobile/Page/Run App/Run App byID' successfully

2022-02-18 14:48:48 - [TEST_STEP][PASSED] - callTestCase(findTestCase("Mobile/Page/Analysis/Analysis"), ["action":"technicaldetail", "action2":"week"], CONTINUE_ON_FAILURE): Call Test Case 'Test Cases/Mobile/Page/Analysis/Analysis' successfully

2022-02-18 14:48:48 - [TEST_CASE][PASSED] - Test Cases/Mobile/Page/Analysis/Analysis: Test Cases/Mobile/Page/Analysis/Analysis

2022-02-18 14:48:48 - [TEST_STEP][PASSED] - callTestCase(findTestCase("Mobile/Page/CheckLogin"), [:], CONTINUE_ON_FAILURE): Call Test Case 'Test Cases/Mobile/Page/CheckLogin' successfully

2022-02-18 14:48:49 - [TEST_CASE][PASSED] - Test Cases/Mobile/Page/CheckLogin: Test Cases/Mobile/Page/CheckLogin

2022-02-18 14:48:49 - [TEST_STEP][PASSED] - loginCheck = verifyElementExist(LOGN_BtnLogin, 5, CONTINUE_ON_FAILURE): Element 'Object Repository/Mobile/Page/Login/Button - Login' is exist

2022-02-18 14:48:51 - [MESSAGE][PASSED] - Element 'Object Repository/Mobile/Page/Login/Button - Login' is exist

2022-02-18 14:48:51 - [TEST_STEP][PASSED] - if (loginCheck): Call Test Case 'Test Cases/Mobile/Page/Login/Login' successfully

2022-02-18 14:48:51 - [TEST_STEP][PASSED] - callTestCase(findTestCase("Mobile/Page/Login/Login"), ["action":"username"], CONTINUE_ON_FAILURE): Call Test Case 'Test Cases/Mobile/Page/Login/Login' successfully

2022-02-18 14:48:51 - [TEST_CASE][PASSED] - Test Cases/Mobile/Page/Login/Login: Test Cases/Mobile/Page/Login/Login

2022-02-18 14:48:51 - [TEST_STEP][PASSED] - delay(2): Delayed 2 second(s)

2022-02-18 14:48:53 - [MESSAGE][PASSED] - Delayed 2 second(s)

2022-02-18 14:48:53 - [TEST_STEP][PASSED] - for ([i = 0, i < 1, (i++)]): null

2022-02-18 14:48:53 - [TEST_STEP][PASSED] - if (action == "username"): null

2022-02-18 14:48:53 - [TEST_STEP][PASSED] - tap(LOGN_EdtUserID, 0): Tapped on element 'Object Repository/Mobile/Page/Login/Input - UserID'

2022-02-18 14:48:53 - [MESSAGE][WARNING] - Timeout '0' is invalid. Using default page load timeout: '60'

2022-02-18 14:48:53 - [MESSAGE][PASSED] - Tapped on element 'Object Repository/Mobile/Page/Login/Input - UserID'

2022-02-18 14:48:53 - [TEST_STEP][PASSED] - delay(1): Delayed 1 second(s)

2022-02-18 14:48:54 - [MESSAGE][PASSED] - Delayed 1 second(s)

2022-02-18 14:48:54 - [TEST_STEP][PASSED] - setText(LOGN_EdtRdyUserID, "anggaaditya", 0): Text 'anggaaditya' has been set to element 'Object Repository/Mobile/Page/Login/Input Rdy - UserID'

2022-02-18 14:48:54 - [MESSAGE][WARNING] - Timeout '0' is invalid. Using default page load timeout: '60'

2022-02-18 14:48:55 - [MESSAGE][PASSED] - Text 'anggaaditya' has been set to element 'Object Repository/Mobile/Page/Login/Input Rdy - UserID'

2022-02-18 14:48:55 - [TEST_STEP][PASSED] - delay(1): Delayed 1 second(s)

2022-02-18 14:48:56 - [MESSAGE][PASSED] - Delayed 1 second(s)

2022-02-18 14:48:56 - [TEST_STEP][PASSED] - hideKeyboard(): Keyboard is hidden

2022-02-18 14:49:03 - [MESSAGE][PASSED] - Keyboard is hidden

2022-02-18 14:49:03 - [TEST_STEP][PASSED] - tap(LOGN_EdtPassword, 0): Tapped on element 'Object Repository/Mobile/Page/Login/Input - Password'

2022-02-18 14:49:03 - [MESSAGE][WARNING] - Timeout '0' is invalid. Using default page load timeout: '60'

2022-02-18 14:49:04 - [MESSAGE][PASSED] - Tapped on element 'Object Repository/Mobile/Page/Login/Input - Password'

2022-02-18 14:49:04 - [TEST_STEP][PASSED] - delay(1): Delayed 1 second(s)

2022-02-18 14:49:05 - [MESSAGE][PASSED] - Delayed 1 second(s)

2022-02-18 14:49:05 - [TEST_STEP][PASSED] - setText(LOGN_EdtRdyPassword, "Shalawa18", 0): Text 'Shalawa18' has been set to element 'Object Repository/Mobile/Page/Login/Input Rdy - Password'

2022-02-18 14:49:05 - [MESSAGE][WARNING] - Timeout '0' is invalid. Using default page load timeout: '60'

2022-02-18 14:49:05 - [MESSAGE][PASSED] - Text 'Shalawa18' has been set to element 'Object Repository/Mobile/Page/Login/Input Rdy - Password'

2022-02-18 14:49:05 - [TEST_STEP][PASSED] - delay(1): Delayed 1 second(s)

2022-02-18 14:49:06 - [MESSAGE][PASSED] - Delayed 1 second(s)

2022-02-18 14:49:06 - [TEST_STEP][PASSED] - hideKeyboard(): Keyboard is hidden

2022-02-18 14:49:13 - [MESSAGE][PASSED] - Keyboard is hidden

2022-02-18 14:49:13 - [TEST_STEP][PASSED] - tap(LOGN_BtnLogin, 0): Tapped on element 'Object Repository/Mobile/Page/Login/Button - Login'

2022-02-18 14:49:13 - [MESSAGE][WARNING] - Timeout '0' is invalid. Using default page load timeout: '60'

2022-02-18 14:49:14 - [MESSAGE][PASSED] - Tapped on element 'Object Repository/Mobile/Page/Login/Button - Login'

2022-02-18 14:49:14 - [TEST_STEP][PASSED] - delay(2): Delayed 2 second(s)

2022-02-18 14:49:16 - [MESSAGE][PASSED] - Delayed 2 second(s)

2022-02-18 14:49:16 - [TEST_STEP][PASSED] - break: null

2022-02-18 14:49:16 - [MESSAGE][PASSED] - Call Test Case 'Test Cases/Mobile/Page/Login/Login' successfully

2022-02-18 14:49:16 - [MESSAGE][PASSED] - Call Test Case 'Test Cases/Mobile/Page/CheckLogin' successfully

2022-02-18 14:49:16 - [TEST_STEP][PASSED] - tap(HOME_MenubarAnalysis, 0): Tapped on element 'Object Repository/Mobile/Page/Home/Menubar - Analysis'

2022-02-18 14:49:16 - [MESSAGE][WARNING] - Timeout '0' is invalid. Using default page load timeout: '60'

2022-02-18 14:49:18 - [MESSAGE][PASSED] - Tapped on element 'Object Repository/Mobile/Page/Home/Menubar - Analysis'

2022-02-18 14:49:18 - [TEST_STEP][PASSED] - delay(3): Delayed 3 second(s)

2022-02-18 14:49:21 - [MESSAGE][PASSED] - Delayed 3 second(s)

2022-02-18 14:49:21 - [TEST_STEP][PASSED] - for ([i = 0, i < 1, (i++)]): Delayed 2 second(s)

2022-02-18 14:49:21 - [TEST_STEP][PASSED] - if (action == "technicalsearch"): null

2022-02-18 14:49:21 - [TEST_STEP][PASSED] - else if (action == "technicaldetail"): Delayed 2 second(s)

2022-02-18 14:49:21 - [TEST_STEP][PASSED] - tapAndHold(ANAL_ItemTopResultTech, 1, 0): Tapped and held on element 'Object Repository/Mobile/Page/Analysis/Item - Top Technical' with duration 1

2022-02-18 14:49:21 - [MESSAGE][WARNING] - Timeout '0' is invalid. Using default page load timeout: '60'

2022-02-18 14:49:24 - [MESSAGE][PASSED] - Tapped and held on element 'Object Repository/Mobile/Page/Analysis/Item - Top Technical' with duration 1

2022-02-18 14:49:24 - [TEST_STEP][PASSED] - delay(5): Delayed 5 second(s)

2022-02-18 14:49:29 - [MESSAGE][PASSED] - Delayed 5 second(s)

2022-02-18 14:49:29 - [TEST_STEP][PASSED] - switch (action2): null

2022-02-18 14:49:29 - [TEST_STEP][PASSED] - case "week":: null

2022-02-18 14:49:29 - [TEST_STEP][PASSED] - tapAndHold(ANAL_DETL_BtnW, 1, 0): Tapped and held on element 'Object Repository/Mobile/Page/Analysis/Detail/Button - W' with duration 1

2022-02-18 14:49:29 - [MESSAGE][WARNING] - Timeout '0' is invalid. Using default page load timeout: '60'

2022-02-18 14:49:32 - [MESSAGE][PASSED] - Tapped and held on element 'Object Repository/Mobile/Page/Analysis/Detail/Button - W' with duration 1

2022-02-18 14:49:32 - [TEST_STEP][PASSED] - break: null

2022-02-18 14:49:32 - [TEST_STEP][PASSED] - delay(2): Delayed 2 second(s)

2022-02-18 14:49:34 - [MESSAGE][PASSED] - Delayed 2 second(s)

2022-02-18 14:49:34 - [MESSAGE][PASSED] - Call Test Case 'Test Cases/Mobile/Page/Analysis/Analysis' successfully

2022-02-18 14:49:34 - [TEST_STEP][PASSED] - callTestCase(findTestCase("Mobile/Page/Run App/Terminate App"), [:], STOP_ON_FAILURE): Call Test Case 'Test Cases/Mobile/Page/Run App/Terminate App' successfully

2022-02-18 14:49:34 - [TEST_CASE][PASSED] - Test Cases/Mobile/Page/Run App/Terminate App: Test Cases/Mobile/Page/Run App/Terminate App

2022-02-18 14:49:34 - [TEST_STEP][PASSED] - startApp.OpenApp.terminateApplication(): startApp.OpenApp.terminateApplication is PASSED

2022-02-18 14:49:37 - [MESSAGE][PASSED] - Delayed 3 second(s)

2022-02-18 14:49:38 - [MESSAGE][PASSED] - Current device physical width is 720

2022-02-18 14:49:38 - [MESSAGE][PASSED] - Current device physical height is 1423

2022-02-18 14:49:40 - [MESSAGE][PASSED] - Swiped from 360,853 to 360,142

2022-02-18 14:49:41 - [MESSAGE][PASSED] - Delayed 1 second(s)

2022-02-18 14:49:43 - [MESSAGE][PASSED] - Swiped from 360,853 to 360,142

2022-02-18 14:49:46 - [MESSAGE][PASSED] - Delayed 3 second(s)

2022-02-18 14:49:46 - [MESSAGE][PASSED] - startApp.OpenApp.terminateApplication is PASSED

2022-02-18 14:49:46 - [MESSAGE][PASSED] - Call Test Case 'Test Cases/Mobile/Page/Run App/Terminate App' successfully]]></system-out>
         <system-err><![CDATA[]]></system-err>
      </testcase>
      <testcase name="Test Cases/Mobile/Scenario/Analysis/004 - Melihat detail stock kategori month" time="84.534" classname="Test Cases/Mobile/Scenario/Analysis/004 - Melihat detail stock kategori month" status="PASSED">
         <system-out><![CDATA[2022-02-18 14:49:46 - [TEST_CASE][PASSED] - Test Cases/Mobile/Scenario/Analysis/004 - Melihat detail stock kategori month: Test Cases/Mobile/Scenario/Analysis/004 - Melihat detail stock kategori month

2022-02-18 14:49:47 - [TEST_STEP][PASSED] - callTestCase(findTestCase("Mobile/Page/Run App/Run App byID"), [:], STOP_ON_FAILURE): Call Test Case 'Test Cases/Mobile/Page/Run App/Run App byID' successfully

2022-02-18 14:49:47 - [TEST_CASE][PASSED] - Test Cases/Mobile/Page/Run App/Run App byID: Test Cases/Mobile/Page/Run App/Run App byID

2022-02-18 14:49:47 - [TEST_STEP][PASSED] - startApp.OpenApp.startApplication("id.co.miraeasset.sageclub"): startApp.OpenApp.startApplication is PASSED

2022-02-18 14:50:13 - [MESSAGE][PASSED] - Starting app with application ID: 'id.co.miraeasset.sageclub'

2022-02-18 14:50:13 - [MESSAGE][PASSED] - startApp.OpenApp.startApplication is PASSED

2022-02-18 14:50:13 - [MESSAGE][PASSED] - Call Test Case 'Test Cases/Mobile/Page/Run App/Run App byID' successfully

2022-02-18 14:50:13 - [TEST_STEP][PASSED] - callTestCase(findTestCase("Mobile/Page/Analysis/Analysis"), ["action":"technicaldetail", "action2":"month"], CONTINUE_ON_FAILURE): Call Test Case 'Test Cases/Mobile/Page/Analysis/Analysis' successfully

2022-02-18 14:50:13 - [TEST_CASE][PASSED] - Test Cases/Mobile/Page/Analysis/Analysis: Test Cases/Mobile/Page/Analysis/Analysis

2022-02-18 14:50:13 - [TEST_STEP][PASSED] - callTestCase(findTestCase("Mobile/Page/CheckLogin"), [:], CONTINUE_ON_FAILURE): Call Test Case 'Test Cases/Mobile/Page/CheckLogin' successfully

2022-02-18 14:50:13 - [TEST_CASE][PASSED] - Test Cases/Mobile/Page/CheckLogin: Test Cases/Mobile/Page/CheckLogin

2022-02-18 14:50:13 - [TEST_STEP][PASSED] - loginCheck = verifyElementExist(LOGN_BtnLogin, 5, CONTINUE_ON_FAILURE): Element 'Object Repository/Mobile/Page/Login/Button - Login' is exist

2022-02-18 14:50:15 - [MESSAGE][PASSED] - Element 'Object Repository/Mobile/Page/Login/Button - Login' is exist

2022-02-18 14:50:15 - [TEST_STEP][PASSED] - if (loginCheck): Call Test Case 'Test Cases/Mobile/Page/Login/Login' successfully

2022-02-18 14:50:15 - [TEST_STEP][PASSED] - callTestCase(findTestCase("Mobile/Page/Login/Login"), ["action":"username"], CONTINUE_ON_FAILURE): Call Test Case 'Test Cases/Mobile/Page/Login/Login' successfully

2022-02-18 14:50:15 - [TEST_CASE][PASSED] - Test Cases/Mobile/Page/Login/Login: Test Cases/Mobile/Page/Login/Login

2022-02-18 14:50:15 - [TEST_STEP][PASSED] - delay(2): Delayed 2 second(s)

2022-02-18 14:50:17 - [MESSAGE][PASSED] - Delayed 2 second(s)

2022-02-18 14:50:17 - [TEST_STEP][PASSED] - for ([i = 0, i < 1, (i++)]): null

2022-02-18 14:50:17 - [TEST_STEP][PASSED] - if (action == "username"): null

2022-02-18 14:50:17 - [TEST_STEP][PASSED] - tap(LOGN_EdtUserID, 0): Tapped on element 'Object Repository/Mobile/Page/Login/Input - UserID'

2022-02-18 14:50:17 - [MESSAGE][WARNING] - Timeout '0' is invalid. Using default page load timeout: '60'

2022-02-18 14:50:17 - [MESSAGE][PASSED] - Tapped on element 'Object Repository/Mobile/Page/Login/Input - UserID'

2022-02-18 14:50:17 - [TEST_STEP][PASSED] - delay(1): Delayed 1 second(s)

2022-02-18 14:50:18 - [MESSAGE][PASSED] - Delayed 1 second(s)

2022-02-18 14:50:18 - [TEST_STEP][PASSED] - setText(LOGN_EdtRdyUserID, "anggaaditya", 0): Text 'anggaaditya' has been set to element 'Object Repository/Mobile/Page/Login/Input Rdy - UserID'

2022-02-18 14:50:18 - [MESSAGE][WARNING] - Timeout '0' is invalid. Using default page load timeout: '60'

2022-02-18 14:50:19 - [MESSAGE][PASSED] - Text 'anggaaditya' has been set to element 'Object Repository/Mobile/Page/Login/Input Rdy - UserID'

2022-02-18 14:50:19 - [TEST_STEP][PASSED] - delay(1): Delayed 1 second(s)

2022-02-18 14:50:20 - [MESSAGE][PASSED] - Delayed 1 second(s)

2022-02-18 14:50:20 - [TEST_STEP][PASSED] - hideKeyboard(): Keyboard is hidden

2022-02-18 14:50:25 - [MESSAGE][PASSED] - Keyboard is hidden

2022-02-18 14:50:25 - [TEST_STEP][PASSED] - tap(LOGN_EdtPassword, 0): Tapped on element 'Object Repository/Mobile/Page/Login/Input - Password'

2022-02-18 14:50:25 - [MESSAGE][WARNING] - Timeout '0' is invalid. Using default page load timeout: '60'

2022-02-18 14:50:26 - [MESSAGE][PASSED] - Tapped on element 'Object Repository/Mobile/Page/Login/Input - Password'

2022-02-18 14:50:26 - [TEST_STEP][PASSED] - delay(1): Delayed 1 second(s)

2022-02-18 14:50:27 - [MESSAGE][PASSED] - Delayed 1 second(s)

2022-02-18 14:50:27 - [TEST_STEP][PASSED] - setText(LOGN_EdtRdyPassword, "Shalawa18", 0): Text 'Shalawa18' has been set to element 'Object Repository/Mobile/Page/Login/Input Rdy - Password'

2022-02-18 14:50:27 - [MESSAGE][WARNING] - Timeout '0' is invalid. Using default page load timeout: '60'

2022-02-18 14:50:27 - [MESSAGE][PASSED] - Text 'Shalawa18' has been set to element 'Object Repository/Mobile/Page/Login/Input Rdy - Password'

2022-02-18 14:50:27 - [TEST_STEP][PASSED] - delay(1): Delayed 1 second(s)

2022-02-18 14:50:28 - [MESSAGE][PASSED] - Delayed 1 second(s)

2022-02-18 14:50:28 - [TEST_STEP][PASSED] - hideKeyboard(): Keyboard is hidden

2022-02-18 14:50:37 - [MESSAGE][PASSED] - Keyboard is hidden

2022-02-18 14:50:37 - [TEST_STEP][PASSED] - tap(LOGN_BtnLogin, 0): Tapped on element 'Object Repository/Mobile/Page/Login/Button - Login'

2022-02-18 14:50:37 - [MESSAGE][WARNING] - Timeout '0' is invalid. Using default page load timeout: '60'

2022-02-18 14:50:37 - [MESSAGE][PASSED] - Tapped on element 'Object Repository/Mobile/Page/Login/Button - Login'

2022-02-18 14:50:37 - [TEST_STEP][PASSED] - delay(2): Delayed 2 second(s)

2022-02-18 14:50:39 - [MESSAGE][PASSED] - Delayed 2 second(s)

2022-02-18 14:50:39 - [TEST_STEP][PASSED] - break: null

2022-02-18 14:50:39 - [MESSAGE][PASSED] - Call Test Case 'Test Cases/Mobile/Page/Login/Login' successfully

2022-02-18 14:50:39 - [MESSAGE][PASSED] - Call Test Case 'Test Cases/Mobile/Page/CheckLogin' successfully

2022-02-18 14:50:39 - [TEST_STEP][PASSED] - tap(HOME_MenubarAnalysis, 0): Tapped on element 'Object Repository/Mobile/Page/Home/Menubar - Analysis'

2022-02-18 14:50:39 - [MESSAGE][WARNING] - Timeout '0' is invalid. Using default page load timeout: '60'

2022-02-18 14:50:42 - [MESSAGE][PASSED] - Tapped on element 'Object Repository/Mobile/Page/Home/Menubar - Analysis'

2022-02-18 14:50:42 - [TEST_STEP][PASSED] - delay(3): Delayed 3 second(s)

2022-02-18 14:50:45 - [MESSAGE][PASSED] - Delayed 3 second(s)

2022-02-18 14:50:45 - [TEST_STEP][PASSED] - for ([i = 0, i < 1, (i++)]): Delayed 2 second(s)

2022-02-18 14:50:45 - [TEST_STEP][PASSED] - if (action == "technicalsearch"): null

2022-02-18 14:50:45 - [TEST_STEP][PASSED] - else if (action == "technicaldetail"): Delayed 2 second(s)

2022-02-18 14:50:45 - [TEST_STEP][PASSED] - tapAndHold(ANAL_ItemTopResultTech, 1, 0): Tapped and held on element 'Object Repository/Mobile/Page/Analysis/Item - Top Technical' with duration 1

2022-02-18 14:50:45 - [MESSAGE][WARNING] - Timeout '0' is invalid. Using default page load timeout: '60'

2022-02-18 14:50:48 - [MESSAGE][PASSED] - Tapped and held on element 'Object Repository/Mobile/Page/Analysis/Item - Top Technical' with duration 1

2022-02-18 14:50:48 - [TEST_STEP][PASSED] - delay(5): Delayed 5 second(s)

2022-02-18 14:50:53 - [MESSAGE][PASSED] - Delayed 5 second(s)

2022-02-18 14:50:53 - [TEST_STEP][PASSED] - switch (action2): null

2022-02-18 14:50:53 - [TEST_STEP][PASSED] - case "month":: null

2022-02-18 14:50:53 - [TEST_STEP][PASSED] - tapAndHold(ANAL_DETL_BtnM, 1, 0): Tapped and held on element 'Object Repository/Mobile/Page/Analysis/Detail/Button - M' with duration 1

2022-02-18 14:50:53 - [MESSAGE][WARNING] - Timeout '0' is invalid. Using default page load timeout: '60'

2022-02-18 14:50:56 - [MESSAGE][PASSED] - Tapped and held on element 'Object Repository/Mobile/Page/Analysis/Detail/Button - M' with duration 1

2022-02-18 14:50:56 - [TEST_STEP][PASSED] - break: null

2022-02-18 14:50:56 - [TEST_STEP][PASSED] - delay(2): Delayed 2 second(s)

2022-02-18 14:50:58 - [MESSAGE][PASSED] - Delayed 2 second(s)

2022-02-18 14:50:58 - [MESSAGE][PASSED] - Call Test Case 'Test Cases/Mobile/Page/Analysis/Analysis' successfully

2022-02-18 14:50:58 - [TEST_STEP][PASSED] - callTestCase(findTestCase("Mobile/Page/Run App/Terminate App"), [:], STOP_ON_FAILURE): Call Test Case 'Test Cases/Mobile/Page/Run App/Terminate App' successfully

2022-02-18 14:50:58 - [TEST_CASE][PASSED] - Test Cases/Mobile/Page/Run App/Terminate App: Test Cases/Mobile/Page/Run App/Terminate App

2022-02-18 14:50:58 - [TEST_STEP][PASSED] - startApp.OpenApp.terminateApplication(): startApp.OpenApp.terminateApplication is PASSED

2022-02-18 14:51:01 - [MESSAGE][PASSED] - Delayed 3 second(s)

2022-02-18 14:51:02 - [MESSAGE][PASSED] - Current device physical width is 720

2022-02-18 14:51:03 - [MESSAGE][PASSED] - Current device physical height is 1423

2022-02-18 14:51:04 - [MESSAGE][PASSED] - Swiped from 360,853 to 360,142

2022-02-18 14:51:05 - [MESSAGE][PASSED] - Delayed 1 second(s)

2022-02-18 14:51:07 - [MESSAGE][PASSED] - Swiped from 360,853 to 360,142

2022-02-18 14:51:10 - [MESSAGE][PASSED] - Delayed 3 second(s)

2022-02-18 14:51:10 - [MESSAGE][PASSED] - startApp.OpenApp.terminateApplication is PASSED

2022-02-18 14:51:10 - [MESSAGE][PASSED] - Call Test Case 'Test Cases/Mobile/Page/Run App/Terminate App' successfully]]></system-out>
         <system-err><![CDATA[]]></system-err>
      </testcase>
      <testcase name="Test Cases/Mobile/Scenario/Analysis/005 - Melihat detail stock kategori year" time="83.354" classname="Test Cases/Mobile/Scenario/Analysis/005 - Melihat detail stock kategori year" status="PASSED">
         <system-out><![CDATA[2022-02-18 14:51:10 - [TEST_CASE][PASSED] - Test Cases/Mobile/Scenario/Analysis/005 - Melihat detail stock kategori year: Test Cases/Mobile/Scenario/Analysis/005 - Melihat detail stock kategori year

2022-02-18 14:51:12 - [TEST_STEP][PASSED] - callTestCase(findTestCase("Mobile/Page/Run App/Run App byID"), [:], STOP_ON_FAILURE): Call Test Case 'Test Cases/Mobile/Page/Run App/Run App byID' successfully

2022-02-18 14:51:12 - [TEST_CASE][PASSED] - Test Cases/Mobile/Page/Run App/Run App byID: Test Cases/Mobile/Page/Run App/Run App byID

2022-02-18 14:51:12 - [TEST_STEP][PASSED] - startApp.OpenApp.startApplication("id.co.miraeasset.sageclub"): startApp.OpenApp.startApplication is PASSED

2022-02-18 14:51:39 - [MESSAGE][PASSED] - Starting app with application ID: 'id.co.miraeasset.sageclub'

2022-02-18 14:51:39 - [MESSAGE][PASSED] - startApp.OpenApp.startApplication is PASSED

2022-02-18 14:51:39 - [MESSAGE][PASSED] - Call Test Case 'Test Cases/Mobile/Page/Run App/Run App byID' successfully

2022-02-18 14:51:39 - [TEST_STEP][PASSED] - callTestCase(findTestCase("Mobile/Page/Analysis/Analysis"), ["action":"technicaldetail", "action2":"year"], CONTINUE_ON_FAILURE): Call Test Case 'Test Cases/Mobile/Page/Analysis/Analysis' successfully

2022-02-18 14:51:39 - [TEST_CASE][PASSED] - Test Cases/Mobile/Page/Analysis/Analysis: Test Cases/Mobile/Page/Analysis/Analysis

2022-02-18 14:51:39 - [TEST_STEP][PASSED] - callTestCase(findTestCase("Mobile/Page/CheckLogin"), [:], CONTINUE_ON_FAILURE): Call Test Case 'Test Cases/Mobile/Page/CheckLogin' successfully

2022-02-18 14:51:39 - [TEST_CASE][PASSED] - Test Cases/Mobile/Page/CheckLogin: Test Cases/Mobile/Page/CheckLogin

2022-02-18 14:51:39 - [TEST_STEP][PASSED] - loginCheck = verifyElementExist(LOGN_BtnLogin, 5, CONTINUE_ON_FAILURE): Element 'Object Repository/Mobile/Page/Login/Button - Login' is exist

2022-02-18 14:51:40 - [MESSAGE][PASSED] - Element 'Object Repository/Mobile/Page/Login/Button - Login' is exist

2022-02-18 14:51:40 - [TEST_STEP][PASSED] - if (loginCheck): Call Test Case 'Test Cases/Mobile/Page/Login/Login' successfully

2022-02-18 14:51:40 - [TEST_STEP][PASSED] - callTestCase(findTestCase("Mobile/Page/Login/Login"), ["action":"username"], CONTINUE_ON_FAILURE): Call Test Case 'Test Cases/Mobile/Page/Login/Login' successfully

2022-02-18 14:51:40 - [TEST_CASE][PASSED] - Test Cases/Mobile/Page/Login/Login: Test Cases/Mobile/Page/Login/Login

2022-02-18 14:51:40 - [TEST_STEP][PASSED] - delay(2): Delayed 2 second(s)

2022-02-18 14:51:42 - [MESSAGE][PASSED] - Delayed 2 second(s)

2022-02-18 14:51:42 - [TEST_STEP][PASSED] - for ([i = 0, i < 1, (i++)]): null

2022-02-18 14:51:42 - [TEST_STEP][PASSED] - if (action == "username"): null

2022-02-18 14:51:42 - [TEST_STEP][PASSED] - tap(LOGN_EdtUserID, 0): Tapped on element 'Object Repository/Mobile/Page/Login/Input - UserID'

2022-02-18 14:51:42 - [MESSAGE][WARNING] - Timeout '0' is invalid. Using default page load timeout: '60'

2022-02-18 14:51:43 - [MESSAGE][PASSED] - Tapped on element 'Object Repository/Mobile/Page/Login/Input - UserID'

2022-02-18 14:51:43 - [TEST_STEP][PASSED] - delay(1): Delayed 1 second(s)

2022-02-18 14:51:44 - [MESSAGE][PASSED] - Delayed 1 second(s)

2022-02-18 14:51:44 - [TEST_STEP][PASSED] - setText(LOGN_EdtRdyUserID, "anggaaditya", 0): Text 'anggaaditya' has been set to element 'Object Repository/Mobile/Page/Login/Input Rdy - UserID'

2022-02-18 14:51:44 - [MESSAGE][WARNING] - Timeout '0' is invalid. Using default page load timeout: '60'

2022-02-18 14:51:45 - [MESSAGE][PASSED] - Text 'anggaaditya' has been set to element 'Object Repository/Mobile/Page/Login/Input Rdy - UserID'

2022-02-18 14:51:45 - [TEST_STEP][PASSED] - delay(1): Delayed 1 second(s)

2022-02-18 14:51:46 - [MESSAGE][PASSED] - Delayed 1 second(s)

2022-02-18 14:51:46 - [TEST_STEP][PASSED] - hideKeyboard(): Keyboard is hidden

2022-02-18 14:51:50 - [MESSAGE][PASSED] - Keyboard is hidden

2022-02-18 14:51:50 - [TEST_STEP][PASSED] - tap(LOGN_EdtPassword, 0): Tapped on element 'Object Repository/Mobile/Page/Login/Input - Password'

2022-02-18 14:51:50 - [MESSAGE][WARNING] - Timeout '0' is invalid. Using default page load timeout: '60'

2022-02-18 14:51:50 - [MESSAGE][PASSED] - Tapped on element 'Object Repository/Mobile/Page/Login/Input - Password'

2022-02-18 14:51:50 - [TEST_STEP][PASSED] - delay(1): Delayed 1 second(s)

2022-02-18 14:51:51 - [MESSAGE][PASSED] - Delayed 1 second(s)

2022-02-18 14:51:51 - [TEST_STEP][PASSED] - setText(LOGN_EdtRdyPassword, "Shalawa18", 0): Text 'Shalawa18' has been set to element 'Object Repository/Mobile/Page/Login/Input Rdy - Password'

2022-02-18 14:51:51 - [MESSAGE][WARNING] - Timeout '0' is invalid. Using default page load timeout: '60'

2022-02-18 14:51:52 - [MESSAGE][PASSED] - Text 'Shalawa18' has been set to element 'Object Repository/Mobile/Page/Login/Input Rdy - Password'

2022-02-18 14:51:52 - [TEST_STEP][PASSED] - delay(1): Delayed 1 second(s)

2022-02-18 14:51:53 - [MESSAGE][PASSED] - Delayed 1 second(s)

2022-02-18 14:51:53 - [TEST_STEP][PASSED] - hideKeyboard(): Keyboard is hidden

2022-02-18 14:52:01 - [MESSAGE][PASSED] - Keyboard is hidden

2022-02-18 14:52:01 - [TEST_STEP][PASSED] - tap(LOGN_BtnLogin, 0): Tapped on element 'Object Repository/Mobile/Page/Login/Button - Login'

2022-02-18 14:52:01 - [MESSAGE][WARNING] - Timeout '0' is invalid. Using default page load timeout: '60'

2022-02-18 14:52:02 - [MESSAGE][PASSED] - Tapped on element 'Object Repository/Mobile/Page/Login/Button - Login'

2022-02-18 14:52:02 - [TEST_STEP][PASSED] - delay(2): Delayed 2 second(s)

2022-02-18 14:52:04 - [MESSAGE][PASSED] - Delayed 2 second(s)

2022-02-18 14:52:04 - [TEST_STEP][PASSED] - break: null

2022-02-18 14:52:04 - [MESSAGE][PASSED] - Call Test Case 'Test Cases/Mobile/Page/Login/Login' successfully

2022-02-18 14:52:04 - [MESSAGE][PASSED] - Call Test Case 'Test Cases/Mobile/Page/CheckLogin' successfully

2022-02-18 14:52:04 - [TEST_STEP][PASSED] - tap(HOME_MenubarAnalysis, 0): Tapped on element 'Object Repository/Mobile/Page/Home/Menubar - Analysis'

2022-02-18 14:52:04 - [MESSAGE][WARNING] - Timeout '0' is invalid. Using default page load timeout: '60'

2022-02-18 14:52:06 - [MESSAGE][PASSED] - Tapped on element 'Object Repository/Mobile/Page/Home/Menubar - Analysis'

2022-02-18 14:52:06 - [TEST_STEP][PASSED] - delay(3): Delayed 3 second(s)

2022-02-18 14:52:09 - [MESSAGE][PASSED] - Delayed 3 second(s)

2022-02-18 14:52:09 - [TEST_STEP][PASSED] - for ([i = 0, i < 1, (i++)]): Delayed 2 second(s)

2022-02-18 14:52:09 - [TEST_STEP][PASSED] - if (action == "technicalsearch"): null

2022-02-18 14:52:09 - [TEST_STEP][PASSED] - else if (action == "technicaldetail"): Delayed 2 second(s)

2022-02-18 14:52:09 - [TEST_STEP][PASSED] - tapAndHold(ANAL_ItemTopResultTech, 1, 0): Tapped and held on element 'Object Repository/Mobile/Page/Analysis/Item - Top Technical' with duration 1

2022-02-18 14:52:09 - [MESSAGE][WARNING] - Timeout '0' is invalid. Using default page load timeout: '60'

2022-02-18 14:52:12 - [MESSAGE][PASSED] - Tapped and held on element 'Object Repository/Mobile/Page/Analysis/Item - Top Technical' with duration 1

2022-02-18 14:52:12 - [TEST_STEP][PASSED] - delay(5): Delayed 5 second(s)

2022-02-18 14:52:17 - [MESSAGE][PASSED] - Delayed 5 second(s)

2022-02-18 14:52:17 - [TEST_STEP][PASSED] - switch (action2): null

2022-02-18 14:52:17 - [TEST_STEP][PASSED] - case "year":: null

2022-02-18 14:52:17 - [TEST_STEP][PASSED] - tapAndHold(ANAL_DETL_BtnY, 1, 0): Tapped and held on element 'Object Repository/Mobile/Page/Analysis/Detail/Button - Y' with duration 1

2022-02-18 14:52:17 - [MESSAGE][WARNING] - Timeout '0' is invalid. Using default page load timeout: '60'

2022-02-18 14:52:20 - [MESSAGE][PASSED] - Tapped and held on element 'Object Repository/Mobile/Page/Analysis/Detail/Button - Y' with duration 1

2022-02-18 14:52:20 - [TEST_STEP][PASSED] - break: null

2022-02-18 14:52:20 - [TEST_STEP][PASSED] - delay(2): Delayed 2 second(s)

2022-02-18 14:52:22 - [MESSAGE][PASSED] - Delayed 2 second(s)

2022-02-18 14:52:22 - [MESSAGE][PASSED] - Call Test Case 'Test Cases/Mobile/Page/Analysis/Analysis' successfully

2022-02-18 14:52:22 - [TEST_STEP][PASSED] - callTestCase(findTestCase("Mobile/Page/Run App/Terminate App"), [:], STOP_ON_FAILURE): Call Test Case 'Test Cases/Mobile/Page/Run App/Terminate App' successfully

2022-02-18 14:52:22 - [TEST_CASE][PASSED] - Test Cases/Mobile/Page/Run App/Terminate App: Test Cases/Mobile/Page/Run App/Terminate App

2022-02-18 14:52:22 - [TEST_STEP][PASSED] - startApp.OpenApp.terminateApplication(): startApp.OpenApp.terminateApplication is PASSED

2022-02-18 14:52:25 - [MESSAGE][PASSED] - Delayed 3 second(s)

2022-02-18 14:52:26 - [MESSAGE][PASSED] - Current device physical width is 720

2022-02-18 14:52:26 - [MESSAGE][PASSED] - Current device physical height is 1423

2022-02-18 14:52:28 - [MESSAGE][PASSED] - Swiped from 360,853 to 360,142

2022-02-18 14:52:29 - [MESSAGE][PASSED] - Delayed 1 second(s)

2022-02-18 14:52:30 - [MESSAGE][PASSED] - Swiped from 360,853 to 360,142

2022-02-18 14:52:33 - [MESSAGE][PASSED] - Delayed 3 second(s)

2022-02-18 14:52:33 - [MESSAGE][PASSED] - startApp.OpenApp.terminateApplication is PASSED

2022-02-18 14:52:33 - [MESSAGE][PASSED] - Call Test Case 'Test Cases/Mobile/Page/Run App/Terminate App' successfully]]></system-out>
         <system-err><![CDATA[]]></system-err>
      </testcase>
      <testcase name="Test Cases/Mobile/Scenario/Analysis/006 - Melihat Research Report" time="74.311" classname="Test Cases/Mobile/Scenario/Analysis/006 - Melihat Research Report" status="PASSED">
         <system-out><![CDATA[2022-02-18 14:52:33 - [TEST_CASE][PASSED] - Test Cases/Mobile/Scenario/Analysis/006 - Melihat Research Report: Test Cases/Mobile/Scenario/Analysis/006 - Melihat Research Report

2022-02-18 14:52:35 - [TEST_STEP][PASSED] - callTestCase(findTestCase("Mobile/Page/Run App/Run App byID"), [:], STOP_ON_FAILURE): Call Test Case 'Test Cases/Mobile/Page/Run App/Run App byID' successfully

2022-02-18 14:52:35 - [TEST_CASE][PASSED] - Test Cases/Mobile/Page/Run App/Run App byID: Test Cases/Mobile/Page/Run App/Run App byID

2022-02-18 14:52:35 - [TEST_STEP][PASSED] - startApp.OpenApp.startApplication("id.co.miraeasset.sageclub"): startApp.OpenApp.startApplication is PASSED

2022-02-18 14:52:55 - [MESSAGE][PASSED] - Starting app with application ID: 'id.co.miraeasset.sageclub'

2022-02-18 14:52:55 - [MESSAGE][PASSED] - startApp.OpenApp.startApplication is PASSED

2022-02-18 14:52:55 - [MESSAGE][PASSED] - Call Test Case 'Test Cases/Mobile/Page/Run App/Run App byID' successfully

2022-02-18 14:52:55 - [TEST_STEP][PASSED] - callTestCase(findTestCase("Mobile/Page/Analysis/Analysis"), ["action":"researchdetail"], CONTINUE_ON_FAILURE): Call Test Case 'Test Cases/Mobile/Page/Analysis/Analysis' successfully

2022-02-18 14:52:55 - [TEST_CASE][PASSED] - Test Cases/Mobile/Page/Analysis/Analysis: Test Cases/Mobile/Page/Analysis/Analysis

2022-02-18 14:52:55 - [TEST_STEP][PASSED] - callTestCase(findTestCase("Mobile/Page/CheckLogin"), [:], CONTINUE_ON_FAILURE): Call Test Case 'Test Cases/Mobile/Page/CheckLogin' successfully

2022-02-18 14:52:55 - [TEST_CASE][PASSED] - Test Cases/Mobile/Page/CheckLogin: Test Cases/Mobile/Page/CheckLogin

2022-02-18 14:52:55 - [TEST_STEP][PASSED] - loginCheck = verifyElementExist(LOGN_BtnLogin, 5, CONTINUE_ON_FAILURE): Element 'Object Repository/Mobile/Page/Login/Button - Login' is exist

2022-02-18 14:52:57 - [MESSAGE][PASSED] - Element 'Object Repository/Mobile/Page/Login/Button - Login' is exist

2022-02-18 14:52:57 - [TEST_STEP][PASSED] - if (loginCheck): Call Test Case 'Test Cases/Mobile/Page/Login/Login' successfully

2022-02-18 14:52:57 - [TEST_STEP][PASSED] - callTestCase(findTestCase("Mobile/Page/Login/Login"), ["action":"username"], CONTINUE_ON_FAILURE): Call Test Case 'Test Cases/Mobile/Page/Login/Login' successfully

2022-02-18 14:52:57 - [TEST_CASE][PASSED] - Test Cases/Mobile/Page/Login/Login: Test Cases/Mobile/Page/Login/Login

2022-02-18 14:52:57 - [TEST_STEP][PASSED] - delay(2): Delayed 2 second(s)

2022-02-18 14:52:59 - [MESSAGE][PASSED] - Delayed 2 second(s)

2022-02-18 14:52:59 - [TEST_STEP][PASSED] - for ([i = 0, i < 1, (i++)]): null

2022-02-18 14:52:59 - [TEST_STEP][PASSED] - if (action == "username"): null

2022-02-18 14:52:59 - [TEST_STEP][PASSED] - tap(LOGN_EdtUserID, 0): Tapped on element 'Object Repository/Mobile/Page/Login/Input - UserID'

2022-02-18 14:52:59 - [MESSAGE][WARNING] - Timeout '0' is invalid. Using default page load timeout: '60'

2022-02-18 14:53:01 - [MESSAGE][PASSED] - Tapped on element 'Object Repository/Mobile/Page/Login/Input - UserID'

2022-02-18 14:53:01 - [TEST_STEP][PASSED] - delay(1): Delayed 1 second(s)

2022-02-18 14:53:02 - [MESSAGE][PASSED] - Delayed 1 second(s)

2022-02-18 14:53:02 - [TEST_STEP][PASSED] - setText(LOGN_EdtRdyUserID, "anggaaditya", 0): Text 'anggaaditya' has been set to element 'Object Repository/Mobile/Page/Login/Input Rdy - UserID'

2022-02-18 14:53:02 - [MESSAGE][WARNING] - Timeout '0' is invalid. Using default page load timeout: '60'

2022-02-18 14:53:03 - [MESSAGE][PASSED] - Text 'anggaaditya' has been set to element 'Object Repository/Mobile/Page/Login/Input Rdy - UserID'

2022-02-18 14:53:03 - [TEST_STEP][PASSED] - delay(1): Delayed 1 second(s)

2022-02-18 14:53:04 - [MESSAGE][PASSED] - Delayed 1 second(s)

2022-02-18 14:53:04 - [TEST_STEP][PASSED] - hideKeyboard(): Keyboard is hidden

2022-02-18 14:53:08 - [MESSAGE][PASSED] - Keyboard is hidden

2022-02-18 14:53:08 - [TEST_STEP][PASSED] - tap(LOGN_EdtPassword, 0): Tapped on element 'Object Repository/Mobile/Page/Login/Input - Password'

2022-02-18 14:53:08 - [MESSAGE][WARNING] - Timeout '0' is invalid. Using default page load timeout: '60'

2022-02-18 14:53:09 - [MESSAGE][PASSED] - Tapped on element 'Object Repository/Mobile/Page/Login/Input - Password'

2022-02-18 14:53:09 - [TEST_STEP][PASSED] - delay(1): Delayed 1 second(s)

2022-02-18 14:53:10 - [MESSAGE][PASSED] - Delayed 1 second(s)

2022-02-18 14:53:10 - [TEST_STEP][PASSED] - setText(LOGN_EdtRdyPassword, "Shalawa18", 0): Text 'Shalawa18' has been set to element 'Object Repository/Mobile/Page/Login/Input Rdy - Password'

2022-02-18 14:53:10 - [MESSAGE][WARNING] - Timeout '0' is invalid. Using default page load timeout: '60'

2022-02-18 14:53:11 - [MESSAGE][PASSED] - Text 'Shalawa18' has been set to element 'Object Repository/Mobile/Page/Login/Input Rdy - Password'

2022-02-18 14:53:11 - [TEST_STEP][PASSED] - delay(1): Delayed 1 second(s)

2022-02-18 14:53:12 - [MESSAGE][PASSED] - Delayed 1 second(s)

2022-02-18 14:53:12 - [TEST_STEP][PASSED] - hideKeyboard(): Keyboard is hidden

2022-02-18 14:53:19 - [MESSAGE][PASSED] - Keyboard is hidden

2022-02-18 14:53:19 - [TEST_STEP][PASSED] - tap(LOGN_BtnLogin, 0): Tapped on element 'Object Repository/Mobile/Page/Login/Button - Login'

2022-02-18 14:53:19 - [MESSAGE][WARNING] - Timeout '0' is invalid. Using default page load timeout: '60'

2022-02-18 14:53:20 - [MESSAGE][PASSED] - Tapped on element 'Object Repository/Mobile/Page/Login/Button - Login'

2022-02-18 14:53:20 - [TEST_STEP][PASSED] - delay(2): Delayed 2 second(s)

2022-02-18 14:53:22 - [MESSAGE][PASSED] - Delayed 2 second(s)

2022-02-18 14:53:22 - [TEST_STEP][PASSED] - break: null

2022-02-18 14:53:22 - [MESSAGE][PASSED] - Call Test Case 'Test Cases/Mobile/Page/Login/Login' successfully

2022-02-18 14:53:22 - [MESSAGE][PASSED] - Call Test Case 'Test Cases/Mobile/Page/CheckLogin' successfully

2022-02-18 14:53:22 - [TEST_STEP][PASSED] - tap(HOME_MenubarAnalysis, 0): Tapped on element 'Object Repository/Mobile/Page/Home/Menubar - Analysis'

2022-02-18 14:53:22 - [MESSAGE][WARNING] - Timeout '0' is invalid. Using default page load timeout: '60'

2022-02-18 14:53:24 - [MESSAGE][PASSED] - Tapped on element 'Object Repository/Mobile/Page/Home/Menubar - Analysis'

2022-02-18 14:53:24 - [TEST_STEP][PASSED] - delay(3): Delayed 3 second(s)

2022-02-18 14:53:27 - [MESSAGE][PASSED] - Delayed 3 second(s)

2022-02-18 14:53:27 - [TEST_STEP][PASSED] - for ([i = 0, i < 1, (i++)]): Press back button successfully

2022-02-18 14:53:27 - [TEST_STEP][PASSED] - if (action == "technicalsearch"): null

2022-02-18 14:53:27 - [TEST_STEP][PASSED] - else if (action == "technicaldetail"): null

2022-02-18 14:53:27 - [TEST_STEP][PASSED] - else if (action == "researchdetail"): Press back button successfully

2022-02-18 14:53:27 - [TEST_STEP][PASSED] - tap(ANAL_TabResearchReport, 0): Tapped on element 'Object Repository/Mobile/Page/Analysis/Tab - Research Report'

2022-02-18 14:53:27 - [MESSAGE][WARNING] - Timeout '0' is invalid. Using default page load timeout: '60'

2022-02-18 14:53:28 - [MESSAGE][PASSED] - Tapped on element 'Object Repository/Mobile/Page/Analysis/Tab - Research Report'

2022-02-18 14:53:28 - [TEST_STEP][PASSED] - delay(1): Delayed 1 second(s)

2022-02-18 14:53:29 - [MESSAGE][PASSED] - Delayed 1 second(s)

2022-02-18 14:53:29 - [TEST_STEP][PASSED] - tapAndHold(ANAL_ItemTopSearch, 1, 0): Tapped and held on element 'Object Repository/Mobile/Page/Analysis/Item - Top Search' with duration 1

2022-02-18 14:53:29 - [MESSAGE][WARNING] - Timeout '0' is invalid. Using default page load timeout: '60'

2022-02-18 14:53:32 - [MESSAGE][PASSED] - Tapped and held on element 'Object Repository/Mobile/Page/Analysis/Item - Top Search' with duration 1

2022-02-18 14:53:32 - [TEST_STEP][PASSED] - delay(3): Delayed 3 second(s)

2022-02-18 14:53:35 - [MESSAGE][PASSED] - Delayed 3 second(s)

2022-02-18 14:53:35 - [TEST_STEP][PASSED] - pressBack(): Press back button successfully

2022-02-18 14:53:36 - [MESSAGE][PASSED] - Press back button successfully

2022-02-18 14:53:36 - [MESSAGE][PASSED] - Call Test Case 'Test Cases/Mobile/Page/Analysis/Analysis' successfully

2022-02-18 14:53:36 - [TEST_STEP][PASSED] - callTestCase(findTestCase("Mobile/Page/Run App/Terminate App"), [:], STOP_ON_FAILURE): Call Test Case 'Test Cases/Mobile/Page/Run App/Terminate App' successfully

2022-02-18 14:53:36 - [TEST_CASE][PASSED] - Test Cases/Mobile/Page/Run App/Terminate App: Test Cases/Mobile/Page/Run App/Terminate App

2022-02-18 14:53:36 - [TEST_STEP][PASSED] - startApp.OpenApp.terminateApplication(): startApp.OpenApp.terminateApplication is PASSED

2022-02-18 14:53:39 - [MESSAGE][PASSED] - Delayed 3 second(s)

2022-02-18 14:53:40 - [MESSAGE][PASSED] - Current device physical width is 720

2022-02-18 14:53:41 - [MESSAGE][PASSED] - Current device physical height is 1423

2022-02-18 14:53:42 - [MESSAGE][PASSED] - Swiped from 360,853 to 360,142

2022-02-18 14:53:43 - [MESSAGE][PASSED] - Delayed 1 second(s)

2022-02-18 14:53:45 - [MESSAGE][PASSED] - Swiped from 360,853 to 360,142

2022-02-18 14:53:48 - [MESSAGE][PASSED] - Delayed 3 second(s)

2022-02-18 14:53:48 - [MESSAGE][PASSED] - startApp.OpenApp.terminateApplication is PASSED

2022-02-18 14:53:48 - [MESSAGE][PASSED] - Call Test Case 'Test Cases/Mobile/Page/Run App/Terminate App' successfully]]></system-out>
         <system-err><![CDATA[]]></system-err>
      </testcase>
      <testcase name="Test Cases/Mobile/Scenario/Analysis/007 - Mencari research report" time="81.179" classname="Test Cases/Mobile/Scenario/Analysis/007 - Mencari research report" status="PASSED">
         <system-out><![CDATA[2022-02-18 14:53:48 - [TEST_CASE][PASSED] - Test Cases/Mobile/Scenario/Analysis/007 - Mencari research report: Test Cases/Mobile/Scenario/Analysis/007 - Mencari research report

2022-02-18 14:53:49 - [TEST_STEP][PASSED] - callTestCase(findTestCase("Mobile/Page/Run App/Run App byID"), [:], STOP_ON_FAILURE): Call Test Case 'Test Cases/Mobile/Page/Run App/Run App byID' successfully

2022-02-18 14:53:49 - [TEST_CASE][PASSED] - Test Cases/Mobile/Page/Run App/Run App byID: Test Cases/Mobile/Page/Run App/Run App byID

2022-02-18 14:53:49 - [TEST_STEP][PASSED] - startApp.OpenApp.startApplication("id.co.miraeasset.sageclub"): startApp.OpenApp.startApplication is PASSED

2022-02-18 14:54:11 - [MESSAGE][PASSED] - Starting app with application ID: 'id.co.miraeasset.sageclub'

2022-02-18 14:54:11 - [MESSAGE][PASSED] - startApp.OpenApp.startApplication is PASSED

2022-02-18 14:54:11 - [MESSAGE][PASSED] - Call Test Case 'Test Cases/Mobile/Page/Run App/Run App byID' successfully

2022-02-18 14:54:11 - [TEST_STEP][PASSED] - callTestCase(findTestCase("Mobile/Page/Analysis/Analysis"), ["action":"researchsearch"], CONTINUE_ON_FAILURE): Call Test Case 'Test Cases/Mobile/Page/Analysis/Analysis' successfully

2022-02-18 14:54:11 - [TEST_CASE][PASSED] - Test Cases/Mobile/Page/Analysis/Analysis: Test Cases/Mobile/Page/Analysis/Analysis

2022-02-18 14:54:11 - [TEST_STEP][PASSED] - callTestCase(findTestCase("Mobile/Page/CheckLogin"), [:], CONTINUE_ON_FAILURE): Call Test Case 'Test Cases/Mobile/Page/CheckLogin' successfully

2022-02-18 14:54:12 - [TEST_CASE][PASSED] - Test Cases/Mobile/Page/CheckLogin: Test Cases/Mobile/Page/CheckLogin

2022-02-18 14:54:12 - [TEST_STEP][PASSED] - loginCheck = verifyElementExist(LOGN_BtnLogin, 5, CONTINUE_ON_FAILURE): Element 'Object Repository/Mobile/Page/Login/Button - Login' is exist

2022-02-18 14:54:13 - [MESSAGE][PASSED] - Element 'Object Repository/Mobile/Page/Login/Button - Login' is exist

2022-02-18 14:54:13 - [TEST_STEP][PASSED] - if (loginCheck): Call Test Case 'Test Cases/Mobile/Page/Login/Login' successfully

2022-02-18 14:54:13 - [TEST_STEP][PASSED] - callTestCase(findTestCase("Mobile/Page/Login/Login"), ["action":"username"], CONTINUE_ON_FAILURE): Call Test Case 'Test Cases/Mobile/Page/Login/Login' successfully

2022-02-18 14:54:13 - [TEST_CASE][PASSED] - Test Cases/Mobile/Page/Login/Login: Test Cases/Mobile/Page/Login/Login

2022-02-18 14:54:13 - [TEST_STEP][PASSED] - delay(2): Delayed 2 second(s)

2022-02-18 14:54:15 - [MESSAGE][PASSED] - Delayed 2 second(s)

2022-02-18 14:54:15 - [TEST_STEP][PASSED] - for ([i = 0, i < 1, (i++)]): null

2022-02-18 14:54:15 - [TEST_STEP][PASSED] - if (action == "username"): null

2022-02-18 14:54:15 - [TEST_STEP][PASSED] - tap(LOGN_EdtUserID, 0): Tapped on element 'Object Repository/Mobile/Page/Login/Input - UserID'

2022-02-18 14:54:15 - [MESSAGE][WARNING] - Timeout '0' is invalid. Using default page load timeout: '60'

2022-02-18 14:54:16 - [MESSAGE][PASSED] - Tapped on element 'Object Repository/Mobile/Page/Login/Input - UserID'

2022-02-18 14:54:16 - [TEST_STEP][PASSED] - delay(1): Delayed 1 second(s)

2022-02-18 14:54:17 - [MESSAGE][PASSED] - Delayed 1 second(s)

2022-02-18 14:54:17 - [TEST_STEP][PASSED] - setText(LOGN_EdtRdyUserID, "anggaaditya", 0): Text 'anggaaditya' has been set to element 'Object Repository/Mobile/Page/Login/Input Rdy - UserID'

2022-02-18 14:54:17 - [MESSAGE][WARNING] - Timeout '0' is invalid. Using default page load timeout: '60'

2022-02-18 14:54:18 - [MESSAGE][PASSED] - Text 'anggaaditya' has been set to element 'Object Repository/Mobile/Page/Login/Input Rdy - UserID'

2022-02-18 14:54:18 - [TEST_STEP][PASSED] - delay(1): Delayed 1 second(s)

2022-02-18 14:54:19 - [MESSAGE][PASSED] - Delayed 1 second(s)

2022-02-18 14:54:19 - [TEST_STEP][PASSED] - hideKeyboard(): Keyboard is hidden

2022-02-18 14:54:23 - [MESSAGE][PASSED] - Keyboard is hidden

2022-02-18 14:54:23 - [TEST_STEP][PASSED] - tap(LOGN_EdtPassword, 0): Tapped on element 'Object Repository/Mobile/Page/Login/Input - Password'

2022-02-18 14:54:23 - [MESSAGE][WARNING] - Timeout '0' is invalid. Using default page load timeout: '60'

2022-02-18 14:54:24 - [MESSAGE][PASSED] - Tapped on element 'Object Repository/Mobile/Page/Login/Input - Password'

2022-02-18 14:54:24 - [TEST_STEP][PASSED] - delay(1): Delayed 1 second(s)

2022-02-18 14:54:25 - [MESSAGE][PASSED] - Delayed 1 second(s)

2022-02-18 14:54:25 - [TEST_STEP][PASSED] - setText(LOGN_EdtRdyPassword, "Shalawa18", 0): Text 'Shalawa18' has been set to element 'Object Repository/Mobile/Page/Login/Input Rdy - Password'

2022-02-18 14:54:25 - [MESSAGE][WARNING] - Timeout '0' is invalid. Using default page load timeout: '60'

2022-02-18 14:54:25 - [MESSAGE][PASSED] - Text 'Shalawa18' has been set to element 'Object Repository/Mobile/Page/Login/Input Rdy - Password'

2022-02-18 14:54:25 - [TEST_STEP][PASSED] - delay(1): Delayed 1 second(s)

2022-02-18 14:54:26 - [MESSAGE][PASSED] - Delayed 1 second(s)

2022-02-18 14:54:26 - [TEST_STEP][PASSED] - hideKeyboard(): Keyboard is hidden

2022-02-18 14:54:33 - [MESSAGE][PASSED] - Keyboard is hidden

2022-02-18 14:54:33 - [TEST_STEP][PASSED] - tap(LOGN_BtnLogin, 0): Tapped on element 'Object Repository/Mobile/Page/Login/Button - Login'

2022-02-18 14:54:33 - [MESSAGE][WARNING] - Timeout '0' is invalid. Using default page load timeout: '60'

2022-02-18 14:54:34 - [MESSAGE][PASSED] - Tapped on element 'Object Repository/Mobile/Page/Login/Button - Login'

2022-02-18 14:54:34 - [TEST_STEP][PASSED] - delay(2): Delayed 2 second(s)

2022-02-18 14:54:36 - [MESSAGE][PASSED] - Delayed 2 second(s)

2022-02-18 14:54:36 - [TEST_STEP][PASSED] - break: null

2022-02-18 14:54:36 - [MESSAGE][PASSED] - Call Test Case 'Test Cases/Mobile/Page/Login/Login' successfully

2022-02-18 14:54:36 - [MESSAGE][PASSED] - Call Test Case 'Test Cases/Mobile/Page/CheckLogin' successfully

2022-02-18 14:54:36 - [TEST_STEP][PASSED] - tap(HOME_MenubarAnalysis, 0): Tapped on element 'Object Repository/Mobile/Page/Home/Menubar - Analysis'

2022-02-18 14:54:36 - [MESSAGE][WARNING] - Timeout '0' is invalid. Using default page load timeout: '60'

2022-02-18 14:54:38 - [MESSAGE][PASSED] - Tapped on element 'Object Repository/Mobile/Page/Home/Menubar - Analysis'

2022-02-18 14:54:38 - [TEST_STEP][PASSED] - delay(3): Delayed 3 second(s)

2022-02-18 14:54:41 - [MESSAGE][PASSED] - Delayed 3 second(s)

2022-02-18 14:54:41 - [TEST_STEP][PASSED] - for ([i = 0, i < 1, (i++)]): Press back button successfully

2022-02-18 14:54:41 - [TEST_STEP][PASSED] - if (action == "technicalsearch"): null

2022-02-18 14:54:41 - [TEST_STEP][PASSED] - else if (action == "technicaldetail"): null

2022-02-18 14:54:41 - [TEST_STEP][PASSED] - else if (action == "researchdetail"): null

2022-02-18 14:54:41 - [TEST_STEP][PASSED] - else if (action == "researchsearch"): Press back button successfully

2022-02-18 14:54:41 - [TEST_STEP][PASSED] - tap(ANAL_TabResearchReport, 0): Tapped on element 'Object Repository/Mobile/Page/Analysis/Tab - Research Report'

2022-02-18 14:54:41 - [MESSAGE][WARNING] - Timeout '0' is invalid. Using default page load timeout: '60'

2022-02-18 14:54:42 - [MESSAGE][PASSED] - Tapped on element 'Object Repository/Mobile/Page/Analysis/Tab - Research Report'

2022-02-18 14:54:42 - [TEST_STEP][PASSED] - delay(1): Delayed 1 second(s)

2022-02-18 14:54:43 - [MESSAGE][PASSED] - Delayed 1 second(s)

2022-02-18 14:54:43 - [TEST_STEP][PASSED] - tap(ANAL_EdtSearch, 0): Tapped on element 'Object Repository/Mobile/Page/Analysis/Input - Search'

2022-02-18 14:54:43 - [MESSAGE][WARNING] - Timeout '0' is invalid. Using default page load timeout: '60'

2022-02-18 14:54:44 - [MESSAGE][PASSED] - Tapped on element 'Object Repository/Mobile/Page/Analysis/Input - Search'

2022-02-18 14:54:44 - [TEST_STEP][PASSED] - delay(1): Delayed 1 second(s)

2022-02-18 14:54:45 - [MESSAGE][PASSED] - Delayed 1 second(s)

2022-02-18 14:54:45 - [TEST_STEP][PASSED] - setText(ANAL_EdtSearch, "embun", 0): Text 'embun' has been set to element 'Object Repository/Mobile/Page/Analysis/Input - Search'

2022-02-18 14:54:45 - [MESSAGE][WARNING] - Timeout '0' is invalid. Using default page load timeout: '60'

2022-02-18 14:54:45 - [MESSAGE][PASSED] - Text 'embun' has been set to element 'Object Repository/Mobile/Page/Analysis/Input - Search'

2022-02-18 14:54:45 - [TEST_STEP][PASSED] - hideKeyboard(): Keyboard is hidden

2022-02-18 14:54:50 - [MESSAGE][PASSED] - Keyboard is hidden

2022-02-18 14:54:50 - [TEST_STEP][PASSED] - tapAndHold(ANAL_ItemTopSearch, 1, 0): Tapped and held on element 'Object Repository/Mobile/Page/Analysis/Item - Top Search' with duration 1

2022-02-18 14:54:50 - [MESSAGE][WARNING] - Timeout '0' is invalid. Using default page load timeout: '60'

2022-02-18 14:54:53 - [MESSAGE][PASSED] - Tapped and held on element 'Object Repository/Mobile/Page/Analysis/Item - Top Search' with duration 1

2022-02-18 14:54:53 - [TEST_STEP][PASSED] - delay(3): Delayed 3 second(s)

2022-02-18 14:54:56 - [MESSAGE][PASSED] - Delayed 3 second(s)

2022-02-18 14:54:56 - [TEST_STEP][PASSED] - pressBack(): Press back button successfully

2022-02-18 14:54:56 - [MESSAGE][PASSED] - Press back button successfully

2022-02-18 14:54:56 - [MESSAGE][PASSED] - Call Test Case 'Test Cases/Mobile/Page/Analysis/Analysis' successfully

2022-02-18 14:54:56 - [TEST_STEP][PASSED] - callTestCase(findTestCase("Mobile/Page/Run App/Terminate App"), [:], STOP_ON_FAILURE): Call Test Case 'Test Cases/Mobile/Page/Run App/Terminate App' successfully

2022-02-18 14:54:57 - [TEST_CASE][PASSED] - Test Cases/Mobile/Page/Run App/Terminate App: Test Cases/Mobile/Page/Run App/Terminate App

2022-02-18 14:54:57 - [TEST_STEP][PASSED] - startApp.OpenApp.terminateApplication(): startApp.OpenApp.terminateApplication is PASSED

2022-02-18 14:55:01 - [MESSAGE][PASSED] - Delayed 3 second(s)

2022-02-18 14:55:01 - [MESSAGE][PASSED] - Current device physical width is 720

2022-02-18 14:55:02 - [MESSAGE][PASSED] - Current device physical height is 1423

2022-02-18 14:55:03 - [MESSAGE][PASSED] - Swiped from 360,853 to 360,142

2022-02-18 14:55:04 - [MESSAGE][PASSED] - Delayed 1 second(s)

2022-02-18 14:55:06 - [MESSAGE][PASSED] - Swiped from 360,853 to 360,142

2022-02-18 14:55:09 - [MESSAGE][PASSED] - Delayed 3 second(s)

2022-02-18 14:55:09 - [MESSAGE][PASSED] - startApp.OpenApp.terminateApplication is PASSED

2022-02-18 14:55:09 - [MESSAGE][PASSED] - Call Test Case 'Test Cases/Mobile/Page/Run App/Terminate App' successfully]]></system-out>
         <system-err><![CDATA[]]></system-err>
      </testcase>
      <system-out><![CDATA[2022-02-18 14:44:43 - [TEST_SUITE][PASSED] - analysis: Test Cases/Mobile/Scenario/Analysis/007 - Mencari research report]]></system-out>
      <system-err><![CDATA[]]></system-err>
   </testsuite>
</testsuites>
