<?xml version="1.0" encoding="UTF-8"?>
<testsuites name="portfolio" time="1258.119" tests="19" failures="0" skips="0" errors="0">
   <testsuite name="portfolio" tests="19" failures="0" errors="0" time="1258.119" skips="0" timestamp="2022-01-12 08:55:28" hostname="Owner - aldy-tft" id="Test Suites/portfolio">
      <properties>
         <property name="deviceName" value="samsung SM-A205F (Android 11)"/>
         <property name="devicePlatform" value=""/>
         <property name="logFolder" value="C:\\Users\\Owner\\Documents\\kerjaan\\KatalonProject\\qa_katalon_pwm\\qa_katalon_pwm\\Reports\\20220112_085519\\portfolio\\20220112_085519"/>
         <property name="logFiles" value="C:\\Users\\Owner\\Documents\\kerjaan\\KatalonProject\\qa_katalon_pwm\\qa_katalon_pwm\\Reports\\20220112_085519\\portfolio\\20220112_085519\\appium.log, C:\\Users\\Owner\\Documents\\kerjaan\\KatalonProject\\qa_katalon_pwm\\qa_katalon_pwm\\Reports\\20220112_085519\\portfolio\\20220112_085519\\execution0.log"/>
         <property name="attachments" value=""/>
         <property name="hostName" value="Owner - aldy-tft"/>
         <property name="os" value="Windows 10 64bit"/>
         <property name="appiumServerStatus" value="{&quot;value&quot;:{&quot;build&quot;:{&quot;version&quot;:&quot;1.22.0&quot;}},&quot;sessionId&quot;:null,&quot;status&quot;:0}"/>
         <property name="katalonVersion" value="7.9.1.208"/>
         <property name="deviceOS" value="Android"/>
         <property name="appiumVersion" value="1.22.0"/>
         <property name="deviceModel" value="SM-A205F"/>
         <property name="hostAddress" value="10.0.30.144"/>
         <property name="deviceManufacturer" value="samsung"/>
         <property name="deviceId" value="RR8M40C9AXE"/>
         <property name="deviceName" value="samsung SM-A205F (Android 11)"/>
         <property name="deviceOSVersion" value="11"/>
      </properties>
      <testcase name="Test Cases/Mobile/Scenario/Portfolio/001 - Summary" time="77.874" classname="Test Cases/Mobile/Scenario/Portfolio/001 - Summary" status="PASSED">
         <system-out><![CDATA[2022-01-12 08:55:29 - [TEST_CASE][PASSED] - Test Cases/Mobile/Scenario/Portfolio/001 - Summary: Test Cases/Mobile/Scenario/Portfolio/001 - Summary

2022-01-12 08:55:30 - [TEST_STEP][PASSED] - callTestCase(findTestCase("Mobile/Page/Run App/Run App byID"), [:], STOP_ON_FAILURE): Call Test Case 'Test Cases/Mobile/Page/Run App/Run App byID' successfully

2022-01-12 08:55:30 - [TEST_CASE][PASSED] - Test Cases/Mobile/Page/Run App/Run App byID: Test Cases/Mobile/Page/Run App/Run App byID

2022-01-12 08:55:31 - [TEST_STEP][PASSED] - startApp.OpenApp.startApplication("id.co.miraeasset.sageclub"): startApp.OpenApp.startApplication is PASSED

2022-01-12 08:55:33 - [MESSAGE][INFO] - Appium server started on port 54,487

2022-01-12 08:55:51 - [MESSAGE][PASSED] - Starting app with application ID: 'id.co.miraeasset.sageclub'

2022-01-12 08:55:51 - [MESSAGE][PASSED] - startApp.OpenApp.startApplication is PASSED

2022-01-12 08:55:51 - [MESSAGE][PASSED] - Call Test Case 'Test Cases/Mobile/Page/Run App/Run App byID' successfully

2022-01-12 08:55:51 - [TEST_STEP][PASSED] - callTestCase(findTestCase("Mobile/Page/Portfolio/Portfolio"), ["tab":"summary", "action":"summary"], CONTINUE_ON_FAILURE): Call Test Case 'Test Cases/Mobile/Page/Portfolio/Portfolio' successfully

2022-01-12 08:55:51 - [TEST_CASE][PASSED] - Test Cases/Mobile/Page/Portfolio/Portfolio: Test Cases/Mobile/Page/Portfolio/Portfolio

2022-01-12 08:55:53 - [TEST_STEP][PASSED] - callTestCase(findTestCase("Mobile/Page/CheckLogin"), [:], CONTINUE_ON_FAILURE): Call Test Case 'Test Cases/Mobile/Page/CheckLogin' successfully

2022-01-12 08:55:53 - [TEST_CASE][PASSED] - Test Cases/Mobile/Page/CheckLogin: Test Cases/Mobile/Page/CheckLogin

2022-01-12 08:55:53 - [TEST_STEP][PASSED] - loginCheck = verifyElementExist(LOGN_BtnLogin, 5, CONTINUE_ON_FAILURE): Element 'Object Repository/Mobile/Page/Login/Button - Login' is exist

2022-01-12 08:56:09 - [MESSAGE][PASSED] - Element 'Object Repository/Mobile/Page/Login/Button - Login' is exist

2022-01-12 08:56:09 - [TEST_STEP][PASSED] - if (loginCheck): Call Test Case 'Test Cases/Mobile/Page/Login/Login' successfully

2022-01-12 08:56:09 - [TEST_STEP][PASSED] - callTestCase(findTestCase("Mobile/Page/Login/Login"), ["action":"username"], CONTINUE_ON_FAILURE): Call Test Case 'Test Cases/Mobile/Page/Login/Login' successfully

2022-01-12 08:56:09 - [TEST_CASE][PASSED] - Test Cases/Mobile/Page/Login/Login: Test Cases/Mobile/Page/Login/Login

2022-01-12 08:56:09 - [TEST_STEP][PASSED] - delay(2): Delayed 2 second(s)

2022-01-12 08:56:11 - [MESSAGE][PASSED] - Delayed 2 second(s)

2022-01-12 08:56:11 - [TEST_STEP][PASSED] - for ([i = 0, i < 1, (i++)]): null

2022-01-12 08:56:11 - [TEST_STEP][PASSED] - if (action == "username"): null

2022-01-12 08:56:11 - [TEST_STEP][PASSED] - tap(LOGN_EdtUserID, 0): Tapped on element 'Object Repository/Mobile/Page/Login/Input - UserID'

2022-01-12 08:56:11 - [MESSAGE][WARNING] - Timeout '0' is invalid. Using default page load timeout: '60'

2022-01-12 08:56:12 - [MESSAGE][PASSED] - Tapped on element 'Object Repository/Mobile/Page/Login/Input - UserID'

2022-01-12 08:56:12 - [TEST_STEP][PASSED] - delay(1): Delayed 1 second(s)

2022-01-12 08:56:13 - [MESSAGE][PASSED] - Delayed 1 second(s)

2022-01-12 08:56:13 - [TEST_STEP][PASSED] - setText(LOGN_EdtRdyUserID, "anggaaditya", 0): Text 'anggaaditya' has been set to element 'Object Repository/Mobile/Page/Login/Input Rdy - UserID'

2022-01-12 08:56:13 - [MESSAGE][WARNING] - Timeout '0' is invalid. Using default page load timeout: '60'

2022-01-12 08:56:13 - [MESSAGE][PASSED] - Text 'anggaaditya' has been set to element 'Object Repository/Mobile/Page/Login/Input Rdy - UserID'

2022-01-12 08:56:13 - [TEST_STEP][PASSED] - delay(1): Delayed 1 second(s)

2022-01-12 08:56:14 - [MESSAGE][PASSED] - Delayed 1 second(s)

2022-01-12 08:56:14 - [TEST_STEP][PASSED] - hideKeyboard(): Keyboard is hidden

2022-01-12 08:56:18 - [MESSAGE][PASSED] - Keyboard is hidden

2022-01-12 08:56:18 - [TEST_STEP][PASSED] - tap(LOGN_EdtPassword, 0): Tapped on element 'Object Repository/Mobile/Page/Login/Input - Password'

2022-01-12 08:56:18 - [MESSAGE][WARNING] - Timeout '0' is invalid. Using default page load timeout: '60'

2022-01-12 08:56:19 - [MESSAGE][PASSED] - Tapped on element 'Object Repository/Mobile/Page/Login/Input - Password'

2022-01-12 08:56:19 - [TEST_STEP][PASSED] - delay(1): Delayed 1 second(s)

2022-01-12 08:56:20 - [MESSAGE][PASSED] - Delayed 1 second(s)

2022-01-12 08:56:20 - [TEST_STEP][PASSED] - setText(LOGN_EdtRdyPassword, "Shalawa18", 0): Text 'Shalawa18' has been set to element 'Object Repository/Mobile/Page/Login/Input Rdy - Password'

2022-01-12 08:56:20 - [MESSAGE][WARNING] - Timeout '0' is invalid. Using default page load timeout: '60'

2022-01-12 08:56:20 - [MESSAGE][PASSED] - Text 'Shalawa18' has been set to element 'Object Repository/Mobile/Page/Login/Input Rdy - Password'

2022-01-12 08:56:20 - [TEST_STEP][PASSED] - delay(1): Delayed 1 second(s)

2022-01-12 08:56:21 - [MESSAGE][PASSED] - Delayed 1 second(s)

2022-01-12 08:56:21 - [TEST_STEP][PASSED] - hideKeyboard(): Keyboard is hidden

2022-01-12 08:56:28 - [MESSAGE][PASSED] - Keyboard is hidden

2022-01-12 08:56:28 - [TEST_STEP][PASSED] - tap(LOGN_BtnLogin, 0): Tapped on element 'Object Repository/Mobile/Page/Login/Button - Login'

2022-01-12 08:56:28 - [MESSAGE][WARNING] - Timeout '0' is invalid. Using default page load timeout: '60'

2022-01-12 08:56:28 - [MESSAGE][PASSED] - Tapped on element 'Object Repository/Mobile/Page/Login/Button - Login'

2022-01-12 08:56:28 - [TEST_STEP][PASSED] - delay(2): Delayed 2 second(s)

2022-01-12 08:56:30 - [MESSAGE][PASSED] - Delayed 2 second(s)

2022-01-12 08:56:30 - [TEST_STEP][PASSED] - break: null

2022-01-12 08:56:30 - [MESSAGE][PASSED] - Call Test Case 'Test Cases/Mobile/Page/Login/Login' successfully

2022-01-12 08:56:30 - [MESSAGE][PASSED] - Call Test Case 'Test Cases/Mobile/Page/CheckLogin' successfully

2022-01-12 08:56:30 - [TEST_STEP][PASSED] - tap(HOME_MenubarPortfolio, 0): Tapped on element 'Object Repository/Mobile/Page/Home/Menubar - Portfolio'

2022-01-12 08:56:30 - [MESSAGE][WARNING] - Timeout '0' is invalid. Using default page load timeout: '60'

2022-01-12 08:56:32 - [MESSAGE][PASSED] - Tapped on element 'Object Repository/Mobile/Page/Home/Menubar - Portfolio'

2022-01-12 08:56:32 - [TEST_STEP][PASSED] - delay(1): Delayed 1 second(s)

2022-01-12 08:56:33 - [MESSAGE][PASSED] - Delayed 1 second(s)

2022-01-12 08:56:33 - [TEST_STEP][PASSED] - for ([i = 0, i < 1, (i++)]): null

2022-01-12 08:56:33 - [TEST_STEP][PASSED] - if (tab == "summary"): null

2022-01-12 08:56:33 - [TEST_STEP][PASSED] - idr = PORT_BtnIDR: null

2022-01-12 08:56:33 - [TEST_STEP][PASSED] - persen = PORT_BtnPersen: null

2022-01-12 08:56:33 - [TEST_STEP][PASSED] - if (action == "summary"): Delayed 3 second(s)

2022-01-12 08:56:33 - [TEST_STEP][PASSED] - delay(3): Delayed 3 second(s)

2022-01-12 08:56:36 - [MESSAGE][PASSED] - Delayed 3 second(s)

2022-01-12 08:56:36 - [TEST_STEP][PASSED] - if (action != "summary"): null

2022-01-12 08:56:36 - [MESSAGE][PASSED] - Call Test Case 'Test Cases/Mobile/Page/Portfolio/Portfolio' successfully

2022-01-12 08:56:36 - [TEST_STEP][PASSED] - callTestCase(findTestCase("Mobile/Page/Run App/Terminate App"), [:], STOP_ON_FAILURE): Call Test Case 'Test Cases/Mobile/Page/Run App/Terminate App' successfully

2022-01-12 08:56:36 - [TEST_CASE][PASSED] - Test Cases/Mobile/Page/Run App/Terminate App: Test Cases/Mobile/Page/Run App/Terminate App

2022-01-12 08:56:36 - [TEST_STEP][PASSED] - startApp.OpenApp.terminateApplication(): startApp.OpenApp.terminateApplication is PASSED

2022-01-12 08:56:39 - [MESSAGE][PASSED] - Delayed 3 second(s)

2022-01-12 08:56:40 - [MESSAGE][PASSED] - Current device physical width is 720

2022-01-12 08:56:40 - [MESSAGE][PASSED] - Current device physical height is 1423

2022-01-12 08:56:41 - [MESSAGE][PASSED] - Swiped from 360,853 to 360,142

2022-01-12 08:56:42 - [MESSAGE][PASSED] - Delayed 1 second(s)

2022-01-12 08:56:44 - [MESSAGE][PASSED] - Swiped from 360,853 to 360,142

2022-01-12 08:56:47 - [MESSAGE][PASSED] - Delayed 3 second(s)

2022-01-12 08:56:47 - [MESSAGE][PASSED] - startApp.OpenApp.terminateApplication is PASSED

2022-01-12 08:56:47 - [MESSAGE][PASSED] - Call Test Case 'Test Cases/Mobile/Page/Run App/Terminate App' successfully]]></system-out>
         <system-err><![CDATA[]]></system-err>
      </testcase>
      <testcase name="Test Cases/Mobile/Scenario/Portfolio/002 - Portfolio Performance Daily IDR" time="62.058" classname="Test Cases/Mobile/Scenario/Portfolio/002 - Portfolio Performance Daily IDR" status="PASSED">
         <system-out><![CDATA[2022-01-12 08:56:47 - [TEST_CASE][PASSED] - Test Cases/Mobile/Scenario/Portfolio/002 - Portfolio Performance Daily IDR: Test Cases/Mobile/Scenario/Portfolio/002 - Portfolio Performance Daily IDR

2022-01-12 08:56:47 - [TEST_STEP][PASSED] - callTestCase(findTestCase("Mobile/Page/Run App/Run App byID"), [:], STOP_ON_FAILURE): Call Test Case 'Test Cases/Mobile/Page/Run App/Run App byID' successfully

2022-01-12 08:56:47 - [TEST_CASE][PASSED] - Test Cases/Mobile/Page/Run App/Run App byID: Test Cases/Mobile/Page/Run App/Run App byID

2022-01-12 08:56:47 - [TEST_STEP][PASSED] - startApp.OpenApp.startApplication("id.co.miraeasset.sageclub"): startApp.OpenApp.startApplication is PASSED

2022-01-12 08:57:01 - [MESSAGE][PASSED] - Starting app with application ID: 'id.co.miraeasset.sageclub'

2022-01-12 08:57:01 - [MESSAGE][PASSED] - startApp.OpenApp.startApplication is PASSED

2022-01-12 08:57:01 - [MESSAGE][PASSED] - Call Test Case 'Test Cases/Mobile/Page/Run App/Run App byID' successfully

2022-01-12 08:57:01 - [TEST_STEP][PASSED] - callTestCase(findTestCase("Mobile/Page/Portfolio/Portfolio"), ["tab":"summary", "action":"perf_daily", "action2":"idr"], CONTINUE_ON_FAILURE): Call Test Case 'Test Cases/Mobile/Page/Portfolio/Portfolio' successfully

2022-01-12 08:57:01 - [TEST_CASE][PASSED] - Test Cases/Mobile/Page/Portfolio/Portfolio: Test Cases/Mobile/Page/Portfolio/Portfolio

2022-01-12 08:57:01 - [TEST_STEP][PASSED] - callTestCase(findTestCase("Mobile/Page/CheckLogin"), [:], CONTINUE_ON_FAILURE): Call Test Case 'Test Cases/Mobile/Page/CheckLogin' successfully

2022-01-12 08:57:01 - [TEST_CASE][PASSED] - Test Cases/Mobile/Page/CheckLogin: Test Cases/Mobile/Page/CheckLogin

2022-01-12 08:57:01 - [TEST_STEP][PASSED] - loginCheck = verifyElementExist(LOGN_BtnLogin, 5, CONTINUE_ON_FAILURE): Element 'Object Repository/Mobile/Page/Login/Button - Login' is exist

2022-01-12 08:57:03 - [MESSAGE][PASSED] - Element 'Object Repository/Mobile/Page/Login/Button - Login' is exist

2022-01-12 08:57:03 - [TEST_STEP][PASSED] - if (loginCheck): Call Test Case 'Test Cases/Mobile/Page/Login/Login' successfully

2022-01-12 08:57:03 - [TEST_STEP][PASSED] - callTestCase(findTestCase("Mobile/Page/Login/Login"), ["action":"username"], CONTINUE_ON_FAILURE): Call Test Case 'Test Cases/Mobile/Page/Login/Login' successfully

2022-01-12 08:57:03 - [TEST_CASE][PASSED] - Test Cases/Mobile/Page/Login/Login: Test Cases/Mobile/Page/Login/Login

2022-01-12 08:57:03 - [TEST_STEP][PASSED] - delay(2): Delayed 2 second(s)

2022-01-12 08:57:05 - [MESSAGE][PASSED] - Delayed 2 second(s)

2022-01-12 08:57:05 - [TEST_STEP][PASSED] - for ([i = 0, i < 1, (i++)]): null

2022-01-12 08:57:05 - [TEST_STEP][PASSED] - if (action == "username"): null

2022-01-12 08:57:05 - [TEST_STEP][PASSED] - tap(LOGN_EdtUserID, 0): Tapped on element 'Object Repository/Mobile/Page/Login/Input - UserID'

2022-01-12 08:57:05 - [MESSAGE][WARNING] - Timeout '0' is invalid. Using default page load timeout: '60'

2022-01-12 08:57:05 - [MESSAGE][PASSED] - Tapped on element 'Object Repository/Mobile/Page/Login/Input - UserID'

2022-01-12 08:57:05 - [TEST_STEP][PASSED] - delay(1): Delayed 1 second(s)

2022-01-12 08:57:06 - [MESSAGE][PASSED] - Delayed 1 second(s)

2022-01-12 08:57:06 - [TEST_STEP][PASSED] - setText(LOGN_EdtRdyUserID, "anggaaditya", 0): Text 'anggaaditya' has been set to element 'Object Repository/Mobile/Page/Login/Input Rdy - UserID'

2022-01-12 08:57:06 - [MESSAGE][WARNING] - Timeout '0' is invalid. Using default page load timeout: '60'

2022-01-12 08:57:07 - [MESSAGE][PASSED] - Text 'anggaaditya' has been set to element 'Object Repository/Mobile/Page/Login/Input Rdy - UserID'

2022-01-12 08:57:07 - [TEST_STEP][PASSED] - delay(1): Delayed 1 second(s)

2022-01-12 08:57:08 - [MESSAGE][PASSED] - Delayed 1 second(s)

2022-01-12 08:57:08 - [TEST_STEP][PASSED] - hideKeyboard(): Keyboard is hidden

2022-01-12 08:57:13 - [MESSAGE][PASSED] - Keyboard is hidden

2022-01-12 08:57:13 - [TEST_STEP][PASSED] - tap(LOGN_EdtPassword, 0): Tapped on element 'Object Repository/Mobile/Page/Login/Input - Password'

2022-01-12 08:57:13 - [MESSAGE][WARNING] - Timeout '0' is invalid. Using default page load timeout: '60'

2022-01-12 08:57:13 - [MESSAGE][PASSED] - Tapped on element 'Object Repository/Mobile/Page/Login/Input - Password'

2022-01-12 08:57:13 - [TEST_STEP][PASSED] - delay(1): Delayed 1 second(s)

2022-01-12 08:57:14 - [MESSAGE][PASSED] - Delayed 1 second(s)

2022-01-12 08:57:14 - [TEST_STEP][PASSED] - setText(LOGN_EdtRdyPassword, "Shalawa18", 0): Text 'Shalawa18' has been set to element 'Object Repository/Mobile/Page/Login/Input Rdy - Password'

2022-01-12 08:57:14 - [MESSAGE][WARNING] - Timeout '0' is invalid. Using default page load timeout: '60'

2022-01-12 08:57:14 - [MESSAGE][PASSED] - Text 'Shalawa18' has been set to element 'Object Repository/Mobile/Page/Login/Input Rdy - Password'

2022-01-12 08:57:14 - [TEST_STEP][PASSED] - delay(1): Delayed 1 second(s)

2022-01-12 08:57:16 - [MESSAGE][PASSED] - Delayed 1 second(s)

2022-01-12 08:57:16 - [TEST_STEP][PASSED] - hideKeyboard(): Keyboard is hidden

2022-01-12 08:57:22 - [MESSAGE][PASSED] - Keyboard is hidden

2022-01-12 08:57:22 - [TEST_STEP][PASSED] - tap(LOGN_BtnLogin, 0): Tapped on element 'Object Repository/Mobile/Page/Login/Button - Login'

2022-01-12 08:57:22 - [MESSAGE][WARNING] - Timeout '0' is invalid. Using default page load timeout: '60'

2022-01-12 08:57:23 - [MESSAGE][PASSED] - Tapped on element 'Object Repository/Mobile/Page/Login/Button - Login'

2022-01-12 08:57:23 - [TEST_STEP][PASSED] - delay(2): Delayed 2 second(s)

2022-01-12 08:57:25 - [MESSAGE][PASSED] - Delayed 2 second(s)

2022-01-12 08:57:25 - [TEST_STEP][PASSED] - break: null

2022-01-12 08:57:25 - [MESSAGE][PASSED] - Call Test Case 'Test Cases/Mobile/Page/Login/Login' successfully

2022-01-12 08:57:25 - [MESSAGE][PASSED] - Call Test Case 'Test Cases/Mobile/Page/CheckLogin' successfully

2022-01-12 08:57:25 - [TEST_STEP][PASSED] - tap(HOME_MenubarPortfolio, 0): Tapped on element 'Object Repository/Mobile/Page/Home/Menubar - Portfolio'

2022-01-12 08:57:25 - [MESSAGE][WARNING] - Timeout '0' is invalid. Using default page load timeout: '60'

2022-01-12 08:57:26 - [MESSAGE][PASSED] - Tapped on element 'Object Repository/Mobile/Page/Home/Menubar - Portfolio'

2022-01-12 08:57:26 - [TEST_STEP][PASSED] - delay(1): Delayed 1 second(s)

2022-01-12 08:57:27 - [MESSAGE][PASSED] - Delayed 1 second(s)

2022-01-12 08:57:27 - [TEST_STEP][PASSED] - for ([i = 0, i < 1, (i++)]): Delayed 3 second(s)

2022-01-12 08:57:27 - [TEST_STEP][PASSED] - if (tab == "summary"): Delayed 3 second(s)

2022-01-12 08:57:27 - [TEST_STEP][PASSED] - idr = PORT_BtnIDR: null

2022-01-12 08:57:27 - [TEST_STEP][PASSED] - persen = PORT_BtnPersen: null

2022-01-12 08:57:27 - [TEST_STEP][PASSED] - if (action == "summary"): null

2022-01-12 08:57:27 - [TEST_STEP][PASSED] - else if (action == "perf_daily"): scroll.scroll.scrollScreenBottomToTop is PASSED

2022-01-12 08:57:27 - [TEST_STEP][PASSED] - scroll.scroll.scrollScreenBottomToTop(): scroll.scroll.scrollScreenBottomToTop is PASSED

2022-01-12 08:57:27 - [MESSAGE][PASSED] - Current device physical height is 1423

2022-01-12 08:57:28 - [MESSAGE][PASSED] - Current device physical width is 720

2022-01-12 08:57:29 - [MESSAGE][PASSED] - Swiped from 360,1,138 to 360,284

2022-01-12 08:57:29 - [MESSAGE][PASSED] - scroll.scroll.scrollScreenBottomToTop is PASSED

2022-01-12 08:57:29 - [TEST_STEP][PASSED] - if (action != "summary"): Delayed 3 second(s)

2022-01-12 08:57:29 - [TEST_STEP][PASSED] - delay(1): Delayed 1 second(s)

2022-01-12 08:57:30 - [MESSAGE][PASSED] - Delayed 1 second(s)

2022-01-12 08:57:30 - [TEST_STEP][PASSED] - scroll.scroll.scrollScreenBottomToTop(): scroll.scroll.scrollScreenBottomToTop is PASSED

2022-01-12 08:57:30 - [MESSAGE][PASSED] - Current device physical height is 1423

2022-01-12 08:57:31 - [MESSAGE][PASSED] - Current device physical width is 720

2022-01-12 08:57:32 - [MESSAGE][PASSED] - Swiped from 360,1,138 to 360,284

2022-01-12 08:57:32 - [MESSAGE][PASSED] - scroll.scroll.scrollScreenBottomToTop is PASSED

2022-01-12 08:57:32 - [TEST_STEP][PASSED] - delay(3): Delayed 3 second(s)

2022-01-12 08:57:35 - [MESSAGE][PASSED] - Delayed 3 second(s)

2022-01-12 08:57:35 - [TEST_STEP][PASSED] - if (action2 == "idr"): Delayed 3 second(s)

2022-01-12 08:57:35 - [TEST_STEP][PASSED] - tap(idr, 10): Tapped on element 'Object Repository/Mobile/Page/Portfolio/Button - IDR'

2022-01-12 08:57:35 - [MESSAGE][PASSED] - Tapped on element 'Object Repository/Mobile/Page/Portfolio/Button - IDR'

2022-01-12 08:57:35 - [TEST_STEP][PASSED] - delay(3): Delayed 3 second(s)

2022-01-12 08:57:38 - [MESSAGE][PASSED] - Delayed 3 second(s)

2022-01-12 08:57:38 - [MESSAGE][PASSED] - Call Test Case 'Test Cases/Mobile/Page/Portfolio/Portfolio' successfully

2022-01-12 08:57:38 - [TEST_STEP][PASSED] - callTestCase(findTestCase("Mobile/Page/Run App/Terminate App"), [:], STOP_ON_FAILURE): Call Test Case 'Test Cases/Mobile/Page/Run App/Terminate App' successfully

2022-01-12 08:57:38 - [TEST_CASE][PASSED] - Test Cases/Mobile/Page/Run App/Terminate App: Test Cases/Mobile/Page/Run App/Terminate App

2022-01-12 08:57:38 - [TEST_STEP][PASSED] - startApp.OpenApp.terminateApplication(): startApp.OpenApp.terminateApplication is PASSED

2022-01-12 08:57:42 - [MESSAGE][PASSED] - Delayed 3 second(s)

2022-01-12 08:57:42 - [MESSAGE][PASSED] - Current device physical width is 720

2022-01-12 08:57:42 - [MESSAGE][PASSED] - Current device physical height is 1423

2022-01-12 08:57:43 - [MESSAGE][PASSED] - Swiped from 360,853 to 360,142

2022-01-12 08:57:44 - [MESSAGE][PASSED] - Delayed 1 second(s)

2022-01-12 08:57:46 - [MESSAGE][PASSED] - Swiped from 360,853 to 360,142

2022-01-12 08:57:49 - [MESSAGE][PASSED] - Delayed 3 second(s)

2022-01-12 08:57:49 - [MESSAGE][PASSED] - startApp.OpenApp.terminateApplication is PASSED

2022-01-12 08:57:49 - [MESSAGE][PASSED] - Call Test Case 'Test Cases/Mobile/Page/Run App/Terminate App' successfully]]></system-out>
         <system-err><![CDATA[]]></system-err>
      </testcase>
      <testcase name="Test Cases/Mobile/Scenario/Portfolio/003 - Portfolio Performance Month to Date IDR" time="62.676" classname="Test Cases/Mobile/Scenario/Portfolio/003 - Portfolio Performance Month to Date IDR" status="PASSED">
         <system-out><![CDATA[2022-01-12 08:57:49 - [TEST_CASE][PASSED] - Test Cases/Mobile/Scenario/Portfolio/003 - Portfolio Performance Month to Date IDR: Test Cases/Mobile/Scenario/Portfolio/003 - Portfolio Performance Month to Date IDR

2022-01-12 08:57:49 - [TEST_STEP][PASSED] - callTestCase(findTestCase("Mobile/Page/Run App/Run App byID"), [:], STOP_ON_FAILURE): Call Test Case 'Test Cases/Mobile/Page/Run App/Run App byID' successfully

2022-01-12 08:57:49 - [TEST_CASE][PASSED] - Test Cases/Mobile/Page/Run App/Run App byID: Test Cases/Mobile/Page/Run App/Run App byID

2022-01-12 08:57:49 - [TEST_STEP][PASSED] - startApp.OpenApp.startApplication("id.co.miraeasset.sageclub"): startApp.OpenApp.startApplication is PASSED

2022-01-12 08:58:02 - [MESSAGE][PASSED] - Starting app with application ID: 'id.co.miraeasset.sageclub'

2022-01-12 08:58:02 - [MESSAGE][PASSED] - startApp.OpenApp.startApplication is PASSED

2022-01-12 08:58:02 - [MESSAGE][PASSED] - Call Test Case 'Test Cases/Mobile/Page/Run App/Run App byID' successfully

2022-01-12 08:58:02 - [TEST_STEP][PASSED] - callTestCase(findTestCase("Mobile/Page/Portfolio/Portfolio"), ["tab":"summary", "action":"perf_month", "action2":"idr"], CONTINUE_ON_FAILURE): Call Test Case 'Test Cases/Mobile/Page/Portfolio/Portfolio' successfully

2022-01-12 08:58:03 - [TEST_CASE][PASSED] - Test Cases/Mobile/Page/Portfolio/Portfolio: Test Cases/Mobile/Page/Portfolio/Portfolio

2022-01-12 08:58:03 - [TEST_STEP][PASSED] - callTestCase(findTestCase("Mobile/Page/CheckLogin"), [:], CONTINUE_ON_FAILURE): Call Test Case 'Test Cases/Mobile/Page/CheckLogin' successfully

2022-01-12 08:58:03 - [TEST_CASE][PASSED] - Test Cases/Mobile/Page/CheckLogin: Test Cases/Mobile/Page/CheckLogin

2022-01-12 08:58:03 - [TEST_STEP][PASSED] - loginCheck = verifyElementExist(LOGN_BtnLogin, 5, CONTINUE_ON_FAILURE): Element 'Object Repository/Mobile/Page/Login/Button - Login' is exist

2022-01-12 08:58:05 - [MESSAGE][PASSED] - Element 'Object Repository/Mobile/Page/Login/Button - Login' is exist

2022-01-12 08:58:05 - [TEST_STEP][PASSED] - if (loginCheck): Call Test Case 'Test Cases/Mobile/Page/Login/Login' successfully

2022-01-12 08:58:05 - [TEST_STEP][PASSED] - callTestCase(findTestCase("Mobile/Page/Login/Login"), ["action":"username"], CONTINUE_ON_FAILURE): Call Test Case 'Test Cases/Mobile/Page/Login/Login' successfully

2022-01-12 08:58:05 - [TEST_CASE][PASSED] - Test Cases/Mobile/Page/Login/Login: Test Cases/Mobile/Page/Login/Login

2022-01-12 08:58:05 - [TEST_STEP][PASSED] - delay(2): Delayed 2 second(s)

2022-01-12 08:58:07 - [MESSAGE][PASSED] - Delayed 2 second(s)

2022-01-12 08:58:07 - [TEST_STEP][PASSED] - for ([i = 0, i < 1, (i++)]): null

2022-01-12 08:58:07 - [TEST_STEP][PASSED] - if (action == "username"): null

2022-01-12 08:58:07 - [TEST_STEP][PASSED] - tap(LOGN_EdtUserID, 0): Tapped on element 'Object Repository/Mobile/Page/Login/Input - UserID'

2022-01-12 08:58:07 - [MESSAGE][WARNING] - Timeout '0' is invalid. Using default page load timeout: '60'

2022-01-12 08:58:07 - [MESSAGE][PASSED] - Tapped on element 'Object Repository/Mobile/Page/Login/Input - UserID'

2022-01-12 08:58:07 - [TEST_STEP][PASSED] - delay(1): Delayed 1 second(s)

2022-01-12 08:58:08 - [MESSAGE][PASSED] - Delayed 1 second(s)

2022-01-12 08:58:08 - [TEST_STEP][PASSED] - setText(LOGN_EdtRdyUserID, "anggaaditya", 0): Text 'anggaaditya' has been set to element 'Object Repository/Mobile/Page/Login/Input Rdy - UserID'

2022-01-12 08:58:08 - [MESSAGE][WARNING] - Timeout '0' is invalid. Using default page load timeout: '60'

2022-01-12 08:58:09 - [MESSAGE][PASSED] - Text 'anggaaditya' has been set to element 'Object Repository/Mobile/Page/Login/Input Rdy - UserID'

2022-01-12 08:58:09 - [TEST_STEP][PASSED] - delay(1): Delayed 1 second(s)

2022-01-12 08:58:10 - [MESSAGE][PASSED] - Delayed 1 second(s)

2022-01-12 08:58:10 - [TEST_STEP][PASSED] - hideKeyboard(): Keyboard is hidden

2022-01-12 08:58:13 - [MESSAGE][PASSED] - Keyboard is hidden

2022-01-12 08:58:14 - [TEST_STEP][PASSED] - tap(LOGN_EdtPassword, 0): Tapped on element 'Object Repository/Mobile/Page/Login/Input - Password'

2022-01-12 08:58:14 - [MESSAGE][WARNING] - Timeout '0' is invalid. Using default page load timeout: '60'

2022-01-12 08:58:14 - [MESSAGE][PASSED] - Tapped on element 'Object Repository/Mobile/Page/Login/Input - Password'

2022-01-12 08:58:14 - [TEST_STEP][PASSED] - delay(1): Delayed 1 second(s)

2022-01-12 08:58:15 - [MESSAGE][PASSED] - Delayed 1 second(s)

2022-01-12 08:58:15 - [TEST_STEP][PASSED] - setText(LOGN_EdtRdyPassword, "Shalawa18", 0): Text 'Shalawa18' has been set to element 'Object Repository/Mobile/Page/Login/Input Rdy - Password'

2022-01-12 08:58:15 - [MESSAGE][WARNING] - Timeout '0' is invalid. Using default page load timeout: '60'

2022-01-12 08:58:16 - [MESSAGE][PASSED] - Text 'Shalawa18' has been set to element 'Object Repository/Mobile/Page/Login/Input Rdy - Password'

2022-01-12 08:58:16 - [TEST_STEP][PASSED] - delay(1): Delayed 1 second(s)

2022-01-12 08:58:17 - [MESSAGE][PASSED] - Delayed 1 second(s)

2022-01-12 08:58:17 - [TEST_STEP][PASSED] - hideKeyboard(): Keyboard is hidden

2022-01-12 08:58:23 - [MESSAGE][PASSED] - Keyboard is hidden

2022-01-12 08:58:23 - [TEST_STEP][PASSED] - tap(LOGN_BtnLogin, 0): Tapped on element 'Object Repository/Mobile/Page/Login/Button - Login'

2022-01-12 08:58:23 - [MESSAGE][WARNING] - Timeout '0' is invalid. Using default page load timeout: '60'

2022-01-12 08:58:24 - [MESSAGE][PASSED] - Tapped on element 'Object Repository/Mobile/Page/Login/Button - Login'

2022-01-12 08:58:24 - [TEST_STEP][PASSED] - delay(2): Delayed 2 second(s)

2022-01-12 08:58:26 - [MESSAGE][PASSED] - Delayed 2 second(s)

2022-01-12 08:58:26 - [TEST_STEP][PASSED] - break: null

2022-01-12 08:58:26 - [MESSAGE][PASSED] - Call Test Case 'Test Cases/Mobile/Page/Login/Login' successfully

2022-01-12 08:58:26 - [MESSAGE][PASSED] - Call Test Case 'Test Cases/Mobile/Page/CheckLogin' successfully

2022-01-12 08:58:26 - [TEST_STEP][PASSED] - tap(HOME_MenubarPortfolio, 0): Tapped on element 'Object Repository/Mobile/Page/Home/Menubar - Portfolio'

2022-01-12 08:58:26 - [MESSAGE][WARNING] - Timeout '0' is invalid. Using default page load timeout: '60'

2022-01-12 08:58:27 - [MESSAGE][PASSED] - Tapped on element 'Object Repository/Mobile/Page/Home/Menubar - Portfolio'

2022-01-12 08:58:27 - [TEST_STEP][PASSED] - delay(1): Delayed 1 second(s)

2022-01-12 08:58:28 - [MESSAGE][PASSED] - Delayed 1 second(s)

2022-01-12 08:58:28 - [TEST_STEP][PASSED] - for ([i = 0, i < 1, (i++)]): Delayed 3 second(s)

2022-01-12 08:58:28 - [TEST_STEP][PASSED] - if (tab == "summary"): Delayed 3 second(s)

2022-01-12 08:58:28 - [TEST_STEP][PASSED] - idr = PORT_BtnIDR: null

2022-01-12 08:58:28 - [TEST_STEP][PASSED] - persen = PORT_BtnPersen: null

2022-01-12 08:58:28 - [TEST_STEP][PASSED] - if (action == "summary"): null

2022-01-12 08:58:28 - [TEST_STEP][PASSED] - else if (action == "perf_daily"): null

2022-01-12 08:58:28 - [TEST_STEP][PASSED] - else if (action == "perf_month"): Tapped on element 'Object Repository/Mobile/Page/Portfolio/Tab - Summary Month to Date'

2022-01-12 08:58:28 - [TEST_STEP][PASSED] - scroll.scroll.scrollScreenBottomToTop(): scroll.scroll.scrollScreenBottomToTop is PASSED

2022-01-12 08:58:28 - [MESSAGE][PASSED] - Current device physical height is 1423

2022-01-12 08:58:29 - [MESSAGE][PASSED] - Current device physical width is 720

2022-01-12 08:58:30 - [MESSAGE][PASSED] - Swiped from 360,1,138 to 360,284

2022-01-12 08:58:30 - [MESSAGE][PASSED] - scroll.scroll.scrollScreenBottomToTop is PASSED

2022-01-12 08:58:30 - [TEST_STEP][PASSED] - delay(1): Delayed 1 second(s)

2022-01-12 08:58:31 - [MESSAGE][PASSED] - Delayed 1 second(s)

2022-01-12 08:58:31 - [TEST_STEP][PASSED] - tap(PORT_TabSummaryMonth, 0): Tapped on element 'Object Repository/Mobile/Page/Portfolio/Tab - Summary Month to Date'

2022-01-12 08:58:31 - [MESSAGE][WARNING] - Timeout '0' is invalid. Using default page load timeout: '60'

2022-01-12 08:58:31 - [MESSAGE][PASSED] - Tapped on element 'Object Repository/Mobile/Page/Portfolio/Tab - Summary Month to Date'

2022-01-12 08:58:31 - [TEST_STEP][PASSED] - if (action != "summary"): Delayed 3 second(s)

2022-01-12 08:58:31 - [TEST_STEP][PASSED] - delay(1): Delayed 1 second(s)

2022-01-12 08:58:33 - [MESSAGE][PASSED] - Delayed 1 second(s)

2022-01-12 08:58:33 - [TEST_STEP][PASSED] - scroll.scroll.scrollScreenBottomToTop(): scroll.scroll.scrollScreenBottomToTop is PASSED

2022-01-12 08:58:33 - [MESSAGE][PASSED] - Current device physical height is 1423

2022-01-12 08:58:33 - [MESSAGE][PASSED] - Current device physical width is 720

2022-01-12 08:58:34 - [MESSAGE][PASSED] - Swiped from 360,1,138 to 360,284

2022-01-12 08:58:34 - [MESSAGE][PASSED] - scroll.scroll.scrollScreenBottomToTop is PASSED

2022-01-12 08:58:34 - [TEST_STEP][PASSED] - delay(3): Delayed 3 second(s)

2022-01-12 08:58:37 - [MESSAGE][PASSED] - Delayed 3 second(s)

2022-01-12 08:58:37 - [TEST_STEP][PASSED] - if (action2 == "idr"): Delayed 3 second(s)

2022-01-12 08:58:37 - [TEST_STEP][PASSED] - tap(idr, 10): Tapped on element 'Object Repository/Mobile/Page/Portfolio/Button - IDR'

2022-01-12 08:58:38 - [MESSAGE][PASSED] - Tapped on element 'Object Repository/Mobile/Page/Portfolio/Button - IDR'

2022-01-12 08:58:38 - [TEST_STEP][PASSED] - delay(3): Delayed 3 second(s)

2022-01-12 08:58:41 - [MESSAGE][PASSED] - Delayed 3 second(s)

2022-01-12 08:58:41 - [MESSAGE][PASSED] - Call Test Case 'Test Cases/Mobile/Page/Portfolio/Portfolio' successfully

2022-01-12 08:58:41 - [TEST_STEP][PASSED] - callTestCase(findTestCase("Mobile/Page/Run App/Terminate App"), [:], STOP_ON_FAILURE): Call Test Case 'Test Cases/Mobile/Page/Run App/Terminate App' successfully

2022-01-12 08:58:41 - [TEST_CASE][PASSED] - Test Cases/Mobile/Page/Run App/Terminate App: Test Cases/Mobile/Page/Run App/Terminate App

2022-01-12 08:58:41 - [TEST_STEP][PASSED] - startApp.OpenApp.terminateApplication(): startApp.OpenApp.terminateApplication is PASSED

2022-01-12 08:58:44 - [MESSAGE][PASSED] - Delayed 3 second(s)

2022-01-12 08:58:44 - [MESSAGE][PASSED] - Current device physical width is 720

2022-01-12 08:58:45 - [MESSAGE][PASSED] - Current device physical height is 1423

2022-01-12 08:58:46 - [MESSAGE][PASSED] - Swiped from 360,853 to 360,142

2022-01-12 08:58:47 - [MESSAGE][PASSED] - Delayed 1 second(s)

2022-01-12 08:58:48 - [MESSAGE][PASSED] - Swiped from 360,853 to 360,142

2022-01-12 08:58:51 - [MESSAGE][PASSED] - Delayed 3 second(s)

2022-01-12 08:58:51 - [MESSAGE][PASSED] - startApp.OpenApp.terminateApplication is PASSED

2022-01-12 08:58:51 - [MESSAGE][PASSED] - Call Test Case 'Test Cases/Mobile/Page/Run App/Terminate App' successfully]]></system-out>
         <system-err><![CDATA[]]></system-err>
      </testcase>
      <testcase name="Test Cases/Mobile/Scenario/Portfolio/004 - Portfolio Performance Quarter to Date IDR" time="62.243" classname="Test Cases/Mobile/Scenario/Portfolio/004 - Portfolio Performance Quarter to Date IDR" status="PASSED">
         <system-out><![CDATA[2022-01-12 08:58:51 - [TEST_CASE][PASSED] - Test Cases/Mobile/Scenario/Portfolio/004 - Portfolio Performance Quarter to Date IDR: Test Cases/Mobile/Scenario/Portfolio/004 - Portfolio Performance Quarter to Date IDR

2022-01-12 08:58:52 - [TEST_STEP][PASSED] - callTestCase(findTestCase("Mobile/Page/Run App/Run App byID"), [:], STOP_ON_FAILURE): Call Test Case 'Test Cases/Mobile/Page/Run App/Run App byID' successfully

2022-01-12 08:58:52 - [TEST_CASE][PASSED] - Test Cases/Mobile/Page/Run App/Run App byID: Test Cases/Mobile/Page/Run App/Run App byID

2022-01-12 08:58:52 - [TEST_STEP][PASSED] - startApp.OpenApp.startApplication("id.co.miraeasset.sageclub"): startApp.OpenApp.startApplication is PASSED

2022-01-12 08:59:05 - [MESSAGE][PASSED] - Starting app with application ID: 'id.co.miraeasset.sageclub'

2022-01-12 08:59:05 - [MESSAGE][PASSED] - startApp.OpenApp.startApplication is PASSED

2022-01-12 08:59:05 - [MESSAGE][PASSED] - Call Test Case 'Test Cases/Mobile/Page/Run App/Run App byID' successfully

2022-01-12 08:59:05 - [TEST_STEP][PASSED] - callTestCase(findTestCase("Mobile/Page/Portfolio/Portfolio"), ["tab":"summary", "action":"perf_quarter", "action2":"idr"], CONTINUE_ON_FAILURE): Call Test Case 'Test Cases/Mobile/Page/Portfolio/Portfolio' successfully

2022-01-12 08:59:05 - [TEST_CASE][PASSED] - Test Cases/Mobile/Page/Portfolio/Portfolio: Test Cases/Mobile/Page/Portfolio/Portfolio

2022-01-12 08:59:05 - [TEST_STEP][PASSED] - callTestCase(findTestCase("Mobile/Page/CheckLogin"), [:], CONTINUE_ON_FAILURE): Call Test Case 'Test Cases/Mobile/Page/CheckLogin' successfully

2022-01-12 08:59:05 - [TEST_CASE][PASSED] - Test Cases/Mobile/Page/CheckLogin: Test Cases/Mobile/Page/CheckLogin

2022-01-12 08:59:05 - [TEST_STEP][PASSED] - loginCheck = verifyElementExist(LOGN_BtnLogin, 5, CONTINUE_ON_FAILURE): Element 'Object Repository/Mobile/Page/Login/Button - Login' is exist

2022-01-12 08:59:07 - [MESSAGE][PASSED] - Element 'Object Repository/Mobile/Page/Login/Button - Login' is exist

2022-01-12 08:59:07 - [TEST_STEP][PASSED] - if (loginCheck): Call Test Case 'Test Cases/Mobile/Page/Login/Login' successfully

2022-01-12 08:59:07 - [TEST_STEP][PASSED] - callTestCase(findTestCase("Mobile/Page/Login/Login"), ["action":"username"], CONTINUE_ON_FAILURE): Call Test Case 'Test Cases/Mobile/Page/Login/Login' successfully

2022-01-12 08:59:07 - [TEST_CASE][PASSED] - Test Cases/Mobile/Page/Login/Login: Test Cases/Mobile/Page/Login/Login

2022-01-12 08:59:07 - [TEST_STEP][PASSED] - delay(2): Delayed 2 second(s)

2022-01-12 08:59:09 - [MESSAGE][PASSED] - Delayed 2 second(s)

2022-01-12 08:59:09 - [TEST_STEP][PASSED] - for ([i = 0, i < 1, (i++)]): null

2022-01-12 08:59:09 - [TEST_STEP][PASSED] - if (action == "username"): null

2022-01-12 08:59:09 - [TEST_STEP][PASSED] - tap(LOGN_EdtUserID, 0): Tapped on element 'Object Repository/Mobile/Page/Login/Input - UserID'

2022-01-12 08:59:09 - [MESSAGE][WARNING] - Timeout '0' is invalid. Using default page load timeout: '60'

2022-01-12 08:59:10 - [MESSAGE][PASSED] - Tapped on element 'Object Repository/Mobile/Page/Login/Input - UserID'

2022-01-12 08:59:10 - [TEST_STEP][PASSED] - delay(1): Delayed 1 second(s)

2022-01-12 08:59:11 - [MESSAGE][PASSED] - Delayed 1 second(s)

2022-01-12 08:59:11 - [TEST_STEP][PASSED] - setText(LOGN_EdtRdyUserID, "anggaaditya", 0): Text 'anggaaditya' has been set to element 'Object Repository/Mobile/Page/Login/Input Rdy - UserID'

2022-01-12 08:59:11 - [MESSAGE][WARNING] - Timeout '0' is invalid. Using default page load timeout: '60'

2022-01-12 08:59:11 - [MESSAGE][PASSED] - Text 'anggaaditya' has been set to element 'Object Repository/Mobile/Page/Login/Input Rdy - UserID'

2022-01-12 08:59:11 - [TEST_STEP][PASSED] - delay(1): Delayed 1 second(s)

2022-01-12 08:59:12 - [MESSAGE][PASSED] - Delayed 1 second(s)

2022-01-12 08:59:12 - [TEST_STEP][PASSED] - hideKeyboard(): Keyboard is hidden

2022-01-12 08:59:16 - [MESSAGE][PASSED] - Keyboard is hidden

2022-01-12 08:59:16 - [TEST_STEP][PASSED] - tap(LOGN_EdtPassword, 0): Tapped on element 'Object Repository/Mobile/Page/Login/Input - Password'

2022-01-12 08:59:16 - [MESSAGE][WARNING] - Timeout '0' is invalid. Using default page load timeout: '60'

2022-01-12 08:59:16 - [MESSAGE][PASSED] - Tapped on element 'Object Repository/Mobile/Page/Login/Input - Password'

2022-01-12 08:59:16 - [TEST_STEP][PASSED] - delay(1): Delayed 1 second(s)

2022-01-12 08:59:17 - [MESSAGE][PASSED] - Delayed 1 second(s)

2022-01-12 08:59:17 - [TEST_STEP][PASSED] - setText(LOGN_EdtRdyPassword, "Shalawa18", 0): Text 'Shalawa18' has been set to element 'Object Repository/Mobile/Page/Login/Input Rdy - Password'

2022-01-12 08:59:17 - [MESSAGE][WARNING] - Timeout '0' is invalid. Using default page load timeout: '60'

2022-01-12 08:59:18 - [MESSAGE][PASSED] - Text 'Shalawa18' has been set to element 'Object Repository/Mobile/Page/Login/Input Rdy - Password'

2022-01-12 08:59:18 - [TEST_STEP][PASSED] - delay(1): Delayed 1 second(s)

2022-01-12 08:59:19 - [MESSAGE][PASSED] - Delayed 1 second(s)

2022-01-12 08:59:19 - [TEST_STEP][PASSED] - hideKeyboard(): Keyboard is hidden

2022-01-12 08:59:25 - [MESSAGE][PASSED] - Keyboard is hidden

2022-01-12 08:59:25 - [TEST_STEP][PASSED] - tap(LOGN_BtnLogin, 0): Tapped on element 'Object Repository/Mobile/Page/Login/Button - Login'

2022-01-12 08:59:25 - [MESSAGE][WARNING] - Timeout '0' is invalid. Using default page load timeout: '60'

2022-01-12 08:59:26 - [MESSAGE][PASSED] - Tapped on element 'Object Repository/Mobile/Page/Login/Button - Login'

2022-01-12 08:59:26 - [TEST_STEP][PASSED] - delay(2): Delayed 2 second(s)

2022-01-12 08:59:28 - [MESSAGE][PASSED] - Delayed 2 second(s)

2022-01-12 08:59:28 - [TEST_STEP][PASSED] - break: null

2022-01-12 08:59:28 - [MESSAGE][PASSED] - Call Test Case 'Test Cases/Mobile/Page/Login/Login' successfully

2022-01-12 08:59:28 - [MESSAGE][PASSED] - Call Test Case 'Test Cases/Mobile/Page/CheckLogin' successfully

2022-01-12 08:59:28 - [TEST_STEP][PASSED] - tap(HOME_MenubarPortfolio, 0): Tapped on element 'Object Repository/Mobile/Page/Home/Menubar - Portfolio'

2022-01-12 08:59:28 - [MESSAGE][WARNING] - Timeout '0' is invalid. Using default page load timeout: '60'

2022-01-12 08:59:29 - [MESSAGE][PASSED] - Tapped on element 'Object Repository/Mobile/Page/Home/Menubar - Portfolio'

2022-01-12 08:59:29 - [TEST_STEP][PASSED] - delay(1): Delayed 1 second(s)

2022-01-12 08:59:30 - [MESSAGE][PASSED] - Delayed 1 second(s)

2022-01-12 08:59:30 - [TEST_STEP][PASSED] - for ([i = 0, i < 1, (i++)]): Delayed 3 second(s)

2022-01-12 08:59:30 - [TEST_STEP][PASSED] - if (tab == "summary"): Delayed 3 second(s)

2022-01-12 08:59:30 - [TEST_STEP][PASSED] - idr = PORT_BtnIDR: null

2022-01-12 08:59:30 - [TEST_STEP][PASSED] - persen = PORT_BtnPersen: null

2022-01-12 08:59:30 - [TEST_STEP][PASSED] - if (action == "summary"): null

2022-01-12 08:59:30 - [TEST_STEP][PASSED] - else if (action == "perf_daily"): null

2022-01-12 08:59:30 - [TEST_STEP][PASSED] - else if (action == "perf_month"): null

2022-01-12 08:59:30 - [TEST_STEP][PASSED] - else if (action == "perf_quarter"): Tapped on element 'Object Repository/Mobile/Page/Portfolio/Tab - Summary Quarter to Date'

2022-01-12 08:59:30 - [TEST_STEP][PASSED] - scroll.scroll.scrollScreenBottomToTop(): scroll.scroll.scrollScreenBottomToTop is PASSED

2022-01-12 08:59:31 - [MESSAGE][PASSED] - Current device physical height is 1423

2022-01-12 08:59:31 - [MESSAGE][PASSED] - Current device physical width is 720

2022-01-12 08:59:32 - [MESSAGE][PASSED] - Swiped from 360,1,138 to 360,284

2022-01-12 08:59:32 - [MESSAGE][PASSED] - scroll.scroll.scrollScreenBottomToTop is PASSED

2022-01-12 08:59:32 - [TEST_STEP][PASSED] - delay(1): Delayed 1 second(s)

2022-01-12 08:59:33 - [MESSAGE][PASSED] - Delayed 1 second(s)

2022-01-12 08:59:33 - [TEST_STEP][PASSED] - tap(PORT_TabSummaryQuarter, 0): Tapped on element 'Object Repository/Mobile/Page/Portfolio/Tab - Summary Quarter to Date'

2022-01-12 08:59:33 - [MESSAGE][WARNING] - Timeout '0' is invalid. Using default page load timeout: '60'

2022-01-12 08:59:34 - [MESSAGE][PASSED] - Tapped on element 'Object Repository/Mobile/Page/Portfolio/Tab - Summary Quarter to Date'

2022-01-12 08:59:34 - [TEST_STEP][PASSED] - if (action != "summary"): Delayed 3 second(s)

2022-01-12 08:59:34 - [TEST_STEP][PASSED] - delay(1): Delayed 1 second(s)

2022-01-12 08:59:35 - [MESSAGE][PASSED] - Delayed 1 second(s)

2022-01-12 08:59:35 - [TEST_STEP][PASSED] - scroll.scroll.scrollScreenBottomToTop(): scroll.scroll.scrollScreenBottomToTop is PASSED

2022-01-12 08:59:35 - [MESSAGE][PASSED] - Current device physical height is 1423

2022-01-12 08:59:35 - [MESSAGE][PASSED] - Current device physical width is 720

2022-01-12 08:59:37 - [MESSAGE][PASSED] - Swiped from 360,1,138 to 360,284

2022-01-12 08:59:37 - [MESSAGE][PASSED] - scroll.scroll.scrollScreenBottomToTop is PASSED

2022-01-12 08:59:37 - [TEST_STEP][PASSED] - delay(3): Delayed 3 second(s)

2022-01-12 08:59:40 - [MESSAGE][PASSED] - Delayed 3 second(s)

2022-01-12 08:59:40 - [TEST_STEP][PASSED] - if (action2 == "idr"): Delayed 3 second(s)

2022-01-12 08:59:40 - [TEST_STEP][PASSED] - tap(idr, 10): Tapped on element 'Object Repository/Mobile/Page/Portfolio/Button - IDR'

2022-01-12 08:59:40 - [MESSAGE][PASSED] - Tapped on element 'Object Repository/Mobile/Page/Portfolio/Button - IDR'

2022-01-12 08:59:40 - [TEST_STEP][PASSED] - delay(3): Delayed 3 second(s)

2022-01-12 08:59:43 - [MESSAGE][PASSED] - Delayed 3 second(s)

2022-01-12 08:59:43 - [MESSAGE][PASSED] - Call Test Case 'Test Cases/Mobile/Page/Portfolio/Portfolio' successfully

2022-01-12 08:59:43 - [TEST_STEP][PASSED] - callTestCase(findTestCase("Mobile/Page/Run App/Terminate App"), [:], STOP_ON_FAILURE): Call Test Case 'Test Cases/Mobile/Page/Run App/Terminate App' successfully

2022-01-12 08:59:43 - [TEST_CASE][PASSED] - Test Cases/Mobile/Page/Run App/Terminate App: Test Cases/Mobile/Page/Run App/Terminate App

2022-01-12 08:59:43 - [TEST_STEP][PASSED] - startApp.OpenApp.terminateApplication(): startApp.OpenApp.terminateApplication is PASSED

2022-01-12 08:59:46 - [MESSAGE][PASSED] - Delayed 3 second(s)

2022-01-12 08:59:47 - [MESSAGE][PASSED] - Current device physical width is 720

2022-01-12 08:59:47 - [MESSAGE][PASSED] - Current device physical height is 1423

2022-01-12 08:59:48 - [MESSAGE][PASSED] - Swiped from 360,853 to 360,142

2022-01-12 08:59:49 - [MESSAGE][PASSED] - Delayed 1 second(s)

2022-01-12 08:59:51 - [MESSAGE][PASSED] - Swiped from 360,853 to 360,142

2022-01-12 08:59:54 - [MESSAGE][PASSED] - Delayed 3 second(s)

2022-01-12 08:59:54 - [MESSAGE][PASSED] - startApp.OpenApp.terminateApplication is PASSED

2022-01-12 08:59:54 - [MESSAGE][PASSED] - Call Test Case 'Test Cases/Mobile/Page/Run App/Terminate App' successfully]]></system-out>
         <system-err><![CDATA[]]></system-err>
      </testcase>
      <testcase name="Test Cases/Mobile/Scenario/Portfolio/005 - Portfolio Performance Year to Date IDR" time="63.622" classname="Test Cases/Mobile/Scenario/Portfolio/005 - Portfolio Performance Year to Date IDR" status="PASSED">
         <system-out><![CDATA[2022-01-12 08:59:54 - [TEST_CASE][PASSED] - Test Cases/Mobile/Scenario/Portfolio/005 - Portfolio Performance Year to Date IDR: Test Cases/Mobile/Scenario/Portfolio/005 - Portfolio Performance Year to Date IDR

2022-01-12 08:59:54 - [TEST_STEP][PASSED] - callTestCase(findTestCase("Mobile/Page/Run App/Run App byID"), [:], STOP_ON_FAILURE): Call Test Case 'Test Cases/Mobile/Page/Run App/Run App byID' successfully

2022-01-12 08:59:54 - [TEST_CASE][PASSED] - Test Cases/Mobile/Page/Run App/Run App byID: Test Cases/Mobile/Page/Run App/Run App byID

2022-01-12 08:59:54 - [TEST_STEP][PASSED] - startApp.OpenApp.startApplication("id.co.miraeasset.sageclub"): startApp.OpenApp.startApplication is PASSED

2022-01-12 09:00:07 - [MESSAGE][PASSED] - Starting app with application ID: 'id.co.miraeasset.sageclub'

2022-01-12 09:00:07 - [MESSAGE][PASSED] - startApp.OpenApp.startApplication is PASSED

2022-01-12 09:00:07 - [MESSAGE][PASSED] - Call Test Case 'Test Cases/Mobile/Page/Run App/Run App byID' successfully

2022-01-12 09:00:07 - [TEST_STEP][PASSED] - callTestCase(findTestCase("Mobile/Page/Portfolio/Portfolio"), ["tab":"summary", "action":"perf_year", "action2":"idr"], CONTINUE_ON_FAILURE): Call Test Case 'Test Cases/Mobile/Page/Portfolio/Portfolio' successfully

2022-01-12 09:00:07 - [TEST_CASE][PASSED] - Test Cases/Mobile/Page/Portfolio/Portfolio: Test Cases/Mobile/Page/Portfolio/Portfolio

2022-01-12 09:00:07 - [TEST_STEP][PASSED] - callTestCase(findTestCase("Mobile/Page/CheckLogin"), [:], CONTINUE_ON_FAILURE): Call Test Case 'Test Cases/Mobile/Page/CheckLogin' successfully

2022-01-12 09:00:08 - [TEST_CASE][PASSED] - Test Cases/Mobile/Page/CheckLogin: Test Cases/Mobile/Page/CheckLogin

2022-01-12 09:00:08 - [TEST_STEP][PASSED] - loginCheck = verifyElementExist(LOGN_BtnLogin, 5, CONTINUE_ON_FAILURE): Element 'Object Repository/Mobile/Page/Login/Button - Login' is exist

2022-01-12 09:00:10 - [MESSAGE][PASSED] - Element 'Object Repository/Mobile/Page/Login/Button - Login' is exist

2022-01-12 09:00:10 - [TEST_STEP][PASSED] - if (loginCheck): Call Test Case 'Test Cases/Mobile/Page/Login/Login' successfully

2022-01-12 09:00:10 - [TEST_STEP][PASSED] - callTestCase(findTestCase("Mobile/Page/Login/Login"), ["action":"username"], CONTINUE_ON_FAILURE): Call Test Case 'Test Cases/Mobile/Page/Login/Login' successfully

2022-01-12 09:00:10 - [TEST_CASE][PASSED] - Test Cases/Mobile/Page/Login/Login: Test Cases/Mobile/Page/Login/Login

2022-01-12 09:00:10 - [TEST_STEP][PASSED] - delay(2): Delayed 2 second(s)

2022-01-12 09:00:12 - [MESSAGE][PASSED] - Delayed 2 second(s)

2022-01-12 09:00:12 - [TEST_STEP][PASSED] - for ([i = 0, i < 1, (i++)]): null

2022-01-12 09:00:12 - [TEST_STEP][PASSED] - if (action == "username"): null

2022-01-12 09:00:12 - [TEST_STEP][PASSED] - tap(LOGN_EdtUserID, 0): Tapped on element 'Object Repository/Mobile/Page/Login/Input - UserID'

2022-01-12 09:00:12 - [MESSAGE][WARNING] - Timeout '0' is invalid. Using default page load timeout: '60'

2022-01-12 09:00:12 - [MESSAGE][PASSED] - Tapped on element 'Object Repository/Mobile/Page/Login/Input - UserID'

2022-01-12 09:00:12 - [TEST_STEP][PASSED] - delay(1): Delayed 1 second(s)

2022-01-12 09:00:13 - [MESSAGE][PASSED] - Delayed 1 second(s)

2022-01-12 09:00:13 - [TEST_STEP][PASSED] - setText(LOGN_EdtRdyUserID, "anggaaditya", 0): Text 'anggaaditya' has been set to element 'Object Repository/Mobile/Page/Login/Input Rdy - UserID'

2022-01-12 09:00:13 - [MESSAGE][WARNING] - Timeout '0' is invalid. Using default page load timeout: '60'

2022-01-12 09:00:14 - [MESSAGE][PASSED] - Text 'anggaaditya' has been set to element 'Object Repository/Mobile/Page/Login/Input Rdy - UserID'

2022-01-12 09:00:14 - [TEST_STEP][PASSED] - delay(1): Delayed 1 second(s)

2022-01-12 09:00:15 - [MESSAGE][PASSED] - Delayed 1 second(s)

2022-01-12 09:00:15 - [TEST_STEP][PASSED] - hideKeyboard(): Keyboard is hidden

2022-01-12 09:00:19 - [MESSAGE][PASSED] - Keyboard is hidden

2022-01-12 09:00:19 - [TEST_STEP][PASSED] - tap(LOGN_EdtPassword, 0): Tapped on element 'Object Repository/Mobile/Page/Login/Input - Password'

2022-01-12 09:00:19 - [MESSAGE][WARNING] - Timeout '0' is invalid. Using default page load timeout: '60'

2022-01-12 09:00:20 - [MESSAGE][PASSED] - Tapped on element 'Object Repository/Mobile/Page/Login/Input - Password'

2022-01-12 09:00:20 - [TEST_STEP][PASSED] - delay(1): Delayed 1 second(s)

2022-01-12 09:00:21 - [MESSAGE][PASSED] - Delayed 1 second(s)

2022-01-12 09:00:21 - [TEST_STEP][PASSED] - setText(LOGN_EdtRdyPassword, "Shalawa18", 0): Text 'Shalawa18' has been set to element 'Object Repository/Mobile/Page/Login/Input Rdy - Password'

2022-01-12 09:00:21 - [MESSAGE][WARNING] - Timeout '0' is invalid. Using default page load timeout: '60'

2022-01-12 09:00:21 - [MESSAGE][PASSED] - Text 'Shalawa18' has been set to element 'Object Repository/Mobile/Page/Login/Input Rdy - Password'

2022-01-12 09:00:21 - [TEST_STEP][PASSED] - delay(1): Delayed 1 second(s)

2022-01-12 09:00:22 - [MESSAGE][PASSED] - Delayed 1 second(s)

2022-01-12 09:00:22 - [TEST_STEP][PASSED] - hideKeyboard(): Keyboard is hidden

2022-01-12 09:00:29 - [MESSAGE][PASSED] - Keyboard is hidden

2022-01-12 09:00:29 - [TEST_STEP][PASSED] - tap(LOGN_BtnLogin, 0): Tapped on element 'Object Repository/Mobile/Page/Login/Button - Login'

2022-01-12 09:00:29 - [MESSAGE][WARNING] - Timeout '0' is invalid. Using default page load timeout: '60'

2022-01-12 09:00:30 - [MESSAGE][PASSED] - Tapped on element 'Object Repository/Mobile/Page/Login/Button - Login'

2022-01-12 09:00:30 - [TEST_STEP][PASSED] - delay(2): Delayed 2 second(s)

2022-01-12 09:00:32 - [MESSAGE][PASSED] - Delayed 2 second(s)

2022-01-12 09:00:32 - [TEST_STEP][PASSED] - break: null

2022-01-12 09:00:32 - [MESSAGE][PASSED] - Call Test Case 'Test Cases/Mobile/Page/Login/Login' successfully

2022-01-12 09:00:32 - [MESSAGE][PASSED] - Call Test Case 'Test Cases/Mobile/Page/CheckLogin' successfully

2022-01-12 09:00:32 - [TEST_STEP][PASSED] - tap(HOME_MenubarPortfolio, 0): Tapped on element 'Object Repository/Mobile/Page/Home/Menubar - Portfolio'

2022-01-12 09:00:32 - [MESSAGE][WARNING] - Timeout '0' is invalid. Using default page load timeout: '60'

2022-01-12 09:00:33 - [MESSAGE][PASSED] - Tapped on element 'Object Repository/Mobile/Page/Home/Menubar - Portfolio'

2022-01-12 09:00:33 - [TEST_STEP][PASSED] - delay(1): Delayed 1 second(s)

2022-01-12 09:00:34 - [MESSAGE][PASSED] - Delayed 1 second(s)

2022-01-12 09:00:34 - [TEST_STEP][PASSED] - for ([i = 0, i < 1, (i++)]): Delayed 3 second(s)

2022-01-12 09:00:34 - [TEST_STEP][PASSED] - if (tab == "summary"): Delayed 3 second(s)

2022-01-12 09:00:34 - [TEST_STEP][PASSED] - idr = PORT_BtnIDR: null

2022-01-12 09:00:34 - [TEST_STEP][PASSED] - persen = PORT_BtnPersen: null

2022-01-12 09:00:34 - [TEST_STEP][PASSED] - if (action == "summary"): null

2022-01-12 09:00:34 - [TEST_STEP][PASSED] - else if (action == "perf_daily"): null

2022-01-12 09:00:34 - [TEST_STEP][PASSED] - else if (action == "perf_month"): null

2022-01-12 09:00:34 - [TEST_STEP][PASSED] - else if (action == "perf_quarter"): null

2022-01-12 09:00:34 - [TEST_STEP][PASSED] - else if (action == "perf_year"): Tapped on element 'Object Repository/Mobile/Page/Portfolio/Tab - Summary Year to Date'

2022-01-12 09:00:34 - [TEST_STEP][PASSED] - scroll.scroll.scrollScreenBottomToTop(): scroll.scroll.scrollScreenBottomToTop is PASSED

2022-01-12 09:00:35 - [MESSAGE][PASSED] - Current device physical height is 1423

2022-01-12 09:00:35 - [MESSAGE][PASSED] - Current device physical width is 720

2022-01-12 09:00:36 - [MESSAGE][PASSED] - Swiped from 360,1,138 to 360,284

2022-01-12 09:00:36 - [MESSAGE][PASSED] - scroll.scroll.scrollScreenBottomToTop is PASSED

2022-01-12 09:00:36 - [TEST_STEP][PASSED] - delay(1): Delayed 1 second(s)

2022-01-12 09:00:37 - [MESSAGE][PASSED] - Delayed 1 second(s)

2022-01-12 09:00:37 - [TEST_STEP][PASSED] - tap(PORT_TabSummaryYear, 0): Tapped on element 'Object Repository/Mobile/Page/Portfolio/Tab - Summary Year to Date'

2022-01-12 09:00:37 - [MESSAGE][WARNING] - Timeout '0' is invalid. Using default page load timeout: '60'

2022-01-12 09:00:38 - [MESSAGE][PASSED] - Tapped on element 'Object Repository/Mobile/Page/Portfolio/Tab - Summary Year to Date'

2022-01-12 09:00:38 - [TEST_STEP][PASSED] - if (action != "summary"): Delayed 3 second(s)

2022-01-12 09:00:38 - [TEST_STEP][PASSED] - delay(1): Delayed 1 second(s)

2022-01-12 09:00:39 - [MESSAGE][PASSED] - Delayed 1 second(s)

2022-01-12 09:00:39 - [TEST_STEP][PASSED] - scroll.scroll.scrollScreenBottomToTop(): scroll.scroll.scrollScreenBottomToTop is PASSED

2022-01-12 09:00:39 - [MESSAGE][PASSED] - Current device physical height is 1423

2022-01-12 09:00:39 - [MESSAGE][PASSED] - Current device physical width is 720

2022-01-12 09:00:40 - [MESSAGE][PASSED] - Swiped from 360,1,138 to 360,284

2022-01-12 09:00:40 - [MESSAGE][PASSED] - scroll.scroll.scrollScreenBottomToTop is PASSED

2022-01-12 09:00:40 - [TEST_STEP][PASSED] - delay(3): Delayed 3 second(s)

2022-01-12 09:00:43 - [MESSAGE][PASSED] - Delayed 3 second(s)

2022-01-12 09:00:43 - [TEST_STEP][PASSED] - if (action2 == "idr"): Delayed 3 second(s)

2022-01-12 09:00:43 - [TEST_STEP][PASSED] - tap(idr, 10): Tapped on element 'Object Repository/Mobile/Page/Portfolio/Button - IDR'

2022-01-12 09:00:44 - [MESSAGE][PASSED] - Tapped on element 'Object Repository/Mobile/Page/Portfolio/Button - IDR'

2022-01-12 09:00:44 - [TEST_STEP][PASSED] - delay(3): Delayed 3 second(s)

2022-01-12 09:00:47 - [MESSAGE][PASSED] - Delayed 3 second(s)

2022-01-12 09:00:47 - [MESSAGE][PASSED] - Call Test Case 'Test Cases/Mobile/Page/Portfolio/Portfolio' successfully

2022-01-12 09:00:47 - [TEST_STEP][PASSED] - callTestCase(findTestCase("Mobile/Page/Run App/Terminate App"), [:], STOP_ON_FAILURE): Call Test Case 'Test Cases/Mobile/Page/Run App/Terminate App' successfully

2022-01-12 09:00:47 - [TEST_CASE][PASSED] - Test Cases/Mobile/Page/Run App/Terminate App: Test Cases/Mobile/Page/Run App/Terminate App

2022-01-12 09:00:47 - [TEST_STEP][PASSED] - startApp.OpenApp.terminateApplication(): startApp.OpenApp.terminateApplication is PASSED

2022-01-12 09:00:50 - [MESSAGE][PASSED] - Delayed 3 second(s)

2022-01-12 09:00:50 - [MESSAGE][PASSED] - Current device physical width is 720

2022-01-12 09:00:51 - [MESSAGE][PASSED] - Current device physical height is 1423

2022-01-12 09:00:52 - [MESSAGE][PASSED] - Swiped from 360,853 to 360,142

2022-01-12 09:00:53 - [MESSAGE][PASSED] - Delayed 1 second(s)

2022-01-12 09:00:54 - [MESSAGE][PASSED] - Swiped from 360,853 to 360,142

2022-01-12 09:00:57 - [MESSAGE][PASSED] - Delayed 3 second(s)

2022-01-12 09:00:57 - [MESSAGE][PASSED] - startApp.OpenApp.terminateApplication is PASSED

2022-01-12 09:00:57 - [MESSAGE][PASSED] - Call Test Case 'Test Cases/Mobile/Page/Run App/Terminate App' successfully]]></system-out>
         <system-err><![CDATA[]]></system-err>
      </testcase>
      <testcase name="Test Cases/Mobile/Scenario/Portfolio/006 - Portfolio Performance Daily Persen" time="62.213" classname="Test Cases/Mobile/Scenario/Portfolio/006 - Portfolio Performance Daily Persen" status="PASSED">
         <system-out><![CDATA[2022-01-12 09:00:57 - [TEST_CASE][PASSED] - Test Cases/Mobile/Scenario/Portfolio/006 - Portfolio Performance Daily Persen: Test Cases/Mobile/Scenario/Portfolio/006 - Portfolio Performance Daily Persen

2022-01-12 09:00:58 - [TEST_STEP][PASSED] - callTestCase(findTestCase("Mobile/Page/Run App/Run App byID"), [:], STOP_ON_FAILURE): Call Test Case 'Test Cases/Mobile/Page/Run App/Run App byID' successfully

2022-01-12 09:00:58 - [TEST_CASE][PASSED] - Test Cases/Mobile/Page/Run App/Run App byID: Test Cases/Mobile/Page/Run App/Run App byID

2022-01-12 09:00:58 - [TEST_STEP][PASSED] - startApp.OpenApp.startApplication("id.co.miraeasset.sageclub"): startApp.OpenApp.startApplication is PASSED

2022-01-12 09:01:11 - [MESSAGE][PASSED] - Starting app with application ID: 'id.co.miraeasset.sageclub'

2022-01-12 09:01:11 - [MESSAGE][PASSED] - startApp.OpenApp.startApplication is PASSED

2022-01-12 09:01:11 - [MESSAGE][PASSED] - Call Test Case 'Test Cases/Mobile/Page/Run App/Run App byID' successfully

2022-01-12 09:01:11 - [TEST_STEP][PASSED] - callTestCase(findTestCase("Mobile/Page/Portfolio/Portfolio"), ["tab":"summary", "action":"perf_daily", "action2":"persen"], CONTINUE_ON_FAILURE): Call Test Case 'Test Cases/Mobile/Page/Portfolio/Portfolio' successfully

2022-01-12 09:01:11 - [TEST_CASE][PASSED] - Test Cases/Mobile/Page/Portfolio/Portfolio: Test Cases/Mobile/Page/Portfolio/Portfolio

2022-01-12 09:01:11 - [TEST_STEP][PASSED] - callTestCase(findTestCase("Mobile/Page/CheckLogin"), [:], CONTINUE_ON_FAILURE): Call Test Case 'Test Cases/Mobile/Page/CheckLogin' successfully

2022-01-12 09:01:11 - [TEST_CASE][PASSED] - Test Cases/Mobile/Page/CheckLogin: Test Cases/Mobile/Page/CheckLogin

2022-01-12 09:01:11 - [TEST_STEP][PASSED] - loginCheck = verifyElementExist(LOGN_BtnLogin, 5, CONTINUE_ON_FAILURE): Element 'Object Repository/Mobile/Page/Login/Button - Login' is exist

2022-01-12 09:01:13 - [MESSAGE][PASSED] - Element 'Object Repository/Mobile/Page/Login/Button - Login' is exist

2022-01-12 09:01:13 - [TEST_STEP][PASSED] - if (loginCheck): Call Test Case 'Test Cases/Mobile/Page/Login/Login' successfully

2022-01-12 09:01:13 - [TEST_STEP][PASSED] - callTestCase(findTestCase("Mobile/Page/Login/Login"), ["action":"username"], CONTINUE_ON_FAILURE): Call Test Case 'Test Cases/Mobile/Page/Login/Login' successfully

2022-01-12 09:01:13 - [TEST_CASE][PASSED] - Test Cases/Mobile/Page/Login/Login: Test Cases/Mobile/Page/Login/Login

2022-01-12 09:01:13 - [TEST_STEP][PASSED] - delay(2): Delayed 2 second(s)

2022-01-12 09:01:16 - [MESSAGE][PASSED] - Delayed 2 second(s)

2022-01-12 09:01:16 - [TEST_STEP][PASSED] - for ([i = 0, i < 1, (i++)]): null

2022-01-12 09:01:16 - [TEST_STEP][PASSED] - if (action == "username"): null

2022-01-12 09:01:16 - [TEST_STEP][PASSED] - tap(LOGN_EdtUserID, 0): Tapped on element 'Object Repository/Mobile/Page/Login/Input - UserID'

2022-01-12 09:01:16 - [MESSAGE][WARNING] - Timeout '0' is invalid. Using default page load timeout: '60'

2022-01-12 09:01:16 - [MESSAGE][PASSED] - Tapped on element 'Object Repository/Mobile/Page/Login/Input - UserID'

2022-01-12 09:01:16 - [TEST_STEP][PASSED] - delay(1): Delayed 1 second(s)

2022-01-12 09:01:17 - [MESSAGE][PASSED] - Delayed 1 second(s)

2022-01-12 09:01:17 - [TEST_STEP][PASSED] - setText(LOGN_EdtRdyUserID, "anggaaditya", 0): Text 'anggaaditya' has been set to element 'Object Repository/Mobile/Page/Login/Input Rdy - UserID'

2022-01-12 09:01:17 - [MESSAGE][WARNING] - Timeout '0' is invalid. Using default page load timeout: '60'

2022-01-12 09:01:18 - [MESSAGE][PASSED] - Text 'anggaaditya' has been set to element 'Object Repository/Mobile/Page/Login/Input Rdy - UserID'

2022-01-12 09:01:18 - [TEST_STEP][PASSED] - delay(1): Delayed 1 second(s)

2022-01-12 09:01:19 - [MESSAGE][PASSED] - Delayed 1 second(s)

2022-01-12 09:01:19 - [TEST_STEP][PASSED] - hideKeyboard(): Keyboard is hidden

2022-01-12 09:01:22 - [MESSAGE][PASSED] - Keyboard is hidden

2022-01-12 09:01:22 - [TEST_STEP][PASSED] - tap(LOGN_EdtPassword, 0): Tapped on element 'Object Repository/Mobile/Page/Login/Input - Password'

2022-01-12 09:01:22 - [MESSAGE][WARNING] - Timeout '0' is invalid. Using default page load timeout: '60'

2022-01-12 09:01:23 - [MESSAGE][PASSED] - Tapped on element 'Object Repository/Mobile/Page/Login/Input - Password'

2022-01-12 09:01:23 - [TEST_STEP][PASSED] - delay(1): Delayed 1 second(s)

2022-01-12 09:01:24 - [MESSAGE][PASSED] - Delayed 1 second(s)

2022-01-12 09:01:24 - [TEST_STEP][PASSED] - setText(LOGN_EdtRdyPassword, "Shalawa18", 0): Text 'Shalawa18' has been set to element 'Object Repository/Mobile/Page/Login/Input Rdy - Password'

2022-01-12 09:01:24 - [MESSAGE][WARNING] - Timeout '0' is invalid. Using default page load timeout: '60'

2022-01-12 09:01:25 - [MESSAGE][PASSED] - Text 'Shalawa18' has been set to element 'Object Repository/Mobile/Page/Login/Input Rdy - Password'

2022-01-12 09:01:25 - [TEST_STEP][PASSED] - delay(1): Delayed 1 second(s)

2022-01-12 09:01:26 - [MESSAGE][PASSED] - Delayed 1 second(s)

2022-01-12 09:01:26 - [TEST_STEP][PASSED] - hideKeyboard(): Keyboard is hidden

2022-01-12 09:01:32 - [MESSAGE][PASSED] - Keyboard is hidden

2022-01-12 09:01:32 - [TEST_STEP][PASSED] - tap(LOGN_BtnLogin, 0): Tapped on element 'Object Repository/Mobile/Page/Login/Button - Login'

2022-01-12 09:01:32 - [MESSAGE][WARNING] - Timeout '0' is invalid. Using default page load timeout: '60'

2022-01-12 09:01:33 - [MESSAGE][PASSED] - Tapped on element 'Object Repository/Mobile/Page/Login/Button - Login'

2022-01-12 09:01:33 - [TEST_STEP][PASSED] - delay(2): Delayed 2 second(s)

2022-01-12 09:01:35 - [MESSAGE][PASSED] - Delayed 2 second(s)

2022-01-12 09:01:35 - [TEST_STEP][PASSED] - break: null

2022-01-12 09:01:35 - [MESSAGE][PASSED] - Call Test Case 'Test Cases/Mobile/Page/Login/Login' successfully

2022-01-12 09:01:35 - [MESSAGE][PASSED] - Call Test Case 'Test Cases/Mobile/Page/CheckLogin' successfully

2022-01-12 09:01:35 - [TEST_STEP][PASSED] - tap(HOME_MenubarPortfolio, 0): Tapped on element 'Object Repository/Mobile/Page/Home/Menubar - Portfolio'

2022-01-12 09:01:35 - [MESSAGE][WARNING] - Timeout '0' is invalid. Using default page load timeout: '60'

2022-01-12 09:01:37 - [MESSAGE][PASSED] - Tapped on element 'Object Repository/Mobile/Page/Home/Menubar - Portfolio'

2022-01-12 09:01:37 - [TEST_STEP][PASSED] - delay(1): Delayed 1 second(s)

2022-01-12 09:01:38 - [MESSAGE][PASSED] - Delayed 1 second(s)

2022-01-12 09:01:38 - [TEST_STEP][PASSED] - for ([i = 0, i < 1, (i++)]): Delayed 3 second(s)

2022-01-12 09:01:38 - [TEST_STEP][PASSED] - if (tab == "summary"): Delayed 3 second(s)

2022-01-12 09:01:38 - [TEST_STEP][PASSED] - idr = PORT_BtnIDR: null

2022-01-12 09:01:38 - [TEST_STEP][PASSED] - persen = PORT_BtnPersen: null

2022-01-12 09:01:38 - [TEST_STEP][PASSED] - if (action == "summary"): null

2022-01-12 09:01:38 - [TEST_STEP][PASSED] - else if (action == "perf_daily"): scroll.scroll.scrollScreenBottomToTop is PASSED

2022-01-12 09:01:38 - [TEST_STEP][PASSED] - scroll.scroll.scrollScreenBottomToTop(): scroll.scroll.scrollScreenBottomToTop is PASSED

2022-01-12 09:01:38 - [MESSAGE][PASSED] - Current device physical height is 1423

2022-01-12 09:01:38 - [MESSAGE][PASSED] - Current device physical width is 720

2022-01-12 09:01:40 - [MESSAGE][PASSED] - Swiped from 360,1,138 to 360,284

2022-01-12 09:01:40 - [MESSAGE][PASSED] - scroll.scroll.scrollScreenBottomToTop is PASSED

2022-01-12 09:01:40 - [TEST_STEP][PASSED] - if (action != "summary"): Delayed 3 second(s)

2022-01-12 09:01:40 - [TEST_STEP][PASSED] - delay(1): Delayed 1 second(s)

2022-01-12 09:01:41 - [MESSAGE][PASSED] - Delayed 1 second(s)

2022-01-12 09:01:41 - [TEST_STEP][PASSED] - scroll.scroll.scrollScreenBottomToTop(): scroll.scroll.scrollScreenBottomToTop is PASSED

2022-01-12 09:01:41 - [MESSAGE][PASSED] - Current device physical height is 1423

2022-01-12 09:01:41 - [MESSAGE][PASSED] - Current device physical width is 720

2022-01-12 09:01:43 - [MESSAGE][PASSED] - Swiped from 360,1,138 to 360,284

2022-01-12 09:01:43 - [MESSAGE][PASSED] - scroll.scroll.scrollScreenBottomToTop is PASSED

2022-01-12 09:01:43 - [TEST_STEP][PASSED] - delay(3): Delayed 3 second(s)

2022-01-12 09:01:46 - [MESSAGE][PASSED] - Delayed 3 second(s)

2022-01-12 09:01:46 - [TEST_STEP][PASSED] - if (action2 == "idr"): null

2022-01-12 09:01:46 - [TEST_STEP][PASSED] - else if (action2 == "persen"): Delayed 3 second(s)

2022-01-12 09:01:46 - [TEST_STEP][PASSED] - tap(persen, 10): Tapped on element 'Object Repository/Mobile/Page/Portfolio/Button - Persen'

2022-01-12 09:01:46 - [MESSAGE][PASSED] - Tapped on element 'Object Repository/Mobile/Page/Portfolio/Button - Persen'

2022-01-12 09:01:46 - [TEST_STEP][PASSED] - delay(3): Delayed 3 second(s)

2022-01-12 09:01:49 - [MESSAGE][PASSED] - Delayed 3 second(s)

2022-01-12 09:01:49 - [MESSAGE][PASSED] - Call Test Case 'Test Cases/Mobile/Page/Portfolio/Portfolio' successfully

2022-01-12 09:01:49 - [TEST_STEP][PASSED] - callTestCase(findTestCase("Mobile/Page/Run App/Terminate App"), [:], STOP_ON_FAILURE): Call Test Case 'Test Cases/Mobile/Page/Run App/Terminate App' successfully

2022-01-12 09:01:49 - [TEST_CASE][PASSED] - Test Cases/Mobile/Page/Run App/Terminate App: Test Cases/Mobile/Page/Run App/Terminate App

2022-01-12 09:01:49 - [TEST_STEP][PASSED] - startApp.OpenApp.terminateApplication(): startApp.OpenApp.terminateApplication is PASSED

2022-01-12 09:01:52 - [MESSAGE][PASSED] - Delayed 3 second(s)

2022-01-12 09:01:52 - [MESSAGE][PASSED] - Current device physical width is 720

2022-01-12 09:01:53 - [MESSAGE][PASSED] - Current device physical height is 1423

2022-01-12 09:01:54 - [MESSAGE][PASSED] - Swiped from 360,853 to 360,142

2022-01-12 09:01:55 - [MESSAGE][PASSED] - Delayed 1 second(s)

2022-01-12 09:01:56 - [MESSAGE][PASSED] - Swiped from 360,853 to 360,142

2022-01-12 09:01:59 - [MESSAGE][PASSED] - Delayed 3 second(s)

2022-01-12 09:01:59 - [MESSAGE][PASSED] - startApp.OpenApp.terminateApplication is PASSED

2022-01-12 09:01:59 - [MESSAGE][PASSED] - Call Test Case 'Test Cases/Mobile/Page/Run App/Terminate App' successfully]]></system-out>
         <system-err><![CDATA[]]></system-err>
      </testcase>
      <testcase name="Test Cases/Mobile/Scenario/Portfolio/007 - Portfolio Performance Month to Date Persen" time="65.14" classname="Test Cases/Mobile/Scenario/Portfolio/007 - Portfolio Performance Month to Date Persen" status="PASSED">
         <system-out><![CDATA[2022-01-12 09:01:59 - [TEST_CASE][PASSED] - Test Cases/Mobile/Scenario/Portfolio/007 - Portfolio Performance Month to Date Persen: Test Cases/Mobile/Scenario/Portfolio/007 - Portfolio Performance Month to Date Persen

2022-01-12 09:02:00 - [TEST_STEP][PASSED] - callTestCase(findTestCase("Mobile/Page/Run App/Run App byID"), [:], STOP_ON_FAILURE): Call Test Case 'Test Cases/Mobile/Page/Run App/Run App byID' successfully

2022-01-12 09:02:00 - [TEST_CASE][PASSED] - Test Cases/Mobile/Page/Run App/Run App byID: Test Cases/Mobile/Page/Run App/Run App byID

2022-01-12 09:02:00 - [TEST_STEP][PASSED] - startApp.OpenApp.startApplication("id.co.miraeasset.sageclub"): startApp.OpenApp.startApplication is PASSED

2022-01-12 09:02:14 - [MESSAGE][PASSED] - Starting app with application ID: 'id.co.miraeasset.sageclub'

2022-01-12 09:02:14 - [MESSAGE][PASSED] - startApp.OpenApp.startApplication is PASSED

2022-01-12 09:02:14 - [MESSAGE][PASSED] - Call Test Case 'Test Cases/Mobile/Page/Run App/Run App byID' successfully

2022-01-12 09:02:14 - [TEST_STEP][PASSED] - callTestCase(findTestCase("Mobile/Page/Portfolio/Portfolio"), ["tab":"summary", "action":"perf_month", "action2":"persen"], CONTINUE_ON_FAILURE): Call Test Case 'Test Cases/Mobile/Page/Portfolio/Portfolio' successfully

2022-01-12 09:02:14 - [TEST_CASE][PASSED] - Test Cases/Mobile/Page/Portfolio/Portfolio: Test Cases/Mobile/Page/Portfolio/Portfolio

2022-01-12 09:02:14 - [TEST_STEP][PASSED] - callTestCase(findTestCase("Mobile/Page/CheckLogin"), [:], CONTINUE_ON_FAILURE): Call Test Case 'Test Cases/Mobile/Page/CheckLogin' successfully

2022-01-12 09:02:14 - [TEST_CASE][PASSED] - Test Cases/Mobile/Page/CheckLogin: Test Cases/Mobile/Page/CheckLogin

2022-01-12 09:02:14 - [TEST_STEP][PASSED] - loginCheck = verifyElementExist(LOGN_BtnLogin, 5, CONTINUE_ON_FAILURE): Element 'Object Repository/Mobile/Page/Login/Button - Login' is exist

2022-01-12 09:02:16 - [MESSAGE][PASSED] - Element 'Object Repository/Mobile/Page/Login/Button - Login' is exist

2022-01-12 09:02:16 - [TEST_STEP][PASSED] - if (loginCheck): Call Test Case 'Test Cases/Mobile/Page/Login/Login' successfully

2022-01-12 09:02:16 - [TEST_STEP][PASSED] - callTestCase(findTestCase("Mobile/Page/Login/Login"), ["action":"username"], CONTINUE_ON_FAILURE): Call Test Case 'Test Cases/Mobile/Page/Login/Login' successfully

2022-01-12 09:02:16 - [TEST_CASE][PASSED] - Test Cases/Mobile/Page/Login/Login: Test Cases/Mobile/Page/Login/Login

2022-01-12 09:02:16 - [TEST_STEP][PASSED] - delay(2): Delayed 2 second(s)

2022-01-12 09:02:18 - [MESSAGE][PASSED] - Delayed 2 second(s)

2022-01-12 09:02:18 - [TEST_STEP][PASSED] - for ([i = 0, i < 1, (i++)]): null

2022-01-12 09:02:18 - [TEST_STEP][PASSED] - if (action == "username"): null

2022-01-12 09:02:18 - [TEST_STEP][PASSED] - tap(LOGN_EdtUserID, 0): Tapped on element 'Object Repository/Mobile/Page/Login/Input - UserID'

2022-01-12 09:02:18 - [MESSAGE][WARNING] - Timeout '0' is invalid. Using default page load timeout: '60'

2022-01-12 09:02:18 - [MESSAGE][PASSED] - Tapped on element 'Object Repository/Mobile/Page/Login/Input - UserID'

2022-01-12 09:02:18 - [TEST_STEP][PASSED] - delay(1): Delayed 1 second(s)

2022-01-12 09:02:19 - [MESSAGE][PASSED] - Delayed 1 second(s)

2022-01-12 09:02:19 - [TEST_STEP][PASSED] - setText(LOGN_EdtRdyUserID, "anggaaditya", 0): Text 'anggaaditya' has been set to element 'Object Repository/Mobile/Page/Login/Input Rdy - UserID'

2022-01-12 09:02:19 - [MESSAGE][WARNING] - Timeout '0' is invalid. Using default page load timeout: '60'

2022-01-12 09:02:20 - [MESSAGE][PASSED] - Text 'anggaaditya' has been set to element 'Object Repository/Mobile/Page/Login/Input Rdy - UserID'

2022-01-12 09:02:20 - [TEST_STEP][PASSED] - delay(1): Delayed 1 second(s)

2022-01-12 09:02:21 - [MESSAGE][PASSED] - Delayed 1 second(s)

2022-01-12 09:02:21 - [TEST_STEP][PASSED] - hideKeyboard(): Keyboard is hidden

2022-01-12 09:02:25 - [MESSAGE][PASSED] - Keyboard is hidden

2022-01-12 09:02:25 - [TEST_STEP][PASSED] - tap(LOGN_EdtPassword, 0): Tapped on element 'Object Repository/Mobile/Page/Login/Input - Password'

2022-01-12 09:02:25 - [MESSAGE][WARNING] - Timeout '0' is invalid. Using default page load timeout: '60'

2022-01-12 09:02:25 - [MESSAGE][PASSED] - Tapped on element 'Object Repository/Mobile/Page/Login/Input - Password'

2022-01-12 09:02:25 - [TEST_STEP][PASSED] - delay(1): Delayed 1 second(s)

2022-01-12 09:02:26 - [MESSAGE][PASSED] - Delayed 1 second(s)

2022-01-12 09:02:26 - [TEST_STEP][PASSED] - setText(LOGN_EdtRdyPassword, "Shalawa18", 0): Text 'Shalawa18' has been set to element 'Object Repository/Mobile/Page/Login/Input Rdy - Password'

2022-01-12 09:02:26 - [MESSAGE][WARNING] - Timeout '0' is invalid. Using default page load timeout: '60'

2022-01-12 09:02:27 - [MESSAGE][PASSED] - Text 'Shalawa18' has been set to element 'Object Repository/Mobile/Page/Login/Input Rdy - Password'

2022-01-12 09:02:27 - [TEST_STEP][PASSED] - delay(1): Delayed 1 second(s)

2022-01-12 09:02:28 - [MESSAGE][PASSED] - Delayed 1 second(s)

2022-01-12 09:02:28 - [TEST_STEP][PASSED] - hideKeyboard(): Keyboard is hidden

2022-01-12 09:02:34 - [MESSAGE][PASSED] - Keyboard is hidden

2022-01-12 09:02:34 - [TEST_STEP][PASSED] - tap(LOGN_BtnLogin, 0): Tapped on element 'Object Repository/Mobile/Page/Login/Button - Login'

2022-01-12 09:02:34 - [MESSAGE][WARNING] - Timeout '0' is invalid. Using default page load timeout: '60'

2022-01-12 09:02:35 - [MESSAGE][PASSED] - Tapped on element 'Object Repository/Mobile/Page/Login/Button - Login'

2022-01-12 09:02:35 - [TEST_STEP][PASSED] - delay(2): Delayed 2 second(s)

2022-01-12 09:02:37 - [MESSAGE][PASSED] - Delayed 2 second(s)

2022-01-12 09:02:37 - [TEST_STEP][PASSED] - break: null

2022-01-12 09:02:37 - [MESSAGE][PASSED] - Call Test Case 'Test Cases/Mobile/Page/Login/Login' successfully

2022-01-12 09:02:37 - [MESSAGE][PASSED] - Call Test Case 'Test Cases/Mobile/Page/CheckLogin' successfully

2022-01-12 09:02:37 - [TEST_STEP][PASSED] - tap(HOME_MenubarPortfolio, 0): Tapped on element 'Object Repository/Mobile/Page/Home/Menubar - Portfolio'

2022-01-12 09:02:37 - [MESSAGE][WARNING] - Timeout '0' is invalid. Using default page load timeout: '60'

2022-01-12 09:02:40 - [MESSAGE][PASSED] - Tapped on element 'Object Repository/Mobile/Page/Home/Menubar - Portfolio'

2022-01-12 09:02:40 - [TEST_STEP][PASSED] - delay(1): Delayed 1 second(s)

2022-01-12 09:02:41 - [MESSAGE][PASSED] - Delayed 1 second(s)

2022-01-12 09:02:41 - [TEST_STEP][PASSED] - for ([i = 0, i < 1, (i++)]): Delayed 3 second(s)

2022-01-12 09:02:41 - [TEST_STEP][PASSED] - if (tab == "summary"): Delayed 3 second(s)

2022-01-12 09:02:41 - [TEST_STEP][PASSED] - idr = PORT_BtnIDR: null

2022-01-12 09:02:41 - [TEST_STEP][PASSED] - persen = PORT_BtnPersen: null

2022-01-12 09:02:41 - [TEST_STEP][PASSED] - if (action == "summary"): null

2022-01-12 09:02:41 - [TEST_STEP][PASSED] - else if (action == "perf_daily"): null

2022-01-12 09:02:41 - [TEST_STEP][PASSED] - else if (action == "perf_month"): Tapped on element 'Object Repository/Mobile/Page/Portfolio/Tab - Summary Month to Date'

2022-01-12 09:02:41 - [TEST_STEP][PASSED] - scroll.scroll.scrollScreenBottomToTop(): scroll.scroll.scrollScreenBottomToTop is PASSED

2022-01-12 09:02:41 - [MESSAGE][PASSED] - Current device physical height is 1423

2022-01-12 09:02:41 - [MESSAGE][PASSED] - Current device physical width is 720

2022-01-12 09:02:43 - [MESSAGE][PASSED] - Swiped from 360,1,138 to 360,284

2022-01-12 09:02:43 - [MESSAGE][PASSED] - scroll.scroll.scrollScreenBottomToTop is PASSED

2022-01-12 09:02:43 - [TEST_STEP][PASSED] - delay(1): Delayed 1 second(s)

2022-01-12 09:02:44 - [MESSAGE][PASSED] - Delayed 1 second(s)

2022-01-12 09:02:44 - [TEST_STEP][PASSED] - tap(PORT_TabSummaryMonth, 0): Tapped on element 'Object Repository/Mobile/Page/Portfolio/Tab - Summary Month to Date'

2022-01-12 09:02:44 - [MESSAGE][WARNING] - Timeout '0' is invalid. Using default page load timeout: '60'

2022-01-12 09:02:45 - [MESSAGE][PASSED] - Tapped on element 'Object Repository/Mobile/Page/Portfolio/Tab - Summary Month to Date'

2022-01-12 09:02:45 - [TEST_STEP][PASSED] - if (action != "summary"): Delayed 3 second(s)

2022-01-12 09:02:45 - [TEST_STEP][PASSED] - delay(1): Delayed 1 second(s)

2022-01-12 09:02:46 - [MESSAGE][PASSED] - Delayed 1 second(s)

2022-01-12 09:02:46 - [TEST_STEP][PASSED] - scroll.scroll.scrollScreenBottomToTop(): scroll.scroll.scrollScreenBottomToTop is PASSED

2022-01-12 09:02:46 - [MESSAGE][PASSED] - Current device physical height is 1423

2022-01-12 09:02:46 - [MESSAGE][PASSED] - Current device physical width is 720

2022-01-12 09:02:48 - [MESSAGE][PASSED] - Swiped from 360,1,138 to 360,284

2022-01-12 09:02:48 - [MESSAGE][PASSED] - scroll.scroll.scrollScreenBottomToTop is PASSED

2022-01-12 09:02:48 - [TEST_STEP][PASSED] - delay(3): Delayed 3 second(s)

2022-01-12 09:02:51 - [MESSAGE][PASSED] - Delayed 3 second(s)

2022-01-12 09:02:51 - [TEST_STEP][PASSED] - if (action2 == "idr"): null

2022-01-12 09:02:51 - [TEST_STEP][PASSED] - else if (action2 == "persen"): Delayed 3 second(s)

2022-01-12 09:02:51 - [TEST_STEP][PASSED] - tap(persen, 10): Tapped on element 'Object Repository/Mobile/Page/Portfolio/Button - Persen'

2022-01-12 09:02:51 - [MESSAGE][PASSED] - Tapped on element 'Object Repository/Mobile/Page/Portfolio/Button - Persen'

2022-01-12 09:02:51 - [TEST_STEP][PASSED] - delay(3): Delayed 3 second(s)

2022-01-12 09:02:54 - [MESSAGE][PASSED] - Delayed 3 second(s)

2022-01-12 09:02:54 - [MESSAGE][PASSED] - Call Test Case 'Test Cases/Mobile/Page/Portfolio/Portfolio' successfully

2022-01-12 09:02:54 - [TEST_STEP][PASSED] - callTestCase(findTestCase("Mobile/Page/Run App/Terminate App"), [:], STOP_ON_FAILURE): Call Test Case 'Test Cases/Mobile/Page/Run App/Terminate App' successfully

2022-01-12 09:02:54 - [TEST_CASE][PASSED] - Test Cases/Mobile/Page/Run App/Terminate App: Test Cases/Mobile/Page/Run App/Terminate App

2022-01-12 09:02:54 - [TEST_STEP][PASSED] - startApp.OpenApp.terminateApplication(): startApp.OpenApp.terminateApplication is PASSED

2022-01-12 09:02:57 - [MESSAGE][PASSED] - Delayed 3 second(s)

2022-01-12 09:02:58 - [MESSAGE][PASSED] - Current device physical width is 720

2022-01-12 09:02:58 - [MESSAGE][PASSED] - Current device physical height is 1423

2022-01-12 09:02:59 - [MESSAGE][PASSED] - Swiped from 360,853 to 360,142

2022-01-12 09:03:00 - [MESSAGE][PASSED] - Delayed 1 second(s)

2022-01-12 09:03:02 - [MESSAGE][PASSED] - Swiped from 360,853 to 360,142

2022-01-12 09:03:05 - [MESSAGE][PASSED] - Delayed 3 second(s)

2022-01-12 09:03:05 - [MESSAGE][PASSED] - startApp.OpenApp.terminateApplication is PASSED

2022-01-12 09:03:05 - [MESSAGE][PASSED] - Call Test Case 'Test Cases/Mobile/Page/Run App/Terminate App' successfully]]></system-out>
         <system-err><![CDATA[]]></system-err>
      </testcase>
      <testcase name="Test Cases/Mobile/Scenario/Portfolio/008 - Portfolio Performance Quarter to Date Persen" time="65.297" classname="Test Cases/Mobile/Scenario/Portfolio/008 - Portfolio Performance Quarter to Date Persen" status="PASSED">
         <system-out><![CDATA[2022-01-12 09:03:05 - [TEST_CASE][PASSED] - Test Cases/Mobile/Scenario/Portfolio/008 - Portfolio Performance Quarter to Date Persen: Test Cases/Mobile/Scenario/Portfolio/008 - Portfolio Performance Quarter to Date Persen

2022-01-12 09:03:05 - [TEST_STEP][PASSED] - callTestCase(findTestCase("Mobile/Page/Run App/Run App byID"), [:], STOP_ON_FAILURE): Call Test Case 'Test Cases/Mobile/Page/Run App/Run App byID' successfully

2022-01-12 09:03:05 - [TEST_CASE][PASSED] - Test Cases/Mobile/Page/Run App/Run App byID: Test Cases/Mobile/Page/Run App/Run App byID

2022-01-12 09:03:05 - [TEST_STEP][PASSED] - startApp.OpenApp.startApplication("id.co.miraeasset.sageclub"): startApp.OpenApp.startApplication is PASSED

2022-01-12 09:03:20 - [MESSAGE][PASSED] - Starting app with application ID: 'id.co.miraeasset.sageclub'

2022-01-12 09:03:20 - [MESSAGE][PASSED] - startApp.OpenApp.startApplication is PASSED

2022-01-12 09:03:20 - [MESSAGE][PASSED] - Call Test Case 'Test Cases/Mobile/Page/Run App/Run App byID' successfully

2022-01-12 09:03:20 - [TEST_STEP][PASSED] - callTestCase(findTestCase("Mobile/Page/Portfolio/Portfolio"), ["tab":"summary", "action":"perf_quarter", "action2":"persen"], CONTINUE_ON_FAILURE): Call Test Case 'Test Cases/Mobile/Page/Portfolio/Portfolio' successfully

2022-01-12 09:03:20 - [TEST_CASE][PASSED] - Test Cases/Mobile/Page/Portfolio/Portfolio: Test Cases/Mobile/Page/Portfolio/Portfolio

2022-01-12 09:03:20 - [TEST_STEP][PASSED] - callTestCase(findTestCase("Mobile/Page/CheckLogin"), [:], CONTINUE_ON_FAILURE): Call Test Case 'Test Cases/Mobile/Page/CheckLogin' successfully

2022-01-12 09:03:20 - [TEST_CASE][PASSED] - Test Cases/Mobile/Page/CheckLogin: Test Cases/Mobile/Page/CheckLogin

2022-01-12 09:03:20 - [TEST_STEP][PASSED] - loginCheck = verifyElementExist(LOGN_BtnLogin, 5, CONTINUE_ON_FAILURE): Element 'Object Repository/Mobile/Page/Login/Button - Login' is exist

2022-01-12 09:03:22 - [MESSAGE][PASSED] - Element 'Object Repository/Mobile/Page/Login/Button - Login' is exist

2022-01-12 09:03:22 - [TEST_STEP][PASSED] - if (loginCheck): Call Test Case 'Test Cases/Mobile/Page/Login/Login' successfully

2022-01-12 09:03:22 - [TEST_STEP][PASSED] - callTestCase(findTestCase("Mobile/Page/Login/Login"), ["action":"username"], CONTINUE_ON_FAILURE): Call Test Case 'Test Cases/Mobile/Page/Login/Login' successfully

2022-01-12 09:03:22 - [TEST_CASE][PASSED] - Test Cases/Mobile/Page/Login/Login: Test Cases/Mobile/Page/Login/Login

2022-01-12 09:03:22 - [TEST_STEP][PASSED] - delay(2): Delayed 2 second(s)

2022-01-12 09:03:24 - [MESSAGE][PASSED] - Delayed 2 second(s)

2022-01-12 09:03:24 - [TEST_STEP][PASSED] - for ([i = 0, i < 1, (i++)]): null

2022-01-12 09:03:24 - [TEST_STEP][PASSED] - if (action == "username"): null

2022-01-12 09:03:24 - [TEST_STEP][PASSED] - tap(LOGN_EdtUserID, 0): Tapped on element 'Object Repository/Mobile/Page/Login/Input - UserID'

2022-01-12 09:03:24 - [MESSAGE][WARNING] - Timeout '0' is invalid. Using default page load timeout: '60'

2022-01-12 09:03:25 - [MESSAGE][PASSED] - Tapped on element 'Object Repository/Mobile/Page/Login/Input - UserID'

2022-01-12 09:03:25 - [TEST_STEP][PASSED] - delay(1): Delayed 1 second(s)

2022-01-12 09:03:26 - [MESSAGE][PASSED] - Delayed 1 second(s)

2022-01-12 09:03:26 - [TEST_STEP][PASSED] - setText(LOGN_EdtRdyUserID, "anggaaditya", 0): Text 'anggaaditya' has been set to element 'Object Repository/Mobile/Page/Login/Input Rdy - UserID'

2022-01-12 09:03:26 - [MESSAGE][WARNING] - Timeout '0' is invalid. Using default page load timeout: '60'

2022-01-12 09:03:27 - [MESSAGE][PASSED] - Text 'anggaaditya' has been set to element 'Object Repository/Mobile/Page/Login/Input Rdy - UserID'

2022-01-12 09:03:27 - [TEST_STEP][PASSED] - delay(1): Delayed 1 second(s)

2022-01-12 09:03:28 - [MESSAGE][PASSED] - Delayed 1 second(s)

2022-01-12 09:03:28 - [TEST_STEP][PASSED] - hideKeyboard(): Keyboard is hidden

2022-01-12 09:03:32 - [MESSAGE][PASSED] - Keyboard is hidden

2022-01-12 09:03:32 - [TEST_STEP][PASSED] - tap(LOGN_EdtPassword, 0): Tapped on element 'Object Repository/Mobile/Page/Login/Input - Password'

2022-01-12 09:03:32 - [MESSAGE][WARNING] - Timeout '0' is invalid. Using default page load timeout: '60'

2022-01-12 09:03:32 - [MESSAGE][PASSED] - Tapped on element 'Object Repository/Mobile/Page/Login/Input - Password'

2022-01-12 09:03:32 - [TEST_STEP][PASSED] - delay(1): Delayed 1 second(s)

2022-01-12 09:03:33 - [MESSAGE][PASSED] - Delayed 1 second(s)

2022-01-12 09:03:33 - [TEST_STEP][PASSED] - setText(LOGN_EdtRdyPassword, "Shalawa18", 0): Text 'Shalawa18' has been set to element 'Object Repository/Mobile/Page/Login/Input Rdy - Password'

2022-01-12 09:03:33 - [MESSAGE][WARNING] - Timeout '0' is invalid. Using default page load timeout: '60'

2022-01-12 09:03:34 - [MESSAGE][PASSED] - Text 'Shalawa18' has been set to element 'Object Repository/Mobile/Page/Login/Input Rdy - Password'

2022-01-12 09:03:34 - [TEST_STEP][PASSED] - delay(1): Delayed 1 second(s)

2022-01-12 09:03:35 - [MESSAGE][PASSED] - Delayed 1 second(s)

2022-01-12 09:03:35 - [TEST_STEP][PASSED] - hideKeyboard(): Keyboard is hidden

2022-01-12 09:03:41 - [MESSAGE][PASSED] - Keyboard is hidden

2022-01-12 09:03:41 - [TEST_STEP][PASSED] - tap(LOGN_BtnLogin, 0): Tapped on element 'Object Repository/Mobile/Page/Login/Button - Login'

2022-01-12 09:03:41 - [MESSAGE][WARNING] - Timeout '0' is invalid. Using default page load timeout: '60'

2022-01-12 09:03:42 - [MESSAGE][PASSED] - Tapped on element 'Object Repository/Mobile/Page/Login/Button - Login'

2022-01-12 09:03:42 - [TEST_STEP][PASSED] - delay(2): Delayed 2 second(s)

2022-01-12 09:03:44 - [MESSAGE][PASSED] - Delayed 2 second(s)

2022-01-12 09:03:44 - [TEST_STEP][PASSED] - break: null

2022-01-12 09:03:44 - [MESSAGE][PASSED] - Call Test Case 'Test Cases/Mobile/Page/Login/Login' successfully

2022-01-12 09:03:44 - [MESSAGE][PASSED] - Call Test Case 'Test Cases/Mobile/Page/CheckLogin' successfully

2022-01-12 09:03:44 - [TEST_STEP][PASSED] - tap(HOME_MenubarPortfolio, 0): Tapped on element 'Object Repository/Mobile/Page/Home/Menubar - Portfolio'

2022-01-12 09:03:44 - [MESSAGE][WARNING] - Timeout '0' is invalid. Using default page load timeout: '60'

2022-01-12 09:03:45 - [MESSAGE][PASSED] - Tapped on element 'Object Repository/Mobile/Page/Home/Menubar - Portfolio'

2022-01-12 09:03:45 - [TEST_STEP][PASSED] - delay(1): Delayed 1 second(s)

2022-01-12 09:03:46 - [MESSAGE][PASSED] - Delayed 1 second(s)

2022-01-12 09:03:46 - [TEST_STEP][PASSED] - for ([i = 0, i < 1, (i++)]): Delayed 3 second(s)

2022-01-12 09:03:46 - [TEST_STEP][PASSED] - if (tab == "summary"): Delayed 3 second(s)

2022-01-12 09:03:46 - [TEST_STEP][PASSED] - idr = PORT_BtnIDR: null

2022-01-12 09:03:46 - [TEST_STEP][PASSED] - persen = PORT_BtnPersen: null

2022-01-12 09:03:46 - [TEST_STEP][PASSED] - if (action == "summary"): null

2022-01-12 09:03:46 - [TEST_STEP][PASSED] - else if (action == "perf_daily"): null

2022-01-12 09:03:46 - [TEST_STEP][PASSED] - else if (action == "perf_month"): null

2022-01-12 09:03:46 - [TEST_STEP][PASSED] - else if (action == "perf_quarter"): Tapped on element 'Object Repository/Mobile/Page/Portfolio/Tab - Summary Quarter to Date'

2022-01-12 09:03:46 - [TEST_STEP][PASSED] - scroll.scroll.scrollScreenBottomToTop(): scroll.scroll.scrollScreenBottomToTop is PASSED

2022-01-12 09:03:47 - [MESSAGE][PASSED] - Current device physical height is 1423

2022-01-12 09:03:47 - [MESSAGE][PASSED] - Current device physical width is 720

2022-01-12 09:03:49 - [MESSAGE][PASSED] - Swiped from 360,1,138 to 360,284

2022-01-12 09:03:49 - [MESSAGE][PASSED] - scroll.scroll.scrollScreenBottomToTop is PASSED

2022-01-12 09:03:49 - [TEST_STEP][PASSED] - delay(1): Delayed 1 second(s)

2022-01-12 09:03:50 - [MESSAGE][PASSED] - Delayed 1 second(s)

2022-01-12 09:03:50 - [TEST_STEP][PASSED] - tap(PORT_TabSummaryQuarter, 0): Tapped on element 'Object Repository/Mobile/Page/Portfolio/Tab - Summary Quarter to Date'

2022-01-12 09:03:50 - [MESSAGE][WARNING] - Timeout '0' is invalid. Using default page load timeout: '60'

2022-01-12 09:03:50 - [MESSAGE][PASSED] - Tapped on element 'Object Repository/Mobile/Page/Portfolio/Tab - Summary Quarter to Date'

2022-01-12 09:03:50 - [TEST_STEP][PASSED] - if (action != "summary"): Delayed 3 second(s)

2022-01-12 09:03:50 - [TEST_STEP][PASSED] - delay(1): Delayed 1 second(s)

2022-01-12 09:03:51 - [MESSAGE][PASSED] - Delayed 1 second(s)

2022-01-12 09:03:51 - [TEST_STEP][PASSED] - scroll.scroll.scrollScreenBottomToTop(): scroll.scroll.scrollScreenBottomToTop is PASSED

2022-01-12 09:03:51 - [MESSAGE][PASSED] - Current device physical height is 1423

2022-01-12 09:03:52 - [MESSAGE][PASSED] - Current device physical width is 720

2022-01-12 09:03:53 - [MESSAGE][PASSED] - Swiped from 360,1,138 to 360,284

2022-01-12 09:03:53 - [MESSAGE][PASSED] - scroll.scroll.scrollScreenBottomToTop is PASSED

2022-01-12 09:03:53 - [TEST_STEP][PASSED] - delay(3): Delayed 3 second(s)

2022-01-12 09:03:56 - [MESSAGE][PASSED] - Delayed 3 second(s)

2022-01-12 09:03:56 - [TEST_STEP][PASSED] - if (action2 == "idr"): null

2022-01-12 09:03:56 - [TEST_STEP][PASSED] - else if (action2 == "persen"): Delayed 3 second(s)

2022-01-12 09:03:56 - [TEST_STEP][PASSED] - tap(persen, 10): Tapped on element 'Object Repository/Mobile/Page/Portfolio/Button - Persen'

2022-01-12 09:03:56 - [MESSAGE][PASSED] - Tapped on element 'Object Repository/Mobile/Page/Portfolio/Button - Persen'

2022-01-12 09:03:56 - [TEST_STEP][PASSED] - delay(3): Delayed 3 second(s)

2022-01-12 09:03:59 - [MESSAGE][PASSED] - Delayed 3 second(s)

2022-01-12 09:03:59 - [MESSAGE][PASSED] - Call Test Case 'Test Cases/Mobile/Page/Portfolio/Portfolio' successfully

2022-01-12 09:03:59 - [TEST_STEP][PASSED] - callTestCase(findTestCase("Mobile/Page/Run App/Terminate App"), [:], STOP_ON_FAILURE): Call Test Case 'Test Cases/Mobile/Page/Run App/Terminate App' successfully

2022-01-12 09:03:59 - [TEST_CASE][PASSED] - Test Cases/Mobile/Page/Run App/Terminate App: Test Cases/Mobile/Page/Run App/Terminate App

2022-01-12 09:03:59 - [TEST_STEP][PASSED] - startApp.OpenApp.terminateApplication(): startApp.OpenApp.terminateApplication is PASSED

2022-01-12 09:04:03 - [MESSAGE][PASSED] - Delayed 3 second(s)

2022-01-12 09:04:03 - [MESSAGE][PASSED] - Current device physical width is 720

2022-01-12 09:04:03 - [MESSAGE][PASSED] - Current device physical height is 1423

2022-01-12 09:04:05 - [MESSAGE][PASSED] - Swiped from 360,853 to 360,142

2022-01-12 09:04:06 - [MESSAGE][PASSED] - Delayed 1 second(s)

2022-01-12 09:04:07 - [MESSAGE][PASSED] - Swiped from 360,853 to 360,142

2022-01-12 09:04:10 - [MESSAGE][PASSED] - Delayed 3 second(s)

2022-01-12 09:04:10 - [MESSAGE][PASSED] - startApp.OpenApp.terminateApplication is PASSED

2022-01-12 09:04:10 - [MESSAGE][PASSED] - Call Test Case 'Test Cases/Mobile/Page/Run App/Terminate App' successfully]]></system-out>
         <system-err><![CDATA[]]></system-err>
      </testcase>
      <testcase name="Test Cases/Mobile/Scenario/Portfolio/009 - Portfolio Performance Year to Date Persen" time="69.241" classname="Test Cases/Mobile/Scenario/Portfolio/009 - Portfolio Performance Year to Date Persen" status="PASSED">
         <system-out><![CDATA[2022-01-12 09:04:10 - [TEST_CASE][PASSED] - Test Cases/Mobile/Scenario/Portfolio/009 - Portfolio Performance Year to Date Persen: Test Cases/Mobile/Scenario/Portfolio/009 - Portfolio Performance Year to Date Persen

2022-01-12 09:04:10 - [TEST_STEP][PASSED] - callTestCase(findTestCase("Mobile/Page/Run App/Run App byID"), [:], STOP_ON_FAILURE): Call Test Case 'Test Cases/Mobile/Page/Run App/Run App byID' successfully

2022-01-12 09:04:11 - [TEST_CASE][PASSED] - Test Cases/Mobile/Page/Run App/Run App byID: Test Cases/Mobile/Page/Run App/Run App byID

2022-01-12 09:04:11 - [TEST_STEP][PASSED] - startApp.OpenApp.startApplication("id.co.miraeasset.sageclub"): startApp.OpenApp.startApplication is PASSED

2022-01-12 09:04:27 - [MESSAGE][PASSED] - Starting app with application ID: 'id.co.miraeasset.sageclub'

2022-01-12 09:04:27 - [MESSAGE][PASSED] - startApp.OpenApp.startApplication is PASSED

2022-01-12 09:04:27 - [MESSAGE][PASSED] - Call Test Case 'Test Cases/Mobile/Page/Run App/Run App byID' successfully

2022-01-12 09:04:27 - [TEST_STEP][PASSED] - callTestCase(findTestCase("Mobile/Page/Portfolio/Portfolio"), ["tab":"summary", "action":"perf_year", "action2":"persen"], CONTINUE_ON_FAILURE): Call Test Case 'Test Cases/Mobile/Page/Portfolio/Portfolio' successfully

2022-01-12 09:04:27 - [TEST_CASE][PASSED] - Test Cases/Mobile/Page/Portfolio/Portfolio: Test Cases/Mobile/Page/Portfolio/Portfolio

2022-01-12 09:04:28 - [TEST_STEP][PASSED] - callTestCase(findTestCase("Mobile/Page/CheckLogin"), [:], CONTINUE_ON_FAILURE): Call Test Case 'Test Cases/Mobile/Page/CheckLogin' successfully

2022-01-12 09:04:28 - [TEST_CASE][PASSED] - Test Cases/Mobile/Page/CheckLogin: Test Cases/Mobile/Page/CheckLogin

2022-01-12 09:04:28 - [TEST_STEP][PASSED] - loginCheck = verifyElementExist(LOGN_BtnLogin, 5, CONTINUE_ON_FAILURE): Element 'Object Repository/Mobile/Page/Login/Button - Login' is exist

2022-01-12 09:04:30 - [MESSAGE][PASSED] - Element 'Object Repository/Mobile/Page/Login/Button - Login' is exist

2022-01-12 09:04:30 - [TEST_STEP][PASSED] - if (loginCheck): Call Test Case 'Test Cases/Mobile/Page/Login/Login' successfully

2022-01-12 09:04:30 - [TEST_STEP][PASSED] - callTestCase(findTestCase("Mobile/Page/Login/Login"), ["action":"username"], CONTINUE_ON_FAILURE): Call Test Case 'Test Cases/Mobile/Page/Login/Login' successfully

2022-01-12 09:04:30 - [TEST_CASE][PASSED] - Test Cases/Mobile/Page/Login/Login: Test Cases/Mobile/Page/Login/Login

2022-01-12 09:04:30 - [TEST_STEP][PASSED] - delay(2): Delayed 2 second(s)

2022-01-12 09:04:32 - [MESSAGE][PASSED] - Delayed 2 second(s)

2022-01-12 09:04:32 - [TEST_STEP][PASSED] - for ([i = 0, i < 1, (i++)]): null

2022-01-12 09:04:32 - [TEST_STEP][PASSED] - if (action == "username"): null

2022-01-12 09:04:32 - [TEST_STEP][PASSED] - tap(LOGN_EdtUserID, 0): Tapped on element 'Object Repository/Mobile/Page/Login/Input - UserID'

2022-01-12 09:04:32 - [MESSAGE][WARNING] - Timeout '0' is invalid. Using default page load timeout: '60'

2022-01-12 09:04:32 - [MESSAGE][PASSED] - Tapped on element 'Object Repository/Mobile/Page/Login/Input - UserID'

2022-01-12 09:04:32 - [TEST_STEP][PASSED] - delay(1): Delayed 1 second(s)

2022-01-12 09:04:33 - [MESSAGE][PASSED] - Delayed 1 second(s)

2022-01-12 09:04:33 - [TEST_STEP][PASSED] - setText(LOGN_EdtRdyUserID, "anggaaditya", 0): Text 'anggaaditya' has been set to element 'Object Repository/Mobile/Page/Login/Input Rdy - UserID'

2022-01-12 09:04:33 - [MESSAGE][WARNING] - Timeout '0' is invalid. Using default page load timeout: '60'

2022-01-12 09:04:34 - [MESSAGE][PASSED] - Text 'anggaaditya' has been set to element 'Object Repository/Mobile/Page/Login/Input Rdy - UserID'

2022-01-12 09:04:34 - [TEST_STEP][PASSED] - delay(1): Delayed 1 second(s)

2022-01-12 09:04:35 - [MESSAGE][PASSED] - Delayed 1 second(s)

2022-01-12 09:04:35 - [TEST_STEP][PASSED] - hideKeyboard(): Keyboard is hidden

2022-01-12 09:04:40 - [MESSAGE][PASSED] - Keyboard is hidden

2022-01-12 09:04:40 - [TEST_STEP][PASSED] - tap(LOGN_EdtPassword, 0): Tapped on element 'Object Repository/Mobile/Page/Login/Input - Password'

2022-01-12 09:04:40 - [MESSAGE][WARNING] - Timeout '0' is invalid. Using default page load timeout: '60'

2022-01-12 09:04:40 - [MESSAGE][PASSED] - Tapped on element 'Object Repository/Mobile/Page/Login/Input - Password'

2022-01-12 09:04:40 - [TEST_STEP][PASSED] - delay(1): Delayed 1 second(s)

2022-01-12 09:04:41 - [MESSAGE][PASSED] - Delayed 1 second(s)

2022-01-12 09:04:41 - [TEST_STEP][PASSED] - setText(LOGN_EdtRdyPassword, "Shalawa18", 0): Text 'Shalawa18' has been set to element 'Object Repository/Mobile/Page/Login/Input Rdy - Password'

2022-01-12 09:04:41 - [MESSAGE][WARNING] - Timeout '0' is invalid. Using default page load timeout: '60'

2022-01-12 09:04:42 - [MESSAGE][PASSED] - Text 'Shalawa18' has been set to element 'Object Repository/Mobile/Page/Login/Input Rdy - Password'

2022-01-12 09:04:42 - [TEST_STEP][PASSED] - delay(1): Delayed 1 second(s)

2022-01-12 09:04:43 - [MESSAGE][PASSED] - Delayed 1 second(s)

2022-01-12 09:04:43 - [TEST_STEP][PASSED] - hideKeyboard(): Keyboard is hidden

2022-01-12 09:04:50 - [MESSAGE][PASSED] - Keyboard is hidden

2022-01-12 09:04:50 - [TEST_STEP][PASSED] - tap(LOGN_BtnLogin, 0): Tapped on element 'Object Repository/Mobile/Page/Login/Button - Login'

2022-01-12 09:04:50 - [MESSAGE][WARNING] - Timeout '0' is invalid. Using default page load timeout: '60'

2022-01-12 09:04:51 - [MESSAGE][PASSED] - Tapped on element 'Object Repository/Mobile/Page/Login/Button - Login'

2022-01-12 09:04:51 - [TEST_STEP][PASSED] - delay(2): Delayed 2 second(s)

2022-01-12 09:04:53 - [MESSAGE][PASSED] - Delayed 2 second(s)

2022-01-12 09:04:53 - [TEST_STEP][PASSED] - break: null

2022-01-12 09:04:53 - [MESSAGE][PASSED] - Call Test Case 'Test Cases/Mobile/Page/Login/Login' successfully

2022-01-12 09:04:53 - [MESSAGE][PASSED] - Call Test Case 'Test Cases/Mobile/Page/CheckLogin' successfully

2022-01-12 09:04:53 - [TEST_STEP][PASSED] - tap(HOME_MenubarPortfolio, 0): Tapped on element 'Object Repository/Mobile/Page/Home/Menubar - Portfolio'

2022-01-12 09:04:53 - [MESSAGE][WARNING] - Timeout '0' is invalid. Using default page load timeout: '60'

2022-01-12 09:04:55 - [MESSAGE][PASSED] - Tapped on element 'Object Repository/Mobile/Page/Home/Menubar - Portfolio'

2022-01-12 09:04:55 - [TEST_STEP][PASSED] - delay(1): Delayed 1 second(s)

2022-01-12 09:04:56 - [MESSAGE][PASSED] - Delayed 1 second(s)

2022-01-12 09:04:56 - [TEST_STEP][PASSED] - for ([i = 0, i < 1, (i++)]): Delayed 3 second(s)

2022-01-12 09:04:56 - [TEST_STEP][PASSED] - if (tab == "summary"): Delayed 3 second(s)

2022-01-12 09:04:56 - [TEST_STEP][PASSED] - idr = PORT_BtnIDR: null

2022-01-12 09:04:56 - [TEST_STEP][PASSED] - persen = PORT_BtnPersen: null

2022-01-12 09:04:56 - [TEST_STEP][PASSED] - if (action == "summary"): null

2022-01-12 09:04:56 - [TEST_STEP][PASSED] - else if (action == "perf_daily"): null

2022-01-12 09:04:56 - [TEST_STEP][PASSED] - else if (action == "perf_month"): null

2022-01-12 09:04:56 - [TEST_STEP][PASSED] - else if (action == "perf_quarter"): null

2022-01-12 09:04:56 - [TEST_STEP][PASSED] - else if (action == "perf_year"): Tapped on element 'Object Repository/Mobile/Page/Portfolio/Tab - Summary Year to Date'

2022-01-12 09:04:56 - [TEST_STEP][PASSED] - scroll.scroll.scrollScreenBottomToTop(): scroll.scroll.scrollScreenBottomToTop is PASSED

2022-01-12 09:04:56 - [MESSAGE][PASSED] - Current device physical height is 1423

2022-01-12 09:04:56 - [MESSAGE][PASSED] - Current device physical width is 720

2022-01-12 09:04:58 - [MESSAGE][PASSED] - Swiped from 360,1,138 to 360,284

2022-01-12 09:04:58 - [MESSAGE][PASSED] - scroll.scroll.scrollScreenBottomToTop is PASSED

2022-01-12 09:04:58 - [TEST_STEP][PASSED] - delay(1): Delayed 1 second(s)

2022-01-12 09:04:59 - [MESSAGE][PASSED] - Delayed 1 second(s)

2022-01-12 09:04:59 - [TEST_STEP][PASSED] - tap(PORT_TabSummaryYear, 0): Tapped on element 'Object Repository/Mobile/Page/Portfolio/Tab - Summary Year to Date'

2022-01-12 09:04:59 - [MESSAGE][WARNING] - Timeout '0' is invalid. Using default page load timeout: '60'

2022-01-12 09:04:59 - [MESSAGE][PASSED] - Tapped on element 'Object Repository/Mobile/Page/Portfolio/Tab - Summary Year to Date'

2022-01-12 09:04:59 - [TEST_STEP][PASSED] - if (action != "summary"): Delayed 3 second(s)

2022-01-12 09:04:59 - [TEST_STEP][PASSED] - delay(1): Delayed 1 second(s)

2022-01-12 09:05:00 - [MESSAGE][PASSED] - Delayed 1 second(s)

2022-01-12 09:05:00 - [TEST_STEP][PASSED] - scroll.scroll.scrollScreenBottomToTop(): scroll.scroll.scrollScreenBottomToTop is PASSED

2022-01-12 09:05:01 - [MESSAGE][PASSED] - Current device physical height is 1423

2022-01-12 09:05:01 - [MESSAGE][PASSED] - Current device physical width is 720

2022-01-12 09:05:02 - [MESSAGE][PASSED] - Swiped from 360,1,138 to 360,284

2022-01-12 09:05:02 - [MESSAGE][PASSED] - scroll.scroll.scrollScreenBottomToTop is PASSED

2022-01-12 09:05:02 - [TEST_STEP][PASSED] - delay(3): Delayed 3 second(s)

2022-01-12 09:05:05 - [MESSAGE][PASSED] - Delayed 3 second(s)

2022-01-12 09:05:05 - [TEST_STEP][PASSED] - if (action2 == "idr"): null

2022-01-12 09:05:05 - [TEST_STEP][PASSED] - else if (action2 == "persen"): Delayed 3 second(s)

2022-01-12 09:05:05 - [TEST_STEP][PASSED] - tap(persen, 10): Tapped on element 'Object Repository/Mobile/Page/Portfolio/Button - Persen'

2022-01-12 09:05:06 - [MESSAGE][PASSED] - Tapped on element 'Object Repository/Mobile/Page/Portfolio/Button - Persen'

2022-01-12 09:05:06 - [TEST_STEP][PASSED] - delay(3): Delayed 3 second(s)

2022-01-12 09:05:09 - [MESSAGE][PASSED] - Delayed 3 second(s)

2022-01-12 09:05:09 - [MESSAGE][PASSED] - Call Test Case 'Test Cases/Mobile/Page/Portfolio/Portfolio' successfully

2022-01-12 09:05:09 - [TEST_STEP][PASSED] - callTestCase(findTestCase("Mobile/Page/Run App/Terminate App"), [:], STOP_ON_FAILURE): Call Test Case 'Test Cases/Mobile/Page/Run App/Terminate App' successfully

2022-01-12 09:05:09 - [TEST_CASE][PASSED] - Test Cases/Mobile/Page/Run App/Terminate App: Test Cases/Mobile/Page/Run App/Terminate App

2022-01-12 09:05:09 - [TEST_STEP][PASSED] - startApp.OpenApp.terminateApplication(): startApp.OpenApp.terminateApplication is PASSED

2022-01-12 09:05:12 - [MESSAGE][PASSED] - Delayed 3 second(s)

2022-01-12 09:05:12 - [MESSAGE][PASSED] - Current device physical width is 720

2022-01-12 09:05:12 - [MESSAGE][PASSED] - Current device physical height is 1423

2022-01-12 09:05:14 - [MESSAGE][PASSED] - Swiped from 360,853 to 360,142

2022-01-12 09:05:15 - [MESSAGE][PASSED] - Delayed 1 second(s)

2022-01-12 09:05:16 - [MESSAGE][PASSED] - Swiped from 360,853 to 360,142

2022-01-12 09:05:19 - [MESSAGE][PASSED] - Delayed 3 second(s)

2022-01-12 09:05:19 - [MESSAGE][PASSED] - startApp.OpenApp.terminateApplication is PASSED

2022-01-12 09:05:19 - [MESSAGE][PASSED] - Call Test Case 'Test Cases/Mobile/Page/Run App/Terminate App' successfully]]></system-out>
         <system-err><![CDATA[]]></system-err>
      </testcase>
      <testcase name="Test Cases/Mobile/Scenario/Portfolio/010 - Melihat list stock" time="63.053" classname="Test Cases/Mobile/Scenario/Portfolio/010 - Melihat list stock" status="PASSED">
         <system-out><![CDATA[2022-01-12 09:05:19 - [TEST_CASE][PASSED] - Test Cases/Mobile/Scenario/Portfolio/010 - Melihat list stock: Test Cases/Mobile/Scenario/Portfolio/010 - Melihat list stock

2022-01-12 09:05:20 - [TEST_STEP][PASSED] - callTestCase(findTestCase("Mobile/Page/Run App/Run App byID"), [:], STOP_ON_FAILURE): Call Test Case 'Test Cases/Mobile/Page/Run App/Run App byID' successfully

2022-01-12 09:05:20 - [TEST_CASE][PASSED] - Test Cases/Mobile/Page/Run App/Run App byID: Test Cases/Mobile/Page/Run App/Run App byID

2022-01-12 09:05:20 - [TEST_STEP][PASSED] - startApp.OpenApp.startApplication("id.co.miraeasset.sageclub"): startApp.OpenApp.startApplication is PASSED

2022-01-12 09:05:39 - [MESSAGE][PASSED] - Starting app with application ID: 'id.co.miraeasset.sageclub'

2022-01-12 09:05:39 - [MESSAGE][PASSED] - startApp.OpenApp.startApplication is PASSED

2022-01-12 09:05:39 - [MESSAGE][PASSED] - Call Test Case 'Test Cases/Mobile/Page/Run App/Run App byID' successfully

2022-01-12 09:05:39 - [TEST_STEP][PASSED] - callTestCase(findTestCase("Mobile/Page/Portfolio/Portfolio"), ["tab":"stock"], CONTINUE_ON_FAILURE): Call Test Case 'Test Cases/Mobile/Page/Portfolio/Portfolio' successfully

2022-01-12 09:05:39 - [TEST_CASE][PASSED] - Test Cases/Mobile/Page/Portfolio/Portfolio: Test Cases/Mobile/Page/Portfolio/Portfolio

2022-01-12 09:05:39 - [TEST_STEP][PASSED] - callTestCase(findTestCase("Mobile/Page/CheckLogin"), [:], CONTINUE_ON_FAILURE): Call Test Case 'Test Cases/Mobile/Page/CheckLogin' successfully

2022-01-12 09:05:39 - [TEST_CASE][PASSED] - Test Cases/Mobile/Page/CheckLogin: Test Cases/Mobile/Page/CheckLogin

2022-01-12 09:05:39 - [TEST_STEP][PASSED] - loginCheck = verifyElementExist(LOGN_BtnLogin, 5, CONTINUE_ON_FAILURE): Element 'Object Repository/Mobile/Page/Login/Button - Login' is exist

2022-01-12 09:05:41 - [MESSAGE][PASSED] - Element 'Object Repository/Mobile/Page/Login/Button - Login' is exist

2022-01-12 09:05:41 - [TEST_STEP][PASSED] - if (loginCheck): Call Test Case 'Test Cases/Mobile/Page/Login/Login' successfully

2022-01-12 09:05:41 - [TEST_STEP][PASSED] - callTestCase(findTestCase("Mobile/Page/Login/Login"), ["action":"username"], CONTINUE_ON_FAILURE): Call Test Case 'Test Cases/Mobile/Page/Login/Login' successfully

2022-01-12 09:05:41 - [TEST_CASE][PASSED] - Test Cases/Mobile/Page/Login/Login: Test Cases/Mobile/Page/Login/Login

2022-01-12 09:05:41 - [TEST_STEP][PASSED] - delay(2): Delayed 2 second(s)

2022-01-12 09:05:43 - [MESSAGE][PASSED] - Delayed 2 second(s)

2022-01-12 09:05:43 - [TEST_STEP][PASSED] - for ([i = 0, i < 1, (i++)]): null

2022-01-12 09:05:43 - [TEST_STEP][PASSED] - if (action == "username"): null

2022-01-12 09:05:43 - [TEST_STEP][PASSED] - tap(LOGN_EdtUserID, 0): Tapped on element 'Object Repository/Mobile/Page/Login/Input - UserID'

2022-01-12 09:05:43 - [MESSAGE][WARNING] - Timeout '0' is invalid. Using default page load timeout: '60'

2022-01-12 09:05:44 - [MESSAGE][PASSED] - Tapped on element 'Object Repository/Mobile/Page/Login/Input - UserID'

2022-01-12 09:05:44 - [TEST_STEP][PASSED] - delay(1): Delayed 1 second(s)

2022-01-12 09:05:45 - [MESSAGE][PASSED] - Delayed 1 second(s)

2022-01-12 09:05:45 - [TEST_STEP][PASSED] - setText(LOGN_EdtRdyUserID, "anggaaditya", 0): Text 'anggaaditya' has been set to element 'Object Repository/Mobile/Page/Login/Input Rdy - UserID'

2022-01-12 09:05:45 - [MESSAGE][WARNING] - Timeout '0' is invalid. Using default page load timeout: '60'

2022-01-12 09:05:46 - [MESSAGE][PASSED] - Text 'anggaaditya' has been set to element 'Object Repository/Mobile/Page/Login/Input Rdy - UserID'

2022-01-12 09:05:46 - [TEST_STEP][PASSED] - delay(1): Delayed 1 second(s)

2022-01-12 09:05:47 - [MESSAGE][PASSED] - Delayed 1 second(s)

2022-01-12 09:05:47 - [TEST_STEP][PASSED] - hideKeyboard(): Keyboard is hidden

2022-01-12 09:05:51 - [MESSAGE][PASSED] - Keyboard is hidden

2022-01-12 09:05:51 - [TEST_STEP][PASSED] - tap(LOGN_EdtPassword, 0): Tapped on element 'Object Repository/Mobile/Page/Login/Input - Password'

2022-01-12 09:05:51 - [MESSAGE][WARNING] - Timeout '0' is invalid. Using default page load timeout: '60'

2022-01-12 09:05:51 - [MESSAGE][PASSED] - Tapped on element 'Object Repository/Mobile/Page/Login/Input - Password'

2022-01-12 09:05:51 - [TEST_STEP][PASSED] - delay(1): Delayed 1 second(s)

2022-01-12 09:05:52 - [MESSAGE][PASSED] - Delayed 1 second(s)

2022-01-12 09:05:52 - [TEST_STEP][PASSED] - setText(LOGN_EdtRdyPassword, "Shalawa18", 0): Text 'Shalawa18' has been set to element 'Object Repository/Mobile/Page/Login/Input Rdy - Password'

2022-01-12 09:05:52 - [MESSAGE][WARNING] - Timeout '0' is invalid. Using default page load timeout: '60'

2022-01-12 09:05:53 - [MESSAGE][PASSED] - Text 'Shalawa18' has been set to element 'Object Repository/Mobile/Page/Login/Input Rdy - Password'

2022-01-12 09:05:53 - [TEST_STEP][PASSED] - delay(1): Delayed 1 second(s)

2022-01-12 09:05:54 - [MESSAGE][PASSED] - Delayed 1 second(s)

2022-01-12 09:05:54 - [TEST_STEP][PASSED] - hideKeyboard(): Keyboard is hidden

2022-01-12 09:06:00 - [MESSAGE][PASSED] - Keyboard is hidden

2022-01-12 09:06:00 - [TEST_STEP][PASSED] - tap(LOGN_BtnLogin, 0): Tapped on element 'Object Repository/Mobile/Page/Login/Button - Login'

2022-01-12 09:06:00 - [MESSAGE][WARNING] - Timeout '0' is invalid. Using default page load timeout: '60'

2022-01-12 09:06:01 - [MESSAGE][PASSED] - Tapped on element 'Object Repository/Mobile/Page/Login/Button - Login'

2022-01-12 09:06:01 - [TEST_STEP][PASSED] - delay(2): Delayed 2 second(s)

2022-01-12 09:06:03 - [MESSAGE][PASSED] - Delayed 2 second(s)

2022-01-12 09:06:03 - [TEST_STEP][PASSED] - break: null

2022-01-12 09:06:03 - [MESSAGE][PASSED] - Call Test Case 'Test Cases/Mobile/Page/Login/Login' successfully

2022-01-12 09:06:03 - [MESSAGE][PASSED] - Call Test Case 'Test Cases/Mobile/Page/CheckLogin' successfully

2022-01-12 09:06:03 - [TEST_STEP][PASSED] - tap(HOME_MenubarPortfolio, 0): Tapped on element 'Object Repository/Mobile/Page/Home/Menubar - Portfolio'

2022-01-12 09:06:03 - [MESSAGE][WARNING] - Timeout '0' is invalid. Using default page load timeout: '60'

2022-01-12 09:06:04 - [MESSAGE][PASSED] - Tapped on element 'Object Repository/Mobile/Page/Home/Menubar - Portfolio'

2022-01-12 09:06:04 - [TEST_STEP][PASSED] - delay(1): Delayed 1 second(s)

2022-01-12 09:06:05 - [MESSAGE][PASSED] - Delayed 1 second(s)

2022-01-12 09:06:05 - [TEST_STEP][PASSED] - for ([i = 0, i < 1, (i++)]): Delayed 3 second(s)

2022-01-12 09:06:05 - [TEST_STEP][PASSED] - if (tab == "summary"): null

2022-01-12 09:06:05 - [TEST_STEP][PASSED] - else if (tab == "stock"): Delayed 3 second(s)

2022-01-12 09:06:05 - [TEST_STEP][PASSED] - tap(PORT_TabStock, 0): Tapped on element 'Object Repository/Mobile/Page/Portfolio/Tab - Stock'

2022-01-12 09:06:05 - [MESSAGE][WARNING] - Timeout '0' is invalid. Using default page load timeout: '60'

2022-01-12 09:06:07 - [MESSAGE][PASSED] - Tapped on element 'Object Repository/Mobile/Page/Portfolio/Tab - Stock'

2022-01-12 09:06:07 - [TEST_STEP][PASSED] - scroll.scroll.scrollScreenBottomToTop(): scroll.scroll.scrollScreenBottomToTop is PASSED

2022-01-12 09:06:07 - [MESSAGE][PASSED] - Current device physical height is 1423

2022-01-12 09:06:07 - [MESSAGE][PASSED] - Current device physical width is 720

2022-01-12 09:06:09 - [MESSAGE][PASSED] - Swiped from 360,1,138 to 360,284

2022-01-12 09:06:09 - [MESSAGE][PASSED] - scroll.scroll.scrollScreenBottomToTop is PASSED

2022-01-12 09:06:09 - [TEST_STEP][PASSED] - delay(3): Delayed 3 second(s)

2022-01-12 09:06:12 - [MESSAGE][PASSED] - Delayed 3 second(s)

2022-01-12 09:06:12 - [MESSAGE][PASSED] - Call Test Case 'Test Cases/Mobile/Page/Portfolio/Portfolio' successfully

2022-01-12 09:06:12 - [TEST_STEP][PASSED] - callTestCase(findTestCase("Mobile/Page/Run App/Terminate App"), [:], STOP_ON_FAILURE): Call Test Case 'Test Cases/Mobile/Page/Run App/Terminate App' successfully

2022-01-12 09:06:12 - [TEST_CASE][PASSED] - Test Cases/Mobile/Page/Run App/Terminate App: Test Cases/Mobile/Page/Run App/Terminate App

2022-01-12 09:06:12 - [TEST_STEP][PASSED] - startApp.OpenApp.terminateApplication(): startApp.OpenApp.terminateApplication is PASSED

2022-01-12 09:06:15 - [MESSAGE][PASSED] - Delayed 3 second(s)

2022-01-12 09:06:15 - [MESSAGE][PASSED] - Current device physical width is 720

2022-01-12 09:06:15 - [MESSAGE][PASSED] - Current device physical height is 1423

2022-01-12 09:06:17 - [MESSAGE][PASSED] - Swiped from 360,853 to 360,142

2022-01-12 09:06:18 - [MESSAGE][PASSED] - Delayed 1 second(s)

2022-01-12 09:06:19 - [MESSAGE][PASSED] - Swiped from 360,853 to 360,142

2022-01-12 09:06:22 - [MESSAGE][PASSED] - Delayed 3 second(s)

2022-01-12 09:06:22 - [MESSAGE][PASSED] - startApp.OpenApp.terminateApplication is PASSED

2022-01-12 09:06:22 - [MESSAGE][PASSED] - Call Test Case 'Test Cases/Mobile/Page/Run App/Terminate App' successfully]]></system-out>
         <system-err><![CDATA[]]></system-err>
      </testcase>
      <testcase name="Test Cases/Mobile/Scenario/Portfolio/011 - Melihat list mutual fund" time="63.739" classname="Test Cases/Mobile/Scenario/Portfolio/011 - Melihat list mutual fund" status="PASSED">
         <system-out><![CDATA[2022-01-12 09:06:22 - [TEST_CASE][PASSED] - Test Cases/Mobile/Scenario/Portfolio/011 - Melihat list mutual fund: Test Cases/Mobile/Scenario/Portfolio/011 - Melihat list mutual fund

2022-01-12 09:06:23 - [TEST_STEP][PASSED] - callTestCase(findTestCase("Mobile/Page/Run App/Run App byID"), [:], STOP_ON_FAILURE): Call Test Case 'Test Cases/Mobile/Page/Run App/Run App byID' successfully

2022-01-12 09:06:23 - [TEST_CASE][PASSED] - Test Cases/Mobile/Page/Run App/Run App byID: Test Cases/Mobile/Page/Run App/Run App byID

2022-01-12 09:06:23 - [TEST_STEP][PASSED] - startApp.OpenApp.startApplication("id.co.miraeasset.sageclub"): startApp.OpenApp.startApplication is PASSED

2022-01-12 09:06:38 - [MESSAGE][PASSED] - Starting app with application ID: 'id.co.miraeasset.sageclub'

2022-01-12 09:06:38 - [MESSAGE][PASSED] - startApp.OpenApp.startApplication is PASSED

2022-01-12 09:06:38 - [MESSAGE][PASSED] - Call Test Case 'Test Cases/Mobile/Page/Run App/Run App byID' successfully

2022-01-12 09:06:38 - [TEST_STEP][PASSED] - callTestCase(findTestCase("Mobile/Page/Portfolio/Portfolio"), ["tab":"mutualfund", "action2":"none"], CONTINUE_ON_FAILURE): Call Test Case 'Test Cases/Mobile/Page/Portfolio/Portfolio' successfully

2022-01-12 09:06:38 - [TEST_CASE][PASSED] - Test Cases/Mobile/Page/Portfolio/Portfolio: Test Cases/Mobile/Page/Portfolio/Portfolio

2022-01-12 09:06:38 - [TEST_STEP][PASSED] - callTestCase(findTestCase("Mobile/Page/CheckLogin"), [:], CONTINUE_ON_FAILURE): Call Test Case 'Test Cases/Mobile/Page/CheckLogin' successfully

2022-01-12 09:06:38 - [TEST_CASE][PASSED] - Test Cases/Mobile/Page/CheckLogin: Test Cases/Mobile/Page/CheckLogin

2022-01-12 09:06:38 - [TEST_STEP][PASSED] - loginCheck = verifyElementExist(LOGN_BtnLogin, 5, CONTINUE_ON_FAILURE): Element 'Object Repository/Mobile/Page/Login/Button - Login' is exist

2022-01-12 09:06:40 - [MESSAGE][PASSED] - Element 'Object Repository/Mobile/Page/Login/Button - Login' is exist

2022-01-12 09:06:40 - [TEST_STEP][PASSED] - if (loginCheck): Call Test Case 'Test Cases/Mobile/Page/Login/Login' successfully

2022-01-12 09:06:40 - [TEST_STEP][PASSED] - callTestCase(findTestCase("Mobile/Page/Login/Login"), ["action":"username"], CONTINUE_ON_FAILURE): Call Test Case 'Test Cases/Mobile/Page/Login/Login' successfully

2022-01-12 09:06:40 - [TEST_CASE][PASSED] - Test Cases/Mobile/Page/Login/Login: Test Cases/Mobile/Page/Login/Login

2022-01-12 09:06:40 - [TEST_STEP][PASSED] - delay(2): Delayed 2 second(s)

2022-01-12 09:06:42 - [MESSAGE][PASSED] - Delayed 2 second(s)

2022-01-12 09:06:42 - [TEST_STEP][PASSED] - for ([i = 0, i < 1, (i++)]): null

2022-01-12 09:06:42 - [TEST_STEP][PASSED] - if (action == "username"): null

2022-01-12 09:06:42 - [TEST_STEP][PASSED] - tap(LOGN_EdtUserID, 0): Tapped on element 'Object Repository/Mobile/Page/Login/Input - UserID'

2022-01-12 09:06:42 - [MESSAGE][WARNING] - Timeout '0' is invalid. Using default page load timeout: '60'

2022-01-12 09:06:42 - [MESSAGE][PASSED] - Tapped on element 'Object Repository/Mobile/Page/Login/Input - UserID'

2022-01-12 09:06:42 - [TEST_STEP][PASSED] - delay(1): Delayed 1 second(s)

2022-01-12 09:06:43 - [MESSAGE][PASSED] - Delayed 1 second(s)

2022-01-12 09:06:43 - [TEST_STEP][PASSED] - setText(LOGN_EdtRdyUserID, "anggaaditya", 0): Text 'anggaaditya' has been set to element 'Object Repository/Mobile/Page/Login/Input Rdy - UserID'

2022-01-12 09:06:43 - [MESSAGE][WARNING] - Timeout '0' is invalid. Using default page load timeout: '60'

2022-01-12 09:06:44 - [MESSAGE][PASSED] - Text 'anggaaditya' has been set to element 'Object Repository/Mobile/Page/Login/Input Rdy - UserID'

2022-01-12 09:06:44 - [TEST_STEP][PASSED] - delay(1): Delayed 1 second(s)

2022-01-12 09:06:45 - [MESSAGE][PASSED] - Delayed 1 second(s)

2022-01-12 09:06:45 - [TEST_STEP][PASSED] - hideKeyboard(): Keyboard is hidden

2022-01-12 09:06:49 - [MESSAGE][PASSED] - Keyboard is hidden

2022-01-12 09:06:49 - [TEST_STEP][PASSED] - tap(LOGN_EdtPassword, 0): Tapped on element 'Object Repository/Mobile/Page/Login/Input - Password'

2022-01-12 09:06:49 - [MESSAGE][WARNING] - Timeout '0' is invalid. Using default page load timeout: '60'

2022-01-12 09:06:49 - [MESSAGE][PASSED] - Tapped on element 'Object Repository/Mobile/Page/Login/Input - Password'

2022-01-12 09:06:49 - [TEST_STEP][PASSED] - delay(1): Delayed 1 second(s)

2022-01-12 09:06:50 - [MESSAGE][PASSED] - Delayed 1 second(s)

2022-01-12 09:06:50 - [TEST_STEP][PASSED] - setText(LOGN_EdtRdyPassword, "Shalawa18", 0): Text 'Shalawa18' has been set to element 'Object Repository/Mobile/Page/Login/Input Rdy - Password'

2022-01-12 09:06:50 - [MESSAGE][WARNING] - Timeout '0' is invalid. Using default page load timeout: '60'

2022-01-12 09:06:51 - [MESSAGE][PASSED] - Text 'Shalawa18' has been set to element 'Object Repository/Mobile/Page/Login/Input Rdy - Password'

2022-01-12 09:06:51 - [TEST_STEP][PASSED] - delay(1): Delayed 1 second(s)

2022-01-12 09:06:52 - [MESSAGE][PASSED] - Delayed 1 second(s)

2022-01-12 09:06:52 - [TEST_STEP][PASSED] - hideKeyboard(): Keyboard is hidden

2022-01-12 09:06:58 - [MESSAGE][PASSED] - Keyboard is hidden

2022-01-12 09:06:58 - [TEST_STEP][PASSED] - tap(LOGN_BtnLogin, 0): Tapped on element 'Object Repository/Mobile/Page/Login/Button - Login'

2022-01-12 09:06:58 - [MESSAGE][WARNING] - Timeout '0' is invalid. Using default page load timeout: '60'

2022-01-12 09:06:59 - [MESSAGE][PASSED] - Tapped on element 'Object Repository/Mobile/Page/Login/Button - Login'

2022-01-12 09:06:59 - [TEST_STEP][PASSED] - delay(2): Delayed 2 second(s)

2022-01-12 09:07:01 - [MESSAGE][PASSED] - Delayed 2 second(s)

2022-01-12 09:07:01 - [TEST_STEP][PASSED] - break: null

2022-01-12 09:07:01 - [MESSAGE][PASSED] - Call Test Case 'Test Cases/Mobile/Page/Login/Login' successfully

2022-01-12 09:07:01 - [MESSAGE][PASSED] - Call Test Case 'Test Cases/Mobile/Page/CheckLogin' successfully

2022-01-12 09:07:01 - [TEST_STEP][PASSED] - tap(HOME_MenubarPortfolio, 0): Tapped on element 'Object Repository/Mobile/Page/Home/Menubar - Portfolio'

2022-01-12 09:07:01 - [MESSAGE][WARNING] - Timeout '0' is invalid. Using default page load timeout: '60'

2022-01-12 09:07:02 - [MESSAGE][PASSED] - Tapped on element 'Object Repository/Mobile/Page/Home/Menubar - Portfolio'

2022-01-12 09:07:02 - [TEST_STEP][PASSED] - delay(1): Delayed 1 second(s)

2022-01-12 09:07:03 - [MESSAGE][PASSED] - Delayed 1 second(s)

2022-01-12 09:07:03 - [TEST_STEP][PASSED] - for ([i = 0, i < 1, (i++)]): scroll.scroll.scrollScreenBottomToTop is PASSED

2022-01-12 09:07:03 - [TEST_STEP][PASSED] - if (tab == "summary"): null

2022-01-12 09:07:03 - [TEST_STEP][PASSED] - else if (tab == "stock"): null

2022-01-12 09:07:03 - [TEST_STEP][PASSED] - else if (tab == "mutualfund"): scroll.scroll.scrollScreenBottomToTop is PASSED

2022-01-12 09:07:03 - [TEST_STEP][PASSED] - tap(PORT_TabMutualFund, 0): Tapped on element 'Object Repository/Mobile/Page/Portfolio/Tab - Mutual Fund'

2022-01-12 09:07:03 - [MESSAGE][WARNING] - Timeout '0' is invalid. Using default page load timeout: '60'

2022-01-12 09:07:05 - [MESSAGE][PASSED] - Tapped on element 'Object Repository/Mobile/Page/Portfolio/Tab - Mutual Fund'

2022-01-12 09:07:05 - [TEST_STEP][PASSED] - delay(1): Delayed 1 second(s)

2022-01-12 09:07:06 - [MESSAGE][PASSED] - Delayed 1 second(s)

2022-01-12 09:07:06 - [TEST_STEP][PASSED] - try: scroll.scroll.scrollScreenBottomToTop is PASSED

2022-01-12 09:07:06 - [TEST_STEP][PASSED] - tapAndHold(PORT_ItemTopMutualFund, 1, 10): Tapped and held on element 'Object Repository/Mobile/Page/Portfolio/Item - Top Mutual Fund' with duration 1

2022-01-12 09:07:09 - [MESSAGE][PASSED] - Tapped and held on element 'Object Repository/Mobile/Page/Portfolio/Item - Top Mutual Fund' with duration 1

2022-01-12 09:07:09 - [TEST_STEP][PASSED] - delay(2): Delayed 2 second(s)

2022-01-12 09:07:11 - [MESSAGE][PASSED] - Delayed 2 second(s)

2022-01-12 09:07:11 - [TEST_STEP][PASSED] - switch (action2): null

2022-01-12 09:07:11 - [TEST_STEP][PASSED] - delay(3): Delayed 3 second(s)

2022-01-12 09:07:14 - [MESSAGE][PASSED] - Delayed 3 second(s)

2022-01-12 09:07:14 - [TEST_STEP][PASSED] - scroll.scroll.scrollScreenBottomToTop(): scroll.scroll.scrollScreenBottomToTop is PASSED

2022-01-12 09:07:14 - [MESSAGE][PASSED] - Current device physical height is 1423

2022-01-12 09:07:14 - [MESSAGE][PASSED] - Current device physical width is 720

2022-01-12 09:07:15 - [MESSAGE][PASSED] - Swiped from 360,1,138 to 360,284

2022-01-12 09:07:15 - [MESSAGE][PASSED] - scroll.scroll.scrollScreenBottomToTop is PASSED

2022-01-12 09:07:15 - [MESSAGE][PASSED] - Call Test Case 'Test Cases/Mobile/Page/Portfolio/Portfolio' successfully

2022-01-12 09:07:15 - [TEST_STEP][PASSED] - callTestCase(findTestCase("Mobile/Page/Run App/Terminate App"), [:], STOP_ON_FAILURE): Call Test Case 'Test Cases/Mobile/Page/Run App/Terminate App' successfully

2022-01-12 09:07:15 - [TEST_CASE][PASSED] - Test Cases/Mobile/Page/Run App/Terminate App: Test Cases/Mobile/Page/Run App/Terminate App

2022-01-12 09:07:15 - [TEST_STEP][PASSED] - startApp.OpenApp.terminateApplication(): startApp.OpenApp.terminateApplication is PASSED

2022-01-12 09:07:19 - [MESSAGE][PASSED] - Delayed 3 second(s)

2022-01-12 09:07:19 - [MESSAGE][PASSED] - Current device physical width is 720

2022-01-12 09:07:19 - [MESSAGE][PASSED] - Current device physical height is 1423

2022-01-12 09:07:21 - [MESSAGE][PASSED] - Swiped from 360,853 to 360,142

2022-01-12 09:07:22 - [MESSAGE][PASSED] - Delayed 1 second(s)

2022-01-12 09:07:23 - [MESSAGE][PASSED] - Swiped from 360,853 to 360,142

2022-01-12 09:07:26 - [MESSAGE][PASSED] - Delayed 3 second(s)

2022-01-12 09:07:26 - [MESSAGE][PASSED] - startApp.OpenApp.terminateApplication is PASSED

2022-01-12 09:07:26 - [MESSAGE][PASSED] - Call Test Case 'Test Cases/Mobile/Page/Run App/Terminate App' successfully]]></system-out>
         <system-err><![CDATA[]]></system-err>
      </testcase>
      <testcase name="Test Cases/Mobile/Scenario/Portfolio/012 - Melihat list bond" time="64.535" classname="Test Cases/Mobile/Scenario/Portfolio/012 - Melihat list bond" status="PASSED">
         <system-out><![CDATA[2022-01-12 09:07:26 - [TEST_CASE][PASSED] - Test Cases/Mobile/Scenario/Portfolio/012 - Melihat list bond: Test Cases/Mobile/Scenario/Portfolio/012 - Melihat list bond

2022-01-12 09:07:26 - [TEST_STEP][PASSED] - callTestCase(findTestCase("Mobile/Page/Run App/Run App byID"), [:], STOP_ON_FAILURE): Call Test Case 'Test Cases/Mobile/Page/Run App/Run App byID' successfully

2022-01-12 09:07:26 - [TEST_CASE][PASSED] - Test Cases/Mobile/Page/Run App/Run App byID: Test Cases/Mobile/Page/Run App/Run App byID

2022-01-12 09:07:26 - [TEST_STEP][PASSED] - startApp.OpenApp.startApplication("id.co.miraeasset.sageclub"): startApp.OpenApp.startApplication is PASSED

2022-01-12 09:07:41 - [MESSAGE][PASSED] - Starting app with application ID: 'id.co.miraeasset.sageclub'

2022-01-12 09:07:41 - [MESSAGE][PASSED] - startApp.OpenApp.startApplication is PASSED

2022-01-12 09:07:41 - [MESSAGE][PASSED] - Call Test Case 'Test Cases/Mobile/Page/Run App/Run App byID' successfully

2022-01-12 09:07:41 - [TEST_STEP][PASSED] - callTestCase(findTestCase("Mobile/Page/Portfolio/Portfolio"), ["tab":"stock", "action":"none"], CONTINUE_ON_FAILURE): Call Test Case 'Test Cases/Mobile/Page/Portfolio/Portfolio' successfully

2022-01-12 09:07:41 - [TEST_CASE][PASSED] - Test Cases/Mobile/Page/Portfolio/Portfolio: Test Cases/Mobile/Page/Portfolio/Portfolio

2022-01-12 09:07:41 - [TEST_STEP][PASSED] - callTestCase(findTestCase("Mobile/Page/CheckLogin"), [:], CONTINUE_ON_FAILURE): Call Test Case 'Test Cases/Mobile/Page/CheckLogin' successfully

2022-01-12 09:07:42 - [TEST_CASE][PASSED] - Test Cases/Mobile/Page/CheckLogin: Test Cases/Mobile/Page/CheckLogin

2022-01-12 09:07:42 - [TEST_STEP][PASSED] - loginCheck = verifyElementExist(LOGN_BtnLogin, 5, CONTINUE_ON_FAILURE): Element 'Object Repository/Mobile/Page/Login/Button - Login' is exist

2022-01-12 09:07:44 - [MESSAGE][PASSED] - Element 'Object Repository/Mobile/Page/Login/Button - Login' is exist

2022-01-12 09:07:44 - [TEST_STEP][PASSED] - if (loginCheck): Call Test Case 'Test Cases/Mobile/Page/Login/Login' successfully

2022-01-12 09:07:44 - [TEST_STEP][PASSED] - callTestCase(findTestCase("Mobile/Page/Login/Login"), ["action":"username"], CONTINUE_ON_FAILURE): Call Test Case 'Test Cases/Mobile/Page/Login/Login' successfully

2022-01-12 09:07:44 - [TEST_CASE][PASSED] - Test Cases/Mobile/Page/Login/Login: Test Cases/Mobile/Page/Login/Login

2022-01-12 09:07:44 - [TEST_STEP][PASSED] - delay(2): Delayed 2 second(s)

2022-01-12 09:07:46 - [MESSAGE][PASSED] - Delayed 2 second(s)

2022-01-12 09:07:46 - [TEST_STEP][PASSED] - for ([i = 0, i < 1, (i++)]): null

2022-01-12 09:07:46 - [TEST_STEP][PASSED] - if (action == "username"): null

2022-01-12 09:07:46 - [TEST_STEP][PASSED] - tap(LOGN_EdtUserID, 0): Tapped on element 'Object Repository/Mobile/Page/Login/Input - UserID'

2022-01-12 09:07:46 - [MESSAGE][WARNING] - Timeout '0' is invalid. Using default page load timeout: '60'

2022-01-12 09:07:46 - [MESSAGE][PASSED] - Tapped on element 'Object Repository/Mobile/Page/Login/Input - UserID'

2022-01-12 09:07:46 - [TEST_STEP][PASSED] - delay(1): Delayed 1 second(s)

2022-01-12 09:07:47 - [MESSAGE][PASSED] - Delayed 1 second(s)

2022-01-12 09:07:47 - [TEST_STEP][PASSED] - setText(LOGN_EdtRdyUserID, "anggaaditya", 0): Text 'anggaaditya' has been set to element 'Object Repository/Mobile/Page/Login/Input Rdy - UserID'

2022-01-12 09:07:47 - [MESSAGE][WARNING] - Timeout '0' is invalid. Using default page load timeout: '60'

2022-01-12 09:07:48 - [MESSAGE][PASSED] - Text 'anggaaditya' has been set to element 'Object Repository/Mobile/Page/Login/Input Rdy - UserID'

2022-01-12 09:07:48 - [TEST_STEP][PASSED] - delay(1): Delayed 1 second(s)

2022-01-12 09:07:49 - [MESSAGE][PASSED] - Delayed 1 second(s)

2022-01-12 09:07:49 - [TEST_STEP][PASSED] - hideKeyboard(): Keyboard is hidden

2022-01-12 09:07:53 - [MESSAGE][PASSED] - Keyboard is hidden

2022-01-12 09:07:53 - [TEST_STEP][PASSED] - tap(LOGN_EdtPassword, 0): Tapped on element 'Object Repository/Mobile/Page/Login/Input - Password'

2022-01-12 09:07:53 - [MESSAGE][WARNING] - Timeout '0' is invalid. Using default page load timeout: '60'

2022-01-12 09:07:53 - [MESSAGE][PASSED] - Tapped on element 'Object Repository/Mobile/Page/Login/Input - Password'

2022-01-12 09:07:53 - [TEST_STEP][PASSED] - delay(1): Delayed 1 second(s)

2022-01-12 09:07:54 - [MESSAGE][PASSED] - Delayed 1 second(s)

2022-01-12 09:07:54 - [TEST_STEP][PASSED] - setText(LOGN_EdtRdyPassword, "Shalawa18", 0): Text 'Shalawa18' has been set to element 'Object Repository/Mobile/Page/Login/Input Rdy - Password'

2022-01-12 09:07:54 - [MESSAGE][WARNING] - Timeout '0' is invalid. Using default page load timeout: '60'

2022-01-12 09:07:55 - [MESSAGE][PASSED] - Text 'Shalawa18' has been set to element 'Object Repository/Mobile/Page/Login/Input Rdy - Password'

2022-01-12 09:07:55 - [TEST_STEP][PASSED] - delay(1): Delayed 1 second(s)

2022-01-12 09:07:56 - [MESSAGE][PASSED] - Delayed 1 second(s)

2022-01-12 09:07:56 - [TEST_STEP][PASSED] - hideKeyboard(): Keyboard is hidden

2022-01-12 09:08:03 - [MESSAGE][PASSED] - Keyboard is hidden

2022-01-12 09:08:03 - [TEST_STEP][PASSED] - tap(LOGN_BtnLogin, 0): Tapped on element 'Object Repository/Mobile/Page/Login/Button - Login'

2022-01-12 09:08:03 - [MESSAGE][WARNING] - Timeout '0' is invalid. Using default page load timeout: '60'

2022-01-12 09:08:03 - [MESSAGE][PASSED] - Tapped on element 'Object Repository/Mobile/Page/Login/Button - Login'

2022-01-12 09:08:03 - [TEST_STEP][PASSED] - delay(2): Delayed 2 second(s)

2022-01-12 09:08:05 - [MESSAGE][PASSED] - Delayed 2 second(s)

2022-01-12 09:08:05 - [TEST_STEP][PASSED] - break: null

2022-01-12 09:08:05 - [MESSAGE][PASSED] - Call Test Case 'Test Cases/Mobile/Page/Login/Login' successfully

2022-01-12 09:08:05 - [MESSAGE][PASSED] - Call Test Case 'Test Cases/Mobile/Page/CheckLogin' successfully

2022-01-12 09:08:05 - [TEST_STEP][PASSED] - tap(HOME_MenubarPortfolio, 0): Tapped on element 'Object Repository/Mobile/Page/Home/Menubar - Portfolio'

2022-01-12 09:08:05 - [MESSAGE][WARNING] - Timeout '0' is invalid. Using default page load timeout: '60'

2022-01-12 09:08:12 - [MESSAGE][PASSED] - Tapped on element 'Object Repository/Mobile/Page/Home/Menubar - Portfolio'

2022-01-12 09:08:12 - [TEST_STEP][PASSED] - delay(1): Delayed 1 second(s)

2022-01-12 09:08:13 - [MESSAGE][PASSED] - Delayed 1 second(s)

2022-01-12 09:08:13 - [TEST_STEP][PASSED] - for ([i = 0, i < 1, (i++)]): Delayed 3 second(s)

2022-01-12 09:08:13 - [TEST_STEP][PASSED] - if (tab == "summary"): null

2022-01-12 09:08:13 - [TEST_STEP][PASSED] - else if (tab == "stock"): Delayed 3 second(s)

2022-01-12 09:08:13 - [TEST_STEP][PASSED] - tap(PORT_TabStock, 0): Tapped on element 'Object Repository/Mobile/Page/Portfolio/Tab - Stock'

2022-01-12 09:08:13 - [MESSAGE][WARNING] - Timeout '0' is invalid. Using default page load timeout: '60'

2022-01-12 09:08:15 - [MESSAGE][PASSED] - Tapped on element 'Object Repository/Mobile/Page/Portfolio/Tab - Stock'

2022-01-12 09:08:15 - [TEST_STEP][PASSED] - scroll.scroll.scrollScreenBottomToTop(): scroll.scroll.scrollScreenBottomToTop is PASSED

2022-01-12 09:08:15 - [MESSAGE][PASSED] - Current device physical height is 1423

2022-01-12 09:08:15 - [MESSAGE][PASSED] - Current device physical width is 720

2022-01-12 09:08:16 - [MESSAGE][PASSED] - Swiped from 360,1,138 to 360,284

2022-01-12 09:08:16 - [MESSAGE][PASSED] - scroll.scroll.scrollScreenBottomToTop is PASSED

2022-01-12 09:08:16 - [TEST_STEP][PASSED] - delay(3): Delayed 3 second(s)

2022-01-12 09:08:19 - [MESSAGE][PASSED] - Delayed 3 second(s)

2022-01-12 09:08:19 - [MESSAGE][PASSED] - Call Test Case 'Test Cases/Mobile/Page/Portfolio/Portfolio' successfully

2022-01-12 09:08:19 - [TEST_STEP][PASSED] - callTestCase(findTestCase("Mobile/Page/Run App/Terminate App"), [:], STOP_ON_FAILURE): Call Test Case 'Test Cases/Mobile/Page/Run App/Terminate App' successfully

2022-01-12 09:08:20 - [TEST_CASE][PASSED] - Test Cases/Mobile/Page/Run App/Terminate App: Test Cases/Mobile/Page/Run App/Terminate App

2022-01-12 09:08:20 - [TEST_STEP][PASSED] - startApp.OpenApp.terminateApplication(): startApp.OpenApp.terminateApplication is PASSED

2022-01-12 09:08:23 - [MESSAGE][PASSED] - Delayed 3 second(s)

2022-01-12 09:08:24 - [MESSAGE][PASSED] - Current device physical width is 720

2022-01-12 09:08:24 - [MESSAGE][PASSED] - Current device physical height is 1423

2022-01-12 09:08:25 - [MESSAGE][PASSED] - Swiped from 360,853 to 360,142

2022-01-12 09:08:26 - [MESSAGE][PASSED] - Delayed 1 second(s)

2022-01-12 09:08:27 - [MESSAGE][PASSED] - Swiped from 360,853 to 360,142

2022-01-12 09:08:31 - [MESSAGE][PASSED] - Delayed 3 second(s)

2022-01-12 09:08:31 - [MESSAGE][PASSED] - startApp.OpenApp.terminateApplication is PASSED

2022-01-12 09:08:31 - [MESSAGE][PASSED] - Call Test Case 'Test Cases/Mobile/Page/Run App/Terminate App' successfully]]></system-out>
         <system-err><![CDATA[]]></system-err>
      </testcase>
      <testcase name="Test Cases/Mobile/Scenario/Portfolio/013 - Melihat detail mutual fund 1 month" time="69.198" classname="Test Cases/Mobile/Scenario/Portfolio/013 - Melihat detail mutual fund 1 month" status="PASSED">
         <system-out><![CDATA[2022-01-12 09:08:31 - [TEST_CASE][PASSED] - Test Cases/Mobile/Scenario/Portfolio/013 - Melihat detail mutual fund 1 month: Test Cases/Mobile/Scenario/Portfolio/013 - Melihat detail mutual fund 1 month

2022-01-12 09:08:31 - [TEST_STEP][PASSED] - callTestCase(findTestCase("Mobile/Page/Run App/Run App byID"), [:], STOP_ON_FAILURE): Call Test Case 'Test Cases/Mobile/Page/Run App/Run App byID' successfully

2022-01-12 09:08:31 - [TEST_CASE][PASSED] - Test Cases/Mobile/Page/Run App/Run App byID: Test Cases/Mobile/Page/Run App/Run App byID

2022-01-12 09:08:31 - [TEST_STEP][PASSED] - startApp.OpenApp.startApplication("id.co.miraeasset.sageclub"): startApp.OpenApp.startApplication is PASSED

2022-01-12 09:08:45 - [MESSAGE][PASSED] - Starting app with application ID: 'id.co.miraeasset.sageclub'

2022-01-12 09:08:45 - [MESSAGE][PASSED] - startApp.OpenApp.startApplication is PASSED

2022-01-12 09:08:45 - [MESSAGE][PASSED] - Call Test Case 'Test Cases/Mobile/Page/Run App/Run App byID' successfully

2022-01-12 09:08:45 - [TEST_STEP][PASSED] - callTestCase(findTestCase("Mobile/Page/Portfolio/Portfolio"), ["tab":"mutualfund", "action2":"1 month"], CONTINUE_ON_FAILURE): Call Test Case 'Test Cases/Mobile/Page/Portfolio/Portfolio' successfully

2022-01-12 09:08:45 - [TEST_CASE][PASSED] - Test Cases/Mobile/Page/Portfolio/Portfolio: Test Cases/Mobile/Page/Portfolio/Portfolio

2022-01-12 09:08:45 - [TEST_STEP][PASSED] - callTestCase(findTestCase("Mobile/Page/CheckLogin"), [:], CONTINUE_ON_FAILURE): Call Test Case 'Test Cases/Mobile/Page/CheckLogin' successfully

2022-01-12 09:08:45 - [TEST_CASE][PASSED] - Test Cases/Mobile/Page/CheckLogin: Test Cases/Mobile/Page/CheckLogin

2022-01-12 09:08:45 - [TEST_STEP][PASSED] - loginCheck = verifyElementExist(LOGN_BtnLogin, 5, CONTINUE_ON_FAILURE): Element 'Object Repository/Mobile/Page/Login/Button - Login' is exist

2022-01-12 09:08:47 - [MESSAGE][PASSED] - Element 'Object Repository/Mobile/Page/Login/Button - Login' is exist

2022-01-12 09:08:47 - [TEST_STEP][PASSED] - if (loginCheck): Call Test Case 'Test Cases/Mobile/Page/Login/Login' successfully

2022-01-12 09:08:47 - [TEST_STEP][PASSED] - callTestCase(findTestCase("Mobile/Page/Login/Login"), ["action":"username"], CONTINUE_ON_FAILURE): Call Test Case 'Test Cases/Mobile/Page/Login/Login' successfully

2022-01-12 09:08:47 - [TEST_CASE][PASSED] - Test Cases/Mobile/Page/Login/Login: Test Cases/Mobile/Page/Login/Login

2022-01-12 09:08:47 - [TEST_STEP][PASSED] - delay(2): Delayed 2 second(s)

2022-01-12 09:08:49 - [MESSAGE][PASSED] - Delayed 2 second(s)

2022-01-12 09:08:49 - [TEST_STEP][PASSED] - for ([i = 0, i < 1, (i++)]): null

2022-01-12 09:08:49 - [TEST_STEP][PASSED] - if (action == "username"): null

2022-01-12 09:08:49 - [TEST_STEP][PASSED] - tap(LOGN_EdtUserID, 0): Tapped on element 'Object Repository/Mobile/Page/Login/Input - UserID'

2022-01-12 09:08:49 - [MESSAGE][WARNING] - Timeout '0' is invalid. Using default page load timeout: '60'

2022-01-12 09:08:50 - [MESSAGE][PASSED] - Tapped on element 'Object Repository/Mobile/Page/Login/Input - UserID'

2022-01-12 09:08:50 - [TEST_STEP][PASSED] - delay(1): Delayed 1 second(s)

2022-01-12 09:08:51 - [MESSAGE][PASSED] - Delayed 1 second(s)

2022-01-12 09:08:51 - [TEST_STEP][PASSED] - setText(LOGN_EdtRdyUserID, "anggaaditya", 0): Text 'anggaaditya' has been set to element 'Object Repository/Mobile/Page/Login/Input Rdy - UserID'

2022-01-12 09:08:51 - [MESSAGE][WARNING] - Timeout '0' is invalid. Using default page load timeout: '60'

2022-01-12 09:08:51 - [MESSAGE][PASSED] - Text 'anggaaditya' has been set to element 'Object Repository/Mobile/Page/Login/Input Rdy - UserID'

2022-01-12 09:08:51 - [TEST_STEP][PASSED] - delay(1): Delayed 1 second(s)

2022-01-12 09:08:52 - [MESSAGE][PASSED] - Delayed 1 second(s)

2022-01-12 09:08:52 - [TEST_STEP][PASSED] - hideKeyboard(): Keyboard is hidden

2022-01-12 09:08:56 - [MESSAGE][PASSED] - Keyboard is hidden

2022-01-12 09:08:56 - [TEST_STEP][PASSED] - tap(LOGN_EdtPassword, 0): Tapped on element 'Object Repository/Mobile/Page/Login/Input - Password'

2022-01-12 09:08:56 - [MESSAGE][WARNING] - Timeout '0' is invalid. Using default page load timeout: '60'

2022-01-12 09:08:57 - [MESSAGE][PASSED] - Tapped on element 'Object Repository/Mobile/Page/Login/Input - Password'

2022-01-12 09:08:57 - [TEST_STEP][PASSED] - delay(1): Delayed 1 second(s)

2022-01-12 09:08:58 - [MESSAGE][PASSED] - Delayed 1 second(s)

2022-01-12 09:08:58 - [TEST_STEP][PASSED] - setText(LOGN_EdtRdyPassword, "Shalawa18", 0): Text 'Shalawa18' has been set to element 'Object Repository/Mobile/Page/Login/Input Rdy - Password'

2022-01-12 09:08:58 - [MESSAGE][WARNING] - Timeout '0' is invalid. Using default page load timeout: '60'

2022-01-12 09:08:58 - [MESSAGE][PASSED] - Text 'Shalawa18' has been set to element 'Object Repository/Mobile/Page/Login/Input Rdy - Password'

2022-01-12 09:08:58 - [TEST_STEP][PASSED] - delay(1): Delayed 1 second(s)

2022-01-12 09:08:59 - [MESSAGE][PASSED] - Delayed 1 second(s)

2022-01-12 09:08:59 - [TEST_STEP][PASSED] - hideKeyboard(): Keyboard is hidden

2022-01-12 09:09:06 - [MESSAGE][PASSED] - Keyboard is hidden

2022-01-12 09:09:06 - [TEST_STEP][PASSED] - tap(LOGN_BtnLogin, 0): Tapped on element 'Object Repository/Mobile/Page/Login/Button - Login'

2022-01-12 09:09:06 - [MESSAGE][WARNING] - Timeout '0' is invalid. Using default page load timeout: '60'

2022-01-12 09:09:07 - [MESSAGE][PASSED] - Tapped on element 'Object Repository/Mobile/Page/Login/Button - Login'

2022-01-12 09:09:07 - [TEST_STEP][PASSED] - delay(2): Delayed 2 second(s)

2022-01-12 09:09:09 - [MESSAGE][PASSED] - Delayed 2 second(s)

2022-01-12 09:09:09 - [TEST_STEP][PASSED] - break: null

2022-01-12 09:09:09 - [MESSAGE][PASSED] - Call Test Case 'Test Cases/Mobile/Page/Login/Login' successfully

2022-01-12 09:09:09 - [MESSAGE][PASSED] - Call Test Case 'Test Cases/Mobile/Page/CheckLogin' successfully

2022-01-12 09:09:09 - [TEST_STEP][PASSED] - tap(HOME_MenubarPortfolio, 0): Tapped on element 'Object Repository/Mobile/Page/Home/Menubar - Portfolio'

2022-01-12 09:09:09 - [MESSAGE][WARNING] - Timeout '0' is invalid. Using default page load timeout: '60'

2022-01-12 09:09:13 - [MESSAGE][PASSED] - Tapped on element 'Object Repository/Mobile/Page/Home/Menubar - Portfolio'

2022-01-12 09:09:13 - [TEST_STEP][PASSED] - delay(1): Delayed 1 second(s)

2022-01-12 09:09:15 - [MESSAGE][PASSED] - Delayed 1 second(s)

2022-01-12 09:09:15 - [TEST_STEP][PASSED] - for ([i = 0, i < 1, (i++)]): scroll.scroll.scrollScreenBottomToTop is PASSED

2022-01-12 09:09:15 - [TEST_STEP][PASSED] - if (tab == "summary"): null

2022-01-12 09:09:15 - [TEST_STEP][PASSED] - else if (tab == "stock"): null

2022-01-12 09:09:15 - [TEST_STEP][PASSED] - else if (tab == "mutualfund"): scroll.scroll.scrollScreenBottomToTop is PASSED

2022-01-12 09:09:15 - [TEST_STEP][PASSED] - tap(PORT_TabMutualFund, 0): Tapped on element 'Object Repository/Mobile/Page/Portfolio/Tab - Mutual Fund'

2022-01-12 09:09:15 - [MESSAGE][WARNING] - Timeout '0' is invalid. Using default page load timeout: '60'

2022-01-12 09:09:16 - [MESSAGE][PASSED] - Tapped on element 'Object Repository/Mobile/Page/Portfolio/Tab - Mutual Fund'

2022-01-12 09:09:16 - [TEST_STEP][PASSED] - delay(1): Delayed 1 second(s)

2022-01-12 09:09:17 - [MESSAGE][PASSED] - Delayed 1 second(s)

2022-01-12 09:09:17 - [TEST_STEP][PASSED] - try: scroll.scroll.scrollScreenBottomToTop is PASSED

2022-01-12 09:09:17 - [TEST_STEP][PASSED] - tapAndHold(PORT_ItemTopMutualFund, 1, 10): Tapped and held on element 'Object Repository/Mobile/Page/Portfolio/Item - Top Mutual Fund' with duration 1

2022-01-12 09:09:20 - [MESSAGE][PASSED] - Tapped and held on element 'Object Repository/Mobile/Page/Portfolio/Item - Top Mutual Fund' with duration 1

2022-01-12 09:09:20 - [TEST_STEP][PASSED] - delay(2): Delayed 2 second(s)

2022-01-12 09:09:22 - [MESSAGE][PASSED] - Delayed 2 second(s)

2022-01-12 09:09:22 - [TEST_STEP][PASSED] - switch (action2): null

2022-01-12 09:09:22 - [TEST_STEP][PASSED] - case "1 month":: null

2022-01-12 09:09:22 - [TEST_STEP][PASSED] - tapAndHold(PORT_DETL_Btn1Month, 1, 0): Tapped and held on element 'Object Repository/Mobile/Page/Portfolio/Detail Mutual Funds/Button - 1 Month' with duration 1

2022-01-12 09:09:22 - [MESSAGE][WARNING] - Timeout '0' is invalid. Using default page load timeout: '60'

2022-01-12 09:09:25 - [MESSAGE][PASSED] - Tapped and held on element 'Object Repository/Mobile/Page/Portfolio/Detail Mutual Funds/Button - 1 Month' with duration 1

2022-01-12 09:09:25 - [TEST_STEP][PASSED] - break: null

2022-01-12 09:09:25 - [TEST_STEP][PASSED] - delay(3): Delayed 3 second(s)

2022-01-12 09:09:28 - [MESSAGE][PASSED] - Delayed 3 second(s)

2022-01-12 09:09:28 - [TEST_STEP][PASSED] - scroll.scroll.scrollScreenBottomToTop(): scroll.scroll.scrollScreenBottomToTop is PASSED

2022-01-12 09:09:28 - [MESSAGE][PASSED] - Current device physical height is 1423

2022-01-12 09:09:28 - [MESSAGE][PASSED] - Current device physical width is 720

2022-01-12 09:09:29 - [MESSAGE][PASSED] - Swiped from 360,1,138 to 360,284

2022-01-12 09:09:29 - [MESSAGE][PASSED] - scroll.scroll.scrollScreenBottomToTop is PASSED

2022-01-12 09:09:29 - [MESSAGE][PASSED] - Call Test Case 'Test Cases/Mobile/Page/Portfolio/Portfolio' successfully

2022-01-12 09:09:29 - [TEST_STEP][PASSED] - callTestCase(findTestCase("Mobile/Page/Run App/Terminate App"), [:], STOP_ON_FAILURE): Call Test Case 'Test Cases/Mobile/Page/Run App/Terminate App' successfully

2022-01-12 09:09:29 - [TEST_CASE][PASSED] - Test Cases/Mobile/Page/Run App/Terminate App: Test Cases/Mobile/Page/Run App/Terminate App

2022-01-12 09:09:29 - [TEST_STEP][PASSED] - startApp.OpenApp.terminateApplication(): startApp.OpenApp.terminateApplication is PASSED

2022-01-12 09:09:33 - [MESSAGE][PASSED] - Delayed 3 second(s)

2022-01-12 09:09:33 - [MESSAGE][PASSED] - Current device physical width is 720

2022-01-12 09:09:33 - [MESSAGE][PASSED] - Current device physical height is 1423

2022-01-12 09:09:34 - [MESSAGE][PASSED] - Swiped from 360,853 to 360,142

2022-01-12 09:09:35 - [MESSAGE][PASSED] - Delayed 1 second(s)

2022-01-12 09:09:37 - [MESSAGE][PASSED] - Swiped from 360,853 to 360,142

2022-01-12 09:09:40 - [MESSAGE][PASSED] - Delayed 3 second(s)

2022-01-12 09:09:40 - [MESSAGE][PASSED] - startApp.OpenApp.terminateApplication is PASSED

2022-01-12 09:09:40 - [MESSAGE][PASSED] - Call Test Case 'Test Cases/Mobile/Page/Run App/Terminate App' successfully]]></system-out>
         <system-err><![CDATA[]]></system-err>
      </testcase>
      <testcase name="Test Cases/Mobile/Scenario/Portfolio/014 - Melihat detail mutual fund 3 month" time="65.943" classname="Test Cases/Mobile/Scenario/Portfolio/014 - Melihat detail mutual fund 3 month" status="PASSED">
         <system-out><![CDATA[2022-01-12 09:09:40 - [TEST_CASE][PASSED] - Test Cases/Mobile/Scenario/Portfolio/014 - Melihat detail mutual fund 3 month: Test Cases/Mobile/Scenario/Portfolio/014 - Melihat detail mutual fund 3 month

2022-01-12 09:09:40 - [TEST_STEP][PASSED] - callTestCase(findTestCase("Mobile/Page/Run App/Run App byID"), [:], STOP_ON_FAILURE): Call Test Case 'Test Cases/Mobile/Page/Run App/Run App byID' successfully

2022-01-12 09:09:40 - [TEST_CASE][PASSED] - Test Cases/Mobile/Page/Run App/Run App byID: Test Cases/Mobile/Page/Run App/Run App byID

2022-01-12 09:09:40 - [TEST_STEP][PASSED] - startApp.OpenApp.startApplication("id.co.miraeasset.sageclub"): startApp.OpenApp.startApplication is PASSED

2022-01-12 09:09:54 - [MESSAGE][PASSED] - Starting app with application ID: 'id.co.miraeasset.sageclub'

2022-01-12 09:09:54 - [MESSAGE][PASSED] - startApp.OpenApp.startApplication is PASSED

2022-01-12 09:09:54 - [MESSAGE][PASSED] - Call Test Case 'Test Cases/Mobile/Page/Run App/Run App byID' successfully

2022-01-12 09:09:54 - [TEST_STEP][PASSED] - callTestCase(findTestCase("Mobile/Page/Portfolio/Portfolio"), ["tab":"mutualfund", "action2":"3 month"], CONTINUE_ON_FAILURE): Call Test Case 'Test Cases/Mobile/Page/Portfolio/Portfolio' successfully

2022-01-12 09:09:54 - [TEST_CASE][PASSED] - Test Cases/Mobile/Page/Portfolio/Portfolio: Test Cases/Mobile/Page/Portfolio/Portfolio

2022-01-12 09:09:54 - [TEST_STEP][PASSED] - callTestCase(findTestCase("Mobile/Page/CheckLogin"), [:], CONTINUE_ON_FAILURE): Call Test Case 'Test Cases/Mobile/Page/CheckLogin' successfully

2022-01-12 09:09:54 - [TEST_CASE][PASSED] - Test Cases/Mobile/Page/CheckLogin: Test Cases/Mobile/Page/CheckLogin

2022-01-12 09:09:54 - [TEST_STEP][PASSED] - loginCheck = verifyElementExist(LOGN_BtnLogin, 5, CONTINUE_ON_FAILURE): Element 'Object Repository/Mobile/Page/Login/Button - Login' is exist

2022-01-12 09:09:56 - [MESSAGE][PASSED] - Element 'Object Repository/Mobile/Page/Login/Button - Login' is exist

2022-01-12 09:09:56 - [TEST_STEP][PASSED] - if (loginCheck): Call Test Case 'Test Cases/Mobile/Page/Login/Login' successfully

2022-01-12 09:09:56 - [TEST_STEP][PASSED] - callTestCase(findTestCase("Mobile/Page/Login/Login"), ["action":"username"], CONTINUE_ON_FAILURE): Call Test Case 'Test Cases/Mobile/Page/Login/Login' successfully

2022-01-12 09:09:56 - [TEST_CASE][PASSED] - Test Cases/Mobile/Page/Login/Login: Test Cases/Mobile/Page/Login/Login

2022-01-12 09:09:56 - [TEST_STEP][PASSED] - delay(2): Delayed 2 second(s)

2022-01-12 09:09:58 - [MESSAGE][PASSED] - Delayed 2 second(s)

2022-01-12 09:09:58 - [TEST_STEP][PASSED] - for ([i = 0, i < 1, (i++)]): null

2022-01-12 09:09:58 - [TEST_STEP][PASSED] - if (action == "username"): null

2022-01-12 09:09:58 - [TEST_STEP][PASSED] - tap(LOGN_EdtUserID, 0): Tapped on element 'Object Repository/Mobile/Page/Login/Input - UserID'

2022-01-12 09:09:58 - [MESSAGE][WARNING] - Timeout '0' is invalid. Using default page load timeout: '60'

2022-01-12 09:09:58 - [MESSAGE][PASSED] - Tapped on element 'Object Repository/Mobile/Page/Login/Input - UserID'

2022-01-12 09:09:58 - [TEST_STEP][PASSED] - delay(1): Delayed 1 second(s)

2022-01-12 09:09:59 - [MESSAGE][PASSED] - Delayed 1 second(s)

2022-01-12 09:09:59 - [TEST_STEP][PASSED] - setText(LOGN_EdtRdyUserID, "anggaaditya", 0): Text 'anggaaditya' has been set to element 'Object Repository/Mobile/Page/Login/Input Rdy - UserID'

2022-01-12 09:09:59 - [MESSAGE][WARNING] - Timeout '0' is invalid. Using default page load timeout: '60'

2022-01-12 09:10:00 - [MESSAGE][PASSED] - Text 'anggaaditya' has been set to element 'Object Repository/Mobile/Page/Login/Input Rdy - UserID'

2022-01-12 09:10:00 - [TEST_STEP][PASSED] - delay(1): Delayed 1 second(s)

2022-01-12 09:10:01 - [MESSAGE][PASSED] - Delayed 1 second(s)

2022-01-12 09:10:01 - [TEST_STEP][PASSED] - hideKeyboard(): Keyboard is hidden

2022-01-12 09:10:05 - [MESSAGE][PASSED] - Keyboard is hidden

2022-01-12 09:10:05 - [TEST_STEP][PASSED] - tap(LOGN_EdtPassword, 0): Tapped on element 'Object Repository/Mobile/Page/Login/Input - Password'

2022-01-12 09:10:05 - [MESSAGE][WARNING] - Timeout '0' is invalid. Using default page load timeout: '60'

2022-01-12 09:10:06 - [MESSAGE][PASSED] - Tapped on element 'Object Repository/Mobile/Page/Login/Input - Password'

2022-01-12 09:10:06 - [TEST_STEP][PASSED] - delay(1): Delayed 1 second(s)

2022-01-12 09:10:07 - [MESSAGE][PASSED] - Delayed 1 second(s)

2022-01-12 09:10:07 - [TEST_STEP][PASSED] - setText(LOGN_EdtRdyPassword, "Shalawa18", 0): Text 'Shalawa18' has been set to element 'Object Repository/Mobile/Page/Login/Input Rdy - Password'

2022-01-12 09:10:07 - [MESSAGE][WARNING] - Timeout '0' is invalid. Using default page load timeout: '60'

2022-01-12 09:10:07 - [MESSAGE][PASSED] - Text 'Shalawa18' has been set to element 'Object Repository/Mobile/Page/Login/Input Rdy - Password'

2022-01-12 09:10:07 - [TEST_STEP][PASSED] - delay(1): Delayed 1 second(s)

2022-01-12 09:10:08 - [MESSAGE][PASSED] - Delayed 1 second(s)

2022-01-12 09:10:08 - [TEST_STEP][PASSED] - hideKeyboard(): Keyboard is hidden

2022-01-12 09:10:15 - [MESSAGE][PASSED] - Keyboard is hidden

2022-01-12 09:10:15 - [TEST_STEP][PASSED] - tap(LOGN_BtnLogin, 0): Tapped on element 'Object Repository/Mobile/Page/Login/Button - Login'

2022-01-12 09:10:15 - [MESSAGE][WARNING] - Timeout '0' is invalid. Using default page load timeout: '60'

2022-01-12 09:10:16 - [MESSAGE][PASSED] - Tapped on element 'Object Repository/Mobile/Page/Login/Button - Login'

2022-01-12 09:10:16 - [TEST_STEP][PASSED] - delay(2): Delayed 2 second(s)

2022-01-12 09:10:18 - [MESSAGE][PASSED] - Delayed 2 second(s)

2022-01-12 09:10:18 - [TEST_STEP][PASSED] - break: null

2022-01-12 09:10:18 - [MESSAGE][PASSED] - Call Test Case 'Test Cases/Mobile/Page/Login/Login' successfully

2022-01-12 09:10:18 - [MESSAGE][PASSED] - Call Test Case 'Test Cases/Mobile/Page/CheckLogin' successfully

2022-01-12 09:10:18 - [TEST_STEP][PASSED] - tap(HOME_MenubarPortfolio, 0): Tapped on element 'Object Repository/Mobile/Page/Home/Menubar - Portfolio'

2022-01-12 09:10:18 - [MESSAGE][WARNING] - Timeout '0' is invalid. Using default page load timeout: '60'

2022-01-12 09:10:19 - [MESSAGE][PASSED] - Tapped on element 'Object Repository/Mobile/Page/Home/Menubar - Portfolio'

2022-01-12 09:10:19 - [TEST_STEP][PASSED] - delay(1): Delayed 1 second(s)

2022-01-12 09:10:20 - [MESSAGE][PASSED] - Delayed 1 second(s)

2022-01-12 09:10:20 - [TEST_STEP][PASSED] - for ([i = 0, i < 1, (i++)]): scroll.scroll.scrollScreenBottomToTop is PASSED

2022-01-12 09:10:20 - [TEST_STEP][PASSED] - if (tab == "summary"): null

2022-01-12 09:10:20 - [TEST_STEP][PASSED] - else if (tab == "stock"): null

2022-01-12 09:10:20 - [TEST_STEP][PASSED] - else if (tab == "mutualfund"): scroll.scroll.scrollScreenBottomToTop is PASSED

2022-01-12 09:10:20 - [TEST_STEP][PASSED] - tap(PORT_TabMutualFund, 0): Tapped on element 'Object Repository/Mobile/Page/Portfolio/Tab - Mutual Fund'

2022-01-12 09:10:20 - [MESSAGE][WARNING] - Timeout '0' is invalid. Using default page load timeout: '60'

2022-01-12 09:10:22 - [MESSAGE][PASSED] - Tapped on element 'Object Repository/Mobile/Page/Portfolio/Tab - Mutual Fund'

2022-01-12 09:10:22 - [TEST_STEP][PASSED] - delay(1): Delayed 1 second(s)

2022-01-12 09:10:23 - [MESSAGE][PASSED] - Delayed 1 second(s)

2022-01-12 09:10:23 - [TEST_STEP][PASSED] - try: scroll.scroll.scrollScreenBottomToTop is PASSED

2022-01-12 09:10:23 - [TEST_STEP][PASSED] - tapAndHold(PORT_ItemTopMutualFund, 1, 10): Tapped and held on element 'Object Repository/Mobile/Page/Portfolio/Item - Top Mutual Fund' with duration 1

2022-01-12 09:10:26 - [MESSAGE][PASSED] - Tapped and held on element 'Object Repository/Mobile/Page/Portfolio/Item - Top Mutual Fund' with duration 1

2022-01-12 09:10:26 - [TEST_STEP][PASSED] - delay(2): Delayed 2 second(s)

2022-01-12 09:10:28 - [MESSAGE][PASSED] - Delayed 2 second(s)

2022-01-12 09:10:28 - [TEST_STEP][PASSED] - switch (action2): null

2022-01-12 09:10:28 - [TEST_STEP][PASSED] - case "3 month":: null

2022-01-12 09:10:28 - [TEST_STEP][PASSED] - tapAndHold(PORT_DETL_Btn3Month, 1, 0): Tapped and held on element 'Object Repository/Mobile/Page/Portfolio/Detail Mutual Funds/Button - 3 Month' with duration 1

2022-01-12 09:10:28 - [MESSAGE][WARNING] - Timeout '0' is invalid. Using default page load timeout: '60'

2022-01-12 09:10:30 - [MESSAGE][PASSED] - Tapped and held on element 'Object Repository/Mobile/Page/Portfolio/Detail Mutual Funds/Button - 3 Month' with duration 1

2022-01-12 09:10:30 - [TEST_STEP][PASSED] - break: null

2022-01-12 09:10:30 - [TEST_STEP][PASSED] - delay(3): Delayed 3 second(s)

2022-01-12 09:10:33 - [MESSAGE][PASSED] - Delayed 3 second(s)

2022-01-12 09:10:33 - [TEST_STEP][PASSED] - scroll.scroll.scrollScreenBottomToTop(): scroll.scroll.scrollScreenBottomToTop is PASSED

2022-01-12 09:10:34 - [MESSAGE][PASSED] - Current device physical height is 1423

2022-01-12 09:10:34 - [MESSAGE][PASSED] - Current device physical width is 720

2022-01-12 09:10:35 - [MESSAGE][PASSED] - Swiped from 360,1,138 to 360,284

2022-01-12 09:10:35 - [MESSAGE][PASSED] - scroll.scroll.scrollScreenBottomToTop is PASSED

2022-01-12 09:10:35 - [MESSAGE][PASSED] - Call Test Case 'Test Cases/Mobile/Page/Portfolio/Portfolio' successfully

2022-01-12 09:10:35 - [TEST_STEP][PASSED] - callTestCase(findTestCase("Mobile/Page/Run App/Terminate App"), [:], STOP_ON_FAILURE): Call Test Case 'Test Cases/Mobile/Page/Run App/Terminate App' successfully

2022-01-12 09:10:35 - [TEST_CASE][PASSED] - Test Cases/Mobile/Page/Run App/Terminate App: Test Cases/Mobile/Page/Run App/Terminate App

2022-01-12 09:10:35 - [TEST_STEP][PASSED] - startApp.OpenApp.terminateApplication(): startApp.OpenApp.terminateApplication is PASSED

2022-01-12 09:10:38 - [MESSAGE][PASSED] - Delayed 3 second(s)

2022-01-12 09:10:39 - [MESSAGE][PASSED] - Current device physical width is 720

2022-01-12 09:10:39 - [MESSAGE][PASSED] - Current device physical height is 1423

2022-01-12 09:10:40 - [MESSAGE][PASSED] - Swiped from 360,853 to 360,142

2022-01-12 09:10:41 - [MESSAGE][PASSED] - Delayed 1 second(s)

2022-01-12 09:10:43 - [MESSAGE][PASSED] - Swiped from 360,853 to 360,142

2022-01-12 09:10:46 - [MESSAGE][PASSED] - Delayed 3 second(s)

2022-01-12 09:10:46 - [MESSAGE][PASSED] - startApp.OpenApp.terminateApplication is PASSED

2022-01-12 09:10:46 - [MESSAGE][PASSED] - Call Test Case 'Test Cases/Mobile/Page/Run App/Terminate App' successfully]]></system-out>
         <system-err><![CDATA[]]></system-err>
      </testcase>
      <testcase name="Test Cases/Mobile/Scenario/Portfolio/015 - Melihat detail mutual fund 6 month" time="65.831" classname="Test Cases/Mobile/Scenario/Portfolio/015 - Melihat detail mutual fund 6 month" status="PASSED">
         <system-out><![CDATA[2022-01-12 09:10:46 - [TEST_CASE][PASSED] - Test Cases/Mobile/Scenario/Portfolio/015 - Melihat detail mutual fund 6 month: Test Cases/Mobile/Scenario/Portfolio/015 - Melihat detail mutual fund 6 month

2022-01-12 09:10:46 - [TEST_STEP][PASSED] - callTestCase(findTestCase("Mobile/Page/Run App/Run App byID"), [:], STOP_ON_FAILURE): Call Test Case 'Test Cases/Mobile/Page/Run App/Run App byID' successfully

2022-01-12 09:10:46 - [TEST_CASE][PASSED] - Test Cases/Mobile/Page/Run App/Run App byID: Test Cases/Mobile/Page/Run App/Run App byID

2022-01-12 09:10:46 - [TEST_STEP][PASSED] - startApp.OpenApp.startApplication("id.co.miraeasset.sageclub"): startApp.OpenApp.startApplication is PASSED

2022-01-12 09:10:59 - [MESSAGE][PASSED] - Starting app with application ID: 'id.co.miraeasset.sageclub'

2022-01-12 09:10:59 - [MESSAGE][PASSED] - startApp.OpenApp.startApplication is PASSED

2022-01-12 09:10:59 - [MESSAGE][PASSED] - Call Test Case 'Test Cases/Mobile/Page/Run App/Run App byID' successfully

2022-01-12 09:10:59 - [TEST_STEP][PASSED] - callTestCase(findTestCase("Mobile/Page/Portfolio/Portfolio"), ["tab":"mutualfund", "action2":"6 month"], CONTINUE_ON_FAILURE): Call Test Case 'Test Cases/Mobile/Page/Portfolio/Portfolio' successfully

2022-01-12 09:10:59 - [TEST_CASE][PASSED] - Test Cases/Mobile/Page/Portfolio/Portfolio: Test Cases/Mobile/Page/Portfolio/Portfolio

2022-01-12 09:10:59 - [TEST_STEP][PASSED] - callTestCase(findTestCase("Mobile/Page/CheckLogin"), [:], CONTINUE_ON_FAILURE): Call Test Case 'Test Cases/Mobile/Page/CheckLogin' successfully

2022-01-12 09:11:00 - [TEST_CASE][PASSED] - Test Cases/Mobile/Page/CheckLogin: Test Cases/Mobile/Page/CheckLogin

2022-01-12 09:11:00 - [TEST_STEP][PASSED] - loginCheck = verifyElementExist(LOGN_BtnLogin, 5, CONTINUE_ON_FAILURE): Element 'Object Repository/Mobile/Page/Login/Button - Login' is exist

2022-01-12 09:11:02 - [MESSAGE][PASSED] - Element 'Object Repository/Mobile/Page/Login/Button - Login' is exist

2022-01-12 09:11:02 - [TEST_STEP][PASSED] - if (loginCheck): Call Test Case 'Test Cases/Mobile/Page/Login/Login' successfully

2022-01-12 09:11:02 - [TEST_STEP][PASSED] - callTestCase(findTestCase("Mobile/Page/Login/Login"), ["action":"username"], CONTINUE_ON_FAILURE): Call Test Case 'Test Cases/Mobile/Page/Login/Login' successfully

2022-01-12 09:11:02 - [TEST_CASE][PASSED] - Test Cases/Mobile/Page/Login/Login: Test Cases/Mobile/Page/Login/Login

2022-01-12 09:11:02 - [TEST_STEP][PASSED] - delay(2): Delayed 2 second(s)

2022-01-12 09:11:04 - [MESSAGE][PASSED] - Delayed 2 second(s)

2022-01-12 09:11:04 - [TEST_STEP][PASSED] - for ([i = 0, i < 1, (i++)]): null

2022-01-12 09:11:04 - [TEST_STEP][PASSED] - if (action == "username"): null

2022-01-12 09:11:04 - [TEST_STEP][PASSED] - tap(LOGN_EdtUserID, 0): Tapped on element 'Object Repository/Mobile/Page/Login/Input - UserID'

2022-01-12 09:11:04 - [MESSAGE][WARNING] - Timeout '0' is invalid. Using default page load timeout: '60'

2022-01-12 09:11:04 - [MESSAGE][PASSED] - Tapped on element 'Object Repository/Mobile/Page/Login/Input - UserID'

2022-01-12 09:11:04 - [TEST_STEP][PASSED] - delay(1): Delayed 1 second(s)

2022-01-12 09:11:05 - [MESSAGE][PASSED] - Delayed 1 second(s)

2022-01-12 09:11:05 - [TEST_STEP][PASSED] - setText(LOGN_EdtRdyUserID, "anggaaditya", 0): Text 'anggaaditya' has been set to element 'Object Repository/Mobile/Page/Login/Input Rdy - UserID'

2022-01-12 09:11:05 - [MESSAGE][WARNING] - Timeout '0' is invalid. Using default page load timeout: '60'

2022-01-12 09:11:06 - [MESSAGE][PASSED] - Text 'anggaaditya' has been set to element 'Object Repository/Mobile/Page/Login/Input Rdy - UserID'

2022-01-12 09:11:06 - [TEST_STEP][PASSED] - delay(1): Delayed 1 second(s)

2022-01-12 09:11:07 - [MESSAGE][PASSED] - Delayed 1 second(s)

2022-01-12 09:11:07 - [TEST_STEP][PASSED] - hideKeyboard(): Keyboard is hidden

2022-01-12 09:11:11 - [MESSAGE][PASSED] - Keyboard is hidden

2022-01-12 09:11:11 - [TEST_STEP][PASSED] - tap(LOGN_EdtPassword, 0): Tapped on element 'Object Repository/Mobile/Page/Login/Input - Password'

2022-01-12 09:11:11 - [MESSAGE][WARNING] - Timeout '0' is invalid. Using default page load timeout: '60'

2022-01-12 09:11:11 - [MESSAGE][PASSED] - Tapped on element 'Object Repository/Mobile/Page/Login/Input - Password'

2022-01-12 09:11:11 - [TEST_STEP][PASSED] - delay(1): Delayed 1 second(s)

2022-01-12 09:11:12 - [MESSAGE][PASSED] - Delayed 1 second(s)

2022-01-12 09:11:12 - [TEST_STEP][PASSED] - setText(LOGN_EdtRdyPassword, "Shalawa18", 0): Text 'Shalawa18' has been set to element 'Object Repository/Mobile/Page/Login/Input Rdy - Password'

2022-01-12 09:11:12 - [MESSAGE][WARNING] - Timeout '0' is invalid. Using default page load timeout: '60'

2022-01-12 09:11:13 - [MESSAGE][PASSED] - Text 'Shalawa18' has been set to element 'Object Repository/Mobile/Page/Login/Input Rdy - Password'

2022-01-12 09:11:13 - [TEST_STEP][PASSED] - delay(1): Delayed 1 second(s)

2022-01-12 09:11:14 - [MESSAGE][PASSED] - Delayed 1 second(s)

2022-01-12 09:11:14 - [TEST_STEP][PASSED] - hideKeyboard(): Keyboard is hidden

2022-01-12 09:11:21 - [MESSAGE][PASSED] - Keyboard is hidden

2022-01-12 09:11:21 - [TEST_STEP][PASSED] - tap(LOGN_BtnLogin, 0): Tapped on element 'Object Repository/Mobile/Page/Login/Button - Login'

2022-01-12 09:11:21 - [MESSAGE][WARNING] - Timeout '0' is invalid. Using default page load timeout: '60'

2022-01-12 09:11:22 - [MESSAGE][PASSED] - Tapped on element 'Object Repository/Mobile/Page/Login/Button - Login'

2022-01-12 09:11:22 - [TEST_STEP][PASSED] - delay(2): Delayed 2 second(s)

2022-01-12 09:11:24 - [MESSAGE][PASSED] - Delayed 2 second(s)

2022-01-12 09:11:24 - [TEST_STEP][PASSED] - break: null

2022-01-12 09:11:24 - [MESSAGE][PASSED] - Call Test Case 'Test Cases/Mobile/Page/Login/Login' successfully

2022-01-12 09:11:24 - [MESSAGE][PASSED] - Call Test Case 'Test Cases/Mobile/Page/CheckLogin' successfully

2022-01-12 09:11:24 - [TEST_STEP][PASSED] - tap(HOME_MenubarPortfolio, 0): Tapped on element 'Object Repository/Mobile/Page/Home/Menubar - Portfolio'

2022-01-12 09:11:24 - [MESSAGE][WARNING] - Timeout '0' is invalid. Using default page load timeout: '60'

2022-01-12 09:11:25 - [MESSAGE][PASSED] - Tapped on element 'Object Repository/Mobile/Page/Home/Menubar - Portfolio'

2022-01-12 09:11:25 - [TEST_STEP][PASSED] - delay(1): Delayed 1 second(s)

2022-01-12 09:11:26 - [MESSAGE][PASSED] - Delayed 1 second(s)

2022-01-12 09:11:26 - [TEST_STEP][PASSED] - for ([i = 0, i < 1, (i++)]): scroll.scroll.scrollScreenBottomToTop is PASSED

2022-01-12 09:11:26 - [TEST_STEP][PASSED] - if (tab == "summary"): null

2022-01-12 09:11:26 - [TEST_STEP][PASSED] - else if (tab == "stock"): null

2022-01-12 09:11:26 - [TEST_STEP][PASSED] - else if (tab == "mutualfund"): scroll.scroll.scrollScreenBottomToTop is PASSED

2022-01-12 09:11:26 - [TEST_STEP][PASSED] - tap(PORT_TabMutualFund, 0): Tapped on element 'Object Repository/Mobile/Page/Portfolio/Tab - Mutual Fund'

2022-01-12 09:11:26 - [MESSAGE][WARNING] - Timeout '0' is invalid. Using default page load timeout: '60'

2022-01-12 09:11:27 - [MESSAGE][PASSED] - Tapped on element 'Object Repository/Mobile/Page/Portfolio/Tab - Mutual Fund'

2022-01-12 09:11:27 - [TEST_STEP][PASSED] - delay(1): Delayed 1 second(s)

2022-01-12 09:11:28 - [MESSAGE][PASSED] - Delayed 1 second(s)

2022-01-12 09:11:28 - [TEST_STEP][PASSED] - try: scroll.scroll.scrollScreenBottomToTop is PASSED

2022-01-12 09:11:28 - [TEST_STEP][PASSED] - tapAndHold(PORT_ItemTopMutualFund, 1, 10): Tapped and held on element 'Object Repository/Mobile/Page/Portfolio/Item - Top Mutual Fund' with duration 1

2022-01-12 09:11:31 - [MESSAGE][PASSED] - Tapped and held on element 'Object Repository/Mobile/Page/Portfolio/Item - Top Mutual Fund' with duration 1

2022-01-12 09:11:31 - [TEST_STEP][PASSED] - delay(2): Delayed 2 second(s)

2022-01-12 09:11:33 - [MESSAGE][PASSED] - Delayed 2 second(s)

2022-01-12 09:11:33 - [TEST_STEP][PASSED] - switch (action2): null

2022-01-12 09:11:33 - [TEST_STEP][PASSED] - case "6 month":: null

2022-01-12 09:11:33 - [TEST_STEP][PASSED] - tapAndHold(PORT_DETL_Btn6Month, 1, 0): Tapped and held on element 'Object Repository/Mobile/Page/Portfolio/Detail Mutual Funds/Button - 6 Month' with duration 1

2022-01-12 09:11:33 - [MESSAGE][WARNING] - Timeout '0' is invalid. Using default page load timeout: '60'

2022-01-12 09:11:36 - [MESSAGE][PASSED] - Tapped and held on element 'Object Repository/Mobile/Page/Portfolio/Detail Mutual Funds/Button - 6 Month' with duration 1

2022-01-12 09:11:36 - [TEST_STEP][PASSED] - break: null

2022-01-12 09:11:36 - [TEST_STEP][PASSED] - delay(3): Delayed 3 second(s)

2022-01-12 09:11:39 - [MESSAGE][PASSED] - Delayed 3 second(s)

2022-01-12 09:11:39 - [TEST_STEP][PASSED] - scroll.scroll.scrollScreenBottomToTop(): scroll.scroll.scrollScreenBottomToTop is PASSED

2022-01-12 09:11:40 - [MESSAGE][PASSED] - Current device physical height is 1423

2022-01-12 09:11:40 - [MESSAGE][PASSED] - Current device physical width is 720

2022-01-12 09:11:41 - [MESSAGE][PASSED] - Swiped from 360,1,138 to 360,284

2022-01-12 09:11:41 - [MESSAGE][PASSED] - scroll.scroll.scrollScreenBottomToTop is PASSED

2022-01-12 09:11:41 - [MESSAGE][PASSED] - Call Test Case 'Test Cases/Mobile/Page/Portfolio/Portfolio' successfully

2022-01-12 09:11:41 - [TEST_STEP][PASSED] - callTestCase(findTestCase("Mobile/Page/Run App/Terminate App"), [:], STOP_ON_FAILURE): Call Test Case 'Test Cases/Mobile/Page/Run App/Terminate App' successfully

2022-01-12 09:11:41 - [TEST_CASE][PASSED] - Test Cases/Mobile/Page/Run App/Terminate App: Test Cases/Mobile/Page/Run App/Terminate App

2022-01-12 09:11:41 - [TEST_STEP][PASSED] - startApp.OpenApp.terminateApplication(): startApp.OpenApp.terminateApplication is PASSED

2022-01-12 09:11:44 - [MESSAGE][PASSED] - Delayed 3 second(s)

2022-01-12 09:11:45 - [MESSAGE][PASSED] - Current device physical width is 720

2022-01-12 09:11:45 - [MESSAGE][PASSED] - Current device physical height is 1423

2022-01-12 09:11:46 - [MESSAGE][PASSED] - Swiped from 360,853 to 360,142

2022-01-12 09:11:47 - [MESSAGE][PASSED] - Delayed 1 second(s)

2022-01-12 09:11:48 - [MESSAGE][PASSED] - Swiped from 360,853 to 360,142

2022-01-12 09:11:52 - [MESSAGE][PASSED] - Delayed 3 second(s)

2022-01-12 09:11:52 - [MESSAGE][PASSED] - startApp.OpenApp.terminateApplication is PASSED

2022-01-12 09:11:52 - [MESSAGE][PASSED] - Call Test Case 'Test Cases/Mobile/Page/Run App/Terminate App' successfully]]></system-out>
         <system-err><![CDATA[]]></system-err>
      </testcase>
      <testcase name="Test Cases/Mobile/Scenario/Portfolio/016 - Melihat detail mutual fund 1 year" time="68.637" classname="Test Cases/Mobile/Scenario/Portfolio/016 - Melihat detail mutual fund 1 year" status="PASSED">
         <system-out><![CDATA[2022-01-12 09:11:52 - [TEST_CASE][PASSED] - Test Cases/Mobile/Scenario/Portfolio/016 - Melihat detail mutual fund 1 year: Test Cases/Mobile/Scenario/Portfolio/016 - Melihat detail mutual fund 1 year

2022-01-12 09:11:52 - [TEST_STEP][PASSED] - callTestCase(findTestCase("Mobile/Page/Run App/Run App byID"), [:], STOP_ON_FAILURE): Call Test Case 'Test Cases/Mobile/Page/Run App/Run App byID' successfully

2022-01-12 09:11:52 - [TEST_CASE][PASSED] - Test Cases/Mobile/Page/Run App/Run App byID: Test Cases/Mobile/Page/Run App/Run App byID

2022-01-12 09:11:52 - [TEST_STEP][PASSED] - startApp.OpenApp.startApplication("id.co.miraeasset.sageclub"): startApp.OpenApp.startApplication is PASSED

2022-01-12 09:12:07 - [MESSAGE][PASSED] - Starting app with application ID: 'id.co.miraeasset.sageclub'

2022-01-12 09:12:07 - [MESSAGE][PASSED] - startApp.OpenApp.startApplication is PASSED

2022-01-12 09:12:07 - [MESSAGE][PASSED] - Call Test Case 'Test Cases/Mobile/Page/Run App/Run App byID' successfully

2022-01-12 09:12:07 - [TEST_STEP][PASSED] - callTestCase(findTestCase("Mobile/Page/Portfolio/Portfolio"), ["tab":"mutualfund", "action2":"1 year"], CONTINUE_ON_FAILURE): Call Test Case 'Test Cases/Mobile/Page/Portfolio/Portfolio' successfully

2022-01-12 09:12:07 - [TEST_CASE][PASSED] - Test Cases/Mobile/Page/Portfolio/Portfolio: Test Cases/Mobile/Page/Portfolio/Portfolio

2022-01-12 09:12:07 - [TEST_STEP][PASSED] - callTestCase(findTestCase("Mobile/Page/CheckLogin"), [:], CONTINUE_ON_FAILURE): Call Test Case 'Test Cases/Mobile/Page/CheckLogin' successfully

2022-01-12 09:12:07 - [TEST_CASE][PASSED] - Test Cases/Mobile/Page/CheckLogin: Test Cases/Mobile/Page/CheckLogin

2022-01-12 09:12:07 - [TEST_STEP][PASSED] - loginCheck = verifyElementExist(LOGN_BtnLogin, 5, CONTINUE_ON_FAILURE): Element 'Object Repository/Mobile/Page/Login/Button - Login' is exist

2022-01-12 09:12:09 - [MESSAGE][PASSED] - Element 'Object Repository/Mobile/Page/Login/Button - Login' is exist

2022-01-12 09:12:09 - [TEST_STEP][PASSED] - if (loginCheck): Call Test Case 'Test Cases/Mobile/Page/Login/Login' successfully

2022-01-12 09:12:09 - [TEST_STEP][PASSED] - callTestCase(findTestCase("Mobile/Page/Login/Login"), ["action":"username"], CONTINUE_ON_FAILURE): Call Test Case 'Test Cases/Mobile/Page/Login/Login' successfully

2022-01-12 09:12:09 - [TEST_CASE][PASSED] - Test Cases/Mobile/Page/Login/Login: Test Cases/Mobile/Page/Login/Login

2022-01-12 09:12:09 - [TEST_STEP][PASSED] - delay(2): Delayed 2 second(s)

2022-01-12 09:12:11 - [MESSAGE][PASSED] - Delayed 2 second(s)

2022-01-12 09:12:11 - [TEST_STEP][PASSED] - for ([i = 0, i < 1, (i++)]): null

2022-01-12 09:12:11 - [TEST_STEP][PASSED] - if (action == "username"): null

2022-01-12 09:12:11 - [TEST_STEP][PASSED] - tap(LOGN_EdtUserID, 0): Tapped on element 'Object Repository/Mobile/Page/Login/Input - UserID'

2022-01-12 09:12:11 - [MESSAGE][WARNING] - Timeout '0' is invalid. Using default page load timeout: '60'

2022-01-12 09:12:12 - [MESSAGE][PASSED] - Tapped on element 'Object Repository/Mobile/Page/Login/Input - UserID'

2022-01-12 09:12:12 - [TEST_STEP][PASSED] - delay(1): Delayed 1 second(s)

2022-01-12 09:12:13 - [MESSAGE][PASSED] - Delayed 1 second(s)

2022-01-12 09:12:13 - [TEST_STEP][PASSED] - setText(LOGN_EdtRdyUserID, "anggaaditya", 0): Text 'anggaaditya' has been set to element 'Object Repository/Mobile/Page/Login/Input Rdy - UserID'

2022-01-12 09:12:13 - [MESSAGE][WARNING] - Timeout '0' is invalid. Using default page load timeout: '60'

2022-01-12 09:12:14 - [MESSAGE][PASSED] - Text 'anggaaditya' has been set to element 'Object Repository/Mobile/Page/Login/Input Rdy - UserID'

2022-01-12 09:12:14 - [TEST_STEP][PASSED] - delay(1): Delayed 1 second(s)

2022-01-12 09:12:15 - [MESSAGE][PASSED] - Delayed 1 second(s)

2022-01-12 09:12:15 - [TEST_STEP][PASSED] - hideKeyboard(): Keyboard is hidden

2022-01-12 09:12:19 - [MESSAGE][PASSED] - Keyboard is hidden

2022-01-12 09:12:19 - [TEST_STEP][PASSED] - tap(LOGN_EdtPassword, 0): Tapped on element 'Object Repository/Mobile/Page/Login/Input - Password'

2022-01-12 09:12:19 - [MESSAGE][WARNING] - Timeout '0' is invalid. Using default page load timeout: '60'

2022-01-12 09:12:20 - [MESSAGE][PASSED] - Tapped on element 'Object Repository/Mobile/Page/Login/Input - Password'

2022-01-12 09:12:20 - [TEST_STEP][PASSED] - delay(1): Delayed 1 second(s)

2022-01-12 09:12:21 - [MESSAGE][PASSED] - Delayed 1 second(s)

2022-01-12 09:12:21 - [TEST_STEP][PASSED] - setText(LOGN_EdtRdyPassword, "Shalawa18", 0): Text 'Shalawa18' has been set to element 'Object Repository/Mobile/Page/Login/Input Rdy - Password'

2022-01-12 09:12:21 - [MESSAGE][WARNING] - Timeout '0' is invalid. Using default page load timeout: '60'

2022-01-12 09:12:21 - [MESSAGE][PASSED] - Text 'Shalawa18' has been set to element 'Object Repository/Mobile/Page/Login/Input Rdy - Password'

2022-01-12 09:12:21 - [TEST_STEP][PASSED] - delay(1): Delayed 1 second(s)

2022-01-12 09:12:22 - [MESSAGE][PASSED] - Delayed 1 second(s)

2022-01-12 09:12:22 - [TEST_STEP][PASSED] - hideKeyboard(): Keyboard is hidden

2022-01-12 09:12:29 - [MESSAGE][PASSED] - Keyboard is hidden

2022-01-12 09:12:29 - [TEST_STEP][PASSED] - tap(LOGN_BtnLogin, 0): Tapped on element 'Object Repository/Mobile/Page/Login/Button - Login'

2022-01-12 09:12:29 - [MESSAGE][WARNING] - Timeout '0' is invalid. Using default page load timeout: '60'

2022-01-12 09:12:30 - [MESSAGE][PASSED] - Tapped on element 'Object Repository/Mobile/Page/Login/Button - Login'

2022-01-12 09:12:30 - [TEST_STEP][PASSED] - delay(2): Delayed 2 second(s)

2022-01-12 09:12:32 - [MESSAGE][PASSED] - Delayed 2 second(s)

2022-01-12 09:12:32 - [TEST_STEP][PASSED] - break: null

2022-01-12 09:12:32 - [MESSAGE][PASSED] - Call Test Case 'Test Cases/Mobile/Page/Login/Login' successfully

2022-01-12 09:12:32 - [MESSAGE][PASSED] - Call Test Case 'Test Cases/Mobile/Page/CheckLogin' successfully

2022-01-12 09:12:32 - [TEST_STEP][PASSED] - tap(HOME_MenubarPortfolio, 0): Tapped on element 'Object Repository/Mobile/Page/Home/Menubar - Portfolio'

2022-01-12 09:12:32 - [MESSAGE][WARNING] - Timeout '0' is invalid. Using default page load timeout: '60'

2022-01-12 09:12:34 - [MESSAGE][PASSED] - Tapped on element 'Object Repository/Mobile/Page/Home/Menubar - Portfolio'

2022-01-12 09:12:34 - [TEST_STEP][PASSED] - delay(1): Delayed 1 second(s)

2022-01-12 09:12:35 - [MESSAGE][PASSED] - Delayed 1 second(s)

2022-01-12 09:12:35 - [TEST_STEP][PASSED] - for ([i = 0, i < 1, (i++)]): scroll.scroll.scrollScreenBottomToTop is PASSED

2022-01-12 09:12:35 - [TEST_STEP][PASSED] - if (tab == "summary"): null

2022-01-12 09:12:35 - [TEST_STEP][PASSED] - else if (tab == "stock"): null

2022-01-12 09:12:35 - [TEST_STEP][PASSED] - else if (tab == "mutualfund"): scroll.scroll.scrollScreenBottomToTop is PASSED

2022-01-12 09:12:35 - [TEST_STEP][PASSED] - tap(PORT_TabMutualFund, 0): Tapped on element 'Object Repository/Mobile/Page/Portfolio/Tab - Mutual Fund'

2022-01-12 09:12:35 - [MESSAGE][WARNING] - Timeout '0' is invalid. Using default page load timeout: '60'

2022-01-12 09:12:36 - [MESSAGE][PASSED] - Tapped on element 'Object Repository/Mobile/Page/Portfolio/Tab - Mutual Fund'

2022-01-12 09:12:36 - [TEST_STEP][PASSED] - delay(1): Delayed 1 second(s)

2022-01-12 09:12:37 - [MESSAGE][PASSED] - Delayed 1 second(s)

2022-01-12 09:12:37 - [TEST_STEP][PASSED] - try: scroll.scroll.scrollScreenBottomToTop is PASSED

2022-01-12 09:12:37 - [TEST_STEP][PASSED] - tapAndHold(PORT_ItemTopMutualFund, 1, 10): Tapped and held on element 'Object Repository/Mobile/Page/Portfolio/Item - Top Mutual Fund' with duration 1

2022-01-12 09:12:40 - [MESSAGE][PASSED] - Tapped and held on element 'Object Repository/Mobile/Page/Portfolio/Item - Top Mutual Fund' with duration 1

2022-01-12 09:12:40 - [TEST_STEP][PASSED] - delay(2): Delayed 2 second(s)

2022-01-12 09:12:42 - [MESSAGE][PASSED] - Delayed 2 second(s)

2022-01-12 09:12:42 - [TEST_STEP][PASSED] - switch (action2): null

2022-01-12 09:12:42 - [TEST_STEP][PASSED] - case "1 year":: null

2022-01-12 09:12:42 - [TEST_STEP][PASSED] - tapAndHold(PORT_DETL_Btn1Year, 1, 0): Tapped and held on element 'Object Repository/Mobile/Page/Portfolio/Detail Mutual Funds/Button - 1 Year' with duration 1

2022-01-12 09:12:42 - [MESSAGE][WARNING] - Timeout '0' is invalid. Using default page load timeout: '60'

2022-01-12 09:12:45 - [MESSAGE][PASSED] - Tapped and held on element 'Object Repository/Mobile/Page/Portfolio/Detail Mutual Funds/Button - 1 Year' with duration 1

2022-01-12 09:12:45 - [TEST_STEP][PASSED] - break: null

2022-01-12 09:12:45 - [TEST_STEP][PASSED] - delay(3): Delayed 3 second(s)

2022-01-12 09:12:48 - [MESSAGE][PASSED] - Delayed 3 second(s)

2022-01-12 09:12:48 - [TEST_STEP][PASSED] - scroll.scroll.scrollScreenBottomToTop(): scroll.scroll.scrollScreenBottomToTop is PASSED

2022-01-12 09:12:48 - [MESSAGE][PASSED] - Current device physical height is 1423

2022-01-12 09:12:48 - [MESSAGE][PASSED] - Current device physical width is 720

2022-01-12 09:12:50 - [MESSAGE][PASSED] - Swiped from 360,1,138 to 360,284

2022-01-12 09:12:50 - [MESSAGE][PASSED] - scroll.scroll.scrollScreenBottomToTop is PASSED

2022-01-12 09:12:50 - [MESSAGE][PASSED] - Call Test Case 'Test Cases/Mobile/Page/Portfolio/Portfolio' successfully

2022-01-12 09:12:50 - [TEST_STEP][PASSED] - callTestCase(findTestCase("Mobile/Page/Run App/Terminate App"), [:], STOP_ON_FAILURE): Call Test Case 'Test Cases/Mobile/Page/Run App/Terminate App' successfully

2022-01-12 09:12:50 - [TEST_CASE][PASSED] - Test Cases/Mobile/Page/Run App/Terminate App: Test Cases/Mobile/Page/Run App/Terminate App

2022-01-12 09:12:50 - [TEST_STEP][PASSED] - startApp.OpenApp.terminateApplication(): startApp.OpenApp.terminateApplication is PASSED

2022-01-12 09:12:53 - [MESSAGE][PASSED] - Delayed 3 second(s)

2022-01-12 09:12:53 - [MESSAGE][PASSED] - Current device physical width is 720

2022-01-12 09:12:53 - [MESSAGE][PASSED] - Current device physical height is 1423

2022-01-12 09:12:55 - [MESSAGE][PASSED] - Swiped from 360,853 to 360,142

2022-01-12 09:12:56 - [MESSAGE][PASSED] - Delayed 1 second(s)

2022-01-12 09:12:57 - [MESSAGE][PASSED] - Swiped from 360,853 to 360,142

2022-01-12 09:13:00 - [MESSAGE][PASSED] - Delayed 3 second(s)

2022-01-12 09:13:00 - [MESSAGE][PASSED] - startApp.OpenApp.terminateApplication is PASSED

2022-01-12 09:13:00 - [MESSAGE][PASSED] - Call Test Case 'Test Cases/Mobile/Page/Run App/Terminate App' successfully]]></system-out>
         <system-err><![CDATA[]]></system-err>
      </testcase>
      <testcase name="Test Cases/Mobile/Scenario/Portfolio/017 - Melihat detail mutual fund 3 year" time="68.41" classname="Test Cases/Mobile/Scenario/Portfolio/017 - Melihat detail mutual fund 3 year" status="PASSED">
         <system-out><![CDATA[2022-01-12 09:13:00 - [TEST_CASE][PASSED] - Test Cases/Mobile/Scenario/Portfolio/017 - Melihat detail mutual fund 3 year: Test Cases/Mobile/Scenario/Portfolio/017 - Melihat detail mutual fund 3 year

2022-01-12 09:13:00 - [TEST_STEP][PASSED] - callTestCase(findTestCase("Mobile/Page/Run App/Run App byID"), [:], STOP_ON_FAILURE): Call Test Case 'Test Cases/Mobile/Page/Run App/Run App byID' successfully

2022-01-12 09:13:00 - [TEST_CASE][PASSED] - Test Cases/Mobile/Page/Run App/Run App byID: Test Cases/Mobile/Page/Run App/Run App byID

2022-01-12 09:13:00 - [TEST_STEP][PASSED] - startApp.OpenApp.startApplication("id.co.miraeasset.sageclub"): startApp.OpenApp.startApplication is PASSED

2022-01-12 09:13:14 - [MESSAGE][PASSED] - Starting app with application ID: 'id.co.miraeasset.sageclub'

2022-01-12 09:13:14 - [MESSAGE][PASSED] - startApp.OpenApp.startApplication is PASSED

2022-01-12 09:13:14 - [MESSAGE][PASSED] - Call Test Case 'Test Cases/Mobile/Page/Run App/Run App byID' successfully

2022-01-12 09:13:14 - [TEST_STEP][PASSED] - callTestCase(findTestCase("Mobile/Page/Portfolio/Portfolio"), ["tab":"mutualfund", "action2":"3 year"], CONTINUE_ON_FAILURE): Call Test Case 'Test Cases/Mobile/Page/Portfolio/Portfolio' successfully

2022-01-12 09:13:14 - [TEST_CASE][PASSED] - Test Cases/Mobile/Page/Portfolio/Portfolio: Test Cases/Mobile/Page/Portfolio/Portfolio

2022-01-12 09:13:14 - [TEST_STEP][PASSED] - callTestCase(findTestCase("Mobile/Page/CheckLogin"), [:], CONTINUE_ON_FAILURE): Call Test Case 'Test Cases/Mobile/Page/CheckLogin' successfully

2022-01-12 09:13:14 - [TEST_CASE][PASSED] - Test Cases/Mobile/Page/CheckLogin: Test Cases/Mobile/Page/CheckLogin

2022-01-12 09:13:14 - [TEST_STEP][PASSED] - loginCheck = verifyElementExist(LOGN_BtnLogin, 5, CONTINUE_ON_FAILURE): Element 'Object Repository/Mobile/Page/Login/Button - Login' is exist

2022-01-12 09:13:17 - [MESSAGE][PASSED] - Element 'Object Repository/Mobile/Page/Login/Button - Login' is exist

2022-01-12 09:13:17 - [TEST_STEP][PASSED] - if (loginCheck): Call Test Case 'Test Cases/Mobile/Page/Login/Login' successfully

2022-01-12 09:13:17 - [TEST_STEP][PASSED] - callTestCase(findTestCase("Mobile/Page/Login/Login"), ["action":"username"], CONTINUE_ON_FAILURE): Call Test Case 'Test Cases/Mobile/Page/Login/Login' successfully

2022-01-12 09:13:17 - [TEST_CASE][PASSED] - Test Cases/Mobile/Page/Login/Login: Test Cases/Mobile/Page/Login/Login

2022-01-12 09:13:17 - [TEST_STEP][PASSED] - delay(2): Delayed 2 second(s)

2022-01-12 09:13:19 - [MESSAGE][PASSED] - Delayed 2 second(s)

2022-01-12 09:13:19 - [TEST_STEP][PASSED] - for ([i = 0, i < 1, (i++)]): null

2022-01-12 09:13:19 - [TEST_STEP][PASSED] - if (action == "username"): null

2022-01-12 09:13:19 - [TEST_STEP][PASSED] - tap(LOGN_EdtUserID, 0): Tapped on element 'Object Repository/Mobile/Page/Login/Input - UserID'

2022-01-12 09:13:19 - [MESSAGE][WARNING] - Timeout '0' is invalid. Using default page load timeout: '60'

2022-01-12 09:13:20 - [MESSAGE][PASSED] - Tapped on element 'Object Repository/Mobile/Page/Login/Input - UserID'

2022-01-12 09:13:20 - [TEST_STEP][PASSED] - delay(1): Delayed 1 second(s)

2022-01-12 09:13:21 - [MESSAGE][PASSED] - Delayed 1 second(s)

2022-01-12 09:13:21 - [TEST_STEP][PASSED] - setText(LOGN_EdtRdyUserID, "anggaaditya", 0): Text 'anggaaditya' has been set to element 'Object Repository/Mobile/Page/Login/Input Rdy - UserID'

2022-01-12 09:13:21 - [MESSAGE][WARNING] - Timeout '0' is invalid. Using default page load timeout: '60'

2022-01-12 09:13:21 - [MESSAGE][PASSED] - Text 'anggaaditya' has been set to element 'Object Repository/Mobile/Page/Login/Input Rdy - UserID'

2022-01-12 09:13:21 - [TEST_STEP][PASSED] - delay(1): Delayed 1 second(s)

2022-01-12 09:13:22 - [MESSAGE][PASSED] - Delayed 1 second(s)

2022-01-12 09:13:22 - [TEST_STEP][PASSED] - hideKeyboard(): Keyboard is hidden

2022-01-12 09:13:26 - [MESSAGE][PASSED] - Keyboard is hidden

2022-01-12 09:13:26 - [TEST_STEP][PASSED] - tap(LOGN_EdtPassword, 0): Tapped on element 'Object Repository/Mobile/Page/Login/Input - Password'

2022-01-12 09:13:26 - [MESSAGE][WARNING] - Timeout '0' is invalid. Using default page load timeout: '60'

2022-01-12 09:13:27 - [MESSAGE][PASSED] - Tapped on element 'Object Repository/Mobile/Page/Login/Input - Password'

2022-01-12 09:13:27 - [TEST_STEP][PASSED] - delay(1): Delayed 1 second(s)

2022-01-12 09:13:28 - [MESSAGE][PASSED] - Delayed 1 second(s)

2022-01-12 09:13:28 - [TEST_STEP][PASSED] - setText(LOGN_EdtRdyPassword, "Shalawa18", 0): Text 'Shalawa18' has been set to element 'Object Repository/Mobile/Page/Login/Input Rdy - Password'

2022-01-12 09:13:28 - [MESSAGE][WARNING] - Timeout '0' is invalid. Using default page load timeout: '60'

2022-01-12 09:13:28 - [MESSAGE][PASSED] - Text 'Shalawa18' has been set to element 'Object Repository/Mobile/Page/Login/Input Rdy - Password'

2022-01-12 09:13:28 - [TEST_STEP][PASSED] - delay(1): Delayed 1 second(s)

2022-01-12 09:13:29 - [MESSAGE][PASSED] - Delayed 1 second(s)

2022-01-12 09:13:29 - [TEST_STEP][PASSED] - hideKeyboard(): Keyboard is hidden

2022-01-12 09:13:36 - [MESSAGE][PASSED] - Keyboard is hidden

2022-01-12 09:13:36 - [TEST_STEP][PASSED] - tap(LOGN_BtnLogin, 0): Tapped on element 'Object Repository/Mobile/Page/Login/Button - Login'

2022-01-12 09:13:36 - [MESSAGE][WARNING] - Timeout '0' is invalid. Using default page load timeout: '60'

2022-01-12 09:13:37 - [MESSAGE][PASSED] - Tapped on element 'Object Repository/Mobile/Page/Login/Button - Login'

2022-01-12 09:13:37 - [TEST_STEP][PASSED] - delay(2): Delayed 2 second(s)

2022-01-12 09:13:39 - [MESSAGE][PASSED] - Delayed 2 second(s)

2022-01-12 09:13:39 - [TEST_STEP][PASSED] - break: null

2022-01-12 09:13:39 - [MESSAGE][PASSED] - Call Test Case 'Test Cases/Mobile/Page/Login/Login' successfully

2022-01-12 09:13:39 - [MESSAGE][PASSED] - Call Test Case 'Test Cases/Mobile/Page/CheckLogin' successfully

2022-01-12 09:13:39 - [TEST_STEP][PASSED] - tap(HOME_MenubarPortfolio, 0): Tapped on element 'Object Repository/Mobile/Page/Home/Menubar - Portfolio'

2022-01-12 09:13:39 - [MESSAGE][WARNING] - Timeout '0' is invalid. Using default page load timeout: '60'

2022-01-12 09:13:41 - [MESSAGE][PASSED] - Tapped on element 'Object Repository/Mobile/Page/Home/Menubar - Portfolio'

2022-01-12 09:13:41 - [TEST_STEP][PASSED] - delay(1): Delayed 1 second(s)

2022-01-12 09:13:42 - [MESSAGE][PASSED] - Delayed 1 second(s)

2022-01-12 09:13:42 - [TEST_STEP][PASSED] - for ([i = 0, i < 1, (i++)]): scroll.scroll.scrollScreenBottomToTop is PASSED

2022-01-12 09:13:42 - [TEST_STEP][PASSED] - if (tab == "summary"): null

2022-01-12 09:13:42 - [TEST_STEP][PASSED] - else if (tab == "stock"): null

2022-01-12 09:13:42 - [TEST_STEP][PASSED] - else if (tab == "mutualfund"): scroll.scroll.scrollScreenBottomToTop is PASSED

2022-01-12 09:13:42 - [TEST_STEP][PASSED] - tap(PORT_TabMutualFund, 0): Tapped on element 'Object Repository/Mobile/Page/Portfolio/Tab - Mutual Fund'

2022-01-12 09:13:42 - [MESSAGE][WARNING] - Timeout '0' is invalid. Using default page load timeout: '60'

2022-01-12 09:13:43 - [MESSAGE][PASSED] - Tapped on element 'Object Repository/Mobile/Page/Portfolio/Tab - Mutual Fund'

2022-01-12 09:13:43 - [TEST_STEP][PASSED] - delay(1): Delayed 1 second(s)

2022-01-12 09:13:44 - [MESSAGE][PASSED] - Delayed 1 second(s)

2022-01-12 09:13:44 - [TEST_STEP][PASSED] - try: scroll.scroll.scrollScreenBottomToTop is PASSED

2022-01-12 09:13:44 - [TEST_STEP][PASSED] - tapAndHold(PORT_ItemTopMutualFund, 1, 10): Tapped and held on element 'Object Repository/Mobile/Page/Portfolio/Item - Top Mutual Fund' with duration 1

2022-01-12 09:13:47 - [MESSAGE][PASSED] - Tapped and held on element 'Object Repository/Mobile/Page/Portfolio/Item - Top Mutual Fund' with duration 1

2022-01-12 09:13:47 - [TEST_STEP][PASSED] - delay(2): Delayed 2 second(s)

2022-01-12 09:13:49 - [MESSAGE][PASSED] - Delayed 2 second(s)

2022-01-12 09:13:49 - [TEST_STEP][PASSED] - switch (action2): null

2022-01-12 09:13:49 - [TEST_STEP][PASSED] - case "3 year":: null

2022-01-12 09:13:49 - [TEST_STEP][PASSED] - tapAndHold(PORT_DETL_Btn3Year, 1, 0): Tapped and held on element 'Object Repository/Mobile/Page/Portfolio/Detail Mutual Funds/Button - 3 Year' with duration 1

2022-01-12 09:13:49 - [MESSAGE][WARNING] - Timeout '0' is invalid. Using default page load timeout: '60'

2022-01-12 09:13:53 - [MESSAGE][PASSED] - Tapped and held on element 'Object Repository/Mobile/Page/Portfolio/Detail Mutual Funds/Button - 3 Year' with duration 1

2022-01-12 09:13:53 - [TEST_STEP][PASSED] - break: null

2022-01-12 09:13:53 - [TEST_STEP][PASSED] - delay(3): Delayed 3 second(s)

2022-01-12 09:13:56 - [MESSAGE][PASSED] - Delayed 3 second(s)

2022-01-12 09:13:56 - [TEST_STEP][PASSED] - scroll.scroll.scrollScreenBottomToTop(): scroll.scroll.scrollScreenBottomToTop is PASSED

2022-01-12 09:13:56 - [MESSAGE][PASSED] - Current device physical height is 1423

2022-01-12 09:13:57 - [MESSAGE][PASSED] - Current device physical width is 720

2022-01-12 09:13:58 - [MESSAGE][PASSED] - Swiped from 360,1,138 to 360,284

2022-01-12 09:13:58 - [MESSAGE][PASSED] - scroll.scroll.scrollScreenBottomToTop is PASSED

2022-01-12 09:13:58 - [MESSAGE][PASSED] - Call Test Case 'Test Cases/Mobile/Page/Portfolio/Portfolio' successfully

2022-01-12 09:13:58 - [TEST_STEP][PASSED] - callTestCase(findTestCase("Mobile/Page/Run App/Terminate App"), [:], STOP_ON_FAILURE): Call Test Case 'Test Cases/Mobile/Page/Run App/Terminate App' successfully

2022-01-12 09:13:58 - [TEST_CASE][PASSED] - Test Cases/Mobile/Page/Run App/Terminate App: Test Cases/Mobile/Page/Run App/Terminate App

2022-01-12 09:13:58 - [TEST_STEP][PASSED] - startApp.OpenApp.terminateApplication(): startApp.OpenApp.terminateApplication is PASSED

2022-01-12 09:14:01 - [MESSAGE][PASSED] - Delayed 3 second(s)

2022-01-12 09:14:01 - [MESSAGE][PASSED] - Current device physical width is 720

2022-01-12 09:14:02 - [MESSAGE][PASSED] - Current device physical height is 1423

2022-01-12 09:14:03 - [MESSAGE][PASSED] - Swiped from 360,853 to 360,142

2022-01-12 09:14:04 - [MESSAGE][PASSED] - Delayed 1 second(s)

2022-01-12 09:14:06 - [MESSAGE][PASSED] - Swiped from 360,853 to 360,142

2022-01-12 09:14:09 - [MESSAGE][PASSED] - Delayed 3 second(s)

2022-01-12 09:14:09 - [MESSAGE][PASSED] - startApp.OpenApp.terminateApplication is PASSED

2022-01-12 09:14:09 - [MESSAGE][PASSED] - Call Test Case 'Test Cases/Mobile/Page/Run App/Terminate App' successfully]]></system-out>
         <system-err><![CDATA[]]></system-err>
      </testcase>
      <testcase name="Test Cases/Mobile/Scenario/Portfolio/018 - Melihat detail mutual fund 5 year" time="69.798" classname="Test Cases/Mobile/Scenario/Portfolio/018 - Melihat detail mutual fund 5 year" status="PASSED">
         <system-out><![CDATA[2022-01-12 09:14:09 - [TEST_CASE][PASSED] - Test Cases/Mobile/Scenario/Portfolio/018 - Melihat detail mutual fund 5 year: Test Cases/Mobile/Scenario/Portfolio/018 - Melihat detail mutual fund 5 year

2022-01-12 09:14:09 - [TEST_STEP][PASSED] - callTestCase(findTestCase("Mobile/Page/Run App/Run App byID"), [:], STOP_ON_FAILURE): Call Test Case 'Test Cases/Mobile/Page/Run App/Run App byID' successfully

2022-01-12 09:14:09 - [TEST_CASE][PASSED] - Test Cases/Mobile/Page/Run App/Run App byID: Test Cases/Mobile/Page/Run App/Run App byID

2022-01-12 09:14:09 - [TEST_STEP][PASSED] - startApp.OpenApp.startApplication("id.co.miraeasset.sageclub"): startApp.OpenApp.startApplication is PASSED

2022-01-12 09:14:25 - [MESSAGE][PASSED] - Starting app with application ID: 'id.co.miraeasset.sageclub'

2022-01-12 09:14:25 - [MESSAGE][PASSED] - startApp.OpenApp.startApplication is PASSED

2022-01-12 09:14:25 - [MESSAGE][PASSED] - Call Test Case 'Test Cases/Mobile/Page/Run App/Run App byID' successfully

2022-01-12 09:14:25 - [TEST_STEP][PASSED] - callTestCase(findTestCase("Mobile/Page/Portfolio/Portfolio"), ["tab":"mutualfund", "action2":"5 year"], CONTINUE_ON_FAILURE): Call Test Case 'Test Cases/Mobile/Page/Portfolio/Portfolio' successfully

2022-01-12 09:14:25 - [TEST_CASE][PASSED] - Test Cases/Mobile/Page/Portfolio/Portfolio: Test Cases/Mobile/Page/Portfolio/Portfolio

2022-01-12 09:14:25 - [TEST_STEP][PASSED] - callTestCase(findTestCase("Mobile/Page/CheckLogin"), [:], CONTINUE_ON_FAILURE): Call Test Case 'Test Cases/Mobile/Page/CheckLogin' successfully

2022-01-12 09:14:25 - [TEST_CASE][PASSED] - Test Cases/Mobile/Page/CheckLogin: Test Cases/Mobile/Page/CheckLogin

2022-01-12 09:14:25 - [TEST_STEP][PASSED] - loginCheck = verifyElementExist(LOGN_BtnLogin, 5, CONTINUE_ON_FAILURE): Element 'Object Repository/Mobile/Page/Login/Button - Login' is exist

2022-01-12 09:14:27 - [MESSAGE][PASSED] - Element 'Object Repository/Mobile/Page/Login/Button - Login' is exist

2022-01-12 09:14:27 - [TEST_STEP][PASSED] - if (loginCheck): Call Test Case 'Test Cases/Mobile/Page/Login/Login' successfully

2022-01-12 09:14:27 - [TEST_STEP][PASSED] - callTestCase(findTestCase("Mobile/Page/Login/Login"), ["action":"username"], CONTINUE_ON_FAILURE): Call Test Case 'Test Cases/Mobile/Page/Login/Login' successfully

2022-01-12 09:14:27 - [TEST_CASE][PASSED] - Test Cases/Mobile/Page/Login/Login: Test Cases/Mobile/Page/Login/Login

2022-01-12 09:14:27 - [TEST_STEP][PASSED] - delay(2): Delayed 2 second(s)

2022-01-12 09:14:29 - [MESSAGE][PASSED] - Delayed 2 second(s)

2022-01-12 09:14:29 - [TEST_STEP][PASSED] - for ([i = 0, i < 1, (i++)]): null

2022-01-12 09:14:29 - [TEST_STEP][PASSED] - if (action == "username"): null

2022-01-12 09:14:29 - [TEST_STEP][PASSED] - tap(LOGN_EdtUserID, 0): Tapped on element 'Object Repository/Mobile/Page/Login/Input - UserID'

2022-01-12 09:14:29 - [MESSAGE][WARNING] - Timeout '0' is invalid. Using default page load timeout: '60'

2022-01-12 09:14:30 - [MESSAGE][PASSED] - Tapped on element 'Object Repository/Mobile/Page/Login/Input - UserID'

2022-01-12 09:14:30 - [TEST_STEP][PASSED] - delay(1): Delayed 1 second(s)

2022-01-12 09:14:31 - [MESSAGE][PASSED] - Delayed 1 second(s)

2022-01-12 09:14:31 - [TEST_STEP][PASSED] - setText(LOGN_EdtRdyUserID, "anggaaditya", 0): Text 'anggaaditya' has been set to element 'Object Repository/Mobile/Page/Login/Input Rdy - UserID'

2022-01-12 09:14:31 - [MESSAGE][WARNING] - Timeout '0' is invalid. Using default page load timeout: '60'

2022-01-12 09:14:32 - [MESSAGE][PASSED] - Text 'anggaaditya' has been set to element 'Object Repository/Mobile/Page/Login/Input Rdy - UserID'

2022-01-12 09:14:32 - [TEST_STEP][PASSED] - delay(1): Delayed 1 second(s)

2022-01-12 09:14:33 - [MESSAGE][PASSED] - Delayed 1 second(s)

2022-01-12 09:14:33 - [TEST_STEP][PASSED] - hideKeyboard(): Keyboard is hidden

2022-01-12 09:14:37 - [MESSAGE][PASSED] - Keyboard is hidden

2022-01-12 09:14:37 - [TEST_STEP][PASSED] - tap(LOGN_EdtPassword, 0): Tapped on element 'Object Repository/Mobile/Page/Login/Input - Password'

2022-01-12 09:14:37 - [MESSAGE][WARNING] - Timeout '0' is invalid. Using default page load timeout: '60'

2022-01-12 09:14:37 - [MESSAGE][PASSED] - Tapped on element 'Object Repository/Mobile/Page/Login/Input - Password'

2022-01-12 09:14:37 - [TEST_STEP][PASSED] - delay(1): Delayed 1 second(s)

2022-01-12 09:14:38 - [MESSAGE][PASSED] - Delayed 1 second(s)

2022-01-12 09:14:38 - [TEST_STEP][PASSED] - setText(LOGN_EdtRdyPassword, "Shalawa18", 0): Text 'Shalawa18' has been set to element 'Object Repository/Mobile/Page/Login/Input Rdy - Password'

2022-01-12 09:14:38 - [MESSAGE][WARNING] - Timeout '0' is invalid. Using default page load timeout: '60'

2022-01-12 09:14:39 - [MESSAGE][PASSED] - Text 'Shalawa18' has been set to element 'Object Repository/Mobile/Page/Login/Input Rdy - Password'

2022-01-12 09:14:39 - [TEST_STEP][PASSED] - delay(1): Delayed 1 second(s)

2022-01-12 09:14:40 - [MESSAGE][PASSED] - Delayed 1 second(s)

2022-01-12 09:14:40 - [TEST_STEP][PASSED] - hideKeyboard(): Keyboard is hidden

2022-01-12 09:14:47 - [MESSAGE][PASSED] - Keyboard is hidden

2022-01-12 09:14:47 - [TEST_STEP][PASSED] - tap(LOGN_BtnLogin, 0): Tapped on element 'Object Repository/Mobile/Page/Login/Button - Login'

2022-01-12 09:14:47 - [MESSAGE][WARNING] - Timeout '0' is invalid. Using default page load timeout: '60'

2022-01-12 09:14:48 - [MESSAGE][PASSED] - Tapped on element 'Object Repository/Mobile/Page/Login/Button - Login'

2022-01-12 09:14:48 - [TEST_STEP][PASSED] - delay(2): Delayed 2 second(s)

2022-01-12 09:14:50 - [MESSAGE][PASSED] - Delayed 2 second(s)

2022-01-12 09:14:50 - [TEST_STEP][PASSED] - break: null

2022-01-12 09:14:50 - [MESSAGE][PASSED] - Call Test Case 'Test Cases/Mobile/Page/Login/Login' successfully

2022-01-12 09:14:50 - [MESSAGE][PASSED] - Call Test Case 'Test Cases/Mobile/Page/CheckLogin' successfully

2022-01-12 09:14:50 - [TEST_STEP][PASSED] - tap(HOME_MenubarPortfolio, 0): Tapped on element 'Object Repository/Mobile/Page/Home/Menubar - Portfolio'

2022-01-12 09:14:50 - [MESSAGE][WARNING] - Timeout '0' is invalid. Using default page load timeout: '60'

2022-01-12 09:14:51 - [MESSAGE][PASSED] - Tapped on element 'Object Repository/Mobile/Page/Home/Menubar - Portfolio'

2022-01-12 09:14:51 - [TEST_STEP][PASSED] - delay(1): Delayed 1 second(s)

2022-01-12 09:14:52 - [MESSAGE][PASSED] - Delayed 1 second(s)

2022-01-12 09:14:52 - [TEST_STEP][PASSED] - for ([i = 0, i < 1, (i++)]): scroll.scroll.scrollScreenBottomToTop is PASSED

2022-01-12 09:14:52 - [TEST_STEP][PASSED] - if (tab == "summary"): null

2022-01-12 09:14:52 - [TEST_STEP][PASSED] - else if (tab == "stock"): null

2022-01-12 09:14:52 - [TEST_STEP][PASSED] - else if (tab == "mutualfund"): scroll.scroll.scrollScreenBottomToTop is PASSED

2022-01-12 09:14:52 - [TEST_STEP][PASSED] - tap(PORT_TabMutualFund, 0): Tapped on element 'Object Repository/Mobile/Page/Portfolio/Tab - Mutual Fund'

2022-01-12 09:14:52 - [MESSAGE][WARNING] - Timeout '0' is invalid. Using default page load timeout: '60'

2022-01-12 09:14:54 - [MESSAGE][PASSED] - Tapped on element 'Object Repository/Mobile/Page/Portfolio/Tab - Mutual Fund'

2022-01-12 09:14:54 - [TEST_STEP][PASSED] - delay(1): Delayed 1 second(s)

2022-01-12 09:14:55 - [MESSAGE][PASSED] - Delayed 1 second(s)

2022-01-12 09:14:55 - [TEST_STEP][PASSED] - try: scroll.scroll.scrollScreenBottomToTop is PASSED

2022-01-12 09:14:55 - [TEST_STEP][PASSED] - tapAndHold(PORT_ItemTopMutualFund, 1, 10): Tapped and held on element 'Object Repository/Mobile/Page/Portfolio/Item - Top Mutual Fund' with duration 1

2022-01-12 09:14:58 - [MESSAGE][PASSED] - Tapped and held on element 'Object Repository/Mobile/Page/Portfolio/Item - Top Mutual Fund' with duration 1

2022-01-12 09:14:58 - [TEST_STEP][PASSED] - delay(2): Delayed 2 second(s)

2022-01-12 09:15:00 - [MESSAGE][PASSED] - Delayed 2 second(s)

2022-01-12 09:15:00 - [TEST_STEP][PASSED] - switch (action2): null

2022-01-12 09:15:00 - [TEST_STEP][PASSED] - case "5 year":: null

2022-01-12 09:15:00 - [TEST_STEP][PASSED] - tapAndHold(PORT_DETL_Btn5Year, 1, 0): Tapped and held on element 'Object Repository/Mobile/Page/Portfolio/Detail Mutual Funds/Button - 5 Year' with duration 1

2022-01-12 09:15:00 - [MESSAGE][WARNING] - Timeout '0' is invalid. Using default page load timeout: '60'

2022-01-12 09:15:03 - [MESSAGE][PASSED] - Tapped and held on element 'Object Repository/Mobile/Page/Portfolio/Detail Mutual Funds/Button - 5 Year' with duration 1

2022-01-12 09:15:03 - [TEST_STEP][PASSED] - break: null

2022-01-12 09:15:03 - [TEST_STEP][PASSED] - delay(3): Delayed 3 second(s)

2022-01-12 09:15:06 - [MESSAGE][PASSED] - Delayed 3 second(s)

2022-01-12 09:15:06 - [TEST_STEP][PASSED] - scroll.scroll.scrollScreenBottomToTop(): scroll.scroll.scrollScreenBottomToTop is PASSED

2022-01-12 09:15:06 - [MESSAGE][PASSED] - Current device physical height is 1423

2022-01-12 09:15:07 - [MESSAGE][PASSED] - Current device physical width is 720

2022-01-12 09:15:08 - [MESSAGE][PASSED] - Swiped from 360,1,138 to 360,284

2022-01-12 09:15:08 - [MESSAGE][PASSED] - scroll.scroll.scrollScreenBottomToTop is PASSED

2022-01-12 09:15:08 - [MESSAGE][PASSED] - Call Test Case 'Test Cases/Mobile/Page/Portfolio/Portfolio' successfully

2022-01-12 09:15:08 - [TEST_STEP][PASSED] - callTestCase(findTestCase("Mobile/Page/Run App/Terminate App"), [:], STOP_ON_FAILURE): Call Test Case 'Test Cases/Mobile/Page/Run App/Terminate App' successfully

2022-01-12 09:15:08 - [TEST_CASE][PASSED] - Test Cases/Mobile/Page/Run App/Terminate App: Test Cases/Mobile/Page/Run App/Terminate App

2022-01-12 09:15:08 - [TEST_STEP][PASSED] - startApp.OpenApp.terminateApplication(): startApp.OpenApp.terminateApplication is PASSED

2022-01-12 09:15:11 - [MESSAGE][PASSED] - Delayed 3 second(s)

2022-01-12 09:15:11 - [MESSAGE][PASSED] - Current device physical width is 720

2022-01-12 09:15:12 - [MESSAGE][PASSED] - Current device physical height is 1423

2022-01-12 09:15:13 - [MESSAGE][PASSED] - Swiped from 360,853 to 360,142

2022-01-12 09:15:14 - [MESSAGE][PASSED] - Delayed 1 second(s)

2022-01-12 09:15:15 - [MESSAGE][PASSED] - Swiped from 360,853 to 360,142

2022-01-12 09:15:18 - [MESSAGE][PASSED] - Delayed 3 second(s)

2022-01-12 09:15:18 - [MESSAGE][PASSED] - startApp.OpenApp.terminateApplication is PASSED

2022-01-12 09:15:18 - [MESSAGE][PASSED] - Call Test Case 'Test Cases/Mobile/Page/Run App/Terminate App' successfully]]></system-out>
         <system-err><![CDATA[]]></system-err>
      </testcase>
      <testcase name="Test Cases/Mobile/Scenario/Portfolio/019 - Melihat detail mutual fund 10 year" time="67.377" classname="Test Cases/Mobile/Scenario/Portfolio/019 - Melihat detail mutual fund 10 year" status="PASSED">
         <system-out><![CDATA[2022-01-12 09:15:18 - [TEST_CASE][PASSED] - Test Cases/Mobile/Scenario/Portfolio/019 - Melihat detail mutual fund 10 year: Test Cases/Mobile/Scenario/Portfolio/019 - Melihat detail mutual fund 10 year

2022-01-12 09:15:19 - [TEST_STEP][PASSED] - callTestCase(findTestCase("Mobile/Page/Run App/Run App byID"), [:], STOP_ON_FAILURE): Call Test Case 'Test Cases/Mobile/Page/Run App/Run App byID' successfully

2022-01-12 09:15:19 - [TEST_CASE][PASSED] - Test Cases/Mobile/Page/Run App/Run App byID: Test Cases/Mobile/Page/Run App/Run App byID

2022-01-12 09:15:19 - [TEST_STEP][PASSED] - startApp.OpenApp.startApplication("id.co.miraeasset.sageclub"): startApp.OpenApp.startApplication is PASSED

2022-01-12 09:15:33 - [MESSAGE][PASSED] - Starting app with application ID: 'id.co.miraeasset.sageclub'

2022-01-12 09:15:33 - [MESSAGE][PASSED] - startApp.OpenApp.startApplication is PASSED

2022-01-12 09:15:33 - [MESSAGE][PASSED] - Call Test Case 'Test Cases/Mobile/Page/Run App/Run App byID' successfully

2022-01-12 09:15:33 - [TEST_STEP][PASSED] - callTestCase(findTestCase("Mobile/Page/Portfolio/Portfolio"), ["tab":"mutualfund", "action2":"10 year"], CONTINUE_ON_FAILURE): Call Test Case 'Test Cases/Mobile/Page/Portfolio/Portfolio' successfully

2022-01-12 09:15:33 - [TEST_CASE][PASSED] - Test Cases/Mobile/Page/Portfolio/Portfolio: Test Cases/Mobile/Page/Portfolio/Portfolio

2022-01-12 09:15:33 - [TEST_STEP][PASSED] - callTestCase(findTestCase("Mobile/Page/CheckLogin"), [:], CONTINUE_ON_FAILURE): Call Test Case 'Test Cases/Mobile/Page/CheckLogin' successfully

2022-01-12 09:15:33 - [TEST_CASE][PASSED] - Test Cases/Mobile/Page/CheckLogin: Test Cases/Mobile/Page/CheckLogin

2022-01-12 09:15:33 - [TEST_STEP][PASSED] - loginCheck = verifyElementExist(LOGN_BtnLogin, 5, CONTINUE_ON_FAILURE): Element 'Object Repository/Mobile/Page/Login/Button - Login' is exist

2022-01-12 09:15:34 - [MESSAGE][PASSED] - Element 'Object Repository/Mobile/Page/Login/Button - Login' is exist

2022-01-12 09:15:34 - [TEST_STEP][PASSED] - if (loginCheck): Call Test Case 'Test Cases/Mobile/Page/Login/Login' successfully

2022-01-12 09:15:34 - [TEST_STEP][PASSED] - callTestCase(findTestCase("Mobile/Page/Login/Login"), ["action":"username"], CONTINUE_ON_FAILURE): Call Test Case 'Test Cases/Mobile/Page/Login/Login' successfully

2022-01-12 09:15:34 - [TEST_CASE][PASSED] - Test Cases/Mobile/Page/Login/Login: Test Cases/Mobile/Page/Login/Login

2022-01-12 09:15:34 - [TEST_STEP][PASSED] - delay(2): Delayed 2 second(s)

2022-01-12 09:15:36 - [MESSAGE][PASSED] - Delayed 2 second(s)

2022-01-12 09:15:36 - [TEST_STEP][PASSED] - for ([i = 0, i < 1, (i++)]): null

2022-01-12 09:15:36 - [TEST_STEP][PASSED] - if (action == "username"): null

2022-01-12 09:15:36 - [TEST_STEP][PASSED] - tap(LOGN_EdtUserID, 0): Tapped on element 'Object Repository/Mobile/Page/Login/Input - UserID'

2022-01-12 09:15:36 - [MESSAGE][WARNING] - Timeout '0' is invalid. Using default page load timeout: '60'

2022-01-12 09:15:38 - [MESSAGE][PASSED] - Tapped on element 'Object Repository/Mobile/Page/Login/Input - UserID'

2022-01-12 09:15:38 - [TEST_STEP][PASSED] - delay(1): Delayed 1 second(s)

2022-01-12 09:15:39 - [MESSAGE][PASSED] - Delayed 1 second(s)

2022-01-12 09:15:39 - [TEST_STEP][PASSED] - setText(LOGN_EdtRdyUserID, "anggaaditya", 0): Text 'anggaaditya' has been set to element 'Object Repository/Mobile/Page/Login/Input Rdy - UserID'

2022-01-12 09:15:39 - [MESSAGE][WARNING] - Timeout '0' is invalid. Using default page load timeout: '60'

2022-01-12 09:15:40 - [MESSAGE][PASSED] - Text 'anggaaditya' has been set to element 'Object Repository/Mobile/Page/Login/Input Rdy - UserID'

2022-01-12 09:15:40 - [TEST_STEP][PASSED] - delay(1): Delayed 1 second(s)

2022-01-12 09:15:41 - [MESSAGE][PASSED] - Delayed 1 second(s)

2022-01-12 09:15:41 - [TEST_STEP][PASSED] - hideKeyboard(): Keyboard is hidden

2022-01-12 09:15:45 - [MESSAGE][PASSED] - Keyboard is hidden

2022-01-12 09:15:45 - [TEST_STEP][PASSED] - tap(LOGN_EdtPassword, 0): Tapped on element 'Object Repository/Mobile/Page/Login/Input - Password'

2022-01-12 09:15:45 - [MESSAGE][WARNING] - Timeout '0' is invalid. Using default page load timeout: '60'

2022-01-12 09:15:45 - [MESSAGE][PASSED] - Tapped on element 'Object Repository/Mobile/Page/Login/Input - Password'

2022-01-12 09:15:45 - [TEST_STEP][PASSED] - delay(1): Delayed 1 second(s)

2022-01-12 09:15:46 - [MESSAGE][PASSED] - Delayed 1 second(s)

2022-01-12 09:15:46 - [TEST_STEP][PASSED] - setText(LOGN_EdtRdyPassword, "Shalawa18", 0): Text 'Shalawa18' has been set to element 'Object Repository/Mobile/Page/Login/Input Rdy - Password'

2022-01-12 09:15:46 - [MESSAGE][WARNING] - Timeout '0' is invalid. Using default page load timeout: '60'

2022-01-12 09:15:47 - [MESSAGE][PASSED] - Text 'Shalawa18' has been set to element 'Object Repository/Mobile/Page/Login/Input Rdy - Password'

2022-01-12 09:15:47 - [TEST_STEP][PASSED] - delay(1): Delayed 1 second(s)

2022-01-12 09:15:48 - [MESSAGE][PASSED] - Delayed 1 second(s)

2022-01-12 09:15:48 - [TEST_STEP][PASSED] - hideKeyboard(): Keyboard is hidden

2022-01-12 09:15:55 - [MESSAGE][PASSED] - Keyboard is hidden

2022-01-12 09:15:55 - [TEST_STEP][PASSED] - tap(LOGN_BtnLogin, 0): Tapped on element 'Object Repository/Mobile/Page/Login/Button - Login'

2022-01-12 09:15:55 - [MESSAGE][WARNING] - Timeout '0' is invalid. Using default page load timeout: '60'

2022-01-12 09:15:56 - [MESSAGE][PASSED] - Tapped on element 'Object Repository/Mobile/Page/Login/Button - Login'

2022-01-12 09:15:56 - [TEST_STEP][PASSED] - delay(2): Delayed 2 second(s)

2022-01-12 09:15:58 - [MESSAGE][PASSED] - Delayed 2 second(s)

2022-01-12 09:15:58 - [TEST_STEP][PASSED] - break: null

2022-01-12 09:15:58 - [MESSAGE][PASSED] - Call Test Case 'Test Cases/Mobile/Page/Login/Login' successfully

2022-01-12 09:15:58 - [MESSAGE][PASSED] - Call Test Case 'Test Cases/Mobile/Page/CheckLogin' successfully

2022-01-12 09:15:58 - [TEST_STEP][PASSED] - tap(HOME_MenubarPortfolio, 0): Tapped on element 'Object Repository/Mobile/Page/Home/Menubar - Portfolio'

2022-01-12 09:15:58 - [MESSAGE][WARNING] - Timeout '0' is invalid. Using default page load timeout: '60'

2022-01-12 09:15:58 - [MESSAGE][PASSED] - Tapped on element 'Object Repository/Mobile/Page/Home/Menubar - Portfolio'

2022-01-12 09:15:58 - [TEST_STEP][PASSED] - delay(1): Delayed 1 second(s)

2022-01-12 09:15:59 - [MESSAGE][PASSED] - Delayed 1 second(s)

2022-01-12 09:15:59 - [TEST_STEP][PASSED] - for ([i = 0, i < 1, (i++)]): scroll.scroll.scrollScreenBottomToTop is PASSED

2022-01-12 09:15:59 - [TEST_STEP][PASSED] - if (tab == "summary"): null

2022-01-12 09:15:59 - [TEST_STEP][PASSED] - else if (tab == "stock"): null

2022-01-12 09:15:59 - [TEST_STEP][PASSED] - else if (tab == "mutualfund"): scroll.scroll.scrollScreenBottomToTop is PASSED

2022-01-12 09:15:59 - [TEST_STEP][PASSED] - tap(PORT_TabMutualFund, 0): Tapped on element 'Object Repository/Mobile/Page/Portfolio/Tab - Mutual Fund'

2022-01-12 09:15:59 - [MESSAGE][WARNING] - Timeout '0' is invalid. Using default page load timeout: '60'

2022-01-12 09:16:02 - [MESSAGE][PASSED] - Tapped on element 'Object Repository/Mobile/Page/Portfolio/Tab - Mutual Fund'

2022-01-12 09:16:02 - [TEST_STEP][PASSED] - delay(1): Delayed 1 second(s)

2022-01-12 09:16:03 - [MESSAGE][PASSED] - Delayed 1 second(s)

2022-01-12 09:16:03 - [TEST_STEP][PASSED] - try: scroll.scroll.scrollScreenBottomToTop is PASSED

2022-01-12 09:16:03 - [TEST_STEP][PASSED] - tapAndHold(PORT_ItemTopMutualFund, 1, 10): Tapped and held on element 'Object Repository/Mobile/Page/Portfolio/Item - Top Mutual Fund' with duration 1

2022-01-12 09:16:05 - [MESSAGE][PASSED] - Tapped and held on element 'Object Repository/Mobile/Page/Portfolio/Item - Top Mutual Fund' with duration 1

2022-01-12 09:16:05 - [TEST_STEP][PASSED] - delay(2): Delayed 2 second(s)

2022-01-12 09:16:08 - [MESSAGE][PASSED] - Delayed 2 second(s)

2022-01-12 09:16:08 - [TEST_STEP][PASSED] - switch (action2): null

2022-01-12 09:16:08 - [TEST_STEP][PASSED] - case "10 year":: null

2022-01-12 09:16:08 - [TEST_STEP][PASSED] - tapAndHold(PORT_DETL_Btn10Year, 1, 0): Tapped and held on element 'Object Repository/Mobile/Page/Portfolio/Detail Mutual Funds/Button - 10 Year' with duration 1

2022-01-12 09:16:08 - [MESSAGE][WARNING] - Timeout '0' is invalid. Using default page load timeout: '60'

2022-01-12 09:16:10 - [MESSAGE][PASSED] - Tapped and held on element 'Object Repository/Mobile/Page/Portfolio/Detail Mutual Funds/Button - 10 Year' with duration 1

2022-01-12 09:16:10 - [TEST_STEP][PASSED] - break: null

2022-01-12 09:16:10 - [TEST_STEP][PASSED] - delay(3): Delayed 3 second(s)

2022-01-12 09:16:13 - [MESSAGE][PASSED] - Delayed 3 second(s)

2022-01-12 09:16:13 - [TEST_STEP][PASSED] - scroll.scroll.scrollScreenBottomToTop(): scroll.scroll.scrollScreenBottomToTop is PASSED

2022-01-12 09:16:14 - [MESSAGE][PASSED] - Current device physical height is 1423

2022-01-12 09:16:14 - [MESSAGE][PASSED] - Current device physical width is 720

2022-01-12 09:16:15 - [MESSAGE][PASSED] - Swiped from 360,1,138 to 360,284

2022-01-12 09:16:15 - [MESSAGE][PASSED] - scroll.scroll.scrollScreenBottomToTop is PASSED

2022-01-12 09:16:15 - [MESSAGE][PASSED] - Call Test Case 'Test Cases/Mobile/Page/Portfolio/Portfolio' successfully

2022-01-12 09:16:15 - [TEST_STEP][PASSED] - callTestCase(findTestCase("Mobile/Page/Run App/Terminate App"), [:], STOP_ON_FAILURE): Call Test Case 'Test Cases/Mobile/Page/Run App/Terminate App' successfully

2022-01-12 09:16:15 - [TEST_CASE][PASSED] - Test Cases/Mobile/Page/Run App/Terminate App: Test Cases/Mobile/Page/Run App/Terminate App

2022-01-12 09:16:15 - [TEST_STEP][PASSED] - startApp.OpenApp.terminateApplication(): startApp.OpenApp.terminateApplication is PASSED

2022-01-12 09:16:18 - [MESSAGE][PASSED] - Delayed 3 second(s)

2022-01-12 09:16:19 - [MESSAGE][PASSED] - Current device physical width is 720

2022-01-12 09:16:19 - [MESSAGE][PASSED] - Current device physical height is 1423

2022-01-12 09:16:20 - [MESSAGE][PASSED] - Swiped from 360,853 to 360,142

2022-01-12 09:16:21 - [MESSAGE][PASSED] - Delayed 1 second(s)

2022-01-12 09:16:23 - [MESSAGE][PASSED] - Swiped from 360,853 to 360,142

2022-01-12 09:16:26 - [MESSAGE][PASSED] - Delayed 3 second(s)

2022-01-12 09:16:26 - [MESSAGE][PASSED] - startApp.OpenApp.terminateApplication is PASSED

2022-01-12 09:16:26 - [MESSAGE][PASSED] - Call Test Case 'Test Cases/Mobile/Page/Run App/Terminate App' successfully]]></system-out>
         <system-err><![CDATA[]]></system-err>
      </testcase>
      <system-out><![CDATA[2022-01-12 08:55:28 - [TEST_SUITE][PASSED] - portfolio: Test Cases/Mobile/Scenario/Portfolio/019 - Melihat detail mutual fund 10 year]]></system-out>
      <system-err><![CDATA[]]></system-err>
   </testsuite>
</testsuites>
