<?xml version="1.0" encoding="UTF-8"?>
<testsuites name="news" time="319.987" tests="5" failures="0" skips="0" errors="0">
   <testsuite name="news" tests="5" failures="0" errors="0" time="319.987" skips="0" timestamp="2022-02-15 09:13:42" hostname="Owner - aldy-tft" id="Test Suites/news">
      <properties>
         <property name="deviceName" value="samsung SM-A205F (Android 11)"/>
         <property name="devicePlatform" value=""/>
         <property name="logFolder" value="C:\\Users\\Owner\\Documents\\kerjaan\\KatalonProject\\qa_katalon_pwm\\qa_katalon_pwm\\Reports\\20220215_084255\\news\\20220215_084310"/>
         <property name="logFiles" value="C:\\Users\\Owner\\Documents\\kerjaan\\KatalonProject\\qa_katalon_pwm\\qa_katalon_pwm\\Reports\\20220215_084255\\news\\20220215_084310\\appium.log, C:\\Users\\Owner\\Documents\\kerjaan\\KatalonProject\\qa_katalon_pwm\\qa_katalon_pwm\\Reports\\20220215_084255\\news\\20220215_084310\\execution0.log"/>
         <property name="attachments" value=""/>
         <property name="hostName" value="Owner - aldy-tft"/>
         <property name="os" value="Windows 10 64bit"/>
         <property name="appiumServerStatus" value="{&quot;value&quot;:{&quot;build&quot;:{&quot;version&quot;:&quot;1.22.0&quot;}},&quot;sessionId&quot;:null,&quot;status&quot;:0}"/>
         <property name="katalonVersion" value="7.9.1.208"/>
         <property name="deviceOS" value="Android"/>
         <property name="appiumVersion" value="1.22.0"/>
         <property name="deviceModel" value="SM-A205F"/>
         <property name="hostAddress" value="192.168.100.33"/>
         <property name="deviceManufacturer" value="samsung"/>
         <property name="deviceId" value="RR8M40C9AXE"/>
         <property name="deviceName" value="samsung SM-A205F (Android 11)"/>
         <property name="deviceOSVersion" value="11"/>
      </properties>
      <testcase name="Test Cases/Mobile/Scenario/News/001 - News World Indices" time="86.534" classname="Test Cases/Mobile/Scenario/News/001 - News World Indices" status="PASSED">
         <system-out><![CDATA[2022-02-15 09:13:42 - [TEST_CASE][PASSED] - Test Cases/Mobile/Scenario/News/001 - News World Indices: Test Cases/Mobile/Scenario/News/001 - News World Indices

2022-02-15 09:13:43 - [TEST_STEP][PASSED] - callTestCase(findTestCase("Mobile/Page/Run App/Run App byID"), [:], STOP_ON_FAILURE): Call Test Case 'Test Cases/Mobile/Page/Run App/Run App byID' successfully

2022-02-15 09:13:43 - [TEST_CASE][PASSED] - Test Cases/Mobile/Page/Run App/Run App byID: Test Cases/Mobile/Page/Run App/Run App byID

2022-02-15 09:13:43 - [TEST_STEP][PASSED] - startApp.OpenApp.startApplication("id.co.miraeasset.sageclub"): startApp.OpenApp.startApplication is PASSED

2022-02-15 09:13:45 - [MESSAGE][INFO] - Appium server started on port 57,454

2022-02-15 09:13:59 - [MESSAGE][PASSED] - Starting app with application ID: 'id.co.miraeasset.sageclub'

2022-02-15 09:13:59 - [MESSAGE][PASSED] - startApp.OpenApp.startApplication is PASSED

2022-02-15 09:13:59 - [MESSAGE][PASSED] - Call Test Case 'Test Cases/Mobile/Page/Run App/Run App byID' successfully

2022-02-15 09:13:59 - [TEST_STEP][PASSED] - callTestCase(findTestCase("Mobile/Page/News/News"), ["tab":"worldindices"], CONTINUE_ON_FAILURE): Call Test Case 'Test Cases/Mobile/Page/News/News' successfully

2022-02-15 09:13:59 - [TEST_CASE][PASSED] - Test Cases/Mobile/Page/News/News: Test Cases/Mobile/Page/News/News

2022-02-15 09:14:00 - [TEST_STEP][PASSED] - callTestCase(findTestCase("Mobile/Page/CheckLogin"), [:], CONTINUE_ON_FAILURE): Call Test Case 'Test Cases/Mobile/Page/CheckLogin' successfully

2022-02-15 09:14:00 - [TEST_CASE][PASSED] - Test Cases/Mobile/Page/CheckLogin: Test Cases/Mobile/Page/CheckLogin

2022-02-15 09:14:00 - [TEST_STEP][PASSED] - loginCheck = verifyElementExist(LOGN_BtnLogin, 5, CONTINUE_ON_FAILURE): Element 'Object Repository/Mobile/Page/Login/Button - Login' is exist

2022-02-15 09:14:02 - [MESSAGE][WARNING] - Test object with id 'Object Repository/Mobile/Page/Home/Button -  Add Watchlist' does not exist

2022-02-15 09:14:02 - [MESSAGE][WARNING] - Test object with id 'Object Repository/Mobile/Page/Home/Button - Open with Just Once' does not exist

2022-02-15 09:14:02 - [MESSAGE][WARNING] - Test object with id 'Object Repository/Mobile/Page/Home/Container - Notification' does not exist

2022-02-15 09:14:03 - [MESSAGE][WARNING] - Test object with id 'Object Repository/Mobile/Page/Home/Watchlist/Input - Search' does not exist

2022-02-15 09:14:03 - [MESSAGE][WARNING] - Test object with id 'Object Repository/Mobile/Page/Home/Watchlist/Item - Top Search' does not exist

2022-02-15 09:14:03 - [MESSAGE][WARNING] - Test object with id 'Object Repository/Mobile/Page/Home/Watchlist/Detail Watchlist/Item - Watchlist' does not exist

2022-02-15 09:14:10 - [MESSAGE][WARNING] - Test object with id 'Object Repository/Mobile/Page/Home/Button -  Add Watchlist' does not exist

2022-02-15 09:14:10 - [MESSAGE][WARNING] - Test object with id 'Object Repository/Mobile/Page/Home/Button - Open with Just Once' does not exist

2022-02-15 09:14:10 - [MESSAGE][WARNING] - Test object with id 'Object Repository/Mobile/Page/Home/Container - Notification' does not exist

2022-02-15 09:14:11 - [MESSAGE][WARNING] - Test object with id 'Object Repository/Mobile/Page/Home/Watchlist/Input - Search' does not exist

2022-02-15 09:14:11 - [MESSAGE][WARNING] - Test object with id 'Object Repository/Mobile/Page/Home/Watchlist/Item - Top Search' does not exist

2022-02-15 09:14:11 - [MESSAGE][WARNING] - Test object with id 'Object Repository/Mobile/Page/Home/Watchlist/Detail Watchlist/Item - Watchlist' does not exist

2022-02-15 09:14:16 - [MESSAGE][PASSED] - Element 'Object Repository/Mobile/Page/Login/Button - Login' is exist

2022-02-15 09:14:16 - [TEST_STEP][PASSED] - if (loginCheck): Call Test Case 'Test Cases/Mobile/Page/Login/Login' successfully

2022-02-15 09:14:16 - [TEST_STEP][PASSED] - callTestCase(findTestCase("Mobile/Page/Login/Login"), ["action":"username"], CONTINUE_ON_FAILURE): Call Test Case 'Test Cases/Mobile/Page/Login/Login' successfully

2022-02-15 09:14:17 - [TEST_CASE][PASSED] - Test Cases/Mobile/Page/Login/Login: Test Cases/Mobile/Page/Login/Login

2022-02-15 09:14:17 - [TEST_STEP][PASSED] - delay(2): Delayed 2 second(s)

2022-02-15 09:14:19 - [MESSAGE][PASSED] - Delayed 2 second(s)

2022-02-15 09:14:19 - [TEST_STEP][PASSED] - for ([i = 0, i < 1, (i++)]): null

2022-02-15 09:14:19 - [TEST_STEP][PASSED] - if (action == "username"): null

2022-02-15 09:14:19 - [TEST_STEP][PASSED] - tap(LOGN_EdtUserID, 0): Tapped on element 'Object Repository/Mobile/Page/Login/Input - UserID'

2022-02-15 09:14:19 - [MESSAGE][WARNING] - Timeout '0' is invalid. Using default page load timeout: '60'

2022-02-15 09:14:19 - [MESSAGE][PASSED] - Tapped on element 'Object Repository/Mobile/Page/Login/Input - UserID'

2022-02-15 09:14:19 - [TEST_STEP][PASSED] - delay(1): Delayed 1 second(s)

2022-02-15 09:14:20 - [MESSAGE][PASSED] - Delayed 1 second(s)

2022-02-15 09:14:20 - [TEST_STEP][PASSED] - setText(LOGN_EdtRdyUserID, "anggaaditya", 0): Text 'anggaaditya' has been set to element 'Object Repository/Mobile/Page/Login/Input Rdy - UserID'

2022-02-15 09:14:20 - [MESSAGE][WARNING] - Timeout '0' is invalid. Using default page load timeout: '60'

2022-02-15 09:14:21 - [MESSAGE][PASSED] - Text 'anggaaditya' has been set to element 'Object Repository/Mobile/Page/Login/Input Rdy - UserID'

2022-02-15 09:14:21 - [TEST_STEP][PASSED] - delay(1): Delayed 1 second(s)

2022-02-15 09:14:22 - [MESSAGE][PASSED] - Delayed 1 second(s)

2022-02-15 09:14:22 - [TEST_STEP][PASSED] - hideKeyboard(): Keyboard is hidden

2022-02-15 09:14:26 - [MESSAGE][PASSED] - Keyboard is hidden

2022-02-15 09:14:26 - [TEST_STEP][PASSED] - tap(LOGN_EdtPassword, 0): Tapped on element 'Object Repository/Mobile/Page/Login/Input - Password'

2022-02-15 09:14:26 - [MESSAGE][WARNING] - Timeout '0' is invalid. Using default page load timeout: '60'

2022-02-15 09:14:26 - [MESSAGE][PASSED] - Tapped on element 'Object Repository/Mobile/Page/Login/Input - Password'

2022-02-15 09:14:26 - [TEST_STEP][PASSED] - delay(1): Delayed 1 second(s)

2022-02-15 09:14:27 - [MESSAGE][PASSED] - Delayed 1 second(s)

2022-02-15 09:14:27 - [TEST_STEP][PASSED] - setText(LOGN_EdtRdyPassword, "Shalawa18", 0): Text 'Shalawa18' has been set to element 'Object Repository/Mobile/Page/Login/Input Rdy - Password'

2022-02-15 09:14:27 - [MESSAGE][WARNING] - Timeout '0' is invalid. Using default page load timeout: '60'

2022-02-15 09:14:28 - [MESSAGE][PASSED] - Text 'Shalawa18' has been set to element 'Object Repository/Mobile/Page/Login/Input Rdy - Password'

2022-02-15 09:14:28 - [TEST_STEP][PASSED] - delay(1): Delayed 1 second(s)

2022-02-15 09:14:29 - [MESSAGE][PASSED] - Delayed 1 second(s)

2022-02-15 09:14:29 - [TEST_STEP][PASSED] - hideKeyboard(): Keyboard is hidden

2022-02-15 09:14:35 - [MESSAGE][PASSED] - Keyboard is hidden

2022-02-15 09:14:35 - [TEST_STEP][PASSED] - tap(LOGN_BtnLogin, 0): Tapped on element 'Object Repository/Mobile/Page/Login/Button - Login'

2022-02-15 09:14:35 - [MESSAGE][WARNING] - Timeout '0' is invalid. Using default page load timeout: '60'

2022-02-15 09:14:36 - [MESSAGE][PASSED] - Tapped on element 'Object Repository/Mobile/Page/Login/Button - Login'

2022-02-15 09:14:36 - [TEST_STEP][PASSED] - delay(2): Delayed 2 second(s)

2022-02-15 09:14:38 - [MESSAGE][PASSED] - Delayed 2 second(s)

2022-02-15 09:14:38 - [TEST_STEP][PASSED] - break: null

2022-02-15 09:14:38 - [MESSAGE][PASSED] - Call Test Case 'Test Cases/Mobile/Page/Login/Login' successfully

2022-02-15 09:14:38 - [MESSAGE][PASSED] - Call Test Case 'Test Cases/Mobile/Page/CheckLogin' successfully

2022-02-15 09:14:38 - [TEST_STEP][PASSED] - tap(HOME_MenubarNews, 0): Tapped on element 'Object Repository/Mobile/Page/Home/Menubar - News'

2022-02-15 09:14:38 - [MESSAGE][WARNING] - Timeout '0' is invalid. Using default page load timeout: '60'

2022-02-15 09:14:39 - [MESSAGE][PASSED] - Tapped on element 'Object Repository/Mobile/Page/Home/Menubar - News'

2022-02-15 09:14:39 - [TEST_STEP][PASSED] - delay(1): Delayed 1 second(s)

2022-02-15 09:14:40 - [MESSAGE][PASSED] - Delayed 1 second(s)

2022-02-15 09:14:40 - [TEST_STEP][PASSED] - for ([i = 0, i < 1, (i++)]): null

2022-02-15 09:14:40 - [TEST_STEP][PASSED] - if (tab == "macronews"): null

2022-02-15 09:14:40 - [TEST_STEP][PASSED] - else if (tab == "stocknews"): null

2022-02-15 09:14:40 - [TEST_STEP][PASSED] - else if (tab == "fundnews"): null

2022-02-15 09:14:40 - [TEST_STEP][PASSED] - else if (tab == "bondnews"): null

2022-02-15 09:14:40 - [TEST_STEP][PASSED] - else if (tab == "worldindices"): Delayed 3 second(s)

2022-02-15 09:14:40 - [TEST_STEP][PASSED] - scroll.scroll.scrollScreenRightToLeft(NEWS_TabMacro): scroll.scroll.scrollScreenRightToLeft is PASSED

2022-02-15 09:14:40 - [MESSAGE][WARNING] - Timeout '0' is invalid. Using default page load timeout: '60'

2022-02-15 09:14:40 - [MESSAGE][PASSED] - Object 'Object Repository/Mobile/Page/News/Tab - Macro' has left position '14'

2022-02-15 09:14:40 - [MESSAGE][WARNING] - Timeout '0' is invalid. Using default page load timeout: '60'

2022-02-15 09:14:40 - [MESSAGE][PASSED] - Object 'Object Repository/Mobile/Page/News/Tab - Macro' has top position '245'

2022-02-15 09:14:40 - [MESSAGE][WARNING] - Timeout '0' is invalid. Using default page load timeout: '60'

2022-02-15 09:14:41 - [MESSAGE][PASSED] - Object 'Object Repository/Mobile/Page/News/Tab - Macro' has width: '215'

2022-02-15 09:14:41 - [MESSAGE][WARNING] - Timeout '0' is invalid. Using default page load timeout: '60'

2022-02-15 09:14:41 - [MESSAGE][PASSED] - Object 'Object Repository/Mobile/Page/News/Tab - Macro' has height: '84'

2022-02-15 09:14:41 - [MESSAGE][PASSED] - Current device physical width is 720

2022-02-15 09:14:42 - [MESSAGE][PASSED] - Swiped from 620,287 to 100,287

2022-02-15 09:14:42 - [MESSAGE][PASSED] - scroll.scroll.scrollScreenRightToLeft is PASSED

2022-02-15 09:14:42 - [TEST_STEP][PASSED] - delay(1): Delayed 1 second(s)

2022-02-15 09:14:43 - [MESSAGE][PASSED] - Delayed 1 second(s)

2022-02-15 09:14:43 - [TEST_STEP][PASSED] - tap(NEWS_TabWorldIndices, 0): Tapped on element 'Object Repository/Mobile/Page/News/Tab - World Indices'

2022-02-15 09:14:43 - [MESSAGE][WARNING] - Timeout '0' is invalid. Using default page load timeout: '60'

2022-02-15 09:14:44 - [MESSAGE][PASSED] - Tapped on element 'Object Repository/Mobile/Page/News/Tab - World Indices'

2022-02-15 09:14:44 - [TEST_STEP][PASSED] - delay(1): Delayed 1 second(s)

2022-02-15 09:14:45 - [MESSAGE][PASSED] - Delayed 1 second(s)

2022-02-15 09:14:46 - [TEST_STEP][PASSED] - tap(NEWS_BtnIndices, 0): Tapped on element 'Object Repository/Mobile/Page/News/Button - Indices'

2022-02-15 09:14:46 - [MESSAGE][WARNING] - Timeout '0' is invalid. Using default page load timeout: '60'

2022-02-15 09:14:46 - [MESSAGE][PASSED] - Tapped on element 'Object Repository/Mobile/Page/News/Button - Indices'

2022-02-15 09:14:46 - [TEST_STEP][PASSED] - delay(3): Delayed 3 second(s)

2022-02-15 09:14:49 - [MESSAGE][PASSED] - Delayed 3 second(s)

2022-02-15 09:14:49 - [TEST_STEP][PASSED] - tap(NEWS_BtnCurrencies, 0): Tapped on element 'Object Repository/Mobile/Page/News/Button - Currencies'

2022-02-15 09:14:49 - [MESSAGE][WARNING] - Timeout '0' is invalid. Using default page load timeout: '60'

2022-02-15 09:14:50 - [MESSAGE][PASSED] - Tapped on element 'Object Repository/Mobile/Page/News/Button - Currencies'

2022-02-15 09:14:50 - [TEST_STEP][PASSED] - delay(3): Delayed 3 second(s)

2022-02-15 09:14:53 - [MESSAGE][PASSED] - Delayed 3 second(s)

2022-02-15 09:14:53 - [TEST_STEP][PASSED] - tap(NEWS_BtnCommodities, 0): Tapped on element 'Object Repository/Mobile/Page/News/Button - Commodities'

2022-02-15 09:14:53 - [MESSAGE][WARNING] - Timeout '0' is invalid. Using default page load timeout: '60'

2022-02-15 09:14:54 - [MESSAGE][PASSED] - Tapped on element 'Object Repository/Mobile/Page/News/Button - Commodities'

2022-02-15 09:14:54 - [TEST_STEP][PASSED] - delay(3): Delayed 3 second(s)

2022-02-15 09:14:57 - [MESSAGE][PASSED] - Delayed 3 second(s)

2022-02-15 09:14:57 - [TEST_STEP][PASSED] - delay(1): Delayed 1 second(s)

2022-02-15 09:14:58 - [MESSAGE][PASSED] - Delayed 1 second(s)

2022-02-15 09:14:58 - [TEST_STEP][PASSED] - if (tab != "worldindices"): null

2022-02-15 09:14:58 - [MESSAGE][PASSED] - Call Test Case 'Test Cases/Mobile/Page/News/News' successfully

2022-02-15 09:14:58 - [TEST_STEP][PASSED] - callTestCase(findTestCase("Mobile/Page/Run App/Terminate App"), [:], STOP_ON_FAILURE): Call Test Case 'Test Cases/Mobile/Page/Run App/Terminate App' successfully

2022-02-15 09:14:59 - [TEST_CASE][PASSED] - Test Cases/Mobile/Page/Run App/Terminate App: Test Cases/Mobile/Page/Run App/Terminate App

2022-02-15 09:14:59 - [TEST_STEP][PASSED] - startApp.OpenApp.terminateApplication(): startApp.OpenApp.terminateApplication is PASSED

2022-02-15 09:15:02 - [MESSAGE][PASSED] - Delayed 3 second(s)

2022-02-15 09:15:02 - [MESSAGE][PASSED] - Current device physical width is 720

2022-02-15 09:15:02 - [MESSAGE][PASSED] - Current device physical height is 1423

2022-02-15 09:15:04 - [MESSAGE][PASSED] - Swiped from 360,853 to 360,142

2022-02-15 09:15:05 - [MESSAGE][PASSED] - Delayed 1 second(s)

2022-02-15 09:15:06 - [MESSAGE][PASSED] - Swiped from 360,853 to 360,142

2022-02-15 09:15:09 - [MESSAGE][PASSED] - Delayed 3 second(s)

2022-02-15 09:15:09 - [MESSAGE][PASSED] - startApp.OpenApp.terminateApplication is PASSED

2022-02-15 09:15:09 - [MESSAGE][PASSED] - Call Test Case 'Test Cases/Mobile/Page/Run App/Terminate App' successfully]]></system-out>
         <system-err><![CDATA[]]></system-err>
      </testcase>
      <testcase name="Test Cases/Mobile/Scenario/News/002 - News Stock" time="58.135" classname="Test Cases/Mobile/Scenario/News/002 - News Stock" status="PASSED">
         <system-out><![CDATA[2022-02-15 09:15:09 - [TEST_CASE][PASSED] - Test Cases/Mobile/Scenario/News/002 - News Stock: Test Cases/Mobile/Scenario/News/002 - News Stock

2022-02-15 09:15:09 - [TEST_STEP][PASSED] - callTestCase(findTestCase("Mobile/Page/Run App/Run App byID"), [:], STOP_ON_FAILURE): Call Test Case 'Test Cases/Mobile/Page/Run App/Run App byID' successfully

2022-02-15 09:15:09 - [TEST_CASE][PASSED] - Test Cases/Mobile/Page/Run App/Run App byID: Test Cases/Mobile/Page/Run App/Run App byID

2022-02-15 09:15:09 - [TEST_STEP][PASSED] - startApp.OpenApp.startApplication("id.co.miraeasset.sageclub"): startApp.OpenApp.startApplication is PASSED

2022-02-15 09:15:21 - [MESSAGE][PASSED] - Starting app with application ID: 'id.co.miraeasset.sageclub'

2022-02-15 09:15:21 - [MESSAGE][PASSED] - startApp.OpenApp.startApplication is PASSED

2022-02-15 09:15:21 - [MESSAGE][PASSED] - Call Test Case 'Test Cases/Mobile/Page/Run App/Run App byID' successfully

2022-02-15 09:15:21 - [TEST_STEP][PASSED] - callTestCase(findTestCase("Mobile/Page/News/News"), ["tab":"stocknews"], CONTINUE_ON_FAILURE): Call Test Case 'Test Cases/Mobile/Page/News/News' successfully

2022-02-15 09:15:21 - [TEST_CASE][PASSED] - Test Cases/Mobile/Page/News/News: Test Cases/Mobile/Page/News/News

2022-02-15 09:15:21 - [TEST_STEP][PASSED] - callTestCase(findTestCase("Mobile/Page/CheckLogin"), [:], CONTINUE_ON_FAILURE): Call Test Case 'Test Cases/Mobile/Page/CheckLogin' successfully

2022-02-15 09:15:21 - [TEST_CASE][PASSED] - Test Cases/Mobile/Page/CheckLogin: Test Cases/Mobile/Page/CheckLogin

2022-02-15 09:15:21 - [TEST_STEP][PASSED] - loginCheck = verifyElementExist(LOGN_BtnLogin, 5, CONTINUE_ON_FAILURE): Element 'Object Repository/Mobile/Page/Login/Button - Login' is exist

2022-02-15 09:15:23 - [MESSAGE][PASSED] - Element 'Object Repository/Mobile/Page/Login/Button - Login' is exist

2022-02-15 09:15:23 - [TEST_STEP][PASSED] - if (loginCheck): Call Test Case 'Test Cases/Mobile/Page/Login/Login' successfully

2022-02-15 09:15:23 - [TEST_STEP][PASSED] - callTestCase(findTestCase("Mobile/Page/Login/Login"), ["action":"username"], CONTINUE_ON_FAILURE): Call Test Case 'Test Cases/Mobile/Page/Login/Login' successfully

2022-02-15 09:15:23 - [TEST_CASE][PASSED] - Test Cases/Mobile/Page/Login/Login: Test Cases/Mobile/Page/Login/Login

2022-02-15 09:15:23 - [TEST_STEP][PASSED] - delay(2): Delayed 2 second(s)

2022-02-15 09:15:25 - [MESSAGE][PASSED] - Delayed 2 second(s)

2022-02-15 09:15:25 - [TEST_STEP][PASSED] - for ([i = 0, i < 1, (i++)]): null

2022-02-15 09:15:25 - [TEST_STEP][PASSED] - if (action == "username"): null

2022-02-15 09:15:25 - [TEST_STEP][PASSED] - tap(LOGN_EdtUserID, 0): Tapped on element 'Object Repository/Mobile/Page/Login/Input - UserID'

2022-02-15 09:15:25 - [MESSAGE][WARNING] - Timeout '0' is invalid. Using default page load timeout: '60'

2022-02-15 09:15:26 - [MESSAGE][PASSED] - Tapped on element 'Object Repository/Mobile/Page/Login/Input - UserID'

2022-02-15 09:15:26 - [TEST_STEP][PASSED] - delay(1): Delayed 1 second(s)

2022-02-15 09:15:27 - [MESSAGE][PASSED] - Delayed 1 second(s)

2022-02-15 09:15:27 - [TEST_STEP][PASSED] - setText(LOGN_EdtRdyUserID, "anggaaditya", 0): Text 'anggaaditya' has been set to element 'Object Repository/Mobile/Page/Login/Input Rdy - UserID'

2022-02-15 09:15:27 - [MESSAGE][WARNING] - Timeout '0' is invalid. Using default page load timeout: '60'

2022-02-15 09:15:27 - [MESSAGE][PASSED] - Text 'anggaaditya' has been set to element 'Object Repository/Mobile/Page/Login/Input Rdy - UserID'

2022-02-15 09:15:27 - [TEST_STEP][PASSED] - delay(1): Delayed 1 second(s)

2022-02-15 09:15:28 - [MESSAGE][PASSED] - Delayed 1 second(s)

2022-02-15 09:15:28 - [TEST_STEP][PASSED] - hideKeyboard(): Keyboard is hidden

2022-02-15 09:15:32 - [MESSAGE][PASSED] - Keyboard is hidden

2022-02-15 09:15:32 - [TEST_STEP][PASSED] - tap(LOGN_EdtPassword, 0): Tapped on element 'Object Repository/Mobile/Page/Login/Input - Password'

2022-02-15 09:15:32 - [MESSAGE][WARNING] - Timeout '0' is invalid. Using default page load timeout: '60'

2022-02-15 09:15:32 - [MESSAGE][PASSED] - Tapped on element 'Object Repository/Mobile/Page/Login/Input - Password'

2022-02-15 09:15:32 - [TEST_STEP][PASSED] - delay(1): Delayed 1 second(s)

2022-02-15 09:15:33 - [MESSAGE][PASSED] - Delayed 1 second(s)

2022-02-15 09:15:33 - [TEST_STEP][PASSED] - setText(LOGN_EdtRdyPassword, "Shalawa18", 0): Text 'Shalawa18' has been set to element 'Object Repository/Mobile/Page/Login/Input Rdy - Password'

2022-02-15 09:15:33 - [MESSAGE][WARNING] - Timeout '0' is invalid. Using default page load timeout: '60'

2022-02-15 09:15:34 - [MESSAGE][PASSED] - Text 'Shalawa18' has been set to element 'Object Repository/Mobile/Page/Login/Input Rdy - Password'

2022-02-15 09:15:34 - [TEST_STEP][PASSED] - delay(1): Delayed 1 second(s)

2022-02-15 09:15:35 - [MESSAGE][PASSED] - Delayed 1 second(s)

2022-02-15 09:15:35 - [TEST_STEP][PASSED] - hideKeyboard(): Keyboard is hidden

2022-02-15 09:15:41 - [MESSAGE][PASSED] - Keyboard is hidden

2022-02-15 09:15:41 - [TEST_STEP][PASSED] - tap(LOGN_BtnLogin, 0): Tapped on element 'Object Repository/Mobile/Page/Login/Button - Login'

2022-02-15 09:15:41 - [MESSAGE][WARNING] - Timeout '0' is invalid. Using default page load timeout: '60'

2022-02-15 09:15:42 - [MESSAGE][PASSED] - Tapped on element 'Object Repository/Mobile/Page/Login/Button - Login'

2022-02-15 09:15:42 - [TEST_STEP][PASSED] - delay(2): Delayed 2 second(s)

2022-02-15 09:15:44 - [MESSAGE][PASSED] - Delayed 2 second(s)

2022-02-15 09:15:44 - [TEST_STEP][PASSED] - break: null

2022-02-15 09:15:44 - [MESSAGE][PASSED] - Call Test Case 'Test Cases/Mobile/Page/Login/Login' successfully

2022-02-15 09:15:44 - [MESSAGE][PASSED] - Call Test Case 'Test Cases/Mobile/Page/CheckLogin' successfully

2022-02-15 09:15:44 - [TEST_STEP][PASSED] - tap(HOME_MenubarNews, 0): Tapped on element 'Object Repository/Mobile/Page/Home/Menubar - News'

2022-02-15 09:15:44 - [MESSAGE][WARNING] - Timeout '0' is invalid. Using default page load timeout: '60'

2022-02-15 09:15:45 - [MESSAGE][PASSED] - Tapped on element 'Object Repository/Mobile/Page/Home/Menubar - News'

2022-02-15 09:15:45 - [TEST_STEP][PASSED] - delay(1): Delayed 1 second(s)

2022-02-15 09:15:46 - [MESSAGE][PASSED] - Delayed 1 second(s)

2022-02-15 09:15:46 - [TEST_STEP][PASSED] - for ([i = 0, i < 1, (i++)]): Delayed 3 second(s)

2022-02-15 09:15:46 - [TEST_STEP][PASSED] - if (tab == "macronews"): null

2022-02-15 09:15:46 - [TEST_STEP][PASSED] - else if (tab == "stocknews"): Tapped on element 'Object Repository/Mobile/Page/News/Tab - Stock'

2022-02-15 09:15:46 - [TEST_STEP][PASSED] - tap(NEWS_TabStock, 0): Tapped on element 'Object Repository/Mobile/Page/News/Tab - Stock'

2022-02-15 09:15:46 - [MESSAGE][WARNING] - Timeout '0' is invalid. Using default page load timeout: '60'

2022-02-15 09:15:47 - [MESSAGE][PASSED] - Tapped on element 'Object Repository/Mobile/Page/News/Tab - Stock'

2022-02-15 09:15:47 - [TEST_STEP][PASSED] - delay(1): Delayed 1 second(s)

2022-02-15 09:15:48 - [MESSAGE][PASSED] - Delayed 1 second(s)

2022-02-15 09:15:48 - [TEST_STEP][PASSED] - if (tab != "worldindices"): Delayed 3 second(s)

2022-02-15 09:15:48 - [TEST_STEP][PASSED] - try: Delayed 3 second(s)

2022-02-15 09:15:48 - [TEST_STEP][PASSED] - tapAndHold(NEWS_ItemTopNews, 1, 10): Tapped and held on element 'Object Repository/Mobile/Page/News/Item - Top News' with duration 1

2022-02-15 09:15:51 - [MESSAGE][PASSED] - Tapped and held on element 'Object Repository/Mobile/Page/News/Item - Top News' with duration 1

2022-02-15 09:15:51 - [TEST_STEP][PASSED] - delay(1): Delayed 1 second(s)

2022-02-15 09:15:52 - [MESSAGE][PASSED] - Delayed 1 second(s)

2022-02-15 09:15:52 - [TEST_STEP][PASSED] - scroll.scroll.scrollScreenBottomToTop(): scroll.scroll.scrollScreenBottomToTop is PASSED

2022-02-15 09:15:52 - [MESSAGE][PASSED] - Current device physical height is 1423

2022-02-15 09:15:53 - [MESSAGE][PASSED] - Current device physical width is 720

2022-02-15 09:15:54 - [MESSAGE][PASSED] - Swiped from 360,1,138 to 360,284

2022-02-15 09:15:54 - [MESSAGE][PASSED] - scroll.scroll.scrollScreenBottomToTop is PASSED

2022-02-15 09:15:54 - [TEST_STEP][PASSED] - delay(3): Delayed 3 second(s)

2022-02-15 09:15:57 - [MESSAGE][PASSED] - Delayed 3 second(s)

2022-02-15 09:15:57 - [MESSAGE][PASSED] - Call Test Case 'Test Cases/Mobile/Page/News/News' successfully

2022-02-15 09:15:57 - [TEST_STEP][PASSED] - callTestCase(findTestCase("Mobile/Page/Run App/Terminate App"), [:], STOP_ON_FAILURE): Call Test Case 'Test Cases/Mobile/Page/Run App/Terminate App' successfully

2022-02-15 09:15:57 - [TEST_CASE][PASSED] - Test Cases/Mobile/Page/Run App/Terminate App: Test Cases/Mobile/Page/Run App/Terminate App

2022-02-15 09:15:57 - [TEST_STEP][PASSED] - startApp.OpenApp.terminateApplication(): startApp.OpenApp.terminateApplication is PASSED

2022-02-15 09:16:00 - [MESSAGE][PASSED] - Delayed 3 second(s)

2022-02-15 09:16:00 - [MESSAGE][PASSED] - Current device physical width is 720

2022-02-15 09:16:00 - [MESSAGE][PASSED] - Current device physical height is 1423

2022-02-15 09:16:02 - [MESSAGE][PASSED] - Swiped from 360,853 to 360,142

2022-02-15 09:16:03 - [MESSAGE][PASSED] - Delayed 1 second(s)

2022-02-15 09:16:04 - [MESSAGE][PASSED] - Swiped from 360,853 to 360,142

2022-02-15 09:16:07 - [MESSAGE][PASSED] - Delayed 3 second(s)

2022-02-15 09:16:07 - [MESSAGE][PASSED] - startApp.OpenApp.terminateApplication is PASSED

2022-02-15 09:16:07 - [MESSAGE][PASSED] - Call Test Case 'Test Cases/Mobile/Page/Run App/Terminate App' successfully]]></system-out>
         <system-err><![CDATA[]]></system-err>
      </testcase>
      <testcase name="Test Cases/Mobile/Scenario/News/003 - News Fund" time="57.568" classname="Test Cases/Mobile/Scenario/News/003 - News Fund" status="PASSED">
         <system-out><![CDATA[2022-02-15 09:16:07 - [TEST_CASE][PASSED] - Test Cases/Mobile/Scenario/News/003 - News Fund: Test Cases/Mobile/Scenario/News/003 - News Fund

2022-02-15 09:16:07 - [TEST_STEP][PASSED] - callTestCase(findTestCase("Mobile/Page/Run App/Run App byID"), [:], STOP_ON_FAILURE): Call Test Case 'Test Cases/Mobile/Page/Run App/Run App byID' successfully

2022-02-15 09:16:07 - [TEST_CASE][PASSED] - Test Cases/Mobile/Page/Run App/Run App byID: Test Cases/Mobile/Page/Run App/Run App byID

2022-02-15 09:16:07 - [TEST_STEP][PASSED] - startApp.OpenApp.startApplication("id.co.miraeasset.sageclub"): startApp.OpenApp.startApplication is PASSED

2022-02-15 09:16:19 - [MESSAGE][PASSED] - Starting app with application ID: 'id.co.miraeasset.sageclub'

2022-02-15 09:16:19 - [MESSAGE][PASSED] - startApp.OpenApp.startApplication is PASSED

2022-02-15 09:16:19 - [MESSAGE][PASSED] - Call Test Case 'Test Cases/Mobile/Page/Run App/Run App byID' successfully

2022-02-15 09:16:19 - [TEST_STEP][PASSED] - callTestCase(findTestCase("Mobile/Page/News/News"), ["tab":"fundnews"], CONTINUE_ON_FAILURE): Call Test Case 'Test Cases/Mobile/Page/News/News' successfully

2022-02-15 09:16:19 - [TEST_CASE][PASSED] - Test Cases/Mobile/Page/News/News: Test Cases/Mobile/Page/News/News

2022-02-15 09:16:19 - [TEST_STEP][PASSED] - callTestCase(findTestCase("Mobile/Page/CheckLogin"), [:], CONTINUE_ON_FAILURE): Call Test Case 'Test Cases/Mobile/Page/CheckLogin' successfully

2022-02-15 09:16:19 - [TEST_CASE][PASSED] - Test Cases/Mobile/Page/CheckLogin: Test Cases/Mobile/Page/CheckLogin

2022-02-15 09:16:19 - [TEST_STEP][PASSED] - loginCheck = verifyElementExist(LOGN_BtnLogin, 5, CONTINUE_ON_FAILURE): Element 'Object Repository/Mobile/Page/Login/Button - Login' is exist

2022-02-15 09:16:21 - [MESSAGE][PASSED] - Element 'Object Repository/Mobile/Page/Login/Button - Login' is exist

2022-02-15 09:16:21 - [TEST_STEP][PASSED] - if (loginCheck): Call Test Case 'Test Cases/Mobile/Page/Login/Login' successfully

2022-02-15 09:16:21 - [TEST_STEP][PASSED] - callTestCase(findTestCase("Mobile/Page/Login/Login"), ["action":"username"], CONTINUE_ON_FAILURE): Call Test Case 'Test Cases/Mobile/Page/Login/Login' successfully

2022-02-15 09:16:21 - [TEST_CASE][PASSED] - Test Cases/Mobile/Page/Login/Login: Test Cases/Mobile/Page/Login/Login

2022-02-15 09:16:21 - [TEST_STEP][PASSED] - delay(2): Delayed 2 second(s)

2022-02-15 09:16:23 - [MESSAGE][PASSED] - Delayed 2 second(s)

2022-02-15 09:16:23 - [TEST_STEP][PASSED] - for ([i = 0, i < 1, (i++)]): null

2022-02-15 09:16:23 - [TEST_STEP][PASSED] - if (action == "username"): null

2022-02-15 09:16:23 - [TEST_STEP][PASSED] - tap(LOGN_EdtUserID, 0): Tapped on element 'Object Repository/Mobile/Page/Login/Input - UserID'

2022-02-15 09:16:23 - [MESSAGE][WARNING] - Timeout '0' is invalid. Using default page load timeout: '60'

2022-02-15 09:16:24 - [MESSAGE][PASSED] - Tapped on element 'Object Repository/Mobile/Page/Login/Input - UserID'

2022-02-15 09:16:24 - [TEST_STEP][PASSED] - delay(1): Delayed 1 second(s)

2022-02-15 09:16:25 - [MESSAGE][PASSED] - Delayed 1 second(s)

2022-02-15 09:16:25 - [TEST_STEP][PASSED] - setText(LOGN_EdtRdyUserID, "anggaaditya", 0): Text 'anggaaditya' has been set to element 'Object Repository/Mobile/Page/Login/Input Rdy - UserID'

2022-02-15 09:16:25 - [MESSAGE][WARNING] - Timeout '0' is invalid. Using default page load timeout: '60'

2022-02-15 09:16:25 - [MESSAGE][PASSED] - Text 'anggaaditya' has been set to element 'Object Repository/Mobile/Page/Login/Input Rdy - UserID'

2022-02-15 09:16:25 - [TEST_STEP][PASSED] - delay(1): Delayed 1 second(s)

2022-02-15 09:16:26 - [MESSAGE][PASSED] - Delayed 1 second(s)

2022-02-15 09:16:26 - [TEST_STEP][PASSED] - hideKeyboard(): Keyboard is hidden

2022-02-15 09:16:30 - [MESSAGE][PASSED] - Keyboard is hidden

2022-02-15 09:16:30 - [TEST_STEP][PASSED] - tap(LOGN_EdtPassword, 0): Tapped on element 'Object Repository/Mobile/Page/Login/Input - Password'

2022-02-15 09:16:30 - [MESSAGE][WARNING] - Timeout '0' is invalid. Using default page load timeout: '60'

2022-02-15 09:16:30 - [MESSAGE][PASSED] - Tapped on element 'Object Repository/Mobile/Page/Login/Input - Password'

2022-02-15 09:16:30 - [TEST_STEP][PASSED] - delay(1): Delayed 1 second(s)

2022-02-15 09:16:31 - [MESSAGE][PASSED] - Delayed 1 second(s)

2022-02-15 09:16:31 - [TEST_STEP][PASSED] - setText(LOGN_EdtRdyPassword, "Shalawa18", 0): Text 'Shalawa18' has been set to element 'Object Repository/Mobile/Page/Login/Input Rdy - Password'

2022-02-15 09:16:31 - [MESSAGE][WARNING] - Timeout '0' is invalid. Using default page load timeout: '60'

2022-02-15 09:16:32 - [MESSAGE][PASSED] - Text 'Shalawa18' has been set to element 'Object Repository/Mobile/Page/Login/Input Rdy - Password'

2022-02-15 09:16:32 - [TEST_STEP][PASSED] - delay(1): Delayed 1 second(s)

2022-02-15 09:16:33 - [MESSAGE][PASSED] - Delayed 1 second(s)

2022-02-15 09:16:33 - [TEST_STEP][PASSED] - hideKeyboard(): Keyboard is hidden

2022-02-15 09:16:39 - [MESSAGE][PASSED] - Keyboard is hidden

2022-02-15 09:16:39 - [TEST_STEP][PASSED] - tap(LOGN_BtnLogin, 0): Tapped on element 'Object Repository/Mobile/Page/Login/Button - Login'

2022-02-15 09:16:39 - [MESSAGE][WARNING] - Timeout '0' is invalid. Using default page load timeout: '60'

2022-02-15 09:16:39 - [MESSAGE][PASSED] - Tapped on element 'Object Repository/Mobile/Page/Login/Button - Login'

2022-02-15 09:16:39 - [TEST_STEP][PASSED] - delay(2): Delayed 2 second(s)

2022-02-15 09:16:41 - [MESSAGE][PASSED] - Delayed 2 second(s)

2022-02-15 09:16:41 - [TEST_STEP][PASSED] - break: null

2022-02-15 09:16:41 - [MESSAGE][PASSED] - Call Test Case 'Test Cases/Mobile/Page/Login/Login' successfully

2022-02-15 09:16:41 - [MESSAGE][PASSED] - Call Test Case 'Test Cases/Mobile/Page/CheckLogin' successfully

2022-02-15 09:16:41 - [TEST_STEP][PASSED] - tap(HOME_MenubarNews, 0): Tapped on element 'Object Repository/Mobile/Page/Home/Menubar - News'

2022-02-15 09:16:41 - [MESSAGE][WARNING] - Timeout '0' is invalid. Using default page load timeout: '60'

2022-02-15 09:16:43 - [MESSAGE][PASSED] - Tapped on element 'Object Repository/Mobile/Page/Home/Menubar - News'

2022-02-15 09:16:43 - [TEST_STEP][PASSED] - delay(1): Delayed 1 second(s)

2022-02-15 09:16:44 - [MESSAGE][PASSED] - Delayed 1 second(s)

2022-02-15 09:16:44 - [TEST_STEP][PASSED] - for ([i = 0, i < 1, (i++)]): Delayed 3 second(s)

2022-02-15 09:16:44 - [TEST_STEP][PASSED] - if (tab == "macronews"): null

2022-02-15 09:16:44 - [TEST_STEP][PASSED] - else if (tab == "stocknews"): null

2022-02-15 09:16:44 - [TEST_STEP][PASSED] - else if (tab == "fundnews"): Tapped on element 'Object Repository/Mobile/Page/News/Tab - Fund'

2022-02-15 09:16:44 - [TEST_STEP][PASSED] - tap(NEWS_TabFund, 0): Tapped on element 'Object Repository/Mobile/Page/News/Tab - Fund'

2022-02-15 09:16:44 - [MESSAGE][WARNING] - Timeout '0' is invalid. Using default page load timeout: '60'

2022-02-15 09:16:45 - [MESSAGE][PASSED] - Tapped on element 'Object Repository/Mobile/Page/News/Tab - Fund'

2022-02-15 09:16:45 - [TEST_STEP][PASSED] - delay(1): Delayed 1 second(s)

2022-02-15 09:16:46 - [MESSAGE][PASSED] - Delayed 1 second(s)

2022-02-15 09:16:46 - [TEST_STEP][PASSED] - if (tab != "worldindices"): Delayed 3 second(s)

2022-02-15 09:16:46 - [TEST_STEP][PASSED] - try: Delayed 3 second(s)

2022-02-15 09:16:46 - [TEST_STEP][PASSED] - tapAndHold(NEWS_ItemTopNews, 1, 10): Tapped and held on element 'Object Repository/Mobile/Page/News/Item - Top News' with duration 1

2022-02-15 09:16:49 - [MESSAGE][PASSED] - Tapped and held on element 'Object Repository/Mobile/Page/News/Item - Top News' with duration 1

2022-02-15 09:16:49 - [TEST_STEP][PASSED] - delay(1): Delayed 1 second(s)

2022-02-15 09:16:50 - [MESSAGE][PASSED] - Delayed 1 second(s)

2022-02-15 09:16:50 - [TEST_STEP][PASSED] - scroll.scroll.scrollScreenBottomToTop(): scroll.scroll.scrollScreenBottomToTop is PASSED

2022-02-15 09:16:50 - [MESSAGE][PASSED] - Current device physical height is 1423

2022-02-15 09:16:50 - [MESSAGE][PASSED] - Current device physical width is 720

2022-02-15 09:16:51 - [MESSAGE][PASSED] - Swiped from 360,1,138 to 360,284

2022-02-15 09:16:51 - [MESSAGE][PASSED] - scroll.scroll.scrollScreenBottomToTop is PASSED

2022-02-15 09:16:51 - [TEST_STEP][PASSED] - delay(3): Delayed 3 second(s)

2022-02-15 09:16:54 - [MESSAGE][PASSED] - Delayed 3 second(s)

2022-02-15 09:16:54 - [MESSAGE][PASSED] - Call Test Case 'Test Cases/Mobile/Page/News/News' successfully

2022-02-15 09:16:54 - [TEST_STEP][PASSED] - callTestCase(findTestCase("Mobile/Page/Run App/Terminate App"), [:], STOP_ON_FAILURE): Call Test Case 'Test Cases/Mobile/Page/Run App/Terminate App' successfully

2022-02-15 09:16:55 - [TEST_CASE][PASSED] - Test Cases/Mobile/Page/Run App/Terminate App: Test Cases/Mobile/Page/Run App/Terminate App

2022-02-15 09:16:55 - [TEST_STEP][PASSED] - startApp.OpenApp.terminateApplication(): startApp.OpenApp.terminateApplication is PASSED

2022-02-15 09:16:58 - [MESSAGE][PASSED] - Delayed 3 second(s)

2022-02-15 09:16:58 - [MESSAGE][PASSED] - Current device physical width is 720

2022-02-15 09:16:58 - [MESSAGE][PASSED] - Current device physical height is 1423

2022-02-15 09:16:59 - [MESSAGE][PASSED] - Swiped from 360,853 to 360,142

2022-02-15 09:17:00 - [MESSAGE][PASSED] - Delayed 1 second(s)

2022-02-15 09:17:02 - [MESSAGE][PASSED] - Swiped from 360,853 to 360,142

2022-02-15 09:17:05 - [MESSAGE][PASSED] - Delayed 3 second(s)

2022-02-15 09:17:05 - [MESSAGE][PASSED] - startApp.OpenApp.terminateApplication is PASSED

2022-02-15 09:17:05 - [MESSAGE][PASSED] - Call Test Case 'Test Cases/Mobile/Page/Run App/Terminate App' successfully]]></system-out>
         <system-err><![CDATA[]]></system-err>
      </testcase>
      <testcase name="Test Cases/Mobile/Scenario/News/004 - Bond News" time="58.626" classname="Test Cases/Mobile/Scenario/News/004 - Bond News" status="PASSED">
         <system-out><![CDATA[2022-02-15 09:17:05 - [TEST_CASE][PASSED] - Test Cases/Mobile/Scenario/News/004 - Bond News: Test Cases/Mobile/Scenario/News/004 - Bond News

2022-02-15 09:17:05 - [TEST_STEP][PASSED] - callTestCase(findTestCase("Mobile/Page/Run App/Run App byID"), [:], STOP_ON_FAILURE): Call Test Case 'Test Cases/Mobile/Page/Run App/Run App byID' successfully

2022-02-15 09:17:05 - [TEST_CASE][PASSED] - Test Cases/Mobile/Page/Run App/Run App byID: Test Cases/Mobile/Page/Run App/Run App byID

2022-02-15 09:17:05 - [TEST_STEP][PASSED] - startApp.OpenApp.startApplication("id.co.miraeasset.sageclub"): startApp.OpenApp.startApplication is PASSED

2022-02-15 09:17:17 - [MESSAGE][PASSED] - Starting app with application ID: 'id.co.miraeasset.sageclub'

2022-02-15 09:17:17 - [MESSAGE][PASSED] - startApp.OpenApp.startApplication is PASSED

2022-02-15 09:17:17 - [MESSAGE][PASSED] - Call Test Case 'Test Cases/Mobile/Page/Run App/Run App byID' successfully

2022-02-15 09:17:17 - [TEST_STEP][PASSED] - callTestCase(findTestCase("Mobile/Page/News/News"), ["tab":"bondnews"], CONTINUE_ON_FAILURE): Call Test Case 'Test Cases/Mobile/Page/News/News' successfully

2022-02-15 09:17:17 - [TEST_CASE][PASSED] - Test Cases/Mobile/Page/News/News: Test Cases/Mobile/Page/News/News

2022-02-15 09:17:17 - [TEST_STEP][PASSED] - callTestCase(findTestCase("Mobile/Page/CheckLogin"), [:], CONTINUE_ON_FAILURE): Call Test Case 'Test Cases/Mobile/Page/CheckLogin' successfully

2022-02-15 09:17:17 - [TEST_CASE][PASSED] - Test Cases/Mobile/Page/CheckLogin: Test Cases/Mobile/Page/CheckLogin

2022-02-15 09:17:17 - [TEST_STEP][PASSED] - loginCheck = verifyElementExist(LOGN_BtnLogin, 5, CONTINUE_ON_FAILURE): Element 'Object Repository/Mobile/Page/Login/Button - Login' is exist

2022-02-15 09:17:19 - [MESSAGE][PASSED] - Element 'Object Repository/Mobile/Page/Login/Button - Login' is exist

2022-02-15 09:17:19 - [TEST_STEP][PASSED] - if (loginCheck): Call Test Case 'Test Cases/Mobile/Page/Login/Login' successfully

2022-02-15 09:17:19 - [TEST_STEP][PASSED] - callTestCase(findTestCase("Mobile/Page/Login/Login"), ["action":"username"], CONTINUE_ON_FAILURE): Call Test Case 'Test Cases/Mobile/Page/Login/Login' successfully

2022-02-15 09:17:19 - [TEST_CASE][PASSED] - Test Cases/Mobile/Page/Login/Login: Test Cases/Mobile/Page/Login/Login

2022-02-15 09:17:19 - [TEST_STEP][PASSED] - delay(2): Delayed 2 second(s)

2022-02-15 09:17:21 - [MESSAGE][PASSED] - Delayed 2 second(s)

2022-02-15 09:17:21 - [TEST_STEP][PASSED] - for ([i = 0, i < 1, (i++)]): null

2022-02-15 09:17:21 - [TEST_STEP][PASSED] - if (action == "username"): null

2022-02-15 09:17:21 - [TEST_STEP][PASSED] - tap(LOGN_EdtUserID, 0): Tapped on element 'Object Repository/Mobile/Page/Login/Input - UserID'

2022-02-15 09:17:21 - [MESSAGE][WARNING] - Timeout '0' is invalid. Using default page load timeout: '60'

2022-02-15 09:17:22 - [MESSAGE][PASSED] - Tapped on element 'Object Repository/Mobile/Page/Login/Input - UserID'

2022-02-15 09:17:22 - [TEST_STEP][PASSED] - delay(1): Delayed 1 second(s)

2022-02-15 09:17:23 - [MESSAGE][PASSED] - Delayed 1 second(s)

2022-02-15 09:17:23 - [TEST_STEP][PASSED] - setText(LOGN_EdtRdyUserID, "anggaaditya", 0): Text 'anggaaditya' has been set to element 'Object Repository/Mobile/Page/Login/Input Rdy - UserID'

2022-02-15 09:17:23 - [MESSAGE][WARNING] - Timeout '0' is invalid. Using default page load timeout: '60'

2022-02-15 09:17:23 - [MESSAGE][PASSED] - Text 'anggaaditya' has been set to element 'Object Repository/Mobile/Page/Login/Input Rdy - UserID'

2022-02-15 09:17:23 - [TEST_STEP][PASSED] - delay(1): Delayed 1 second(s)

2022-02-15 09:17:24 - [MESSAGE][PASSED] - Delayed 1 second(s)

2022-02-15 09:17:24 - [TEST_STEP][PASSED] - hideKeyboard(): Keyboard is hidden

2022-02-15 09:17:28 - [MESSAGE][PASSED] - Keyboard is hidden

2022-02-15 09:17:28 - [TEST_STEP][PASSED] - tap(LOGN_EdtPassword, 0): Tapped on element 'Object Repository/Mobile/Page/Login/Input - Password'

2022-02-15 09:17:28 - [MESSAGE][WARNING] - Timeout '0' is invalid. Using default page load timeout: '60'

2022-02-15 09:17:28 - [MESSAGE][PASSED] - Tapped on element 'Object Repository/Mobile/Page/Login/Input - Password'

2022-02-15 09:17:28 - [TEST_STEP][PASSED] - delay(1): Delayed 1 second(s)

2022-02-15 09:17:29 - [MESSAGE][PASSED] - Delayed 1 second(s)

2022-02-15 09:17:29 - [TEST_STEP][PASSED] - setText(LOGN_EdtRdyPassword, "Shalawa18", 0): Text 'Shalawa18' has been set to element 'Object Repository/Mobile/Page/Login/Input Rdy - Password'

2022-02-15 09:17:29 - [MESSAGE][WARNING] - Timeout '0' is invalid. Using default page load timeout: '60'

2022-02-15 09:17:30 - [MESSAGE][PASSED] - Text 'Shalawa18' has been set to element 'Object Repository/Mobile/Page/Login/Input Rdy - Password'

2022-02-15 09:17:30 - [TEST_STEP][PASSED] - delay(1): Delayed 1 second(s)

2022-02-15 09:17:31 - [MESSAGE][PASSED] - Delayed 1 second(s)

2022-02-15 09:17:31 - [TEST_STEP][PASSED] - hideKeyboard(): Keyboard is hidden

2022-02-15 09:17:37 - [MESSAGE][PASSED] - Keyboard is hidden

2022-02-15 09:17:37 - [TEST_STEP][PASSED] - tap(LOGN_BtnLogin, 0): Tapped on element 'Object Repository/Mobile/Page/Login/Button - Login'

2022-02-15 09:17:37 - [MESSAGE][WARNING] - Timeout '0' is invalid. Using default page load timeout: '60'

2022-02-15 09:17:38 - [MESSAGE][PASSED] - Tapped on element 'Object Repository/Mobile/Page/Login/Button - Login'

2022-02-15 09:17:38 - [TEST_STEP][PASSED] - delay(2): Delayed 2 second(s)

2022-02-15 09:17:40 - [MESSAGE][PASSED] - Delayed 2 second(s)

2022-02-15 09:17:40 - [TEST_STEP][PASSED] - break: null

2022-02-15 09:17:40 - [MESSAGE][PASSED] - Call Test Case 'Test Cases/Mobile/Page/Login/Login' successfully

2022-02-15 09:17:40 - [MESSAGE][PASSED] - Call Test Case 'Test Cases/Mobile/Page/CheckLogin' successfully

2022-02-15 09:17:40 - [TEST_STEP][PASSED] - tap(HOME_MenubarNews, 0): Tapped on element 'Object Repository/Mobile/Page/Home/Menubar - News'

2022-02-15 09:17:40 - [MESSAGE][WARNING] - Timeout '0' is invalid. Using default page load timeout: '60'

2022-02-15 09:17:41 - [MESSAGE][PASSED] - Tapped on element 'Object Repository/Mobile/Page/Home/Menubar - News'

2022-02-15 09:17:41 - [TEST_STEP][PASSED] - delay(1): Delayed 1 second(s)

2022-02-15 09:17:42 - [MESSAGE][PASSED] - Delayed 1 second(s)

2022-02-15 09:17:42 - [TEST_STEP][PASSED] - for ([i = 0, i < 1, (i++)]): Delayed 3 second(s)

2022-02-15 09:17:42 - [TEST_STEP][PASSED] - if (tab == "macronews"): null

2022-02-15 09:17:42 - [TEST_STEP][PASSED] - else if (tab == "stocknews"): null

2022-02-15 09:17:42 - [TEST_STEP][PASSED] - else if (tab == "fundnews"): null

2022-02-15 09:17:42 - [TEST_STEP][PASSED] - else if (tab == "bondnews"): Tapped on element 'Object Repository/Mobile/Page/News/Tab - Bond'

2022-02-15 09:17:42 - [TEST_STEP][PASSED] - tap(NEWS_TabBond, 0): Tapped on element 'Object Repository/Mobile/Page/News/Tab - Bond'

2022-02-15 09:17:42 - [MESSAGE][WARNING] - Timeout '0' is invalid. Using default page load timeout: '60'

2022-02-15 09:17:44 - [MESSAGE][PASSED] - Tapped on element 'Object Repository/Mobile/Page/News/Tab - Bond'

2022-02-15 09:17:44 - [TEST_STEP][PASSED] - delay(1): Delayed 1 second(s)

2022-02-15 09:17:45 - [MESSAGE][PASSED] - Delayed 1 second(s)

2022-02-15 09:17:45 - [TEST_STEP][PASSED] - if (tab != "worldindices"): Delayed 3 second(s)

2022-02-15 09:17:45 - [TEST_STEP][PASSED] - try: Delayed 3 second(s)

2022-02-15 09:17:45 - [TEST_STEP][PASSED] - tapAndHold(NEWS_ItemTopNews, 1, 10): Tapped and held on element 'Object Repository/Mobile/Page/News/Item - Top News' with duration 1

2022-02-15 09:17:47 - [MESSAGE][PASSED] - Tapped and held on element 'Object Repository/Mobile/Page/News/Item - Top News' with duration 1

2022-02-15 09:17:47 - [TEST_STEP][PASSED] - delay(1): Delayed 1 second(s)

2022-02-15 09:17:48 - [MESSAGE][PASSED] - Delayed 1 second(s)

2022-02-15 09:17:48 - [TEST_STEP][PASSED] - scroll.scroll.scrollScreenBottomToTop(): scroll.scroll.scrollScreenBottomToTop is PASSED

2022-02-15 09:17:49 - [MESSAGE][PASSED] - Current device physical height is 1423

2022-02-15 09:17:49 - [MESSAGE][PASSED] - Current device physical width is 720

2022-02-15 09:17:50 - [MESSAGE][PASSED] - Swiped from 360,1,138 to 360,284

2022-02-15 09:17:50 - [MESSAGE][PASSED] - scroll.scroll.scrollScreenBottomToTop is PASSED

2022-02-15 09:17:50 - [TEST_STEP][PASSED] - delay(3): Delayed 3 second(s)

2022-02-15 09:17:53 - [MESSAGE][PASSED] - Delayed 3 second(s)

2022-02-15 09:17:53 - [MESSAGE][PASSED] - Call Test Case 'Test Cases/Mobile/Page/News/News' successfully

2022-02-15 09:17:53 - [TEST_STEP][PASSED] - callTestCase(findTestCase("Mobile/Page/Run App/Terminate App"), [:], STOP_ON_FAILURE): Call Test Case 'Test Cases/Mobile/Page/Run App/Terminate App' successfully

2022-02-15 09:17:53 - [TEST_CASE][PASSED] - Test Cases/Mobile/Page/Run App/Terminate App: Test Cases/Mobile/Page/Run App/Terminate App

2022-02-15 09:17:53 - [TEST_STEP][PASSED] - startApp.OpenApp.terminateApplication(): startApp.OpenApp.terminateApplication is PASSED

2022-02-15 09:17:56 - [MESSAGE][PASSED] - Delayed 3 second(s)

2022-02-15 09:17:56 - [MESSAGE][PASSED] - Current device physical width is 720

2022-02-15 09:17:57 - [MESSAGE][PASSED] - Current device physical height is 1423

2022-02-15 09:17:58 - [MESSAGE][PASSED] - Swiped from 360,853 to 360,142

2022-02-15 09:17:59 - [MESSAGE][PASSED] - Delayed 1 second(s)

2022-02-15 09:18:00 - [MESSAGE][PASSED] - Swiped from 360,853 to 360,142

2022-02-15 09:18:03 - [MESSAGE][PASSED] - Delayed 3 second(s)

2022-02-15 09:18:03 - [MESSAGE][PASSED] - startApp.OpenApp.terminateApplication is PASSED

2022-02-15 09:18:03 - [MESSAGE][PASSED] - Call Test Case 'Test Cases/Mobile/Page/Run App/Terminate App' successfully]]></system-out>
         <system-err><![CDATA[]]></system-err>
      </testcase>
      <testcase name="Test Cases/Mobile/Scenario/News/005 - Macro News" time="58.227" classname="Test Cases/Mobile/Scenario/News/005 - Macro News" status="PASSED">
         <system-out><![CDATA[2022-02-15 09:18:03 - [TEST_CASE][PASSED] - Test Cases/Mobile/Scenario/News/005 - Macro News: Test Cases/Mobile/Scenario/News/005 - Macro News

2022-02-15 09:18:03 - [TEST_STEP][PASSED] - callTestCase(findTestCase("Mobile/Page/Run App/Run App byID"), [:], STOP_ON_FAILURE): Call Test Case 'Test Cases/Mobile/Page/Run App/Run App byID' successfully

2022-02-15 09:18:04 - [TEST_CASE][PASSED] - Test Cases/Mobile/Page/Run App/Run App byID: Test Cases/Mobile/Page/Run App/Run App byID

2022-02-15 09:18:04 - [TEST_STEP][PASSED] - startApp.OpenApp.startApplication("id.co.miraeasset.sageclub"): startApp.OpenApp.startApplication is PASSED

2022-02-15 09:18:16 - [MESSAGE][PASSED] - Starting app with application ID: 'id.co.miraeasset.sageclub'

2022-02-15 09:18:16 - [MESSAGE][PASSED] - startApp.OpenApp.startApplication is PASSED

2022-02-15 09:18:16 - [MESSAGE][PASSED] - Call Test Case 'Test Cases/Mobile/Page/Run App/Run App byID' successfully

2022-02-15 09:18:16 - [TEST_STEP][PASSED] - callTestCase(findTestCase("Mobile/Page/News/News"), ["tab":"macronews"], CONTINUE_ON_FAILURE): Call Test Case 'Test Cases/Mobile/Page/News/News' successfully

2022-02-15 09:18:16 - [TEST_CASE][PASSED] - Test Cases/Mobile/Page/News/News: Test Cases/Mobile/Page/News/News

2022-02-15 09:18:16 - [TEST_STEP][PASSED] - callTestCase(findTestCase("Mobile/Page/CheckLogin"), [:], CONTINUE_ON_FAILURE): Call Test Case 'Test Cases/Mobile/Page/CheckLogin' successfully

2022-02-15 09:18:16 - [TEST_CASE][PASSED] - Test Cases/Mobile/Page/CheckLogin: Test Cases/Mobile/Page/CheckLogin

2022-02-15 09:18:16 - [TEST_STEP][PASSED] - loginCheck = verifyElementExist(LOGN_BtnLogin, 5, CONTINUE_ON_FAILURE): Element 'Object Repository/Mobile/Page/Login/Button - Login' is exist

2022-02-15 09:18:18 - [MESSAGE][PASSED] - Element 'Object Repository/Mobile/Page/Login/Button - Login' is exist

2022-02-15 09:18:18 - [TEST_STEP][PASSED] - if (loginCheck): Call Test Case 'Test Cases/Mobile/Page/Login/Login' successfully

2022-02-15 09:18:18 - [TEST_STEP][PASSED] - callTestCase(findTestCase("Mobile/Page/Login/Login"), ["action":"username"], CONTINUE_ON_FAILURE): Call Test Case 'Test Cases/Mobile/Page/Login/Login' successfully

2022-02-15 09:18:18 - [TEST_CASE][PASSED] - Test Cases/Mobile/Page/Login/Login: Test Cases/Mobile/Page/Login/Login

2022-02-15 09:18:18 - [TEST_STEP][PASSED] - delay(2): Delayed 2 second(s)

2022-02-15 09:18:20 - [MESSAGE][PASSED] - Delayed 2 second(s)

2022-02-15 09:18:20 - [TEST_STEP][PASSED] - for ([i = 0, i < 1, (i++)]): null

2022-02-15 09:18:20 - [TEST_STEP][PASSED] - if (action == "username"): null

2022-02-15 09:18:20 - [TEST_STEP][PASSED] - tap(LOGN_EdtUserID, 0): Tapped on element 'Object Repository/Mobile/Page/Login/Input - UserID'

2022-02-15 09:18:20 - [MESSAGE][WARNING] - Timeout '0' is invalid. Using default page load timeout: '60'

2022-02-15 09:18:20 - [MESSAGE][PASSED] - Tapped on element 'Object Repository/Mobile/Page/Login/Input - UserID'

2022-02-15 09:18:20 - [TEST_STEP][PASSED] - delay(1): Delayed 1 second(s)

2022-02-15 09:18:21 - [MESSAGE][PASSED] - Delayed 1 second(s)

2022-02-15 09:18:21 - [TEST_STEP][PASSED] - setText(LOGN_EdtRdyUserID, "anggaaditya", 0): Text 'anggaaditya' has been set to element 'Object Repository/Mobile/Page/Login/Input Rdy - UserID'

2022-02-15 09:18:21 - [MESSAGE][WARNING] - Timeout '0' is invalid. Using default page load timeout: '60'

2022-02-15 09:18:22 - [MESSAGE][PASSED] - Text 'anggaaditya' has been set to element 'Object Repository/Mobile/Page/Login/Input Rdy - UserID'

2022-02-15 09:18:22 - [TEST_STEP][PASSED] - delay(1): Delayed 1 second(s)

2022-02-15 09:18:23 - [MESSAGE][PASSED] - Delayed 1 second(s)

2022-02-15 09:18:23 - [TEST_STEP][PASSED] - hideKeyboard(): Keyboard is hidden

2022-02-15 09:18:26 - [MESSAGE][PASSED] - Keyboard is hidden

2022-02-15 09:18:26 - [TEST_STEP][PASSED] - tap(LOGN_EdtPassword, 0): Tapped on element 'Object Repository/Mobile/Page/Login/Input - Password'

2022-02-15 09:18:26 - [MESSAGE][WARNING] - Timeout '0' is invalid. Using default page load timeout: '60'

2022-02-15 09:18:27 - [MESSAGE][PASSED] - Tapped on element 'Object Repository/Mobile/Page/Login/Input - Password'

2022-02-15 09:18:27 - [TEST_STEP][PASSED] - delay(1): Delayed 1 second(s)

2022-02-15 09:18:28 - [MESSAGE][PASSED] - Delayed 1 second(s)

2022-02-15 09:18:28 - [TEST_STEP][PASSED] - setText(LOGN_EdtRdyPassword, "Shalawa18", 0): Text 'Shalawa18' has been set to element 'Object Repository/Mobile/Page/Login/Input Rdy - Password'

2022-02-15 09:18:28 - [MESSAGE][WARNING] - Timeout '0' is invalid. Using default page load timeout: '60'

2022-02-15 09:18:28 - [MESSAGE][PASSED] - Text 'Shalawa18' has been set to element 'Object Repository/Mobile/Page/Login/Input Rdy - Password'

2022-02-15 09:18:28 - [TEST_STEP][PASSED] - delay(1): Delayed 1 second(s)

2022-02-15 09:18:29 - [MESSAGE][PASSED] - Delayed 1 second(s)

2022-02-15 09:18:29 - [TEST_STEP][PASSED] - hideKeyboard(): Keyboard is hidden

2022-02-15 09:18:35 - [MESSAGE][PASSED] - Keyboard is hidden

2022-02-15 09:18:35 - [TEST_STEP][PASSED] - tap(LOGN_BtnLogin, 0): Tapped on element 'Object Repository/Mobile/Page/Login/Button - Login'

2022-02-15 09:18:35 - [MESSAGE][WARNING] - Timeout '0' is invalid. Using default page load timeout: '60'

2022-02-15 09:18:36 - [MESSAGE][PASSED] - Tapped on element 'Object Repository/Mobile/Page/Login/Button - Login'

2022-02-15 09:18:36 - [TEST_STEP][PASSED] - delay(2): Delayed 2 second(s)

2022-02-15 09:18:38 - [MESSAGE][PASSED] - Delayed 2 second(s)

2022-02-15 09:18:38 - [TEST_STEP][PASSED] - break: null

2022-02-15 09:18:38 - [MESSAGE][PASSED] - Call Test Case 'Test Cases/Mobile/Page/Login/Login' successfully

2022-02-15 09:18:38 - [MESSAGE][PASSED] - Call Test Case 'Test Cases/Mobile/Page/CheckLogin' successfully

2022-02-15 09:18:38 - [TEST_STEP][PASSED] - tap(HOME_MenubarNews, 0): Tapped on element 'Object Repository/Mobile/Page/Home/Menubar - News'

2022-02-15 09:18:38 - [MESSAGE][WARNING] - Timeout '0' is invalid. Using default page load timeout: '60'

2022-02-15 09:18:39 - [MESSAGE][PASSED] - Tapped on element 'Object Repository/Mobile/Page/Home/Menubar - News'

2022-02-15 09:18:39 - [TEST_STEP][PASSED] - delay(1): Delayed 1 second(s)

2022-02-15 09:18:40 - [MESSAGE][PASSED] - Delayed 1 second(s)

2022-02-15 09:18:40 - [TEST_STEP][PASSED] - for ([i = 0, i < 1, (i++)]): Delayed 3 second(s)

2022-02-15 09:18:40 - [TEST_STEP][PASSED] - if (tab == "macronews"): Tapped on element 'Object Repository/Mobile/Page/News/Tab - Macro'

2022-02-15 09:18:40 - [TEST_STEP][PASSED] - tap(NEWS_TabMacro, 0): Tapped on element 'Object Repository/Mobile/Page/News/Tab - Macro'

2022-02-15 09:18:40 - [MESSAGE][WARNING] - Timeout '0' is invalid. Using default page load timeout: '60'

2022-02-15 09:18:42 - [MESSAGE][PASSED] - Tapped on element 'Object Repository/Mobile/Page/News/Tab - Macro'

2022-02-15 09:18:42 - [TEST_STEP][PASSED] - delay(1): Delayed 1 second(s)

2022-02-15 09:18:43 - [MESSAGE][PASSED] - Delayed 1 second(s)

2022-02-15 09:18:43 - [TEST_STEP][PASSED] - if (tab != "worldindices"): Delayed 3 second(s)

2022-02-15 09:18:43 - [TEST_STEP][PASSED] - try: Delayed 3 second(s)

2022-02-15 09:18:43 - [TEST_STEP][PASSED] - tapAndHold(NEWS_ItemTopNews, 1, 10): Tapped and held on element 'Object Repository/Mobile/Page/News/Item - Top News' with duration 1

2022-02-15 09:18:46 - [MESSAGE][PASSED] - Tapped and held on element 'Object Repository/Mobile/Page/News/Item - Top News' with duration 1

2022-02-15 09:18:46 - [TEST_STEP][PASSED] - delay(1): Delayed 1 second(s)

2022-02-15 09:18:47 - [MESSAGE][PASSED] - Delayed 1 second(s)

2022-02-15 09:18:47 - [TEST_STEP][PASSED] - scroll.scroll.scrollScreenBottomToTop(): scroll.scroll.scrollScreenBottomToTop is PASSED

2022-02-15 09:18:47 - [MESSAGE][PASSED] - Current device physical height is 1423

2022-02-15 09:18:47 - [MESSAGE][PASSED] - Current device physical width is 720

2022-02-15 09:18:48 - [MESSAGE][PASSED] - Swiped from 360,1,138 to 360,284

2022-02-15 09:18:48 - [MESSAGE][PASSED] - scroll.scroll.scrollScreenBottomToTop is PASSED

2022-02-15 09:18:48 - [TEST_STEP][PASSED] - delay(3): Delayed 3 second(s)

2022-02-15 09:18:51 - [MESSAGE][PASSED] - Delayed 3 second(s)

2022-02-15 09:18:51 - [MESSAGE][PASSED] - Call Test Case 'Test Cases/Mobile/Page/News/News' successfully

2022-02-15 09:18:51 - [TEST_STEP][PASSED] - callTestCase(findTestCase("Mobile/Page/Run App/Terminate App"), [:], STOP_ON_FAILURE): Call Test Case 'Test Cases/Mobile/Page/Run App/Terminate App' successfully

2022-02-15 09:18:51 - [TEST_CASE][PASSED] - Test Cases/Mobile/Page/Run App/Terminate App: Test Cases/Mobile/Page/Run App/Terminate App

2022-02-15 09:18:51 - [TEST_STEP][PASSED] - startApp.OpenApp.terminateApplication(): startApp.OpenApp.terminateApplication is PASSED

2022-02-15 09:18:54 - [MESSAGE][PASSED] - Delayed 3 second(s)

2022-02-15 09:18:55 - [MESSAGE][PASSED] - Current device physical width is 720

2022-02-15 09:18:55 - [MESSAGE][PASSED] - Current device physical height is 1423

2022-02-15 09:18:56 - [MESSAGE][PASSED] - Swiped from 360,853 to 360,142

2022-02-15 09:18:57 - [MESSAGE][PASSED] - Delayed 1 second(s)

2022-02-15 09:18:58 - [MESSAGE][PASSED] - Swiped from 360,853 to 360,142

2022-02-15 09:19:01 - [MESSAGE][PASSED] - Delayed 3 second(s)

2022-02-15 09:19:01 - [MESSAGE][PASSED] - startApp.OpenApp.terminateApplication is PASSED

2022-02-15 09:19:01 - [MESSAGE][PASSED] - Call Test Case 'Test Cases/Mobile/Page/Run App/Terminate App' successfully]]></system-out>
         <system-err><![CDATA[]]></system-err>
      </testcase>
      <system-out><![CDATA[2022-02-15 09:13:42 - [TEST_SUITE][PASSED] - news: Test Cases/Mobile/Scenario/News/005 - Macro News]]></system-out>
      <system-err><![CDATA[]]></system-err>
   </testsuite>
</testsuites>
