<?xml version="1.0" encoding="UTF-8"?>
<testsuites name="news" time="384.777" tests="5" failures="0" skips="0" errors="0">
   <testsuite name="news" tests="5" failures="0" errors="0" time="384.777" skips="0" timestamp="2022-02-10 07:10:19" hostname="Owner - aldy-tft" id="Test Suites/news">
      <properties>
         <property name="deviceName" value="samsung SM-A205F (Android 11)"/>
         <property name="devicePlatform" value=""/>
         <property name="logFolder" value="C:\\Users\\Owner\\Documents\\kerjaan\\KatalonProject\\qa_katalon_pwm\\qa_katalon_pwm\\Reports\\20220210_071009\\news\\20220210_071009"/>
         <property name="logFiles" value="C:\\Users\\Owner\\Documents\\kerjaan\\KatalonProject\\qa_katalon_pwm\\qa_katalon_pwm\\Reports\\20220210_071009\\news\\20220210_071009\\appium.log, C:\\Users\\Owner\\Documents\\kerjaan\\KatalonProject\\qa_katalon_pwm\\qa_katalon_pwm\\Reports\\20220210_071009\\news\\20220210_071009\\execution0.log"/>
         <property name="attachments" value=""/>
         <property name="hostName" value="Owner - aldy-tft"/>
         <property name="os" value="Windows 10 64bit"/>
         <property name="appiumServerStatus" value="{&quot;value&quot;:{&quot;build&quot;:{&quot;version&quot;:&quot;1.22.0&quot;}},&quot;sessionId&quot;:null,&quot;status&quot;:0}"/>
         <property name="katalonVersion" value="7.9.1.208"/>
         <property name="deviceOS" value="Android"/>
         <property name="appiumVersion" value="1.22.0"/>
         <property name="deviceModel" value="SM-A205F"/>
         <property name="hostAddress" value="192.168.100.33"/>
         <property name="deviceManufacturer" value="samsung"/>
         <property name="deviceId" value="RR8M40C9AXE"/>
         <property name="deviceName" value="samsung SM-A205F (Android 11)"/>
         <property name="deviceOSVersion" value="11"/>
      </properties>
      <testcase name="Test Cases/Mobile/Scenario/News/001 - News World Indices" time="118.608" classname="Test Cases/Mobile/Scenario/News/001 - News World Indices" status="PASSED">
         <system-out><![CDATA[2022-02-10 07:10:22 - [TEST_CASE][PASSED] - Test Cases/Mobile/Scenario/News/001 - News World Indices: Test Cases/Mobile/Scenario/News/001 - News World Indices

2022-02-10 07:10:23 - [TEST_STEP][PASSED] - callTestCase(findTestCase("Mobile/Page/Run App/Run App byID"), [:], STOP_ON_FAILURE): Call Test Case 'Test Cases/Mobile/Page/Run App/Run App byID' successfully

2022-02-10 07:10:23 - [TEST_CASE][PASSED] - Test Cases/Mobile/Page/Run App/Run App byID: Test Cases/Mobile/Page/Run App/Run App byID

2022-02-10 07:10:24 - [TEST_STEP][PASSED] - startApp.OpenApp.startApplication("id.co.miraeasset.sageclub"): startApp.OpenApp.startApplication is PASSED

2022-02-10 07:10:28 - [MESSAGE][INFO] - Appium server started on port 53,367

2022-02-10 07:10:46 - [MESSAGE][PASSED] - Starting app with application ID: 'id.co.miraeasset.sageclub'

2022-02-10 07:10:46 - [MESSAGE][PASSED] - startApp.OpenApp.startApplication is PASSED

2022-02-10 07:10:46 - [MESSAGE][PASSED] - Call Test Case 'Test Cases/Mobile/Page/Run App/Run App byID' successfully

2022-02-10 07:10:46 - [TEST_STEP][PASSED] - callTestCase(findTestCase("Mobile/Page/News/News"), ["tab":"worldindices"], CONTINUE_ON_FAILURE): Call Test Case 'Test Cases/Mobile/Page/News/News' successfully

2022-02-10 07:10:46 - [TEST_CASE][PASSED] - Test Cases/Mobile/Page/News/News: Test Cases/Mobile/Page/News/News

2022-02-10 07:10:47 - [TEST_STEP][PASSED] - callTestCase(findTestCase("Mobile/Page/CheckLogin"), [:], CONTINUE_ON_FAILURE): Call Test Case 'Test Cases/Mobile/Page/CheckLogin' successfully

2022-02-10 07:10:47 - [TEST_CASE][PASSED] - Test Cases/Mobile/Page/CheckLogin: Test Cases/Mobile/Page/CheckLogin

2022-02-10 07:10:48 - [TEST_STEP][PASSED] - loginCheck = verifyElementExist(LOGN_BtnLogin, 5, CONTINUE_ON_FAILURE): Element 'Object Repository/Mobile/Page/Login/Button - Login' is exist

2022-02-10 07:10:51 - [MESSAGE][WARNING] - Test object with id 'Object Repository/Mobile/Page/Home/Button -  Add Watchlist' does not exist

2022-02-10 07:10:51 - [MESSAGE][WARNING] - Test object with id 'Object Repository/Mobile/Page/Home/Button - Open with Just Once' does not exist

2022-02-10 07:10:51 - [MESSAGE][WARNING] - Test object with id 'Object Repository/Mobile/Page/Home/Container - Notification' does not exist

2022-02-10 07:10:53 - [MESSAGE][WARNING] - Test object with id 'Object Repository/Mobile/Page/Home/Watchlist/Input - Search' does not exist

2022-02-10 07:10:53 - [MESSAGE][WARNING] - Test object with id 'Object Repository/Mobile/Page/Home/Watchlist/Item - Top Search' does not exist

2022-02-10 07:10:54 - [MESSAGE][WARNING] - Test object with id 'Object Repository/Mobile/Page/Home/Watchlist/Detail Watchlist/Item - Watchlist' does not exist

2022-02-10 07:10:54 - [MESSAGE][WARNING] - Test object with id 'Object Repository/Mobile/Page/Home/Watchlist/Detail Watchlist/Scroll - Expiry Date' does not exist

2022-02-10 07:10:54 - [MESSAGE][WARNING] - Test object with id 'Object Repository/Mobile/Page/Home/Watchlist/Detail Watchlist/Scroll - Expiry Month' does not exist

2022-02-10 07:10:54 - [MESSAGE][WARNING] - Test object with id 'Object Repository/Mobile/Page/Home/Watchlist/Detail Watchlist/Scroll - Expiry Year' does not exist

2022-02-10 07:11:06 - [MESSAGE][WARNING] - Test object with id 'Object Repository/Mobile/Page/Home/Watchlist/Detail Watchlist/Alert - Please fill input form' does not exist

2022-02-10 07:11:10 - [MESSAGE][WARNING] - Test object with id 'Object Repository/Mobile/Page/Home/Button -  Add Watchlist' does not exist

2022-02-10 07:11:10 - [MESSAGE][WARNING] - Test object with id 'Object Repository/Mobile/Page/Home/Button - Open with Just Once' does not exist

2022-02-10 07:11:11 - [MESSAGE][WARNING] - Test object with id 'Object Repository/Mobile/Page/Home/Container - Notification' does not exist

2022-02-10 07:11:12 - [MESSAGE][WARNING] - Test object with id 'Object Repository/Mobile/Page/Home/Watchlist/Input - Search' does not exist

2022-02-10 07:11:12 - [MESSAGE][WARNING] - Test object with id 'Object Repository/Mobile/Page/Home/Watchlist/Item - Top Search' does not exist

2022-02-10 07:11:13 - [MESSAGE][WARNING] - Test object with id 'Object Repository/Mobile/Page/Home/Watchlist/Detail Watchlist/Item - Watchlist' does not exist

2022-02-10 07:11:13 - [MESSAGE][WARNING] - Test object with id 'Object Repository/Mobile/Page/Home/Watchlist/Detail Watchlist/Scroll - Expiry Date' does not exist

2022-02-10 07:11:13 - [MESSAGE][WARNING] - Test object with id 'Object Repository/Mobile/Page/Home/Watchlist/Detail Watchlist/Scroll - Expiry Month' does not exist

2022-02-10 07:11:13 - [MESSAGE][WARNING] - Test object with id 'Object Repository/Mobile/Page/Home/Watchlist/Detail Watchlist/Scroll - Expiry Year' does not exist

2022-02-10 07:11:23 - [MESSAGE][WARNING] - Test object with id 'Object Repository/Mobile/Page/Home/Watchlist/Detail Watchlist/Alert - Please fill input form' does not exist

2022-02-10 07:11:24 - [MESSAGE][PASSED] - Element 'Object Repository/Mobile/Page/Login/Button - Login' is exist

2022-02-10 07:11:24 - [TEST_STEP][PASSED] - if (loginCheck): Call Test Case 'Test Cases/Mobile/Page/Login/Login' successfully

2022-02-10 07:11:24 - [TEST_STEP][PASSED] - callTestCase(findTestCase("Mobile/Page/Login/Login"), ["action":"username"], CONTINUE_ON_FAILURE): Call Test Case 'Test Cases/Mobile/Page/Login/Login' successfully

2022-02-10 07:11:24 - [TEST_CASE][PASSED] - Test Cases/Mobile/Page/Login/Login: Test Cases/Mobile/Page/Login/Login

2022-02-10 07:11:25 - [TEST_STEP][PASSED] - delay(2): Delayed 2 second(s)

2022-02-10 07:11:27 - [MESSAGE][PASSED] - Delayed 2 second(s)

2022-02-10 07:11:27 - [TEST_STEP][PASSED] - for ([i = 0, i < 1, (i++)]): null

2022-02-10 07:11:27 - [TEST_STEP][PASSED] - if (action == "username"): null

2022-02-10 07:11:27 - [TEST_STEP][PASSED] - tap(LOGN_EdtUserID, 0): Tapped on element 'Object Repository/Mobile/Page/Login/Input - UserID'

2022-02-10 07:11:27 - [MESSAGE][WARNING] - Timeout '0' is invalid. Using default page load timeout: '60'

2022-02-10 07:11:27 - [MESSAGE][PASSED] - Tapped on element 'Object Repository/Mobile/Page/Login/Input - UserID'

2022-02-10 07:11:27 - [TEST_STEP][PASSED] - delay(1): Delayed 1 second(s)

2022-02-10 07:11:28 - [MESSAGE][PASSED] - Delayed 1 second(s)

2022-02-10 07:11:28 - [TEST_STEP][PASSED] - setText(LOGN_EdtRdyUserID, "anggaaditya", 0): Text 'anggaaditya' has been set to element 'Object Repository/Mobile/Page/Login/Input Rdy - UserID'

2022-02-10 07:11:28 - [MESSAGE][WARNING] - Timeout '0' is invalid. Using default page load timeout: '60'

2022-02-10 07:11:29 - [MESSAGE][PASSED] - Text 'anggaaditya' has been set to element 'Object Repository/Mobile/Page/Login/Input Rdy - UserID'

2022-02-10 07:11:29 - [TEST_STEP][PASSED] - delay(1): Delayed 1 second(s)

2022-02-10 07:11:30 - [MESSAGE][PASSED] - Delayed 1 second(s)

2022-02-10 07:11:30 - [TEST_STEP][PASSED] - hideKeyboard(): Keyboard is hidden

2022-02-10 07:11:34 - [MESSAGE][PASSED] - Keyboard is hidden

2022-02-10 07:11:34 - [TEST_STEP][PASSED] - tap(LOGN_EdtPassword, 0): Tapped on element 'Object Repository/Mobile/Page/Login/Input - Password'

2022-02-10 07:11:34 - [MESSAGE][WARNING] - Timeout '0' is invalid. Using default page load timeout: '60'

2022-02-10 07:11:34 - [MESSAGE][PASSED] - Tapped on element 'Object Repository/Mobile/Page/Login/Input - Password'

2022-02-10 07:11:34 - [TEST_STEP][PASSED] - delay(1): Delayed 1 second(s)

2022-02-10 07:11:35 - [MESSAGE][PASSED] - Delayed 1 second(s)

2022-02-10 07:11:35 - [TEST_STEP][PASSED] - setText(LOGN_EdtRdyPassword, "Shalawa18", 0): Text 'Shalawa18' has been set to element 'Object Repository/Mobile/Page/Login/Input Rdy - Password'

2022-02-10 07:11:35 - [MESSAGE][WARNING] - Timeout '0' is invalid. Using default page load timeout: '60'

2022-02-10 07:11:36 - [MESSAGE][PASSED] - Text 'Shalawa18' has been set to element 'Object Repository/Mobile/Page/Login/Input Rdy - Password'

2022-02-10 07:11:36 - [TEST_STEP][PASSED] - delay(1): Delayed 1 second(s)

2022-02-10 07:11:37 - [MESSAGE][PASSED] - Delayed 1 second(s)

2022-02-10 07:11:37 - [TEST_STEP][PASSED] - hideKeyboard(): Keyboard is hidden

2022-02-10 07:11:43 - [MESSAGE][PASSED] - Keyboard is hidden

2022-02-10 07:11:43 - [TEST_STEP][PASSED] - tap(LOGN_BtnLogin, 0): Tapped on element 'Object Repository/Mobile/Page/Login/Button - Login'

2022-02-10 07:11:43 - [MESSAGE][WARNING] - Timeout '0' is invalid. Using default page load timeout: '60'

2022-02-10 07:11:44 - [MESSAGE][PASSED] - Tapped on element 'Object Repository/Mobile/Page/Login/Button - Login'

2022-02-10 07:11:44 - [TEST_STEP][PASSED] - delay(2): Delayed 2 second(s)

2022-02-10 07:11:46 - [MESSAGE][PASSED] - Delayed 2 second(s)

2022-02-10 07:11:46 - [TEST_STEP][PASSED] - break: null

2022-02-10 07:11:46 - [MESSAGE][PASSED] - Call Test Case 'Test Cases/Mobile/Page/Login/Login' successfully

2022-02-10 07:11:46 - [MESSAGE][PASSED] - Call Test Case 'Test Cases/Mobile/Page/CheckLogin' successfully

2022-02-10 07:11:46 - [TEST_STEP][PASSED] - tap(HOME_MenubarNews, 0): Tapped on element 'Object Repository/Mobile/Page/Home/Menubar - News'

2022-02-10 07:11:46 - [MESSAGE][WARNING] - Timeout '0' is invalid. Using default page load timeout: '60'

2022-02-10 07:11:48 - [MESSAGE][PASSED] - Tapped on element 'Object Repository/Mobile/Page/Home/Menubar - News'

2022-02-10 07:11:48 - [TEST_STEP][PASSED] - delay(1): Delayed 1 second(s)

2022-02-10 07:11:49 - [MESSAGE][PASSED] - Delayed 1 second(s)

2022-02-10 07:11:49 - [TEST_STEP][PASSED] - for ([i = 0, i < 1, (i++)]): null

2022-02-10 07:11:49 - [TEST_STEP][PASSED] - if (tab == "macronews"): null

2022-02-10 07:11:49 - [TEST_STEP][PASSED] - else if (tab == "stocknews"): null

2022-02-10 07:11:49 - [TEST_STEP][PASSED] - else if (tab == "fundnews"): null

2022-02-10 07:11:49 - [TEST_STEP][PASSED] - else if (tab == "bondnews"): null

2022-02-10 07:11:49 - [TEST_STEP][PASSED] - else if (tab == "worldindices"): Delayed 3 second(s)

2022-02-10 07:11:49 - [TEST_STEP][PASSED] - scroll.scroll.scrollScreenRightToLeft(NEWS_TabMacro): scroll.scroll.scrollScreenRightToLeft is PASSED

2022-02-10 07:11:49 - [MESSAGE][WARNING] - Timeout '0' is invalid. Using default page load timeout: '60'

2022-02-10 07:11:50 - [MESSAGE][PASSED] - Object 'Object Repository/Mobile/Page/News/Tab - Macro' has left position '14'

2022-02-10 07:11:50 - [MESSAGE][WARNING] - Timeout '0' is invalid. Using default page load timeout: '60'

2022-02-10 07:11:50 - [MESSAGE][PASSED] - Object 'Object Repository/Mobile/Page/News/Tab - Macro' has top position '245'

2022-02-10 07:11:50 - [MESSAGE][WARNING] - Timeout '0' is invalid. Using default page load timeout: '60'

2022-02-10 07:11:50 - [MESSAGE][PASSED] - Object 'Object Repository/Mobile/Page/News/Tab - Macro' has width: '215'

2022-02-10 07:11:50 - [MESSAGE][WARNING] - Timeout '0' is invalid. Using default page load timeout: '60'

2022-02-10 07:11:50 - [MESSAGE][PASSED] - Object 'Object Repository/Mobile/Page/News/Tab - Macro' has height: '84'

2022-02-10 07:11:51 - [MESSAGE][PASSED] - Current device physical width is 720

2022-02-10 07:11:52 - [MESSAGE][PASSED] - Swiped from 620,287 to 100,287

2022-02-10 07:11:52 - [MESSAGE][PASSED] - scroll.scroll.scrollScreenRightToLeft is PASSED

2022-02-10 07:11:52 - [TEST_STEP][PASSED] - delay(1): Delayed 1 second(s)

2022-02-10 07:11:53 - [MESSAGE][PASSED] - Delayed 1 second(s)

2022-02-10 07:11:53 - [TEST_STEP][PASSED] - tap(NEWS_TabWorldIndices, 0): Tapped on element 'Object Repository/Mobile/Page/News/Tab - World Indices'

2022-02-10 07:11:53 - [MESSAGE][WARNING] - Timeout '0' is invalid. Using default page load timeout: '60'

2022-02-10 07:11:54 - [MESSAGE][PASSED] - Tapped on element 'Object Repository/Mobile/Page/News/Tab - World Indices'

2022-02-10 07:11:54 - [TEST_STEP][PASSED] - delay(1): Delayed 1 second(s)

2022-02-10 07:11:55 - [MESSAGE][PASSED] - Delayed 1 second(s)

2022-02-10 07:11:55 - [TEST_STEP][PASSED] - tap(NEWS_BtnIndices, 0): Tapped on element 'Object Repository/Mobile/Page/News/Button - Indices'

2022-02-10 07:11:55 - [MESSAGE][WARNING] - Timeout '0' is invalid. Using default page load timeout: '60'

2022-02-10 07:11:57 - [MESSAGE][PASSED] - Tapped on element 'Object Repository/Mobile/Page/News/Button - Indices'

2022-02-10 07:11:57 - [TEST_STEP][PASSED] - delay(3): Delayed 3 second(s)

2022-02-10 07:12:00 - [MESSAGE][PASSED] - Delayed 3 second(s)

2022-02-10 07:12:00 - [TEST_STEP][PASSED] - tap(NEWS_BtnCurrencies, 0): Tapped on element 'Object Repository/Mobile/Page/News/Button - Currencies'

2022-02-10 07:12:00 - [MESSAGE][WARNING] - Timeout '0' is invalid. Using default page load timeout: '60'

2022-02-10 07:12:01 - [MESSAGE][PASSED] - Tapped on element 'Object Repository/Mobile/Page/News/Button - Currencies'

2022-02-10 07:12:01 - [TEST_STEP][PASSED] - delay(3): Delayed 3 second(s)

2022-02-10 07:12:04 - [MESSAGE][PASSED] - Delayed 3 second(s)

2022-02-10 07:12:04 - [TEST_STEP][PASSED] - tap(NEWS_BtnCommodities, 0): Tapped on element 'Object Repository/Mobile/Page/News/Button - Commodities'

2022-02-10 07:12:04 - [MESSAGE][WARNING] - Timeout '0' is invalid. Using default page load timeout: '60'

2022-02-10 07:12:05 - [MESSAGE][PASSED] - Tapped on element 'Object Repository/Mobile/Page/News/Button - Commodities'

2022-02-10 07:12:05 - [TEST_STEP][PASSED] - delay(3): Delayed 3 second(s)

2022-02-10 07:12:08 - [MESSAGE][PASSED] - Delayed 3 second(s)

2022-02-10 07:12:08 - [TEST_STEP][PASSED] - delay(1): Delayed 1 second(s)

2022-02-10 07:12:09 - [MESSAGE][PASSED] - Delayed 1 second(s)

2022-02-10 07:12:09 - [TEST_STEP][PASSED] - if (tab != "worldindices"): null

2022-02-10 07:12:09 - [MESSAGE][PASSED] - Call Test Case 'Test Cases/Mobile/Page/News/News' successfully

2022-02-10 07:12:09 - [TEST_STEP][PASSED] - callTestCase(findTestCase("Mobile/Page/Run App/Terminate App"), [:], STOP_ON_FAILURE): Call Test Case 'Test Cases/Mobile/Page/Run App/Terminate App' successfully

2022-02-10 07:12:09 - [TEST_CASE][PASSED] - Test Cases/Mobile/Page/Run App/Terminate App: Test Cases/Mobile/Page/Run App/Terminate App

2022-02-10 07:12:10 - [TEST_STEP][PASSED] - startApp.OpenApp.terminateApplication(): startApp.OpenApp.terminateApplication is PASSED

2022-02-10 07:12:13 - [MESSAGE][PASSED] - Delayed 3 second(s)

2022-02-10 07:12:13 - [MESSAGE][PASSED] - Current device physical width is 720

2022-02-10 07:12:13 - [MESSAGE][PASSED] - Current device physical height is 1423

2022-02-10 07:12:15 - [MESSAGE][PASSED] - Swiped from 360,853 to 360,142

2022-02-10 07:12:16 - [MESSAGE][PASSED] - Delayed 1 second(s)

2022-02-10 07:12:17 - [MESSAGE][PASSED] - Swiped from 360,853 to 360,142

2022-02-10 07:12:20 - [MESSAGE][PASSED] - Delayed 3 second(s)

2022-02-10 07:12:20 - [MESSAGE][PASSED] - startApp.OpenApp.terminateApplication is PASSED

2022-02-10 07:12:20 - [MESSAGE][PASSED] - Call Test Case 'Test Cases/Mobile/Page/Run App/Terminate App' successfully]]></system-out>
         <system-err><![CDATA[]]></system-err>
      </testcase>
      <testcase name="Test Cases/Mobile/Scenario/News/002 - News Stock" time="65.565" classname="Test Cases/Mobile/Scenario/News/002 - News Stock" status="PASSED">
         <system-out><![CDATA[2022-02-10 07:12:20 - [TEST_CASE][PASSED] - Test Cases/Mobile/Scenario/News/002 - News Stock: Test Cases/Mobile/Scenario/News/002 - News Stock

2022-02-10 07:12:21 - [TEST_STEP][PASSED] - callTestCase(findTestCase("Mobile/Page/Run App/Run App byID"), [:], STOP_ON_FAILURE): Call Test Case 'Test Cases/Mobile/Page/Run App/Run App byID' successfully

2022-02-10 07:12:21 - [TEST_CASE][PASSED] - Test Cases/Mobile/Page/Run App/Run App byID: Test Cases/Mobile/Page/Run App/Run App byID

2022-02-10 07:12:21 - [TEST_STEP][PASSED] - startApp.OpenApp.startApplication("id.co.miraeasset.sageclub"): startApp.OpenApp.startApplication is PASSED

2022-02-10 07:12:35 - [MESSAGE][PASSED] - Starting app with application ID: 'id.co.miraeasset.sageclub'

2022-02-10 07:12:35 - [MESSAGE][PASSED] - startApp.OpenApp.startApplication is PASSED

2022-02-10 07:12:35 - [MESSAGE][PASSED] - Call Test Case 'Test Cases/Mobile/Page/Run App/Run App byID' successfully

2022-02-10 07:12:35 - [TEST_STEP][PASSED] - callTestCase(findTestCase("Mobile/Page/News/News"), ["tab":"stocknews"], CONTINUE_ON_FAILURE): Call Test Case 'Test Cases/Mobile/Page/News/News' successfully

2022-02-10 07:12:35 - [TEST_CASE][PASSED] - Test Cases/Mobile/Page/News/News: Test Cases/Mobile/Page/News/News

2022-02-10 07:12:35 - [TEST_STEP][PASSED] - callTestCase(findTestCase("Mobile/Page/CheckLogin"), [:], CONTINUE_ON_FAILURE): Call Test Case 'Test Cases/Mobile/Page/CheckLogin' successfully

2022-02-10 07:12:35 - [TEST_CASE][PASSED] - Test Cases/Mobile/Page/CheckLogin: Test Cases/Mobile/Page/CheckLogin

2022-02-10 07:12:35 - [TEST_STEP][PASSED] - loginCheck = verifyElementExist(LOGN_BtnLogin, 5, CONTINUE_ON_FAILURE): Element 'Object Repository/Mobile/Page/Login/Button - Login' is exist

2022-02-10 07:12:37 - [MESSAGE][PASSED] - Element 'Object Repository/Mobile/Page/Login/Button - Login' is exist

2022-02-10 07:12:37 - [TEST_STEP][PASSED] - if (loginCheck): Call Test Case 'Test Cases/Mobile/Page/Login/Login' successfully

2022-02-10 07:12:37 - [TEST_STEP][PASSED] - callTestCase(findTestCase("Mobile/Page/Login/Login"), ["action":"username"], CONTINUE_ON_FAILURE): Call Test Case 'Test Cases/Mobile/Page/Login/Login' successfully

2022-02-10 07:12:38 - [TEST_CASE][PASSED] - Test Cases/Mobile/Page/Login/Login: Test Cases/Mobile/Page/Login/Login

2022-02-10 07:12:38 - [TEST_STEP][PASSED] - delay(2): Delayed 2 second(s)

2022-02-10 07:12:40 - [MESSAGE][PASSED] - Delayed 2 second(s)

2022-02-10 07:12:40 - [TEST_STEP][PASSED] - for ([i = 0, i < 1, (i++)]): null

2022-02-10 07:12:40 - [TEST_STEP][PASSED] - if (action == "username"): null

2022-02-10 07:12:40 - [TEST_STEP][PASSED] - tap(LOGN_EdtUserID, 0): Tapped on element 'Object Repository/Mobile/Page/Login/Input - UserID'

2022-02-10 07:12:40 - [MESSAGE][WARNING] - Timeout '0' is invalid. Using default page load timeout: '60'

2022-02-10 07:12:40 - [MESSAGE][PASSED] - Tapped on element 'Object Repository/Mobile/Page/Login/Input - UserID'

2022-02-10 07:12:40 - [TEST_STEP][PASSED] - delay(1): Delayed 1 second(s)

2022-02-10 07:12:41 - [MESSAGE][PASSED] - Delayed 1 second(s)

2022-02-10 07:12:41 - [TEST_STEP][PASSED] - setText(LOGN_EdtRdyUserID, "anggaaditya", 0): Text 'anggaaditya' has been set to element 'Object Repository/Mobile/Page/Login/Input Rdy - UserID'

2022-02-10 07:12:41 - [MESSAGE][WARNING] - Timeout '0' is invalid. Using default page load timeout: '60'

2022-02-10 07:12:42 - [MESSAGE][PASSED] - Text 'anggaaditya' has been set to element 'Object Repository/Mobile/Page/Login/Input Rdy - UserID'

2022-02-10 07:12:42 - [TEST_STEP][PASSED] - delay(1): Delayed 1 second(s)

2022-02-10 07:12:43 - [MESSAGE][PASSED] - Delayed 1 second(s)

2022-02-10 07:12:43 - [TEST_STEP][PASSED] - hideKeyboard(): Keyboard is hidden

2022-02-10 07:12:47 - [MESSAGE][PASSED] - Keyboard is hidden

2022-02-10 07:12:47 - [TEST_STEP][PASSED] - tap(LOGN_EdtPassword, 0): Tapped on element 'Object Repository/Mobile/Page/Login/Input - Password'

2022-02-10 07:12:47 - [MESSAGE][WARNING] - Timeout '0' is invalid. Using default page load timeout: '60'

2022-02-10 07:12:48 - [MESSAGE][PASSED] - Tapped on element 'Object Repository/Mobile/Page/Login/Input - Password'

2022-02-10 07:12:48 - [TEST_STEP][PASSED] - delay(1): Delayed 1 second(s)

2022-02-10 07:12:49 - [MESSAGE][PASSED] - Delayed 1 second(s)

2022-02-10 07:12:49 - [TEST_STEP][PASSED] - setText(LOGN_EdtRdyPassword, "Shalawa18", 0): Text 'Shalawa18' has been set to element 'Object Repository/Mobile/Page/Login/Input Rdy - Password'

2022-02-10 07:12:49 - [MESSAGE][WARNING] - Timeout '0' is invalid. Using default page load timeout: '60'

2022-02-10 07:12:50 - [MESSAGE][PASSED] - Text 'Shalawa18' has been set to element 'Object Repository/Mobile/Page/Login/Input Rdy - Password'

2022-02-10 07:12:50 - [TEST_STEP][PASSED] - delay(1): Delayed 1 second(s)

2022-02-10 07:12:51 - [MESSAGE][PASSED] - Delayed 1 second(s)

2022-02-10 07:12:51 - [TEST_STEP][PASSED] - hideKeyboard(): Keyboard is hidden

2022-02-10 07:12:58 - [MESSAGE][PASSED] - Keyboard is hidden

2022-02-10 07:12:58 - [TEST_STEP][PASSED] - tap(LOGN_BtnLogin, 0): Tapped on element 'Object Repository/Mobile/Page/Login/Button - Login'

2022-02-10 07:12:58 - [MESSAGE][WARNING] - Timeout '0' is invalid. Using default page load timeout: '60'

2022-02-10 07:12:59 - [MESSAGE][PASSED] - Tapped on element 'Object Repository/Mobile/Page/Login/Button - Login'

2022-02-10 07:12:59 - [TEST_STEP][PASSED] - delay(2): Delayed 2 second(s)

2022-02-10 07:13:01 - [MESSAGE][PASSED] - Delayed 2 second(s)

2022-02-10 07:13:01 - [TEST_STEP][PASSED] - break: null

2022-02-10 07:13:01 - [MESSAGE][PASSED] - Call Test Case 'Test Cases/Mobile/Page/Login/Login' successfully

2022-02-10 07:13:01 - [MESSAGE][PASSED] - Call Test Case 'Test Cases/Mobile/Page/CheckLogin' successfully

2022-02-10 07:13:01 - [TEST_STEP][PASSED] - tap(HOME_MenubarNews, 0): Tapped on element 'Object Repository/Mobile/Page/Home/Menubar - News'

2022-02-10 07:13:01 - [MESSAGE][WARNING] - Timeout '0' is invalid. Using default page load timeout: '60'

2022-02-10 07:13:02 - [MESSAGE][PASSED] - Tapped on element 'Object Repository/Mobile/Page/Home/Menubar - News'

2022-02-10 07:13:02 - [TEST_STEP][PASSED] - delay(1): Delayed 1 second(s)

2022-02-10 07:13:03 - [MESSAGE][PASSED] - Delayed 1 second(s)

2022-02-10 07:13:03 - [TEST_STEP][PASSED] - for ([i = 0, i < 1, (i++)]): Delayed 3 second(s)

2022-02-10 07:13:03 - [TEST_STEP][PASSED] - if (tab == "macronews"): null

2022-02-10 07:13:03 - [TEST_STEP][PASSED] - else if (tab == "stocknews"): Tapped on element 'Object Repository/Mobile/Page/News/Tab - Stock'

2022-02-10 07:13:03 - [TEST_STEP][PASSED] - tap(NEWS_TabStock, 0): Tapped on element 'Object Repository/Mobile/Page/News/Tab - Stock'

2022-02-10 07:13:03 - [MESSAGE][WARNING] - Timeout '0' is invalid. Using default page load timeout: '60'

2022-02-10 07:13:05 - [MESSAGE][PASSED] - Tapped on element 'Object Repository/Mobile/Page/News/Tab - Stock'

2022-02-10 07:13:05 - [TEST_STEP][PASSED] - delay(1): Delayed 1 second(s)

2022-02-10 07:13:06 - [MESSAGE][PASSED] - Delayed 1 second(s)

2022-02-10 07:13:06 - [TEST_STEP][PASSED] - if (tab != "worldindices"): Delayed 3 second(s)

2022-02-10 07:13:06 - [TEST_STEP][PASSED] - try: Delayed 3 second(s)

2022-02-10 07:13:06 - [TEST_STEP][PASSED] - tapAndHold(NEWS_ItemTopNews, 1, 10): Tapped and held on element 'Object Repository/Mobile/Page/News/Item - Top News' with duration 1

2022-02-10 07:13:09 - [MESSAGE][PASSED] - Tapped and held on element 'Object Repository/Mobile/Page/News/Item - Top News' with duration 1

2022-02-10 07:13:09 - [TEST_STEP][PASSED] - delay(1): Delayed 1 second(s)

2022-02-10 07:13:10 - [MESSAGE][PASSED] - Delayed 1 second(s)

2022-02-10 07:13:10 - [TEST_STEP][PASSED] - scroll.scroll.scrollScreenBottomToTop(): scroll.scroll.scrollScreenBottomToTop is PASSED

2022-02-10 07:13:11 - [MESSAGE][PASSED] - Current device physical height is 1423

2022-02-10 07:13:11 - [MESSAGE][PASSED] - Current device physical width is 720

2022-02-10 07:13:12 - [MESSAGE][PASSED] - Swiped from 360,1,138 to 360,284

2022-02-10 07:13:12 - [MESSAGE][PASSED] - scroll.scroll.scrollScreenBottomToTop is PASSED

2022-02-10 07:13:12 - [TEST_STEP][PASSED] - delay(3): Delayed 3 second(s)

2022-02-10 07:13:15 - [MESSAGE][PASSED] - Delayed 3 second(s)

2022-02-10 07:13:15 - [MESSAGE][PASSED] - Call Test Case 'Test Cases/Mobile/Page/News/News' successfully

2022-02-10 07:13:15 - [TEST_STEP][PASSED] - callTestCase(findTestCase("Mobile/Page/Run App/Terminate App"), [:], STOP_ON_FAILURE): Call Test Case 'Test Cases/Mobile/Page/Run App/Terminate App' successfully

2022-02-10 07:13:15 - [TEST_CASE][PASSED] - Test Cases/Mobile/Page/Run App/Terminate App: Test Cases/Mobile/Page/Run App/Terminate App

2022-02-10 07:13:15 - [TEST_STEP][PASSED] - startApp.OpenApp.terminateApplication(): startApp.OpenApp.terminateApplication is PASSED

2022-02-10 07:13:18 - [MESSAGE][PASSED] - Delayed 3 second(s)

2022-02-10 07:13:19 - [MESSAGE][PASSED] - Current device physical width is 720

2022-02-10 07:13:19 - [MESSAGE][PASSED] - Current device physical height is 1423

2022-02-10 07:13:20 - [MESSAGE][PASSED] - Swiped from 360,853 to 360,142

2022-02-10 07:13:21 - [MESSAGE][PASSED] - Delayed 1 second(s)

2022-02-10 07:13:23 - [MESSAGE][PASSED] - Swiped from 360,853 to 360,142

2022-02-10 07:13:26 - [MESSAGE][PASSED] - Delayed 3 second(s)

2022-02-10 07:13:26 - [MESSAGE][PASSED] - startApp.OpenApp.terminateApplication is PASSED

2022-02-10 07:13:26 - [MESSAGE][PASSED] - Call Test Case 'Test Cases/Mobile/Page/Run App/Terminate App' successfully]]></system-out>
         <system-err><![CDATA[]]></system-err>
      </testcase>
      <testcase name="Test Cases/Mobile/Scenario/News/003 - News Fund" time="67.444" classname="Test Cases/Mobile/Scenario/News/003 - News Fund" status="PASSED">
         <system-out><![CDATA[2022-02-10 07:13:26 - [TEST_CASE][PASSED] - Test Cases/Mobile/Scenario/News/003 - News Fund: Test Cases/Mobile/Scenario/News/003 - News Fund

2022-02-10 07:13:26 - [TEST_STEP][PASSED] - callTestCase(findTestCase("Mobile/Page/Run App/Run App byID"), [:], STOP_ON_FAILURE): Call Test Case 'Test Cases/Mobile/Page/Run App/Run App byID' successfully

2022-02-10 07:13:26 - [TEST_CASE][PASSED] - Test Cases/Mobile/Page/Run App/Run App byID: Test Cases/Mobile/Page/Run App/Run App byID

2022-02-10 07:13:26 - [TEST_STEP][PASSED] - startApp.OpenApp.startApplication("id.co.miraeasset.sageclub"): startApp.OpenApp.startApplication is PASSED

2022-02-10 07:13:42 - [MESSAGE][PASSED] - Starting app with application ID: 'id.co.miraeasset.sageclub'

2022-02-10 07:13:42 - [MESSAGE][PASSED] - startApp.OpenApp.startApplication is PASSED

2022-02-10 07:13:42 - [MESSAGE][PASSED] - Call Test Case 'Test Cases/Mobile/Page/Run App/Run App byID' successfully

2022-02-10 07:13:42 - [TEST_STEP][PASSED] - callTestCase(findTestCase("Mobile/Page/News/News"), ["tab":"fundnews"], CONTINUE_ON_FAILURE): Call Test Case 'Test Cases/Mobile/Page/News/News' successfully

2022-02-10 07:13:42 - [TEST_CASE][PASSED] - Test Cases/Mobile/Page/News/News: Test Cases/Mobile/Page/News/News

2022-02-10 07:13:42 - [TEST_STEP][PASSED] - callTestCase(findTestCase("Mobile/Page/CheckLogin"), [:], CONTINUE_ON_FAILURE): Call Test Case 'Test Cases/Mobile/Page/CheckLogin' successfully

2022-02-10 07:13:42 - [TEST_CASE][PASSED] - Test Cases/Mobile/Page/CheckLogin: Test Cases/Mobile/Page/CheckLogin

2022-02-10 07:13:42 - [TEST_STEP][PASSED] - loginCheck = verifyElementExist(LOGN_BtnLogin, 5, CONTINUE_ON_FAILURE): Element 'Object Repository/Mobile/Page/Login/Button - Login' is exist

2022-02-10 07:13:44 - [MESSAGE][PASSED] - Element 'Object Repository/Mobile/Page/Login/Button - Login' is exist

2022-02-10 07:13:44 - [TEST_STEP][PASSED] - if (loginCheck): Call Test Case 'Test Cases/Mobile/Page/Login/Login' successfully

2022-02-10 07:13:44 - [TEST_STEP][PASSED] - callTestCase(findTestCase("Mobile/Page/Login/Login"), ["action":"username"], CONTINUE_ON_FAILURE): Call Test Case 'Test Cases/Mobile/Page/Login/Login' successfully

2022-02-10 07:13:44 - [TEST_CASE][PASSED] - Test Cases/Mobile/Page/Login/Login: Test Cases/Mobile/Page/Login/Login

2022-02-10 07:13:44 - [TEST_STEP][PASSED] - delay(2): Delayed 2 second(s)

2022-02-10 07:13:46 - [MESSAGE][PASSED] - Delayed 2 second(s)

2022-02-10 07:13:46 - [TEST_STEP][PASSED] - for ([i = 0, i < 1, (i++)]): null

2022-02-10 07:13:46 - [TEST_STEP][PASSED] - if (action == "username"): null

2022-02-10 07:13:46 - [TEST_STEP][PASSED] - tap(LOGN_EdtUserID, 0): Tapped on element 'Object Repository/Mobile/Page/Login/Input - UserID'

2022-02-10 07:13:46 - [MESSAGE][WARNING] - Timeout '0' is invalid. Using default page load timeout: '60'

2022-02-10 07:13:47 - [MESSAGE][PASSED] - Tapped on element 'Object Repository/Mobile/Page/Login/Input - UserID'

2022-02-10 07:13:47 - [TEST_STEP][PASSED] - delay(1): Delayed 1 second(s)

2022-02-10 07:13:48 - [MESSAGE][PASSED] - Delayed 1 second(s)

2022-02-10 07:13:48 - [TEST_STEP][PASSED] - setText(LOGN_EdtRdyUserID, "anggaaditya", 0): Text 'anggaaditya' has been set to element 'Object Repository/Mobile/Page/Login/Input Rdy - UserID'

2022-02-10 07:13:48 - [MESSAGE][WARNING] - Timeout '0' is invalid. Using default page load timeout: '60'

2022-02-10 07:13:49 - [MESSAGE][PASSED] - Text 'anggaaditya' has been set to element 'Object Repository/Mobile/Page/Login/Input Rdy - UserID'

2022-02-10 07:13:49 - [TEST_STEP][PASSED] - delay(1): Delayed 1 second(s)

2022-02-10 07:13:50 - [MESSAGE][PASSED] - Delayed 1 second(s)

2022-02-10 07:13:50 - [TEST_STEP][PASSED] - hideKeyboard(): Keyboard is hidden

2022-02-10 07:13:54 - [MESSAGE][PASSED] - Keyboard is hidden

2022-02-10 07:13:54 - [TEST_STEP][PASSED] - tap(LOGN_EdtPassword, 0): Tapped on element 'Object Repository/Mobile/Page/Login/Input - Password'

2022-02-10 07:13:54 - [MESSAGE][WARNING] - Timeout '0' is invalid. Using default page load timeout: '60'

2022-02-10 07:13:54 - [MESSAGE][PASSED] - Tapped on element 'Object Repository/Mobile/Page/Login/Input - Password'

2022-02-10 07:13:54 - [TEST_STEP][PASSED] - delay(1): Delayed 1 second(s)

2022-02-10 07:13:55 - [MESSAGE][PASSED] - Delayed 1 second(s)

2022-02-10 07:13:55 - [TEST_STEP][PASSED] - setText(LOGN_EdtRdyPassword, "Shalawa18", 0): Text 'Shalawa18' has been set to element 'Object Repository/Mobile/Page/Login/Input Rdy - Password'

2022-02-10 07:13:55 - [MESSAGE][WARNING] - Timeout '0' is invalid. Using default page load timeout: '60'

2022-02-10 07:13:56 - [MESSAGE][PASSED] - Text 'Shalawa18' has been set to element 'Object Repository/Mobile/Page/Login/Input Rdy - Password'

2022-02-10 07:13:56 - [TEST_STEP][PASSED] - delay(1): Delayed 1 second(s)

2022-02-10 07:13:57 - [MESSAGE][PASSED] - Delayed 1 second(s)

2022-02-10 07:13:57 - [TEST_STEP][PASSED] - hideKeyboard(): Keyboard is hidden

2022-02-10 07:14:03 - [MESSAGE][PASSED] - Keyboard is hidden

2022-02-10 07:14:03 - [TEST_STEP][PASSED] - tap(LOGN_BtnLogin, 0): Tapped on element 'Object Repository/Mobile/Page/Login/Button - Login'

2022-02-10 07:14:03 - [MESSAGE][WARNING] - Timeout '0' is invalid. Using default page load timeout: '60'

2022-02-10 07:14:04 - [MESSAGE][PASSED] - Tapped on element 'Object Repository/Mobile/Page/Login/Button - Login'

2022-02-10 07:14:04 - [TEST_STEP][PASSED] - delay(2): Delayed 2 second(s)

2022-02-10 07:14:06 - [MESSAGE][PASSED] - Delayed 2 second(s)

2022-02-10 07:14:06 - [TEST_STEP][PASSED] - break: null

2022-02-10 07:14:06 - [MESSAGE][PASSED] - Call Test Case 'Test Cases/Mobile/Page/Login/Login' successfully

2022-02-10 07:14:06 - [MESSAGE][PASSED] - Call Test Case 'Test Cases/Mobile/Page/CheckLogin' successfully

2022-02-10 07:14:06 - [TEST_STEP][PASSED] - tap(HOME_MenubarNews, 0): Tapped on element 'Object Repository/Mobile/Page/Home/Menubar - News'

2022-02-10 07:14:06 - [MESSAGE][WARNING] - Timeout '0' is invalid. Using default page load timeout: '60'

2022-02-10 07:14:10 - [MESSAGE][PASSED] - Tapped on element 'Object Repository/Mobile/Page/Home/Menubar - News'

2022-02-10 07:14:10 - [TEST_STEP][PASSED] - delay(1): Delayed 1 second(s)

2022-02-10 07:14:11 - [MESSAGE][PASSED] - Delayed 1 second(s)

2022-02-10 07:14:11 - [TEST_STEP][PASSED] - for ([i = 0, i < 1, (i++)]): Delayed 3 second(s)

2022-02-10 07:14:11 - [TEST_STEP][PASSED] - if (tab == "macronews"): null

2022-02-10 07:14:11 - [TEST_STEP][PASSED] - else if (tab == "stocknews"): null

2022-02-10 07:14:11 - [TEST_STEP][PASSED] - else if (tab == "fundnews"): Tapped on element 'Object Repository/Mobile/Page/News/Tab - Fund'

2022-02-10 07:14:11 - [TEST_STEP][PASSED] - tap(NEWS_TabFund, 0): Tapped on element 'Object Repository/Mobile/Page/News/Tab - Fund'

2022-02-10 07:14:11 - [MESSAGE][WARNING] - Timeout '0' is invalid. Using default page load timeout: '60'

2022-02-10 07:14:13 - [MESSAGE][PASSED] - Tapped on element 'Object Repository/Mobile/Page/News/Tab - Fund'

2022-02-10 07:14:13 - [TEST_STEP][PASSED] - delay(1): Delayed 1 second(s)

2022-02-10 07:14:14 - [MESSAGE][PASSED] - Delayed 1 second(s)

2022-02-10 07:14:14 - [TEST_STEP][PASSED] - if (tab != "worldindices"): Delayed 3 second(s)

2022-02-10 07:14:14 - [TEST_STEP][PASSED] - try: Delayed 3 second(s)

2022-02-10 07:14:14 - [TEST_STEP][PASSED] - tapAndHold(NEWS_ItemTopNews, 1, 10): Tapped and held on element 'Object Repository/Mobile/Page/News/Item - Top News' with duration 1

2022-02-10 07:14:17 - [MESSAGE][PASSED] - Tapped and held on element 'Object Repository/Mobile/Page/News/Item - Top News' with duration 1

2022-02-10 07:14:17 - [TEST_STEP][PASSED] - delay(1): Delayed 1 second(s)

2022-02-10 07:14:18 - [MESSAGE][PASSED] - Delayed 1 second(s)

2022-02-10 07:14:18 - [TEST_STEP][PASSED] - scroll.scroll.scrollScreenBottomToTop(): scroll.scroll.scrollScreenBottomToTop is PASSED

2022-02-10 07:14:18 - [MESSAGE][PASSED] - Current device physical height is 1423

2022-02-10 07:14:18 - [MESSAGE][PASSED] - Current device physical width is 720

2022-02-10 07:14:20 - [MESSAGE][PASSED] - Swiped from 360,1,138 to 360,284

2022-02-10 07:14:20 - [MESSAGE][PASSED] - scroll.scroll.scrollScreenBottomToTop is PASSED

2022-02-10 07:14:20 - [TEST_STEP][PASSED] - delay(3): Delayed 3 second(s)

2022-02-10 07:14:23 - [MESSAGE][PASSED] - Delayed 3 second(s)

2022-02-10 07:14:23 - [MESSAGE][PASSED] - Call Test Case 'Test Cases/Mobile/Page/News/News' successfully

2022-02-10 07:14:23 - [TEST_STEP][PASSED] - callTestCase(findTestCase("Mobile/Page/Run App/Terminate App"), [:], STOP_ON_FAILURE): Call Test Case 'Test Cases/Mobile/Page/Run App/Terminate App' successfully

2022-02-10 07:14:23 - [TEST_CASE][PASSED] - Test Cases/Mobile/Page/Run App/Terminate App: Test Cases/Mobile/Page/Run App/Terminate App

2022-02-10 07:14:23 - [TEST_STEP][PASSED] - startApp.OpenApp.terminateApplication(): startApp.OpenApp.terminateApplication is PASSED

2022-02-10 07:14:26 - [MESSAGE][PASSED] - Delayed 3 second(s)

2022-02-10 07:14:26 - [MESSAGE][PASSED] - Current device physical width is 720

2022-02-10 07:14:26 - [MESSAGE][PASSED] - Current device physical height is 1423

2022-02-10 07:14:28 - [MESSAGE][PASSED] - Swiped from 360,853 to 360,142

2022-02-10 07:14:29 - [MESSAGE][PASSED] - Delayed 1 second(s)

2022-02-10 07:14:30 - [MESSAGE][PASSED] - Swiped from 360,853 to 360,142

2022-02-10 07:14:33 - [MESSAGE][PASSED] - Delayed 3 second(s)

2022-02-10 07:14:33 - [MESSAGE][PASSED] - startApp.OpenApp.terminateApplication is PASSED

2022-02-10 07:14:33 - [MESSAGE][PASSED] - Call Test Case 'Test Cases/Mobile/Page/Run App/Terminate App' successfully]]></system-out>
         <system-err><![CDATA[]]></system-err>
      </testcase>
      <testcase name="Test Cases/Mobile/Scenario/News/004 - Bond News" time="65.181" classname="Test Cases/Mobile/Scenario/News/004 - Bond News" status="PASSED">
         <system-out><![CDATA[2022-02-10 07:14:33 - [TEST_CASE][PASSED] - Test Cases/Mobile/Scenario/News/004 - Bond News: Test Cases/Mobile/Scenario/News/004 - Bond News

2022-02-10 07:14:34 - [TEST_STEP][PASSED] - callTestCase(findTestCase("Mobile/Page/Run App/Run App byID"), [:], STOP_ON_FAILURE): Call Test Case 'Test Cases/Mobile/Page/Run App/Run App byID' successfully

2022-02-10 07:14:34 - [TEST_CASE][PASSED] - Test Cases/Mobile/Page/Run App/Run App byID: Test Cases/Mobile/Page/Run App/Run App byID

2022-02-10 07:14:34 - [TEST_STEP][PASSED] - startApp.OpenApp.startApplication("id.co.miraeasset.sageclub"): startApp.OpenApp.startApplication is PASSED

2022-02-10 07:14:50 - [MESSAGE][PASSED] - Starting app with application ID: 'id.co.miraeasset.sageclub'

2022-02-10 07:14:50 - [MESSAGE][PASSED] - startApp.OpenApp.startApplication is PASSED

2022-02-10 07:14:50 - [MESSAGE][PASSED] - Call Test Case 'Test Cases/Mobile/Page/Run App/Run App byID' successfully

2022-02-10 07:14:50 - [TEST_STEP][PASSED] - callTestCase(findTestCase("Mobile/Page/News/News"), ["tab":"bondnews"], CONTINUE_ON_FAILURE): Call Test Case 'Test Cases/Mobile/Page/News/News' successfully

2022-02-10 07:14:50 - [TEST_CASE][PASSED] - Test Cases/Mobile/Page/News/News: Test Cases/Mobile/Page/News/News

2022-02-10 07:14:50 - [TEST_STEP][PASSED] - callTestCase(findTestCase("Mobile/Page/CheckLogin"), [:], CONTINUE_ON_FAILURE): Call Test Case 'Test Cases/Mobile/Page/CheckLogin' successfully

2022-02-10 07:14:50 - [TEST_CASE][PASSED] - Test Cases/Mobile/Page/CheckLogin: Test Cases/Mobile/Page/CheckLogin

2022-02-10 07:14:50 - [TEST_STEP][PASSED] - loginCheck = verifyElementExist(LOGN_BtnLogin, 5, CONTINUE_ON_FAILURE): Element 'Object Repository/Mobile/Page/Login/Button - Login' is exist

2022-02-10 07:14:52 - [MESSAGE][PASSED] - Element 'Object Repository/Mobile/Page/Login/Button - Login' is exist

2022-02-10 07:14:52 - [TEST_STEP][PASSED] - if (loginCheck): Call Test Case 'Test Cases/Mobile/Page/Login/Login' successfully

2022-02-10 07:14:52 - [TEST_STEP][PASSED] - callTestCase(findTestCase("Mobile/Page/Login/Login"), ["action":"username"], CONTINUE_ON_FAILURE): Call Test Case 'Test Cases/Mobile/Page/Login/Login' successfully

2022-02-10 07:14:52 - [TEST_CASE][PASSED] - Test Cases/Mobile/Page/Login/Login: Test Cases/Mobile/Page/Login/Login

2022-02-10 07:14:52 - [TEST_STEP][PASSED] - delay(2): Delayed 2 second(s)

2022-02-10 07:14:54 - [MESSAGE][PASSED] - Delayed 2 second(s)

2022-02-10 07:14:54 - [TEST_STEP][PASSED] - for ([i = 0, i < 1, (i++)]): null

2022-02-10 07:14:54 - [TEST_STEP][PASSED] - if (action == "username"): null

2022-02-10 07:14:54 - [TEST_STEP][PASSED] - tap(LOGN_EdtUserID, 0): Tapped on element 'Object Repository/Mobile/Page/Login/Input - UserID'

2022-02-10 07:14:54 - [MESSAGE][WARNING] - Timeout '0' is invalid. Using default page load timeout: '60'

2022-02-10 07:14:55 - [MESSAGE][PASSED] - Tapped on element 'Object Repository/Mobile/Page/Login/Input - UserID'

2022-02-10 07:14:55 - [TEST_STEP][PASSED] - delay(1): Delayed 1 second(s)

2022-02-10 07:14:56 - [MESSAGE][PASSED] - Delayed 1 second(s)

2022-02-10 07:14:56 - [TEST_STEP][PASSED] - setText(LOGN_EdtRdyUserID, "anggaaditya", 0): Text 'anggaaditya' has been set to element 'Object Repository/Mobile/Page/Login/Input Rdy - UserID'

2022-02-10 07:14:56 - [MESSAGE][WARNING] - Timeout '0' is invalid. Using default page load timeout: '60'

2022-02-10 07:14:56 - [MESSAGE][PASSED] - Text 'anggaaditya' has been set to element 'Object Repository/Mobile/Page/Login/Input Rdy - UserID'

2022-02-10 07:14:56 - [TEST_STEP][PASSED] - delay(1): Delayed 1 second(s)

2022-02-10 07:14:57 - [MESSAGE][PASSED] - Delayed 1 second(s)

2022-02-10 07:14:57 - [TEST_STEP][PASSED] - hideKeyboard(): Keyboard is hidden

2022-02-10 07:15:01 - [MESSAGE][PASSED] - Keyboard is hidden

2022-02-10 07:15:01 - [TEST_STEP][PASSED] - tap(LOGN_EdtPassword, 0): Tapped on element 'Object Repository/Mobile/Page/Login/Input - Password'

2022-02-10 07:15:01 - [MESSAGE][WARNING] - Timeout '0' is invalid. Using default page load timeout: '60'

2022-02-10 07:15:02 - [MESSAGE][PASSED] - Tapped on element 'Object Repository/Mobile/Page/Login/Input - Password'

2022-02-10 07:15:02 - [TEST_STEP][PASSED] - delay(1): Delayed 1 second(s)

2022-02-10 07:15:03 - [MESSAGE][PASSED] - Delayed 1 second(s)

2022-02-10 07:15:03 - [TEST_STEP][PASSED] - setText(LOGN_EdtRdyPassword, "Shalawa18", 0): Text 'Shalawa18' has been set to element 'Object Repository/Mobile/Page/Login/Input Rdy - Password'

2022-02-10 07:15:03 - [MESSAGE][WARNING] - Timeout '0' is invalid. Using default page load timeout: '60'

2022-02-10 07:15:03 - [MESSAGE][PASSED] - Text 'Shalawa18' has been set to element 'Object Repository/Mobile/Page/Login/Input Rdy - Password'

2022-02-10 07:15:03 - [TEST_STEP][PASSED] - delay(1): Delayed 1 second(s)

2022-02-10 07:15:04 - [MESSAGE][PASSED] - Delayed 1 second(s)

2022-02-10 07:15:04 - [TEST_STEP][PASSED] - hideKeyboard(): Keyboard is hidden

2022-02-10 07:15:11 - [MESSAGE][PASSED] - Keyboard is hidden

2022-02-10 07:15:11 - [TEST_STEP][PASSED] - tap(LOGN_BtnLogin, 0): Tapped on element 'Object Repository/Mobile/Page/Login/Button - Login'

2022-02-10 07:15:11 - [MESSAGE][WARNING] - Timeout '0' is invalid. Using default page load timeout: '60'

2022-02-10 07:15:12 - [MESSAGE][PASSED] - Tapped on element 'Object Repository/Mobile/Page/Login/Button - Login'

2022-02-10 07:15:12 - [TEST_STEP][PASSED] - delay(2): Delayed 2 second(s)

2022-02-10 07:15:14 - [MESSAGE][PASSED] - Delayed 2 second(s)

2022-02-10 07:15:14 - [TEST_STEP][PASSED] - break: null

2022-02-10 07:15:14 - [MESSAGE][PASSED] - Call Test Case 'Test Cases/Mobile/Page/Login/Login' successfully

2022-02-10 07:15:14 - [MESSAGE][PASSED] - Call Test Case 'Test Cases/Mobile/Page/CheckLogin' successfully

2022-02-10 07:15:14 - [TEST_STEP][PASSED] - tap(HOME_MenubarNews, 0): Tapped on element 'Object Repository/Mobile/Page/Home/Menubar - News'

2022-02-10 07:15:14 - [MESSAGE][WARNING] - Timeout '0' is invalid. Using default page load timeout: '60'

2022-02-10 07:15:16 - [MESSAGE][PASSED] - Tapped on element 'Object Repository/Mobile/Page/Home/Menubar - News'

2022-02-10 07:15:16 - [TEST_STEP][PASSED] - delay(1): Delayed 1 second(s)

2022-02-10 07:15:17 - [MESSAGE][PASSED] - Delayed 1 second(s)

2022-02-10 07:15:17 - [TEST_STEP][PASSED] - for ([i = 0, i < 1, (i++)]): Delayed 3 second(s)

2022-02-10 07:15:17 - [TEST_STEP][PASSED] - if (tab == "macronews"): null

2022-02-10 07:15:17 - [TEST_STEP][PASSED] - else if (tab == "stocknews"): null

2022-02-10 07:15:17 - [TEST_STEP][PASSED] - else if (tab == "fundnews"): null

2022-02-10 07:15:17 - [TEST_STEP][PASSED] - else if (tab == "bondnews"): Tapped on element 'Object Repository/Mobile/Page/News/Tab - Bond'

2022-02-10 07:15:17 - [TEST_STEP][PASSED] - tap(NEWS_TabBond, 0): Tapped on element 'Object Repository/Mobile/Page/News/Tab - Bond'

2022-02-10 07:15:17 - [MESSAGE][WARNING] - Timeout '0' is invalid. Using default page load timeout: '60'

2022-02-10 07:15:18 - [MESSAGE][PASSED] - Tapped on element 'Object Repository/Mobile/Page/News/Tab - Bond'

2022-02-10 07:15:18 - [TEST_STEP][PASSED] - delay(1): Delayed 1 second(s)

2022-02-10 07:15:19 - [MESSAGE][PASSED] - Delayed 1 second(s)

2022-02-10 07:15:19 - [TEST_STEP][PASSED] - if (tab != "worldindices"): Delayed 3 second(s)

2022-02-10 07:15:19 - [TEST_STEP][PASSED] - try: Delayed 3 second(s)

2022-02-10 07:15:19 - [TEST_STEP][PASSED] - tapAndHold(NEWS_ItemTopNews, 1, 10): Tapped and held on element 'Object Repository/Mobile/Page/News/Item - Top News' with duration 1

2022-02-10 07:15:22 - [MESSAGE][PASSED] - Tapped and held on element 'Object Repository/Mobile/Page/News/Item - Top News' with duration 1

2022-02-10 07:15:22 - [TEST_STEP][PASSED] - delay(1): Delayed 1 second(s)

2022-02-10 07:15:23 - [MESSAGE][PASSED] - Delayed 1 second(s)

2022-02-10 07:15:23 - [TEST_STEP][PASSED] - scroll.scroll.scrollScreenBottomToTop(): scroll.scroll.scrollScreenBottomToTop is PASSED

2022-02-10 07:15:23 - [MESSAGE][PASSED] - Current device physical height is 1423

2022-02-10 07:15:23 - [MESSAGE][PASSED] - Current device physical width is 720

2022-02-10 07:15:25 - [MESSAGE][PASSED] - Swiped from 360,1,138 to 360,284

2022-02-10 07:15:25 - [MESSAGE][PASSED] - scroll.scroll.scrollScreenBottomToTop is PASSED

2022-02-10 07:15:25 - [TEST_STEP][PASSED] - delay(3): Delayed 3 second(s)

2022-02-10 07:15:28 - [MESSAGE][PASSED] - Delayed 3 second(s)

2022-02-10 07:15:28 - [MESSAGE][PASSED] - Call Test Case 'Test Cases/Mobile/Page/News/News' successfully

2022-02-10 07:15:28 - [TEST_STEP][PASSED] - callTestCase(findTestCase("Mobile/Page/Run App/Terminate App"), [:], STOP_ON_FAILURE): Call Test Case 'Test Cases/Mobile/Page/Run App/Terminate App' successfully

2022-02-10 07:15:28 - [TEST_CASE][PASSED] - Test Cases/Mobile/Page/Run App/Terminate App: Test Cases/Mobile/Page/Run App/Terminate App

2022-02-10 07:15:28 - [TEST_STEP][PASSED] - startApp.OpenApp.terminateApplication(): startApp.OpenApp.terminateApplication is PASSED

2022-02-10 07:15:31 - [MESSAGE][PASSED] - Delayed 3 second(s)

2022-02-10 07:15:31 - [MESSAGE][PASSED] - Current device physical width is 720

2022-02-10 07:15:32 - [MESSAGE][PASSED] - Current device physical height is 1423

2022-02-10 07:15:33 - [MESSAGE][PASSED] - Swiped from 360,853 to 360,142

2022-02-10 07:15:34 - [MESSAGE][PASSED] - Delayed 1 second(s)

2022-02-10 07:15:35 - [MESSAGE][PASSED] - Swiped from 360,853 to 360,142

2022-02-10 07:15:38 - [MESSAGE][PASSED] - Delayed 3 second(s)

2022-02-10 07:15:38 - [MESSAGE][PASSED] - startApp.OpenApp.terminateApplication is PASSED

2022-02-10 07:15:38 - [MESSAGE][PASSED] - Call Test Case 'Test Cases/Mobile/Page/Run App/Terminate App' successfully]]></system-out>
         <system-err><![CDATA[]]></system-err>
      </testcase>
      <testcase name="Test Cases/Mobile/Scenario/News/005 - Macro News" time="65.419" classname="Test Cases/Mobile/Scenario/News/005 - Macro News" status="PASSED">
         <system-out><![CDATA[2022-02-10 07:15:38 - [TEST_CASE][PASSED] - Test Cases/Mobile/Scenario/News/005 - Macro News: Test Cases/Mobile/Scenario/News/005 - Macro News

2022-02-10 07:15:39 - [TEST_STEP][PASSED] - callTestCase(findTestCase("Mobile/Page/Run App/Run App byID"), [:], STOP_ON_FAILURE): Call Test Case 'Test Cases/Mobile/Page/Run App/Run App byID' successfully

2022-02-10 07:15:39 - [TEST_CASE][PASSED] - Test Cases/Mobile/Page/Run App/Run App byID: Test Cases/Mobile/Page/Run App/Run App byID

2022-02-10 07:15:39 - [TEST_STEP][PASSED] - startApp.OpenApp.startApplication("id.co.miraeasset.sageclub"): startApp.OpenApp.startApplication is PASSED

2022-02-10 07:15:55 - [MESSAGE][PASSED] - Starting app with application ID: 'id.co.miraeasset.sageclub'

2022-02-10 07:15:55 - [MESSAGE][PASSED] - startApp.OpenApp.startApplication is PASSED

2022-02-10 07:15:55 - [MESSAGE][PASSED] - Call Test Case 'Test Cases/Mobile/Page/Run App/Run App byID' successfully

2022-02-10 07:15:55 - [TEST_STEP][PASSED] - callTestCase(findTestCase("Mobile/Page/News/News"), ["tab":"macronews"], CONTINUE_ON_FAILURE): Call Test Case 'Test Cases/Mobile/Page/News/News' successfully

2022-02-10 07:15:55 - [TEST_CASE][PASSED] - Test Cases/Mobile/Page/News/News: Test Cases/Mobile/Page/News/News

2022-02-10 07:15:55 - [TEST_STEP][PASSED] - callTestCase(findTestCase("Mobile/Page/CheckLogin"), [:], CONTINUE_ON_FAILURE): Call Test Case 'Test Cases/Mobile/Page/CheckLogin' successfully

2022-02-10 07:15:55 - [TEST_CASE][PASSED] - Test Cases/Mobile/Page/CheckLogin: Test Cases/Mobile/Page/CheckLogin

2022-02-10 07:15:55 - [TEST_STEP][PASSED] - loginCheck = verifyElementExist(LOGN_BtnLogin, 5, CONTINUE_ON_FAILURE): Element 'Object Repository/Mobile/Page/Login/Button - Login' is exist

2022-02-10 07:15:57 - [MESSAGE][PASSED] - Element 'Object Repository/Mobile/Page/Login/Button - Login' is exist

2022-02-10 07:15:57 - [TEST_STEP][PASSED] - if (loginCheck): Call Test Case 'Test Cases/Mobile/Page/Login/Login' successfully

2022-02-10 07:15:57 - [TEST_STEP][PASSED] - callTestCase(findTestCase("Mobile/Page/Login/Login"), ["action":"username"], CONTINUE_ON_FAILURE): Call Test Case 'Test Cases/Mobile/Page/Login/Login' successfully

2022-02-10 07:15:57 - [TEST_CASE][PASSED] - Test Cases/Mobile/Page/Login/Login: Test Cases/Mobile/Page/Login/Login

2022-02-10 07:15:57 - [TEST_STEP][PASSED] - delay(2): Delayed 2 second(s)

2022-02-10 07:15:59 - [MESSAGE][PASSED] - Delayed 2 second(s)

2022-02-10 07:15:59 - [TEST_STEP][PASSED] - for ([i = 0, i < 1, (i++)]): null

2022-02-10 07:15:59 - [TEST_STEP][PASSED] - if (action == "username"): null

2022-02-10 07:15:59 - [TEST_STEP][PASSED] - tap(LOGN_EdtUserID, 0): Tapped on element 'Object Repository/Mobile/Page/Login/Input - UserID'

2022-02-10 07:15:59 - [MESSAGE][WARNING] - Timeout '0' is invalid. Using default page load timeout: '60'

2022-02-10 07:16:00 - [MESSAGE][PASSED] - Tapped on element 'Object Repository/Mobile/Page/Login/Input - UserID'

2022-02-10 07:16:00 - [TEST_STEP][PASSED] - delay(1): Delayed 1 second(s)

2022-02-10 07:16:01 - [MESSAGE][PASSED] - Delayed 1 second(s)

2022-02-10 07:16:01 - [TEST_STEP][PASSED] - setText(LOGN_EdtRdyUserID, "anggaaditya", 0): Text 'anggaaditya' has been set to element 'Object Repository/Mobile/Page/Login/Input Rdy - UserID'

2022-02-10 07:16:01 - [MESSAGE][WARNING] - Timeout '0' is invalid. Using default page load timeout: '60'

2022-02-10 07:16:02 - [MESSAGE][PASSED] - Text 'anggaaditya' has been set to element 'Object Repository/Mobile/Page/Login/Input Rdy - UserID'

2022-02-10 07:16:02 - [TEST_STEP][PASSED] - delay(1): Delayed 1 second(s)

2022-02-10 07:16:03 - [MESSAGE][PASSED] - Delayed 1 second(s)

2022-02-10 07:16:03 - [TEST_STEP][PASSED] - hideKeyboard(): Keyboard is hidden

2022-02-10 07:16:07 - [MESSAGE][PASSED] - Keyboard is hidden

2022-02-10 07:16:07 - [TEST_STEP][PASSED] - tap(LOGN_EdtPassword, 0): Tapped on element 'Object Repository/Mobile/Page/Login/Input - Password'

2022-02-10 07:16:07 - [MESSAGE][WARNING] - Timeout '0' is invalid. Using default page load timeout: '60'

2022-02-10 07:16:08 - [MESSAGE][PASSED] - Tapped on element 'Object Repository/Mobile/Page/Login/Input - Password'

2022-02-10 07:16:08 - [TEST_STEP][PASSED] - delay(1): Delayed 1 second(s)

2022-02-10 07:16:09 - [MESSAGE][PASSED] - Delayed 1 second(s)

2022-02-10 07:16:09 - [TEST_STEP][PASSED] - setText(LOGN_EdtRdyPassword, "Shalawa18", 0): Text 'Shalawa18' has been set to element 'Object Repository/Mobile/Page/Login/Input Rdy - Password'

2022-02-10 07:16:09 - [MESSAGE][WARNING] - Timeout '0' is invalid. Using default page load timeout: '60'

2022-02-10 07:16:09 - [MESSAGE][PASSED] - Text 'Shalawa18' has been set to element 'Object Repository/Mobile/Page/Login/Input Rdy - Password'

2022-02-10 07:16:09 - [TEST_STEP][PASSED] - delay(1): Delayed 1 second(s)

2022-02-10 07:16:10 - [MESSAGE][PASSED] - Delayed 1 second(s)

2022-02-10 07:16:10 - [TEST_STEP][PASSED] - hideKeyboard(): Keyboard is hidden

2022-02-10 07:16:17 - [MESSAGE][PASSED] - Keyboard is hidden

2022-02-10 07:16:17 - [TEST_STEP][PASSED] - tap(LOGN_BtnLogin, 0): Tapped on element 'Object Repository/Mobile/Page/Login/Button - Login'

2022-02-10 07:16:17 - [MESSAGE][WARNING] - Timeout '0' is invalid. Using default page load timeout: '60'

2022-02-10 07:16:18 - [MESSAGE][PASSED] - Tapped on element 'Object Repository/Mobile/Page/Login/Button - Login'

2022-02-10 07:16:18 - [TEST_STEP][PASSED] - delay(2): Delayed 2 second(s)

2022-02-10 07:16:20 - [MESSAGE][PASSED] - Delayed 2 second(s)

2022-02-10 07:16:20 - [TEST_STEP][PASSED] - break: null

2022-02-10 07:16:20 - [MESSAGE][PASSED] - Call Test Case 'Test Cases/Mobile/Page/Login/Login' successfully

2022-02-10 07:16:20 - [MESSAGE][PASSED] - Call Test Case 'Test Cases/Mobile/Page/CheckLogin' successfully

2022-02-10 07:16:20 - [TEST_STEP][PASSED] - tap(HOME_MenubarNews, 0): Tapped on element 'Object Repository/Mobile/Page/Home/Menubar - News'

2022-02-10 07:16:20 - [MESSAGE][WARNING] - Timeout '0' is invalid. Using default page load timeout: '60'

2022-02-10 07:16:21 - [MESSAGE][PASSED] - Tapped on element 'Object Repository/Mobile/Page/Home/Menubar - News'

2022-02-10 07:16:21 - [TEST_STEP][PASSED] - delay(1): Delayed 1 second(s)

2022-02-10 07:16:22 - [MESSAGE][PASSED] - Delayed 1 second(s)

2022-02-10 07:16:22 - [TEST_STEP][PASSED] - for ([i = 0, i < 1, (i++)]): Delayed 3 second(s)

2022-02-10 07:16:22 - [TEST_STEP][PASSED] - if (tab == "macronews"): Tapped on element 'Object Repository/Mobile/Page/News/Tab - Macro'

2022-02-10 07:16:22 - [TEST_STEP][PASSED] - tap(NEWS_TabMacro, 0): Tapped on element 'Object Repository/Mobile/Page/News/Tab - Macro'

2022-02-10 07:16:22 - [MESSAGE][WARNING] - Timeout '0' is invalid. Using default page load timeout: '60'

2022-02-10 07:16:24 - [MESSAGE][PASSED] - Tapped on element 'Object Repository/Mobile/Page/News/Tab - Macro'

2022-02-10 07:16:24 - [TEST_STEP][PASSED] - delay(1): Delayed 1 second(s)

2022-02-10 07:16:25 - [MESSAGE][PASSED] - Delayed 1 second(s)

2022-02-10 07:16:25 - [TEST_STEP][PASSED] - if (tab != "worldindices"): Delayed 3 second(s)

2022-02-10 07:16:25 - [TEST_STEP][PASSED] - try: Delayed 3 second(s)

2022-02-10 07:16:25 - [TEST_STEP][PASSED] - tapAndHold(NEWS_ItemTopNews, 1, 10): Tapped and held on element 'Object Repository/Mobile/Page/News/Item - Top News' with duration 1

2022-02-10 07:16:28 - [MESSAGE][PASSED] - Tapped and held on element 'Object Repository/Mobile/Page/News/Item - Top News' with duration 1

2022-02-10 07:16:28 - [TEST_STEP][PASSED] - delay(1): Delayed 1 second(s)

2022-02-10 07:16:29 - [MESSAGE][PASSED] - Delayed 1 second(s)

2022-02-10 07:16:29 - [TEST_STEP][PASSED] - scroll.scroll.scrollScreenBottomToTop(): scroll.scroll.scrollScreenBottomToTop is PASSED

2022-02-10 07:16:29 - [MESSAGE][PASSED] - Current device physical height is 1423

2022-02-10 07:16:29 - [MESSAGE][PASSED] - Current device physical width is 720

2022-02-10 07:16:31 - [MESSAGE][PASSED] - Swiped from 360,1,138 to 360,284

2022-02-10 07:16:31 - [MESSAGE][PASSED] - scroll.scroll.scrollScreenBottomToTop is PASSED

2022-02-10 07:16:31 - [TEST_STEP][PASSED] - delay(3): Delayed 3 second(s)

2022-02-10 07:16:34 - [MESSAGE][PASSED] - Delayed 3 second(s)

2022-02-10 07:16:34 - [MESSAGE][PASSED] - Call Test Case 'Test Cases/Mobile/Page/News/News' successfully

2022-02-10 07:16:34 - [TEST_STEP][PASSED] - callTestCase(findTestCase("Mobile/Page/Run App/Terminate App"), [:], STOP_ON_FAILURE): Call Test Case 'Test Cases/Mobile/Page/Run App/Terminate App' successfully

2022-02-10 07:16:34 - [TEST_CASE][PASSED] - Test Cases/Mobile/Page/Run App/Terminate App: Test Cases/Mobile/Page/Run App/Terminate App

2022-02-10 07:16:34 - [TEST_STEP][PASSED] - startApp.OpenApp.terminateApplication(): startApp.OpenApp.terminateApplication is PASSED

2022-02-10 07:16:37 - [MESSAGE][PASSED] - Delayed 3 second(s)

2022-02-10 07:16:37 - [MESSAGE][PASSED] - Current device physical width is 720

2022-02-10 07:16:37 - [MESSAGE][PASSED] - Current device physical height is 1423

2022-02-10 07:16:39 - [MESSAGE][PASSED] - Swiped from 360,853 to 360,142

2022-02-10 07:16:40 - [MESSAGE][PASSED] - Delayed 1 second(s)

2022-02-10 07:16:41 - [MESSAGE][PASSED] - Swiped from 360,853 to 360,142

2022-02-10 07:16:44 - [MESSAGE][PASSED] - Delayed 3 second(s)

2022-02-10 07:16:44 - [MESSAGE][PASSED] - startApp.OpenApp.terminateApplication is PASSED

2022-02-10 07:16:44 - [MESSAGE][PASSED] - Call Test Case 'Test Cases/Mobile/Page/Run App/Terminate App' successfully]]></system-out>
         <system-err><![CDATA[]]></system-err>
      </testcase>
      <system-out><![CDATA[2022-02-10 07:10:19 - [TEST_SUITE][PASSED] - news: Test Cases/Mobile/Scenario/News/005 - Macro News]]></system-out>
      <system-err><![CDATA[]]></system-err>
   </testsuite>
</testsuites>
