<?xml version="1.0" encoding="UTF-8"?>
<testsuites name="Register" time="2853.664" tests="16" failures="0" skips="0" errors="0">
   <testsuite name="Register" tests="16" failures="0" errors="0" time="2853.664" skips="0" timestamp="2021-10-18 10:05:09" hostname="Owner - aldy-tft" id="Test Suites/Register">
      <properties>
         <property name="deviceName" value="samsung SM-A205F (Android 11)"/>
         <property name="devicePlatform" value=""/>
         <property name="logFolder" value="C:\\Users\\Owner\\Documents\\kerjaan\\KatalonProject\\qa-katalon-maxfund\\Reports\\20211018_100502\\Register\\20211018_100502"/>
         <property name="logFiles" value="C:\\Users\\Owner\\Documents\\kerjaan\\KatalonProject\\qa-katalon-maxfund\\Reports\\20211018_100502\\Register\\20211018_100502\\appium.log, C:\\Users\\Owner\\Documents\\kerjaan\\KatalonProject\\qa-katalon-maxfund\\Reports\\20211018_100502\\Register\\20211018_100502\\execution0.log"/>
         <property name="attachments" value="C:\\Users\\Owner\\Documents\\kerjaan\\KatalonProject\\qa-katalon-maxfund\\Reports\\20211018_100502\\Register\\20211018_100502\\1634526488581.png, C:\\Users\\Owner\\Documents\\kerjaan\\KatalonProject\\qa-katalon-maxfund\\Reports\\20211018_100502\\Register\\20211018_100502\\1634526491087.png, C:\\Users\\Owner\\Documents\\kerjaan\\KatalonProject\\qa-katalon-maxfund\\Reports\\20211018_100502\\Register\\20211018_100502\\1634526749374.png, C:\\Users\\Owner\\Documents\\kerjaan\\KatalonProject\\qa-katalon-maxfund\\Reports\\20211018_100502\\Register\\20211018_100502\\1634526752052.png, C:\\Users\\Owner\\Documents\\kerjaan\\KatalonProject\\qa-katalon-maxfund\\Reports\\20211018_100502\\Register\\20211018_100502\\1634526993030.png, C:\\Users\\Owner\\Documents\\kerjaan\\KatalonProject\\qa-katalon-maxfund\\Reports\\20211018_100502\\Register\\20211018_100502\\1634526995651.png, C:\\Users\\Owner\\Documents\\kerjaan\\KatalonProject\\qa-katalon-maxfund\\Reports\\20211018_100502\\Register\\20211018_100502\\1634527255965.png, C:\\Users\\Owner\\Documents\\kerjaan\\KatalonProject\\qa-katalon-maxfund\\Reports\\20211018_100502\\Register\\20211018_100502\\1634527258778.png, C:\\Users\\Owner\\Documents\\kerjaan\\KatalonProject\\qa-katalon-maxfund\\Reports\\20211018_100502\\Register\\20211018_100502\\1634527480002.png, C:\\Users\\Owner\\Documents\\kerjaan\\KatalonProject\\qa-katalon-maxfund\\Reports\\20211018_100502\\Register\\20211018_100502\\1634527482601.png, C:\\Users\\Owner\\Documents\\kerjaan\\KatalonProject\\qa-katalon-maxfund\\Reports\\20211018_100502\\Register\\20211018_100502\\1634527682576.png, C:\\Users\\Owner\\Documents\\kerjaan\\KatalonProject\\qa-katalon-maxfund\\Reports\\20211018_100502\\Register\\20211018_100502\\1634527685211.png, C:\\Users\\Owner\\Documents\\kerjaan\\KatalonProject\\qa-katalon-maxfund\\Reports\\20211018_100502\\Register\\20211018_100502\\1634527894866.png, C:\\Users\\Owner\\Documents\\kerjaan\\KatalonProject\\qa-katalon-maxfund\\Reports\\20211018_100502\\Register\\20211018_100502\\1634527897493.png, C:\\Users\\Owner\\Documents\\kerjaan\\KatalonProject\\qa-katalon-maxfund\\Reports\\20211018_100502\\Register\\20211018_100502\\1634528319353.png, C:\\Users\\Owner\\Documents\\kerjaan\\KatalonProject\\qa-katalon-maxfund\\Reports\\20211018_100502\\Register\\20211018_100502\\1634528322012.png, C:\\Users\\Owner\\Documents\\kerjaan\\KatalonProject\\qa-katalon-maxfund\\Reports\\20211018_100502\\Register\\20211018_100502\\1634528491164.png, C:\\Users\\Owner\\Documents\\kerjaan\\KatalonProject\\qa-katalon-maxfund\\Reports\\20211018_100502\\Register\\20211018_100502\\1634528668219.png, C:\\Users\\Owner\\Documents\\kerjaan\\KatalonProject\\qa-katalon-maxfund\\Reports\\20211018_100502\\Register\\20211018_100502\\1634528670903.png, C:\\Users\\Owner\\Documents\\kerjaan\\KatalonProject\\qa-katalon-maxfund\\Reports\\20211018_100502\\Register\\20211018_100502\\1634528881266.png, C:\\Users\\Owner\\Documents\\kerjaan\\KatalonProject\\qa-katalon-maxfund\\Reports\\20211018_100502\\Register\\20211018_100502\\1634528883815.png, C:\\Users\\Owner\\Documents\\kerjaan\\KatalonProject\\qa-katalon-maxfund\\Reports\\20211018_100502\\Register\\20211018_100502\\1634529093907.png, C:\\Users\\Owner\\Documents\\kerjaan\\KatalonProject\\qa-katalon-maxfund\\Reports\\20211018_100502\\Register\\20211018_100502\\1634529096567.png"/>
         <property name="hostName" value="Owner - aldy-tft"/>
         <property name="os" value="Windows 10 64bit"/>
         <property name="appiumServerStatus" value="{&quot;value&quot;:{&quot;build&quot;:{&quot;version&quot;:&quot;1.22.0&quot;}},&quot;sessionId&quot;:null,&quot;status&quot;:0}"/>
         <property name="katalonVersion" value="7.9.1.208"/>
         <property name="deviceOS" value="Android"/>
         <property name="appiumVersion" value="1.22.0"/>
         <property name="deviceModel" value="SM-A205F"/>
         <property name="hostAddress" value="10.0.30.186"/>
         <property name="deviceManufacturer" value="samsung"/>
         <property name="deviceId" value="RR8M40C9AXE"/>
         <property name="deviceName" value="samsung SM-A205F (Android 11)"/>
         <property name="deviceOSVersion" value="11"/>
      </properties>
      <testcase name="Test Cases/Mobile/Scenario/Register/001 - Registrasi dengan Akun Terdaftar" time="51.394" classname="Test Cases/Mobile/Scenario/Register/001 - Registrasi dengan Akun Terdaftar" status="PASSED">
         <system-out><![CDATA[2021-10-18 10:05:10 - [TEST_CASE][PASSED] - Test Cases/Mobile/Scenario/Register/001 - Registrasi dengan Akun Terdaftar: Test Cases/Mobile/Scenario/Register/001 - Registrasi dengan Akun Terdaftar

2021-10-18 10:05:10 - [TEST_STEP][PASSED] - callTestCase(findTestCase("Mobile/Page/Run App/Run App byID"), [:], STOP_ON_FAILURE): Call Test Case 'Test Cases/Mobile/Page/Run App/Run App byID' successfully

2021-10-18 10:05:10 - [TEST_CASE][PASSED] - Test Cases/Mobile/Page/Run App/Run App byID: Test Cases/Mobile/Page/Run App/Run App byID

2021-10-18 10:05:11 - [TEST_STEP][PASSED] - startApp.OpenApp.startApplication("com.mirae.maxfund"): startApp.OpenApp.startApplication is PASSED

2021-10-18 10:05:12 - [MESSAGE][INFO] - Appium server started on port 63,925

2021-10-18 10:05:28 - [MESSAGE][PASSED] - Starting app with application ID: 'com.mirae.maxfund'

2021-10-18 10:05:28 - [MESSAGE][PASSED] - startApp.OpenApp.startApplication is PASSED

2021-10-18 10:05:28 - [MESSAGE][PASSED] - Call Test Case 'Test Cases/Mobile/Page/Run App/Run App byID' successfully

2021-10-18 10:05:28 - [TEST_STEP][PASSED] - callTestCase(findTestCase("Mobile/Page/Register/Register"), ["isFromLoginPage":0, "negativeStatus":"isRegistered"], STOP_ON_FAILURE): Call Test Case 'Test Cases/Mobile/Page/Register/Register' successfully

2021-10-18 10:05:28 - [TEST_CASE][PASSED] - Test Cases/Mobile/Page/Register/Register: Test Cases/Mobile/Page/Register/Register

2021-10-18 10:05:28 - [TEST_STEP][PASSED] - fullname = "qatesting" + acak.acak.randomStringWord(): acak.acak.randomStringWord is PASSED

2021-10-18 10:05:28 - [MESSAGE][PASSED] - acak.acak.randomStringWord is PASSED

2021-10-18 10:05:28 - [TEST_STEP][PASSED] - birthdate = "1/1/1998": null

2021-10-18 10:05:28 - [TEST_STEP][PASSED] - phone = "082257" + acak.acak.randomStringNumber(6): acak.acak.randomStringNumber is PASSED

2021-10-18 10:05:28 - [MESSAGE][PASSED] - acak.acak.randomStringNumber is PASSED

2021-10-18 10:05:28 - [TEST_STEP][PASSED] - email = fullname + "@gmail.com": null

2021-10-18 10:05:28 - [TEST_STEP][PASSED] - password = "Mirae1234": null

2021-10-18 10:05:28 - [TEST_STEP][PASSED] - branch = "qa cabang": null

2021-10-18 10:05:28 - [TEST_STEP][PASSED] - accountnumber = "222444222444": null

2021-10-18 10:05:28 - [TEST_STEP][PASSED] - nameowner = fullname: null

2021-10-18 10:05:28 - [TEST_STEP][PASSED] - alamat = "Jl. Cempaka Putih Barat 12 F No.12, RT.8/RW.8": null

2021-10-18 10:05:28 - [TEST_STEP][PASSED] - kodepos = "15412": null

2021-10-18 10:05:28 - [TEST_STEP][PASSED] - referralcode = "15412": null

2021-10-18 10:05:28 - [TEST_STEP][PASSED] - flag = "indonesia": null

2021-10-18 10:05:28 - [TEST_STEP][PASSED] - bank = "citibank": null

2021-10-18 10:05:28 - [TEST_STEP][PASSED] - if (isFromLoginPage == 1): null

2021-10-18 10:05:28 - [TEST_STEP][PASSED] - else: Delayed 1 second(s)

2021-10-18 10:05:28 - [TEST_STEP][PASSED] - tap(findTestObject("Object Repository/Mobile/Page/Dashboard/Button - Register"), 0, STOP_ON_FAILURE): Tapped on element 'Object Repository/Mobile/Page/Dashboard/Button - Register'

2021-10-18 10:05:28 - [MESSAGE][WARNING] - Timeout '0' is invalid. Using default page load timeout: '60'

2021-10-18 10:05:31 - [MESSAGE][PASSED] - Tapped on element 'Object Repository/Mobile/Page/Dashboard/Button - Register'

2021-10-18 10:05:31 - [TEST_STEP][PASSED] - delay(1): Delayed 1 second(s)

2021-10-18 10:05:32 - [MESSAGE][PASSED] - Delayed 1 second(s)

2021-10-18 10:05:32 - [TEST_STEP][PASSED] - for ([i = 0, i < 1, (i++)]): null

2021-10-18 10:05:32 - [TEST_STEP][PASSED] - if (negativeStatus == "isRegistered"): null

2021-10-18 10:05:32 - [TEST_STEP][PASSED] - tap(findTestObject("Object Repository/Mobile/Page/Register/Radio Button - Yes already registered"), 0, STOP_ON_FAILURE): Tapped on element 'Object Repository/Mobile/Page/Register/Radio Button - Yes already registered'

2021-10-18 10:05:32 - [MESSAGE][WARNING] - Timeout '0' is invalid. Using default page load timeout: '60'

2021-10-18 10:05:33 - [MESSAGE][PASSED] - Tapped on element 'Object Repository/Mobile/Page/Register/Radio Button - Yes already registered'

2021-10-18 10:05:33 - [TEST_STEP][PASSED] - tap(findTestObject("Object Repository/Mobile/Page/Register/Already Registered/Edit Text - User ID"), 0, STOP_ON_FAILURE): Tapped on element 'Object Repository/Mobile/Page/Register/Already Registered/Edit Text - User ID'

2021-10-18 10:05:33 - [MESSAGE][WARNING] - Timeout '0' is invalid. Using default page load timeout: '60'

2021-10-18 10:05:35 - [MESSAGE][PASSED] - Tapped on element 'Object Repository/Mobile/Page/Register/Already Registered/Edit Text - User ID'

2021-10-18 10:05:35 - [TEST_STEP][PASSED] - setText(findTestObject("Object Repository/Mobile/Page/Register/Already Registered/Edit Text - User ID"), "ady.pangerang@gmail.com", 0): Text 'ady.pangerang@gmail.com' has been set to element 'Object Repository/Mobile/Page/Register/Already Registered/Edit Text - User ID'

2021-10-18 10:05:35 - [MESSAGE][WARNING] - Timeout '0' is invalid. Using default page load timeout: '60'

2021-10-18 10:05:36 - [MESSAGE][PASSED] - Text 'ady.pangerang@gmail.com' has been set to element 'Object Repository/Mobile/Page/Register/Already Registered/Edit Text - User ID'

2021-10-18 10:05:36 - [TEST_STEP][PASSED] - hideKeyboard(): Keyboard is hidden

2021-10-18 10:05:42 - [MESSAGE][PASSED] - Keyboard is hidden

2021-10-18 10:05:42 - [TEST_STEP][PASSED] - tap(findTestObject("Object Repository/Mobile/Page/Register/Already Registered/Edit Text - Password"), 0, STOP_ON_FAILURE): Tapped on element 'Object Repository/Mobile/Page/Register/Already Registered/Edit Text - Password'

2021-10-18 10:05:42 - [MESSAGE][WARNING] - Timeout '0' is invalid. Using default page load timeout: '60'

2021-10-18 10:05:43 - [MESSAGE][PASSED] - Tapped on element 'Object Repository/Mobile/Page/Register/Already Registered/Edit Text - Password'

2021-10-18 10:05:43 - [TEST_STEP][PASSED] - setText(findTestObject("Object Repository/Mobile/Page/Register/Already Registered/Edit Text - Password"), "Mirae1234", 0): Text 'Mirae1234' has been set to element 'Object Repository/Mobile/Page/Register/Already Registered/Edit Text - Password'

2021-10-18 10:05:43 - [MESSAGE][WARNING] - Timeout '0' is invalid. Using default page load timeout: '60'

2021-10-18 10:05:44 - [MESSAGE][PASSED] - Text 'Mirae1234' has been set to element 'Object Repository/Mobile/Page/Register/Already Registered/Edit Text - Password'

2021-10-18 10:05:44 - [TEST_STEP][PASSED] - hideKeyboard(): Keyboard is hidden

2021-10-18 10:05:52 - [MESSAGE][PASSED] - Keyboard is hidden

2021-10-18 10:05:52 - [TEST_STEP][PASSED] - tap(findTestObject("Object Repository/Mobile/Page/Register/Already Registered/Button - Next"), 0, STOP_ON_FAILURE): Tapped on element 'Object Repository/Mobile/Page/Register/Already Registered/Button - Next'

2021-10-18 10:05:52 - [MESSAGE][WARNING] - Timeout '0' is invalid. Using default page load timeout: '60'

2021-10-18 10:05:53 - [MESSAGE][PASSED] - Tapped on element 'Object Repository/Mobile/Page/Register/Already Registered/Button - Next'

2021-10-18 10:05:53 - [TEST_STEP][PASSED] - delay(1): Delayed 1 second(s)

2021-10-18 10:05:54 - [MESSAGE][PASSED] - Delayed 1 second(s)

2021-10-18 10:05:54 - [TEST_STEP][PASSED] - break: null

2021-10-18 10:05:54 - [MESSAGE][PASSED] - Call Test Case 'Test Cases/Mobile/Page/Register/Register' successfully

2021-10-18 10:05:54 - [TEST_STEP][PASSED] - callTestCase(findTestCase("Mobile/Page/Run App/Terminate App"), [:], STOP_ON_FAILURE): Call Test Case 'Test Cases/Mobile/Page/Run App/Terminate App' successfully

2021-10-18 10:05:55 - [TEST_CASE][PASSED] - Test Cases/Mobile/Page/Run App/Terminate App: Test Cases/Mobile/Page/Run App/Terminate App

2021-10-18 10:05:55 - [TEST_STEP][PASSED] - startApp.OpenApp.terminateApplication(): startApp.OpenApp.terminateApplication is PASSED

2021-10-18 10:05:58 - [MESSAGE][PASSED] - Delayed 3 second(s)

2021-10-18 10:05:58 - [MESSAGE][WARNING] - Timeout '0' is invalid. Using default page load timeout: '60'

2021-10-18 10:05:58 - [MESSAGE][PASSED] - Tapped on element 'Object Repository/Mobile/Page/Button - Close all application'

2021-10-18 10:06:01 - [MESSAGE][PASSED] - Delayed 3 second(s)

2021-10-18 10:06:01 - [MESSAGE][PASSED] - startApp.OpenApp.terminateApplication is PASSED

2021-10-18 10:06:01 - [MESSAGE][PASSED] - Call Test Case 'Test Cases/Mobile/Page/Run App/Terminate App' successfully]]></system-out>
         <system-err><![CDATA[]]></system-err>
      </testcase>
      <testcase name="Test Cases/Mobile/Scenario/Register/002 - Registrasi akun baru dengan alamat sesuai KTP" time="209.345" classname="Test Cases/Mobile/Scenario/Register/002 - Registrasi akun baru dengan alamat sesuai KTP" status="PASSED">
         <system-out><![CDATA[2021-10-18 10:06:01 - [TEST_CASE][PASSED] - Test Cases/Mobile/Scenario/Register/002 - Registrasi akun baru dengan alamat sesuai KTP: Test Cases/Mobile/Scenario/Register/002 - Registrasi akun baru dengan alamat sesuai KTP

2021-10-18 10:06:02 - [TEST_STEP][PASSED] - callTestCase(findTestCase("Mobile/Page/Run App/Run App byID"), [:], STOP_ON_FAILURE): Call Test Case 'Test Cases/Mobile/Page/Run App/Run App byID' successfully

2021-10-18 10:06:02 - [TEST_CASE][PASSED] - Test Cases/Mobile/Page/Run App/Run App byID: Test Cases/Mobile/Page/Run App/Run App byID

2021-10-18 10:06:02 - [TEST_STEP][PASSED] - startApp.OpenApp.startApplication("com.mirae.maxfund"): startApp.OpenApp.startApplication is PASSED

2021-10-18 10:06:15 - [MESSAGE][PASSED] - Starting app with application ID: 'com.mirae.maxfund'

2021-10-18 10:06:15 - [MESSAGE][PASSED] - startApp.OpenApp.startApplication is PASSED

2021-10-18 10:06:15 - [MESSAGE][PASSED] - Call Test Case 'Test Cases/Mobile/Page/Run App/Run App byID' successfully

2021-10-18 10:06:15 - [TEST_STEP][PASSED] - callTestCase(findTestCase("Mobile/Page/Register/Register"), ["isFromLoginPage":0, "isBedaAlamat":0, "isUseReferralCode":0, "negativeStatus":"none"], STOP_ON_FAILURE): Call Test Case 'Test Cases/Mobile/Page/Register/Register' successfully

2021-10-18 10:06:15 - [TEST_CASE][PASSED] - Test Cases/Mobile/Page/Register/Register: Test Cases/Mobile/Page/Register/Register

2021-10-18 10:06:15 - [TEST_STEP][PASSED] - fullname = "qatesting" + acak.acak.randomStringWord(): acak.acak.randomStringWord is PASSED

2021-10-18 10:06:15 - [MESSAGE][PASSED] - acak.acak.randomStringWord is PASSED

2021-10-18 10:06:15 - [TEST_STEP][PASSED] - birthdate = "1/1/1998": null

2021-10-18 10:06:15 - [TEST_STEP][PASSED] - phone = "082257" + acak.acak.randomStringNumber(6): acak.acak.randomStringNumber is PASSED

2021-10-18 10:06:15 - [MESSAGE][PASSED] - acak.acak.randomStringNumber is PASSED

2021-10-18 10:06:15 - [TEST_STEP][PASSED] - email = fullname + "@gmail.com": null

2021-10-18 10:06:15 - [TEST_STEP][PASSED] - password = "Mirae1234": null

2021-10-18 10:06:15 - [TEST_STEP][PASSED] - branch = "qa cabang": null

2021-10-18 10:06:15 - [TEST_STEP][PASSED] - accountnumber = "222444222444": null

2021-10-18 10:06:15 - [TEST_STEP][PASSED] - nameowner = fullname: null

2021-10-18 10:06:15 - [TEST_STEP][PASSED] - alamat = "Jl. Cempaka Putih Barat 12 F No.12, RT.8/RW.8": null

2021-10-18 10:06:15 - [TEST_STEP][PASSED] - kodepos = "15412": null

2021-10-18 10:06:15 - [TEST_STEP][PASSED] - referralcode = "15412": null

2021-10-18 10:06:15 - [TEST_STEP][PASSED] - flag = "indonesia": null

2021-10-18 10:06:15 - [TEST_STEP][PASSED] - bank = "citibank": null

2021-10-18 10:06:15 - [TEST_STEP][PASSED] - if (isFromLoginPage == 1): null

2021-10-18 10:06:15 - [TEST_STEP][PASSED] - else: Delayed 1 second(s)

2021-10-18 10:06:15 - [TEST_STEP][PASSED] - tap(findTestObject("Object Repository/Mobile/Page/Dashboard/Button - Register"), 0, STOP_ON_FAILURE): Tapped on element 'Object Repository/Mobile/Page/Dashboard/Button - Register'

2021-10-18 10:06:15 - [MESSAGE][WARNING] - Timeout '0' is invalid. Using default page load timeout: '60'

2021-10-18 10:06:17 - [MESSAGE][PASSED] - Tapped on element 'Object Repository/Mobile/Page/Dashboard/Button - Register'

2021-10-18 10:06:17 - [TEST_STEP][PASSED] - delay(1): Delayed 1 second(s)

2021-10-18 10:06:18 - [MESSAGE][PASSED] - Delayed 1 second(s)

2021-10-18 10:06:18 - [TEST_STEP][PASSED] - for ([i = 0, i < 1, (i++)]): Delayed 1 second(s)

2021-10-18 10:06:18 - [TEST_STEP][PASSED] - if (negativeStatus == "isRegistered"): null

2021-10-18 10:06:18 - [TEST_STEP][PASSED] - tap(findTestObject("Object Repository/Mobile/Page/Register/Radio Button - Not registered yet"), 0, STOP_ON_FAILURE): Tapped on element 'Object Repository/Mobile/Page/Register/Radio Button - Not registered yet'

2021-10-18 10:06:18 - [MESSAGE][WARNING] - Timeout '0' is invalid. Using default page load timeout: '60'

2021-10-18 10:06:20 - [MESSAGE][PASSED] - Tapped on element 'Object Repository/Mobile/Page/Register/Radio Button - Not registered yet'

2021-10-18 10:06:20 - [TEST_STEP][PASSED] - delay(1): Delayed 1 second(s)

2021-10-18 10:06:21 - [MESSAGE][PASSED] - Delayed 1 second(s)

2021-10-18 10:06:21 - [TEST_STEP][PASSED] - tap(findTestObject("Object Repository/Mobile/Page/Register/Not Registered/Button - Next"), 0, STOP_ON_FAILURE): Tapped on element 'Object Repository/Mobile/Page/Register/Not Registered/Button - Next'

2021-10-18 10:06:21 - [MESSAGE][WARNING] - Timeout '0' is invalid. Using default page load timeout: '60'

2021-10-18 10:06:22 - [MESSAGE][PASSED] - Tapped on element 'Object Repository/Mobile/Page/Register/Not Registered/Button - Next'

2021-10-18 10:06:22 - [TEST_STEP][PASSED] - delay(1): Delayed 1 second(s)

2021-10-18 10:06:23 - [MESSAGE][PASSED] - Delayed 1 second(s)

2021-10-18 10:06:23 - [TEST_STEP][PASSED] - tap(findTestObject("Object Repository/Mobile/Page/Register/Not Registered/Informasi Pribadi/Edit Text - Fullname"), 0, STOP_ON_FAILURE): Tapped on element 'Object Repository/Mobile/Page/Register/Not Registered/Informasi Pribadi/Edit Text - Fullname'

2021-10-18 10:06:23 - [MESSAGE][WARNING] - Timeout '0' is invalid. Using default page load timeout: '60'

2021-10-18 10:06:24 - [MESSAGE][PASSED] - Tapped on element 'Object Repository/Mobile/Page/Register/Not Registered/Informasi Pribadi/Edit Text - Fullname'

2021-10-18 10:06:24 - [TEST_STEP][PASSED] - setText(findTestObject("Object Repository/Mobile/Page/Register/Not Registered/Informasi Pribadi/Edit Text - Fullname"), fullname, 0): Text 'qatestingyCVSVTltFV' has been set to element 'Object Repository/Mobile/Page/Register/Not Registered/Informasi Pribadi/Edit Text - Fullname'

2021-10-18 10:06:24 - [MESSAGE][WARNING] - Timeout '0' is invalid. Using default page load timeout: '60'

2021-10-18 10:06:25 - [MESSAGE][PASSED] - Text 'qatestingyCVSVTltFV' has been set to element 'Object Repository/Mobile/Page/Register/Not Registered/Informasi Pribadi/Edit Text - Fullname'

2021-10-18 10:06:25 - [TEST_STEP][PASSED] - hideKeyboard(): Keyboard is hidden

2021-10-18 10:06:29 - [MESSAGE][PASSED] - Keyboard is hidden

2021-10-18 10:06:29 - [TEST_STEP][PASSED] - delay(1): Delayed 1 second(s)

2021-10-18 10:06:30 - [MESSAGE][PASSED] - Delayed 1 second(s)

2021-10-18 10:06:30 - [TEST_STEP][PASSED] - tap(findTestObject("Object Repository/Mobile/Page/Register/Not Registered/Informasi Pribadi/Date Picker - Date of Birth"), 0, STOP_ON_FAILURE): Tapped on element 'Object Repository/Mobile/Page/Register/Not Registered/Informasi Pribadi/Date Picker - Date of Birth'

2021-10-18 10:06:30 - [MESSAGE][WARNING] - Timeout '0' is invalid. Using default page load timeout: '60'

2021-10-18 10:06:30 - [MESSAGE][PASSED] - Tapped on element 'Object Repository/Mobile/Page/Register/Not Registered/Informasi Pribadi/Date Picker - Date of Birth'

2021-10-18 10:06:30 - [TEST_STEP][PASSED] - tap(findTestObject("Object Repository/Mobile/Page/Register/Not Registered/Informasi Pribadi/Date Picker - Icon Edit"), 0, STOP_ON_FAILURE): Tapped on element 'Object Repository/Mobile/Page/Register/Not Registered/Informasi Pribadi/Date Picker - Icon Edit'

2021-10-18 10:06:30 - [MESSAGE][WARNING] - Timeout '0' is invalid. Using default page load timeout: '60'

2021-10-18 10:06:32 - [MESSAGE][PASSED] - Tapped on element 'Object Repository/Mobile/Page/Register/Not Registered/Informasi Pribadi/Date Picker - Icon Edit'

2021-10-18 10:06:32 - [TEST_STEP][PASSED] - if (negativeStatus == "isCheckDateOfBirth"): null

2021-10-18 10:06:32 - [TEST_STEP][PASSED] - else: Delayed 1 second(s)

2021-10-18 10:06:32 - [TEST_STEP][PASSED] - setText(findTestObject("Mobile/Page/Register/Not Registered/Informasi Pribadi/Date Picker - Edit Text Date"), birthdate, 0): Text '1/1/1998' has been set to element 'Object Repository/Mobile/Page/Register/Not Registered/Informasi Pribadi/Date Picker - Edit Text Date'

2021-10-18 10:06:32 - [MESSAGE][WARNING] - Timeout '0' is invalid. Using default page load timeout: '60'

2021-10-18 10:06:34 - [MESSAGE][PASSED] - Text '1/1/1998' has been set to element 'Object Repository/Mobile/Page/Register/Not Registered/Informasi Pribadi/Date Picker - Edit Text Date'

2021-10-18 10:06:34 - [TEST_STEP][PASSED] - tap(findTestObject("Mobile/Page/Register/Not Registered/Informasi Pribadi/Date Picker - Button OK"), 0, STOP_ON_FAILURE): Tapped on element 'Object Repository/Mobile/Page/Register/Not Registered/Informasi Pribadi/Date Picker - Button OK'

2021-10-18 10:06:34 - [MESSAGE][WARNING] - Timeout '0' is invalid. Using default page load timeout: '60'

2021-10-18 10:06:35 - [MESSAGE][PASSED] - Tapped on element 'Object Repository/Mobile/Page/Register/Not Registered/Informasi Pribadi/Date Picker - Button OK'

2021-10-18 10:06:35 - [TEST_STEP][PASSED] - delay(1): Delayed 1 second(s)

2021-10-18 10:06:36 - [MESSAGE][PASSED] - Delayed 1 second(s)

2021-10-18 10:06:36 - [TEST_STEP][PASSED] - if (negativeStatus == "isPhoneNumberNonIndo"): null

2021-10-18 10:06:36 - [TEST_STEP][PASSED] - tap(findTestObject("Object Repository/Mobile/Page/Register/Not Registered/Informasi Pribadi/Dropdown - Flag Phone Number"), 0, STOP_ON_FAILURE): Tapped on element 'Object Repository/Mobile/Page/Register/Not Registered/Informasi Pribadi/Dropdown - Flag Phone Number'

2021-10-18 10:06:36 - [MESSAGE][WARNING] - Timeout '0' is invalid. Using default page load timeout: '60'

2021-10-18 10:06:38 - [MESSAGE][PASSED] - Tapped on element 'Object Repository/Mobile/Page/Register/Not Registered/Informasi Pribadi/Dropdown - Flag Phone Number'

2021-10-18 10:06:38 - [TEST_STEP][PASSED] - tap(findTestObject("Object Repository/Mobile/Page/Register/Not Registered/Informasi Pribadi/Edit Text - Search Flag"), 0, STOP_ON_FAILURE): Tapped on element 'Object Repository/Mobile/Page/Register/Not Registered/Informasi Pribadi/Edit Text - Search Flag'

2021-10-18 10:06:38 - [MESSAGE][WARNING] - Timeout '0' is invalid. Using default page load timeout: '60'

2021-10-18 10:06:38 - [MESSAGE][PASSED] - Tapped on element 'Object Repository/Mobile/Page/Register/Not Registered/Informasi Pribadi/Edit Text - Search Flag'

2021-10-18 10:06:38 - [TEST_STEP][PASSED] - setText(findTestObject("Object Repository/Mobile/Page/Register/Not Registered/Informasi Pribadi/Edit Text - Search Flag"), flag, 0): Text 'indonesia' has been set to element 'Object Repository/Mobile/Page/Register/Not Registered/Informasi Pribadi/Edit Text - Search Flag'

2021-10-18 10:06:38 - [MESSAGE][WARNING] - Timeout '0' is invalid. Using default page load timeout: '60'

2021-10-18 10:06:40 - [MESSAGE][PASSED] - Text 'indonesia' has been set to element 'Object Repository/Mobile/Page/Register/Not Registered/Informasi Pribadi/Edit Text - Search Flag'

2021-10-18 10:06:40 - [TEST_STEP][PASSED] - tap(findTestObject("Mobile/Page/Register/Not Registered/Informasi Pribadi/Item Flag - Top Search"), 0, STOP_ON_FAILURE): Tapped on element 'Object Repository/Mobile/Page/Register/Not Registered/Informasi Pribadi/Item Flag - Top Search'

2021-10-18 10:06:40 - [MESSAGE][WARNING] - Timeout '0' is invalid. Using default page load timeout: '60'

2021-10-18 10:06:41 - [MESSAGE][PASSED] - Tapped on element 'Object Repository/Mobile/Page/Register/Not Registered/Informasi Pribadi/Item Flag - Top Search'

2021-10-18 10:06:41 - [TEST_STEP][PASSED] - tap(findTestObject("Object Repository/Mobile/Page/Register/Not Registered/Informasi Pribadi/Edit Text - Phone Number"), 0, STOP_ON_FAILURE): Tapped on element 'Object Repository/Mobile/Page/Register/Not Registered/Informasi Pribadi/Edit Text - Phone Number'

2021-10-18 10:06:41 - [MESSAGE][WARNING] - Timeout '0' is invalid. Using default page load timeout: '60'

2021-10-18 10:06:42 - [MESSAGE][PASSED] - Tapped on element 'Object Repository/Mobile/Page/Register/Not Registered/Informasi Pribadi/Edit Text - Phone Number'

2021-10-18 10:06:42 - [TEST_STEP][PASSED] - setText(findTestObject("Object Repository/Mobile/Page/Register/Not Registered/Informasi Pribadi/Edit Text - Phone Number"), phone, 0): Text '082257109710' has been set to element 'Object Repository/Mobile/Page/Register/Not Registered/Informasi Pribadi/Edit Text - Phone Number'

2021-10-18 10:06:42 - [MESSAGE][WARNING] - Timeout '0' is invalid. Using default page load timeout: '60'

2021-10-18 10:06:44 - [MESSAGE][PASSED] - Text '082257109710' has been set to element 'Object Repository/Mobile/Page/Register/Not Registered/Informasi Pribadi/Edit Text - Phone Number'

2021-10-18 10:06:44 - [TEST_STEP][PASSED] - hideKeyboard(): Keyboard is hidden

2021-10-18 10:06:52 - [MESSAGE][PASSED] - Keyboard is hidden

2021-10-18 10:06:52 - [TEST_STEP][PASSED] - delay(1): Delayed 1 second(s)

2021-10-18 10:06:53 - [MESSAGE][PASSED] - Delayed 1 second(s)

2021-10-18 10:06:53 - [TEST_STEP][PASSED] - tap(findTestObject("Object Repository/Mobile/Page/Register/Not Registered/Informasi Pribadi/Dropdown - Flag Re Phone Number"), 0, STOP_ON_FAILURE): Tapped on element 'Object Repository/Mobile/Page/Register/Not Registered/Informasi Pribadi/Dropdown - Flag Re Phone Number'

2021-10-18 10:06:53 - [MESSAGE][WARNING] - Timeout '0' is invalid. Using default page load timeout: '60'

2021-10-18 10:06:55 - [MESSAGE][PASSED] - Tapped on element 'Object Repository/Mobile/Page/Register/Not Registered/Informasi Pribadi/Dropdown - Flag Re Phone Number'

2021-10-18 10:06:55 - [TEST_STEP][PASSED] - tap(findTestObject("Object Repository/Mobile/Page/Register/Not Registered/Informasi Pribadi/Edit Text - Search Flag"), 0, STOP_ON_FAILURE): Tapped on element 'Object Repository/Mobile/Page/Register/Not Registered/Informasi Pribadi/Edit Text - Search Flag'

2021-10-18 10:06:55 - [MESSAGE][WARNING] - Timeout '0' is invalid. Using default page load timeout: '60'

2021-10-18 10:06:55 - [MESSAGE][PASSED] - Tapped on element 'Object Repository/Mobile/Page/Register/Not Registered/Informasi Pribadi/Edit Text - Search Flag'

2021-10-18 10:06:55 - [TEST_STEP][PASSED] - setText(findTestObject("Object Repository/Mobile/Page/Register/Not Registered/Informasi Pribadi/Edit Text - Search Flag"), flag, 0): Text 'indonesia' has been set to element 'Object Repository/Mobile/Page/Register/Not Registered/Informasi Pribadi/Edit Text - Search Flag'

2021-10-18 10:06:55 - [MESSAGE][WARNING] - Timeout '0' is invalid. Using default page load timeout: '60'

2021-10-18 10:06:57 - [MESSAGE][PASSED] - Text 'indonesia' has been set to element 'Object Repository/Mobile/Page/Register/Not Registered/Informasi Pribadi/Edit Text - Search Flag'

2021-10-18 10:06:57 - [TEST_STEP][PASSED] - tap(findTestObject("Mobile/Page/Register/Not Registered/Informasi Pribadi/Item Flag - Top Search"), 0, STOP_ON_FAILURE): Tapped on element 'Object Repository/Mobile/Page/Register/Not Registered/Informasi Pribadi/Item Flag - Top Search'

2021-10-18 10:06:57 - [MESSAGE][WARNING] - Timeout '0' is invalid. Using default page load timeout: '60'

2021-10-18 10:06:59 - [MESSAGE][PASSED] - Tapped on element 'Object Repository/Mobile/Page/Register/Not Registered/Informasi Pribadi/Item Flag - Top Search'

2021-10-18 10:06:59 - [TEST_STEP][PASSED] - tap(findTestObject("Object Repository/Mobile/Page/Register/Not Registered/Informasi Pribadi/Edit Text - Re Phone Number"), 0, STOP_ON_FAILURE): Tapped on element 'Object Repository/Mobile/Page/Register/Not Registered/Informasi Pribadi/Edit Text - Re Phone Number'

2021-10-18 10:06:59 - [MESSAGE][WARNING] - Timeout '0' is invalid. Using default page load timeout: '60'

2021-10-18 10:06:59 - [MESSAGE][PASSED] - Tapped on element 'Object Repository/Mobile/Page/Register/Not Registered/Informasi Pribadi/Edit Text - Re Phone Number'

2021-10-18 10:06:59 - [TEST_STEP][PASSED] - setText(findTestObject("Object Repository/Mobile/Page/Register/Not Registered/Informasi Pribadi/Edit Text - Re Phone Number"), phone, 0): Text '082257109710' has been set to element 'Object Repository/Mobile/Page/Register/Not Registered/Informasi Pribadi/Edit Text - Re Phone Number'

2021-10-18 10:06:59 - [MESSAGE][WARNING] - Timeout '0' is invalid. Using default page load timeout: '60'

2021-10-18 10:07:01 - [MESSAGE][PASSED] - Text '082257109710' has been set to element 'Object Repository/Mobile/Page/Register/Not Registered/Informasi Pribadi/Edit Text - Re Phone Number'

2021-10-18 10:07:01 - [TEST_STEP][PASSED] - hideKeyboard(): Keyboard is hidden

2021-10-18 10:07:09 - [MESSAGE][PASSED] - Keyboard is hidden

2021-10-18 10:07:09 - [TEST_STEP][PASSED] - delay(1): Delayed 1 second(s)

2021-10-18 10:07:10 - [MESSAGE][PASSED] - Delayed 1 second(s)

2021-10-18 10:07:10 - [TEST_STEP][PASSED] - if (negativeStatus == "isCheckEmailRegistered"): null

2021-10-18 10:07:10 - [TEST_STEP][PASSED] - else: Delayed 1 second(s)

2021-10-18 10:07:10 - [TEST_STEP][PASSED] - tap(findTestObject("Object Repository/Mobile/Page/Register/Not Registered/Informasi Pribadi/Edit Text - Email"), 0, STOP_ON_FAILURE): Tapped on element 'Object Repository/Mobile/Page/Register/Not Registered/Informasi Pribadi/Edit Text - Email'

2021-10-18 10:07:10 - [MESSAGE][WARNING] - Timeout '0' is invalid. Using default page load timeout: '60'

2021-10-18 10:07:10 - [MESSAGE][PASSED] - Tapped on element 'Object Repository/Mobile/Page/Register/Not Registered/Informasi Pribadi/Edit Text - Email'

2021-10-18 10:07:10 - [TEST_STEP][PASSED] - setText(findTestObject("Object Repository/Mobile/Page/Register/Not Registered/Informasi Pribadi/Edit Text - Email"), email, 0): Text 'qatestingyCVSVTltFV@gmail.com' has been set to element 'Object Repository/Mobile/Page/Register/Not Registered/Informasi Pribadi/Edit Text - Email'

2021-10-18 10:07:10 - [MESSAGE][WARNING] - Timeout '0' is invalid. Using default page load timeout: '60'

2021-10-18 10:07:12 - [MESSAGE][PASSED] - Text 'qatestingyCVSVTltFV@gmail.com' has been set to element 'Object Repository/Mobile/Page/Register/Not Registered/Informasi Pribadi/Edit Text - Email'

2021-10-18 10:07:12 - [TEST_STEP][PASSED] - hideKeyboard(): Keyboard is hidden

2021-10-18 10:07:16 - [MESSAGE][PASSED] - Keyboard is hidden

2021-10-18 10:07:16 - [TEST_STEP][PASSED] - delay(1): Delayed 1 second(s)

2021-10-18 10:07:17 - [MESSAGE][PASSED] - Delayed 1 second(s)

2021-10-18 10:07:17 - [TEST_STEP][PASSED] - if (negativeStatus == "isCheckEmailMatch"): null

2021-10-18 10:07:17 - [TEST_STEP][PASSED] - else: Delayed 1 second(s)

2021-10-18 10:07:17 - [TEST_STEP][PASSED] - tap(findTestObject("Object Repository/Mobile/Page/Register/Not Registered/Informasi Pribadi/Edit Text - Re Email"), 0, STOP_ON_FAILURE): Tapped on element 'Object Repository/Mobile/Page/Register/Not Registered/Informasi Pribadi/Edit Text - Re Email'

2021-10-18 10:07:17 - [MESSAGE][WARNING] - Timeout '0' is invalid. Using default page load timeout: '60'

2021-10-18 10:07:17 - [MESSAGE][PASSED] - Tapped on element 'Object Repository/Mobile/Page/Register/Not Registered/Informasi Pribadi/Edit Text - Re Email'

2021-10-18 10:07:17 - [TEST_STEP][PASSED] - setText(findTestObject("Object Repository/Mobile/Page/Register/Not Registered/Informasi Pribadi/Edit Text - Re Email"), email, 0): Text 'qatestingyCVSVTltFV@gmail.com' has been set to element 'Object Repository/Mobile/Page/Register/Not Registered/Informasi Pribadi/Edit Text - Re Email'

2021-10-18 10:07:17 - [MESSAGE][WARNING] - Timeout '0' is invalid. Using default page load timeout: '60'

2021-10-18 10:07:19 - [MESSAGE][PASSED] - Text 'qatestingyCVSVTltFV@gmail.com' has been set to element 'Object Repository/Mobile/Page/Register/Not Registered/Informasi Pribadi/Edit Text - Re Email'

2021-10-18 10:07:19 - [TEST_STEP][PASSED] - hideKeyboard(): Keyboard is hidden

2021-10-18 10:07:22 - [MESSAGE][PASSED] - Keyboard is hidden

2021-10-18 10:07:22 - [TEST_STEP][PASSED] - delay(1): Delayed 1 second(s)

2021-10-18 10:07:23 - [MESSAGE][PASSED] - Delayed 1 second(s)

2021-10-18 10:07:23 - [TEST_STEP][PASSED] - if (negativeStatus == "isPasswordNumberOnly"): null

2021-10-18 10:07:23 - [TEST_STEP][PASSED] - else: Delayed 1 second(s)

2021-10-18 10:07:23 - [TEST_STEP][PASSED] - tap(findTestObject("Object Repository/Mobile/Page/Register/Not Registered/Informasi Pribadi/Edit Text - Password"), 0, STOP_ON_FAILURE): Tapped on element 'Object Repository/Mobile/Page/Register/Not Registered/Informasi Pribadi/Edit Text - Password'

2021-10-18 10:07:24 - [MESSAGE][WARNING] - Timeout '0' is invalid. Using default page load timeout: '60'

2021-10-18 10:07:24 - [MESSAGE][PASSED] - Tapped on element 'Object Repository/Mobile/Page/Register/Not Registered/Informasi Pribadi/Edit Text - Password'

2021-10-18 10:07:24 - [TEST_STEP][PASSED] - setText(findTestObject("Object Repository/Mobile/Page/Register/Not Registered/Informasi Pribadi/Edit Text - Password"), password, 0): Text 'Mirae1234' has been set to element 'Object Repository/Mobile/Page/Register/Not Registered/Informasi Pribadi/Edit Text - Password'

2021-10-18 10:07:24 - [MESSAGE][WARNING] - Timeout '0' is invalid. Using default page load timeout: '60'

2021-10-18 10:07:25 - [MESSAGE][PASSED] - Text 'Mirae1234' has been set to element 'Object Repository/Mobile/Page/Register/Not Registered/Informasi Pribadi/Edit Text - Password'

2021-10-18 10:07:25 - [TEST_STEP][PASSED] - hideKeyboard(): Keyboard is hidden

2021-10-18 10:07:32 - [MESSAGE][PASSED] - Keyboard is hidden

2021-10-18 10:07:32 - [TEST_STEP][PASSED] - delay(1): Delayed 1 second(s)

2021-10-18 10:07:33 - [MESSAGE][PASSED] - Delayed 1 second(s)

2021-10-18 10:07:33 - [TEST_STEP][PASSED] - tap(findTestObject("Object Repository/Mobile/Page/Register/Not Registered/Informasi Pribadi/Edit Text - Re Password"), 0, STOP_ON_FAILURE): Tapped on element 'Object Repository/Mobile/Page/Register/Not Registered/Informasi Pribadi/Edit Text - Re Password'

2021-10-18 10:07:33 - [MESSAGE][WARNING] - Timeout '0' is invalid. Using default page load timeout: '60'

2021-10-18 10:07:33 - [MESSAGE][PASSED] - Tapped on element 'Object Repository/Mobile/Page/Register/Not Registered/Informasi Pribadi/Edit Text - Re Password'

2021-10-18 10:07:33 - [TEST_STEP][PASSED] - setText(findTestObject("Object Repository/Mobile/Page/Register/Not Registered/Informasi Pribadi/Edit Text - Re Password"), password, 0): Text 'Mirae1234' has been set to element 'Object Repository/Mobile/Page/Register/Not Registered/Informasi Pribadi/Edit Text - Re Password'

2021-10-18 10:07:33 - [MESSAGE][WARNING] - Timeout '0' is invalid. Using default page load timeout: '60'

2021-10-18 10:07:34 - [MESSAGE][PASSED] - Text 'Mirae1234' has been set to element 'Object Repository/Mobile/Page/Register/Not Registered/Informasi Pribadi/Edit Text - Re Password'

2021-10-18 10:07:34 - [TEST_STEP][PASSED] - hideKeyboard(): Keyboard is hidden

2021-10-18 10:07:41 - [MESSAGE][PASSED] - Keyboard is hidden

2021-10-18 10:07:41 - [TEST_STEP][PASSED] - delay(1): Delayed 1 second(s)

2021-10-18 10:07:42 - [MESSAGE][PASSED] - Delayed 1 second(s)

2021-10-18 10:07:42 - [TEST_STEP][PASSED] - if (isBedaAlamat == 1): null

2021-10-18 10:07:42 - [TEST_STEP][PASSED] - tap(findTestObject("Object Repository/Mobile/Page/Register/Not Registered/Informasi Pribadi/Button - Icon KTP"), 0, STOP_ON_FAILURE): Tapped on element 'Object Repository/Mobile/Page/Register/Not Registered/Informasi Pribadi/Button - Icon KTP'

2021-10-18 10:07:42 - [MESSAGE][WARNING] - Timeout '0' is invalid. Using default page load timeout: '60'

2021-10-18 10:07:43 - [MESSAGE][PASSED] - Tapped on element 'Object Repository/Mobile/Page/Register/Not Registered/Informasi Pribadi/Button - Icon KTP'

2021-10-18 10:07:43 - [TEST_STEP][PASSED] - permission = verifyElementExist(findTestObject("Object Repository/Mobile/Page/Register/Not Registered/Informasi Pribadi/Permission - Only this time"), 1, OPTIONAL): Element 'Object Repository/Mobile/Page/Register/Not Registered/Informasi Pribadi/Permission - Only this time' is exist

2021-10-18 10:07:43 - [MESSAGE][PASSED] - Element 'Object Repository/Mobile/Page/Register/Not Registered/Informasi Pribadi/Permission - Only this time' is exist

2021-10-18 10:07:43 - [TEST_STEP][PASSED] - if (permission): Tapped on element 'Object Repository/Mobile/Page/Register/Not Registered/Informasi Pribadi/Permission - Only this time'

2021-10-18 10:07:43 - [TEST_STEP][PASSED] - tap(findTestObject("Object Repository/Mobile/Page/Register/Not Registered/Informasi Pribadi/Permission - Only this time"), 0, STOP_ON_FAILURE): Tapped on element 'Object Repository/Mobile/Page/Register/Not Registered/Informasi Pribadi/Permission - Only this time'

2021-10-18 10:07:44 - [MESSAGE][WARNING] - Timeout '0' is invalid. Using default page load timeout: '60'

2021-10-18 10:07:44 - [MESSAGE][PASSED] - Tapped on element 'Object Repository/Mobile/Page/Register/Not Registered/Informasi Pribadi/Permission - Only this time'

2021-10-18 10:07:44 - [TEST_STEP][PASSED] - permission = verifyElementExist(findTestObject("Object Repository/Mobile/Page/Register/Not Registered/Informasi Pribadi/Permission - Only this time"), 1, OPTIONAL): Element 'Object Repository/Mobile/Page/Register/Not Registered/Informasi Pribadi/Permission - Only this time' is exist

2021-10-18 10:07:45 - [MESSAGE][PASSED] - Element 'Object Repository/Mobile/Page/Register/Not Registered/Informasi Pribadi/Permission - Only this time' is exist

2021-10-18 10:07:45 - [TEST_STEP][PASSED] - if (permission): Tapped on element 'Object Repository/Mobile/Page/Register/Not Registered/Informasi Pribadi/Permission - Only this time'

2021-10-18 10:07:45 - [TEST_STEP][PASSED] - tap(findTestObject("Object Repository/Mobile/Page/Register/Not Registered/Informasi Pribadi/Permission - Only this time"), 0, STOP_ON_FAILURE): Tapped on element 'Object Repository/Mobile/Page/Register/Not Registered/Informasi Pribadi/Permission - Only this time'

2021-10-18 10:07:45 - [MESSAGE][WARNING] - Timeout '0' is invalid. Using default page load timeout: '60'

2021-10-18 10:07:45 - [MESSAGE][PASSED] - Tapped on element 'Object Repository/Mobile/Page/Register/Not Registered/Informasi Pribadi/Permission - Only this time'

2021-10-18 10:07:45 - [TEST_STEP][PASSED] - tap(findTestObject("Object Repository/Mobile/Page/Register/Not Registered/Informasi Pribadi/Button - Capture KTP"), 0, STOP_ON_FAILURE): Tapped on element 'Object Repository/Mobile/Page/Register/Not Registered/Informasi Pribadi/Button - Capture KTP'

2021-10-18 10:07:45 - [MESSAGE][WARNING] - Timeout '0' is invalid. Using default page load timeout: '60'

2021-10-18 10:07:47 - [MESSAGE][PASSED] - Tapped on element 'Object Repository/Mobile/Page/Register/Not Registered/Informasi Pribadi/Button - Capture KTP'

2021-10-18 10:07:47 - [TEST_STEP][PASSED] - delay(2): Delayed 2 second(s)

2021-10-18 10:07:49 - [MESSAGE][PASSED] - Delayed 2 second(s)

2021-10-18 10:07:49 - [TEST_STEP][PASSED] - scroll.scroll.scrollLeftToRight(findTestObject("Object Repository/Mobile/Page/Register/Not Registered/Informasi Pribadi/Slider - Edit Photo Scale")): scroll.scroll.scrollLeftToRight is PASSED

2021-10-18 10:07:49 - [MESSAGE][WARNING] - Timeout '0' is invalid. Using default page load timeout: '60'

2021-10-18 10:07:51 - [MESSAGE][PASSED] - Object 'Object Repository/Mobile/Page/Register/Not Registered/Informasi Pribadi/Slider - Edit Photo Scale' has left position '0'

2021-10-18 10:07:51 - [MESSAGE][WARNING] - Timeout '0' is invalid. Using default page load timeout: '60'

2021-10-18 10:07:51 - [MESSAGE][PASSED] - Object 'Object Repository/Mobile/Page/Register/Not Registered/Informasi Pribadi/Slider - Edit Photo Scale' has top position '1,284'

2021-10-18 10:07:51 - [MESSAGE][WARNING] - Timeout '0' is invalid. Using default page load timeout: '60'

2021-10-18 10:07:51 - [MESSAGE][PASSED] - Object 'Object Repository/Mobile/Page/Register/Not Registered/Informasi Pribadi/Slider - Edit Photo Scale' has width: '720'

2021-10-18 10:07:51 - [MESSAGE][WARNING] - Timeout '0' is invalid. Using default page load timeout: '60'

2021-10-18 10:07:51 - [MESSAGE][PASSED] - Object 'Object Repository/Mobile/Page/Register/Not Registered/Informasi Pribadi/Slider - Edit Photo Scale' has height: '66'

2021-10-18 10:07:52 - [MESSAGE][PASSED] - Swiped from 144,1,317 to 576,1,317

2021-10-18 10:07:52 - [MESSAGE][PASSED] - scroll.scroll.scrollLeftToRight is PASSED

2021-10-18 10:07:52 - [TEST_STEP][PASSED] - tap(findTestObject("Object Repository/Mobile/Page/Register/Not Registered/Informasi Pribadi/Button - Edit Photo Rotate"), 0, STOP_ON_FAILURE): Tapped on element 'Object Repository/Mobile/Page/Register/Not Registered/Informasi Pribadi/Button - Edit Photo Rotate'

2021-10-18 10:07:52 - [MESSAGE][WARNING] - Timeout '0' is invalid. Using default page load timeout: '60'

2021-10-18 10:07:54 - [MESSAGE][PASSED] - Tapped on element 'Object Repository/Mobile/Page/Register/Not Registered/Informasi Pribadi/Button - Edit Photo Rotate'

2021-10-18 10:07:54 - [TEST_STEP][PASSED] - tap(findTestObject("Object Repository/Mobile/Page/Register/Not Registered/Informasi Pribadi/Button - Edit Photo Rotate 90 degree"), 0, STOP_ON_FAILURE): Tapped on element 'Object Repository/Mobile/Page/Register/Not Registered/Informasi Pribadi/Button - Edit Photo Rotate 90 degree'

2021-10-18 10:07:54 - [MESSAGE][WARNING] - Timeout '0' is invalid. Using default page load timeout: '60'

2021-10-18 10:07:56 - [MESSAGE][PASSED] - Tapped on element 'Object Repository/Mobile/Page/Register/Not Registered/Informasi Pribadi/Button - Edit Photo Rotate 90 degree'

2021-10-18 10:07:56 - [TEST_STEP][PASSED] - tap(findTestObject("Object Repository/Mobile/Page/Register/Not Registered/Informasi Pribadi/Button - Edit Photo Reset Rotation"), 0, STOP_ON_FAILURE): Tapped on element 'Object Repository/Mobile/Page/Register/Not Registered/Informasi Pribadi/Button - Edit Photo Reset Rotation'

2021-10-18 10:07:56 - [MESSAGE][WARNING] - Timeout '0' is invalid. Using default page load timeout: '60'

2021-10-18 10:07:57 - [MESSAGE][PASSED] - Tapped on element 'Object Repository/Mobile/Page/Register/Not Registered/Informasi Pribadi/Button - Edit Photo Reset Rotation'

2021-10-18 10:07:57 - [TEST_STEP][PASSED] - scroll.scroll.scrollLeftToRight(findTestObject("Object Repository/Mobile/Page/Register/Not Registered/Informasi Pribadi/Slider - Edit Photo Rotate")): scroll.scroll.scrollLeftToRight is PASSED

2021-10-18 10:07:57 - [MESSAGE][WARNING] - Timeout '0' is invalid. Using default page load timeout: '60'

2021-10-18 10:07:57 - [MESSAGE][PASSED] - Object 'Object Repository/Mobile/Page/Register/Not Registered/Informasi Pribadi/Slider - Edit Photo Rotate' has left position '88'

2021-10-18 10:07:57 - [MESSAGE][WARNING] - Timeout '0' is invalid. Using default page load timeout: '60'

2021-10-18 10:07:57 - [MESSAGE][PASSED] - Object 'Object Repository/Mobile/Page/Register/Not Registered/Informasi Pribadi/Slider - Edit Photo Rotate' has top position '1,284'

2021-10-18 10:07:57 - [MESSAGE][WARNING] - Timeout '0' is invalid. Using default page load timeout: '60'

2021-10-18 10:07:57 - [MESSAGE][PASSED] - Object 'Object Repository/Mobile/Page/Register/Not Registered/Informasi Pribadi/Slider - Edit Photo Rotate' has width: '544'

2021-10-18 10:07:57 - [MESSAGE][WARNING] - Timeout '0' is invalid. Using default page load timeout: '60'

2021-10-18 10:07:57 - [MESSAGE][PASSED] - Object 'Object Repository/Mobile/Page/Register/Not Registered/Informasi Pribadi/Slider - Edit Photo Rotate' has height: '66'

2021-10-18 10:07:58 - [MESSAGE][PASSED] - Swiped from 196,1,317 to 523,1,317

2021-10-18 10:07:58 - [MESSAGE][PASSED] - scroll.scroll.scrollLeftToRight is PASSED

2021-10-18 10:07:58 - [TEST_STEP][PASSED] - tap(findTestObject("Object Repository/Mobile/Page/Register/Not Registered/Informasi Pribadi/Button - Edit Photo Confirm"), 0, STOP_ON_FAILURE): Tapped on element 'Object Repository/Mobile/Page/Register/Not Registered/Informasi Pribadi/Button - Edit Photo Confirm'

2021-10-18 10:07:58 - [MESSAGE][WARNING] - Timeout '0' is invalid. Using default page load timeout: '60'

2021-10-18 10:08:00 - [MESSAGE][PASSED] - Tapped on element 'Object Repository/Mobile/Page/Register/Not Registered/Informasi Pribadi/Button - Edit Photo Confirm'

2021-10-18 10:08:00 - [TEST_STEP][PASSED] - delay(2): Delayed 2 second(s)

2021-10-18 10:08:02 - [MESSAGE][PASSED] - Delayed 2 second(s)

2021-10-18 10:08:02 - [TEST_STEP][PASSED] - hideKeyboard(): Keyboard is hidden

2021-10-18 10:08:04 - [MESSAGE][PASSED] - Keyboard is hidden

2021-10-18 10:08:04 - [TEST_STEP][PASSED] - delay(1): Delayed 1 second(s)

2021-10-18 10:08:05 - [MESSAGE][PASSED] - Delayed 1 second(s)

2021-10-18 10:08:05 - [TEST_STEP][PASSED] - scroll.scroll.scrollToBottomOpenKeyboard(): scroll.scroll.scrollToBottomOpenKeyboard is PASSED

2021-10-18 10:08:05 - [MESSAGE][PASSED] - Current device physical height is 1423

2021-10-18 10:08:05 - [MESSAGE][PASSED] - Current device physical width is 720

2021-10-18 10:08:06 - [MESSAGE][PASSED] - Swiped from 360,853 to 360,284

2021-10-18 10:08:06 - [MESSAGE][PASSED] - scroll.scroll.scrollToBottomOpenKeyboard is PASSED

2021-10-18 10:08:06 - [TEST_STEP][PASSED] - tap(findTestObject("Object Repository/Mobile/Page/Register/Not Registered/Informasi Pribadi/Button - Icon Face with KTP"), 0, STOP_ON_FAILURE): Tapped on element 'Object Repository/Mobile/Page/Register/Not Registered/Informasi Pribadi/Button - Icon Face with KTP'

2021-10-18 10:08:06 - [MESSAGE][WARNING] - Timeout '0' is invalid. Using default page load timeout: '60'

2021-10-18 10:08:07 - [MESSAGE][PASSED] - Tapped on element 'Object Repository/Mobile/Page/Register/Not Registered/Informasi Pribadi/Button - Icon Face with KTP'

2021-10-18 10:08:07 - [TEST_STEP][PASSED] - permission = verifyElementExist(findTestObject("Object Repository/Mobile/Page/Register/Not Registered/Informasi Pribadi/Permission - Only this time"), 1, OPTIONAL): Element 'Object Repository/Mobile/Page/Register/Not Registered/Informasi Pribadi/Permission - Only this time' not found

2021-10-18 10:08:10 - [MESSAGE][WARNING] - Element 'Object Repository/Mobile/Page/Register/Not Registered/Informasi Pribadi/Permission - Only this time' not found
[[ATTACHMENT|C:\\Users\\Owner\\Documents\\kerjaan\\KatalonProject\\qa-katalon-maxfund\\Reports\\20211018_100502\\Register\\20211018_100502\\1634526488581.png]]

2021-10-18 10:08:10 - [TEST_STEP][PASSED] - if (permission): null

2021-10-18 10:08:10 - [TEST_STEP][PASSED] - permission = verifyElementExist(findTestObject("Object Repository/Mobile/Page/Register/Not Registered/Informasi Pribadi/Permission - Only this time"), 1, OPTIONAL): Element 'Object Repository/Mobile/Page/Register/Not Registered/Informasi Pribadi/Permission - Only this time' not found

2021-10-18 10:08:12 - [MESSAGE][WARNING] - Element 'Object Repository/Mobile/Page/Register/Not Registered/Informasi Pribadi/Permission - Only this time' not found
[[ATTACHMENT|C:\\Users\\Owner\\Documents\\kerjaan\\KatalonProject\\qa-katalon-maxfund\\Reports\\20211018_100502\\Register\\20211018_100502\\1634526491087.png]]

2021-10-18 10:08:12 - [TEST_STEP][PASSED] - if (permission): null

2021-10-18 10:08:12 - [TEST_STEP][PASSED] - tap(findTestObject("Object Repository/Mobile/Page/Register/Not Registered/Informasi Pribadi/Button - Capture Face with KTP"), 0, STOP_ON_FAILURE): Tapped on element 'Object Repository/Mobile/Page/Register/Not Registered/Informasi Pribadi/Button - Capture Face with KTP'

2021-10-18 10:08:12 - [MESSAGE][WARNING] - Timeout '0' is invalid. Using default page load timeout: '60'

2021-10-18 10:08:14 - [MESSAGE][PASSED] - Tapped on element 'Object Repository/Mobile/Page/Register/Not Registered/Informasi Pribadi/Button - Capture Face with KTP'

2021-10-18 10:08:14 - [TEST_STEP][PASSED] - delay(2): Delayed 2 second(s)

2021-10-18 10:08:16 - [MESSAGE][PASSED] - Delayed 2 second(s)

2021-10-18 10:08:16 - [TEST_STEP][PASSED] - hideKeyboard(): Keyboard is hidden

2021-10-18 10:08:23 - [MESSAGE][PASSED] - Keyboard is hidden

2021-10-18 10:08:23 - [TEST_STEP][PASSED] - delay(1): Delayed 1 second(s)

2021-10-18 10:08:24 - [MESSAGE][PASSED] - Delayed 1 second(s)

2021-10-18 10:08:24 - [TEST_STEP][PASSED] - scroll.scroll.scrollToBottomOpenKeyboard(): scroll.scroll.scrollToBottomOpenKeyboard is PASSED

2021-10-18 10:08:24 - [MESSAGE][PASSED] - Current device physical height is 1423

2021-10-18 10:08:24 - [MESSAGE][PASSED] - Current device physical width is 720

2021-10-18 10:08:25 - [MESSAGE][PASSED] - Swiped from 360,853 to 360,284

2021-10-18 10:08:25 - [MESSAGE][PASSED] - scroll.scroll.scrollToBottomOpenKeyboard is PASSED

2021-10-18 10:08:25 - [TEST_STEP][PASSED] - tap(findTestObject("Object Repository/Mobile/Page/Register/Not Registered/Informasi Pribadi/Radio Button - Low Risk"), 0, STOP_ON_FAILURE): Tapped on element 'Object Repository/Mobile/Page/Register/Not Registered/Informasi Pribadi/Radio Button - Low Risk'

2021-10-18 10:08:25 - [MESSAGE][WARNING] - Timeout '0' is invalid. Using default page load timeout: '60'

2021-10-18 10:08:26 - [MESSAGE][PASSED] - Tapped on element 'Object Repository/Mobile/Page/Register/Not Registered/Informasi Pribadi/Radio Button - Low Risk'

2021-10-18 10:08:26 - [TEST_STEP][PASSED] - delay(1): Delayed 1 second(s)

2021-10-18 10:08:27 - [MESSAGE][PASSED] - Delayed 1 second(s)

2021-10-18 10:08:27 - [TEST_STEP][PASSED] - tap(findTestObject("Object Repository/Mobile/Page/Register/Not Registered/Informasi Pribadi/Radio Button - Medium Risk"), 0, STOP_ON_FAILURE): Tapped on element 'Object Repository/Mobile/Page/Register/Not Registered/Informasi Pribadi/Radio Button - Medium Risk'

2021-10-18 10:08:27 - [MESSAGE][WARNING] - Timeout '0' is invalid. Using default page load timeout: '60'

2021-10-18 10:08:28 - [MESSAGE][PASSED] - Tapped on element 'Object Repository/Mobile/Page/Register/Not Registered/Informasi Pribadi/Radio Button - Medium Risk'

2021-10-18 10:08:28 - [TEST_STEP][PASSED] - delay(1): Delayed 1 second(s)

2021-10-18 10:08:29 - [MESSAGE][PASSED] - Delayed 1 second(s)

2021-10-18 10:08:29 - [TEST_STEP][PASSED] - tap(findTestObject("Object Repository/Mobile/Page/Register/Not Registered/Informasi Pribadi/Radio Button - High Risk"), 0, STOP_ON_FAILURE): Tapped on element 'Object Repository/Mobile/Page/Register/Not Registered/Informasi Pribadi/Radio Button - High Risk'

2021-10-18 10:08:29 - [MESSAGE][WARNING] - Timeout '0' is invalid. Using default page load timeout: '60'

2021-10-18 10:08:30 - [MESSAGE][PASSED] - Tapped on element 'Object Repository/Mobile/Page/Register/Not Registered/Informasi Pribadi/Radio Button - High Risk'

2021-10-18 10:08:30 - [TEST_STEP][PASSED] - delay(1): Delayed 1 second(s)

2021-10-18 10:08:31 - [MESSAGE][PASSED] - Delayed 1 second(s)

2021-10-18 10:08:31 - [TEST_STEP][PASSED] - tap(findTestObject("Object Repository/Mobile/Page/Register/Not Registered/Informasi Pribadi/Button - Next"), 0, STOP_ON_FAILURE): Tapped on element 'Object Repository/Mobile/Page/Register/Not Registered/Informasi Pribadi/Button - Next'

2021-10-18 10:08:31 - [MESSAGE][WARNING] - Timeout '0' is invalid. Using default page load timeout: '60'

2021-10-18 10:08:32 - [MESSAGE][PASSED] - Tapped on element 'Object Repository/Mobile/Page/Register/Not Registered/Informasi Pribadi/Button - Next'

2021-10-18 10:08:32 - [TEST_STEP][PASSED] - delay(1): Delayed 1 second(s)

2021-10-18 10:08:33 - [MESSAGE][PASSED] - Delayed 1 second(s)

2021-10-18 10:08:33 - [TEST_STEP][PASSED] - tapAndHold(findTestObject("Mobile/Page/Register/Not Registered/Akun Bank/Dropdown - Bank"), 1, 0, STOP_ON_FAILURE): Tapped and held on element 'Object Repository/Mobile/Page/Register/Not Registered/Akun Bank/Dropdown - Bank' with duration 1

2021-10-18 10:08:33 - [MESSAGE][WARNING] - Timeout '0' is invalid. Using default page load timeout: '60'

2021-10-18 10:08:36 - [MESSAGE][PASSED] - Tapped and held on element 'Object Repository/Mobile/Page/Register/Not Registered/Akun Bank/Dropdown - Bank' with duration 1

2021-10-18 10:08:36 - [TEST_STEP][PASSED] - tap(findTestObject("Mobile/Page/Register/Not Registered/Akun Bank/Edit Text - Search Bank"), 0, STOP_ON_FAILURE): Tapped on element 'Object Repository/Mobile/Page/Register/Not Registered/Akun Bank/Edit Text - Search Bank'

2021-10-18 10:08:36 - [MESSAGE][WARNING] - Timeout '0' is invalid. Using default page load timeout: '60'

2021-10-18 10:08:36 - [MESSAGE][PASSED] - Tapped on element 'Object Repository/Mobile/Page/Register/Not Registered/Akun Bank/Edit Text - Search Bank'

2021-10-18 10:08:36 - [TEST_STEP][PASSED] - setText(findTestObject("Mobile/Page/Register/Not Registered/Akun Bank/Edit Text - Search Bank"), "citibank", 0, STOP_ON_FAILURE): Text 'citibank' has been set to element 'Object Repository/Mobile/Page/Register/Not Registered/Akun Bank/Edit Text - Search Bank'

2021-10-18 10:08:36 - [MESSAGE][WARNING] - Timeout '0' is invalid. Using default page load timeout: '60'

2021-10-18 10:08:38 - [MESSAGE][PASSED] - Text 'citibank' has been set to element 'Object Repository/Mobile/Page/Register/Not Registered/Akun Bank/Edit Text - Search Bank'

2021-10-18 10:08:38 - [TEST_STEP][PASSED] - driver = getDriver(): null

2021-10-18 10:08:38 - [TEST_STEP][PASSED] - driver.pressKeyCode(ENTER): null

2021-10-18 10:08:39 - [TEST_STEP][PASSED] - tap(findTestObject("Object Repository/Mobile/Page/Register/Not Registered/Akun Bank/Item - Top Search Bank"), 0, STOP_ON_FAILURE): Tapped on element 'Object Repository/Mobile/Page/Register/Not Registered/Akun Bank/Item - Top Search Bank'

2021-10-18 10:08:39 - [MESSAGE][WARNING] - Timeout '0' is invalid. Using default page load timeout: '60'

2021-10-18 10:08:40 - [MESSAGE][PASSED] - Tapped on element 'Object Repository/Mobile/Page/Register/Not Registered/Akun Bank/Item - Top Search Bank'

2021-10-18 10:08:40 - [TEST_STEP][PASSED] - delay(1): Delayed 1 second(s)

2021-10-18 10:08:41 - [MESSAGE][PASSED] - Delayed 1 second(s)

2021-10-18 10:08:41 - [TEST_STEP][PASSED] - tapAndHold(findTestObject("Mobile/Page/Register/Not Registered/Akun Bank/Dropdown - Country"), 1, 0, STOP_ON_FAILURE): Tapped and held on element 'Object Repository/Mobile/Page/Register/Not Registered/Akun Bank/Dropdown - Country' with duration 1

2021-10-18 10:08:41 - [MESSAGE][WARNING] - Timeout '0' is invalid. Using default page load timeout: '60'

2021-10-18 10:08:44 - [MESSAGE][PASSED] - Tapped and held on element 'Object Repository/Mobile/Page/Register/Not Registered/Akun Bank/Dropdown - Country' with duration 1

2021-10-18 10:08:44 - [TEST_STEP][PASSED] - tap(findTestObject("Object Repository/Mobile/Page/Register/Not Registered/Akun Bank/Dropdown - Country Option Indonesia"), 0, STOP_ON_FAILURE): Tapped on element 'Object Repository/Mobile/Page/Register/Not Registered/Akun Bank/Dropdown - Country Option Indonesia'

2021-10-18 10:08:44 - [MESSAGE][WARNING] - Timeout '0' is invalid. Using default page load timeout: '60'

2021-10-18 10:08:45 - [MESSAGE][PASSED] - Tapped on element 'Object Repository/Mobile/Page/Register/Not Registered/Akun Bank/Dropdown - Country Option Indonesia'

2021-10-18 10:08:45 - [TEST_STEP][PASSED] - delay(1): Delayed 1 second(s)

2021-10-18 10:08:46 - [MESSAGE][PASSED] - Delayed 1 second(s)

2021-10-18 10:08:46 - [TEST_STEP][PASSED] - if (negativeStatus == "isBranchNumber"): null

2021-10-18 10:08:46 - [TEST_STEP][PASSED] - else: Delayed 1 second(s)

2021-10-18 10:08:46 - [TEST_STEP][PASSED] - tap(findTestObject("Object Repository/Mobile/Page/Register/Not Registered/Akun Bank/Edit Text - Branch"), 0, STOP_ON_FAILURE): Tapped on element 'Object Repository/Mobile/Page/Register/Not Registered/Akun Bank/Edit Text - Branch'

2021-10-18 10:08:46 - [MESSAGE][WARNING] - Timeout '0' is invalid. Using default page load timeout: '60'

2021-10-18 10:08:47 - [MESSAGE][PASSED] - Tapped on element 'Object Repository/Mobile/Page/Register/Not Registered/Akun Bank/Edit Text - Branch'

2021-10-18 10:08:47 - [TEST_STEP][PASSED] - setText(findTestObject("Object Repository/Mobile/Page/Register/Not Registered/Akun Bank/Edit Text - Branch"), branch, 0, STOP_ON_FAILURE): Text 'qa cabang' has been set to element 'Object Repository/Mobile/Page/Register/Not Registered/Akun Bank/Edit Text - Branch'

2021-10-18 10:08:47 - [MESSAGE][WARNING] - Timeout '0' is invalid. Using default page load timeout: '60'

2021-10-18 10:08:48 - [MESSAGE][PASSED] - Text 'qa cabang' has been set to element 'Object Repository/Mobile/Page/Register/Not Registered/Akun Bank/Edit Text - Branch'

2021-10-18 10:08:48 - [TEST_STEP][PASSED] - hideKeyboard(): Keyboard is hidden

2021-10-18 10:08:53 - [MESSAGE][PASSED] - Keyboard is hidden

2021-10-18 10:08:53 - [TEST_STEP][PASSED] - delay(1): Delayed 1 second(s)

2021-10-18 10:08:54 - [MESSAGE][PASSED] - Delayed 1 second(s)

2021-10-18 10:08:54 - [TEST_STEP][PASSED] - tap(findTestObject("Object Repository/Mobile/Page/Register/Not Registered/Akun Bank/Edit Text - Account Number"), 0, STOP_ON_FAILURE): Tapped on element 'Object Repository/Mobile/Page/Register/Not Registered/Akun Bank/Edit Text - Account Number'

2021-10-18 10:08:54 - [MESSAGE][WARNING] - Timeout '0' is invalid. Using default page load timeout: '60'

2021-10-18 10:08:54 - [MESSAGE][PASSED] - Tapped on element 'Object Repository/Mobile/Page/Register/Not Registered/Akun Bank/Edit Text - Account Number'

2021-10-18 10:08:54 - [TEST_STEP][PASSED] - setText(findTestObject("Object Repository/Mobile/Page/Register/Not Registered/Akun Bank/Edit Text - Account Number"), accountnumber, 0, STOP_ON_FAILURE): Text '222444222444' has been set to element 'Object Repository/Mobile/Page/Register/Not Registered/Akun Bank/Edit Text - Account Number'

2021-10-18 10:08:54 - [MESSAGE][WARNING] - Timeout '0' is invalid. Using default page load timeout: '60'

2021-10-18 10:08:56 - [MESSAGE][PASSED] - Text '222444222444' has been set to element 'Object Repository/Mobile/Page/Register/Not Registered/Akun Bank/Edit Text - Account Number'

2021-10-18 10:08:56 - [TEST_STEP][PASSED] - hideKeyboard(): Keyboard is hidden

2021-10-18 10:09:02 - [MESSAGE][PASSED] - Keyboard is hidden

2021-10-18 10:09:02 - [TEST_STEP][PASSED] - delay(1): Delayed 1 second(s)

2021-10-18 10:09:03 - [MESSAGE][PASSED] - Delayed 1 second(s)

2021-10-18 10:09:03 - [TEST_STEP][PASSED] - if (negativeStatus == "isNameOwnerNotMatch"): null

2021-10-18 10:09:03 - [TEST_STEP][PASSED] - else: Delayed 1 second(s)

2021-10-18 10:09:03 - [TEST_STEP][PASSED] - tap(findTestObject("Object Repository/Mobile/Page/Register/Not Registered/Akun Bank/Edit Text - Name Owner"), 0, STOP_ON_FAILURE): Tapped on element 'Object Repository/Mobile/Page/Register/Not Registered/Akun Bank/Edit Text - Name Owner'

2021-10-18 10:09:03 - [MESSAGE][WARNING] - Timeout '0' is invalid. Using default page load timeout: '60'

2021-10-18 10:09:03 - [MESSAGE][PASSED] - Tapped on element 'Object Repository/Mobile/Page/Register/Not Registered/Akun Bank/Edit Text - Name Owner'

2021-10-18 10:09:03 - [TEST_STEP][PASSED] - setText(findTestObject("Object Repository/Mobile/Page/Register/Not Registered/Akun Bank/Edit Text - Name Owner"), nameowner, 0, STOP_ON_FAILURE): Text 'qatestingyCVSVTltFV' has been set to element 'Object Repository/Mobile/Page/Register/Not Registered/Akun Bank/Edit Text - Name Owner'

2021-10-18 10:09:03 - [MESSAGE][WARNING] - Timeout '0' is invalid. Using default page load timeout: '60'

2021-10-18 10:09:05 - [MESSAGE][PASSED] - Text 'qatestingyCVSVTltFV' has been set to element 'Object Repository/Mobile/Page/Register/Not Registered/Akun Bank/Edit Text - Name Owner'

2021-10-18 10:09:05 - [TEST_STEP][PASSED] - hideKeyboard(): Keyboard is hidden

2021-10-18 10:09:08 - [MESSAGE][PASSED] - Keyboard is hidden

2021-10-18 10:09:08 - [TEST_STEP][PASSED] - delay(1): Delayed 1 second(s)

2021-10-18 10:09:09 - [MESSAGE][PASSED] - Delayed 1 second(s)

2021-10-18 10:09:09 - [TEST_STEP][PASSED] - tap(findTestObject("Object Repository/Mobile/Page/Register/Not Registered/Akun Bank/Button - Next"), 0, STOP_ON_FAILURE): Tapped on element 'Object Repository/Mobile/Page/Register/Not Registered/Akun Bank/Button - Next'

2021-10-18 10:09:09 - [MESSAGE][WARNING] - Timeout '0' is invalid. Using default page load timeout: '60'

2021-10-18 10:09:10 - [MESSAGE][PASSED] - Tapped on element 'Object Repository/Mobile/Page/Register/Not Registered/Akun Bank/Button - Next'

2021-10-18 10:09:10 - [TEST_STEP][PASSED] - delay(1): Delayed 1 second(s)

2021-10-18 10:09:11 - [MESSAGE][PASSED] - Delayed 1 second(s)

2021-10-18 10:09:11 - [TEST_STEP][PASSED] - if (isUseReferralCode == 1): null

2021-10-18 10:09:11 - [TEST_STEP][PASSED] - if (negativeStatus == "isNotUseSignature"): null

2021-10-18 10:09:11 - [TEST_STEP][PASSED] - else: Delayed 1 second(s)

2021-10-18 10:09:11 - [TEST_STEP][PASSED] - scroll.scroll.scrollRightToLeft(findTestObject("Object Repository/Mobile/Page/Register/Not Registered/Konfirmasi/Field - Signature")): scroll.scroll.scrollRightToLeft is PASSED

2021-10-18 10:09:11 - [MESSAGE][WARNING] - Timeout '0' is invalid. Using default page load timeout: '60'

2021-10-18 10:09:12 - [MESSAGE][PASSED] - Object 'Object Repository/Mobile/Page/Register/Not Registered/Konfirmasi/Field - Signature' has left position '31'

2021-10-18 10:09:12 - [MESSAGE][WARNING] - Timeout '0' is invalid. Using default page load timeout: '60'

2021-10-18 10:09:12 - [MESSAGE][PASSED] - Object 'Object Repository/Mobile/Page/Register/Not Registered/Konfirmasi/Field - Signature' has top position '612'

2021-10-18 10:09:12 - [MESSAGE][WARNING] - Timeout '0' is invalid. Using default page load timeout: '60'

2021-10-18 10:09:12 - [MESSAGE][PASSED] - Object 'Object Repository/Mobile/Page/Register/Not Registered/Konfirmasi/Field - Signature' has width: '658'

2021-10-18 10:09:12 - [MESSAGE][WARNING] - Timeout '0' is invalid. Using default page load timeout: '60'

2021-10-18 10:09:12 - [MESSAGE][PASSED] - Object 'Object Repository/Mobile/Page/Register/Not Registered/Konfirmasi/Field - Signature' has height: '384'

2021-10-18 10:09:13 - [MESSAGE][PASSED] - Swiped from 557,804 to 162,804

2021-10-18 10:09:13 - [MESSAGE][PASSED] - scroll.scroll.scrollRightToLeft is PASSED

2021-10-18 10:09:13 - [TEST_STEP][PASSED] - delay(1): Delayed 1 second(s)

2021-10-18 10:09:14 - [MESSAGE][PASSED] - Delayed 1 second(s)

2021-10-18 10:09:14 - [TEST_STEP][PASSED] - tap(findTestObject("Object Repository/Mobile/Page/Register/Not Registered/Konfirmasi/Checkbox - Agreement"), 0, STOP_ON_FAILURE): Tapped on element 'Object Repository/Mobile/Page/Register/Not Registered/Konfirmasi/Checkbox - Agreement'

2021-10-18 10:09:14 - [MESSAGE][WARNING] - Timeout '0' is invalid. Using default page load timeout: '60'

2021-10-18 10:09:15 - [MESSAGE][PASSED] - Tapped on element 'Object Repository/Mobile/Page/Register/Not Registered/Konfirmasi/Checkbox - Agreement'

2021-10-18 10:09:15 - [TEST_STEP][PASSED] - delay(1): Delayed 1 second(s)

2021-10-18 10:09:16 - [MESSAGE][PASSED] - Delayed 1 second(s)

2021-10-18 10:09:16 - [TEST_STEP][PASSED] - tap(findTestObject("Object Repository/Mobile/Page/Register/Not Registered/Konfirmasi/Button - Next"), 0, STOP_ON_FAILURE): Tapped on element 'Object Repository/Mobile/Page/Register/Not Registered/Konfirmasi/Button - Next'

2021-10-18 10:09:16 - [MESSAGE][WARNING] - Timeout '0' is invalid. Using default page load timeout: '60'

2021-10-18 10:09:16 - [MESSAGE][PASSED] - Tapped on element 'Object Repository/Mobile/Page/Register/Not Registered/Konfirmasi/Button - Next'

2021-10-18 10:09:16 - [TEST_STEP][PASSED] - delay(5): Delayed 5 second(s)

2021-10-18 10:09:21 - [MESSAGE][PASSED] - Delayed 5 second(s)

2021-10-18 10:09:21 - [TEST_STEP][PASSED] - tap(findTestObject("Object Repository/Mobile/Page/Register/Not Registered/Konfirmasi/Button - Back to Home"), 0, STOP_ON_FAILURE): Tapped on element 'Object Repository/Mobile/Page/Register/Not Registered/Konfirmasi/Button - Back to Home'

2021-10-18 10:09:21 - [MESSAGE][WARNING] - Timeout '0' is invalid. Using default page load timeout: '60'

2021-10-18 10:09:23 - [MESSAGE][PASSED] - Tapped on element 'Object Repository/Mobile/Page/Register/Not Registered/Konfirmasi/Button - Back to Home'

2021-10-18 10:09:23 - [TEST_STEP][PASSED] - delay(1): Delayed 1 second(s)

2021-10-18 10:09:24 - [MESSAGE][PASSED] - Delayed 1 second(s)

2021-10-18 10:09:24 - [MESSAGE][PASSED] - Call Test Case 'Test Cases/Mobile/Page/Register/Register' successfully

2021-10-18 10:09:24 - [TEST_STEP][PASSED] - callTestCase(findTestCase("Mobile/Page/Run App/Terminate App"), [:], STOP_ON_FAILURE): Call Test Case 'Test Cases/Mobile/Page/Run App/Terminate App' successfully

2021-10-18 10:09:24 - [TEST_CASE][PASSED] - Test Cases/Mobile/Page/Run App/Terminate App: Test Cases/Mobile/Page/Run App/Terminate App

2021-10-18 10:09:24 - [TEST_STEP][PASSED] - startApp.OpenApp.terminateApplication(): startApp.OpenApp.terminateApplication is PASSED

2021-10-18 10:09:27 - [MESSAGE][PASSED] - Delayed 3 second(s)

2021-10-18 10:09:27 - [MESSAGE][WARNING] - Timeout '0' is invalid. Using default page load timeout: '60'

2021-10-18 10:09:28 - [MESSAGE][PASSED] - Tapped on element 'Object Repository/Mobile/Page/Button - Close all application'

2021-10-18 10:09:31 - [MESSAGE][PASSED] - Delayed 3 second(s)

2021-10-18 10:09:31 - [MESSAGE][PASSED] - startApp.OpenApp.terminateApplication is PASSED

2021-10-18 10:09:31 - [MESSAGE][PASSED] - Call Test Case 'Test Cases/Mobile/Page/Run App/Terminate App' successfully]]></system-out>
         <system-err><![CDATA[]]></system-err>
      </testcase>
      <testcase name="Test Cases/Mobile/Scenario/Register/003 - Registrasi akun baru dengan alamat berbeda dengan KTP" time="258.269" classname="Test Cases/Mobile/Scenario/Register/003 - Registrasi akun baru dengan alamat berbeda dengan KTP" status="PASSED">
         <system-out><![CDATA[2021-10-18 10:09:31 - [TEST_CASE][PASSED] - Test Cases/Mobile/Scenario/Register/003 - Registrasi akun baru dengan alamat berbeda dengan KTP: Test Cases/Mobile/Scenario/Register/003 - Registrasi akun baru dengan alamat berbeda dengan KTP

2021-10-18 10:09:31 - [TEST_STEP][PASSED] - callTestCase(findTestCase("Mobile/Page/Run App/Run App byID"), [:], STOP_ON_FAILURE): Call Test Case 'Test Cases/Mobile/Page/Run App/Run App byID' successfully

2021-10-18 10:09:31 - [TEST_CASE][PASSED] - Test Cases/Mobile/Page/Run App/Run App byID: Test Cases/Mobile/Page/Run App/Run App byID

2021-10-18 10:09:31 - [TEST_STEP][PASSED] - startApp.OpenApp.startApplication("com.mirae.maxfund"): startApp.OpenApp.startApplication is PASSED

2021-10-18 10:09:44 - [MESSAGE][PASSED] - Starting app with application ID: 'com.mirae.maxfund'

2021-10-18 10:09:44 - [MESSAGE][PASSED] - startApp.OpenApp.startApplication is PASSED

2021-10-18 10:09:44 - [MESSAGE][PASSED] - Call Test Case 'Test Cases/Mobile/Page/Run App/Run App byID' successfully

2021-10-18 10:09:44 - [TEST_STEP][PASSED] - callTestCase(findTestCase("Mobile/Page/Register/Register"), ["isFromLoginPage":0, "isBedaAlamat":1, "isUseReferralCode":0, "negativeStatus":"none"], STOP_ON_FAILURE): Call Test Case 'Test Cases/Mobile/Page/Register/Register' successfully

2021-10-18 10:09:44 - [TEST_CASE][PASSED] - Test Cases/Mobile/Page/Register/Register: Test Cases/Mobile/Page/Register/Register

2021-10-18 10:09:44 - [TEST_STEP][PASSED] - fullname = "qatesting" + acak.acak.randomStringWord(): acak.acak.randomStringWord is PASSED

2021-10-18 10:09:44 - [MESSAGE][PASSED] - acak.acak.randomStringWord is PASSED

2021-10-18 10:09:44 - [TEST_STEP][PASSED] - birthdate = "1/1/1998": null

2021-10-18 10:09:44 - [TEST_STEP][PASSED] - phone = "082257" + acak.acak.randomStringNumber(6): acak.acak.randomStringNumber is PASSED

2021-10-18 10:09:44 - [MESSAGE][PASSED] - acak.acak.randomStringNumber is PASSED

2021-10-18 10:09:44 - [TEST_STEP][PASSED] - email = fullname + "@gmail.com": null

2021-10-18 10:09:44 - [TEST_STEP][PASSED] - password = "Mirae1234": null

2021-10-18 10:09:44 - [TEST_STEP][PASSED] - branch = "qa cabang": null

2021-10-18 10:09:44 - [TEST_STEP][PASSED] - accountnumber = "222444222444": null

2021-10-18 10:09:44 - [TEST_STEP][PASSED] - nameowner = fullname: null

2021-10-18 10:09:44 - [TEST_STEP][PASSED] - alamat = "Jl. Cempaka Putih Barat 12 F No.12, RT.8/RW.8": null

2021-10-18 10:09:44 - [TEST_STEP][PASSED] - kodepos = "15412": null

2021-10-18 10:09:44 - [TEST_STEP][PASSED] - referralcode = "15412": null

2021-10-18 10:09:44 - [TEST_STEP][PASSED] - flag = "indonesia": null

2021-10-18 10:09:44 - [TEST_STEP][PASSED] - bank = "citibank": null

2021-10-18 10:09:44 - [TEST_STEP][PASSED] - if (isFromLoginPage == 1): null

2021-10-18 10:09:44 - [TEST_STEP][PASSED] - else: Delayed 1 second(s)

2021-10-18 10:09:44 - [TEST_STEP][PASSED] - tap(findTestObject("Object Repository/Mobile/Page/Dashboard/Button - Register"), 0, STOP_ON_FAILURE): Tapped on element 'Object Repository/Mobile/Page/Dashboard/Button - Register'

2021-10-18 10:09:44 - [MESSAGE][WARNING] - Timeout '0' is invalid. Using default page load timeout: '60'

2021-10-18 10:09:47 - [MESSAGE][PASSED] - Tapped on element 'Object Repository/Mobile/Page/Dashboard/Button - Register'

2021-10-18 10:09:47 - [TEST_STEP][PASSED] - delay(1): Delayed 1 second(s)

2021-10-18 10:09:48 - [MESSAGE][PASSED] - Delayed 1 second(s)

2021-10-18 10:09:48 - [TEST_STEP][PASSED] - for ([i = 0, i < 1, (i++)]): Delayed 1 second(s)

2021-10-18 10:09:48 - [TEST_STEP][PASSED] - if (negativeStatus == "isRegistered"): null

2021-10-18 10:09:48 - [TEST_STEP][PASSED] - tap(findTestObject("Object Repository/Mobile/Page/Register/Radio Button - Not registered yet"), 0, STOP_ON_FAILURE): Tapped on element 'Object Repository/Mobile/Page/Register/Radio Button - Not registered yet'

2021-10-18 10:09:48 - [MESSAGE][WARNING] - Timeout '0' is invalid. Using default page load timeout: '60'

2021-10-18 10:09:49 - [MESSAGE][PASSED] - Tapped on element 'Object Repository/Mobile/Page/Register/Radio Button - Not registered yet'

2021-10-18 10:09:49 - [TEST_STEP][PASSED] - delay(1): Delayed 1 second(s)

2021-10-18 10:09:50 - [MESSAGE][PASSED] - Delayed 1 second(s)

2021-10-18 10:09:50 - [TEST_STEP][PASSED] - tap(findTestObject("Object Repository/Mobile/Page/Register/Not Registered/Button - Next"), 0, STOP_ON_FAILURE): Tapped on element 'Object Repository/Mobile/Page/Register/Not Registered/Button - Next'

2021-10-18 10:09:50 - [MESSAGE][WARNING] - Timeout '0' is invalid. Using default page load timeout: '60'

2021-10-18 10:09:51 - [MESSAGE][PASSED] - Tapped on element 'Object Repository/Mobile/Page/Register/Not Registered/Button - Next'

2021-10-18 10:09:51 - [TEST_STEP][PASSED] - delay(1): Delayed 1 second(s)

2021-10-18 10:09:52 - [MESSAGE][PASSED] - Delayed 1 second(s)

2021-10-18 10:09:52 - [TEST_STEP][PASSED] - tap(findTestObject("Object Repository/Mobile/Page/Register/Not Registered/Informasi Pribadi/Edit Text - Fullname"), 0, STOP_ON_FAILURE): Tapped on element 'Object Repository/Mobile/Page/Register/Not Registered/Informasi Pribadi/Edit Text - Fullname'

2021-10-18 10:09:52 - [MESSAGE][WARNING] - Timeout '0' is invalid. Using default page load timeout: '60'

2021-10-18 10:09:53 - [MESSAGE][PASSED] - Tapped on element 'Object Repository/Mobile/Page/Register/Not Registered/Informasi Pribadi/Edit Text - Fullname'

2021-10-18 10:09:53 - [TEST_STEP][PASSED] - setText(findTestObject("Object Repository/Mobile/Page/Register/Not Registered/Informasi Pribadi/Edit Text - Fullname"), fullname, 0): Text 'qatestingSqMOOtkTZQ' has been set to element 'Object Repository/Mobile/Page/Register/Not Registered/Informasi Pribadi/Edit Text - Fullname'

2021-10-18 10:09:53 - [MESSAGE][WARNING] - Timeout '0' is invalid. Using default page load timeout: '60'

2021-10-18 10:09:55 - [MESSAGE][PASSED] - Text 'qatestingSqMOOtkTZQ' has been set to element 'Object Repository/Mobile/Page/Register/Not Registered/Informasi Pribadi/Edit Text - Fullname'

2021-10-18 10:09:55 - [TEST_STEP][PASSED] - hideKeyboard(): Keyboard is hidden

2021-10-18 10:10:02 - [MESSAGE][PASSED] - Keyboard is hidden

2021-10-18 10:10:02 - [TEST_STEP][PASSED] - delay(1): Delayed 1 second(s)

2021-10-18 10:10:03 - [MESSAGE][PASSED] - Delayed 1 second(s)

2021-10-18 10:10:03 - [TEST_STEP][PASSED] - tap(findTestObject("Object Repository/Mobile/Page/Register/Not Registered/Informasi Pribadi/Date Picker - Date of Birth"), 0, STOP_ON_FAILURE): Tapped on element 'Object Repository/Mobile/Page/Register/Not Registered/Informasi Pribadi/Date Picker - Date of Birth'

2021-10-18 10:10:03 - [MESSAGE][WARNING] - Timeout '0' is invalid. Using default page load timeout: '60'

2021-10-18 10:10:03 - [MESSAGE][PASSED] - Tapped on element 'Object Repository/Mobile/Page/Register/Not Registered/Informasi Pribadi/Date Picker - Date of Birth'

2021-10-18 10:10:03 - [TEST_STEP][PASSED] - tap(findTestObject("Object Repository/Mobile/Page/Register/Not Registered/Informasi Pribadi/Date Picker - Icon Edit"), 0, STOP_ON_FAILURE): Tapped on element 'Object Repository/Mobile/Page/Register/Not Registered/Informasi Pribadi/Date Picker - Icon Edit'

2021-10-18 10:10:04 - [MESSAGE][WARNING] - Timeout '0' is invalid. Using default page load timeout: '60'

2021-10-18 10:10:06 - [MESSAGE][PASSED] - Tapped on element 'Object Repository/Mobile/Page/Register/Not Registered/Informasi Pribadi/Date Picker - Icon Edit'

2021-10-18 10:10:06 - [TEST_STEP][PASSED] - if (negativeStatus == "isCheckDateOfBirth"): null

2021-10-18 10:10:06 - [TEST_STEP][PASSED] - else: Delayed 1 second(s)

2021-10-18 10:10:06 - [TEST_STEP][PASSED] - setText(findTestObject("Mobile/Page/Register/Not Registered/Informasi Pribadi/Date Picker - Edit Text Date"), birthdate, 0): Text '1/1/1998' has been set to element 'Object Repository/Mobile/Page/Register/Not Registered/Informasi Pribadi/Date Picker - Edit Text Date'

2021-10-18 10:10:06 - [MESSAGE][WARNING] - Timeout '0' is invalid. Using default page load timeout: '60'

2021-10-18 10:10:07 - [MESSAGE][PASSED] - Text '1/1/1998' has been set to element 'Object Repository/Mobile/Page/Register/Not Registered/Informasi Pribadi/Date Picker - Edit Text Date'

2021-10-18 10:10:07 - [TEST_STEP][PASSED] - tap(findTestObject("Mobile/Page/Register/Not Registered/Informasi Pribadi/Date Picker - Button OK"), 0, STOP_ON_FAILURE): Tapped on element 'Object Repository/Mobile/Page/Register/Not Registered/Informasi Pribadi/Date Picker - Button OK'

2021-10-18 10:10:07 - [MESSAGE][WARNING] - Timeout '0' is invalid. Using default page load timeout: '60'

2021-10-18 10:10:08 - [MESSAGE][PASSED] - Tapped on element 'Object Repository/Mobile/Page/Register/Not Registered/Informasi Pribadi/Date Picker - Button OK'

2021-10-18 10:10:08 - [TEST_STEP][PASSED] - delay(1): Delayed 1 second(s)

2021-10-18 10:10:09 - [MESSAGE][PASSED] - Delayed 1 second(s)

2021-10-18 10:10:09 - [TEST_STEP][PASSED] - if (negativeStatus == "isPhoneNumberNonIndo"): null

2021-10-18 10:10:09 - [TEST_STEP][PASSED] - tap(findTestObject("Object Repository/Mobile/Page/Register/Not Registered/Informasi Pribadi/Dropdown - Flag Phone Number"), 0, STOP_ON_FAILURE): Tapped on element 'Object Repository/Mobile/Page/Register/Not Registered/Informasi Pribadi/Dropdown - Flag Phone Number'

2021-10-18 10:10:09 - [MESSAGE][WARNING] - Timeout '0' is invalid. Using default page load timeout: '60'

2021-10-18 10:10:10 - [MESSAGE][PASSED] - Tapped on element 'Object Repository/Mobile/Page/Register/Not Registered/Informasi Pribadi/Dropdown - Flag Phone Number'

2021-10-18 10:10:10 - [TEST_STEP][PASSED] - tap(findTestObject("Object Repository/Mobile/Page/Register/Not Registered/Informasi Pribadi/Edit Text - Search Flag"), 0, STOP_ON_FAILURE): Tapped on element 'Object Repository/Mobile/Page/Register/Not Registered/Informasi Pribadi/Edit Text - Search Flag'

2021-10-18 10:10:10 - [MESSAGE][WARNING] - Timeout '0' is invalid. Using default page load timeout: '60'

2021-10-18 10:10:11 - [MESSAGE][PASSED] - Tapped on element 'Object Repository/Mobile/Page/Register/Not Registered/Informasi Pribadi/Edit Text - Search Flag'

2021-10-18 10:10:11 - [TEST_STEP][PASSED] - setText(findTestObject("Object Repository/Mobile/Page/Register/Not Registered/Informasi Pribadi/Edit Text - Search Flag"), flag, 0): Text 'indonesia' has been set to element 'Object Repository/Mobile/Page/Register/Not Registered/Informasi Pribadi/Edit Text - Search Flag'

2021-10-18 10:10:11 - [MESSAGE][WARNING] - Timeout '0' is invalid. Using default page load timeout: '60'

2021-10-18 10:10:13 - [MESSAGE][PASSED] - Text 'indonesia' has been set to element 'Object Repository/Mobile/Page/Register/Not Registered/Informasi Pribadi/Edit Text - Search Flag'

2021-10-18 10:10:13 - [TEST_STEP][PASSED] - tap(findTestObject("Mobile/Page/Register/Not Registered/Informasi Pribadi/Item Flag - Top Search"), 0, STOP_ON_FAILURE): Tapped on element 'Object Repository/Mobile/Page/Register/Not Registered/Informasi Pribadi/Item Flag - Top Search'

2021-10-18 10:10:13 - [MESSAGE][WARNING] - Timeout '0' is invalid. Using default page load timeout: '60'

2021-10-18 10:10:14 - [MESSAGE][PASSED] - Tapped on element 'Object Repository/Mobile/Page/Register/Not Registered/Informasi Pribadi/Item Flag - Top Search'

2021-10-18 10:10:14 - [TEST_STEP][PASSED] - tap(findTestObject("Object Repository/Mobile/Page/Register/Not Registered/Informasi Pribadi/Edit Text - Phone Number"), 0, STOP_ON_FAILURE): Tapped on element 'Object Repository/Mobile/Page/Register/Not Registered/Informasi Pribadi/Edit Text - Phone Number'

2021-10-18 10:10:14 - [MESSAGE][WARNING] - Timeout '0' is invalid. Using default page load timeout: '60'

2021-10-18 10:10:15 - [MESSAGE][PASSED] - Tapped on element 'Object Repository/Mobile/Page/Register/Not Registered/Informasi Pribadi/Edit Text - Phone Number'

2021-10-18 10:10:15 - [TEST_STEP][PASSED] - setText(findTestObject("Object Repository/Mobile/Page/Register/Not Registered/Informasi Pribadi/Edit Text - Phone Number"), phone, 0): Text '082257659538' has been set to element 'Object Repository/Mobile/Page/Register/Not Registered/Informasi Pribadi/Edit Text - Phone Number'

2021-10-18 10:10:15 - [MESSAGE][WARNING] - Timeout '0' is invalid. Using default page load timeout: '60'

2021-10-18 10:10:16 - [MESSAGE][PASSED] - Text '082257659538' has been set to element 'Object Repository/Mobile/Page/Register/Not Registered/Informasi Pribadi/Edit Text - Phone Number'

2021-10-18 10:10:16 - [TEST_STEP][PASSED] - hideKeyboard(): Keyboard is hidden

2021-10-18 10:10:23 - [MESSAGE][PASSED] - Keyboard is hidden

2021-10-18 10:10:23 - [TEST_STEP][PASSED] - delay(1): Delayed 1 second(s)

2021-10-18 10:10:24 - [MESSAGE][PASSED] - Delayed 1 second(s)

2021-10-18 10:10:24 - [TEST_STEP][PASSED] - tap(findTestObject("Object Repository/Mobile/Page/Register/Not Registered/Informasi Pribadi/Dropdown - Flag Re Phone Number"), 0, STOP_ON_FAILURE): Tapped on element 'Object Repository/Mobile/Page/Register/Not Registered/Informasi Pribadi/Dropdown - Flag Re Phone Number'

2021-10-18 10:10:24 - [MESSAGE][WARNING] - Timeout '0' is invalid. Using default page load timeout: '60'

2021-10-18 10:10:26 - [MESSAGE][PASSED] - Tapped on element 'Object Repository/Mobile/Page/Register/Not Registered/Informasi Pribadi/Dropdown - Flag Re Phone Number'

2021-10-18 10:10:26 - [TEST_STEP][PASSED] - tap(findTestObject("Object Repository/Mobile/Page/Register/Not Registered/Informasi Pribadi/Edit Text - Search Flag"), 0, STOP_ON_FAILURE): Tapped on element 'Object Repository/Mobile/Page/Register/Not Registered/Informasi Pribadi/Edit Text - Search Flag'

2021-10-18 10:10:26 - [MESSAGE][WARNING] - Timeout '0' is invalid. Using default page load timeout: '60'

2021-10-18 10:10:26 - [MESSAGE][PASSED] - Tapped on element 'Object Repository/Mobile/Page/Register/Not Registered/Informasi Pribadi/Edit Text - Search Flag'

2021-10-18 10:10:26 - [TEST_STEP][PASSED] - setText(findTestObject("Object Repository/Mobile/Page/Register/Not Registered/Informasi Pribadi/Edit Text - Search Flag"), flag, 0): Text 'indonesia' has been set to element 'Object Repository/Mobile/Page/Register/Not Registered/Informasi Pribadi/Edit Text - Search Flag'

2021-10-18 10:10:26 - [MESSAGE][WARNING] - Timeout '0' is invalid. Using default page load timeout: '60'

2021-10-18 10:10:28 - [MESSAGE][PASSED] - Text 'indonesia' has been set to element 'Object Repository/Mobile/Page/Register/Not Registered/Informasi Pribadi/Edit Text - Search Flag'

2021-10-18 10:10:28 - [TEST_STEP][PASSED] - tap(findTestObject("Mobile/Page/Register/Not Registered/Informasi Pribadi/Item Flag - Top Search"), 0, STOP_ON_FAILURE): Tapped on element 'Object Repository/Mobile/Page/Register/Not Registered/Informasi Pribadi/Item Flag - Top Search'

2021-10-18 10:10:28 - [MESSAGE][WARNING] - Timeout '0' is invalid. Using default page load timeout: '60'

2021-10-18 10:10:29 - [MESSAGE][PASSED] - Tapped on element 'Object Repository/Mobile/Page/Register/Not Registered/Informasi Pribadi/Item Flag - Top Search'

2021-10-18 10:10:29 - [TEST_STEP][PASSED] - tap(findTestObject("Object Repository/Mobile/Page/Register/Not Registered/Informasi Pribadi/Edit Text - Re Phone Number"), 0, STOP_ON_FAILURE): Tapped on element 'Object Repository/Mobile/Page/Register/Not Registered/Informasi Pribadi/Edit Text - Re Phone Number'

2021-10-18 10:10:30 - [MESSAGE][WARNING] - Timeout '0' is invalid. Using default page load timeout: '60'

2021-10-18 10:10:30 - [MESSAGE][PASSED] - Tapped on element 'Object Repository/Mobile/Page/Register/Not Registered/Informasi Pribadi/Edit Text - Re Phone Number'

2021-10-18 10:10:30 - [TEST_STEP][PASSED] - setText(findTestObject("Object Repository/Mobile/Page/Register/Not Registered/Informasi Pribadi/Edit Text - Re Phone Number"), phone, 0): Text '082257659538' has been set to element 'Object Repository/Mobile/Page/Register/Not Registered/Informasi Pribadi/Edit Text - Re Phone Number'

2021-10-18 10:10:30 - [MESSAGE][WARNING] - Timeout '0' is invalid. Using default page load timeout: '60'

2021-10-18 10:10:31 - [MESSAGE][PASSED] - Text '082257659538' has been set to element 'Object Repository/Mobile/Page/Register/Not Registered/Informasi Pribadi/Edit Text - Re Phone Number'

2021-10-18 10:10:31 - [TEST_STEP][PASSED] - hideKeyboard(): Keyboard is hidden

2021-10-18 10:10:37 - [MESSAGE][PASSED] - Keyboard is hidden

2021-10-18 10:10:37 - [TEST_STEP][PASSED] - delay(1): Delayed 1 second(s)

2021-10-18 10:10:38 - [MESSAGE][PASSED] - Delayed 1 second(s)

2021-10-18 10:10:38 - [TEST_STEP][PASSED] - if (negativeStatus == "isCheckEmailRegistered"): null

2021-10-18 10:10:38 - [TEST_STEP][PASSED] - else: Delayed 1 second(s)

2021-10-18 10:10:38 - [TEST_STEP][PASSED] - tap(findTestObject("Object Repository/Mobile/Page/Register/Not Registered/Informasi Pribadi/Edit Text - Email"), 0, STOP_ON_FAILURE): Tapped on element 'Object Repository/Mobile/Page/Register/Not Registered/Informasi Pribadi/Edit Text - Email'

2021-10-18 10:10:38 - [MESSAGE][WARNING] - Timeout '0' is invalid. Using default page load timeout: '60'

2021-10-18 10:10:39 - [MESSAGE][PASSED] - Tapped on element 'Object Repository/Mobile/Page/Register/Not Registered/Informasi Pribadi/Edit Text - Email'

2021-10-18 10:10:39 - [TEST_STEP][PASSED] - setText(findTestObject("Object Repository/Mobile/Page/Register/Not Registered/Informasi Pribadi/Edit Text - Email"), email, 0): Text 'qatestingSqMOOtkTZQ@gmail.com' has been set to element 'Object Repository/Mobile/Page/Register/Not Registered/Informasi Pribadi/Edit Text - Email'

2021-10-18 10:10:39 - [MESSAGE][WARNING] - Timeout '0' is invalid. Using default page load timeout: '60'

2021-10-18 10:10:40 - [MESSAGE][PASSED] - Text 'qatestingSqMOOtkTZQ@gmail.com' has been set to element 'Object Repository/Mobile/Page/Register/Not Registered/Informasi Pribadi/Edit Text - Email'

2021-10-18 10:10:40 - [TEST_STEP][PASSED] - hideKeyboard(): Keyboard is hidden

2021-10-18 10:10:44 - [MESSAGE][PASSED] - Keyboard is hidden

2021-10-18 10:10:44 - [TEST_STEP][PASSED] - delay(1): Delayed 1 second(s)

2021-10-18 10:10:45 - [MESSAGE][PASSED] - Delayed 1 second(s)

2021-10-18 10:10:45 - [TEST_STEP][PASSED] - if (negativeStatus == "isCheckEmailMatch"): null

2021-10-18 10:10:45 - [TEST_STEP][PASSED] - else: Delayed 1 second(s)

2021-10-18 10:10:45 - [TEST_STEP][PASSED] - tap(findTestObject("Object Repository/Mobile/Page/Register/Not Registered/Informasi Pribadi/Edit Text - Re Email"), 0, STOP_ON_FAILURE): Tapped on element 'Object Repository/Mobile/Page/Register/Not Registered/Informasi Pribadi/Edit Text - Re Email'

2021-10-18 10:10:45 - [MESSAGE][WARNING] - Timeout '0' is invalid. Using default page load timeout: '60'

2021-10-18 10:10:45 - [MESSAGE][PASSED] - Tapped on element 'Object Repository/Mobile/Page/Register/Not Registered/Informasi Pribadi/Edit Text - Re Email'

2021-10-18 10:10:45 - [TEST_STEP][PASSED] - setText(findTestObject("Object Repository/Mobile/Page/Register/Not Registered/Informasi Pribadi/Edit Text - Re Email"), email, 0): Text 'qatestingSqMOOtkTZQ@gmail.com' has been set to element 'Object Repository/Mobile/Page/Register/Not Registered/Informasi Pribadi/Edit Text - Re Email'

2021-10-18 10:10:45 - [MESSAGE][WARNING] - Timeout '0' is invalid. Using default page load timeout: '60'

2021-10-18 10:10:47 - [MESSAGE][PASSED] - Text 'qatestingSqMOOtkTZQ@gmail.com' has been set to element 'Object Repository/Mobile/Page/Register/Not Registered/Informasi Pribadi/Edit Text - Re Email'

2021-10-18 10:10:47 - [TEST_STEP][PASSED] - hideKeyboard(): Keyboard is hidden

2021-10-18 10:10:50 - [MESSAGE][PASSED] - Keyboard is hidden

2021-10-18 10:10:50 - [TEST_STEP][PASSED] - delay(1): Delayed 1 second(s)

2021-10-18 10:10:51 - [MESSAGE][PASSED] - Delayed 1 second(s)

2021-10-18 10:10:51 - [TEST_STEP][PASSED] - if (negativeStatus == "isPasswordNumberOnly"): null

2021-10-18 10:10:51 - [TEST_STEP][PASSED] - else: Delayed 1 second(s)

2021-10-18 10:10:51 - [TEST_STEP][PASSED] - tap(findTestObject("Object Repository/Mobile/Page/Register/Not Registered/Informasi Pribadi/Edit Text - Password"), 0, STOP_ON_FAILURE): Tapped on element 'Object Repository/Mobile/Page/Register/Not Registered/Informasi Pribadi/Edit Text - Password'

2021-10-18 10:10:51 - [MESSAGE][WARNING] - Timeout '0' is invalid. Using default page load timeout: '60'

2021-10-18 10:10:52 - [MESSAGE][PASSED] - Tapped on element 'Object Repository/Mobile/Page/Register/Not Registered/Informasi Pribadi/Edit Text - Password'

2021-10-18 10:10:52 - [TEST_STEP][PASSED] - setText(findTestObject("Object Repository/Mobile/Page/Register/Not Registered/Informasi Pribadi/Edit Text - Password"), password, 0): Text 'Mirae1234' has been set to element 'Object Repository/Mobile/Page/Register/Not Registered/Informasi Pribadi/Edit Text - Password'

2021-10-18 10:10:52 - [MESSAGE][WARNING] - Timeout '0' is invalid. Using default page load timeout: '60'

2021-10-18 10:10:53 - [MESSAGE][PASSED] - Text 'Mirae1234' has been set to element 'Object Repository/Mobile/Page/Register/Not Registered/Informasi Pribadi/Edit Text - Password'

2021-10-18 10:10:53 - [TEST_STEP][PASSED] - hideKeyboard(): Keyboard is hidden

2021-10-18 10:11:00 - [MESSAGE][PASSED] - Keyboard is hidden

2021-10-18 10:11:00 - [TEST_STEP][PASSED] - delay(1): Delayed 1 second(s)

2021-10-18 10:11:01 - [MESSAGE][PASSED] - Delayed 1 second(s)

2021-10-18 10:11:01 - [TEST_STEP][PASSED] - tap(findTestObject("Object Repository/Mobile/Page/Register/Not Registered/Informasi Pribadi/Edit Text - Re Password"), 0, STOP_ON_FAILURE): Tapped on element 'Object Repository/Mobile/Page/Register/Not Registered/Informasi Pribadi/Edit Text - Re Password'

2021-10-18 10:11:01 - [MESSAGE][WARNING] - Timeout '0' is invalid. Using default page load timeout: '60'

2021-10-18 10:11:01 - [MESSAGE][PASSED] - Tapped on element 'Object Repository/Mobile/Page/Register/Not Registered/Informasi Pribadi/Edit Text - Re Password'

2021-10-18 10:11:01 - [TEST_STEP][PASSED] - setText(findTestObject("Object Repository/Mobile/Page/Register/Not Registered/Informasi Pribadi/Edit Text - Re Password"), password, 0): Text 'Mirae1234' has been set to element 'Object Repository/Mobile/Page/Register/Not Registered/Informasi Pribadi/Edit Text - Re Password'

2021-10-18 10:11:01 - [MESSAGE][WARNING] - Timeout '0' is invalid. Using default page load timeout: '60'

2021-10-18 10:11:03 - [MESSAGE][PASSED] - Text 'Mirae1234' has been set to element 'Object Repository/Mobile/Page/Register/Not Registered/Informasi Pribadi/Edit Text - Re Password'

2021-10-18 10:11:03 - [TEST_STEP][PASSED] - hideKeyboard(): Keyboard is hidden

2021-10-18 10:11:09 - [MESSAGE][PASSED] - Keyboard is hidden

2021-10-18 10:11:09 - [TEST_STEP][PASSED] - delay(1): Delayed 1 second(s)

2021-10-18 10:11:10 - [MESSAGE][PASSED] - Delayed 1 second(s)

2021-10-18 10:11:10 - [TEST_STEP][PASSED] - if (isBedaAlamat == 1): Delayed 1 second(s)

2021-10-18 10:11:10 - [TEST_STEP][PASSED] - tap(findTestObject("Object Repository/Mobile/Page/Register/Not Registered/Informasi Pribadi/Radio Button - Address different"), 0, STOP_ON_FAILURE): Tapped on element 'Object Repository/Mobile/Page/Register/Not Registered/Informasi Pribadi/Radio Button - Address different'

2021-10-18 10:11:10 - [MESSAGE][WARNING] - Timeout '0' is invalid. Using default page load timeout: '60'

2021-10-18 10:11:10 - [MESSAGE][PASSED] - Tapped on element 'Object Repository/Mobile/Page/Register/Not Registered/Informasi Pribadi/Radio Button - Address different'

2021-10-18 10:11:10 - [TEST_STEP][PASSED] - delay(1): Delayed 1 second(s)

2021-10-18 10:11:11 - [MESSAGE][PASSED] - Delayed 1 second(s)

2021-10-18 10:11:11 - [TEST_STEP][PASSED] - tap(findTestObject("Object Repository/Mobile/Page/Register/Not Registered/Informasi Pribadi/Address Different/Edit Text - Mailing Address"), 0, STOP_ON_FAILURE): Tapped on element 'Object Repository/Mobile/Page/Register/Not Registered/Informasi Pribadi/Address Different/Edit Text - Mailing Address'

2021-10-18 10:11:11 - [MESSAGE][WARNING] - Timeout '0' is invalid. Using default page load timeout: '60'

2021-10-18 10:11:12 - [MESSAGE][PASSED] - Tapped on element 'Object Repository/Mobile/Page/Register/Not Registered/Informasi Pribadi/Address Different/Edit Text - Mailing Address'

2021-10-18 10:11:12 - [TEST_STEP][PASSED] - setText(findTestObject("Object Repository/Mobile/Page/Register/Not Registered/Informasi Pribadi/Address Different/Edit Text - Mailing Address"), alamat, 0): Text 'Jl. Cempaka Putih Barat 12 F No.12, RT.8/RW.8' has been set to element 'Object Repository/Mobile/Page/Register/Not Registered/Informasi Pribadi/Address Different/Edit Text - Mailing Address'

2021-10-18 10:11:12 - [MESSAGE][WARNING] - Timeout '0' is invalid. Using default page load timeout: '60'

2021-10-18 10:11:13 - [MESSAGE][PASSED] - Text 'Jl. Cempaka Putih Barat 12 F No.12, RT.8/RW.8' has been set to element 'Object Repository/Mobile/Page/Register/Not Registered/Informasi Pribadi/Address Different/Edit Text - Mailing Address'

2021-10-18 10:11:13 - [TEST_STEP][PASSED] - hideKeyboard(): Keyboard is hidden

2021-10-18 10:11:17 - [MESSAGE][PASSED] - Keyboard is hidden

2021-10-18 10:11:17 - [TEST_STEP][PASSED] - delay(1): Delayed 1 second(s)

2021-10-18 10:11:18 - [MESSAGE][PASSED] - Delayed 1 second(s)

2021-10-18 10:11:18 - [TEST_STEP][PASSED] - tapAndHold(findTestObject("Object Repository/Mobile/Page/Register/Not Registered/Informasi Pribadi/Address Different/Dropdown - Province"), 1, 0, STOP_ON_FAILURE): Tapped and held on element 'Object Repository/Mobile/Page/Register/Not Registered/Informasi Pribadi/Address Different/Dropdown - Province' with duration 1

2021-10-18 10:11:18 - [MESSAGE][WARNING] - Timeout '0' is invalid. Using default page load timeout: '60'

2021-10-18 10:11:21 - [MESSAGE][PASSED] - Tapped and held on element 'Object Repository/Mobile/Page/Register/Not Registered/Informasi Pribadi/Address Different/Dropdown - Province' with duration 1

2021-10-18 10:11:21 - [TEST_STEP][PASSED] - tap(findTestObject("Object Repository/Mobile/Page/Register/Not Registered/Informasi Pribadi/Address Different/Dropdown - Province Option DKI Jakarta"), 0, STOP_ON_FAILURE): Tapped on element 'Object Repository/Mobile/Page/Register/Not Registered/Informasi Pribadi/Address Different/Dropdown - Province Option DKI Jakarta'

2021-10-18 10:11:21 - [MESSAGE][WARNING] - Timeout '0' is invalid. Using default page load timeout: '60'

2021-10-18 10:11:22 - [MESSAGE][PASSED] - Tapped on element 'Object Repository/Mobile/Page/Register/Not Registered/Informasi Pribadi/Address Different/Dropdown - Province Option DKI Jakarta'

2021-10-18 10:11:22 - [TEST_STEP][PASSED] - delay(2): Delayed 2 second(s)

2021-10-18 10:11:24 - [MESSAGE][PASSED] - Delayed 2 second(s)

2021-10-18 10:11:24 - [TEST_STEP][PASSED] - hideKeyboard(): Keyboard is hidden

2021-10-18 10:11:28 - [MESSAGE][PASSED] - Keyboard is hidden

2021-10-18 10:11:28 - [TEST_STEP][PASSED] - delay(1): Delayed 1 second(s)

2021-10-18 10:11:29 - [MESSAGE][PASSED] - Delayed 1 second(s)

2021-10-18 10:11:29 - [TEST_STEP][PASSED] - tapAndHold(findTestObject("Object Repository/Mobile/Page/Register/Not Registered/Informasi Pribadi/Address Different/Dropdown - City"), 1, 0, STOP_ON_FAILURE): Tapped and held on element 'Object Repository/Mobile/Page/Register/Not Registered/Informasi Pribadi/Address Different/Dropdown - City' with duration 1

2021-10-18 10:11:29 - [MESSAGE][WARNING] - Timeout '0' is invalid. Using default page load timeout: '60'

2021-10-18 10:11:32 - [MESSAGE][PASSED] - Tapped and held on element 'Object Repository/Mobile/Page/Register/Not Registered/Informasi Pribadi/Address Different/Dropdown - City' with duration 1

2021-10-18 10:11:32 - [TEST_STEP][PASSED] - tap(findTestObject("Object Repository/Mobile/Page/Register/Not Registered/Informasi Pribadi/Address Different/Dropdown - City Option Jakarta Pusat"), 0, STOP_ON_FAILURE): Tapped on element 'Object Repository/Mobile/Page/Register/Not Registered/Informasi Pribadi/Address Different/Dropdown - City Option Jakarta Pusat'

2021-10-18 10:11:32 - [MESSAGE][WARNING] - Timeout '0' is invalid. Using default page load timeout: '60'

2021-10-18 10:11:33 - [MESSAGE][PASSED] - Tapped on element 'Object Repository/Mobile/Page/Register/Not Registered/Informasi Pribadi/Address Different/Dropdown - City Option Jakarta Pusat'

2021-10-18 10:11:33 - [TEST_STEP][PASSED] - delay(2): Delayed 2 second(s)

2021-10-18 10:11:35 - [MESSAGE][PASSED] - Delayed 2 second(s)

2021-10-18 10:11:35 - [TEST_STEP][PASSED] - hideKeyboard(): Keyboard is hidden

2021-10-18 10:11:39 - [MESSAGE][PASSED] - Keyboard is hidden

2021-10-18 10:11:39 - [TEST_STEP][PASSED] - delay(1): Delayed 1 second(s)

2021-10-18 10:11:40 - [MESSAGE][PASSED] - Delayed 1 second(s)

2021-10-18 10:11:40 - [TEST_STEP][PASSED] - if (negativeStatus == "isPostalCodeIncorrect"): null

2021-10-18 10:11:40 - [TEST_STEP][PASSED] - else: Delayed 1 second(s)

2021-10-18 10:11:40 - [TEST_STEP][PASSED] - tap(findTestObject("Object Repository/Mobile/Page/Register/Not Registered/Informasi Pribadi/Address Different/Edit Text - Postal Code"), 0, STOP_ON_FAILURE): Tapped on element 'Object Repository/Mobile/Page/Register/Not Registered/Informasi Pribadi/Address Different/Edit Text - Postal Code'

2021-10-18 10:11:40 - [MESSAGE][WARNING] - Timeout '0' is invalid. Using default page load timeout: '60'

2021-10-18 10:11:40 - [MESSAGE][PASSED] - Tapped on element 'Object Repository/Mobile/Page/Register/Not Registered/Informasi Pribadi/Address Different/Edit Text - Postal Code'

2021-10-18 10:11:40 - [TEST_STEP][PASSED] - setText(findTestObject("Object Repository/Mobile/Page/Register/Not Registered/Informasi Pribadi/Address Different/Edit Text - Postal Code"), kodepos, 0): Text '15412' has been set to element 'Object Repository/Mobile/Page/Register/Not Registered/Informasi Pribadi/Address Different/Edit Text - Postal Code'

2021-10-18 10:11:40 - [MESSAGE][WARNING] - Timeout '0' is invalid. Using default page load timeout: '60'

2021-10-18 10:11:42 - [MESSAGE][PASSED] - Text '15412' has been set to element 'Object Repository/Mobile/Page/Register/Not Registered/Informasi Pribadi/Address Different/Edit Text - Postal Code'

2021-10-18 10:11:42 - [TEST_STEP][PASSED] - hideKeyboard(): Keyboard is hidden

2021-10-18 10:11:48 - [MESSAGE][PASSED] - Keyboard is hidden

2021-10-18 10:11:48 - [TEST_STEP][PASSED] - delay(1): Delayed 1 second(s)

2021-10-18 10:11:49 - [MESSAGE][PASSED] - Delayed 1 second(s)

2021-10-18 10:11:49 - [TEST_STEP][PASSED] - tap(findTestObject("Object Repository/Mobile/Page/Register/Not Registered/Informasi Pribadi/Button - Icon KTP"), 0, STOP_ON_FAILURE): Tapped on element 'Object Repository/Mobile/Page/Register/Not Registered/Informasi Pribadi/Button - Icon KTP'

2021-10-18 10:11:49 - [MESSAGE][WARNING] - Timeout '0' is invalid. Using default page load timeout: '60'

2021-10-18 10:11:51 - [MESSAGE][PASSED] - Tapped on element 'Object Repository/Mobile/Page/Register/Not Registered/Informasi Pribadi/Button - Icon KTP'

2021-10-18 10:11:51 - [TEST_STEP][PASSED] - permission = verifyElementExist(findTestObject("Object Repository/Mobile/Page/Register/Not Registered/Informasi Pribadi/Permission - Only this time"), 1, OPTIONAL): Element 'Object Repository/Mobile/Page/Register/Not Registered/Informasi Pribadi/Permission - Only this time' is exist

2021-10-18 10:11:51 - [MESSAGE][PASSED] - Element 'Object Repository/Mobile/Page/Register/Not Registered/Informasi Pribadi/Permission - Only this time' is exist

2021-10-18 10:11:51 - [TEST_STEP][PASSED] - if (permission): Tapped on element 'Object Repository/Mobile/Page/Register/Not Registered/Informasi Pribadi/Permission - Only this time'

2021-10-18 10:11:51 - [TEST_STEP][PASSED] - tap(findTestObject("Object Repository/Mobile/Page/Register/Not Registered/Informasi Pribadi/Permission - Only this time"), 0, STOP_ON_FAILURE): Tapped on element 'Object Repository/Mobile/Page/Register/Not Registered/Informasi Pribadi/Permission - Only this time'

2021-10-18 10:11:51 - [MESSAGE][WARNING] - Timeout '0' is invalid. Using default page load timeout: '60'

2021-10-18 10:11:51 - [MESSAGE][PASSED] - Tapped on element 'Object Repository/Mobile/Page/Register/Not Registered/Informasi Pribadi/Permission - Only this time'

2021-10-18 10:11:51 - [TEST_STEP][PASSED] - permission = verifyElementExist(findTestObject("Object Repository/Mobile/Page/Register/Not Registered/Informasi Pribadi/Permission - Only this time"), 1, OPTIONAL): Element 'Object Repository/Mobile/Page/Register/Not Registered/Informasi Pribadi/Permission - Only this time' is exist

2021-10-18 10:11:52 - [MESSAGE][PASSED] - Element 'Object Repository/Mobile/Page/Register/Not Registered/Informasi Pribadi/Permission - Only this time' is exist

2021-10-18 10:11:52 - [TEST_STEP][PASSED] - if (permission): Tapped on element 'Object Repository/Mobile/Page/Register/Not Registered/Informasi Pribadi/Permission - Only this time'

2021-10-18 10:11:52 - [TEST_STEP][PASSED] - tap(findTestObject("Object Repository/Mobile/Page/Register/Not Registered/Informasi Pribadi/Permission - Only this time"), 0, STOP_ON_FAILURE): Tapped on element 'Object Repository/Mobile/Page/Register/Not Registered/Informasi Pribadi/Permission - Only this time'

2021-10-18 10:11:52 - [MESSAGE][WARNING] - Timeout '0' is invalid. Using default page load timeout: '60'

2021-10-18 10:11:53 - [MESSAGE][PASSED] - Tapped on element 'Object Repository/Mobile/Page/Register/Not Registered/Informasi Pribadi/Permission - Only this time'

2021-10-18 10:11:53 - [TEST_STEP][PASSED] - tap(findTestObject("Object Repository/Mobile/Page/Register/Not Registered/Informasi Pribadi/Button - Capture KTP"), 0, STOP_ON_FAILURE): Tapped on element 'Object Repository/Mobile/Page/Register/Not Registered/Informasi Pribadi/Button - Capture KTP'

2021-10-18 10:11:53 - [MESSAGE][WARNING] - Timeout '0' is invalid. Using default page load timeout: '60'

2021-10-18 10:11:55 - [MESSAGE][PASSED] - Tapped on element 'Object Repository/Mobile/Page/Register/Not Registered/Informasi Pribadi/Button - Capture KTP'

2021-10-18 10:11:55 - [TEST_STEP][PASSED] - delay(2): Delayed 2 second(s)

2021-10-18 10:11:57 - [MESSAGE][PASSED] - Delayed 2 second(s)

2021-10-18 10:11:57 - [TEST_STEP][PASSED] - scroll.scroll.scrollLeftToRight(findTestObject("Object Repository/Mobile/Page/Register/Not Registered/Informasi Pribadi/Slider - Edit Photo Scale")): scroll.scroll.scrollLeftToRight is PASSED

2021-10-18 10:11:57 - [MESSAGE][WARNING] - Timeout '0' is invalid. Using default page load timeout: '60'

2021-10-18 10:12:01 - [MESSAGE][PASSED] - Object 'Object Repository/Mobile/Page/Register/Not Registered/Informasi Pribadi/Slider - Edit Photo Scale' has left position '0'

2021-10-18 10:12:01 - [MESSAGE][WARNING] - Timeout '0' is invalid. Using default page load timeout: '60'

2021-10-18 10:12:02 - [MESSAGE][PASSED] - Object 'Object Repository/Mobile/Page/Register/Not Registered/Informasi Pribadi/Slider - Edit Photo Scale' has top position '1,284'

2021-10-18 10:12:02 - [MESSAGE][WARNING] - Timeout '0' is invalid. Using default page load timeout: '60'

2021-10-18 10:12:02 - [MESSAGE][PASSED] - Object 'Object Repository/Mobile/Page/Register/Not Registered/Informasi Pribadi/Slider - Edit Photo Scale' has width: '720'

2021-10-18 10:12:02 - [MESSAGE][WARNING] - Timeout '0' is invalid. Using default page load timeout: '60'

2021-10-18 10:12:02 - [MESSAGE][PASSED] - Object 'Object Repository/Mobile/Page/Register/Not Registered/Informasi Pribadi/Slider - Edit Photo Scale' has height: '66'

2021-10-18 10:12:04 - [MESSAGE][PASSED] - Swiped from 144,1,317 to 576,1,317

2021-10-18 10:12:04 - [MESSAGE][PASSED] - scroll.scroll.scrollLeftToRight is PASSED

2021-10-18 10:12:04 - [TEST_STEP][PASSED] - tap(findTestObject("Object Repository/Mobile/Page/Register/Not Registered/Informasi Pribadi/Button - Edit Photo Rotate"), 0, STOP_ON_FAILURE): Tapped on element 'Object Repository/Mobile/Page/Register/Not Registered/Informasi Pribadi/Button - Edit Photo Rotate'

2021-10-18 10:12:04 - [MESSAGE][WARNING] - Timeout '0' is invalid. Using default page load timeout: '60'

2021-10-18 10:12:06 - [MESSAGE][PASSED] - Tapped on element 'Object Repository/Mobile/Page/Register/Not Registered/Informasi Pribadi/Button - Edit Photo Rotate'

2021-10-18 10:12:06 - [TEST_STEP][PASSED] - tap(findTestObject("Object Repository/Mobile/Page/Register/Not Registered/Informasi Pribadi/Button - Edit Photo Rotate 90 degree"), 0, STOP_ON_FAILURE): Tapped on element 'Object Repository/Mobile/Page/Register/Not Registered/Informasi Pribadi/Button - Edit Photo Rotate 90 degree'

2021-10-18 10:12:06 - [MESSAGE][WARNING] - Timeout '0' is invalid. Using default page load timeout: '60'

2021-10-18 10:12:08 - [MESSAGE][PASSED] - Tapped on element 'Object Repository/Mobile/Page/Register/Not Registered/Informasi Pribadi/Button - Edit Photo Rotate 90 degree'

2021-10-18 10:12:08 - [TEST_STEP][PASSED] - tap(findTestObject("Object Repository/Mobile/Page/Register/Not Registered/Informasi Pribadi/Button - Edit Photo Reset Rotation"), 0, STOP_ON_FAILURE): Tapped on element 'Object Repository/Mobile/Page/Register/Not Registered/Informasi Pribadi/Button - Edit Photo Reset Rotation'

2021-10-18 10:12:08 - [MESSAGE][WARNING] - Timeout '0' is invalid. Using default page load timeout: '60'

2021-10-18 10:12:09 - [MESSAGE][PASSED] - Tapped on element 'Object Repository/Mobile/Page/Register/Not Registered/Informasi Pribadi/Button - Edit Photo Reset Rotation'

2021-10-18 10:12:09 - [TEST_STEP][PASSED] - scroll.scroll.scrollLeftToRight(findTestObject("Object Repository/Mobile/Page/Register/Not Registered/Informasi Pribadi/Slider - Edit Photo Rotate")): scroll.scroll.scrollLeftToRight is PASSED

2021-10-18 10:12:09 - [MESSAGE][WARNING] - Timeout '0' is invalid. Using default page load timeout: '60'

2021-10-18 10:12:09 - [MESSAGE][PASSED] - Object 'Object Repository/Mobile/Page/Register/Not Registered/Informasi Pribadi/Slider - Edit Photo Rotate' has left position '88'

2021-10-18 10:12:09 - [MESSAGE][WARNING] - Timeout '0' is invalid. Using default page load timeout: '60'

2021-10-18 10:12:09 - [MESSAGE][PASSED] - Object 'Object Repository/Mobile/Page/Register/Not Registered/Informasi Pribadi/Slider - Edit Photo Rotate' has top position '1,284'

2021-10-18 10:12:09 - [MESSAGE][WARNING] - Timeout '0' is invalid. Using default page load timeout: '60'

2021-10-18 10:12:10 - [MESSAGE][PASSED] - Object 'Object Repository/Mobile/Page/Register/Not Registered/Informasi Pribadi/Slider - Edit Photo Rotate' has width: '544'

2021-10-18 10:12:10 - [MESSAGE][WARNING] - Timeout '0' is invalid. Using default page load timeout: '60'

2021-10-18 10:12:10 - [MESSAGE][PASSED] - Object 'Object Repository/Mobile/Page/Register/Not Registered/Informasi Pribadi/Slider - Edit Photo Rotate' has height: '66'

2021-10-18 10:12:11 - [MESSAGE][PASSED] - Swiped from 196,1,317 to 523,1,317

2021-10-18 10:12:11 - [MESSAGE][PASSED] - scroll.scroll.scrollLeftToRight is PASSED

2021-10-18 10:12:11 - [TEST_STEP][PASSED] - tap(findTestObject("Object Repository/Mobile/Page/Register/Not Registered/Informasi Pribadi/Button - Edit Photo Confirm"), 0, STOP_ON_FAILURE): Tapped on element 'Object Repository/Mobile/Page/Register/Not Registered/Informasi Pribadi/Button - Edit Photo Confirm'

2021-10-18 10:12:11 - [MESSAGE][WARNING] - Timeout '0' is invalid. Using default page load timeout: '60'

2021-10-18 10:12:14 - [MESSAGE][PASSED] - Tapped on element 'Object Repository/Mobile/Page/Register/Not Registered/Informasi Pribadi/Button - Edit Photo Confirm'

2021-10-18 10:12:14 - [TEST_STEP][PASSED] - delay(2): Delayed 2 second(s)

2021-10-18 10:12:16 - [MESSAGE][PASSED] - Delayed 2 second(s)

2021-10-18 10:12:16 - [TEST_STEP][PASSED] - hideKeyboard(): Keyboard is hidden

2021-10-18 10:12:23 - [MESSAGE][PASSED] - Keyboard is hidden

2021-10-18 10:12:23 - [TEST_STEP][PASSED] - delay(1): Delayed 1 second(s)

2021-10-18 10:12:24 - [MESSAGE][PASSED] - Delayed 1 second(s)

2021-10-18 10:12:24 - [TEST_STEP][PASSED] - scroll.scroll.scrollToBottomOpenKeyboard(): scroll.scroll.scrollToBottomOpenKeyboard is PASSED

2021-10-18 10:12:25 - [MESSAGE][PASSED] - Current device physical height is 1423

2021-10-18 10:12:25 - [MESSAGE][PASSED] - Current device physical width is 720

2021-10-18 10:12:26 - [MESSAGE][PASSED] - Swiped from 360,853 to 360,284

2021-10-18 10:12:26 - [MESSAGE][PASSED] - scroll.scroll.scrollToBottomOpenKeyboard is PASSED

2021-10-18 10:12:26 - [TEST_STEP][PASSED] - tap(findTestObject("Object Repository/Mobile/Page/Register/Not Registered/Informasi Pribadi/Button - Icon Face with KTP"), 0, STOP_ON_FAILURE): Tapped on element 'Object Repository/Mobile/Page/Register/Not Registered/Informasi Pribadi/Button - Icon Face with KTP'

2021-10-18 10:12:26 - [MESSAGE][WARNING] - Timeout '0' is invalid. Using default page load timeout: '60'

2021-10-18 10:12:28 - [MESSAGE][PASSED] - Tapped on element 'Object Repository/Mobile/Page/Register/Not Registered/Informasi Pribadi/Button - Icon Face with KTP'

2021-10-18 10:12:28 - [TEST_STEP][PASSED] - permission = verifyElementExist(findTestObject("Object Repository/Mobile/Page/Register/Not Registered/Informasi Pribadi/Permission - Only this time"), 1, OPTIONAL): Element 'Object Repository/Mobile/Page/Register/Not Registered/Informasi Pribadi/Permission - Only this time' not found

2021-10-18 10:12:30 - [MESSAGE][WARNING] - Element 'Object Repository/Mobile/Page/Register/Not Registered/Informasi Pribadi/Permission - Only this time' not found
[[ATTACHMENT|C:\\Users\\Owner\\Documents\\kerjaan\\KatalonProject\\qa-katalon-maxfund\\Reports\\20211018_100502\\Register\\20211018_100502\\1634526749374.png]]

2021-10-18 10:12:30 - [TEST_STEP][PASSED] - if (permission): null

2021-10-18 10:12:30 - [TEST_STEP][PASSED] - permission = verifyElementExist(findTestObject("Object Repository/Mobile/Page/Register/Not Registered/Informasi Pribadi/Permission - Only this time"), 1, OPTIONAL): Element 'Object Repository/Mobile/Page/Register/Not Registered/Informasi Pribadi/Permission - Only this time' not found

2021-10-18 10:12:33 - [MESSAGE][WARNING] - Element 'Object Repository/Mobile/Page/Register/Not Registered/Informasi Pribadi/Permission - Only this time' not found
[[ATTACHMENT|C:\\Users\\Owner\\Documents\\kerjaan\\KatalonProject\\qa-katalon-maxfund\\Reports\\20211018_100502\\Register\\20211018_100502\\1634526752052.png]]

2021-10-18 10:12:33 - [TEST_STEP][PASSED] - if (permission): null

2021-10-18 10:12:33 - [TEST_STEP][PASSED] - tap(findTestObject("Object Repository/Mobile/Page/Register/Not Registered/Informasi Pribadi/Button - Capture Face with KTP"), 0, STOP_ON_FAILURE): Tapped on element 'Object Repository/Mobile/Page/Register/Not Registered/Informasi Pribadi/Button - Capture Face with KTP'

2021-10-18 10:12:33 - [MESSAGE][WARNING] - Timeout '0' is invalid. Using default page load timeout: '60'

2021-10-18 10:12:33 - [MESSAGE][PASSED] - Tapped on element 'Object Repository/Mobile/Page/Register/Not Registered/Informasi Pribadi/Button - Capture Face with KTP'

2021-10-18 10:12:33 - [TEST_STEP][PASSED] - delay(2): Delayed 2 second(s)

2021-10-18 10:12:35 - [MESSAGE][PASSED] - Delayed 2 second(s)

2021-10-18 10:12:35 - [TEST_STEP][PASSED] - hideKeyboard(): Keyboard is hidden

2021-10-18 10:12:42 - [MESSAGE][PASSED] - Keyboard is hidden

2021-10-18 10:12:42 - [TEST_STEP][PASSED] - delay(1): Delayed 1 second(s)

2021-10-18 10:12:43 - [MESSAGE][PASSED] - Delayed 1 second(s)

2021-10-18 10:12:43 - [TEST_STEP][PASSED] - scroll.scroll.scrollToBottomOpenKeyboard(): scroll.scroll.scrollToBottomOpenKeyboard is PASSED

2021-10-18 10:12:43 - [MESSAGE][PASSED] - Current device physical height is 1423

2021-10-18 10:12:43 - [MESSAGE][PASSED] - Current device physical width is 720

2021-10-18 10:12:44 - [MESSAGE][PASSED] - Swiped from 360,853 to 360,284

2021-10-18 10:12:44 - [MESSAGE][PASSED] - scroll.scroll.scrollToBottomOpenKeyboard is PASSED

2021-10-18 10:12:44 - [TEST_STEP][PASSED] - tap(findTestObject("Object Repository/Mobile/Page/Register/Not Registered/Informasi Pribadi/Radio Button - Low Risk"), 0, STOP_ON_FAILURE): Tapped on element 'Object Repository/Mobile/Page/Register/Not Registered/Informasi Pribadi/Radio Button - Low Risk'

2021-10-18 10:12:44 - [MESSAGE][WARNING] - Timeout '0' is invalid. Using default page load timeout: '60'

2021-10-18 10:12:45 - [MESSAGE][PASSED] - Tapped on element 'Object Repository/Mobile/Page/Register/Not Registered/Informasi Pribadi/Radio Button - Low Risk'

2021-10-18 10:12:45 - [TEST_STEP][PASSED] - delay(1): Delayed 1 second(s)

2021-10-18 10:12:46 - [MESSAGE][PASSED] - Delayed 1 second(s)

2021-10-18 10:12:46 - [TEST_STEP][PASSED] - tap(findTestObject("Object Repository/Mobile/Page/Register/Not Registered/Informasi Pribadi/Radio Button - Medium Risk"), 0, STOP_ON_FAILURE): Tapped on element 'Object Repository/Mobile/Page/Register/Not Registered/Informasi Pribadi/Radio Button - Medium Risk'

2021-10-18 10:12:46 - [MESSAGE][WARNING] - Timeout '0' is invalid. Using default page load timeout: '60'

2021-10-18 10:12:47 - [MESSAGE][PASSED] - Tapped on element 'Object Repository/Mobile/Page/Register/Not Registered/Informasi Pribadi/Radio Button - Medium Risk'

2021-10-18 10:12:47 - [TEST_STEP][PASSED] - delay(1): Delayed 1 second(s)

2021-10-18 10:12:48 - [MESSAGE][PASSED] - Delayed 1 second(s)

2021-10-18 10:12:48 - [TEST_STEP][PASSED] - tap(findTestObject("Object Repository/Mobile/Page/Register/Not Registered/Informasi Pribadi/Radio Button - High Risk"), 0, STOP_ON_FAILURE): Tapped on element 'Object Repository/Mobile/Page/Register/Not Registered/Informasi Pribadi/Radio Button - High Risk'

2021-10-18 10:12:48 - [MESSAGE][WARNING] - Timeout '0' is invalid. Using default page load timeout: '60'

2021-10-18 10:12:49 - [MESSAGE][PASSED] - Tapped on element 'Object Repository/Mobile/Page/Register/Not Registered/Informasi Pribadi/Radio Button - High Risk'

2021-10-18 10:12:49 - [TEST_STEP][PASSED] - delay(1): Delayed 1 second(s)

2021-10-18 10:12:50 - [MESSAGE][PASSED] - Delayed 1 second(s)

2021-10-18 10:12:50 - [TEST_STEP][PASSED] - tap(findTestObject("Object Repository/Mobile/Page/Register/Not Registered/Informasi Pribadi/Button - Next"), 0, STOP_ON_FAILURE): Tapped on element 'Object Repository/Mobile/Page/Register/Not Registered/Informasi Pribadi/Button - Next'

2021-10-18 10:12:50 - [MESSAGE][WARNING] - Timeout '0' is invalid. Using default page load timeout: '60'

2021-10-18 10:12:51 - [MESSAGE][PASSED] - Tapped on element 'Object Repository/Mobile/Page/Register/Not Registered/Informasi Pribadi/Button - Next'

2021-10-18 10:12:51 - [TEST_STEP][PASSED] - delay(1): Delayed 1 second(s)

2021-10-18 10:12:52 - [MESSAGE][PASSED] - Delayed 1 second(s)

2021-10-18 10:12:52 - [TEST_STEP][PASSED] - tapAndHold(findTestObject("Mobile/Page/Register/Not Registered/Akun Bank/Dropdown - Bank"), 1, 0, STOP_ON_FAILURE): Tapped and held on element 'Object Repository/Mobile/Page/Register/Not Registered/Akun Bank/Dropdown - Bank' with duration 1

2021-10-18 10:12:52 - [MESSAGE][WARNING] - Timeout '0' is invalid. Using default page load timeout: '60'

2021-10-18 10:12:55 - [MESSAGE][PASSED] - Tapped and held on element 'Object Repository/Mobile/Page/Register/Not Registered/Akun Bank/Dropdown - Bank' with duration 1

2021-10-18 10:12:55 - [TEST_STEP][PASSED] - tap(findTestObject("Mobile/Page/Register/Not Registered/Akun Bank/Edit Text - Search Bank"), 0, STOP_ON_FAILURE): Tapped on element 'Object Repository/Mobile/Page/Register/Not Registered/Akun Bank/Edit Text - Search Bank'

2021-10-18 10:12:55 - [MESSAGE][WARNING] - Timeout '0' is invalid. Using default page load timeout: '60'

2021-10-18 10:12:56 - [MESSAGE][PASSED] - Tapped on element 'Object Repository/Mobile/Page/Register/Not Registered/Akun Bank/Edit Text - Search Bank'

2021-10-18 10:12:56 - [TEST_STEP][PASSED] - setText(findTestObject("Mobile/Page/Register/Not Registered/Akun Bank/Edit Text - Search Bank"), "citibank", 0, STOP_ON_FAILURE): Text 'citibank' has been set to element 'Object Repository/Mobile/Page/Register/Not Registered/Akun Bank/Edit Text - Search Bank'

2021-10-18 10:12:56 - [MESSAGE][WARNING] - Timeout '0' is invalid. Using default page load timeout: '60'

2021-10-18 10:12:57 - [MESSAGE][PASSED] - Text 'citibank' has been set to element 'Object Repository/Mobile/Page/Register/Not Registered/Akun Bank/Edit Text - Search Bank'

2021-10-18 10:12:57 - [TEST_STEP][PASSED] - driver = getDriver(): null

2021-10-18 10:12:57 - [TEST_STEP][PASSED] - driver.pressKeyCode(ENTER): null

2021-10-18 10:12:57 - [TEST_STEP][PASSED] - tap(findTestObject("Object Repository/Mobile/Page/Register/Not Registered/Akun Bank/Item - Top Search Bank"), 0, STOP_ON_FAILURE): Tapped on element 'Object Repository/Mobile/Page/Register/Not Registered/Akun Bank/Item - Top Search Bank'

2021-10-18 10:12:57 - [MESSAGE][WARNING] - Timeout '0' is invalid. Using default page load timeout: '60'

2021-10-18 10:12:59 - [MESSAGE][PASSED] - Tapped on element 'Object Repository/Mobile/Page/Register/Not Registered/Akun Bank/Item - Top Search Bank'

2021-10-18 10:12:59 - [TEST_STEP][PASSED] - delay(1): Delayed 1 second(s)

2021-10-18 10:13:00 - [MESSAGE][PASSED] - Delayed 1 second(s)

2021-10-18 10:13:00 - [TEST_STEP][PASSED] - tapAndHold(findTestObject("Mobile/Page/Register/Not Registered/Akun Bank/Dropdown - Country"), 1, 0, STOP_ON_FAILURE): Tapped and held on element 'Object Repository/Mobile/Page/Register/Not Registered/Akun Bank/Dropdown - Country' with duration 1

2021-10-18 10:13:00 - [MESSAGE][WARNING] - Timeout '0' is invalid. Using default page load timeout: '60'

2021-10-18 10:13:03 - [MESSAGE][PASSED] - Tapped and held on element 'Object Repository/Mobile/Page/Register/Not Registered/Akun Bank/Dropdown - Country' with duration 1

2021-10-18 10:13:03 - [TEST_STEP][PASSED] - tap(findTestObject("Object Repository/Mobile/Page/Register/Not Registered/Akun Bank/Dropdown - Country Option Indonesia"), 0, STOP_ON_FAILURE): Tapped on element 'Object Repository/Mobile/Page/Register/Not Registered/Akun Bank/Dropdown - Country Option Indonesia'

2021-10-18 10:13:03 - [MESSAGE][WARNING] - Timeout '0' is invalid. Using default page load timeout: '60'

2021-10-18 10:13:05 - [MESSAGE][PASSED] - Tapped on element 'Object Repository/Mobile/Page/Register/Not Registered/Akun Bank/Dropdown - Country Option Indonesia'

2021-10-18 10:13:05 - [TEST_STEP][PASSED] - delay(1): Delayed 1 second(s)

2021-10-18 10:13:06 - [MESSAGE][PASSED] - Delayed 1 second(s)

2021-10-18 10:13:06 - [TEST_STEP][PASSED] - if (negativeStatus == "isBranchNumber"): null

2021-10-18 10:13:06 - [TEST_STEP][PASSED] - else: Delayed 1 second(s)

2021-10-18 10:13:06 - [TEST_STEP][PASSED] - tap(findTestObject("Object Repository/Mobile/Page/Register/Not Registered/Akun Bank/Edit Text - Branch"), 0, STOP_ON_FAILURE): Tapped on element 'Object Repository/Mobile/Page/Register/Not Registered/Akun Bank/Edit Text - Branch'

2021-10-18 10:13:06 - [MESSAGE][WARNING] - Timeout '0' is invalid. Using default page load timeout: '60'

2021-10-18 10:13:06 - [MESSAGE][PASSED] - Tapped on element 'Object Repository/Mobile/Page/Register/Not Registered/Akun Bank/Edit Text - Branch'

2021-10-18 10:13:06 - [TEST_STEP][PASSED] - setText(findTestObject("Object Repository/Mobile/Page/Register/Not Registered/Akun Bank/Edit Text - Branch"), branch, 0, STOP_ON_FAILURE): Text 'qa cabang' has been set to element 'Object Repository/Mobile/Page/Register/Not Registered/Akun Bank/Edit Text - Branch'

2021-10-18 10:13:06 - [MESSAGE][WARNING] - Timeout '0' is invalid. Using default page load timeout: '60'

2021-10-18 10:13:07 - [MESSAGE][PASSED] - Text 'qa cabang' has been set to element 'Object Repository/Mobile/Page/Register/Not Registered/Akun Bank/Edit Text - Branch'

2021-10-18 10:13:07 - [TEST_STEP][PASSED] - hideKeyboard(): Keyboard is hidden

2021-10-18 10:13:11 - [MESSAGE][PASSED] - Keyboard is hidden

2021-10-18 10:13:11 - [TEST_STEP][PASSED] - delay(1): Delayed 1 second(s)

2021-10-18 10:13:12 - [MESSAGE][PASSED] - Delayed 1 second(s)

2021-10-18 10:13:12 - [TEST_STEP][PASSED] - tap(findTestObject("Object Repository/Mobile/Page/Register/Not Registered/Akun Bank/Edit Text - Account Number"), 0, STOP_ON_FAILURE): Tapped on element 'Object Repository/Mobile/Page/Register/Not Registered/Akun Bank/Edit Text - Account Number'

2021-10-18 10:13:12 - [MESSAGE][WARNING] - Timeout '0' is invalid. Using default page load timeout: '60'

2021-10-18 10:13:12 - [MESSAGE][PASSED] - Tapped on element 'Object Repository/Mobile/Page/Register/Not Registered/Akun Bank/Edit Text - Account Number'

2021-10-18 10:13:12 - [TEST_STEP][PASSED] - setText(findTestObject("Object Repository/Mobile/Page/Register/Not Registered/Akun Bank/Edit Text - Account Number"), accountnumber, 0, STOP_ON_FAILURE): Text '222444222444' has been set to element 'Object Repository/Mobile/Page/Register/Not Registered/Akun Bank/Edit Text - Account Number'

2021-10-18 10:13:12 - [MESSAGE][WARNING] - Timeout '0' is invalid. Using default page load timeout: '60'

2021-10-18 10:13:14 - [MESSAGE][PASSED] - Text '222444222444' has been set to element 'Object Repository/Mobile/Page/Register/Not Registered/Akun Bank/Edit Text - Account Number'

2021-10-18 10:13:14 - [TEST_STEP][PASSED] - hideKeyboard(): Keyboard is hidden

2021-10-18 10:13:20 - [MESSAGE][PASSED] - Keyboard is hidden

2021-10-18 10:13:20 - [TEST_STEP][PASSED] - delay(1): Delayed 1 second(s)

2021-10-18 10:13:21 - [MESSAGE][PASSED] - Delayed 1 second(s)

2021-10-18 10:13:21 - [TEST_STEP][PASSED] - if (negativeStatus == "isNameOwnerNotMatch"): null

2021-10-18 10:13:21 - [TEST_STEP][PASSED] - else: Delayed 1 second(s)

2021-10-18 10:13:21 - [TEST_STEP][PASSED] - tap(findTestObject("Object Repository/Mobile/Page/Register/Not Registered/Akun Bank/Edit Text - Name Owner"), 0, STOP_ON_FAILURE): Tapped on element 'Object Repository/Mobile/Page/Register/Not Registered/Akun Bank/Edit Text - Name Owner'

2021-10-18 10:13:21 - [MESSAGE][WARNING] - Timeout '0' is invalid. Using default page load timeout: '60'

2021-10-18 10:13:21 - [MESSAGE][PASSED] - Tapped on element 'Object Repository/Mobile/Page/Register/Not Registered/Akun Bank/Edit Text - Name Owner'

2021-10-18 10:13:21 - [TEST_STEP][PASSED] - setText(findTestObject("Object Repository/Mobile/Page/Register/Not Registered/Akun Bank/Edit Text - Name Owner"), nameowner, 0, STOP_ON_FAILURE): Text 'qatestingSqMOOtkTZQ' has been set to element 'Object Repository/Mobile/Page/Register/Not Registered/Akun Bank/Edit Text - Name Owner'

2021-10-18 10:13:22 - [MESSAGE][WARNING] - Timeout '0' is invalid. Using default page load timeout: '60'

2021-10-18 10:13:23 - [MESSAGE][PASSED] - Text 'qatestingSqMOOtkTZQ' has been set to element 'Object Repository/Mobile/Page/Register/Not Registered/Akun Bank/Edit Text - Name Owner'

2021-10-18 10:13:23 - [TEST_STEP][PASSED] - hideKeyboard(): Keyboard is hidden

2021-10-18 10:13:26 - [MESSAGE][PASSED] - Keyboard is hidden

2021-10-18 10:13:26 - [TEST_STEP][PASSED] - delay(1): Delayed 1 second(s)

2021-10-18 10:13:27 - [MESSAGE][PASSED] - Delayed 1 second(s)

2021-10-18 10:13:27 - [TEST_STEP][PASSED] - tap(findTestObject("Object Repository/Mobile/Page/Register/Not Registered/Akun Bank/Button - Next"), 0, STOP_ON_FAILURE): Tapped on element 'Object Repository/Mobile/Page/Register/Not Registered/Akun Bank/Button - Next'

2021-10-18 10:13:28 - [MESSAGE][WARNING] - Timeout '0' is invalid. Using default page load timeout: '60'

2021-10-18 10:13:29 - [MESSAGE][PASSED] - Tapped on element 'Object Repository/Mobile/Page/Register/Not Registered/Akun Bank/Button - Next'

2021-10-18 10:13:29 - [TEST_STEP][PASSED] - delay(1): Delayed 1 second(s)

2021-10-18 10:13:30 - [MESSAGE][PASSED] - Delayed 1 second(s)

2021-10-18 10:13:30 - [TEST_STEP][PASSED] - if (isUseReferralCode == 1): null

2021-10-18 10:13:30 - [TEST_STEP][PASSED] - if (negativeStatus == "isNotUseSignature"): null

2021-10-18 10:13:30 - [TEST_STEP][PASSED] - else: Delayed 1 second(s)

2021-10-18 10:13:30 - [TEST_STEP][PASSED] - scroll.scroll.scrollRightToLeft(findTestObject("Object Repository/Mobile/Page/Register/Not Registered/Konfirmasi/Field - Signature")): scroll.scroll.scrollRightToLeft is PASSED

2021-10-18 10:13:30 - [MESSAGE][WARNING] - Timeout '0' is invalid. Using default page load timeout: '60'

2021-10-18 10:13:30 - [MESSAGE][PASSED] - Object 'Object Repository/Mobile/Page/Register/Not Registered/Konfirmasi/Field - Signature' has left position '31'

2021-10-18 10:13:30 - [MESSAGE][WARNING] - Timeout '0' is invalid. Using default page load timeout: '60'

2021-10-18 10:13:30 - [MESSAGE][PASSED] - Object 'Object Repository/Mobile/Page/Register/Not Registered/Konfirmasi/Field - Signature' has top position '612'

2021-10-18 10:13:30 - [MESSAGE][WARNING] - Timeout '0' is invalid. Using default page load timeout: '60'

2021-10-18 10:13:30 - [MESSAGE][PASSED] - Object 'Object Repository/Mobile/Page/Register/Not Registered/Konfirmasi/Field - Signature' has width: '658'

2021-10-18 10:13:30 - [MESSAGE][WARNING] - Timeout '0' is invalid. Using default page load timeout: '60'

2021-10-18 10:13:30 - [MESSAGE][PASSED] - Object 'Object Repository/Mobile/Page/Register/Not Registered/Konfirmasi/Field - Signature' has height: '384'

2021-10-18 10:13:31 - [MESSAGE][PASSED] - Swiped from 557,804 to 162,804

2021-10-18 10:13:31 - [MESSAGE][PASSED] - scroll.scroll.scrollRightToLeft is PASSED

2021-10-18 10:13:31 - [TEST_STEP][PASSED] - delay(1): Delayed 1 second(s)

2021-10-18 10:13:32 - [MESSAGE][PASSED] - Delayed 1 second(s)

2021-10-18 10:13:32 - [TEST_STEP][PASSED] - tap(findTestObject("Object Repository/Mobile/Page/Register/Not Registered/Konfirmasi/Checkbox - Agreement"), 0, STOP_ON_FAILURE): Tapped on element 'Object Repository/Mobile/Page/Register/Not Registered/Konfirmasi/Checkbox - Agreement'

2021-10-18 10:13:32 - [MESSAGE][WARNING] - Timeout '0' is invalid. Using default page load timeout: '60'

2021-10-18 10:13:33 - [MESSAGE][PASSED] - Tapped on element 'Object Repository/Mobile/Page/Register/Not Registered/Konfirmasi/Checkbox - Agreement'

2021-10-18 10:13:33 - [TEST_STEP][PASSED] - delay(1): Delayed 1 second(s)

2021-10-18 10:13:34 - [MESSAGE][PASSED] - Delayed 1 second(s)

2021-10-18 10:13:34 - [TEST_STEP][PASSED] - tap(findTestObject("Object Repository/Mobile/Page/Register/Not Registered/Konfirmasi/Button - Next"), 0, STOP_ON_FAILURE): Tapped on element 'Object Repository/Mobile/Page/Register/Not Registered/Konfirmasi/Button - Next'

2021-10-18 10:13:34 - [MESSAGE][WARNING] - Timeout '0' is invalid. Using default page load timeout: '60'

2021-10-18 10:13:35 - [MESSAGE][PASSED] - Tapped on element 'Object Repository/Mobile/Page/Register/Not Registered/Konfirmasi/Button - Next'

2021-10-18 10:13:35 - [TEST_STEP][PASSED] - delay(5): Delayed 5 second(s)

2021-10-18 10:13:40 - [MESSAGE][PASSED] - Delayed 5 second(s)

2021-10-18 10:13:40 - [TEST_STEP][PASSED] - tap(findTestObject("Object Repository/Mobile/Page/Register/Not Registered/Konfirmasi/Button - Back to Home"), 0, STOP_ON_FAILURE): Tapped on element 'Object Repository/Mobile/Page/Register/Not Registered/Konfirmasi/Button - Back to Home'

2021-10-18 10:13:40 - [MESSAGE][WARNING] - Timeout '0' is invalid. Using default page load timeout: '60'

2021-10-18 10:13:41 - [MESSAGE][PASSED] - Tapped on element 'Object Repository/Mobile/Page/Register/Not Registered/Konfirmasi/Button - Back to Home'

2021-10-18 10:13:41 - [TEST_STEP][PASSED] - delay(1): Delayed 1 second(s)

2021-10-18 10:13:42 - [MESSAGE][PASSED] - Delayed 1 second(s)

2021-10-18 10:13:42 - [MESSAGE][PASSED] - Call Test Case 'Test Cases/Mobile/Page/Register/Register' successfully

2021-10-18 10:13:42 - [TEST_STEP][PASSED] - callTestCase(findTestCase("Mobile/Page/Run App/Terminate App"), [:], STOP_ON_FAILURE): Call Test Case 'Test Cases/Mobile/Page/Run App/Terminate App' successfully

2021-10-18 10:13:42 - [TEST_CASE][PASSED] - Test Cases/Mobile/Page/Run App/Terminate App: Test Cases/Mobile/Page/Run App/Terminate App

2021-10-18 10:13:42 - [TEST_STEP][PASSED] - startApp.OpenApp.terminateApplication(): startApp.OpenApp.terminateApplication is PASSED

2021-10-18 10:13:46 - [MESSAGE][PASSED] - Delayed 3 second(s)

2021-10-18 10:13:46 - [MESSAGE][WARNING] - Timeout '0' is invalid. Using default page load timeout: '60'

2021-10-18 10:13:46 - [MESSAGE][PASSED] - Tapped on element 'Object Repository/Mobile/Page/Button - Close all application'

2021-10-18 10:13:49 - [MESSAGE][PASSED] - Delayed 3 second(s)

2021-10-18 10:13:49 - [MESSAGE][PASSED] - startApp.OpenApp.terminateApplication is PASSED

2021-10-18 10:13:49 - [MESSAGE][PASSED] - Call Test Case 'Test Cases/Mobile/Page/Run App/Terminate App' successfully]]></system-out>
         <system-err><![CDATA[]]></system-err>
      </testcase>
      <testcase name="Test Cases/Mobile/Scenario/Register/004 - Registrasi akun baru dengan alamat sesuai KTP menggunakan Refferal Code" time="258.202" classname="Test Cases/Mobile/Scenario/Register/004 - Registrasi akun baru dengan alamat sesuai KTP menggunakan Refferal Code" status="PASSED">
         <system-out><![CDATA[2021-10-18 10:13:49 - [TEST_CASE][PASSED] - Test Cases/Mobile/Scenario/Register/004 - Registrasi akun baru dengan alamat sesuai KTP menggunakan Refferal Code: Test Cases/Mobile/Scenario/Register/004 - Registrasi akun baru dengan alamat sesuai KTP menggunakan Refferal Code

2021-10-18 10:13:49 - [TEST_STEP][PASSED] - callTestCase(findTestCase("Mobile/Page/Run App/Run App byID"), [:], STOP_ON_FAILURE): Call Test Case 'Test Cases/Mobile/Page/Run App/Run App byID' successfully

2021-10-18 10:13:49 - [TEST_CASE][PASSED] - Test Cases/Mobile/Page/Run App/Run App byID: Test Cases/Mobile/Page/Run App/Run App byID

2021-10-18 10:13:49 - [TEST_STEP][PASSED] - startApp.OpenApp.startApplication("com.mirae.maxfund"): startApp.OpenApp.startApplication is PASSED

2021-10-18 10:14:03 - [MESSAGE][PASSED] - Starting app with application ID: 'com.mirae.maxfund'

2021-10-18 10:14:03 - [MESSAGE][PASSED] - startApp.OpenApp.startApplication is PASSED

2021-10-18 10:14:03 - [MESSAGE][PASSED] - Call Test Case 'Test Cases/Mobile/Page/Run App/Run App byID' successfully

2021-10-18 10:14:03 - [TEST_STEP][PASSED] - callTestCase(findTestCase("Mobile/Page/Register/Register"), ["isFromLoginPage":0, "isBedaAlamat":1, "isUseReferralCode":1, "negativeStatus":"none"], STOP_ON_FAILURE): Call Test Case 'Test Cases/Mobile/Page/Register/Register' successfully

2021-10-18 10:14:03 - [TEST_CASE][PASSED] - Test Cases/Mobile/Page/Register/Register: Test Cases/Mobile/Page/Register/Register

2021-10-18 10:14:03 - [TEST_STEP][PASSED] - fullname = "qatesting" + acak.acak.randomStringWord(): acak.acak.randomStringWord is PASSED

2021-10-18 10:14:03 - [MESSAGE][PASSED] - acak.acak.randomStringWord is PASSED

2021-10-18 10:14:03 - [TEST_STEP][PASSED] - birthdate = "1/1/1998": null

2021-10-18 10:14:03 - [TEST_STEP][PASSED] - phone = "082257" + acak.acak.randomStringNumber(6): acak.acak.randomStringNumber is PASSED

2021-10-18 10:14:03 - [MESSAGE][PASSED] - acak.acak.randomStringNumber is PASSED

2021-10-18 10:14:03 - [TEST_STEP][PASSED] - email = fullname + "@gmail.com": null

2021-10-18 10:14:03 - [TEST_STEP][PASSED] - password = "Mirae1234": null

2021-10-18 10:14:03 - [TEST_STEP][PASSED] - branch = "qa cabang": null

2021-10-18 10:14:03 - [TEST_STEP][PASSED] - accountnumber = "222444222444": null

2021-10-18 10:14:03 - [TEST_STEP][PASSED] - nameowner = fullname: null

2021-10-18 10:14:03 - [TEST_STEP][PASSED] - alamat = "Jl. Cempaka Putih Barat 12 F No.12, RT.8/RW.8": null

2021-10-18 10:14:03 - [TEST_STEP][PASSED] - kodepos = "15412": null

2021-10-18 10:14:03 - [TEST_STEP][PASSED] - referralcode = "15412": null

2021-10-18 10:14:03 - [TEST_STEP][PASSED] - flag = "indonesia": null

2021-10-18 10:14:03 - [TEST_STEP][PASSED] - bank = "citibank": null

2021-10-18 10:14:03 - [TEST_STEP][PASSED] - if (isFromLoginPage == 1): null

2021-10-18 10:14:03 - [TEST_STEP][PASSED] - else: Delayed 1 second(s)

2021-10-18 10:14:03 - [TEST_STEP][PASSED] - tap(findTestObject("Object Repository/Mobile/Page/Dashboard/Button - Register"), 0, STOP_ON_FAILURE): Tapped on element 'Object Repository/Mobile/Page/Dashboard/Button - Register'

2021-10-18 10:14:03 - [MESSAGE][WARNING] - Timeout '0' is invalid. Using default page load timeout: '60'

2021-10-18 10:14:06 - [MESSAGE][PASSED] - Tapped on element 'Object Repository/Mobile/Page/Dashboard/Button - Register'

2021-10-18 10:14:06 - [TEST_STEP][PASSED] - delay(1): Delayed 1 second(s)

2021-10-18 10:14:07 - [MESSAGE][PASSED] - Delayed 1 second(s)

2021-10-18 10:14:07 - [TEST_STEP][PASSED] - for ([i = 0, i < 1, (i++)]): Delayed 1 second(s)

2021-10-18 10:14:07 - [TEST_STEP][PASSED] - if (negativeStatus == "isRegistered"): null

2021-10-18 10:14:07 - [TEST_STEP][PASSED] - tap(findTestObject("Object Repository/Mobile/Page/Register/Radio Button - Not registered yet"), 0, STOP_ON_FAILURE): Tapped on element 'Object Repository/Mobile/Page/Register/Radio Button - Not registered yet'

2021-10-18 10:14:07 - [MESSAGE][WARNING] - Timeout '0' is invalid. Using default page load timeout: '60'

2021-10-18 10:14:08 - [MESSAGE][PASSED] - Tapped on element 'Object Repository/Mobile/Page/Register/Radio Button - Not registered yet'

2021-10-18 10:14:08 - [TEST_STEP][PASSED] - delay(1): Delayed 1 second(s)

2021-10-18 10:14:09 - [MESSAGE][PASSED] - Delayed 1 second(s)

2021-10-18 10:14:09 - [TEST_STEP][PASSED] - tap(findTestObject("Object Repository/Mobile/Page/Register/Not Registered/Button - Next"), 0, STOP_ON_FAILURE): Tapped on element 'Object Repository/Mobile/Page/Register/Not Registered/Button - Next'

2021-10-18 10:14:10 - [MESSAGE][WARNING] - Timeout '0' is invalid. Using default page load timeout: '60'

2021-10-18 10:14:11 - [MESSAGE][PASSED] - Tapped on element 'Object Repository/Mobile/Page/Register/Not Registered/Button - Next'

2021-10-18 10:14:11 - [TEST_STEP][PASSED] - delay(1): Delayed 1 second(s)

2021-10-18 10:14:12 - [MESSAGE][PASSED] - Delayed 1 second(s)

2021-10-18 10:14:12 - [TEST_STEP][PASSED] - tap(findTestObject("Object Repository/Mobile/Page/Register/Not Registered/Informasi Pribadi/Edit Text - Fullname"), 0, STOP_ON_FAILURE): Tapped on element 'Object Repository/Mobile/Page/Register/Not Registered/Informasi Pribadi/Edit Text - Fullname'

2021-10-18 10:14:12 - [MESSAGE][WARNING] - Timeout '0' is invalid. Using default page load timeout: '60'

2021-10-18 10:14:12 - [MESSAGE][PASSED] - Tapped on element 'Object Repository/Mobile/Page/Register/Not Registered/Informasi Pribadi/Edit Text - Fullname'

2021-10-18 10:14:12 - [TEST_STEP][PASSED] - setText(findTestObject("Object Repository/Mobile/Page/Register/Not Registered/Informasi Pribadi/Edit Text - Fullname"), fullname, 0): Text 'qatestingJoNpNyEqlR' has been set to element 'Object Repository/Mobile/Page/Register/Not Registered/Informasi Pribadi/Edit Text - Fullname'

2021-10-18 10:14:12 - [MESSAGE][WARNING] - Timeout '0' is invalid. Using default page load timeout: '60'

2021-10-18 10:14:14 - [MESSAGE][PASSED] - Text 'qatestingJoNpNyEqlR' has been set to element 'Object Repository/Mobile/Page/Register/Not Registered/Informasi Pribadi/Edit Text - Fullname'

2021-10-18 10:14:14 - [TEST_STEP][PASSED] - hideKeyboard(): Keyboard is hidden

2021-10-18 10:14:18 - [MESSAGE][PASSED] - Keyboard is hidden

2021-10-18 10:14:18 - [TEST_STEP][PASSED] - delay(1): Delayed 1 second(s)

2021-10-18 10:14:19 - [MESSAGE][PASSED] - Delayed 1 second(s)

2021-10-18 10:14:19 - [TEST_STEP][PASSED] - tap(findTestObject("Object Repository/Mobile/Page/Register/Not Registered/Informasi Pribadi/Date Picker - Date of Birth"), 0, STOP_ON_FAILURE): Tapped on element 'Object Repository/Mobile/Page/Register/Not Registered/Informasi Pribadi/Date Picker - Date of Birth'

2021-10-18 10:14:19 - [MESSAGE][WARNING] - Timeout '0' is invalid. Using default page load timeout: '60'

2021-10-18 10:14:19 - [MESSAGE][PASSED] - Tapped on element 'Object Repository/Mobile/Page/Register/Not Registered/Informasi Pribadi/Date Picker - Date of Birth'

2021-10-18 10:14:19 - [TEST_STEP][PASSED] - tap(findTestObject("Object Repository/Mobile/Page/Register/Not Registered/Informasi Pribadi/Date Picker - Icon Edit"), 0, STOP_ON_FAILURE): Tapped on element 'Object Repository/Mobile/Page/Register/Not Registered/Informasi Pribadi/Date Picker - Icon Edit'

2021-10-18 10:14:19 - [MESSAGE][WARNING] - Timeout '0' is invalid. Using default page load timeout: '60'

2021-10-18 10:14:22 - [MESSAGE][PASSED] - Tapped on element 'Object Repository/Mobile/Page/Register/Not Registered/Informasi Pribadi/Date Picker - Icon Edit'

2021-10-18 10:14:22 - [TEST_STEP][PASSED] - if (negativeStatus == "isCheckDateOfBirth"): null

2021-10-18 10:14:22 - [TEST_STEP][PASSED] - else: Delayed 1 second(s)

2021-10-18 10:14:22 - [TEST_STEP][PASSED] - setText(findTestObject("Mobile/Page/Register/Not Registered/Informasi Pribadi/Date Picker - Edit Text Date"), birthdate, 0): Text '1/1/1998' has been set to element 'Object Repository/Mobile/Page/Register/Not Registered/Informasi Pribadi/Date Picker - Edit Text Date'

2021-10-18 10:14:22 - [MESSAGE][WARNING] - Timeout '0' is invalid. Using default page load timeout: '60'

2021-10-18 10:14:23 - [MESSAGE][PASSED] - Text '1/1/1998' has been set to element 'Object Repository/Mobile/Page/Register/Not Registered/Informasi Pribadi/Date Picker - Edit Text Date'

2021-10-18 10:14:23 - [TEST_STEP][PASSED] - tap(findTestObject("Mobile/Page/Register/Not Registered/Informasi Pribadi/Date Picker - Button OK"), 0, STOP_ON_FAILURE): Tapped on element 'Object Repository/Mobile/Page/Register/Not Registered/Informasi Pribadi/Date Picker - Button OK'

2021-10-18 10:14:23 - [MESSAGE][WARNING] - Timeout '0' is invalid. Using default page load timeout: '60'

2021-10-18 10:14:25 - [MESSAGE][PASSED] - Tapped on element 'Object Repository/Mobile/Page/Register/Not Registered/Informasi Pribadi/Date Picker - Button OK'

2021-10-18 10:14:25 - [TEST_STEP][PASSED] - delay(1): Delayed 1 second(s)

2021-10-18 10:14:26 - [MESSAGE][PASSED] - Delayed 1 second(s)

2021-10-18 10:14:26 - [TEST_STEP][PASSED] - if (negativeStatus == "isPhoneNumberNonIndo"): null

2021-10-18 10:14:26 - [TEST_STEP][PASSED] - tap(findTestObject("Object Repository/Mobile/Page/Register/Not Registered/Informasi Pribadi/Dropdown - Flag Phone Number"), 0, STOP_ON_FAILURE): Tapped on element 'Object Repository/Mobile/Page/Register/Not Registered/Informasi Pribadi/Dropdown - Flag Phone Number'

2021-10-18 10:14:26 - [MESSAGE][WARNING] - Timeout '0' is invalid. Using default page load timeout: '60'

2021-10-18 10:14:27 - [MESSAGE][PASSED] - Tapped on element 'Object Repository/Mobile/Page/Register/Not Registered/Informasi Pribadi/Dropdown - Flag Phone Number'

2021-10-18 10:14:27 - [TEST_STEP][PASSED] - tap(findTestObject("Object Repository/Mobile/Page/Register/Not Registered/Informasi Pribadi/Edit Text - Search Flag"), 0, STOP_ON_FAILURE): Tapped on element 'Object Repository/Mobile/Page/Register/Not Registered/Informasi Pribadi/Edit Text - Search Flag'

2021-10-18 10:14:27 - [MESSAGE][WARNING] - Timeout '0' is invalid. Using default page load timeout: '60'

2021-10-18 10:14:28 - [MESSAGE][PASSED] - Tapped on element 'Object Repository/Mobile/Page/Register/Not Registered/Informasi Pribadi/Edit Text - Search Flag'

2021-10-18 10:14:28 - [TEST_STEP][PASSED] - setText(findTestObject("Object Repository/Mobile/Page/Register/Not Registered/Informasi Pribadi/Edit Text - Search Flag"), flag, 0): Text 'indonesia' has been set to element 'Object Repository/Mobile/Page/Register/Not Registered/Informasi Pribadi/Edit Text - Search Flag'

2021-10-18 10:14:28 - [MESSAGE][WARNING] - Timeout '0' is invalid. Using default page load timeout: '60'

2021-10-18 10:14:29 - [MESSAGE][PASSED] - Text 'indonesia' has been set to element 'Object Repository/Mobile/Page/Register/Not Registered/Informasi Pribadi/Edit Text - Search Flag'

2021-10-18 10:14:29 - [TEST_STEP][PASSED] - tap(findTestObject("Mobile/Page/Register/Not Registered/Informasi Pribadi/Item Flag - Top Search"), 0, STOP_ON_FAILURE): Tapped on element 'Object Repository/Mobile/Page/Register/Not Registered/Informasi Pribadi/Item Flag - Top Search'

2021-10-18 10:14:29 - [MESSAGE][WARNING] - Timeout '0' is invalid. Using default page load timeout: '60'

2021-10-18 10:14:31 - [MESSAGE][PASSED] - Tapped on element 'Object Repository/Mobile/Page/Register/Not Registered/Informasi Pribadi/Item Flag - Top Search'

2021-10-18 10:14:31 - [TEST_STEP][PASSED] - tap(findTestObject("Object Repository/Mobile/Page/Register/Not Registered/Informasi Pribadi/Edit Text - Phone Number"), 0, STOP_ON_FAILURE): Tapped on element 'Object Repository/Mobile/Page/Register/Not Registered/Informasi Pribadi/Edit Text - Phone Number'

2021-10-18 10:14:31 - [MESSAGE][WARNING] - Timeout '0' is invalid. Using default page load timeout: '60'

2021-10-18 10:14:31 - [MESSAGE][PASSED] - Tapped on element 'Object Repository/Mobile/Page/Register/Not Registered/Informasi Pribadi/Edit Text - Phone Number'

2021-10-18 10:14:31 - [TEST_STEP][PASSED] - setText(findTestObject("Object Repository/Mobile/Page/Register/Not Registered/Informasi Pribadi/Edit Text - Phone Number"), phone, 0): Text '082257055386' has been set to element 'Object Repository/Mobile/Page/Register/Not Registered/Informasi Pribadi/Edit Text - Phone Number'

2021-10-18 10:14:31 - [MESSAGE][WARNING] - Timeout '0' is invalid. Using default page load timeout: '60'

2021-10-18 10:14:33 - [MESSAGE][PASSED] - Text '082257055386' has been set to element 'Object Repository/Mobile/Page/Register/Not Registered/Informasi Pribadi/Edit Text - Phone Number'

2021-10-18 10:14:33 - [TEST_STEP][PASSED] - hideKeyboard(): Keyboard is hidden

2021-10-18 10:14:39 - [MESSAGE][PASSED] - Keyboard is hidden

2021-10-18 10:14:39 - [TEST_STEP][PASSED] - delay(1): Delayed 1 second(s)

2021-10-18 10:14:40 - [MESSAGE][PASSED] - Delayed 1 second(s)

2021-10-18 10:14:40 - [TEST_STEP][PASSED] - tap(findTestObject("Object Repository/Mobile/Page/Register/Not Registered/Informasi Pribadi/Dropdown - Flag Re Phone Number"), 0, STOP_ON_FAILURE): Tapped on element 'Object Repository/Mobile/Page/Register/Not Registered/Informasi Pribadi/Dropdown - Flag Re Phone Number'

2021-10-18 10:14:40 - [MESSAGE][WARNING] - Timeout '0' is invalid. Using default page load timeout: '60'

2021-10-18 10:14:40 - [MESSAGE][PASSED] - Tapped on element 'Object Repository/Mobile/Page/Register/Not Registered/Informasi Pribadi/Dropdown - Flag Re Phone Number'

2021-10-18 10:14:40 - [TEST_STEP][PASSED] - tap(findTestObject("Object Repository/Mobile/Page/Register/Not Registered/Informasi Pribadi/Edit Text - Search Flag"), 0, STOP_ON_FAILURE): Tapped on element 'Object Repository/Mobile/Page/Register/Not Registered/Informasi Pribadi/Edit Text - Search Flag'

2021-10-18 10:14:40 - [MESSAGE][WARNING] - Timeout '0' is invalid. Using default page load timeout: '60'

2021-10-18 10:14:42 - [MESSAGE][PASSED] - Tapped on element 'Object Repository/Mobile/Page/Register/Not Registered/Informasi Pribadi/Edit Text - Search Flag'

2021-10-18 10:14:42 - [TEST_STEP][PASSED] - setText(findTestObject("Object Repository/Mobile/Page/Register/Not Registered/Informasi Pribadi/Edit Text - Search Flag"), flag, 0): Text 'indonesia' has been set to element 'Object Repository/Mobile/Page/Register/Not Registered/Informasi Pribadi/Edit Text - Search Flag'

2021-10-18 10:14:42 - [MESSAGE][WARNING] - Timeout '0' is invalid. Using default page load timeout: '60'

2021-10-18 10:14:43 - [MESSAGE][PASSED] - Text 'indonesia' has been set to element 'Object Repository/Mobile/Page/Register/Not Registered/Informasi Pribadi/Edit Text - Search Flag'

2021-10-18 10:14:43 - [TEST_STEP][PASSED] - tap(findTestObject("Mobile/Page/Register/Not Registered/Informasi Pribadi/Item Flag - Top Search"), 0, STOP_ON_FAILURE): Tapped on element 'Object Repository/Mobile/Page/Register/Not Registered/Informasi Pribadi/Item Flag - Top Search'

2021-10-18 10:14:43 - [MESSAGE][WARNING] - Timeout '0' is invalid. Using default page load timeout: '60'

2021-10-18 10:14:45 - [MESSAGE][PASSED] - Tapped on element 'Object Repository/Mobile/Page/Register/Not Registered/Informasi Pribadi/Item Flag - Top Search'

2021-10-18 10:14:45 - [TEST_STEP][PASSED] - tap(findTestObject("Object Repository/Mobile/Page/Register/Not Registered/Informasi Pribadi/Edit Text - Re Phone Number"), 0, STOP_ON_FAILURE): Tapped on element 'Object Repository/Mobile/Page/Register/Not Registered/Informasi Pribadi/Edit Text - Re Phone Number'

2021-10-18 10:14:45 - [MESSAGE][WARNING] - Timeout '0' is invalid. Using default page load timeout: '60'

2021-10-18 10:14:45 - [MESSAGE][PASSED] - Tapped on element 'Object Repository/Mobile/Page/Register/Not Registered/Informasi Pribadi/Edit Text - Re Phone Number'

2021-10-18 10:14:45 - [TEST_STEP][PASSED] - setText(findTestObject("Object Repository/Mobile/Page/Register/Not Registered/Informasi Pribadi/Edit Text - Re Phone Number"), phone, 0): Text '082257055386' has been set to element 'Object Repository/Mobile/Page/Register/Not Registered/Informasi Pribadi/Edit Text - Re Phone Number'

2021-10-18 10:14:45 - [MESSAGE][WARNING] - Timeout '0' is invalid. Using default page load timeout: '60'

2021-10-18 10:14:47 - [MESSAGE][PASSED] - Text '082257055386' has been set to element 'Object Repository/Mobile/Page/Register/Not Registered/Informasi Pribadi/Edit Text - Re Phone Number'

2021-10-18 10:14:47 - [TEST_STEP][PASSED] - hideKeyboard(): Keyboard is hidden

2021-10-18 10:14:53 - [MESSAGE][PASSED] - Keyboard is hidden

2021-10-18 10:14:53 - [TEST_STEP][PASSED] - delay(1): Delayed 1 second(s)

2021-10-18 10:14:54 - [MESSAGE][PASSED] - Delayed 1 second(s)

2021-10-18 10:14:54 - [TEST_STEP][PASSED] - if (negativeStatus == "isCheckEmailRegistered"): null

2021-10-18 10:14:54 - [TEST_STEP][PASSED] - else: Delayed 1 second(s)

2021-10-18 10:14:54 - [TEST_STEP][PASSED] - tap(findTestObject("Object Repository/Mobile/Page/Register/Not Registered/Informasi Pribadi/Edit Text - Email"), 0, STOP_ON_FAILURE): Tapped on element 'Object Repository/Mobile/Page/Register/Not Registered/Informasi Pribadi/Edit Text - Email'

2021-10-18 10:14:54 - [MESSAGE][WARNING] - Timeout '0' is invalid. Using default page load timeout: '60'

2021-10-18 10:14:54 - [MESSAGE][PASSED] - Tapped on element 'Object Repository/Mobile/Page/Register/Not Registered/Informasi Pribadi/Edit Text - Email'

2021-10-18 10:14:54 - [TEST_STEP][PASSED] - setText(findTestObject("Object Repository/Mobile/Page/Register/Not Registered/Informasi Pribadi/Edit Text - Email"), email, 0): Text 'qatestingJoNpNyEqlR@gmail.com' has been set to element 'Object Repository/Mobile/Page/Register/Not Registered/Informasi Pribadi/Edit Text - Email'

2021-10-18 10:14:54 - [MESSAGE][WARNING] - Timeout '0' is invalid. Using default page load timeout: '60'

2021-10-18 10:14:56 - [MESSAGE][PASSED] - Text 'qatestingJoNpNyEqlR@gmail.com' has been set to element 'Object Repository/Mobile/Page/Register/Not Registered/Informasi Pribadi/Edit Text - Email'

2021-10-18 10:14:56 - [TEST_STEP][PASSED] - hideKeyboard(): Keyboard is hidden

2021-10-18 10:14:59 - [MESSAGE][PASSED] - Keyboard is hidden

2021-10-18 10:14:59 - [TEST_STEP][PASSED] - delay(1): Delayed 1 second(s)

2021-10-18 10:15:00 - [MESSAGE][PASSED] - Delayed 1 second(s)

2021-10-18 10:15:00 - [TEST_STEP][PASSED] - if (negativeStatus == "isCheckEmailMatch"): null

2021-10-18 10:15:00 - [TEST_STEP][PASSED] - else: Delayed 1 second(s)

2021-10-18 10:15:00 - [TEST_STEP][PASSED] - tap(findTestObject("Object Repository/Mobile/Page/Register/Not Registered/Informasi Pribadi/Edit Text - Re Email"), 0, STOP_ON_FAILURE): Tapped on element 'Object Repository/Mobile/Page/Register/Not Registered/Informasi Pribadi/Edit Text - Re Email'

2021-10-18 10:15:00 - [MESSAGE][WARNING] - Timeout '0' is invalid. Using default page load timeout: '60'

2021-10-18 10:15:01 - [MESSAGE][PASSED] - Tapped on element 'Object Repository/Mobile/Page/Register/Not Registered/Informasi Pribadi/Edit Text - Re Email'

2021-10-18 10:15:01 - [TEST_STEP][PASSED] - setText(findTestObject("Object Repository/Mobile/Page/Register/Not Registered/Informasi Pribadi/Edit Text - Re Email"), email, 0): Text 'qatestingJoNpNyEqlR@gmail.com' has been set to element 'Object Repository/Mobile/Page/Register/Not Registered/Informasi Pribadi/Edit Text - Re Email'

2021-10-18 10:15:01 - [MESSAGE][WARNING] - Timeout '0' is invalid. Using default page load timeout: '60'

2021-10-18 10:15:03 - [MESSAGE][PASSED] - Text 'qatestingJoNpNyEqlR@gmail.com' has been set to element 'Object Repository/Mobile/Page/Register/Not Registered/Informasi Pribadi/Edit Text - Re Email'

2021-10-18 10:15:03 - [TEST_STEP][PASSED] - hideKeyboard(): Keyboard is hidden

2021-10-18 10:15:06 - [MESSAGE][PASSED] - Keyboard is hidden

2021-10-18 10:15:06 - [TEST_STEP][PASSED] - delay(1): Delayed 1 second(s)

2021-10-18 10:15:07 - [MESSAGE][PASSED] - Delayed 1 second(s)

2021-10-18 10:15:07 - [TEST_STEP][PASSED] - if (negativeStatus == "isPasswordNumberOnly"): null

2021-10-18 10:15:07 - [TEST_STEP][PASSED] - else: Delayed 1 second(s)

2021-10-18 10:15:07 - [TEST_STEP][PASSED] - tap(findTestObject("Object Repository/Mobile/Page/Register/Not Registered/Informasi Pribadi/Edit Text - Password"), 0, STOP_ON_FAILURE): Tapped on element 'Object Repository/Mobile/Page/Register/Not Registered/Informasi Pribadi/Edit Text - Password'

2021-10-18 10:15:07 - [MESSAGE][WARNING] - Timeout '0' is invalid. Using default page load timeout: '60'

2021-10-18 10:15:07 - [MESSAGE][PASSED] - Tapped on element 'Object Repository/Mobile/Page/Register/Not Registered/Informasi Pribadi/Edit Text - Password'

2021-10-18 10:15:07 - [TEST_STEP][PASSED] - setText(findTestObject("Object Repository/Mobile/Page/Register/Not Registered/Informasi Pribadi/Edit Text - Password"), password, 0): Text 'Mirae1234' has been set to element 'Object Repository/Mobile/Page/Register/Not Registered/Informasi Pribadi/Edit Text - Password'

2021-10-18 10:15:07 - [MESSAGE][WARNING] - Timeout '0' is invalid. Using default page load timeout: '60'

2021-10-18 10:15:09 - [MESSAGE][PASSED] - Text 'Mirae1234' has been set to element 'Object Repository/Mobile/Page/Register/Not Registered/Informasi Pribadi/Edit Text - Password'

2021-10-18 10:15:09 - [TEST_STEP][PASSED] - hideKeyboard(): Keyboard is hidden

2021-10-18 10:15:15 - [MESSAGE][PASSED] - Keyboard is hidden

2021-10-18 10:15:15 - [TEST_STEP][PASSED] - delay(1): Delayed 1 second(s)

2021-10-18 10:15:16 - [MESSAGE][PASSED] - Delayed 1 second(s)

2021-10-18 10:15:16 - [TEST_STEP][PASSED] - tap(findTestObject("Object Repository/Mobile/Page/Register/Not Registered/Informasi Pribadi/Edit Text - Re Password"), 0, STOP_ON_FAILURE): Tapped on element 'Object Repository/Mobile/Page/Register/Not Registered/Informasi Pribadi/Edit Text - Re Password'

2021-10-18 10:15:16 - [MESSAGE][WARNING] - Timeout '0' is invalid. Using default page load timeout: '60'

2021-10-18 10:15:17 - [MESSAGE][PASSED] - Tapped on element 'Object Repository/Mobile/Page/Register/Not Registered/Informasi Pribadi/Edit Text - Re Password'

2021-10-18 10:15:17 - [TEST_STEP][PASSED] - setText(findTestObject("Object Repository/Mobile/Page/Register/Not Registered/Informasi Pribadi/Edit Text - Re Password"), password, 0): Text 'Mirae1234' has been set to element 'Object Repository/Mobile/Page/Register/Not Registered/Informasi Pribadi/Edit Text - Re Password'

2021-10-18 10:15:17 - [MESSAGE][WARNING] - Timeout '0' is invalid. Using default page load timeout: '60'

2021-10-18 10:15:19 - [MESSAGE][PASSED] - Text 'Mirae1234' has been set to element 'Object Repository/Mobile/Page/Register/Not Registered/Informasi Pribadi/Edit Text - Re Password'

2021-10-18 10:15:19 - [TEST_STEP][PASSED] - hideKeyboard(): Keyboard is hidden

2021-10-18 10:15:25 - [MESSAGE][PASSED] - Keyboard is hidden

2021-10-18 10:15:25 - [TEST_STEP][PASSED] - delay(1): Delayed 1 second(s)

2021-10-18 10:15:26 - [MESSAGE][PASSED] - Delayed 1 second(s)

2021-10-18 10:15:26 - [TEST_STEP][PASSED] - if (isBedaAlamat == 1): Delayed 1 second(s)

2021-10-18 10:15:26 - [TEST_STEP][PASSED] - tap(findTestObject("Object Repository/Mobile/Page/Register/Not Registered/Informasi Pribadi/Radio Button - Address different"), 0, STOP_ON_FAILURE): Tapped on element 'Object Repository/Mobile/Page/Register/Not Registered/Informasi Pribadi/Radio Button - Address different'

2021-10-18 10:15:26 - [MESSAGE][WARNING] - Timeout '0' is invalid. Using default page load timeout: '60'

2021-10-18 10:15:27 - [MESSAGE][PASSED] - Tapped on element 'Object Repository/Mobile/Page/Register/Not Registered/Informasi Pribadi/Radio Button - Address different'

2021-10-18 10:15:27 - [TEST_STEP][PASSED] - delay(1): Delayed 1 second(s)

2021-10-18 10:15:28 - [MESSAGE][PASSED] - Delayed 1 second(s)

2021-10-18 10:15:28 - [TEST_STEP][PASSED] - tap(findTestObject("Object Repository/Mobile/Page/Register/Not Registered/Informasi Pribadi/Address Different/Edit Text - Mailing Address"), 0, STOP_ON_FAILURE): Tapped on element 'Object Repository/Mobile/Page/Register/Not Registered/Informasi Pribadi/Address Different/Edit Text - Mailing Address'

2021-10-18 10:15:28 - [MESSAGE][WARNING] - Timeout '0' is invalid. Using default page load timeout: '60'

2021-10-18 10:15:28 - [MESSAGE][PASSED] - Tapped on element 'Object Repository/Mobile/Page/Register/Not Registered/Informasi Pribadi/Address Different/Edit Text - Mailing Address'

2021-10-18 10:15:28 - [TEST_STEP][PASSED] - setText(findTestObject("Object Repository/Mobile/Page/Register/Not Registered/Informasi Pribadi/Address Different/Edit Text - Mailing Address"), alamat, 0): Text 'Jl. Cempaka Putih Barat 12 F No.12, RT.8/RW.8' has been set to element 'Object Repository/Mobile/Page/Register/Not Registered/Informasi Pribadi/Address Different/Edit Text - Mailing Address'

2021-10-18 10:15:28 - [MESSAGE][WARNING] - Timeout '0' is invalid. Using default page load timeout: '60'

2021-10-18 10:15:30 - [MESSAGE][PASSED] - Text 'Jl. Cempaka Putih Barat 12 F No.12, RT.8/RW.8' has been set to element 'Object Repository/Mobile/Page/Register/Not Registered/Informasi Pribadi/Address Different/Edit Text - Mailing Address'

2021-10-18 10:15:30 - [TEST_STEP][PASSED] - hideKeyboard(): Keyboard is hidden

2021-10-18 10:15:33 - [MESSAGE][PASSED] - Keyboard is hidden

2021-10-18 10:15:33 - [TEST_STEP][PASSED] - delay(1): Delayed 1 second(s)

2021-10-18 10:15:34 - [MESSAGE][PASSED] - Delayed 1 second(s)

2021-10-18 10:15:34 - [TEST_STEP][PASSED] - tapAndHold(findTestObject("Object Repository/Mobile/Page/Register/Not Registered/Informasi Pribadi/Address Different/Dropdown - Province"), 1, 0, STOP_ON_FAILURE): Tapped and held on element 'Object Repository/Mobile/Page/Register/Not Registered/Informasi Pribadi/Address Different/Dropdown - Province' with duration 1

2021-10-18 10:15:34 - [MESSAGE][WARNING] - Timeout '0' is invalid. Using default page load timeout: '60'

2021-10-18 10:15:37 - [MESSAGE][PASSED] - Tapped and held on element 'Object Repository/Mobile/Page/Register/Not Registered/Informasi Pribadi/Address Different/Dropdown - Province' with duration 1

2021-10-18 10:15:37 - [TEST_STEP][PASSED] - tap(findTestObject("Object Repository/Mobile/Page/Register/Not Registered/Informasi Pribadi/Address Different/Dropdown - Province Option DKI Jakarta"), 0, STOP_ON_FAILURE): Tapped on element 'Object Repository/Mobile/Page/Register/Not Registered/Informasi Pribadi/Address Different/Dropdown - Province Option DKI Jakarta'

2021-10-18 10:15:37 - [MESSAGE][WARNING] - Timeout '0' is invalid. Using default page load timeout: '60'

2021-10-18 10:15:39 - [MESSAGE][PASSED] - Tapped on element 'Object Repository/Mobile/Page/Register/Not Registered/Informasi Pribadi/Address Different/Dropdown - Province Option DKI Jakarta'

2021-10-18 10:15:39 - [TEST_STEP][PASSED] - delay(2): Delayed 2 second(s)

2021-10-18 10:15:41 - [MESSAGE][PASSED] - Delayed 2 second(s)

2021-10-18 10:15:41 - [TEST_STEP][PASSED] - hideKeyboard(): Keyboard is hidden

2021-10-18 10:15:44 - [MESSAGE][PASSED] - Keyboard is hidden

2021-10-18 10:15:44 - [TEST_STEP][PASSED] - delay(1): Delayed 1 second(s)

2021-10-18 10:15:45 - [MESSAGE][PASSED] - Delayed 1 second(s)

2021-10-18 10:15:45 - [TEST_STEP][PASSED] - tapAndHold(findTestObject("Object Repository/Mobile/Page/Register/Not Registered/Informasi Pribadi/Address Different/Dropdown - City"), 1, 0, STOP_ON_FAILURE): Tapped and held on element 'Object Repository/Mobile/Page/Register/Not Registered/Informasi Pribadi/Address Different/Dropdown - City' with duration 1

2021-10-18 10:15:45 - [MESSAGE][WARNING] - Timeout '0' is invalid. Using default page load timeout: '60'

2021-10-18 10:15:48 - [MESSAGE][PASSED] - Tapped and held on element 'Object Repository/Mobile/Page/Register/Not Registered/Informasi Pribadi/Address Different/Dropdown - City' with duration 1

2021-10-18 10:15:48 - [TEST_STEP][PASSED] - tap(findTestObject("Object Repository/Mobile/Page/Register/Not Registered/Informasi Pribadi/Address Different/Dropdown - City Option Jakarta Pusat"), 0, STOP_ON_FAILURE): Tapped on element 'Object Repository/Mobile/Page/Register/Not Registered/Informasi Pribadi/Address Different/Dropdown - City Option Jakarta Pusat'

2021-10-18 10:15:48 - [MESSAGE][WARNING] - Timeout '0' is invalid. Using default page load timeout: '60'

2021-10-18 10:15:48 - [MESSAGE][PASSED] - Tapped on element 'Object Repository/Mobile/Page/Register/Not Registered/Informasi Pribadi/Address Different/Dropdown - City Option Jakarta Pusat'

2021-10-18 10:15:48 - [TEST_STEP][PASSED] - delay(2): Delayed 2 second(s)

2021-10-18 10:15:50 - [MESSAGE][PASSED] - Delayed 2 second(s)

2021-10-18 10:15:50 - [TEST_STEP][PASSED] - hideKeyboard(): Keyboard is hidden

2021-10-18 10:15:54 - [MESSAGE][PASSED] - Keyboard is hidden

2021-10-18 10:15:54 - [TEST_STEP][PASSED] - delay(1): Delayed 1 second(s)

2021-10-18 10:15:55 - [MESSAGE][PASSED] - Delayed 1 second(s)

2021-10-18 10:15:55 - [TEST_STEP][PASSED] - if (negativeStatus == "isPostalCodeIncorrect"): null

2021-10-18 10:15:55 - [TEST_STEP][PASSED] - else: Delayed 1 second(s)

2021-10-18 10:15:55 - [TEST_STEP][PASSED] - tap(findTestObject("Object Repository/Mobile/Page/Register/Not Registered/Informasi Pribadi/Address Different/Edit Text - Postal Code"), 0, STOP_ON_FAILURE): Tapped on element 'Object Repository/Mobile/Page/Register/Not Registered/Informasi Pribadi/Address Different/Edit Text - Postal Code'

2021-10-18 10:15:55 - [MESSAGE][WARNING] - Timeout '0' is invalid. Using default page load timeout: '60'

2021-10-18 10:15:55 - [MESSAGE][PASSED] - Tapped on element 'Object Repository/Mobile/Page/Register/Not Registered/Informasi Pribadi/Address Different/Edit Text - Postal Code'

2021-10-18 10:15:55 - [TEST_STEP][PASSED] - setText(findTestObject("Object Repository/Mobile/Page/Register/Not Registered/Informasi Pribadi/Address Different/Edit Text - Postal Code"), kodepos, 0): Text '15412' has been set to element 'Object Repository/Mobile/Page/Register/Not Registered/Informasi Pribadi/Address Different/Edit Text - Postal Code'

2021-10-18 10:15:55 - [MESSAGE][WARNING] - Timeout '0' is invalid. Using default page load timeout: '60'

2021-10-18 10:15:57 - [MESSAGE][PASSED] - Text '15412' has been set to element 'Object Repository/Mobile/Page/Register/Not Registered/Informasi Pribadi/Address Different/Edit Text - Postal Code'

2021-10-18 10:15:57 - [TEST_STEP][PASSED] - hideKeyboard(): Keyboard is hidden

2021-10-18 10:16:03 - [MESSAGE][PASSED] - Keyboard is hidden

2021-10-18 10:16:03 - [TEST_STEP][PASSED] - delay(1): Delayed 1 second(s)

2021-10-18 10:16:04 - [MESSAGE][PASSED] - Delayed 1 second(s)

2021-10-18 10:16:04 - [TEST_STEP][PASSED] - tap(findTestObject("Object Repository/Mobile/Page/Register/Not Registered/Informasi Pribadi/Button - Icon KTP"), 0, STOP_ON_FAILURE): Tapped on element 'Object Repository/Mobile/Page/Register/Not Registered/Informasi Pribadi/Button - Icon KTP'

2021-10-18 10:16:04 - [MESSAGE][WARNING] - Timeout '0' is invalid. Using default page load timeout: '60'

2021-10-18 10:16:06 - [MESSAGE][PASSED] - Tapped on element 'Object Repository/Mobile/Page/Register/Not Registered/Informasi Pribadi/Button - Icon KTP'

2021-10-18 10:16:06 - [TEST_STEP][PASSED] - permission = verifyElementExist(findTestObject("Object Repository/Mobile/Page/Register/Not Registered/Informasi Pribadi/Permission - Only this time"), 1, OPTIONAL): Element 'Object Repository/Mobile/Page/Register/Not Registered/Informasi Pribadi/Permission - Only this time' is exist

2021-10-18 10:16:06 - [MESSAGE][PASSED] - Element 'Object Repository/Mobile/Page/Register/Not Registered/Informasi Pribadi/Permission - Only this time' is exist

2021-10-18 10:16:06 - [TEST_STEP][PASSED] - if (permission): Tapped on element 'Object Repository/Mobile/Page/Register/Not Registered/Informasi Pribadi/Permission - Only this time'

2021-10-18 10:16:06 - [TEST_STEP][PASSED] - tap(findTestObject("Object Repository/Mobile/Page/Register/Not Registered/Informasi Pribadi/Permission - Only this time"), 0, STOP_ON_FAILURE): Tapped on element 'Object Repository/Mobile/Page/Register/Not Registered/Informasi Pribadi/Permission - Only this time'

2021-10-18 10:16:06 - [MESSAGE][WARNING] - Timeout '0' is invalid. Using default page load timeout: '60'

2021-10-18 10:16:06 - [MESSAGE][PASSED] - Tapped on element 'Object Repository/Mobile/Page/Register/Not Registered/Informasi Pribadi/Permission - Only this time'

2021-10-18 10:16:06 - [TEST_STEP][PASSED] - permission = verifyElementExist(findTestObject("Object Repository/Mobile/Page/Register/Not Registered/Informasi Pribadi/Permission - Only this time"), 1, OPTIONAL): Element 'Object Repository/Mobile/Page/Register/Not Registered/Informasi Pribadi/Permission - Only this time' is exist

2021-10-18 10:16:07 - [MESSAGE][PASSED] - Element 'Object Repository/Mobile/Page/Register/Not Registered/Informasi Pribadi/Permission - Only this time' is exist

2021-10-18 10:16:07 - [TEST_STEP][PASSED] - if (permission): Tapped on element 'Object Repository/Mobile/Page/Register/Not Registered/Informasi Pribadi/Permission - Only this time'

2021-10-18 10:16:07 - [TEST_STEP][PASSED] - tap(findTestObject("Object Repository/Mobile/Page/Register/Not Registered/Informasi Pribadi/Permission - Only this time"), 0, STOP_ON_FAILURE): Tapped on element 'Object Repository/Mobile/Page/Register/Not Registered/Informasi Pribadi/Permission - Only this time'

2021-10-18 10:16:07 - [MESSAGE][WARNING] - Timeout '0' is invalid. Using default page load timeout: '60'

2021-10-18 10:16:07 - [MESSAGE][PASSED] - Tapped on element 'Object Repository/Mobile/Page/Register/Not Registered/Informasi Pribadi/Permission - Only this time'

2021-10-18 10:16:07 - [TEST_STEP][PASSED] - tap(findTestObject("Object Repository/Mobile/Page/Register/Not Registered/Informasi Pribadi/Button - Capture KTP"), 0, STOP_ON_FAILURE): Tapped on element 'Object Repository/Mobile/Page/Register/Not Registered/Informasi Pribadi/Button - Capture KTP'

2021-10-18 10:16:07 - [MESSAGE][WARNING] - Timeout '0' is invalid. Using default page load timeout: '60'

2021-10-18 10:16:09 - [MESSAGE][PASSED] - Tapped on element 'Object Repository/Mobile/Page/Register/Not Registered/Informasi Pribadi/Button - Capture KTP'

2021-10-18 10:16:09 - [TEST_STEP][PASSED] - delay(2): Delayed 2 second(s)

2021-10-18 10:16:11 - [MESSAGE][PASSED] - Delayed 2 second(s)

2021-10-18 10:16:11 - [TEST_STEP][PASSED] - scroll.scroll.scrollLeftToRight(findTestObject("Object Repository/Mobile/Page/Register/Not Registered/Informasi Pribadi/Slider - Edit Photo Scale")): scroll.scroll.scrollLeftToRight is PASSED

2021-10-18 10:16:11 - [MESSAGE][WARNING] - Timeout '0' is invalid. Using default page load timeout: '60'

2021-10-18 10:16:14 - [MESSAGE][PASSED] - Object 'Object Repository/Mobile/Page/Register/Not Registered/Informasi Pribadi/Slider - Edit Photo Scale' has left position '0'

2021-10-18 10:16:14 - [MESSAGE][WARNING] - Timeout '0' is invalid. Using default page load timeout: '60'

2021-10-18 10:16:14 - [MESSAGE][PASSED] - Object 'Object Repository/Mobile/Page/Register/Not Registered/Informasi Pribadi/Slider - Edit Photo Scale' has top position '1,284'

2021-10-18 10:16:14 - [MESSAGE][WARNING] - Timeout '0' is invalid. Using default page load timeout: '60'

2021-10-18 10:16:14 - [MESSAGE][PASSED] - Object 'Object Repository/Mobile/Page/Register/Not Registered/Informasi Pribadi/Slider - Edit Photo Scale' has width: '720'

2021-10-18 10:16:14 - [MESSAGE][WARNING] - Timeout '0' is invalid. Using default page load timeout: '60'

2021-10-18 10:16:14 - [MESSAGE][PASSED] - Object 'Object Repository/Mobile/Page/Register/Not Registered/Informasi Pribadi/Slider - Edit Photo Scale' has height: '66'

2021-10-18 10:16:16 - [MESSAGE][PASSED] - Swiped from 144,1,317 to 576,1,317

2021-10-18 10:16:16 - [MESSAGE][PASSED] - scroll.scroll.scrollLeftToRight is PASSED

2021-10-18 10:16:16 - [TEST_STEP][PASSED] - tap(findTestObject("Object Repository/Mobile/Page/Register/Not Registered/Informasi Pribadi/Button - Edit Photo Rotate"), 0, STOP_ON_FAILURE): Tapped on element 'Object Repository/Mobile/Page/Register/Not Registered/Informasi Pribadi/Button - Edit Photo Rotate'

2021-10-18 10:16:16 - [MESSAGE][WARNING] - Timeout '0' is invalid. Using default page load timeout: '60'

2021-10-18 10:16:18 - [MESSAGE][PASSED] - Tapped on element 'Object Repository/Mobile/Page/Register/Not Registered/Informasi Pribadi/Button - Edit Photo Rotate'

2021-10-18 10:16:18 - [TEST_STEP][PASSED] - tap(findTestObject("Object Repository/Mobile/Page/Register/Not Registered/Informasi Pribadi/Button - Edit Photo Rotate 90 degree"), 0, STOP_ON_FAILURE): Tapped on element 'Object Repository/Mobile/Page/Register/Not Registered/Informasi Pribadi/Button - Edit Photo Rotate 90 degree'

2021-10-18 10:16:18 - [MESSAGE][WARNING] - Timeout '0' is invalid. Using default page load timeout: '60'

2021-10-18 10:16:19 - [MESSAGE][PASSED] - Tapped on element 'Object Repository/Mobile/Page/Register/Not Registered/Informasi Pribadi/Button - Edit Photo Rotate 90 degree'

2021-10-18 10:16:19 - [TEST_STEP][PASSED] - tap(findTestObject("Object Repository/Mobile/Page/Register/Not Registered/Informasi Pribadi/Button - Edit Photo Reset Rotation"), 0, STOP_ON_FAILURE): Tapped on element 'Object Repository/Mobile/Page/Register/Not Registered/Informasi Pribadi/Button - Edit Photo Reset Rotation'

2021-10-18 10:16:19 - [MESSAGE][WARNING] - Timeout '0' is invalid. Using default page load timeout: '60'

2021-10-18 10:16:20 - [MESSAGE][PASSED] - Tapped on element 'Object Repository/Mobile/Page/Register/Not Registered/Informasi Pribadi/Button - Edit Photo Reset Rotation'

2021-10-18 10:16:20 - [TEST_STEP][PASSED] - scroll.scroll.scrollLeftToRight(findTestObject("Object Repository/Mobile/Page/Register/Not Registered/Informasi Pribadi/Slider - Edit Photo Rotate")): scroll.scroll.scrollLeftToRight is PASSED

2021-10-18 10:16:20 - [MESSAGE][WARNING] - Timeout '0' is invalid. Using default page load timeout: '60'

2021-10-18 10:16:21 - [MESSAGE][PASSED] - Object 'Object Repository/Mobile/Page/Register/Not Registered/Informasi Pribadi/Slider - Edit Photo Rotate' has left position '88'

2021-10-18 10:16:21 - [MESSAGE][WARNING] - Timeout '0' is invalid. Using default page load timeout: '60'

2021-10-18 10:16:21 - [MESSAGE][PASSED] - Object 'Object Repository/Mobile/Page/Register/Not Registered/Informasi Pribadi/Slider - Edit Photo Rotate' has top position '1,284'

2021-10-18 10:16:21 - [MESSAGE][WARNING] - Timeout '0' is invalid. Using default page load timeout: '60'

2021-10-18 10:16:21 - [MESSAGE][PASSED] - Object 'Object Repository/Mobile/Page/Register/Not Registered/Informasi Pribadi/Slider - Edit Photo Rotate' has width: '544'

2021-10-18 10:16:21 - [MESSAGE][WARNING] - Timeout '0' is invalid. Using default page load timeout: '60'

2021-10-18 10:16:21 - [MESSAGE][PASSED] - Object 'Object Repository/Mobile/Page/Register/Not Registered/Informasi Pribadi/Slider - Edit Photo Rotate' has height: '66'

2021-10-18 10:16:22 - [MESSAGE][PASSED] - Swiped from 196,1,317 to 523,1,317

2021-10-18 10:16:22 - [MESSAGE][PASSED] - scroll.scroll.scrollLeftToRight is PASSED

2021-10-18 10:16:22 - [TEST_STEP][PASSED] - tap(findTestObject("Object Repository/Mobile/Page/Register/Not Registered/Informasi Pribadi/Button - Edit Photo Confirm"), 0, STOP_ON_FAILURE): Tapped on element 'Object Repository/Mobile/Page/Register/Not Registered/Informasi Pribadi/Button - Edit Photo Confirm'

2021-10-18 10:16:22 - [MESSAGE][WARNING] - Timeout '0' is invalid. Using default page load timeout: '60'

2021-10-18 10:16:24 - [MESSAGE][PASSED] - Tapped on element 'Object Repository/Mobile/Page/Register/Not Registered/Informasi Pribadi/Button - Edit Photo Confirm'

2021-10-18 10:16:24 - [TEST_STEP][PASSED] - delay(2): Delayed 2 second(s)

2021-10-18 10:16:26 - [MESSAGE][PASSED] - Delayed 2 second(s)

2021-10-18 10:16:26 - [TEST_STEP][PASSED] - hideKeyboard(): Keyboard is hidden

2021-10-18 10:16:28 - [MESSAGE][PASSED] - Keyboard is hidden

2021-10-18 10:16:28 - [TEST_STEP][PASSED] - delay(1): Delayed 1 second(s)

2021-10-18 10:16:29 - [MESSAGE][PASSED] - Delayed 1 second(s)

2021-10-18 10:16:29 - [TEST_STEP][PASSED] - scroll.scroll.scrollToBottomOpenKeyboard(): scroll.scroll.scrollToBottomOpenKeyboard is PASSED

2021-10-18 10:16:29 - [MESSAGE][PASSED] - Current device physical height is 1423

2021-10-18 10:16:29 - [MESSAGE][PASSED] - Current device physical width is 720

2021-10-18 10:16:30 - [MESSAGE][PASSED] - Swiped from 360,853 to 360,284

2021-10-18 10:16:30 - [MESSAGE][PASSED] - scroll.scroll.scrollToBottomOpenKeyboard is PASSED

2021-10-18 10:16:30 - [TEST_STEP][PASSED] - tap(findTestObject("Object Repository/Mobile/Page/Register/Not Registered/Informasi Pribadi/Button - Icon Face with KTP"), 0, STOP_ON_FAILURE): Tapped on element 'Object Repository/Mobile/Page/Register/Not Registered/Informasi Pribadi/Button - Icon Face with KTP'

2021-10-18 10:16:30 - [MESSAGE][WARNING] - Timeout '0' is invalid. Using default page load timeout: '60'

2021-10-18 10:16:31 - [MESSAGE][PASSED] - Tapped on element 'Object Repository/Mobile/Page/Register/Not Registered/Informasi Pribadi/Button - Icon Face with KTP'

2021-10-18 10:16:31 - [TEST_STEP][PASSED] - permission = verifyElementExist(findTestObject("Object Repository/Mobile/Page/Register/Not Registered/Informasi Pribadi/Permission - Only this time"), 1, OPTIONAL): Element 'Object Repository/Mobile/Page/Register/Not Registered/Informasi Pribadi/Permission - Only this time' not found

2021-10-18 10:16:34 - [MESSAGE][WARNING] - Element 'Object Repository/Mobile/Page/Register/Not Registered/Informasi Pribadi/Permission - Only this time' not found
[[ATTACHMENT|C:\\Users\\Owner\\Documents\\kerjaan\\KatalonProject\\qa-katalon-maxfund\\Reports\\20211018_100502\\Register\\20211018_100502\\1634526993030.png]]

2021-10-18 10:16:34 - [TEST_STEP][PASSED] - if (permission): null

2021-10-18 10:16:34 - [TEST_STEP][PASSED] - permission = verifyElementExist(findTestObject("Object Repository/Mobile/Page/Register/Not Registered/Informasi Pribadi/Permission - Only this time"), 1, OPTIONAL): Element 'Object Repository/Mobile/Page/Register/Not Registered/Informasi Pribadi/Permission - Only this time' not found

2021-10-18 10:16:37 - [MESSAGE][WARNING] - Element 'Object Repository/Mobile/Page/Register/Not Registered/Informasi Pribadi/Permission - Only this time' not found
[[ATTACHMENT|C:\\Users\\Owner\\Documents\\kerjaan\\KatalonProject\\qa-katalon-maxfund\\Reports\\20211018_100502\\Register\\20211018_100502\\1634526995651.png]]

2021-10-18 10:16:37 - [TEST_STEP][PASSED] - if (permission): null

2021-10-18 10:16:37 - [TEST_STEP][PASSED] - tap(findTestObject("Object Repository/Mobile/Page/Register/Not Registered/Informasi Pribadi/Button - Capture Face with KTP"), 0, STOP_ON_FAILURE): Tapped on element 'Object Repository/Mobile/Page/Register/Not Registered/Informasi Pribadi/Button - Capture Face with KTP'

2021-10-18 10:16:37 - [MESSAGE][WARNING] - Timeout '0' is invalid. Using default page load timeout: '60'

2021-10-18 10:16:39 - [MESSAGE][PASSED] - Tapped on element 'Object Repository/Mobile/Page/Register/Not Registered/Informasi Pribadi/Button - Capture Face with KTP'

2021-10-18 10:16:39 - [TEST_STEP][PASSED] - delay(2): Delayed 2 second(s)

2021-10-18 10:16:41 - [MESSAGE][PASSED] - Delayed 2 second(s)

2021-10-18 10:16:41 - [TEST_STEP][PASSED] - hideKeyboard(): Keyboard is hidden

2021-10-18 10:16:47 - [MESSAGE][PASSED] - Keyboard is hidden

2021-10-18 10:16:47 - [TEST_STEP][PASSED] - delay(1): Delayed 1 second(s)

2021-10-18 10:16:48 - [MESSAGE][PASSED] - Delayed 1 second(s)

2021-10-18 10:16:48 - [TEST_STEP][PASSED] - scroll.scroll.scrollToBottomOpenKeyboard(): scroll.scroll.scrollToBottomOpenKeyboard is PASSED

2021-10-18 10:16:49 - [MESSAGE][PASSED] - Current device physical height is 1423

2021-10-18 10:16:49 - [MESSAGE][PASSED] - Current device physical width is 720

2021-10-18 10:16:50 - [MESSAGE][PASSED] - Swiped from 360,853 to 360,284

2021-10-18 10:16:50 - [MESSAGE][PASSED] - scroll.scroll.scrollToBottomOpenKeyboard is PASSED

2021-10-18 10:16:50 - [TEST_STEP][PASSED] - tap(findTestObject("Object Repository/Mobile/Page/Register/Not Registered/Informasi Pribadi/Radio Button - Low Risk"), 0, STOP_ON_FAILURE): Tapped on element 'Object Repository/Mobile/Page/Register/Not Registered/Informasi Pribadi/Radio Button - Low Risk'

2021-10-18 10:16:50 - [MESSAGE][WARNING] - Timeout '0' is invalid. Using default page load timeout: '60'

2021-10-18 10:16:51 - [MESSAGE][PASSED] - Tapped on element 'Object Repository/Mobile/Page/Register/Not Registered/Informasi Pribadi/Radio Button - Low Risk'

2021-10-18 10:16:51 - [TEST_STEP][PASSED] - delay(1): Delayed 1 second(s)

2021-10-18 10:16:52 - [MESSAGE][PASSED] - Delayed 1 second(s)

2021-10-18 10:16:52 - [TEST_STEP][PASSED] - tap(findTestObject("Object Repository/Mobile/Page/Register/Not Registered/Informasi Pribadi/Radio Button - Medium Risk"), 0, STOP_ON_FAILURE): Tapped on element 'Object Repository/Mobile/Page/Register/Not Registered/Informasi Pribadi/Radio Button - Medium Risk'

2021-10-18 10:16:52 - [MESSAGE][WARNING] - Timeout '0' is invalid. Using default page load timeout: '60'

2021-10-18 10:16:52 - [MESSAGE][PASSED] - Tapped on element 'Object Repository/Mobile/Page/Register/Not Registered/Informasi Pribadi/Radio Button - Medium Risk'

2021-10-18 10:16:52 - [TEST_STEP][PASSED] - delay(1): Delayed 1 second(s)

2021-10-18 10:16:53 - [MESSAGE][PASSED] - Delayed 1 second(s)

2021-10-18 10:16:53 - [TEST_STEP][PASSED] - tap(findTestObject("Object Repository/Mobile/Page/Register/Not Registered/Informasi Pribadi/Radio Button - High Risk"), 0, STOP_ON_FAILURE): Tapped on element 'Object Repository/Mobile/Page/Register/Not Registered/Informasi Pribadi/Radio Button - High Risk'

2021-10-18 10:16:53 - [MESSAGE][WARNING] - Timeout '0' is invalid. Using default page load timeout: '60'

2021-10-18 10:16:55 - [MESSAGE][PASSED] - Tapped on element 'Object Repository/Mobile/Page/Register/Not Registered/Informasi Pribadi/Radio Button - High Risk'

2021-10-18 10:16:55 - [TEST_STEP][PASSED] - delay(1): Delayed 1 second(s)

2021-10-18 10:16:56 - [MESSAGE][PASSED] - Delayed 1 second(s)

2021-10-18 10:16:56 - [TEST_STEP][PASSED] - tap(findTestObject("Object Repository/Mobile/Page/Register/Not Registered/Informasi Pribadi/Button - Next"), 0, STOP_ON_FAILURE): Tapped on element 'Object Repository/Mobile/Page/Register/Not Registered/Informasi Pribadi/Button - Next'

2021-10-18 10:16:56 - [MESSAGE][WARNING] - Timeout '0' is invalid. Using default page load timeout: '60'

2021-10-18 10:16:56 - [MESSAGE][PASSED] - Tapped on element 'Object Repository/Mobile/Page/Register/Not Registered/Informasi Pribadi/Button - Next'

2021-10-18 10:16:56 - [TEST_STEP][PASSED] - delay(1): Delayed 1 second(s)

2021-10-18 10:16:57 - [MESSAGE][PASSED] - Delayed 1 second(s)

2021-10-18 10:16:57 - [TEST_STEP][PASSED] - tapAndHold(findTestObject("Mobile/Page/Register/Not Registered/Akun Bank/Dropdown - Bank"), 1, 0, STOP_ON_FAILURE): Tapped and held on element 'Object Repository/Mobile/Page/Register/Not Registered/Akun Bank/Dropdown - Bank' with duration 1

2021-10-18 10:16:57 - [MESSAGE][WARNING] - Timeout '0' is invalid. Using default page load timeout: '60'

2021-10-18 10:17:00 - [MESSAGE][PASSED] - Tapped and held on element 'Object Repository/Mobile/Page/Register/Not Registered/Akun Bank/Dropdown - Bank' with duration 1

2021-10-18 10:17:00 - [TEST_STEP][PASSED] - tap(findTestObject("Mobile/Page/Register/Not Registered/Akun Bank/Edit Text - Search Bank"), 0, STOP_ON_FAILURE): Tapped on element 'Object Repository/Mobile/Page/Register/Not Registered/Akun Bank/Edit Text - Search Bank'

2021-10-18 10:17:00 - [MESSAGE][WARNING] - Timeout '0' is invalid. Using default page load timeout: '60'

2021-10-18 10:17:01 - [MESSAGE][PASSED] - Tapped on element 'Object Repository/Mobile/Page/Register/Not Registered/Akun Bank/Edit Text - Search Bank'

2021-10-18 10:17:01 - [TEST_STEP][PASSED] - setText(findTestObject("Mobile/Page/Register/Not Registered/Akun Bank/Edit Text - Search Bank"), "citibank", 0, STOP_ON_FAILURE): Text 'citibank' has been set to element 'Object Repository/Mobile/Page/Register/Not Registered/Akun Bank/Edit Text - Search Bank'

2021-10-18 10:17:01 - [MESSAGE][WARNING] - Timeout '0' is invalid. Using default page load timeout: '60'

2021-10-18 10:17:03 - [MESSAGE][PASSED] - Text 'citibank' has been set to element 'Object Repository/Mobile/Page/Register/Not Registered/Akun Bank/Edit Text - Search Bank'

2021-10-18 10:17:03 - [TEST_STEP][PASSED] - driver = getDriver(): null

2021-10-18 10:17:03 - [TEST_STEP][PASSED] - driver.pressKeyCode(ENTER): null

2021-10-18 10:17:03 - [TEST_STEP][PASSED] - tap(findTestObject("Object Repository/Mobile/Page/Register/Not Registered/Akun Bank/Item - Top Search Bank"), 0, STOP_ON_FAILURE): Tapped on element 'Object Repository/Mobile/Page/Register/Not Registered/Akun Bank/Item - Top Search Bank'

2021-10-18 10:17:03 - [MESSAGE][WARNING] - Timeout '0' is invalid. Using default page load timeout: '60'

2021-10-18 10:17:05 - [MESSAGE][PASSED] - Tapped on element 'Object Repository/Mobile/Page/Register/Not Registered/Akun Bank/Item - Top Search Bank'

2021-10-18 10:17:05 - [TEST_STEP][PASSED] - delay(1): Delayed 1 second(s)

2021-10-18 10:17:06 - [MESSAGE][PASSED] - Delayed 1 second(s)

2021-10-18 10:17:06 - [TEST_STEP][PASSED] - tapAndHold(findTestObject("Mobile/Page/Register/Not Registered/Akun Bank/Dropdown - Country"), 1, 0, STOP_ON_FAILURE): Tapped and held on element 'Object Repository/Mobile/Page/Register/Not Registered/Akun Bank/Dropdown - Country' with duration 1

2021-10-18 10:17:06 - [MESSAGE][WARNING] - Timeout '0' is invalid. Using default page load timeout: '60'

2021-10-18 10:17:09 - [MESSAGE][PASSED] - Tapped and held on element 'Object Repository/Mobile/Page/Register/Not Registered/Akun Bank/Dropdown - Country' with duration 1

2021-10-18 10:17:09 - [TEST_STEP][PASSED] - tap(findTestObject("Object Repository/Mobile/Page/Register/Not Registered/Akun Bank/Dropdown - Country Option Indonesia"), 0, STOP_ON_FAILURE): Tapped on element 'Object Repository/Mobile/Page/Register/Not Registered/Akun Bank/Dropdown - Country Option Indonesia'

2021-10-18 10:17:09 - [MESSAGE][WARNING] - Timeout '0' is invalid. Using default page load timeout: '60'

2021-10-18 10:17:10 - [MESSAGE][PASSED] - Tapped on element 'Object Repository/Mobile/Page/Register/Not Registered/Akun Bank/Dropdown - Country Option Indonesia'

2021-10-18 10:17:10 - [TEST_STEP][PASSED] - delay(1): Delayed 1 second(s)

2021-10-18 10:17:11 - [MESSAGE][PASSED] - Delayed 1 second(s)

2021-10-18 10:17:11 - [TEST_STEP][PASSED] - if (negativeStatus == "isBranchNumber"): null

2021-10-18 10:17:11 - [TEST_STEP][PASSED] - else: Delayed 1 second(s)

2021-10-18 10:17:11 - [TEST_STEP][PASSED] - tap(findTestObject("Object Repository/Mobile/Page/Register/Not Registered/Akun Bank/Edit Text - Branch"), 0, STOP_ON_FAILURE): Tapped on element 'Object Repository/Mobile/Page/Register/Not Registered/Akun Bank/Edit Text - Branch'

2021-10-18 10:17:11 - [MESSAGE][WARNING] - Timeout '0' is invalid. Using default page load timeout: '60'

2021-10-18 10:17:12 - [MESSAGE][PASSED] - Tapped on element 'Object Repository/Mobile/Page/Register/Not Registered/Akun Bank/Edit Text - Branch'

2021-10-18 10:17:12 - [TEST_STEP][PASSED] - setText(findTestObject("Object Repository/Mobile/Page/Register/Not Registered/Akun Bank/Edit Text - Branch"), branch, 0, STOP_ON_FAILURE): Text 'qa cabang' has been set to element 'Object Repository/Mobile/Page/Register/Not Registered/Akun Bank/Edit Text - Branch'

2021-10-18 10:17:12 - [MESSAGE][WARNING] - Timeout '0' is invalid. Using default page load timeout: '60'

2021-10-18 10:17:13 - [MESSAGE][PASSED] - Text 'qa cabang' has been set to element 'Object Repository/Mobile/Page/Register/Not Registered/Akun Bank/Edit Text - Branch'

2021-10-18 10:17:13 - [TEST_STEP][PASSED] - hideKeyboard(): Keyboard is hidden

2021-10-18 10:17:20 - [MESSAGE][PASSED] - Keyboard is hidden

2021-10-18 10:17:20 - [TEST_STEP][PASSED] - delay(1): Delayed 1 second(s)

2021-10-18 10:17:21 - [MESSAGE][PASSED] - Delayed 1 second(s)

2021-10-18 10:17:21 - [TEST_STEP][PASSED] - tap(findTestObject("Object Repository/Mobile/Page/Register/Not Registered/Akun Bank/Edit Text - Account Number"), 0, STOP_ON_FAILURE): Tapped on element 'Object Repository/Mobile/Page/Register/Not Registered/Akun Bank/Edit Text - Account Number'

2021-10-18 10:17:21 - [MESSAGE][WARNING] - Timeout '0' is invalid. Using default page load timeout: '60'

2021-10-18 10:17:21 - [MESSAGE][PASSED] - Tapped on element 'Object Repository/Mobile/Page/Register/Not Registered/Akun Bank/Edit Text - Account Number'

2021-10-18 10:17:21 - [TEST_STEP][PASSED] - setText(findTestObject("Object Repository/Mobile/Page/Register/Not Registered/Akun Bank/Edit Text - Account Number"), accountnumber, 0, STOP_ON_FAILURE): Text '222444222444' has been set to element 'Object Repository/Mobile/Page/Register/Not Registered/Akun Bank/Edit Text - Account Number'

2021-10-18 10:17:21 - [MESSAGE][WARNING] - Timeout '0' is invalid. Using default page load timeout: '60'

2021-10-18 10:17:23 - [MESSAGE][PASSED] - Text '222444222444' has been set to element 'Object Repository/Mobile/Page/Register/Not Registered/Akun Bank/Edit Text - Account Number'

2021-10-18 10:17:23 - [TEST_STEP][PASSED] - hideKeyboard(): Keyboard is hidden

2021-10-18 10:17:30 - [MESSAGE][PASSED] - Keyboard is hidden

2021-10-18 10:17:30 - [TEST_STEP][PASSED] - delay(1): Delayed 1 second(s)

2021-10-18 10:17:31 - [MESSAGE][PASSED] - Delayed 1 second(s)

2021-10-18 10:17:31 - [TEST_STEP][PASSED] - if (negativeStatus == "isNameOwnerNotMatch"): null

2021-10-18 10:17:31 - [TEST_STEP][PASSED] - else: Delayed 1 second(s)

2021-10-18 10:17:31 - [TEST_STEP][PASSED] - tap(findTestObject("Object Repository/Mobile/Page/Register/Not Registered/Akun Bank/Edit Text - Name Owner"), 0, STOP_ON_FAILURE): Tapped on element 'Object Repository/Mobile/Page/Register/Not Registered/Akun Bank/Edit Text - Name Owner'

2021-10-18 10:17:31 - [MESSAGE][WARNING] - Timeout '0' is invalid. Using default page load timeout: '60'

2021-10-18 10:17:31 - [MESSAGE][PASSED] - Tapped on element 'Object Repository/Mobile/Page/Register/Not Registered/Akun Bank/Edit Text - Name Owner'

2021-10-18 10:17:31 - [TEST_STEP][PASSED] - setText(findTestObject("Object Repository/Mobile/Page/Register/Not Registered/Akun Bank/Edit Text - Name Owner"), nameowner, 0, STOP_ON_FAILURE): Text 'qatestingJoNpNyEqlR' has been set to element 'Object Repository/Mobile/Page/Register/Not Registered/Akun Bank/Edit Text - Name Owner'

2021-10-18 10:17:31 - [MESSAGE][WARNING] - Timeout '0' is invalid. Using default page load timeout: '60'

2021-10-18 10:17:32 - [MESSAGE][PASSED] - Text 'qatestingJoNpNyEqlR' has been set to element 'Object Repository/Mobile/Page/Register/Not Registered/Akun Bank/Edit Text - Name Owner'

2021-10-18 10:17:32 - [TEST_STEP][PASSED] - hideKeyboard(): Keyboard is hidden

2021-10-18 10:17:37 - [MESSAGE][PASSED] - Keyboard is hidden

2021-10-18 10:17:37 - [TEST_STEP][PASSED] - delay(1): Delayed 1 second(s)

2021-10-18 10:17:38 - [MESSAGE][PASSED] - Delayed 1 second(s)

2021-10-18 10:17:38 - [TEST_STEP][PASSED] - tap(findTestObject("Object Repository/Mobile/Page/Register/Not Registered/Akun Bank/Button - Next"), 0, STOP_ON_FAILURE): Tapped on element 'Object Repository/Mobile/Page/Register/Not Registered/Akun Bank/Button - Next'

2021-10-18 10:17:38 - [MESSAGE][WARNING] - Timeout '0' is invalid. Using default page load timeout: '60'

2021-10-18 10:17:39 - [MESSAGE][PASSED] - Tapped on element 'Object Repository/Mobile/Page/Register/Not Registered/Akun Bank/Button - Next'

2021-10-18 10:17:39 - [TEST_STEP][PASSED] - delay(1): Delayed 1 second(s)

2021-10-18 10:17:40 - [MESSAGE][PASSED] - Delayed 1 second(s)

2021-10-18 10:17:40 - [TEST_STEP][PASSED] - if (isUseReferralCode == 1): Delayed 1 second(s)

2021-10-18 10:17:40 - [TEST_STEP][PASSED] - tap(findTestObject("Object Repository/Mobile/Page/Register/Not Registered/Konfirmasi/Edit Text - Referral Code"), 0, STOP_ON_FAILURE): Tapped on element 'Object Repository/Mobile/Page/Register/Not Registered/Konfirmasi/Edit Text - Referral Code'

2021-10-18 10:17:40 - [MESSAGE][WARNING] - Timeout '0' is invalid. Using default page load timeout: '60'

2021-10-18 10:17:40 - [MESSAGE][PASSED] - Tapped on element 'Object Repository/Mobile/Page/Register/Not Registered/Konfirmasi/Edit Text - Referral Code'

2021-10-18 10:17:40 - [TEST_STEP][PASSED] - setText(findTestObject("Object Repository/Mobile/Page/Register/Not Registered/Konfirmasi/Edit Text - Referral Code"), referralcode, 0, STOP_ON_FAILURE): Text '15412' has been set to element 'Object Repository/Mobile/Page/Register/Not Registered/Konfirmasi/Edit Text - Referral Code'

2021-10-18 10:17:40 - [MESSAGE][WARNING] - Timeout '0' is invalid. Using default page load timeout: '60'

2021-10-18 10:17:42 - [MESSAGE][PASSED] - Text '15412' has been set to element 'Object Repository/Mobile/Page/Register/Not Registered/Konfirmasi/Edit Text - Referral Code'

2021-10-18 10:17:42 - [TEST_STEP][PASSED] - hideKeyboard(): Keyboard is hidden

2021-10-18 10:17:45 - [MESSAGE][PASSED] - Keyboard is hidden

2021-10-18 10:17:45 - [TEST_STEP][PASSED] - delay(1): Delayed 1 second(s)

2021-10-18 10:17:47 - [MESSAGE][PASSED] - Delayed 1 second(s)

2021-10-18 10:17:47 - [TEST_STEP][PASSED] - if (negativeStatus == "isNotUseSignature"): null

2021-10-18 10:17:47 - [TEST_STEP][PASSED] - else: Delayed 1 second(s)

2021-10-18 10:17:47 - [TEST_STEP][PASSED] - scroll.scroll.scrollRightToLeft(findTestObject("Object Repository/Mobile/Page/Register/Not Registered/Konfirmasi/Field - Signature")): scroll.scroll.scrollRightToLeft is PASSED

2021-10-18 10:17:47 - [MESSAGE][WARNING] - Timeout '0' is invalid. Using default page load timeout: '60'

2021-10-18 10:17:47 - [MESSAGE][PASSED] - Object 'Object Repository/Mobile/Page/Register/Not Registered/Konfirmasi/Field - Signature' has left position '31'

2021-10-18 10:17:47 - [MESSAGE][WARNING] - Timeout '0' is invalid. Using default page load timeout: '60'

2021-10-18 10:17:47 - [MESSAGE][PASSED] - Object 'Object Repository/Mobile/Page/Register/Not Registered/Konfirmasi/Field - Signature' has top position '612'

2021-10-18 10:17:47 - [MESSAGE][WARNING] - Timeout '0' is invalid. Using default page load timeout: '60'

2021-10-18 10:17:47 - [MESSAGE][PASSED] - Object 'Object Repository/Mobile/Page/Register/Not Registered/Konfirmasi/Field - Signature' has width: '658'

2021-10-18 10:17:47 - [MESSAGE][WARNING] - Timeout '0' is invalid. Using default page load timeout: '60'

2021-10-18 10:17:47 - [MESSAGE][PASSED] - Object 'Object Repository/Mobile/Page/Register/Not Registered/Konfirmasi/Field - Signature' has height: '384'

2021-10-18 10:17:48 - [MESSAGE][PASSED] - Swiped from 557,804 to 162,804

2021-10-18 10:17:48 - [MESSAGE][PASSED] - scroll.scroll.scrollRightToLeft is PASSED

2021-10-18 10:17:48 - [TEST_STEP][PASSED] - delay(1): Delayed 1 second(s)

2021-10-18 10:17:49 - [MESSAGE][PASSED] - Delayed 1 second(s)

2021-10-18 10:17:49 - [TEST_STEP][PASSED] - tap(findTestObject("Object Repository/Mobile/Page/Register/Not Registered/Konfirmasi/Checkbox - Agreement"), 0, STOP_ON_FAILURE): Tapped on element 'Object Repository/Mobile/Page/Register/Not Registered/Konfirmasi/Checkbox - Agreement'

2021-10-18 10:17:49 - [MESSAGE][WARNING] - Timeout '0' is invalid. Using default page load timeout: '60'

2021-10-18 10:17:50 - [MESSAGE][PASSED] - Tapped on element 'Object Repository/Mobile/Page/Register/Not Registered/Konfirmasi/Checkbox - Agreement'

2021-10-18 10:17:50 - [TEST_STEP][PASSED] - delay(1): Delayed 1 second(s)

2021-10-18 10:17:51 - [MESSAGE][PASSED] - Delayed 1 second(s)

2021-10-18 10:17:51 - [TEST_STEP][PASSED] - tap(findTestObject("Object Repository/Mobile/Page/Register/Not Registered/Konfirmasi/Button - Next"), 0, STOP_ON_FAILURE): Tapped on element 'Object Repository/Mobile/Page/Register/Not Registered/Konfirmasi/Button - Next'

2021-10-18 10:17:51 - [MESSAGE][WARNING] - Timeout '0' is invalid. Using default page load timeout: '60'

2021-10-18 10:17:52 - [MESSAGE][PASSED] - Tapped on element 'Object Repository/Mobile/Page/Register/Not Registered/Konfirmasi/Button - Next'

2021-10-18 10:17:52 - [TEST_STEP][PASSED] - delay(5): Delayed 5 second(s)

2021-10-18 10:17:57 - [MESSAGE][PASSED] - Delayed 5 second(s)

2021-10-18 10:17:57 - [TEST_STEP][PASSED] - tap(findTestObject("Object Repository/Mobile/Page/Register/Not Registered/Konfirmasi/Button - Back to Home"), 0, STOP_ON_FAILURE): Tapped on element 'Object Repository/Mobile/Page/Register/Not Registered/Konfirmasi/Button - Back to Home'

2021-10-18 10:17:57 - [MESSAGE][WARNING] - Timeout '0' is invalid. Using default page load timeout: '60'

2021-10-18 10:17:59 - [MESSAGE][PASSED] - Tapped on element 'Object Repository/Mobile/Page/Register/Not Registered/Konfirmasi/Button - Back to Home'

2021-10-18 10:17:59 - [TEST_STEP][PASSED] - delay(1): Delayed 1 second(s)

2021-10-18 10:18:00 - [MESSAGE][PASSED] - Delayed 1 second(s)

2021-10-18 10:18:00 - [MESSAGE][PASSED] - Call Test Case 'Test Cases/Mobile/Page/Register/Register' successfully

2021-10-18 10:18:00 - [TEST_STEP][PASSED] - callTestCase(findTestCase("Mobile/Page/Run App/Terminate App"), [:], STOP_ON_FAILURE): Call Test Case 'Test Cases/Mobile/Page/Run App/Terminate App' successfully

2021-10-18 10:18:00 - [TEST_CASE][PASSED] - Test Cases/Mobile/Page/Run App/Terminate App: Test Cases/Mobile/Page/Run App/Terminate App

2021-10-18 10:18:00 - [TEST_STEP][PASSED] - startApp.OpenApp.terminateApplication(): startApp.OpenApp.terminateApplication is PASSED

2021-10-18 10:18:04 - [MESSAGE][PASSED] - Delayed 3 second(s)

2021-10-18 10:18:04 - [MESSAGE][WARNING] - Timeout '0' is invalid. Using default page load timeout: '60'

2021-10-18 10:18:04 - [MESSAGE][PASSED] - Tapped on element 'Object Repository/Mobile/Page/Button - Close all application'

2021-10-18 10:18:07 - [MESSAGE][PASSED] - Delayed 3 second(s)

2021-10-18 10:18:07 - [MESSAGE][PASSED] - startApp.OpenApp.terminateApplication is PASSED

2021-10-18 10:18:07 - [MESSAGE][PASSED] - Call Test Case 'Test Cases/Mobile/Page/Run App/Terminate App' successfully]]></system-out>
         <system-err><![CDATA[]]></system-err>
      </testcase>
      <testcase name="Test Cases/Mobile/Scenario/Register/005 - Registrasi akun baru dengan alamat berbeda dengan KTP menggunakan Refferal Code" time="261.113" classname="Test Cases/Mobile/Scenario/Register/005 - Registrasi akun baru dengan alamat berbeda dengan KTP menggunakan Refferal Code" status="PASSED">
         <system-out><![CDATA[2021-10-18 10:18:07 - [TEST_CASE][PASSED] - Test Cases/Mobile/Scenario/Register/005 - Registrasi akun baru dengan alamat berbeda dengan KTP menggunakan Refferal Code: Test Cases/Mobile/Scenario/Register/005 - Registrasi akun baru dengan alamat berbeda dengan KTP menggunakan Refferal Code

2021-10-18 10:18:07 - [TEST_STEP][PASSED] - callTestCase(findTestCase("Mobile/Page/Run App/Run App byID"), [:], STOP_ON_FAILURE): Call Test Case 'Test Cases/Mobile/Page/Run App/Run App byID' successfully

2021-10-18 10:18:07 - [TEST_CASE][PASSED] - Test Cases/Mobile/Page/Run App/Run App byID: Test Cases/Mobile/Page/Run App/Run App byID

2021-10-18 10:18:07 - [TEST_STEP][PASSED] - startApp.OpenApp.startApplication("com.mirae.maxfund"): startApp.OpenApp.startApplication is PASSED

2021-10-18 10:18:22 - [MESSAGE][PASSED] - Starting app with application ID: 'com.mirae.maxfund'

2021-10-18 10:18:22 - [MESSAGE][PASSED] - startApp.OpenApp.startApplication is PASSED

2021-10-18 10:18:22 - [MESSAGE][PASSED] - Call Test Case 'Test Cases/Mobile/Page/Run App/Run App byID' successfully

2021-10-18 10:18:22 - [TEST_STEP][PASSED] - callTestCase(findTestCase("Mobile/Page/Register/Register"), ["isFromLoginPage":0, "isBedaAlamat":1, "isUseReferralCode":1, "negativeStatus":"none"], STOP_ON_FAILURE): Call Test Case 'Test Cases/Mobile/Page/Register/Register' successfully

2021-10-18 10:18:22 - [TEST_CASE][PASSED] - Test Cases/Mobile/Page/Register/Register: Test Cases/Mobile/Page/Register/Register

2021-10-18 10:18:22 - [TEST_STEP][PASSED] - fullname = "qatesting" + acak.acak.randomStringWord(): acak.acak.randomStringWord is PASSED

2021-10-18 10:18:22 - [MESSAGE][PASSED] - acak.acak.randomStringWord is PASSED

2021-10-18 10:18:22 - [TEST_STEP][PASSED] - birthdate = "1/1/1998": null

2021-10-18 10:18:22 - [TEST_STEP][PASSED] - phone = "082257" + acak.acak.randomStringNumber(6): acak.acak.randomStringNumber is PASSED

2021-10-18 10:18:22 - [MESSAGE][PASSED] - acak.acak.randomStringNumber is PASSED

2021-10-18 10:18:22 - [TEST_STEP][PASSED] - email = fullname + "@gmail.com": null

2021-10-18 10:18:22 - [TEST_STEP][PASSED] - password = "Mirae1234": null

2021-10-18 10:18:22 - [TEST_STEP][PASSED] - branch = "qa cabang": null

2021-10-18 10:18:22 - [TEST_STEP][PASSED] - accountnumber = "222444222444": null

2021-10-18 10:18:22 - [TEST_STEP][PASSED] - nameowner = fullname: null

2021-10-18 10:18:22 - [TEST_STEP][PASSED] - alamat = "Jl. Cempaka Putih Barat 12 F No.12, RT.8/RW.8": null

2021-10-18 10:18:22 - [TEST_STEP][PASSED] - kodepos = "15412": null

2021-10-18 10:18:22 - [TEST_STEP][PASSED] - referralcode = "15412": null

2021-10-18 10:18:22 - [TEST_STEP][PASSED] - flag = "indonesia": null

2021-10-18 10:18:22 - [TEST_STEP][PASSED] - bank = "citibank": null

2021-10-18 10:18:22 - [TEST_STEP][PASSED] - if (isFromLoginPage == 1): null

2021-10-18 10:18:22 - [TEST_STEP][PASSED] - else: Delayed 1 second(s)

2021-10-18 10:18:22 - [TEST_STEP][PASSED] - tap(findTestObject("Object Repository/Mobile/Page/Dashboard/Button - Register"), 0, STOP_ON_FAILURE): Tapped on element 'Object Repository/Mobile/Page/Dashboard/Button - Register'

2021-10-18 10:18:22 - [MESSAGE][WARNING] - Timeout '0' is invalid. Using default page load timeout: '60'

2021-10-18 10:18:25 - [MESSAGE][PASSED] - Tapped on element 'Object Repository/Mobile/Page/Dashboard/Button - Register'

2021-10-18 10:18:25 - [TEST_STEP][PASSED] - delay(1): Delayed 1 second(s)

2021-10-18 10:18:26 - [MESSAGE][PASSED] - Delayed 1 second(s)

2021-10-18 10:18:26 - [TEST_STEP][PASSED] - for ([i = 0, i < 1, (i++)]): Delayed 1 second(s)

2021-10-18 10:18:26 - [TEST_STEP][PASSED] - if (negativeStatus == "isRegistered"): null

2021-10-18 10:18:26 - [TEST_STEP][PASSED] - tap(findTestObject("Object Repository/Mobile/Page/Register/Radio Button - Not registered yet"), 0, STOP_ON_FAILURE): Tapped on element 'Object Repository/Mobile/Page/Register/Radio Button - Not registered yet'

2021-10-18 10:18:26 - [MESSAGE][WARNING] - Timeout '0' is invalid. Using default page load timeout: '60'

2021-10-18 10:18:27 - [MESSAGE][PASSED] - Tapped on element 'Object Repository/Mobile/Page/Register/Radio Button - Not registered yet'

2021-10-18 10:18:27 - [TEST_STEP][PASSED] - delay(1): Delayed 1 second(s)

2021-10-18 10:18:28 - [MESSAGE][PASSED] - Delayed 1 second(s)

2021-10-18 10:18:28 - [TEST_STEP][PASSED] - tap(findTestObject("Object Repository/Mobile/Page/Register/Not Registered/Button - Next"), 0, STOP_ON_FAILURE): Tapped on element 'Object Repository/Mobile/Page/Register/Not Registered/Button - Next'

2021-10-18 10:18:28 - [MESSAGE][WARNING] - Timeout '0' is invalid. Using default page load timeout: '60'

2021-10-18 10:18:28 - [MESSAGE][PASSED] - Tapped on element 'Object Repository/Mobile/Page/Register/Not Registered/Button - Next'

2021-10-18 10:18:28 - [TEST_STEP][PASSED] - delay(1): Delayed 1 second(s)

2021-10-18 10:18:29 - [MESSAGE][PASSED] - Delayed 1 second(s)

2021-10-18 10:18:29 - [TEST_STEP][PASSED] - tap(findTestObject("Object Repository/Mobile/Page/Register/Not Registered/Informasi Pribadi/Edit Text - Fullname"), 0, STOP_ON_FAILURE): Tapped on element 'Object Repository/Mobile/Page/Register/Not Registered/Informasi Pribadi/Edit Text - Fullname'

2021-10-18 10:18:29 - [MESSAGE][WARNING] - Timeout '0' is invalid. Using default page load timeout: '60'

2021-10-18 10:18:30 - [MESSAGE][PASSED] - Tapped on element 'Object Repository/Mobile/Page/Register/Not Registered/Informasi Pribadi/Edit Text - Fullname'

2021-10-18 10:18:30 - [TEST_STEP][PASSED] - setText(findTestObject("Object Repository/Mobile/Page/Register/Not Registered/Informasi Pribadi/Edit Text - Fullname"), fullname, 0): Text 'qatestingdLLxQtPGJo' has been set to element 'Object Repository/Mobile/Page/Register/Not Registered/Informasi Pribadi/Edit Text - Fullname'

2021-10-18 10:18:30 - [MESSAGE][WARNING] - Timeout '0' is invalid. Using default page load timeout: '60'

2021-10-18 10:18:32 - [MESSAGE][PASSED] - Text 'qatestingdLLxQtPGJo' has been set to element 'Object Repository/Mobile/Page/Register/Not Registered/Informasi Pribadi/Edit Text - Fullname'

2021-10-18 10:18:32 - [TEST_STEP][PASSED] - hideKeyboard(): Keyboard is hidden

2021-10-18 10:18:38 - [MESSAGE][PASSED] - Keyboard is hidden

2021-10-18 10:18:38 - [TEST_STEP][PASSED] - delay(1): Delayed 1 second(s)

2021-10-18 10:18:39 - [MESSAGE][PASSED] - Delayed 1 second(s)

2021-10-18 10:18:39 - [TEST_STEP][PASSED] - tap(findTestObject("Object Repository/Mobile/Page/Register/Not Registered/Informasi Pribadi/Date Picker - Date of Birth"), 0, STOP_ON_FAILURE): Tapped on element 'Object Repository/Mobile/Page/Register/Not Registered/Informasi Pribadi/Date Picker - Date of Birth'

2021-10-18 10:18:39 - [MESSAGE][WARNING] - Timeout '0' is invalid. Using default page load timeout: '60'

2021-10-18 10:18:39 - [MESSAGE][PASSED] - Tapped on element 'Object Repository/Mobile/Page/Register/Not Registered/Informasi Pribadi/Date Picker - Date of Birth'

2021-10-18 10:18:39 - [TEST_STEP][PASSED] - tap(findTestObject("Object Repository/Mobile/Page/Register/Not Registered/Informasi Pribadi/Date Picker - Icon Edit"), 0, STOP_ON_FAILURE): Tapped on element 'Object Repository/Mobile/Page/Register/Not Registered/Informasi Pribadi/Date Picker - Icon Edit'

2021-10-18 10:18:39 - [MESSAGE][WARNING] - Timeout '0' is invalid. Using default page load timeout: '60'

2021-10-18 10:18:40 - [MESSAGE][PASSED] - Tapped on element 'Object Repository/Mobile/Page/Register/Not Registered/Informasi Pribadi/Date Picker - Icon Edit'

2021-10-18 10:18:40 - [TEST_STEP][PASSED] - if (negativeStatus == "isCheckDateOfBirth"): null

2021-10-18 10:18:40 - [TEST_STEP][PASSED] - else: Delayed 1 second(s)

2021-10-18 10:18:40 - [TEST_STEP][PASSED] - setText(findTestObject("Mobile/Page/Register/Not Registered/Informasi Pribadi/Date Picker - Edit Text Date"), birthdate, 0): Text '1/1/1998' has been set to element 'Object Repository/Mobile/Page/Register/Not Registered/Informasi Pribadi/Date Picker - Edit Text Date'

2021-10-18 10:18:41 - [MESSAGE][WARNING] - Timeout '0' is invalid. Using default page load timeout: '60'

2021-10-18 10:18:43 - [MESSAGE][PASSED] - Text '1/1/1998' has been set to element 'Object Repository/Mobile/Page/Register/Not Registered/Informasi Pribadi/Date Picker - Edit Text Date'

2021-10-18 10:18:43 - [TEST_STEP][PASSED] - tap(findTestObject("Mobile/Page/Register/Not Registered/Informasi Pribadi/Date Picker - Button OK"), 0, STOP_ON_FAILURE): Tapped on element 'Object Repository/Mobile/Page/Register/Not Registered/Informasi Pribadi/Date Picker - Button OK'

2021-10-18 10:18:43 - [MESSAGE][WARNING] - Timeout '0' is invalid. Using default page load timeout: '60'

2021-10-18 10:18:44 - [MESSAGE][PASSED] - Tapped on element 'Object Repository/Mobile/Page/Register/Not Registered/Informasi Pribadi/Date Picker - Button OK'

2021-10-18 10:18:44 - [TEST_STEP][PASSED] - delay(1): Delayed 1 second(s)

2021-10-18 10:18:45 - [MESSAGE][PASSED] - Delayed 1 second(s)

2021-10-18 10:18:45 - [TEST_STEP][PASSED] - if (negativeStatus == "isPhoneNumberNonIndo"): null

2021-10-18 10:18:45 - [TEST_STEP][PASSED] - tap(findTestObject("Object Repository/Mobile/Page/Register/Not Registered/Informasi Pribadi/Dropdown - Flag Phone Number"), 0, STOP_ON_FAILURE): Tapped on element 'Object Repository/Mobile/Page/Register/Not Registered/Informasi Pribadi/Dropdown - Flag Phone Number'

2021-10-18 10:18:45 - [MESSAGE][WARNING] - Timeout '0' is invalid. Using default page load timeout: '60'

2021-10-18 10:18:47 - [MESSAGE][PASSED] - Tapped on element 'Object Repository/Mobile/Page/Register/Not Registered/Informasi Pribadi/Dropdown - Flag Phone Number'

2021-10-18 10:18:47 - [TEST_STEP][PASSED] - tap(findTestObject("Object Repository/Mobile/Page/Register/Not Registered/Informasi Pribadi/Edit Text - Search Flag"), 0, STOP_ON_FAILURE): Tapped on element 'Object Repository/Mobile/Page/Register/Not Registered/Informasi Pribadi/Edit Text - Search Flag'

2021-10-18 10:18:47 - [MESSAGE][WARNING] - Timeout '0' is invalid. Using default page load timeout: '60'

2021-10-18 10:18:47 - [MESSAGE][PASSED] - Tapped on element 'Object Repository/Mobile/Page/Register/Not Registered/Informasi Pribadi/Edit Text - Search Flag'

2021-10-18 10:18:47 - [TEST_STEP][PASSED] - setText(findTestObject("Object Repository/Mobile/Page/Register/Not Registered/Informasi Pribadi/Edit Text - Search Flag"), flag, 0): Text 'indonesia' has been set to element 'Object Repository/Mobile/Page/Register/Not Registered/Informasi Pribadi/Edit Text - Search Flag'

2021-10-18 10:18:47 - [MESSAGE][WARNING] - Timeout '0' is invalid. Using default page load timeout: '60'

2021-10-18 10:18:49 - [MESSAGE][PASSED] - Text 'indonesia' has been set to element 'Object Repository/Mobile/Page/Register/Not Registered/Informasi Pribadi/Edit Text - Search Flag'

2021-10-18 10:18:49 - [TEST_STEP][PASSED] - tap(findTestObject("Mobile/Page/Register/Not Registered/Informasi Pribadi/Item Flag - Top Search"), 0, STOP_ON_FAILURE): Tapped on element 'Object Repository/Mobile/Page/Register/Not Registered/Informasi Pribadi/Item Flag - Top Search'

2021-10-18 10:18:49 - [MESSAGE][WARNING] - Timeout '0' is invalid. Using default page load timeout: '60'

2021-10-18 10:18:51 - [MESSAGE][PASSED] - Tapped on element 'Object Repository/Mobile/Page/Register/Not Registered/Informasi Pribadi/Item Flag - Top Search'

2021-10-18 10:18:51 - [TEST_STEP][PASSED] - tap(findTestObject("Object Repository/Mobile/Page/Register/Not Registered/Informasi Pribadi/Edit Text - Phone Number"), 0, STOP_ON_FAILURE): Tapped on element 'Object Repository/Mobile/Page/Register/Not Registered/Informasi Pribadi/Edit Text - Phone Number'

2021-10-18 10:18:51 - [MESSAGE][WARNING] - Timeout '0' is invalid. Using default page load timeout: '60'

2021-10-18 10:18:51 - [MESSAGE][PASSED] - Tapped on element 'Object Repository/Mobile/Page/Register/Not Registered/Informasi Pribadi/Edit Text - Phone Number'

2021-10-18 10:18:51 - [TEST_STEP][PASSED] - setText(findTestObject("Object Repository/Mobile/Page/Register/Not Registered/Informasi Pribadi/Edit Text - Phone Number"), phone, 0): Text '082257812278' has been set to element 'Object Repository/Mobile/Page/Register/Not Registered/Informasi Pribadi/Edit Text - Phone Number'

2021-10-18 10:18:51 - [MESSAGE][WARNING] - Timeout '0' is invalid. Using default page load timeout: '60'

2021-10-18 10:18:52 - [MESSAGE][PASSED] - Text '082257812278' has been set to element 'Object Repository/Mobile/Page/Register/Not Registered/Informasi Pribadi/Edit Text - Phone Number'

2021-10-18 10:18:52 - [TEST_STEP][PASSED] - hideKeyboard(): Keyboard is hidden

2021-10-18 10:18:59 - [MESSAGE][PASSED] - Keyboard is hidden

2021-10-18 10:18:59 - [TEST_STEP][PASSED] - delay(1): Delayed 1 second(s)

2021-10-18 10:19:00 - [MESSAGE][PASSED] - Delayed 1 second(s)

2021-10-18 10:19:00 - [TEST_STEP][PASSED] - tap(findTestObject("Object Repository/Mobile/Page/Register/Not Registered/Informasi Pribadi/Dropdown - Flag Re Phone Number"), 0, STOP_ON_FAILURE): Tapped on element 'Object Repository/Mobile/Page/Register/Not Registered/Informasi Pribadi/Dropdown - Flag Re Phone Number'

2021-10-18 10:19:00 - [MESSAGE][WARNING] - Timeout '0' is invalid. Using default page load timeout: '60'

2021-10-18 10:19:01 - [MESSAGE][PASSED] - Tapped on element 'Object Repository/Mobile/Page/Register/Not Registered/Informasi Pribadi/Dropdown - Flag Re Phone Number'

2021-10-18 10:19:01 - [TEST_STEP][PASSED] - tap(findTestObject("Object Repository/Mobile/Page/Register/Not Registered/Informasi Pribadi/Edit Text - Search Flag"), 0, STOP_ON_FAILURE): Tapped on element 'Object Repository/Mobile/Page/Register/Not Registered/Informasi Pribadi/Edit Text - Search Flag'

2021-10-18 10:19:01 - [MESSAGE][WARNING] - Timeout '0' is invalid. Using default page load timeout: '60'

2021-10-18 10:19:02 - [MESSAGE][PASSED] - Tapped on element 'Object Repository/Mobile/Page/Register/Not Registered/Informasi Pribadi/Edit Text - Search Flag'

2021-10-18 10:19:02 - [TEST_STEP][PASSED] - setText(findTestObject("Object Repository/Mobile/Page/Register/Not Registered/Informasi Pribadi/Edit Text - Search Flag"), flag, 0): Text 'indonesia' has been set to element 'Object Repository/Mobile/Page/Register/Not Registered/Informasi Pribadi/Edit Text - Search Flag'

2021-10-18 10:19:02 - [MESSAGE][WARNING] - Timeout '0' is invalid. Using default page load timeout: '60'

2021-10-18 10:19:03 - [MESSAGE][PASSED] - Text 'indonesia' has been set to element 'Object Repository/Mobile/Page/Register/Not Registered/Informasi Pribadi/Edit Text - Search Flag'

2021-10-18 10:19:03 - [TEST_STEP][PASSED] - tap(findTestObject("Mobile/Page/Register/Not Registered/Informasi Pribadi/Item Flag - Top Search"), 0, STOP_ON_FAILURE): Tapped on element 'Object Repository/Mobile/Page/Register/Not Registered/Informasi Pribadi/Item Flag - Top Search'

2021-10-18 10:19:03 - [MESSAGE][WARNING] - Timeout '0' is invalid. Using default page load timeout: '60'

2021-10-18 10:19:05 - [MESSAGE][PASSED] - Tapped on element 'Object Repository/Mobile/Page/Register/Not Registered/Informasi Pribadi/Item Flag - Top Search'

2021-10-18 10:19:05 - [TEST_STEP][PASSED] - tap(findTestObject("Object Repository/Mobile/Page/Register/Not Registered/Informasi Pribadi/Edit Text - Re Phone Number"), 0, STOP_ON_FAILURE): Tapped on element 'Object Repository/Mobile/Page/Register/Not Registered/Informasi Pribadi/Edit Text - Re Phone Number'

2021-10-18 10:19:05 - [MESSAGE][WARNING] - Timeout '0' is invalid. Using default page load timeout: '60'

2021-10-18 10:19:05 - [MESSAGE][PASSED] - Tapped on element 'Object Repository/Mobile/Page/Register/Not Registered/Informasi Pribadi/Edit Text - Re Phone Number'

2021-10-18 10:19:05 - [TEST_STEP][PASSED] - setText(findTestObject("Object Repository/Mobile/Page/Register/Not Registered/Informasi Pribadi/Edit Text - Re Phone Number"), phone, 0): Text '082257812278' has been set to element 'Object Repository/Mobile/Page/Register/Not Registered/Informasi Pribadi/Edit Text - Re Phone Number'

2021-10-18 10:19:05 - [MESSAGE][WARNING] - Timeout '0' is invalid. Using default page load timeout: '60'

2021-10-18 10:19:06 - [MESSAGE][PASSED] - Text '082257812278' has been set to element 'Object Repository/Mobile/Page/Register/Not Registered/Informasi Pribadi/Edit Text - Re Phone Number'

2021-10-18 10:19:06 - [TEST_STEP][PASSED] - hideKeyboard(): Keyboard is hidden

2021-10-18 10:19:12 - [MESSAGE][PASSED] - Keyboard is hidden

2021-10-18 10:19:12 - [TEST_STEP][PASSED] - delay(1): Delayed 1 second(s)

2021-10-18 10:19:13 - [MESSAGE][PASSED] - Delayed 1 second(s)

2021-10-18 10:19:13 - [TEST_STEP][PASSED] - if (negativeStatus == "isCheckEmailRegistered"): null

2021-10-18 10:19:13 - [TEST_STEP][PASSED] - else: Delayed 1 second(s)

2021-10-18 10:19:13 - [TEST_STEP][PASSED] - tap(findTestObject("Object Repository/Mobile/Page/Register/Not Registered/Informasi Pribadi/Edit Text - Email"), 0, STOP_ON_FAILURE): Tapped on element 'Object Repository/Mobile/Page/Register/Not Registered/Informasi Pribadi/Edit Text - Email'

2021-10-18 10:19:13 - [MESSAGE][WARNING] - Timeout '0' is invalid. Using default page load timeout: '60'

2021-10-18 10:19:14 - [MESSAGE][PASSED] - Tapped on element 'Object Repository/Mobile/Page/Register/Not Registered/Informasi Pribadi/Edit Text - Email'

2021-10-18 10:19:14 - [TEST_STEP][PASSED] - setText(findTestObject("Object Repository/Mobile/Page/Register/Not Registered/Informasi Pribadi/Edit Text - Email"), email, 0): Text 'qatestingdLLxQtPGJo@gmail.com' has been set to element 'Object Repository/Mobile/Page/Register/Not Registered/Informasi Pribadi/Edit Text - Email'

2021-10-18 10:19:14 - [MESSAGE][WARNING] - Timeout '0' is invalid. Using default page load timeout: '60'

2021-10-18 10:19:15 - [MESSAGE][PASSED] - Text 'qatestingdLLxQtPGJo@gmail.com' has been set to element 'Object Repository/Mobile/Page/Register/Not Registered/Informasi Pribadi/Edit Text - Email'

2021-10-18 10:19:15 - [TEST_STEP][PASSED] - hideKeyboard(): Keyboard is hidden

2021-10-18 10:19:19 - [MESSAGE][PASSED] - Keyboard is hidden

2021-10-18 10:19:19 - [TEST_STEP][PASSED] - delay(1): Delayed 1 second(s)

2021-10-18 10:19:20 - [MESSAGE][PASSED] - Delayed 1 second(s)

2021-10-18 10:19:20 - [TEST_STEP][PASSED] - if (negativeStatus == "isCheckEmailMatch"): null

2021-10-18 10:19:20 - [TEST_STEP][PASSED] - else: Delayed 1 second(s)

2021-10-18 10:19:20 - [TEST_STEP][PASSED] - tap(findTestObject("Object Repository/Mobile/Page/Register/Not Registered/Informasi Pribadi/Edit Text - Re Email"), 0, STOP_ON_FAILURE): Tapped on element 'Object Repository/Mobile/Page/Register/Not Registered/Informasi Pribadi/Edit Text - Re Email'

2021-10-18 10:19:20 - [MESSAGE][WARNING] - Timeout '0' is invalid. Using default page load timeout: '60'

2021-10-18 10:19:20 - [MESSAGE][PASSED] - Tapped on element 'Object Repository/Mobile/Page/Register/Not Registered/Informasi Pribadi/Edit Text - Re Email'

2021-10-18 10:19:20 - [TEST_STEP][PASSED] - setText(findTestObject("Object Repository/Mobile/Page/Register/Not Registered/Informasi Pribadi/Edit Text - Re Email"), email, 0): Text 'qatestingdLLxQtPGJo@gmail.com' has been set to element 'Object Repository/Mobile/Page/Register/Not Registered/Informasi Pribadi/Edit Text - Re Email'

2021-10-18 10:19:20 - [MESSAGE][WARNING] - Timeout '0' is invalid. Using default page load timeout: '60'

2021-10-18 10:19:22 - [MESSAGE][PASSED] - Text 'qatestingdLLxQtPGJo@gmail.com' has been set to element 'Object Repository/Mobile/Page/Register/Not Registered/Informasi Pribadi/Edit Text - Re Email'

2021-10-18 10:19:22 - [TEST_STEP][PASSED] - hideKeyboard(): Keyboard is hidden

2021-10-18 10:19:25 - [MESSAGE][PASSED] - Keyboard is hidden

2021-10-18 10:19:25 - [TEST_STEP][PASSED] - delay(1): Delayed 1 second(s)

2021-10-18 10:19:26 - [MESSAGE][PASSED] - Delayed 1 second(s)

2021-10-18 10:19:26 - [TEST_STEP][PASSED] - if (negativeStatus == "isPasswordNumberOnly"): null

2021-10-18 10:19:26 - [TEST_STEP][PASSED] - else: Delayed 1 second(s)

2021-10-18 10:19:26 - [TEST_STEP][PASSED] - tap(findTestObject("Object Repository/Mobile/Page/Register/Not Registered/Informasi Pribadi/Edit Text - Password"), 0, STOP_ON_FAILURE): Tapped on element 'Object Repository/Mobile/Page/Register/Not Registered/Informasi Pribadi/Edit Text - Password'

2021-10-18 10:19:26 - [MESSAGE][WARNING] - Timeout '0' is invalid. Using default page load timeout: '60'

2021-10-18 10:19:27 - [MESSAGE][PASSED] - Tapped on element 'Object Repository/Mobile/Page/Register/Not Registered/Informasi Pribadi/Edit Text - Password'

2021-10-18 10:19:27 - [TEST_STEP][PASSED] - setText(findTestObject("Object Repository/Mobile/Page/Register/Not Registered/Informasi Pribadi/Edit Text - Password"), password, 0): Text 'Mirae1234' has been set to element 'Object Repository/Mobile/Page/Register/Not Registered/Informasi Pribadi/Edit Text - Password'

2021-10-18 10:19:27 - [MESSAGE][WARNING] - Timeout '0' is invalid. Using default page load timeout: '60'

2021-10-18 10:19:28 - [MESSAGE][PASSED] - Text 'Mirae1234' has been set to element 'Object Repository/Mobile/Page/Register/Not Registered/Informasi Pribadi/Edit Text - Password'

2021-10-18 10:19:28 - [TEST_STEP][PASSED] - hideKeyboard(): Keyboard is hidden

2021-10-18 10:19:35 - [MESSAGE][PASSED] - Keyboard is hidden

2021-10-18 10:19:35 - [TEST_STEP][PASSED] - delay(1): Delayed 1 second(s)

2021-10-18 10:19:36 - [MESSAGE][PASSED] - Delayed 1 second(s)

2021-10-18 10:19:36 - [TEST_STEP][PASSED] - tap(findTestObject("Object Repository/Mobile/Page/Register/Not Registered/Informasi Pribadi/Edit Text - Re Password"), 0, STOP_ON_FAILURE): Tapped on element 'Object Repository/Mobile/Page/Register/Not Registered/Informasi Pribadi/Edit Text - Re Password'

2021-10-18 10:19:36 - [MESSAGE][WARNING] - Timeout '0' is invalid. Using default page load timeout: '60'

2021-10-18 10:19:36 - [MESSAGE][PASSED] - Tapped on element 'Object Repository/Mobile/Page/Register/Not Registered/Informasi Pribadi/Edit Text - Re Password'

2021-10-18 10:19:36 - [TEST_STEP][PASSED] - setText(findTestObject("Object Repository/Mobile/Page/Register/Not Registered/Informasi Pribadi/Edit Text - Re Password"), password, 0): Text 'Mirae1234' has been set to element 'Object Repository/Mobile/Page/Register/Not Registered/Informasi Pribadi/Edit Text - Re Password'

2021-10-18 10:19:36 - [MESSAGE][WARNING] - Timeout '0' is invalid. Using default page load timeout: '60'

2021-10-18 10:19:38 - [MESSAGE][PASSED] - Text 'Mirae1234' has been set to element 'Object Repository/Mobile/Page/Register/Not Registered/Informasi Pribadi/Edit Text - Re Password'

2021-10-18 10:19:38 - [TEST_STEP][PASSED] - hideKeyboard(): Keyboard is hidden

2021-10-18 10:19:44 - [MESSAGE][PASSED] - Keyboard is hidden

2021-10-18 10:19:44 - [TEST_STEP][PASSED] - delay(1): Delayed 1 second(s)

2021-10-18 10:19:45 - [MESSAGE][PASSED] - Delayed 1 second(s)

2021-10-18 10:19:45 - [TEST_STEP][PASSED] - if (isBedaAlamat == 1): Delayed 1 second(s)

2021-10-18 10:19:45 - [TEST_STEP][PASSED] - tap(findTestObject("Object Repository/Mobile/Page/Register/Not Registered/Informasi Pribadi/Radio Button - Address different"), 0, STOP_ON_FAILURE): Tapped on element 'Object Repository/Mobile/Page/Register/Not Registered/Informasi Pribadi/Radio Button - Address different'

2021-10-18 10:19:45 - [MESSAGE][WARNING] - Timeout '0' is invalid. Using default page load timeout: '60'

2021-10-18 10:19:46 - [MESSAGE][PASSED] - Tapped on element 'Object Repository/Mobile/Page/Register/Not Registered/Informasi Pribadi/Radio Button - Address different'

2021-10-18 10:19:46 - [TEST_STEP][PASSED] - delay(1): Delayed 1 second(s)

2021-10-18 10:19:47 - [MESSAGE][PASSED] - Delayed 1 second(s)

2021-10-18 10:19:47 - [TEST_STEP][PASSED] - tap(findTestObject("Object Repository/Mobile/Page/Register/Not Registered/Informasi Pribadi/Address Different/Edit Text - Mailing Address"), 0, STOP_ON_FAILURE): Tapped on element 'Object Repository/Mobile/Page/Register/Not Registered/Informasi Pribadi/Address Different/Edit Text - Mailing Address'

2021-10-18 10:19:47 - [MESSAGE][WARNING] - Timeout '0' is invalid. Using default page load timeout: '60'

2021-10-18 10:19:47 - [MESSAGE][PASSED] - Tapped on element 'Object Repository/Mobile/Page/Register/Not Registered/Informasi Pribadi/Address Different/Edit Text - Mailing Address'

2021-10-18 10:19:47 - [TEST_STEP][PASSED] - setText(findTestObject("Object Repository/Mobile/Page/Register/Not Registered/Informasi Pribadi/Address Different/Edit Text - Mailing Address"), alamat, 0): Text 'Jl. Cempaka Putih Barat 12 F No.12, RT.8/RW.8' has been set to element 'Object Repository/Mobile/Page/Register/Not Registered/Informasi Pribadi/Address Different/Edit Text - Mailing Address'

2021-10-18 10:19:47 - [MESSAGE][WARNING] - Timeout '0' is invalid. Using default page load timeout: '60'

2021-10-18 10:19:49 - [MESSAGE][PASSED] - Text 'Jl. Cempaka Putih Barat 12 F No.12, RT.8/RW.8' has been set to element 'Object Repository/Mobile/Page/Register/Not Registered/Informasi Pribadi/Address Different/Edit Text - Mailing Address'

2021-10-18 10:19:49 - [TEST_STEP][PASSED] - hideKeyboard(): Keyboard is hidden

2021-10-18 10:19:52 - [MESSAGE][PASSED] - Keyboard is hidden

2021-10-18 10:19:52 - [TEST_STEP][PASSED] - delay(1): Delayed 1 second(s)

2021-10-18 10:19:53 - [MESSAGE][PASSED] - Delayed 1 second(s)

2021-10-18 10:19:53 - [TEST_STEP][PASSED] - tapAndHold(findTestObject("Object Repository/Mobile/Page/Register/Not Registered/Informasi Pribadi/Address Different/Dropdown - Province"), 1, 0, STOP_ON_FAILURE): Tapped and held on element 'Object Repository/Mobile/Page/Register/Not Registered/Informasi Pribadi/Address Different/Dropdown - Province' with duration 1

2021-10-18 10:19:53 - [MESSAGE][WARNING] - Timeout '0' is invalid. Using default page load timeout: '60'

2021-10-18 10:19:56 - [MESSAGE][PASSED] - Tapped and held on element 'Object Repository/Mobile/Page/Register/Not Registered/Informasi Pribadi/Address Different/Dropdown - Province' with duration 1

2021-10-18 10:19:56 - [TEST_STEP][PASSED] - tap(findTestObject("Object Repository/Mobile/Page/Register/Not Registered/Informasi Pribadi/Address Different/Dropdown - Province Option DKI Jakarta"), 0, STOP_ON_FAILURE): Tapped on element 'Object Repository/Mobile/Page/Register/Not Registered/Informasi Pribadi/Address Different/Dropdown - Province Option DKI Jakarta'

2021-10-18 10:19:56 - [MESSAGE][WARNING] - Timeout '0' is invalid. Using default page load timeout: '60'

2021-10-18 10:19:58 - [MESSAGE][PASSED] - Tapped on element 'Object Repository/Mobile/Page/Register/Not Registered/Informasi Pribadi/Address Different/Dropdown - Province Option DKI Jakarta'

2021-10-18 10:19:58 - [TEST_STEP][PASSED] - delay(2): Delayed 2 second(s)

2021-10-18 10:20:00 - [MESSAGE][PASSED] - Delayed 2 second(s)

2021-10-18 10:20:00 - [TEST_STEP][PASSED] - hideKeyboard(): Keyboard is hidden

2021-10-18 10:20:04 - [MESSAGE][PASSED] - Keyboard is hidden

2021-10-18 10:20:04 - [TEST_STEP][PASSED] - delay(1): Delayed 1 second(s)

2021-10-18 10:20:05 - [MESSAGE][PASSED] - Delayed 1 second(s)

2021-10-18 10:20:05 - [TEST_STEP][PASSED] - tapAndHold(findTestObject("Object Repository/Mobile/Page/Register/Not Registered/Informasi Pribadi/Address Different/Dropdown - City"), 1, 0, STOP_ON_FAILURE): Tapped and held on element 'Object Repository/Mobile/Page/Register/Not Registered/Informasi Pribadi/Address Different/Dropdown - City' with duration 1

2021-10-18 10:20:05 - [MESSAGE][WARNING] - Timeout '0' is invalid. Using default page load timeout: '60'

2021-10-18 10:20:08 - [MESSAGE][PASSED] - Tapped and held on element 'Object Repository/Mobile/Page/Register/Not Registered/Informasi Pribadi/Address Different/Dropdown - City' with duration 1

2021-10-18 10:20:08 - [TEST_STEP][PASSED] - tap(findTestObject("Object Repository/Mobile/Page/Register/Not Registered/Informasi Pribadi/Address Different/Dropdown - City Option Jakarta Pusat"), 0, STOP_ON_FAILURE): Tapped on element 'Object Repository/Mobile/Page/Register/Not Registered/Informasi Pribadi/Address Different/Dropdown - City Option Jakarta Pusat'

2021-10-18 10:20:08 - [MESSAGE][WARNING] - Timeout '0' is invalid. Using default page load timeout: '60'

2021-10-18 10:20:09 - [MESSAGE][PASSED] - Tapped on element 'Object Repository/Mobile/Page/Register/Not Registered/Informasi Pribadi/Address Different/Dropdown - City Option Jakarta Pusat'

2021-10-18 10:20:09 - [TEST_STEP][PASSED] - delay(2): Delayed 2 second(s)

2021-10-18 10:20:11 - [MESSAGE][PASSED] - Delayed 2 second(s)

2021-10-18 10:20:11 - [TEST_STEP][PASSED] - hideKeyboard(): Keyboard is hidden

2021-10-18 10:20:15 - [MESSAGE][PASSED] - Keyboard is hidden

2021-10-18 10:20:15 - [TEST_STEP][PASSED] - delay(1): Delayed 1 second(s)

2021-10-18 10:20:16 - [MESSAGE][PASSED] - Delayed 1 second(s)

2021-10-18 10:20:16 - [TEST_STEP][PASSED] - if (negativeStatus == "isPostalCodeIncorrect"): null

2021-10-18 10:20:16 - [TEST_STEP][PASSED] - else: Delayed 1 second(s)

2021-10-18 10:20:16 - [TEST_STEP][PASSED] - tap(findTestObject("Object Repository/Mobile/Page/Register/Not Registered/Informasi Pribadi/Address Different/Edit Text - Postal Code"), 0, STOP_ON_FAILURE): Tapped on element 'Object Repository/Mobile/Page/Register/Not Registered/Informasi Pribadi/Address Different/Edit Text - Postal Code'

2021-10-18 10:20:16 - [MESSAGE][WARNING] - Timeout '0' is invalid. Using default page load timeout: '60'

2021-10-18 10:20:16 - [MESSAGE][PASSED] - Tapped on element 'Object Repository/Mobile/Page/Register/Not Registered/Informasi Pribadi/Address Different/Edit Text - Postal Code'

2021-10-18 10:20:16 - [TEST_STEP][PASSED] - setText(findTestObject("Object Repository/Mobile/Page/Register/Not Registered/Informasi Pribadi/Address Different/Edit Text - Postal Code"), kodepos, 0): Text '15412' has been set to element 'Object Repository/Mobile/Page/Register/Not Registered/Informasi Pribadi/Address Different/Edit Text - Postal Code'

2021-10-18 10:20:16 - [MESSAGE][WARNING] - Timeout '0' is invalid. Using default page load timeout: '60'

2021-10-18 10:20:18 - [MESSAGE][PASSED] - Text '15412' has been set to element 'Object Repository/Mobile/Page/Register/Not Registered/Informasi Pribadi/Address Different/Edit Text - Postal Code'

2021-10-18 10:20:18 - [TEST_STEP][PASSED] - hideKeyboard(): Keyboard is hidden

2021-10-18 10:20:24 - [MESSAGE][PASSED] - Keyboard is hidden

2021-10-18 10:20:24 - [TEST_STEP][PASSED] - delay(1): Delayed 1 second(s)

2021-10-18 10:20:25 - [MESSAGE][PASSED] - Delayed 1 second(s)

2021-10-18 10:20:25 - [TEST_STEP][PASSED] - tap(findTestObject("Object Repository/Mobile/Page/Register/Not Registered/Informasi Pribadi/Button - Icon KTP"), 0, STOP_ON_FAILURE): Tapped on element 'Object Repository/Mobile/Page/Register/Not Registered/Informasi Pribadi/Button - Icon KTP'

2021-10-18 10:20:25 - [MESSAGE][WARNING] - Timeout '0' is invalid. Using default page load timeout: '60'

2021-10-18 10:20:26 - [MESSAGE][PASSED] - Tapped on element 'Object Repository/Mobile/Page/Register/Not Registered/Informasi Pribadi/Button - Icon KTP'

2021-10-18 10:20:26 - [TEST_STEP][PASSED] - permission = verifyElementExist(findTestObject("Object Repository/Mobile/Page/Register/Not Registered/Informasi Pribadi/Permission - Only this time"), 1, OPTIONAL): Element 'Object Repository/Mobile/Page/Register/Not Registered/Informasi Pribadi/Permission - Only this time' is exist

2021-10-18 10:20:27 - [MESSAGE][PASSED] - Element 'Object Repository/Mobile/Page/Register/Not Registered/Informasi Pribadi/Permission - Only this time' is exist

2021-10-18 10:20:27 - [TEST_STEP][PASSED] - if (permission): Tapped on element 'Object Repository/Mobile/Page/Register/Not Registered/Informasi Pribadi/Permission - Only this time'

2021-10-18 10:20:27 - [TEST_STEP][PASSED] - tap(findTestObject("Object Repository/Mobile/Page/Register/Not Registered/Informasi Pribadi/Permission - Only this time"), 0, STOP_ON_FAILURE): Tapped on element 'Object Repository/Mobile/Page/Register/Not Registered/Informasi Pribadi/Permission - Only this time'

2021-10-18 10:20:27 - [MESSAGE][WARNING] - Timeout '0' is invalid. Using default page load timeout: '60'

2021-10-18 10:20:27 - [MESSAGE][PASSED] - Tapped on element 'Object Repository/Mobile/Page/Register/Not Registered/Informasi Pribadi/Permission - Only this time'

2021-10-18 10:20:27 - [TEST_STEP][PASSED] - permission = verifyElementExist(findTestObject("Object Repository/Mobile/Page/Register/Not Registered/Informasi Pribadi/Permission - Only this time"), 1, OPTIONAL): Element 'Object Repository/Mobile/Page/Register/Not Registered/Informasi Pribadi/Permission - Only this time' is exist

2021-10-18 10:20:28 - [MESSAGE][PASSED] - Element 'Object Repository/Mobile/Page/Register/Not Registered/Informasi Pribadi/Permission - Only this time' is exist

2021-10-18 10:20:28 - [TEST_STEP][PASSED] - if (permission): Tapped on element 'Object Repository/Mobile/Page/Register/Not Registered/Informasi Pribadi/Permission - Only this time'

2021-10-18 10:20:28 - [TEST_STEP][PASSED] - tap(findTestObject("Object Repository/Mobile/Page/Register/Not Registered/Informasi Pribadi/Permission - Only this time"), 0, STOP_ON_FAILURE): Tapped on element 'Object Repository/Mobile/Page/Register/Not Registered/Informasi Pribadi/Permission - Only this time'

2021-10-18 10:20:28 - [MESSAGE][WARNING] - Timeout '0' is invalid. Using default page load timeout: '60'

2021-10-18 10:20:28 - [MESSAGE][PASSED] - Tapped on element 'Object Repository/Mobile/Page/Register/Not Registered/Informasi Pribadi/Permission - Only this time'

2021-10-18 10:20:28 - [TEST_STEP][PASSED] - tap(findTestObject("Object Repository/Mobile/Page/Register/Not Registered/Informasi Pribadi/Button - Capture KTP"), 0, STOP_ON_FAILURE): Tapped on element 'Object Repository/Mobile/Page/Register/Not Registered/Informasi Pribadi/Button - Capture KTP'

2021-10-18 10:20:28 - [MESSAGE][WARNING] - Timeout '0' is invalid. Using default page load timeout: '60'

2021-10-18 10:20:30 - [MESSAGE][PASSED] - Tapped on element 'Object Repository/Mobile/Page/Register/Not Registered/Informasi Pribadi/Button - Capture KTP'

2021-10-18 10:20:30 - [TEST_STEP][PASSED] - delay(2): Delayed 2 second(s)

2021-10-18 10:20:32 - [MESSAGE][PASSED] - Delayed 2 second(s)

2021-10-18 10:20:32 - [TEST_STEP][PASSED] - scroll.scroll.scrollLeftToRight(findTestObject("Object Repository/Mobile/Page/Register/Not Registered/Informasi Pribadi/Slider - Edit Photo Scale")): scroll.scroll.scrollLeftToRight is PASSED

2021-10-18 10:20:32 - [MESSAGE][WARNING] - Timeout '0' is invalid. Using default page load timeout: '60'

2021-10-18 10:20:34 - [MESSAGE][PASSED] - Object 'Object Repository/Mobile/Page/Register/Not Registered/Informasi Pribadi/Slider - Edit Photo Scale' has left position '0'

2021-10-18 10:20:34 - [MESSAGE][WARNING] - Timeout '0' is invalid. Using default page load timeout: '60'

2021-10-18 10:20:34 - [MESSAGE][PASSED] - Object 'Object Repository/Mobile/Page/Register/Not Registered/Informasi Pribadi/Slider - Edit Photo Scale' has top position '1,284'

2021-10-18 10:20:34 - [MESSAGE][WARNING] - Timeout '0' is invalid. Using default page load timeout: '60'

2021-10-18 10:20:34 - [MESSAGE][PASSED] - Object 'Object Repository/Mobile/Page/Register/Not Registered/Informasi Pribadi/Slider - Edit Photo Scale' has width: '720'

2021-10-18 10:20:34 - [MESSAGE][WARNING] - Timeout '0' is invalid. Using default page load timeout: '60'

2021-10-18 10:20:34 - [MESSAGE][PASSED] - Object 'Object Repository/Mobile/Page/Register/Not Registered/Informasi Pribadi/Slider - Edit Photo Scale' has height: '66'

2021-10-18 10:20:36 - [MESSAGE][PASSED] - Swiped from 144,1,317 to 576,1,317

2021-10-18 10:20:36 - [MESSAGE][PASSED] - scroll.scroll.scrollLeftToRight is PASSED

2021-10-18 10:20:36 - [TEST_STEP][PASSED] - tap(findTestObject("Object Repository/Mobile/Page/Register/Not Registered/Informasi Pribadi/Button - Edit Photo Rotate"), 0, STOP_ON_FAILURE): Tapped on element 'Object Repository/Mobile/Page/Register/Not Registered/Informasi Pribadi/Button - Edit Photo Rotate'

2021-10-18 10:20:36 - [MESSAGE][WARNING] - Timeout '0' is invalid. Using default page load timeout: '60'

2021-10-18 10:20:37 - [MESSAGE][PASSED] - Tapped on element 'Object Repository/Mobile/Page/Register/Not Registered/Informasi Pribadi/Button - Edit Photo Rotate'

2021-10-18 10:20:37 - [TEST_STEP][PASSED] - tap(findTestObject("Object Repository/Mobile/Page/Register/Not Registered/Informasi Pribadi/Button - Edit Photo Rotate 90 degree"), 0, STOP_ON_FAILURE): Tapped on element 'Object Repository/Mobile/Page/Register/Not Registered/Informasi Pribadi/Button - Edit Photo Rotate 90 degree'

2021-10-18 10:20:37 - [MESSAGE][WARNING] - Timeout '0' is invalid. Using default page load timeout: '60'

2021-10-18 10:20:39 - [MESSAGE][PASSED] - Tapped on element 'Object Repository/Mobile/Page/Register/Not Registered/Informasi Pribadi/Button - Edit Photo Rotate 90 degree'

2021-10-18 10:20:39 - [TEST_STEP][PASSED] - tap(findTestObject("Object Repository/Mobile/Page/Register/Not Registered/Informasi Pribadi/Button - Edit Photo Reset Rotation"), 0, STOP_ON_FAILURE): Tapped on element 'Object Repository/Mobile/Page/Register/Not Registered/Informasi Pribadi/Button - Edit Photo Reset Rotation'

2021-10-18 10:20:39 - [MESSAGE][WARNING] - Timeout '0' is invalid. Using default page load timeout: '60'

2021-10-18 10:20:39 - [MESSAGE][PASSED] - Tapped on element 'Object Repository/Mobile/Page/Register/Not Registered/Informasi Pribadi/Button - Edit Photo Reset Rotation'

2021-10-18 10:20:39 - [TEST_STEP][PASSED] - scroll.scroll.scrollLeftToRight(findTestObject("Object Repository/Mobile/Page/Register/Not Registered/Informasi Pribadi/Slider - Edit Photo Rotate")): scroll.scroll.scrollLeftToRight is PASSED

2021-10-18 10:20:39 - [MESSAGE][WARNING] - Timeout '0' is invalid. Using default page load timeout: '60'

2021-10-18 10:20:40 - [MESSAGE][PASSED] - Object 'Object Repository/Mobile/Page/Register/Not Registered/Informasi Pribadi/Slider - Edit Photo Rotate' has left position '88'

2021-10-18 10:20:40 - [MESSAGE][WARNING] - Timeout '0' is invalid. Using default page load timeout: '60'

2021-10-18 10:20:40 - [MESSAGE][PASSED] - Object 'Object Repository/Mobile/Page/Register/Not Registered/Informasi Pribadi/Slider - Edit Photo Rotate' has top position '1,284'

2021-10-18 10:20:40 - [MESSAGE][WARNING] - Timeout '0' is invalid. Using default page load timeout: '60'

2021-10-18 10:20:40 - [MESSAGE][PASSED] - Object 'Object Repository/Mobile/Page/Register/Not Registered/Informasi Pribadi/Slider - Edit Photo Rotate' has width: '544'

2021-10-18 10:20:40 - [MESSAGE][WARNING] - Timeout '0' is invalid. Using default page load timeout: '60'

2021-10-18 10:20:41 - [MESSAGE][PASSED] - Object 'Object Repository/Mobile/Page/Register/Not Registered/Informasi Pribadi/Slider - Edit Photo Rotate' has height: '66'

2021-10-18 10:20:42 - [MESSAGE][PASSED] - Swiped from 196,1,317 to 523,1,317

2021-10-18 10:20:42 - [MESSAGE][PASSED] - scroll.scroll.scrollLeftToRight is PASSED

2021-10-18 10:20:42 - [TEST_STEP][PASSED] - tap(findTestObject("Object Repository/Mobile/Page/Register/Not Registered/Informasi Pribadi/Button - Edit Photo Confirm"), 0, STOP_ON_FAILURE): Tapped on element 'Object Repository/Mobile/Page/Register/Not Registered/Informasi Pribadi/Button - Edit Photo Confirm'

2021-10-18 10:20:42 - [MESSAGE][WARNING] - Timeout '0' is invalid. Using default page load timeout: '60'

2021-10-18 10:20:43 - [MESSAGE][PASSED] - Tapped on element 'Object Repository/Mobile/Page/Register/Not Registered/Informasi Pribadi/Button - Edit Photo Confirm'

2021-10-18 10:20:43 - [TEST_STEP][PASSED] - delay(2): Delayed 2 second(s)

2021-10-18 10:20:45 - [MESSAGE][PASSED] - Delayed 2 second(s)

2021-10-18 10:20:45 - [TEST_STEP][PASSED] - hideKeyboard(): Keyboard is hidden

2021-10-18 10:20:51 - [MESSAGE][PASSED] - Keyboard is hidden

2021-10-18 10:20:51 - [TEST_STEP][PASSED] - delay(1): Delayed 1 second(s)

2021-10-18 10:20:52 - [MESSAGE][PASSED] - Delayed 1 second(s)

2021-10-18 10:20:52 - [TEST_STEP][PASSED] - scroll.scroll.scrollToBottomOpenKeyboard(): scroll.scroll.scrollToBottomOpenKeyboard is PASSED

2021-10-18 10:20:53 - [MESSAGE][PASSED] - Current device physical height is 1423

2021-10-18 10:20:53 - [MESSAGE][PASSED] - Current device physical width is 720

2021-10-18 10:20:54 - [MESSAGE][PASSED] - Swiped from 360,853 to 360,284

2021-10-18 10:20:54 - [MESSAGE][PASSED] - scroll.scroll.scrollToBottomOpenKeyboard is PASSED

2021-10-18 10:20:54 - [TEST_STEP][PASSED] - tap(findTestObject("Object Repository/Mobile/Page/Register/Not Registered/Informasi Pribadi/Button - Icon Face with KTP"), 0, STOP_ON_FAILURE): Tapped on element 'Object Repository/Mobile/Page/Register/Not Registered/Informasi Pribadi/Button - Icon Face with KTP'

2021-10-18 10:20:54 - [MESSAGE][WARNING] - Timeout '0' is invalid. Using default page load timeout: '60'

2021-10-18 10:20:54 - [MESSAGE][PASSED] - Tapped on element 'Object Repository/Mobile/Page/Register/Not Registered/Informasi Pribadi/Button - Icon Face with KTP'

2021-10-18 10:20:54 - [TEST_STEP][PASSED] - permission = verifyElementExist(findTestObject("Object Repository/Mobile/Page/Register/Not Registered/Informasi Pribadi/Permission - Only this time"), 1, OPTIONAL): Element 'Object Repository/Mobile/Page/Register/Not Registered/Informasi Pribadi/Permission - Only this time' not found

2021-10-18 10:20:57 - [MESSAGE][WARNING] - Element 'Object Repository/Mobile/Page/Register/Not Registered/Informasi Pribadi/Permission - Only this time' not found
[[ATTACHMENT|C:\\Users\\Owner\\Documents\\kerjaan\\KatalonProject\\qa-katalon-maxfund\\Reports\\20211018_100502\\Register\\20211018_100502\\1634527255965.png]]

2021-10-18 10:20:57 - [TEST_STEP][PASSED] - if (permission): null

2021-10-18 10:20:57 - [TEST_STEP][PASSED] - permission = verifyElementExist(findTestObject("Object Repository/Mobile/Page/Register/Not Registered/Informasi Pribadi/Permission - Only this time"), 1, OPTIONAL): Element 'Object Repository/Mobile/Page/Register/Not Registered/Informasi Pribadi/Permission - Only this time' not found

2021-10-18 10:21:00 - [MESSAGE][WARNING] - Element 'Object Repository/Mobile/Page/Register/Not Registered/Informasi Pribadi/Permission - Only this time' not found
[[ATTACHMENT|C:\\Users\\Owner\\Documents\\kerjaan\\KatalonProject\\qa-katalon-maxfund\\Reports\\20211018_100502\\Register\\20211018_100502\\1634527258778.png]]

2021-10-18 10:21:00 - [TEST_STEP][PASSED] - if (permission): null

2021-10-18 10:21:00 - [TEST_STEP][PASSED] - tap(findTestObject("Object Repository/Mobile/Page/Register/Not Registered/Informasi Pribadi/Button - Capture Face with KTP"), 0, STOP_ON_FAILURE): Tapped on element 'Object Repository/Mobile/Page/Register/Not Registered/Informasi Pribadi/Button - Capture Face with KTP'

2021-10-18 10:21:00 - [MESSAGE][WARNING] - Timeout '0' is invalid. Using default page load timeout: '60'

2021-10-18 10:21:02 - [MESSAGE][PASSED] - Tapped on element 'Object Repository/Mobile/Page/Register/Not Registered/Informasi Pribadi/Button - Capture Face with KTP'

2021-10-18 10:21:02 - [TEST_STEP][PASSED] - delay(2): Delayed 2 second(s)

2021-10-18 10:21:04 - [MESSAGE][PASSED] - Delayed 2 second(s)

2021-10-18 10:21:04 - [TEST_STEP][PASSED] - hideKeyboard(): Keyboard is hidden

2021-10-18 10:21:11 - [MESSAGE][PASSED] - Keyboard is hidden

2021-10-18 10:21:11 - [TEST_STEP][PASSED] - delay(1): Delayed 1 second(s)

2021-10-18 10:21:12 - [MESSAGE][PASSED] - Delayed 1 second(s)

2021-10-18 10:21:12 - [TEST_STEP][PASSED] - scroll.scroll.scrollToBottomOpenKeyboard(): scroll.scroll.scrollToBottomOpenKeyboard is PASSED

2021-10-18 10:21:12 - [MESSAGE][PASSED] - Current device physical height is 1423

2021-10-18 10:21:12 - [MESSAGE][PASSED] - Current device physical width is 720

2021-10-18 10:21:13 - [MESSAGE][PASSED] - Swiped from 360,853 to 360,284

2021-10-18 10:21:13 - [MESSAGE][PASSED] - scroll.scroll.scrollToBottomOpenKeyboard is PASSED

2021-10-18 10:21:13 - [TEST_STEP][PASSED] - tap(findTestObject("Object Repository/Mobile/Page/Register/Not Registered/Informasi Pribadi/Radio Button - Low Risk"), 0, STOP_ON_FAILURE): Tapped on element 'Object Repository/Mobile/Page/Register/Not Registered/Informasi Pribadi/Radio Button - Low Risk'

2021-10-18 10:21:13 - [MESSAGE][WARNING] - Timeout '0' is invalid. Using default page load timeout: '60'

2021-10-18 10:21:14 - [MESSAGE][PASSED] - Tapped on element 'Object Repository/Mobile/Page/Register/Not Registered/Informasi Pribadi/Radio Button - Low Risk'

2021-10-18 10:21:14 - [TEST_STEP][PASSED] - delay(1): Delayed 1 second(s)

2021-10-18 10:21:15 - [MESSAGE][PASSED] - Delayed 1 second(s)

2021-10-18 10:21:15 - [TEST_STEP][PASSED] - tap(findTestObject("Object Repository/Mobile/Page/Register/Not Registered/Informasi Pribadi/Radio Button - Medium Risk"), 0, STOP_ON_FAILURE): Tapped on element 'Object Repository/Mobile/Page/Register/Not Registered/Informasi Pribadi/Radio Button - Medium Risk'

2021-10-18 10:21:15 - [MESSAGE][WARNING] - Timeout '0' is invalid. Using default page load timeout: '60'

2021-10-18 10:21:16 - [MESSAGE][PASSED] - Tapped on element 'Object Repository/Mobile/Page/Register/Not Registered/Informasi Pribadi/Radio Button - Medium Risk'

2021-10-18 10:21:16 - [TEST_STEP][PASSED] - delay(1): Delayed 1 second(s)

2021-10-18 10:21:17 - [MESSAGE][PASSED] - Delayed 1 second(s)

2021-10-18 10:21:17 - [TEST_STEP][PASSED] - tap(findTestObject("Object Repository/Mobile/Page/Register/Not Registered/Informasi Pribadi/Radio Button - High Risk"), 0, STOP_ON_FAILURE): Tapped on element 'Object Repository/Mobile/Page/Register/Not Registered/Informasi Pribadi/Radio Button - High Risk'

2021-10-18 10:21:17 - [MESSAGE][WARNING] - Timeout '0' is invalid. Using default page load timeout: '60'

2021-10-18 10:21:18 - [MESSAGE][PASSED] - Tapped on element 'Object Repository/Mobile/Page/Register/Not Registered/Informasi Pribadi/Radio Button - High Risk'

2021-10-18 10:21:18 - [TEST_STEP][PASSED] - delay(1): Delayed 1 second(s)

2021-10-18 10:21:19 - [MESSAGE][PASSED] - Delayed 1 second(s)

2021-10-18 10:21:19 - [TEST_STEP][PASSED] - tap(findTestObject("Object Repository/Mobile/Page/Register/Not Registered/Informasi Pribadi/Button - Next"), 0, STOP_ON_FAILURE): Tapped on element 'Object Repository/Mobile/Page/Register/Not Registered/Informasi Pribadi/Button - Next'

2021-10-18 10:21:19 - [MESSAGE][WARNING] - Timeout '0' is invalid. Using default page load timeout: '60'

2021-10-18 10:21:20 - [MESSAGE][PASSED] - Tapped on element 'Object Repository/Mobile/Page/Register/Not Registered/Informasi Pribadi/Button - Next'

2021-10-18 10:21:20 - [TEST_STEP][PASSED] - delay(1): Delayed 1 second(s)

2021-10-18 10:21:21 - [MESSAGE][PASSED] - Delayed 1 second(s)

2021-10-18 10:21:21 - [TEST_STEP][PASSED] - tapAndHold(findTestObject("Mobile/Page/Register/Not Registered/Akun Bank/Dropdown - Bank"), 1, 0, STOP_ON_FAILURE): Tapped and held on element 'Object Repository/Mobile/Page/Register/Not Registered/Akun Bank/Dropdown - Bank' with duration 1

2021-10-18 10:21:21 - [MESSAGE][WARNING] - Timeout '0' is invalid. Using default page load timeout: '60'

2021-10-18 10:21:24 - [MESSAGE][PASSED] - Tapped and held on element 'Object Repository/Mobile/Page/Register/Not Registered/Akun Bank/Dropdown - Bank' with duration 1

2021-10-18 10:21:24 - [TEST_STEP][PASSED] - tap(findTestObject("Mobile/Page/Register/Not Registered/Akun Bank/Edit Text - Search Bank"), 0, STOP_ON_FAILURE): Tapped on element 'Object Repository/Mobile/Page/Register/Not Registered/Akun Bank/Edit Text - Search Bank'

2021-10-18 10:21:24 - [MESSAGE][WARNING] - Timeout '0' is invalid. Using default page load timeout: '60'

2021-10-18 10:21:24 - [MESSAGE][PASSED] - Tapped on element 'Object Repository/Mobile/Page/Register/Not Registered/Akun Bank/Edit Text - Search Bank'

2021-10-18 10:21:24 - [TEST_STEP][PASSED] - setText(findTestObject("Mobile/Page/Register/Not Registered/Akun Bank/Edit Text - Search Bank"), "citibank", 0, STOP_ON_FAILURE): Text 'citibank' has been set to element 'Object Repository/Mobile/Page/Register/Not Registered/Akun Bank/Edit Text - Search Bank'

2021-10-18 10:21:24 - [MESSAGE][WARNING] - Timeout '0' is invalid. Using default page load timeout: '60'

2021-10-18 10:21:26 - [MESSAGE][PASSED] - Text 'citibank' has been set to element 'Object Repository/Mobile/Page/Register/Not Registered/Akun Bank/Edit Text - Search Bank'

2021-10-18 10:21:26 - [TEST_STEP][PASSED] - driver = getDriver(): null

2021-10-18 10:21:26 - [TEST_STEP][PASSED] - driver.pressKeyCode(ENTER): null

2021-10-18 10:21:26 - [TEST_STEP][PASSED] - tap(findTestObject("Object Repository/Mobile/Page/Register/Not Registered/Akun Bank/Item - Top Search Bank"), 0, STOP_ON_FAILURE): Tapped on element 'Object Repository/Mobile/Page/Register/Not Registered/Akun Bank/Item - Top Search Bank'

2021-10-18 10:21:26 - [MESSAGE][WARNING] - Timeout '0' is invalid. Using default page load timeout: '60'

2021-10-18 10:21:27 - [MESSAGE][PASSED] - Tapped on element 'Object Repository/Mobile/Page/Register/Not Registered/Akun Bank/Item - Top Search Bank'

2021-10-18 10:21:27 - [TEST_STEP][PASSED] - delay(1): Delayed 1 second(s)

2021-10-18 10:21:28 - [MESSAGE][PASSED] - Delayed 1 second(s)

2021-10-18 10:21:28 - [TEST_STEP][PASSED] - tapAndHold(findTestObject("Mobile/Page/Register/Not Registered/Akun Bank/Dropdown - Country"), 1, 0, STOP_ON_FAILURE): Tapped and held on element 'Object Repository/Mobile/Page/Register/Not Registered/Akun Bank/Dropdown - Country' with duration 1

2021-10-18 10:21:28 - [MESSAGE][WARNING] - Timeout '0' is invalid. Using default page load timeout: '60'

2021-10-18 10:21:31 - [MESSAGE][PASSED] - Tapped and held on element 'Object Repository/Mobile/Page/Register/Not Registered/Akun Bank/Dropdown - Country' with duration 1

2021-10-18 10:21:31 - [TEST_STEP][PASSED] - tap(findTestObject("Object Repository/Mobile/Page/Register/Not Registered/Akun Bank/Dropdown - Country Option Indonesia"), 0, STOP_ON_FAILURE): Tapped on element 'Object Repository/Mobile/Page/Register/Not Registered/Akun Bank/Dropdown - Country Option Indonesia'

2021-10-18 10:21:31 - [MESSAGE][WARNING] - Timeout '0' is invalid. Using default page load timeout: '60'

2021-10-18 10:21:32 - [MESSAGE][PASSED] - Tapped on element 'Object Repository/Mobile/Page/Register/Not Registered/Akun Bank/Dropdown - Country Option Indonesia'

2021-10-18 10:21:32 - [TEST_STEP][PASSED] - delay(1): Delayed 1 second(s)

2021-10-18 10:21:33 - [MESSAGE][PASSED] - Delayed 1 second(s)

2021-10-18 10:21:33 - [TEST_STEP][PASSED] - if (negativeStatus == "isBranchNumber"): null

2021-10-18 10:21:33 - [TEST_STEP][PASSED] - else: Delayed 1 second(s)

2021-10-18 10:21:33 - [TEST_STEP][PASSED] - tap(findTestObject("Object Repository/Mobile/Page/Register/Not Registered/Akun Bank/Edit Text - Branch"), 0, STOP_ON_FAILURE): Tapped on element 'Object Repository/Mobile/Page/Register/Not Registered/Akun Bank/Edit Text - Branch'

2021-10-18 10:21:33 - [MESSAGE][WARNING] - Timeout '0' is invalid. Using default page load timeout: '60'

2021-10-18 10:21:34 - [MESSAGE][PASSED] - Tapped on element 'Object Repository/Mobile/Page/Register/Not Registered/Akun Bank/Edit Text - Branch'

2021-10-18 10:21:34 - [TEST_STEP][PASSED] - setText(findTestObject("Object Repository/Mobile/Page/Register/Not Registered/Akun Bank/Edit Text - Branch"), branch, 0, STOP_ON_FAILURE): Text 'qa cabang' has been set to element 'Object Repository/Mobile/Page/Register/Not Registered/Akun Bank/Edit Text - Branch'

2021-10-18 10:21:34 - [MESSAGE][WARNING] - Timeout '0' is invalid. Using default page load timeout: '60'

2021-10-18 10:21:36 - [MESSAGE][PASSED] - Text 'qa cabang' has been set to element 'Object Repository/Mobile/Page/Register/Not Registered/Akun Bank/Edit Text - Branch'

2021-10-18 10:21:36 - [TEST_STEP][PASSED] - hideKeyboard(): Keyboard is hidden

2021-10-18 10:21:40 - [MESSAGE][PASSED] - Keyboard is hidden

2021-10-18 10:21:40 - [TEST_STEP][PASSED] - delay(1): Delayed 1 second(s)

2021-10-18 10:21:41 - [MESSAGE][PASSED] - Delayed 1 second(s)

2021-10-18 10:21:41 - [TEST_STEP][PASSED] - tap(findTestObject("Object Repository/Mobile/Page/Register/Not Registered/Akun Bank/Edit Text - Account Number"), 0, STOP_ON_FAILURE): Tapped on element 'Object Repository/Mobile/Page/Register/Not Registered/Akun Bank/Edit Text - Account Number'

2021-10-18 10:21:41 - [MESSAGE][WARNING] - Timeout '0' is invalid. Using default page load timeout: '60'

2021-10-18 10:21:42 - [MESSAGE][PASSED] - Tapped on element 'Object Repository/Mobile/Page/Register/Not Registered/Akun Bank/Edit Text - Account Number'

2021-10-18 10:21:42 - [TEST_STEP][PASSED] - setText(findTestObject("Object Repository/Mobile/Page/Register/Not Registered/Akun Bank/Edit Text - Account Number"), accountnumber, 0, STOP_ON_FAILURE): Text '222444222444' has been set to element 'Object Repository/Mobile/Page/Register/Not Registered/Akun Bank/Edit Text - Account Number'

2021-10-18 10:21:42 - [MESSAGE][WARNING] - Timeout '0' is invalid. Using default page load timeout: '60'

2021-10-18 10:21:43 - [MESSAGE][PASSED] - Text '222444222444' has been set to element 'Object Repository/Mobile/Page/Register/Not Registered/Akun Bank/Edit Text - Account Number'

2021-10-18 10:21:43 - [TEST_STEP][PASSED] - hideKeyboard(): Keyboard is hidden

2021-10-18 10:21:51 - [MESSAGE][PASSED] - Keyboard is hidden

2021-10-18 10:21:51 - [TEST_STEP][PASSED] - delay(1): Delayed 1 second(s)

2021-10-18 10:21:52 - [MESSAGE][PASSED] - Delayed 1 second(s)

2021-10-18 10:21:52 - [TEST_STEP][PASSED] - if (negativeStatus == "isNameOwnerNotMatch"): null

2021-10-18 10:21:52 - [TEST_STEP][PASSED] - else: Delayed 1 second(s)

2021-10-18 10:21:52 - [TEST_STEP][PASSED] - tap(findTestObject("Object Repository/Mobile/Page/Register/Not Registered/Akun Bank/Edit Text - Name Owner"), 0, STOP_ON_FAILURE): Tapped on element 'Object Repository/Mobile/Page/Register/Not Registered/Akun Bank/Edit Text - Name Owner'

2021-10-18 10:21:52 - [MESSAGE][WARNING] - Timeout '0' is invalid. Using default page load timeout: '60'

2021-10-18 10:21:53 - [MESSAGE][PASSED] - Tapped on element 'Object Repository/Mobile/Page/Register/Not Registered/Akun Bank/Edit Text - Name Owner'

2021-10-18 10:21:53 - [TEST_STEP][PASSED] - setText(findTestObject("Object Repository/Mobile/Page/Register/Not Registered/Akun Bank/Edit Text - Name Owner"), nameowner, 0, STOP_ON_FAILURE): Text 'qatestingdLLxQtPGJo' has been set to element 'Object Repository/Mobile/Page/Register/Not Registered/Akun Bank/Edit Text - Name Owner'

2021-10-18 10:21:53 - [MESSAGE][WARNING] - Timeout '0' is invalid. Using default page load timeout: '60'

2021-10-18 10:21:55 - [MESSAGE][PASSED] - Text 'qatestingdLLxQtPGJo' has been set to element 'Object Repository/Mobile/Page/Register/Not Registered/Akun Bank/Edit Text - Name Owner'

2021-10-18 10:21:55 - [TEST_STEP][PASSED] - hideKeyboard(): Keyboard is hidden

2021-10-18 10:21:58 - [MESSAGE][PASSED] - Keyboard is hidden

2021-10-18 10:21:58 - [TEST_STEP][PASSED] - delay(1): Delayed 1 second(s)

2021-10-18 10:21:59 - [MESSAGE][PASSED] - Delayed 1 second(s)

2021-10-18 10:21:59 - [TEST_STEP][PASSED] - tap(findTestObject("Object Repository/Mobile/Page/Register/Not Registered/Akun Bank/Button - Next"), 0, STOP_ON_FAILURE): Tapped on element 'Object Repository/Mobile/Page/Register/Not Registered/Akun Bank/Button - Next'

2021-10-18 10:21:59 - [MESSAGE][WARNING] - Timeout '0' is invalid. Using default page load timeout: '60'

2021-10-18 10:22:01 - [MESSAGE][PASSED] - Tapped on element 'Object Repository/Mobile/Page/Register/Not Registered/Akun Bank/Button - Next'

2021-10-18 10:22:01 - [TEST_STEP][PASSED] - delay(1): Delayed 1 second(s)

2021-10-18 10:22:02 - [MESSAGE][PASSED] - Delayed 1 second(s)

2021-10-18 10:22:02 - [TEST_STEP][PASSED] - if (isUseReferralCode == 1): Delayed 1 second(s)

2021-10-18 10:22:02 - [TEST_STEP][PASSED] - tap(findTestObject("Object Repository/Mobile/Page/Register/Not Registered/Konfirmasi/Edit Text - Referral Code"), 0, STOP_ON_FAILURE): Tapped on element 'Object Repository/Mobile/Page/Register/Not Registered/Konfirmasi/Edit Text - Referral Code'

2021-10-18 10:22:02 - [MESSAGE][WARNING] - Timeout '0' is invalid. Using default page load timeout: '60'

2021-10-18 10:22:02 - [MESSAGE][PASSED] - Tapped on element 'Object Repository/Mobile/Page/Register/Not Registered/Konfirmasi/Edit Text - Referral Code'

2021-10-18 10:22:02 - [TEST_STEP][PASSED] - setText(findTestObject("Object Repository/Mobile/Page/Register/Not Registered/Konfirmasi/Edit Text - Referral Code"), referralcode, 0, STOP_ON_FAILURE): Text '15412' has been set to element 'Object Repository/Mobile/Page/Register/Not Registered/Konfirmasi/Edit Text - Referral Code'

2021-10-18 10:22:02 - [MESSAGE][WARNING] - Timeout '0' is invalid. Using default page load timeout: '60'

2021-10-18 10:22:04 - [MESSAGE][PASSED] - Text '15412' has been set to element 'Object Repository/Mobile/Page/Register/Not Registered/Konfirmasi/Edit Text - Referral Code'

2021-10-18 10:22:04 - [TEST_STEP][PASSED] - hideKeyboard(): Keyboard is hidden

2021-10-18 10:22:07 - [MESSAGE][PASSED] - Keyboard is hidden

2021-10-18 10:22:07 - [TEST_STEP][PASSED] - delay(1): Delayed 1 second(s)

2021-10-18 10:22:08 - [MESSAGE][PASSED] - Delayed 1 second(s)

2021-10-18 10:22:08 - [TEST_STEP][PASSED] - if (negativeStatus == "isNotUseSignature"): null

2021-10-18 10:22:08 - [TEST_STEP][PASSED] - else: Delayed 1 second(s)

2021-10-18 10:22:08 - [TEST_STEP][PASSED] - scroll.scroll.scrollRightToLeft(findTestObject("Object Repository/Mobile/Page/Register/Not Registered/Konfirmasi/Field - Signature")): scroll.scroll.scrollRightToLeft is PASSED

2021-10-18 10:22:08 - [MESSAGE][WARNING] - Timeout '0' is invalid. Using default page load timeout: '60'

2021-10-18 10:22:08 - [MESSAGE][PASSED] - Object 'Object Repository/Mobile/Page/Register/Not Registered/Konfirmasi/Field - Signature' has left position '31'

2021-10-18 10:22:08 - [MESSAGE][WARNING] - Timeout '0' is invalid. Using default page load timeout: '60'

2021-10-18 10:22:08 - [MESSAGE][PASSED] - Object 'Object Repository/Mobile/Page/Register/Not Registered/Konfirmasi/Field - Signature' has top position '612'

2021-10-18 10:22:08 - [MESSAGE][WARNING] - Timeout '0' is invalid. Using default page load timeout: '60'

2021-10-18 10:22:08 - [MESSAGE][PASSED] - Object 'Object Repository/Mobile/Page/Register/Not Registered/Konfirmasi/Field - Signature' has width: '658'

2021-10-18 10:22:08 - [MESSAGE][WARNING] - Timeout '0' is invalid. Using default page load timeout: '60'

2021-10-18 10:22:09 - [MESSAGE][PASSED] - Object 'Object Repository/Mobile/Page/Register/Not Registered/Konfirmasi/Field - Signature' has height: '384'

2021-10-18 10:22:10 - [MESSAGE][PASSED] - Swiped from 557,804 to 162,804

2021-10-18 10:22:10 - [MESSAGE][PASSED] - scroll.scroll.scrollRightToLeft is PASSED

2021-10-18 10:22:10 - [TEST_STEP][PASSED] - delay(1): Delayed 1 second(s)

2021-10-18 10:22:11 - [MESSAGE][PASSED] - Delayed 1 second(s)

2021-10-18 10:22:11 - [TEST_STEP][PASSED] - tap(findTestObject("Object Repository/Mobile/Page/Register/Not Registered/Konfirmasi/Checkbox - Agreement"), 0, STOP_ON_FAILURE): Tapped on element 'Object Repository/Mobile/Page/Register/Not Registered/Konfirmasi/Checkbox - Agreement'

2021-10-18 10:22:11 - [MESSAGE][WARNING] - Timeout '0' is invalid. Using default page load timeout: '60'

2021-10-18 10:22:12 - [MESSAGE][PASSED] - Tapped on element 'Object Repository/Mobile/Page/Register/Not Registered/Konfirmasi/Checkbox - Agreement'

2021-10-18 10:22:12 - [TEST_STEP][PASSED] - delay(1): Delayed 1 second(s)

2021-10-18 10:22:13 - [MESSAGE][PASSED] - Delayed 1 second(s)

2021-10-18 10:22:13 - [TEST_STEP][PASSED] - tap(findTestObject("Object Repository/Mobile/Page/Register/Not Registered/Konfirmasi/Button - Next"), 0, STOP_ON_FAILURE): Tapped on element 'Object Repository/Mobile/Page/Register/Not Registered/Konfirmasi/Button - Next'

2021-10-18 10:22:13 - [MESSAGE][WARNING] - Timeout '0' is invalid. Using default page load timeout: '60'

2021-10-18 10:22:13 - [MESSAGE][PASSED] - Tapped on element 'Object Repository/Mobile/Page/Register/Not Registered/Konfirmasi/Button - Next'

2021-10-18 10:22:13 - [TEST_STEP][PASSED] - delay(5): Delayed 5 second(s)

2021-10-18 10:22:18 - [MESSAGE][PASSED] - Delayed 5 second(s)

2021-10-18 10:22:18 - [TEST_STEP][PASSED] - tap(findTestObject("Object Repository/Mobile/Page/Register/Not Registered/Konfirmasi/Button - Back to Home"), 0, STOP_ON_FAILURE): Tapped on element 'Object Repository/Mobile/Page/Register/Not Registered/Konfirmasi/Button - Back to Home'

2021-10-18 10:22:19 - [MESSAGE][WARNING] - Timeout '0' is invalid. Using default page load timeout: '60'

2021-10-18 10:22:21 - [MESSAGE][PASSED] - Tapped on element 'Object Repository/Mobile/Page/Register/Not Registered/Konfirmasi/Button - Back to Home'

2021-10-18 10:22:21 - [TEST_STEP][PASSED] - delay(1): Delayed 1 second(s)

2021-10-18 10:22:22 - [MESSAGE][PASSED] - Delayed 1 second(s)

2021-10-18 10:22:22 - [MESSAGE][PASSED] - Call Test Case 'Test Cases/Mobile/Page/Register/Register' successfully

2021-10-18 10:22:22 - [TEST_STEP][PASSED] - callTestCase(findTestCase("Mobile/Page/Run App/Terminate App"), [:], STOP_ON_FAILURE): Call Test Case 'Test Cases/Mobile/Page/Run App/Terminate App' successfully

2021-10-18 10:22:22 - [TEST_CASE][PASSED] - Test Cases/Mobile/Page/Run App/Terminate App: Test Cases/Mobile/Page/Run App/Terminate App

2021-10-18 10:22:22 - [TEST_STEP][PASSED] - startApp.OpenApp.terminateApplication(): startApp.OpenApp.terminateApplication is PASSED

2021-10-18 10:22:25 - [MESSAGE][PASSED] - Delayed 3 second(s)

2021-10-18 10:22:25 - [MESSAGE][WARNING] - Timeout '0' is invalid. Using default page load timeout: '60'

2021-10-18 10:22:25 - [MESSAGE][PASSED] - Tapped on element 'Object Repository/Mobile/Page/Button - Close all application'

2021-10-18 10:22:28 - [MESSAGE][PASSED] - Delayed 3 second(s)

2021-10-18 10:22:28 - [MESSAGE][PASSED] - startApp.OpenApp.terminateApplication is PASSED

2021-10-18 10:22:28 - [MESSAGE][PASSED] - Call Test Case 'Test Cases/Mobile/Page/Run App/Terminate App' successfully]]></system-out>
         <system-err><![CDATA[]]></system-err>
      </testcase>
      <testcase name="Test Cases/Mobile/Scenario/Register/006 - Registrasi akun baru dengan alamat sesuai KTP dan tidak mengisi kolom signature" time="208.482" classname="Test Cases/Mobile/Scenario/Register/006 - Registrasi akun baru dengan alamat sesuai KTP dan tidak mengisi kolom signature" status="PASSED">
         <system-out><![CDATA[2021-10-18 10:22:28 - [TEST_CASE][PASSED] - Test Cases/Mobile/Scenario/Register/006 - Registrasi akun baru dengan alamat sesuai KTP dan tidak mengisi kolom signature: Test Cases/Mobile/Scenario/Register/006 - Registrasi akun baru dengan alamat sesuai KTP dan tidak mengisi kolom signature

2021-10-18 10:22:29 - [TEST_STEP][PASSED] - callTestCase(findTestCase("Mobile/Page/Run App/Run App byID"), [:], STOP_ON_FAILURE): Call Test Case 'Test Cases/Mobile/Page/Run App/Run App byID' successfully

2021-10-18 10:22:29 - [TEST_CASE][PASSED] - Test Cases/Mobile/Page/Run App/Run App byID: Test Cases/Mobile/Page/Run App/Run App byID

2021-10-18 10:22:29 - [TEST_STEP][PASSED] - startApp.OpenApp.startApplication("com.mirae.maxfund"): startApp.OpenApp.startApplication is PASSED

2021-10-18 10:22:42 - [MESSAGE][PASSED] - Starting app with application ID: 'com.mirae.maxfund'

2021-10-18 10:22:42 - [MESSAGE][PASSED] - startApp.OpenApp.startApplication is PASSED

2021-10-18 10:22:42 - [MESSAGE][PASSED] - Call Test Case 'Test Cases/Mobile/Page/Run App/Run App byID' successfully

2021-10-18 10:22:42 - [TEST_STEP][PASSED] - callTestCase(findTestCase("Mobile/Page/Register/Register"), ["isFromLoginPage":0, "isBedaAlamat":0, "isUseReferralCode":0, "negativeStatus":"isNotUseSignature"], STOP_ON_FAILURE): Call Test Case 'Test Cases/Mobile/Page/Register/Register' successfully

2021-10-18 10:22:42 - [TEST_CASE][PASSED] - Test Cases/Mobile/Page/Register/Register: Test Cases/Mobile/Page/Register/Register

2021-10-18 10:22:42 - [TEST_STEP][PASSED] - fullname = "qatesting" + acak.acak.randomStringWord(): acak.acak.randomStringWord is PASSED

2021-10-18 10:22:42 - [MESSAGE][PASSED] - acak.acak.randomStringWord is PASSED

2021-10-18 10:22:42 - [TEST_STEP][PASSED] - birthdate = "1/1/1998": null

2021-10-18 10:22:42 - [TEST_STEP][PASSED] - phone = "082257" + acak.acak.randomStringNumber(6): acak.acak.randomStringNumber is PASSED

2021-10-18 10:22:42 - [MESSAGE][PASSED] - acak.acak.randomStringNumber is PASSED

2021-10-18 10:22:42 - [TEST_STEP][PASSED] - email = fullname + "@gmail.com": null

2021-10-18 10:22:42 - [TEST_STEP][PASSED] - password = "Mirae1234": null

2021-10-18 10:22:42 - [TEST_STEP][PASSED] - branch = "qa cabang": null

2021-10-18 10:22:42 - [TEST_STEP][PASSED] - accountnumber = "222444222444": null

2021-10-18 10:22:42 - [TEST_STEP][PASSED] - nameowner = fullname: null

2021-10-18 10:22:42 - [TEST_STEP][PASSED] - alamat = "Jl. Cempaka Putih Barat 12 F No.12, RT.8/RW.8": null

2021-10-18 10:22:42 - [TEST_STEP][PASSED] - kodepos = "15412": null

2021-10-18 10:22:42 - [TEST_STEP][PASSED] - referralcode = "15412": null

2021-10-18 10:22:42 - [TEST_STEP][PASSED] - flag = "indonesia": null

2021-10-18 10:22:42 - [TEST_STEP][PASSED] - bank = "citibank": null

2021-10-18 10:22:42 - [TEST_STEP][PASSED] - if (isFromLoginPage == 1): null

2021-10-18 10:22:42 - [TEST_STEP][PASSED] - else: Delayed 1 second(s)

2021-10-18 10:22:42 - [TEST_STEP][PASSED] - tap(findTestObject("Object Repository/Mobile/Page/Dashboard/Button - Register"), 0, STOP_ON_FAILURE): Tapped on element 'Object Repository/Mobile/Page/Dashboard/Button - Register'

2021-10-18 10:22:42 - [MESSAGE][WARNING] - Timeout '0' is invalid. Using default page load timeout: '60'

2021-10-18 10:22:45 - [MESSAGE][PASSED] - Tapped on element 'Object Repository/Mobile/Page/Dashboard/Button - Register'

2021-10-18 10:22:45 - [TEST_STEP][PASSED] - delay(1): Delayed 1 second(s)

2021-10-18 10:22:46 - [MESSAGE][PASSED] - Delayed 1 second(s)

2021-10-18 10:22:46 - [TEST_STEP][PASSED] - for ([i = 0, i < 1, (i++)]): Element 'Object Repository/Mobile/Page/Register/Not Registered/Konfirmasi/Alert - Please sign' is exist

2021-10-18 10:22:46 - [TEST_STEP][PASSED] - if (negativeStatus == "isRegistered"): null

2021-10-18 10:22:46 - [TEST_STEP][PASSED] - tap(findTestObject("Object Repository/Mobile/Page/Register/Radio Button - Not registered yet"), 0, STOP_ON_FAILURE): Tapped on element 'Object Repository/Mobile/Page/Register/Radio Button - Not registered yet'

2021-10-18 10:22:46 - [MESSAGE][WARNING] - Timeout '0' is invalid. Using default page load timeout: '60'

2021-10-18 10:22:48 - [MESSAGE][PASSED] - Tapped on element 'Object Repository/Mobile/Page/Register/Radio Button - Not registered yet'

2021-10-18 10:22:48 - [TEST_STEP][PASSED] - delay(1): Delayed 1 second(s)

2021-10-18 10:22:49 - [MESSAGE][PASSED] - Delayed 1 second(s)

2021-10-18 10:22:49 - [TEST_STEP][PASSED] - tap(findTestObject("Object Repository/Mobile/Page/Register/Not Registered/Button - Next"), 0, STOP_ON_FAILURE): Tapped on element 'Object Repository/Mobile/Page/Register/Not Registered/Button - Next'

2021-10-18 10:22:49 - [MESSAGE][WARNING] - Timeout '0' is invalid. Using default page load timeout: '60'

2021-10-18 10:22:49 - [MESSAGE][PASSED] - Tapped on element 'Object Repository/Mobile/Page/Register/Not Registered/Button - Next'

2021-10-18 10:22:49 - [TEST_STEP][PASSED] - delay(1): Delayed 1 second(s)

2021-10-18 10:22:50 - [MESSAGE][PASSED] - Delayed 1 second(s)

2021-10-18 10:22:50 - [TEST_STEP][PASSED] - tap(findTestObject("Object Repository/Mobile/Page/Register/Not Registered/Informasi Pribadi/Edit Text - Fullname"), 0, STOP_ON_FAILURE): Tapped on element 'Object Repository/Mobile/Page/Register/Not Registered/Informasi Pribadi/Edit Text - Fullname'

2021-10-18 10:22:50 - [MESSAGE][WARNING] - Timeout '0' is invalid. Using default page load timeout: '60'

2021-10-18 10:22:50 - [MESSAGE][PASSED] - Tapped on element 'Object Repository/Mobile/Page/Register/Not Registered/Informasi Pribadi/Edit Text - Fullname'

2021-10-18 10:22:50 - [TEST_STEP][PASSED] - setText(findTestObject("Object Repository/Mobile/Page/Register/Not Registered/Informasi Pribadi/Edit Text - Fullname"), fullname, 0): Text 'qatestingJPvMCiywdF' has been set to element 'Object Repository/Mobile/Page/Register/Not Registered/Informasi Pribadi/Edit Text - Fullname'

2021-10-18 10:22:51 - [MESSAGE][WARNING] - Timeout '0' is invalid. Using default page load timeout: '60'

2021-10-18 10:22:52 - [MESSAGE][PASSED] - Text 'qatestingJPvMCiywdF' has been set to element 'Object Repository/Mobile/Page/Register/Not Registered/Informasi Pribadi/Edit Text - Fullname'

2021-10-18 10:22:52 - [TEST_STEP][PASSED] - hideKeyboard(): Keyboard is hidden

2021-10-18 10:22:59 - [MESSAGE][PASSED] - Keyboard is hidden

2021-10-18 10:22:59 - [TEST_STEP][PASSED] - delay(1): Delayed 1 second(s)

2021-10-18 10:23:00 - [MESSAGE][PASSED] - Delayed 1 second(s)

2021-10-18 10:23:00 - [TEST_STEP][PASSED] - tap(findTestObject("Object Repository/Mobile/Page/Register/Not Registered/Informasi Pribadi/Date Picker - Date of Birth"), 0, STOP_ON_FAILURE): Tapped on element 'Object Repository/Mobile/Page/Register/Not Registered/Informasi Pribadi/Date Picker - Date of Birth'

2021-10-18 10:23:00 - [MESSAGE][WARNING] - Timeout '0' is invalid. Using default page load timeout: '60'

2021-10-18 10:23:01 - [MESSAGE][PASSED] - Tapped on element 'Object Repository/Mobile/Page/Register/Not Registered/Informasi Pribadi/Date Picker - Date of Birth'

2021-10-18 10:23:01 - [TEST_STEP][PASSED] - tap(findTestObject("Object Repository/Mobile/Page/Register/Not Registered/Informasi Pribadi/Date Picker - Icon Edit"), 0, STOP_ON_FAILURE): Tapped on element 'Object Repository/Mobile/Page/Register/Not Registered/Informasi Pribadi/Date Picker - Icon Edit'

2021-10-18 10:23:01 - [MESSAGE][WARNING] - Timeout '0' is invalid. Using default page load timeout: '60'

2021-10-18 10:23:04 - [MESSAGE][PASSED] - Tapped on element 'Object Repository/Mobile/Page/Register/Not Registered/Informasi Pribadi/Date Picker - Icon Edit'

2021-10-18 10:23:04 - [TEST_STEP][PASSED] - if (negativeStatus == "isCheckDateOfBirth"): null

2021-10-18 10:23:04 - [TEST_STEP][PASSED] - else: Delayed 1 second(s)

2021-10-18 10:23:04 - [TEST_STEP][PASSED] - setText(findTestObject("Mobile/Page/Register/Not Registered/Informasi Pribadi/Date Picker - Edit Text Date"), birthdate, 0): Text '1/1/1998' has been set to element 'Object Repository/Mobile/Page/Register/Not Registered/Informasi Pribadi/Date Picker - Edit Text Date'

2021-10-18 10:23:04 - [MESSAGE][WARNING] - Timeout '0' is invalid. Using default page load timeout: '60'

2021-10-18 10:23:04 - [MESSAGE][PASSED] - Text '1/1/1998' has been set to element 'Object Repository/Mobile/Page/Register/Not Registered/Informasi Pribadi/Date Picker - Edit Text Date'

2021-10-18 10:23:04 - [TEST_STEP][PASSED] - tap(findTestObject("Mobile/Page/Register/Not Registered/Informasi Pribadi/Date Picker - Button OK"), 0, STOP_ON_FAILURE): Tapped on element 'Object Repository/Mobile/Page/Register/Not Registered/Informasi Pribadi/Date Picker - Button OK'

2021-10-18 10:23:04 - [MESSAGE][WARNING] - Timeout '0' is invalid. Using default page load timeout: '60'

2021-10-18 10:23:06 - [MESSAGE][PASSED] - Tapped on element 'Object Repository/Mobile/Page/Register/Not Registered/Informasi Pribadi/Date Picker - Button OK'

2021-10-18 10:23:06 - [TEST_STEP][PASSED] - delay(1): Delayed 1 second(s)

2021-10-18 10:23:07 - [MESSAGE][PASSED] - Delayed 1 second(s)

2021-10-18 10:23:07 - [TEST_STEP][PASSED] - if (negativeStatus == "isPhoneNumberNonIndo"): null

2021-10-18 10:23:07 - [TEST_STEP][PASSED] - tap(findTestObject("Object Repository/Mobile/Page/Register/Not Registered/Informasi Pribadi/Dropdown - Flag Phone Number"), 0, STOP_ON_FAILURE): Tapped on element 'Object Repository/Mobile/Page/Register/Not Registered/Informasi Pribadi/Dropdown - Flag Phone Number'

2021-10-18 10:23:07 - [MESSAGE][WARNING] - Timeout '0' is invalid. Using default page load timeout: '60'

2021-10-18 10:23:07 - [MESSAGE][PASSED] - Tapped on element 'Object Repository/Mobile/Page/Register/Not Registered/Informasi Pribadi/Dropdown - Flag Phone Number'

2021-10-18 10:23:07 - [TEST_STEP][PASSED] - tap(findTestObject("Object Repository/Mobile/Page/Register/Not Registered/Informasi Pribadi/Edit Text - Search Flag"), 0, STOP_ON_FAILURE): Tapped on element 'Object Repository/Mobile/Page/Register/Not Registered/Informasi Pribadi/Edit Text - Search Flag'

2021-10-18 10:23:08 - [MESSAGE][WARNING] - Timeout '0' is invalid. Using default page load timeout: '60'

2021-10-18 10:23:09 - [MESSAGE][PASSED] - Tapped on element 'Object Repository/Mobile/Page/Register/Not Registered/Informasi Pribadi/Edit Text - Search Flag'

2021-10-18 10:23:09 - [TEST_STEP][PASSED] - setText(findTestObject("Object Repository/Mobile/Page/Register/Not Registered/Informasi Pribadi/Edit Text - Search Flag"), flag, 0): Text 'indonesia' has been set to element 'Object Repository/Mobile/Page/Register/Not Registered/Informasi Pribadi/Edit Text - Search Flag'

2021-10-18 10:23:09 - [MESSAGE][WARNING] - Timeout '0' is invalid. Using default page load timeout: '60'

2021-10-18 10:23:10 - [MESSAGE][PASSED] - Text 'indonesia' has been set to element 'Object Repository/Mobile/Page/Register/Not Registered/Informasi Pribadi/Edit Text - Search Flag'

2021-10-18 10:23:10 - [TEST_STEP][PASSED] - tap(findTestObject("Mobile/Page/Register/Not Registered/Informasi Pribadi/Item Flag - Top Search"), 0, STOP_ON_FAILURE): Tapped on element 'Object Repository/Mobile/Page/Register/Not Registered/Informasi Pribadi/Item Flag - Top Search'

2021-10-18 10:23:10 - [MESSAGE][WARNING] - Timeout '0' is invalid. Using default page load timeout: '60'

2021-10-18 10:23:12 - [MESSAGE][PASSED] - Tapped on element 'Object Repository/Mobile/Page/Register/Not Registered/Informasi Pribadi/Item Flag - Top Search'

2021-10-18 10:23:12 - [TEST_STEP][PASSED] - tap(findTestObject("Object Repository/Mobile/Page/Register/Not Registered/Informasi Pribadi/Edit Text - Phone Number"), 0, STOP_ON_FAILURE): Tapped on element 'Object Repository/Mobile/Page/Register/Not Registered/Informasi Pribadi/Edit Text - Phone Number'

2021-10-18 10:23:12 - [MESSAGE][WARNING] - Timeout '0' is invalid. Using default page load timeout: '60'

2021-10-18 10:23:12 - [MESSAGE][PASSED] - Tapped on element 'Object Repository/Mobile/Page/Register/Not Registered/Informasi Pribadi/Edit Text - Phone Number'

2021-10-18 10:23:12 - [TEST_STEP][PASSED] - setText(findTestObject("Object Repository/Mobile/Page/Register/Not Registered/Informasi Pribadi/Edit Text - Phone Number"), phone, 0): Text '082257896946' has been set to element 'Object Repository/Mobile/Page/Register/Not Registered/Informasi Pribadi/Edit Text - Phone Number'

2021-10-18 10:23:12 - [MESSAGE][WARNING] - Timeout '0' is invalid. Using default page load timeout: '60'

2021-10-18 10:23:14 - [MESSAGE][PASSED] - Text '082257896946' has been set to element 'Object Repository/Mobile/Page/Register/Not Registered/Informasi Pribadi/Edit Text - Phone Number'

2021-10-18 10:23:14 - [TEST_STEP][PASSED] - hideKeyboard(): Keyboard is hidden

2021-10-18 10:23:22 - [MESSAGE][PASSED] - Keyboard is hidden

2021-10-18 10:23:22 - [TEST_STEP][PASSED] - delay(1): Delayed 1 second(s)

2021-10-18 10:23:23 - [MESSAGE][PASSED] - Delayed 1 second(s)

2021-10-18 10:23:23 - [TEST_STEP][PASSED] - tap(findTestObject("Object Repository/Mobile/Page/Register/Not Registered/Informasi Pribadi/Dropdown - Flag Re Phone Number"), 0, STOP_ON_FAILURE): Tapped on element 'Object Repository/Mobile/Page/Register/Not Registered/Informasi Pribadi/Dropdown - Flag Re Phone Number'

2021-10-18 10:23:23 - [MESSAGE][WARNING] - Timeout '0' is invalid. Using default page load timeout: '60'

2021-10-18 10:23:24 - [MESSAGE][PASSED] - Tapped on element 'Object Repository/Mobile/Page/Register/Not Registered/Informasi Pribadi/Dropdown - Flag Re Phone Number'

2021-10-18 10:23:24 - [TEST_STEP][PASSED] - tap(findTestObject("Object Repository/Mobile/Page/Register/Not Registered/Informasi Pribadi/Edit Text - Search Flag"), 0, STOP_ON_FAILURE): Tapped on element 'Object Repository/Mobile/Page/Register/Not Registered/Informasi Pribadi/Edit Text - Search Flag'

2021-10-18 10:23:24 - [MESSAGE][WARNING] - Timeout '0' is invalid. Using default page load timeout: '60'

2021-10-18 10:23:25 - [MESSAGE][PASSED] - Tapped on element 'Object Repository/Mobile/Page/Register/Not Registered/Informasi Pribadi/Edit Text - Search Flag'

2021-10-18 10:23:25 - [TEST_STEP][PASSED] - setText(findTestObject("Object Repository/Mobile/Page/Register/Not Registered/Informasi Pribadi/Edit Text - Search Flag"), flag, 0): Text 'indonesia' has been set to element 'Object Repository/Mobile/Page/Register/Not Registered/Informasi Pribadi/Edit Text - Search Flag'

2021-10-18 10:23:25 - [MESSAGE][WARNING] - Timeout '0' is invalid. Using default page load timeout: '60'

2021-10-18 10:23:26 - [MESSAGE][PASSED] - Text 'indonesia' has been set to element 'Object Repository/Mobile/Page/Register/Not Registered/Informasi Pribadi/Edit Text - Search Flag'

2021-10-18 10:23:26 - [TEST_STEP][PASSED] - tap(findTestObject("Mobile/Page/Register/Not Registered/Informasi Pribadi/Item Flag - Top Search"), 0, STOP_ON_FAILURE): Tapped on element 'Object Repository/Mobile/Page/Register/Not Registered/Informasi Pribadi/Item Flag - Top Search'

2021-10-18 10:23:26 - [MESSAGE][WARNING] - Timeout '0' is invalid. Using default page load timeout: '60'

2021-10-18 10:23:28 - [MESSAGE][PASSED] - Tapped on element 'Object Repository/Mobile/Page/Register/Not Registered/Informasi Pribadi/Item Flag - Top Search'

2021-10-18 10:23:28 - [TEST_STEP][PASSED] - tap(findTestObject("Object Repository/Mobile/Page/Register/Not Registered/Informasi Pribadi/Edit Text - Re Phone Number"), 0, STOP_ON_FAILURE): Tapped on element 'Object Repository/Mobile/Page/Register/Not Registered/Informasi Pribadi/Edit Text - Re Phone Number'

2021-10-18 10:23:28 - [MESSAGE][WARNING] - Timeout '0' is invalid. Using default page load timeout: '60'

2021-10-18 10:23:28 - [MESSAGE][PASSED] - Tapped on element 'Object Repository/Mobile/Page/Register/Not Registered/Informasi Pribadi/Edit Text - Re Phone Number'

2021-10-18 10:23:28 - [TEST_STEP][PASSED] - setText(findTestObject("Object Repository/Mobile/Page/Register/Not Registered/Informasi Pribadi/Edit Text - Re Phone Number"), phone, 0): Text '082257896946' has been set to element 'Object Repository/Mobile/Page/Register/Not Registered/Informasi Pribadi/Edit Text - Re Phone Number'

2021-10-18 10:23:29 - [MESSAGE][WARNING] - Timeout '0' is invalid. Using default page load timeout: '60'

2021-10-18 10:23:30 - [MESSAGE][PASSED] - Text '082257896946' has been set to element 'Object Repository/Mobile/Page/Register/Not Registered/Informasi Pribadi/Edit Text - Re Phone Number'

2021-10-18 10:23:30 - [TEST_STEP][PASSED] - hideKeyboard(): Keyboard is hidden

2021-10-18 10:23:36 - [MESSAGE][PASSED] - Keyboard is hidden

2021-10-18 10:23:36 - [TEST_STEP][PASSED] - delay(1): Delayed 1 second(s)

2021-10-18 10:23:37 - [MESSAGE][PASSED] - Delayed 1 second(s)

2021-10-18 10:23:37 - [TEST_STEP][PASSED] - if (negativeStatus == "isCheckEmailRegistered"): null

2021-10-18 10:23:37 - [TEST_STEP][PASSED] - else: Delayed 1 second(s)

2021-10-18 10:23:37 - [TEST_STEP][PASSED] - tap(findTestObject("Object Repository/Mobile/Page/Register/Not Registered/Informasi Pribadi/Edit Text - Email"), 0, STOP_ON_FAILURE): Tapped on element 'Object Repository/Mobile/Page/Register/Not Registered/Informasi Pribadi/Edit Text - Email'

2021-10-18 10:23:37 - [MESSAGE][WARNING] - Timeout '0' is invalid. Using default page load timeout: '60'

2021-10-18 10:23:38 - [MESSAGE][PASSED] - Tapped on element 'Object Repository/Mobile/Page/Register/Not Registered/Informasi Pribadi/Edit Text - Email'

2021-10-18 10:23:38 - [TEST_STEP][PASSED] - setText(findTestObject("Object Repository/Mobile/Page/Register/Not Registered/Informasi Pribadi/Edit Text - Email"), email, 0): Text 'qatestingJPvMCiywdF@gmail.com' has been set to element 'Object Repository/Mobile/Page/Register/Not Registered/Informasi Pribadi/Edit Text - Email'

2021-10-18 10:23:38 - [MESSAGE][WARNING] - Timeout '0' is invalid. Using default page load timeout: '60'

2021-10-18 10:23:39 - [MESSAGE][PASSED] - Text 'qatestingJPvMCiywdF@gmail.com' has been set to element 'Object Repository/Mobile/Page/Register/Not Registered/Informasi Pribadi/Edit Text - Email'

2021-10-18 10:23:39 - [TEST_STEP][PASSED] - hideKeyboard(): Keyboard is hidden

2021-10-18 10:23:42 - [MESSAGE][PASSED] - Keyboard is hidden

2021-10-18 10:23:42 - [TEST_STEP][PASSED] - delay(1): Delayed 1 second(s)

2021-10-18 10:23:43 - [MESSAGE][PASSED] - Delayed 1 second(s)

2021-10-18 10:23:43 - [TEST_STEP][PASSED] - if (negativeStatus == "isCheckEmailMatch"): null

2021-10-18 10:23:43 - [TEST_STEP][PASSED] - else: Delayed 1 second(s)

2021-10-18 10:23:43 - [TEST_STEP][PASSED] - tap(findTestObject("Object Repository/Mobile/Page/Register/Not Registered/Informasi Pribadi/Edit Text - Re Email"), 0, STOP_ON_FAILURE): Tapped on element 'Object Repository/Mobile/Page/Register/Not Registered/Informasi Pribadi/Edit Text - Re Email'

2021-10-18 10:23:43 - [MESSAGE][WARNING] - Timeout '0' is invalid. Using default page load timeout: '60'

2021-10-18 10:23:44 - [MESSAGE][PASSED] - Tapped on element 'Object Repository/Mobile/Page/Register/Not Registered/Informasi Pribadi/Edit Text - Re Email'

2021-10-18 10:23:44 - [TEST_STEP][PASSED] - setText(findTestObject("Object Repository/Mobile/Page/Register/Not Registered/Informasi Pribadi/Edit Text - Re Email"), email, 0): Text 'qatestingJPvMCiywdF@gmail.com' has been set to element 'Object Repository/Mobile/Page/Register/Not Registered/Informasi Pribadi/Edit Text - Re Email'

2021-10-18 10:23:44 - [MESSAGE][WARNING] - Timeout '0' is invalid. Using default page load timeout: '60'

2021-10-18 10:23:45 - [MESSAGE][PASSED] - Text 'qatestingJPvMCiywdF@gmail.com' has been set to element 'Object Repository/Mobile/Page/Register/Not Registered/Informasi Pribadi/Edit Text - Re Email'

2021-10-18 10:23:45 - [TEST_STEP][PASSED] - hideKeyboard(): Keyboard is hidden

2021-10-18 10:23:49 - [MESSAGE][PASSED] - Keyboard is hidden

2021-10-18 10:23:49 - [TEST_STEP][PASSED] - delay(1): Delayed 1 second(s)

2021-10-18 10:23:50 - [MESSAGE][PASSED] - Delayed 1 second(s)

2021-10-18 10:23:50 - [TEST_STEP][PASSED] - if (negativeStatus == "isPasswordNumberOnly"): null

2021-10-18 10:23:50 - [TEST_STEP][PASSED] - else: Delayed 1 second(s)

2021-10-18 10:23:50 - [TEST_STEP][PASSED] - tap(findTestObject("Object Repository/Mobile/Page/Register/Not Registered/Informasi Pribadi/Edit Text - Password"), 0, STOP_ON_FAILURE): Tapped on element 'Object Repository/Mobile/Page/Register/Not Registered/Informasi Pribadi/Edit Text - Password'

2021-10-18 10:23:50 - [MESSAGE][WARNING] - Timeout '0' is invalid. Using default page load timeout: '60'

2021-10-18 10:23:50 - [MESSAGE][PASSED] - Tapped on element 'Object Repository/Mobile/Page/Register/Not Registered/Informasi Pribadi/Edit Text - Password'

2021-10-18 10:23:50 - [TEST_STEP][PASSED] - setText(findTestObject("Object Repository/Mobile/Page/Register/Not Registered/Informasi Pribadi/Edit Text - Password"), password, 0): Text 'Mirae1234' has been set to element 'Object Repository/Mobile/Page/Register/Not Registered/Informasi Pribadi/Edit Text - Password'

2021-10-18 10:23:50 - [MESSAGE][WARNING] - Timeout '0' is invalid. Using default page load timeout: '60'

2021-10-18 10:23:52 - [MESSAGE][PASSED] - Text 'Mirae1234' has been set to element 'Object Repository/Mobile/Page/Register/Not Registered/Informasi Pribadi/Edit Text - Password'

2021-10-18 10:23:52 - [TEST_STEP][PASSED] - hideKeyboard(): Keyboard is hidden

2021-10-18 10:23:58 - [MESSAGE][PASSED] - Keyboard is hidden

2021-10-18 10:23:58 - [TEST_STEP][PASSED] - delay(1): Delayed 1 second(s)

2021-10-18 10:23:59 - [MESSAGE][PASSED] - Delayed 1 second(s)

2021-10-18 10:23:59 - [TEST_STEP][PASSED] - tap(findTestObject("Object Repository/Mobile/Page/Register/Not Registered/Informasi Pribadi/Edit Text - Re Password"), 0, STOP_ON_FAILURE): Tapped on element 'Object Repository/Mobile/Page/Register/Not Registered/Informasi Pribadi/Edit Text - Re Password'

2021-10-18 10:23:59 - [MESSAGE][WARNING] - Timeout '0' is invalid. Using default page load timeout: '60'

2021-10-18 10:24:00 - [MESSAGE][PASSED] - Tapped on element 'Object Repository/Mobile/Page/Register/Not Registered/Informasi Pribadi/Edit Text - Re Password'

2021-10-18 10:24:00 - [TEST_STEP][PASSED] - setText(findTestObject("Object Repository/Mobile/Page/Register/Not Registered/Informasi Pribadi/Edit Text - Re Password"), password, 0): Text 'Mirae1234' has been set to element 'Object Repository/Mobile/Page/Register/Not Registered/Informasi Pribadi/Edit Text - Re Password'

2021-10-18 10:24:00 - [MESSAGE][WARNING] - Timeout '0' is invalid. Using default page load timeout: '60'

2021-10-18 10:24:01 - [MESSAGE][PASSED] - Text 'Mirae1234' has been set to element 'Object Repository/Mobile/Page/Register/Not Registered/Informasi Pribadi/Edit Text - Re Password'

2021-10-18 10:24:01 - [TEST_STEP][PASSED] - hideKeyboard(): Keyboard is hidden

2021-10-18 10:24:07 - [MESSAGE][PASSED] - Keyboard is hidden

2021-10-18 10:24:07 - [TEST_STEP][PASSED] - delay(1): Delayed 1 second(s)

2021-10-18 10:24:08 - [MESSAGE][PASSED] - Delayed 1 second(s)

2021-10-18 10:24:08 - [TEST_STEP][PASSED] - if (isBedaAlamat == 1): null

2021-10-18 10:24:08 - [TEST_STEP][PASSED] - tap(findTestObject("Object Repository/Mobile/Page/Register/Not Registered/Informasi Pribadi/Button - Icon KTP"), 0, STOP_ON_FAILURE): Tapped on element 'Object Repository/Mobile/Page/Register/Not Registered/Informasi Pribadi/Button - Icon KTP'

2021-10-18 10:24:08 - [MESSAGE][WARNING] - Timeout '0' is invalid. Using default page load timeout: '60'

2021-10-18 10:24:10 - [MESSAGE][PASSED] - Tapped on element 'Object Repository/Mobile/Page/Register/Not Registered/Informasi Pribadi/Button - Icon KTP'

2021-10-18 10:24:10 - [TEST_STEP][PASSED] - permission = verifyElementExist(findTestObject("Object Repository/Mobile/Page/Register/Not Registered/Informasi Pribadi/Permission - Only this time"), 1, OPTIONAL): Element 'Object Repository/Mobile/Page/Register/Not Registered/Informasi Pribadi/Permission - Only this time' is exist

2021-10-18 10:24:10 - [MESSAGE][PASSED] - Element 'Object Repository/Mobile/Page/Register/Not Registered/Informasi Pribadi/Permission - Only this time' is exist

2021-10-18 10:24:10 - [TEST_STEP][PASSED] - if (permission): Tapped on element 'Object Repository/Mobile/Page/Register/Not Registered/Informasi Pribadi/Permission - Only this time'

2021-10-18 10:24:10 - [TEST_STEP][PASSED] - tap(findTestObject("Object Repository/Mobile/Page/Register/Not Registered/Informasi Pribadi/Permission - Only this time"), 0, STOP_ON_FAILURE): Tapped on element 'Object Repository/Mobile/Page/Register/Not Registered/Informasi Pribadi/Permission - Only this time'

2021-10-18 10:24:10 - [MESSAGE][WARNING] - Timeout '0' is invalid. Using default page load timeout: '60'

2021-10-18 10:24:10 - [MESSAGE][PASSED] - Tapped on element 'Object Repository/Mobile/Page/Register/Not Registered/Informasi Pribadi/Permission - Only this time'

2021-10-18 10:24:10 - [TEST_STEP][PASSED] - permission = verifyElementExist(findTestObject("Object Repository/Mobile/Page/Register/Not Registered/Informasi Pribadi/Permission - Only this time"), 1, OPTIONAL): Element 'Object Repository/Mobile/Page/Register/Not Registered/Informasi Pribadi/Permission - Only this time' is exist

2021-10-18 10:24:11 - [MESSAGE][PASSED] - Element 'Object Repository/Mobile/Page/Register/Not Registered/Informasi Pribadi/Permission - Only this time' is exist

2021-10-18 10:24:11 - [TEST_STEP][PASSED] - if (permission): Tapped on element 'Object Repository/Mobile/Page/Register/Not Registered/Informasi Pribadi/Permission - Only this time'

2021-10-18 10:24:11 - [TEST_STEP][PASSED] - tap(findTestObject("Object Repository/Mobile/Page/Register/Not Registered/Informasi Pribadi/Permission - Only this time"), 0, STOP_ON_FAILURE): Tapped on element 'Object Repository/Mobile/Page/Register/Not Registered/Informasi Pribadi/Permission - Only this time'

2021-10-18 10:24:11 - [MESSAGE][WARNING] - Timeout '0' is invalid. Using default page load timeout: '60'

2021-10-18 10:24:11 - [MESSAGE][PASSED] - Tapped on element 'Object Repository/Mobile/Page/Register/Not Registered/Informasi Pribadi/Permission - Only this time'

2021-10-18 10:24:11 - [TEST_STEP][PASSED] - tap(findTestObject("Object Repository/Mobile/Page/Register/Not Registered/Informasi Pribadi/Button - Capture KTP"), 0, STOP_ON_FAILURE): Tapped on element 'Object Repository/Mobile/Page/Register/Not Registered/Informasi Pribadi/Button - Capture KTP'

2021-10-18 10:24:12 - [MESSAGE][WARNING] - Timeout '0' is invalid. Using default page load timeout: '60'

2021-10-18 10:24:14 - [MESSAGE][PASSED] - Tapped on element 'Object Repository/Mobile/Page/Register/Not Registered/Informasi Pribadi/Button - Capture KTP'

2021-10-18 10:24:14 - [TEST_STEP][PASSED] - delay(2): Delayed 2 second(s)

2021-10-18 10:24:16 - [MESSAGE][PASSED] - Delayed 2 second(s)

2021-10-18 10:24:16 - [TEST_STEP][PASSED] - scroll.scroll.scrollLeftToRight(findTestObject("Object Repository/Mobile/Page/Register/Not Registered/Informasi Pribadi/Slider - Edit Photo Scale")): scroll.scroll.scrollLeftToRight is PASSED

2021-10-18 10:24:16 - [MESSAGE][WARNING] - Timeout '0' is invalid. Using default page load timeout: '60'

2021-10-18 10:24:18 - [MESSAGE][PASSED] - Object 'Object Repository/Mobile/Page/Register/Not Registered/Informasi Pribadi/Slider - Edit Photo Scale' has left position '0'

2021-10-18 10:24:18 - [MESSAGE][WARNING] - Timeout '0' is invalid. Using default page load timeout: '60'

2021-10-18 10:24:18 - [MESSAGE][PASSED] - Object 'Object Repository/Mobile/Page/Register/Not Registered/Informasi Pribadi/Slider - Edit Photo Scale' has top position '1,284'

2021-10-18 10:24:18 - [MESSAGE][WARNING] - Timeout '0' is invalid. Using default page load timeout: '60'

2021-10-18 10:24:18 - [MESSAGE][PASSED] - Object 'Object Repository/Mobile/Page/Register/Not Registered/Informasi Pribadi/Slider - Edit Photo Scale' has width: '720'

2021-10-18 10:24:18 - [MESSAGE][WARNING] - Timeout '0' is invalid. Using default page load timeout: '60'

2021-10-18 10:24:18 - [MESSAGE][PASSED] - Object 'Object Repository/Mobile/Page/Register/Not Registered/Informasi Pribadi/Slider - Edit Photo Scale' has height: '66'

2021-10-18 10:24:20 - [MESSAGE][PASSED] - Swiped from 144,1,317 to 576,1,317

2021-10-18 10:24:20 - [MESSAGE][PASSED] - scroll.scroll.scrollLeftToRight is PASSED

2021-10-18 10:24:20 - [TEST_STEP][PASSED] - tap(findTestObject("Object Repository/Mobile/Page/Register/Not Registered/Informasi Pribadi/Button - Edit Photo Rotate"), 0, STOP_ON_FAILURE): Tapped on element 'Object Repository/Mobile/Page/Register/Not Registered/Informasi Pribadi/Button - Edit Photo Rotate'

2021-10-18 10:24:20 - [MESSAGE][WARNING] - Timeout '0' is invalid. Using default page load timeout: '60'

2021-10-18 10:24:20 - [MESSAGE][PASSED] - Tapped on element 'Object Repository/Mobile/Page/Register/Not Registered/Informasi Pribadi/Button - Edit Photo Rotate'

2021-10-18 10:24:20 - [TEST_STEP][PASSED] - tap(findTestObject("Object Repository/Mobile/Page/Register/Not Registered/Informasi Pribadi/Button - Edit Photo Rotate 90 degree"), 0, STOP_ON_FAILURE): Tapped on element 'Object Repository/Mobile/Page/Register/Not Registered/Informasi Pribadi/Button - Edit Photo Rotate 90 degree'

2021-10-18 10:24:20 - [MESSAGE][WARNING] - Timeout '0' is invalid. Using default page load timeout: '60'

2021-10-18 10:24:22 - [MESSAGE][PASSED] - Tapped on element 'Object Repository/Mobile/Page/Register/Not Registered/Informasi Pribadi/Button - Edit Photo Rotate 90 degree'

2021-10-18 10:24:22 - [TEST_STEP][PASSED] - tap(findTestObject("Object Repository/Mobile/Page/Register/Not Registered/Informasi Pribadi/Button - Edit Photo Reset Rotation"), 0, STOP_ON_FAILURE): Tapped on element 'Object Repository/Mobile/Page/Register/Not Registered/Informasi Pribadi/Button - Edit Photo Reset Rotation'

2021-10-18 10:24:22 - [MESSAGE][WARNING] - Timeout '0' is invalid. Using default page load timeout: '60'

2021-10-18 10:24:22 - [MESSAGE][PASSED] - Tapped on element 'Object Repository/Mobile/Page/Register/Not Registered/Informasi Pribadi/Button - Edit Photo Reset Rotation'

2021-10-18 10:24:22 - [TEST_STEP][PASSED] - scroll.scroll.scrollLeftToRight(findTestObject("Object Repository/Mobile/Page/Register/Not Registered/Informasi Pribadi/Slider - Edit Photo Rotate")): scroll.scroll.scrollLeftToRight is PASSED

2021-10-18 10:24:22 - [MESSAGE][WARNING] - Timeout '0' is invalid. Using default page load timeout: '60'

2021-10-18 10:24:23 - [MESSAGE][PASSED] - Object 'Object Repository/Mobile/Page/Register/Not Registered/Informasi Pribadi/Slider - Edit Photo Rotate' has left position '88'

2021-10-18 10:24:23 - [MESSAGE][WARNING] - Timeout '0' is invalid. Using default page load timeout: '60'

2021-10-18 10:24:23 - [MESSAGE][PASSED] - Object 'Object Repository/Mobile/Page/Register/Not Registered/Informasi Pribadi/Slider - Edit Photo Rotate' has top position '1,284'

2021-10-18 10:24:23 - [MESSAGE][WARNING] - Timeout '0' is invalid. Using default page load timeout: '60'

2021-10-18 10:24:23 - [MESSAGE][PASSED] - Object 'Object Repository/Mobile/Page/Register/Not Registered/Informasi Pribadi/Slider - Edit Photo Rotate' has width: '544'

2021-10-18 10:24:23 - [MESSAGE][WARNING] - Timeout '0' is invalid. Using default page load timeout: '60'

2021-10-18 10:24:23 - [MESSAGE][PASSED] - Object 'Object Repository/Mobile/Page/Register/Not Registered/Informasi Pribadi/Slider - Edit Photo Rotate' has height: '66'

2021-10-18 10:24:25 - [MESSAGE][PASSED] - Swiped from 196,1,317 to 523,1,317

2021-10-18 10:24:25 - [MESSAGE][PASSED] - scroll.scroll.scrollLeftToRight is PASSED

2021-10-18 10:24:25 - [TEST_STEP][PASSED] - tap(findTestObject("Object Repository/Mobile/Page/Register/Not Registered/Informasi Pribadi/Button - Edit Photo Confirm"), 0, STOP_ON_FAILURE): Tapped on element 'Object Repository/Mobile/Page/Register/Not Registered/Informasi Pribadi/Button - Edit Photo Confirm'

2021-10-18 10:24:25 - [MESSAGE][WARNING] - Timeout '0' is invalid. Using default page load timeout: '60'

2021-10-18 10:24:27 - [MESSAGE][PASSED] - Tapped on element 'Object Repository/Mobile/Page/Register/Not Registered/Informasi Pribadi/Button - Edit Photo Confirm'

2021-10-18 10:24:27 - [TEST_STEP][PASSED] - delay(2): Delayed 2 second(s)

2021-10-18 10:24:29 - [MESSAGE][PASSED] - Delayed 2 second(s)

2021-10-18 10:24:29 - [TEST_STEP][PASSED] - hideKeyboard(): Keyboard is hidden

2021-10-18 10:24:36 - [MESSAGE][PASSED] - Keyboard is hidden

2021-10-18 10:24:36 - [TEST_STEP][PASSED] - delay(1): Delayed 1 second(s)

2021-10-18 10:24:37 - [MESSAGE][PASSED] - Delayed 1 second(s)

2021-10-18 10:24:37 - [TEST_STEP][PASSED] - scroll.scroll.scrollToBottomOpenKeyboard(): scroll.scroll.scrollToBottomOpenKeyboard is PASSED

2021-10-18 10:24:37 - [MESSAGE][PASSED] - Current device physical height is 1423

2021-10-18 10:24:37 - [MESSAGE][PASSED] - Current device physical width is 720

2021-10-18 10:24:38 - [MESSAGE][PASSED] - Swiped from 360,853 to 360,284

2021-10-18 10:24:38 - [MESSAGE][PASSED] - scroll.scroll.scrollToBottomOpenKeyboard is PASSED

2021-10-18 10:24:38 - [TEST_STEP][PASSED] - tap(findTestObject("Object Repository/Mobile/Page/Register/Not Registered/Informasi Pribadi/Button - Icon Face with KTP"), 0, STOP_ON_FAILURE): Tapped on element 'Object Repository/Mobile/Page/Register/Not Registered/Informasi Pribadi/Button - Icon Face with KTP'

2021-10-18 10:24:38 - [MESSAGE][WARNING] - Timeout '0' is invalid. Using default page load timeout: '60'

2021-10-18 10:24:38 - [MESSAGE][PASSED] - Tapped on element 'Object Repository/Mobile/Page/Register/Not Registered/Informasi Pribadi/Button - Icon Face with KTP'

2021-10-18 10:24:38 - [TEST_STEP][PASSED] - permission = verifyElementExist(findTestObject("Object Repository/Mobile/Page/Register/Not Registered/Informasi Pribadi/Permission - Only this time"), 1, OPTIONAL): Element 'Object Repository/Mobile/Page/Register/Not Registered/Informasi Pribadi/Permission - Only this time' not found

2021-10-18 10:24:41 - [MESSAGE][WARNING] - Element 'Object Repository/Mobile/Page/Register/Not Registered/Informasi Pribadi/Permission - Only this time' not found
[[ATTACHMENT|C:\\Users\\Owner\\Documents\\kerjaan\\KatalonProject\\qa-katalon-maxfund\\Reports\\20211018_100502\\Register\\20211018_100502\\1634527480002.png]]

2021-10-18 10:24:41 - [TEST_STEP][PASSED] - if (permission): null

2021-10-18 10:24:41 - [TEST_STEP][PASSED] - permission = verifyElementExist(findTestObject("Object Repository/Mobile/Page/Register/Not Registered/Informasi Pribadi/Permission - Only this time"), 1, OPTIONAL): Element 'Object Repository/Mobile/Page/Register/Not Registered/Informasi Pribadi/Permission - Only this time' not found

2021-10-18 10:24:44 - [MESSAGE][WARNING] - Element 'Object Repository/Mobile/Page/Register/Not Registered/Informasi Pribadi/Permission - Only this time' not found
[[ATTACHMENT|C:\\Users\\Owner\\Documents\\kerjaan\\KatalonProject\\qa-katalon-maxfund\\Reports\\20211018_100502\\Register\\20211018_100502\\1634527482601.png]]

2021-10-18 10:24:44 - [TEST_STEP][PASSED] - if (permission): null

2021-10-18 10:24:44 - [TEST_STEP][PASSED] - tap(findTestObject("Object Repository/Mobile/Page/Register/Not Registered/Informasi Pribadi/Button - Capture Face with KTP"), 0, STOP_ON_FAILURE): Tapped on element 'Object Repository/Mobile/Page/Register/Not Registered/Informasi Pribadi/Button - Capture Face with KTP'

2021-10-18 10:24:44 - [MESSAGE][WARNING] - Timeout '0' is invalid. Using default page load timeout: '60'

2021-10-18 10:24:46 - [MESSAGE][PASSED] - Tapped on element 'Object Repository/Mobile/Page/Register/Not Registered/Informasi Pribadi/Button - Capture Face with KTP'

2021-10-18 10:24:46 - [TEST_STEP][PASSED] - delay(2): Delayed 2 second(s)

2021-10-18 10:24:48 - [MESSAGE][PASSED] - Delayed 2 second(s)

2021-10-18 10:24:48 - [TEST_STEP][PASSED] - hideKeyboard(): Keyboard is hidden

2021-10-18 10:24:54 - [MESSAGE][PASSED] - Keyboard is hidden

2021-10-18 10:24:54 - [TEST_STEP][PASSED] - delay(1): Delayed 1 second(s)

2021-10-18 10:24:55 - [MESSAGE][PASSED] - Delayed 1 second(s)

2021-10-18 10:24:55 - [TEST_STEP][PASSED] - scroll.scroll.scrollToBottomOpenKeyboard(): scroll.scroll.scrollToBottomOpenKeyboard is PASSED

2021-10-18 10:24:55 - [MESSAGE][PASSED] - Current device physical height is 1423

2021-10-18 10:24:55 - [MESSAGE][PASSED] - Current device physical width is 720

2021-10-18 10:24:57 - [MESSAGE][PASSED] - Swiped from 360,853 to 360,284

2021-10-18 10:24:57 - [MESSAGE][PASSED] - scroll.scroll.scrollToBottomOpenKeyboard is PASSED

2021-10-18 10:24:57 - [TEST_STEP][PASSED] - tap(findTestObject("Object Repository/Mobile/Page/Register/Not Registered/Informasi Pribadi/Radio Button - Low Risk"), 0, STOP_ON_FAILURE): Tapped on element 'Object Repository/Mobile/Page/Register/Not Registered/Informasi Pribadi/Radio Button - Low Risk'

2021-10-18 10:24:57 - [MESSAGE][WARNING] - Timeout '0' is invalid. Using default page load timeout: '60'

2021-10-18 10:24:58 - [MESSAGE][PASSED] - Tapped on element 'Object Repository/Mobile/Page/Register/Not Registered/Informasi Pribadi/Radio Button - Low Risk'

2021-10-18 10:24:58 - [TEST_STEP][PASSED] - delay(1): Delayed 1 second(s)

2021-10-18 10:24:59 - [MESSAGE][PASSED] - Delayed 1 second(s)

2021-10-18 10:24:59 - [TEST_STEP][PASSED] - tap(findTestObject("Object Repository/Mobile/Page/Register/Not Registered/Informasi Pribadi/Radio Button - Medium Risk"), 0, STOP_ON_FAILURE): Tapped on element 'Object Repository/Mobile/Page/Register/Not Registered/Informasi Pribadi/Radio Button - Medium Risk'

2021-10-18 10:24:59 - [MESSAGE][WARNING] - Timeout '0' is invalid. Using default page load timeout: '60'

2021-10-18 10:24:59 - [MESSAGE][PASSED] - Tapped on element 'Object Repository/Mobile/Page/Register/Not Registered/Informasi Pribadi/Radio Button - Medium Risk'

2021-10-18 10:24:59 - [TEST_STEP][PASSED] - delay(1): Delayed 1 second(s)

2021-10-18 10:25:00 - [MESSAGE][PASSED] - Delayed 1 second(s)

2021-10-18 10:25:00 - [TEST_STEP][PASSED] - tap(findTestObject("Object Repository/Mobile/Page/Register/Not Registered/Informasi Pribadi/Radio Button - High Risk"), 0, STOP_ON_FAILURE): Tapped on element 'Object Repository/Mobile/Page/Register/Not Registered/Informasi Pribadi/Radio Button - High Risk'

2021-10-18 10:25:00 - [MESSAGE][WARNING] - Timeout '0' is invalid. Using default page load timeout: '60'

2021-10-18 10:25:02 - [MESSAGE][PASSED] - Tapped on element 'Object Repository/Mobile/Page/Register/Not Registered/Informasi Pribadi/Radio Button - High Risk'

2021-10-18 10:25:02 - [TEST_STEP][PASSED] - delay(1): Delayed 1 second(s)

2021-10-18 10:25:03 - [MESSAGE][PASSED] - Delayed 1 second(s)

2021-10-18 10:25:03 - [TEST_STEP][PASSED] - tap(findTestObject("Object Repository/Mobile/Page/Register/Not Registered/Informasi Pribadi/Button - Next"), 0, STOP_ON_FAILURE): Tapped on element 'Object Repository/Mobile/Page/Register/Not Registered/Informasi Pribadi/Button - Next'

2021-10-18 10:25:03 - [MESSAGE][WARNING] - Timeout '0' is invalid. Using default page load timeout: '60'

2021-10-18 10:25:04 - [MESSAGE][PASSED] - Tapped on element 'Object Repository/Mobile/Page/Register/Not Registered/Informasi Pribadi/Button - Next'

2021-10-18 10:25:04 - [TEST_STEP][PASSED] - delay(1): Delayed 1 second(s)

2021-10-18 10:25:05 - [MESSAGE][PASSED] - Delayed 1 second(s)

2021-10-18 10:25:05 - [TEST_STEP][PASSED] - tapAndHold(findTestObject("Mobile/Page/Register/Not Registered/Akun Bank/Dropdown - Bank"), 1, 0, STOP_ON_FAILURE): Tapped and held on element 'Object Repository/Mobile/Page/Register/Not Registered/Akun Bank/Dropdown - Bank' with duration 1

2021-10-18 10:25:05 - [MESSAGE][WARNING] - Timeout '0' is invalid. Using default page load timeout: '60'

2021-10-18 10:25:08 - [MESSAGE][PASSED] - Tapped and held on element 'Object Repository/Mobile/Page/Register/Not Registered/Akun Bank/Dropdown - Bank' with duration 1

2021-10-18 10:25:08 - [TEST_STEP][PASSED] - tap(findTestObject("Mobile/Page/Register/Not Registered/Akun Bank/Edit Text - Search Bank"), 0, STOP_ON_FAILURE): Tapped on element 'Object Repository/Mobile/Page/Register/Not Registered/Akun Bank/Edit Text - Search Bank'

2021-10-18 10:25:08 - [MESSAGE][WARNING] - Timeout '0' is invalid. Using default page load timeout: '60'

2021-10-18 10:25:08 - [MESSAGE][PASSED] - Tapped on element 'Object Repository/Mobile/Page/Register/Not Registered/Akun Bank/Edit Text - Search Bank'

2021-10-18 10:25:08 - [TEST_STEP][PASSED] - setText(findTestObject("Mobile/Page/Register/Not Registered/Akun Bank/Edit Text - Search Bank"), "citibank", 0, STOP_ON_FAILURE): Text 'citibank' has been set to element 'Object Repository/Mobile/Page/Register/Not Registered/Akun Bank/Edit Text - Search Bank'

2021-10-18 10:25:08 - [MESSAGE][WARNING] - Timeout '0' is invalid. Using default page load timeout: '60'

2021-10-18 10:25:09 - [MESSAGE][PASSED] - Text 'citibank' has been set to element 'Object Repository/Mobile/Page/Register/Not Registered/Akun Bank/Edit Text - Search Bank'

2021-10-18 10:25:09 - [TEST_STEP][PASSED] - driver = getDriver(): null

2021-10-18 10:25:09 - [TEST_STEP][PASSED] - driver.pressKeyCode(ENTER): null

2021-10-18 10:25:10 - [TEST_STEP][PASSED] - tap(findTestObject("Object Repository/Mobile/Page/Register/Not Registered/Akun Bank/Item - Top Search Bank"), 0, STOP_ON_FAILURE): Tapped on element 'Object Repository/Mobile/Page/Register/Not Registered/Akun Bank/Item - Top Search Bank'

2021-10-18 10:25:10 - [MESSAGE][WARNING] - Timeout '0' is invalid. Using default page load timeout: '60'

2021-10-18 10:25:12 - [MESSAGE][PASSED] - Tapped on element 'Object Repository/Mobile/Page/Register/Not Registered/Akun Bank/Item - Top Search Bank'

2021-10-18 10:25:12 - [TEST_STEP][PASSED] - delay(1): Delayed 1 second(s)

2021-10-18 10:25:13 - [MESSAGE][PASSED] - Delayed 1 second(s)

2021-10-18 10:25:13 - [TEST_STEP][PASSED] - tapAndHold(findTestObject("Mobile/Page/Register/Not Registered/Akun Bank/Dropdown - Country"), 1, 0, STOP_ON_FAILURE): Tapped and held on element 'Object Repository/Mobile/Page/Register/Not Registered/Akun Bank/Dropdown - Country' with duration 1

2021-10-18 10:25:13 - [MESSAGE][WARNING] - Timeout '0' is invalid. Using default page load timeout: '60'

2021-10-18 10:25:16 - [MESSAGE][PASSED] - Tapped and held on element 'Object Repository/Mobile/Page/Register/Not Registered/Akun Bank/Dropdown - Country' with duration 1

2021-10-18 10:25:16 - [TEST_STEP][PASSED] - tap(findTestObject("Object Repository/Mobile/Page/Register/Not Registered/Akun Bank/Dropdown - Country Option Indonesia"), 0, STOP_ON_FAILURE): Tapped on element 'Object Repository/Mobile/Page/Register/Not Registered/Akun Bank/Dropdown - Country Option Indonesia'

2021-10-18 10:25:16 - [MESSAGE][WARNING] - Timeout '0' is invalid. Using default page load timeout: '60'

2021-10-18 10:25:17 - [MESSAGE][PASSED] - Tapped on element 'Object Repository/Mobile/Page/Register/Not Registered/Akun Bank/Dropdown - Country Option Indonesia'

2021-10-18 10:25:17 - [TEST_STEP][PASSED] - delay(1): Delayed 1 second(s)

2021-10-18 10:25:18 - [MESSAGE][PASSED] - Delayed 1 second(s)

2021-10-18 10:25:18 - [TEST_STEP][PASSED] - if (negativeStatus == "isBranchNumber"): null

2021-10-18 10:25:18 - [TEST_STEP][PASSED] - else: Delayed 1 second(s)

2021-10-18 10:25:18 - [TEST_STEP][PASSED] - tap(findTestObject("Object Repository/Mobile/Page/Register/Not Registered/Akun Bank/Edit Text - Branch"), 0, STOP_ON_FAILURE): Tapped on element 'Object Repository/Mobile/Page/Register/Not Registered/Akun Bank/Edit Text - Branch'

2021-10-18 10:25:18 - [MESSAGE][WARNING] - Timeout '0' is invalid. Using default page load timeout: '60'

2021-10-18 10:25:18 - [MESSAGE][PASSED] - Tapped on element 'Object Repository/Mobile/Page/Register/Not Registered/Akun Bank/Edit Text - Branch'

2021-10-18 10:25:18 - [TEST_STEP][PASSED] - setText(findTestObject("Object Repository/Mobile/Page/Register/Not Registered/Akun Bank/Edit Text - Branch"), branch, 0, STOP_ON_FAILURE): Text 'qa cabang' has been set to element 'Object Repository/Mobile/Page/Register/Not Registered/Akun Bank/Edit Text - Branch'

2021-10-18 10:25:18 - [MESSAGE][WARNING] - Timeout '0' is invalid. Using default page load timeout: '60'

2021-10-18 10:25:20 - [MESSAGE][PASSED] - Text 'qa cabang' has been set to element 'Object Repository/Mobile/Page/Register/Not Registered/Akun Bank/Edit Text - Branch'

2021-10-18 10:25:20 - [TEST_STEP][PASSED] - hideKeyboard(): Keyboard is hidden

2021-10-18 10:25:23 - [MESSAGE][PASSED] - Keyboard is hidden

2021-10-18 10:25:23 - [TEST_STEP][PASSED] - delay(1): Delayed 1 second(s)

2021-10-18 10:25:24 - [MESSAGE][PASSED] - Delayed 1 second(s)

2021-10-18 10:25:24 - [TEST_STEP][PASSED] - tap(findTestObject("Object Repository/Mobile/Page/Register/Not Registered/Akun Bank/Edit Text - Account Number"), 0, STOP_ON_FAILURE): Tapped on element 'Object Repository/Mobile/Page/Register/Not Registered/Akun Bank/Edit Text - Account Number'

2021-10-18 10:25:24 - [MESSAGE][WARNING] - Timeout '0' is invalid. Using default page load timeout: '60'

2021-10-18 10:25:25 - [MESSAGE][PASSED] - Tapped on element 'Object Repository/Mobile/Page/Register/Not Registered/Akun Bank/Edit Text - Account Number'

2021-10-18 10:25:25 - [TEST_STEP][PASSED] - setText(findTestObject("Object Repository/Mobile/Page/Register/Not Registered/Akun Bank/Edit Text - Account Number"), accountnumber, 0, STOP_ON_FAILURE): Text '222444222444' has been set to element 'Object Repository/Mobile/Page/Register/Not Registered/Akun Bank/Edit Text - Account Number'

2021-10-18 10:25:25 - [MESSAGE][WARNING] - Timeout '0' is invalid. Using default page load timeout: '60'

2021-10-18 10:25:26 - [MESSAGE][PASSED] - Text '222444222444' has been set to element 'Object Repository/Mobile/Page/Register/Not Registered/Akun Bank/Edit Text - Account Number'

2021-10-18 10:25:26 - [TEST_STEP][PASSED] - hideKeyboard(): Keyboard is hidden

2021-10-18 10:25:33 - [MESSAGE][PASSED] - Keyboard is hidden

2021-10-18 10:25:33 - [TEST_STEP][PASSED] - delay(1): Delayed 1 second(s)

2021-10-18 10:25:34 - [MESSAGE][PASSED] - Delayed 1 second(s)

2021-10-18 10:25:34 - [TEST_STEP][PASSED] - if (negativeStatus == "isNameOwnerNotMatch"): null

2021-10-18 10:25:34 - [TEST_STEP][PASSED] - else: Delayed 1 second(s)

2021-10-18 10:25:34 - [TEST_STEP][PASSED] - tap(findTestObject("Object Repository/Mobile/Page/Register/Not Registered/Akun Bank/Edit Text - Name Owner"), 0, STOP_ON_FAILURE): Tapped on element 'Object Repository/Mobile/Page/Register/Not Registered/Akun Bank/Edit Text - Name Owner'

2021-10-18 10:25:34 - [MESSAGE][WARNING] - Timeout '0' is invalid. Using default page load timeout: '60'

2021-10-18 10:25:34 - [MESSAGE][PASSED] - Tapped on element 'Object Repository/Mobile/Page/Register/Not Registered/Akun Bank/Edit Text - Name Owner'

2021-10-18 10:25:34 - [TEST_STEP][PASSED] - setText(findTestObject("Object Repository/Mobile/Page/Register/Not Registered/Akun Bank/Edit Text - Name Owner"), nameowner, 0, STOP_ON_FAILURE): Text 'qatestingJPvMCiywdF' has been set to element 'Object Repository/Mobile/Page/Register/Not Registered/Akun Bank/Edit Text - Name Owner'

2021-10-18 10:25:34 - [MESSAGE][WARNING] - Timeout '0' is invalid. Using default page load timeout: '60'

2021-10-18 10:25:36 - [MESSAGE][PASSED] - Text 'qatestingJPvMCiywdF' has been set to element 'Object Repository/Mobile/Page/Register/Not Registered/Akun Bank/Edit Text - Name Owner'

2021-10-18 10:25:36 - [TEST_STEP][PASSED] - hideKeyboard(): Keyboard is hidden

2021-10-18 10:25:39 - [MESSAGE][PASSED] - Keyboard is hidden

2021-10-18 10:25:39 - [TEST_STEP][PASSED] - delay(1): Delayed 1 second(s)

2021-10-18 10:25:40 - [MESSAGE][PASSED] - Delayed 1 second(s)

2021-10-18 10:25:40 - [TEST_STEP][PASSED] - tap(findTestObject("Object Repository/Mobile/Page/Register/Not Registered/Akun Bank/Button - Next"), 0, STOP_ON_FAILURE): Tapped on element 'Object Repository/Mobile/Page/Register/Not Registered/Akun Bank/Button - Next'

2021-10-18 10:25:40 - [MESSAGE][WARNING] - Timeout '0' is invalid. Using default page load timeout: '60'

2021-10-18 10:25:41 - [MESSAGE][PASSED] - Tapped on element 'Object Repository/Mobile/Page/Register/Not Registered/Akun Bank/Button - Next'

2021-10-18 10:25:41 - [TEST_STEP][PASSED] - delay(1): Delayed 1 second(s)

2021-10-18 10:25:42 - [MESSAGE][PASSED] - Delayed 1 second(s)

2021-10-18 10:25:42 - [TEST_STEP][PASSED] - if (isUseReferralCode == 1): null

2021-10-18 10:25:42 - [TEST_STEP][PASSED] - if (negativeStatus == "isNotUseSignature"): Element 'Object Repository/Mobile/Page/Register/Not Registered/Konfirmasi/Alert - Please sign' is exist

2021-10-18 10:25:42 - [TEST_STEP][PASSED] - tap(findTestObject("Object Repository/Mobile/Page/Register/Not Registered/Konfirmasi/Checkbox - Agreement"), 0, STOP_ON_FAILURE): Tapped on element 'Object Repository/Mobile/Page/Register/Not Registered/Konfirmasi/Checkbox - Agreement'

2021-10-18 10:25:42 - [MESSAGE][WARNING] - Timeout '0' is invalid. Using default page load timeout: '60'

2021-10-18 10:25:43 - [MESSAGE][PASSED] - Tapped on element 'Object Repository/Mobile/Page/Register/Not Registered/Konfirmasi/Checkbox - Agreement'

2021-10-18 10:25:43 - [TEST_STEP][PASSED] - delay(1): Delayed 1 second(s)

2021-10-18 10:25:44 - [MESSAGE][PASSED] - Delayed 1 second(s)

2021-10-18 10:25:44 - [TEST_STEP][PASSED] - tap(findTestObject("Object Repository/Mobile/Page/Register/Not Registered/Konfirmasi/Button - Next"), 0, STOP_ON_FAILURE): Tapped on element 'Object Repository/Mobile/Page/Register/Not Registered/Konfirmasi/Button - Next'

2021-10-18 10:25:44 - [MESSAGE][WARNING] - Timeout '0' is invalid. Using default page load timeout: '60'

2021-10-18 10:25:45 - [MESSAGE][PASSED] - Tapped on element 'Object Repository/Mobile/Page/Register/Not Registered/Konfirmasi/Button - Next'

2021-10-18 10:25:45 - [TEST_STEP][PASSED] - delay(5): Delayed 5 second(s)

2021-10-18 10:25:50 - [MESSAGE][PASSED] - Delayed 5 second(s)

2021-10-18 10:25:50 - [TEST_STEP][PASSED] - alertpleasesign = verifyElementExist(findTestObject("Object Repository/Mobile/Page/Register/Not Registered/Konfirmasi/Alert - Please sign"), 1, OPTIONAL): Element 'Object Repository/Mobile/Page/Register/Not Registered/Konfirmasi/Alert - Please sign' is exist

2021-10-18 10:25:50 - [MESSAGE][PASSED] - Element 'Object Repository/Mobile/Page/Register/Not Registered/Konfirmasi/Alert - Please sign' is exist

2021-10-18 10:25:50 - [MESSAGE][PASSED] - Call Test Case 'Test Cases/Mobile/Page/Register/Register' successfully

2021-10-18 10:25:50 - [TEST_STEP][PASSED] - callTestCase(findTestCase("Mobile/Page/Run App/Terminate App"), [:], STOP_ON_FAILURE): Call Test Case 'Test Cases/Mobile/Page/Run App/Terminate App' successfully

2021-10-18 10:25:50 - [TEST_CASE][PASSED] - Test Cases/Mobile/Page/Run App/Terminate App: Test Cases/Mobile/Page/Run App/Terminate App

2021-10-18 10:25:50 - [TEST_STEP][PASSED] - startApp.OpenApp.terminateApplication(): startApp.OpenApp.terminateApplication is PASSED

2021-10-18 10:25:53 - [MESSAGE][PASSED] - Delayed 3 second(s)

2021-10-18 10:25:53 - [MESSAGE][WARNING] - Timeout '0' is invalid. Using default page load timeout: '60'

2021-10-18 10:25:54 - [MESSAGE][PASSED] - Tapped on element 'Object Repository/Mobile/Page/Button - Close all application'

2021-10-18 10:25:57 - [MESSAGE][PASSED] - Delayed 3 second(s)

2021-10-18 10:25:57 - [MESSAGE][PASSED] - startApp.OpenApp.terminateApplication is PASSED

2021-10-18 10:25:57 - [MESSAGE][PASSED] - Call Test Case 'Test Cases/Mobile/Page/Run App/Terminate App' successfully]]></system-out>
         <system-err><![CDATA[]]></system-err>
      </testcase>
      <testcase name="Test Cases/Mobile/Scenario/Register/007 - Registrasi akun baru dengan foto bukan KTP" time="207.057" classname="Test Cases/Mobile/Scenario/Register/007 - Registrasi akun baru dengan foto bukan KTP" status="PASSED">
         <system-out><![CDATA[2021-10-18 10:25:57 - [TEST_CASE][PASSED] - Test Cases/Mobile/Scenario/Register/007 - Registrasi akun baru dengan foto bukan KTP: Test Cases/Mobile/Scenario/Register/007 - Registrasi akun baru dengan foto bukan KTP

2021-10-18 10:25:57 - [TEST_STEP][PASSED] - callTestCase(findTestCase("Mobile/Page/Run App/Run App byID"), [:], STOP_ON_FAILURE): Call Test Case 'Test Cases/Mobile/Page/Run App/Run App byID' successfully

2021-10-18 10:25:57 - [TEST_CASE][PASSED] - Test Cases/Mobile/Page/Run App/Run App byID: Test Cases/Mobile/Page/Run App/Run App byID

2021-10-18 10:25:57 - [TEST_STEP][PASSED] - startApp.OpenApp.startApplication("com.mirae.maxfund"): startApp.OpenApp.startApplication is PASSED

2021-10-18 10:26:10 - [MESSAGE][PASSED] - Starting app with application ID: 'com.mirae.maxfund'

2021-10-18 10:26:10 - [MESSAGE][PASSED] - startApp.OpenApp.startApplication is PASSED

2021-10-18 10:26:10 - [MESSAGE][PASSED] - Call Test Case 'Test Cases/Mobile/Page/Run App/Run App byID' successfully

2021-10-18 10:26:10 - [TEST_STEP][PASSED] - callTestCase(findTestCase("Mobile/Page/Register/Register"), ["isFromLoginPage":0, "isBedaAlamat":0, "isUseReferralCode":0, "negativeStatus":"none"], STOP_ON_FAILURE): Call Test Case 'Test Cases/Mobile/Page/Register/Register' successfully

2021-10-18 10:26:10 - [TEST_CASE][PASSED] - Test Cases/Mobile/Page/Register/Register: Test Cases/Mobile/Page/Register/Register

2021-10-18 10:26:10 - [TEST_STEP][PASSED] - fullname = "qatesting" + acak.acak.randomStringWord(): acak.acak.randomStringWord is PASSED

2021-10-18 10:26:10 - [MESSAGE][PASSED] - acak.acak.randomStringWord is PASSED

2021-10-18 10:26:10 - [TEST_STEP][PASSED] - birthdate = "1/1/1998": null

2021-10-18 10:26:10 - [TEST_STEP][PASSED] - phone = "082257" + acak.acak.randomStringNumber(6): acak.acak.randomStringNumber is PASSED

2021-10-18 10:26:10 - [MESSAGE][PASSED] - acak.acak.randomStringNumber is PASSED

2021-10-18 10:26:10 - [TEST_STEP][PASSED] - email = fullname + "@gmail.com": null

2021-10-18 10:26:10 - [TEST_STEP][PASSED] - password = "Mirae1234": null

2021-10-18 10:26:10 - [TEST_STEP][PASSED] - branch = "qa cabang": null

2021-10-18 10:26:10 - [TEST_STEP][PASSED] - accountnumber = "222444222444": null

2021-10-18 10:26:10 - [TEST_STEP][PASSED] - nameowner = fullname: null

2021-10-18 10:26:10 - [TEST_STEP][PASSED] - alamat = "Jl. Cempaka Putih Barat 12 F No.12, RT.8/RW.8": null

2021-10-18 10:26:10 - [TEST_STEP][PASSED] - kodepos = "15412": null

2021-10-18 10:26:10 - [TEST_STEP][PASSED] - referralcode = "15412": null

2021-10-18 10:26:10 - [TEST_STEP][PASSED] - flag = "indonesia": null

2021-10-18 10:26:10 - [TEST_STEP][PASSED] - bank = "citibank": null

2021-10-18 10:26:10 - [TEST_STEP][PASSED] - if (isFromLoginPage == 1): null

2021-10-18 10:26:10 - [TEST_STEP][PASSED] - else: Delayed 1 second(s)

2021-10-18 10:26:10 - [TEST_STEP][PASSED] - tap(findTestObject("Object Repository/Mobile/Page/Dashboard/Button - Register"), 0, STOP_ON_FAILURE): Tapped on element 'Object Repository/Mobile/Page/Dashboard/Button - Register'

2021-10-18 10:26:10 - [MESSAGE][WARNING] - Timeout '0' is invalid. Using default page load timeout: '60'

2021-10-18 10:26:13 - [MESSAGE][PASSED] - Tapped on element 'Object Repository/Mobile/Page/Dashboard/Button - Register'

2021-10-18 10:26:13 - [TEST_STEP][PASSED] - delay(1): Delayed 1 second(s)

2021-10-18 10:26:14 - [MESSAGE][PASSED] - Delayed 1 second(s)

2021-10-18 10:26:14 - [TEST_STEP][PASSED] - for ([i = 0, i < 1, (i++)]): Delayed 1 second(s)

2021-10-18 10:26:14 - [TEST_STEP][PASSED] - if (negativeStatus == "isRegistered"): null

2021-10-18 10:26:14 - [TEST_STEP][PASSED] - tap(findTestObject("Object Repository/Mobile/Page/Register/Radio Button - Not registered yet"), 0, STOP_ON_FAILURE): Tapped on element 'Object Repository/Mobile/Page/Register/Radio Button - Not registered yet'

2021-10-18 10:26:14 - [MESSAGE][WARNING] - Timeout '0' is invalid. Using default page load timeout: '60'

2021-10-18 10:26:15 - [MESSAGE][PASSED] - Tapped on element 'Object Repository/Mobile/Page/Register/Radio Button - Not registered yet'

2021-10-18 10:26:15 - [TEST_STEP][PASSED] - delay(1): Delayed 1 second(s)

2021-10-18 10:26:16 - [MESSAGE][PASSED] - Delayed 1 second(s)

2021-10-18 10:26:16 - [TEST_STEP][PASSED] - tap(findTestObject("Object Repository/Mobile/Page/Register/Not Registered/Button - Next"), 0, STOP_ON_FAILURE): Tapped on element 'Object Repository/Mobile/Page/Register/Not Registered/Button - Next'

2021-10-18 10:26:16 - [MESSAGE][WARNING] - Timeout '0' is invalid. Using default page load timeout: '60'

2021-10-18 10:26:17 - [MESSAGE][PASSED] - Tapped on element 'Object Repository/Mobile/Page/Register/Not Registered/Button - Next'

2021-10-18 10:26:17 - [TEST_STEP][PASSED] - delay(1): Delayed 1 second(s)

2021-10-18 10:26:18 - [MESSAGE][PASSED] - Delayed 1 second(s)

2021-10-18 10:26:18 - [TEST_STEP][PASSED] - tap(findTestObject("Object Repository/Mobile/Page/Register/Not Registered/Informasi Pribadi/Edit Text - Fullname"), 0, STOP_ON_FAILURE): Tapped on element 'Object Repository/Mobile/Page/Register/Not Registered/Informasi Pribadi/Edit Text - Fullname'

2021-10-18 10:26:18 - [MESSAGE][WARNING] - Timeout '0' is invalid. Using default page load timeout: '60'

2021-10-18 10:26:19 - [MESSAGE][PASSED] - Tapped on element 'Object Repository/Mobile/Page/Register/Not Registered/Informasi Pribadi/Edit Text - Fullname'

2021-10-18 10:26:19 - [TEST_STEP][PASSED] - setText(findTestObject("Object Repository/Mobile/Page/Register/Not Registered/Informasi Pribadi/Edit Text - Fullname"), fullname, 0): Text 'qatestingkVcMiHdjdU' has been set to element 'Object Repository/Mobile/Page/Register/Not Registered/Informasi Pribadi/Edit Text - Fullname'

2021-10-18 10:26:19 - [MESSAGE][WARNING] - Timeout '0' is invalid. Using default page load timeout: '60'

2021-10-18 10:26:21 - [MESSAGE][PASSED] - Text 'qatestingkVcMiHdjdU' has been set to element 'Object Repository/Mobile/Page/Register/Not Registered/Informasi Pribadi/Edit Text - Fullname'

2021-10-18 10:26:21 - [TEST_STEP][PASSED] - hideKeyboard(): Keyboard is hidden

2021-10-18 10:26:25 - [MESSAGE][PASSED] - Keyboard is hidden

2021-10-18 10:26:25 - [TEST_STEP][PASSED] - delay(1): Delayed 1 second(s)

2021-10-18 10:26:26 - [MESSAGE][PASSED] - Delayed 1 second(s)

2021-10-18 10:26:26 - [TEST_STEP][PASSED] - tap(findTestObject("Object Repository/Mobile/Page/Register/Not Registered/Informasi Pribadi/Date Picker - Date of Birth"), 0, STOP_ON_FAILURE): Tapped on element 'Object Repository/Mobile/Page/Register/Not Registered/Informasi Pribadi/Date Picker - Date of Birth'

2021-10-18 10:26:26 - [MESSAGE][WARNING] - Timeout '0' is invalid. Using default page load timeout: '60'

2021-10-18 10:26:26 - [MESSAGE][PASSED] - Tapped on element 'Object Repository/Mobile/Page/Register/Not Registered/Informasi Pribadi/Date Picker - Date of Birth'

2021-10-18 10:26:26 - [TEST_STEP][PASSED] - tap(findTestObject("Object Repository/Mobile/Page/Register/Not Registered/Informasi Pribadi/Date Picker - Icon Edit"), 0, STOP_ON_FAILURE): Tapped on element 'Object Repository/Mobile/Page/Register/Not Registered/Informasi Pribadi/Date Picker - Icon Edit'

2021-10-18 10:26:26 - [MESSAGE][WARNING] - Timeout '0' is invalid. Using default page load timeout: '60'

2021-10-18 10:26:29 - [MESSAGE][PASSED] - Tapped on element 'Object Repository/Mobile/Page/Register/Not Registered/Informasi Pribadi/Date Picker - Icon Edit'

2021-10-18 10:26:29 - [TEST_STEP][PASSED] - if (negativeStatus == "isCheckDateOfBirth"): null

2021-10-18 10:26:29 - [TEST_STEP][PASSED] - else: Delayed 1 second(s)

2021-10-18 10:26:29 - [TEST_STEP][PASSED] - setText(findTestObject("Mobile/Page/Register/Not Registered/Informasi Pribadi/Date Picker - Edit Text Date"), birthdate, 0): Text '1/1/1998' has been set to element 'Object Repository/Mobile/Page/Register/Not Registered/Informasi Pribadi/Date Picker - Edit Text Date'

2021-10-18 10:26:29 - [MESSAGE][WARNING] - Timeout '0' is invalid. Using default page load timeout: '60'

2021-10-18 10:26:29 - [MESSAGE][PASSED] - Text '1/1/1998' has been set to element 'Object Repository/Mobile/Page/Register/Not Registered/Informasi Pribadi/Date Picker - Edit Text Date'

2021-10-18 10:26:29 - [TEST_STEP][PASSED] - tap(findTestObject("Mobile/Page/Register/Not Registered/Informasi Pribadi/Date Picker - Button OK"), 0, STOP_ON_FAILURE): Tapped on element 'Object Repository/Mobile/Page/Register/Not Registered/Informasi Pribadi/Date Picker - Button OK'

2021-10-18 10:26:29 - [MESSAGE][WARNING] - Timeout '0' is invalid. Using default page load timeout: '60'

2021-10-18 10:26:31 - [MESSAGE][PASSED] - Tapped on element 'Object Repository/Mobile/Page/Register/Not Registered/Informasi Pribadi/Date Picker - Button OK'

2021-10-18 10:26:31 - [TEST_STEP][PASSED] - delay(1): Delayed 1 second(s)

2021-10-18 10:26:32 - [MESSAGE][PASSED] - Delayed 1 second(s)

2021-10-18 10:26:32 - [TEST_STEP][PASSED] - if (negativeStatus == "isPhoneNumberNonIndo"): null

2021-10-18 10:26:32 - [TEST_STEP][PASSED] - tap(findTestObject("Object Repository/Mobile/Page/Register/Not Registered/Informasi Pribadi/Dropdown - Flag Phone Number"), 0, STOP_ON_FAILURE): Tapped on element 'Object Repository/Mobile/Page/Register/Not Registered/Informasi Pribadi/Dropdown - Flag Phone Number'

2021-10-18 10:26:32 - [MESSAGE][WARNING] - Timeout '0' is invalid. Using default page load timeout: '60'

2021-10-18 10:26:33 - [MESSAGE][PASSED] - Tapped on element 'Object Repository/Mobile/Page/Register/Not Registered/Informasi Pribadi/Dropdown - Flag Phone Number'

2021-10-18 10:26:33 - [TEST_STEP][PASSED] - tap(findTestObject("Object Repository/Mobile/Page/Register/Not Registered/Informasi Pribadi/Edit Text - Search Flag"), 0, STOP_ON_FAILURE): Tapped on element 'Object Repository/Mobile/Page/Register/Not Registered/Informasi Pribadi/Edit Text - Search Flag'

2021-10-18 10:26:33 - [MESSAGE][WARNING] - Timeout '0' is invalid. Using default page load timeout: '60'

2021-10-18 10:26:34 - [MESSAGE][PASSED] - Tapped on element 'Object Repository/Mobile/Page/Register/Not Registered/Informasi Pribadi/Edit Text - Search Flag'

2021-10-18 10:26:34 - [TEST_STEP][PASSED] - setText(findTestObject("Object Repository/Mobile/Page/Register/Not Registered/Informasi Pribadi/Edit Text - Search Flag"), flag, 0): Text 'indonesia' has been set to element 'Object Repository/Mobile/Page/Register/Not Registered/Informasi Pribadi/Edit Text - Search Flag'

2021-10-18 10:26:34 - [MESSAGE][WARNING] - Timeout '0' is invalid. Using default page load timeout: '60'

2021-10-18 10:26:35 - [MESSAGE][PASSED] - Text 'indonesia' has been set to element 'Object Repository/Mobile/Page/Register/Not Registered/Informasi Pribadi/Edit Text - Search Flag'

2021-10-18 10:26:35 - [TEST_STEP][PASSED] - tap(findTestObject("Mobile/Page/Register/Not Registered/Informasi Pribadi/Item Flag - Top Search"), 0, STOP_ON_FAILURE): Tapped on element 'Object Repository/Mobile/Page/Register/Not Registered/Informasi Pribadi/Item Flag - Top Search'

2021-10-18 10:26:35 - [MESSAGE][WARNING] - Timeout '0' is invalid. Using default page load timeout: '60'

2021-10-18 10:26:36 - [MESSAGE][PASSED] - Tapped on element 'Object Repository/Mobile/Page/Register/Not Registered/Informasi Pribadi/Item Flag - Top Search'

2021-10-18 10:26:36 - [TEST_STEP][PASSED] - tap(findTestObject("Object Repository/Mobile/Page/Register/Not Registered/Informasi Pribadi/Edit Text - Phone Number"), 0, STOP_ON_FAILURE): Tapped on element 'Object Repository/Mobile/Page/Register/Not Registered/Informasi Pribadi/Edit Text - Phone Number'

2021-10-18 10:26:36 - [MESSAGE][WARNING] - Timeout '0' is invalid. Using default page load timeout: '60'

2021-10-18 10:26:37 - [MESSAGE][PASSED] - Tapped on element 'Object Repository/Mobile/Page/Register/Not Registered/Informasi Pribadi/Edit Text - Phone Number'

2021-10-18 10:26:37 - [TEST_STEP][PASSED] - setText(findTestObject("Object Repository/Mobile/Page/Register/Not Registered/Informasi Pribadi/Edit Text - Phone Number"), phone, 0): Text '082257924317' has been set to element 'Object Repository/Mobile/Page/Register/Not Registered/Informasi Pribadi/Edit Text - Phone Number'

2021-10-18 10:26:37 - [MESSAGE][WARNING] - Timeout '0' is invalid. Using default page load timeout: '60'

2021-10-18 10:26:39 - [MESSAGE][PASSED] - Text '082257924317' has been set to element 'Object Repository/Mobile/Page/Register/Not Registered/Informasi Pribadi/Edit Text - Phone Number'

2021-10-18 10:26:39 - [TEST_STEP][PASSED] - hideKeyboard(): Keyboard is hidden

2021-10-18 10:26:46 - [MESSAGE][PASSED] - Keyboard is hidden

2021-10-18 10:26:46 - [TEST_STEP][PASSED] - delay(1): Delayed 1 second(s)

2021-10-18 10:26:47 - [MESSAGE][PASSED] - Delayed 1 second(s)

2021-10-18 10:26:47 - [TEST_STEP][PASSED] - tap(findTestObject("Object Repository/Mobile/Page/Register/Not Registered/Informasi Pribadi/Dropdown - Flag Re Phone Number"), 0, STOP_ON_FAILURE): Tapped on element 'Object Repository/Mobile/Page/Register/Not Registered/Informasi Pribadi/Dropdown - Flag Re Phone Number'

2021-10-18 10:26:47 - [MESSAGE][WARNING] - Timeout '0' is invalid. Using default page load timeout: '60'

2021-10-18 10:26:48 - [MESSAGE][PASSED] - Tapped on element 'Object Repository/Mobile/Page/Register/Not Registered/Informasi Pribadi/Dropdown - Flag Re Phone Number'

2021-10-18 10:26:48 - [TEST_STEP][PASSED] - tap(findTestObject("Object Repository/Mobile/Page/Register/Not Registered/Informasi Pribadi/Edit Text - Search Flag"), 0, STOP_ON_FAILURE): Tapped on element 'Object Repository/Mobile/Page/Register/Not Registered/Informasi Pribadi/Edit Text - Search Flag'

2021-10-18 10:26:48 - [MESSAGE][WARNING] - Timeout '0' is invalid. Using default page load timeout: '60'

2021-10-18 10:26:48 - [MESSAGE][PASSED] - Tapped on element 'Object Repository/Mobile/Page/Register/Not Registered/Informasi Pribadi/Edit Text - Search Flag'

2021-10-18 10:26:48 - [TEST_STEP][PASSED] - setText(findTestObject("Object Repository/Mobile/Page/Register/Not Registered/Informasi Pribadi/Edit Text - Search Flag"), flag, 0): Text 'indonesia' has been set to element 'Object Repository/Mobile/Page/Register/Not Registered/Informasi Pribadi/Edit Text - Search Flag'

2021-10-18 10:26:48 - [MESSAGE][WARNING] - Timeout '0' is invalid. Using default page load timeout: '60'

2021-10-18 10:26:50 - [MESSAGE][PASSED] - Text 'indonesia' has been set to element 'Object Repository/Mobile/Page/Register/Not Registered/Informasi Pribadi/Edit Text - Search Flag'

2021-10-18 10:26:50 - [TEST_STEP][PASSED] - tap(findTestObject("Mobile/Page/Register/Not Registered/Informasi Pribadi/Item Flag - Top Search"), 0, STOP_ON_FAILURE): Tapped on element 'Object Repository/Mobile/Page/Register/Not Registered/Informasi Pribadi/Item Flag - Top Search'

2021-10-18 10:26:50 - [MESSAGE][WARNING] - Timeout '0' is invalid. Using default page load timeout: '60'

2021-10-18 10:26:52 - [MESSAGE][PASSED] - Tapped on element 'Object Repository/Mobile/Page/Register/Not Registered/Informasi Pribadi/Item Flag - Top Search'

2021-10-18 10:26:52 - [TEST_STEP][PASSED] - tap(findTestObject("Object Repository/Mobile/Page/Register/Not Registered/Informasi Pribadi/Edit Text - Re Phone Number"), 0, STOP_ON_FAILURE): Tapped on element 'Object Repository/Mobile/Page/Register/Not Registered/Informasi Pribadi/Edit Text - Re Phone Number'

2021-10-18 10:26:52 - [MESSAGE][WARNING] - Timeout '0' is invalid. Using default page load timeout: '60'

2021-10-18 10:26:52 - [MESSAGE][PASSED] - Tapped on element 'Object Repository/Mobile/Page/Register/Not Registered/Informasi Pribadi/Edit Text - Re Phone Number'

2021-10-18 10:26:52 - [TEST_STEP][PASSED] - setText(findTestObject("Object Repository/Mobile/Page/Register/Not Registered/Informasi Pribadi/Edit Text - Re Phone Number"), phone, 0): Text '082257924317' has been set to element 'Object Repository/Mobile/Page/Register/Not Registered/Informasi Pribadi/Edit Text - Re Phone Number'

2021-10-18 10:26:52 - [MESSAGE][WARNING] - Timeout '0' is invalid. Using default page load timeout: '60'

2021-10-18 10:26:53 - [MESSAGE][PASSED] - Text '082257924317' has been set to element 'Object Repository/Mobile/Page/Register/Not Registered/Informasi Pribadi/Edit Text - Re Phone Number'

2021-10-18 10:26:53 - [TEST_STEP][PASSED] - hideKeyboard(): Keyboard is hidden

2021-10-18 10:26:59 - [MESSAGE][PASSED] - Keyboard is hidden

2021-10-18 10:26:59 - [TEST_STEP][PASSED] - delay(1): Delayed 1 second(s)

2021-10-18 10:27:01 - [MESSAGE][PASSED] - Delayed 1 second(s)

2021-10-18 10:27:01 - [TEST_STEP][PASSED] - if (negativeStatus == "isCheckEmailRegistered"): null

2021-10-18 10:27:01 - [TEST_STEP][PASSED] - else: Delayed 1 second(s)

2021-10-18 10:27:01 - [TEST_STEP][PASSED] - tap(findTestObject("Object Repository/Mobile/Page/Register/Not Registered/Informasi Pribadi/Edit Text - Email"), 0, STOP_ON_FAILURE): Tapped on element 'Object Repository/Mobile/Page/Register/Not Registered/Informasi Pribadi/Edit Text - Email'

2021-10-18 10:27:01 - [MESSAGE][WARNING] - Timeout '0' is invalid. Using default page load timeout: '60'

2021-10-18 10:27:01 - [MESSAGE][PASSED] - Tapped on element 'Object Repository/Mobile/Page/Register/Not Registered/Informasi Pribadi/Edit Text - Email'

2021-10-18 10:27:01 - [TEST_STEP][PASSED] - setText(findTestObject("Object Repository/Mobile/Page/Register/Not Registered/Informasi Pribadi/Edit Text - Email"), email, 0): Text 'qatestingkVcMiHdjdU@gmail.com' has been set to element 'Object Repository/Mobile/Page/Register/Not Registered/Informasi Pribadi/Edit Text - Email'

2021-10-18 10:27:01 - [MESSAGE][WARNING] - Timeout '0' is invalid. Using default page load timeout: '60'

2021-10-18 10:27:03 - [MESSAGE][PASSED] - Text 'qatestingkVcMiHdjdU@gmail.com' has been set to element 'Object Repository/Mobile/Page/Register/Not Registered/Informasi Pribadi/Edit Text - Email'

2021-10-18 10:27:03 - [TEST_STEP][PASSED] - hideKeyboard(): Keyboard is hidden

2021-10-18 10:27:06 - [MESSAGE][PASSED] - Keyboard is hidden

2021-10-18 10:27:06 - [TEST_STEP][PASSED] - delay(1): Delayed 1 second(s)

2021-10-18 10:27:07 - [MESSAGE][PASSED] - Delayed 1 second(s)

2021-10-18 10:27:07 - [TEST_STEP][PASSED] - if (negativeStatus == "isCheckEmailMatch"): null

2021-10-18 10:27:07 - [TEST_STEP][PASSED] - else: Delayed 1 second(s)

2021-10-18 10:27:07 - [TEST_STEP][PASSED] - tap(findTestObject("Object Repository/Mobile/Page/Register/Not Registered/Informasi Pribadi/Edit Text - Re Email"), 0, STOP_ON_FAILURE): Tapped on element 'Object Repository/Mobile/Page/Register/Not Registered/Informasi Pribadi/Edit Text - Re Email'

2021-10-18 10:27:07 - [MESSAGE][WARNING] - Timeout '0' is invalid. Using default page load timeout: '60'

2021-10-18 10:27:08 - [MESSAGE][PASSED] - Tapped on element 'Object Repository/Mobile/Page/Register/Not Registered/Informasi Pribadi/Edit Text - Re Email'

2021-10-18 10:27:08 - [TEST_STEP][PASSED] - setText(findTestObject("Object Repository/Mobile/Page/Register/Not Registered/Informasi Pribadi/Edit Text - Re Email"), email, 0): Text 'qatestingkVcMiHdjdU@gmail.com' has been set to element 'Object Repository/Mobile/Page/Register/Not Registered/Informasi Pribadi/Edit Text - Re Email'

2021-10-18 10:27:08 - [MESSAGE][WARNING] - Timeout '0' is invalid. Using default page load timeout: '60'

2021-10-18 10:27:09 - [MESSAGE][PASSED] - Text 'qatestingkVcMiHdjdU@gmail.com' has been set to element 'Object Repository/Mobile/Page/Register/Not Registered/Informasi Pribadi/Edit Text - Re Email'

2021-10-18 10:27:09 - [TEST_STEP][PASSED] - hideKeyboard(): Keyboard is hidden

2021-10-18 10:27:13 - [MESSAGE][PASSED] - Keyboard is hidden

2021-10-18 10:27:13 - [TEST_STEP][PASSED] - delay(1): Delayed 1 second(s)

2021-10-18 10:27:14 - [MESSAGE][PASSED] - Delayed 1 second(s)

2021-10-18 10:27:14 - [TEST_STEP][PASSED] - if (negativeStatus == "isPasswordNumberOnly"): null

2021-10-18 10:27:14 - [TEST_STEP][PASSED] - else: Delayed 1 second(s)

2021-10-18 10:27:14 - [TEST_STEP][PASSED] - tap(findTestObject("Object Repository/Mobile/Page/Register/Not Registered/Informasi Pribadi/Edit Text - Password"), 0, STOP_ON_FAILURE): Tapped on element 'Object Repository/Mobile/Page/Register/Not Registered/Informasi Pribadi/Edit Text - Password'

2021-10-18 10:27:14 - [MESSAGE][WARNING] - Timeout '0' is invalid. Using default page load timeout: '60'

2021-10-18 10:27:14 - [MESSAGE][PASSED] - Tapped on element 'Object Repository/Mobile/Page/Register/Not Registered/Informasi Pribadi/Edit Text - Password'

2021-10-18 10:27:14 - [TEST_STEP][PASSED] - setText(findTestObject("Object Repository/Mobile/Page/Register/Not Registered/Informasi Pribadi/Edit Text - Password"), password, 0): Text 'Mirae1234' has been set to element 'Object Repository/Mobile/Page/Register/Not Registered/Informasi Pribadi/Edit Text - Password'

2021-10-18 10:27:14 - [MESSAGE][WARNING] - Timeout '0' is invalid. Using default page load timeout: '60'

2021-10-18 10:27:16 - [MESSAGE][PASSED] - Text 'Mirae1234' has been set to element 'Object Repository/Mobile/Page/Register/Not Registered/Informasi Pribadi/Edit Text - Password'

2021-10-18 10:27:16 - [TEST_STEP][PASSED] - hideKeyboard(): Keyboard is hidden

2021-10-18 10:27:22 - [MESSAGE][PASSED] - Keyboard is hidden

2021-10-18 10:27:22 - [TEST_STEP][PASSED] - delay(1): Delayed 1 second(s)

2021-10-18 10:27:23 - [MESSAGE][PASSED] - Delayed 1 second(s)

2021-10-18 10:27:23 - [TEST_STEP][PASSED] - tap(findTestObject("Object Repository/Mobile/Page/Register/Not Registered/Informasi Pribadi/Edit Text - Re Password"), 0, STOP_ON_FAILURE): Tapped on element 'Object Repository/Mobile/Page/Register/Not Registered/Informasi Pribadi/Edit Text - Re Password'

2021-10-18 10:27:23 - [MESSAGE][WARNING] - Timeout '0' is invalid. Using default page load timeout: '60'

2021-10-18 10:27:23 - [MESSAGE][PASSED] - Tapped on element 'Object Repository/Mobile/Page/Register/Not Registered/Informasi Pribadi/Edit Text - Re Password'

2021-10-18 10:27:23 - [TEST_STEP][PASSED] - setText(findTestObject("Object Repository/Mobile/Page/Register/Not Registered/Informasi Pribadi/Edit Text - Re Password"), password, 0): Text 'Mirae1234' has been set to element 'Object Repository/Mobile/Page/Register/Not Registered/Informasi Pribadi/Edit Text - Re Password'

2021-10-18 10:27:23 - [MESSAGE][WARNING] - Timeout '0' is invalid. Using default page load timeout: '60'

2021-10-18 10:27:25 - [MESSAGE][PASSED] - Text 'Mirae1234' has been set to element 'Object Repository/Mobile/Page/Register/Not Registered/Informasi Pribadi/Edit Text - Re Password'

2021-10-18 10:27:25 - [TEST_STEP][PASSED] - hideKeyboard(): Keyboard is hidden

2021-10-18 10:27:31 - [MESSAGE][PASSED] - Keyboard is hidden

2021-10-18 10:27:31 - [TEST_STEP][PASSED] - delay(1): Delayed 1 second(s)

2021-10-18 10:27:32 - [MESSAGE][PASSED] - Delayed 1 second(s)

2021-10-18 10:27:32 - [TEST_STEP][PASSED] - if (isBedaAlamat == 1): null

2021-10-18 10:27:32 - [TEST_STEP][PASSED] - tap(findTestObject("Object Repository/Mobile/Page/Register/Not Registered/Informasi Pribadi/Button - Icon KTP"), 0, STOP_ON_FAILURE): Tapped on element 'Object Repository/Mobile/Page/Register/Not Registered/Informasi Pribadi/Button - Icon KTP'

2021-10-18 10:27:32 - [MESSAGE][WARNING] - Timeout '0' is invalid. Using default page load timeout: '60'

2021-10-18 10:27:32 - [MESSAGE][PASSED] - Tapped on element 'Object Repository/Mobile/Page/Register/Not Registered/Informasi Pribadi/Button - Icon KTP'

2021-10-18 10:27:32 - [TEST_STEP][PASSED] - permission = verifyElementExist(findTestObject("Object Repository/Mobile/Page/Register/Not Registered/Informasi Pribadi/Permission - Only this time"), 1, OPTIONAL): Element 'Object Repository/Mobile/Page/Register/Not Registered/Informasi Pribadi/Permission - Only this time' is exist

2021-10-18 10:27:34 - [MESSAGE][PASSED] - Element 'Object Repository/Mobile/Page/Register/Not Registered/Informasi Pribadi/Permission - Only this time' is exist

2021-10-18 10:27:34 - [TEST_STEP][PASSED] - if (permission): Tapped on element 'Object Repository/Mobile/Page/Register/Not Registered/Informasi Pribadi/Permission - Only this time'

2021-10-18 10:27:34 - [TEST_STEP][PASSED] - tap(findTestObject("Object Repository/Mobile/Page/Register/Not Registered/Informasi Pribadi/Permission - Only this time"), 0, STOP_ON_FAILURE): Tapped on element 'Object Repository/Mobile/Page/Register/Not Registered/Informasi Pribadi/Permission - Only this time'

2021-10-18 10:27:34 - [MESSAGE][WARNING] - Timeout '0' is invalid. Using default page load timeout: '60'

2021-10-18 10:27:34 - [MESSAGE][PASSED] - Tapped on element 'Object Repository/Mobile/Page/Register/Not Registered/Informasi Pribadi/Permission - Only this time'

2021-10-18 10:27:34 - [TEST_STEP][PASSED] - permission = verifyElementExist(findTestObject("Object Repository/Mobile/Page/Register/Not Registered/Informasi Pribadi/Permission - Only this time"), 1, OPTIONAL): Element 'Object Repository/Mobile/Page/Register/Not Registered/Informasi Pribadi/Permission - Only this time' is exist

2021-10-18 10:27:35 - [MESSAGE][PASSED] - Element 'Object Repository/Mobile/Page/Register/Not Registered/Informasi Pribadi/Permission - Only this time' is exist

2021-10-18 10:27:35 - [TEST_STEP][PASSED] - if (permission): Tapped on element 'Object Repository/Mobile/Page/Register/Not Registered/Informasi Pribadi/Permission - Only this time'

2021-10-18 10:27:35 - [TEST_STEP][PASSED] - tap(findTestObject("Object Repository/Mobile/Page/Register/Not Registered/Informasi Pribadi/Permission - Only this time"), 0, STOP_ON_FAILURE): Tapped on element 'Object Repository/Mobile/Page/Register/Not Registered/Informasi Pribadi/Permission - Only this time'

2021-10-18 10:27:35 - [MESSAGE][WARNING] - Timeout '0' is invalid. Using default page load timeout: '60'

2021-10-18 10:27:35 - [MESSAGE][PASSED] - Tapped on element 'Object Repository/Mobile/Page/Register/Not Registered/Informasi Pribadi/Permission - Only this time'

2021-10-18 10:27:35 - [TEST_STEP][PASSED] - tap(findTestObject("Object Repository/Mobile/Page/Register/Not Registered/Informasi Pribadi/Button - Capture KTP"), 0, STOP_ON_FAILURE): Tapped on element 'Object Repository/Mobile/Page/Register/Not Registered/Informasi Pribadi/Button - Capture KTP'

2021-10-18 10:27:35 - [MESSAGE][WARNING] - Timeout '0' is invalid. Using default page load timeout: '60'

2021-10-18 10:27:37 - [MESSAGE][PASSED] - Tapped on element 'Object Repository/Mobile/Page/Register/Not Registered/Informasi Pribadi/Button - Capture KTP'

2021-10-18 10:27:37 - [TEST_STEP][PASSED] - delay(2): Delayed 2 second(s)

2021-10-18 10:27:39 - [MESSAGE][PASSED] - Delayed 2 second(s)

2021-10-18 10:27:39 - [TEST_STEP][PASSED] - scroll.scroll.scrollLeftToRight(findTestObject("Object Repository/Mobile/Page/Register/Not Registered/Informasi Pribadi/Slider - Edit Photo Scale")): scroll.scroll.scrollLeftToRight is PASSED

2021-10-18 10:27:39 - [MESSAGE][WARNING] - Timeout '0' is invalid. Using default page load timeout: '60'

2021-10-18 10:27:41 - [MESSAGE][PASSED] - Object 'Object Repository/Mobile/Page/Register/Not Registered/Informasi Pribadi/Slider - Edit Photo Scale' has left position '0'

2021-10-18 10:27:41 - [MESSAGE][WARNING] - Timeout '0' is invalid. Using default page load timeout: '60'

2021-10-18 10:27:41 - [MESSAGE][PASSED] - Object 'Object Repository/Mobile/Page/Register/Not Registered/Informasi Pribadi/Slider - Edit Photo Scale' has top position '1,284'

2021-10-18 10:27:41 - [MESSAGE][WARNING] - Timeout '0' is invalid. Using default page load timeout: '60'

2021-10-18 10:27:41 - [MESSAGE][PASSED] - Object 'Object Repository/Mobile/Page/Register/Not Registered/Informasi Pribadi/Slider - Edit Photo Scale' has width: '720'

2021-10-18 10:27:41 - [MESSAGE][WARNING] - Timeout '0' is invalid. Using default page load timeout: '60'

2021-10-18 10:27:41 - [MESSAGE][PASSED] - Object 'Object Repository/Mobile/Page/Register/Not Registered/Informasi Pribadi/Slider - Edit Photo Scale' has height: '66'

2021-10-18 10:27:43 - [MESSAGE][PASSED] - Swiped from 144,1,317 to 576,1,317

2021-10-18 10:27:43 - [MESSAGE][PASSED] - scroll.scroll.scrollLeftToRight is PASSED

2021-10-18 10:27:43 - [TEST_STEP][PASSED] - tap(findTestObject("Object Repository/Mobile/Page/Register/Not Registered/Informasi Pribadi/Button - Edit Photo Rotate"), 0, STOP_ON_FAILURE): Tapped on element 'Object Repository/Mobile/Page/Register/Not Registered/Informasi Pribadi/Button - Edit Photo Rotate'

2021-10-18 10:27:43 - [MESSAGE][WARNING] - Timeout '0' is invalid. Using default page load timeout: '60'

2021-10-18 10:27:43 - [MESSAGE][PASSED] - Tapped on element 'Object Repository/Mobile/Page/Register/Not Registered/Informasi Pribadi/Button - Edit Photo Rotate'

2021-10-18 10:27:43 - [TEST_STEP][PASSED] - tap(findTestObject("Object Repository/Mobile/Page/Register/Not Registered/Informasi Pribadi/Button - Edit Photo Rotate 90 degree"), 0, STOP_ON_FAILURE): Tapped on element 'Object Repository/Mobile/Page/Register/Not Registered/Informasi Pribadi/Button - Edit Photo Rotate 90 degree'

2021-10-18 10:27:43 - [MESSAGE][WARNING] - Timeout '0' is invalid. Using default page load timeout: '60'

2021-10-18 10:27:46 - [MESSAGE][PASSED] - Tapped on element 'Object Repository/Mobile/Page/Register/Not Registered/Informasi Pribadi/Button - Edit Photo Rotate 90 degree'

2021-10-18 10:27:46 - [TEST_STEP][PASSED] - tap(findTestObject("Object Repository/Mobile/Page/Register/Not Registered/Informasi Pribadi/Button - Edit Photo Reset Rotation"), 0, STOP_ON_FAILURE): Tapped on element 'Object Repository/Mobile/Page/Register/Not Registered/Informasi Pribadi/Button - Edit Photo Reset Rotation'

2021-10-18 10:27:46 - [MESSAGE][WARNING] - Timeout '0' is invalid. Using default page load timeout: '60'

2021-10-18 10:27:46 - [MESSAGE][PASSED] - Tapped on element 'Object Repository/Mobile/Page/Register/Not Registered/Informasi Pribadi/Button - Edit Photo Reset Rotation'

2021-10-18 10:27:46 - [TEST_STEP][PASSED] - scroll.scroll.scrollLeftToRight(findTestObject("Object Repository/Mobile/Page/Register/Not Registered/Informasi Pribadi/Slider - Edit Photo Rotate")): scroll.scroll.scrollLeftToRight is PASSED

2021-10-18 10:27:46 - [MESSAGE][WARNING] - Timeout '0' is invalid. Using default page load timeout: '60'

2021-10-18 10:27:47 - [MESSAGE][PASSED] - Object 'Object Repository/Mobile/Page/Register/Not Registered/Informasi Pribadi/Slider - Edit Photo Rotate' has left position '88'

2021-10-18 10:27:47 - [MESSAGE][WARNING] - Timeout '0' is invalid. Using default page load timeout: '60'

2021-10-18 10:27:47 - [MESSAGE][PASSED] - Object 'Object Repository/Mobile/Page/Register/Not Registered/Informasi Pribadi/Slider - Edit Photo Rotate' has top position '1,284'

2021-10-18 10:27:47 - [MESSAGE][WARNING] - Timeout '0' is invalid. Using default page load timeout: '60'

2021-10-18 10:27:47 - [MESSAGE][PASSED] - Object 'Object Repository/Mobile/Page/Register/Not Registered/Informasi Pribadi/Slider - Edit Photo Rotate' has width: '544'

2021-10-18 10:27:47 - [MESSAGE][WARNING] - Timeout '0' is invalid. Using default page load timeout: '60'

2021-10-18 10:27:47 - [MESSAGE][PASSED] - Object 'Object Repository/Mobile/Page/Register/Not Registered/Informasi Pribadi/Slider - Edit Photo Rotate' has height: '66'

2021-10-18 10:27:48 - [MESSAGE][PASSED] - Swiped from 196,1,317 to 523,1,317

2021-10-18 10:27:48 - [MESSAGE][PASSED] - scroll.scroll.scrollLeftToRight is PASSED

2021-10-18 10:27:48 - [TEST_STEP][PASSED] - tap(findTestObject("Object Repository/Mobile/Page/Register/Not Registered/Informasi Pribadi/Button - Edit Photo Confirm"), 0, STOP_ON_FAILURE): Tapped on element 'Object Repository/Mobile/Page/Register/Not Registered/Informasi Pribadi/Button - Edit Photo Confirm'

2021-10-18 10:27:48 - [MESSAGE][WARNING] - Timeout '0' is invalid. Using default page load timeout: '60'

2021-10-18 10:27:49 - [MESSAGE][PASSED] - Tapped on element 'Object Repository/Mobile/Page/Register/Not Registered/Informasi Pribadi/Button - Edit Photo Confirm'

2021-10-18 10:27:49 - [TEST_STEP][PASSED] - delay(2): Delayed 2 second(s)

2021-10-18 10:27:51 - [MESSAGE][PASSED] - Delayed 2 second(s)

2021-10-18 10:27:51 - [TEST_STEP][PASSED] - hideKeyboard(): Keyboard is hidden

2021-10-18 10:27:57 - [MESSAGE][PASSED] - Keyboard is hidden

2021-10-18 10:27:57 - [TEST_STEP][PASSED] - delay(1): Delayed 1 second(s)

2021-10-18 10:27:58 - [MESSAGE][PASSED] - Delayed 1 second(s)

2021-10-18 10:27:58 - [TEST_STEP][PASSED] - scroll.scroll.scrollToBottomOpenKeyboard(): scroll.scroll.scrollToBottomOpenKeyboard is PASSED

2021-10-18 10:27:58 - [MESSAGE][PASSED] - Current device physical height is 1423

2021-10-18 10:27:59 - [MESSAGE][PASSED] - Current device physical width is 720

2021-10-18 10:28:00 - [MESSAGE][PASSED] - Swiped from 360,853 to 360,284

2021-10-18 10:28:00 - [MESSAGE][PASSED] - scroll.scroll.scrollToBottomOpenKeyboard is PASSED

2021-10-18 10:28:00 - [TEST_STEP][PASSED] - tap(findTestObject("Object Repository/Mobile/Page/Register/Not Registered/Informasi Pribadi/Button - Icon Face with KTP"), 0, STOP_ON_FAILURE): Tapped on element 'Object Repository/Mobile/Page/Register/Not Registered/Informasi Pribadi/Button - Icon Face with KTP'

2021-10-18 10:28:00 - [MESSAGE][WARNING] - Timeout '0' is invalid. Using default page load timeout: '60'

2021-10-18 10:28:01 - [MESSAGE][PASSED] - Tapped on element 'Object Repository/Mobile/Page/Register/Not Registered/Informasi Pribadi/Button - Icon Face with KTP'

2021-10-18 10:28:01 - [TEST_STEP][PASSED] - permission = verifyElementExist(findTestObject("Object Repository/Mobile/Page/Register/Not Registered/Informasi Pribadi/Permission - Only this time"), 1, OPTIONAL): Element 'Object Repository/Mobile/Page/Register/Not Registered/Informasi Pribadi/Permission - Only this time' not found

2021-10-18 10:28:04 - [MESSAGE][WARNING] - Element 'Object Repository/Mobile/Page/Register/Not Registered/Informasi Pribadi/Permission - Only this time' not found
[[ATTACHMENT|C:\\Users\\Owner\\Documents\\kerjaan\\KatalonProject\\qa-katalon-maxfund\\Reports\\20211018_100502\\Register\\20211018_100502\\1634527682576.png]]

2021-10-18 10:28:04 - [TEST_STEP][PASSED] - if (permission): null

2021-10-18 10:28:04 - [TEST_STEP][PASSED] - permission = verifyElementExist(findTestObject("Object Repository/Mobile/Page/Register/Not Registered/Informasi Pribadi/Permission - Only this time"), 1, OPTIONAL): Element 'Object Repository/Mobile/Page/Register/Not Registered/Informasi Pribadi/Permission - Only this time' not found

2021-10-18 10:28:06 - [MESSAGE][WARNING] - Element 'Object Repository/Mobile/Page/Register/Not Registered/Informasi Pribadi/Permission - Only this time' not found
[[ATTACHMENT|C:\\Users\\Owner\\Documents\\kerjaan\\KatalonProject\\qa-katalon-maxfund\\Reports\\20211018_100502\\Register\\20211018_100502\\1634527685211.png]]

2021-10-18 10:28:06 - [TEST_STEP][PASSED] - if (permission): null

2021-10-18 10:28:06 - [TEST_STEP][PASSED] - tap(findTestObject("Object Repository/Mobile/Page/Register/Not Registered/Informasi Pribadi/Button - Capture Face with KTP"), 0, STOP_ON_FAILURE): Tapped on element 'Object Repository/Mobile/Page/Register/Not Registered/Informasi Pribadi/Button - Capture Face with KTP'

2021-10-18 10:28:06 - [MESSAGE][WARNING] - Timeout '0' is invalid. Using default page load timeout: '60'

2021-10-18 10:28:09 - [MESSAGE][PASSED] - Tapped on element 'Object Repository/Mobile/Page/Register/Not Registered/Informasi Pribadi/Button - Capture Face with KTP'

2021-10-18 10:28:09 - [TEST_STEP][PASSED] - delay(2): Delayed 2 second(s)

2021-10-18 10:28:11 - [MESSAGE][PASSED] - Delayed 2 second(s)

2021-10-18 10:28:11 - [TEST_STEP][PASSED] - hideKeyboard(): Keyboard is hidden

2021-10-18 10:28:17 - [MESSAGE][PASSED] - Keyboard is hidden

2021-10-18 10:28:17 - [TEST_STEP][PASSED] - delay(1): Delayed 1 second(s)

2021-10-18 10:28:18 - [MESSAGE][PASSED] - Delayed 1 second(s)

2021-10-18 10:28:18 - [TEST_STEP][PASSED] - scroll.scroll.scrollToBottomOpenKeyboard(): scroll.scroll.scrollToBottomOpenKeyboard is PASSED

2021-10-18 10:28:18 - [MESSAGE][PASSED] - Current device physical height is 1423

2021-10-18 10:28:18 - [MESSAGE][PASSED] - Current device physical width is 720

2021-10-18 10:28:19 - [MESSAGE][PASSED] - Swiped from 360,853 to 360,284

2021-10-18 10:28:19 - [MESSAGE][PASSED] - scroll.scroll.scrollToBottomOpenKeyboard is PASSED

2021-10-18 10:28:19 - [TEST_STEP][PASSED] - tap(findTestObject("Object Repository/Mobile/Page/Register/Not Registered/Informasi Pribadi/Radio Button - Low Risk"), 0, STOP_ON_FAILURE): Tapped on element 'Object Repository/Mobile/Page/Register/Not Registered/Informasi Pribadi/Radio Button - Low Risk'

2021-10-18 10:28:19 - [MESSAGE][WARNING] - Timeout '0' is invalid. Using default page load timeout: '60'

2021-10-18 10:28:20 - [MESSAGE][PASSED] - Tapped on element 'Object Repository/Mobile/Page/Register/Not Registered/Informasi Pribadi/Radio Button - Low Risk'

2021-10-18 10:28:20 - [TEST_STEP][PASSED] - delay(1): Delayed 1 second(s)

2021-10-18 10:28:21 - [MESSAGE][PASSED] - Delayed 1 second(s)

2021-10-18 10:28:21 - [TEST_STEP][PASSED] - tap(findTestObject("Object Repository/Mobile/Page/Register/Not Registered/Informasi Pribadi/Radio Button - Medium Risk"), 0, STOP_ON_FAILURE): Tapped on element 'Object Repository/Mobile/Page/Register/Not Registered/Informasi Pribadi/Radio Button - Medium Risk'

2021-10-18 10:28:21 - [MESSAGE][WARNING] - Timeout '0' is invalid. Using default page load timeout: '60'

2021-10-18 10:28:22 - [MESSAGE][PASSED] - Tapped on element 'Object Repository/Mobile/Page/Register/Not Registered/Informasi Pribadi/Radio Button - Medium Risk'

2021-10-18 10:28:22 - [TEST_STEP][PASSED] - delay(1): Delayed 1 second(s)

2021-10-18 10:28:23 - [MESSAGE][PASSED] - Delayed 1 second(s)

2021-10-18 10:28:23 - [TEST_STEP][PASSED] - tap(findTestObject("Object Repository/Mobile/Page/Register/Not Registered/Informasi Pribadi/Radio Button - High Risk"), 0, STOP_ON_FAILURE): Tapped on element 'Object Repository/Mobile/Page/Register/Not Registered/Informasi Pribadi/Radio Button - High Risk'

2021-10-18 10:28:23 - [MESSAGE][WARNING] - Timeout '0' is invalid. Using default page load timeout: '60'

2021-10-18 10:28:24 - [MESSAGE][PASSED] - Tapped on element 'Object Repository/Mobile/Page/Register/Not Registered/Informasi Pribadi/Radio Button - High Risk'

2021-10-18 10:28:24 - [TEST_STEP][PASSED] - delay(1): Delayed 1 second(s)

2021-10-18 10:28:25 - [MESSAGE][PASSED] - Delayed 1 second(s)

2021-10-18 10:28:25 - [TEST_STEP][PASSED] - tap(findTestObject("Object Repository/Mobile/Page/Register/Not Registered/Informasi Pribadi/Button - Next"), 0, STOP_ON_FAILURE): Tapped on element 'Object Repository/Mobile/Page/Register/Not Registered/Informasi Pribadi/Button - Next'

2021-10-18 10:28:25 - [MESSAGE][WARNING] - Timeout '0' is invalid. Using default page load timeout: '60'

2021-10-18 10:28:26 - [MESSAGE][PASSED] - Tapped on element 'Object Repository/Mobile/Page/Register/Not Registered/Informasi Pribadi/Button - Next'

2021-10-18 10:28:26 - [TEST_STEP][PASSED] - delay(1): Delayed 1 second(s)

2021-10-18 10:28:27 - [MESSAGE][PASSED] - Delayed 1 second(s)

2021-10-18 10:28:27 - [TEST_STEP][PASSED] - tapAndHold(findTestObject("Mobile/Page/Register/Not Registered/Akun Bank/Dropdown - Bank"), 1, 0, STOP_ON_FAILURE): Tapped and held on element 'Object Repository/Mobile/Page/Register/Not Registered/Akun Bank/Dropdown - Bank' with duration 1

2021-10-18 10:28:27 - [MESSAGE][WARNING] - Timeout '0' is invalid. Using default page load timeout: '60'

2021-10-18 10:28:30 - [MESSAGE][PASSED] - Tapped and held on element 'Object Repository/Mobile/Page/Register/Not Registered/Akun Bank/Dropdown - Bank' with duration 1

2021-10-18 10:28:30 - [TEST_STEP][PASSED] - tap(findTestObject("Mobile/Page/Register/Not Registered/Akun Bank/Edit Text - Search Bank"), 0, STOP_ON_FAILURE): Tapped on element 'Object Repository/Mobile/Page/Register/Not Registered/Akun Bank/Edit Text - Search Bank'

2021-10-18 10:28:30 - [MESSAGE][WARNING] - Timeout '0' is invalid. Using default page load timeout: '60'

2021-10-18 10:28:30 - [MESSAGE][PASSED] - Tapped on element 'Object Repository/Mobile/Page/Register/Not Registered/Akun Bank/Edit Text - Search Bank'

2021-10-18 10:28:30 - [TEST_STEP][PASSED] - setText(findTestObject("Mobile/Page/Register/Not Registered/Akun Bank/Edit Text - Search Bank"), "citibank", 0, STOP_ON_FAILURE): Text 'citibank' has been set to element 'Object Repository/Mobile/Page/Register/Not Registered/Akun Bank/Edit Text - Search Bank'

2021-10-18 10:28:30 - [MESSAGE][WARNING] - Timeout '0' is invalid. Using default page load timeout: '60'

2021-10-18 10:28:32 - [MESSAGE][PASSED] - Text 'citibank' has been set to element 'Object Repository/Mobile/Page/Register/Not Registered/Akun Bank/Edit Text - Search Bank'

2021-10-18 10:28:32 - [TEST_STEP][PASSED] - driver = getDriver(): null

2021-10-18 10:28:32 - [TEST_STEP][PASSED] - driver.pressKeyCode(ENTER): null

2021-10-18 10:28:32 - [TEST_STEP][PASSED] - tap(findTestObject("Object Repository/Mobile/Page/Register/Not Registered/Akun Bank/Item - Top Search Bank"), 0, STOP_ON_FAILURE): Tapped on element 'Object Repository/Mobile/Page/Register/Not Registered/Akun Bank/Item - Top Search Bank'

2021-10-18 10:28:32 - [MESSAGE][WARNING] - Timeout '0' is invalid. Using default page load timeout: '60'

2021-10-18 10:28:33 - [MESSAGE][PASSED] - Tapped on element 'Object Repository/Mobile/Page/Register/Not Registered/Akun Bank/Item - Top Search Bank'

2021-10-18 10:28:33 - [TEST_STEP][PASSED] - delay(1): Delayed 1 second(s)

2021-10-18 10:28:34 - [MESSAGE][PASSED] - Delayed 1 second(s)

2021-10-18 10:28:34 - [TEST_STEP][PASSED] - tapAndHold(findTestObject("Mobile/Page/Register/Not Registered/Akun Bank/Dropdown - Country"), 1, 0, STOP_ON_FAILURE): Tapped and held on element 'Object Repository/Mobile/Page/Register/Not Registered/Akun Bank/Dropdown - Country' with duration 1

2021-10-18 10:28:34 - [MESSAGE][WARNING] - Timeout '0' is invalid. Using default page load timeout: '60'

2021-10-18 10:28:37 - [MESSAGE][PASSED] - Tapped and held on element 'Object Repository/Mobile/Page/Register/Not Registered/Akun Bank/Dropdown - Country' with duration 1

2021-10-18 10:28:37 - [TEST_STEP][PASSED] - tap(findTestObject("Object Repository/Mobile/Page/Register/Not Registered/Akun Bank/Dropdown - Country Option Indonesia"), 0, STOP_ON_FAILURE): Tapped on element 'Object Repository/Mobile/Page/Register/Not Registered/Akun Bank/Dropdown - Country Option Indonesia'

2021-10-18 10:28:37 - [MESSAGE][WARNING] - Timeout '0' is invalid. Using default page load timeout: '60'

2021-10-18 10:28:38 - [MESSAGE][PASSED] - Tapped on element 'Object Repository/Mobile/Page/Register/Not Registered/Akun Bank/Dropdown - Country Option Indonesia'

2021-10-18 10:28:38 - [TEST_STEP][PASSED] - delay(1): Delayed 1 second(s)

2021-10-18 10:28:39 - [MESSAGE][PASSED] - Delayed 1 second(s)

2021-10-18 10:28:39 - [TEST_STEP][PASSED] - if (negativeStatus == "isBranchNumber"): null

2021-10-18 10:28:39 - [TEST_STEP][PASSED] - else: Delayed 1 second(s)

2021-10-18 10:28:39 - [TEST_STEP][PASSED] - tap(findTestObject("Object Repository/Mobile/Page/Register/Not Registered/Akun Bank/Edit Text - Branch"), 0, STOP_ON_FAILURE): Tapped on element 'Object Repository/Mobile/Page/Register/Not Registered/Akun Bank/Edit Text - Branch'

2021-10-18 10:28:39 - [MESSAGE][WARNING] - Timeout '0' is invalid. Using default page load timeout: '60'

2021-10-18 10:28:39 - [MESSAGE][PASSED] - Tapped on element 'Object Repository/Mobile/Page/Register/Not Registered/Akun Bank/Edit Text - Branch'

2021-10-18 10:28:39 - [TEST_STEP][PASSED] - setText(findTestObject("Object Repository/Mobile/Page/Register/Not Registered/Akun Bank/Edit Text - Branch"), branch, 0, STOP_ON_FAILURE): Text 'qa cabang' has been set to element 'Object Repository/Mobile/Page/Register/Not Registered/Akun Bank/Edit Text - Branch'

2021-10-18 10:28:39 - [MESSAGE][WARNING] - Timeout '0' is invalid. Using default page load timeout: '60'

2021-10-18 10:28:41 - [MESSAGE][PASSED] - Text 'qa cabang' has been set to element 'Object Repository/Mobile/Page/Register/Not Registered/Akun Bank/Edit Text - Branch'

2021-10-18 10:28:41 - [TEST_STEP][PASSED] - hideKeyboard(): Keyboard is hidden

2021-10-18 10:28:46 - [MESSAGE][PASSED] - Keyboard is hidden

2021-10-18 10:28:46 - [TEST_STEP][PASSED] - delay(1): Delayed 1 second(s)

2021-10-18 10:28:47 - [MESSAGE][PASSED] - Delayed 1 second(s)

2021-10-18 10:28:47 - [TEST_STEP][PASSED] - tap(findTestObject("Object Repository/Mobile/Page/Register/Not Registered/Akun Bank/Edit Text - Account Number"), 0, STOP_ON_FAILURE): Tapped on element 'Object Repository/Mobile/Page/Register/Not Registered/Akun Bank/Edit Text - Account Number'

2021-10-18 10:28:47 - [MESSAGE][WARNING] - Timeout '0' is invalid. Using default page load timeout: '60'

2021-10-18 10:28:47 - [MESSAGE][PASSED] - Tapped on element 'Object Repository/Mobile/Page/Register/Not Registered/Akun Bank/Edit Text - Account Number'

2021-10-18 10:28:47 - [TEST_STEP][PASSED] - setText(findTestObject("Object Repository/Mobile/Page/Register/Not Registered/Akun Bank/Edit Text - Account Number"), accountnumber, 0, STOP_ON_FAILURE): Text '222444222444' has been set to element 'Object Repository/Mobile/Page/Register/Not Registered/Akun Bank/Edit Text - Account Number'

2021-10-18 10:28:47 - [MESSAGE][WARNING] - Timeout '0' is invalid. Using default page load timeout: '60'

2021-10-18 10:28:49 - [MESSAGE][PASSED] - Text '222444222444' has been set to element 'Object Repository/Mobile/Page/Register/Not Registered/Akun Bank/Edit Text - Account Number'

2021-10-18 10:28:49 - [TEST_STEP][PASSED] - hideKeyboard(): Keyboard is hidden

2021-10-18 10:28:55 - [MESSAGE][PASSED] - Keyboard is hidden

2021-10-18 10:28:55 - [TEST_STEP][PASSED] - delay(1): Delayed 1 second(s)

2021-10-18 10:28:56 - [MESSAGE][PASSED] - Delayed 1 second(s)

2021-10-18 10:28:56 - [TEST_STEP][PASSED] - if (negativeStatus == "isNameOwnerNotMatch"): null

2021-10-18 10:28:56 - [TEST_STEP][PASSED] - else: Delayed 1 second(s)

2021-10-18 10:28:56 - [TEST_STEP][PASSED] - tap(findTestObject("Object Repository/Mobile/Page/Register/Not Registered/Akun Bank/Edit Text - Name Owner"), 0, STOP_ON_FAILURE): Tapped on element 'Object Repository/Mobile/Page/Register/Not Registered/Akun Bank/Edit Text - Name Owner'

2021-10-18 10:28:56 - [MESSAGE][WARNING] - Timeout '0' is invalid. Using default page load timeout: '60'

2021-10-18 10:28:56 - [MESSAGE][PASSED] - Tapped on element 'Object Repository/Mobile/Page/Register/Not Registered/Akun Bank/Edit Text - Name Owner'

2021-10-18 10:28:56 - [TEST_STEP][PASSED] - setText(findTestObject("Object Repository/Mobile/Page/Register/Not Registered/Akun Bank/Edit Text - Name Owner"), nameowner, 0, STOP_ON_FAILURE): Text 'qatestingkVcMiHdjdU' has been set to element 'Object Repository/Mobile/Page/Register/Not Registered/Akun Bank/Edit Text - Name Owner'

2021-10-18 10:28:56 - [MESSAGE][WARNING] - Timeout '0' is invalid. Using default page load timeout: '60'

2021-10-18 10:28:58 - [MESSAGE][PASSED] - Text 'qatestingkVcMiHdjdU' has been set to element 'Object Repository/Mobile/Page/Register/Not Registered/Akun Bank/Edit Text - Name Owner'

2021-10-18 10:28:58 - [TEST_STEP][PASSED] - hideKeyboard(): Keyboard is hidden

2021-10-18 10:29:01 - [MESSAGE][PASSED] - Keyboard is hidden

2021-10-18 10:29:01 - [TEST_STEP][PASSED] - delay(1): Delayed 1 second(s)

2021-10-18 10:29:02 - [MESSAGE][PASSED] - Delayed 1 second(s)

2021-10-18 10:29:02 - [TEST_STEP][PASSED] - tap(findTestObject("Object Repository/Mobile/Page/Register/Not Registered/Akun Bank/Button - Next"), 0, STOP_ON_FAILURE): Tapped on element 'Object Repository/Mobile/Page/Register/Not Registered/Akun Bank/Button - Next'

2021-10-18 10:29:02 - [MESSAGE][WARNING] - Timeout '0' is invalid. Using default page load timeout: '60'

2021-10-18 10:29:03 - [MESSAGE][PASSED] - Tapped on element 'Object Repository/Mobile/Page/Register/Not Registered/Akun Bank/Button - Next'

2021-10-18 10:29:03 - [TEST_STEP][PASSED] - delay(1): Delayed 1 second(s)

2021-10-18 10:29:04 - [MESSAGE][PASSED] - Delayed 1 second(s)

2021-10-18 10:29:04 - [TEST_STEP][PASSED] - if (isUseReferralCode == 1): null

2021-10-18 10:29:04 - [TEST_STEP][PASSED] - if (negativeStatus == "isNotUseSignature"): null

2021-10-18 10:29:04 - [TEST_STEP][PASSED] - else: Delayed 1 second(s)

2021-10-18 10:29:04 - [TEST_STEP][PASSED] - scroll.scroll.scrollRightToLeft(findTestObject("Object Repository/Mobile/Page/Register/Not Registered/Konfirmasi/Field - Signature")): scroll.scroll.scrollRightToLeft is PASSED

2021-10-18 10:29:04 - [MESSAGE][WARNING] - Timeout '0' is invalid. Using default page load timeout: '60'

2021-10-18 10:29:04 - [MESSAGE][PASSED] - Object 'Object Repository/Mobile/Page/Register/Not Registered/Konfirmasi/Field - Signature' has left position '31'

2021-10-18 10:29:04 - [MESSAGE][WARNING] - Timeout '0' is invalid. Using default page load timeout: '60'

2021-10-18 10:29:04 - [MESSAGE][PASSED] - Object 'Object Repository/Mobile/Page/Register/Not Registered/Konfirmasi/Field - Signature' has top position '612'

2021-10-18 10:29:04 - [MESSAGE][WARNING] - Timeout '0' is invalid. Using default page load timeout: '60'

2021-10-18 10:29:05 - [MESSAGE][PASSED] - Object 'Object Repository/Mobile/Page/Register/Not Registered/Konfirmasi/Field - Signature' has width: '658'

2021-10-18 10:29:05 - [MESSAGE][WARNING] - Timeout '0' is invalid. Using default page load timeout: '60'

2021-10-18 10:29:05 - [MESSAGE][PASSED] - Object 'Object Repository/Mobile/Page/Register/Not Registered/Konfirmasi/Field - Signature' has height: '384'

2021-10-18 10:29:06 - [MESSAGE][PASSED] - Swiped from 557,804 to 162,804

2021-10-18 10:29:06 - [MESSAGE][PASSED] - scroll.scroll.scrollRightToLeft is PASSED

2021-10-18 10:29:06 - [TEST_STEP][PASSED] - delay(1): Delayed 1 second(s)

2021-10-18 10:29:07 - [MESSAGE][PASSED] - Delayed 1 second(s)

2021-10-18 10:29:07 - [TEST_STEP][PASSED] - tap(findTestObject("Object Repository/Mobile/Page/Register/Not Registered/Konfirmasi/Checkbox - Agreement"), 0, STOP_ON_FAILURE): Tapped on element 'Object Repository/Mobile/Page/Register/Not Registered/Konfirmasi/Checkbox - Agreement'

2021-10-18 10:29:07 - [MESSAGE][WARNING] - Timeout '0' is invalid. Using default page load timeout: '60'

2021-10-18 10:29:08 - [MESSAGE][PASSED] - Tapped on element 'Object Repository/Mobile/Page/Register/Not Registered/Konfirmasi/Checkbox - Agreement'

2021-10-18 10:29:08 - [TEST_STEP][PASSED] - delay(1): Delayed 1 second(s)

2021-10-18 10:29:09 - [MESSAGE][PASSED] - Delayed 1 second(s)

2021-10-18 10:29:09 - [TEST_STEP][PASSED] - tap(findTestObject("Object Repository/Mobile/Page/Register/Not Registered/Konfirmasi/Button - Next"), 0, STOP_ON_FAILURE): Tapped on element 'Object Repository/Mobile/Page/Register/Not Registered/Konfirmasi/Button - Next'

2021-10-18 10:29:09 - [MESSAGE][WARNING] - Timeout '0' is invalid. Using default page load timeout: '60'

2021-10-18 10:29:10 - [MESSAGE][PASSED] - Tapped on element 'Object Repository/Mobile/Page/Register/Not Registered/Konfirmasi/Button - Next'

2021-10-18 10:29:10 - [TEST_STEP][PASSED] - delay(5): Delayed 5 second(s)

2021-10-18 10:29:15 - [MESSAGE][PASSED] - Delayed 5 second(s)

2021-10-18 10:29:15 - [TEST_STEP][PASSED] - tap(findTestObject("Object Repository/Mobile/Page/Register/Not Registered/Konfirmasi/Button - Back to Home"), 0, STOP_ON_FAILURE): Tapped on element 'Object Repository/Mobile/Page/Register/Not Registered/Konfirmasi/Button - Back to Home'

2021-10-18 10:29:15 - [MESSAGE][WARNING] - Timeout '0' is invalid. Using default page load timeout: '60'

2021-10-18 10:29:16 - [MESSAGE][PASSED] - Tapped on element 'Object Repository/Mobile/Page/Register/Not Registered/Konfirmasi/Button - Back to Home'

2021-10-18 10:29:16 - [TEST_STEP][PASSED] - delay(1): Delayed 1 second(s)

2021-10-18 10:29:17 - [MESSAGE][PASSED] - Delayed 1 second(s)

2021-10-18 10:29:17 - [MESSAGE][PASSED] - Call Test Case 'Test Cases/Mobile/Page/Register/Register' successfully

2021-10-18 10:29:17 - [TEST_STEP][PASSED] - callTestCase(findTestCase("Mobile/Page/Run App/Terminate App"), [:], STOP_ON_FAILURE): Call Test Case 'Test Cases/Mobile/Page/Run App/Terminate App' successfully

2021-10-18 10:29:17 - [TEST_CASE][PASSED] - Test Cases/Mobile/Page/Run App/Terminate App: Test Cases/Mobile/Page/Run App/Terminate App

2021-10-18 10:29:17 - [TEST_STEP][PASSED] - startApp.OpenApp.terminateApplication(): startApp.OpenApp.terminateApplication is PASSED

2021-10-18 10:29:20 - [MESSAGE][PASSED] - Delayed 3 second(s)

2021-10-18 10:29:20 - [MESSAGE][WARNING] - Timeout '0' is invalid. Using default page load timeout: '60'

2021-10-18 10:29:21 - [MESSAGE][PASSED] - Tapped on element 'Object Repository/Mobile/Page/Button - Close all application'

2021-10-18 10:29:24 - [MESSAGE][PASSED] - Delayed 3 second(s)

2021-10-18 10:29:24 - [MESSAGE][PASSED] - startApp.OpenApp.terminateApplication is PASSED

2021-10-18 10:29:24 - [MESSAGE][PASSED] - Call Test Case 'Test Cases/Mobile/Page/Run App/Terminate App' successfully]]></system-out>
         <system-err><![CDATA[]]></system-err>
      </testcase>
      <testcase name="Test Cases/Mobile/Scenario/Register/008 - Registrasi melalui Link Daftar di sini" time="210.858" classname="Test Cases/Mobile/Scenario/Register/008 - Registrasi melalui Link Daftar di sini" status="PASSED">
         <system-out><![CDATA[2021-10-18 10:29:24 - [TEST_CASE][PASSED] - Test Cases/Mobile/Scenario/Register/008 - Registrasi melalui Link Daftar di sini: Test Cases/Mobile/Scenario/Register/008 - Registrasi melalui Link Daftar di sini

2021-10-18 10:29:24 - [TEST_STEP][PASSED] - callTestCase(findTestCase("Mobile/Page/Run App/Run App byID"), [:], STOP_ON_FAILURE): Call Test Case 'Test Cases/Mobile/Page/Run App/Run App byID' successfully

2021-10-18 10:29:24 - [TEST_CASE][PASSED] - Test Cases/Mobile/Page/Run App/Run App byID: Test Cases/Mobile/Page/Run App/Run App byID

2021-10-18 10:29:24 - [TEST_STEP][PASSED] - startApp.OpenApp.startApplication("com.mirae.maxfund"): startApp.OpenApp.startApplication is PASSED

2021-10-18 10:29:37 - [MESSAGE][PASSED] - Starting app with application ID: 'com.mirae.maxfund'

2021-10-18 10:29:37 - [MESSAGE][PASSED] - startApp.OpenApp.startApplication is PASSED

2021-10-18 10:29:37 - [MESSAGE][PASSED] - Call Test Case 'Test Cases/Mobile/Page/Run App/Run App byID' successfully

2021-10-18 10:29:37 - [TEST_STEP][PASSED] - callTestCase(findTestCase("Mobile/Page/Register/Register"), ["isFromLoginPage":1, "isBedaAlamat":0, "isUseReferralCode":0, "negativeStatus":"none"], STOP_ON_FAILURE): Call Test Case 'Test Cases/Mobile/Page/Register/Register' successfully

2021-10-18 10:29:37 - [TEST_CASE][PASSED] - Test Cases/Mobile/Page/Register/Register: Test Cases/Mobile/Page/Register/Register

2021-10-18 10:29:37 - [TEST_STEP][PASSED] - fullname = "qatesting" + acak.acak.randomStringWord(): acak.acak.randomStringWord is PASSED

2021-10-18 10:29:37 - [MESSAGE][PASSED] - acak.acak.randomStringWord is PASSED

2021-10-18 10:29:37 - [TEST_STEP][PASSED] - birthdate = "1/1/1998": null

2021-10-18 10:29:37 - [TEST_STEP][PASSED] - phone = "082257" + acak.acak.randomStringNumber(6): acak.acak.randomStringNumber is PASSED

2021-10-18 10:29:37 - [MESSAGE][PASSED] - acak.acak.randomStringNumber is PASSED

2021-10-18 10:29:38 - [TEST_STEP][PASSED] - email = fullname + "@gmail.com": null

2021-10-18 10:29:38 - [TEST_STEP][PASSED] - password = "Mirae1234": null

2021-10-18 10:29:38 - [TEST_STEP][PASSED] - branch = "qa cabang": null

2021-10-18 10:29:38 - [TEST_STEP][PASSED] - accountnumber = "222444222444": null

2021-10-18 10:29:38 - [TEST_STEP][PASSED] - nameowner = fullname: null

2021-10-18 10:29:38 - [TEST_STEP][PASSED] - alamat = "Jl. Cempaka Putih Barat 12 F No.12, RT.8/RW.8": null

2021-10-18 10:29:38 - [TEST_STEP][PASSED] - kodepos = "15412": null

2021-10-18 10:29:38 - [TEST_STEP][PASSED] - referralcode = "15412": null

2021-10-18 10:29:38 - [TEST_STEP][PASSED] - flag = "indonesia": null

2021-10-18 10:29:38 - [TEST_STEP][PASSED] - bank = "citibank": null

2021-10-18 10:29:38 - [TEST_STEP][PASSED] - if (isFromLoginPage == 1): Delayed 1 second(s)

2021-10-18 10:29:38 - [TEST_STEP][PASSED] - tap(findTestObject("Object Repository/Mobile/Page/Dashboard/Button - Login"), 0, STOP_ON_FAILURE): Tapped on element 'Object Repository/Mobile/Page/Dashboard/Button - Login'

2021-10-18 10:29:38 - [MESSAGE][WARNING] - Timeout '0' is invalid. Using default page load timeout: '60'

2021-10-18 10:29:41 - [MESSAGE][PASSED] - Tapped on element 'Object Repository/Mobile/Page/Dashboard/Button - Login'

2021-10-18 10:29:41 - [TEST_STEP][PASSED] - delay(1): Delayed 1 second(s)

2021-10-18 10:29:42 - [MESSAGE][PASSED] - Delayed 1 second(s)

2021-10-18 10:29:42 - [TEST_STEP][PASSED] - tap(findTestObject("Object Repository/Mobile/Page/Login/Button - Register"), 0, STOP_ON_FAILURE): Tapped on element 'Object Repository/Mobile/Page/Login/Button - Register'

2021-10-18 10:29:42 - [MESSAGE][WARNING] - Timeout '0' is invalid. Using default page load timeout: '60'

2021-10-18 10:29:43 - [MESSAGE][PASSED] - Tapped on element 'Object Repository/Mobile/Page/Login/Button - Register'

2021-10-18 10:29:43 - [TEST_STEP][PASSED] - delay(1): Delayed 1 second(s)

2021-10-18 10:29:44 - [MESSAGE][PASSED] - Delayed 1 second(s)

2021-10-18 10:29:44 - [TEST_STEP][PASSED] - for ([i = 0, i < 1, (i++)]): Delayed 1 second(s)

2021-10-18 10:29:44 - [TEST_STEP][PASSED] - if (negativeStatus == "isRegistered"): null

2021-10-18 10:29:44 - [TEST_STEP][PASSED] - tap(findTestObject("Object Repository/Mobile/Page/Register/Radio Button - Not registered yet"), 0, STOP_ON_FAILURE): Tapped on element 'Object Repository/Mobile/Page/Register/Radio Button - Not registered yet'

2021-10-18 10:29:44 - [MESSAGE][WARNING] - Timeout '0' is invalid. Using default page load timeout: '60'

2021-10-18 10:29:45 - [MESSAGE][PASSED] - Tapped on element 'Object Repository/Mobile/Page/Register/Radio Button - Not registered yet'

2021-10-18 10:29:45 - [TEST_STEP][PASSED] - delay(1): Delayed 1 second(s)

2021-10-18 10:29:46 - [MESSAGE][PASSED] - Delayed 1 second(s)

2021-10-18 10:29:46 - [TEST_STEP][PASSED] - tap(findTestObject("Object Repository/Mobile/Page/Register/Not Registered/Button - Next"), 0, STOP_ON_FAILURE): Tapped on element 'Object Repository/Mobile/Page/Register/Not Registered/Button - Next'

2021-10-18 10:29:46 - [MESSAGE][WARNING] - Timeout '0' is invalid. Using default page load timeout: '60'

2021-10-18 10:29:47 - [MESSAGE][PASSED] - Tapped on element 'Object Repository/Mobile/Page/Register/Not Registered/Button - Next'

2021-10-18 10:29:47 - [TEST_STEP][PASSED] - delay(1): Delayed 1 second(s)

2021-10-18 10:29:48 - [MESSAGE][PASSED] - Delayed 1 second(s)

2021-10-18 10:29:48 - [TEST_STEP][PASSED] - tap(findTestObject("Object Repository/Mobile/Page/Register/Not Registered/Informasi Pribadi/Edit Text - Fullname"), 0, STOP_ON_FAILURE): Tapped on element 'Object Repository/Mobile/Page/Register/Not Registered/Informasi Pribadi/Edit Text - Fullname'

2021-10-18 10:29:48 - [MESSAGE][WARNING] - Timeout '0' is invalid. Using default page load timeout: '60'

2021-10-18 10:29:48 - [MESSAGE][PASSED] - Tapped on element 'Object Repository/Mobile/Page/Register/Not Registered/Informasi Pribadi/Edit Text - Fullname'

2021-10-18 10:29:48 - [TEST_STEP][PASSED] - setText(findTestObject("Object Repository/Mobile/Page/Register/Not Registered/Informasi Pribadi/Edit Text - Fullname"), fullname, 0): Text 'qatestingPtDEfShKLM' has been set to element 'Object Repository/Mobile/Page/Register/Not Registered/Informasi Pribadi/Edit Text - Fullname'

2021-10-18 10:29:48 - [MESSAGE][WARNING] - Timeout '0' is invalid. Using default page load timeout: '60'

2021-10-18 10:29:50 - [MESSAGE][PASSED] - Text 'qatestingPtDEfShKLM' has been set to element 'Object Repository/Mobile/Page/Register/Not Registered/Informasi Pribadi/Edit Text - Fullname'

2021-10-18 10:29:50 - [TEST_STEP][PASSED] - hideKeyboard(): Keyboard is hidden

2021-10-18 10:29:54 - [MESSAGE][PASSED] - Keyboard is hidden

2021-10-18 10:29:54 - [TEST_STEP][PASSED] - delay(1): Delayed 1 second(s)

2021-10-18 10:29:55 - [MESSAGE][PASSED] - Delayed 1 second(s)

2021-10-18 10:29:55 - [TEST_STEP][PASSED] - tap(findTestObject("Object Repository/Mobile/Page/Register/Not Registered/Informasi Pribadi/Date Picker - Date of Birth"), 0, STOP_ON_FAILURE): Tapped on element 'Object Repository/Mobile/Page/Register/Not Registered/Informasi Pribadi/Date Picker - Date of Birth'

2021-10-18 10:29:55 - [MESSAGE][WARNING] - Timeout '0' is invalid. Using default page load timeout: '60'

2021-10-18 10:29:55 - [MESSAGE][PASSED] - Tapped on element 'Object Repository/Mobile/Page/Register/Not Registered/Informasi Pribadi/Date Picker - Date of Birth'

2021-10-18 10:29:55 - [TEST_STEP][PASSED] - tap(findTestObject("Object Repository/Mobile/Page/Register/Not Registered/Informasi Pribadi/Date Picker - Icon Edit"), 0, STOP_ON_FAILURE): Tapped on element 'Object Repository/Mobile/Page/Register/Not Registered/Informasi Pribadi/Date Picker - Icon Edit'

2021-10-18 10:29:55 - [MESSAGE][WARNING] - Timeout '0' is invalid. Using default page load timeout: '60'

2021-10-18 10:29:58 - [MESSAGE][PASSED] - Tapped on element 'Object Repository/Mobile/Page/Register/Not Registered/Informasi Pribadi/Date Picker - Icon Edit'

2021-10-18 10:29:58 - [TEST_STEP][PASSED] - if (negativeStatus == "isCheckDateOfBirth"): null

2021-10-18 10:29:58 - [TEST_STEP][PASSED] - else: Delayed 1 second(s)

2021-10-18 10:29:58 - [TEST_STEP][PASSED] - setText(findTestObject("Mobile/Page/Register/Not Registered/Informasi Pribadi/Date Picker - Edit Text Date"), birthdate, 0): Text '1/1/1998' has been set to element 'Object Repository/Mobile/Page/Register/Not Registered/Informasi Pribadi/Date Picker - Edit Text Date'

2021-10-18 10:29:58 - [MESSAGE][WARNING] - Timeout '0' is invalid. Using default page load timeout: '60'

2021-10-18 10:29:58 - [MESSAGE][PASSED] - Text '1/1/1998' has been set to element 'Object Repository/Mobile/Page/Register/Not Registered/Informasi Pribadi/Date Picker - Edit Text Date'

2021-10-18 10:29:58 - [TEST_STEP][PASSED] - tap(findTestObject("Mobile/Page/Register/Not Registered/Informasi Pribadi/Date Picker - Button OK"), 0, STOP_ON_FAILURE): Tapped on element 'Object Repository/Mobile/Page/Register/Not Registered/Informasi Pribadi/Date Picker - Button OK'

2021-10-18 10:29:58 - [MESSAGE][WARNING] - Timeout '0' is invalid. Using default page load timeout: '60'

2021-10-18 10:30:00 - [MESSAGE][PASSED] - Tapped on element 'Object Repository/Mobile/Page/Register/Not Registered/Informasi Pribadi/Date Picker - Button OK'

2021-10-18 10:30:00 - [TEST_STEP][PASSED] - delay(1): Delayed 1 second(s)

2021-10-18 10:30:01 - [MESSAGE][PASSED] - Delayed 1 second(s)

2021-10-18 10:30:01 - [TEST_STEP][PASSED] - if (negativeStatus == "isPhoneNumberNonIndo"): null

2021-10-18 10:30:01 - [TEST_STEP][PASSED] - tap(findTestObject("Object Repository/Mobile/Page/Register/Not Registered/Informasi Pribadi/Dropdown - Flag Phone Number"), 0, STOP_ON_FAILURE): Tapped on element 'Object Repository/Mobile/Page/Register/Not Registered/Informasi Pribadi/Dropdown - Flag Phone Number'

2021-10-18 10:30:01 - [MESSAGE][WARNING] - Timeout '0' is invalid. Using default page load timeout: '60'

2021-10-18 10:30:02 - [MESSAGE][PASSED] - Tapped on element 'Object Repository/Mobile/Page/Register/Not Registered/Informasi Pribadi/Dropdown - Flag Phone Number'

2021-10-18 10:30:02 - [TEST_STEP][PASSED] - tap(findTestObject("Object Repository/Mobile/Page/Register/Not Registered/Informasi Pribadi/Edit Text - Search Flag"), 0, STOP_ON_FAILURE): Tapped on element 'Object Repository/Mobile/Page/Register/Not Registered/Informasi Pribadi/Edit Text - Search Flag'

2021-10-18 10:30:02 - [MESSAGE][WARNING] - Timeout '0' is invalid. Using default page load timeout: '60'

2021-10-18 10:30:03 - [MESSAGE][PASSED] - Tapped on element 'Object Repository/Mobile/Page/Register/Not Registered/Informasi Pribadi/Edit Text - Search Flag'

2021-10-18 10:30:03 - [TEST_STEP][PASSED] - setText(findTestObject("Object Repository/Mobile/Page/Register/Not Registered/Informasi Pribadi/Edit Text - Search Flag"), flag, 0): Text 'indonesia' has been set to element 'Object Repository/Mobile/Page/Register/Not Registered/Informasi Pribadi/Edit Text - Search Flag'

2021-10-18 10:30:03 - [MESSAGE][WARNING] - Timeout '0' is invalid. Using default page load timeout: '60'

2021-10-18 10:30:04 - [MESSAGE][PASSED] - Text 'indonesia' has been set to element 'Object Repository/Mobile/Page/Register/Not Registered/Informasi Pribadi/Edit Text - Search Flag'

2021-10-18 10:30:04 - [TEST_STEP][PASSED] - tap(findTestObject("Mobile/Page/Register/Not Registered/Informasi Pribadi/Item Flag - Top Search"), 0, STOP_ON_FAILURE): Tapped on element 'Object Repository/Mobile/Page/Register/Not Registered/Informasi Pribadi/Item Flag - Top Search'

2021-10-18 10:30:04 - [MESSAGE][WARNING] - Timeout '0' is invalid. Using default page load timeout: '60'

2021-10-18 10:30:06 - [MESSAGE][PASSED] - Tapped on element 'Object Repository/Mobile/Page/Register/Not Registered/Informasi Pribadi/Item Flag - Top Search'

2021-10-18 10:30:06 - [TEST_STEP][PASSED] - tap(findTestObject("Object Repository/Mobile/Page/Register/Not Registered/Informasi Pribadi/Edit Text - Phone Number"), 0, STOP_ON_FAILURE): Tapped on element 'Object Repository/Mobile/Page/Register/Not Registered/Informasi Pribadi/Edit Text - Phone Number'

2021-10-18 10:30:06 - [MESSAGE][WARNING] - Timeout '0' is invalid. Using default page load timeout: '60'

2021-10-18 10:30:07 - [MESSAGE][PASSED] - Tapped on element 'Object Repository/Mobile/Page/Register/Not Registered/Informasi Pribadi/Edit Text - Phone Number'

2021-10-18 10:30:07 - [TEST_STEP][PASSED] - setText(findTestObject("Object Repository/Mobile/Page/Register/Not Registered/Informasi Pribadi/Edit Text - Phone Number"), phone, 0): Text '082257147299' has been set to element 'Object Repository/Mobile/Page/Register/Not Registered/Informasi Pribadi/Edit Text - Phone Number'

2021-10-18 10:30:07 - [MESSAGE][WARNING] - Timeout '0' is invalid. Using default page load timeout: '60'

2021-10-18 10:30:09 - [MESSAGE][PASSED] - Text '082257147299' has been set to element 'Object Repository/Mobile/Page/Register/Not Registered/Informasi Pribadi/Edit Text - Phone Number'

2021-10-18 10:30:09 - [TEST_STEP][PASSED] - hideKeyboard(): Keyboard is hidden

2021-10-18 10:30:15 - [MESSAGE][PASSED] - Keyboard is hidden

2021-10-18 10:30:15 - [TEST_STEP][PASSED] - delay(1): Delayed 1 second(s)

2021-10-18 10:30:16 - [MESSAGE][PASSED] - Delayed 1 second(s)

2021-10-18 10:30:16 - [TEST_STEP][PASSED] - tap(findTestObject("Object Repository/Mobile/Page/Register/Not Registered/Informasi Pribadi/Dropdown - Flag Re Phone Number"), 0, STOP_ON_FAILURE): Tapped on element 'Object Repository/Mobile/Page/Register/Not Registered/Informasi Pribadi/Dropdown - Flag Re Phone Number'

2021-10-18 10:30:16 - [MESSAGE][WARNING] - Timeout '0' is invalid. Using default page load timeout: '60'

2021-10-18 10:30:17 - [MESSAGE][PASSED] - Tapped on element 'Object Repository/Mobile/Page/Register/Not Registered/Informasi Pribadi/Dropdown - Flag Re Phone Number'

2021-10-18 10:30:17 - [TEST_STEP][PASSED] - tap(findTestObject("Object Repository/Mobile/Page/Register/Not Registered/Informasi Pribadi/Edit Text - Search Flag"), 0, STOP_ON_FAILURE): Tapped on element 'Object Repository/Mobile/Page/Register/Not Registered/Informasi Pribadi/Edit Text - Search Flag'

2021-10-18 10:30:17 - [MESSAGE][WARNING] - Timeout '0' is invalid. Using default page load timeout: '60'

2021-10-18 10:30:18 - [MESSAGE][PASSED] - Tapped on element 'Object Repository/Mobile/Page/Register/Not Registered/Informasi Pribadi/Edit Text - Search Flag'

2021-10-18 10:30:18 - [TEST_STEP][PASSED] - setText(findTestObject("Object Repository/Mobile/Page/Register/Not Registered/Informasi Pribadi/Edit Text - Search Flag"), flag, 0): Text 'indonesia' has been set to element 'Object Repository/Mobile/Page/Register/Not Registered/Informasi Pribadi/Edit Text - Search Flag'

2021-10-18 10:30:18 - [MESSAGE][WARNING] - Timeout '0' is invalid. Using default page load timeout: '60'

2021-10-18 10:30:19 - [MESSAGE][PASSED] - Text 'indonesia' has been set to element 'Object Repository/Mobile/Page/Register/Not Registered/Informasi Pribadi/Edit Text - Search Flag'

2021-10-18 10:30:19 - [TEST_STEP][PASSED] - tap(findTestObject("Mobile/Page/Register/Not Registered/Informasi Pribadi/Item Flag - Top Search"), 0, STOP_ON_FAILURE): Tapped on element 'Object Repository/Mobile/Page/Register/Not Registered/Informasi Pribadi/Item Flag - Top Search'

2021-10-18 10:30:19 - [MESSAGE][WARNING] - Timeout '0' is invalid. Using default page load timeout: '60'

2021-10-18 10:30:20 - [MESSAGE][PASSED] - Tapped on element 'Object Repository/Mobile/Page/Register/Not Registered/Informasi Pribadi/Item Flag - Top Search'

2021-10-18 10:30:20 - [TEST_STEP][PASSED] - tap(findTestObject("Object Repository/Mobile/Page/Register/Not Registered/Informasi Pribadi/Edit Text - Re Phone Number"), 0, STOP_ON_FAILURE): Tapped on element 'Object Repository/Mobile/Page/Register/Not Registered/Informasi Pribadi/Edit Text - Re Phone Number'

2021-10-18 10:30:20 - [MESSAGE][WARNING] - Timeout '0' is invalid. Using default page load timeout: '60'

2021-10-18 10:30:21 - [MESSAGE][PASSED] - Tapped on element 'Object Repository/Mobile/Page/Register/Not Registered/Informasi Pribadi/Edit Text - Re Phone Number'

2021-10-18 10:30:21 - [TEST_STEP][PASSED] - setText(findTestObject("Object Repository/Mobile/Page/Register/Not Registered/Informasi Pribadi/Edit Text - Re Phone Number"), phone, 0): Text '082257147299' has been set to element 'Object Repository/Mobile/Page/Register/Not Registered/Informasi Pribadi/Edit Text - Re Phone Number'

2021-10-18 10:30:21 - [MESSAGE][WARNING] - Timeout '0' is invalid. Using default page load timeout: '60'

2021-10-18 10:30:23 - [MESSAGE][PASSED] - Text '082257147299' has been set to element 'Object Repository/Mobile/Page/Register/Not Registered/Informasi Pribadi/Edit Text - Re Phone Number'

2021-10-18 10:30:23 - [TEST_STEP][PASSED] - hideKeyboard(): Keyboard is hidden

2021-10-18 10:30:29 - [MESSAGE][PASSED] - Keyboard is hidden

2021-10-18 10:30:29 - [TEST_STEP][PASSED] - delay(1): Delayed 1 second(s)

2021-10-18 10:30:30 - [MESSAGE][PASSED] - Delayed 1 second(s)

2021-10-18 10:30:30 - [TEST_STEP][PASSED] - if (negativeStatus == "isCheckEmailRegistered"): null

2021-10-18 10:30:30 - [TEST_STEP][PASSED] - else: Delayed 1 second(s)

2021-10-18 10:30:30 - [TEST_STEP][PASSED] - tap(findTestObject("Object Repository/Mobile/Page/Register/Not Registered/Informasi Pribadi/Edit Text - Email"), 0, STOP_ON_FAILURE): Tapped on element 'Object Repository/Mobile/Page/Register/Not Registered/Informasi Pribadi/Edit Text - Email'

2021-10-18 10:30:30 - [MESSAGE][WARNING] - Timeout '0' is invalid. Using default page load timeout: '60'

2021-10-18 10:30:30 - [MESSAGE][PASSED] - Tapped on element 'Object Repository/Mobile/Page/Register/Not Registered/Informasi Pribadi/Edit Text - Email'

2021-10-18 10:30:30 - [TEST_STEP][PASSED] - setText(findTestObject("Object Repository/Mobile/Page/Register/Not Registered/Informasi Pribadi/Edit Text - Email"), email, 0): Text 'qatestingPtDEfShKLM@gmail.com' has been set to element 'Object Repository/Mobile/Page/Register/Not Registered/Informasi Pribadi/Edit Text - Email'

2021-10-18 10:30:31 - [MESSAGE][WARNING] - Timeout '0' is invalid. Using default page load timeout: '60'

2021-10-18 10:30:32 - [MESSAGE][PASSED] - Text 'qatestingPtDEfShKLM@gmail.com' has been set to element 'Object Repository/Mobile/Page/Register/Not Registered/Informasi Pribadi/Edit Text - Email'

2021-10-18 10:30:32 - [TEST_STEP][PASSED] - hideKeyboard(): Keyboard is hidden

2021-10-18 10:30:36 - [MESSAGE][PASSED] - Keyboard is hidden

2021-10-18 10:30:36 - [TEST_STEP][PASSED] - delay(1): Delayed 1 second(s)

2021-10-18 10:30:37 - [MESSAGE][PASSED] - Delayed 1 second(s)

2021-10-18 10:30:37 - [TEST_STEP][PASSED] - if (negativeStatus == "isCheckEmailMatch"): null

2021-10-18 10:30:37 - [TEST_STEP][PASSED] - else: Delayed 1 second(s)

2021-10-18 10:30:37 - [TEST_STEP][PASSED] - tap(findTestObject("Object Repository/Mobile/Page/Register/Not Registered/Informasi Pribadi/Edit Text - Re Email"), 0, STOP_ON_FAILURE): Tapped on element 'Object Repository/Mobile/Page/Register/Not Registered/Informasi Pribadi/Edit Text - Re Email'

2021-10-18 10:30:37 - [MESSAGE][WARNING] - Timeout '0' is invalid. Using default page load timeout: '60'

2021-10-18 10:30:37 - [MESSAGE][PASSED] - Tapped on element 'Object Repository/Mobile/Page/Register/Not Registered/Informasi Pribadi/Edit Text - Re Email'

2021-10-18 10:30:37 - [TEST_STEP][PASSED] - setText(findTestObject("Object Repository/Mobile/Page/Register/Not Registered/Informasi Pribadi/Edit Text - Re Email"), email, 0): Text 'qatestingPtDEfShKLM@gmail.com' has been set to element 'Object Repository/Mobile/Page/Register/Not Registered/Informasi Pribadi/Edit Text - Re Email'

2021-10-18 10:30:37 - [MESSAGE][WARNING] - Timeout '0' is invalid. Using default page load timeout: '60'

2021-10-18 10:30:39 - [MESSAGE][PASSED] - Text 'qatestingPtDEfShKLM@gmail.com' has been set to element 'Object Repository/Mobile/Page/Register/Not Registered/Informasi Pribadi/Edit Text - Re Email'

2021-10-18 10:30:39 - [TEST_STEP][PASSED] - hideKeyboard(): Keyboard is hidden

2021-10-18 10:30:42 - [MESSAGE][PASSED] - Keyboard is hidden

2021-10-18 10:30:42 - [TEST_STEP][PASSED] - delay(1): Delayed 1 second(s)

2021-10-18 10:30:43 - [MESSAGE][PASSED] - Delayed 1 second(s)

2021-10-18 10:30:43 - [TEST_STEP][PASSED] - if (negativeStatus == "isPasswordNumberOnly"): null

2021-10-18 10:30:43 - [TEST_STEP][PASSED] - else: Delayed 1 second(s)

2021-10-18 10:30:43 - [TEST_STEP][PASSED] - tap(findTestObject("Object Repository/Mobile/Page/Register/Not Registered/Informasi Pribadi/Edit Text - Password"), 0, STOP_ON_FAILURE): Tapped on element 'Object Repository/Mobile/Page/Register/Not Registered/Informasi Pribadi/Edit Text - Password'

2021-10-18 10:30:43 - [MESSAGE][WARNING] - Timeout '0' is invalid. Using default page load timeout: '60'

2021-10-18 10:30:43 - [MESSAGE][PASSED] - Tapped on element 'Object Repository/Mobile/Page/Register/Not Registered/Informasi Pribadi/Edit Text - Password'

2021-10-18 10:30:43 - [TEST_STEP][PASSED] - setText(findTestObject("Object Repository/Mobile/Page/Register/Not Registered/Informasi Pribadi/Edit Text - Password"), password, 0): Text 'Mirae1234' has been set to element 'Object Repository/Mobile/Page/Register/Not Registered/Informasi Pribadi/Edit Text - Password'

2021-10-18 10:30:43 - [MESSAGE][WARNING] - Timeout '0' is invalid. Using default page load timeout: '60'

2021-10-18 10:30:45 - [MESSAGE][PASSED] - Text 'Mirae1234' has been set to element 'Object Repository/Mobile/Page/Register/Not Registered/Informasi Pribadi/Edit Text - Password'

2021-10-18 10:30:45 - [TEST_STEP][PASSED] - hideKeyboard(): Keyboard is hidden

2021-10-18 10:30:51 - [MESSAGE][PASSED] - Keyboard is hidden

2021-10-18 10:30:51 - [TEST_STEP][PASSED] - delay(1): Delayed 1 second(s)

2021-10-18 10:30:52 - [MESSAGE][PASSED] - Delayed 1 second(s)

2021-10-18 10:30:52 - [TEST_STEP][PASSED] - tap(findTestObject("Object Repository/Mobile/Page/Register/Not Registered/Informasi Pribadi/Edit Text - Re Password"), 0, STOP_ON_FAILURE): Tapped on element 'Object Repository/Mobile/Page/Register/Not Registered/Informasi Pribadi/Edit Text - Re Password'

2021-10-18 10:30:52 - [MESSAGE][WARNING] - Timeout '0' is invalid. Using default page load timeout: '60'

2021-10-18 10:30:52 - [MESSAGE][PASSED] - Tapped on element 'Object Repository/Mobile/Page/Register/Not Registered/Informasi Pribadi/Edit Text - Re Password'

2021-10-18 10:30:52 - [TEST_STEP][PASSED] - setText(findTestObject("Object Repository/Mobile/Page/Register/Not Registered/Informasi Pribadi/Edit Text - Re Password"), password, 0): Text 'Mirae1234' has been set to element 'Object Repository/Mobile/Page/Register/Not Registered/Informasi Pribadi/Edit Text - Re Password'

2021-10-18 10:30:52 - [MESSAGE][WARNING] - Timeout '0' is invalid. Using default page load timeout: '60'

2021-10-18 10:30:54 - [MESSAGE][PASSED] - Text 'Mirae1234' has been set to element 'Object Repository/Mobile/Page/Register/Not Registered/Informasi Pribadi/Edit Text - Re Password'

2021-10-18 10:30:54 - [TEST_STEP][PASSED] - hideKeyboard(): Keyboard is hidden

2021-10-18 10:31:00 - [MESSAGE][PASSED] - Keyboard is hidden

2021-10-18 10:31:00 - [TEST_STEP][PASSED] - delay(1): Delayed 1 second(s)

2021-10-18 10:31:01 - [MESSAGE][PASSED] - Delayed 1 second(s)

2021-10-18 10:31:01 - [TEST_STEP][PASSED] - if (isBedaAlamat == 1): null

2021-10-18 10:31:01 - [TEST_STEP][PASSED] - tap(findTestObject("Object Repository/Mobile/Page/Register/Not Registered/Informasi Pribadi/Button - Icon KTP"), 0, STOP_ON_FAILURE): Tapped on element 'Object Repository/Mobile/Page/Register/Not Registered/Informasi Pribadi/Button - Icon KTP'

2021-10-18 10:31:01 - [MESSAGE][WARNING] - Timeout '0' is invalid. Using default page load timeout: '60'

2021-10-18 10:31:03 - [MESSAGE][PASSED] - Tapped on element 'Object Repository/Mobile/Page/Register/Not Registered/Informasi Pribadi/Button - Icon KTP'

2021-10-18 10:31:03 - [TEST_STEP][PASSED] - permission = verifyElementExist(findTestObject("Object Repository/Mobile/Page/Register/Not Registered/Informasi Pribadi/Permission - Only this time"), 1, OPTIONAL): Element 'Object Repository/Mobile/Page/Register/Not Registered/Informasi Pribadi/Permission - Only this time' is exist

2021-10-18 10:31:03 - [MESSAGE][PASSED] - Element 'Object Repository/Mobile/Page/Register/Not Registered/Informasi Pribadi/Permission - Only this time' is exist

2021-10-18 10:31:03 - [TEST_STEP][PASSED] - if (permission): Tapped on element 'Object Repository/Mobile/Page/Register/Not Registered/Informasi Pribadi/Permission - Only this time'

2021-10-18 10:31:03 - [TEST_STEP][PASSED] - tap(findTestObject("Object Repository/Mobile/Page/Register/Not Registered/Informasi Pribadi/Permission - Only this time"), 0, STOP_ON_FAILURE): Tapped on element 'Object Repository/Mobile/Page/Register/Not Registered/Informasi Pribadi/Permission - Only this time'

2021-10-18 10:31:03 - [MESSAGE][WARNING] - Timeout '0' is invalid. Using default page load timeout: '60'

2021-10-18 10:31:03 - [MESSAGE][PASSED] - Tapped on element 'Object Repository/Mobile/Page/Register/Not Registered/Informasi Pribadi/Permission - Only this time'

2021-10-18 10:31:03 - [TEST_STEP][PASSED] - permission = verifyElementExist(findTestObject("Object Repository/Mobile/Page/Register/Not Registered/Informasi Pribadi/Permission - Only this time"), 1, OPTIONAL): Element 'Object Repository/Mobile/Page/Register/Not Registered/Informasi Pribadi/Permission - Only this time' is exist

2021-10-18 10:31:04 - [MESSAGE][PASSED] - Element 'Object Repository/Mobile/Page/Register/Not Registered/Informasi Pribadi/Permission - Only this time' is exist

2021-10-18 10:31:04 - [TEST_STEP][PASSED] - if (permission): Tapped on element 'Object Repository/Mobile/Page/Register/Not Registered/Informasi Pribadi/Permission - Only this time'

2021-10-18 10:31:04 - [TEST_STEP][PASSED] - tap(findTestObject("Object Repository/Mobile/Page/Register/Not Registered/Informasi Pribadi/Permission - Only this time"), 0, STOP_ON_FAILURE): Tapped on element 'Object Repository/Mobile/Page/Register/Not Registered/Informasi Pribadi/Permission - Only this time'

2021-10-18 10:31:04 - [MESSAGE][WARNING] - Timeout '0' is invalid. Using default page load timeout: '60'

2021-10-18 10:31:05 - [MESSAGE][PASSED] - Tapped on element 'Object Repository/Mobile/Page/Register/Not Registered/Informasi Pribadi/Permission - Only this time'

2021-10-18 10:31:05 - [TEST_STEP][PASSED] - tap(findTestObject("Object Repository/Mobile/Page/Register/Not Registered/Informasi Pribadi/Button - Capture KTP"), 0, STOP_ON_FAILURE): Tapped on element 'Object Repository/Mobile/Page/Register/Not Registered/Informasi Pribadi/Button - Capture KTP'

2021-10-18 10:31:05 - [MESSAGE][WARNING] - Timeout '0' is invalid. Using default page load timeout: '60'

2021-10-18 10:31:07 - [MESSAGE][PASSED] - Tapped on element 'Object Repository/Mobile/Page/Register/Not Registered/Informasi Pribadi/Button - Capture KTP'

2021-10-18 10:31:07 - [TEST_STEP][PASSED] - delay(2): Delayed 2 second(s)

2021-10-18 10:31:09 - [MESSAGE][PASSED] - Delayed 2 second(s)

2021-10-18 10:31:09 - [TEST_STEP][PASSED] - scroll.scroll.scrollLeftToRight(findTestObject("Object Repository/Mobile/Page/Register/Not Registered/Informasi Pribadi/Slider - Edit Photo Scale")): scroll.scroll.scrollLeftToRight is PASSED

2021-10-18 10:31:09 - [MESSAGE][WARNING] - Timeout '0' is invalid. Using default page load timeout: '60'

2021-10-18 10:31:11 - [MESSAGE][PASSED] - Object 'Object Repository/Mobile/Page/Register/Not Registered/Informasi Pribadi/Slider - Edit Photo Scale' has left position '0'

2021-10-18 10:31:11 - [MESSAGE][WARNING] - Timeout '0' is invalid. Using default page load timeout: '60'

2021-10-18 10:31:11 - [MESSAGE][PASSED] - Object 'Object Repository/Mobile/Page/Register/Not Registered/Informasi Pribadi/Slider - Edit Photo Scale' has top position '1,284'

2021-10-18 10:31:11 - [MESSAGE][WARNING] - Timeout '0' is invalid. Using default page load timeout: '60'

2021-10-18 10:31:11 - [MESSAGE][PASSED] - Object 'Object Repository/Mobile/Page/Register/Not Registered/Informasi Pribadi/Slider - Edit Photo Scale' has width: '720'

2021-10-18 10:31:11 - [MESSAGE][WARNING] - Timeout '0' is invalid. Using default page load timeout: '60'

2021-10-18 10:31:11 - [MESSAGE][PASSED] - Object 'Object Repository/Mobile/Page/Register/Not Registered/Informasi Pribadi/Slider - Edit Photo Scale' has height: '66'

2021-10-18 10:31:13 - [MESSAGE][PASSED] - Swiped from 144,1,317 to 576,1,317

2021-10-18 10:31:13 - [MESSAGE][PASSED] - scroll.scroll.scrollLeftToRight is PASSED

2021-10-18 10:31:13 - [TEST_STEP][PASSED] - tap(findTestObject("Object Repository/Mobile/Page/Register/Not Registered/Informasi Pribadi/Button - Edit Photo Rotate"), 0, STOP_ON_FAILURE): Tapped on element 'Object Repository/Mobile/Page/Register/Not Registered/Informasi Pribadi/Button - Edit Photo Rotate'

2021-10-18 10:31:13 - [MESSAGE][WARNING] - Timeout '0' is invalid. Using default page load timeout: '60'

2021-10-18 10:31:13 - [MESSAGE][PASSED] - Tapped on element 'Object Repository/Mobile/Page/Register/Not Registered/Informasi Pribadi/Button - Edit Photo Rotate'

2021-10-18 10:31:13 - [TEST_STEP][PASSED] - tap(findTestObject("Object Repository/Mobile/Page/Register/Not Registered/Informasi Pribadi/Button - Edit Photo Rotate 90 degree"), 0, STOP_ON_FAILURE): Tapped on element 'Object Repository/Mobile/Page/Register/Not Registered/Informasi Pribadi/Button - Edit Photo Rotate 90 degree'

2021-10-18 10:31:13 - [MESSAGE][WARNING] - Timeout '0' is invalid. Using default page load timeout: '60'

2021-10-18 10:31:15 - [MESSAGE][PASSED] - Tapped on element 'Object Repository/Mobile/Page/Register/Not Registered/Informasi Pribadi/Button - Edit Photo Rotate 90 degree'

2021-10-18 10:31:15 - [TEST_STEP][PASSED] - tap(findTestObject("Object Repository/Mobile/Page/Register/Not Registered/Informasi Pribadi/Button - Edit Photo Reset Rotation"), 0, STOP_ON_FAILURE): Tapped on element 'Object Repository/Mobile/Page/Register/Not Registered/Informasi Pribadi/Button - Edit Photo Reset Rotation'

2021-10-18 10:31:15 - [MESSAGE][WARNING] - Timeout '0' is invalid. Using default page load timeout: '60'

2021-10-18 10:31:16 - [MESSAGE][PASSED] - Tapped on element 'Object Repository/Mobile/Page/Register/Not Registered/Informasi Pribadi/Button - Edit Photo Reset Rotation'

2021-10-18 10:31:16 - [TEST_STEP][PASSED] - scroll.scroll.scrollLeftToRight(findTestObject("Object Repository/Mobile/Page/Register/Not Registered/Informasi Pribadi/Slider - Edit Photo Rotate")): scroll.scroll.scrollLeftToRight is PASSED

2021-10-18 10:31:16 - [MESSAGE][WARNING] - Timeout '0' is invalid. Using default page load timeout: '60'

2021-10-18 10:31:17 - [MESSAGE][PASSED] - Object 'Object Repository/Mobile/Page/Register/Not Registered/Informasi Pribadi/Slider - Edit Photo Rotate' has left position '88'

2021-10-18 10:31:17 - [MESSAGE][WARNING] - Timeout '0' is invalid. Using default page load timeout: '60'

2021-10-18 10:31:17 - [MESSAGE][PASSED] - Object 'Object Repository/Mobile/Page/Register/Not Registered/Informasi Pribadi/Slider - Edit Photo Rotate' has top position '1,284'

2021-10-18 10:31:17 - [MESSAGE][WARNING] - Timeout '0' is invalid. Using default page load timeout: '60'

2021-10-18 10:31:17 - [MESSAGE][PASSED] - Object 'Object Repository/Mobile/Page/Register/Not Registered/Informasi Pribadi/Slider - Edit Photo Rotate' has width: '544'

2021-10-18 10:31:17 - [MESSAGE][WARNING] - Timeout '0' is invalid. Using default page load timeout: '60'

2021-10-18 10:31:17 - [MESSAGE][PASSED] - Object 'Object Repository/Mobile/Page/Register/Not Registered/Informasi Pribadi/Slider - Edit Photo Rotate' has height: '66'

2021-10-18 10:31:18 - [MESSAGE][PASSED] - Swiped from 196,1,317 to 523,1,317

2021-10-18 10:31:18 - [MESSAGE][PASSED] - scroll.scroll.scrollLeftToRight is PASSED

2021-10-18 10:31:18 - [TEST_STEP][PASSED] - tap(findTestObject("Object Repository/Mobile/Page/Register/Not Registered/Informasi Pribadi/Button - Edit Photo Confirm"), 0, STOP_ON_FAILURE): Tapped on element 'Object Repository/Mobile/Page/Register/Not Registered/Informasi Pribadi/Button - Edit Photo Confirm'

2021-10-18 10:31:18 - [MESSAGE][WARNING] - Timeout '0' is invalid. Using default page load timeout: '60'

2021-10-18 10:31:21 - [MESSAGE][PASSED] - Tapped on element 'Object Repository/Mobile/Page/Register/Not Registered/Informasi Pribadi/Button - Edit Photo Confirm'

2021-10-18 10:31:21 - [TEST_STEP][PASSED] - delay(2): Delayed 2 second(s)

2021-10-18 10:31:23 - [MESSAGE][PASSED] - Delayed 2 second(s)

2021-10-18 10:31:23 - [TEST_STEP][PASSED] - hideKeyboard(): Keyboard is hidden

2021-10-18 10:31:29 - [MESSAGE][PASSED] - Keyboard is hidden

2021-10-18 10:31:29 - [TEST_STEP][PASSED] - delay(1): Delayed 1 second(s)

2021-10-18 10:31:30 - [MESSAGE][PASSED] - Delayed 1 second(s)

2021-10-18 10:31:30 - [TEST_STEP][PASSED] - scroll.scroll.scrollToBottomOpenKeyboard(): scroll.scroll.scrollToBottomOpenKeyboard is PASSED

2021-10-18 10:31:31 - [MESSAGE][PASSED] - Current device physical height is 1423

2021-10-18 10:31:31 - [MESSAGE][PASSED] - Current device physical width is 720

2021-10-18 10:31:32 - [MESSAGE][PASSED] - Swiped from 360,853 to 360,284

2021-10-18 10:31:32 - [MESSAGE][PASSED] - scroll.scroll.scrollToBottomOpenKeyboard is PASSED

2021-10-18 10:31:32 - [TEST_STEP][PASSED] - tap(findTestObject("Object Repository/Mobile/Page/Register/Not Registered/Informasi Pribadi/Button - Icon Face with KTP"), 0, STOP_ON_FAILURE): Tapped on element 'Object Repository/Mobile/Page/Register/Not Registered/Informasi Pribadi/Button - Icon Face with KTP'

2021-10-18 10:31:32 - [MESSAGE][WARNING] - Timeout '0' is invalid. Using default page load timeout: '60'

2021-10-18 10:31:33 - [MESSAGE][PASSED] - Tapped on element 'Object Repository/Mobile/Page/Register/Not Registered/Informasi Pribadi/Button - Icon Face with KTP'

2021-10-18 10:31:33 - [TEST_STEP][PASSED] - permission = verifyElementExist(findTestObject("Object Repository/Mobile/Page/Register/Not Registered/Informasi Pribadi/Permission - Only this time"), 1, OPTIONAL): Element 'Object Repository/Mobile/Page/Register/Not Registered/Informasi Pribadi/Permission - Only this time' not found

2021-10-18 10:31:36 - [MESSAGE][WARNING] - Element 'Object Repository/Mobile/Page/Register/Not Registered/Informasi Pribadi/Permission - Only this time' not found
[[ATTACHMENT|C:\\Users\\Owner\\Documents\\kerjaan\\KatalonProject\\qa-katalon-maxfund\\Reports\\20211018_100502\\Register\\20211018_100502\\1634527894866.png]]

2021-10-18 10:31:36 - [TEST_STEP][PASSED] - if (permission): null

2021-10-18 10:31:36 - [TEST_STEP][PASSED] - permission = verifyElementExist(findTestObject("Object Repository/Mobile/Page/Register/Not Registered/Informasi Pribadi/Permission - Only this time"), 1, OPTIONAL): Element 'Object Repository/Mobile/Page/Register/Not Registered/Informasi Pribadi/Permission - Only this time' not found

2021-10-18 10:31:38 - [MESSAGE][WARNING] - Element 'Object Repository/Mobile/Page/Register/Not Registered/Informasi Pribadi/Permission - Only this time' not found
[[ATTACHMENT|C:\\Users\\Owner\\Documents\\kerjaan\\KatalonProject\\qa-katalon-maxfund\\Reports\\20211018_100502\\Register\\20211018_100502\\1634527897493.png]]

2021-10-18 10:31:38 - [TEST_STEP][PASSED] - if (permission): null

2021-10-18 10:31:38 - [TEST_STEP][PASSED] - tap(findTestObject("Object Repository/Mobile/Page/Register/Not Registered/Informasi Pribadi/Button - Capture Face with KTP"), 0, STOP_ON_FAILURE): Tapped on element 'Object Repository/Mobile/Page/Register/Not Registered/Informasi Pribadi/Button - Capture Face with KTP'

2021-10-18 10:31:38 - [MESSAGE][WARNING] - Timeout '0' is invalid. Using default page load timeout: '60'

2021-10-18 10:31:41 - [MESSAGE][PASSED] - Tapped on element 'Object Repository/Mobile/Page/Register/Not Registered/Informasi Pribadi/Button - Capture Face with KTP'

2021-10-18 10:31:41 - [TEST_STEP][PASSED] - delay(2): Delayed 2 second(s)

2021-10-18 10:31:43 - [MESSAGE][PASSED] - Delayed 2 second(s)

2021-10-18 10:31:43 - [TEST_STEP][PASSED] - hideKeyboard(): Keyboard is hidden

2021-10-18 10:31:49 - [MESSAGE][PASSED] - Keyboard is hidden

2021-10-18 10:31:49 - [TEST_STEP][PASSED] - delay(1): Delayed 1 second(s)

2021-10-18 10:31:50 - [MESSAGE][PASSED] - Delayed 1 second(s)

2021-10-18 10:31:50 - [TEST_STEP][PASSED] - scroll.scroll.scrollToBottomOpenKeyboard(): scroll.scroll.scrollToBottomOpenKeyboard is PASSED

2021-10-18 10:31:50 - [MESSAGE][PASSED] - Current device physical height is 1423

2021-10-18 10:31:50 - [MESSAGE][PASSED] - Current device physical width is 720

2021-10-18 10:31:52 - [MESSAGE][PASSED] - Swiped from 360,853 to 360,284

2021-10-18 10:31:52 - [MESSAGE][PASSED] - scroll.scroll.scrollToBottomOpenKeyboard is PASSED

2021-10-18 10:31:52 - [TEST_STEP][PASSED] - tap(findTestObject("Object Repository/Mobile/Page/Register/Not Registered/Informasi Pribadi/Radio Button - Low Risk"), 0, STOP_ON_FAILURE): Tapped on element 'Object Repository/Mobile/Page/Register/Not Registered/Informasi Pribadi/Radio Button - Low Risk'

2021-10-18 10:31:52 - [MESSAGE][WARNING] - Timeout '0' is invalid. Using default page load timeout: '60'

2021-10-18 10:31:52 - [MESSAGE][PASSED] - Tapped on element 'Object Repository/Mobile/Page/Register/Not Registered/Informasi Pribadi/Radio Button - Low Risk'

2021-10-18 10:31:52 - [TEST_STEP][PASSED] - delay(1): Delayed 1 second(s)

2021-10-18 10:31:53 - [MESSAGE][PASSED] - Delayed 1 second(s)

2021-10-18 10:31:53 - [TEST_STEP][PASSED] - tap(findTestObject("Object Repository/Mobile/Page/Register/Not Registered/Informasi Pribadi/Radio Button - Medium Risk"), 0, STOP_ON_FAILURE): Tapped on element 'Object Repository/Mobile/Page/Register/Not Registered/Informasi Pribadi/Radio Button - Medium Risk'

2021-10-18 10:31:53 - [MESSAGE][WARNING] - Timeout '0' is invalid. Using default page load timeout: '60'

2021-10-18 10:31:54 - [MESSAGE][PASSED] - Tapped on element 'Object Repository/Mobile/Page/Register/Not Registered/Informasi Pribadi/Radio Button - Medium Risk'

2021-10-18 10:31:54 - [TEST_STEP][PASSED] - delay(1): Delayed 1 second(s)

2021-10-18 10:31:55 - [MESSAGE][PASSED] - Delayed 1 second(s)

2021-10-18 10:31:55 - [TEST_STEP][PASSED] - tap(findTestObject("Object Repository/Mobile/Page/Register/Not Registered/Informasi Pribadi/Radio Button - High Risk"), 0, STOP_ON_FAILURE): Tapped on element 'Object Repository/Mobile/Page/Register/Not Registered/Informasi Pribadi/Radio Button - High Risk'

2021-10-18 10:31:55 - [MESSAGE][WARNING] - Timeout '0' is invalid. Using default page load timeout: '60'

2021-10-18 10:31:56 - [MESSAGE][PASSED] - Tapped on element 'Object Repository/Mobile/Page/Register/Not Registered/Informasi Pribadi/Radio Button - High Risk'

2021-10-18 10:31:56 - [TEST_STEP][PASSED] - delay(1): Delayed 1 second(s)

2021-10-18 10:31:57 - [MESSAGE][PASSED] - Delayed 1 second(s)

2021-10-18 10:31:57 - [TEST_STEP][PASSED] - tap(findTestObject("Object Repository/Mobile/Page/Register/Not Registered/Informasi Pribadi/Button - Next"), 0, STOP_ON_FAILURE): Tapped on element 'Object Repository/Mobile/Page/Register/Not Registered/Informasi Pribadi/Button - Next'

2021-10-18 10:31:57 - [MESSAGE][WARNING] - Timeout '0' is invalid. Using default page load timeout: '60'

2021-10-18 10:31:57 - [MESSAGE][PASSED] - Tapped on element 'Object Repository/Mobile/Page/Register/Not Registered/Informasi Pribadi/Button - Next'

2021-10-18 10:31:57 - [TEST_STEP][PASSED] - delay(1): Delayed 1 second(s)

2021-10-18 10:31:58 - [MESSAGE][PASSED] - Delayed 1 second(s)

2021-10-18 10:31:58 - [TEST_STEP][PASSED] - tapAndHold(findTestObject("Mobile/Page/Register/Not Registered/Akun Bank/Dropdown - Bank"), 1, 0, STOP_ON_FAILURE): Tapped and held on element 'Object Repository/Mobile/Page/Register/Not Registered/Akun Bank/Dropdown - Bank' with duration 1

2021-10-18 10:31:58 - [MESSAGE][WARNING] - Timeout '0' is invalid. Using default page load timeout: '60'

2021-10-18 10:32:01 - [MESSAGE][PASSED] - Tapped and held on element 'Object Repository/Mobile/Page/Register/Not Registered/Akun Bank/Dropdown - Bank' with duration 1

2021-10-18 10:32:01 - [TEST_STEP][PASSED] - tap(findTestObject("Mobile/Page/Register/Not Registered/Akun Bank/Edit Text - Search Bank"), 0, STOP_ON_FAILURE): Tapped on element 'Object Repository/Mobile/Page/Register/Not Registered/Akun Bank/Edit Text - Search Bank'

2021-10-18 10:32:02 - [MESSAGE][WARNING] - Timeout '0' is invalid. Using default page load timeout: '60'

2021-10-18 10:32:02 - [MESSAGE][PASSED] - Tapped on element 'Object Repository/Mobile/Page/Register/Not Registered/Akun Bank/Edit Text - Search Bank'

2021-10-18 10:32:02 - [TEST_STEP][PASSED] - setText(findTestObject("Mobile/Page/Register/Not Registered/Akun Bank/Edit Text - Search Bank"), "citibank", 0, STOP_ON_FAILURE): Text 'citibank' has been set to element 'Object Repository/Mobile/Page/Register/Not Registered/Akun Bank/Edit Text - Search Bank'

2021-10-18 10:32:02 - [MESSAGE][WARNING] - Timeout '0' is invalid. Using default page load timeout: '60'

2021-10-18 10:32:04 - [MESSAGE][PASSED] - Text 'citibank' has been set to element 'Object Repository/Mobile/Page/Register/Not Registered/Akun Bank/Edit Text - Search Bank'

2021-10-18 10:32:04 - [TEST_STEP][PASSED] - driver = getDriver(): null

2021-10-18 10:32:04 - [TEST_STEP][PASSED] - driver.pressKeyCode(ENTER): null

2021-10-18 10:32:04 - [TEST_STEP][PASSED] - tap(findTestObject("Object Repository/Mobile/Page/Register/Not Registered/Akun Bank/Item - Top Search Bank"), 0, STOP_ON_FAILURE): Tapped on element 'Object Repository/Mobile/Page/Register/Not Registered/Akun Bank/Item - Top Search Bank'

2021-10-18 10:32:04 - [MESSAGE][WARNING] - Timeout '0' is invalid. Using default page load timeout: '60'

2021-10-18 10:32:06 - [MESSAGE][PASSED] - Tapped on element 'Object Repository/Mobile/Page/Register/Not Registered/Akun Bank/Item - Top Search Bank'

2021-10-18 10:32:06 - [TEST_STEP][PASSED] - delay(1): Delayed 1 second(s)

2021-10-18 10:32:07 - [MESSAGE][PASSED] - Delayed 1 second(s)

2021-10-18 10:32:07 - [TEST_STEP][PASSED] - tapAndHold(findTestObject("Mobile/Page/Register/Not Registered/Akun Bank/Dropdown - Country"), 1, 0, STOP_ON_FAILURE): Tapped and held on element 'Object Repository/Mobile/Page/Register/Not Registered/Akun Bank/Dropdown - Country' with duration 1

2021-10-18 10:32:07 - [MESSAGE][WARNING] - Timeout '0' is invalid. Using default page load timeout: '60'

2021-10-18 10:32:09 - [MESSAGE][PASSED] - Tapped and held on element 'Object Repository/Mobile/Page/Register/Not Registered/Akun Bank/Dropdown - Country' with duration 1

2021-10-18 10:32:09 - [TEST_STEP][PASSED] - tap(findTestObject("Object Repository/Mobile/Page/Register/Not Registered/Akun Bank/Dropdown - Country Option Indonesia"), 0, STOP_ON_FAILURE): Tapped on element 'Object Repository/Mobile/Page/Register/Not Registered/Akun Bank/Dropdown - Country Option Indonesia'

2021-10-18 10:32:09 - [MESSAGE][WARNING] - Timeout '0' is invalid. Using default page load timeout: '60'

2021-10-18 10:32:11 - [MESSAGE][PASSED] - Tapped on element 'Object Repository/Mobile/Page/Register/Not Registered/Akun Bank/Dropdown - Country Option Indonesia'

2021-10-18 10:32:11 - [TEST_STEP][PASSED] - delay(1): Delayed 1 second(s)

2021-10-18 10:32:12 - [MESSAGE][PASSED] - Delayed 1 second(s)

2021-10-18 10:32:12 - [TEST_STEP][PASSED] - if (negativeStatus == "isBranchNumber"): null

2021-10-18 10:32:12 - [TEST_STEP][PASSED] - else: Delayed 1 second(s)

2021-10-18 10:32:12 - [TEST_STEP][PASSED] - tap(findTestObject("Object Repository/Mobile/Page/Register/Not Registered/Akun Bank/Edit Text - Branch"), 0, STOP_ON_FAILURE): Tapped on element 'Object Repository/Mobile/Page/Register/Not Registered/Akun Bank/Edit Text - Branch'

2021-10-18 10:32:12 - [MESSAGE][WARNING] - Timeout '0' is invalid. Using default page load timeout: '60'

2021-10-18 10:32:12 - [MESSAGE][PASSED] - Tapped on element 'Object Repository/Mobile/Page/Register/Not Registered/Akun Bank/Edit Text - Branch'

2021-10-18 10:32:12 - [TEST_STEP][PASSED] - setText(findTestObject("Object Repository/Mobile/Page/Register/Not Registered/Akun Bank/Edit Text - Branch"), branch, 0, STOP_ON_FAILURE): Text 'qa cabang' has been set to element 'Object Repository/Mobile/Page/Register/Not Registered/Akun Bank/Edit Text - Branch'

2021-10-18 10:32:12 - [MESSAGE][WARNING] - Timeout '0' is invalid. Using default page load timeout: '60'

2021-10-18 10:32:13 - [MESSAGE][PASSED] - Text 'qa cabang' has been set to element 'Object Repository/Mobile/Page/Register/Not Registered/Akun Bank/Edit Text - Branch'

2021-10-18 10:32:13 - [TEST_STEP][PASSED] - hideKeyboard(): Keyboard is hidden

2021-10-18 10:32:17 - [MESSAGE][PASSED] - Keyboard is hidden

2021-10-18 10:32:17 - [TEST_STEP][PASSED] - delay(1): Delayed 1 second(s)

2021-10-18 10:32:18 - [MESSAGE][PASSED] - Delayed 1 second(s)

2021-10-18 10:32:18 - [TEST_STEP][PASSED] - tap(findTestObject("Object Repository/Mobile/Page/Register/Not Registered/Akun Bank/Edit Text - Account Number"), 0, STOP_ON_FAILURE): Tapped on element 'Object Repository/Mobile/Page/Register/Not Registered/Akun Bank/Edit Text - Account Number'

2021-10-18 10:32:18 - [MESSAGE][WARNING] - Timeout '0' is invalid. Using default page load timeout: '60'

2021-10-18 10:32:18 - [MESSAGE][PASSED] - Tapped on element 'Object Repository/Mobile/Page/Register/Not Registered/Akun Bank/Edit Text - Account Number'

2021-10-18 10:32:18 - [TEST_STEP][PASSED] - setText(findTestObject("Object Repository/Mobile/Page/Register/Not Registered/Akun Bank/Edit Text - Account Number"), accountnumber, 0, STOP_ON_FAILURE): Text '222444222444' has been set to element 'Object Repository/Mobile/Page/Register/Not Registered/Akun Bank/Edit Text - Account Number'

2021-10-18 10:32:18 - [MESSAGE][WARNING] - Timeout '0' is invalid. Using default page load timeout: '60'

2021-10-18 10:32:20 - [MESSAGE][PASSED] - Text '222444222444' has been set to element 'Object Repository/Mobile/Page/Register/Not Registered/Akun Bank/Edit Text - Account Number'

2021-10-18 10:32:20 - [TEST_STEP][PASSED] - hideKeyboard(): Keyboard is hidden

2021-10-18 10:32:26 - [MESSAGE][PASSED] - Keyboard is hidden

2021-10-18 10:32:26 - [TEST_STEP][PASSED] - delay(1): Delayed 1 second(s)

2021-10-18 10:32:27 - [MESSAGE][PASSED] - Delayed 1 second(s)

2021-10-18 10:32:27 - [TEST_STEP][PASSED] - if (negativeStatus == "isNameOwnerNotMatch"): null

2021-10-18 10:32:27 - [TEST_STEP][PASSED] - else: Delayed 1 second(s)

2021-10-18 10:32:27 - [TEST_STEP][PASSED] - tap(findTestObject("Object Repository/Mobile/Page/Register/Not Registered/Akun Bank/Edit Text - Name Owner"), 0, STOP_ON_FAILURE): Tapped on element 'Object Repository/Mobile/Page/Register/Not Registered/Akun Bank/Edit Text - Name Owner'

2021-10-18 10:32:27 - [MESSAGE][WARNING] - Timeout '0' is invalid. Using default page load timeout: '60'

2021-10-18 10:32:27 - [MESSAGE][PASSED] - Tapped on element 'Object Repository/Mobile/Page/Register/Not Registered/Akun Bank/Edit Text - Name Owner'

2021-10-18 10:32:27 - [TEST_STEP][PASSED] - setText(findTestObject("Object Repository/Mobile/Page/Register/Not Registered/Akun Bank/Edit Text - Name Owner"), nameowner, 0, STOP_ON_FAILURE): Text 'qatestingPtDEfShKLM' has been set to element 'Object Repository/Mobile/Page/Register/Not Registered/Akun Bank/Edit Text - Name Owner'

2021-10-18 10:32:27 - [MESSAGE][WARNING] - Timeout '0' is invalid. Using default page load timeout: '60'

2021-10-18 10:32:29 - [MESSAGE][PASSED] - Text 'qatestingPtDEfShKLM' has been set to element 'Object Repository/Mobile/Page/Register/Not Registered/Akun Bank/Edit Text - Name Owner'

2021-10-18 10:32:29 - [TEST_STEP][PASSED] - hideKeyboard(): Keyboard is hidden

2021-10-18 10:32:32 - [MESSAGE][PASSED] - Keyboard is hidden

2021-10-18 10:32:32 - [TEST_STEP][PASSED] - delay(1): Delayed 1 second(s)

2021-10-18 10:32:33 - [MESSAGE][PASSED] - Delayed 1 second(s)

2021-10-18 10:32:33 - [TEST_STEP][PASSED] - tap(findTestObject("Object Repository/Mobile/Page/Register/Not Registered/Akun Bank/Button - Next"), 0, STOP_ON_FAILURE): Tapped on element 'Object Repository/Mobile/Page/Register/Not Registered/Akun Bank/Button - Next'

2021-10-18 10:32:33 - [MESSAGE][WARNING] - Timeout '0' is invalid. Using default page load timeout: '60'

2021-10-18 10:32:35 - [MESSAGE][PASSED] - Tapped on element 'Object Repository/Mobile/Page/Register/Not Registered/Akun Bank/Button - Next'

2021-10-18 10:32:35 - [TEST_STEP][PASSED] - delay(1): Delayed 1 second(s)

2021-10-18 10:32:36 - [MESSAGE][PASSED] - Delayed 1 second(s)

2021-10-18 10:32:36 - [TEST_STEP][PASSED] - if (isUseReferralCode == 1): null

2021-10-18 10:32:36 - [TEST_STEP][PASSED] - if (negativeStatus == "isNotUseSignature"): null

2021-10-18 10:32:36 - [TEST_STEP][PASSED] - else: Delayed 1 second(s)

2021-10-18 10:32:36 - [TEST_STEP][PASSED] - scroll.scroll.scrollRightToLeft(findTestObject("Object Repository/Mobile/Page/Register/Not Registered/Konfirmasi/Field - Signature")): scroll.scroll.scrollRightToLeft is PASSED

2021-10-18 10:32:36 - [MESSAGE][WARNING] - Timeout '0' is invalid. Using default page load timeout: '60'

2021-10-18 10:32:36 - [MESSAGE][PASSED] - Object 'Object Repository/Mobile/Page/Register/Not Registered/Konfirmasi/Field - Signature' has left position '31'

2021-10-18 10:32:36 - [MESSAGE][WARNING] - Timeout '0' is invalid. Using default page load timeout: '60'

2021-10-18 10:32:36 - [MESSAGE][PASSED] - Object 'Object Repository/Mobile/Page/Register/Not Registered/Konfirmasi/Field - Signature' has top position '612'

2021-10-18 10:32:36 - [MESSAGE][WARNING] - Timeout '0' is invalid. Using default page load timeout: '60'

2021-10-18 10:32:36 - [MESSAGE][PASSED] - Object 'Object Repository/Mobile/Page/Register/Not Registered/Konfirmasi/Field - Signature' has width: '658'

2021-10-18 10:32:36 - [MESSAGE][WARNING] - Timeout '0' is invalid. Using default page load timeout: '60'

2021-10-18 10:32:36 - [MESSAGE][PASSED] - Object 'Object Repository/Mobile/Page/Register/Not Registered/Konfirmasi/Field - Signature' has height: '384'

2021-10-18 10:32:37 - [MESSAGE][PASSED] - Swiped from 557,804 to 162,804

2021-10-18 10:32:37 - [MESSAGE][PASSED] - scroll.scroll.scrollRightToLeft is PASSED

2021-10-18 10:32:37 - [TEST_STEP][PASSED] - delay(1): Delayed 1 second(s)

2021-10-18 10:32:38 - [MESSAGE][PASSED] - Delayed 1 second(s)

2021-10-18 10:32:38 - [TEST_STEP][PASSED] - tap(findTestObject("Object Repository/Mobile/Page/Register/Not Registered/Konfirmasi/Checkbox - Agreement"), 0, STOP_ON_FAILURE): Tapped on element 'Object Repository/Mobile/Page/Register/Not Registered/Konfirmasi/Checkbox - Agreement'

2021-10-18 10:32:38 - [MESSAGE][WARNING] - Timeout '0' is invalid. Using default page load timeout: '60'

2021-10-18 10:32:39 - [MESSAGE][PASSED] - Tapped on element 'Object Repository/Mobile/Page/Register/Not Registered/Konfirmasi/Checkbox - Agreement'

2021-10-18 10:32:39 - [TEST_STEP][PASSED] - delay(1): Delayed 1 second(s)

2021-10-18 10:32:40 - [MESSAGE][PASSED] - Delayed 1 second(s)

2021-10-18 10:32:40 - [TEST_STEP][PASSED] - tap(findTestObject("Object Repository/Mobile/Page/Register/Not Registered/Konfirmasi/Button - Next"), 0, STOP_ON_FAILURE): Tapped on element 'Object Repository/Mobile/Page/Register/Not Registered/Konfirmasi/Button - Next'

2021-10-18 10:32:40 - [MESSAGE][WARNING] - Timeout '0' is invalid. Using default page load timeout: '60'

2021-10-18 10:32:40 - [MESSAGE][PASSED] - Tapped on element 'Object Repository/Mobile/Page/Register/Not Registered/Konfirmasi/Button - Next'

2021-10-18 10:32:40 - [TEST_STEP][PASSED] - delay(5): Delayed 5 second(s)

2021-10-18 10:32:45 - [MESSAGE][PASSED] - Delayed 5 second(s)

2021-10-18 10:32:45 - [TEST_STEP][PASSED] - tap(findTestObject("Object Repository/Mobile/Page/Register/Not Registered/Konfirmasi/Button - Back to Home"), 0, STOP_ON_FAILURE): Tapped on element 'Object Repository/Mobile/Page/Register/Not Registered/Konfirmasi/Button - Back to Home'

2021-10-18 10:32:45 - [MESSAGE][WARNING] - Timeout '0' is invalid. Using default page load timeout: '60'

2021-10-18 10:32:47 - [MESSAGE][PASSED] - Tapped on element 'Object Repository/Mobile/Page/Register/Not Registered/Konfirmasi/Button - Back to Home'

2021-10-18 10:32:47 - [TEST_STEP][PASSED] - delay(1): Delayed 1 second(s)

2021-10-18 10:32:48 - [MESSAGE][PASSED] - Delayed 1 second(s)

2021-10-18 10:32:48 - [MESSAGE][PASSED] - Call Test Case 'Test Cases/Mobile/Page/Register/Register' successfully

2021-10-18 10:32:48 - [TEST_STEP][PASSED] - callTestCase(findTestCase("Mobile/Page/Run App/Terminate App"), [:], STOP_ON_FAILURE): Call Test Case 'Test Cases/Mobile/Page/Run App/Terminate App' successfully

2021-10-18 10:32:48 - [TEST_CASE][PASSED] - Test Cases/Mobile/Page/Run App/Terminate App: Test Cases/Mobile/Page/Run App/Terminate App

2021-10-18 10:32:48 - [TEST_STEP][PASSED] - startApp.OpenApp.terminateApplication(): startApp.OpenApp.terminateApplication is PASSED

2021-10-18 10:32:51 - [MESSAGE][PASSED] - Delayed 3 second(s)

2021-10-18 10:32:51 - [MESSAGE][WARNING] - Timeout '0' is invalid. Using default page load timeout: '60'

2021-10-18 10:32:52 - [MESSAGE][PASSED] - Tapped on element 'Object Repository/Mobile/Page/Button - Close all application'

2021-10-18 10:32:55 - [MESSAGE][PASSED] - Delayed 3 second(s)

2021-10-18 10:32:55 - [MESSAGE][PASSED] - startApp.OpenApp.terminateApplication is PASSED

2021-10-18 10:32:55 - [MESSAGE][PASSED] - Call Test Case 'Test Cases/Mobile/Page/Run App/Terminate App' successfully]]></system-out>
         <system-err><![CDATA[]]></system-err>
      </testcase>
      <testcase name="Test Cases/Mobile/Scenario/Register/009 - Registrasi dengan alamat email terdaftar" time="84.844" classname="Test Cases/Mobile/Scenario/Register/009 - Registrasi dengan alamat email terdaftar" status="PASSED">
         <system-out><![CDATA[2021-10-18 10:32:55 - [TEST_CASE][PASSED] - Test Cases/Mobile/Scenario/Register/009 - Registrasi dengan alamat email terdaftar: Test Cases/Mobile/Scenario/Register/009 - Registrasi dengan alamat email terdaftar

2021-10-18 10:32:55 - [TEST_STEP][PASSED] - callTestCase(findTestCase("Mobile/Page/Run App/Run App byID"), [:], STOP_ON_FAILURE): Call Test Case 'Test Cases/Mobile/Page/Run App/Run App byID' successfully

2021-10-18 10:32:55 - [TEST_CASE][PASSED] - Test Cases/Mobile/Page/Run App/Run App byID: Test Cases/Mobile/Page/Run App/Run App byID

2021-10-18 10:32:55 - [TEST_STEP][PASSED] - startApp.OpenApp.startApplication("com.mirae.maxfund"): startApp.OpenApp.startApplication is PASSED

2021-10-18 10:33:09 - [MESSAGE][PASSED] - Starting app with application ID: 'com.mirae.maxfund'

2021-10-18 10:33:09 - [MESSAGE][PASSED] - startApp.OpenApp.startApplication is PASSED

2021-10-18 10:33:09 - [MESSAGE][PASSED] - Call Test Case 'Test Cases/Mobile/Page/Run App/Run App byID' successfully

2021-10-18 10:33:09 - [TEST_STEP][PASSED] - callTestCase(findTestCase("Mobile/Page/Register/Register"), ["isFromLoginPage":0, "isBedaAlamat":0, "isUseReferralCode":0, "negativeStatus":"isCheckEmailRegistered"], STOP_ON_FAILURE): Call Test Case 'Test Cases/Mobile/Page/Register/Register' successfully

2021-10-18 10:33:09 - [TEST_CASE][PASSED] - Test Cases/Mobile/Page/Register/Register: Test Cases/Mobile/Page/Register/Register

2021-10-18 10:33:09 - [TEST_STEP][PASSED] - fullname = "qatesting" + acak.acak.randomStringWord(): acak.acak.randomStringWord is PASSED

2021-10-18 10:33:09 - [MESSAGE][PASSED] - acak.acak.randomStringWord is PASSED

2021-10-18 10:33:09 - [TEST_STEP][PASSED] - birthdate = "1/1/1998": null

2021-10-18 10:33:09 - [TEST_STEP][PASSED] - phone = "082257" + acak.acak.randomStringNumber(6): acak.acak.randomStringNumber is PASSED

2021-10-18 10:33:09 - [MESSAGE][PASSED] - acak.acak.randomStringNumber is PASSED

2021-10-18 10:33:09 - [TEST_STEP][PASSED] - email = fullname + "@gmail.com": null

2021-10-18 10:33:09 - [TEST_STEP][PASSED] - password = "Mirae1234": null

2021-10-18 10:33:09 - [TEST_STEP][PASSED] - branch = "qa cabang": null

2021-10-18 10:33:09 - [TEST_STEP][PASSED] - accountnumber = "222444222444": null

2021-10-18 10:33:09 - [TEST_STEP][PASSED] - nameowner = fullname: null

2021-10-18 10:33:09 - [TEST_STEP][PASSED] - alamat = "Jl. Cempaka Putih Barat 12 F No.12, RT.8/RW.8": null

2021-10-18 10:33:09 - [TEST_STEP][PASSED] - kodepos = "15412": null

2021-10-18 10:33:09 - [TEST_STEP][PASSED] - referralcode = "15412": null

2021-10-18 10:33:09 - [TEST_STEP][PASSED] - flag = "indonesia": null

2021-10-18 10:33:09 - [TEST_STEP][PASSED] - bank = "citibank": null

2021-10-18 10:33:09 - [TEST_STEP][PASSED] - if (isFromLoginPage == 1): null

2021-10-18 10:33:09 - [TEST_STEP][PASSED] - else: Delayed 1 second(s)

2021-10-18 10:33:09 - [TEST_STEP][PASSED] - tap(findTestObject("Object Repository/Mobile/Page/Dashboard/Button - Register"), 0, STOP_ON_FAILURE): Tapped on element 'Object Repository/Mobile/Page/Dashboard/Button - Register'

2021-10-18 10:33:10 - [MESSAGE][WARNING] - Timeout '0' is invalid. Using default page load timeout: '60'

2021-10-18 10:33:12 - [MESSAGE][PASSED] - Tapped on element 'Object Repository/Mobile/Page/Dashboard/Button - Register'

2021-10-18 10:33:12 - [TEST_STEP][PASSED] - delay(1): Delayed 1 second(s)

2021-10-18 10:33:13 - [MESSAGE][PASSED] - Delayed 1 second(s)

2021-10-18 10:33:13 - [TEST_STEP][PASSED] - for ([i = 0, i < 1, (i++)]): null

2021-10-18 10:33:13 - [TEST_STEP][PASSED] - if (negativeStatus == "isRegistered"): null

2021-10-18 10:33:13 - [TEST_STEP][PASSED] - tap(findTestObject("Object Repository/Mobile/Page/Register/Radio Button - Not registered yet"), 0, STOP_ON_FAILURE): Tapped on element 'Object Repository/Mobile/Page/Register/Radio Button - Not registered yet'

2021-10-18 10:33:13 - [MESSAGE][WARNING] - Timeout '0' is invalid. Using default page load timeout: '60'

2021-10-18 10:33:15 - [MESSAGE][PASSED] - Tapped on element 'Object Repository/Mobile/Page/Register/Radio Button - Not registered yet'

2021-10-18 10:33:15 - [TEST_STEP][PASSED] - delay(1): Delayed 1 second(s)

2021-10-18 10:33:16 - [MESSAGE][PASSED] - Delayed 1 second(s)

2021-10-18 10:33:16 - [TEST_STEP][PASSED] - tap(findTestObject("Object Repository/Mobile/Page/Register/Not Registered/Button - Next"), 0, STOP_ON_FAILURE): Tapped on element 'Object Repository/Mobile/Page/Register/Not Registered/Button - Next'

2021-10-18 10:33:16 - [MESSAGE][WARNING] - Timeout '0' is invalid. Using default page load timeout: '60'

2021-10-18 10:33:17 - [MESSAGE][PASSED] - Tapped on element 'Object Repository/Mobile/Page/Register/Not Registered/Button - Next'

2021-10-18 10:33:17 - [TEST_STEP][PASSED] - delay(1): Delayed 1 second(s)

2021-10-18 10:33:18 - [MESSAGE][PASSED] - Delayed 1 second(s)

2021-10-18 10:33:18 - [TEST_STEP][PASSED] - tap(findTestObject("Object Repository/Mobile/Page/Register/Not Registered/Informasi Pribadi/Edit Text - Fullname"), 0, STOP_ON_FAILURE): Tapped on element 'Object Repository/Mobile/Page/Register/Not Registered/Informasi Pribadi/Edit Text - Fullname'

2021-10-18 10:33:18 - [MESSAGE][WARNING] - Timeout '0' is invalid. Using default page load timeout: '60'

2021-10-18 10:33:19 - [MESSAGE][PASSED] - Tapped on element 'Object Repository/Mobile/Page/Register/Not Registered/Informasi Pribadi/Edit Text - Fullname'

2021-10-18 10:33:19 - [TEST_STEP][PASSED] - setText(findTestObject("Object Repository/Mobile/Page/Register/Not Registered/Informasi Pribadi/Edit Text - Fullname"), fullname, 0): Text 'qatestingsxGECBwztu' has been set to element 'Object Repository/Mobile/Page/Register/Not Registered/Informasi Pribadi/Edit Text - Fullname'

2021-10-18 10:33:19 - [MESSAGE][WARNING] - Timeout '0' is invalid. Using default page load timeout: '60'

2021-10-18 10:33:20 - [MESSAGE][PASSED] - Text 'qatestingsxGECBwztu' has been set to element 'Object Repository/Mobile/Page/Register/Not Registered/Informasi Pribadi/Edit Text - Fullname'

2021-10-18 10:33:20 - [TEST_STEP][PASSED] - hideKeyboard(): Keyboard is hidden

2021-10-18 10:33:26 - [MESSAGE][PASSED] - Keyboard is hidden

2021-10-18 10:33:26 - [TEST_STEP][PASSED] - delay(1): Delayed 1 second(s)

2021-10-18 10:33:27 - [MESSAGE][PASSED] - Delayed 1 second(s)

2021-10-18 10:33:27 - [TEST_STEP][PASSED] - tap(findTestObject("Object Repository/Mobile/Page/Register/Not Registered/Informasi Pribadi/Date Picker - Date of Birth"), 0, STOP_ON_FAILURE): Tapped on element 'Object Repository/Mobile/Page/Register/Not Registered/Informasi Pribadi/Date Picker - Date of Birth'

2021-10-18 10:33:27 - [MESSAGE][WARNING] - Timeout '0' is invalid. Using default page load timeout: '60'

2021-10-18 10:33:28 - [MESSAGE][PASSED] - Tapped on element 'Object Repository/Mobile/Page/Register/Not Registered/Informasi Pribadi/Date Picker - Date of Birth'

2021-10-18 10:33:28 - [TEST_STEP][PASSED] - tap(findTestObject("Object Repository/Mobile/Page/Register/Not Registered/Informasi Pribadi/Date Picker - Icon Edit"), 0, STOP_ON_FAILURE): Tapped on element 'Object Repository/Mobile/Page/Register/Not Registered/Informasi Pribadi/Date Picker - Icon Edit'

2021-10-18 10:33:28 - [MESSAGE][WARNING] - Timeout '0' is invalid. Using default page load timeout: '60'

2021-10-18 10:33:29 - [MESSAGE][PASSED] - Tapped on element 'Object Repository/Mobile/Page/Register/Not Registered/Informasi Pribadi/Date Picker - Icon Edit'

2021-10-18 10:33:29 - [TEST_STEP][PASSED] - if (negativeStatus == "isCheckDateOfBirth"): null

2021-10-18 10:33:29 - [TEST_STEP][PASSED] - else: Delayed 1 second(s)

2021-10-18 10:33:29 - [TEST_STEP][PASSED] - setText(findTestObject("Mobile/Page/Register/Not Registered/Informasi Pribadi/Date Picker - Edit Text Date"), birthdate, 0): Text '1/1/1998' has been set to element 'Object Repository/Mobile/Page/Register/Not Registered/Informasi Pribadi/Date Picker - Edit Text Date'

2021-10-18 10:33:29 - [MESSAGE][WARNING] - Timeout '0' is invalid. Using default page load timeout: '60'

2021-10-18 10:33:31 - [MESSAGE][PASSED] - Text '1/1/1998' has been set to element 'Object Repository/Mobile/Page/Register/Not Registered/Informasi Pribadi/Date Picker - Edit Text Date'

2021-10-18 10:33:31 - [TEST_STEP][PASSED] - tap(findTestObject("Mobile/Page/Register/Not Registered/Informasi Pribadi/Date Picker - Button OK"), 0, STOP_ON_FAILURE): Tapped on element 'Object Repository/Mobile/Page/Register/Not Registered/Informasi Pribadi/Date Picker - Button OK'

2021-10-18 10:33:31 - [MESSAGE][WARNING] - Timeout '0' is invalid. Using default page load timeout: '60'

2021-10-18 10:33:33 - [MESSAGE][PASSED] - Tapped on element 'Object Repository/Mobile/Page/Register/Not Registered/Informasi Pribadi/Date Picker - Button OK'

2021-10-18 10:33:33 - [TEST_STEP][PASSED] - delay(1): Delayed 1 second(s)

2021-10-18 10:33:34 - [MESSAGE][PASSED] - Delayed 1 second(s)

2021-10-18 10:33:34 - [TEST_STEP][PASSED] - if (negativeStatus == "isPhoneNumberNonIndo"): null

2021-10-18 10:33:34 - [TEST_STEP][PASSED] - tap(findTestObject("Object Repository/Mobile/Page/Register/Not Registered/Informasi Pribadi/Dropdown - Flag Phone Number"), 0, STOP_ON_FAILURE): Tapped on element 'Object Repository/Mobile/Page/Register/Not Registered/Informasi Pribadi/Dropdown - Flag Phone Number'

2021-10-18 10:33:34 - [MESSAGE][WARNING] - Timeout '0' is invalid. Using default page load timeout: '60'

2021-10-18 10:33:35 - [MESSAGE][PASSED] - Tapped on element 'Object Repository/Mobile/Page/Register/Not Registered/Informasi Pribadi/Dropdown - Flag Phone Number'

2021-10-18 10:33:35 - [TEST_STEP][PASSED] - tap(findTestObject("Object Repository/Mobile/Page/Register/Not Registered/Informasi Pribadi/Edit Text - Search Flag"), 0, STOP_ON_FAILURE): Tapped on element 'Object Repository/Mobile/Page/Register/Not Registered/Informasi Pribadi/Edit Text - Search Flag'

2021-10-18 10:33:35 - [MESSAGE][WARNING] - Timeout '0' is invalid. Using default page load timeout: '60'

2021-10-18 10:33:35 - [MESSAGE][PASSED] - Tapped on element 'Object Repository/Mobile/Page/Register/Not Registered/Informasi Pribadi/Edit Text - Search Flag'

2021-10-18 10:33:35 - [TEST_STEP][PASSED] - setText(findTestObject("Object Repository/Mobile/Page/Register/Not Registered/Informasi Pribadi/Edit Text - Search Flag"), flag, 0): Text 'indonesia' has been set to element 'Object Repository/Mobile/Page/Register/Not Registered/Informasi Pribadi/Edit Text - Search Flag'

2021-10-18 10:33:35 - [MESSAGE][WARNING] - Timeout '0' is invalid. Using default page load timeout: '60'

2021-10-18 10:33:37 - [MESSAGE][PASSED] - Text 'indonesia' has been set to element 'Object Repository/Mobile/Page/Register/Not Registered/Informasi Pribadi/Edit Text - Search Flag'

2021-10-18 10:33:37 - [TEST_STEP][PASSED] - tap(findTestObject("Mobile/Page/Register/Not Registered/Informasi Pribadi/Item Flag - Top Search"), 0, STOP_ON_FAILURE): Tapped on element 'Object Repository/Mobile/Page/Register/Not Registered/Informasi Pribadi/Item Flag - Top Search'

2021-10-18 10:33:37 - [MESSAGE][WARNING] - Timeout '0' is invalid. Using default page load timeout: '60'

2021-10-18 10:33:39 - [MESSAGE][PASSED] - Tapped on element 'Object Repository/Mobile/Page/Register/Not Registered/Informasi Pribadi/Item Flag - Top Search'

2021-10-18 10:33:39 - [TEST_STEP][PASSED] - tap(findTestObject("Object Repository/Mobile/Page/Register/Not Registered/Informasi Pribadi/Edit Text - Phone Number"), 0, STOP_ON_FAILURE): Tapped on element 'Object Repository/Mobile/Page/Register/Not Registered/Informasi Pribadi/Edit Text - Phone Number'

2021-10-18 10:33:39 - [MESSAGE][WARNING] - Timeout '0' is invalid. Using default page load timeout: '60'

2021-10-18 10:33:39 - [MESSAGE][PASSED] - Tapped on element 'Object Repository/Mobile/Page/Register/Not Registered/Informasi Pribadi/Edit Text - Phone Number'

2021-10-18 10:33:39 - [TEST_STEP][PASSED] - setText(findTestObject("Object Repository/Mobile/Page/Register/Not Registered/Informasi Pribadi/Edit Text - Phone Number"), phone, 0): Text '082257847778' has been set to element 'Object Repository/Mobile/Page/Register/Not Registered/Informasi Pribadi/Edit Text - Phone Number'

2021-10-18 10:33:39 - [MESSAGE][WARNING] - Timeout '0' is invalid. Using default page load timeout: '60'

2021-10-18 10:33:41 - [MESSAGE][PASSED] - Text '082257847778' has been set to element 'Object Repository/Mobile/Page/Register/Not Registered/Informasi Pribadi/Edit Text - Phone Number'

2021-10-18 10:33:41 - [TEST_STEP][PASSED] - hideKeyboard(): Keyboard is hidden

2021-10-18 10:33:49 - [MESSAGE][PASSED] - Keyboard is hidden

2021-10-18 10:33:49 - [TEST_STEP][PASSED] - delay(1): Delayed 1 second(s)

2021-10-18 10:33:50 - [MESSAGE][PASSED] - Delayed 1 second(s)

2021-10-18 10:33:50 - [TEST_STEP][PASSED] - tap(findTestObject("Object Repository/Mobile/Page/Register/Not Registered/Informasi Pribadi/Dropdown - Flag Re Phone Number"), 0, STOP_ON_FAILURE): Tapped on element 'Object Repository/Mobile/Page/Register/Not Registered/Informasi Pribadi/Dropdown - Flag Re Phone Number'

2021-10-18 10:33:50 - [MESSAGE][WARNING] - Timeout '0' is invalid. Using default page load timeout: '60'

2021-10-18 10:33:50 - [MESSAGE][PASSED] - Tapped on element 'Object Repository/Mobile/Page/Register/Not Registered/Informasi Pribadi/Dropdown - Flag Re Phone Number'

2021-10-18 10:33:50 - [TEST_STEP][PASSED] - tap(findTestObject("Object Repository/Mobile/Page/Register/Not Registered/Informasi Pribadi/Edit Text - Search Flag"), 0, STOP_ON_FAILURE): Tapped on element 'Object Repository/Mobile/Page/Register/Not Registered/Informasi Pribadi/Edit Text - Search Flag'

2021-10-18 10:33:50 - [MESSAGE][WARNING] - Timeout '0' is invalid. Using default page load timeout: '60'

2021-10-18 10:33:52 - [MESSAGE][PASSED] - Tapped on element 'Object Repository/Mobile/Page/Register/Not Registered/Informasi Pribadi/Edit Text - Search Flag'

2021-10-18 10:33:52 - [TEST_STEP][PASSED] - setText(findTestObject("Object Repository/Mobile/Page/Register/Not Registered/Informasi Pribadi/Edit Text - Search Flag"), flag, 0): Text 'indonesia' has been set to element 'Object Repository/Mobile/Page/Register/Not Registered/Informasi Pribadi/Edit Text - Search Flag'

2021-10-18 10:33:52 - [MESSAGE][WARNING] - Timeout '0' is invalid. Using default page load timeout: '60'

2021-10-18 10:33:53 - [MESSAGE][PASSED] - Text 'indonesia' has been set to element 'Object Repository/Mobile/Page/Register/Not Registered/Informasi Pribadi/Edit Text - Search Flag'

2021-10-18 10:33:53 - [TEST_STEP][PASSED] - tap(findTestObject("Mobile/Page/Register/Not Registered/Informasi Pribadi/Item Flag - Top Search"), 0, STOP_ON_FAILURE): Tapped on element 'Object Repository/Mobile/Page/Register/Not Registered/Informasi Pribadi/Item Flag - Top Search'

2021-10-18 10:33:53 - [MESSAGE][WARNING] - Timeout '0' is invalid. Using default page load timeout: '60'

2021-10-18 10:33:55 - [MESSAGE][PASSED] - Tapped on element 'Object Repository/Mobile/Page/Register/Not Registered/Informasi Pribadi/Item Flag - Top Search'

2021-10-18 10:33:55 - [TEST_STEP][PASSED] - tap(findTestObject("Object Repository/Mobile/Page/Register/Not Registered/Informasi Pribadi/Edit Text - Re Phone Number"), 0, STOP_ON_FAILURE): Tapped on element 'Object Repository/Mobile/Page/Register/Not Registered/Informasi Pribadi/Edit Text - Re Phone Number'

2021-10-18 10:33:55 - [MESSAGE][WARNING] - Timeout '0' is invalid. Using default page load timeout: '60'

2021-10-18 10:33:55 - [MESSAGE][PASSED] - Tapped on element 'Object Repository/Mobile/Page/Register/Not Registered/Informasi Pribadi/Edit Text - Re Phone Number'

2021-10-18 10:33:55 - [TEST_STEP][PASSED] - setText(findTestObject("Object Repository/Mobile/Page/Register/Not Registered/Informasi Pribadi/Edit Text - Re Phone Number"), phone, 0): Text '082257847778' has been set to element 'Object Repository/Mobile/Page/Register/Not Registered/Informasi Pribadi/Edit Text - Re Phone Number'

2021-10-18 10:33:55 - [MESSAGE][WARNING] - Timeout '0' is invalid. Using default page load timeout: '60'

2021-10-18 10:33:56 - [MESSAGE][PASSED] - Text '082257847778' has been set to element 'Object Repository/Mobile/Page/Register/Not Registered/Informasi Pribadi/Edit Text - Re Phone Number'

2021-10-18 10:33:56 - [TEST_STEP][PASSED] - hideKeyboard(): Keyboard is hidden

2021-10-18 10:34:02 - [MESSAGE][PASSED] - Keyboard is hidden

2021-10-18 10:34:02 - [TEST_STEP][PASSED] - delay(1): Delayed 1 second(s)

2021-10-18 10:34:03 - [MESSAGE][PASSED] - Delayed 1 second(s)

2021-10-18 10:34:03 - [TEST_STEP][PASSED] - if (negativeStatus == "isCheckEmailRegistered"): null

2021-10-18 10:34:03 - [TEST_STEP][PASSED] - email = "test@gmail.com": null

2021-10-18 10:34:03 - [TEST_STEP][PASSED] - tap(findTestObject("Object Repository/Mobile/Page/Register/Not Registered/Informasi Pribadi/Edit Text - Email"), 0, STOP_ON_FAILURE): Tapped on element 'Object Repository/Mobile/Page/Register/Not Registered/Informasi Pribadi/Edit Text - Email'

2021-10-18 10:34:03 - [MESSAGE][WARNING] - Timeout '0' is invalid. Using default page load timeout: '60'

2021-10-18 10:34:04 - [MESSAGE][PASSED] - Tapped on element 'Object Repository/Mobile/Page/Register/Not Registered/Informasi Pribadi/Edit Text - Email'

2021-10-18 10:34:04 - [TEST_STEP][PASSED] - setText(findTestObject("Object Repository/Mobile/Page/Register/Not Registered/Informasi Pribadi/Edit Text - Email"), email, 0): Text 'test@gmail.com' has been set to element 'Object Repository/Mobile/Page/Register/Not Registered/Informasi Pribadi/Edit Text - Email'

2021-10-18 10:34:04 - [MESSAGE][WARNING] - Timeout '0' is invalid. Using default page load timeout: '60'

2021-10-18 10:34:05 - [MESSAGE][PASSED] - Text 'test@gmail.com' has been set to element 'Object Repository/Mobile/Page/Register/Not Registered/Informasi Pribadi/Edit Text - Email'

2021-10-18 10:34:05 - [TEST_STEP][PASSED] - hideKeyboard(): Keyboard is hidden

2021-10-18 10:34:09 - [MESSAGE][PASSED] - Keyboard is hidden

2021-10-18 10:34:09 - [TEST_STEP][PASSED] - delay(4): Delayed 4 second(s)

2021-10-18 10:34:13 - [MESSAGE][PASSED] - Delayed 4 second(s)

2021-10-18 10:34:13 - [TEST_STEP][PASSED] - emailregistered = verifyElementExist(findTestObject("Object Repository/Mobile/Page/Register/Not Registered/Informasi Pribadi/Alert - Email has been registered"), 1, OPTIONAL): Element 'Object Repository/Mobile/Page/Register/Not Registered/Informasi Pribadi/Alert - Email has been registered' is exist

2021-10-18 10:34:13 - [MESSAGE][PASSED] - Element 'Object Repository/Mobile/Page/Register/Not Registered/Informasi Pribadi/Alert - Email has been registered' is exist

2021-10-18 10:34:13 - [TEST_STEP][PASSED] - break: null

2021-10-18 10:34:13 - [MESSAGE][PASSED] - Call Test Case 'Test Cases/Mobile/Page/Register/Register' successfully

2021-10-18 10:34:13 - [TEST_STEP][PASSED] - callTestCase(findTestCase("Mobile/Page/Run App/Terminate App"), [:], STOP_ON_FAILURE): Call Test Case 'Test Cases/Mobile/Page/Run App/Terminate App' successfully

2021-10-18 10:34:13 - [TEST_CASE][PASSED] - Test Cases/Mobile/Page/Run App/Terminate App: Test Cases/Mobile/Page/Run App/Terminate App

2021-10-18 10:34:13 - [TEST_STEP][PASSED] - startApp.OpenApp.terminateApplication(): startApp.OpenApp.terminateApplication is PASSED

2021-10-18 10:34:16 - [MESSAGE][PASSED] - Delayed 3 second(s)

2021-10-18 10:34:16 - [MESSAGE][WARNING] - Timeout '0' is invalid. Using default page load timeout: '60'

2021-10-18 10:34:17 - [MESSAGE][PASSED] - Tapped on element 'Object Repository/Mobile/Page/Button - Close all application'

2021-10-18 10:34:20 - [MESSAGE][PASSED] - Delayed 3 second(s)

2021-10-18 10:34:20 - [MESSAGE][PASSED] - startApp.OpenApp.terminateApplication is PASSED

2021-10-18 10:34:20 - [MESSAGE][PASSED] - Call Test Case 'Test Cases/Mobile/Page/Run App/Terminate App' successfully]]></system-out>
         <system-err><![CDATA[]]></system-err>
      </testcase>
      <testcase name="Test Cases/Mobile/Scenario/Register/010 - Registrasi dengan alamat email berbeda" time="84.508" classname="Test Cases/Mobile/Scenario/Register/010 - Registrasi dengan alamat email berbeda" status="PASSED">
         <system-out><![CDATA[2021-10-18 10:34:20 - [TEST_CASE][PASSED] - Test Cases/Mobile/Scenario/Register/010 - Registrasi dengan alamat email berbeda: Test Cases/Mobile/Scenario/Register/010 - Registrasi dengan alamat email berbeda

2021-10-18 10:34:20 - [TEST_STEP][PASSED] - callTestCase(findTestCase("Mobile/Page/Run App/Run App byID"), [:], STOP_ON_FAILURE): Call Test Case 'Test Cases/Mobile/Page/Run App/Run App byID' successfully

2021-10-18 10:34:20 - [TEST_CASE][PASSED] - Test Cases/Mobile/Page/Run App/Run App byID: Test Cases/Mobile/Page/Run App/Run App byID

2021-10-18 10:34:20 - [TEST_STEP][PASSED] - startApp.OpenApp.startApplication("com.mirae.maxfund"): startApp.OpenApp.startApplication is PASSED

2021-10-18 10:34:32 - [MESSAGE][PASSED] - Starting app with application ID: 'com.mirae.maxfund'

2021-10-18 10:34:32 - [MESSAGE][PASSED] - startApp.OpenApp.startApplication is PASSED

2021-10-18 10:34:32 - [MESSAGE][PASSED] - Call Test Case 'Test Cases/Mobile/Page/Run App/Run App byID' successfully

2021-10-18 10:34:32 - [TEST_STEP][PASSED] - callTestCase(findTestCase("Mobile/Page/Register/Register"), ["isFromLoginPage":0, "isBedaAlamat":0, "isUseReferralCode":0, "negativeStatus":"isCheckEmailMatch"], STOP_ON_FAILURE): Call Test Case 'Test Cases/Mobile/Page/Register/Register' successfully

2021-10-18 10:34:32 - [TEST_CASE][PASSED] - Test Cases/Mobile/Page/Register/Register: Test Cases/Mobile/Page/Register/Register

2021-10-18 10:34:33 - [TEST_STEP][PASSED] - fullname = "qatesting" + acak.acak.randomStringWord(): acak.acak.randomStringWord is PASSED

2021-10-18 10:34:33 - [MESSAGE][PASSED] - acak.acak.randomStringWord is PASSED

2021-10-18 10:34:33 - [TEST_STEP][PASSED] - birthdate = "1/1/1998": null

2021-10-18 10:34:33 - [TEST_STEP][PASSED] - phone = "082257" + acak.acak.randomStringNumber(6): acak.acak.randomStringNumber is PASSED

2021-10-18 10:34:33 - [MESSAGE][PASSED] - acak.acak.randomStringNumber is PASSED

2021-10-18 10:34:33 - [TEST_STEP][PASSED] - email = fullname + "@gmail.com": null

2021-10-18 10:34:33 - [TEST_STEP][PASSED] - password = "Mirae1234": null

2021-10-18 10:34:33 - [TEST_STEP][PASSED] - branch = "qa cabang": null

2021-10-18 10:34:33 - [TEST_STEP][PASSED] - accountnumber = "222444222444": null

2021-10-18 10:34:33 - [TEST_STEP][PASSED] - nameowner = fullname: null

2021-10-18 10:34:33 - [TEST_STEP][PASSED] - alamat = "Jl. Cempaka Putih Barat 12 F No.12, RT.8/RW.8": null

2021-10-18 10:34:33 - [TEST_STEP][PASSED] - kodepos = "15412": null

2021-10-18 10:34:33 - [TEST_STEP][PASSED] - referralcode = "15412": null

2021-10-18 10:34:33 - [TEST_STEP][PASSED] - flag = "indonesia": null

2021-10-18 10:34:33 - [TEST_STEP][PASSED] - bank = "citibank": null

2021-10-18 10:34:33 - [TEST_STEP][PASSED] - if (isFromLoginPage == 1): null

2021-10-18 10:34:33 - [TEST_STEP][PASSED] - else: Delayed 1 second(s)

2021-10-18 10:34:33 - [TEST_STEP][PASSED] - tap(findTestObject("Object Repository/Mobile/Page/Dashboard/Button - Register"), 0, STOP_ON_FAILURE): Tapped on element 'Object Repository/Mobile/Page/Dashboard/Button - Register'

2021-10-18 10:34:33 - [MESSAGE][WARNING] - Timeout '0' is invalid. Using default page load timeout: '60'

2021-10-18 10:34:35 - [MESSAGE][PASSED] - Tapped on element 'Object Repository/Mobile/Page/Dashboard/Button - Register'

2021-10-18 10:34:35 - [TEST_STEP][PASSED] - delay(1): Delayed 1 second(s)

2021-10-18 10:34:36 - [MESSAGE][PASSED] - Delayed 1 second(s)

2021-10-18 10:34:36 - [TEST_STEP][PASSED] - for ([i = 0, i < 1, (i++)]): null

2021-10-18 10:34:36 - [TEST_STEP][PASSED] - if (negativeStatus == "isRegistered"): null

2021-10-18 10:34:36 - [TEST_STEP][PASSED] - tap(findTestObject("Object Repository/Mobile/Page/Register/Radio Button - Not registered yet"), 0, STOP_ON_FAILURE): Tapped on element 'Object Repository/Mobile/Page/Register/Radio Button - Not registered yet'

2021-10-18 10:34:36 - [MESSAGE][WARNING] - Timeout '0' is invalid. Using default page load timeout: '60'

2021-10-18 10:34:37 - [MESSAGE][PASSED] - Tapped on element 'Object Repository/Mobile/Page/Register/Radio Button - Not registered yet'

2021-10-18 10:34:37 - [TEST_STEP][PASSED] - delay(1): Delayed 1 second(s)

2021-10-18 10:34:38 - [MESSAGE][PASSED] - Delayed 1 second(s)

2021-10-18 10:34:38 - [TEST_STEP][PASSED] - tap(findTestObject("Object Repository/Mobile/Page/Register/Not Registered/Button - Next"), 0, STOP_ON_FAILURE): Tapped on element 'Object Repository/Mobile/Page/Register/Not Registered/Button - Next'

2021-10-18 10:34:38 - [MESSAGE][WARNING] - Timeout '0' is invalid. Using default page load timeout: '60'

2021-10-18 10:34:39 - [MESSAGE][PASSED] - Tapped on element 'Object Repository/Mobile/Page/Register/Not Registered/Button - Next'

2021-10-18 10:34:39 - [TEST_STEP][PASSED] - delay(1): Delayed 1 second(s)

2021-10-18 10:34:40 - [MESSAGE][PASSED] - Delayed 1 second(s)

2021-10-18 10:34:40 - [TEST_STEP][PASSED] - tap(findTestObject("Object Repository/Mobile/Page/Register/Not Registered/Informasi Pribadi/Edit Text - Fullname"), 0, STOP_ON_FAILURE): Tapped on element 'Object Repository/Mobile/Page/Register/Not Registered/Informasi Pribadi/Edit Text - Fullname'

2021-10-18 10:34:40 - [MESSAGE][WARNING] - Timeout '0' is invalid. Using default page load timeout: '60'

2021-10-18 10:34:41 - [MESSAGE][PASSED] - Tapped on element 'Object Repository/Mobile/Page/Register/Not Registered/Informasi Pribadi/Edit Text - Fullname'

2021-10-18 10:34:41 - [TEST_STEP][PASSED] - setText(findTestObject("Object Repository/Mobile/Page/Register/Not Registered/Informasi Pribadi/Edit Text - Fullname"), fullname, 0): Text 'qatestingujdGXIWhtM' has been set to element 'Object Repository/Mobile/Page/Register/Not Registered/Informasi Pribadi/Edit Text - Fullname'

2021-10-18 10:34:41 - [MESSAGE][WARNING] - Timeout '0' is invalid. Using default page load timeout: '60'

2021-10-18 10:34:43 - [MESSAGE][PASSED] - Text 'qatestingujdGXIWhtM' has been set to element 'Object Repository/Mobile/Page/Register/Not Registered/Informasi Pribadi/Edit Text - Fullname'

2021-10-18 10:34:43 - [TEST_STEP][PASSED] - hideKeyboard(): Keyboard is hidden

2021-10-18 10:34:46 - [MESSAGE][PASSED] - Keyboard is hidden

2021-10-18 10:34:46 - [TEST_STEP][PASSED] - delay(1): Delayed 1 second(s)

2021-10-18 10:34:47 - [MESSAGE][PASSED] - Delayed 1 second(s)

2021-10-18 10:34:47 - [TEST_STEP][PASSED] - tap(findTestObject("Object Repository/Mobile/Page/Register/Not Registered/Informasi Pribadi/Date Picker - Date of Birth"), 0, STOP_ON_FAILURE): Tapped on element 'Object Repository/Mobile/Page/Register/Not Registered/Informasi Pribadi/Date Picker - Date of Birth'

2021-10-18 10:34:47 - [MESSAGE][WARNING] - Timeout '0' is invalid. Using default page load timeout: '60'

2021-10-18 10:34:48 - [MESSAGE][PASSED] - Tapped on element 'Object Repository/Mobile/Page/Register/Not Registered/Informasi Pribadi/Date Picker - Date of Birth'

2021-10-18 10:34:48 - [TEST_STEP][PASSED] - tap(findTestObject("Object Repository/Mobile/Page/Register/Not Registered/Informasi Pribadi/Date Picker - Icon Edit"), 0, STOP_ON_FAILURE): Tapped on element 'Object Repository/Mobile/Page/Register/Not Registered/Informasi Pribadi/Date Picker - Icon Edit'

2021-10-18 10:34:48 - [MESSAGE][WARNING] - Timeout '0' is invalid. Using default page load timeout: '60'

2021-10-18 10:34:49 - [MESSAGE][PASSED] - Tapped on element 'Object Repository/Mobile/Page/Register/Not Registered/Informasi Pribadi/Date Picker - Icon Edit'

2021-10-18 10:34:49 - [TEST_STEP][PASSED] - if (negativeStatus == "isCheckDateOfBirth"): null

2021-10-18 10:34:49 - [TEST_STEP][PASSED] - else: Delayed 1 second(s)

2021-10-18 10:34:49 - [TEST_STEP][PASSED] - setText(findTestObject("Mobile/Page/Register/Not Registered/Informasi Pribadi/Date Picker - Edit Text Date"), birthdate, 0): Text '1/1/1998' has been set to element 'Object Repository/Mobile/Page/Register/Not Registered/Informasi Pribadi/Date Picker - Edit Text Date'

2021-10-18 10:34:49 - [MESSAGE][WARNING] - Timeout '0' is invalid. Using default page load timeout: '60'

2021-10-18 10:34:52 - [MESSAGE][PASSED] - Text '1/1/1998' has been set to element 'Object Repository/Mobile/Page/Register/Not Registered/Informasi Pribadi/Date Picker - Edit Text Date'

2021-10-18 10:34:52 - [TEST_STEP][PASSED] - tap(findTestObject("Mobile/Page/Register/Not Registered/Informasi Pribadi/Date Picker - Button OK"), 0, STOP_ON_FAILURE): Tapped on element 'Object Repository/Mobile/Page/Register/Not Registered/Informasi Pribadi/Date Picker - Button OK'

2021-10-18 10:34:52 - [MESSAGE][WARNING] - Timeout '0' is invalid. Using default page load timeout: '60'

2021-10-18 10:34:53 - [MESSAGE][PASSED] - Tapped on element 'Object Repository/Mobile/Page/Register/Not Registered/Informasi Pribadi/Date Picker - Button OK'

2021-10-18 10:34:53 - [TEST_STEP][PASSED] - delay(1): Delayed 1 second(s)

2021-10-18 10:34:54 - [MESSAGE][PASSED] - Delayed 1 second(s)

2021-10-18 10:34:54 - [TEST_STEP][PASSED] - if (negativeStatus == "isPhoneNumberNonIndo"): null

2021-10-18 10:34:54 - [TEST_STEP][PASSED] - tap(findTestObject("Object Repository/Mobile/Page/Register/Not Registered/Informasi Pribadi/Dropdown - Flag Phone Number"), 0, STOP_ON_FAILURE): Tapped on element 'Object Repository/Mobile/Page/Register/Not Registered/Informasi Pribadi/Dropdown - Flag Phone Number'

2021-10-18 10:34:54 - [MESSAGE][WARNING] - Timeout '0' is invalid. Using default page load timeout: '60'

2021-10-18 10:34:55 - [MESSAGE][PASSED] - Tapped on element 'Object Repository/Mobile/Page/Register/Not Registered/Informasi Pribadi/Dropdown - Flag Phone Number'

2021-10-18 10:34:55 - [TEST_STEP][PASSED] - tap(findTestObject("Object Repository/Mobile/Page/Register/Not Registered/Informasi Pribadi/Edit Text - Search Flag"), 0, STOP_ON_FAILURE): Tapped on element 'Object Repository/Mobile/Page/Register/Not Registered/Informasi Pribadi/Edit Text - Search Flag'

2021-10-18 10:34:55 - [MESSAGE][WARNING] - Timeout '0' is invalid. Using default page load timeout: '60'

2021-10-18 10:34:56 - [MESSAGE][PASSED] - Tapped on element 'Object Repository/Mobile/Page/Register/Not Registered/Informasi Pribadi/Edit Text - Search Flag'

2021-10-18 10:34:56 - [TEST_STEP][PASSED] - setText(findTestObject("Object Repository/Mobile/Page/Register/Not Registered/Informasi Pribadi/Edit Text - Search Flag"), flag, 0): Text 'indonesia' has been set to element 'Object Repository/Mobile/Page/Register/Not Registered/Informasi Pribadi/Edit Text - Search Flag'

2021-10-18 10:34:56 - [MESSAGE][WARNING] - Timeout '0' is invalid. Using default page load timeout: '60'

2021-10-18 10:34:57 - [MESSAGE][PASSED] - Text 'indonesia' has been set to element 'Object Repository/Mobile/Page/Register/Not Registered/Informasi Pribadi/Edit Text - Search Flag'

2021-10-18 10:34:57 - [TEST_STEP][PASSED] - tap(findTestObject("Mobile/Page/Register/Not Registered/Informasi Pribadi/Item Flag - Top Search"), 0, STOP_ON_FAILURE): Tapped on element 'Object Repository/Mobile/Page/Register/Not Registered/Informasi Pribadi/Item Flag - Top Search'

2021-10-18 10:34:57 - [MESSAGE][WARNING] - Timeout '0' is invalid. Using default page load timeout: '60'

2021-10-18 10:34:58 - [MESSAGE][PASSED] - Tapped on element 'Object Repository/Mobile/Page/Register/Not Registered/Informasi Pribadi/Item Flag - Top Search'

2021-10-18 10:34:58 - [TEST_STEP][PASSED] - tap(findTestObject("Object Repository/Mobile/Page/Register/Not Registered/Informasi Pribadi/Edit Text - Phone Number"), 0, STOP_ON_FAILURE): Tapped on element 'Object Repository/Mobile/Page/Register/Not Registered/Informasi Pribadi/Edit Text - Phone Number'

2021-10-18 10:34:58 - [MESSAGE][WARNING] - Timeout '0' is invalid. Using default page load timeout: '60'

2021-10-18 10:34:59 - [MESSAGE][PASSED] - Tapped on element 'Object Repository/Mobile/Page/Register/Not Registered/Informasi Pribadi/Edit Text - Phone Number'

2021-10-18 10:34:59 - [TEST_STEP][PASSED] - setText(findTestObject("Object Repository/Mobile/Page/Register/Not Registered/Informasi Pribadi/Edit Text - Phone Number"), phone, 0): Text '082257416336' has been set to element 'Object Repository/Mobile/Page/Register/Not Registered/Informasi Pribadi/Edit Text - Phone Number'

2021-10-18 10:34:59 - [MESSAGE][WARNING] - Timeout '0' is invalid. Using default page load timeout: '60'

2021-10-18 10:35:02 - [MESSAGE][PASSED] - Text '082257416336' has been set to element 'Object Repository/Mobile/Page/Register/Not Registered/Informasi Pribadi/Edit Text - Phone Number'

2021-10-18 10:35:02 - [TEST_STEP][PASSED] - hideKeyboard(): Keyboard is hidden

2021-10-18 10:35:08 - [MESSAGE][PASSED] - Keyboard is hidden

2021-10-18 10:35:08 - [TEST_STEP][PASSED] - delay(1): Delayed 1 second(s)

2021-10-18 10:35:09 - [MESSAGE][PASSED] - Delayed 1 second(s)

2021-10-18 10:35:09 - [TEST_STEP][PASSED] - tap(findTestObject("Object Repository/Mobile/Page/Register/Not Registered/Informasi Pribadi/Dropdown - Flag Re Phone Number"), 0, STOP_ON_FAILURE): Tapped on element 'Object Repository/Mobile/Page/Register/Not Registered/Informasi Pribadi/Dropdown - Flag Re Phone Number'

2021-10-18 10:35:09 - [MESSAGE][WARNING] - Timeout '0' is invalid. Using default page load timeout: '60'

2021-10-18 10:35:10 - [MESSAGE][PASSED] - Tapped on element 'Object Repository/Mobile/Page/Register/Not Registered/Informasi Pribadi/Dropdown - Flag Re Phone Number'

2021-10-18 10:35:10 - [TEST_STEP][PASSED] - tap(findTestObject("Object Repository/Mobile/Page/Register/Not Registered/Informasi Pribadi/Edit Text - Search Flag"), 0, STOP_ON_FAILURE): Tapped on element 'Object Repository/Mobile/Page/Register/Not Registered/Informasi Pribadi/Edit Text - Search Flag'

2021-10-18 10:35:10 - [MESSAGE][WARNING] - Timeout '0' is invalid. Using default page load timeout: '60'

2021-10-18 10:35:11 - [MESSAGE][PASSED] - Tapped on element 'Object Repository/Mobile/Page/Register/Not Registered/Informasi Pribadi/Edit Text - Search Flag'

2021-10-18 10:35:11 - [TEST_STEP][PASSED] - setText(findTestObject("Object Repository/Mobile/Page/Register/Not Registered/Informasi Pribadi/Edit Text - Search Flag"), flag, 0): Text 'indonesia' has been set to element 'Object Repository/Mobile/Page/Register/Not Registered/Informasi Pribadi/Edit Text - Search Flag'

2021-10-18 10:35:11 - [MESSAGE][WARNING] - Timeout '0' is invalid. Using default page load timeout: '60'

2021-10-18 10:35:12 - [MESSAGE][PASSED] - Text 'indonesia' has been set to element 'Object Repository/Mobile/Page/Register/Not Registered/Informasi Pribadi/Edit Text - Search Flag'

2021-10-18 10:35:12 - [TEST_STEP][PASSED] - tap(findTestObject("Mobile/Page/Register/Not Registered/Informasi Pribadi/Item Flag - Top Search"), 0, STOP_ON_FAILURE): Tapped on element 'Object Repository/Mobile/Page/Register/Not Registered/Informasi Pribadi/Item Flag - Top Search'

2021-10-18 10:35:12 - [MESSAGE][WARNING] - Timeout '0' is invalid. Using default page load timeout: '60'

2021-10-18 10:35:14 - [MESSAGE][PASSED] - Tapped on element 'Object Repository/Mobile/Page/Register/Not Registered/Informasi Pribadi/Item Flag - Top Search'

2021-10-18 10:35:14 - [TEST_STEP][PASSED] - tap(findTestObject("Object Repository/Mobile/Page/Register/Not Registered/Informasi Pribadi/Edit Text - Re Phone Number"), 0, STOP_ON_FAILURE): Tapped on element 'Object Repository/Mobile/Page/Register/Not Registered/Informasi Pribadi/Edit Text - Re Phone Number'

2021-10-18 10:35:14 - [MESSAGE][WARNING] - Timeout '0' is invalid. Using default page load timeout: '60'

2021-10-18 10:35:14 - [MESSAGE][PASSED] - Tapped on element 'Object Repository/Mobile/Page/Register/Not Registered/Informasi Pribadi/Edit Text - Re Phone Number'

2021-10-18 10:35:14 - [TEST_STEP][PASSED] - setText(findTestObject("Object Repository/Mobile/Page/Register/Not Registered/Informasi Pribadi/Edit Text - Re Phone Number"), phone, 0): Text '082257416336' has been set to element 'Object Repository/Mobile/Page/Register/Not Registered/Informasi Pribadi/Edit Text - Re Phone Number'

2021-10-18 10:35:14 - [MESSAGE][WARNING] - Timeout '0' is invalid. Using default page load timeout: '60'

2021-10-18 10:35:16 - [MESSAGE][PASSED] - Text '082257416336' has been set to element 'Object Repository/Mobile/Page/Register/Not Registered/Informasi Pribadi/Edit Text - Re Phone Number'

2021-10-18 10:35:16 - [TEST_STEP][PASSED] - hideKeyboard(): Keyboard is hidden

2021-10-18 10:35:22 - [MESSAGE][PASSED] - Keyboard is hidden

2021-10-18 10:35:22 - [TEST_STEP][PASSED] - delay(1): Delayed 1 second(s)

2021-10-18 10:35:23 - [MESSAGE][PASSED] - Delayed 1 second(s)

2021-10-18 10:35:23 - [TEST_STEP][PASSED] - if (negativeStatus == "isCheckEmailRegistered"): null

2021-10-18 10:35:23 - [TEST_STEP][PASSED] - else: Delayed 1 second(s)

2021-10-18 10:35:23 - [TEST_STEP][PASSED] - tap(findTestObject("Object Repository/Mobile/Page/Register/Not Registered/Informasi Pribadi/Edit Text - Email"), 0, STOP_ON_FAILURE): Tapped on element 'Object Repository/Mobile/Page/Register/Not Registered/Informasi Pribadi/Edit Text - Email'

2021-10-18 10:35:23 - [MESSAGE][WARNING] - Timeout '0' is invalid. Using default page load timeout: '60'

2021-10-18 10:35:23 - [MESSAGE][PASSED] - Tapped on element 'Object Repository/Mobile/Page/Register/Not Registered/Informasi Pribadi/Edit Text - Email'

2021-10-18 10:35:23 - [TEST_STEP][PASSED] - setText(findTestObject("Object Repository/Mobile/Page/Register/Not Registered/Informasi Pribadi/Edit Text - Email"), email, 0): Text 'qatestingujdGXIWhtM@gmail.com' has been set to element 'Object Repository/Mobile/Page/Register/Not Registered/Informasi Pribadi/Edit Text - Email'

2021-10-18 10:35:23 - [MESSAGE][WARNING] - Timeout '0' is invalid. Using default page load timeout: '60'

2021-10-18 10:35:25 - [MESSAGE][PASSED] - Text 'qatestingujdGXIWhtM@gmail.com' has been set to element 'Object Repository/Mobile/Page/Register/Not Registered/Informasi Pribadi/Edit Text - Email'

2021-10-18 10:35:25 - [TEST_STEP][PASSED] - hideKeyboard(): Keyboard is hidden

2021-10-18 10:35:28 - [MESSAGE][PASSED] - Keyboard is hidden

2021-10-18 10:35:28 - [TEST_STEP][PASSED] - delay(1): Delayed 1 second(s)

2021-10-18 10:35:29 - [MESSAGE][PASSED] - Delayed 1 second(s)

2021-10-18 10:35:29 - [TEST_STEP][PASSED] - if (negativeStatus == "isCheckEmailMatch"): null

2021-10-18 10:35:29 - [TEST_STEP][PASSED] - tap(findTestObject("Object Repository/Mobile/Page/Register/Not Registered/Informasi Pribadi/Edit Text - Re Email"), 0, STOP_ON_FAILURE): Tapped on element 'Object Repository/Mobile/Page/Register/Not Registered/Informasi Pribadi/Edit Text - Re Email'

2021-10-18 10:35:29 - [MESSAGE][WARNING] - Timeout '0' is invalid. Using default page load timeout: '60'

2021-10-18 10:35:30 - [MESSAGE][PASSED] - Tapped on element 'Object Repository/Mobile/Page/Register/Not Registered/Informasi Pribadi/Edit Text - Re Email'

2021-10-18 10:35:30 - [TEST_STEP][PASSED] - setText(findTestObject("Object Repository/Mobile/Page/Register/Not Registered/Informasi Pribadi/Edit Text - Re Email"), "a" + email, 0): Text 'aqatestingujdGXIWhtM@gmail.com' has been set to element 'Object Repository/Mobile/Page/Register/Not Registered/Informasi Pribadi/Edit Text - Re Email'

2021-10-18 10:35:30 - [MESSAGE][WARNING] - Timeout '0' is invalid. Using default page load timeout: '60'

2021-10-18 10:35:31 - [MESSAGE][PASSED] - Text 'aqatestingujdGXIWhtM@gmail.com' has been set to element 'Object Repository/Mobile/Page/Register/Not Registered/Informasi Pribadi/Edit Text - Re Email'

2021-10-18 10:35:31 - [TEST_STEP][PASSED] - hideKeyboard(): Keyboard is hidden

2021-10-18 10:35:36 - [MESSAGE][PASSED] - Keyboard is hidden

2021-10-18 10:35:36 - [TEST_STEP][PASSED] - delay(1): Delayed 1 second(s)

2021-10-18 10:35:37 - [MESSAGE][PASSED] - Delayed 1 second(s)

2021-10-18 10:35:37 - [TEST_STEP][PASSED] - emailmatch = verifyElementExist(findTestObject("Object Repository/Mobile/Page/Register/Not Registered/Informasi Pribadi/Alert - Email not match yet"), 1, OPTIONAL): Element 'Object Repository/Mobile/Page/Register/Not Registered/Informasi Pribadi/Alert - Email not match yet' is exist

2021-10-18 10:35:37 - [MESSAGE][PASSED] - Element 'Object Repository/Mobile/Page/Register/Not Registered/Informasi Pribadi/Alert - Email not match yet' is exist

2021-10-18 10:35:37 - [TEST_STEP][PASSED] - break: null

2021-10-18 10:35:37 - [MESSAGE][PASSED] - Call Test Case 'Test Cases/Mobile/Page/Register/Register' successfully

2021-10-18 10:35:37 - [TEST_STEP][PASSED] - callTestCase(findTestCase("Mobile/Page/Run App/Terminate App"), [:], STOP_ON_FAILURE): Call Test Case 'Test Cases/Mobile/Page/Run App/Terminate App' successfully

2021-10-18 10:35:38 - [TEST_CASE][PASSED] - Test Cases/Mobile/Page/Run App/Terminate App: Test Cases/Mobile/Page/Run App/Terminate App

2021-10-18 10:35:38 - [TEST_STEP][PASSED] - startApp.OpenApp.terminateApplication(): startApp.OpenApp.terminateApplication is PASSED

2021-10-18 10:35:41 - [MESSAGE][PASSED] - Delayed 3 second(s)

2021-10-18 10:35:41 - [MESSAGE][WARNING] - Timeout '0' is invalid. Using default page load timeout: '60'

2021-10-18 10:35:41 - [MESSAGE][PASSED] - Tapped on element 'Object Repository/Mobile/Page/Button - Close all application'

2021-10-18 10:35:44 - [MESSAGE][PASSED] - Delayed 3 second(s)

2021-10-18 10:35:44 - [MESSAGE][PASSED] - startApp.OpenApp.terminateApplication is PASSED

2021-10-18 10:35:44 - [MESSAGE][PASSED] - Call Test Case 'Test Cases/Mobile/Page/Run App/Terminate App' successfully]]></system-out>
         <system-err><![CDATA[]]></system-err>
      </testcase>
      <testcase name="Test Cases/Mobile/Scenario/Register/011 - Registrasi dengan umur di bawah 17 tahun" time="42.374" classname="Test Cases/Mobile/Scenario/Register/011 - Registrasi dengan umur di bawah 17 tahun" status="PASSED">
         <system-out><![CDATA[2021-10-18 10:35:44 - [TEST_CASE][PASSED] - Test Cases/Mobile/Scenario/Register/011 - Registrasi dengan umur di bawah 17 tahun: Test Cases/Mobile/Scenario/Register/011 - Registrasi dengan umur di bawah 17 tahun

2021-10-18 10:35:44 - [TEST_STEP][PASSED] - callTestCase(findTestCase("Mobile/Page/Run App/Run App byID"), [:], STOP_ON_FAILURE): Call Test Case 'Test Cases/Mobile/Page/Run App/Run App byID' successfully

2021-10-18 10:35:44 - [TEST_CASE][PASSED] - Test Cases/Mobile/Page/Run App/Run App byID: Test Cases/Mobile/Page/Run App/Run App byID

2021-10-18 10:35:44 - [TEST_STEP][PASSED] - startApp.OpenApp.startApplication("com.mirae.maxfund"): startApp.OpenApp.startApplication is PASSED

2021-10-18 10:35:57 - [MESSAGE][PASSED] - Starting app with application ID: 'com.mirae.maxfund'

2021-10-18 10:35:57 - [MESSAGE][PASSED] - startApp.OpenApp.startApplication is PASSED

2021-10-18 10:35:57 - [MESSAGE][PASSED] - Call Test Case 'Test Cases/Mobile/Page/Run App/Run App byID' successfully

2021-10-18 10:35:57 - [TEST_STEP][PASSED] - callTestCase(findTestCase("Mobile/Page/Register/Register"), ["isFromLoginPage":0, "isBedaAlamat":0, "isUseReferralCode":0, "negativeStatus":"isCheckDateOfBirth"], STOP_ON_FAILURE): Call Test Case 'Test Cases/Mobile/Page/Register/Register' successfully

2021-10-18 10:35:57 - [TEST_CASE][PASSED] - Test Cases/Mobile/Page/Register/Register: Test Cases/Mobile/Page/Register/Register

2021-10-18 10:35:57 - [TEST_STEP][PASSED] - fullname = "qatesting" + acak.acak.randomStringWord(): acak.acak.randomStringWord is PASSED

2021-10-18 10:35:57 - [MESSAGE][PASSED] - acak.acak.randomStringWord is PASSED

2021-10-18 10:35:57 - [TEST_STEP][PASSED] - birthdate = "1/1/1998": null

2021-10-18 10:35:57 - [TEST_STEP][PASSED] - phone = "082257" + acak.acak.randomStringNumber(6): acak.acak.randomStringNumber is PASSED

2021-10-18 10:35:57 - [MESSAGE][PASSED] - acak.acak.randomStringNumber is PASSED

2021-10-18 10:35:57 - [TEST_STEP][PASSED] - email = fullname + "@gmail.com": null

2021-10-18 10:35:57 - [TEST_STEP][PASSED] - password = "Mirae1234": null

2021-10-18 10:35:57 - [TEST_STEP][PASSED] - branch = "qa cabang": null

2021-10-18 10:35:57 - [TEST_STEP][PASSED] - accountnumber = "222444222444": null

2021-10-18 10:35:57 - [TEST_STEP][PASSED] - nameowner = fullname: null

2021-10-18 10:35:57 - [TEST_STEP][PASSED] - alamat = "Jl. Cempaka Putih Barat 12 F No.12, RT.8/RW.8": null

2021-10-18 10:35:57 - [TEST_STEP][PASSED] - kodepos = "15412": null

2021-10-18 10:35:57 - [TEST_STEP][PASSED] - referralcode = "15412": null

2021-10-18 10:35:57 - [TEST_STEP][PASSED] - flag = "indonesia": null

2021-10-18 10:35:57 - [TEST_STEP][PASSED] - bank = "citibank": null

2021-10-18 10:35:57 - [TEST_STEP][PASSED] - if (isFromLoginPage == 1): null

2021-10-18 10:35:57 - [TEST_STEP][PASSED] - else: Delayed 1 second(s)

2021-10-18 10:35:57 - [TEST_STEP][PASSED] - tap(findTestObject("Object Repository/Mobile/Page/Dashboard/Button - Register"), 0, STOP_ON_FAILURE): Tapped on element 'Object Repository/Mobile/Page/Dashboard/Button - Register'

2021-10-18 10:35:57 - [MESSAGE][WARNING] - Timeout '0' is invalid. Using default page load timeout: '60'

2021-10-18 10:36:01 - [MESSAGE][PASSED] - Tapped on element 'Object Repository/Mobile/Page/Dashboard/Button - Register'

2021-10-18 10:36:01 - [TEST_STEP][PASSED] - delay(1): Delayed 1 second(s)

2021-10-18 10:36:02 - [MESSAGE][PASSED] - Delayed 1 second(s)

2021-10-18 10:36:02 - [TEST_STEP][PASSED] - for ([i = 0, i < 1, (i++)]): null

2021-10-18 10:36:02 - [TEST_STEP][PASSED] - if (negativeStatus == "isRegistered"): null

2021-10-18 10:36:02 - [TEST_STEP][PASSED] - tap(findTestObject("Object Repository/Mobile/Page/Register/Radio Button - Not registered yet"), 0, STOP_ON_FAILURE): Tapped on element 'Object Repository/Mobile/Page/Register/Radio Button - Not registered yet'

2021-10-18 10:36:02 - [MESSAGE][WARNING] - Timeout '0' is invalid. Using default page load timeout: '60'

2021-10-18 10:36:03 - [MESSAGE][PASSED] - Tapped on element 'Object Repository/Mobile/Page/Register/Radio Button - Not registered yet'

2021-10-18 10:36:03 - [TEST_STEP][PASSED] - delay(1): Delayed 1 second(s)

2021-10-18 10:36:04 - [MESSAGE][PASSED] - Delayed 1 second(s)

2021-10-18 10:36:04 - [TEST_STEP][PASSED] - tap(findTestObject("Object Repository/Mobile/Page/Register/Not Registered/Button - Next"), 0, STOP_ON_FAILURE): Tapped on element 'Object Repository/Mobile/Page/Register/Not Registered/Button - Next'

2021-10-18 10:36:04 - [MESSAGE][WARNING] - Timeout '0' is invalid. Using default page load timeout: '60'

2021-10-18 10:36:05 - [MESSAGE][PASSED] - Tapped on element 'Object Repository/Mobile/Page/Register/Not Registered/Button - Next'

2021-10-18 10:36:05 - [TEST_STEP][PASSED] - delay(1): Delayed 1 second(s)

2021-10-18 10:36:06 - [MESSAGE][PASSED] - Delayed 1 second(s)

2021-10-18 10:36:06 - [TEST_STEP][PASSED] - tap(findTestObject("Object Repository/Mobile/Page/Register/Not Registered/Informasi Pribadi/Edit Text - Fullname"), 0, STOP_ON_FAILURE): Tapped on element 'Object Repository/Mobile/Page/Register/Not Registered/Informasi Pribadi/Edit Text - Fullname'

2021-10-18 10:36:06 - [MESSAGE][WARNING] - Timeout '0' is invalid. Using default page load timeout: '60'

2021-10-18 10:36:07 - [MESSAGE][PASSED] - Tapped on element 'Object Repository/Mobile/Page/Register/Not Registered/Informasi Pribadi/Edit Text - Fullname'

2021-10-18 10:36:07 - [TEST_STEP][PASSED] - setText(findTestObject("Object Repository/Mobile/Page/Register/Not Registered/Informasi Pribadi/Edit Text - Fullname"), fullname, 0): Text 'qatestingKXBBPUbwVg' has been set to element 'Object Repository/Mobile/Page/Register/Not Registered/Informasi Pribadi/Edit Text - Fullname'

2021-10-18 10:36:07 - [MESSAGE][WARNING] - Timeout '0' is invalid. Using default page load timeout: '60'

2021-10-18 10:36:08 - [MESSAGE][PASSED] - Text 'qatestingKXBBPUbwVg' has been set to element 'Object Repository/Mobile/Page/Register/Not Registered/Informasi Pribadi/Edit Text - Fullname'

2021-10-18 10:36:08 - [TEST_STEP][PASSED] - hideKeyboard(): Keyboard is hidden

2021-10-18 10:36:12 - [MESSAGE][PASSED] - Keyboard is hidden

2021-10-18 10:36:12 - [TEST_STEP][PASSED] - delay(1): Delayed 1 second(s)

2021-10-18 10:36:13 - [MESSAGE][PASSED] - Delayed 1 second(s)

2021-10-18 10:36:13 - [TEST_STEP][PASSED] - tap(findTestObject("Object Repository/Mobile/Page/Register/Not Registered/Informasi Pribadi/Date Picker - Date of Birth"), 0, STOP_ON_FAILURE): Tapped on element 'Object Repository/Mobile/Page/Register/Not Registered/Informasi Pribadi/Date Picker - Date of Birth'

2021-10-18 10:36:13 - [MESSAGE][WARNING] - Timeout '0' is invalid. Using default page load timeout: '60'

2021-10-18 10:36:14 - [MESSAGE][PASSED] - Tapped on element 'Object Repository/Mobile/Page/Register/Not Registered/Informasi Pribadi/Date Picker - Date of Birth'

2021-10-18 10:36:14 - [TEST_STEP][PASSED] - tap(findTestObject("Object Repository/Mobile/Page/Register/Not Registered/Informasi Pribadi/Date Picker - Icon Edit"), 0, STOP_ON_FAILURE): Tapped on element 'Object Repository/Mobile/Page/Register/Not Registered/Informasi Pribadi/Date Picker - Icon Edit'

2021-10-18 10:36:14 - [MESSAGE][WARNING] - Timeout '0' is invalid. Using default page load timeout: '60'

2021-10-18 10:36:16 - [MESSAGE][PASSED] - Tapped on element 'Object Repository/Mobile/Page/Register/Not Registered/Informasi Pribadi/Date Picker - Icon Edit'

2021-10-18 10:36:16 - [TEST_STEP][PASSED] - if (negativeStatus == "isCheckDateOfBirth"): null

2021-10-18 10:36:16 - [TEST_STEP][PASSED] - birthdate = "1/1/2010": null

2021-10-18 10:36:16 - [TEST_STEP][PASSED] - setText(findTestObject("Mobile/Page/Register/Not Registered/Informasi Pribadi/Date Picker - Edit Text Date"), birthdate, 0): Text '1/1/2010' has been set to element 'Object Repository/Mobile/Page/Register/Not Registered/Informasi Pribadi/Date Picker - Edit Text Date'

2021-10-18 10:36:16 - [MESSAGE][WARNING] - Timeout '0' is invalid. Using default page load timeout: '60'

2021-10-18 10:36:17 - [MESSAGE][PASSED] - Text '1/1/2010' has been set to element 'Object Repository/Mobile/Page/Register/Not Registered/Informasi Pribadi/Date Picker - Edit Text Date'

2021-10-18 10:36:17 - [TEST_STEP][PASSED] - tap(findTestObject("Mobile/Page/Register/Not Registered/Informasi Pribadi/Date Picker - Button OK"), 0, STOP_ON_FAILURE): Tapped on element 'Object Repository/Mobile/Page/Register/Not Registered/Informasi Pribadi/Date Picker - Button OK'

2021-10-18 10:36:17 - [MESSAGE][WARNING] - Timeout '0' is invalid. Using default page load timeout: '60'

2021-10-18 10:36:19 - [MESSAGE][PASSED] - Tapped on element 'Object Repository/Mobile/Page/Register/Not Registered/Informasi Pribadi/Date Picker - Button OK'

2021-10-18 10:36:19 - [TEST_STEP][PASSED] - delay(1): Delayed 1 second(s)

2021-10-18 10:36:20 - [MESSAGE][PASSED] - Delayed 1 second(s)

2021-10-18 10:36:20 - [TEST_STEP][PASSED] - checkdate = verifyElementExist(findTestObject("Object Repository/Mobile/Page/Register/Not Registered/Informasi Pribadi/Alert - Must be 17 years"), 1, OPTIONAL): Element 'Object Repository/Mobile/Page/Register/Not Registered/Informasi Pribadi/Alert - Must be 17 years' is exist

2021-10-18 10:36:20 - [MESSAGE][PASSED] - Element 'Object Repository/Mobile/Page/Register/Not Registered/Informasi Pribadi/Alert - Must be 17 years' is exist

2021-10-18 10:36:20 - [TEST_STEP][PASSED] - break: null

2021-10-18 10:36:20 - [MESSAGE][PASSED] - Call Test Case 'Test Cases/Mobile/Page/Register/Register' successfully

2021-10-18 10:36:20 - [TEST_STEP][PASSED] - callTestCase(findTestCase("Mobile/Page/Run App/Terminate App"), [:], STOP_ON_FAILURE): Call Test Case 'Test Cases/Mobile/Page/Run App/Terminate App' successfully

2021-10-18 10:36:20 - [TEST_CASE][PASSED] - Test Cases/Mobile/Page/Run App/Terminate App: Test Cases/Mobile/Page/Run App/Terminate App

2021-10-18 10:36:20 - [TEST_STEP][PASSED] - startApp.OpenApp.terminateApplication(): startApp.OpenApp.terminateApplication is PASSED

2021-10-18 10:36:23 - [MESSAGE][PASSED] - Delayed 3 second(s)

2021-10-18 10:36:23 - [MESSAGE][WARNING] - Timeout '0' is invalid. Using default page load timeout: '60'

2021-10-18 10:36:23 - [MESSAGE][PASSED] - Tapped on element 'Object Repository/Mobile/Page/Button - Close all application'

2021-10-18 10:36:26 - [MESSAGE][PASSED] - Delayed 3 second(s)

2021-10-18 10:36:26 - [MESSAGE][PASSED] - startApp.OpenApp.terminateApplication is PASSED

2021-10-18 10:36:26 - [MESSAGE][PASSED] - Call Test Case 'Test Cases/Mobile/Page/Run App/Terminate App' successfully]]></system-out>
         <system-err><![CDATA[]]></system-err>
      </testcase>
      <testcase name="Test Cases/Mobile/Scenario/Register/012 - Registrasi dengan nomor handphone di luar Indonesia" time="213.901" classname="Test Cases/Mobile/Scenario/Register/012 - Registrasi dengan nomor handphone di luar Indonesia" status="PASSED">
         <system-out><![CDATA[2021-10-18 10:36:26 - [TEST_CASE][PASSED] - Test Cases/Mobile/Scenario/Register/012 - Registrasi dengan nomor handphone di luar Indonesia: Test Cases/Mobile/Scenario/Register/012 - Registrasi dengan nomor handphone di luar Indonesia

2021-10-18 10:36:27 - [TEST_STEP][PASSED] - callTestCase(findTestCase("Mobile/Page/Run App/Run App byID"), [:], STOP_ON_FAILURE): Call Test Case 'Test Cases/Mobile/Page/Run App/Run App byID' successfully

2021-10-18 10:36:27 - [TEST_CASE][PASSED] - Test Cases/Mobile/Page/Run App/Run App byID: Test Cases/Mobile/Page/Run App/Run App byID

2021-10-18 10:36:27 - [TEST_STEP][PASSED] - startApp.OpenApp.startApplication("com.mirae.maxfund"): startApp.OpenApp.startApplication is PASSED

2021-10-18 10:36:38 - [MESSAGE][PASSED] - Starting app with application ID: 'com.mirae.maxfund'

2021-10-18 10:36:38 - [MESSAGE][PASSED] - startApp.OpenApp.startApplication is PASSED

2021-10-18 10:36:38 - [MESSAGE][PASSED] - Call Test Case 'Test Cases/Mobile/Page/Run App/Run App byID' successfully

2021-10-18 10:36:38 - [TEST_STEP][PASSED] - callTestCase(findTestCase("Mobile/Page/Register/Register"), ["isFromLoginPage":0, "isBedaAlamat":0, "isUseReferralCode":0, "negativeStatus":"isPhoneNumberNonIndo"], STOP_ON_FAILURE): Call Test Case 'Test Cases/Mobile/Page/Register/Register' successfully

2021-10-18 10:36:38 - [TEST_CASE][PASSED] - Test Cases/Mobile/Page/Register/Register: Test Cases/Mobile/Page/Register/Register

2021-10-18 10:36:38 - [TEST_STEP][PASSED] - fullname = "qatesting" + acak.acak.randomStringWord(): acak.acak.randomStringWord is PASSED

2021-10-18 10:36:38 - [MESSAGE][PASSED] - acak.acak.randomStringWord is PASSED

2021-10-18 10:36:38 - [TEST_STEP][PASSED] - birthdate = "1/1/1998": null

2021-10-18 10:36:38 - [TEST_STEP][PASSED] - phone = "082257" + acak.acak.randomStringNumber(6): acak.acak.randomStringNumber is PASSED

2021-10-18 10:36:38 - [MESSAGE][PASSED] - acak.acak.randomStringNumber is PASSED

2021-10-18 10:36:38 - [TEST_STEP][PASSED] - email = fullname + "@gmail.com": null

2021-10-18 10:36:38 - [TEST_STEP][PASSED] - password = "Mirae1234": null

2021-10-18 10:36:38 - [TEST_STEP][PASSED] - branch = "qa cabang": null

2021-10-18 10:36:38 - [TEST_STEP][PASSED] - accountnumber = "222444222444": null

2021-10-18 10:36:38 - [TEST_STEP][PASSED] - nameowner = fullname: null

2021-10-18 10:36:38 - [TEST_STEP][PASSED] - alamat = "Jl. Cempaka Putih Barat 12 F No.12, RT.8/RW.8": null

2021-10-18 10:36:38 - [TEST_STEP][PASSED] - kodepos = "15412": null

2021-10-18 10:36:38 - [TEST_STEP][PASSED] - referralcode = "15412": null

2021-10-18 10:36:38 - [TEST_STEP][PASSED] - flag = "indonesia": null

2021-10-18 10:36:38 - [TEST_STEP][PASSED] - bank = "citibank": null

2021-10-18 10:36:38 - [TEST_STEP][PASSED] - if (isFromLoginPage == 1): null

2021-10-18 10:36:38 - [TEST_STEP][PASSED] - else: Delayed 1 second(s)

2021-10-18 10:36:38 - [TEST_STEP][PASSED] - tap(findTestObject("Object Repository/Mobile/Page/Dashboard/Button - Register"), 0, STOP_ON_FAILURE): Tapped on element 'Object Repository/Mobile/Page/Dashboard/Button - Register'

2021-10-18 10:36:38 - [MESSAGE][WARNING] - Timeout '0' is invalid. Using default page load timeout: '60'

2021-10-18 10:36:43 - [MESSAGE][PASSED] - Tapped on element 'Object Repository/Mobile/Page/Dashboard/Button - Register'

2021-10-18 10:36:43 - [TEST_STEP][PASSED] - delay(1): Delayed 1 second(s)

2021-10-18 10:36:44 - [MESSAGE][PASSED] - Delayed 1 second(s)

2021-10-18 10:36:44 - [TEST_STEP][PASSED] - for ([i = 0, i < 1, (i++)]): Delayed 1 second(s)

2021-10-18 10:36:44 - [TEST_STEP][PASSED] - if (negativeStatus == "isRegistered"): null

2021-10-18 10:36:44 - [TEST_STEP][PASSED] - tap(findTestObject("Object Repository/Mobile/Page/Register/Radio Button - Not registered yet"), 0, STOP_ON_FAILURE): Tapped on element 'Object Repository/Mobile/Page/Register/Radio Button - Not registered yet'

2021-10-18 10:36:44 - [MESSAGE][WARNING] - Timeout '0' is invalid. Using default page load timeout: '60'

2021-10-18 10:36:45 - [MESSAGE][PASSED] - Tapped on element 'Object Repository/Mobile/Page/Register/Radio Button - Not registered yet'

2021-10-18 10:36:45 - [TEST_STEP][PASSED] - delay(1): Delayed 1 second(s)

2021-10-18 10:36:46 - [MESSAGE][PASSED] - Delayed 1 second(s)

2021-10-18 10:36:46 - [TEST_STEP][PASSED] - tap(findTestObject("Object Repository/Mobile/Page/Register/Not Registered/Button - Next"), 0, STOP_ON_FAILURE): Tapped on element 'Object Repository/Mobile/Page/Register/Not Registered/Button - Next'

2021-10-18 10:36:46 - [MESSAGE][WARNING] - Timeout '0' is invalid. Using default page load timeout: '60'

2021-10-18 10:36:47 - [MESSAGE][PASSED] - Tapped on element 'Object Repository/Mobile/Page/Register/Not Registered/Button - Next'

2021-10-18 10:36:47 - [TEST_STEP][PASSED] - delay(1): Delayed 1 second(s)

2021-10-18 10:36:48 - [MESSAGE][PASSED] - Delayed 1 second(s)

2021-10-18 10:36:48 - [TEST_STEP][PASSED] - tap(findTestObject("Object Repository/Mobile/Page/Register/Not Registered/Informasi Pribadi/Edit Text - Fullname"), 0, STOP_ON_FAILURE): Tapped on element 'Object Repository/Mobile/Page/Register/Not Registered/Informasi Pribadi/Edit Text - Fullname'

2021-10-18 10:36:48 - [MESSAGE][WARNING] - Timeout '0' is invalid. Using default page load timeout: '60'

2021-10-18 10:36:49 - [MESSAGE][PASSED] - Tapped on element 'Object Repository/Mobile/Page/Register/Not Registered/Informasi Pribadi/Edit Text - Fullname'

2021-10-18 10:36:49 - [TEST_STEP][PASSED] - setText(findTestObject("Object Repository/Mobile/Page/Register/Not Registered/Informasi Pribadi/Edit Text - Fullname"), fullname, 0): Text 'qatestinguRLUfpxxoz' has been set to element 'Object Repository/Mobile/Page/Register/Not Registered/Informasi Pribadi/Edit Text - Fullname'

2021-10-18 10:36:49 - [MESSAGE][WARNING] - Timeout '0' is invalid. Using default page load timeout: '60'

2021-10-18 10:36:50 - [MESSAGE][PASSED] - Text 'qatestinguRLUfpxxoz' has been set to element 'Object Repository/Mobile/Page/Register/Not Registered/Informasi Pribadi/Edit Text - Fullname'

2021-10-18 10:36:50 - [TEST_STEP][PASSED] - hideKeyboard(): Keyboard is hidden

2021-10-18 10:36:54 - [MESSAGE][PASSED] - Keyboard is hidden

2021-10-18 10:36:54 - [TEST_STEP][PASSED] - delay(1): Delayed 1 second(s)

2021-10-18 10:36:55 - [MESSAGE][PASSED] - Delayed 1 second(s)

2021-10-18 10:36:55 - [TEST_STEP][PASSED] - tap(findTestObject("Object Repository/Mobile/Page/Register/Not Registered/Informasi Pribadi/Date Picker - Date of Birth"), 0, STOP_ON_FAILURE): Tapped on element 'Object Repository/Mobile/Page/Register/Not Registered/Informasi Pribadi/Date Picker - Date of Birth'

2021-10-18 10:36:55 - [MESSAGE][WARNING] - Timeout '0' is invalid. Using default page load timeout: '60'

2021-10-18 10:36:55 - [MESSAGE][PASSED] - Tapped on element 'Object Repository/Mobile/Page/Register/Not Registered/Informasi Pribadi/Date Picker - Date of Birth'

2021-10-18 10:36:55 - [TEST_STEP][PASSED] - tap(findTestObject("Object Repository/Mobile/Page/Register/Not Registered/Informasi Pribadi/Date Picker - Icon Edit"), 0, STOP_ON_FAILURE): Tapped on element 'Object Repository/Mobile/Page/Register/Not Registered/Informasi Pribadi/Date Picker - Icon Edit'

2021-10-18 10:36:55 - [MESSAGE][WARNING] - Timeout '0' is invalid. Using default page load timeout: '60'

2021-10-18 10:36:56 - [MESSAGE][PASSED] - Tapped on element 'Object Repository/Mobile/Page/Register/Not Registered/Informasi Pribadi/Date Picker - Icon Edit'

2021-10-18 10:36:56 - [TEST_STEP][PASSED] - if (negativeStatus == "isCheckDateOfBirth"): null

2021-10-18 10:36:56 - [TEST_STEP][PASSED] - else: Delayed 1 second(s)

2021-10-18 10:36:56 - [TEST_STEP][PASSED] - setText(findTestObject("Mobile/Page/Register/Not Registered/Informasi Pribadi/Date Picker - Edit Text Date"), birthdate, 0): Text '1/1/1998' has been set to element 'Object Repository/Mobile/Page/Register/Not Registered/Informasi Pribadi/Date Picker - Edit Text Date'

2021-10-18 10:36:56 - [MESSAGE][WARNING] - Timeout '0' is invalid. Using default page load timeout: '60'

2021-10-18 10:36:59 - [MESSAGE][PASSED] - Text '1/1/1998' has been set to element 'Object Repository/Mobile/Page/Register/Not Registered/Informasi Pribadi/Date Picker - Edit Text Date'

2021-10-18 10:36:59 - [TEST_STEP][PASSED] - tap(findTestObject("Mobile/Page/Register/Not Registered/Informasi Pribadi/Date Picker - Button OK"), 0, STOP_ON_FAILURE): Tapped on element 'Object Repository/Mobile/Page/Register/Not Registered/Informasi Pribadi/Date Picker - Button OK'

2021-10-18 10:36:59 - [MESSAGE][WARNING] - Timeout '0' is invalid. Using default page load timeout: '60'

2021-10-18 10:37:01 - [MESSAGE][PASSED] - Tapped on element 'Object Repository/Mobile/Page/Register/Not Registered/Informasi Pribadi/Date Picker - Button OK'

2021-10-18 10:37:01 - [TEST_STEP][PASSED] - delay(1): Delayed 1 second(s)

2021-10-18 10:37:02 - [MESSAGE][PASSED] - Delayed 1 second(s)

2021-10-18 10:37:02 - [TEST_STEP][PASSED] - if (negativeStatus == "isPhoneNumberNonIndo"): null

2021-10-18 10:37:02 - [TEST_STEP][PASSED] - phone = "+17148680120": null

2021-10-18 10:37:02 - [TEST_STEP][PASSED] - flag = "united states": null

2021-10-18 10:37:02 - [TEST_STEP][PASSED] - tap(findTestObject("Object Repository/Mobile/Page/Register/Not Registered/Informasi Pribadi/Dropdown - Flag Phone Number"), 0, STOP_ON_FAILURE): Tapped on element 'Object Repository/Mobile/Page/Register/Not Registered/Informasi Pribadi/Dropdown - Flag Phone Number'

2021-10-18 10:37:02 - [MESSAGE][WARNING] - Timeout '0' is invalid. Using default page load timeout: '60'

2021-10-18 10:37:03 - [MESSAGE][PASSED] - Tapped on element 'Object Repository/Mobile/Page/Register/Not Registered/Informasi Pribadi/Dropdown - Flag Phone Number'

2021-10-18 10:37:03 - [TEST_STEP][PASSED] - tap(findTestObject("Object Repository/Mobile/Page/Register/Not Registered/Informasi Pribadi/Edit Text - Search Flag"), 0, STOP_ON_FAILURE): Tapped on element 'Object Repository/Mobile/Page/Register/Not Registered/Informasi Pribadi/Edit Text - Search Flag'

2021-10-18 10:37:03 - [MESSAGE][WARNING] - Timeout '0' is invalid. Using default page load timeout: '60'

2021-10-18 10:37:04 - [MESSAGE][PASSED] - Tapped on element 'Object Repository/Mobile/Page/Register/Not Registered/Informasi Pribadi/Edit Text - Search Flag'

2021-10-18 10:37:04 - [TEST_STEP][PASSED] - setText(findTestObject("Object Repository/Mobile/Page/Register/Not Registered/Informasi Pribadi/Edit Text - Search Flag"), flag, 0): Text 'united states' has been set to element 'Object Repository/Mobile/Page/Register/Not Registered/Informasi Pribadi/Edit Text - Search Flag'

2021-10-18 10:37:04 - [MESSAGE][WARNING] - Timeout '0' is invalid. Using default page load timeout: '60'

2021-10-18 10:37:05 - [MESSAGE][PASSED] - Text 'united states' has been set to element 'Object Repository/Mobile/Page/Register/Not Registered/Informasi Pribadi/Edit Text - Search Flag'

2021-10-18 10:37:05 - [TEST_STEP][PASSED] - tap(findTestObject("Mobile/Page/Register/Not Registered/Informasi Pribadi/Item Flag - Top Search"), 0, STOP_ON_FAILURE): Tapped on element 'Object Repository/Mobile/Page/Register/Not Registered/Informasi Pribadi/Item Flag - Top Search'

2021-10-18 10:37:05 - [MESSAGE][WARNING] - Timeout '0' is invalid. Using default page load timeout: '60'

2021-10-18 10:37:07 - [MESSAGE][PASSED] - Tapped on element 'Object Repository/Mobile/Page/Register/Not Registered/Informasi Pribadi/Item Flag - Top Search'

2021-10-18 10:37:07 - [TEST_STEP][PASSED] - tap(findTestObject("Object Repository/Mobile/Page/Register/Not Registered/Informasi Pribadi/Edit Text - Phone Number"), 0, STOP_ON_FAILURE): Tapped on element 'Object Repository/Mobile/Page/Register/Not Registered/Informasi Pribadi/Edit Text - Phone Number'

2021-10-18 10:37:07 - [MESSAGE][WARNING] - Timeout '0' is invalid. Using default page load timeout: '60'

2021-10-18 10:37:08 - [MESSAGE][PASSED] - Tapped on element 'Object Repository/Mobile/Page/Register/Not Registered/Informasi Pribadi/Edit Text - Phone Number'

2021-10-18 10:37:08 - [TEST_STEP][PASSED] - setText(findTestObject("Object Repository/Mobile/Page/Register/Not Registered/Informasi Pribadi/Edit Text - Phone Number"), phone, 0): Text '+17148680120' has been set to element 'Object Repository/Mobile/Page/Register/Not Registered/Informasi Pribadi/Edit Text - Phone Number'

2021-10-18 10:37:08 - [MESSAGE][WARNING] - Timeout '0' is invalid. Using default page load timeout: '60'

2021-10-18 10:37:09 - [MESSAGE][PASSED] - Text '+17148680120' has been set to element 'Object Repository/Mobile/Page/Register/Not Registered/Informasi Pribadi/Edit Text - Phone Number'

2021-10-18 10:37:09 - [TEST_STEP][PASSED] - hideKeyboard(): Keyboard is hidden

2021-10-18 10:37:18 - [MESSAGE][PASSED] - Keyboard is hidden

2021-10-18 10:37:18 - [TEST_STEP][PASSED] - delay(1): Delayed 1 second(s)

2021-10-18 10:37:19 - [MESSAGE][PASSED] - Delayed 1 second(s)

2021-10-18 10:37:19 - [TEST_STEP][PASSED] - tap(findTestObject("Object Repository/Mobile/Page/Register/Not Registered/Informasi Pribadi/Dropdown - Flag Re Phone Number"), 0, STOP_ON_FAILURE): Tapped on element 'Object Repository/Mobile/Page/Register/Not Registered/Informasi Pribadi/Dropdown - Flag Re Phone Number'

2021-10-18 10:37:19 - [MESSAGE][WARNING] - Timeout '0' is invalid. Using default page load timeout: '60'

2021-10-18 10:37:20 - [MESSAGE][PASSED] - Tapped on element 'Object Repository/Mobile/Page/Register/Not Registered/Informasi Pribadi/Dropdown - Flag Re Phone Number'

2021-10-18 10:37:20 - [TEST_STEP][PASSED] - tap(findTestObject("Object Repository/Mobile/Page/Register/Not Registered/Informasi Pribadi/Edit Text - Search Flag"), 0, STOP_ON_FAILURE): Tapped on element 'Object Repository/Mobile/Page/Register/Not Registered/Informasi Pribadi/Edit Text - Search Flag'

2021-10-18 10:37:20 - [MESSAGE][WARNING] - Timeout '0' is invalid. Using default page load timeout: '60'

2021-10-18 10:37:20 - [MESSAGE][PASSED] - Tapped on element 'Object Repository/Mobile/Page/Register/Not Registered/Informasi Pribadi/Edit Text - Search Flag'

2021-10-18 10:37:20 - [TEST_STEP][PASSED] - setText(findTestObject("Object Repository/Mobile/Page/Register/Not Registered/Informasi Pribadi/Edit Text - Search Flag"), flag, 0): Text 'united states' has been set to element 'Object Repository/Mobile/Page/Register/Not Registered/Informasi Pribadi/Edit Text - Search Flag'

2021-10-18 10:37:20 - [MESSAGE][WARNING] - Timeout '0' is invalid. Using default page load timeout: '60'

2021-10-18 10:37:22 - [MESSAGE][PASSED] - Text 'united states' has been set to element 'Object Repository/Mobile/Page/Register/Not Registered/Informasi Pribadi/Edit Text - Search Flag'

2021-10-18 10:37:22 - [TEST_STEP][PASSED] - tap(findTestObject("Mobile/Page/Register/Not Registered/Informasi Pribadi/Item Flag - Top Search"), 0, STOP_ON_FAILURE): Tapped on element 'Object Repository/Mobile/Page/Register/Not Registered/Informasi Pribadi/Item Flag - Top Search'

2021-10-18 10:37:22 - [MESSAGE][WARNING] - Timeout '0' is invalid. Using default page load timeout: '60'

2021-10-18 10:37:24 - [MESSAGE][PASSED] - Tapped on element 'Object Repository/Mobile/Page/Register/Not Registered/Informasi Pribadi/Item Flag - Top Search'

2021-10-18 10:37:24 - [TEST_STEP][PASSED] - tap(findTestObject("Object Repository/Mobile/Page/Register/Not Registered/Informasi Pribadi/Edit Text - Re Phone Number"), 0, STOP_ON_FAILURE): Tapped on element 'Object Repository/Mobile/Page/Register/Not Registered/Informasi Pribadi/Edit Text - Re Phone Number'

2021-10-18 10:37:24 - [MESSAGE][WARNING] - Timeout '0' is invalid. Using default page load timeout: '60'

2021-10-18 10:37:24 - [MESSAGE][PASSED] - Tapped on element 'Object Repository/Mobile/Page/Register/Not Registered/Informasi Pribadi/Edit Text - Re Phone Number'

2021-10-18 10:37:24 - [TEST_STEP][PASSED] - setText(findTestObject("Object Repository/Mobile/Page/Register/Not Registered/Informasi Pribadi/Edit Text - Re Phone Number"), phone, 0): Text '+17148680120' has been set to element 'Object Repository/Mobile/Page/Register/Not Registered/Informasi Pribadi/Edit Text - Re Phone Number'

2021-10-18 10:37:24 - [MESSAGE][WARNING] - Timeout '0' is invalid. Using default page load timeout: '60'

2021-10-18 10:37:26 - [MESSAGE][PASSED] - Text '+17148680120' has been set to element 'Object Repository/Mobile/Page/Register/Not Registered/Informasi Pribadi/Edit Text - Re Phone Number'

2021-10-18 10:37:26 - [TEST_STEP][PASSED] - hideKeyboard(): Keyboard is hidden

2021-10-18 10:37:32 - [MESSAGE][PASSED] - Keyboard is hidden

2021-10-18 10:37:32 - [TEST_STEP][PASSED] - delay(1): Delayed 1 second(s)

2021-10-18 10:37:33 - [MESSAGE][PASSED] - Delayed 1 second(s)

2021-10-18 10:37:33 - [TEST_STEP][PASSED] - if (negativeStatus == "isCheckEmailRegistered"): null

2021-10-18 10:37:33 - [TEST_STEP][PASSED] - else: Delayed 1 second(s)

2021-10-18 10:37:33 - [TEST_STEP][PASSED] - tap(findTestObject("Object Repository/Mobile/Page/Register/Not Registered/Informasi Pribadi/Edit Text - Email"), 0, STOP_ON_FAILURE): Tapped on element 'Object Repository/Mobile/Page/Register/Not Registered/Informasi Pribadi/Edit Text - Email'

2021-10-18 10:37:33 - [MESSAGE][WARNING] - Timeout '0' is invalid. Using default page load timeout: '60'

2021-10-18 10:37:34 - [MESSAGE][PASSED] - Tapped on element 'Object Repository/Mobile/Page/Register/Not Registered/Informasi Pribadi/Edit Text - Email'

2021-10-18 10:37:34 - [TEST_STEP][PASSED] - setText(findTestObject("Object Repository/Mobile/Page/Register/Not Registered/Informasi Pribadi/Edit Text - Email"), email, 0): Text 'qatestinguRLUfpxxoz@gmail.com' has been set to element 'Object Repository/Mobile/Page/Register/Not Registered/Informasi Pribadi/Edit Text - Email'

2021-10-18 10:37:34 - [MESSAGE][WARNING] - Timeout '0' is invalid. Using default page load timeout: '60'

2021-10-18 10:37:35 - [MESSAGE][PASSED] - Text 'qatestinguRLUfpxxoz@gmail.com' has been set to element 'Object Repository/Mobile/Page/Register/Not Registered/Informasi Pribadi/Edit Text - Email'

2021-10-18 10:37:35 - [TEST_STEP][PASSED] - hideKeyboard(): Keyboard is hidden

2021-10-18 10:37:39 - [MESSAGE][PASSED] - Keyboard is hidden

2021-10-18 10:37:39 - [TEST_STEP][PASSED] - delay(1): Delayed 1 second(s)

2021-10-18 10:37:40 - [MESSAGE][PASSED] - Delayed 1 second(s)

2021-10-18 10:37:40 - [TEST_STEP][PASSED] - if (negativeStatus == "isCheckEmailMatch"): null

2021-10-18 10:37:40 - [TEST_STEP][PASSED] - else: Delayed 1 second(s)

2021-10-18 10:37:40 - [TEST_STEP][PASSED] - tap(findTestObject("Object Repository/Mobile/Page/Register/Not Registered/Informasi Pribadi/Edit Text - Re Email"), 0, STOP_ON_FAILURE): Tapped on element 'Object Repository/Mobile/Page/Register/Not Registered/Informasi Pribadi/Edit Text - Re Email'

2021-10-18 10:37:40 - [MESSAGE][WARNING] - Timeout '0' is invalid. Using default page load timeout: '60'

2021-10-18 10:37:40 - [MESSAGE][PASSED] - Tapped on element 'Object Repository/Mobile/Page/Register/Not Registered/Informasi Pribadi/Edit Text - Re Email'

2021-10-18 10:37:40 - [TEST_STEP][PASSED] - setText(findTestObject("Object Repository/Mobile/Page/Register/Not Registered/Informasi Pribadi/Edit Text - Re Email"), email, 0): Text 'qatestinguRLUfpxxoz@gmail.com' has been set to element 'Object Repository/Mobile/Page/Register/Not Registered/Informasi Pribadi/Edit Text - Re Email'

2021-10-18 10:37:40 - [MESSAGE][WARNING] - Timeout '0' is invalid. Using default page load timeout: '60'

2021-10-18 10:37:42 - [MESSAGE][PASSED] - Text 'qatestinguRLUfpxxoz@gmail.com' has been set to element 'Object Repository/Mobile/Page/Register/Not Registered/Informasi Pribadi/Edit Text - Re Email'

2021-10-18 10:37:42 - [TEST_STEP][PASSED] - hideKeyboard(): Keyboard is hidden

2021-10-18 10:37:46 - [MESSAGE][PASSED] - Keyboard is hidden

2021-10-18 10:37:46 - [TEST_STEP][PASSED] - delay(1): Delayed 1 second(s)

2021-10-18 10:37:47 - [MESSAGE][PASSED] - Delayed 1 second(s)

2021-10-18 10:37:47 - [TEST_STEP][PASSED] - if (negativeStatus == "isPasswordNumberOnly"): null

2021-10-18 10:37:47 - [TEST_STEP][PASSED] - else: Delayed 1 second(s)

2021-10-18 10:37:47 - [TEST_STEP][PASSED] - tap(findTestObject("Object Repository/Mobile/Page/Register/Not Registered/Informasi Pribadi/Edit Text - Password"), 0, STOP_ON_FAILURE): Tapped on element 'Object Repository/Mobile/Page/Register/Not Registered/Informasi Pribadi/Edit Text - Password'

2021-10-18 10:37:47 - [MESSAGE][WARNING] - Timeout '0' is invalid. Using default page load timeout: '60'

2021-10-18 10:37:47 - [MESSAGE][PASSED] - Tapped on element 'Object Repository/Mobile/Page/Register/Not Registered/Informasi Pribadi/Edit Text - Password'

2021-10-18 10:37:47 - [TEST_STEP][PASSED] - setText(findTestObject("Object Repository/Mobile/Page/Register/Not Registered/Informasi Pribadi/Edit Text - Password"), password, 0): Text 'Mirae1234' has been set to element 'Object Repository/Mobile/Page/Register/Not Registered/Informasi Pribadi/Edit Text - Password'

2021-10-18 10:37:47 - [MESSAGE][WARNING] - Timeout '0' is invalid. Using default page load timeout: '60'

2021-10-18 10:37:49 - [MESSAGE][PASSED] - Text 'Mirae1234' has been set to element 'Object Repository/Mobile/Page/Register/Not Registered/Informasi Pribadi/Edit Text - Password'

2021-10-18 10:37:49 - [TEST_STEP][PASSED] - hideKeyboard(): Keyboard is hidden

2021-10-18 10:37:55 - [MESSAGE][PASSED] - Keyboard is hidden

2021-10-18 10:37:55 - [TEST_STEP][PASSED] - delay(1): Delayed 1 second(s)

2021-10-18 10:37:56 - [MESSAGE][PASSED] - Delayed 1 second(s)

2021-10-18 10:37:56 - [TEST_STEP][PASSED] - tap(findTestObject("Object Repository/Mobile/Page/Register/Not Registered/Informasi Pribadi/Edit Text - Re Password"), 0, STOP_ON_FAILURE): Tapped on element 'Object Repository/Mobile/Page/Register/Not Registered/Informasi Pribadi/Edit Text - Re Password'

2021-10-18 10:37:56 - [MESSAGE][WARNING] - Timeout '0' is invalid. Using default page load timeout: '60'

2021-10-18 10:37:56 - [MESSAGE][PASSED] - Tapped on element 'Object Repository/Mobile/Page/Register/Not Registered/Informasi Pribadi/Edit Text - Re Password'

2021-10-18 10:37:56 - [TEST_STEP][PASSED] - setText(findTestObject("Object Repository/Mobile/Page/Register/Not Registered/Informasi Pribadi/Edit Text - Re Password"), password, 0): Text 'Mirae1234' has been set to element 'Object Repository/Mobile/Page/Register/Not Registered/Informasi Pribadi/Edit Text - Re Password'

2021-10-18 10:37:56 - [MESSAGE][WARNING] - Timeout '0' is invalid. Using default page load timeout: '60'

2021-10-18 10:37:58 - [MESSAGE][PASSED] - Text 'Mirae1234' has been set to element 'Object Repository/Mobile/Page/Register/Not Registered/Informasi Pribadi/Edit Text - Re Password'

2021-10-18 10:37:58 - [TEST_STEP][PASSED] - hideKeyboard(): Keyboard is hidden

2021-10-18 10:38:04 - [MESSAGE][PASSED] - Keyboard is hidden

2021-10-18 10:38:04 - [TEST_STEP][PASSED] - delay(1): Delayed 1 second(s)

2021-10-18 10:38:05 - [MESSAGE][PASSED] - Delayed 1 second(s)

2021-10-18 10:38:05 - [TEST_STEP][PASSED] - if (isBedaAlamat == 1): null

2021-10-18 10:38:05 - [TEST_STEP][PASSED] - tap(findTestObject("Object Repository/Mobile/Page/Register/Not Registered/Informasi Pribadi/Button - Icon KTP"), 0, STOP_ON_FAILURE): Tapped on element 'Object Repository/Mobile/Page/Register/Not Registered/Informasi Pribadi/Button - Icon KTP'

2021-10-18 10:38:05 - [MESSAGE][WARNING] - Timeout '0' is invalid. Using default page load timeout: '60'

2021-10-18 10:38:07 - [MESSAGE][PASSED] - Tapped on element 'Object Repository/Mobile/Page/Register/Not Registered/Informasi Pribadi/Button - Icon KTP'

2021-10-18 10:38:07 - [TEST_STEP][PASSED] - permission = verifyElementExist(findTestObject("Object Repository/Mobile/Page/Register/Not Registered/Informasi Pribadi/Permission - Only this time"), 1, OPTIONAL): Element 'Object Repository/Mobile/Page/Register/Not Registered/Informasi Pribadi/Permission - Only this time' is exist

2021-10-18 10:38:07 - [MESSAGE][PASSED] - Element 'Object Repository/Mobile/Page/Register/Not Registered/Informasi Pribadi/Permission - Only this time' is exist

2021-10-18 10:38:07 - [TEST_STEP][PASSED] - if (permission): Tapped on element 'Object Repository/Mobile/Page/Register/Not Registered/Informasi Pribadi/Permission - Only this time'

2021-10-18 10:38:07 - [TEST_STEP][PASSED] - tap(findTestObject("Object Repository/Mobile/Page/Register/Not Registered/Informasi Pribadi/Permission - Only this time"), 0, STOP_ON_FAILURE): Tapped on element 'Object Repository/Mobile/Page/Register/Not Registered/Informasi Pribadi/Permission - Only this time'

2021-10-18 10:38:07 - [MESSAGE][WARNING] - Timeout '0' is invalid. Using default page load timeout: '60'

2021-10-18 10:38:08 - [MESSAGE][PASSED] - Tapped on element 'Object Repository/Mobile/Page/Register/Not Registered/Informasi Pribadi/Permission - Only this time'

2021-10-18 10:38:08 - [TEST_STEP][PASSED] - permission = verifyElementExist(findTestObject("Object Repository/Mobile/Page/Register/Not Registered/Informasi Pribadi/Permission - Only this time"), 1, OPTIONAL): Element 'Object Repository/Mobile/Page/Register/Not Registered/Informasi Pribadi/Permission - Only this time' is exist

2021-10-18 10:38:08 - [MESSAGE][PASSED] - Element 'Object Repository/Mobile/Page/Register/Not Registered/Informasi Pribadi/Permission - Only this time' is exist

2021-10-18 10:38:08 - [TEST_STEP][PASSED] - if (permission): Tapped on element 'Object Repository/Mobile/Page/Register/Not Registered/Informasi Pribadi/Permission - Only this time'

2021-10-18 10:38:08 - [TEST_STEP][PASSED] - tap(findTestObject("Object Repository/Mobile/Page/Register/Not Registered/Informasi Pribadi/Permission - Only this time"), 0, STOP_ON_FAILURE): Tapped on element 'Object Repository/Mobile/Page/Register/Not Registered/Informasi Pribadi/Permission - Only this time'

2021-10-18 10:38:08 - [MESSAGE][WARNING] - Timeout '0' is invalid. Using default page load timeout: '60'

2021-10-18 10:38:09 - [MESSAGE][PASSED] - Tapped on element 'Object Repository/Mobile/Page/Register/Not Registered/Informasi Pribadi/Permission - Only this time'

2021-10-18 10:38:09 - [TEST_STEP][PASSED] - tap(findTestObject("Object Repository/Mobile/Page/Register/Not Registered/Informasi Pribadi/Button - Capture KTP"), 0, STOP_ON_FAILURE): Tapped on element 'Object Repository/Mobile/Page/Register/Not Registered/Informasi Pribadi/Button - Capture KTP'

2021-10-18 10:38:09 - [MESSAGE][WARNING] - Timeout '0' is invalid. Using default page load timeout: '60'

2021-10-18 10:38:11 - [MESSAGE][PASSED] - Tapped on element 'Object Repository/Mobile/Page/Register/Not Registered/Informasi Pribadi/Button - Capture KTP'

2021-10-18 10:38:11 - [TEST_STEP][PASSED] - delay(2): Delayed 2 second(s)

2021-10-18 10:38:13 - [MESSAGE][PASSED] - Delayed 2 second(s)

2021-10-18 10:38:13 - [TEST_STEP][PASSED] - scroll.scroll.scrollLeftToRight(findTestObject("Object Repository/Mobile/Page/Register/Not Registered/Informasi Pribadi/Slider - Edit Photo Scale")): scroll.scroll.scrollLeftToRight is PASSED

2021-10-18 10:38:13 - [MESSAGE][WARNING] - Timeout '0' is invalid. Using default page load timeout: '60'

2021-10-18 10:38:15 - [MESSAGE][PASSED] - Object 'Object Repository/Mobile/Page/Register/Not Registered/Informasi Pribadi/Slider - Edit Photo Scale' has left position '0'

2021-10-18 10:38:15 - [MESSAGE][WARNING] - Timeout '0' is invalid. Using default page load timeout: '60'

2021-10-18 10:38:15 - [MESSAGE][PASSED] - Object 'Object Repository/Mobile/Page/Register/Not Registered/Informasi Pribadi/Slider - Edit Photo Scale' has top position '1,284'

2021-10-18 10:38:15 - [MESSAGE][WARNING] - Timeout '0' is invalid. Using default page load timeout: '60'

2021-10-18 10:38:15 - [MESSAGE][PASSED] - Object 'Object Repository/Mobile/Page/Register/Not Registered/Informasi Pribadi/Slider - Edit Photo Scale' has width: '720'

2021-10-18 10:38:15 - [MESSAGE][WARNING] - Timeout '0' is invalid. Using default page load timeout: '60'

2021-10-18 10:38:16 - [MESSAGE][PASSED] - Object 'Object Repository/Mobile/Page/Register/Not Registered/Informasi Pribadi/Slider - Edit Photo Scale' has height: '66'

2021-10-18 10:38:17 - [MESSAGE][PASSED] - Swiped from 144,1,317 to 576,1,317

2021-10-18 10:38:17 - [MESSAGE][PASSED] - scroll.scroll.scrollLeftToRight is PASSED

2021-10-18 10:38:17 - [TEST_STEP][PASSED] - tap(findTestObject("Object Repository/Mobile/Page/Register/Not Registered/Informasi Pribadi/Button - Edit Photo Rotate"), 0, STOP_ON_FAILURE): Tapped on element 'Object Repository/Mobile/Page/Register/Not Registered/Informasi Pribadi/Button - Edit Photo Rotate'

2021-10-18 10:38:17 - [MESSAGE][WARNING] - Timeout '0' is invalid. Using default page load timeout: '60'

2021-10-18 10:38:17 - [MESSAGE][PASSED] - Tapped on element 'Object Repository/Mobile/Page/Register/Not Registered/Informasi Pribadi/Button - Edit Photo Rotate'

2021-10-18 10:38:17 - [TEST_STEP][PASSED] - tap(findTestObject("Object Repository/Mobile/Page/Register/Not Registered/Informasi Pribadi/Button - Edit Photo Rotate 90 degree"), 0, STOP_ON_FAILURE): Tapped on element 'Object Repository/Mobile/Page/Register/Not Registered/Informasi Pribadi/Button - Edit Photo Rotate 90 degree'

2021-10-18 10:38:17 - [MESSAGE][WARNING] - Timeout '0' is invalid. Using default page load timeout: '60'

2021-10-18 10:38:19 - [MESSAGE][PASSED] - Tapped on element 'Object Repository/Mobile/Page/Register/Not Registered/Informasi Pribadi/Button - Edit Photo Rotate 90 degree'

2021-10-18 10:38:19 - [TEST_STEP][PASSED] - tap(findTestObject("Object Repository/Mobile/Page/Register/Not Registered/Informasi Pribadi/Button - Edit Photo Reset Rotation"), 0, STOP_ON_FAILURE): Tapped on element 'Object Repository/Mobile/Page/Register/Not Registered/Informasi Pribadi/Button - Edit Photo Reset Rotation'

2021-10-18 10:38:20 - [MESSAGE][WARNING] - Timeout '0' is invalid. Using default page load timeout: '60'

2021-10-18 10:38:20 - [MESSAGE][PASSED] - Tapped on element 'Object Repository/Mobile/Page/Register/Not Registered/Informasi Pribadi/Button - Edit Photo Reset Rotation'

2021-10-18 10:38:20 - [TEST_STEP][PASSED] - scroll.scroll.scrollLeftToRight(findTestObject("Object Repository/Mobile/Page/Register/Not Registered/Informasi Pribadi/Slider - Edit Photo Rotate")): scroll.scroll.scrollLeftToRight is PASSED

2021-10-18 10:38:20 - [MESSAGE][WARNING] - Timeout '0' is invalid. Using default page load timeout: '60'

2021-10-18 10:38:21 - [MESSAGE][PASSED] - Object 'Object Repository/Mobile/Page/Register/Not Registered/Informasi Pribadi/Slider - Edit Photo Rotate' has left position '88'

2021-10-18 10:38:21 - [MESSAGE][WARNING] - Timeout '0' is invalid. Using default page load timeout: '60'

2021-10-18 10:38:21 - [MESSAGE][PASSED] - Object 'Object Repository/Mobile/Page/Register/Not Registered/Informasi Pribadi/Slider - Edit Photo Rotate' has top position '1,284'

2021-10-18 10:38:21 - [MESSAGE][WARNING] - Timeout '0' is invalid. Using default page load timeout: '60'

2021-10-18 10:38:21 - [MESSAGE][PASSED] - Object 'Object Repository/Mobile/Page/Register/Not Registered/Informasi Pribadi/Slider - Edit Photo Rotate' has width: '544'

2021-10-18 10:38:21 - [MESSAGE][WARNING] - Timeout '0' is invalid. Using default page load timeout: '60'

2021-10-18 10:38:21 - [MESSAGE][PASSED] - Object 'Object Repository/Mobile/Page/Register/Not Registered/Informasi Pribadi/Slider - Edit Photo Rotate' has height: '66'

2021-10-18 10:38:22 - [MESSAGE][PASSED] - Swiped from 196,1,317 to 523,1,317

2021-10-18 10:38:22 - [MESSAGE][PASSED] - scroll.scroll.scrollLeftToRight is PASSED

2021-10-18 10:38:22 - [TEST_STEP][PASSED] - tap(findTestObject("Object Repository/Mobile/Page/Register/Not Registered/Informasi Pribadi/Button - Edit Photo Confirm"), 0, STOP_ON_FAILURE): Tapped on element 'Object Repository/Mobile/Page/Register/Not Registered/Informasi Pribadi/Button - Edit Photo Confirm'

2021-10-18 10:38:22 - [MESSAGE][WARNING] - Timeout '0' is invalid. Using default page load timeout: '60'

2021-10-18 10:38:25 - [MESSAGE][PASSED] - Tapped on element 'Object Repository/Mobile/Page/Register/Not Registered/Informasi Pribadi/Button - Edit Photo Confirm'

2021-10-18 10:38:25 - [TEST_STEP][PASSED] - delay(2): Delayed 2 second(s)

2021-10-18 10:38:27 - [MESSAGE][PASSED] - Delayed 2 second(s)

2021-10-18 10:38:27 - [TEST_STEP][PASSED] - hideKeyboard(): Keyboard is hidden

2021-10-18 10:38:34 - [MESSAGE][PASSED] - Keyboard is hidden

2021-10-18 10:38:34 - [TEST_STEP][PASSED] - delay(1): Delayed 1 second(s)

2021-10-18 10:38:35 - [MESSAGE][PASSED] - Delayed 1 second(s)

2021-10-18 10:38:35 - [TEST_STEP][PASSED] - scroll.scroll.scrollToBottomOpenKeyboard(): scroll.scroll.scrollToBottomOpenKeyboard is PASSED

2021-10-18 10:38:35 - [MESSAGE][PASSED] - Current device physical height is 1423

2021-10-18 10:38:35 - [MESSAGE][PASSED] - Current device physical width is 720

2021-10-18 10:38:36 - [MESSAGE][PASSED] - Swiped from 360,853 to 360,284

2021-10-18 10:38:36 - [MESSAGE][PASSED] - scroll.scroll.scrollToBottomOpenKeyboard is PASSED

2021-10-18 10:38:36 - [TEST_STEP][PASSED] - tap(findTestObject("Object Repository/Mobile/Page/Register/Not Registered/Informasi Pribadi/Button - Icon Face with KTP"), 0, STOP_ON_FAILURE): Tapped on element 'Object Repository/Mobile/Page/Register/Not Registered/Informasi Pribadi/Button - Icon Face with KTP'

2021-10-18 10:38:36 - [MESSAGE][WARNING] - Timeout '0' is invalid. Using default page load timeout: '60'

2021-10-18 10:38:38 - [MESSAGE][PASSED] - Tapped on element 'Object Repository/Mobile/Page/Register/Not Registered/Informasi Pribadi/Button - Icon Face with KTP'

2021-10-18 10:38:38 - [TEST_STEP][PASSED] - permission = verifyElementExist(findTestObject("Object Repository/Mobile/Page/Register/Not Registered/Informasi Pribadi/Permission - Only this time"), 1, OPTIONAL): Element 'Object Repository/Mobile/Page/Register/Not Registered/Informasi Pribadi/Permission - Only this time' not found

2021-10-18 10:38:40 - [MESSAGE][WARNING] - Element 'Object Repository/Mobile/Page/Register/Not Registered/Informasi Pribadi/Permission - Only this time' not found
[[ATTACHMENT|C:\\Users\\Owner\\Documents\\kerjaan\\KatalonProject\\qa-katalon-maxfund\\Reports\\20211018_100502\\Register\\20211018_100502\\1634528319353.png]]

2021-10-18 10:38:40 - [TEST_STEP][PASSED] - if (permission): null

2021-10-18 10:38:40 - [TEST_STEP][PASSED] - permission = verifyElementExist(findTestObject("Object Repository/Mobile/Page/Register/Not Registered/Informasi Pribadi/Permission - Only this time"), 1, OPTIONAL): Element 'Object Repository/Mobile/Page/Register/Not Registered/Informasi Pribadi/Permission - Only this time' not found

2021-10-18 10:38:43 - [MESSAGE][WARNING] - Element 'Object Repository/Mobile/Page/Register/Not Registered/Informasi Pribadi/Permission - Only this time' not found
[[ATTACHMENT|C:\\Users\\Owner\\Documents\\kerjaan\\KatalonProject\\qa-katalon-maxfund\\Reports\\20211018_100502\\Register\\20211018_100502\\1634528322012.png]]

2021-10-18 10:38:43 - [TEST_STEP][PASSED] - if (permission): null

2021-10-18 10:38:43 - [TEST_STEP][PASSED] - tap(findTestObject("Object Repository/Mobile/Page/Register/Not Registered/Informasi Pribadi/Button - Capture Face with KTP"), 0, STOP_ON_FAILURE): Tapped on element 'Object Repository/Mobile/Page/Register/Not Registered/Informasi Pribadi/Button - Capture Face with KTP'

2021-10-18 10:38:43 - [MESSAGE][WARNING] - Timeout '0' is invalid. Using default page load timeout: '60'

2021-10-18 10:38:45 - [MESSAGE][PASSED] - Tapped on element 'Object Repository/Mobile/Page/Register/Not Registered/Informasi Pribadi/Button - Capture Face with KTP'

2021-10-18 10:38:45 - [TEST_STEP][PASSED] - delay(2): Delayed 2 second(s)

2021-10-18 10:38:47 - [MESSAGE][PASSED] - Delayed 2 second(s)

2021-10-18 10:38:47 - [TEST_STEP][PASSED] - hideKeyboard(): Keyboard is hidden

2021-10-18 10:38:53 - [MESSAGE][PASSED] - Keyboard is hidden

2021-10-18 10:38:53 - [TEST_STEP][PASSED] - delay(1): Delayed 1 second(s)

2021-10-18 10:38:54 - [MESSAGE][PASSED] - Delayed 1 second(s)

2021-10-18 10:38:54 - [TEST_STEP][PASSED] - scroll.scroll.scrollToBottomOpenKeyboard(): scroll.scroll.scrollToBottomOpenKeyboard is PASSED

2021-10-18 10:38:55 - [MESSAGE][PASSED] - Current device physical height is 1423

2021-10-18 10:38:55 - [MESSAGE][PASSED] - Current device physical width is 720

2021-10-18 10:38:56 - [MESSAGE][PASSED] - Swiped from 360,853 to 360,284

2021-10-18 10:38:56 - [MESSAGE][PASSED] - scroll.scroll.scrollToBottomOpenKeyboard is PASSED

2021-10-18 10:38:56 - [TEST_STEP][PASSED] - tap(findTestObject("Object Repository/Mobile/Page/Register/Not Registered/Informasi Pribadi/Radio Button - Low Risk"), 0, STOP_ON_FAILURE): Tapped on element 'Object Repository/Mobile/Page/Register/Not Registered/Informasi Pribadi/Radio Button - Low Risk'

2021-10-18 10:38:56 - [MESSAGE][WARNING] - Timeout '0' is invalid. Using default page load timeout: '60'

2021-10-18 10:38:57 - [MESSAGE][PASSED] - Tapped on element 'Object Repository/Mobile/Page/Register/Not Registered/Informasi Pribadi/Radio Button - Low Risk'

2021-10-18 10:38:57 - [TEST_STEP][PASSED] - delay(1): Delayed 1 second(s)

2021-10-18 10:38:58 - [MESSAGE][PASSED] - Delayed 1 second(s)

2021-10-18 10:38:58 - [TEST_STEP][PASSED] - tap(findTestObject("Object Repository/Mobile/Page/Register/Not Registered/Informasi Pribadi/Radio Button - Medium Risk"), 0, STOP_ON_FAILURE): Tapped on element 'Object Repository/Mobile/Page/Register/Not Registered/Informasi Pribadi/Radio Button - Medium Risk'

2021-10-18 10:38:58 - [MESSAGE][WARNING] - Timeout '0' is invalid. Using default page load timeout: '60'

2021-10-18 10:38:59 - [MESSAGE][PASSED] - Tapped on element 'Object Repository/Mobile/Page/Register/Not Registered/Informasi Pribadi/Radio Button - Medium Risk'

2021-10-18 10:38:59 - [TEST_STEP][PASSED] - delay(1): Delayed 1 second(s)

2021-10-18 10:39:00 - [MESSAGE][PASSED] - Delayed 1 second(s)

2021-10-18 10:39:00 - [TEST_STEP][PASSED] - tap(findTestObject("Object Repository/Mobile/Page/Register/Not Registered/Informasi Pribadi/Radio Button - High Risk"), 0, STOP_ON_FAILURE): Tapped on element 'Object Repository/Mobile/Page/Register/Not Registered/Informasi Pribadi/Radio Button - High Risk'

2021-10-18 10:39:00 - [MESSAGE][WARNING] - Timeout '0' is invalid. Using default page load timeout: '60'

2021-10-18 10:39:01 - [MESSAGE][PASSED] - Tapped on element 'Object Repository/Mobile/Page/Register/Not Registered/Informasi Pribadi/Radio Button - High Risk'

2021-10-18 10:39:01 - [TEST_STEP][PASSED] - delay(1): Delayed 1 second(s)

2021-10-18 10:39:02 - [MESSAGE][PASSED] - Delayed 1 second(s)

2021-10-18 10:39:02 - [TEST_STEP][PASSED] - tap(findTestObject("Object Repository/Mobile/Page/Register/Not Registered/Informasi Pribadi/Button - Next"), 0, STOP_ON_FAILURE): Tapped on element 'Object Repository/Mobile/Page/Register/Not Registered/Informasi Pribadi/Button - Next'

2021-10-18 10:39:02 - [MESSAGE][WARNING] - Timeout '0' is invalid. Using default page load timeout: '60'

2021-10-18 10:39:02 - [MESSAGE][PASSED] - Tapped on element 'Object Repository/Mobile/Page/Register/Not Registered/Informasi Pribadi/Button - Next'

2021-10-18 10:39:02 - [TEST_STEP][PASSED] - delay(1): Delayed 1 second(s)

2021-10-18 10:39:03 - [MESSAGE][PASSED] - Delayed 1 second(s)

2021-10-18 10:39:03 - [TEST_STEP][PASSED] - tapAndHold(findTestObject("Mobile/Page/Register/Not Registered/Akun Bank/Dropdown - Bank"), 1, 0, STOP_ON_FAILURE): Tapped and held on element 'Object Repository/Mobile/Page/Register/Not Registered/Akun Bank/Dropdown - Bank' with duration 1

2021-10-18 10:39:03 - [MESSAGE][WARNING] - Timeout '0' is invalid. Using default page load timeout: '60'

2021-10-18 10:39:06 - [MESSAGE][PASSED] - Tapped and held on element 'Object Repository/Mobile/Page/Register/Not Registered/Akun Bank/Dropdown - Bank' with duration 1

2021-10-18 10:39:06 - [TEST_STEP][PASSED] - tap(findTestObject("Mobile/Page/Register/Not Registered/Akun Bank/Edit Text - Search Bank"), 0, STOP_ON_FAILURE): Tapped on element 'Object Repository/Mobile/Page/Register/Not Registered/Akun Bank/Edit Text - Search Bank'

2021-10-18 10:39:06 - [MESSAGE][WARNING] - Timeout '0' is invalid. Using default page load timeout: '60'

2021-10-18 10:39:07 - [MESSAGE][PASSED] - Tapped on element 'Object Repository/Mobile/Page/Register/Not Registered/Akun Bank/Edit Text - Search Bank'

2021-10-18 10:39:07 - [TEST_STEP][PASSED] - setText(findTestObject("Mobile/Page/Register/Not Registered/Akun Bank/Edit Text - Search Bank"), "citibank", 0, STOP_ON_FAILURE): Text 'citibank' has been set to element 'Object Repository/Mobile/Page/Register/Not Registered/Akun Bank/Edit Text - Search Bank'

2021-10-18 10:39:07 - [MESSAGE][WARNING] - Timeout '0' is invalid. Using default page load timeout: '60'

2021-10-18 10:39:09 - [MESSAGE][PASSED] - Text 'citibank' has been set to element 'Object Repository/Mobile/Page/Register/Not Registered/Akun Bank/Edit Text - Search Bank'

2021-10-18 10:39:09 - [TEST_STEP][PASSED] - driver = getDriver(): null

2021-10-18 10:39:09 - [TEST_STEP][PASSED] - driver.pressKeyCode(ENTER): null

2021-10-18 10:39:09 - [TEST_STEP][PASSED] - tap(findTestObject("Object Repository/Mobile/Page/Register/Not Registered/Akun Bank/Item - Top Search Bank"), 0, STOP_ON_FAILURE): Tapped on element 'Object Repository/Mobile/Page/Register/Not Registered/Akun Bank/Item - Top Search Bank'

2021-10-18 10:39:09 - [MESSAGE][WARNING] - Timeout '0' is invalid. Using default page load timeout: '60'

2021-10-18 10:39:11 - [MESSAGE][PASSED] - Tapped on element 'Object Repository/Mobile/Page/Register/Not Registered/Akun Bank/Item - Top Search Bank'

2021-10-18 10:39:11 - [TEST_STEP][PASSED] - delay(1): Delayed 1 second(s)

2021-10-18 10:39:12 - [MESSAGE][PASSED] - Delayed 1 second(s)

2021-10-18 10:39:12 - [TEST_STEP][PASSED] - tapAndHold(findTestObject("Mobile/Page/Register/Not Registered/Akun Bank/Dropdown - Country"), 1, 0, STOP_ON_FAILURE): Tapped and held on element 'Object Repository/Mobile/Page/Register/Not Registered/Akun Bank/Dropdown - Country' with duration 1

2021-10-18 10:39:12 - [MESSAGE][WARNING] - Timeout '0' is invalid. Using default page load timeout: '60'

2021-10-18 10:39:14 - [MESSAGE][PASSED] - Tapped and held on element 'Object Repository/Mobile/Page/Register/Not Registered/Akun Bank/Dropdown - Country' with duration 1

2021-10-18 10:39:14 - [TEST_STEP][PASSED] - tap(findTestObject("Object Repository/Mobile/Page/Register/Not Registered/Akun Bank/Dropdown - Country Option Indonesia"), 0, STOP_ON_FAILURE): Tapped on element 'Object Repository/Mobile/Page/Register/Not Registered/Akun Bank/Dropdown - Country Option Indonesia'

2021-10-18 10:39:14 - [MESSAGE][WARNING] - Timeout '0' is invalid. Using default page load timeout: '60'

2021-10-18 10:39:16 - [MESSAGE][PASSED] - Tapped on element 'Object Repository/Mobile/Page/Register/Not Registered/Akun Bank/Dropdown - Country Option Indonesia'

2021-10-18 10:39:16 - [TEST_STEP][PASSED] - delay(1): Delayed 1 second(s)

2021-10-18 10:39:17 - [MESSAGE][PASSED] - Delayed 1 second(s)

2021-10-18 10:39:17 - [TEST_STEP][PASSED] - if (negativeStatus == "isBranchNumber"): null

2021-10-18 10:39:17 - [TEST_STEP][PASSED] - else: Delayed 1 second(s)

2021-10-18 10:39:17 - [TEST_STEP][PASSED] - tap(findTestObject("Object Repository/Mobile/Page/Register/Not Registered/Akun Bank/Edit Text - Branch"), 0, STOP_ON_FAILURE): Tapped on element 'Object Repository/Mobile/Page/Register/Not Registered/Akun Bank/Edit Text - Branch'

2021-10-18 10:39:17 - [MESSAGE][WARNING] - Timeout '0' is invalid. Using default page load timeout: '60'

2021-10-18 10:39:17 - [MESSAGE][PASSED] - Tapped on element 'Object Repository/Mobile/Page/Register/Not Registered/Akun Bank/Edit Text - Branch'

2021-10-18 10:39:17 - [TEST_STEP][PASSED] - setText(findTestObject("Object Repository/Mobile/Page/Register/Not Registered/Akun Bank/Edit Text - Branch"), branch, 0, STOP_ON_FAILURE): Text 'qa cabang' has been set to element 'Object Repository/Mobile/Page/Register/Not Registered/Akun Bank/Edit Text - Branch'

2021-10-18 10:39:17 - [MESSAGE][WARNING] - Timeout '0' is invalid. Using default page load timeout: '60'

2021-10-18 10:39:19 - [MESSAGE][PASSED] - Text 'qa cabang' has been set to element 'Object Repository/Mobile/Page/Register/Not Registered/Akun Bank/Edit Text - Branch'

2021-10-18 10:39:19 - [TEST_STEP][PASSED] - hideKeyboard(): Keyboard is hidden

2021-10-18 10:39:22 - [MESSAGE][PASSED] - Keyboard is hidden

2021-10-18 10:39:22 - [TEST_STEP][PASSED] - delay(1): Delayed 1 second(s)

2021-10-18 10:39:23 - [MESSAGE][PASSED] - Delayed 1 second(s)

2021-10-18 10:39:23 - [TEST_STEP][PASSED] - tap(findTestObject("Object Repository/Mobile/Page/Register/Not Registered/Akun Bank/Edit Text - Account Number"), 0, STOP_ON_FAILURE): Tapped on element 'Object Repository/Mobile/Page/Register/Not Registered/Akun Bank/Edit Text - Account Number'

2021-10-18 10:39:23 - [MESSAGE][WARNING] - Timeout '0' is invalid. Using default page load timeout: '60'

2021-10-18 10:39:24 - [MESSAGE][PASSED] - Tapped on element 'Object Repository/Mobile/Page/Register/Not Registered/Akun Bank/Edit Text - Account Number'

2021-10-18 10:39:24 - [TEST_STEP][PASSED] - setText(findTestObject("Object Repository/Mobile/Page/Register/Not Registered/Akun Bank/Edit Text - Account Number"), accountnumber, 0, STOP_ON_FAILURE): Text '222444222444' has been set to element 'Object Repository/Mobile/Page/Register/Not Registered/Akun Bank/Edit Text - Account Number'

2021-10-18 10:39:24 - [MESSAGE][WARNING] - Timeout '0' is invalid. Using default page load timeout: '60'

2021-10-18 10:39:25 - [MESSAGE][PASSED] - Text '222444222444' has been set to element 'Object Repository/Mobile/Page/Register/Not Registered/Akun Bank/Edit Text - Account Number'

2021-10-18 10:39:25 - [TEST_STEP][PASSED] - hideKeyboard(): Keyboard is hidden

2021-10-18 10:39:31 - [MESSAGE][PASSED] - Keyboard is hidden

2021-10-18 10:39:31 - [TEST_STEP][PASSED] - delay(1): Delayed 1 second(s)

2021-10-18 10:39:32 - [MESSAGE][PASSED] - Delayed 1 second(s)

2021-10-18 10:39:32 - [TEST_STEP][PASSED] - if (negativeStatus == "isNameOwnerNotMatch"): null

2021-10-18 10:39:32 - [TEST_STEP][PASSED] - else: Delayed 1 second(s)

2021-10-18 10:39:32 - [TEST_STEP][PASSED] - tap(findTestObject("Object Repository/Mobile/Page/Register/Not Registered/Akun Bank/Edit Text - Name Owner"), 0, STOP_ON_FAILURE): Tapped on element 'Object Repository/Mobile/Page/Register/Not Registered/Akun Bank/Edit Text - Name Owner'

2021-10-18 10:39:33 - [MESSAGE][WARNING] - Timeout '0' is invalid. Using default page load timeout: '60'

2021-10-18 10:39:33 - [MESSAGE][PASSED] - Tapped on element 'Object Repository/Mobile/Page/Register/Not Registered/Akun Bank/Edit Text - Name Owner'

2021-10-18 10:39:33 - [TEST_STEP][PASSED] - setText(findTestObject("Object Repository/Mobile/Page/Register/Not Registered/Akun Bank/Edit Text - Name Owner"), nameowner, 0, STOP_ON_FAILURE): Text 'qatestinguRLUfpxxoz' has been set to element 'Object Repository/Mobile/Page/Register/Not Registered/Akun Bank/Edit Text - Name Owner'

2021-10-18 10:39:33 - [MESSAGE][WARNING] - Timeout '0' is invalid. Using default page load timeout: '60'

2021-10-18 10:39:34 - [MESSAGE][PASSED] - Text 'qatestinguRLUfpxxoz' has been set to element 'Object Repository/Mobile/Page/Register/Not Registered/Akun Bank/Edit Text - Name Owner'

2021-10-18 10:39:34 - [TEST_STEP][PASSED] - hideKeyboard(): Keyboard is hidden

2021-10-18 10:39:38 - [MESSAGE][PASSED] - Keyboard is hidden

2021-10-18 10:39:38 - [TEST_STEP][PASSED] - delay(1): Delayed 1 second(s)

2021-10-18 10:39:39 - [MESSAGE][PASSED] - Delayed 1 second(s)

2021-10-18 10:39:39 - [TEST_STEP][PASSED] - tap(findTestObject("Object Repository/Mobile/Page/Register/Not Registered/Akun Bank/Button - Next"), 0, STOP_ON_FAILURE): Tapped on element 'Object Repository/Mobile/Page/Register/Not Registered/Akun Bank/Button - Next'

2021-10-18 10:39:39 - [MESSAGE][WARNING] - Timeout '0' is invalid. Using default page load timeout: '60'

2021-10-18 10:39:40 - [MESSAGE][PASSED] - Tapped on element 'Object Repository/Mobile/Page/Register/Not Registered/Akun Bank/Button - Next'

2021-10-18 10:39:40 - [TEST_STEP][PASSED] - delay(1): Delayed 1 second(s)

2021-10-18 10:39:41 - [MESSAGE][PASSED] - Delayed 1 second(s)

2021-10-18 10:39:41 - [TEST_STEP][PASSED] - if (isUseReferralCode == 1): null

2021-10-18 10:39:41 - [TEST_STEP][PASSED] - if (negativeStatus == "isNotUseSignature"): null

2021-10-18 10:39:41 - [TEST_STEP][PASSED] - else: Delayed 1 second(s)

2021-10-18 10:39:41 - [TEST_STEP][PASSED] - scroll.scroll.scrollRightToLeft(findTestObject("Object Repository/Mobile/Page/Register/Not Registered/Konfirmasi/Field - Signature")): scroll.scroll.scrollRightToLeft is PASSED

2021-10-18 10:39:41 - [MESSAGE][WARNING] - Timeout '0' is invalid. Using default page load timeout: '60'

2021-10-18 10:39:41 - [MESSAGE][PASSED] - Object 'Object Repository/Mobile/Page/Register/Not Registered/Konfirmasi/Field - Signature' has left position '31'

2021-10-18 10:39:41 - [MESSAGE][WARNING] - Timeout '0' is invalid. Using default page load timeout: '60'

2021-10-18 10:39:41 - [MESSAGE][PASSED] - Object 'Object Repository/Mobile/Page/Register/Not Registered/Konfirmasi/Field - Signature' has top position '612'

2021-10-18 10:39:41 - [MESSAGE][WARNING] - Timeout '0' is invalid. Using default page load timeout: '60'

2021-10-18 10:39:41 - [MESSAGE][PASSED] - Object 'Object Repository/Mobile/Page/Register/Not Registered/Konfirmasi/Field - Signature' has width: '658'

2021-10-18 10:39:41 - [MESSAGE][WARNING] - Timeout '0' is invalid. Using default page load timeout: '60'

2021-10-18 10:39:42 - [MESSAGE][PASSED] - Object 'Object Repository/Mobile/Page/Register/Not Registered/Konfirmasi/Field - Signature' has height: '384'

2021-10-18 10:39:43 - [MESSAGE][PASSED] - Swiped from 557,804 to 162,804

2021-10-18 10:39:43 - [MESSAGE][PASSED] - scroll.scroll.scrollRightToLeft is PASSED

2021-10-18 10:39:43 - [TEST_STEP][PASSED] - delay(1): Delayed 1 second(s)

2021-10-18 10:39:44 - [MESSAGE][PASSED] - Delayed 1 second(s)

2021-10-18 10:39:44 - [TEST_STEP][PASSED] - tap(findTestObject("Object Repository/Mobile/Page/Register/Not Registered/Konfirmasi/Checkbox - Agreement"), 0, STOP_ON_FAILURE): Tapped on element 'Object Repository/Mobile/Page/Register/Not Registered/Konfirmasi/Checkbox - Agreement'

2021-10-18 10:39:44 - [MESSAGE][WARNING] - Timeout '0' is invalid. Using default page load timeout: '60'

2021-10-18 10:39:45 - [MESSAGE][PASSED] - Tapped on element 'Object Repository/Mobile/Page/Register/Not Registered/Konfirmasi/Checkbox - Agreement'

2021-10-18 10:39:45 - [TEST_STEP][PASSED] - delay(1): Delayed 1 second(s)

2021-10-18 10:39:46 - [MESSAGE][PASSED] - Delayed 1 second(s)

2021-10-18 10:39:46 - [TEST_STEP][PASSED] - tap(findTestObject("Object Repository/Mobile/Page/Register/Not Registered/Konfirmasi/Button - Next"), 0, STOP_ON_FAILURE): Tapped on element 'Object Repository/Mobile/Page/Register/Not Registered/Konfirmasi/Button - Next'

2021-10-18 10:39:46 - [MESSAGE][WARNING] - Timeout '0' is invalid. Using default page load timeout: '60'

2021-10-18 10:39:47 - [MESSAGE][PASSED] - Tapped on element 'Object Repository/Mobile/Page/Register/Not Registered/Konfirmasi/Button - Next'

2021-10-18 10:39:47 - [TEST_STEP][PASSED] - delay(5): Delayed 5 second(s)

2021-10-18 10:39:52 - [MESSAGE][PASSED] - Delayed 5 second(s)

2021-10-18 10:39:52 - [TEST_STEP][PASSED] - tap(findTestObject("Object Repository/Mobile/Page/Register/Not Registered/Konfirmasi/Button - Back to Home"), 0, STOP_ON_FAILURE): Tapped on element 'Object Repository/Mobile/Page/Register/Not Registered/Konfirmasi/Button - Back to Home'

2021-10-18 10:39:52 - [MESSAGE][WARNING] - Timeout '0' is invalid. Using default page load timeout: '60'

2021-10-18 10:39:53 - [MESSAGE][PASSED] - Tapped on element 'Object Repository/Mobile/Page/Register/Not Registered/Konfirmasi/Button - Back to Home'

2021-10-18 10:39:53 - [TEST_STEP][PASSED] - delay(1): Delayed 1 second(s)

2021-10-18 10:39:54 - [MESSAGE][PASSED] - Delayed 1 second(s)

2021-10-18 10:39:54 - [MESSAGE][PASSED] - Call Test Case 'Test Cases/Mobile/Page/Register/Register' successfully

2021-10-18 10:39:54 - [TEST_STEP][PASSED] - callTestCase(findTestCase("Mobile/Page/Run App/Terminate App"), [:], STOP_ON_FAILURE): Call Test Case 'Test Cases/Mobile/Page/Run App/Terminate App' successfully

2021-10-18 10:39:54 - [TEST_CASE][PASSED] - Test Cases/Mobile/Page/Run App/Terminate App: Test Cases/Mobile/Page/Run App/Terminate App

2021-10-18 10:39:54 - [TEST_STEP][PASSED] - startApp.OpenApp.terminateApplication(): startApp.OpenApp.terminateApplication is PASSED

2021-10-18 10:39:57 - [MESSAGE][PASSED] - Delayed 3 second(s)

2021-10-18 10:39:57 - [MESSAGE][WARNING] - Timeout '0' is invalid. Using default page load timeout: '60'

2021-10-18 10:39:57 - [MESSAGE][PASSED] - Tapped on element 'Object Repository/Mobile/Page/Button - Close all application'

2021-10-18 10:40:00 - [MESSAGE][PASSED] - Delayed 3 second(s)

2021-10-18 10:40:00 - [MESSAGE][PASSED] - startApp.OpenApp.terminateApplication is PASSED

2021-10-18 10:40:00 - [MESSAGE][PASSED] - Call Test Case 'Test Cases/Mobile/Page/Run App/Terminate App' successfully]]></system-out>
         <system-err><![CDATA[]]></system-err>
      </testcase>
      <testcase name="Test Cases/Mobile/Scenario/Register/013 - Registrasi dengan password angka" time="97.563" classname="Test Cases/Mobile/Scenario/Register/013 - Registrasi dengan password angka" status="PASSED">
         <system-out><![CDATA[2021-10-18 10:40:00 - [TEST_CASE][PASSED] - Test Cases/Mobile/Scenario/Register/013 - Registrasi dengan password angka: Test Cases/Mobile/Scenario/Register/013 - Registrasi dengan password angka

2021-10-18 10:40:01 - [TEST_STEP][PASSED] - callTestCase(findTestCase("Mobile/Page/Run App/Run App byID"), [:], STOP_ON_FAILURE): Call Test Case 'Test Cases/Mobile/Page/Run App/Run App byID' successfully

2021-10-18 10:40:01 - [TEST_CASE][PASSED] - Test Cases/Mobile/Page/Run App/Run App byID: Test Cases/Mobile/Page/Run App/Run App byID

2021-10-18 10:40:01 - [TEST_STEP][PASSED] - startApp.OpenApp.startApplication("com.mirae.maxfund"): startApp.OpenApp.startApplication is PASSED

2021-10-18 10:40:16 - [MESSAGE][PASSED] - Starting app with application ID: 'com.mirae.maxfund'

2021-10-18 10:40:16 - [MESSAGE][PASSED] - startApp.OpenApp.startApplication is PASSED

2021-10-18 10:40:16 - [MESSAGE][PASSED] - Call Test Case 'Test Cases/Mobile/Page/Run App/Run App byID' successfully

2021-10-18 10:40:16 - [TEST_STEP][PASSED] - callTestCase(findTestCase("Mobile/Page/Register/Register"), ["isFromLoginPage":0, "isBedaAlamat":0, "isUseReferralCode":0, "negativeStatus":"isPasswordNumberOnly"], STOP_ON_FAILURE): Call Test Case 'Test Cases/Mobile/Page/Register/Register' successfully

2021-10-18 10:40:16 - [TEST_CASE][PASSED] - Test Cases/Mobile/Page/Register/Register: Test Cases/Mobile/Page/Register/Register

2021-10-18 10:40:16 - [TEST_STEP][PASSED] - fullname = "qatesting" + acak.acak.randomStringWord(): acak.acak.randomStringWord is PASSED

2021-10-18 10:40:16 - [MESSAGE][PASSED] - acak.acak.randomStringWord is PASSED

2021-10-18 10:40:16 - [TEST_STEP][PASSED] - birthdate = "1/1/1998": null

2021-10-18 10:40:16 - [TEST_STEP][PASSED] - phone = "082257" + acak.acak.randomStringNumber(6): acak.acak.randomStringNumber is PASSED

2021-10-18 10:40:16 - [MESSAGE][PASSED] - acak.acak.randomStringNumber is PASSED

2021-10-18 10:40:16 - [TEST_STEP][PASSED] - email = fullname + "@gmail.com": null

2021-10-18 10:40:16 - [TEST_STEP][PASSED] - password = "Mirae1234": null

2021-10-18 10:40:16 - [TEST_STEP][PASSED] - branch = "qa cabang": null

2021-10-18 10:40:16 - [TEST_STEP][PASSED] - accountnumber = "222444222444": null

2021-10-18 10:40:16 - [TEST_STEP][PASSED] - nameowner = fullname: null

2021-10-18 10:40:16 - [TEST_STEP][PASSED] - alamat = "Jl. Cempaka Putih Barat 12 F No.12, RT.8/RW.8": null

2021-10-18 10:40:16 - [TEST_STEP][PASSED] - kodepos = "15412": null

2021-10-18 10:40:16 - [TEST_STEP][PASSED] - referralcode = "15412": null

2021-10-18 10:40:16 - [TEST_STEP][PASSED] - flag = "indonesia": null

2021-10-18 10:40:16 - [TEST_STEP][PASSED] - bank = "citibank": null

2021-10-18 10:40:16 - [TEST_STEP][PASSED] - if (isFromLoginPage == 1): null

2021-10-18 10:40:16 - [TEST_STEP][PASSED] - else: Delayed 1 second(s)

2021-10-18 10:40:16 - [TEST_STEP][PASSED] - tap(findTestObject("Object Repository/Mobile/Page/Dashboard/Button - Register"), 0, STOP_ON_FAILURE): Tapped on element 'Object Repository/Mobile/Page/Dashboard/Button - Register'

2021-10-18 10:40:16 - [MESSAGE][WARNING] - Timeout '0' is invalid. Using default page load timeout: '60'

2021-10-18 10:40:19 - [MESSAGE][PASSED] - Tapped on element 'Object Repository/Mobile/Page/Dashboard/Button - Register'

2021-10-18 10:40:19 - [TEST_STEP][PASSED] - delay(1): Delayed 1 second(s)

2021-10-18 10:40:20 - [MESSAGE][PASSED] - Delayed 1 second(s)

2021-10-18 10:40:20 - [TEST_STEP][PASSED] - for ([i = 0, i < 1, (i++)]): null

2021-10-18 10:40:20 - [TEST_STEP][PASSED] - if (negativeStatus == "isRegistered"): null

2021-10-18 10:40:20 - [TEST_STEP][PASSED] - tap(findTestObject("Object Repository/Mobile/Page/Register/Radio Button - Not registered yet"), 0, STOP_ON_FAILURE): Tapped on element 'Object Repository/Mobile/Page/Register/Radio Button - Not registered yet'

2021-10-18 10:40:20 - [MESSAGE][WARNING] - Timeout '0' is invalid. Using default page load timeout: '60'

2021-10-18 10:40:22 - [MESSAGE][PASSED] - Tapped on element 'Object Repository/Mobile/Page/Register/Radio Button - Not registered yet'

2021-10-18 10:40:22 - [TEST_STEP][PASSED] - delay(1): Delayed 1 second(s)

2021-10-18 10:40:23 - [MESSAGE][PASSED] - Delayed 1 second(s)

2021-10-18 10:40:23 - [TEST_STEP][PASSED] - tap(findTestObject("Object Repository/Mobile/Page/Register/Not Registered/Button - Next"), 0, STOP_ON_FAILURE): Tapped on element 'Object Repository/Mobile/Page/Register/Not Registered/Button - Next'

2021-10-18 10:40:23 - [MESSAGE][WARNING] - Timeout '0' is invalid. Using default page load timeout: '60'

2021-10-18 10:40:24 - [MESSAGE][PASSED] - Tapped on element 'Object Repository/Mobile/Page/Register/Not Registered/Button - Next'

2021-10-18 10:40:24 - [TEST_STEP][PASSED] - delay(1): Delayed 1 second(s)

2021-10-18 10:40:25 - [MESSAGE][PASSED] - Delayed 1 second(s)

2021-10-18 10:40:25 - [TEST_STEP][PASSED] - tap(findTestObject("Object Repository/Mobile/Page/Register/Not Registered/Informasi Pribadi/Edit Text - Fullname"), 0, STOP_ON_FAILURE): Tapped on element 'Object Repository/Mobile/Page/Register/Not Registered/Informasi Pribadi/Edit Text - Fullname'

2021-10-18 10:40:25 - [MESSAGE][WARNING] - Timeout '0' is invalid. Using default page load timeout: '60'

2021-10-18 10:40:25 - [MESSAGE][PASSED] - Tapped on element 'Object Repository/Mobile/Page/Register/Not Registered/Informasi Pribadi/Edit Text - Fullname'

2021-10-18 10:40:25 - [TEST_STEP][PASSED] - setText(findTestObject("Object Repository/Mobile/Page/Register/Not Registered/Informasi Pribadi/Edit Text - Fullname"), fullname, 0): Text 'qatestingAxefMCPVHA' has been set to element 'Object Repository/Mobile/Page/Register/Not Registered/Informasi Pribadi/Edit Text - Fullname'

2021-10-18 10:40:26 - [MESSAGE][WARNING] - Timeout '0' is invalid. Using default page load timeout: '60'

2021-10-18 10:40:27 - [MESSAGE][PASSED] - Text 'qatestingAxefMCPVHA' has been set to element 'Object Repository/Mobile/Page/Register/Not Registered/Informasi Pribadi/Edit Text - Fullname'

2021-10-18 10:40:27 - [TEST_STEP][PASSED] - hideKeyboard(): Keyboard is hidden

2021-10-18 10:40:31 - [MESSAGE][PASSED] - Keyboard is hidden

2021-10-18 10:40:31 - [TEST_STEP][PASSED] - delay(1): Delayed 1 second(s)

2021-10-18 10:40:32 - [MESSAGE][PASSED] - Delayed 1 second(s)

2021-10-18 10:40:32 - [TEST_STEP][PASSED] - tap(findTestObject("Object Repository/Mobile/Page/Register/Not Registered/Informasi Pribadi/Date Picker - Date of Birth"), 0, STOP_ON_FAILURE): Tapped on element 'Object Repository/Mobile/Page/Register/Not Registered/Informasi Pribadi/Date Picker - Date of Birth'

2021-10-18 10:40:32 - [MESSAGE][WARNING] - Timeout '0' is invalid. Using default page load timeout: '60'

2021-10-18 10:40:33 - [MESSAGE][PASSED] - Tapped on element 'Object Repository/Mobile/Page/Register/Not Registered/Informasi Pribadi/Date Picker - Date of Birth'

2021-10-18 10:40:33 - [TEST_STEP][PASSED] - tap(findTestObject("Object Repository/Mobile/Page/Register/Not Registered/Informasi Pribadi/Date Picker - Icon Edit"), 0, STOP_ON_FAILURE): Tapped on element 'Object Repository/Mobile/Page/Register/Not Registered/Informasi Pribadi/Date Picker - Icon Edit'

2021-10-18 10:40:33 - [MESSAGE][WARNING] - Timeout '0' is invalid. Using default page load timeout: '60'

2021-10-18 10:40:34 - [MESSAGE][PASSED] - Tapped on element 'Object Repository/Mobile/Page/Register/Not Registered/Informasi Pribadi/Date Picker - Icon Edit'

2021-10-18 10:40:34 - [TEST_STEP][PASSED] - if (negativeStatus == "isCheckDateOfBirth"): null

2021-10-18 10:40:34 - [TEST_STEP][PASSED] - else: Delayed 1 second(s)

2021-10-18 10:40:34 - [TEST_STEP][PASSED] - setText(findTestObject("Mobile/Page/Register/Not Registered/Informasi Pribadi/Date Picker - Edit Text Date"), birthdate, 0): Text '1/1/1998' has been set to element 'Object Repository/Mobile/Page/Register/Not Registered/Informasi Pribadi/Date Picker - Edit Text Date'

2021-10-18 10:40:34 - [MESSAGE][WARNING] - Timeout '0' is invalid. Using default page load timeout: '60'

2021-10-18 10:40:36 - [MESSAGE][PASSED] - Text '1/1/1998' has been set to element 'Object Repository/Mobile/Page/Register/Not Registered/Informasi Pribadi/Date Picker - Edit Text Date'

2021-10-18 10:40:36 - [TEST_STEP][PASSED] - tap(findTestObject("Mobile/Page/Register/Not Registered/Informasi Pribadi/Date Picker - Button OK"), 0, STOP_ON_FAILURE): Tapped on element 'Object Repository/Mobile/Page/Register/Not Registered/Informasi Pribadi/Date Picker - Button OK'

2021-10-18 10:40:36 - [MESSAGE][WARNING] - Timeout '0' is invalid. Using default page load timeout: '60'

2021-10-18 10:40:37 - [MESSAGE][PASSED] - Tapped on element 'Object Repository/Mobile/Page/Register/Not Registered/Informasi Pribadi/Date Picker - Button OK'

2021-10-18 10:40:37 - [TEST_STEP][PASSED] - delay(1): Delayed 1 second(s)

2021-10-18 10:40:38 - [MESSAGE][PASSED] - Delayed 1 second(s)

2021-10-18 10:40:38 - [TEST_STEP][PASSED] - if (negativeStatus == "isPhoneNumberNonIndo"): null

2021-10-18 10:40:38 - [TEST_STEP][PASSED] - tap(findTestObject("Object Repository/Mobile/Page/Register/Not Registered/Informasi Pribadi/Dropdown - Flag Phone Number"), 0, STOP_ON_FAILURE): Tapped on element 'Object Repository/Mobile/Page/Register/Not Registered/Informasi Pribadi/Dropdown - Flag Phone Number'

2021-10-18 10:40:38 - [MESSAGE][WARNING] - Timeout '0' is invalid. Using default page load timeout: '60'

2021-10-18 10:40:40 - [MESSAGE][PASSED] - Tapped on element 'Object Repository/Mobile/Page/Register/Not Registered/Informasi Pribadi/Dropdown - Flag Phone Number'

2021-10-18 10:40:40 - [TEST_STEP][PASSED] - tap(findTestObject("Object Repository/Mobile/Page/Register/Not Registered/Informasi Pribadi/Edit Text - Search Flag"), 0, STOP_ON_FAILURE): Tapped on element 'Object Repository/Mobile/Page/Register/Not Registered/Informasi Pribadi/Edit Text - Search Flag'

2021-10-18 10:40:40 - [MESSAGE][WARNING] - Timeout '0' is invalid. Using default page load timeout: '60'

2021-10-18 10:40:40 - [MESSAGE][PASSED] - Tapped on element 'Object Repository/Mobile/Page/Register/Not Registered/Informasi Pribadi/Edit Text - Search Flag'

2021-10-18 10:40:40 - [TEST_STEP][PASSED] - setText(findTestObject("Object Repository/Mobile/Page/Register/Not Registered/Informasi Pribadi/Edit Text - Search Flag"), flag, 0): Text 'indonesia' has been set to element 'Object Repository/Mobile/Page/Register/Not Registered/Informasi Pribadi/Edit Text - Search Flag'

2021-10-18 10:40:40 - [MESSAGE][WARNING] - Timeout '0' is invalid. Using default page load timeout: '60'

2021-10-18 10:40:42 - [MESSAGE][PASSED] - Text 'indonesia' has been set to element 'Object Repository/Mobile/Page/Register/Not Registered/Informasi Pribadi/Edit Text - Search Flag'

2021-10-18 10:40:42 - [TEST_STEP][PASSED] - tap(findTestObject("Mobile/Page/Register/Not Registered/Informasi Pribadi/Item Flag - Top Search"), 0, STOP_ON_FAILURE): Tapped on element 'Object Repository/Mobile/Page/Register/Not Registered/Informasi Pribadi/Item Flag - Top Search'

2021-10-18 10:40:42 - [MESSAGE][WARNING] - Timeout '0' is invalid. Using default page load timeout: '60'

2021-10-18 10:40:43 - [MESSAGE][PASSED] - Tapped on element 'Object Repository/Mobile/Page/Register/Not Registered/Informasi Pribadi/Item Flag - Top Search'

2021-10-18 10:40:43 - [TEST_STEP][PASSED] - tap(findTestObject("Object Repository/Mobile/Page/Register/Not Registered/Informasi Pribadi/Edit Text - Phone Number"), 0, STOP_ON_FAILURE): Tapped on element 'Object Repository/Mobile/Page/Register/Not Registered/Informasi Pribadi/Edit Text - Phone Number'

2021-10-18 10:40:43 - [MESSAGE][WARNING] - Timeout '0' is invalid. Using default page load timeout: '60'

2021-10-18 10:40:44 - [MESSAGE][PASSED] - Tapped on element 'Object Repository/Mobile/Page/Register/Not Registered/Informasi Pribadi/Edit Text - Phone Number'

2021-10-18 10:40:44 - [TEST_STEP][PASSED] - setText(findTestObject("Object Repository/Mobile/Page/Register/Not Registered/Informasi Pribadi/Edit Text - Phone Number"), phone, 0): Text '082257861878' has been set to element 'Object Repository/Mobile/Page/Register/Not Registered/Informasi Pribadi/Edit Text - Phone Number'

2021-10-18 10:40:44 - [MESSAGE][WARNING] - Timeout '0' is invalid. Using default page load timeout: '60'

2021-10-18 10:40:46 - [MESSAGE][PASSED] - Text '082257861878' has been set to element 'Object Repository/Mobile/Page/Register/Not Registered/Informasi Pribadi/Edit Text - Phone Number'

2021-10-18 10:40:46 - [TEST_STEP][PASSED] - hideKeyboard(): Keyboard is hidden

2021-10-18 10:40:52 - [MESSAGE][PASSED] - Keyboard is hidden

2021-10-18 10:40:52 - [TEST_STEP][PASSED] - delay(1): Delayed 1 second(s)

2021-10-18 10:40:53 - [MESSAGE][PASSED] - Delayed 1 second(s)

2021-10-18 10:40:53 - [TEST_STEP][PASSED] - tap(findTestObject("Object Repository/Mobile/Page/Register/Not Registered/Informasi Pribadi/Dropdown - Flag Re Phone Number"), 0, STOP_ON_FAILURE): Tapped on element 'Object Repository/Mobile/Page/Register/Not Registered/Informasi Pribadi/Dropdown - Flag Re Phone Number'

2021-10-18 10:40:53 - [MESSAGE][WARNING] - Timeout '0' is invalid. Using default page load timeout: '60'

2021-10-18 10:40:54 - [MESSAGE][PASSED] - Tapped on element 'Object Repository/Mobile/Page/Register/Not Registered/Informasi Pribadi/Dropdown - Flag Re Phone Number'

2021-10-18 10:40:54 - [TEST_STEP][PASSED] - tap(findTestObject("Object Repository/Mobile/Page/Register/Not Registered/Informasi Pribadi/Edit Text - Search Flag"), 0, STOP_ON_FAILURE): Tapped on element 'Object Repository/Mobile/Page/Register/Not Registered/Informasi Pribadi/Edit Text - Search Flag'

2021-10-18 10:40:54 - [MESSAGE][WARNING] - Timeout '0' is invalid. Using default page load timeout: '60'

2021-10-18 10:40:55 - [MESSAGE][PASSED] - Tapped on element 'Object Repository/Mobile/Page/Register/Not Registered/Informasi Pribadi/Edit Text - Search Flag'

2021-10-18 10:40:55 - [TEST_STEP][PASSED] - setText(findTestObject("Object Repository/Mobile/Page/Register/Not Registered/Informasi Pribadi/Edit Text - Search Flag"), flag, 0): Text 'indonesia' has been set to element 'Object Repository/Mobile/Page/Register/Not Registered/Informasi Pribadi/Edit Text - Search Flag'

2021-10-18 10:40:55 - [MESSAGE][WARNING] - Timeout '0' is invalid. Using default page load timeout: '60'

2021-10-18 10:40:56 - [MESSAGE][PASSED] - Text 'indonesia' has been set to element 'Object Repository/Mobile/Page/Register/Not Registered/Informasi Pribadi/Edit Text - Search Flag'

2021-10-18 10:40:56 - [TEST_STEP][PASSED] - tap(findTestObject("Mobile/Page/Register/Not Registered/Informasi Pribadi/Item Flag - Top Search"), 0, STOP_ON_FAILURE): Tapped on element 'Object Repository/Mobile/Page/Register/Not Registered/Informasi Pribadi/Item Flag - Top Search'

2021-10-18 10:40:56 - [MESSAGE][WARNING] - Timeout '0' is invalid. Using default page load timeout: '60'

2021-10-18 10:40:58 - [MESSAGE][PASSED] - Tapped on element 'Object Repository/Mobile/Page/Register/Not Registered/Informasi Pribadi/Item Flag - Top Search'

2021-10-18 10:40:58 - [TEST_STEP][PASSED] - tap(findTestObject("Object Repository/Mobile/Page/Register/Not Registered/Informasi Pribadi/Edit Text - Re Phone Number"), 0, STOP_ON_FAILURE): Tapped on element 'Object Repository/Mobile/Page/Register/Not Registered/Informasi Pribadi/Edit Text - Re Phone Number'

2021-10-18 10:40:58 - [MESSAGE][WARNING] - Timeout '0' is invalid. Using default page load timeout: '60'

2021-10-18 10:40:58 - [MESSAGE][PASSED] - Tapped on element 'Object Repository/Mobile/Page/Register/Not Registered/Informasi Pribadi/Edit Text - Re Phone Number'

2021-10-18 10:40:58 - [TEST_STEP][PASSED] - setText(findTestObject("Object Repository/Mobile/Page/Register/Not Registered/Informasi Pribadi/Edit Text - Re Phone Number"), phone, 0): Text '082257861878' has been set to element 'Object Repository/Mobile/Page/Register/Not Registered/Informasi Pribadi/Edit Text - Re Phone Number'

2021-10-18 10:40:58 - [MESSAGE][WARNING] - Timeout '0' is invalid. Using default page load timeout: '60'

2021-10-18 10:41:00 - [MESSAGE][PASSED] - Text '082257861878' has been set to element 'Object Repository/Mobile/Page/Register/Not Registered/Informasi Pribadi/Edit Text - Re Phone Number'

2021-10-18 10:41:00 - [TEST_STEP][PASSED] - hideKeyboard(): Keyboard is hidden

2021-10-18 10:41:06 - [MESSAGE][PASSED] - Keyboard is hidden

2021-10-18 10:41:06 - [TEST_STEP][PASSED] - delay(1): Delayed 1 second(s)

2021-10-18 10:41:07 - [MESSAGE][PASSED] - Delayed 1 second(s)

2021-10-18 10:41:07 - [TEST_STEP][PASSED] - if (negativeStatus == "isCheckEmailRegistered"): null

2021-10-18 10:41:07 - [TEST_STEP][PASSED] - else: Delayed 1 second(s)

2021-10-18 10:41:07 - [TEST_STEP][PASSED] - tap(findTestObject("Object Repository/Mobile/Page/Register/Not Registered/Informasi Pribadi/Edit Text - Email"), 0, STOP_ON_FAILURE): Tapped on element 'Object Repository/Mobile/Page/Register/Not Registered/Informasi Pribadi/Edit Text - Email'

2021-10-18 10:41:07 - [MESSAGE][WARNING] - Timeout '0' is invalid. Using default page load timeout: '60'

2021-10-18 10:41:07 - [MESSAGE][PASSED] - Tapped on element 'Object Repository/Mobile/Page/Register/Not Registered/Informasi Pribadi/Edit Text - Email'

2021-10-18 10:41:07 - [TEST_STEP][PASSED] - setText(findTestObject("Object Repository/Mobile/Page/Register/Not Registered/Informasi Pribadi/Edit Text - Email"), email, 0): Text 'qatestingAxefMCPVHA@gmail.com' has been set to element 'Object Repository/Mobile/Page/Register/Not Registered/Informasi Pribadi/Edit Text - Email'

2021-10-18 10:41:07 - [MESSAGE][WARNING] - Timeout '0' is invalid. Using default page load timeout: '60'

2021-10-18 10:41:09 - [MESSAGE][PASSED] - Text 'qatestingAxefMCPVHA@gmail.com' has been set to element 'Object Repository/Mobile/Page/Register/Not Registered/Informasi Pribadi/Edit Text - Email'

2021-10-18 10:41:09 - [TEST_STEP][PASSED] - hideKeyboard(): Keyboard is hidden

2021-10-18 10:41:13 - [MESSAGE][PASSED] - Keyboard is hidden

2021-10-18 10:41:13 - [TEST_STEP][PASSED] - delay(1): Delayed 1 second(s)

2021-10-18 10:41:14 - [MESSAGE][PASSED] - Delayed 1 second(s)

2021-10-18 10:41:14 - [TEST_STEP][PASSED] - if (negativeStatus == "isCheckEmailMatch"): null

2021-10-18 10:41:14 - [TEST_STEP][PASSED] - else: Delayed 1 second(s)

2021-10-18 10:41:14 - [TEST_STEP][PASSED] - tap(findTestObject("Object Repository/Mobile/Page/Register/Not Registered/Informasi Pribadi/Edit Text - Re Email"), 0, STOP_ON_FAILURE): Tapped on element 'Object Repository/Mobile/Page/Register/Not Registered/Informasi Pribadi/Edit Text - Re Email'

2021-10-18 10:41:14 - [MESSAGE][WARNING] - Timeout '0' is invalid. Using default page load timeout: '60'

2021-10-18 10:41:14 - [MESSAGE][PASSED] - Tapped on element 'Object Repository/Mobile/Page/Register/Not Registered/Informasi Pribadi/Edit Text - Re Email'

2021-10-18 10:41:14 - [TEST_STEP][PASSED] - setText(findTestObject("Object Repository/Mobile/Page/Register/Not Registered/Informasi Pribadi/Edit Text - Re Email"), email, 0): Text 'qatestingAxefMCPVHA@gmail.com' has been set to element 'Object Repository/Mobile/Page/Register/Not Registered/Informasi Pribadi/Edit Text - Re Email'

2021-10-18 10:41:14 - [MESSAGE][WARNING] - Timeout '0' is invalid. Using default page load timeout: '60'

2021-10-18 10:41:16 - [MESSAGE][PASSED] - Text 'qatestingAxefMCPVHA@gmail.com' has been set to element 'Object Repository/Mobile/Page/Register/Not Registered/Informasi Pribadi/Edit Text - Re Email'

2021-10-18 10:41:16 - [TEST_STEP][PASSED] - hideKeyboard(): Keyboard is hidden

2021-10-18 10:41:19 - [MESSAGE][PASSED] - Keyboard is hidden

2021-10-18 10:41:19 - [TEST_STEP][PASSED] - delay(1): Delayed 1 second(s)

2021-10-18 10:41:20 - [MESSAGE][PASSED] - Delayed 1 second(s)

2021-10-18 10:41:20 - [TEST_STEP][PASSED] - if (negativeStatus == "isPasswordNumberOnly"): null

2021-10-18 10:41:20 - [TEST_STEP][PASSED] - password = "12345678": null

2021-10-18 10:41:20 - [TEST_STEP][PASSED] - tap(findTestObject("Object Repository/Mobile/Page/Register/Not Registered/Informasi Pribadi/Edit Text - Password"), 0, STOP_ON_FAILURE): Tapped on element 'Object Repository/Mobile/Page/Register/Not Registered/Informasi Pribadi/Edit Text - Password'

2021-10-18 10:41:20 - [MESSAGE][WARNING] - Timeout '0' is invalid. Using default page load timeout: '60'

2021-10-18 10:41:21 - [MESSAGE][PASSED] - Tapped on element 'Object Repository/Mobile/Page/Register/Not Registered/Informasi Pribadi/Edit Text - Password'

2021-10-18 10:41:21 - [TEST_STEP][PASSED] - setText(findTestObject("Object Repository/Mobile/Page/Register/Not Registered/Informasi Pribadi/Edit Text - Password"), password, 0): Text '12345678' has been set to element 'Object Repository/Mobile/Page/Register/Not Registered/Informasi Pribadi/Edit Text - Password'

2021-10-18 10:41:21 - [MESSAGE][WARNING] - Timeout '0' is invalid. Using default page load timeout: '60'

2021-10-18 10:41:22 - [MESSAGE][PASSED] - Text '12345678' has been set to element 'Object Repository/Mobile/Page/Register/Not Registered/Informasi Pribadi/Edit Text - Password'

2021-10-18 10:41:22 - [TEST_STEP][PASSED] - hideKeyboard(): Keyboard is hidden

2021-10-18 10:41:29 - [MESSAGE][PASSED] - Keyboard is hidden

2021-10-18 10:41:29 - [TEST_STEP][PASSED] - delay(1): Delayed 1 second(s)

2021-10-18 10:41:30 - [MESSAGE][PASSED] - Delayed 1 second(s)

2021-10-18 10:41:30 - [TEST_STEP][PASSED] - passwordnumber = verifyElementExist(findTestObject("Object Repository/Mobile/Page/Register/Not Registered/Informasi Pribadi/Alert - Password not filled yet"), 1, OPTIONAL): Element 'Object Repository/Mobile/Page/Register/Not Registered/Informasi Pribadi/Alert - Password not filled yet' not found

2021-10-18 10:41:31 - [MESSAGE][WARNING] - Element 'Object Repository/Mobile/Page/Register/Not Registered/Informasi Pribadi/Alert - Password not filled yet' not found
[[ATTACHMENT|C:\\Users\\Owner\\Documents\\kerjaan\\KatalonProject\\qa-katalon-maxfund\\Reports\\20211018_100502\\Register\\20211018_100502\\1634528491164.png]]

2021-10-18 10:41:31 - [TEST_STEP][PASSED] - break: null

2021-10-18 10:41:31 - [MESSAGE][PASSED] - Call Test Case 'Test Cases/Mobile/Page/Register/Register' successfully

2021-10-18 10:41:31 - [TEST_STEP][PASSED] - callTestCase(findTestCase("Mobile/Page/Run App/Terminate App"), [:], STOP_ON_FAILURE): Call Test Case 'Test Cases/Mobile/Page/Run App/Terminate App' successfully

2021-10-18 10:41:31 - [TEST_CASE][PASSED] - Test Cases/Mobile/Page/Run App/Terminate App: Test Cases/Mobile/Page/Run App/Terminate App

2021-10-18 10:41:31 - [TEST_STEP][PASSED] - startApp.OpenApp.terminateApplication(): startApp.OpenApp.terminateApplication is PASSED

2021-10-18 10:41:35 - [MESSAGE][PASSED] - Delayed 3 second(s)

2021-10-18 10:41:35 - [MESSAGE][WARNING] - Timeout '0' is invalid. Using default page load timeout: '60'

2021-10-18 10:41:35 - [MESSAGE][PASSED] - Tapped on element 'Object Repository/Mobile/Page/Button - Close all application'

2021-10-18 10:41:38 - [MESSAGE][PASSED] - Delayed 3 second(s)

2021-10-18 10:41:38 - [MESSAGE][PASSED] - startApp.OpenApp.terminateApplication is PASSED

2021-10-18 10:41:38 - [MESSAGE][PASSED] - Call Test Case 'Test Cases/Mobile/Page/Run App/Terminate App' successfully]]></system-out>
         <system-err><![CDATA[]]></system-err>
      </testcase>
      <testcase name="Test Cases/Mobile/Scenario/Register/014 - Registrasi dengan Kode Pos tidak sesuai dengan propinsi" time="252.213" classname="Test Cases/Mobile/Scenario/Register/014 - Registrasi dengan Kode Pos tidak sesuai dengan propinsi" status="PASSED">
         <system-out><![CDATA[2021-10-18 10:41:38 - [TEST_CASE][PASSED] - Test Cases/Mobile/Scenario/Register/014 - Registrasi dengan Kode Pos tidak sesuai dengan propinsi: Test Cases/Mobile/Scenario/Register/014 - Registrasi dengan Kode Pos tidak sesuai dengan propinsi

2021-10-18 10:41:38 - [TEST_STEP][PASSED] - callTestCase(findTestCase("Mobile/Page/Run App/Run App byID"), [:], STOP_ON_FAILURE): Call Test Case 'Test Cases/Mobile/Page/Run App/Run App byID' successfully

2021-10-18 10:41:38 - [TEST_CASE][PASSED] - Test Cases/Mobile/Page/Run App/Run App byID: Test Cases/Mobile/Page/Run App/Run App byID

2021-10-18 10:41:38 - [TEST_STEP][PASSED] - startApp.OpenApp.startApplication("com.mirae.maxfund"): startApp.OpenApp.startApplication is PASSED

2021-10-18 10:41:49 - [MESSAGE][PASSED] - Starting app with application ID: 'com.mirae.maxfund'

2021-10-18 10:41:49 - [MESSAGE][PASSED] - startApp.OpenApp.startApplication is PASSED

2021-10-18 10:41:49 - [MESSAGE][PASSED] - Call Test Case 'Test Cases/Mobile/Page/Run App/Run App byID' successfully

2021-10-18 10:41:49 - [TEST_STEP][PASSED] - callTestCase(findTestCase("Mobile/Page/Register/Register"), ["isFromLoginPage":0, "isBedaAlamat":1, "isUseReferralCode":0, "negativeStatus":"isPostalCodeIncorrect"], STOP_ON_FAILURE): Call Test Case 'Test Cases/Mobile/Page/Register/Register' successfully

2021-10-18 10:41:49 - [TEST_CASE][PASSED] - Test Cases/Mobile/Page/Register/Register: Test Cases/Mobile/Page/Register/Register

2021-10-18 10:41:49 - [TEST_STEP][PASSED] - fullname = "qatesting" + acak.acak.randomStringWord(): acak.acak.randomStringWord is PASSED

2021-10-18 10:41:49 - [MESSAGE][PASSED] - acak.acak.randomStringWord is PASSED

2021-10-18 10:41:49 - [TEST_STEP][PASSED] - birthdate = "1/1/1998": null

2021-10-18 10:41:49 - [TEST_STEP][PASSED] - phone = "082257" + acak.acak.randomStringNumber(6): acak.acak.randomStringNumber is PASSED

2021-10-18 10:41:49 - [MESSAGE][PASSED] - acak.acak.randomStringNumber is PASSED

2021-10-18 10:41:49 - [TEST_STEP][PASSED] - email = fullname + "@gmail.com": null

2021-10-18 10:41:49 - [TEST_STEP][PASSED] - password = "Mirae1234": null

2021-10-18 10:41:49 - [TEST_STEP][PASSED] - branch = "qa cabang": null

2021-10-18 10:41:49 - [TEST_STEP][PASSED] - accountnumber = "222444222444": null

2021-10-18 10:41:49 - [TEST_STEP][PASSED] - nameowner = fullname: null

2021-10-18 10:41:49 - [TEST_STEP][PASSED] - alamat = "Jl. Cempaka Putih Barat 12 F No.12, RT.8/RW.8": null

2021-10-18 10:41:49 - [TEST_STEP][PASSED] - kodepos = "15412": null

2021-10-18 10:41:49 - [TEST_STEP][PASSED] - referralcode = "15412": null

2021-10-18 10:41:49 - [TEST_STEP][PASSED] - flag = "indonesia": null

2021-10-18 10:41:49 - [TEST_STEP][PASSED] - bank = "citibank": null

2021-10-18 10:41:49 - [TEST_STEP][PASSED] - if (isFromLoginPage == 1): null

2021-10-18 10:41:49 - [TEST_STEP][PASSED] - else: Delayed 1 second(s)

2021-10-18 10:41:49 - [TEST_STEP][PASSED] - tap(findTestObject("Object Repository/Mobile/Page/Dashboard/Button - Register"), 0, STOP_ON_FAILURE): Tapped on element 'Object Repository/Mobile/Page/Dashboard/Button - Register'

2021-10-18 10:41:50 - [MESSAGE][WARNING] - Timeout '0' is invalid. Using default page load timeout: '60'

2021-10-18 10:41:52 - [MESSAGE][PASSED] - Tapped on element 'Object Repository/Mobile/Page/Dashboard/Button - Register'

2021-10-18 10:41:52 - [TEST_STEP][PASSED] - delay(1): Delayed 1 second(s)

2021-10-18 10:41:53 - [MESSAGE][PASSED] - Delayed 1 second(s)

2021-10-18 10:41:53 - [TEST_STEP][PASSED] - for ([i = 0, i < 1, (i++)]): Delayed 1 second(s)

2021-10-18 10:41:53 - [TEST_STEP][PASSED] - if (negativeStatus == "isRegistered"): null

2021-10-18 10:41:53 - [TEST_STEP][PASSED] - tap(findTestObject("Object Repository/Mobile/Page/Register/Radio Button - Not registered yet"), 0, STOP_ON_FAILURE): Tapped on element 'Object Repository/Mobile/Page/Register/Radio Button - Not registered yet'

2021-10-18 10:41:53 - [MESSAGE][WARNING] - Timeout '0' is invalid. Using default page load timeout: '60'

2021-10-18 10:41:54 - [MESSAGE][PASSED] - Tapped on element 'Object Repository/Mobile/Page/Register/Radio Button - Not registered yet'

2021-10-18 10:41:54 - [TEST_STEP][PASSED] - delay(1): Delayed 1 second(s)

2021-10-18 10:41:55 - [MESSAGE][PASSED] - Delayed 1 second(s)

2021-10-18 10:41:55 - [TEST_STEP][PASSED] - tap(findTestObject("Object Repository/Mobile/Page/Register/Not Registered/Button - Next"), 0, STOP_ON_FAILURE): Tapped on element 'Object Repository/Mobile/Page/Register/Not Registered/Button - Next'

2021-10-18 10:41:56 - [MESSAGE][WARNING] - Timeout '0' is invalid. Using default page load timeout: '60'

2021-10-18 10:41:57 - [MESSAGE][PASSED] - Tapped on element 'Object Repository/Mobile/Page/Register/Not Registered/Button - Next'

2021-10-18 10:41:57 - [TEST_STEP][PASSED] - delay(1): Delayed 1 second(s)

2021-10-18 10:41:58 - [MESSAGE][PASSED] - Delayed 1 second(s)

2021-10-18 10:41:58 - [TEST_STEP][PASSED] - tap(findTestObject("Object Repository/Mobile/Page/Register/Not Registered/Informasi Pribadi/Edit Text - Fullname"), 0, STOP_ON_FAILURE): Tapped on element 'Object Repository/Mobile/Page/Register/Not Registered/Informasi Pribadi/Edit Text - Fullname'

2021-10-18 10:41:58 - [MESSAGE][WARNING] - Timeout '0' is invalid. Using default page load timeout: '60'

2021-10-18 10:41:58 - [MESSAGE][PASSED] - Tapped on element 'Object Repository/Mobile/Page/Register/Not Registered/Informasi Pribadi/Edit Text - Fullname'

2021-10-18 10:41:58 - [TEST_STEP][PASSED] - setText(findTestObject("Object Repository/Mobile/Page/Register/Not Registered/Informasi Pribadi/Edit Text - Fullname"), fullname, 0): Text 'qatestingJZZWMhsMEe' has been set to element 'Object Repository/Mobile/Page/Register/Not Registered/Informasi Pribadi/Edit Text - Fullname'

2021-10-18 10:41:58 - [MESSAGE][WARNING] - Timeout '0' is invalid. Using default page load timeout: '60'

2021-10-18 10:42:00 - [MESSAGE][PASSED] - Text 'qatestingJZZWMhsMEe' has been set to element 'Object Repository/Mobile/Page/Register/Not Registered/Informasi Pribadi/Edit Text - Fullname'

2021-10-18 10:42:00 - [TEST_STEP][PASSED] - hideKeyboard(): Keyboard is hidden

2021-10-18 10:42:05 - [MESSAGE][PASSED] - Keyboard is hidden

2021-10-18 10:42:05 - [TEST_STEP][PASSED] - delay(1): Delayed 1 second(s)

2021-10-18 10:42:06 - [MESSAGE][PASSED] - Delayed 1 second(s)

2021-10-18 10:42:06 - [TEST_STEP][PASSED] - tap(findTestObject("Object Repository/Mobile/Page/Register/Not Registered/Informasi Pribadi/Date Picker - Date of Birth"), 0, STOP_ON_FAILURE): Tapped on element 'Object Repository/Mobile/Page/Register/Not Registered/Informasi Pribadi/Date Picker - Date of Birth'

2021-10-18 10:42:06 - [MESSAGE][WARNING] - Timeout '0' is invalid. Using default page load timeout: '60'

2021-10-18 10:42:06 - [MESSAGE][PASSED] - Tapped on element 'Object Repository/Mobile/Page/Register/Not Registered/Informasi Pribadi/Date Picker - Date of Birth'

2021-10-18 10:42:06 - [TEST_STEP][PASSED] - tap(findTestObject("Object Repository/Mobile/Page/Register/Not Registered/Informasi Pribadi/Date Picker - Icon Edit"), 0, STOP_ON_FAILURE): Tapped on element 'Object Repository/Mobile/Page/Register/Not Registered/Informasi Pribadi/Date Picker - Icon Edit'

2021-10-18 10:42:06 - [MESSAGE][WARNING] - Timeout '0' is invalid. Using default page load timeout: '60'

2021-10-18 10:42:09 - [MESSAGE][PASSED] - Tapped on element 'Object Repository/Mobile/Page/Register/Not Registered/Informasi Pribadi/Date Picker - Icon Edit'

2021-10-18 10:42:09 - [TEST_STEP][PASSED] - if (negativeStatus == "isCheckDateOfBirth"): null

2021-10-18 10:42:09 - [TEST_STEP][PASSED] - else: Delayed 1 second(s)

2021-10-18 10:42:09 - [TEST_STEP][PASSED] - setText(findTestObject("Mobile/Page/Register/Not Registered/Informasi Pribadi/Date Picker - Edit Text Date"), birthdate, 0): Text '1/1/1998' has been set to element 'Object Repository/Mobile/Page/Register/Not Registered/Informasi Pribadi/Date Picker - Edit Text Date'

2021-10-18 10:42:09 - [MESSAGE][WARNING] - Timeout '0' is invalid. Using default page load timeout: '60'

2021-10-18 10:42:09 - [MESSAGE][PASSED] - Text '1/1/1998' has been set to element 'Object Repository/Mobile/Page/Register/Not Registered/Informasi Pribadi/Date Picker - Edit Text Date'

2021-10-18 10:42:09 - [TEST_STEP][PASSED] - tap(findTestObject("Mobile/Page/Register/Not Registered/Informasi Pribadi/Date Picker - Button OK"), 0, STOP_ON_FAILURE): Tapped on element 'Object Repository/Mobile/Page/Register/Not Registered/Informasi Pribadi/Date Picker - Button OK'

2021-10-18 10:42:09 - [MESSAGE][WARNING] - Timeout '0' is invalid. Using default page load timeout: '60'

2021-10-18 10:42:11 - [MESSAGE][PASSED] - Tapped on element 'Object Repository/Mobile/Page/Register/Not Registered/Informasi Pribadi/Date Picker - Button OK'

2021-10-18 10:42:11 - [TEST_STEP][PASSED] - delay(1): Delayed 1 second(s)

2021-10-18 10:42:12 - [MESSAGE][PASSED] - Delayed 1 second(s)

2021-10-18 10:42:12 - [TEST_STEP][PASSED] - if (negativeStatus == "isPhoneNumberNonIndo"): null

2021-10-18 10:42:12 - [TEST_STEP][PASSED] - tap(findTestObject("Object Repository/Mobile/Page/Register/Not Registered/Informasi Pribadi/Dropdown - Flag Phone Number"), 0, STOP_ON_FAILURE): Tapped on element 'Object Repository/Mobile/Page/Register/Not Registered/Informasi Pribadi/Dropdown - Flag Phone Number'

2021-10-18 10:42:12 - [MESSAGE][WARNING] - Timeout '0' is invalid. Using default page load timeout: '60'

2021-10-18 10:42:13 - [MESSAGE][PASSED] - Tapped on element 'Object Repository/Mobile/Page/Register/Not Registered/Informasi Pribadi/Dropdown - Flag Phone Number'

2021-10-18 10:42:13 - [TEST_STEP][PASSED] - tap(findTestObject("Object Repository/Mobile/Page/Register/Not Registered/Informasi Pribadi/Edit Text - Search Flag"), 0, STOP_ON_FAILURE): Tapped on element 'Object Repository/Mobile/Page/Register/Not Registered/Informasi Pribadi/Edit Text - Search Flag'

2021-10-18 10:42:13 - [MESSAGE][WARNING] - Timeout '0' is invalid. Using default page load timeout: '60'

2021-10-18 10:42:14 - [MESSAGE][PASSED] - Tapped on element 'Object Repository/Mobile/Page/Register/Not Registered/Informasi Pribadi/Edit Text - Search Flag'

2021-10-18 10:42:14 - [TEST_STEP][PASSED] - setText(findTestObject("Object Repository/Mobile/Page/Register/Not Registered/Informasi Pribadi/Edit Text - Search Flag"), flag, 0): Text 'indonesia' has been set to element 'Object Repository/Mobile/Page/Register/Not Registered/Informasi Pribadi/Edit Text - Search Flag'

2021-10-18 10:42:14 - [MESSAGE][WARNING] - Timeout '0' is invalid. Using default page load timeout: '60'

2021-10-18 10:42:16 - [MESSAGE][PASSED] - Text 'indonesia' has been set to element 'Object Repository/Mobile/Page/Register/Not Registered/Informasi Pribadi/Edit Text - Search Flag'

2021-10-18 10:42:16 - [TEST_STEP][PASSED] - tap(findTestObject("Mobile/Page/Register/Not Registered/Informasi Pribadi/Item Flag - Top Search"), 0, STOP_ON_FAILURE): Tapped on element 'Object Repository/Mobile/Page/Register/Not Registered/Informasi Pribadi/Item Flag - Top Search'

2021-10-18 10:42:16 - [MESSAGE][WARNING] - Timeout '0' is invalid. Using default page load timeout: '60'

2021-10-18 10:42:18 - [MESSAGE][PASSED] - Tapped on element 'Object Repository/Mobile/Page/Register/Not Registered/Informasi Pribadi/Item Flag - Top Search'

2021-10-18 10:42:18 - [TEST_STEP][PASSED] - tap(findTestObject("Object Repository/Mobile/Page/Register/Not Registered/Informasi Pribadi/Edit Text - Phone Number"), 0, STOP_ON_FAILURE): Tapped on element 'Object Repository/Mobile/Page/Register/Not Registered/Informasi Pribadi/Edit Text - Phone Number'

2021-10-18 10:42:18 - [MESSAGE][WARNING] - Timeout '0' is invalid. Using default page load timeout: '60'

2021-10-18 10:42:18 - [MESSAGE][PASSED] - Tapped on element 'Object Repository/Mobile/Page/Register/Not Registered/Informasi Pribadi/Edit Text - Phone Number'

2021-10-18 10:42:18 - [TEST_STEP][PASSED] - setText(findTestObject("Object Repository/Mobile/Page/Register/Not Registered/Informasi Pribadi/Edit Text - Phone Number"), phone, 0): Text '082257927392' has been set to element 'Object Repository/Mobile/Page/Register/Not Registered/Informasi Pribadi/Edit Text - Phone Number'

2021-10-18 10:42:18 - [MESSAGE][WARNING] - Timeout '0' is invalid. Using default page load timeout: '60'

2021-10-18 10:42:20 - [MESSAGE][PASSED] - Text '082257927392' has been set to element 'Object Repository/Mobile/Page/Register/Not Registered/Informasi Pribadi/Edit Text - Phone Number'

2021-10-18 10:42:20 - [TEST_STEP][PASSED] - hideKeyboard(): Keyboard is hidden

2021-10-18 10:42:28 - [MESSAGE][PASSED] - Keyboard is hidden

2021-10-18 10:42:28 - [TEST_STEP][PASSED] - delay(1): Delayed 1 second(s)

2021-10-18 10:42:29 - [MESSAGE][PASSED] - Delayed 1 second(s)

2021-10-18 10:42:29 - [TEST_STEP][PASSED] - tap(findTestObject("Object Repository/Mobile/Page/Register/Not Registered/Informasi Pribadi/Dropdown - Flag Re Phone Number"), 0, STOP_ON_FAILURE): Tapped on element 'Object Repository/Mobile/Page/Register/Not Registered/Informasi Pribadi/Dropdown - Flag Re Phone Number'

2021-10-18 10:42:29 - [MESSAGE][WARNING] - Timeout '0' is invalid. Using default page load timeout: '60'

2021-10-18 10:42:30 - [MESSAGE][PASSED] - Tapped on element 'Object Repository/Mobile/Page/Register/Not Registered/Informasi Pribadi/Dropdown - Flag Re Phone Number'

2021-10-18 10:42:30 - [TEST_STEP][PASSED] - tap(findTestObject("Object Repository/Mobile/Page/Register/Not Registered/Informasi Pribadi/Edit Text - Search Flag"), 0, STOP_ON_FAILURE): Tapped on element 'Object Repository/Mobile/Page/Register/Not Registered/Informasi Pribadi/Edit Text - Search Flag'

2021-10-18 10:42:30 - [MESSAGE][WARNING] - Timeout '0' is invalid. Using default page load timeout: '60'

2021-10-18 10:42:30 - [MESSAGE][PASSED] - Tapped on element 'Object Repository/Mobile/Page/Register/Not Registered/Informasi Pribadi/Edit Text - Search Flag'

2021-10-18 10:42:30 - [TEST_STEP][PASSED] - setText(findTestObject("Object Repository/Mobile/Page/Register/Not Registered/Informasi Pribadi/Edit Text - Search Flag"), flag, 0): Text 'indonesia' has been set to element 'Object Repository/Mobile/Page/Register/Not Registered/Informasi Pribadi/Edit Text - Search Flag'

2021-10-18 10:42:30 - [MESSAGE][WARNING] - Timeout '0' is invalid. Using default page load timeout: '60'

2021-10-18 10:42:32 - [MESSAGE][PASSED] - Text 'indonesia' has been set to element 'Object Repository/Mobile/Page/Register/Not Registered/Informasi Pribadi/Edit Text - Search Flag'

2021-10-18 10:42:32 - [TEST_STEP][PASSED] - tap(findTestObject("Mobile/Page/Register/Not Registered/Informasi Pribadi/Item Flag - Top Search"), 0, STOP_ON_FAILURE): Tapped on element 'Object Repository/Mobile/Page/Register/Not Registered/Informasi Pribadi/Item Flag - Top Search'

2021-10-18 10:42:32 - [MESSAGE][WARNING] - Timeout '0' is invalid. Using default page load timeout: '60'

2021-10-18 10:42:34 - [MESSAGE][PASSED] - Tapped on element 'Object Repository/Mobile/Page/Register/Not Registered/Informasi Pribadi/Item Flag - Top Search'

2021-10-18 10:42:34 - [TEST_STEP][PASSED] - tap(findTestObject("Object Repository/Mobile/Page/Register/Not Registered/Informasi Pribadi/Edit Text - Re Phone Number"), 0, STOP_ON_FAILURE): Tapped on element 'Object Repository/Mobile/Page/Register/Not Registered/Informasi Pribadi/Edit Text - Re Phone Number'

2021-10-18 10:42:34 - [MESSAGE][WARNING] - Timeout '0' is invalid. Using default page load timeout: '60'

2021-10-18 10:42:34 - [MESSAGE][PASSED] - Tapped on element 'Object Repository/Mobile/Page/Register/Not Registered/Informasi Pribadi/Edit Text - Re Phone Number'

2021-10-18 10:42:34 - [TEST_STEP][PASSED] - setText(findTestObject("Object Repository/Mobile/Page/Register/Not Registered/Informasi Pribadi/Edit Text - Re Phone Number"), phone, 0): Text '082257927392' has been set to element 'Object Repository/Mobile/Page/Register/Not Registered/Informasi Pribadi/Edit Text - Re Phone Number'

2021-10-18 10:42:35 - [MESSAGE][WARNING] - Timeout '0' is invalid. Using default page load timeout: '60'

2021-10-18 10:42:35 - [MESSAGE][PASSED] - Text '082257927392' has been set to element 'Object Repository/Mobile/Page/Register/Not Registered/Informasi Pribadi/Edit Text - Re Phone Number'

2021-10-18 10:42:35 - [TEST_STEP][PASSED] - hideKeyboard(): Keyboard is hidden

2021-10-18 10:42:41 - [MESSAGE][PASSED] - Keyboard is hidden

2021-10-18 10:42:41 - [TEST_STEP][PASSED] - delay(1): Delayed 1 second(s)

2021-10-18 10:42:42 - [MESSAGE][PASSED] - Delayed 1 second(s)

2021-10-18 10:42:42 - [TEST_STEP][PASSED] - if (negativeStatus == "isCheckEmailRegistered"): null

2021-10-18 10:42:42 - [TEST_STEP][PASSED] - else: Delayed 1 second(s)

2021-10-18 10:42:42 - [TEST_STEP][PASSED] - tap(findTestObject("Object Repository/Mobile/Page/Register/Not Registered/Informasi Pribadi/Edit Text - Email"), 0, STOP_ON_FAILURE): Tapped on element 'Object Repository/Mobile/Page/Register/Not Registered/Informasi Pribadi/Edit Text - Email'

2021-10-18 10:42:42 - [MESSAGE][WARNING] - Timeout '0' is invalid. Using default page load timeout: '60'

2021-10-18 10:42:43 - [MESSAGE][PASSED] - Tapped on element 'Object Repository/Mobile/Page/Register/Not Registered/Informasi Pribadi/Edit Text - Email'

2021-10-18 10:42:43 - [TEST_STEP][PASSED] - setText(findTestObject("Object Repository/Mobile/Page/Register/Not Registered/Informasi Pribadi/Edit Text - Email"), email, 0): Text 'qatestingJZZWMhsMEe@gmail.com' has been set to element 'Object Repository/Mobile/Page/Register/Not Registered/Informasi Pribadi/Edit Text - Email'

2021-10-18 10:42:43 - [MESSAGE][WARNING] - Timeout '0' is invalid. Using default page load timeout: '60'

2021-10-18 10:42:44 - [MESSAGE][PASSED] - Text 'qatestingJZZWMhsMEe@gmail.com' has been set to element 'Object Repository/Mobile/Page/Register/Not Registered/Informasi Pribadi/Edit Text - Email'

2021-10-18 10:42:44 - [TEST_STEP][PASSED] - hideKeyboard(): Keyboard is hidden

2021-10-18 10:42:48 - [MESSAGE][PASSED] - Keyboard is hidden

2021-10-18 10:42:48 - [TEST_STEP][PASSED] - delay(1): Delayed 1 second(s)

2021-10-18 10:42:49 - [MESSAGE][PASSED] - Delayed 1 second(s)

2021-10-18 10:42:49 - [TEST_STEP][PASSED] - if (negativeStatus == "isCheckEmailMatch"): null

2021-10-18 10:42:49 - [TEST_STEP][PASSED] - else: Delayed 1 second(s)

2021-10-18 10:42:49 - [TEST_STEP][PASSED] - tap(findTestObject("Object Repository/Mobile/Page/Register/Not Registered/Informasi Pribadi/Edit Text - Re Email"), 0, STOP_ON_FAILURE): Tapped on element 'Object Repository/Mobile/Page/Register/Not Registered/Informasi Pribadi/Edit Text - Re Email'

2021-10-18 10:42:49 - [MESSAGE][WARNING] - Timeout '0' is invalid. Using default page load timeout: '60'

2021-10-18 10:42:50 - [MESSAGE][PASSED] - Tapped on element 'Object Repository/Mobile/Page/Register/Not Registered/Informasi Pribadi/Edit Text - Re Email'

2021-10-18 10:42:50 - [TEST_STEP][PASSED] - setText(findTestObject("Object Repository/Mobile/Page/Register/Not Registered/Informasi Pribadi/Edit Text - Re Email"), email, 0): Text 'qatestingJZZWMhsMEe@gmail.com' has been set to element 'Object Repository/Mobile/Page/Register/Not Registered/Informasi Pribadi/Edit Text - Re Email'

2021-10-18 10:42:50 - [MESSAGE][WARNING] - Timeout '0' is invalid. Using default page load timeout: '60'

2021-10-18 10:42:51 - [MESSAGE][PASSED] - Text 'qatestingJZZWMhsMEe@gmail.com' has been set to element 'Object Repository/Mobile/Page/Register/Not Registered/Informasi Pribadi/Edit Text - Re Email'

2021-10-18 10:42:51 - [TEST_STEP][PASSED] - hideKeyboard(): Keyboard is hidden

2021-10-18 10:42:54 - [MESSAGE][PASSED] - Keyboard is hidden

2021-10-18 10:42:54 - [TEST_STEP][PASSED] - delay(1): Delayed 1 second(s)

2021-10-18 10:42:55 - [MESSAGE][PASSED] - Delayed 1 second(s)

2021-10-18 10:42:55 - [TEST_STEP][PASSED] - if (negativeStatus == "isPasswordNumberOnly"): null

2021-10-18 10:42:55 - [TEST_STEP][PASSED] - else: Delayed 1 second(s)

2021-10-18 10:42:55 - [TEST_STEP][PASSED] - tap(findTestObject("Object Repository/Mobile/Page/Register/Not Registered/Informasi Pribadi/Edit Text - Password"), 0, STOP_ON_FAILURE): Tapped on element 'Object Repository/Mobile/Page/Register/Not Registered/Informasi Pribadi/Edit Text - Password'

2021-10-18 10:42:55 - [MESSAGE][WARNING] - Timeout '0' is invalid. Using default page load timeout: '60'

2021-10-18 10:42:56 - [MESSAGE][PASSED] - Tapped on element 'Object Repository/Mobile/Page/Register/Not Registered/Informasi Pribadi/Edit Text - Password'

2021-10-18 10:42:56 - [TEST_STEP][PASSED] - setText(findTestObject("Object Repository/Mobile/Page/Register/Not Registered/Informasi Pribadi/Edit Text - Password"), password, 0): Text 'Mirae1234' has been set to element 'Object Repository/Mobile/Page/Register/Not Registered/Informasi Pribadi/Edit Text - Password'

2021-10-18 10:42:56 - [MESSAGE][WARNING] - Timeout '0' is invalid. Using default page load timeout: '60'

2021-10-18 10:42:57 - [MESSAGE][PASSED] - Text 'Mirae1234' has been set to element 'Object Repository/Mobile/Page/Register/Not Registered/Informasi Pribadi/Edit Text - Password'

2021-10-18 10:42:57 - [TEST_STEP][PASSED] - hideKeyboard(): Keyboard is hidden

2021-10-18 10:43:05 - [MESSAGE][PASSED] - Keyboard is hidden

2021-10-18 10:43:05 - [TEST_STEP][PASSED] - delay(1): Delayed 1 second(s)

2021-10-18 10:43:06 - [MESSAGE][PASSED] - Delayed 1 second(s)

2021-10-18 10:43:06 - [TEST_STEP][PASSED] - tap(findTestObject("Object Repository/Mobile/Page/Register/Not Registered/Informasi Pribadi/Edit Text - Re Password"), 0, STOP_ON_FAILURE): Tapped on element 'Object Repository/Mobile/Page/Register/Not Registered/Informasi Pribadi/Edit Text - Re Password'

2021-10-18 10:43:06 - [MESSAGE][WARNING] - Timeout '0' is invalid. Using default page load timeout: '60'

2021-10-18 10:43:06 - [MESSAGE][PASSED] - Tapped on element 'Object Repository/Mobile/Page/Register/Not Registered/Informasi Pribadi/Edit Text - Re Password'

2021-10-18 10:43:06 - [TEST_STEP][PASSED] - setText(findTestObject("Object Repository/Mobile/Page/Register/Not Registered/Informasi Pribadi/Edit Text - Re Password"), password, 0): Text 'Mirae1234' has been set to element 'Object Repository/Mobile/Page/Register/Not Registered/Informasi Pribadi/Edit Text - Re Password'

2021-10-18 10:43:07 - [MESSAGE][WARNING] - Timeout '0' is invalid. Using default page load timeout: '60'

2021-10-18 10:43:08 - [MESSAGE][PASSED] - Text 'Mirae1234' has been set to element 'Object Repository/Mobile/Page/Register/Not Registered/Informasi Pribadi/Edit Text - Re Password'

2021-10-18 10:43:08 - [TEST_STEP][PASSED] - hideKeyboard(): Keyboard is hidden

2021-10-18 10:43:15 - [MESSAGE][PASSED] - Keyboard is hidden

2021-10-18 10:43:15 - [TEST_STEP][PASSED] - delay(1): Delayed 1 second(s)

2021-10-18 10:43:16 - [MESSAGE][PASSED] - Delayed 1 second(s)

2021-10-18 10:43:16 - [TEST_STEP][PASSED] - if (isBedaAlamat == 1): Delayed 1 second(s)

2021-10-18 10:43:16 - [TEST_STEP][PASSED] - tap(findTestObject("Object Repository/Mobile/Page/Register/Not Registered/Informasi Pribadi/Radio Button - Address different"), 0, STOP_ON_FAILURE): Tapped on element 'Object Repository/Mobile/Page/Register/Not Registered/Informasi Pribadi/Radio Button - Address different'

2021-10-18 10:43:16 - [MESSAGE][WARNING] - Timeout '0' is invalid. Using default page load timeout: '60'

2021-10-18 10:43:17 - [MESSAGE][PASSED] - Tapped on element 'Object Repository/Mobile/Page/Register/Not Registered/Informasi Pribadi/Radio Button - Address different'

2021-10-18 10:43:17 - [TEST_STEP][PASSED] - delay(1): Delayed 1 second(s)

2021-10-18 10:43:18 - [MESSAGE][PASSED] - Delayed 1 second(s)

2021-10-18 10:43:18 - [TEST_STEP][PASSED] - tap(findTestObject("Object Repository/Mobile/Page/Register/Not Registered/Informasi Pribadi/Address Different/Edit Text - Mailing Address"), 0, STOP_ON_FAILURE): Tapped on element 'Object Repository/Mobile/Page/Register/Not Registered/Informasi Pribadi/Address Different/Edit Text - Mailing Address'

2021-10-18 10:43:18 - [MESSAGE][WARNING] - Timeout '0' is invalid. Using default page load timeout: '60'

2021-10-18 10:43:18 - [MESSAGE][PASSED] - Tapped on element 'Object Repository/Mobile/Page/Register/Not Registered/Informasi Pribadi/Address Different/Edit Text - Mailing Address'

2021-10-18 10:43:18 - [TEST_STEP][PASSED] - setText(findTestObject("Object Repository/Mobile/Page/Register/Not Registered/Informasi Pribadi/Address Different/Edit Text - Mailing Address"), alamat, 0): Text 'Jl. Cempaka Putih Barat 12 F No.12, RT.8/RW.8' has been set to element 'Object Repository/Mobile/Page/Register/Not Registered/Informasi Pribadi/Address Different/Edit Text - Mailing Address'

2021-10-18 10:43:18 - [MESSAGE][WARNING] - Timeout '0' is invalid. Using default page load timeout: '60'

2021-10-18 10:43:20 - [MESSAGE][PASSED] - Text 'Jl. Cempaka Putih Barat 12 F No.12, RT.8/RW.8' has been set to element 'Object Repository/Mobile/Page/Register/Not Registered/Informasi Pribadi/Address Different/Edit Text - Mailing Address'

2021-10-18 10:43:20 - [TEST_STEP][PASSED] - hideKeyboard(): Keyboard is hidden

2021-10-18 10:43:23 - [MESSAGE][PASSED] - Keyboard is hidden

2021-10-18 10:43:23 - [TEST_STEP][PASSED] - delay(1): Delayed 1 second(s)

2021-10-18 10:43:24 - [MESSAGE][PASSED] - Delayed 1 second(s)

2021-10-18 10:43:24 - [TEST_STEP][PASSED] - tapAndHold(findTestObject("Object Repository/Mobile/Page/Register/Not Registered/Informasi Pribadi/Address Different/Dropdown - Province"), 1, 0, STOP_ON_FAILURE): Tapped and held on element 'Object Repository/Mobile/Page/Register/Not Registered/Informasi Pribadi/Address Different/Dropdown - Province' with duration 1

2021-10-18 10:43:24 - [MESSAGE][WARNING] - Timeout '0' is invalid. Using default page load timeout: '60'

2021-10-18 10:43:27 - [MESSAGE][PASSED] - Tapped and held on element 'Object Repository/Mobile/Page/Register/Not Registered/Informasi Pribadi/Address Different/Dropdown - Province' with duration 1

2021-10-18 10:43:27 - [TEST_STEP][PASSED] - tap(findTestObject("Object Repository/Mobile/Page/Register/Not Registered/Informasi Pribadi/Address Different/Dropdown - Province Option DKI Jakarta"), 0, STOP_ON_FAILURE): Tapped on element 'Object Repository/Mobile/Page/Register/Not Registered/Informasi Pribadi/Address Different/Dropdown - Province Option DKI Jakarta'

2021-10-18 10:43:27 - [MESSAGE][WARNING] - Timeout '0' is invalid. Using default page load timeout: '60'

2021-10-18 10:43:29 - [MESSAGE][PASSED] - Tapped on element 'Object Repository/Mobile/Page/Register/Not Registered/Informasi Pribadi/Address Different/Dropdown - Province Option DKI Jakarta'

2021-10-18 10:43:29 - [TEST_STEP][PASSED] - delay(2): Delayed 2 second(s)

2021-10-18 10:43:31 - [MESSAGE][PASSED] - Delayed 2 second(s)

2021-10-18 10:43:31 - [TEST_STEP][PASSED] - hideKeyboard(): Keyboard is hidden

2021-10-18 10:43:34 - [MESSAGE][PASSED] - Keyboard is hidden

2021-10-18 10:43:34 - [TEST_STEP][PASSED] - delay(1): Delayed 1 second(s)

2021-10-18 10:43:35 - [MESSAGE][PASSED] - Delayed 1 second(s)

2021-10-18 10:43:35 - [TEST_STEP][PASSED] - tapAndHold(findTestObject("Object Repository/Mobile/Page/Register/Not Registered/Informasi Pribadi/Address Different/Dropdown - City"), 1, 0, STOP_ON_FAILURE): Tapped and held on element 'Object Repository/Mobile/Page/Register/Not Registered/Informasi Pribadi/Address Different/Dropdown - City' with duration 1

2021-10-18 10:43:35 - [MESSAGE][WARNING] - Timeout '0' is invalid. Using default page load timeout: '60'

2021-10-18 10:43:38 - [MESSAGE][PASSED] - Tapped and held on element 'Object Repository/Mobile/Page/Register/Not Registered/Informasi Pribadi/Address Different/Dropdown - City' with duration 1

2021-10-18 10:43:38 - [TEST_STEP][PASSED] - tap(findTestObject("Object Repository/Mobile/Page/Register/Not Registered/Informasi Pribadi/Address Different/Dropdown - City Option Jakarta Pusat"), 0, STOP_ON_FAILURE): Tapped on element 'Object Repository/Mobile/Page/Register/Not Registered/Informasi Pribadi/Address Different/Dropdown - City Option Jakarta Pusat'

2021-10-18 10:43:38 - [MESSAGE][WARNING] - Timeout '0' is invalid. Using default page load timeout: '60'

2021-10-18 10:43:40 - [MESSAGE][PASSED] - Tapped on element 'Object Repository/Mobile/Page/Register/Not Registered/Informasi Pribadi/Address Different/Dropdown - City Option Jakarta Pusat'

2021-10-18 10:43:40 - [TEST_STEP][PASSED] - delay(2): Delayed 2 second(s)

2021-10-18 10:43:42 - [MESSAGE][PASSED] - Delayed 2 second(s)

2021-10-18 10:43:42 - [TEST_STEP][PASSED] - hideKeyboard(): Keyboard is hidden

2021-10-18 10:43:45 - [MESSAGE][PASSED] - Keyboard is hidden

2021-10-18 10:43:45 - [TEST_STEP][PASSED] - delay(1): Delayed 1 second(s)

2021-10-18 10:43:46 - [MESSAGE][PASSED] - Delayed 1 second(s)

2021-10-18 10:43:46 - [TEST_STEP][PASSED] - if (negativeStatus == "isPostalCodeIncorrect"): Delayed 1 second(s)

2021-10-18 10:43:46 - [TEST_STEP][PASSED] - kodepos = "11111": null

2021-10-18 10:43:46 - [TEST_STEP][PASSED] - tap(findTestObject("Object Repository/Mobile/Page/Register/Not Registered/Informasi Pribadi/Address Different/Edit Text - Postal Code"), 0, STOP_ON_FAILURE): Tapped on element 'Object Repository/Mobile/Page/Register/Not Registered/Informasi Pribadi/Address Different/Edit Text - Postal Code'

2021-10-18 10:43:47 - [MESSAGE][WARNING] - Timeout '0' is invalid. Using default page load timeout: '60'

2021-10-18 10:43:47 - [MESSAGE][PASSED] - Tapped on element 'Object Repository/Mobile/Page/Register/Not Registered/Informasi Pribadi/Address Different/Edit Text - Postal Code'

2021-10-18 10:43:47 - [TEST_STEP][PASSED] - setText(findTestObject("Object Repository/Mobile/Page/Register/Not Registered/Informasi Pribadi/Address Different/Edit Text - Postal Code"), kodepos, 0): Text '11111' has been set to element 'Object Repository/Mobile/Page/Register/Not Registered/Informasi Pribadi/Address Different/Edit Text - Postal Code'

2021-10-18 10:43:47 - [MESSAGE][WARNING] - Timeout '0' is invalid. Using default page load timeout: '60'

2021-10-18 10:43:49 - [MESSAGE][PASSED] - Text '11111' has been set to element 'Object Repository/Mobile/Page/Register/Not Registered/Informasi Pribadi/Address Different/Edit Text - Postal Code'

2021-10-18 10:43:49 - [TEST_STEP][PASSED] - hideKeyboard(): Keyboard is hidden

2021-10-18 10:43:55 - [MESSAGE][PASSED] - Keyboard is hidden

2021-10-18 10:43:55 - [TEST_STEP][PASSED] - delay(1): Delayed 1 second(s)

2021-10-18 10:43:56 - [MESSAGE][PASSED] - Delayed 1 second(s)

2021-10-18 10:43:56 - [TEST_STEP][PASSED] - tap(findTestObject("Object Repository/Mobile/Page/Register/Not Registered/Informasi Pribadi/Button - Icon KTP"), 0, STOP_ON_FAILURE): Tapped on element 'Object Repository/Mobile/Page/Register/Not Registered/Informasi Pribadi/Button - Icon KTP'

2021-10-18 10:43:56 - [MESSAGE][WARNING] - Timeout '0' is invalid. Using default page load timeout: '60'

2021-10-18 10:43:56 - [MESSAGE][PASSED] - Tapped on element 'Object Repository/Mobile/Page/Register/Not Registered/Informasi Pribadi/Button - Icon KTP'

2021-10-18 10:43:56 - [TEST_STEP][PASSED] - permission = verifyElementExist(findTestObject("Object Repository/Mobile/Page/Register/Not Registered/Informasi Pribadi/Permission - Only this time"), 1, OPTIONAL): Element 'Object Repository/Mobile/Page/Register/Not Registered/Informasi Pribadi/Permission - Only this time' is exist

2021-10-18 10:43:58 - [MESSAGE][PASSED] - Element 'Object Repository/Mobile/Page/Register/Not Registered/Informasi Pribadi/Permission - Only this time' is exist

2021-10-18 10:43:58 - [TEST_STEP][PASSED] - if (permission): Tapped on element 'Object Repository/Mobile/Page/Register/Not Registered/Informasi Pribadi/Permission - Only this time'

2021-10-18 10:43:58 - [TEST_STEP][PASSED] - tap(findTestObject("Object Repository/Mobile/Page/Register/Not Registered/Informasi Pribadi/Permission - Only this time"), 0, STOP_ON_FAILURE): Tapped on element 'Object Repository/Mobile/Page/Register/Not Registered/Informasi Pribadi/Permission - Only this time'

2021-10-18 10:43:58 - [MESSAGE][WARNING] - Timeout '0' is invalid. Using default page load timeout: '60'

2021-10-18 10:43:58 - [MESSAGE][PASSED] - Tapped on element 'Object Repository/Mobile/Page/Register/Not Registered/Informasi Pribadi/Permission - Only this time'

2021-10-18 10:43:58 - [TEST_STEP][PASSED] - permission = verifyElementExist(findTestObject("Object Repository/Mobile/Page/Register/Not Registered/Informasi Pribadi/Permission - Only this time"), 1, OPTIONAL): Element 'Object Repository/Mobile/Page/Register/Not Registered/Informasi Pribadi/Permission - Only this time' is exist

2021-10-18 10:43:59 - [MESSAGE][PASSED] - Element 'Object Repository/Mobile/Page/Register/Not Registered/Informasi Pribadi/Permission - Only this time' is exist

2021-10-18 10:43:59 - [TEST_STEP][PASSED] - if (permission): Tapped on element 'Object Repository/Mobile/Page/Register/Not Registered/Informasi Pribadi/Permission - Only this time'

2021-10-18 10:43:59 - [TEST_STEP][PASSED] - tap(findTestObject("Object Repository/Mobile/Page/Register/Not Registered/Informasi Pribadi/Permission - Only this time"), 0, STOP_ON_FAILURE): Tapped on element 'Object Repository/Mobile/Page/Register/Not Registered/Informasi Pribadi/Permission - Only this time'

2021-10-18 10:43:59 - [MESSAGE][WARNING] - Timeout '0' is invalid. Using default page load timeout: '60'

2021-10-18 10:43:59 - [MESSAGE][PASSED] - Tapped on element 'Object Repository/Mobile/Page/Register/Not Registered/Informasi Pribadi/Permission - Only this time'

2021-10-18 10:43:59 - [TEST_STEP][PASSED] - tap(findTestObject("Object Repository/Mobile/Page/Register/Not Registered/Informasi Pribadi/Button - Capture KTP"), 0, STOP_ON_FAILURE): Tapped on element 'Object Repository/Mobile/Page/Register/Not Registered/Informasi Pribadi/Button - Capture KTP'

2021-10-18 10:43:59 - [MESSAGE][WARNING] - Timeout '0' is invalid. Using default page load timeout: '60'

2021-10-18 10:44:01 - [MESSAGE][PASSED] - Tapped on element 'Object Repository/Mobile/Page/Register/Not Registered/Informasi Pribadi/Button - Capture KTP'

2021-10-18 10:44:01 - [TEST_STEP][PASSED] - delay(2): Delayed 2 second(s)

2021-10-18 10:44:03 - [MESSAGE][PASSED] - Delayed 2 second(s)

2021-10-18 10:44:03 - [TEST_STEP][PASSED] - scroll.scroll.scrollLeftToRight(findTestObject("Object Repository/Mobile/Page/Register/Not Registered/Informasi Pribadi/Slider - Edit Photo Scale")): scroll.scroll.scrollLeftToRight is PASSED

2021-10-18 10:44:03 - [MESSAGE][WARNING] - Timeout '0' is invalid. Using default page load timeout: '60'

2021-10-18 10:44:05 - [MESSAGE][PASSED] - Object 'Object Repository/Mobile/Page/Register/Not Registered/Informasi Pribadi/Slider - Edit Photo Scale' has left position '0'

2021-10-18 10:44:05 - [MESSAGE][WARNING] - Timeout '0' is invalid. Using default page load timeout: '60'

2021-10-18 10:44:05 - [MESSAGE][PASSED] - Object 'Object Repository/Mobile/Page/Register/Not Registered/Informasi Pribadi/Slider - Edit Photo Scale' has top position '1,284'

2021-10-18 10:44:05 - [MESSAGE][WARNING] - Timeout '0' is invalid. Using default page load timeout: '60'

2021-10-18 10:44:05 - [MESSAGE][PASSED] - Object 'Object Repository/Mobile/Page/Register/Not Registered/Informasi Pribadi/Slider - Edit Photo Scale' has width: '720'

2021-10-18 10:44:05 - [MESSAGE][WARNING] - Timeout '0' is invalid. Using default page load timeout: '60'

2021-10-18 10:44:06 - [MESSAGE][PASSED] - Object 'Object Repository/Mobile/Page/Register/Not Registered/Informasi Pribadi/Slider - Edit Photo Scale' has height: '66'

2021-10-18 10:44:07 - [MESSAGE][PASSED] - Swiped from 144,1,317 to 576,1,317

2021-10-18 10:44:07 - [MESSAGE][PASSED] - scroll.scroll.scrollLeftToRight is PASSED

2021-10-18 10:44:07 - [TEST_STEP][PASSED] - tap(findTestObject("Object Repository/Mobile/Page/Register/Not Registered/Informasi Pribadi/Button - Edit Photo Rotate"), 0, STOP_ON_FAILURE): Tapped on element 'Object Repository/Mobile/Page/Register/Not Registered/Informasi Pribadi/Button - Edit Photo Rotate'

2021-10-18 10:44:07 - [MESSAGE][WARNING] - Timeout '0' is invalid. Using default page load timeout: '60'

2021-10-18 10:44:07 - [MESSAGE][PASSED] - Tapped on element 'Object Repository/Mobile/Page/Register/Not Registered/Informasi Pribadi/Button - Edit Photo Rotate'

2021-10-18 10:44:07 - [TEST_STEP][PASSED] - tap(findTestObject("Object Repository/Mobile/Page/Register/Not Registered/Informasi Pribadi/Button - Edit Photo Rotate 90 degree"), 0, STOP_ON_FAILURE): Tapped on element 'Object Repository/Mobile/Page/Register/Not Registered/Informasi Pribadi/Button - Edit Photo Rotate 90 degree'

2021-10-18 10:44:07 - [MESSAGE][WARNING] - Timeout '0' is invalid. Using default page load timeout: '60'

2021-10-18 10:44:10 - [MESSAGE][PASSED] - Tapped on element 'Object Repository/Mobile/Page/Register/Not Registered/Informasi Pribadi/Button - Edit Photo Rotate 90 degree'

2021-10-18 10:44:10 - [TEST_STEP][PASSED] - tap(findTestObject("Object Repository/Mobile/Page/Register/Not Registered/Informasi Pribadi/Button - Edit Photo Reset Rotation"), 0, STOP_ON_FAILURE): Tapped on element 'Object Repository/Mobile/Page/Register/Not Registered/Informasi Pribadi/Button - Edit Photo Reset Rotation'

2021-10-18 10:44:10 - [MESSAGE][WARNING] - Timeout '0' is invalid. Using default page load timeout: '60'

2021-10-18 10:44:11 - [MESSAGE][PASSED] - Tapped on element 'Object Repository/Mobile/Page/Register/Not Registered/Informasi Pribadi/Button - Edit Photo Reset Rotation'

2021-10-18 10:44:11 - [TEST_STEP][PASSED] - scroll.scroll.scrollLeftToRight(findTestObject("Object Repository/Mobile/Page/Register/Not Registered/Informasi Pribadi/Slider - Edit Photo Rotate")): scroll.scroll.scrollLeftToRight is PASSED

2021-10-18 10:44:11 - [MESSAGE][WARNING] - Timeout '0' is invalid. Using default page load timeout: '60'

2021-10-18 10:44:11 - [MESSAGE][PASSED] - Object 'Object Repository/Mobile/Page/Register/Not Registered/Informasi Pribadi/Slider - Edit Photo Rotate' has left position '88'

2021-10-18 10:44:11 - [MESSAGE][WARNING] - Timeout '0' is invalid. Using default page load timeout: '60'

2021-10-18 10:44:11 - [MESSAGE][PASSED] - Object 'Object Repository/Mobile/Page/Register/Not Registered/Informasi Pribadi/Slider - Edit Photo Rotate' has top position '1,284'

2021-10-18 10:44:11 - [MESSAGE][WARNING] - Timeout '0' is invalid. Using default page load timeout: '60'

2021-10-18 10:44:11 - [MESSAGE][PASSED] - Object 'Object Repository/Mobile/Page/Register/Not Registered/Informasi Pribadi/Slider - Edit Photo Rotate' has width: '544'

2021-10-18 10:44:11 - [MESSAGE][WARNING] - Timeout '0' is invalid. Using default page load timeout: '60'

2021-10-18 10:44:11 - [MESSAGE][PASSED] - Object 'Object Repository/Mobile/Page/Register/Not Registered/Informasi Pribadi/Slider - Edit Photo Rotate' has height: '66'

2021-10-18 10:44:13 - [MESSAGE][PASSED] - Swiped from 196,1,317 to 523,1,317

2021-10-18 10:44:13 - [MESSAGE][PASSED] - scroll.scroll.scrollLeftToRight is PASSED

2021-10-18 10:44:13 - [TEST_STEP][PASSED] - tap(findTestObject("Object Repository/Mobile/Page/Register/Not Registered/Informasi Pribadi/Button - Edit Photo Confirm"), 0, STOP_ON_FAILURE): Tapped on element 'Object Repository/Mobile/Page/Register/Not Registered/Informasi Pribadi/Button - Edit Photo Confirm'

2021-10-18 10:44:13 - [MESSAGE][WARNING] - Timeout '0' is invalid. Using default page load timeout: '60'

2021-10-18 10:44:13 - [MESSAGE][PASSED] - Tapped on element 'Object Repository/Mobile/Page/Register/Not Registered/Informasi Pribadi/Button - Edit Photo Confirm'

2021-10-18 10:44:13 - [TEST_STEP][PASSED] - delay(2): Delayed 2 second(s)

2021-10-18 10:44:15 - [MESSAGE][PASSED] - Delayed 2 second(s)

2021-10-18 10:44:15 - [TEST_STEP][PASSED] - hideKeyboard(): Keyboard is hidden

2021-10-18 10:44:22 - [MESSAGE][PASSED] - Keyboard is hidden

2021-10-18 10:44:22 - [TEST_STEP][PASSED] - delay(1): Delayed 1 second(s)

2021-10-18 10:44:23 - [MESSAGE][PASSED] - Delayed 1 second(s)

2021-10-18 10:44:23 - [TEST_STEP][PASSED] - scroll.scroll.scrollToBottomOpenKeyboard(): scroll.scroll.scrollToBottomOpenKeyboard is PASSED

2021-10-18 10:44:24 - [MESSAGE][PASSED] - Current device physical height is 1423

2021-10-18 10:44:24 - [MESSAGE][PASSED] - Current device physical width is 720

2021-10-18 10:44:25 - [MESSAGE][PASSED] - Swiped from 360,853 to 360,284

2021-10-18 10:44:25 - [MESSAGE][PASSED] - scroll.scroll.scrollToBottomOpenKeyboard is PASSED

2021-10-18 10:44:25 - [TEST_STEP][PASSED] - tap(findTestObject("Object Repository/Mobile/Page/Register/Not Registered/Informasi Pribadi/Button - Icon Face with KTP"), 0, STOP_ON_FAILURE): Tapped on element 'Object Repository/Mobile/Page/Register/Not Registered/Informasi Pribadi/Button - Icon Face with KTP'

2021-10-18 10:44:25 - [MESSAGE][WARNING] - Timeout '0' is invalid. Using default page load timeout: '60'

2021-10-18 10:44:27 - [MESSAGE][PASSED] - Tapped on element 'Object Repository/Mobile/Page/Register/Not Registered/Informasi Pribadi/Button - Icon Face with KTP'

2021-10-18 10:44:27 - [TEST_STEP][PASSED] - permission = verifyElementExist(findTestObject("Object Repository/Mobile/Page/Register/Not Registered/Informasi Pribadi/Permission - Only this time"), 1, OPTIONAL): Element 'Object Repository/Mobile/Page/Register/Not Registered/Informasi Pribadi/Permission - Only this time' not found

2021-10-18 10:44:29 - [MESSAGE][WARNING] - Element 'Object Repository/Mobile/Page/Register/Not Registered/Informasi Pribadi/Permission - Only this time' not found
[[ATTACHMENT|C:\\Users\\Owner\\Documents\\kerjaan\\KatalonProject\\qa-katalon-maxfund\\Reports\\20211018_100502\\Register\\20211018_100502\\1634528668219.png]]

2021-10-18 10:44:29 - [TEST_STEP][PASSED] - if (permission): null

2021-10-18 10:44:29 - [TEST_STEP][PASSED] - permission = verifyElementExist(findTestObject("Object Repository/Mobile/Page/Register/Not Registered/Informasi Pribadi/Permission - Only this time"), 1, OPTIONAL): Element 'Object Repository/Mobile/Page/Register/Not Registered/Informasi Pribadi/Permission - Only this time' not found

2021-10-18 10:44:32 - [MESSAGE][WARNING] - Element 'Object Repository/Mobile/Page/Register/Not Registered/Informasi Pribadi/Permission - Only this time' not found
[[ATTACHMENT|C:\\Users\\Owner\\Documents\\kerjaan\\KatalonProject\\qa-katalon-maxfund\\Reports\\20211018_100502\\Register\\20211018_100502\\1634528670903.png]]

2021-10-18 10:44:32 - [TEST_STEP][PASSED] - if (permission): null

2021-10-18 10:44:32 - [TEST_STEP][PASSED] - tap(findTestObject("Object Repository/Mobile/Page/Register/Not Registered/Informasi Pribadi/Button - Capture Face with KTP"), 0, STOP_ON_FAILURE): Tapped on element 'Object Repository/Mobile/Page/Register/Not Registered/Informasi Pribadi/Button - Capture Face with KTP'

2021-10-18 10:44:32 - [MESSAGE][WARNING] - Timeout '0' is invalid. Using default page load timeout: '60'

2021-10-18 10:44:34 - [MESSAGE][PASSED] - Tapped on element 'Object Repository/Mobile/Page/Register/Not Registered/Informasi Pribadi/Button - Capture Face with KTP'

2021-10-18 10:44:34 - [TEST_STEP][PASSED] - delay(2): Delayed 2 second(s)

2021-10-18 10:44:36 - [MESSAGE][PASSED] - Delayed 2 second(s)

2021-10-18 10:44:36 - [TEST_STEP][PASSED] - hideKeyboard(): Keyboard is hidden

2021-10-18 10:44:43 - [MESSAGE][PASSED] - Keyboard is hidden

2021-10-18 10:44:43 - [TEST_STEP][PASSED] - delay(1): Delayed 1 second(s)

2021-10-18 10:44:44 - [MESSAGE][PASSED] - Delayed 1 second(s)

2021-10-18 10:44:44 - [TEST_STEP][PASSED] - scroll.scroll.scrollToBottomOpenKeyboard(): scroll.scroll.scrollToBottomOpenKeyboard is PASSED

2021-10-18 10:44:44 - [MESSAGE][PASSED] - Current device physical height is 1423

2021-10-18 10:44:44 - [MESSAGE][PASSED] - Current device physical width is 720

2021-10-18 10:44:45 - [MESSAGE][PASSED] - Swiped from 360,853 to 360,284

2021-10-18 10:44:45 - [MESSAGE][PASSED] - scroll.scroll.scrollToBottomOpenKeyboard is PASSED

2021-10-18 10:44:45 - [TEST_STEP][PASSED] - tap(findTestObject("Object Repository/Mobile/Page/Register/Not Registered/Informasi Pribadi/Radio Button - Low Risk"), 0, STOP_ON_FAILURE): Tapped on element 'Object Repository/Mobile/Page/Register/Not Registered/Informasi Pribadi/Radio Button - Low Risk'

2021-10-18 10:44:45 - [MESSAGE][WARNING] - Timeout '0' is invalid. Using default page load timeout: '60'

2021-10-18 10:44:46 - [MESSAGE][PASSED] - Tapped on element 'Object Repository/Mobile/Page/Register/Not Registered/Informasi Pribadi/Radio Button - Low Risk'

2021-10-18 10:44:46 - [TEST_STEP][PASSED] - delay(1): Delayed 1 second(s)

2021-10-18 10:44:47 - [MESSAGE][PASSED] - Delayed 1 second(s)

2021-10-18 10:44:47 - [TEST_STEP][PASSED] - tap(findTestObject("Object Repository/Mobile/Page/Register/Not Registered/Informasi Pribadi/Radio Button - Medium Risk"), 0, STOP_ON_FAILURE): Tapped on element 'Object Repository/Mobile/Page/Register/Not Registered/Informasi Pribadi/Radio Button - Medium Risk'

2021-10-18 10:44:47 - [MESSAGE][WARNING] - Timeout '0' is invalid. Using default page load timeout: '60'

2021-10-18 10:44:48 - [MESSAGE][PASSED] - Tapped on element 'Object Repository/Mobile/Page/Register/Not Registered/Informasi Pribadi/Radio Button - Medium Risk'

2021-10-18 10:44:48 - [TEST_STEP][PASSED] - delay(1): Delayed 1 second(s)

2021-10-18 10:44:49 - [MESSAGE][PASSED] - Delayed 1 second(s)

2021-10-18 10:44:49 - [TEST_STEP][PASSED] - tap(findTestObject("Object Repository/Mobile/Page/Register/Not Registered/Informasi Pribadi/Radio Button - High Risk"), 0, STOP_ON_FAILURE): Tapped on element 'Object Repository/Mobile/Page/Register/Not Registered/Informasi Pribadi/Radio Button - High Risk'

2021-10-18 10:44:49 - [MESSAGE][WARNING] - Timeout '0' is invalid. Using default page load timeout: '60'

2021-10-18 10:44:50 - [MESSAGE][PASSED] - Tapped on element 'Object Repository/Mobile/Page/Register/Not Registered/Informasi Pribadi/Radio Button - High Risk'

2021-10-18 10:44:50 - [TEST_STEP][PASSED] - delay(1): Delayed 1 second(s)

2021-10-18 10:44:51 - [MESSAGE][PASSED] - Delayed 1 second(s)

2021-10-18 10:44:51 - [TEST_STEP][PASSED] - tap(findTestObject("Object Repository/Mobile/Page/Register/Not Registered/Informasi Pribadi/Button - Next"), 0, STOP_ON_FAILURE): Tapped on element 'Object Repository/Mobile/Page/Register/Not Registered/Informasi Pribadi/Button - Next'

2021-10-18 10:44:51 - [MESSAGE][WARNING] - Timeout '0' is invalid. Using default page load timeout: '60'

2021-10-18 10:44:52 - [MESSAGE][PASSED] - Tapped on element 'Object Repository/Mobile/Page/Register/Not Registered/Informasi Pribadi/Button - Next'

2021-10-18 10:44:52 - [TEST_STEP][PASSED] - delay(1): Delayed 1 second(s)

2021-10-18 10:44:53 - [MESSAGE][PASSED] - Delayed 1 second(s)

2021-10-18 10:44:53 - [TEST_STEP][PASSED] - tapAndHold(findTestObject("Mobile/Page/Register/Not Registered/Akun Bank/Dropdown - Bank"), 1, 0, STOP_ON_FAILURE): Tapped and held on element 'Object Repository/Mobile/Page/Register/Not Registered/Akun Bank/Dropdown - Bank' with duration 1

2021-10-18 10:44:53 - [MESSAGE][WARNING] - Timeout '0' is invalid. Using default page load timeout: '60'

2021-10-18 10:44:56 - [MESSAGE][PASSED] - Tapped and held on element 'Object Repository/Mobile/Page/Register/Not Registered/Akun Bank/Dropdown - Bank' with duration 1

2021-10-18 10:44:56 - [TEST_STEP][PASSED] - tap(findTestObject("Mobile/Page/Register/Not Registered/Akun Bank/Edit Text - Search Bank"), 0, STOP_ON_FAILURE): Tapped on element 'Object Repository/Mobile/Page/Register/Not Registered/Akun Bank/Edit Text - Search Bank'

2021-10-18 10:44:56 - [MESSAGE][WARNING] - Timeout '0' is invalid. Using default page load timeout: '60'

2021-10-18 10:44:57 - [MESSAGE][PASSED] - Tapped on element 'Object Repository/Mobile/Page/Register/Not Registered/Akun Bank/Edit Text - Search Bank'

2021-10-18 10:44:57 - [TEST_STEP][PASSED] - setText(findTestObject("Mobile/Page/Register/Not Registered/Akun Bank/Edit Text - Search Bank"), "citibank", 0, STOP_ON_FAILURE): Text 'citibank' has been set to element 'Object Repository/Mobile/Page/Register/Not Registered/Akun Bank/Edit Text - Search Bank'

2021-10-18 10:44:57 - [MESSAGE][WARNING] - Timeout '0' is invalid. Using default page load timeout: '60'

2021-10-18 10:44:58 - [MESSAGE][PASSED] - Text 'citibank' has been set to element 'Object Repository/Mobile/Page/Register/Not Registered/Akun Bank/Edit Text - Search Bank'

2021-10-18 10:44:58 - [TEST_STEP][PASSED] - driver = getDriver(): null

2021-10-18 10:44:58 - [TEST_STEP][PASSED] - driver.pressKeyCode(ENTER): null

2021-10-18 10:44:58 - [TEST_STEP][PASSED] - tap(findTestObject("Object Repository/Mobile/Page/Register/Not Registered/Akun Bank/Item - Top Search Bank"), 0, STOP_ON_FAILURE): Tapped on element 'Object Repository/Mobile/Page/Register/Not Registered/Akun Bank/Item - Top Search Bank'

2021-10-18 10:44:58 - [MESSAGE][WARNING] - Timeout '0' is invalid. Using default page load timeout: '60'

2021-10-18 10:45:01 - [MESSAGE][PASSED] - Tapped on element 'Object Repository/Mobile/Page/Register/Not Registered/Akun Bank/Item - Top Search Bank'

2021-10-18 10:45:01 - [TEST_STEP][PASSED] - delay(1): Delayed 1 second(s)

2021-10-18 10:45:02 - [MESSAGE][PASSED] - Delayed 1 second(s)

2021-10-18 10:45:02 - [TEST_STEP][PASSED] - tapAndHold(findTestObject("Mobile/Page/Register/Not Registered/Akun Bank/Dropdown - Country"), 1, 0, STOP_ON_FAILURE): Tapped and held on element 'Object Repository/Mobile/Page/Register/Not Registered/Akun Bank/Dropdown - Country' with duration 1

2021-10-18 10:45:02 - [MESSAGE][WARNING] - Timeout '0' is invalid. Using default page load timeout: '60'

2021-10-18 10:45:04 - [MESSAGE][PASSED] - Tapped and held on element 'Object Repository/Mobile/Page/Register/Not Registered/Akun Bank/Dropdown - Country' with duration 1

2021-10-18 10:45:04 - [TEST_STEP][PASSED] - tap(findTestObject("Object Repository/Mobile/Page/Register/Not Registered/Akun Bank/Dropdown - Country Option Indonesia"), 0, STOP_ON_FAILURE): Tapped on element 'Object Repository/Mobile/Page/Register/Not Registered/Akun Bank/Dropdown - Country Option Indonesia'

2021-10-18 10:45:04 - [MESSAGE][WARNING] - Timeout '0' is invalid. Using default page load timeout: '60'

2021-10-18 10:45:06 - [MESSAGE][PASSED] - Tapped on element 'Object Repository/Mobile/Page/Register/Not Registered/Akun Bank/Dropdown - Country Option Indonesia'

2021-10-18 10:45:06 - [TEST_STEP][PASSED] - delay(1): Delayed 1 second(s)

2021-10-18 10:45:07 - [MESSAGE][PASSED] - Delayed 1 second(s)

2021-10-18 10:45:07 - [TEST_STEP][PASSED] - if (negativeStatus == "isBranchNumber"): null

2021-10-18 10:45:07 - [TEST_STEP][PASSED] - else: Delayed 1 second(s)

2021-10-18 10:45:07 - [TEST_STEP][PASSED] - tap(findTestObject("Object Repository/Mobile/Page/Register/Not Registered/Akun Bank/Edit Text - Branch"), 0, STOP_ON_FAILURE): Tapped on element 'Object Repository/Mobile/Page/Register/Not Registered/Akun Bank/Edit Text - Branch'

2021-10-18 10:45:07 - [MESSAGE][WARNING] - Timeout '0' is invalid. Using default page load timeout: '60'

2021-10-18 10:45:07 - [MESSAGE][PASSED] - Tapped on element 'Object Repository/Mobile/Page/Register/Not Registered/Akun Bank/Edit Text - Branch'

2021-10-18 10:45:07 - [TEST_STEP][PASSED] - setText(findTestObject("Object Repository/Mobile/Page/Register/Not Registered/Akun Bank/Edit Text - Branch"), branch, 0, STOP_ON_FAILURE): Text 'qa cabang' has been set to element 'Object Repository/Mobile/Page/Register/Not Registered/Akun Bank/Edit Text - Branch'

2021-10-18 10:45:07 - [MESSAGE][WARNING] - Timeout '0' is invalid. Using default page load timeout: '60'

2021-10-18 10:45:09 - [MESSAGE][PASSED] - Text 'qa cabang' has been set to element 'Object Repository/Mobile/Page/Register/Not Registered/Akun Bank/Edit Text - Branch'

2021-10-18 10:45:09 - [TEST_STEP][PASSED] - hideKeyboard(): Keyboard is hidden

2021-10-18 10:45:12 - [MESSAGE][PASSED] - Keyboard is hidden

2021-10-18 10:45:12 - [TEST_STEP][PASSED] - delay(1): Delayed 1 second(s)

2021-10-18 10:45:13 - [MESSAGE][PASSED] - Delayed 1 second(s)

2021-10-18 10:45:13 - [TEST_STEP][PASSED] - tap(findTestObject("Object Repository/Mobile/Page/Register/Not Registered/Akun Bank/Edit Text - Account Number"), 0, STOP_ON_FAILURE): Tapped on element 'Object Repository/Mobile/Page/Register/Not Registered/Akun Bank/Edit Text - Account Number'

2021-10-18 10:45:13 - [MESSAGE][WARNING] - Timeout '0' is invalid. Using default page load timeout: '60'

2021-10-18 10:45:13 - [MESSAGE][PASSED] - Tapped on element 'Object Repository/Mobile/Page/Register/Not Registered/Akun Bank/Edit Text - Account Number'

2021-10-18 10:45:13 - [TEST_STEP][PASSED] - setText(findTestObject("Object Repository/Mobile/Page/Register/Not Registered/Akun Bank/Edit Text - Account Number"), accountnumber, 0, STOP_ON_FAILURE): Text '222444222444' has been set to element 'Object Repository/Mobile/Page/Register/Not Registered/Akun Bank/Edit Text - Account Number'

2021-10-18 10:45:13 - [MESSAGE][WARNING] - Timeout '0' is invalid. Using default page load timeout: '60'

2021-10-18 10:45:15 - [MESSAGE][PASSED] - Text '222444222444' has been set to element 'Object Repository/Mobile/Page/Register/Not Registered/Akun Bank/Edit Text - Account Number'

2021-10-18 10:45:15 - [TEST_STEP][PASSED] - hideKeyboard(): Keyboard is hidden

2021-10-18 10:45:21 - [MESSAGE][PASSED] - Keyboard is hidden

2021-10-18 10:45:21 - [TEST_STEP][PASSED] - delay(1): Delayed 1 second(s)

2021-10-18 10:45:22 - [MESSAGE][PASSED] - Delayed 1 second(s)

2021-10-18 10:45:22 - [TEST_STEP][PASSED] - if (negativeStatus == "isNameOwnerNotMatch"): null

2021-10-18 10:45:22 - [TEST_STEP][PASSED] - else: Delayed 1 second(s)

2021-10-18 10:45:22 - [TEST_STEP][PASSED] - tap(findTestObject("Object Repository/Mobile/Page/Register/Not Registered/Akun Bank/Edit Text - Name Owner"), 0, STOP_ON_FAILURE): Tapped on element 'Object Repository/Mobile/Page/Register/Not Registered/Akun Bank/Edit Text - Name Owner'

2021-10-18 10:45:22 - [MESSAGE][WARNING] - Timeout '0' is invalid. Using default page load timeout: '60'

2021-10-18 10:45:22 - [MESSAGE][PASSED] - Tapped on element 'Object Repository/Mobile/Page/Register/Not Registered/Akun Bank/Edit Text - Name Owner'

2021-10-18 10:45:22 - [TEST_STEP][PASSED] - setText(findTestObject("Object Repository/Mobile/Page/Register/Not Registered/Akun Bank/Edit Text - Name Owner"), nameowner, 0, STOP_ON_FAILURE): Text 'qatestingJZZWMhsMEe' has been set to element 'Object Repository/Mobile/Page/Register/Not Registered/Akun Bank/Edit Text - Name Owner'

2021-10-18 10:45:22 - [MESSAGE][WARNING] - Timeout '0' is invalid. Using default page load timeout: '60'

2021-10-18 10:45:24 - [MESSAGE][PASSED] - Text 'qatestingJZZWMhsMEe' has been set to element 'Object Repository/Mobile/Page/Register/Not Registered/Akun Bank/Edit Text - Name Owner'

2021-10-18 10:45:24 - [TEST_STEP][PASSED] - hideKeyboard(): Keyboard is hidden

2021-10-18 10:45:28 - [MESSAGE][PASSED] - Keyboard is hidden

2021-10-18 10:45:28 - [TEST_STEP][PASSED] - delay(1): Delayed 1 second(s)

2021-10-18 10:45:29 - [MESSAGE][PASSED] - Delayed 1 second(s)

2021-10-18 10:45:29 - [TEST_STEP][PASSED] - tap(findTestObject("Object Repository/Mobile/Page/Register/Not Registered/Akun Bank/Button - Next"), 0, STOP_ON_FAILURE): Tapped on element 'Object Repository/Mobile/Page/Register/Not Registered/Akun Bank/Button - Next'

2021-10-18 10:45:29 - [MESSAGE][WARNING] - Timeout '0' is invalid. Using default page load timeout: '60'

2021-10-18 10:45:30 - [MESSAGE][PASSED] - Tapped on element 'Object Repository/Mobile/Page/Register/Not Registered/Akun Bank/Button - Next'

2021-10-18 10:45:30 - [TEST_STEP][PASSED] - delay(1): Delayed 1 second(s)

2021-10-18 10:45:31 - [MESSAGE][PASSED] - Delayed 1 second(s)

2021-10-18 10:45:31 - [TEST_STEP][PASSED] - if (isUseReferralCode == 1): null

2021-10-18 10:45:31 - [TEST_STEP][PASSED] - if (negativeStatus == "isNotUseSignature"): null

2021-10-18 10:45:31 - [TEST_STEP][PASSED] - else: Delayed 1 second(s)

2021-10-18 10:45:31 - [TEST_STEP][PASSED] - scroll.scroll.scrollRightToLeft(findTestObject("Object Repository/Mobile/Page/Register/Not Registered/Konfirmasi/Field - Signature")): scroll.scroll.scrollRightToLeft is PASSED

2021-10-18 10:45:31 - [MESSAGE][WARNING] - Timeout '0' is invalid. Using default page load timeout: '60'

2021-10-18 10:45:31 - [MESSAGE][PASSED] - Object 'Object Repository/Mobile/Page/Register/Not Registered/Konfirmasi/Field - Signature' has left position '31'

2021-10-18 10:45:31 - [MESSAGE][WARNING] - Timeout '0' is invalid. Using default page load timeout: '60'

2021-10-18 10:45:31 - [MESSAGE][PASSED] - Object 'Object Repository/Mobile/Page/Register/Not Registered/Konfirmasi/Field - Signature' has top position '612'

2021-10-18 10:45:31 - [MESSAGE][WARNING] - Timeout '0' is invalid. Using default page load timeout: '60'

2021-10-18 10:45:31 - [MESSAGE][PASSED] - Object 'Object Repository/Mobile/Page/Register/Not Registered/Konfirmasi/Field - Signature' has width: '658'

2021-10-18 10:45:31 - [MESSAGE][WARNING] - Timeout '0' is invalid. Using default page load timeout: '60'

2021-10-18 10:45:31 - [MESSAGE][PASSED] - Object 'Object Repository/Mobile/Page/Register/Not Registered/Konfirmasi/Field - Signature' has height: '384'

2021-10-18 10:45:32 - [MESSAGE][PASSED] - Swiped from 557,804 to 162,804

2021-10-18 10:45:32 - [MESSAGE][PASSED] - scroll.scroll.scrollRightToLeft is PASSED

2021-10-18 10:45:32 - [TEST_STEP][PASSED] - delay(1): Delayed 1 second(s)

2021-10-18 10:45:33 - [MESSAGE][PASSED] - Delayed 1 second(s)

2021-10-18 10:45:33 - [TEST_STEP][PASSED] - tap(findTestObject("Object Repository/Mobile/Page/Register/Not Registered/Konfirmasi/Checkbox - Agreement"), 0, STOP_ON_FAILURE): Tapped on element 'Object Repository/Mobile/Page/Register/Not Registered/Konfirmasi/Checkbox - Agreement'

2021-10-18 10:45:33 - [MESSAGE][WARNING] - Timeout '0' is invalid. Using default page load timeout: '60'

2021-10-18 10:45:34 - [MESSAGE][PASSED] - Tapped on element 'Object Repository/Mobile/Page/Register/Not Registered/Konfirmasi/Checkbox - Agreement'

2021-10-18 10:45:34 - [TEST_STEP][PASSED] - delay(1): Delayed 1 second(s)

2021-10-18 10:45:35 - [MESSAGE][PASSED] - Delayed 1 second(s)

2021-10-18 10:45:35 - [TEST_STEP][PASSED] - tap(findTestObject("Object Repository/Mobile/Page/Register/Not Registered/Konfirmasi/Button - Next"), 0, STOP_ON_FAILURE): Tapped on element 'Object Repository/Mobile/Page/Register/Not Registered/Konfirmasi/Button - Next'

2021-10-18 10:45:35 - [MESSAGE][WARNING] - Timeout '0' is invalid. Using default page load timeout: '60'

2021-10-18 10:45:36 - [MESSAGE][PASSED] - Tapped on element 'Object Repository/Mobile/Page/Register/Not Registered/Konfirmasi/Button - Next'

2021-10-18 10:45:36 - [TEST_STEP][PASSED] - delay(5): Delayed 5 second(s)

2021-10-18 10:45:41 - [MESSAGE][PASSED] - Delayed 5 second(s)

2021-10-18 10:45:41 - [TEST_STEP][PASSED] - tap(findTestObject("Object Repository/Mobile/Page/Register/Not Registered/Konfirmasi/Button - Back to Home"), 0, STOP_ON_FAILURE): Tapped on element 'Object Repository/Mobile/Page/Register/Not Registered/Konfirmasi/Button - Back to Home'

2021-10-18 10:45:41 - [MESSAGE][WARNING] - Timeout '0' is invalid. Using default page load timeout: '60'

2021-10-18 10:45:42 - [MESSAGE][PASSED] - Tapped on element 'Object Repository/Mobile/Page/Register/Not Registered/Konfirmasi/Button - Back to Home'

2021-10-18 10:45:42 - [TEST_STEP][PASSED] - delay(1): Delayed 1 second(s)

2021-10-18 10:45:43 - [MESSAGE][PASSED] - Delayed 1 second(s)

2021-10-18 10:45:43 - [MESSAGE][PASSED] - Call Test Case 'Test Cases/Mobile/Page/Register/Register' successfully

2021-10-18 10:45:43 - [TEST_STEP][PASSED] - callTestCase(findTestCase("Mobile/Page/Run App/Terminate App"), [:], STOP_ON_FAILURE): Call Test Case 'Test Cases/Mobile/Page/Run App/Terminate App' successfully

2021-10-18 10:45:43 - [TEST_CASE][PASSED] - Test Cases/Mobile/Page/Run App/Terminate App: Test Cases/Mobile/Page/Run App/Terminate App

2021-10-18 10:45:43 - [TEST_STEP][PASSED] - startApp.OpenApp.terminateApplication(): startApp.OpenApp.terminateApplication is PASSED

2021-10-18 10:45:47 - [MESSAGE][PASSED] - Delayed 3 second(s)

2021-10-18 10:45:47 - [MESSAGE][WARNING] - Timeout '0' is invalid. Using default page load timeout: '60'

2021-10-18 10:45:47 - [MESSAGE][PASSED] - Tapped on element 'Object Repository/Mobile/Page/Button - Close all application'

2021-10-18 10:45:50 - [MESSAGE][PASSED] - Delayed 3 second(s)

2021-10-18 10:45:50 - [MESSAGE][PASSED] - startApp.OpenApp.terminateApplication is PASSED

2021-10-18 10:45:50 - [MESSAGE][PASSED] - Call Test Case 'Test Cases/Mobile/Page/Run App/Terminate App' successfully]]></system-out>
         <system-err><![CDATA[]]></system-err>
      </testcase>
      <testcase name="Test Cases/Mobile/Scenario/Register/015 - Memasukkan detail Bank Account (branch) dengan KCP (angka)" time="213.091" classname="Test Cases/Mobile/Scenario/Register/015 - Memasukkan detail Bank Account (branch) dengan KCP (angka)" status="PASSED">
         <system-out><![CDATA[2021-10-18 10:45:50 - [TEST_CASE][PASSED] - Test Cases/Mobile/Scenario/Register/015 - Memasukkan detail Bank Account (branch) dengan KCP (angka): Test Cases/Mobile/Scenario/Register/015 - Memasukkan detail Bank Account (branch) dengan KCP (angka)

2021-10-18 10:45:50 - [TEST_STEP][PASSED] - callTestCase(findTestCase("Mobile/Page/Run App/Run App byID"), [:], STOP_ON_FAILURE): Call Test Case 'Test Cases/Mobile/Page/Run App/Run App byID' successfully

2021-10-18 10:45:50 - [TEST_CASE][PASSED] - Test Cases/Mobile/Page/Run App/Run App byID: Test Cases/Mobile/Page/Run App/Run App byID

2021-10-18 10:45:50 - [TEST_STEP][PASSED] - startApp.OpenApp.startApplication("com.mirae.maxfund"): startApp.OpenApp.startApplication is PASSED

2021-10-18 10:46:04 - [MESSAGE][PASSED] - Starting app with application ID: 'com.mirae.maxfund'

2021-10-18 10:46:04 - [MESSAGE][PASSED] - startApp.OpenApp.startApplication is PASSED

2021-10-18 10:46:04 - [MESSAGE][PASSED] - Call Test Case 'Test Cases/Mobile/Page/Run App/Run App byID' successfully

2021-10-18 10:46:04 - [TEST_STEP][PASSED] - callTestCase(findTestCase("Mobile/Page/Register/Register"), ["isFromLoginPage":0, "isBedaAlamat":0, "isUseReferralCode":0, "negativeStatus":"isBranchNumber"], STOP_ON_FAILURE): Call Test Case 'Test Cases/Mobile/Page/Register/Register' successfully

2021-10-18 10:46:04 - [TEST_CASE][PASSED] - Test Cases/Mobile/Page/Register/Register: Test Cases/Mobile/Page/Register/Register

2021-10-18 10:46:04 - [TEST_STEP][PASSED] - fullname = "qatesting" + acak.acak.randomStringWord(): acak.acak.randomStringWord is PASSED

2021-10-18 10:46:04 - [MESSAGE][PASSED] - acak.acak.randomStringWord is PASSED

2021-10-18 10:46:04 - [TEST_STEP][PASSED] - birthdate = "1/1/1998": null

2021-10-18 10:46:04 - [TEST_STEP][PASSED] - phone = "082257" + acak.acak.randomStringNumber(6): acak.acak.randomStringNumber is PASSED

2021-10-18 10:46:04 - [MESSAGE][PASSED] - acak.acak.randomStringNumber is PASSED

2021-10-18 10:46:04 - [TEST_STEP][PASSED] - email = fullname + "@gmail.com": null

2021-10-18 10:46:04 - [TEST_STEP][PASSED] - password = "Mirae1234": null

2021-10-18 10:46:04 - [TEST_STEP][PASSED] - branch = "qa cabang": null

2021-10-18 10:46:04 - [TEST_STEP][PASSED] - accountnumber = "222444222444": null

2021-10-18 10:46:04 - [TEST_STEP][PASSED] - nameowner = fullname: null

2021-10-18 10:46:04 - [TEST_STEP][PASSED] - alamat = "Jl. Cempaka Putih Barat 12 F No.12, RT.8/RW.8": null

2021-10-18 10:46:04 - [TEST_STEP][PASSED] - kodepos = "15412": null

2021-10-18 10:46:04 - [TEST_STEP][PASSED] - referralcode = "15412": null

2021-10-18 10:46:04 - [TEST_STEP][PASSED] - flag = "indonesia": null

2021-10-18 10:46:04 - [TEST_STEP][PASSED] - bank = "citibank": null

2021-10-18 10:46:04 - [TEST_STEP][PASSED] - if (isFromLoginPage == 1): null

2021-10-18 10:46:04 - [TEST_STEP][PASSED] - else: Delayed 1 second(s)

2021-10-18 10:46:04 - [TEST_STEP][PASSED] - tap(findTestObject("Object Repository/Mobile/Page/Dashboard/Button - Register"), 0, STOP_ON_FAILURE): Tapped on element 'Object Repository/Mobile/Page/Dashboard/Button - Register'

2021-10-18 10:46:04 - [MESSAGE][WARNING] - Timeout '0' is invalid. Using default page load timeout: '60'

2021-10-18 10:46:07 - [MESSAGE][PASSED] - Tapped on element 'Object Repository/Mobile/Page/Dashboard/Button - Register'

2021-10-18 10:46:07 - [TEST_STEP][PASSED] - delay(1): Delayed 1 second(s)

2021-10-18 10:46:08 - [MESSAGE][PASSED] - Delayed 1 second(s)

2021-10-18 10:46:08 - [TEST_STEP][PASSED] - for ([i = 0, i < 1, (i++)]): Delayed 1 second(s)

2021-10-18 10:46:08 - [TEST_STEP][PASSED] - if (negativeStatus == "isRegistered"): null

2021-10-18 10:46:08 - [TEST_STEP][PASSED] - tap(findTestObject("Object Repository/Mobile/Page/Register/Radio Button - Not registered yet"), 0, STOP_ON_FAILURE): Tapped on element 'Object Repository/Mobile/Page/Register/Radio Button - Not registered yet'

2021-10-18 10:46:08 - [MESSAGE][WARNING] - Timeout '0' is invalid. Using default page load timeout: '60'

2021-10-18 10:46:09 - [MESSAGE][PASSED] - Tapped on element 'Object Repository/Mobile/Page/Register/Radio Button - Not registered yet'

2021-10-18 10:46:09 - [TEST_STEP][PASSED] - delay(1): Delayed 1 second(s)

2021-10-18 10:46:10 - [MESSAGE][PASSED] - Delayed 1 second(s)

2021-10-18 10:46:10 - [TEST_STEP][PASSED] - tap(findTestObject("Object Repository/Mobile/Page/Register/Not Registered/Button - Next"), 0, STOP_ON_FAILURE): Tapped on element 'Object Repository/Mobile/Page/Register/Not Registered/Button - Next'

2021-10-18 10:46:10 - [MESSAGE][WARNING] - Timeout '0' is invalid. Using default page load timeout: '60'

2021-10-18 10:46:11 - [MESSAGE][PASSED] - Tapped on element 'Object Repository/Mobile/Page/Register/Not Registered/Button - Next'

2021-10-18 10:46:11 - [TEST_STEP][PASSED] - delay(1): Delayed 1 second(s)

2021-10-18 10:46:12 - [MESSAGE][PASSED] - Delayed 1 second(s)

2021-10-18 10:46:12 - [TEST_STEP][PASSED] - tap(findTestObject("Object Repository/Mobile/Page/Register/Not Registered/Informasi Pribadi/Edit Text - Fullname"), 0, STOP_ON_FAILURE): Tapped on element 'Object Repository/Mobile/Page/Register/Not Registered/Informasi Pribadi/Edit Text - Fullname'

2021-10-18 10:46:12 - [MESSAGE][WARNING] - Timeout '0' is invalid. Using default page load timeout: '60'

2021-10-18 10:46:13 - [MESSAGE][PASSED] - Tapped on element 'Object Repository/Mobile/Page/Register/Not Registered/Informasi Pribadi/Edit Text - Fullname'

2021-10-18 10:46:13 - [TEST_STEP][PASSED] - setText(findTestObject("Object Repository/Mobile/Page/Register/Not Registered/Informasi Pribadi/Edit Text - Fullname"), fullname, 0): Text 'qatestingjTVUpJzDjB' has been set to element 'Object Repository/Mobile/Page/Register/Not Registered/Informasi Pribadi/Edit Text - Fullname'

2021-10-18 10:46:13 - [MESSAGE][WARNING] - Timeout '0' is invalid. Using default page load timeout: '60'

2021-10-18 10:46:14 - [MESSAGE][PASSED] - Text 'qatestingjTVUpJzDjB' has been set to element 'Object Repository/Mobile/Page/Register/Not Registered/Informasi Pribadi/Edit Text - Fullname'

2021-10-18 10:46:14 - [TEST_STEP][PASSED] - hideKeyboard(): Keyboard is hidden

2021-10-18 10:46:20 - [MESSAGE][PASSED] - Keyboard is hidden

2021-10-18 10:46:20 - [TEST_STEP][PASSED] - delay(1): Delayed 1 second(s)

2021-10-18 10:46:21 - [MESSAGE][PASSED] - Delayed 1 second(s)

2021-10-18 10:46:21 - [TEST_STEP][PASSED] - tap(findTestObject("Object Repository/Mobile/Page/Register/Not Registered/Informasi Pribadi/Date Picker - Date of Birth"), 0, STOP_ON_FAILURE): Tapped on element 'Object Repository/Mobile/Page/Register/Not Registered/Informasi Pribadi/Date Picker - Date of Birth'

2021-10-18 10:46:21 - [MESSAGE][WARNING] - Timeout '0' is invalid. Using default page load timeout: '60'

2021-10-18 10:46:22 - [MESSAGE][PASSED] - Tapped on element 'Object Repository/Mobile/Page/Register/Not Registered/Informasi Pribadi/Date Picker - Date of Birth'

2021-10-18 10:46:22 - [TEST_STEP][PASSED] - tap(findTestObject("Object Repository/Mobile/Page/Register/Not Registered/Informasi Pribadi/Date Picker - Icon Edit"), 0, STOP_ON_FAILURE): Tapped on element 'Object Repository/Mobile/Page/Register/Not Registered/Informasi Pribadi/Date Picker - Icon Edit'

2021-10-18 10:46:22 - [MESSAGE][WARNING] - Timeout '0' is invalid. Using default page load timeout: '60'

2021-10-18 10:46:24 - [MESSAGE][PASSED] - Tapped on element 'Object Repository/Mobile/Page/Register/Not Registered/Informasi Pribadi/Date Picker - Icon Edit'

2021-10-18 10:46:24 - [TEST_STEP][PASSED] - if (negativeStatus == "isCheckDateOfBirth"): null

2021-10-18 10:46:24 - [TEST_STEP][PASSED] - else: Delayed 1 second(s)

2021-10-18 10:46:24 - [TEST_STEP][PASSED] - setText(findTestObject("Mobile/Page/Register/Not Registered/Informasi Pribadi/Date Picker - Edit Text Date"), birthdate, 0): Text '1/1/1998' has been set to element 'Object Repository/Mobile/Page/Register/Not Registered/Informasi Pribadi/Date Picker - Edit Text Date'

2021-10-18 10:46:25 - [MESSAGE][WARNING] - Timeout '0' is invalid. Using default page load timeout: '60'

2021-10-18 10:46:25 - [MESSAGE][PASSED] - Text '1/1/1998' has been set to element 'Object Repository/Mobile/Page/Register/Not Registered/Informasi Pribadi/Date Picker - Edit Text Date'

2021-10-18 10:46:25 - [TEST_STEP][PASSED] - tap(findTestObject("Mobile/Page/Register/Not Registered/Informasi Pribadi/Date Picker - Button OK"), 0, STOP_ON_FAILURE): Tapped on element 'Object Repository/Mobile/Page/Register/Not Registered/Informasi Pribadi/Date Picker - Button OK'

2021-10-18 10:46:25 - [MESSAGE][WARNING] - Timeout '0' is invalid. Using default page load timeout: '60'

2021-10-18 10:46:27 - [MESSAGE][PASSED] - Tapped on element 'Object Repository/Mobile/Page/Register/Not Registered/Informasi Pribadi/Date Picker - Button OK'

2021-10-18 10:46:27 - [TEST_STEP][PASSED] - delay(1): Delayed 1 second(s)

2021-10-18 10:46:28 - [MESSAGE][PASSED] - Delayed 1 second(s)

2021-10-18 10:46:28 - [TEST_STEP][PASSED] - if (negativeStatus == "isPhoneNumberNonIndo"): null

2021-10-18 10:46:28 - [TEST_STEP][PASSED] - tap(findTestObject("Object Repository/Mobile/Page/Register/Not Registered/Informasi Pribadi/Dropdown - Flag Phone Number"), 0, STOP_ON_FAILURE): Tapped on element 'Object Repository/Mobile/Page/Register/Not Registered/Informasi Pribadi/Dropdown - Flag Phone Number'

2021-10-18 10:46:28 - [MESSAGE][WARNING] - Timeout '0' is invalid. Using default page load timeout: '60'

2021-10-18 10:46:28 - [MESSAGE][PASSED] - Tapped on element 'Object Repository/Mobile/Page/Register/Not Registered/Informasi Pribadi/Dropdown - Flag Phone Number'

2021-10-18 10:46:28 - [TEST_STEP][PASSED] - tap(findTestObject("Object Repository/Mobile/Page/Register/Not Registered/Informasi Pribadi/Edit Text - Search Flag"), 0, STOP_ON_FAILURE): Tapped on element 'Object Repository/Mobile/Page/Register/Not Registered/Informasi Pribadi/Edit Text - Search Flag'

2021-10-18 10:46:29 - [MESSAGE][WARNING] - Timeout '0' is invalid. Using default page load timeout: '60'

2021-10-18 10:46:30 - [MESSAGE][PASSED] - Tapped on element 'Object Repository/Mobile/Page/Register/Not Registered/Informasi Pribadi/Edit Text - Search Flag'

2021-10-18 10:46:30 - [TEST_STEP][PASSED] - setText(findTestObject("Object Repository/Mobile/Page/Register/Not Registered/Informasi Pribadi/Edit Text - Search Flag"), flag, 0): Text 'indonesia' has been set to element 'Object Repository/Mobile/Page/Register/Not Registered/Informasi Pribadi/Edit Text - Search Flag'

2021-10-18 10:46:30 - [MESSAGE][WARNING] - Timeout '0' is invalid. Using default page load timeout: '60'

2021-10-18 10:46:31 - [MESSAGE][PASSED] - Text 'indonesia' has been set to element 'Object Repository/Mobile/Page/Register/Not Registered/Informasi Pribadi/Edit Text - Search Flag'

2021-10-18 10:46:31 - [TEST_STEP][PASSED] - tap(findTestObject("Mobile/Page/Register/Not Registered/Informasi Pribadi/Item Flag - Top Search"), 0, STOP_ON_FAILURE): Tapped on element 'Object Repository/Mobile/Page/Register/Not Registered/Informasi Pribadi/Item Flag - Top Search'

2021-10-18 10:46:31 - [MESSAGE][WARNING] - Timeout '0' is invalid. Using default page load timeout: '60'

2021-10-18 10:46:33 - [MESSAGE][PASSED] - Tapped on element 'Object Repository/Mobile/Page/Register/Not Registered/Informasi Pribadi/Item Flag - Top Search'

2021-10-18 10:46:33 - [TEST_STEP][PASSED] - tap(findTestObject("Object Repository/Mobile/Page/Register/Not Registered/Informasi Pribadi/Edit Text - Phone Number"), 0, STOP_ON_FAILURE): Tapped on element 'Object Repository/Mobile/Page/Register/Not Registered/Informasi Pribadi/Edit Text - Phone Number'

2021-10-18 10:46:33 - [MESSAGE][WARNING] - Timeout '0' is invalid. Using default page load timeout: '60'

2021-10-18 10:46:34 - [MESSAGE][PASSED] - Tapped on element 'Object Repository/Mobile/Page/Register/Not Registered/Informasi Pribadi/Edit Text - Phone Number'

2021-10-18 10:46:34 - [TEST_STEP][PASSED] - setText(findTestObject("Object Repository/Mobile/Page/Register/Not Registered/Informasi Pribadi/Edit Text - Phone Number"), phone, 0): Text '082257860643' has been set to element 'Object Repository/Mobile/Page/Register/Not Registered/Informasi Pribadi/Edit Text - Phone Number'

2021-10-18 10:46:34 - [MESSAGE][WARNING] - Timeout '0' is invalid. Using default page load timeout: '60'

2021-10-18 10:46:35 - [MESSAGE][PASSED] - Text '082257860643' has been set to element 'Object Repository/Mobile/Page/Register/Not Registered/Informasi Pribadi/Edit Text - Phone Number'

2021-10-18 10:46:35 - [TEST_STEP][PASSED] - hideKeyboard(): Keyboard is hidden

2021-10-18 10:46:41 - [MESSAGE][PASSED] - Keyboard is hidden

2021-10-18 10:46:41 - [TEST_STEP][PASSED] - delay(1): Delayed 1 second(s)

2021-10-18 10:46:42 - [MESSAGE][PASSED] - Delayed 1 second(s)

2021-10-18 10:46:42 - [TEST_STEP][PASSED] - tap(findTestObject("Object Repository/Mobile/Page/Register/Not Registered/Informasi Pribadi/Dropdown - Flag Re Phone Number"), 0, STOP_ON_FAILURE): Tapped on element 'Object Repository/Mobile/Page/Register/Not Registered/Informasi Pribadi/Dropdown - Flag Re Phone Number'

2021-10-18 10:46:42 - [MESSAGE][WARNING] - Timeout '0' is invalid. Using default page load timeout: '60'

2021-10-18 10:46:44 - [MESSAGE][PASSED] - Tapped on element 'Object Repository/Mobile/Page/Register/Not Registered/Informasi Pribadi/Dropdown - Flag Re Phone Number'

2021-10-18 10:46:44 - [TEST_STEP][PASSED] - tap(findTestObject("Object Repository/Mobile/Page/Register/Not Registered/Informasi Pribadi/Edit Text - Search Flag"), 0, STOP_ON_FAILURE): Tapped on element 'Object Repository/Mobile/Page/Register/Not Registered/Informasi Pribadi/Edit Text - Search Flag'

2021-10-18 10:46:44 - [MESSAGE][WARNING] - Timeout '0' is invalid. Using default page load timeout: '60'

2021-10-18 10:46:44 - [MESSAGE][PASSED] - Tapped on element 'Object Repository/Mobile/Page/Register/Not Registered/Informasi Pribadi/Edit Text - Search Flag'

2021-10-18 10:46:44 - [TEST_STEP][PASSED] - setText(findTestObject("Object Repository/Mobile/Page/Register/Not Registered/Informasi Pribadi/Edit Text - Search Flag"), flag, 0): Text 'indonesia' has been set to element 'Object Repository/Mobile/Page/Register/Not Registered/Informasi Pribadi/Edit Text - Search Flag'

2021-10-18 10:46:44 - [MESSAGE][WARNING] - Timeout '0' is invalid. Using default page load timeout: '60'

2021-10-18 10:46:46 - [MESSAGE][PASSED] - Text 'indonesia' has been set to element 'Object Repository/Mobile/Page/Register/Not Registered/Informasi Pribadi/Edit Text - Search Flag'

2021-10-18 10:46:46 - [TEST_STEP][PASSED] - tap(findTestObject("Mobile/Page/Register/Not Registered/Informasi Pribadi/Item Flag - Top Search"), 0, STOP_ON_FAILURE): Tapped on element 'Object Repository/Mobile/Page/Register/Not Registered/Informasi Pribadi/Item Flag - Top Search'

2021-10-18 10:46:46 - [MESSAGE][WARNING] - Timeout '0' is invalid. Using default page load timeout: '60'

2021-10-18 10:46:48 - [MESSAGE][PASSED] - Tapped on element 'Object Repository/Mobile/Page/Register/Not Registered/Informasi Pribadi/Item Flag - Top Search'

2021-10-18 10:46:48 - [TEST_STEP][PASSED] - tap(findTestObject("Object Repository/Mobile/Page/Register/Not Registered/Informasi Pribadi/Edit Text - Re Phone Number"), 0, STOP_ON_FAILURE): Tapped on element 'Object Repository/Mobile/Page/Register/Not Registered/Informasi Pribadi/Edit Text - Re Phone Number'

2021-10-18 10:46:48 - [MESSAGE][WARNING] - Timeout '0' is invalid. Using default page load timeout: '60'

2021-10-18 10:46:48 - [MESSAGE][PASSED] - Tapped on element 'Object Repository/Mobile/Page/Register/Not Registered/Informasi Pribadi/Edit Text - Re Phone Number'

2021-10-18 10:46:48 - [TEST_STEP][PASSED] - setText(findTestObject("Object Repository/Mobile/Page/Register/Not Registered/Informasi Pribadi/Edit Text - Re Phone Number"), phone, 0): Text '082257860643' has been set to element 'Object Repository/Mobile/Page/Register/Not Registered/Informasi Pribadi/Edit Text - Re Phone Number'

2021-10-18 10:46:48 - [MESSAGE][WARNING] - Timeout '0' is invalid. Using default page load timeout: '60'

2021-10-18 10:46:50 - [MESSAGE][PASSED] - Text '082257860643' has been set to element 'Object Repository/Mobile/Page/Register/Not Registered/Informasi Pribadi/Edit Text - Re Phone Number'

2021-10-18 10:46:50 - [TEST_STEP][PASSED] - hideKeyboard(): Keyboard is hidden

2021-10-18 10:46:56 - [MESSAGE][PASSED] - Keyboard is hidden

2021-10-18 10:46:56 - [TEST_STEP][PASSED] - delay(1): Delayed 1 second(s)

2021-10-18 10:46:57 - [MESSAGE][PASSED] - Delayed 1 second(s)

2021-10-18 10:46:57 - [TEST_STEP][PASSED] - if (negativeStatus == "isCheckEmailRegistered"): null

2021-10-18 10:46:57 - [TEST_STEP][PASSED] - else: Delayed 1 second(s)

2021-10-18 10:46:57 - [TEST_STEP][PASSED] - tap(findTestObject("Object Repository/Mobile/Page/Register/Not Registered/Informasi Pribadi/Edit Text - Email"), 0, STOP_ON_FAILURE): Tapped on element 'Object Repository/Mobile/Page/Register/Not Registered/Informasi Pribadi/Edit Text - Email'

2021-10-18 10:46:57 - [MESSAGE][WARNING] - Timeout '0' is invalid. Using default page load timeout: '60'

2021-10-18 10:46:57 - [MESSAGE][PASSED] - Tapped on element 'Object Repository/Mobile/Page/Register/Not Registered/Informasi Pribadi/Edit Text - Email'

2021-10-18 10:46:57 - [TEST_STEP][PASSED] - setText(findTestObject("Object Repository/Mobile/Page/Register/Not Registered/Informasi Pribadi/Edit Text - Email"), email, 0): Text 'qatestingjTVUpJzDjB@gmail.com' has been set to element 'Object Repository/Mobile/Page/Register/Not Registered/Informasi Pribadi/Edit Text - Email'

2021-10-18 10:46:57 - [MESSAGE][WARNING] - Timeout '0' is invalid. Using default page load timeout: '60'

2021-10-18 10:46:59 - [MESSAGE][PASSED] - Text 'qatestingjTVUpJzDjB@gmail.com' has been set to element 'Object Repository/Mobile/Page/Register/Not Registered/Informasi Pribadi/Edit Text - Email'

2021-10-18 10:46:59 - [TEST_STEP][PASSED] - hideKeyboard(): Keyboard is hidden

2021-10-18 10:47:02 - [MESSAGE][PASSED] - Keyboard is hidden

2021-10-18 10:47:02 - [TEST_STEP][PASSED] - delay(1): Delayed 1 second(s)

2021-10-18 10:47:03 - [MESSAGE][PASSED] - Delayed 1 second(s)

2021-10-18 10:47:03 - [TEST_STEP][PASSED] - if (negativeStatus == "isCheckEmailMatch"): null

2021-10-18 10:47:03 - [TEST_STEP][PASSED] - else: Delayed 1 second(s)

2021-10-18 10:47:03 - [TEST_STEP][PASSED] - tap(findTestObject("Object Repository/Mobile/Page/Register/Not Registered/Informasi Pribadi/Edit Text - Re Email"), 0, STOP_ON_FAILURE): Tapped on element 'Object Repository/Mobile/Page/Register/Not Registered/Informasi Pribadi/Edit Text - Re Email'

2021-10-18 10:47:03 - [MESSAGE][WARNING] - Timeout '0' is invalid. Using default page load timeout: '60'

2021-10-18 10:47:04 - [MESSAGE][PASSED] - Tapped on element 'Object Repository/Mobile/Page/Register/Not Registered/Informasi Pribadi/Edit Text - Re Email'

2021-10-18 10:47:04 - [TEST_STEP][PASSED] - setText(findTestObject("Object Repository/Mobile/Page/Register/Not Registered/Informasi Pribadi/Edit Text - Re Email"), email, 0): Text 'qatestingjTVUpJzDjB@gmail.com' has been set to element 'Object Repository/Mobile/Page/Register/Not Registered/Informasi Pribadi/Edit Text - Re Email'

2021-10-18 10:47:04 - [MESSAGE][WARNING] - Timeout '0' is invalid. Using default page load timeout: '60'

2021-10-18 10:47:05 - [MESSAGE][PASSED] - Text 'qatestingjTVUpJzDjB@gmail.com' has been set to element 'Object Repository/Mobile/Page/Register/Not Registered/Informasi Pribadi/Edit Text - Re Email'

2021-10-18 10:47:05 - [TEST_STEP][PASSED] - hideKeyboard(): Keyboard is hidden

2021-10-18 10:47:09 - [MESSAGE][PASSED] - Keyboard is hidden

2021-10-18 10:47:09 - [TEST_STEP][PASSED] - delay(1): Delayed 1 second(s)

2021-10-18 10:47:10 - [MESSAGE][PASSED] - Delayed 1 second(s)

2021-10-18 10:47:10 - [TEST_STEP][PASSED] - if (negativeStatus == "isPasswordNumberOnly"): null

2021-10-18 10:47:10 - [TEST_STEP][PASSED] - else: Delayed 1 second(s)

2021-10-18 10:47:10 - [TEST_STEP][PASSED] - tap(findTestObject("Object Repository/Mobile/Page/Register/Not Registered/Informasi Pribadi/Edit Text - Password"), 0, STOP_ON_FAILURE): Tapped on element 'Object Repository/Mobile/Page/Register/Not Registered/Informasi Pribadi/Edit Text - Password'

2021-10-18 10:47:10 - [MESSAGE][WARNING] - Timeout '0' is invalid. Using default page load timeout: '60'

2021-10-18 10:47:10 - [MESSAGE][PASSED] - Tapped on element 'Object Repository/Mobile/Page/Register/Not Registered/Informasi Pribadi/Edit Text - Password'

2021-10-18 10:47:10 - [TEST_STEP][PASSED] - setText(findTestObject("Object Repository/Mobile/Page/Register/Not Registered/Informasi Pribadi/Edit Text - Password"), password, 0): Text 'Mirae1234' has been set to element 'Object Repository/Mobile/Page/Register/Not Registered/Informasi Pribadi/Edit Text - Password'

2021-10-18 10:47:10 - [MESSAGE][WARNING] - Timeout '0' is invalid. Using default page load timeout: '60'

2021-10-18 10:47:12 - [MESSAGE][PASSED] - Text 'Mirae1234' has been set to element 'Object Repository/Mobile/Page/Register/Not Registered/Informasi Pribadi/Edit Text - Password'

2021-10-18 10:47:12 - [TEST_STEP][PASSED] - hideKeyboard(): Keyboard is hidden

2021-10-18 10:47:18 - [MESSAGE][PASSED] - Keyboard is hidden

2021-10-18 10:47:18 - [TEST_STEP][PASSED] - delay(1): Delayed 1 second(s)

2021-10-18 10:47:19 - [MESSAGE][PASSED] - Delayed 1 second(s)

2021-10-18 10:47:19 - [TEST_STEP][PASSED] - tap(findTestObject("Object Repository/Mobile/Page/Register/Not Registered/Informasi Pribadi/Edit Text - Re Password"), 0, STOP_ON_FAILURE): Tapped on element 'Object Repository/Mobile/Page/Register/Not Registered/Informasi Pribadi/Edit Text - Re Password'

2021-10-18 10:47:19 - [MESSAGE][WARNING] - Timeout '0' is invalid. Using default page load timeout: '60'

2021-10-18 10:47:19 - [MESSAGE][PASSED] - Tapped on element 'Object Repository/Mobile/Page/Register/Not Registered/Informasi Pribadi/Edit Text - Re Password'

2021-10-18 10:47:19 - [TEST_STEP][PASSED] - setText(findTestObject("Object Repository/Mobile/Page/Register/Not Registered/Informasi Pribadi/Edit Text - Re Password"), password, 0): Text 'Mirae1234' has been set to element 'Object Repository/Mobile/Page/Register/Not Registered/Informasi Pribadi/Edit Text - Re Password'

2021-10-18 10:47:19 - [MESSAGE][WARNING] - Timeout '0' is invalid. Using default page load timeout: '60'

2021-10-18 10:47:21 - [MESSAGE][PASSED] - Text 'Mirae1234' has been set to element 'Object Repository/Mobile/Page/Register/Not Registered/Informasi Pribadi/Edit Text - Re Password'

2021-10-18 10:47:21 - [TEST_STEP][PASSED] - hideKeyboard(): Keyboard is hidden

2021-10-18 10:47:27 - [MESSAGE][PASSED] - Keyboard is hidden

2021-10-18 10:47:27 - [TEST_STEP][PASSED] - delay(1): Delayed 1 second(s)

2021-10-18 10:47:28 - [MESSAGE][PASSED] - Delayed 1 second(s)

2021-10-18 10:47:28 - [TEST_STEP][PASSED] - if (isBedaAlamat == 1): null

2021-10-18 10:47:28 - [TEST_STEP][PASSED] - tap(findTestObject("Object Repository/Mobile/Page/Register/Not Registered/Informasi Pribadi/Button - Icon KTP"), 0, STOP_ON_FAILURE): Tapped on element 'Object Repository/Mobile/Page/Register/Not Registered/Informasi Pribadi/Button - Icon KTP'

2021-10-18 10:47:28 - [MESSAGE][WARNING] - Timeout '0' is invalid. Using default page load timeout: '60'

2021-10-18 10:47:29 - [MESSAGE][PASSED] - Tapped on element 'Object Repository/Mobile/Page/Register/Not Registered/Informasi Pribadi/Button - Icon KTP'

2021-10-18 10:47:29 - [TEST_STEP][PASSED] - permission = verifyElementExist(findTestObject("Object Repository/Mobile/Page/Register/Not Registered/Informasi Pribadi/Permission - Only this time"), 1, OPTIONAL): Element 'Object Repository/Mobile/Page/Register/Not Registered/Informasi Pribadi/Permission - Only this time' is exist

2021-10-18 10:47:30 - [MESSAGE][PASSED] - Element 'Object Repository/Mobile/Page/Register/Not Registered/Informasi Pribadi/Permission - Only this time' is exist

2021-10-18 10:47:30 - [TEST_STEP][PASSED] - if (permission): Tapped on element 'Object Repository/Mobile/Page/Register/Not Registered/Informasi Pribadi/Permission - Only this time'

2021-10-18 10:47:30 - [TEST_STEP][PASSED] - tap(findTestObject("Object Repository/Mobile/Page/Register/Not Registered/Informasi Pribadi/Permission - Only this time"), 0, STOP_ON_FAILURE): Tapped on element 'Object Repository/Mobile/Page/Register/Not Registered/Informasi Pribadi/Permission - Only this time'

2021-10-18 10:47:30 - [MESSAGE][WARNING] - Timeout '0' is invalid. Using default page load timeout: '60'

2021-10-18 10:47:31 - [MESSAGE][PASSED] - Tapped on element 'Object Repository/Mobile/Page/Register/Not Registered/Informasi Pribadi/Permission - Only this time'

2021-10-18 10:47:31 - [TEST_STEP][PASSED] - permission = verifyElementExist(findTestObject("Object Repository/Mobile/Page/Register/Not Registered/Informasi Pribadi/Permission - Only this time"), 1, OPTIONAL): Element 'Object Repository/Mobile/Page/Register/Not Registered/Informasi Pribadi/Permission - Only this time' is exist

2021-10-18 10:47:31 - [MESSAGE][PASSED] - Element 'Object Repository/Mobile/Page/Register/Not Registered/Informasi Pribadi/Permission - Only this time' is exist

2021-10-18 10:47:31 - [TEST_STEP][PASSED] - if (permission): Tapped on element 'Object Repository/Mobile/Page/Register/Not Registered/Informasi Pribadi/Permission - Only this time'

2021-10-18 10:47:31 - [TEST_STEP][PASSED] - tap(findTestObject("Object Repository/Mobile/Page/Register/Not Registered/Informasi Pribadi/Permission - Only this time"), 0, STOP_ON_FAILURE): Tapped on element 'Object Repository/Mobile/Page/Register/Not Registered/Informasi Pribadi/Permission - Only this time'

2021-10-18 10:47:31 - [MESSAGE][WARNING] - Timeout '0' is invalid. Using default page load timeout: '60'

2021-10-18 10:47:32 - [MESSAGE][PASSED] - Tapped on element 'Object Repository/Mobile/Page/Register/Not Registered/Informasi Pribadi/Permission - Only this time'

2021-10-18 10:47:32 - [TEST_STEP][PASSED] - tap(findTestObject("Object Repository/Mobile/Page/Register/Not Registered/Informasi Pribadi/Button - Capture KTP"), 0, STOP_ON_FAILURE): Tapped on element 'Object Repository/Mobile/Page/Register/Not Registered/Informasi Pribadi/Button - Capture KTP'

2021-10-18 10:47:32 - [MESSAGE][WARNING] - Timeout '0' is invalid. Using default page load timeout: '60'

2021-10-18 10:47:34 - [MESSAGE][PASSED] - Tapped on element 'Object Repository/Mobile/Page/Register/Not Registered/Informasi Pribadi/Button - Capture KTP'

2021-10-18 10:47:34 - [TEST_STEP][PASSED] - delay(2): Delayed 2 second(s)

2021-10-18 10:47:36 - [MESSAGE][PASSED] - Delayed 2 second(s)

2021-10-18 10:47:36 - [TEST_STEP][PASSED] - scroll.scroll.scrollLeftToRight(findTestObject("Object Repository/Mobile/Page/Register/Not Registered/Informasi Pribadi/Slider - Edit Photo Scale")): scroll.scroll.scrollLeftToRight is PASSED

2021-10-18 10:47:36 - [MESSAGE][WARNING] - Timeout '0' is invalid. Using default page load timeout: '60'

2021-10-18 10:47:38 - [MESSAGE][PASSED] - Object 'Object Repository/Mobile/Page/Register/Not Registered/Informasi Pribadi/Slider - Edit Photo Scale' has left position '0'

2021-10-18 10:47:38 - [MESSAGE][WARNING] - Timeout '0' is invalid. Using default page load timeout: '60'

2021-10-18 10:47:38 - [MESSAGE][PASSED] - Object 'Object Repository/Mobile/Page/Register/Not Registered/Informasi Pribadi/Slider - Edit Photo Scale' has top position '1,284'

2021-10-18 10:47:38 - [MESSAGE][WARNING] - Timeout '0' is invalid. Using default page load timeout: '60'

2021-10-18 10:47:38 - [MESSAGE][PASSED] - Object 'Object Repository/Mobile/Page/Register/Not Registered/Informasi Pribadi/Slider - Edit Photo Scale' has width: '720'

2021-10-18 10:47:38 - [MESSAGE][WARNING] - Timeout '0' is invalid. Using default page load timeout: '60'

2021-10-18 10:47:38 - [MESSAGE][PASSED] - Object 'Object Repository/Mobile/Page/Register/Not Registered/Informasi Pribadi/Slider - Edit Photo Scale' has height: '66'

2021-10-18 10:47:39 - [MESSAGE][PASSED] - Swiped from 144,1,317 to 576,1,317

2021-10-18 10:47:39 - [MESSAGE][PASSED] - scroll.scroll.scrollLeftToRight is PASSED

2021-10-18 10:47:39 - [TEST_STEP][PASSED] - tap(findTestObject("Object Repository/Mobile/Page/Register/Not Registered/Informasi Pribadi/Button - Edit Photo Rotate"), 0, STOP_ON_FAILURE): Tapped on element 'Object Repository/Mobile/Page/Register/Not Registered/Informasi Pribadi/Button - Edit Photo Rotate'

2021-10-18 10:47:39 - [MESSAGE][WARNING] - Timeout '0' is invalid. Using default page load timeout: '60'

2021-10-18 10:47:40 - [MESSAGE][PASSED] - Tapped on element 'Object Repository/Mobile/Page/Register/Not Registered/Informasi Pribadi/Button - Edit Photo Rotate'

2021-10-18 10:47:40 - [TEST_STEP][PASSED] - tap(findTestObject("Object Repository/Mobile/Page/Register/Not Registered/Informasi Pribadi/Button - Edit Photo Rotate 90 degree"), 0, STOP_ON_FAILURE): Tapped on element 'Object Repository/Mobile/Page/Register/Not Registered/Informasi Pribadi/Button - Edit Photo Rotate 90 degree'

2021-10-18 10:47:40 - [MESSAGE][WARNING] - Timeout '0' is invalid. Using default page load timeout: '60'

2021-10-18 10:47:42 - [MESSAGE][PASSED] - Tapped on element 'Object Repository/Mobile/Page/Register/Not Registered/Informasi Pribadi/Button - Edit Photo Rotate 90 degree'

2021-10-18 10:47:42 - [TEST_STEP][PASSED] - tap(findTestObject("Object Repository/Mobile/Page/Register/Not Registered/Informasi Pribadi/Button - Edit Photo Reset Rotation"), 0, STOP_ON_FAILURE): Tapped on element 'Object Repository/Mobile/Page/Register/Not Registered/Informasi Pribadi/Button - Edit Photo Reset Rotation'

2021-10-18 10:47:42 - [MESSAGE][WARNING] - Timeout '0' is invalid. Using default page load timeout: '60'

2021-10-18 10:47:43 - [MESSAGE][PASSED] - Tapped on element 'Object Repository/Mobile/Page/Register/Not Registered/Informasi Pribadi/Button - Edit Photo Reset Rotation'

2021-10-18 10:47:43 - [TEST_STEP][PASSED] - scroll.scroll.scrollLeftToRight(findTestObject("Object Repository/Mobile/Page/Register/Not Registered/Informasi Pribadi/Slider - Edit Photo Rotate")): scroll.scroll.scrollLeftToRight is PASSED

2021-10-18 10:47:43 - [MESSAGE][WARNING] - Timeout '0' is invalid. Using default page load timeout: '60'

2021-10-18 10:47:43 - [MESSAGE][PASSED] - Object 'Object Repository/Mobile/Page/Register/Not Registered/Informasi Pribadi/Slider - Edit Photo Rotate' has left position '88'

2021-10-18 10:47:43 - [MESSAGE][WARNING] - Timeout '0' is invalid. Using default page load timeout: '60'

2021-10-18 10:47:43 - [MESSAGE][PASSED] - Object 'Object Repository/Mobile/Page/Register/Not Registered/Informasi Pribadi/Slider - Edit Photo Rotate' has top position '1,284'

2021-10-18 10:47:43 - [MESSAGE][WARNING] - Timeout '0' is invalid. Using default page load timeout: '60'

2021-10-18 10:47:43 - [MESSAGE][PASSED] - Object 'Object Repository/Mobile/Page/Register/Not Registered/Informasi Pribadi/Slider - Edit Photo Rotate' has width: '544'

2021-10-18 10:47:43 - [MESSAGE][WARNING] - Timeout '0' is invalid. Using default page load timeout: '60'

2021-10-18 10:47:44 - [MESSAGE][PASSED] - Object 'Object Repository/Mobile/Page/Register/Not Registered/Informasi Pribadi/Slider - Edit Photo Rotate' has height: '66'

2021-10-18 10:47:45 - [MESSAGE][PASSED] - Swiped from 196,1,317 to 523,1,317

2021-10-18 10:47:45 - [MESSAGE][PASSED] - scroll.scroll.scrollLeftToRight is PASSED

2021-10-18 10:47:45 - [TEST_STEP][PASSED] - tap(findTestObject("Object Repository/Mobile/Page/Register/Not Registered/Informasi Pribadi/Button - Edit Photo Confirm"), 0, STOP_ON_FAILURE): Tapped on element 'Object Repository/Mobile/Page/Register/Not Registered/Informasi Pribadi/Button - Edit Photo Confirm'

2021-10-18 10:47:45 - [MESSAGE][WARNING] - Timeout '0' is invalid. Using default page load timeout: '60'

2021-10-18 10:47:47 - [MESSAGE][PASSED] - Tapped on element 'Object Repository/Mobile/Page/Register/Not Registered/Informasi Pribadi/Button - Edit Photo Confirm'

2021-10-18 10:47:47 - [TEST_STEP][PASSED] - delay(2): Delayed 2 second(s)

2021-10-18 10:47:49 - [MESSAGE][PASSED] - Delayed 2 second(s)

2021-10-18 10:47:49 - [TEST_STEP][PASSED] - hideKeyboard(): Keyboard is hidden

2021-10-18 10:47:55 - [MESSAGE][PASSED] - Keyboard is hidden

2021-10-18 10:47:55 - [TEST_STEP][PASSED] - delay(1): Delayed 1 second(s)

2021-10-18 10:47:56 - [MESSAGE][PASSED] - Delayed 1 second(s)

2021-10-18 10:47:56 - [TEST_STEP][PASSED] - scroll.scroll.scrollToBottomOpenKeyboard(): scroll.scroll.scrollToBottomOpenKeyboard is PASSED

2021-10-18 10:47:57 - [MESSAGE][PASSED] - Current device physical height is 1423

2021-10-18 10:47:57 - [MESSAGE][PASSED] - Current device physical width is 720

2021-10-18 10:47:58 - [MESSAGE][PASSED] - Swiped from 360,853 to 360,284

2021-10-18 10:47:58 - [MESSAGE][PASSED] - scroll.scroll.scrollToBottomOpenKeyboard is PASSED

2021-10-18 10:47:58 - [TEST_STEP][PASSED] - tap(findTestObject("Object Repository/Mobile/Page/Register/Not Registered/Informasi Pribadi/Button - Icon Face with KTP"), 0, STOP_ON_FAILURE): Tapped on element 'Object Repository/Mobile/Page/Register/Not Registered/Informasi Pribadi/Button - Icon Face with KTP'

2021-10-18 10:47:58 - [MESSAGE][WARNING] - Timeout '0' is invalid. Using default page load timeout: '60'

2021-10-18 10:48:00 - [MESSAGE][PASSED] - Tapped on element 'Object Repository/Mobile/Page/Register/Not Registered/Informasi Pribadi/Button - Icon Face with KTP'

2021-10-18 10:48:00 - [TEST_STEP][PASSED] - permission = verifyElementExist(findTestObject("Object Repository/Mobile/Page/Register/Not Registered/Informasi Pribadi/Permission - Only this time"), 1, OPTIONAL): Element 'Object Repository/Mobile/Page/Register/Not Registered/Informasi Pribadi/Permission - Only this time' not found

2021-10-18 10:48:02 - [MESSAGE][WARNING] - Element 'Object Repository/Mobile/Page/Register/Not Registered/Informasi Pribadi/Permission - Only this time' not found
[[ATTACHMENT|C:\\Users\\Owner\\Documents\\kerjaan\\KatalonProject\\qa-katalon-maxfund\\Reports\\20211018_100502\\Register\\20211018_100502\\1634528881266.png]]

2021-10-18 10:48:02 - [TEST_STEP][PASSED] - if (permission): null

2021-10-18 10:48:02 - [TEST_STEP][PASSED] - permission = verifyElementExist(findTestObject("Object Repository/Mobile/Page/Register/Not Registered/Informasi Pribadi/Permission - Only this time"), 1, OPTIONAL): Element 'Object Repository/Mobile/Page/Register/Not Registered/Informasi Pribadi/Permission - Only this time' not found

2021-10-18 10:48:05 - [MESSAGE][WARNING] - Element 'Object Repository/Mobile/Page/Register/Not Registered/Informasi Pribadi/Permission - Only this time' not found
[[ATTACHMENT|C:\\Users\\Owner\\Documents\\kerjaan\\KatalonProject\\qa-katalon-maxfund\\Reports\\20211018_100502\\Register\\20211018_100502\\1634528883815.png]]

2021-10-18 10:48:05 - [TEST_STEP][PASSED] - if (permission): null

2021-10-18 10:48:05 - [TEST_STEP][PASSED] - tap(findTestObject("Object Repository/Mobile/Page/Register/Not Registered/Informasi Pribadi/Button - Capture Face with KTP"), 0, STOP_ON_FAILURE): Tapped on element 'Object Repository/Mobile/Page/Register/Not Registered/Informasi Pribadi/Button - Capture Face with KTP'

2021-10-18 10:48:05 - [MESSAGE][WARNING] - Timeout '0' is invalid. Using default page load timeout: '60'

2021-10-18 10:48:05 - [MESSAGE][PASSED] - Tapped on element 'Object Repository/Mobile/Page/Register/Not Registered/Informasi Pribadi/Button - Capture Face with KTP'

2021-10-18 10:48:05 - [TEST_STEP][PASSED] - delay(2): Delayed 2 second(s)

2021-10-18 10:48:07 - [MESSAGE][PASSED] - Delayed 2 second(s)

2021-10-18 10:48:07 - [TEST_STEP][PASSED] - hideKeyboard(): Keyboard is hidden

2021-10-18 10:48:14 - [MESSAGE][PASSED] - Keyboard is hidden

2021-10-18 10:48:14 - [TEST_STEP][PASSED] - delay(1): Delayed 1 second(s)

2021-10-18 10:48:15 - [MESSAGE][PASSED] - Delayed 1 second(s)

2021-10-18 10:48:15 - [TEST_STEP][PASSED] - scroll.scroll.scrollToBottomOpenKeyboard(): scroll.scroll.scrollToBottomOpenKeyboard is PASSED

2021-10-18 10:48:15 - [MESSAGE][PASSED] - Current device physical height is 1423

2021-10-18 10:48:15 - [MESSAGE][PASSED] - Current device physical width is 720

2021-10-18 10:48:16 - [MESSAGE][PASSED] - Swiped from 360,853 to 360,284

2021-10-18 10:48:16 - [MESSAGE][PASSED] - scroll.scroll.scrollToBottomOpenKeyboard is PASSED

2021-10-18 10:48:16 - [TEST_STEP][PASSED] - tap(findTestObject("Object Repository/Mobile/Page/Register/Not Registered/Informasi Pribadi/Radio Button - Low Risk"), 0, STOP_ON_FAILURE): Tapped on element 'Object Repository/Mobile/Page/Register/Not Registered/Informasi Pribadi/Radio Button - Low Risk'

2021-10-18 10:48:16 - [MESSAGE][WARNING] - Timeout '0' is invalid. Using default page load timeout: '60'

2021-10-18 10:48:17 - [MESSAGE][PASSED] - Tapped on element 'Object Repository/Mobile/Page/Register/Not Registered/Informasi Pribadi/Radio Button - Low Risk'

2021-10-18 10:48:17 - [TEST_STEP][PASSED] - delay(1): Delayed 1 second(s)

2021-10-18 10:48:18 - [MESSAGE][PASSED] - Delayed 1 second(s)

2021-10-18 10:48:18 - [TEST_STEP][PASSED] - tap(findTestObject("Object Repository/Mobile/Page/Register/Not Registered/Informasi Pribadi/Radio Button - Medium Risk"), 0, STOP_ON_FAILURE): Tapped on element 'Object Repository/Mobile/Page/Register/Not Registered/Informasi Pribadi/Radio Button - Medium Risk'

2021-10-18 10:48:18 - [MESSAGE][WARNING] - Timeout '0' is invalid. Using default page load timeout: '60'

2021-10-18 10:48:19 - [MESSAGE][PASSED] - Tapped on element 'Object Repository/Mobile/Page/Register/Not Registered/Informasi Pribadi/Radio Button - Medium Risk'

2021-10-18 10:48:19 - [TEST_STEP][PASSED] - delay(1): Delayed 1 second(s)

2021-10-18 10:48:20 - [MESSAGE][PASSED] - Delayed 1 second(s)

2021-10-18 10:48:20 - [TEST_STEP][PASSED] - tap(findTestObject("Object Repository/Mobile/Page/Register/Not Registered/Informasi Pribadi/Radio Button - High Risk"), 0, STOP_ON_FAILURE): Tapped on element 'Object Repository/Mobile/Page/Register/Not Registered/Informasi Pribadi/Radio Button - High Risk'

2021-10-18 10:48:20 - [MESSAGE][WARNING] - Timeout '0' is invalid. Using default page load timeout: '60'

2021-10-18 10:48:21 - [MESSAGE][PASSED] - Tapped on element 'Object Repository/Mobile/Page/Register/Not Registered/Informasi Pribadi/Radio Button - High Risk'

2021-10-18 10:48:21 - [TEST_STEP][PASSED] - delay(1): Delayed 1 second(s)

2021-10-18 10:48:22 - [MESSAGE][PASSED] - Delayed 1 second(s)

2021-10-18 10:48:22 - [TEST_STEP][PASSED] - tap(findTestObject("Object Repository/Mobile/Page/Register/Not Registered/Informasi Pribadi/Button - Next"), 0, STOP_ON_FAILURE): Tapped on element 'Object Repository/Mobile/Page/Register/Not Registered/Informasi Pribadi/Button - Next'

2021-10-18 10:48:22 - [MESSAGE][WARNING] - Timeout '0' is invalid. Using default page load timeout: '60'

2021-10-18 10:48:24 - [MESSAGE][PASSED] - Tapped on element 'Object Repository/Mobile/Page/Register/Not Registered/Informasi Pribadi/Button - Next'

2021-10-18 10:48:24 - [TEST_STEP][PASSED] - delay(1): Delayed 1 second(s)

2021-10-18 10:48:25 - [MESSAGE][PASSED] - Delayed 1 second(s)

2021-10-18 10:48:25 - [TEST_STEP][PASSED] - tapAndHold(findTestObject("Mobile/Page/Register/Not Registered/Akun Bank/Dropdown - Bank"), 1, 0, STOP_ON_FAILURE): Tapped and held on element 'Object Repository/Mobile/Page/Register/Not Registered/Akun Bank/Dropdown - Bank' with duration 1

2021-10-18 10:48:25 - [MESSAGE][WARNING] - Timeout '0' is invalid. Using default page load timeout: '60'

2021-10-18 10:48:27 - [MESSAGE][PASSED] - Tapped and held on element 'Object Repository/Mobile/Page/Register/Not Registered/Akun Bank/Dropdown - Bank' with duration 1

2021-10-18 10:48:27 - [TEST_STEP][PASSED] - tap(findTestObject("Mobile/Page/Register/Not Registered/Akun Bank/Edit Text - Search Bank"), 0, STOP_ON_FAILURE): Tapped on element 'Object Repository/Mobile/Page/Register/Not Registered/Akun Bank/Edit Text - Search Bank'

2021-10-18 10:48:27 - [MESSAGE][WARNING] - Timeout '0' is invalid. Using default page load timeout: '60'

2021-10-18 10:48:28 - [MESSAGE][PASSED] - Tapped on element 'Object Repository/Mobile/Page/Register/Not Registered/Akun Bank/Edit Text - Search Bank'

2021-10-18 10:48:28 - [TEST_STEP][PASSED] - setText(findTestObject("Mobile/Page/Register/Not Registered/Akun Bank/Edit Text - Search Bank"), "citibank", 0, STOP_ON_FAILURE): Text 'citibank' has been set to element 'Object Repository/Mobile/Page/Register/Not Registered/Akun Bank/Edit Text - Search Bank'

2021-10-18 10:48:28 - [MESSAGE][WARNING] - Timeout '0' is invalid. Using default page load timeout: '60'

2021-10-18 10:48:30 - [MESSAGE][PASSED] - Text 'citibank' has been set to element 'Object Repository/Mobile/Page/Register/Not Registered/Akun Bank/Edit Text - Search Bank'

2021-10-18 10:48:30 - [TEST_STEP][PASSED] - driver = getDriver(): null

2021-10-18 10:48:30 - [TEST_STEP][PASSED] - driver.pressKeyCode(ENTER): null

2021-10-18 10:48:30 - [TEST_STEP][PASSED] - tap(findTestObject("Object Repository/Mobile/Page/Register/Not Registered/Akun Bank/Item - Top Search Bank"), 0, STOP_ON_FAILURE): Tapped on element 'Object Repository/Mobile/Page/Register/Not Registered/Akun Bank/Item - Top Search Bank'

2021-10-18 10:48:30 - [MESSAGE][WARNING] - Timeout '0' is invalid. Using default page load timeout: '60'

2021-10-18 10:48:32 - [MESSAGE][PASSED] - Tapped on element 'Object Repository/Mobile/Page/Register/Not Registered/Akun Bank/Item - Top Search Bank'

2021-10-18 10:48:32 - [TEST_STEP][PASSED] - delay(1): Delayed 1 second(s)

2021-10-18 10:48:33 - [MESSAGE][PASSED] - Delayed 1 second(s)

2021-10-18 10:48:33 - [TEST_STEP][PASSED] - tapAndHold(findTestObject("Mobile/Page/Register/Not Registered/Akun Bank/Dropdown - Country"), 1, 0, STOP_ON_FAILURE): Tapped and held on element 'Object Repository/Mobile/Page/Register/Not Registered/Akun Bank/Dropdown - Country' with duration 1

2021-10-18 10:48:33 - [MESSAGE][WARNING] - Timeout '0' is invalid. Using default page load timeout: '60'

2021-10-18 10:48:35 - [MESSAGE][PASSED] - Tapped and held on element 'Object Repository/Mobile/Page/Register/Not Registered/Akun Bank/Dropdown - Country' with duration 1

2021-10-18 10:48:35 - [TEST_STEP][PASSED] - tap(findTestObject("Object Repository/Mobile/Page/Register/Not Registered/Akun Bank/Dropdown - Country Option Indonesia"), 0, STOP_ON_FAILURE): Tapped on element 'Object Repository/Mobile/Page/Register/Not Registered/Akun Bank/Dropdown - Country Option Indonesia'

2021-10-18 10:48:35 - [MESSAGE][WARNING] - Timeout '0' is invalid. Using default page load timeout: '60'

2021-10-18 10:48:37 - [MESSAGE][PASSED] - Tapped on element 'Object Repository/Mobile/Page/Register/Not Registered/Akun Bank/Dropdown - Country Option Indonesia'

2021-10-18 10:48:37 - [TEST_STEP][PASSED] - delay(1): Delayed 1 second(s)

2021-10-18 10:48:38 - [MESSAGE][PASSED] - Delayed 1 second(s)

2021-10-18 10:48:38 - [TEST_STEP][PASSED] - if (negativeStatus == "isBranchNumber"): Delayed 1 second(s)

2021-10-18 10:48:38 - [TEST_STEP][PASSED] - branch = "111111": null

2021-10-18 10:48:38 - [TEST_STEP][PASSED] - tap(findTestObject("Object Repository/Mobile/Page/Register/Not Registered/Akun Bank/Edit Text - Branch"), 0, STOP_ON_FAILURE): Tapped on element 'Object Repository/Mobile/Page/Register/Not Registered/Akun Bank/Edit Text - Branch'

2021-10-18 10:48:38 - [MESSAGE][WARNING] - Timeout '0' is invalid. Using default page load timeout: '60'

2021-10-18 10:48:38 - [MESSAGE][PASSED] - Tapped on element 'Object Repository/Mobile/Page/Register/Not Registered/Akun Bank/Edit Text - Branch'

2021-10-18 10:48:38 - [TEST_STEP][PASSED] - setText(findTestObject("Object Repository/Mobile/Page/Register/Not Registered/Akun Bank/Edit Text - Branch"), branch, 0, STOP_ON_FAILURE): Text '111111' has been set to element 'Object Repository/Mobile/Page/Register/Not Registered/Akun Bank/Edit Text - Branch'

2021-10-18 10:48:38 - [MESSAGE][WARNING] - Timeout '0' is invalid. Using default page load timeout: '60'

2021-10-18 10:48:39 - [MESSAGE][PASSED] - Text '111111' has been set to element 'Object Repository/Mobile/Page/Register/Not Registered/Akun Bank/Edit Text - Branch'

2021-10-18 10:48:39 - [TEST_STEP][PASSED] - hideKeyboard(): Keyboard is hidden

2021-10-18 10:48:43 - [MESSAGE][PASSED] - Keyboard is hidden

2021-10-18 10:48:43 - [TEST_STEP][PASSED] - delay(1): Delayed 1 second(s)

2021-10-18 10:48:44 - [MESSAGE][PASSED] - Delayed 1 second(s)

2021-10-18 10:48:44 - [TEST_STEP][PASSED] - tap(findTestObject("Object Repository/Mobile/Page/Register/Not Registered/Akun Bank/Edit Text - Account Number"), 0, STOP_ON_FAILURE): Tapped on element 'Object Repository/Mobile/Page/Register/Not Registered/Akun Bank/Edit Text - Account Number'

2021-10-18 10:48:44 - [MESSAGE][WARNING] - Timeout '0' is invalid. Using default page load timeout: '60'

2021-10-18 10:48:45 - [MESSAGE][PASSED] - Tapped on element 'Object Repository/Mobile/Page/Register/Not Registered/Akun Bank/Edit Text - Account Number'

2021-10-18 10:48:45 - [TEST_STEP][PASSED] - setText(findTestObject("Object Repository/Mobile/Page/Register/Not Registered/Akun Bank/Edit Text - Account Number"), accountnumber, 0, STOP_ON_FAILURE): Text '222444222444' has been set to element 'Object Repository/Mobile/Page/Register/Not Registered/Akun Bank/Edit Text - Account Number'

2021-10-18 10:48:45 - [MESSAGE][WARNING] - Timeout '0' is invalid. Using default page load timeout: '60'

2021-10-18 10:48:46 - [MESSAGE][PASSED] - Text '222444222444' has been set to element 'Object Repository/Mobile/Page/Register/Not Registered/Akun Bank/Edit Text - Account Number'

2021-10-18 10:48:46 - [TEST_STEP][PASSED] - hideKeyboard(): Keyboard is hidden

2021-10-18 10:48:52 - [MESSAGE][PASSED] - Keyboard is hidden

2021-10-18 10:48:52 - [TEST_STEP][PASSED] - delay(1): Delayed 1 second(s)

2021-10-18 10:48:53 - [MESSAGE][PASSED] - Delayed 1 second(s)

2021-10-18 10:48:53 - [TEST_STEP][PASSED] - if (negativeStatus == "isNameOwnerNotMatch"): null

2021-10-18 10:48:53 - [TEST_STEP][PASSED] - else: Delayed 1 second(s)

2021-10-18 10:48:53 - [TEST_STEP][PASSED] - tap(findTestObject("Object Repository/Mobile/Page/Register/Not Registered/Akun Bank/Edit Text - Name Owner"), 0, STOP_ON_FAILURE): Tapped on element 'Object Repository/Mobile/Page/Register/Not Registered/Akun Bank/Edit Text - Name Owner'

2021-10-18 10:48:53 - [MESSAGE][WARNING] - Timeout '0' is invalid. Using default page load timeout: '60'

2021-10-18 10:48:54 - [MESSAGE][PASSED] - Tapped on element 'Object Repository/Mobile/Page/Register/Not Registered/Akun Bank/Edit Text - Name Owner'

2021-10-18 10:48:54 - [TEST_STEP][PASSED] - setText(findTestObject("Object Repository/Mobile/Page/Register/Not Registered/Akun Bank/Edit Text - Name Owner"), nameowner, 0, STOP_ON_FAILURE): Text 'qatestingjTVUpJzDjB' has been set to element 'Object Repository/Mobile/Page/Register/Not Registered/Akun Bank/Edit Text - Name Owner'

2021-10-18 10:48:54 - [MESSAGE][WARNING] - Timeout '0' is invalid. Using default page load timeout: '60'

2021-10-18 10:48:55 - [MESSAGE][PASSED] - Text 'qatestingjTVUpJzDjB' has been set to element 'Object Repository/Mobile/Page/Register/Not Registered/Akun Bank/Edit Text - Name Owner'

2021-10-18 10:48:55 - [TEST_STEP][PASSED] - hideKeyboard(): Keyboard is hidden

2021-10-18 10:48:59 - [MESSAGE][PASSED] - Keyboard is hidden

2021-10-18 10:48:59 - [TEST_STEP][PASSED] - delay(1): Delayed 1 second(s)

2021-10-18 10:49:00 - [MESSAGE][PASSED] - Delayed 1 second(s)

2021-10-18 10:49:00 - [TEST_STEP][PASSED] - tap(findTestObject("Object Repository/Mobile/Page/Register/Not Registered/Akun Bank/Button - Next"), 0, STOP_ON_FAILURE): Tapped on element 'Object Repository/Mobile/Page/Register/Not Registered/Akun Bank/Button - Next'

2021-10-18 10:49:00 - [MESSAGE][WARNING] - Timeout '0' is invalid. Using default page load timeout: '60'

2021-10-18 10:49:02 - [MESSAGE][PASSED] - Tapped on element 'Object Repository/Mobile/Page/Register/Not Registered/Akun Bank/Button - Next'

2021-10-18 10:49:02 - [TEST_STEP][PASSED] - delay(1): Delayed 1 second(s)

2021-10-18 10:49:03 - [MESSAGE][PASSED] - Delayed 1 second(s)

2021-10-18 10:49:03 - [TEST_STEP][PASSED] - if (isUseReferralCode == 1): null

2021-10-18 10:49:03 - [TEST_STEP][PASSED] - if (negativeStatus == "isNotUseSignature"): null

2021-10-18 10:49:03 - [TEST_STEP][PASSED] - else: Delayed 1 second(s)

2021-10-18 10:49:03 - [TEST_STEP][PASSED] - scroll.scroll.scrollRightToLeft(findTestObject("Object Repository/Mobile/Page/Register/Not Registered/Konfirmasi/Field - Signature")): scroll.scroll.scrollRightToLeft is PASSED

2021-10-18 10:49:03 - [MESSAGE][WARNING] - Timeout '0' is invalid. Using default page load timeout: '60'

2021-10-18 10:49:03 - [MESSAGE][PASSED] - Object 'Object Repository/Mobile/Page/Register/Not Registered/Konfirmasi/Field - Signature' has left position '31'

2021-10-18 10:49:03 - [MESSAGE][WARNING] - Timeout '0' is invalid. Using default page load timeout: '60'

2021-10-18 10:49:03 - [MESSAGE][PASSED] - Object 'Object Repository/Mobile/Page/Register/Not Registered/Konfirmasi/Field - Signature' has top position '612'

2021-10-18 10:49:03 - [MESSAGE][WARNING] - Timeout '0' is invalid. Using default page load timeout: '60'

2021-10-18 10:49:03 - [MESSAGE][PASSED] - Object 'Object Repository/Mobile/Page/Register/Not Registered/Konfirmasi/Field - Signature' has width: '658'

2021-10-18 10:49:03 - [MESSAGE][WARNING] - Timeout '0' is invalid. Using default page load timeout: '60'

2021-10-18 10:49:03 - [MESSAGE][PASSED] - Object 'Object Repository/Mobile/Page/Register/Not Registered/Konfirmasi/Field - Signature' has height: '384'

2021-10-18 10:49:05 - [MESSAGE][PASSED] - Swiped from 557,804 to 162,804

2021-10-18 10:49:05 - [MESSAGE][PASSED] - scroll.scroll.scrollRightToLeft is PASSED

2021-10-18 10:49:05 - [TEST_STEP][PASSED] - delay(1): Delayed 1 second(s)

2021-10-18 10:49:06 - [MESSAGE][PASSED] - Delayed 1 second(s)

2021-10-18 10:49:06 - [TEST_STEP][PASSED] - tap(findTestObject("Object Repository/Mobile/Page/Register/Not Registered/Konfirmasi/Checkbox - Agreement"), 0, STOP_ON_FAILURE): Tapped on element 'Object Repository/Mobile/Page/Register/Not Registered/Konfirmasi/Checkbox - Agreement'

2021-10-18 10:49:06 - [MESSAGE][WARNING] - Timeout '0' is invalid. Using default page load timeout: '60'

2021-10-18 10:49:06 - [MESSAGE][PASSED] - Tapped on element 'Object Repository/Mobile/Page/Register/Not Registered/Konfirmasi/Checkbox - Agreement'

2021-10-18 10:49:06 - [TEST_STEP][PASSED] - delay(1): Delayed 1 second(s)

2021-10-18 10:49:07 - [MESSAGE][PASSED] - Delayed 1 second(s)

2021-10-18 10:49:07 - [TEST_STEP][PASSED] - tap(findTestObject("Object Repository/Mobile/Page/Register/Not Registered/Konfirmasi/Button - Next"), 0, STOP_ON_FAILURE): Tapped on element 'Object Repository/Mobile/Page/Register/Not Registered/Konfirmasi/Button - Next'

2021-10-18 10:49:07 - [MESSAGE][WARNING] - Timeout '0' is invalid. Using default page load timeout: '60'

2021-10-18 10:49:08 - [MESSAGE][PASSED] - Tapped on element 'Object Repository/Mobile/Page/Register/Not Registered/Konfirmasi/Button - Next'

2021-10-18 10:49:08 - [TEST_STEP][PASSED] - delay(5): Delayed 5 second(s)

2021-10-18 10:49:13 - [MESSAGE][PASSED] - Delayed 5 second(s)

2021-10-18 10:49:13 - [TEST_STEP][PASSED] - tap(findTestObject("Object Repository/Mobile/Page/Register/Not Registered/Konfirmasi/Button - Back to Home"), 0, STOP_ON_FAILURE): Tapped on element 'Object Repository/Mobile/Page/Register/Not Registered/Konfirmasi/Button - Back to Home'

2021-10-18 10:49:13 - [MESSAGE][WARNING] - Timeout '0' is invalid. Using default page load timeout: '60'

2021-10-18 10:49:14 - [MESSAGE][PASSED] - Tapped on element 'Object Repository/Mobile/Page/Register/Not Registered/Konfirmasi/Button - Back to Home'

2021-10-18 10:49:14 - [TEST_STEP][PASSED] - delay(1): Delayed 1 second(s)

2021-10-18 10:49:15 - [MESSAGE][PASSED] - Delayed 1 second(s)

2021-10-18 10:49:15 - [MESSAGE][PASSED] - Call Test Case 'Test Cases/Mobile/Page/Register/Register' successfully

2021-10-18 10:49:15 - [TEST_STEP][PASSED] - callTestCase(findTestCase("Mobile/Page/Run App/Terminate App"), [:], STOP_ON_FAILURE): Call Test Case 'Test Cases/Mobile/Page/Run App/Terminate App' successfully

2021-10-18 10:49:15 - [TEST_CASE][PASSED] - Test Cases/Mobile/Page/Run App/Terminate App: Test Cases/Mobile/Page/Run App/Terminate App

2021-10-18 10:49:15 - [TEST_STEP][PASSED] - startApp.OpenApp.terminateApplication(): startApp.OpenApp.terminateApplication is PASSED

2021-10-18 10:49:18 - [MESSAGE][PASSED] - Delayed 3 second(s)

2021-10-18 10:49:18 - [MESSAGE][WARNING] - Timeout '0' is invalid. Using default page load timeout: '60'

2021-10-18 10:49:20 - [MESSAGE][PASSED] - Tapped on element 'Object Repository/Mobile/Page/Button - Close all application'

2021-10-18 10:49:23 - [MESSAGE][PASSED] - Delayed 3 second(s)

2021-10-18 10:49:23 - [MESSAGE][PASSED] - startApp.OpenApp.terminateApplication is PASSED

2021-10-18 10:49:23 - [MESSAGE][PASSED] - Call Test Case 'Test Cases/Mobile/Page/Run App/Terminate App' successfully]]></system-out>
         <system-err><![CDATA[]]></system-err>
      </testcase>
      <testcase name="Test Cases/Mobile/Scenario/Register/016 - User memasukkan nama di rekening berbeda dengan nama akun" time="198.597" classname="Test Cases/Mobile/Scenario/Register/016 - User memasukkan nama di rekening berbeda dengan nama akun" status="PASSED">
         <system-out><![CDATA[2021-10-18 10:49:23 - [TEST_CASE][PASSED] - Test Cases/Mobile/Scenario/Register/016 - User memasukkan nama di rekening berbeda dengan nama akun: Test Cases/Mobile/Scenario/Register/016 - User memasukkan nama di rekening berbeda dengan nama akun

2021-10-18 10:49:23 - [TEST_STEP][PASSED] - callTestCase(findTestCase("Mobile/Page/Run App/Run App byID"), [:], STOP_ON_FAILURE): Call Test Case 'Test Cases/Mobile/Page/Run App/Run App byID' successfully

2021-10-18 10:49:24 - [TEST_CASE][PASSED] - Test Cases/Mobile/Page/Run App/Run App byID: Test Cases/Mobile/Page/Run App/Run App byID

2021-10-18 10:49:24 - [TEST_STEP][PASSED] - startApp.OpenApp.startApplication("com.mirae.maxfund"): startApp.OpenApp.startApplication is PASSED

2021-10-18 10:49:36 - [MESSAGE][PASSED] - Starting app with application ID: 'com.mirae.maxfund'

2021-10-18 10:49:36 - [MESSAGE][PASSED] - startApp.OpenApp.startApplication is PASSED

2021-10-18 10:49:36 - [MESSAGE][PASSED] - Call Test Case 'Test Cases/Mobile/Page/Run App/Run App byID' successfully

2021-10-18 10:49:36 - [TEST_STEP][PASSED] - callTestCase(findTestCase("Mobile/Page/Register/Register"), ["isFromLoginPage":0, "isBedaAlamat":0, "isUseReferralCode":0, "negativeStatus":"isNameOwnerNotMatch"], STOP_ON_FAILURE): Call Test Case 'Test Cases/Mobile/Page/Register/Register' successfully

2021-10-18 10:49:36 - [TEST_CASE][PASSED] - Test Cases/Mobile/Page/Register/Register: Test Cases/Mobile/Page/Register/Register

2021-10-18 10:49:36 - [TEST_STEP][PASSED] - fullname = "qatesting" + acak.acak.randomStringWord(): acak.acak.randomStringWord is PASSED

2021-10-18 10:49:36 - [MESSAGE][PASSED] - acak.acak.randomStringWord is PASSED

2021-10-18 10:49:36 - [TEST_STEP][PASSED] - birthdate = "1/1/1998": null

2021-10-18 10:49:36 - [TEST_STEP][PASSED] - phone = "082257" + acak.acak.randomStringNumber(6): acak.acak.randomStringNumber is PASSED

2021-10-18 10:49:36 - [MESSAGE][PASSED] - acak.acak.randomStringNumber is PASSED

2021-10-18 10:49:36 - [TEST_STEP][PASSED] - email = fullname + "@gmail.com": null

2021-10-18 10:49:36 - [TEST_STEP][PASSED] - password = "Mirae1234": null

2021-10-18 10:49:36 - [TEST_STEP][PASSED] - branch = "qa cabang": null

2021-10-18 10:49:36 - [TEST_STEP][PASSED] - accountnumber = "222444222444": null

2021-10-18 10:49:36 - [TEST_STEP][PASSED] - nameowner = fullname: null

2021-10-18 10:49:36 - [TEST_STEP][PASSED] - alamat = "Jl. Cempaka Putih Barat 12 F No.12, RT.8/RW.8": null

2021-10-18 10:49:36 - [TEST_STEP][PASSED] - kodepos = "15412": null

2021-10-18 10:49:36 - [TEST_STEP][PASSED] - referralcode = "15412": null

2021-10-18 10:49:36 - [TEST_STEP][PASSED] - flag = "indonesia": null

2021-10-18 10:49:36 - [TEST_STEP][PASSED] - bank = "citibank": null

2021-10-18 10:49:36 - [TEST_STEP][PASSED] - if (isFromLoginPage == 1): null

2021-10-18 10:49:36 - [TEST_STEP][PASSED] - else: Delayed 1 second(s)

2021-10-18 10:49:36 - [TEST_STEP][PASSED] - tap(findTestObject("Object Repository/Mobile/Page/Dashboard/Button - Register"), 0, STOP_ON_FAILURE): Tapped on element 'Object Repository/Mobile/Page/Dashboard/Button - Register'

2021-10-18 10:49:36 - [MESSAGE][WARNING] - Timeout '0' is invalid. Using default page load timeout: '60'

2021-10-18 10:49:40 - [MESSAGE][PASSED] - Tapped on element 'Object Repository/Mobile/Page/Dashboard/Button - Register'

2021-10-18 10:49:40 - [TEST_STEP][PASSED] - delay(1): Delayed 1 second(s)

2021-10-18 10:49:41 - [MESSAGE][PASSED] - Delayed 1 second(s)

2021-10-18 10:49:41 - [TEST_STEP][PASSED] - for ([i = 0, i < 1, (i++)]): null

2021-10-18 10:49:41 - [TEST_STEP][PASSED] - if (negativeStatus == "isRegistered"): null

2021-10-18 10:49:41 - [TEST_STEP][PASSED] - tap(findTestObject("Object Repository/Mobile/Page/Register/Radio Button - Not registered yet"), 0, STOP_ON_FAILURE): Tapped on element 'Object Repository/Mobile/Page/Register/Radio Button - Not registered yet'

2021-10-18 10:49:41 - [MESSAGE][WARNING] - Timeout '0' is invalid. Using default page load timeout: '60'

2021-10-18 10:49:43 - [MESSAGE][PASSED] - Tapped on element 'Object Repository/Mobile/Page/Register/Radio Button - Not registered yet'

2021-10-18 10:49:43 - [TEST_STEP][PASSED] - delay(1): Delayed 1 second(s)

2021-10-18 10:49:44 - [MESSAGE][PASSED] - Delayed 1 second(s)

2021-10-18 10:49:44 - [TEST_STEP][PASSED] - tap(findTestObject("Object Repository/Mobile/Page/Register/Not Registered/Button - Next"), 0, STOP_ON_FAILURE): Tapped on element 'Object Repository/Mobile/Page/Register/Not Registered/Button - Next'

2021-10-18 10:49:44 - [MESSAGE][WARNING] - Timeout '0' is invalid. Using default page load timeout: '60'

2021-10-18 10:49:45 - [MESSAGE][PASSED] - Tapped on element 'Object Repository/Mobile/Page/Register/Not Registered/Button - Next'

2021-10-18 10:49:45 - [TEST_STEP][PASSED] - delay(1): Delayed 1 second(s)

2021-10-18 10:49:46 - [MESSAGE][PASSED] - Delayed 1 second(s)

2021-10-18 10:49:46 - [TEST_STEP][PASSED] - tap(findTestObject("Object Repository/Mobile/Page/Register/Not Registered/Informasi Pribadi/Edit Text - Fullname"), 0, STOP_ON_FAILURE): Tapped on element 'Object Repository/Mobile/Page/Register/Not Registered/Informasi Pribadi/Edit Text - Fullname'

2021-10-18 10:49:46 - [MESSAGE][WARNING] - Timeout '0' is invalid. Using default page load timeout: '60'

2021-10-18 10:49:46 - [MESSAGE][PASSED] - Tapped on element 'Object Repository/Mobile/Page/Register/Not Registered/Informasi Pribadi/Edit Text - Fullname'

2021-10-18 10:49:46 - [TEST_STEP][PASSED] - setText(findTestObject("Object Repository/Mobile/Page/Register/Not Registered/Informasi Pribadi/Edit Text - Fullname"), fullname, 0): Text 'qatestinggiWjlYRArU' has been set to element 'Object Repository/Mobile/Page/Register/Not Registered/Informasi Pribadi/Edit Text - Fullname'

2021-10-18 10:49:46 - [MESSAGE][WARNING] - Timeout '0' is invalid. Using default page load timeout: '60'

2021-10-18 10:49:48 - [MESSAGE][PASSED] - Text 'qatestinggiWjlYRArU' has been set to element 'Object Repository/Mobile/Page/Register/Not Registered/Informasi Pribadi/Edit Text - Fullname'

2021-10-18 10:49:48 - [TEST_STEP][PASSED] - hideKeyboard(): Keyboard is hidden

2021-10-18 10:49:52 - [MESSAGE][PASSED] - Keyboard is hidden

2021-10-18 10:49:52 - [TEST_STEP][PASSED] - delay(1): Delayed 1 second(s)

2021-10-18 10:49:53 - [MESSAGE][PASSED] - Delayed 1 second(s)

2021-10-18 10:49:53 - [TEST_STEP][PASSED] - tap(findTestObject("Object Repository/Mobile/Page/Register/Not Registered/Informasi Pribadi/Date Picker - Date of Birth"), 0, STOP_ON_FAILURE): Tapped on element 'Object Repository/Mobile/Page/Register/Not Registered/Informasi Pribadi/Date Picker - Date of Birth'

2021-10-18 10:49:53 - [MESSAGE][WARNING] - Timeout '0' is invalid. Using default page load timeout: '60'

2021-10-18 10:49:53 - [MESSAGE][PASSED] - Tapped on element 'Object Repository/Mobile/Page/Register/Not Registered/Informasi Pribadi/Date Picker - Date of Birth'

2021-10-18 10:49:53 - [TEST_STEP][PASSED] - tap(findTestObject("Object Repository/Mobile/Page/Register/Not Registered/Informasi Pribadi/Date Picker - Icon Edit"), 0, STOP_ON_FAILURE): Tapped on element 'Object Repository/Mobile/Page/Register/Not Registered/Informasi Pribadi/Date Picker - Icon Edit'

2021-10-18 10:49:53 - [MESSAGE][WARNING] - Timeout '0' is invalid. Using default page load timeout: '60'

2021-10-18 10:49:56 - [MESSAGE][PASSED] - Tapped on element 'Object Repository/Mobile/Page/Register/Not Registered/Informasi Pribadi/Date Picker - Icon Edit'

2021-10-18 10:49:56 - [TEST_STEP][PASSED] - if (negativeStatus == "isCheckDateOfBirth"): null

2021-10-18 10:49:56 - [TEST_STEP][PASSED] - else: Delayed 1 second(s)

2021-10-18 10:49:56 - [TEST_STEP][PASSED] - setText(findTestObject("Mobile/Page/Register/Not Registered/Informasi Pribadi/Date Picker - Edit Text Date"), birthdate, 0): Text '1/1/1998' has been set to element 'Object Repository/Mobile/Page/Register/Not Registered/Informasi Pribadi/Date Picker - Edit Text Date'

2021-10-18 10:49:56 - [MESSAGE][WARNING] - Timeout '0' is invalid. Using default page load timeout: '60'

2021-10-18 10:49:57 - [MESSAGE][PASSED] - Text '1/1/1998' has been set to element 'Object Repository/Mobile/Page/Register/Not Registered/Informasi Pribadi/Date Picker - Edit Text Date'

2021-10-18 10:49:57 - [TEST_STEP][PASSED] - tap(findTestObject("Mobile/Page/Register/Not Registered/Informasi Pribadi/Date Picker - Button OK"), 0, STOP_ON_FAILURE): Tapped on element 'Object Repository/Mobile/Page/Register/Not Registered/Informasi Pribadi/Date Picker - Button OK'

2021-10-18 10:49:57 - [MESSAGE][WARNING] - Timeout '0' is invalid. Using default page load timeout: '60'

2021-10-18 10:49:58 - [MESSAGE][PASSED] - Tapped on element 'Object Repository/Mobile/Page/Register/Not Registered/Informasi Pribadi/Date Picker - Button OK'

2021-10-18 10:49:58 - [TEST_STEP][PASSED] - delay(1): Delayed 1 second(s)

2021-10-18 10:49:59 - [MESSAGE][PASSED] - Delayed 1 second(s)

2021-10-18 10:49:59 - [TEST_STEP][PASSED] - if (negativeStatus == "isPhoneNumberNonIndo"): null

2021-10-18 10:49:59 - [TEST_STEP][PASSED] - tap(findTestObject("Object Repository/Mobile/Page/Register/Not Registered/Informasi Pribadi/Dropdown - Flag Phone Number"), 0, STOP_ON_FAILURE): Tapped on element 'Object Repository/Mobile/Page/Register/Not Registered/Informasi Pribadi/Dropdown - Flag Phone Number'

2021-10-18 10:49:59 - [MESSAGE][WARNING] - Timeout '0' is invalid. Using default page load timeout: '60'

2021-10-18 10:50:00 - [MESSAGE][PASSED] - Tapped on element 'Object Repository/Mobile/Page/Register/Not Registered/Informasi Pribadi/Dropdown - Flag Phone Number'

2021-10-18 10:50:00 - [TEST_STEP][PASSED] - tap(findTestObject("Object Repository/Mobile/Page/Register/Not Registered/Informasi Pribadi/Edit Text - Search Flag"), 0, STOP_ON_FAILURE): Tapped on element 'Object Repository/Mobile/Page/Register/Not Registered/Informasi Pribadi/Edit Text - Search Flag'

2021-10-18 10:50:00 - [MESSAGE][WARNING] - Timeout '0' is invalid. Using default page load timeout: '60'

2021-10-18 10:50:01 - [MESSAGE][PASSED] - Tapped on element 'Object Repository/Mobile/Page/Register/Not Registered/Informasi Pribadi/Edit Text - Search Flag'

2021-10-18 10:50:01 - [TEST_STEP][PASSED] - setText(findTestObject("Object Repository/Mobile/Page/Register/Not Registered/Informasi Pribadi/Edit Text - Search Flag"), flag, 0): Text 'indonesia' has been set to element 'Object Repository/Mobile/Page/Register/Not Registered/Informasi Pribadi/Edit Text - Search Flag'

2021-10-18 10:50:01 - [MESSAGE][WARNING] - Timeout '0' is invalid. Using default page load timeout: '60'

2021-10-18 10:50:03 - [MESSAGE][PASSED] - Text 'indonesia' has been set to element 'Object Repository/Mobile/Page/Register/Not Registered/Informasi Pribadi/Edit Text - Search Flag'

2021-10-18 10:50:03 - [TEST_STEP][PASSED] - tap(findTestObject("Mobile/Page/Register/Not Registered/Informasi Pribadi/Item Flag - Top Search"), 0, STOP_ON_FAILURE): Tapped on element 'Object Repository/Mobile/Page/Register/Not Registered/Informasi Pribadi/Item Flag - Top Search'

2021-10-18 10:50:03 - [MESSAGE][WARNING] - Timeout '0' is invalid. Using default page load timeout: '60'

2021-10-18 10:50:04 - [MESSAGE][PASSED] - Tapped on element 'Object Repository/Mobile/Page/Register/Not Registered/Informasi Pribadi/Item Flag - Top Search'

2021-10-18 10:50:04 - [TEST_STEP][PASSED] - tap(findTestObject("Object Repository/Mobile/Page/Register/Not Registered/Informasi Pribadi/Edit Text - Phone Number"), 0, STOP_ON_FAILURE): Tapped on element 'Object Repository/Mobile/Page/Register/Not Registered/Informasi Pribadi/Edit Text - Phone Number'

2021-10-18 10:50:04 - [MESSAGE][WARNING] - Timeout '0' is invalid. Using default page load timeout: '60'

2021-10-18 10:50:05 - [MESSAGE][PASSED] - Tapped on element 'Object Repository/Mobile/Page/Register/Not Registered/Informasi Pribadi/Edit Text - Phone Number'

2021-10-18 10:50:05 - [TEST_STEP][PASSED] - setText(findTestObject("Object Repository/Mobile/Page/Register/Not Registered/Informasi Pribadi/Edit Text - Phone Number"), phone, 0): Text '082257246469' has been set to element 'Object Repository/Mobile/Page/Register/Not Registered/Informasi Pribadi/Edit Text - Phone Number'

2021-10-18 10:50:05 - [MESSAGE][WARNING] - Timeout '0' is invalid. Using default page load timeout: '60'

2021-10-18 10:50:06 - [MESSAGE][PASSED] - Text '082257246469' has been set to element 'Object Repository/Mobile/Page/Register/Not Registered/Informasi Pribadi/Edit Text - Phone Number'

2021-10-18 10:50:06 - [TEST_STEP][PASSED] - hideKeyboard(): Keyboard is hidden

2021-10-18 10:50:13 - [MESSAGE][PASSED] - Keyboard is hidden

2021-10-18 10:50:13 - [TEST_STEP][PASSED] - delay(1): Delayed 1 second(s)

2021-10-18 10:50:14 - [MESSAGE][PASSED] - Delayed 1 second(s)

2021-10-18 10:50:14 - [TEST_STEP][PASSED] - tap(findTestObject("Object Repository/Mobile/Page/Register/Not Registered/Informasi Pribadi/Dropdown - Flag Re Phone Number"), 0, STOP_ON_FAILURE): Tapped on element 'Object Repository/Mobile/Page/Register/Not Registered/Informasi Pribadi/Dropdown - Flag Re Phone Number'

2021-10-18 10:50:14 - [MESSAGE][WARNING] - Timeout '0' is invalid. Using default page load timeout: '60'

2021-10-18 10:50:14 - [MESSAGE][PASSED] - Tapped on element 'Object Repository/Mobile/Page/Register/Not Registered/Informasi Pribadi/Dropdown - Flag Re Phone Number'

2021-10-18 10:50:14 - [TEST_STEP][PASSED] - tap(findTestObject("Object Repository/Mobile/Page/Register/Not Registered/Informasi Pribadi/Edit Text - Search Flag"), 0, STOP_ON_FAILURE): Tapped on element 'Object Repository/Mobile/Page/Register/Not Registered/Informasi Pribadi/Edit Text - Search Flag'

2021-10-18 10:50:14 - [MESSAGE][WARNING] - Timeout '0' is invalid. Using default page load timeout: '60'

2021-10-18 10:50:15 - [MESSAGE][PASSED] - Tapped on element 'Object Repository/Mobile/Page/Register/Not Registered/Informasi Pribadi/Edit Text - Search Flag'

2021-10-18 10:50:15 - [TEST_STEP][PASSED] - setText(findTestObject("Object Repository/Mobile/Page/Register/Not Registered/Informasi Pribadi/Edit Text - Search Flag"), flag, 0): Text 'indonesia' has been set to element 'Object Repository/Mobile/Page/Register/Not Registered/Informasi Pribadi/Edit Text - Search Flag'

2021-10-18 10:50:15 - [MESSAGE][WARNING] - Timeout '0' is invalid. Using default page load timeout: '60'

2021-10-18 10:50:17 - [MESSAGE][PASSED] - Text 'indonesia' has been set to element 'Object Repository/Mobile/Page/Register/Not Registered/Informasi Pribadi/Edit Text - Search Flag'

2021-10-18 10:50:17 - [TEST_STEP][PASSED] - tap(findTestObject("Mobile/Page/Register/Not Registered/Informasi Pribadi/Item Flag - Top Search"), 0, STOP_ON_FAILURE): Tapped on element 'Object Repository/Mobile/Page/Register/Not Registered/Informasi Pribadi/Item Flag - Top Search'

2021-10-18 10:50:17 - [MESSAGE][WARNING] - Timeout '0' is invalid. Using default page load timeout: '60'

2021-10-18 10:50:19 - [MESSAGE][PASSED] - Tapped on element 'Object Repository/Mobile/Page/Register/Not Registered/Informasi Pribadi/Item Flag - Top Search'

2021-10-18 10:50:19 - [TEST_STEP][PASSED] - tap(findTestObject("Object Repository/Mobile/Page/Register/Not Registered/Informasi Pribadi/Edit Text - Re Phone Number"), 0, STOP_ON_FAILURE): Tapped on element 'Object Repository/Mobile/Page/Register/Not Registered/Informasi Pribadi/Edit Text - Re Phone Number'

2021-10-18 10:50:19 - [MESSAGE][WARNING] - Timeout '0' is invalid. Using default page load timeout: '60'

2021-10-18 10:50:19 - [MESSAGE][PASSED] - Tapped on element 'Object Repository/Mobile/Page/Register/Not Registered/Informasi Pribadi/Edit Text - Re Phone Number'

2021-10-18 10:50:19 - [TEST_STEP][PASSED] - setText(findTestObject("Object Repository/Mobile/Page/Register/Not Registered/Informasi Pribadi/Edit Text - Re Phone Number"), phone, 0): Text '082257246469' has been set to element 'Object Repository/Mobile/Page/Register/Not Registered/Informasi Pribadi/Edit Text - Re Phone Number'

2021-10-18 10:50:19 - [MESSAGE][WARNING] - Timeout '0' is invalid. Using default page load timeout: '60'

2021-10-18 10:50:20 - [MESSAGE][PASSED] - Text '082257246469' has been set to element 'Object Repository/Mobile/Page/Register/Not Registered/Informasi Pribadi/Edit Text - Re Phone Number'

2021-10-18 10:50:20 - [TEST_STEP][PASSED] - hideKeyboard(): Keyboard is hidden

2021-10-18 10:50:26 - [MESSAGE][PASSED] - Keyboard is hidden

2021-10-18 10:50:26 - [TEST_STEP][PASSED] - delay(1): Delayed 1 second(s)

2021-10-18 10:50:27 - [MESSAGE][PASSED] - Delayed 1 second(s)

2021-10-18 10:50:27 - [TEST_STEP][PASSED] - if (negativeStatus == "isCheckEmailRegistered"): null

2021-10-18 10:50:27 - [TEST_STEP][PASSED] - else: Delayed 1 second(s)

2021-10-18 10:50:27 - [TEST_STEP][PASSED] - tap(findTestObject("Object Repository/Mobile/Page/Register/Not Registered/Informasi Pribadi/Edit Text - Email"), 0, STOP_ON_FAILURE): Tapped on element 'Object Repository/Mobile/Page/Register/Not Registered/Informasi Pribadi/Edit Text - Email'

2021-10-18 10:50:27 - [MESSAGE][WARNING] - Timeout '0' is invalid. Using default page load timeout: '60'

2021-10-18 10:50:28 - [MESSAGE][PASSED] - Tapped on element 'Object Repository/Mobile/Page/Register/Not Registered/Informasi Pribadi/Edit Text - Email'

2021-10-18 10:50:28 - [TEST_STEP][PASSED] - setText(findTestObject("Object Repository/Mobile/Page/Register/Not Registered/Informasi Pribadi/Edit Text - Email"), email, 0): Text 'qatestinggiWjlYRArU@gmail.com' has been set to element 'Object Repository/Mobile/Page/Register/Not Registered/Informasi Pribadi/Edit Text - Email'

2021-10-18 10:50:28 - [MESSAGE][WARNING] - Timeout '0' is invalid. Using default page load timeout: '60'

2021-10-18 10:50:29 - [MESSAGE][PASSED] - Text 'qatestinggiWjlYRArU@gmail.com' has been set to element 'Object Repository/Mobile/Page/Register/Not Registered/Informasi Pribadi/Edit Text - Email'

2021-10-18 10:50:29 - [TEST_STEP][PASSED] - hideKeyboard(): Keyboard is hidden

2021-10-18 10:50:33 - [MESSAGE][PASSED] - Keyboard is hidden

2021-10-18 10:50:33 - [TEST_STEP][PASSED] - delay(1): Delayed 1 second(s)

2021-10-18 10:50:34 - [MESSAGE][PASSED] - Delayed 1 second(s)

2021-10-18 10:50:34 - [TEST_STEP][PASSED] - if (negativeStatus == "isCheckEmailMatch"): null

2021-10-18 10:50:34 - [TEST_STEP][PASSED] - else: Delayed 1 second(s)

2021-10-18 10:50:34 - [TEST_STEP][PASSED] - tap(findTestObject("Object Repository/Mobile/Page/Register/Not Registered/Informasi Pribadi/Edit Text - Re Email"), 0, STOP_ON_FAILURE): Tapped on element 'Object Repository/Mobile/Page/Register/Not Registered/Informasi Pribadi/Edit Text - Re Email'

2021-10-18 10:50:34 - [MESSAGE][WARNING] - Timeout '0' is invalid. Using default page load timeout: '60'

2021-10-18 10:50:35 - [MESSAGE][PASSED] - Tapped on element 'Object Repository/Mobile/Page/Register/Not Registered/Informasi Pribadi/Edit Text - Re Email'

2021-10-18 10:50:35 - [TEST_STEP][PASSED] - setText(findTestObject("Object Repository/Mobile/Page/Register/Not Registered/Informasi Pribadi/Edit Text - Re Email"), email, 0): Text 'qatestinggiWjlYRArU@gmail.com' has been set to element 'Object Repository/Mobile/Page/Register/Not Registered/Informasi Pribadi/Edit Text - Re Email'

2021-10-18 10:50:35 - [MESSAGE][WARNING] - Timeout '0' is invalid. Using default page load timeout: '60'

2021-10-18 10:50:36 - [MESSAGE][PASSED] - Text 'qatestinggiWjlYRArU@gmail.com' has been set to element 'Object Repository/Mobile/Page/Register/Not Registered/Informasi Pribadi/Edit Text - Re Email'

2021-10-18 10:50:36 - [TEST_STEP][PASSED] - hideKeyboard(): Keyboard is hidden

2021-10-18 10:50:42 - [MESSAGE][PASSED] - Keyboard is hidden

2021-10-18 10:50:42 - [TEST_STEP][PASSED] - delay(1): Delayed 1 second(s)

2021-10-18 10:50:43 - [MESSAGE][PASSED] - Delayed 1 second(s)

2021-10-18 10:50:43 - [TEST_STEP][PASSED] - if (negativeStatus == "isPasswordNumberOnly"): null

2021-10-18 10:50:43 - [TEST_STEP][PASSED] - else: Delayed 1 second(s)

2021-10-18 10:50:43 - [TEST_STEP][PASSED] - tap(findTestObject("Object Repository/Mobile/Page/Register/Not Registered/Informasi Pribadi/Edit Text - Password"), 0, STOP_ON_FAILURE): Tapped on element 'Object Repository/Mobile/Page/Register/Not Registered/Informasi Pribadi/Edit Text - Password'

2021-10-18 10:50:43 - [MESSAGE][WARNING] - Timeout '0' is invalid. Using default page load timeout: '60'

2021-10-18 10:50:44 - [MESSAGE][PASSED] - Tapped on element 'Object Repository/Mobile/Page/Register/Not Registered/Informasi Pribadi/Edit Text - Password'

2021-10-18 10:50:44 - [TEST_STEP][PASSED] - setText(findTestObject("Object Repository/Mobile/Page/Register/Not Registered/Informasi Pribadi/Edit Text - Password"), password, 0): Text 'Mirae1234' has been set to element 'Object Repository/Mobile/Page/Register/Not Registered/Informasi Pribadi/Edit Text - Password'

2021-10-18 10:50:44 - [MESSAGE][WARNING] - Timeout '0' is invalid. Using default page load timeout: '60'

2021-10-18 10:50:45 - [MESSAGE][PASSED] - Text 'Mirae1234' has been set to element 'Object Repository/Mobile/Page/Register/Not Registered/Informasi Pribadi/Edit Text - Password'

2021-10-18 10:50:45 - [TEST_STEP][PASSED] - hideKeyboard(): Keyboard is hidden

2021-10-18 10:50:51 - [MESSAGE][PASSED] - Keyboard is hidden

2021-10-18 10:50:51 - [TEST_STEP][PASSED] - delay(1): Delayed 1 second(s)

2021-10-18 10:50:52 - [MESSAGE][PASSED] - Delayed 1 second(s)

2021-10-18 10:50:52 - [TEST_STEP][PASSED] - tap(findTestObject("Object Repository/Mobile/Page/Register/Not Registered/Informasi Pribadi/Edit Text - Re Password"), 0, STOP_ON_FAILURE): Tapped on element 'Object Repository/Mobile/Page/Register/Not Registered/Informasi Pribadi/Edit Text - Re Password'

2021-10-18 10:50:52 - [MESSAGE][WARNING] - Timeout '0' is invalid. Using default page load timeout: '60'

2021-10-18 10:50:53 - [MESSAGE][PASSED] - Tapped on element 'Object Repository/Mobile/Page/Register/Not Registered/Informasi Pribadi/Edit Text - Re Password'

2021-10-18 10:50:53 - [TEST_STEP][PASSED] - setText(findTestObject("Object Repository/Mobile/Page/Register/Not Registered/Informasi Pribadi/Edit Text - Re Password"), password, 0): Text 'Mirae1234' has been set to element 'Object Repository/Mobile/Page/Register/Not Registered/Informasi Pribadi/Edit Text - Re Password'

2021-10-18 10:50:53 - [MESSAGE][WARNING] - Timeout '0' is invalid. Using default page load timeout: '60'

2021-10-18 10:50:54 - [MESSAGE][PASSED] - Text 'Mirae1234' has been set to element 'Object Repository/Mobile/Page/Register/Not Registered/Informasi Pribadi/Edit Text - Re Password'

2021-10-18 10:50:54 - [TEST_STEP][PASSED] - hideKeyboard(): Keyboard is hidden

2021-10-18 10:51:00 - [MESSAGE][PASSED] - Keyboard is hidden

2021-10-18 10:51:00 - [TEST_STEP][PASSED] - delay(1): Delayed 1 second(s)

2021-10-18 10:51:01 - [MESSAGE][PASSED] - Delayed 1 second(s)

2021-10-18 10:51:01 - [TEST_STEP][PASSED] - if (isBedaAlamat == 1): null

2021-10-18 10:51:01 - [TEST_STEP][PASSED] - tap(findTestObject("Object Repository/Mobile/Page/Register/Not Registered/Informasi Pribadi/Button - Icon KTP"), 0, STOP_ON_FAILURE): Tapped on element 'Object Repository/Mobile/Page/Register/Not Registered/Informasi Pribadi/Button - Icon KTP'

2021-10-18 10:51:02 - [MESSAGE][WARNING] - Timeout '0' is invalid. Using default page load timeout: '60'

2021-10-18 10:51:02 - [MESSAGE][PASSED] - Tapped on element 'Object Repository/Mobile/Page/Register/Not Registered/Informasi Pribadi/Button - Icon KTP'

2021-10-18 10:51:02 - [TEST_STEP][PASSED] - permission = verifyElementExist(findTestObject("Object Repository/Mobile/Page/Register/Not Registered/Informasi Pribadi/Permission - Only this time"), 1, OPTIONAL): Element 'Object Repository/Mobile/Page/Register/Not Registered/Informasi Pribadi/Permission - Only this time' is exist

2021-10-18 10:51:03 - [MESSAGE][PASSED] - Element 'Object Repository/Mobile/Page/Register/Not Registered/Informasi Pribadi/Permission - Only this time' is exist

2021-10-18 10:51:03 - [TEST_STEP][PASSED] - if (permission): Tapped on element 'Object Repository/Mobile/Page/Register/Not Registered/Informasi Pribadi/Permission - Only this time'

2021-10-18 10:51:03 - [TEST_STEP][PASSED] - tap(findTestObject("Object Repository/Mobile/Page/Register/Not Registered/Informasi Pribadi/Permission - Only this time"), 0, STOP_ON_FAILURE): Tapped on element 'Object Repository/Mobile/Page/Register/Not Registered/Informasi Pribadi/Permission - Only this time'

2021-10-18 10:51:03 - [MESSAGE][WARNING] - Timeout '0' is invalid. Using default page load timeout: '60'

2021-10-18 10:51:03 - [MESSAGE][PASSED] - Tapped on element 'Object Repository/Mobile/Page/Register/Not Registered/Informasi Pribadi/Permission - Only this time'

2021-10-18 10:51:03 - [TEST_STEP][PASSED] - permission = verifyElementExist(findTestObject("Object Repository/Mobile/Page/Register/Not Registered/Informasi Pribadi/Permission - Only this time"), 1, OPTIONAL): Element 'Object Repository/Mobile/Page/Register/Not Registered/Informasi Pribadi/Permission - Only this time' is exist

2021-10-18 10:51:04 - [MESSAGE][PASSED] - Element 'Object Repository/Mobile/Page/Register/Not Registered/Informasi Pribadi/Permission - Only this time' is exist

2021-10-18 10:51:04 - [TEST_STEP][PASSED] - if (permission): Tapped on element 'Object Repository/Mobile/Page/Register/Not Registered/Informasi Pribadi/Permission - Only this time'

2021-10-18 10:51:04 - [TEST_STEP][PASSED] - tap(findTestObject("Object Repository/Mobile/Page/Register/Not Registered/Informasi Pribadi/Permission - Only this time"), 0, STOP_ON_FAILURE): Tapped on element 'Object Repository/Mobile/Page/Register/Not Registered/Informasi Pribadi/Permission - Only this time'

2021-10-18 10:51:04 - [MESSAGE][WARNING] - Timeout '0' is invalid. Using default page load timeout: '60'

2021-10-18 10:51:05 - [MESSAGE][PASSED] - Tapped on element 'Object Repository/Mobile/Page/Register/Not Registered/Informasi Pribadi/Permission - Only this time'

2021-10-18 10:51:05 - [TEST_STEP][PASSED] - tap(findTestObject("Object Repository/Mobile/Page/Register/Not Registered/Informasi Pribadi/Button - Capture KTP"), 0, STOP_ON_FAILURE): Tapped on element 'Object Repository/Mobile/Page/Register/Not Registered/Informasi Pribadi/Button - Capture KTP'

2021-10-18 10:51:05 - [MESSAGE][WARNING] - Timeout '0' is invalid. Using default page load timeout: '60'

2021-10-18 10:51:06 - [MESSAGE][PASSED] - Tapped on element 'Object Repository/Mobile/Page/Register/Not Registered/Informasi Pribadi/Button - Capture KTP'

2021-10-18 10:51:06 - [TEST_STEP][PASSED] - delay(2): Delayed 2 second(s)

2021-10-18 10:51:08 - [MESSAGE][PASSED] - Delayed 2 second(s)

2021-10-18 10:51:08 - [TEST_STEP][PASSED] - scroll.scroll.scrollLeftToRight(findTestObject("Object Repository/Mobile/Page/Register/Not Registered/Informasi Pribadi/Slider - Edit Photo Scale")): scroll.scroll.scrollLeftToRight is PASSED

2021-10-18 10:51:08 - [MESSAGE][WARNING] - Timeout '0' is invalid. Using default page load timeout: '60'

2021-10-18 10:51:10 - [MESSAGE][PASSED] - Object 'Object Repository/Mobile/Page/Register/Not Registered/Informasi Pribadi/Slider - Edit Photo Scale' has left position '0'

2021-10-18 10:51:10 - [MESSAGE][WARNING] - Timeout '0' is invalid. Using default page load timeout: '60'

2021-10-18 10:51:10 - [MESSAGE][PASSED] - Object 'Object Repository/Mobile/Page/Register/Not Registered/Informasi Pribadi/Slider - Edit Photo Scale' has top position '1,284'

2021-10-18 10:51:10 - [MESSAGE][WARNING] - Timeout '0' is invalid. Using default page load timeout: '60'

2021-10-18 10:51:10 - [MESSAGE][PASSED] - Object 'Object Repository/Mobile/Page/Register/Not Registered/Informasi Pribadi/Slider - Edit Photo Scale' has width: '720'

2021-10-18 10:51:10 - [MESSAGE][WARNING] - Timeout '0' is invalid. Using default page load timeout: '60'

2021-10-18 10:51:10 - [MESSAGE][PASSED] - Object 'Object Repository/Mobile/Page/Register/Not Registered/Informasi Pribadi/Slider - Edit Photo Scale' has height: '66'

2021-10-18 10:51:12 - [MESSAGE][PASSED] - Swiped from 144,1,317 to 576,1,317

2021-10-18 10:51:12 - [MESSAGE][PASSED] - scroll.scroll.scrollLeftToRight is PASSED

2021-10-18 10:51:12 - [TEST_STEP][PASSED] - tap(findTestObject("Object Repository/Mobile/Page/Register/Not Registered/Informasi Pribadi/Button - Edit Photo Rotate"), 0, STOP_ON_FAILURE): Tapped on element 'Object Repository/Mobile/Page/Register/Not Registered/Informasi Pribadi/Button - Edit Photo Rotate'

2021-10-18 10:51:12 - [MESSAGE][WARNING] - Timeout '0' is invalid. Using default page load timeout: '60'

2021-10-18 10:51:12 - [MESSAGE][PASSED] - Tapped on element 'Object Repository/Mobile/Page/Register/Not Registered/Informasi Pribadi/Button - Edit Photo Rotate'

2021-10-18 10:51:12 - [TEST_STEP][PASSED] - tap(findTestObject("Object Repository/Mobile/Page/Register/Not Registered/Informasi Pribadi/Button - Edit Photo Rotate 90 degree"), 0, STOP_ON_FAILURE): Tapped on element 'Object Repository/Mobile/Page/Register/Not Registered/Informasi Pribadi/Button - Edit Photo Rotate 90 degree'

2021-10-18 10:51:12 - [MESSAGE][WARNING] - Timeout '0' is invalid. Using default page load timeout: '60'

2021-10-18 10:51:14 - [MESSAGE][PASSED] - Tapped on element 'Object Repository/Mobile/Page/Register/Not Registered/Informasi Pribadi/Button - Edit Photo Rotate 90 degree'

2021-10-18 10:51:14 - [TEST_STEP][PASSED] - tap(findTestObject("Object Repository/Mobile/Page/Register/Not Registered/Informasi Pribadi/Button - Edit Photo Reset Rotation"), 0, STOP_ON_FAILURE): Tapped on element 'Object Repository/Mobile/Page/Register/Not Registered/Informasi Pribadi/Button - Edit Photo Reset Rotation'

2021-10-18 10:51:14 - [MESSAGE][WARNING] - Timeout '0' is invalid. Using default page load timeout: '60'

2021-10-18 10:51:15 - [MESSAGE][PASSED] - Tapped on element 'Object Repository/Mobile/Page/Register/Not Registered/Informasi Pribadi/Button - Edit Photo Reset Rotation'

2021-10-18 10:51:15 - [TEST_STEP][PASSED] - scroll.scroll.scrollLeftToRight(findTestObject("Object Repository/Mobile/Page/Register/Not Registered/Informasi Pribadi/Slider - Edit Photo Rotate")): scroll.scroll.scrollLeftToRight is PASSED

2021-10-18 10:51:15 - [MESSAGE][WARNING] - Timeout '0' is invalid. Using default page load timeout: '60'

2021-10-18 10:51:15 - [MESSAGE][PASSED] - Object 'Object Repository/Mobile/Page/Register/Not Registered/Informasi Pribadi/Slider - Edit Photo Rotate' has left position '88'

2021-10-18 10:51:15 - [MESSAGE][WARNING] - Timeout '0' is invalid. Using default page load timeout: '60'

2021-10-18 10:51:16 - [MESSAGE][PASSED] - Object 'Object Repository/Mobile/Page/Register/Not Registered/Informasi Pribadi/Slider - Edit Photo Rotate' has top position '1,284'

2021-10-18 10:51:16 - [MESSAGE][WARNING] - Timeout '0' is invalid. Using default page load timeout: '60'

2021-10-18 10:51:16 - [MESSAGE][PASSED] - Object 'Object Repository/Mobile/Page/Register/Not Registered/Informasi Pribadi/Slider - Edit Photo Rotate' has width: '544'

2021-10-18 10:51:16 - [MESSAGE][WARNING] - Timeout '0' is invalid. Using default page load timeout: '60'

2021-10-18 10:51:16 - [MESSAGE][PASSED] - Object 'Object Repository/Mobile/Page/Register/Not Registered/Informasi Pribadi/Slider - Edit Photo Rotate' has height: '66'

2021-10-18 10:51:17 - [MESSAGE][PASSED] - Swiped from 196,1,317 to 523,1,317

2021-10-18 10:51:17 - [MESSAGE][PASSED] - scroll.scroll.scrollLeftToRight is PASSED

2021-10-18 10:51:17 - [TEST_STEP][PASSED] - tap(findTestObject("Object Repository/Mobile/Page/Register/Not Registered/Informasi Pribadi/Button - Edit Photo Confirm"), 0, STOP_ON_FAILURE): Tapped on element 'Object Repository/Mobile/Page/Register/Not Registered/Informasi Pribadi/Button - Edit Photo Confirm'

2021-10-18 10:51:17 - [MESSAGE][WARNING] - Timeout '0' is invalid. Using default page load timeout: '60'

2021-10-18 10:51:19 - [MESSAGE][PASSED] - Tapped on element 'Object Repository/Mobile/Page/Register/Not Registered/Informasi Pribadi/Button - Edit Photo Confirm'

2021-10-18 10:51:19 - [TEST_STEP][PASSED] - delay(2): Delayed 2 second(s)

2021-10-18 10:51:21 - [MESSAGE][PASSED] - Delayed 2 second(s)

2021-10-18 10:51:21 - [TEST_STEP][PASSED] - hideKeyboard(): Keyboard is hidden

2021-10-18 10:51:28 - [MESSAGE][PASSED] - Keyboard is hidden

2021-10-18 10:51:28 - [TEST_STEP][PASSED] - delay(1): Delayed 1 second(s)

2021-10-18 10:51:29 - [MESSAGE][PASSED] - Delayed 1 second(s)

2021-10-18 10:51:29 - [TEST_STEP][PASSED] - scroll.scroll.scrollToBottomOpenKeyboard(): scroll.scroll.scrollToBottomOpenKeyboard is PASSED

2021-10-18 10:51:29 - [MESSAGE][PASSED] - Current device physical height is 1423

2021-10-18 10:51:30 - [MESSAGE][PASSED] - Current device physical width is 720

2021-10-18 10:51:31 - [MESSAGE][PASSED] - Swiped from 360,853 to 360,284

2021-10-18 10:51:31 - [MESSAGE][PASSED] - scroll.scroll.scrollToBottomOpenKeyboard is PASSED

2021-10-18 10:51:31 - [TEST_STEP][PASSED] - tap(findTestObject("Object Repository/Mobile/Page/Register/Not Registered/Informasi Pribadi/Button - Icon Face with KTP"), 0, STOP_ON_FAILURE): Tapped on element 'Object Repository/Mobile/Page/Register/Not Registered/Informasi Pribadi/Button - Icon Face with KTP'

2021-10-18 10:51:31 - [MESSAGE][WARNING] - Timeout '0' is invalid. Using default page load timeout: '60'

2021-10-18 10:51:32 - [MESSAGE][PASSED] - Tapped on element 'Object Repository/Mobile/Page/Register/Not Registered/Informasi Pribadi/Button - Icon Face with KTP'

2021-10-18 10:51:32 - [TEST_STEP][PASSED] - permission = verifyElementExist(findTestObject("Object Repository/Mobile/Page/Register/Not Registered/Informasi Pribadi/Permission - Only this time"), 1, OPTIONAL): Element 'Object Repository/Mobile/Page/Register/Not Registered/Informasi Pribadi/Permission - Only this time' not found

2021-10-18 10:51:35 - [MESSAGE][WARNING] - Element 'Object Repository/Mobile/Page/Register/Not Registered/Informasi Pribadi/Permission - Only this time' not found
[[ATTACHMENT|C:\\Users\\Owner\\Documents\\kerjaan\\KatalonProject\\qa-katalon-maxfund\\Reports\\20211018_100502\\Register\\20211018_100502\\1634529093907.png]]

2021-10-18 10:51:35 - [TEST_STEP][PASSED] - if (permission): null

2021-10-18 10:51:35 - [TEST_STEP][PASSED] - permission = verifyElementExist(findTestObject("Object Repository/Mobile/Page/Register/Not Registered/Informasi Pribadi/Permission - Only this time"), 1, OPTIONAL): Element 'Object Repository/Mobile/Page/Register/Not Registered/Informasi Pribadi/Permission - Only this time' not found

2021-10-18 10:51:38 - [MESSAGE][WARNING] - Element 'Object Repository/Mobile/Page/Register/Not Registered/Informasi Pribadi/Permission - Only this time' not found
[[ATTACHMENT|C:\\Users\\Owner\\Documents\\kerjaan\\KatalonProject\\qa-katalon-maxfund\\Reports\\20211018_100502\\Register\\20211018_100502\\1634529096567.png]]

2021-10-18 10:51:38 - [TEST_STEP][PASSED] - if (permission): null

2021-10-18 10:51:38 - [TEST_STEP][PASSED] - tap(findTestObject("Object Repository/Mobile/Page/Register/Not Registered/Informasi Pribadi/Button - Capture Face with KTP"), 0, STOP_ON_FAILURE): Tapped on element 'Object Repository/Mobile/Page/Register/Not Registered/Informasi Pribadi/Button - Capture Face with KTP'

2021-10-18 10:51:38 - [MESSAGE][WARNING] - Timeout '0' is invalid. Using default page load timeout: '60'

2021-10-18 10:51:40 - [MESSAGE][PASSED] - Tapped on element 'Object Repository/Mobile/Page/Register/Not Registered/Informasi Pribadi/Button - Capture Face with KTP'

2021-10-18 10:51:40 - [TEST_STEP][PASSED] - delay(2): Delayed 2 second(s)

2021-10-18 10:51:42 - [MESSAGE][PASSED] - Delayed 2 second(s)

2021-10-18 10:51:42 - [TEST_STEP][PASSED] - hideKeyboard(): Keyboard is hidden

2021-10-18 10:51:48 - [MESSAGE][PASSED] - Keyboard is hidden

2021-10-18 10:51:48 - [TEST_STEP][PASSED] - delay(1): Delayed 1 second(s)

2021-10-18 10:51:49 - [MESSAGE][PASSED] - Delayed 1 second(s)

2021-10-18 10:51:49 - [TEST_STEP][PASSED] - scroll.scroll.scrollToBottomOpenKeyboard(): scroll.scroll.scrollToBottomOpenKeyboard is PASSED

2021-10-18 10:51:50 - [MESSAGE][PASSED] - Current device physical height is 1423

2021-10-18 10:51:50 - [MESSAGE][PASSED] - Current device physical width is 720

2021-10-18 10:51:51 - [MESSAGE][PASSED] - Swiped from 360,853 to 360,284

2021-10-18 10:51:51 - [MESSAGE][PASSED] - scroll.scroll.scrollToBottomOpenKeyboard is PASSED

2021-10-18 10:51:51 - [TEST_STEP][PASSED] - tap(findTestObject("Object Repository/Mobile/Page/Register/Not Registered/Informasi Pribadi/Radio Button - Low Risk"), 0, STOP_ON_FAILURE): Tapped on element 'Object Repository/Mobile/Page/Register/Not Registered/Informasi Pribadi/Radio Button - Low Risk'

2021-10-18 10:51:51 - [MESSAGE][WARNING] - Timeout '0' is invalid. Using default page load timeout: '60'

2021-10-18 10:51:51 - [MESSAGE][PASSED] - Tapped on element 'Object Repository/Mobile/Page/Register/Not Registered/Informasi Pribadi/Radio Button - Low Risk'

2021-10-18 10:51:51 - [TEST_STEP][PASSED] - delay(1): Delayed 1 second(s)

2021-10-18 10:51:52 - [MESSAGE][PASSED] - Delayed 1 second(s)

2021-10-18 10:51:52 - [TEST_STEP][PASSED] - tap(findTestObject("Object Repository/Mobile/Page/Register/Not Registered/Informasi Pribadi/Radio Button - Medium Risk"), 0, STOP_ON_FAILURE): Tapped on element 'Object Repository/Mobile/Page/Register/Not Registered/Informasi Pribadi/Radio Button - Medium Risk'

2021-10-18 10:51:52 - [MESSAGE][WARNING] - Timeout '0' is invalid. Using default page load timeout: '60'

2021-10-18 10:51:53 - [MESSAGE][PASSED] - Tapped on element 'Object Repository/Mobile/Page/Register/Not Registered/Informasi Pribadi/Radio Button - Medium Risk'

2021-10-18 10:51:53 - [TEST_STEP][PASSED] - delay(1): Delayed 1 second(s)

2021-10-18 10:51:54 - [MESSAGE][PASSED] - Delayed 1 second(s)

2021-10-18 10:51:54 - [TEST_STEP][PASSED] - tap(findTestObject("Object Repository/Mobile/Page/Register/Not Registered/Informasi Pribadi/Radio Button - High Risk"), 0, STOP_ON_FAILURE): Tapped on element 'Object Repository/Mobile/Page/Register/Not Registered/Informasi Pribadi/Radio Button - High Risk'

2021-10-18 10:51:54 - [MESSAGE][WARNING] - Timeout '0' is invalid. Using default page load timeout: '60'

2021-10-18 10:51:55 - [MESSAGE][PASSED] - Tapped on element 'Object Repository/Mobile/Page/Register/Not Registered/Informasi Pribadi/Radio Button - High Risk'

2021-10-18 10:51:55 - [TEST_STEP][PASSED] - delay(1): Delayed 1 second(s)

2021-10-18 10:51:56 - [MESSAGE][PASSED] - Delayed 1 second(s)

2021-10-18 10:51:56 - [TEST_STEP][PASSED] - tap(findTestObject("Object Repository/Mobile/Page/Register/Not Registered/Informasi Pribadi/Button - Next"), 0, STOP_ON_FAILURE): Tapped on element 'Object Repository/Mobile/Page/Register/Not Registered/Informasi Pribadi/Button - Next'

2021-10-18 10:51:56 - [MESSAGE][WARNING] - Timeout '0' is invalid. Using default page load timeout: '60'

2021-10-18 10:51:57 - [MESSAGE][PASSED] - Tapped on element 'Object Repository/Mobile/Page/Register/Not Registered/Informasi Pribadi/Button - Next'

2021-10-18 10:51:57 - [TEST_STEP][PASSED] - delay(1): Delayed 1 second(s)

2021-10-18 10:51:58 - [MESSAGE][PASSED] - Delayed 1 second(s)

2021-10-18 10:51:58 - [TEST_STEP][PASSED] - tapAndHold(findTestObject("Mobile/Page/Register/Not Registered/Akun Bank/Dropdown - Bank"), 1, 0, STOP_ON_FAILURE): Tapped and held on element 'Object Repository/Mobile/Page/Register/Not Registered/Akun Bank/Dropdown - Bank' with duration 1

2021-10-18 10:51:59 - [MESSAGE][WARNING] - Timeout '0' is invalid. Using default page load timeout: '60'

2021-10-18 10:52:02 - [MESSAGE][PASSED] - Tapped and held on element 'Object Repository/Mobile/Page/Register/Not Registered/Akun Bank/Dropdown - Bank' with duration 1

2021-10-18 10:52:02 - [TEST_STEP][PASSED] - tap(findTestObject("Mobile/Page/Register/Not Registered/Akun Bank/Edit Text - Search Bank"), 0, STOP_ON_FAILURE): Tapped on element 'Object Repository/Mobile/Page/Register/Not Registered/Akun Bank/Edit Text - Search Bank'

2021-10-18 10:52:02 - [MESSAGE][WARNING] - Timeout '0' is invalid. Using default page load timeout: '60'

2021-10-18 10:52:02 - [MESSAGE][PASSED] - Tapped on element 'Object Repository/Mobile/Page/Register/Not Registered/Akun Bank/Edit Text - Search Bank'

2021-10-18 10:52:02 - [TEST_STEP][PASSED] - setText(findTestObject("Mobile/Page/Register/Not Registered/Akun Bank/Edit Text - Search Bank"), "citibank", 0, STOP_ON_FAILURE): Text 'citibank' has been set to element 'Object Repository/Mobile/Page/Register/Not Registered/Akun Bank/Edit Text - Search Bank'

2021-10-18 10:52:02 - [MESSAGE][WARNING] - Timeout '0' is invalid. Using default page load timeout: '60'

2021-10-18 10:52:04 - [MESSAGE][PASSED] - Text 'citibank' has been set to element 'Object Repository/Mobile/Page/Register/Not Registered/Akun Bank/Edit Text - Search Bank'

2021-10-18 10:52:04 - [TEST_STEP][PASSED] - driver = getDriver(): null

2021-10-18 10:52:04 - [TEST_STEP][PASSED] - driver.pressKeyCode(ENTER): null

2021-10-18 10:52:04 - [TEST_STEP][PASSED] - tap(findTestObject("Object Repository/Mobile/Page/Register/Not Registered/Akun Bank/Item - Top Search Bank"), 0, STOP_ON_FAILURE): Tapped on element 'Object Repository/Mobile/Page/Register/Not Registered/Akun Bank/Item - Top Search Bank'

2021-10-18 10:52:04 - [MESSAGE][WARNING] - Timeout '0' is invalid. Using default page load timeout: '60'

2021-10-18 10:52:06 - [MESSAGE][PASSED] - Tapped on element 'Object Repository/Mobile/Page/Register/Not Registered/Akun Bank/Item - Top Search Bank'

2021-10-18 10:52:06 - [TEST_STEP][PASSED] - delay(1): Delayed 1 second(s)

2021-10-18 10:52:07 - [MESSAGE][PASSED] - Delayed 1 second(s)

2021-10-18 10:52:07 - [TEST_STEP][PASSED] - tapAndHold(findTestObject("Mobile/Page/Register/Not Registered/Akun Bank/Dropdown - Country"), 1, 0, STOP_ON_FAILURE): Tapped and held on element 'Object Repository/Mobile/Page/Register/Not Registered/Akun Bank/Dropdown - Country' with duration 1

2021-10-18 10:52:07 - [MESSAGE][WARNING] - Timeout '0' is invalid. Using default page load timeout: '60'

2021-10-18 10:52:10 - [MESSAGE][PASSED] - Tapped and held on element 'Object Repository/Mobile/Page/Register/Not Registered/Akun Bank/Dropdown - Country' with duration 1

2021-10-18 10:52:10 - [TEST_STEP][PASSED] - tap(findTestObject("Object Repository/Mobile/Page/Register/Not Registered/Akun Bank/Dropdown - Country Option Indonesia"), 0, STOP_ON_FAILURE): Tapped on element 'Object Repository/Mobile/Page/Register/Not Registered/Akun Bank/Dropdown - Country Option Indonesia'

2021-10-18 10:52:10 - [MESSAGE][WARNING] - Timeout '0' is invalid. Using default page load timeout: '60'

2021-10-18 10:52:11 - [MESSAGE][PASSED] - Tapped on element 'Object Repository/Mobile/Page/Register/Not Registered/Akun Bank/Dropdown - Country Option Indonesia'

2021-10-18 10:52:11 - [TEST_STEP][PASSED] - delay(1): Delayed 1 second(s)

2021-10-18 10:52:12 - [MESSAGE][PASSED] - Delayed 1 second(s)

2021-10-18 10:52:12 - [TEST_STEP][PASSED] - if (negativeStatus == "isBranchNumber"): null

2021-10-18 10:52:12 - [TEST_STEP][PASSED] - else: Delayed 1 second(s)

2021-10-18 10:52:12 - [TEST_STEP][PASSED] - tap(findTestObject("Object Repository/Mobile/Page/Register/Not Registered/Akun Bank/Edit Text - Branch"), 0, STOP_ON_FAILURE): Tapped on element 'Object Repository/Mobile/Page/Register/Not Registered/Akun Bank/Edit Text - Branch'

2021-10-18 10:52:12 - [MESSAGE][WARNING] - Timeout '0' is invalid. Using default page load timeout: '60'

2021-10-18 10:52:12 - [MESSAGE][PASSED] - Tapped on element 'Object Repository/Mobile/Page/Register/Not Registered/Akun Bank/Edit Text - Branch'

2021-10-18 10:52:12 - [TEST_STEP][PASSED] - setText(findTestObject("Object Repository/Mobile/Page/Register/Not Registered/Akun Bank/Edit Text - Branch"), branch, 0, STOP_ON_FAILURE): Text 'qa cabang' has been set to element 'Object Repository/Mobile/Page/Register/Not Registered/Akun Bank/Edit Text - Branch'

2021-10-18 10:52:12 - [MESSAGE][WARNING] - Timeout '0' is invalid. Using default page load timeout: '60'

2021-10-18 10:52:14 - [MESSAGE][PASSED] - Text 'qa cabang' has been set to element 'Object Repository/Mobile/Page/Register/Not Registered/Akun Bank/Edit Text - Branch'

2021-10-18 10:52:14 - [TEST_STEP][PASSED] - hideKeyboard(): Keyboard is hidden

2021-10-18 10:52:18 - [MESSAGE][PASSED] - Keyboard is hidden

2021-10-18 10:52:18 - [TEST_STEP][PASSED] - delay(1): Delayed 1 second(s)

2021-10-18 10:52:19 - [MESSAGE][PASSED] - Delayed 1 second(s)

2021-10-18 10:52:19 - [TEST_STEP][PASSED] - tap(findTestObject("Object Repository/Mobile/Page/Register/Not Registered/Akun Bank/Edit Text - Account Number"), 0, STOP_ON_FAILURE): Tapped on element 'Object Repository/Mobile/Page/Register/Not Registered/Akun Bank/Edit Text - Account Number'

2021-10-18 10:52:19 - [MESSAGE][WARNING] - Timeout '0' is invalid. Using default page load timeout: '60'

2021-10-18 10:52:21 - [MESSAGE][PASSED] - Tapped on element 'Object Repository/Mobile/Page/Register/Not Registered/Akun Bank/Edit Text - Account Number'

2021-10-18 10:52:21 - [TEST_STEP][PASSED] - setText(findTestObject("Object Repository/Mobile/Page/Register/Not Registered/Akun Bank/Edit Text - Account Number"), accountnumber, 0, STOP_ON_FAILURE): Text '222444222444' has been set to element 'Object Repository/Mobile/Page/Register/Not Registered/Akun Bank/Edit Text - Account Number'

2021-10-18 10:52:21 - [MESSAGE][WARNING] - Timeout '0' is invalid. Using default page load timeout: '60'

2021-10-18 10:52:21 - [MESSAGE][PASSED] - Text '222444222444' has been set to element 'Object Repository/Mobile/Page/Register/Not Registered/Akun Bank/Edit Text - Account Number'

2021-10-18 10:52:21 - [TEST_STEP][PASSED] - hideKeyboard(): Keyboard is hidden

2021-10-18 10:52:27 - [MESSAGE][PASSED] - Keyboard is hidden

2021-10-18 10:52:27 - [TEST_STEP][PASSED] - delay(1): Delayed 1 second(s)

2021-10-18 10:52:28 - [MESSAGE][PASSED] - Delayed 1 second(s)

2021-10-18 10:52:28 - [TEST_STEP][PASSED] - if (negativeStatus == "isNameOwnerNotMatch"): null

2021-10-18 10:52:28 - [TEST_STEP][PASSED] - nameowner = "aa": null

2021-10-18 10:52:28 - [TEST_STEP][PASSED] - tap(findTestObject("Object Repository/Mobile/Page/Register/Not Registered/Akun Bank/Edit Text - Name Owner"), 0, STOP_ON_FAILURE): Tapped on element 'Object Repository/Mobile/Page/Register/Not Registered/Akun Bank/Edit Text - Name Owner'

2021-10-18 10:52:28 - [MESSAGE][WARNING] - Timeout '0' is invalid. Using default page load timeout: '60'

2021-10-18 10:52:29 - [MESSAGE][PASSED] - Tapped on element 'Object Repository/Mobile/Page/Register/Not Registered/Akun Bank/Edit Text - Name Owner'

2021-10-18 10:52:29 - [TEST_STEP][PASSED] - setText(findTestObject("Object Repository/Mobile/Page/Register/Not Registered/Akun Bank/Edit Text - Name Owner"), nameowner, 0, STOP_ON_FAILURE): Text 'aa' has been set to element 'Object Repository/Mobile/Page/Register/Not Registered/Akun Bank/Edit Text - Name Owner'

2021-10-18 10:52:29 - [MESSAGE][WARNING] - Timeout '0' is invalid. Using default page load timeout: '60'

2021-10-18 10:52:30 - [MESSAGE][PASSED] - Text 'aa' has been set to element 'Object Repository/Mobile/Page/Register/Not Registered/Akun Bank/Edit Text - Name Owner'

2021-10-18 10:52:30 - [TEST_STEP][PASSED] - hideKeyboard(): Keyboard is hidden

2021-10-18 10:52:34 - [MESSAGE][PASSED] - Keyboard is hidden

2021-10-18 10:52:34 - [TEST_STEP][PASSED] - delay(1): Delayed 1 second(s)

2021-10-18 10:52:35 - [MESSAGE][PASSED] - Delayed 1 second(s)

2021-10-18 10:52:35 - [TEST_STEP][PASSED] - passwordnumber = verifyElementExist(findTestObject("Object Repository/Mobile/Page/Register/Not Registered/Akun Bank/Alert - Account name has to be similar"), 1, OPTIONAL): Element 'Object Repository/Mobile/Page/Register/Not Registered/Akun Bank/Alert - Account name has to be similar' is exist

2021-10-18 10:52:35 - [MESSAGE][PASSED] - Element 'Object Repository/Mobile/Page/Register/Not Registered/Akun Bank/Alert - Account name has to be similar' is exist

2021-10-18 10:52:35 - [TEST_STEP][PASSED] - break: null

2021-10-18 10:52:35 - [MESSAGE][PASSED] - Call Test Case 'Test Cases/Mobile/Page/Register/Register' successfully

2021-10-18 10:52:35 - [TEST_STEP][PASSED] - callTestCase(findTestCase("Mobile/Page/Run App/Terminate App"), [:], STOP_ON_FAILURE): Call Test Case 'Test Cases/Mobile/Page/Run App/Terminate App' successfully

2021-10-18 10:52:35 - [TEST_CASE][PASSED] - Test Cases/Mobile/Page/Run App/Terminate App: Test Cases/Mobile/Page/Run App/Terminate App

2021-10-18 10:52:35 - [TEST_STEP][PASSED] - startApp.OpenApp.terminateApplication(): startApp.OpenApp.terminateApplication is PASSED

2021-10-18 10:52:38 - [MESSAGE][PASSED] - Delayed 3 second(s)

2021-10-18 10:52:38 - [MESSAGE][WARNING] - Timeout '0' is invalid. Using default page load timeout: '60'

2021-10-18 10:52:39 - [MESSAGE][PASSED] - Tapped on element 'Object Repository/Mobile/Page/Button - Close all application'

2021-10-18 10:52:42 - [MESSAGE][PASSED] - Delayed 3 second(s)

2021-10-18 10:52:42 - [MESSAGE][PASSED] - startApp.OpenApp.terminateApplication is PASSED

2021-10-18 10:52:42 - [MESSAGE][PASSED] - Call Test Case 'Test Cases/Mobile/Page/Run App/Terminate App' successfully]]></system-out>
         <system-err><![CDATA[]]></system-err>
      </testcase>
      <system-out><![CDATA[2021-10-18 10:05:09 - [TEST_SUITE][PASSED] - Register: Test Cases/Mobile/Scenario/Register/016 - User memasukkan nama di rekening berbeda dengan nama akun]]></system-out>
      <system-err><![CDATA[]]></system-err>
   </testsuite>
</testsuites>
