<?xml version="1.0" encoding="UTF-8"?>
<testsuites name="portfolio" time="1331.545" tests="19" failures="0" skips="0" errors="0">
   <testsuite name="portfolio" tests="19" failures="0" errors="0" time="1331.545" skips="0" timestamp="2022-01-14 11:03:49" hostname="Owner - aldy-tft" id="Test Suites/portfolio">
      <properties>
         <property name="deviceName" value="samsung SM-A205F (Android 11)"/>
         <property name="devicePlatform" value=""/>
         <property name="logFolder" value="C:\\Users\\Owner\\Documents\\kerjaan\\KatalonProject\\qa_katalon_pwm\\qa_katalon_pwm\\Reports\\20220114_102003\\portfolio\\20220114_102031"/>
         <property name="logFiles" value="C:\\Users\\Owner\\Documents\\kerjaan\\KatalonProject\\qa_katalon_pwm\\qa_katalon_pwm\\Reports\\20220114_102003\\portfolio\\20220114_102031\\appium.log, C:\\Users\\Owner\\Documents\\kerjaan\\KatalonProject\\qa_katalon_pwm\\qa_katalon_pwm\\Reports\\20220114_102003\\portfolio\\20220114_102031\\execution0.log"/>
         <property name="attachments" value=""/>
         <property name="hostName" value="Owner - aldy-tft"/>
         <property name="os" value="Windows 10 64bit"/>
         <property name="appiumServerStatus" value="{&quot;value&quot;:{&quot;build&quot;:{&quot;version&quot;:&quot;1.22.0&quot;}},&quot;sessionId&quot;:null,&quot;status&quot;:0}"/>
         <property name="katalonVersion" value="7.9.1.208"/>
         <property name="deviceOS" value="Android"/>
         <property name="appiumVersion" value="1.22.0"/>
         <property name="deviceModel" value="SM-A205F"/>
         <property name="hostAddress" value="10.0.50.27"/>
         <property name="deviceManufacturer" value="samsung"/>
         <property name="deviceId" value="RR8M40C9AXE"/>
         <property name="deviceName" value="samsung SM-A205F (Android 11)"/>
         <property name="deviceOSVersion" value="11"/>
      </properties>
      <testcase name="Test Cases/Mobile/Scenario/Portfolio/001 - Summary" time="102.708" classname="Test Cases/Mobile/Scenario/Portfolio/001 - Summary" status="PASSED">
         <system-out><![CDATA[2022-01-14 11:03:50 - [TEST_CASE][PASSED] - Test Cases/Mobile/Scenario/Portfolio/001 - Summary: Test Cases/Mobile/Scenario/Portfolio/001 - Summary

2022-01-14 11:03:50 - [TEST_STEP][PASSED] - callTestCase(findTestCase("Mobile/Page/Run App/Run App byID"), [:], STOP_ON_FAILURE): Call Test Case 'Test Cases/Mobile/Page/Run App/Run App byID' successfully

2022-01-14 11:03:50 - [TEST_CASE][PASSED] - Test Cases/Mobile/Page/Run App/Run App byID: Test Cases/Mobile/Page/Run App/Run App byID

2022-01-14 11:03:51 - [TEST_STEP][PASSED] - startApp.OpenApp.startApplication("id.co.miraeasset.sageclub"): startApp.OpenApp.startApplication is PASSED

2022-01-14 11:03:53 - [MESSAGE][INFO] - Appium server started on port 60,982

2022-01-14 11:04:10 - [MESSAGE][PASSED] - Starting app with application ID: 'id.co.miraeasset.sageclub'

2022-01-14 11:04:10 - [MESSAGE][PASSED] - startApp.OpenApp.startApplication is PASSED

2022-01-14 11:04:10 - [MESSAGE][PASSED] - Call Test Case 'Test Cases/Mobile/Page/Run App/Run App byID' successfully

2022-01-14 11:04:10 - [TEST_STEP][PASSED] - callTestCase(findTestCase("Mobile/Page/Portfolio/Portfolio"), ["tab":"summary", "action":"summary"], CONTINUE_ON_FAILURE): Call Test Case 'Test Cases/Mobile/Page/Portfolio/Portfolio' successfully

2022-01-14 11:04:11 - [TEST_CASE][PASSED] - Test Cases/Mobile/Page/Portfolio/Portfolio: Test Cases/Mobile/Page/Portfolio/Portfolio

2022-01-14 11:04:12 - [TEST_STEP][PASSED] - callTestCase(findTestCase("Mobile/Page/CheckLogin"), [:], CONTINUE_ON_FAILURE): Call Test Case 'Test Cases/Mobile/Page/CheckLogin' successfully

2022-01-14 11:04:12 - [TEST_CASE][PASSED] - Test Cases/Mobile/Page/CheckLogin: Test Cases/Mobile/Page/CheckLogin

2022-01-14 11:04:13 - [TEST_STEP][PASSED] - loginCheck = verifyElementExist(LOGN_BtnLogin, 5, CONTINUE_ON_FAILURE): Element 'Object Repository/Mobile/Page/Login/Button - Login' is exist

2022-01-14 11:04:52 - [MESSAGE][PASSED] - Element 'Object Repository/Mobile/Page/Login/Button - Login' is exist

2022-01-14 11:04:52 - [TEST_STEP][PASSED] - if (loginCheck): Call Test Case 'Test Cases/Mobile/Page/Login/Login' successfully

2022-01-14 11:04:52 - [TEST_STEP][PASSED] - callTestCase(findTestCase("Mobile/Page/Login/Login"), ["action":"username"], CONTINUE_ON_FAILURE): Call Test Case 'Test Cases/Mobile/Page/Login/Login' successfully

2022-01-14 11:04:52 - [TEST_CASE][PASSED] - Test Cases/Mobile/Page/Login/Login: Test Cases/Mobile/Page/Login/Login

2022-01-14 11:04:53 - [TEST_STEP][PASSED] - delay(2): Delayed 2 second(s)

2022-01-14 11:04:55 - [MESSAGE][PASSED] - Delayed 2 second(s)

2022-01-14 11:04:55 - [TEST_STEP][PASSED] - for ([i = 0, i < 1, (i++)]): null

2022-01-14 11:04:55 - [TEST_STEP][PASSED] - if (action == "username"): null

2022-01-14 11:04:55 - [TEST_STEP][PASSED] - tap(LOGN_EdtUserID, 0): Tapped on element 'Object Repository/Mobile/Page/Login/Input - UserID'

2022-01-14 11:04:55 - [MESSAGE][WARNING] - Timeout '0' is invalid. Using default page load timeout: '60'

2022-01-14 11:04:55 - [MESSAGE][PASSED] - Tapped on element 'Object Repository/Mobile/Page/Login/Input - UserID'

2022-01-14 11:04:55 - [TEST_STEP][PASSED] - delay(1): Delayed 1 second(s)

2022-01-14 11:04:56 - [MESSAGE][PASSED] - Delayed 1 second(s)

2022-01-14 11:04:56 - [TEST_STEP][PASSED] - setText(LOGN_EdtRdyUserID, "anggaaditya", 0): Text 'anggaaditya' has been set to element 'Object Repository/Mobile/Page/Login/Input Rdy - UserID'

2022-01-14 11:04:57 - [MESSAGE][WARNING] - Timeout '0' is invalid. Using default page load timeout: '60'

2022-01-14 11:04:57 - [MESSAGE][PASSED] - Text 'anggaaditya' has been set to element 'Object Repository/Mobile/Page/Login/Input Rdy - UserID'

2022-01-14 11:04:57 - [TEST_STEP][PASSED] - delay(1): Delayed 1 second(s)

2022-01-14 11:04:58 - [MESSAGE][PASSED] - Delayed 1 second(s)

2022-01-14 11:04:58 - [TEST_STEP][PASSED] - hideKeyboard(): Keyboard is hidden

2022-01-14 11:05:02 - [MESSAGE][PASSED] - Keyboard is hidden

2022-01-14 11:05:02 - [TEST_STEP][PASSED] - tap(LOGN_EdtPassword, 0): Tapped on element 'Object Repository/Mobile/Page/Login/Input - Password'

2022-01-14 11:05:02 - [MESSAGE][WARNING] - Timeout '0' is invalid. Using default page load timeout: '60'

2022-01-14 11:05:03 - [MESSAGE][PASSED] - Tapped on element 'Object Repository/Mobile/Page/Login/Input - Password'

2022-01-14 11:05:03 - [TEST_STEP][PASSED] - delay(1): Delayed 1 second(s)

2022-01-14 11:05:04 - [MESSAGE][PASSED] - Delayed 1 second(s)

2022-01-14 11:05:04 - [TEST_STEP][PASSED] - setText(LOGN_EdtRdyPassword, "Shalawa18", 0): Text 'Shalawa18' has been set to element 'Object Repository/Mobile/Page/Login/Input Rdy - Password'

2022-01-14 11:05:04 - [MESSAGE][WARNING] - Timeout '0' is invalid. Using default page load timeout: '60'

2022-01-14 11:05:04 - [MESSAGE][PASSED] - Text 'Shalawa18' has been set to element 'Object Repository/Mobile/Page/Login/Input Rdy - Password'

2022-01-14 11:05:04 - [TEST_STEP][PASSED] - delay(1): Delayed 1 second(s)

2022-01-14 11:05:05 - [MESSAGE][PASSED] - Delayed 1 second(s)

2022-01-14 11:05:05 - [TEST_STEP][PASSED] - hideKeyboard(): Keyboard is hidden

2022-01-14 11:05:12 - [MESSAGE][PASSED] - Keyboard is hidden

2022-01-14 11:05:12 - [TEST_STEP][PASSED] - tap(LOGN_BtnLogin, 0): Tapped on element 'Object Repository/Mobile/Page/Login/Button - Login'

2022-01-14 11:05:12 - [MESSAGE][WARNING] - Timeout '0' is invalid. Using default page load timeout: '60'

2022-01-14 11:05:13 - [MESSAGE][PASSED] - Tapped on element 'Object Repository/Mobile/Page/Login/Button - Login'

2022-01-14 11:05:13 - [TEST_STEP][PASSED] - delay(2): Delayed 2 second(s)

2022-01-14 11:05:15 - [MESSAGE][PASSED] - Delayed 2 second(s)

2022-01-14 11:05:15 - [TEST_STEP][PASSED] - break: null

2022-01-14 11:05:15 - [MESSAGE][PASSED] - Call Test Case 'Test Cases/Mobile/Page/Login/Login' successfully

2022-01-14 11:05:15 - [MESSAGE][PASSED] - Call Test Case 'Test Cases/Mobile/Page/CheckLogin' successfully

2022-01-14 11:05:15 - [TEST_STEP][PASSED] - tap(HOME_MenubarPortfolio, 0): Tapped on element 'Object Repository/Mobile/Page/Home/Menubar - Portfolio'

2022-01-14 11:05:15 - [MESSAGE][WARNING] - Timeout '0' is invalid. Using default page load timeout: '60'

2022-01-14 11:05:17 - [MESSAGE][PASSED] - Tapped on element 'Object Repository/Mobile/Page/Home/Menubar - Portfolio'

2022-01-14 11:05:17 - [TEST_STEP][PASSED] - delay(1): Delayed 1 second(s)

2022-01-14 11:05:18 - [MESSAGE][PASSED] - Delayed 1 second(s)

2022-01-14 11:05:18 - [TEST_STEP][PASSED] - for ([i = 0, i < 1, (i++)]): null

2022-01-14 11:05:18 - [TEST_STEP][PASSED] - if (tab == "summary"): null

2022-01-14 11:05:18 - [TEST_STEP][PASSED] - idr = PORT_BtnIDR: null

2022-01-14 11:05:18 - [TEST_STEP][PASSED] - persen = PORT_BtnPersen: null

2022-01-14 11:05:18 - [TEST_STEP][PASSED] - if (action == "summary"): Delayed 3 second(s)

2022-01-14 11:05:18 - [TEST_STEP][PASSED] - delay(3): Delayed 3 second(s)

2022-01-14 11:05:21 - [MESSAGE][PASSED] - Delayed 3 second(s)

2022-01-14 11:05:21 - [TEST_STEP][PASSED] - if (action != "summary"): null

2022-01-14 11:05:21 - [MESSAGE][PASSED] - Call Test Case 'Test Cases/Mobile/Page/Portfolio/Portfolio' successfully

2022-01-14 11:05:21 - [TEST_STEP][PASSED] - callTestCase(findTestCase("Mobile/Page/Run App/Terminate App"), [:], STOP_ON_FAILURE): Call Test Case 'Test Cases/Mobile/Page/Run App/Terminate App' successfully

2022-01-14 11:05:21 - [TEST_CASE][PASSED] - Test Cases/Mobile/Page/Run App/Terminate App: Test Cases/Mobile/Page/Run App/Terminate App

2022-01-14 11:05:22 - [TEST_STEP][PASSED] - startApp.OpenApp.terminateApplication(): startApp.OpenApp.terminateApplication is PASSED

2022-01-14 11:05:25 - [MESSAGE][PASSED] - Delayed 3 second(s)

2022-01-14 11:05:25 - [MESSAGE][PASSED] - Current device physical width is 720

2022-01-14 11:05:26 - [MESSAGE][PASSED] - Current device physical height is 1423

2022-01-14 11:05:27 - [MESSAGE][PASSED] - Swiped from 360,853 to 360,142

2022-01-14 11:05:28 - [MESSAGE][PASSED] - Delayed 1 second(s)

2022-01-14 11:05:29 - [MESSAGE][PASSED] - Swiped from 360,853 to 360,142

2022-01-14 11:05:32 - [MESSAGE][PASSED] - Delayed 3 second(s)

2022-01-14 11:05:32 - [MESSAGE][PASSED] - startApp.OpenApp.terminateApplication is PASSED

2022-01-14 11:05:32 - [MESSAGE][PASSED] - Call Test Case 'Test Cases/Mobile/Page/Run App/Terminate App' successfully]]></system-out>
         <system-err><![CDATA[]]></system-err>
      </testcase>
      <testcase name="Test Cases/Mobile/Scenario/Portfolio/002 - Portfolio Performance Daily IDR" time="62.626" classname="Test Cases/Mobile/Scenario/Portfolio/002 - Portfolio Performance Daily IDR" status="PASSED">
         <system-out><![CDATA[2022-01-14 11:05:32 - [TEST_CASE][PASSED] - Test Cases/Mobile/Scenario/Portfolio/002 - Portfolio Performance Daily IDR: Test Cases/Mobile/Scenario/Portfolio/002 - Portfolio Performance Daily IDR

2022-01-14 11:05:33 - [TEST_STEP][PASSED] - callTestCase(findTestCase("Mobile/Page/Run App/Run App byID"), [:], STOP_ON_FAILURE): Call Test Case 'Test Cases/Mobile/Page/Run App/Run App byID' successfully

2022-01-14 11:05:33 - [TEST_CASE][PASSED] - Test Cases/Mobile/Page/Run App/Run App byID: Test Cases/Mobile/Page/Run App/Run App byID

2022-01-14 11:05:33 - [TEST_STEP][PASSED] - startApp.OpenApp.startApplication("id.co.miraeasset.sageclub"): startApp.OpenApp.startApplication is PASSED

2022-01-14 11:05:47 - [MESSAGE][PASSED] - Starting app with application ID: 'id.co.miraeasset.sageclub'

2022-01-14 11:05:47 - [MESSAGE][PASSED] - startApp.OpenApp.startApplication is PASSED

2022-01-14 11:05:47 - [MESSAGE][PASSED] - Call Test Case 'Test Cases/Mobile/Page/Run App/Run App byID' successfully

2022-01-14 11:05:47 - [TEST_STEP][PASSED] - callTestCase(findTestCase("Mobile/Page/Portfolio/Portfolio"), ["tab":"summary", "action":"perf_daily", "action2":"idr"], CONTINUE_ON_FAILURE): Call Test Case 'Test Cases/Mobile/Page/Portfolio/Portfolio' successfully

2022-01-14 11:05:47 - [TEST_CASE][PASSED] - Test Cases/Mobile/Page/Portfolio/Portfolio: Test Cases/Mobile/Page/Portfolio/Portfolio

2022-01-14 11:05:47 - [TEST_STEP][PASSED] - callTestCase(findTestCase("Mobile/Page/CheckLogin"), [:], CONTINUE_ON_FAILURE): Call Test Case 'Test Cases/Mobile/Page/CheckLogin' successfully

2022-01-14 11:05:47 - [TEST_CASE][PASSED] - Test Cases/Mobile/Page/CheckLogin: Test Cases/Mobile/Page/CheckLogin

2022-01-14 11:05:47 - [TEST_STEP][PASSED] - loginCheck = verifyElementExist(LOGN_BtnLogin, 5, CONTINUE_ON_FAILURE): Element 'Object Repository/Mobile/Page/Login/Button - Login' is exist

2022-01-14 11:05:49 - [MESSAGE][PASSED] - Element 'Object Repository/Mobile/Page/Login/Button - Login' is exist

2022-01-14 11:05:49 - [TEST_STEP][PASSED] - if (loginCheck): Call Test Case 'Test Cases/Mobile/Page/Login/Login' successfully

2022-01-14 11:05:49 - [TEST_STEP][PASSED] - callTestCase(findTestCase("Mobile/Page/Login/Login"), ["action":"username"], CONTINUE_ON_FAILURE): Call Test Case 'Test Cases/Mobile/Page/Login/Login' successfully

2022-01-14 11:05:49 - [TEST_CASE][PASSED] - Test Cases/Mobile/Page/Login/Login: Test Cases/Mobile/Page/Login/Login

2022-01-14 11:05:49 - [TEST_STEP][PASSED] - delay(2): Delayed 2 second(s)

2022-01-14 11:05:51 - [MESSAGE][PASSED] - Delayed 2 second(s)

2022-01-14 11:05:51 - [TEST_STEP][PASSED] - for ([i = 0, i < 1, (i++)]): null

2022-01-14 11:05:51 - [TEST_STEP][PASSED] - if (action == "username"): null

2022-01-14 11:05:51 - [TEST_STEP][PASSED] - tap(LOGN_EdtUserID, 0): Tapped on element 'Object Repository/Mobile/Page/Login/Input - UserID'

2022-01-14 11:05:51 - [MESSAGE][WARNING] - Timeout '0' is invalid. Using default page load timeout: '60'

2022-01-14 11:05:51 - [MESSAGE][PASSED] - Tapped on element 'Object Repository/Mobile/Page/Login/Input - UserID'

2022-01-14 11:05:51 - [TEST_STEP][PASSED] - delay(1): Delayed 1 second(s)

2022-01-14 11:05:52 - [MESSAGE][PASSED] - Delayed 1 second(s)

2022-01-14 11:05:52 - [TEST_STEP][PASSED] - setText(LOGN_EdtRdyUserID, "anggaaditya", 0): Text 'anggaaditya' has been set to element 'Object Repository/Mobile/Page/Login/Input Rdy - UserID'

2022-01-14 11:05:52 - [MESSAGE][WARNING] - Timeout '0' is invalid. Using default page load timeout: '60'

2022-01-14 11:05:53 - [MESSAGE][PASSED] - Text 'anggaaditya' has been set to element 'Object Repository/Mobile/Page/Login/Input Rdy - UserID'

2022-01-14 11:05:53 - [TEST_STEP][PASSED] - delay(1): Delayed 1 second(s)

2022-01-14 11:05:54 - [MESSAGE][PASSED] - Delayed 1 second(s)

2022-01-14 11:05:54 - [TEST_STEP][PASSED] - hideKeyboard(): Keyboard is hidden

2022-01-14 11:05:58 - [MESSAGE][PASSED] - Keyboard is hidden

2022-01-14 11:05:58 - [TEST_STEP][PASSED] - tap(LOGN_EdtPassword, 0): Tapped on element 'Object Repository/Mobile/Page/Login/Input - Password'

2022-01-14 11:05:58 - [MESSAGE][WARNING] - Timeout '0' is invalid. Using default page load timeout: '60'

2022-01-14 11:05:59 - [MESSAGE][PASSED] - Tapped on element 'Object Repository/Mobile/Page/Login/Input - Password'

2022-01-14 11:05:59 - [TEST_STEP][PASSED] - delay(1): Delayed 1 second(s)

2022-01-14 11:06:00 - [MESSAGE][PASSED] - Delayed 1 second(s)

2022-01-14 11:06:00 - [TEST_STEP][PASSED] - setText(LOGN_EdtRdyPassword, "Shalawa18", 0): Text 'Shalawa18' has been set to element 'Object Repository/Mobile/Page/Login/Input Rdy - Password'

2022-01-14 11:06:00 - [MESSAGE][WARNING] - Timeout '0' is invalid. Using default page load timeout: '60'

2022-01-14 11:06:00 - [MESSAGE][PASSED] - Text 'Shalawa18' has been set to element 'Object Repository/Mobile/Page/Login/Input Rdy - Password'

2022-01-14 11:06:00 - [TEST_STEP][PASSED] - delay(1): Delayed 1 second(s)

2022-01-14 11:06:01 - [MESSAGE][PASSED] - Delayed 1 second(s)

2022-01-14 11:06:01 - [TEST_STEP][PASSED] - hideKeyboard(): Keyboard is hidden

2022-01-14 11:06:07 - [MESSAGE][PASSED] - Keyboard is hidden

2022-01-14 11:06:07 - [TEST_STEP][PASSED] - tap(LOGN_BtnLogin, 0): Tapped on element 'Object Repository/Mobile/Page/Login/Button - Login'

2022-01-14 11:06:07 - [MESSAGE][WARNING] - Timeout '0' is invalid. Using default page load timeout: '60'

2022-01-14 11:06:09 - [MESSAGE][PASSED] - Tapped on element 'Object Repository/Mobile/Page/Login/Button - Login'

2022-01-14 11:06:09 - [TEST_STEP][PASSED] - delay(2): Delayed 2 second(s)

2022-01-14 11:06:11 - [MESSAGE][PASSED] - Delayed 2 second(s)

2022-01-14 11:06:11 - [TEST_STEP][PASSED] - break: null

2022-01-14 11:06:11 - [MESSAGE][PASSED] - Call Test Case 'Test Cases/Mobile/Page/Login/Login' successfully

2022-01-14 11:06:11 - [MESSAGE][PASSED] - Call Test Case 'Test Cases/Mobile/Page/CheckLogin' successfully

2022-01-14 11:06:11 - [TEST_STEP][PASSED] - tap(HOME_MenubarPortfolio, 0): Tapped on element 'Object Repository/Mobile/Page/Home/Menubar - Portfolio'

2022-01-14 11:06:11 - [MESSAGE][WARNING] - Timeout '0' is invalid. Using default page load timeout: '60'

2022-01-14 11:06:12 - [MESSAGE][PASSED] - Tapped on element 'Object Repository/Mobile/Page/Home/Menubar - Portfolio'

2022-01-14 11:06:12 - [TEST_STEP][PASSED] - delay(1): Delayed 1 second(s)

2022-01-14 11:06:13 - [MESSAGE][PASSED] - Delayed 1 second(s)

2022-01-14 11:06:13 - [TEST_STEP][PASSED] - for ([i = 0, i < 1, (i++)]): Delayed 3 second(s)

2022-01-14 11:06:13 - [TEST_STEP][PASSED] - if (tab == "summary"): Delayed 3 second(s)

2022-01-14 11:06:13 - [TEST_STEP][PASSED] - idr = PORT_BtnIDR: null

2022-01-14 11:06:13 - [TEST_STEP][PASSED] - persen = PORT_BtnPersen: null

2022-01-14 11:06:13 - [TEST_STEP][PASSED] - if (action == "summary"): null

2022-01-14 11:06:13 - [TEST_STEP][PASSED] - else if (action == "perf_daily"): scroll.scroll.scrollScreenBottomToTop is PASSED

2022-01-14 11:06:13 - [TEST_STEP][PASSED] - scroll.scroll.scrollScreenBottomToTop(): scroll.scroll.scrollScreenBottomToTop is PASSED

2022-01-14 11:06:14 - [MESSAGE][PASSED] - Current device physical height is 1423

2022-01-14 11:06:14 - [MESSAGE][PASSED] - Current device physical width is 720

2022-01-14 11:06:15 - [MESSAGE][PASSED] - Swiped from 360,1,138 to 360,284

2022-01-14 11:06:15 - [MESSAGE][PASSED] - scroll.scroll.scrollScreenBottomToTop is PASSED

2022-01-14 11:06:15 - [TEST_STEP][PASSED] - if (action != "summary"): Delayed 3 second(s)

2022-01-14 11:06:15 - [TEST_STEP][PASSED] - delay(1): Delayed 1 second(s)

2022-01-14 11:06:16 - [MESSAGE][PASSED] - Delayed 1 second(s)

2022-01-14 11:06:16 - [TEST_STEP][PASSED] - scroll.scroll.scrollScreenBottomToTop(): scroll.scroll.scrollScreenBottomToTop is PASSED

2022-01-14 11:06:16 - [MESSAGE][PASSED] - Current device physical height is 1423

2022-01-14 11:06:17 - [MESSAGE][PASSED] - Current device physical width is 720

2022-01-14 11:06:18 - [MESSAGE][PASSED] - Swiped from 360,1,138 to 360,284

2022-01-14 11:06:18 - [MESSAGE][PASSED] - scroll.scroll.scrollScreenBottomToTop is PASSED

2022-01-14 11:06:18 - [TEST_STEP][PASSED] - delay(3): Delayed 3 second(s)

2022-01-14 11:06:21 - [MESSAGE][PASSED] - Delayed 3 second(s)

2022-01-14 11:06:21 - [TEST_STEP][PASSED] - if (action2 == "idr"): Delayed 3 second(s)

2022-01-14 11:06:21 - [TEST_STEP][PASSED] - tap(idr, 10): Tapped on element 'Object Repository/Mobile/Page/Portfolio/Button - IDR'

2022-01-14 11:06:22 - [MESSAGE][PASSED] - Tapped on element 'Object Repository/Mobile/Page/Portfolio/Button - IDR'

2022-01-14 11:06:22 - [TEST_STEP][PASSED] - delay(3): Delayed 3 second(s)

2022-01-14 11:06:25 - [MESSAGE][PASSED] - Delayed 3 second(s)

2022-01-14 11:06:25 - [MESSAGE][PASSED] - Call Test Case 'Test Cases/Mobile/Page/Portfolio/Portfolio' successfully

2022-01-14 11:06:25 - [TEST_STEP][PASSED] - callTestCase(findTestCase("Mobile/Page/Run App/Terminate App"), [:], STOP_ON_FAILURE): Call Test Case 'Test Cases/Mobile/Page/Run App/Terminate App' successfully

2022-01-14 11:06:25 - [TEST_CASE][PASSED] - Test Cases/Mobile/Page/Run App/Terminate App: Test Cases/Mobile/Page/Run App/Terminate App

2022-01-14 11:06:25 - [TEST_STEP][PASSED] - startApp.OpenApp.terminateApplication(): startApp.OpenApp.terminateApplication is PASSED

2022-01-14 11:06:28 - [MESSAGE][PASSED] - Delayed 3 second(s)

2022-01-14 11:06:28 - [MESSAGE][PASSED] - Current device physical width is 720

2022-01-14 11:06:28 - [MESSAGE][PASSED] - Current device physical height is 1423

2022-01-14 11:06:30 - [MESSAGE][PASSED] - Swiped from 360,853 to 360,142

2022-01-14 11:06:31 - [MESSAGE][PASSED] - Delayed 1 second(s)

2022-01-14 11:06:32 - [MESSAGE][PASSED] - Swiped from 360,853 to 360,142

2022-01-14 11:06:35 - [MESSAGE][PASSED] - Delayed 3 second(s)

2022-01-14 11:06:35 - [MESSAGE][PASSED] - startApp.OpenApp.terminateApplication is PASSED

2022-01-14 11:06:35 - [MESSAGE][PASSED] - Call Test Case 'Test Cases/Mobile/Page/Run App/Terminate App' successfully]]></system-out>
         <system-err><![CDATA[]]></system-err>
      </testcase>
      <testcase name="Test Cases/Mobile/Scenario/Portfolio/003 - Portfolio Performance Month to Date IDR" time="63.544" classname="Test Cases/Mobile/Scenario/Portfolio/003 - Portfolio Performance Month to Date IDR" status="PASSED">
         <system-out><![CDATA[2022-01-14 11:06:35 - [TEST_CASE][PASSED] - Test Cases/Mobile/Scenario/Portfolio/003 - Portfolio Performance Month to Date IDR: Test Cases/Mobile/Scenario/Portfolio/003 - Portfolio Performance Month to Date IDR

2022-01-14 11:06:36 - [TEST_STEP][PASSED] - callTestCase(findTestCase("Mobile/Page/Run App/Run App byID"), [:], STOP_ON_FAILURE): Call Test Case 'Test Cases/Mobile/Page/Run App/Run App byID' successfully

2022-01-14 11:06:36 - [TEST_CASE][PASSED] - Test Cases/Mobile/Page/Run App/Run App byID: Test Cases/Mobile/Page/Run App/Run App byID

2022-01-14 11:06:36 - [TEST_STEP][PASSED] - startApp.OpenApp.startApplication("id.co.miraeasset.sageclub"): startApp.OpenApp.startApplication is PASSED

2022-01-14 11:06:49 - [MESSAGE][PASSED] - Starting app with application ID: 'id.co.miraeasset.sageclub'

2022-01-14 11:06:49 - [MESSAGE][PASSED] - startApp.OpenApp.startApplication is PASSED

2022-01-14 11:06:49 - [MESSAGE][PASSED] - Call Test Case 'Test Cases/Mobile/Page/Run App/Run App byID' successfully

2022-01-14 11:06:49 - [TEST_STEP][PASSED] - callTestCase(findTestCase("Mobile/Page/Portfolio/Portfolio"), ["tab":"summary", "action":"perf_month", "action2":"idr"], CONTINUE_ON_FAILURE): Call Test Case 'Test Cases/Mobile/Page/Portfolio/Portfolio' successfully

2022-01-14 11:06:49 - [TEST_CASE][PASSED] - Test Cases/Mobile/Page/Portfolio/Portfolio: Test Cases/Mobile/Page/Portfolio/Portfolio

2022-01-14 11:06:49 - [TEST_STEP][PASSED] - callTestCase(findTestCase("Mobile/Page/CheckLogin"), [:], CONTINUE_ON_FAILURE): Call Test Case 'Test Cases/Mobile/Page/CheckLogin' successfully

2022-01-14 11:06:49 - [TEST_CASE][PASSED] - Test Cases/Mobile/Page/CheckLogin: Test Cases/Mobile/Page/CheckLogin

2022-01-14 11:06:49 - [TEST_STEP][PASSED] - loginCheck = verifyElementExist(LOGN_BtnLogin, 5, CONTINUE_ON_FAILURE): Element 'Object Repository/Mobile/Page/Login/Button - Login' is exist

2022-01-14 11:06:51 - [MESSAGE][PASSED] - Element 'Object Repository/Mobile/Page/Login/Button - Login' is exist

2022-01-14 11:06:51 - [TEST_STEP][PASSED] - if (loginCheck): Call Test Case 'Test Cases/Mobile/Page/Login/Login' successfully

2022-01-14 11:06:51 - [TEST_STEP][PASSED] - callTestCase(findTestCase("Mobile/Page/Login/Login"), ["action":"username"], CONTINUE_ON_FAILURE): Call Test Case 'Test Cases/Mobile/Page/Login/Login' successfully

2022-01-14 11:06:51 - [TEST_CASE][PASSED] - Test Cases/Mobile/Page/Login/Login: Test Cases/Mobile/Page/Login/Login

2022-01-14 11:06:51 - [TEST_STEP][PASSED] - delay(2): Delayed 2 second(s)

2022-01-14 11:06:53 - [MESSAGE][PASSED] - Delayed 2 second(s)

2022-01-14 11:06:53 - [TEST_STEP][PASSED] - for ([i = 0, i < 1, (i++)]): null

2022-01-14 11:06:53 - [TEST_STEP][PASSED] - if (action == "username"): null

2022-01-14 11:06:53 - [TEST_STEP][PASSED] - tap(LOGN_EdtUserID, 0): Tapped on element 'Object Repository/Mobile/Page/Login/Input - UserID'

2022-01-14 11:06:53 - [MESSAGE][WARNING] - Timeout '0' is invalid. Using default page load timeout: '60'

2022-01-14 11:06:54 - [MESSAGE][PASSED] - Tapped on element 'Object Repository/Mobile/Page/Login/Input - UserID'

2022-01-14 11:06:54 - [TEST_STEP][PASSED] - delay(1): Delayed 1 second(s)

2022-01-14 11:06:55 - [MESSAGE][PASSED] - Delayed 1 second(s)

2022-01-14 11:06:55 - [TEST_STEP][PASSED] - setText(LOGN_EdtRdyUserID, "anggaaditya", 0): Text 'anggaaditya' has been set to element 'Object Repository/Mobile/Page/Login/Input Rdy - UserID'

2022-01-14 11:06:55 - [MESSAGE][WARNING] - Timeout '0' is invalid. Using default page load timeout: '60'

2022-01-14 11:06:56 - [MESSAGE][PASSED] - Text 'anggaaditya' has been set to element 'Object Repository/Mobile/Page/Login/Input Rdy - UserID'

2022-01-14 11:06:56 - [TEST_STEP][PASSED] - delay(1): Delayed 1 second(s)

2022-01-14 11:06:57 - [MESSAGE][PASSED] - Delayed 1 second(s)

2022-01-14 11:06:57 - [TEST_STEP][PASSED] - hideKeyboard(): Keyboard is hidden

2022-01-14 11:07:00 - [MESSAGE][PASSED] - Keyboard is hidden

2022-01-14 11:07:00 - [TEST_STEP][PASSED] - tap(LOGN_EdtPassword, 0): Tapped on element 'Object Repository/Mobile/Page/Login/Input - Password'

2022-01-14 11:07:00 - [MESSAGE][WARNING] - Timeout '0' is invalid. Using default page load timeout: '60'

2022-01-14 11:07:01 - [MESSAGE][PASSED] - Tapped on element 'Object Repository/Mobile/Page/Login/Input - Password'

2022-01-14 11:07:01 - [TEST_STEP][PASSED] - delay(1): Delayed 1 second(s)

2022-01-14 11:07:02 - [MESSAGE][PASSED] - Delayed 1 second(s)

2022-01-14 11:07:02 - [TEST_STEP][PASSED] - setText(LOGN_EdtRdyPassword, "Shalawa18", 0): Text 'Shalawa18' has been set to element 'Object Repository/Mobile/Page/Login/Input Rdy - Password'

2022-01-14 11:07:02 - [MESSAGE][WARNING] - Timeout '0' is invalid. Using default page load timeout: '60'

2022-01-14 11:07:03 - [MESSAGE][PASSED] - Text 'Shalawa18' has been set to element 'Object Repository/Mobile/Page/Login/Input Rdy - Password'

2022-01-14 11:07:03 - [TEST_STEP][PASSED] - delay(1): Delayed 1 second(s)

2022-01-14 11:07:04 - [MESSAGE][PASSED] - Delayed 1 second(s)

2022-01-14 11:07:04 - [TEST_STEP][PASSED] - hideKeyboard(): Keyboard is hidden

2022-01-14 11:07:10 - [MESSAGE][PASSED] - Keyboard is hidden

2022-01-14 11:07:10 - [TEST_STEP][PASSED] - tap(LOGN_BtnLogin, 0): Tapped on element 'Object Repository/Mobile/Page/Login/Button - Login'

2022-01-14 11:07:10 - [MESSAGE][WARNING] - Timeout '0' is invalid. Using default page load timeout: '60'

2022-01-14 11:07:11 - [MESSAGE][PASSED] - Tapped on element 'Object Repository/Mobile/Page/Login/Button - Login'

2022-01-14 11:07:11 - [TEST_STEP][PASSED] - delay(2): Delayed 2 second(s)

2022-01-14 11:07:13 - [MESSAGE][PASSED] - Delayed 2 second(s)

2022-01-14 11:07:13 - [TEST_STEP][PASSED] - break: null

2022-01-14 11:07:13 - [MESSAGE][PASSED] - Call Test Case 'Test Cases/Mobile/Page/Login/Login' successfully

2022-01-14 11:07:13 - [MESSAGE][PASSED] - Call Test Case 'Test Cases/Mobile/Page/CheckLogin' successfully

2022-01-14 11:07:13 - [TEST_STEP][PASSED] - tap(HOME_MenubarPortfolio, 0): Tapped on element 'Object Repository/Mobile/Page/Home/Menubar - Portfolio'

2022-01-14 11:07:13 - [MESSAGE][WARNING] - Timeout '0' is invalid. Using default page load timeout: '60'

2022-01-14 11:07:14 - [MESSAGE][PASSED] - Tapped on element 'Object Repository/Mobile/Page/Home/Menubar - Portfolio'

2022-01-14 11:07:14 - [TEST_STEP][PASSED] - delay(1): Delayed 1 second(s)

2022-01-14 11:07:15 - [MESSAGE][PASSED] - Delayed 1 second(s)

2022-01-14 11:07:15 - [TEST_STEP][PASSED] - for ([i = 0, i < 1, (i++)]): Delayed 3 second(s)

2022-01-14 11:07:15 - [TEST_STEP][PASSED] - if (tab == "summary"): Delayed 3 second(s)

2022-01-14 11:07:15 - [TEST_STEP][PASSED] - idr = PORT_BtnIDR: null

2022-01-14 11:07:15 - [TEST_STEP][PASSED] - persen = PORT_BtnPersen: null

2022-01-14 11:07:15 - [TEST_STEP][PASSED] - if (action == "summary"): null

2022-01-14 11:07:15 - [TEST_STEP][PASSED] - else if (action == "perf_daily"): null

2022-01-14 11:07:15 - [TEST_STEP][PASSED] - else if (action == "perf_month"): Tapped on element 'Object Repository/Mobile/Page/Portfolio/Tab - Summary Month to Date'

2022-01-14 11:07:15 - [TEST_STEP][PASSED] - scroll.scroll.scrollScreenBottomToTop(): scroll.scroll.scrollScreenBottomToTop is PASSED

2022-01-14 11:07:15 - [MESSAGE][PASSED] - Current device physical height is 1423

2022-01-14 11:07:16 - [MESSAGE][PASSED] - Current device physical width is 720

2022-01-14 11:07:17 - [MESSAGE][PASSED] - Swiped from 360,1,138 to 360,284

2022-01-14 11:07:17 - [MESSAGE][PASSED] - scroll.scroll.scrollScreenBottomToTop is PASSED

2022-01-14 11:07:17 - [TEST_STEP][PASSED] - delay(1): Delayed 1 second(s)

2022-01-14 11:07:18 - [MESSAGE][PASSED] - Delayed 1 second(s)

2022-01-14 11:07:18 - [TEST_STEP][PASSED] - tap(PORT_TabSummaryMonth, 0): Tapped on element 'Object Repository/Mobile/Page/Portfolio/Tab - Summary Month to Date'

2022-01-14 11:07:18 - [MESSAGE][WARNING] - Timeout '0' is invalid. Using default page load timeout: '60'

2022-01-14 11:07:19 - [MESSAGE][PASSED] - Tapped on element 'Object Repository/Mobile/Page/Portfolio/Tab - Summary Month to Date'

2022-01-14 11:07:19 - [TEST_STEP][PASSED] - if (action != "summary"): Delayed 3 second(s)

2022-01-14 11:07:19 - [TEST_STEP][PASSED] - delay(1): Delayed 1 second(s)

2022-01-14 11:07:20 - [MESSAGE][PASSED] - Delayed 1 second(s)

2022-01-14 11:07:20 - [TEST_STEP][PASSED] - scroll.scroll.scrollScreenBottomToTop(): scroll.scroll.scrollScreenBottomToTop is PASSED

2022-01-14 11:07:20 - [MESSAGE][PASSED] - Current device physical height is 1423

2022-01-14 11:07:20 - [MESSAGE][PASSED] - Current device physical width is 720

2022-01-14 11:07:22 - [MESSAGE][PASSED] - Swiped from 360,1,138 to 360,284

2022-01-14 11:07:22 - [MESSAGE][PASSED] - scroll.scroll.scrollScreenBottomToTop is PASSED

2022-01-14 11:07:22 - [TEST_STEP][PASSED] - delay(3): Delayed 3 second(s)

2022-01-14 11:07:25 - [MESSAGE][PASSED] - Delayed 3 second(s)

2022-01-14 11:07:25 - [TEST_STEP][PASSED] - if (action2 == "idr"): Delayed 3 second(s)

2022-01-14 11:07:25 - [TEST_STEP][PASSED] - tap(idr, 10): Tapped on element 'Object Repository/Mobile/Page/Portfolio/Button - IDR'

2022-01-14 11:07:25 - [MESSAGE][PASSED] - Tapped on element 'Object Repository/Mobile/Page/Portfolio/Button - IDR'

2022-01-14 11:07:25 - [TEST_STEP][PASSED] - delay(3): Delayed 3 second(s)

2022-01-14 11:07:28 - [MESSAGE][PASSED] - Delayed 3 second(s)

2022-01-14 11:07:28 - [MESSAGE][PASSED] - Call Test Case 'Test Cases/Mobile/Page/Portfolio/Portfolio' successfully

2022-01-14 11:07:28 - [TEST_STEP][PASSED] - callTestCase(findTestCase("Mobile/Page/Run App/Terminate App"), [:], STOP_ON_FAILURE): Call Test Case 'Test Cases/Mobile/Page/Run App/Terminate App' successfully

2022-01-14 11:07:28 - [TEST_CASE][PASSED] - Test Cases/Mobile/Page/Run App/Terminate App: Test Cases/Mobile/Page/Run App/Terminate App

2022-01-14 11:07:28 - [TEST_STEP][PASSED] - startApp.OpenApp.terminateApplication(): startApp.OpenApp.terminateApplication is PASSED

2022-01-14 11:07:31 - [MESSAGE][PASSED] - Delayed 3 second(s)

2022-01-14 11:07:32 - [MESSAGE][PASSED] - Current device physical width is 720

2022-01-14 11:07:32 - [MESSAGE][PASSED] - Current device physical height is 1423

2022-01-14 11:07:33 - [MESSAGE][PASSED] - Swiped from 360,853 to 360,142

2022-01-14 11:07:34 - [MESSAGE][PASSED] - Delayed 1 second(s)

2022-01-14 11:07:36 - [MESSAGE][PASSED] - Swiped from 360,853 to 360,142

2022-01-14 11:07:39 - [MESSAGE][PASSED] - Delayed 3 second(s)

2022-01-14 11:07:39 - [MESSAGE][PASSED] - startApp.OpenApp.terminateApplication is PASSED

2022-01-14 11:07:39 - [MESSAGE][PASSED] - Call Test Case 'Test Cases/Mobile/Page/Run App/Terminate App' successfully]]></system-out>
         <system-err><![CDATA[]]></system-err>
      </testcase>
      <testcase name="Test Cases/Mobile/Scenario/Portfolio/004 - Portfolio Performance Quarter to Date IDR" time="64.207" classname="Test Cases/Mobile/Scenario/Portfolio/004 - Portfolio Performance Quarter to Date IDR" status="PASSED">
         <system-out><![CDATA[2022-01-14 11:07:39 - [TEST_CASE][PASSED] - Test Cases/Mobile/Scenario/Portfolio/004 - Portfolio Performance Quarter to Date IDR: Test Cases/Mobile/Scenario/Portfolio/004 - Portfolio Performance Quarter to Date IDR

2022-01-14 11:07:39 - [TEST_STEP][PASSED] - callTestCase(findTestCase("Mobile/Page/Run App/Run App byID"), [:], STOP_ON_FAILURE): Call Test Case 'Test Cases/Mobile/Page/Run App/Run App byID' successfully

2022-01-14 11:07:39 - [TEST_CASE][PASSED] - Test Cases/Mobile/Page/Run App/Run App byID: Test Cases/Mobile/Page/Run App/Run App byID

2022-01-14 11:07:39 - [TEST_STEP][PASSED] - startApp.OpenApp.startApplication("id.co.miraeasset.sageclub"): startApp.OpenApp.startApplication is PASSED

2022-01-14 11:07:53 - [MESSAGE][PASSED] - Starting app with application ID: 'id.co.miraeasset.sageclub'

2022-01-14 11:07:53 - [MESSAGE][PASSED] - startApp.OpenApp.startApplication is PASSED

2022-01-14 11:07:53 - [MESSAGE][PASSED] - Call Test Case 'Test Cases/Mobile/Page/Run App/Run App byID' successfully

2022-01-14 11:07:53 - [TEST_STEP][PASSED] - callTestCase(findTestCase("Mobile/Page/Portfolio/Portfolio"), ["tab":"summary", "action":"perf_quarter", "action2":"idr"], CONTINUE_ON_FAILURE): Call Test Case 'Test Cases/Mobile/Page/Portfolio/Portfolio' successfully

2022-01-14 11:07:53 - [TEST_CASE][PASSED] - Test Cases/Mobile/Page/Portfolio/Portfolio: Test Cases/Mobile/Page/Portfolio/Portfolio

2022-01-14 11:07:54 - [TEST_STEP][PASSED] - callTestCase(findTestCase("Mobile/Page/CheckLogin"), [:], CONTINUE_ON_FAILURE): Call Test Case 'Test Cases/Mobile/Page/CheckLogin' successfully

2022-01-14 11:07:54 - [TEST_CASE][PASSED] - Test Cases/Mobile/Page/CheckLogin: Test Cases/Mobile/Page/CheckLogin

2022-01-14 11:07:54 - [TEST_STEP][PASSED] - loginCheck = verifyElementExist(LOGN_BtnLogin, 5, CONTINUE_ON_FAILURE): Element 'Object Repository/Mobile/Page/Login/Button - Login' is exist

2022-01-14 11:07:56 - [MESSAGE][PASSED] - Element 'Object Repository/Mobile/Page/Login/Button - Login' is exist

2022-01-14 11:07:56 - [TEST_STEP][PASSED] - if (loginCheck): Call Test Case 'Test Cases/Mobile/Page/Login/Login' successfully

2022-01-14 11:07:56 - [TEST_STEP][PASSED] - callTestCase(findTestCase("Mobile/Page/Login/Login"), ["action":"username"], CONTINUE_ON_FAILURE): Call Test Case 'Test Cases/Mobile/Page/Login/Login' successfully

2022-01-14 11:07:56 - [TEST_CASE][PASSED] - Test Cases/Mobile/Page/Login/Login: Test Cases/Mobile/Page/Login/Login

2022-01-14 11:07:56 - [TEST_STEP][PASSED] - delay(2): Delayed 2 second(s)

2022-01-14 11:07:58 - [MESSAGE][PASSED] - Delayed 2 second(s)

2022-01-14 11:07:58 - [TEST_STEP][PASSED] - for ([i = 0, i < 1, (i++)]): null

2022-01-14 11:07:58 - [TEST_STEP][PASSED] - if (action == "username"): null

2022-01-14 11:07:58 - [TEST_STEP][PASSED] - tap(LOGN_EdtUserID, 0): Tapped on element 'Object Repository/Mobile/Page/Login/Input - UserID'

2022-01-14 11:07:58 - [MESSAGE][WARNING] - Timeout '0' is invalid. Using default page load timeout: '60'

2022-01-14 11:07:58 - [MESSAGE][PASSED] - Tapped on element 'Object Repository/Mobile/Page/Login/Input - UserID'

2022-01-14 11:07:58 - [TEST_STEP][PASSED] - delay(1): Delayed 1 second(s)

2022-01-14 11:07:59 - [MESSAGE][PASSED] - Delayed 1 second(s)

2022-01-14 11:07:59 - [TEST_STEP][PASSED] - setText(LOGN_EdtRdyUserID, "anggaaditya", 0): Text 'anggaaditya' has been set to element 'Object Repository/Mobile/Page/Login/Input Rdy - UserID'

2022-01-14 11:07:59 - [MESSAGE][WARNING] - Timeout '0' is invalid. Using default page load timeout: '60'

2022-01-14 11:08:00 - [MESSAGE][PASSED] - Text 'anggaaditya' has been set to element 'Object Repository/Mobile/Page/Login/Input Rdy - UserID'

2022-01-14 11:08:00 - [TEST_STEP][PASSED] - delay(1): Delayed 1 second(s)

2022-01-14 11:08:01 - [MESSAGE][PASSED] - Delayed 1 second(s)

2022-01-14 11:08:01 - [TEST_STEP][PASSED] - hideKeyboard(): Keyboard is hidden

2022-01-14 11:08:05 - [MESSAGE][PASSED] - Keyboard is hidden

2022-01-14 11:08:05 - [TEST_STEP][PASSED] - tap(LOGN_EdtPassword, 0): Tapped on element 'Object Repository/Mobile/Page/Login/Input - Password'

2022-01-14 11:08:05 - [MESSAGE][WARNING] - Timeout '0' is invalid. Using default page load timeout: '60'

2022-01-14 11:08:05 - [MESSAGE][PASSED] - Tapped on element 'Object Repository/Mobile/Page/Login/Input - Password'

2022-01-14 11:08:05 - [TEST_STEP][PASSED] - delay(1): Delayed 1 second(s)

2022-01-14 11:08:06 - [MESSAGE][PASSED] - Delayed 1 second(s)

2022-01-14 11:08:06 - [TEST_STEP][PASSED] - setText(LOGN_EdtRdyPassword, "Shalawa18", 0): Text 'Shalawa18' has been set to element 'Object Repository/Mobile/Page/Login/Input Rdy - Password'

2022-01-14 11:08:06 - [MESSAGE][WARNING] - Timeout '0' is invalid. Using default page load timeout: '60'

2022-01-14 11:08:07 - [MESSAGE][PASSED] - Text 'Shalawa18' has been set to element 'Object Repository/Mobile/Page/Login/Input Rdy - Password'

2022-01-14 11:08:07 - [TEST_STEP][PASSED] - delay(1): Delayed 1 second(s)

2022-01-14 11:08:08 - [MESSAGE][PASSED] - Delayed 1 second(s)

2022-01-14 11:08:08 - [TEST_STEP][PASSED] - hideKeyboard(): Keyboard is hidden

2022-01-14 11:08:14 - [MESSAGE][PASSED] - Keyboard is hidden

2022-01-14 11:08:14 - [TEST_STEP][PASSED] - tap(LOGN_BtnLogin, 0): Tapped on element 'Object Repository/Mobile/Page/Login/Button - Login'

2022-01-14 11:08:14 - [MESSAGE][WARNING] - Timeout '0' is invalid. Using default page load timeout: '60'

2022-01-14 11:08:15 - [MESSAGE][PASSED] - Tapped on element 'Object Repository/Mobile/Page/Login/Button - Login'

2022-01-14 11:08:15 - [TEST_STEP][PASSED] - delay(2): Delayed 2 second(s)

2022-01-14 11:08:17 - [MESSAGE][PASSED] - Delayed 2 second(s)

2022-01-14 11:08:17 - [TEST_STEP][PASSED] - break: null

2022-01-14 11:08:17 - [MESSAGE][PASSED] - Call Test Case 'Test Cases/Mobile/Page/Login/Login' successfully

2022-01-14 11:08:17 - [MESSAGE][PASSED] - Call Test Case 'Test Cases/Mobile/Page/CheckLogin' successfully

2022-01-14 11:08:17 - [TEST_STEP][PASSED] - tap(HOME_MenubarPortfolio, 0): Tapped on element 'Object Repository/Mobile/Page/Home/Menubar - Portfolio'

2022-01-14 11:08:17 - [MESSAGE][WARNING] - Timeout '0' is invalid. Using default page load timeout: '60'

2022-01-14 11:08:18 - [MESSAGE][PASSED] - Tapped on element 'Object Repository/Mobile/Page/Home/Menubar - Portfolio'

2022-01-14 11:08:18 - [TEST_STEP][PASSED] - delay(1): Delayed 1 second(s)

2022-01-14 11:08:19 - [MESSAGE][PASSED] - Delayed 1 second(s)

2022-01-14 11:08:19 - [TEST_STEP][PASSED] - for ([i = 0, i < 1, (i++)]): Delayed 3 second(s)

2022-01-14 11:08:19 - [TEST_STEP][PASSED] - if (tab == "summary"): Delayed 3 second(s)

2022-01-14 11:08:19 - [TEST_STEP][PASSED] - idr = PORT_BtnIDR: null

2022-01-14 11:08:19 - [TEST_STEP][PASSED] - persen = PORT_BtnPersen: null

2022-01-14 11:08:19 - [TEST_STEP][PASSED] - if (action == "summary"): null

2022-01-14 11:08:19 - [TEST_STEP][PASSED] - else if (action == "perf_daily"): null

2022-01-14 11:08:19 - [TEST_STEP][PASSED] - else if (action == "perf_month"): null

2022-01-14 11:08:19 - [TEST_STEP][PASSED] - else if (action == "perf_quarter"): Tapped on element 'Object Repository/Mobile/Page/Portfolio/Tab - Summary Quarter to Date'

2022-01-14 11:08:19 - [TEST_STEP][PASSED] - scroll.scroll.scrollScreenBottomToTop(): scroll.scroll.scrollScreenBottomToTop is PASSED

2022-01-14 11:08:20 - [MESSAGE][PASSED] - Current device physical height is 1423

2022-01-14 11:08:20 - [MESSAGE][PASSED] - Current device physical width is 720

2022-01-14 11:08:21 - [MESSAGE][PASSED] - Swiped from 360,1,138 to 360,284

2022-01-14 11:08:21 - [MESSAGE][PASSED] - scroll.scroll.scrollScreenBottomToTop is PASSED

2022-01-14 11:08:21 - [TEST_STEP][PASSED] - delay(1): Delayed 1 second(s)

2022-01-14 11:08:22 - [MESSAGE][PASSED] - Delayed 1 second(s)

2022-01-14 11:08:22 - [TEST_STEP][PASSED] - tap(PORT_TabSummaryQuarter, 0): Tapped on element 'Object Repository/Mobile/Page/Portfolio/Tab - Summary Quarter to Date'

2022-01-14 11:08:22 - [MESSAGE][WARNING] - Timeout '0' is invalid. Using default page load timeout: '60'

2022-01-14 11:08:23 - [MESSAGE][PASSED] - Tapped on element 'Object Repository/Mobile/Page/Portfolio/Tab - Summary Quarter to Date'

2022-01-14 11:08:23 - [TEST_STEP][PASSED] - if (action != "summary"): Delayed 3 second(s)

2022-01-14 11:08:23 - [TEST_STEP][PASSED] - delay(1): Delayed 1 second(s)

2022-01-14 11:08:24 - [MESSAGE][PASSED] - Delayed 1 second(s)

2022-01-14 11:08:24 - [TEST_STEP][PASSED] - scroll.scroll.scrollScreenBottomToTop(): scroll.scroll.scrollScreenBottomToTop is PASSED

2022-01-14 11:08:24 - [MESSAGE][PASSED] - Current device physical height is 1423

2022-01-14 11:08:25 - [MESSAGE][PASSED] - Current device physical width is 720

2022-01-14 11:08:26 - [MESSAGE][PASSED] - Swiped from 360,1,138 to 360,284

2022-01-14 11:08:26 - [MESSAGE][PASSED] - scroll.scroll.scrollScreenBottomToTop is PASSED

2022-01-14 11:08:26 - [TEST_STEP][PASSED] - delay(3): Delayed 3 second(s)

2022-01-14 11:08:29 - [MESSAGE][PASSED] - Delayed 3 second(s)

2022-01-14 11:08:29 - [TEST_STEP][PASSED] - if (action2 == "idr"): Delayed 3 second(s)

2022-01-14 11:08:29 - [TEST_STEP][PASSED] - tap(idr, 10): Tapped on element 'Object Repository/Mobile/Page/Portfolio/Button - IDR'

2022-01-14 11:08:29 - [MESSAGE][PASSED] - Tapped on element 'Object Repository/Mobile/Page/Portfolio/Button - IDR'

2022-01-14 11:08:29 - [TEST_STEP][PASSED] - delay(3): Delayed 3 second(s)

2022-01-14 11:08:32 - [MESSAGE][PASSED] - Delayed 3 second(s)

2022-01-14 11:08:32 - [MESSAGE][PASSED] - Call Test Case 'Test Cases/Mobile/Page/Portfolio/Portfolio' successfully

2022-01-14 11:08:32 - [TEST_STEP][PASSED] - callTestCase(findTestCase("Mobile/Page/Run App/Terminate App"), [:], STOP_ON_FAILURE): Call Test Case 'Test Cases/Mobile/Page/Run App/Terminate App' successfully

2022-01-14 11:08:32 - [TEST_CASE][PASSED] - Test Cases/Mobile/Page/Run App/Terminate App: Test Cases/Mobile/Page/Run App/Terminate App

2022-01-14 11:08:32 - [TEST_STEP][PASSED] - startApp.OpenApp.terminateApplication(): startApp.OpenApp.terminateApplication is PASSED

2022-01-14 11:08:36 - [MESSAGE][PASSED] - Delayed 3 second(s)

2022-01-14 11:08:36 - [MESSAGE][PASSED] - Current device physical width is 720

2022-01-14 11:08:36 - [MESSAGE][PASSED] - Current device physical height is 1423

2022-01-14 11:08:37 - [MESSAGE][PASSED] - Swiped from 360,853 to 360,142

2022-01-14 11:08:38 - [MESSAGE][PASSED] - Delayed 1 second(s)

2022-01-14 11:08:40 - [MESSAGE][PASSED] - Swiped from 360,853 to 360,142

2022-01-14 11:08:43 - [MESSAGE][PASSED] - Delayed 3 second(s)

2022-01-14 11:08:43 - [MESSAGE][PASSED] - startApp.OpenApp.terminateApplication is PASSED

2022-01-14 11:08:43 - [MESSAGE][PASSED] - Call Test Case 'Test Cases/Mobile/Page/Run App/Terminate App' successfully]]></system-out>
         <system-err><![CDATA[]]></system-err>
      </testcase>
      <testcase name="Test Cases/Mobile/Scenario/Portfolio/005 - Portfolio Performance Year to Date IDR" time="64.396" classname="Test Cases/Mobile/Scenario/Portfolio/005 - Portfolio Performance Year to Date IDR" status="PASSED">
         <system-out><![CDATA[2022-01-14 11:08:43 - [TEST_CASE][PASSED] - Test Cases/Mobile/Scenario/Portfolio/005 - Portfolio Performance Year to Date IDR: Test Cases/Mobile/Scenario/Portfolio/005 - Portfolio Performance Year to Date IDR

2022-01-14 11:08:43 - [TEST_STEP][PASSED] - callTestCase(findTestCase("Mobile/Page/Run App/Run App byID"), [:], STOP_ON_FAILURE): Call Test Case 'Test Cases/Mobile/Page/Run App/Run App byID' successfully

2022-01-14 11:08:44 - [TEST_CASE][PASSED] - Test Cases/Mobile/Page/Run App/Run App byID: Test Cases/Mobile/Page/Run App/Run App byID

2022-01-14 11:08:44 - [TEST_STEP][PASSED] - startApp.OpenApp.startApplication("id.co.miraeasset.sageclub"): startApp.OpenApp.startApplication is PASSED

2022-01-14 11:08:57 - [MESSAGE][PASSED] - Starting app with application ID: 'id.co.miraeasset.sageclub'

2022-01-14 11:08:57 - [MESSAGE][PASSED] - startApp.OpenApp.startApplication is PASSED

2022-01-14 11:08:57 - [MESSAGE][PASSED] - Call Test Case 'Test Cases/Mobile/Page/Run App/Run App byID' successfully

2022-01-14 11:08:57 - [TEST_STEP][PASSED] - callTestCase(findTestCase("Mobile/Page/Portfolio/Portfolio"), ["tab":"summary", "action":"perf_year", "action2":"idr"], CONTINUE_ON_FAILURE): Call Test Case 'Test Cases/Mobile/Page/Portfolio/Portfolio' successfully

2022-01-14 11:08:57 - [TEST_CASE][PASSED] - Test Cases/Mobile/Page/Portfolio/Portfolio: Test Cases/Mobile/Page/Portfolio/Portfolio

2022-01-14 11:08:57 - [TEST_STEP][PASSED] - callTestCase(findTestCase("Mobile/Page/CheckLogin"), [:], CONTINUE_ON_FAILURE): Call Test Case 'Test Cases/Mobile/Page/CheckLogin' successfully

2022-01-14 11:08:57 - [TEST_CASE][PASSED] - Test Cases/Mobile/Page/CheckLogin: Test Cases/Mobile/Page/CheckLogin

2022-01-14 11:08:57 - [TEST_STEP][PASSED] - loginCheck = verifyElementExist(LOGN_BtnLogin, 5, CONTINUE_ON_FAILURE): Element 'Object Repository/Mobile/Page/Login/Button - Login' is exist

2022-01-14 11:08:59 - [MESSAGE][PASSED] - Element 'Object Repository/Mobile/Page/Login/Button - Login' is exist

2022-01-14 11:08:59 - [TEST_STEP][PASSED] - if (loginCheck): Call Test Case 'Test Cases/Mobile/Page/Login/Login' successfully

2022-01-14 11:08:59 - [TEST_STEP][PASSED] - callTestCase(findTestCase("Mobile/Page/Login/Login"), ["action":"username"], CONTINUE_ON_FAILURE): Call Test Case 'Test Cases/Mobile/Page/Login/Login' successfully

2022-01-14 11:08:59 - [TEST_CASE][PASSED] - Test Cases/Mobile/Page/Login/Login: Test Cases/Mobile/Page/Login/Login

2022-01-14 11:08:59 - [TEST_STEP][PASSED] - delay(2): Delayed 2 second(s)

2022-01-14 11:09:01 - [MESSAGE][PASSED] - Delayed 2 second(s)

2022-01-14 11:09:01 - [TEST_STEP][PASSED] - for ([i = 0, i < 1, (i++)]): null

2022-01-14 11:09:01 - [TEST_STEP][PASSED] - if (action == "username"): null

2022-01-14 11:09:01 - [TEST_STEP][PASSED] - tap(LOGN_EdtUserID, 0): Tapped on element 'Object Repository/Mobile/Page/Login/Input - UserID'

2022-01-14 11:09:01 - [MESSAGE][WARNING] - Timeout '0' is invalid. Using default page load timeout: '60'

2022-01-14 11:09:02 - [MESSAGE][PASSED] - Tapped on element 'Object Repository/Mobile/Page/Login/Input - UserID'

2022-01-14 11:09:02 - [TEST_STEP][PASSED] - delay(1): Delayed 1 second(s)

2022-01-14 11:09:03 - [MESSAGE][PASSED] - Delayed 1 second(s)

2022-01-14 11:09:03 - [TEST_STEP][PASSED] - setText(LOGN_EdtRdyUserID, "anggaaditya", 0): Text 'anggaaditya' has been set to element 'Object Repository/Mobile/Page/Login/Input Rdy - UserID'

2022-01-14 11:09:03 - [MESSAGE][WARNING] - Timeout '0' is invalid. Using default page load timeout: '60'

2022-01-14 11:09:04 - [MESSAGE][PASSED] - Text 'anggaaditya' has been set to element 'Object Repository/Mobile/Page/Login/Input Rdy - UserID'

2022-01-14 11:09:04 - [TEST_STEP][PASSED] - delay(1): Delayed 1 second(s)

2022-01-14 11:09:05 - [MESSAGE][PASSED] - Delayed 1 second(s)

2022-01-14 11:09:05 - [TEST_STEP][PASSED] - hideKeyboard(): Keyboard is hidden

2022-01-14 11:09:09 - [MESSAGE][PASSED] - Keyboard is hidden

2022-01-14 11:09:09 - [TEST_STEP][PASSED] - tap(LOGN_EdtPassword, 0): Tapped on element 'Object Repository/Mobile/Page/Login/Input - Password'

2022-01-14 11:09:09 - [MESSAGE][WARNING] - Timeout '0' is invalid. Using default page load timeout: '60'

2022-01-14 11:09:09 - [MESSAGE][PASSED] - Tapped on element 'Object Repository/Mobile/Page/Login/Input - Password'

2022-01-14 11:09:09 - [TEST_STEP][PASSED] - delay(1): Delayed 1 second(s)

2022-01-14 11:09:10 - [MESSAGE][PASSED] - Delayed 1 second(s)

2022-01-14 11:09:10 - [TEST_STEP][PASSED] - setText(LOGN_EdtRdyPassword, "Shalawa18", 0): Text 'Shalawa18' has been set to element 'Object Repository/Mobile/Page/Login/Input Rdy - Password'

2022-01-14 11:09:10 - [MESSAGE][WARNING] - Timeout '0' is invalid. Using default page load timeout: '60'

2022-01-14 11:09:11 - [MESSAGE][PASSED] - Text 'Shalawa18' has been set to element 'Object Repository/Mobile/Page/Login/Input Rdy - Password'

2022-01-14 11:09:11 - [TEST_STEP][PASSED] - delay(1): Delayed 1 second(s)

2022-01-14 11:09:12 - [MESSAGE][PASSED] - Delayed 1 second(s)

2022-01-14 11:09:12 - [TEST_STEP][PASSED] - hideKeyboard(): Keyboard is hidden

2022-01-14 11:09:18 - [MESSAGE][PASSED] - Keyboard is hidden

2022-01-14 11:09:18 - [TEST_STEP][PASSED] - tap(LOGN_BtnLogin, 0): Tapped on element 'Object Repository/Mobile/Page/Login/Button - Login'

2022-01-14 11:09:18 - [MESSAGE][WARNING] - Timeout '0' is invalid. Using default page load timeout: '60'

2022-01-14 11:09:19 - [MESSAGE][PASSED] - Tapped on element 'Object Repository/Mobile/Page/Login/Button - Login'

2022-01-14 11:09:19 - [TEST_STEP][PASSED] - delay(2): Delayed 2 second(s)

2022-01-14 11:09:21 - [MESSAGE][PASSED] - Delayed 2 second(s)

2022-01-14 11:09:21 - [TEST_STEP][PASSED] - break: null

2022-01-14 11:09:21 - [MESSAGE][PASSED] - Call Test Case 'Test Cases/Mobile/Page/Login/Login' successfully

2022-01-14 11:09:21 - [MESSAGE][PASSED] - Call Test Case 'Test Cases/Mobile/Page/CheckLogin' successfully

2022-01-14 11:09:21 - [TEST_STEP][PASSED] - tap(HOME_MenubarPortfolio, 0): Tapped on element 'Object Repository/Mobile/Page/Home/Menubar - Portfolio'

2022-01-14 11:09:21 - [MESSAGE][WARNING] - Timeout '0' is invalid. Using default page load timeout: '60'

2022-01-14 11:09:22 - [MESSAGE][PASSED] - Tapped on element 'Object Repository/Mobile/Page/Home/Menubar - Portfolio'

2022-01-14 11:09:22 - [TEST_STEP][PASSED] - delay(1): Delayed 1 second(s)

2022-01-14 11:09:23 - [MESSAGE][PASSED] - Delayed 1 second(s)

2022-01-14 11:09:23 - [TEST_STEP][PASSED] - for ([i = 0, i < 1, (i++)]): Delayed 3 second(s)

2022-01-14 11:09:23 - [TEST_STEP][PASSED] - if (tab == "summary"): Delayed 3 second(s)

2022-01-14 11:09:23 - [TEST_STEP][PASSED] - idr = PORT_BtnIDR: null

2022-01-14 11:09:23 - [TEST_STEP][PASSED] - persen = PORT_BtnPersen: null

2022-01-14 11:09:23 - [TEST_STEP][PASSED] - if (action == "summary"): null

2022-01-14 11:09:23 - [TEST_STEP][PASSED] - else if (action == "perf_daily"): null

2022-01-14 11:09:23 - [TEST_STEP][PASSED] - else if (action == "perf_month"): null

2022-01-14 11:09:23 - [TEST_STEP][PASSED] - else if (action == "perf_quarter"): null

2022-01-14 11:09:23 - [TEST_STEP][PASSED] - else if (action == "perf_year"): Tapped on element 'Object Repository/Mobile/Page/Portfolio/Tab - Summary Year to Date'

2022-01-14 11:09:23 - [TEST_STEP][PASSED] - scroll.scroll.scrollScreenBottomToTop(): scroll.scroll.scrollScreenBottomToTop is PASSED

2022-01-14 11:09:24 - [MESSAGE][PASSED] - Current device physical height is 1423

2022-01-14 11:09:24 - [MESSAGE][PASSED] - Current device physical width is 720

2022-01-14 11:09:25 - [MESSAGE][PASSED] - Swiped from 360,1,138 to 360,284

2022-01-14 11:09:25 - [MESSAGE][PASSED] - scroll.scroll.scrollScreenBottomToTop is PASSED

2022-01-14 11:09:25 - [TEST_STEP][PASSED] - delay(1): Delayed 1 second(s)

2022-01-14 11:09:26 - [MESSAGE][PASSED] - Delayed 1 second(s)

2022-01-14 11:09:26 - [TEST_STEP][PASSED] - tap(PORT_TabSummaryYear, 0): Tapped on element 'Object Repository/Mobile/Page/Portfolio/Tab - Summary Year to Date'

2022-01-14 11:09:26 - [MESSAGE][WARNING] - Timeout '0' is invalid. Using default page load timeout: '60'

2022-01-14 11:09:27 - [MESSAGE][PASSED] - Tapped on element 'Object Repository/Mobile/Page/Portfolio/Tab - Summary Year to Date'

2022-01-14 11:09:27 - [TEST_STEP][PASSED] - if (action != "summary"): Delayed 3 second(s)

2022-01-14 11:09:27 - [TEST_STEP][PASSED] - delay(1): Delayed 1 second(s)

2022-01-14 11:09:28 - [MESSAGE][PASSED] - Delayed 1 second(s)

2022-01-14 11:09:28 - [TEST_STEP][PASSED] - scroll.scroll.scrollScreenBottomToTop(): scroll.scroll.scrollScreenBottomToTop is PASSED

2022-01-14 11:09:28 - [MESSAGE][PASSED] - Current device physical height is 1423

2022-01-14 11:09:29 - [MESSAGE][PASSED] - Current device physical width is 720

2022-01-14 11:09:30 - [MESSAGE][PASSED] - Swiped from 360,1,138 to 360,284

2022-01-14 11:09:30 - [MESSAGE][PASSED] - scroll.scroll.scrollScreenBottomToTop is PASSED

2022-01-14 11:09:30 - [TEST_STEP][PASSED] - delay(3): Delayed 3 second(s)

2022-01-14 11:09:33 - [MESSAGE][PASSED] - Delayed 3 second(s)

2022-01-14 11:09:33 - [TEST_STEP][PASSED] - if (action2 == "idr"): Delayed 3 second(s)

2022-01-14 11:09:33 - [TEST_STEP][PASSED] - tap(idr, 10): Tapped on element 'Object Repository/Mobile/Page/Portfolio/Button - IDR'

2022-01-14 11:09:34 - [MESSAGE][PASSED] - Tapped on element 'Object Repository/Mobile/Page/Portfolio/Button - IDR'

2022-01-14 11:09:34 - [TEST_STEP][PASSED] - delay(3): Delayed 3 second(s)

2022-01-14 11:09:37 - [MESSAGE][PASSED] - Delayed 3 second(s)

2022-01-14 11:09:37 - [MESSAGE][PASSED] - Call Test Case 'Test Cases/Mobile/Page/Portfolio/Portfolio' successfully

2022-01-14 11:09:37 - [TEST_STEP][PASSED] - callTestCase(findTestCase("Mobile/Page/Run App/Terminate App"), [:], STOP_ON_FAILURE): Call Test Case 'Test Cases/Mobile/Page/Run App/Terminate App' successfully

2022-01-14 11:09:37 - [TEST_CASE][PASSED] - Test Cases/Mobile/Page/Run App/Terminate App: Test Cases/Mobile/Page/Run App/Terminate App

2022-01-14 11:09:37 - [TEST_STEP][PASSED] - startApp.OpenApp.terminateApplication(): startApp.OpenApp.terminateApplication is PASSED

2022-01-14 11:09:40 - [MESSAGE][PASSED] - Delayed 3 second(s)

2022-01-14 11:09:40 - [MESSAGE][PASSED] - Current device physical width is 720

2022-01-14 11:09:41 - [MESSAGE][PASSED] - Current device physical height is 1423

2022-01-14 11:09:42 - [MESSAGE][PASSED] - Swiped from 360,853 to 360,142

2022-01-14 11:09:43 - [MESSAGE][PASSED] - Delayed 1 second(s)

2022-01-14 11:09:44 - [MESSAGE][PASSED] - Swiped from 360,853 to 360,142

2022-01-14 11:09:47 - [MESSAGE][PASSED] - Delayed 3 second(s)

2022-01-14 11:09:47 - [MESSAGE][PASSED] - startApp.OpenApp.terminateApplication is PASSED

2022-01-14 11:09:47 - [MESSAGE][PASSED] - Call Test Case 'Test Cases/Mobile/Page/Run App/Terminate App' successfully]]></system-out>
         <system-err><![CDATA[]]></system-err>
      </testcase>
      <testcase name="Test Cases/Mobile/Scenario/Portfolio/006 - Portfolio Performance Daily Persen" time="64.311" classname="Test Cases/Mobile/Scenario/Portfolio/006 - Portfolio Performance Daily Persen" status="PASSED">
         <system-out><![CDATA[2022-01-14 11:09:47 - [TEST_CASE][PASSED] - Test Cases/Mobile/Scenario/Portfolio/006 - Portfolio Performance Daily Persen: Test Cases/Mobile/Scenario/Portfolio/006 - Portfolio Performance Daily Persen

2022-01-14 11:09:48 - [TEST_STEP][PASSED] - callTestCase(findTestCase("Mobile/Page/Run App/Run App byID"), [:], STOP_ON_FAILURE): Call Test Case 'Test Cases/Mobile/Page/Run App/Run App byID' successfully

2022-01-14 11:09:48 - [TEST_CASE][PASSED] - Test Cases/Mobile/Page/Run App/Run App byID: Test Cases/Mobile/Page/Run App/Run App byID

2022-01-14 11:09:48 - [TEST_STEP][PASSED] - startApp.OpenApp.startApplication("id.co.miraeasset.sageclub"): startApp.OpenApp.startApplication is PASSED

2022-01-14 11:10:03 - [MESSAGE][PASSED] - Starting app with application ID: 'id.co.miraeasset.sageclub'

2022-01-14 11:10:03 - [MESSAGE][PASSED] - startApp.OpenApp.startApplication is PASSED

2022-01-14 11:10:03 - [MESSAGE][PASSED] - Call Test Case 'Test Cases/Mobile/Page/Run App/Run App byID' successfully

2022-01-14 11:10:03 - [TEST_STEP][PASSED] - callTestCase(findTestCase("Mobile/Page/Portfolio/Portfolio"), ["tab":"summary", "action":"perf_daily", "action2":"persen"], CONTINUE_ON_FAILURE): Call Test Case 'Test Cases/Mobile/Page/Portfolio/Portfolio' successfully

2022-01-14 11:10:03 - [TEST_CASE][PASSED] - Test Cases/Mobile/Page/Portfolio/Portfolio: Test Cases/Mobile/Page/Portfolio/Portfolio

2022-01-14 11:10:03 - [TEST_STEP][PASSED] - callTestCase(findTestCase("Mobile/Page/CheckLogin"), [:], CONTINUE_ON_FAILURE): Call Test Case 'Test Cases/Mobile/Page/CheckLogin' successfully

2022-01-14 11:10:03 - [TEST_CASE][PASSED] - Test Cases/Mobile/Page/CheckLogin: Test Cases/Mobile/Page/CheckLogin

2022-01-14 11:10:03 - [TEST_STEP][PASSED] - loginCheck = verifyElementExist(LOGN_BtnLogin, 5, CONTINUE_ON_FAILURE): Element 'Object Repository/Mobile/Page/Login/Button - Login' is exist

2022-01-14 11:10:05 - [MESSAGE][PASSED] - Element 'Object Repository/Mobile/Page/Login/Button - Login' is exist

2022-01-14 11:10:05 - [TEST_STEP][PASSED] - if (loginCheck): Call Test Case 'Test Cases/Mobile/Page/Login/Login' successfully

2022-01-14 11:10:05 - [TEST_STEP][PASSED] - callTestCase(findTestCase("Mobile/Page/Login/Login"), ["action":"username"], CONTINUE_ON_FAILURE): Call Test Case 'Test Cases/Mobile/Page/Login/Login' successfully

2022-01-14 11:10:05 - [TEST_CASE][PASSED] - Test Cases/Mobile/Page/Login/Login: Test Cases/Mobile/Page/Login/Login

2022-01-14 11:10:05 - [TEST_STEP][PASSED] - delay(2): Delayed 2 second(s)

2022-01-14 11:10:07 - [MESSAGE][PASSED] - Delayed 2 second(s)

2022-01-14 11:10:07 - [TEST_STEP][PASSED] - for ([i = 0, i < 1, (i++)]): null

2022-01-14 11:10:07 - [TEST_STEP][PASSED] - if (action == "username"): null

2022-01-14 11:10:07 - [TEST_STEP][PASSED] - tap(LOGN_EdtUserID, 0): Tapped on element 'Object Repository/Mobile/Page/Login/Input - UserID'

2022-01-14 11:10:07 - [MESSAGE][WARNING] - Timeout '0' is invalid. Using default page load timeout: '60'

2022-01-14 11:10:07 - [MESSAGE][PASSED] - Tapped on element 'Object Repository/Mobile/Page/Login/Input - UserID'

2022-01-14 11:10:07 - [TEST_STEP][PASSED] - delay(1): Delayed 1 second(s)

2022-01-14 11:10:09 - [MESSAGE][PASSED] - Delayed 1 second(s)

2022-01-14 11:10:09 - [TEST_STEP][PASSED] - setText(LOGN_EdtRdyUserID, "anggaaditya", 0): Text 'anggaaditya' has been set to element 'Object Repository/Mobile/Page/Login/Input Rdy - UserID'

2022-01-14 11:10:09 - [MESSAGE][WARNING] - Timeout '0' is invalid. Using default page load timeout: '60'

2022-01-14 11:10:09 - [MESSAGE][PASSED] - Text 'anggaaditya' has been set to element 'Object Repository/Mobile/Page/Login/Input Rdy - UserID'

2022-01-14 11:10:09 - [TEST_STEP][PASSED] - delay(1): Delayed 1 second(s)

2022-01-14 11:10:10 - [MESSAGE][PASSED] - Delayed 1 second(s)

2022-01-14 11:10:10 - [TEST_STEP][PASSED] - hideKeyboard(): Keyboard is hidden

2022-01-14 11:10:14 - [MESSAGE][PASSED] - Keyboard is hidden

2022-01-14 11:10:14 - [TEST_STEP][PASSED] - tap(LOGN_EdtPassword, 0): Tapped on element 'Object Repository/Mobile/Page/Login/Input - Password'

2022-01-14 11:10:14 - [MESSAGE][WARNING] - Timeout '0' is invalid. Using default page load timeout: '60'

2022-01-14 11:10:15 - [MESSAGE][PASSED] - Tapped on element 'Object Repository/Mobile/Page/Login/Input - Password'

2022-01-14 11:10:15 - [TEST_STEP][PASSED] - delay(1): Delayed 1 second(s)

2022-01-14 11:10:16 - [MESSAGE][PASSED] - Delayed 1 second(s)

2022-01-14 11:10:16 - [TEST_STEP][PASSED] - setText(LOGN_EdtRdyPassword, "Shalawa18", 0): Text 'Shalawa18' has been set to element 'Object Repository/Mobile/Page/Login/Input Rdy - Password'

2022-01-14 11:10:16 - [MESSAGE][WARNING] - Timeout '0' is invalid. Using default page load timeout: '60'

2022-01-14 11:10:17 - [MESSAGE][PASSED] - Text 'Shalawa18' has been set to element 'Object Repository/Mobile/Page/Login/Input Rdy - Password'

2022-01-14 11:10:17 - [TEST_STEP][PASSED] - delay(1): Delayed 1 second(s)

2022-01-14 11:10:18 - [MESSAGE][PASSED] - Delayed 1 second(s)

2022-01-14 11:10:18 - [TEST_STEP][PASSED] - hideKeyboard(): Keyboard is hidden

2022-01-14 11:10:24 - [MESSAGE][PASSED] - Keyboard is hidden

2022-01-14 11:10:24 - [TEST_STEP][PASSED] - tap(LOGN_BtnLogin, 0): Tapped on element 'Object Repository/Mobile/Page/Login/Button - Login'

2022-01-14 11:10:24 - [MESSAGE][WARNING] - Timeout '0' is invalid. Using default page load timeout: '60'

2022-01-14 11:10:26 - [MESSAGE][PASSED] - Tapped on element 'Object Repository/Mobile/Page/Login/Button - Login'

2022-01-14 11:10:26 - [TEST_STEP][PASSED] - delay(2): Delayed 2 second(s)

2022-01-14 11:10:28 - [MESSAGE][PASSED] - Delayed 2 second(s)

2022-01-14 11:10:28 - [TEST_STEP][PASSED] - break: null

2022-01-14 11:10:28 - [MESSAGE][PASSED] - Call Test Case 'Test Cases/Mobile/Page/Login/Login' successfully

2022-01-14 11:10:28 - [MESSAGE][PASSED] - Call Test Case 'Test Cases/Mobile/Page/CheckLogin' successfully

2022-01-14 11:10:28 - [TEST_STEP][PASSED] - tap(HOME_MenubarPortfolio, 0): Tapped on element 'Object Repository/Mobile/Page/Home/Menubar - Portfolio'

2022-01-14 11:10:28 - [MESSAGE][WARNING] - Timeout '0' is invalid. Using default page load timeout: '60'

2022-01-14 11:10:29 - [MESSAGE][PASSED] - Tapped on element 'Object Repository/Mobile/Page/Home/Menubar - Portfolio'

2022-01-14 11:10:29 - [TEST_STEP][PASSED] - delay(1): Delayed 1 second(s)

2022-01-14 11:10:30 - [MESSAGE][PASSED] - Delayed 1 second(s)

2022-01-14 11:10:30 - [TEST_STEP][PASSED] - for ([i = 0, i < 1, (i++)]): Delayed 3 second(s)

2022-01-14 11:10:30 - [TEST_STEP][PASSED] - if (tab == "summary"): Delayed 3 second(s)

2022-01-14 11:10:30 - [TEST_STEP][PASSED] - idr = PORT_BtnIDR: null

2022-01-14 11:10:30 - [TEST_STEP][PASSED] - persen = PORT_BtnPersen: null

2022-01-14 11:10:30 - [TEST_STEP][PASSED] - if (action == "summary"): null

2022-01-14 11:10:30 - [TEST_STEP][PASSED] - else if (action == "perf_daily"): scroll.scroll.scrollScreenBottomToTop is PASSED

2022-01-14 11:10:30 - [TEST_STEP][PASSED] - scroll.scroll.scrollScreenBottomToTop(): scroll.scroll.scrollScreenBottomToTop is PASSED

2022-01-14 11:10:30 - [MESSAGE][PASSED] - Current device physical height is 1423

2022-01-14 11:10:30 - [MESSAGE][PASSED] - Current device physical width is 720

2022-01-14 11:10:32 - [MESSAGE][PASSED] - Swiped from 360,1,138 to 360,284

2022-01-14 11:10:32 - [MESSAGE][PASSED] - scroll.scroll.scrollScreenBottomToTop is PASSED

2022-01-14 11:10:32 - [TEST_STEP][PASSED] - if (action != "summary"): Delayed 3 second(s)

2022-01-14 11:10:32 - [TEST_STEP][PASSED] - delay(1): Delayed 1 second(s)

2022-01-14 11:10:33 - [MESSAGE][PASSED] - Delayed 1 second(s)

2022-01-14 11:10:33 - [TEST_STEP][PASSED] - scroll.scroll.scrollScreenBottomToTop(): scroll.scroll.scrollScreenBottomToTop is PASSED

2022-01-14 11:10:33 - [MESSAGE][PASSED] - Current device physical height is 1423

2022-01-14 11:10:33 - [MESSAGE][PASSED] - Current device physical width is 720

2022-01-14 11:10:35 - [MESSAGE][PASSED] - Swiped from 360,1,138 to 360,284

2022-01-14 11:10:35 - [MESSAGE][PASSED] - scroll.scroll.scrollScreenBottomToTop is PASSED

2022-01-14 11:10:35 - [TEST_STEP][PASSED] - delay(3): Delayed 3 second(s)

2022-01-14 11:10:38 - [MESSAGE][PASSED] - Delayed 3 second(s)

2022-01-14 11:10:38 - [TEST_STEP][PASSED] - if (action2 == "idr"): null

2022-01-14 11:10:38 - [TEST_STEP][PASSED] - else if (action2 == "persen"): Delayed 3 second(s)

2022-01-14 11:10:38 - [TEST_STEP][PASSED] - tap(persen, 10): Tapped on element 'Object Repository/Mobile/Page/Portfolio/Button - Persen'

2022-01-14 11:10:38 - [MESSAGE][PASSED] - Tapped on element 'Object Repository/Mobile/Page/Portfolio/Button - Persen'

2022-01-14 11:10:38 - [TEST_STEP][PASSED] - delay(3): Delayed 3 second(s)

2022-01-14 11:10:41 - [MESSAGE][PASSED] - Delayed 3 second(s)

2022-01-14 11:10:41 - [MESSAGE][PASSED] - Call Test Case 'Test Cases/Mobile/Page/Portfolio/Portfolio' successfully

2022-01-14 11:10:41 - [TEST_STEP][PASSED] - callTestCase(findTestCase("Mobile/Page/Run App/Terminate App"), [:], STOP_ON_FAILURE): Call Test Case 'Test Cases/Mobile/Page/Run App/Terminate App' successfully

2022-01-14 11:10:41 - [TEST_CASE][PASSED] - Test Cases/Mobile/Page/Run App/Terminate App: Test Cases/Mobile/Page/Run App/Terminate App

2022-01-14 11:10:41 - [TEST_STEP][PASSED] - startApp.OpenApp.terminateApplication(): startApp.OpenApp.terminateApplication is PASSED

2022-01-14 11:10:44 - [MESSAGE][PASSED] - Delayed 3 second(s)

2022-01-14 11:10:45 - [MESSAGE][PASSED] - Current device physical width is 720

2022-01-14 11:10:45 - [MESSAGE][PASSED] - Current device physical height is 1423

2022-01-14 11:10:46 - [MESSAGE][PASSED] - Swiped from 360,853 to 360,142

2022-01-14 11:10:47 - [MESSAGE][PASSED] - Delayed 1 second(s)

2022-01-14 11:10:49 - [MESSAGE][PASSED] - Swiped from 360,853 to 360,142

2022-01-14 11:10:52 - [MESSAGE][PASSED] - Delayed 3 second(s)

2022-01-14 11:10:52 - [MESSAGE][PASSED] - startApp.OpenApp.terminateApplication is PASSED

2022-01-14 11:10:52 - [MESSAGE][PASSED] - Call Test Case 'Test Cases/Mobile/Page/Run App/Terminate App' successfully]]></system-out>
         <system-err><![CDATA[]]></system-err>
      </testcase>
      <testcase name="Test Cases/Mobile/Scenario/Portfolio/007 - Portfolio Performance Month to Date Persen" time="63.436" classname="Test Cases/Mobile/Scenario/Portfolio/007 - Portfolio Performance Month to Date Persen" status="PASSED">
         <system-out><![CDATA[2022-01-14 11:10:52 - [TEST_CASE][PASSED] - Test Cases/Mobile/Scenario/Portfolio/007 - Portfolio Performance Month to Date Persen: Test Cases/Mobile/Scenario/Portfolio/007 - Portfolio Performance Month to Date Persen

2022-01-14 11:10:52 - [TEST_STEP][PASSED] - callTestCase(findTestCase("Mobile/Page/Run App/Run App byID"), [:], STOP_ON_FAILURE): Call Test Case 'Test Cases/Mobile/Page/Run App/Run App byID' successfully

2022-01-14 11:10:52 - [TEST_CASE][PASSED] - Test Cases/Mobile/Page/Run App/Run App byID: Test Cases/Mobile/Page/Run App/Run App byID

2022-01-14 11:10:52 - [TEST_STEP][PASSED] - startApp.OpenApp.startApplication("id.co.miraeasset.sageclub"): startApp.OpenApp.startApplication is PASSED

2022-01-14 11:11:06 - [MESSAGE][PASSED] - Starting app with application ID: 'id.co.miraeasset.sageclub'

2022-01-14 11:11:06 - [MESSAGE][PASSED] - startApp.OpenApp.startApplication is PASSED

2022-01-14 11:11:06 - [MESSAGE][PASSED] - Call Test Case 'Test Cases/Mobile/Page/Run App/Run App byID' successfully

2022-01-14 11:11:06 - [TEST_STEP][PASSED] - callTestCase(findTestCase("Mobile/Page/Portfolio/Portfolio"), ["tab":"summary", "action":"perf_month", "action2":"persen"], CONTINUE_ON_FAILURE): Call Test Case 'Test Cases/Mobile/Page/Portfolio/Portfolio' successfully

2022-01-14 11:11:06 - [TEST_CASE][PASSED] - Test Cases/Mobile/Page/Portfolio/Portfolio: Test Cases/Mobile/Page/Portfolio/Portfolio

2022-01-14 11:11:06 - [TEST_STEP][PASSED] - callTestCase(findTestCase("Mobile/Page/CheckLogin"), [:], CONTINUE_ON_FAILURE): Call Test Case 'Test Cases/Mobile/Page/CheckLogin' successfully

2022-01-14 11:11:06 - [TEST_CASE][PASSED] - Test Cases/Mobile/Page/CheckLogin: Test Cases/Mobile/Page/CheckLogin

2022-01-14 11:11:06 - [TEST_STEP][PASSED] - loginCheck = verifyElementExist(LOGN_BtnLogin, 5, CONTINUE_ON_FAILURE): Element 'Object Repository/Mobile/Page/Login/Button - Login' is exist

2022-01-14 11:11:08 - [MESSAGE][PASSED] - Element 'Object Repository/Mobile/Page/Login/Button - Login' is exist

2022-01-14 11:11:08 - [TEST_STEP][PASSED] - if (loginCheck): Call Test Case 'Test Cases/Mobile/Page/Login/Login' successfully

2022-01-14 11:11:08 - [TEST_STEP][PASSED] - callTestCase(findTestCase("Mobile/Page/Login/Login"), ["action":"username"], CONTINUE_ON_FAILURE): Call Test Case 'Test Cases/Mobile/Page/Login/Login' successfully

2022-01-14 11:11:08 - [TEST_CASE][PASSED] - Test Cases/Mobile/Page/Login/Login: Test Cases/Mobile/Page/Login/Login

2022-01-14 11:11:08 - [TEST_STEP][PASSED] - delay(2): Delayed 2 second(s)

2022-01-14 11:11:10 - [MESSAGE][PASSED] - Delayed 2 second(s)

2022-01-14 11:11:10 - [TEST_STEP][PASSED] - for ([i = 0, i < 1, (i++)]): null

2022-01-14 11:11:10 - [TEST_STEP][PASSED] - if (action == "username"): null

2022-01-14 11:11:10 - [TEST_STEP][PASSED] - tap(LOGN_EdtUserID, 0): Tapped on element 'Object Repository/Mobile/Page/Login/Input - UserID'

2022-01-14 11:11:10 - [MESSAGE][WARNING] - Timeout '0' is invalid. Using default page load timeout: '60'

2022-01-14 11:11:10 - [MESSAGE][PASSED] - Tapped on element 'Object Repository/Mobile/Page/Login/Input - UserID'

2022-01-14 11:11:10 - [TEST_STEP][PASSED] - delay(1): Delayed 1 second(s)

2022-01-14 11:11:11 - [MESSAGE][PASSED] - Delayed 1 second(s)

2022-01-14 11:11:11 - [TEST_STEP][PASSED] - setText(LOGN_EdtRdyUserID, "anggaaditya", 0): Text 'anggaaditya' has been set to element 'Object Repository/Mobile/Page/Login/Input Rdy - UserID'

2022-01-14 11:11:11 - [MESSAGE][WARNING] - Timeout '0' is invalid. Using default page load timeout: '60'

2022-01-14 11:11:12 - [MESSAGE][PASSED] - Text 'anggaaditya' has been set to element 'Object Repository/Mobile/Page/Login/Input Rdy - UserID'

2022-01-14 11:11:12 - [TEST_STEP][PASSED] - delay(1): Delayed 1 second(s)

2022-01-14 11:11:13 - [MESSAGE][PASSED] - Delayed 1 second(s)

2022-01-14 11:11:13 - [TEST_STEP][PASSED] - hideKeyboard(): Keyboard is hidden

2022-01-14 11:11:17 - [MESSAGE][PASSED] - Keyboard is hidden

2022-01-14 11:11:17 - [TEST_STEP][PASSED] - tap(LOGN_EdtPassword, 0): Tapped on element 'Object Repository/Mobile/Page/Login/Input - Password'

2022-01-14 11:11:17 - [MESSAGE][WARNING] - Timeout '0' is invalid. Using default page load timeout: '60'

2022-01-14 11:11:17 - [MESSAGE][PASSED] - Tapped on element 'Object Repository/Mobile/Page/Login/Input - Password'

2022-01-14 11:11:17 - [TEST_STEP][PASSED] - delay(1): Delayed 1 second(s)

2022-01-14 11:11:18 - [MESSAGE][PASSED] - Delayed 1 second(s)

2022-01-14 11:11:18 - [TEST_STEP][PASSED] - setText(LOGN_EdtRdyPassword, "Shalawa18", 0): Text 'Shalawa18' has been set to element 'Object Repository/Mobile/Page/Login/Input Rdy - Password'

2022-01-14 11:11:18 - [MESSAGE][WARNING] - Timeout '0' is invalid. Using default page load timeout: '60'

2022-01-14 11:11:19 - [MESSAGE][PASSED] - Text 'Shalawa18' has been set to element 'Object Repository/Mobile/Page/Login/Input Rdy - Password'

2022-01-14 11:11:19 - [TEST_STEP][PASSED] - delay(1): Delayed 1 second(s)

2022-01-14 11:11:20 - [MESSAGE][PASSED] - Delayed 1 second(s)

2022-01-14 11:11:20 - [TEST_STEP][PASSED] - hideKeyboard(): Keyboard is hidden

2022-01-14 11:11:27 - [MESSAGE][PASSED] - Keyboard is hidden

2022-01-14 11:11:27 - [TEST_STEP][PASSED] - tap(LOGN_BtnLogin, 0): Tapped on element 'Object Repository/Mobile/Page/Login/Button - Login'

2022-01-14 11:11:27 - [MESSAGE][WARNING] - Timeout '0' is invalid. Using default page load timeout: '60'

2022-01-14 11:11:28 - [MESSAGE][PASSED] - Tapped on element 'Object Repository/Mobile/Page/Login/Button - Login'

2022-01-14 11:11:28 - [TEST_STEP][PASSED] - delay(2): Delayed 2 second(s)

2022-01-14 11:11:30 - [MESSAGE][PASSED] - Delayed 2 second(s)

2022-01-14 11:11:30 - [TEST_STEP][PASSED] - break: null

2022-01-14 11:11:30 - [MESSAGE][PASSED] - Call Test Case 'Test Cases/Mobile/Page/Login/Login' successfully

2022-01-14 11:11:30 - [MESSAGE][PASSED] - Call Test Case 'Test Cases/Mobile/Page/CheckLogin' successfully

2022-01-14 11:11:30 - [TEST_STEP][PASSED] - tap(HOME_MenubarPortfolio, 0): Tapped on element 'Object Repository/Mobile/Page/Home/Menubar - Portfolio'

2022-01-14 11:11:30 - [MESSAGE][WARNING] - Timeout '0' is invalid. Using default page load timeout: '60'

2022-01-14 11:11:31 - [MESSAGE][PASSED] - Tapped on element 'Object Repository/Mobile/Page/Home/Menubar - Portfolio'

2022-01-14 11:11:31 - [TEST_STEP][PASSED] - delay(1): Delayed 1 second(s)

2022-01-14 11:11:32 - [MESSAGE][PASSED] - Delayed 1 second(s)

2022-01-14 11:11:32 - [TEST_STEP][PASSED] - for ([i = 0, i < 1, (i++)]): Delayed 3 second(s)

2022-01-14 11:11:32 - [TEST_STEP][PASSED] - if (tab == "summary"): Delayed 3 second(s)

2022-01-14 11:11:32 - [TEST_STEP][PASSED] - idr = PORT_BtnIDR: null

2022-01-14 11:11:32 - [TEST_STEP][PASSED] - persen = PORT_BtnPersen: null

2022-01-14 11:11:32 - [TEST_STEP][PASSED] - if (action == "summary"): null

2022-01-14 11:11:32 - [TEST_STEP][PASSED] - else if (action == "perf_daily"): null

2022-01-14 11:11:32 - [TEST_STEP][PASSED] - else if (action == "perf_month"): Tapped on element 'Object Repository/Mobile/Page/Portfolio/Tab - Summary Month to Date'

2022-01-14 11:11:32 - [TEST_STEP][PASSED] - scroll.scroll.scrollScreenBottomToTop(): scroll.scroll.scrollScreenBottomToTop is PASSED

2022-01-14 11:11:32 - [MESSAGE][PASSED] - Current device physical height is 1423

2022-01-14 11:11:32 - [MESSAGE][PASSED] - Current device physical width is 720

2022-01-14 11:11:34 - [MESSAGE][PASSED] - Swiped from 360,1,138 to 360,284

2022-01-14 11:11:34 - [MESSAGE][PASSED] - scroll.scroll.scrollScreenBottomToTop is PASSED

2022-01-14 11:11:34 - [TEST_STEP][PASSED] - delay(1): Delayed 1 second(s)

2022-01-14 11:11:35 - [MESSAGE][PASSED] - Delayed 1 second(s)

2022-01-14 11:11:35 - [TEST_STEP][PASSED] - tap(PORT_TabSummaryMonth, 0): Tapped on element 'Object Repository/Mobile/Page/Portfolio/Tab - Summary Month to Date'

2022-01-14 11:11:35 - [MESSAGE][WARNING] - Timeout '0' is invalid. Using default page load timeout: '60'

2022-01-14 11:11:35 - [MESSAGE][PASSED] - Tapped on element 'Object Repository/Mobile/Page/Portfolio/Tab - Summary Month to Date'

2022-01-14 11:11:35 - [TEST_STEP][PASSED] - if (action != "summary"): Delayed 3 second(s)

2022-01-14 11:11:35 - [TEST_STEP][PASSED] - delay(1): Delayed 1 second(s)

2022-01-14 11:11:36 - [MESSAGE][PASSED] - Delayed 1 second(s)

2022-01-14 11:11:36 - [TEST_STEP][PASSED] - scroll.scroll.scrollScreenBottomToTop(): scroll.scroll.scrollScreenBottomToTop is PASSED

2022-01-14 11:11:36 - [MESSAGE][PASSED] - Current device physical height is 1423

2022-01-14 11:11:37 - [MESSAGE][PASSED] - Current device physical width is 720

2022-01-14 11:11:38 - [MESSAGE][PASSED] - Swiped from 360,1,138 to 360,284

2022-01-14 11:11:38 - [MESSAGE][PASSED] - scroll.scroll.scrollScreenBottomToTop is PASSED

2022-01-14 11:11:38 - [TEST_STEP][PASSED] - delay(3): Delayed 3 second(s)

2022-01-14 11:11:41 - [MESSAGE][PASSED] - Delayed 3 second(s)

2022-01-14 11:11:41 - [TEST_STEP][PASSED] - if (action2 == "idr"): null

2022-01-14 11:11:41 - [TEST_STEP][PASSED] - else if (action2 == "persen"): Delayed 3 second(s)

2022-01-14 11:11:41 - [TEST_STEP][PASSED] - tap(persen, 10): Tapped on element 'Object Repository/Mobile/Page/Portfolio/Button - Persen'

2022-01-14 11:11:42 - [MESSAGE][PASSED] - Tapped on element 'Object Repository/Mobile/Page/Portfolio/Button - Persen'

2022-01-14 11:11:42 - [TEST_STEP][PASSED] - delay(3): Delayed 3 second(s)

2022-01-14 11:11:45 - [MESSAGE][PASSED] - Delayed 3 second(s)

2022-01-14 11:11:45 - [MESSAGE][PASSED] - Call Test Case 'Test Cases/Mobile/Page/Portfolio/Portfolio' successfully

2022-01-14 11:11:45 - [TEST_STEP][PASSED] - callTestCase(findTestCase("Mobile/Page/Run App/Terminate App"), [:], STOP_ON_FAILURE): Call Test Case 'Test Cases/Mobile/Page/Run App/Terminate App' successfully

2022-01-14 11:11:45 - [TEST_CASE][PASSED] - Test Cases/Mobile/Page/Run App/Terminate App: Test Cases/Mobile/Page/Run App/Terminate App

2022-01-14 11:11:45 - [TEST_STEP][PASSED] - startApp.OpenApp.terminateApplication(): startApp.OpenApp.terminateApplication is PASSED

2022-01-14 11:11:48 - [MESSAGE][PASSED] - Delayed 3 second(s)

2022-01-14 11:11:48 - [MESSAGE][PASSED] - Current device physical width is 720

2022-01-14 11:11:48 - [MESSAGE][PASSED] - Current device physical height is 1423

2022-01-14 11:11:50 - [MESSAGE][PASSED] - Swiped from 360,853 to 360,142

2022-01-14 11:11:51 - [MESSAGE][PASSED] - Delayed 1 second(s)

2022-01-14 11:11:52 - [MESSAGE][PASSED] - Swiped from 360,853 to 360,142

2022-01-14 11:11:55 - [MESSAGE][PASSED] - Delayed 3 second(s)

2022-01-14 11:11:55 - [MESSAGE][PASSED] - startApp.OpenApp.terminateApplication is PASSED

2022-01-14 11:11:55 - [MESSAGE][PASSED] - Call Test Case 'Test Cases/Mobile/Page/Run App/Terminate App' successfully]]></system-out>
         <system-err><![CDATA[]]></system-err>
      </testcase>
      <testcase name="Test Cases/Mobile/Scenario/Portfolio/008 - Portfolio Performance Quarter to Date Persen" time="65.625" classname="Test Cases/Mobile/Scenario/Portfolio/008 - Portfolio Performance Quarter to Date Persen" status="PASSED">
         <system-out><![CDATA[2022-01-14 11:11:55 - [TEST_CASE][PASSED] - Test Cases/Mobile/Scenario/Portfolio/008 - Portfolio Performance Quarter to Date Persen: Test Cases/Mobile/Scenario/Portfolio/008 - Portfolio Performance Quarter to Date Persen

2022-01-14 11:11:56 - [TEST_STEP][PASSED] - callTestCase(findTestCase("Mobile/Page/Run App/Run App byID"), [:], STOP_ON_FAILURE): Call Test Case 'Test Cases/Mobile/Page/Run App/Run App byID' successfully

2022-01-14 11:11:56 - [TEST_CASE][PASSED] - Test Cases/Mobile/Page/Run App/Run App byID: Test Cases/Mobile/Page/Run App/Run App byID

2022-01-14 11:11:56 - [TEST_STEP][PASSED] - startApp.OpenApp.startApplication("id.co.miraeasset.sageclub"): startApp.OpenApp.startApplication is PASSED

2022-01-14 11:12:09 - [MESSAGE][PASSED] - Starting app with application ID: 'id.co.miraeasset.sageclub'

2022-01-14 11:12:09 - [MESSAGE][PASSED] - startApp.OpenApp.startApplication is PASSED

2022-01-14 11:12:09 - [MESSAGE][PASSED] - Call Test Case 'Test Cases/Mobile/Page/Run App/Run App byID' successfully

2022-01-14 11:12:09 - [TEST_STEP][PASSED] - callTestCase(findTestCase("Mobile/Page/Portfolio/Portfolio"), ["tab":"summary", "action":"perf_quarter", "action2":"persen"], CONTINUE_ON_FAILURE): Call Test Case 'Test Cases/Mobile/Page/Portfolio/Portfolio' successfully

2022-01-14 11:12:09 - [TEST_CASE][PASSED] - Test Cases/Mobile/Page/Portfolio/Portfolio: Test Cases/Mobile/Page/Portfolio/Portfolio

2022-01-14 11:12:09 - [TEST_STEP][PASSED] - callTestCase(findTestCase("Mobile/Page/CheckLogin"), [:], CONTINUE_ON_FAILURE): Call Test Case 'Test Cases/Mobile/Page/CheckLogin' successfully

2022-01-14 11:12:09 - [TEST_CASE][PASSED] - Test Cases/Mobile/Page/CheckLogin: Test Cases/Mobile/Page/CheckLogin

2022-01-14 11:12:09 - [TEST_STEP][PASSED] - loginCheck = verifyElementExist(LOGN_BtnLogin, 5, CONTINUE_ON_FAILURE): Element 'Object Repository/Mobile/Page/Login/Button - Login' is exist

2022-01-14 11:12:11 - [MESSAGE][PASSED] - Element 'Object Repository/Mobile/Page/Login/Button - Login' is exist

2022-01-14 11:12:11 - [TEST_STEP][PASSED] - if (loginCheck): Call Test Case 'Test Cases/Mobile/Page/Login/Login' successfully

2022-01-14 11:12:11 - [TEST_STEP][PASSED] - callTestCase(findTestCase("Mobile/Page/Login/Login"), ["action":"username"], CONTINUE_ON_FAILURE): Call Test Case 'Test Cases/Mobile/Page/Login/Login' successfully

2022-01-14 11:12:12 - [TEST_CASE][PASSED] - Test Cases/Mobile/Page/Login/Login: Test Cases/Mobile/Page/Login/Login

2022-01-14 11:12:12 - [TEST_STEP][PASSED] - delay(2): Delayed 2 second(s)

2022-01-14 11:12:14 - [MESSAGE][PASSED] - Delayed 2 second(s)

2022-01-14 11:12:14 - [TEST_STEP][PASSED] - for ([i = 0, i < 1, (i++)]): null

2022-01-14 11:12:14 - [TEST_STEP][PASSED] - if (action == "username"): null

2022-01-14 11:12:14 - [TEST_STEP][PASSED] - tap(LOGN_EdtUserID, 0): Tapped on element 'Object Repository/Mobile/Page/Login/Input - UserID'

2022-01-14 11:12:14 - [MESSAGE][WARNING] - Timeout '0' is invalid. Using default page load timeout: '60'

2022-01-14 11:12:14 - [MESSAGE][PASSED] - Tapped on element 'Object Repository/Mobile/Page/Login/Input - UserID'

2022-01-14 11:12:14 - [TEST_STEP][PASSED] - delay(1): Delayed 1 second(s)

2022-01-14 11:12:15 - [MESSAGE][PASSED] - Delayed 1 second(s)

2022-01-14 11:12:15 - [TEST_STEP][PASSED] - setText(LOGN_EdtRdyUserID, "anggaaditya", 0): Text 'anggaaditya' has been set to element 'Object Repository/Mobile/Page/Login/Input Rdy - UserID'

2022-01-14 11:12:15 - [MESSAGE][WARNING] - Timeout '0' is invalid. Using default page load timeout: '60'

2022-01-14 11:12:16 - [MESSAGE][PASSED] - Text 'anggaaditya' has been set to element 'Object Repository/Mobile/Page/Login/Input Rdy - UserID'

2022-01-14 11:12:16 - [TEST_STEP][PASSED] - delay(1): Delayed 1 second(s)

2022-01-14 11:12:17 - [MESSAGE][PASSED] - Delayed 1 second(s)

2022-01-14 11:12:17 - [TEST_STEP][PASSED] - hideKeyboard(): Keyboard is hidden

2022-01-14 11:12:21 - [MESSAGE][PASSED] - Keyboard is hidden

2022-01-14 11:12:21 - [TEST_STEP][PASSED] - tap(LOGN_EdtPassword, 0): Tapped on element 'Object Repository/Mobile/Page/Login/Input - Password'

2022-01-14 11:12:21 - [MESSAGE][WARNING] - Timeout '0' is invalid. Using default page load timeout: '60'

2022-01-14 11:12:21 - [MESSAGE][PASSED] - Tapped on element 'Object Repository/Mobile/Page/Login/Input - Password'

2022-01-14 11:12:21 - [TEST_STEP][PASSED] - delay(1): Delayed 1 second(s)

2022-01-14 11:12:22 - [MESSAGE][PASSED] - Delayed 1 second(s)

2022-01-14 11:12:22 - [TEST_STEP][PASSED] - setText(LOGN_EdtRdyPassword, "Shalawa18", 0): Text 'Shalawa18' has been set to element 'Object Repository/Mobile/Page/Login/Input Rdy - Password'

2022-01-14 11:12:22 - [MESSAGE][WARNING] - Timeout '0' is invalid. Using default page load timeout: '60'

2022-01-14 11:12:23 - [MESSAGE][PASSED] - Text 'Shalawa18' has been set to element 'Object Repository/Mobile/Page/Login/Input Rdy - Password'

2022-01-14 11:12:23 - [TEST_STEP][PASSED] - delay(1): Delayed 1 second(s)

2022-01-14 11:12:24 - [MESSAGE][PASSED] - Delayed 1 second(s)

2022-01-14 11:12:24 - [TEST_STEP][PASSED] - hideKeyboard(): Keyboard is hidden

2022-01-14 11:12:30 - [MESSAGE][PASSED] - Keyboard is hidden

2022-01-14 11:12:30 - [TEST_STEP][PASSED] - tap(LOGN_BtnLogin, 0): Tapped on element 'Object Repository/Mobile/Page/Login/Button - Login'

2022-01-14 11:12:30 - [MESSAGE][WARNING] - Timeout '0' is invalid. Using default page load timeout: '60'

2022-01-14 11:12:32 - [MESSAGE][PASSED] - Tapped on element 'Object Repository/Mobile/Page/Login/Button - Login'

2022-01-14 11:12:32 - [TEST_STEP][PASSED] - delay(2): Delayed 2 second(s)

2022-01-14 11:12:34 - [MESSAGE][PASSED] - Delayed 2 second(s)

2022-01-14 11:12:34 - [TEST_STEP][PASSED] - break: null

2022-01-14 11:12:34 - [MESSAGE][PASSED] - Call Test Case 'Test Cases/Mobile/Page/Login/Login' successfully

2022-01-14 11:12:34 - [MESSAGE][PASSED] - Call Test Case 'Test Cases/Mobile/Page/CheckLogin' successfully

2022-01-14 11:12:34 - [TEST_STEP][PASSED] - tap(HOME_MenubarPortfolio, 0): Tapped on element 'Object Repository/Mobile/Page/Home/Menubar - Portfolio'

2022-01-14 11:12:34 - [MESSAGE][WARNING] - Timeout '0' is invalid. Using default page load timeout: '60'

2022-01-14 11:12:36 - [MESSAGE][PASSED] - Tapped on element 'Object Repository/Mobile/Page/Home/Menubar - Portfolio'

2022-01-14 11:12:36 - [TEST_STEP][PASSED] - delay(1): Delayed 1 second(s)

2022-01-14 11:12:37 - [MESSAGE][PASSED] - Delayed 1 second(s)

2022-01-14 11:12:37 - [TEST_STEP][PASSED] - for ([i = 0, i < 1, (i++)]): Delayed 3 second(s)

2022-01-14 11:12:37 - [TEST_STEP][PASSED] - if (tab == "summary"): Delayed 3 second(s)

2022-01-14 11:12:37 - [TEST_STEP][PASSED] - idr = PORT_BtnIDR: null

2022-01-14 11:12:37 - [TEST_STEP][PASSED] - persen = PORT_BtnPersen: null

2022-01-14 11:12:37 - [TEST_STEP][PASSED] - if (action == "summary"): null

2022-01-14 11:12:37 - [TEST_STEP][PASSED] - else if (action == "perf_daily"): null

2022-01-14 11:12:37 - [TEST_STEP][PASSED] - else if (action == "perf_month"): null

2022-01-14 11:12:37 - [TEST_STEP][PASSED] - else if (action == "perf_quarter"): Tapped on element 'Object Repository/Mobile/Page/Portfolio/Tab - Summary Quarter to Date'

2022-01-14 11:12:37 - [TEST_STEP][PASSED] - scroll.scroll.scrollScreenBottomToTop(): scroll.scroll.scrollScreenBottomToTop is PASSED

2022-01-14 11:12:37 - [MESSAGE][PASSED] - Current device physical height is 1423

2022-01-14 11:12:38 - [MESSAGE][PASSED] - Current device physical width is 720

2022-01-14 11:12:39 - [MESSAGE][PASSED] - Swiped from 360,1,138 to 360,284

2022-01-14 11:12:39 - [MESSAGE][PASSED] - scroll.scroll.scrollScreenBottomToTop is PASSED

2022-01-14 11:12:39 - [TEST_STEP][PASSED] - delay(1): Delayed 1 second(s)

2022-01-14 11:12:40 - [MESSAGE][PASSED] - Delayed 1 second(s)

2022-01-14 11:12:40 - [TEST_STEP][PASSED] - tap(PORT_TabSummaryQuarter, 0): Tapped on element 'Object Repository/Mobile/Page/Portfolio/Tab - Summary Quarter to Date'

2022-01-14 11:12:40 - [MESSAGE][WARNING] - Timeout '0' is invalid. Using default page load timeout: '60'

2022-01-14 11:12:41 - [MESSAGE][PASSED] - Tapped on element 'Object Repository/Mobile/Page/Portfolio/Tab - Summary Quarter to Date'

2022-01-14 11:12:41 - [TEST_STEP][PASSED] - if (action != "summary"): Delayed 3 second(s)

2022-01-14 11:12:41 - [TEST_STEP][PASSED] - delay(1): Delayed 1 second(s)

2022-01-14 11:12:42 - [MESSAGE][PASSED] - Delayed 1 second(s)

2022-01-14 11:12:42 - [TEST_STEP][PASSED] - scroll.scroll.scrollScreenBottomToTop(): scroll.scroll.scrollScreenBottomToTop is PASSED

2022-01-14 11:12:42 - [MESSAGE][PASSED] - Current device physical height is 1423

2022-01-14 11:12:42 - [MESSAGE][PASSED] - Current device physical width is 720

2022-01-14 11:12:43 - [MESSAGE][PASSED] - Swiped from 360,1,138 to 360,284

2022-01-14 11:12:43 - [MESSAGE][PASSED] - scroll.scroll.scrollScreenBottomToTop is PASSED

2022-01-14 11:12:43 - [TEST_STEP][PASSED] - delay(3): Delayed 3 second(s)

2022-01-14 11:12:46 - [MESSAGE][PASSED] - Delayed 3 second(s)

2022-01-14 11:12:46 - [TEST_STEP][PASSED] - if (action2 == "idr"): null

2022-01-14 11:12:46 - [TEST_STEP][PASSED] - else if (action2 == "persen"): Delayed 3 second(s)

2022-01-14 11:12:46 - [TEST_STEP][PASSED] - tap(persen, 10): Tapped on element 'Object Repository/Mobile/Page/Portfolio/Button - Persen'

2022-01-14 11:12:47 - [MESSAGE][PASSED] - Tapped on element 'Object Repository/Mobile/Page/Portfolio/Button - Persen'

2022-01-14 11:12:47 - [TEST_STEP][PASSED] - delay(3): Delayed 3 second(s)

2022-01-14 11:12:50 - [MESSAGE][PASSED] - Delayed 3 second(s)

2022-01-14 11:12:50 - [MESSAGE][PASSED] - Call Test Case 'Test Cases/Mobile/Page/Portfolio/Portfolio' successfully

2022-01-14 11:12:50 - [TEST_STEP][PASSED] - callTestCase(findTestCase("Mobile/Page/Run App/Terminate App"), [:], STOP_ON_FAILURE): Call Test Case 'Test Cases/Mobile/Page/Run App/Terminate App' successfully

2022-01-14 11:12:50 - [TEST_CASE][PASSED] - Test Cases/Mobile/Page/Run App/Terminate App: Test Cases/Mobile/Page/Run App/Terminate App

2022-01-14 11:12:50 - [TEST_STEP][PASSED] - startApp.OpenApp.terminateApplication(): startApp.OpenApp.terminateApplication is PASSED

2022-01-14 11:12:53 - [MESSAGE][PASSED] - Delayed 3 second(s)

2022-01-14 11:12:54 - [MESSAGE][PASSED] - Current device physical width is 720

2022-01-14 11:12:54 - [MESSAGE][PASSED] - Current device physical height is 1423

2022-01-14 11:12:55 - [MESSAGE][PASSED] - Swiped from 360,853 to 360,142

2022-01-14 11:12:56 - [MESSAGE][PASSED] - Delayed 1 second(s)

2022-01-14 11:12:58 - [MESSAGE][PASSED] - Swiped from 360,853 to 360,142

2022-01-14 11:13:01 - [MESSAGE][PASSED] - Delayed 3 second(s)

2022-01-14 11:13:01 - [MESSAGE][PASSED] - startApp.OpenApp.terminateApplication is PASSED

2022-01-14 11:13:01 - [MESSAGE][PASSED] - Call Test Case 'Test Cases/Mobile/Page/Run App/Terminate App' successfully]]></system-out>
         <system-err><![CDATA[]]></system-err>
      </testcase>
      <testcase name="Test Cases/Mobile/Scenario/Portfolio/009 - Portfolio Performance Year to Date Persen" time="63.438" classname="Test Cases/Mobile/Scenario/Portfolio/009 - Portfolio Performance Year to Date Persen" status="PASSED">
         <system-out><![CDATA[2022-01-14 11:13:01 - [TEST_CASE][PASSED] - Test Cases/Mobile/Scenario/Portfolio/009 - Portfolio Performance Year to Date Persen: Test Cases/Mobile/Scenario/Portfolio/009 - Portfolio Performance Year to Date Persen

2022-01-14 11:13:01 - [TEST_STEP][PASSED] - callTestCase(findTestCase("Mobile/Page/Run App/Run App byID"), [:], STOP_ON_FAILURE): Call Test Case 'Test Cases/Mobile/Page/Run App/Run App byID' successfully

2022-01-14 11:13:01 - [TEST_CASE][PASSED] - Test Cases/Mobile/Page/Run App/Run App byID: Test Cases/Mobile/Page/Run App/Run App byID

2022-01-14 11:13:01 - [TEST_STEP][PASSED] - startApp.OpenApp.startApplication("id.co.miraeasset.sageclub"): startApp.OpenApp.startApplication is PASSED

2022-01-14 11:13:14 - [MESSAGE][PASSED] - Starting app with application ID: 'id.co.miraeasset.sageclub'

2022-01-14 11:13:14 - [MESSAGE][PASSED] - startApp.OpenApp.startApplication is PASSED

2022-01-14 11:13:14 - [MESSAGE][PASSED] - Call Test Case 'Test Cases/Mobile/Page/Run App/Run App byID' successfully

2022-01-14 11:13:14 - [TEST_STEP][PASSED] - callTestCase(findTestCase("Mobile/Page/Portfolio/Portfolio"), ["tab":"summary", "action":"perf_year", "action2":"persen"], CONTINUE_ON_FAILURE): Call Test Case 'Test Cases/Mobile/Page/Portfolio/Portfolio' successfully

2022-01-14 11:13:14 - [TEST_CASE][PASSED] - Test Cases/Mobile/Page/Portfolio/Portfolio: Test Cases/Mobile/Page/Portfolio/Portfolio

2022-01-14 11:13:14 - [TEST_STEP][PASSED] - callTestCase(findTestCase("Mobile/Page/CheckLogin"), [:], CONTINUE_ON_FAILURE): Call Test Case 'Test Cases/Mobile/Page/CheckLogin' successfully

2022-01-14 11:13:15 - [TEST_CASE][PASSED] - Test Cases/Mobile/Page/CheckLogin: Test Cases/Mobile/Page/CheckLogin

2022-01-14 11:13:15 - [TEST_STEP][PASSED] - loginCheck = verifyElementExist(LOGN_BtnLogin, 5, CONTINUE_ON_FAILURE): Element 'Object Repository/Mobile/Page/Login/Button - Login' is exist

2022-01-14 11:13:17 - [MESSAGE][PASSED] - Element 'Object Repository/Mobile/Page/Login/Button - Login' is exist

2022-01-14 11:13:17 - [TEST_STEP][PASSED] - if (loginCheck): Call Test Case 'Test Cases/Mobile/Page/Login/Login' successfully

2022-01-14 11:13:17 - [TEST_STEP][PASSED] - callTestCase(findTestCase("Mobile/Page/Login/Login"), ["action":"username"], CONTINUE_ON_FAILURE): Call Test Case 'Test Cases/Mobile/Page/Login/Login' successfully

2022-01-14 11:13:17 - [TEST_CASE][PASSED] - Test Cases/Mobile/Page/Login/Login: Test Cases/Mobile/Page/Login/Login

2022-01-14 11:13:17 - [TEST_STEP][PASSED] - delay(2): Delayed 2 second(s)

2022-01-14 11:13:19 - [MESSAGE][PASSED] - Delayed 2 second(s)

2022-01-14 11:13:19 - [TEST_STEP][PASSED] - for ([i = 0, i < 1, (i++)]): null

2022-01-14 11:13:19 - [TEST_STEP][PASSED] - if (action == "username"): null

2022-01-14 11:13:19 - [TEST_STEP][PASSED] - tap(LOGN_EdtUserID, 0): Tapped on element 'Object Repository/Mobile/Page/Login/Input - UserID'

2022-01-14 11:13:19 - [MESSAGE][WARNING] - Timeout '0' is invalid. Using default page load timeout: '60'

2022-01-14 11:13:19 - [MESSAGE][PASSED] - Tapped on element 'Object Repository/Mobile/Page/Login/Input - UserID'

2022-01-14 11:13:19 - [TEST_STEP][PASSED] - delay(1): Delayed 1 second(s)

2022-01-14 11:13:20 - [MESSAGE][PASSED] - Delayed 1 second(s)

2022-01-14 11:13:20 - [TEST_STEP][PASSED] - setText(LOGN_EdtRdyUserID, "anggaaditya", 0): Text 'anggaaditya' has been set to element 'Object Repository/Mobile/Page/Login/Input Rdy - UserID'

2022-01-14 11:13:20 - [MESSAGE][WARNING] - Timeout '0' is invalid. Using default page load timeout: '60'

2022-01-14 11:13:21 - [MESSAGE][PASSED] - Text 'anggaaditya' has been set to element 'Object Repository/Mobile/Page/Login/Input Rdy - UserID'

2022-01-14 11:13:21 - [TEST_STEP][PASSED] - delay(1): Delayed 1 second(s)

2022-01-14 11:13:22 - [MESSAGE][PASSED] - Delayed 1 second(s)

2022-01-14 11:13:22 - [TEST_STEP][PASSED] - hideKeyboard(): Keyboard is hidden

2022-01-14 11:13:26 - [MESSAGE][PASSED] - Keyboard is hidden

2022-01-14 11:13:26 - [TEST_STEP][PASSED] - tap(LOGN_EdtPassword, 0): Tapped on element 'Object Repository/Mobile/Page/Login/Input - Password'

2022-01-14 11:13:26 - [MESSAGE][WARNING] - Timeout '0' is invalid. Using default page load timeout: '60'

2022-01-14 11:13:27 - [MESSAGE][PASSED] - Tapped on element 'Object Repository/Mobile/Page/Login/Input - Password'

2022-01-14 11:13:27 - [TEST_STEP][PASSED] - delay(1): Delayed 1 second(s)

2022-01-14 11:13:28 - [MESSAGE][PASSED] - Delayed 1 second(s)

2022-01-14 11:13:28 - [TEST_STEP][PASSED] - setText(LOGN_EdtRdyPassword, "Shalawa18", 0): Text 'Shalawa18' has been set to element 'Object Repository/Mobile/Page/Login/Input Rdy - Password'

2022-01-14 11:13:28 - [MESSAGE][WARNING] - Timeout '0' is invalid. Using default page load timeout: '60'

2022-01-14 11:13:28 - [MESSAGE][PASSED] - Text 'Shalawa18' has been set to element 'Object Repository/Mobile/Page/Login/Input Rdy - Password'

2022-01-14 11:13:28 - [TEST_STEP][PASSED] - delay(1): Delayed 1 second(s)

2022-01-14 11:13:29 - [MESSAGE][PASSED] - Delayed 1 second(s)

2022-01-14 11:13:29 - [TEST_STEP][PASSED] - hideKeyboard(): Keyboard is hidden

2022-01-14 11:13:36 - [MESSAGE][PASSED] - Keyboard is hidden

2022-01-14 11:13:36 - [TEST_STEP][PASSED] - tap(LOGN_BtnLogin, 0): Tapped on element 'Object Repository/Mobile/Page/Login/Button - Login'

2022-01-14 11:13:36 - [MESSAGE][WARNING] - Timeout '0' is invalid. Using default page load timeout: '60'

2022-01-14 11:13:37 - [MESSAGE][PASSED] - Tapped on element 'Object Repository/Mobile/Page/Login/Button - Login'

2022-01-14 11:13:37 - [TEST_STEP][PASSED] - delay(2): Delayed 2 second(s)

2022-01-14 11:13:39 - [MESSAGE][PASSED] - Delayed 2 second(s)

2022-01-14 11:13:39 - [TEST_STEP][PASSED] - break: null

2022-01-14 11:13:39 - [MESSAGE][PASSED] - Call Test Case 'Test Cases/Mobile/Page/Login/Login' successfully

2022-01-14 11:13:39 - [MESSAGE][PASSED] - Call Test Case 'Test Cases/Mobile/Page/CheckLogin' successfully

2022-01-14 11:13:39 - [TEST_STEP][PASSED] - tap(HOME_MenubarPortfolio, 0): Tapped on element 'Object Repository/Mobile/Page/Home/Menubar - Portfolio'

2022-01-14 11:13:39 - [MESSAGE][WARNING] - Timeout '0' is invalid. Using default page load timeout: '60'

2022-01-14 11:13:40 - [MESSAGE][PASSED] - Tapped on element 'Object Repository/Mobile/Page/Home/Menubar - Portfolio'

2022-01-14 11:13:40 - [TEST_STEP][PASSED] - delay(1): Delayed 1 second(s)

2022-01-14 11:13:41 - [MESSAGE][PASSED] - Delayed 1 second(s)

2022-01-14 11:13:41 - [TEST_STEP][PASSED] - for ([i = 0, i < 1, (i++)]): Delayed 3 second(s)

2022-01-14 11:13:41 - [TEST_STEP][PASSED] - if (tab == "summary"): Delayed 3 second(s)

2022-01-14 11:13:41 - [TEST_STEP][PASSED] - idr = PORT_BtnIDR: null

2022-01-14 11:13:41 - [TEST_STEP][PASSED] - persen = PORT_BtnPersen: null

2022-01-14 11:13:41 - [TEST_STEP][PASSED] - if (action == "summary"): null

2022-01-14 11:13:41 - [TEST_STEP][PASSED] - else if (action == "perf_daily"): null

2022-01-14 11:13:41 - [TEST_STEP][PASSED] - else if (action == "perf_month"): null

2022-01-14 11:13:41 - [TEST_STEP][PASSED] - else if (action == "perf_quarter"): null

2022-01-14 11:13:41 - [TEST_STEP][PASSED] - else if (action == "perf_year"): Tapped on element 'Object Repository/Mobile/Page/Portfolio/Tab - Summary Year to Date'

2022-01-14 11:13:41 - [TEST_STEP][PASSED] - scroll.scroll.scrollScreenBottomToTop(): scroll.scroll.scrollScreenBottomToTop is PASSED

2022-01-14 11:13:41 - [MESSAGE][PASSED] - Current device physical height is 1423

2022-01-14 11:13:42 - [MESSAGE][PASSED] - Current device physical width is 720

2022-01-14 11:13:43 - [MESSAGE][PASSED] - Swiped from 360,1,138 to 360,284

2022-01-14 11:13:43 - [MESSAGE][PASSED] - scroll.scroll.scrollScreenBottomToTop is PASSED

2022-01-14 11:13:43 - [TEST_STEP][PASSED] - delay(1): Delayed 1 second(s)

2022-01-14 11:13:44 - [MESSAGE][PASSED] - Delayed 1 second(s)

2022-01-14 11:13:44 - [TEST_STEP][PASSED] - tap(PORT_TabSummaryYear, 0): Tapped on element 'Object Repository/Mobile/Page/Portfolio/Tab - Summary Year to Date'

2022-01-14 11:13:44 - [MESSAGE][WARNING] - Timeout '0' is invalid. Using default page load timeout: '60'

2022-01-14 11:13:44 - [MESSAGE][PASSED] - Tapped on element 'Object Repository/Mobile/Page/Portfolio/Tab - Summary Year to Date'

2022-01-14 11:13:44 - [TEST_STEP][PASSED] - if (action != "summary"): Delayed 3 second(s)

2022-01-14 11:13:44 - [TEST_STEP][PASSED] - delay(1): Delayed 1 second(s)

2022-01-14 11:13:45 - [MESSAGE][PASSED] - Delayed 1 second(s)

2022-01-14 11:13:45 - [TEST_STEP][PASSED] - scroll.scroll.scrollScreenBottomToTop(): scroll.scroll.scrollScreenBottomToTop is PASSED

2022-01-14 11:13:46 - [MESSAGE][PASSED] - Current device physical height is 1423

2022-01-14 11:13:46 - [MESSAGE][PASSED] - Current device physical width is 720

2022-01-14 11:13:47 - [MESSAGE][PASSED] - Swiped from 360,1,138 to 360,284

2022-01-14 11:13:47 - [MESSAGE][PASSED] - scroll.scroll.scrollScreenBottomToTop is PASSED

2022-01-14 11:13:47 - [TEST_STEP][PASSED] - delay(3): Delayed 3 second(s)

2022-01-14 11:13:50 - [MESSAGE][PASSED] - Delayed 3 second(s)

2022-01-14 11:13:50 - [TEST_STEP][PASSED] - if (action2 == "idr"): null

2022-01-14 11:13:50 - [TEST_STEP][PASSED] - else if (action2 == "persen"): Delayed 3 second(s)

2022-01-14 11:13:50 - [TEST_STEP][PASSED] - tap(persen, 10): Tapped on element 'Object Repository/Mobile/Page/Portfolio/Button - Persen'

2022-01-14 11:13:51 - [MESSAGE][PASSED] - Tapped on element 'Object Repository/Mobile/Page/Portfolio/Button - Persen'

2022-01-14 11:13:51 - [TEST_STEP][PASSED] - delay(3): Delayed 3 second(s)

2022-01-14 11:13:54 - [MESSAGE][PASSED] - Delayed 3 second(s)

2022-01-14 11:13:54 - [MESSAGE][PASSED] - Call Test Case 'Test Cases/Mobile/Page/Portfolio/Portfolio' successfully

2022-01-14 11:13:54 - [TEST_STEP][PASSED] - callTestCase(findTestCase("Mobile/Page/Run App/Terminate App"), [:], STOP_ON_FAILURE): Call Test Case 'Test Cases/Mobile/Page/Run App/Terminate App' successfully

2022-01-14 11:13:54 - [TEST_CASE][PASSED] - Test Cases/Mobile/Page/Run App/Terminate App: Test Cases/Mobile/Page/Run App/Terminate App

2022-01-14 11:13:54 - [TEST_STEP][PASSED] - startApp.OpenApp.terminateApplication(): startApp.OpenApp.terminateApplication is PASSED

2022-01-14 11:13:57 - [MESSAGE][PASSED] - Delayed 3 second(s)

2022-01-14 11:13:57 - [MESSAGE][PASSED] - Current device physical width is 720

2022-01-14 11:13:57 - [MESSAGE][PASSED] - Current device physical height is 1423

2022-01-14 11:13:59 - [MESSAGE][PASSED] - Swiped from 360,853 to 360,142

2022-01-14 11:14:00 - [MESSAGE][PASSED] - Delayed 1 second(s)

2022-01-14 11:14:01 - [MESSAGE][PASSED] - Swiped from 360,853 to 360,142

2022-01-14 11:14:04 - [MESSAGE][PASSED] - Delayed 3 second(s)

2022-01-14 11:14:04 - [MESSAGE][PASSED] - startApp.OpenApp.terminateApplication is PASSED

2022-01-14 11:14:04 - [MESSAGE][PASSED] - Call Test Case 'Test Cases/Mobile/Page/Run App/Terminate App' successfully]]></system-out>
         <system-err><![CDATA[]]></system-err>
      </testcase>
      <testcase name="Test Cases/Mobile/Scenario/Portfolio/010 - Melihat list stock" time="58.409" classname="Test Cases/Mobile/Scenario/Portfolio/010 - Melihat list stock" status="PASSED">
         <system-out><![CDATA[2022-01-14 11:14:04 - [TEST_CASE][PASSED] - Test Cases/Mobile/Scenario/Portfolio/010 - Melihat list stock: Test Cases/Mobile/Scenario/Portfolio/010 - Melihat list stock

2022-01-14 11:14:05 - [TEST_STEP][PASSED] - callTestCase(findTestCase("Mobile/Page/Run App/Run App byID"), [:], STOP_ON_FAILURE): Call Test Case 'Test Cases/Mobile/Page/Run App/Run App byID' successfully

2022-01-14 11:14:05 - [TEST_CASE][PASSED] - Test Cases/Mobile/Page/Run App/Run App byID: Test Cases/Mobile/Page/Run App/Run App byID

2022-01-14 11:14:05 - [TEST_STEP][PASSED] - startApp.OpenApp.startApplication("id.co.miraeasset.sageclub"): startApp.OpenApp.startApplication is PASSED

2022-01-14 11:14:18 - [MESSAGE][PASSED] - Starting app with application ID: 'id.co.miraeasset.sageclub'

2022-01-14 11:14:18 - [MESSAGE][PASSED] - startApp.OpenApp.startApplication is PASSED

2022-01-14 11:14:18 - [MESSAGE][PASSED] - Call Test Case 'Test Cases/Mobile/Page/Run App/Run App byID' successfully

2022-01-14 11:14:18 - [TEST_STEP][PASSED] - callTestCase(findTestCase("Mobile/Page/Portfolio/Portfolio"), ["tab":"stock"], CONTINUE_ON_FAILURE): Call Test Case 'Test Cases/Mobile/Page/Portfolio/Portfolio' successfully

2022-01-14 11:14:18 - [TEST_CASE][PASSED] - Test Cases/Mobile/Page/Portfolio/Portfolio: Test Cases/Mobile/Page/Portfolio/Portfolio

2022-01-14 11:14:18 - [TEST_STEP][PASSED] - callTestCase(findTestCase("Mobile/Page/CheckLogin"), [:], CONTINUE_ON_FAILURE): Call Test Case 'Test Cases/Mobile/Page/CheckLogin' successfully

2022-01-14 11:14:18 - [TEST_CASE][PASSED] - Test Cases/Mobile/Page/CheckLogin: Test Cases/Mobile/Page/CheckLogin

2022-01-14 11:14:18 - [TEST_STEP][PASSED] - loginCheck = verifyElementExist(LOGN_BtnLogin, 5, CONTINUE_ON_FAILURE): Element 'Object Repository/Mobile/Page/Login/Button - Login' is exist

2022-01-14 11:14:21 - [MESSAGE][PASSED] - Element 'Object Repository/Mobile/Page/Login/Button - Login' is exist

2022-01-14 11:14:21 - [TEST_STEP][PASSED] - if (loginCheck): Call Test Case 'Test Cases/Mobile/Page/Login/Login' successfully

2022-01-14 11:14:21 - [TEST_STEP][PASSED] - callTestCase(findTestCase("Mobile/Page/Login/Login"), ["action":"username"], CONTINUE_ON_FAILURE): Call Test Case 'Test Cases/Mobile/Page/Login/Login' successfully

2022-01-14 11:14:21 - [TEST_CASE][PASSED] - Test Cases/Mobile/Page/Login/Login: Test Cases/Mobile/Page/Login/Login

2022-01-14 11:14:21 - [TEST_STEP][PASSED] - delay(2): Delayed 2 second(s)

2022-01-14 11:14:23 - [MESSAGE][PASSED] - Delayed 2 second(s)

2022-01-14 11:14:23 - [TEST_STEP][PASSED] - for ([i = 0, i < 1, (i++)]): null

2022-01-14 11:14:23 - [TEST_STEP][PASSED] - if (action == "username"): null

2022-01-14 11:14:23 - [TEST_STEP][PASSED] - tap(LOGN_EdtUserID, 0): Tapped on element 'Object Repository/Mobile/Page/Login/Input - UserID'

2022-01-14 11:14:23 - [MESSAGE][WARNING] - Timeout '0' is invalid. Using default page load timeout: '60'

2022-01-14 11:14:23 - [MESSAGE][PASSED] - Tapped on element 'Object Repository/Mobile/Page/Login/Input - UserID'

2022-01-14 11:14:23 - [TEST_STEP][PASSED] - delay(1): Delayed 1 second(s)

2022-01-14 11:14:24 - [MESSAGE][PASSED] - Delayed 1 second(s)

2022-01-14 11:14:24 - [TEST_STEP][PASSED] - setText(LOGN_EdtRdyUserID, "anggaaditya", 0): Text 'anggaaditya' has been set to element 'Object Repository/Mobile/Page/Login/Input Rdy - UserID'

2022-01-14 11:14:24 - [MESSAGE][WARNING] - Timeout '0' is invalid. Using default page load timeout: '60'

2022-01-14 11:14:25 - [MESSAGE][PASSED] - Text 'anggaaditya' has been set to element 'Object Repository/Mobile/Page/Login/Input Rdy - UserID'

2022-01-14 11:14:25 - [TEST_STEP][PASSED] - delay(1): Delayed 1 second(s)

2022-01-14 11:14:26 - [MESSAGE][PASSED] - Delayed 1 second(s)

2022-01-14 11:14:26 - [TEST_STEP][PASSED] - hideKeyboard(): Keyboard is hidden

2022-01-14 11:14:30 - [MESSAGE][PASSED] - Keyboard is hidden

2022-01-14 11:14:30 - [TEST_STEP][PASSED] - tap(LOGN_EdtPassword, 0): Tapped on element 'Object Repository/Mobile/Page/Login/Input - Password'

2022-01-14 11:14:30 - [MESSAGE][WARNING] - Timeout '0' is invalid. Using default page load timeout: '60'

2022-01-14 11:14:31 - [MESSAGE][PASSED] - Tapped on element 'Object Repository/Mobile/Page/Login/Input - Password'

2022-01-14 11:14:31 - [TEST_STEP][PASSED] - delay(1): Delayed 1 second(s)

2022-01-14 11:14:32 - [MESSAGE][PASSED] - Delayed 1 second(s)

2022-01-14 11:14:32 - [TEST_STEP][PASSED] - setText(LOGN_EdtRdyPassword, "Shalawa18", 0): Text 'Shalawa18' has been set to element 'Object Repository/Mobile/Page/Login/Input Rdy - Password'

2022-01-14 11:14:32 - [MESSAGE][WARNING] - Timeout '0' is invalid. Using default page load timeout: '60'

2022-01-14 11:14:33 - [MESSAGE][PASSED] - Text 'Shalawa18' has been set to element 'Object Repository/Mobile/Page/Login/Input Rdy - Password'

2022-01-14 11:14:33 - [TEST_STEP][PASSED] - delay(1): Delayed 1 second(s)

2022-01-14 11:14:34 - [MESSAGE][PASSED] - Delayed 1 second(s)

2022-01-14 11:14:34 - [TEST_STEP][PASSED] - hideKeyboard(): Keyboard is hidden

2022-01-14 11:14:40 - [MESSAGE][PASSED] - Keyboard is hidden

2022-01-14 11:14:40 - [TEST_STEP][PASSED] - tap(LOGN_BtnLogin, 0): Tapped on element 'Object Repository/Mobile/Page/Login/Button - Login'

2022-01-14 11:14:40 - [MESSAGE][WARNING] - Timeout '0' is invalid. Using default page load timeout: '60'

2022-01-14 11:14:41 - [MESSAGE][PASSED] - Tapped on element 'Object Repository/Mobile/Page/Login/Button - Login'

2022-01-14 11:14:41 - [TEST_STEP][PASSED] - delay(2): Delayed 2 second(s)

2022-01-14 11:14:43 - [MESSAGE][PASSED] - Delayed 2 second(s)

2022-01-14 11:14:43 - [TEST_STEP][PASSED] - break: null

2022-01-14 11:14:43 - [MESSAGE][PASSED] - Call Test Case 'Test Cases/Mobile/Page/Login/Login' successfully

2022-01-14 11:14:43 - [MESSAGE][PASSED] - Call Test Case 'Test Cases/Mobile/Page/CheckLogin' successfully

2022-01-14 11:14:43 - [TEST_STEP][PASSED] - tap(HOME_MenubarPortfolio, 0): Tapped on element 'Object Repository/Mobile/Page/Home/Menubar - Portfolio'

2022-01-14 11:14:43 - [MESSAGE][WARNING] - Timeout '0' is invalid. Using default page load timeout: '60'

2022-01-14 11:14:44 - [MESSAGE][PASSED] - Tapped on element 'Object Repository/Mobile/Page/Home/Menubar - Portfolio'

2022-01-14 11:14:44 - [TEST_STEP][PASSED] - delay(1): Delayed 1 second(s)

2022-01-14 11:14:45 - [MESSAGE][PASSED] - Delayed 1 second(s)

2022-01-14 11:14:45 - [TEST_STEP][PASSED] - for ([i = 0, i < 1, (i++)]): Delayed 3 second(s)

2022-01-14 11:14:45 - [TEST_STEP][PASSED] - if (tab == "summary"): null

2022-01-14 11:14:45 - [TEST_STEP][PASSED] - else if (tab == "stock"): Delayed 3 second(s)

2022-01-14 11:14:45 - [TEST_STEP][PASSED] - tap(PORT_TabStock, 0): Tapped on element 'Object Repository/Mobile/Page/Portfolio/Tab - Stock'

2022-01-14 11:14:45 - [MESSAGE][WARNING] - Timeout '0' is invalid. Using default page load timeout: '60'

2022-01-14 11:14:47 - [MESSAGE][PASSED] - Tapped on element 'Object Repository/Mobile/Page/Portfolio/Tab - Stock'

2022-01-14 11:14:47 - [TEST_STEP][PASSED] - scroll.scroll.scrollScreenBottomToTop(): scroll.scroll.scrollScreenBottomToTop is PASSED

2022-01-14 11:14:47 - [MESSAGE][PASSED] - Current device physical height is 1423

2022-01-14 11:14:48 - [MESSAGE][PASSED] - Current device physical width is 720

2022-01-14 11:14:49 - [MESSAGE][PASSED] - Swiped from 360,1,138 to 360,284

2022-01-14 11:14:49 - [MESSAGE][PASSED] - scroll.scroll.scrollScreenBottomToTop is PASSED

2022-01-14 11:14:49 - [TEST_STEP][PASSED] - delay(3): Delayed 3 second(s)

2022-01-14 11:14:52 - [MESSAGE][PASSED] - Delayed 3 second(s)

2022-01-14 11:14:52 - [MESSAGE][PASSED] - Call Test Case 'Test Cases/Mobile/Page/Portfolio/Portfolio' successfully

2022-01-14 11:14:52 - [TEST_STEP][PASSED] - callTestCase(findTestCase("Mobile/Page/Run App/Terminate App"), [:], STOP_ON_FAILURE): Call Test Case 'Test Cases/Mobile/Page/Run App/Terminate App' successfully

2022-01-14 11:14:52 - [TEST_CASE][PASSED] - Test Cases/Mobile/Page/Run App/Terminate App: Test Cases/Mobile/Page/Run App/Terminate App

2022-01-14 11:14:52 - [TEST_STEP][PASSED] - startApp.OpenApp.terminateApplication(): startApp.OpenApp.terminateApplication is PASSED

2022-01-14 11:14:55 - [MESSAGE][PASSED] - Delayed 3 second(s)

2022-01-14 11:14:55 - [MESSAGE][PASSED] - Current device physical width is 720

2022-01-14 11:14:56 - [MESSAGE][PASSED] - Current device physical height is 1423

2022-01-14 11:14:57 - [MESSAGE][PASSED] - Swiped from 360,853 to 360,142

2022-01-14 11:14:58 - [MESSAGE][PASSED] - Delayed 1 second(s)

2022-01-14 11:14:59 - [MESSAGE][PASSED] - Swiped from 360,853 to 360,142

2022-01-14 11:15:02 - [MESSAGE][PASSED] - Delayed 3 second(s)

2022-01-14 11:15:02 - [MESSAGE][PASSED] - startApp.OpenApp.terminateApplication is PASSED

2022-01-14 11:15:02 - [MESSAGE][PASSED] - Call Test Case 'Test Cases/Mobile/Page/Run App/Terminate App' successfully]]></system-out>
         <system-err><![CDATA[]]></system-err>
      </testcase>
      <testcase name="Test Cases/Mobile/Scenario/Portfolio/011 - Melihat list mutual fund" time="63.164" classname="Test Cases/Mobile/Scenario/Portfolio/011 - Melihat list mutual fund" status="PASSED">
         <system-out><![CDATA[2022-01-14 11:15:03 - [TEST_CASE][PASSED] - Test Cases/Mobile/Scenario/Portfolio/011 - Melihat list mutual fund: Test Cases/Mobile/Scenario/Portfolio/011 - Melihat list mutual fund

2022-01-14 11:15:03 - [TEST_STEP][PASSED] - callTestCase(findTestCase("Mobile/Page/Run App/Run App byID"), [:], STOP_ON_FAILURE): Call Test Case 'Test Cases/Mobile/Page/Run App/Run App byID' successfully

2022-01-14 11:15:03 - [TEST_CASE][PASSED] - Test Cases/Mobile/Page/Run App/Run App byID: Test Cases/Mobile/Page/Run App/Run App byID

2022-01-14 11:15:03 - [TEST_STEP][PASSED] - startApp.OpenApp.startApplication("id.co.miraeasset.sageclub"): startApp.OpenApp.startApplication is PASSED

2022-01-14 11:15:17 - [MESSAGE][PASSED] - Starting app with application ID: 'id.co.miraeasset.sageclub'

2022-01-14 11:15:17 - [MESSAGE][PASSED] - startApp.OpenApp.startApplication is PASSED

2022-01-14 11:15:17 - [MESSAGE][PASSED] - Call Test Case 'Test Cases/Mobile/Page/Run App/Run App byID' successfully

2022-01-14 11:15:17 - [TEST_STEP][PASSED] - callTestCase(findTestCase("Mobile/Page/Portfolio/Portfolio"), ["tab":"mutualfund", "action2":"none"], CONTINUE_ON_FAILURE): Call Test Case 'Test Cases/Mobile/Page/Portfolio/Portfolio' successfully

2022-01-14 11:15:17 - [TEST_CASE][PASSED] - Test Cases/Mobile/Page/Portfolio/Portfolio: Test Cases/Mobile/Page/Portfolio/Portfolio

2022-01-14 11:15:17 - [TEST_STEP][PASSED] - callTestCase(findTestCase("Mobile/Page/CheckLogin"), [:], CONTINUE_ON_FAILURE): Call Test Case 'Test Cases/Mobile/Page/CheckLogin' successfully

2022-01-14 11:15:17 - [TEST_CASE][PASSED] - Test Cases/Mobile/Page/CheckLogin: Test Cases/Mobile/Page/CheckLogin

2022-01-14 11:15:17 - [TEST_STEP][PASSED] - loginCheck = verifyElementExist(LOGN_BtnLogin, 5, CONTINUE_ON_FAILURE): Element 'Object Repository/Mobile/Page/Login/Button - Login' is exist

2022-01-14 11:15:19 - [MESSAGE][PASSED] - Element 'Object Repository/Mobile/Page/Login/Button - Login' is exist

2022-01-14 11:15:19 - [TEST_STEP][PASSED] - if (loginCheck): Call Test Case 'Test Cases/Mobile/Page/Login/Login' successfully

2022-01-14 11:15:19 - [TEST_STEP][PASSED] - callTestCase(findTestCase("Mobile/Page/Login/Login"), ["action":"username"], CONTINUE_ON_FAILURE): Call Test Case 'Test Cases/Mobile/Page/Login/Login' successfully

2022-01-14 11:15:19 - [TEST_CASE][PASSED] - Test Cases/Mobile/Page/Login/Login: Test Cases/Mobile/Page/Login/Login

2022-01-14 11:15:19 - [TEST_STEP][PASSED] - delay(2): Delayed 2 second(s)

2022-01-14 11:15:21 - [MESSAGE][PASSED] - Delayed 2 second(s)

2022-01-14 11:15:21 - [TEST_STEP][PASSED] - for ([i = 0, i < 1, (i++)]): null

2022-01-14 11:15:21 - [TEST_STEP][PASSED] - if (action == "username"): null

2022-01-14 11:15:21 - [TEST_STEP][PASSED] - tap(LOGN_EdtUserID, 0): Tapped on element 'Object Repository/Mobile/Page/Login/Input - UserID'

2022-01-14 11:15:21 - [MESSAGE][WARNING] - Timeout '0' is invalid. Using default page load timeout: '60'

2022-01-14 11:15:21 - [MESSAGE][PASSED] - Tapped on element 'Object Repository/Mobile/Page/Login/Input - UserID'

2022-01-14 11:15:21 - [TEST_STEP][PASSED] - delay(1): Delayed 1 second(s)

2022-01-14 11:15:22 - [MESSAGE][PASSED] - Delayed 1 second(s)

2022-01-14 11:15:22 - [TEST_STEP][PASSED] - setText(LOGN_EdtRdyUserID, "anggaaditya", 0): Text 'anggaaditya' has been set to element 'Object Repository/Mobile/Page/Login/Input Rdy - UserID'

2022-01-14 11:15:22 - [MESSAGE][WARNING] - Timeout '0' is invalid. Using default page load timeout: '60'

2022-01-14 11:15:23 - [MESSAGE][PASSED] - Text 'anggaaditya' has been set to element 'Object Repository/Mobile/Page/Login/Input Rdy - UserID'

2022-01-14 11:15:23 - [TEST_STEP][PASSED] - delay(1): Delayed 1 second(s)

2022-01-14 11:15:24 - [MESSAGE][PASSED] - Delayed 1 second(s)

2022-01-14 11:15:24 - [TEST_STEP][PASSED] - hideKeyboard(): Keyboard is hidden

2022-01-14 11:15:28 - [MESSAGE][PASSED] - Keyboard is hidden

2022-01-14 11:15:28 - [TEST_STEP][PASSED] - tap(LOGN_EdtPassword, 0): Tapped on element 'Object Repository/Mobile/Page/Login/Input - Password'

2022-01-14 11:15:28 - [MESSAGE][WARNING] - Timeout '0' is invalid. Using default page load timeout: '60'

2022-01-14 11:15:28 - [MESSAGE][PASSED] - Tapped on element 'Object Repository/Mobile/Page/Login/Input - Password'

2022-01-14 11:15:28 - [TEST_STEP][PASSED] - delay(1): Delayed 1 second(s)

2022-01-14 11:15:29 - [MESSAGE][PASSED] - Delayed 1 second(s)

2022-01-14 11:15:29 - [TEST_STEP][PASSED] - setText(LOGN_EdtRdyPassword, "Shalawa18", 0): Text 'Shalawa18' has been set to element 'Object Repository/Mobile/Page/Login/Input Rdy - Password'

2022-01-14 11:15:29 - [MESSAGE][WARNING] - Timeout '0' is invalid. Using default page load timeout: '60'

2022-01-14 11:15:30 - [MESSAGE][PASSED] - Text 'Shalawa18' has been set to element 'Object Repository/Mobile/Page/Login/Input Rdy - Password'

2022-01-14 11:15:30 - [TEST_STEP][PASSED] - delay(1): Delayed 1 second(s)

2022-01-14 11:15:31 - [MESSAGE][PASSED] - Delayed 1 second(s)

2022-01-14 11:15:31 - [TEST_STEP][PASSED] - hideKeyboard(): Keyboard is hidden

2022-01-14 11:15:37 - [MESSAGE][PASSED] - Keyboard is hidden

2022-01-14 11:15:37 - [TEST_STEP][PASSED] - tap(LOGN_BtnLogin, 0): Tapped on element 'Object Repository/Mobile/Page/Login/Button - Login'

2022-01-14 11:15:37 - [MESSAGE][WARNING] - Timeout '0' is invalid. Using default page load timeout: '60'

2022-01-14 11:15:38 - [MESSAGE][PASSED] - Tapped on element 'Object Repository/Mobile/Page/Login/Button - Login'

2022-01-14 11:15:38 - [TEST_STEP][PASSED] - delay(2): Delayed 2 second(s)

2022-01-14 11:15:40 - [MESSAGE][PASSED] - Delayed 2 second(s)

2022-01-14 11:15:40 - [TEST_STEP][PASSED] - break: null

2022-01-14 11:15:40 - [MESSAGE][PASSED] - Call Test Case 'Test Cases/Mobile/Page/Login/Login' successfully

2022-01-14 11:15:40 - [MESSAGE][PASSED] - Call Test Case 'Test Cases/Mobile/Page/CheckLogin' successfully

2022-01-14 11:15:40 - [TEST_STEP][PASSED] - tap(HOME_MenubarPortfolio, 0): Tapped on element 'Object Repository/Mobile/Page/Home/Menubar - Portfolio'

2022-01-14 11:15:40 - [MESSAGE][WARNING] - Timeout '0' is invalid. Using default page load timeout: '60'

2022-01-14 11:15:42 - [MESSAGE][PASSED] - Tapped on element 'Object Repository/Mobile/Page/Home/Menubar - Portfolio'

2022-01-14 11:15:42 - [TEST_STEP][PASSED] - delay(1): Delayed 1 second(s)

2022-01-14 11:15:43 - [MESSAGE][PASSED] - Delayed 1 second(s)

2022-01-14 11:15:43 - [TEST_STEP][PASSED] - for ([i = 0, i < 1, (i++)]): scroll.scroll.scrollScreenBottomToTop is PASSED

2022-01-14 11:15:43 - [TEST_STEP][PASSED] - if (tab == "summary"): null

2022-01-14 11:15:43 - [TEST_STEP][PASSED] - else if (tab == "stock"): null

2022-01-14 11:15:43 - [TEST_STEP][PASSED] - else if (tab == "mutualfund"): scroll.scroll.scrollScreenBottomToTop is PASSED

2022-01-14 11:15:43 - [TEST_STEP][PASSED] - tap(PORT_TabMutualFund, 0): Tapped on element 'Object Repository/Mobile/Page/Portfolio/Tab - Mutual Fund'

2022-01-14 11:15:43 - [MESSAGE][WARNING] - Timeout '0' is invalid. Using default page load timeout: '60'

2022-01-14 11:15:44 - [MESSAGE][PASSED] - Tapped on element 'Object Repository/Mobile/Page/Portfolio/Tab - Mutual Fund'

2022-01-14 11:15:44 - [TEST_STEP][PASSED] - delay(1): Delayed 1 second(s)

2022-01-14 11:15:45 - [MESSAGE][PASSED] - Delayed 1 second(s)

2022-01-14 11:15:45 - [TEST_STEP][PASSED] - try: scroll.scroll.scrollScreenBottomToTop is PASSED

2022-01-14 11:15:45 - [TEST_STEP][PASSED] - tapAndHold(PORT_ItemTopMutualFund, 1, 10): Tapped and held on element 'Object Repository/Mobile/Page/Portfolio/Item - Top Mutual Fund' with duration 1

2022-01-14 11:15:48 - [MESSAGE][PASSED] - Tapped and held on element 'Object Repository/Mobile/Page/Portfolio/Item - Top Mutual Fund' with duration 1

2022-01-14 11:15:48 - [TEST_STEP][PASSED] - delay(2): Delayed 2 second(s)

2022-01-14 11:15:50 - [MESSAGE][PASSED] - Delayed 2 second(s)

2022-01-14 11:15:50 - [TEST_STEP][PASSED] - switch (action2): null

2022-01-14 11:15:50 - [TEST_STEP][PASSED] - delay(3): Delayed 3 second(s)

2022-01-14 11:15:53 - [MESSAGE][PASSED] - Delayed 3 second(s)

2022-01-14 11:15:53 - [TEST_STEP][PASSED] - scroll.scroll.scrollScreenBottomToTop(): scroll.scroll.scrollScreenBottomToTop is PASSED

2022-01-14 11:15:54 - [MESSAGE][PASSED] - Current device physical height is 1423

2022-01-14 11:15:54 - [MESSAGE][PASSED] - Current device physical width is 720

2022-01-14 11:15:55 - [MESSAGE][PASSED] - Swiped from 360,1,138 to 360,284

2022-01-14 11:15:55 - [MESSAGE][PASSED] - scroll.scroll.scrollScreenBottomToTop is PASSED

2022-01-14 11:15:55 - [MESSAGE][PASSED] - Call Test Case 'Test Cases/Mobile/Page/Portfolio/Portfolio' successfully

2022-01-14 11:15:55 - [TEST_STEP][PASSED] - callTestCase(findTestCase("Mobile/Page/Run App/Terminate App"), [:], STOP_ON_FAILURE): Call Test Case 'Test Cases/Mobile/Page/Run App/Terminate App' successfully

2022-01-14 11:15:55 - [TEST_CASE][PASSED] - Test Cases/Mobile/Page/Run App/Terminate App: Test Cases/Mobile/Page/Run App/Terminate App

2022-01-14 11:15:55 - [TEST_STEP][PASSED] - startApp.OpenApp.terminateApplication(): startApp.OpenApp.terminateApplication is PASSED

2022-01-14 11:15:58 - [MESSAGE][PASSED] - Delayed 3 second(s)

2022-01-14 11:15:59 - [MESSAGE][PASSED] - Current device physical width is 720

2022-01-14 11:15:59 - [MESSAGE][PASSED] - Current device physical height is 1423

2022-01-14 11:16:00 - [MESSAGE][PASSED] - Swiped from 360,853 to 360,142

2022-01-14 11:16:01 - [MESSAGE][PASSED] - Delayed 1 second(s)

2022-01-14 11:16:03 - [MESSAGE][PASSED] - Swiped from 360,853 to 360,142

2022-01-14 11:16:06 - [MESSAGE][PASSED] - Delayed 3 second(s)

2022-01-14 11:16:06 - [MESSAGE][PASSED] - startApp.OpenApp.terminateApplication is PASSED

2022-01-14 11:16:06 - [MESSAGE][PASSED] - Call Test Case 'Test Cases/Mobile/Page/Run App/Terminate App' successfully]]></system-out>
         <system-err><![CDATA[]]></system-err>
      </testcase>
      <testcase name="Test Cases/Mobile/Scenario/Portfolio/012 - Melihat list bond" time="59.29" classname="Test Cases/Mobile/Scenario/Portfolio/012 - Melihat list bond" status="PASSED">
         <system-out><![CDATA[2022-01-14 11:16:06 - [TEST_CASE][PASSED] - Test Cases/Mobile/Scenario/Portfolio/012 - Melihat list bond: Test Cases/Mobile/Scenario/Portfolio/012 - Melihat list bond

2022-01-14 11:16:06 - [TEST_STEP][PASSED] - callTestCase(findTestCase("Mobile/Page/Run App/Run App byID"), [:], STOP_ON_FAILURE): Call Test Case 'Test Cases/Mobile/Page/Run App/Run App byID' successfully

2022-01-14 11:16:07 - [TEST_CASE][PASSED] - Test Cases/Mobile/Page/Run App/Run App byID: Test Cases/Mobile/Page/Run App/Run App byID

2022-01-14 11:16:07 - [TEST_STEP][PASSED] - startApp.OpenApp.startApplication("id.co.miraeasset.sageclub"): startApp.OpenApp.startApplication is PASSED

2022-01-14 11:16:20 - [MESSAGE][PASSED] - Starting app with application ID: 'id.co.miraeasset.sageclub'

2022-01-14 11:16:20 - [MESSAGE][PASSED] - startApp.OpenApp.startApplication is PASSED

2022-01-14 11:16:20 - [MESSAGE][PASSED] - Call Test Case 'Test Cases/Mobile/Page/Run App/Run App byID' successfully

2022-01-14 11:16:20 - [TEST_STEP][PASSED] - callTestCase(findTestCase("Mobile/Page/Portfolio/Portfolio"), ["tab":"stock", "action":"none"], CONTINUE_ON_FAILURE): Call Test Case 'Test Cases/Mobile/Page/Portfolio/Portfolio' successfully

2022-01-14 11:16:20 - [TEST_CASE][PASSED] - Test Cases/Mobile/Page/Portfolio/Portfolio: Test Cases/Mobile/Page/Portfolio/Portfolio

2022-01-14 11:16:20 - [TEST_STEP][PASSED] - callTestCase(findTestCase("Mobile/Page/CheckLogin"), [:], CONTINUE_ON_FAILURE): Call Test Case 'Test Cases/Mobile/Page/CheckLogin' successfully

2022-01-14 11:16:20 - [TEST_CASE][PASSED] - Test Cases/Mobile/Page/CheckLogin: Test Cases/Mobile/Page/CheckLogin

2022-01-14 11:16:20 - [TEST_STEP][PASSED] - loginCheck = verifyElementExist(LOGN_BtnLogin, 5, CONTINUE_ON_FAILURE): Element 'Object Repository/Mobile/Page/Login/Button - Login' is exist

2022-01-14 11:16:22 - [MESSAGE][PASSED] - Element 'Object Repository/Mobile/Page/Login/Button - Login' is exist

2022-01-14 11:16:22 - [TEST_STEP][PASSED] - if (loginCheck): Call Test Case 'Test Cases/Mobile/Page/Login/Login' successfully

2022-01-14 11:16:22 - [TEST_STEP][PASSED] - callTestCase(findTestCase("Mobile/Page/Login/Login"), ["action":"username"], CONTINUE_ON_FAILURE): Call Test Case 'Test Cases/Mobile/Page/Login/Login' successfully

2022-01-14 11:16:22 - [TEST_CASE][PASSED] - Test Cases/Mobile/Page/Login/Login: Test Cases/Mobile/Page/Login/Login

2022-01-14 11:16:22 - [TEST_STEP][PASSED] - delay(2): Delayed 2 second(s)

2022-01-14 11:16:24 - [MESSAGE][PASSED] - Delayed 2 second(s)

2022-01-14 11:16:24 - [TEST_STEP][PASSED] - for ([i = 0, i < 1, (i++)]): null

2022-01-14 11:16:24 - [TEST_STEP][PASSED] - if (action == "username"): null

2022-01-14 11:16:24 - [TEST_STEP][PASSED] - tap(LOGN_EdtUserID, 0): Tapped on element 'Object Repository/Mobile/Page/Login/Input - UserID'

2022-01-14 11:16:25 - [MESSAGE][WARNING] - Timeout '0' is invalid. Using default page load timeout: '60'

2022-01-14 11:16:25 - [MESSAGE][PASSED] - Tapped on element 'Object Repository/Mobile/Page/Login/Input - UserID'

2022-01-14 11:16:25 - [TEST_STEP][PASSED] - delay(1): Delayed 1 second(s)

2022-01-14 11:16:26 - [MESSAGE][PASSED] - Delayed 1 second(s)

2022-01-14 11:16:26 - [TEST_STEP][PASSED] - setText(LOGN_EdtRdyUserID, "anggaaditya", 0): Text 'anggaaditya' has been set to element 'Object Repository/Mobile/Page/Login/Input Rdy - UserID'

2022-01-14 11:16:26 - [MESSAGE][WARNING] - Timeout '0' is invalid. Using default page load timeout: '60'

2022-01-14 11:16:27 - [MESSAGE][PASSED] - Text 'anggaaditya' has been set to element 'Object Repository/Mobile/Page/Login/Input Rdy - UserID'

2022-01-14 11:16:27 - [TEST_STEP][PASSED] - delay(1): Delayed 1 second(s)

2022-01-14 11:16:28 - [MESSAGE][PASSED] - Delayed 1 second(s)

2022-01-14 11:16:28 - [TEST_STEP][PASSED] - hideKeyboard(): Keyboard is hidden

2022-01-14 11:16:32 - [MESSAGE][PASSED] - Keyboard is hidden

2022-01-14 11:16:32 - [TEST_STEP][PASSED] - tap(LOGN_EdtPassword, 0): Tapped on element 'Object Repository/Mobile/Page/Login/Input - Password'

2022-01-14 11:16:32 - [MESSAGE][WARNING] - Timeout '0' is invalid. Using default page load timeout: '60'

2022-01-14 11:16:32 - [MESSAGE][PASSED] - Tapped on element 'Object Repository/Mobile/Page/Login/Input - Password'

2022-01-14 11:16:32 - [TEST_STEP][PASSED] - delay(1): Delayed 1 second(s)

2022-01-14 11:16:33 - [MESSAGE][PASSED] - Delayed 1 second(s)

2022-01-14 11:16:33 - [TEST_STEP][PASSED] - setText(LOGN_EdtRdyPassword, "Shalawa18", 0): Text 'Shalawa18' has been set to element 'Object Repository/Mobile/Page/Login/Input Rdy - Password'

2022-01-14 11:16:33 - [MESSAGE][WARNING] - Timeout '0' is invalid. Using default page load timeout: '60'

2022-01-14 11:16:34 - [MESSAGE][PASSED] - Text 'Shalawa18' has been set to element 'Object Repository/Mobile/Page/Login/Input Rdy - Password'

2022-01-14 11:16:34 - [TEST_STEP][PASSED] - delay(1): Delayed 1 second(s)

2022-01-14 11:16:35 - [MESSAGE][PASSED] - Delayed 1 second(s)

2022-01-14 11:16:35 - [TEST_STEP][PASSED] - hideKeyboard(): Keyboard is hidden

2022-01-14 11:16:42 - [MESSAGE][PASSED] - Keyboard is hidden

2022-01-14 11:16:42 - [TEST_STEP][PASSED] - tap(LOGN_BtnLogin, 0): Tapped on element 'Object Repository/Mobile/Page/Login/Button - Login'

2022-01-14 11:16:42 - [MESSAGE][WARNING] - Timeout '0' is invalid. Using default page load timeout: '60'

2022-01-14 11:16:43 - [MESSAGE][PASSED] - Tapped on element 'Object Repository/Mobile/Page/Login/Button - Login'

2022-01-14 11:16:43 - [TEST_STEP][PASSED] - delay(2): Delayed 2 second(s)

2022-01-14 11:16:45 - [MESSAGE][PASSED] - Delayed 2 second(s)

2022-01-14 11:16:45 - [TEST_STEP][PASSED] - break: null

2022-01-14 11:16:45 - [MESSAGE][PASSED] - Call Test Case 'Test Cases/Mobile/Page/Login/Login' successfully

2022-01-14 11:16:45 - [MESSAGE][PASSED] - Call Test Case 'Test Cases/Mobile/Page/CheckLogin' successfully

2022-01-14 11:16:45 - [TEST_STEP][PASSED] - tap(HOME_MenubarPortfolio, 0): Tapped on element 'Object Repository/Mobile/Page/Home/Menubar - Portfolio'

2022-01-14 11:16:45 - [MESSAGE][WARNING] - Timeout '0' is invalid. Using default page load timeout: '60'

2022-01-14 11:16:46 - [MESSAGE][PASSED] - Tapped on element 'Object Repository/Mobile/Page/Home/Menubar - Portfolio'

2022-01-14 11:16:46 - [TEST_STEP][PASSED] - delay(1): Delayed 1 second(s)

2022-01-14 11:16:47 - [MESSAGE][PASSED] - Delayed 1 second(s)

2022-01-14 11:16:47 - [TEST_STEP][PASSED] - for ([i = 0, i < 1, (i++)]): Delayed 3 second(s)

2022-01-14 11:16:47 - [TEST_STEP][PASSED] - if (tab == "summary"): null

2022-01-14 11:16:47 - [TEST_STEP][PASSED] - else if (tab == "stock"): Delayed 3 second(s)

2022-01-14 11:16:47 - [TEST_STEP][PASSED] - tap(PORT_TabStock, 0): Tapped on element 'Object Repository/Mobile/Page/Portfolio/Tab - Stock'

2022-01-14 11:16:47 - [MESSAGE][WARNING] - Timeout '0' is invalid. Using default page load timeout: '60'

2022-01-14 11:16:49 - [MESSAGE][PASSED] - Tapped on element 'Object Repository/Mobile/Page/Portfolio/Tab - Stock'

2022-01-14 11:16:49 - [TEST_STEP][PASSED] - scroll.scroll.scrollScreenBottomToTop(): scroll.scroll.scrollScreenBottomToTop is PASSED

2022-01-14 11:16:49 - [MESSAGE][PASSED] - Current device physical height is 1423

2022-01-14 11:16:50 - [MESSAGE][PASSED] - Current device physical width is 720

2022-01-14 11:16:51 - [MESSAGE][PASSED] - Swiped from 360,1,138 to 360,284

2022-01-14 11:16:51 - [MESSAGE][PASSED] - scroll.scroll.scrollScreenBottomToTop is PASSED

2022-01-14 11:16:51 - [TEST_STEP][PASSED] - delay(3): Delayed 3 second(s)

2022-01-14 11:16:54 - [MESSAGE][PASSED] - Delayed 3 second(s)

2022-01-14 11:16:54 - [MESSAGE][PASSED] - Call Test Case 'Test Cases/Mobile/Page/Portfolio/Portfolio' successfully

2022-01-14 11:16:54 - [TEST_STEP][PASSED] - callTestCase(findTestCase("Mobile/Page/Run App/Terminate App"), [:], STOP_ON_FAILURE): Call Test Case 'Test Cases/Mobile/Page/Run App/Terminate App' successfully

2022-01-14 11:16:54 - [TEST_CASE][PASSED] - Test Cases/Mobile/Page/Run App/Terminate App: Test Cases/Mobile/Page/Run App/Terminate App

2022-01-14 11:16:54 - [TEST_STEP][PASSED] - startApp.OpenApp.terminateApplication(): startApp.OpenApp.terminateApplication is PASSED

2022-01-14 11:16:58 - [MESSAGE][PASSED] - Delayed 3 second(s)

2022-01-14 11:16:58 - [MESSAGE][PASSED] - Current device physical width is 720

2022-01-14 11:16:58 - [MESSAGE][PASSED] - Current device physical height is 1423

2022-01-14 11:17:00 - [MESSAGE][PASSED] - Swiped from 360,853 to 360,142

2022-01-14 11:17:01 - [MESSAGE][PASSED] - Delayed 1 second(s)

2022-01-14 11:17:02 - [MESSAGE][PASSED] - Swiped from 360,853 to 360,142

2022-01-14 11:17:05 - [MESSAGE][PASSED] - Delayed 3 second(s)

2022-01-14 11:17:05 - [MESSAGE][PASSED] - startApp.OpenApp.terminateApplication is PASSED

2022-01-14 11:17:05 - [MESSAGE][PASSED] - Call Test Case 'Test Cases/Mobile/Page/Run App/Terminate App' successfully]]></system-out>
         <system-err><![CDATA[]]></system-err>
      </testcase>
      <testcase name="Test Cases/Mobile/Scenario/Portfolio/013 - Melihat detail mutual fund 1 month" time="67.159" classname="Test Cases/Mobile/Scenario/Portfolio/013 - Melihat detail mutual fund 1 month" status="PASSED">
         <system-out><![CDATA[2022-01-14 11:17:05 - [TEST_CASE][PASSED] - Test Cases/Mobile/Scenario/Portfolio/013 - Melihat detail mutual fund 1 month: Test Cases/Mobile/Scenario/Portfolio/013 - Melihat detail mutual fund 1 month

2022-01-14 11:17:06 - [TEST_STEP][PASSED] - callTestCase(findTestCase("Mobile/Page/Run App/Run App byID"), [:], STOP_ON_FAILURE): Call Test Case 'Test Cases/Mobile/Page/Run App/Run App byID' successfully

2022-01-14 11:17:06 - [TEST_CASE][PASSED] - Test Cases/Mobile/Page/Run App/Run App byID: Test Cases/Mobile/Page/Run App/Run App byID

2022-01-14 11:17:06 - [TEST_STEP][PASSED] - startApp.OpenApp.startApplication("id.co.miraeasset.sageclub"): startApp.OpenApp.startApplication is PASSED

2022-01-14 11:17:19 - [MESSAGE][PASSED] - Starting app with application ID: 'id.co.miraeasset.sageclub'

2022-01-14 11:17:19 - [MESSAGE][PASSED] - startApp.OpenApp.startApplication is PASSED

2022-01-14 11:17:19 - [MESSAGE][PASSED] - Call Test Case 'Test Cases/Mobile/Page/Run App/Run App byID' successfully

2022-01-14 11:17:19 - [TEST_STEP][PASSED] - callTestCase(findTestCase("Mobile/Page/Portfolio/Portfolio"), ["tab":"mutualfund", "action2":"1 month"], CONTINUE_ON_FAILURE): Call Test Case 'Test Cases/Mobile/Page/Portfolio/Portfolio' successfully

2022-01-14 11:17:19 - [TEST_CASE][PASSED] - Test Cases/Mobile/Page/Portfolio/Portfolio: Test Cases/Mobile/Page/Portfolio/Portfolio

2022-01-14 11:17:19 - [TEST_STEP][PASSED] - callTestCase(findTestCase("Mobile/Page/CheckLogin"), [:], CONTINUE_ON_FAILURE): Call Test Case 'Test Cases/Mobile/Page/CheckLogin' successfully

2022-01-14 11:17:19 - [TEST_CASE][PASSED] - Test Cases/Mobile/Page/CheckLogin: Test Cases/Mobile/Page/CheckLogin

2022-01-14 11:17:19 - [TEST_STEP][PASSED] - loginCheck = verifyElementExist(LOGN_BtnLogin, 5, CONTINUE_ON_FAILURE): Element 'Object Repository/Mobile/Page/Login/Button - Login' is exist

2022-01-14 11:17:22 - [MESSAGE][PASSED] - Element 'Object Repository/Mobile/Page/Login/Button - Login' is exist

2022-01-14 11:17:22 - [TEST_STEP][PASSED] - if (loginCheck): Call Test Case 'Test Cases/Mobile/Page/Login/Login' successfully

2022-01-14 11:17:22 - [TEST_STEP][PASSED] - callTestCase(findTestCase("Mobile/Page/Login/Login"), ["action":"username"], CONTINUE_ON_FAILURE): Call Test Case 'Test Cases/Mobile/Page/Login/Login' successfully

2022-01-14 11:17:22 - [TEST_CASE][PASSED] - Test Cases/Mobile/Page/Login/Login: Test Cases/Mobile/Page/Login/Login

2022-01-14 11:17:22 - [TEST_STEP][PASSED] - delay(2): Delayed 2 second(s)

2022-01-14 11:17:24 - [MESSAGE][PASSED] - Delayed 2 second(s)

2022-01-14 11:17:24 - [TEST_STEP][PASSED] - for ([i = 0, i < 1, (i++)]): null

2022-01-14 11:17:24 - [TEST_STEP][PASSED] - if (action == "username"): null

2022-01-14 11:17:24 - [TEST_STEP][PASSED] - tap(LOGN_EdtUserID, 0): Tapped on element 'Object Repository/Mobile/Page/Login/Input - UserID'

2022-01-14 11:17:24 - [MESSAGE][WARNING] - Timeout '0' is invalid. Using default page load timeout: '60'

2022-01-14 11:17:24 - [MESSAGE][PASSED] - Tapped on element 'Object Repository/Mobile/Page/Login/Input - UserID'

2022-01-14 11:17:24 - [TEST_STEP][PASSED] - delay(1): Delayed 1 second(s)

2022-01-14 11:17:25 - [MESSAGE][PASSED] - Delayed 1 second(s)

2022-01-14 11:17:25 - [TEST_STEP][PASSED] - setText(LOGN_EdtRdyUserID, "anggaaditya", 0): Text 'anggaaditya' has been set to element 'Object Repository/Mobile/Page/Login/Input Rdy - UserID'

2022-01-14 11:17:25 - [MESSAGE][WARNING] - Timeout '0' is invalid. Using default page load timeout: '60'

2022-01-14 11:17:26 - [MESSAGE][PASSED] - Text 'anggaaditya' has been set to element 'Object Repository/Mobile/Page/Login/Input Rdy - UserID'

2022-01-14 11:17:26 - [TEST_STEP][PASSED] - delay(1): Delayed 1 second(s)

2022-01-14 11:17:27 - [MESSAGE][PASSED] - Delayed 1 second(s)

2022-01-14 11:17:27 - [TEST_STEP][PASSED] - hideKeyboard(): Keyboard is hidden

2022-01-14 11:17:31 - [MESSAGE][PASSED] - Keyboard is hidden

2022-01-14 11:17:31 - [TEST_STEP][PASSED] - tap(LOGN_EdtPassword, 0): Tapped on element 'Object Repository/Mobile/Page/Login/Input - Password'

2022-01-14 11:17:31 - [MESSAGE][WARNING] - Timeout '0' is invalid. Using default page load timeout: '60'

2022-01-14 11:17:31 - [MESSAGE][PASSED] - Tapped on element 'Object Repository/Mobile/Page/Login/Input - Password'

2022-01-14 11:17:31 - [TEST_STEP][PASSED] - delay(1): Delayed 1 second(s)

2022-01-14 11:17:32 - [MESSAGE][PASSED] - Delayed 1 second(s)

2022-01-14 11:17:32 - [TEST_STEP][PASSED] - setText(LOGN_EdtRdyPassword, "Shalawa18", 0): Text 'Shalawa18' has been set to element 'Object Repository/Mobile/Page/Login/Input Rdy - Password'

2022-01-14 11:17:32 - [MESSAGE][WARNING] - Timeout '0' is invalid. Using default page load timeout: '60'

2022-01-14 11:17:33 - [MESSAGE][PASSED] - Text 'Shalawa18' has been set to element 'Object Repository/Mobile/Page/Login/Input Rdy - Password'

2022-01-14 11:17:33 - [TEST_STEP][PASSED] - delay(1): Delayed 1 second(s)

2022-01-14 11:17:34 - [MESSAGE][PASSED] - Delayed 1 second(s)

2022-01-14 11:17:34 - [TEST_STEP][PASSED] - hideKeyboard(): Keyboard is hidden

2022-01-14 11:17:40 - [MESSAGE][PASSED] - Keyboard is hidden

2022-01-14 11:17:40 - [TEST_STEP][PASSED] - tap(LOGN_BtnLogin, 0): Tapped on element 'Object Repository/Mobile/Page/Login/Button - Login'

2022-01-14 11:17:40 - [MESSAGE][WARNING] - Timeout '0' is invalid. Using default page load timeout: '60'

2022-01-14 11:17:42 - [MESSAGE][PASSED] - Tapped on element 'Object Repository/Mobile/Page/Login/Button - Login'

2022-01-14 11:17:42 - [TEST_STEP][PASSED] - delay(2): Delayed 2 second(s)

2022-01-14 11:17:44 - [MESSAGE][PASSED] - Delayed 2 second(s)

2022-01-14 11:17:44 - [TEST_STEP][PASSED] - break: null

2022-01-14 11:17:44 - [MESSAGE][PASSED] - Call Test Case 'Test Cases/Mobile/Page/Login/Login' successfully

2022-01-14 11:17:44 - [MESSAGE][PASSED] - Call Test Case 'Test Cases/Mobile/Page/CheckLogin' successfully

2022-01-14 11:17:44 - [TEST_STEP][PASSED] - tap(HOME_MenubarPortfolio, 0): Tapped on element 'Object Repository/Mobile/Page/Home/Menubar - Portfolio'

2022-01-14 11:17:44 - [MESSAGE][WARNING] - Timeout '0' is invalid. Using default page load timeout: '60'

2022-01-14 11:17:45 - [MESSAGE][PASSED] - Tapped on element 'Object Repository/Mobile/Page/Home/Menubar - Portfolio'

2022-01-14 11:17:45 - [TEST_STEP][PASSED] - delay(1): Delayed 1 second(s)

2022-01-14 11:17:46 - [MESSAGE][PASSED] - Delayed 1 second(s)

2022-01-14 11:17:46 - [TEST_STEP][PASSED] - for ([i = 0, i < 1, (i++)]): scroll.scroll.scrollScreenBottomToTop is PASSED

2022-01-14 11:17:46 - [TEST_STEP][PASSED] - if (tab == "summary"): null

2022-01-14 11:17:46 - [TEST_STEP][PASSED] - else if (tab == "stock"): null

2022-01-14 11:17:46 - [TEST_STEP][PASSED] - else if (tab == "mutualfund"): scroll.scroll.scrollScreenBottomToTop is PASSED

2022-01-14 11:17:46 - [TEST_STEP][PASSED] - tap(PORT_TabMutualFund, 0): Tapped on element 'Object Repository/Mobile/Page/Portfolio/Tab - Mutual Fund'

2022-01-14 11:17:46 - [MESSAGE][WARNING] - Timeout '0' is invalid. Using default page load timeout: '60'

2022-01-14 11:17:48 - [MESSAGE][PASSED] - Tapped on element 'Object Repository/Mobile/Page/Portfolio/Tab - Mutual Fund'

2022-01-14 11:17:48 - [TEST_STEP][PASSED] - delay(1): Delayed 1 second(s)

2022-01-14 11:17:49 - [MESSAGE][PASSED] - Delayed 1 second(s)

2022-01-14 11:17:49 - [TEST_STEP][PASSED] - try: scroll.scroll.scrollScreenBottomToTop is PASSED

2022-01-14 11:17:49 - [TEST_STEP][PASSED] - tapAndHold(PORT_ItemTopMutualFund, 1, 10): Tapped and held on element 'Object Repository/Mobile/Page/Portfolio/Item - Top Mutual Fund' with duration 1

2022-01-14 11:17:52 - [MESSAGE][PASSED] - Tapped and held on element 'Object Repository/Mobile/Page/Portfolio/Item - Top Mutual Fund' with duration 1

2022-01-14 11:17:52 - [TEST_STEP][PASSED] - delay(2): Delayed 2 second(s)

2022-01-14 11:17:54 - [MESSAGE][PASSED] - Delayed 2 second(s)

2022-01-14 11:17:54 - [TEST_STEP][PASSED] - switch (action2): null

2022-01-14 11:17:54 - [TEST_STEP][PASSED] - case "1 month":: null

2022-01-14 11:17:54 - [TEST_STEP][PASSED] - tapAndHold(PORT_DETL_Btn1Month, 1, 0): Tapped and held on element 'Object Repository/Mobile/Page/Portfolio/Detail Mutual Funds/Button - 1 Month' with duration 1

2022-01-14 11:17:54 - [MESSAGE][WARNING] - Timeout '0' is invalid. Using default page load timeout: '60'

2022-01-14 11:17:57 - [MESSAGE][PASSED] - Tapped and held on element 'Object Repository/Mobile/Page/Portfolio/Detail Mutual Funds/Button - 1 Month' with duration 1

2022-01-14 11:17:57 - [TEST_STEP][PASSED] - break: null

2022-01-14 11:17:57 - [TEST_STEP][PASSED] - delay(3): Delayed 3 second(s)

2022-01-14 11:18:00 - [MESSAGE][PASSED] - Delayed 3 second(s)

2022-01-14 11:18:00 - [TEST_STEP][PASSED] - scroll.scroll.scrollScreenBottomToTop(): scroll.scroll.scrollScreenBottomToTop is PASSED

2022-01-14 11:18:00 - [MESSAGE][PASSED] - Current device physical height is 1423

2022-01-14 11:18:00 - [MESSAGE][PASSED] - Current device physical width is 720

2022-01-14 11:18:02 - [MESSAGE][PASSED] - Swiped from 360,1,138 to 360,284

2022-01-14 11:18:02 - [MESSAGE][PASSED] - scroll.scroll.scrollScreenBottomToTop is PASSED

2022-01-14 11:18:02 - [MESSAGE][PASSED] - Call Test Case 'Test Cases/Mobile/Page/Portfolio/Portfolio' successfully

2022-01-14 11:18:02 - [TEST_STEP][PASSED] - callTestCase(findTestCase("Mobile/Page/Run App/Terminate App"), [:], STOP_ON_FAILURE): Call Test Case 'Test Cases/Mobile/Page/Run App/Terminate App' successfully

2022-01-14 11:18:02 - [TEST_CASE][PASSED] - Test Cases/Mobile/Page/Run App/Terminate App: Test Cases/Mobile/Page/Run App/Terminate App

2022-01-14 11:18:02 - [TEST_STEP][PASSED] - startApp.OpenApp.terminateApplication(): startApp.OpenApp.terminateApplication is PASSED

2022-01-14 11:18:05 - [MESSAGE][PASSED] - Delayed 3 second(s)

2022-01-14 11:18:05 - [MESSAGE][PASSED] - Current device physical width is 720

2022-01-14 11:18:05 - [MESSAGE][PASSED] - Current device physical height is 1423

2022-01-14 11:18:07 - [MESSAGE][PASSED] - Swiped from 360,853 to 360,142

2022-01-14 11:18:08 - [MESSAGE][PASSED] - Delayed 1 second(s)

2022-01-14 11:18:09 - [MESSAGE][PASSED] - Swiped from 360,853 to 360,142

2022-01-14 11:18:12 - [MESSAGE][PASSED] - Delayed 3 second(s)

2022-01-14 11:18:12 - [MESSAGE][PASSED] - startApp.OpenApp.terminateApplication is PASSED

2022-01-14 11:18:12 - [MESSAGE][PASSED] - Call Test Case 'Test Cases/Mobile/Page/Run App/Terminate App' successfully]]></system-out>
         <system-err><![CDATA[]]></system-err>
      </testcase>
      <testcase name="Test Cases/Mobile/Scenario/Portfolio/014 - Melihat detail mutual fund 3 month" time="79.181" classname="Test Cases/Mobile/Scenario/Portfolio/014 - Melihat detail mutual fund 3 month" status="PASSED">
         <system-out><![CDATA[2022-01-14 11:18:12 - [TEST_CASE][PASSED] - Test Cases/Mobile/Scenario/Portfolio/014 - Melihat detail mutual fund 3 month: Test Cases/Mobile/Scenario/Portfolio/014 - Melihat detail mutual fund 3 month

2022-01-14 11:18:13 - [TEST_STEP][PASSED] - callTestCase(findTestCase("Mobile/Page/Run App/Run App byID"), [:], STOP_ON_FAILURE): Call Test Case 'Test Cases/Mobile/Page/Run App/Run App byID' successfully

2022-01-14 11:18:13 - [TEST_CASE][PASSED] - Test Cases/Mobile/Page/Run App/Run App byID: Test Cases/Mobile/Page/Run App/Run App byID

2022-01-14 11:18:13 - [TEST_STEP][PASSED] - startApp.OpenApp.startApplication("id.co.miraeasset.sageclub"): startApp.OpenApp.startApplication is PASSED

2022-01-14 11:18:28 - [MESSAGE][PASSED] - Starting app with application ID: 'id.co.miraeasset.sageclub'

2022-01-14 11:18:28 - [MESSAGE][PASSED] - startApp.OpenApp.startApplication is PASSED

2022-01-14 11:18:28 - [MESSAGE][PASSED] - Call Test Case 'Test Cases/Mobile/Page/Run App/Run App byID' successfully

2022-01-14 11:18:28 - [TEST_STEP][PASSED] - callTestCase(findTestCase("Mobile/Page/Portfolio/Portfolio"), ["tab":"mutualfund", "action2":"3 month"], CONTINUE_ON_FAILURE): Call Test Case 'Test Cases/Mobile/Page/Portfolio/Portfolio' successfully

2022-01-14 11:18:28 - [TEST_CASE][PASSED] - Test Cases/Mobile/Page/Portfolio/Portfolio: Test Cases/Mobile/Page/Portfolio/Portfolio

2022-01-14 11:18:28 - [TEST_STEP][PASSED] - callTestCase(findTestCase("Mobile/Page/CheckLogin"), [:], CONTINUE_ON_FAILURE): Call Test Case 'Test Cases/Mobile/Page/CheckLogin' successfully

2022-01-14 11:18:29 - [TEST_CASE][PASSED] - Test Cases/Mobile/Page/CheckLogin: Test Cases/Mobile/Page/CheckLogin

2022-01-14 11:18:29 - [TEST_STEP][PASSED] - loginCheck = verifyElementExist(LOGN_BtnLogin, 5, CONTINUE_ON_FAILURE): Element 'Object Repository/Mobile/Page/Login/Button - Login' is exist

2022-01-14 11:18:31 - [MESSAGE][PASSED] - Element 'Object Repository/Mobile/Page/Login/Button - Login' is exist

2022-01-14 11:18:31 - [TEST_STEP][PASSED] - if (loginCheck): Call Test Case 'Test Cases/Mobile/Page/Login/Login' successfully

2022-01-14 11:18:31 - [TEST_STEP][PASSED] - callTestCase(findTestCase("Mobile/Page/Login/Login"), ["action":"username"], CONTINUE_ON_FAILURE): Call Test Case 'Test Cases/Mobile/Page/Login/Login' successfully

2022-01-14 11:18:31 - [TEST_CASE][PASSED] - Test Cases/Mobile/Page/Login/Login: Test Cases/Mobile/Page/Login/Login

2022-01-14 11:18:31 - [TEST_STEP][PASSED] - delay(2): Delayed 2 second(s)

2022-01-14 11:18:33 - [MESSAGE][PASSED] - Delayed 2 second(s)

2022-01-14 11:18:33 - [TEST_STEP][PASSED] - for ([i = 0, i < 1, (i++)]): null

2022-01-14 11:18:33 - [TEST_STEP][PASSED] - if (action == "username"): null

2022-01-14 11:18:33 - [TEST_STEP][PASSED] - tap(LOGN_EdtUserID, 0): Tapped on element 'Object Repository/Mobile/Page/Login/Input - UserID'

2022-01-14 11:18:33 - [MESSAGE][WARNING] - Timeout '0' is invalid. Using default page load timeout: '60'

2022-01-14 11:18:33 - [MESSAGE][PASSED] - Tapped on element 'Object Repository/Mobile/Page/Login/Input - UserID'

2022-01-14 11:18:33 - [TEST_STEP][PASSED] - delay(1): Delayed 1 second(s)

2022-01-14 11:18:34 - [MESSAGE][PASSED] - Delayed 1 second(s)

2022-01-14 11:18:34 - [TEST_STEP][PASSED] - setText(LOGN_EdtRdyUserID, "anggaaditya", 0): Text 'anggaaditya' has been set to element 'Object Repository/Mobile/Page/Login/Input Rdy - UserID'

2022-01-14 11:18:34 - [MESSAGE][WARNING] - Timeout '0' is invalid. Using default page load timeout: '60'

2022-01-14 11:18:35 - [MESSAGE][PASSED] - Text 'anggaaditya' has been set to element 'Object Repository/Mobile/Page/Login/Input Rdy - UserID'

2022-01-14 11:18:35 - [TEST_STEP][PASSED] - delay(1): Delayed 1 second(s)

2022-01-14 11:18:36 - [MESSAGE][PASSED] - Delayed 1 second(s)

2022-01-14 11:18:36 - [TEST_STEP][PASSED] - hideKeyboard(): Keyboard is hidden

2022-01-14 11:18:44 - [MESSAGE][PASSED] - Keyboard is hidden

2022-01-14 11:18:44 - [TEST_STEP][PASSED] - tap(LOGN_EdtPassword, 0): Tapped on element 'Object Repository/Mobile/Page/Login/Input - Password'

2022-01-14 11:18:44 - [MESSAGE][WARNING] - Timeout '0' is invalid. Using default page load timeout: '60'

2022-01-14 11:18:45 - [MESSAGE][PASSED] - Tapped on element 'Object Repository/Mobile/Page/Login/Input - Password'

2022-01-14 11:18:45 - [TEST_STEP][PASSED] - delay(1): Delayed 1 second(s)

2022-01-14 11:18:46 - [MESSAGE][PASSED] - Delayed 1 second(s)

2022-01-14 11:18:46 - [TEST_STEP][PASSED] - setText(LOGN_EdtRdyPassword, "Shalawa18", 0): Text 'Shalawa18' has been set to element 'Object Repository/Mobile/Page/Login/Input Rdy - Password'

2022-01-14 11:18:46 - [MESSAGE][WARNING] - Timeout '0' is invalid. Using default page load timeout: '60'

2022-01-14 11:18:47 - [MESSAGE][PASSED] - Text 'Shalawa18' has been set to element 'Object Repository/Mobile/Page/Login/Input Rdy - Password'

2022-01-14 11:18:47 - [TEST_STEP][PASSED] - delay(1): Delayed 1 second(s)

2022-01-14 11:18:48 - [MESSAGE][PASSED] - Delayed 1 second(s)

2022-01-14 11:18:48 - [TEST_STEP][PASSED] - hideKeyboard(): Keyboard is hidden

2022-01-14 11:18:58 - [MESSAGE][PASSED] - Keyboard is hidden

2022-01-14 11:18:58 - [TEST_STEP][PASSED] - tap(LOGN_BtnLogin, 0): Tapped on element 'Object Repository/Mobile/Page/Login/Button - Login'

2022-01-14 11:18:59 - [MESSAGE][WARNING] - Timeout '0' is invalid. Using default page load timeout: '60'

2022-01-14 11:18:59 - [MESSAGE][PASSED] - Tapped on element 'Object Repository/Mobile/Page/Login/Button - Login'

2022-01-14 11:18:59 - [TEST_STEP][PASSED] - delay(2): Delayed 2 second(s)

2022-01-14 11:19:01 - [MESSAGE][PASSED] - Delayed 2 second(s)

2022-01-14 11:19:01 - [TEST_STEP][PASSED] - break: null

2022-01-14 11:19:01 - [MESSAGE][PASSED] - Call Test Case 'Test Cases/Mobile/Page/Login/Login' successfully

2022-01-14 11:19:01 - [MESSAGE][PASSED] - Call Test Case 'Test Cases/Mobile/Page/CheckLogin' successfully

2022-01-14 11:19:01 - [TEST_STEP][PASSED] - tap(HOME_MenubarPortfolio, 0): Tapped on element 'Object Repository/Mobile/Page/Home/Menubar - Portfolio'

2022-01-14 11:19:01 - [MESSAGE][WARNING] - Timeout '0' is invalid. Using default page load timeout: '60'

2022-01-14 11:19:04 - [MESSAGE][PASSED] - Tapped on element 'Object Repository/Mobile/Page/Home/Menubar - Portfolio'

2022-01-14 11:19:04 - [TEST_STEP][PASSED] - delay(1): Delayed 1 second(s)

2022-01-14 11:19:05 - [MESSAGE][PASSED] - Delayed 1 second(s)

2022-01-14 11:19:05 - [TEST_STEP][PASSED] - for ([i = 0, i < 1, (i++)]): scroll.scroll.scrollScreenBottomToTop is PASSED

2022-01-14 11:19:05 - [TEST_STEP][PASSED] - if (tab == "summary"): null

2022-01-14 11:19:05 - [TEST_STEP][PASSED] - else if (tab == "stock"): null

2022-01-14 11:19:05 - [TEST_STEP][PASSED] - else if (tab == "mutualfund"): scroll.scroll.scrollScreenBottomToTop is PASSED

2022-01-14 11:19:05 - [TEST_STEP][PASSED] - tap(PORT_TabMutualFund, 0): Tapped on element 'Object Repository/Mobile/Page/Portfolio/Tab - Mutual Fund'

2022-01-14 11:19:05 - [MESSAGE][WARNING] - Timeout '0' is invalid. Using default page load timeout: '60'

2022-01-14 11:19:07 - [MESSAGE][PASSED] - Tapped on element 'Object Repository/Mobile/Page/Portfolio/Tab - Mutual Fund'

2022-01-14 11:19:07 - [TEST_STEP][PASSED] - delay(1): Delayed 1 second(s)

2022-01-14 11:19:08 - [MESSAGE][PASSED] - Delayed 1 second(s)

2022-01-14 11:19:08 - [TEST_STEP][PASSED] - try: scroll.scroll.scrollScreenBottomToTop is PASSED

2022-01-14 11:19:08 - [TEST_STEP][PASSED] - tapAndHold(PORT_ItemTopMutualFund, 1, 10): Tapped and held on element 'Object Repository/Mobile/Page/Portfolio/Item - Top Mutual Fund' with duration 1

2022-01-14 11:19:11 - [MESSAGE][PASSED] - Tapped and held on element 'Object Repository/Mobile/Page/Portfolio/Item - Top Mutual Fund' with duration 1

2022-01-14 11:19:11 - [TEST_STEP][PASSED] - delay(2): Delayed 2 second(s)

2022-01-14 11:19:13 - [MESSAGE][PASSED] - Delayed 2 second(s)

2022-01-14 11:19:13 - [TEST_STEP][PASSED] - switch (action2): null

2022-01-14 11:19:13 - [TEST_STEP][PASSED] - case "3 month":: null

2022-01-14 11:19:13 - [TEST_STEP][PASSED] - tapAndHold(PORT_DETL_Btn3Month, 1, 0): Tapped and held on element 'Object Repository/Mobile/Page/Portfolio/Detail Mutual Funds/Button - 3 Month' with duration 1

2022-01-14 11:19:13 - [MESSAGE][WARNING] - Timeout '0' is invalid. Using default page load timeout: '60'

2022-01-14 11:19:16 - [MESSAGE][PASSED] - Tapped and held on element 'Object Repository/Mobile/Page/Portfolio/Detail Mutual Funds/Button - 3 Month' with duration 1

2022-01-14 11:19:16 - [TEST_STEP][PASSED] - break: null

2022-01-14 11:19:16 - [TEST_STEP][PASSED] - delay(3): Delayed 3 second(s)

2022-01-14 11:19:19 - [MESSAGE][PASSED] - Delayed 3 second(s)

2022-01-14 11:19:19 - [TEST_STEP][PASSED] - scroll.scroll.scrollScreenBottomToTop(): scroll.scroll.scrollScreenBottomToTop is PASSED

2022-01-14 11:19:19 - [MESSAGE][PASSED] - Current device physical height is 1423

2022-01-14 11:19:20 - [MESSAGE][PASSED] - Current device physical width is 720

2022-01-14 11:19:21 - [MESSAGE][PASSED] - Swiped from 360,1,138 to 360,284

2022-01-14 11:19:21 - [MESSAGE][PASSED] - scroll.scroll.scrollScreenBottomToTop is PASSED

2022-01-14 11:19:21 - [MESSAGE][PASSED] - Call Test Case 'Test Cases/Mobile/Page/Portfolio/Portfolio' successfully

2022-01-14 11:19:21 - [TEST_STEP][PASSED] - callTestCase(findTestCase("Mobile/Page/Run App/Terminate App"), [:], STOP_ON_FAILURE): Call Test Case 'Test Cases/Mobile/Page/Run App/Terminate App' successfully

2022-01-14 11:19:21 - [TEST_CASE][PASSED] - Test Cases/Mobile/Page/Run App/Terminate App: Test Cases/Mobile/Page/Run App/Terminate App

2022-01-14 11:19:21 - [TEST_STEP][PASSED] - startApp.OpenApp.terminateApplication(): startApp.OpenApp.terminateApplication is PASSED

2022-01-14 11:19:24 - [MESSAGE][PASSED] - Delayed 3 second(s)

2022-01-14 11:19:24 - [MESSAGE][PASSED] - Current device physical width is 720

2022-01-14 11:19:25 - [MESSAGE][PASSED] - Current device physical height is 1423

2022-01-14 11:19:26 - [MESSAGE][PASSED] - Swiped from 360,853 to 360,142

2022-01-14 11:19:27 - [MESSAGE][PASSED] - Delayed 1 second(s)

2022-01-14 11:19:28 - [MESSAGE][PASSED] - Swiped from 360,853 to 360,142

2022-01-14 11:19:31 - [MESSAGE][PASSED] - Delayed 3 second(s)

2022-01-14 11:19:31 - [MESSAGE][PASSED] - startApp.OpenApp.terminateApplication is PASSED

2022-01-14 11:19:31 - [MESSAGE][PASSED] - Call Test Case 'Test Cases/Mobile/Page/Run App/Terminate App' successfully]]></system-out>
         <system-err><![CDATA[]]></system-err>
      </testcase>
      <testcase name="Test Cases/Mobile/Scenario/Portfolio/015 - Melihat detail mutual fund 6 month" time="85.443" classname="Test Cases/Mobile/Scenario/Portfolio/015 - Melihat detail mutual fund 6 month" status="PASSED">
         <system-out><![CDATA[2022-01-14 11:19:31 - [TEST_CASE][PASSED] - Test Cases/Mobile/Scenario/Portfolio/015 - Melihat detail mutual fund 6 month: Test Cases/Mobile/Scenario/Portfolio/015 - Melihat detail mutual fund 6 month

2022-01-14 11:19:32 - [TEST_STEP][PASSED] - callTestCase(findTestCase("Mobile/Page/Run App/Run App byID"), [:], STOP_ON_FAILURE): Call Test Case 'Test Cases/Mobile/Page/Run App/Run App byID' successfully

2022-01-14 11:19:32 - [TEST_CASE][PASSED] - Test Cases/Mobile/Page/Run App/Run App byID: Test Cases/Mobile/Page/Run App/Run App byID

2022-01-14 11:19:32 - [TEST_STEP][PASSED] - startApp.OpenApp.startApplication("id.co.miraeasset.sageclub"): startApp.OpenApp.startApplication is PASSED

2022-01-14 11:19:51 - [MESSAGE][PASSED] - Starting app with application ID: 'id.co.miraeasset.sageclub'

2022-01-14 11:19:51 - [MESSAGE][PASSED] - startApp.OpenApp.startApplication is PASSED

2022-01-14 11:19:51 - [MESSAGE][PASSED] - Call Test Case 'Test Cases/Mobile/Page/Run App/Run App byID' successfully

2022-01-14 11:19:51 - [TEST_STEP][PASSED] - callTestCase(findTestCase("Mobile/Page/Portfolio/Portfolio"), ["tab":"mutualfund", "action2":"6 month"], CONTINUE_ON_FAILURE): Call Test Case 'Test Cases/Mobile/Page/Portfolio/Portfolio' successfully

2022-01-14 11:19:51 - [TEST_CASE][PASSED] - Test Cases/Mobile/Page/Portfolio/Portfolio: Test Cases/Mobile/Page/Portfolio/Portfolio

2022-01-14 11:19:51 - [TEST_STEP][PASSED] - callTestCase(findTestCase("Mobile/Page/CheckLogin"), [:], CONTINUE_ON_FAILURE): Call Test Case 'Test Cases/Mobile/Page/CheckLogin' successfully

2022-01-14 11:19:51 - [TEST_CASE][PASSED] - Test Cases/Mobile/Page/CheckLogin: Test Cases/Mobile/Page/CheckLogin

2022-01-14 11:19:51 - [TEST_STEP][PASSED] - loginCheck = verifyElementExist(LOGN_BtnLogin, 5, CONTINUE_ON_FAILURE): Element 'Object Repository/Mobile/Page/Login/Button - Login' is exist

2022-01-14 11:19:55 - [MESSAGE][PASSED] - Element 'Object Repository/Mobile/Page/Login/Button - Login' is exist

2022-01-14 11:19:55 - [TEST_STEP][PASSED] - if (loginCheck): Call Test Case 'Test Cases/Mobile/Page/Login/Login' successfully

2022-01-14 11:19:55 - [TEST_STEP][PASSED] - callTestCase(findTestCase("Mobile/Page/Login/Login"), ["action":"username"], CONTINUE_ON_FAILURE): Call Test Case 'Test Cases/Mobile/Page/Login/Login' successfully

2022-01-14 11:19:55 - [TEST_CASE][PASSED] - Test Cases/Mobile/Page/Login/Login: Test Cases/Mobile/Page/Login/Login

2022-01-14 11:19:55 - [TEST_STEP][PASSED] - delay(2): Delayed 2 second(s)

2022-01-14 11:19:57 - [MESSAGE][PASSED] - Delayed 2 second(s)

2022-01-14 11:19:57 - [TEST_STEP][PASSED] - for ([i = 0, i < 1, (i++)]): null

2022-01-14 11:19:57 - [TEST_STEP][PASSED] - if (action == "username"): null

2022-01-14 11:19:57 - [TEST_STEP][PASSED] - tap(LOGN_EdtUserID, 0): Tapped on element 'Object Repository/Mobile/Page/Login/Input - UserID'

2022-01-14 11:19:57 - [MESSAGE][WARNING] - Timeout '0' is invalid. Using default page load timeout: '60'

2022-01-14 11:19:58 - [MESSAGE][PASSED] - Tapped on element 'Object Repository/Mobile/Page/Login/Input - UserID'

2022-01-14 11:19:58 - [TEST_STEP][PASSED] - delay(1): Delayed 1 second(s)

2022-01-14 11:19:59 - [MESSAGE][PASSED] - Delayed 1 second(s)

2022-01-14 11:19:59 - [TEST_STEP][PASSED] - setText(LOGN_EdtRdyUserID, "anggaaditya", 0): Text 'anggaaditya' has been set to element 'Object Repository/Mobile/Page/Login/Input Rdy - UserID'

2022-01-14 11:19:59 - [MESSAGE][WARNING] - Timeout '0' is invalid. Using default page load timeout: '60'

2022-01-14 11:20:00 - [MESSAGE][PASSED] - Text 'anggaaditya' has been set to element 'Object Repository/Mobile/Page/Login/Input Rdy - UserID'

2022-01-14 11:20:00 - [TEST_STEP][PASSED] - delay(1): Delayed 1 second(s)

2022-01-14 11:20:02 - [MESSAGE][PASSED] - Delayed 1 second(s)

2022-01-14 11:20:02 - [TEST_STEP][PASSED] - hideKeyboard(): Keyboard is hidden

2022-01-14 11:20:11 - [MESSAGE][PASSED] - Keyboard is hidden

2022-01-14 11:20:11 - [TEST_STEP][PASSED] - tap(LOGN_EdtPassword, 0): Tapped on element 'Object Repository/Mobile/Page/Login/Input - Password'

2022-01-14 11:20:11 - [MESSAGE][WARNING] - Timeout '0' is invalid. Using default page load timeout: '60'

2022-01-14 11:20:11 - [MESSAGE][PASSED] - Tapped on element 'Object Repository/Mobile/Page/Login/Input - Password'

2022-01-14 11:20:11 - [TEST_STEP][PASSED] - delay(1): Delayed 1 second(s)

2022-01-14 11:20:12 - [MESSAGE][PASSED] - Delayed 1 second(s)

2022-01-14 11:20:12 - [TEST_STEP][PASSED] - setText(LOGN_EdtRdyPassword, "Shalawa18", 0): Text 'Shalawa18' has been set to element 'Object Repository/Mobile/Page/Login/Input Rdy - Password'

2022-01-14 11:20:12 - [MESSAGE][WARNING] - Timeout '0' is invalid. Using default page load timeout: '60'

2022-01-14 11:20:13 - [MESSAGE][PASSED] - Text 'Shalawa18' has been set to element 'Object Repository/Mobile/Page/Login/Input Rdy - Password'

2022-01-14 11:20:13 - [TEST_STEP][PASSED] - delay(1): Delayed 1 second(s)

2022-01-14 11:20:14 - [MESSAGE][PASSED] - Delayed 1 second(s)

2022-01-14 11:20:14 - [TEST_STEP][PASSED] - hideKeyboard(): Keyboard is hidden

2022-01-14 11:20:26 - [MESSAGE][PASSED] - Keyboard is hidden

2022-01-14 11:20:26 - [TEST_STEP][PASSED] - tap(LOGN_BtnLogin, 0): Tapped on element 'Object Repository/Mobile/Page/Login/Button - Login'

2022-01-14 11:20:26 - [MESSAGE][WARNING] - Timeout '0' is invalid. Using default page load timeout: '60'

2022-01-14 11:20:26 - [MESSAGE][PASSED] - Tapped on element 'Object Repository/Mobile/Page/Login/Button - Login'

2022-01-14 11:20:26 - [TEST_STEP][PASSED] - delay(2): Delayed 2 second(s)

2022-01-14 11:20:28 - [MESSAGE][PASSED] - Delayed 2 second(s)

2022-01-14 11:20:28 - [TEST_STEP][PASSED] - break: null

2022-01-14 11:20:28 - [MESSAGE][PASSED] - Call Test Case 'Test Cases/Mobile/Page/Login/Login' successfully

2022-01-14 11:20:28 - [MESSAGE][PASSED] - Call Test Case 'Test Cases/Mobile/Page/CheckLogin' successfully

2022-01-14 11:20:28 - [TEST_STEP][PASSED] - tap(HOME_MenubarPortfolio, 0): Tapped on element 'Object Repository/Mobile/Page/Home/Menubar - Portfolio'

2022-01-14 11:20:28 - [MESSAGE][WARNING] - Timeout '0' is invalid. Using default page load timeout: '60'

2022-01-14 11:20:29 - [MESSAGE][PASSED] - Tapped on element 'Object Repository/Mobile/Page/Home/Menubar - Portfolio'

2022-01-14 11:20:29 - [TEST_STEP][PASSED] - delay(1): Delayed 1 second(s)

2022-01-14 11:20:30 - [MESSAGE][PASSED] - Delayed 1 second(s)

2022-01-14 11:20:30 - [TEST_STEP][PASSED] - for ([i = 0, i < 1, (i++)]): scroll.scroll.scrollScreenBottomToTop is PASSED

2022-01-14 11:20:30 - [TEST_STEP][PASSED] - if (tab == "summary"): null

2022-01-14 11:20:30 - [TEST_STEP][PASSED] - else if (tab == "stock"): null

2022-01-14 11:20:30 - [TEST_STEP][PASSED] - else if (tab == "mutualfund"): scroll.scroll.scrollScreenBottomToTop is PASSED

2022-01-14 11:20:31 - [TEST_STEP][PASSED] - tap(PORT_TabMutualFund, 0): Tapped on element 'Object Repository/Mobile/Page/Portfolio/Tab - Mutual Fund'

2022-01-14 11:20:31 - [MESSAGE][WARNING] - Timeout '0' is invalid. Using default page load timeout: '60'

2022-01-14 11:20:32 - [MESSAGE][PASSED] - Tapped on element 'Object Repository/Mobile/Page/Portfolio/Tab - Mutual Fund'

2022-01-14 11:20:32 - [TEST_STEP][PASSED] - delay(1): Delayed 1 second(s)

2022-01-14 11:20:33 - [MESSAGE][PASSED] - Delayed 1 second(s)

2022-01-14 11:20:33 - [TEST_STEP][PASSED] - try: scroll.scroll.scrollScreenBottomToTop is PASSED

2022-01-14 11:20:33 - [TEST_STEP][PASSED] - tapAndHold(PORT_ItemTopMutualFund, 1, 10): Tapped and held on element 'Object Repository/Mobile/Page/Portfolio/Item - Top Mutual Fund' with duration 1

2022-01-14 11:20:36 - [MESSAGE][PASSED] - Tapped and held on element 'Object Repository/Mobile/Page/Portfolio/Item - Top Mutual Fund' with duration 1

2022-01-14 11:20:36 - [TEST_STEP][PASSED] - delay(2): Delayed 2 second(s)

2022-01-14 11:20:38 - [MESSAGE][PASSED] - Delayed 2 second(s)

2022-01-14 11:20:38 - [TEST_STEP][PASSED] - switch (action2): null

2022-01-14 11:20:38 - [TEST_STEP][PASSED] - case "6 month":: null

2022-01-14 11:20:38 - [TEST_STEP][PASSED] - tapAndHold(PORT_DETL_Btn6Month, 1, 0): Tapped and held on element 'Object Repository/Mobile/Page/Portfolio/Detail Mutual Funds/Button - 6 Month' with duration 1

2022-01-14 11:20:38 - [MESSAGE][WARNING] - Timeout '0' is invalid. Using default page load timeout: '60'

2022-01-14 11:20:41 - [MESSAGE][PASSED] - Tapped and held on element 'Object Repository/Mobile/Page/Portfolio/Detail Mutual Funds/Button - 6 Month' with duration 1

2022-01-14 11:20:41 - [TEST_STEP][PASSED] - break: null

2022-01-14 11:20:41 - [TEST_STEP][PASSED] - delay(3): Delayed 3 second(s)

2022-01-14 11:20:44 - [MESSAGE][PASSED] - Delayed 3 second(s)

2022-01-14 11:20:44 - [TEST_STEP][PASSED] - scroll.scroll.scrollScreenBottomToTop(): scroll.scroll.scrollScreenBottomToTop is PASSED

2022-01-14 11:20:44 - [MESSAGE][PASSED] - Current device physical height is 1423

2022-01-14 11:20:45 - [MESSAGE][PASSED] - Current device physical width is 720

2022-01-14 11:20:46 - [MESSAGE][PASSED] - Swiped from 360,1,138 to 360,284

2022-01-14 11:20:46 - [MESSAGE][PASSED] - scroll.scroll.scrollScreenBottomToTop is PASSED

2022-01-14 11:20:46 - [MESSAGE][PASSED] - Call Test Case 'Test Cases/Mobile/Page/Portfolio/Portfolio' successfully

2022-01-14 11:20:46 - [TEST_STEP][PASSED] - callTestCase(findTestCase("Mobile/Page/Run App/Terminate App"), [:], STOP_ON_FAILURE): Call Test Case 'Test Cases/Mobile/Page/Run App/Terminate App' successfully

2022-01-14 11:20:46 - [TEST_CASE][PASSED] - Test Cases/Mobile/Page/Run App/Terminate App: Test Cases/Mobile/Page/Run App/Terminate App

2022-01-14 11:20:46 - [TEST_STEP][PASSED] - startApp.OpenApp.terminateApplication(): startApp.OpenApp.terminateApplication is PASSED

2022-01-14 11:20:49 - [MESSAGE][PASSED] - Delayed 3 second(s)

2022-01-14 11:20:50 - [MESSAGE][PASSED] - Current device physical width is 720

2022-01-14 11:20:50 - [MESSAGE][PASSED] - Current device physical height is 1423

2022-01-14 11:20:51 - [MESSAGE][PASSED] - Swiped from 360,853 to 360,142

2022-01-14 11:20:52 - [MESSAGE][PASSED] - Delayed 1 second(s)

2022-01-14 11:20:54 - [MESSAGE][PASSED] - Swiped from 360,853 to 360,142

2022-01-14 11:20:57 - [MESSAGE][PASSED] - Delayed 3 second(s)

2022-01-14 11:20:57 - [MESSAGE][PASSED] - startApp.OpenApp.terminateApplication is PASSED

2022-01-14 11:20:57 - [MESSAGE][PASSED] - Call Test Case 'Test Cases/Mobile/Page/Run App/Terminate App' successfully]]></system-out>
         <system-err><![CDATA[]]></system-err>
      </testcase>
      <testcase name="Test Cases/Mobile/Scenario/Portfolio/016 - Melihat detail mutual fund 1 year" time="77.802" classname="Test Cases/Mobile/Scenario/Portfolio/016 - Melihat detail mutual fund 1 year" status="PASSED">
         <system-out><![CDATA[2022-01-14 11:20:57 - [TEST_CASE][PASSED] - Test Cases/Mobile/Scenario/Portfolio/016 - Melihat detail mutual fund 1 year: Test Cases/Mobile/Scenario/Portfolio/016 - Melihat detail mutual fund 1 year

2022-01-14 11:20:58 - [TEST_STEP][PASSED] - callTestCase(findTestCase("Mobile/Page/Run App/Run App byID"), [:], STOP_ON_FAILURE): Call Test Case 'Test Cases/Mobile/Page/Run App/Run App byID' successfully

2022-01-14 11:20:58 - [TEST_CASE][PASSED] - Test Cases/Mobile/Page/Run App/Run App byID: Test Cases/Mobile/Page/Run App/Run App byID

2022-01-14 11:20:58 - [TEST_STEP][PASSED] - startApp.OpenApp.startApplication("id.co.miraeasset.sageclub"): startApp.OpenApp.startApplication is PASSED

2022-01-14 11:21:17 - [MESSAGE][PASSED] - Starting app with application ID: 'id.co.miraeasset.sageclub'

2022-01-14 11:21:17 - [MESSAGE][PASSED] - startApp.OpenApp.startApplication is PASSED

2022-01-14 11:21:17 - [MESSAGE][PASSED] - Call Test Case 'Test Cases/Mobile/Page/Run App/Run App byID' successfully

2022-01-14 11:21:17 - [TEST_STEP][PASSED] - callTestCase(findTestCase("Mobile/Page/Portfolio/Portfolio"), ["tab":"mutualfund", "action2":"1 year"], CONTINUE_ON_FAILURE): Call Test Case 'Test Cases/Mobile/Page/Portfolio/Portfolio' successfully

2022-01-14 11:21:17 - [TEST_CASE][PASSED] - Test Cases/Mobile/Page/Portfolio/Portfolio: Test Cases/Mobile/Page/Portfolio/Portfolio

2022-01-14 11:21:17 - [TEST_STEP][PASSED] - callTestCase(findTestCase("Mobile/Page/CheckLogin"), [:], CONTINUE_ON_FAILURE): Call Test Case 'Test Cases/Mobile/Page/CheckLogin' successfully

2022-01-14 11:21:17 - [TEST_CASE][PASSED] - Test Cases/Mobile/Page/CheckLogin: Test Cases/Mobile/Page/CheckLogin

2022-01-14 11:21:17 - [TEST_STEP][PASSED] - loginCheck = verifyElementExist(LOGN_BtnLogin, 5, CONTINUE_ON_FAILURE): Element 'Object Repository/Mobile/Page/Login/Button - Login' is exist

2022-01-14 11:21:19 - [MESSAGE][PASSED] - Element 'Object Repository/Mobile/Page/Login/Button - Login' is exist

2022-01-14 11:21:19 - [TEST_STEP][PASSED] - if (loginCheck): Call Test Case 'Test Cases/Mobile/Page/Login/Login' successfully

2022-01-14 11:21:19 - [TEST_STEP][PASSED] - callTestCase(findTestCase("Mobile/Page/Login/Login"), ["action":"username"], CONTINUE_ON_FAILURE): Call Test Case 'Test Cases/Mobile/Page/Login/Login' successfully

2022-01-14 11:21:19 - [TEST_CASE][PASSED] - Test Cases/Mobile/Page/Login/Login: Test Cases/Mobile/Page/Login/Login

2022-01-14 11:21:19 - [TEST_STEP][PASSED] - delay(2): Delayed 2 second(s)

2022-01-14 11:21:21 - [MESSAGE][PASSED] - Delayed 2 second(s)

2022-01-14 11:21:21 - [TEST_STEP][PASSED] - for ([i = 0, i < 1, (i++)]): null

2022-01-14 11:21:21 - [TEST_STEP][PASSED] - if (action == "username"): null

2022-01-14 11:21:21 - [TEST_STEP][PASSED] - tap(LOGN_EdtUserID, 0): Tapped on element 'Object Repository/Mobile/Page/Login/Input - UserID'

2022-01-14 11:21:21 - [MESSAGE][WARNING] - Timeout '0' is invalid. Using default page load timeout: '60'

2022-01-14 11:21:22 - [MESSAGE][PASSED] - Tapped on element 'Object Repository/Mobile/Page/Login/Input - UserID'

2022-01-14 11:21:22 - [TEST_STEP][PASSED] - delay(1): Delayed 1 second(s)

2022-01-14 11:21:23 - [MESSAGE][PASSED] - Delayed 1 second(s)

2022-01-14 11:21:23 - [TEST_STEP][PASSED] - setText(LOGN_EdtRdyUserID, "anggaaditya", 0): Text 'anggaaditya' has been set to element 'Object Repository/Mobile/Page/Login/Input Rdy - UserID'

2022-01-14 11:21:23 - [MESSAGE][WARNING] - Timeout '0' is invalid. Using default page load timeout: '60'

2022-01-14 11:21:24 - [MESSAGE][PASSED] - Text 'anggaaditya' has been set to element 'Object Repository/Mobile/Page/Login/Input Rdy - UserID'

2022-01-14 11:21:24 - [TEST_STEP][PASSED] - delay(1): Delayed 1 second(s)

2022-01-14 11:21:25 - [MESSAGE][PASSED] - Delayed 1 second(s)

2022-01-14 11:21:25 - [TEST_STEP][PASSED] - hideKeyboard(): Keyboard is hidden

2022-01-14 11:21:30 - [MESSAGE][PASSED] - Keyboard is hidden

2022-01-14 11:21:30 - [TEST_STEP][PASSED] - tap(LOGN_EdtPassword, 0): Tapped on element 'Object Repository/Mobile/Page/Login/Input - Password'

2022-01-14 11:21:30 - [MESSAGE][WARNING] - Timeout '0' is invalid. Using default page load timeout: '60'

2022-01-14 11:21:30 - [MESSAGE][PASSED] - Tapped on element 'Object Repository/Mobile/Page/Login/Input - Password'

2022-01-14 11:21:30 - [TEST_STEP][PASSED] - delay(1): Delayed 1 second(s)

2022-01-14 11:21:31 - [MESSAGE][PASSED] - Delayed 1 second(s)

2022-01-14 11:21:31 - [TEST_STEP][PASSED] - setText(LOGN_EdtRdyPassword, "Shalawa18", 0): Text 'Shalawa18' has been set to element 'Object Repository/Mobile/Page/Login/Input Rdy - Password'

2022-01-14 11:21:31 - [MESSAGE][WARNING] - Timeout '0' is invalid. Using default page load timeout: '60'

2022-01-14 11:21:32 - [MESSAGE][PASSED] - Text 'Shalawa18' has been set to element 'Object Repository/Mobile/Page/Login/Input Rdy - Password'

2022-01-14 11:21:32 - [TEST_STEP][PASSED] - delay(1): Delayed 1 second(s)

2022-01-14 11:21:33 - [MESSAGE][PASSED] - Delayed 1 second(s)

2022-01-14 11:21:33 - [TEST_STEP][PASSED] - hideKeyboard(): Keyboard is hidden

2022-01-14 11:21:43 - [MESSAGE][PASSED] - Keyboard is hidden

2022-01-14 11:21:43 - [TEST_STEP][PASSED] - tap(LOGN_BtnLogin, 0): Tapped on element 'Object Repository/Mobile/Page/Login/Button - Login'

2022-01-14 11:21:43 - [MESSAGE][WARNING] - Timeout '0' is invalid. Using default page load timeout: '60'

2022-01-14 11:21:44 - [MESSAGE][PASSED] - Tapped on element 'Object Repository/Mobile/Page/Login/Button - Login'

2022-01-14 11:21:44 - [TEST_STEP][PASSED] - delay(2): Delayed 2 second(s)

2022-01-14 11:21:46 - [MESSAGE][PASSED] - Delayed 2 second(s)

2022-01-14 11:21:46 - [TEST_STEP][PASSED] - break: null

2022-01-14 11:21:46 - [MESSAGE][PASSED] - Call Test Case 'Test Cases/Mobile/Page/Login/Login' successfully

2022-01-14 11:21:46 - [MESSAGE][PASSED] - Call Test Case 'Test Cases/Mobile/Page/CheckLogin' successfully

2022-01-14 11:21:46 - [TEST_STEP][PASSED] - tap(HOME_MenubarPortfolio, 0): Tapped on element 'Object Repository/Mobile/Page/Home/Menubar - Portfolio'

2022-01-14 11:21:46 - [MESSAGE][WARNING] - Timeout '0' is invalid. Using default page load timeout: '60'

2022-01-14 11:21:48 - [MESSAGE][PASSED] - Tapped on element 'Object Repository/Mobile/Page/Home/Menubar - Portfolio'

2022-01-14 11:21:48 - [TEST_STEP][PASSED] - delay(1): Delayed 1 second(s)

2022-01-14 11:21:49 - [MESSAGE][PASSED] - Delayed 1 second(s)

2022-01-14 11:21:49 - [TEST_STEP][PASSED] - for ([i = 0, i < 1, (i++)]): scroll.scroll.scrollScreenBottomToTop is PASSED

2022-01-14 11:21:49 - [TEST_STEP][PASSED] - if (tab == "summary"): null

2022-01-14 11:21:49 - [TEST_STEP][PASSED] - else if (tab == "stock"): null

2022-01-14 11:21:49 - [TEST_STEP][PASSED] - else if (tab == "mutualfund"): scroll.scroll.scrollScreenBottomToTop is PASSED

2022-01-14 11:21:49 - [TEST_STEP][PASSED] - tap(PORT_TabMutualFund, 0): Tapped on element 'Object Repository/Mobile/Page/Portfolio/Tab - Mutual Fund'

2022-01-14 11:21:49 - [MESSAGE][WARNING] - Timeout '0' is invalid. Using default page load timeout: '60'

2022-01-14 11:21:50 - [MESSAGE][PASSED] - Tapped on element 'Object Repository/Mobile/Page/Portfolio/Tab - Mutual Fund'

2022-01-14 11:21:50 - [TEST_STEP][PASSED] - delay(1): Delayed 1 second(s)

2022-01-14 11:21:51 - [MESSAGE][PASSED] - Delayed 1 second(s)

2022-01-14 11:21:51 - [TEST_STEP][PASSED] - try: scroll.scroll.scrollScreenBottomToTop is PASSED

2022-01-14 11:21:51 - [TEST_STEP][PASSED] - tapAndHold(PORT_ItemTopMutualFund, 1, 10): Tapped and held on element 'Object Repository/Mobile/Page/Portfolio/Item - Top Mutual Fund' with duration 1

2022-01-14 11:21:54 - [MESSAGE][PASSED] - Tapped and held on element 'Object Repository/Mobile/Page/Portfolio/Item - Top Mutual Fund' with duration 1

2022-01-14 11:21:54 - [TEST_STEP][PASSED] - delay(2): Delayed 2 second(s)

2022-01-14 11:21:56 - [MESSAGE][PASSED] - Delayed 2 second(s)

2022-01-14 11:21:56 - [TEST_STEP][PASSED] - switch (action2): null

2022-01-14 11:21:56 - [TEST_STEP][PASSED] - case "1 year":: null

2022-01-14 11:21:56 - [TEST_STEP][PASSED] - tapAndHold(PORT_DETL_Btn1Year, 1, 0): Tapped and held on element 'Object Repository/Mobile/Page/Portfolio/Detail Mutual Funds/Button - 1 Year' with duration 1

2022-01-14 11:21:56 - [MESSAGE][WARNING] - Timeout '0' is invalid. Using default page load timeout: '60'

2022-01-14 11:21:59 - [MESSAGE][PASSED] - Tapped and held on element 'Object Repository/Mobile/Page/Portfolio/Detail Mutual Funds/Button - 1 Year' with duration 1

2022-01-14 11:21:59 - [TEST_STEP][PASSED] - break: null

2022-01-14 11:21:59 - [TEST_STEP][PASSED] - delay(3): Delayed 3 second(s)

2022-01-14 11:22:02 - [MESSAGE][PASSED] - Delayed 3 second(s)

2022-01-14 11:22:02 - [TEST_STEP][PASSED] - scroll.scroll.scrollScreenBottomToTop(): scroll.scroll.scrollScreenBottomToTop is PASSED

2022-01-14 11:22:02 - [MESSAGE][PASSED] - Current device physical height is 1423

2022-01-14 11:22:03 - [MESSAGE][PASSED] - Current device physical width is 720

2022-01-14 11:22:04 - [MESSAGE][PASSED] - Swiped from 360,1,138 to 360,284

2022-01-14 11:22:04 - [MESSAGE][PASSED] - scroll.scroll.scrollScreenBottomToTop is PASSED

2022-01-14 11:22:04 - [MESSAGE][PASSED] - Call Test Case 'Test Cases/Mobile/Page/Portfolio/Portfolio' successfully

2022-01-14 11:22:04 - [TEST_STEP][PASSED] - callTestCase(findTestCase("Mobile/Page/Run App/Terminate App"), [:], STOP_ON_FAILURE): Call Test Case 'Test Cases/Mobile/Page/Run App/Terminate App' successfully

2022-01-14 11:22:04 - [TEST_CASE][PASSED] - Test Cases/Mobile/Page/Run App/Terminate App: Test Cases/Mobile/Page/Run App/Terminate App

2022-01-14 11:22:04 - [TEST_STEP][PASSED] - startApp.OpenApp.terminateApplication(): startApp.OpenApp.terminateApplication is PASSED

2022-01-14 11:22:07 - [MESSAGE][PASSED] - Delayed 3 second(s)

2022-01-14 11:22:08 - [MESSAGE][PASSED] - Current device physical width is 720

2022-01-14 11:22:08 - [MESSAGE][PASSED] - Current device physical height is 1423

2022-01-14 11:22:09 - [MESSAGE][PASSED] - Swiped from 360,853 to 360,142

2022-01-14 11:22:10 - [MESSAGE][PASSED] - Delayed 1 second(s)

2022-01-14 11:22:12 - [MESSAGE][PASSED] - Swiped from 360,853 to 360,142

2022-01-14 11:22:15 - [MESSAGE][PASSED] - Delayed 3 second(s)

2022-01-14 11:22:15 - [MESSAGE][PASSED] - startApp.OpenApp.terminateApplication is PASSED

2022-01-14 11:22:15 - [MESSAGE][PASSED] - Call Test Case 'Test Cases/Mobile/Page/Run App/Terminate App' successfully]]></system-out>
         <system-err><![CDATA[]]></system-err>
      </testcase>
      <testcase name="Test Cases/Mobile/Scenario/Portfolio/017 - Melihat detail mutual fund 3 year" time="69.931" classname="Test Cases/Mobile/Scenario/Portfolio/017 - Melihat detail mutual fund 3 year" status="PASSED">
         <system-out><![CDATA[2022-01-14 11:22:15 - [TEST_CASE][PASSED] - Test Cases/Mobile/Scenario/Portfolio/017 - Melihat detail mutual fund 3 year: Test Cases/Mobile/Scenario/Portfolio/017 - Melihat detail mutual fund 3 year

2022-01-14 11:22:15 - [TEST_STEP][PASSED] - callTestCase(findTestCase("Mobile/Page/Run App/Run App byID"), [:], STOP_ON_FAILURE): Call Test Case 'Test Cases/Mobile/Page/Run App/Run App byID' successfully

2022-01-14 11:22:15 - [TEST_CASE][PASSED] - Test Cases/Mobile/Page/Run App/Run App byID: Test Cases/Mobile/Page/Run App/Run App byID

2022-01-14 11:22:15 - [TEST_STEP][PASSED] - startApp.OpenApp.startApplication("id.co.miraeasset.sageclub"): startApp.OpenApp.startApplication is PASSED

2022-01-14 11:22:31 - [MESSAGE][PASSED] - Starting app with application ID: 'id.co.miraeasset.sageclub'

2022-01-14 11:22:31 - [MESSAGE][PASSED] - startApp.OpenApp.startApplication is PASSED

2022-01-14 11:22:31 - [MESSAGE][PASSED] - Call Test Case 'Test Cases/Mobile/Page/Run App/Run App byID' successfully

2022-01-14 11:22:31 - [TEST_STEP][PASSED] - callTestCase(findTestCase("Mobile/Page/Portfolio/Portfolio"), ["tab":"mutualfund", "action2":"3 year"], CONTINUE_ON_FAILURE): Call Test Case 'Test Cases/Mobile/Page/Portfolio/Portfolio' successfully

2022-01-14 11:22:31 - [TEST_CASE][PASSED] - Test Cases/Mobile/Page/Portfolio/Portfolio: Test Cases/Mobile/Page/Portfolio/Portfolio

2022-01-14 11:22:31 - [TEST_STEP][PASSED] - callTestCase(findTestCase("Mobile/Page/CheckLogin"), [:], CONTINUE_ON_FAILURE): Call Test Case 'Test Cases/Mobile/Page/CheckLogin' successfully

2022-01-14 11:22:31 - [TEST_CASE][PASSED] - Test Cases/Mobile/Page/CheckLogin: Test Cases/Mobile/Page/CheckLogin

2022-01-14 11:22:31 - [TEST_STEP][PASSED] - loginCheck = verifyElementExist(LOGN_BtnLogin, 5, CONTINUE_ON_FAILURE): Element 'Object Repository/Mobile/Page/Login/Button - Login' is exist

2022-01-14 11:22:33 - [MESSAGE][PASSED] - Element 'Object Repository/Mobile/Page/Login/Button - Login' is exist

2022-01-14 11:22:33 - [TEST_STEP][PASSED] - if (loginCheck): Call Test Case 'Test Cases/Mobile/Page/Login/Login' successfully

2022-01-14 11:22:33 - [TEST_STEP][PASSED] - callTestCase(findTestCase("Mobile/Page/Login/Login"), ["action":"username"], CONTINUE_ON_FAILURE): Call Test Case 'Test Cases/Mobile/Page/Login/Login' successfully

2022-01-14 11:22:34 - [TEST_CASE][PASSED] - Test Cases/Mobile/Page/Login/Login: Test Cases/Mobile/Page/Login/Login

2022-01-14 11:22:34 - [TEST_STEP][PASSED] - delay(2): Delayed 2 second(s)

2022-01-14 11:22:36 - [MESSAGE][PASSED] - Delayed 2 second(s)

2022-01-14 11:22:36 - [TEST_STEP][PASSED] - for ([i = 0, i < 1, (i++)]): null

2022-01-14 11:22:36 - [TEST_STEP][PASSED] - if (action == "username"): null

2022-01-14 11:22:36 - [TEST_STEP][PASSED] - tap(LOGN_EdtUserID, 0): Tapped on element 'Object Repository/Mobile/Page/Login/Input - UserID'

2022-01-14 11:22:36 - [MESSAGE][WARNING] - Timeout '0' is invalid. Using default page load timeout: '60'

2022-01-14 11:22:36 - [MESSAGE][PASSED] - Tapped on element 'Object Repository/Mobile/Page/Login/Input - UserID'

2022-01-14 11:22:36 - [TEST_STEP][PASSED] - delay(1): Delayed 1 second(s)

2022-01-14 11:22:37 - [MESSAGE][PASSED] - Delayed 1 second(s)

2022-01-14 11:22:37 - [TEST_STEP][PASSED] - setText(LOGN_EdtRdyUserID, "anggaaditya", 0): Text 'anggaaditya' has been set to element 'Object Repository/Mobile/Page/Login/Input Rdy - UserID'

2022-01-14 11:22:37 - [MESSAGE][WARNING] - Timeout '0' is invalid. Using default page load timeout: '60'

2022-01-14 11:22:38 - [MESSAGE][PASSED] - Text 'anggaaditya' has been set to element 'Object Repository/Mobile/Page/Login/Input Rdy - UserID'

2022-01-14 11:22:38 - [TEST_STEP][PASSED] - delay(1): Delayed 1 second(s)

2022-01-14 11:22:39 - [MESSAGE][PASSED] - Delayed 1 second(s)

2022-01-14 11:22:39 - [TEST_STEP][PASSED] - hideKeyboard(): Keyboard is hidden

2022-01-14 11:22:43 - [MESSAGE][PASSED] - Keyboard is hidden

2022-01-14 11:22:43 - [TEST_STEP][PASSED] - tap(LOGN_EdtPassword, 0): Tapped on element 'Object Repository/Mobile/Page/Login/Input - Password'

2022-01-14 11:22:43 - [MESSAGE][WARNING] - Timeout '0' is invalid. Using default page load timeout: '60'

2022-01-14 11:22:44 - [MESSAGE][PASSED] - Tapped on element 'Object Repository/Mobile/Page/Login/Input - Password'

2022-01-14 11:22:44 - [TEST_STEP][PASSED] - delay(1): Delayed 1 second(s)

2022-01-14 11:22:45 - [MESSAGE][PASSED] - Delayed 1 second(s)

2022-01-14 11:22:45 - [TEST_STEP][PASSED] - setText(LOGN_EdtRdyPassword, "Shalawa18", 0): Text 'Shalawa18' has been set to element 'Object Repository/Mobile/Page/Login/Input Rdy - Password'

2022-01-14 11:22:45 - [MESSAGE][WARNING] - Timeout '0' is invalid. Using default page load timeout: '60'

2022-01-14 11:22:46 - [MESSAGE][PASSED] - Text 'Shalawa18' has been set to element 'Object Repository/Mobile/Page/Login/Input Rdy - Password'

2022-01-14 11:22:46 - [TEST_STEP][PASSED] - delay(1): Delayed 1 second(s)

2022-01-14 11:22:47 - [MESSAGE][PASSED] - Delayed 1 second(s)

2022-01-14 11:22:47 - [TEST_STEP][PASSED] - hideKeyboard(): Keyboard is hidden

2022-01-14 11:22:53 - [MESSAGE][PASSED] - Keyboard is hidden

2022-01-14 11:22:53 - [TEST_STEP][PASSED] - tap(LOGN_BtnLogin, 0): Tapped on element 'Object Repository/Mobile/Page/Login/Button - Login'

2022-01-14 11:22:53 - [MESSAGE][WARNING] - Timeout '0' is invalid. Using default page load timeout: '60'

2022-01-14 11:22:55 - [MESSAGE][PASSED] - Tapped on element 'Object Repository/Mobile/Page/Login/Button - Login'

2022-01-14 11:22:55 - [TEST_STEP][PASSED] - delay(2): Delayed 2 second(s)

2022-01-14 11:22:57 - [MESSAGE][PASSED] - Delayed 2 second(s)

2022-01-14 11:22:57 - [TEST_STEP][PASSED] - break: null

2022-01-14 11:22:57 - [MESSAGE][PASSED] - Call Test Case 'Test Cases/Mobile/Page/Login/Login' successfully

2022-01-14 11:22:57 - [MESSAGE][PASSED] - Call Test Case 'Test Cases/Mobile/Page/CheckLogin' successfully

2022-01-14 11:22:57 - [TEST_STEP][PASSED] - tap(HOME_MenubarPortfolio, 0): Tapped on element 'Object Repository/Mobile/Page/Home/Menubar - Portfolio'

2022-01-14 11:22:57 - [MESSAGE][WARNING] - Timeout '0' is invalid. Using default page load timeout: '60'

2022-01-14 11:22:58 - [MESSAGE][PASSED] - Tapped on element 'Object Repository/Mobile/Page/Home/Menubar - Portfolio'

2022-01-14 11:22:58 - [TEST_STEP][PASSED] - delay(1): Delayed 1 second(s)

2022-01-14 11:22:59 - [MESSAGE][PASSED] - Delayed 1 second(s)

2022-01-14 11:22:59 - [TEST_STEP][PASSED] - for ([i = 0, i < 1, (i++)]): scroll.scroll.scrollScreenBottomToTop is PASSED

2022-01-14 11:22:59 - [TEST_STEP][PASSED] - if (tab == "summary"): null

2022-01-14 11:22:59 - [TEST_STEP][PASSED] - else if (tab == "stock"): null

2022-01-14 11:22:59 - [TEST_STEP][PASSED] - else if (tab == "mutualfund"): scroll.scroll.scrollScreenBottomToTop is PASSED

2022-01-14 11:22:59 - [TEST_STEP][PASSED] - tap(PORT_TabMutualFund, 0): Tapped on element 'Object Repository/Mobile/Page/Portfolio/Tab - Mutual Fund'

2022-01-14 11:22:59 - [MESSAGE][WARNING] - Timeout '0' is invalid. Using default page load timeout: '60'

2022-01-14 11:23:00 - [MESSAGE][PASSED] - Tapped on element 'Object Repository/Mobile/Page/Portfolio/Tab - Mutual Fund'

2022-01-14 11:23:00 - [TEST_STEP][PASSED] - delay(1): Delayed 1 second(s)

2022-01-14 11:23:01 - [MESSAGE][PASSED] - Delayed 1 second(s)

2022-01-14 11:23:01 - [TEST_STEP][PASSED] - try: scroll.scroll.scrollScreenBottomToTop is PASSED

2022-01-14 11:23:01 - [TEST_STEP][PASSED] - tapAndHold(PORT_ItemTopMutualFund, 1, 10): Tapped and held on element 'Object Repository/Mobile/Page/Portfolio/Item - Top Mutual Fund' with duration 1

2022-01-14 11:23:04 - [MESSAGE][PASSED] - Tapped and held on element 'Object Repository/Mobile/Page/Portfolio/Item - Top Mutual Fund' with duration 1

2022-01-14 11:23:04 - [TEST_STEP][PASSED] - delay(2): Delayed 2 second(s)

2022-01-14 11:23:06 - [MESSAGE][PASSED] - Delayed 2 second(s)

2022-01-14 11:23:06 - [TEST_STEP][PASSED] - switch (action2): null

2022-01-14 11:23:06 - [TEST_STEP][PASSED] - case "3 year":: null

2022-01-14 11:23:06 - [TEST_STEP][PASSED] - tapAndHold(PORT_DETL_Btn3Year, 1, 0): Tapped and held on element 'Object Repository/Mobile/Page/Portfolio/Detail Mutual Funds/Button - 3 Year' with duration 1

2022-01-14 11:23:06 - [MESSAGE][WARNING] - Timeout '0' is invalid. Using default page load timeout: '60'

2022-01-14 11:23:09 - [MESSAGE][PASSED] - Tapped and held on element 'Object Repository/Mobile/Page/Portfolio/Detail Mutual Funds/Button - 3 Year' with duration 1

2022-01-14 11:23:09 - [TEST_STEP][PASSED] - break: null

2022-01-14 11:23:09 - [TEST_STEP][PASSED] - delay(3): Delayed 3 second(s)

2022-01-14 11:23:12 - [MESSAGE][PASSED] - Delayed 3 second(s)

2022-01-14 11:23:12 - [TEST_STEP][PASSED] - scroll.scroll.scrollScreenBottomToTop(): scroll.scroll.scrollScreenBottomToTop is PASSED

2022-01-14 11:23:13 - [MESSAGE][PASSED] - Current device physical height is 1423

2022-01-14 11:23:13 - [MESSAGE][PASSED] - Current device physical width is 720

2022-01-14 11:23:14 - [MESSAGE][PASSED] - Swiped from 360,1,138 to 360,284

2022-01-14 11:23:14 - [MESSAGE][PASSED] - scroll.scroll.scrollScreenBottomToTop is PASSED

2022-01-14 11:23:14 - [MESSAGE][PASSED] - Call Test Case 'Test Cases/Mobile/Page/Portfolio/Portfolio' successfully

2022-01-14 11:23:14 - [TEST_STEP][PASSED] - callTestCase(findTestCase("Mobile/Page/Run App/Terminate App"), [:], STOP_ON_FAILURE): Call Test Case 'Test Cases/Mobile/Page/Run App/Terminate App' successfully

2022-01-14 11:23:14 - [TEST_CASE][PASSED] - Test Cases/Mobile/Page/Run App/Terminate App: Test Cases/Mobile/Page/Run App/Terminate App

2022-01-14 11:23:14 - [TEST_STEP][PASSED] - startApp.OpenApp.terminateApplication(): startApp.OpenApp.terminateApplication is PASSED

2022-01-14 11:23:17 - [MESSAGE][PASSED] - Delayed 3 second(s)

2022-01-14 11:23:18 - [MESSAGE][PASSED] - Current device physical width is 720

2022-01-14 11:23:18 - [MESSAGE][PASSED] - Current device physical height is 1423

2022-01-14 11:23:19 - [MESSAGE][PASSED] - Swiped from 360,853 to 360,142

2022-01-14 11:23:20 - [MESSAGE][PASSED] - Delayed 1 second(s)

2022-01-14 11:23:22 - [MESSAGE][PASSED] - Swiped from 360,853 to 360,142

2022-01-14 11:23:25 - [MESSAGE][PASSED] - Delayed 3 second(s)

2022-01-14 11:23:25 - [MESSAGE][PASSED] - startApp.OpenApp.terminateApplication is PASSED

2022-01-14 11:23:25 - [MESSAGE][PASSED] - Call Test Case 'Test Cases/Mobile/Page/Run App/Terminate App' successfully]]></system-out>
         <system-err><![CDATA[]]></system-err>
      </testcase>
      <testcase name="Test Cases/Mobile/Scenario/Portfolio/018 - Melihat detail mutual fund 5 year" time="74.507" classname="Test Cases/Mobile/Scenario/Portfolio/018 - Melihat detail mutual fund 5 year" status="PASSED">
         <system-out><![CDATA[2022-01-14 11:23:25 - [TEST_CASE][PASSED] - Test Cases/Mobile/Scenario/Portfolio/018 - Melihat detail mutual fund 5 year: Test Cases/Mobile/Scenario/Portfolio/018 - Melihat detail mutual fund 5 year

2022-01-14 11:23:25 - [TEST_STEP][PASSED] - callTestCase(findTestCase("Mobile/Page/Run App/Run App byID"), [:], STOP_ON_FAILURE): Call Test Case 'Test Cases/Mobile/Page/Run App/Run App byID' successfully

2022-01-14 11:23:25 - [TEST_CASE][PASSED] - Test Cases/Mobile/Page/Run App/Run App byID: Test Cases/Mobile/Page/Run App/Run App byID

2022-01-14 11:23:25 - [TEST_STEP][PASSED] - startApp.OpenApp.startApplication("id.co.miraeasset.sageclub"): startApp.OpenApp.startApplication is PASSED

2022-01-14 11:23:40 - [MESSAGE][PASSED] - Starting app with application ID: 'id.co.miraeasset.sageclub'

2022-01-14 11:23:40 - [MESSAGE][PASSED] - startApp.OpenApp.startApplication is PASSED

2022-01-14 11:23:40 - [MESSAGE][PASSED] - Call Test Case 'Test Cases/Mobile/Page/Run App/Run App byID' successfully

2022-01-14 11:23:40 - [TEST_STEP][PASSED] - callTestCase(findTestCase("Mobile/Page/Portfolio/Portfolio"), ["tab":"mutualfund", "action2":"5 year"], CONTINUE_ON_FAILURE): Call Test Case 'Test Cases/Mobile/Page/Portfolio/Portfolio' successfully

2022-01-14 11:23:40 - [TEST_CASE][PASSED] - Test Cases/Mobile/Page/Portfolio/Portfolio: Test Cases/Mobile/Page/Portfolio/Portfolio

2022-01-14 11:23:40 - [TEST_STEP][PASSED] - callTestCase(findTestCase("Mobile/Page/CheckLogin"), [:], CONTINUE_ON_FAILURE): Call Test Case 'Test Cases/Mobile/Page/CheckLogin' successfully

2022-01-14 11:23:40 - [TEST_CASE][PASSED] - Test Cases/Mobile/Page/CheckLogin: Test Cases/Mobile/Page/CheckLogin

2022-01-14 11:23:40 - [TEST_STEP][PASSED] - loginCheck = verifyElementExist(LOGN_BtnLogin, 5, CONTINUE_ON_FAILURE): Element 'Object Repository/Mobile/Page/Login/Button - Login' is exist

2022-01-14 11:23:42 - [MESSAGE][PASSED] - Element 'Object Repository/Mobile/Page/Login/Button - Login' is exist

2022-01-14 11:23:42 - [TEST_STEP][PASSED] - if (loginCheck): Call Test Case 'Test Cases/Mobile/Page/Login/Login' successfully

2022-01-14 11:23:42 - [TEST_STEP][PASSED] - callTestCase(findTestCase("Mobile/Page/Login/Login"), ["action":"username"], CONTINUE_ON_FAILURE): Call Test Case 'Test Cases/Mobile/Page/Login/Login' successfully

2022-01-14 11:23:42 - [TEST_CASE][PASSED] - Test Cases/Mobile/Page/Login/Login: Test Cases/Mobile/Page/Login/Login

2022-01-14 11:23:42 - [TEST_STEP][PASSED] - delay(2): Delayed 2 second(s)

2022-01-14 11:23:44 - [MESSAGE][PASSED] - Delayed 2 second(s)

2022-01-14 11:23:44 - [TEST_STEP][PASSED] - for ([i = 0, i < 1, (i++)]): null

2022-01-14 11:23:44 - [TEST_STEP][PASSED] - if (action == "username"): null

2022-01-14 11:23:44 - [TEST_STEP][PASSED] - tap(LOGN_EdtUserID, 0): Tapped on element 'Object Repository/Mobile/Page/Login/Input - UserID'

2022-01-14 11:23:44 - [MESSAGE][WARNING] - Timeout '0' is invalid. Using default page load timeout: '60'

2022-01-14 11:23:46 - [MESSAGE][PASSED] - Tapped on element 'Object Repository/Mobile/Page/Login/Input - UserID'

2022-01-14 11:23:46 - [TEST_STEP][PASSED] - delay(1): Delayed 1 second(s)

2022-01-14 11:23:47 - [MESSAGE][PASSED] - Delayed 1 second(s)

2022-01-14 11:23:47 - [TEST_STEP][PASSED] - setText(LOGN_EdtRdyUserID, "anggaaditya", 0): Text 'anggaaditya' has been set to element 'Object Repository/Mobile/Page/Login/Input Rdy - UserID'

2022-01-14 11:23:47 - [MESSAGE][WARNING] - Timeout '0' is invalid. Using default page load timeout: '60'

2022-01-14 11:23:48 - [MESSAGE][PASSED] - Text 'anggaaditya' has been set to element 'Object Repository/Mobile/Page/Login/Input Rdy - UserID'

2022-01-14 11:23:48 - [TEST_STEP][PASSED] - delay(1): Delayed 1 second(s)

2022-01-14 11:23:49 - [MESSAGE][PASSED] - Delayed 1 second(s)

2022-01-14 11:23:49 - [TEST_STEP][PASSED] - hideKeyboard(): Keyboard is hidden

2022-01-14 11:23:52 - [MESSAGE][PASSED] - Keyboard is hidden

2022-01-14 11:23:52 - [TEST_STEP][PASSED] - tap(LOGN_EdtPassword, 0): Tapped on element 'Object Repository/Mobile/Page/Login/Input - Password'

2022-01-14 11:23:52 - [MESSAGE][WARNING] - Timeout '0' is invalid. Using default page load timeout: '60'

2022-01-14 11:23:53 - [MESSAGE][PASSED] - Tapped on element 'Object Repository/Mobile/Page/Login/Input - Password'

2022-01-14 11:23:53 - [TEST_STEP][PASSED] - delay(1): Delayed 1 second(s)

2022-01-14 11:23:54 - [MESSAGE][PASSED] - Delayed 1 second(s)

2022-01-14 11:23:54 - [TEST_STEP][PASSED] - setText(LOGN_EdtRdyPassword, "Shalawa18", 0): Text 'Shalawa18' has been set to element 'Object Repository/Mobile/Page/Login/Input Rdy - Password'

2022-01-14 11:23:54 - [MESSAGE][WARNING] - Timeout '0' is invalid. Using default page load timeout: '60'

2022-01-14 11:23:55 - [MESSAGE][PASSED] - Text 'Shalawa18' has been set to element 'Object Repository/Mobile/Page/Login/Input Rdy - Password'

2022-01-14 11:23:55 - [TEST_STEP][PASSED] - delay(1): Delayed 1 second(s)

2022-01-14 11:23:56 - [MESSAGE][PASSED] - Delayed 1 second(s)

2022-01-14 11:23:56 - [TEST_STEP][PASSED] - hideKeyboard(): Keyboard is hidden

2022-01-14 11:24:06 - [MESSAGE][PASSED] - Keyboard is hidden

2022-01-14 11:24:06 - [TEST_STEP][PASSED] - tap(LOGN_BtnLogin, 0): Tapped on element 'Object Repository/Mobile/Page/Login/Button - Login'

2022-01-14 11:24:06 - [MESSAGE][WARNING] - Timeout '0' is invalid. Using default page load timeout: '60'

2022-01-14 11:24:07 - [MESSAGE][PASSED] - Tapped on element 'Object Repository/Mobile/Page/Login/Button - Login'

2022-01-14 11:24:07 - [TEST_STEP][PASSED] - delay(2): Delayed 2 second(s)

2022-01-14 11:24:09 - [MESSAGE][PASSED] - Delayed 2 second(s)

2022-01-14 11:24:09 - [TEST_STEP][PASSED] - break: null

2022-01-14 11:24:09 - [MESSAGE][PASSED] - Call Test Case 'Test Cases/Mobile/Page/Login/Login' successfully

2022-01-14 11:24:09 - [MESSAGE][PASSED] - Call Test Case 'Test Cases/Mobile/Page/CheckLogin' successfully

2022-01-14 11:24:09 - [TEST_STEP][PASSED] - tap(HOME_MenubarPortfolio, 0): Tapped on element 'Object Repository/Mobile/Page/Home/Menubar - Portfolio'

2022-01-14 11:24:09 - [MESSAGE][WARNING] - Timeout '0' is invalid. Using default page load timeout: '60'

2022-01-14 11:24:11 - [MESSAGE][PASSED] - Tapped on element 'Object Repository/Mobile/Page/Home/Menubar - Portfolio'

2022-01-14 11:24:11 - [TEST_STEP][PASSED] - delay(1): Delayed 1 second(s)

2022-01-14 11:24:12 - [MESSAGE][PASSED] - Delayed 1 second(s)

2022-01-14 11:24:12 - [TEST_STEP][PASSED] - for ([i = 0, i < 1, (i++)]): scroll.scroll.scrollScreenBottomToTop is PASSED

2022-01-14 11:24:12 - [TEST_STEP][PASSED] - if (tab == "summary"): null

2022-01-14 11:24:12 - [TEST_STEP][PASSED] - else if (tab == "stock"): null

2022-01-14 11:24:12 - [TEST_STEP][PASSED] - else if (tab == "mutualfund"): scroll.scroll.scrollScreenBottomToTop is PASSED

2022-01-14 11:24:12 - [TEST_STEP][PASSED] - tap(PORT_TabMutualFund, 0): Tapped on element 'Object Repository/Mobile/Page/Portfolio/Tab - Mutual Fund'

2022-01-14 11:24:12 - [MESSAGE][WARNING] - Timeout '0' is invalid. Using default page load timeout: '60'

2022-01-14 11:24:14 - [MESSAGE][PASSED] - Tapped on element 'Object Repository/Mobile/Page/Portfolio/Tab - Mutual Fund'

2022-01-14 11:24:14 - [TEST_STEP][PASSED] - delay(1): Delayed 1 second(s)

2022-01-14 11:24:15 - [MESSAGE][PASSED] - Delayed 1 second(s)

2022-01-14 11:24:15 - [TEST_STEP][PASSED] - try: scroll.scroll.scrollScreenBottomToTop is PASSED

2022-01-14 11:24:15 - [TEST_STEP][PASSED] - tapAndHold(PORT_ItemTopMutualFund, 1, 10): Tapped and held on element 'Object Repository/Mobile/Page/Portfolio/Item - Top Mutual Fund' with duration 1

2022-01-14 11:24:19 - [MESSAGE][PASSED] - Tapped and held on element 'Object Repository/Mobile/Page/Portfolio/Item - Top Mutual Fund' with duration 1

2022-01-14 11:24:19 - [TEST_STEP][PASSED] - delay(2): Delayed 2 second(s)

2022-01-14 11:24:21 - [MESSAGE][PASSED] - Delayed 2 second(s)

2022-01-14 11:24:21 - [TEST_STEP][PASSED] - switch (action2): null

2022-01-14 11:24:21 - [TEST_STEP][PASSED] - case "5 year":: null

2022-01-14 11:24:21 - [TEST_STEP][PASSED] - tapAndHold(PORT_DETL_Btn5Year, 1, 0): Tapped and held on element 'Object Repository/Mobile/Page/Portfolio/Detail Mutual Funds/Button - 5 Year' with duration 1

2022-01-14 11:24:21 - [MESSAGE][WARNING] - Timeout '0' is invalid. Using default page load timeout: '60'

2022-01-14 11:24:24 - [MESSAGE][PASSED] - Tapped and held on element 'Object Repository/Mobile/Page/Portfolio/Detail Mutual Funds/Button - 5 Year' with duration 1

2022-01-14 11:24:24 - [TEST_STEP][PASSED] - break: null

2022-01-14 11:24:24 - [TEST_STEP][PASSED] - delay(3): Delayed 3 second(s)

2022-01-14 11:24:27 - [MESSAGE][PASSED] - Delayed 3 second(s)

2022-01-14 11:24:27 - [TEST_STEP][PASSED] - scroll.scroll.scrollScreenBottomToTop(): scroll.scroll.scrollScreenBottomToTop is PASSED

2022-01-14 11:24:27 - [MESSAGE][PASSED] - Current device physical height is 1423

2022-01-14 11:24:27 - [MESSAGE][PASSED] - Current device physical width is 720

2022-01-14 11:24:28 - [MESSAGE][PASSED] - Swiped from 360,1,138 to 360,284

2022-01-14 11:24:28 - [MESSAGE][PASSED] - scroll.scroll.scrollScreenBottomToTop is PASSED

2022-01-14 11:24:28 - [MESSAGE][PASSED] - Call Test Case 'Test Cases/Mobile/Page/Portfolio/Portfolio' successfully

2022-01-14 11:24:28 - [TEST_STEP][PASSED] - callTestCase(findTestCase("Mobile/Page/Run App/Terminate App"), [:], STOP_ON_FAILURE): Call Test Case 'Test Cases/Mobile/Page/Run App/Terminate App' successfully

2022-01-14 11:24:29 - [TEST_CASE][PASSED] - Test Cases/Mobile/Page/Run App/Terminate App: Test Cases/Mobile/Page/Run App/Terminate App

2022-01-14 11:24:29 - [TEST_STEP][PASSED] - startApp.OpenApp.terminateApplication(): startApp.OpenApp.terminateApplication is PASSED

2022-01-14 11:24:32 - [MESSAGE][PASSED] - Delayed 3 second(s)

2022-01-14 11:24:32 - [MESSAGE][PASSED] - Current device physical width is 720

2022-01-14 11:24:32 - [MESSAGE][PASSED] - Current device physical height is 1423

2022-01-14 11:24:34 - [MESSAGE][PASSED] - Swiped from 360,853 to 360,142

2022-01-14 11:24:35 - [MESSAGE][PASSED] - Delayed 1 second(s)

2022-01-14 11:24:36 - [MESSAGE][PASSED] - Swiped from 360,853 to 360,142

2022-01-14 11:24:39 - [MESSAGE][PASSED] - Delayed 3 second(s)

2022-01-14 11:24:39 - [MESSAGE][PASSED] - startApp.OpenApp.terminateApplication is PASSED

2022-01-14 11:24:39 - [MESSAGE][PASSED] - Call Test Case 'Test Cases/Mobile/Page/Run App/Terminate App' successfully]]></system-out>
         <system-err><![CDATA[]]></system-err>
      </testcase>
      <testcase name="Test Cases/Mobile/Scenario/Portfolio/019 - Melihat detail mutual fund 10 year" time="80.561" classname="Test Cases/Mobile/Scenario/Portfolio/019 - Melihat detail mutual fund 10 year" status="PASSED">
         <system-out><![CDATA[2022-01-14 11:24:39 - [TEST_CASE][PASSED] - Test Cases/Mobile/Scenario/Portfolio/019 - Melihat detail mutual fund 10 year: Test Cases/Mobile/Scenario/Portfolio/019 - Melihat detail mutual fund 10 year

2022-01-14 11:24:40 - [TEST_STEP][PASSED] - callTestCase(findTestCase("Mobile/Page/Run App/Run App byID"), [:], STOP_ON_FAILURE): Call Test Case 'Test Cases/Mobile/Page/Run App/Run App byID' successfully

2022-01-14 11:24:40 - [TEST_CASE][PASSED] - Test Cases/Mobile/Page/Run App/Run App byID: Test Cases/Mobile/Page/Run App/Run App byID

2022-01-14 11:24:40 - [TEST_STEP][PASSED] - startApp.OpenApp.startApplication("id.co.miraeasset.sageclub"): startApp.OpenApp.startApplication is PASSED

2022-01-14 11:24:55 - [MESSAGE][PASSED] - Starting app with application ID: 'id.co.miraeasset.sageclub'

2022-01-14 11:24:55 - [MESSAGE][PASSED] - startApp.OpenApp.startApplication is PASSED

2022-01-14 11:24:55 - [MESSAGE][PASSED] - Call Test Case 'Test Cases/Mobile/Page/Run App/Run App byID' successfully

2022-01-14 11:24:55 - [TEST_STEP][PASSED] - callTestCase(findTestCase("Mobile/Page/Portfolio/Portfolio"), ["tab":"mutualfund", "action2":"10 year"], CONTINUE_ON_FAILURE): Call Test Case 'Test Cases/Mobile/Page/Portfolio/Portfolio' successfully

2022-01-14 11:24:55 - [TEST_CASE][PASSED] - Test Cases/Mobile/Page/Portfolio/Portfolio: Test Cases/Mobile/Page/Portfolio/Portfolio

2022-01-14 11:24:55 - [TEST_STEP][PASSED] - callTestCase(findTestCase("Mobile/Page/CheckLogin"), [:], CONTINUE_ON_FAILURE): Call Test Case 'Test Cases/Mobile/Page/CheckLogin' successfully

2022-01-14 11:24:55 - [TEST_CASE][PASSED] - Test Cases/Mobile/Page/CheckLogin: Test Cases/Mobile/Page/CheckLogin

2022-01-14 11:24:55 - [TEST_STEP][PASSED] - loginCheck = verifyElementExist(LOGN_BtnLogin, 5, CONTINUE_ON_FAILURE): Element 'Object Repository/Mobile/Page/Login/Button - Login' is exist

2022-01-14 11:24:57 - [MESSAGE][PASSED] - Element 'Object Repository/Mobile/Page/Login/Button - Login' is exist

2022-01-14 11:24:57 - [TEST_STEP][PASSED] - if (loginCheck): Call Test Case 'Test Cases/Mobile/Page/Login/Login' successfully

2022-01-14 11:24:57 - [TEST_STEP][PASSED] - callTestCase(findTestCase("Mobile/Page/Login/Login"), ["action":"username"], CONTINUE_ON_FAILURE): Call Test Case 'Test Cases/Mobile/Page/Login/Login' successfully

2022-01-14 11:24:57 - [TEST_CASE][PASSED] - Test Cases/Mobile/Page/Login/Login: Test Cases/Mobile/Page/Login/Login

2022-01-14 11:24:57 - [TEST_STEP][PASSED] - delay(2): Delayed 2 second(s)

2022-01-14 11:24:59 - [MESSAGE][PASSED] - Delayed 2 second(s)

2022-01-14 11:24:59 - [TEST_STEP][PASSED] - for ([i = 0, i < 1, (i++)]): null

2022-01-14 11:24:59 - [TEST_STEP][PASSED] - if (action == "username"): null

2022-01-14 11:24:59 - [TEST_STEP][PASSED] - tap(LOGN_EdtUserID, 0): Tapped on element 'Object Repository/Mobile/Page/Login/Input - UserID'

2022-01-14 11:24:59 - [MESSAGE][WARNING] - Timeout '0' is invalid. Using default page load timeout: '60'

2022-01-14 11:25:00 - [MESSAGE][PASSED] - Tapped on element 'Object Repository/Mobile/Page/Login/Input - UserID'

2022-01-14 11:25:00 - [TEST_STEP][PASSED] - delay(1): Delayed 1 second(s)

2022-01-14 11:25:01 - [MESSAGE][PASSED] - Delayed 1 second(s)

2022-01-14 11:25:01 - [TEST_STEP][PASSED] - setText(LOGN_EdtRdyUserID, "anggaaditya", 0): Text 'anggaaditya' has been set to element 'Object Repository/Mobile/Page/Login/Input Rdy - UserID'

2022-01-14 11:25:01 - [MESSAGE][WARNING] - Timeout '0' is invalid. Using default page load timeout: '60'

2022-01-14 11:25:02 - [MESSAGE][PASSED] - Text 'anggaaditya' has been set to element 'Object Repository/Mobile/Page/Login/Input Rdy - UserID'

2022-01-14 11:25:02 - [TEST_STEP][PASSED] - delay(1): Delayed 1 second(s)

2022-01-14 11:25:03 - [MESSAGE][PASSED] - Delayed 1 second(s)

2022-01-14 11:25:03 - [TEST_STEP][PASSED] - hideKeyboard(): Keyboard is hidden

2022-01-14 11:25:11 - [MESSAGE][PASSED] - Keyboard is hidden

2022-01-14 11:25:11 - [TEST_STEP][PASSED] - tap(LOGN_EdtPassword, 0): Tapped on element 'Object Repository/Mobile/Page/Login/Input - Password'

2022-01-14 11:25:11 - [MESSAGE][WARNING] - Timeout '0' is invalid. Using default page load timeout: '60'

2022-01-14 11:25:11 - [MESSAGE][PASSED] - Tapped on element 'Object Repository/Mobile/Page/Login/Input - Password'

2022-01-14 11:25:11 - [TEST_STEP][PASSED] - delay(1): Delayed 1 second(s)

2022-01-14 11:25:12 - [MESSAGE][PASSED] - Delayed 1 second(s)

2022-01-14 11:25:12 - [TEST_STEP][PASSED] - setText(LOGN_EdtRdyPassword, "Shalawa18", 0): Text 'Shalawa18' has been set to element 'Object Repository/Mobile/Page/Login/Input Rdy - Password'

2022-01-14 11:25:12 - [MESSAGE][WARNING] - Timeout '0' is invalid. Using default page load timeout: '60'

2022-01-14 11:25:13 - [MESSAGE][PASSED] - Text 'Shalawa18' has been set to element 'Object Repository/Mobile/Page/Login/Input Rdy - Password'

2022-01-14 11:25:13 - [TEST_STEP][PASSED] - delay(1): Delayed 1 second(s)

2022-01-14 11:25:14 - [MESSAGE][PASSED] - Delayed 1 second(s)

2022-01-14 11:25:14 - [TEST_STEP][PASSED] - hideKeyboard(): Keyboard is hidden

2022-01-14 11:25:21 - [MESSAGE][PASSED] - Keyboard is hidden

2022-01-14 11:25:21 - [TEST_STEP][PASSED] - tap(LOGN_BtnLogin, 0): Tapped on element 'Object Repository/Mobile/Page/Login/Button - Login'

2022-01-14 11:25:21 - [MESSAGE][WARNING] - Timeout '0' is invalid. Using default page load timeout: '60'

2022-01-14 11:25:22 - [MESSAGE][PASSED] - Tapped on element 'Object Repository/Mobile/Page/Login/Button - Login'

2022-01-14 11:25:22 - [TEST_STEP][PASSED] - delay(2): Delayed 2 second(s)

2022-01-14 11:25:24 - [MESSAGE][PASSED] - Delayed 2 second(s)

2022-01-14 11:25:24 - [TEST_STEP][PASSED] - break: null

2022-01-14 11:25:24 - [MESSAGE][PASSED] - Call Test Case 'Test Cases/Mobile/Page/Login/Login' successfully

2022-01-14 11:25:24 - [MESSAGE][PASSED] - Call Test Case 'Test Cases/Mobile/Page/CheckLogin' successfully

2022-01-14 11:25:24 - [TEST_STEP][PASSED] - tap(HOME_MenubarPortfolio, 0): Tapped on element 'Object Repository/Mobile/Page/Home/Menubar - Portfolio'

2022-01-14 11:25:24 - [MESSAGE][WARNING] - Timeout '0' is invalid. Using default page load timeout: '60'

2022-01-14 11:25:33 - [MESSAGE][PASSED] - Tapped on element 'Object Repository/Mobile/Page/Home/Menubar - Portfolio'

2022-01-14 11:25:33 - [TEST_STEP][PASSED] - delay(1): Delayed 1 second(s)

2022-01-14 11:25:34 - [MESSAGE][PASSED] - Delayed 1 second(s)

2022-01-14 11:25:34 - [TEST_STEP][PASSED] - for ([i = 0, i < 1, (i++)]): scroll.scroll.scrollScreenBottomToTop is PASSED

2022-01-14 11:25:34 - [TEST_STEP][PASSED] - if (tab == "summary"): null

2022-01-14 11:25:34 - [TEST_STEP][PASSED] - else if (tab == "stock"): null

2022-01-14 11:25:34 - [TEST_STEP][PASSED] - else if (tab == "mutualfund"): scroll.scroll.scrollScreenBottomToTop is PASSED

2022-01-14 11:25:34 - [TEST_STEP][PASSED] - tap(PORT_TabMutualFund, 0): Tapped on element 'Object Repository/Mobile/Page/Portfolio/Tab - Mutual Fund'

2022-01-14 11:25:34 - [MESSAGE][WARNING] - Timeout '0' is invalid. Using default page load timeout: '60'

2022-01-14 11:25:36 - [MESSAGE][PASSED] - Tapped on element 'Object Repository/Mobile/Page/Portfolio/Tab - Mutual Fund'

2022-01-14 11:25:36 - [TEST_STEP][PASSED] - delay(1): Delayed 1 second(s)

2022-01-14 11:25:37 - [MESSAGE][PASSED] - Delayed 1 second(s)

2022-01-14 11:25:37 - [TEST_STEP][PASSED] - try: scroll.scroll.scrollScreenBottomToTop is PASSED

2022-01-14 11:25:37 - [TEST_STEP][PASSED] - tapAndHold(PORT_ItemTopMutualFund, 1, 10): Tapped and held on element 'Object Repository/Mobile/Page/Portfolio/Item - Top Mutual Fund' with duration 1

2022-01-14 11:25:39 - [MESSAGE][PASSED] - Tapped and held on element 'Object Repository/Mobile/Page/Portfolio/Item - Top Mutual Fund' with duration 1

2022-01-14 11:25:39 - [TEST_STEP][PASSED] - delay(2): Delayed 2 second(s)

2022-01-14 11:25:41 - [MESSAGE][PASSED] - Delayed 2 second(s)

2022-01-14 11:25:41 - [TEST_STEP][PASSED] - switch (action2): null

2022-01-14 11:25:41 - [TEST_STEP][PASSED] - case "10 year":: null

2022-01-14 11:25:41 - [TEST_STEP][PASSED] - tapAndHold(PORT_DETL_Btn10Year, 1, 0): Tapped and held on element 'Object Repository/Mobile/Page/Portfolio/Detail Mutual Funds/Button - 10 Year' with duration 1

2022-01-14 11:25:41 - [MESSAGE][WARNING] - Timeout '0' is invalid. Using default page load timeout: '60'

2022-01-14 11:25:44 - [MESSAGE][PASSED] - Tapped and held on element 'Object Repository/Mobile/Page/Portfolio/Detail Mutual Funds/Button - 10 Year' with duration 1

2022-01-14 11:25:44 - [TEST_STEP][PASSED] - break: null

2022-01-14 11:25:44 - [TEST_STEP][PASSED] - delay(3): Delayed 3 second(s)

2022-01-14 11:25:47 - [MESSAGE][PASSED] - Delayed 3 second(s)

2022-01-14 11:25:47 - [TEST_STEP][PASSED] - scroll.scroll.scrollScreenBottomToTop(): scroll.scroll.scrollScreenBottomToTop is PASSED

2022-01-14 11:25:48 - [MESSAGE][PASSED] - Current device physical height is 1423

2022-01-14 11:25:48 - [MESSAGE][PASSED] - Current device physical width is 720

2022-01-14 11:25:49 - [MESSAGE][PASSED] - Swiped from 360,1,138 to 360,284

2022-01-14 11:25:49 - [MESSAGE][PASSED] - scroll.scroll.scrollScreenBottomToTop is PASSED

2022-01-14 11:25:49 - [MESSAGE][PASSED] - Call Test Case 'Test Cases/Mobile/Page/Portfolio/Portfolio' successfully

2022-01-14 11:25:49 - [TEST_STEP][PASSED] - callTestCase(findTestCase("Mobile/Page/Run App/Terminate App"), [:], STOP_ON_FAILURE): Call Test Case 'Test Cases/Mobile/Page/Run App/Terminate App' successfully

2022-01-14 11:25:49 - [TEST_CASE][PASSED] - Test Cases/Mobile/Page/Run App/Terminate App: Test Cases/Mobile/Page/Run App/Terminate App

2022-01-14 11:25:49 - [TEST_STEP][PASSED] - startApp.OpenApp.terminateApplication(): startApp.OpenApp.terminateApplication is PASSED

2022-01-14 11:25:52 - [MESSAGE][PASSED] - Delayed 3 second(s)

2022-01-14 11:25:53 - [MESSAGE][PASSED] - Current device physical width is 720

2022-01-14 11:25:53 - [MESSAGE][PASSED] - Current device physical height is 1423

2022-01-14 11:25:54 - [MESSAGE][PASSED] - Swiped from 360,853 to 360,142

2022-01-14 11:25:55 - [MESSAGE][PASSED] - Delayed 1 second(s)

2022-01-14 11:25:57 - [MESSAGE][PASSED] - Swiped from 360,853 to 360,142

2022-01-14 11:26:00 - [MESSAGE][PASSED] - Delayed 3 second(s)

2022-01-14 11:26:00 - [MESSAGE][PASSED] - startApp.OpenApp.terminateApplication is PASSED

2022-01-14 11:26:00 - [MESSAGE][PASSED] - Call Test Case 'Test Cases/Mobile/Page/Run App/Terminate App' successfully]]></system-out>
         <system-err><![CDATA[]]></system-err>
      </testcase>
      <system-out><![CDATA[2022-01-14 11:03:49 - [TEST_SUITE][PASSED] - portfolio: Test Cases/Mobile/Scenario/Portfolio/019 - Melihat detail mutual fund 10 year]]></system-out>
      <system-err><![CDATA[]]></system-err>
   </testsuite>
</testsuites>
