<?xml version="1.0" encoding="UTF-8"?>
<testsuites name="news" time="481.313" tests="5" failures="0" skips="0" errors="0">
   <testsuite name="news" tests="5" failures="0" errors="0" time="481.313" skips="0" timestamp="2022-02-18 15:26:32" hostname="Owner - aldy-tft" id="Test Suites/news">
      <properties>
         <property name="deviceName" value="samsung SM-A205F (Android 11)"/>
         <property name="devicePlatform" value=""/>
         <property name="logFolder" value="C:\\Users\\Owner\\Documents\\kerjaan\\KatalonProject\\qa_katalon_pwm\\qa_katalon_pwm\\Reports\\20220218_144354\\news\\20220218_144419"/>
         <property name="logFiles" value="C:\\Users\\Owner\\Documents\\kerjaan\\KatalonProject\\qa_katalon_pwm\\qa_katalon_pwm\\Reports\\20220218_144354\\news\\20220218_144419\\appium.log, C:\\Users\\Owner\\Documents\\kerjaan\\KatalonProject\\qa_katalon_pwm\\qa_katalon_pwm\\Reports\\20220218_144354\\news\\20220218_144419\\execution0.log"/>
         <property name="attachments" value=""/>
         <property name="hostName" value="Owner - aldy-tft"/>
         <property name="os" value="Windows 10 64bit"/>
         <property name="appiumServerStatus" value="{&quot;value&quot;:{&quot;build&quot;:{&quot;version&quot;:&quot;1.22.0&quot;}},&quot;sessionId&quot;:null,&quot;status&quot;:0}"/>
         <property name="katalonVersion" value="7.9.1.208"/>
         <property name="deviceOS" value="Android"/>
         <property name="appiumVersion" value="1.22.0"/>
         <property name="deviceModel" value="SM-A205F"/>
         <property name="hostAddress" value="192.168.100.8"/>
         <property name="deviceManufacturer" value="samsung"/>
         <property name="deviceId" value="RR8M40C9AXE"/>
         <property name="deviceName" value="samsung SM-A205F (Android 11)"/>
         <property name="deviceOSVersion" value="11"/>
      </properties>
      <testcase name="Test Cases/Mobile/Scenario/News/001 - News World Indices" time="170.653" classname="Test Cases/Mobile/Scenario/News/001 - News World Indices" status="PASSED">
         <system-out><![CDATA[2022-02-18 15:26:35 - [TEST_CASE][PASSED] - Test Cases/Mobile/Scenario/News/001 - News World Indices: Test Cases/Mobile/Scenario/News/001 - News World Indices

2022-02-18 15:26:37 - [TEST_STEP][PASSED] - callTestCase(findTestCase("Mobile/Page/Run App/Run App byID"), [:], STOP_ON_FAILURE): Call Test Case 'Test Cases/Mobile/Page/Run App/Run App byID' successfully

2022-02-18 15:26:37 - [TEST_CASE][PASSED] - Test Cases/Mobile/Page/Run App/Run App byID: Test Cases/Mobile/Page/Run App/Run App byID

2022-02-18 15:26:39 - [TEST_STEP][PASSED] - startApp.OpenApp.startApplication("id.co.miraeasset.sageclub"): startApp.OpenApp.startApplication is PASSED

2022-02-18 15:26:44 - [MESSAGE][INFO] - Appium server started on port 53,223

2022-02-18 15:27:14 - [MESSAGE][PASSED] - Starting app with application ID: 'id.co.miraeasset.sageclub'

2022-02-18 15:27:14 - [MESSAGE][PASSED] - startApp.OpenApp.startApplication is PASSED

2022-02-18 15:27:14 - [MESSAGE][PASSED] - Call Test Case 'Test Cases/Mobile/Page/Run App/Run App byID' successfully

2022-02-18 15:27:14 - [TEST_STEP][PASSED] - callTestCase(findTestCase("Mobile/Page/News/News"), ["tab":"worldindices"], CONTINUE_ON_FAILURE): Call Test Case 'Test Cases/Mobile/Page/News/News' successfully

2022-02-18 15:27:14 - [TEST_CASE][PASSED] - Test Cases/Mobile/Page/News/News: Test Cases/Mobile/Page/News/News

2022-02-18 15:27:16 - [TEST_STEP][PASSED] - callTestCase(findTestCase("Mobile/Page/CheckLogin"), [:], CONTINUE_ON_FAILURE): Call Test Case 'Test Cases/Mobile/Page/CheckLogin' successfully

2022-02-18 15:27:16 - [TEST_CASE][PASSED] - Test Cases/Mobile/Page/CheckLogin: Test Cases/Mobile/Page/CheckLogin

2022-02-18 15:27:17 - [TEST_STEP][PASSED] - loginCheck = verifyElementExist(LOGN_BtnLogin, 5, CONTINUE_ON_FAILURE): Element 'Object Repository/Mobile/Page/Login/Button - Login' is exist

2022-02-18 15:27:18 - [MESSAGE][WARNING] - Test object with id 'Object Repository/Mobile/Page/Analysis/Button - Open With Just Once' does not exist

2022-02-18 15:27:18 - [MESSAGE][WARNING] - Test object with id 'Object Repository/Mobile/Page/Analysis/Button - Search' does not exist

2022-02-18 15:27:25 - [MESSAGE][WARNING] - Test object with id 'Object Repository/Mobile/Page/Home/Button -  Add Watchlist' does not exist

2022-02-18 15:27:25 - [MESSAGE][WARNING] - Test object with id 'Object Repository/Mobile/Page/Home/Button - Open with Just Once' does not exist

2022-02-18 15:27:25 - [MESSAGE][WARNING] - Test object with id 'Object Repository/Mobile/Page/Home/Container - Notification' does not exist

2022-02-18 15:27:28 - [MESSAGE][WARNING] - Test object with id 'Object Repository/Mobile/Page/Home/Watchlist/Input - Search' does not exist

2022-02-18 15:27:28 - [MESSAGE][WARNING] - Test object with id 'Object Repository/Mobile/Page/Home/Watchlist/Item - Top Search' does not exist

2022-02-18 15:27:29 - [MESSAGE][WARNING] - Test object with id 'Object Repository/Mobile/Page/Home/Watchlist/Detail Watchlist/Input - Expiry Date' does not exist

2022-02-18 15:27:30 - [MESSAGE][WARNING] - Test object with id 'Object Repository/Mobile/Page/Home/Watchlist/Detail Watchlist/Item - Watchlist' does not exist

2022-02-18 15:27:33 - [MESSAGE][WARNING] - Test object with id 'Object Repository/Mobile/Page/NavigationMenu/Button - Open Just Once' does not exist

2022-02-18 15:27:33 - [MESSAGE][WARNING] - Test object with id 'Object Repository/Mobile/Page/NavigationMenu/Container - Logout' does not exist

2022-02-18 15:27:51 - [MESSAGE][WARNING] - Test object with id 'Object Repository/Mobile/Page/Analysis/Button - Open With Just Once' does not exist

2022-02-18 15:27:51 - [MESSAGE][WARNING] - Test object with id 'Object Repository/Mobile/Page/Analysis/Button - Search' does not exist

2022-02-18 15:27:57 - [MESSAGE][WARNING] - Test object with id 'Object Repository/Mobile/Page/Home/Button -  Add Watchlist' does not exist

2022-02-18 15:27:57 - [MESSAGE][WARNING] - Test object with id 'Object Repository/Mobile/Page/Home/Button - Open with Just Once' does not exist

2022-02-18 15:27:58 - [MESSAGE][WARNING] - Test object with id 'Object Repository/Mobile/Page/Home/Container - Notification' does not exist

2022-02-18 15:28:00 - [MESSAGE][WARNING] - Test object with id 'Object Repository/Mobile/Page/Home/Watchlist/Input - Search' does not exist

2022-02-18 15:28:00 - [MESSAGE][WARNING] - Test object with id 'Object Repository/Mobile/Page/Home/Watchlist/Item - Top Search' does not exist

2022-02-18 15:28:01 - [MESSAGE][WARNING] - Test object with id 'Object Repository/Mobile/Page/Home/Watchlist/Detail Watchlist/Input - Expiry Date' does not exist

2022-02-18 15:28:02 - [MESSAGE][WARNING] - Test object with id 'Object Repository/Mobile/Page/Home/Watchlist/Detail Watchlist/Item - Watchlist' does not exist

2022-02-18 15:28:05 - [MESSAGE][WARNING] - Test object with id 'Object Repository/Mobile/Page/NavigationMenu/Button - Open Just Once' does not exist

2022-02-18 15:28:06 - [MESSAGE][WARNING] - Test object with id 'Object Repository/Mobile/Page/NavigationMenu/Container - Logout' does not exist

2022-02-18 15:28:22 - [MESSAGE][PASSED] - Element 'Object Repository/Mobile/Page/Login/Button - Login' is exist

2022-02-18 15:28:22 - [TEST_STEP][PASSED] - if (loginCheck): Call Test Case 'Test Cases/Mobile/Page/Login/Login' successfully

2022-02-18 15:28:22 - [TEST_STEP][PASSED] - callTestCase(findTestCase("Mobile/Page/Login/Login"), ["action":"username"], CONTINUE_ON_FAILURE): Call Test Case 'Test Cases/Mobile/Page/Login/Login' successfully

2022-02-18 15:28:23 - [TEST_CASE][PASSED] - Test Cases/Mobile/Page/Login/Login: Test Cases/Mobile/Page/Login/Login

2022-02-18 15:28:24 - [TEST_STEP][PASSED] - delay(2): Delayed 2 second(s)

2022-02-18 15:28:26 - [MESSAGE][PASSED] - Delayed 2 second(s)

2022-02-18 15:28:26 - [TEST_STEP][PASSED] - for ([i = 0, i < 1, (i++)]): null

2022-02-18 15:28:26 - [TEST_STEP][PASSED] - if (action == "username"): null

2022-02-18 15:28:26 - [TEST_STEP][PASSED] - tap(LOGN_EdtUserID, 0): Tapped on element 'Object Repository/Mobile/Page/Login/Input - UserID'

2022-02-18 15:28:26 - [MESSAGE][WARNING] - Timeout '0' is invalid. Using default page load timeout: '60'

2022-02-18 15:28:27 - [MESSAGE][PASSED] - Tapped on element 'Object Repository/Mobile/Page/Login/Input - UserID'

2022-02-18 15:28:27 - [TEST_STEP][PASSED] - delay(1): Delayed 1 second(s)

2022-02-18 15:28:28 - [MESSAGE][PASSED] - Delayed 1 second(s)

2022-02-18 15:28:28 - [TEST_STEP][PASSED] - setText(LOGN_EdtRdyUserID, "anggaaditya", 0): Text 'anggaaditya' has been set to element 'Object Repository/Mobile/Page/Login/Input Rdy - UserID'

2022-02-18 15:28:28 - [MESSAGE][WARNING] - Timeout '0' is invalid. Using default page load timeout: '60'

2022-02-18 15:28:28 - [MESSAGE][PASSED] - Text 'anggaaditya' has been set to element 'Object Repository/Mobile/Page/Login/Input Rdy - UserID'

2022-02-18 15:28:28 - [TEST_STEP][PASSED] - delay(1): Delayed 1 second(s)

2022-02-18 15:28:29 - [MESSAGE][PASSED] - Delayed 1 second(s)

2022-02-18 15:28:29 - [TEST_STEP][PASSED] - hideKeyboard(): Keyboard is hidden

2022-02-18 15:28:34 - [MESSAGE][PASSED] - Keyboard is hidden

2022-02-18 15:28:34 - [TEST_STEP][PASSED] - tap(LOGN_EdtPassword, 0): Tapped on element 'Object Repository/Mobile/Page/Login/Input - Password'

2022-02-18 15:28:34 - [MESSAGE][WARNING] - Timeout '0' is invalid. Using default page load timeout: '60'

2022-02-18 15:28:35 - [MESSAGE][PASSED] - Tapped on element 'Object Repository/Mobile/Page/Login/Input - Password'

2022-02-18 15:28:35 - [TEST_STEP][PASSED] - delay(1): Delayed 1 second(s)

2022-02-18 15:28:36 - [MESSAGE][PASSED] - Delayed 1 second(s)

2022-02-18 15:28:36 - [TEST_STEP][PASSED] - setText(LOGN_EdtRdyPassword, "Shalawa18", 0): Text 'Shalawa18' has been set to element 'Object Repository/Mobile/Page/Login/Input Rdy - Password'

2022-02-18 15:28:36 - [MESSAGE][WARNING] - Timeout '0' is invalid. Using default page load timeout: '60'

2022-02-18 15:28:37 - [MESSAGE][PASSED] - Text 'Shalawa18' has been set to element 'Object Repository/Mobile/Page/Login/Input Rdy - Password'

2022-02-18 15:28:37 - [TEST_STEP][PASSED] - delay(1): Delayed 1 second(s)

2022-02-18 15:28:38 - [MESSAGE][PASSED] - Delayed 1 second(s)

2022-02-18 15:28:38 - [TEST_STEP][PASSED] - hideKeyboard(): Keyboard is hidden

2022-02-18 15:28:45 - [MESSAGE][PASSED] - Keyboard is hidden

2022-02-18 15:28:45 - [TEST_STEP][PASSED] - tap(LOGN_BtnLogin, 0): Tapped on element 'Object Repository/Mobile/Page/Login/Button - Login'

2022-02-18 15:28:45 - [MESSAGE][WARNING] - Timeout '0' is invalid. Using default page load timeout: '60'

2022-02-18 15:28:47 - [MESSAGE][PASSED] - Tapped on element 'Object Repository/Mobile/Page/Login/Button - Login'

2022-02-18 15:28:47 - [TEST_STEP][PASSED] - delay(2): Delayed 2 second(s)

2022-02-18 15:28:49 - [MESSAGE][PASSED] - Delayed 2 second(s)

2022-02-18 15:28:49 - [TEST_STEP][PASSED] - break: null

2022-02-18 15:28:49 - [MESSAGE][PASSED] - Call Test Case 'Test Cases/Mobile/Page/Login/Login' successfully

2022-02-18 15:28:49 - [MESSAGE][PASSED] - Call Test Case 'Test Cases/Mobile/Page/CheckLogin' successfully

2022-02-18 15:28:49 - [TEST_STEP][PASSED] - tap(HOME_MenubarNews, 0): Tapped on element 'Object Repository/Mobile/Page/Home/Menubar - News'

2022-02-18 15:28:49 - [MESSAGE][WARNING] - Timeout '0' is invalid. Using default page load timeout: '60'

2022-02-18 15:28:50 - [MESSAGE][PASSED] - Tapped on element 'Object Repository/Mobile/Page/Home/Menubar - News'

2022-02-18 15:28:50 - [TEST_STEP][PASSED] - delay(1): Delayed 1 second(s)

2022-02-18 15:28:51 - [MESSAGE][PASSED] - Delayed 1 second(s)

2022-02-18 15:28:51 - [TEST_STEP][PASSED] - for ([i = 0, i < 1, (i++)]): null

2022-02-18 15:28:51 - [TEST_STEP][PASSED] - if (tab == "macronews"): null

2022-02-18 15:28:51 - [TEST_STEP][PASSED] - else if (tab == "stocknews"): null

2022-02-18 15:28:51 - [TEST_STEP][PASSED] - else if (tab == "fundnews"): null

2022-02-18 15:28:51 - [TEST_STEP][PASSED] - else if (tab == "bondnews"): null

2022-02-18 15:28:51 - [TEST_STEP][PASSED] - else if (tab == "worldindices"): Delayed 3 second(s)

2022-02-18 15:28:51 - [TEST_STEP][PASSED] - scroll.scroll.scrollScreenRightToLeft(NEWS_TabMacro): scroll.scroll.scrollScreenRightToLeft is PASSED

2022-02-18 15:28:51 - [MESSAGE][WARNING] - Timeout '0' is invalid. Using default page load timeout: '60'

2022-02-18 15:28:52 - [MESSAGE][PASSED] - Object 'Object Repository/Mobile/Page/News/Tab - Macro' has left position '14'

2022-02-18 15:28:52 - [MESSAGE][WARNING] - Timeout '0' is invalid. Using default page load timeout: '60'

2022-02-18 15:28:52 - [MESSAGE][PASSED] - Object 'Object Repository/Mobile/Page/News/Tab - Macro' has top position '245'

2022-02-18 15:28:52 - [MESSAGE][WARNING] - Timeout '0' is invalid. Using default page load timeout: '60'

2022-02-18 15:28:52 - [MESSAGE][PASSED] - Object 'Object Repository/Mobile/Page/News/Tab - Macro' has width: '215'

2022-02-18 15:28:52 - [MESSAGE][WARNING] - Timeout '0' is invalid. Using default page load timeout: '60'

2022-02-18 15:28:53 - [MESSAGE][PASSED] - Object 'Object Repository/Mobile/Page/News/Tab - Macro' has height: '84'

2022-02-18 15:28:54 - [MESSAGE][PASSED] - Current device physical width is 720

2022-02-18 15:28:55 - [MESSAGE][PASSED] - Swiped from 620,287 to 100,287

2022-02-18 15:28:55 - [MESSAGE][PASSED] - scroll.scroll.scrollScreenRightToLeft is PASSED

2022-02-18 15:28:55 - [TEST_STEP][PASSED] - delay(1): Delayed 1 second(s)

2022-02-18 15:28:56 - [MESSAGE][PASSED] - Delayed 1 second(s)

2022-02-18 15:28:56 - [TEST_STEP][PASSED] - tap(NEWS_TabWorldIndices, 0): Tapped on element 'Object Repository/Mobile/Page/News/Tab - World Indices'

2022-02-18 15:28:56 - [MESSAGE][WARNING] - Timeout '0' is invalid. Using default page load timeout: '60'

2022-02-18 15:28:58 - [MESSAGE][PASSED] - Tapped on element 'Object Repository/Mobile/Page/News/Tab - World Indices'

2022-02-18 15:28:58 - [TEST_STEP][PASSED] - delay(1): Delayed 1 second(s)

2022-02-18 15:28:59 - [MESSAGE][PASSED] - Delayed 1 second(s)

2022-02-18 15:28:59 - [TEST_STEP][PASSED] - tap(NEWS_BtnIndices, 0): Tapped on element 'Object Repository/Mobile/Page/News/Button - Indices'

2022-02-18 15:28:59 - [MESSAGE][WARNING] - Timeout '0' is invalid. Using default page load timeout: '60'

2022-02-18 15:29:00 - [MESSAGE][PASSED] - Tapped on element 'Object Repository/Mobile/Page/News/Button - Indices'

2022-02-18 15:29:00 - [TEST_STEP][PASSED] - delay(3): Delayed 3 second(s)

2022-02-18 15:29:03 - [MESSAGE][PASSED] - Delayed 3 second(s)

2022-02-18 15:29:03 - [TEST_STEP][PASSED] - tap(NEWS_BtnCurrencies, 0): Tapped on element 'Object Repository/Mobile/Page/News/Button - Currencies'

2022-02-18 15:29:03 - [MESSAGE][WARNING] - Timeout '0' is invalid. Using default page load timeout: '60'

2022-02-18 15:29:04 - [MESSAGE][PASSED] - Tapped on element 'Object Repository/Mobile/Page/News/Button - Currencies'

2022-02-18 15:29:04 - [TEST_STEP][PASSED] - delay(3): Delayed 3 second(s)

2022-02-18 15:29:07 - [MESSAGE][PASSED] - Delayed 3 second(s)

2022-02-18 15:29:07 - [TEST_STEP][PASSED] - tap(NEWS_BtnCommodities, 0): Tapped on element 'Object Repository/Mobile/Page/News/Button - Commodities'

2022-02-18 15:29:07 - [MESSAGE][WARNING] - Timeout '0' is invalid. Using default page load timeout: '60'

2022-02-18 15:29:08 - [MESSAGE][PASSED] - Tapped on element 'Object Repository/Mobile/Page/News/Button - Commodities'

2022-02-18 15:29:08 - [TEST_STEP][PASSED] - delay(3): Delayed 3 second(s)

2022-02-18 15:29:11 - [MESSAGE][PASSED] - Delayed 3 second(s)

2022-02-18 15:29:11 - [TEST_STEP][PASSED] - delay(1): Delayed 1 second(s)

2022-02-18 15:29:12 - [MESSAGE][PASSED] - Delayed 1 second(s)

2022-02-18 15:29:12 - [TEST_STEP][PASSED] - if (tab != "worldindices"): null

2022-02-18 15:29:12 - [MESSAGE][PASSED] - Call Test Case 'Test Cases/Mobile/Page/News/News' successfully

2022-02-18 15:29:12 - [TEST_STEP][PASSED] - callTestCase(findTestCase("Mobile/Page/Run App/Terminate App"), [:], STOP_ON_FAILURE): Call Test Case 'Test Cases/Mobile/Page/Run App/Terminate App' successfully

2022-02-18 15:29:12 - [TEST_CASE][PASSED] - Test Cases/Mobile/Page/Run App/Terminate App: Test Cases/Mobile/Page/Run App/Terminate App

2022-02-18 15:29:14 - [TEST_STEP][PASSED] - startApp.OpenApp.terminateApplication(): startApp.OpenApp.terminateApplication is PASSED

2022-02-18 15:29:17 - [MESSAGE][PASSED] - Delayed 3 second(s)

2022-02-18 15:29:18 - [MESSAGE][PASSED] - Current device physical width is 720

2022-02-18 15:29:18 - [MESSAGE][PASSED] - Current device physical height is 1423

2022-02-18 15:29:20 - [MESSAGE][PASSED] - Swiped from 360,853 to 360,142

2022-02-18 15:29:21 - [MESSAGE][PASSED] - Delayed 1 second(s)

2022-02-18 15:29:23 - [MESSAGE][PASSED] - Swiped from 360,853 to 360,142

2022-02-18 15:29:26 - [MESSAGE][PASSED] - Delayed 3 second(s)

2022-02-18 15:29:26 - [MESSAGE][PASSED] - startApp.OpenApp.terminateApplication is PASSED

2022-02-18 15:29:26 - [MESSAGE][PASSED] - Call Test Case 'Test Cases/Mobile/Page/Run App/Terminate App' successfully]]></system-out>
         <system-err><![CDATA[]]></system-err>
      </testcase>
      <testcase name="Test Cases/Mobile/Scenario/News/002 - News Stock" time="76.792" classname="Test Cases/Mobile/Scenario/News/002 - News Stock" status="PASSED">
         <system-out><![CDATA[2022-02-18 15:29:26 - [TEST_CASE][PASSED] - Test Cases/Mobile/Scenario/News/002 - News Stock: Test Cases/Mobile/Scenario/News/002 - News Stock

2022-02-18 15:29:27 - [TEST_STEP][PASSED] - callTestCase(findTestCase("Mobile/Page/Run App/Run App byID"), [:], STOP_ON_FAILURE): Call Test Case 'Test Cases/Mobile/Page/Run App/Run App byID' successfully

2022-02-18 15:29:27 - [TEST_CASE][PASSED] - Test Cases/Mobile/Page/Run App/Run App byID: Test Cases/Mobile/Page/Run App/Run App byID

2022-02-18 15:29:27 - [TEST_STEP][PASSED] - startApp.OpenApp.startApplication("id.co.miraeasset.sageclub"): startApp.OpenApp.startApplication is PASSED

2022-02-18 15:29:49 - [MESSAGE][PASSED] - Starting app with application ID: 'id.co.miraeasset.sageclub'

2022-02-18 15:29:49 - [MESSAGE][PASSED] - startApp.OpenApp.startApplication is PASSED

2022-02-18 15:29:49 - [MESSAGE][PASSED] - Call Test Case 'Test Cases/Mobile/Page/Run App/Run App byID' successfully

2022-02-18 15:29:49 - [TEST_STEP][PASSED] - callTestCase(findTestCase("Mobile/Page/News/News"), ["tab":"stocknews"], CONTINUE_ON_FAILURE): Call Test Case 'Test Cases/Mobile/Page/News/News' successfully

2022-02-18 15:29:49 - [TEST_CASE][PASSED] - Test Cases/Mobile/Page/News/News: Test Cases/Mobile/Page/News/News

2022-02-18 15:29:49 - [TEST_STEP][PASSED] - callTestCase(findTestCase("Mobile/Page/CheckLogin"), [:], CONTINUE_ON_FAILURE): Call Test Case 'Test Cases/Mobile/Page/CheckLogin' successfully

2022-02-18 15:29:49 - [TEST_CASE][PASSED] - Test Cases/Mobile/Page/CheckLogin: Test Cases/Mobile/Page/CheckLogin

2022-02-18 15:29:49 - [TEST_STEP][PASSED] - loginCheck = verifyElementExist(LOGN_BtnLogin, 5, CONTINUE_ON_FAILURE): Element 'Object Repository/Mobile/Page/Login/Button - Login' is exist

2022-02-18 15:29:51 - [MESSAGE][PASSED] - Element 'Object Repository/Mobile/Page/Login/Button - Login' is exist

2022-02-18 15:29:51 - [TEST_STEP][PASSED] - if (loginCheck): Call Test Case 'Test Cases/Mobile/Page/Login/Login' successfully

2022-02-18 15:29:51 - [TEST_STEP][PASSED] - callTestCase(findTestCase("Mobile/Page/Login/Login"), ["action":"username"], CONTINUE_ON_FAILURE): Call Test Case 'Test Cases/Mobile/Page/Login/Login' successfully

2022-02-18 15:29:51 - [TEST_CASE][PASSED] - Test Cases/Mobile/Page/Login/Login: Test Cases/Mobile/Page/Login/Login

2022-02-18 15:29:51 - [TEST_STEP][PASSED] - delay(2): Delayed 2 second(s)

2022-02-18 15:29:53 - [MESSAGE][PASSED] - Delayed 2 second(s)

2022-02-18 15:29:53 - [TEST_STEP][PASSED] - for ([i = 0, i < 1, (i++)]): null

2022-02-18 15:29:53 - [TEST_STEP][PASSED] - if (action == "username"): null

2022-02-18 15:29:53 - [TEST_STEP][PASSED] - tap(LOGN_EdtUserID, 0): Tapped on element 'Object Repository/Mobile/Page/Login/Input - UserID'

2022-02-18 15:29:53 - [MESSAGE][WARNING] - Timeout '0' is invalid. Using default page load timeout: '60'

2022-02-18 15:29:53 - [MESSAGE][PASSED] - Tapped on element 'Object Repository/Mobile/Page/Login/Input - UserID'

2022-02-18 15:29:53 - [TEST_STEP][PASSED] - delay(1): Delayed 1 second(s)

2022-02-18 15:29:54 - [MESSAGE][PASSED] - Delayed 1 second(s)

2022-02-18 15:29:54 - [TEST_STEP][PASSED] - setText(LOGN_EdtRdyUserID, "anggaaditya", 0): Text 'anggaaditya' has been set to element 'Object Repository/Mobile/Page/Login/Input Rdy - UserID'

2022-02-18 15:29:54 - [MESSAGE][WARNING] - Timeout '0' is invalid. Using default page load timeout: '60'

2022-02-18 15:29:55 - [MESSAGE][PASSED] - Text 'anggaaditya' has been set to element 'Object Repository/Mobile/Page/Login/Input Rdy - UserID'

2022-02-18 15:29:55 - [TEST_STEP][PASSED] - delay(1): Delayed 1 second(s)

2022-02-18 15:29:56 - [MESSAGE][PASSED] - Delayed 1 second(s)

2022-02-18 15:29:56 - [TEST_STEP][PASSED] - hideKeyboard(): Keyboard is hidden

2022-02-18 15:30:01 - [MESSAGE][PASSED] - Keyboard is hidden

2022-02-18 15:30:01 - [TEST_STEP][PASSED] - tap(LOGN_EdtPassword, 0): Tapped on element 'Object Repository/Mobile/Page/Login/Input - Password'

2022-02-18 15:30:01 - [MESSAGE][WARNING] - Timeout '0' is invalid. Using default page load timeout: '60'

2022-02-18 15:30:01 - [MESSAGE][PASSED] - Tapped on element 'Object Repository/Mobile/Page/Login/Input - Password'

2022-02-18 15:30:01 - [TEST_STEP][PASSED] - delay(1): Delayed 1 second(s)

2022-02-18 15:30:02 - [MESSAGE][PASSED] - Delayed 1 second(s)

2022-02-18 15:30:02 - [TEST_STEP][PASSED] - setText(LOGN_EdtRdyPassword, "Shalawa18", 0): Text 'Shalawa18' has been set to element 'Object Repository/Mobile/Page/Login/Input Rdy - Password'

2022-02-18 15:30:02 - [MESSAGE][WARNING] - Timeout '0' is invalid. Using default page load timeout: '60'

2022-02-18 15:30:03 - [MESSAGE][PASSED] - Text 'Shalawa18' has been set to element 'Object Repository/Mobile/Page/Login/Input Rdy - Password'

2022-02-18 15:30:03 - [TEST_STEP][PASSED] - delay(1): Delayed 1 second(s)

2022-02-18 15:30:04 - [MESSAGE][PASSED] - Delayed 1 second(s)

2022-02-18 15:30:04 - [TEST_STEP][PASSED] - hideKeyboard(): Keyboard is hidden

2022-02-18 15:30:13 - [MESSAGE][PASSED] - Keyboard is hidden

2022-02-18 15:30:13 - [TEST_STEP][PASSED] - tap(LOGN_BtnLogin, 0): Tapped on element 'Object Repository/Mobile/Page/Login/Button - Login'

2022-02-18 15:30:13 - [MESSAGE][WARNING] - Timeout '0' is invalid. Using default page load timeout: '60'

2022-02-18 15:30:15 - [MESSAGE][PASSED] - Tapped on element 'Object Repository/Mobile/Page/Login/Button - Login'

2022-02-18 15:30:15 - [TEST_STEP][PASSED] - delay(2): Delayed 2 second(s)

2022-02-18 15:30:17 - [MESSAGE][PASSED] - Delayed 2 second(s)

2022-02-18 15:30:17 - [TEST_STEP][PASSED] - break: null

2022-02-18 15:30:17 - [MESSAGE][PASSED] - Call Test Case 'Test Cases/Mobile/Page/Login/Login' successfully

2022-02-18 15:30:17 - [MESSAGE][PASSED] - Call Test Case 'Test Cases/Mobile/Page/CheckLogin' successfully

2022-02-18 15:30:17 - [TEST_STEP][PASSED] - tap(HOME_MenubarNews, 0): Tapped on element 'Object Repository/Mobile/Page/Home/Menubar - News'

2022-02-18 15:30:17 - [MESSAGE][WARNING] - Timeout '0' is invalid. Using default page load timeout: '60'

2022-02-18 15:30:18 - [MESSAGE][PASSED] - Tapped on element 'Object Repository/Mobile/Page/Home/Menubar - News'

2022-02-18 15:30:18 - [TEST_STEP][PASSED] - delay(1): Delayed 1 second(s)

2022-02-18 15:30:19 - [MESSAGE][PASSED] - Delayed 1 second(s)

2022-02-18 15:30:19 - [TEST_STEP][PASSED] - for ([i = 0, i < 1, (i++)]): Delayed 3 second(s)

2022-02-18 15:30:19 - [TEST_STEP][PASSED] - if (tab == "macronews"): null

2022-02-18 15:30:19 - [TEST_STEP][PASSED] - else if (tab == "stocknews"): Tapped on element 'Object Repository/Mobile/Page/News/Tab - Stock'

2022-02-18 15:30:19 - [TEST_STEP][PASSED] - tap(NEWS_TabStock, 0): Tapped on element 'Object Repository/Mobile/Page/News/Tab - Stock'

2022-02-18 15:30:19 - [MESSAGE][WARNING] - Timeout '0' is invalid. Using default page load timeout: '60'

2022-02-18 15:30:20 - [MESSAGE][PASSED] - Tapped on element 'Object Repository/Mobile/Page/News/Tab - Stock'

2022-02-18 15:30:20 - [TEST_STEP][PASSED] - delay(1): Delayed 1 second(s)

2022-02-18 15:30:21 - [MESSAGE][PASSED] - Delayed 1 second(s)

2022-02-18 15:30:21 - [TEST_STEP][PASSED] - if (tab != "worldindices"): Delayed 3 second(s)

2022-02-18 15:30:21 - [TEST_STEP][PASSED] - try: Delayed 3 second(s)

2022-02-18 15:30:21 - [TEST_STEP][PASSED] - tapAndHold(NEWS_ItemTopNews, 1, 10): Tapped and held on element 'Object Repository/Mobile/Page/News/Item - Top News' with duration 1

2022-02-18 15:30:24 - [MESSAGE][PASSED] - Tapped and held on element 'Object Repository/Mobile/Page/News/Item - Top News' with duration 1

2022-02-18 15:30:24 - [TEST_STEP][PASSED] - delay(1): Delayed 1 second(s)

2022-02-18 15:30:25 - [MESSAGE][PASSED] - Delayed 1 second(s)

2022-02-18 15:30:25 - [TEST_STEP][PASSED] - scroll.scroll.scrollScreenBottomToTop(): scroll.scroll.scrollScreenBottomToTop is PASSED

2022-02-18 15:30:26 - [MESSAGE][PASSED] - Current device physical height is 1423

2022-02-18 15:30:26 - [MESSAGE][PASSED] - Current device physical width is 720

2022-02-18 15:30:28 - [MESSAGE][PASSED] - Swiped from 360,1,138 to 360,284

2022-02-18 15:30:28 - [MESSAGE][PASSED] - scroll.scroll.scrollScreenBottomToTop is PASSED

2022-02-18 15:30:28 - [TEST_STEP][PASSED] - delay(3): Delayed 3 second(s)

2022-02-18 15:30:31 - [MESSAGE][PASSED] - Delayed 3 second(s)

2022-02-18 15:30:31 - [MESSAGE][PASSED] - Call Test Case 'Test Cases/Mobile/Page/News/News' successfully

2022-02-18 15:30:31 - [TEST_STEP][PASSED] - callTestCase(findTestCase("Mobile/Page/Run App/Terminate App"), [:], STOP_ON_FAILURE): Call Test Case 'Test Cases/Mobile/Page/Run App/Terminate App' successfully

2022-02-18 15:30:31 - [TEST_CASE][PASSED] - Test Cases/Mobile/Page/Run App/Terminate App: Test Cases/Mobile/Page/Run App/Terminate App

2022-02-18 15:30:31 - [TEST_STEP][PASSED] - startApp.OpenApp.terminateApplication(): startApp.OpenApp.terminateApplication is PASSED

2022-02-18 15:30:34 - [MESSAGE][PASSED] - Delayed 3 second(s)

2022-02-18 15:30:35 - [MESSAGE][PASSED] - Current device physical width is 720

2022-02-18 15:30:35 - [MESSAGE][PASSED] - Current device physical height is 1423

2022-02-18 15:30:37 - [MESSAGE][PASSED] - Swiped from 360,853 to 360,142

2022-02-18 15:30:38 - [MESSAGE][PASSED] - Delayed 1 second(s)

2022-02-18 15:30:39 - [MESSAGE][PASSED] - Swiped from 360,853 to 360,142

2022-02-18 15:30:42 - [MESSAGE][PASSED] - Delayed 3 second(s)

2022-02-18 15:30:42 - [MESSAGE][PASSED] - startApp.OpenApp.terminateApplication is PASSED

2022-02-18 15:30:42 - [MESSAGE][PASSED] - Call Test Case 'Test Cases/Mobile/Page/Run App/Terminate App' successfully]]></system-out>
         <system-err><![CDATA[]]></system-err>
      </testcase>
      <testcase name="Test Cases/Mobile/Scenario/News/003 - News Fund" time="78.158" classname="Test Cases/Mobile/Scenario/News/003 - News Fund" status="PASSED">
         <system-out><![CDATA[2022-02-18 15:30:42 - [TEST_CASE][PASSED] - Test Cases/Mobile/Scenario/News/003 - News Fund: Test Cases/Mobile/Scenario/News/003 - News Fund

2022-02-18 15:30:44 - [TEST_STEP][PASSED] - callTestCase(findTestCase("Mobile/Page/Run App/Run App byID"), [:], STOP_ON_FAILURE): Call Test Case 'Test Cases/Mobile/Page/Run App/Run App byID' successfully

2022-02-18 15:30:44 - [TEST_CASE][PASSED] - Test Cases/Mobile/Page/Run App/Run App byID: Test Cases/Mobile/Page/Run App/Run App byID

2022-02-18 15:30:44 - [TEST_STEP][PASSED] - startApp.OpenApp.startApplication("id.co.miraeasset.sageclub"): startApp.OpenApp.startApplication is PASSED

2022-02-18 15:31:07 - [MESSAGE][PASSED] - Starting app with application ID: 'id.co.miraeasset.sageclub'

2022-02-18 15:31:07 - [MESSAGE][PASSED] - startApp.OpenApp.startApplication is PASSED

2022-02-18 15:31:07 - [MESSAGE][PASSED] - Call Test Case 'Test Cases/Mobile/Page/Run App/Run App byID' successfully

2022-02-18 15:31:07 - [TEST_STEP][PASSED] - callTestCase(findTestCase("Mobile/Page/News/News"), ["tab":"fundnews"], CONTINUE_ON_FAILURE): Call Test Case 'Test Cases/Mobile/Page/News/News' successfully

2022-02-18 15:31:07 - [TEST_CASE][PASSED] - Test Cases/Mobile/Page/News/News: Test Cases/Mobile/Page/News/News

2022-02-18 15:31:07 - [TEST_STEP][PASSED] - callTestCase(findTestCase("Mobile/Page/CheckLogin"), [:], CONTINUE_ON_FAILURE): Call Test Case 'Test Cases/Mobile/Page/CheckLogin' successfully

2022-02-18 15:31:07 - [TEST_CASE][PASSED] - Test Cases/Mobile/Page/CheckLogin: Test Cases/Mobile/Page/CheckLogin

2022-02-18 15:31:07 - [TEST_STEP][PASSED] - loginCheck = verifyElementExist(LOGN_BtnLogin, 5, CONTINUE_ON_FAILURE): Element 'Object Repository/Mobile/Page/Login/Button - Login' is exist

2022-02-18 15:31:09 - [MESSAGE][PASSED] - Element 'Object Repository/Mobile/Page/Login/Button - Login' is exist

2022-02-18 15:31:09 - [TEST_STEP][PASSED] - if (loginCheck): Call Test Case 'Test Cases/Mobile/Page/Login/Login' successfully

2022-02-18 15:31:09 - [TEST_STEP][PASSED] - callTestCase(findTestCase("Mobile/Page/Login/Login"), ["action":"username"], CONTINUE_ON_FAILURE): Call Test Case 'Test Cases/Mobile/Page/Login/Login' successfully

2022-02-18 15:31:09 - [TEST_CASE][PASSED] - Test Cases/Mobile/Page/Login/Login: Test Cases/Mobile/Page/Login/Login

2022-02-18 15:31:09 - [TEST_STEP][PASSED] - delay(2): Delayed 2 second(s)

2022-02-18 15:31:11 - [MESSAGE][PASSED] - Delayed 2 second(s)

2022-02-18 15:31:11 - [TEST_STEP][PASSED] - for ([i = 0, i < 1, (i++)]): null

2022-02-18 15:31:11 - [TEST_STEP][PASSED] - if (action == "username"): null

2022-02-18 15:31:11 - [TEST_STEP][PASSED] - tap(LOGN_EdtUserID, 0): Tapped on element 'Object Repository/Mobile/Page/Login/Input - UserID'

2022-02-18 15:31:11 - [MESSAGE][WARNING] - Timeout '0' is invalid. Using default page load timeout: '60'

2022-02-18 15:31:11 - [MESSAGE][PASSED] - Tapped on element 'Object Repository/Mobile/Page/Login/Input - UserID'

2022-02-18 15:31:11 - [TEST_STEP][PASSED] - delay(1): Delayed 1 second(s)

2022-02-18 15:31:12 - [MESSAGE][PASSED] - Delayed 1 second(s)

2022-02-18 15:31:12 - [TEST_STEP][PASSED] - setText(LOGN_EdtRdyUserID, "anggaaditya", 0): Text 'anggaaditya' has been set to element 'Object Repository/Mobile/Page/Login/Input Rdy - UserID'

2022-02-18 15:31:12 - [MESSAGE][WARNING] - Timeout '0' is invalid. Using default page load timeout: '60'

2022-02-18 15:31:13 - [MESSAGE][PASSED] - Text 'anggaaditya' has been set to element 'Object Repository/Mobile/Page/Login/Input Rdy - UserID'

2022-02-18 15:31:13 - [TEST_STEP][PASSED] - delay(1): Delayed 1 second(s)

2022-02-18 15:31:14 - [MESSAGE][PASSED] - Delayed 1 second(s)

2022-02-18 15:31:14 - [TEST_STEP][PASSED] - hideKeyboard(): Keyboard is hidden

2022-02-18 15:31:19 - [MESSAGE][PASSED] - Keyboard is hidden

2022-02-18 15:31:19 - [TEST_STEP][PASSED] - tap(LOGN_EdtPassword, 0): Tapped on element 'Object Repository/Mobile/Page/Login/Input - Password'

2022-02-18 15:31:19 - [MESSAGE][WARNING] - Timeout '0' is invalid. Using default page load timeout: '60'

2022-02-18 15:31:19 - [MESSAGE][PASSED] - Tapped on element 'Object Repository/Mobile/Page/Login/Input - Password'

2022-02-18 15:31:19 - [TEST_STEP][PASSED] - delay(1): Delayed 1 second(s)

2022-02-18 15:31:20 - [MESSAGE][PASSED] - Delayed 1 second(s)

2022-02-18 15:31:20 - [TEST_STEP][PASSED] - setText(LOGN_EdtRdyPassword, "Shalawa18", 0): Text 'Shalawa18' has been set to element 'Object Repository/Mobile/Page/Login/Input Rdy - Password'

2022-02-18 15:31:20 - [MESSAGE][WARNING] - Timeout '0' is invalid. Using default page load timeout: '60'

2022-02-18 15:31:21 - [MESSAGE][PASSED] - Text 'Shalawa18' has been set to element 'Object Repository/Mobile/Page/Login/Input Rdy - Password'

2022-02-18 15:31:21 - [TEST_STEP][PASSED] - delay(1): Delayed 1 second(s)

2022-02-18 15:31:22 - [MESSAGE][PASSED] - Delayed 1 second(s)

2022-02-18 15:31:22 - [TEST_STEP][PASSED] - hideKeyboard(): Keyboard is hidden

2022-02-18 15:31:30 - [MESSAGE][PASSED] - Keyboard is hidden

2022-02-18 15:31:30 - [TEST_STEP][PASSED] - tap(LOGN_BtnLogin, 0): Tapped on element 'Object Repository/Mobile/Page/Login/Button - Login'

2022-02-18 15:31:30 - [MESSAGE][WARNING] - Timeout '0' is invalid. Using default page load timeout: '60'

2022-02-18 15:31:31 - [MESSAGE][PASSED] - Tapped on element 'Object Repository/Mobile/Page/Login/Button - Login'

2022-02-18 15:31:31 - [TEST_STEP][PASSED] - delay(2): Delayed 2 second(s)

2022-02-18 15:31:33 - [MESSAGE][PASSED] - Delayed 2 second(s)

2022-02-18 15:31:33 - [TEST_STEP][PASSED] - break: null

2022-02-18 15:31:33 - [MESSAGE][PASSED] - Call Test Case 'Test Cases/Mobile/Page/Login/Login' successfully

2022-02-18 15:31:33 - [MESSAGE][PASSED] - Call Test Case 'Test Cases/Mobile/Page/CheckLogin' successfully

2022-02-18 15:31:33 - [TEST_STEP][PASSED] - tap(HOME_MenubarNews, 0): Tapped on element 'Object Repository/Mobile/Page/Home/Menubar - News'

2022-02-18 15:31:33 - [MESSAGE][WARNING] - Timeout '0' is invalid. Using default page load timeout: '60'

2022-02-18 15:31:35 - [MESSAGE][PASSED] - Tapped on element 'Object Repository/Mobile/Page/Home/Menubar - News'

2022-02-18 15:31:35 - [TEST_STEP][PASSED] - delay(1): Delayed 1 second(s)

2022-02-18 15:31:36 - [MESSAGE][PASSED] - Delayed 1 second(s)

2022-02-18 15:31:36 - [TEST_STEP][PASSED] - for ([i = 0, i < 1, (i++)]): Delayed 3 second(s)

2022-02-18 15:31:36 - [TEST_STEP][PASSED] - if (tab == "macronews"): null

2022-02-18 15:31:36 - [TEST_STEP][PASSED] - else if (tab == "stocknews"): null

2022-02-18 15:31:36 - [TEST_STEP][PASSED] - else if (tab == "fundnews"): Tapped on element 'Object Repository/Mobile/Page/News/Tab - Fund'

2022-02-18 15:31:36 - [TEST_STEP][PASSED] - tap(NEWS_TabFund, 0): Tapped on element 'Object Repository/Mobile/Page/News/Tab - Fund'

2022-02-18 15:31:36 - [MESSAGE][WARNING] - Timeout '0' is invalid. Using default page load timeout: '60'

2022-02-18 15:31:38 - [MESSAGE][PASSED] - Tapped on element 'Object Repository/Mobile/Page/News/Tab - Fund'

2022-02-18 15:31:38 - [TEST_STEP][PASSED] - delay(1): Delayed 1 second(s)

2022-02-18 15:31:39 - [MESSAGE][PASSED] - Delayed 1 second(s)

2022-02-18 15:31:39 - [TEST_STEP][PASSED] - if (tab != "worldindices"): Delayed 3 second(s)

2022-02-18 15:31:39 - [TEST_STEP][PASSED] - try: Delayed 3 second(s)

2022-02-18 15:31:39 - [TEST_STEP][PASSED] - tapAndHold(NEWS_ItemTopNews, 1, 10): Tapped and held on element 'Object Repository/Mobile/Page/News/Item - Top News' with duration 1

2022-02-18 15:31:42 - [MESSAGE][PASSED] - Tapped and held on element 'Object Repository/Mobile/Page/News/Item - Top News' with duration 1

2022-02-18 15:31:42 - [TEST_STEP][PASSED] - delay(1): Delayed 1 second(s)

2022-02-18 15:31:43 - [MESSAGE][PASSED] - Delayed 1 second(s)

2022-02-18 15:31:43 - [TEST_STEP][PASSED] - scroll.scroll.scrollScreenBottomToTop(): scroll.scroll.scrollScreenBottomToTop is PASSED

2022-02-18 15:31:44 - [MESSAGE][PASSED] - Current device physical height is 1423

2022-02-18 15:31:44 - [MESSAGE][PASSED] - Current device physical width is 720

2022-02-18 15:31:46 - [MESSAGE][PASSED] - Swiped from 360,1,138 to 360,284

2022-02-18 15:31:46 - [MESSAGE][PASSED] - scroll.scroll.scrollScreenBottomToTop is PASSED

2022-02-18 15:31:46 - [TEST_STEP][PASSED] - delay(3): Delayed 3 second(s)

2022-02-18 15:31:49 - [MESSAGE][PASSED] - Delayed 3 second(s)

2022-02-18 15:31:49 - [MESSAGE][PASSED] - Call Test Case 'Test Cases/Mobile/Page/News/News' successfully

2022-02-18 15:31:49 - [TEST_STEP][PASSED] - callTestCase(findTestCase("Mobile/Page/Run App/Terminate App"), [:], STOP_ON_FAILURE): Call Test Case 'Test Cases/Mobile/Page/Run App/Terminate App' successfully

2022-02-18 15:31:49 - [TEST_CASE][PASSED] - Test Cases/Mobile/Page/Run App/Terminate App: Test Cases/Mobile/Page/Run App/Terminate App

2022-02-18 15:31:49 - [TEST_STEP][PASSED] - startApp.OpenApp.terminateApplication(): startApp.OpenApp.terminateApplication is PASSED

2022-02-18 15:31:52 - [MESSAGE][PASSED] - Delayed 3 second(s)

2022-02-18 15:31:53 - [MESSAGE][PASSED] - Current device physical width is 720

2022-02-18 15:31:53 - [MESSAGE][PASSED] - Current device physical height is 1423

2022-02-18 15:31:55 - [MESSAGE][PASSED] - Swiped from 360,853 to 360,142

2022-02-18 15:31:56 - [MESSAGE][PASSED] - Delayed 1 second(s)

2022-02-18 15:31:57 - [MESSAGE][PASSED] - Swiped from 360,853 to 360,142

2022-02-18 15:32:01 - [MESSAGE][PASSED] - Delayed 3 second(s)

2022-02-18 15:32:01 - [MESSAGE][PASSED] - startApp.OpenApp.terminateApplication is PASSED

2022-02-18 15:32:01 - [MESSAGE][PASSED] - Call Test Case 'Test Cases/Mobile/Page/Run App/Terminate App' successfully]]></system-out>
         <system-err><![CDATA[]]></system-err>
      </testcase>
      <testcase name="Test Cases/Mobile/Scenario/News/004 - Bond News" time="76.004" classname="Test Cases/Mobile/Scenario/News/004 - Bond News" status="PASSED">
         <system-out><![CDATA[2022-02-18 15:32:01 - [TEST_CASE][PASSED] - Test Cases/Mobile/Scenario/News/004 - Bond News: Test Cases/Mobile/Scenario/News/004 - Bond News

2022-02-18 15:32:02 - [TEST_STEP][PASSED] - callTestCase(findTestCase("Mobile/Page/Run App/Run App byID"), [:], STOP_ON_FAILURE): Call Test Case 'Test Cases/Mobile/Page/Run App/Run App byID' successfully

2022-02-18 15:32:02 - [TEST_CASE][PASSED] - Test Cases/Mobile/Page/Run App/Run App byID: Test Cases/Mobile/Page/Run App/Run App byID

2022-02-18 15:32:02 - [TEST_STEP][PASSED] - startApp.OpenApp.startApplication("id.co.miraeasset.sageclub"): startApp.OpenApp.startApplication is PASSED

2022-02-18 15:32:24 - [MESSAGE][PASSED] - Starting app with application ID: 'id.co.miraeasset.sageclub'

2022-02-18 15:32:24 - [MESSAGE][PASSED] - startApp.OpenApp.startApplication is PASSED

2022-02-18 15:32:24 - [MESSAGE][PASSED] - Call Test Case 'Test Cases/Mobile/Page/Run App/Run App byID' successfully

2022-02-18 15:32:24 - [TEST_STEP][PASSED] - callTestCase(findTestCase("Mobile/Page/News/News"), ["tab":"bondnews"], CONTINUE_ON_FAILURE): Call Test Case 'Test Cases/Mobile/Page/News/News' successfully

2022-02-18 15:32:24 - [TEST_CASE][PASSED] - Test Cases/Mobile/Page/News/News: Test Cases/Mobile/Page/News/News

2022-02-18 15:32:24 - [TEST_STEP][PASSED] - callTestCase(findTestCase("Mobile/Page/CheckLogin"), [:], CONTINUE_ON_FAILURE): Call Test Case 'Test Cases/Mobile/Page/CheckLogin' successfully

2022-02-18 15:32:24 - [TEST_CASE][PASSED] - Test Cases/Mobile/Page/CheckLogin: Test Cases/Mobile/Page/CheckLogin

2022-02-18 15:32:24 - [TEST_STEP][PASSED] - loginCheck = verifyElementExist(LOGN_BtnLogin, 5, CONTINUE_ON_FAILURE): Element 'Object Repository/Mobile/Page/Login/Button - Login' is exist

2022-02-18 15:32:26 - [MESSAGE][PASSED] - Element 'Object Repository/Mobile/Page/Login/Button - Login' is exist

2022-02-18 15:32:26 - [TEST_STEP][PASSED] - if (loginCheck): Call Test Case 'Test Cases/Mobile/Page/Login/Login' successfully

2022-02-18 15:32:26 - [TEST_STEP][PASSED] - callTestCase(findTestCase("Mobile/Page/Login/Login"), ["action":"username"], CONTINUE_ON_FAILURE): Call Test Case 'Test Cases/Mobile/Page/Login/Login' successfully

2022-02-18 15:32:26 - [TEST_CASE][PASSED] - Test Cases/Mobile/Page/Login/Login: Test Cases/Mobile/Page/Login/Login

2022-02-18 15:32:26 - [TEST_STEP][PASSED] - delay(2): Delayed 2 second(s)

2022-02-18 15:32:28 - [MESSAGE][PASSED] - Delayed 2 second(s)

2022-02-18 15:32:28 - [TEST_STEP][PASSED] - for ([i = 0, i < 1, (i++)]): null

2022-02-18 15:32:28 - [TEST_STEP][PASSED] - if (action == "username"): null

2022-02-18 15:32:28 - [TEST_STEP][PASSED] - tap(LOGN_EdtUserID, 0): Tapped on element 'Object Repository/Mobile/Page/Login/Input - UserID'

2022-02-18 15:32:28 - [MESSAGE][WARNING] - Timeout '0' is invalid. Using default page load timeout: '60'

2022-02-18 15:32:29 - [MESSAGE][PASSED] - Tapped on element 'Object Repository/Mobile/Page/Login/Input - UserID'

2022-02-18 15:32:29 - [TEST_STEP][PASSED] - delay(1): Delayed 1 second(s)

2022-02-18 15:32:30 - [MESSAGE][PASSED] - Delayed 1 second(s)

2022-02-18 15:32:30 - [TEST_STEP][PASSED] - setText(LOGN_EdtRdyUserID, "anggaaditya", 0): Text 'anggaaditya' has been set to element 'Object Repository/Mobile/Page/Login/Input Rdy - UserID'

2022-02-18 15:32:30 - [MESSAGE][WARNING] - Timeout '0' is invalid. Using default page load timeout: '60'

2022-02-18 15:32:31 - [MESSAGE][PASSED] - Text 'anggaaditya' has been set to element 'Object Repository/Mobile/Page/Login/Input Rdy - UserID'

2022-02-18 15:32:31 - [TEST_STEP][PASSED] - delay(1): Delayed 1 second(s)

2022-02-18 15:32:32 - [MESSAGE][PASSED] - Delayed 1 second(s)

2022-02-18 15:32:32 - [TEST_STEP][PASSED] - hideKeyboard(): Keyboard is hidden

2022-02-18 15:32:36 - [MESSAGE][PASSED] - Keyboard is hidden

2022-02-18 15:32:36 - [TEST_STEP][PASSED] - tap(LOGN_EdtPassword, 0): Tapped on element 'Object Repository/Mobile/Page/Login/Input - Password'

2022-02-18 15:32:36 - [MESSAGE][WARNING] - Timeout '0' is invalid. Using default page load timeout: '60'

2022-02-18 15:32:37 - [MESSAGE][PASSED] - Tapped on element 'Object Repository/Mobile/Page/Login/Input - Password'

2022-02-18 15:32:37 - [TEST_STEP][PASSED] - delay(1): Delayed 1 second(s)

2022-02-18 15:32:38 - [MESSAGE][PASSED] - Delayed 1 second(s)

2022-02-18 15:32:38 - [TEST_STEP][PASSED] - setText(LOGN_EdtRdyPassword, "Shalawa18", 0): Text 'Shalawa18' has been set to element 'Object Repository/Mobile/Page/Login/Input Rdy - Password'

2022-02-18 15:32:38 - [MESSAGE][WARNING] - Timeout '0' is invalid. Using default page load timeout: '60'

2022-02-18 15:32:39 - [MESSAGE][PASSED] - Text 'Shalawa18' has been set to element 'Object Repository/Mobile/Page/Login/Input Rdy - Password'

2022-02-18 15:32:39 - [TEST_STEP][PASSED] - delay(1): Delayed 1 second(s)

2022-02-18 15:32:40 - [MESSAGE][PASSED] - Delayed 1 second(s)

2022-02-18 15:32:40 - [TEST_STEP][PASSED] - hideKeyboard(): Keyboard is hidden

2022-02-18 15:32:47 - [MESSAGE][PASSED] - Keyboard is hidden

2022-02-18 15:32:47 - [TEST_STEP][PASSED] - tap(LOGN_BtnLogin, 0): Tapped on element 'Object Repository/Mobile/Page/Login/Button - Login'

2022-02-18 15:32:47 - [MESSAGE][WARNING] - Timeout '0' is invalid. Using default page load timeout: '60'

2022-02-18 15:32:48 - [MESSAGE][PASSED] - Tapped on element 'Object Repository/Mobile/Page/Login/Button - Login'

2022-02-18 15:32:48 - [TEST_STEP][PASSED] - delay(2): Delayed 2 second(s)

2022-02-18 15:32:50 - [MESSAGE][PASSED] - Delayed 2 second(s)

2022-02-18 15:32:50 - [TEST_STEP][PASSED] - break: null

2022-02-18 15:32:50 - [MESSAGE][PASSED] - Call Test Case 'Test Cases/Mobile/Page/Login/Login' successfully

2022-02-18 15:32:50 - [MESSAGE][PASSED] - Call Test Case 'Test Cases/Mobile/Page/CheckLogin' successfully

2022-02-18 15:32:50 - [TEST_STEP][PASSED] - tap(HOME_MenubarNews, 0): Tapped on element 'Object Repository/Mobile/Page/Home/Menubar - News'

2022-02-18 15:32:50 - [MESSAGE][WARNING] - Timeout '0' is invalid. Using default page load timeout: '60'

2022-02-18 15:32:52 - [MESSAGE][PASSED] - Tapped on element 'Object Repository/Mobile/Page/Home/Menubar - News'

2022-02-18 15:32:52 - [TEST_STEP][PASSED] - delay(1): Delayed 1 second(s)

2022-02-18 15:32:53 - [MESSAGE][PASSED] - Delayed 1 second(s)

2022-02-18 15:32:53 - [TEST_STEP][PASSED] - for ([i = 0, i < 1, (i++)]): Delayed 3 second(s)

2022-02-18 15:32:53 - [TEST_STEP][PASSED] - if (tab == "macronews"): null

2022-02-18 15:32:53 - [TEST_STEP][PASSED] - else if (tab == "stocknews"): null

2022-02-18 15:32:53 - [TEST_STEP][PASSED] - else if (tab == "fundnews"): null

2022-02-18 15:32:53 - [TEST_STEP][PASSED] - else if (tab == "bondnews"): Tapped on element 'Object Repository/Mobile/Page/News/Tab - Bond'

2022-02-18 15:32:53 - [TEST_STEP][PASSED] - tap(NEWS_TabBond, 0): Tapped on element 'Object Repository/Mobile/Page/News/Tab - Bond'

2022-02-18 15:32:53 - [MESSAGE][WARNING] - Timeout '0' is invalid. Using default page load timeout: '60'

2022-02-18 15:32:55 - [MESSAGE][PASSED] - Tapped on element 'Object Repository/Mobile/Page/News/Tab - Bond'

2022-02-18 15:32:55 - [TEST_STEP][PASSED] - delay(1): Delayed 1 second(s)

2022-02-18 15:32:56 - [MESSAGE][PASSED] - Delayed 1 second(s)

2022-02-18 15:32:56 - [TEST_STEP][PASSED] - if (tab != "worldindices"): Delayed 3 second(s)

2022-02-18 15:32:56 - [TEST_STEP][PASSED] - try: Delayed 3 second(s)

2022-02-18 15:32:56 - [TEST_STEP][PASSED] - tapAndHold(NEWS_ItemTopNews, 1, 10): Tapped and held on element 'Object Repository/Mobile/Page/News/Item - Top News' with duration 1

2022-02-18 15:32:59 - [MESSAGE][PASSED] - Tapped and held on element 'Object Repository/Mobile/Page/News/Item - Top News' with duration 1

2022-02-18 15:32:59 - [TEST_STEP][PASSED] - delay(1): Delayed 1 second(s)

2022-02-18 15:33:00 - [MESSAGE][PASSED] - Delayed 1 second(s)

2022-02-18 15:33:00 - [TEST_STEP][PASSED] - scroll.scroll.scrollScreenBottomToTop(): scroll.scroll.scrollScreenBottomToTop is PASSED

2022-02-18 15:33:00 - [MESSAGE][PASSED] - Current device physical height is 1423

2022-02-18 15:33:01 - [MESSAGE][PASSED] - Current device physical width is 720

2022-02-18 15:33:02 - [MESSAGE][PASSED] - Swiped from 360,1,138 to 360,284

2022-02-18 15:33:02 - [MESSAGE][PASSED] - scroll.scroll.scrollScreenBottomToTop is PASSED

2022-02-18 15:33:02 - [TEST_STEP][PASSED] - delay(3): Delayed 3 second(s)

2022-02-18 15:33:05 - [MESSAGE][PASSED] - Delayed 3 second(s)

2022-02-18 15:33:05 - [MESSAGE][PASSED] - Call Test Case 'Test Cases/Mobile/Page/News/News' successfully

2022-02-18 15:33:05 - [TEST_STEP][PASSED] - callTestCase(findTestCase("Mobile/Page/Run App/Terminate App"), [:], STOP_ON_FAILURE): Call Test Case 'Test Cases/Mobile/Page/Run App/Terminate App' successfully

2022-02-18 15:33:05 - [TEST_CASE][PASSED] - Test Cases/Mobile/Page/Run App/Terminate App: Test Cases/Mobile/Page/Run App/Terminate App

2022-02-18 15:33:05 - [TEST_STEP][PASSED] - startApp.OpenApp.terminateApplication(): startApp.OpenApp.terminateApplication is PASSED

2022-02-18 15:33:08 - [MESSAGE][PASSED] - Delayed 3 second(s)

2022-02-18 15:33:09 - [MESSAGE][PASSED] - Current device physical width is 720

2022-02-18 15:33:09 - [MESSAGE][PASSED] - Current device physical height is 1423

2022-02-18 15:33:11 - [MESSAGE][PASSED] - Swiped from 360,853 to 360,142

2022-02-18 15:33:12 - [MESSAGE][PASSED] - Delayed 1 second(s)

2022-02-18 15:33:13 - [MESSAGE][PASSED] - Swiped from 360,853 to 360,142

2022-02-18 15:33:17 - [MESSAGE][PASSED] - Delayed 3 second(s)

2022-02-18 15:33:17 - [MESSAGE][PASSED] - startApp.OpenApp.terminateApplication is PASSED

2022-02-18 15:33:17 - [MESSAGE][PASSED] - Call Test Case 'Test Cases/Mobile/Page/Run App/Terminate App' successfully]]></system-out>
         <system-err><![CDATA[]]></system-err>
      </testcase>
      <testcase name="Test Cases/Mobile/Scenario/News/005 - Macro News" time="75.874" classname="Test Cases/Mobile/Scenario/News/005 - Macro News" status="PASSED">
         <system-out><![CDATA[2022-02-18 15:33:17 - [TEST_CASE][PASSED] - Test Cases/Mobile/Scenario/News/005 - Macro News: Test Cases/Mobile/Scenario/News/005 - Macro News

2022-02-18 15:33:18 - [TEST_STEP][PASSED] - callTestCase(findTestCase("Mobile/Page/Run App/Run App byID"), [:], STOP_ON_FAILURE): Call Test Case 'Test Cases/Mobile/Page/Run App/Run App byID' successfully

2022-02-18 15:33:18 - [TEST_CASE][PASSED] - Test Cases/Mobile/Page/Run App/Run App byID: Test Cases/Mobile/Page/Run App/Run App byID

2022-02-18 15:33:18 - [TEST_STEP][PASSED] - startApp.OpenApp.startApplication("id.co.miraeasset.sageclub"): startApp.OpenApp.startApplication is PASSED

2022-02-18 15:33:40 - [MESSAGE][PASSED] - Starting app with application ID: 'id.co.miraeasset.sageclub'

2022-02-18 15:33:40 - [MESSAGE][PASSED] - startApp.OpenApp.startApplication is PASSED

2022-02-18 15:33:40 - [MESSAGE][PASSED] - Call Test Case 'Test Cases/Mobile/Page/Run App/Run App byID' successfully

2022-02-18 15:33:40 - [TEST_STEP][PASSED] - callTestCase(findTestCase("Mobile/Page/News/News"), ["tab":"macronews"], CONTINUE_ON_FAILURE): Call Test Case 'Test Cases/Mobile/Page/News/News' successfully

2022-02-18 15:33:40 - [TEST_CASE][PASSED] - Test Cases/Mobile/Page/News/News: Test Cases/Mobile/Page/News/News

2022-02-18 15:33:40 - [TEST_STEP][PASSED] - callTestCase(findTestCase("Mobile/Page/CheckLogin"), [:], CONTINUE_ON_FAILURE): Call Test Case 'Test Cases/Mobile/Page/CheckLogin' successfully

2022-02-18 15:33:40 - [TEST_CASE][PASSED] - Test Cases/Mobile/Page/CheckLogin: Test Cases/Mobile/Page/CheckLogin

2022-02-18 15:33:40 - [TEST_STEP][PASSED] - loginCheck = verifyElementExist(LOGN_BtnLogin, 5, CONTINUE_ON_FAILURE): Element 'Object Repository/Mobile/Page/Login/Button - Login' is exist

2022-02-18 15:33:42 - [MESSAGE][PASSED] - Element 'Object Repository/Mobile/Page/Login/Button - Login' is exist

2022-02-18 15:33:42 - [TEST_STEP][PASSED] - if (loginCheck): Call Test Case 'Test Cases/Mobile/Page/Login/Login' successfully

2022-02-18 15:33:42 - [TEST_STEP][PASSED] - callTestCase(findTestCase("Mobile/Page/Login/Login"), ["action":"username"], CONTINUE_ON_FAILURE): Call Test Case 'Test Cases/Mobile/Page/Login/Login' successfully

2022-02-18 15:33:42 - [TEST_CASE][PASSED] - Test Cases/Mobile/Page/Login/Login: Test Cases/Mobile/Page/Login/Login

2022-02-18 15:33:42 - [TEST_STEP][PASSED] - delay(2): Delayed 2 second(s)

2022-02-18 15:33:44 - [MESSAGE][PASSED] - Delayed 2 second(s)

2022-02-18 15:33:44 - [TEST_STEP][PASSED] - for ([i = 0, i < 1, (i++)]): null

2022-02-18 15:33:44 - [TEST_STEP][PASSED] - if (action == "username"): null

2022-02-18 15:33:44 - [TEST_STEP][PASSED] - tap(LOGN_EdtUserID, 0): Tapped on element 'Object Repository/Mobile/Page/Login/Input - UserID'

2022-02-18 15:33:44 - [MESSAGE][WARNING] - Timeout '0' is invalid. Using default page load timeout: '60'

2022-02-18 15:33:45 - [MESSAGE][PASSED] - Tapped on element 'Object Repository/Mobile/Page/Login/Input - UserID'

2022-02-18 15:33:45 - [TEST_STEP][PASSED] - delay(1): Delayed 1 second(s)

2022-02-18 15:33:46 - [MESSAGE][PASSED] - Delayed 1 second(s)

2022-02-18 15:33:46 - [TEST_STEP][PASSED] - setText(LOGN_EdtRdyUserID, "anggaaditya", 0): Text 'anggaaditya' has been set to element 'Object Repository/Mobile/Page/Login/Input Rdy - UserID'

2022-02-18 15:33:46 - [MESSAGE][WARNING] - Timeout '0' is invalid. Using default page load timeout: '60'

2022-02-18 15:33:47 - [MESSAGE][PASSED] - Text 'anggaaditya' has been set to element 'Object Repository/Mobile/Page/Login/Input Rdy - UserID'

2022-02-18 15:33:47 - [TEST_STEP][PASSED] - delay(1): Delayed 1 second(s)

2022-02-18 15:33:48 - [MESSAGE][PASSED] - Delayed 1 second(s)

2022-02-18 15:33:48 - [TEST_STEP][PASSED] - hideKeyboard(): Keyboard is hidden

2022-02-18 15:33:52 - [MESSAGE][PASSED] - Keyboard is hidden

2022-02-18 15:33:52 - [TEST_STEP][PASSED] - tap(LOGN_EdtPassword, 0): Tapped on element 'Object Repository/Mobile/Page/Login/Input - Password'

2022-02-18 15:33:52 - [MESSAGE][WARNING] - Timeout '0' is invalid. Using default page load timeout: '60'

2022-02-18 15:33:53 - [MESSAGE][PASSED] - Tapped on element 'Object Repository/Mobile/Page/Login/Input - Password'

2022-02-18 15:33:53 - [TEST_STEP][PASSED] - delay(1): Delayed 1 second(s)

2022-02-18 15:33:54 - [MESSAGE][PASSED] - Delayed 1 second(s)

2022-02-18 15:33:54 - [TEST_STEP][PASSED] - setText(LOGN_EdtRdyPassword, "Shalawa18", 0): Text 'Shalawa18' has been set to element 'Object Repository/Mobile/Page/Login/Input Rdy - Password'

2022-02-18 15:33:54 - [MESSAGE][WARNING] - Timeout '0' is invalid. Using default page load timeout: '60'

2022-02-18 15:33:54 - [MESSAGE][PASSED] - Text 'Shalawa18' has been set to element 'Object Repository/Mobile/Page/Login/Input Rdy - Password'

2022-02-18 15:33:54 - [TEST_STEP][PASSED] - delay(1): Delayed 1 second(s)

2022-02-18 15:33:55 - [MESSAGE][PASSED] - Delayed 1 second(s)

2022-02-18 15:33:55 - [TEST_STEP][PASSED] - hideKeyboard(): Keyboard is hidden

2022-02-18 15:34:03 - [MESSAGE][PASSED] - Keyboard is hidden

2022-02-18 15:34:03 - [TEST_STEP][PASSED] - tap(LOGN_BtnLogin, 0): Tapped on element 'Object Repository/Mobile/Page/Login/Button - Login'

2022-02-18 15:34:03 - [MESSAGE][WARNING] - Timeout '0' is invalid. Using default page load timeout: '60'

2022-02-18 15:34:04 - [MESSAGE][PASSED] - Tapped on element 'Object Repository/Mobile/Page/Login/Button - Login'

2022-02-18 15:34:04 - [TEST_STEP][PASSED] - delay(2): Delayed 2 second(s)

2022-02-18 15:34:06 - [MESSAGE][PASSED] - Delayed 2 second(s)

2022-02-18 15:34:06 - [TEST_STEP][PASSED] - break: null

2022-02-18 15:34:06 - [MESSAGE][PASSED] - Call Test Case 'Test Cases/Mobile/Page/Login/Login' successfully

2022-02-18 15:34:06 - [MESSAGE][PASSED] - Call Test Case 'Test Cases/Mobile/Page/CheckLogin' successfully

2022-02-18 15:34:06 - [TEST_STEP][PASSED] - tap(HOME_MenubarNews, 0): Tapped on element 'Object Repository/Mobile/Page/Home/Menubar - News'

2022-02-18 15:34:06 - [MESSAGE][WARNING] - Timeout '0' is invalid. Using default page load timeout: '60'

2022-02-18 15:34:08 - [MESSAGE][PASSED] - Tapped on element 'Object Repository/Mobile/Page/Home/Menubar - News'

2022-02-18 15:34:08 - [TEST_STEP][PASSED] - delay(1): Delayed 1 second(s)

2022-02-18 15:34:09 - [MESSAGE][PASSED] - Delayed 1 second(s)

2022-02-18 15:34:09 - [TEST_STEP][PASSED] - for ([i = 0, i < 1, (i++)]): Delayed 3 second(s)

2022-02-18 15:34:09 - [TEST_STEP][PASSED] - if (tab == "macronews"): Tapped on element 'Object Repository/Mobile/Page/News/Tab - Macro'

2022-02-18 15:34:09 - [TEST_STEP][PASSED] - tap(NEWS_TabMacro, 0): Tapped on element 'Object Repository/Mobile/Page/News/Tab - Macro'

2022-02-18 15:34:09 - [MESSAGE][WARNING] - Timeout '0' is invalid. Using default page load timeout: '60'

2022-02-18 15:34:10 - [MESSAGE][PASSED] - Tapped on element 'Object Repository/Mobile/Page/News/Tab - Macro'

2022-02-18 15:34:10 - [TEST_STEP][PASSED] - delay(1): Delayed 1 second(s)

2022-02-18 15:34:11 - [MESSAGE][PASSED] - Delayed 1 second(s)

2022-02-18 15:34:11 - [TEST_STEP][PASSED] - if (tab != "worldindices"): Delayed 3 second(s)

2022-02-18 15:34:11 - [TEST_STEP][PASSED] - try: Delayed 3 second(s)

2022-02-18 15:34:11 - [TEST_STEP][PASSED] - tapAndHold(NEWS_ItemTopNews, 1, 10): Tapped and held on element 'Object Repository/Mobile/Page/News/Item - Top News' with duration 1

2022-02-18 15:34:14 - [MESSAGE][PASSED] - Tapped and held on element 'Object Repository/Mobile/Page/News/Item - Top News' with duration 1

2022-02-18 15:34:14 - [TEST_STEP][PASSED] - delay(1): Delayed 1 second(s)

2022-02-18 15:34:15 - [MESSAGE][PASSED] - Delayed 1 second(s)

2022-02-18 15:34:15 - [TEST_STEP][PASSED] - scroll.scroll.scrollScreenBottomToTop(): scroll.scroll.scrollScreenBottomToTop is PASSED

2022-02-18 15:34:16 - [MESSAGE][PASSED] - Current device physical height is 1423

2022-02-18 15:34:16 - [MESSAGE][PASSED] - Current device physical width is 720

2022-02-18 15:34:18 - [MESSAGE][PASSED] - Swiped from 360,1,138 to 360,284

2022-02-18 15:34:18 - [MESSAGE][PASSED] - scroll.scroll.scrollScreenBottomToTop is PASSED

2022-02-18 15:34:18 - [TEST_STEP][PASSED] - delay(3): Delayed 3 second(s)

2022-02-18 15:34:21 - [MESSAGE][PASSED] - Delayed 3 second(s)

2022-02-18 15:34:21 - [MESSAGE][PASSED] - Call Test Case 'Test Cases/Mobile/Page/News/News' successfully

2022-02-18 15:34:21 - [TEST_STEP][PASSED] - callTestCase(findTestCase("Mobile/Page/Run App/Terminate App"), [:], STOP_ON_FAILURE): Call Test Case 'Test Cases/Mobile/Page/Run App/Terminate App' successfully

2022-02-18 15:34:21 - [TEST_CASE][PASSED] - Test Cases/Mobile/Page/Run App/Terminate App: Test Cases/Mobile/Page/Run App/Terminate App

2022-02-18 15:34:21 - [TEST_STEP][PASSED] - startApp.OpenApp.terminateApplication(): startApp.OpenApp.terminateApplication is PASSED

2022-02-18 15:34:24 - [MESSAGE][PASSED] - Delayed 3 second(s)

2022-02-18 15:34:25 - [MESSAGE][PASSED] - Current device physical width is 720

2022-02-18 15:34:25 - [MESSAGE][PASSED] - Current device physical height is 1423

2022-02-18 15:34:27 - [MESSAGE][PASSED] - Swiped from 360,853 to 360,142

2022-02-18 15:34:28 - [MESSAGE][PASSED] - Delayed 1 second(s)

2022-02-18 15:34:29 - [MESSAGE][PASSED] - Swiped from 360,853 to 360,142

2022-02-18 15:34:32 - [MESSAGE][PASSED] - Delayed 3 second(s)

2022-02-18 15:34:32 - [MESSAGE][PASSED] - startApp.OpenApp.terminateApplication is PASSED

2022-02-18 15:34:32 - [MESSAGE][PASSED] - Call Test Case 'Test Cases/Mobile/Page/Run App/Terminate App' successfully]]></system-out>
         <system-err><![CDATA[]]></system-err>
      </testcase>
      <system-out><![CDATA[2022-02-18 15:26:32 - [TEST_SUITE][PASSED] - news: Test Cases/Mobile/Scenario/News/005 - Macro News]]></system-out>
      <system-err><![CDATA[]]></system-err>
   </testsuite>
</testsuites>
