<?xml version="1.0" encoding="UTF-8"?>
<testsuites name="news" time="324.07" tests="5" failures="0" skips="0" errors="0">
   <testsuite name="news" tests="5" failures="0" errors="0" time="324.07" skips="0" timestamp="2021-12-08 09:10:15" hostname="Owner - aldy-tft" id="Test Suites/news">
      <properties>
         <property name="deviceName" value="samsung SM-A205F (Android 11)"/>
         <property name="devicePlatform" value=""/>
         <property name="logFolder" value="C:\\Users\\Owner\\Documents\\kerjaan\\KatalonProject\\qa_katalon_pwm\\qa_katalon_pwm\\Reports\\20211208_091007\\news\\20211208_091007"/>
         <property name="logFiles" value="C:\\Users\\Owner\\Documents\\kerjaan\\KatalonProject\\qa_katalon_pwm\\qa_katalon_pwm\\Reports\\20211208_091007\\news\\20211208_091007\\appium.log, C:\\Users\\Owner\\Documents\\kerjaan\\KatalonProject\\qa_katalon_pwm\\qa_katalon_pwm\\Reports\\20211208_091007\\news\\20211208_091007\\execution0.log"/>
         <property name="attachments" value=""/>
         <property name="hostName" value="Owner - aldy-tft"/>
         <property name="os" value="Windows 10 64bit"/>
         <property name="appiumServerStatus" value="{&quot;value&quot;:{&quot;build&quot;:{&quot;version&quot;:&quot;1.22.0&quot;}},&quot;sessionId&quot;:null,&quot;status&quot;:0}"/>
         <property name="katalonVersion" value="7.9.1.208"/>
         <property name="deviceOS" value="Android"/>
         <property name="appiumVersion" value="1.22.0"/>
         <property name="deviceModel" value="SM-A205F"/>
         <property name="hostAddress" value="10.0.30.249"/>
         <property name="deviceManufacturer" value="samsung"/>
         <property name="deviceId" value="RR8M40C9AXE"/>
         <property name="deviceName" value="samsung SM-A205F (Android 11)"/>
         <property name="deviceOSVersion" value="11"/>
      </properties>
      <testcase name="Test Cases/Mobile/Scenario/News/001 - News World Indices" time="77.576" classname="Test Cases/Mobile/Scenario/News/001 - News World Indices" status="PASSED">
         <system-out><![CDATA[2021-12-08 09:10:16 - [TEST_CASE][PASSED] - Test Cases/Mobile/Scenario/News/001 - News World Indices: Test Cases/Mobile/Scenario/News/001 - News World Indices

2021-12-08 09:10:16 - [TEST_STEP][PASSED] - callTestCase(findTestCase("Mobile/Page/Run App/Run App byID"), [:], STOP_ON_FAILURE): Call Test Case 'Test Cases/Mobile/Page/Run App/Run App byID' successfully

2021-12-08 09:10:16 - [TEST_CASE][PASSED] - Test Cases/Mobile/Page/Run App/Run App byID: Test Cases/Mobile/Page/Run App/Run App byID

2021-12-08 09:10:17 - [TEST_STEP][PASSED] - startApp.OpenApp.startApplication("id.co.miraeasset.sageclub"): startApp.OpenApp.startApplication is PASSED

2021-12-08 09:10:18 - [MESSAGE][INFO] - Appium server started on port 57,879

2021-12-08 09:10:33 - [MESSAGE][PASSED] - Starting app with application ID: 'id.co.miraeasset.sageclub'

2021-12-08 09:10:33 - [MESSAGE][PASSED] - startApp.OpenApp.startApplication is PASSED

2021-12-08 09:10:33 - [MESSAGE][PASSED] - Call Test Case 'Test Cases/Mobile/Page/Run App/Run App byID' successfully

2021-12-08 09:10:33 - [TEST_STEP][PASSED] - callTestCase(findTestCase("Mobile/Page/News/News"), ["tab":"worldindices"], CONTINUE_ON_FAILURE): Call Test Case 'Test Cases/Mobile/Page/News/News' successfully

2021-12-08 09:10:33 - [TEST_CASE][PASSED] - Test Cases/Mobile/Page/News/News: Test Cases/Mobile/Page/News/News

2021-12-08 09:10:33 - [TEST_STEP][PASSED] - callTestCase(findTestCase("Mobile/Page/CheckLogin"), [:], CONTINUE_ON_FAILURE): Call Test Case 'Test Cases/Mobile/Page/CheckLogin' successfully

2021-12-08 09:10:33 - [TEST_CASE][PASSED] - Test Cases/Mobile/Page/CheckLogin: Test Cases/Mobile/Page/CheckLogin

2021-12-08 09:10:33 - [TEST_STEP][PASSED] - loginCheck = verifyElementExist(findTestObject("Mobile/Page/Login/Button - Login"), 2, CONTINUE_ON_FAILURE): Element 'Object Repository/Mobile/Page/Login/Button - Login' is exist

2021-12-08 09:10:35 - [MESSAGE][PASSED] - Element 'Object Repository/Mobile/Page/Login/Button - Login' is exist

2021-12-08 09:10:35 - [TEST_STEP][PASSED] - if (loginCheck): Call Test Case 'Test Cases/Mobile/Page/Login/Login' successfully

2021-12-08 09:10:35 - [TEST_STEP][PASSED] - callTestCase(findTestCase("Mobile/Page/Login/Login"), [:], CONTINUE_ON_FAILURE): Call Test Case 'Test Cases/Mobile/Page/Login/Login' successfully

2021-12-08 09:10:35 - [TEST_CASE][PASSED] - Test Cases/Mobile/Page/Login/Login: Test Cases/Mobile/Page/Login/Login

2021-12-08 09:10:36 - [TEST_STEP][PASSED] - delay(2): Delayed 2 second(s)

2021-12-08 09:10:38 - [MESSAGE][PASSED] - Delayed 2 second(s)

2021-12-08 09:10:38 - [TEST_STEP][PASSED] - tap(findTestObject("Mobile/Page/Login/Input - UserID"), 0): Tapped on element 'Object Repository/Mobile/Page/Login/Input - UserID'

2021-12-08 09:10:38 - [MESSAGE][WARNING] - Timeout '0' is invalid. Using default page load timeout: '60'

2021-12-08 09:10:38 - [MESSAGE][PASSED] - Tapped on element 'Object Repository/Mobile/Page/Login/Input - UserID'

2021-12-08 09:10:38 - [TEST_STEP][PASSED] - delay(1): Delayed 1 second(s)

2021-12-08 09:10:39 - [MESSAGE][PASSED] - Delayed 1 second(s)

2021-12-08 09:10:39 - [TEST_STEP][PASSED] - setText(findTestObject("Mobile/Page/Login/Input Rdy - UserID"), "anggaaditya", 0): Text 'anggaaditya' has been set to element 'Object Repository/Mobile/Page/Login/Input Rdy - UserID'

2021-12-08 09:10:39 - [MESSAGE][WARNING] - Timeout '0' is invalid. Using default page load timeout: '60'

2021-12-08 09:10:40 - [MESSAGE][PASSED] - Text 'anggaaditya' has been set to element 'Object Repository/Mobile/Page/Login/Input Rdy - UserID'

2021-12-08 09:10:40 - [TEST_STEP][PASSED] - delay(1): Delayed 1 second(s)

2021-12-08 09:10:41 - [MESSAGE][PASSED] - Delayed 1 second(s)

2021-12-08 09:10:41 - [TEST_STEP][PASSED] - hideKeyboard(): Keyboard is hidden

2021-12-08 09:10:48 - [MESSAGE][PASSED] - Keyboard is hidden

2021-12-08 09:10:48 - [TEST_STEP][PASSED] - tap(findTestObject("Mobile/Page/Login/Input - Password"), 0): Tapped on element 'Object Repository/Mobile/Page/Login/Input - Password'

2021-12-08 09:10:48 - [MESSAGE][WARNING] - Timeout '0' is invalid. Using default page load timeout: '60'

2021-12-08 09:10:48 - [MESSAGE][PASSED] - Tapped on element 'Object Repository/Mobile/Page/Login/Input - Password'

2021-12-08 09:10:48 - [TEST_STEP][PASSED] - delay(1): Delayed 1 second(s)

2021-12-08 09:10:49 - [MESSAGE][PASSED] - Delayed 1 second(s)

2021-12-08 09:10:49 - [TEST_STEP][PASSED] - setText(findTestObject("Mobile/Page/Login/Input Rdy - Password"), "Shalawa18", 0): Text 'Shalawa18' has been set to element 'Object Repository/Mobile/Page/Login/Input Rdy - Password'

2021-12-08 09:10:49 - [MESSAGE][WARNING] - Timeout '0' is invalid. Using default page load timeout: '60'

2021-12-08 09:10:50 - [MESSAGE][PASSED] - Text 'Shalawa18' has been set to element 'Object Repository/Mobile/Page/Login/Input Rdy - Password'

2021-12-08 09:10:50 - [TEST_STEP][PASSED] - delay(1): Delayed 1 second(s)

2021-12-08 09:10:51 - [MESSAGE][PASSED] - Delayed 1 second(s)

2021-12-08 09:10:51 - [TEST_STEP][PASSED] - hideKeyboard(): Keyboard is hidden

2021-12-08 09:10:57 - [MESSAGE][PASSED] - Keyboard is hidden

2021-12-08 09:10:57 - [TEST_STEP][PASSED] - tap(findTestObject("Mobile/Page/Login/Button - Login"), 0): Tapped on element 'Object Repository/Mobile/Page/Login/Button - Login'

2021-12-08 09:10:57 - [MESSAGE][WARNING] - Timeout '0' is invalid. Using default page load timeout: '60'

2021-12-08 09:10:57 - [MESSAGE][PASSED] - Tapped on element 'Object Repository/Mobile/Page/Login/Button - Login'

2021-12-08 09:10:57 - [TEST_STEP][PASSED] - delay(2): Delayed 2 second(s)

2021-12-08 09:10:59 - [MESSAGE][PASSED] - Delayed 2 second(s)

2021-12-08 09:10:59 - [MESSAGE][PASSED] - Call Test Case 'Test Cases/Mobile/Page/Login/Login' successfully

2021-12-08 09:10:59 - [MESSAGE][PASSED] - Call Test Case 'Test Cases/Mobile/Page/CheckLogin' successfully

2021-12-08 09:10:59 - [TEST_STEP][PASSED] - tap(findTestObject("Object Repository/Mobile/Page/Home/Menubar - News"), 0): Tapped on element 'Object Repository/Mobile/Page/Home/Menubar - News'

2021-12-08 09:11:00 - [MESSAGE][WARNING] - Timeout '0' is invalid. Using default page load timeout: '60'

2021-12-08 09:11:03 - [MESSAGE][PASSED] - Tapped on element 'Object Repository/Mobile/Page/Home/Menubar - News'

2021-12-08 09:11:03 - [TEST_STEP][PASSED] - delay(1): Delayed 1 second(s)

2021-12-08 09:11:04 - [MESSAGE][PASSED] - Delayed 1 second(s)

2021-12-08 09:11:04 - [TEST_STEP][PASSED] - for ([i = 0, i < 1, (i++)]): null

2021-12-08 09:11:04 - [TEST_STEP][PASSED] - if (tab == "macronews"): null

2021-12-08 09:11:04 - [TEST_STEP][PASSED] - else if (tab == "stocknews"): null

2021-12-08 09:11:04 - [TEST_STEP][PASSED] - else if (tab == "fundnews"): null

2021-12-08 09:11:04 - [TEST_STEP][PASSED] - else if (tab == "bondnews"): null

2021-12-08 09:11:04 - [TEST_STEP][PASSED] - else if (tab == "worldindices"): Delayed 3 second(s)

2021-12-08 09:11:04 - [TEST_STEP][PASSED] - scroll.scroll.scrollScreenRightToLeft(findTestObject("Object Repository/Mobile/Page/News/Tab - Macro News")): scroll.scroll.scrollScreenRightToLeft is PASSED

2021-12-08 09:11:04 - [MESSAGE][WARNING] - Timeout '0' is invalid. Using default page load timeout: '60'

2021-12-08 09:11:04 - [MESSAGE][PASSED] - Object 'Object Repository/Mobile/Page/News/Tab - Macro News' has left position '14'

2021-12-08 09:11:04 - [MESSAGE][WARNING] - Timeout '0' is invalid. Using default page load timeout: '60'

2021-12-08 09:11:05 - [MESSAGE][PASSED] - Object 'Object Repository/Mobile/Page/News/Tab - Macro News' has top position '262'

2021-12-08 09:11:05 - [MESSAGE][WARNING] - Timeout '0' is invalid. Using default page load timeout: '60'

2021-12-08 09:11:05 - [MESSAGE][PASSED] - Object 'Object Repository/Mobile/Page/News/Tab - Macro News' has width: '215'

2021-12-08 09:11:05 - [MESSAGE][WARNING] - Timeout '0' is invalid. Using default page load timeout: '60'

2021-12-08 09:11:05 - [MESSAGE][PASSED] - Object 'Object Repository/Mobile/Page/News/Tab - Macro News' has height: '84'

2021-12-08 09:11:05 - [MESSAGE][PASSED] - Current device physical width is 720

2021-12-08 09:11:06 - [MESSAGE][PASSED] - Swiped from 620,304 to 100,304

2021-12-08 09:11:06 - [MESSAGE][PASSED] - scroll.scroll.scrollScreenRightToLeft is PASSED

2021-12-08 09:11:06 - [TEST_STEP][PASSED] - delay(1): Delayed 1 second(s)

2021-12-08 09:11:07 - [MESSAGE][PASSED] - Delayed 1 second(s)

2021-12-08 09:11:07 - [TEST_STEP][PASSED] - tap(findTestObject("Object Repository/Mobile/Page/News/Tab - World Indices"), 0): Tapped on element 'Object Repository/Mobile/Page/News/Tab - World Indices'

2021-12-08 09:11:07 - [MESSAGE][WARNING] - Timeout '0' is invalid. Using default page load timeout: '60'

2021-12-08 09:11:09 - [MESSAGE][PASSED] - Tapped on element 'Object Repository/Mobile/Page/News/Tab - World Indices'

2021-12-08 09:11:09 - [TEST_STEP][PASSED] - delay(1): Delayed 1 second(s)

2021-12-08 09:11:10 - [MESSAGE][PASSED] - Delayed 1 second(s)

2021-12-08 09:11:10 - [TEST_STEP][PASSED] - tap(findTestObject("Object Repository/Mobile/Page/News/Button - Indices"), 0): Tapped on element 'Object Repository/Mobile/Page/News/Button - Indices'

2021-12-08 09:11:10 - [MESSAGE][WARNING] - Timeout '0' is invalid. Using default page load timeout: '60'

2021-12-08 09:11:11 - [MESSAGE][PASSED] - Tapped on element 'Object Repository/Mobile/Page/News/Button - Indices'

2021-12-08 09:11:11 - [TEST_STEP][PASSED] - delay(3): Delayed 3 second(s)

2021-12-08 09:11:14 - [MESSAGE][PASSED] - Delayed 3 second(s)

2021-12-08 09:11:14 - [TEST_STEP][PASSED] - tap(findTestObject("Object Repository/Mobile/Page/News/Button - Currencies"), 0): Tapped on element 'Object Repository/Mobile/Page/News/Button - Currencies'

2021-12-08 09:11:14 - [MESSAGE][WARNING] - Timeout '0' is invalid. Using default page load timeout: '60'

2021-12-08 09:11:15 - [MESSAGE][PASSED] - Tapped on element 'Object Repository/Mobile/Page/News/Button - Currencies'

2021-12-08 09:11:15 - [TEST_STEP][PASSED] - delay(3): Delayed 3 second(s)

2021-12-08 09:11:18 - [MESSAGE][PASSED] - Delayed 3 second(s)

2021-12-08 09:11:18 - [TEST_STEP][PASSED] - tap(findTestObject("Object Repository/Mobile/Page/News/Button - Commodites"), 0): Tapped on element 'Object Repository/Mobile/Page/News/Button - Commodites'

2021-12-08 09:11:18 - [MESSAGE][WARNING] - Timeout '0' is invalid. Using default page load timeout: '60'

2021-12-08 09:11:19 - [MESSAGE][PASSED] - Tapped on element 'Object Repository/Mobile/Page/News/Button - Commodites'

2021-12-08 09:11:19 - [TEST_STEP][PASSED] - delay(3): Delayed 3 second(s)

2021-12-08 09:11:22 - [MESSAGE][PASSED] - Delayed 3 second(s)

2021-12-08 09:11:22 - [TEST_STEP][PASSED] - delay(1): Delayed 1 second(s)

2021-12-08 09:11:23 - [MESSAGE][PASSED] - Delayed 1 second(s)

2021-12-08 09:11:23 - [TEST_STEP][PASSED] - if (tab != "worldindices"): null

2021-12-08 09:11:23 - [MESSAGE][PASSED] - Call Test Case 'Test Cases/Mobile/Page/News/News' successfully

2021-12-08 09:11:23 - [TEST_STEP][PASSED] - callTestCase(findTestCase("Mobile/Page/Run App/Terminate App"), [:], STOP_ON_FAILURE): Call Test Case 'Test Cases/Mobile/Page/Run App/Terminate App' successfully

2021-12-08 09:11:23 - [TEST_CASE][PASSED] - Test Cases/Mobile/Page/Run App/Terminate App: Test Cases/Mobile/Page/Run App/Terminate App

2021-12-08 09:11:23 - [TEST_STEP][PASSED] - startApp.OpenApp.terminateApplication(): startApp.OpenApp.terminateApplication is PASSED

2021-12-08 09:11:26 - [MESSAGE][PASSED] - Delayed 3 second(s)

2021-12-08 09:11:26 - [MESSAGE][PASSED] - Current device physical width is 720

2021-12-08 09:11:27 - [MESSAGE][PASSED] - Current device physical height is 1423

2021-12-08 09:11:28 - [MESSAGE][PASSED] - Swiped from 360,853 to 360,142

2021-12-08 09:11:29 - [MESSAGE][PASSED] - Delayed 1 second(s)

2021-12-08 09:11:30 - [MESSAGE][PASSED] - Swiped from 360,853 to 360,142

2021-12-08 09:11:33 - [MESSAGE][PASSED] - Delayed 3 second(s)

2021-12-08 09:11:33 - [MESSAGE][PASSED] - startApp.OpenApp.terminateApplication is PASSED

2021-12-08 09:11:33 - [MESSAGE][PASSED] - Call Test Case 'Test Cases/Mobile/Page/Run App/Terminate App' successfully]]></system-out>
         <system-err><![CDATA[]]></system-err>
      </testcase>
      <testcase name="Test Cases/Mobile/Scenario/News/002 - News Stock" time="59.569" classname="Test Cases/Mobile/Scenario/News/002 - News Stock" status="PASSED">
         <system-out><![CDATA[2021-12-08 09:11:33 - [TEST_CASE][PASSED] - Test Cases/Mobile/Scenario/News/002 - News Stock: Test Cases/Mobile/Scenario/News/002 - News Stock

2021-12-08 09:11:34 - [TEST_STEP][PASSED] - callTestCase(findTestCase("Mobile/Page/Run App/Run App byID"), [:], STOP_ON_FAILURE): Call Test Case 'Test Cases/Mobile/Page/Run App/Run App byID' successfully

2021-12-08 09:11:34 - [TEST_CASE][PASSED] - Test Cases/Mobile/Page/Run App/Run App byID: Test Cases/Mobile/Page/Run App/Run App byID

2021-12-08 09:11:34 - [TEST_STEP][PASSED] - startApp.OpenApp.startApplication("id.co.miraeasset.sageclub"): startApp.OpenApp.startApplication is PASSED

2021-12-08 09:11:46 - [MESSAGE][PASSED] - Starting app with application ID: 'id.co.miraeasset.sageclub'

2021-12-08 09:11:46 - [MESSAGE][PASSED] - startApp.OpenApp.startApplication is PASSED

2021-12-08 09:11:46 - [MESSAGE][PASSED] - Call Test Case 'Test Cases/Mobile/Page/Run App/Run App byID' successfully

2021-12-08 09:11:46 - [TEST_STEP][PASSED] - callTestCase(findTestCase("Mobile/Page/News/News"), ["tab":"stocknews"], CONTINUE_ON_FAILURE): Call Test Case 'Test Cases/Mobile/Page/News/News' successfully

2021-12-08 09:11:46 - [TEST_CASE][PASSED] - Test Cases/Mobile/Page/News/News: Test Cases/Mobile/Page/News/News

2021-12-08 09:11:46 - [TEST_STEP][PASSED] - callTestCase(findTestCase("Mobile/Page/CheckLogin"), [:], CONTINUE_ON_FAILURE): Call Test Case 'Test Cases/Mobile/Page/CheckLogin' successfully

2021-12-08 09:11:46 - [TEST_CASE][PASSED] - Test Cases/Mobile/Page/CheckLogin: Test Cases/Mobile/Page/CheckLogin

2021-12-08 09:11:46 - [TEST_STEP][PASSED] - loginCheck = verifyElementExist(findTestObject("Mobile/Page/Login/Button - Login"), 2, CONTINUE_ON_FAILURE): Element 'Object Repository/Mobile/Page/Login/Button - Login' is exist

2021-12-08 09:11:49 - [MESSAGE][PASSED] - Element 'Object Repository/Mobile/Page/Login/Button - Login' is exist

2021-12-08 09:11:49 - [TEST_STEP][PASSED] - if (loginCheck): Call Test Case 'Test Cases/Mobile/Page/Login/Login' successfully

2021-12-08 09:11:49 - [TEST_STEP][PASSED] - callTestCase(findTestCase("Mobile/Page/Login/Login"), [:], CONTINUE_ON_FAILURE): Call Test Case 'Test Cases/Mobile/Page/Login/Login' successfully

2021-12-08 09:11:49 - [TEST_CASE][PASSED] - Test Cases/Mobile/Page/Login/Login: Test Cases/Mobile/Page/Login/Login

2021-12-08 09:11:49 - [TEST_STEP][PASSED] - delay(2): Delayed 2 second(s)

2021-12-08 09:11:51 - [MESSAGE][PASSED] - Delayed 2 second(s)

2021-12-08 09:11:51 - [TEST_STEP][PASSED] - tap(findTestObject("Mobile/Page/Login/Input - UserID"), 0): Tapped on element 'Object Repository/Mobile/Page/Login/Input - UserID'

2021-12-08 09:11:51 - [MESSAGE][WARNING] - Timeout '0' is invalid. Using default page load timeout: '60'

2021-12-08 09:11:51 - [MESSAGE][PASSED] - Tapped on element 'Object Repository/Mobile/Page/Login/Input - UserID'

2021-12-08 09:11:51 - [TEST_STEP][PASSED] - delay(1): Delayed 1 second(s)

2021-12-08 09:11:52 - [MESSAGE][PASSED] - Delayed 1 second(s)

2021-12-08 09:11:52 - [TEST_STEP][PASSED] - setText(findTestObject("Mobile/Page/Login/Input Rdy - UserID"), "anggaaditya", 0): Text 'anggaaditya' has been set to element 'Object Repository/Mobile/Page/Login/Input Rdy - UserID'

2021-12-08 09:11:52 - [MESSAGE][WARNING] - Timeout '0' is invalid. Using default page load timeout: '60'

2021-12-08 09:11:53 - [MESSAGE][PASSED] - Text 'anggaaditya' has been set to element 'Object Repository/Mobile/Page/Login/Input Rdy - UserID'

2021-12-08 09:11:53 - [TEST_STEP][PASSED] - delay(1): Delayed 1 second(s)

2021-12-08 09:11:54 - [MESSAGE][PASSED] - Delayed 1 second(s)

2021-12-08 09:11:54 - [TEST_STEP][PASSED] - hideKeyboard(): Keyboard is hidden

2021-12-08 09:11:58 - [MESSAGE][PASSED] - Keyboard is hidden

2021-12-08 09:11:58 - [TEST_STEP][PASSED] - tap(findTestObject("Mobile/Page/Login/Input - Password"), 0): Tapped on element 'Object Repository/Mobile/Page/Login/Input - Password'

2021-12-08 09:11:58 - [MESSAGE][WARNING] - Timeout '0' is invalid. Using default page load timeout: '60'

2021-12-08 09:11:58 - [MESSAGE][PASSED] - Tapped on element 'Object Repository/Mobile/Page/Login/Input - Password'

2021-12-08 09:11:58 - [TEST_STEP][PASSED] - delay(1): Delayed 1 second(s)

2021-12-08 09:11:59 - [MESSAGE][PASSED] - Delayed 1 second(s)

2021-12-08 09:11:59 - [TEST_STEP][PASSED] - setText(findTestObject("Mobile/Page/Login/Input Rdy - Password"), "Shalawa18", 0): Text 'Shalawa18' has been set to element 'Object Repository/Mobile/Page/Login/Input Rdy - Password'

2021-12-08 09:11:59 - [MESSAGE][WARNING] - Timeout '0' is invalid. Using default page load timeout: '60'

2021-12-08 09:12:00 - [MESSAGE][PASSED] - Text 'Shalawa18' has been set to element 'Object Repository/Mobile/Page/Login/Input Rdy - Password'

2021-12-08 09:12:00 - [TEST_STEP][PASSED] - delay(1): Delayed 1 second(s)

2021-12-08 09:12:01 - [MESSAGE][PASSED] - Delayed 1 second(s)

2021-12-08 09:12:01 - [TEST_STEP][PASSED] - hideKeyboard(): Keyboard is hidden

2021-12-08 09:12:07 - [MESSAGE][PASSED] - Keyboard is hidden

2021-12-08 09:12:07 - [TEST_STEP][PASSED] - tap(findTestObject("Mobile/Page/Login/Button - Login"), 0): Tapped on element 'Object Repository/Mobile/Page/Login/Button - Login'

2021-12-08 09:12:07 - [MESSAGE][WARNING] - Timeout '0' is invalid. Using default page load timeout: '60'

2021-12-08 09:12:07 - [MESSAGE][PASSED] - Tapped on element 'Object Repository/Mobile/Page/Login/Button - Login'

2021-12-08 09:12:07 - [TEST_STEP][PASSED] - delay(2): Delayed 2 second(s)

2021-12-08 09:12:09 - [MESSAGE][PASSED] - Delayed 2 second(s)

2021-12-08 09:12:09 - [MESSAGE][PASSED] - Call Test Case 'Test Cases/Mobile/Page/Login/Login' successfully

2021-12-08 09:12:09 - [MESSAGE][PASSED] - Call Test Case 'Test Cases/Mobile/Page/CheckLogin' successfully

2021-12-08 09:12:09 - [TEST_STEP][PASSED] - tap(findTestObject("Object Repository/Mobile/Page/Home/Menubar - News"), 0): Tapped on element 'Object Repository/Mobile/Page/Home/Menubar - News'

2021-12-08 09:12:10 - [MESSAGE][WARNING] - Timeout '0' is invalid. Using default page load timeout: '60'

2021-12-08 09:12:10 - [MESSAGE][PASSED] - Tapped on element 'Object Repository/Mobile/Page/Home/Menubar - News'

2021-12-08 09:12:10 - [TEST_STEP][PASSED] - delay(1): Delayed 1 second(s)

2021-12-08 09:12:11 - [MESSAGE][PASSED] - Delayed 1 second(s)

2021-12-08 09:12:11 - [TEST_STEP][PASSED] - for ([i = 0, i < 1, (i++)]): Delayed 3 second(s)

2021-12-08 09:12:11 - [TEST_STEP][PASSED] - if (tab == "macronews"): null

2021-12-08 09:12:12 - [TEST_STEP][PASSED] - else if (tab == "stocknews"): Tapped on element 'Object Repository/Mobile/Page/News/Tab - Stock News'

2021-12-08 09:12:12 - [TEST_STEP][PASSED] - tap(findTestObject("Object Repository/Mobile/Page/News/Tab - Stock News"), 0): Tapped on element 'Object Repository/Mobile/Page/News/Tab - Stock News'

2021-12-08 09:12:12 - [MESSAGE][WARNING] - Timeout '0' is invalid. Using default page load timeout: '60'

2021-12-08 09:12:13 - [MESSAGE][PASSED] - Tapped on element 'Object Repository/Mobile/Page/News/Tab - Stock News'

2021-12-08 09:12:13 - [TEST_STEP][PASSED] - delay(1): Delayed 1 second(s)

2021-12-08 09:12:14 - [MESSAGE][PASSED] - Delayed 1 second(s)

2021-12-08 09:12:14 - [TEST_STEP][PASSED] - if (tab != "worldindices"): Delayed 3 second(s)

2021-12-08 09:12:14 - [TEST_STEP][PASSED] - try: Delayed 3 second(s)

2021-12-08 09:12:14 - [TEST_STEP][PASSED] - topnews = verifyElementExist(findTestObject("Object Repository/Mobile/Page/News/Item - Top News"), 0): Element 'Object Repository/Mobile/Page/News/Item - Top News' is exist

2021-12-08 09:12:14 - [MESSAGE][WARNING] - Timeout '0' is invalid. Using default page load timeout: '60'

2021-12-08 09:12:14 - [MESSAGE][PASSED] - Element 'Object Repository/Mobile/Page/News/Item - Top News' is exist

2021-12-08 09:12:14 - [TEST_STEP][PASSED] - if (topnews): Delayed 3 second(s)

2021-12-08 09:12:14 - [TEST_STEP][PASSED] - tapAndHold(findTestObject("Object Repository/Mobile/Page/News/Item - Top News"), 1, 0): Tapped and held on element 'Object Repository/Mobile/Page/News/Item - Top News' with duration 1

2021-12-08 09:12:14 - [MESSAGE][WARNING] - Timeout '0' is invalid. Using default page load timeout: '60'

2021-12-08 09:12:17 - [MESSAGE][PASSED] - Tapped and held on element 'Object Repository/Mobile/Page/News/Item - Top News' with duration 1

2021-12-08 09:12:17 - [TEST_STEP][PASSED] - delay(1): Delayed 1 second(s)

2021-12-08 09:12:18 - [MESSAGE][PASSED] - Delayed 1 second(s)

2021-12-08 09:12:18 - [TEST_STEP][PASSED] - scroll.scroll.scrollScreenBottomToTop(): scroll.scroll.scrollScreenBottomToTop is PASSED

2021-12-08 09:12:18 - [MESSAGE][PASSED] - Current device physical height is 1423

2021-12-08 09:12:18 - [MESSAGE][PASSED] - Current device physical width is 720

2021-12-08 09:12:20 - [MESSAGE][PASSED] - Swiped from 360,1,138 to 360,284

2021-12-08 09:12:20 - [MESSAGE][PASSED] - scroll.scroll.scrollScreenBottomToTop is PASSED

2021-12-08 09:12:20 - [TEST_STEP][PASSED] - delay(3): Delayed 3 second(s)

2021-12-08 09:12:23 - [MESSAGE][PASSED] - Delayed 3 second(s)

2021-12-08 09:12:23 - [MESSAGE][PASSED] - Call Test Case 'Test Cases/Mobile/Page/News/News' successfully

2021-12-08 09:12:23 - [TEST_STEP][PASSED] - callTestCase(findTestCase("Mobile/Page/Run App/Terminate App"), [:], STOP_ON_FAILURE): Call Test Case 'Test Cases/Mobile/Page/Run App/Terminate App' successfully

2021-12-08 09:12:23 - [TEST_CASE][PASSED] - Test Cases/Mobile/Page/Run App/Terminate App: Test Cases/Mobile/Page/Run App/Terminate App

2021-12-08 09:12:23 - [TEST_STEP][PASSED] - startApp.OpenApp.terminateApplication(): startApp.OpenApp.terminateApplication is PASSED

2021-12-08 09:12:26 - [MESSAGE][PASSED] - Delayed 3 second(s)

2021-12-08 09:12:26 - [MESSAGE][PASSED] - Current device physical width is 720

2021-12-08 09:12:26 - [MESSAGE][PASSED] - Current device physical height is 1423

2021-12-08 09:12:28 - [MESSAGE][PASSED] - Swiped from 360,853 to 360,142

2021-12-08 09:12:29 - [MESSAGE][PASSED] - Delayed 1 second(s)

2021-12-08 09:12:30 - [MESSAGE][PASSED] - Swiped from 360,853 to 360,142

2021-12-08 09:12:33 - [MESSAGE][PASSED] - Delayed 3 second(s)

2021-12-08 09:12:33 - [MESSAGE][PASSED] - startApp.OpenApp.terminateApplication is PASSED

2021-12-08 09:12:33 - [MESSAGE][PASSED] - Call Test Case 'Test Cases/Mobile/Page/Run App/Terminate App' successfully]]></system-out>
         <system-err><![CDATA[]]></system-err>
      </testcase>
      <testcase name="Test Cases/Mobile/Scenario/News/003 - News Fund" time="58.054" classname="Test Cases/Mobile/Scenario/News/003 - News Fund" status="PASSED">
         <system-out><![CDATA[2021-12-08 09:12:33 - [TEST_CASE][PASSED] - Test Cases/Mobile/Scenario/News/003 - News Fund: Test Cases/Mobile/Scenario/News/003 - News Fund

2021-12-08 09:12:33 - [TEST_STEP][PASSED] - callTestCase(findTestCase("Mobile/Page/Run App/Run App byID"), [:], STOP_ON_FAILURE): Call Test Case 'Test Cases/Mobile/Page/Run App/Run App byID' successfully

2021-12-08 09:12:33 - [TEST_CASE][PASSED] - Test Cases/Mobile/Page/Run App/Run App byID: Test Cases/Mobile/Page/Run App/Run App byID

2021-12-08 09:12:33 - [TEST_STEP][PASSED] - startApp.OpenApp.startApplication("id.co.miraeasset.sageclub"): startApp.OpenApp.startApplication is PASSED

2021-12-08 09:12:45 - [MESSAGE][PASSED] - Starting app with application ID: 'id.co.miraeasset.sageclub'

2021-12-08 09:12:45 - [MESSAGE][PASSED] - startApp.OpenApp.startApplication is PASSED

2021-12-08 09:12:45 - [MESSAGE][PASSED] - Call Test Case 'Test Cases/Mobile/Page/Run App/Run App byID' successfully

2021-12-08 09:12:45 - [TEST_STEP][PASSED] - callTestCase(findTestCase("Mobile/Page/News/News"), ["tab":"fundnews"], CONTINUE_ON_FAILURE): Call Test Case 'Test Cases/Mobile/Page/News/News' successfully

2021-12-08 09:12:45 - [TEST_CASE][PASSED] - Test Cases/Mobile/Page/News/News: Test Cases/Mobile/Page/News/News

2021-12-08 09:12:45 - [TEST_STEP][PASSED] - callTestCase(findTestCase("Mobile/Page/CheckLogin"), [:], CONTINUE_ON_FAILURE): Call Test Case 'Test Cases/Mobile/Page/CheckLogin' successfully

2021-12-08 09:12:45 - [TEST_CASE][PASSED] - Test Cases/Mobile/Page/CheckLogin: Test Cases/Mobile/Page/CheckLogin

2021-12-08 09:12:45 - [TEST_STEP][PASSED] - loginCheck = verifyElementExist(findTestObject("Mobile/Page/Login/Button - Login"), 2, CONTINUE_ON_FAILURE): Element 'Object Repository/Mobile/Page/Login/Button - Login' is exist

2021-12-08 09:12:47 - [MESSAGE][PASSED] - Element 'Object Repository/Mobile/Page/Login/Button - Login' is exist

2021-12-08 09:12:47 - [TEST_STEP][PASSED] - if (loginCheck): Call Test Case 'Test Cases/Mobile/Page/Login/Login' successfully

2021-12-08 09:12:47 - [TEST_STEP][PASSED] - callTestCase(findTestCase("Mobile/Page/Login/Login"), [:], CONTINUE_ON_FAILURE): Call Test Case 'Test Cases/Mobile/Page/Login/Login' successfully

2021-12-08 09:12:47 - [TEST_CASE][PASSED] - Test Cases/Mobile/Page/Login/Login: Test Cases/Mobile/Page/Login/Login

2021-12-08 09:12:47 - [TEST_STEP][PASSED] - delay(2): Delayed 2 second(s)

2021-12-08 09:12:49 - [MESSAGE][PASSED] - Delayed 2 second(s)

2021-12-08 09:12:49 - [TEST_STEP][PASSED] - tap(findTestObject("Mobile/Page/Login/Input - UserID"), 0): Tapped on element 'Object Repository/Mobile/Page/Login/Input - UserID'

2021-12-08 09:12:49 - [MESSAGE][WARNING] - Timeout '0' is invalid. Using default page load timeout: '60'

2021-12-08 09:12:50 - [MESSAGE][PASSED] - Tapped on element 'Object Repository/Mobile/Page/Login/Input - UserID'

2021-12-08 09:12:50 - [TEST_STEP][PASSED] - delay(1): Delayed 1 second(s)

2021-12-08 09:12:51 - [MESSAGE][PASSED] - Delayed 1 second(s)

2021-12-08 09:12:51 - [TEST_STEP][PASSED] - setText(findTestObject("Mobile/Page/Login/Input Rdy - UserID"), "anggaaditya", 0): Text 'anggaaditya' has been set to element 'Object Repository/Mobile/Page/Login/Input Rdy - UserID'

2021-12-08 09:12:51 - [MESSAGE][WARNING] - Timeout '0' is invalid. Using default page load timeout: '60'

2021-12-08 09:12:51 - [MESSAGE][PASSED] - Text 'anggaaditya' has been set to element 'Object Repository/Mobile/Page/Login/Input Rdy - UserID'

2021-12-08 09:12:51 - [TEST_STEP][PASSED] - delay(1): Delayed 1 second(s)

2021-12-08 09:12:52 - [MESSAGE][PASSED] - Delayed 1 second(s)

2021-12-08 09:12:52 - [TEST_STEP][PASSED] - hideKeyboard(): Keyboard is hidden

2021-12-08 09:12:56 - [MESSAGE][PASSED] - Keyboard is hidden

2021-12-08 09:12:56 - [TEST_STEP][PASSED] - tap(findTestObject("Mobile/Page/Login/Input - Password"), 0): Tapped on element 'Object Repository/Mobile/Page/Login/Input - Password'

2021-12-08 09:12:56 - [MESSAGE][WARNING] - Timeout '0' is invalid. Using default page load timeout: '60'

2021-12-08 09:12:56 - [MESSAGE][PASSED] - Tapped on element 'Object Repository/Mobile/Page/Login/Input - Password'

2021-12-08 09:12:56 - [TEST_STEP][PASSED] - delay(1): Delayed 1 second(s)

2021-12-08 09:12:57 - [MESSAGE][PASSED] - Delayed 1 second(s)

2021-12-08 09:12:57 - [TEST_STEP][PASSED] - setText(findTestObject("Mobile/Page/Login/Input Rdy - Password"), "Shalawa18", 0): Text 'Shalawa18' has been set to element 'Object Repository/Mobile/Page/Login/Input Rdy - Password'

2021-12-08 09:12:57 - [MESSAGE][WARNING] - Timeout '0' is invalid. Using default page load timeout: '60'

2021-12-08 09:12:58 - [MESSAGE][PASSED] - Text 'Shalawa18' has been set to element 'Object Repository/Mobile/Page/Login/Input Rdy - Password'

2021-12-08 09:12:58 - [TEST_STEP][PASSED] - delay(1): Delayed 1 second(s)

2021-12-08 09:12:59 - [MESSAGE][PASSED] - Delayed 1 second(s)

2021-12-08 09:12:59 - [TEST_STEP][PASSED] - hideKeyboard(): Keyboard is hidden

2021-12-08 09:13:05 - [MESSAGE][PASSED] - Keyboard is hidden

2021-12-08 09:13:05 - [TEST_STEP][PASSED] - tap(findTestObject("Mobile/Page/Login/Button - Login"), 0): Tapped on element 'Object Repository/Mobile/Page/Login/Button - Login'

2021-12-08 09:13:05 - [MESSAGE][WARNING] - Timeout '0' is invalid. Using default page load timeout: '60'

2021-12-08 09:13:06 - [MESSAGE][PASSED] - Tapped on element 'Object Repository/Mobile/Page/Login/Button - Login'

2021-12-08 09:13:06 - [TEST_STEP][PASSED] - delay(2): Delayed 2 second(s)

2021-12-08 09:13:08 - [MESSAGE][PASSED] - Delayed 2 second(s)

2021-12-08 09:13:08 - [MESSAGE][PASSED] - Call Test Case 'Test Cases/Mobile/Page/Login/Login' successfully

2021-12-08 09:13:08 - [MESSAGE][PASSED] - Call Test Case 'Test Cases/Mobile/Page/CheckLogin' successfully

2021-12-08 09:13:08 - [TEST_STEP][PASSED] - tap(findTestObject("Object Repository/Mobile/Page/Home/Menubar - News"), 0): Tapped on element 'Object Repository/Mobile/Page/Home/Menubar - News'

2021-12-08 09:13:08 - [MESSAGE][WARNING] - Timeout '0' is invalid. Using default page load timeout: '60'

2021-12-08 09:13:09 - [MESSAGE][PASSED] - Tapped on element 'Object Repository/Mobile/Page/Home/Menubar - News'

2021-12-08 09:13:09 - [TEST_STEP][PASSED] - delay(1): Delayed 1 second(s)

2021-12-08 09:13:10 - [MESSAGE][PASSED] - Delayed 1 second(s)

2021-12-08 09:13:10 - [TEST_STEP][PASSED] - for ([i = 0, i < 1, (i++)]): Delayed 3 second(s)

2021-12-08 09:13:10 - [TEST_STEP][PASSED] - if (tab == "macronews"): null

2021-12-08 09:13:10 - [TEST_STEP][PASSED] - else if (tab == "stocknews"): null

2021-12-08 09:13:10 - [TEST_STEP][PASSED] - else if (tab == "fundnews"): Tapped on element 'Object Repository/Mobile/Page/News/Tab - Fund News'

2021-12-08 09:13:10 - [TEST_STEP][PASSED] - tap(findTestObject("Object Repository/Mobile/Page/News/Tab - Fund News"), 0): Tapped on element 'Object Repository/Mobile/Page/News/Tab - Fund News'

2021-12-08 09:13:10 - [MESSAGE][WARNING] - Timeout '0' is invalid. Using default page load timeout: '60'

2021-12-08 09:13:11 - [MESSAGE][PASSED] - Tapped on element 'Object Repository/Mobile/Page/News/Tab - Fund News'

2021-12-08 09:13:11 - [TEST_STEP][PASSED] - delay(1): Delayed 1 second(s)

2021-12-08 09:13:12 - [MESSAGE][PASSED] - Delayed 1 second(s)

2021-12-08 09:13:12 - [TEST_STEP][PASSED] - if (tab != "worldindices"): Delayed 3 second(s)

2021-12-08 09:13:12 - [TEST_STEP][PASSED] - try: Delayed 3 second(s)

2021-12-08 09:13:12 - [TEST_STEP][PASSED] - topnews = verifyElementExist(findTestObject("Object Repository/Mobile/Page/News/Item - Top News"), 0): Element 'Object Repository/Mobile/Page/News/Item - Top News' is exist

2021-12-08 09:13:12 - [MESSAGE][WARNING] - Timeout '0' is invalid. Using default page load timeout: '60'

2021-12-08 09:13:12 - [MESSAGE][PASSED] - Element 'Object Repository/Mobile/Page/News/Item - Top News' is exist

2021-12-08 09:13:12 - [TEST_STEP][PASSED] - if (topnews): Delayed 3 second(s)

2021-12-08 09:13:12 - [TEST_STEP][PASSED] - tapAndHold(findTestObject("Object Repository/Mobile/Page/News/Item - Top News"), 1, 0): Tapped and held on element 'Object Repository/Mobile/Page/News/Item - Top News' with duration 1

2021-12-08 09:13:12 - [MESSAGE][WARNING] - Timeout '0' is invalid. Using default page load timeout: '60'

2021-12-08 09:13:15 - [MESSAGE][PASSED] - Tapped and held on element 'Object Repository/Mobile/Page/News/Item - Top News' with duration 1

2021-12-08 09:13:15 - [TEST_STEP][PASSED] - delay(1): Delayed 1 second(s)

2021-12-08 09:13:16 - [MESSAGE][PASSED] - Delayed 1 second(s)

2021-12-08 09:13:16 - [TEST_STEP][PASSED] - scroll.scroll.scrollScreenBottomToTop(): scroll.scroll.scrollScreenBottomToTop is PASSED

2021-12-08 09:13:16 - [MESSAGE][PASSED] - Current device physical height is 1423

2021-12-08 09:13:16 - [MESSAGE][PASSED] - Current device physical width is 720

2021-12-08 09:13:18 - [MESSAGE][PASSED] - Swiped from 360,1,138 to 360,284

2021-12-08 09:13:18 - [MESSAGE][PASSED] - scroll.scroll.scrollScreenBottomToTop is PASSED

2021-12-08 09:13:18 - [TEST_STEP][PASSED] - delay(3): Delayed 3 second(s)

2021-12-08 09:13:21 - [MESSAGE][PASSED] - Delayed 3 second(s)

2021-12-08 09:13:21 - [MESSAGE][PASSED] - Call Test Case 'Test Cases/Mobile/Page/News/News' successfully

2021-12-08 09:13:21 - [TEST_STEP][PASSED] - callTestCase(findTestCase("Mobile/Page/Run App/Terminate App"), [:], STOP_ON_FAILURE): Call Test Case 'Test Cases/Mobile/Page/Run App/Terminate App' successfully

2021-12-08 09:13:21 - [TEST_CASE][PASSED] - Test Cases/Mobile/Page/Run App/Terminate App: Test Cases/Mobile/Page/Run App/Terminate App

2021-12-08 09:13:21 - [TEST_STEP][PASSED] - startApp.OpenApp.terminateApplication(): startApp.OpenApp.terminateApplication is PASSED

2021-12-08 09:13:24 - [MESSAGE][PASSED] - Delayed 3 second(s)

2021-12-08 09:13:24 - [MESSAGE][PASSED] - Current device physical width is 720

2021-12-08 09:13:24 - [MESSAGE][PASSED] - Current device physical height is 1423

2021-12-08 09:13:26 - [MESSAGE][PASSED] - Swiped from 360,853 to 360,142

2021-12-08 09:13:27 - [MESSAGE][PASSED] - Delayed 1 second(s)

2021-12-08 09:13:28 - [MESSAGE][PASSED] - Swiped from 360,853 to 360,142

2021-12-08 09:13:31 - [MESSAGE][PASSED] - Delayed 3 second(s)

2021-12-08 09:13:31 - [MESSAGE][PASSED] - startApp.OpenApp.terminateApplication is PASSED

2021-12-08 09:13:31 - [MESSAGE][PASSED] - Call Test Case 'Test Cases/Mobile/Page/Run App/Terminate App' successfully]]></system-out>
         <system-err><![CDATA[]]></system-err>
      </testcase>
      <testcase name="Test Cases/Mobile/Scenario/News/004 - Bond News" time="61.235" classname="Test Cases/Mobile/Scenario/News/004 - Bond News" status="PASSED">
         <system-out><![CDATA[2021-12-08 09:13:31 - [TEST_CASE][PASSED] - Test Cases/Mobile/Scenario/News/004 - Bond News: Test Cases/Mobile/Scenario/News/004 - Bond News

2021-12-08 09:13:31 - [TEST_STEP][PASSED] - callTestCase(findTestCase("Mobile/Page/Run App/Run App byID"), [:], STOP_ON_FAILURE): Call Test Case 'Test Cases/Mobile/Page/Run App/Run App byID' successfully

2021-12-08 09:13:31 - [TEST_CASE][PASSED] - Test Cases/Mobile/Page/Run App/Run App byID: Test Cases/Mobile/Page/Run App/Run App byID

2021-12-08 09:13:31 - [TEST_STEP][PASSED] - startApp.OpenApp.startApplication("id.co.miraeasset.sageclub"): startApp.OpenApp.startApplication is PASSED

2021-12-08 09:13:43 - [MESSAGE][PASSED] - Starting app with application ID: 'id.co.miraeasset.sageclub'

2021-12-08 09:13:43 - [MESSAGE][PASSED] - startApp.OpenApp.startApplication is PASSED

2021-12-08 09:13:43 - [MESSAGE][PASSED] - Call Test Case 'Test Cases/Mobile/Page/Run App/Run App byID' successfully

2021-12-08 09:13:43 - [TEST_STEP][PASSED] - callTestCase(findTestCase("Mobile/Page/News/News"), ["tab":"bondnews"], CONTINUE_ON_FAILURE): Call Test Case 'Test Cases/Mobile/Page/News/News' successfully

2021-12-08 09:13:43 - [TEST_CASE][PASSED] - Test Cases/Mobile/Page/News/News: Test Cases/Mobile/Page/News/News

2021-12-08 09:13:43 - [TEST_STEP][PASSED] - callTestCase(findTestCase("Mobile/Page/CheckLogin"), [:], CONTINUE_ON_FAILURE): Call Test Case 'Test Cases/Mobile/Page/CheckLogin' successfully

2021-12-08 09:13:43 - [TEST_CASE][PASSED] - Test Cases/Mobile/Page/CheckLogin: Test Cases/Mobile/Page/CheckLogin

2021-12-08 09:13:43 - [TEST_STEP][PASSED] - loginCheck = verifyElementExist(findTestObject("Mobile/Page/Login/Button - Login"), 2, CONTINUE_ON_FAILURE): Element 'Object Repository/Mobile/Page/Login/Button - Login' is exist

2021-12-08 09:13:45 - [MESSAGE][PASSED] - Element 'Object Repository/Mobile/Page/Login/Button - Login' is exist

2021-12-08 09:13:45 - [TEST_STEP][PASSED] - if (loginCheck): Call Test Case 'Test Cases/Mobile/Page/Login/Login' successfully

2021-12-08 09:13:45 - [TEST_STEP][PASSED] - callTestCase(findTestCase("Mobile/Page/Login/Login"), [:], CONTINUE_ON_FAILURE): Call Test Case 'Test Cases/Mobile/Page/Login/Login' successfully

2021-12-08 09:13:45 - [TEST_CASE][PASSED] - Test Cases/Mobile/Page/Login/Login: Test Cases/Mobile/Page/Login/Login

2021-12-08 09:13:45 - [TEST_STEP][PASSED] - delay(2): Delayed 2 second(s)

2021-12-08 09:13:47 - [MESSAGE][PASSED] - Delayed 2 second(s)

2021-12-08 09:13:47 - [TEST_STEP][PASSED] - tap(findTestObject("Mobile/Page/Login/Input - UserID"), 0): Tapped on element 'Object Repository/Mobile/Page/Login/Input - UserID'

2021-12-08 09:13:47 - [MESSAGE][WARNING] - Timeout '0' is invalid. Using default page load timeout: '60'

2021-12-08 09:13:48 - [MESSAGE][PASSED] - Tapped on element 'Object Repository/Mobile/Page/Login/Input - UserID'

2021-12-08 09:13:48 - [TEST_STEP][PASSED] - delay(1): Delayed 1 second(s)

2021-12-08 09:13:49 - [MESSAGE][PASSED] - Delayed 1 second(s)

2021-12-08 09:13:49 - [TEST_STEP][PASSED] - setText(findTestObject("Mobile/Page/Login/Input Rdy - UserID"), "anggaaditya", 0): Text 'anggaaditya' has been set to element 'Object Repository/Mobile/Page/Login/Input Rdy - UserID'

2021-12-08 09:13:49 - [MESSAGE][WARNING] - Timeout '0' is invalid. Using default page load timeout: '60'

2021-12-08 09:13:49 - [MESSAGE][PASSED] - Text 'anggaaditya' has been set to element 'Object Repository/Mobile/Page/Login/Input Rdy - UserID'

2021-12-08 09:13:49 - [TEST_STEP][PASSED] - delay(1): Delayed 1 second(s)

2021-12-08 09:13:50 - [MESSAGE][PASSED] - Delayed 1 second(s)

2021-12-08 09:13:50 - [TEST_STEP][PASSED] - hideKeyboard(): Keyboard is hidden

2021-12-08 09:13:54 - [MESSAGE][PASSED] - Keyboard is hidden

2021-12-08 09:13:54 - [TEST_STEP][PASSED] - tap(findTestObject("Mobile/Page/Login/Input - Password"), 0): Tapped on element 'Object Repository/Mobile/Page/Login/Input - Password'

2021-12-08 09:13:54 - [MESSAGE][WARNING] - Timeout '0' is invalid. Using default page load timeout: '60'

2021-12-08 09:13:54 - [MESSAGE][PASSED] - Tapped on element 'Object Repository/Mobile/Page/Login/Input - Password'

2021-12-08 09:13:54 - [TEST_STEP][PASSED] - delay(1): Delayed 1 second(s)

2021-12-08 09:13:55 - [MESSAGE][PASSED] - Delayed 1 second(s)

2021-12-08 09:13:55 - [TEST_STEP][PASSED] - setText(findTestObject("Mobile/Page/Login/Input Rdy - Password"), "Shalawa18", 0): Text 'Shalawa18' has been set to element 'Object Repository/Mobile/Page/Login/Input Rdy - Password'

2021-12-08 09:13:55 - [MESSAGE][WARNING] - Timeout '0' is invalid. Using default page load timeout: '60'

2021-12-08 09:13:56 - [MESSAGE][PASSED] - Text 'Shalawa18' has been set to element 'Object Repository/Mobile/Page/Login/Input Rdy - Password'

2021-12-08 09:13:56 - [TEST_STEP][PASSED] - delay(1): Delayed 1 second(s)

2021-12-08 09:13:57 - [MESSAGE][PASSED] - Delayed 1 second(s)

2021-12-08 09:13:57 - [TEST_STEP][PASSED] - hideKeyboard(): Keyboard is hidden

2021-12-08 09:14:03 - [MESSAGE][PASSED] - Keyboard is hidden

2021-12-08 09:14:03 - [TEST_STEP][PASSED] - tap(findTestObject("Mobile/Page/Login/Button - Login"), 0): Tapped on element 'Object Repository/Mobile/Page/Login/Button - Login'

2021-12-08 09:14:03 - [MESSAGE][WARNING] - Timeout '0' is invalid. Using default page load timeout: '60'

2021-12-08 09:14:04 - [MESSAGE][PASSED] - Tapped on element 'Object Repository/Mobile/Page/Login/Button - Login'

2021-12-08 09:14:04 - [TEST_STEP][PASSED] - delay(2): Delayed 2 second(s)

2021-12-08 09:14:06 - [MESSAGE][PASSED] - Delayed 2 second(s)

2021-12-08 09:14:06 - [MESSAGE][PASSED] - Call Test Case 'Test Cases/Mobile/Page/Login/Login' successfully

2021-12-08 09:14:06 - [MESSAGE][PASSED] - Call Test Case 'Test Cases/Mobile/Page/CheckLogin' successfully

2021-12-08 09:14:06 - [TEST_STEP][PASSED] - tap(findTestObject("Object Repository/Mobile/Page/Home/Menubar - News"), 0): Tapped on element 'Object Repository/Mobile/Page/Home/Menubar - News'

2021-12-08 09:14:06 - [MESSAGE][WARNING] - Timeout '0' is invalid. Using default page load timeout: '60'

2021-12-08 09:14:07 - [MESSAGE][PASSED] - Tapped on element 'Object Repository/Mobile/Page/Home/Menubar - News'

2021-12-08 09:14:07 - [TEST_STEP][PASSED] - delay(1): Delayed 1 second(s)

2021-12-08 09:14:08 - [MESSAGE][PASSED] - Delayed 1 second(s)

2021-12-08 09:14:08 - [TEST_STEP][PASSED] - for ([i = 0, i < 1, (i++)]): Delayed 3 second(s)

2021-12-08 09:14:08 - [TEST_STEP][PASSED] - if (tab == "macronews"): null

2021-12-08 09:14:08 - [TEST_STEP][PASSED] - else if (tab == "stocknews"): null

2021-12-08 09:14:08 - [TEST_STEP][PASSED] - else if (tab == "fundnews"): null

2021-12-08 09:14:08 - [TEST_STEP][PASSED] - else if (tab == "bondnews"): Tapped on element 'Object Repository/Mobile/Page/News/Tab - Bond News'

2021-12-08 09:14:08 - [TEST_STEP][PASSED] - scroll.scroll.scrollScreenRightToLeft(findTestObject("Object Repository/Mobile/Page/News/Tab - Macro News")): scroll.scroll.scrollScreenRightToLeft is PASSED

2021-12-08 09:14:08 - [MESSAGE][WARNING] - Timeout '0' is invalid. Using default page load timeout: '60'

2021-12-08 09:14:09 - [MESSAGE][PASSED] - Object 'Object Repository/Mobile/Page/News/Tab - Macro News' has left position '14'

2021-12-08 09:14:09 - [MESSAGE][WARNING] - Timeout '0' is invalid. Using default page load timeout: '60'

2021-12-08 09:14:09 - [MESSAGE][PASSED] - Object 'Object Repository/Mobile/Page/News/Tab - Macro News' has top position '262'

2021-12-08 09:14:09 - [MESSAGE][WARNING] - Timeout '0' is invalid. Using default page load timeout: '60'

2021-12-08 09:14:09 - [MESSAGE][PASSED] - Object 'Object Repository/Mobile/Page/News/Tab - Macro News' has width: '215'

2021-12-08 09:14:09 - [MESSAGE][WARNING] - Timeout '0' is invalid. Using default page load timeout: '60'

2021-12-08 09:14:09 - [MESSAGE][PASSED] - Object 'Object Repository/Mobile/Page/News/Tab - Macro News' has height: '84'

2021-12-08 09:14:09 - [MESSAGE][PASSED] - Current device physical width is 720

2021-12-08 09:14:11 - [MESSAGE][PASSED] - Swiped from 620,304 to 100,304

2021-12-08 09:14:11 - [MESSAGE][PASSED] - scroll.scroll.scrollScreenRightToLeft is PASSED

2021-12-08 09:14:11 - [TEST_STEP][PASSED] - delay(1): Delayed 1 second(s)

2021-12-08 09:14:12 - [MESSAGE][PASSED] - Delayed 1 second(s)

2021-12-08 09:14:12 - [TEST_STEP][PASSED] - tap(findTestObject("Object Repository/Mobile/Page/News/Tab - Bond News"), 0): Tapped on element 'Object Repository/Mobile/Page/News/Tab - Bond News'

2021-12-08 09:14:12 - [MESSAGE][WARNING] - Timeout '0' is invalid. Using default page load timeout: '60'

2021-12-08 09:14:12 - [MESSAGE][PASSED] - Tapped on element 'Object Repository/Mobile/Page/News/Tab - Bond News'

2021-12-08 09:14:12 - [TEST_STEP][PASSED] - delay(1): Delayed 1 second(s)

2021-12-08 09:14:13 - [MESSAGE][PASSED] - Delayed 1 second(s)

2021-12-08 09:14:13 - [TEST_STEP][PASSED] - if (tab != "worldindices"): Delayed 3 second(s)

2021-12-08 09:14:13 - [TEST_STEP][PASSED] - try: Delayed 3 second(s)

2021-12-08 09:14:13 - [TEST_STEP][PASSED] - topnews = verifyElementExist(findTestObject("Object Repository/Mobile/Page/News/Item - Top News"), 0): Element 'Object Repository/Mobile/Page/News/Item - Top News' is exist

2021-12-08 09:14:13 - [MESSAGE][WARNING] - Timeout '0' is invalid. Using default page load timeout: '60'

2021-12-08 09:14:13 - [MESSAGE][PASSED] - Element 'Object Repository/Mobile/Page/News/Item - Top News' is exist

2021-12-08 09:14:13 - [TEST_STEP][PASSED] - if (topnews): Delayed 3 second(s)

2021-12-08 09:14:13 - [TEST_STEP][PASSED] - tapAndHold(findTestObject("Object Repository/Mobile/Page/News/Item - Top News"), 1, 0): Tapped and held on element 'Object Repository/Mobile/Page/News/Item - Top News' with duration 1

2021-12-08 09:14:14 - [MESSAGE][WARNING] - Timeout '0' is invalid. Using default page load timeout: '60'

2021-12-08 09:14:16 - [MESSAGE][PASSED] - Tapped and held on element 'Object Repository/Mobile/Page/News/Item - Top News' with duration 1

2021-12-08 09:14:16 - [TEST_STEP][PASSED] - delay(1): Delayed 1 second(s)

2021-12-08 09:14:17 - [MESSAGE][PASSED] - Delayed 1 second(s)

2021-12-08 09:14:17 - [TEST_STEP][PASSED] - scroll.scroll.scrollScreenBottomToTop(): scroll.scroll.scrollScreenBottomToTop is PASSED

2021-12-08 09:14:18 - [MESSAGE][PASSED] - Current device physical height is 1423

2021-12-08 09:14:18 - [MESSAGE][PASSED] - Current device physical width is 720

2021-12-08 09:14:19 - [MESSAGE][PASSED] - Swiped from 360,1,138 to 360,284

2021-12-08 09:14:19 - [MESSAGE][PASSED] - scroll.scroll.scrollScreenBottomToTop is PASSED

2021-12-08 09:14:19 - [TEST_STEP][PASSED] - delay(3): Delayed 3 second(s)

2021-12-08 09:14:22 - [MESSAGE][PASSED] - Delayed 3 second(s)

2021-12-08 09:14:22 - [MESSAGE][PASSED] - Call Test Case 'Test Cases/Mobile/Page/News/News' successfully

2021-12-08 09:14:22 - [TEST_STEP][PASSED] - callTestCase(findTestCase("Mobile/Page/Run App/Terminate App"), [:], STOP_ON_FAILURE): Call Test Case 'Test Cases/Mobile/Page/Run App/Terminate App' successfully

2021-12-08 09:14:22 - [TEST_CASE][PASSED] - Test Cases/Mobile/Page/Run App/Terminate App: Test Cases/Mobile/Page/Run App/Terminate App

2021-12-08 09:14:22 - [TEST_STEP][PASSED] - startApp.OpenApp.terminateApplication(): startApp.OpenApp.terminateApplication is PASSED

2021-12-08 09:14:25 - [MESSAGE][PASSED] - Delayed 3 second(s)

2021-12-08 09:14:25 - [MESSAGE][PASSED] - Current device physical width is 720

2021-12-08 09:14:26 - [MESSAGE][PASSED] - Current device physical height is 1423

2021-12-08 09:14:27 - [MESSAGE][PASSED] - Swiped from 360,853 to 360,142

2021-12-08 09:14:28 - [MESSAGE][PASSED] - Delayed 1 second(s)

2021-12-08 09:14:29 - [MESSAGE][PASSED] - Swiped from 360,853 to 360,142

2021-12-08 09:14:32 - [MESSAGE][PASSED] - Delayed 3 second(s)

2021-12-08 09:14:32 - [MESSAGE][PASSED] - startApp.OpenApp.terminateApplication is PASSED

2021-12-08 09:14:32 - [MESSAGE][PASSED] - Call Test Case 'Test Cases/Mobile/Page/Run App/Terminate App' successfully]]></system-out>
         <system-err><![CDATA[]]></system-err>
      </testcase>
      <testcase name="Test Cases/Mobile/Scenario/News/005 - Macro News" time="66.61" classname="Test Cases/Mobile/Scenario/News/005 - Macro News" status="PASSED">
         <system-out><![CDATA[2021-12-08 09:14:32 - [TEST_CASE][PASSED] - Test Cases/Mobile/Scenario/News/005 - Macro News: Test Cases/Mobile/Scenario/News/005 - Macro News

2021-12-08 09:14:32 - [TEST_STEP][PASSED] - callTestCase(findTestCase("Mobile/Page/Run App/Run App byID"), [:], STOP_ON_FAILURE): Call Test Case 'Test Cases/Mobile/Page/Run App/Run App byID' successfully

2021-12-08 09:14:33 - [TEST_CASE][PASSED] - Test Cases/Mobile/Page/Run App/Run App byID: Test Cases/Mobile/Page/Run App/Run App byID

2021-12-08 09:14:33 - [TEST_STEP][PASSED] - startApp.OpenApp.startApplication("id.co.miraeasset.sageclub"): startApp.OpenApp.startApplication is PASSED

2021-12-08 09:14:44 - [MESSAGE][PASSED] - Starting app with application ID: 'id.co.miraeasset.sageclub'

2021-12-08 09:14:44 - [MESSAGE][PASSED] - startApp.OpenApp.startApplication is PASSED

2021-12-08 09:14:44 - [MESSAGE][PASSED] - Call Test Case 'Test Cases/Mobile/Page/Run App/Run App byID' successfully

2021-12-08 09:14:44 - [TEST_STEP][PASSED] - callTestCase(findTestCase("Mobile/Page/News/News"), ["tab":"macronews"], CONTINUE_ON_FAILURE): Call Test Case 'Test Cases/Mobile/Page/News/News' successfully

2021-12-08 09:14:44 - [TEST_CASE][PASSED] - Test Cases/Mobile/Page/News/News: Test Cases/Mobile/Page/News/News

2021-12-08 09:14:44 - [TEST_STEP][PASSED] - callTestCase(findTestCase("Mobile/Page/CheckLogin"), [:], CONTINUE_ON_FAILURE): Call Test Case 'Test Cases/Mobile/Page/CheckLogin' successfully

2021-12-08 09:14:44 - [TEST_CASE][PASSED] - Test Cases/Mobile/Page/CheckLogin: Test Cases/Mobile/Page/CheckLogin

2021-12-08 09:14:45 - [TEST_STEP][PASSED] - loginCheck = verifyElementExist(findTestObject("Mobile/Page/Login/Button - Login"), 2, CONTINUE_ON_FAILURE): Element 'Object Repository/Mobile/Page/Login/Button - Login' is exist

2021-12-08 09:14:46 - [MESSAGE][PASSED] - Element 'Object Repository/Mobile/Page/Login/Button - Login' is exist

2021-12-08 09:14:46 - [TEST_STEP][PASSED] - if (loginCheck): Call Test Case 'Test Cases/Mobile/Page/Login/Login' successfully

2021-12-08 09:14:46 - [TEST_STEP][PASSED] - callTestCase(findTestCase("Mobile/Page/Login/Login"), [:], CONTINUE_ON_FAILURE): Call Test Case 'Test Cases/Mobile/Page/Login/Login' successfully

2021-12-08 09:14:46 - [TEST_CASE][PASSED] - Test Cases/Mobile/Page/Login/Login: Test Cases/Mobile/Page/Login/Login

2021-12-08 09:14:46 - [TEST_STEP][PASSED] - delay(2): Delayed 2 second(s)

2021-12-08 09:14:48 - [MESSAGE][PASSED] - Delayed 2 second(s)

2021-12-08 09:14:48 - [TEST_STEP][PASSED] - tap(findTestObject("Mobile/Page/Login/Input - UserID"), 0): Tapped on element 'Object Repository/Mobile/Page/Login/Input - UserID'

2021-12-08 09:14:49 - [MESSAGE][WARNING] - Timeout '0' is invalid. Using default page load timeout: '60'

2021-12-08 09:14:49 - [MESSAGE][PASSED] - Tapped on element 'Object Repository/Mobile/Page/Login/Input - UserID'

2021-12-08 09:14:49 - [TEST_STEP][PASSED] - delay(1): Delayed 1 second(s)

2021-12-08 09:14:50 - [MESSAGE][PASSED] - Delayed 1 second(s)

2021-12-08 09:14:50 - [TEST_STEP][PASSED] - setText(findTestObject("Mobile/Page/Login/Input Rdy - UserID"), "anggaaditya", 0): Text 'anggaaditya' has been set to element 'Object Repository/Mobile/Page/Login/Input Rdy - UserID'

2021-12-08 09:14:50 - [MESSAGE][WARNING] - Timeout '0' is invalid. Using default page load timeout: '60'

2021-12-08 09:14:51 - [MESSAGE][PASSED] - Text 'anggaaditya' has been set to element 'Object Repository/Mobile/Page/Login/Input Rdy - UserID'

2021-12-08 09:14:51 - [TEST_STEP][PASSED] - delay(1): Delayed 1 second(s)

2021-12-08 09:14:52 - [MESSAGE][PASSED] - Delayed 1 second(s)

2021-12-08 09:14:52 - [TEST_STEP][PASSED] - hideKeyboard(): Keyboard is hidden

2021-12-08 09:15:01 - [MESSAGE][PASSED] - Keyboard is hidden

2021-12-08 09:15:01 - [TEST_STEP][PASSED] - tap(findTestObject("Mobile/Page/Login/Input - Password"), 0): Tapped on element 'Object Repository/Mobile/Page/Login/Input - Password'

2021-12-08 09:15:01 - [MESSAGE][WARNING] - Timeout '0' is invalid. Using default page load timeout: '60'

2021-12-08 09:15:02 - [MESSAGE][PASSED] - Tapped on element 'Object Repository/Mobile/Page/Login/Input - Password'

2021-12-08 09:15:02 - [TEST_STEP][PASSED] - delay(1): Delayed 1 second(s)

2021-12-08 09:15:03 - [MESSAGE][PASSED] - Delayed 1 second(s)

2021-12-08 09:15:03 - [TEST_STEP][PASSED] - setText(findTestObject("Mobile/Page/Login/Input Rdy - Password"), "Shalawa18", 0): Text 'Shalawa18' has been set to element 'Object Repository/Mobile/Page/Login/Input Rdy - Password'

2021-12-08 09:15:03 - [MESSAGE][WARNING] - Timeout '0' is invalid. Using default page load timeout: '60'

2021-12-08 09:15:04 - [MESSAGE][PASSED] - Text 'Shalawa18' has been set to element 'Object Repository/Mobile/Page/Login/Input Rdy - Password'

2021-12-08 09:15:04 - [TEST_STEP][PASSED] - delay(1): Delayed 1 second(s)

2021-12-08 09:15:05 - [MESSAGE][PASSED] - Delayed 1 second(s)

2021-12-08 09:15:05 - [TEST_STEP][PASSED] - hideKeyboard(): Keyboard is hidden

2021-12-08 09:15:11 - [MESSAGE][PASSED] - Keyboard is hidden

2021-12-08 09:15:11 - [TEST_STEP][PASSED] - tap(findTestObject("Mobile/Page/Login/Button - Login"), 0): Tapped on element 'Object Repository/Mobile/Page/Login/Button - Login'

2021-12-08 09:15:11 - [MESSAGE][WARNING] - Timeout '0' is invalid. Using default page load timeout: '60'

2021-12-08 09:15:12 - [MESSAGE][PASSED] - Tapped on element 'Object Repository/Mobile/Page/Login/Button - Login'

2021-12-08 09:15:12 - [TEST_STEP][PASSED] - delay(2): Delayed 2 second(s)

2021-12-08 09:15:14 - [MESSAGE][PASSED] - Delayed 2 second(s)

2021-12-08 09:15:14 - [MESSAGE][PASSED] - Call Test Case 'Test Cases/Mobile/Page/Login/Login' successfully

2021-12-08 09:15:14 - [MESSAGE][PASSED] - Call Test Case 'Test Cases/Mobile/Page/CheckLogin' successfully

2021-12-08 09:15:14 - [TEST_STEP][PASSED] - tap(findTestObject("Object Repository/Mobile/Page/Home/Menubar - News"), 0): Tapped on element 'Object Repository/Mobile/Page/Home/Menubar - News'

2021-12-08 09:15:14 - [MESSAGE][WARNING] - Timeout '0' is invalid. Using default page load timeout: '60'

2021-12-08 09:15:16 - [MESSAGE][PASSED] - Tapped on element 'Object Repository/Mobile/Page/Home/Menubar - News'

2021-12-08 09:15:16 - [TEST_STEP][PASSED] - delay(1): Delayed 1 second(s)

2021-12-08 09:15:17 - [MESSAGE][PASSED] - Delayed 1 second(s)

2021-12-08 09:15:17 - [TEST_STEP][PASSED] - for ([i = 0, i < 1, (i++)]): Delayed 3 second(s)

2021-12-08 09:15:17 - [TEST_STEP][PASSED] - if (tab == "macronews"): Tapped on element 'Object Repository/Mobile/Page/News/Tab - Macro News'

2021-12-08 09:15:17 - [TEST_STEP][PASSED] - tap(findTestObject("Object Repository/Mobile/Page/News/Tab - Macro News"), 0): Tapped on element 'Object Repository/Mobile/Page/News/Tab - Macro News'

2021-12-08 09:15:17 - [MESSAGE][WARNING] - Timeout '0' is invalid. Using default page load timeout: '60'

2021-12-08 09:15:19 - [MESSAGE][PASSED] - Tapped on element 'Object Repository/Mobile/Page/News/Tab - Macro News'

2021-12-08 09:15:19 - [TEST_STEP][PASSED] - delay(1): Delayed 1 second(s)

2021-12-08 09:15:20 - [MESSAGE][PASSED] - Delayed 1 second(s)

2021-12-08 09:15:20 - [TEST_STEP][PASSED] - if (tab != "worldindices"): Delayed 3 second(s)

2021-12-08 09:15:20 - [TEST_STEP][PASSED] - try: Delayed 3 second(s)

2021-12-08 09:15:20 - [TEST_STEP][PASSED] - topnews = verifyElementExist(findTestObject("Object Repository/Mobile/Page/News/Item - Top News"), 0): Element 'Object Repository/Mobile/Page/News/Item - Top News' is exist

2021-12-08 09:15:20 - [MESSAGE][WARNING] - Timeout '0' is invalid. Using default page load timeout: '60'

2021-12-08 09:15:20 - [MESSAGE][PASSED] - Element 'Object Repository/Mobile/Page/News/Item - Top News' is exist

2021-12-08 09:15:20 - [TEST_STEP][PASSED] - if (topnews): Delayed 3 second(s)

2021-12-08 09:15:20 - [TEST_STEP][PASSED] - tapAndHold(findTestObject("Object Repository/Mobile/Page/News/Item - Top News"), 1, 0): Tapped and held on element 'Object Repository/Mobile/Page/News/Item - Top News' with duration 1

2021-12-08 09:15:20 - [MESSAGE][WARNING] - Timeout '0' is invalid. Using default page load timeout: '60'

2021-12-08 09:15:23 - [MESSAGE][PASSED] - Tapped and held on element 'Object Repository/Mobile/Page/News/Item - Top News' with duration 1

2021-12-08 09:15:23 - [TEST_STEP][PASSED] - delay(1): Delayed 1 second(s)

2021-12-08 09:15:24 - [MESSAGE][PASSED] - Delayed 1 second(s)

2021-12-08 09:15:24 - [TEST_STEP][PASSED] - scroll.scroll.scrollScreenBottomToTop(): scroll.scroll.scrollScreenBottomToTop is PASSED

2021-12-08 09:15:24 - [MESSAGE][PASSED] - Current device physical height is 1423

2021-12-08 09:15:24 - [MESSAGE][PASSED] - Current device physical width is 720

2021-12-08 09:15:26 - [MESSAGE][PASSED] - Swiped from 360,1,138 to 360,284

2021-12-08 09:15:26 - [MESSAGE][PASSED] - scroll.scroll.scrollScreenBottomToTop is PASSED

2021-12-08 09:15:26 - [TEST_STEP][PASSED] - delay(3): Delayed 3 second(s)

2021-12-08 09:15:29 - [MESSAGE][PASSED] - Delayed 3 second(s)

2021-12-08 09:15:29 - [MESSAGE][PASSED] - Call Test Case 'Test Cases/Mobile/Page/News/News' successfully

2021-12-08 09:15:29 - [TEST_STEP][PASSED] - callTestCase(findTestCase("Mobile/Page/Run App/Terminate App"), [:], STOP_ON_FAILURE): Call Test Case 'Test Cases/Mobile/Page/Run App/Terminate App' successfully

2021-12-08 09:15:29 - [TEST_CASE][PASSED] - Test Cases/Mobile/Page/Run App/Terminate App: Test Cases/Mobile/Page/Run App/Terminate App

2021-12-08 09:15:29 - [TEST_STEP][PASSED] - startApp.OpenApp.terminateApplication(): startApp.OpenApp.terminateApplication is PASSED

2021-12-08 09:15:32 - [MESSAGE][PASSED] - Delayed 3 second(s)

2021-12-08 09:15:32 - [MESSAGE][PASSED] - Current device physical width is 720

2021-12-08 09:15:32 - [MESSAGE][PASSED] - Current device physical height is 1423

2021-12-08 09:15:34 - [MESSAGE][PASSED] - Swiped from 360,853 to 360,142

2021-12-08 09:15:35 - [MESSAGE][PASSED] - Delayed 1 second(s)

2021-12-08 09:15:36 - [MESSAGE][PASSED] - Swiped from 360,853 to 360,142

2021-12-08 09:15:39 - [MESSAGE][PASSED] - Delayed 3 second(s)

2021-12-08 09:15:39 - [MESSAGE][PASSED] - startApp.OpenApp.terminateApplication is PASSED

2021-12-08 09:15:39 - [MESSAGE][PASSED] - Call Test Case 'Test Cases/Mobile/Page/Run App/Terminate App' successfully]]></system-out>
         <system-err><![CDATA[]]></system-err>
      </testcase>
      <system-out><![CDATA[2021-12-08 09:10:15 - [TEST_SUITE][PASSED] - news: Test Cases/Mobile/Scenario/News/005 - Macro News]]></system-out>
      <system-err><![CDATA[]]></system-err>
   </testsuite>
</testsuites>
