<?xml version="1.0" encoding="UTF-8"?>
<testsuites name="baru" time="70.486" tests="1" failures="0" skips="0" errors="0">
   <testsuite name="baru" tests="1" failures="0" errors="0" time="70.486" skips="0" timestamp="2022-01-13 11:12:03" hostname="Owner - aldy-tft" id="Test Suites/baru">
      <properties>
         <property name="deviceName" value="samsung SM-A205F (Android 11)"/>
         <property name="devicePlatform" value=""/>
         <property name="logFolder" value="C:\\Users\\Owner\\Documents\\kerjaan\\KatalonProject\\qa_katalon_pwm\\qa_katalon_pwm\\Reports\\20220113_111156\\baru\\20220113_111156"/>
         <property name="logFiles" value="C:\\Users\\Owner\\Documents\\kerjaan\\KatalonProject\\qa_katalon_pwm\\qa_katalon_pwm\\Reports\\20220113_111156\\baru\\20220113_111156\\appium.log, C:\\Users\\Owner\\Documents\\kerjaan\\KatalonProject\\qa_katalon_pwm\\qa_katalon_pwm\\Reports\\20220113_111156\\baru\\20220113_111156\\execution0.log"/>
         <property name="attachments" value=""/>
         <property name="hostName" value="Owner - aldy-tft"/>
         <property name="os" value="Windows 10 64bit"/>
         <property name="appiumServerStatus" value="{&quot;value&quot;:{&quot;build&quot;:{&quot;version&quot;:&quot;1.22.0&quot;}},&quot;sessionId&quot;:null,&quot;status&quot;:0}"/>
         <property name="katalonVersion" value="7.9.1.208"/>
         <property name="deviceOS" value="Android"/>
         <property name="appiumVersion" value="1.22.0"/>
         <property name="deviceModel" value="SM-A205F"/>
         <property name="hostAddress" value="10.0.30.144"/>
         <property name="deviceManufacturer" value="samsung"/>
         <property name="deviceId" value="RR8M40C9AXE"/>
         <property name="deviceName" value="samsung SM-A205F (Android 11)"/>
         <property name="deviceOSVersion" value="11"/>
      </properties>
      <testcase name="Test Cases/Mobile/Scenario/Login/001 - Login dengan username" time="69.673" classname="Test Cases/Mobile/Scenario/Login/001 - Login dengan username" status="PASSED">
         <system-out><![CDATA[2022-01-13 11:12:04 - [TEST_CASE][PASSED] - Test Cases/Mobile/Scenario/Login/001 - Login dengan username: Test Cases/Mobile/Scenario/Login/001 - Login dengan username

2022-01-13 11:12:04 - [TEST_STEP][PASSED] - callTestCase(findTestCase("Mobile/Page/Run App/Run App byID"), [:], STOP_ON_FAILURE): Call Test Case 'Test Cases/Mobile/Page/Run App/Run App byID' successfully

2022-01-13 11:12:04 - [TEST_CASE][PASSED] - Test Cases/Mobile/Page/Run App/Run App byID: Test Cases/Mobile/Page/Run App/Run App byID

2022-01-13 11:12:05 - [TEST_STEP][PASSED] - startApp.OpenApp.startApplication("id.co.miraeasset.sageclub"): startApp.OpenApp.startApplication is PASSED

2022-01-13 11:12:06 - [MESSAGE][INFO] - Appium server started on port 53,674

2022-01-13 11:12:25 - [MESSAGE][PASSED] - Starting app with application ID: 'id.co.miraeasset.sageclub'

2022-01-13 11:12:25 - [MESSAGE][PASSED] - startApp.OpenApp.startApplication is PASSED

2022-01-13 11:12:25 - [MESSAGE][PASSED] - Call Test Case 'Test Cases/Mobile/Page/Run App/Run App byID' successfully

2022-01-13 11:12:25 - [TEST_STEP][PASSED] - callTestCase(findTestCase("Mobile/Page/Login/Login"), ["action":"username"], CONTINUE_ON_FAILURE): Call Test Case 'Test Cases/Mobile/Page/Login/Login' successfully

2022-01-13 11:12:25 - [TEST_CASE][PASSED] - Test Cases/Mobile/Page/Login/Login: Test Cases/Mobile/Page/Login/Login

2022-01-13 11:12:25 - [TEST_STEP][PASSED] - delay(2): Delayed 2 second(s)

2022-01-13 11:12:27 - [MESSAGE][PASSED] - Delayed 2 second(s)

2022-01-13 11:12:27 - [TEST_STEP][PASSED] - for ([i = 0, i < 1, (i++)]): null

2022-01-13 11:12:27 - [TEST_STEP][PASSED] - if (action == "username"): null

2022-01-13 11:12:27 - [TEST_STEP][PASSED] - tap(LOGN_EdtUserID, 0): Tapped on element 'Object Repository/Mobile/Page/Login/Input - UserID'

2022-01-13 11:12:40 - [MESSAGE][WARNING] - Timeout '0' is invalid. Using default page load timeout: '60'

2022-01-13 11:12:41 - [MESSAGE][PASSED] - Tapped on element 'Object Repository/Mobile/Page/Login/Input - UserID'

2022-01-13 11:12:41 - [TEST_STEP][PASSED] - delay(1): Delayed 1 second(s)

2022-01-13 11:12:42 - [MESSAGE][PASSED] - Delayed 1 second(s)

2022-01-13 11:12:42 - [TEST_STEP][PASSED] - setText(LOGN_EdtRdyUserID, "anggaaditya", 0): Text 'anggaaditya' has been set to element 'Object Repository/Mobile/Page/Login/Input Rdy - UserID'

2022-01-13 11:12:42 - [MESSAGE][WARNING] - Timeout '0' is invalid. Using default page load timeout: '60'

2022-01-13 11:12:43 - [MESSAGE][PASSED] - Text 'anggaaditya' has been set to element 'Object Repository/Mobile/Page/Login/Input Rdy - UserID'

2022-01-13 11:12:43 - [TEST_STEP][PASSED] - delay(1): Delayed 1 second(s)

2022-01-13 11:12:44 - [MESSAGE][PASSED] - Delayed 1 second(s)

2022-01-13 11:12:44 - [TEST_STEP][PASSED] - hideKeyboard(): Keyboard is hidden

2022-01-13 11:12:48 - [MESSAGE][PASSED] - Keyboard is hidden

2022-01-13 11:12:48 - [TEST_STEP][PASSED] - tap(LOGN_EdtPassword, 0): Tapped on element 'Object Repository/Mobile/Page/Login/Input - Password'

2022-01-13 11:12:48 - [MESSAGE][WARNING] - Timeout '0' is invalid. Using default page load timeout: '60'

2022-01-13 11:12:49 - [MESSAGE][PASSED] - Tapped on element 'Object Repository/Mobile/Page/Login/Input - Password'

2022-01-13 11:12:49 - [TEST_STEP][PASSED] - delay(1): Delayed 1 second(s)

2022-01-13 11:12:50 - [MESSAGE][PASSED] - Delayed 1 second(s)

2022-01-13 11:12:50 - [TEST_STEP][PASSED] - setText(LOGN_EdtRdyPassword, "Shalawa18", 0): Text 'Shalawa18' has been set to element 'Object Repository/Mobile/Page/Login/Input Rdy - Password'

2022-01-13 11:12:50 - [MESSAGE][WARNING] - Timeout '0' is invalid. Using default page load timeout: '60'

2022-01-13 11:12:51 - [MESSAGE][PASSED] - Text 'Shalawa18' has been set to element 'Object Repository/Mobile/Page/Login/Input Rdy - Password'

2022-01-13 11:12:51 - [TEST_STEP][PASSED] - delay(1): Delayed 1 second(s)

2022-01-13 11:12:52 - [MESSAGE][PASSED] - Delayed 1 second(s)

2022-01-13 11:12:52 - [TEST_STEP][PASSED] - hideKeyboard(): Keyboard is hidden

2022-01-13 11:12:58 - [MESSAGE][PASSED] - Keyboard is hidden

2022-01-13 11:12:58 - [TEST_STEP][PASSED] - tap(LOGN_BtnLogin, 0): Tapped on element 'Object Repository/Mobile/Page/Login/Button - Login'

2022-01-13 11:12:58 - [MESSAGE][WARNING] - Timeout '0' is invalid. Using default page load timeout: '60'

2022-01-13 11:12:59 - [MESSAGE][PASSED] - Tapped on element 'Object Repository/Mobile/Page/Login/Button - Login'

2022-01-13 11:12:59 - [TEST_STEP][PASSED] - delay(2): Delayed 2 second(s)

2022-01-13 11:13:01 - [MESSAGE][PASSED] - Delayed 2 second(s)

2022-01-13 11:13:01 - [TEST_STEP][PASSED] - break: null

2022-01-13 11:13:01 - [MESSAGE][PASSED] - Call Test Case 'Test Cases/Mobile/Page/Login/Login' successfully

2022-01-13 11:13:01 - [TEST_STEP][PASSED] - callTestCase(findTestCase("Mobile/Page/Run App/Terminate App"), [:], STOP_ON_FAILURE): Call Test Case 'Test Cases/Mobile/Page/Run App/Terminate App' successfully

2022-01-13 11:13:01 - [TEST_CASE][PASSED] - Test Cases/Mobile/Page/Run App/Terminate App: Test Cases/Mobile/Page/Run App/Terminate App

2022-01-13 11:13:01 - [TEST_STEP][PASSED] - startApp.OpenApp.terminateApplication(): startApp.OpenApp.terminateApplication is PASSED

2022-01-13 11:13:06 - [MESSAGE][PASSED] - Delayed 3 second(s)

2022-01-13 11:13:06 - [MESSAGE][PASSED] - Current device physical width is 720

2022-01-13 11:13:07 - [MESSAGE][PASSED] - Current device physical height is 1423

2022-01-13 11:13:08 - [MESSAGE][PASSED] - Swiped from 360,853 to 360,142

2022-01-13 11:13:09 - [MESSAGE][PASSED] - Delayed 1 second(s)

2022-01-13 11:13:10 - [MESSAGE][PASSED] - Swiped from 360,853 to 360,142

2022-01-13 11:13:13 - [MESSAGE][PASSED] - Delayed 3 second(s)

2022-01-13 11:13:13 - [MESSAGE][PASSED] - startApp.OpenApp.terminateApplication is PASSED

2022-01-13 11:13:13 - [MESSAGE][PASSED] - Call Test Case 'Test Cases/Mobile/Page/Run App/Terminate App' successfully]]></system-out>
         <system-err><![CDATA[]]></system-err>
      </testcase>
      <system-out><![CDATA[2022-01-13 11:12:03 - [TEST_SUITE][PASSED] - baru: Test Cases/Mobile/Scenario/Login/001 - Login dengan username]]></system-out>
      <system-err><![CDATA[]]></system-err>
   </testsuite>
</testsuites>
