<?xml version="1.0" encoding="UTF-8"?>
<testsuites name="Transaction" time="1540.855" tests="20" failures="1" skips="0" errors="0">
   <testsuite name="Transaction" tests="20" failures="1" errors="0" time="1540.855" skips="0" timestamp="2021-11-17 08:10:08" hostname="Owner - aldy-tft" id="Test Suites/Transaction">
      <properties>
         <property name="deviceName" value="samsung SM-A205F (Android 11)"/>
         <property name="devicePlatform" value=""/>
         <property name="logFolder" value="C:\\Users\\Owner\\Documents\\kerjaan\\KatalonProject\\qa-katalon-maxfund\\Reports\\20211117_080931\\Transaction\\20211117_080931"/>
         <property name="logFiles" value="C:\\Users\\Owner\\Documents\\kerjaan\\KatalonProject\\qa-katalon-maxfund\\Reports\\20211117_080931\\Transaction\\20211117_080931\\appium.log, C:\\Users\\Owner\\Documents\\kerjaan\\KatalonProject\\qa-katalon-maxfund\\Reports\\20211117_080931\\Transaction\\20211117_080931\\execution0.log"/>
         <property name="attachments" value="C:\\Users\\Owner\\Documents\\kerjaan\\KatalonProject\\qa-katalon-maxfund\\Reports\\20211117_080931\\Transaction\\20211117_080931\\1637112947706.png"/>
         <property name="hostName" value="Owner - aldy-tft"/>
         <property name="os" value="Windows 10 64bit"/>
         <property name="appiumServerStatus" value="{&quot;value&quot;:{&quot;build&quot;:{&quot;version&quot;:&quot;1.22.0&quot;}},&quot;sessionId&quot;:null,&quot;status&quot;:0}"/>
         <property name="katalonVersion" value="7.9.1.208"/>
         <property name="deviceOS" value="Android"/>
         <property name="appiumVersion" value="1.22.0"/>
         <property name="deviceModel" value="SM-A205F"/>
         <property name="hostAddress" value="10.0.30.193"/>
         <property name="deviceManufacturer" value="samsung"/>
         <property name="deviceId" value="RR8M40C9AXE"/>
         <property name="deviceName" value="samsung SM-A205F (Android 11)"/>
         <property name="deviceOSVersion" value="11"/>
      </properties>
      <testcase name="Test Cases/Mobile/Scenario/Transaction/001 - Melihat daftar Transaction" time="77.122" classname="Test Cases/Mobile/Scenario/Transaction/001 - Melihat daftar Transaction" status="PASSED">
         <system-out><![CDATA[2021-11-17 08:10:09 - [TEST_CASE][PASSED] - Test Cases/Mobile/Scenario/Transaction/001 - Melihat daftar Transaction: Test Cases/Mobile/Scenario/Transaction/001 - Melihat daftar Transaction

2021-11-17 08:10:09 - [TEST_STEP][PASSED] - callTestCase(findTestCase("Mobile/Page/Run App/Run App byID"), [:], STOP_ON_FAILURE): Call Test Case 'Test Cases/Mobile/Page/Run App/Run App byID' successfully

2021-11-17 08:10:10 - [TEST_CASE][PASSED] - Test Cases/Mobile/Page/Run App/Run App byID: Test Cases/Mobile/Page/Run App/Run App byID

2021-11-17 08:10:11 - [TEST_STEP][PASSED] - startApp.OpenApp.startApplication("com.mirae.maxfund"): startApp.OpenApp.startApplication is PASSED

2021-11-17 08:10:13 - [MESSAGE][INFO] - Appium server started on port 57,183

2021-11-17 08:10:32 - [MESSAGE][PASSED] - Starting app with application ID: 'com.mirae.maxfund'

2021-11-17 08:10:32 - [MESSAGE][PASSED] - startApp.OpenApp.startApplication is PASSED

2021-11-17 08:10:32 - [MESSAGE][PASSED] - Call Test Case 'Test Cases/Mobile/Page/Run App/Run App byID' successfully

2021-11-17 08:10:32 - [TEST_STEP][PASSED] - callTestCase(findTestCase("Mobile/Page/Transaction/Transaction"), ["page":"onprocess", "tab":"none", "action":"none"], CONTINUE_ON_FAILURE): Call Test Case 'Test Cases/Mobile/Page/Transaction/Transaction' successfully

2021-11-17 08:10:32 - [TEST_CASE][PASSED] - Test Cases/Mobile/Page/Transaction/Transaction: Test Cases/Mobile/Page/Transaction/Transaction

2021-11-17 08:10:33 - [TEST_STEP][PASSED] - delay(5): Delayed 5 second(s)

2021-11-17 08:10:38 - [MESSAGE][PASSED] - Delayed 5 second(s)

2021-11-17 08:10:38 - [TEST_STEP][PASSED] - loginCheck = verifyElementExist(findTestObject("Object Repository/Mobile/Page/Dashboard/Button - Login"), 2, CONTINUE_ON_FAILURE): Element 'Object Repository/Mobile/Page/Dashboard/Button - Login' is exist

2021-11-17 08:10:39 - [MESSAGE][PASSED] - Element 'Object Repository/Mobile/Page/Dashboard/Button - Login' is exist

2021-11-17 08:10:39 - [TEST_STEP][PASSED] - if (loginCheck): Call Test Case 'Test Cases/Mobile/Page/Login/Login' successfully

2021-11-17 08:10:39 - [TEST_STEP][PASSED] - callTestCase(findTestCase("Mobile/Page/Login/Login"), ["isLogin":0]): Call Test Case 'Test Cases/Mobile/Page/Login/Login' successfully

2021-11-17 08:10:39 - [TEST_CASE][PASSED] - Test Cases/Mobile/Page/Login/Login: Test Cases/Mobile/Page/Login/Login

2021-11-17 08:10:40 - [TEST_STEP][PASSED] - if (isLogin == 0): Tapped on element 'Object Repository/Mobile/Page/Dashboard/Button - Login'

2021-11-17 08:10:40 - [TEST_STEP][PASSED] - tap(findTestObject("Mobile/Page/Dashboard/Button - Login"), 0): Tapped on element 'Object Repository/Mobile/Page/Dashboard/Button - Login'

2021-11-17 08:10:40 - [MESSAGE][WARNING] - Timeout '0' is invalid. Using default page load timeout: '60'

2021-11-17 08:10:41 - [MESSAGE][PASSED] - Tapped on element 'Object Repository/Mobile/Page/Dashboard/Button - Login'

2021-11-17 08:10:41 - [TEST_STEP][PASSED] - tap(findTestObject("Mobile/Page/Login/Tap - UserID or Email"), 0): Tapped on element 'Object Repository/Mobile/Page/Login/Tap - UserID or Email'

2021-11-17 08:10:41 - [MESSAGE][WARNING] - Timeout '0' is invalid. Using default page load timeout: '60'

2021-11-17 08:10:44 - [MESSAGE][PASSED] - Tapped on element 'Object Repository/Mobile/Page/Login/Tap - UserID or Email'

2021-11-17 08:10:44 - [TEST_STEP][PASSED] - delay(3): Delayed 3 second(s)

2021-11-17 08:10:47 - [MESSAGE][PASSED] - Delayed 3 second(s)

2021-11-17 08:10:47 - [TEST_STEP][PASSED] - setText(findTestObject("Mobile/Page/Login/Input - UserID or Email"), "ady.pangerang@gmail.com", 0): Text 'ady.pangerang@gmail.com' has been set to element 'Object Repository/Mobile/Page/Login/Input - UserID or Email'

2021-11-17 08:10:47 - [MESSAGE][WARNING] - Timeout '0' is invalid. Using default page load timeout: '60'

2021-11-17 08:10:48 - [MESSAGE][PASSED] - Text 'ady.pangerang@gmail.com' has been set to element 'Object Repository/Mobile/Page/Login/Input - UserID or Email'

2021-11-17 08:10:48 - [TEST_STEP][PASSED] - delay(1): Delayed 1 second(s)

2021-11-17 08:10:49 - [MESSAGE][PASSED] - Delayed 1 second(s)

2021-11-17 08:10:49 - [TEST_STEP][PASSED] - hideKeyboard(): Keyboard is hidden

2021-11-17 08:10:55 - [MESSAGE][PASSED] - Keyboard is hidden

2021-11-17 08:10:55 - [TEST_STEP][PASSED] - delay(1): Delayed 1 second(s)

2021-11-17 08:10:56 - [MESSAGE][PASSED] - Delayed 1 second(s)

2021-11-17 08:10:56 - [TEST_STEP][PASSED] - tap(findTestObject("Mobile/Page/Login/Tap - Password 2"), 0): Tapped on element 'Object Repository/Mobile/Page/Login/Tap - Password 2'

2021-11-17 08:10:56 - [MESSAGE][WARNING] - Timeout '0' is invalid. Using default page load timeout: '60'

2021-11-17 08:10:57 - [MESSAGE][PASSED] - Tapped on element 'Object Repository/Mobile/Page/Login/Tap - Password 2'

2021-11-17 08:10:57 - [TEST_STEP][PASSED] - delay(3): Delayed 3 second(s)

2021-11-17 08:11:00 - [MESSAGE][PASSED] - Delayed 3 second(s)

2021-11-17 08:11:00 - [TEST_STEP][PASSED] - setText(findTestObject("Mobile/Page/Login/Tap - Password 2"), "Mirae1234", 0): Text 'Mirae1234' has been set to element 'Object Repository/Mobile/Page/Login/Tap - Password 2'

2021-11-17 08:11:00 - [MESSAGE][WARNING] - Timeout '0' is invalid. Using default page load timeout: '60'

2021-11-17 08:11:00 - [MESSAGE][PASSED] - Text 'Mirae1234' has been set to element 'Object Repository/Mobile/Page/Login/Tap - Password 2'

2021-11-17 08:11:00 - [TEST_STEP][PASSED] - delay(1): Delayed 1 second(s)

2021-11-17 08:11:01 - [MESSAGE][PASSED] - Delayed 1 second(s)

2021-11-17 08:11:01 - [TEST_STEP][PASSED] - hideKeyboard(): Keyboard is hidden

2021-11-17 08:11:08 - [MESSAGE][PASSED] - Keyboard is hidden

2021-11-17 08:11:08 - [TEST_STEP][PASSED] - delay(1): Delayed 1 second(s)

2021-11-17 08:11:09 - [MESSAGE][PASSED] - Delayed 1 second(s)

2021-11-17 08:11:09 - [TEST_STEP][PASSED] - tap(findTestObject("Mobile/Page/Login/Button - Sign In"), 0): Tapped on element 'Object Repository/Mobile/Page/Login/Button - Sign In'

2021-11-17 08:11:10 - [MESSAGE][WARNING] - Timeout '0' is invalid. Using default page load timeout: '60'

2021-11-17 08:11:11 - [MESSAGE][PASSED] - Tapped on element 'Object Repository/Mobile/Page/Login/Button - Sign In'

2021-11-17 08:11:11 - [MESSAGE][PASSED] - Call Test Case 'Test Cases/Mobile/Page/Login/Login' successfully

2021-11-17 08:11:11 - [TEST_STEP][PASSED] - if (page == "cart"): null

2021-11-17 08:11:11 - [TEST_STEP][PASSED] - tap(findTestObject("Object Repository/Mobile/Page/Transaction/Button - Menubar Transaction"), 0): Tapped on element 'Object Repository/Mobile/Page/Transaction/Button - Menubar Transaction'

2021-11-17 08:11:11 - [MESSAGE][WARNING] - Timeout '0' is invalid. Using default page load timeout: '60'

2021-11-17 08:11:12 - [MESSAGE][PASSED] - Tapped on element 'Object Repository/Mobile/Page/Transaction/Button - Menubar Transaction'

2021-11-17 08:11:12 - [TEST_STEP][PASSED] - delay(1): Delayed 1 second(s)

2021-11-17 08:11:13 - [MESSAGE][PASSED] - Delayed 1 second(s)

2021-11-17 08:11:13 - [TEST_STEP][PASSED] - if (page == "onprocess"): Delayed 1 second(s)

2021-11-17 08:11:13 - [TEST_STEP][PASSED] - if (tab == "subscription"): null

2021-11-17 08:11:13 - [TEST_STEP][PASSED] - if (action == "detail"): null

2021-11-17 08:11:13 - [TEST_STEP][PASSED] - delay(1): Delayed 1 second(s)

2021-11-17 08:11:14 - [MESSAGE][PASSED] - Delayed 1 second(s)

2021-11-17 08:11:14 - [MESSAGE][PASSED] - Call Test Case 'Test Cases/Mobile/Page/Transaction/Transaction' successfully

2021-11-17 08:11:14 - [TEST_STEP][PASSED] - callTestCase(findTestCase("Mobile/Page/Run App/Terminate App"), [:], STOP_ON_FAILURE): Call Test Case 'Test Cases/Mobile/Page/Run App/Terminate App' successfully

2021-11-17 08:11:15 - [TEST_CASE][PASSED] - Test Cases/Mobile/Page/Run App/Terminate App: Test Cases/Mobile/Page/Run App/Terminate App

2021-11-17 08:11:15 - [TEST_STEP][PASSED] - startApp.OpenApp.terminateApplication(): startApp.OpenApp.terminateApplication is PASSED

2021-11-17 08:11:19 - [MESSAGE][PASSED] - Delayed 3 second(s)

2021-11-17 08:11:19 - [MESSAGE][PASSED] - Current device physical width is 720

2021-11-17 08:11:19 - [MESSAGE][PASSED] - Current device physical height is 1423

2021-11-17 08:11:21 - [MESSAGE][PASSED] - Swiped from 360,853 to 360,142

2021-11-17 08:11:22 - [MESSAGE][PASSED] - Delayed 1 second(s)

2021-11-17 08:11:23 - [MESSAGE][PASSED] - Swiped from 360,853 to 360,142

2021-11-17 08:11:26 - [MESSAGE][PASSED] - Delayed 3 second(s)

2021-11-17 08:11:26 - [MESSAGE][PASSED] - startApp.OpenApp.terminateApplication is PASSED

2021-11-17 08:11:26 - [MESSAGE][PASSED] - Call Test Case 'Test Cases/Mobile/Page/Run App/Terminate App' successfully]]></system-out>
         <system-err><![CDATA[]]></system-err>
      </testcase>
      <testcase name="Test Cases/Mobile/Scenario/Transaction/002 - Melihat Transaction berdasarkan ketegori On Process dan Subcription" time="62.104" classname="Test Cases/Mobile/Scenario/Transaction/002 - Melihat Transaction berdasarkan ketegori On Process dan Subcription" status="PASSED">
         <system-out><![CDATA[2021-11-17 08:11:26 - [TEST_CASE][PASSED] - Test Cases/Mobile/Scenario/Transaction/002 - Melihat Transaction berdasarkan ketegori On Process dan Subcription: Test Cases/Mobile/Scenario/Transaction/002 - Melihat Transaction berdasarkan ketegori On Process dan Subcription

2021-11-17 08:11:27 - [TEST_STEP][PASSED] - callTestCase(findTestCase("Mobile/Page/Run App/Run App byID"), [:], STOP_ON_FAILURE): Call Test Case 'Test Cases/Mobile/Page/Run App/Run App byID' successfully

2021-11-17 08:11:27 - [TEST_CASE][PASSED] - Test Cases/Mobile/Page/Run App/Run App byID: Test Cases/Mobile/Page/Run App/Run App byID

2021-11-17 08:11:27 - [TEST_STEP][PASSED] - startApp.OpenApp.startApplication("com.mirae.maxfund"): startApp.OpenApp.startApplication is PASSED

2021-11-17 08:11:40 - [MESSAGE][PASSED] - Starting app with application ID: 'com.mirae.maxfund'

2021-11-17 08:11:40 - [MESSAGE][PASSED] - startApp.OpenApp.startApplication is PASSED

2021-11-17 08:11:40 - [MESSAGE][PASSED] - Call Test Case 'Test Cases/Mobile/Page/Run App/Run App byID' successfully

2021-11-17 08:11:40 - [TEST_STEP][PASSED] - callTestCase(findTestCase("Mobile/Page/Transaction/Transaction"), ["page":"onprocess", "tab":"subscription", "action":"none"], CONTINUE_ON_FAILURE): Call Test Case 'Test Cases/Mobile/Page/Transaction/Transaction' successfully

2021-11-17 08:11:40 - [TEST_CASE][PASSED] - Test Cases/Mobile/Page/Transaction/Transaction: Test Cases/Mobile/Page/Transaction/Transaction

2021-11-17 08:11:40 - [TEST_STEP][PASSED] - delay(5): Delayed 5 second(s)

2021-11-17 08:11:45 - [MESSAGE][PASSED] - Delayed 5 second(s)

2021-11-17 08:11:45 - [TEST_STEP][PASSED] - loginCheck = verifyElementExist(findTestObject("Object Repository/Mobile/Page/Dashboard/Button - Login"), 2, CONTINUE_ON_FAILURE): Element 'Object Repository/Mobile/Page/Dashboard/Button - Login' is exist

2021-11-17 08:11:46 - [MESSAGE][PASSED] - Element 'Object Repository/Mobile/Page/Dashboard/Button - Login' is exist

2021-11-17 08:11:46 - [TEST_STEP][PASSED] - if (loginCheck): Call Test Case 'Test Cases/Mobile/Page/Login/Login' successfully

2021-11-17 08:11:46 - [TEST_STEP][PASSED] - callTestCase(findTestCase("Mobile/Page/Login/Login"), ["isLogin":0]): Call Test Case 'Test Cases/Mobile/Page/Login/Login' successfully

2021-11-17 08:11:46 - [TEST_CASE][PASSED] - Test Cases/Mobile/Page/Login/Login: Test Cases/Mobile/Page/Login/Login

2021-11-17 08:11:46 - [TEST_STEP][PASSED] - if (isLogin == 0): Tapped on element 'Object Repository/Mobile/Page/Dashboard/Button - Login'

2021-11-17 08:11:46 - [TEST_STEP][PASSED] - tap(findTestObject("Mobile/Page/Dashboard/Button - Login"), 0): Tapped on element 'Object Repository/Mobile/Page/Dashboard/Button - Login'

2021-11-17 08:11:46 - [MESSAGE][WARNING] - Timeout '0' is invalid. Using default page load timeout: '60'

2021-11-17 08:11:46 - [MESSAGE][PASSED] - Tapped on element 'Object Repository/Mobile/Page/Dashboard/Button - Login'

2021-11-17 08:11:46 - [TEST_STEP][PASSED] - tap(findTestObject("Mobile/Page/Login/Tap - UserID or Email"), 0): Tapped on element 'Object Repository/Mobile/Page/Login/Tap - UserID or Email'

2021-11-17 08:11:47 - [MESSAGE][WARNING] - Timeout '0' is invalid. Using default page load timeout: '60'

2021-11-17 08:11:48 - [MESSAGE][PASSED] - Tapped on element 'Object Repository/Mobile/Page/Login/Tap - UserID or Email'

2021-11-17 08:11:48 - [TEST_STEP][PASSED] - delay(3): Delayed 3 second(s)

2021-11-17 08:11:51 - [MESSAGE][PASSED] - Delayed 3 second(s)

2021-11-17 08:11:51 - [TEST_STEP][PASSED] - setText(findTestObject("Mobile/Page/Login/Input - UserID or Email"), "ady.pangerang@gmail.com", 0): Text 'ady.pangerang@gmail.com' has been set to element 'Object Repository/Mobile/Page/Login/Input - UserID or Email'

2021-11-17 08:11:51 - [MESSAGE][WARNING] - Timeout '0' is invalid. Using default page load timeout: '60'

2021-11-17 08:11:52 - [MESSAGE][PASSED] - Text 'ady.pangerang@gmail.com' has been set to element 'Object Repository/Mobile/Page/Login/Input - UserID or Email'

2021-11-17 08:11:52 - [TEST_STEP][PASSED] - delay(1): Delayed 1 second(s)

2021-11-17 08:11:53 - [MESSAGE][PASSED] - Delayed 1 second(s)

2021-11-17 08:11:53 - [TEST_STEP][PASSED] - hideKeyboard(): Keyboard is hidden

2021-11-17 08:11:57 - [MESSAGE][PASSED] - Keyboard is hidden

2021-11-17 08:11:57 - [TEST_STEP][PASSED] - delay(1): Delayed 1 second(s)

2021-11-17 08:11:58 - [MESSAGE][PASSED] - Delayed 1 second(s)

2021-11-17 08:11:58 - [TEST_STEP][PASSED] - tap(findTestObject("Mobile/Page/Login/Tap - Password 2"), 0): Tapped on element 'Object Repository/Mobile/Page/Login/Tap - Password 2'

2021-11-17 08:11:58 - [MESSAGE][WARNING] - Timeout '0' is invalid. Using default page load timeout: '60'

2021-11-17 08:11:59 - [MESSAGE][PASSED] - Tapped on element 'Object Repository/Mobile/Page/Login/Tap - Password 2'

2021-11-17 08:11:59 - [TEST_STEP][PASSED] - delay(3): Delayed 3 second(s)

2021-11-17 08:12:02 - [MESSAGE][PASSED] - Delayed 3 second(s)

2021-11-17 08:12:02 - [TEST_STEP][PASSED] - setText(findTestObject("Mobile/Page/Login/Tap - Password 2"), "Mirae1234", 0): Text 'Mirae1234' has been set to element 'Object Repository/Mobile/Page/Login/Tap - Password 2'

2021-11-17 08:12:02 - [MESSAGE][WARNING] - Timeout '0' is invalid. Using default page load timeout: '60'

2021-11-17 08:12:02 - [MESSAGE][PASSED] - Text 'Mirae1234' has been set to element 'Object Repository/Mobile/Page/Login/Tap - Password 2'

2021-11-17 08:12:02 - [TEST_STEP][PASSED] - delay(1): Delayed 1 second(s)

2021-11-17 08:12:03 - [MESSAGE][PASSED] - Delayed 1 second(s)

2021-11-17 08:12:03 - [TEST_STEP][PASSED] - hideKeyboard(): Keyboard is hidden

2021-11-17 08:12:10 - [MESSAGE][PASSED] - Keyboard is hidden

2021-11-17 08:12:10 - [TEST_STEP][PASSED] - delay(1): Delayed 1 second(s)

2021-11-17 08:12:11 - [MESSAGE][PASSED] - Delayed 1 second(s)

2021-11-17 08:12:11 - [TEST_STEP][PASSED] - tap(findTestObject("Mobile/Page/Login/Button - Sign In"), 0): Tapped on element 'Object Repository/Mobile/Page/Login/Button - Sign In'

2021-11-17 08:12:11 - [MESSAGE][WARNING] - Timeout '0' is invalid. Using default page load timeout: '60'

2021-11-17 08:12:12 - [MESSAGE][PASSED] - Tapped on element 'Object Repository/Mobile/Page/Login/Button - Sign In'

2021-11-17 08:12:12 - [MESSAGE][PASSED] - Call Test Case 'Test Cases/Mobile/Page/Login/Login' successfully

2021-11-17 08:12:12 - [TEST_STEP][PASSED] - if (page == "cart"): null

2021-11-17 08:12:12 - [TEST_STEP][PASSED] - tap(findTestObject("Object Repository/Mobile/Page/Transaction/Button - Menubar Transaction"), 0): Tapped on element 'Object Repository/Mobile/Page/Transaction/Button - Menubar Transaction'

2021-11-17 08:12:12 - [MESSAGE][WARNING] - Timeout '0' is invalid. Using default page load timeout: '60'

2021-11-17 08:12:15 - [MESSAGE][PASSED] - Tapped on element 'Object Repository/Mobile/Page/Transaction/Button - Menubar Transaction'

2021-11-17 08:12:15 - [TEST_STEP][PASSED] - delay(1): Delayed 1 second(s)

2021-11-17 08:12:16 - [MESSAGE][PASSED] - Delayed 1 second(s)

2021-11-17 08:12:16 - [TEST_STEP][PASSED] - if (page == "onprocess"): Delayed 1 second(s)

2021-11-17 08:12:16 - [TEST_STEP][PASSED] - if (tab == "subscription"): Tapped on element 'Object Repository/Mobile/Page/Transaction/On Process/Tab - Subscription'

2021-11-17 08:12:16 - [TEST_STEP][PASSED] - tap(findTestObject("Object Repository/Mobile/Page/Transaction/On Process/Tab - Subscription"), 0): Tapped on element 'Object Repository/Mobile/Page/Transaction/On Process/Tab - Subscription'

2021-11-17 08:12:16 - [MESSAGE][WARNING] - Timeout '0' is invalid. Using default page load timeout: '60'

2021-11-17 08:12:16 - [MESSAGE][PASSED] - Tapped on element 'Object Repository/Mobile/Page/Transaction/On Process/Tab - Subscription'

2021-11-17 08:12:16 - [TEST_STEP][PASSED] - if (action == "detail"): null

2021-11-17 08:12:16 - [TEST_STEP][PASSED] - delay(1): Delayed 1 second(s)

2021-11-17 08:12:17 - [MESSAGE][PASSED] - Delayed 1 second(s)

2021-11-17 08:12:17 - [MESSAGE][PASSED] - Call Test Case 'Test Cases/Mobile/Page/Transaction/Transaction' successfully

2021-11-17 08:12:17 - [TEST_STEP][PASSED] - callTestCase(findTestCase("Mobile/Page/Run App/Terminate App"), [:], STOP_ON_FAILURE): Call Test Case 'Test Cases/Mobile/Page/Run App/Terminate App' successfully

2021-11-17 08:12:17 - [TEST_CASE][PASSED] - Test Cases/Mobile/Page/Run App/Terminate App: Test Cases/Mobile/Page/Run App/Terminate App

2021-11-17 08:12:17 - [TEST_STEP][PASSED] - startApp.OpenApp.terminateApplication(): startApp.OpenApp.terminateApplication is PASSED

2021-11-17 08:12:21 - [MESSAGE][PASSED] - Delayed 3 second(s)

2021-11-17 08:12:21 - [MESSAGE][PASSED] - Current device physical width is 720

2021-11-17 08:12:22 - [MESSAGE][PASSED] - Current device physical height is 1423

2021-11-17 08:12:23 - [MESSAGE][PASSED] - Swiped from 360,853 to 360,142

2021-11-17 08:12:24 - [MESSAGE][PASSED] - Delayed 1 second(s)

2021-11-17 08:12:25 - [MESSAGE][PASSED] - Swiped from 360,853 to 360,142

2021-11-17 08:12:28 - [MESSAGE][PASSED] - Delayed 3 second(s)

2021-11-17 08:12:28 - [MESSAGE][PASSED] - startApp.OpenApp.terminateApplication is PASSED

2021-11-17 08:12:28 - [MESSAGE][PASSED] - Call Test Case 'Test Cases/Mobile/Page/Run App/Terminate App' successfully]]></system-out>
         <system-err><![CDATA[]]></system-err>
      </testcase>
      <testcase name="Test Cases/Mobile/Scenario/Transaction/003 - Melihat Transaction berdasarkan ketegori On Process dan Redemption" time="63.973" classname="Test Cases/Mobile/Scenario/Transaction/003 - Melihat Transaction berdasarkan ketegori On Process dan Redemption" status="PASSED">
         <system-out><![CDATA[2021-11-17 08:12:28 - [TEST_CASE][PASSED] - Test Cases/Mobile/Scenario/Transaction/003 - Melihat Transaction berdasarkan ketegori On Process dan Redemption: Test Cases/Mobile/Scenario/Transaction/003 - Melihat Transaction berdasarkan ketegori On Process dan Redemption

2021-11-17 08:12:29 - [TEST_STEP][PASSED] - callTestCase(findTestCase("Mobile/Page/Run App/Run App byID"), [:], STOP_ON_FAILURE): Call Test Case 'Test Cases/Mobile/Page/Run App/Run App byID' successfully

2021-11-17 08:12:29 - [TEST_CASE][PASSED] - Test Cases/Mobile/Page/Run App/Run App byID: Test Cases/Mobile/Page/Run App/Run App byID

2021-11-17 08:12:29 - [TEST_STEP][PASSED] - startApp.OpenApp.startApplication("com.mirae.maxfund"): startApp.OpenApp.startApplication is PASSED

2021-11-17 08:12:42 - [MESSAGE][PASSED] - Starting app with application ID: 'com.mirae.maxfund'

2021-11-17 08:12:42 - [MESSAGE][PASSED] - startApp.OpenApp.startApplication is PASSED

2021-11-17 08:12:42 - [MESSAGE][PASSED] - Call Test Case 'Test Cases/Mobile/Page/Run App/Run App byID' successfully

2021-11-17 08:12:42 - [TEST_STEP][PASSED] - callTestCase(findTestCase("Mobile/Page/Transaction/Transaction"), ["page":"onprocess", "tab":"redemption", "action":"none"], CONTINUE_ON_FAILURE): Call Test Case 'Test Cases/Mobile/Page/Transaction/Transaction' successfully

2021-11-17 08:12:42 - [TEST_CASE][PASSED] - Test Cases/Mobile/Page/Transaction/Transaction: Test Cases/Mobile/Page/Transaction/Transaction

2021-11-17 08:12:42 - [TEST_STEP][PASSED] - delay(5): Delayed 5 second(s)

2021-11-17 08:12:47 - [MESSAGE][PASSED] - Delayed 5 second(s)

2021-11-17 08:12:47 - [TEST_STEP][PASSED] - loginCheck = verifyElementExist(findTestObject("Object Repository/Mobile/Page/Dashboard/Button - Login"), 2, CONTINUE_ON_FAILURE): Element 'Object Repository/Mobile/Page/Dashboard/Button - Login' is exist

2021-11-17 08:12:47 - [MESSAGE][PASSED] - Element 'Object Repository/Mobile/Page/Dashboard/Button - Login' is exist

2021-11-17 08:12:47 - [TEST_STEP][PASSED] - if (loginCheck): Call Test Case 'Test Cases/Mobile/Page/Login/Login' successfully

2021-11-17 08:12:47 - [TEST_STEP][PASSED] - callTestCase(findTestCase("Mobile/Page/Login/Login"), ["isLogin":0]): Call Test Case 'Test Cases/Mobile/Page/Login/Login' successfully

2021-11-17 08:12:48 - [TEST_CASE][PASSED] - Test Cases/Mobile/Page/Login/Login: Test Cases/Mobile/Page/Login/Login

2021-11-17 08:12:48 - [TEST_STEP][PASSED] - if (isLogin == 0): Tapped on element 'Object Repository/Mobile/Page/Dashboard/Button - Login'

2021-11-17 08:12:48 - [TEST_STEP][PASSED] - tap(findTestObject("Mobile/Page/Dashboard/Button - Login"), 0): Tapped on element 'Object Repository/Mobile/Page/Dashboard/Button - Login'

2021-11-17 08:12:48 - [MESSAGE][WARNING] - Timeout '0' is invalid. Using default page load timeout: '60'

2021-11-17 08:12:48 - [MESSAGE][PASSED] - Tapped on element 'Object Repository/Mobile/Page/Dashboard/Button - Login'

2021-11-17 08:12:48 - [TEST_STEP][PASSED] - tap(findTestObject("Mobile/Page/Login/Tap - UserID or Email"), 0): Tapped on element 'Object Repository/Mobile/Page/Login/Tap - UserID or Email'

2021-11-17 08:12:48 - [MESSAGE][WARNING] - Timeout '0' is invalid. Using default page load timeout: '60'

2021-11-17 08:12:51 - [MESSAGE][PASSED] - Tapped on element 'Object Repository/Mobile/Page/Login/Tap - UserID or Email'

2021-11-17 08:12:51 - [TEST_STEP][PASSED] - delay(3): Delayed 3 second(s)

2021-11-17 08:12:54 - [MESSAGE][PASSED] - Delayed 3 second(s)

2021-11-17 08:12:54 - [TEST_STEP][PASSED] - setText(findTestObject("Mobile/Page/Login/Input - UserID or Email"), "ady.pangerang@gmail.com", 0): Text 'ady.pangerang@gmail.com' has been set to element 'Object Repository/Mobile/Page/Login/Input - UserID or Email'

2021-11-17 08:12:54 - [MESSAGE][WARNING] - Timeout '0' is invalid. Using default page load timeout: '60'

2021-11-17 08:12:55 - [MESSAGE][PASSED] - Text 'ady.pangerang@gmail.com' has been set to element 'Object Repository/Mobile/Page/Login/Input - UserID or Email'

2021-11-17 08:12:55 - [TEST_STEP][PASSED] - delay(1): Delayed 1 second(s)

2021-11-17 08:12:56 - [MESSAGE][PASSED] - Delayed 1 second(s)

2021-11-17 08:12:56 - [TEST_STEP][PASSED] - hideKeyboard(): Keyboard is hidden

2021-11-17 08:12:59 - [MESSAGE][PASSED] - Keyboard is hidden

2021-11-17 08:12:59 - [TEST_STEP][PASSED] - delay(1): Delayed 1 second(s)

2021-11-17 08:13:01 - [MESSAGE][PASSED] - Delayed 1 second(s)

2021-11-17 08:13:01 - [TEST_STEP][PASSED] - tap(findTestObject("Mobile/Page/Login/Tap - Password 2"), 0): Tapped on element 'Object Repository/Mobile/Page/Login/Tap - Password 2'

2021-11-17 08:13:01 - [MESSAGE][WARNING] - Timeout '0' is invalid. Using default page load timeout: '60'

2021-11-17 08:13:01 - [MESSAGE][PASSED] - Tapped on element 'Object Repository/Mobile/Page/Login/Tap - Password 2'

2021-11-17 08:13:01 - [TEST_STEP][PASSED] - delay(3): Delayed 3 second(s)

2021-11-17 08:13:04 - [MESSAGE][PASSED] - Delayed 3 second(s)

2021-11-17 08:13:04 - [TEST_STEP][PASSED] - setText(findTestObject("Mobile/Page/Login/Tap - Password 2"), "Mirae1234", 0): Text 'Mirae1234' has been set to element 'Object Repository/Mobile/Page/Login/Tap - Password 2'

2021-11-17 08:13:05 - [MESSAGE][WARNING] - Timeout '0' is invalid. Using default page load timeout: '60'

2021-11-17 08:13:05 - [MESSAGE][PASSED] - Text 'Mirae1234' has been set to element 'Object Repository/Mobile/Page/Login/Tap - Password 2'

2021-11-17 08:13:05 - [TEST_STEP][PASSED] - delay(1): Delayed 1 second(s)

2021-11-17 08:13:06 - [MESSAGE][PASSED] - Delayed 1 second(s)

2021-11-17 08:13:06 - [TEST_STEP][PASSED] - hideKeyboard(): Keyboard is hidden

2021-11-17 08:13:12 - [MESSAGE][PASSED] - Keyboard is hidden

2021-11-17 08:13:12 - [TEST_STEP][PASSED] - delay(1): Delayed 1 second(s)

2021-11-17 08:13:13 - [MESSAGE][PASSED] - Delayed 1 second(s)

2021-11-17 08:13:13 - [TEST_STEP][PASSED] - tap(findTestObject("Mobile/Page/Login/Button - Sign In"), 0): Tapped on element 'Object Repository/Mobile/Page/Login/Button - Sign In'

2021-11-17 08:13:14 - [MESSAGE][WARNING] - Timeout '0' is invalid. Using default page load timeout: '60'

2021-11-17 08:13:16 - [MESSAGE][PASSED] - Tapped on element 'Object Repository/Mobile/Page/Login/Button - Sign In'

2021-11-17 08:13:16 - [MESSAGE][PASSED] - Call Test Case 'Test Cases/Mobile/Page/Login/Login' successfully

2021-11-17 08:13:16 - [TEST_STEP][PASSED] - if (page == "cart"): null

2021-11-17 08:13:16 - [TEST_STEP][PASSED] - tap(findTestObject("Object Repository/Mobile/Page/Transaction/Button - Menubar Transaction"), 0): Tapped on element 'Object Repository/Mobile/Page/Transaction/Button - Menubar Transaction'

2021-11-17 08:13:16 - [MESSAGE][WARNING] - Timeout '0' is invalid. Using default page load timeout: '60'

2021-11-17 08:13:18 - [MESSAGE][PASSED] - Tapped on element 'Object Repository/Mobile/Page/Transaction/Button - Menubar Transaction'

2021-11-17 08:13:18 - [TEST_STEP][PASSED] - delay(1): Delayed 1 second(s)

2021-11-17 08:13:19 - [MESSAGE][PASSED] - Delayed 1 second(s)

2021-11-17 08:13:19 - [TEST_STEP][PASSED] - if (page == "onprocess"): Delayed 1 second(s)

2021-11-17 08:13:19 - [TEST_STEP][PASSED] - if (tab == "subscription"): null

2021-11-17 08:13:19 - [TEST_STEP][PASSED] - else if (tab == "redemption"): Tapped on element 'Object Repository/Mobile/Page/Transaction/On Process/Tab - Redemption'

2021-11-17 08:13:19 - [TEST_STEP][PASSED] - tap(findTestObject("Object Repository/Mobile/Page/Transaction/On Process/Tab - Redemption"), 0): Tapped on element 'Object Repository/Mobile/Page/Transaction/On Process/Tab - Redemption'

2021-11-17 08:13:19 - [MESSAGE][WARNING] - Timeout '0' is invalid. Using default page load timeout: '60'

2021-11-17 08:13:21 - [MESSAGE][PASSED] - Tapped on element 'Object Repository/Mobile/Page/Transaction/On Process/Tab - Redemption'

2021-11-17 08:13:21 - [TEST_STEP][PASSED] - if (action == "detail"): null

2021-11-17 08:13:21 - [TEST_STEP][PASSED] - delay(1): Delayed 1 second(s)

2021-11-17 08:13:22 - [MESSAGE][PASSED] - Delayed 1 second(s)

2021-11-17 08:13:22 - [MESSAGE][PASSED] - Call Test Case 'Test Cases/Mobile/Page/Transaction/Transaction' successfully

2021-11-17 08:13:22 - [TEST_STEP][PASSED] - callTestCase(findTestCase("Mobile/Page/Run App/Terminate App"), [:], STOP_ON_FAILURE): Call Test Case 'Test Cases/Mobile/Page/Run App/Terminate App' successfully

2021-11-17 08:13:22 - [TEST_CASE][PASSED] - Test Cases/Mobile/Page/Run App/Terminate App: Test Cases/Mobile/Page/Run App/Terminate App

2021-11-17 08:13:22 - [TEST_STEP][PASSED] - startApp.OpenApp.terminateApplication(): startApp.OpenApp.terminateApplication is PASSED

2021-11-17 08:13:25 - [MESSAGE][PASSED] - Delayed 3 second(s)

2021-11-17 08:13:25 - [MESSAGE][PASSED] - Current device physical width is 720

2021-11-17 08:13:25 - [MESSAGE][PASSED] - Current device physical height is 1423

2021-11-17 08:13:27 - [MESSAGE][PASSED] - Swiped from 360,853 to 360,142

2021-11-17 08:13:28 - [MESSAGE][PASSED] - Delayed 1 second(s)

2021-11-17 08:13:29 - [MESSAGE][PASSED] - Swiped from 360,853 to 360,142

2021-11-17 08:13:32 - [MESSAGE][PASSED] - Delayed 3 second(s)

2021-11-17 08:13:32 - [MESSAGE][PASSED] - startApp.OpenApp.terminateApplication is PASSED

2021-11-17 08:13:32 - [MESSAGE][PASSED] - Call Test Case 'Test Cases/Mobile/Page/Run App/Terminate App' successfully]]></system-out>
         <system-err><![CDATA[]]></system-err>
      </testcase>
      <testcase name="Test Cases/Mobile/Scenario/Transaction/004 - Melihat Transaction berdasarkan ketegori On Process dan Switching" time="68.402" classname="Test Cases/Mobile/Scenario/Transaction/004 - Melihat Transaction berdasarkan ketegori On Process dan Switching" status="PASSED">
         <system-out><![CDATA[2021-11-17 08:13:32 - [TEST_CASE][PASSED] - Test Cases/Mobile/Scenario/Transaction/004 - Melihat Transaction berdasarkan ketegori On Process dan Switching: Test Cases/Mobile/Scenario/Transaction/004 - Melihat Transaction berdasarkan ketegori On Process dan Switching

2021-11-17 08:13:33 - [TEST_STEP][PASSED] - callTestCase(findTestCase("Mobile/Page/Run App/Run App byID"), [:], STOP_ON_FAILURE): Call Test Case 'Test Cases/Mobile/Page/Run App/Run App byID' successfully

2021-11-17 08:13:33 - [TEST_CASE][PASSED] - Test Cases/Mobile/Page/Run App/Run App byID: Test Cases/Mobile/Page/Run App/Run App byID

2021-11-17 08:13:33 - [TEST_STEP][PASSED] - startApp.OpenApp.startApplication("com.mirae.maxfund"): startApp.OpenApp.startApplication is PASSED

2021-11-17 08:13:46 - [MESSAGE][PASSED] - Starting app with application ID: 'com.mirae.maxfund'

2021-11-17 08:13:46 - [MESSAGE][PASSED] - startApp.OpenApp.startApplication is PASSED

2021-11-17 08:13:46 - [MESSAGE][PASSED] - Call Test Case 'Test Cases/Mobile/Page/Run App/Run App byID' successfully

2021-11-17 08:13:46 - [TEST_STEP][PASSED] - callTestCase(findTestCase("Mobile/Page/Transaction/Transaction"), ["page":"onprocess", "tab":"switching", "action":"none"], STOP_ON_FAILURE): Call Test Case 'Test Cases/Mobile/Page/Transaction/Transaction' successfully

2021-11-17 08:13:46 - [TEST_CASE][PASSED] - Test Cases/Mobile/Page/Transaction/Transaction: Test Cases/Mobile/Page/Transaction/Transaction

2021-11-17 08:13:46 - [TEST_STEP][PASSED] - delay(5): Delayed 5 second(s)

2021-11-17 08:13:51 - [MESSAGE][PASSED] - Delayed 5 second(s)

2021-11-17 08:13:51 - [TEST_STEP][PASSED] - loginCheck = verifyElementExist(findTestObject("Object Repository/Mobile/Page/Dashboard/Button - Login"), 2, CONTINUE_ON_FAILURE): Element 'Object Repository/Mobile/Page/Dashboard/Button - Login' is exist

2021-11-17 08:13:52 - [MESSAGE][PASSED] - Element 'Object Repository/Mobile/Page/Dashboard/Button - Login' is exist

2021-11-17 08:13:52 - [TEST_STEP][PASSED] - if (loginCheck): Call Test Case 'Test Cases/Mobile/Page/Login/Login' successfully

2021-11-17 08:13:52 - [TEST_STEP][PASSED] - callTestCase(findTestCase("Mobile/Page/Login/Login"), ["isLogin":0]): Call Test Case 'Test Cases/Mobile/Page/Login/Login' successfully

2021-11-17 08:13:52 - [TEST_CASE][PASSED] - Test Cases/Mobile/Page/Login/Login: Test Cases/Mobile/Page/Login/Login

2021-11-17 08:13:52 - [TEST_STEP][PASSED] - if (isLogin == 0): Tapped on element 'Object Repository/Mobile/Page/Dashboard/Button - Login'

2021-11-17 08:13:52 - [TEST_STEP][PASSED] - tap(findTestObject("Mobile/Page/Dashboard/Button - Login"), 0): Tapped on element 'Object Repository/Mobile/Page/Dashboard/Button - Login'

2021-11-17 08:13:52 - [MESSAGE][WARNING] - Timeout '0' is invalid. Using default page load timeout: '60'

2021-11-17 08:13:54 - [MESSAGE][PASSED] - Tapped on element 'Object Repository/Mobile/Page/Dashboard/Button - Login'

2021-11-17 08:13:54 - [TEST_STEP][PASSED] - tap(findTestObject("Mobile/Page/Login/Tap - UserID or Email"), 0): Tapped on element 'Object Repository/Mobile/Page/Login/Tap - UserID or Email'

2021-11-17 08:13:54 - [MESSAGE][WARNING] - Timeout '0' is invalid. Using default page load timeout: '60'

2021-11-17 08:13:57 - [MESSAGE][PASSED] - Tapped on element 'Object Repository/Mobile/Page/Login/Tap - UserID or Email'

2021-11-17 08:13:57 - [TEST_STEP][PASSED] - delay(3): Delayed 3 second(s)

2021-11-17 08:14:00 - [MESSAGE][PASSED] - Delayed 3 second(s)

2021-11-17 08:14:00 - [TEST_STEP][PASSED] - setText(findTestObject("Mobile/Page/Login/Input - UserID or Email"), "ady.pangerang@gmail.com", 0): Text 'ady.pangerang@gmail.com' has been set to element 'Object Repository/Mobile/Page/Login/Input - UserID or Email'

2021-11-17 08:14:00 - [MESSAGE][WARNING] - Timeout '0' is invalid. Using default page load timeout: '60'

2021-11-17 08:14:01 - [MESSAGE][PASSED] - Text 'ady.pangerang@gmail.com' has been set to element 'Object Repository/Mobile/Page/Login/Input - UserID or Email'

2021-11-17 08:14:01 - [TEST_STEP][PASSED] - delay(1): Delayed 1 second(s)

2021-11-17 08:14:02 - [MESSAGE][PASSED] - Delayed 1 second(s)

2021-11-17 08:14:02 - [TEST_STEP][PASSED] - hideKeyboard(): Keyboard is hidden

2021-11-17 08:14:06 - [MESSAGE][PASSED] - Keyboard is hidden

2021-11-17 08:14:06 - [TEST_STEP][PASSED] - delay(1): Delayed 1 second(s)

2021-11-17 08:14:07 - [MESSAGE][PASSED] - Delayed 1 second(s)

2021-11-17 08:14:07 - [TEST_STEP][PASSED] - tap(findTestObject("Mobile/Page/Login/Tap - Password 2"), 0): Tapped on element 'Object Repository/Mobile/Page/Login/Tap - Password 2'

2021-11-17 08:14:07 - [MESSAGE][WARNING] - Timeout '0' is invalid. Using default page load timeout: '60'

2021-11-17 08:14:07 - [MESSAGE][PASSED] - Tapped on element 'Object Repository/Mobile/Page/Login/Tap - Password 2'

2021-11-17 08:14:07 - [TEST_STEP][PASSED] - delay(3): Delayed 3 second(s)

2021-11-17 08:14:10 - [MESSAGE][PASSED] - Delayed 3 second(s)

2021-11-17 08:14:10 - [TEST_STEP][PASSED] - setText(findTestObject("Mobile/Page/Login/Tap - Password 2"), "Mirae1234", 0): Text 'Mirae1234' has been set to element 'Object Repository/Mobile/Page/Login/Tap - Password 2'

2021-11-17 08:14:11 - [MESSAGE][WARNING] - Timeout '0' is invalid. Using default page load timeout: '60'

2021-11-17 08:14:11 - [MESSAGE][PASSED] - Text 'Mirae1234' has been set to element 'Object Repository/Mobile/Page/Login/Tap - Password 2'

2021-11-17 08:14:11 - [TEST_STEP][PASSED] - delay(1): Delayed 1 second(s)

2021-11-17 08:14:12 - [MESSAGE][PASSED] - Delayed 1 second(s)

2021-11-17 08:14:12 - [TEST_STEP][PASSED] - hideKeyboard(): Keyboard is hidden

2021-11-17 08:14:19 - [MESSAGE][PASSED] - Keyboard is hidden

2021-11-17 08:14:19 - [TEST_STEP][PASSED] - delay(1): Delayed 1 second(s)

2021-11-17 08:14:20 - [MESSAGE][PASSED] - Delayed 1 second(s)

2021-11-17 08:14:20 - [TEST_STEP][PASSED] - tap(findTestObject("Mobile/Page/Login/Button - Sign In"), 0): Tapped on element 'Object Repository/Mobile/Page/Login/Button - Sign In'

2021-11-17 08:14:20 - [MESSAGE][WARNING] - Timeout '0' is invalid. Using default page load timeout: '60'

2021-11-17 08:14:22 - [MESSAGE][PASSED] - Tapped on element 'Object Repository/Mobile/Page/Login/Button - Sign In'

2021-11-17 08:14:22 - [MESSAGE][PASSED] - Call Test Case 'Test Cases/Mobile/Page/Login/Login' successfully

2021-11-17 08:14:22 - [TEST_STEP][PASSED] - if (page == "cart"): null

2021-11-17 08:14:22 - [TEST_STEP][PASSED] - tap(findTestObject("Object Repository/Mobile/Page/Transaction/Button - Menubar Transaction"), 0): Tapped on element 'Object Repository/Mobile/Page/Transaction/Button - Menubar Transaction'

2021-11-17 08:14:22 - [MESSAGE][WARNING] - Timeout '0' is invalid. Using default page load timeout: '60'

2021-11-17 08:14:23 - [MESSAGE][PASSED] - Tapped on element 'Object Repository/Mobile/Page/Transaction/Button - Menubar Transaction'

2021-11-17 08:14:23 - [TEST_STEP][PASSED] - delay(1): Delayed 1 second(s)

2021-11-17 08:14:24 - [MESSAGE][PASSED] - Delayed 1 second(s)

2021-11-17 08:14:24 - [TEST_STEP][PASSED] - if (page == "onprocess"): Delayed 1 second(s)

2021-11-17 08:14:24 - [TEST_STEP][PASSED] - if (tab == "subscription"): null

2021-11-17 08:14:24 - [TEST_STEP][PASSED] - else if (tab == "redemption"): null

2021-11-17 08:14:24 - [TEST_STEP][PASSED] - else if (tab == "switching"): Tapped on element 'Object Repository/Mobile/Page/Transaction/On Process/Tab - Switching'

2021-11-17 08:14:24 - [TEST_STEP][PASSED] - element = findTestObject("Object Repository/Mobile/Page/Transaction/On Process/Tab - All"): null

2021-11-17 08:14:25 - [TEST_STEP][PASSED] - scroll.scroll.scrollRightToLeft(element): scroll.scroll.scrollRightToLeft is PASSED

2021-11-17 08:14:25 - [MESSAGE][WARNING] - Timeout '0' is invalid. Using default page load timeout: '60'

2021-11-17 08:14:25 - [MESSAGE][PASSED] - Object 'Object Repository/Mobile/Page/Transaction/On Process/Tab - All' has left position '31'

2021-11-17 08:14:25 - [MESSAGE][WARNING] - Timeout '0' is invalid. Using default page load timeout: '60'

2021-11-17 08:14:25 - [MESSAGE][PASSED] - Object 'Object Repository/Mobile/Page/Transaction/On Process/Tab - All' has top position '255'

2021-11-17 08:14:25 - [MESSAGE][WARNING] - Timeout '0' is invalid. Using default page load timeout: '60'

2021-11-17 08:14:26 - [MESSAGE][PASSED] - Object 'Object Repository/Mobile/Page/Transaction/On Process/Tab - All' has width: '207'

2021-11-17 08:14:26 - [MESSAGE][WARNING] - Timeout '0' is invalid. Using default page load timeout: '60'

2021-11-17 08:14:26 - [MESSAGE][PASSED] - Object 'Object Repository/Mobile/Page/Transaction/On Process/Tab - All' has height: '44'

2021-11-17 08:14:27 - [MESSAGE][PASSED] - Swiped from 196,277 to 72,277

2021-11-17 08:14:27 - [MESSAGE][PASSED] - scroll.scroll.scrollRightToLeft is PASSED

2021-11-17 08:14:27 - [TEST_STEP][PASSED] - tap(findTestObject("Object Repository/Mobile/Page/Transaction/On Process/Tab - Switching"), 0): Tapped on element 'Object Repository/Mobile/Page/Transaction/On Process/Tab - Switching'

2021-11-17 08:14:28 - [MESSAGE][WARNING] - Timeout '0' is invalid. Using default page load timeout: '60'

2021-11-17 08:14:29 - [MESSAGE][PASSED] - Tapped on element 'Object Repository/Mobile/Page/Transaction/On Process/Tab - Switching'

2021-11-17 08:14:29 - [TEST_STEP][PASSED] - if (action == "detail"): null

2021-11-17 08:14:29 - [TEST_STEP][PASSED] - delay(1): Delayed 1 second(s)

2021-11-17 08:14:30 - [MESSAGE][PASSED] - Delayed 1 second(s)

2021-11-17 08:14:30 - [MESSAGE][PASSED] - Call Test Case 'Test Cases/Mobile/Page/Transaction/Transaction' successfully

2021-11-17 08:14:30 - [TEST_STEP][PASSED] - callTestCase(findTestCase("Mobile/Page/Run App/Terminate App"), [:], STOP_ON_FAILURE): Call Test Case 'Test Cases/Mobile/Page/Run App/Terminate App' successfully

2021-11-17 08:14:30 - [TEST_CASE][PASSED] - Test Cases/Mobile/Page/Run App/Terminate App: Test Cases/Mobile/Page/Run App/Terminate App

2021-11-17 08:14:30 - [TEST_STEP][PASSED] - startApp.OpenApp.terminateApplication(): startApp.OpenApp.terminateApplication is PASSED

2021-11-17 08:14:33 - [MESSAGE][PASSED] - Delayed 3 second(s)

2021-11-17 08:14:33 - [MESSAGE][PASSED] - Current device physical width is 720

2021-11-17 08:14:34 - [MESSAGE][PASSED] - Current device physical height is 1423

2021-11-17 08:14:35 - [MESSAGE][PASSED] - Swiped from 360,853 to 360,142

2021-11-17 08:14:36 - [MESSAGE][PASSED] - Delayed 1 second(s)

2021-11-17 08:14:38 - [MESSAGE][PASSED] - Swiped from 360,853 to 360,142

2021-11-17 08:14:41 - [MESSAGE][PASSED] - Delayed 3 second(s)

2021-11-17 08:14:41 - [MESSAGE][PASSED] - startApp.OpenApp.terminateApplication is PASSED

2021-11-17 08:14:41 - [MESSAGE][PASSED] - Call Test Case 'Test Cases/Mobile/Page/Run App/Terminate App' successfully]]></system-out>
         <system-err><![CDATA[]]></system-err>
      </testcase>
      <testcase name="Test Cases/Mobile/Scenario/Transaction/005 - Melihat Transaction berdasarkan kategori History" time="64.774" classname="Test Cases/Mobile/Scenario/Transaction/005 - Melihat Transaction berdasarkan kategori History" status="PASSED">
         <system-out><![CDATA[2021-11-17 08:14:41 - [TEST_CASE][PASSED] - Test Cases/Mobile/Scenario/Transaction/005 - Melihat Transaction berdasarkan kategori History: Test Cases/Mobile/Scenario/Transaction/005 - Melihat Transaction berdasarkan kategori History

2021-11-17 08:14:41 - [TEST_STEP][PASSED] - callTestCase(findTestCase("Mobile/Page/Run App/Run App byID"), [:], STOP_ON_FAILURE): Call Test Case 'Test Cases/Mobile/Page/Run App/Run App byID' successfully

2021-11-17 08:14:41 - [TEST_CASE][PASSED] - Test Cases/Mobile/Page/Run App/Run App byID: Test Cases/Mobile/Page/Run App/Run App byID

2021-11-17 08:14:41 - [TEST_STEP][PASSED] - startApp.OpenApp.startApplication("com.mirae.maxfund"): startApp.OpenApp.startApplication is PASSED

2021-11-17 08:14:55 - [MESSAGE][PASSED] - Starting app with application ID: 'com.mirae.maxfund'

2021-11-17 08:14:55 - [MESSAGE][PASSED] - startApp.OpenApp.startApplication is PASSED

2021-11-17 08:14:55 - [MESSAGE][PASSED] - Call Test Case 'Test Cases/Mobile/Page/Run App/Run App byID' successfully

2021-11-17 08:14:55 - [TEST_STEP][PASSED] - callTestCase(findTestCase("Mobile/Page/Transaction/Transaction"), ["page":"history", "tab":"none", "action":"none"], CONTINUE_ON_FAILURE): Call Test Case 'Test Cases/Mobile/Page/Transaction/Transaction' successfully

2021-11-17 08:14:55 - [TEST_CASE][PASSED] - Test Cases/Mobile/Page/Transaction/Transaction: Test Cases/Mobile/Page/Transaction/Transaction

2021-11-17 08:14:55 - [TEST_STEP][PASSED] - delay(5): Delayed 5 second(s)

2021-11-17 08:15:00 - [MESSAGE][PASSED] - Delayed 5 second(s)

2021-11-17 08:15:00 - [TEST_STEP][PASSED] - loginCheck = verifyElementExist(findTestObject("Object Repository/Mobile/Page/Dashboard/Button - Login"), 2, CONTINUE_ON_FAILURE): Element 'Object Repository/Mobile/Page/Dashboard/Button - Login' is exist

2021-11-17 08:15:00 - [MESSAGE][PASSED] - Element 'Object Repository/Mobile/Page/Dashboard/Button - Login' is exist

2021-11-17 08:15:00 - [TEST_STEP][PASSED] - if (loginCheck): Call Test Case 'Test Cases/Mobile/Page/Login/Login' successfully

2021-11-17 08:15:00 - [TEST_STEP][PASSED] - callTestCase(findTestCase("Mobile/Page/Login/Login"), ["isLogin":0]): Call Test Case 'Test Cases/Mobile/Page/Login/Login' successfully

2021-11-17 08:15:00 - [TEST_CASE][PASSED] - Test Cases/Mobile/Page/Login/Login: Test Cases/Mobile/Page/Login/Login

2021-11-17 08:15:00 - [TEST_STEP][PASSED] - if (isLogin == 0): Tapped on element 'Object Repository/Mobile/Page/Dashboard/Button - Login'

2021-11-17 08:15:00 - [TEST_STEP][PASSED] - tap(findTestObject("Mobile/Page/Dashboard/Button - Login"), 0): Tapped on element 'Object Repository/Mobile/Page/Dashboard/Button - Login'

2021-11-17 08:15:00 - [MESSAGE][WARNING] - Timeout '0' is invalid. Using default page load timeout: '60'

2021-11-17 08:15:01 - [MESSAGE][PASSED] - Tapped on element 'Object Repository/Mobile/Page/Dashboard/Button - Login'

2021-11-17 08:15:01 - [TEST_STEP][PASSED] - tap(findTestObject("Mobile/Page/Login/Tap - UserID or Email"), 0): Tapped on element 'Object Repository/Mobile/Page/Login/Tap - UserID or Email'

2021-11-17 08:15:01 - [MESSAGE][WARNING] - Timeout '0' is invalid. Using default page load timeout: '60'

2021-11-17 08:15:03 - [MESSAGE][PASSED] - Tapped on element 'Object Repository/Mobile/Page/Login/Tap - UserID or Email'

2021-11-17 08:15:03 - [TEST_STEP][PASSED] - delay(3): Delayed 3 second(s)

2021-11-17 08:15:06 - [MESSAGE][PASSED] - Delayed 3 second(s)

2021-11-17 08:15:06 - [TEST_STEP][PASSED] - setText(findTestObject("Mobile/Page/Login/Input - UserID or Email"), "ady.pangerang@gmail.com", 0): Text 'ady.pangerang@gmail.com' has been set to element 'Object Repository/Mobile/Page/Login/Input - UserID or Email'

2021-11-17 08:15:07 - [MESSAGE][WARNING] - Timeout '0' is invalid. Using default page load timeout: '60'

2021-11-17 08:15:07 - [MESSAGE][PASSED] - Text 'ady.pangerang@gmail.com' has been set to element 'Object Repository/Mobile/Page/Login/Input - UserID or Email'

2021-11-17 08:15:07 - [TEST_STEP][PASSED] - delay(1): Delayed 1 second(s)

2021-11-17 08:15:08 - [MESSAGE][PASSED] - Delayed 1 second(s)

2021-11-17 08:15:08 - [TEST_STEP][PASSED] - hideKeyboard(): Keyboard is hidden

2021-11-17 08:15:12 - [MESSAGE][PASSED] - Keyboard is hidden

2021-11-17 08:15:12 - [TEST_STEP][PASSED] - delay(1): Delayed 1 second(s)

2021-11-17 08:15:13 - [MESSAGE][PASSED] - Delayed 1 second(s)

2021-11-17 08:15:13 - [TEST_STEP][PASSED] - tap(findTestObject("Mobile/Page/Login/Tap - Password 2"), 0): Tapped on element 'Object Repository/Mobile/Page/Login/Tap - Password 2'

2021-11-17 08:15:13 - [MESSAGE][WARNING] - Timeout '0' is invalid. Using default page load timeout: '60'

2021-11-17 08:15:13 - [MESSAGE][PASSED] - Tapped on element 'Object Repository/Mobile/Page/Login/Tap - Password 2'

2021-11-17 08:15:13 - [TEST_STEP][PASSED] - delay(3): Delayed 3 second(s)

2021-11-17 08:15:16 - [MESSAGE][PASSED] - Delayed 3 second(s)

2021-11-17 08:15:16 - [TEST_STEP][PASSED] - setText(findTestObject("Mobile/Page/Login/Tap - Password 2"), "Mirae1234", 0): Text 'Mirae1234' has been set to element 'Object Repository/Mobile/Page/Login/Tap - Password 2'

2021-11-17 08:15:17 - [MESSAGE][WARNING] - Timeout '0' is invalid. Using default page load timeout: '60'

2021-11-17 08:15:17 - [MESSAGE][PASSED] - Text 'Mirae1234' has been set to element 'Object Repository/Mobile/Page/Login/Tap - Password 2'

2021-11-17 08:15:17 - [TEST_STEP][PASSED] - delay(1): Delayed 1 second(s)

2021-11-17 08:15:18 - [MESSAGE][PASSED] - Delayed 1 second(s)

2021-11-17 08:15:18 - [TEST_STEP][PASSED] - hideKeyboard(): Keyboard is hidden

2021-11-17 08:15:25 - [MESSAGE][PASSED] - Keyboard is hidden

2021-11-17 08:15:25 - [TEST_STEP][PASSED] - delay(1): Delayed 1 second(s)

2021-11-17 08:15:26 - [MESSAGE][PASSED] - Delayed 1 second(s)

2021-11-17 08:15:26 - [TEST_STEP][PASSED] - tap(findTestObject("Mobile/Page/Login/Button - Sign In"), 0): Tapped on element 'Object Repository/Mobile/Page/Login/Button - Sign In'

2021-11-17 08:15:26 - [MESSAGE][WARNING] - Timeout '0' is invalid. Using default page load timeout: '60'

2021-11-17 08:15:28 - [MESSAGE][PASSED] - Tapped on element 'Object Repository/Mobile/Page/Login/Button - Sign In'

2021-11-17 08:15:28 - [MESSAGE][PASSED] - Call Test Case 'Test Cases/Mobile/Page/Login/Login' successfully

2021-11-17 08:15:28 - [TEST_STEP][PASSED] - if (page == "cart"): null

2021-11-17 08:15:28 - [TEST_STEP][PASSED] - tap(findTestObject("Object Repository/Mobile/Page/Transaction/Button - Menubar Transaction"), 0): Tapped on element 'Object Repository/Mobile/Page/Transaction/Button - Menubar Transaction'

2021-11-17 08:15:28 - [MESSAGE][WARNING] - Timeout '0' is invalid. Using default page load timeout: '60'

2021-11-17 08:15:31 - [MESSAGE][PASSED] - Tapped on element 'Object Repository/Mobile/Page/Transaction/Button - Menubar Transaction'

2021-11-17 08:15:31 - [TEST_STEP][PASSED] - delay(1): Delayed 1 second(s)

2021-11-17 08:15:32 - [MESSAGE][PASSED] - Delayed 1 second(s)

2021-11-17 08:15:32 - [TEST_STEP][PASSED] - if (page == "onprocess"): null

2021-11-17 08:15:32 - [TEST_STEP][PASSED] - else if (page == "history"): Delayed 1 second(s)

2021-11-17 08:15:32 - [TEST_STEP][PASSED] - tap(findTestObject("Object Repository/Mobile/Page/Transaction/Tab - History"), 0): Tapped on element 'Object Repository/Mobile/Page/Transaction/Tab - History'

2021-11-17 08:15:32 - [MESSAGE][WARNING] - Timeout '0' is invalid. Using default page load timeout: '60'

2021-11-17 08:15:33 - [MESSAGE][PASSED] - Tapped on element 'Object Repository/Mobile/Page/Transaction/Tab - History'

2021-11-17 08:15:33 - [TEST_STEP][PASSED] - if (action == "detail"): null

2021-11-17 08:15:33 - [TEST_STEP][PASSED] - delay(1): Delayed 1 second(s)

2021-11-17 08:15:34 - [MESSAGE][PASSED] - Delayed 1 second(s)

2021-11-17 08:15:34 - [MESSAGE][PASSED] - Call Test Case 'Test Cases/Mobile/Page/Transaction/Transaction' successfully

2021-11-17 08:15:34 - [TEST_STEP][PASSED] - callTestCase(findTestCase("Mobile/Page/Run App/Terminate App"), [:], STOP_ON_FAILURE): Call Test Case 'Test Cases/Mobile/Page/Run App/Terminate App' successfully

2021-11-17 08:15:34 - [TEST_CASE][PASSED] - Test Cases/Mobile/Page/Run App/Terminate App: Test Cases/Mobile/Page/Run App/Terminate App

2021-11-17 08:15:34 - [TEST_STEP][PASSED] - startApp.OpenApp.terminateApplication(): startApp.OpenApp.terminateApplication is PASSED

2021-11-17 08:15:38 - [MESSAGE][PASSED] - Delayed 3 second(s)

2021-11-17 08:15:38 - [MESSAGE][PASSED] - Current device physical width is 720

2021-11-17 08:15:39 - [MESSAGE][PASSED] - Current device physical height is 1423

2021-11-17 08:15:40 - [MESSAGE][PASSED] - Swiped from 360,853 to 360,142

2021-11-17 08:15:41 - [MESSAGE][PASSED] - Delayed 1 second(s)

2021-11-17 08:15:42 - [MESSAGE][PASSED] - Swiped from 360,853 to 360,142

2021-11-17 08:15:45 - [MESSAGE][PASSED] - Delayed 3 second(s)

2021-11-17 08:15:45 - [MESSAGE][PASSED] - startApp.OpenApp.terminateApplication is PASSED

2021-11-17 08:15:45 - [MESSAGE][PASSED] - Call Test Case 'Test Cases/Mobile/Page/Run App/Terminate App' successfully]]></system-out>
         <system-err><![CDATA[]]></system-err>
      </testcase>
      <testcase name="Test Cases/Mobile/Scenario/Transaction/006 - Melihat detail Transaction" time="70.164" classname="Test Cases/Mobile/Scenario/Transaction/006 - Melihat detail Transaction" status="PASSED">
         <system-out><![CDATA[2021-11-17 08:15:45 - [TEST_CASE][PASSED] - Test Cases/Mobile/Scenario/Transaction/006 - Melihat detail Transaction: Test Cases/Mobile/Scenario/Transaction/006 - Melihat detail Transaction

2021-11-17 08:15:46 - [TEST_STEP][PASSED] - callTestCase(findTestCase("Mobile/Page/Run App/Run App byID"), [:], STOP_ON_FAILURE): Call Test Case 'Test Cases/Mobile/Page/Run App/Run App byID' successfully

2021-11-17 08:15:46 - [TEST_CASE][PASSED] - Test Cases/Mobile/Page/Run App/Run App byID: Test Cases/Mobile/Page/Run App/Run App byID

2021-11-17 08:15:46 - [TEST_STEP][PASSED] - startApp.OpenApp.startApplication("com.mirae.maxfund"): startApp.OpenApp.startApplication is PASSED

2021-11-17 08:15:59 - [MESSAGE][PASSED] - Starting app with application ID: 'com.mirae.maxfund'

2021-11-17 08:15:59 - [MESSAGE][PASSED] - startApp.OpenApp.startApplication is PASSED

2021-11-17 08:15:59 - [MESSAGE][PASSED] - Call Test Case 'Test Cases/Mobile/Page/Run App/Run App byID' successfully

2021-11-17 08:15:59 - [TEST_STEP][PASSED] - callTestCase(findTestCase("Mobile/Page/Transaction/Transaction"), ["page":"onprocess", "tab":"none", "action":"detail"], CONTINUE_ON_FAILURE): Call Test Case 'Test Cases/Mobile/Page/Transaction/Transaction' successfully

2021-11-17 08:15:59 - [TEST_CASE][PASSED] - Test Cases/Mobile/Page/Transaction/Transaction: Test Cases/Mobile/Page/Transaction/Transaction

2021-11-17 08:15:59 - [TEST_STEP][PASSED] - delay(5): Delayed 5 second(s)

2021-11-17 08:16:04 - [MESSAGE][PASSED] - Delayed 5 second(s)

2021-11-17 08:16:04 - [TEST_STEP][PASSED] - loginCheck = verifyElementExist(findTestObject("Object Repository/Mobile/Page/Dashboard/Button - Login"), 2, CONTINUE_ON_FAILURE): Element 'Object Repository/Mobile/Page/Dashboard/Button - Login' is exist

2021-11-17 08:16:05 - [MESSAGE][PASSED] - Element 'Object Repository/Mobile/Page/Dashboard/Button - Login' is exist

2021-11-17 08:16:05 - [TEST_STEP][PASSED] - if (loginCheck): Call Test Case 'Test Cases/Mobile/Page/Login/Login' successfully

2021-11-17 08:16:05 - [TEST_STEP][PASSED] - callTestCase(findTestCase("Mobile/Page/Login/Login"), ["isLogin":0]): Call Test Case 'Test Cases/Mobile/Page/Login/Login' successfully

2021-11-17 08:16:05 - [TEST_CASE][PASSED] - Test Cases/Mobile/Page/Login/Login: Test Cases/Mobile/Page/Login/Login

2021-11-17 08:16:05 - [TEST_STEP][PASSED] - if (isLogin == 0): Tapped on element 'Object Repository/Mobile/Page/Dashboard/Button - Login'

2021-11-17 08:16:05 - [TEST_STEP][PASSED] - tap(findTestObject("Mobile/Page/Dashboard/Button - Login"), 0): Tapped on element 'Object Repository/Mobile/Page/Dashboard/Button - Login'

2021-11-17 08:16:05 - [MESSAGE][WARNING] - Timeout '0' is invalid. Using default page load timeout: '60'

2021-11-17 08:16:07 - [MESSAGE][PASSED] - Tapped on element 'Object Repository/Mobile/Page/Dashboard/Button - Login'

2021-11-17 08:16:07 - [TEST_STEP][PASSED] - tap(findTestObject("Mobile/Page/Login/Tap - UserID or Email"), 0): Tapped on element 'Object Repository/Mobile/Page/Login/Tap - UserID or Email'

2021-11-17 08:16:07 - [MESSAGE][WARNING] - Timeout '0' is invalid. Using default page load timeout: '60'

2021-11-17 08:16:07 - [MESSAGE][PASSED] - Tapped on element 'Object Repository/Mobile/Page/Login/Tap - UserID or Email'

2021-11-17 08:16:07 - [TEST_STEP][PASSED] - delay(3): Delayed 3 second(s)

2021-11-17 08:16:10 - [MESSAGE][PASSED] - Delayed 3 second(s)

2021-11-17 08:16:10 - [TEST_STEP][PASSED] - setText(findTestObject("Mobile/Page/Login/Input - UserID or Email"), "ady.pangerang@gmail.com", 0): Text 'ady.pangerang@gmail.com' has been set to element 'Object Repository/Mobile/Page/Login/Input - UserID or Email'

2021-11-17 08:16:11 - [MESSAGE][WARNING] - Timeout '0' is invalid. Using default page load timeout: '60'

2021-11-17 08:16:11 - [MESSAGE][PASSED] - Text 'ady.pangerang@gmail.com' has been set to element 'Object Repository/Mobile/Page/Login/Input - UserID or Email'

2021-11-17 08:16:11 - [TEST_STEP][PASSED] - delay(1): Delayed 1 second(s)

2021-11-17 08:16:12 - [MESSAGE][PASSED] - Delayed 1 second(s)

2021-11-17 08:16:12 - [TEST_STEP][PASSED] - hideKeyboard(): Keyboard is hidden

2021-11-17 08:16:16 - [MESSAGE][PASSED] - Keyboard is hidden

2021-11-17 08:16:16 - [TEST_STEP][PASSED] - delay(1): Delayed 1 second(s)

2021-11-17 08:16:17 - [MESSAGE][PASSED] - Delayed 1 second(s)

2021-11-17 08:16:17 - [TEST_STEP][PASSED] - tap(findTestObject("Mobile/Page/Login/Tap - Password 2"), 0): Tapped on element 'Object Repository/Mobile/Page/Login/Tap - Password 2'

2021-11-17 08:16:17 - [MESSAGE][WARNING] - Timeout '0' is invalid. Using default page load timeout: '60'

2021-11-17 08:16:17 - [MESSAGE][PASSED] - Tapped on element 'Object Repository/Mobile/Page/Login/Tap - Password 2'

2021-11-17 08:16:17 - [TEST_STEP][PASSED] - delay(3): Delayed 3 second(s)

2021-11-17 08:16:20 - [MESSAGE][PASSED] - Delayed 3 second(s)

2021-11-17 08:16:20 - [TEST_STEP][PASSED] - setText(findTestObject("Mobile/Page/Login/Tap - Password 2"), "Mirae1234", 0): Text 'Mirae1234' has been set to element 'Object Repository/Mobile/Page/Login/Tap - Password 2'

2021-11-17 08:16:21 - [MESSAGE][WARNING] - Timeout '0' is invalid. Using default page load timeout: '60'

2021-11-17 08:16:21 - [MESSAGE][PASSED] - Text 'Mirae1234' has been set to element 'Object Repository/Mobile/Page/Login/Tap - Password 2'

2021-11-17 08:16:21 - [TEST_STEP][PASSED] - delay(1): Delayed 1 second(s)

2021-11-17 08:16:22 - [MESSAGE][PASSED] - Delayed 1 second(s)

2021-11-17 08:16:22 - [TEST_STEP][PASSED] - hideKeyboard(): Keyboard is hidden

2021-11-17 08:16:28 - [MESSAGE][PASSED] - Keyboard is hidden

2021-11-17 08:16:28 - [TEST_STEP][PASSED] - delay(1): Delayed 1 second(s)

2021-11-17 08:16:29 - [MESSAGE][PASSED] - Delayed 1 second(s)

2021-11-17 08:16:29 - [TEST_STEP][PASSED] - tap(findTestObject("Mobile/Page/Login/Button - Sign In"), 0): Tapped on element 'Object Repository/Mobile/Page/Login/Button - Sign In'

2021-11-17 08:16:30 - [MESSAGE][WARNING] - Timeout '0' is invalid. Using default page load timeout: '60'

2021-11-17 08:16:32 - [MESSAGE][PASSED] - Tapped on element 'Object Repository/Mobile/Page/Login/Button - Sign In'

2021-11-17 08:16:32 - [MESSAGE][PASSED] - Call Test Case 'Test Cases/Mobile/Page/Login/Login' successfully

2021-11-17 08:16:32 - [TEST_STEP][PASSED] - if (page == "cart"): null

2021-11-17 08:16:32 - [TEST_STEP][PASSED] - tap(findTestObject("Object Repository/Mobile/Page/Transaction/Button - Menubar Transaction"), 0): Tapped on element 'Object Repository/Mobile/Page/Transaction/Button - Menubar Transaction'

2021-11-17 08:16:32 - [MESSAGE][WARNING] - Timeout '0' is invalid. Using default page load timeout: '60'

2021-11-17 08:16:33 - [MESSAGE][PASSED] - Tapped on element 'Object Repository/Mobile/Page/Transaction/Button - Menubar Transaction'

2021-11-17 08:16:33 - [TEST_STEP][PASSED] - delay(1): Delayed 1 second(s)

2021-11-17 08:16:34 - [MESSAGE][PASSED] - Delayed 1 second(s)

2021-11-17 08:16:34 - [TEST_STEP][PASSED] - if (page == "onprocess"): Delayed 1 second(s)

2021-11-17 08:16:34 - [TEST_STEP][PASSED] - if (tab == "subscription"): null

2021-11-17 08:16:34 - [TEST_STEP][PASSED] - if (action == "detail"): scroll.scroll.scrollBottomToTop is PASSED

2021-11-17 08:16:34 - [TEST_STEP][PASSED] - delay(4): Delayed 4 second(s)

2021-11-17 08:16:38 - [MESSAGE][PASSED] - Delayed 4 second(s)

2021-11-17 08:16:38 - [TEST_STEP][PASSED] - if (tab == "subscription"): null

2021-11-17 08:16:38 - [TEST_STEP][PASSED] - else if (tab == "redemption"): null

2021-11-17 08:16:38 - [TEST_STEP][PASSED] - else if (tab == "switching"): null

2021-11-17 08:16:38 - [TEST_STEP][PASSED] - else: Tapped and held on element 'Object Repository/Mobile/Page/Transaction/On Process/Top Item - All' with duration 1

2021-11-17 08:16:38 - [TEST_STEP][PASSED] - tapAndHold(findTestObject("Mobile/Page/Transaction/On Process/Top Item - All"), 1, 0): Tapped and held on element 'Object Repository/Mobile/Page/Transaction/On Process/Top Item - All' with duration 1

2021-11-17 08:16:38 - [MESSAGE][WARNING] - Timeout '0' is invalid. Using default page load timeout: '60'

2021-11-17 08:16:41 - [MESSAGE][PASSED] - Tapped and held on element 'Object Repository/Mobile/Page/Transaction/On Process/Top Item - All' with duration 1

2021-11-17 08:16:41 - [TEST_STEP][PASSED] - delay(1): Delayed 1 second(s)

2021-11-17 08:16:42 - [MESSAGE][PASSED] - Delayed 1 second(s)

2021-11-17 08:16:42 - [TEST_STEP][PASSED] - scroll.scroll.scrollBottomToTop(): scroll.scroll.scrollBottomToTop is PASSED

2021-11-17 08:16:42 - [MESSAGE][PASSED] - Current device physical height is 1423

2021-11-17 08:16:43 - [MESSAGE][PASSED] - Current device physical width is 720

2021-11-17 08:16:44 - [MESSAGE][PASSED] - Swiped from 360,1,138 to 360,284

2021-11-17 08:16:44 - [MESSAGE][PASSED] - scroll.scroll.scrollBottomToTop is PASSED

2021-11-17 08:16:44 - [TEST_STEP][PASSED] - delay(1): Delayed 1 second(s)

2021-11-17 08:16:45 - [MESSAGE][PASSED] - Delayed 1 second(s)

2021-11-17 08:16:45 - [MESSAGE][PASSED] - Call Test Case 'Test Cases/Mobile/Page/Transaction/Transaction' successfully

2021-11-17 08:16:45 - [TEST_STEP][PASSED] - callTestCase(findTestCase("Mobile/Page/Run App/Terminate App"), [:], STOP_ON_FAILURE): Call Test Case 'Test Cases/Mobile/Page/Run App/Terminate App' successfully

2021-11-17 08:16:45 - [TEST_CASE][PASSED] - Test Cases/Mobile/Page/Run App/Terminate App: Test Cases/Mobile/Page/Run App/Terminate App

2021-11-17 08:16:45 - [TEST_STEP][PASSED] - startApp.OpenApp.terminateApplication(): startApp.OpenApp.terminateApplication is PASSED

2021-11-17 08:16:48 - [MESSAGE][PASSED] - Delayed 3 second(s)

2021-11-17 08:16:48 - [MESSAGE][PASSED] - Current device physical width is 720

2021-11-17 08:16:49 - [MESSAGE][PASSED] - Current device physical height is 1423

2021-11-17 08:16:50 - [MESSAGE][PASSED] - Swiped from 360,853 to 360,142

2021-11-17 08:16:51 - [MESSAGE][PASSED] - Delayed 1 second(s)

2021-11-17 08:16:52 - [MESSAGE][PASSED] - Swiped from 360,853 to 360,142

2021-11-17 08:16:55 - [MESSAGE][PASSED] - Delayed 3 second(s)

2021-11-17 08:16:55 - [MESSAGE][PASSED] - startApp.OpenApp.terminateApplication is PASSED

2021-11-17 08:16:55 - [MESSAGE][PASSED] - Call Test Case 'Test Cases/Mobile/Page/Run App/Terminate App' successfully]]></system-out>
         <system-err><![CDATA[]]></system-err>
      </testcase>
      <testcase name="Test Cases/Mobile/Scenario/Transaction/007 - Melihat detail Transaction berdasarkan ketegori On Process dan Subcription" time="72.408" classname="Test Cases/Mobile/Scenario/Transaction/007 - Melihat detail Transaction berdasarkan ketegori On Process dan Subcription" status="PASSED">
         <system-out><![CDATA[2021-11-17 08:16:56 - [TEST_CASE][PASSED] - Test Cases/Mobile/Scenario/Transaction/007 - Melihat detail Transaction berdasarkan ketegori On Process dan Subcription: Test Cases/Mobile/Scenario/Transaction/007 - Melihat detail Transaction berdasarkan ketegori On Process dan Subcription

2021-11-17 08:16:56 - [TEST_STEP][PASSED] - callTestCase(findTestCase("Mobile/Page/Run App/Run App byID"), [:], STOP_ON_FAILURE): Call Test Case 'Test Cases/Mobile/Page/Run App/Run App byID' successfully

2021-11-17 08:16:56 - [TEST_CASE][PASSED] - Test Cases/Mobile/Page/Run App/Run App byID: Test Cases/Mobile/Page/Run App/Run App byID

2021-11-17 08:16:56 - [TEST_STEP][PASSED] - startApp.OpenApp.startApplication("com.mirae.maxfund"): startApp.OpenApp.startApplication is PASSED

2021-11-17 08:17:09 - [MESSAGE][PASSED] - Starting app with application ID: 'com.mirae.maxfund'

2021-11-17 08:17:09 - [MESSAGE][PASSED] - startApp.OpenApp.startApplication is PASSED

2021-11-17 08:17:09 - [MESSAGE][PASSED] - Call Test Case 'Test Cases/Mobile/Page/Run App/Run App byID' successfully

2021-11-17 08:17:09 - [TEST_STEP][PASSED] - callTestCase(findTestCase("Mobile/Page/Transaction/Transaction"), ["page":"onprocess", "tab":"subscription", "action":"detail"], CONTINUE_ON_FAILURE): Call Test Case 'Test Cases/Mobile/Page/Transaction/Transaction' successfully

2021-11-17 08:17:10 - [TEST_CASE][PASSED] - Test Cases/Mobile/Page/Transaction/Transaction: Test Cases/Mobile/Page/Transaction/Transaction

2021-11-17 08:17:10 - [TEST_STEP][PASSED] - delay(5): Delayed 5 second(s)

2021-11-17 08:17:15 - [MESSAGE][PASSED] - Delayed 5 second(s)

2021-11-17 08:17:15 - [TEST_STEP][PASSED] - loginCheck = verifyElementExist(findTestObject("Object Repository/Mobile/Page/Dashboard/Button - Login"), 2, CONTINUE_ON_FAILURE): Element 'Object Repository/Mobile/Page/Dashboard/Button - Login' is exist

2021-11-17 08:17:15 - [MESSAGE][PASSED] - Element 'Object Repository/Mobile/Page/Dashboard/Button - Login' is exist

2021-11-17 08:17:15 - [TEST_STEP][PASSED] - if (loginCheck): Call Test Case 'Test Cases/Mobile/Page/Login/Login' successfully

2021-11-17 08:17:15 - [TEST_STEP][PASSED] - callTestCase(findTestCase("Mobile/Page/Login/Login"), ["isLogin":0]): Call Test Case 'Test Cases/Mobile/Page/Login/Login' successfully

2021-11-17 08:17:15 - [TEST_CASE][PASSED] - Test Cases/Mobile/Page/Login/Login: Test Cases/Mobile/Page/Login/Login

2021-11-17 08:17:15 - [TEST_STEP][PASSED] - if (isLogin == 0): Tapped on element 'Object Repository/Mobile/Page/Dashboard/Button - Login'

2021-11-17 08:17:15 - [TEST_STEP][PASSED] - tap(findTestObject("Mobile/Page/Dashboard/Button - Login"), 0): Tapped on element 'Object Repository/Mobile/Page/Dashboard/Button - Login'

2021-11-17 08:17:15 - [MESSAGE][WARNING] - Timeout '0' is invalid. Using default page load timeout: '60'

2021-11-17 08:17:16 - [MESSAGE][PASSED] - Tapped on element 'Object Repository/Mobile/Page/Dashboard/Button - Login'

2021-11-17 08:17:16 - [TEST_STEP][PASSED] - tap(findTestObject("Mobile/Page/Login/Tap - UserID or Email"), 0): Tapped on element 'Object Repository/Mobile/Page/Login/Tap - UserID or Email'

2021-11-17 08:17:16 - [MESSAGE][WARNING] - Timeout '0' is invalid. Using default page load timeout: '60'

2021-11-17 08:17:18 - [MESSAGE][PASSED] - Tapped on element 'Object Repository/Mobile/Page/Login/Tap - UserID or Email'

2021-11-17 08:17:18 - [TEST_STEP][PASSED] - delay(3): Delayed 3 second(s)

2021-11-17 08:17:21 - [MESSAGE][PASSED] - Delayed 3 second(s)

2021-11-17 08:17:21 - [TEST_STEP][PASSED] - setText(findTestObject("Mobile/Page/Login/Input - UserID or Email"), "ady.pangerang@gmail.com", 0): Text 'ady.pangerang@gmail.com' has been set to element 'Object Repository/Mobile/Page/Login/Input - UserID or Email'

2021-11-17 08:17:21 - [MESSAGE][WARNING] - Timeout '0' is invalid. Using default page load timeout: '60'

2021-11-17 08:17:21 - [MESSAGE][PASSED] - Text 'ady.pangerang@gmail.com' has been set to element 'Object Repository/Mobile/Page/Login/Input - UserID or Email'

2021-11-17 08:17:21 - [TEST_STEP][PASSED] - delay(1): Delayed 1 second(s)

2021-11-17 08:17:22 - [MESSAGE][PASSED] - Delayed 1 second(s)

2021-11-17 08:17:22 - [TEST_STEP][PASSED] - hideKeyboard(): Keyboard is hidden

2021-11-17 08:17:26 - [MESSAGE][PASSED] - Keyboard is hidden

2021-11-17 08:17:26 - [TEST_STEP][PASSED] - delay(1): Delayed 1 second(s)

2021-11-17 08:17:27 - [MESSAGE][PASSED] - Delayed 1 second(s)

2021-11-17 08:17:27 - [TEST_STEP][PASSED] - tap(findTestObject("Mobile/Page/Login/Tap - Password 2"), 0): Tapped on element 'Object Repository/Mobile/Page/Login/Tap - Password 2'

2021-11-17 08:17:27 - [MESSAGE][WARNING] - Timeout '0' is invalid. Using default page load timeout: '60'

2021-11-17 08:17:28 - [MESSAGE][PASSED] - Tapped on element 'Object Repository/Mobile/Page/Login/Tap - Password 2'

2021-11-17 08:17:28 - [TEST_STEP][PASSED] - delay(3): Delayed 3 second(s)

2021-11-17 08:17:31 - [MESSAGE][PASSED] - Delayed 3 second(s)

2021-11-17 08:17:31 - [TEST_STEP][PASSED] - setText(findTestObject("Mobile/Page/Login/Tap - Password 2"), "Mirae1234", 0): Text 'Mirae1234' has been set to element 'Object Repository/Mobile/Page/Login/Tap - Password 2'

2021-11-17 08:17:31 - [MESSAGE][WARNING] - Timeout '0' is invalid. Using default page load timeout: '60'

2021-11-17 08:17:32 - [MESSAGE][PASSED] - Text 'Mirae1234' has been set to element 'Object Repository/Mobile/Page/Login/Tap - Password 2'

2021-11-17 08:17:32 - [TEST_STEP][PASSED] - delay(1): Delayed 1 second(s)

2021-11-17 08:17:33 - [MESSAGE][PASSED] - Delayed 1 second(s)

2021-11-17 08:17:33 - [TEST_STEP][PASSED] - hideKeyboard(): Keyboard is hidden

2021-11-17 08:17:39 - [MESSAGE][PASSED] - Keyboard is hidden

2021-11-17 08:17:39 - [TEST_STEP][PASSED] - delay(1): Delayed 1 second(s)

2021-11-17 08:17:40 - [MESSAGE][PASSED] - Delayed 1 second(s)

2021-11-17 08:17:40 - [TEST_STEP][PASSED] - tap(findTestObject("Mobile/Page/Login/Button - Sign In"), 0): Tapped on element 'Object Repository/Mobile/Page/Login/Button - Sign In'

2021-11-17 08:17:40 - [MESSAGE][WARNING] - Timeout '0' is invalid. Using default page load timeout: '60'

2021-11-17 08:17:41 - [MESSAGE][PASSED] - Tapped on element 'Object Repository/Mobile/Page/Login/Button - Sign In'

2021-11-17 08:17:41 - [MESSAGE][PASSED] - Call Test Case 'Test Cases/Mobile/Page/Login/Login' successfully

2021-11-17 08:17:41 - [TEST_STEP][PASSED] - if (page == "cart"): null

2021-11-17 08:17:41 - [TEST_STEP][PASSED] - tap(findTestObject("Object Repository/Mobile/Page/Transaction/Button - Menubar Transaction"), 0): Tapped on element 'Object Repository/Mobile/Page/Transaction/Button - Menubar Transaction'

2021-11-17 08:17:41 - [MESSAGE][WARNING] - Timeout '0' is invalid. Using default page load timeout: '60'

2021-11-17 08:17:44 - [MESSAGE][PASSED] - Tapped on element 'Object Repository/Mobile/Page/Transaction/Button - Menubar Transaction'

2021-11-17 08:17:44 - [TEST_STEP][PASSED] - delay(1): Delayed 1 second(s)

2021-11-17 08:17:45 - [MESSAGE][PASSED] - Delayed 1 second(s)

2021-11-17 08:17:45 - [TEST_STEP][PASSED] - if (page == "onprocess"): Delayed 1 second(s)

2021-11-17 08:17:45 - [TEST_STEP][PASSED] - if (tab == "subscription"): Tapped on element 'Object Repository/Mobile/Page/Transaction/On Process/Tab - Subscription'

2021-11-17 08:17:45 - [TEST_STEP][PASSED] - tap(findTestObject("Object Repository/Mobile/Page/Transaction/On Process/Tab - Subscription"), 0): Tapped on element 'Object Repository/Mobile/Page/Transaction/On Process/Tab - Subscription'

2021-11-17 08:17:45 - [MESSAGE][WARNING] - Timeout '0' is invalid. Using default page load timeout: '60'

2021-11-17 08:17:46 - [MESSAGE][PASSED] - Tapped on element 'Object Repository/Mobile/Page/Transaction/On Process/Tab - Subscription'

2021-11-17 08:17:46 - [TEST_STEP][PASSED] - if (action == "detail"): scroll.scroll.scrollBottomToTop is PASSED

2021-11-17 08:17:46 - [TEST_STEP][PASSED] - delay(4): Delayed 4 second(s)

2021-11-17 08:17:50 - [MESSAGE][PASSED] - Delayed 4 second(s)

2021-11-17 08:17:50 - [TEST_STEP][PASSED] - if (tab == "subscription"): Tapped and held on element 'Object Repository/Mobile/Page/Transaction/On Process/Top Item - Subscription' with duration 1

2021-11-17 08:17:50 - [TEST_STEP][PASSED] - tapAndHold(findTestObject("Mobile/Page/Transaction/On Process/Top Item - Subscription"), 1, 0): Tapped and held on element 'Object Repository/Mobile/Page/Transaction/On Process/Top Item - Subscription' with duration 1

2021-11-17 08:17:51 - [MESSAGE][WARNING] - Timeout '0' is invalid. Using default page load timeout: '60'

2021-11-17 08:17:54 - [MESSAGE][PASSED] - Tapped and held on element 'Object Repository/Mobile/Page/Transaction/On Process/Top Item - Subscription' with duration 1

2021-11-17 08:17:54 - [TEST_STEP][PASSED] - delay(1): Delayed 1 second(s)

2021-11-17 08:17:55 - [MESSAGE][PASSED] - Delayed 1 second(s)

2021-11-17 08:17:55 - [TEST_STEP][PASSED] - scroll.scroll.scrollBottomToTop(): scroll.scroll.scrollBottomToTop is PASSED

2021-11-17 08:17:55 - [MESSAGE][PASSED] - Current device physical height is 1423

2021-11-17 08:17:55 - [MESSAGE][PASSED] - Current device physical width is 720

2021-11-17 08:17:56 - [MESSAGE][PASSED] - Swiped from 360,1,138 to 360,284

2021-11-17 08:17:56 - [MESSAGE][PASSED] - scroll.scroll.scrollBottomToTop is PASSED

2021-11-17 08:17:56 - [TEST_STEP][PASSED] - delay(1): Delayed 1 second(s)

2021-11-17 08:17:57 - [MESSAGE][PASSED] - Delayed 1 second(s)

2021-11-17 08:17:57 - [MESSAGE][PASSED] - Call Test Case 'Test Cases/Mobile/Page/Transaction/Transaction' successfully

2021-11-17 08:17:57 - [TEST_STEP][PASSED] - callTestCase(findTestCase("Mobile/Page/Run App/Terminate App"), [:], STOP_ON_FAILURE): Call Test Case 'Test Cases/Mobile/Page/Run App/Terminate App' successfully

2021-11-17 08:17:57 - [TEST_CASE][PASSED] - Test Cases/Mobile/Page/Run App/Terminate App: Test Cases/Mobile/Page/Run App/Terminate App

2021-11-17 08:17:57 - [TEST_STEP][PASSED] - startApp.OpenApp.terminateApplication(): startApp.OpenApp.terminateApplication is PASSED

2021-11-17 08:18:01 - [MESSAGE][PASSED] - Delayed 3 second(s)

2021-11-17 08:18:01 - [MESSAGE][PASSED] - Current device physical width is 720

2021-11-17 08:18:01 - [MESSAGE][PASSED] - Current device physical height is 1423

2021-11-17 08:18:03 - [MESSAGE][PASSED] - Swiped from 360,853 to 360,142

2021-11-17 08:18:04 - [MESSAGE][PASSED] - Delayed 1 second(s)

2021-11-17 08:18:05 - [MESSAGE][PASSED] - Swiped from 360,853 to 360,142

2021-11-17 08:18:08 - [MESSAGE][PASSED] - Delayed 3 second(s)

2021-11-17 08:18:08 - [MESSAGE][PASSED] - startApp.OpenApp.terminateApplication is PASSED

2021-11-17 08:18:08 - [MESSAGE][PASSED] - Call Test Case 'Test Cases/Mobile/Page/Run App/Terminate App' successfully]]></system-out>
         <system-err><![CDATA[]]></system-err>
      </testcase>
      <testcase name="Test Cases/Mobile/Scenario/Transaction/008 - Melihat detail Transaction berdasarkan ketegori On Process dan Redemption" time="72.92" classname="Test Cases/Mobile/Scenario/Transaction/008 - Melihat detail Transaction berdasarkan ketegori On Process dan Redemption" status="PASSED">
         <system-out><![CDATA[2021-11-17 08:18:08 - [TEST_CASE][PASSED] - Test Cases/Mobile/Scenario/Transaction/008 - Melihat detail Transaction berdasarkan ketegori On Process dan Redemption: Test Cases/Mobile/Scenario/Transaction/008 - Melihat detail Transaction berdasarkan ketegori On Process dan Redemption

2021-11-17 08:18:09 - [TEST_STEP][PASSED] - callTestCase(findTestCase("Mobile/Page/Run App/Run App byID"), [:], STOP_ON_FAILURE): Call Test Case 'Test Cases/Mobile/Page/Run App/Run App byID' successfully

2021-11-17 08:18:09 - [TEST_CASE][PASSED] - Test Cases/Mobile/Page/Run App/Run App byID: Test Cases/Mobile/Page/Run App/Run App byID

2021-11-17 08:18:09 - [TEST_STEP][PASSED] - startApp.OpenApp.startApplication("com.mirae.maxfund"): startApp.OpenApp.startApplication is PASSED

2021-11-17 08:18:22 - [MESSAGE][PASSED] - Starting app with application ID: 'com.mirae.maxfund'

2021-11-17 08:18:22 - [MESSAGE][PASSED] - startApp.OpenApp.startApplication is PASSED

2021-11-17 08:18:22 - [MESSAGE][PASSED] - Call Test Case 'Test Cases/Mobile/Page/Run App/Run App byID' successfully

2021-11-17 08:18:22 - [TEST_STEP][PASSED] - callTestCase(findTestCase("Mobile/Page/Transaction/Transaction"), ["page":"onprocess", "tab":"redemption", "action":"detail"], CONTINUE_ON_FAILURE): Call Test Case 'Test Cases/Mobile/Page/Transaction/Transaction' successfully

2021-11-17 08:18:22 - [TEST_CASE][PASSED] - Test Cases/Mobile/Page/Transaction/Transaction: Test Cases/Mobile/Page/Transaction/Transaction

2021-11-17 08:18:22 - [TEST_STEP][PASSED] - delay(5): Delayed 5 second(s)

2021-11-17 08:18:27 - [MESSAGE][PASSED] - Delayed 5 second(s)

2021-11-17 08:18:27 - [TEST_STEP][PASSED] - loginCheck = verifyElementExist(findTestObject("Object Repository/Mobile/Page/Dashboard/Button - Login"), 2, CONTINUE_ON_FAILURE): Element 'Object Repository/Mobile/Page/Dashboard/Button - Login' is exist

2021-11-17 08:18:27 - [MESSAGE][PASSED] - Element 'Object Repository/Mobile/Page/Dashboard/Button - Login' is exist

2021-11-17 08:18:27 - [TEST_STEP][PASSED] - if (loginCheck): Call Test Case 'Test Cases/Mobile/Page/Login/Login' successfully

2021-11-17 08:18:27 - [TEST_STEP][PASSED] - callTestCase(findTestCase("Mobile/Page/Login/Login"), ["isLogin":0]): Call Test Case 'Test Cases/Mobile/Page/Login/Login' successfully

2021-11-17 08:18:27 - [TEST_CASE][PASSED] - Test Cases/Mobile/Page/Login/Login: Test Cases/Mobile/Page/Login/Login

2021-11-17 08:18:27 - [TEST_STEP][PASSED] - if (isLogin == 0): Tapped on element 'Object Repository/Mobile/Page/Dashboard/Button - Login'

2021-11-17 08:18:27 - [TEST_STEP][PASSED] - tap(findTestObject("Mobile/Page/Dashboard/Button - Login"), 0): Tapped on element 'Object Repository/Mobile/Page/Dashboard/Button - Login'

2021-11-17 08:18:28 - [MESSAGE][WARNING] - Timeout '0' is invalid. Using default page load timeout: '60'

2021-11-17 08:18:28 - [MESSAGE][PASSED] - Tapped on element 'Object Repository/Mobile/Page/Dashboard/Button - Login'

2021-11-17 08:18:28 - [TEST_STEP][PASSED] - tap(findTestObject("Mobile/Page/Login/Tap - UserID or Email"), 0): Tapped on element 'Object Repository/Mobile/Page/Login/Tap - UserID or Email'

2021-11-17 08:18:28 - [MESSAGE][WARNING] - Timeout '0' is invalid. Using default page load timeout: '60'

2021-11-17 08:18:30 - [MESSAGE][PASSED] - Tapped on element 'Object Repository/Mobile/Page/Login/Tap - UserID or Email'

2021-11-17 08:18:30 - [TEST_STEP][PASSED] - delay(3): Delayed 3 second(s)

2021-11-17 08:18:33 - [MESSAGE][PASSED] - Delayed 3 second(s)

2021-11-17 08:18:33 - [TEST_STEP][PASSED] - setText(findTestObject("Mobile/Page/Login/Input - UserID or Email"), "ady.pangerang@gmail.com", 0): Text 'ady.pangerang@gmail.com' has been set to element 'Object Repository/Mobile/Page/Login/Input - UserID or Email'

2021-11-17 08:18:33 - [MESSAGE][WARNING] - Timeout '0' is invalid. Using default page load timeout: '60'

2021-11-17 08:18:34 - [MESSAGE][PASSED] - Text 'ady.pangerang@gmail.com' has been set to element 'Object Repository/Mobile/Page/Login/Input - UserID or Email'

2021-11-17 08:18:34 - [TEST_STEP][PASSED] - delay(1): Delayed 1 second(s)

2021-11-17 08:18:35 - [MESSAGE][PASSED] - Delayed 1 second(s)

2021-11-17 08:18:35 - [TEST_STEP][PASSED] - hideKeyboard(): Keyboard is hidden

2021-11-17 08:18:38 - [MESSAGE][PASSED] - Keyboard is hidden

2021-11-17 08:18:38 - [TEST_STEP][PASSED] - delay(1): Delayed 1 second(s)

2021-11-17 08:18:39 - [MESSAGE][PASSED] - Delayed 1 second(s)

2021-11-17 08:18:39 - [TEST_STEP][PASSED] - tap(findTestObject("Mobile/Page/Login/Tap - Password 2"), 0): Tapped on element 'Object Repository/Mobile/Page/Login/Tap - Password 2'

2021-11-17 08:18:40 - [MESSAGE][WARNING] - Timeout '0' is invalid. Using default page load timeout: '60'

2021-11-17 08:18:40 - [MESSAGE][PASSED] - Tapped on element 'Object Repository/Mobile/Page/Login/Tap - Password 2'

2021-11-17 08:18:40 - [TEST_STEP][PASSED] - delay(3): Delayed 3 second(s)

2021-11-17 08:18:43 - [MESSAGE][PASSED] - Delayed 3 second(s)

2021-11-17 08:18:43 - [TEST_STEP][PASSED] - setText(findTestObject("Mobile/Page/Login/Tap - Password 2"), "Mirae1234", 0): Text 'Mirae1234' has been set to element 'Object Repository/Mobile/Page/Login/Tap - Password 2'

2021-11-17 08:18:43 - [MESSAGE][WARNING] - Timeout '0' is invalid. Using default page load timeout: '60'

2021-11-17 08:18:44 - [MESSAGE][PASSED] - Text 'Mirae1234' has been set to element 'Object Repository/Mobile/Page/Login/Tap - Password 2'

2021-11-17 08:18:44 - [TEST_STEP][PASSED] - delay(1): Delayed 1 second(s)

2021-11-17 08:18:45 - [MESSAGE][PASSED] - Delayed 1 second(s)

2021-11-17 08:18:45 - [TEST_STEP][PASSED] - hideKeyboard(): Keyboard is hidden

2021-11-17 08:18:51 - [MESSAGE][PASSED] - Keyboard is hidden

2021-11-17 08:18:51 - [TEST_STEP][PASSED] - delay(1): Delayed 1 second(s)

2021-11-17 08:18:52 - [MESSAGE][PASSED] - Delayed 1 second(s)

2021-11-17 08:18:52 - [TEST_STEP][PASSED] - tap(findTestObject("Mobile/Page/Login/Button - Sign In"), 0): Tapped on element 'Object Repository/Mobile/Page/Login/Button - Sign In'

2021-11-17 08:18:52 - [MESSAGE][WARNING] - Timeout '0' is invalid. Using default page load timeout: '60'

2021-11-17 08:18:53 - [MESSAGE][PASSED] - Tapped on element 'Object Repository/Mobile/Page/Login/Button - Sign In'

2021-11-17 08:18:53 - [MESSAGE][PASSED] - Call Test Case 'Test Cases/Mobile/Page/Login/Login' successfully

2021-11-17 08:18:53 - [TEST_STEP][PASSED] - if (page == "cart"): null

2021-11-17 08:18:53 - [TEST_STEP][PASSED] - tap(findTestObject("Object Repository/Mobile/Page/Transaction/Button - Menubar Transaction"), 0): Tapped on element 'Object Repository/Mobile/Page/Transaction/Button - Menubar Transaction'

2021-11-17 08:18:53 - [MESSAGE][WARNING] - Timeout '0' is invalid. Using default page load timeout: '60'

2021-11-17 08:18:55 - [MESSAGE][PASSED] - Tapped on element 'Object Repository/Mobile/Page/Transaction/Button - Menubar Transaction'

2021-11-17 08:18:55 - [TEST_STEP][PASSED] - delay(1): Delayed 1 second(s)

2021-11-17 08:18:56 - [MESSAGE][PASSED] - Delayed 1 second(s)

2021-11-17 08:18:56 - [TEST_STEP][PASSED] - if (page == "onprocess"): Delayed 1 second(s)

2021-11-17 08:18:56 - [TEST_STEP][PASSED] - if (tab == "subscription"): null

2021-11-17 08:18:56 - [TEST_STEP][PASSED] - else if (tab == "redemption"): Tapped on element 'Object Repository/Mobile/Page/Transaction/On Process/Tab - Redemption'

2021-11-17 08:18:56 - [TEST_STEP][PASSED] - tap(findTestObject("Object Repository/Mobile/Page/Transaction/On Process/Tab - Redemption"), 0): Tapped on element 'Object Repository/Mobile/Page/Transaction/On Process/Tab - Redemption'

2021-11-17 08:18:57 - [MESSAGE][WARNING] - Timeout '0' is invalid. Using default page load timeout: '60'

2021-11-17 08:18:59 - [MESSAGE][PASSED] - Tapped on element 'Object Repository/Mobile/Page/Transaction/On Process/Tab - Redemption'

2021-11-17 08:18:59 - [TEST_STEP][PASSED] - if (action == "detail"): scroll.scroll.scrollBottomToTop is PASSED

2021-11-17 08:18:59 - [TEST_STEP][PASSED] - delay(4): Delayed 4 second(s)

2021-11-17 08:19:03 - [MESSAGE][PASSED] - Delayed 4 second(s)

2021-11-17 08:19:03 - [TEST_STEP][PASSED] - if (tab == "subscription"): null

2021-11-17 08:19:03 - [TEST_STEP][PASSED] - else if (tab == "redemption"): Tapped and held on element 'Object Repository/Mobile/Page/Transaction/On Process/Top Item - Redemption' with duration 1

2021-11-17 08:19:03 - [TEST_STEP][PASSED] - tapAndHold(findTestObject("Mobile/Page/Transaction/On Process/Top Item - Redemption"), 1, 0): Tapped and held on element 'Object Repository/Mobile/Page/Transaction/On Process/Top Item - Redemption' with duration 1

2021-11-17 08:19:03 - [MESSAGE][WARNING] - Timeout '0' is invalid. Using default page load timeout: '60'

2021-11-17 08:19:06 - [MESSAGE][PASSED] - Tapped and held on element 'Object Repository/Mobile/Page/Transaction/On Process/Top Item - Redemption' with duration 1

2021-11-17 08:19:06 - [TEST_STEP][PASSED] - delay(1): Delayed 1 second(s)

2021-11-17 08:19:07 - [MESSAGE][PASSED] - Delayed 1 second(s)

2021-11-17 08:19:07 - [TEST_STEP][PASSED] - scroll.scroll.scrollBottomToTop(): scroll.scroll.scrollBottomToTop is PASSED

2021-11-17 08:19:07 - [MESSAGE][PASSED] - Current device physical height is 1423

2021-11-17 08:19:08 - [MESSAGE][PASSED] - Current device physical width is 720

2021-11-17 08:19:09 - [MESSAGE][PASSED] - Swiped from 360,1,138 to 360,284

2021-11-17 08:19:09 - [MESSAGE][PASSED] - scroll.scroll.scrollBottomToTop is PASSED

2021-11-17 08:19:09 - [TEST_STEP][PASSED] - delay(1): Delayed 1 second(s)

2021-11-17 08:19:10 - [MESSAGE][PASSED] - Delayed 1 second(s)

2021-11-17 08:19:10 - [MESSAGE][PASSED] - Call Test Case 'Test Cases/Mobile/Page/Transaction/Transaction' successfully

2021-11-17 08:19:10 - [TEST_STEP][PASSED] - callTestCase(findTestCase("Mobile/Page/Run App/Terminate App"), [:], STOP_ON_FAILURE): Call Test Case 'Test Cases/Mobile/Page/Run App/Terminate App' successfully

2021-11-17 08:19:10 - [TEST_CASE][PASSED] - Test Cases/Mobile/Page/Run App/Terminate App: Test Cases/Mobile/Page/Run App/Terminate App

2021-11-17 08:19:10 - [TEST_STEP][PASSED] - startApp.OpenApp.terminateApplication(): startApp.OpenApp.terminateApplication is PASSED

2021-11-17 08:19:13 - [MESSAGE][PASSED] - Delayed 3 second(s)

2021-11-17 08:19:14 - [MESSAGE][PASSED] - Current device physical width is 720

2021-11-17 08:19:14 - [MESSAGE][PASSED] - Current device physical height is 1423

2021-11-17 08:19:15 - [MESSAGE][PASSED] - Swiped from 360,853 to 360,142

2021-11-17 08:19:16 - [MESSAGE][PASSED] - Delayed 1 second(s)

2021-11-17 08:19:18 - [MESSAGE][PASSED] - Swiped from 360,853 to 360,142

2021-11-17 08:19:21 - [MESSAGE][PASSED] - Delayed 3 second(s)

2021-11-17 08:19:21 - [MESSAGE][PASSED] - startApp.OpenApp.terminateApplication is PASSED

2021-11-17 08:19:21 - [MESSAGE][PASSED] - Call Test Case 'Test Cases/Mobile/Page/Run App/Terminate App' successfully]]></system-out>
         <system-err><![CDATA[]]></system-err>
      </testcase>
      <testcase name="Test Cases/Mobile/Scenario/Transaction/009 - Melihat detail Transaction berdasarkan ketegori On Process dan Switching" time="79.129" classname="Test Cases/Mobile/Scenario/Transaction/009 - Melihat detail Transaction berdasarkan ketegori On Process dan Switching" status="PASSED">
         <system-out><![CDATA[2021-11-17 08:19:21 - [TEST_CASE][PASSED] - Test Cases/Mobile/Scenario/Transaction/009 - Melihat detail Transaction berdasarkan ketegori On Process dan Switching: Test Cases/Mobile/Scenario/Transaction/009 - Melihat detail Transaction berdasarkan ketegori On Process dan Switching

2021-11-17 08:19:22 - [TEST_STEP][PASSED] - callTestCase(findTestCase("Mobile/Page/Run App/Run App byID"), [:], STOP_ON_FAILURE): Call Test Case 'Test Cases/Mobile/Page/Run App/Run App byID' successfully

2021-11-17 08:19:22 - [TEST_CASE][PASSED] - Test Cases/Mobile/Page/Run App/Run App byID: Test Cases/Mobile/Page/Run App/Run App byID

2021-11-17 08:19:22 - [TEST_STEP][PASSED] - startApp.OpenApp.startApplication("com.mirae.maxfund"): startApp.OpenApp.startApplication is PASSED

2021-11-17 08:19:35 - [MESSAGE][PASSED] - Starting app with application ID: 'com.mirae.maxfund'

2021-11-17 08:19:35 - [MESSAGE][PASSED] - startApp.OpenApp.startApplication is PASSED

2021-11-17 08:19:35 - [MESSAGE][PASSED] - Call Test Case 'Test Cases/Mobile/Page/Run App/Run App byID' successfully

2021-11-17 08:19:35 - [TEST_STEP][PASSED] - callTestCase(findTestCase("Mobile/Page/Transaction/Transaction"), ["page":"onprocess", "tab":"switching", "action":"detail"], CONTINUE_ON_FAILURE): Call Test Case 'Test Cases/Mobile/Page/Transaction/Transaction' successfully

2021-11-17 08:19:35 - [TEST_CASE][PASSED] - Test Cases/Mobile/Page/Transaction/Transaction: Test Cases/Mobile/Page/Transaction/Transaction

2021-11-17 08:19:35 - [TEST_STEP][PASSED] - delay(5): Delayed 5 second(s)

2021-11-17 08:19:40 - [MESSAGE][PASSED] - Delayed 5 second(s)

2021-11-17 08:19:40 - [TEST_STEP][PASSED] - loginCheck = verifyElementExist(findTestObject("Object Repository/Mobile/Page/Dashboard/Button - Login"), 2, CONTINUE_ON_FAILURE): Element 'Object Repository/Mobile/Page/Dashboard/Button - Login' is exist

2021-11-17 08:19:40 - [MESSAGE][PASSED] - Element 'Object Repository/Mobile/Page/Dashboard/Button - Login' is exist

2021-11-17 08:19:40 - [TEST_STEP][PASSED] - if (loginCheck): Call Test Case 'Test Cases/Mobile/Page/Login/Login' successfully

2021-11-17 08:19:40 - [TEST_STEP][PASSED] - callTestCase(findTestCase("Mobile/Page/Login/Login"), ["isLogin":0]): Call Test Case 'Test Cases/Mobile/Page/Login/Login' successfully

2021-11-17 08:19:41 - [TEST_CASE][PASSED] - Test Cases/Mobile/Page/Login/Login: Test Cases/Mobile/Page/Login/Login

2021-11-17 08:19:41 - [TEST_STEP][PASSED] - if (isLogin == 0): Tapped on element 'Object Repository/Mobile/Page/Dashboard/Button - Login'

2021-11-17 08:19:41 - [TEST_STEP][PASSED] - tap(findTestObject("Mobile/Page/Dashboard/Button - Login"), 0): Tapped on element 'Object Repository/Mobile/Page/Dashboard/Button - Login'

2021-11-17 08:19:41 - [MESSAGE][WARNING] - Timeout '0' is invalid. Using default page load timeout: '60'

2021-11-17 08:19:43 - [MESSAGE][PASSED] - Tapped on element 'Object Repository/Mobile/Page/Dashboard/Button - Login'

2021-11-17 08:19:43 - [TEST_STEP][PASSED] - tap(findTestObject("Mobile/Page/Login/Tap - UserID or Email"), 0): Tapped on element 'Object Repository/Mobile/Page/Login/Tap - UserID or Email'

2021-11-17 08:19:43 - [MESSAGE][WARNING] - Timeout '0' is invalid. Using default page load timeout: '60'

2021-11-17 08:19:47 - [MESSAGE][PASSED] - Tapped on element 'Object Repository/Mobile/Page/Login/Tap - UserID or Email'

2021-11-17 08:19:47 - [TEST_STEP][PASSED] - delay(3): Delayed 3 second(s)

2021-11-17 08:19:50 - [MESSAGE][PASSED] - Delayed 3 second(s)

2021-11-17 08:19:50 - [TEST_STEP][PASSED] - setText(findTestObject("Mobile/Page/Login/Input - UserID or Email"), "ady.pangerang@gmail.com", 0): Text 'ady.pangerang@gmail.com' has been set to element 'Object Repository/Mobile/Page/Login/Input - UserID or Email'

2021-11-17 08:19:50 - [MESSAGE][WARNING] - Timeout '0' is invalid. Using default page load timeout: '60'

2021-11-17 08:19:50 - [MESSAGE][PASSED] - Text 'ady.pangerang@gmail.com' has been set to element 'Object Repository/Mobile/Page/Login/Input - UserID or Email'

2021-11-17 08:19:50 - [TEST_STEP][PASSED] - delay(1): Delayed 1 second(s)

2021-11-17 08:19:51 - [MESSAGE][PASSED] - Delayed 1 second(s)

2021-11-17 08:19:51 - [TEST_STEP][PASSED] - hideKeyboard(): Keyboard is hidden

2021-11-17 08:19:55 - [MESSAGE][PASSED] - Keyboard is hidden

2021-11-17 08:19:55 - [TEST_STEP][PASSED] - delay(1): Delayed 1 second(s)

2021-11-17 08:19:56 - [MESSAGE][PASSED] - Delayed 1 second(s)

2021-11-17 08:19:56 - [TEST_STEP][PASSED] - tap(findTestObject("Mobile/Page/Login/Tap - Password 2"), 0): Tapped on element 'Object Repository/Mobile/Page/Login/Tap - Password 2'

2021-11-17 08:19:56 - [MESSAGE][WARNING] - Timeout '0' is invalid. Using default page load timeout: '60'

2021-11-17 08:19:57 - [MESSAGE][PASSED] - Tapped on element 'Object Repository/Mobile/Page/Login/Tap - Password 2'

2021-11-17 08:19:57 - [TEST_STEP][PASSED] - delay(3): Delayed 3 second(s)

2021-11-17 08:20:00 - [MESSAGE][PASSED] - Delayed 3 second(s)

2021-11-17 08:20:00 - [TEST_STEP][PASSED] - setText(findTestObject("Mobile/Page/Login/Tap - Password 2"), "Mirae1234", 0): Text 'Mirae1234' has been set to element 'Object Repository/Mobile/Page/Login/Tap - Password 2'

2021-11-17 08:20:00 - [MESSAGE][WARNING] - Timeout '0' is invalid. Using default page load timeout: '60'

2021-11-17 08:20:00 - [MESSAGE][PASSED] - Text 'Mirae1234' has been set to element 'Object Repository/Mobile/Page/Login/Tap - Password 2'

2021-11-17 08:20:00 - [TEST_STEP][PASSED] - delay(1): Delayed 1 second(s)

2021-11-17 08:20:01 - [MESSAGE][PASSED] - Delayed 1 second(s)

2021-11-17 08:20:01 - [TEST_STEP][PASSED] - hideKeyboard(): Keyboard is hidden

2021-11-17 08:20:09 - [MESSAGE][PASSED] - Keyboard is hidden

2021-11-17 08:20:09 - [TEST_STEP][PASSED] - delay(1): Delayed 1 second(s)

2021-11-17 08:20:10 - [MESSAGE][PASSED] - Delayed 1 second(s)

2021-11-17 08:20:10 - [TEST_STEP][PASSED] - tap(findTestObject("Mobile/Page/Login/Button - Sign In"), 0): Tapped on element 'Object Repository/Mobile/Page/Login/Button - Sign In'

2021-11-17 08:20:10 - [MESSAGE][WARNING] - Timeout '0' is invalid. Using default page load timeout: '60'

2021-11-17 08:20:11 - [MESSAGE][PASSED] - Tapped on element 'Object Repository/Mobile/Page/Login/Button - Sign In'

2021-11-17 08:20:11 - [MESSAGE][PASSED] - Call Test Case 'Test Cases/Mobile/Page/Login/Login' successfully

2021-11-17 08:20:11 - [TEST_STEP][PASSED] - if (page == "cart"): null

2021-11-17 08:20:11 - [TEST_STEP][PASSED] - tap(findTestObject("Object Repository/Mobile/Page/Transaction/Button - Menubar Transaction"), 0): Tapped on element 'Object Repository/Mobile/Page/Transaction/Button - Menubar Transaction'

2021-11-17 08:20:12 - [MESSAGE][WARNING] - Timeout '0' is invalid. Using default page load timeout: '60'

2021-11-17 08:20:13 - [MESSAGE][PASSED] - Tapped on element 'Object Repository/Mobile/Page/Transaction/Button - Menubar Transaction'

2021-11-17 08:20:13 - [TEST_STEP][PASSED] - delay(1): Delayed 1 second(s)

2021-11-17 08:20:14 - [MESSAGE][PASSED] - Delayed 1 second(s)

2021-11-17 08:20:14 - [TEST_STEP][PASSED] - if (page == "onprocess"): Delayed 1 second(s)

2021-11-17 08:20:14 - [TEST_STEP][PASSED] - if (tab == "subscription"): null

2021-11-17 08:20:14 - [TEST_STEP][PASSED] - else if (tab == "redemption"): null

2021-11-17 08:20:14 - [TEST_STEP][PASSED] - else if (tab == "switching"): Tapped on element 'Object Repository/Mobile/Page/Transaction/On Process/Tab - Switching'

2021-11-17 08:20:14 - [TEST_STEP][PASSED] - element = findTestObject("Object Repository/Mobile/Page/Transaction/On Process/Tab - All"): null

2021-11-17 08:20:14 - [TEST_STEP][PASSED] - scroll.scroll.scrollRightToLeft(element): scroll.scroll.scrollRightToLeft is PASSED

2021-11-17 08:20:14 - [MESSAGE][WARNING] - Timeout '0' is invalid. Using default page load timeout: '60'

2021-11-17 08:20:14 - [MESSAGE][PASSED] - Object 'Object Repository/Mobile/Page/Transaction/On Process/Tab - All' has left position '31'

2021-11-17 08:20:14 - [MESSAGE][WARNING] - Timeout '0' is invalid. Using default page load timeout: '60'

2021-11-17 08:20:14 - [MESSAGE][PASSED] - Object 'Object Repository/Mobile/Page/Transaction/On Process/Tab - All' has top position '255'

2021-11-17 08:20:14 - [MESSAGE][WARNING] - Timeout '0' is invalid. Using default page load timeout: '60'

2021-11-17 08:20:15 - [MESSAGE][PASSED] - Object 'Object Repository/Mobile/Page/Transaction/On Process/Tab - All' has width: '207'

2021-11-17 08:20:15 - [MESSAGE][WARNING] - Timeout '0' is invalid. Using default page load timeout: '60'

2021-11-17 08:20:16 - [MESSAGE][PASSED] - Object 'Object Repository/Mobile/Page/Transaction/On Process/Tab - All' has height: '44'

2021-11-17 08:20:17 - [MESSAGE][PASSED] - Swiped from 196,277 to 72,277

2021-11-17 08:20:17 - [MESSAGE][PASSED] - scroll.scroll.scrollRightToLeft is PASSED

2021-11-17 08:20:17 - [TEST_STEP][PASSED] - tap(findTestObject("Object Repository/Mobile/Page/Transaction/On Process/Tab - Switching"), 0): Tapped on element 'Object Repository/Mobile/Page/Transaction/On Process/Tab - Switching'

2021-11-17 08:20:17 - [MESSAGE][WARNING] - Timeout '0' is invalid. Using default page load timeout: '60'

2021-11-17 08:20:18 - [MESSAGE][PASSED] - Tapped on element 'Object Repository/Mobile/Page/Transaction/On Process/Tab - Switching'

2021-11-17 08:20:18 - [TEST_STEP][PASSED] - if (action == "detail"): scroll.scroll.scrollBottomToTop is PASSED

2021-11-17 08:20:18 - [TEST_STEP][PASSED] - delay(4): Delayed 4 second(s)

2021-11-17 08:20:22 - [MESSAGE][PASSED] - Delayed 4 second(s)

2021-11-17 08:20:22 - [TEST_STEP][PASSED] - if (tab == "subscription"): null

2021-11-17 08:20:22 - [TEST_STEP][PASSED] - else if (tab == "redemption"): null

2021-11-17 08:20:22 - [TEST_STEP][PASSED] - else if (tab == "switching"): Tapped and held on element 'Object Repository/Mobile/Page/Transaction/On Process/Top Item - Switching' with duration 1

2021-11-17 08:20:22 - [TEST_STEP][PASSED] - tapAndHold(findTestObject("Mobile/Page/Transaction/On Process/Top Item - Switching"), 1, 0): Tapped and held on element 'Object Repository/Mobile/Page/Transaction/On Process/Top Item - Switching' with duration 1

2021-11-17 08:20:23 - [MESSAGE][WARNING] - Timeout '0' is invalid. Using default page load timeout: '60'

2021-11-17 08:20:25 - [MESSAGE][PASSED] - Tapped and held on element 'Object Repository/Mobile/Page/Transaction/On Process/Top Item - Switching' with duration 1

2021-11-17 08:20:25 - [TEST_STEP][PASSED] - delay(1): Delayed 1 second(s)

2021-11-17 08:20:26 - [MESSAGE][PASSED] - Delayed 1 second(s)

2021-11-17 08:20:26 - [TEST_STEP][PASSED] - scroll.scroll.scrollBottomToTop(): scroll.scroll.scrollBottomToTop is PASSED

2021-11-17 08:20:27 - [MESSAGE][PASSED] - Current device physical height is 1423

2021-11-17 08:20:27 - [MESSAGE][PASSED] - Current device physical width is 720

2021-11-17 08:20:28 - [MESSAGE][PASSED] - Swiped from 360,1,138 to 360,284

2021-11-17 08:20:28 - [MESSAGE][PASSED] - scroll.scroll.scrollBottomToTop is PASSED

2021-11-17 08:20:28 - [TEST_STEP][PASSED] - delay(1): Delayed 1 second(s)

2021-11-17 08:20:29 - [MESSAGE][PASSED] - Delayed 1 second(s)

2021-11-17 08:20:29 - [MESSAGE][PASSED] - Call Test Case 'Test Cases/Mobile/Page/Transaction/Transaction' successfully

2021-11-17 08:20:29 - [TEST_STEP][PASSED] - callTestCase(findTestCase("Mobile/Page/Run App/Terminate App"), [:], STOP_ON_FAILURE): Call Test Case 'Test Cases/Mobile/Page/Run App/Terminate App' successfully

2021-11-17 08:20:29 - [TEST_CASE][PASSED] - Test Cases/Mobile/Page/Run App/Terminate App: Test Cases/Mobile/Page/Run App/Terminate App

2021-11-17 08:20:29 - [TEST_STEP][PASSED] - startApp.OpenApp.terminateApplication(): startApp.OpenApp.terminateApplication is PASSED

2021-11-17 08:20:33 - [MESSAGE][PASSED] - Delayed 3 second(s)

2021-11-17 08:20:33 - [MESSAGE][PASSED] - Current device physical width is 720

2021-11-17 08:20:33 - [MESSAGE][PASSED] - Current device physical height is 1423

2021-11-17 08:20:35 - [MESSAGE][PASSED] - Swiped from 360,853 to 360,142

2021-11-17 08:20:36 - [MESSAGE][PASSED] - Delayed 1 second(s)

2021-11-17 08:20:37 - [MESSAGE][PASSED] - Swiped from 360,853 to 360,142

2021-11-17 08:20:40 - [MESSAGE][PASSED] - Delayed 3 second(s)

2021-11-17 08:20:40 - [MESSAGE][PASSED] - startApp.OpenApp.terminateApplication is PASSED

2021-11-17 08:20:40 - [MESSAGE][PASSED] - Call Test Case 'Test Cases/Mobile/Page/Run App/Terminate App' successfully]]></system-out>
         <system-err><![CDATA[]]></system-err>
      </testcase>
      <testcase name="Test Cases/Mobile/Scenario/Transaction/010 - Melihat detail Transaction berdasarkan kategori History" time="75.485" classname="Test Cases/Mobile/Scenario/Transaction/010 - Melihat detail Transaction berdasarkan kategori History" status="PASSED">
         <system-out><![CDATA[2021-11-17 08:20:40 - [TEST_CASE][PASSED] - Test Cases/Mobile/Scenario/Transaction/010 - Melihat detail Transaction berdasarkan kategori History: Test Cases/Mobile/Scenario/Transaction/010 - Melihat detail Transaction berdasarkan kategori History

2021-11-17 08:20:41 - [TEST_STEP][PASSED] - callTestCase(findTestCase("Mobile/Page/Run App/Run App byID"), [:], STOP_ON_FAILURE): Call Test Case 'Test Cases/Mobile/Page/Run App/Run App byID' successfully

2021-11-17 08:20:41 - [TEST_CASE][PASSED] - Test Cases/Mobile/Page/Run App/Run App byID: Test Cases/Mobile/Page/Run App/Run App byID

2021-11-17 08:20:41 - [TEST_STEP][PASSED] - startApp.OpenApp.startApplication("com.mirae.maxfund"): startApp.OpenApp.startApplication is PASSED

2021-11-17 08:20:54 - [MESSAGE][PASSED] - Starting app with application ID: 'com.mirae.maxfund'

2021-11-17 08:20:54 - [MESSAGE][PASSED] - startApp.OpenApp.startApplication is PASSED

2021-11-17 08:20:54 - [MESSAGE][PASSED] - Call Test Case 'Test Cases/Mobile/Page/Run App/Run App byID' successfully

2021-11-17 08:20:54 - [TEST_STEP][PASSED] - callTestCase(findTestCase("Mobile/Page/Transaction/Transaction"), ["page":"history", "tab":"none", "action":"detail"], CONTINUE_ON_FAILURE): Call Test Case 'Test Cases/Mobile/Page/Transaction/Transaction' successfully

2021-11-17 08:20:54 - [TEST_CASE][PASSED] - Test Cases/Mobile/Page/Transaction/Transaction: Test Cases/Mobile/Page/Transaction/Transaction

2021-11-17 08:20:54 - [TEST_STEP][PASSED] - delay(5): Delayed 5 second(s)

2021-11-17 08:20:59 - [MESSAGE][PASSED] - Delayed 5 second(s)

2021-11-17 08:20:59 - [TEST_STEP][PASSED] - loginCheck = verifyElementExist(findTestObject("Object Repository/Mobile/Page/Dashboard/Button - Login"), 2, CONTINUE_ON_FAILURE): Element 'Object Repository/Mobile/Page/Dashboard/Button - Login' is exist

2021-11-17 08:21:00 - [MESSAGE][PASSED] - Element 'Object Repository/Mobile/Page/Dashboard/Button - Login' is exist

2021-11-17 08:21:00 - [TEST_STEP][PASSED] - if (loginCheck): Call Test Case 'Test Cases/Mobile/Page/Login/Login' successfully

2021-11-17 08:21:00 - [TEST_STEP][PASSED] - callTestCase(findTestCase("Mobile/Page/Login/Login"), ["isLogin":0]): Call Test Case 'Test Cases/Mobile/Page/Login/Login' successfully

2021-11-17 08:21:00 - [TEST_CASE][PASSED] - Test Cases/Mobile/Page/Login/Login: Test Cases/Mobile/Page/Login/Login

2021-11-17 08:21:00 - [TEST_STEP][PASSED] - if (isLogin == 0): Tapped on element 'Object Repository/Mobile/Page/Dashboard/Button - Login'

2021-11-17 08:21:00 - [TEST_STEP][PASSED] - tap(findTestObject("Mobile/Page/Dashboard/Button - Login"), 0): Tapped on element 'Object Repository/Mobile/Page/Dashboard/Button - Login'

2021-11-17 08:21:00 - [MESSAGE][WARNING] - Timeout '0' is invalid. Using default page load timeout: '60'

2021-11-17 08:21:00 - [MESSAGE][PASSED] - Tapped on element 'Object Repository/Mobile/Page/Dashboard/Button - Login'

2021-11-17 08:21:00 - [TEST_STEP][PASSED] - tap(findTestObject("Mobile/Page/Login/Tap - UserID or Email"), 0): Tapped on element 'Object Repository/Mobile/Page/Login/Tap - UserID or Email'

2021-11-17 08:21:00 - [MESSAGE][WARNING] - Timeout '0' is invalid. Using default page load timeout: '60'

2021-11-17 08:21:02 - [MESSAGE][PASSED] - Tapped on element 'Object Repository/Mobile/Page/Login/Tap - UserID or Email'

2021-11-17 08:21:02 - [TEST_STEP][PASSED] - delay(3): Delayed 3 second(s)

2021-11-17 08:21:05 - [MESSAGE][PASSED] - Delayed 3 second(s)

2021-11-17 08:21:05 - [TEST_STEP][PASSED] - setText(findTestObject("Mobile/Page/Login/Input - UserID or Email"), "ady.pangerang@gmail.com", 0): Text 'ady.pangerang@gmail.com' has been set to element 'Object Repository/Mobile/Page/Login/Input - UserID or Email'

2021-11-17 08:21:05 - [MESSAGE][WARNING] - Timeout '0' is invalid. Using default page load timeout: '60'

2021-11-17 08:21:06 - [MESSAGE][PASSED] - Text 'ady.pangerang@gmail.com' has been set to element 'Object Repository/Mobile/Page/Login/Input - UserID or Email'

2021-11-17 08:21:06 - [TEST_STEP][PASSED] - delay(1): Delayed 1 second(s)

2021-11-17 08:21:07 - [MESSAGE][PASSED] - Delayed 1 second(s)

2021-11-17 08:21:07 - [TEST_STEP][PASSED] - hideKeyboard(): Keyboard is hidden

2021-11-17 08:21:15 - [MESSAGE][PASSED] - Keyboard is hidden

2021-11-17 08:21:15 - [TEST_STEP][PASSED] - delay(1): Delayed 1 second(s)

2021-11-17 08:21:16 - [MESSAGE][PASSED] - Delayed 1 second(s)

2021-11-17 08:21:16 - [TEST_STEP][PASSED] - tap(findTestObject("Mobile/Page/Login/Tap - Password 2"), 0): Tapped on element 'Object Repository/Mobile/Page/Login/Tap - Password 2'

2021-11-17 08:21:16 - [MESSAGE][WARNING] - Timeout '0' is invalid. Using default page load timeout: '60'

2021-11-17 08:21:16 - [MESSAGE][PASSED] - Tapped on element 'Object Repository/Mobile/Page/Login/Tap - Password 2'

2021-11-17 08:21:16 - [TEST_STEP][PASSED] - delay(3): Delayed 3 second(s)

2021-11-17 08:21:19 - [MESSAGE][PASSED] - Delayed 3 second(s)

2021-11-17 08:21:19 - [TEST_STEP][PASSED] - setText(findTestObject("Mobile/Page/Login/Tap - Password 2"), "Mirae1234", 0): Text 'Mirae1234' has been set to element 'Object Repository/Mobile/Page/Login/Tap - Password 2'

2021-11-17 08:21:19 - [MESSAGE][WARNING] - Timeout '0' is invalid. Using default page load timeout: '60'

2021-11-17 08:21:20 - [MESSAGE][PASSED] - Text 'Mirae1234' has been set to element 'Object Repository/Mobile/Page/Login/Tap - Password 2'

2021-11-17 08:21:20 - [TEST_STEP][PASSED] - delay(1): Delayed 1 second(s)

2021-11-17 08:21:21 - [MESSAGE][PASSED] - Delayed 1 second(s)

2021-11-17 08:21:21 - [TEST_STEP][PASSED] - hideKeyboard(): Keyboard is hidden

2021-11-17 08:21:31 - [MESSAGE][PASSED] - Keyboard is hidden

2021-11-17 08:21:31 - [TEST_STEP][PASSED] - delay(1): Delayed 1 second(s)

2021-11-17 08:21:32 - [MESSAGE][PASSED] - Delayed 1 second(s)

2021-11-17 08:21:32 - [TEST_STEP][PASSED] - tap(findTestObject("Mobile/Page/Login/Button - Sign In"), 0): Tapped on element 'Object Repository/Mobile/Page/Login/Button - Sign In'

2021-11-17 08:21:32 - [MESSAGE][WARNING] - Timeout '0' is invalid. Using default page load timeout: '60'

2021-11-17 08:21:33 - [MESSAGE][PASSED] - Tapped on element 'Object Repository/Mobile/Page/Login/Button - Sign In'

2021-11-17 08:21:33 - [MESSAGE][PASSED] - Call Test Case 'Test Cases/Mobile/Page/Login/Login' successfully

2021-11-17 08:21:33 - [TEST_STEP][PASSED] - if (page == "cart"): null

2021-11-17 08:21:33 - [TEST_STEP][PASSED] - tap(findTestObject("Object Repository/Mobile/Page/Transaction/Button - Menubar Transaction"), 0): Tapped on element 'Object Repository/Mobile/Page/Transaction/Button - Menubar Transaction'

2021-11-17 08:21:33 - [MESSAGE][WARNING] - Timeout '0' is invalid. Using default page load timeout: '60'

2021-11-17 08:21:36 - [MESSAGE][PASSED] - Tapped on element 'Object Repository/Mobile/Page/Transaction/Button - Menubar Transaction'

2021-11-17 08:21:36 - [TEST_STEP][PASSED] - delay(1): Delayed 1 second(s)

2021-11-17 08:21:37 - [MESSAGE][PASSED] - Delayed 1 second(s)

2021-11-17 08:21:37 - [TEST_STEP][PASSED] - if (page == "onprocess"): null

2021-11-17 08:21:37 - [TEST_STEP][PASSED] - else if (page == "history"): Delayed 1 second(s)

2021-11-17 08:21:37 - [TEST_STEP][PASSED] - tap(findTestObject("Object Repository/Mobile/Page/Transaction/Tab - History"), 0): Tapped on element 'Object Repository/Mobile/Page/Transaction/Tab - History'

2021-11-17 08:21:37 - [MESSAGE][WARNING] - Timeout '0' is invalid. Using default page load timeout: '60'

2021-11-17 08:21:38 - [MESSAGE][PASSED] - Tapped on element 'Object Repository/Mobile/Page/Transaction/Tab - History'

2021-11-17 08:21:38 - [TEST_STEP][PASSED] - if (action == "detail"): scroll.scroll.scrollBottomToTop is PASSED

2021-11-17 08:21:38 - [TEST_STEP][PASSED] - tapAndHold(findTestObject("Object Repository/Mobile/Page/Transaction/History/Top Item"), 1, 0): Tapped and held on element 'Object Repository/Mobile/Page/Transaction/History/Top Item' with duration 1

2021-11-17 08:21:38 - [MESSAGE][WARNING] - Timeout '0' is invalid. Using default page load timeout: '60'

2021-11-17 08:21:42 - [MESSAGE][PASSED] - Tapped and held on element 'Object Repository/Mobile/Page/Transaction/History/Top Item' with duration 1

2021-11-17 08:21:42 - [TEST_STEP][PASSED] - scroll.scroll.scrollBottomToTop(): scroll.scroll.scrollBottomToTop is PASSED

2021-11-17 08:21:42 - [MESSAGE][PASSED] - Current device physical height is 1423

2021-11-17 08:21:42 - [MESSAGE][PASSED] - Current device physical width is 720

2021-11-17 08:21:44 - [MESSAGE][PASSED] - Swiped from 360,1,138 to 360,284

2021-11-17 08:21:44 - [MESSAGE][PASSED] - scroll.scroll.scrollBottomToTop is PASSED

2021-11-17 08:21:44 - [TEST_STEP][PASSED] - delay(1): Delayed 1 second(s)

2021-11-17 08:21:45 - [MESSAGE][PASSED] - Delayed 1 second(s)

2021-11-17 08:21:45 - [MESSAGE][PASSED] - Call Test Case 'Test Cases/Mobile/Page/Transaction/Transaction' successfully

2021-11-17 08:21:45 - [TEST_STEP][PASSED] - callTestCase(findTestCase("Mobile/Page/Run App/Terminate App"), [:], STOP_ON_FAILURE): Call Test Case 'Test Cases/Mobile/Page/Run App/Terminate App' successfully

2021-11-17 08:21:45 - [TEST_CASE][PASSED] - Test Cases/Mobile/Page/Run App/Terminate App: Test Cases/Mobile/Page/Run App/Terminate App

2021-11-17 08:21:45 - [TEST_STEP][PASSED] - startApp.OpenApp.terminateApplication(): startApp.OpenApp.terminateApplication is PASSED

2021-11-17 08:21:48 - [MESSAGE][PASSED] - Delayed 3 second(s)

2021-11-17 08:21:48 - [MESSAGE][PASSED] - Current device physical width is 720

2021-11-17 08:21:49 - [MESSAGE][PASSED] - Current device physical height is 1423

2021-11-17 08:21:50 - [MESSAGE][PASSED] - Swiped from 360,853 to 360,142

2021-11-17 08:21:51 - [MESSAGE][PASSED] - Delayed 1 second(s)

2021-11-17 08:21:52 - [MESSAGE][PASSED] - Swiped from 360,853 to 360,142

2021-11-17 08:21:55 - [MESSAGE][PASSED] - Delayed 3 second(s)

2021-11-17 08:21:55 - [MESSAGE][PASSED] - startApp.OpenApp.terminateApplication is PASSED

2021-11-17 08:21:55 - [MESSAGE][PASSED] - Call Test Case 'Test Cases/Mobile/Page/Run App/Terminate App' successfully]]></system-out>
         <system-err><![CDATA[]]></system-err>
      </testcase>
      <testcase name="Test Cases/Mobile/Scenario/Transaction/011 - Melihat keranjang" time="107.536" classname="Test Cases/Mobile/Scenario/Transaction/011 - Melihat keranjang" status="PASSED">
         <system-out><![CDATA[2021-11-17 08:21:55 - [TEST_CASE][PASSED] - Test Cases/Mobile/Scenario/Transaction/011 - Melihat keranjang: Test Cases/Mobile/Scenario/Transaction/011 - Melihat keranjang

2021-11-17 08:21:56 - [TEST_STEP][PASSED] - callTestCase(findTestCase("Mobile/Page/Run App/Run App byID"), [:], STOP_ON_FAILURE): Call Test Case 'Test Cases/Mobile/Page/Run App/Run App byID' successfully

2021-11-17 08:21:56 - [TEST_CASE][PASSED] - Test Cases/Mobile/Page/Run App/Run App byID: Test Cases/Mobile/Page/Run App/Run App byID

2021-11-17 08:21:56 - [TEST_STEP][PASSED] - startApp.OpenApp.startApplication("com.mirae.maxfund"): startApp.OpenApp.startApplication is PASSED

2021-11-17 08:22:20 - [MESSAGE][PASSED] - Starting app with application ID: 'com.mirae.maxfund'

2021-11-17 08:22:20 - [MESSAGE][PASSED] - startApp.OpenApp.startApplication is PASSED

2021-11-17 08:22:20 - [MESSAGE][PASSED] - Call Test Case 'Test Cases/Mobile/Page/Run App/Run App byID' successfully

2021-11-17 08:22:20 - [TEST_STEP][PASSED] - callTestCase(findTestCase("Mobile/Page/Transaction/Transaction"), ["page":"cart", "tab":"none", "action":"none"], CONTINUE_ON_FAILURE): Call Test Case 'Test Cases/Mobile/Page/Transaction/Transaction' successfully

2021-11-17 08:22:20 - [TEST_CASE][PASSED] - Test Cases/Mobile/Page/Transaction/Transaction: Test Cases/Mobile/Page/Transaction/Transaction

2021-11-17 08:22:20 - [TEST_STEP][PASSED] - delay(5): Delayed 5 second(s)

2021-11-17 08:22:25 - [MESSAGE][PASSED] - Delayed 5 second(s)

2021-11-17 08:22:25 - [TEST_STEP][PASSED] - loginCheck = verifyElementExist(findTestObject("Object Repository/Mobile/Page/Dashboard/Button - Login"), 2, CONTINUE_ON_FAILURE): Element 'Object Repository/Mobile/Page/Dashboard/Button - Login' is exist

2021-11-17 08:22:26 - [MESSAGE][PASSED] - Element 'Object Repository/Mobile/Page/Dashboard/Button - Login' is exist

2021-11-17 08:22:26 - [TEST_STEP][PASSED] - if (loginCheck): Call Test Case 'Test Cases/Mobile/Page/Login/Login' successfully

2021-11-17 08:22:26 - [TEST_STEP][PASSED] - callTestCase(findTestCase("Mobile/Page/Login/Login"), ["isLogin":0]): Call Test Case 'Test Cases/Mobile/Page/Login/Login' successfully

2021-11-17 08:22:26 - [TEST_CASE][PASSED] - Test Cases/Mobile/Page/Login/Login: Test Cases/Mobile/Page/Login/Login

2021-11-17 08:22:26 - [TEST_STEP][PASSED] - if (isLogin == 0): Tapped on element 'Object Repository/Mobile/Page/Dashboard/Button - Login'

2021-11-17 08:22:26 - [TEST_STEP][PASSED] - tap(findTestObject("Mobile/Page/Dashboard/Button - Login"), 0): Tapped on element 'Object Repository/Mobile/Page/Dashboard/Button - Login'

2021-11-17 08:22:26 - [MESSAGE][WARNING] - Timeout '0' is invalid. Using default page load timeout: '60'

2021-11-17 08:22:27 - [MESSAGE][PASSED] - Tapped on element 'Object Repository/Mobile/Page/Dashboard/Button - Login'

2021-11-17 08:22:27 - [TEST_STEP][PASSED] - tap(findTestObject("Mobile/Page/Login/Tap - UserID or Email"), 0): Tapped on element 'Object Repository/Mobile/Page/Login/Tap - UserID or Email'

2021-11-17 08:22:27 - [MESSAGE][WARNING] - Timeout '0' is invalid. Using default page load timeout: '60'

2021-11-17 08:22:31 - [MESSAGE][PASSED] - Tapped on element 'Object Repository/Mobile/Page/Login/Tap - UserID or Email'

2021-11-17 08:22:31 - [TEST_STEP][PASSED] - delay(3): Delayed 3 second(s)

2021-11-17 08:22:34 - [MESSAGE][PASSED] - Delayed 3 second(s)

2021-11-17 08:22:34 - [TEST_STEP][PASSED] - setText(findTestObject("Mobile/Page/Login/Input - UserID or Email"), "ady.pangerang@gmail.com", 0): Text 'ady.pangerang@gmail.com' has been set to element 'Object Repository/Mobile/Page/Login/Input - UserID or Email'

2021-11-17 08:22:34 - [MESSAGE][WARNING] - Timeout '0' is invalid. Using default page load timeout: '60'

2021-11-17 08:22:36 - [MESSAGE][PASSED] - Text 'ady.pangerang@gmail.com' has been set to element 'Object Repository/Mobile/Page/Login/Input - UserID or Email'

2021-11-17 08:22:36 - [TEST_STEP][PASSED] - delay(1): Delayed 1 second(s)

2021-11-17 08:22:37 - [MESSAGE][PASSED] - Delayed 1 second(s)

2021-11-17 08:22:37 - [TEST_STEP][PASSED] - hideKeyboard(): Keyboard is hidden

2021-11-17 08:22:45 - [MESSAGE][PASSED] - Keyboard is hidden

2021-11-17 08:22:45 - [TEST_STEP][PASSED] - delay(1): Delayed 1 second(s)

2021-11-17 08:22:46 - [MESSAGE][PASSED] - Delayed 1 second(s)

2021-11-17 08:22:46 - [TEST_STEP][PASSED] - tap(findTestObject("Mobile/Page/Login/Tap - Password 2"), 0): Tapped on element 'Object Repository/Mobile/Page/Login/Tap - Password 2'

2021-11-17 08:22:46 - [MESSAGE][WARNING] - Timeout '0' is invalid. Using default page load timeout: '60'

2021-11-17 08:22:46 - [MESSAGE][PASSED] - Tapped on element 'Object Repository/Mobile/Page/Login/Tap - Password 2'

2021-11-17 08:22:46 - [TEST_STEP][PASSED] - delay(3): Delayed 3 second(s)

2021-11-17 08:22:49 - [MESSAGE][PASSED] - Delayed 3 second(s)

2021-11-17 08:22:49 - [TEST_STEP][PASSED] - setText(findTestObject("Mobile/Page/Login/Tap - Password 2"), "Mirae1234", 0): Text 'Mirae1234' has been set to element 'Object Repository/Mobile/Page/Login/Tap - Password 2'

2021-11-17 08:22:50 - [MESSAGE][WARNING] - Timeout '0' is invalid. Using default page load timeout: '60'

2021-11-17 08:22:50 - [MESSAGE][PASSED] - Text 'Mirae1234' has been set to element 'Object Repository/Mobile/Page/Login/Tap - Password 2'

2021-11-17 08:22:50 - [TEST_STEP][PASSED] - delay(1): Delayed 1 second(s)

2021-11-17 08:22:51 - [MESSAGE][PASSED] - Delayed 1 second(s)

2021-11-17 08:22:51 - [TEST_STEP][PASSED] - hideKeyboard(): Keyboard is hidden

2021-11-17 08:23:00 - [MESSAGE][PASSED] - Keyboard is hidden

2021-11-17 08:23:00 - [TEST_STEP][PASSED] - delay(1): Delayed 1 second(s)

2021-11-17 08:23:01 - [MESSAGE][PASSED] - Delayed 1 second(s)

2021-11-17 08:23:01 - [TEST_STEP][PASSED] - tap(findTestObject("Mobile/Page/Login/Button - Sign In"), 0): Tapped on element 'Object Repository/Mobile/Page/Login/Button - Sign In'

2021-11-17 08:23:01 - [MESSAGE][WARNING] - Timeout '0' is invalid. Using default page load timeout: '60'

2021-11-17 08:23:02 - [MESSAGE][PASSED] - Tapped on element 'Object Repository/Mobile/Page/Login/Button - Sign In'

2021-11-17 08:23:02 - [MESSAGE][PASSED] - Call Test Case 'Test Cases/Mobile/Page/Login/Login' successfully

2021-11-17 08:23:02 - [TEST_STEP][PASSED] - if (page == "cart"): Call Test Case 'Test Cases/Mobile/Scenario/Transaction/Add Product to Cart' successfully

2021-11-17 08:23:02 - [TEST_STEP][PASSED] - callTestCase(findTestCase("Mobile/Scenario/Transaction/Add Product to Cart"), [:], STOP_ON_FAILURE): Call Test Case 'Test Cases/Mobile/Scenario/Transaction/Add Product to Cart' successfully

2021-11-17 08:23:02 - [TEST_CASE][PASSED] - Test Cases/Mobile/Scenario/Transaction/Add Product to Cart: Test Cases/Mobile/Scenario/Transaction/Add Product to Cart

2021-11-17 08:23:03 - [TEST_STEP][PASSED] - tap(findTestObject("Object Repository/Mobile/Page/Home/Button - Product"), 0): Tapped on element 'Object Repository/Mobile/Page/Home/Button - Product'

2021-11-17 08:23:03 - [MESSAGE][WARNING] - Timeout '0' is invalid. Using default page load timeout: '60'

2021-11-17 08:23:04 - [MESSAGE][PASSED] - Tapped on element 'Object Repository/Mobile/Page/Home/Button - Product'

2021-11-17 08:23:04 - [TEST_STEP][PASSED] - delay(3): Delayed 3 second(s)

2021-11-17 08:23:07 - [MESSAGE][PASSED] - Delayed 3 second(s)

2021-11-17 08:23:07 - [TEST_STEP][PASSED] - tap(findTestObject("Object Repository/Mobile/Page/Transaction/Object for Add to Cart/Button - Buy Top Item"), 0): Tapped on element 'Object Repository/Mobile/Page/Transaction/Object for Add to Cart/Button - Buy Top Item'

2021-11-17 08:23:07 - [MESSAGE][WARNING] - Timeout '0' is invalid. Using default page load timeout: '60'

2021-11-17 08:23:09 - [MESSAGE][PASSED] - Tapped on element 'Object Repository/Mobile/Page/Transaction/Object for Add to Cart/Button - Buy Top Item'

2021-11-17 08:23:09 - [TEST_STEP][PASSED] - delay(3): Delayed 3 second(s)

2021-11-17 08:23:12 - [MESSAGE][PASSED] - Delayed 3 second(s)

2021-11-17 08:23:12 - [TEST_STEP][PASSED] - tap(findTestObject("Object Repository/Mobile/Page/Transaction/Object for Add to Cart/Button - Purchase Amount 500k"), 0): Tapped on element 'Object Repository/Mobile/Page/Transaction/Object for Add to Cart/Button - Purchase Amount 500k'

2021-11-17 08:23:12 - [MESSAGE][WARNING] - Timeout '0' is invalid. Using default page load timeout: '60'

2021-11-17 08:23:13 - [MESSAGE][PASSED] - Tapped on element 'Object Repository/Mobile/Page/Transaction/Object for Add to Cart/Button - Purchase Amount 500k'

2021-11-17 08:23:13 - [TEST_STEP][PASSED] - element = findTestObject("Object Repository/Mobile/Page/Transaction/Object for Add to Cart/Checkbox - Agreement Prospectus"): null

2021-11-17 08:23:13 - [TEST_STEP][PASSED] - left_position = getElementLeftPosition(element, 0): Object 'Object Repository/Mobile/Page/Transaction/Object for Add to Cart/Checkbox - Agreement Prospectus' has left position '0'

2021-11-17 08:23:13 - [MESSAGE][WARNING] - Timeout '0' is invalid. Using default page load timeout: '60'

2021-11-17 08:23:13 - [MESSAGE][PASSED] - Object 'Object Repository/Mobile/Page/Transaction/Object for Add to Cart/Checkbox - Agreement Prospectus' has left position '0'

2021-11-17 08:23:13 - [TEST_STEP][PASSED] - top_position = getElementTopPosition(element, 0): Object 'Object Repository/Mobile/Page/Transaction/Object for Add to Cart/Checkbox - Agreement Prospectus' has top position '1,128'

2021-11-17 08:23:13 - [MESSAGE][WARNING] - Timeout '0' is invalid. Using default page load timeout: '60'

2021-11-17 08:23:14 - [MESSAGE][PASSED] - Object 'Object Repository/Mobile/Page/Transaction/Object for Add to Cart/Checkbox - Agreement Prospectus' has top position '1,128'

2021-11-17 08:23:14 - [TEST_STEP][PASSED] - height = getElementHeight(element, 0): Object 'Object Repository/Mobile/Page/Transaction/Object for Add to Cart/Checkbox - Agreement Prospectus' has height: '145'

2021-11-17 08:23:14 - [MESSAGE][WARNING] - Timeout '0' is invalid. Using default page load timeout: '60'

2021-11-17 08:23:14 - [MESSAGE][PASSED] - Object 'Object Repository/Mobile/Page/Transaction/Object for Add to Cart/Checkbox - Agreement Prospectus' has height: '145'

2021-11-17 08:23:14 - [TEST_STEP][PASSED] - y = top_position + height / 2: null

2021-11-17 08:23:14 - [TEST_STEP][PASSED] - x = getDeviceWidth() * 0.085: Current device physical width is 720

2021-11-17 08:23:14 - [MESSAGE][PASSED] - Current device physical width is 720

2021-11-17 08:23:14 - [TEST_STEP][PASSED] - tapAtPosition(x, y): Tapped at [61, 1,200]

2021-11-17 08:23:15 - [MESSAGE][PASSED] - Tapped at [61, 1,200]

2021-11-17 08:23:15 - [TEST_STEP][PASSED] - scroll.scroll.scrollBottomToTop(): scroll.scroll.scrollBottomToTop is PASSED

2021-11-17 08:23:15 - [MESSAGE][PASSED] - Current device physical height is 1423

2021-11-17 08:23:16 - [MESSAGE][PASSED] - Current device physical width is 720

2021-11-17 08:23:17 - [MESSAGE][PASSED] - Swiped from 360,1,138 to 360,284

2021-11-17 08:23:17 - [MESSAGE][PASSED] - scroll.scroll.scrollBottomToTop is PASSED

2021-11-17 08:23:17 - [TEST_STEP][PASSED] - tap(findTestObject("Object Repository/Mobile/Page/Transaction/Object for Add to Cart/Button - Add to Cart"), 0): Tapped on element 'Object Repository/Mobile/Page/Transaction/Object for Add to Cart/Button - Add to Cart'

2021-11-17 08:23:17 - [MESSAGE][WARNING] - Timeout '0' is invalid. Using default page load timeout: '60'

2021-11-17 08:23:18 - [MESSAGE][PASSED] - Tapped on element 'Object Repository/Mobile/Page/Transaction/Object for Add to Cart/Button - Add to Cart'

2021-11-17 08:23:18 - [TEST_STEP][PASSED] - delay(2): Delayed 2 second(s)

2021-11-17 08:23:20 - [MESSAGE][PASSED] - Delayed 2 second(s)

2021-11-17 08:23:20 - [TEST_STEP][PASSED] - tap(findTestObject("Object Repository/Mobile/Page/Transaction/Object for Add to Cart/Button - View Cart"), 0): Tapped on element 'Object Repository/Mobile/Page/Transaction/Object for Add to Cart/Button - View Cart'

2021-11-17 08:23:20 - [MESSAGE][WARNING] - Timeout '0' is invalid. Using default page load timeout: '60'

2021-11-17 08:23:21 - [MESSAGE][PASSED] - Tapped on element 'Object Repository/Mobile/Page/Transaction/Object for Add to Cart/Button - View Cart'

2021-11-17 08:23:21 - [TEST_STEP][PASSED] - delay(3): Delayed 3 second(s)

2021-11-17 08:23:24 - [MESSAGE][PASSED] - Delayed 3 second(s)

2021-11-17 08:23:24 - [TEST_STEP][PASSED] - pressBack(): Press back button successfully

2021-11-17 08:23:25 - [MESSAGE][PASSED] - Press back button successfully

2021-11-17 08:23:25 - [TEST_STEP][PASSED] - delay(1): Delayed 1 second(s)

2021-11-17 08:23:26 - [MESSAGE][PASSED] - Delayed 1 second(s)

2021-11-17 08:23:26 - [MESSAGE][PASSED] - Call Test Case 'Test Cases/Mobile/Scenario/Transaction/Add Product to Cart' successfully

2021-11-17 08:23:26 - [TEST_STEP][PASSED] - tap(findTestObject("Object Repository/Mobile/Page/Transaction/Button - Menubar Transaction"), 0): Tapped on element 'Object Repository/Mobile/Page/Transaction/Button - Menubar Transaction'

2021-11-17 08:23:26 - [MESSAGE][WARNING] - Timeout '0' is invalid. Using default page load timeout: '60'

2021-11-17 08:23:27 - [MESSAGE][PASSED] - Tapped on element 'Object Repository/Mobile/Page/Transaction/Button - Menubar Transaction'

2021-11-17 08:23:27 - [TEST_STEP][PASSED] - delay(1): Delayed 1 second(s)

2021-11-17 08:23:28 - [MESSAGE][PASSED] - Delayed 1 second(s)

2021-11-17 08:23:28 - [TEST_STEP][PASSED] - if (page == "onprocess"): null

2021-11-17 08:23:28 - [TEST_STEP][PASSED] - else if (page == "history"): null

2021-11-17 08:23:28 - [TEST_STEP][PASSED] - else if (page == "cart"): Delayed 1 second(s)

2021-11-17 08:23:28 - [TEST_STEP][PASSED] - tapAndHold(findTestObject("Object Repository/Mobile/Page/Transaction/Button - Icon Cart"), 1, 0): Tapped and held on element 'Object Repository/Mobile/Page/Transaction/Button - Icon Cart' with duration 1

2021-11-17 08:23:28 - [MESSAGE][WARNING] - Timeout '0' is invalid. Using default page load timeout: '60'

2021-11-17 08:23:31 - [MESSAGE][PASSED] - Tapped and held on element 'Object Repository/Mobile/Page/Transaction/Button - Icon Cart' with duration 1

2021-11-17 08:23:31 - [TEST_STEP][PASSED] - if (action == "deleteitem"): null

2021-11-17 08:23:31 - [TEST_STEP][PASSED] - delay(1): Delayed 1 second(s)

2021-11-17 08:23:32 - [MESSAGE][PASSED] - Delayed 1 second(s)

2021-11-17 08:23:32 - [MESSAGE][PASSED] - Call Test Case 'Test Cases/Mobile/Page/Transaction/Transaction' successfully

2021-11-17 08:23:32 - [TEST_STEP][PASSED] - callTestCase(findTestCase("Mobile/Page/Run App/Terminate App"), [:], STOP_ON_FAILURE): Call Test Case 'Test Cases/Mobile/Page/Run App/Terminate App' successfully

2021-11-17 08:23:32 - [TEST_CASE][PASSED] - Test Cases/Mobile/Page/Run App/Terminate App: Test Cases/Mobile/Page/Run App/Terminate App

2021-11-17 08:23:32 - [TEST_STEP][PASSED] - startApp.OpenApp.terminateApplication(): startApp.OpenApp.terminateApplication is PASSED

2021-11-17 08:23:36 - [MESSAGE][PASSED] - Delayed 3 second(s)

2021-11-17 08:23:36 - [MESSAGE][PASSED] - Current device physical width is 720

2021-11-17 08:23:36 - [MESSAGE][PASSED] - Current device physical height is 1423

2021-11-17 08:23:38 - [MESSAGE][PASSED] - Swiped from 360,853 to 360,142

2021-11-17 08:23:39 - [MESSAGE][PASSED] - Delayed 1 second(s)

2021-11-17 08:23:40 - [MESSAGE][PASSED] - Swiped from 360,853 to 360,142

2021-11-17 08:23:43 - [MESSAGE][PASSED] - Delayed 3 second(s)

2021-11-17 08:23:43 - [MESSAGE][PASSED] - startApp.OpenApp.terminateApplication is PASSED

2021-11-17 08:23:43 - [MESSAGE][PASSED] - Call Test Case 'Test Cases/Mobile/Page/Run App/Terminate App' successfully]]></system-out>
         <system-err><![CDATA[]]></system-err>
      </testcase>
      <testcase name="Test Cases/Mobile/Scenario/Transaction/012 - Melihat notifikasi" time="71.793" classname="Test Cases/Mobile/Scenario/Transaction/012 - Melihat notifikasi" status="PASSED">
         <system-out><![CDATA[2021-11-17 08:23:43 - [TEST_CASE][PASSED] - Test Cases/Mobile/Scenario/Transaction/012 - Melihat notifikasi: Test Cases/Mobile/Scenario/Transaction/012 - Melihat notifikasi

2021-11-17 08:23:44 - [TEST_STEP][PASSED] - callTestCase(findTestCase("Mobile/Page/Run App/Run App byID"), [:], STOP_ON_FAILURE): Call Test Case 'Test Cases/Mobile/Page/Run App/Run App byID' successfully

2021-11-17 08:23:44 - [TEST_CASE][PASSED] - Test Cases/Mobile/Page/Run App/Run App byID: Test Cases/Mobile/Page/Run App/Run App byID

2021-11-17 08:23:44 - [TEST_STEP][PASSED] - startApp.OpenApp.startApplication("com.mirae.maxfund"): startApp.OpenApp.startApplication is PASSED

2021-11-17 08:23:59 - [MESSAGE][PASSED] - Starting app with application ID: 'com.mirae.maxfund'

2021-11-17 08:23:59 - [MESSAGE][PASSED] - startApp.OpenApp.startApplication is PASSED

2021-11-17 08:23:59 - [MESSAGE][PASSED] - Call Test Case 'Test Cases/Mobile/Page/Run App/Run App byID' successfully

2021-11-17 08:23:59 - [TEST_STEP][PASSED] - callTestCase(findTestCase("Mobile/Page/Transaction/Transaction"), ["page":"notification", "tab":"none", "action":"none"], CONTINUE_ON_FAILURE): Call Test Case 'Test Cases/Mobile/Page/Transaction/Transaction' successfully

2021-11-17 08:24:00 - [TEST_CASE][PASSED] - Test Cases/Mobile/Page/Transaction/Transaction: Test Cases/Mobile/Page/Transaction/Transaction

2021-11-17 08:24:00 - [TEST_STEP][PASSED] - delay(5): Delayed 5 second(s)

2021-11-17 08:24:05 - [MESSAGE][PASSED] - Delayed 5 second(s)

2021-11-17 08:24:05 - [TEST_STEP][PASSED] - loginCheck = verifyElementExist(findTestObject("Object Repository/Mobile/Page/Dashboard/Button - Login"), 2, CONTINUE_ON_FAILURE): Element 'Object Repository/Mobile/Page/Dashboard/Button - Login' is exist

2021-11-17 08:24:05 - [MESSAGE][PASSED] - Element 'Object Repository/Mobile/Page/Dashboard/Button - Login' is exist

2021-11-17 08:24:05 - [TEST_STEP][PASSED] - if (loginCheck): Call Test Case 'Test Cases/Mobile/Page/Login/Login' successfully

2021-11-17 08:24:05 - [TEST_STEP][PASSED] - callTestCase(findTestCase("Mobile/Page/Login/Login"), ["isLogin":0]): Call Test Case 'Test Cases/Mobile/Page/Login/Login' successfully

2021-11-17 08:24:05 - [TEST_CASE][PASSED] - Test Cases/Mobile/Page/Login/Login: Test Cases/Mobile/Page/Login/Login

2021-11-17 08:24:05 - [TEST_STEP][PASSED] - if (isLogin == 0): Tapped on element 'Object Repository/Mobile/Page/Dashboard/Button - Login'

2021-11-17 08:24:05 - [TEST_STEP][PASSED] - tap(findTestObject("Mobile/Page/Dashboard/Button - Login"), 0): Tapped on element 'Object Repository/Mobile/Page/Dashboard/Button - Login'

2021-11-17 08:24:05 - [MESSAGE][WARNING] - Timeout '0' is invalid. Using default page load timeout: '60'

2021-11-17 08:24:06 - [MESSAGE][PASSED] - Tapped on element 'Object Repository/Mobile/Page/Dashboard/Button - Login'

2021-11-17 08:24:06 - [TEST_STEP][PASSED] - tap(findTestObject("Mobile/Page/Login/Tap - UserID or Email"), 0): Tapped on element 'Object Repository/Mobile/Page/Login/Tap - UserID or Email'

2021-11-17 08:24:06 - [MESSAGE][WARNING] - Timeout '0' is invalid. Using default page load timeout: '60'

2021-11-17 08:24:09 - [MESSAGE][PASSED] - Tapped on element 'Object Repository/Mobile/Page/Login/Tap - UserID or Email'

2021-11-17 08:24:09 - [TEST_STEP][PASSED] - delay(3): Delayed 3 second(s)

2021-11-17 08:24:12 - [MESSAGE][PASSED] - Delayed 3 second(s)

2021-11-17 08:24:12 - [TEST_STEP][PASSED] - setText(findTestObject("Mobile/Page/Login/Input - UserID or Email"), "ady.pangerang@gmail.com", 0): Text 'ady.pangerang@gmail.com' has been set to element 'Object Repository/Mobile/Page/Login/Input - UserID or Email'

2021-11-17 08:24:12 - [MESSAGE][WARNING] - Timeout '0' is invalid. Using default page load timeout: '60'

2021-11-17 08:24:12 - [MESSAGE][PASSED] - Text 'ady.pangerang@gmail.com' has been set to element 'Object Repository/Mobile/Page/Login/Input - UserID or Email'

2021-11-17 08:24:12 - [TEST_STEP][PASSED] - delay(1): Delayed 1 second(s)

2021-11-17 08:24:13 - [MESSAGE][PASSED] - Delayed 1 second(s)

2021-11-17 08:24:13 - [TEST_STEP][PASSED] - hideKeyboard(): Keyboard is hidden

2021-11-17 08:24:18 - [MESSAGE][PASSED] - Keyboard is hidden

2021-11-17 08:24:18 - [TEST_STEP][PASSED] - delay(1): Delayed 1 second(s)

2021-11-17 08:24:19 - [MESSAGE][PASSED] - Delayed 1 second(s)

2021-11-17 08:24:19 - [TEST_STEP][PASSED] - tap(findTestObject("Mobile/Page/Login/Tap - Password 2"), 0): Tapped on element 'Object Repository/Mobile/Page/Login/Tap - Password 2'

2021-11-17 08:24:19 - [MESSAGE][WARNING] - Timeout '0' is invalid. Using default page load timeout: '60'

2021-11-17 08:24:20 - [MESSAGE][PASSED] - Tapped on element 'Object Repository/Mobile/Page/Login/Tap - Password 2'

2021-11-17 08:24:20 - [TEST_STEP][PASSED] - delay(3): Delayed 3 second(s)

2021-11-17 08:24:23 - [MESSAGE][PASSED] - Delayed 3 second(s)

2021-11-17 08:24:23 - [TEST_STEP][PASSED] - setText(findTestObject("Mobile/Page/Login/Tap - Password 2"), "Mirae1234", 0): Text 'Mirae1234' has been set to element 'Object Repository/Mobile/Page/Login/Tap - Password 2'

2021-11-17 08:24:23 - [MESSAGE][WARNING] - Timeout '0' is invalid. Using default page load timeout: '60'

2021-11-17 08:24:23 - [MESSAGE][PASSED] - Text 'Mirae1234' has been set to element 'Object Repository/Mobile/Page/Login/Tap - Password 2'

2021-11-17 08:24:23 - [TEST_STEP][PASSED] - delay(1): Delayed 1 second(s)

2021-11-17 08:24:24 - [MESSAGE][PASSED] - Delayed 1 second(s)

2021-11-17 08:24:24 - [TEST_STEP][PASSED] - hideKeyboard(): Keyboard is hidden

2021-11-17 08:24:31 - [MESSAGE][PASSED] - Keyboard is hidden

2021-11-17 08:24:31 - [TEST_STEP][PASSED] - delay(1): Delayed 1 second(s)

2021-11-17 08:24:32 - [MESSAGE][PASSED] - Delayed 1 second(s)

2021-11-17 08:24:32 - [TEST_STEP][PASSED] - tap(findTestObject("Mobile/Page/Login/Button - Sign In"), 0): Tapped on element 'Object Repository/Mobile/Page/Login/Button - Sign In'

2021-11-17 08:24:32 - [MESSAGE][WARNING] - Timeout '0' is invalid. Using default page load timeout: '60'

2021-11-17 08:24:33 - [MESSAGE][PASSED] - Tapped on element 'Object Repository/Mobile/Page/Login/Button - Sign In'

2021-11-17 08:24:33 - [MESSAGE][PASSED] - Call Test Case 'Test Cases/Mobile/Page/Login/Login' successfully

2021-11-17 08:24:33 - [TEST_STEP][PASSED] - if (page == "cart"): null

2021-11-17 08:24:33 - [TEST_STEP][PASSED] - tap(findTestObject("Object Repository/Mobile/Page/Transaction/Button - Menubar Transaction"), 0): Tapped on element 'Object Repository/Mobile/Page/Transaction/Button - Menubar Transaction'

2021-11-17 08:24:33 - [MESSAGE][WARNING] - Timeout '0' is invalid. Using default page load timeout: '60'

2021-11-17 08:24:36 - [MESSAGE][PASSED] - Tapped on element 'Object Repository/Mobile/Page/Transaction/Button - Menubar Transaction'

2021-11-17 08:24:36 - [TEST_STEP][PASSED] - delay(1): Delayed 1 second(s)

2021-11-17 08:24:37 - [MESSAGE][PASSED] - Delayed 1 second(s)

2021-11-17 08:24:37 - [TEST_STEP][PASSED] - if (page == "onprocess"): null

2021-11-17 08:24:37 - [TEST_STEP][PASSED] - else if (page == "history"): null

2021-11-17 08:24:37 - [TEST_STEP][PASSED] - else if (page == "cart"): null

2021-11-17 08:24:37 - [TEST_STEP][PASSED] - else if (page == "notification"): Delayed 1 second(s)

2021-11-17 08:24:37 - [TEST_STEP][PASSED] - tapAndHold(findTestObject("Mobile/Page/Transaction/Button - Icon Notification"), 1, 0): Tapped and held on element 'Object Repository/Mobile/Page/Transaction/Button - Icon Notification' with duration 1

2021-11-17 08:24:37 - [MESSAGE][WARNING] - Timeout '0' is invalid. Using default page load timeout: '60'

2021-11-17 08:24:40 - [MESSAGE][PASSED] - Tapped and held on element 'Object Repository/Mobile/Page/Transaction/Button - Icon Notification' with duration 1

2021-11-17 08:24:40 - [TEST_STEP][PASSED] - delay(3): Delayed 3 second(s)

2021-11-17 08:24:43 - [MESSAGE][PASSED] - Delayed 3 second(s)

2021-11-17 08:24:43 - [TEST_STEP][PASSED] - if (action == "profile"): null

2021-11-17 08:24:43 - [TEST_STEP][PASSED] - delay(1): Delayed 1 second(s)

2021-11-17 08:24:44 - [MESSAGE][PASSED] - Delayed 1 second(s)

2021-11-17 08:24:44 - [MESSAGE][PASSED] - Call Test Case 'Test Cases/Mobile/Page/Transaction/Transaction' successfully

2021-11-17 08:24:44 - [TEST_STEP][PASSED] - callTestCase(findTestCase("Mobile/Page/Run App/Terminate App"), [:], STOP_ON_FAILURE): Call Test Case 'Test Cases/Mobile/Page/Run App/Terminate App' successfully

2021-11-17 08:24:44 - [TEST_CASE][PASSED] - Test Cases/Mobile/Page/Run App/Terminate App: Test Cases/Mobile/Page/Run App/Terminate App

2021-11-17 08:24:44 - [TEST_STEP][PASSED] - startApp.OpenApp.terminateApplication(): startApp.OpenApp.terminateApplication is PASSED

2021-11-17 08:24:47 - [MESSAGE][PASSED] - Delayed 3 second(s)

2021-11-17 08:24:48 - [MESSAGE][PASSED] - Current device physical width is 720

2021-11-17 08:24:48 - [MESSAGE][PASSED] - Current device physical height is 1423

2021-11-17 08:24:49 - [MESSAGE][PASSED] - Swiped from 360,853 to 360,142

2021-11-17 08:24:50 - [MESSAGE][PASSED] - Delayed 1 second(s)

2021-11-17 08:24:52 - [MESSAGE][PASSED] - Swiped from 360,853 to 360,142

2021-11-17 08:24:55 - [MESSAGE][PASSED] - Delayed 3 second(s)

2021-11-17 08:24:55 - [MESSAGE][PASSED] - startApp.OpenApp.terminateApplication is PASSED

2021-11-17 08:24:55 - [MESSAGE][PASSED] - Call Test Case 'Test Cases/Mobile/Page/Run App/Terminate App' successfully]]></system-out>
         <system-err><![CDATA[]]></system-err>
      </testcase>
      <testcase name="Test Cases/Mobile/Scenario/Transaction/013 - Menghapus item di keranjang" time="89.056" classname="Test Cases/Mobile/Scenario/Transaction/013 - Menghapus item di keranjang" status="PASSED">
         <system-out><![CDATA[2021-11-17 08:24:55 - [TEST_CASE][PASSED] - Test Cases/Mobile/Scenario/Transaction/013 - Menghapus item di keranjang: Test Cases/Mobile/Scenario/Transaction/013 - Menghapus item di keranjang

2021-11-17 08:24:56 - [TEST_STEP][PASSED] - callTestCase(findTestCase("Mobile/Page/Run App/Run App byID"), [:], STOP_ON_FAILURE): Call Test Case 'Test Cases/Mobile/Page/Run App/Run App byID' successfully

2021-11-17 08:24:56 - [TEST_CASE][PASSED] - Test Cases/Mobile/Page/Run App/Run App byID: Test Cases/Mobile/Page/Run App/Run App byID

2021-11-17 08:24:56 - [TEST_STEP][PASSED] - startApp.OpenApp.startApplication("com.mirae.maxfund"): startApp.OpenApp.startApplication is PASSED

2021-11-17 08:25:09 - [MESSAGE][PASSED] - Starting app with application ID: 'com.mirae.maxfund'

2021-11-17 08:25:09 - [MESSAGE][PASSED] - startApp.OpenApp.startApplication is PASSED

2021-11-17 08:25:09 - [MESSAGE][PASSED] - Call Test Case 'Test Cases/Mobile/Page/Run App/Run App byID' successfully

2021-11-17 08:25:09 - [TEST_STEP][PASSED] - callTestCase(findTestCase("Mobile/Page/Transaction/Transaction"), ["page":"cart", "tab":"none", "action":"deleteitem"], CONTINUE_ON_FAILURE): Call Test Case 'Test Cases/Mobile/Page/Transaction/Transaction' successfully

2021-11-17 08:25:09 - [TEST_CASE][PASSED] - Test Cases/Mobile/Page/Transaction/Transaction: Test Cases/Mobile/Page/Transaction/Transaction

2021-11-17 08:25:09 - [TEST_STEP][PASSED] - delay(5): Delayed 5 second(s)

2021-11-17 08:25:14 - [MESSAGE][PASSED] - Delayed 5 second(s)

2021-11-17 08:25:14 - [TEST_STEP][PASSED] - loginCheck = verifyElementExist(findTestObject("Object Repository/Mobile/Page/Dashboard/Button - Login"), 2, CONTINUE_ON_FAILURE): Element 'Object Repository/Mobile/Page/Dashboard/Button - Login' is exist

2021-11-17 08:25:15 - [MESSAGE][PASSED] - Element 'Object Repository/Mobile/Page/Dashboard/Button - Login' is exist

2021-11-17 08:25:15 - [TEST_STEP][PASSED] - if (loginCheck): Call Test Case 'Test Cases/Mobile/Page/Login/Login' successfully

2021-11-17 08:25:15 - [TEST_STEP][PASSED] - callTestCase(findTestCase("Mobile/Page/Login/Login"), ["isLogin":0]): Call Test Case 'Test Cases/Mobile/Page/Login/Login' successfully

2021-11-17 08:25:15 - [TEST_CASE][PASSED] - Test Cases/Mobile/Page/Login/Login: Test Cases/Mobile/Page/Login/Login

2021-11-17 08:25:15 - [TEST_STEP][PASSED] - if (isLogin == 0): Tapped on element 'Object Repository/Mobile/Page/Dashboard/Button - Login'

2021-11-17 08:25:15 - [TEST_STEP][PASSED] - tap(findTestObject("Mobile/Page/Dashboard/Button - Login"), 0): Tapped on element 'Object Repository/Mobile/Page/Dashboard/Button - Login'

2021-11-17 08:25:15 - [MESSAGE][WARNING] - Timeout '0' is invalid. Using default page load timeout: '60'

2021-11-17 08:25:15 - [MESSAGE][PASSED] - Tapped on element 'Object Repository/Mobile/Page/Dashboard/Button - Login'

2021-11-17 08:25:15 - [TEST_STEP][PASSED] - tap(findTestObject("Mobile/Page/Login/Tap - UserID or Email"), 0): Tapped on element 'Object Repository/Mobile/Page/Login/Tap - UserID or Email'

2021-11-17 08:25:16 - [MESSAGE][WARNING] - Timeout '0' is invalid. Using default page load timeout: '60'

2021-11-17 08:25:18 - [MESSAGE][PASSED] - Tapped on element 'Object Repository/Mobile/Page/Login/Tap - UserID or Email'

2021-11-17 08:25:18 - [TEST_STEP][PASSED] - delay(3): Delayed 3 second(s)

2021-11-17 08:25:21 - [MESSAGE][PASSED] - Delayed 3 second(s)

2021-11-17 08:25:21 - [TEST_STEP][PASSED] - setText(findTestObject("Mobile/Page/Login/Input - UserID or Email"), "ady.pangerang@gmail.com", 0): Text 'ady.pangerang@gmail.com' has been set to element 'Object Repository/Mobile/Page/Login/Input - UserID or Email'

2021-11-17 08:25:21 - [MESSAGE][WARNING] - Timeout '0' is invalid. Using default page load timeout: '60'

2021-11-17 08:25:21 - [MESSAGE][PASSED] - Text 'ady.pangerang@gmail.com' has been set to element 'Object Repository/Mobile/Page/Login/Input - UserID or Email'

2021-11-17 08:25:21 - [TEST_STEP][PASSED] - delay(1): Delayed 1 second(s)

2021-11-17 08:25:22 - [MESSAGE][PASSED] - Delayed 1 second(s)

2021-11-17 08:25:22 - [TEST_STEP][PASSED] - hideKeyboard(): Keyboard is hidden

2021-11-17 08:25:26 - [MESSAGE][PASSED] - Keyboard is hidden

2021-11-17 08:25:26 - [TEST_STEP][PASSED] - delay(1): Delayed 1 second(s)

2021-11-17 08:25:27 - [MESSAGE][PASSED] - Delayed 1 second(s)

2021-11-17 08:25:27 - [TEST_STEP][PASSED] - tap(findTestObject("Mobile/Page/Login/Tap - Password 2"), 0): Tapped on element 'Object Repository/Mobile/Page/Login/Tap - Password 2'

2021-11-17 08:25:27 - [MESSAGE][WARNING] - Timeout '0' is invalid. Using default page load timeout: '60'

2021-11-17 08:25:28 - [MESSAGE][PASSED] - Tapped on element 'Object Repository/Mobile/Page/Login/Tap - Password 2'

2021-11-17 08:25:28 - [TEST_STEP][PASSED] - delay(3): Delayed 3 second(s)

2021-11-17 08:25:31 - [MESSAGE][PASSED] - Delayed 3 second(s)

2021-11-17 08:25:31 - [TEST_STEP][PASSED] - setText(findTestObject("Mobile/Page/Login/Tap - Password 2"), "Mirae1234", 0): Text 'Mirae1234' has been set to element 'Object Repository/Mobile/Page/Login/Tap - Password 2'

2021-11-17 08:25:31 - [MESSAGE][WARNING] - Timeout '0' is invalid. Using default page load timeout: '60'

2021-11-17 08:25:31 - [MESSAGE][PASSED] - Text 'Mirae1234' has been set to element 'Object Repository/Mobile/Page/Login/Tap - Password 2'

2021-11-17 08:25:31 - [TEST_STEP][PASSED] - delay(1): Delayed 1 second(s)

2021-11-17 08:25:32 - [MESSAGE][PASSED] - Delayed 1 second(s)

2021-11-17 08:25:32 - [TEST_STEP][PASSED] - hideKeyboard(): Keyboard is hidden

2021-11-17 08:25:39 - [MESSAGE][PASSED] - Keyboard is hidden

2021-11-17 08:25:39 - [TEST_STEP][PASSED] - delay(1): Delayed 1 second(s)

2021-11-17 08:25:40 - [MESSAGE][PASSED] - Delayed 1 second(s)

2021-11-17 08:25:40 - [TEST_STEP][PASSED] - tap(findTestObject("Mobile/Page/Login/Button - Sign In"), 0): Tapped on element 'Object Repository/Mobile/Page/Login/Button - Sign In'

2021-11-17 08:25:40 - [MESSAGE][WARNING] - Timeout '0' is invalid. Using default page load timeout: '60'

2021-11-17 08:25:41 - [MESSAGE][PASSED] - Tapped on element 'Object Repository/Mobile/Page/Login/Button - Sign In'

2021-11-17 08:25:41 - [MESSAGE][PASSED] - Call Test Case 'Test Cases/Mobile/Page/Login/Login' successfully

2021-11-17 08:25:41 - [TEST_STEP][PASSED] - if (page == "cart"): Call Test Case 'Test Cases/Mobile/Scenario/Transaction/Add Product to Cart' successfully

2021-11-17 08:25:41 - [TEST_STEP][PASSED] - callTestCase(findTestCase("Mobile/Scenario/Transaction/Add Product to Cart"), [:], STOP_ON_FAILURE): Call Test Case 'Test Cases/Mobile/Scenario/Transaction/Add Product to Cart' successfully

2021-11-17 08:25:41 - [TEST_CASE][PASSED] - Test Cases/Mobile/Scenario/Transaction/Add Product to Cart: Test Cases/Mobile/Scenario/Transaction/Add Product to Cart

2021-11-17 08:25:41 - [TEST_STEP][PASSED] - tap(findTestObject("Object Repository/Mobile/Page/Home/Button - Product"), 0): Tapped on element 'Object Repository/Mobile/Page/Home/Button - Product'

2021-11-17 08:25:41 - [MESSAGE][WARNING] - Timeout '0' is invalid. Using default page load timeout: '60'

2021-11-17 08:25:44 - [MESSAGE][PASSED] - Tapped on element 'Object Repository/Mobile/Page/Home/Button - Product'

2021-11-17 08:25:44 - [TEST_STEP][PASSED] - delay(3): Delayed 3 second(s)

2021-11-17 08:25:47 - [MESSAGE][PASSED] - Delayed 3 second(s)

2021-11-17 08:25:47 - [TEST_STEP][PASSED] - tap(findTestObject("Object Repository/Mobile/Page/Transaction/Object for Add to Cart/Button - Buy Top Item"), 0): Tapped on element 'Object Repository/Mobile/Page/Transaction/Object for Add to Cart/Button - Buy Top Item'

2021-11-17 08:25:47 - [MESSAGE][WARNING] - Timeout '0' is invalid. Using default page load timeout: '60'

2021-11-17 08:25:48 - [MESSAGE][PASSED] - Tapped on element 'Object Repository/Mobile/Page/Transaction/Object for Add to Cart/Button - Buy Top Item'

2021-11-17 08:25:48 - [TEST_STEP][PASSED] - delay(3): Delayed 3 second(s)

2021-11-17 08:25:51 - [MESSAGE][PASSED] - Delayed 3 second(s)

2021-11-17 08:25:51 - [TEST_STEP][PASSED] - tap(findTestObject("Object Repository/Mobile/Page/Transaction/Object for Add to Cart/Button - Purchase Amount 500k"), 0): Tapped on element 'Object Repository/Mobile/Page/Transaction/Object for Add to Cart/Button - Purchase Amount 500k'

2021-11-17 08:25:51 - [MESSAGE][WARNING] - Timeout '0' is invalid. Using default page load timeout: '60'

2021-11-17 08:25:52 - [MESSAGE][PASSED] - Tapped on element 'Object Repository/Mobile/Page/Transaction/Object for Add to Cart/Button - Purchase Amount 500k'

2021-11-17 08:25:52 - [TEST_STEP][PASSED] - element = findTestObject("Object Repository/Mobile/Page/Transaction/Object for Add to Cart/Checkbox - Agreement Prospectus"): null

2021-11-17 08:25:53 - [TEST_STEP][PASSED] - left_position = getElementLeftPosition(element, 0): Object 'Object Repository/Mobile/Page/Transaction/Object for Add to Cart/Checkbox - Agreement Prospectus' has left position '0'

2021-11-17 08:25:53 - [MESSAGE][WARNING] - Timeout '0' is invalid. Using default page load timeout: '60'

2021-11-17 08:25:53 - [MESSAGE][PASSED] - Object 'Object Repository/Mobile/Page/Transaction/Object for Add to Cart/Checkbox - Agreement Prospectus' has left position '0'

2021-11-17 08:25:53 - [TEST_STEP][PASSED] - top_position = getElementTopPosition(element, 0): Object 'Object Repository/Mobile/Page/Transaction/Object for Add to Cart/Checkbox - Agreement Prospectus' has top position '1,128'

2021-11-17 08:25:53 - [MESSAGE][WARNING] - Timeout '0' is invalid. Using default page load timeout: '60'

2021-11-17 08:25:53 - [MESSAGE][PASSED] - Object 'Object Repository/Mobile/Page/Transaction/Object for Add to Cart/Checkbox - Agreement Prospectus' has top position '1,128'

2021-11-17 08:25:53 - [TEST_STEP][PASSED] - height = getElementHeight(element, 0): Object 'Object Repository/Mobile/Page/Transaction/Object for Add to Cart/Checkbox - Agreement Prospectus' has height: '145'

2021-11-17 08:25:53 - [MESSAGE][WARNING] - Timeout '0' is invalid. Using default page load timeout: '60'

2021-11-17 08:25:53 - [MESSAGE][PASSED] - Object 'Object Repository/Mobile/Page/Transaction/Object for Add to Cart/Checkbox - Agreement Prospectus' has height: '145'

2021-11-17 08:25:53 - [TEST_STEP][PASSED] - y = top_position + height / 2: null

2021-11-17 08:25:53 - [TEST_STEP][PASSED] - x = getDeviceWidth() * 0.085: Current device physical width is 720

2021-11-17 08:25:54 - [MESSAGE][PASSED] - Current device physical width is 720

2021-11-17 08:25:54 - [TEST_STEP][PASSED] - tapAtPosition(x, y): Tapped at [61, 1,200]

2021-11-17 08:25:54 - [MESSAGE][PASSED] - Tapped at [61, 1,200]

2021-11-17 08:25:54 - [TEST_STEP][PASSED] - scroll.scroll.scrollBottomToTop(): scroll.scroll.scrollBottomToTop is PASSED

2021-11-17 08:25:54 - [MESSAGE][PASSED] - Current device physical height is 1423

2021-11-17 08:25:54 - [MESSAGE][PASSED] - Current device physical width is 720

2021-11-17 08:25:56 - [MESSAGE][PASSED] - Swiped from 360,1,138 to 360,284

2021-11-17 08:25:56 - [MESSAGE][PASSED] - scroll.scroll.scrollBottomToTop is PASSED

2021-11-17 08:25:56 - [TEST_STEP][PASSED] - tap(findTestObject("Object Repository/Mobile/Page/Transaction/Object for Add to Cart/Button - Add to Cart"), 0): Tapped on element 'Object Repository/Mobile/Page/Transaction/Object for Add to Cart/Button - Add to Cart'

2021-11-17 08:25:56 - [MESSAGE][WARNING] - Timeout '0' is invalid. Using default page load timeout: '60'

2021-11-17 08:25:57 - [MESSAGE][PASSED] - Tapped on element 'Object Repository/Mobile/Page/Transaction/Object for Add to Cart/Button - Add to Cart'

2021-11-17 08:25:57 - [TEST_STEP][PASSED] - delay(2): Delayed 2 second(s)

2021-11-17 08:25:59 - [MESSAGE][PASSED] - Delayed 2 second(s)

2021-11-17 08:25:59 - [TEST_STEP][PASSED] - tap(findTestObject("Object Repository/Mobile/Page/Transaction/Object for Add to Cart/Button - View Cart"), 0): Tapped on element 'Object Repository/Mobile/Page/Transaction/Object for Add to Cart/Button - View Cart'

2021-11-17 08:25:59 - [MESSAGE][WARNING] - Timeout '0' is invalid. Using default page load timeout: '60'

2021-11-17 08:26:01 - [MESSAGE][PASSED] - Tapped on element 'Object Repository/Mobile/Page/Transaction/Object for Add to Cart/Button - View Cart'

2021-11-17 08:26:01 - [TEST_STEP][PASSED] - delay(3): Delayed 3 second(s)

2021-11-17 08:26:04 - [MESSAGE][PASSED] - Delayed 3 second(s)

2021-11-17 08:26:04 - [TEST_STEP][PASSED] - pressBack(): Press back button successfully

2021-11-17 08:26:04 - [MESSAGE][PASSED] - Press back button successfully

2021-11-17 08:26:04 - [TEST_STEP][PASSED] - delay(1): Delayed 1 second(s)

2021-11-17 08:26:05 - [MESSAGE][PASSED] - Delayed 1 second(s)

2021-11-17 08:26:05 - [MESSAGE][PASSED] - Call Test Case 'Test Cases/Mobile/Scenario/Transaction/Add Product to Cart' successfully

2021-11-17 08:26:05 - [TEST_STEP][PASSED] - tap(findTestObject("Object Repository/Mobile/Page/Transaction/Button - Menubar Transaction"), 0): Tapped on element 'Object Repository/Mobile/Page/Transaction/Button - Menubar Transaction'

2021-11-17 08:26:05 - [MESSAGE][WARNING] - Timeout '0' is invalid. Using default page load timeout: '60'

2021-11-17 08:26:07 - [MESSAGE][PASSED] - Tapped on element 'Object Repository/Mobile/Page/Transaction/Button - Menubar Transaction'

2021-11-17 08:26:07 - [TEST_STEP][PASSED] - delay(1): Delayed 1 second(s)

2021-11-17 08:26:08 - [MESSAGE][PASSED] - Delayed 1 second(s)

2021-11-17 08:26:08 - [TEST_STEP][PASSED] - if (page == "onprocess"): null

2021-11-17 08:26:08 - [TEST_STEP][PASSED] - else if (page == "history"): null

2021-11-17 08:26:08 - [TEST_STEP][PASSED] - else if (page == "cart"): Delayed 1 second(s)

2021-11-17 08:26:08 - [TEST_STEP][PASSED] - tapAndHold(findTestObject("Object Repository/Mobile/Page/Transaction/Button - Icon Cart"), 1, 0): Tapped and held on element 'Object Repository/Mobile/Page/Transaction/Button - Icon Cart' with duration 1

2021-11-17 08:26:08 - [MESSAGE][WARNING] - Timeout '0' is invalid. Using default page load timeout: '60'

2021-11-17 08:26:11 - [MESSAGE][PASSED] - Tapped and held on element 'Object Repository/Mobile/Page/Transaction/Button - Icon Cart' with duration 1

2021-11-17 08:26:11 - [TEST_STEP][PASSED] - if (action == "deleteitem"): Tapped on element 'Object Repository/Mobile/Page/Keranjang/Button - Delete Item'

2021-11-17 08:26:11 - [TEST_STEP][PASSED] - tap(findTestObject("Object Repository/Mobile/Page/Keranjang/Button - Delete Item"), 0): Tapped on element 'Object Repository/Mobile/Page/Keranjang/Button - Delete Item'

2021-11-17 08:26:11 - [MESSAGE][WARNING] - Timeout '0' is invalid. Using default page load timeout: '60'

2021-11-17 08:26:12 - [MESSAGE][PASSED] - Tapped on element 'Object Repository/Mobile/Page/Keranjang/Button - Delete Item'

2021-11-17 08:26:12 - [TEST_STEP][PASSED] - delay(1): Delayed 1 second(s)

2021-11-17 08:26:13 - [MESSAGE][PASSED] - Delayed 1 second(s)

2021-11-17 08:26:13 - [MESSAGE][PASSED] - Call Test Case 'Test Cases/Mobile/Page/Transaction/Transaction' successfully

2021-11-17 08:26:13 - [TEST_STEP][PASSED] - callTestCase(findTestCase("Mobile/Page/Run App/Terminate App"), [:], STOP_ON_FAILURE): Call Test Case 'Test Cases/Mobile/Page/Run App/Terminate App' successfully

2021-11-17 08:26:13 - [TEST_CASE][PASSED] - Test Cases/Mobile/Page/Run App/Terminate App: Test Cases/Mobile/Page/Run App/Terminate App

2021-11-17 08:26:13 - [TEST_STEP][PASSED] - startApp.OpenApp.terminateApplication(): startApp.OpenApp.terminateApplication is PASSED

2021-11-17 08:26:16 - [MESSAGE][PASSED] - Delayed 3 second(s)

2021-11-17 08:26:17 - [MESSAGE][PASSED] - Current device physical width is 720

2021-11-17 08:26:17 - [MESSAGE][PASSED] - Current device physical height is 1423

2021-11-17 08:26:18 - [MESSAGE][PASSED] - Swiped from 360,853 to 360,142

2021-11-17 08:26:19 - [MESSAGE][PASSED] - Delayed 1 second(s)

2021-11-17 08:26:21 - [MESSAGE][PASSED] - Swiped from 360,853 to 360,142

2021-11-17 08:26:24 - [MESSAGE][PASSED] - Delayed 3 second(s)

2021-11-17 08:26:24 - [MESSAGE][PASSED] - startApp.OpenApp.terminateApplication is PASSED

2021-11-17 08:26:24 - [MESSAGE][PASSED] - Call Test Case 'Test Cases/Mobile/Page/Run App/Terminate App' successfully]]></system-out>
         <system-err><![CDATA[]]></system-err>
      </testcase>
      <testcase name="Test Cases/Mobile/Scenario/Transaction/014 - Melihat notifikasi berdasarkan kategori Profile" time="69.283" classname="Test Cases/Mobile/Scenario/Transaction/014 - Melihat notifikasi berdasarkan kategori Profile" status="PASSED">
         <system-out><![CDATA[2021-11-17 08:26:24 - [TEST_CASE][PASSED] - Test Cases/Mobile/Scenario/Transaction/014 - Melihat notifikasi berdasarkan kategori Profile: Test Cases/Mobile/Scenario/Transaction/014 - Melihat notifikasi berdasarkan kategori Profile

2021-11-17 08:26:25 - [TEST_STEP][PASSED] - callTestCase(findTestCase("Mobile/Page/Run App/Run App byID"), [:], STOP_ON_FAILURE): Call Test Case 'Test Cases/Mobile/Page/Run App/Run App byID' successfully

2021-11-17 08:26:25 - [TEST_CASE][PASSED] - Test Cases/Mobile/Page/Run App/Run App byID: Test Cases/Mobile/Page/Run App/Run App byID

2021-11-17 08:26:25 - [TEST_STEP][PASSED] - startApp.OpenApp.startApplication("com.mirae.maxfund"): startApp.OpenApp.startApplication is PASSED

2021-11-17 08:26:38 - [MESSAGE][PASSED] - Starting app with application ID: 'com.mirae.maxfund'

2021-11-17 08:26:38 - [MESSAGE][PASSED] - startApp.OpenApp.startApplication is PASSED

2021-11-17 08:26:38 - [MESSAGE][PASSED] - Call Test Case 'Test Cases/Mobile/Page/Run App/Run App byID' successfully

2021-11-17 08:26:38 - [TEST_STEP][PASSED] - callTestCase(findTestCase("Mobile/Page/Transaction/Transaction"), ["page":"notification", "tab":"profile", "action":"detail"], CONTINUE_ON_FAILURE): Call Test Case 'Test Cases/Mobile/Page/Transaction/Transaction' successfully

2021-11-17 08:26:38 - [TEST_CASE][PASSED] - Test Cases/Mobile/Page/Transaction/Transaction: Test Cases/Mobile/Page/Transaction/Transaction

2021-11-17 08:26:38 - [TEST_STEP][PASSED] - delay(5): Delayed 5 second(s)

2021-11-17 08:26:43 - [MESSAGE][PASSED] - Delayed 5 second(s)

2021-11-17 08:26:43 - [TEST_STEP][PASSED] - loginCheck = verifyElementExist(findTestObject("Object Repository/Mobile/Page/Dashboard/Button - Login"), 2, CONTINUE_ON_FAILURE): Element 'Object Repository/Mobile/Page/Dashboard/Button - Login' is exist

2021-11-17 08:26:44 - [MESSAGE][PASSED] - Element 'Object Repository/Mobile/Page/Dashboard/Button - Login' is exist

2021-11-17 08:26:44 - [TEST_STEP][PASSED] - if (loginCheck): Call Test Case 'Test Cases/Mobile/Page/Login/Login' successfully

2021-11-17 08:26:44 - [TEST_STEP][PASSED] - callTestCase(findTestCase("Mobile/Page/Login/Login"), ["isLogin":0]): Call Test Case 'Test Cases/Mobile/Page/Login/Login' successfully

2021-11-17 08:26:44 - [TEST_CASE][PASSED] - Test Cases/Mobile/Page/Login/Login: Test Cases/Mobile/Page/Login/Login

2021-11-17 08:26:44 - [TEST_STEP][PASSED] - if (isLogin == 0): Tapped on element 'Object Repository/Mobile/Page/Dashboard/Button - Login'

2021-11-17 08:26:44 - [TEST_STEP][PASSED] - tap(findTestObject("Mobile/Page/Dashboard/Button - Login"), 0): Tapped on element 'Object Repository/Mobile/Page/Dashboard/Button - Login'

2021-11-17 08:26:44 - [MESSAGE][WARNING] - Timeout '0' is invalid. Using default page load timeout: '60'

2021-11-17 08:26:45 - [MESSAGE][PASSED] - Tapped on element 'Object Repository/Mobile/Page/Dashboard/Button - Login'

2021-11-17 08:26:45 - [TEST_STEP][PASSED] - tap(findTestObject("Mobile/Page/Login/Tap - UserID or Email"), 0): Tapped on element 'Object Repository/Mobile/Page/Login/Tap - UserID or Email'

2021-11-17 08:26:45 - [MESSAGE][WARNING] - Timeout '0' is invalid. Using default page load timeout: '60'

2021-11-17 08:26:46 - [MESSAGE][PASSED] - Tapped on element 'Object Repository/Mobile/Page/Login/Tap - UserID or Email'

2021-11-17 08:26:46 - [TEST_STEP][PASSED] - delay(3): Delayed 3 second(s)

2021-11-17 08:26:49 - [MESSAGE][PASSED] - Delayed 3 second(s)

2021-11-17 08:26:49 - [TEST_STEP][PASSED] - setText(findTestObject("Mobile/Page/Login/Input - UserID or Email"), "ady.pangerang@gmail.com", 0): Text 'ady.pangerang@gmail.com' has been set to element 'Object Repository/Mobile/Page/Login/Input - UserID or Email'

2021-11-17 08:26:49 - [MESSAGE][WARNING] - Timeout '0' is invalid. Using default page load timeout: '60'

2021-11-17 08:26:50 - [MESSAGE][PASSED] - Text 'ady.pangerang@gmail.com' has been set to element 'Object Repository/Mobile/Page/Login/Input - UserID or Email'

2021-11-17 08:26:50 - [TEST_STEP][PASSED] - delay(1): Delayed 1 second(s)

2021-11-17 08:26:51 - [MESSAGE][PASSED] - Delayed 1 second(s)

2021-11-17 08:26:51 - [TEST_STEP][PASSED] - hideKeyboard(): Keyboard is hidden

2021-11-17 08:26:55 - [MESSAGE][PASSED] - Keyboard is hidden

2021-11-17 08:26:55 - [TEST_STEP][PASSED] - delay(1): Delayed 1 second(s)

2021-11-17 08:26:56 - [MESSAGE][PASSED] - Delayed 1 second(s)

2021-11-17 08:26:56 - [TEST_STEP][PASSED] - tap(findTestObject("Mobile/Page/Login/Tap - Password 2"), 0): Tapped on element 'Object Repository/Mobile/Page/Login/Tap - Password 2'

2021-11-17 08:26:56 - [MESSAGE][WARNING] - Timeout '0' is invalid. Using default page load timeout: '60'

2021-11-17 08:26:57 - [MESSAGE][PASSED] - Tapped on element 'Object Repository/Mobile/Page/Login/Tap - Password 2'

2021-11-17 08:26:57 - [TEST_STEP][PASSED] - delay(3): Delayed 3 second(s)

2021-11-17 08:27:00 - [MESSAGE][PASSED] - Delayed 3 second(s)

2021-11-17 08:27:00 - [TEST_STEP][PASSED] - setText(findTestObject("Mobile/Page/Login/Tap - Password 2"), "Mirae1234", 0): Text 'Mirae1234' has been set to element 'Object Repository/Mobile/Page/Login/Tap - Password 2'

2021-11-17 08:27:00 - [MESSAGE][WARNING] - Timeout '0' is invalid. Using default page load timeout: '60'

2021-11-17 08:27:00 - [MESSAGE][PASSED] - Text 'Mirae1234' has been set to element 'Object Repository/Mobile/Page/Login/Tap - Password 2'

2021-11-17 08:27:00 - [TEST_STEP][PASSED] - delay(1): Delayed 1 second(s)

2021-11-17 08:27:01 - [MESSAGE][PASSED] - Delayed 1 second(s)

2021-11-17 08:27:01 - [TEST_STEP][PASSED] - hideKeyboard(): Keyboard is hidden

2021-11-17 08:27:08 - [MESSAGE][PASSED] - Keyboard is hidden

2021-11-17 08:27:08 - [TEST_STEP][PASSED] - delay(1): Delayed 1 second(s)

2021-11-17 08:27:09 - [MESSAGE][PASSED] - Delayed 1 second(s)

2021-11-17 08:27:09 - [TEST_STEP][PASSED] - tap(findTestObject("Mobile/Page/Login/Button - Sign In"), 0): Tapped on element 'Object Repository/Mobile/Page/Login/Button - Sign In'

2021-11-17 08:27:09 - [MESSAGE][WARNING] - Timeout '0' is invalid. Using default page load timeout: '60'

2021-11-17 08:27:11 - [MESSAGE][PASSED] - Tapped on element 'Object Repository/Mobile/Page/Login/Button - Sign In'

2021-11-17 08:27:11 - [MESSAGE][PASSED] - Call Test Case 'Test Cases/Mobile/Page/Login/Login' successfully

2021-11-17 08:27:11 - [TEST_STEP][PASSED] - if (page == "cart"): null

2021-11-17 08:27:11 - [TEST_STEP][PASSED] - tap(findTestObject("Object Repository/Mobile/Page/Transaction/Button - Menubar Transaction"), 0): Tapped on element 'Object Repository/Mobile/Page/Transaction/Button - Menubar Transaction'

2021-11-17 08:27:11 - [MESSAGE][WARNING] - Timeout '0' is invalid. Using default page load timeout: '60'

2021-11-17 08:27:14 - [MESSAGE][PASSED] - Tapped on element 'Object Repository/Mobile/Page/Transaction/Button - Menubar Transaction'

2021-11-17 08:27:14 - [TEST_STEP][PASSED] - delay(1): Delayed 1 second(s)

2021-11-17 08:27:15 - [MESSAGE][PASSED] - Delayed 1 second(s)

2021-11-17 08:27:15 - [TEST_STEP][PASSED] - if (page == "onprocess"): null

2021-11-17 08:27:15 - [TEST_STEP][PASSED] - else if (page == "history"): null

2021-11-17 08:27:15 - [TEST_STEP][PASSED] - else if (page == "cart"): null

2021-11-17 08:27:15 - [TEST_STEP][PASSED] - else if (page == "notification"): Delayed 1 second(s)

2021-11-17 08:27:15 - [TEST_STEP][PASSED] - tapAndHold(findTestObject("Mobile/Page/Transaction/Button - Icon Notification"), 1, 0): Tapped and held on element 'Object Repository/Mobile/Page/Transaction/Button - Icon Notification' with duration 1

2021-11-17 08:27:15 - [MESSAGE][WARNING] - Timeout '0' is invalid. Using default page load timeout: '60'

2021-11-17 08:27:18 - [MESSAGE][PASSED] - Tapped and held on element 'Object Repository/Mobile/Page/Transaction/Button - Icon Notification' with duration 1

2021-11-17 08:27:18 - [TEST_STEP][PASSED] - delay(3): Delayed 3 second(s)

2021-11-17 08:27:21 - [MESSAGE][PASSED] - Delayed 3 second(s)

2021-11-17 08:27:21 - [TEST_STEP][PASSED] - if (action == "profile"): null

2021-11-17 08:27:21 - [TEST_STEP][PASSED] - delay(1): Delayed 1 second(s)

2021-11-17 08:27:22 - [MESSAGE][PASSED] - Delayed 1 second(s)

2021-11-17 08:27:23 - [MESSAGE][PASSED] - Call Test Case 'Test Cases/Mobile/Page/Transaction/Transaction' successfully

2021-11-17 08:27:23 - [TEST_STEP][PASSED] - callTestCase(findTestCase("Mobile/Page/Run App/Terminate App"), [:], STOP_ON_FAILURE): Call Test Case 'Test Cases/Mobile/Page/Run App/Terminate App' successfully

2021-11-17 08:27:23 - [TEST_CASE][PASSED] - Test Cases/Mobile/Page/Run App/Terminate App: Test Cases/Mobile/Page/Run App/Terminate App

2021-11-17 08:27:23 - [TEST_STEP][PASSED] - startApp.OpenApp.terminateApplication(): startApp.OpenApp.terminateApplication is PASSED

2021-11-17 08:27:26 - [MESSAGE][PASSED] - Delayed 3 second(s)

2021-11-17 08:27:26 - [MESSAGE][PASSED] - Current device physical width is 720

2021-11-17 08:27:26 - [MESSAGE][PASSED] - Current device physical height is 1423

2021-11-17 08:27:28 - [MESSAGE][PASSED] - Swiped from 360,853 to 360,142

2021-11-17 08:27:29 - [MESSAGE][PASSED] - Delayed 1 second(s)

2021-11-17 08:27:30 - [MESSAGE][PASSED] - Swiped from 360,853 to 360,142

2021-11-17 08:27:33 - [MESSAGE][PASSED] - Delayed 3 second(s)

2021-11-17 08:27:33 - [MESSAGE][PASSED] - startApp.OpenApp.terminateApplication is PASSED

2021-11-17 08:27:33 - [MESSAGE][PASSED] - Call Test Case 'Test Cases/Mobile/Page/Run App/Terminate App' successfully]]></system-out>
         <system-err><![CDATA[]]></system-err>
      </testcase>
      <testcase name="Test Cases/Mobile/Scenario/Transaction/015 - Melihat notifikasi berdasarkan kategori System" time="66.281" classname="Test Cases/Mobile/Scenario/Transaction/015 - Melihat notifikasi berdasarkan kategori System" status="PASSED">
         <system-out><![CDATA[2021-11-17 08:27:33 - [TEST_CASE][PASSED] - Test Cases/Mobile/Scenario/Transaction/015 - Melihat notifikasi berdasarkan kategori System: Test Cases/Mobile/Scenario/Transaction/015 - Melihat notifikasi berdasarkan kategori System

2021-11-17 08:27:34 - [TEST_STEP][PASSED] - callTestCase(findTestCase("Mobile/Page/Run App/Run App byID"), [:], STOP_ON_FAILURE): Call Test Case 'Test Cases/Mobile/Page/Run App/Run App byID' successfully

2021-11-17 08:27:34 - [TEST_CASE][PASSED] - Test Cases/Mobile/Page/Run App/Run App byID: Test Cases/Mobile/Page/Run App/Run App byID

2021-11-17 08:27:34 - [TEST_STEP][PASSED] - startApp.OpenApp.startApplication("com.mirae.maxfund"): startApp.OpenApp.startApplication is PASSED

2021-11-17 08:27:47 - [MESSAGE][PASSED] - Starting app with application ID: 'com.mirae.maxfund'

2021-11-17 08:27:47 - [MESSAGE][PASSED] - startApp.OpenApp.startApplication is PASSED

2021-11-17 08:27:47 - [MESSAGE][PASSED] - Call Test Case 'Test Cases/Mobile/Page/Run App/Run App byID' successfully

2021-11-17 08:27:47 - [TEST_STEP][PASSED] - callTestCase(findTestCase("Mobile/Page/Transaction/Transaction"), ["page":"notification", "tab":"system", "action":"detail"], CONTINUE_ON_FAILURE): Call Test Case 'Test Cases/Mobile/Page/Transaction/Transaction' successfully

2021-11-17 08:27:47 - [TEST_CASE][PASSED] - Test Cases/Mobile/Page/Transaction/Transaction: Test Cases/Mobile/Page/Transaction/Transaction

2021-11-17 08:27:47 - [TEST_STEP][PASSED] - delay(5): Delayed 5 second(s)

2021-11-17 08:27:52 - [MESSAGE][PASSED] - Delayed 5 second(s)

2021-11-17 08:27:52 - [TEST_STEP][PASSED] - loginCheck = verifyElementExist(findTestObject("Object Repository/Mobile/Page/Dashboard/Button - Login"), 2, CONTINUE_ON_FAILURE): Element 'Object Repository/Mobile/Page/Dashboard/Button - Login' is exist

2021-11-17 08:27:53 - [MESSAGE][PASSED] - Element 'Object Repository/Mobile/Page/Dashboard/Button - Login' is exist

2021-11-17 08:27:53 - [TEST_STEP][PASSED] - if (loginCheck): Call Test Case 'Test Cases/Mobile/Page/Login/Login' successfully

2021-11-17 08:27:53 - [TEST_STEP][PASSED] - callTestCase(findTestCase("Mobile/Page/Login/Login"), ["isLogin":0]): Call Test Case 'Test Cases/Mobile/Page/Login/Login' successfully

2021-11-17 08:27:53 - [TEST_CASE][PASSED] - Test Cases/Mobile/Page/Login/Login: Test Cases/Mobile/Page/Login/Login

2021-11-17 08:27:53 - [TEST_STEP][PASSED] - if (isLogin == 0): Tapped on element 'Object Repository/Mobile/Page/Dashboard/Button - Login'

2021-11-17 08:27:53 - [TEST_STEP][PASSED] - tap(findTestObject("Mobile/Page/Dashboard/Button - Login"), 0): Tapped on element 'Object Repository/Mobile/Page/Dashboard/Button - Login'

2021-11-17 08:27:53 - [MESSAGE][WARNING] - Timeout '0' is invalid. Using default page load timeout: '60'

2021-11-17 08:27:55 - [MESSAGE][PASSED] - Tapped on element 'Object Repository/Mobile/Page/Dashboard/Button - Login'

2021-11-17 08:27:55 - [TEST_STEP][PASSED] - tap(findTestObject("Mobile/Page/Login/Tap - UserID or Email"), 0): Tapped on element 'Object Repository/Mobile/Page/Login/Tap - UserID or Email'

2021-11-17 08:27:55 - [MESSAGE][WARNING] - Timeout '0' is invalid. Using default page load timeout: '60'

2021-11-17 08:27:55 - [MESSAGE][PASSED] - Tapped on element 'Object Repository/Mobile/Page/Login/Tap - UserID or Email'

2021-11-17 08:27:55 - [TEST_STEP][PASSED] - delay(3): Delayed 3 second(s)

2021-11-17 08:27:58 - [MESSAGE][PASSED] - Delayed 3 second(s)

2021-11-17 08:27:58 - [TEST_STEP][PASSED] - setText(findTestObject("Mobile/Page/Login/Input - UserID or Email"), "ady.pangerang@gmail.com", 0): Text 'ady.pangerang@gmail.com' has been set to element 'Object Repository/Mobile/Page/Login/Input - UserID or Email'

2021-11-17 08:27:59 - [MESSAGE][WARNING] - Timeout '0' is invalid. Using default page load timeout: '60'

2021-11-17 08:27:59 - [MESSAGE][PASSED] - Text 'ady.pangerang@gmail.com' has been set to element 'Object Repository/Mobile/Page/Login/Input - UserID or Email'

2021-11-17 08:27:59 - [TEST_STEP][PASSED] - delay(1): Delayed 1 second(s)

2021-11-17 08:28:00 - [MESSAGE][PASSED] - Delayed 1 second(s)

2021-11-17 08:28:00 - [TEST_STEP][PASSED] - hideKeyboard(): Keyboard is hidden

2021-11-17 08:28:04 - [MESSAGE][PASSED] - Keyboard is hidden

2021-11-17 08:28:04 - [TEST_STEP][PASSED] - delay(1): Delayed 1 second(s)

2021-11-17 08:28:05 - [MESSAGE][PASSED] - Delayed 1 second(s)

2021-11-17 08:28:05 - [TEST_STEP][PASSED] - tap(findTestObject("Mobile/Page/Login/Tap - Password 2"), 0): Tapped on element 'Object Repository/Mobile/Page/Login/Tap - Password 2'

2021-11-17 08:28:05 - [MESSAGE][WARNING] - Timeout '0' is invalid. Using default page load timeout: '60'

2021-11-17 08:28:06 - [MESSAGE][PASSED] - Tapped on element 'Object Repository/Mobile/Page/Login/Tap - Password 2'

2021-11-17 08:28:06 - [TEST_STEP][PASSED] - delay(3): Delayed 3 second(s)

2021-11-17 08:28:09 - [MESSAGE][PASSED] - Delayed 3 second(s)

2021-11-17 08:28:09 - [TEST_STEP][PASSED] - setText(findTestObject("Mobile/Page/Login/Tap - Password 2"), "Mirae1234", 0): Text 'Mirae1234' has been set to element 'Object Repository/Mobile/Page/Login/Tap - Password 2'

2021-11-17 08:28:09 - [MESSAGE][WARNING] - Timeout '0' is invalid. Using default page load timeout: '60'

2021-11-17 08:28:09 - [MESSAGE][PASSED] - Text 'Mirae1234' has been set to element 'Object Repository/Mobile/Page/Login/Tap - Password 2'

2021-11-17 08:28:09 - [TEST_STEP][PASSED] - delay(1): Delayed 1 second(s)

2021-11-17 08:28:10 - [MESSAGE][PASSED] - Delayed 1 second(s)

2021-11-17 08:28:10 - [TEST_STEP][PASSED] - hideKeyboard(): Keyboard is hidden

2021-11-17 08:28:17 - [MESSAGE][PASSED] - Keyboard is hidden

2021-11-17 08:28:17 - [TEST_STEP][PASSED] - delay(1): Delayed 1 second(s)

2021-11-17 08:28:18 - [MESSAGE][PASSED] - Delayed 1 second(s)

2021-11-17 08:28:18 - [TEST_STEP][PASSED] - tap(findTestObject("Mobile/Page/Login/Button - Sign In"), 0): Tapped on element 'Object Repository/Mobile/Page/Login/Button - Sign In'

2021-11-17 08:28:18 - [MESSAGE][WARNING] - Timeout '0' is invalid. Using default page load timeout: '60'

2021-11-17 08:28:19 - [MESSAGE][PASSED] - Tapped on element 'Object Repository/Mobile/Page/Login/Button - Sign In'

2021-11-17 08:28:19 - [MESSAGE][PASSED] - Call Test Case 'Test Cases/Mobile/Page/Login/Login' successfully

2021-11-17 08:28:19 - [TEST_STEP][PASSED] - if (page == "cart"): null

2021-11-17 08:28:19 - [TEST_STEP][PASSED] - tap(findTestObject("Object Repository/Mobile/Page/Transaction/Button - Menubar Transaction"), 0): Tapped on element 'Object Repository/Mobile/Page/Transaction/Button - Menubar Transaction'

2021-11-17 08:28:19 - [MESSAGE][WARNING] - Timeout '0' is invalid. Using default page load timeout: '60'

2021-11-17 08:28:21 - [MESSAGE][PASSED] - Tapped on element 'Object Repository/Mobile/Page/Transaction/Button - Menubar Transaction'

2021-11-17 08:28:21 - [TEST_STEP][PASSED] - delay(1): Delayed 1 second(s)

2021-11-17 08:28:22 - [MESSAGE][PASSED] - Delayed 1 second(s)

2021-11-17 08:28:22 - [TEST_STEP][PASSED] - if (page == "onprocess"): null

2021-11-17 08:28:22 - [TEST_STEP][PASSED] - else if (page == "history"): null

2021-11-17 08:28:22 - [TEST_STEP][PASSED] - else if (page == "cart"): null

2021-11-17 08:28:22 - [TEST_STEP][PASSED] - else if (page == "notification"): Delayed 1 second(s)

2021-11-17 08:28:22 - [TEST_STEP][PASSED] - tapAndHold(findTestObject("Mobile/Page/Transaction/Button - Icon Notification"), 1, 0): Tapped and held on element 'Object Repository/Mobile/Page/Transaction/Button - Icon Notification' with duration 1

2021-11-17 08:28:22 - [MESSAGE][WARNING] - Timeout '0' is invalid. Using default page load timeout: '60'

2021-11-17 08:28:25 - [MESSAGE][PASSED] - Tapped and held on element 'Object Repository/Mobile/Page/Transaction/Button - Icon Notification' with duration 1

2021-11-17 08:28:25 - [TEST_STEP][PASSED] - delay(3): Delayed 3 second(s)

2021-11-17 08:28:28 - [MESSAGE][PASSED] - Delayed 3 second(s)

2021-11-17 08:28:28 - [TEST_STEP][PASSED] - if (action == "profile"): null

2021-11-17 08:28:28 - [TEST_STEP][PASSED] - delay(1): Delayed 1 second(s)

2021-11-17 08:28:29 - [MESSAGE][PASSED] - Delayed 1 second(s)

2021-11-17 08:28:29 - [MESSAGE][PASSED] - Call Test Case 'Test Cases/Mobile/Page/Transaction/Transaction' successfully

2021-11-17 08:28:29 - [TEST_STEP][PASSED] - callTestCase(findTestCase("Mobile/Page/Run App/Terminate App"), [:], STOP_ON_FAILURE): Call Test Case 'Test Cases/Mobile/Page/Run App/Terminate App' successfully

2021-11-17 08:28:29 - [TEST_CASE][PASSED] - Test Cases/Mobile/Page/Run App/Terminate App: Test Cases/Mobile/Page/Run App/Terminate App

2021-11-17 08:28:29 - [TEST_STEP][PASSED] - startApp.OpenApp.terminateApplication(): startApp.OpenApp.terminateApplication is PASSED

2021-11-17 08:28:32 - [MESSAGE][PASSED] - Delayed 3 second(s)

2021-11-17 08:28:32 - [MESSAGE][PASSED] - Current device physical width is 720

2021-11-17 08:28:33 - [MESSAGE][PASSED] - Current device physical height is 1423

2021-11-17 08:28:34 - [MESSAGE][PASSED] - Swiped from 360,853 to 360,142

2021-11-17 08:28:35 - [MESSAGE][PASSED] - Delayed 1 second(s)

2021-11-17 08:28:36 - [MESSAGE][PASSED] - Swiped from 360,853 to 360,142

2021-11-17 08:28:39 - [MESSAGE][PASSED] - Delayed 3 second(s)

2021-11-17 08:28:39 - [MESSAGE][PASSED] - startApp.OpenApp.terminateApplication is PASSED

2021-11-17 08:28:39 - [MESSAGE][PASSED] - Call Test Case 'Test Cases/Mobile/Page/Run App/Terminate App' successfully]]></system-out>
         <system-err><![CDATA[]]></system-err>
      </testcase>
      <testcase name="Test Cases/Mobile/Scenario/Transaction/016 - Melihat notifikasi berdasarkan kategori Transaksi" time="68.728" classname="Test Cases/Mobile/Scenario/Transaction/016 - Melihat notifikasi berdasarkan kategori Transaksi" status="PASSED">
         <system-out><![CDATA[2021-11-17 08:28:39 - [TEST_CASE][PASSED] - Test Cases/Mobile/Scenario/Transaction/016 - Melihat notifikasi berdasarkan kategori Transaksi: Test Cases/Mobile/Scenario/Transaction/016 - Melihat notifikasi berdasarkan kategori Transaksi

2021-11-17 08:28:40 - [TEST_STEP][PASSED] - callTestCase(findTestCase("Mobile/Page/Run App/Run App byID"), [:], STOP_ON_FAILURE): Call Test Case 'Test Cases/Mobile/Page/Run App/Run App byID' successfully

2021-11-17 08:28:40 - [TEST_CASE][PASSED] - Test Cases/Mobile/Page/Run App/Run App byID: Test Cases/Mobile/Page/Run App/Run App byID

2021-11-17 08:28:40 - [TEST_STEP][PASSED] - startApp.OpenApp.startApplication("com.mirae.maxfund"): startApp.OpenApp.startApplication is PASSED

2021-11-17 08:28:54 - [MESSAGE][PASSED] - Starting app with application ID: 'com.mirae.maxfund'

2021-11-17 08:28:54 - [MESSAGE][PASSED] - startApp.OpenApp.startApplication is PASSED

2021-11-17 08:28:54 - [MESSAGE][PASSED] - Call Test Case 'Test Cases/Mobile/Page/Run App/Run App byID' successfully

2021-11-17 08:28:54 - [TEST_STEP][PASSED] - callTestCase(findTestCase("Mobile/Page/Transaction/Transaction"), ["page":"notification", "tab":"transaction", "action":"detail"], CONTINUE_ON_FAILURE): Call Test Case 'Test Cases/Mobile/Page/Transaction/Transaction' successfully

2021-11-17 08:28:54 - [TEST_CASE][PASSED] - Test Cases/Mobile/Page/Transaction/Transaction: Test Cases/Mobile/Page/Transaction/Transaction

2021-11-17 08:28:54 - [TEST_STEP][PASSED] - delay(5): Delayed 5 second(s)

2021-11-17 08:28:59 - [MESSAGE][PASSED] - Delayed 5 second(s)

2021-11-17 08:28:59 - [TEST_STEP][PASSED] - loginCheck = verifyElementExist(findTestObject("Object Repository/Mobile/Page/Dashboard/Button - Login"), 2, CONTINUE_ON_FAILURE): Element 'Object Repository/Mobile/Page/Dashboard/Button - Login' is exist

2021-11-17 08:28:59 - [MESSAGE][PASSED] - Element 'Object Repository/Mobile/Page/Dashboard/Button - Login' is exist

2021-11-17 08:28:59 - [TEST_STEP][PASSED] - if (loginCheck): Call Test Case 'Test Cases/Mobile/Page/Login/Login' successfully

2021-11-17 08:28:59 - [TEST_STEP][PASSED] - callTestCase(findTestCase("Mobile/Page/Login/Login"), ["isLogin":0]): Call Test Case 'Test Cases/Mobile/Page/Login/Login' successfully

2021-11-17 08:28:59 - [TEST_CASE][PASSED] - Test Cases/Mobile/Page/Login/Login: Test Cases/Mobile/Page/Login/Login

2021-11-17 08:28:59 - [TEST_STEP][PASSED] - if (isLogin == 0): Tapped on element 'Object Repository/Mobile/Page/Dashboard/Button - Login'

2021-11-17 08:28:59 - [TEST_STEP][PASSED] - tap(findTestObject("Mobile/Page/Dashboard/Button - Login"), 0): Tapped on element 'Object Repository/Mobile/Page/Dashboard/Button - Login'

2021-11-17 08:29:00 - [MESSAGE][WARNING] - Timeout '0' is invalid. Using default page load timeout: '60'

2021-11-17 08:29:00 - [MESSAGE][PASSED] - Tapped on element 'Object Repository/Mobile/Page/Dashboard/Button - Login'

2021-11-17 08:29:00 - [TEST_STEP][PASSED] - tap(findTestObject("Mobile/Page/Login/Tap - UserID or Email"), 0): Tapped on element 'Object Repository/Mobile/Page/Login/Tap - UserID or Email'

2021-11-17 08:29:00 - [MESSAGE][WARNING] - Timeout '0' is invalid. Using default page load timeout: '60'

2021-11-17 08:29:03 - [MESSAGE][PASSED] - Tapped on element 'Object Repository/Mobile/Page/Login/Tap - UserID or Email'

2021-11-17 08:29:03 - [TEST_STEP][PASSED] - delay(3): Delayed 3 second(s)

2021-11-17 08:29:06 - [MESSAGE][PASSED] - Delayed 3 second(s)

2021-11-17 08:29:06 - [TEST_STEP][PASSED] - setText(findTestObject("Mobile/Page/Login/Input - UserID or Email"), "ady.pangerang@gmail.com", 0): Text 'ady.pangerang@gmail.com' has been set to element 'Object Repository/Mobile/Page/Login/Input - UserID or Email'

2021-11-17 08:29:06 - [MESSAGE][WARNING] - Timeout '0' is invalid. Using default page load timeout: '60'

2021-11-17 08:29:06 - [MESSAGE][PASSED] - Text 'ady.pangerang@gmail.com' has been set to element 'Object Repository/Mobile/Page/Login/Input - UserID or Email'

2021-11-17 08:29:06 - [TEST_STEP][PASSED] - delay(1): Delayed 1 second(s)

2021-11-17 08:29:07 - [MESSAGE][PASSED] - Delayed 1 second(s)

2021-11-17 08:29:07 - [TEST_STEP][PASSED] - hideKeyboard(): Keyboard is hidden

2021-11-17 08:29:11 - [MESSAGE][PASSED] - Keyboard is hidden

2021-11-17 08:29:11 - [TEST_STEP][PASSED] - delay(1): Delayed 1 second(s)

2021-11-17 08:29:12 - [MESSAGE][PASSED] - Delayed 1 second(s)

2021-11-17 08:29:12 - [TEST_STEP][PASSED] - tap(findTestObject("Mobile/Page/Login/Tap - Password 2"), 0): Tapped on element 'Object Repository/Mobile/Page/Login/Tap - Password 2'

2021-11-17 08:29:12 - [MESSAGE][WARNING] - Timeout '0' is invalid. Using default page load timeout: '60'

2021-11-17 08:29:13 - [MESSAGE][PASSED] - Tapped on element 'Object Repository/Mobile/Page/Login/Tap - Password 2'

2021-11-17 08:29:13 - [TEST_STEP][PASSED] - delay(3): Delayed 3 second(s)

2021-11-17 08:29:16 - [MESSAGE][PASSED] - Delayed 3 second(s)

2021-11-17 08:29:16 - [TEST_STEP][PASSED] - setText(findTestObject("Mobile/Page/Login/Tap - Password 2"), "Mirae1234", 0): Text 'Mirae1234' has been set to element 'Object Repository/Mobile/Page/Login/Tap - Password 2'

2021-11-17 08:29:16 - [MESSAGE][WARNING] - Timeout '0' is invalid. Using default page load timeout: '60'

2021-11-17 08:29:17 - [MESSAGE][PASSED] - Text 'Mirae1234' has been set to element 'Object Repository/Mobile/Page/Login/Tap - Password 2'

2021-11-17 08:29:17 - [TEST_STEP][PASSED] - delay(1): Delayed 1 second(s)

2021-11-17 08:29:18 - [MESSAGE][PASSED] - Delayed 1 second(s)

2021-11-17 08:29:18 - [TEST_STEP][PASSED] - hideKeyboard(): Keyboard is hidden

2021-11-17 08:29:24 - [MESSAGE][PASSED] - Keyboard is hidden

2021-11-17 08:29:24 - [TEST_STEP][PASSED] - delay(1): Delayed 1 second(s)

2021-11-17 08:29:25 - [MESSAGE][PASSED] - Delayed 1 second(s)

2021-11-17 08:29:25 - [TEST_STEP][PASSED] - tap(findTestObject("Mobile/Page/Login/Button - Sign In"), 0): Tapped on element 'Object Repository/Mobile/Page/Login/Button - Sign In'

2021-11-17 08:29:25 - [MESSAGE][WARNING] - Timeout '0' is invalid. Using default page load timeout: '60'

2021-11-17 08:29:27 - [MESSAGE][PASSED] - Tapped on element 'Object Repository/Mobile/Page/Login/Button - Sign In'

2021-11-17 08:29:27 - [MESSAGE][PASSED] - Call Test Case 'Test Cases/Mobile/Page/Login/Login' successfully

2021-11-17 08:29:27 - [TEST_STEP][PASSED] - if (page == "cart"): null

2021-11-17 08:29:27 - [TEST_STEP][PASSED] - tap(findTestObject("Object Repository/Mobile/Page/Transaction/Button - Menubar Transaction"), 0): Tapped on element 'Object Repository/Mobile/Page/Transaction/Button - Menubar Transaction'

2021-11-17 08:29:27 - [MESSAGE][WARNING] - Timeout '0' is invalid. Using default page load timeout: '60'

2021-11-17 08:29:29 - [MESSAGE][PASSED] - Tapped on element 'Object Repository/Mobile/Page/Transaction/Button - Menubar Transaction'

2021-11-17 08:29:29 - [TEST_STEP][PASSED] - delay(1): Delayed 1 second(s)

2021-11-17 08:29:30 - [MESSAGE][PASSED] - Delayed 1 second(s)

2021-11-17 08:29:30 - [TEST_STEP][PASSED] - if (page == "onprocess"): null

2021-11-17 08:29:30 - [TEST_STEP][PASSED] - else if (page == "history"): null

2021-11-17 08:29:30 - [TEST_STEP][PASSED] - else if (page == "cart"): null

2021-11-17 08:29:30 - [TEST_STEP][PASSED] - else if (page == "notification"): Delayed 1 second(s)

2021-11-17 08:29:30 - [TEST_STEP][PASSED] - tapAndHold(findTestObject("Mobile/Page/Transaction/Button - Icon Notification"), 1, 0): Tapped and held on element 'Object Repository/Mobile/Page/Transaction/Button - Icon Notification' with duration 1

2021-11-17 08:29:31 - [MESSAGE][WARNING] - Timeout '0' is invalid. Using default page load timeout: '60'

2021-11-17 08:29:34 - [MESSAGE][PASSED] - Tapped and held on element 'Object Repository/Mobile/Page/Transaction/Button - Icon Notification' with duration 1

2021-11-17 08:29:34 - [TEST_STEP][PASSED] - delay(3): Delayed 3 second(s)

2021-11-17 08:29:37 - [MESSAGE][PASSED] - Delayed 3 second(s)

2021-11-17 08:29:37 - [TEST_STEP][PASSED] - if (action == "profile"): null

2021-11-17 08:29:37 - [TEST_STEP][PASSED] - delay(1): Delayed 1 second(s)

2021-11-17 08:29:38 - [MESSAGE][PASSED] - Delayed 1 second(s)

2021-11-17 08:29:38 - [MESSAGE][PASSED] - Call Test Case 'Test Cases/Mobile/Page/Transaction/Transaction' successfully

2021-11-17 08:29:38 - [TEST_STEP][PASSED] - callTestCase(findTestCase("Mobile/Page/Run App/Terminate App"), [:], STOP_ON_FAILURE): Call Test Case 'Test Cases/Mobile/Page/Run App/Terminate App' successfully

2021-11-17 08:29:38 - [TEST_CASE][PASSED] - Test Cases/Mobile/Page/Run App/Terminate App: Test Cases/Mobile/Page/Run App/Terminate App

2021-11-17 08:29:38 - [TEST_STEP][PASSED] - startApp.OpenApp.terminateApplication(): startApp.OpenApp.terminateApplication is PASSED

2021-11-17 08:29:41 - [MESSAGE][PASSED] - Delayed 3 second(s)

2021-11-17 08:29:41 - [MESSAGE][PASSED] - Current device physical width is 720

2021-11-17 08:29:41 - [MESSAGE][PASSED] - Current device physical height is 1423

2021-11-17 08:29:43 - [MESSAGE][PASSED] - Swiped from 360,853 to 360,142

2021-11-17 08:29:44 - [MESSAGE][PASSED] - Delayed 1 second(s)

2021-11-17 08:29:45 - [MESSAGE][PASSED] - Swiped from 360,853 to 360,142

2021-11-17 08:29:48 - [MESSAGE][PASSED] - Delayed 3 second(s)

2021-11-17 08:29:48 - [MESSAGE][PASSED] - startApp.OpenApp.terminateApplication is PASSED

2021-11-17 08:29:48 - [MESSAGE][PASSED] - Call Test Case 'Test Cases/Mobile/Page/Run App/Terminate App' successfully]]></system-out>
         <system-err><![CDATA[]]></system-err>
      </testcase>
      <testcase name="Test Cases/Mobile/Scenario/Transaction/017 - Melihat notifikasi berdasarkan kategori Promo" time="70.342" classname="Test Cases/Mobile/Scenario/Transaction/017 - Melihat notifikasi berdasarkan kategori Promo" status="PASSED">
         <system-out><![CDATA[2021-11-17 08:29:48 - [TEST_CASE][PASSED] - Test Cases/Mobile/Scenario/Transaction/017 - Melihat notifikasi berdasarkan kategori Promo: Test Cases/Mobile/Scenario/Transaction/017 - Melihat notifikasi berdasarkan kategori Promo

2021-11-17 08:29:49 - [TEST_STEP][PASSED] - callTestCase(findTestCase("Mobile/Page/Run App/Run App byID"), [:], STOP_ON_FAILURE): Call Test Case 'Test Cases/Mobile/Page/Run App/Run App byID' successfully

2021-11-17 08:29:49 - [TEST_CASE][PASSED] - Test Cases/Mobile/Page/Run App/Run App byID: Test Cases/Mobile/Page/Run App/Run App byID

2021-11-17 08:29:49 - [TEST_STEP][PASSED] - startApp.OpenApp.startApplication("com.mirae.maxfund"): startApp.OpenApp.startApplication is PASSED

2021-11-17 08:30:03 - [MESSAGE][PASSED] - Starting app with application ID: 'com.mirae.maxfund'

2021-11-17 08:30:03 - [MESSAGE][PASSED] - startApp.OpenApp.startApplication is PASSED

2021-11-17 08:30:03 - [MESSAGE][PASSED] - Call Test Case 'Test Cases/Mobile/Page/Run App/Run App byID' successfully

2021-11-17 08:30:03 - [TEST_STEP][PASSED] - callTestCase(findTestCase("Mobile/Page/Transaction/Transaction"), ["page":"notification", "tab":"promo", "action":"detail"], CONTINUE_ON_FAILURE): Call Test Case 'Test Cases/Mobile/Page/Transaction/Transaction' successfully

2021-11-17 08:30:03 - [TEST_CASE][PASSED] - Test Cases/Mobile/Page/Transaction/Transaction: Test Cases/Mobile/Page/Transaction/Transaction

2021-11-17 08:30:03 - [TEST_STEP][PASSED] - delay(5): Delayed 5 second(s)

2021-11-17 08:30:08 - [MESSAGE][PASSED] - Delayed 5 second(s)

2021-11-17 08:30:08 - [TEST_STEP][PASSED] - loginCheck = verifyElementExist(findTestObject("Object Repository/Mobile/Page/Dashboard/Button - Login"), 2, CONTINUE_ON_FAILURE): Element 'Object Repository/Mobile/Page/Dashboard/Button - Login' is exist

2021-11-17 08:30:08 - [MESSAGE][PASSED] - Element 'Object Repository/Mobile/Page/Dashboard/Button - Login' is exist

2021-11-17 08:30:08 - [TEST_STEP][PASSED] - if (loginCheck): Call Test Case 'Test Cases/Mobile/Page/Login/Login' successfully

2021-11-17 08:30:08 - [TEST_STEP][PASSED] - callTestCase(findTestCase("Mobile/Page/Login/Login"), ["isLogin":0]): Call Test Case 'Test Cases/Mobile/Page/Login/Login' successfully

2021-11-17 08:30:08 - [TEST_CASE][PASSED] - Test Cases/Mobile/Page/Login/Login: Test Cases/Mobile/Page/Login/Login

2021-11-17 08:30:08 - [TEST_STEP][PASSED] - if (isLogin == 0): Tapped on element 'Object Repository/Mobile/Page/Dashboard/Button - Login'

2021-11-17 08:30:08 - [TEST_STEP][PASSED] - tap(findTestObject("Mobile/Page/Dashboard/Button - Login"), 0): Tapped on element 'Object Repository/Mobile/Page/Dashboard/Button - Login'

2021-11-17 08:30:08 - [MESSAGE][WARNING] - Timeout '0' is invalid. Using default page load timeout: '60'

2021-11-17 08:30:09 - [MESSAGE][PASSED] - Tapped on element 'Object Repository/Mobile/Page/Dashboard/Button - Login'

2021-11-17 08:30:09 - [TEST_STEP][PASSED] - tap(findTestObject("Mobile/Page/Login/Tap - UserID or Email"), 0): Tapped on element 'Object Repository/Mobile/Page/Login/Tap - UserID or Email'

2021-11-17 08:30:09 - [MESSAGE][WARNING] - Timeout '0' is invalid. Using default page load timeout: '60'

2021-11-17 08:30:10 - [MESSAGE][PASSED] - Tapped on element 'Object Repository/Mobile/Page/Login/Tap - UserID or Email'

2021-11-17 08:30:10 - [TEST_STEP][PASSED] - delay(3): Delayed 3 second(s)

2021-11-17 08:30:13 - [MESSAGE][PASSED] - Delayed 3 second(s)

2021-11-17 08:30:13 - [TEST_STEP][PASSED] - setText(findTestObject("Mobile/Page/Login/Input - UserID or Email"), "ady.pangerang@gmail.com", 0): Text 'ady.pangerang@gmail.com' has been set to element 'Object Repository/Mobile/Page/Login/Input - UserID or Email'

2021-11-17 08:30:14 - [MESSAGE][WARNING] - Timeout '0' is invalid. Using default page load timeout: '60'

2021-11-17 08:30:14 - [MESSAGE][PASSED] - Text 'ady.pangerang@gmail.com' has been set to element 'Object Repository/Mobile/Page/Login/Input - UserID or Email'

2021-11-17 08:30:14 - [TEST_STEP][PASSED] - delay(1): Delayed 1 second(s)

2021-11-17 08:30:15 - [MESSAGE][PASSED] - Delayed 1 second(s)

2021-11-17 08:30:15 - [TEST_STEP][PASSED] - hideKeyboard(): Keyboard is hidden

2021-11-17 08:30:19 - [MESSAGE][PASSED] - Keyboard is hidden

2021-11-17 08:30:19 - [TEST_STEP][PASSED] - delay(1): Delayed 1 second(s)

2021-11-17 08:30:20 - [MESSAGE][PASSED] - Delayed 1 second(s)

2021-11-17 08:30:20 - [TEST_STEP][PASSED] - tap(findTestObject("Mobile/Page/Login/Tap - Password 2"), 0): Tapped on element 'Object Repository/Mobile/Page/Login/Tap - Password 2'

2021-11-17 08:30:20 - [MESSAGE][WARNING] - Timeout '0' is invalid. Using default page load timeout: '60'

2021-11-17 08:30:21 - [MESSAGE][PASSED] - Tapped on element 'Object Repository/Mobile/Page/Login/Tap - Password 2'

2021-11-17 08:30:21 - [TEST_STEP][PASSED] - delay(3): Delayed 3 second(s)

2021-11-17 08:30:24 - [MESSAGE][PASSED] - Delayed 3 second(s)

2021-11-17 08:30:24 - [TEST_STEP][PASSED] - setText(findTestObject("Mobile/Page/Login/Tap - Password 2"), "Mirae1234", 0): Text 'Mirae1234' has been set to element 'Object Repository/Mobile/Page/Login/Tap - Password 2'

2021-11-17 08:30:24 - [MESSAGE][WARNING] - Timeout '0' is invalid. Using default page load timeout: '60'

2021-11-17 08:30:25 - [MESSAGE][PASSED] - Text 'Mirae1234' has been set to element 'Object Repository/Mobile/Page/Login/Tap - Password 2'

2021-11-17 08:30:25 - [TEST_STEP][PASSED] - delay(1): Delayed 1 second(s)

2021-11-17 08:30:26 - [MESSAGE][PASSED] - Delayed 1 second(s)

2021-11-17 08:30:26 - [TEST_STEP][PASSED] - hideKeyboard(): Keyboard is hidden

2021-11-17 08:30:32 - [MESSAGE][PASSED] - Keyboard is hidden

2021-11-17 08:30:32 - [TEST_STEP][PASSED] - delay(1): Delayed 1 second(s)

2021-11-17 08:30:33 - [MESSAGE][PASSED] - Delayed 1 second(s)

2021-11-17 08:30:33 - [TEST_STEP][PASSED] - tap(findTestObject("Mobile/Page/Login/Button - Sign In"), 0): Tapped on element 'Object Repository/Mobile/Page/Login/Button - Sign In'

2021-11-17 08:30:34 - [MESSAGE][WARNING] - Timeout '0' is invalid. Using default page load timeout: '60'

2021-11-17 08:30:35 - [MESSAGE][PASSED] - Tapped on element 'Object Repository/Mobile/Page/Login/Button - Sign In'

2021-11-17 08:30:35 - [MESSAGE][PASSED] - Call Test Case 'Test Cases/Mobile/Page/Login/Login' successfully

2021-11-17 08:30:35 - [TEST_STEP][PASSED] - if (page == "cart"): null

2021-11-17 08:30:35 - [TEST_STEP][PASSED] - tap(findTestObject("Object Repository/Mobile/Page/Transaction/Button - Menubar Transaction"), 0): Tapped on element 'Object Repository/Mobile/Page/Transaction/Button - Menubar Transaction'

2021-11-17 08:30:35 - [MESSAGE][WARNING] - Timeout '0' is invalid. Using default page load timeout: '60'

2021-11-17 08:30:40 - [MESSAGE][PASSED] - Tapped on element 'Object Repository/Mobile/Page/Transaction/Button - Menubar Transaction'

2021-11-17 08:30:40 - [TEST_STEP][PASSED] - delay(1): Delayed 1 second(s)

2021-11-17 08:30:41 - [MESSAGE][PASSED] - Delayed 1 second(s)

2021-11-17 08:30:41 - [TEST_STEP][PASSED] - if (page == "onprocess"): null

2021-11-17 08:30:41 - [TEST_STEP][PASSED] - else if (page == "history"): null

2021-11-17 08:30:41 - [TEST_STEP][PASSED] - else if (page == "cart"): null

2021-11-17 08:30:41 - [TEST_STEP][PASSED] - else if (page == "notification"): Delayed 1 second(s)

2021-11-17 08:30:41 - [TEST_STEP][PASSED] - tapAndHold(findTestObject("Mobile/Page/Transaction/Button - Icon Notification"), 1, 0): Tapped and held on element 'Object Repository/Mobile/Page/Transaction/Button - Icon Notification' with duration 1

2021-11-17 08:30:41 - [MESSAGE][WARNING] - Timeout '0' is invalid. Using default page load timeout: '60'

2021-11-17 08:30:44 - [MESSAGE][PASSED] - Tapped and held on element 'Object Repository/Mobile/Page/Transaction/Button - Icon Notification' with duration 1

2021-11-17 08:30:44 - [TEST_STEP][PASSED] - delay(3): Delayed 3 second(s)

2021-11-17 08:30:47 - [MESSAGE][PASSED] - Delayed 3 second(s)

2021-11-17 08:30:47 - [TEST_STEP][PASSED] - if (action == "profile"): null

2021-11-17 08:30:47 - [TEST_STEP][PASSED] - delay(1): Delayed 1 second(s)

2021-11-17 08:30:48 - [MESSAGE][PASSED] - Delayed 1 second(s)

2021-11-17 08:30:48 - [MESSAGE][PASSED] - Call Test Case 'Test Cases/Mobile/Page/Transaction/Transaction' successfully

2021-11-17 08:30:48 - [TEST_STEP][PASSED] - callTestCase(findTestCase("Mobile/Page/Run App/Terminate App"), [:], STOP_ON_FAILURE): Call Test Case 'Test Cases/Mobile/Page/Run App/Terminate App' successfully

2021-11-17 08:30:48 - [TEST_CASE][PASSED] - Test Cases/Mobile/Page/Run App/Terminate App: Test Cases/Mobile/Page/Run App/Terminate App

2021-11-17 08:30:48 - [TEST_STEP][PASSED] - startApp.OpenApp.terminateApplication(): startApp.OpenApp.terminateApplication is PASSED

2021-11-17 08:30:51 - [MESSAGE][PASSED] - Delayed 3 second(s)

2021-11-17 08:30:51 - [MESSAGE][PASSED] - Current device physical width is 720

2021-11-17 08:30:52 - [MESSAGE][PASSED] - Current device physical height is 1423

2021-11-17 08:30:53 - [MESSAGE][PASSED] - Swiped from 360,853 to 360,142

2021-11-17 08:30:54 - [MESSAGE][PASSED] - Delayed 1 second(s)

2021-11-17 08:30:56 - [MESSAGE][PASSED] - Swiped from 360,853 to 360,142

2021-11-17 08:30:59 - [MESSAGE][PASSED] - Delayed 3 second(s)

2021-11-17 08:30:59 - [MESSAGE][PASSED] - startApp.OpenApp.terminateApplication is PASSED

2021-11-17 08:30:59 - [MESSAGE][PASSED] - Call Test Case 'Test Cases/Mobile/Page/Run App/Terminate App' successfully]]></system-out>
         <system-err><![CDATA[]]></system-err>
      </testcase>
      <testcase name="Test Cases/Mobile/Scenario/Transaction/018 - Melihat notifikasi berdasarkan kategori Event" time="68.377" classname="Test Cases/Mobile/Scenario/Transaction/018 - Melihat notifikasi berdasarkan kategori Event" status="PASSED">
         <system-out><![CDATA[2021-11-17 08:30:59 - [TEST_CASE][PASSED] - Test Cases/Mobile/Scenario/Transaction/018 - Melihat notifikasi berdasarkan kategori Event: Test Cases/Mobile/Scenario/Transaction/018 - Melihat notifikasi berdasarkan kategori Event

2021-11-17 08:30:59 - [TEST_STEP][PASSED] - callTestCase(findTestCase("Mobile/Page/Run App/Run App byID"), [:], STOP_ON_FAILURE): Call Test Case 'Test Cases/Mobile/Page/Run App/Run App byID' successfully

2021-11-17 08:30:59 - [TEST_CASE][PASSED] - Test Cases/Mobile/Page/Run App/Run App byID: Test Cases/Mobile/Page/Run App/Run App byID

2021-11-17 08:30:59 - [TEST_STEP][PASSED] - startApp.OpenApp.startApplication("com.mirae.maxfund"): startApp.OpenApp.startApplication is PASSED

2021-11-17 08:31:13 - [MESSAGE][PASSED] - Starting app with application ID: 'com.mirae.maxfund'

2021-11-17 08:31:13 - [MESSAGE][PASSED] - startApp.OpenApp.startApplication is PASSED

2021-11-17 08:31:13 - [MESSAGE][PASSED] - Call Test Case 'Test Cases/Mobile/Page/Run App/Run App byID' successfully

2021-11-17 08:31:13 - [TEST_STEP][PASSED] - callTestCase(findTestCase("Mobile/Page/Transaction/Transaction"), ["page":"notification", "tab":"event", "action":"detail"], CONTINUE_ON_FAILURE): Call Test Case 'Test Cases/Mobile/Page/Transaction/Transaction' successfully

2021-11-17 08:31:13 - [TEST_CASE][PASSED] - Test Cases/Mobile/Page/Transaction/Transaction: Test Cases/Mobile/Page/Transaction/Transaction

2021-11-17 08:31:13 - [TEST_STEP][PASSED] - delay(5): Delayed 5 second(s)

2021-11-17 08:31:18 - [MESSAGE][PASSED] - Delayed 5 second(s)

2021-11-17 08:31:18 - [TEST_STEP][PASSED] - loginCheck = verifyElementExist(findTestObject("Object Repository/Mobile/Page/Dashboard/Button - Login"), 2, CONTINUE_ON_FAILURE): Element 'Object Repository/Mobile/Page/Dashboard/Button - Login' is exist

2021-11-17 08:31:19 - [MESSAGE][PASSED] - Element 'Object Repository/Mobile/Page/Dashboard/Button - Login' is exist

2021-11-17 08:31:19 - [TEST_STEP][PASSED] - if (loginCheck): Call Test Case 'Test Cases/Mobile/Page/Login/Login' successfully

2021-11-17 08:31:19 - [TEST_STEP][PASSED] - callTestCase(findTestCase("Mobile/Page/Login/Login"), ["isLogin":0]): Call Test Case 'Test Cases/Mobile/Page/Login/Login' successfully

2021-11-17 08:31:19 - [TEST_CASE][PASSED] - Test Cases/Mobile/Page/Login/Login: Test Cases/Mobile/Page/Login/Login

2021-11-17 08:31:19 - [TEST_STEP][PASSED] - if (isLogin == 0): Tapped on element 'Object Repository/Mobile/Page/Dashboard/Button - Login'

2021-11-17 08:31:19 - [TEST_STEP][PASSED] - tap(findTestObject("Mobile/Page/Dashboard/Button - Login"), 0): Tapped on element 'Object Repository/Mobile/Page/Dashboard/Button - Login'

2021-11-17 08:31:19 - [MESSAGE][WARNING] - Timeout '0' is invalid. Using default page load timeout: '60'

2021-11-17 08:31:20 - [MESSAGE][PASSED] - Tapped on element 'Object Repository/Mobile/Page/Dashboard/Button - Login'

2021-11-17 08:31:20 - [TEST_STEP][PASSED] - tap(findTestObject("Mobile/Page/Login/Tap - UserID or Email"), 0): Tapped on element 'Object Repository/Mobile/Page/Login/Tap - UserID or Email'

2021-11-17 08:31:20 - [MESSAGE][WARNING] - Timeout '0' is invalid. Using default page load timeout: '60'

2021-11-17 08:31:22 - [MESSAGE][PASSED] - Tapped on element 'Object Repository/Mobile/Page/Login/Tap - UserID or Email'

2021-11-17 08:31:22 - [TEST_STEP][PASSED] - delay(3): Delayed 3 second(s)

2021-11-17 08:31:25 - [MESSAGE][PASSED] - Delayed 3 second(s)

2021-11-17 08:31:25 - [TEST_STEP][PASSED] - setText(findTestObject("Mobile/Page/Login/Input - UserID or Email"), "ady.pangerang@gmail.com", 0): Text 'ady.pangerang@gmail.com' has been set to element 'Object Repository/Mobile/Page/Login/Input - UserID or Email'

2021-11-17 08:31:25 - [MESSAGE][WARNING] - Timeout '0' is invalid. Using default page load timeout: '60'

2021-11-17 08:31:25 - [MESSAGE][PASSED] - Text 'ady.pangerang@gmail.com' has been set to element 'Object Repository/Mobile/Page/Login/Input - UserID or Email'

2021-11-17 08:31:25 - [TEST_STEP][PASSED] - delay(1): Delayed 1 second(s)

2021-11-17 08:31:26 - [MESSAGE][PASSED] - Delayed 1 second(s)

2021-11-17 08:31:26 - [TEST_STEP][PASSED] - hideKeyboard(): Keyboard is hidden

2021-11-17 08:31:30 - [MESSAGE][PASSED] - Keyboard is hidden

2021-11-17 08:31:30 - [TEST_STEP][PASSED] - delay(1): Delayed 1 second(s)

2021-11-17 08:31:31 - [MESSAGE][PASSED] - Delayed 1 second(s)

2021-11-17 08:31:31 - [TEST_STEP][PASSED] - tap(findTestObject("Mobile/Page/Login/Tap - Password 2"), 0): Tapped on element 'Object Repository/Mobile/Page/Login/Tap - Password 2'

2021-11-17 08:31:31 - [MESSAGE][WARNING] - Timeout '0' is invalid. Using default page load timeout: '60'

2021-11-17 08:31:32 - [MESSAGE][PASSED] - Tapped on element 'Object Repository/Mobile/Page/Login/Tap - Password 2'

2021-11-17 08:31:32 - [TEST_STEP][PASSED] - delay(3): Delayed 3 second(s)

2021-11-17 08:31:35 - [MESSAGE][PASSED] - Delayed 3 second(s)

2021-11-17 08:31:35 - [TEST_STEP][PASSED] - setText(findTestObject("Mobile/Page/Login/Tap - Password 2"), "Mirae1234", 0): Text 'Mirae1234' has been set to element 'Object Repository/Mobile/Page/Login/Tap - Password 2'

2021-11-17 08:31:35 - [MESSAGE][WARNING] - Timeout '0' is invalid. Using default page load timeout: '60'

2021-11-17 08:31:35 - [MESSAGE][PASSED] - Text 'Mirae1234' has been set to element 'Object Repository/Mobile/Page/Login/Tap - Password 2'

2021-11-17 08:31:35 - [TEST_STEP][PASSED] - delay(1): Delayed 1 second(s)

2021-11-17 08:31:36 - [MESSAGE][PASSED] - Delayed 1 second(s)

2021-11-17 08:31:36 - [TEST_STEP][PASSED] - hideKeyboard(): Keyboard is hidden

2021-11-17 08:31:43 - [MESSAGE][PASSED] - Keyboard is hidden

2021-11-17 08:31:43 - [TEST_STEP][PASSED] - delay(1): Delayed 1 second(s)

2021-11-17 08:31:44 - [MESSAGE][PASSED] - Delayed 1 second(s)

2021-11-17 08:31:44 - [TEST_STEP][PASSED] - tap(findTestObject("Mobile/Page/Login/Button - Sign In"), 0): Tapped on element 'Object Repository/Mobile/Page/Login/Button - Sign In'

2021-11-17 08:31:44 - [MESSAGE][WARNING] - Timeout '0' is invalid. Using default page load timeout: '60'

2021-11-17 08:31:45 - [MESSAGE][PASSED] - Tapped on element 'Object Repository/Mobile/Page/Login/Button - Sign In'

2021-11-17 08:31:45 - [MESSAGE][PASSED] - Call Test Case 'Test Cases/Mobile/Page/Login/Login' successfully

2021-11-17 08:31:45 - [TEST_STEP][PASSED] - if (page == "cart"): null

2021-11-17 08:31:45 - [TEST_STEP][PASSED] - tap(findTestObject("Object Repository/Mobile/Page/Transaction/Button - Menubar Transaction"), 0): Tapped on element 'Object Repository/Mobile/Page/Transaction/Button - Menubar Transaction'

2021-11-17 08:31:45 - [MESSAGE][WARNING] - Timeout '0' is invalid. Using default page load timeout: '60'

2021-11-17 08:31:48 - [MESSAGE][PASSED] - Tapped on element 'Object Repository/Mobile/Page/Transaction/Button - Menubar Transaction'

2021-11-17 08:31:48 - [TEST_STEP][PASSED] - delay(1): Delayed 1 second(s)

2021-11-17 08:31:49 - [MESSAGE][PASSED] - Delayed 1 second(s)

2021-11-17 08:31:49 - [TEST_STEP][PASSED] - if (page == "onprocess"): null

2021-11-17 08:31:49 - [TEST_STEP][PASSED] - else if (page == "history"): null

2021-11-17 08:31:49 - [TEST_STEP][PASSED] - else if (page == "cart"): null

2021-11-17 08:31:49 - [TEST_STEP][PASSED] - else if (page == "notification"): Delayed 1 second(s)

2021-11-17 08:31:49 - [TEST_STEP][PASSED] - tapAndHold(findTestObject("Mobile/Page/Transaction/Button - Icon Notification"), 1, 0): Tapped and held on element 'Object Repository/Mobile/Page/Transaction/Button - Icon Notification' with duration 1

2021-11-17 08:31:49 - [MESSAGE][WARNING] - Timeout '0' is invalid. Using default page load timeout: '60'

2021-11-17 08:31:52 - [MESSAGE][PASSED] - Tapped and held on element 'Object Repository/Mobile/Page/Transaction/Button - Icon Notification' with duration 1

2021-11-17 08:31:52 - [TEST_STEP][PASSED] - delay(3): Delayed 3 second(s)

2021-11-17 08:31:55 - [MESSAGE][PASSED] - Delayed 3 second(s)

2021-11-17 08:31:55 - [TEST_STEP][PASSED] - if (action == "profile"): null

2021-11-17 08:31:55 - [TEST_STEP][PASSED] - delay(1): Delayed 1 second(s)

2021-11-17 08:31:56 - [MESSAGE][PASSED] - Delayed 1 second(s)

2021-11-17 08:31:56 - [MESSAGE][PASSED] - Call Test Case 'Test Cases/Mobile/Page/Transaction/Transaction' successfully

2021-11-17 08:31:56 - [TEST_STEP][PASSED] - callTestCase(findTestCase("Mobile/Page/Run App/Terminate App"), [:], STOP_ON_FAILURE): Call Test Case 'Test Cases/Mobile/Page/Run App/Terminate App' successfully

2021-11-17 08:31:56 - [TEST_CASE][PASSED] - Test Cases/Mobile/Page/Run App/Terminate App: Test Cases/Mobile/Page/Run App/Terminate App

2021-11-17 08:31:56 - [TEST_STEP][PASSED] - startApp.OpenApp.terminateApplication(): startApp.OpenApp.terminateApplication is PASSED

2021-11-17 08:32:00 - [MESSAGE][PASSED] - Delayed 3 second(s)

2021-11-17 08:32:00 - [MESSAGE][PASSED] - Current device physical width is 720

2021-11-17 08:32:00 - [MESSAGE][PASSED] - Current device physical height is 1423

2021-11-17 08:32:02 - [MESSAGE][PASSED] - Swiped from 360,853 to 360,142

2021-11-17 08:32:03 - [MESSAGE][PASSED] - Delayed 1 second(s)

2021-11-17 08:32:04 - [MESSAGE][PASSED] - Swiped from 360,853 to 360,142

2021-11-17 08:32:07 - [MESSAGE][PASSED] - Delayed 3 second(s)

2021-11-17 08:32:07 - [MESSAGE][PASSED] - startApp.OpenApp.terminateApplication is PASSED

2021-11-17 08:32:07 - [MESSAGE][PASSED] - Call Test Case 'Test Cases/Mobile/Page/Run App/Terminate App' successfully]]></system-out>
         <system-err><![CDATA[]]></system-err>
      </testcase>
      <testcase name="Test Cases/Mobile/Scenario/Transaction/019 - Melihat notifikasi berdasarkan kategori Tips" time="72.573" classname="Test Cases/Mobile/Scenario/Transaction/019 - Melihat notifikasi berdasarkan kategori Tips" status="PASSED">
         <system-out><![CDATA[2021-11-17 08:32:07 - [TEST_CASE][PASSED] - Test Cases/Mobile/Scenario/Transaction/019 - Melihat notifikasi berdasarkan kategori Tips: Test Cases/Mobile/Scenario/Transaction/019 - Melihat notifikasi berdasarkan kategori Tips

2021-11-17 08:32:08 - [TEST_STEP][PASSED] - callTestCase(findTestCase("Mobile/Page/Run App/Run App byID"), [:], STOP_ON_FAILURE): Call Test Case 'Test Cases/Mobile/Page/Run App/Run App byID' successfully

2021-11-17 08:32:08 - [TEST_CASE][PASSED] - Test Cases/Mobile/Page/Run App/Run App byID: Test Cases/Mobile/Page/Run App/Run App byID

2021-11-17 08:32:08 - [TEST_STEP][PASSED] - startApp.OpenApp.startApplication("com.mirae.maxfund"): startApp.OpenApp.startApplication is PASSED

2021-11-17 08:32:21 - [MESSAGE][PASSED] - Starting app with application ID: 'com.mirae.maxfund'

2021-11-17 08:32:21 - [MESSAGE][PASSED] - startApp.OpenApp.startApplication is PASSED

2021-11-17 08:32:21 - [MESSAGE][PASSED] - Call Test Case 'Test Cases/Mobile/Page/Run App/Run App byID' successfully

2021-11-17 08:32:21 - [TEST_STEP][PASSED] - callTestCase(findTestCase("Mobile/Page/Transaction/Transaction"), ["page":"notification", "tab":"tips", "action":"detail"], CONTINUE_ON_FAILURE): Call Test Case 'Test Cases/Mobile/Page/Transaction/Transaction' successfully

2021-11-17 08:32:21 - [TEST_CASE][PASSED] - Test Cases/Mobile/Page/Transaction/Transaction: Test Cases/Mobile/Page/Transaction/Transaction

2021-11-17 08:32:21 - [TEST_STEP][PASSED] - delay(5): Delayed 5 second(s)

2021-11-17 08:32:26 - [MESSAGE][PASSED] - Delayed 5 second(s)

2021-11-17 08:32:26 - [TEST_STEP][PASSED] - loginCheck = verifyElementExist(findTestObject("Object Repository/Mobile/Page/Dashboard/Button - Login"), 2, CONTINUE_ON_FAILURE): Element 'Object Repository/Mobile/Page/Dashboard/Button - Login' is exist

2021-11-17 08:32:27 - [MESSAGE][PASSED] - Element 'Object Repository/Mobile/Page/Dashboard/Button - Login' is exist

2021-11-17 08:32:27 - [TEST_STEP][PASSED] - if (loginCheck): Call Test Case 'Test Cases/Mobile/Page/Login/Login' successfully

2021-11-17 08:32:27 - [TEST_STEP][PASSED] - callTestCase(findTestCase("Mobile/Page/Login/Login"), ["isLogin":0]): Call Test Case 'Test Cases/Mobile/Page/Login/Login' successfully

2021-11-17 08:32:27 - [TEST_CASE][PASSED] - Test Cases/Mobile/Page/Login/Login: Test Cases/Mobile/Page/Login/Login

2021-11-17 08:32:27 - [TEST_STEP][PASSED] - if (isLogin == 0): Tapped on element 'Object Repository/Mobile/Page/Dashboard/Button - Login'

2021-11-17 08:32:27 - [TEST_STEP][PASSED] - tap(findTestObject("Mobile/Page/Dashboard/Button - Login"), 0): Tapped on element 'Object Repository/Mobile/Page/Dashboard/Button - Login'

2021-11-17 08:32:27 - [MESSAGE][WARNING] - Timeout '0' is invalid. Using default page load timeout: '60'

2021-11-17 08:32:28 - [MESSAGE][PASSED] - Tapped on element 'Object Repository/Mobile/Page/Dashboard/Button - Login'

2021-11-17 08:32:28 - [TEST_STEP][PASSED] - tap(findTestObject("Mobile/Page/Login/Tap - UserID or Email"), 0): Tapped on element 'Object Repository/Mobile/Page/Login/Tap - UserID or Email'

2021-11-17 08:32:28 - [MESSAGE][WARNING] - Timeout '0' is invalid. Using default page load timeout: '60'

2021-11-17 08:32:30 - [MESSAGE][PASSED] - Tapped on element 'Object Repository/Mobile/Page/Login/Tap - UserID or Email'

2021-11-17 08:32:30 - [TEST_STEP][PASSED] - delay(3): Delayed 3 second(s)

2021-11-17 08:32:33 - [MESSAGE][PASSED] - Delayed 3 second(s)

2021-11-17 08:32:33 - [TEST_STEP][PASSED] - setText(findTestObject("Mobile/Page/Login/Input - UserID or Email"), "ady.pangerang@gmail.com", 0): Text 'ady.pangerang@gmail.com' has been set to element 'Object Repository/Mobile/Page/Login/Input - UserID or Email'

2021-11-17 08:32:33 - [MESSAGE][WARNING] - Timeout '0' is invalid. Using default page load timeout: '60'

2021-11-17 08:32:33 - [MESSAGE][PASSED] - Text 'ady.pangerang@gmail.com' has been set to element 'Object Repository/Mobile/Page/Login/Input - UserID or Email'

2021-11-17 08:32:33 - [TEST_STEP][PASSED] - delay(1): Delayed 1 second(s)

2021-11-17 08:32:34 - [MESSAGE][PASSED] - Delayed 1 second(s)

2021-11-17 08:32:34 - [TEST_STEP][PASSED] - hideKeyboard(): Keyboard is hidden

2021-11-17 08:32:41 - [MESSAGE][PASSED] - Keyboard is hidden

2021-11-17 08:32:41 - [TEST_STEP][PASSED] - delay(1): Delayed 1 second(s)

2021-11-17 08:32:42 - [MESSAGE][PASSED] - Delayed 1 second(s)

2021-11-17 08:32:42 - [TEST_STEP][PASSED] - tap(findTestObject("Mobile/Page/Login/Tap - Password 2"), 0): Tapped on element 'Object Repository/Mobile/Page/Login/Tap - Password 2'

2021-11-17 08:32:42 - [MESSAGE][WARNING] - Timeout '0' is invalid. Using default page load timeout: '60'

2021-11-17 08:32:43 - [MESSAGE][PASSED] - Tapped on element 'Object Repository/Mobile/Page/Login/Tap - Password 2'

2021-11-17 08:32:43 - [TEST_STEP][PASSED] - delay(3): Delayed 3 second(s)

2021-11-17 08:32:46 - [MESSAGE][PASSED] - Delayed 3 second(s)

2021-11-17 08:32:46 - [TEST_STEP][PASSED] - setText(findTestObject("Mobile/Page/Login/Tap - Password 2"), "Mirae1234", 0): Text 'Mirae1234' has been set to element 'Object Repository/Mobile/Page/Login/Tap - Password 2'

2021-11-17 08:32:46 - [MESSAGE][WARNING] - Timeout '0' is invalid. Using default page load timeout: '60'

2021-11-17 08:32:47 - [MESSAGE][PASSED] - Text 'Mirae1234' has been set to element 'Object Repository/Mobile/Page/Login/Tap - Password 2'

2021-11-17 08:32:47 - [TEST_STEP][PASSED] - delay(1): Delayed 1 second(s)

2021-11-17 08:32:48 - [MESSAGE][PASSED] - Delayed 1 second(s)

2021-11-17 08:32:48 - [TEST_STEP][PASSED] - hideKeyboard(): Keyboard is hidden

2021-11-17 08:32:55 - [MESSAGE][PASSED] - Keyboard is hidden

2021-11-17 08:32:55 - [TEST_STEP][PASSED] - delay(1): Delayed 1 second(s)

2021-11-17 08:32:56 - [MESSAGE][PASSED] - Delayed 1 second(s)

2021-11-17 08:32:56 - [TEST_STEP][PASSED] - tap(findTestObject("Mobile/Page/Login/Button - Sign In"), 0): Tapped on element 'Object Repository/Mobile/Page/Login/Button - Sign In'

2021-11-17 08:32:56 - [MESSAGE][WARNING] - Timeout '0' is invalid. Using default page load timeout: '60'

2021-11-17 08:32:56 - [MESSAGE][PASSED] - Tapped on element 'Object Repository/Mobile/Page/Login/Button - Sign In'

2021-11-17 08:32:56 - [MESSAGE][PASSED] - Call Test Case 'Test Cases/Mobile/Page/Login/Login' successfully

2021-11-17 08:32:56 - [TEST_STEP][PASSED] - if (page == "cart"): null

2021-11-17 08:32:56 - [TEST_STEP][PASSED] - tap(findTestObject("Object Repository/Mobile/Page/Transaction/Button - Menubar Transaction"), 0): Tapped on element 'Object Repository/Mobile/Page/Transaction/Button - Menubar Transaction'

2021-11-17 08:32:57 - [MESSAGE][WARNING] - Timeout '0' is invalid. Using default page load timeout: '60'

2021-11-17 08:33:00 - [MESSAGE][PASSED] - Tapped on element 'Object Repository/Mobile/Page/Transaction/Button - Menubar Transaction'

2021-11-17 08:33:00 - [TEST_STEP][PASSED] - delay(1): Delayed 1 second(s)

2021-11-17 08:33:01 - [MESSAGE][PASSED] - Delayed 1 second(s)

2021-11-17 08:33:01 - [TEST_STEP][PASSED] - if (page == "onprocess"): null

2021-11-17 08:33:01 - [TEST_STEP][PASSED] - else if (page == "history"): null

2021-11-17 08:33:01 - [TEST_STEP][PASSED] - else if (page == "cart"): null

2021-11-17 08:33:01 - [TEST_STEP][PASSED] - else if (page == "notification"): Delayed 1 second(s)

2021-11-17 08:33:01 - [TEST_STEP][PASSED] - tapAndHold(findTestObject("Mobile/Page/Transaction/Button - Icon Notification"), 1, 0): Tapped and held on element 'Object Repository/Mobile/Page/Transaction/Button - Icon Notification' with duration 1

2021-11-17 08:33:01 - [MESSAGE][WARNING] - Timeout '0' is invalid. Using default page load timeout: '60'

2021-11-17 08:33:05 - [MESSAGE][PASSED] - Tapped and held on element 'Object Repository/Mobile/Page/Transaction/Button - Icon Notification' with duration 1

2021-11-17 08:33:05 - [TEST_STEP][PASSED] - delay(3): Delayed 3 second(s)

2021-11-17 08:33:08 - [MESSAGE][PASSED] - Delayed 3 second(s)

2021-11-17 08:33:08 - [TEST_STEP][PASSED] - if (action == "profile"): null

2021-11-17 08:33:08 - [TEST_STEP][PASSED] - delay(1): Delayed 1 second(s)

2021-11-17 08:33:09 - [MESSAGE][PASSED] - Delayed 1 second(s)

2021-11-17 08:33:09 - [MESSAGE][PASSED] - Call Test Case 'Test Cases/Mobile/Page/Transaction/Transaction' successfully

2021-11-17 08:33:09 - [TEST_STEP][PASSED] - callTestCase(findTestCase("Mobile/Page/Run App/Terminate App"), [:], STOP_ON_FAILURE): Call Test Case 'Test Cases/Mobile/Page/Run App/Terminate App' successfully

2021-11-17 08:33:09 - [TEST_CASE][PASSED] - Test Cases/Mobile/Page/Run App/Terminate App: Test Cases/Mobile/Page/Run App/Terminate App

2021-11-17 08:33:09 - [TEST_STEP][PASSED] - startApp.OpenApp.terminateApplication(): startApp.OpenApp.terminateApplication is PASSED

2021-11-17 08:33:12 - [MESSAGE][PASSED] - Delayed 3 second(s)

2021-11-17 08:33:12 - [MESSAGE][PASSED] - Current device physical width is 720

2021-11-17 08:33:13 - [MESSAGE][PASSED] - Current device physical height is 1423

2021-11-17 08:33:14 - [MESSAGE][PASSED] - Swiped from 360,853 to 360,142

2021-11-17 08:33:15 - [MESSAGE][PASSED] - Delayed 1 second(s)

2021-11-17 08:33:17 - [MESSAGE][PASSED] - Swiped from 360,853 to 360,142

2021-11-17 08:33:20 - [MESSAGE][PASSED] - Delayed 3 second(s)

2021-11-17 08:33:20 - [MESSAGE][PASSED] - startApp.OpenApp.terminateApplication is PASSED

2021-11-17 08:33:20 - [MESSAGE][PASSED] - Call Test Case 'Test Cases/Mobile/Page/Run App/Terminate App' successfully]]></system-out>
         <system-err><![CDATA[]]></system-err>
      </testcase>
      <testcase name="Test Cases/Mobile/Scenario/Transaction/020 - Beli reksa dana melalui keranjang menggunakan Rekening Data Nasabah" time="148.59" classname="Test Cases/Mobile/Scenario/Transaction/020 - Beli reksa dana melalui keranjang menggunakan Rekening Data Nasabah" status="FAILED">
         <failure type="FAILED" message="Test Cases/Mobile/Scenario/Transaction/020 - Beli reksa dana melalui keranjang menggunakan Rekening Data Nasabah FAILED.
Reason:
com.kms.katalon.core.exception.StepFailedException: Call Test Case 'Test Cases/Mobile/Page/Transaction/Transaction' failed
	at com.kms.katalon.core.keyword.builtin.CallTestCaseKeyword$_callTestCase_closure1.doCall(CallTestCaseKeyword.groovy:63)
	at com.kms.katalon.core.keyword.builtin.CallTestCaseKeyword$_callTestCase_closure1.call(CallTestCaseKeyword.groovy)
	at com.kms.katalon.core.keyword.internal.KeywordMain.runKeyword(KeywordMain.groovy:68)
	at com.kms.katalon.core.keyword.builtin.CallTestCaseKeyword.callTestCase(CallTestCaseKeyword.groovy:81)
	at com.kms.katalon.core.keyword.builtin.CallTestCaseKeyword.execute(CallTestCaseKeyword.groovy:44)
	at com.kms.katalon.core.keyword.internal.KeywordExecutor.executeKeywordForPlatform(KeywordExecutor.groovy:73)
	at com.kms.katalon.core.keyword.BuiltinKeywords.callTestCase(BuiltinKeywords.groovy:334)
	at 020 - Beli reksa dana melalui keranjang menggunakan Rekening Data Nasabah.run(020 - Beli reksa dana melalui keranjang menggunakan Rekening Data Nasabah:22)
	at com.kms.katalon.core.main.ScriptEngine.run(ScriptEngine.java:194)
	at com.kms.katalon.core.main.ScriptEngine.runScriptAsRawText(ScriptEngine.java:119)
	at com.kms.katalon.core.main.TestCaseExecutor.runScript(TestCaseExecutor.java:398)
	at com.kms.katalon.core.main.TestCaseExecutor.doExecute(TestCaseExecutor.java:389)
	at com.kms.katalon.core.main.TestCaseExecutor.processExecutionPhase(TestCaseExecutor.java:368)
	at com.kms.katalon.core.main.TestCaseExecutor.accessMainPhase(TestCaseExecutor.java:360)
	at com.kms.katalon.core.main.TestCaseExecutor.execute(TestCaseExecutor.java:255)
	at com.kms.katalon.core.main.TestSuiteExecutor.accessTestCaseMainPhase(TestSuiteExecutor.java:203)
	at com.kms.katalon.core.main.TestSuiteExecutor.accessTestSuiteMainPhase(TestSuiteExecutor.java:152)
	at com.kms.katalon.core.main.TestSuiteExecutor.execute(TestSuiteExecutor.java:95)
	at com.kms.katalon.core.main.TestCaseMain.startTestSuite(TestCaseMain.java:157)
	at com.kms.katalon.core.main.TestCaseMain$startTestSuite$0.call(Unknown Source)
	at TempTestSuite1637111371016.run(TempTestSuite1637111371016.groovy:39)
Caused by: com.kms.katalon.core.exception.StepFailedException: Call Test Case 'Test Cases/Mobile/Page/Metode Pembayaran/Metode Pembayaran' failed
	at com.kms.katalon.core.keyword.builtin.CallTestCaseKeyword$_callTestCase_closure1.doCall(CallTestCaseKeyword.groovy:63)
	at com.kms.katalon.core.keyword.builtin.CallTestCaseKeyword$_callTestCase_closure1.call(CallTestCaseKeyword.groovy)
	at com.kms.katalon.core.keyword.internal.KeywordMain.runKeyword(KeywordMain.groovy:68)
	at com.kms.katalon.core.keyword.builtin.CallTestCaseKeyword.callTestCase(CallTestCaseKeyword.groovy:81)
	at com.kms.katalon.core.keyword.builtin.CallTestCaseKeyword.execute(CallTestCaseKeyword.groovy:44)
	at com.kms.katalon.core.keyword.internal.KeywordExecutor.executeKeywordForPlatform(KeywordExecutor.groovy:73)
	at com.kms.katalon.core.keyword.BuiltinKeywords.callTestCase(BuiltinKeywords.groovy:350)
	at Transaction.run(Transaction:102)
	at com.kms.katalon.core.main.ScriptEngine.run(ScriptEngine.java:194)
	at com.kms.katalon.core.main.ScriptEngine.runScriptAsRawText(ScriptEngine.java:119)
	at com.kms.katalon.core.main.TestCaseExecutor.runScript(TestCaseExecutor.java:398)
	at com.kms.katalon.core.main.TestCaseExecutor.doExecute(TestCaseExecutor.java:389)
	at com.kms.katalon.core.main.TestCaseExecutor.processExecutionPhase(TestCaseExecutor.java:368)
	at com.kms.katalon.core.main.TestCaseExecutor.accessMainPhase(TestCaseExecutor.java:360)
	at com.kms.katalon.core.main.TestCaseExecutor.execute(TestCaseExecutor.java:255)
	at com.kms.katalon.core.main.TestCaseMain.runTestCase(TestCaseMain.java:114)
	at com.kms.katalon.core.keyword.builtin.CallTestCaseKeyword$_callTestCase_closure1.doCall(CallTestCaseKeyword.groovy:59)
	... 20 more
Caused by: com.kms.katalon.core.exception.StepFailedException: Object Object Repository/Mobile/Page/Metode Pembayaran/Radio Button - Rekening Dana Nasabah not found
	at com.kms.katalon.core.mobile.helper.MobileElementCommonHelper.findElementWithCheck(MobileElementCommonHelper.java:159)
	at com.kms.katalon.core.mobile.helper.MobileElementCommonHelper.getElementTopPosition(MobileElementCommonHelper.java:357)
	at com.kms.katalon.core.mobile.keyword.builtin.GetElementTopPositionKeyword$_getElementTopPosition_closure1.doCall(GetElementTopPositionKeyword.groovy:70)
	at com.kms.katalon.core.mobile.keyword.builtin.GetElementTopPositionKeyword$_getElementTopPosition_closure1.call(GetElementTopPositionKeyword.groovy)
	at com.kms.katalon.core.mobile.keyword.internal.MobileKeywordMain.runKeywordAndReturnInt(MobileKeywordMain.groovy:30)
	at com.kms.katalon.core.mobile.keyword.builtin.GetElementTopPositionKeyword.getElementTopPosition(GetElementTopPositionKeyword.groovy:71)
	at com.kms.katalon.core.mobile.keyword.builtin.GetElementTopPositionKeyword.execute(GetElementTopPositionKeyword.groovy:64)
	at com.kms.katalon.core.keyword.internal.KeywordExecutor.executeKeywordForPlatform(KeywordExecutor.groovy:73)
	at com.kms.katalon.core.mobile.keyword.MobileBuiltInKeywords.getElementTopPosition(MobileBuiltInKeywords.groovy:2600)
	at com.kms.katalon.core.mobile.keyword.MobileBuiltInKeywords$getElementTopPosition$8.call(Unknown Source)
	at Metode Pembayaran.run(Metode Pembayaran:24)
	at com.kms.katalon.core.main.ScriptEngine.run(ScriptEngine.java:194)
	at com.kms.katalon.core.main.ScriptEngine.runScriptAsRawText(ScriptEngine.java:119)
	at com.kms.katalon.core.main.TestCaseExecutor.runScript(TestCaseExecutor.java:398)
	at com.kms.katalon.core.main.TestCaseExecutor.doExecute(TestCaseExecutor.java:389)
	at com.kms.katalon.core.main.TestCaseExecutor.processExecutionPhase(TestCaseExecutor.java:368)
	at com.kms.katalon.core.main.TestCaseExecutor.accessMainPhase(TestCaseExecutor.java:360)
	at com.kms.katalon.core.main.TestCaseExecutor.execute(TestCaseExecutor.java:255)
	at com.kms.katalon.core.main.TestCaseMain.runTestCase(TestCaseMain.java:114)
	at com.kms.katalon.core.keyword.builtin.CallTestCaseKeyword$_callTestCase_closure1.doCall(CallTestCaseKeyword.groovy:59)
	... 36 more
"/>
         <system-out><![CDATA[2021-11-17 08:33:20 - [TEST_CASE][FAILED] - Test Cases/Mobile/Scenario/Transaction/020 - Beli reksa dana melalui keranjang menggunakan Rekening Data Nasabah: Test Cases/Mobile/Scenario/Transaction/020 - Beli reksa dana melalui keranjang menggunakan Rekening Data Nasabah FAILED.
Reason:
com.kms.katalon.core.exception.StepFailedException: Call Test Case 'Test Cases/Mobile/Page/Transaction/Transaction' failed
	at com.kms.katalon.core.keyword.builtin.CallTestCaseKeyword$_callTestCase_closure1.doCall(CallTestCaseKeyword.groovy:63)
	at com.kms.katalon.core.keyword.builtin.CallTestCaseKeyword$_callTestCase_closure1.call(CallTestCaseKeyword.groovy)
	at com.kms.katalon.core.keyword.internal.KeywordMain.runKeyword(KeywordMain.groovy:68)
	at com.kms.katalon.core.keyword.builtin.CallTestCaseKeyword.callTestCase(CallTestCaseKeyword.groovy:81)
	at com.kms.katalon.core.keyword.builtin.CallTestCaseKeyword.execute(CallTestCaseKeyword.groovy:44)
	at com.kms.katalon.core.keyword.internal.KeywordExecutor.executeKeywordForPlatform(KeywordExecutor.groovy:73)
	at com.kms.katalon.core.keyword.BuiltinKeywords.callTestCase(BuiltinKeywords.groovy:334)
	at 020 - Beli reksa dana melalui keranjang menggunakan Rekening Data Nasabah.run(020 - Beli reksa dana melalui keranjang menggunakan Rekening Data Nasabah:22)
	at com.kms.katalon.core.main.ScriptEngine.run(ScriptEngine.java:194)
	at com.kms.katalon.core.main.ScriptEngine.runScriptAsRawText(ScriptEngine.java:119)
	at com.kms.katalon.core.main.TestCaseExecutor.runScript(TestCaseExecutor.java:398)
	at com.kms.katalon.core.main.TestCaseExecutor.doExecute(TestCaseExecutor.java:389)
	at com.kms.katalon.core.main.TestCaseExecutor.processExecutionPhase(TestCaseExecutor.java:368)
	at com.kms.katalon.core.main.TestCaseExecutor.accessMainPhase(TestCaseExecutor.java:360)
	at com.kms.katalon.core.main.TestCaseExecutor.execute(TestCaseExecutor.java:255)
	at com.kms.katalon.core.main.TestSuiteExecutor.accessTestCaseMainPhase(TestSuiteExecutor.java:203)
	at com.kms.katalon.core.main.TestSuiteExecutor.accessTestSuiteMainPhase(TestSuiteExecutor.java:152)
	at com.kms.katalon.core.main.TestSuiteExecutor.execute(TestSuiteExecutor.java:95)
	at com.kms.katalon.core.main.TestCaseMain.startTestSuite(TestCaseMain.java:157)
	at com.kms.katalon.core.main.TestCaseMain$startTestSuite$0.call(Unknown Source)
	at TempTestSuite1637111371016.run(TempTestSuite1637111371016.groovy:39)
Caused by: com.kms.katalon.core.exception.StepFailedException: Call Test Case 'Test Cases/Mobile/Page/Metode Pembayaran/Metode Pembayaran' failed
	at com.kms.katalon.core.keyword.builtin.CallTestCaseKeyword$_callTestCase_closure1.doCall(CallTestCaseKeyword.groovy:63)
	at com.kms.katalon.core.keyword.builtin.CallTestCaseKeyword$_callTestCase_closure1.call(CallTestCaseKeyword.groovy)
	at com.kms.katalon.core.keyword.internal.KeywordMain.runKeyword(KeywordMain.groovy:68)
	at com.kms.katalon.core.keyword.builtin.CallTestCaseKeyword.callTestCase(CallTestCaseKeyword.groovy:81)
	at com.kms.katalon.core.keyword.builtin.CallTestCaseKeyword.execute(CallTestCaseKeyword.groovy:44)
	at com.kms.katalon.core.keyword.internal.KeywordExecutor.executeKeywordForPlatform(KeywordExecutor.groovy:73)
	at com.kms.katalon.core.keyword.BuiltinKeywords.callTestCase(BuiltinKeywords.groovy:350)
	at Transaction.run(Transaction:102)
	at com.kms.katalon.core.main.ScriptEngine.run(ScriptEngine.java:194)
	at com.kms.katalon.core.main.ScriptEngine.runScriptAsRawText(ScriptEngine.java:119)
	at com.kms.katalon.core.main.TestCaseExecutor.runScript(TestCaseExecutor.java:398)
	at com.kms.katalon.core.main.TestCaseExecutor.doExecute(TestCaseExecutor.java:389)
	at com.kms.katalon.core.main.TestCaseExecutor.processExecutionPhase(TestCaseExecutor.java:368)
	at com.kms.katalon.core.main.TestCaseExecutor.accessMainPhase(TestCaseExecutor.java:360)
	at com.kms.katalon.core.main.TestCaseExecutor.execute(TestCaseExecutor.java:255)
	at com.kms.katalon.core.main.TestCaseMain.runTestCase(TestCaseMain.java:114)
	at com.kms.katalon.core.keyword.builtin.CallTestCaseKeyword$_callTestCase_closure1.doCall(CallTestCaseKeyword.groovy:59)
	... 20 more
Caused by: com.kms.katalon.core.exception.StepFailedException: Object Object Repository/Mobile/Page/Metode Pembayaran/Radio Button - Rekening Dana Nasabah not found
	at com.kms.katalon.core.mobile.helper.MobileElementCommonHelper.findElementWithCheck(MobileElementCommonHelper.java:159)
	at com.kms.katalon.core.mobile.helper.MobileElementCommonHelper.getElementTopPosition(MobileElementCommonHelper.java:357)
	at com.kms.katalon.core.mobile.keyword.builtin.GetElementTopPositionKeyword$_getElementTopPosition_closure1.doCall(GetElementTopPositionKeyword.groovy:70)
	at com.kms.katalon.core.mobile.keyword.builtin.GetElementTopPositionKeyword$_getElementTopPosition_closure1.call(GetElementTopPositionKeyword.groovy)
	at com.kms.katalon.core.mobile.keyword.internal.MobileKeywordMain.runKeywordAndReturnInt(MobileKeywordMain.groovy:30)
	at com.kms.katalon.core.mobile.keyword.builtin.GetElementTopPositionKeyword.getElementTopPosition(GetElementTopPositionKeyword.groovy:71)
	at com.kms.katalon.core.mobile.keyword.builtin.GetElementTopPositionKeyword.execute(GetElementTopPositionKeyword.groovy:64)
	at com.kms.katalon.core.keyword.internal.KeywordExecutor.executeKeywordForPlatform(KeywordExecutor.groovy:73)
	at com.kms.katalon.core.mobile.keyword.MobileBuiltInKeywords.getElementTopPosition(MobileBuiltInKeywords.groovy:2600)
	at com.kms.katalon.core.mobile.keyword.MobileBuiltInKeywords$getElementTopPosition$8.call(Unknown Source)
	at Metode Pembayaran.run(Metode Pembayaran:24)
	at com.kms.katalon.core.main.ScriptEngine.run(ScriptEngine.java:194)
	at com.kms.katalon.core.main.ScriptEngine.runScriptAsRawText(ScriptEngine.java:119)
	at com.kms.katalon.core.main.TestCaseExecutor.runScript(TestCaseExecutor.java:398)
	at com.kms.katalon.core.main.TestCaseExecutor.doExecute(TestCaseExecutor.java:389)
	at com.kms.katalon.core.main.TestCaseExecutor.processExecutionPhase(TestCaseExecutor.java:368)
	at com.kms.katalon.core.main.TestCaseExecutor.accessMainPhase(TestCaseExecutor.java:360)
	at com.kms.katalon.core.main.TestCaseExecutor.execute(TestCaseExecutor.java:255)
	at com.kms.katalon.core.main.TestCaseMain.runTestCase(TestCaseMain.java:114)
	at com.kms.katalon.core.keyword.builtin.CallTestCaseKeyword$_callTestCase_closure1.doCall(CallTestCaseKeyword.groovy:59)
	... 36 more


2021-11-17 08:33:20 - [TEST_STEP][PASSED] - callTestCase(findTestCase("Mobile/Page/Run App/Run App byID"), [:], STOP_ON_FAILURE): Call Test Case 'Test Cases/Mobile/Page/Run App/Run App byID' successfully

2021-11-17 08:33:20 - [TEST_CASE][PASSED] - Test Cases/Mobile/Page/Run App/Run App byID: Test Cases/Mobile/Page/Run App/Run App byID

2021-11-17 08:33:20 - [TEST_STEP][PASSED] - startApp.OpenApp.startApplication("com.mirae.maxfund"): startApp.OpenApp.startApplication is PASSED

2021-11-17 08:33:36 - [MESSAGE][PASSED] - Starting app with application ID: 'com.mirae.maxfund'

2021-11-17 08:33:36 - [MESSAGE][PASSED] - startApp.OpenApp.startApplication is PASSED

2021-11-17 08:33:36 - [MESSAGE][PASSED] - Call Test Case 'Test Cases/Mobile/Page/Run App/Run App byID' successfully

2021-11-17 08:33:36 - [TEST_STEP][FAILED] - callTestCase(findTestCase("Mobile/Page/Transaction/Transaction"), ["page":"cart", "tab":"none", "action":"buyitem", "buymethod":"rdn"], STOP_ON_FAILURE): Unable to call Test Case 'Test Cases/Mobile/Page/Transaction/Transaction' (Root cause: com.kms.katalon.core.exception.StepFailedException: Call Test Case 'Test Cases/Mobile/Page/Transaction/Transaction' failed
	at com.kms.katalon.core.keyword.builtin.CallTestCaseKeyword$_callTestCase_closure1.doCall(CallTestCaseKeyword.groovy:63)
	at com.kms.katalon.core.keyword.builtin.CallTestCaseKeyword$_callTestCase_closure1.call(CallTestCaseKeyword.groovy)
	at com.kms.katalon.core.keyword.internal.KeywordMain.runKeyword(KeywordMain.groovy:68)
	at com.kms.katalon.core.keyword.builtin.CallTestCaseKeyword.callTestCase(CallTestCaseKeyword.groovy:81)
	at com.kms.katalon.core.keyword.builtin.CallTestCaseKeyword.execute(CallTestCaseKeyword.groovy:44)
	at com.kms.katalon.core.keyword.internal.KeywordExecutor.executeKeywordForPlatform(KeywordExecutor.groovy:73)
	at com.kms.katalon.core.keyword.BuiltinKeywords.callTestCase(BuiltinKeywords.groovy:334)
	at 020 - Beli reksa dana melalui keranjang menggunakan Rekening Data Nasabah.run(020 - Beli reksa dana melalui keranjang menggunakan Rekening Data Nasabah:22)
	at com.kms.katalon.core.main.ScriptEngine.run(ScriptEngine.java:194)
	at com.kms.katalon.core.main.ScriptEngine.runScriptAsRawText(ScriptEngine.java:119)
	at com.kms.katalon.core.main.TestCaseExecutor.runScript(TestCaseExecutor.java:398)
	at com.kms.katalon.core.main.TestCaseExecutor.doExecute(TestCaseExecutor.java:389)
	at com.kms.katalon.core.main.TestCaseExecutor.processExecutionPhase(TestCaseExecutor.java:368)
	at com.kms.katalon.core.main.TestCaseExecutor.accessMainPhase(TestCaseExecutor.java:360)
	at com.kms.katalon.core.main.TestCaseExecutor.execute(TestCaseExecutor.java:255)
	at com.kms.katalon.core.main.TestSuiteExecutor.accessTestCaseMainPhase(TestSuiteExecutor.java:203)
	at com.kms.katalon.core.main.TestSuiteExecutor.accessTestSuiteMainPhase(TestSuiteExecutor.java:152)
	at com.kms.katalon.core.main.TestSuiteExecutor.execute(TestSuiteExecutor.java:95)
	at com.kms.katalon.core.main.TestCaseMain.startTestSuite(TestCaseMain.java:157)
	at com.kms.katalon.core.main.TestCaseMain$startTestSuite$0.call(Unknown Source)
	at TempTestSuite1637111371016.run(TempTestSuite1637111371016.groovy:39)
Caused by: com.kms.katalon.core.exception.StepFailedException: Call Test Case 'Test Cases/Mobile/Page/Metode Pembayaran/Metode Pembayaran' failed
	at com.kms.katalon.core.keyword.builtin.CallTestCaseKeyword$_callTestCase_closure1.doCall(CallTestCaseKeyword.groovy:63)
	at com.kms.katalon.core.keyword.builtin.CallTestCaseKeyword$_callTestCase_closure1.call(CallTestCaseKeyword.groovy)
	at com.kms.katalon.core.keyword.internal.KeywordMain.runKeyword(KeywordMain.groovy:68)
	at com.kms.katalon.core.keyword.builtin.CallTestCaseKeyword.callTestCase(CallTestCaseKeyword.groovy:81)
	at com.kms.katalon.core.keyword.builtin.CallTestCaseKeyword.execute(CallTestCaseKeyword.groovy:44)
	at com.kms.katalon.core.keyword.internal.KeywordExecutor.executeKeywordForPlatform(KeywordExecutor.groovy:73)
	at com.kms.katalon.core.keyword.BuiltinKeywords.callTestCase(BuiltinKeywords.groovy:350)
	at Transaction.run(Transaction:102)
	at com.kms.katalon.core.main.ScriptEngine.run(ScriptEngine.java:194)
	at com.kms.katalon.core.main.ScriptEngine.runScriptAsRawText(ScriptEngine.java:119)
	at com.kms.katalon.core.main.TestCaseExecutor.runScript(TestCaseExecutor.java:398)
	at com.kms.katalon.core.main.TestCaseExecutor.doExecute(TestCaseExecutor.java:389)
	at com.kms.katalon.core.main.TestCaseExecutor.processExecutionPhase(TestCaseExecutor.java:368)
	at com.kms.katalon.core.main.TestCaseExecutor.accessMainPhase(TestCaseExecutor.java:360)
	at com.kms.katalon.core.main.TestCaseExecutor.execute(TestCaseExecutor.java:255)
	at com.kms.katalon.core.main.TestCaseMain.runTestCase(TestCaseMain.java:114)
	at com.kms.katalon.core.keyword.builtin.CallTestCaseKeyword$_callTestCase_closure1.doCall(CallTestCaseKeyword.groovy:59)
	... 20 more
Caused by: com.kms.katalon.core.exception.StepFailedException: Object Object Repository/Mobile/Page/Metode Pembayaran/Radio Button - Rekening Dana Nasabah not found
	at com.kms.katalon.core.mobile.helper.MobileElementCommonHelper.findElementWithCheck(MobileElementCommonHelper.java:159)
	at com.kms.katalon.core.mobile.helper.MobileElementCommonHelper.getElementTopPosition(MobileElementCommonHelper.java:357)
	at com.kms.katalon.core.mobile.keyword.builtin.GetElementTopPositionKeyword$_getElementTopPosition_closure1.doCall(GetElementTopPositionKeyword.groovy:70)
	at com.kms.katalon.core.mobile.keyword.builtin.GetElementTopPositionKeyword$_getElementTopPosition_closure1.call(GetElementTopPositionKeyword.groovy)
	at com.kms.katalon.core.mobile.keyword.internal.MobileKeywordMain.runKeywordAndReturnInt(MobileKeywordMain.groovy:30)
	at com.kms.katalon.core.mobile.keyword.builtin.GetElementTopPositionKeyword.getElementTopPosition(GetElementTopPositionKeyword.groovy:71)
	at com.kms.katalon.core.mobile.keyword.builtin.GetElementTopPositionKeyword.execute(GetElementTopPositionKeyword.groovy:64)
	at com.kms.katalon.core.keyword.internal.KeywordExecutor.executeKeywordForPlatform(KeywordExecutor.groovy:73)
	at com.kms.katalon.core.mobile.keyword.MobileBuiltInKeywords.getElementTopPosition(MobileBuiltInKeywords.groovy:2600)
	at com.kms.katalon.core.mobile.keyword.MobileBuiltInKeywords$getElementTopPosition$8.call(Unknown Source)
	at Metode Pembayaran.run(Metode Pembayaran:24)
	at com.kms.katalon.core.main.ScriptEngine.run(ScriptEngine.java:194)
	at com.kms.katalon.core.main.ScriptEngine.runScriptAsRawText(ScriptEngine.java:119)
	at com.kms.katalon.core.main.TestCaseExecutor.runScript(TestCaseExecutor.java:398)
	at com.kms.katalon.core.main.TestCaseExecutor.doExecute(TestCaseExecutor.java:389)
	at com.kms.katalon.core.main.TestCaseExecutor.processExecutionPhase(TestCaseExecutor.java:368)
	at com.kms.katalon.core.main.TestCaseExecutor.accessMainPhase(TestCaseExecutor.java:360)
	at com.kms.katalon.core.main.TestCaseExecutor.execute(TestCaseExecutor.java:255)
	at com.kms.katalon.core.main.TestCaseMain.runTestCase(TestCaseMain.java:114)
	at com.kms.katalon.core.keyword.builtin.CallTestCaseKeyword$_callTestCase_closure1.doCall(CallTestCaseKeyword.groovy:59)
	... 36 more
)

2021-11-17 08:33:36 - [TEST_CASE][FAILED] - Test Cases/Mobile/Page/Transaction/Transaction: Test Cases/Mobile/Page/Transaction/Transaction FAILED.
Reason:
com.kms.katalon.core.exception.StepFailedException: Call Test Case 'Test Cases/Mobile/Page/Metode Pembayaran/Metode Pembayaran' failed
	at com.kms.katalon.core.keyword.builtin.CallTestCaseKeyword$_callTestCase_closure1.doCall(CallTestCaseKeyword.groovy:63)
	at com.kms.katalon.core.keyword.builtin.CallTestCaseKeyword$_callTestCase_closure1.call(CallTestCaseKeyword.groovy)
	at com.kms.katalon.core.keyword.internal.KeywordMain.runKeyword(KeywordMain.groovy:68)
	at com.kms.katalon.core.keyword.builtin.CallTestCaseKeyword.callTestCase(CallTestCaseKeyword.groovy:81)
	at com.kms.katalon.core.keyword.builtin.CallTestCaseKeyword.execute(CallTestCaseKeyword.groovy:44)
	at com.kms.katalon.core.keyword.internal.KeywordExecutor.executeKeywordForPlatform(KeywordExecutor.groovy:73)
	at com.kms.katalon.core.keyword.BuiltinKeywords.callTestCase(BuiltinKeywords.groovy:350)
	at Transaction.run(Transaction:102)
	at com.kms.katalon.core.main.ScriptEngine.run(ScriptEngine.java:194)
	at com.kms.katalon.core.main.ScriptEngine.runScriptAsRawText(ScriptEngine.java:119)
	at com.kms.katalon.core.main.TestCaseExecutor.runScript(TestCaseExecutor.java:398)
	at com.kms.katalon.core.main.TestCaseExecutor.doExecute(TestCaseExecutor.java:389)
	at com.kms.katalon.core.main.TestCaseExecutor.processExecutionPhase(TestCaseExecutor.java:368)
	at com.kms.katalon.core.main.TestCaseExecutor.accessMainPhase(TestCaseExecutor.java:360)
	at com.kms.katalon.core.main.TestCaseExecutor.execute(TestCaseExecutor.java:255)
	at com.kms.katalon.core.main.TestCaseMain.runTestCase(TestCaseMain.java:114)
	at com.kms.katalon.core.keyword.builtin.CallTestCaseKeyword$_callTestCase_closure1.doCall(CallTestCaseKeyword.groovy:59)
	at com.kms.katalon.core.keyword.builtin.CallTestCaseKeyword$_callTestCase_closure1.call(CallTestCaseKeyword.groovy)
	at com.kms.katalon.core.keyword.internal.KeywordMain.runKeyword(KeywordMain.groovy:68)
	at com.kms.katalon.core.keyword.builtin.CallTestCaseKeyword.callTestCase(CallTestCaseKeyword.groovy:81)
	at com.kms.katalon.core.keyword.builtin.CallTestCaseKeyword.execute(CallTestCaseKeyword.groovy:44)
	at com.kms.katalon.core.keyword.internal.KeywordExecutor.executeKeywordForPlatform(KeywordExecutor.groovy:73)
	at com.kms.katalon.core.keyword.BuiltinKeywords.callTestCase(BuiltinKeywords.groovy:334)
	at 020 - Beli reksa dana melalui keranjang menggunakan Rekening Data Nasabah.run(020 - Beli reksa dana melalui keranjang menggunakan Rekening Data Nasabah:22)
	at com.kms.katalon.core.main.ScriptEngine.run(ScriptEngine.java:194)
	at com.kms.katalon.core.main.ScriptEngine.runScriptAsRawText(ScriptEngine.java:119)
	at com.kms.katalon.core.main.TestCaseExecutor.runScript(TestCaseExecutor.java:398)
	at com.kms.katalon.core.main.TestCaseExecutor.doExecute(TestCaseExecutor.java:389)
	at com.kms.katalon.core.main.TestCaseExecutor.processExecutionPhase(TestCaseExecutor.java:368)
	at com.kms.katalon.core.main.TestCaseExecutor.accessMainPhase(TestCaseExecutor.java:360)
	at com.kms.katalon.core.main.TestCaseExecutor.execute(TestCaseExecutor.java:255)
	at com.kms.katalon.core.main.TestSuiteExecutor.accessTestCaseMainPhase(TestSuiteExecutor.java:203)
	at com.kms.katalon.core.main.TestSuiteExecutor.accessTestSuiteMainPhase(TestSuiteExecutor.java:152)
	at com.kms.katalon.core.main.TestSuiteExecutor.execute(TestSuiteExecutor.java:95)
	at com.kms.katalon.core.main.TestCaseMain.startTestSuite(TestCaseMain.java:157)
	at com.kms.katalon.core.main.TestCaseMain$startTestSuite$0.call(Unknown Source)
	at TempTestSuite1637111371016.run(TempTestSuite1637111371016.groovy:39)
Caused by: com.kms.katalon.core.exception.StepFailedException: Object Object Repository/Mobile/Page/Metode Pembayaran/Radio Button - Rekening Dana Nasabah not found
	at com.kms.katalon.core.mobile.helper.MobileElementCommonHelper.findElementWithCheck(MobileElementCommonHelper.java:159)
	at com.kms.katalon.core.mobile.helper.MobileElementCommonHelper.getElementTopPosition(MobileElementCommonHelper.java:357)
	at com.kms.katalon.core.mobile.keyword.builtin.GetElementTopPositionKeyword$_getElementTopPosition_closure1.doCall(GetElementTopPositionKeyword.groovy:70)
	at com.kms.katalon.core.mobile.keyword.builtin.GetElementTopPositionKeyword$_getElementTopPosition_closure1.call(GetElementTopPositionKeyword.groovy)
	at com.kms.katalon.core.mobile.keyword.internal.MobileKeywordMain.runKeywordAndReturnInt(MobileKeywordMain.groovy:30)
	at com.kms.katalon.core.mobile.keyword.builtin.GetElementTopPositionKeyword.getElementTopPosition(GetElementTopPositionKeyword.groovy:71)
	at com.kms.katalon.core.mobile.keyword.builtin.GetElementTopPositionKeyword.execute(GetElementTopPositionKeyword.groovy:64)
	at com.kms.katalon.core.keyword.internal.KeywordExecutor.executeKeywordForPlatform(KeywordExecutor.groovy:73)
	at com.kms.katalon.core.mobile.keyword.MobileBuiltInKeywords.getElementTopPosition(MobileBuiltInKeywords.groovy:2600)
	at com.kms.katalon.core.mobile.keyword.MobileBuiltInKeywords$getElementTopPosition$8.call(Unknown Source)
	at Metode Pembayaran.run(Metode Pembayaran:24)
	at com.kms.katalon.core.main.ScriptEngine.run(ScriptEngine.java:194)
	at com.kms.katalon.core.main.ScriptEngine.runScriptAsRawText(ScriptEngine.java:119)
	at com.kms.katalon.core.main.TestCaseExecutor.runScript(TestCaseExecutor.java:398)
	at com.kms.katalon.core.main.TestCaseExecutor.doExecute(TestCaseExecutor.java:389)
	at com.kms.katalon.core.main.TestCaseExecutor.processExecutionPhase(TestCaseExecutor.java:368)
	at com.kms.katalon.core.main.TestCaseExecutor.accessMainPhase(TestCaseExecutor.java:360)
	at com.kms.katalon.core.main.TestCaseExecutor.execute(TestCaseExecutor.java:255)
	at com.kms.katalon.core.main.TestCaseMain.runTestCase(TestCaseMain.java:114)
	at com.kms.katalon.core.keyword.builtin.CallTestCaseKeyword$_callTestCase_closure1.doCall(CallTestCaseKeyword.groovy:59)
	... 36 more


2021-11-17 08:33:36 - [TEST_STEP][PASSED] - delay(5): Delayed 5 second(s)

2021-11-17 08:33:41 - [MESSAGE][PASSED] - Delayed 5 second(s)

2021-11-17 08:33:41 - [TEST_STEP][PASSED] - loginCheck = verifyElementExist(findTestObject("Object Repository/Mobile/Page/Dashboard/Button - Login"), 2, CONTINUE_ON_FAILURE): Element 'Object Repository/Mobile/Page/Dashboard/Button - Login' is exist

2021-11-17 08:33:41 - [MESSAGE][PASSED] - Element 'Object Repository/Mobile/Page/Dashboard/Button - Login' is exist

2021-11-17 08:33:41 - [TEST_STEP][PASSED] - if (loginCheck): Call Test Case 'Test Cases/Mobile/Page/Login/Login' successfully

2021-11-17 08:33:41 - [TEST_STEP][PASSED] - callTestCase(findTestCase("Mobile/Page/Login/Login"), ["isLogin":0]): Call Test Case 'Test Cases/Mobile/Page/Login/Login' successfully

2021-11-17 08:33:41 - [TEST_CASE][PASSED] - Test Cases/Mobile/Page/Login/Login: Test Cases/Mobile/Page/Login/Login

2021-11-17 08:33:41 - [TEST_STEP][PASSED] - if (isLogin == 0): Tapped on element 'Object Repository/Mobile/Page/Dashboard/Button - Login'

2021-11-17 08:33:41 - [TEST_STEP][PASSED] - tap(findTestObject("Mobile/Page/Dashboard/Button - Login"), 0): Tapped on element 'Object Repository/Mobile/Page/Dashboard/Button - Login'

2021-11-17 08:33:41 - [MESSAGE][WARNING] - Timeout '0' is invalid. Using default page load timeout: '60'

2021-11-17 08:33:42 - [MESSAGE][PASSED] - Tapped on element 'Object Repository/Mobile/Page/Dashboard/Button - Login'

2021-11-17 08:33:42 - [TEST_STEP][PASSED] - tap(findTestObject("Mobile/Page/Login/Tap - UserID or Email"), 0): Tapped on element 'Object Repository/Mobile/Page/Login/Tap - UserID or Email'

2021-11-17 08:33:42 - [MESSAGE][WARNING] - Timeout '0' is invalid. Using default page load timeout: '60'

2021-11-17 08:33:44 - [MESSAGE][PASSED] - Tapped on element 'Object Repository/Mobile/Page/Login/Tap - UserID or Email'

2021-11-17 08:33:44 - [TEST_STEP][PASSED] - delay(3): Delayed 3 second(s)

2021-11-17 08:33:47 - [MESSAGE][PASSED] - Delayed 3 second(s)

2021-11-17 08:33:47 - [TEST_STEP][PASSED] - setText(findTestObject("Mobile/Page/Login/Input - UserID or Email"), "ady.pangerang@gmail.com", 0): Text 'ady.pangerang@gmail.com' has been set to element 'Object Repository/Mobile/Page/Login/Input - UserID or Email'

2021-11-17 08:33:47 - [MESSAGE][WARNING] - Timeout '0' is invalid. Using default page load timeout: '60'

2021-11-17 08:33:49 - [MESSAGE][PASSED] - Text 'ady.pangerang@gmail.com' has been set to element 'Object Repository/Mobile/Page/Login/Input - UserID or Email'

2021-11-17 08:33:49 - [TEST_STEP][PASSED] - delay(1): Delayed 1 second(s)

2021-11-17 08:33:50 - [MESSAGE][PASSED] - Delayed 1 second(s)

2021-11-17 08:33:50 - [TEST_STEP][PASSED] - hideKeyboard(): Keyboard is hidden

2021-11-17 08:33:56 - [MESSAGE][PASSED] - Keyboard is hidden

2021-11-17 08:33:56 - [TEST_STEP][PASSED] - delay(1): Delayed 1 second(s)

2021-11-17 08:33:57 - [MESSAGE][PASSED] - Delayed 1 second(s)

2021-11-17 08:33:57 - [TEST_STEP][PASSED] - tap(findTestObject("Mobile/Page/Login/Tap - Password 2"), 0): Tapped on element 'Object Repository/Mobile/Page/Login/Tap - Password 2'

2021-11-17 08:33:57 - [MESSAGE][WARNING] - Timeout '0' is invalid. Using default page load timeout: '60'

2021-11-17 08:33:57 - [MESSAGE][PASSED] - Tapped on element 'Object Repository/Mobile/Page/Login/Tap - Password 2'

2021-11-17 08:33:57 - [TEST_STEP][PASSED] - delay(3): Delayed 3 second(s)

2021-11-17 08:34:00 - [MESSAGE][PASSED] - Delayed 3 second(s)

2021-11-17 08:34:00 - [TEST_STEP][PASSED] - setText(findTestObject("Mobile/Page/Login/Tap - Password 2"), "Mirae1234", 0): Text 'Mirae1234' has been set to element 'Object Repository/Mobile/Page/Login/Tap - Password 2'

2021-11-17 08:34:00 - [MESSAGE][WARNING] - Timeout '0' is invalid. Using default page load timeout: '60'

2021-11-17 08:34:01 - [MESSAGE][PASSED] - Text 'Mirae1234' has been set to element 'Object Repository/Mobile/Page/Login/Tap - Password 2'

2021-11-17 08:34:01 - [TEST_STEP][PASSED] - delay(1): Delayed 1 second(s)

2021-11-17 08:34:02 - [MESSAGE][PASSED] - Delayed 1 second(s)

2021-11-17 08:34:02 - [TEST_STEP][PASSED] - hideKeyboard(): Keyboard is hidden

2021-11-17 08:34:09 - [MESSAGE][PASSED] - Keyboard is hidden

2021-11-17 08:34:09 - [TEST_STEP][PASSED] - delay(1): Delayed 1 second(s)

2021-11-17 08:34:10 - [MESSAGE][PASSED] - Delayed 1 second(s)

2021-11-17 08:34:10 - [TEST_STEP][PASSED] - tap(findTestObject("Mobile/Page/Login/Button - Sign In"), 0): Tapped on element 'Object Repository/Mobile/Page/Login/Button - Sign In'

2021-11-17 08:34:10 - [MESSAGE][WARNING] - Timeout '0' is invalid. Using default page load timeout: '60'

2021-11-17 08:34:11 - [MESSAGE][PASSED] - Tapped on element 'Object Repository/Mobile/Page/Login/Button - Sign In'

2021-11-17 08:34:11 - [MESSAGE][PASSED] - Call Test Case 'Test Cases/Mobile/Page/Login/Login' successfully

2021-11-17 08:34:11 - [TEST_STEP][PASSED] - if (page == "cart"): Call Test Case 'Test Cases/Mobile/Scenario/Transaction/Add Product to Cart' successfully

2021-11-17 08:34:11 - [TEST_STEP][PASSED] - callTestCase(findTestCase("Mobile/Scenario/Transaction/Add Product to Cart"), [:], STOP_ON_FAILURE): Call Test Case 'Test Cases/Mobile/Scenario/Transaction/Add Product to Cart' successfully

2021-11-17 08:34:11 - [TEST_CASE][PASSED] - Test Cases/Mobile/Scenario/Transaction/Add Product to Cart: Test Cases/Mobile/Scenario/Transaction/Add Product to Cart

2021-11-17 08:34:11 - [TEST_STEP][PASSED] - tap(findTestObject("Object Repository/Mobile/Page/Home/Button - Product"), 0): Tapped on element 'Object Repository/Mobile/Page/Home/Button - Product'

2021-11-17 08:34:11 - [MESSAGE][WARNING] - Timeout '0' is invalid. Using default page load timeout: '60'

2021-11-17 08:34:14 - [MESSAGE][PASSED] - Tapped on element 'Object Repository/Mobile/Page/Home/Button - Product'

2021-11-17 08:34:14 - [TEST_STEP][PASSED] - delay(3): Delayed 3 second(s)

2021-11-17 08:34:17 - [MESSAGE][PASSED] - Delayed 3 second(s)

2021-11-17 08:34:17 - [TEST_STEP][PASSED] - tap(findTestObject("Object Repository/Mobile/Page/Transaction/Object for Add to Cart/Button - Buy Top Item"), 0): Tapped on element 'Object Repository/Mobile/Page/Transaction/Object for Add to Cart/Button - Buy Top Item'

2021-11-17 08:34:17 - [MESSAGE][WARNING] - Timeout '0' is invalid. Using default page load timeout: '60'

2021-11-17 08:34:18 - [MESSAGE][PASSED] - Tapped on element 'Object Repository/Mobile/Page/Transaction/Object for Add to Cart/Button - Buy Top Item'

2021-11-17 08:34:18 - [TEST_STEP][PASSED] - delay(3): Delayed 3 second(s)

2021-11-17 08:34:21 - [MESSAGE][PASSED] - Delayed 3 second(s)

2021-11-17 08:34:21 - [TEST_STEP][PASSED] - tap(findTestObject("Object Repository/Mobile/Page/Transaction/Object for Add to Cart/Button - Purchase Amount 500k"), 0): Tapped on element 'Object Repository/Mobile/Page/Transaction/Object for Add to Cart/Button - Purchase Amount 500k'

2021-11-17 08:34:21 - [MESSAGE][WARNING] - Timeout '0' is invalid. Using default page load timeout: '60'

2021-11-17 08:34:21 - [MESSAGE][PASSED] - Tapped on element 'Object Repository/Mobile/Page/Transaction/Object for Add to Cart/Button - Purchase Amount 500k'

2021-11-17 08:34:21 - [TEST_STEP][PASSED] - element = findTestObject("Object Repository/Mobile/Page/Transaction/Object for Add to Cart/Checkbox - Agreement Prospectus"): null

2021-11-17 08:34:21 - [TEST_STEP][PASSED] - left_position = getElementLeftPosition(element, 0): Object 'Object Repository/Mobile/Page/Transaction/Object for Add to Cart/Checkbox - Agreement Prospectus' has left position '0'

2021-11-17 08:34:22 - [MESSAGE][WARNING] - Timeout '0' is invalid. Using default page load timeout: '60'

2021-11-17 08:34:22 - [MESSAGE][PASSED] - Object 'Object Repository/Mobile/Page/Transaction/Object for Add to Cart/Checkbox - Agreement Prospectus' has left position '0'

2021-11-17 08:34:22 - [TEST_STEP][PASSED] - top_position = getElementTopPosition(element, 0): Object 'Object Repository/Mobile/Page/Transaction/Object for Add to Cart/Checkbox - Agreement Prospectus' has top position '1,128'

2021-11-17 08:34:22 - [MESSAGE][WARNING] - Timeout '0' is invalid. Using default page load timeout: '60'

2021-11-17 08:34:22 - [MESSAGE][PASSED] - Object 'Object Repository/Mobile/Page/Transaction/Object for Add to Cart/Checkbox - Agreement Prospectus' has top position '1,128'

2021-11-17 08:34:22 - [TEST_STEP][PASSED] - height = getElementHeight(element, 0): Object 'Object Repository/Mobile/Page/Transaction/Object for Add to Cart/Checkbox - Agreement Prospectus' has height: '145'

2021-11-17 08:34:22 - [MESSAGE][WARNING] - Timeout '0' is invalid. Using default page load timeout: '60'

2021-11-17 08:34:23 - [MESSAGE][PASSED] - Object 'Object Repository/Mobile/Page/Transaction/Object for Add to Cart/Checkbox - Agreement Prospectus' has height: '145'

2021-11-17 08:34:23 - [TEST_STEP][PASSED] - y = top_position + height / 2: null

2021-11-17 08:34:23 - [TEST_STEP][PASSED] - x = getDeviceWidth() * 0.085: Current device physical width is 720

2021-11-17 08:34:23 - [MESSAGE][PASSED] - Current device physical width is 720

2021-11-17 08:34:23 - [TEST_STEP][PASSED] - tapAtPosition(x, y): Tapped at [61, 1,200]

2021-11-17 08:34:24 - [MESSAGE][PASSED] - Tapped at [61, 1,200]

2021-11-17 08:34:24 - [TEST_STEP][PASSED] - scroll.scroll.scrollBottomToTop(): scroll.scroll.scrollBottomToTop is PASSED

2021-11-17 08:34:24 - [MESSAGE][PASSED] - Current device physical height is 1423

2021-11-17 08:34:24 - [MESSAGE][PASSED] - Current device physical width is 720

2021-11-17 08:34:26 - [MESSAGE][PASSED] - Swiped from 360,1,138 to 360,284

2021-11-17 08:34:26 - [MESSAGE][PASSED] - scroll.scroll.scrollBottomToTop is PASSED

2021-11-17 08:34:26 - [TEST_STEP][PASSED] - tap(findTestObject("Object Repository/Mobile/Page/Transaction/Object for Add to Cart/Button - Add to Cart"), 0): Tapped on element 'Object Repository/Mobile/Page/Transaction/Object for Add to Cart/Button - Add to Cart'

2021-11-17 08:34:26 - [MESSAGE][WARNING] - Timeout '0' is invalid. Using default page load timeout: '60'

2021-11-17 08:34:27 - [MESSAGE][PASSED] - Tapped on element 'Object Repository/Mobile/Page/Transaction/Object for Add to Cart/Button - Add to Cart'

2021-11-17 08:34:27 - [TEST_STEP][PASSED] - delay(2): Delayed 2 second(s)

2021-11-17 08:34:29 - [MESSAGE][PASSED] - Delayed 2 second(s)

2021-11-17 08:34:29 - [TEST_STEP][PASSED] - tap(findTestObject("Object Repository/Mobile/Page/Transaction/Object for Add to Cart/Button - View Cart"), 0): Tapped on element 'Object Repository/Mobile/Page/Transaction/Object for Add to Cart/Button - View Cart'

2021-11-17 08:34:29 - [MESSAGE][WARNING] - Timeout '0' is invalid. Using default page load timeout: '60'

2021-11-17 08:34:31 - [MESSAGE][PASSED] - Tapped on element 'Object Repository/Mobile/Page/Transaction/Object for Add to Cart/Button - View Cart'

2021-11-17 08:34:31 - [TEST_STEP][PASSED] - delay(3): Delayed 3 second(s)

2021-11-17 08:34:34 - [MESSAGE][PASSED] - Delayed 3 second(s)

2021-11-17 08:34:34 - [TEST_STEP][PASSED] - pressBack(): Press back button successfully

2021-11-17 08:34:34 - [MESSAGE][PASSED] - Press back button successfully

2021-11-17 08:34:34 - [TEST_STEP][PASSED] - delay(1): Delayed 1 second(s)

2021-11-17 08:34:35 - [MESSAGE][PASSED] - Delayed 1 second(s)

2021-11-17 08:34:35 - [MESSAGE][PASSED] - Call Test Case 'Test Cases/Mobile/Scenario/Transaction/Add Product to Cart' successfully

2021-11-17 08:34:35 - [TEST_STEP][PASSED] - tap(findTestObject("Object Repository/Mobile/Page/Transaction/Button - Menubar Transaction"), 0): Tapped on element 'Object Repository/Mobile/Page/Transaction/Button - Menubar Transaction'

2021-11-17 08:34:35 - [MESSAGE][WARNING] - Timeout '0' is invalid. Using default page load timeout: '60'

2021-11-17 08:34:37 - [MESSAGE][PASSED] - Tapped on element 'Object Repository/Mobile/Page/Transaction/Button - Menubar Transaction'

2021-11-17 08:34:37 - [TEST_STEP][PASSED] - delay(1): Delayed 1 second(s)

2021-11-17 08:34:38 - [MESSAGE][PASSED] - Delayed 1 second(s)

2021-11-17 08:34:38 - [TEST_STEP][PASSED] - if (page == "onprocess"): null

2021-11-17 08:34:38 - [TEST_STEP][PASSED] - else if (page == "history"): null

2021-11-17 08:34:38 - [TEST_STEP][FAILED] - else if (page == "cart"): Unable to call Test Case 'Test Cases/Mobile/Page/Metode Pembayaran/Metode Pembayaran' (Root cause: com.kms.katalon.core.exception.StepFailedException: Call Test Case 'Test Cases/Mobile/Page/Metode Pembayaran/Metode Pembayaran' failed
	at com.kms.katalon.core.keyword.builtin.CallTestCaseKeyword$_callTestCase_closure1.doCall(CallTestCaseKeyword.groovy:63)
	at com.kms.katalon.core.keyword.builtin.CallTestCaseKeyword$_callTestCase_closure1.call(CallTestCaseKeyword.groovy)
	at com.kms.katalon.core.keyword.internal.KeywordMain.runKeyword(KeywordMain.groovy:68)
	at com.kms.katalon.core.keyword.builtin.CallTestCaseKeyword.callTestCase(CallTestCaseKeyword.groovy:81)
	at com.kms.katalon.core.keyword.builtin.CallTestCaseKeyword.execute(CallTestCaseKeyword.groovy:44)
	at com.kms.katalon.core.keyword.internal.KeywordExecutor.executeKeywordForPlatform(KeywordExecutor.groovy:73)
	at com.kms.katalon.core.keyword.BuiltinKeywords.callTestCase(BuiltinKeywords.groovy:350)
	at Transaction.run(Transaction:102)
	at com.kms.katalon.core.main.ScriptEngine.run(ScriptEngine.java:194)
	at com.kms.katalon.core.main.ScriptEngine.runScriptAsRawText(ScriptEngine.java:119)
	at com.kms.katalon.core.main.TestCaseExecutor.runScript(TestCaseExecutor.java:398)
	at com.kms.katalon.core.main.TestCaseExecutor.doExecute(TestCaseExecutor.java:389)
	at com.kms.katalon.core.main.TestCaseExecutor.processExecutionPhase(TestCaseExecutor.java:368)
	at com.kms.katalon.core.main.TestCaseExecutor.accessMainPhase(TestCaseExecutor.java:360)
	at com.kms.katalon.core.main.TestCaseExecutor.execute(TestCaseExecutor.java:255)
	at com.kms.katalon.core.main.TestCaseMain.runTestCase(TestCaseMain.java:114)
	at com.kms.katalon.core.keyword.builtin.CallTestCaseKeyword$_callTestCase_closure1.doCall(CallTestCaseKeyword.groovy:59)
	at com.kms.katalon.core.keyword.builtin.CallTestCaseKeyword$_callTestCase_closure1.call(CallTestCaseKeyword.groovy)
	at com.kms.katalon.core.keyword.internal.KeywordMain.runKeyword(KeywordMain.groovy:68)
	at com.kms.katalon.core.keyword.builtin.CallTestCaseKeyword.callTestCase(CallTestCaseKeyword.groovy:81)
	at com.kms.katalon.core.keyword.builtin.CallTestCaseKeyword.execute(CallTestCaseKeyword.groovy:44)
	at com.kms.katalon.core.keyword.internal.KeywordExecutor.executeKeywordForPlatform(KeywordExecutor.groovy:73)
	at com.kms.katalon.core.keyword.BuiltinKeywords.callTestCase(BuiltinKeywords.groovy:334)
	at 020 - Beli reksa dana melalui keranjang menggunakan Rekening Data Nasabah.run(020 - Beli reksa dana melalui keranjang menggunakan Rekening Data Nasabah:22)
	at com.kms.katalon.core.main.ScriptEngine.run(ScriptEngine.java:194)
	at com.kms.katalon.core.main.ScriptEngine.runScriptAsRawText(ScriptEngine.java:119)
	at com.kms.katalon.core.main.TestCaseExecutor.runScript(TestCaseExecutor.java:398)
	at com.kms.katalon.core.main.TestCaseExecutor.doExecute(TestCaseExecutor.java:389)
	at com.kms.katalon.core.main.TestCaseExecutor.processExecutionPhase(TestCaseExecutor.java:368)
	at com.kms.katalon.core.main.TestCaseExecutor.accessMainPhase(TestCaseExecutor.java:360)
	at com.kms.katalon.core.main.TestCaseExecutor.execute(TestCaseExecutor.java:255)
	at com.kms.katalon.core.main.TestSuiteExecutor.accessTestCaseMainPhase(TestSuiteExecutor.java:203)
	at com.kms.katalon.core.main.TestSuiteExecutor.accessTestSuiteMainPhase(TestSuiteExecutor.java:152)
	at com.kms.katalon.core.main.TestSuiteExecutor.execute(TestSuiteExecutor.java:95)
	at com.kms.katalon.core.main.TestCaseMain.startTestSuite(TestCaseMain.java:157)
	at com.kms.katalon.core.main.TestCaseMain$startTestSuite$0.call(Unknown Source)
	at TempTestSuite1637111371016.run(TempTestSuite1637111371016.groovy:39)
Caused by: com.kms.katalon.core.exception.StepFailedException: Object Object Repository/Mobile/Page/Metode Pembayaran/Radio Button - Rekening Dana Nasabah not found
	at com.kms.katalon.core.mobile.helper.MobileElementCommonHelper.findElementWithCheck(MobileElementCommonHelper.java:159)
	at com.kms.katalon.core.mobile.helper.MobileElementCommonHelper.getElementTopPosition(MobileElementCommonHelper.java:357)
	at com.kms.katalon.core.mobile.keyword.builtin.GetElementTopPositionKeyword$_getElementTopPosition_closure1.doCall(GetElementTopPositionKeyword.groovy:70)
	at com.kms.katalon.core.mobile.keyword.builtin.GetElementTopPositionKeyword$_getElementTopPosition_closure1.call(GetElementTopPositionKeyword.groovy)
	at com.kms.katalon.core.mobile.keyword.internal.MobileKeywordMain.runKeywordAndReturnInt(MobileKeywordMain.groovy:30)
	at com.kms.katalon.core.mobile.keyword.builtin.GetElementTopPositionKeyword.getElementTopPosition(GetElementTopPositionKeyword.groovy:71)
	at com.kms.katalon.core.mobile.keyword.builtin.GetElementTopPositionKeyword.execute(GetElementTopPositionKeyword.groovy:64)
	at com.kms.katalon.core.keyword.internal.KeywordExecutor.executeKeywordForPlatform(KeywordExecutor.groovy:73)
	at com.kms.katalon.core.mobile.keyword.MobileBuiltInKeywords.getElementTopPosition(MobileBuiltInKeywords.groovy:2600)
	at com.kms.katalon.core.mobile.keyword.MobileBuiltInKeywords$getElementTopPosition$8.call(Unknown Source)
	at Metode Pembayaran.run(Metode Pembayaran:24)
	at com.kms.katalon.core.main.ScriptEngine.run(ScriptEngine.java:194)
	at com.kms.katalon.core.main.ScriptEngine.runScriptAsRawText(ScriptEngine.java:119)
	at com.kms.katalon.core.main.TestCaseExecutor.runScript(TestCaseExecutor.java:398)
	at com.kms.katalon.core.main.TestCaseExecutor.doExecute(TestCaseExecutor.java:389)
	at com.kms.katalon.core.main.TestCaseExecutor.processExecutionPhase(TestCaseExecutor.java:368)
	at com.kms.katalon.core.main.TestCaseExecutor.accessMainPhase(TestCaseExecutor.java:360)
	at com.kms.katalon.core.main.TestCaseExecutor.execute(TestCaseExecutor.java:255)
	at com.kms.katalon.core.main.TestCaseMain.runTestCase(TestCaseMain.java:114)
	at com.kms.katalon.core.keyword.builtin.CallTestCaseKeyword$_callTestCase_closure1.doCall(CallTestCaseKeyword.groovy:59)
	... 36 more
)

2021-11-17 08:34:38 - [TEST_STEP][PASSED] - tapAndHold(findTestObject("Object Repository/Mobile/Page/Transaction/Button - Icon Cart"), 1, 0): Tapped and held on element 'Object Repository/Mobile/Page/Transaction/Button - Icon Cart' with duration 1

2021-11-17 08:34:38 - [MESSAGE][WARNING] - Timeout '0' is invalid. Using default page load timeout: '60'

2021-11-17 08:34:41 - [MESSAGE][PASSED] - Tapped and held on element 'Object Repository/Mobile/Page/Transaction/Button - Icon Cart' with duration 1

2021-11-17 08:34:41 - [TEST_STEP][PASSED] - if (action == "deleteitem"): null

2021-11-17 08:34:41 - [TEST_STEP][FAILED] - else if (action == "buyitem"): Unable to call Test Case 'Test Cases/Mobile/Page/Metode Pembayaran/Metode Pembayaran' (Root cause: com.kms.katalon.core.exception.StepFailedException: Call Test Case 'Test Cases/Mobile/Page/Metode Pembayaran/Metode Pembayaran' failed
	at com.kms.katalon.core.keyword.builtin.CallTestCaseKeyword$_callTestCase_closure1.doCall(CallTestCaseKeyword.groovy:63)
	at com.kms.katalon.core.keyword.builtin.CallTestCaseKeyword$_callTestCase_closure1.call(CallTestCaseKeyword.groovy)
	at com.kms.katalon.core.keyword.internal.KeywordMain.runKeyword(KeywordMain.groovy:68)
	at com.kms.katalon.core.keyword.builtin.CallTestCaseKeyword.callTestCase(CallTestCaseKeyword.groovy:81)
	at com.kms.katalon.core.keyword.builtin.CallTestCaseKeyword.execute(CallTestCaseKeyword.groovy:44)
	at com.kms.katalon.core.keyword.internal.KeywordExecutor.executeKeywordForPlatform(KeywordExecutor.groovy:73)
	at com.kms.katalon.core.keyword.BuiltinKeywords.callTestCase(BuiltinKeywords.groovy:350)
	at Transaction.run(Transaction:102)
	at com.kms.katalon.core.main.ScriptEngine.run(ScriptEngine.java:194)
	at com.kms.katalon.core.main.ScriptEngine.runScriptAsRawText(ScriptEngine.java:119)
	at com.kms.katalon.core.main.TestCaseExecutor.runScript(TestCaseExecutor.java:398)
	at com.kms.katalon.core.main.TestCaseExecutor.doExecute(TestCaseExecutor.java:389)
	at com.kms.katalon.core.main.TestCaseExecutor.processExecutionPhase(TestCaseExecutor.java:368)
	at com.kms.katalon.core.main.TestCaseExecutor.accessMainPhase(TestCaseExecutor.java:360)
	at com.kms.katalon.core.main.TestCaseExecutor.execute(TestCaseExecutor.java:255)
	at com.kms.katalon.core.main.TestCaseMain.runTestCase(TestCaseMain.java:114)
	at com.kms.katalon.core.keyword.builtin.CallTestCaseKeyword$_callTestCase_closure1.doCall(CallTestCaseKeyword.groovy:59)
	at com.kms.katalon.core.keyword.builtin.CallTestCaseKeyword$_callTestCase_closure1.call(CallTestCaseKeyword.groovy)
	at com.kms.katalon.core.keyword.internal.KeywordMain.runKeyword(KeywordMain.groovy:68)
	at com.kms.katalon.core.keyword.builtin.CallTestCaseKeyword.callTestCase(CallTestCaseKeyword.groovy:81)
	at com.kms.katalon.core.keyword.builtin.CallTestCaseKeyword.execute(CallTestCaseKeyword.groovy:44)
	at com.kms.katalon.core.keyword.internal.KeywordExecutor.executeKeywordForPlatform(KeywordExecutor.groovy:73)
	at com.kms.katalon.core.keyword.BuiltinKeywords.callTestCase(BuiltinKeywords.groovy:334)
	at 020 - Beli reksa dana melalui keranjang menggunakan Rekening Data Nasabah.run(020 - Beli reksa dana melalui keranjang menggunakan Rekening Data Nasabah:22)
	at com.kms.katalon.core.main.ScriptEngine.run(ScriptEngine.java:194)
	at com.kms.katalon.core.main.ScriptEngine.runScriptAsRawText(ScriptEngine.java:119)
	at com.kms.katalon.core.main.TestCaseExecutor.runScript(TestCaseExecutor.java:398)
	at com.kms.katalon.core.main.TestCaseExecutor.doExecute(TestCaseExecutor.java:389)
	at com.kms.katalon.core.main.TestCaseExecutor.processExecutionPhase(TestCaseExecutor.java:368)
	at com.kms.katalon.core.main.TestCaseExecutor.accessMainPhase(TestCaseExecutor.java:360)
	at com.kms.katalon.core.main.TestCaseExecutor.execute(TestCaseExecutor.java:255)
	at com.kms.katalon.core.main.TestSuiteExecutor.accessTestCaseMainPhase(TestSuiteExecutor.java:203)
	at com.kms.katalon.core.main.TestSuiteExecutor.accessTestSuiteMainPhase(TestSuiteExecutor.java:152)
	at com.kms.katalon.core.main.TestSuiteExecutor.execute(TestSuiteExecutor.java:95)
	at com.kms.katalon.core.main.TestCaseMain.startTestSuite(TestCaseMain.java:157)
	at com.kms.katalon.core.main.TestCaseMain$startTestSuite$0.call(Unknown Source)
	at TempTestSuite1637111371016.run(TempTestSuite1637111371016.groovy:39)
Caused by: com.kms.katalon.core.exception.StepFailedException: Object Object Repository/Mobile/Page/Metode Pembayaran/Radio Button - Rekening Dana Nasabah not found
	at com.kms.katalon.core.mobile.helper.MobileElementCommonHelper.findElementWithCheck(MobileElementCommonHelper.java:159)
	at com.kms.katalon.core.mobile.helper.MobileElementCommonHelper.getElementTopPosition(MobileElementCommonHelper.java:357)
	at com.kms.katalon.core.mobile.keyword.builtin.GetElementTopPositionKeyword$_getElementTopPosition_closure1.doCall(GetElementTopPositionKeyword.groovy:70)
	at com.kms.katalon.core.mobile.keyword.builtin.GetElementTopPositionKeyword$_getElementTopPosition_closure1.call(GetElementTopPositionKeyword.groovy)
	at com.kms.katalon.core.mobile.keyword.internal.MobileKeywordMain.runKeywordAndReturnInt(MobileKeywordMain.groovy:30)
	at com.kms.katalon.core.mobile.keyword.builtin.GetElementTopPositionKeyword.getElementTopPosition(GetElementTopPositionKeyword.groovy:71)
	at com.kms.katalon.core.mobile.keyword.builtin.GetElementTopPositionKeyword.execute(GetElementTopPositionKeyword.groovy:64)
	at com.kms.katalon.core.keyword.internal.KeywordExecutor.executeKeywordForPlatform(KeywordExecutor.groovy:73)
	at com.kms.katalon.core.mobile.keyword.MobileBuiltInKeywords.getElementTopPosition(MobileBuiltInKeywords.groovy:2600)
	at com.kms.katalon.core.mobile.keyword.MobileBuiltInKeywords$getElementTopPosition$8.call(Unknown Source)
	at Metode Pembayaran.run(Metode Pembayaran:24)
	at com.kms.katalon.core.main.ScriptEngine.run(ScriptEngine.java:194)
	at com.kms.katalon.core.main.ScriptEngine.runScriptAsRawText(ScriptEngine.java:119)
	at com.kms.katalon.core.main.TestCaseExecutor.runScript(TestCaseExecutor.java:398)
	at com.kms.katalon.core.main.TestCaseExecutor.doExecute(TestCaseExecutor.java:389)
	at com.kms.katalon.core.main.TestCaseExecutor.processExecutionPhase(TestCaseExecutor.java:368)
	at com.kms.katalon.core.main.TestCaseExecutor.accessMainPhase(TestCaseExecutor.java:360)
	at com.kms.katalon.core.main.TestCaseExecutor.execute(TestCaseExecutor.java:255)
	at com.kms.katalon.core.main.TestCaseMain.runTestCase(TestCaseMain.java:114)
	at com.kms.katalon.core.keyword.builtin.CallTestCaseKeyword$_callTestCase_closure1.doCall(CallTestCaseKeyword.groovy:59)
	... 36 more
)

2021-11-17 08:34:41 - [TEST_STEP][PASSED] - tap(findTestObject("Mobile/Page/Keranjang/Check Box - Product Checked"), 0): Tapped on element 'Object Repository/Mobile/Page/Keranjang/Check Box - Product Checked'

2021-11-17 08:34:41 - [MESSAGE][WARNING] - Timeout '0' is invalid. Using default page load timeout: '60'

2021-11-17 08:34:41 - [MESSAGE][PASSED] - Tapped on element 'Object Repository/Mobile/Page/Keranjang/Check Box - Product Checked'

2021-11-17 08:34:41 - [TEST_STEP][PASSED] - tap(findTestObject("Mobile/Page/Keranjang/Check Box - Product Uncheck"), 0): Tapped on element 'Object Repository/Mobile/Page/Keranjang/Check Box - Product Uncheck'

2021-11-17 08:34:42 - [MESSAGE][WARNING] - Timeout '0' is invalid. Using default page load timeout: '60'

2021-11-17 08:34:43 - [MESSAGE][PASSED] - Tapped on element 'Object Repository/Mobile/Page/Keranjang/Check Box - Product Uncheck'

2021-11-17 08:34:43 - [TEST_STEP][PASSED] - tap(findTestObject("Mobile/Page/Keranjang/Button - Beli"), 0): Tapped on element 'Object Repository/Mobile/Page/Keranjang/Button - Beli'

2021-11-17 08:34:43 - [MESSAGE][WARNING] - Timeout '0' is invalid. Using default page load timeout: '60'

2021-11-17 08:34:45 - [MESSAGE][PASSED] - Tapped on element 'Object Repository/Mobile/Page/Keranjang/Button - Beli'

2021-11-17 08:34:45 - [TEST_STEP][PASSED] - delay(1): Delayed 1 second(s)

2021-11-17 08:34:46 - [MESSAGE][PASSED] - Delayed 1 second(s)

2021-11-17 08:34:46 - [TEST_STEP][FAILED] - if (buymethod == "rdn"): Unable to call Test Case 'Test Cases/Mobile/Page/Metode Pembayaran/Metode Pembayaran' (Root cause: com.kms.katalon.core.exception.StepFailedException: Call Test Case 'Test Cases/Mobile/Page/Metode Pembayaran/Metode Pembayaran' failed
	at com.kms.katalon.core.keyword.builtin.CallTestCaseKeyword$_callTestCase_closure1.doCall(CallTestCaseKeyword.groovy:63)
	at com.kms.katalon.core.keyword.builtin.CallTestCaseKeyword$_callTestCase_closure1.call(CallTestCaseKeyword.groovy)
	at com.kms.katalon.core.keyword.internal.KeywordMain.runKeyword(KeywordMain.groovy:68)
	at com.kms.katalon.core.keyword.builtin.CallTestCaseKeyword.callTestCase(CallTestCaseKeyword.groovy:81)
	at com.kms.katalon.core.keyword.builtin.CallTestCaseKeyword.execute(CallTestCaseKeyword.groovy:44)
	at com.kms.katalon.core.keyword.internal.KeywordExecutor.executeKeywordForPlatform(KeywordExecutor.groovy:73)
	at com.kms.katalon.core.keyword.BuiltinKeywords.callTestCase(BuiltinKeywords.groovy:350)
	at Transaction.run(Transaction:102)
	at com.kms.katalon.core.main.ScriptEngine.run(ScriptEngine.java:194)
	at com.kms.katalon.core.main.ScriptEngine.runScriptAsRawText(ScriptEngine.java:119)
	at com.kms.katalon.core.main.TestCaseExecutor.runScript(TestCaseExecutor.java:398)
	at com.kms.katalon.core.main.TestCaseExecutor.doExecute(TestCaseExecutor.java:389)
	at com.kms.katalon.core.main.TestCaseExecutor.processExecutionPhase(TestCaseExecutor.java:368)
	at com.kms.katalon.core.main.TestCaseExecutor.accessMainPhase(TestCaseExecutor.java:360)
	at com.kms.katalon.core.main.TestCaseExecutor.execute(TestCaseExecutor.java:255)
	at com.kms.katalon.core.main.TestCaseMain.runTestCase(TestCaseMain.java:114)
	at com.kms.katalon.core.keyword.builtin.CallTestCaseKeyword$_callTestCase_closure1.doCall(CallTestCaseKeyword.groovy:59)
	at com.kms.katalon.core.keyword.builtin.CallTestCaseKeyword$_callTestCase_closure1.call(CallTestCaseKeyword.groovy)
	at com.kms.katalon.core.keyword.internal.KeywordMain.runKeyword(KeywordMain.groovy:68)
	at com.kms.katalon.core.keyword.builtin.CallTestCaseKeyword.callTestCase(CallTestCaseKeyword.groovy:81)
	at com.kms.katalon.core.keyword.builtin.CallTestCaseKeyword.execute(CallTestCaseKeyword.groovy:44)
	at com.kms.katalon.core.keyword.internal.KeywordExecutor.executeKeywordForPlatform(KeywordExecutor.groovy:73)
	at com.kms.katalon.core.keyword.BuiltinKeywords.callTestCase(BuiltinKeywords.groovy:334)
	at 020 - Beli reksa dana melalui keranjang menggunakan Rekening Data Nasabah.run(020 - Beli reksa dana melalui keranjang menggunakan Rekening Data Nasabah:22)
	at com.kms.katalon.core.main.ScriptEngine.run(ScriptEngine.java:194)
	at com.kms.katalon.core.main.ScriptEngine.runScriptAsRawText(ScriptEngine.java:119)
	at com.kms.katalon.core.main.TestCaseExecutor.runScript(TestCaseExecutor.java:398)
	at com.kms.katalon.core.main.TestCaseExecutor.doExecute(TestCaseExecutor.java:389)
	at com.kms.katalon.core.main.TestCaseExecutor.processExecutionPhase(TestCaseExecutor.java:368)
	at com.kms.katalon.core.main.TestCaseExecutor.accessMainPhase(TestCaseExecutor.java:360)
	at com.kms.katalon.core.main.TestCaseExecutor.execute(TestCaseExecutor.java:255)
	at com.kms.katalon.core.main.TestSuiteExecutor.accessTestCaseMainPhase(TestSuiteExecutor.java:203)
	at com.kms.katalon.core.main.TestSuiteExecutor.accessTestSuiteMainPhase(TestSuiteExecutor.java:152)
	at com.kms.katalon.core.main.TestSuiteExecutor.execute(TestSuiteExecutor.java:95)
	at com.kms.katalon.core.main.TestCaseMain.startTestSuite(TestCaseMain.java:157)
	at com.kms.katalon.core.main.TestCaseMain$startTestSuite$0.call(Unknown Source)
	at TempTestSuite1637111371016.run(TempTestSuite1637111371016.groovy:39)
Caused by: com.kms.katalon.core.exception.StepFailedException: Object Object Repository/Mobile/Page/Metode Pembayaran/Radio Button - Rekening Dana Nasabah not found
	at com.kms.katalon.core.mobile.helper.MobileElementCommonHelper.findElementWithCheck(MobileElementCommonHelper.java:159)
	at com.kms.katalon.core.mobile.helper.MobileElementCommonHelper.getElementTopPosition(MobileElementCommonHelper.java:357)
	at com.kms.katalon.core.mobile.keyword.builtin.GetElementTopPositionKeyword$_getElementTopPosition_closure1.doCall(GetElementTopPositionKeyword.groovy:70)
	at com.kms.katalon.core.mobile.keyword.builtin.GetElementTopPositionKeyword$_getElementTopPosition_closure1.call(GetElementTopPositionKeyword.groovy)
	at com.kms.katalon.core.mobile.keyword.internal.MobileKeywordMain.runKeywordAndReturnInt(MobileKeywordMain.groovy:30)
	at com.kms.katalon.core.mobile.keyword.builtin.GetElementTopPositionKeyword.getElementTopPosition(GetElementTopPositionKeyword.groovy:71)
	at com.kms.katalon.core.mobile.keyword.builtin.GetElementTopPositionKeyword.execute(GetElementTopPositionKeyword.groovy:64)
	at com.kms.katalon.core.keyword.internal.KeywordExecutor.executeKeywordForPlatform(KeywordExecutor.groovy:73)
	at com.kms.katalon.core.mobile.keyword.MobileBuiltInKeywords.getElementTopPosition(MobileBuiltInKeywords.groovy:2600)
	at com.kms.katalon.core.mobile.keyword.MobileBuiltInKeywords$getElementTopPosition$8.call(Unknown Source)
	at Metode Pembayaran.run(Metode Pembayaran:24)
	at com.kms.katalon.core.main.ScriptEngine.run(ScriptEngine.java:194)
	at com.kms.katalon.core.main.ScriptEngine.runScriptAsRawText(ScriptEngine.java:119)
	at com.kms.katalon.core.main.TestCaseExecutor.runScript(TestCaseExecutor.java:398)
	at com.kms.katalon.core.main.TestCaseExecutor.doExecute(TestCaseExecutor.java:389)
	at com.kms.katalon.core.main.TestCaseExecutor.processExecutionPhase(TestCaseExecutor.java:368)
	at com.kms.katalon.core.main.TestCaseExecutor.accessMainPhase(TestCaseExecutor.java:360)
	at com.kms.katalon.core.main.TestCaseExecutor.execute(TestCaseExecutor.java:255)
	at com.kms.katalon.core.main.TestCaseMain.runTestCase(TestCaseMain.java:114)
	at com.kms.katalon.core.keyword.builtin.CallTestCaseKeyword$_callTestCase_closure1.doCall(CallTestCaseKeyword.groovy:59)
	... 36 more
)

2021-11-17 08:34:46 - [TEST_STEP][FAILED] - callTestCase(findTestCase("Mobile/Page/Metode Pembayaran/Metode Pembayaran"), ["metodePembayaran":"Rekening Dana Nasabah"]): Unable to call Test Case 'Test Cases/Mobile/Page/Metode Pembayaran/Metode Pembayaran' (Root cause: com.kms.katalon.core.exception.StepFailedException: Call Test Case 'Test Cases/Mobile/Page/Metode Pembayaran/Metode Pembayaran' failed
	at com.kms.katalon.core.keyword.builtin.CallTestCaseKeyword$_callTestCase_closure1.doCall(CallTestCaseKeyword.groovy:63)
	at com.kms.katalon.core.keyword.builtin.CallTestCaseKeyword$_callTestCase_closure1.call(CallTestCaseKeyword.groovy)
	at com.kms.katalon.core.keyword.internal.KeywordMain.runKeyword(KeywordMain.groovy:68)
	at com.kms.katalon.core.keyword.builtin.CallTestCaseKeyword.callTestCase(CallTestCaseKeyword.groovy:81)
	at com.kms.katalon.core.keyword.builtin.CallTestCaseKeyword.execute(CallTestCaseKeyword.groovy:44)
	at com.kms.katalon.core.keyword.internal.KeywordExecutor.executeKeywordForPlatform(KeywordExecutor.groovy:73)
	at com.kms.katalon.core.keyword.BuiltinKeywords.callTestCase(BuiltinKeywords.groovy:350)
	at Transaction.run(Transaction:102)
	at com.kms.katalon.core.main.ScriptEngine.run(ScriptEngine.java:194)
	at com.kms.katalon.core.main.ScriptEngine.runScriptAsRawText(ScriptEngine.java:119)
	at com.kms.katalon.core.main.TestCaseExecutor.runScript(TestCaseExecutor.java:398)
	at com.kms.katalon.core.main.TestCaseExecutor.doExecute(TestCaseExecutor.java:389)
	at com.kms.katalon.core.main.TestCaseExecutor.processExecutionPhase(TestCaseExecutor.java:368)
	at com.kms.katalon.core.main.TestCaseExecutor.accessMainPhase(TestCaseExecutor.java:360)
	at com.kms.katalon.core.main.TestCaseExecutor.execute(TestCaseExecutor.java:255)
	at com.kms.katalon.core.main.TestCaseMain.runTestCase(TestCaseMain.java:114)
	at com.kms.katalon.core.keyword.builtin.CallTestCaseKeyword$_callTestCase_closure1.doCall(CallTestCaseKeyword.groovy:59)
	at com.kms.katalon.core.keyword.builtin.CallTestCaseKeyword$_callTestCase_closure1.call(CallTestCaseKeyword.groovy)
	at com.kms.katalon.core.keyword.internal.KeywordMain.runKeyword(KeywordMain.groovy:68)
	at com.kms.katalon.core.keyword.builtin.CallTestCaseKeyword.callTestCase(CallTestCaseKeyword.groovy:81)
	at com.kms.katalon.core.keyword.builtin.CallTestCaseKeyword.execute(CallTestCaseKeyword.groovy:44)
	at com.kms.katalon.core.keyword.internal.KeywordExecutor.executeKeywordForPlatform(KeywordExecutor.groovy:73)
	at com.kms.katalon.core.keyword.BuiltinKeywords.callTestCase(BuiltinKeywords.groovy:334)
	at 020 - Beli reksa dana melalui keranjang menggunakan Rekening Data Nasabah.run(020 - Beli reksa dana melalui keranjang menggunakan Rekening Data Nasabah:22)
	at com.kms.katalon.core.main.ScriptEngine.run(ScriptEngine.java:194)
	at com.kms.katalon.core.main.ScriptEngine.runScriptAsRawText(ScriptEngine.java:119)
	at com.kms.katalon.core.main.TestCaseExecutor.runScript(TestCaseExecutor.java:398)
	at com.kms.katalon.core.main.TestCaseExecutor.doExecute(TestCaseExecutor.java:389)
	at com.kms.katalon.core.main.TestCaseExecutor.processExecutionPhase(TestCaseExecutor.java:368)
	at com.kms.katalon.core.main.TestCaseExecutor.accessMainPhase(TestCaseExecutor.java:360)
	at com.kms.katalon.core.main.TestCaseExecutor.execute(TestCaseExecutor.java:255)
	at com.kms.katalon.core.main.TestSuiteExecutor.accessTestCaseMainPhase(TestSuiteExecutor.java:203)
	at com.kms.katalon.core.main.TestSuiteExecutor.accessTestSuiteMainPhase(TestSuiteExecutor.java:152)
	at com.kms.katalon.core.main.TestSuiteExecutor.execute(TestSuiteExecutor.java:95)
	at com.kms.katalon.core.main.TestCaseMain.startTestSuite(TestCaseMain.java:157)
	at com.kms.katalon.core.main.TestCaseMain$startTestSuite$0.call(Unknown Source)
	at TempTestSuite1637111371016.run(TempTestSuite1637111371016.groovy:39)
Caused by: com.kms.katalon.core.exception.StepFailedException: Object Object Repository/Mobile/Page/Metode Pembayaran/Radio Button - Rekening Dana Nasabah not found
	at com.kms.katalon.core.mobile.helper.MobileElementCommonHelper.findElementWithCheck(MobileElementCommonHelper.java:159)
	at com.kms.katalon.core.mobile.helper.MobileElementCommonHelper.getElementTopPosition(MobileElementCommonHelper.java:357)
	at com.kms.katalon.core.mobile.keyword.builtin.GetElementTopPositionKeyword$_getElementTopPosition_closure1.doCall(GetElementTopPositionKeyword.groovy:70)
	at com.kms.katalon.core.mobile.keyword.builtin.GetElementTopPositionKeyword$_getElementTopPosition_closure1.call(GetElementTopPositionKeyword.groovy)
	at com.kms.katalon.core.mobile.keyword.internal.MobileKeywordMain.runKeywordAndReturnInt(MobileKeywordMain.groovy:30)
	at com.kms.katalon.core.mobile.keyword.builtin.GetElementTopPositionKeyword.getElementTopPosition(GetElementTopPositionKeyword.groovy:71)
	at com.kms.katalon.core.mobile.keyword.builtin.GetElementTopPositionKeyword.execute(GetElementTopPositionKeyword.groovy:64)
	at com.kms.katalon.core.keyword.internal.KeywordExecutor.executeKeywordForPlatform(KeywordExecutor.groovy:73)
	at com.kms.katalon.core.mobile.keyword.MobileBuiltInKeywords.getElementTopPosition(MobileBuiltInKeywords.groovy:2600)
	at com.kms.katalon.core.mobile.keyword.MobileBuiltInKeywords$getElementTopPosition$8.call(Unknown Source)
	at Metode Pembayaran.run(Metode Pembayaran:24)
	at com.kms.katalon.core.main.ScriptEngine.run(ScriptEngine.java:194)
	at com.kms.katalon.core.main.ScriptEngine.runScriptAsRawText(ScriptEngine.java:119)
	at com.kms.katalon.core.main.TestCaseExecutor.runScript(TestCaseExecutor.java:398)
	at com.kms.katalon.core.main.TestCaseExecutor.doExecute(TestCaseExecutor.java:389)
	at com.kms.katalon.core.main.TestCaseExecutor.processExecutionPhase(TestCaseExecutor.java:368)
	at com.kms.katalon.core.main.TestCaseExecutor.accessMainPhase(TestCaseExecutor.java:360)
	at com.kms.katalon.core.main.TestCaseExecutor.execute(TestCaseExecutor.java:255)
	at com.kms.katalon.core.main.TestCaseMain.runTestCase(TestCaseMain.java:114)
	at com.kms.katalon.core.keyword.builtin.CallTestCaseKeyword$_callTestCase_closure1.doCall(CallTestCaseKeyword.groovy:59)
	... 36 more
)

2021-11-17 08:34:46 - [TEST_CASE][FAILED] - Test Cases/Mobile/Page/Metode Pembayaran/Metode Pembayaran: Test Cases/Mobile/Page/Metode Pembayaran/Metode Pembayaran FAILED.
Reason:
com.kms.katalon.core.exception.StepFailedException: Object Object Repository/Mobile/Page/Metode Pembayaran/Radio Button - Rekening Dana Nasabah not found
	at com.kms.katalon.core.mobile.helper.MobileElementCommonHelper.findElementWithCheck(MobileElementCommonHelper.java:159)
	at com.kms.katalon.core.mobile.helper.MobileElementCommonHelper.getElementTopPosition(MobileElementCommonHelper.java:357)
	at com.kms.katalon.core.mobile.keyword.builtin.GetElementTopPositionKeyword$_getElementTopPosition_closure1.doCall(GetElementTopPositionKeyword.groovy:70)
	at com.kms.katalon.core.mobile.keyword.builtin.GetElementTopPositionKeyword$_getElementTopPosition_closure1.call(GetElementTopPositionKeyword.groovy)
	at com.kms.katalon.core.mobile.keyword.internal.MobileKeywordMain.runKeywordAndReturnInt(MobileKeywordMain.groovy:30)
	at com.kms.katalon.core.mobile.keyword.builtin.GetElementTopPositionKeyword.getElementTopPosition(GetElementTopPositionKeyword.groovy:71)
	at com.kms.katalon.core.mobile.keyword.builtin.GetElementTopPositionKeyword.execute(GetElementTopPositionKeyword.groovy:64)
	at com.kms.katalon.core.keyword.internal.KeywordExecutor.executeKeywordForPlatform(KeywordExecutor.groovy:73)
	at com.kms.katalon.core.mobile.keyword.MobileBuiltInKeywords.getElementTopPosition(MobileBuiltInKeywords.groovy:2600)
	at com.kms.katalon.core.mobile.keyword.MobileBuiltInKeywords$getElementTopPosition$8.call(Unknown Source)
	at Metode Pembayaran.run(Metode Pembayaran:24)
	at com.kms.katalon.core.main.ScriptEngine.run(ScriptEngine.java:194)
	at com.kms.katalon.core.main.ScriptEngine.runScriptAsRawText(ScriptEngine.java:119)
	at com.kms.katalon.core.main.TestCaseExecutor.runScript(TestCaseExecutor.java:398)
	at com.kms.katalon.core.main.TestCaseExecutor.doExecute(TestCaseExecutor.java:389)
	at com.kms.katalon.core.main.TestCaseExecutor.processExecutionPhase(TestCaseExecutor.java:368)
	at com.kms.katalon.core.main.TestCaseExecutor.accessMainPhase(TestCaseExecutor.java:360)
	at com.kms.katalon.core.main.TestCaseExecutor.execute(TestCaseExecutor.java:255)
	at com.kms.katalon.core.main.TestCaseMain.runTestCase(TestCaseMain.java:114)
	at com.kms.katalon.core.keyword.builtin.CallTestCaseKeyword$_callTestCase_closure1.doCall(CallTestCaseKeyword.groovy:59)
	at com.kms.katalon.core.keyword.builtin.CallTestCaseKeyword$_callTestCase_closure1.call(CallTestCaseKeyword.groovy)
	at com.kms.katalon.core.keyword.internal.KeywordMain.runKeyword(KeywordMain.groovy:68)
	at com.kms.katalon.core.keyword.builtin.CallTestCaseKeyword.callTestCase(CallTestCaseKeyword.groovy:81)
	at com.kms.katalon.core.keyword.builtin.CallTestCaseKeyword.execute(CallTestCaseKeyword.groovy:44)
	at com.kms.katalon.core.keyword.internal.KeywordExecutor.executeKeywordForPlatform(KeywordExecutor.groovy:73)
	at com.kms.katalon.core.keyword.BuiltinKeywords.callTestCase(BuiltinKeywords.groovy:350)
	at Transaction.run(Transaction:102)
	at com.kms.katalon.core.main.ScriptEngine.run(ScriptEngine.java:194)
	at com.kms.katalon.core.main.ScriptEngine.runScriptAsRawText(ScriptEngine.java:119)
	at com.kms.katalon.core.main.TestCaseExecutor.runScript(TestCaseExecutor.java:398)
	at com.kms.katalon.core.main.TestCaseExecutor.doExecute(TestCaseExecutor.java:389)
	at com.kms.katalon.core.main.TestCaseExecutor.processExecutionPhase(TestCaseExecutor.java:368)
	at com.kms.katalon.core.main.TestCaseExecutor.accessMainPhase(TestCaseExecutor.java:360)
	at com.kms.katalon.core.main.TestCaseExecutor.execute(TestCaseExecutor.java:255)
	at com.kms.katalon.core.main.TestCaseMain.runTestCase(TestCaseMain.java:114)
	at com.kms.katalon.core.keyword.builtin.CallTestCaseKeyword$_callTestCase_closure1.doCall(CallTestCaseKeyword.groovy:59)
	at com.kms.katalon.core.keyword.builtin.CallTestCaseKeyword$_callTestCase_closure1.call(CallTestCaseKeyword.groovy)
	at com.kms.katalon.core.keyword.internal.KeywordMain.runKeyword(KeywordMain.groovy:68)
	at com.kms.katalon.core.keyword.builtin.CallTestCaseKeyword.callTestCase(CallTestCaseKeyword.groovy:81)
	at com.kms.katalon.core.keyword.builtin.CallTestCaseKeyword.execute(CallTestCaseKeyword.groovy:44)
	at com.kms.katalon.core.keyword.internal.KeywordExecutor.executeKeywordForPlatform(KeywordExecutor.groovy:73)
	at com.kms.katalon.core.keyword.BuiltinKeywords.callTestCase(BuiltinKeywords.groovy:334)
	at 020 - Beli reksa dana melalui keranjang menggunakan Rekening Data Nasabah.run(020 - Beli reksa dana melalui keranjang menggunakan Rekening Data Nasabah:22)
	at com.kms.katalon.core.main.ScriptEngine.run(ScriptEngine.java:194)
	at com.kms.katalon.core.main.ScriptEngine.runScriptAsRawText(ScriptEngine.java:119)
	at com.kms.katalon.core.main.TestCaseExecutor.runScript(TestCaseExecutor.java:398)
	at com.kms.katalon.core.main.TestCaseExecutor.doExecute(TestCaseExecutor.java:389)
	at com.kms.katalon.core.main.TestCaseExecutor.processExecutionPhase(TestCaseExecutor.java:368)
	at com.kms.katalon.core.main.TestCaseExecutor.accessMainPhase(TestCaseExecutor.java:360)
	at com.kms.katalon.core.main.TestCaseExecutor.execute(TestCaseExecutor.java:255)
	at com.kms.katalon.core.main.TestSuiteExecutor.accessTestCaseMainPhase(TestSuiteExecutor.java:203)
	at com.kms.katalon.core.main.TestSuiteExecutor.accessTestSuiteMainPhase(TestSuiteExecutor.java:152)
	at com.kms.katalon.core.main.TestSuiteExecutor.execute(TestSuiteExecutor.java:95)
	at com.kms.katalon.core.main.TestCaseMain.startTestSuite(TestCaseMain.java:157)
	at com.kms.katalon.core.main.TestCaseMain$startTestSuite$0.call(Unknown Source)
	at TempTestSuite1637111371016.run(TempTestSuite1637111371016.groovy:39)


2021-11-17 08:34:47 - [TEST_STEP][FAILED] - switch (metodePembayaran): Failed to get top position of element 'Object Repository/Mobile/Page/Metode Pembayaran/Radio Button - Rekening Dana Nasabah' (Root cause: com.kms.katalon.core.exception.StepFailedException: Object Object Repository/Mobile/Page/Metode Pembayaran/Radio Button - Rekening Dana Nasabah not found
	at com.kms.katalon.core.mobile.helper.MobileElementCommonHelper.findElementWithCheck(MobileElementCommonHelper.java:159)
	at com.kms.katalon.core.mobile.helper.MobileElementCommonHelper.getElementTopPosition(MobileElementCommonHelper.java:357)
	at com.kms.katalon.core.mobile.keyword.builtin.GetElementTopPositionKeyword$_getElementTopPosition_closure1.doCall(GetElementTopPositionKeyword.groovy:70)
	at com.kms.katalon.core.mobile.keyword.builtin.GetElementTopPositionKeyword$_getElementTopPosition_closure1.call(GetElementTopPositionKeyword.groovy)
	at com.kms.katalon.core.mobile.keyword.internal.MobileKeywordMain.runKeywordAndReturnInt(MobileKeywordMain.groovy:30)
	at com.kms.katalon.core.mobile.keyword.builtin.GetElementTopPositionKeyword.getElementTopPosition(GetElementTopPositionKeyword.groovy:71)
	at com.kms.katalon.core.mobile.keyword.builtin.GetElementTopPositionKeyword.execute(GetElementTopPositionKeyword.groovy:64)
	at com.kms.katalon.core.keyword.internal.KeywordExecutor.executeKeywordForPlatform(KeywordExecutor.groovy:73)
	at com.kms.katalon.core.mobile.keyword.MobileBuiltInKeywords.getElementTopPosition(MobileBuiltInKeywords.groovy:2600)
	at com.kms.katalon.core.mobile.keyword.MobileBuiltInKeywords$getElementTopPosition$8.call(Unknown Source)
	at Metode Pembayaran.run(Metode Pembayaran:24)
	at com.kms.katalon.core.main.ScriptEngine.run(ScriptEngine.java:194)
	at com.kms.katalon.core.main.ScriptEngine.runScriptAsRawText(ScriptEngine.java:119)
	at com.kms.katalon.core.main.TestCaseExecutor.runScript(TestCaseExecutor.java:398)
	at com.kms.katalon.core.main.TestCaseExecutor.doExecute(TestCaseExecutor.java:389)
	at com.kms.katalon.core.main.TestCaseExecutor.processExecutionPhase(TestCaseExecutor.java:368)
	at com.kms.katalon.core.main.TestCaseExecutor.accessMainPhase(TestCaseExecutor.java:360)
	at com.kms.katalon.core.main.TestCaseExecutor.execute(TestCaseExecutor.java:255)
	at com.kms.katalon.core.main.TestCaseMain.runTestCase(TestCaseMain.java:114)
	at com.kms.katalon.core.keyword.builtin.CallTestCaseKeyword$_callTestCase_closure1.doCall(CallTestCaseKeyword.groovy:59)
	at com.kms.katalon.core.keyword.builtin.CallTestCaseKeyword$_callTestCase_closure1.call(CallTestCaseKeyword.groovy)
	at com.kms.katalon.core.keyword.internal.KeywordMain.runKeyword(KeywordMain.groovy:68)
	at com.kms.katalon.core.keyword.builtin.CallTestCaseKeyword.callTestCase(CallTestCaseKeyword.groovy:81)
	at com.kms.katalon.core.keyword.builtin.CallTestCaseKeyword.execute(CallTestCaseKeyword.groovy:44)
	at com.kms.katalon.core.keyword.internal.KeywordExecutor.executeKeywordForPlatform(KeywordExecutor.groovy:73)
	at com.kms.katalon.core.keyword.BuiltinKeywords.callTestCase(BuiltinKeywords.groovy:350)
	at Transaction.run(Transaction:102)
	at com.kms.katalon.core.main.ScriptEngine.run(ScriptEngine.java:194)
	at com.kms.katalon.core.main.ScriptEngine.runScriptAsRawText(ScriptEngine.java:119)
	at com.kms.katalon.core.main.TestCaseExecutor.runScript(TestCaseExecutor.java:398)
	at com.kms.katalon.core.main.TestCaseExecutor.doExecute(TestCaseExecutor.java:389)
	at com.kms.katalon.core.main.TestCaseExecutor.processExecutionPhase(TestCaseExecutor.java:368)
	at com.kms.katalon.core.main.TestCaseExecutor.accessMainPhase(TestCaseExecutor.java:360)
	at com.kms.katalon.core.main.TestCaseExecutor.execute(TestCaseExecutor.java:255)
	at com.kms.katalon.core.main.TestCaseMain.runTestCase(TestCaseMain.java:114)
	at com.kms.katalon.core.keyword.builtin.CallTestCaseKeyword$_callTestCase_closure1.doCall(CallTestCaseKeyword.groovy:59)
	at com.kms.katalon.core.keyword.builtin.CallTestCaseKeyword$_callTestCase_closure1.call(CallTestCaseKeyword.groovy)
	at com.kms.katalon.core.keyword.internal.KeywordMain.runKeyword(KeywordMain.groovy:68)
	at com.kms.katalon.core.keyword.builtin.CallTestCaseKeyword.callTestCase(CallTestCaseKeyword.groovy:81)
	at com.kms.katalon.core.keyword.builtin.CallTestCaseKeyword.execute(CallTestCaseKeyword.groovy:44)
	at com.kms.katalon.core.keyword.internal.KeywordExecutor.executeKeywordForPlatform(KeywordExecutor.groovy:73)
	at com.kms.katalon.core.keyword.BuiltinKeywords.callTestCase(BuiltinKeywords.groovy:334)
	at 020 - Beli reksa dana melalui keranjang menggunakan Rekening Data Nasabah.run(020 - Beli reksa dana melalui keranjang menggunakan Rekening Data Nasabah:22)
	at com.kms.katalon.core.main.ScriptEngine.run(ScriptEngine.java:194)
	at com.kms.katalon.core.main.ScriptEngine.runScriptAsRawText(ScriptEngine.java:119)
	at com.kms.katalon.core.main.TestCaseExecutor.runScript(TestCaseExecutor.java:398)
	at com.kms.katalon.core.main.TestCaseExecutor.doExecute(TestCaseExecutor.java:389)
	at com.kms.katalon.core.main.TestCaseExecutor.processExecutionPhase(TestCaseExecutor.java:368)
	at com.kms.katalon.core.main.TestCaseExecutor.accessMainPhase(TestCaseExecutor.java:360)
	at com.kms.katalon.core.main.TestCaseExecutor.execute(TestCaseExecutor.java:255)
	at com.kms.katalon.core.main.TestSuiteExecutor.accessTestCaseMainPhase(TestSuiteExecutor.java:203)
	at com.kms.katalon.core.main.TestSuiteExecutor.accessTestSuiteMainPhase(TestSuiteExecutor.java:152)
	at com.kms.katalon.core.main.TestSuiteExecutor.execute(TestSuiteExecutor.java:95)
	at com.kms.katalon.core.main.TestCaseMain.startTestSuite(TestCaseMain.java:157)
	at com.kms.katalon.core.main.TestCaseMain$startTestSuite$0.call(Unknown Source)
	at TempTestSuite1637111371016.run(TempTestSuite1637111371016.groovy:39)
)

2021-11-17 08:34:47 - [TEST_STEP][FAILED] - case "Rekening Dana Nasabah":: Failed to get top position of element 'Object Repository/Mobile/Page/Metode Pembayaran/Radio Button - Rekening Dana Nasabah' (Root cause: com.kms.katalon.core.exception.StepFailedException: Object Object Repository/Mobile/Page/Metode Pembayaran/Radio Button - Rekening Dana Nasabah not found
	at com.kms.katalon.core.mobile.helper.MobileElementCommonHelper.findElementWithCheck(MobileElementCommonHelper.java:159)
	at com.kms.katalon.core.mobile.helper.MobileElementCommonHelper.getElementTopPosition(MobileElementCommonHelper.java:357)
	at com.kms.katalon.core.mobile.keyword.builtin.GetElementTopPositionKeyword$_getElementTopPosition_closure1.doCall(GetElementTopPositionKeyword.groovy:70)
	at com.kms.katalon.core.mobile.keyword.builtin.GetElementTopPositionKeyword$_getElementTopPosition_closure1.call(GetElementTopPositionKeyword.groovy)
	at com.kms.katalon.core.mobile.keyword.internal.MobileKeywordMain.runKeywordAndReturnInt(MobileKeywordMain.groovy:30)
	at com.kms.katalon.core.mobile.keyword.builtin.GetElementTopPositionKeyword.getElementTopPosition(GetElementTopPositionKeyword.groovy:71)
	at com.kms.katalon.core.mobile.keyword.builtin.GetElementTopPositionKeyword.execute(GetElementTopPositionKeyword.groovy:64)
	at com.kms.katalon.core.keyword.internal.KeywordExecutor.executeKeywordForPlatform(KeywordExecutor.groovy:73)
	at com.kms.katalon.core.mobile.keyword.MobileBuiltInKeywords.getElementTopPosition(MobileBuiltInKeywords.groovy:2600)
	at com.kms.katalon.core.mobile.keyword.MobileBuiltInKeywords$getElementTopPosition$8.call(Unknown Source)
	at Metode Pembayaran.run(Metode Pembayaran:24)
	at com.kms.katalon.core.main.ScriptEngine.run(ScriptEngine.java:194)
	at com.kms.katalon.core.main.ScriptEngine.runScriptAsRawText(ScriptEngine.java:119)
	at com.kms.katalon.core.main.TestCaseExecutor.runScript(TestCaseExecutor.java:398)
	at com.kms.katalon.core.main.TestCaseExecutor.doExecute(TestCaseExecutor.java:389)
	at com.kms.katalon.core.main.TestCaseExecutor.processExecutionPhase(TestCaseExecutor.java:368)
	at com.kms.katalon.core.main.TestCaseExecutor.accessMainPhase(TestCaseExecutor.java:360)
	at com.kms.katalon.core.main.TestCaseExecutor.execute(TestCaseExecutor.java:255)
	at com.kms.katalon.core.main.TestCaseMain.runTestCase(TestCaseMain.java:114)
	at com.kms.katalon.core.keyword.builtin.CallTestCaseKeyword$_callTestCase_closure1.doCall(CallTestCaseKeyword.groovy:59)
	at com.kms.katalon.core.keyword.builtin.CallTestCaseKeyword$_callTestCase_closure1.call(CallTestCaseKeyword.groovy)
	at com.kms.katalon.core.keyword.internal.KeywordMain.runKeyword(KeywordMain.groovy:68)
	at com.kms.katalon.core.keyword.builtin.CallTestCaseKeyword.callTestCase(CallTestCaseKeyword.groovy:81)
	at com.kms.katalon.core.keyword.builtin.CallTestCaseKeyword.execute(CallTestCaseKeyword.groovy:44)
	at com.kms.katalon.core.keyword.internal.KeywordExecutor.executeKeywordForPlatform(KeywordExecutor.groovy:73)
	at com.kms.katalon.core.keyword.BuiltinKeywords.callTestCase(BuiltinKeywords.groovy:350)
	at Transaction.run(Transaction:102)
	at com.kms.katalon.core.main.ScriptEngine.run(ScriptEngine.java:194)
	at com.kms.katalon.core.main.ScriptEngine.runScriptAsRawText(ScriptEngine.java:119)
	at com.kms.katalon.core.main.TestCaseExecutor.runScript(TestCaseExecutor.java:398)
	at com.kms.katalon.core.main.TestCaseExecutor.doExecute(TestCaseExecutor.java:389)
	at com.kms.katalon.core.main.TestCaseExecutor.processExecutionPhase(TestCaseExecutor.java:368)
	at com.kms.katalon.core.main.TestCaseExecutor.accessMainPhase(TestCaseExecutor.java:360)
	at com.kms.katalon.core.main.TestCaseExecutor.execute(TestCaseExecutor.java:255)
	at com.kms.katalon.core.main.TestCaseMain.runTestCase(TestCaseMain.java:114)
	at com.kms.katalon.core.keyword.builtin.CallTestCaseKeyword$_callTestCase_closure1.doCall(CallTestCaseKeyword.groovy:59)
	at com.kms.katalon.core.keyword.builtin.CallTestCaseKeyword$_callTestCase_closure1.call(CallTestCaseKeyword.groovy)
	at com.kms.katalon.core.keyword.internal.KeywordMain.runKeyword(KeywordMain.groovy:68)
	at com.kms.katalon.core.keyword.builtin.CallTestCaseKeyword.callTestCase(CallTestCaseKeyword.groovy:81)
	at com.kms.katalon.core.keyword.builtin.CallTestCaseKeyword.execute(CallTestCaseKeyword.groovy:44)
	at com.kms.katalon.core.keyword.internal.KeywordExecutor.executeKeywordForPlatform(KeywordExecutor.groovy:73)
	at com.kms.katalon.core.keyword.BuiltinKeywords.callTestCase(BuiltinKeywords.groovy:334)
	at 020 - Beli reksa dana melalui keranjang menggunakan Rekening Data Nasabah.run(020 - Beli reksa dana melalui keranjang menggunakan Rekening Data Nasabah:22)
	at com.kms.katalon.core.main.ScriptEngine.run(ScriptEngine.java:194)
	at com.kms.katalon.core.main.ScriptEngine.runScriptAsRawText(ScriptEngine.java:119)
	at com.kms.katalon.core.main.TestCaseExecutor.runScript(TestCaseExecutor.java:398)
	at com.kms.katalon.core.main.TestCaseExecutor.doExecute(TestCaseExecutor.java:389)
	at com.kms.katalon.core.main.TestCaseExecutor.processExecutionPhase(TestCaseExecutor.java:368)
	at com.kms.katalon.core.main.TestCaseExecutor.accessMainPhase(TestCaseExecutor.java:360)
	at com.kms.katalon.core.main.TestCaseExecutor.execute(TestCaseExecutor.java:255)
	at com.kms.katalon.core.main.TestSuiteExecutor.accessTestCaseMainPhase(TestSuiteExecutor.java:203)
	at com.kms.katalon.core.main.TestSuiteExecutor.accessTestSuiteMainPhase(TestSuiteExecutor.java:152)
	at com.kms.katalon.core.main.TestSuiteExecutor.execute(TestSuiteExecutor.java:95)
	at com.kms.katalon.core.main.TestCaseMain.startTestSuite(TestCaseMain.java:157)
	at com.kms.katalon.core.main.TestCaseMain$startTestSuite$0.call(Unknown Source)
	at TempTestSuite1637111371016.run(TempTestSuite1637111371016.groovy:39)
)

2021-11-17 08:34:47 - [TEST_STEP][PASSED] - rdn = findTestObject("Mobile/Page/Metode Pembayaran/Radio Button - Rekening Dana Nasabah"): null

2021-11-17 08:34:47 - [TEST_STEP][FAILED] - topPosition = getElementTopPosition(rdn, 0): Failed to get top position of element 'Object Repository/Mobile/Page/Metode Pembayaran/Radio Button - Rekening Dana Nasabah' (Root cause: com.kms.katalon.core.exception.StepFailedException: Object Object Repository/Mobile/Page/Metode Pembayaran/Radio Button - Rekening Dana Nasabah not found
	at com.kms.katalon.core.mobile.helper.MobileElementCommonHelper.findElementWithCheck(MobileElementCommonHelper.java:159)
	at com.kms.katalon.core.mobile.helper.MobileElementCommonHelper.getElementTopPosition(MobileElementCommonHelper.java:357)
	at com.kms.katalon.core.mobile.keyword.builtin.GetElementTopPositionKeyword$_getElementTopPosition_closure1.doCall(GetElementTopPositionKeyword.groovy:70)
	at com.kms.katalon.core.mobile.keyword.builtin.GetElementTopPositionKeyword$_getElementTopPosition_closure1.call(GetElementTopPositionKeyword.groovy)
	at com.kms.katalon.core.mobile.keyword.internal.MobileKeywordMain.runKeywordAndReturnInt(MobileKeywordMain.groovy:30)
	at com.kms.katalon.core.mobile.keyword.builtin.GetElementTopPositionKeyword.getElementTopPosition(GetElementTopPositionKeyword.groovy:71)
	at com.kms.katalon.core.mobile.keyword.builtin.GetElementTopPositionKeyword.execute(GetElementTopPositionKeyword.groovy:64)
	at com.kms.katalon.core.keyword.internal.KeywordExecutor.executeKeywordForPlatform(KeywordExecutor.groovy:73)
	at com.kms.katalon.core.mobile.keyword.MobileBuiltInKeywords.getElementTopPosition(MobileBuiltInKeywords.groovy:2600)
	at com.kms.katalon.core.mobile.keyword.MobileBuiltInKeywords$getElementTopPosition$8.call(Unknown Source)
	at Metode Pembayaran.run(Metode Pembayaran:24)
	at com.kms.katalon.core.main.ScriptEngine.run(ScriptEngine.java:194)
	at com.kms.katalon.core.main.ScriptEngine.runScriptAsRawText(ScriptEngine.java:119)
	at com.kms.katalon.core.main.TestCaseExecutor.runScript(TestCaseExecutor.java:398)
	at com.kms.katalon.core.main.TestCaseExecutor.doExecute(TestCaseExecutor.java:389)
	at com.kms.katalon.core.main.TestCaseExecutor.processExecutionPhase(TestCaseExecutor.java:368)
	at com.kms.katalon.core.main.TestCaseExecutor.accessMainPhase(TestCaseExecutor.java:360)
	at com.kms.katalon.core.main.TestCaseExecutor.execute(TestCaseExecutor.java:255)
	at com.kms.katalon.core.main.TestCaseMain.runTestCase(TestCaseMain.java:114)
	at com.kms.katalon.core.keyword.builtin.CallTestCaseKeyword$_callTestCase_closure1.doCall(CallTestCaseKeyword.groovy:59)
	at com.kms.katalon.core.keyword.builtin.CallTestCaseKeyword$_callTestCase_closure1.call(CallTestCaseKeyword.groovy)
	at com.kms.katalon.core.keyword.internal.KeywordMain.runKeyword(KeywordMain.groovy:68)
	at com.kms.katalon.core.keyword.builtin.CallTestCaseKeyword.callTestCase(CallTestCaseKeyword.groovy:81)
	at com.kms.katalon.core.keyword.builtin.CallTestCaseKeyword.execute(CallTestCaseKeyword.groovy:44)
	at com.kms.katalon.core.keyword.internal.KeywordExecutor.executeKeywordForPlatform(KeywordExecutor.groovy:73)
	at com.kms.katalon.core.keyword.BuiltinKeywords.callTestCase(BuiltinKeywords.groovy:350)
	at Transaction.run(Transaction:102)
	at com.kms.katalon.core.main.ScriptEngine.run(ScriptEngine.java:194)
	at com.kms.katalon.core.main.ScriptEngine.runScriptAsRawText(ScriptEngine.java:119)
	at com.kms.katalon.core.main.TestCaseExecutor.runScript(TestCaseExecutor.java:398)
	at com.kms.katalon.core.main.TestCaseExecutor.doExecute(TestCaseExecutor.java:389)
	at com.kms.katalon.core.main.TestCaseExecutor.processExecutionPhase(TestCaseExecutor.java:368)
	at com.kms.katalon.core.main.TestCaseExecutor.accessMainPhase(TestCaseExecutor.java:360)
	at com.kms.katalon.core.main.TestCaseExecutor.execute(TestCaseExecutor.java:255)
	at com.kms.katalon.core.main.TestCaseMain.runTestCase(TestCaseMain.java:114)
	at com.kms.katalon.core.keyword.builtin.CallTestCaseKeyword$_callTestCase_closure1.doCall(CallTestCaseKeyword.groovy:59)
	at com.kms.katalon.core.keyword.builtin.CallTestCaseKeyword$_callTestCase_closure1.call(CallTestCaseKeyword.groovy)
	at com.kms.katalon.core.keyword.internal.KeywordMain.runKeyword(KeywordMain.groovy:68)
	at com.kms.katalon.core.keyword.builtin.CallTestCaseKeyword.callTestCase(CallTestCaseKeyword.groovy:81)
	at com.kms.katalon.core.keyword.builtin.CallTestCaseKeyword.execute(CallTestCaseKeyword.groovy:44)
	at com.kms.katalon.core.keyword.internal.KeywordExecutor.executeKeywordForPlatform(KeywordExecutor.groovy:73)
	at com.kms.katalon.core.keyword.BuiltinKeywords.callTestCase(BuiltinKeywords.groovy:334)
	at 020 - Beli reksa dana melalui keranjang menggunakan Rekening Data Nasabah.run(020 - Beli reksa dana melalui keranjang menggunakan Rekening Data Nasabah:22)
	at com.kms.katalon.core.main.ScriptEngine.run(ScriptEngine.java:194)
	at com.kms.katalon.core.main.ScriptEngine.runScriptAsRawText(ScriptEngine.java:119)
	at com.kms.katalon.core.main.TestCaseExecutor.runScript(TestCaseExecutor.java:398)
	at com.kms.katalon.core.main.TestCaseExecutor.doExecute(TestCaseExecutor.java:389)
	at com.kms.katalon.core.main.TestCaseExecutor.processExecutionPhase(TestCaseExecutor.java:368)
	at com.kms.katalon.core.main.TestCaseExecutor.accessMainPhase(TestCaseExecutor.java:360)
	at com.kms.katalon.core.main.TestCaseExecutor.execute(TestCaseExecutor.java:255)
	at com.kms.katalon.core.main.TestSuiteExecutor.accessTestCaseMainPhase(TestSuiteExecutor.java:203)
	at com.kms.katalon.core.main.TestSuiteExecutor.accessTestSuiteMainPhase(TestSuiteExecutor.java:152)
	at com.kms.katalon.core.main.TestSuiteExecutor.execute(TestSuiteExecutor.java:95)
	at com.kms.katalon.core.main.TestCaseMain.startTestSuite(TestCaseMain.java:157)
	at com.kms.katalon.core.main.TestCaseMain$startTestSuite$0.call(Unknown Source)
	at TempTestSuite1637111371016.run(TempTestSuite1637111371016.groovy:39)
)

2021-11-17 08:34:47 - [MESSAGE][WARNING] - Timeout '0' is invalid. Using default page load timeout: '60'

2021-11-17 08:35:48 - [MESSAGE][FAILED] - Failed to get top position of element 'Object Repository/Mobile/Page/Metode Pembayaran/Radio Button - Rekening Dana Nasabah' (Root cause: com.kms.katalon.core.exception.StepFailedException: Object Object Repository/Mobile/Page/Metode Pembayaran/Radio Button - Rekening Dana Nasabah not found
	at com.kms.katalon.core.mobile.helper.MobileElementCommonHelper.findElementWithCheck(MobileElementCommonHelper.java:159)
	at com.kms.katalon.core.mobile.helper.MobileElementCommonHelper.getElementTopPosition(MobileElementCommonHelper.java:357)
	at com.kms.katalon.core.mobile.keyword.builtin.GetElementTopPositionKeyword$_getElementTopPosition_closure1.doCall(GetElementTopPositionKeyword.groovy:70)
	at com.kms.katalon.core.mobile.keyword.builtin.GetElementTopPositionKeyword$_getElementTopPosition_closure1.call(GetElementTopPositionKeyword.groovy)
	at com.kms.katalon.core.mobile.keyword.internal.MobileKeywordMain.runKeywordAndReturnInt(MobileKeywordMain.groovy:30)
	at com.kms.katalon.core.mobile.keyword.builtin.GetElementTopPositionKeyword.getElementTopPosition(GetElementTopPositionKeyword.groovy:71)
	at com.kms.katalon.core.mobile.keyword.builtin.GetElementTopPositionKeyword.execute(GetElementTopPositionKeyword.groovy:64)
	at com.kms.katalon.core.keyword.internal.KeywordExecutor.executeKeywordForPlatform(KeywordExecutor.groovy:73)
	at com.kms.katalon.core.mobile.keyword.MobileBuiltInKeywords.getElementTopPosition(MobileBuiltInKeywords.groovy:2600)
	at com.kms.katalon.core.mobile.keyword.MobileBuiltInKeywords$getElementTopPosition$8.call(Unknown Source)
	at Metode Pembayaran.run(Metode Pembayaran:24)
	at com.kms.katalon.core.main.ScriptEngine.run(ScriptEngine.java:194)
	at com.kms.katalon.core.main.ScriptEngine.runScriptAsRawText(ScriptEngine.java:119)
	at com.kms.katalon.core.main.TestCaseExecutor.runScript(TestCaseExecutor.java:398)
	at com.kms.katalon.core.main.TestCaseExecutor.doExecute(TestCaseExecutor.java:389)
	at com.kms.katalon.core.main.TestCaseExecutor.processExecutionPhase(TestCaseExecutor.java:368)
	at com.kms.katalon.core.main.TestCaseExecutor.accessMainPhase(TestCaseExecutor.java:360)
	at com.kms.katalon.core.main.TestCaseExecutor.execute(TestCaseExecutor.java:255)
	at com.kms.katalon.core.main.TestCaseMain.runTestCase(TestCaseMain.java:114)
	at com.kms.katalon.core.keyword.builtin.CallTestCaseKeyword$_callTestCase_closure1.doCall(CallTestCaseKeyword.groovy:59)
	at com.kms.katalon.core.keyword.builtin.CallTestCaseKeyword$_callTestCase_closure1.call(CallTestCaseKeyword.groovy)
	at com.kms.katalon.core.keyword.internal.KeywordMain.runKeyword(KeywordMain.groovy:68)
	at com.kms.katalon.core.keyword.builtin.CallTestCaseKeyword.callTestCase(CallTestCaseKeyword.groovy:81)
	at com.kms.katalon.core.keyword.builtin.CallTestCaseKeyword.execute(CallTestCaseKeyword.groovy:44)
	at com.kms.katalon.core.keyword.internal.KeywordExecutor.executeKeywordForPlatform(KeywordExecutor.groovy:73)
	at com.kms.katalon.core.keyword.BuiltinKeywords.callTestCase(BuiltinKeywords.groovy:350)
	at Transaction.run(Transaction:102)
	at com.kms.katalon.core.main.ScriptEngine.run(ScriptEngine.java:194)
	at com.kms.katalon.core.main.ScriptEngine.runScriptAsRawText(ScriptEngine.java:119)
	at com.kms.katalon.core.main.TestCaseExecutor.runScript(TestCaseExecutor.java:398)
	at com.kms.katalon.core.main.TestCaseExecutor.doExecute(TestCaseExecutor.java:389)
	at com.kms.katalon.core.main.TestCaseExecutor.processExecutionPhase(TestCaseExecutor.java:368)
	at com.kms.katalon.core.main.TestCaseExecutor.accessMainPhase(TestCaseExecutor.java:360)
	at com.kms.katalon.core.main.TestCaseExecutor.execute(TestCaseExecutor.java:255)
	at com.kms.katalon.core.main.TestCaseMain.runTestCase(TestCaseMain.java:114)
	at com.kms.katalon.core.keyword.builtin.CallTestCaseKeyword$_callTestCase_closure1.doCall(CallTestCaseKeyword.groovy:59)
	at com.kms.katalon.core.keyword.builtin.CallTestCaseKeyword$_callTestCase_closure1.call(CallTestCaseKeyword.groovy)
	at com.kms.katalon.core.keyword.internal.KeywordMain.runKeyword(KeywordMain.groovy:68)
	at com.kms.katalon.core.keyword.builtin.CallTestCaseKeyword.callTestCase(CallTestCaseKeyword.groovy:81)
	at com.kms.katalon.core.keyword.builtin.CallTestCaseKeyword.execute(CallTestCaseKeyword.groovy:44)
	at com.kms.katalon.core.keyword.internal.KeywordExecutor.executeKeywordForPlatform(KeywordExecutor.groovy:73)
	at com.kms.katalon.core.keyword.BuiltinKeywords.callTestCase(BuiltinKeywords.groovy:334)
	at 020 - Beli reksa dana melalui keranjang menggunakan Rekening Data Nasabah.run(020 - Beli reksa dana melalui keranjang menggunakan Rekening Data Nasabah:22)
	at com.kms.katalon.core.main.ScriptEngine.run(ScriptEngine.java:194)
	at com.kms.katalon.core.main.ScriptEngine.runScriptAsRawText(ScriptEngine.java:119)
	at com.kms.katalon.core.main.TestCaseExecutor.runScript(TestCaseExecutor.java:398)
	at com.kms.katalon.core.main.TestCaseExecutor.doExecute(TestCaseExecutor.java:389)
	at com.kms.katalon.core.main.TestCaseExecutor.processExecutionPhase(TestCaseExecutor.java:368)
	at com.kms.katalon.core.main.TestCaseExecutor.accessMainPhase(TestCaseExecutor.java:360)
	at com.kms.katalon.core.main.TestCaseExecutor.execute(TestCaseExecutor.java:255)
	at com.kms.katalon.core.main.TestSuiteExecutor.accessTestCaseMainPhase(TestSuiteExecutor.java:203)
	at com.kms.katalon.core.main.TestSuiteExecutor.accessTestSuiteMainPhase(TestSuiteExecutor.java:152)
	at com.kms.katalon.core.main.TestSuiteExecutor.execute(TestSuiteExecutor.java:95)
	at com.kms.katalon.core.main.TestCaseMain.startTestSuite(TestCaseMain.java:157)
	at com.kms.katalon.core.main.TestCaseMain$startTestSuite$0.call(Unknown Source)
	at TempTestSuite1637111371016.run(TempTestSuite1637111371016.groovy:39)
)
[[ATTACHMENT|C:\\Users\\Owner\\Documents\\kerjaan\\KatalonProject\\qa-katalon-maxfund\\Reports\\20211117_080931\\Transaction\\20211117_080931\\1637112947706.png]]

2021-11-17 08:35:48 - [MESSAGE][FAILED] - Unable to call Test Case 'Test Cases/Mobile/Page/Metode Pembayaran/Metode Pembayaran' (Root cause: com.kms.katalon.core.exception.StepFailedException: Call Test Case 'Test Cases/Mobile/Page/Metode Pembayaran/Metode Pembayaran' failed
	at com.kms.katalon.core.keyword.builtin.CallTestCaseKeyword$_callTestCase_closure1.doCall(CallTestCaseKeyword.groovy:63)
	at com.kms.katalon.core.keyword.builtin.CallTestCaseKeyword$_callTestCase_closure1.call(CallTestCaseKeyword.groovy)
	at com.kms.katalon.core.keyword.internal.KeywordMain.runKeyword(KeywordMain.groovy:68)
	at com.kms.katalon.core.keyword.builtin.CallTestCaseKeyword.callTestCase(CallTestCaseKeyword.groovy:81)
	at com.kms.katalon.core.keyword.builtin.CallTestCaseKeyword.execute(CallTestCaseKeyword.groovy:44)
	at com.kms.katalon.core.keyword.internal.KeywordExecutor.executeKeywordForPlatform(KeywordExecutor.groovy:73)
	at com.kms.katalon.core.keyword.BuiltinKeywords.callTestCase(BuiltinKeywords.groovy:350)
	at Transaction.run(Transaction:102)
	at com.kms.katalon.core.main.ScriptEngine.run(ScriptEngine.java:194)
	at com.kms.katalon.core.main.ScriptEngine.runScriptAsRawText(ScriptEngine.java:119)
	at com.kms.katalon.core.main.TestCaseExecutor.runScript(TestCaseExecutor.java:398)
	at com.kms.katalon.core.main.TestCaseExecutor.doExecute(TestCaseExecutor.java:389)
	at com.kms.katalon.core.main.TestCaseExecutor.processExecutionPhase(TestCaseExecutor.java:368)
	at com.kms.katalon.core.main.TestCaseExecutor.accessMainPhase(TestCaseExecutor.java:360)
	at com.kms.katalon.core.main.TestCaseExecutor.execute(TestCaseExecutor.java:255)
	at com.kms.katalon.core.main.TestCaseMain.runTestCase(TestCaseMain.java:114)
	at com.kms.katalon.core.keyword.builtin.CallTestCaseKeyword$_callTestCase_closure1.doCall(CallTestCaseKeyword.groovy:59)
	at com.kms.katalon.core.keyword.builtin.CallTestCaseKeyword$_callTestCase_closure1.call(CallTestCaseKeyword.groovy)
	at com.kms.katalon.core.keyword.internal.KeywordMain.runKeyword(KeywordMain.groovy:68)
	at com.kms.katalon.core.keyword.builtin.CallTestCaseKeyword.callTestCase(CallTestCaseKeyword.groovy:81)
	at com.kms.katalon.core.keyword.builtin.CallTestCaseKeyword.execute(CallTestCaseKeyword.groovy:44)
	at com.kms.katalon.core.keyword.internal.KeywordExecutor.executeKeywordForPlatform(KeywordExecutor.groovy:73)
	at com.kms.katalon.core.keyword.BuiltinKeywords.callTestCase(BuiltinKeywords.groovy:334)
	at 020 - Beli reksa dana melalui keranjang menggunakan Rekening Data Nasabah.run(020 - Beli reksa dana melalui keranjang menggunakan Rekening Data Nasabah:22)
	at com.kms.katalon.core.main.ScriptEngine.run(ScriptEngine.java:194)
	at com.kms.katalon.core.main.ScriptEngine.runScriptAsRawText(ScriptEngine.java:119)
	at com.kms.katalon.core.main.TestCaseExecutor.runScript(TestCaseExecutor.java:398)
	at com.kms.katalon.core.main.TestCaseExecutor.doExecute(TestCaseExecutor.java:389)
	at com.kms.katalon.core.main.TestCaseExecutor.processExecutionPhase(TestCaseExecutor.java:368)
	at com.kms.katalon.core.main.TestCaseExecutor.accessMainPhase(TestCaseExecutor.java:360)
	at com.kms.katalon.core.main.TestCaseExecutor.execute(TestCaseExecutor.java:255)
	at com.kms.katalon.core.main.TestSuiteExecutor.accessTestCaseMainPhase(TestSuiteExecutor.java:203)
	at com.kms.katalon.core.main.TestSuiteExecutor.accessTestSuiteMainPhase(TestSuiteExecutor.java:152)
	at com.kms.katalon.core.main.TestSuiteExecutor.execute(TestSuiteExecutor.java:95)
	at com.kms.katalon.core.main.TestCaseMain.startTestSuite(TestCaseMain.java:157)
	at com.kms.katalon.core.main.TestCaseMain$startTestSuite$0.call(Unknown Source)
	at TempTestSuite1637111371016.run(TempTestSuite1637111371016.groovy:39)
Caused by: com.kms.katalon.core.exception.StepFailedException: Object Object Repository/Mobile/Page/Metode Pembayaran/Radio Button - Rekening Dana Nasabah not found
	at com.kms.katalon.core.mobile.helper.MobileElementCommonHelper.findElementWithCheck(MobileElementCommonHelper.java:159)
	at com.kms.katalon.core.mobile.helper.MobileElementCommonHelper.getElementTopPosition(MobileElementCommonHelper.java:357)
	at com.kms.katalon.core.mobile.keyword.builtin.GetElementTopPositionKeyword$_getElementTopPosition_closure1.doCall(GetElementTopPositionKeyword.groovy:70)
	at com.kms.katalon.core.mobile.keyword.builtin.GetElementTopPositionKeyword$_getElementTopPosition_closure1.call(GetElementTopPositionKeyword.groovy)
	at com.kms.katalon.core.mobile.keyword.internal.MobileKeywordMain.runKeywordAndReturnInt(MobileKeywordMain.groovy:30)
	at com.kms.katalon.core.mobile.keyword.builtin.GetElementTopPositionKeyword.getElementTopPosition(GetElementTopPositionKeyword.groovy:71)
	at com.kms.katalon.core.mobile.keyword.builtin.GetElementTopPositionKeyword.execute(GetElementTopPositionKeyword.groovy:64)
	at com.kms.katalon.core.keyword.internal.KeywordExecutor.executeKeywordForPlatform(KeywordExecutor.groovy:73)
	at com.kms.katalon.core.mobile.keyword.MobileBuiltInKeywords.getElementTopPosition(MobileBuiltInKeywords.groovy:2600)
	at com.kms.katalon.core.mobile.keyword.MobileBuiltInKeywords$getElementTopPosition$8.call(Unknown Source)
	at Metode Pembayaran.run(Metode Pembayaran:24)
	at com.kms.katalon.core.main.ScriptEngine.run(ScriptEngine.java:194)
	at com.kms.katalon.core.main.ScriptEngine.runScriptAsRawText(ScriptEngine.java:119)
	at com.kms.katalon.core.main.TestCaseExecutor.runScript(TestCaseExecutor.java:398)
	at com.kms.katalon.core.main.TestCaseExecutor.doExecute(TestCaseExecutor.java:389)
	at com.kms.katalon.core.main.TestCaseExecutor.processExecutionPhase(TestCaseExecutor.java:368)
	at com.kms.katalon.core.main.TestCaseExecutor.accessMainPhase(TestCaseExecutor.java:360)
	at com.kms.katalon.core.main.TestCaseExecutor.execute(TestCaseExecutor.java:255)
	at com.kms.katalon.core.main.TestCaseMain.runTestCase(TestCaseMain.java:114)
	at com.kms.katalon.core.keyword.builtin.CallTestCaseKeyword$_callTestCase_closure1.doCall(CallTestCaseKeyword.groovy:59)
	... 36 more
)

2021-11-17 08:35:48 - [MESSAGE][FAILED] - Unable to call Test Case 'Test Cases/Mobile/Page/Transaction/Transaction' (Root cause: com.kms.katalon.core.exception.StepFailedException: Call Test Case 'Test Cases/Mobile/Page/Transaction/Transaction' failed
	at com.kms.katalon.core.keyword.builtin.CallTestCaseKeyword$_callTestCase_closure1.doCall(CallTestCaseKeyword.groovy:63)
	at com.kms.katalon.core.keyword.builtin.CallTestCaseKeyword$_callTestCase_closure1.call(CallTestCaseKeyword.groovy)
	at com.kms.katalon.core.keyword.internal.KeywordMain.runKeyword(KeywordMain.groovy:68)
	at com.kms.katalon.core.keyword.builtin.CallTestCaseKeyword.callTestCase(CallTestCaseKeyword.groovy:81)
	at com.kms.katalon.core.keyword.builtin.CallTestCaseKeyword.execute(CallTestCaseKeyword.groovy:44)
	at com.kms.katalon.core.keyword.internal.KeywordExecutor.executeKeywordForPlatform(KeywordExecutor.groovy:73)
	at com.kms.katalon.core.keyword.BuiltinKeywords.callTestCase(BuiltinKeywords.groovy:334)
	at 020 - Beli reksa dana melalui keranjang menggunakan Rekening Data Nasabah.run(020 - Beli reksa dana melalui keranjang menggunakan Rekening Data Nasabah:22)
	at com.kms.katalon.core.main.ScriptEngine.run(ScriptEngine.java:194)
	at com.kms.katalon.core.main.ScriptEngine.runScriptAsRawText(ScriptEngine.java:119)
	at com.kms.katalon.core.main.TestCaseExecutor.runScript(TestCaseExecutor.java:398)
	at com.kms.katalon.core.main.TestCaseExecutor.doExecute(TestCaseExecutor.java:389)
	at com.kms.katalon.core.main.TestCaseExecutor.processExecutionPhase(TestCaseExecutor.java:368)
	at com.kms.katalon.core.main.TestCaseExecutor.accessMainPhase(TestCaseExecutor.java:360)
	at com.kms.katalon.core.main.TestCaseExecutor.execute(TestCaseExecutor.java:255)
	at com.kms.katalon.core.main.TestSuiteExecutor.accessTestCaseMainPhase(TestSuiteExecutor.java:203)
	at com.kms.katalon.core.main.TestSuiteExecutor.accessTestSuiteMainPhase(TestSuiteExecutor.java:152)
	at com.kms.katalon.core.main.TestSuiteExecutor.execute(TestSuiteExecutor.java:95)
	at com.kms.katalon.core.main.TestCaseMain.startTestSuite(TestCaseMain.java:157)
	at com.kms.katalon.core.main.TestCaseMain$startTestSuite$0.call(Unknown Source)
	at TempTestSuite1637111371016.run(TempTestSuite1637111371016.groovy:39)
Caused by: com.kms.katalon.core.exception.StepFailedException: Call Test Case 'Test Cases/Mobile/Page/Metode Pembayaran/Metode Pembayaran' failed
	at com.kms.katalon.core.keyword.builtin.CallTestCaseKeyword$_callTestCase_closure1.doCall(CallTestCaseKeyword.groovy:63)
	at com.kms.katalon.core.keyword.builtin.CallTestCaseKeyword$_callTestCase_closure1.call(CallTestCaseKeyword.groovy)
	at com.kms.katalon.core.keyword.internal.KeywordMain.runKeyword(KeywordMain.groovy:68)
	at com.kms.katalon.core.keyword.builtin.CallTestCaseKeyword.callTestCase(CallTestCaseKeyword.groovy:81)
	at com.kms.katalon.core.keyword.builtin.CallTestCaseKeyword.execute(CallTestCaseKeyword.groovy:44)
	at com.kms.katalon.core.keyword.internal.KeywordExecutor.executeKeywordForPlatform(KeywordExecutor.groovy:73)
	at com.kms.katalon.core.keyword.BuiltinKeywords.callTestCase(BuiltinKeywords.groovy:350)
	at Transaction.run(Transaction:102)
	at com.kms.katalon.core.main.ScriptEngine.run(ScriptEngine.java:194)
	at com.kms.katalon.core.main.ScriptEngine.runScriptAsRawText(ScriptEngine.java:119)
	at com.kms.katalon.core.main.TestCaseExecutor.runScript(TestCaseExecutor.java:398)
	at com.kms.katalon.core.main.TestCaseExecutor.doExecute(TestCaseExecutor.java:389)
	at com.kms.katalon.core.main.TestCaseExecutor.processExecutionPhase(TestCaseExecutor.java:368)
	at com.kms.katalon.core.main.TestCaseExecutor.accessMainPhase(TestCaseExecutor.java:360)
	at com.kms.katalon.core.main.TestCaseExecutor.execute(TestCaseExecutor.java:255)
	at com.kms.katalon.core.main.TestCaseMain.runTestCase(TestCaseMain.java:114)
	at com.kms.katalon.core.keyword.builtin.CallTestCaseKeyword$_callTestCase_closure1.doCall(CallTestCaseKeyword.groovy:59)
	... 20 more
Caused by: com.kms.katalon.core.exception.StepFailedException: Object Object Repository/Mobile/Page/Metode Pembayaran/Radio Button - Rekening Dana Nasabah not found
	at com.kms.katalon.core.mobile.helper.MobileElementCommonHelper.findElementWithCheck(MobileElementCommonHelper.java:159)
	at com.kms.katalon.core.mobile.helper.MobileElementCommonHelper.getElementTopPosition(MobileElementCommonHelper.java:357)
	at com.kms.katalon.core.mobile.keyword.builtin.GetElementTopPositionKeyword$_getElementTopPosition_closure1.doCall(GetElementTopPositionKeyword.groovy:70)
	at com.kms.katalon.core.mobile.keyword.builtin.GetElementTopPositionKeyword$_getElementTopPosition_closure1.call(GetElementTopPositionKeyword.groovy)
	at com.kms.katalon.core.mobile.keyword.internal.MobileKeywordMain.runKeywordAndReturnInt(MobileKeywordMain.groovy:30)
	at com.kms.katalon.core.mobile.keyword.builtin.GetElementTopPositionKeyword.getElementTopPosition(GetElementTopPositionKeyword.groovy:71)
	at com.kms.katalon.core.mobile.keyword.builtin.GetElementTopPositionKeyword.execute(GetElementTopPositionKeyword.groovy:64)
	at com.kms.katalon.core.keyword.internal.KeywordExecutor.executeKeywordForPlatform(KeywordExecutor.groovy:73)
	at com.kms.katalon.core.mobile.keyword.MobileBuiltInKeywords.getElementTopPosition(MobileBuiltInKeywords.groovy:2600)
	at com.kms.katalon.core.mobile.keyword.MobileBuiltInKeywords$getElementTopPosition$8.call(Unknown Source)
	at Metode Pembayaran.run(Metode Pembayaran:24)
	at com.kms.katalon.core.main.ScriptEngine.run(ScriptEngine.java:194)
	at com.kms.katalon.core.main.ScriptEngine.runScriptAsRawText(ScriptEngine.java:119)
	at com.kms.katalon.core.main.TestCaseExecutor.runScript(TestCaseExecutor.java:398)
	at com.kms.katalon.core.main.TestCaseExecutor.doExecute(TestCaseExecutor.java:389)
	at com.kms.katalon.core.main.TestCaseExecutor.processExecutionPhase(TestCaseExecutor.java:368)
	at com.kms.katalon.core.main.TestCaseExecutor.accessMainPhase(TestCaseExecutor.java:360)
	at com.kms.katalon.core.main.TestCaseExecutor.execute(TestCaseExecutor.java:255)
	at com.kms.katalon.core.main.TestCaseMain.runTestCase(TestCaseMain.java:114)
	at com.kms.katalon.core.keyword.builtin.CallTestCaseKeyword$_callTestCase_closure1.doCall(CallTestCaseKeyword.groovy:59)
	... 36 more
)]]></system-out>
         <system-err><![CDATA[2021-11-17 08:33:20 - [TEST_CASE][FAILED] - Test Cases/Mobile/Scenario/Transaction/020 - Beli reksa dana melalui keranjang menggunakan Rekening Data Nasabah: Test Cases/Mobile/Scenario/Transaction/020 - Beli reksa dana melalui keranjang menggunakan Rekening Data Nasabah FAILED.
Reason:
com.kms.katalon.core.exception.StepFailedException: Call Test Case 'Test Cases/Mobile/Page/Transaction/Transaction' failed
	at com.kms.katalon.core.keyword.builtin.CallTestCaseKeyword$_callTestCase_closure1.doCall(CallTestCaseKeyword.groovy:63)
	at com.kms.katalon.core.keyword.builtin.CallTestCaseKeyword$_callTestCase_closure1.call(CallTestCaseKeyword.groovy)
	at com.kms.katalon.core.keyword.internal.KeywordMain.runKeyword(KeywordMain.groovy:68)
	at com.kms.katalon.core.keyword.builtin.CallTestCaseKeyword.callTestCase(CallTestCaseKeyword.groovy:81)
	at com.kms.katalon.core.keyword.builtin.CallTestCaseKeyword.execute(CallTestCaseKeyword.groovy:44)
	at com.kms.katalon.core.keyword.internal.KeywordExecutor.executeKeywordForPlatform(KeywordExecutor.groovy:73)
	at com.kms.katalon.core.keyword.BuiltinKeywords.callTestCase(BuiltinKeywords.groovy:334)
	at 020 - Beli reksa dana melalui keranjang menggunakan Rekening Data Nasabah.run(020 - Beli reksa dana melalui keranjang menggunakan Rekening Data Nasabah:22)
	at com.kms.katalon.core.main.ScriptEngine.run(ScriptEngine.java:194)
	at com.kms.katalon.core.main.ScriptEngine.runScriptAsRawText(ScriptEngine.java:119)
	at com.kms.katalon.core.main.TestCaseExecutor.runScript(TestCaseExecutor.java:398)
	at com.kms.katalon.core.main.TestCaseExecutor.doExecute(TestCaseExecutor.java:389)
	at com.kms.katalon.core.main.TestCaseExecutor.processExecutionPhase(TestCaseExecutor.java:368)
	at com.kms.katalon.core.main.TestCaseExecutor.accessMainPhase(TestCaseExecutor.java:360)
	at com.kms.katalon.core.main.TestCaseExecutor.execute(TestCaseExecutor.java:255)
	at com.kms.katalon.core.main.TestSuiteExecutor.accessTestCaseMainPhase(TestSuiteExecutor.java:203)
	at com.kms.katalon.core.main.TestSuiteExecutor.accessTestSuiteMainPhase(TestSuiteExecutor.java:152)
	at com.kms.katalon.core.main.TestSuiteExecutor.execute(TestSuiteExecutor.java:95)
	at com.kms.katalon.core.main.TestCaseMain.startTestSuite(TestCaseMain.java:157)
	at com.kms.katalon.core.main.TestCaseMain$startTestSuite$0.call(Unknown Source)
	at TempTestSuite1637111371016.run(TempTestSuite1637111371016.groovy:39)
Caused by: com.kms.katalon.core.exception.StepFailedException: Call Test Case 'Test Cases/Mobile/Page/Metode Pembayaran/Metode Pembayaran' failed
	at com.kms.katalon.core.keyword.builtin.CallTestCaseKeyword$_callTestCase_closure1.doCall(CallTestCaseKeyword.groovy:63)
	at com.kms.katalon.core.keyword.builtin.CallTestCaseKeyword$_callTestCase_closure1.call(CallTestCaseKeyword.groovy)
	at com.kms.katalon.core.keyword.internal.KeywordMain.runKeyword(KeywordMain.groovy:68)
	at com.kms.katalon.core.keyword.builtin.CallTestCaseKeyword.callTestCase(CallTestCaseKeyword.groovy:81)
	at com.kms.katalon.core.keyword.builtin.CallTestCaseKeyword.execute(CallTestCaseKeyword.groovy:44)
	at com.kms.katalon.core.keyword.internal.KeywordExecutor.executeKeywordForPlatform(KeywordExecutor.groovy:73)
	at com.kms.katalon.core.keyword.BuiltinKeywords.callTestCase(BuiltinKeywords.groovy:350)
	at Transaction.run(Transaction:102)
	at com.kms.katalon.core.main.ScriptEngine.run(ScriptEngine.java:194)
	at com.kms.katalon.core.main.ScriptEngine.runScriptAsRawText(ScriptEngine.java:119)
	at com.kms.katalon.core.main.TestCaseExecutor.runScript(TestCaseExecutor.java:398)
	at com.kms.katalon.core.main.TestCaseExecutor.doExecute(TestCaseExecutor.java:389)
	at com.kms.katalon.core.main.TestCaseExecutor.processExecutionPhase(TestCaseExecutor.java:368)
	at com.kms.katalon.core.main.TestCaseExecutor.accessMainPhase(TestCaseExecutor.java:360)
	at com.kms.katalon.core.main.TestCaseExecutor.execute(TestCaseExecutor.java:255)
	at com.kms.katalon.core.main.TestCaseMain.runTestCase(TestCaseMain.java:114)
	at com.kms.katalon.core.keyword.builtin.CallTestCaseKeyword$_callTestCase_closure1.doCall(CallTestCaseKeyword.groovy:59)
	... 20 more
Caused by: com.kms.katalon.core.exception.StepFailedException: Object Object Repository/Mobile/Page/Metode Pembayaran/Radio Button - Rekening Dana Nasabah not found
	at com.kms.katalon.core.mobile.helper.MobileElementCommonHelper.findElementWithCheck(MobileElementCommonHelper.java:159)
	at com.kms.katalon.core.mobile.helper.MobileElementCommonHelper.getElementTopPosition(MobileElementCommonHelper.java:357)
	at com.kms.katalon.core.mobile.keyword.builtin.GetElementTopPositionKeyword$_getElementTopPosition_closure1.doCall(GetElementTopPositionKeyword.groovy:70)
	at com.kms.katalon.core.mobile.keyword.builtin.GetElementTopPositionKeyword$_getElementTopPosition_closure1.call(GetElementTopPositionKeyword.groovy)
	at com.kms.katalon.core.mobile.keyword.internal.MobileKeywordMain.runKeywordAndReturnInt(MobileKeywordMain.groovy:30)
	at com.kms.katalon.core.mobile.keyword.builtin.GetElementTopPositionKeyword.getElementTopPosition(GetElementTopPositionKeyword.groovy:71)
	at com.kms.katalon.core.mobile.keyword.builtin.GetElementTopPositionKeyword.execute(GetElementTopPositionKeyword.groovy:64)
	at com.kms.katalon.core.keyword.internal.KeywordExecutor.executeKeywordForPlatform(KeywordExecutor.groovy:73)
	at com.kms.katalon.core.mobile.keyword.MobileBuiltInKeywords.getElementTopPosition(MobileBuiltInKeywords.groovy:2600)
	at com.kms.katalon.core.mobile.keyword.MobileBuiltInKeywords$getElementTopPosition$8.call(Unknown Source)
	at Metode Pembayaran.run(Metode Pembayaran:24)
	at com.kms.katalon.core.main.ScriptEngine.run(ScriptEngine.java:194)
	at com.kms.katalon.core.main.ScriptEngine.runScriptAsRawText(ScriptEngine.java:119)
	at com.kms.katalon.core.main.TestCaseExecutor.runScript(TestCaseExecutor.java:398)
	at com.kms.katalon.core.main.TestCaseExecutor.doExecute(TestCaseExecutor.java:389)
	at com.kms.katalon.core.main.TestCaseExecutor.processExecutionPhase(TestCaseExecutor.java:368)
	at com.kms.katalon.core.main.TestCaseExecutor.accessMainPhase(TestCaseExecutor.java:360)
	at com.kms.katalon.core.main.TestCaseExecutor.execute(TestCaseExecutor.java:255)
	at com.kms.katalon.core.main.TestCaseMain.runTestCase(TestCaseMain.java:114)
	at com.kms.katalon.core.keyword.builtin.CallTestCaseKeyword$_callTestCase_closure1.doCall(CallTestCaseKeyword.groovy:59)
	... 36 more]]></system-err>
      </testcase>
      <system-out><![CDATA[2021-11-17 08:10:08 - [TEST_SUITE][FAILED] - Transaction: Test Cases/Mobile/Scenario/Transaction/020 - Beli reksa dana melalui keranjang menggunakan Rekening Data Nasabah FAILED.
Reason:
com.kms.katalon.core.exception.StepFailedException: Call Test Case 'Test Cases/Mobile/Page/Transaction/Transaction' failed
	at com.kms.katalon.core.keyword.builtin.CallTestCaseKeyword$_callTestCase_closure1.doCall(CallTestCaseKeyword.groovy:63)
	at com.kms.katalon.core.keyword.builtin.CallTestCaseKeyword$_callTestCase_closure1.call(CallTestCaseKeyword.groovy)
	at com.kms.katalon.core.keyword.internal.KeywordMain.runKeyword(KeywordMain.groovy:68)
	at com.kms.katalon.core.keyword.builtin.CallTestCaseKeyword.callTestCase(CallTestCaseKeyword.groovy:81)
	at com.kms.katalon.core.keyword.builtin.CallTestCaseKeyword.execute(CallTestCaseKeyword.groovy:44)
	at com.kms.katalon.core.keyword.internal.KeywordExecutor.executeKeywordForPlatform(KeywordExecutor.groovy:73)
	at com.kms.katalon.core.keyword.BuiltinKeywords.callTestCase(BuiltinKeywords.groovy:334)
	at 020 - Beli reksa dana melalui keranjang menggunakan Rekening Data Nasabah.run(020 - Beli reksa dana melalui keranjang menggunakan Rekening Data Nasabah:22)
	at com.kms.katalon.core.main.ScriptEngine.run(ScriptEngine.java:194)
	at com.kms.katalon.core.main.ScriptEngine.runScriptAsRawText(ScriptEngine.java:119)
	at com.kms.katalon.core.main.TestCaseExecutor.runScript(TestCaseExecutor.java:398)
	at com.kms.katalon.core.main.TestCaseExecutor.doExecute(TestCaseExecutor.java:389)
	at com.kms.katalon.core.main.TestCaseExecutor.processExecutionPhase(TestCaseExecutor.java:368)
	at com.kms.katalon.core.main.TestCaseExecutor.accessMainPhase(TestCaseExecutor.java:360)
	at com.kms.katalon.core.main.TestCaseExecutor.execute(TestCaseExecutor.java:255)
	at com.kms.katalon.core.main.TestSuiteExecutor.accessTestCaseMainPhase(TestSuiteExecutor.java:203)
	at com.kms.katalon.core.main.TestSuiteExecutor.accessTestSuiteMainPhase(TestSuiteExecutor.java:152)
	at com.kms.katalon.core.main.TestSuiteExecutor.execute(TestSuiteExecutor.java:95)
	at com.kms.katalon.core.main.TestCaseMain.startTestSuite(TestCaseMain.java:157)
	at com.kms.katalon.core.main.TestCaseMain$startTestSuite$0.call(Unknown Source)
	at TempTestSuite1637111371016.run(TempTestSuite1637111371016.groovy:39)
Caused by: com.kms.katalon.core.exception.StepFailedException: Call Test Case 'Test Cases/Mobile/Page/Metode Pembayaran/Metode Pembayaran' failed
	at com.kms.katalon.core.keyword.builtin.CallTestCaseKeyword$_callTestCase_closure1.doCall(CallTestCaseKeyword.groovy:63)
	at com.kms.katalon.core.keyword.builtin.CallTestCaseKeyword$_callTestCase_closure1.call(CallTestCaseKeyword.groovy)
	at com.kms.katalon.core.keyword.internal.KeywordMain.runKeyword(KeywordMain.groovy:68)
	at com.kms.katalon.core.keyword.builtin.CallTestCaseKeyword.callTestCase(CallTestCaseKeyword.groovy:81)
	at com.kms.katalon.core.keyword.builtin.CallTestCaseKeyword.execute(CallTestCaseKeyword.groovy:44)
	at com.kms.katalon.core.keyword.internal.KeywordExecutor.executeKeywordForPlatform(KeywordExecutor.groovy:73)
	at com.kms.katalon.core.keyword.BuiltinKeywords.callTestCase(BuiltinKeywords.groovy:350)
	at Transaction.run(Transaction:102)
	at com.kms.katalon.core.main.ScriptEngine.run(ScriptEngine.java:194)
	at com.kms.katalon.core.main.ScriptEngine.runScriptAsRawText(ScriptEngine.java:119)
	at com.kms.katalon.core.main.TestCaseExecutor.runScript(TestCaseExecutor.java:398)
	at com.kms.katalon.core.main.TestCaseExecutor.doExecute(TestCaseExecutor.java:389)
	at com.kms.katalon.core.main.TestCaseExecutor.processExecutionPhase(TestCaseExecutor.java:368)
	at com.kms.katalon.core.main.TestCaseExecutor.accessMainPhase(TestCaseExecutor.java:360)
	at com.kms.katalon.core.main.TestCaseExecutor.execute(TestCaseExecutor.java:255)
	at com.kms.katalon.core.main.TestCaseMain.runTestCase(TestCaseMain.java:114)
	at com.kms.katalon.core.keyword.builtin.CallTestCaseKeyword$_callTestCase_closure1.doCall(CallTestCaseKeyword.groovy:59)
	... 20 more
Caused by: com.kms.katalon.core.exception.StepFailedException: Object Object Repository/Mobile/Page/Metode Pembayaran/Radio Button - Rekening Dana Nasabah not found
	at com.kms.katalon.core.mobile.helper.MobileElementCommonHelper.findElementWithCheck(MobileElementCommonHelper.java:159)
	at com.kms.katalon.core.mobile.helper.MobileElementCommonHelper.getElementTopPosition(MobileElementCommonHelper.java:357)
	at com.kms.katalon.core.mobile.keyword.builtin.GetElementTopPositionKeyword$_getElementTopPosition_closure1.doCall(GetElementTopPositionKeyword.groovy:70)
	at com.kms.katalon.core.mobile.keyword.builtin.GetElementTopPositionKeyword$_getElementTopPosition_closure1.call(GetElementTopPositionKeyword.groovy)
	at com.kms.katalon.core.mobile.keyword.internal.MobileKeywordMain.runKeywordAndReturnInt(MobileKeywordMain.groovy:30)
	at com.kms.katalon.core.mobile.keyword.builtin.GetElementTopPositionKeyword.getElementTopPosition(GetElementTopPositionKeyword.groovy:71)
	at com.kms.katalon.core.mobile.keyword.builtin.GetElementTopPositionKeyword.execute(GetElementTopPositionKeyword.groovy:64)
	at com.kms.katalon.core.keyword.internal.KeywordExecutor.executeKeywordForPlatform(KeywordExecutor.groovy:73)
	at com.kms.katalon.core.mobile.keyword.MobileBuiltInKeywords.getElementTopPosition(MobileBuiltInKeywords.groovy:2600)
	at com.kms.katalon.core.mobile.keyword.MobileBuiltInKeywords$getElementTopPosition$8.call(Unknown Source)
	at Metode Pembayaran.run(Metode Pembayaran:24)
	at com.kms.katalon.core.main.ScriptEngine.run(ScriptEngine.java:194)
	at com.kms.katalon.core.main.ScriptEngine.runScriptAsRawText(ScriptEngine.java:119)
	at com.kms.katalon.core.main.TestCaseExecutor.runScript(TestCaseExecutor.java:398)
	at com.kms.katalon.core.main.TestCaseExecutor.doExecute(TestCaseExecutor.java:389)
	at com.kms.katalon.core.main.TestCaseExecutor.processExecutionPhase(TestCaseExecutor.java:368)
	at com.kms.katalon.core.main.TestCaseExecutor.accessMainPhase(TestCaseExecutor.java:360)
	at com.kms.katalon.core.main.TestCaseExecutor.execute(TestCaseExecutor.java:255)
	at com.kms.katalon.core.main.TestCaseMain.runTestCase(TestCaseMain.java:114)
	at com.kms.katalon.core.keyword.builtin.CallTestCaseKeyword$_callTestCase_closure1.doCall(CallTestCaseKeyword.groovy:59)
	... 36 more]]></system-out>
      <system-err><![CDATA[2021-11-17 08:10:08 - [TEST_SUITE][FAILED] - Transaction: Test Cases/Mobile/Scenario/Transaction/020 - Beli reksa dana melalui keranjang menggunakan Rekening Data Nasabah FAILED.
Reason:
com.kms.katalon.core.exception.StepFailedException: Call Test Case 'Test Cases/Mobile/Page/Transaction/Transaction' failed
	at com.kms.katalon.core.keyword.builtin.CallTestCaseKeyword$_callTestCase_closure1.doCall(CallTestCaseKeyword.groovy:63)
	at com.kms.katalon.core.keyword.builtin.CallTestCaseKeyword$_callTestCase_closure1.call(CallTestCaseKeyword.groovy)
	at com.kms.katalon.core.keyword.internal.KeywordMain.runKeyword(KeywordMain.groovy:68)
	at com.kms.katalon.core.keyword.builtin.CallTestCaseKeyword.callTestCase(CallTestCaseKeyword.groovy:81)
	at com.kms.katalon.core.keyword.builtin.CallTestCaseKeyword.execute(CallTestCaseKeyword.groovy:44)
	at com.kms.katalon.core.keyword.internal.KeywordExecutor.executeKeywordForPlatform(KeywordExecutor.groovy:73)
	at com.kms.katalon.core.keyword.BuiltinKeywords.callTestCase(BuiltinKeywords.groovy:334)
	at 020 - Beli reksa dana melalui keranjang menggunakan Rekening Data Nasabah.run(020 - Beli reksa dana melalui keranjang menggunakan Rekening Data Nasabah:22)
	at com.kms.katalon.core.main.ScriptEngine.run(ScriptEngine.java:194)
	at com.kms.katalon.core.main.ScriptEngine.runScriptAsRawText(ScriptEngine.java:119)
	at com.kms.katalon.core.main.TestCaseExecutor.runScript(TestCaseExecutor.java:398)
	at com.kms.katalon.core.main.TestCaseExecutor.doExecute(TestCaseExecutor.java:389)
	at com.kms.katalon.core.main.TestCaseExecutor.processExecutionPhase(TestCaseExecutor.java:368)
	at com.kms.katalon.core.main.TestCaseExecutor.accessMainPhase(TestCaseExecutor.java:360)
	at com.kms.katalon.core.main.TestCaseExecutor.execute(TestCaseExecutor.java:255)
	at com.kms.katalon.core.main.TestSuiteExecutor.accessTestCaseMainPhase(TestSuiteExecutor.java:203)
	at com.kms.katalon.core.main.TestSuiteExecutor.accessTestSuiteMainPhase(TestSuiteExecutor.java:152)
	at com.kms.katalon.core.main.TestSuiteExecutor.execute(TestSuiteExecutor.java:95)
	at com.kms.katalon.core.main.TestCaseMain.startTestSuite(TestCaseMain.java:157)
	at com.kms.katalon.core.main.TestCaseMain$startTestSuite$0.call(Unknown Source)
	at TempTestSuite1637111371016.run(TempTestSuite1637111371016.groovy:39)
Caused by: com.kms.katalon.core.exception.StepFailedException: Call Test Case 'Test Cases/Mobile/Page/Metode Pembayaran/Metode Pembayaran' failed
	at com.kms.katalon.core.keyword.builtin.CallTestCaseKeyword$_callTestCase_closure1.doCall(CallTestCaseKeyword.groovy:63)
	at com.kms.katalon.core.keyword.builtin.CallTestCaseKeyword$_callTestCase_closure1.call(CallTestCaseKeyword.groovy)
	at com.kms.katalon.core.keyword.internal.KeywordMain.runKeyword(KeywordMain.groovy:68)
	at com.kms.katalon.core.keyword.builtin.CallTestCaseKeyword.callTestCase(CallTestCaseKeyword.groovy:81)
	at com.kms.katalon.core.keyword.builtin.CallTestCaseKeyword.execute(CallTestCaseKeyword.groovy:44)
	at com.kms.katalon.core.keyword.internal.KeywordExecutor.executeKeywordForPlatform(KeywordExecutor.groovy:73)
	at com.kms.katalon.core.keyword.BuiltinKeywords.callTestCase(BuiltinKeywords.groovy:350)
	at Transaction.run(Transaction:102)
	at com.kms.katalon.core.main.ScriptEngine.run(ScriptEngine.java:194)
	at com.kms.katalon.core.main.ScriptEngine.runScriptAsRawText(ScriptEngine.java:119)
	at com.kms.katalon.core.main.TestCaseExecutor.runScript(TestCaseExecutor.java:398)
	at com.kms.katalon.core.main.TestCaseExecutor.doExecute(TestCaseExecutor.java:389)
	at com.kms.katalon.core.main.TestCaseExecutor.processExecutionPhase(TestCaseExecutor.java:368)
	at com.kms.katalon.core.main.TestCaseExecutor.accessMainPhase(TestCaseExecutor.java:360)
	at com.kms.katalon.core.main.TestCaseExecutor.execute(TestCaseExecutor.java:255)
	at com.kms.katalon.core.main.TestCaseMain.runTestCase(TestCaseMain.java:114)
	at com.kms.katalon.core.keyword.builtin.CallTestCaseKeyword$_callTestCase_closure1.doCall(CallTestCaseKeyword.groovy:59)
	... 20 more
Caused by: com.kms.katalon.core.exception.StepFailedException: Object Object Repository/Mobile/Page/Metode Pembayaran/Radio Button - Rekening Dana Nasabah not found
	at com.kms.katalon.core.mobile.helper.MobileElementCommonHelper.findElementWithCheck(MobileElementCommonHelper.java:159)
	at com.kms.katalon.core.mobile.helper.MobileElementCommonHelper.getElementTopPosition(MobileElementCommonHelper.java:357)
	at com.kms.katalon.core.mobile.keyword.builtin.GetElementTopPositionKeyword$_getElementTopPosition_closure1.doCall(GetElementTopPositionKeyword.groovy:70)
	at com.kms.katalon.core.mobile.keyword.builtin.GetElementTopPositionKeyword$_getElementTopPosition_closure1.call(GetElementTopPositionKeyword.groovy)
	at com.kms.katalon.core.mobile.keyword.internal.MobileKeywordMain.runKeywordAndReturnInt(MobileKeywordMain.groovy:30)
	at com.kms.katalon.core.mobile.keyword.builtin.GetElementTopPositionKeyword.getElementTopPosition(GetElementTopPositionKeyword.groovy:71)
	at com.kms.katalon.core.mobile.keyword.builtin.GetElementTopPositionKeyword.execute(GetElementTopPositionKeyword.groovy:64)
	at com.kms.katalon.core.keyword.internal.KeywordExecutor.executeKeywordForPlatform(KeywordExecutor.groovy:73)
	at com.kms.katalon.core.mobile.keyword.MobileBuiltInKeywords.getElementTopPosition(MobileBuiltInKeywords.groovy:2600)
	at com.kms.katalon.core.mobile.keyword.MobileBuiltInKeywords$getElementTopPosition$8.call(Unknown Source)
	at Metode Pembayaran.run(Metode Pembayaran:24)
	at com.kms.katalon.core.main.ScriptEngine.run(ScriptEngine.java:194)
	at com.kms.katalon.core.main.ScriptEngine.runScriptAsRawText(ScriptEngine.java:119)
	at com.kms.katalon.core.main.TestCaseExecutor.runScript(TestCaseExecutor.java:398)
	at com.kms.katalon.core.main.TestCaseExecutor.doExecute(TestCaseExecutor.java:389)
	at com.kms.katalon.core.main.TestCaseExecutor.processExecutionPhase(TestCaseExecutor.java:368)
	at com.kms.katalon.core.main.TestCaseExecutor.accessMainPhase(TestCaseExecutor.java:360)
	at com.kms.katalon.core.main.TestCaseExecutor.execute(TestCaseExecutor.java:255)
	at com.kms.katalon.core.main.TestCaseMain.runTestCase(TestCaseMain.java:114)
	at com.kms.katalon.core.keyword.builtin.CallTestCaseKeyword$_callTestCase_closure1.doCall(CallTestCaseKeyword.groovy:59)
	... 36 more]]></system-err>
   </testsuite>
</testsuites>
