<?xml version="1.0" encoding="UTF-8"?>
<testsuites name="login" time="406.49" tests="5" failures="0" skips="0" errors="0">
   <testsuite name="login" tests="5" failures="0" errors="0" time="406.49" skips="0" timestamp="2022-02-18 14:55:28" hostname="Owner - aldy-tft" id="Test Suites/login">
      <properties>
         <property name="deviceName" value="samsung SM-A205F (Android 11)"/>
         <property name="devicePlatform" value=""/>
         <property name="logFolder" value="C:\\Users\\Owner\\Documents\\kerjaan\\KatalonProject\\qa_katalon_pwm\\qa_katalon_pwm\\Reports\\20220218_144354\\login\\20220218_144404"/>
         <property name="logFiles" value="C:\\Users\\Owner\\Documents\\kerjaan\\KatalonProject\\qa_katalon_pwm\\qa_katalon_pwm\\Reports\\20220218_144354\\login\\20220218_144404\\appium.log, C:\\Users\\Owner\\Documents\\kerjaan\\KatalonProject\\qa_katalon_pwm\\qa_katalon_pwm\\Reports\\20220218_144354\\login\\20220218_144404\\execution0.log"/>
         <property name="attachments" value=""/>
         <property name="hostName" value="Owner - aldy-tft"/>
         <property name="os" value="Windows 10 64bit"/>
         <property name="appiumServerStatus" value="{&quot;value&quot;:{&quot;build&quot;:{&quot;version&quot;:&quot;1.22.0&quot;}},&quot;sessionId&quot;:null,&quot;status&quot;:0}"/>
         <property name="katalonVersion" value="7.9.1.208"/>
         <property name="deviceOS" value="Android"/>
         <property name="appiumVersion" value="1.22.0"/>
         <property name="deviceModel" value="SM-A205F"/>
         <property name="hostAddress" value="192.168.100.8"/>
         <property name="deviceManufacturer" value="samsung"/>
         <property name="deviceId" value="RR8M40C9AXE"/>
         <property name="deviceName" value="samsung SM-A205F (Android 11)"/>
         <property name="deviceOSVersion" value="11"/>
      </properties>
      <testcase name="Test Cases/Mobile/Scenario/Login/001 - Login dengan username" time="141.691" classname="Test Cases/Mobile/Scenario/Login/001 - Login dengan username" status="PASSED">
         <system-out><![CDATA[2022-02-18 14:55:31 - [TEST_CASE][PASSED] - Test Cases/Mobile/Scenario/Login/001 - Login dengan username: Test Cases/Mobile/Scenario/Login/001 - Login dengan username

2022-02-18 14:55:33 - [TEST_STEP][PASSED] - callTestCase(findTestCase("Mobile/Page/Run App/Run App byID"), [:], STOP_ON_FAILURE): Call Test Case 'Test Cases/Mobile/Page/Run App/Run App byID' successfully

2022-02-18 14:55:34 - [TEST_CASE][PASSED] - Test Cases/Mobile/Page/Run App/Run App byID: Test Cases/Mobile/Page/Run App/Run App byID

2022-02-18 14:55:35 - [TEST_STEP][PASSED] - startApp.OpenApp.startApplication("id.co.miraeasset.sageclub"): startApp.OpenApp.startApplication is PASSED

2022-02-18 14:55:42 - [MESSAGE][INFO] - Appium server started on port 61,784

2022-02-18 14:56:12 - [MESSAGE][PASSED] - Starting app with application ID: 'id.co.miraeasset.sageclub'

2022-02-18 14:56:12 - [MESSAGE][PASSED] - startApp.OpenApp.startApplication is PASSED

2022-02-18 14:56:12 - [MESSAGE][PASSED] - Call Test Case 'Test Cases/Mobile/Page/Run App/Run App byID' successfully

2022-02-18 14:56:12 - [TEST_STEP][PASSED] - callTestCase(findTestCase("Mobile/Page/Login/Login"), ["action":"username"], CONTINUE_ON_FAILURE): Call Test Case 'Test Cases/Mobile/Page/Login/Login' successfully

2022-02-18 14:56:12 - [TEST_CASE][PASSED] - Test Cases/Mobile/Page/Login/Login: Test Cases/Mobile/Page/Login/Login

2022-02-18 14:56:14 - [TEST_STEP][PASSED] - delay(2): Delayed 2 second(s)

2022-02-18 14:56:16 - [MESSAGE][PASSED] - Delayed 2 second(s)

2022-02-18 14:56:16 - [TEST_STEP][PASSED] - for ([i = 0, i < 1, (i++)]): null

2022-02-18 14:56:16 - [TEST_STEP][PASSED] - if (action == "username"): null

2022-02-18 14:56:16 - [TEST_STEP][PASSED] - tap(LOGN_EdtUserID, 0): Tapped on element 'Object Repository/Mobile/Page/Login/Input - UserID'

2022-02-18 14:56:17 - [MESSAGE][WARNING] - Test object with id 'Object Repository/Mobile/Page/Analysis/Button - Open With Just Once' does not exist

2022-02-18 14:56:17 - [MESSAGE][WARNING] - Test object with id 'Object Repository/Mobile/Page/Analysis/Button - Search' does not exist

2022-02-18 14:56:24 - [MESSAGE][WARNING] - Test object with id 'Object Repository/Mobile/Page/Home/Button -  Add Watchlist' does not exist

2022-02-18 14:56:24 - [MESSAGE][WARNING] - Test object with id 'Object Repository/Mobile/Page/Home/Button - Open with Just Once' does not exist

2022-02-18 14:56:25 - [MESSAGE][WARNING] - Test object with id 'Object Repository/Mobile/Page/Home/Container - Notification' does not exist

2022-02-18 14:56:27 - [MESSAGE][WARNING] - Test object with id 'Object Repository/Mobile/Page/Home/Watchlist/Input - Search' does not exist

2022-02-18 14:56:27 - [MESSAGE][WARNING] - Test object with id 'Object Repository/Mobile/Page/Home/Watchlist/Item - Top Search' does not exist

2022-02-18 14:56:28 - [MESSAGE][WARNING] - Test object with id 'Object Repository/Mobile/Page/Home/Watchlist/Detail Watchlist/Input - Expiry Date' does not exist

2022-02-18 14:56:29 - [MESSAGE][WARNING] - Test object with id 'Object Repository/Mobile/Page/Home/Watchlist/Detail Watchlist/Item - Watchlist' does not exist

2022-02-18 14:56:31 - [MESSAGE][WARNING] - Test object with id 'Object Repository/Mobile/Page/NavigationMenu/Button - Open Just Once' does not exist

2022-02-18 14:56:32 - [MESSAGE][WARNING] - Test object with id 'Object Repository/Mobile/Page/NavigationMenu/Container - Logout' does not exist

2022-02-18 14:56:48 - [MESSAGE][WARNING] - Test object with id 'Object Repository/Mobile/Page/Analysis/Button - Open With Just Once' does not exist

2022-02-18 14:56:48 - [MESSAGE][WARNING] - Test object with id 'Object Repository/Mobile/Page/Analysis/Button - Search' does not exist

2022-02-18 14:56:54 - [MESSAGE][WARNING] - Test object with id 'Object Repository/Mobile/Page/Home/Button -  Add Watchlist' does not exist

2022-02-18 14:56:54 - [MESSAGE][WARNING] - Test object with id 'Object Repository/Mobile/Page/Home/Button - Open with Just Once' does not exist

2022-02-18 14:56:55 - [MESSAGE][WARNING] - Test object with id 'Object Repository/Mobile/Page/Home/Container - Notification' does not exist

2022-02-18 14:56:57 - [MESSAGE][WARNING] - Test object with id 'Object Repository/Mobile/Page/Home/Watchlist/Input - Search' does not exist

2022-02-18 14:56:57 - [MESSAGE][WARNING] - Test object with id 'Object Repository/Mobile/Page/Home/Watchlist/Item - Top Search' does not exist

2022-02-18 14:56:58 - [MESSAGE][WARNING] - Test object with id 'Object Repository/Mobile/Page/Home/Watchlist/Detail Watchlist/Input - Expiry Date' does not exist

2022-02-18 14:56:59 - [MESSAGE][WARNING] - Test object with id 'Object Repository/Mobile/Page/Home/Watchlist/Detail Watchlist/Item - Watchlist' does not exist

2022-02-18 14:57:02 - [MESSAGE][WARNING] - Test object with id 'Object Repository/Mobile/Page/NavigationMenu/Button - Open Just Once' does not exist

2022-02-18 14:57:02 - [MESSAGE][WARNING] - Test object with id 'Object Repository/Mobile/Page/NavigationMenu/Container - Logout' does not exist

2022-02-18 14:57:17 - [MESSAGE][WARNING] - Timeout '0' is invalid. Using default page load timeout: '60'

2022-02-18 14:57:18 - [MESSAGE][PASSED] - Tapped on element 'Object Repository/Mobile/Page/Login/Input - UserID'

2022-02-18 14:57:18 - [TEST_STEP][PASSED] - delay(1): Delayed 1 second(s)

2022-02-18 14:57:19 - [MESSAGE][PASSED] - Delayed 1 second(s)

2022-02-18 14:57:19 - [TEST_STEP][PASSED] - setText(LOGN_EdtRdyUserID, "anggaaditya", 0): Text 'anggaaditya' has been set to element 'Object Repository/Mobile/Page/Login/Input Rdy - UserID'

2022-02-18 14:57:19 - [MESSAGE][WARNING] - Timeout '0' is invalid. Using default page load timeout: '60'

2022-02-18 14:57:20 - [MESSAGE][PASSED] - Text 'anggaaditya' has been set to element 'Object Repository/Mobile/Page/Login/Input Rdy - UserID'

2022-02-18 14:57:20 - [TEST_STEP][PASSED] - delay(1): Delayed 1 second(s)

2022-02-18 14:57:21 - [MESSAGE][PASSED] - Delayed 1 second(s)

2022-02-18 14:57:21 - [TEST_STEP][PASSED] - hideKeyboard(): Keyboard is hidden

2022-02-18 14:57:26 - [MESSAGE][PASSED] - Keyboard is hidden

2022-02-18 14:57:26 - [TEST_STEP][PASSED] - tap(LOGN_EdtPassword, 0): Tapped on element 'Object Repository/Mobile/Page/Login/Input - Password'

2022-02-18 14:57:26 - [MESSAGE][WARNING] - Timeout '0' is invalid. Using default page load timeout: '60'

2022-02-18 14:57:26 - [MESSAGE][PASSED] - Tapped on element 'Object Repository/Mobile/Page/Login/Input - Password'

2022-02-18 14:57:26 - [TEST_STEP][PASSED] - delay(1): Delayed 1 second(s)

2022-02-18 14:57:27 - [MESSAGE][PASSED] - Delayed 1 second(s)

2022-02-18 14:57:27 - [TEST_STEP][PASSED] - setText(LOGN_EdtRdyPassword, "Shalawa18", 0): Text 'Shalawa18' has been set to element 'Object Repository/Mobile/Page/Login/Input Rdy - Password'

2022-02-18 14:57:27 - [MESSAGE][WARNING] - Timeout '0' is invalid. Using default page load timeout: '60'

2022-02-18 14:57:28 - [MESSAGE][PASSED] - Text 'Shalawa18' has been set to element 'Object Repository/Mobile/Page/Login/Input Rdy - Password'

2022-02-18 14:57:28 - [TEST_STEP][PASSED] - delay(1): Delayed 1 second(s)

2022-02-18 14:57:29 - [MESSAGE][PASSED] - Delayed 1 second(s)

2022-02-18 14:57:29 - [TEST_STEP][PASSED] - hideKeyboard(): Keyboard is hidden

2022-02-18 14:57:37 - [MESSAGE][PASSED] - Keyboard is hidden

2022-02-18 14:57:37 - [TEST_STEP][PASSED] - tap(LOGN_BtnLogin, 0): Tapped on element 'Object Repository/Mobile/Page/Login/Button - Login'

2022-02-18 14:57:37 - [MESSAGE][WARNING] - Timeout '0' is invalid. Using default page load timeout: '60'

2022-02-18 14:57:38 - [MESSAGE][PASSED] - Tapped on element 'Object Repository/Mobile/Page/Login/Button - Login'

2022-02-18 14:57:38 - [TEST_STEP][PASSED] - delay(2): Delayed 2 second(s)

2022-02-18 14:57:40 - [MESSAGE][PASSED] - Delayed 2 second(s)

2022-02-18 14:57:40 - [TEST_STEP][PASSED] - break: null

2022-02-18 14:57:40 - [MESSAGE][PASSED] - Call Test Case 'Test Cases/Mobile/Page/Login/Login' successfully

2022-02-18 14:57:40 - [TEST_STEP][PASSED] - callTestCase(findTestCase("Mobile/Page/Run App/Terminate App"), [:], STOP_ON_FAILURE): Call Test Case 'Test Cases/Mobile/Page/Run App/Terminate App' successfully

2022-02-18 14:57:40 - [TEST_CASE][PASSED] - Test Cases/Mobile/Page/Run App/Terminate App: Test Cases/Mobile/Page/Run App/Terminate App

2022-02-18 14:57:41 - [TEST_STEP][PASSED] - startApp.OpenApp.terminateApplication(): startApp.OpenApp.terminateApplication is PASSED

2022-02-18 14:57:44 - [MESSAGE][PASSED] - Delayed 3 second(s)

2022-02-18 14:57:45 - [MESSAGE][PASSED] - Current device physical width is 720

2022-02-18 14:57:45 - [MESSAGE][PASSED] - Current device physical height is 1423

2022-02-18 14:57:47 - [MESSAGE][PASSED] - Swiped from 360,853 to 360,142

2022-02-18 14:57:48 - [MESSAGE][PASSED] - Delayed 1 second(s)

2022-02-18 14:57:50 - [MESSAGE][PASSED] - Swiped from 360,853 to 360,142

2022-02-18 14:57:53 - [MESSAGE][PASSED] - Delayed 3 second(s)

2022-02-18 14:57:53 - [MESSAGE][PASSED] - startApp.OpenApp.terminateApplication is PASSED

2022-02-18 14:57:53 - [MESSAGE][PASSED] - Call Test Case 'Test Cases/Mobile/Page/Run App/Terminate App' successfully]]></system-out>
         <system-err><![CDATA[]]></system-err>
      </testcase>
      <testcase name="Test Cases/Mobile/Scenario/Login/002 - Login dengan password salah" time="62.237" classname="Test Cases/Mobile/Scenario/Login/002 - Login dengan password salah" status="PASSED">
         <system-out><![CDATA[2022-02-18 14:57:53 - [TEST_CASE][PASSED] - Test Cases/Mobile/Scenario/Login/002 - Login dengan password salah: Test Cases/Mobile/Scenario/Login/002 - Login dengan password salah

2022-02-18 14:57:54 - [TEST_STEP][PASSED] - callTestCase(findTestCase("Mobile/Page/Run App/Run App byID"), [:], STOP_ON_FAILURE): Call Test Case 'Test Cases/Mobile/Page/Run App/Run App byID' successfully

2022-02-18 14:57:54 - [TEST_CASE][PASSED] - Test Cases/Mobile/Page/Run App/Run App byID: Test Cases/Mobile/Page/Run App/Run App byID

2022-02-18 14:57:54 - [TEST_STEP][PASSED] - startApp.OpenApp.startApplication("id.co.miraeasset.sageclub"): startApp.OpenApp.startApplication is PASSED

2022-02-18 14:58:16 - [MESSAGE][PASSED] - Starting app with application ID: 'id.co.miraeasset.sageclub'

2022-02-18 14:58:16 - [MESSAGE][PASSED] - startApp.OpenApp.startApplication is PASSED

2022-02-18 14:58:16 - [MESSAGE][PASSED] - Call Test Case 'Test Cases/Mobile/Page/Run App/Run App byID' successfully

2022-02-18 14:58:16 - [TEST_STEP][PASSED] - callTestCase(findTestCase("Mobile/Page/Login/Login"), ["action":"wrongpassword"], CONTINUE_ON_FAILURE): Call Test Case 'Test Cases/Mobile/Page/Login/Login' successfully

2022-02-18 14:58:16 - [TEST_CASE][PASSED] - Test Cases/Mobile/Page/Login/Login: Test Cases/Mobile/Page/Login/Login

2022-02-18 14:58:16 - [TEST_STEP][PASSED] - delay(2): Delayed 2 second(s)

2022-02-18 14:58:18 - [MESSAGE][PASSED] - Delayed 2 second(s)

2022-02-18 14:58:18 - [TEST_STEP][PASSED] - for ([i = 0, i < 1, (i++)]): null

2022-02-18 14:58:18 - [TEST_STEP][PASSED] - if (action == "username"): null

2022-02-18 14:58:18 - [TEST_STEP][PASSED] - else if (action == "wrongpassword"): null

2022-02-18 14:58:18 - [TEST_STEP][PASSED] - tap(LOGN_EdtUserID, 0): Tapped on element 'Object Repository/Mobile/Page/Login/Input - UserID'

2022-02-18 14:58:18 - [MESSAGE][WARNING] - Timeout '0' is invalid. Using default page load timeout: '60'

2022-02-18 14:58:19 - [MESSAGE][PASSED] - Tapped on element 'Object Repository/Mobile/Page/Login/Input - UserID'

2022-02-18 14:58:19 - [TEST_STEP][PASSED] - delay(1): Delayed 1 second(s)

2022-02-18 14:58:20 - [MESSAGE][PASSED] - Delayed 1 second(s)

2022-02-18 14:58:20 - [TEST_STEP][PASSED] - setText(LOGN_EdtRdyUserID, "anggaaditya", 0): Text 'anggaaditya' has been set to element 'Object Repository/Mobile/Page/Login/Input Rdy - UserID'

2022-02-18 14:58:20 - [MESSAGE][WARNING] - Timeout '0' is invalid. Using default page load timeout: '60'

2022-02-18 14:58:21 - [MESSAGE][PASSED] - Text 'anggaaditya' has been set to element 'Object Repository/Mobile/Page/Login/Input Rdy - UserID'

2022-02-18 14:58:21 - [TEST_STEP][PASSED] - delay(1): Delayed 1 second(s)

2022-02-18 14:58:22 - [MESSAGE][PASSED] - Delayed 1 second(s)

2022-02-18 14:58:22 - [TEST_STEP][PASSED] - hideKeyboard(): Keyboard is hidden

2022-02-18 14:58:29 - [MESSAGE][PASSED] - Keyboard is hidden

2022-02-18 14:58:29 - [TEST_STEP][PASSED] - tap(LOGN_EdtPassword, 0): Tapped on element 'Object Repository/Mobile/Page/Login/Input - Password'

2022-02-18 14:58:29 - [MESSAGE][WARNING] - Timeout '0' is invalid. Using default page load timeout: '60'

2022-02-18 14:58:30 - [MESSAGE][PASSED] - Tapped on element 'Object Repository/Mobile/Page/Login/Input - Password'

2022-02-18 14:58:30 - [TEST_STEP][PASSED] - delay(1): Delayed 1 second(s)

2022-02-18 14:58:31 - [MESSAGE][PASSED] - Delayed 1 second(s)

2022-02-18 14:58:31 - [TEST_STEP][PASSED] - setText(LOGN_EdtRdyPassword, "Shalawa181", 0): Text 'Shalawa181' has been set to element 'Object Repository/Mobile/Page/Login/Input Rdy - Password'

2022-02-18 14:58:31 - [MESSAGE][WARNING] - Timeout '0' is invalid. Using default page load timeout: '60'

2022-02-18 14:58:31 - [MESSAGE][PASSED] - Text 'Shalawa181' has been set to element 'Object Repository/Mobile/Page/Login/Input Rdy - Password'

2022-02-18 14:58:31 - [TEST_STEP][PASSED] - delay(1): Delayed 1 second(s)

2022-02-18 14:58:32 - [MESSAGE][PASSED] - Delayed 1 second(s)

2022-02-18 14:58:32 - [TEST_STEP][PASSED] - hideKeyboard(): Keyboard is hidden

2022-02-18 14:58:40 - [MESSAGE][PASSED] - Keyboard is hidden

2022-02-18 14:58:40 - [TEST_STEP][PASSED] - tap(LOGN_BtnLogin, 0): Tapped on element 'Object Repository/Mobile/Page/Login/Button - Login'

2022-02-18 14:58:40 - [MESSAGE][WARNING] - Timeout '0' is invalid. Using default page load timeout: '60'

2022-02-18 14:58:41 - [MESSAGE][PASSED] - Tapped on element 'Object Repository/Mobile/Page/Login/Button - Login'

2022-02-18 14:58:41 - [TEST_STEP][PASSED] - delay(2): Delayed 2 second(s)

2022-02-18 14:58:43 - [MESSAGE][PASSED] - Delayed 2 second(s)

2022-02-18 14:58:43 - [TEST_STEP][PASSED] - verify = verifyElementExist(LOGN_AlertInvalidCredentials, 5, STOP_ON_FAILURE): Element 'Object Repository/Mobile/Page/Login/Alert - Invalid credentials' is exist

2022-02-18 14:58:44 - [MESSAGE][PASSED] - Element 'Object Repository/Mobile/Page/Login/Alert - Invalid credentials' is exist

2022-02-18 14:58:44 - [TEST_STEP][PASSED] - break: null

2022-02-18 14:58:44 - [MESSAGE][PASSED] - Call Test Case 'Test Cases/Mobile/Page/Login/Login' successfully

2022-02-18 14:58:44 - [TEST_STEP][PASSED] - callTestCase(findTestCase("Mobile/Page/Run App/Terminate App"), [:], STOP_ON_FAILURE): Call Test Case 'Test Cases/Mobile/Page/Run App/Terminate App' successfully

2022-02-18 14:58:44 - [TEST_CASE][PASSED] - Test Cases/Mobile/Page/Run App/Terminate App: Test Cases/Mobile/Page/Run App/Terminate App

2022-02-18 14:58:44 - [TEST_STEP][PASSED] - startApp.OpenApp.terminateApplication(): startApp.OpenApp.terminateApplication is PASSED

2022-02-18 14:58:47 - [MESSAGE][PASSED] - Delayed 3 second(s)

2022-02-18 14:58:47 - [MESSAGE][PASSED] - Current device physical width is 720

2022-02-18 14:58:48 - [MESSAGE][PASSED] - Current device physical height is 1423

2022-02-18 14:58:49 - [MESSAGE][PASSED] - Swiped from 360,853 to 360,142

2022-02-18 14:58:50 - [MESSAGE][PASSED] - Delayed 1 second(s)

2022-02-18 14:58:52 - [MESSAGE][PASSED] - Swiped from 360,853 to 360,142

2022-02-18 14:58:55 - [MESSAGE][PASSED] - Delayed 3 second(s)

2022-02-18 14:58:55 - [MESSAGE][PASSED] - startApp.OpenApp.terminateApplication is PASSED

2022-02-18 14:58:55 - [MESSAGE][PASSED] - Call Test Case 'Test Cases/Mobile/Page/Run App/Terminate App' successfully]]></system-out>
         <system-err><![CDATA[]]></system-err>
      </testcase>
      <testcase name="Test Cases/Mobile/Scenario/Login/003 - Login tanpa internet" time="73.896" classname="Test Cases/Mobile/Scenario/Login/003 - Login tanpa internet" status="PASSED">
         <system-out><![CDATA[2022-02-18 14:58:55 - [TEST_CASE][PASSED] - Test Cases/Mobile/Scenario/Login/003 - Login tanpa internet: Test Cases/Mobile/Scenario/Login/003 - Login tanpa internet

2022-02-18 14:58:56 - [TEST_STEP][PASSED] - callTestCase(findTestCase("Mobile/Page/Run App/Run App byID"), [:], STOP_ON_FAILURE): Call Test Case 'Test Cases/Mobile/Page/Run App/Run App byID' successfully

2022-02-18 14:58:56 - [TEST_CASE][PASSED] - Test Cases/Mobile/Page/Run App/Run App byID: Test Cases/Mobile/Page/Run App/Run App byID

2022-02-18 14:58:56 - [TEST_STEP][PASSED] - startApp.OpenApp.startApplication("id.co.miraeasset.sageclub"): startApp.OpenApp.startApplication is PASSED

2022-02-18 14:59:18 - [MESSAGE][PASSED] - Starting app with application ID: 'id.co.miraeasset.sageclub'

2022-02-18 14:59:18 - [MESSAGE][PASSED] - startApp.OpenApp.startApplication is PASSED

2022-02-18 14:59:18 - [MESSAGE][PASSED] - Call Test Case 'Test Cases/Mobile/Page/Run App/Run App byID' successfully

2022-02-18 14:59:18 - [TEST_STEP][PASSED] - callTestCase(findTestCase("Mobile/Page/Login/Login"), ["action":"nointernet"], CONTINUE_ON_FAILURE): Call Test Case 'Test Cases/Mobile/Page/Login/Login' successfully

2022-02-18 14:59:18 - [TEST_CASE][PASSED] - Test Cases/Mobile/Page/Login/Login: Test Cases/Mobile/Page/Login/Login

2022-02-18 14:59:18 - [TEST_STEP][PASSED] - delay(2): Delayed 2 second(s)

2022-02-18 14:59:20 - [MESSAGE][PASSED] - Delayed 2 second(s)

2022-02-18 14:59:20 - [TEST_STEP][PASSED] - for ([i = 0, i < 1, (i++)]): null

2022-02-18 14:59:20 - [TEST_STEP][PASSED] - if (action == "username"): null

2022-02-18 14:59:20 - [TEST_STEP][PASSED] - else if (action == "wrongpassword"): null

2022-02-18 14:59:20 - [TEST_STEP][PASSED] - else if (action == "nointernet"): null

2022-02-18 14:59:20 - [TEST_STEP][PASSED] - scroll.scroll.scrollNotificationBar(): scroll.scroll.scrollNotificationBar is PASSED

2022-02-18 14:59:21 - [MESSAGE][PASSED] - Current device physical height is 1423

2022-02-18 14:59:23 - [MESSAGE][PASSED] - Swiped from 50,50 to 50,1,138

2022-02-18 14:59:23 - [MESSAGE][PASSED] - scroll.scroll.scrollNotificationBar is PASSED

2022-02-18 14:59:23 - [TEST_STEP][PASSED] - delay(1): Delayed 1 second(s)

2022-02-18 14:59:24 - [MESSAGE][PASSED] - Delayed 1 second(s)

2022-02-18 14:59:24 - [TEST_STEP][PASSED] - tap(OTHR_BtnWifi, 0): Tapped on element 'Object Repository/Mobile/Page/Others/Button - Wifi'

2022-02-18 14:59:24 - [MESSAGE][WARNING] - Timeout '0' is invalid. Using default page load timeout: '60'

2022-02-18 14:59:25 - [MESSAGE][PASSED] - Tapped on element 'Object Repository/Mobile/Page/Others/Button - Wifi'

2022-02-18 14:59:25 - [TEST_STEP][PASSED] - delay(1): Delayed 1 second(s)

2022-02-18 14:59:26 - [MESSAGE][PASSED] - Delayed 1 second(s)

2022-02-18 14:59:26 - [TEST_STEP][PASSED] - pressBack(): Press back button successfully

2022-02-18 14:59:27 - [MESSAGE][PASSED] - Press back button successfully

2022-02-18 14:59:27 - [TEST_STEP][PASSED] - tap(LOGN_EdtUserID, 0): Tapped on element 'Object Repository/Mobile/Page/Login/Input - UserID'

2022-02-18 14:59:27 - [MESSAGE][WARNING] - Timeout '0' is invalid. Using default page load timeout: '60'

2022-02-18 14:59:29 - [MESSAGE][PASSED] - Tapped on element 'Object Repository/Mobile/Page/Login/Input - UserID'

2022-02-18 14:59:29 - [TEST_STEP][PASSED] - delay(1): Delayed 1 second(s)

2022-02-18 14:59:30 - [MESSAGE][PASSED] - Delayed 1 second(s)

2022-02-18 14:59:30 - [TEST_STEP][PASSED] - setText(LOGN_EdtRdyUserID, "anggaaditya", 0): Text 'anggaaditya' has been set to element 'Object Repository/Mobile/Page/Login/Input Rdy - UserID'

2022-02-18 14:59:30 - [MESSAGE][WARNING] - Timeout '0' is invalid. Using default page load timeout: '60'

2022-02-18 14:59:30 - [MESSAGE][PASSED] - Text 'anggaaditya' has been set to element 'Object Repository/Mobile/Page/Login/Input Rdy - UserID'

2022-02-18 14:59:30 - [TEST_STEP][PASSED] - delay(1): Delayed 1 second(s)

2022-02-18 14:59:31 - [MESSAGE][PASSED] - Delayed 1 second(s)

2022-02-18 14:59:31 - [TEST_STEP][PASSED] - hideKeyboard(): Keyboard is hidden

2022-02-18 14:59:36 - [MESSAGE][PASSED] - Keyboard is hidden

2022-02-18 14:59:36 - [TEST_STEP][PASSED] - tap(LOGN_EdtPassword, 0): Tapped on element 'Object Repository/Mobile/Page/Login/Input - Password'

2022-02-18 14:59:36 - [MESSAGE][WARNING] - Timeout '0' is invalid. Using default page load timeout: '60'

2022-02-18 14:59:36 - [MESSAGE][PASSED] - Tapped on element 'Object Repository/Mobile/Page/Login/Input - Password'

2022-02-18 14:59:36 - [TEST_STEP][PASSED] - delay(1): Delayed 1 second(s)

2022-02-18 14:59:37 - [MESSAGE][PASSED] - Delayed 1 second(s)

2022-02-18 14:59:37 - [TEST_STEP][PASSED] - setText(LOGN_EdtRdyPassword, "Shalawa18", 0): Text 'Shalawa18' has been set to element 'Object Repository/Mobile/Page/Login/Input Rdy - Password'

2022-02-18 14:59:37 - [MESSAGE][WARNING] - Timeout '0' is invalid. Using default page load timeout: '60'

2022-02-18 14:59:38 - [MESSAGE][PASSED] - Text 'Shalawa18' has been set to element 'Object Repository/Mobile/Page/Login/Input Rdy - Password'

2022-02-18 14:59:38 - [TEST_STEP][PASSED] - delay(1): Delayed 1 second(s)

2022-02-18 14:59:39 - [MESSAGE][PASSED] - Delayed 1 second(s)

2022-02-18 14:59:39 - [TEST_STEP][PASSED] - hideKeyboard(): Keyboard is hidden

2022-02-18 14:59:47 - [MESSAGE][PASSED] - Keyboard is hidden

2022-02-18 14:59:47 - [TEST_STEP][PASSED] - tap(LOGN_BtnLogin, 0): Tapped on element 'Object Repository/Mobile/Page/Login/Button - Login'

2022-02-18 14:59:47 - [MESSAGE][WARNING] - Timeout '0' is invalid. Using default page load timeout: '60'

2022-02-18 14:59:47 - [MESSAGE][PASSED] - Tapped on element 'Object Repository/Mobile/Page/Login/Button - Login'

2022-02-18 14:59:47 - [TEST_STEP][PASSED] - delay(2): Delayed 2 second(s)

2022-02-18 14:59:49 - [MESSAGE][PASSED] - Delayed 2 second(s)

2022-02-18 14:59:49 - [TEST_STEP][PASSED] - verify = verifyElementExist(LOGN_AlertCheckYourNetwork, 5, STOP_ON_FAILURE): Element 'Object Repository/Mobile/Page/Login/Alert - Check your network' is exist

2022-02-18 14:59:50 - [MESSAGE][PASSED] - Element 'Object Repository/Mobile/Page/Login/Alert - Check your network' is exist

2022-02-18 14:59:50 - [TEST_STEP][PASSED] - scroll.scroll.scrollNotificationBar(): scroll.scroll.scrollNotificationBar is PASSED

2022-02-18 14:59:50 - [MESSAGE][PASSED] - Current device physical height is 1423

2022-02-18 14:59:52 - [MESSAGE][PASSED] - Swiped from 50,50 to 50,1,138

2022-02-18 14:59:52 - [MESSAGE][PASSED] - scroll.scroll.scrollNotificationBar is PASSED

2022-02-18 14:59:52 - [TEST_STEP][PASSED] - delay(1): Delayed 1 second(s)

2022-02-18 14:59:53 - [MESSAGE][PASSED] - Delayed 1 second(s)

2022-02-18 14:59:53 - [TEST_STEP][PASSED] - tap(OTHR_BtnWifi, 0): Tapped on element 'Object Repository/Mobile/Page/Others/Button - Wifi'

2022-02-18 14:59:53 - [MESSAGE][WARNING] - Timeout '0' is invalid. Using default page load timeout: '60'

2022-02-18 14:59:54 - [MESSAGE][PASSED] - Tapped on element 'Object Repository/Mobile/Page/Others/Button - Wifi'

2022-02-18 14:59:54 - [TEST_STEP][PASSED] - delay(1): Delayed 1 second(s)

2022-02-18 14:59:55 - [MESSAGE][PASSED] - Delayed 1 second(s)

2022-02-18 14:59:55 - [TEST_STEP][PASSED] - pressBack(): Press back button successfully

2022-02-18 14:59:55 - [MESSAGE][PASSED] - Press back button successfully

2022-02-18 14:59:55 - [TEST_STEP][PASSED] - break: null

2022-02-18 14:59:55 - [MESSAGE][PASSED] - Call Test Case 'Test Cases/Mobile/Page/Login/Login' successfully

2022-02-18 14:59:55 - [TEST_STEP][PASSED] - callTestCase(findTestCase("Mobile/Page/Run App/Terminate App"), [:], STOP_ON_FAILURE): Call Test Case 'Test Cases/Mobile/Page/Run App/Terminate App' successfully

2022-02-18 14:59:56 - [TEST_CASE][PASSED] - Test Cases/Mobile/Page/Run App/Terminate App: Test Cases/Mobile/Page/Run App/Terminate App

2022-02-18 14:59:56 - [TEST_STEP][PASSED] - startApp.OpenApp.terminateApplication(): startApp.OpenApp.terminateApplication is PASSED

2022-02-18 15:00:01 - [MESSAGE][PASSED] - Delayed 3 second(s)

2022-02-18 15:00:01 - [MESSAGE][PASSED] - Current device physical width is 720

2022-02-18 15:00:02 - [MESSAGE][PASSED] - Current device physical height is 1423

2022-02-18 15:00:03 - [MESSAGE][PASSED] - Swiped from 360,853 to 360,142

2022-02-18 15:00:04 - [MESSAGE][PASSED] - Delayed 1 second(s)

2022-02-18 15:00:06 - [MESSAGE][PASSED] - Swiped from 360,853 to 360,142

2022-02-18 15:00:09 - [MESSAGE][PASSED] - Delayed 3 second(s)

2022-02-18 15:00:09 - [MESSAGE][PASSED] - startApp.OpenApp.terminateApplication is PASSED

2022-02-18 15:00:09 - [MESSAGE][PASSED] - Call Test Case 'Test Cases/Mobile/Page/Run App/Terminate App' successfully]]></system-out>
         <system-err><![CDATA[]]></system-err>
      </testcase>
      <testcase name="Test Cases/Mobile/Scenario/Login/004 - Login dengan mengaktifkan visible password" time="59.618" classname="Test Cases/Mobile/Scenario/Login/004 - Login dengan mengaktifkan visible password" status="PASSED">
         <system-out><![CDATA[2022-02-18 15:00:09 - [TEST_CASE][PASSED] - Test Cases/Mobile/Scenario/Login/004 - Login dengan mengaktifkan visible password: Test Cases/Mobile/Scenario/Login/004 - Login dengan mengaktifkan visible password

2022-02-18 15:00:10 - [TEST_STEP][PASSED] - callTestCase(findTestCase("Mobile/Page/Run App/Run App byID"), [:], STOP_ON_FAILURE): Call Test Case 'Test Cases/Mobile/Page/Run App/Run App byID' successfully

2022-02-18 15:00:10 - [TEST_CASE][PASSED] - Test Cases/Mobile/Page/Run App/Run App byID: Test Cases/Mobile/Page/Run App/Run App byID

2022-02-18 15:00:10 - [TEST_STEP][PASSED] - startApp.OpenApp.startApplication("id.co.miraeasset.sageclub"): startApp.OpenApp.startApplication is PASSED

2022-02-18 15:00:31 - [MESSAGE][PASSED] - Starting app with application ID: 'id.co.miraeasset.sageclub'

2022-02-18 15:00:31 - [MESSAGE][PASSED] - startApp.OpenApp.startApplication is PASSED

2022-02-18 15:00:31 - [MESSAGE][PASSED] - Call Test Case 'Test Cases/Mobile/Page/Run App/Run App byID' successfully

2022-02-18 15:00:31 - [TEST_STEP][PASSED] - callTestCase(findTestCase("Mobile/Page/Login/Login"), ["action":"visiblepassword"], CONTINUE_ON_FAILURE): Call Test Case 'Test Cases/Mobile/Page/Login/Login' successfully

2022-02-18 15:00:31 - [TEST_CASE][PASSED] - Test Cases/Mobile/Page/Login/Login: Test Cases/Mobile/Page/Login/Login

2022-02-18 15:00:31 - [TEST_STEP][PASSED] - delay(2): Delayed 2 second(s)

2022-02-18 15:00:33 - [MESSAGE][PASSED] - Delayed 2 second(s)

2022-02-18 15:00:33 - [TEST_STEP][PASSED] - for ([i = 0, i < 1, (i++)]): null

2022-02-18 15:00:33 - [TEST_STEP][PASSED] - if (action == "username"): null

2022-02-18 15:00:33 - [TEST_STEP][PASSED] - else if (action == "wrongpassword"): null

2022-02-18 15:00:33 - [TEST_STEP][PASSED] - else if (action == "nointernet"): null

2022-02-18 15:00:33 - [TEST_STEP][PASSED] - else if (action == "visiblepassword"): null

2022-02-18 15:00:33 - [TEST_STEP][PASSED] - tap(LOGN_EdtUserID, 0): Tapped on element 'Object Repository/Mobile/Page/Login/Input - UserID'

2022-02-18 15:00:33 - [MESSAGE][WARNING] - Timeout '0' is invalid. Using default page load timeout: '60'

2022-02-18 15:00:34 - [MESSAGE][PASSED] - Tapped on element 'Object Repository/Mobile/Page/Login/Input - UserID'

2022-02-18 15:00:34 - [TEST_STEP][PASSED] - delay(1): Delayed 1 second(s)

2022-02-18 15:00:35 - [MESSAGE][PASSED] - Delayed 1 second(s)

2022-02-18 15:00:35 - [TEST_STEP][PASSED] - setText(LOGN_EdtRdyUserID, "anggaaditya", 0): Text 'anggaaditya' has been set to element 'Object Repository/Mobile/Page/Login/Input Rdy - UserID'

2022-02-18 15:00:35 - [MESSAGE][WARNING] - Timeout '0' is invalid. Using default page load timeout: '60'

2022-02-18 15:00:36 - [MESSAGE][PASSED] - Text 'anggaaditya' has been set to element 'Object Repository/Mobile/Page/Login/Input Rdy - UserID'

2022-02-18 15:00:36 - [TEST_STEP][PASSED] - delay(1): Delayed 1 second(s)

2022-02-18 15:00:37 - [MESSAGE][PASSED] - Delayed 1 second(s)

2022-02-18 15:00:37 - [TEST_STEP][PASSED] - hideKeyboard(): Keyboard is hidden

2022-02-18 15:00:43 - [MESSAGE][PASSED] - Keyboard is hidden

2022-02-18 15:00:43 - [TEST_STEP][PASSED] - top = getElementTopPosition(LOGN_EdtPassword, 0): Object 'Object Repository/Mobile/Page/Login/Input - Password' has top position '842'

2022-02-18 15:00:43 - [MESSAGE][WARNING] - Timeout '0' is invalid. Using default page load timeout: '60'

2022-02-18 15:00:43 - [MESSAGE][PASSED] - Object 'Object Repository/Mobile/Page/Login/Input - Password' has top position '842'

2022-02-18 15:00:43 - [TEST_STEP][PASSED] - left = getElementLeftPosition(LOGN_EdtPassword, 0): Object 'Object Repository/Mobile/Page/Login/Input - Password' has left position '32'

2022-02-18 15:00:43 - [MESSAGE][WARNING] - Timeout '0' is invalid. Using default page load timeout: '60'

2022-02-18 15:00:44 - [MESSAGE][PASSED] - Object 'Object Repository/Mobile/Page/Login/Input - Password' has left position '32'

2022-02-18 15:00:44 - [TEST_STEP][PASSED] - x = left + getElementWidth(LOGN_EdtPassword, 0) * 0.9: Object 'Object Repository/Mobile/Page/Login/Input - Password' has width: '657'

2022-02-18 15:00:44 - [MESSAGE][WARNING] - Timeout '0' is invalid. Using default page load timeout: '60'

2022-02-18 15:00:44 - [MESSAGE][PASSED] - Object 'Object Repository/Mobile/Page/Login/Input - Password' has width: '657'

2022-02-18 15:00:44 - [TEST_STEP][PASSED] - y = top + getElementHeight(LOGN_EdtPassword, 0) / 2: Object 'Object Repository/Mobile/Page/Login/Input - Password' has height: '84'

2022-02-18 15:00:44 - [MESSAGE][WARNING] - Timeout '0' is invalid. Using default page load timeout: '60'

2022-02-18 15:00:44 - [MESSAGE][PASSED] - Object 'Object Repository/Mobile/Page/Login/Input - Password' has height: '84'

2022-02-18 15:00:44 - [TEST_STEP][PASSED] - tapAtPosition(x, y): Tapped at [623, 884]

2022-02-18 15:00:44 - [MESSAGE][PASSED] - Tapped at [623, 884]

2022-02-18 15:00:44 - [TEST_STEP][PASSED] - delay(1): Delayed 1 second(s)

2022-02-18 15:00:45 - [MESSAGE][PASSED] - Delayed 1 second(s)

2022-02-18 15:00:45 - [TEST_STEP][PASSED] - tap(LOGN_EdtPassword, 0): Tapped on element 'Object Repository/Mobile/Page/Login/Input - Password'

2022-02-18 15:00:45 - [MESSAGE][WARNING] - Timeout '0' is invalid. Using default page load timeout: '60'

2022-02-18 15:00:46 - [MESSAGE][PASSED] - Tapped on element 'Object Repository/Mobile/Page/Login/Input - Password'

2022-02-18 15:00:46 - [TEST_STEP][PASSED] - delay(1): Delayed 1 second(s)

2022-02-18 15:00:47 - [MESSAGE][PASSED] - Delayed 1 second(s)

2022-02-18 15:00:47 - [TEST_STEP][PASSED] - setText(LOGN_EdtRdyPassword, "Shalawa18", 0): Text 'Shalawa18' has been set to element 'Object Repository/Mobile/Page/Login/Input Rdy - Password'

2022-02-18 15:00:47 - [MESSAGE][WARNING] - Timeout '0' is invalid. Using default page load timeout: '60'

2022-02-18 15:00:47 - [MESSAGE][PASSED] - Text 'Shalawa18' has been set to element 'Object Repository/Mobile/Page/Login/Input Rdy - Password'

2022-02-18 15:00:47 - [TEST_STEP][PASSED] - delay(1): Delayed 1 second(s)

2022-02-18 15:00:48 - [MESSAGE][PASSED] - Delayed 1 second(s)

2022-02-18 15:00:48 - [TEST_STEP][PASSED] - hideKeyboard(): Keyboard is hidden

2022-02-18 15:00:53 - [MESSAGE][PASSED] - Keyboard is hidden

2022-02-18 15:00:53 - [TEST_STEP][PASSED] - tap(LOGN_BtnLogin, 0): Tapped on element 'Object Repository/Mobile/Page/Login/Button - Login'

2022-02-18 15:00:53 - [MESSAGE][WARNING] - Timeout '0' is invalid. Using default page load timeout: '60'

2022-02-18 15:00:54 - [MESSAGE][PASSED] - Tapped on element 'Object Repository/Mobile/Page/Login/Button - Login'

2022-02-18 15:00:54 - [TEST_STEP][PASSED] - delay(2): Delayed 2 second(s)

2022-02-18 15:00:56 - [MESSAGE][PASSED] - Delayed 2 second(s)

2022-02-18 15:00:56 - [TEST_STEP][PASSED] - break: null

2022-02-18 15:00:56 - [MESSAGE][PASSED] - Call Test Case 'Test Cases/Mobile/Page/Login/Login' successfully

2022-02-18 15:00:56 - [TEST_STEP][PASSED] - callTestCase(findTestCase("Mobile/Page/Run App/Terminate App"), [:], STOP_ON_FAILURE): Call Test Case 'Test Cases/Mobile/Page/Run App/Terminate App' successfully

2022-02-18 15:00:56 - [TEST_CASE][PASSED] - Test Cases/Mobile/Page/Run App/Terminate App: Test Cases/Mobile/Page/Run App/Terminate App

2022-02-18 15:00:56 - [TEST_STEP][PASSED] - startApp.OpenApp.terminateApplication(): startApp.OpenApp.terminateApplication is PASSED

2022-02-18 15:01:00 - [MESSAGE][PASSED] - Delayed 3 second(s)

2022-02-18 15:01:01 - [MESSAGE][PASSED] - Current device physical width is 720

2022-02-18 15:01:01 - [MESSAGE][PASSED] - Current device physical height is 1423

2022-02-18 15:01:03 - [MESSAGE][PASSED] - Swiped from 360,853 to 360,142

2022-02-18 15:01:04 - [MESSAGE][PASSED] - Delayed 1 second(s)

2022-02-18 15:01:05 - [MESSAGE][PASSED] - Swiped from 360,853 to 360,142

2022-02-18 15:01:08 - [MESSAGE][PASSED] - Delayed 3 second(s)

2022-02-18 15:01:08 - [MESSAGE][PASSED] - startApp.OpenApp.terminateApplication is PASSED

2022-02-18 15:01:08 - [MESSAGE][PASSED] - Call Test Case 'Test Cases/Mobile/Page/Run App/Terminate App' successfully]]></system-out>
         <system-err><![CDATA[]]></system-err>
      </testcase>
      <testcase name="Test Cases/Mobile/Scenario/Login/005 - Login menggunakan username dengan membatalkan fingerprint" time="65.255" classname="Test Cases/Mobile/Scenario/Login/005 - Login menggunakan username dengan membatalkan fingerprint" status="PASSED">
         <system-out><![CDATA[2022-02-18 15:01:08 - [TEST_CASE][PASSED] - Test Cases/Mobile/Scenario/Login/005 - Login menggunakan username dengan membatalkan fingerprint: Test Cases/Mobile/Scenario/Login/005 - Login menggunakan username dengan membatalkan fingerprint

2022-02-18 15:01:09 - [TEST_STEP][PASSED] - callTestCase(findTestCase("Mobile/Page/Run App/Run App byID"), [:], STOP_ON_FAILURE): Call Test Case 'Test Cases/Mobile/Page/Run App/Run App byID' successfully

2022-02-18 15:01:10 - [TEST_CASE][PASSED] - Test Cases/Mobile/Page/Run App/Run App byID: Test Cases/Mobile/Page/Run App/Run App byID

2022-02-18 15:01:10 - [TEST_STEP][PASSED] - startApp.OpenApp.startApplication("id.co.miraeasset.sageclub"): startApp.OpenApp.startApplication is PASSED

2022-02-18 15:01:31 - [MESSAGE][PASSED] - Starting app with application ID: 'id.co.miraeasset.sageclub'

2022-02-18 15:01:31 - [MESSAGE][PASSED] - startApp.OpenApp.startApplication is PASSED

2022-02-18 15:01:31 - [MESSAGE][PASSED] - Call Test Case 'Test Cases/Mobile/Page/Run App/Run App byID' successfully

2022-02-18 15:01:31 - [TEST_STEP][PASSED] - callTestCase(findTestCase("Mobile/Page/Login/Login"), ["action":"cancelfingerprint"], CONTINUE_ON_FAILURE): Call Test Case 'Test Cases/Mobile/Page/Login/Login' successfully

2022-02-18 15:01:31 - [TEST_CASE][PASSED] - Test Cases/Mobile/Page/Login/Login: Test Cases/Mobile/Page/Login/Login

2022-02-18 15:01:31 - [TEST_STEP][PASSED] - delay(2): Delayed 2 second(s)

2022-02-18 15:01:33 - [MESSAGE][PASSED] - Delayed 2 second(s)

2022-02-18 15:01:33 - [TEST_STEP][PASSED] - for ([i = 0, i < 1, (i++)]): Delayed 2 second(s)

2022-02-18 15:01:33 - [TEST_STEP][PASSED] - if (action == "username"): null

2022-02-18 15:01:33 - [TEST_STEP][PASSED] - else if (action == "wrongpassword"): null

2022-02-18 15:01:33 - [TEST_STEP][PASSED] - else if (action == "nointernet"): null

2022-02-18 15:01:33 - [TEST_STEP][PASSED] - else if (action == "visiblepassword"): null

2022-02-18 15:01:33 - [TEST_STEP][PASSED] - else if (action == "cancelfingerprint"): Delayed 2 second(s)

2022-02-18 15:01:33 - [TEST_STEP][PASSED] - tap(LOGN_BtnFingerprint, 0): Tapped on element 'Object Repository/Mobile/Page/Login/Button - Fingerprint'

2022-02-18 15:01:33 - [MESSAGE][WARNING] - Timeout '0' is invalid. Using default page load timeout: '60'

2022-02-18 15:01:35 - [MESSAGE][PASSED] - Tapped on element 'Object Repository/Mobile/Page/Login/Button - Fingerprint'

2022-02-18 15:01:35 - [TEST_STEP][PASSED] - delay(1): Delayed 1 second(s)

2022-02-18 15:01:36 - [MESSAGE][PASSED] - Delayed 1 second(s)

2022-02-18 15:01:36 - [TEST_STEP][PASSED] - pressBack(): Press back button successfully

2022-02-18 15:01:36 - [MESSAGE][PASSED] - Press back button successfully

2022-02-18 15:01:36 - [TEST_STEP][PASSED] - delay(1): Delayed 1 second(s)

2022-02-18 15:01:37 - [MESSAGE][PASSED] - Delayed 1 second(s)

2022-02-18 15:01:37 - [TEST_STEP][PASSED] - tap(LOGN_EdtUserID, 0): Tapped on element 'Object Repository/Mobile/Page/Login/Input - UserID'

2022-02-18 15:01:37 - [MESSAGE][WARNING] - Timeout '0' is invalid. Using default page load timeout: '60'

2022-02-18 15:01:38 - [MESSAGE][PASSED] - Tapped on element 'Object Repository/Mobile/Page/Login/Input - UserID'

2022-02-18 15:01:38 - [TEST_STEP][PASSED] - delay(1): Delayed 1 second(s)

2022-02-18 15:01:39 - [MESSAGE][PASSED] - Delayed 1 second(s)

2022-02-18 15:01:39 - [TEST_STEP][PASSED] - setText(LOGN_EdtRdyUserID, "anggaaditya", 0): Text 'anggaaditya' has been set to element 'Object Repository/Mobile/Page/Login/Input Rdy - UserID'

2022-02-18 15:01:39 - [MESSAGE][WARNING] - Timeout '0' is invalid. Using default page load timeout: '60'

2022-02-18 15:01:40 - [MESSAGE][PASSED] - Text 'anggaaditya' has been set to element 'Object Repository/Mobile/Page/Login/Input Rdy - UserID'

2022-02-18 15:01:40 - [TEST_STEP][PASSED] - delay(1): Delayed 1 second(s)

2022-02-18 15:01:41 - [MESSAGE][PASSED] - Delayed 1 second(s)

2022-02-18 15:01:41 - [TEST_STEP][PASSED] - hideKeyboard(): Keyboard is hidden

2022-02-18 15:01:47 - [MESSAGE][PASSED] - Keyboard is hidden

2022-02-18 15:01:47 - [TEST_STEP][PASSED] - tap(LOGN_EdtPassword, 0): Tapped on element 'Object Repository/Mobile/Page/Login/Input - Password'

2022-02-18 15:01:47 - [MESSAGE][WARNING] - Timeout '0' is invalid. Using default page load timeout: '60'

2022-02-18 15:01:48 - [MESSAGE][PASSED] - Tapped on element 'Object Repository/Mobile/Page/Login/Input - Password'

2022-02-18 15:01:48 - [TEST_STEP][PASSED] - delay(1): Delayed 1 second(s)

2022-02-18 15:01:49 - [MESSAGE][PASSED] - Delayed 1 second(s)

2022-02-18 15:01:49 - [TEST_STEP][PASSED] - setText(LOGN_EdtRdyPassword, "Shalawa18", 0): Text 'Shalawa18' has been set to element 'Object Repository/Mobile/Page/Login/Input Rdy - Password'

2022-02-18 15:01:49 - [MESSAGE][WARNING] - Timeout '0' is invalid. Using default page load timeout: '60'

2022-02-18 15:01:50 - [MESSAGE][PASSED] - Text 'Shalawa18' has been set to element 'Object Repository/Mobile/Page/Login/Input Rdy - Password'

2022-02-18 15:01:50 - [TEST_STEP][PASSED] - delay(1): Delayed 1 second(s)

2022-02-18 15:01:51 - [MESSAGE][PASSED] - Delayed 1 second(s)

2022-02-18 15:01:51 - [TEST_STEP][PASSED] - hideKeyboard(): Keyboard is hidden

2022-02-18 15:01:58 - [MESSAGE][PASSED] - Keyboard is hidden

2022-02-18 15:01:58 - [TEST_STEP][PASSED] - tap(LOGN_BtnLogin, 0): Tapped on element 'Object Repository/Mobile/Page/Login/Button - Login'

2022-02-18 15:01:58 - [MESSAGE][WARNING] - Timeout '0' is invalid. Using default page load timeout: '60'

2022-02-18 15:01:59 - [MESSAGE][PASSED] - Tapped on element 'Object Repository/Mobile/Page/Login/Button - Login'

2022-02-18 15:01:59 - [TEST_STEP][PASSED] - delay(2): Delayed 2 second(s)

2022-02-18 15:02:01 - [MESSAGE][PASSED] - Delayed 2 second(s)

2022-02-18 15:02:01 - [MESSAGE][PASSED] - Call Test Case 'Test Cases/Mobile/Page/Login/Login' successfully

2022-02-18 15:02:01 - [TEST_STEP][PASSED] - callTestCase(findTestCase("Mobile/Page/Run App/Terminate App"), [:], STOP_ON_FAILURE): Call Test Case 'Test Cases/Mobile/Page/Run App/Terminate App' successfully

2022-02-18 15:02:01 - [TEST_CASE][PASSED] - Test Cases/Mobile/Page/Run App/Terminate App: Test Cases/Mobile/Page/Run App/Terminate App

2022-02-18 15:02:01 - [TEST_STEP][PASSED] - startApp.OpenApp.terminateApplication(): startApp.OpenApp.terminateApplication is PASSED

2022-02-18 15:02:06 - [MESSAGE][PASSED] - Delayed 3 second(s)

2022-02-18 15:02:06 - [MESSAGE][PASSED] - Current device physical width is 720

2022-02-18 15:02:06 - [MESSAGE][PASSED] - Current device physical height is 1423

2022-02-18 15:02:08 - [MESSAGE][PASSED] - Swiped from 360,853 to 360,142

2022-02-18 15:02:09 - [MESSAGE][PASSED] - Delayed 1 second(s)

2022-02-18 15:02:11 - [MESSAGE][PASSED] - Swiped from 360,853 to 360,142

2022-02-18 15:02:14 - [MESSAGE][PASSED] - Delayed 3 second(s)

2022-02-18 15:02:14 - [MESSAGE][PASSED] - startApp.OpenApp.terminateApplication is PASSED

2022-02-18 15:02:14 - [MESSAGE][PASSED] - Call Test Case 'Test Cases/Mobile/Page/Run App/Terminate App' successfully]]></system-out>
         <system-err><![CDATA[]]></system-err>
      </testcase>
      <system-out><![CDATA[2022-02-18 14:55:28 - [TEST_SUITE][PASSED] - login: Test Cases/Mobile/Scenario/Login/005 - Login menggunakan username dengan membatalkan fingerprint]]></system-out>
      <system-err><![CDATA[]]></system-err>
   </testsuite>
</testsuites>
