<?xml version="1.0" encoding="UTF-8"?>
<testsuites name="news" time="335.084" tests="5" failures="0" skips="0" errors="0">
   <testsuite name="news" tests="5" failures="0" errors="0" time="335.084" skips="0" timestamp="2021-12-16 08:17:39" hostname="Owner - aldy-tft" id="Test Suites/news">
      <properties>
         <property name="deviceName" value="samsung SM-A205F (Android 11)"/>
         <property name="devicePlatform" value=""/>
         <property name="logFolder" value="C:\\Users\\Owner\\Documents\\kerjaan\\KatalonProject\\qa_katalon_pwm\\qa_katalon_pwm\\Reports\\20211216_081731\\news\\20211216_081731"/>
         <property name="logFiles" value="C:\\Users\\Owner\\Documents\\kerjaan\\KatalonProject\\qa_katalon_pwm\\qa_katalon_pwm\\Reports\\20211216_081731\\news\\20211216_081731\\appium.log, C:\\Users\\Owner\\Documents\\kerjaan\\KatalonProject\\qa_katalon_pwm\\qa_katalon_pwm\\Reports\\20211216_081731\\news\\20211216_081731\\execution0.log"/>
         <property name="attachments" value=""/>
         <property name="hostName" value="Owner - aldy-tft"/>
         <property name="os" value="Windows 10 64bit"/>
         <property name="appiumServerStatus" value="{&quot;value&quot;:{&quot;build&quot;:{&quot;version&quot;:&quot;1.22.0&quot;}},&quot;sessionId&quot;:null,&quot;status&quot;:0}"/>
         <property name="katalonVersion" value="7.9.1.208"/>
         <property name="deviceOS" value="Android"/>
         <property name="appiumVersion" value="1.22.0"/>
         <property name="deviceModel" value="SM-A205F"/>
         <property name="hostAddress" value="10.0.30.67"/>
         <property name="deviceManufacturer" value="samsung"/>
         <property name="deviceId" value="RR8M40C9AXE"/>
         <property name="deviceName" value="samsung SM-A205F (Android 11)"/>
         <property name="deviceOSVersion" value="11"/>
      </properties>
      <testcase name="Test Cases/Mobile/Scenario/News/001 - News World Indices" time="76.899" classname="Test Cases/Mobile/Scenario/News/001 - News World Indices" status="PASSED">
         <system-out><![CDATA[2021-12-16 08:17:40 - [TEST_CASE][PASSED] - Test Cases/Mobile/Scenario/News/001 - News World Indices: Test Cases/Mobile/Scenario/News/001 - News World Indices

2021-12-16 08:17:40 - [TEST_STEP][PASSED] - callTestCase(findTestCase("Mobile/Page/Run App/Run App byID"), [:], STOP_ON_FAILURE): Call Test Case 'Test Cases/Mobile/Page/Run App/Run App byID' successfully

2021-12-16 08:17:41 - [TEST_CASE][PASSED] - Test Cases/Mobile/Page/Run App/Run App byID: Test Cases/Mobile/Page/Run App/Run App byID

2021-12-16 08:17:41 - [TEST_STEP][PASSED] - startApp.OpenApp.startApplication("id.co.miraeasset.sageclub"): startApp.OpenApp.startApplication is PASSED

2021-12-16 08:17:43 - [MESSAGE][INFO] - Appium server started on port 59,996

2021-12-16 08:17:59 - [MESSAGE][PASSED] - Starting app with application ID: 'id.co.miraeasset.sageclub'

2021-12-16 08:17:59 - [MESSAGE][PASSED] - startApp.OpenApp.startApplication is PASSED

2021-12-16 08:17:59 - [MESSAGE][PASSED] - Call Test Case 'Test Cases/Mobile/Page/Run App/Run App byID' successfully

2021-12-16 08:17:59 - [TEST_STEP][PASSED] - callTestCase(findTestCase("Mobile/Page/News/News"), ["tab":"worldindices"], CONTINUE_ON_FAILURE): Call Test Case 'Test Cases/Mobile/Page/News/News' successfully

2021-12-16 08:17:59 - [TEST_CASE][PASSED] - Test Cases/Mobile/Page/News/News: Test Cases/Mobile/Page/News/News

2021-12-16 08:18:01 - [TEST_STEP][PASSED] - callTestCase(findTestCase("Mobile/Page/CheckLogin"), [:], CONTINUE_ON_FAILURE): Call Test Case 'Test Cases/Mobile/Page/CheckLogin' successfully

2021-12-16 08:18:01 - [TEST_CASE][PASSED] - Test Cases/Mobile/Page/CheckLogin: Test Cases/Mobile/Page/CheckLogin

2021-12-16 08:18:01 - [TEST_STEP][PASSED] - loginCheck = verifyElementExist(findTestObject("Mobile/Page/Login/Button - Login"), 2, CONTINUE_ON_FAILURE): Element 'Object Repository/Mobile/Page/Login/Button - Login' is exist

2021-12-16 08:18:03 - [MESSAGE][PASSED] - Element 'Object Repository/Mobile/Page/Login/Button - Login' is exist

2021-12-16 08:18:03 - [TEST_STEP][PASSED] - if (loginCheck): Call Test Case 'Test Cases/Mobile/Page/Login/Login' successfully

2021-12-16 08:18:03 - [TEST_STEP][PASSED] - callTestCase(findTestCase("Mobile/Page/Login/Login"), [:], CONTINUE_ON_FAILURE): Call Test Case 'Test Cases/Mobile/Page/Login/Login' successfully

2021-12-16 08:18:03 - [TEST_CASE][PASSED] - Test Cases/Mobile/Page/Login/Login: Test Cases/Mobile/Page/Login/Login

2021-12-16 08:18:04 - [TEST_STEP][PASSED] - delay(2): Delayed 2 second(s)

2021-12-16 08:18:06 - [MESSAGE][PASSED] - Delayed 2 second(s)

2021-12-16 08:18:06 - [TEST_STEP][PASSED] - tap(findTestObject("Mobile/Page/Login/Input - UserID"), 0): Tapped on element 'Object Repository/Mobile/Page/Login/Input - UserID'

2021-12-16 08:18:06 - [MESSAGE][WARNING] - Timeout '0' is invalid. Using default page load timeout: '60'

2021-12-16 08:18:06 - [MESSAGE][PASSED] - Tapped on element 'Object Repository/Mobile/Page/Login/Input - UserID'

2021-12-16 08:18:06 - [TEST_STEP][PASSED] - delay(1): Delayed 1 second(s)

2021-12-16 08:18:07 - [MESSAGE][PASSED] - Delayed 1 second(s)

2021-12-16 08:18:07 - [TEST_STEP][PASSED] - setText(findTestObject("Mobile/Page/Login/Input Rdy - UserID"), "anggaaditya", 0): Text 'anggaaditya' has been set to element 'Object Repository/Mobile/Page/Login/Input Rdy - UserID'

2021-12-16 08:18:08 - [MESSAGE][WARNING] - Timeout '0' is invalid. Using default page load timeout: '60'

2021-12-16 08:18:09 - [MESSAGE][PASSED] - Text 'anggaaditya' has been set to element 'Object Repository/Mobile/Page/Login/Input Rdy - UserID'

2021-12-16 08:18:09 - [TEST_STEP][PASSED] - delay(1): Delayed 1 second(s)

2021-12-16 08:18:10 - [MESSAGE][PASSED] - Delayed 1 second(s)

2021-12-16 08:18:10 - [TEST_STEP][PASSED] - hideKeyboard(): Keyboard is hidden

2021-12-16 08:18:14 - [MESSAGE][PASSED] - Keyboard is hidden

2021-12-16 08:18:14 - [TEST_STEP][PASSED] - tap(findTestObject("Mobile/Page/Login/Input - Password"), 0): Tapped on element 'Object Repository/Mobile/Page/Login/Input - Password'

2021-12-16 08:18:14 - [MESSAGE][WARNING] - Timeout '0' is invalid. Using default page load timeout: '60'

2021-12-16 08:18:14 - [MESSAGE][PASSED] - Tapped on element 'Object Repository/Mobile/Page/Login/Input - Password'

2021-12-16 08:18:14 - [TEST_STEP][PASSED] - delay(1): Delayed 1 second(s)

2021-12-16 08:18:15 - [MESSAGE][PASSED] - Delayed 1 second(s)

2021-12-16 08:18:15 - [TEST_STEP][PASSED] - setText(findTestObject("Mobile/Page/Login/Input Rdy - Password"), "Shalawa18", 0): Text 'Shalawa18' has been set to element 'Object Repository/Mobile/Page/Login/Input Rdy - Password'

2021-12-16 08:18:16 - [MESSAGE][WARNING] - Timeout '0' is invalid. Using default page load timeout: '60'

2021-12-16 08:18:16 - [MESSAGE][PASSED] - Text 'Shalawa18' has been set to element 'Object Repository/Mobile/Page/Login/Input Rdy - Password'

2021-12-16 08:18:16 - [TEST_STEP][PASSED] - delay(1): Delayed 1 second(s)

2021-12-16 08:18:17 - [MESSAGE][PASSED] - Delayed 1 second(s)

2021-12-16 08:18:17 - [TEST_STEP][PASSED] - hideKeyboard(): Keyboard is hidden

2021-12-16 08:18:23 - [MESSAGE][PASSED] - Keyboard is hidden

2021-12-16 08:18:23 - [TEST_STEP][PASSED] - tap(findTestObject("Mobile/Page/Login/Button - Login"), 0): Tapped on element 'Object Repository/Mobile/Page/Login/Button - Login'

2021-12-16 08:18:23 - [MESSAGE][WARNING] - Timeout '0' is invalid. Using default page load timeout: '60'

2021-12-16 08:18:25 - [MESSAGE][PASSED] - Tapped on element 'Object Repository/Mobile/Page/Login/Button - Login'

2021-12-16 08:18:25 - [TEST_STEP][PASSED] - delay(2): Delayed 2 second(s)

2021-12-16 08:18:27 - [MESSAGE][PASSED] - Delayed 2 second(s)

2021-12-16 08:18:27 - [MESSAGE][PASSED] - Call Test Case 'Test Cases/Mobile/Page/Login/Login' successfully

2021-12-16 08:18:27 - [MESSAGE][PASSED] - Call Test Case 'Test Cases/Mobile/Page/CheckLogin' successfully

2021-12-16 08:18:27 - [TEST_STEP][PASSED] - tap(findTestObject("Mobile/Page/Home/Menubar - News"), 0): Tapped on element 'Object Repository/Mobile/Page/Home/Menubar - News'

2021-12-16 08:18:27 - [MESSAGE][WARNING] - Timeout '0' is invalid. Using default page load timeout: '60'

2021-12-16 08:18:28 - [MESSAGE][PASSED] - Tapped on element 'Object Repository/Mobile/Page/Home/Menubar - News'

2021-12-16 08:18:28 - [TEST_STEP][PASSED] - delay(1): Delayed 1 second(s)

2021-12-16 08:18:29 - [MESSAGE][PASSED] - Delayed 1 second(s)

2021-12-16 08:18:29 - [TEST_STEP][PASSED] - for ([i = 0, i < 1, (i++)]): null

2021-12-16 08:18:29 - [TEST_STEP][PASSED] - if (tab == "macronews"): null

2021-12-16 08:18:29 - [TEST_STEP][PASSED] - else if (tab == "stocknews"): null

2021-12-16 08:18:29 - [TEST_STEP][PASSED] - else if (tab == "fundnews"): null

2021-12-16 08:18:29 - [TEST_STEP][PASSED] - else if (tab == "bondnews"): null

2021-12-16 08:18:29 - [TEST_STEP][PASSED] - else if (tab == "worldindices"): Delayed 3 second(s)

2021-12-16 08:18:29 - [TEST_STEP][PASSED] - scroll.scroll.scrollScreenRightToLeft(findTestObject("Object Repository/Mobile/Page/News/Tab - Macro")): scroll.scroll.scrollScreenRightToLeft is PASSED

2021-12-16 08:18:29 - [MESSAGE][WARNING] - Timeout '0' is invalid. Using default page load timeout: '60'

2021-12-16 08:18:30 - [MESSAGE][PASSED] - Object 'Object Repository/Mobile/Page/News/Tab - Macro' has left position '14'

2021-12-16 08:18:30 - [MESSAGE][WARNING] - Timeout '0' is invalid. Using default page load timeout: '60'

2021-12-16 08:18:30 - [MESSAGE][PASSED] - Object 'Object Repository/Mobile/Page/News/Tab - Macro' has top position '262'

2021-12-16 08:18:30 - [MESSAGE][WARNING] - Timeout '0' is invalid. Using default page load timeout: '60'

2021-12-16 08:18:30 - [MESSAGE][PASSED] - Object 'Object Repository/Mobile/Page/News/Tab - Macro' has width: '215'

2021-12-16 08:18:30 - [MESSAGE][WARNING] - Timeout '0' is invalid. Using default page load timeout: '60'

2021-12-16 08:18:30 - [MESSAGE][PASSED] - Object 'Object Repository/Mobile/Page/News/Tab - Macro' has height: '84'

2021-12-16 08:18:31 - [MESSAGE][PASSED] - Current device physical width is 720

2021-12-16 08:18:32 - [MESSAGE][PASSED] - Swiped from 620,304 to 100,304

2021-12-16 08:18:32 - [MESSAGE][PASSED] - scroll.scroll.scrollScreenRightToLeft is PASSED

2021-12-16 08:18:32 - [TEST_STEP][PASSED] - delay(1): Delayed 1 second(s)

2021-12-16 08:18:33 - [MESSAGE][PASSED] - Delayed 1 second(s)

2021-12-16 08:18:33 - [TEST_STEP][PASSED] - tap(findTestObject("Mobile/Page/News/Tab - World Indices"), 0): Tapped on element 'Object Repository/Mobile/Page/News/Tab - World Indices'

2021-12-16 08:18:33 - [MESSAGE][WARNING] - Timeout '0' is invalid. Using default page load timeout: '60'

2021-12-16 08:18:33 - [MESSAGE][PASSED] - Tapped on element 'Object Repository/Mobile/Page/News/Tab - World Indices'

2021-12-16 08:18:33 - [TEST_STEP][PASSED] - delay(1): Delayed 1 second(s)

2021-12-16 08:18:34 - [MESSAGE][PASSED] - Delayed 1 second(s)

2021-12-16 08:18:34 - [TEST_STEP][PASSED] - tap(findTestObject("Mobile/Page/News/Button - Indices"), 0): Tapped on element 'Object Repository/Mobile/Page/News/Button - Indices'

2021-12-16 08:18:34 - [MESSAGE][WARNING] - Timeout '0' is invalid. Using default page load timeout: '60'

2021-12-16 08:18:35 - [MESSAGE][PASSED] - Tapped on element 'Object Repository/Mobile/Page/News/Button - Indices'

2021-12-16 08:18:35 - [TEST_STEP][PASSED] - delay(3): Delayed 3 second(s)

2021-12-16 08:18:38 - [MESSAGE][PASSED] - Delayed 3 second(s)

2021-12-16 08:18:38 - [TEST_STEP][PASSED] - tap(findTestObject("Mobile/Page/News/Button - Currencies"), 0): Tapped on element 'Object Repository/Mobile/Page/News/Button - Currencies'

2021-12-16 08:18:38 - [MESSAGE][WARNING] - Timeout '0' is invalid. Using default page load timeout: '60'

2021-12-16 08:18:39 - [MESSAGE][PASSED] - Tapped on element 'Object Repository/Mobile/Page/News/Button - Currencies'

2021-12-16 08:18:39 - [TEST_STEP][PASSED] - delay(3): Delayed 3 second(s)

2021-12-16 08:18:42 - [MESSAGE][PASSED] - Delayed 3 second(s)

2021-12-16 08:18:42 - [TEST_STEP][PASSED] - tap(findTestObject("Mobile/Page/News/Button - Commodities"), 0): Tapped on element 'Object Repository/Mobile/Page/News/Button - Commodities'

2021-12-16 08:18:42 - [MESSAGE][WARNING] - Timeout '0' is invalid. Using default page load timeout: '60'

2021-12-16 08:18:42 - [MESSAGE][PASSED] - Tapped on element 'Object Repository/Mobile/Page/News/Button - Commodities'

2021-12-16 08:18:42 - [TEST_STEP][PASSED] - delay(3): Delayed 3 second(s)

2021-12-16 08:18:45 - [MESSAGE][PASSED] - Delayed 3 second(s)

2021-12-16 08:18:45 - [TEST_STEP][PASSED] - delay(1): Delayed 1 second(s)

2021-12-16 08:18:46 - [MESSAGE][PASSED] - Delayed 1 second(s)

2021-12-16 08:18:46 - [TEST_STEP][PASSED] - if (tab != "worldindices"): null

2021-12-16 08:18:46 - [MESSAGE][PASSED] - Call Test Case 'Test Cases/Mobile/Page/News/News' successfully

2021-12-16 08:18:46 - [TEST_STEP][PASSED] - callTestCase(findTestCase("Mobile/Page/Run App/Terminate App"), [:], STOP_ON_FAILURE): Call Test Case 'Test Cases/Mobile/Page/Run App/Terminate App' successfully

2021-12-16 08:18:46 - [TEST_CASE][PASSED] - Test Cases/Mobile/Page/Run App/Terminate App: Test Cases/Mobile/Page/Run App/Terminate App

2021-12-16 08:18:47 - [TEST_STEP][PASSED] - startApp.OpenApp.terminateApplication(): startApp.OpenApp.terminateApplication is PASSED

2021-12-16 08:18:50 - [MESSAGE][PASSED] - Delayed 3 second(s)

2021-12-16 08:18:50 - [MESSAGE][PASSED] - Current device physical width is 720

2021-12-16 08:18:50 - [MESSAGE][PASSED] - Current device physical height is 1423

2021-12-16 08:18:52 - [MESSAGE][PASSED] - Swiped from 360,853 to 360,142

2021-12-16 08:18:53 - [MESSAGE][PASSED] - Delayed 1 second(s)

2021-12-16 08:18:54 - [MESSAGE][PASSED] - Swiped from 360,853 to 360,142

2021-12-16 08:18:57 - [MESSAGE][PASSED] - Delayed 3 second(s)

2021-12-16 08:18:57 - [MESSAGE][PASSED] - startApp.OpenApp.terminateApplication is PASSED

2021-12-16 08:18:57 - [MESSAGE][PASSED] - Call Test Case 'Test Cases/Mobile/Page/Run App/Terminate App' successfully]]></system-out>
         <system-err><![CDATA[]]></system-err>
      </testcase>
      <testcase name="Test Cases/Mobile/Scenario/News/002 - News Stock" time="63.158" classname="Test Cases/Mobile/Scenario/News/002 - News Stock" status="PASSED">
         <system-out><![CDATA[2021-12-16 08:18:57 - [TEST_CASE][PASSED] - Test Cases/Mobile/Scenario/News/002 - News Stock: Test Cases/Mobile/Scenario/News/002 - News Stock

2021-12-16 08:18:57 - [TEST_STEP][PASSED] - callTestCase(findTestCase("Mobile/Page/Run App/Run App byID"), [:], STOP_ON_FAILURE): Call Test Case 'Test Cases/Mobile/Page/Run App/Run App byID' successfully

2021-12-16 08:18:57 - [TEST_CASE][PASSED] - Test Cases/Mobile/Page/Run App/Run App byID: Test Cases/Mobile/Page/Run App/Run App byID

2021-12-16 08:18:57 - [TEST_STEP][PASSED] - startApp.OpenApp.startApplication("id.co.miraeasset.sageclub"): startApp.OpenApp.startApplication is PASSED

2021-12-16 08:19:10 - [MESSAGE][PASSED] - Starting app with application ID: 'id.co.miraeasset.sageclub'

2021-12-16 08:19:10 - [MESSAGE][PASSED] - startApp.OpenApp.startApplication is PASSED

2021-12-16 08:19:10 - [MESSAGE][PASSED] - Call Test Case 'Test Cases/Mobile/Page/Run App/Run App byID' successfully

2021-12-16 08:19:10 - [TEST_STEP][PASSED] - callTestCase(findTestCase("Mobile/Page/News/News"), ["tab":"stocknews"], CONTINUE_ON_FAILURE): Call Test Case 'Test Cases/Mobile/Page/News/News' successfully

2021-12-16 08:19:10 - [TEST_CASE][PASSED] - Test Cases/Mobile/Page/News/News: Test Cases/Mobile/Page/News/News

2021-12-16 08:19:10 - [TEST_STEP][PASSED] - callTestCase(findTestCase("Mobile/Page/CheckLogin"), [:], CONTINUE_ON_FAILURE): Call Test Case 'Test Cases/Mobile/Page/CheckLogin' successfully

2021-12-16 08:19:11 - [TEST_CASE][PASSED] - Test Cases/Mobile/Page/CheckLogin: Test Cases/Mobile/Page/CheckLogin

2021-12-16 08:19:11 - [TEST_STEP][PASSED] - loginCheck = verifyElementExist(findTestObject("Mobile/Page/Login/Button - Login"), 2, CONTINUE_ON_FAILURE): Element 'Object Repository/Mobile/Page/Login/Button - Login' is exist

2021-12-16 08:19:13 - [MESSAGE][PASSED] - Element 'Object Repository/Mobile/Page/Login/Button - Login' is exist

2021-12-16 08:19:13 - [TEST_STEP][PASSED] - if (loginCheck): Call Test Case 'Test Cases/Mobile/Page/Login/Login' successfully

2021-12-16 08:19:13 - [TEST_STEP][PASSED] - callTestCase(findTestCase("Mobile/Page/Login/Login"), [:], CONTINUE_ON_FAILURE): Call Test Case 'Test Cases/Mobile/Page/Login/Login' successfully

2021-12-16 08:19:13 - [TEST_CASE][PASSED] - Test Cases/Mobile/Page/Login/Login: Test Cases/Mobile/Page/Login/Login

2021-12-16 08:19:13 - [TEST_STEP][PASSED] - delay(2): Delayed 2 second(s)

2021-12-16 08:19:15 - [MESSAGE][PASSED] - Delayed 2 second(s)

2021-12-16 08:19:15 - [TEST_STEP][PASSED] - tap(findTestObject("Mobile/Page/Login/Input - UserID"), 0): Tapped on element 'Object Repository/Mobile/Page/Login/Input - UserID'

2021-12-16 08:19:15 - [MESSAGE][WARNING] - Timeout '0' is invalid. Using default page load timeout: '60'

2021-12-16 08:19:15 - [MESSAGE][PASSED] - Tapped on element 'Object Repository/Mobile/Page/Login/Input - UserID'

2021-12-16 08:19:15 - [TEST_STEP][PASSED] - delay(1): Delayed 1 second(s)

2021-12-16 08:19:16 - [MESSAGE][PASSED] - Delayed 1 second(s)

2021-12-16 08:19:16 - [TEST_STEP][PASSED] - setText(findTestObject("Mobile/Page/Login/Input Rdy - UserID"), "anggaaditya", 0): Text 'anggaaditya' has been set to element 'Object Repository/Mobile/Page/Login/Input Rdy - UserID'

2021-12-16 08:19:16 - [MESSAGE][WARNING] - Timeout '0' is invalid. Using default page load timeout: '60'

2021-12-16 08:19:17 - [MESSAGE][PASSED] - Text 'anggaaditya' has been set to element 'Object Repository/Mobile/Page/Login/Input Rdy - UserID'

2021-12-16 08:19:17 - [TEST_STEP][PASSED] - delay(1): Delayed 1 second(s)

2021-12-16 08:19:18 - [MESSAGE][PASSED] - Delayed 1 second(s)

2021-12-16 08:19:18 - [TEST_STEP][PASSED] - hideKeyboard(): Keyboard is hidden

2021-12-16 08:19:22 - [MESSAGE][PASSED] - Keyboard is hidden

2021-12-16 08:19:22 - [TEST_STEP][PASSED] - tap(findTestObject("Mobile/Page/Login/Input - Password"), 0): Tapped on element 'Object Repository/Mobile/Page/Login/Input - Password'

2021-12-16 08:19:23 - [MESSAGE][WARNING] - Timeout '0' is invalid. Using default page load timeout: '60'

2021-12-16 08:19:23 - [MESSAGE][PASSED] - Tapped on element 'Object Repository/Mobile/Page/Login/Input - Password'

2021-12-16 08:19:23 - [TEST_STEP][PASSED] - delay(1): Delayed 1 second(s)

2021-12-16 08:19:24 - [MESSAGE][PASSED] - Delayed 1 second(s)

2021-12-16 08:19:24 - [TEST_STEP][PASSED] - setText(findTestObject("Mobile/Page/Login/Input Rdy - Password"), "Shalawa18", 0): Text 'Shalawa18' has been set to element 'Object Repository/Mobile/Page/Login/Input Rdy - Password'

2021-12-16 08:19:24 - [MESSAGE][WARNING] - Timeout '0' is invalid. Using default page load timeout: '60'

2021-12-16 08:19:26 - [MESSAGE][PASSED] - Text 'Shalawa18' has been set to element 'Object Repository/Mobile/Page/Login/Input Rdy - Password'

2021-12-16 08:19:26 - [TEST_STEP][PASSED] - delay(1): Delayed 1 second(s)

2021-12-16 08:19:27 - [MESSAGE][PASSED] - Delayed 1 second(s)

2021-12-16 08:19:27 - [TEST_STEP][PASSED] - hideKeyboard(): Keyboard is hidden

2021-12-16 08:19:34 - [MESSAGE][PASSED] - Keyboard is hidden

2021-12-16 08:19:34 - [TEST_STEP][PASSED] - tap(findTestObject("Mobile/Page/Login/Button - Login"), 0): Tapped on element 'Object Repository/Mobile/Page/Login/Button - Login'

2021-12-16 08:19:34 - [MESSAGE][WARNING] - Timeout '0' is invalid. Using default page load timeout: '60'

2021-12-16 08:19:34 - [MESSAGE][PASSED] - Tapped on element 'Object Repository/Mobile/Page/Login/Button - Login'

2021-12-16 08:19:34 - [TEST_STEP][PASSED] - delay(2): Delayed 2 second(s)

2021-12-16 08:19:36 - [MESSAGE][PASSED] - Delayed 2 second(s)

2021-12-16 08:19:36 - [MESSAGE][PASSED] - Call Test Case 'Test Cases/Mobile/Page/Login/Login' successfully

2021-12-16 08:19:36 - [MESSAGE][PASSED] - Call Test Case 'Test Cases/Mobile/Page/CheckLogin' successfully

2021-12-16 08:19:36 - [TEST_STEP][PASSED] - tap(findTestObject("Mobile/Page/Home/Menubar - News"), 0): Tapped on element 'Object Repository/Mobile/Page/Home/Menubar - News'

2021-12-16 08:19:36 - [MESSAGE][WARNING] - Timeout '0' is invalid. Using default page load timeout: '60'

2021-12-16 08:19:38 - [MESSAGE][PASSED] - Tapped on element 'Object Repository/Mobile/Page/Home/Menubar - News'

2021-12-16 08:19:38 - [TEST_STEP][PASSED] - delay(1): Delayed 1 second(s)

2021-12-16 08:19:39 - [MESSAGE][PASSED] - Delayed 1 second(s)

2021-12-16 08:19:39 - [TEST_STEP][PASSED] - for ([i = 0, i < 1, (i++)]): Delayed 3 second(s)

2021-12-16 08:19:39 - [TEST_STEP][PASSED] - if (tab == "macronews"): null

2021-12-16 08:19:39 - [TEST_STEP][PASSED] - else if (tab == "stocknews"): Tapped on element 'Object Repository/Mobile/Page/News/Tab - Stock'

2021-12-16 08:19:39 - [TEST_STEP][PASSED] - tap(findTestObject("Object Repository/Mobile/Page/News/Tab - Stock"), 0): Tapped on element 'Object Repository/Mobile/Page/News/Tab - Stock'

2021-12-16 08:19:39 - [MESSAGE][WARNING] - Timeout '0' is invalid. Using default page load timeout: '60'

2021-12-16 08:19:40 - [MESSAGE][PASSED] - Tapped on element 'Object Repository/Mobile/Page/News/Tab - Stock'

2021-12-16 08:19:40 - [TEST_STEP][PASSED] - delay(1): Delayed 1 second(s)

2021-12-16 08:19:41 - [MESSAGE][PASSED] - Delayed 1 second(s)

2021-12-16 08:19:41 - [TEST_STEP][PASSED] - if (tab != "worldindices"): Delayed 3 second(s)

2021-12-16 08:19:41 - [TEST_STEP][PASSED] - try: Delayed 3 second(s)

2021-12-16 08:19:41 - [TEST_STEP][PASSED] - tapAndHold(findTestObject("Mobile/Page/News/Item - Top News"), 1, 10): Tapped and held on element 'Object Repository/Mobile/Page/News/Item - Top News' with duration 1

2021-12-16 08:19:44 - [MESSAGE][PASSED] - Tapped and held on element 'Object Repository/Mobile/Page/News/Item - Top News' with duration 1

2021-12-16 08:19:44 - [TEST_STEP][PASSED] - delay(1): Delayed 1 second(s)

2021-12-16 08:19:45 - [MESSAGE][PASSED] - Delayed 1 second(s)

2021-12-16 08:19:45 - [TEST_STEP][PASSED] - scroll.scroll.scrollScreenBottomToTop(): scroll.scroll.scrollScreenBottomToTop is PASSED

2021-12-16 08:19:45 - [MESSAGE][PASSED] - Current device physical height is 1423

2021-12-16 08:19:45 - [MESSAGE][PASSED] - Current device physical width is 720

2021-12-16 08:19:47 - [MESSAGE][PASSED] - Swiped from 360,1,138 to 360,284

2021-12-16 08:19:47 - [MESSAGE][PASSED] - scroll.scroll.scrollScreenBottomToTop is PASSED

2021-12-16 08:19:47 - [TEST_STEP][PASSED] - delay(3): Delayed 3 second(s)

2021-12-16 08:19:50 - [MESSAGE][PASSED] - Delayed 3 second(s)

2021-12-16 08:19:50 - [MESSAGE][PASSED] - Call Test Case 'Test Cases/Mobile/Page/News/News' successfully

2021-12-16 08:19:50 - [TEST_STEP][PASSED] - callTestCase(findTestCase("Mobile/Page/Run App/Terminate App"), [:], STOP_ON_FAILURE): Call Test Case 'Test Cases/Mobile/Page/Run App/Terminate App' successfully

2021-12-16 08:19:50 - [TEST_CASE][PASSED] - Test Cases/Mobile/Page/Run App/Terminate App: Test Cases/Mobile/Page/Run App/Terminate App

2021-12-16 08:19:50 - [TEST_STEP][PASSED] - startApp.OpenApp.terminateApplication(): startApp.OpenApp.terminateApplication is PASSED

2021-12-16 08:19:53 - [MESSAGE][PASSED] - Delayed 3 second(s)

2021-12-16 08:19:53 - [MESSAGE][PASSED] - Current device physical width is 720

2021-12-16 08:19:53 - [MESSAGE][PASSED] - Current device physical height is 1423

2021-12-16 08:19:55 - [MESSAGE][PASSED] - Swiped from 360,853 to 360,142

2021-12-16 08:19:56 - [MESSAGE][PASSED] - Delayed 1 second(s)

2021-12-16 08:19:57 - [MESSAGE][PASSED] - Swiped from 360,853 to 360,142

2021-12-16 08:20:00 - [MESSAGE][PASSED] - Delayed 3 second(s)

2021-12-16 08:20:00 - [MESSAGE][PASSED] - startApp.OpenApp.terminateApplication is PASSED

2021-12-16 08:20:00 - [MESSAGE][PASSED] - Call Test Case 'Test Cases/Mobile/Page/Run App/Terminate App' successfully]]></system-out>
         <system-err><![CDATA[]]></system-err>
      </testcase>
      <testcase name="Test Cases/Mobile/Scenario/News/003 - News Fund" time="65.345" classname="Test Cases/Mobile/Scenario/News/003 - News Fund" status="PASSED">
         <system-out><![CDATA[2021-12-16 08:20:00 - [TEST_CASE][PASSED] - Test Cases/Mobile/Scenario/News/003 - News Fund: Test Cases/Mobile/Scenario/News/003 - News Fund

2021-12-16 08:20:00 - [TEST_STEP][PASSED] - callTestCase(findTestCase("Mobile/Page/Run App/Run App byID"), [:], STOP_ON_FAILURE): Call Test Case 'Test Cases/Mobile/Page/Run App/Run App byID' successfully

2021-12-16 08:20:01 - [TEST_CASE][PASSED] - Test Cases/Mobile/Page/Run App/Run App byID: Test Cases/Mobile/Page/Run App/Run App byID

2021-12-16 08:20:01 - [TEST_STEP][PASSED] - startApp.OpenApp.startApplication("id.co.miraeasset.sageclub"): startApp.OpenApp.startApplication is PASSED

2021-12-16 08:20:15 - [MESSAGE][PASSED] - Starting app with application ID: 'id.co.miraeasset.sageclub'

2021-12-16 08:20:15 - [MESSAGE][PASSED] - startApp.OpenApp.startApplication is PASSED

2021-12-16 08:20:15 - [MESSAGE][PASSED] - Call Test Case 'Test Cases/Mobile/Page/Run App/Run App byID' successfully

2021-12-16 08:20:15 - [TEST_STEP][PASSED] - callTestCase(findTestCase("Mobile/Page/News/News"), ["tab":"fundnews"], CONTINUE_ON_FAILURE): Call Test Case 'Test Cases/Mobile/Page/News/News' successfully

2021-12-16 08:20:15 - [TEST_CASE][PASSED] - Test Cases/Mobile/Page/News/News: Test Cases/Mobile/Page/News/News

2021-12-16 08:20:15 - [TEST_STEP][PASSED] - callTestCase(findTestCase("Mobile/Page/CheckLogin"), [:], CONTINUE_ON_FAILURE): Call Test Case 'Test Cases/Mobile/Page/CheckLogin' successfully

2021-12-16 08:20:15 - [TEST_CASE][PASSED] - Test Cases/Mobile/Page/CheckLogin: Test Cases/Mobile/Page/CheckLogin

2021-12-16 08:20:15 - [TEST_STEP][PASSED] - loginCheck = verifyElementExist(findTestObject("Mobile/Page/Login/Button - Login"), 2, CONTINUE_ON_FAILURE): Element 'Object Repository/Mobile/Page/Login/Button - Login' is exist

2021-12-16 08:20:17 - [MESSAGE][PASSED] - Element 'Object Repository/Mobile/Page/Login/Button - Login' is exist

2021-12-16 08:20:17 - [TEST_STEP][PASSED] - if (loginCheck): Call Test Case 'Test Cases/Mobile/Page/Login/Login' successfully

2021-12-16 08:20:17 - [TEST_STEP][PASSED] - callTestCase(findTestCase("Mobile/Page/Login/Login"), [:], CONTINUE_ON_FAILURE): Call Test Case 'Test Cases/Mobile/Page/Login/Login' successfully

2021-12-16 08:20:17 - [TEST_CASE][PASSED] - Test Cases/Mobile/Page/Login/Login: Test Cases/Mobile/Page/Login/Login

2021-12-16 08:20:17 - [TEST_STEP][PASSED] - delay(2): Delayed 2 second(s)

2021-12-16 08:20:19 - [MESSAGE][PASSED] - Delayed 2 second(s)

2021-12-16 08:20:19 - [TEST_STEP][PASSED] - tap(findTestObject("Mobile/Page/Login/Input - UserID"), 0): Tapped on element 'Object Repository/Mobile/Page/Login/Input - UserID'

2021-12-16 08:20:19 - [MESSAGE][WARNING] - Timeout '0' is invalid. Using default page load timeout: '60'

2021-12-16 08:20:19 - [MESSAGE][PASSED] - Tapped on element 'Object Repository/Mobile/Page/Login/Input - UserID'

2021-12-16 08:20:19 - [TEST_STEP][PASSED] - delay(1): Delayed 1 second(s)

2021-12-16 08:20:20 - [MESSAGE][PASSED] - Delayed 1 second(s)

2021-12-16 08:20:20 - [TEST_STEP][PASSED] - setText(findTestObject("Mobile/Page/Login/Input Rdy - UserID"), "anggaaditya", 0): Text 'anggaaditya' has been set to element 'Object Repository/Mobile/Page/Login/Input Rdy - UserID'

2021-12-16 08:20:20 - [MESSAGE][WARNING] - Timeout '0' is invalid. Using default page load timeout: '60'

2021-12-16 08:20:21 - [MESSAGE][PASSED] - Text 'anggaaditya' has been set to element 'Object Repository/Mobile/Page/Login/Input Rdy - UserID'

2021-12-16 08:20:21 - [TEST_STEP][PASSED] - delay(1): Delayed 1 second(s)

2021-12-16 08:20:22 - [MESSAGE][PASSED] - Delayed 1 second(s)

2021-12-16 08:20:22 - [TEST_STEP][PASSED] - hideKeyboard(): Keyboard is hidden

2021-12-16 08:20:28 - [MESSAGE][PASSED] - Keyboard is hidden

2021-12-16 08:20:28 - [TEST_STEP][PASSED] - tap(findTestObject("Mobile/Page/Login/Input - Password"), 0): Tapped on element 'Object Repository/Mobile/Page/Login/Input - Password'

2021-12-16 08:20:28 - [MESSAGE][WARNING] - Timeout '0' is invalid. Using default page load timeout: '60'

2021-12-16 08:20:29 - [MESSAGE][PASSED] - Tapped on element 'Object Repository/Mobile/Page/Login/Input - Password'

2021-12-16 08:20:29 - [TEST_STEP][PASSED] - delay(1): Delayed 1 second(s)

2021-12-16 08:20:30 - [MESSAGE][PASSED] - Delayed 1 second(s)

2021-12-16 08:20:30 - [TEST_STEP][PASSED] - setText(findTestObject("Mobile/Page/Login/Input Rdy - Password"), "Shalawa18", 0): Text 'Shalawa18' has been set to element 'Object Repository/Mobile/Page/Login/Input Rdy - Password'

2021-12-16 08:20:30 - [MESSAGE][WARNING] - Timeout '0' is invalid. Using default page load timeout: '60'

2021-12-16 08:20:30 - [MESSAGE][PASSED] - Text 'Shalawa18' has been set to element 'Object Repository/Mobile/Page/Login/Input Rdy - Password'

2021-12-16 08:20:30 - [TEST_STEP][PASSED] - delay(1): Delayed 1 second(s)

2021-12-16 08:20:31 - [MESSAGE][PASSED] - Delayed 1 second(s)

2021-12-16 08:20:31 - [TEST_STEP][PASSED] - hideKeyboard(): Keyboard is hidden

2021-12-16 08:20:38 - [MESSAGE][PASSED] - Keyboard is hidden

2021-12-16 08:20:38 - [TEST_STEP][PASSED] - tap(findTestObject("Mobile/Page/Login/Button - Login"), 0): Tapped on element 'Object Repository/Mobile/Page/Login/Button - Login'

2021-12-16 08:20:38 - [MESSAGE][WARNING] - Timeout '0' is invalid. Using default page load timeout: '60'

2021-12-16 08:20:39 - [MESSAGE][PASSED] - Tapped on element 'Object Repository/Mobile/Page/Login/Button - Login'

2021-12-16 08:20:39 - [TEST_STEP][PASSED] - delay(2): Delayed 2 second(s)

2021-12-16 08:20:41 - [MESSAGE][PASSED] - Delayed 2 second(s)

2021-12-16 08:20:41 - [MESSAGE][PASSED] - Call Test Case 'Test Cases/Mobile/Page/Login/Login' successfully

2021-12-16 08:20:41 - [MESSAGE][PASSED] - Call Test Case 'Test Cases/Mobile/Page/CheckLogin' successfully

2021-12-16 08:20:41 - [TEST_STEP][PASSED] - tap(findTestObject("Mobile/Page/Home/Menubar - News"), 0): Tapped on element 'Object Repository/Mobile/Page/Home/Menubar - News'

2021-12-16 08:20:41 - [MESSAGE][WARNING] - Timeout '0' is invalid. Using default page load timeout: '60'

2021-12-16 08:20:43 - [MESSAGE][PASSED] - Tapped on element 'Object Repository/Mobile/Page/Home/Menubar - News'

2021-12-16 08:20:43 - [TEST_STEP][PASSED] - delay(1): Delayed 1 second(s)

2021-12-16 08:20:44 - [MESSAGE][PASSED] - Delayed 1 second(s)

2021-12-16 08:20:44 - [TEST_STEP][PASSED] - for ([i = 0, i < 1, (i++)]): Delayed 3 second(s)

2021-12-16 08:20:44 - [TEST_STEP][PASSED] - if (tab == "macronews"): null

2021-12-16 08:20:44 - [TEST_STEP][PASSED] - else if (tab == "stocknews"): null

2021-12-16 08:20:44 - [TEST_STEP][PASSED] - else if (tab == "fundnews"): Tapped on element 'Object Repository/Mobile/Page/News/Tab - Fund'

2021-12-16 08:20:44 - [TEST_STEP][PASSED] - tap(findTestObject("Object Repository/Mobile/Page/News/Tab - Fund"), 0): Tapped on element 'Object Repository/Mobile/Page/News/Tab - Fund'

2021-12-16 08:20:44 - [MESSAGE][WARNING] - Timeout '0' is invalid. Using default page load timeout: '60'

2021-12-16 08:20:45 - [MESSAGE][PASSED] - Tapped on element 'Object Repository/Mobile/Page/News/Tab - Fund'

2021-12-16 08:20:45 - [TEST_STEP][PASSED] - delay(1): Delayed 1 second(s)

2021-12-16 08:20:46 - [MESSAGE][PASSED] - Delayed 1 second(s)

2021-12-16 08:20:46 - [TEST_STEP][PASSED] - if (tab != "worldindices"): Delayed 3 second(s)

2021-12-16 08:20:46 - [TEST_STEP][PASSED] - try: Delayed 3 second(s)

2021-12-16 08:20:46 - [TEST_STEP][PASSED] - tapAndHold(findTestObject("Mobile/Page/News/Item - Top News"), 1, 10): Tapped and held on element 'Object Repository/Mobile/Page/News/Item - Top News' with duration 1

2021-12-16 08:20:49 - [MESSAGE][PASSED] - Tapped and held on element 'Object Repository/Mobile/Page/News/Item - Top News' with duration 1

2021-12-16 08:20:49 - [TEST_STEP][PASSED] - delay(1): Delayed 1 second(s)

2021-12-16 08:20:50 - [MESSAGE][PASSED] - Delayed 1 second(s)

2021-12-16 08:20:50 - [TEST_STEP][PASSED] - scroll.scroll.scrollScreenBottomToTop(): scroll.scroll.scrollScreenBottomToTop is PASSED

2021-12-16 08:20:51 - [MESSAGE][PASSED] - Current device physical height is 1423

2021-12-16 08:20:51 - [MESSAGE][PASSED] - Current device physical width is 720

2021-12-16 08:20:52 - [MESSAGE][PASSED] - Swiped from 360,1,138 to 360,284

2021-12-16 08:20:52 - [MESSAGE][PASSED] - scroll.scroll.scrollScreenBottomToTop is PASSED

2021-12-16 08:20:52 - [TEST_STEP][PASSED] - delay(3): Delayed 3 second(s)

2021-12-16 08:20:55 - [MESSAGE][PASSED] - Delayed 3 second(s)

2021-12-16 08:20:55 - [MESSAGE][PASSED] - Call Test Case 'Test Cases/Mobile/Page/News/News' successfully

2021-12-16 08:20:55 - [TEST_STEP][PASSED] - callTestCase(findTestCase("Mobile/Page/Run App/Terminate App"), [:], STOP_ON_FAILURE): Call Test Case 'Test Cases/Mobile/Page/Run App/Terminate App' successfully

2021-12-16 08:20:55 - [TEST_CASE][PASSED] - Test Cases/Mobile/Page/Run App/Terminate App: Test Cases/Mobile/Page/Run App/Terminate App

2021-12-16 08:20:55 - [TEST_STEP][PASSED] - startApp.OpenApp.terminateApplication(): startApp.OpenApp.terminateApplication is PASSED

2021-12-16 08:20:58 - [MESSAGE][PASSED] - Delayed 3 second(s)

2021-12-16 08:20:59 - [MESSAGE][PASSED] - Current device physical width is 720

2021-12-16 08:20:59 - [MESSAGE][PASSED] - Current device physical height is 1423

2021-12-16 08:21:00 - [MESSAGE][PASSED] - Swiped from 360,853 to 360,142

2021-12-16 08:21:01 - [MESSAGE][PASSED] - Delayed 1 second(s)

2021-12-16 08:21:02 - [MESSAGE][PASSED] - Swiped from 360,853 to 360,142

2021-12-16 08:21:06 - [MESSAGE][PASSED] - Delayed 3 second(s)

2021-12-16 08:21:06 - [MESSAGE][PASSED] - startApp.OpenApp.terminateApplication is PASSED

2021-12-16 08:21:06 - [MESSAGE][PASSED] - Call Test Case 'Test Cases/Mobile/Page/Run App/Terminate App' successfully]]></system-out>
         <system-err><![CDATA[]]></system-err>
      </testcase>
      <testcase name="Test Cases/Mobile/Scenario/News/004 - Bond News" time="66.15" classname="Test Cases/Mobile/Scenario/News/004 - Bond News" status="PASSED">
         <system-out><![CDATA[2021-12-16 08:21:06 - [TEST_CASE][PASSED] - Test Cases/Mobile/Scenario/News/004 - Bond News: Test Cases/Mobile/Scenario/News/004 - Bond News

2021-12-16 08:21:06 - [TEST_STEP][PASSED] - callTestCase(findTestCase("Mobile/Page/Run App/Run App byID"), [:], STOP_ON_FAILURE): Call Test Case 'Test Cases/Mobile/Page/Run App/Run App byID' successfully

2021-12-16 08:21:06 - [TEST_CASE][PASSED] - Test Cases/Mobile/Page/Run App/Run App byID: Test Cases/Mobile/Page/Run App/Run App byID

2021-12-16 08:21:06 - [TEST_STEP][PASSED] - startApp.OpenApp.startApplication("id.co.miraeasset.sageclub"): startApp.OpenApp.startApplication is PASSED

2021-12-16 08:21:19 - [MESSAGE][PASSED] - Starting app with application ID: 'id.co.miraeasset.sageclub'

2021-12-16 08:21:19 - [MESSAGE][PASSED] - startApp.OpenApp.startApplication is PASSED

2021-12-16 08:21:19 - [MESSAGE][PASSED] - Call Test Case 'Test Cases/Mobile/Page/Run App/Run App byID' successfully

2021-12-16 08:21:19 - [TEST_STEP][PASSED] - callTestCase(findTestCase("Mobile/Page/News/News"), ["tab":"bondnews"], CONTINUE_ON_FAILURE): Call Test Case 'Test Cases/Mobile/Page/News/News' successfully

2021-12-16 08:21:19 - [TEST_CASE][PASSED] - Test Cases/Mobile/Page/News/News: Test Cases/Mobile/Page/News/News

2021-12-16 08:21:19 - [TEST_STEP][PASSED] - callTestCase(findTestCase("Mobile/Page/CheckLogin"), [:], CONTINUE_ON_FAILURE): Call Test Case 'Test Cases/Mobile/Page/CheckLogin' successfully

2021-12-16 08:21:19 - [TEST_CASE][PASSED] - Test Cases/Mobile/Page/CheckLogin: Test Cases/Mobile/Page/CheckLogin

2021-12-16 08:21:19 - [TEST_STEP][PASSED] - loginCheck = verifyElementExist(findTestObject("Mobile/Page/Login/Button - Login"), 2, CONTINUE_ON_FAILURE): Element 'Object Repository/Mobile/Page/Login/Button - Login' is exist

2021-12-16 08:21:21 - [MESSAGE][PASSED] - Element 'Object Repository/Mobile/Page/Login/Button - Login' is exist

2021-12-16 08:21:21 - [TEST_STEP][PASSED] - if (loginCheck): Call Test Case 'Test Cases/Mobile/Page/Login/Login' successfully

2021-12-16 08:21:21 - [TEST_STEP][PASSED] - callTestCase(findTestCase("Mobile/Page/Login/Login"), [:], CONTINUE_ON_FAILURE): Call Test Case 'Test Cases/Mobile/Page/Login/Login' successfully

2021-12-16 08:21:21 - [TEST_CASE][PASSED] - Test Cases/Mobile/Page/Login/Login: Test Cases/Mobile/Page/Login/Login

2021-12-16 08:21:21 - [TEST_STEP][PASSED] - delay(2): Delayed 2 second(s)

2021-12-16 08:21:23 - [MESSAGE][PASSED] - Delayed 2 second(s)

2021-12-16 08:21:23 - [TEST_STEP][PASSED] - tap(findTestObject("Mobile/Page/Login/Input - UserID"), 0): Tapped on element 'Object Repository/Mobile/Page/Login/Input - UserID'

2021-12-16 08:21:23 - [MESSAGE][WARNING] - Timeout '0' is invalid. Using default page load timeout: '60'

2021-12-16 08:21:24 - [MESSAGE][PASSED] - Tapped on element 'Object Repository/Mobile/Page/Login/Input - UserID'

2021-12-16 08:21:24 - [TEST_STEP][PASSED] - delay(1): Delayed 1 second(s)

2021-12-16 08:21:25 - [MESSAGE][PASSED] - Delayed 1 second(s)

2021-12-16 08:21:25 - [TEST_STEP][PASSED] - setText(findTestObject("Mobile/Page/Login/Input Rdy - UserID"), "anggaaditya", 0): Text 'anggaaditya' has been set to element 'Object Repository/Mobile/Page/Login/Input Rdy - UserID'

2021-12-16 08:21:25 - [MESSAGE][WARNING] - Timeout '0' is invalid. Using default page load timeout: '60'

2021-12-16 08:21:26 - [MESSAGE][PASSED] - Text 'anggaaditya' has been set to element 'Object Repository/Mobile/Page/Login/Input Rdy - UserID'

2021-12-16 08:21:26 - [TEST_STEP][PASSED] - delay(1): Delayed 1 second(s)

2021-12-16 08:21:27 - [MESSAGE][PASSED] - Delayed 1 second(s)

2021-12-16 08:21:27 - [TEST_STEP][PASSED] - hideKeyboard(): Keyboard is hidden

2021-12-16 08:21:31 - [MESSAGE][PASSED] - Keyboard is hidden

2021-12-16 08:21:31 - [TEST_STEP][PASSED] - tap(findTestObject("Mobile/Page/Login/Input - Password"), 0): Tapped on element 'Object Repository/Mobile/Page/Login/Input - Password'

2021-12-16 08:21:31 - [MESSAGE][WARNING] - Timeout '0' is invalid. Using default page load timeout: '60'

2021-12-16 08:21:31 - [MESSAGE][PASSED] - Tapped on element 'Object Repository/Mobile/Page/Login/Input - Password'

2021-12-16 08:21:31 - [TEST_STEP][PASSED] - delay(1): Delayed 1 second(s)

2021-12-16 08:21:32 - [MESSAGE][PASSED] - Delayed 1 second(s)

2021-12-16 08:21:32 - [TEST_STEP][PASSED] - setText(findTestObject("Mobile/Page/Login/Input Rdy - Password"), "Shalawa18", 0): Text 'Shalawa18' has been set to element 'Object Repository/Mobile/Page/Login/Input Rdy - Password'

2021-12-16 08:21:32 - [MESSAGE][WARNING] - Timeout '0' is invalid. Using default page load timeout: '60'

2021-12-16 08:21:33 - [MESSAGE][PASSED] - Text 'Shalawa18' has been set to element 'Object Repository/Mobile/Page/Login/Input Rdy - Password'

2021-12-16 08:21:33 - [TEST_STEP][PASSED] - delay(1): Delayed 1 second(s)

2021-12-16 08:21:34 - [MESSAGE][PASSED] - Delayed 1 second(s)

2021-12-16 08:21:34 - [TEST_STEP][PASSED] - hideKeyboard(): Keyboard is hidden

2021-12-16 08:21:40 - [MESSAGE][PASSED] - Keyboard is hidden

2021-12-16 08:21:40 - [TEST_STEP][PASSED] - tap(findTestObject("Mobile/Page/Login/Button - Login"), 0): Tapped on element 'Object Repository/Mobile/Page/Login/Button - Login'

2021-12-16 08:21:40 - [MESSAGE][WARNING] - Timeout '0' is invalid. Using default page load timeout: '60'

2021-12-16 08:21:41 - [MESSAGE][PASSED] - Tapped on element 'Object Repository/Mobile/Page/Login/Button - Login'

2021-12-16 08:21:41 - [TEST_STEP][PASSED] - delay(2): Delayed 2 second(s)

2021-12-16 08:21:43 - [MESSAGE][PASSED] - Delayed 2 second(s)

2021-12-16 08:21:43 - [MESSAGE][PASSED] - Call Test Case 'Test Cases/Mobile/Page/Login/Login' successfully

2021-12-16 08:21:43 - [MESSAGE][PASSED] - Call Test Case 'Test Cases/Mobile/Page/CheckLogin' successfully

2021-12-16 08:21:43 - [TEST_STEP][PASSED] - tap(findTestObject("Mobile/Page/Home/Menubar - News"), 0): Tapped on element 'Object Repository/Mobile/Page/Home/Menubar - News'

2021-12-16 08:21:44 - [MESSAGE][WARNING] - Timeout '0' is invalid. Using default page load timeout: '60'

2021-12-16 08:21:48 - [MESSAGE][PASSED] - Tapped on element 'Object Repository/Mobile/Page/Home/Menubar - News'

2021-12-16 08:21:48 - [TEST_STEP][PASSED] - delay(1): Delayed 1 second(s)

2021-12-16 08:21:49 - [MESSAGE][PASSED] - Delayed 1 second(s)

2021-12-16 08:21:49 - [TEST_STEP][PASSED] - for ([i = 0, i < 1, (i++)]): Delayed 3 second(s)

2021-12-16 08:21:49 - [TEST_STEP][PASSED] - if (tab == "macronews"): null

2021-12-16 08:21:49 - [TEST_STEP][PASSED] - else if (tab == "stocknews"): null

2021-12-16 08:21:49 - [TEST_STEP][PASSED] - else if (tab == "fundnews"): null

2021-12-16 08:21:49 - [TEST_STEP][PASSED] - else if (tab == "bondnews"): Tapped on element 'Object Repository/Mobile/Page/News/Tab - Bond'

2021-12-16 08:21:49 - [TEST_STEP][PASSED] - tap(findTestObject("Object Repository/Mobile/Page/News/Tab - Bond"), 0): Tapped on element 'Object Repository/Mobile/Page/News/Tab - Bond'

2021-12-16 08:21:49 - [MESSAGE][WARNING] - Timeout '0' is invalid. Using default page load timeout: '60'

2021-12-16 08:21:51 - [MESSAGE][PASSED] - Tapped on element 'Object Repository/Mobile/Page/News/Tab - Bond'

2021-12-16 08:21:51 - [TEST_STEP][PASSED] - delay(1): Delayed 1 second(s)

2021-12-16 08:21:52 - [MESSAGE][PASSED] - Delayed 1 second(s)

2021-12-16 08:21:52 - [TEST_STEP][PASSED] - if (tab != "worldindices"): Delayed 3 second(s)

2021-12-16 08:21:52 - [TEST_STEP][PASSED] - try: Delayed 3 second(s)

2021-12-16 08:21:52 - [TEST_STEP][PASSED] - tapAndHold(findTestObject("Mobile/Page/News/Item - Top News"), 1, 10): Tapped and held on element 'Object Repository/Mobile/Page/News/Item - Top News' with duration 1

2021-12-16 08:21:55 - [MESSAGE][PASSED] - Tapped and held on element 'Object Repository/Mobile/Page/News/Item - Top News' with duration 1

2021-12-16 08:21:55 - [TEST_STEP][PASSED] - delay(1): Delayed 1 second(s)

2021-12-16 08:21:56 - [MESSAGE][PASSED] - Delayed 1 second(s)

2021-12-16 08:21:56 - [TEST_STEP][PASSED] - scroll.scroll.scrollScreenBottomToTop(): scroll.scroll.scrollScreenBottomToTop is PASSED

2021-12-16 08:21:56 - [MESSAGE][PASSED] - Current device physical height is 1423

2021-12-16 08:21:56 - [MESSAGE][PASSED] - Current device physical width is 720

2021-12-16 08:21:58 - [MESSAGE][PASSED] - Swiped from 360,1,138 to 360,284

2021-12-16 08:21:58 - [MESSAGE][PASSED] - scroll.scroll.scrollScreenBottomToTop is PASSED

2021-12-16 08:21:58 - [TEST_STEP][PASSED] - delay(3): Delayed 3 second(s)

2021-12-16 08:22:01 - [MESSAGE][PASSED] - Delayed 3 second(s)

2021-12-16 08:22:01 - [MESSAGE][PASSED] - Call Test Case 'Test Cases/Mobile/Page/News/News' successfully

2021-12-16 08:22:01 - [TEST_STEP][PASSED] - callTestCase(findTestCase("Mobile/Page/Run App/Terminate App"), [:], STOP_ON_FAILURE): Call Test Case 'Test Cases/Mobile/Page/Run App/Terminate App' successfully

2021-12-16 08:22:01 - [TEST_CASE][PASSED] - Test Cases/Mobile/Page/Run App/Terminate App: Test Cases/Mobile/Page/Run App/Terminate App

2021-12-16 08:22:01 - [TEST_STEP][PASSED] - startApp.OpenApp.terminateApplication(): startApp.OpenApp.terminateApplication is PASSED

2021-12-16 08:22:04 - [MESSAGE][PASSED] - Delayed 3 second(s)

2021-12-16 08:22:05 - [MESSAGE][PASSED] - Current device physical width is 720

2021-12-16 08:22:05 - [MESSAGE][PASSED] - Current device physical height is 1423

2021-12-16 08:22:06 - [MESSAGE][PASSED] - Swiped from 360,853 to 360,142

2021-12-16 08:22:07 - [MESSAGE][PASSED] - Delayed 1 second(s)

2021-12-16 08:22:09 - [MESSAGE][PASSED] - Swiped from 360,853 to 360,142

2021-12-16 08:22:12 - [MESSAGE][PASSED] - Delayed 3 second(s)

2021-12-16 08:22:12 - [MESSAGE][PASSED] - startApp.OpenApp.terminateApplication is PASSED

2021-12-16 08:22:12 - [MESSAGE][PASSED] - Call Test Case 'Test Cases/Mobile/Page/Run App/Terminate App' successfully]]></system-out>
         <system-err><![CDATA[]]></system-err>
      </testcase>
      <testcase name="Test Cases/Mobile/Scenario/News/005 - Macro News" time="62.205" classname="Test Cases/Mobile/Scenario/News/005 - Macro News" status="PASSED">
         <system-out><![CDATA[2021-12-16 08:22:12 - [TEST_CASE][PASSED] - Test Cases/Mobile/Scenario/News/005 - Macro News: Test Cases/Mobile/Scenario/News/005 - Macro News

2021-12-16 08:22:12 - [TEST_STEP][PASSED] - callTestCase(findTestCase("Mobile/Page/Run App/Run App byID"), [:], STOP_ON_FAILURE): Call Test Case 'Test Cases/Mobile/Page/Run App/Run App byID' successfully

2021-12-16 08:22:12 - [TEST_CASE][PASSED] - Test Cases/Mobile/Page/Run App/Run App byID: Test Cases/Mobile/Page/Run App/Run App byID

2021-12-16 08:22:12 - [TEST_STEP][PASSED] - startApp.OpenApp.startApplication("id.co.miraeasset.sageclub"): startApp.OpenApp.startApplication is PASSED

2021-12-16 08:22:26 - [MESSAGE][PASSED] - Starting app with application ID: 'id.co.miraeasset.sageclub'

2021-12-16 08:22:26 - [MESSAGE][PASSED] - startApp.OpenApp.startApplication is PASSED

2021-12-16 08:22:26 - [MESSAGE][PASSED] - Call Test Case 'Test Cases/Mobile/Page/Run App/Run App byID' successfully

2021-12-16 08:22:26 - [TEST_STEP][PASSED] - callTestCase(findTestCase("Mobile/Page/News/News"), ["tab":"macronews"], CONTINUE_ON_FAILURE): Call Test Case 'Test Cases/Mobile/Page/News/News' successfully

2021-12-16 08:22:26 - [TEST_CASE][PASSED] - Test Cases/Mobile/Page/News/News: Test Cases/Mobile/Page/News/News

2021-12-16 08:22:26 - [TEST_STEP][PASSED] - callTestCase(findTestCase("Mobile/Page/CheckLogin"), [:], CONTINUE_ON_FAILURE): Call Test Case 'Test Cases/Mobile/Page/CheckLogin' successfully

2021-12-16 08:22:26 - [TEST_CASE][PASSED] - Test Cases/Mobile/Page/CheckLogin: Test Cases/Mobile/Page/CheckLogin

2021-12-16 08:22:26 - [TEST_STEP][PASSED] - loginCheck = verifyElementExist(findTestObject("Mobile/Page/Login/Button - Login"), 2, CONTINUE_ON_FAILURE): Element 'Object Repository/Mobile/Page/Login/Button - Login' is exist

2021-12-16 08:22:28 - [MESSAGE][PASSED] - Element 'Object Repository/Mobile/Page/Login/Button - Login' is exist

2021-12-16 08:22:28 - [TEST_STEP][PASSED] - if (loginCheck): Call Test Case 'Test Cases/Mobile/Page/Login/Login' successfully

2021-12-16 08:22:28 - [TEST_STEP][PASSED] - callTestCase(findTestCase("Mobile/Page/Login/Login"), [:], CONTINUE_ON_FAILURE): Call Test Case 'Test Cases/Mobile/Page/Login/Login' successfully

2021-12-16 08:22:28 - [TEST_CASE][PASSED] - Test Cases/Mobile/Page/Login/Login: Test Cases/Mobile/Page/Login/Login

2021-12-16 08:22:28 - [TEST_STEP][PASSED] - delay(2): Delayed 2 second(s)

2021-12-16 08:22:30 - [MESSAGE][PASSED] - Delayed 2 second(s)

2021-12-16 08:22:30 - [TEST_STEP][PASSED] - tap(findTestObject("Mobile/Page/Login/Input - UserID"), 0): Tapped on element 'Object Repository/Mobile/Page/Login/Input - UserID'

2021-12-16 08:22:30 - [MESSAGE][WARNING] - Timeout '0' is invalid. Using default page load timeout: '60'

2021-12-16 08:22:31 - [MESSAGE][PASSED] - Tapped on element 'Object Repository/Mobile/Page/Login/Input - UserID'

2021-12-16 08:22:31 - [TEST_STEP][PASSED] - delay(1): Delayed 1 second(s)

2021-12-16 08:22:32 - [MESSAGE][PASSED] - Delayed 1 second(s)

2021-12-16 08:22:32 - [TEST_STEP][PASSED] - setText(findTestObject("Mobile/Page/Login/Input Rdy - UserID"), "anggaaditya", 0): Text 'anggaaditya' has been set to element 'Object Repository/Mobile/Page/Login/Input Rdy - UserID'

2021-12-16 08:22:32 - [MESSAGE][WARNING] - Timeout '0' is invalid. Using default page load timeout: '60'

2021-12-16 08:22:33 - [MESSAGE][PASSED] - Text 'anggaaditya' has been set to element 'Object Repository/Mobile/Page/Login/Input Rdy - UserID'

2021-12-16 08:22:33 - [TEST_STEP][PASSED] - delay(1): Delayed 1 second(s)

2021-12-16 08:22:34 - [MESSAGE][PASSED] - Delayed 1 second(s)

2021-12-16 08:22:34 - [TEST_STEP][PASSED] - hideKeyboard(): Keyboard is hidden

2021-12-16 08:22:38 - [MESSAGE][PASSED] - Keyboard is hidden

2021-12-16 08:22:38 - [TEST_STEP][PASSED] - tap(findTestObject("Mobile/Page/Login/Input - Password"), 0): Tapped on element 'Object Repository/Mobile/Page/Login/Input - Password'

2021-12-16 08:22:38 - [MESSAGE][WARNING] - Timeout '0' is invalid. Using default page load timeout: '60'

2021-12-16 08:22:38 - [MESSAGE][PASSED] - Tapped on element 'Object Repository/Mobile/Page/Login/Input - Password'

2021-12-16 08:22:38 - [TEST_STEP][PASSED] - delay(1): Delayed 1 second(s)

2021-12-16 08:22:39 - [MESSAGE][PASSED] - Delayed 1 second(s)

2021-12-16 08:22:39 - [TEST_STEP][PASSED] - setText(findTestObject("Mobile/Page/Login/Input Rdy - Password"), "Shalawa18", 0): Text 'Shalawa18' has been set to element 'Object Repository/Mobile/Page/Login/Input Rdy - Password'

2021-12-16 08:22:39 - [MESSAGE][WARNING] - Timeout '0' is invalid. Using default page load timeout: '60'

2021-12-16 08:22:40 - [MESSAGE][PASSED] - Text 'Shalawa18' has been set to element 'Object Repository/Mobile/Page/Login/Input Rdy - Password'

2021-12-16 08:22:40 - [TEST_STEP][PASSED] - delay(1): Delayed 1 second(s)

2021-12-16 08:22:41 - [MESSAGE][PASSED] - Delayed 1 second(s)

2021-12-16 08:22:41 - [TEST_STEP][PASSED] - hideKeyboard(): Keyboard is hidden

2021-12-16 08:22:47 - [MESSAGE][PASSED] - Keyboard is hidden

2021-12-16 08:22:47 - [TEST_STEP][PASSED] - tap(findTestObject("Mobile/Page/Login/Button - Login"), 0): Tapped on element 'Object Repository/Mobile/Page/Login/Button - Login'

2021-12-16 08:22:47 - [MESSAGE][WARNING] - Timeout '0' is invalid. Using default page load timeout: '60'

2021-12-16 08:22:49 - [MESSAGE][PASSED] - Tapped on element 'Object Repository/Mobile/Page/Login/Button - Login'

2021-12-16 08:22:49 - [TEST_STEP][PASSED] - delay(2): Delayed 2 second(s)

2021-12-16 08:22:51 - [MESSAGE][PASSED] - Delayed 2 second(s)

2021-12-16 08:22:51 - [MESSAGE][PASSED] - Call Test Case 'Test Cases/Mobile/Page/Login/Login' successfully

2021-12-16 08:22:51 - [MESSAGE][PASSED] - Call Test Case 'Test Cases/Mobile/Page/CheckLogin' successfully

2021-12-16 08:22:51 - [TEST_STEP][PASSED] - tap(findTestObject("Mobile/Page/Home/Menubar - News"), 0): Tapped on element 'Object Repository/Mobile/Page/Home/Menubar - News'

2021-12-16 08:22:51 - [MESSAGE][WARNING] - Timeout '0' is invalid. Using default page load timeout: '60'

2021-12-16 08:22:51 - [MESSAGE][PASSED] - Tapped on element 'Object Repository/Mobile/Page/Home/Menubar - News'

2021-12-16 08:22:51 - [TEST_STEP][PASSED] - delay(1): Delayed 1 second(s)

2021-12-16 08:22:52 - [MESSAGE][PASSED] - Delayed 1 second(s)

2021-12-16 08:22:52 - [TEST_STEP][PASSED] - for ([i = 0, i < 1, (i++)]): Delayed 3 second(s)

2021-12-16 08:22:52 - [TEST_STEP][PASSED] - if (tab == "macronews"): Tapped on element 'Object Repository/Mobile/Page/News/Tab - Macro'

2021-12-16 08:22:52 - [TEST_STEP][PASSED] - tap(findTestObject("Object Repository/Mobile/Page/News/Tab - Macro"), 0): Tapped on element 'Object Repository/Mobile/Page/News/Tab - Macro'

2021-12-16 08:22:53 - [MESSAGE][WARNING] - Timeout '0' is invalid. Using default page load timeout: '60'

2021-12-16 08:22:53 - [MESSAGE][PASSED] - Tapped on element 'Object Repository/Mobile/Page/News/Tab - Macro'

2021-12-16 08:22:53 - [TEST_STEP][PASSED] - delay(1): Delayed 1 second(s)

2021-12-16 08:22:54 - [MESSAGE][PASSED] - Delayed 1 second(s)

2021-12-16 08:22:54 - [TEST_STEP][PASSED] - if (tab != "worldindices"): Delayed 3 second(s)

2021-12-16 08:22:54 - [TEST_STEP][PASSED] - try: Delayed 3 second(s)

2021-12-16 08:22:54 - [TEST_STEP][PASSED] - tapAndHold(findTestObject("Mobile/Page/News/Item - Top News"), 1, 10): Tapped and held on element 'Object Repository/Mobile/Page/News/Item - Top News' with duration 1

2021-12-16 08:22:57 - [MESSAGE][PASSED] - Tapped and held on element 'Object Repository/Mobile/Page/News/Item - Top News' with duration 1

2021-12-16 08:22:57 - [TEST_STEP][PASSED] - delay(1): Delayed 1 second(s)

2021-12-16 08:22:58 - [MESSAGE][PASSED] - Delayed 1 second(s)

2021-12-16 08:22:58 - [TEST_STEP][PASSED] - scroll.scroll.scrollScreenBottomToTop(): scroll.scroll.scrollScreenBottomToTop is PASSED

2021-12-16 08:22:59 - [MESSAGE][PASSED] - Current device physical height is 1423

2021-12-16 08:22:59 - [MESSAGE][PASSED] - Current device physical width is 720

2021-12-16 08:23:00 - [MESSAGE][PASSED] - Swiped from 360,1,138 to 360,284

2021-12-16 08:23:00 - [MESSAGE][PASSED] - scroll.scroll.scrollScreenBottomToTop is PASSED

2021-12-16 08:23:00 - [TEST_STEP][PASSED] - delay(3): Delayed 3 second(s)

2021-12-16 08:23:03 - [MESSAGE][PASSED] - Delayed 3 second(s)

2021-12-16 08:23:03 - [MESSAGE][PASSED] - Call Test Case 'Test Cases/Mobile/Page/News/News' successfully

2021-12-16 08:23:03 - [TEST_STEP][PASSED] - callTestCase(findTestCase("Mobile/Page/Run App/Terminate App"), [:], STOP_ON_FAILURE): Call Test Case 'Test Cases/Mobile/Page/Run App/Terminate App' successfully

2021-12-16 08:23:03 - [TEST_CASE][PASSED] - Test Cases/Mobile/Page/Run App/Terminate App: Test Cases/Mobile/Page/Run App/Terminate App

2021-12-16 08:23:03 - [TEST_STEP][PASSED] - startApp.OpenApp.terminateApplication(): startApp.OpenApp.terminateApplication is PASSED

2021-12-16 08:23:06 - [MESSAGE][PASSED] - Delayed 3 second(s)

2021-12-16 08:23:07 - [MESSAGE][PASSED] - Current device physical width is 720

2021-12-16 08:23:07 - [MESSAGE][PASSED] - Current device physical height is 1423

2021-12-16 08:23:08 - [MESSAGE][PASSED] - Swiped from 360,853 to 360,142

2021-12-16 08:23:09 - [MESSAGE][PASSED] - Delayed 1 second(s)

2021-12-16 08:23:11 - [MESSAGE][PASSED] - Swiped from 360,853 to 360,142

2021-12-16 08:23:14 - [MESSAGE][PASSED] - Delayed 3 second(s)

2021-12-16 08:23:14 - [MESSAGE][PASSED] - startApp.OpenApp.terminateApplication is PASSED

2021-12-16 08:23:14 - [MESSAGE][PASSED] - Call Test Case 'Test Cases/Mobile/Page/Run App/Terminate App' successfully]]></system-out>
         <system-err><![CDATA[]]></system-err>
      </testcase>
      <system-out><![CDATA[2021-12-16 08:17:39 - [TEST_SUITE][PASSED] - news: Test Cases/Mobile/Scenario/News/005 - Macro News]]></system-out>
      <system-err><![CDATA[]]></system-err>
   </testsuite>
</testsuites>
