<?xml version="1.0" encoding="UTF-8"?>
<testsuites name="Transaction" time="1582.118" tests="20" failures="1" skips="0" errors="0">
   <testsuite name="Transaction" tests="20" failures="1" errors="0" time="1582.118" skips="0" timestamp="2021-11-19 07:47:35" hostname="Owner - aldy-tft" id="Test Suites/Transaction">
      <properties>
         <property name="deviceName" value="samsung SM-A205F (Android 11)"/>
         <property name="devicePlatform" value=""/>
         <property name="logFolder" value="C:\\Users\\Owner\\Documents\\kerjaan\\KatalonProject\\qa-katalon-maxfund\\Reports\\20211119_074726\\Transaction\\20211119_074726"/>
         <property name="logFiles" value="C:\\Users\\Owner\\Documents\\kerjaan\\KatalonProject\\qa-katalon-maxfund\\Reports\\20211119_074726\\Transaction\\20211119_074726\\appium.log, C:\\Users\\Owner\\Documents\\kerjaan\\KatalonProject\\qa-katalon-maxfund\\Reports\\20211119_074726\\Transaction\\20211119_074726\\execution0.log"/>
         <property name="attachments" value="C:\\Users\\Owner\\Documents\\kerjaan\\KatalonProject\\qa-katalon-maxfund\\Reports\\20211119_074726\\Transaction\\20211119_074726\\1637284436551.png"/>
         <property name="hostName" value="Owner - aldy-tft"/>
         <property name="os" value="Windows 10 64bit"/>
         <property name="appiumServerStatus" value="{&quot;value&quot;:{&quot;build&quot;:{&quot;version&quot;:&quot;1.22.0&quot;}},&quot;sessionId&quot;:null,&quot;status&quot;:0}"/>
         <property name="katalonVersion" value="7.9.1.208"/>
         <property name="deviceOS" value="Android"/>
         <property name="appiumVersion" value="1.22.0"/>
         <property name="deviceModel" value="SM-A205F"/>
         <property name="hostAddress" value="10.0.30.193"/>
         <property name="deviceManufacturer" value="samsung"/>
         <property name="deviceId" value="RR8M40C9AXE"/>
         <property name="deviceName" value="samsung SM-A205F (Android 11)"/>
         <property name="deviceOSVersion" value="11"/>
      </properties>
      <testcase name="Test Cases/Mobile/Scenario/Transaction/001 - Melihat daftar Transaction" time="118.788" classname="Test Cases/Mobile/Scenario/Transaction/001 - Melihat daftar Transaction" status="PASSED">
         <system-out><![CDATA[2021-11-19 07:47:37 - [TEST_CASE][PASSED] - Test Cases/Mobile/Scenario/Transaction/001 - Melihat daftar Transaction: Test Cases/Mobile/Scenario/Transaction/001 - Melihat daftar Transaction

2021-11-19 07:47:39 - [TEST_STEP][PASSED] - callTestCase(findTestCase("Mobile/Page/Run App/Run App byID"), [:], STOP_ON_FAILURE): Call Test Case 'Test Cases/Mobile/Page/Run App/Run App byID' successfully

2021-11-19 07:47:39 - [TEST_CASE][PASSED] - Test Cases/Mobile/Page/Run App/Run App byID: Test Cases/Mobile/Page/Run App/Run App byID

2021-11-19 07:47:39 - [TEST_STEP][PASSED] - startApp.OpenApp.startApplication("id.co.miraeasset.navi"): startApp.OpenApp.startApplication is PASSED

2021-11-19 07:47:46 - [MESSAGE][INFO] - Appium server started on port 59,595

2021-11-19 07:48:42 - [MESSAGE][PASSED] - Starting app with application ID: 'id.co.miraeasset.navi'

2021-11-19 07:48:42 - [MESSAGE][PASSED] - startApp.OpenApp.startApplication is PASSED

2021-11-19 07:48:42 - [MESSAGE][PASSED] - Call Test Case 'Test Cases/Mobile/Page/Run App/Run App byID' successfully

2021-11-19 07:48:42 - [TEST_STEP][PASSED] - callTestCase(findTestCase("Mobile/Page/Transaction/Transaction"), ["page":"onprocess", "tab":"none", "action":"none"], CONTINUE_ON_FAILURE): Call Test Case 'Test Cases/Mobile/Page/Transaction/Transaction' successfully

2021-11-19 07:48:42 - [TEST_CASE][PASSED] - Test Cases/Mobile/Page/Transaction/Transaction: Test Cases/Mobile/Page/Transaction/Transaction

2021-11-19 07:48:43 - [TEST_STEP][PASSED] - delay(5): Delayed 5 second(s)

2021-11-19 07:48:48 - [MESSAGE][PASSED] - Delayed 5 second(s)

2021-11-19 07:48:48 - [TEST_STEP][PASSED] - loginCheck = verifyElementExist(findTestObject("Object Repository/Mobile/Page/Dashboard/Button - Login"), 2, CONTINUE_ON_FAILURE): Element 'Object Repository/Mobile/Page/Dashboard/Button - Login' is exist

2021-11-19 07:48:48 - [MESSAGE][PASSED] - Element 'Object Repository/Mobile/Page/Dashboard/Button - Login' is exist

2021-11-19 07:48:48 - [TEST_STEP][PASSED] - if (loginCheck): Call Test Case 'Test Cases/Mobile/Page/Login/Login' successfully

2021-11-19 07:48:48 - [TEST_STEP][PASSED] - callTestCase(findTestCase("Mobile/Page/Login/Login"), ["isLogin":0]): Call Test Case 'Test Cases/Mobile/Page/Login/Login' successfully

2021-11-19 07:48:48 - [TEST_CASE][PASSED] - Test Cases/Mobile/Page/Login/Login: Test Cases/Mobile/Page/Login/Login

2021-11-19 07:48:49 - [TEST_STEP][PASSED] - if (isLogin == 0): Tapped on element 'Object Repository/Mobile/Page/Dashboard/Button - Login'

2021-11-19 07:48:49 - [TEST_STEP][PASSED] - tap(findTestObject("Mobile/Page/Dashboard/Button - Login"), 0): Tapped on element 'Object Repository/Mobile/Page/Dashboard/Button - Login'

2021-11-19 07:48:49 - [MESSAGE][WARNING] - Timeout '0' is invalid. Using default page load timeout: '60'

2021-11-19 07:48:50 - [MESSAGE][PASSED] - Tapped on element 'Object Repository/Mobile/Page/Dashboard/Button - Login'

2021-11-19 07:48:50 - [TEST_STEP][PASSED] - tap(findTestObject("Mobile/Page/Login/Tap - UserID or Email"), 0): Tapped on element 'Object Repository/Mobile/Page/Login/Tap - UserID or Email'

2021-11-19 07:48:50 - [MESSAGE][WARNING] - Timeout '0' is invalid. Using default page load timeout: '60'

2021-11-19 07:48:52 - [MESSAGE][PASSED] - Tapped on element 'Object Repository/Mobile/Page/Login/Tap - UserID or Email'

2021-11-19 07:48:52 - [TEST_STEP][PASSED] - delay(3): Delayed 3 second(s)

2021-11-19 07:48:55 - [MESSAGE][PASSED] - Delayed 3 second(s)

2021-11-19 07:48:55 - [TEST_STEP][PASSED] - setText(findTestObject("Mobile/Page/Login/Input - UserID or Email"), "ady.pangerang@gmail.com", 0): Text 'ady.pangerang@gmail.com' has been set to element 'Object Repository/Mobile/Page/Login/Input - UserID or Email'

2021-11-19 07:48:55 - [MESSAGE][WARNING] - Timeout '0' is invalid. Using default page load timeout: '60'

2021-11-19 07:48:57 - [MESSAGE][PASSED] - Text 'ady.pangerang@gmail.com' has been set to element 'Object Repository/Mobile/Page/Login/Input - UserID or Email'

2021-11-19 07:48:57 - [TEST_STEP][PASSED] - delay(1): Delayed 1 second(s)

2021-11-19 07:48:58 - [MESSAGE][PASSED] - Delayed 1 second(s)

2021-11-19 07:48:58 - [TEST_STEP][PASSED] - hideKeyboard(): Keyboard is hidden

2021-11-19 07:49:02 - [MESSAGE][PASSED] - Keyboard is hidden

2021-11-19 07:49:02 - [TEST_STEP][PASSED] - delay(1): Delayed 1 second(s)

2021-11-19 07:49:03 - [MESSAGE][PASSED] - Delayed 1 second(s)

2021-11-19 07:49:03 - [TEST_STEP][PASSED] - tap(findTestObject("Mobile/Page/Login/Tap - Password 2"), 0): Tapped on element 'Object Repository/Mobile/Page/Login/Tap - Password 2'

2021-11-19 07:49:03 - [MESSAGE][WARNING] - Timeout '0' is invalid. Using default page load timeout: '60'

2021-11-19 07:49:04 - [MESSAGE][PASSED] - Tapped on element 'Object Repository/Mobile/Page/Login/Tap - Password 2'

2021-11-19 07:49:04 - [TEST_STEP][PASSED] - delay(3): Delayed 3 second(s)

2021-11-19 07:49:07 - [MESSAGE][PASSED] - Delayed 3 second(s)

2021-11-19 07:49:07 - [TEST_STEP][PASSED] - setText(findTestObject("Mobile/Page/Login/Tap - Password 2"), "Mirae1234", 0): Text 'Mirae1234' has been set to element 'Object Repository/Mobile/Page/Login/Tap - Password 2'

2021-11-19 07:49:07 - [MESSAGE][WARNING] - Timeout '0' is invalid. Using default page load timeout: '60'

2021-11-19 07:49:07 - [MESSAGE][PASSED] - Text 'Mirae1234' has been set to element 'Object Repository/Mobile/Page/Login/Tap - Password 2'

2021-11-19 07:49:07 - [TEST_STEP][PASSED] - delay(1): Delayed 1 second(s)

2021-11-19 07:49:09 - [MESSAGE][PASSED] - Delayed 1 second(s)

2021-11-19 07:49:09 - [TEST_STEP][PASSED] - hideKeyboard(): Keyboard is hidden

2021-11-19 07:49:18 - [MESSAGE][PASSED] - Keyboard is hidden

2021-11-19 07:49:18 - [TEST_STEP][PASSED] - delay(1): Delayed 1 second(s)

2021-11-19 07:49:19 - [MESSAGE][PASSED] - Delayed 1 second(s)

2021-11-19 07:49:19 - [TEST_STEP][PASSED] - tap(findTestObject("Mobile/Page/Login/Button - Sign In"), 0): Tapped on element 'Object Repository/Mobile/Page/Login/Button - Sign In'

2021-11-19 07:49:19 - [MESSAGE][WARNING] - Timeout '0' is invalid. Using default page load timeout: '60'

2021-11-19 07:49:20 - [MESSAGE][PASSED] - Tapped on element 'Object Repository/Mobile/Page/Login/Button - Sign In'

2021-11-19 07:49:20 - [MESSAGE][PASSED] - Call Test Case 'Test Cases/Mobile/Page/Login/Login' successfully

2021-11-19 07:49:20 - [TEST_STEP][PASSED] - if (page == "cart"): null

2021-11-19 07:49:20 - [TEST_STEP][PASSED] - tap(findTestObject("Object Repository/Mobile/Page/Transaction/Button - Menubar Transaction"), 0): Tapped on element 'Object Repository/Mobile/Page/Transaction/Button - Menubar Transaction'

2021-11-19 07:49:21 - [MESSAGE][WARNING] - Timeout '0' is invalid. Using default page load timeout: '60'

2021-11-19 07:49:22 - [MESSAGE][PASSED] - Tapped on element 'Object Repository/Mobile/Page/Transaction/Button - Menubar Transaction'

2021-11-19 07:49:22 - [TEST_STEP][PASSED] - delay(1): Delayed 1 second(s)

2021-11-19 07:49:23 - [MESSAGE][PASSED] - Delayed 1 second(s)

2021-11-19 07:49:23 - [TEST_STEP][PASSED] - if (page == "onprocess"): Delayed 1 second(s)

2021-11-19 07:49:23 - [TEST_STEP][PASSED] - if (tab == "subscription"): null

2021-11-19 07:49:23 - [TEST_STEP][PASSED] - if (action == "detail"): null

2021-11-19 07:49:23 - [TEST_STEP][PASSED] - delay(1): Delayed 1 second(s)

2021-11-19 07:49:24 - [MESSAGE][PASSED] - Delayed 1 second(s)

2021-11-19 07:49:24 - [MESSAGE][PASSED] - Call Test Case 'Test Cases/Mobile/Page/Transaction/Transaction' successfully

2021-11-19 07:49:24 - [TEST_STEP][PASSED] - callTestCase(findTestCase("Mobile/Page/Run App/Terminate App"), [:], STOP_ON_FAILURE): Call Test Case 'Test Cases/Mobile/Page/Run App/Terminate App' successfully

2021-11-19 07:49:24 - [TEST_CASE][PASSED] - Test Cases/Mobile/Page/Run App/Terminate App: Test Cases/Mobile/Page/Run App/Terminate App

2021-11-19 07:49:25 - [TEST_STEP][PASSED] - startApp.OpenApp.terminateApplication(): startApp.OpenApp.terminateApplication is PASSED

2021-11-19 07:49:28 - [MESSAGE][PASSED] - Delayed 3 second(s)

2021-11-19 07:49:28 - [MESSAGE][PASSED] - Current device physical width is 720

2021-11-19 07:49:29 - [MESSAGE][PASSED] - Current device physical height is 1423

2021-11-19 07:49:30 - [MESSAGE][PASSED] - Swiped from 360,853 to 360,142

2021-11-19 07:49:31 - [MESSAGE][PASSED] - Delayed 1 second(s)

2021-11-19 07:49:33 - [MESSAGE][PASSED] - Swiped from 360,853 to 360,142

2021-11-19 07:49:36 - [MESSAGE][PASSED] - Delayed 3 second(s)

2021-11-19 07:49:36 - [MESSAGE][PASSED] - startApp.OpenApp.terminateApplication is PASSED

2021-11-19 07:49:36 - [MESSAGE][PASSED] - Call Test Case 'Test Cases/Mobile/Page/Run App/Terminate App' successfully]]></system-out>
         <system-err><![CDATA[]]></system-err>
      </testcase>
      <testcase name="Test Cases/Mobile/Scenario/Transaction/002 - Melihat Transaction berdasarkan ketegori On Process dan Subcription" time="71.889" classname="Test Cases/Mobile/Scenario/Transaction/002 - Melihat Transaction berdasarkan ketegori On Process dan Subcription" status="PASSED">
         <system-out><![CDATA[2021-11-19 07:49:36 - [TEST_CASE][PASSED] - Test Cases/Mobile/Scenario/Transaction/002 - Melihat Transaction berdasarkan ketegori On Process dan Subcription: Test Cases/Mobile/Scenario/Transaction/002 - Melihat Transaction berdasarkan ketegori On Process dan Subcription

2021-11-19 07:49:36 - [TEST_STEP][PASSED] - callTestCase(findTestCase("Mobile/Page/Run App/Run App byID"), [:], STOP_ON_FAILURE): Call Test Case 'Test Cases/Mobile/Page/Run App/Run App byID' successfully

2021-11-19 07:49:37 - [TEST_CASE][PASSED] - Test Cases/Mobile/Page/Run App/Run App byID: Test Cases/Mobile/Page/Run App/Run App byID

2021-11-19 07:49:37 - [TEST_STEP][PASSED] - startApp.OpenApp.startApplication("id.co.miraeasset.navi"): startApp.OpenApp.startApplication is PASSED

2021-11-19 07:49:50 - [MESSAGE][PASSED] - Starting app with application ID: 'id.co.miraeasset.navi'

2021-11-19 07:49:50 - [MESSAGE][PASSED] - startApp.OpenApp.startApplication is PASSED

2021-11-19 07:49:50 - [MESSAGE][PASSED] - Call Test Case 'Test Cases/Mobile/Page/Run App/Run App byID' successfully

2021-11-19 07:49:50 - [TEST_STEP][PASSED] - callTestCase(findTestCase("Mobile/Page/Transaction/Transaction"), ["page":"onprocess", "tab":"subscription", "action":"none"], CONTINUE_ON_FAILURE): Call Test Case 'Test Cases/Mobile/Page/Transaction/Transaction' successfully

2021-11-19 07:49:50 - [TEST_CASE][PASSED] - Test Cases/Mobile/Page/Transaction/Transaction: Test Cases/Mobile/Page/Transaction/Transaction

2021-11-19 07:49:50 - [TEST_STEP][PASSED] - delay(5): Delayed 5 second(s)

2021-11-19 07:49:55 - [MESSAGE][PASSED] - Delayed 5 second(s)

2021-11-19 07:49:55 - [TEST_STEP][PASSED] - loginCheck = verifyElementExist(findTestObject("Object Repository/Mobile/Page/Dashboard/Button - Login"), 2, CONTINUE_ON_FAILURE): Element 'Object Repository/Mobile/Page/Dashboard/Button - Login' is exist

2021-11-19 07:49:55 - [MESSAGE][PASSED] - Element 'Object Repository/Mobile/Page/Dashboard/Button - Login' is exist

2021-11-19 07:49:55 - [TEST_STEP][PASSED] - if (loginCheck): Call Test Case 'Test Cases/Mobile/Page/Login/Login' successfully

2021-11-19 07:49:55 - [TEST_STEP][PASSED] - callTestCase(findTestCase("Mobile/Page/Login/Login"), ["isLogin":0]): Call Test Case 'Test Cases/Mobile/Page/Login/Login' successfully

2021-11-19 07:49:55 - [TEST_CASE][PASSED] - Test Cases/Mobile/Page/Login/Login: Test Cases/Mobile/Page/Login/Login

2021-11-19 07:49:56 - [TEST_STEP][PASSED] - if (isLogin == 0): Tapped on element 'Object Repository/Mobile/Page/Dashboard/Button - Login'

2021-11-19 07:49:56 - [TEST_STEP][PASSED] - tap(findTestObject("Mobile/Page/Dashboard/Button - Login"), 0): Tapped on element 'Object Repository/Mobile/Page/Dashboard/Button - Login'

2021-11-19 07:49:56 - [MESSAGE][WARNING] - Timeout '0' is invalid. Using default page load timeout: '60'

2021-11-19 07:49:56 - [MESSAGE][PASSED] - Tapped on element 'Object Repository/Mobile/Page/Dashboard/Button - Login'

2021-11-19 07:49:56 - [TEST_STEP][PASSED] - tap(findTestObject("Mobile/Page/Login/Tap - UserID or Email"), 0): Tapped on element 'Object Repository/Mobile/Page/Login/Tap - UserID or Email'

2021-11-19 07:49:56 - [MESSAGE][WARNING] - Timeout '0' is invalid. Using default page load timeout: '60'

2021-11-19 07:49:58 - [MESSAGE][PASSED] - Tapped on element 'Object Repository/Mobile/Page/Login/Tap - UserID or Email'

2021-11-19 07:49:58 - [TEST_STEP][PASSED] - delay(3): Delayed 3 second(s)

2021-11-19 07:50:01 - [MESSAGE][PASSED] - Delayed 3 second(s)

2021-11-19 07:50:01 - [TEST_STEP][PASSED] - setText(findTestObject("Mobile/Page/Login/Input - UserID or Email"), "ady.pangerang@gmail.com", 0): Text 'ady.pangerang@gmail.com' has been set to element 'Object Repository/Mobile/Page/Login/Input - UserID or Email'

2021-11-19 07:50:01 - [MESSAGE][WARNING] - Timeout '0' is invalid. Using default page load timeout: '60'

2021-11-19 07:50:02 - [MESSAGE][PASSED] - Text 'ady.pangerang@gmail.com' has been set to element 'Object Repository/Mobile/Page/Login/Input - UserID or Email'

2021-11-19 07:50:02 - [TEST_STEP][PASSED] - delay(1): Delayed 1 second(s)

2021-11-19 07:50:03 - [MESSAGE][PASSED] - Delayed 1 second(s)

2021-11-19 07:50:03 - [TEST_STEP][PASSED] - hideKeyboard(): Keyboard is hidden

2021-11-19 07:50:12 - [MESSAGE][PASSED] - Keyboard is hidden

2021-11-19 07:50:12 - [TEST_STEP][PASSED] - delay(1): Delayed 1 second(s)

2021-11-19 07:50:13 - [MESSAGE][PASSED] - Delayed 1 second(s)

2021-11-19 07:50:13 - [TEST_STEP][PASSED] - tap(findTestObject("Mobile/Page/Login/Tap - Password 2"), 0): Tapped on element 'Object Repository/Mobile/Page/Login/Tap - Password 2'

2021-11-19 07:50:13 - [MESSAGE][WARNING] - Timeout '0' is invalid. Using default page load timeout: '60'

2021-11-19 07:50:14 - [MESSAGE][PASSED] - Tapped on element 'Object Repository/Mobile/Page/Login/Tap - Password 2'

2021-11-19 07:50:14 - [TEST_STEP][PASSED] - delay(3): Delayed 3 second(s)

2021-11-19 07:50:17 - [MESSAGE][PASSED] - Delayed 3 second(s)

2021-11-19 07:50:17 - [TEST_STEP][PASSED] - setText(findTestObject("Mobile/Page/Login/Tap - Password 2"), "Mirae1234", 0): Text 'Mirae1234' has been set to element 'Object Repository/Mobile/Page/Login/Tap - Password 2'

2021-11-19 07:50:17 - [MESSAGE][WARNING] - Timeout '0' is invalid. Using default page load timeout: '60'

2021-11-19 07:50:19 - [MESSAGE][PASSED] - Text 'Mirae1234' has been set to element 'Object Repository/Mobile/Page/Login/Tap - Password 2'

2021-11-19 07:50:19 - [TEST_STEP][PASSED] - delay(1): Delayed 1 second(s)

2021-11-19 07:50:20 - [MESSAGE][PASSED] - Delayed 1 second(s)

2021-11-19 07:50:20 - [TEST_STEP][PASSED] - hideKeyboard(): Keyboard is hidden

2021-11-19 07:50:29 - [MESSAGE][PASSED] - Keyboard is hidden

2021-11-19 07:50:29 - [TEST_STEP][PASSED] - delay(1): Delayed 1 second(s)

2021-11-19 07:50:30 - [MESSAGE][PASSED] - Delayed 1 second(s)

2021-11-19 07:50:30 - [TEST_STEP][PASSED] - tap(findTestObject("Mobile/Page/Login/Button - Sign In"), 0): Tapped on element 'Object Repository/Mobile/Page/Login/Button - Sign In'

2021-11-19 07:50:30 - [MESSAGE][WARNING] - Timeout '0' is invalid. Using default page load timeout: '60'

2021-11-19 07:50:31 - [MESSAGE][PASSED] - Tapped on element 'Object Repository/Mobile/Page/Login/Button - Sign In'

2021-11-19 07:50:31 - [MESSAGE][PASSED] - Call Test Case 'Test Cases/Mobile/Page/Login/Login' successfully

2021-11-19 07:50:31 - [TEST_STEP][PASSED] - if (page == "cart"): null

2021-11-19 07:50:31 - [TEST_STEP][PASSED] - tap(findTestObject("Object Repository/Mobile/Page/Transaction/Button - Menubar Transaction"), 0): Tapped on element 'Object Repository/Mobile/Page/Transaction/Button - Menubar Transaction'

2021-11-19 07:50:31 - [MESSAGE][WARNING] - Timeout '0' is invalid. Using default page load timeout: '60'

2021-11-19 07:50:34 - [MESSAGE][PASSED] - Tapped on element 'Object Repository/Mobile/Page/Transaction/Button - Menubar Transaction'

2021-11-19 07:50:34 - [TEST_STEP][PASSED] - delay(1): Delayed 1 second(s)

2021-11-19 07:50:35 - [MESSAGE][PASSED] - Delayed 1 second(s)

2021-11-19 07:50:35 - [TEST_STEP][PASSED] - if (page == "onprocess"): Delayed 1 second(s)

2021-11-19 07:50:35 - [TEST_STEP][PASSED] - if (tab == "subscription"): Tapped on element 'Object Repository/Mobile/Page/Transaction/On Process/Tab - Subscription'

2021-11-19 07:50:35 - [TEST_STEP][PASSED] - tap(findTestObject("Object Repository/Mobile/Page/Transaction/On Process/Tab - Subscription"), 0): Tapped on element 'Object Repository/Mobile/Page/Transaction/On Process/Tab - Subscription'

2021-11-19 07:50:35 - [MESSAGE][WARNING] - Timeout '0' is invalid. Using default page load timeout: '60'

2021-11-19 07:50:36 - [MESSAGE][PASSED] - Tapped on element 'Object Repository/Mobile/Page/Transaction/On Process/Tab - Subscription'

2021-11-19 07:50:36 - [TEST_STEP][PASSED] - if (action == "detail"): null

2021-11-19 07:50:36 - [TEST_STEP][PASSED] - delay(1): Delayed 1 second(s)

2021-11-19 07:50:37 - [MESSAGE][PASSED] - Delayed 1 second(s)

2021-11-19 07:50:37 - [MESSAGE][PASSED] - Call Test Case 'Test Cases/Mobile/Page/Transaction/Transaction' successfully

2021-11-19 07:50:37 - [TEST_STEP][PASSED] - callTestCase(findTestCase("Mobile/Page/Run App/Terminate App"), [:], STOP_ON_FAILURE): Call Test Case 'Test Cases/Mobile/Page/Run App/Terminate App' successfully

2021-11-19 07:50:37 - [TEST_CASE][PASSED] - Test Cases/Mobile/Page/Run App/Terminate App: Test Cases/Mobile/Page/Run App/Terminate App

2021-11-19 07:50:37 - [TEST_STEP][PASSED] - startApp.OpenApp.terminateApplication(): startApp.OpenApp.terminateApplication is PASSED

2021-11-19 07:50:40 - [MESSAGE][PASSED] - Delayed 3 second(s)

2021-11-19 07:50:40 - [MESSAGE][PASSED] - Current device physical width is 720

2021-11-19 07:50:41 - [MESSAGE][PASSED] - Current device physical height is 1423

2021-11-19 07:50:42 - [MESSAGE][PASSED] - Swiped from 360,853 to 360,142

2021-11-19 07:50:43 - [MESSAGE][PASSED] - Delayed 1 second(s)

2021-11-19 07:50:44 - [MESSAGE][PASSED] - Swiped from 360,853 to 360,142

2021-11-19 07:50:47 - [MESSAGE][PASSED] - Delayed 3 second(s)

2021-11-19 07:50:47 - [MESSAGE][PASSED] - startApp.OpenApp.terminateApplication is PASSED

2021-11-19 07:50:47 - [MESSAGE][PASSED] - Call Test Case 'Test Cases/Mobile/Page/Run App/Terminate App' successfully]]></system-out>
         <system-err><![CDATA[]]></system-err>
      </testcase>
      <testcase name="Test Cases/Mobile/Scenario/Transaction/003 - Melihat Transaction berdasarkan ketegori On Process dan Redemption" time="64.451" classname="Test Cases/Mobile/Scenario/Transaction/003 - Melihat Transaction berdasarkan ketegori On Process dan Redemption" status="PASSED">
         <system-out><![CDATA[2021-11-19 07:50:47 - [TEST_CASE][PASSED] - Test Cases/Mobile/Scenario/Transaction/003 - Melihat Transaction berdasarkan ketegori On Process dan Redemption: Test Cases/Mobile/Scenario/Transaction/003 - Melihat Transaction berdasarkan ketegori On Process dan Redemption

2021-11-19 07:50:48 - [TEST_STEP][PASSED] - callTestCase(findTestCase("Mobile/Page/Run App/Run App byID"), [:], STOP_ON_FAILURE): Call Test Case 'Test Cases/Mobile/Page/Run App/Run App byID' successfully

2021-11-19 07:50:48 - [TEST_CASE][PASSED] - Test Cases/Mobile/Page/Run App/Run App byID: Test Cases/Mobile/Page/Run App/Run App byID

2021-11-19 07:50:48 - [TEST_STEP][PASSED] - startApp.OpenApp.startApplication("id.co.miraeasset.navi"): startApp.OpenApp.startApplication is PASSED

2021-11-19 07:51:03 - [MESSAGE][PASSED] - Starting app with application ID: 'id.co.miraeasset.navi'

2021-11-19 07:51:03 - [MESSAGE][PASSED] - startApp.OpenApp.startApplication is PASSED

2021-11-19 07:51:03 - [MESSAGE][PASSED] - Call Test Case 'Test Cases/Mobile/Page/Run App/Run App byID' successfully

2021-11-19 07:51:03 - [TEST_STEP][PASSED] - callTestCase(findTestCase("Mobile/Page/Transaction/Transaction"), ["page":"onprocess", "tab":"redemption", "action":"none"], CONTINUE_ON_FAILURE): Call Test Case 'Test Cases/Mobile/Page/Transaction/Transaction' successfully

2021-11-19 07:51:03 - [TEST_CASE][PASSED] - Test Cases/Mobile/Page/Transaction/Transaction: Test Cases/Mobile/Page/Transaction/Transaction

2021-11-19 07:51:03 - [TEST_STEP][PASSED] - delay(5): Delayed 5 second(s)

2021-11-19 07:51:08 - [MESSAGE][PASSED] - Delayed 5 second(s)

2021-11-19 07:51:08 - [TEST_STEP][PASSED] - loginCheck = verifyElementExist(findTestObject("Object Repository/Mobile/Page/Dashboard/Button - Login"), 2, CONTINUE_ON_FAILURE): Element 'Object Repository/Mobile/Page/Dashboard/Button - Login' is exist

2021-11-19 07:51:09 - [MESSAGE][PASSED] - Element 'Object Repository/Mobile/Page/Dashboard/Button - Login' is exist

2021-11-19 07:51:09 - [TEST_STEP][PASSED] - if (loginCheck): Call Test Case 'Test Cases/Mobile/Page/Login/Login' successfully

2021-11-19 07:51:09 - [TEST_STEP][PASSED] - callTestCase(findTestCase("Mobile/Page/Login/Login"), ["isLogin":0]): Call Test Case 'Test Cases/Mobile/Page/Login/Login' successfully

2021-11-19 07:51:09 - [TEST_CASE][PASSED] - Test Cases/Mobile/Page/Login/Login: Test Cases/Mobile/Page/Login/Login

2021-11-19 07:51:09 - [TEST_STEP][PASSED] - if (isLogin == 0): Tapped on element 'Object Repository/Mobile/Page/Dashboard/Button - Login'

2021-11-19 07:51:09 - [TEST_STEP][PASSED] - tap(findTestObject("Mobile/Page/Dashboard/Button - Login"), 0): Tapped on element 'Object Repository/Mobile/Page/Dashboard/Button - Login'

2021-11-19 07:51:09 - [MESSAGE][WARNING] - Timeout '0' is invalid. Using default page load timeout: '60'

2021-11-19 07:51:09 - [MESSAGE][PASSED] - Tapped on element 'Object Repository/Mobile/Page/Dashboard/Button - Login'

2021-11-19 07:51:09 - [TEST_STEP][PASSED] - tap(findTestObject("Mobile/Page/Login/Tap - UserID or Email"), 0): Tapped on element 'Object Repository/Mobile/Page/Login/Tap - UserID or Email'

2021-11-19 07:51:10 - [MESSAGE][WARNING] - Timeout '0' is invalid. Using default page load timeout: '60'

2021-11-19 07:51:11 - [MESSAGE][PASSED] - Tapped on element 'Object Repository/Mobile/Page/Login/Tap - UserID or Email'

2021-11-19 07:51:11 - [TEST_STEP][PASSED] - delay(3): Delayed 3 second(s)

2021-11-19 07:51:14 - [MESSAGE][PASSED] - Delayed 3 second(s)

2021-11-19 07:51:14 - [TEST_STEP][PASSED] - setText(findTestObject("Mobile/Page/Login/Input - UserID or Email"), "ady.pangerang@gmail.com", 0): Text 'ady.pangerang@gmail.com' has been set to element 'Object Repository/Mobile/Page/Login/Input - UserID or Email'

2021-11-19 07:51:14 - [MESSAGE][WARNING] - Timeout '0' is invalid. Using default page load timeout: '60'

2021-11-19 07:51:15 - [MESSAGE][PASSED] - Text 'ady.pangerang@gmail.com' has been set to element 'Object Repository/Mobile/Page/Login/Input - UserID or Email'

2021-11-19 07:51:15 - [TEST_STEP][PASSED] - delay(1): Delayed 1 second(s)

2021-11-19 07:51:16 - [MESSAGE][PASSED] - Delayed 1 second(s)

2021-11-19 07:51:16 - [TEST_STEP][PASSED] - hideKeyboard(): Keyboard is hidden

2021-11-19 07:51:20 - [MESSAGE][PASSED] - Keyboard is hidden

2021-11-19 07:51:20 - [TEST_STEP][PASSED] - delay(1): Delayed 1 second(s)

2021-11-19 07:51:21 - [MESSAGE][PASSED] - Delayed 1 second(s)

2021-11-19 07:51:21 - [TEST_STEP][PASSED] - tap(findTestObject("Mobile/Page/Login/Tap - Password 2"), 0): Tapped on element 'Object Repository/Mobile/Page/Login/Tap - Password 2'

2021-11-19 07:51:21 - [MESSAGE][WARNING] - Timeout '0' is invalid. Using default page load timeout: '60'

2021-11-19 07:51:22 - [MESSAGE][PASSED] - Tapped on element 'Object Repository/Mobile/Page/Login/Tap - Password 2'

2021-11-19 07:51:22 - [TEST_STEP][PASSED] - delay(3): Delayed 3 second(s)

2021-11-19 07:51:25 - [MESSAGE][PASSED] - Delayed 3 second(s)

2021-11-19 07:51:25 - [TEST_STEP][PASSED] - setText(findTestObject("Mobile/Page/Login/Tap - Password 2"), "Mirae1234", 0): Text 'Mirae1234' has been set to element 'Object Repository/Mobile/Page/Login/Tap - Password 2'

2021-11-19 07:51:25 - [MESSAGE][WARNING] - Timeout '0' is invalid. Using default page load timeout: '60'

2021-11-19 07:51:25 - [MESSAGE][PASSED] - Text 'Mirae1234' has been set to element 'Object Repository/Mobile/Page/Login/Tap - Password 2'

2021-11-19 07:51:25 - [TEST_STEP][PASSED] - delay(1): Delayed 1 second(s)

2021-11-19 07:51:26 - [MESSAGE][PASSED] - Delayed 1 second(s)

2021-11-19 07:51:26 - [TEST_STEP][PASSED] - hideKeyboard(): Keyboard is hidden

2021-11-19 07:51:34 - [MESSAGE][PASSED] - Keyboard is hidden

2021-11-19 07:51:34 - [TEST_STEP][PASSED] - delay(1): Delayed 1 second(s)

2021-11-19 07:51:35 - [MESSAGE][PASSED] - Delayed 1 second(s)

2021-11-19 07:51:35 - [TEST_STEP][PASSED] - tap(findTestObject("Mobile/Page/Login/Button - Sign In"), 0): Tapped on element 'Object Repository/Mobile/Page/Login/Button - Sign In'

2021-11-19 07:51:35 - [MESSAGE][WARNING] - Timeout '0' is invalid. Using default page load timeout: '60'

2021-11-19 07:51:36 - [MESSAGE][PASSED] - Tapped on element 'Object Repository/Mobile/Page/Login/Button - Sign In'

2021-11-19 07:51:36 - [MESSAGE][PASSED] - Call Test Case 'Test Cases/Mobile/Page/Login/Login' successfully

2021-11-19 07:51:36 - [TEST_STEP][PASSED] - if (page == "cart"): null

2021-11-19 07:51:36 - [TEST_STEP][PASSED] - tap(findTestObject("Object Repository/Mobile/Page/Transaction/Button - Menubar Transaction"), 0): Tapped on element 'Object Repository/Mobile/Page/Transaction/Button - Menubar Transaction'

2021-11-19 07:51:36 - [MESSAGE][WARNING] - Timeout '0' is invalid. Using default page load timeout: '60'

2021-11-19 07:51:39 - [MESSAGE][PASSED] - Tapped on element 'Object Repository/Mobile/Page/Transaction/Button - Menubar Transaction'

2021-11-19 07:51:39 - [TEST_STEP][PASSED] - delay(1): Delayed 1 second(s)

2021-11-19 07:51:40 - [MESSAGE][PASSED] - Delayed 1 second(s)

2021-11-19 07:51:40 - [TEST_STEP][PASSED] - if (page == "onprocess"): Delayed 1 second(s)

2021-11-19 07:51:40 - [TEST_STEP][PASSED] - if (tab == "subscription"): null

2021-11-19 07:51:40 - [TEST_STEP][PASSED] - else if (tab == "redemption"): Tapped on element 'Object Repository/Mobile/Page/Transaction/On Process/Tab - Redemption'

2021-11-19 07:51:40 - [TEST_STEP][PASSED] - tap(findTestObject("Object Repository/Mobile/Page/Transaction/On Process/Tab - Redemption"), 0): Tapped on element 'Object Repository/Mobile/Page/Transaction/On Process/Tab - Redemption'

2021-11-19 07:51:40 - [MESSAGE][WARNING] - Timeout '0' is invalid. Using default page load timeout: '60'

2021-11-19 07:51:40 - [MESSAGE][PASSED] - Tapped on element 'Object Repository/Mobile/Page/Transaction/On Process/Tab - Redemption'

2021-11-19 07:51:40 - [TEST_STEP][PASSED] - if (action == "detail"): null

2021-11-19 07:51:40 - [TEST_STEP][PASSED] - delay(1): Delayed 1 second(s)

2021-11-19 07:51:41 - [MESSAGE][PASSED] - Delayed 1 second(s)

2021-11-19 07:51:41 - [MESSAGE][PASSED] - Call Test Case 'Test Cases/Mobile/Page/Transaction/Transaction' successfully

2021-11-19 07:51:41 - [TEST_STEP][PASSED] - callTestCase(findTestCase("Mobile/Page/Run App/Terminate App"), [:], STOP_ON_FAILURE): Call Test Case 'Test Cases/Mobile/Page/Run App/Terminate App' successfully

2021-11-19 07:51:41 - [TEST_CASE][PASSED] - Test Cases/Mobile/Page/Run App/Terminate App: Test Cases/Mobile/Page/Run App/Terminate App

2021-11-19 07:51:41 - [TEST_STEP][PASSED] - startApp.OpenApp.terminateApplication(): startApp.OpenApp.terminateApplication is PASSED

2021-11-19 07:51:44 - [MESSAGE][PASSED] - Delayed 3 second(s)

2021-11-19 07:51:45 - [MESSAGE][PASSED] - Current device physical width is 720

2021-11-19 07:51:45 - [MESSAGE][PASSED] - Current device physical height is 1423

2021-11-19 07:51:47 - [MESSAGE][PASSED] - Swiped from 360,853 to 360,142

2021-11-19 07:51:48 - [MESSAGE][PASSED] - Delayed 1 second(s)

2021-11-19 07:51:49 - [MESSAGE][PASSED] - Swiped from 360,853 to 360,142

2021-11-19 07:51:52 - [MESSAGE][PASSED] - Delayed 3 second(s)

2021-11-19 07:51:52 - [MESSAGE][PASSED] - startApp.OpenApp.terminateApplication is PASSED

2021-11-19 07:51:52 - [MESSAGE][PASSED] - Call Test Case 'Test Cases/Mobile/Page/Run App/Terminate App' successfully]]></system-out>
         <system-err><![CDATA[]]></system-err>
      </testcase>
      <testcase name="Test Cases/Mobile/Scenario/Transaction/004 - Melihat Transaction berdasarkan ketegori On Process dan Switching" time="66.3" classname="Test Cases/Mobile/Scenario/Transaction/004 - Melihat Transaction berdasarkan ketegori On Process dan Switching" status="PASSED">
         <system-out><![CDATA[2021-11-19 07:51:52 - [TEST_CASE][PASSED] - Test Cases/Mobile/Scenario/Transaction/004 - Melihat Transaction berdasarkan ketegori On Process dan Switching: Test Cases/Mobile/Scenario/Transaction/004 - Melihat Transaction berdasarkan ketegori On Process dan Switching

2021-11-19 07:51:53 - [TEST_STEP][PASSED] - callTestCase(findTestCase("Mobile/Page/Run App/Run App byID"), [:], STOP_ON_FAILURE): Call Test Case 'Test Cases/Mobile/Page/Run App/Run App byID' successfully

2021-11-19 07:51:53 - [TEST_CASE][PASSED] - Test Cases/Mobile/Page/Run App/Run App byID: Test Cases/Mobile/Page/Run App/Run App byID

2021-11-19 07:51:53 - [TEST_STEP][PASSED] - startApp.OpenApp.startApplication("id.co.miraeasset.navi"): startApp.OpenApp.startApplication is PASSED

2021-11-19 07:52:07 - [MESSAGE][PASSED] - Starting app with application ID: 'id.co.miraeasset.navi'

2021-11-19 07:52:07 - [MESSAGE][PASSED] - startApp.OpenApp.startApplication is PASSED

2021-11-19 07:52:07 - [MESSAGE][PASSED] - Call Test Case 'Test Cases/Mobile/Page/Run App/Run App byID' successfully

2021-11-19 07:52:07 - [TEST_STEP][PASSED] - callTestCase(findTestCase("Mobile/Page/Transaction/Transaction"), ["page":"onprocess", "tab":"switching", "action":"none"], STOP_ON_FAILURE): Call Test Case 'Test Cases/Mobile/Page/Transaction/Transaction' successfully

2021-11-19 07:52:07 - [TEST_CASE][PASSED] - Test Cases/Mobile/Page/Transaction/Transaction: Test Cases/Mobile/Page/Transaction/Transaction

2021-11-19 07:52:07 - [TEST_STEP][PASSED] - delay(5): Delayed 5 second(s)

2021-11-19 07:52:12 - [MESSAGE][PASSED] - Delayed 5 second(s)

2021-11-19 07:52:12 - [TEST_STEP][PASSED] - loginCheck = verifyElementExist(findTestObject("Object Repository/Mobile/Page/Dashboard/Button - Login"), 2, CONTINUE_ON_FAILURE): Element 'Object Repository/Mobile/Page/Dashboard/Button - Login' is exist

2021-11-19 07:52:12 - [MESSAGE][PASSED] - Element 'Object Repository/Mobile/Page/Dashboard/Button - Login' is exist

2021-11-19 07:52:12 - [TEST_STEP][PASSED] - if (loginCheck): Call Test Case 'Test Cases/Mobile/Page/Login/Login' successfully

2021-11-19 07:52:12 - [TEST_STEP][PASSED] - callTestCase(findTestCase("Mobile/Page/Login/Login"), ["isLogin":0]): Call Test Case 'Test Cases/Mobile/Page/Login/Login' successfully

2021-11-19 07:52:12 - [TEST_CASE][PASSED] - Test Cases/Mobile/Page/Login/Login: Test Cases/Mobile/Page/Login/Login

2021-11-19 07:52:12 - [TEST_STEP][PASSED] - if (isLogin == 0): Tapped on element 'Object Repository/Mobile/Page/Dashboard/Button - Login'

2021-11-19 07:52:12 - [TEST_STEP][PASSED] - tap(findTestObject("Mobile/Page/Dashboard/Button - Login"), 0): Tapped on element 'Object Repository/Mobile/Page/Dashboard/Button - Login'

2021-11-19 07:52:12 - [MESSAGE][WARNING] - Timeout '0' is invalid. Using default page load timeout: '60'

2021-11-19 07:52:13 - [MESSAGE][PASSED] - Tapped on element 'Object Repository/Mobile/Page/Dashboard/Button - Login'

2021-11-19 07:52:13 - [TEST_STEP][PASSED] - tap(findTestObject("Mobile/Page/Login/Tap - UserID or Email"), 0): Tapped on element 'Object Repository/Mobile/Page/Login/Tap - UserID or Email'

2021-11-19 07:52:13 - [MESSAGE][WARNING] - Timeout '0' is invalid. Using default page load timeout: '60'

2021-11-19 07:52:14 - [MESSAGE][PASSED] - Tapped on element 'Object Repository/Mobile/Page/Login/Tap - UserID or Email'

2021-11-19 07:52:14 - [TEST_STEP][PASSED] - delay(3): Delayed 3 second(s)

2021-11-19 07:52:17 - [MESSAGE][PASSED] - Delayed 3 second(s)

2021-11-19 07:52:17 - [TEST_STEP][PASSED] - setText(findTestObject("Mobile/Page/Login/Input - UserID or Email"), "ady.pangerang@gmail.com", 0): Text 'ady.pangerang@gmail.com' has been set to element 'Object Repository/Mobile/Page/Login/Input - UserID or Email'

2021-11-19 07:52:17 - [MESSAGE][WARNING] - Timeout '0' is invalid. Using default page load timeout: '60'

2021-11-19 07:52:18 - [MESSAGE][PASSED] - Text 'ady.pangerang@gmail.com' has been set to element 'Object Repository/Mobile/Page/Login/Input - UserID or Email'

2021-11-19 07:52:18 - [TEST_STEP][PASSED] - delay(1): Delayed 1 second(s)

2021-11-19 07:52:19 - [MESSAGE][PASSED] - Delayed 1 second(s)

2021-11-19 07:52:19 - [TEST_STEP][PASSED] - hideKeyboard(): Keyboard is hidden

2021-11-19 07:52:22 - [MESSAGE][PASSED] - Keyboard is hidden

2021-11-19 07:52:23 - [TEST_STEP][PASSED] - delay(1): Delayed 1 second(s)

2021-11-19 07:52:24 - [MESSAGE][PASSED] - Delayed 1 second(s)

2021-11-19 07:52:24 - [TEST_STEP][PASSED] - tap(findTestObject("Mobile/Page/Login/Tap - Password 2"), 0): Tapped on element 'Object Repository/Mobile/Page/Login/Tap - Password 2'

2021-11-19 07:52:24 - [MESSAGE][WARNING] - Timeout '0' is invalid. Using default page load timeout: '60'

2021-11-19 07:52:24 - [MESSAGE][PASSED] - Tapped on element 'Object Repository/Mobile/Page/Login/Tap - Password 2'

2021-11-19 07:52:24 - [TEST_STEP][PASSED] - delay(3): Delayed 3 second(s)

2021-11-19 07:52:27 - [MESSAGE][PASSED] - Delayed 3 second(s)

2021-11-19 07:52:27 - [TEST_STEP][PASSED] - setText(findTestObject("Mobile/Page/Login/Tap - Password 2"), "Mirae1234", 0): Text 'Mirae1234' has been set to element 'Object Repository/Mobile/Page/Login/Tap - Password 2'

2021-11-19 07:52:27 - [MESSAGE][WARNING] - Timeout '0' is invalid. Using default page load timeout: '60'

2021-11-19 07:52:28 - [MESSAGE][PASSED] - Text 'Mirae1234' has been set to element 'Object Repository/Mobile/Page/Login/Tap - Password 2'

2021-11-19 07:52:28 - [TEST_STEP][PASSED] - delay(1): Delayed 1 second(s)

2021-11-19 07:52:29 - [MESSAGE][PASSED] - Delayed 1 second(s)

2021-11-19 07:52:29 - [TEST_STEP][PASSED] - hideKeyboard(): Keyboard is hidden

2021-11-19 07:52:35 - [MESSAGE][PASSED] - Keyboard is hidden

2021-11-19 07:52:35 - [TEST_STEP][PASSED] - delay(1): Delayed 1 second(s)

2021-11-19 07:52:36 - [MESSAGE][PASSED] - Delayed 1 second(s)

2021-11-19 07:52:36 - [TEST_STEP][PASSED] - tap(findTestObject("Mobile/Page/Login/Button - Sign In"), 0): Tapped on element 'Object Repository/Mobile/Page/Login/Button - Sign In'

2021-11-19 07:52:36 - [MESSAGE][WARNING] - Timeout '0' is invalid. Using default page load timeout: '60'

2021-11-19 07:52:40 - [MESSAGE][PASSED] - Tapped on element 'Object Repository/Mobile/Page/Login/Button - Sign In'

2021-11-19 07:52:40 - [MESSAGE][PASSED] - Call Test Case 'Test Cases/Mobile/Page/Login/Login' successfully

2021-11-19 07:52:40 - [TEST_STEP][PASSED] - if (page == "cart"): null

2021-11-19 07:52:40 - [TEST_STEP][PASSED] - tap(findTestObject("Object Repository/Mobile/Page/Transaction/Button - Menubar Transaction"), 0): Tapped on element 'Object Repository/Mobile/Page/Transaction/Button - Menubar Transaction'

2021-11-19 07:52:40 - [MESSAGE][WARNING] - Timeout '0' is invalid. Using default page load timeout: '60'

2021-11-19 07:52:41 - [MESSAGE][PASSED] - Tapped on element 'Object Repository/Mobile/Page/Transaction/Button - Menubar Transaction'

2021-11-19 07:52:41 - [TEST_STEP][PASSED] - delay(1): Delayed 1 second(s)

2021-11-19 07:52:42 - [MESSAGE][PASSED] - Delayed 1 second(s)

2021-11-19 07:52:42 - [TEST_STEP][PASSED] - if (page == "onprocess"): Delayed 1 second(s)

2021-11-19 07:52:42 - [TEST_STEP][PASSED] - if (tab == "subscription"): null

2021-11-19 07:52:42 - [TEST_STEP][PASSED] - else if (tab == "redemption"): null

2021-11-19 07:52:42 - [TEST_STEP][PASSED] - else if (tab == "switching"): Tapped on element 'Object Repository/Mobile/Page/Transaction/On Process/Tab - Switching'

2021-11-19 07:52:42 - [TEST_STEP][PASSED] - element = findTestObject("Object Repository/Mobile/Page/Transaction/On Process/Tab - All"): null

2021-11-19 07:52:42 - [TEST_STEP][PASSED] - scroll.scroll.scrollRightToLeft(element): scroll.scroll.scrollRightToLeft is PASSED

2021-11-19 07:52:42 - [MESSAGE][WARNING] - Timeout '0' is invalid. Using default page load timeout: '60'

2021-11-19 07:52:43 - [MESSAGE][PASSED] - Object 'Object Repository/Mobile/Page/Transaction/On Process/Tab - All' has left position '31'

2021-11-19 07:52:43 - [MESSAGE][WARNING] - Timeout '0' is invalid. Using default page load timeout: '60'

2021-11-19 07:52:43 - [MESSAGE][PASSED] - Object 'Object Repository/Mobile/Page/Transaction/On Process/Tab - All' has top position '255'

2021-11-19 07:52:43 - [MESSAGE][WARNING] - Timeout '0' is invalid. Using default page load timeout: '60'

2021-11-19 07:52:43 - [MESSAGE][PASSED] - Object 'Object Repository/Mobile/Page/Transaction/On Process/Tab - All' has width: '207'

2021-11-19 07:52:43 - [MESSAGE][WARNING] - Timeout '0' is invalid. Using default page load timeout: '60'

2021-11-19 07:52:43 - [MESSAGE][PASSED] - Object 'Object Repository/Mobile/Page/Transaction/On Process/Tab - All' has height: '44'

2021-11-19 07:52:45 - [MESSAGE][PASSED] - Swiped from 196,277 to 72,277

2021-11-19 07:52:45 - [MESSAGE][PASSED] - scroll.scroll.scrollRightToLeft is PASSED

2021-11-19 07:52:45 - [TEST_STEP][PASSED] - tap(findTestObject("Object Repository/Mobile/Page/Transaction/On Process/Tab - Switching"), 0): Tapped on element 'Object Repository/Mobile/Page/Transaction/On Process/Tab - Switching'

2021-11-19 07:52:45 - [MESSAGE][WARNING] - Timeout '0' is invalid. Using default page load timeout: '60'

2021-11-19 07:52:46 - [MESSAGE][PASSED] - Tapped on element 'Object Repository/Mobile/Page/Transaction/On Process/Tab - Switching'

2021-11-19 07:52:46 - [TEST_STEP][PASSED] - if (action == "detail"): null

2021-11-19 07:52:46 - [TEST_STEP][PASSED] - delay(1): Delayed 1 second(s)

2021-11-19 07:52:47 - [MESSAGE][PASSED] - Delayed 1 second(s)

2021-11-19 07:52:47 - [MESSAGE][PASSED] - Call Test Case 'Test Cases/Mobile/Page/Transaction/Transaction' successfully

2021-11-19 07:52:47 - [TEST_STEP][PASSED] - callTestCase(findTestCase("Mobile/Page/Run App/Terminate App"), [:], STOP_ON_FAILURE): Call Test Case 'Test Cases/Mobile/Page/Run App/Terminate App' successfully

2021-11-19 07:52:47 - [TEST_CASE][PASSED] - Test Cases/Mobile/Page/Run App/Terminate App: Test Cases/Mobile/Page/Run App/Terminate App

2021-11-19 07:52:47 - [TEST_STEP][PASSED] - startApp.OpenApp.terminateApplication(): startApp.OpenApp.terminateApplication is PASSED

2021-11-19 07:52:51 - [MESSAGE][PASSED] - Delayed 3 second(s)

2021-11-19 07:52:51 - [MESSAGE][PASSED] - Current device physical width is 720

2021-11-19 07:52:51 - [MESSAGE][PASSED] - Current device physical height is 1423

2021-11-19 07:52:53 - [MESSAGE][PASSED] - Swiped from 360,853 to 360,142

2021-11-19 07:52:54 - [MESSAGE][PASSED] - Delayed 1 second(s)

2021-11-19 07:52:55 - [MESSAGE][PASSED] - Swiped from 360,853 to 360,142

2021-11-19 07:52:58 - [MESSAGE][PASSED] - Delayed 3 second(s)

2021-11-19 07:52:58 - [MESSAGE][PASSED] - startApp.OpenApp.terminateApplication is PASSED

2021-11-19 07:52:58 - [MESSAGE][PASSED] - Call Test Case 'Test Cases/Mobile/Page/Run App/Terminate App' successfully]]></system-out>
         <system-err><![CDATA[]]></system-err>
      </testcase>
      <testcase name="Test Cases/Mobile/Scenario/Transaction/005 - Melihat Transaction berdasarkan kategori History" time="59.116" classname="Test Cases/Mobile/Scenario/Transaction/005 - Melihat Transaction berdasarkan kategori History" status="PASSED">
         <system-out><![CDATA[2021-11-19 07:52:58 - [TEST_CASE][PASSED] - Test Cases/Mobile/Scenario/Transaction/005 - Melihat Transaction berdasarkan kategori History: Test Cases/Mobile/Scenario/Transaction/005 - Melihat Transaction berdasarkan kategori History

2021-11-19 07:52:59 - [TEST_STEP][PASSED] - callTestCase(findTestCase("Mobile/Page/Run App/Run App byID"), [:], STOP_ON_FAILURE): Call Test Case 'Test Cases/Mobile/Page/Run App/Run App byID' successfully

2021-11-19 07:52:59 - [TEST_CASE][PASSED] - Test Cases/Mobile/Page/Run App/Run App byID: Test Cases/Mobile/Page/Run App/Run App byID

2021-11-19 07:52:59 - [TEST_STEP][PASSED] - startApp.OpenApp.startApplication("id.co.miraeasset.navi"): startApp.OpenApp.startApplication is PASSED

2021-11-19 07:53:12 - [MESSAGE][PASSED] - Starting app with application ID: 'id.co.miraeasset.navi'

2021-11-19 07:53:12 - [MESSAGE][PASSED] - startApp.OpenApp.startApplication is PASSED

2021-11-19 07:53:12 - [MESSAGE][PASSED] - Call Test Case 'Test Cases/Mobile/Page/Run App/Run App byID' successfully

2021-11-19 07:53:12 - [TEST_STEP][PASSED] - callTestCase(findTestCase("Mobile/Page/Transaction/Transaction"), ["page":"history", "tab":"none", "action":"none"], CONTINUE_ON_FAILURE): Call Test Case 'Test Cases/Mobile/Page/Transaction/Transaction' successfully

2021-11-19 07:53:12 - [TEST_CASE][PASSED] - Test Cases/Mobile/Page/Transaction/Transaction: Test Cases/Mobile/Page/Transaction/Transaction

2021-11-19 07:53:12 - [TEST_STEP][PASSED] - delay(5): Delayed 5 second(s)

2021-11-19 07:53:17 - [MESSAGE][PASSED] - Delayed 5 second(s)

2021-11-19 07:53:17 - [TEST_STEP][PASSED] - loginCheck = verifyElementExist(findTestObject("Object Repository/Mobile/Page/Dashboard/Button - Login"), 2, CONTINUE_ON_FAILURE): Element 'Object Repository/Mobile/Page/Dashboard/Button - Login' is exist

2021-11-19 07:53:17 - [MESSAGE][PASSED] - Element 'Object Repository/Mobile/Page/Dashboard/Button - Login' is exist

2021-11-19 07:53:17 - [TEST_STEP][PASSED] - if (loginCheck): Call Test Case 'Test Cases/Mobile/Page/Login/Login' successfully

2021-11-19 07:53:17 - [TEST_STEP][PASSED] - callTestCase(findTestCase("Mobile/Page/Login/Login"), ["isLogin":0]): Call Test Case 'Test Cases/Mobile/Page/Login/Login' successfully

2021-11-19 07:53:17 - [TEST_CASE][PASSED] - Test Cases/Mobile/Page/Login/Login: Test Cases/Mobile/Page/Login/Login

2021-11-19 07:53:17 - [TEST_STEP][PASSED] - if (isLogin == 0): Tapped on element 'Object Repository/Mobile/Page/Dashboard/Button - Login'

2021-11-19 07:53:17 - [TEST_STEP][PASSED] - tap(findTestObject("Mobile/Page/Dashboard/Button - Login"), 0): Tapped on element 'Object Repository/Mobile/Page/Dashboard/Button - Login'

2021-11-19 07:53:18 - [MESSAGE][WARNING] - Timeout '0' is invalid. Using default page load timeout: '60'

2021-11-19 07:53:18 - [MESSAGE][PASSED] - Tapped on element 'Object Repository/Mobile/Page/Dashboard/Button - Login'

2021-11-19 07:53:18 - [TEST_STEP][PASSED] - tap(findTestObject("Mobile/Page/Login/Tap - UserID or Email"), 0): Tapped on element 'Object Repository/Mobile/Page/Login/Tap - UserID or Email'

2021-11-19 07:53:18 - [MESSAGE][WARNING] - Timeout '0' is invalid. Using default page load timeout: '60'

2021-11-19 07:53:19 - [MESSAGE][PASSED] - Tapped on element 'Object Repository/Mobile/Page/Login/Tap - UserID or Email'

2021-11-19 07:53:19 - [TEST_STEP][PASSED] - delay(3): Delayed 3 second(s)

2021-11-19 07:53:22 - [MESSAGE][PASSED] - Delayed 3 second(s)

2021-11-19 07:53:22 - [TEST_STEP][PASSED] - setText(findTestObject("Mobile/Page/Login/Input - UserID or Email"), "ady.pangerang@gmail.com", 0): Text 'ady.pangerang@gmail.com' has been set to element 'Object Repository/Mobile/Page/Login/Input - UserID or Email'

2021-11-19 07:53:22 - [MESSAGE][WARNING] - Timeout '0' is invalid. Using default page load timeout: '60'

2021-11-19 07:53:23 - [MESSAGE][PASSED] - Text 'ady.pangerang@gmail.com' has been set to element 'Object Repository/Mobile/Page/Login/Input - UserID or Email'

2021-11-19 07:53:23 - [TEST_STEP][PASSED] - delay(1): Delayed 1 second(s)

2021-11-19 07:53:24 - [MESSAGE][PASSED] - Delayed 1 second(s)

2021-11-19 07:53:24 - [TEST_STEP][PASSED] - hideKeyboard(): Keyboard is hidden

2021-11-19 07:53:28 - [MESSAGE][PASSED] - Keyboard is hidden

2021-11-19 07:53:28 - [TEST_STEP][PASSED] - delay(1): Delayed 1 second(s)

2021-11-19 07:53:29 - [MESSAGE][PASSED] - Delayed 1 second(s)

2021-11-19 07:53:29 - [TEST_STEP][PASSED] - tap(findTestObject("Mobile/Page/Login/Tap - Password 2"), 0): Tapped on element 'Object Repository/Mobile/Page/Login/Tap - Password 2'

2021-11-19 07:53:29 - [MESSAGE][WARNING] - Timeout '0' is invalid. Using default page load timeout: '60'

2021-11-19 07:53:30 - [MESSAGE][PASSED] - Tapped on element 'Object Repository/Mobile/Page/Login/Tap - Password 2'

2021-11-19 07:53:30 - [TEST_STEP][PASSED] - delay(3): Delayed 3 second(s)

2021-11-19 07:53:33 - [MESSAGE][PASSED] - Delayed 3 second(s)

2021-11-19 07:53:33 - [TEST_STEP][PASSED] - setText(findTestObject("Mobile/Page/Login/Tap - Password 2"), "Mirae1234", 0): Text 'Mirae1234' has been set to element 'Object Repository/Mobile/Page/Login/Tap - Password 2'

2021-11-19 07:53:33 - [MESSAGE][WARNING] - Timeout '0' is invalid. Using default page load timeout: '60'

2021-11-19 07:53:33 - [MESSAGE][PASSED] - Text 'Mirae1234' has been set to element 'Object Repository/Mobile/Page/Login/Tap - Password 2'

2021-11-19 07:53:33 - [TEST_STEP][PASSED] - delay(1): Delayed 1 second(s)

2021-11-19 07:53:34 - [MESSAGE][PASSED] - Delayed 1 second(s)

2021-11-19 07:53:34 - [TEST_STEP][PASSED] - hideKeyboard(): Keyboard is hidden

2021-11-19 07:53:40 - [MESSAGE][PASSED] - Keyboard is hidden

2021-11-19 07:53:41 - [TEST_STEP][PASSED] - delay(1): Delayed 1 second(s)

2021-11-19 07:53:42 - [MESSAGE][PASSED] - Delayed 1 second(s)

2021-11-19 07:53:42 - [TEST_STEP][PASSED] - tap(findTestObject("Mobile/Page/Login/Button - Sign In"), 0): Tapped on element 'Object Repository/Mobile/Page/Login/Button - Sign In'

2021-11-19 07:53:42 - [MESSAGE][WARNING] - Timeout '0' is invalid. Using default page load timeout: '60'

2021-11-19 07:53:44 - [MESSAGE][PASSED] - Tapped on element 'Object Repository/Mobile/Page/Login/Button - Sign In'

2021-11-19 07:53:44 - [MESSAGE][PASSED] - Call Test Case 'Test Cases/Mobile/Page/Login/Login' successfully

2021-11-19 07:53:44 - [TEST_STEP][PASSED] - if (page == "cart"): null

2021-11-19 07:53:44 - [TEST_STEP][PASSED] - tap(findTestObject("Object Repository/Mobile/Page/Transaction/Button - Menubar Transaction"), 0): Tapped on element 'Object Repository/Mobile/Page/Transaction/Button - Menubar Transaction'

2021-11-19 07:53:44 - [MESSAGE][WARNING] - Timeout '0' is invalid. Using default page load timeout: '60'

2021-11-19 07:53:44 - [MESSAGE][PASSED] - Tapped on element 'Object Repository/Mobile/Page/Transaction/Button - Menubar Transaction'

2021-11-19 07:53:44 - [TEST_STEP][PASSED] - delay(1): Delayed 1 second(s)

2021-11-19 07:53:45 - [MESSAGE][PASSED] - Delayed 1 second(s)

2021-11-19 07:53:45 - [TEST_STEP][PASSED] - if (page == "onprocess"): null

2021-11-19 07:53:45 - [TEST_STEP][PASSED] - else if (page == "history"): Delayed 1 second(s)

2021-11-19 07:53:45 - [TEST_STEP][PASSED] - tap(findTestObject("Object Repository/Mobile/Page/Transaction/Tab - History"), 0): Tapped on element 'Object Repository/Mobile/Page/Transaction/Tab - History'

2021-11-19 07:53:45 - [MESSAGE][WARNING] - Timeout '0' is invalid. Using default page load timeout: '60'

2021-11-19 07:53:46 - [MESSAGE][PASSED] - Tapped on element 'Object Repository/Mobile/Page/Transaction/Tab - History'

2021-11-19 07:53:46 - [TEST_STEP][PASSED] - if (action == "detail"): null

2021-11-19 07:53:46 - [TEST_STEP][PASSED] - delay(1): Delayed 1 second(s)

2021-11-19 07:53:47 - [MESSAGE][PASSED] - Delayed 1 second(s)

2021-11-19 07:53:47 - [MESSAGE][PASSED] - Call Test Case 'Test Cases/Mobile/Page/Transaction/Transaction' successfully

2021-11-19 07:53:47 - [TEST_STEP][PASSED] - callTestCase(findTestCase("Mobile/Page/Run App/Terminate App"), [:], STOP_ON_FAILURE): Call Test Case 'Test Cases/Mobile/Page/Run App/Terminate App' successfully

2021-11-19 07:53:47 - [TEST_CASE][PASSED] - Test Cases/Mobile/Page/Run App/Terminate App: Test Cases/Mobile/Page/Run App/Terminate App

2021-11-19 07:53:47 - [TEST_STEP][PASSED] - startApp.OpenApp.terminateApplication(): startApp.OpenApp.terminateApplication is PASSED

2021-11-19 07:53:50 - [MESSAGE][PASSED] - Delayed 3 second(s)

2021-11-19 07:53:50 - [MESSAGE][PASSED] - Current device physical width is 720

2021-11-19 07:53:51 - [MESSAGE][PASSED] - Current device physical height is 1423

2021-11-19 07:53:52 - [MESSAGE][PASSED] - Swiped from 360,853 to 360,142

2021-11-19 07:53:53 - [MESSAGE][PASSED] - Delayed 1 second(s)

2021-11-19 07:53:54 - [MESSAGE][PASSED] - Swiped from 360,853 to 360,142

2021-11-19 07:53:57 - [MESSAGE][PASSED] - Delayed 3 second(s)

2021-11-19 07:53:57 - [MESSAGE][PASSED] - startApp.OpenApp.terminateApplication is PASSED

2021-11-19 07:53:57 - [MESSAGE][PASSED] - Call Test Case 'Test Cases/Mobile/Page/Run App/Terminate App' successfully]]></system-out>
         <system-err><![CDATA[]]></system-err>
      </testcase>
      <testcase name="Test Cases/Mobile/Scenario/Transaction/006 - Melihat detail Transaction" time="71.469" classname="Test Cases/Mobile/Scenario/Transaction/006 - Melihat detail Transaction" status="PASSED">
         <system-out><![CDATA[2021-11-19 07:53:57 - [TEST_CASE][PASSED] - Test Cases/Mobile/Scenario/Transaction/006 - Melihat detail Transaction: Test Cases/Mobile/Scenario/Transaction/006 - Melihat detail Transaction

2021-11-19 07:53:58 - [TEST_STEP][PASSED] - callTestCase(findTestCase("Mobile/Page/Run App/Run App byID"), [:], STOP_ON_FAILURE): Call Test Case 'Test Cases/Mobile/Page/Run App/Run App byID' successfully

2021-11-19 07:53:58 - [TEST_CASE][PASSED] - Test Cases/Mobile/Page/Run App/Run App byID: Test Cases/Mobile/Page/Run App/Run App byID

2021-11-19 07:53:58 - [TEST_STEP][PASSED] - startApp.OpenApp.startApplication("id.co.miraeasset.navi"): startApp.OpenApp.startApplication is PASSED

2021-11-19 07:54:11 - [MESSAGE][PASSED] - Starting app with application ID: 'id.co.miraeasset.navi'

2021-11-19 07:54:11 - [MESSAGE][PASSED] - startApp.OpenApp.startApplication is PASSED

2021-11-19 07:54:11 - [MESSAGE][PASSED] - Call Test Case 'Test Cases/Mobile/Page/Run App/Run App byID' successfully

2021-11-19 07:54:11 - [TEST_STEP][PASSED] - callTestCase(findTestCase("Mobile/Page/Transaction/Transaction"), ["page":"onprocess", "tab":"none", "action":"detail"], CONTINUE_ON_FAILURE): Call Test Case 'Test Cases/Mobile/Page/Transaction/Transaction' successfully

2021-11-19 07:54:11 - [TEST_CASE][PASSED] - Test Cases/Mobile/Page/Transaction/Transaction: Test Cases/Mobile/Page/Transaction/Transaction

2021-11-19 07:54:11 - [TEST_STEP][PASSED] - delay(5): Delayed 5 second(s)

2021-11-19 07:54:16 - [MESSAGE][PASSED] - Delayed 5 second(s)

2021-11-19 07:54:16 - [TEST_STEP][PASSED] - loginCheck = verifyElementExist(findTestObject("Object Repository/Mobile/Page/Dashboard/Button - Login"), 2, CONTINUE_ON_FAILURE): Element 'Object Repository/Mobile/Page/Dashboard/Button - Login' is exist

2021-11-19 07:54:16 - [MESSAGE][PASSED] - Element 'Object Repository/Mobile/Page/Dashboard/Button - Login' is exist

2021-11-19 07:54:16 - [TEST_STEP][PASSED] - if (loginCheck): Call Test Case 'Test Cases/Mobile/Page/Login/Login' successfully

2021-11-19 07:54:16 - [TEST_STEP][PASSED] - callTestCase(findTestCase("Mobile/Page/Login/Login"), ["isLogin":0]): Call Test Case 'Test Cases/Mobile/Page/Login/Login' successfully

2021-11-19 07:54:16 - [TEST_CASE][PASSED] - Test Cases/Mobile/Page/Login/Login: Test Cases/Mobile/Page/Login/Login

2021-11-19 07:54:17 - [TEST_STEP][PASSED] - if (isLogin == 0): Tapped on element 'Object Repository/Mobile/Page/Dashboard/Button - Login'

2021-11-19 07:54:17 - [TEST_STEP][PASSED] - tap(findTestObject("Mobile/Page/Dashboard/Button - Login"), 0): Tapped on element 'Object Repository/Mobile/Page/Dashboard/Button - Login'

2021-11-19 07:54:17 - [MESSAGE][WARNING] - Timeout '0' is invalid. Using default page load timeout: '60'

2021-11-19 07:54:17 - [MESSAGE][PASSED] - Tapped on element 'Object Repository/Mobile/Page/Dashboard/Button - Login'

2021-11-19 07:54:17 - [TEST_STEP][PASSED] - tap(findTestObject("Mobile/Page/Login/Tap - UserID or Email"), 0): Tapped on element 'Object Repository/Mobile/Page/Login/Tap - UserID or Email'

2021-11-19 07:54:17 - [MESSAGE][WARNING] - Timeout '0' is invalid. Using default page load timeout: '60'

2021-11-19 07:54:20 - [MESSAGE][PASSED] - Tapped on element 'Object Repository/Mobile/Page/Login/Tap - UserID or Email'

2021-11-19 07:54:20 - [TEST_STEP][PASSED] - delay(3): Delayed 3 second(s)

2021-11-19 07:54:23 - [MESSAGE][PASSED] - Delayed 3 second(s)

2021-11-19 07:54:23 - [TEST_STEP][PASSED] - setText(findTestObject("Mobile/Page/Login/Input - UserID or Email"), "ady.pangerang@gmail.com", 0): Text 'ady.pangerang@gmail.com' has been set to element 'Object Repository/Mobile/Page/Login/Input - UserID or Email'

2021-11-19 07:54:23 - [MESSAGE][WARNING] - Timeout '0' is invalid. Using default page load timeout: '60'

2021-11-19 07:54:24 - [MESSAGE][PASSED] - Text 'ady.pangerang@gmail.com' has been set to element 'Object Repository/Mobile/Page/Login/Input - UserID or Email'

2021-11-19 07:54:24 - [TEST_STEP][PASSED] - delay(1): Delayed 1 second(s)

2021-11-19 07:54:25 - [MESSAGE][PASSED] - Delayed 1 second(s)

2021-11-19 07:54:25 - [TEST_STEP][PASSED] - hideKeyboard(): Keyboard is hidden

2021-11-19 07:54:29 - [MESSAGE][PASSED] - Keyboard is hidden

2021-11-19 07:54:29 - [TEST_STEP][PASSED] - delay(1): Delayed 1 second(s)

2021-11-19 07:54:30 - [MESSAGE][PASSED] - Delayed 1 second(s)

2021-11-19 07:54:30 - [TEST_STEP][PASSED] - tap(findTestObject("Mobile/Page/Login/Tap - Password 2"), 0): Tapped on element 'Object Repository/Mobile/Page/Login/Tap - Password 2'

2021-11-19 07:54:30 - [MESSAGE][WARNING] - Timeout '0' is invalid. Using default page load timeout: '60'

2021-11-19 07:54:30 - [MESSAGE][PASSED] - Tapped on element 'Object Repository/Mobile/Page/Login/Tap - Password 2'

2021-11-19 07:54:30 - [TEST_STEP][PASSED] - delay(3): Delayed 3 second(s)

2021-11-19 07:54:33 - [MESSAGE][PASSED] - Delayed 3 second(s)

2021-11-19 07:54:33 - [TEST_STEP][PASSED] - setText(findTestObject("Mobile/Page/Login/Tap - Password 2"), "Mirae1234", 0): Text 'Mirae1234' has been set to element 'Object Repository/Mobile/Page/Login/Tap - Password 2'

2021-11-19 07:54:34 - [MESSAGE][WARNING] - Timeout '0' is invalid. Using default page load timeout: '60'

2021-11-19 07:54:35 - [MESSAGE][PASSED] - Text 'Mirae1234' has been set to element 'Object Repository/Mobile/Page/Login/Tap - Password 2'

2021-11-19 07:54:35 - [TEST_STEP][PASSED] - delay(1): Delayed 1 second(s)

2021-11-19 07:54:36 - [MESSAGE][PASSED] - Delayed 1 second(s)

2021-11-19 07:54:36 - [TEST_STEP][PASSED] - hideKeyboard(): Keyboard is hidden

2021-11-19 07:54:43 - [MESSAGE][PASSED] - Keyboard is hidden

2021-11-19 07:54:43 - [TEST_STEP][PASSED] - delay(1): Delayed 1 second(s)

2021-11-19 07:54:44 - [MESSAGE][PASSED] - Delayed 1 second(s)

2021-11-19 07:54:44 - [TEST_STEP][PASSED] - tap(findTestObject("Mobile/Page/Login/Button - Sign In"), 0): Tapped on element 'Object Repository/Mobile/Page/Login/Button - Sign In'

2021-11-19 07:54:44 - [MESSAGE][WARNING] - Timeout '0' is invalid. Using default page load timeout: '60'

2021-11-19 07:54:46 - [MESSAGE][PASSED] - Tapped on element 'Object Repository/Mobile/Page/Login/Button - Sign In'

2021-11-19 07:54:46 - [MESSAGE][PASSED] - Call Test Case 'Test Cases/Mobile/Page/Login/Login' successfully

2021-11-19 07:54:46 - [TEST_STEP][PASSED] - if (page == "cart"): null

2021-11-19 07:54:46 - [TEST_STEP][PASSED] - tap(findTestObject("Object Repository/Mobile/Page/Transaction/Button - Menubar Transaction"), 0): Tapped on element 'Object Repository/Mobile/Page/Transaction/Button - Menubar Transaction'

2021-11-19 07:54:46 - [MESSAGE][WARNING] - Timeout '0' is invalid. Using default page load timeout: '60'

2021-11-19 07:54:46 - [MESSAGE][PASSED] - Tapped on element 'Object Repository/Mobile/Page/Transaction/Button - Menubar Transaction'

2021-11-19 07:54:46 - [TEST_STEP][PASSED] - delay(1): Delayed 1 second(s)

2021-11-19 07:54:47 - [MESSAGE][PASSED] - Delayed 1 second(s)

2021-11-19 07:54:47 - [TEST_STEP][PASSED] - if (page == "onprocess"): Delayed 1 second(s)

2021-11-19 07:54:47 - [TEST_STEP][PASSED] - if (tab == "subscription"): null

2021-11-19 07:54:47 - [TEST_STEP][PASSED] - if (action == "detail"): scroll.scroll.scrollBottomToTop is PASSED

2021-11-19 07:54:47 - [TEST_STEP][PASSED] - delay(4): Delayed 4 second(s)

2021-11-19 07:54:51 - [MESSAGE][PASSED] - Delayed 4 second(s)

2021-11-19 07:54:51 - [TEST_STEP][PASSED] - if (tab == "subscription"): null

2021-11-19 07:54:51 - [TEST_STEP][PASSED] - else if (tab == "redemption"): null

2021-11-19 07:54:51 - [TEST_STEP][PASSED] - else if (tab == "switching"): null

2021-11-19 07:54:51 - [TEST_STEP][PASSED] - else: Tapped and held on element 'Object Repository/Mobile/Page/Transaction/On Process/Top Item - All' with duration 1

2021-11-19 07:54:51 - [TEST_STEP][PASSED] - tapAndHold(findTestObject("Mobile/Page/Transaction/On Process/Top Item - All"), 1, 0): Tapped and held on element 'Object Repository/Mobile/Page/Transaction/On Process/Top Item - All' with duration 1

2021-11-19 07:54:51 - [MESSAGE][WARNING] - Timeout '0' is invalid. Using default page load timeout: '60'

2021-11-19 07:54:54 - [MESSAGE][PASSED] - Tapped and held on element 'Object Repository/Mobile/Page/Transaction/On Process/Top Item - All' with duration 1

2021-11-19 07:54:54 - [TEST_STEP][PASSED] - delay(1): Delayed 1 second(s)

2021-11-19 07:54:55 - [MESSAGE][PASSED] - Delayed 1 second(s)

2021-11-19 07:54:55 - [TEST_STEP][PASSED] - scroll.scroll.scrollBottomToTop(): scroll.scroll.scrollBottomToTop is PASSED

2021-11-19 07:54:56 - [MESSAGE][PASSED] - Current device physical height is 1423

2021-11-19 07:54:56 - [MESSAGE][PASSED] - Current device physical width is 720

2021-11-19 07:54:57 - [MESSAGE][PASSED] - Swiped from 360,1,138 to 360,284

2021-11-19 07:54:57 - [MESSAGE][PASSED] - scroll.scroll.scrollBottomToTop is PASSED

2021-11-19 07:54:57 - [TEST_STEP][PASSED] - delay(1): Delayed 1 second(s)

2021-11-19 07:54:58 - [MESSAGE][PASSED] - Delayed 1 second(s)

2021-11-19 07:54:58 - [MESSAGE][PASSED] - Call Test Case 'Test Cases/Mobile/Page/Transaction/Transaction' successfully

2021-11-19 07:54:58 - [TEST_STEP][PASSED] - callTestCase(findTestCase("Mobile/Page/Run App/Terminate App"), [:], STOP_ON_FAILURE): Call Test Case 'Test Cases/Mobile/Page/Run App/Terminate App' successfully

2021-11-19 07:54:58 - [TEST_CASE][PASSED] - Test Cases/Mobile/Page/Run App/Terminate App: Test Cases/Mobile/Page/Run App/Terminate App

2021-11-19 07:54:58 - [TEST_STEP][PASSED] - startApp.OpenApp.terminateApplication(): startApp.OpenApp.terminateApplication is PASSED

2021-11-19 07:55:01 - [MESSAGE][PASSED] - Delayed 3 second(s)

2021-11-19 07:55:02 - [MESSAGE][PASSED] - Current device physical width is 720

2021-11-19 07:55:02 - [MESSAGE][PASSED] - Current device physical height is 1423

2021-11-19 07:55:03 - [MESSAGE][PASSED] - Swiped from 360,853 to 360,142

2021-11-19 07:55:04 - [MESSAGE][PASSED] - Delayed 1 second(s)

2021-11-19 07:55:06 - [MESSAGE][PASSED] - Swiped from 360,853 to 360,142

2021-11-19 07:55:09 - [MESSAGE][PASSED] - Delayed 3 second(s)

2021-11-19 07:55:09 - [MESSAGE][PASSED] - startApp.OpenApp.terminateApplication is PASSED

2021-11-19 07:55:09 - [MESSAGE][PASSED] - Call Test Case 'Test Cases/Mobile/Page/Run App/Terminate App' successfully]]></system-out>
         <system-err><![CDATA[]]></system-err>
      </testcase>
      <testcase name="Test Cases/Mobile/Scenario/Transaction/007 - Melihat detail Transaction berdasarkan ketegori On Process dan Subcription" time="69.996" classname="Test Cases/Mobile/Scenario/Transaction/007 - Melihat detail Transaction berdasarkan ketegori On Process dan Subcription" status="PASSED">
         <system-out><![CDATA[2021-11-19 07:55:09 - [TEST_CASE][PASSED] - Test Cases/Mobile/Scenario/Transaction/007 - Melihat detail Transaction berdasarkan ketegori On Process dan Subcription: Test Cases/Mobile/Scenario/Transaction/007 - Melihat detail Transaction berdasarkan ketegori On Process dan Subcription

2021-11-19 07:55:10 - [TEST_STEP][PASSED] - callTestCase(findTestCase("Mobile/Page/Run App/Run App byID"), [:], STOP_ON_FAILURE): Call Test Case 'Test Cases/Mobile/Page/Run App/Run App byID' successfully

2021-11-19 07:55:10 - [TEST_CASE][PASSED] - Test Cases/Mobile/Page/Run App/Run App byID: Test Cases/Mobile/Page/Run App/Run App byID

2021-11-19 07:55:10 - [TEST_STEP][PASSED] - startApp.OpenApp.startApplication("id.co.miraeasset.navi"): startApp.OpenApp.startApplication is PASSED

2021-11-19 07:55:23 - [MESSAGE][PASSED] - Starting app with application ID: 'id.co.miraeasset.navi'

2021-11-19 07:55:23 - [MESSAGE][PASSED] - startApp.OpenApp.startApplication is PASSED

2021-11-19 07:55:23 - [MESSAGE][PASSED] - Call Test Case 'Test Cases/Mobile/Page/Run App/Run App byID' successfully

2021-11-19 07:55:23 - [TEST_STEP][PASSED] - callTestCase(findTestCase("Mobile/Page/Transaction/Transaction"), ["page":"onprocess", "tab":"subscription", "action":"detail"], CONTINUE_ON_FAILURE): Call Test Case 'Test Cases/Mobile/Page/Transaction/Transaction' successfully

2021-11-19 07:55:23 - [TEST_CASE][PASSED] - Test Cases/Mobile/Page/Transaction/Transaction: Test Cases/Mobile/Page/Transaction/Transaction

2021-11-19 07:55:23 - [TEST_STEP][PASSED] - delay(5): Delayed 5 second(s)

2021-11-19 07:55:28 - [MESSAGE][PASSED] - Delayed 5 second(s)

2021-11-19 07:55:28 - [TEST_STEP][PASSED] - loginCheck = verifyElementExist(findTestObject("Object Repository/Mobile/Page/Dashboard/Button - Login"), 2, CONTINUE_ON_FAILURE): Element 'Object Repository/Mobile/Page/Dashboard/Button - Login' is exist

2021-11-19 07:55:28 - [MESSAGE][PASSED] - Element 'Object Repository/Mobile/Page/Dashboard/Button - Login' is exist

2021-11-19 07:55:28 - [TEST_STEP][PASSED] - if (loginCheck): Call Test Case 'Test Cases/Mobile/Page/Login/Login' successfully

2021-11-19 07:55:28 - [TEST_STEP][PASSED] - callTestCase(findTestCase("Mobile/Page/Login/Login"), ["isLogin":0]): Call Test Case 'Test Cases/Mobile/Page/Login/Login' successfully

2021-11-19 07:55:28 - [TEST_CASE][PASSED] - Test Cases/Mobile/Page/Login/Login: Test Cases/Mobile/Page/Login/Login

2021-11-19 07:55:28 - [TEST_STEP][PASSED] - if (isLogin == 0): Tapped on element 'Object Repository/Mobile/Page/Dashboard/Button - Login'

2021-11-19 07:55:28 - [TEST_STEP][PASSED] - tap(findTestObject("Mobile/Page/Dashboard/Button - Login"), 0): Tapped on element 'Object Repository/Mobile/Page/Dashboard/Button - Login'

2021-11-19 07:55:28 - [MESSAGE][WARNING] - Timeout '0' is invalid. Using default page load timeout: '60'

2021-11-19 07:55:30 - [MESSAGE][PASSED] - Tapped on element 'Object Repository/Mobile/Page/Dashboard/Button - Login'

2021-11-19 07:55:30 - [TEST_STEP][PASSED] - tap(findTestObject("Mobile/Page/Login/Tap - UserID or Email"), 0): Tapped on element 'Object Repository/Mobile/Page/Login/Tap - UserID or Email'

2021-11-19 07:55:30 - [MESSAGE][WARNING] - Timeout '0' is invalid. Using default page load timeout: '60'

2021-11-19 07:55:30 - [MESSAGE][PASSED] - Tapped on element 'Object Repository/Mobile/Page/Login/Tap - UserID or Email'

2021-11-19 07:55:30 - [TEST_STEP][PASSED] - delay(3): Delayed 3 second(s)

2021-11-19 07:55:33 - [MESSAGE][PASSED] - Delayed 3 second(s)

2021-11-19 07:55:33 - [TEST_STEP][PASSED] - setText(findTestObject("Mobile/Page/Login/Input - UserID or Email"), "ady.pangerang@gmail.com", 0): Text 'ady.pangerang@gmail.com' has been set to element 'Object Repository/Mobile/Page/Login/Input - UserID or Email'

2021-11-19 07:55:34 - [MESSAGE][WARNING] - Timeout '0' is invalid. Using default page load timeout: '60'

2021-11-19 07:55:34 - [MESSAGE][PASSED] - Text 'ady.pangerang@gmail.com' has been set to element 'Object Repository/Mobile/Page/Login/Input - UserID or Email'

2021-11-19 07:55:34 - [TEST_STEP][PASSED] - delay(1): Delayed 1 second(s)

2021-11-19 07:55:35 - [MESSAGE][PASSED] - Delayed 1 second(s)

2021-11-19 07:55:35 - [TEST_STEP][PASSED] - hideKeyboard(): Keyboard is hidden

2021-11-19 07:55:39 - [MESSAGE][PASSED] - Keyboard is hidden

2021-11-19 07:55:39 - [TEST_STEP][PASSED] - delay(1): Delayed 1 second(s)

2021-11-19 07:55:40 - [MESSAGE][PASSED] - Delayed 1 second(s)

2021-11-19 07:55:40 - [TEST_STEP][PASSED] - tap(findTestObject("Mobile/Page/Login/Tap - Password 2"), 0): Tapped on element 'Object Repository/Mobile/Page/Login/Tap - Password 2'

2021-11-19 07:55:40 - [MESSAGE][WARNING] - Timeout '0' is invalid. Using default page load timeout: '60'

2021-11-19 07:55:40 - [MESSAGE][PASSED] - Tapped on element 'Object Repository/Mobile/Page/Login/Tap - Password 2'

2021-11-19 07:55:40 - [TEST_STEP][PASSED] - delay(3): Delayed 3 second(s)

2021-11-19 07:55:43 - [MESSAGE][PASSED] - Delayed 3 second(s)

2021-11-19 07:55:43 - [TEST_STEP][PASSED] - setText(findTestObject("Mobile/Page/Login/Tap - Password 2"), "Mirae1234", 0): Text 'Mirae1234' has been set to element 'Object Repository/Mobile/Page/Login/Tap - Password 2'

2021-11-19 07:55:43 - [MESSAGE][WARNING] - Timeout '0' is invalid. Using default page load timeout: '60'

2021-11-19 07:55:44 - [MESSAGE][PASSED] - Text 'Mirae1234' has been set to element 'Object Repository/Mobile/Page/Login/Tap - Password 2'

2021-11-19 07:55:44 - [TEST_STEP][PASSED] - delay(1): Delayed 1 second(s)

2021-11-19 07:55:45 - [MESSAGE][PASSED] - Delayed 1 second(s)

2021-11-19 07:55:45 - [TEST_STEP][PASSED] - hideKeyboard(): Keyboard is hidden

2021-11-19 07:55:51 - [MESSAGE][PASSED] - Keyboard is hidden

2021-11-19 07:55:51 - [TEST_STEP][PASSED] - delay(1): Delayed 1 second(s)

2021-11-19 07:55:52 - [MESSAGE][PASSED] - Delayed 1 second(s)

2021-11-19 07:55:52 - [TEST_STEP][PASSED] - tap(findTestObject("Mobile/Page/Login/Button - Sign In"), 0): Tapped on element 'Object Repository/Mobile/Page/Login/Button - Sign In'

2021-11-19 07:55:52 - [MESSAGE][WARNING] - Timeout '0' is invalid. Using default page load timeout: '60'

2021-11-19 07:55:53 - [MESSAGE][PASSED] - Tapped on element 'Object Repository/Mobile/Page/Login/Button - Sign In'

2021-11-19 07:55:53 - [MESSAGE][PASSED] - Call Test Case 'Test Cases/Mobile/Page/Login/Login' successfully

2021-11-19 07:55:53 - [TEST_STEP][PASSED] - if (page == "cart"): null

2021-11-19 07:55:53 - [TEST_STEP][PASSED] - tap(findTestObject("Object Repository/Mobile/Page/Transaction/Button - Menubar Transaction"), 0): Tapped on element 'Object Repository/Mobile/Page/Transaction/Button - Menubar Transaction'

2021-11-19 07:55:53 - [MESSAGE][WARNING] - Timeout '0' is invalid. Using default page load timeout: '60'

2021-11-19 07:55:55 - [MESSAGE][PASSED] - Tapped on element 'Object Repository/Mobile/Page/Transaction/Button - Menubar Transaction'

2021-11-19 07:55:55 - [TEST_STEP][PASSED] - delay(1): Delayed 1 second(s)

2021-11-19 07:55:56 - [MESSAGE][PASSED] - Delayed 1 second(s)

2021-11-19 07:55:56 - [TEST_STEP][PASSED] - if (page == "onprocess"): Delayed 1 second(s)

2021-11-19 07:55:56 - [TEST_STEP][PASSED] - if (tab == "subscription"): Tapped on element 'Object Repository/Mobile/Page/Transaction/On Process/Tab - Subscription'

2021-11-19 07:55:56 - [TEST_STEP][PASSED] - tap(findTestObject("Object Repository/Mobile/Page/Transaction/On Process/Tab - Subscription"), 0): Tapped on element 'Object Repository/Mobile/Page/Transaction/On Process/Tab - Subscription'

2021-11-19 07:55:56 - [MESSAGE][WARNING] - Timeout '0' is invalid. Using default page load timeout: '60'

2021-11-19 07:55:57 - [MESSAGE][PASSED] - Tapped on element 'Object Repository/Mobile/Page/Transaction/On Process/Tab - Subscription'

2021-11-19 07:55:57 - [TEST_STEP][PASSED] - if (action == "detail"): scroll.scroll.scrollBottomToTop is PASSED

2021-11-19 07:55:57 - [TEST_STEP][PASSED] - delay(4): Delayed 4 second(s)

2021-11-19 07:56:01 - [MESSAGE][PASSED] - Delayed 4 second(s)

2021-11-19 07:56:01 - [TEST_STEP][PASSED] - if (tab == "subscription"): Tapped and held on element 'Object Repository/Mobile/Page/Transaction/On Process/Top Item - Subscription' with duration 1

2021-11-19 07:56:01 - [TEST_STEP][PASSED] - tapAndHold(findTestObject("Mobile/Page/Transaction/On Process/Top Item - Subscription"), 1, 0): Tapped and held on element 'Object Repository/Mobile/Page/Transaction/On Process/Top Item - Subscription' with duration 1

2021-11-19 07:56:01 - [MESSAGE][WARNING] - Timeout '0' is invalid. Using default page load timeout: '60'

2021-11-19 07:56:04 - [MESSAGE][PASSED] - Tapped and held on element 'Object Repository/Mobile/Page/Transaction/On Process/Top Item - Subscription' with duration 1

2021-11-19 07:56:04 - [TEST_STEP][PASSED] - delay(1): Delayed 1 second(s)

2021-11-19 07:56:05 - [MESSAGE][PASSED] - Delayed 1 second(s)

2021-11-19 07:56:05 - [TEST_STEP][PASSED] - scroll.scroll.scrollBottomToTop(): scroll.scroll.scrollBottomToTop is PASSED

2021-11-19 07:56:06 - [MESSAGE][PASSED] - Current device physical height is 1423

2021-11-19 07:56:06 - [MESSAGE][PASSED] - Current device physical width is 720

2021-11-19 07:56:07 - [MESSAGE][PASSED] - Swiped from 360,1,138 to 360,284

2021-11-19 07:56:07 - [MESSAGE][PASSED] - scroll.scroll.scrollBottomToTop is PASSED

2021-11-19 07:56:07 - [TEST_STEP][PASSED] - delay(1): Delayed 1 second(s)

2021-11-19 07:56:08 - [MESSAGE][PASSED] - Delayed 1 second(s)

2021-11-19 07:56:08 - [MESSAGE][PASSED] - Call Test Case 'Test Cases/Mobile/Page/Transaction/Transaction' successfully

2021-11-19 07:56:08 - [TEST_STEP][PASSED] - callTestCase(findTestCase("Mobile/Page/Run App/Terminate App"), [:], STOP_ON_FAILURE): Call Test Case 'Test Cases/Mobile/Page/Run App/Terminate App' successfully

2021-11-19 07:56:08 - [TEST_CASE][PASSED] - Test Cases/Mobile/Page/Run App/Terminate App: Test Cases/Mobile/Page/Run App/Terminate App

2021-11-19 07:56:08 - [TEST_STEP][PASSED] - startApp.OpenApp.terminateApplication(): startApp.OpenApp.terminateApplication is PASSED

2021-11-19 07:56:12 - [MESSAGE][PASSED] - Delayed 3 second(s)

2021-11-19 07:56:12 - [MESSAGE][PASSED] - Current device physical width is 720

2021-11-19 07:56:12 - [MESSAGE][PASSED] - Current device physical height is 1423

2021-11-19 07:56:13 - [MESSAGE][PASSED] - Swiped from 360,853 to 360,142

2021-11-19 07:56:14 - [MESSAGE][PASSED] - Delayed 1 second(s)

2021-11-19 07:56:16 - [MESSAGE][PASSED] - Swiped from 360,853 to 360,142

2021-11-19 07:56:19 - [MESSAGE][PASSED] - Delayed 3 second(s)

2021-11-19 07:56:19 - [MESSAGE][PASSED] - startApp.OpenApp.terminateApplication is PASSED

2021-11-19 07:56:19 - [MESSAGE][PASSED] - Call Test Case 'Test Cases/Mobile/Page/Run App/Terminate App' successfully]]></system-out>
         <system-err><![CDATA[]]></system-err>
      </testcase>
      <testcase name="Test Cases/Mobile/Scenario/Transaction/008 - Melihat detail Transaction berdasarkan ketegori On Process dan Redemption" time="71.242" classname="Test Cases/Mobile/Scenario/Transaction/008 - Melihat detail Transaction berdasarkan ketegori On Process dan Redemption" status="PASSED">
         <system-out><![CDATA[2021-11-19 07:56:19 - [TEST_CASE][PASSED] - Test Cases/Mobile/Scenario/Transaction/008 - Melihat detail Transaction berdasarkan ketegori On Process dan Redemption: Test Cases/Mobile/Scenario/Transaction/008 - Melihat detail Transaction berdasarkan ketegori On Process dan Redemption

2021-11-19 07:56:20 - [TEST_STEP][PASSED] - callTestCase(findTestCase("Mobile/Page/Run App/Run App byID"), [:], STOP_ON_FAILURE): Call Test Case 'Test Cases/Mobile/Page/Run App/Run App byID' successfully

2021-11-19 07:56:20 - [TEST_CASE][PASSED] - Test Cases/Mobile/Page/Run App/Run App byID: Test Cases/Mobile/Page/Run App/Run App byID

2021-11-19 07:56:20 - [TEST_STEP][PASSED] - startApp.OpenApp.startApplication("id.co.miraeasset.navi"): startApp.OpenApp.startApplication is PASSED

2021-11-19 07:56:33 - [MESSAGE][PASSED] - Starting app with application ID: 'id.co.miraeasset.navi'

2021-11-19 07:56:33 - [MESSAGE][PASSED] - startApp.OpenApp.startApplication is PASSED

2021-11-19 07:56:33 - [MESSAGE][PASSED] - Call Test Case 'Test Cases/Mobile/Page/Run App/Run App byID' successfully

2021-11-19 07:56:33 - [TEST_STEP][PASSED] - callTestCase(findTestCase("Mobile/Page/Transaction/Transaction"), ["page":"onprocess", "tab":"redemption", "action":"detail"], CONTINUE_ON_FAILURE): Call Test Case 'Test Cases/Mobile/Page/Transaction/Transaction' successfully

2021-11-19 07:56:33 - [TEST_CASE][PASSED] - Test Cases/Mobile/Page/Transaction/Transaction: Test Cases/Mobile/Page/Transaction/Transaction

2021-11-19 07:56:33 - [TEST_STEP][PASSED] - delay(5): Delayed 5 second(s)

2021-11-19 07:56:38 - [MESSAGE][PASSED] - Delayed 5 second(s)

2021-11-19 07:56:38 - [TEST_STEP][PASSED] - loginCheck = verifyElementExist(findTestObject("Object Repository/Mobile/Page/Dashboard/Button - Login"), 2, CONTINUE_ON_FAILURE): Element 'Object Repository/Mobile/Page/Dashboard/Button - Login' is exist

2021-11-19 07:56:38 - [MESSAGE][PASSED] - Element 'Object Repository/Mobile/Page/Dashboard/Button - Login' is exist

2021-11-19 07:56:38 - [TEST_STEP][PASSED] - if (loginCheck): Call Test Case 'Test Cases/Mobile/Page/Login/Login' successfully

2021-11-19 07:56:38 - [TEST_STEP][PASSED] - callTestCase(findTestCase("Mobile/Page/Login/Login"), ["isLogin":0]): Call Test Case 'Test Cases/Mobile/Page/Login/Login' successfully

2021-11-19 07:56:38 - [TEST_CASE][PASSED] - Test Cases/Mobile/Page/Login/Login: Test Cases/Mobile/Page/Login/Login

2021-11-19 07:56:38 - [TEST_STEP][PASSED] - if (isLogin == 0): Tapped on element 'Object Repository/Mobile/Page/Dashboard/Button - Login'

2021-11-19 07:56:38 - [TEST_STEP][PASSED] - tap(findTestObject("Mobile/Page/Dashboard/Button - Login"), 0): Tapped on element 'Object Repository/Mobile/Page/Dashboard/Button - Login'

2021-11-19 07:56:39 - [MESSAGE][WARNING] - Timeout '0' is invalid. Using default page load timeout: '60'

2021-11-19 07:56:39 - [MESSAGE][PASSED] - Tapped on element 'Object Repository/Mobile/Page/Dashboard/Button - Login'

2021-11-19 07:56:39 - [TEST_STEP][PASSED] - tap(findTestObject("Mobile/Page/Login/Tap - UserID or Email"), 0): Tapped on element 'Object Repository/Mobile/Page/Login/Tap - UserID or Email'

2021-11-19 07:56:39 - [MESSAGE][WARNING] - Timeout '0' is invalid. Using default page load timeout: '60'

2021-11-19 07:56:41 - [MESSAGE][PASSED] - Tapped on element 'Object Repository/Mobile/Page/Login/Tap - UserID or Email'

2021-11-19 07:56:41 - [TEST_STEP][PASSED] - delay(3): Delayed 3 second(s)

2021-11-19 07:56:44 - [MESSAGE][PASSED] - Delayed 3 second(s)

2021-11-19 07:56:44 - [TEST_STEP][PASSED] - setText(findTestObject("Mobile/Page/Login/Input - UserID or Email"), "ady.pangerang@gmail.com", 0): Text 'ady.pangerang@gmail.com' has been set to element 'Object Repository/Mobile/Page/Login/Input - UserID or Email'

2021-11-19 07:56:44 - [MESSAGE][WARNING] - Timeout '0' is invalid. Using default page load timeout: '60'

2021-11-19 07:56:45 - [MESSAGE][PASSED] - Text 'ady.pangerang@gmail.com' has been set to element 'Object Repository/Mobile/Page/Login/Input - UserID or Email'

2021-11-19 07:56:45 - [TEST_STEP][PASSED] - delay(1): Delayed 1 second(s)

2021-11-19 07:56:46 - [MESSAGE][PASSED] - Delayed 1 second(s)

2021-11-19 07:56:46 - [TEST_STEP][PASSED] - hideKeyboard(): Keyboard is hidden

2021-11-19 07:56:49 - [MESSAGE][PASSED] - Keyboard is hidden

2021-11-19 07:56:49 - [TEST_STEP][PASSED] - delay(1): Delayed 1 second(s)

2021-11-19 07:56:50 - [MESSAGE][PASSED] - Delayed 1 second(s)

2021-11-19 07:56:50 - [TEST_STEP][PASSED] - tap(findTestObject("Mobile/Page/Login/Tap - Password 2"), 0): Tapped on element 'Object Repository/Mobile/Page/Login/Tap - Password 2'

2021-11-19 07:56:50 - [MESSAGE][WARNING] - Timeout '0' is invalid. Using default page load timeout: '60'

2021-11-19 07:56:51 - [MESSAGE][PASSED] - Tapped on element 'Object Repository/Mobile/Page/Login/Tap - Password 2'

2021-11-19 07:56:51 - [TEST_STEP][PASSED] - delay(3): Delayed 3 second(s)

2021-11-19 07:56:54 - [MESSAGE][PASSED] - Delayed 3 second(s)

2021-11-19 07:56:54 - [TEST_STEP][PASSED] - setText(findTestObject("Mobile/Page/Login/Tap - Password 2"), "Mirae1234", 0): Text 'Mirae1234' has been set to element 'Object Repository/Mobile/Page/Login/Tap - Password 2'

2021-11-19 07:56:54 - [MESSAGE][WARNING] - Timeout '0' is invalid. Using default page load timeout: '60'

2021-11-19 07:56:55 - [MESSAGE][PASSED] - Text 'Mirae1234' has been set to element 'Object Repository/Mobile/Page/Login/Tap - Password 2'

2021-11-19 07:56:55 - [TEST_STEP][PASSED] - delay(1): Delayed 1 second(s)

2021-11-19 07:56:56 - [MESSAGE][PASSED] - Delayed 1 second(s)

2021-11-19 07:56:56 - [TEST_STEP][PASSED] - hideKeyboard(): Keyboard is hidden

2021-11-19 07:57:02 - [MESSAGE][PASSED] - Keyboard is hidden

2021-11-19 07:57:02 - [TEST_STEP][PASSED] - delay(1): Delayed 1 second(s)

2021-11-19 07:57:03 - [MESSAGE][PASSED] - Delayed 1 second(s)

2021-11-19 07:57:03 - [TEST_STEP][PASSED] - tap(findTestObject("Mobile/Page/Login/Button - Sign In"), 0): Tapped on element 'Object Repository/Mobile/Page/Login/Button - Sign In'

2021-11-19 07:57:03 - [MESSAGE][WARNING] - Timeout '0' is invalid. Using default page load timeout: '60'

2021-11-19 07:57:04 - [MESSAGE][PASSED] - Tapped on element 'Object Repository/Mobile/Page/Login/Button - Sign In'

2021-11-19 07:57:04 - [MESSAGE][PASSED] - Call Test Case 'Test Cases/Mobile/Page/Login/Login' successfully

2021-11-19 07:57:04 - [TEST_STEP][PASSED] - if (page == "cart"): null

2021-11-19 07:57:04 - [TEST_STEP][PASSED] - tap(findTestObject("Object Repository/Mobile/Page/Transaction/Button - Menubar Transaction"), 0): Tapped on element 'Object Repository/Mobile/Page/Transaction/Button - Menubar Transaction'

2021-11-19 07:57:04 - [MESSAGE][WARNING] - Timeout '0' is invalid. Using default page load timeout: '60'

2021-11-19 07:57:07 - [MESSAGE][PASSED] - Tapped on element 'Object Repository/Mobile/Page/Transaction/Button - Menubar Transaction'

2021-11-19 07:57:07 - [TEST_STEP][PASSED] - delay(1): Delayed 1 second(s)

2021-11-19 07:57:08 - [MESSAGE][PASSED] - Delayed 1 second(s)

2021-11-19 07:57:08 - [TEST_STEP][PASSED] - if (page == "onprocess"): Delayed 1 second(s)

2021-11-19 07:57:08 - [TEST_STEP][PASSED] - if (tab == "subscription"): null

2021-11-19 07:57:08 - [TEST_STEP][PASSED] - else if (tab == "redemption"): Tapped on element 'Object Repository/Mobile/Page/Transaction/On Process/Tab - Redemption'

2021-11-19 07:57:08 - [TEST_STEP][PASSED] - tap(findTestObject("Object Repository/Mobile/Page/Transaction/On Process/Tab - Redemption"), 0): Tapped on element 'Object Repository/Mobile/Page/Transaction/On Process/Tab - Redemption'

2021-11-19 07:57:08 - [MESSAGE][WARNING] - Timeout '0' is invalid. Using default page load timeout: '60'

2021-11-19 07:57:08 - [MESSAGE][PASSED] - Tapped on element 'Object Repository/Mobile/Page/Transaction/On Process/Tab - Redemption'

2021-11-19 07:57:08 - [TEST_STEP][PASSED] - if (action == "detail"): scroll.scroll.scrollBottomToTop is PASSED

2021-11-19 07:57:08 - [TEST_STEP][PASSED] - delay(4): Delayed 4 second(s)

2021-11-19 07:57:12 - [MESSAGE][PASSED] - Delayed 4 second(s)

2021-11-19 07:57:12 - [TEST_STEP][PASSED] - if (tab == "subscription"): null

2021-11-19 07:57:12 - [TEST_STEP][PASSED] - else if (tab == "redemption"): Tapped and held on element 'Object Repository/Mobile/Page/Transaction/On Process/Top Item - Redemption' with duration 1

2021-11-19 07:57:12 - [TEST_STEP][PASSED] - tapAndHold(findTestObject("Mobile/Page/Transaction/On Process/Top Item - Redemption"), 1, 0): Tapped and held on element 'Object Repository/Mobile/Page/Transaction/On Process/Top Item - Redemption' with duration 1

2021-11-19 07:57:13 - [MESSAGE][WARNING] - Timeout '0' is invalid. Using default page load timeout: '60'

2021-11-19 07:57:16 - [MESSAGE][PASSED] - Tapped and held on element 'Object Repository/Mobile/Page/Transaction/On Process/Top Item - Redemption' with duration 1

2021-11-19 07:57:16 - [TEST_STEP][PASSED] - delay(1): Delayed 1 second(s)

2021-11-19 07:57:17 - [MESSAGE][PASSED] - Delayed 1 second(s)

2021-11-19 07:57:17 - [TEST_STEP][PASSED] - scroll.scroll.scrollBottomToTop(): scroll.scroll.scrollBottomToTop is PASSED

2021-11-19 07:57:17 - [MESSAGE][PASSED] - Current device physical height is 1423

2021-11-19 07:57:17 - [MESSAGE][PASSED] - Current device physical width is 720

2021-11-19 07:57:19 - [MESSAGE][PASSED] - Swiped from 360,1,138 to 360,284

2021-11-19 07:57:19 - [MESSAGE][PASSED] - scroll.scroll.scrollBottomToTop is PASSED

2021-11-19 07:57:19 - [TEST_STEP][PASSED] - delay(1): Delayed 1 second(s)

2021-11-19 07:57:20 - [MESSAGE][PASSED] - Delayed 1 second(s)

2021-11-19 07:57:20 - [MESSAGE][PASSED] - Call Test Case 'Test Cases/Mobile/Page/Transaction/Transaction' successfully

2021-11-19 07:57:20 - [TEST_STEP][PASSED] - callTestCase(findTestCase("Mobile/Page/Run App/Terminate App"), [:], STOP_ON_FAILURE): Call Test Case 'Test Cases/Mobile/Page/Run App/Terminate App' successfully

2021-11-19 07:57:20 - [TEST_CASE][PASSED] - Test Cases/Mobile/Page/Run App/Terminate App: Test Cases/Mobile/Page/Run App/Terminate App

2021-11-19 07:57:20 - [TEST_STEP][PASSED] - startApp.OpenApp.terminateApplication(): startApp.OpenApp.terminateApplication is PASSED

2021-11-19 07:57:23 - [MESSAGE][PASSED] - Delayed 3 second(s)

2021-11-19 07:57:23 - [MESSAGE][PASSED] - Current device physical width is 720

2021-11-19 07:57:23 - [MESSAGE][PASSED] - Current device physical height is 1423

2021-11-19 07:57:25 - [MESSAGE][PASSED] - Swiped from 360,853 to 360,142

2021-11-19 07:57:26 - [MESSAGE][PASSED] - Delayed 1 second(s)

2021-11-19 07:57:27 - [MESSAGE][PASSED] - Swiped from 360,853 to 360,142

2021-11-19 07:57:30 - [MESSAGE][PASSED] - Delayed 3 second(s)

2021-11-19 07:57:30 - [MESSAGE][PASSED] - startApp.OpenApp.terminateApplication is PASSED

2021-11-19 07:57:30 - [MESSAGE][PASSED] - Call Test Case 'Test Cases/Mobile/Page/Run App/Terminate App' successfully]]></system-out>
         <system-err><![CDATA[]]></system-err>
      </testcase>
      <testcase name="Test Cases/Mobile/Scenario/Transaction/009 - Melihat detail Transaction berdasarkan ketegori On Process dan Switching" time="74.808" classname="Test Cases/Mobile/Scenario/Transaction/009 - Melihat detail Transaction berdasarkan ketegori On Process dan Switching" status="PASSED">
         <system-out><![CDATA[2021-11-19 07:57:30 - [TEST_CASE][PASSED] - Test Cases/Mobile/Scenario/Transaction/009 - Melihat detail Transaction berdasarkan ketegori On Process dan Switching: Test Cases/Mobile/Scenario/Transaction/009 - Melihat detail Transaction berdasarkan ketegori On Process dan Switching

2021-11-19 07:57:31 - [TEST_STEP][PASSED] - callTestCase(findTestCase("Mobile/Page/Run App/Run App byID"), [:], STOP_ON_FAILURE): Call Test Case 'Test Cases/Mobile/Page/Run App/Run App byID' successfully

2021-11-19 07:57:31 - [TEST_CASE][PASSED] - Test Cases/Mobile/Page/Run App/Run App byID: Test Cases/Mobile/Page/Run App/Run App byID

2021-11-19 07:57:31 - [TEST_STEP][PASSED] - startApp.OpenApp.startApplication("id.co.miraeasset.navi"): startApp.OpenApp.startApplication is PASSED

2021-11-19 07:57:45 - [MESSAGE][PASSED] - Starting app with application ID: 'id.co.miraeasset.navi'

2021-11-19 07:57:45 - [MESSAGE][PASSED] - startApp.OpenApp.startApplication is PASSED

2021-11-19 07:57:45 - [MESSAGE][PASSED] - Call Test Case 'Test Cases/Mobile/Page/Run App/Run App byID' successfully

2021-11-19 07:57:45 - [TEST_STEP][PASSED] - callTestCase(findTestCase("Mobile/Page/Transaction/Transaction"), ["page":"onprocess", "tab":"switching", "action":"detail"], CONTINUE_ON_FAILURE): Call Test Case 'Test Cases/Mobile/Page/Transaction/Transaction' successfully

2021-11-19 07:57:45 - [TEST_CASE][PASSED] - Test Cases/Mobile/Page/Transaction/Transaction: Test Cases/Mobile/Page/Transaction/Transaction

2021-11-19 07:57:45 - [TEST_STEP][PASSED] - delay(5): Delayed 5 second(s)

2021-11-19 07:57:50 - [MESSAGE][PASSED] - Delayed 5 second(s)

2021-11-19 07:57:50 - [TEST_STEP][PASSED] - loginCheck = verifyElementExist(findTestObject("Object Repository/Mobile/Page/Dashboard/Button - Login"), 2, CONTINUE_ON_FAILURE): Element 'Object Repository/Mobile/Page/Dashboard/Button - Login' is exist

2021-11-19 07:57:50 - [MESSAGE][PASSED] - Element 'Object Repository/Mobile/Page/Dashboard/Button - Login' is exist

2021-11-19 07:57:50 - [TEST_STEP][PASSED] - if (loginCheck): Call Test Case 'Test Cases/Mobile/Page/Login/Login' successfully

2021-11-19 07:57:50 - [TEST_STEP][PASSED] - callTestCase(findTestCase("Mobile/Page/Login/Login"), ["isLogin":0]): Call Test Case 'Test Cases/Mobile/Page/Login/Login' successfully

2021-11-19 07:57:50 - [TEST_CASE][PASSED] - Test Cases/Mobile/Page/Login/Login: Test Cases/Mobile/Page/Login/Login

2021-11-19 07:57:50 - [TEST_STEP][PASSED] - if (isLogin == 0): Tapped on element 'Object Repository/Mobile/Page/Dashboard/Button - Login'

2021-11-19 07:57:50 - [TEST_STEP][PASSED] - tap(findTestObject("Mobile/Page/Dashboard/Button - Login"), 0): Tapped on element 'Object Repository/Mobile/Page/Dashboard/Button - Login'

2021-11-19 07:57:50 - [MESSAGE][WARNING] - Timeout '0' is invalid. Using default page load timeout: '60'

2021-11-19 07:57:51 - [MESSAGE][PASSED] - Tapped on element 'Object Repository/Mobile/Page/Dashboard/Button - Login'

2021-11-19 07:57:51 - [TEST_STEP][PASSED] - tap(findTestObject("Mobile/Page/Login/Tap - UserID or Email"), 0): Tapped on element 'Object Repository/Mobile/Page/Login/Tap - UserID or Email'

2021-11-19 07:57:51 - [MESSAGE][WARNING] - Timeout '0' is invalid. Using default page load timeout: '60'

2021-11-19 07:57:52 - [MESSAGE][PASSED] - Tapped on element 'Object Repository/Mobile/Page/Login/Tap - UserID or Email'

2021-11-19 07:57:52 - [TEST_STEP][PASSED] - delay(3): Delayed 3 second(s)

2021-11-19 07:57:55 - [MESSAGE][PASSED] - Delayed 3 second(s)

2021-11-19 07:57:55 - [TEST_STEP][PASSED] - setText(findTestObject("Mobile/Page/Login/Input - UserID or Email"), "ady.pangerang@gmail.com", 0): Text 'ady.pangerang@gmail.com' has been set to element 'Object Repository/Mobile/Page/Login/Input - UserID or Email'

2021-11-19 07:57:56 - [MESSAGE][WARNING] - Timeout '0' is invalid. Using default page load timeout: '60'

2021-11-19 07:57:56 - [MESSAGE][PASSED] - Text 'ady.pangerang@gmail.com' has been set to element 'Object Repository/Mobile/Page/Login/Input - UserID or Email'

2021-11-19 07:57:56 - [TEST_STEP][PASSED] - delay(1): Delayed 1 second(s)

2021-11-19 07:57:57 - [MESSAGE][PASSED] - Delayed 1 second(s)

2021-11-19 07:57:57 - [TEST_STEP][PASSED] - hideKeyboard(): Keyboard is hidden

2021-11-19 07:58:01 - [MESSAGE][PASSED] - Keyboard is hidden

2021-11-19 07:58:01 - [TEST_STEP][PASSED] - delay(1): Delayed 1 second(s)

2021-11-19 07:58:02 - [MESSAGE][PASSED] - Delayed 1 second(s)

2021-11-19 07:58:02 - [TEST_STEP][PASSED] - tap(findTestObject("Mobile/Page/Login/Tap - Password 2"), 0): Tapped on element 'Object Repository/Mobile/Page/Login/Tap - Password 2'

2021-11-19 07:58:02 - [MESSAGE][WARNING] - Timeout '0' is invalid. Using default page load timeout: '60'

2021-11-19 07:58:02 - [MESSAGE][PASSED] - Tapped on element 'Object Repository/Mobile/Page/Login/Tap - Password 2'

2021-11-19 07:58:02 - [TEST_STEP][PASSED] - delay(3): Delayed 3 second(s)

2021-11-19 07:58:05 - [MESSAGE][PASSED] - Delayed 3 second(s)

2021-11-19 07:58:05 - [TEST_STEP][PASSED] - setText(findTestObject("Mobile/Page/Login/Tap - Password 2"), "Mirae1234", 0): Text 'Mirae1234' has been set to element 'Object Repository/Mobile/Page/Login/Tap - Password 2'

2021-11-19 07:58:05 - [MESSAGE][WARNING] - Timeout '0' is invalid. Using default page load timeout: '60'

2021-11-19 07:58:06 - [MESSAGE][PASSED] - Text 'Mirae1234' has been set to element 'Object Repository/Mobile/Page/Login/Tap - Password 2'

2021-11-19 07:58:06 - [TEST_STEP][PASSED] - delay(1): Delayed 1 second(s)

2021-11-19 07:58:07 - [MESSAGE][PASSED] - Delayed 1 second(s)

2021-11-19 07:58:07 - [TEST_STEP][PASSED] - hideKeyboard(): Keyboard is hidden

2021-11-19 07:58:13 - [MESSAGE][PASSED] - Keyboard is hidden

2021-11-19 07:58:13 - [TEST_STEP][PASSED] - delay(1): Delayed 1 second(s)

2021-11-19 07:58:14 - [MESSAGE][PASSED] - Delayed 1 second(s)

2021-11-19 07:58:14 - [TEST_STEP][PASSED] - tap(findTestObject("Mobile/Page/Login/Button - Sign In"), 0): Tapped on element 'Object Repository/Mobile/Page/Login/Button - Sign In'

2021-11-19 07:58:15 - [MESSAGE][WARNING] - Timeout '0' is invalid. Using default page load timeout: '60'

2021-11-19 07:58:15 - [MESSAGE][PASSED] - Tapped on element 'Object Repository/Mobile/Page/Login/Button - Sign In'

2021-11-19 07:58:15 - [MESSAGE][PASSED] - Call Test Case 'Test Cases/Mobile/Page/Login/Login' successfully

2021-11-19 07:58:15 - [TEST_STEP][PASSED] - if (page == "cart"): null

2021-11-19 07:58:15 - [TEST_STEP][PASSED] - tap(findTestObject("Object Repository/Mobile/Page/Transaction/Button - Menubar Transaction"), 0): Tapped on element 'Object Repository/Mobile/Page/Transaction/Button - Menubar Transaction'

2021-11-19 07:58:15 - [MESSAGE][WARNING] - Timeout '0' is invalid. Using default page load timeout: '60'

2021-11-19 07:58:19 - [MESSAGE][PASSED] - Tapped on element 'Object Repository/Mobile/Page/Transaction/Button - Menubar Transaction'

2021-11-19 07:58:19 - [TEST_STEP][PASSED] - delay(1): Delayed 1 second(s)

2021-11-19 07:58:20 - [MESSAGE][PASSED] - Delayed 1 second(s)

2021-11-19 07:58:20 - [TEST_STEP][PASSED] - if (page == "onprocess"): Delayed 1 second(s)

2021-11-19 07:58:20 - [TEST_STEP][PASSED] - if (tab == "subscription"): null

2021-11-19 07:58:20 - [TEST_STEP][PASSED] - else if (tab == "redemption"): null

2021-11-19 07:58:20 - [TEST_STEP][PASSED] - else if (tab == "switching"): Tapped on element 'Object Repository/Mobile/Page/Transaction/On Process/Tab - Switching'

2021-11-19 07:58:20 - [TEST_STEP][PASSED] - element = findTestObject("Object Repository/Mobile/Page/Transaction/On Process/Tab - All"): null

2021-11-19 07:58:20 - [TEST_STEP][PASSED] - scroll.scroll.scrollRightToLeft(element): scroll.scroll.scrollRightToLeft is PASSED

2021-11-19 07:58:20 - [MESSAGE][WARNING] - Timeout '0' is invalid. Using default page load timeout: '60'

2021-11-19 07:58:20 - [MESSAGE][PASSED] - Object 'Object Repository/Mobile/Page/Transaction/On Process/Tab - All' has left position '31'

2021-11-19 07:58:20 - [MESSAGE][WARNING] - Timeout '0' is invalid. Using default page load timeout: '60'

2021-11-19 07:58:20 - [MESSAGE][PASSED] - Object 'Object Repository/Mobile/Page/Transaction/On Process/Tab - All' has top position '255'

2021-11-19 07:58:20 - [MESSAGE][WARNING] - Timeout '0' is invalid. Using default page load timeout: '60'

2021-11-19 07:58:21 - [MESSAGE][PASSED] - Object 'Object Repository/Mobile/Page/Transaction/On Process/Tab - All' has width: '207'

2021-11-19 07:58:21 - [MESSAGE][WARNING] - Timeout '0' is invalid. Using default page load timeout: '60'

2021-11-19 07:58:21 - [MESSAGE][PASSED] - Object 'Object Repository/Mobile/Page/Transaction/On Process/Tab - All' has height: '44'

2021-11-19 07:58:22 - [MESSAGE][PASSED] - Swiped from 196,277 to 72,277

2021-11-19 07:58:22 - [MESSAGE][PASSED] - scroll.scroll.scrollRightToLeft is PASSED

2021-11-19 07:58:22 - [TEST_STEP][PASSED] - tap(findTestObject("Object Repository/Mobile/Page/Transaction/On Process/Tab - Switching"), 0): Tapped on element 'Object Repository/Mobile/Page/Transaction/On Process/Tab - Switching'

2021-11-19 07:58:22 - [MESSAGE][WARNING] - Timeout '0' is invalid. Using default page load timeout: '60'

2021-11-19 07:58:23 - [MESSAGE][PASSED] - Tapped on element 'Object Repository/Mobile/Page/Transaction/On Process/Tab - Switching'

2021-11-19 07:58:23 - [TEST_STEP][PASSED] - if (action == "detail"): scroll.scroll.scrollBottomToTop is PASSED

2021-11-19 07:58:23 - [TEST_STEP][PASSED] - delay(4): Delayed 4 second(s)

2021-11-19 07:58:27 - [MESSAGE][PASSED] - Delayed 4 second(s)

2021-11-19 07:58:27 - [TEST_STEP][PASSED] - if (tab == "subscription"): null

2021-11-19 07:58:27 - [TEST_STEP][PASSED] - else if (tab == "redemption"): null

2021-11-19 07:58:27 - [TEST_STEP][PASSED] - else if (tab == "switching"): Tapped and held on element 'Object Repository/Mobile/Page/Transaction/On Process/Top Item - Switching' with duration 1

2021-11-19 07:58:27 - [TEST_STEP][PASSED] - tapAndHold(findTestObject("Mobile/Page/Transaction/On Process/Top Item - Switching"), 1, 0): Tapped and held on element 'Object Repository/Mobile/Page/Transaction/On Process/Top Item - Switching' with duration 1

2021-11-19 07:58:27 - [MESSAGE][WARNING] - Timeout '0' is invalid. Using default page load timeout: '60'

2021-11-19 07:58:31 - [MESSAGE][PASSED] - Tapped and held on element 'Object Repository/Mobile/Page/Transaction/On Process/Top Item - Switching' with duration 1

2021-11-19 07:58:31 - [TEST_STEP][PASSED] - delay(1): Delayed 1 second(s)

2021-11-19 07:58:32 - [MESSAGE][PASSED] - Delayed 1 second(s)

2021-11-19 07:58:32 - [TEST_STEP][PASSED] - scroll.scroll.scrollBottomToTop(): scroll.scroll.scrollBottomToTop is PASSED

2021-11-19 07:58:32 - [MESSAGE][PASSED] - Current device physical height is 1423

2021-11-19 07:58:32 - [MESSAGE][PASSED] - Current device physical width is 720

2021-11-19 07:58:33 - [MESSAGE][PASSED] - Swiped from 360,1,138 to 360,284

2021-11-19 07:58:33 - [MESSAGE][PASSED] - scroll.scroll.scrollBottomToTop is PASSED

2021-11-19 07:58:33 - [TEST_STEP][PASSED] - delay(1): Delayed 1 second(s)

2021-11-19 07:58:34 - [MESSAGE][PASSED] - Delayed 1 second(s)

2021-11-19 07:58:34 - [MESSAGE][PASSED] - Call Test Case 'Test Cases/Mobile/Page/Transaction/Transaction' successfully

2021-11-19 07:58:34 - [TEST_STEP][PASSED] - callTestCase(findTestCase("Mobile/Page/Run App/Terminate App"), [:], STOP_ON_FAILURE): Call Test Case 'Test Cases/Mobile/Page/Run App/Terminate App' successfully

2021-11-19 07:58:34 - [TEST_CASE][PASSED] - Test Cases/Mobile/Page/Run App/Terminate App: Test Cases/Mobile/Page/Run App/Terminate App

2021-11-19 07:58:34 - [TEST_STEP][PASSED] - startApp.OpenApp.terminateApplication(): startApp.OpenApp.terminateApplication is PASSED

2021-11-19 07:58:38 - [MESSAGE][PASSED] - Delayed 3 second(s)

2021-11-19 07:58:38 - [MESSAGE][PASSED] - Current device physical width is 720

2021-11-19 07:58:38 - [MESSAGE][PASSED] - Current device physical height is 1423

2021-11-19 07:58:39 - [MESSAGE][PASSED] - Swiped from 360,853 to 360,142

2021-11-19 07:58:40 - [MESSAGE][PASSED] - Delayed 1 second(s)

2021-11-19 07:58:42 - [MESSAGE][PASSED] - Swiped from 360,853 to 360,142

2021-11-19 07:58:45 - [MESSAGE][PASSED] - Delayed 3 second(s)

2021-11-19 07:58:45 - [MESSAGE][PASSED] - startApp.OpenApp.terminateApplication is PASSED

2021-11-19 07:58:45 - [MESSAGE][PASSED] - Call Test Case 'Test Cases/Mobile/Page/Run App/Terminate App' successfully]]></system-out>
         <system-err><![CDATA[]]></system-err>
      </testcase>
      <testcase name="Test Cases/Mobile/Scenario/Transaction/010 - Melihat detail Transaction berdasarkan kategori History" time="64.004" classname="Test Cases/Mobile/Scenario/Transaction/010 - Melihat detail Transaction berdasarkan kategori History" status="PASSED">
         <system-out><![CDATA[2021-11-19 07:58:45 - [TEST_CASE][PASSED] - Test Cases/Mobile/Scenario/Transaction/010 - Melihat detail Transaction berdasarkan kategori History: Test Cases/Mobile/Scenario/Transaction/010 - Melihat detail Transaction berdasarkan kategori History

2021-11-19 07:58:45 - [TEST_STEP][PASSED] - callTestCase(findTestCase("Mobile/Page/Run App/Run App byID"), [:], STOP_ON_FAILURE): Call Test Case 'Test Cases/Mobile/Page/Run App/Run App byID' successfully

2021-11-19 07:58:45 - [TEST_CASE][PASSED] - Test Cases/Mobile/Page/Run App/Run App byID: Test Cases/Mobile/Page/Run App/Run App byID

2021-11-19 07:58:45 - [TEST_STEP][PASSED] - startApp.OpenApp.startApplication("id.co.miraeasset.navi"): startApp.OpenApp.startApplication is PASSED

2021-11-19 07:58:58 - [MESSAGE][PASSED] - Starting app with application ID: 'id.co.miraeasset.navi'

2021-11-19 07:58:58 - [MESSAGE][PASSED] - startApp.OpenApp.startApplication is PASSED

2021-11-19 07:58:58 - [MESSAGE][PASSED] - Call Test Case 'Test Cases/Mobile/Page/Run App/Run App byID' successfully

2021-11-19 07:58:58 - [TEST_STEP][PASSED] - callTestCase(findTestCase("Mobile/Page/Transaction/Transaction"), ["page":"history", "tab":"none", "action":"detail"], CONTINUE_ON_FAILURE): Call Test Case 'Test Cases/Mobile/Page/Transaction/Transaction' successfully

2021-11-19 07:58:58 - [TEST_CASE][PASSED] - Test Cases/Mobile/Page/Transaction/Transaction: Test Cases/Mobile/Page/Transaction/Transaction

2021-11-19 07:58:58 - [TEST_STEP][PASSED] - delay(5): Delayed 5 second(s)

2021-11-19 07:59:03 - [MESSAGE][PASSED] - Delayed 5 second(s)

2021-11-19 07:59:03 - [TEST_STEP][PASSED] - loginCheck = verifyElementExist(findTestObject("Object Repository/Mobile/Page/Dashboard/Button - Login"), 2, CONTINUE_ON_FAILURE): Element 'Object Repository/Mobile/Page/Dashboard/Button - Login' is exist

2021-11-19 07:59:03 - [MESSAGE][PASSED] - Element 'Object Repository/Mobile/Page/Dashboard/Button - Login' is exist

2021-11-19 07:59:03 - [TEST_STEP][PASSED] - if (loginCheck): Call Test Case 'Test Cases/Mobile/Page/Login/Login' successfully

2021-11-19 07:59:03 - [TEST_STEP][PASSED] - callTestCase(findTestCase("Mobile/Page/Login/Login"), ["isLogin":0]): Call Test Case 'Test Cases/Mobile/Page/Login/Login' successfully

2021-11-19 07:59:03 - [TEST_CASE][PASSED] - Test Cases/Mobile/Page/Login/Login: Test Cases/Mobile/Page/Login/Login

2021-11-19 07:59:03 - [TEST_STEP][PASSED] - if (isLogin == 0): Tapped on element 'Object Repository/Mobile/Page/Dashboard/Button - Login'

2021-11-19 07:59:03 - [TEST_STEP][PASSED] - tap(findTestObject("Mobile/Page/Dashboard/Button - Login"), 0): Tapped on element 'Object Repository/Mobile/Page/Dashboard/Button - Login'

2021-11-19 07:59:03 - [MESSAGE][WARNING] - Timeout '0' is invalid. Using default page load timeout: '60'

2021-11-19 07:59:04 - [MESSAGE][PASSED] - Tapped on element 'Object Repository/Mobile/Page/Dashboard/Button - Login'

2021-11-19 07:59:04 - [TEST_STEP][PASSED] - tap(findTestObject("Mobile/Page/Login/Tap - UserID or Email"), 0): Tapped on element 'Object Repository/Mobile/Page/Login/Tap - UserID or Email'

2021-11-19 07:59:04 - [MESSAGE][WARNING] - Timeout '0' is invalid. Using default page load timeout: '60'

2021-11-19 07:59:06 - [MESSAGE][PASSED] - Tapped on element 'Object Repository/Mobile/Page/Login/Tap - UserID or Email'

2021-11-19 07:59:06 - [TEST_STEP][PASSED] - delay(3): Delayed 3 second(s)

2021-11-19 07:59:09 - [MESSAGE][PASSED] - Delayed 3 second(s)

2021-11-19 07:59:09 - [TEST_STEP][PASSED] - setText(findTestObject("Mobile/Page/Login/Input - UserID or Email"), "ady.pangerang@gmail.com", 0): Text 'ady.pangerang@gmail.com' has been set to element 'Object Repository/Mobile/Page/Login/Input - UserID or Email'

2021-11-19 07:59:09 - [MESSAGE][WARNING] - Timeout '0' is invalid. Using default page load timeout: '60'

2021-11-19 07:59:09 - [MESSAGE][PASSED] - Text 'ady.pangerang@gmail.com' has been set to element 'Object Repository/Mobile/Page/Login/Input - UserID or Email'

2021-11-19 07:59:09 - [TEST_STEP][PASSED] - delay(1): Delayed 1 second(s)

2021-11-19 07:59:11 - [MESSAGE][PASSED] - Delayed 1 second(s)

2021-11-19 07:59:11 - [TEST_STEP][PASSED] - hideKeyboard(): Keyboard is hidden

2021-11-19 07:59:14 - [MESSAGE][PASSED] - Keyboard is hidden

2021-11-19 07:59:14 - [TEST_STEP][PASSED] - delay(1): Delayed 1 second(s)

2021-11-19 07:59:15 - [MESSAGE][PASSED] - Delayed 1 second(s)

2021-11-19 07:59:15 - [TEST_STEP][PASSED] - tap(findTestObject("Mobile/Page/Login/Tap - Password 2"), 0): Tapped on element 'Object Repository/Mobile/Page/Login/Tap - Password 2'

2021-11-19 07:59:15 - [MESSAGE][WARNING] - Timeout '0' is invalid. Using default page load timeout: '60'

2021-11-19 07:59:16 - [MESSAGE][PASSED] - Tapped on element 'Object Repository/Mobile/Page/Login/Tap - Password 2'

2021-11-19 07:59:16 - [TEST_STEP][PASSED] - delay(3): Delayed 3 second(s)

2021-11-19 07:59:19 - [MESSAGE][PASSED] - Delayed 3 second(s)

2021-11-19 07:59:19 - [TEST_STEP][PASSED] - setText(findTestObject("Mobile/Page/Login/Tap - Password 2"), "Mirae1234", 0): Text 'Mirae1234' has been set to element 'Object Repository/Mobile/Page/Login/Tap - Password 2'

2021-11-19 07:59:19 - [MESSAGE][WARNING] - Timeout '0' is invalid. Using default page load timeout: '60'

2021-11-19 07:59:19 - [MESSAGE][PASSED] - Text 'Mirae1234' has been set to element 'Object Repository/Mobile/Page/Login/Tap - Password 2'

2021-11-19 07:59:19 - [TEST_STEP][PASSED] - delay(1): Delayed 1 second(s)

2021-11-19 07:59:20 - [MESSAGE][PASSED] - Delayed 1 second(s)

2021-11-19 07:59:20 - [TEST_STEP][PASSED] - hideKeyboard(): Keyboard is hidden

2021-11-19 07:59:27 - [MESSAGE][PASSED] - Keyboard is hidden

2021-11-19 07:59:27 - [TEST_STEP][PASSED] - delay(1): Delayed 1 second(s)

2021-11-19 07:59:28 - [MESSAGE][PASSED] - Delayed 1 second(s)

2021-11-19 07:59:28 - [TEST_STEP][PASSED] - tap(findTestObject("Mobile/Page/Login/Button - Sign In"), 0): Tapped on element 'Object Repository/Mobile/Page/Login/Button - Sign In'

2021-11-19 07:59:28 - [MESSAGE][WARNING] - Timeout '0' is invalid. Using default page load timeout: '60'

2021-11-19 07:59:29 - [MESSAGE][PASSED] - Tapped on element 'Object Repository/Mobile/Page/Login/Button - Sign In'

2021-11-19 07:59:29 - [MESSAGE][PASSED] - Call Test Case 'Test Cases/Mobile/Page/Login/Login' successfully

2021-11-19 07:59:29 - [TEST_STEP][PASSED] - if (page == "cart"): null

2021-11-19 07:59:29 - [TEST_STEP][PASSED] - tap(findTestObject("Object Repository/Mobile/Page/Transaction/Button - Menubar Transaction"), 0): Tapped on element 'Object Repository/Mobile/Page/Transaction/Button - Menubar Transaction'

2021-11-19 07:59:29 - [MESSAGE][WARNING] - Timeout '0' is invalid. Using default page load timeout: '60'

2021-11-19 07:59:30 - [MESSAGE][PASSED] - Tapped on element 'Object Repository/Mobile/Page/Transaction/Button - Menubar Transaction'

2021-11-19 07:59:30 - [TEST_STEP][PASSED] - delay(1): Delayed 1 second(s)

2021-11-19 07:59:31 - [MESSAGE][PASSED] - Delayed 1 second(s)

2021-11-19 07:59:31 - [TEST_STEP][PASSED] - if (page == "onprocess"): null

2021-11-19 07:59:31 - [TEST_STEP][PASSED] - else if (page == "history"): Delayed 1 second(s)

2021-11-19 07:59:31 - [TEST_STEP][PASSED] - tap(findTestObject("Object Repository/Mobile/Page/Transaction/Tab - History"), 0): Tapped on element 'Object Repository/Mobile/Page/Transaction/Tab - History'

2021-11-19 07:59:31 - [MESSAGE][WARNING] - Timeout '0' is invalid. Using default page load timeout: '60'

2021-11-19 07:59:32 - [MESSAGE][PASSED] - Tapped on element 'Object Repository/Mobile/Page/Transaction/Tab - History'

2021-11-19 07:59:32 - [TEST_STEP][PASSED] - if (action == "detail"): scroll.scroll.scrollBottomToTop is PASSED

2021-11-19 07:59:32 - [TEST_STEP][PASSED] - tapAndHold(findTestObject("Object Repository/Mobile/Page/Transaction/History/Top Item"), 1, 0): Tapped and held on element 'Object Repository/Mobile/Page/Transaction/History/Top Item' with duration 1

2021-11-19 07:59:32 - [MESSAGE][WARNING] - Timeout '0' is invalid. Using default page load timeout: '60'

2021-11-19 07:59:36 - [MESSAGE][PASSED] - Tapped and held on element 'Object Repository/Mobile/Page/Transaction/History/Top Item' with duration 1

2021-11-19 07:59:36 - [TEST_STEP][PASSED] - scroll.scroll.scrollBottomToTop(): scroll.scroll.scrollBottomToTop is PASSED

2021-11-19 07:59:36 - [MESSAGE][PASSED] - Current device physical height is 1423

2021-11-19 07:59:36 - [MESSAGE][PASSED] - Current device physical width is 720

2021-11-19 07:59:37 - [MESSAGE][PASSED] - Swiped from 360,1,138 to 360,284

2021-11-19 07:59:37 - [MESSAGE][PASSED] - scroll.scroll.scrollBottomToTop is PASSED

2021-11-19 07:59:37 - [TEST_STEP][PASSED] - delay(1): Delayed 1 second(s)

2021-11-19 07:59:38 - [MESSAGE][PASSED] - Delayed 1 second(s)

2021-11-19 07:59:38 - [MESSAGE][PASSED] - Call Test Case 'Test Cases/Mobile/Page/Transaction/Transaction' successfully

2021-11-19 07:59:38 - [TEST_STEP][PASSED] - callTestCase(findTestCase("Mobile/Page/Run App/Terminate App"), [:], STOP_ON_FAILURE): Call Test Case 'Test Cases/Mobile/Page/Run App/Terminate App' successfully

2021-11-19 07:59:39 - [TEST_CASE][PASSED] - Test Cases/Mobile/Page/Run App/Terminate App: Test Cases/Mobile/Page/Run App/Terminate App

2021-11-19 07:59:39 - [TEST_STEP][PASSED] - startApp.OpenApp.terminateApplication(): startApp.OpenApp.terminateApplication is PASSED

2021-11-19 07:59:42 - [MESSAGE][PASSED] - Delayed 3 second(s)

2021-11-19 07:59:42 - [MESSAGE][PASSED] - Current device physical width is 720

2021-11-19 07:59:42 - [MESSAGE][PASSED] - Current device physical height is 1423

2021-11-19 07:59:44 - [MESSAGE][PASSED] - Swiped from 360,853 to 360,142

2021-11-19 07:59:45 - [MESSAGE][PASSED] - Delayed 1 second(s)

2021-11-19 07:59:46 - [MESSAGE][PASSED] - Swiped from 360,853 to 360,142

2021-11-19 07:59:49 - [MESSAGE][PASSED] - Delayed 3 second(s)

2021-11-19 07:59:49 - [MESSAGE][PASSED] - startApp.OpenApp.terminateApplication is PASSED

2021-11-19 07:59:49 - [MESSAGE][PASSED] - Call Test Case 'Test Cases/Mobile/Page/Run App/Terminate App' successfully]]></system-out>
         <system-err><![CDATA[]]></system-err>
      </testcase>
      <testcase name="Test Cases/Mobile/Scenario/Transaction/011 - Melihat keranjang" time="88.266" classname="Test Cases/Mobile/Scenario/Transaction/011 - Melihat keranjang" status="PASSED">
         <system-out><![CDATA[2021-11-19 07:59:49 - [TEST_CASE][PASSED] - Test Cases/Mobile/Scenario/Transaction/011 - Melihat keranjang: Test Cases/Mobile/Scenario/Transaction/011 - Melihat keranjang

2021-11-19 07:59:49 - [TEST_STEP][PASSED] - callTestCase(findTestCase("Mobile/Page/Run App/Run App byID"), [:], STOP_ON_FAILURE): Call Test Case 'Test Cases/Mobile/Page/Run App/Run App byID' successfully

2021-11-19 07:59:49 - [TEST_CASE][PASSED] - Test Cases/Mobile/Page/Run App/Run App byID: Test Cases/Mobile/Page/Run App/Run App byID

2021-11-19 07:59:49 - [TEST_STEP][PASSED] - startApp.OpenApp.startApplication("id.co.miraeasset.navi"): startApp.OpenApp.startApplication is PASSED

2021-11-19 08:00:02 - [MESSAGE][PASSED] - Starting app with application ID: 'id.co.miraeasset.navi'

2021-11-19 08:00:02 - [MESSAGE][PASSED] - startApp.OpenApp.startApplication is PASSED

2021-11-19 08:00:02 - [MESSAGE][PASSED] - Call Test Case 'Test Cases/Mobile/Page/Run App/Run App byID' successfully

2021-11-19 08:00:02 - [TEST_STEP][PASSED] - callTestCase(findTestCase("Mobile/Page/Transaction/Transaction"), ["page":"cart", "tab":"none", "action":"none"], CONTINUE_ON_FAILURE): Call Test Case 'Test Cases/Mobile/Page/Transaction/Transaction' successfully

2021-11-19 08:00:02 - [TEST_CASE][PASSED] - Test Cases/Mobile/Page/Transaction/Transaction: Test Cases/Mobile/Page/Transaction/Transaction

2021-11-19 08:00:02 - [TEST_STEP][PASSED] - delay(5): Delayed 5 second(s)

2021-11-19 08:00:07 - [MESSAGE][PASSED] - Delayed 5 second(s)

2021-11-19 08:00:07 - [TEST_STEP][PASSED] - loginCheck = verifyElementExist(findTestObject("Object Repository/Mobile/Page/Dashboard/Button - Login"), 2, CONTINUE_ON_FAILURE): Element 'Object Repository/Mobile/Page/Dashboard/Button - Login' is exist

2021-11-19 08:00:08 - [MESSAGE][PASSED] - Element 'Object Repository/Mobile/Page/Dashboard/Button - Login' is exist

2021-11-19 08:00:08 - [TEST_STEP][PASSED] - if (loginCheck): Call Test Case 'Test Cases/Mobile/Page/Login/Login' successfully

2021-11-19 08:00:08 - [TEST_STEP][PASSED] - callTestCase(findTestCase("Mobile/Page/Login/Login"), ["isLogin":0]): Call Test Case 'Test Cases/Mobile/Page/Login/Login' successfully

2021-11-19 08:00:08 - [TEST_CASE][PASSED] - Test Cases/Mobile/Page/Login/Login: Test Cases/Mobile/Page/Login/Login

2021-11-19 08:00:08 - [TEST_STEP][PASSED] - if (isLogin == 0): Tapped on element 'Object Repository/Mobile/Page/Dashboard/Button - Login'

2021-11-19 08:00:08 - [TEST_STEP][PASSED] - tap(findTestObject("Mobile/Page/Dashboard/Button - Login"), 0): Tapped on element 'Object Repository/Mobile/Page/Dashboard/Button - Login'

2021-11-19 08:00:08 - [MESSAGE][WARNING] - Timeout '0' is invalid. Using default page load timeout: '60'

2021-11-19 08:00:08 - [MESSAGE][PASSED] - Tapped on element 'Object Repository/Mobile/Page/Dashboard/Button - Login'

2021-11-19 08:00:08 - [TEST_STEP][PASSED] - tap(findTestObject("Mobile/Page/Login/Tap - UserID or Email"), 0): Tapped on element 'Object Repository/Mobile/Page/Login/Tap - UserID or Email'

2021-11-19 08:00:09 - [MESSAGE][WARNING] - Timeout '0' is invalid. Using default page load timeout: '60'

2021-11-19 08:00:12 - [MESSAGE][PASSED] - Tapped on element 'Object Repository/Mobile/Page/Login/Tap - UserID or Email'

2021-11-19 08:00:12 - [TEST_STEP][PASSED] - delay(3): Delayed 3 second(s)

2021-11-19 08:00:15 - [MESSAGE][PASSED] - Delayed 3 second(s)

2021-11-19 08:00:15 - [TEST_STEP][PASSED] - setText(findTestObject("Mobile/Page/Login/Input - UserID or Email"), "ady.pangerang@gmail.com", 0): Text 'ady.pangerang@gmail.com' has been set to element 'Object Repository/Mobile/Page/Login/Input - UserID or Email'

2021-11-19 08:00:15 - [MESSAGE][WARNING] - Timeout '0' is invalid. Using default page load timeout: '60'

2021-11-19 08:00:15 - [MESSAGE][PASSED] - Text 'ady.pangerang@gmail.com' has been set to element 'Object Repository/Mobile/Page/Login/Input - UserID or Email'

2021-11-19 08:00:15 - [TEST_STEP][PASSED] - delay(1): Delayed 1 second(s)

2021-11-19 08:00:16 - [MESSAGE][PASSED] - Delayed 1 second(s)

2021-11-19 08:00:16 - [TEST_STEP][PASSED] - hideKeyboard(): Keyboard is hidden

2021-11-19 08:00:20 - [MESSAGE][PASSED] - Keyboard is hidden

2021-11-19 08:00:20 - [TEST_STEP][PASSED] - delay(1): Delayed 1 second(s)

2021-11-19 08:00:21 - [MESSAGE][PASSED] - Delayed 1 second(s)

2021-11-19 08:00:21 - [TEST_STEP][PASSED] - tap(findTestObject("Mobile/Page/Login/Tap - Password 2"), 0): Tapped on element 'Object Repository/Mobile/Page/Login/Tap - Password 2'

2021-11-19 08:00:21 - [MESSAGE][WARNING] - Timeout '0' is invalid. Using default page load timeout: '60'

2021-11-19 08:00:22 - [MESSAGE][PASSED] - Tapped on element 'Object Repository/Mobile/Page/Login/Tap - Password 2'

2021-11-19 08:00:22 - [TEST_STEP][PASSED] - delay(3): Delayed 3 second(s)

2021-11-19 08:00:25 - [MESSAGE][PASSED] - Delayed 3 second(s)

2021-11-19 08:00:25 - [TEST_STEP][PASSED] - setText(findTestObject("Mobile/Page/Login/Tap - Password 2"), "Mirae1234", 0): Text 'Mirae1234' has been set to element 'Object Repository/Mobile/Page/Login/Tap - Password 2'

2021-11-19 08:00:25 - [MESSAGE][WARNING] - Timeout '0' is invalid. Using default page load timeout: '60'

2021-11-19 08:00:25 - [MESSAGE][PASSED] - Text 'Mirae1234' has been set to element 'Object Repository/Mobile/Page/Login/Tap - Password 2'

2021-11-19 08:00:25 - [TEST_STEP][PASSED] - delay(1): Delayed 1 second(s)

2021-11-19 08:00:26 - [MESSAGE][PASSED] - Delayed 1 second(s)

2021-11-19 08:00:26 - [TEST_STEP][PASSED] - hideKeyboard(): Keyboard is hidden

2021-11-19 08:00:33 - [MESSAGE][PASSED] - Keyboard is hidden

2021-11-19 08:00:33 - [TEST_STEP][PASSED] - delay(1): Delayed 1 second(s)

2021-11-19 08:00:34 - [MESSAGE][PASSED] - Delayed 1 second(s)

2021-11-19 08:00:34 - [TEST_STEP][PASSED] - tap(findTestObject("Mobile/Page/Login/Button - Sign In"), 0): Tapped on element 'Object Repository/Mobile/Page/Login/Button - Sign In'

2021-11-19 08:00:34 - [MESSAGE][WARNING] - Timeout '0' is invalid. Using default page load timeout: '60'

2021-11-19 08:00:36 - [MESSAGE][PASSED] - Tapped on element 'Object Repository/Mobile/Page/Login/Button - Sign In'

2021-11-19 08:00:36 - [MESSAGE][PASSED] - Call Test Case 'Test Cases/Mobile/Page/Login/Login' successfully

2021-11-19 08:00:36 - [TEST_STEP][PASSED] - if (page == "cart"): Call Test Case 'Test Cases/Mobile/Scenario/Transaction/Add Product to Cart' successfully

2021-11-19 08:00:36 - [TEST_STEP][PASSED] - callTestCase(findTestCase("Mobile/Scenario/Transaction/Add Product to Cart"), [:], STOP_ON_FAILURE): Call Test Case 'Test Cases/Mobile/Scenario/Transaction/Add Product to Cart' successfully

2021-11-19 08:00:36 - [TEST_CASE][PASSED] - Test Cases/Mobile/Scenario/Transaction/Add Product to Cart: Test Cases/Mobile/Scenario/Transaction/Add Product to Cart

2021-11-19 08:00:37 - [TEST_STEP][PASSED] - tap(findTestObject("Object Repository/Mobile/Page/Home/Button - Product"), 0): Tapped on element 'Object Repository/Mobile/Page/Home/Button - Product'

2021-11-19 08:00:37 - [MESSAGE][WARNING] - Timeout '0' is invalid. Using default page load timeout: '60'

2021-11-19 08:00:39 - [MESSAGE][PASSED] - Tapped on element 'Object Repository/Mobile/Page/Home/Button - Product'

2021-11-19 08:00:39 - [TEST_STEP][PASSED] - delay(3): Delayed 3 second(s)

2021-11-19 08:00:42 - [MESSAGE][PASSED] - Delayed 3 second(s)

2021-11-19 08:00:42 - [TEST_STEP][PASSED] - tap(findTestObject("Object Repository/Mobile/Page/Transaction/Object for Add to Cart/Button - Buy Top Item"), 0): Tapped on element 'Object Repository/Mobile/Page/Transaction/Object for Add to Cart/Button - Buy Top Item'

2021-11-19 08:00:42 - [MESSAGE][WARNING] - Timeout '0' is invalid. Using default page load timeout: '60'

2021-11-19 08:00:42 - [MESSAGE][PASSED] - Tapped on element 'Object Repository/Mobile/Page/Transaction/Object for Add to Cart/Button - Buy Top Item'

2021-11-19 08:00:42 - [TEST_STEP][PASSED] - delay(3): Delayed 3 second(s)

2021-11-19 08:00:45 - [MESSAGE][PASSED] - Delayed 3 second(s)

2021-11-19 08:00:45 - [TEST_STEP][PASSED] - tap(findTestObject("Object Repository/Mobile/Page/Transaction/Object for Add to Cart/Button - Purchase Amount 500k"), 0): Tapped on element 'Object Repository/Mobile/Page/Transaction/Object for Add to Cart/Button - Purchase Amount 500k'

2021-11-19 08:00:45 - [MESSAGE][WARNING] - Timeout '0' is invalid. Using default page load timeout: '60'

2021-11-19 08:00:46 - [MESSAGE][PASSED] - Tapped on element 'Object Repository/Mobile/Page/Transaction/Object for Add to Cart/Button - Purchase Amount 500k'

2021-11-19 08:00:46 - [TEST_STEP][PASSED] - element = findTestObject("Object Repository/Mobile/Page/Transaction/Object for Add to Cart/Checkbox - Agreement Prospectus"): null

2021-11-19 08:00:47 - [TEST_STEP][PASSED] - left_position = getElementLeftPosition(element, 0): Object 'Object Repository/Mobile/Page/Transaction/Object for Add to Cart/Checkbox - Agreement Prospectus' has left position '0'

2021-11-19 08:00:47 - [MESSAGE][WARNING] - Timeout '0' is invalid. Using default page load timeout: '60'

2021-11-19 08:00:47 - [MESSAGE][PASSED] - Object 'Object Repository/Mobile/Page/Transaction/Object for Add to Cart/Checkbox - Agreement Prospectus' has left position '0'

2021-11-19 08:00:47 - [TEST_STEP][PASSED] - top_position = getElementTopPosition(element, 0): Object 'Object Repository/Mobile/Page/Transaction/Object for Add to Cart/Checkbox - Agreement Prospectus' has top position '1,128'

2021-11-19 08:00:47 - [MESSAGE][WARNING] - Timeout '0' is invalid. Using default page load timeout: '60'

2021-11-19 08:00:47 - [MESSAGE][PASSED] - Object 'Object Repository/Mobile/Page/Transaction/Object for Add to Cart/Checkbox - Agreement Prospectus' has top position '1,128'

2021-11-19 08:00:47 - [TEST_STEP][PASSED] - height = getElementHeight(element, 0): Object 'Object Repository/Mobile/Page/Transaction/Object for Add to Cart/Checkbox - Agreement Prospectus' has height: '145'

2021-11-19 08:00:47 - [MESSAGE][WARNING] - Timeout '0' is invalid. Using default page load timeout: '60'

2021-11-19 08:00:47 - [MESSAGE][PASSED] - Object 'Object Repository/Mobile/Page/Transaction/Object for Add to Cart/Checkbox - Agreement Prospectus' has height: '145'

2021-11-19 08:00:47 - [TEST_STEP][PASSED] - y = top_position + height / 2: null

2021-11-19 08:00:47 - [TEST_STEP][PASSED] - x = getDeviceWidth() * 0.085: Current device physical width is 720

2021-11-19 08:00:47 - [MESSAGE][PASSED] - Current device physical width is 720

2021-11-19 08:00:47 - [TEST_STEP][PASSED] - tapAtPosition(x, y): Tapped at [61, 1,200]

2021-11-19 08:00:48 - [MESSAGE][PASSED] - Tapped at [61, 1,200]

2021-11-19 08:00:48 - [TEST_STEP][PASSED] - scroll.scroll.scrollBottomToTop(): scroll.scroll.scrollBottomToTop is PASSED

2021-11-19 08:00:49 - [MESSAGE][PASSED] - Current device physical height is 1423

2021-11-19 08:00:49 - [MESSAGE][PASSED] - Current device physical width is 720

2021-11-19 08:00:50 - [MESSAGE][PASSED] - Swiped from 360,1,138 to 360,284

2021-11-19 08:00:50 - [MESSAGE][PASSED] - scroll.scroll.scrollBottomToTop is PASSED

2021-11-19 08:00:50 - [TEST_STEP][PASSED] - tap(findTestObject("Object Repository/Mobile/Page/Transaction/Object for Add to Cart/Button - Add to Cart"), 0): Tapped on element 'Object Repository/Mobile/Page/Transaction/Object for Add to Cart/Button - Add to Cart'

2021-11-19 08:00:50 - [MESSAGE][WARNING] - Timeout '0' is invalid. Using default page load timeout: '60'

2021-11-19 08:00:51 - [MESSAGE][PASSED] - Tapped on element 'Object Repository/Mobile/Page/Transaction/Object for Add to Cart/Button - Add to Cart'

2021-11-19 08:00:51 - [TEST_STEP][PASSED] - delay(2): Delayed 2 second(s)

2021-11-19 08:00:53 - [MESSAGE][PASSED] - Delayed 2 second(s)

2021-11-19 08:00:53 - [TEST_STEP][PASSED] - tap(findTestObject("Object Repository/Mobile/Page/Transaction/Object for Add to Cart/Button - View Cart"), 0): Tapped on element 'Object Repository/Mobile/Page/Transaction/Object for Add to Cart/Button - View Cart'

2021-11-19 08:00:54 - [MESSAGE][WARNING] - Timeout '0' is invalid. Using default page load timeout: '60'

2021-11-19 08:00:55 - [MESSAGE][PASSED] - Tapped on element 'Object Repository/Mobile/Page/Transaction/Object for Add to Cart/Button - View Cart'

2021-11-19 08:00:55 - [TEST_STEP][PASSED] - delay(3): Delayed 3 second(s)

2021-11-19 08:00:58 - [MESSAGE][PASSED] - Delayed 3 second(s)

2021-11-19 08:00:58 - [TEST_STEP][PASSED] - pressBack(): Press back button successfully

2021-11-19 08:00:59 - [MESSAGE][PASSED] - Press back button successfully

2021-11-19 08:00:59 - [TEST_STEP][PASSED] - delay(1): Delayed 1 second(s)

2021-11-19 08:01:00 - [MESSAGE][PASSED] - Delayed 1 second(s)

2021-11-19 08:01:00 - [MESSAGE][PASSED] - Call Test Case 'Test Cases/Mobile/Scenario/Transaction/Add Product to Cart' successfully

2021-11-19 08:01:00 - [TEST_STEP][PASSED] - tap(findTestObject("Object Repository/Mobile/Page/Transaction/Button - Menubar Transaction"), 0): Tapped on element 'Object Repository/Mobile/Page/Transaction/Button - Menubar Transaction'

2021-11-19 08:01:00 - [MESSAGE][WARNING] - Timeout '0' is invalid. Using default page load timeout: '60'

2021-11-19 08:01:01 - [MESSAGE][PASSED] - Tapped on element 'Object Repository/Mobile/Page/Transaction/Button - Menubar Transaction'

2021-11-19 08:01:01 - [TEST_STEP][PASSED] - delay(1): Delayed 1 second(s)

2021-11-19 08:01:02 - [MESSAGE][PASSED] - Delayed 1 second(s)

2021-11-19 08:01:02 - [TEST_STEP][PASSED] - if (page == "onprocess"): null

2021-11-19 08:01:02 - [TEST_STEP][PASSED] - else if (page == "history"): null

2021-11-19 08:01:02 - [TEST_STEP][PASSED] - else if (page == "cart"): Delayed 1 second(s)

2021-11-19 08:01:02 - [TEST_STEP][PASSED] - tapAndHold(findTestObject("Object Repository/Mobile/Page/Transaction/Button - Icon Cart"), 1, 0): Tapped and held on element 'Object Repository/Mobile/Page/Transaction/Button - Icon Cart' with duration 1

2021-11-19 08:01:02 - [MESSAGE][WARNING] - Timeout '0' is invalid. Using default page load timeout: '60'

2021-11-19 08:01:06 - [MESSAGE][PASSED] - Tapped and held on element 'Object Repository/Mobile/Page/Transaction/Button - Icon Cart' with duration 1

2021-11-19 08:01:06 - [TEST_STEP][PASSED] - if (action == "deleteitem"): null

2021-11-19 08:01:06 - [TEST_STEP][PASSED] - delay(1): Delayed 1 second(s)

2021-11-19 08:01:07 - [MESSAGE][PASSED] - Delayed 1 second(s)

2021-11-19 08:01:07 - [MESSAGE][PASSED] - Call Test Case 'Test Cases/Mobile/Page/Transaction/Transaction' successfully

2021-11-19 08:01:07 - [TEST_STEP][PASSED] - callTestCase(findTestCase("Mobile/Page/Run App/Terminate App"), [:], STOP_ON_FAILURE): Call Test Case 'Test Cases/Mobile/Page/Run App/Terminate App' successfully

2021-11-19 08:01:07 - [TEST_CASE][PASSED] - Test Cases/Mobile/Page/Run App/Terminate App: Test Cases/Mobile/Page/Run App/Terminate App

2021-11-19 08:01:07 - [TEST_STEP][PASSED] - startApp.OpenApp.terminateApplication(): startApp.OpenApp.terminateApplication is PASSED

2021-11-19 08:01:10 - [MESSAGE][PASSED] - Delayed 3 second(s)

2021-11-19 08:01:10 - [MESSAGE][PASSED] - Current device physical width is 720

2021-11-19 08:01:10 - [MESSAGE][PASSED] - Current device physical height is 1423

2021-11-19 08:01:12 - [MESSAGE][PASSED] - Swiped from 360,853 to 360,142

2021-11-19 08:01:13 - [MESSAGE][PASSED] - Delayed 1 second(s)

2021-11-19 08:01:14 - [MESSAGE][PASSED] - Swiped from 360,853 to 360,142

2021-11-19 08:01:17 - [MESSAGE][PASSED] - Delayed 3 second(s)

2021-11-19 08:01:17 - [MESSAGE][PASSED] - startApp.OpenApp.terminateApplication is PASSED

2021-11-19 08:01:17 - [MESSAGE][PASSED] - Call Test Case 'Test Cases/Mobile/Page/Run App/Terminate App' successfully]]></system-out>
         <system-err><![CDATA[]]></system-err>
      </testcase>
      <testcase name="Test Cases/Mobile/Scenario/Transaction/012 - Melihat notifikasi" time="71.272" classname="Test Cases/Mobile/Scenario/Transaction/012 - Melihat notifikasi" status="PASSED">
         <system-out><![CDATA[2021-11-19 08:01:17 - [TEST_CASE][PASSED] - Test Cases/Mobile/Scenario/Transaction/012 - Melihat notifikasi: Test Cases/Mobile/Scenario/Transaction/012 - Melihat notifikasi

2021-11-19 08:01:18 - [TEST_STEP][PASSED] - callTestCase(findTestCase("Mobile/Page/Run App/Run App byID"), [:], STOP_ON_FAILURE): Call Test Case 'Test Cases/Mobile/Page/Run App/Run App byID' successfully

2021-11-19 08:01:18 - [TEST_CASE][PASSED] - Test Cases/Mobile/Page/Run App/Run App byID: Test Cases/Mobile/Page/Run App/Run App byID

2021-11-19 08:01:18 - [TEST_STEP][PASSED] - startApp.OpenApp.startApplication("id.co.miraeasset.navi"): startApp.OpenApp.startApplication is PASSED

2021-11-19 08:01:31 - [MESSAGE][PASSED] - Starting app with application ID: 'id.co.miraeasset.navi'

2021-11-19 08:01:31 - [MESSAGE][PASSED] - startApp.OpenApp.startApplication is PASSED

2021-11-19 08:01:31 - [MESSAGE][PASSED] - Call Test Case 'Test Cases/Mobile/Page/Run App/Run App byID' successfully

2021-11-19 08:01:31 - [TEST_STEP][PASSED] - callTestCase(findTestCase("Mobile/Page/Transaction/Transaction"), ["page":"notification", "tab":"none", "action":"none"], CONTINUE_ON_FAILURE): Call Test Case 'Test Cases/Mobile/Page/Transaction/Transaction' successfully

2021-11-19 08:01:31 - [TEST_CASE][PASSED] - Test Cases/Mobile/Page/Transaction/Transaction: Test Cases/Mobile/Page/Transaction/Transaction

2021-11-19 08:01:31 - [TEST_STEP][PASSED] - delay(5): Delayed 5 second(s)

2021-11-19 08:01:36 - [MESSAGE][PASSED] - Delayed 5 second(s)

2021-11-19 08:01:36 - [TEST_STEP][PASSED] - loginCheck = verifyElementExist(findTestObject("Object Repository/Mobile/Page/Dashboard/Button - Login"), 2, CONTINUE_ON_FAILURE): Element 'Object Repository/Mobile/Page/Dashboard/Button - Login' is exist

2021-11-19 08:01:36 - [MESSAGE][PASSED] - Element 'Object Repository/Mobile/Page/Dashboard/Button - Login' is exist

2021-11-19 08:01:36 - [TEST_STEP][PASSED] - if (loginCheck): Call Test Case 'Test Cases/Mobile/Page/Login/Login' successfully

2021-11-19 08:01:36 - [TEST_STEP][PASSED] - callTestCase(findTestCase("Mobile/Page/Login/Login"), ["isLogin":0]): Call Test Case 'Test Cases/Mobile/Page/Login/Login' successfully

2021-11-19 08:01:36 - [TEST_CASE][PASSED] - Test Cases/Mobile/Page/Login/Login: Test Cases/Mobile/Page/Login/Login

2021-11-19 08:01:36 - [TEST_STEP][PASSED] - if (isLogin == 0): Tapped on element 'Object Repository/Mobile/Page/Dashboard/Button - Login'

2021-11-19 08:01:36 - [TEST_STEP][PASSED] - tap(findTestObject("Mobile/Page/Dashboard/Button - Login"), 0): Tapped on element 'Object Repository/Mobile/Page/Dashboard/Button - Login'

2021-11-19 08:01:37 - [MESSAGE][WARNING] - Timeout '0' is invalid. Using default page load timeout: '60'

2021-11-19 08:01:37 - [MESSAGE][PASSED] - Tapped on element 'Object Repository/Mobile/Page/Dashboard/Button - Login'

2021-11-19 08:01:37 - [TEST_STEP][PASSED] - tap(findTestObject("Mobile/Page/Login/Tap - UserID or Email"), 0): Tapped on element 'Object Repository/Mobile/Page/Login/Tap - UserID or Email'

2021-11-19 08:01:38 - [MESSAGE][WARNING] - Timeout '0' is invalid. Using default page load timeout: '60'

2021-11-19 08:01:41 - [MESSAGE][PASSED] - Tapped on element 'Object Repository/Mobile/Page/Login/Tap - UserID or Email'

2021-11-19 08:01:41 - [TEST_STEP][PASSED] - delay(3): Delayed 3 second(s)

2021-11-19 08:01:44 - [MESSAGE][PASSED] - Delayed 3 second(s)

2021-11-19 08:01:44 - [TEST_STEP][PASSED] - setText(findTestObject("Mobile/Page/Login/Input - UserID or Email"), "ady.pangerang@gmail.com", 0): Text 'ady.pangerang@gmail.com' has been set to element 'Object Repository/Mobile/Page/Login/Input - UserID or Email'

2021-11-19 08:01:44 - [MESSAGE][WARNING] - Timeout '0' is invalid. Using default page load timeout: '60'

2021-11-19 08:01:44 - [MESSAGE][PASSED] - Text 'ady.pangerang@gmail.com' has been set to element 'Object Repository/Mobile/Page/Login/Input - UserID or Email'

2021-11-19 08:01:44 - [TEST_STEP][PASSED] - delay(1): Delayed 1 second(s)

2021-11-19 08:01:45 - [MESSAGE][PASSED] - Delayed 1 second(s)

2021-11-19 08:01:45 - [TEST_STEP][PASSED] - hideKeyboard(): Keyboard is hidden

2021-11-19 08:01:52 - [MESSAGE][PASSED] - Keyboard is hidden

2021-11-19 08:01:52 - [TEST_STEP][PASSED] - delay(1): Delayed 1 second(s)

2021-11-19 08:01:53 - [MESSAGE][PASSED] - Delayed 1 second(s)

2021-11-19 08:01:53 - [TEST_STEP][PASSED] - tap(findTestObject("Mobile/Page/Login/Tap - Password 2"), 0): Tapped on element 'Object Repository/Mobile/Page/Login/Tap - Password 2'

2021-11-19 08:01:53 - [MESSAGE][WARNING] - Timeout '0' is invalid. Using default page load timeout: '60'

2021-11-19 08:01:54 - [MESSAGE][PASSED] - Tapped on element 'Object Repository/Mobile/Page/Login/Tap - Password 2'

2021-11-19 08:01:54 - [TEST_STEP][PASSED] - delay(3): Delayed 3 second(s)

2021-11-19 08:01:57 - [MESSAGE][PASSED] - Delayed 3 second(s)

2021-11-19 08:01:57 - [TEST_STEP][PASSED] - setText(findTestObject("Mobile/Page/Login/Tap - Password 2"), "Mirae1234", 0): Text 'Mirae1234' has been set to element 'Object Repository/Mobile/Page/Login/Tap - Password 2'

2021-11-19 08:01:57 - [MESSAGE][WARNING] - Timeout '0' is invalid. Using default page load timeout: '60'

2021-11-19 08:01:57 - [MESSAGE][PASSED] - Text 'Mirae1234' has been set to element 'Object Repository/Mobile/Page/Login/Tap - Password 2'

2021-11-19 08:01:57 - [TEST_STEP][PASSED] - delay(1): Delayed 1 second(s)

2021-11-19 08:01:58 - [MESSAGE][PASSED] - Delayed 1 second(s)

2021-11-19 08:01:58 - [TEST_STEP][PASSED] - hideKeyboard(): Keyboard is hidden

2021-11-19 08:02:06 - [MESSAGE][PASSED] - Keyboard is hidden

2021-11-19 08:02:06 - [TEST_STEP][PASSED] - delay(1): Delayed 1 second(s)

2021-11-19 08:02:07 - [MESSAGE][PASSED] - Delayed 1 second(s)

2021-11-19 08:02:07 - [TEST_STEP][PASSED] - tap(findTestObject("Mobile/Page/Login/Button - Sign In"), 0): Tapped on element 'Object Repository/Mobile/Page/Login/Button - Sign In'

2021-11-19 08:02:07 - [MESSAGE][WARNING] - Timeout '0' is invalid. Using default page load timeout: '60'

2021-11-19 08:02:09 - [MESSAGE][PASSED] - Tapped on element 'Object Repository/Mobile/Page/Login/Button - Sign In'

2021-11-19 08:02:09 - [MESSAGE][PASSED] - Call Test Case 'Test Cases/Mobile/Page/Login/Login' successfully

2021-11-19 08:02:09 - [TEST_STEP][PASSED] - if (page == "cart"): null

2021-11-19 08:02:09 - [TEST_STEP][PASSED] - tap(findTestObject("Object Repository/Mobile/Page/Transaction/Button - Menubar Transaction"), 0): Tapped on element 'Object Repository/Mobile/Page/Transaction/Button - Menubar Transaction'

2021-11-19 08:02:09 - [MESSAGE][WARNING] - Timeout '0' is invalid. Using default page load timeout: '60'

2021-11-19 08:02:10 - [MESSAGE][PASSED] - Tapped on element 'Object Repository/Mobile/Page/Transaction/Button - Menubar Transaction'

2021-11-19 08:02:10 - [TEST_STEP][PASSED] - delay(1): Delayed 1 second(s)

2021-11-19 08:02:11 - [MESSAGE][PASSED] - Delayed 1 second(s)

2021-11-19 08:02:11 - [TEST_STEP][PASSED] - if (page == "onprocess"): null

2021-11-19 08:02:11 - [TEST_STEP][PASSED] - else if (page == "history"): null

2021-11-19 08:02:11 - [TEST_STEP][PASSED] - else if (page == "cart"): null

2021-11-19 08:02:11 - [TEST_STEP][PASSED] - else if (page == "notification"): Delayed 1 second(s)

2021-11-19 08:02:11 - [TEST_STEP][PASSED] - tapAndHold(findTestObject("Mobile/Page/Transaction/Button - Icon Notification"), 1, 0): Tapped and held on element 'Object Repository/Mobile/Page/Transaction/Button - Icon Notification' with duration 1

2021-11-19 08:02:11 - [MESSAGE][WARNING] - Timeout '0' is invalid. Using default page load timeout: '60'

2021-11-19 08:02:14 - [MESSAGE][PASSED] - Tapped and held on element 'Object Repository/Mobile/Page/Transaction/Button - Icon Notification' with duration 1

2021-11-19 08:02:14 - [TEST_STEP][PASSED] - delay(3): Delayed 3 second(s)

2021-11-19 08:02:17 - [MESSAGE][PASSED] - Delayed 3 second(s)

2021-11-19 08:02:17 - [TEST_STEP][PASSED] - if (action == "profile"): null

2021-11-19 08:02:17 - [TEST_STEP][PASSED] - delay(1): Delayed 1 second(s)

2021-11-19 08:02:18 - [MESSAGE][PASSED] - Delayed 1 second(s)

2021-11-19 08:02:18 - [MESSAGE][PASSED] - Call Test Case 'Test Cases/Mobile/Page/Transaction/Transaction' successfully

2021-11-19 08:02:18 - [TEST_STEP][PASSED] - callTestCase(findTestCase("Mobile/Page/Run App/Terminate App"), [:], STOP_ON_FAILURE): Call Test Case 'Test Cases/Mobile/Page/Run App/Terminate App' successfully

2021-11-19 08:02:18 - [TEST_CASE][PASSED] - Test Cases/Mobile/Page/Run App/Terminate App: Test Cases/Mobile/Page/Run App/Terminate App

2021-11-19 08:02:18 - [TEST_STEP][PASSED] - startApp.OpenApp.terminateApplication(): startApp.OpenApp.terminateApplication is PASSED

2021-11-19 08:02:21 - [MESSAGE][PASSED] - Delayed 3 second(s)

2021-11-19 08:02:21 - [MESSAGE][PASSED] - Current device physical width is 720

2021-11-19 08:02:22 - [MESSAGE][PASSED] - Current device physical height is 1423

2021-11-19 08:02:23 - [MESSAGE][PASSED] - Swiped from 360,853 to 360,142

2021-11-19 08:02:24 - [MESSAGE][PASSED] - Delayed 1 second(s)

2021-11-19 08:02:25 - [MESSAGE][PASSED] - Swiped from 360,853 to 360,142

2021-11-19 08:02:28 - [MESSAGE][PASSED] - Delayed 3 second(s)

2021-11-19 08:02:28 - [MESSAGE][PASSED] - startApp.OpenApp.terminateApplication is PASSED

2021-11-19 08:02:28 - [MESSAGE][PASSED] - Call Test Case 'Test Cases/Mobile/Page/Run App/Terminate App' successfully]]></system-out>
         <system-err><![CDATA[]]></system-err>
      </testcase>
      <testcase name="Test Cases/Mobile/Scenario/Transaction/013 - Menghapus item di keranjang" time="101.419" classname="Test Cases/Mobile/Scenario/Transaction/013 - Menghapus item di keranjang" status="PASSED">
         <system-out><![CDATA[2021-11-19 08:02:28 - [TEST_CASE][PASSED] - Test Cases/Mobile/Scenario/Transaction/013 - Menghapus item di keranjang: Test Cases/Mobile/Scenario/Transaction/013 - Menghapus item di keranjang

2021-11-19 08:02:29 - [TEST_STEP][PASSED] - callTestCase(findTestCase("Mobile/Page/Run App/Run App byID"), [:], STOP_ON_FAILURE): Call Test Case 'Test Cases/Mobile/Page/Run App/Run App byID' successfully

2021-11-19 08:02:29 - [TEST_CASE][PASSED] - Test Cases/Mobile/Page/Run App/Run App byID: Test Cases/Mobile/Page/Run App/Run App byID

2021-11-19 08:02:29 - [TEST_STEP][PASSED] - startApp.OpenApp.startApplication("id.co.miraeasset.navi"): startApp.OpenApp.startApplication is PASSED

2021-11-19 08:02:42 - [MESSAGE][PASSED] - Starting app with application ID: 'id.co.miraeasset.navi'

2021-11-19 08:02:42 - [MESSAGE][PASSED] - startApp.OpenApp.startApplication is PASSED

2021-11-19 08:02:42 - [MESSAGE][PASSED] - Call Test Case 'Test Cases/Mobile/Page/Run App/Run App byID' successfully

2021-11-19 08:02:42 - [TEST_STEP][PASSED] - callTestCase(findTestCase("Mobile/Page/Transaction/Transaction"), ["page":"cart", "tab":"none", "action":"deleteitem"], CONTINUE_ON_FAILURE): Call Test Case 'Test Cases/Mobile/Page/Transaction/Transaction' successfully

2021-11-19 08:02:42 - [TEST_CASE][PASSED] - Test Cases/Mobile/Page/Transaction/Transaction: Test Cases/Mobile/Page/Transaction/Transaction

2021-11-19 08:02:42 - [TEST_STEP][PASSED] - delay(5): Delayed 5 second(s)

2021-11-19 08:02:47 - [MESSAGE][PASSED] - Delayed 5 second(s)

2021-11-19 08:02:47 - [TEST_STEP][PASSED] - loginCheck = verifyElementExist(findTestObject("Object Repository/Mobile/Page/Dashboard/Button - Login"), 2, CONTINUE_ON_FAILURE): Element 'Object Repository/Mobile/Page/Dashboard/Button - Login' is exist

2021-11-19 08:02:48 - [MESSAGE][PASSED] - Element 'Object Repository/Mobile/Page/Dashboard/Button - Login' is exist

2021-11-19 08:02:48 - [TEST_STEP][PASSED] - if (loginCheck): Call Test Case 'Test Cases/Mobile/Page/Login/Login' successfully

2021-11-19 08:02:48 - [TEST_STEP][PASSED] - callTestCase(findTestCase("Mobile/Page/Login/Login"), ["isLogin":0]): Call Test Case 'Test Cases/Mobile/Page/Login/Login' successfully

2021-11-19 08:02:48 - [TEST_CASE][PASSED] - Test Cases/Mobile/Page/Login/Login: Test Cases/Mobile/Page/Login/Login

2021-11-19 08:02:48 - [TEST_STEP][PASSED] - if (isLogin == 0): Tapped on element 'Object Repository/Mobile/Page/Dashboard/Button - Login'

2021-11-19 08:02:48 - [TEST_STEP][PASSED] - tap(findTestObject("Mobile/Page/Dashboard/Button - Login"), 0): Tapped on element 'Object Repository/Mobile/Page/Dashboard/Button - Login'

2021-11-19 08:02:48 - [MESSAGE][WARNING] - Timeout '0' is invalid. Using default page load timeout: '60'

2021-11-19 08:02:48 - [MESSAGE][PASSED] - Tapped on element 'Object Repository/Mobile/Page/Dashboard/Button - Login'

2021-11-19 08:02:48 - [TEST_STEP][PASSED] - tap(findTestObject("Mobile/Page/Login/Tap - UserID or Email"), 0): Tapped on element 'Object Repository/Mobile/Page/Login/Tap - UserID or Email'

2021-11-19 08:02:49 - [MESSAGE][WARNING] - Timeout '0' is invalid. Using default page load timeout: '60'

2021-11-19 08:02:52 - [MESSAGE][PASSED] - Tapped on element 'Object Repository/Mobile/Page/Login/Tap - UserID or Email'

2021-11-19 08:02:52 - [TEST_STEP][PASSED] - delay(3): Delayed 3 second(s)

2021-11-19 08:02:55 - [MESSAGE][PASSED] - Delayed 3 second(s)

2021-11-19 08:02:55 - [TEST_STEP][PASSED] - setText(findTestObject("Mobile/Page/Login/Input - UserID or Email"), "ady.pangerang@gmail.com", 0): Text 'ady.pangerang@gmail.com' has been set to element 'Object Repository/Mobile/Page/Login/Input - UserID or Email'

2021-11-19 08:02:55 - [MESSAGE][WARNING] - Timeout '0' is invalid. Using default page load timeout: '60'

2021-11-19 08:02:55 - [MESSAGE][PASSED] - Text 'ady.pangerang@gmail.com' has been set to element 'Object Repository/Mobile/Page/Login/Input - UserID or Email'

2021-11-19 08:02:55 - [TEST_STEP][PASSED] - delay(1): Delayed 1 second(s)

2021-11-19 08:02:56 - [MESSAGE][PASSED] - Delayed 1 second(s)

2021-11-19 08:02:56 - [TEST_STEP][PASSED] - hideKeyboard(): Keyboard is hidden

2021-11-19 08:03:09 - [MESSAGE][PASSED] - Keyboard is hidden

2021-11-19 08:03:09 - [TEST_STEP][PASSED] - delay(1): Delayed 1 second(s)

2021-11-19 08:03:10 - [MESSAGE][PASSED] - Delayed 1 second(s)

2021-11-19 08:03:10 - [TEST_STEP][PASSED] - tap(findTestObject("Mobile/Page/Login/Tap - Password 2"), 0): Tapped on element 'Object Repository/Mobile/Page/Login/Tap - Password 2'

2021-11-19 08:03:10 - [MESSAGE][WARNING] - Timeout '0' is invalid. Using default page load timeout: '60'

2021-11-19 08:03:11 - [MESSAGE][PASSED] - Tapped on element 'Object Repository/Mobile/Page/Login/Tap - Password 2'

2021-11-19 08:03:11 - [TEST_STEP][PASSED] - delay(3): Delayed 3 second(s)

2021-11-19 08:03:14 - [MESSAGE][PASSED] - Delayed 3 second(s)

2021-11-19 08:03:14 - [TEST_STEP][PASSED] - setText(findTestObject("Mobile/Page/Login/Tap - Password 2"), "Mirae1234", 0): Text 'Mirae1234' has been set to element 'Object Repository/Mobile/Page/Login/Tap - Password 2'

2021-11-19 08:03:14 - [MESSAGE][WARNING] - Timeout '0' is invalid. Using default page load timeout: '60'

2021-11-19 08:03:14 - [MESSAGE][PASSED] - Text 'Mirae1234' has been set to element 'Object Repository/Mobile/Page/Login/Tap - Password 2'

2021-11-19 08:03:14 - [TEST_STEP][PASSED] - delay(1): Delayed 1 second(s)

2021-11-19 08:03:15 - [MESSAGE][PASSED] - Delayed 1 second(s)

2021-11-19 08:03:15 - [TEST_STEP][PASSED] - hideKeyboard(): Keyboard is hidden

2021-11-19 08:03:26 - [MESSAGE][PASSED] - Keyboard is hidden

2021-11-19 08:03:26 - [TEST_STEP][PASSED] - delay(1): Delayed 1 second(s)

2021-11-19 08:03:27 - [MESSAGE][PASSED] - Delayed 1 second(s)

2021-11-19 08:03:27 - [TEST_STEP][PASSED] - tap(findTestObject("Mobile/Page/Login/Button - Sign In"), 0): Tapped on element 'Object Repository/Mobile/Page/Login/Button - Sign In'

2021-11-19 08:03:27 - [MESSAGE][WARNING] - Timeout '0' is invalid. Using default page load timeout: '60'

2021-11-19 08:03:28 - [MESSAGE][PASSED] - Tapped on element 'Object Repository/Mobile/Page/Login/Button - Sign In'

2021-11-19 08:03:28 - [MESSAGE][PASSED] - Call Test Case 'Test Cases/Mobile/Page/Login/Login' successfully

2021-11-19 08:03:28 - [TEST_STEP][PASSED] - if (page == "cart"): Call Test Case 'Test Cases/Mobile/Scenario/Transaction/Add Product to Cart' successfully

2021-11-19 08:03:28 - [TEST_STEP][PASSED] - callTestCase(findTestCase("Mobile/Scenario/Transaction/Add Product to Cart"), [:], STOP_ON_FAILURE): Call Test Case 'Test Cases/Mobile/Scenario/Transaction/Add Product to Cart' successfully

2021-11-19 08:03:28 - [TEST_CASE][PASSED] - Test Cases/Mobile/Scenario/Transaction/Add Product to Cart: Test Cases/Mobile/Scenario/Transaction/Add Product to Cart

2021-11-19 08:03:28 - [TEST_STEP][PASSED] - tap(findTestObject("Object Repository/Mobile/Page/Home/Button - Product"), 0): Tapped on element 'Object Repository/Mobile/Page/Home/Button - Product'

2021-11-19 08:03:28 - [MESSAGE][WARNING] - Timeout '0' is invalid. Using default page load timeout: '60'

2021-11-19 08:03:31 - [MESSAGE][PASSED] - Tapped on element 'Object Repository/Mobile/Page/Home/Button - Product'

2021-11-19 08:03:31 - [TEST_STEP][PASSED] - delay(3): Delayed 3 second(s)

2021-11-19 08:03:34 - [MESSAGE][PASSED] - Delayed 3 second(s)

2021-11-19 08:03:34 - [TEST_STEP][PASSED] - tap(findTestObject("Object Repository/Mobile/Page/Transaction/Object for Add to Cart/Button - Buy Top Item"), 0): Tapped on element 'Object Repository/Mobile/Page/Transaction/Object for Add to Cart/Button - Buy Top Item'

2021-11-19 08:03:34 - [MESSAGE][WARNING] - Timeout '0' is invalid. Using default page load timeout: '60'

2021-11-19 08:03:35 - [MESSAGE][PASSED] - Tapped on element 'Object Repository/Mobile/Page/Transaction/Object for Add to Cart/Button - Buy Top Item'

2021-11-19 08:03:35 - [TEST_STEP][PASSED] - delay(3): Delayed 3 second(s)

2021-11-19 08:03:38 - [MESSAGE][PASSED] - Delayed 3 second(s)

2021-11-19 08:03:38 - [TEST_STEP][PASSED] - tap(findTestObject("Object Repository/Mobile/Page/Transaction/Object for Add to Cart/Button - Purchase Amount 500k"), 0): Tapped on element 'Object Repository/Mobile/Page/Transaction/Object for Add to Cart/Button - Purchase Amount 500k'

2021-11-19 08:03:38 - [MESSAGE][WARNING] - Timeout '0' is invalid. Using default page load timeout: '60'

2021-11-19 08:03:38 - [MESSAGE][PASSED] - Tapped on element 'Object Repository/Mobile/Page/Transaction/Object for Add to Cart/Button - Purchase Amount 500k'

2021-11-19 08:03:38 - [TEST_STEP][PASSED] - element = findTestObject("Object Repository/Mobile/Page/Transaction/Object for Add to Cart/Checkbox - Agreement Prospectus"): null

2021-11-19 08:03:38 - [TEST_STEP][PASSED] - left_position = getElementLeftPosition(element, 0): Object 'Object Repository/Mobile/Page/Transaction/Object for Add to Cart/Checkbox - Agreement Prospectus' has left position '0'

2021-11-19 08:03:38 - [MESSAGE][WARNING] - Timeout '0' is invalid. Using default page load timeout: '60'

2021-11-19 08:03:39 - [MESSAGE][PASSED] - Object 'Object Repository/Mobile/Page/Transaction/Object for Add to Cart/Checkbox - Agreement Prospectus' has left position '0'

2021-11-19 08:03:39 - [TEST_STEP][PASSED] - top_position = getElementTopPosition(element, 0): Object 'Object Repository/Mobile/Page/Transaction/Object for Add to Cart/Checkbox - Agreement Prospectus' has top position '1,128'

2021-11-19 08:03:39 - [MESSAGE][WARNING] - Timeout '0' is invalid. Using default page load timeout: '60'

2021-11-19 08:03:40 - [MESSAGE][PASSED] - Object 'Object Repository/Mobile/Page/Transaction/Object for Add to Cart/Checkbox - Agreement Prospectus' has top position '1,128'

2021-11-19 08:03:40 - [TEST_STEP][PASSED] - height = getElementHeight(element, 0): Object 'Object Repository/Mobile/Page/Transaction/Object for Add to Cart/Checkbox - Agreement Prospectus' has height: '145'

2021-11-19 08:03:40 - [MESSAGE][WARNING] - Timeout '0' is invalid. Using default page load timeout: '60'

2021-11-19 08:03:40 - [MESSAGE][PASSED] - Object 'Object Repository/Mobile/Page/Transaction/Object for Add to Cart/Checkbox - Agreement Prospectus' has height: '145'

2021-11-19 08:03:40 - [TEST_STEP][PASSED] - y = top_position + height / 2: null

2021-11-19 08:03:40 - [TEST_STEP][PASSED] - x = getDeviceWidth() * 0.085: Current device physical width is 720

2021-11-19 08:03:40 - [MESSAGE][PASSED] - Current device physical width is 720

2021-11-19 08:03:40 - [TEST_STEP][PASSED] - tapAtPosition(x, y): Tapped at [61, 1,200]

2021-11-19 08:03:41 - [MESSAGE][PASSED] - Tapped at [61, 1,200]

2021-11-19 08:03:41 - [TEST_STEP][PASSED] - scroll.scroll.scrollBottomToTop(): scroll.scroll.scrollBottomToTop is PASSED

2021-11-19 08:03:41 - [MESSAGE][PASSED] - Current device physical height is 1423

2021-11-19 08:03:42 - [MESSAGE][PASSED] - Current device physical width is 720

2021-11-19 08:03:43 - [MESSAGE][PASSED] - Swiped from 360,1,138 to 360,284

2021-11-19 08:03:43 - [MESSAGE][PASSED] - scroll.scroll.scrollBottomToTop is PASSED

2021-11-19 08:03:43 - [TEST_STEP][PASSED] - tap(findTestObject("Object Repository/Mobile/Page/Transaction/Object for Add to Cart/Button - Add to Cart"), 0): Tapped on element 'Object Repository/Mobile/Page/Transaction/Object for Add to Cart/Button - Add to Cart'

2021-11-19 08:03:43 - [MESSAGE][WARNING] - Timeout '0' is invalid. Using default page load timeout: '60'

2021-11-19 08:03:44 - [MESSAGE][PASSED] - Tapped on element 'Object Repository/Mobile/Page/Transaction/Object for Add to Cart/Button - Add to Cart'

2021-11-19 08:03:44 - [TEST_STEP][PASSED] - delay(2): Delayed 2 second(s)

2021-11-19 08:03:46 - [MESSAGE][PASSED] - Delayed 2 second(s)

2021-11-19 08:03:46 - [TEST_STEP][PASSED] - tap(findTestObject("Object Repository/Mobile/Page/Transaction/Object for Add to Cart/Button - View Cart"), 0): Tapped on element 'Object Repository/Mobile/Page/Transaction/Object for Add to Cart/Button - View Cart'

2021-11-19 08:03:46 - [MESSAGE][WARNING] - Timeout '0' is invalid. Using default page load timeout: '60'

2021-11-19 08:03:47 - [MESSAGE][PASSED] - Tapped on element 'Object Repository/Mobile/Page/Transaction/Object for Add to Cart/Button - View Cart'

2021-11-19 08:03:47 - [TEST_STEP][PASSED] - delay(3): Delayed 3 second(s)

2021-11-19 08:03:50 - [MESSAGE][PASSED] - Delayed 3 second(s)

2021-11-19 08:03:50 - [TEST_STEP][PASSED] - pressBack(): Press back button successfully

2021-11-19 08:03:50 - [MESSAGE][PASSED] - Press back button successfully

2021-11-19 08:03:50 - [TEST_STEP][PASSED] - delay(1): Delayed 1 second(s)

2021-11-19 08:03:51 - [MESSAGE][PASSED] - Delayed 1 second(s)

2021-11-19 08:03:51 - [MESSAGE][PASSED] - Call Test Case 'Test Cases/Mobile/Scenario/Transaction/Add Product to Cart' successfully

2021-11-19 08:03:51 - [TEST_STEP][PASSED] - tap(findTestObject("Object Repository/Mobile/Page/Transaction/Button - Menubar Transaction"), 0): Tapped on element 'Object Repository/Mobile/Page/Transaction/Button - Menubar Transaction'

2021-11-19 08:03:51 - [MESSAGE][WARNING] - Timeout '0' is invalid. Using default page load timeout: '60'

2021-11-19 08:03:52 - [MESSAGE][PASSED] - Tapped on element 'Object Repository/Mobile/Page/Transaction/Button - Menubar Transaction'

2021-11-19 08:03:52 - [TEST_STEP][PASSED] - delay(1): Delayed 1 second(s)

2021-11-19 08:03:53 - [MESSAGE][PASSED] - Delayed 1 second(s)

2021-11-19 08:03:53 - [TEST_STEP][PASSED] - if (page == "onprocess"): null

2021-11-19 08:03:53 - [TEST_STEP][PASSED] - else if (page == "history"): null

2021-11-19 08:03:53 - [TEST_STEP][PASSED] - else if (page == "cart"): Delayed 1 second(s)

2021-11-19 08:03:53 - [TEST_STEP][PASSED] - tapAndHold(findTestObject("Object Repository/Mobile/Page/Transaction/Button - Icon Cart"), 1, 0): Tapped and held on element 'Object Repository/Mobile/Page/Transaction/Button - Icon Cart' with duration 1

2021-11-19 08:03:53 - [MESSAGE][WARNING] - Timeout '0' is invalid. Using default page load timeout: '60'

2021-11-19 08:03:56 - [MESSAGE][PASSED] - Tapped and held on element 'Object Repository/Mobile/Page/Transaction/Button - Icon Cart' with duration 1

2021-11-19 08:03:56 - [TEST_STEP][PASSED] - if (action == "deleteitem"): Tapped on element 'Object Repository/Mobile/Page/Keranjang/Button - Delete Item'

2021-11-19 08:03:56 - [TEST_STEP][PASSED] - tap(findTestObject("Object Repository/Mobile/Page/Keranjang/Button - Delete Item"), 0): Tapped on element 'Object Repository/Mobile/Page/Keranjang/Button - Delete Item'

2021-11-19 08:03:56 - [MESSAGE][WARNING] - Timeout '0' is invalid. Using default page load timeout: '60'

2021-11-19 08:03:58 - [MESSAGE][PASSED] - Tapped on element 'Object Repository/Mobile/Page/Keranjang/Button - Delete Item'

2021-11-19 08:03:58 - [TEST_STEP][PASSED] - delay(1): Delayed 1 second(s)

2021-11-19 08:03:59 - [MESSAGE][PASSED] - Delayed 1 second(s)

2021-11-19 08:03:59 - [MESSAGE][PASSED] - Call Test Case 'Test Cases/Mobile/Page/Transaction/Transaction' successfully

2021-11-19 08:03:59 - [TEST_STEP][PASSED] - callTestCase(findTestCase("Mobile/Page/Run App/Terminate App"), [:], STOP_ON_FAILURE): Call Test Case 'Test Cases/Mobile/Page/Run App/Terminate App' successfully

2021-11-19 08:03:59 - [TEST_CASE][PASSED] - Test Cases/Mobile/Page/Run App/Terminate App: Test Cases/Mobile/Page/Run App/Terminate App

2021-11-19 08:03:59 - [TEST_STEP][PASSED] - startApp.OpenApp.terminateApplication(): startApp.OpenApp.terminateApplication is PASSED

2021-11-19 08:04:02 - [MESSAGE][PASSED] - Delayed 3 second(s)

2021-11-19 08:04:03 - [MESSAGE][PASSED] - Current device physical width is 720

2021-11-19 08:04:03 - [MESSAGE][PASSED] - Current device physical height is 1423

2021-11-19 08:04:04 - [MESSAGE][PASSED] - Swiped from 360,853 to 360,142

2021-11-19 08:04:05 - [MESSAGE][PASSED] - Delayed 1 second(s)

2021-11-19 08:04:07 - [MESSAGE][PASSED] - Swiped from 360,853 to 360,142

2021-11-19 08:04:10 - [MESSAGE][PASSED] - Delayed 3 second(s)

2021-11-19 08:04:10 - [MESSAGE][PASSED] - startApp.OpenApp.terminateApplication is PASSED

2021-11-19 08:04:10 - [MESSAGE][PASSED] - Call Test Case 'Test Cases/Mobile/Page/Run App/Terminate App' successfully]]></system-out>
         <system-err><![CDATA[]]></system-err>
      </testcase>
      <testcase name="Test Cases/Mobile/Scenario/Transaction/014 - Melihat notifikasi berdasarkan kategori Profile" time="79.534" classname="Test Cases/Mobile/Scenario/Transaction/014 - Melihat notifikasi berdasarkan kategori Profile" status="PASSED">
         <system-out><![CDATA[2021-11-19 08:04:10 - [TEST_CASE][PASSED] - Test Cases/Mobile/Scenario/Transaction/014 - Melihat notifikasi berdasarkan kategori Profile: Test Cases/Mobile/Scenario/Transaction/014 - Melihat notifikasi berdasarkan kategori Profile

2021-11-19 08:04:10 - [TEST_STEP][PASSED] - callTestCase(findTestCase("Mobile/Page/Run App/Run App byID"), [:], STOP_ON_FAILURE): Call Test Case 'Test Cases/Mobile/Page/Run App/Run App byID' successfully

2021-11-19 08:04:10 - [TEST_CASE][PASSED] - Test Cases/Mobile/Page/Run App/Run App byID: Test Cases/Mobile/Page/Run App/Run App byID

2021-11-19 08:04:10 - [TEST_STEP][PASSED] - startApp.OpenApp.startApplication("id.co.miraeasset.navi"): startApp.OpenApp.startApplication is PASSED

2021-11-19 08:04:31 - [MESSAGE][PASSED] - Starting app with application ID: 'id.co.miraeasset.navi'

2021-11-19 08:04:31 - [MESSAGE][PASSED] - startApp.OpenApp.startApplication is PASSED

2021-11-19 08:04:31 - [MESSAGE][PASSED] - Call Test Case 'Test Cases/Mobile/Page/Run App/Run App byID' successfully

2021-11-19 08:04:31 - [TEST_STEP][PASSED] - callTestCase(findTestCase("Mobile/Page/Transaction/Transaction"), ["page":"notification", "tab":"profile", "action":"detail"], CONTINUE_ON_FAILURE): Call Test Case 'Test Cases/Mobile/Page/Transaction/Transaction' successfully

2021-11-19 08:04:31 - [TEST_CASE][PASSED] - Test Cases/Mobile/Page/Transaction/Transaction: Test Cases/Mobile/Page/Transaction/Transaction

2021-11-19 08:04:31 - [TEST_STEP][PASSED] - delay(5): Delayed 5 second(s)

2021-11-19 08:04:36 - [MESSAGE][PASSED] - Delayed 5 second(s)

2021-11-19 08:04:36 - [TEST_STEP][PASSED] - loginCheck = verifyElementExist(findTestObject("Object Repository/Mobile/Page/Dashboard/Button - Login"), 2, CONTINUE_ON_FAILURE): Element 'Object Repository/Mobile/Page/Dashboard/Button - Login' is exist

2021-11-19 08:04:36 - [MESSAGE][PASSED] - Element 'Object Repository/Mobile/Page/Dashboard/Button - Login' is exist

2021-11-19 08:04:36 - [TEST_STEP][PASSED] - if (loginCheck): Call Test Case 'Test Cases/Mobile/Page/Login/Login' successfully

2021-11-19 08:04:36 - [TEST_STEP][PASSED] - callTestCase(findTestCase("Mobile/Page/Login/Login"), ["isLogin":0]): Call Test Case 'Test Cases/Mobile/Page/Login/Login' successfully

2021-11-19 08:04:36 - [TEST_CASE][PASSED] - Test Cases/Mobile/Page/Login/Login: Test Cases/Mobile/Page/Login/Login

2021-11-19 08:04:36 - [TEST_STEP][PASSED] - if (isLogin == 0): Tapped on element 'Object Repository/Mobile/Page/Dashboard/Button - Login'

2021-11-19 08:04:36 - [TEST_STEP][PASSED] - tap(findTestObject("Mobile/Page/Dashboard/Button - Login"), 0): Tapped on element 'Object Repository/Mobile/Page/Dashboard/Button - Login'

2021-11-19 08:04:37 - [MESSAGE][WARNING] - Timeout '0' is invalid. Using default page load timeout: '60'

2021-11-19 08:04:37 - [MESSAGE][PASSED] - Tapped on element 'Object Repository/Mobile/Page/Dashboard/Button - Login'

2021-11-19 08:04:37 - [TEST_STEP][PASSED] - tap(findTestObject("Mobile/Page/Login/Tap - UserID or Email"), 0): Tapped on element 'Object Repository/Mobile/Page/Login/Tap - UserID or Email'

2021-11-19 08:04:37 - [MESSAGE][WARNING] - Timeout '0' is invalid. Using default page load timeout: '60'

2021-11-19 08:04:41 - [MESSAGE][PASSED] - Tapped on element 'Object Repository/Mobile/Page/Login/Tap - UserID or Email'

2021-11-19 08:04:41 - [TEST_STEP][PASSED] - delay(3): Delayed 3 second(s)

2021-11-19 08:04:44 - [MESSAGE][PASSED] - Delayed 3 second(s)

2021-11-19 08:04:44 - [TEST_STEP][PASSED] - setText(findTestObject("Mobile/Page/Login/Input - UserID or Email"), "ady.pangerang@gmail.com", 0): Text 'ady.pangerang@gmail.com' has been set to element 'Object Repository/Mobile/Page/Login/Input - UserID or Email'

2021-11-19 08:04:44 - [MESSAGE][WARNING] - Timeout '0' is invalid. Using default page load timeout: '60'

2021-11-19 08:04:44 - [MESSAGE][PASSED] - Text 'ady.pangerang@gmail.com' has been set to element 'Object Repository/Mobile/Page/Login/Input - UserID or Email'

2021-11-19 08:04:44 - [TEST_STEP][PASSED] - delay(1): Delayed 1 second(s)

2021-11-19 08:04:45 - [MESSAGE][PASSED] - Delayed 1 second(s)

2021-11-19 08:04:45 - [TEST_STEP][PASSED] - hideKeyboard(): Keyboard is hidden

2021-11-19 08:04:52 - [MESSAGE][PASSED] - Keyboard is hidden

2021-11-19 08:04:52 - [TEST_STEP][PASSED] - delay(1): Delayed 1 second(s)

2021-11-19 08:04:53 - [MESSAGE][PASSED] - Delayed 1 second(s)

2021-11-19 08:04:53 - [TEST_STEP][PASSED] - tap(findTestObject("Mobile/Page/Login/Tap - Password 2"), 0): Tapped on element 'Object Repository/Mobile/Page/Login/Tap - Password 2'

2021-11-19 08:04:53 - [MESSAGE][WARNING] - Timeout '0' is invalid. Using default page load timeout: '60'

2021-11-19 08:04:54 - [MESSAGE][PASSED] - Tapped on element 'Object Repository/Mobile/Page/Login/Tap - Password 2'

2021-11-19 08:04:54 - [TEST_STEP][PASSED] - delay(3): Delayed 3 second(s)

2021-11-19 08:04:57 - [MESSAGE][PASSED] - Delayed 3 second(s)

2021-11-19 08:04:57 - [TEST_STEP][PASSED] - setText(findTestObject("Mobile/Page/Login/Tap - Password 2"), "Mirae1234", 0): Text 'Mirae1234' has been set to element 'Object Repository/Mobile/Page/Login/Tap - Password 2'

2021-11-19 08:04:57 - [MESSAGE][WARNING] - Timeout '0' is invalid. Using default page load timeout: '60'

2021-11-19 08:04:57 - [MESSAGE][PASSED] - Text 'Mirae1234' has been set to element 'Object Repository/Mobile/Page/Login/Tap - Password 2'

2021-11-19 08:04:57 - [TEST_STEP][PASSED] - delay(1): Delayed 1 second(s)

2021-11-19 08:04:58 - [MESSAGE][PASSED] - Delayed 1 second(s)

2021-11-19 08:04:58 - [TEST_STEP][PASSED] - hideKeyboard(): Keyboard is hidden

2021-11-19 08:05:07 - [MESSAGE][PASSED] - Keyboard is hidden

2021-11-19 08:05:07 - [TEST_STEP][PASSED] - delay(1): Delayed 1 second(s)

2021-11-19 08:05:08 - [MESSAGE][PASSED] - Delayed 1 second(s)

2021-11-19 08:05:08 - [TEST_STEP][PASSED] - tap(findTestObject("Mobile/Page/Login/Button - Sign In"), 0): Tapped on element 'Object Repository/Mobile/Page/Login/Button - Sign In'

2021-11-19 08:05:08 - [MESSAGE][WARNING] - Timeout '0' is invalid. Using default page load timeout: '60'

2021-11-19 08:05:09 - [MESSAGE][PASSED] - Tapped on element 'Object Repository/Mobile/Page/Login/Button - Sign In'

2021-11-19 08:05:09 - [MESSAGE][PASSED] - Call Test Case 'Test Cases/Mobile/Page/Login/Login' successfully

2021-11-19 08:05:09 - [TEST_STEP][PASSED] - if (page == "cart"): null

2021-11-19 08:05:09 - [TEST_STEP][PASSED] - tap(findTestObject("Object Repository/Mobile/Page/Transaction/Button - Menubar Transaction"), 0): Tapped on element 'Object Repository/Mobile/Page/Transaction/Button - Menubar Transaction'

2021-11-19 08:05:09 - [MESSAGE][WARNING] - Timeout '0' is invalid. Using default page load timeout: '60'

2021-11-19 08:05:11 - [MESSAGE][PASSED] - Tapped on element 'Object Repository/Mobile/Page/Transaction/Button - Menubar Transaction'

2021-11-19 08:05:11 - [TEST_STEP][PASSED] - delay(1): Delayed 1 second(s)

2021-11-19 08:05:12 - [MESSAGE][PASSED] - Delayed 1 second(s)

2021-11-19 08:05:12 - [TEST_STEP][PASSED] - if (page == "onprocess"): null

2021-11-19 08:05:12 - [TEST_STEP][PASSED] - else if (page == "history"): null

2021-11-19 08:05:12 - [TEST_STEP][PASSED] - else if (page == "cart"): null

2021-11-19 08:05:12 - [TEST_STEP][PASSED] - else if (page == "notification"): Delayed 1 second(s)

2021-11-19 08:05:12 - [TEST_STEP][PASSED] - tapAndHold(findTestObject("Mobile/Page/Transaction/Button - Icon Notification"), 1, 0): Tapped and held on element 'Object Repository/Mobile/Page/Transaction/Button - Icon Notification' with duration 1

2021-11-19 08:05:12 - [MESSAGE][WARNING] - Timeout '0' is invalid. Using default page load timeout: '60'

2021-11-19 08:05:15 - [MESSAGE][PASSED] - Tapped and held on element 'Object Repository/Mobile/Page/Transaction/Button - Icon Notification' with duration 1

2021-11-19 08:05:15 - [TEST_STEP][PASSED] - delay(3): Delayed 3 second(s)

2021-11-19 08:05:18 - [MESSAGE][PASSED] - Delayed 3 second(s)

2021-11-19 08:05:18 - [TEST_STEP][PASSED] - if (action == "profile"): null

2021-11-19 08:05:18 - [TEST_STEP][PASSED] - delay(1): Delayed 1 second(s)

2021-11-19 08:05:19 - [MESSAGE][PASSED] - Delayed 1 second(s)

2021-11-19 08:05:19 - [MESSAGE][PASSED] - Call Test Case 'Test Cases/Mobile/Page/Transaction/Transaction' successfully

2021-11-19 08:05:19 - [TEST_STEP][PASSED] - callTestCase(findTestCase("Mobile/Page/Run App/Terminate App"), [:], STOP_ON_FAILURE): Call Test Case 'Test Cases/Mobile/Page/Run App/Terminate App' successfully

2021-11-19 08:05:19 - [TEST_CASE][PASSED] - Test Cases/Mobile/Page/Run App/Terminate App: Test Cases/Mobile/Page/Run App/Terminate App

2021-11-19 08:05:19 - [TEST_STEP][PASSED] - startApp.OpenApp.terminateApplication(): startApp.OpenApp.terminateApplication is PASSED

2021-11-19 08:05:22 - [MESSAGE][PASSED] - Delayed 3 second(s)

2021-11-19 08:05:22 - [MESSAGE][PASSED] - Current device physical width is 720

2021-11-19 08:05:23 - [MESSAGE][PASSED] - Current device physical height is 1423

2021-11-19 08:05:24 - [MESSAGE][PASSED] - Swiped from 360,853 to 360,142

2021-11-19 08:05:25 - [MESSAGE][PASSED] - Delayed 1 second(s)

2021-11-19 08:05:26 - [MESSAGE][PASSED] - Swiped from 360,853 to 360,142

2021-11-19 08:05:29 - [MESSAGE][PASSED] - Delayed 3 second(s)

2021-11-19 08:05:29 - [MESSAGE][PASSED] - startApp.OpenApp.terminateApplication is PASSED

2021-11-19 08:05:29 - [MESSAGE][PASSED] - Call Test Case 'Test Cases/Mobile/Page/Run App/Terminate App' successfully]]></system-out>
         <system-err><![CDATA[]]></system-err>
      </testcase>
      <testcase name="Test Cases/Mobile/Scenario/Transaction/015 - Melihat notifikasi berdasarkan kategori System" time="82.396" classname="Test Cases/Mobile/Scenario/Transaction/015 - Melihat notifikasi berdasarkan kategori System" status="PASSED">
         <system-out><![CDATA[2021-11-19 08:05:29 - [TEST_CASE][PASSED] - Test Cases/Mobile/Scenario/Transaction/015 - Melihat notifikasi berdasarkan kategori System: Test Cases/Mobile/Scenario/Transaction/015 - Melihat notifikasi berdasarkan kategori System

2021-11-19 08:05:30 - [TEST_STEP][PASSED] - callTestCase(findTestCase("Mobile/Page/Run App/Run App byID"), [:], STOP_ON_FAILURE): Call Test Case 'Test Cases/Mobile/Page/Run App/Run App byID' successfully

2021-11-19 08:05:30 - [TEST_CASE][PASSED] - Test Cases/Mobile/Page/Run App/Run App byID: Test Cases/Mobile/Page/Run App/Run App byID

2021-11-19 08:05:30 - [TEST_STEP][PASSED] - startApp.OpenApp.startApplication("id.co.miraeasset.navi"): startApp.OpenApp.startApplication is PASSED

2021-11-19 08:05:48 - [MESSAGE][PASSED] - Starting app with application ID: 'id.co.miraeasset.navi'

2021-11-19 08:05:48 - [MESSAGE][PASSED] - startApp.OpenApp.startApplication is PASSED

2021-11-19 08:05:48 - [MESSAGE][PASSED] - Call Test Case 'Test Cases/Mobile/Page/Run App/Run App byID' successfully

2021-11-19 08:05:48 - [TEST_STEP][PASSED] - callTestCase(findTestCase("Mobile/Page/Transaction/Transaction"), ["page":"notification", "tab":"system", "action":"detail"], CONTINUE_ON_FAILURE): Call Test Case 'Test Cases/Mobile/Page/Transaction/Transaction' successfully

2021-11-19 08:05:48 - [TEST_CASE][PASSED] - Test Cases/Mobile/Page/Transaction/Transaction: Test Cases/Mobile/Page/Transaction/Transaction

2021-11-19 08:05:48 - [TEST_STEP][PASSED] - delay(5): Delayed 5 second(s)

2021-11-19 08:05:53 - [MESSAGE][PASSED] - Delayed 5 second(s)

2021-11-19 08:05:53 - [TEST_STEP][PASSED] - loginCheck = verifyElementExist(findTestObject("Object Repository/Mobile/Page/Dashboard/Button - Login"), 2, CONTINUE_ON_FAILURE): Element 'Object Repository/Mobile/Page/Dashboard/Button - Login' is exist

2021-11-19 08:05:54 - [MESSAGE][PASSED] - Element 'Object Repository/Mobile/Page/Dashboard/Button - Login' is exist

2021-11-19 08:05:54 - [TEST_STEP][PASSED] - if (loginCheck): Call Test Case 'Test Cases/Mobile/Page/Login/Login' successfully

2021-11-19 08:05:54 - [TEST_STEP][PASSED] - callTestCase(findTestCase("Mobile/Page/Login/Login"), ["isLogin":0]): Call Test Case 'Test Cases/Mobile/Page/Login/Login' successfully

2021-11-19 08:05:54 - [TEST_CASE][PASSED] - Test Cases/Mobile/Page/Login/Login: Test Cases/Mobile/Page/Login/Login

2021-11-19 08:05:54 - [TEST_STEP][PASSED] - if (isLogin == 0): Tapped on element 'Object Repository/Mobile/Page/Dashboard/Button - Login'

2021-11-19 08:05:54 - [TEST_STEP][PASSED] - tap(findTestObject("Mobile/Page/Dashboard/Button - Login"), 0): Tapped on element 'Object Repository/Mobile/Page/Dashboard/Button - Login'

2021-11-19 08:05:54 - [MESSAGE][WARNING] - Timeout '0' is invalid. Using default page load timeout: '60'

2021-11-19 08:05:54 - [MESSAGE][PASSED] - Tapped on element 'Object Repository/Mobile/Page/Dashboard/Button - Login'

2021-11-19 08:05:54 - [TEST_STEP][PASSED] - tap(findTestObject("Mobile/Page/Login/Tap - UserID or Email"), 0): Tapped on element 'Object Repository/Mobile/Page/Login/Tap - UserID or Email'

2021-11-19 08:05:54 - [MESSAGE][WARNING] - Timeout '0' is invalid. Using default page load timeout: '60'

2021-11-19 08:06:00 - [MESSAGE][PASSED] - Tapped on element 'Object Repository/Mobile/Page/Login/Tap - UserID or Email'

2021-11-19 08:06:00 - [TEST_STEP][PASSED] - delay(3): Delayed 3 second(s)

2021-11-19 08:06:03 - [MESSAGE][PASSED] - Delayed 3 second(s)

2021-11-19 08:06:03 - [TEST_STEP][PASSED] - setText(findTestObject("Mobile/Page/Login/Input - UserID or Email"), "ady.pangerang@gmail.com", 0): Text 'ady.pangerang@gmail.com' has been set to element 'Object Repository/Mobile/Page/Login/Input - UserID or Email'

2021-11-19 08:06:03 - [MESSAGE][WARNING] - Timeout '0' is invalid. Using default page load timeout: '60'

2021-11-19 08:06:03 - [MESSAGE][PASSED] - Text 'ady.pangerang@gmail.com' has been set to element 'Object Repository/Mobile/Page/Login/Input - UserID or Email'

2021-11-19 08:06:03 - [TEST_STEP][PASSED] - delay(1): Delayed 1 second(s)

2021-11-19 08:06:04 - [MESSAGE][PASSED] - Delayed 1 second(s)

2021-11-19 08:06:04 - [TEST_STEP][PASSED] - hideKeyboard(): Keyboard is hidden

2021-11-19 08:06:11 - [MESSAGE][PASSED] - Keyboard is hidden

2021-11-19 08:06:11 - [TEST_STEP][PASSED] - delay(1): Delayed 1 second(s)

2021-11-19 08:06:12 - [MESSAGE][PASSED] - Delayed 1 second(s)

2021-11-19 08:06:12 - [TEST_STEP][PASSED] - tap(findTestObject("Mobile/Page/Login/Tap - Password 2"), 0): Tapped on element 'Object Repository/Mobile/Page/Login/Tap - Password 2'

2021-11-19 08:06:12 - [MESSAGE][WARNING] - Timeout '0' is invalid. Using default page load timeout: '60'

2021-11-19 08:06:13 - [MESSAGE][PASSED] - Tapped on element 'Object Repository/Mobile/Page/Login/Tap - Password 2'

2021-11-19 08:06:13 - [TEST_STEP][PASSED] - delay(3): Delayed 3 second(s)

2021-11-19 08:06:16 - [MESSAGE][PASSED] - Delayed 3 second(s)

2021-11-19 08:06:16 - [TEST_STEP][PASSED] - setText(findTestObject("Mobile/Page/Login/Tap - Password 2"), "Mirae1234", 0): Text 'Mirae1234' has been set to element 'Object Repository/Mobile/Page/Login/Tap - Password 2'

2021-11-19 08:06:16 - [MESSAGE][WARNING] - Timeout '0' is invalid. Using default page load timeout: '60'

2021-11-19 08:06:16 - [MESSAGE][PASSED] - Text 'Mirae1234' has been set to element 'Object Repository/Mobile/Page/Login/Tap - Password 2'

2021-11-19 08:06:16 - [TEST_STEP][PASSED] - delay(1): Delayed 1 second(s)

2021-11-19 08:06:17 - [MESSAGE][PASSED] - Delayed 1 second(s)

2021-11-19 08:06:17 - [TEST_STEP][PASSED] - hideKeyboard(): Keyboard is hidden

2021-11-19 08:06:26 - [MESSAGE][PASSED] - Keyboard is hidden

2021-11-19 08:06:26 - [TEST_STEP][PASSED] - delay(1): Delayed 1 second(s)

2021-11-19 08:06:27 - [MESSAGE][PASSED] - Delayed 1 second(s)

2021-11-19 08:06:27 - [TEST_STEP][PASSED] - tap(findTestObject("Mobile/Page/Login/Button - Sign In"), 0): Tapped on element 'Object Repository/Mobile/Page/Login/Button - Sign In'

2021-11-19 08:06:27 - [MESSAGE][WARNING] - Timeout '0' is invalid. Using default page load timeout: '60'

2021-11-19 08:06:28 - [MESSAGE][PASSED] - Tapped on element 'Object Repository/Mobile/Page/Login/Button - Sign In'

2021-11-19 08:06:28 - [MESSAGE][PASSED] - Call Test Case 'Test Cases/Mobile/Page/Login/Login' successfully

2021-11-19 08:06:28 - [TEST_STEP][PASSED] - if (page == "cart"): null

2021-11-19 08:06:28 - [TEST_STEP][PASSED] - tap(findTestObject("Object Repository/Mobile/Page/Transaction/Button - Menubar Transaction"), 0): Tapped on element 'Object Repository/Mobile/Page/Transaction/Button - Menubar Transaction'

2021-11-19 08:06:28 - [MESSAGE][WARNING] - Timeout '0' is invalid. Using default page load timeout: '60'

2021-11-19 08:06:33 - [MESSAGE][PASSED] - Tapped on element 'Object Repository/Mobile/Page/Transaction/Button - Menubar Transaction'

2021-11-19 08:06:33 - [TEST_STEP][PASSED] - delay(1): Delayed 1 second(s)

2021-11-19 08:06:34 - [MESSAGE][PASSED] - Delayed 1 second(s)

2021-11-19 08:06:34 - [TEST_STEP][PASSED] - if (page == "onprocess"): null

2021-11-19 08:06:34 - [TEST_STEP][PASSED] - else if (page == "history"): null

2021-11-19 08:06:34 - [TEST_STEP][PASSED] - else if (page == "cart"): null

2021-11-19 08:06:34 - [TEST_STEP][PASSED] - else if (page == "notification"): Delayed 1 second(s)

2021-11-19 08:06:34 - [TEST_STEP][PASSED] - tapAndHold(findTestObject("Mobile/Page/Transaction/Button - Icon Notification"), 1, 0): Tapped and held on element 'Object Repository/Mobile/Page/Transaction/Button - Icon Notification' with duration 1

2021-11-19 08:06:34 - [MESSAGE][WARNING] - Timeout '0' is invalid. Using default page load timeout: '60'

2021-11-19 08:06:37 - [MESSAGE][PASSED] - Tapped and held on element 'Object Repository/Mobile/Page/Transaction/Button - Icon Notification' with duration 1

2021-11-19 08:06:37 - [TEST_STEP][PASSED] - delay(3): Delayed 3 second(s)

2021-11-19 08:06:40 - [MESSAGE][PASSED] - Delayed 3 second(s)

2021-11-19 08:06:40 - [TEST_STEP][PASSED] - if (action == "profile"): null

2021-11-19 08:06:40 - [TEST_STEP][PASSED] - delay(1): Delayed 1 second(s)

2021-11-19 08:06:41 - [MESSAGE][PASSED] - Delayed 1 second(s)

2021-11-19 08:06:41 - [MESSAGE][PASSED] - Call Test Case 'Test Cases/Mobile/Page/Transaction/Transaction' successfully

2021-11-19 08:06:41 - [TEST_STEP][PASSED] - callTestCase(findTestCase("Mobile/Page/Run App/Terminate App"), [:], STOP_ON_FAILURE): Call Test Case 'Test Cases/Mobile/Page/Run App/Terminate App' successfully

2021-11-19 08:06:41 - [TEST_CASE][PASSED] - Test Cases/Mobile/Page/Run App/Terminate App: Test Cases/Mobile/Page/Run App/Terminate App

2021-11-19 08:06:41 - [TEST_STEP][PASSED] - startApp.OpenApp.terminateApplication(): startApp.OpenApp.terminateApplication is PASSED

2021-11-19 08:06:44 - [MESSAGE][PASSED] - Delayed 3 second(s)

2021-11-19 08:06:45 - [MESSAGE][PASSED] - Current device physical width is 720

2021-11-19 08:06:45 - [MESSAGE][PASSED] - Current device physical height is 1423

2021-11-19 08:06:46 - [MESSAGE][PASSED] - Swiped from 360,853 to 360,142

2021-11-19 08:06:47 - [MESSAGE][PASSED] - Delayed 1 second(s)

2021-11-19 08:06:49 - [MESSAGE][PASSED] - Swiped from 360,853 to 360,142

2021-11-19 08:06:52 - [MESSAGE][PASSED] - Delayed 3 second(s)

2021-11-19 08:06:52 - [MESSAGE][PASSED] - startApp.OpenApp.terminateApplication is PASSED

2021-11-19 08:06:52 - [MESSAGE][PASSED] - Call Test Case 'Test Cases/Mobile/Page/Run App/Terminate App' successfully]]></system-out>
         <system-err><![CDATA[]]></system-err>
      </testcase>
      <testcase name="Test Cases/Mobile/Scenario/Transaction/016 - Melihat notifikasi berdasarkan kategori Transaksi" time="81.849" classname="Test Cases/Mobile/Scenario/Transaction/016 - Melihat notifikasi berdasarkan kategori Transaksi" status="PASSED">
         <system-out><![CDATA[2021-11-19 08:06:52 - [TEST_CASE][PASSED] - Test Cases/Mobile/Scenario/Transaction/016 - Melihat notifikasi berdasarkan kategori Transaksi: Test Cases/Mobile/Scenario/Transaction/016 - Melihat notifikasi berdasarkan kategori Transaksi

2021-11-19 08:06:52 - [TEST_STEP][PASSED] - callTestCase(findTestCase("Mobile/Page/Run App/Run App byID"), [:], STOP_ON_FAILURE): Call Test Case 'Test Cases/Mobile/Page/Run App/Run App byID' successfully

2021-11-19 08:06:52 - [TEST_CASE][PASSED] - Test Cases/Mobile/Page/Run App/Run App byID: Test Cases/Mobile/Page/Run App/Run App byID

2021-11-19 08:06:52 - [TEST_STEP][PASSED] - startApp.OpenApp.startApplication("id.co.miraeasset.navi"): startApp.OpenApp.startApplication is PASSED

2021-11-19 08:07:12 - [MESSAGE][PASSED] - Starting app with application ID: 'id.co.miraeasset.navi'

2021-11-19 08:07:12 - [MESSAGE][PASSED] - startApp.OpenApp.startApplication is PASSED

2021-11-19 08:07:12 - [MESSAGE][PASSED] - Call Test Case 'Test Cases/Mobile/Page/Run App/Run App byID' successfully

2021-11-19 08:07:12 - [TEST_STEP][PASSED] - callTestCase(findTestCase("Mobile/Page/Transaction/Transaction"), ["page":"notification", "tab":"transaction", "action":"detail"], CONTINUE_ON_FAILURE): Call Test Case 'Test Cases/Mobile/Page/Transaction/Transaction' successfully

2021-11-19 08:07:12 - [TEST_CASE][PASSED] - Test Cases/Mobile/Page/Transaction/Transaction: Test Cases/Mobile/Page/Transaction/Transaction

2021-11-19 08:07:12 - [TEST_STEP][PASSED] - delay(5): Delayed 5 second(s)

2021-11-19 08:07:17 - [MESSAGE][PASSED] - Delayed 5 second(s)

2021-11-19 08:07:17 - [TEST_STEP][PASSED] - loginCheck = verifyElementExist(findTestObject("Object Repository/Mobile/Page/Dashboard/Button - Login"), 2, CONTINUE_ON_FAILURE): Element 'Object Repository/Mobile/Page/Dashboard/Button - Login' is exist

2021-11-19 08:07:18 - [MESSAGE][PASSED] - Element 'Object Repository/Mobile/Page/Dashboard/Button - Login' is exist

2021-11-19 08:07:18 - [TEST_STEP][PASSED] - if (loginCheck): Call Test Case 'Test Cases/Mobile/Page/Login/Login' successfully

2021-11-19 08:07:18 - [TEST_STEP][PASSED] - callTestCase(findTestCase("Mobile/Page/Login/Login"), ["isLogin":0]): Call Test Case 'Test Cases/Mobile/Page/Login/Login' successfully

2021-11-19 08:07:18 - [TEST_CASE][PASSED] - Test Cases/Mobile/Page/Login/Login: Test Cases/Mobile/Page/Login/Login

2021-11-19 08:07:18 - [TEST_STEP][PASSED] - if (isLogin == 0): Tapped on element 'Object Repository/Mobile/Page/Dashboard/Button - Login'

2021-11-19 08:07:18 - [TEST_STEP][PASSED] - tap(findTestObject("Mobile/Page/Dashboard/Button - Login"), 0): Tapped on element 'Object Repository/Mobile/Page/Dashboard/Button - Login'

2021-11-19 08:07:18 - [MESSAGE][WARNING] - Timeout '0' is invalid. Using default page load timeout: '60'

2021-11-19 08:07:18 - [MESSAGE][PASSED] - Tapped on element 'Object Repository/Mobile/Page/Dashboard/Button - Login'

2021-11-19 08:07:18 - [TEST_STEP][PASSED] - tap(findTestObject("Mobile/Page/Login/Tap - UserID or Email"), 0): Tapped on element 'Object Repository/Mobile/Page/Login/Tap - UserID or Email'

2021-11-19 08:07:18 - [MESSAGE][WARNING] - Timeout '0' is invalid. Using default page load timeout: '60'

2021-11-19 08:07:24 - [MESSAGE][PASSED] - Tapped on element 'Object Repository/Mobile/Page/Login/Tap - UserID or Email'

2021-11-19 08:07:24 - [TEST_STEP][PASSED] - delay(3): Delayed 3 second(s)

2021-11-19 08:07:27 - [MESSAGE][PASSED] - Delayed 3 second(s)

2021-11-19 08:07:27 - [TEST_STEP][PASSED] - setText(findTestObject("Mobile/Page/Login/Input - UserID or Email"), "ady.pangerang@gmail.com", 0): Text 'ady.pangerang@gmail.com' has been set to element 'Object Repository/Mobile/Page/Login/Input - UserID or Email'

2021-11-19 08:07:27 - [MESSAGE][WARNING] - Timeout '0' is invalid. Using default page load timeout: '60'

2021-11-19 08:07:27 - [MESSAGE][PASSED] - Text 'ady.pangerang@gmail.com' has been set to element 'Object Repository/Mobile/Page/Login/Input - UserID or Email'

2021-11-19 08:07:27 - [TEST_STEP][PASSED] - delay(1): Delayed 1 second(s)

2021-11-19 08:07:28 - [MESSAGE][PASSED] - Delayed 1 second(s)

2021-11-19 08:07:28 - [TEST_STEP][PASSED] - hideKeyboard(): Keyboard is hidden

2021-11-19 08:07:35 - [MESSAGE][PASSED] - Keyboard is hidden

2021-11-19 08:07:35 - [TEST_STEP][PASSED] - delay(1): Delayed 1 second(s)

2021-11-19 08:07:36 - [MESSAGE][PASSED] - Delayed 1 second(s)

2021-11-19 08:07:36 - [TEST_STEP][PASSED] - tap(findTestObject("Mobile/Page/Login/Tap - Password 2"), 0): Tapped on element 'Object Repository/Mobile/Page/Login/Tap - Password 2'

2021-11-19 08:07:36 - [MESSAGE][WARNING] - Timeout '0' is invalid. Using default page load timeout: '60'

2021-11-19 08:07:37 - [MESSAGE][PASSED] - Tapped on element 'Object Repository/Mobile/Page/Login/Tap - Password 2'

2021-11-19 08:07:37 - [TEST_STEP][PASSED] - delay(3): Delayed 3 second(s)

2021-11-19 08:07:40 - [MESSAGE][PASSED] - Delayed 3 second(s)

2021-11-19 08:07:40 - [TEST_STEP][PASSED] - setText(findTestObject("Mobile/Page/Login/Tap - Password 2"), "Mirae1234", 0): Text 'Mirae1234' has been set to element 'Object Repository/Mobile/Page/Login/Tap - Password 2'

2021-11-19 08:07:40 - [MESSAGE][WARNING] - Timeout '0' is invalid. Using default page load timeout: '60'

2021-11-19 08:07:40 - [MESSAGE][PASSED] - Text 'Mirae1234' has been set to element 'Object Repository/Mobile/Page/Login/Tap - Password 2'

2021-11-19 08:07:40 - [TEST_STEP][PASSED] - delay(1): Delayed 1 second(s)

2021-11-19 08:07:41 - [MESSAGE][PASSED] - Delayed 1 second(s)

2021-11-19 08:07:41 - [TEST_STEP][PASSED] - hideKeyboard(): Keyboard is hidden

2021-11-19 08:07:48 - [MESSAGE][PASSED] - Keyboard is hidden

2021-11-19 08:07:48 - [TEST_STEP][PASSED] - delay(1): Delayed 1 second(s)

2021-11-19 08:07:49 - [MESSAGE][PASSED] - Delayed 1 second(s)

2021-11-19 08:07:49 - [TEST_STEP][PASSED] - tap(findTestObject("Mobile/Page/Login/Button - Sign In"), 0): Tapped on element 'Object Repository/Mobile/Page/Login/Button - Sign In'

2021-11-19 08:07:49 - [MESSAGE][WARNING] - Timeout '0' is invalid. Using default page load timeout: '60'

2021-11-19 08:07:49 - [MESSAGE][PASSED] - Tapped on element 'Object Repository/Mobile/Page/Login/Button - Sign In'

2021-11-19 08:07:49 - [MESSAGE][PASSED] - Call Test Case 'Test Cases/Mobile/Page/Login/Login' successfully

2021-11-19 08:07:49 - [TEST_STEP][PASSED] - if (page == "cart"): null

2021-11-19 08:07:49 - [TEST_STEP][PASSED] - tap(findTestObject("Object Repository/Mobile/Page/Transaction/Button - Menubar Transaction"), 0): Tapped on element 'Object Repository/Mobile/Page/Transaction/Button - Menubar Transaction'

2021-11-19 08:07:49 - [MESSAGE][WARNING] - Timeout '0' is invalid. Using default page load timeout: '60'

2021-11-19 08:07:55 - [MESSAGE][PASSED] - Tapped on element 'Object Repository/Mobile/Page/Transaction/Button - Menubar Transaction'

2021-11-19 08:07:55 - [TEST_STEP][PASSED] - delay(1): Delayed 1 second(s)

2021-11-19 08:07:56 - [MESSAGE][PASSED] - Delayed 1 second(s)

2021-11-19 08:07:56 - [TEST_STEP][PASSED] - if (page == "onprocess"): null

2021-11-19 08:07:56 - [TEST_STEP][PASSED] - else if (page == "history"): null

2021-11-19 08:07:56 - [TEST_STEP][PASSED] - else if (page == "cart"): null

2021-11-19 08:07:56 - [TEST_STEP][PASSED] - else if (page == "notification"): Delayed 1 second(s)

2021-11-19 08:07:56 - [TEST_STEP][PASSED] - tapAndHold(findTestObject("Mobile/Page/Transaction/Button - Icon Notification"), 1, 0): Tapped and held on element 'Object Repository/Mobile/Page/Transaction/Button - Icon Notification' with duration 1

2021-11-19 08:07:56 - [MESSAGE][WARNING] - Timeout '0' is invalid. Using default page load timeout: '60'

2021-11-19 08:07:59 - [MESSAGE][PASSED] - Tapped and held on element 'Object Repository/Mobile/Page/Transaction/Button - Icon Notification' with duration 1

2021-11-19 08:07:59 - [TEST_STEP][PASSED] - delay(3): Delayed 3 second(s)

2021-11-19 08:08:02 - [MESSAGE][PASSED] - Delayed 3 second(s)

2021-11-19 08:08:02 - [TEST_STEP][PASSED] - if (action == "profile"): null

2021-11-19 08:08:02 - [TEST_STEP][PASSED] - delay(1): Delayed 1 second(s)

2021-11-19 08:08:03 - [MESSAGE][PASSED] - Delayed 1 second(s)

2021-11-19 08:08:03 - [MESSAGE][PASSED] - Call Test Case 'Test Cases/Mobile/Page/Transaction/Transaction' successfully

2021-11-19 08:08:03 - [TEST_STEP][PASSED] - callTestCase(findTestCase("Mobile/Page/Run App/Terminate App"), [:], STOP_ON_FAILURE): Call Test Case 'Test Cases/Mobile/Page/Run App/Terminate App' successfully

2021-11-19 08:08:03 - [TEST_CASE][PASSED] - Test Cases/Mobile/Page/Run App/Terminate App: Test Cases/Mobile/Page/Run App/Terminate App

2021-11-19 08:08:03 - [TEST_STEP][PASSED] - startApp.OpenApp.terminateApplication(): startApp.OpenApp.terminateApplication is PASSED

2021-11-19 08:08:06 - [MESSAGE][PASSED] - Delayed 3 second(s)

2021-11-19 08:08:07 - [MESSAGE][PASSED] - Current device physical width is 720

2021-11-19 08:08:07 - [MESSAGE][PASSED] - Current device physical height is 1423

2021-11-19 08:08:08 - [MESSAGE][PASSED] - Swiped from 360,853 to 360,142

2021-11-19 08:08:09 - [MESSAGE][PASSED] - Delayed 1 second(s)

2021-11-19 08:08:11 - [MESSAGE][PASSED] - Swiped from 360,853 to 360,142

2021-11-19 08:08:14 - [MESSAGE][PASSED] - Delayed 3 second(s)

2021-11-19 08:08:14 - [MESSAGE][PASSED] - startApp.OpenApp.terminateApplication is PASSED

2021-11-19 08:08:14 - [MESSAGE][PASSED] - Call Test Case 'Test Cases/Mobile/Page/Run App/Terminate App' successfully]]></system-out>
         <system-err><![CDATA[]]></system-err>
      </testcase>
      <testcase name="Test Cases/Mobile/Scenario/Transaction/017 - Melihat notifikasi berdasarkan kategori Promo" time="71.761" classname="Test Cases/Mobile/Scenario/Transaction/017 - Melihat notifikasi berdasarkan kategori Promo" status="PASSED">
         <system-out><![CDATA[2021-11-19 08:08:14 - [TEST_CASE][PASSED] - Test Cases/Mobile/Scenario/Transaction/017 - Melihat notifikasi berdasarkan kategori Promo: Test Cases/Mobile/Scenario/Transaction/017 - Melihat notifikasi berdasarkan kategori Promo

2021-11-19 08:08:14 - [TEST_STEP][PASSED] - callTestCase(findTestCase("Mobile/Page/Run App/Run App byID"), [:], STOP_ON_FAILURE): Call Test Case 'Test Cases/Mobile/Page/Run App/Run App byID' successfully

2021-11-19 08:08:14 - [TEST_CASE][PASSED] - Test Cases/Mobile/Page/Run App/Run App byID: Test Cases/Mobile/Page/Run App/Run App byID

2021-11-19 08:08:14 - [TEST_STEP][PASSED] - startApp.OpenApp.startApplication("id.co.miraeasset.navi"): startApp.OpenApp.startApplication is PASSED

2021-11-19 08:08:29 - [MESSAGE][PASSED] - Starting app with application ID: 'id.co.miraeasset.navi'

2021-11-19 08:08:29 - [MESSAGE][PASSED] - startApp.OpenApp.startApplication is PASSED

2021-11-19 08:08:29 - [MESSAGE][PASSED] - Call Test Case 'Test Cases/Mobile/Page/Run App/Run App byID' successfully

2021-11-19 08:08:29 - [TEST_STEP][PASSED] - callTestCase(findTestCase("Mobile/Page/Transaction/Transaction"), ["page":"notification", "tab":"promo", "action":"detail"], CONTINUE_ON_FAILURE): Call Test Case 'Test Cases/Mobile/Page/Transaction/Transaction' successfully

2021-11-19 08:08:29 - [TEST_CASE][PASSED] - Test Cases/Mobile/Page/Transaction/Transaction: Test Cases/Mobile/Page/Transaction/Transaction

2021-11-19 08:08:29 - [TEST_STEP][PASSED] - delay(5): Delayed 5 second(s)

2021-11-19 08:08:34 - [MESSAGE][PASSED] - Delayed 5 second(s)

2021-11-19 08:08:34 - [TEST_STEP][PASSED] - loginCheck = verifyElementExist(findTestObject("Object Repository/Mobile/Page/Dashboard/Button - Login"), 2, CONTINUE_ON_FAILURE): Element 'Object Repository/Mobile/Page/Dashboard/Button - Login' is exist

2021-11-19 08:08:34 - [MESSAGE][PASSED] - Element 'Object Repository/Mobile/Page/Dashboard/Button - Login' is exist

2021-11-19 08:08:34 - [TEST_STEP][PASSED] - if (loginCheck): Call Test Case 'Test Cases/Mobile/Page/Login/Login' successfully

2021-11-19 08:08:34 - [TEST_STEP][PASSED] - callTestCase(findTestCase("Mobile/Page/Login/Login"), ["isLogin":0]): Call Test Case 'Test Cases/Mobile/Page/Login/Login' successfully

2021-11-19 08:08:34 - [TEST_CASE][PASSED] - Test Cases/Mobile/Page/Login/Login: Test Cases/Mobile/Page/Login/Login

2021-11-19 08:08:34 - [TEST_STEP][PASSED] - if (isLogin == 0): Tapped on element 'Object Repository/Mobile/Page/Dashboard/Button - Login'

2021-11-19 08:08:34 - [TEST_STEP][PASSED] - tap(findTestObject("Mobile/Page/Dashboard/Button - Login"), 0): Tapped on element 'Object Repository/Mobile/Page/Dashboard/Button - Login'

2021-11-19 08:08:34 - [MESSAGE][WARNING] - Timeout '0' is invalid. Using default page load timeout: '60'

2021-11-19 08:08:35 - [MESSAGE][PASSED] - Tapped on element 'Object Repository/Mobile/Page/Dashboard/Button - Login'

2021-11-19 08:08:35 - [TEST_STEP][PASSED] - tap(findTestObject("Mobile/Page/Login/Tap - UserID or Email"), 0): Tapped on element 'Object Repository/Mobile/Page/Login/Tap - UserID or Email'

2021-11-19 08:08:35 - [MESSAGE][WARNING] - Timeout '0' is invalid. Using default page load timeout: '60'

2021-11-19 08:08:38 - [MESSAGE][PASSED] - Tapped on element 'Object Repository/Mobile/Page/Login/Tap - UserID or Email'

2021-11-19 08:08:38 - [TEST_STEP][PASSED] - delay(3): Delayed 3 second(s)

2021-11-19 08:08:41 - [MESSAGE][PASSED] - Delayed 3 second(s)

2021-11-19 08:08:41 - [TEST_STEP][PASSED] - setText(findTestObject("Mobile/Page/Login/Input - UserID or Email"), "ady.pangerang@gmail.com", 0): Text 'ady.pangerang@gmail.com' has been set to element 'Object Repository/Mobile/Page/Login/Input - UserID or Email'

2021-11-19 08:08:41 - [MESSAGE][WARNING] - Timeout '0' is invalid. Using default page load timeout: '60'

2021-11-19 08:08:42 - [MESSAGE][PASSED] - Text 'ady.pangerang@gmail.com' has been set to element 'Object Repository/Mobile/Page/Login/Input - UserID or Email'

2021-11-19 08:08:42 - [TEST_STEP][PASSED] - delay(1): Delayed 1 second(s)

2021-11-19 08:08:43 - [MESSAGE][PASSED] - Delayed 1 second(s)

2021-11-19 08:08:43 - [TEST_STEP][PASSED] - hideKeyboard(): Keyboard is hidden

2021-11-19 08:08:50 - [MESSAGE][PASSED] - Keyboard is hidden

2021-11-19 08:08:50 - [TEST_STEP][PASSED] - delay(1): Delayed 1 second(s)

2021-11-19 08:08:51 - [MESSAGE][PASSED] - Delayed 1 second(s)

2021-11-19 08:08:51 - [TEST_STEP][PASSED] - tap(findTestObject("Mobile/Page/Login/Tap - Password 2"), 0): Tapped on element 'Object Repository/Mobile/Page/Login/Tap - Password 2'

2021-11-19 08:08:51 - [MESSAGE][WARNING] - Timeout '0' is invalid. Using default page load timeout: '60'

2021-11-19 08:08:52 - [MESSAGE][PASSED] - Tapped on element 'Object Repository/Mobile/Page/Login/Tap - Password 2'

2021-11-19 08:08:52 - [TEST_STEP][PASSED] - delay(3): Delayed 3 second(s)

2021-11-19 08:08:55 - [MESSAGE][PASSED] - Delayed 3 second(s)

2021-11-19 08:08:55 - [TEST_STEP][PASSED] - setText(findTestObject("Mobile/Page/Login/Tap - Password 2"), "Mirae1234", 0): Text 'Mirae1234' has been set to element 'Object Repository/Mobile/Page/Login/Tap - Password 2'

2021-11-19 08:08:55 - [MESSAGE][WARNING] - Timeout '0' is invalid. Using default page load timeout: '60'

2021-11-19 08:08:55 - [MESSAGE][PASSED] - Text 'Mirae1234' has been set to element 'Object Repository/Mobile/Page/Login/Tap - Password 2'

2021-11-19 08:08:55 - [TEST_STEP][PASSED] - delay(1): Delayed 1 second(s)

2021-11-19 08:08:56 - [MESSAGE][PASSED] - Delayed 1 second(s)

2021-11-19 08:08:56 - [TEST_STEP][PASSED] - hideKeyboard(): Keyboard is hidden

2021-11-19 08:09:03 - [MESSAGE][PASSED] - Keyboard is hidden

2021-11-19 08:09:03 - [TEST_STEP][PASSED] - delay(1): Delayed 1 second(s)

2021-11-19 08:09:04 - [MESSAGE][PASSED] - Delayed 1 second(s)

2021-11-19 08:09:04 - [TEST_STEP][PASSED] - tap(findTestObject("Mobile/Page/Login/Button - Sign In"), 0): Tapped on element 'Object Repository/Mobile/Page/Login/Button - Sign In'

2021-11-19 08:09:04 - [MESSAGE][WARNING] - Timeout '0' is invalid. Using default page load timeout: '60'

2021-11-19 08:09:05 - [MESSAGE][PASSED] - Tapped on element 'Object Repository/Mobile/Page/Login/Button - Sign In'

2021-11-19 08:09:05 - [MESSAGE][PASSED] - Call Test Case 'Test Cases/Mobile/Page/Login/Login' successfully

2021-11-19 08:09:05 - [TEST_STEP][PASSED] - if (page == "cart"): null

2021-11-19 08:09:05 - [TEST_STEP][PASSED] - tap(findTestObject("Object Repository/Mobile/Page/Transaction/Button - Menubar Transaction"), 0): Tapped on element 'Object Repository/Mobile/Page/Transaction/Button - Menubar Transaction'

2021-11-19 08:09:05 - [MESSAGE][WARNING] - Timeout '0' is invalid. Using default page load timeout: '60'

2021-11-19 08:09:07 - [MESSAGE][PASSED] - Tapped on element 'Object Repository/Mobile/Page/Transaction/Button - Menubar Transaction'

2021-11-19 08:09:07 - [TEST_STEP][PASSED] - delay(1): Delayed 1 second(s)

2021-11-19 08:09:08 - [MESSAGE][PASSED] - Delayed 1 second(s)

2021-11-19 08:09:08 - [TEST_STEP][PASSED] - if (page == "onprocess"): null

2021-11-19 08:09:08 - [TEST_STEP][PASSED] - else if (page == "history"): null

2021-11-19 08:09:08 - [TEST_STEP][PASSED] - else if (page == "cart"): null

2021-11-19 08:09:08 - [TEST_STEP][PASSED] - else if (page == "notification"): Delayed 1 second(s)

2021-11-19 08:09:08 - [TEST_STEP][PASSED] - tapAndHold(findTestObject("Mobile/Page/Transaction/Button - Icon Notification"), 1, 0): Tapped and held on element 'Object Repository/Mobile/Page/Transaction/Button - Icon Notification' with duration 1

2021-11-19 08:09:08 - [MESSAGE][WARNING] - Timeout '0' is invalid. Using default page load timeout: '60'

2021-11-19 08:09:11 - [MESSAGE][PASSED] - Tapped and held on element 'Object Repository/Mobile/Page/Transaction/Button - Icon Notification' with duration 1

2021-11-19 08:09:11 - [TEST_STEP][PASSED] - delay(3): Delayed 3 second(s)

2021-11-19 08:09:14 - [MESSAGE][PASSED] - Delayed 3 second(s)

2021-11-19 08:09:14 - [TEST_STEP][PASSED] - if (action == "profile"): null

2021-11-19 08:09:14 - [TEST_STEP][PASSED] - delay(1): Delayed 1 second(s)

2021-11-19 08:09:15 - [MESSAGE][PASSED] - Delayed 1 second(s)

2021-11-19 08:09:15 - [MESSAGE][PASSED] - Call Test Case 'Test Cases/Mobile/Page/Transaction/Transaction' successfully

2021-11-19 08:09:15 - [TEST_STEP][PASSED] - callTestCase(findTestCase("Mobile/Page/Run App/Terminate App"), [:], STOP_ON_FAILURE): Call Test Case 'Test Cases/Mobile/Page/Run App/Terminate App' successfully

2021-11-19 08:09:15 - [TEST_CASE][PASSED] - Test Cases/Mobile/Page/Run App/Terminate App: Test Cases/Mobile/Page/Run App/Terminate App

2021-11-19 08:09:15 - [TEST_STEP][PASSED] - startApp.OpenApp.terminateApplication(): startApp.OpenApp.terminateApplication is PASSED

2021-11-19 08:09:18 - [MESSAGE][PASSED] - Delayed 3 second(s)

2021-11-19 08:09:18 - [MESSAGE][PASSED] - Current device physical width is 720

2021-11-19 08:09:19 - [MESSAGE][PASSED] - Current device physical height is 1423

2021-11-19 08:09:20 - [MESSAGE][PASSED] - Swiped from 360,853 to 360,142

2021-11-19 08:09:21 - [MESSAGE][PASSED] - Delayed 1 second(s)

2021-11-19 08:09:22 - [MESSAGE][PASSED] - Swiped from 360,853 to 360,142

2021-11-19 08:09:25 - [MESSAGE][PASSED] - Delayed 3 second(s)

2021-11-19 08:09:25 - [MESSAGE][PASSED] - startApp.OpenApp.terminateApplication is PASSED

2021-11-19 08:09:25 - [MESSAGE][PASSED] - Call Test Case 'Test Cases/Mobile/Page/Run App/Terminate App' successfully]]></system-out>
         <system-err><![CDATA[]]></system-err>
      </testcase>
      <testcase name="Test Cases/Mobile/Scenario/Transaction/018 - Melihat notifikasi berdasarkan kategori Event" time="66.111" classname="Test Cases/Mobile/Scenario/Transaction/018 - Melihat notifikasi berdasarkan kategori Event" status="PASSED">
         <system-out><![CDATA[2021-11-19 08:09:25 - [TEST_CASE][PASSED] - Test Cases/Mobile/Scenario/Transaction/018 - Melihat notifikasi berdasarkan kategori Event: Test Cases/Mobile/Scenario/Transaction/018 - Melihat notifikasi berdasarkan kategori Event

2021-11-19 08:09:26 - [TEST_STEP][PASSED] - callTestCase(findTestCase("Mobile/Page/Run App/Run App byID"), [:], STOP_ON_FAILURE): Call Test Case 'Test Cases/Mobile/Page/Run App/Run App byID' successfully

2021-11-19 08:09:26 - [TEST_CASE][PASSED] - Test Cases/Mobile/Page/Run App/Run App byID: Test Cases/Mobile/Page/Run App/Run App byID

2021-11-19 08:09:26 - [TEST_STEP][PASSED] - startApp.OpenApp.startApplication("id.co.miraeasset.navi"): startApp.OpenApp.startApplication is PASSED

2021-11-19 08:09:39 - [MESSAGE][PASSED] - Starting app with application ID: 'id.co.miraeasset.navi'

2021-11-19 08:09:39 - [MESSAGE][PASSED] - startApp.OpenApp.startApplication is PASSED

2021-11-19 08:09:39 - [MESSAGE][PASSED] - Call Test Case 'Test Cases/Mobile/Page/Run App/Run App byID' successfully

2021-11-19 08:09:39 - [TEST_STEP][PASSED] - callTestCase(findTestCase("Mobile/Page/Transaction/Transaction"), ["page":"notification", "tab":"event", "action":"detail"], CONTINUE_ON_FAILURE): Call Test Case 'Test Cases/Mobile/Page/Transaction/Transaction' successfully

2021-11-19 08:09:39 - [TEST_CASE][PASSED] - Test Cases/Mobile/Page/Transaction/Transaction: Test Cases/Mobile/Page/Transaction/Transaction

2021-11-19 08:09:39 - [TEST_STEP][PASSED] - delay(5): Delayed 5 second(s)

2021-11-19 08:09:44 - [MESSAGE][PASSED] - Delayed 5 second(s)

2021-11-19 08:09:44 - [TEST_STEP][PASSED] - loginCheck = verifyElementExist(findTestObject("Object Repository/Mobile/Page/Dashboard/Button - Login"), 2, CONTINUE_ON_FAILURE): Element 'Object Repository/Mobile/Page/Dashboard/Button - Login' is exist

2021-11-19 08:09:44 - [MESSAGE][PASSED] - Element 'Object Repository/Mobile/Page/Dashboard/Button - Login' is exist

2021-11-19 08:09:44 - [TEST_STEP][PASSED] - if (loginCheck): Call Test Case 'Test Cases/Mobile/Page/Login/Login' successfully

2021-11-19 08:09:44 - [TEST_STEP][PASSED] - callTestCase(findTestCase("Mobile/Page/Login/Login"), ["isLogin":0]): Call Test Case 'Test Cases/Mobile/Page/Login/Login' successfully

2021-11-19 08:09:44 - [TEST_CASE][PASSED] - Test Cases/Mobile/Page/Login/Login: Test Cases/Mobile/Page/Login/Login

2021-11-19 08:09:44 - [TEST_STEP][PASSED] - if (isLogin == 0): Tapped on element 'Object Repository/Mobile/Page/Dashboard/Button - Login'

2021-11-19 08:09:44 - [TEST_STEP][PASSED] - tap(findTestObject("Mobile/Page/Dashboard/Button - Login"), 0): Tapped on element 'Object Repository/Mobile/Page/Dashboard/Button - Login'

2021-11-19 08:09:44 - [MESSAGE][WARNING] - Timeout '0' is invalid. Using default page load timeout: '60'

2021-11-19 08:09:45 - [MESSAGE][PASSED] - Tapped on element 'Object Repository/Mobile/Page/Dashboard/Button - Login'

2021-11-19 08:09:45 - [TEST_STEP][PASSED] - tap(findTestObject("Mobile/Page/Login/Tap - UserID or Email"), 0): Tapped on element 'Object Repository/Mobile/Page/Login/Tap - UserID or Email'

2021-11-19 08:09:45 - [MESSAGE][WARNING] - Timeout '0' is invalid. Using default page load timeout: '60'

2021-11-19 08:09:48 - [MESSAGE][PASSED] - Tapped on element 'Object Repository/Mobile/Page/Login/Tap - UserID or Email'

2021-11-19 08:09:48 - [TEST_STEP][PASSED] - delay(3): Delayed 3 second(s)

2021-11-19 08:09:51 - [MESSAGE][PASSED] - Delayed 3 second(s)

2021-11-19 08:09:51 - [TEST_STEP][PASSED] - setText(findTestObject("Mobile/Page/Login/Input - UserID or Email"), "ady.pangerang@gmail.com", 0): Text 'ady.pangerang@gmail.com' has been set to element 'Object Repository/Mobile/Page/Login/Input - UserID or Email'

2021-11-19 08:09:51 - [MESSAGE][WARNING] - Timeout '0' is invalid. Using default page load timeout: '60'

2021-11-19 08:09:51 - [MESSAGE][PASSED] - Text 'ady.pangerang@gmail.com' has been set to element 'Object Repository/Mobile/Page/Login/Input - UserID or Email'

2021-11-19 08:09:51 - [TEST_STEP][PASSED] - delay(1): Delayed 1 second(s)

2021-11-19 08:09:52 - [MESSAGE][PASSED] - Delayed 1 second(s)

2021-11-19 08:09:52 - [TEST_STEP][PASSED] - hideKeyboard(): Keyboard is hidden

2021-11-19 08:09:56 - [MESSAGE][PASSED] - Keyboard is hidden

2021-11-19 08:09:56 - [TEST_STEP][PASSED] - delay(1): Delayed 1 second(s)

2021-11-19 08:09:57 - [MESSAGE][PASSED] - Delayed 1 second(s)

2021-11-19 08:09:57 - [TEST_STEP][PASSED] - tap(findTestObject("Mobile/Page/Login/Tap - Password 2"), 0): Tapped on element 'Object Repository/Mobile/Page/Login/Tap - Password 2'

2021-11-19 08:09:57 - [MESSAGE][WARNING] - Timeout '0' is invalid. Using default page load timeout: '60'

2021-11-19 08:09:58 - [MESSAGE][PASSED] - Tapped on element 'Object Repository/Mobile/Page/Login/Tap - Password 2'

2021-11-19 08:09:58 - [TEST_STEP][PASSED] - delay(3): Delayed 3 second(s)

2021-11-19 08:10:01 - [MESSAGE][PASSED] - Delayed 3 second(s)

2021-11-19 08:10:01 - [TEST_STEP][PASSED] - setText(findTestObject("Mobile/Page/Login/Tap - Password 2"), "Mirae1234", 0): Text 'Mirae1234' has been set to element 'Object Repository/Mobile/Page/Login/Tap - Password 2'

2021-11-19 08:10:01 - [MESSAGE][WARNING] - Timeout '0' is invalid. Using default page load timeout: '60'

2021-11-19 08:10:01 - [MESSAGE][PASSED] - Text 'Mirae1234' has been set to element 'Object Repository/Mobile/Page/Login/Tap - Password 2'

2021-11-19 08:10:01 - [TEST_STEP][PASSED] - delay(1): Delayed 1 second(s)

2021-11-19 08:10:02 - [MESSAGE][PASSED] - Delayed 1 second(s)

2021-11-19 08:10:02 - [TEST_STEP][PASSED] - hideKeyboard(): Keyboard is hidden

2021-11-19 08:10:09 - [MESSAGE][PASSED] - Keyboard is hidden

2021-11-19 08:10:09 - [TEST_STEP][PASSED] - delay(1): Delayed 1 second(s)

2021-11-19 08:10:10 - [MESSAGE][PASSED] - Delayed 1 second(s)

2021-11-19 08:10:10 - [TEST_STEP][PASSED] - tap(findTestObject("Mobile/Page/Login/Button - Sign In"), 0): Tapped on element 'Object Repository/Mobile/Page/Login/Button - Sign In'

2021-11-19 08:10:10 - [MESSAGE][WARNING] - Timeout '0' is invalid. Using default page load timeout: '60'

2021-11-19 08:10:12 - [MESSAGE][PASSED] - Tapped on element 'Object Repository/Mobile/Page/Login/Button - Sign In'

2021-11-19 08:10:12 - [MESSAGE][PASSED] - Call Test Case 'Test Cases/Mobile/Page/Login/Login' successfully

2021-11-19 08:10:12 - [TEST_STEP][PASSED] - if (page == "cart"): null

2021-11-19 08:10:12 - [TEST_STEP][PASSED] - tap(findTestObject("Object Repository/Mobile/Page/Transaction/Button - Menubar Transaction"), 0): Tapped on element 'Object Repository/Mobile/Page/Transaction/Button - Menubar Transaction'

2021-11-19 08:10:12 - [MESSAGE][WARNING] - Timeout '0' is invalid. Using default page load timeout: '60'

2021-11-19 08:10:13 - [MESSAGE][PASSED] - Tapped on element 'Object Repository/Mobile/Page/Transaction/Button - Menubar Transaction'

2021-11-19 08:10:13 - [TEST_STEP][PASSED] - delay(1): Delayed 1 second(s)

2021-11-19 08:10:14 - [MESSAGE][PASSED] - Delayed 1 second(s)

2021-11-19 08:10:14 - [TEST_STEP][PASSED] - if (page == "onprocess"): null

2021-11-19 08:10:14 - [TEST_STEP][PASSED] - else if (page == "history"): null

2021-11-19 08:10:14 - [TEST_STEP][PASSED] - else if (page == "cart"): null

2021-11-19 08:10:14 - [TEST_STEP][PASSED] - else if (page == "notification"): Delayed 1 second(s)

2021-11-19 08:10:14 - [TEST_STEP][PASSED] - tapAndHold(findTestObject("Mobile/Page/Transaction/Button - Icon Notification"), 1, 0): Tapped and held on element 'Object Repository/Mobile/Page/Transaction/Button - Icon Notification' with duration 1

2021-11-19 08:10:14 - [MESSAGE][WARNING] - Timeout '0' is invalid. Using default page load timeout: '60'

2021-11-19 08:10:17 - [MESSAGE][PASSED] - Tapped and held on element 'Object Repository/Mobile/Page/Transaction/Button - Icon Notification' with duration 1

2021-11-19 08:10:17 - [TEST_STEP][PASSED] - delay(3): Delayed 3 second(s)

2021-11-19 08:10:20 - [MESSAGE][PASSED] - Delayed 3 second(s)

2021-11-19 08:10:20 - [TEST_STEP][PASSED] - if (action == "profile"): null

2021-11-19 08:10:20 - [TEST_STEP][PASSED] - delay(1): Delayed 1 second(s)

2021-11-19 08:10:21 - [MESSAGE][PASSED] - Delayed 1 second(s)

2021-11-19 08:10:21 - [MESSAGE][PASSED] - Call Test Case 'Test Cases/Mobile/Page/Transaction/Transaction' successfully

2021-11-19 08:10:21 - [TEST_STEP][PASSED] - callTestCase(findTestCase("Mobile/Page/Run App/Terminate App"), [:], STOP_ON_FAILURE): Call Test Case 'Test Cases/Mobile/Page/Run App/Terminate App' successfully

2021-11-19 08:10:21 - [TEST_CASE][PASSED] - Test Cases/Mobile/Page/Run App/Terminate App: Test Cases/Mobile/Page/Run App/Terminate App

2021-11-19 08:10:21 - [TEST_STEP][PASSED] - startApp.OpenApp.terminateApplication(): startApp.OpenApp.terminateApplication is PASSED

2021-11-19 08:10:24 - [MESSAGE][PASSED] - Delayed 3 second(s)

2021-11-19 08:10:25 - [MESSAGE][PASSED] - Current device physical width is 720

2021-11-19 08:10:25 - [MESSAGE][PASSED] - Current device physical height is 1423

2021-11-19 08:10:26 - [MESSAGE][PASSED] - Swiped from 360,853 to 360,142

2021-11-19 08:10:27 - [MESSAGE][PASSED] - Delayed 1 second(s)

2021-11-19 08:10:29 - [MESSAGE][PASSED] - Swiped from 360,853 to 360,142

2021-11-19 08:10:32 - [MESSAGE][PASSED] - Delayed 3 second(s)

2021-11-19 08:10:32 - [MESSAGE][PASSED] - startApp.OpenApp.terminateApplication is PASSED

2021-11-19 08:10:32 - [MESSAGE][PASSED] - Call Test Case 'Test Cases/Mobile/Page/Run App/Terminate App' successfully]]></system-out>
         <system-err><![CDATA[]]></system-err>
      </testcase>
      <testcase name="Test Cases/Mobile/Scenario/Transaction/019 - Melihat notifikasi berdasarkan kategori Tips" time="66.808" classname="Test Cases/Mobile/Scenario/Transaction/019 - Melihat notifikasi berdasarkan kategori Tips" status="PASSED">
         <system-out><![CDATA[2021-11-19 08:10:32 - [TEST_CASE][PASSED] - Test Cases/Mobile/Scenario/Transaction/019 - Melihat notifikasi berdasarkan kategori Tips: Test Cases/Mobile/Scenario/Transaction/019 - Melihat notifikasi berdasarkan kategori Tips

2021-11-19 08:10:32 - [TEST_STEP][PASSED] - callTestCase(findTestCase("Mobile/Page/Run App/Run App byID"), [:], STOP_ON_FAILURE): Call Test Case 'Test Cases/Mobile/Page/Run App/Run App byID' successfully

2021-11-19 08:10:32 - [TEST_CASE][PASSED] - Test Cases/Mobile/Page/Run App/Run App byID: Test Cases/Mobile/Page/Run App/Run App byID

2021-11-19 08:10:32 - [TEST_STEP][PASSED] - startApp.OpenApp.startApplication("id.co.miraeasset.navi"): startApp.OpenApp.startApplication is PASSED

2021-11-19 08:10:46 - [MESSAGE][PASSED] - Starting app with application ID: 'id.co.miraeasset.navi'

2021-11-19 08:10:46 - [MESSAGE][PASSED] - startApp.OpenApp.startApplication is PASSED

2021-11-19 08:10:46 - [MESSAGE][PASSED] - Call Test Case 'Test Cases/Mobile/Page/Run App/Run App byID' successfully

2021-11-19 08:10:46 - [TEST_STEP][PASSED] - callTestCase(findTestCase("Mobile/Page/Transaction/Transaction"), ["page":"notification", "tab":"tips", "action":"detail"], CONTINUE_ON_FAILURE): Call Test Case 'Test Cases/Mobile/Page/Transaction/Transaction' successfully

2021-11-19 08:10:46 - [TEST_CASE][PASSED] - Test Cases/Mobile/Page/Transaction/Transaction: Test Cases/Mobile/Page/Transaction/Transaction

2021-11-19 08:10:46 - [TEST_STEP][PASSED] - delay(5): Delayed 5 second(s)

2021-11-19 08:10:51 - [MESSAGE][PASSED] - Delayed 5 second(s)

2021-11-19 08:10:51 - [TEST_STEP][PASSED] - loginCheck = verifyElementExist(findTestObject("Object Repository/Mobile/Page/Dashboard/Button - Login"), 2, CONTINUE_ON_FAILURE): Element 'Object Repository/Mobile/Page/Dashboard/Button - Login' is exist

2021-11-19 08:10:51 - [MESSAGE][PASSED] - Element 'Object Repository/Mobile/Page/Dashboard/Button - Login' is exist

2021-11-19 08:10:51 - [TEST_STEP][PASSED] - if (loginCheck): Call Test Case 'Test Cases/Mobile/Page/Login/Login' successfully

2021-11-19 08:10:51 - [TEST_STEP][PASSED] - callTestCase(findTestCase("Mobile/Page/Login/Login"), ["isLogin":0]): Call Test Case 'Test Cases/Mobile/Page/Login/Login' successfully

2021-11-19 08:10:52 - [TEST_CASE][PASSED] - Test Cases/Mobile/Page/Login/Login: Test Cases/Mobile/Page/Login/Login

2021-11-19 08:10:52 - [TEST_STEP][PASSED] - if (isLogin == 0): Tapped on element 'Object Repository/Mobile/Page/Dashboard/Button - Login'

2021-11-19 08:10:52 - [TEST_STEP][PASSED] - tap(findTestObject("Mobile/Page/Dashboard/Button - Login"), 0): Tapped on element 'Object Repository/Mobile/Page/Dashboard/Button - Login'

2021-11-19 08:10:52 - [MESSAGE][WARNING] - Timeout '0' is invalid. Using default page load timeout: '60'

2021-11-19 08:10:52 - [MESSAGE][PASSED] - Tapped on element 'Object Repository/Mobile/Page/Dashboard/Button - Login'

2021-11-19 08:10:52 - [TEST_STEP][PASSED] - tap(findTestObject("Mobile/Page/Login/Tap - UserID or Email"), 0): Tapped on element 'Object Repository/Mobile/Page/Login/Tap - UserID or Email'

2021-11-19 08:10:52 - [MESSAGE][WARNING] - Timeout '0' is invalid. Using default page load timeout: '60'

2021-11-19 08:10:54 - [MESSAGE][PASSED] - Tapped on element 'Object Repository/Mobile/Page/Login/Tap - UserID or Email'

2021-11-19 08:10:54 - [TEST_STEP][PASSED] - delay(3): Delayed 3 second(s)

2021-11-19 08:10:57 - [MESSAGE][PASSED] - Delayed 3 second(s)

2021-11-19 08:10:57 - [TEST_STEP][PASSED] - setText(findTestObject("Mobile/Page/Login/Input - UserID or Email"), "ady.pangerang@gmail.com", 0): Text 'ady.pangerang@gmail.com' has been set to element 'Object Repository/Mobile/Page/Login/Input - UserID or Email'

2021-11-19 08:10:57 - [MESSAGE][WARNING] - Timeout '0' is invalid. Using default page load timeout: '60'

2021-11-19 08:10:58 - [MESSAGE][PASSED] - Text 'ady.pangerang@gmail.com' has been set to element 'Object Repository/Mobile/Page/Login/Input - UserID or Email'

2021-11-19 08:10:58 - [TEST_STEP][PASSED] - delay(1): Delayed 1 second(s)

2021-11-19 08:10:59 - [MESSAGE][PASSED] - Delayed 1 second(s)

2021-11-19 08:10:59 - [TEST_STEP][PASSED] - hideKeyboard(): Keyboard is hidden

2021-11-19 08:11:03 - [MESSAGE][PASSED] - Keyboard is hidden

2021-11-19 08:11:03 - [TEST_STEP][PASSED] - delay(1): Delayed 1 second(s)

2021-11-19 08:11:04 - [MESSAGE][PASSED] - Delayed 1 second(s)

2021-11-19 08:11:04 - [TEST_STEP][PASSED] - tap(findTestObject("Mobile/Page/Login/Tap - Password 2"), 0): Tapped on element 'Object Repository/Mobile/Page/Login/Tap - Password 2'

2021-11-19 08:11:04 - [MESSAGE][WARNING] - Timeout '0' is invalid. Using default page load timeout: '60'

2021-11-19 08:11:04 - [MESSAGE][PASSED] - Tapped on element 'Object Repository/Mobile/Page/Login/Tap - Password 2'

2021-11-19 08:11:04 - [TEST_STEP][PASSED] - delay(3): Delayed 3 second(s)

2021-11-19 08:11:07 - [MESSAGE][PASSED] - Delayed 3 second(s)

2021-11-19 08:11:07 - [TEST_STEP][PASSED] - setText(findTestObject("Mobile/Page/Login/Tap - Password 2"), "Mirae1234", 0): Text 'Mirae1234' has been set to element 'Object Repository/Mobile/Page/Login/Tap - Password 2'

2021-11-19 08:11:07 - [MESSAGE][WARNING] - Timeout '0' is invalid. Using default page load timeout: '60'

2021-11-19 08:11:08 - [MESSAGE][PASSED] - Text 'Mirae1234' has been set to element 'Object Repository/Mobile/Page/Login/Tap - Password 2'

2021-11-19 08:11:08 - [TEST_STEP][PASSED] - delay(1): Delayed 1 second(s)

2021-11-19 08:11:09 - [MESSAGE][PASSED] - Delayed 1 second(s)

2021-11-19 08:11:09 - [TEST_STEP][PASSED] - hideKeyboard(): Keyboard is hidden

2021-11-19 08:11:15 - [MESSAGE][PASSED] - Keyboard is hidden

2021-11-19 08:11:15 - [TEST_STEP][PASSED] - delay(1): Delayed 1 second(s)

2021-11-19 08:11:16 - [MESSAGE][PASSED] - Delayed 1 second(s)

2021-11-19 08:11:16 - [TEST_STEP][PASSED] - tap(findTestObject("Mobile/Page/Login/Button - Sign In"), 0): Tapped on element 'Object Repository/Mobile/Page/Login/Button - Sign In'

2021-11-19 08:11:16 - [MESSAGE][WARNING] - Timeout '0' is invalid. Using default page load timeout: '60'

2021-11-19 08:11:18 - [MESSAGE][PASSED] - Tapped on element 'Object Repository/Mobile/Page/Login/Button - Sign In'

2021-11-19 08:11:18 - [MESSAGE][PASSED] - Call Test Case 'Test Cases/Mobile/Page/Login/Login' successfully

2021-11-19 08:11:18 - [TEST_STEP][PASSED] - if (page == "cart"): null

2021-11-19 08:11:18 - [TEST_STEP][PASSED] - tap(findTestObject("Object Repository/Mobile/Page/Transaction/Button - Menubar Transaction"), 0): Tapped on element 'Object Repository/Mobile/Page/Transaction/Button - Menubar Transaction'

2021-11-19 08:11:18 - [MESSAGE][WARNING] - Timeout '0' is invalid. Using default page load timeout: '60'

2021-11-19 08:11:20 - [MESSAGE][PASSED] - Tapped on element 'Object Repository/Mobile/Page/Transaction/Button - Menubar Transaction'

2021-11-19 08:11:20 - [TEST_STEP][PASSED] - delay(1): Delayed 1 second(s)

2021-11-19 08:11:21 - [MESSAGE][PASSED] - Delayed 1 second(s)

2021-11-19 08:11:21 - [TEST_STEP][PASSED] - if (page == "onprocess"): null

2021-11-19 08:11:21 - [TEST_STEP][PASSED] - else if (page == "history"): null

2021-11-19 08:11:21 - [TEST_STEP][PASSED] - else if (page == "cart"): null

2021-11-19 08:11:21 - [TEST_STEP][PASSED] - else if (page == "notification"): Delayed 1 second(s)

2021-11-19 08:11:21 - [TEST_STEP][PASSED] - tapAndHold(findTestObject("Mobile/Page/Transaction/Button - Icon Notification"), 1, 0): Tapped and held on element 'Object Repository/Mobile/Page/Transaction/Button - Icon Notification' with duration 1

2021-11-19 08:11:21 - [MESSAGE][WARNING] - Timeout '0' is invalid. Using default page load timeout: '60'

2021-11-19 08:11:24 - [MESSAGE][PASSED] - Tapped and held on element 'Object Repository/Mobile/Page/Transaction/Button - Icon Notification' with duration 1

2021-11-19 08:11:24 - [TEST_STEP][PASSED] - delay(3): Delayed 3 second(s)

2021-11-19 08:11:27 - [MESSAGE][PASSED] - Delayed 3 second(s)

2021-11-19 08:11:27 - [TEST_STEP][PASSED] - if (action == "profile"): null

2021-11-19 08:11:27 - [TEST_STEP][PASSED] - delay(1): Delayed 1 second(s)

2021-11-19 08:11:28 - [MESSAGE][PASSED] - Delayed 1 second(s)

2021-11-19 08:11:28 - [MESSAGE][PASSED] - Call Test Case 'Test Cases/Mobile/Page/Transaction/Transaction' successfully

2021-11-19 08:11:28 - [TEST_STEP][PASSED] - callTestCase(findTestCase("Mobile/Page/Run App/Terminate App"), [:], STOP_ON_FAILURE): Call Test Case 'Test Cases/Mobile/Page/Run App/Terminate App' successfully

2021-11-19 08:11:28 - [TEST_CASE][PASSED] - Test Cases/Mobile/Page/Run App/Terminate App: Test Cases/Mobile/Page/Run App/Terminate App

2021-11-19 08:11:28 - [TEST_STEP][PASSED] - startApp.OpenApp.terminateApplication(): startApp.OpenApp.terminateApplication is PASSED

2021-11-19 08:11:31 - [MESSAGE][PASSED] - Delayed 3 second(s)

2021-11-19 08:11:31 - [MESSAGE][PASSED] - Current device physical width is 720

2021-11-19 08:11:31 - [MESSAGE][PASSED] - Current device physical height is 1423

2021-11-19 08:11:33 - [MESSAGE][PASSED] - Swiped from 360,853 to 360,142

2021-11-19 08:11:34 - [MESSAGE][PASSED] - Delayed 1 second(s)

2021-11-19 08:11:35 - [MESSAGE][PASSED] - Swiped from 360,853 to 360,142

2021-11-19 08:11:38 - [MESSAGE][PASSED] - Delayed 3 second(s)

2021-11-19 08:11:38 - [MESSAGE][PASSED] - startApp.OpenApp.terminateApplication is PASSED

2021-11-19 08:11:38 - [MESSAGE][PASSED] - Call Test Case 'Test Cases/Mobile/Page/Run App/Terminate App' successfully]]></system-out>
         <system-err><![CDATA[]]></system-err>
      </testcase>
      <testcase name="Test Cases/Mobile/Scenario/Transaction/020 - Beli reksa dana melalui keranjang menggunakan Rekening Data Nasabah" time="138.419" classname="Test Cases/Mobile/Scenario/Transaction/020 - Beli reksa dana melalui keranjang menggunakan Rekening Data Nasabah" status="FAILED">
         <failure type="FAILED" message="Test Cases/Mobile/Scenario/Transaction/020 - Beli reksa dana melalui keranjang menggunakan Rekening Data Nasabah FAILED.
Reason:
com.kms.katalon.core.exception.StepFailedException: Call Test Case 'Test Cases/Mobile/Page/Transaction/Transaction' failed
	at com.kms.katalon.core.keyword.builtin.CallTestCaseKeyword$_callTestCase_closure1.doCall(CallTestCaseKeyword.groovy:63)
	at com.kms.katalon.core.keyword.builtin.CallTestCaseKeyword$_callTestCase_closure1.call(CallTestCaseKeyword.groovy)
	at com.kms.katalon.core.keyword.internal.KeywordMain.runKeyword(KeywordMain.groovy:68)
	at com.kms.katalon.core.keyword.builtin.CallTestCaseKeyword.callTestCase(CallTestCaseKeyword.groovy:81)
	at com.kms.katalon.core.keyword.builtin.CallTestCaseKeyword.execute(CallTestCaseKeyword.groovy:44)
	at com.kms.katalon.core.keyword.internal.KeywordExecutor.executeKeywordForPlatform(KeywordExecutor.groovy:73)
	at com.kms.katalon.core.keyword.BuiltinKeywords.callTestCase(BuiltinKeywords.groovy:334)
	at 020 - Beli reksa dana melalui keranjang menggunakan Rekening Data Nasabah.run(020 - Beli reksa dana melalui keranjang menggunakan Rekening Data Nasabah:22)
	at com.kms.katalon.core.main.ScriptEngine.run(ScriptEngine.java:194)
	at com.kms.katalon.core.main.ScriptEngine.runScriptAsRawText(ScriptEngine.java:119)
	at com.kms.katalon.core.main.TestCaseExecutor.runScript(TestCaseExecutor.java:398)
	at com.kms.katalon.core.main.TestCaseExecutor.doExecute(TestCaseExecutor.java:389)
	at com.kms.katalon.core.main.TestCaseExecutor.processExecutionPhase(TestCaseExecutor.java:368)
	at com.kms.katalon.core.main.TestCaseExecutor.accessMainPhase(TestCaseExecutor.java:360)
	at com.kms.katalon.core.main.TestCaseExecutor.execute(TestCaseExecutor.java:255)
	at com.kms.katalon.core.main.TestSuiteExecutor.accessTestCaseMainPhase(TestSuiteExecutor.java:203)
	at com.kms.katalon.core.main.TestSuiteExecutor.accessTestSuiteMainPhase(TestSuiteExecutor.java:152)
	at com.kms.katalon.core.main.TestSuiteExecutor.execute(TestSuiteExecutor.java:95)
	at com.kms.katalon.core.main.TestCaseMain.startTestSuite(TestCaseMain.java:157)
	at com.kms.katalon.core.main.TestCaseMain$startTestSuite$0.call(Unknown Source)
	at TempTestSuite1637282846335.run(TempTestSuite1637282846335.groovy:39)
Caused by: com.kms.katalon.core.exception.StepFailedException: Call Test Case 'Test Cases/Mobile/Page/Metode Pembayaran/Metode Pembayaran' failed
	at com.kms.katalon.core.keyword.builtin.CallTestCaseKeyword$_callTestCase_closure1.doCall(CallTestCaseKeyword.groovy:63)
	at com.kms.katalon.core.keyword.builtin.CallTestCaseKeyword$_callTestCase_closure1.call(CallTestCaseKeyword.groovy)
	at com.kms.katalon.core.keyword.internal.KeywordMain.runKeyword(KeywordMain.groovy:68)
	at com.kms.katalon.core.keyword.builtin.CallTestCaseKeyword.callTestCase(CallTestCaseKeyword.groovy:81)
	at com.kms.katalon.core.keyword.builtin.CallTestCaseKeyword.execute(CallTestCaseKeyword.groovy:44)
	at com.kms.katalon.core.keyword.internal.KeywordExecutor.executeKeywordForPlatform(KeywordExecutor.groovy:73)
	at com.kms.katalon.core.keyword.BuiltinKeywords.callTestCase(BuiltinKeywords.groovy:350)
	at Transaction.run(Transaction:102)
	at com.kms.katalon.core.main.ScriptEngine.run(ScriptEngine.java:194)
	at com.kms.katalon.core.main.ScriptEngine.runScriptAsRawText(ScriptEngine.java:119)
	at com.kms.katalon.core.main.TestCaseExecutor.runScript(TestCaseExecutor.java:398)
	at com.kms.katalon.core.main.TestCaseExecutor.doExecute(TestCaseExecutor.java:389)
	at com.kms.katalon.core.main.TestCaseExecutor.processExecutionPhase(TestCaseExecutor.java:368)
	at com.kms.katalon.core.main.TestCaseExecutor.accessMainPhase(TestCaseExecutor.java:360)
	at com.kms.katalon.core.main.TestCaseExecutor.execute(TestCaseExecutor.java:255)
	at com.kms.katalon.core.main.TestCaseMain.runTestCase(TestCaseMain.java:114)
	at com.kms.katalon.core.keyword.builtin.CallTestCaseKeyword$_callTestCase_closure1.doCall(CallTestCaseKeyword.groovy:59)
	... 20 more
Caused by: com.kms.katalon.core.exception.StepFailedException: Object Object Repository/Mobile/Page/Metode Pembayaran/Radio Button - Rekening Dana Nasabah not found
	at com.kms.katalon.core.mobile.helper.MobileElementCommonHelper.findElementWithCheck(MobileElementCommonHelper.java:159)
	at com.kms.katalon.core.mobile.helper.MobileElementCommonHelper.getElementTopPosition(MobileElementCommonHelper.java:357)
	at com.kms.katalon.core.mobile.keyword.builtin.GetElementTopPositionKeyword$_getElementTopPosition_closure1.doCall(GetElementTopPositionKeyword.groovy:70)
	at com.kms.katalon.core.mobile.keyword.builtin.GetElementTopPositionKeyword$_getElementTopPosition_closure1.call(GetElementTopPositionKeyword.groovy)
	at com.kms.katalon.core.mobile.keyword.internal.MobileKeywordMain.runKeywordAndReturnInt(MobileKeywordMain.groovy:30)
	at com.kms.katalon.core.mobile.keyword.builtin.GetElementTopPositionKeyword.getElementTopPosition(GetElementTopPositionKeyword.groovy:71)
	at com.kms.katalon.core.mobile.keyword.builtin.GetElementTopPositionKeyword.execute(GetElementTopPositionKeyword.groovy:64)
	at com.kms.katalon.core.keyword.internal.KeywordExecutor.executeKeywordForPlatform(KeywordExecutor.groovy:73)
	at com.kms.katalon.core.mobile.keyword.MobileBuiltInKeywords.getElementTopPosition(MobileBuiltInKeywords.groovy:2600)
	at com.kms.katalon.core.mobile.keyword.MobileBuiltInKeywords$getElementTopPosition$8.call(Unknown Source)
	at Metode Pembayaran.run(Metode Pembayaran:24)
	at com.kms.katalon.core.main.ScriptEngine.run(ScriptEngine.java:194)
	at com.kms.katalon.core.main.ScriptEngine.runScriptAsRawText(ScriptEngine.java:119)
	at com.kms.katalon.core.main.TestCaseExecutor.runScript(TestCaseExecutor.java:398)
	at com.kms.katalon.core.main.TestCaseExecutor.doExecute(TestCaseExecutor.java:389)
	at com.kms.katalon.core.main.TestCaseExecutor.processExecutionPhase(TestCaseExecutor.java:368)
	at com.kms.katalon.core.main.TestCaseExecutor.accessMainPhase(TestCaseExecutor.java:360)
	at com.kms.katalon.core.main.TestCaseExecutor.execute(TestCaseExecutor.java:255)
	at com.kms.katalon.core.main.TestCaseMain.runTestCase(TestCaseMain.java:114)
	at com.kms.katalon.core.keyword.builtin.CallTestCaseKeyword$_callTestCase_closure1.doCall(CallTestCaseKeyword.groovy:59)
	... 36 more
"/>
         <system-out><![CDATA[2021-11-19 08:11:38 - [TEST_CASE][FAILED] - Test Cases/Mobile/Scenario/Transaction/020 - Beli reksa dana melalui keranjang menggunakan Rekening Data Nasabah: Test Cases/Mobile/Scenario/Transaction/020 - Beli reksa dana melalui keranjang menggunakan Rekening Data Nasabah FAILED.
Reason:
com.kms.katalon.core.exception.StepFailedException: Call Test Case 'Test Cases/Mobile/Page/Transaction/Transaction' failed
	at com.kms.katalon.core.keyword.builtin.CallTestCaseKeyword$_callTestCase_closure1.doCall(CallTestCaseKeyword.groovy:63)
	at com.kms.katalon.core.keyword.builtin.CallTestCaseKeyword$_callTestCase_closure1.call(CallTestCaseKeyword.groovy)
	at com.kms.katalon.core.keyword.internal.KeywordMain.runKeyword(KeywordMain.groovy:68)
	at com.kms.katalon.core.keyword.builtin.CallTestCaseKeyword.callTestCase(CallTestCaseKeyword.groovy:81)
	at com.kms.katalon.core.keyword.builtin.CallTestCaseKeyword.execute(CallTestCaseKeyword.groovy:44)
	at com.kms.katalon.core.keyword.internal.KeywordExecutor.executeKeywordForPlatform(KeywordExecutor.groovy:73)
	at com.kms.katalon.core.keyword.BuiltinKeywords.callTestCase(BuiltinKeywords.groovy:334)
	at 020 - Beli reksa dana melalui keranjang menggunakan Rekening Data Nasabah.run(020 - Beli reksa dana melalui keranjang menggunakan Rekening Data Nasabah:22)
	at com.kms.katalon.core.main.ScriptEngine.run(ScriptEngine.java:194)
	at com.kms.katalon.core.main.ScriptEngine.runScriptAsRawText(ScriptEngine.java:119)
	at com.kms.katalon.core.main.TestCaseExecutor.runScript(TestCaseExecutor.java:398)
	at com.kms.katalon.core.main.TestCaseExecutor.doExecute(TestCaseExecutor.java:389)
	at com.kms.katalon.core.main.TestCaseExecutor.processExecutionPhase(TestCaseExecutor.java:368)
	at com.kms.katalon.core.main.TestCaseExecutor.accessMainPhase(TestCaseExecutor.java:360)
	at com.kms.katalon.core.main.TestCaseExecutor.execute(TestCaseExecutor.java:255)
	at com.kms.katalon.core.main.TestSuiteExecutor.accessTestCaseMainPhase(TestSuiteExecutor.java:203)
	at com.kms.katalon.core.main.TestSuiteExecutor.accessTestSuiteMainPhase(TestSuiteExecutor.java:152)
	at com.kms.katalon.core.main.TestSuiteExecutor.execute(TestSuiteExecutor.java:95)
	at com.kms.katalon.core.main.TestCaseMain.startTestSuite(TestCaseMain.java:157)
	at com.kms.katalon.core.main.TestCaseMain$startTestSuite$0.call(Unknown Source)
	at TempTestSuite1637282846335.run(TempTestSuite1637282846335.groovy:39)
Caused by: com.kms.katalon.core.exception.StepFailedException: Call Test Case 'Test Cases/Mobile/Page/Metode Pembayaran/Metode Pembayaran' failed
	at com.kms.katalon.core.keyword.builtin.CallTestCaseKeyword$_callTestCase_closure1.doCall(CallTestCaseKeyword.groovy:63)
	at com.kms.katalon.core.keyword.builtin.CallTestCaseKeyword$_callTestCase_closure1.call(CallTestCaseKeyword.groovy)
	at com.kms.katalon.core.keyword.internal.KeywordMain.runKeyword(KeywordMain.groovy:68)
	at com.kms.katalon.core.keyword.builtin.CallTestCaseKeyword.callTestCase(CallTestCaseKeyword.groovy:81)
	at com.kms.katalon.core.keyword.builtin.CallTestCaseKeyword.execute(CallTestCaseKeyword.groovy:44)
	at com.kms.katalon.core.keyword.internal.KeywordExecutor.executeKeywordForPlatform(KeywordExecutor.groovy:73)
	at com.kms.katalon.core.keyword.BuiltinKeywords.callTestCase(BuiltinKeywords.groovy:350)
	at Transaction.run(Transaction:102)
	at com.kms.katalon.core.main.ScriptEngine.run(ScriptEngine.java:194)
	at com.kms.katalon.core.main.ScriptEngine.runScriptAsRawText(ScriptEngine.java:119)
	at com.kms.katalon.core.main.TestCaseExecutor.runScript(TestCaseExecutor.java:398)
	at com.kms.katalon.core.main.TestCaseExecutor.doExecute(TestCaseExecutor.java:389)
	at com.kms.katalon.core.main.TestCaseExecutor.processExecutionPhase(TestCaseExecutor.java:368)
	at com.kms.katalon.core.main.TestCaseExecutor.accessMainPhase(TestCaseExecutor.java:360)
	at com.kms.katalon.core.main.TestCaseExecutor.execute(TestCaseExecutor.java:255)
	at com.kms.katalon.core.main.TestCaseMain.runTestCase(TestCaseMain.java:114)
	at com.kms.katalon.core.keyword.builtin.CallTestCaseKeyword$_callTestCase_closure1.doCall(CallTestCaseKeyword.groovy:59)
	... 20 more
Caused by: com.kms.katalon.core.exception.StepFailedException: Object Object Repository/Mobile/Page/Metode Pembayaran/Radio Button - Rekening Dana Nasabah not found
	at com.kms.katalon.core.mobile.helper.MobileElementCommonHelper.findElementWithCheck(MobileElementCommonHelper.java:159)
	at com.kms.katalon.core.mobile.helper.MobileElementCommonHelper.getElementTopPosition(MobileElementCommonHelper.java:357)
	at com.kms.katalon.core.mobile.keyword.builtin.GetElementTopPositionKeyword$_getElementTopPosition_closure1.doCall(GetElementTopPositionKeyword.groovy:70)
	at com.kms.katalon.core.mobile.keyword.builtin.GetElementTopPositionKeyword$_getElementTopPosition_closure1.call(GetElementTopPositionKeyword.groovy)
	at com.kms.katalon.core.mobile.keyword.internal.MobileKeywordMain.runKeywordAndReturnInt(MobileKeywordMain.groovy:30)
	at com.kms.katalon.core.mobile.keyword.builtin.GetElementTopPositionKeyword.getElementTopPosition(GetElementTopPositionKeyword.groovy:71)
	at com.kms.katalon.core.mobile.keyword.builtin.GetElementTopPositionKeyword.execute(GetElementTopPositionKeyword.groovy:64)
	at com.kms.katalon.core.keyword.internal.KeywordExecutor.executeKeywordForPlatform(KeywordExecutor.groovy:73)
	at com.kms.katalon.core.mobile.keyword.MobileBuiltInKeywords.getElementTopPosition(MobileBuiltInKeywords.groovy:2600)
	at com.kms.katalon.core.mobile.keyword.MobileBuiltInKeywords$getElementTopPosition$8.call(Unknown Source)
	at Metode Pembayaran.run(Metode Pembayaran:24)
	at com.kms.katalon.core.main.ScriptEngine.run(ScriptEngine.java:194)
	at com.kms.katalon.core.main.ScriptEngine.runScriptAsRawText(ScriptEngine.java:119)
	at com.kms.katalon.core.main.TestCaseExecutor.runScript(TestCaseExecutor.java:398)
	at com.kms.katalon.core.main.TestCaseExecutor.doExecute(TestCaseExecutor.java:389)
	at com.kms.katalon.core.main.TestCaseExecutor.processExecutionPhase(TestCaseExecutor.java:368)
	at com.kms.katalon.core.main.TestCaseExecutor.accessMainPhase(TestCaseExecutor.java:360)
	at com.kms.katalon.core.main.TestCaseExecutor.execute(TestCaseExecutor.java:255)
	at com.kms.katalon.core.main.TestCaseMain.runTestCase(TestCaseMain.java:114)
	at com.kms.katalon.core.keyword.builtin.CallTestCaseKeyword$_callTestCase_closure1.doCall(CallTestCaseKeyword.groovy:59)
	... 36 more


2021-11-19 08:11:39 - [TEST_STEP][PASSED] - callTestCase(findTestCase("Mobile/Page/Run App/Run App byID"), [:], STOP_ON_FAILURE): Call Test Case 'Test Cases/Mobile/Page/Run App/Run App byID' successfully

2021-11-19 08:11:39 - [TEST_CASE][PASSED] - Test Cases/Mobile/Page/Run App/Run App byID: Test Cases/Mobile/Page/Run App/Run App byID

2021-11-19 08:11:39 - [TEST_STEP][PASSED] - startApp.OpenApp.startApplication("id.co.miraeasset.navi"): startApp.OpenApp.startApplication is PASSED

2021-11-19 08:11:51 - [MESSAGE][PASSED] - Starting app with application ID: 'id.co.miraeasset.navi'

2021-11-19 08:11:51 - [MESSAGE][PASSED] - startApp.OpenApp.startApplication is PASSED

2021-11-19 08:11:51 - [MESSAGE][PASSED] - Call Test Case 'Test Cases/Mobile/Page/Run App/Run App byID' successfully

2021-11-19 08:11:51 - [TEST_STEP][FAILED] - callTestCase(findTestCase("Mobile/Page/Transaction/Transaction"), ["page":"cart", "tab":"none", "action":"buyitem", "buymethod":"rdn"], STOP_ON_FAILURE): Unable to call Test Case 'Test Cases/Mobile/Page/Transaction/Transaction' (Root cause: com.kms.katalon.core.exception.StepFailedException: Call Test Case 'Test Cases/Mobile/Page/Transaction/Transaction' failed
	at com.kms.katalon.core.keyword.builtin.CallTestCaseKeyword$_callTestCase_closure1.doCall(CallTestCaseKeyword.groovy:63)
	at com.kms.katalon.core.keyword.builtin.CallTestCaseKeyword$_callTestCase_closure1.call(CallTestCaseKeyword.groovy)
	at com.kms.katalon.core.keyword.internal.KeywordMain.runKeyword(KeywordMain.groovy:68)
	at com.kms.katalon.core.keyword.builtin.CallTestCaseKeyword.callTestCase(CallTestCaseKeyword.groovy:81)
	at com.kms.katalon.core.keyword.builtin.CallTestCaseKeyword.execute(CallTestCaseKeyword.groovy:44)
	at com.kms.katalon.core.keyword.internal.KeywordExecutor.executeKeywordForPlatform(KeywordExecutor.groovy:73)
	at com.kms.katalon.core.keyword.BuiltinKeywords.callTestCase(BuiltinKeywords.groovy:334)
	at 020 - Beli reksa dana melalui keranjang menggunakan Rekening Data Nasabah.run(020 - Beli reksa dana melalui keranjang menggunakan Rekening Data Nasabah:22)
	at com.kms.katalon.core.main.ScriptEngine.run(ScriptEngine.java:194)
	at com.kms.katalon.core.main.ScriptEngine.runScriptAsRawText(ScriptEngine.java:119)
	at com.kms.katalon.core.main.TestCaseExecutor.runScript(TestCaseExecutor.java:398)
	at com.kms.katalon.core.main.TestCaseExecutor.doExecute(TestCaseExecutor.java:389)
	at com.kms.katalon.core.main.TestCaseExecutor.processExecutionPhase(TestCaseExecutor.java:368)
	at com.kms.katalon.core.main.TestCaseExecutor.accessMainPhase(TestCaseExecutor.java:360)
	at com.kms.katalon.core.main.TestCaseExecutor.execute(TestCaseExecutor.java:255)
	at com.kms.katalon.core.main.TestSuiteExecutor.accessTestCaseMainPhase(TestSuiteExecutor.java:203)
	at com.kms.katalon.core.main.TestSuiteExecutor.accessTestSuiteMainPhase(TestSuiteExecutor.java:152)
	at com.kms.katalon.core.main.TestSuiteExecutor.execute(TestSuiteExecutor.java:95)
	at com.kms.katalon.core.main.TestCaseMain.startTestSuite(TestCaseMain.java:157)
	at com.kms.katalon.core.main.TestCaseMain$startTestSuite$0.call(Unknown Source)
	at TempTestSuite1637282846335.run(TempTestSuite1637282846335.groovy:39)
Caused by: com.kms.katalon.core.exception.StepFailedException: Call Test Case 'Test Cases/Mobile/Page/Metode Pembayaran/Metode Pembayaran' failed
	at com.kms.katalon.core.keyword.builtin.CallTestCaseKeyword$_callTestCase_closure1.doCall(CallTestCaseKeyword.groovy:63)
	at com.kms.katalon.core.keyword.builtin.CallTestCaseKeyword$_callTestCase_closure1.call(CallTestCaseKeyword.groovy)
	at com.kms.katalon.core.keyword.internal.KeywordMain.runKeyword(KeywordMain.groovy:68)
	at com.kms.katalon.core.keyword.builtin.CallTestCaseKeyword.callTestCase(CallTestCaseKeyword.groovy:81)
	at com.kms.katalon.core.keyword.builtin.CallTestCaseKeyword.execute(CallTestCaseKeyword.groovy:44)
	at com.kms.katalon.core.keyword.internal.KeywordExecutor.executeKeywordForPlatform(KeywordExecutor.groovy:73)
	at com.kms.katalon.core.keyword.BuiltinKeywords.callTestCase(BuiltinKeywords.groovy:350)
	at Transaction.run(Transaction:102)
	at com.kms.katalon.core.main.ScriptEngine.run(ScriptEngine.java:194)
	at com.kms.katalon.core.main.ScriptEngine.runScriptAsRawText(ScriptEngine.java:119)
	at com.kms.katalon.core.main.TestCaseExecutor.runScript(TestCaseExecutor.java:398)
	at com.kms.katalon.core.main.TestCaseExecutor.doExecute(TestCaseExecutor.java:389)
	at com.kms.katalon.core.main.TestCaseExecutor.processExecutionPhase(TestCaseExecutor.java:368)
	at com.kms.katalon.core.main.TestCaseExecutor.accessMainPhase(TestCaseExecutor.java:360)
	at com.kms.katalon.core.main.TestCaseExecutor.execute(TestCaseExecutor.java:255)
	at com.kms.katalon.core.main.TestCaseMain.runTestCase(TestCaseMain.java:114)
	at com.kms.katalon.core.keyword.builtin.CallTestCaseKeyword$_callTestCase_closure1.doCall(CallTestCaseKeyword.groovy:59)
	... 20 more
Caused by: com.kms.katalon.core.exception.StepFailedException: Object Object Repository/Mobile/Page/Metode Pembayaran/Radio Button - Rekening Dana Nasabah not found
	at com.kms.katalon.core.mobile.helper.MobileElementCommonHelper.findElementWithCheck(MobileElementCommonHelper.java:159)
	at com.kms.katalon.core.mobile.helper.MobileElementCommonHelper.getElementTopPosition(MobileElementCommonHelper.java:357)
	at com.kms.katalon.core.mobile.keyword.builtin.GetElementTopPositionKeyword$_getElementTopPosition_closure1.doCall(GetElementTopPositionKeyword.groovy:70)
	at com.kms.katalon.core.mobile.keyword.builtin.GetElementTopPositionKeyword$_getElementTopPosition_closure1.call(GetElementTopPositionKeyword.groovy)
	at com.kms.katalon.core.mobile.keyword.internal.MobileKeywordMain.runKeywordAndReturnInt(MobileKeywordMain.groovy:30)
	at com.kms.katalon.core.mobile.keyword.builtin.GetElementTopPositionKeyword.getElementTopPosition(GetElementTopPositionKeyword.groovy:71)
	at com.kms.katalon.core.mobile.keyword.builtin.GetElementTopPositionKeyword.execute(GetElementTopPositionKeyword.groovy:64)
	at com.kms.katalon.core.keyword.internal.KeywordExecutor.executeKeywordForPlatform(KeywordExecutor.groovy:73)
	at com.kms.katalon.core.mobile.keyword.MobileBuiltInKeywords.getElementTopPosition(MobileBuiltInKeywords.groovy:2600)
	at com.kms.katalon.core.mobile.keyword.MobileBuiltInKeywords$getElementTopPosition$8.call(Unknown Source)
	at Metode Pembayaran.run(Metode Pembayaran:24)
	at com.kms.katalon.core.main.ScriptEngine.run(ScriptEngine.java:194)
	at com.kms.katalon.core.main.ScriptEngine.runScriptAsRawText(ScriptEngine.java:119)
	at com.kms.katalon.core.main.TestCaseExecutor.runScript(TestCaseExecutor.java:398)
	at com.kms.katalon.core.main.TestCaseExecutor.doExecute(TestCaseExecutor.java:389)
	at com.kms.katalon.core.main.TestCaseExecutor.processExecutionPhase(TestCaseExecutor.java:368)
	at com.kms.katalon.core.main.TestCaseExecutor.accessMainPhase(TestCaseExecutor.java:360)
	at com.kms.katalon.core.main.TestCaseExecutor.execute(TestCaseExecutor.java:255)
	at com.kms.katalon.core.main.TestCaseMain.runTestCase(TestCaseMain.java:114)
	at com.kms.katalon.core.keyword.builtin.CallTestCaseKeyword$_callTestCase_closure1.doCall(CallTestCaseKeyword.groovy:59)
	... 36 more
)

2021-11-19 08:11:51 - [TEST_CASE][FAILED] - Test Cases/Mobile/Page/Transaction/Transaction: Test Cases/Mobile/Page/Transaction/Transaction FAILED.
Reason:
com.kms.katalon.core.exception.StepFailedException: Call Test Case 'Test Cases/Mobile/Page/Metode Pembayaran/Metode Pembayaran' failed
	at com.kms.katalon.core.keyword.builtin.CallTestCaseKeyword$_callTestCase_closure1.doCall(CallTestCaseKeyword.groovy:63)
	at com.kms.katalon.core.keyword.builtin.CallTestCaseKeyword$_callTestCase_closure1.call(CallTestCaseKeyword.groovy)
	at com.kms.katalon.core.keyword.internal.KeywordMain.runKeyword(KeywordMain.groovy:68)
	at com.kms.katalon.core.keyword.builtin.CallTestCaseKeyword.callTestCase(CallTestCaseKeyword.groovy:81)
	at com.kms.katalon.core.keyword.builtin.CallTestCaseKeyword.execute(CallTestCaseKeyword.groovy:44)
	at com.kms.katalon.core.keyword.internal.KeywordExecutor.executeKeywordForPlatform(KeywordExecutor.groovy:73)
	at com.kms.katalon.core.keyword.BuiltinKeywords.callTestCase(BuiltinKeywords.groovy:350)
	at Transaction.run(Transaction:102)
	at com.kms.katalon.core.main.ScriptEngine.run(ScriptEngine.java:194)
	at com.kms.katalon.core.main.ScriptEngine.runScriptAsRawText(ScriptEngine.java:119)
	at com.kms.katalon.core.main.TestCaseExecutor.runScript(TestCaseExecutor.java:398)
	at com.kms.katalon.core.main.TestCaseExecutor.doExecute(TestCaseExecutor.java:389)
	at com.kms.katalon.core.main.TestCaseExecutor.processExecutionPhase(TestCaseExecutor.java:368)
	at com.kms.katalon.core.main.TestCaseExecutor.accessMainPhase(TestCaseExecutor.java:360)
	at com.kms.katalon.core.main.TestCaseExecutor.execute(TestCaseExecutor.java:255)
	at com.kms.katalon.core.main.TestCaseMain.runTestCase(TestCaseMain.java:114)
	at com.kms.katalon.core.keyword.builtin.CallTestCaseKeyword$_callTestCase_closure1.doCall(CallTestCaseKeyword.groovy:59)
	at com.kms.katalon.core.keyword.builtin.CallTestCaseKeyword$_callTestCase_closure1.call(CallTestCaseKeyword.groovy)
	at com.kms.katalon.core.keyword.internal.KeywordMain.runKeyword(KeywordMain.groovy:68)
	at com.kms.katalon.core.keyword.builtin.CallTestCaseKeyword.callTestCase(CallTestCaseKeyword.groovy:81)
	at com.kms.katalon.core.keyword.builtin.CallTestCaseKeyword.execute(CallTestCaseKeyword.groovy:44)
	at com.kms.katalon.core.keyword.internal.KeywordExecutor.executeKeywordForPlatform(KeywordExecutor.groovy:73)
	at com.kms.katalon.core.keyword.BuiltinKeywords.callTestCase(BuiltinKeywords.groovy:334)
	at 020 - Beli reksa dana melalui keranjang menggunakan Rekening Data Nasabah.run(020 - Beli reksa dana melalui keranjang menggunakan Rekening Data Nasabah:22)
	at com.kms.katalon.core.main.ScriptEngine.run(ScriptEngine.java:194)
	at com.kms.katalon.core.main.ScriptEngine.runScriptAsRawText(ScriptEngine.java:119)
	at com.kms.katalon.core.main.TestCaseExecutor.runScript(TestCaseExecutor.java:398)
	at com.kms.katalon.core.main.TestCaseExecutor.doExecute(TestCaseExecutor.java:389)
	at com.kms.katalon.core.main.TestCaseExecutor.processExecutionPhase(TestCaseExecutor.java:368)
	at com.kms.katalon.core.main.TestCaseExecutor.accessMainPhase(TestCaseExecutor.java:360)
	at com.kms.katalon.core.main.TestCaseExecutor.execute(TestCaseExecutor.java:255)
	at com.kms.katalon.core.main.TestSuiteExecutor.accessTestCaseMainPhase(TestSuiteExecutor.java:203)
	at com.kms.katalon.core.main.TestSuiteExecutor.accessTestSuiteMainPhase(TestSuiteExecutor.java:152)
	at com.kms.katalon.core.main.TestSuiteExecutor.execute(TestSuiteExecutor.java:95)
	at com.kms.katalon.core.main.TestCaseMain.startTestSuite(TestCaseMain.java:157)
	at com.kms.katalon.core.main.TestCaseMain$startTestSuite$0.call(Unknown Source)
	at TempTestSuite1637282846335.run(TempTestSuite1637282846335.groovy:39)
Caused by: com.kms.katalon.core.exception.StepFailedException: Object Object Repository/Mobile/Page/Metode Pembayaran/Radio Button - Rekening Dana Nasabah not found
	at com.kms.katalon.core.mobile.helper.MobileElementCommonHelper.findElementWithCheck(MobileElementCommonHelper.java:159)
	at com.kms.katalon.core.mobile.helper.MobileElementCommonHelper.getElementTopPosition(MobileElementCommonHelper.java:357)
	at com.kms.katalon.core.mobile.keyword.builtin.GetElementTopPositionKeyword$_getElementTopPosition_closure1.doCall(GetElementTopPositionKeyword.groovy:70)
	at com.kms.katalon.core.mobile.keyword.builtin.GetElementTopPositionKeyword$_getElementTopPosition_closure1.call(GetElementTopPositionKeyword.groovy)
	at com.kms.katalon.core.mobile.keyword.internal.MobileKeywordMain.runKeywordAndReturnInt(MobileKeywordMain.groovy:30)
	at com.kms.katalon.core.mobile.keyword.builtin.GetElementTopPositionKeyword.getElementTopPosition(GetElementTopPositionKeyword.groovy:71)
	at com.kms.katalon.core.mobile.keyword.builtin.GetElementTopPositionKeyword.execute(GetElementTopPositionKeyword.groovy:64)
	at com.kms.katalon.core.keyword.internal.KeywordExecutor.executeKeywordForPlatform(KeywordExecutor.groovy:73)
	at com.kms.katalon.core.mobile.keyword.MobileBuiltInKeywords.getElementTopPosition(MobileBuiltInKeywords.groovy:2600)
	at com.kms.katalon.core.mobile.keyword.MobileBuiltInKeywords$getElementTopPosition$8.call(Unknown Source)
	at Metode Pembayaran.run(Metode Pembayaran:24)
	at com.kms.katalon.core.main.ScriptEngine.run(ScriptEngine.java:194)
	at com.kms.katalon.core.main.ScriptEngine.runScriptAsRawText(ScriptEngine.java:119)
	at com.kms.katalon.core.main.TestCaseExecutor.runScript(TestCaseExecutor.java:398)
	at com.kms.katalon.core.main.TestCaseExecutor.doExecute(TestCaseExecutor.java:389)
	at com.kms.katalon.core.main.TestCaseExecutor.processExecutionPhase(TestCaseExecutor.java:368)
	at com.kms.katalon.core.main.TestCaseExecutor.accessMainPhase(TestCaseExecutor.java:360)
	at com.kms.katalon.core.main.TestCaseExecutor.execute(TestCaseExecutor.java:255)
	at com.kms.katalon.core.main.TestCaseMain.runTestCase(TestCaseMain.java:114)
	at com.kms.katalon.core.keyword.builtin.CallTestCaseKeyword$_callTestCase_closure1.doCall(CallTestCaseKeyword.groovy:59)
	... 36 more


2021-11-19 08:11:51 - [TEST_STEP][PASSED] - delay(5): Delayed 5 second(s)

2021-11-19 08:11:56 - [MESSAGE][PASSED] - Delayed 5 second(s)

2021-11-19 08:11:56 - [TEST_STEP][PASSED] - loginCheck = verifyElementExist(findTestObject("Object Repository/Mobile/Page/Dashboard/Button - Login"), 2, CONTINUE_ON_FAILURE): Element 'Object Repository/Mobile/Page/Dashboard/Button - Login' is exist

2021-11-19 08:11:57 - [MESSAGE][PASSED] - Element 'Object Repository/Mobile/Page/Dashboard/Button - Login' is exist

2021-11-19 08:11:57 - [TEST_STEP][PASSED] - if (loginCheck): Call Test Case 'Test Cases/Mobile/Page/Login/Login' successfully

2021-11-19 08:11:57 - [TEST_STEP][PASSED] - callTestCase(findTestCase("Mobile/Page/Login/Login"), ["isLogin":0]): Call Test Case 'Test Cases/Mobile/Page/Login/Login' successfully

2021-11-19 08:11:57 - [TEST_CASE][PASSED] - Test Cases/Mobile/Page/Login/Login: Test Cases/Mobile/Page/Login/Login

2021-11-19 08:11:57 - [TEST_STEP][PASSED] - if (isLogin == 0): Tapped on element 'Object Repository/Mobile/Page/Dashboard/Button - Login'

2021-11-19 08:11:57 - [TEST_STEP][PASSED] - tap(findTestObject("Mobile/Page/Dashboard/Button - Login"), 0): Tapped on element 'Object Repository/Mobile/Page/Dashboard/Button - Login'

2021-11-19 08:11:57 - [MESSAGE][WARNING] - Timeout '0' is invalid. Using default page load timeout: '60'

2021-11-19 08:11:57 - [MESSAGE][PASSED] - Tapped on element 'Object Repository/Mobile/Page/Dashboard/Button - Login'

2021-11-19 08:11:57 - [TEST_STEP][PASSED] - tap(findTestObject("Mobile/Page/Login/Tap - UserID or Email"), 0): Tapped on element 'Object Repository/Mobile/Page/Login/Tap - UserID or Email'

2021-11-19 08:11:57 - [MESSAGE][WARNING] - Timeout '0' is invalid. Using default page load timeout: '60'

2021-11-19 08:11:59 - [MESSAGE][PASSED] - Tapped on element 'Object Repository/Mobile/Page/Login/Tap - UserID or Email'

2021-11-19 08:11:59 - [TEST_STEP][PASSED] - delay(3): Delayed 3 second(s)

2021-11-19 08:12:02 - [MESSAGE][PASSED] - Delayed 3 second(s)

2021-11-19 08:12:02 - [TEST_STEP][PASSED] - setText(findTestObject("Mobile/Page/Login/Input - UserID or Email"), "ady.pangerang@gmail.com", 0): Text 'ady.pangerang@gmail.com' has been set to element 'Object Repository/Mobile/Page/Login/Input - UserID or Email'

2021-11-19 08:12:02 - [MESSAGE][WARNING] - Timeout '0' is invalid. Using default page load timeout: '60'

2021-11-19 08:12:03 - [MESSAGE][PASSED] - Text 'ady.pangerang@gmail.com' has been set to element 'Object Repository/Mobile/Page/Login/Input - UserID or Email'

2021-11-19 08:12:03 - [TEST_STEP][PASSED] - delay(1): Delayed 1 second(s)

2021-11-19 08:12:04 - [MESSAGE][PASSED] - Delayed 1 second(s)

2021-11-19 08:12:04 - [TEST_STEP][PASSED] - hideKeyboard(): Keyboard is hidden

2021-11-19 08:12:07 - [MESSAGE][PASSED] - Keyboard is hidden

2021-11-19 08:12:07 - [TEST_STEP][PASSED] - delay(1): Delayed 1 second(s)

2021-11-19 08:12:08 - [MESSAGE][PASSED] - Delayed 1 second(s)

2021-11-19 08:12:08 - [TEST_STEP][PASSED] - tap(findTestObject("Mobile/Page/Login/Tap - Password 2"), 0): Tapped on element 'Object Repository/Mobile/Page/Login/Tap - Password 2'

2021-11-19 08:12:08 - [MESSAGE][WARNING] - Timeout '0' is invalid. Using default page load timeout: '60'

2021-11-19 08:12:09 - [MESSAGE][PASSED] - Tapped on element 'Object Repository/Mobile/Page/Login/Tap - Password 2'

2021-11-19 08:12:09 - [TEST_STEP][PASSED] - delay(3): Delayed 3 second(s)

2021-11-19 08:12:12 - [MESSAGE][PASSED] - Delayed 3 second(s)

2021-11-19 08:12:12 - [TEST_STEP][PASSED] - setText(findTestObject("Mobile/Page/Login/Tap - Password 2"), "Mirae1234", 0): Text 'Mirae1234' has been set to element 'Object Repository/Mobile/Page/Login/Tap - Password 2'

2021-11-19 08:12:12 - [MESSAGE][WARNING] - Timeout '0' is invalid. Using default page load timeout: '60'

2021-11-19 08:12:13 - [MESSAGE][PASSED] - Text 'Mirae1234' has been set to element 'Object Repository/Mobile/Page/Login/Tap - Password 2'

2021-11-19 08:12:13 - [TEST_STEP][PASSED] - delay(1): Delayed 1 second(s)

2021-11-19 08:12:14 - [MESSAGE][PASSED] - Delayed 1 second(s)

2021-11-19 08:12:14 - [TEST_STEP][PASSED] - hideKeyboard(): Keyboard is hidden

2021-11-19 08:12:20 - [MESSAGE][PASSED] - Keyboard is hidden

2021-11-19 08:12:20 - [TEST_STEP][PASSED] - delay(1): Delayed 1 second(s)

2021-11-19 08:12:21 - [MESSAGE][PASSED] - Delayed 1 second(s)

2021-11-19 08:12:21 - [TEST_STEP][PASSED] - tap(findTestObject("Mobile/Page/Login/Button - Sign In"), 0): Tapped on element 'Object Repository/Mobile/Page/Login/Button - Sign In'

2021-11-19 08:12:21 - [MESSAGE][WARNING] - Timeout '0' is invalid. Using default page load timeout: '60'

2021-11-19 08:12:24 - [MESSAGE][PASSED] - Tapped on element 'Object Repository/Mobile/Page/Login/Button - Sign In'

2021-11-19 08:12:24 - [MESSAGE][PASSED] - Call Test Case 'Test Cases/Mobile/Page/Login/Login' successfully

2021-11-19 08:12:24 - [TEST_STEP][PASSED] - if (page == "cart"): Call Test Case 'Test Cases/Mobile/Scenario/Transaction/Add Product to Cart' successfully

2021-11-19 08:12:24 - [TEST_STEP][PASSED] - callTestCase(findTestCase("Mobile/Scenario/Transaction/Add Product to Cart"), [:], STOP_ON_FAILURE): Call Test Case 'Test Cases/Mobile/Scenario/Transaction/Add Product to Cart' successfully

2021-11-19 08:12:24 - [TEST_CASE][PASSED] - Test Cases/Mobile/Scenario/Transaction/Add Product to Cart: Test Cases/Mobile/Scenario/Transaction/Add Product to Cart

2021-11-19 08:12:24 - [TEST_STEP][PASSED] - tap(findTestObject("Object Repository/Mobile/Page/Home/Button - Product"), 0): Tapped on element 'Object Repository/Mobile/Page/Home/Button - Product'

2021-11-19 08:12:24 - [MESSAGE][WARNING] - Timeout '0' is invalid. Using default page load timeout: '60'

2021-11-19 08:12:25 - [MESSAGE][PASSED] - Tapped on element 'Object Repository/Mobile/Page/Home/Button - Product'

2021-11-19 08:12:25 - [TEST_STEP][PASSED] - delay(3): Delayed 3 second(s)

2021-11-19 08:12:28 - [MESSAGE][PASSED] - Delayed 3 second(s)

2021-11-19 08:12:28 - [TEST_STEP][PASSED] - tap(findTestObject("Object Repository/Mobile/Page/Transaction/Object for Add to Cart/Button - Buy Top Item"), 0): Tapped on element 'Object Repository/Mobile/Page/Transaction/Object for Add to Cart/Button - Buy Top Item'

2021-11-19 08:12:29 - [MESSAGE][WARNING] - Timeout '0' is invalid. Using default page load timeout: '60'

2021-11-19 08:12:30 - [MESSAGE][PASSED] - Tapped on element 'Object Repository/Mobile/Page/Transaction/Object for Add to Cart/Button - Buy Top Item'

2021-11-19 08:12:30 - [TEST_STEP][PASSED] - delay(3): Delayed 3 second(s)

2021-11-19 08:12:33 - [MESSAGE][PASSED] - Delayed 3 second(s)

2021-11-19 08:12:33 - [TEST_STEP][PASSED] - tap(findTestObject("Object Repository/Mobile/Page/Transaction/Object for Add to Cart/Button - Purchase Amount 500k"), 0): Tapped on element 'Object Repository/Mobile/Page/Transaction/Object for Add to Cart/Button - Purchase Amount 500k'

2021-11-19 08:12:33 - [MESSAGE][WARNING] - Timeout '0' is invalid. Using default page load timeout: '60'

2021-11-19 08:12:34 - [MESSAGE][PASSED] - Tapped on element 'Object Repository/Mobile/Page/Transaction/Object for Add to Cart/Button - Purchase Amount 500k'

2021-11-19 08:12:34 - [TEST_STEP][PASSED] - element = findTestObject("Object Repository/Mobile/Page/Transaction/Object for Add to Cart/Checkbox - Agreement Prospectus"): null

2021-11-19 08:12:34 - [TEST_STEP][PASSED] - left_position = getElementLeftPosition(element, 0): Object 'Object Repository/Mobile/Page/Transaction/Object for Add to Cart/Checkbox - Agreement Prospectus' has left position '0'

2021-11-19 08:12:34 - [MESSAGE][WARNING] - Timeout '0' is invalid. Using default page load timeout: '60'

2021-11-19 08:12:34 - [MESSAGE][PASSED] - Object 'Object Repository/Mobile/Page/Transaction/Object for Add to Cart/Checkbox - Agreement Prospectus' has left position '0'

2021-11-19 08:12:34 - [TEST_STEP][PASSED] - top_position = getElementTopPosition(element, 0): Object 'Object Repository/Mobile/Page/Transaction/Object for Add to Cart/Checkbox - Agreement Prospectus' has top position '1,128'

2021-11-19 08:12:34 - [MESSAGE][WARNING] - Timeout '0' is invalid. Using default page load timeout: '60'

2021-11-19 08:12:35 - [MESSAGE][PASSED] - Object 'Object Repository/Mobile/Page/Transaction/Object for Add to Cart/Checkbox - Agreement Prospectus' has top position '1,128'

2021-11-19 08:12:35 - [TEST_STEP][PASSED] - height = getElementHeight(element, 0): Object 'Object Repository/Mobile/Page/Transaction/Object for Add to Cart/Checkbox - Agreement Prospectus' has height: '145'

2021-11-19 08:12:35 - [MESSAGE][WARNING] - Timeout '0' is invalid. Using default page load timeout: '60'

2021-11-19 08:12:35 - [MESSAGE][PASSED] - Object 'Object Repository/Mobile/Page/Transaction/Object for Add to Cart/Checkbox - Agreement Prospectus' has height: '145'

2021-11-19 08:12:35 - [TEST_STEP][PASSED] - y = top_position + height / 2: null

2021-11-19 08:12:35 - [TEST_STEP][PASSED] - x = getDeviceWidth() * 0.085: Current device physical width is 720

2021-11-19 08:12:35 - [MESSAGE][PASSED] - Current device physical width is 720

2021-11-19 08:12:35 - [TEST_STEP][PASSED] - tapAtPosition(x, y): Tapped at [61, 1,200]

2021-11-19 08:12:36 - [MESSAGE][PASSED] - Tapped at [61, 1,200]

2021-11-19 08:12:36 - [TEST_STEP][PASSED] - scroll.scroll.scrollBottomToTop(): scroll.scroll.scrollBottomToTop is PASSED

2021-11-19 08:12:36 - [MESSAGE][PASSED] - Current device physical height is 1423

2021-11-19 08:12:36 - [MESSAGE][PASSED] - Current device physical width is 720

2021-11-19 08:12:38 - [MESSAGE][PASSED] - Swiped from 360,1,138 to 360,284

2021-11-19 08:12:38 - [MESSAGE][PASSED] - scroll.scroll.scrollBottomToTop is PASSED

2021-11-19 08:12:38 - [TEST_STEP][PASSED] - tap(findTestObject("Object Repository/Mobile/Page/Transaction/Object for Add to Cart/Button - Add to Cart"), 0): Tapped on element 'Object Repository/Mobile/Page/Transaction/Object for Add to Cart/Button - Add to Cart'

2021-11-19 08:12:38 - [MESSAGE][WARNING] - Timeout '0' is invalid. Using default page load timeout: '60'

2021-11-19 08:12:38 - [MESSAGE][PASSED] - Tapped on element 'Object Repository/Mobile/Page/Transaction/Object for Add to Cart/Button - Add to Cart'

2021-11-19 08:12:38 - [TEST_STEP][PASSED] - delay(2): Delayed 2 second(s)

2021-11-19 08:12:40 - [MESSAGE][PASSED] - Delayed 2 second(s)

2021-11-19 08:12:40 - [TEST_STEP][PASSED] - tap(findTestObject("Object Repository/Mobile/Page/Transaction/Object for Add to Cart/Button - View Cart"), 0): Tapped on element 'Object Repository/Mobile/Page/Transaction/Object for Add to Cart/Button - View Cart'

2021-11-19 08:12:40 - [MESSAGE][WARNING] - Timeout '0' is invalid. Using default page load timeout: '60'

2021-11-19 08:12:41 - [MESSAGE][PASSED] - Tapped on element 'Object Repository/Mobile/Page/Transaction/Object for Add to Cart/Button - View Cart'

2021-11-19 08:12:41 - [TEST_STEP][PASSED] - delay(3): Delayed 3 second(s)

2021-11-19 08:12:44 - [MESSAGE][PASSED] - Delayed 3 second(s)

2021-11-19 08:12:44 - [TEST_STEP][PASSED] - pressBack(): Press back button successfully

2021-11-19 08:12:44 - [MESSAGE][PASSED] - Press back button successfully

2021-11-19 08:12:44 - [TEST_STEP][PASSED] - delay(1): Delayed 1 second(s)

2021-11-19 08:12:45 - [MESSAGE][PASSED] - Delayed 1 second(s)

2021-11-19 08:12:45 - [MESSAGE][PASSED] - Call Test Case 'Test Cases/Mobile/Scenario/Transaction/Add Product to Cart' successfully

2021-11-19 08:12:45 - [TEST_STEP][PASSED] - tap(findTestObject("Object Repository/Mobile/Page/Transaction/Button - Menubar Transaction"), 0): Tapped on element 'Object Repository/Mobile/Page/Transaction/Button - Menubar Transaction'

2021-11-19 08:12:45 - [MESSAGE][WARNING] - Timeout '0' is invalid. Using default page load timeout: '60'

2021-11-19 08:12:46 - [MESSAGE][PASSED] - Tapped on element 'Object Repository/Mobile/Page/Transaction/Button - Menubar Transaction'

2021-11-19 08:12:46 - [TEST_STEP][PASSED] - delay(1): Delayed 1 second(s)

2021-11-19 08:12:47 - [MESSAGE][PASSED] - Delayed 1 second(s)

2021-11-19 08:12:47 - [TEST_STEP][PASSED] - if (page == "onprocess"): null

2021-11-19 08:12:47 - [TEST_STEP][PASSED] - else if (page == "history"): null

2021-11-19 08:12:47 - [TEST_STEP][FAILED] - else if (page == "cart"): Unable to call Test Case 'Test Cases/Mobile/Page/Metode Pembayaran/Metode Pembayaran' (Root cause: com.kms.katalon.core.exception.StepFailedException: Call Test Case 'Test Cases/Mobile/Page/Metode Pembayaran/Metode Pembayaran' failed
	at com.kms.katalon.core.keyword.builtin.CallTestCaseKeyword$_callTestCase_closure1.doCall(CallTestCaseKeyword.groovy:63)
	at com.kms.katalon.core.keyword.builtin.CallTestCaseKeyword$_callTestCase_closure1.call(CallTestCaseKeyword.groovy)
	at com.kms.katalon.core.keyword.internal.KeywordMain.runKeyword(KeywordMain.groovy:68)
	at com.kms.katalon.core.keyword.builtin.CallTestCaseKeyword.callTestCase(CallTestCaseKeyword.groovy:81)
	at com.kms.katalon.core.keyword.builtin.CallTestCaseKeyword.execute(CallTestCaseKeyword.groovy:44)
	at com.kms.katalon.core.keyword.internal.KeywordExecutor.executeKeywordForPlatform(KeywordExecutor.groovy:73)
	at com.kms.katalon.core.keyword.BuiltinKeywords.callTestCase(BuiltinKeywords.groovy:350)
	at Transaction.run(Transaction:102)
	at com.kms.katalon.core.main.ScriptEngine.run(ScriptEngine.java:194)
	at com.kms.katalon.core.main.ScriptEngine.runScriptAsRawText(ScriptEngine.java:119)
	at com.kms.katalon.core.main.TestCaseExecutor.runScript(TestCaseExecutor.java:398)
	at com.kms.katalon.core.main.TestCaseExecutor.doExecute(TestCaseExecutor.java:389)
	at com.kms.katalon.core.main.TestCaseExecutor.processExecutionPhase(TestCaseExecutor.java:368)
	at com.kms.katalon.core.main.TestCaseExecutor.accessMainPhase(TestCaseExecutor.java:360)
	at com.kms.katalon.core.main.TestCaseExecutor.execute(TestCaseExecutor.java:255)
	at com.kms.katalon.core.main.TestCaseMain.runTestCase(TestCaseMain.java:114)
	at com.kms.katalon.core.keyword.builtin.CallTestCaseKeyword$_callTestCase_closure1.doCall(CallTestCaseKeyword.groovy:59)
	at com.kms.katalon.core.keyword.builtin.CallTestCaseKeyword$_callTestCase_closure1.call(CallTestCaseKeyword.groovy)
	at com.kms.katalon.core.keyword.internal.KeywordMain.runKeyword(KeywordMain.groovy:68)
	at com.kms.katalon.core.keyword.builtin.CallTestCaseKeyword.callTestCase(CallTestCaseKeyword.groovy:81)
	at com.kms.katalon.core.keyword.builtin.CallTestCaseKeyword.execute(CallTestCaseKeyword.groovy:44)
	at com.kms.katalon.core.keyword.internal.KeywordExecutor.executeKeywordForPlatform(KeywordExecutor.groovy:73)
	at com.kms.katalon.core.keyword.BuiltinKeywords.callTestCase(BuiltinKeywords.groovy:334)
	at 020 - Beli reksa dana melalui keranjang menggunakan Rekening Data Nasabah.run(020 - Beli reksa dana melalui keranjang menggunakan Rekening Data Nasabah:22)
	at com.kms.katalon.core.main.ScriptEngine.run(ScriptEngine.java:194)
	at com.kms.katalon.core.main.ScriptEngine.runScriptAsRawText(ScriptEngine.java:119)
	at com.kms.katalon.core.main.TestCaseExecutor.runScript(TestCaseExecutor.java:398)
	at com.kms.katalon.core.main.TestCaseExecutor.doExecute(TestCaseExecutor.java:389)
	at com.kms.katalon.core.main.TestCaseExecutor.processExecutionPhase(TestCaseExecutor.java:368)
	at com.kms.katalon.core.main.TestCaseExecutor.accessMainPhase(TestCaseExecutor.java:360)
	at com.kms.katalon.core.main.TestCaseExecutor.execute(TestCaseExecutor.java:255)
	at com.kms.katalon.core.main.TestSuiteExecutor.accessTestCaseMainPhase(TestSuiteExecutor.java:203)
	at com.kms.katalon.core.main.TestSuiteExecutor.accessTestSuiteMainPhase(TestSuiteExecutor.java:152)
	at com.kms.katalon.core.main.TestSuiteExecutor.execute(TestSuiteExecutor.java:95)
	at com.kms.katalon.core.main.TestCaseMain.startTestSuite(TestCaseMain.java:157)
	at com.kms.katalon.core.main.TestCaseMain$startTestSuite$0.call(Unknown Source)
	at TempTestSuite1637282846335.run(TempTestSuite1637282846335.groovy:39)
Caused by: com.kms.katalon.core.exception.StepFailedException: Object Object Repository/Mobile/Page/Metode Pembayaran/Radio Button - Rekening Dana Nasabah not found
	at com.kms.katalon.core.mobile.helper.MobileElementCommonHelper.findElementWithCheck(MobileElementCommonHelper.java:159)
	at com.kms.katalon.core.mobile.helper.MobileElementCommonHelper.getElementTopPosition(MobileElementCommonHelper.java:357)
	at com.kms.katalon.core.mobile.keyword.builtin.GetElementTopPositionKeyword$_getElementTopPosition_closure1.doCall(GetElementTopPositionKeyword.groovy:70)
	at com.kms.katalon.core.mobile.keyword.builtin.GetElementTopPositionKeyword$_getElementTopPosition_closure1.call(GetElementTopPositionKeyword.groovy)
	at com.kms.katalon.core.mobile.keyword.internal.MobileKeywordMain.runKeywordAndReturnInt(MobileKeywordMain.groovy:30)
	at com.kms.katalon.core.mobile.keyword.builtin.GetElementTopPositionKeyword.getElementTopPosition(GetElementTopPositionKeyword.groovy:71)
	at com.kms.katalon.core.mobile.keyword.builtin.GetElementTopPositionKeyword.execute(GetElementTopPositionKeyword.groovy:64)
	at com.kms.katalon.core.keyword.internal.KeywordExecutor.executeKeywordForPlatform(KeywordExecutor.groovy:73)
	at com.kms.katalon.core.mobile.keyword.MobileBuiltInKeywords.getElementTopPosition(MobileBuiltInKeywords.groovy:2600)
	at com.kms.katalon.core.mobile.keyword.MobileBuiltInKeywords$getElementTopPosition$8.call(Unknown Source)
	at Metode Pembayaran.run(Metode Pembayaran:24)
	at com.kms.katalon.core.main.ScriptEngine.run(ScriptEngine.java:194)
	at com.kms.katalon.core.main.ScriptEngine.runScriptAsRawText(ScriptEngine.java:119)
	at com.kms.katalon.core.main.TestCaseExecutor.runScript(TestCaseExecutor.java:398)
	at com.kms.katalon.core.main.TestCaseExecutor.doExecute(TestCaseExecutor.java:389)
	at com.kms.katalon.core.main.TestCaseExecutor.processExecutionPhase(TestCaseExecutor.java:368)
	at com.kms.katalon.core.main.TestCaseExecutor.accessMainPhase(TestCaseExecutor.java:360)
	at com.kms.katalon.core.main.TestCaseExecutor.execute(TestCaseExecutor.java:255)
	at com.kms.katalon.core.main.TestCaseMain.runTestCase(TestCaseMain.java:114)
	at com.kms.katalon.core.keyword.builtin.CallTestCaseKeyword$_callTestCase_closure1.doCall(CallTestCaseKeyword.groovy:59)
	... 36 more
)

2021-11-19 08:12:47 - [TEST_STEP][PASSED] - tapAndHold(findTestObject("Object Repository/Mobile/Page/Transaction/Button - Icon Cart"), 1, 0): Tapped and held on element 'Object Repository/Mobile/Page/Transaction/Button - Icon Cart' with duration 1

2021-11-19 08:12:47 - [MESSAGE][WARNING] - Timeout '0' is invalid. Using default page load timeout: '60'

2021-11-19 08:12:51 - [MESSAGE][PASSED] - Tapped and held on element 'Object Repository/Mobile/Page/Transaction/Button - Icon Cart' with duration 1

2021-11-19 08:12:51 - [TEST_STEP][PASSED] - if (action == "deleteitem"): null

2021-11-19 08:12:51 - [TEST_STEP][FAILED] - else if (action == "buyitem"): Unable to call Test Case 'Test Cases/Mobile/Page/Metode Pembayaran/Metode Pembayaran' (Root cause: com.kms.katalon.core.exception.StepFailedException: Call Test Case 'Test Cases/Mobile/Page/Metode Pembayaran/Metode Pembayaran' failed
	at com.kms.katalon.core.keyword.builtin.CallTestCaseKeyword$_callTestCase_closure1.doCall(CallTestCaseKeyword.groovy:63)
	at com.kms.katalon.core.keyword.builtin.CallTestCaseKeyword$_callTestCase_closure1.call(CallTestCaseKeyword.groovy)
	at com.kms.katalon.core.keyword.internal.KeywordMain.runKeyword(KeywordMain.groovy:68)
	at com.kms.katalon.core.keyword.builtin.CallTestCaseKeyword.callTestCase(CallTestCaseKeyword.groovy:81)
	at com.kms.katalon.core.keyword.builtin.CallTestCaseKeyword.execute(CallTestCaseKeyword.groovy:44)
	at com.kms.katalon.core.keyword.internal.KeywordExecutor.executeKeywordForPlatform(KeywordExecutor.groovy:73)
	at com.kms.katalon.core.keyword.BuiltinKeywords.callTestCase(BuiltinKeywords.groovy:350)
	at Transaction.run(Transaction:102)
	at com.kms.katalon.core.main.ScriptEngine.run(ScriptEngine.java:194)
	at com.kms.katalon.core.main.ScriptEngine.runScriptAsRawText(ScriptEngine.java:119)
	at com.kms.katalon.core.main.TestCaseExecutor.runScript(TestCaseExecutor.java:398)
	at com.kms.katalon.core.main.TestCaseExecutor.doExecute(TestCaseExecutor.java:389)
	at com.kms.katalon.core.main.TestCaseExecutor.processExecutionPhase(TestCaseExecutor.java:368)
	at com.kms.katalon.core.main.TestCaseExecutor.accessMainPhase(TestCaseExecutor.java:360)
	at com.kms.katalon.core.main.TestCaseExecutor.execute(TestCaseExecutor.java:255)
	at com.kms.katalon.core.main.TestCaseMain.runTestCase(TestCaseMain.java:114)
	at com.kms.katalon.core.keyword.builtin.CallTestCaseKeyword$_callTestCase_closure1.doCall(CallTestCaseKeyword.groovy:59)
	at com.kms.katalon.core.keyword.builtin.CallTestCaseKeyword$_callTestCase_closure1.call(CallTestCaseKeyword.groovy)
	at com.kms.katalon.core.keyword.internal.KeywordMain.runKeyword(KeywordMain.groovy:68)
	at com.kms.katalon.core.keyword.builtin.CallTestCaseKeyword.callTestCase(CallTestCaseKeyword.groovy:81)
	at com.kms.katalon.core.keyword.builtin.CallTestCaseKeyword.execute(CallTestCaseKeyword.groovy:44)
	at com.kms.katalon.core.keyword.internal.KeywordExecutor.executeKeywordForPlatform(KeywordExecutor.groovy:73)
	at com.kms.katalon.core.keyword.BuiltinKeywords.callTestCase(BuiltinKeywords.groovy:334)
	at 020 - Beli reksa dana melalui keranjang menggunakan Rekening Data Nasabah.run(020 - Beli reksa dana melalui keranjang menggunakan Rekening Data Nasabah:22)
	at com.kms.katalon.core.main.ScriptEngine.run(ScriptEngine.java:194)
	at com.kms.katalon.core.main.ScriptEngine.runScriptAsRawText(ScriptEngine.java:119)
	at com.kms.katalon.core.main.TestCaseExecutor.runScript(TestCaseExecutor.java:398)
	at com.kms.katalon.core.main.TestCaseExecutor.doExecute(TestCaseExecutor.java:389)
	at com.kms.katalon.core.main.TestCaseExecutor.processExecutionPhase(TestCaseExecutor.java:368)
	at com.kms.katalon.core.main.TestCaseExecutor.accessMainPhase(TestCaseExecutor.java:360)
	at com.kms.katalon.core.main.TestCaseExecutor.execute(TestCaseExecutor.java:255)
	at com.kms.katalon.core.main.TestSuiteExecutor.accessTestCaseMainPhase(TestSuiteExecutor.java:203)
	at com.kms.katalon.core.main.TestSuiteExecutor.accessTestSuiteMainPhase(TestSuiteExecutor.java:152)
	at com.kms.katalon.core.main.TestSuiteExecutor.execute(TestSuiteExecutor.java:95)
	at com.kms.katalon.core.main.TestCaseMain.startTestSuite(TestCaseMain.java:157)
	at com.kms.katalon.core.main.TestCaseMain$startTestSuite$0.call(Unknown Source)
	at TempTestSuite1637282846335.run(TempTestSuite1637282846335.groovy:39)
Caused by: com.kms.katalon.core.exception.StepFailedException: Object Object Repository/Mobile/Page/Metode Pembayaran/Radio Button - Rekening Dana Nasabah not found
	at com.kms.katalon.core.mobile.helper.MobileElementCommonHelper.findElementWithCheck(MobileElementCommonHelper.java:159)
	at com.kms.katalon.core.mobile.helper.MobileElementCommonHelper.getElementTopPosition(MobileElementCommonHelper.java:357)
	at com.kms.katalon.core.mobile.keyword.builtin.GetElementTopPositionKeyword$_getElementTopPosition_closure1.doCall(GetElementTopPositionKeyword.groovy:70)
	at com.kms.katalon.core.mobile.keyword.builtin.GetElementTopPositionKeyword$_getElementTopPosition_closure1.call(GetElementTopPositionKeyword.groovy)
	at com.kms.katalon.core.mobile.keyword.internal.MobileKeywordMain.runKeywordAndReturnInt(MobileKeywordMain.groovy:30)
	at com.kms.katalon.core.mobile.keyword.builtin.GetElementTopPositionKeyword.getElementTopPosition(GetElementTopPositionKeyword.groovy:71)
	at com.kms.katalon.core.mobile.keyword.builtin.GetElementTopPositionKeyword.execute(GetElementTopPositionKeyword.groovy:64)
	at com.kms.katalon.core.keyword.internal.KeywordExecutor.executeKeywordForPlatform(KeywordExecutor.groovy:73)
	at com.kms.katalon.core.mobile.keyword.MobileBuiltInKeywords.getElementTopPosition(MobileBuiltInKeywords.groovy:2600)
	at com.kms.katalon.core.mobile.keyword.MobileBuiltInKeywords$getElementTopPosition$8.call(Unknown Source)
	at Metode Pembayaran.run(Metode Pembayaran:24)
	at com.kms.katalon.core.main.ScriptEngine.run(ScriptEngine.java:194)
	at com.kms.katalon.core.main.ScriptEngine.runScriptAsRawText(ScriptEngine.java:119)
	at com.kms.katalon.core.main.TestCaseExecutor.runScript(TestCaseExecutor.java:398)
	at com.kms.katalon.core.main.TestCaseExecutor.doExecute(TestCaseExecutor.java:389)
	at com.kms.katalon.core.main.TestCaseExecutor.processExecutionPhase(TestCaseExecutor.java:368)
	at com.kms.katalon.core.main.TestCaseExecutor.accessMainPhase(TestCaseExecutor.java:360)
	at com.kms.katalon.core.main.TestCaseExecutor.execute(TestCaseExecutor.java:255)
	at com.kms.katalon.core.main.TestCaseMain.runTestCase(TestCaseMain.java:114)
	at com.kms.katalon.core.keyword.builtin.CallTestCaseKeyword$_callTestCase_closure1.doCall(CallTestCaseKeyword.groovy:59)
	... 36 more
)

2021-11-19 08:12:51 - [TEST_STEP][PASSED] - tap(findTestObject("Mobile/Page/Keranjang/Check Box - Product Checked"), 0): Tapped on element 'Object Repository/Mobile/Page/Keranjang/Check Box - Product Checked'

2021-11-19 08:12:51 - [MESSAGE][WARNING] - Timeout '0' is invalid. Using default page load timeout: '60'

2021-11-19 08:12:52 - [MESSAGE][PASSED] - Tapped on element 'Object Repository/Mobile/Page/Keranjang/Check Box - Product Checked'

2021-11-19 08:12:52 - [TEST_STEP][PASSED] - tap(findTestObject("Mobile/Page/Keranjang/Check Box - Product Uncheck"), 0): Tapped on element 'Object Repository/Mobile/Page/Keranjang/Check Box - Product Uncheck'

2021-11-19 08:12:52 - [MESSAGE][WARNING] - Timeout '0' is invalid. Using default page load timeout: '60'

2021-11-19 08:12:53 - [MESSAGE][PASSED] - Tapped on element 'Object Repository/Mobile/Page/Keranjang/Check Box - Product Uncheck'

2021-11-19 08:12:53 - [TEST_STEP][PASSED] - tap(findTestObject("Mobile/Page/Keranjang/Button - Beli"), 0): Tapped on element 'Object Repository/Mobile/Page/Keranjang/Button - Beli'

2021-11-19 08:12:53 - [MESSAGE][WARNING] - Timeout '0' is invalid. Using default page load timeout: '60'

2021-11-19 08:12:55 - [MESSAGE][PASSED] - Tapped on element 'Object Repository/Mobile/Page/Keranjang/Button - Beli'

2021-11-19 08:12:55 - [TEST_STEP][PASSED] - delay(1): Delayed 1 second(s)

2021-11-19 08:12:56 - [MESSAGE][PASSED] - Delayed 1 second(s)

2021-11-19 08:12:56 - [TEST_STEP][FAILED] - if (buymethod == "rdn"): Unable to call Test Case 'Test Cases/Mobile/Page/Metode Pembayaran/Metode Pembayaran' (Root cause: com.kms.katalon.core.exception.StepFailedException: Call Test Case 'Test Cases/Mobile/Page/Metode Pembayaran/Metode Pembayaran' failed
	at com.kms.katalon.core.keyword.builtin.CallTestCaseKeyword$_callTestCase_closure1.doCall(CallTestCaseKeyword.groovy:63)
	at com.kms.katalon.core.keyword.builtin.CallTestCaseKeyword$_callTestCase_closure1.call(CallTestCaseKeyword.groovy)
	at com.kms.katalon.core.keyword.internal.KeywordMain.runKeyword(KeywordMain.groovy:68)
	at com.kms.katalon.core.keyword.builtin.CallTestCaseKeyword.callTestCase(CallTestCaseKeyword.groovy:81)
	at com.kms.katalon.core.keyword.builtin.CallTestCaseKeyword.execute(CallTestCaseKeyword.groovy:44)
	at com.kms.katalon.core.keyword.internal.KeywordExecutor.executeKeywordForPlatform(KeywordExecutor.groovy:73)
	at com.kms.katalon.core.keyword.BuiltinKeywords.callTestCase(BuiltinKeywords.groovy:350)
	at Transaction.run(Transaction:102)
	at com.kms.katalon.core.main.ScriptEngine.run(ScriptEngine.java:194)
	at com.kms.katalon.core.main.ScriptEngine.runScriptAsRawText(ScriptEngine.java:119)
	at com.kms.katalon.core.main.TestCaseExecutor.runScript(TestCaseExecutor.java:398)
	at com.kms.katalon.core.main.TestCaseExecutor.doExecute(TestCaseExecutor.java:389)
	at com.kms.katalon.core.main.TestCaseExecutor.processExecutionPhase(TestCaseExecutor.java:368)
	at com.kms.katalon.core.main.TestCaseExecutor.accessMainPhase(TestCaseExecutor.java:360)
	at com.kms.katalon.core.main.TestCaseExecutor.execute(TestCaseExecutor.java:255)
	at com.kms.katalon.core.main.TestCaseMain.runTestCase(TestCaseMain.java:114)
	at com.kms.katalon.core.keyword.builtin.CallTestCaseKeyword$_callTestCase_closure1.doCall(CallTestCaseKeyword.groovy:59)
	at com.kms.katalon.core.keyword.builtin.CallTestCaseKeyword$_callTestCase_closure1.call(CallTestCaseKeyword.groovy)
	at com.kms.katalon.core.keyword.internal.KeywordMain.runKeyword(KeywordMain.groovy:68)
	at com.kms.katalon.core.keyword.builtin.CallTestCaseKeyword.callTestCase(CallTestCaseKeyword.groovy:81)
	at com.kms.katalon.core.keyword.builtin.CallTestCaseKeyword.execute(CallTestCaseKeyword.groovy:44)
	at com.kms.katalon.core.keyword.internal.KeywordExecutor.executeKeywordForPlatform(KeywordExecutor.groovy:73)
	at com.kms.katalon.core.keyword.BuiltinKeywords.callTestCase(BuiltinKeywords.groovy:334)
	at 020 - Beli reksa dana melalui keranjang menggunakan Rekening Data Nasabah.run(020 - Beli reksa dana melalui keranjang menggunakan Rekening Data Nasabah:22)
	at com.kms.katalon.core.main.ScriptEngine.run(ScriptEngine.java:194)
	at com.kms.katalon.core.main.ScriptEngine.runScriptAsRawText(ScriptEngine.java:119)
	at com.kms.katalon.core.main.TestCaseExecutor.runScript(TestCaseExecutor.java:398)
	at com.kms.katalon.core.main.TestCaseExecutor.doExecute(TestCaseExecutor.java:389)
	at com.kms.katalon.core.main.TestCaseExecutor.processExecutionPhase(TestCaseExecutor.java:368)
	at com.kms.katalon.core.main.TestCaseExecutor.accessMainPhase(TestCaseExecutor.java:360)
	at com.kms.katalon.core.main.TestCaseExecutor.execute(TestCaseExecutor.java:255)
	at com.kms.katalon.core.main.TestSuiteExecutor.accessTestCaseMainPhase(TestSuiteExecutor.java:203)
	at com.kms.katalon.core.main.TestSuiteExecutor.accessTestSuiteMainPhase(TestSuiteExecutor.java:152)
	at com.kms.katalon.core.main.TestSuiteExecutor.execute(TestSuiteExecutor.java:95)
	at com.kms.katalon.core.main.TestCaseMain.startTestSuite(TestCaseMain.java:157)
	at com.kms.katalon.core.main.TestCaseMain$startTestSuite$0.call(Unknown Source)
	at TempTestSuite1637282846335.run(TempTestSuite1637282846335.groovy:39)
Caused by: com.kms.katalon.core.exception.StepFailedException: Object Object Repository/Mobile/Page/Metode Pembayaran/Radio Button - Rekening Dana Nasabah not found
	at com.kms.katalon.core.mobile.helper.MobileElementCommonHelper.findElementWithCheck(MobileElementCommonHelper.java:159)
	at com.kms.katalon.core.mobile.helper.MobileElementCommonHelper.getElementTopPosition(MobileElementCommonHelper.java:357)
	at com.kms.katalon.core.mobile.keyword.builtin.GetElementTopPositionKeyword$_getElementTopPosition_closure1.doCall(GetElementTopPositionKeyword.groovy:70)
	at com.kms.katalon.core.mobile.keyword.builtin.GetElementTopPositionKeyword$_getElementTopPosition_closure1.call(GetElementTopPositionKeyword.groovy)
	at com.kms.katalon.core.mobile.keyword.internal.MobileKeywordMain.runKeywordAndReturnInt(MobileKeywordMain.groovy:30)
	at com.kms.katalon.core.mobile.keyword.builtin.GetElementTopPositionKeyword.getElementTopPosition(GetElementTopPositionKeyword.groovy:71)
	at com.kms.katalon.core.mobile.keyword.builtin.GetElementTopPositionKeyword.execute(GetElementTopPositionKeyword.groovy:64)
	at com.kms.katalon.core.keyword.internal.KeywordExecutor.executeKeywordForPlatform(KeywordExecutor.groovy:73)
	at com.kms.katalon.core.mobile.keyword.MobileBuiltInKeywords.getElementTopPosition(MobileBuiltInKeywords.groovy:2600)
	at com.kms.katalon.core.mobile.keyword.MobileBuiltInKeywords$getElementTopPosition$8.call(Unknown Source)
	at Metode Pembayaran.run(Metode Pembayaran:24)
	at com.kms.katalon.core.main.ScriptEngine.run(ScriptEngine.java:194)
	at com.kms.katalon.core.main.ScriptEngine.runScriptAsRawText(ScriptEngine.java:119)
	at com.kms.katalon.core.main.TestCaseExecutor.runScript(TestCaseExecutor.java:398)
	at com.kms.katalon.core.main.TestCaseExecutor.doExecute(TestCaseExecutor.java:389)
	at com.kms.katalon.core.main.TestCaseExecutor.processExecutionPhase(TestCaseExecutor.java:368)
	at com.kms.katalon.core.main.TestCaseExecutor.accessMainPhase(TestCaseExecutor.java:360)
	at com.kms.katalon.core.main.TestCaseExecutor.execute(TestCaseExecutor.java:255)
	at com.kms.katalon.core.main.TestCaseMain.runTestCase(TestCaseMain.java:114)
	at com.kms.katalon.core.keyword.builtin.CallTestCaseKeyword$_callTestCase_closure1.doCall(CallTestCaseKeyword.groovy:59)
	... 36 more
)

2021-11-19 08:12:56 - [TEST_STEP][FAILED] - callTestCase(findTestCase("Mobile/Page/Metode Pembayaran/Metode Pembayaran"), ["metodePembayaran":"Rekening Dana Nasabah"]): Unable to call Test Case 'Test Cases/Mobile/Page/Metode Pembayaran/Metode Pembayaran' (Root cause: com.kms.katalon.core.exception.StepFailedException: Call Test Case 'Test Cases/Mobile/Page/Metode Pembayaran/Metode Pembayaran' failed
	at com.kms.katalon.core.keyword.builtin.CallTestCaseKeyword$_callTestCase_closure1.doCall(CallTestCaseKeyword.groovy:63)
	at com.kms.katalon.core.keyword.builtin.CallTestCaseKeyword$_callTestCase_closure1.call(CallTestCaseKeyword.groovy)
	at com.kms.katalon.core.keyword.internal.KeywordMain.runKeyword(KeywordMain.groovy:68)
	at com.kms.katalon.core.keyword.builtin.CallTestCaseKeyword.callTestCase(CallTestCaseKeyword.groovy:81)
	at com.kms.katalon.core.keyword.builtin.CallTestCaseKeyword.execute(CallTestCaseKeyword.groovy:44)
	at com.kms.katalon.core.keyword.internal.KeywordExecutor.executeKeywordForPlatform(KeywordExecutor.groovy:73)
	at com.kms.katalon.core.keyword.BuiltinKeywords.callTestCase(BuiltinKeywords.groovy:350)
	at Transaction.run(Transaction:102)
	at com.kms.katalon.core.main.ScriptEngine.run(ScriptEngine.java:194)
	at com.kms.katalon.core.main.ScriptEngine.runScriptAsRawText(ScriptEngine.java:119)
	at com.kms.katalon.core.main.TestCaseExecutor.runScript(TestCaseExecutor.java:398)
	at com.kms.katalon.core.main.TestCaseExecutor.doExecute(TestCaseExecutor.java:389)
	at com.kms.katalon.core.main.TestCaseExecutor.processExecutionPhase(TestCaseExecutor.java:368)
	at com.kms.katalon.core.main.TestCaseExecutor.accessMainPhase(TestCaseExecutor.java:360)
	at com.kms.katalon.core.main.TestCaseExecutor.execute(TestCaseExecutor.java:255)
	at com.kms.katalon.core.main.TestCaseMain.runTestCase(TestCaseMain.java:114)
	at com.kms.katalon.core.keyword.builtin.CallTestCaseKeyword$_callTestCase_closure1.doCall(CallTestCaseKeyword.groovy:59)
	at com.kms.katalon.core.keyword.builtin.CallTestCaseKeyword$_callTestCase_closure1.call(CallTestCaseKeyword.groovy)
	at com.kms.katalon.core.keyword.internal.KeywordMain.runKeyword(KeywordMain.groovy:68)
	at com.kms.katalon.core.keyword.builtin.CallTestCaseKeyword.callTestCase(CallTestCaseKeyword.groovy:81)
	at com.kms.katalon.core.keyword.builtin.CallTestCaseKeyword.execute(CallTestCaseKeyword.groovy:44)
	at com.kms.katalon.core.keyword.internal.KeywordExecutor.executeKeywordForPlatform(KeywordExecutor.groovy:73)
	at com.kms.katalon.core.keyword.BuiltinKeywords.callTestCase(BuiltinKeywords.groovy:334)
	at 020 - Beli reksa dana melalui keranjang menggunakan Rekening Data Nasabah.run(020 - Beli reksa dana melalui keranjang menggunakan Rekening Data Nasabah:22)
	at com.kms.katalon.core.main.ScriptEngine.run(ScriptEngine.java:194)
	at com.kms.katalon.core.main.ScriptEngine.runScriptAsRawText(ScriptEngine.java:119)
	at com.kms.katalon.core.main.TestCaseExecutor.runScript(TestCaseExecutor.java:398)
	at com.kms.katalon.core.main.TestCaseExecutor.doExecute(TestCaseExecutor.java:389)
	at com.kms.katalon.core.main.TestCaseExecutor.processExecutionPhase(TestCaseExecutor.java:368)
	at com.kms.katalon.core.main.TestCaseExecutor.accessMainPhase(TestCaseExecutor.java:360)
	at com.kms.katalon.core.main.TestCaseExecutor.execute(TestCaseExecutor.java:255)
	at com.kms.katalon.core.main.TestSuiteExecutor.accessTestCaseMainPhase(TestSuiteExecutor.java:203)
	at com.kms.katalon.core.main.TestSuiteExecutor.accessTestSuiteMainPhase(TestSuiteExecutor.java:152)
	at com.kms.katalon.core.main.TestSuiteExecutor.execute(TestSuiteExecutor.java:95)
	at com.kms.katalon.core.main.TestCaseMain.startTestSuite(TestCaseMain.java:157)
	at com.kms.katalon.core.main.TestCaseMain$startTestSuite$0.call(Unknown Source)
	at TempTestSuite1637282846335.run(TempTestSuite1637282846335.groovy:39)
Caused by: com.kms.katalon.core.exception.StepFailedException: Object Object Repository/Mobile/Page/Metode Pembayaran/Radio Button - Rekening Dana Nasabah not found
	at com.kms.katalon.core.mobile.helper.MobileElementCommonHelper.findElementWithCheck(MobileElementCommonHelper.java:159)
	at com.kms.katalon.core.mobile.helper.MobileElementCommonHelper.getElementTopPosition(MobileElementCommonHelper.java:357)
	at com.kms.katalon.core.mobile.keyword.builtin.GetElementTopPositionKeyword$_getElementTopPosition_closure1.doCall(GetElementTopPositionKeyword.groovy:70)
	at com.kms.katalon.core.mobile.keyword.builtin.GetElementTopPositionKeyword$_getElementTopPosition_closure1.call(GetElementTopPositionKeyword.groovy)
	at com.kms.katalon.core.mobile.keyword.internal.MobileKeywordMain.runKeywordAndReturnInt(MobileKeywordMain.groovy:30)
	at com.kms.katalon.core.mobile.keyword.builtin.GetElementTopPositionKeyword.getElementTopPosition(GetElementTopPositionKeyword.groovy:71)
	at com.kms.katalon.core.mobile.keyword.builtin.GetElementTopPositionKeyword.execute(GetElementTopPositionKeyword.groovy:64)
	at com.kms.katalon.core.keyword.internal.KeywordExecutor.executeKeywordForPlatform(KeywordExecutor.groovy:73)
	at com.kms.katalon.core.mobile.keyword.MobileBuiltInKeywords.getElementTopPosition(MobileBuiltInKeywords.groovy:2600)
	at com.kms.katalon.core.mobile.keyword.MobileBuiltInKeywords$getElementTopPosition$8.call(Unknown Source)
	at Metode Pembayaran.run(Metode Pembayaran:24)
	at com.kms.katalon.core.main.ScriptEngine.run(ScriptEngine.java:194)
	at com.kms.katalon.core.main.ScriptEngine.runScriptAsRawText(ScriptEngine.java:119)
	at com.kms.katalon.core.main.TestCaseExecutor.runScript(TestCaseExecutor.java:398)
	at com.kms.katalon.core.main.TestCaseExecutor.doExecute(TestCaseExecutor.java:389)
	at com.kms.katalon.core.main.TestCaseExecutor.processExecutionPhase(TestCaseExecutor.java:368)
	at com.kms.katalon.core.main.TestCaseExecutor.accessMainPhase(TestCaseExecutor.java:360)
	at com.kms.katalon.core.main.TestCaseExecutor.execute(TestCaseExecutor.java:255)
	at com.kms.katalon.core.main.TestCaseMain.runTestCase(TestCaseMain.java:114)
	at com.kms.katalon.core.keyword.builtin.CallTestCaseKeyword$_callTestCase_closure1.doCall(CallTestCaseKeyword.groovy:59)
	... 36 more
)

2021-11-19 08:12:56 - [TEST_CASE][FAILED] - Test Cases/Mobile/Page/Metode Pembayaran/Metode Pembayaran: Test Cases/Mobile/Page/Metode Pembayaran/Metode Pembayaran FAILED.
Reason:
com.kms.katalon.core.exception.StepFailedException: Object Object Repository/Mobile/Page/Metode Pembayaran/Radio Button - Rekening Dana Nasabah not found
	at com.kms.katalon.core.mobile.helper.MobileElementCommonHelper.findElementWithCheck(MobileElementCommonHelper.java:159)
	at com.kms.katalon.core.mobile.helper.MobileElementCommonHelper.getElementTopPosition(MobileElementCommonHelper.java:357)
	at com.kms.katalon.core.mobile.keyword.builtin.GetElementTopPositionKeyword$_getElementTopPosition_closure1.doCall(GetElementTopPositionKeyword.groovy:70)
	at com.kms.katalon.core.mobile.keyword.builtin.GetElementTopPositionKeyword$_getElementTopPosition_closure1.call(GetElementTopPositionKeyword.groovy)
	at com.kms.katalon.core.mobile.keyword.internal.MobileKeywordMain.runKeywordAndReturnInt(MobileKeywordMain.groovy:30)
	at com.kms.katalon.core.mobile.keyword.builtin.GetElementTopPositionKeyword.getElementTopPosition(GetElementTopPositionKeyword.groovy:71)
	at com.kms.katalon.core.mobile.keyword.builtin.GetElementTopPositionKeyword.execute(GetElementTopPositionKeyword.groovy:64)
	at com.kms.katalon.core.keyword.internal.KeywordExecutor.executeKeywordForPlatform(KeywordExecutor.groovy:73)
	at com.kms.katalon.core.mobile.keyword.MobileBuiltInKeywords.getElementTopPosition(MobileBuiltInKeywords.groovy:2600)
	at com.kms.katalon.core.mobile.keyword.MobileBuiltInKeywords$getElementTopPosition$8.call(Unknown Source)
	at Metode Pembayaran.run(Metode Pembayaran:24)
	at com.kms.katalon.core.main.ScriptEngine.run(ScriptEngine.java:194)
	at com.kms.katalon.core.main.ScriptEngine.runScriptAsRawText(ScriptEngine.java:119)
	at com.kms.katalon.core.main.TestCaseExecutor.runScript(TestCaseExecutor.java:398)
	at com.kms.katalon.core.main.TestCaseExecutor.doExecute(TestCaseExecutor.java:389)
	at com.kms.katalon.core.main.TestCaseExecutor.processExecutionPhase(TestCaseExecutor.java:368)
	at com.kms.katalon.core.main.TestCaseExecutor.accessMainPhase(TestCaseExecutor.java:360)
	at com.kms.katalon.core.main.TestCaseExecutor.execute(TestCaseExecutor.java:255)
	at com.kms.katalon.core.main.TestCaseMain.runTestCase(TestCaseMain.java:114)
	at com.kms.katalon.core.keyword.builtin.CallTestCaseKeyword$_callTestCase_closure1.doCall(CallTestCaseKeyword.groovy:59)
	at com.kms.katalon.core.keyword.builtin.CallTestCaseKeyword$_callTestCase_closure1.call(CallTestCaseKeyword.groovy)
	at com.kms.katalon.core.keyword.internal.KeywordMain.runKeyword(KeywordMain.groovy:68)
	at com.kms.katalon.core.keyword.builtin.CallTestCaseKeyword.callTestCase(CallTestCaseKeyword.groovy:81)
	at com.kms.katalon.core.keyword.builtin.CallTestCaseKeyword.execute(CallTestCaseKeyword.groovy:44)
	at com.kms.katalon.core.keyword.internal.KeywordExecutor.executeKeywordForPlatform(KeywordExecutor.groovy:73)
	at com.kms.katalon.core.keyword.BuiltinKeywords.callTestCase(BuiltinKeywords.groovy:350)
	at Transaction.run(Transaction:102)
	at com.kms.katalon.core.main.ScriptEngine.run(ScriptEngine.java:194)
	at com.kms.katalon.core.main.ScriptEngine.runScriptAsRawText(ScriptEngine.java:119)
	at com.kms.katalon.core.main.TestCaseExecutor.runScript(TestCaseExecutor.java:398)
	at com.kms.katalon.core.main.TestCaseExecutor.doExecute(TestCaseExecutor.java:389)
	at com.kms.katalon.core.main.TestCaseExecutor.processExecutionPhase(TestCaseExecutor.java:368)
	at com.kms.katalon.core.main.TestCaseExecutor.accessMainPhase(TestCaseExecutor.java:360)
	at com.kms.katalon.core.main.TestCaseExecutor.execute(TestCaseExecutor.java:255)
	at com.kms.katalon.core.main.TestCaseMain.runTestCase(TestCaseMain.java:114)
	at com.kms.katalon.core.keyword.builtin.CallTestCaseKeyword$_callTestCase_closure1.doCall(CallTestCaseKeyword.groovy:59)
	at com.kms.katalon.core.keyword.builtin.CallTestCaseKeyword$_callTestCase_closure1.call(CallTestCaseKeyword.groovy)
	at com.kms.katalon.core.keyword.internal.KeywordMain.runKeyword(KeywordMain.groovy:68)
	at com.kms.katalon.core.keyword.builtin.CallTestCaseKeyword.callTestCase(CallTestCaseKeyword.groovy:81)
	at com.kms.katalon.core.keyword.builtin.CallTestCaseKeyword.execute(CallTestCaseKeyword.groovy:44)
	at com.kms.katalon.core.keyword.internal.KeywordExecutor.executeKeywordForPlatform(KeywordExecutor.groovy:73)
	at com.kms.katalon.core.keyword.BuiltinKeywords.callTestCase(BuiltinKeywords.groovy:334)
	at 020 - Beli reksa dana melalui keranjang menggunakan Rekening Data Nasabah.run(020 - Beli reksa dana melalui keranjang menggunakan Rekening Data Nasabah:22)
	at com.kms.katalon.core.main.ScriptEngine.run(ScriptEngine.java:194)
	at com.kms.katalon.core.main.ScriptEngine.runScriptAsRawText(ScriptEngine.java:119)
	at com.kms.katalon.core.main.TestCaseExecutor.runScript(TestCaseExecutor.java:398)
	at com.kms.katalon.core.main.TestCaseExecutor.doExecute(TestCaseExecutor.java:389)
	at com.kms.katalon.core.main.TestCaseExecutor.processExecutionPhase(TestCaseExecutor.java:368)
	at com.kms.katalon.core.main.TestCaseExecutor.accessMainPhase(TestCaseExecutor.java:360)
	at com.kms.katalon.core.main.TestCaseExecutor.execute(TestCaseExecutor.java:255)
	at com.kms.katalon.core.main.TestSuiteExecutor.accessTestCaseMainPhase(TestSuiteExecutor.java:203)
	at com.kms.katalon.core.main.TestSuiteExecutor.accessTestSuiteMainPhase(TestSuiteExecutor.java:152)
	at com.kms.katalon.core.main.TestSuiteExecutor.execute(TestSuiteExecutor.java:95)
	at com.kms.katalon.core.main.TestCaseMain.startTestSuite(TestCaseMain.java:157)
	at com.kms.katalon.core.main.TestCaseMain$startTestSuite$0.call(Unknown Source)
	at TempTestSuite1637282846335.run(TempTestSuite1637282846335.groovy:39)


2021-11-19 08:12:56 - [TEST_STEP][FAILED] - switch (metodePembayaran): Failed to get top position of element 'Object Repository/Mobile/Page/Metode Pembayaran/Radio Button - Rekening Dana Nasabah' (Root cause: com.kms.katalon.core.exception.StepFailedException: Object Object Repository/Mobile/Page/Metode Pembayaran/Radio Button - Rekening Dana Nasabah not found
	at com.kms.katalon.core.mobile.helper.MobileElementCommonHelper.findElementWithCheck(MobileElementCommonHelper.java:159)
	at com.kms.katalon.core.mobile.helper.MobileElementCommonHelper.getElementTopPosition(MobileElementCommonHelper.java:357)
	at com.kms.katalon.core.mobile.keyword.builtin.GetElementTopPositionKeyword$_getElementTopPosition_closure1.doCall(GetElementTopPositionKeyword.groovy:70)
	at com.kms.katalon.core.mobile.keyword.builtin.GetElementTopPositionKeyword$_getElementTopPosition_closure1.call(GetElementTopPositionKeyword.groovy)
	at com.kms.katalon.core.mobile.keyword.internal.MobileKeywordMain.runKeywordAndReturnInt(MobileKeywordMain.groovy:30)
	at com.kms.katalon.core.mobile.keyword.builtin.GetElementTopPositionKeyword.getElementTopPosition(GetElementTopPositionKeyword.groovy:71)
	at com.kms.katalon.core.mobile.keyword.builtin.GetElementTopPositionKeyword.execute(GetElementTopPositionKeyword.groovy:64)
	at com.kms.katalon.core.keyword.internal.KeywordExecutor.executeKeywordForPlatform(KeywordExecutor.groovy:73)
	at com.kms.katalon.core.mobile.keyword.MobileBuiltInKeywords.getElementTopPosition(MobileBuiltInKeywords.groovy:2600)
	at com.kms.katalon.core.mobile.keyword.MobileBuiltInKeywords$getElementTopPosition$8.call(Unknown Source)
	at Metode Pembayaran.run(Metode Pembayaran:24)
	at com.kms.katalon.core.main.ScriptEngine.run(ScriptEngine.java:194)
	at com.kms.katalon.core.main.ScriptEngine.runScriptAsRawText(ScriptEngine.java:119)
	at com.kms.katalon.core.main.TestCaseExecutor.runScript(TestCaseExecutor.java:398)
	at com.kms.katalon.core.main.TestCaseExecutor.doExecute(TestCaseExecutor.java:389)
	at com.kms.katalon.core.main.TestCaseExecutor.processExecutionPhase(TestCaseExecutor.java:368)
	at com.kms.katalon.core.main.TestCaseExecutor.accessMainPhase(TestCaseExecutor.java:360)
	at com.kms.katalon.core.main.TestCaseExecutor.execute(TestCaseExecutor.java:255)
	at com.kms.katalon.core.main.TestCaseMain.runTestCase(TestCaseMain.java:114)
	at com.kms.katalon.core.keyword.builtin.CallTestCaseKeyword$_callTestCase_closure1.doCall(CallTestCaseKeyword.groovy:59)
	at com.kms.katalon.core.keyword.builtin.CallTestCaseKeyword$_callTestCase_closure1.call(CallTestCaseKeyword.groovy)
	at com.kms.katalon.core.keyword.internal.KeywordMain.runKeyword(KeywordMain.groovy:68)
	at com.kms.katalon.core.keyword.builtin.CallTestCaseKeyword.callTestCase(CallTestCaseKeyword.groovy:81)
	at com.kms.katalon.core.keyword.builtin.CallTestCaseKeyword.execute(CallTestCaseKeyword.groovy:44)
	at com.kms.katalon.core.keyword.internal.KeywordExecutor.executeKeywordForPlatform(KeywordExecutor.groovy:73)
	at com.kms.katalon.core.keyword.BuiltinKeywords.callTestCase(BuiltinKeywords.groovy:350)
	at Transaction.run(Transaction:102)
	at com.kms.katalon.core.main.ScriptEngine.run(ScriptEngine.java:194)
	at com.kms.katalon.core.main.ScriptEngine.runScriptAsRawText(ScriptEngine.java:119)
	at com.kms.katalon.core.main.TestCaseExecutor.runScript(TestCaseExecutor.java:398)
	at com.kms.katalon.core.main.TestCaseExecutor.doExecute(TestCaseExecutor.java:389)
	at com.kms.katalon.core.main.TestCaseExecutor.processExecutionPhase(TestCaseExecutor.java:368)
	at com.kms.katalon.core.main.TestCaseExecutor.accessMainPhase(TestCaseExecutor.java:360)
	at com.kms.katalon.core.main.TestCaseExecutor.execute(TestCaseExecutor.java:255)
	at com.kms.katalon.core.main.TestCaseMain.runTestCase(TestCaseMain.java:114)
	at com.kms.katalon.core.keyword.builtin.CallTestCaseKeyword$_callTestCase_closure1.doCall(CallTestCaseKeyword.groovy:59)
	at com.kms.katalon.core.keyword.builtin.CallTestCaseKeyword$_callTestCase_closure1.call(CallTestCaseKeyword.groovy)
	at com.kms.katalon.core.keyword.internal.KeywordMain.runKeyword(KeywordMain.groovy:68)
	at com.kms.katalon.core.keyword.builtin.CallTestCaseKeyword.callTestCase(CallTestCaseKeyword.groovy:81)
	at com.kms.katalon.core.keyword.builtin.CallTestCaseKeyword.execute(CallTestCaseKeyword.groovy:44)
	at com.kms.katalon.core.keyword.internal.KeywordExecutor.executeKeywordForPlatform(KeywordExecutor.groovy:73)
	at com.kms.katalon.core.keyword.BuiltinKeywords.callTestCase(BuiltinKeywords.groovy:334)
	at 020 - Beli reksa dana melalui keranjang menggunakan Rekening Data Nasabah.run(020 - Beli reksa dana melalui keranjang menggunakan Rekening Data Nasabah:22)
	at com.kms.katalon.core.main.ScriptEngine.run(ScriptEngine.java:194)
	at com.kms.katalon.core.main.ScriptEngine.runScriptAsRawText(ScriptEngine.java:119)
	at com.kms.katalon.core.main.TestCaseExecutor.runScript(TestCaseExecutor.java:398)
	at com.kms.katalon.core.main.TestCaseExecutor.doExecute(TestCaseExecutor.java:389)
	at com.kms.katalon.core.main.TestCaseExecutor.processExecutionPhase(TestCaseExecutor.java:368)
	at com.kms.katalon.core.main.TestCaseExecutor.accessMainPhase(TestCaseExecutor.java:360)
	at com.kms.katalon.core.main.TestCaseExecutor.execute(TestCaseExecutor.java:255)
	at com.kms.katalon.core.main.TestSuiteExecutor.accessTestCaseMainPhase(TestSuiteExecutor.java:203)
	at com.kms.katalon.core.main.TestSuiteExecutor.accessTestSuiteMainPhase(TestSuiteExecutor.java:152)
	at com.kms.katalon.core.main.TestSuiteExecutor.execute(TestSuiteExecutor.java:95)
	at com.kms.katalon.core.main.TestCaseMain.startTestSuite(TestCaseMain.java:157)
	at com.kms.katalon.core.main.TestCaseMain$startTestSuite$0.call(Unknown Source)
	at TempTestSuite1637282846335.run(TempTestSuite1637282846335.groovy:39)
)

2021-11-19 08:12:56 - [TEST_STEP][FAILED] - case "Rekening Dana Nasabah":: Failed to get top position of element 'Object Repository/Mobile/Page/Metode Pembayaran/Radio Button - Rekening Dana Nasabah' (Root cause: com.kms.katalon.core.exception.StepFailedException: Object Object Repository/Mobile/Page/Metode Pembayaran/Radio Button - Rekening Dana Nasabah not found
	at com.kms.katalon.core.mobile.helper.MobileElementCommonHelper.findElementWithCheck(MobileElementCommonHelper.java:159)
	at com.kms.katalon.core.mobile.helper.MobileElementCommonHelper.getElementTopPosition(MobileElementCommonHelper.java:357)
	at com.kms.katalon.core.mobile.keyword.builtin.GetElementTopPositionKeyword$_getElementTopPosition_closure1.doCall(GetElementTopPositionKeyword.groovy:70)
	at com.kms.katalon.core.mobile.keyword.builtin.GetElementTopPositionKeyword$_getElementTopPosition_closure1.call(GetElementTopPositionKeyword.groovy)
	at com.kms.katalon.core.mobile.keyword.internal.MobileKeywordMain.runKeywordAndReturnInt(MobileKeywordMain.groovy:30)
	at com.kms.katalon.core.mobile.keyword.builtin.GetElementTopPositionKeyword.getElementTopPosition(GetElementTopPositionKeyword.groovy:71)
	at com.kms.katalon.core.mobile.keyword.builtin.GetElementTopPositionKeyword.execute(GetElementTopPositionKeyword.groovy:64)
	at com.kms.katalon.core.keyword.internal.KeywordExecutor.executeKeywordForPlatform(KeywordExecutor.groovy:73)
	at com.kms.katalon.core.mobile.keyword.MobileBuiltInKeywords.getElementTopPosition(MobileBuiltInKeywords.groovy:2600)
	at com.kms.katalon.core.mobile.keyword.MobileBuiltInKeywords$getElementTopPosition$8.call(Unknown Source)
	at Metode Pembayaran.run(Metode Pembayaran:24)
	at com.kms.katalon.core.main.ScriptEngine.run(ScriptEngine.java:194)
	at com.kms.katalon.core.main.ScriptEngine.runScriptAsRawText(ScriptEngine.java:119)
	at com.kms.katalon.core.main.TestCaseExecutor.runScript(TestCaseExecutor.java:398)
	at com.kms.katalon.core.main.TestCaseExecutor.doExecute(TestCaseExecutor.java:389)
	at com.kms.katalon.core.main.TestCaseExecutor.processExecutionPhase(TestCaseExecutor.java:368)
	at com.kms.katalon.core.main.TestCaseExecutor.accessMainPhase(TestCaseExecutor.java:360)
	at com.kms.katalon.core.main.TestCaseExecutor.execute(TestCaseExecutor.java:255)
	at com.kms.katalon.core.main.TestCaseMain.runTestCase(TestCaseMain.java:114)
	at com.kms.katalon.core.keyword.builtin.CallTestCaseKeyword$_callTestCase_closure1.doCall(CallTestCaseKeyword.groovy:59)
	at com.kms.katalon.core.keyword.builtin.CallTestCaseKeyword$_callTestCase_closure1.call(CallTestCaseKeyword.groovy)
	at com.kms.katalon.core.keyword.internal.KeywordMain.runKeyword(KeywordMain.groovy:68)
	at com.kms.katalon.core.keyword.builtin.CallTestCaseKeyword.callTestCase(CallTestCaseKeyword.groovy:81)
	at com.kms.katalon.core.keyword.builtin.CallTestCaseKeyword.execute(CallTestCaseKeyword.groovy:44)
	at com.kms.katalon.core.keyword.internal.KeywordExecutor.executeKeywordForPlatform(KeywordExecutor.groovy:73)
	at com.kms.katalon.core.keyword.BuiltinKeywords.callTestCase(BuiltinKeywords.groovy:350)
	at Transaction.run(Transaction:102)
	at com.kms.katalon.core.main.ScriptEngine.run(ScriptEngine.java:194)
	at com.kms.katalon.core.main.ScriptEngine.runScriptAsRawText(ScriptEngine.java:119)
	at com.kms.katalon.core.main.TestCaseExecutor.runScript(TestCaseExecutor.java:398)
	at com.kms.katalon.core.main.TestCaseExecutor.doExecute(TestCaseExecutor.java:389)
	at com.kms.katalon.core.main.TestCaseExecutor.processExecutionPhase(TestCaseExecutor.java:368)
	at com.kms.katalon.core.main.TestCaseExecutor.accessMainPhase(TestCaseExecutor.java:360)
	at com.kms.katalon.core.main.TestCaseExecutor.execute(TestCaseExecutor.java:255)
	at com.kms.katalon.core.main.TestCaseMain.runTestCase(TestCaseMain.java:114)
	at com.kms.katalon.core.keyword.builtin.CallTestCaseKeyword$_callTestCase_closure1.doCall(CallTestCaseKeyword.groovy:59)
	at com.kms.katalon.core.keyword.builtin.CallTestCaseKeyword$_callTestCase_closure1.call(CallTestCaseKeyword.groovy)
	at com.kms.katalon.core.keyword.internal.KeywordMain.runKeyword(KeywordMain.groovy:68)
	at com.kms.katalon.core.keyword.builtin.CallTestCaseKeyword.callTestCase(CallTestCaseKeyword.groovy:81)
	at com.kms.katalon.core.keyword.builtin.CallTestCaseKeyword.execute(CallTestCaseKeyword.groovy:44)
	at com.kms.katalon.core.keyword.internal.KeywordExecutor.executeKeywordForPlatform(KeywordExecutor.groovy:73)
	at com.kms.katalon.core.keyword.BuiltinKeywords.callTestCase(BuiltinKeywords.groovy:334)
	at 020 - Beli reksa dana melalui keranjang menggunakan Rekening Data Nasabah.run(020 - Beli reksa dana melalui keranjang menggunakan Rekening Data Nasabah:22)
	at com.kms.katalon.core.main.ScriptEngine.run(ScriptEngine.java:194)
	at com.kms.katalon.core.main.ScriptEngine.runScriptAsRawText(ScriptEngine.java:119)
	at com.kms.katalon.core.main.TestCaseExecutor.runScript(TestCaseExecutor.java:398)
	at com.kms.katalon.core.main.TestCaseExecutor.doExecute(TestCaseExecutor.java:389)
	at com.kms.katalon.core.main.TestCaseExecutor.processExecutionPhase(TestCaseExecutor.java:368)
	at com.kms.katalon.core.main.TestCaseExecutor.accessMainPhase(TestCaseExecutor.java:360)
	at com.kms.katalon.core.main.TestCaseExecutor.execute(TestCaseExecutor.java:255)
	at com.kms.katalon.core.main.TestSuiteExecutor.accessTestCaseMainPhase(TestSuiteExecutor.java:203)
	at com.kms.katalon.core.main.TestSuiteExecutor.accessTestSuiteMainPhase(TestSuiteExecutor.java:152)
	at com.kms.katalon.core.main.TestSuiteExecutor.execute(TestSuiteExecutor.java:95)
	at com.kms.katalon.core.main.TestCaseMain.startTestSuite(TestCaseMain.java:157)
	at com.kms.katalon.core.main.TestCaseMain$startTestSuite$0.call(Unknown Source)
	at TempTestSuite1637282846335.run(TempTestSuite1637282846335.groovy:39)
)

2021-11-19 08:12:56 - [TEST_STEP][PASSED] - rdn = findTestObject("Mobile/Page/Metode Pembayaran/Radio Button - Rekening Dana Nasabah"): null

2021-11-19 08:12:56 - [TEST_STEP][FAILED] - topPosition = getElementTopPosition(rdn, 0): Failed to get top position of element 'Object Repository/Mobile/Page/Metode Pembayaran/Radio Button - Rekening Dana Nasabah' (Root cause: com.kms.katalon.core.exception.StepFailedException: Object Object Repository/Mobile/Page/Metode Pembayaran/Radio Button - Rekening Dana Nasabah not found
	at com.kms.katalon.core.mobile.helper.MobileElementCommonHelper.findElementWithCheck(MobileElementCommonHelper.java:159)
	at com.kms.katalon.core.mobile.helper.MobileElementCommonHelper.getElementTopPosition(MobileElementCommonHelper.java:357)
	at com.kms.katalon.core.mobile.keyword.builtin.GetElementTopPositionKeyword$_getElementTopPosition_closure1.doCall(GetElementTopPositionKeyword.groovy:70)
	at com.kms.katalon.core.mobile.keyword.builtin.GetElementTopPositionKeyword$_getElementTopPosition_closure1.call(GetElementTopPositionKeyword.groovy)
	at com.kms.katalon.core.mobile.keyword.internal.MobileKeywordMain.runKeywordAndReturnInt(MobileKeywordMain.groovy:30)
	at com.kms.katalon.core.mobile.keyword.builtin.GetElementTopPositionKeyword.getElementTopPosition(GetElementTopPositionKeyword.groovy:71)
	at com.kms.katalon.core.mobile.keyword.builtin.GetElementTopPositionKeyword.execute(GetElementTopPositionKeyword.groovy:64)
	at com.kms.katalon.core.keyword.internal.KeywordExecutor.executeKeywordForPlatform(KeywordExecutor.groovy:73)
	at com.kms.katalon.core.mobile.keyword.MobileBuiltInKeywords.getElementTopPosition(MobileBuiltInKeywords.groovy:2600)
	at com.kms.katalon.core.mobile.keyword.MobileBuiltInKeywords$getElementTopPosition$8.call(Unknown Source)
	at Metode Pembayaran.run(Metode Pembayaran:24)
	at com.kms.katalon.core.main.ScriptEngine.run(ScriptEngine.java:194)
	at com.kms.katalon.core.main.ScriptEngine.runScriptAsRawText(ScriptEngine.java:119)
	at com.kms.katalon.core.main.TestCaseExecutor.runScript(TestCaseExecutor.java:398)
	at com.kms.katalon.core.main.TestCaseExecutor.doExecute(TestCaseExecutor.java:389)
	at com.kms.katalon.core.main.TestCaseExecutor.processExecutionPhase(TestCaseExecutor.java:368)
	at com.kms.katalon.core.main.TestCaseExecutor.accessMainPhase(TestCaseExecutor.java:360)
	at com.kms.katalon.core.main.TestCaseExecutor.execute(TestCaseExecutor.java:255)
	at com.kms.katalon.core.main.TestCaseMain.runTestCase(TestCaseMain.java:114)
	at com.kms.katalon.core.keyword.builtin.CallTestCaseKeyword$_callTestCase_closure1.doCall(CallTestCaseKeyword.groovy:59)
	at com.kms.katalon.core.keyword.builtin.CallTestCaseKeyword$_callTestCase_closure1.call(CallTestCaseKeyword.groovy)
	at com.kms.katalon.core.keyword.internal.KeywordMain.runKeyword(KeywordMain.groovy:68)
	at com.kms.katalon.core.keyword.builtin.CallTestCaseKeyword.callTestCase(CallTestCaseKeyword.groovy:81)
	at com.kms.katalon.core.keyword.builtin.CallTestCaseKeyword.execute(CallTestCaseKeyword.groovy:44)
	at com.kms.katalon.core.keyword.internal.KeywordExecutor.executeKeywordForPlatform(KeywordExecutor.groovy:73)
	at com.kms.katalon.core.keyword.BuiltinKeywords.callTestCase(BuiltinKeywords.groovy:350)
	at Transaction.run(Transaction:102)
	at com.kms.katalon.core.main.ScriptEngine.run(ScriptEngine.java:194)
	at com.kms.katalon.core.main.ScriptEngine.runScriptAsRawText(ScriptEngine.java:119)
	at com.kms.katalon.core.main.TestCaseExecutor.runScript(TestCaseExecutor.java:398)
	at com.kms.katalon.core.main.TestCaseExecutor.doExecute(TestCaseExecutor.java:389)
	at com.kms.katalon.core.main.TestCaseExecutor.processExecutionPhase(TestCaseExecutor.java:368)
	at com.kms.katalon.core.main.TestCaseExecutor.accessMainPhase(TestCaseExecutor.java:360)
	at com.kms.katalon.core.main.TestCaseExecutor.execute(TestCaseExecutor.java:255)
	at com.kms.katalon.core.main.TestCaseMain.runTestCase(TestCaseMain.java:114)
	at com.kms.katalon.core.keyword.builtin.CallTestCaseKeyword$_callTestCase_closure1.doCall(CallTestCaseKeyword.groovy:59)
	at com.kms.katalon.core.keyword.builtin.CallTestCaseKeyword$_callTestCase_closure1.call(CallTestCaseKeyword.groovy)
	at com.kms.katalon.core.keyword.internal.KeywordMain.runKeyword(KeywordMain.groovy:68)
	at com.kms.katalon.core.keyword.builtin.CallTestCaseKeyword.callTestCase(CallTestCaseKeyword.groovy:81)
	at com.kms.katalon.core.keyword.builtin.CallTestCaseKeyword.execute(CallTestCaseKeyword.groovy:44)
	at com.kms.katalon.core.keyword.internal.KeywordExecutor.executeKeywordForPlatform(KeywordExecutor.groovy:73)
	at com.kms.katalon.core.keyword.BuiltinKeywords.callTestCase(BuiltinKeywords.groovy:334)
	at 020 - Beli reksa dana melalui keranjang menggunakan Rekening Data Nasabah.run(020 - Beli reksa dana melalui keranjang menggunakan Rekening Data Nasabah:22)
	at com.kms.katalon.core.main.ScriptEngine.run(ScriptEngine.java:194)
	at com.kms.katalon.core.main.ScriptEngine.runScriptAsRawText(ScriptEngine.java:119)
	at com.kms.katalon.core.main.TestCaseExecutor.runScript(TestCaseExecutor.java:398)
	at com.kms.katalon.core.main.TestCaseExecutor.doExecute(TestCaseExecutor.java:389)
	at com.kms.katalon.core.main.TestCaseExecutor.processExecutionPhase(TestCaseExecutor.java:368)
	at com.kms.katalon.core.main.TestCaseExecutor.accessMainPhase(TestCaseExecutor.java:360)
	at com.kms.katalon.core.main.TestCaseExecutor.execute(TestCaseExecutor.java:255)
	at com.kms.katalon.core.main.TestSuiteExecutor.accessTestCaseMainPhase(TestSuiteExecutor.java:203)
	at com.kms.katalon.core.main.TestSuiteExecutor.accessTestSuiteMainPhase(TestSuiteExecutor.java:152)
	at com.kms.katalon.core.main.TestSuiteExecutor.execute(TestSuiteExecutor.java:95)
	at com.kms.katalon.core.main.TestCaseMain.startTestSuite(TestCaseMain.java:157)
	at com.kms.katalon.core.main.TestCaseMain$startTestSuite$0.call(Unknown Source)
	at TempTestSuite1637282846335.run(TempTestSuite1637282846335.groovy:39)
)

2021-11-19 08:12:56 - [MESSAGE][WARNING] - Timeout '0' is invalid. Using default page load timeout: '60'

2021-11-19 08:13:57 - [MESSAGE][FAILED] - Failed to get top position of element 'Object Repository/Mobile/Page/Metode Pembayaran/Radio Button - Rekening Dana Nasabah' (Root cause: com.kms.katalon.core.exception.StepFailedException: Object Object Repository/Mobile/Page/Metode Pembayaran/Radio Button - Rekening Dana Nasabah not found
	at com.kms.katalon.core.mobile.helper.MobileElementCommonHelper.findElementWithCheck(MobileElementCommonHelper.java:159)
	at com.kms.katalon.core.mobile.helper.MobileElementCommonHelper.getElementTopPosition(MobileElementCommonHelper.java:357)
	at com.kms.katalon.core.mobile.keyword.builtin.GetElementTopPositionKeyword$_getElementTopPosition_closure1.doCall(GetElementTopPositionKeyword.groovy:70)
	at com.kms.katalon.core.mobile.keyword.builtin.GetElementTopPositionKeyword$_getElementTopPosition_closure1.call(GetElementTopPositionKeyword.groovy)
	at com.kms.katalon.core.mobile.keyword.internal.MobileKeywordMain.runKeywordAndReturnInt(MobileKeywordMain.groovy:30)
	at com.kms.katalon.core.mobile.keyword.builtin.GetElementTopPositionKeyword.getElementTopPosition(GetElementTopPositionKeyword.groovy:71)
	at com.kms.katalon.core.mobile.keyword.builtin.GetElementTopPositionKeyword.execute(GetElementTopPositionKeyword.groovy:64)
	at com.kms.katalon.core.keyword.internal.KeywordExecutor.executeKeywordForPlatform(KeywordExecutor.groovy:73)
	at com.kms.katalon.core.mobile.keyword.MobileBuiltInKeywords.getElementTopPosition(MobileBuiltInKeywords.groovy:2600)
	at com.kms.katalon.core.mobile.keyword.MobileBuiltInKeywords$getElementTopPosition$8.call(Unknown Source)
	at Metode Pembayaran.run(Metode Pembayaran:24)
	at com.kms.katalon.core.main.ScriptEngine.run(ScriptEngine.java:194)
	at com.kms.katalon.core.main.ScriptEngine.runScriptAsRawText(ScriptEngine.java:119)
	at com.kms.katalon.core.main.TestCaseExecutor.runScript(TestCaseExecutor.java:398)
	at com.kms.katalon.core.main.TestCaseExecutor.doExecute(TestCaseExecutor.java:389)
	at com.kms.katalon.core.main.TestCaseExecutor.processExecutionPhase(TestCaseExecutor.java:368)
	at com.kms.katalon.core.main.TestCaseExecutor.accessMainPhase(TestCaseExecutor.java:360)
	at com.kms.katalon.core.main.TestCaseExecutor.execute(TestCaseExecutor.java:255)
	at com.kms.katalon.core.main.TestCaseMain.runTestCase(TestCaseMain.java:114)
	at com.kms.katalon.core.keyword.builtin.CallTestCaseKeyword$_callTestCase_closure1.doCall(CallTestCaseKeyword.groovy:59)
	at com.kms.katalon.core.keyword.builtin.CallTestCaseKeyword$_callTestCase_closure1.call(CallTestCaseKeyword.groovy)
	at com.kms.katalon.core.keyword.internal.KeywordMain.runKeyword(KeywordMain.groovy:68)
	at com.kms.katalon.core.keyword.builtin.CallTestCaseKeyword.callTestCase(CallTestCaseKeyword.groovy:81)
	at com.kms.katalon.core.keyword.builtin.CallTestCaseKeyword.execute(CallTestCaseKeyword.groovy:44)
	at com.kms.katalon.core.keyword.internal.KeywordExecutor.executeKeywordForPlatform(KeywordExecutor.groovy:73)
	at com.kms.katalon.core.keyword.BuiltinKeywords.callTestCase(BuiltinKeywords.groovy:350)
	at Transaction.run(Transaction:102)
	at com.kms.katalon.core.main.ScriptEngine.run(ScriptEngine.java:194)
	at com.kms.katalon.core.main.ScriptEngine.runScriptAsRawText(ScriptEngine.java:119)
	at com.kms.katalon.core.main.TestCaseExecutor.runScript(TestCaseExecutor.java:398)
	at com.kms.katalon.core.main.TestCaseExecutor.doExecute(TestCaseExecutor.java:389)
	at com.kms.katalon.core.main.TestCaseExecutor.processExecutionPhase(TestCaseExecutor.java:368)
	at com.kms.katalon.core.main.TestCaseExecutor.accessMainPhase(TestCaseExecutor.java:360)
	at com.kms.katalon.core.main.TestCaseExecutor.execute(TestCaseExecutor.java:255)
	at com.kms.katalon.core.main.TestCaseMain.runTestCase(TestCaseMain.java:114)
	at com.kms.katalon.core.keyword.builtin.CallTestCaseKeyword$_callTestCase_closure1.doCall(CallTestCaseKeyword.groovy:59)
	at com.kms.katalon.core.keyword.builtin.CallTestCaseKeyword$_callTestCase_closure1.call(CallTestCaseKeyword.groovy)
	at com.kms.katalon.core.keyword.internal.KeywordMain.runKeyword(KeywordMain.groovy:68)
	at com.kms.katalon.core.keyword.builtin.CallTestCaseKeyword.callTestCase(CallTestCaseKeyword.groovy:81)
	at com.kms.katalon.core.keyword.builtin.CallTestCaseKeyword.execute(CallTestCaseKeyword.groovy:44)
	at com.kms.katalon.core.keyword.internal.KeywordExecutor.executeKeywordForPlatform(KeywordExecutor.groovy:73)
	at com.kms.katalon.core.keyword.BuiltinKeywords.callTestCase(BuiltinKeywords.groovy:334)
	at 020 - Beli reksa dana melalui keranjang menggunakan Rekening Data Nasabah.run(020 - Beli reksa dana melalui keranjang menggunakan Rekening Data Nasabah:22)
	at com.kms.katalon.core.main.ScriptEngine.run(ScriptEngine.java:194)
	at com.kms.katalon.core.main.ScriptEngine.runScriptAsRawText(ScriptEngine.java:119)
	at com.kms.katalon.core.main.TestCaseExecutor.runScript(TestCaseExecutor.java:398)
	at com.kms.katalon.core.main.TestCaseExecutor.doExecute(TestCaseExecutor.java:389)
	at com.kms.katalon.core.main.TestCaseExecutor.processExecutionPhase(TestCaseExecutor.java:368)
	at com.kms.katalon.core.main.TestCaseExecutor.accessMainPhase(TestCaseExecutor.java:360)
	at com.kms.katalon.core.main.TestCaseExecutor.execute(TestCaseExecutor.java:255)
	at com.kms.katalon.core.main.TestSuiteExecutor.accessTestCaseMainPhase(TestSuiteExecutor.java:203)
	at com.kms.katalon.core.main.TestSuiteExecutor.accessTestSuiteMainPhase(TestSuiteExecutor.java:152)
	at com.kms.katalon.core.main.TestSuiteExecutor.execute(TestSuiteExecutor.java:95)
	at com.kms.katalon.core.main.TestCaseMain.startTestSuite(TestCaseMain.java:157)
	at com.kms.katalon.core.main.TestCaseMain$startTestSuite$0.call(Unknown Source)
	at TempTestSuite1637282846335.run(TempTestSuite1637282846335.groovy:39)
)
[[ATTACHMENT|C:\\Users\\Owner\\Documents\\kerjaan\\KatalonProject\\qa-katalon-maxfund\\Reports\\20211119_074726\\Transaction\\20211119_074726\\1637284436551.png]]

2021-11-19 08:13:57 - [MESSAGE][FAILED] - Unable to call Test Case 'Test Cases/Mobile/Page/Metode Pembayaran/Metode Pembayaran' (Root cause: com.kms.katalon.core.exception.StepFailedException: Call Test Case 'Test Cases/Mobile/Page/Metode Pembayaran/Metode Pembayaran' failed
	at com.kms.katalon.core.keyword.builtin.CallTestCaseKeyword$_callTestCase_closure1.doCall(CallTestCaseKeyword.groovy:63)
	at com.kms.katalon.core.keyword.builtin.CallTestCaseKeyword$_callTestCase_closure1.call(CallTestCaseKeyword.groovy)
	at com.kms.katalon.core.keyword.internal.KeywordMain.runKeyword(KeywordMain.groovy:68)
	at com.kms.katalon.core.keyword.builtin.CallTestCaseKeyword.callTestCase(CallTestCaseKeyword.groovy:81)
	at com.kms.katalon.core.keyword.builtin.CallTestCaseKeyword.execute(CallTestCaseKeyword.groovy:44)
	at com.kms.katalon.core.keyword.internal.KeywordExecutor.executeKeywordForPlatform(KeywordExecutor.groovy:73)
	at com.kms.katalon.core.keyword.BuiltinKeywords.callTestCase(BuiltinKeywords.groovy:350)
	at Transaction.run(Transaction:102)
	at com.kms.katalon.core.main.ScriptEngine.run(ScriptEngine.java:194)
	at com.kms.katalon.core.main.ScriptEngine.runScriptAsRawText(ScriptEngine.java:119)
	at com.kms.katalon.core.main.TestCaseExecutor.runScript(TestCaseExecutor.java:398)
	at com.kms.katalon.core.main.TestCaseExecutor.doExecute(TestCaseExecutor.java:389)
	at com.kms.katalon.core.main.TestCaseExecutor.processExecutionPhase(TestCaseExecutor.java:368)
	at com.kms.katalon.core.main.TestCaseExecutor.accessMainPhase(TestCaseExecutor.java:360)
	at com.kms.katalon.core.main.TestCaseExecutor.execute(TestCaseExecutor.java:255)
	at com.kms.katalon.core.main.TestCaseMain.runTestCase(TestCaseMain.java:114)
	at com.kms.katalon.core.keyword.builtin.CallTestCaseKeyword$_callTestCase_closure1.doCall(CallTestCaseKeyword.groovy:59)
	at com.kms.katalon.core.keyword.builtin.CallTestCaseKeyword$_callTestCase_closure1.call(CallTestCaseKeyword.groovy)
	at com.kms.katalon.core.keyword.internal.KeywordMain.runKeyword(KeywordMain.groovy:68)
	at com.kms.katalon.core.keyword.builtin.CallTestCaseKeyword.callTestCase(CallTestCaseKeyword.groovy:81)
	at com.kms.katalon.core.keyword.builtin.CallTestCaseKeyword.execute(CallTestCaseKeyword.groovy:44)
	at com.kms.katalon.core.keyword.internal.KeywordExecutor.executeKeywordForPlatform(KeywordExecutor.groovy:73)
	at com.kms.katalon.core.keyword.BuiltinKeywords.callTestCase(BuiltinKeywords.groovy:334)
	at 020 - Beli reksa dana melalui keranjang menggunakan Rekening Data Nasabah.run(020 - Beli reksa dana melalui keranjang menggunakan Rekening Data Nasabah:22)
	at com.kms.katalon.core.main.ScriptEngine.run(ScriptEngine.java:194)
	at com.kms.katalon.core.main.ScriptEngine.runScriptAsRawText(ScriptEngine.java:119)
	at com.kms.katalon.core.main.TestCaseExecutor.runScript(TestCaseExecutor.java:398)
	at com.kms.katalon.core.main.TestCaseExecutor.doExecute(TestCaseExecutor.java:389)
	at com.kms.katalon.core.main.TestCaseExecutor.processExecutionPhase(TestCaseExecutor.java:368)
	at com.kms.katalon.core.main.TestCaseExecutor.accessMainPhase(TestCaseExecutor.java:360)
	at com.kms.katalon.core.main.TestCaseExecutor.execute(TestCaseExecutor.java:255)
	at com.kms.katalon.core.main.TestSuiteExecutor.accessTestCaseMainPhase(TestSuiteExecutor.java:203)
	at com.kms.katalon.core.main.TestSuiteExecutor.accessTestSuiteMainPhase(TestSuiteExecutor.java:152)
	at com.kms.katalon.core.main.TestSuiteExecutor.execute(TestSuiteExecutor.java:95)
	at com.kms.katalon.core.main.TestCaseMain.startTestSuite(TestCaseMain.java:157)
	at com.kms.katalon.core.main.TestCaseMain$startTestSuite$0.call(Unknown Source)
	at TempTestSuite1637282846335.run(TempTestSuite1637282846335.groovy:39)
Caused by: com.kms.katalon.core.exception.StepFailedException: Object Object Repository/Mobile/Page/Metode Pembayaran/Radio Button - Rekening Dana Nasabah not found
	at com.kms.katalon.core.mobile.helper.MobileElementCommonHelper.findElementWithCheck(MobileElementCommonHelper.java:159)
	at com.kms.katalon.core.mobile.helper.MobileElementCommonHelper.getElementTopPosition(MobileElementCommonHelper.java:357)
	at com.kms.katalon.core.mobile.keyword.builtin.GetElementTopPositionKeyword$_getElementTopPosition_closure1.doCall(GetElementTopPositionKeyword.groovy:70)
	at com.kms.katalon.core.mobile.keyword.builtin.GetElementTopPositionKeyword$_getElementTopPosition_closure1.call(GetElementTopPositionKeyword.groovy)
	at com.kms.katalon.core.mobile.keyword.internal.MobileKeywordMain.runKeywordAndReturnInt(MobileKeywordMain.groovy:30)
	at com.kms.katalon.core.mobile.keyword.builtin.GetElementTopPositionKeyword.getElementTopPosition(GetElementTopPositionKeyword.groovy:71)
	at com.kms.katalon.core.mobile.keyword.builtin.GetElementTopPositionKeyword.execute(GetElementTopPositionKeyword.groovy:64)
	at com.kms.katalon.core.keyword.internal.KeywordExecutor.executeKeywordForPlatform(KeywordExecutor.groovy:73)
	at com.kms.katalon.core.mobile.keyword.MobileBuiltInKeywords.getElementTopPosition(MobileBuiltInKeywords.groovy:2600)
	at com.kms.katalon.core.mobile.keyword.MobileBuiltInKeywords$getElementTopPosition$8.call(Unknown Source)
	at Metode Pembayaran.run(Metode Pembayaran:24)
	at com.kms.katalon.core.main.ScriptEngine.run(ScriptEngine.java:194)
	at com.kms.katalon.core.main.ScriptEngine.runScriptAsRawText(ScriptEngine.java:119)
	at com.kms.katalon.core.main.TestCaseExecutor.runScript(TestCaseExecutor.java:398)
	at com.kms.katalon.core.main.TestCaseExecutor.doExecute(TestCaseExecutor.java:389)
	at com.kms.katalon.core.main.TestCaseExecutor.processExecutionPhase(TestCaseExecutor.java:368)
	at com.kms.katalon.core.main.TestCaseExecutor.accessMainPhase(TestCaseExecutor.java:360)
	at com.kms.katalon.core.main.TestCaseExecutor.execute(TestCaseExecutor.java:255)
	at com.kms.katalon.core.main.TestCaseMain.runTestCase(TestCaseMain.java:114)
	at com.kms.katalon.core.keyword.builtin.CallTestCaseKeyword$_callTestCase_closure1.doCall(CallTestCaseKeyword.groovy:59)
	... 36 more
)

2021-11-19 08:13:57 - [MESSAGE][FAILED] - Unable to call Test Case 'Test Cases/Mobile/Page/Transaction/Transaction' (Root cause: com.kms.katalon.core.exception.StepFailedException: Call Test Case 'Test Cases/Mobile/Page/Transaction/Transaction' failed
	at com.kms.katalon.core.keyword.builtin.CallTestCaseKeyword$_callTestCase_closure1.doCall(CallTestCaseKeyword.groovy:63)
	at com.kms.katalon.core.keyword.builtin.CallTestCaseKeyword$_callTestCase_closure1.call(CallTestCaseKeyword.groovy)
	at com.kms.katalon.core.keyword.internal.KeywordMain.runKeyword(KeywordMain.groovy:68)
	at com.kms.katalon.core.keyword.builtin.CallTestCaseKeyword.callTestCase(CallTestCaseKeyword.groovy:81)
	at com.kms.katalon.core.keyword.builtin.CallTestCaseKeyword.execute(CallTestCaseKeyword.groovy:44)
	at com.kms.katalon.core.keyword.internal.KeywordExecutor.executeKeywordForPlatform(KeywordExecutor.groovy:73)
	at com.kms.katalon.core.keyword.BuiltinKeywords.callTestCase(BuiltinKeywords.groovy:334)
	at 020 - Beli reksa dana melalui keranjang menggunakan Rekening Data Nasabah.run(020 - Beli reksa dana melalui keranjang menggunakan Rekening Data Nasabah:22)
	at com.kms.katalon.core.main.ScriptEngine.run(ScriptEngine.java:194)
	at com.kms.katalon.core.main.ScriptEngine.runScriptAsRawText(ScriptEngine.java:119)
	at com.kms.katalon.core.main.TestCaseExecutor.runScript(TestCaseExecutor.java:398)
	at com.kms.katalon.core.main.TestCaseExecutor.doExecute(TestCaseExecutor.java:389)
	at com.kms.katalon.core.main.TestCaseExecutor.processExecutionPhase(TestCaseExecutor.java:368)
	at com.kms.katalon.core.main.TestCaseExecutor.accessMainPhase(TestCaseExecutor.java:360)
	at com.kms.katalon.core.main.TestCaseExecutor.execute(TestCaseExecutor.java:255)
	at com.kms.katalon.core.main.TestSuiteExecutor.accessTestCaseMainPhase(TestSuiteExecutor.java:203)
	at com.kms.katalon.core.main.TestSuiteExecutor.accessTestSuiteMainPhase(TestSuiteExecutor.java:152)
	at com.kms.katalon.core.main.TestSuiteExecutor.execute(TestSuiteExecutor.java:95)
	at com.kms.katalon.core.main.TestCaseMain.startTestSuite(TestCaseMain.java:157)
	at com.kms.katalon.core.main.TestCaseMain$startTestSuite$0.call(Unknown Source)
	at TempTestSuite1637282846335.run(TempTestSuite1637282846335.groovy:39)
Caused by: com.kms.katalon.core.exception.StepFailedException: Call Test Case 'Test Cases/Mobile/Page/Metode Pembayaran/Metode Pembayaran' failed
	at com.kms.katalon.core.keyword.builtin.CallTestCaseKeyword$_callTestCase_closure1.doCall(CallTestCaseKeyword.groovy:63)
	at com.kms.katalon.core.keyword.builtin.CallTestCaseKeyword$_callTestCase_closure1.call(CallTestCaseKeyword.groovy)
	at com.kms.katalon.core.keyword.internal.KeywordMain.runKeyword(KeywordMain.groovy:68)
	at com.kms.katalon.core.keyword.builtin.CallTestCaseKeyword.callTestCase(CallTestCaseKeyword.groovy:81)
	at com.kms.katalon.core.keyword.builtin.CallTestCaseKeyword.execute(CallTestCaseKeyword.groovy:44)
	at com.kms.katalon.core.keyword.internal.KeywordExecutor.executeKeywordForPlatform(KeywordExecutor.groovy:73)
	at com.kms.katalon.core.keyword.BuiltinKeywords.callTestCase(BuiltinKeywords.groovy:350)
	at Transaction.run(Transaction:102)
	at com.kms.katalon.core.main.ScriptEngine.run(ScriptEngine.java:194)
	at com.kms.katalon.core.main.ScriptEngine.runScriptAsRawText(ScriptEngine.java:119)
	at com.kms.katalon.core.main.TestCaseExecutor.runScript(TestCaseExecutor.java:398)
	at com.kms.katalon.core.main.TestCaseExecutor.doExecute(TestCaseExecutor.java:389)
	at com.kms.katalon.core.main.TestCaseExecutor.processExecutionPhase(TestCaseExecutor.java:368)
	at com.kms.katalon.core.main.TestCaseExecutor.accessMainPhase(TestCaseExecutor.java:360)
	at com.kms.katalon.core.main.TestCaseExecutor.execute(TestCaseExecutor.java:255)
	at com.kms.katalon.core.main.TestCaseMain.runTestCase(TestCaseMain.java:114)
	at com.kms.katalon.core.keyword.builtin.CallTestCaseKeyword$_callTestCase_closure1.doCall(CallTestCaseKeyword.groovy:59)
	... 20 more
Caused by: com.kms.katalon.core.exception.StepFailedException: Object Object Repository/Mobile/Page/Metode Pembayaran/Radio Button - Rekening Dana Nasabah not found
	at com.kms.katalon.core.mobile.helper.MobileElementCommonHelper.findElementWithCheck(MobileElementCommonHelper.java:159)
	at com.kms.katalon.core.mobile.helper.MobileElementCommonHelper.getElementTopPosition(MobileElementCommonHelper.java:357)
	at com.kms.katalon.core.mobile.keyword.builtin.GetElementTopPositionKeyword$_getElementTopPosition_closure1.doCall(GetElementTopPositionKeyword.groovy:70)
	at com.kms.katalon.core.mobile.keyword.builtin.GetElementTopPositionKeyword$_getElementTopPosition_closure1.call(GetElementTopPositionKeyword.groovy)
	at com.kms.katalon.core.mobile.keyword.internal.MobileKeywordMain.runKeywordAndReturnInt(MobileKeywordMain.groovy:30)
	at com.kms.katalon.core.mobile.keyword.builtin.GetElementTopPositionKeyword.getElementTopPosition(GetElementTopPositionKeyword.groovy:71)
	at com.kms.katalon.core.mobile.keyword.builtin.GetElementTopPositionKeyword.execute(GetElementTopPositionKeyword.groovy:64)
	at com.kms.katalon.core.keyword.internal.KeywordExecutor.executeKeywordForPlatform(KeywordExecutor.groovy:73)
	at com.kms.katalon.core.mobile.keyword.MobileBuiltInKeywords.getElementTopPosition(MobileBuiltInKeywords.groovy:2600)
	at com.kms.katalon.core.mobile.keyword.MobileBuiltInKeywords$getElementTopPosition$8.call(Unknown Source)
	at Metode Pembayaran.run(Metode Pembayaran:24)
	at com.kms.katalon.core.main.ScriptEngine.run(ScriptEngine.java:194)
	at com.kms.katalon.core.main.ScriptEngine.runScriptAsRawText(ScriptEngine.java:119)
	at com.kms.katalon.core.main.TestCaseExecutor.runScript(TestCaseExecutor.java:398)
	at com.kms.katalon.core.main.TestCaseExecutor.doExecute(TestCaseExecutor.java:389)
	at com.kms.katalon.core.main.TestCaseExecutor.processExecutionPhase(TestCaseExecutor.java:368)
	at com.kms.katalon.core.main.TestCaseExecutor.accessMainPhase(TestCaseExecutor.java:360)
	at com.kms.katalon.core.main.TestCaseExecutor.execute(TestCaseExecutor.java:255)
	at com.kms.katalon.core.main.TestCaseMain.runTestCase(TestCaseMain.java:114)
	at com.kms.katalon.core.keyword.builtin.CallTestCaseKeyword$_callTestCase_closure1.doCall(CallTestCaseKeyword.groovy:59)
	... 36 more
)]]></system-out>
         <system-err><![CDATA[2021-11-19 08:11:38 - [TEST_CASE][FAILED] - Test Cases/Mobile/Scenario/Transaction/020 - Beli reksa dana melalui keranjang menggunakan Rekening Data Nasabah: Test Cases/Mobile/Scenario/Transaction/020 - Beli reksa dana melalui keranjang menggunakan Rekening Data Nasabah FAILED.
Reason:
com.kms.katalon.core.exception.StepFailedException: Call Test Case 'Test Cases/Mobile/Page/Transaction/Transaction' failed
	at com.kms.katalon.core.keyword.builtin.CallTestCaseKeyword$_callTestCase_closure1.doCall(CallTestCaseKeyword.groovy:63)
	at com.kms.katalon.core.keyword.builtin.CallTestCaseKeyword$_callTestCase_closure1.call(CallTestCaseKeyword.groovy)
	at com.kms.katalon.core.keyword.internal.KeywordMain.runKeyword(KeywordMain.groovy:68)
	at com.kms.katalon.core.keyword.builtin.CallTestCaseKeyword.callTestCase(CallTestCaseKeyword.groovy:81)
	at com.kms.katalon.core.keyword.builtin.CallTestCaseKeyword.execute(CallTestCaseKeyword.groovy:44)
	at com.kms.katalon.core.keyword.internal.KeywordExecutor.executeKeywordForPlatform(KeywordExecutor.groovy:73)
	at com.kms.katalon.core.keyword.BuiltinKeywords.callTestCase(BuiltinKeywords.groovy:334)
	at 020 - Beli reksa dana melalui keranjang menggunakan Rekening Data Nasabah.run(020 - Beli reksa dana melalui keranjang menggunakan Rekening Data Nasabah:22)
	at com.kms.katalon.core.main.ScriptEngine.run(ScriptEngine.java:194)
	at com.kms.katalon.core.main.ScriptEngine.runScriptAsRawText(ScriptEngine.java:119)
	at com.kms.katalon.core.main.TestCaseExecutor.runScript(TestCaseExecutor.java:398)
	at com.kms.katalon.core.main.TestCaseExecutor.doExecute(TestCaseExecutor.java:389)
	at com.kms.katalon.core.main.TestCaseExecutor.processExecutionPhase(TestCaseExecutor.java:368)
	at com.kms.katalon.core.main.TestCaseExecutor.accessMainPhase(TestCaseExecutor.java:360)
	at com.kms.katalon.core.main.TestCaseExecutor.execute(TestCaseExecutor.java:255)
	at com.kms.katalon.core.main.TestSuiteExecutor.accessTestCaseMainPhase(TestSuiteExecutor.java:203)
	at com.kms.katalon.core.main.TestSuiteExecutor.accessTestSuiteMainPhase(TestSuiteExecutor.java:152)
	at com.kms.katalon.core.main.TestSuiteExecutor.execute(TestSuiteExecutor.java:95)
	at com.kms.katalon.core.main.TestCaseMain.startTestSuite(TestCaseMain.java:157)
	at com.kms.katalon.core.main.TestCaseMain$startTestSuite$0.call(Unknown Source)
	at TempTestSuite1637282846335.run(TempTestSuite1637282846335.groovy:39)
Caused by: com.kms.katalon.core.exception.StepFailedException: Call Test Case 'Test Cases/Mobile/Page/Metode Pembayaran/Metode Pembayaran' failed
	at com.kms.katalon.core.keyword.builtin.CallTestCaseKeyword$_callTestCase_closure1.doCall(CallTestCaseKeyword.groovy:63)
	at com.kms.katalon.core.keyword.builtin.CallTestCaseKeyword$_callTestCase_closure1.call(CallTestCaseKeyword.groovy)
	at com.kms.katalon.core.keyword.internal.KeywordMain.runKeyword(KeywordMain.groovy:68)
	at com.kms.katalon.core.keyword.builtin.CallTestCaseKeyword.callTestCase(CallTestCaseKeyword.groovy:81)
	at com.kms.katalon.core.keyword.builtin.CallTestCaseKeyword.execute(CallTestCaseKeyword.groovy:44)
	at com.kms.katalon.core.keyword.internal.KeywordExecutor.executeKeywordForPlatform(KeywordExecutor.groovy:73)
	at com.kms.katalon.core.keyword.BuiltinKeywords.callTestCase(BuiltinKeywords.groovy:350)
	at Transaction.run(Transaction:102)
	at com.kms.katalon.core.main.ScriptEngine.run(ScriptEngine.java:194)
	at com.kms.katalon.core.main.ScriptEngine.runScriptAsRawText(ScriptEngine.java:119)
	at com.kms.katalon.core.main.TestCaseExecutor.runScript(TestCaseExecutor.java:398)
	at com.kms.katalon.core.main.TestCaseExecutor.doExecute(TestCaseExecutor.java:389)
	at com.kms.katalon.core.main.TestCaseExecutor.processExecutionPhase(TestCaseExecutor.java:368)
	at com.kms.katalon.core.main.TestCaseExecutor.accessMainPhase(TestCaseExecutor.java:360)
	at com.kms.katalon.core.main.TestCaseExecutor.execute(TestCaseExecutor.java:255)
	at com.kms.katalon.core.main.TestCaseMain.runTestCase(TestCaseMain.java:114)
	at com.kms.katalon.core.keyword.builtin.CallTestCaseKeyword$_callTestCase_closure1.doCall(CallTestCaseKeyword.groovy:59)
	... 20 more
Caused by: com.kms.katalon.core.exception.StepFailedException: Object Object Repository/Mobile/Page/Metode Pembayaran/Radio Button - Rekening Dana Nasabah not found
	at com.kms.katalon.core.mobile.helper.MobileElementCommonHelper.findElementWithCheck(MobileElementCommonHelper.java:159)
	at com.kms.katalon.core.mobile.helper.MobileElementCommonHelper.getElementTopPosition(MobileElementCommonHelper.java:357)
	at com.kms.katalon.core.mobile.keyword.builtin.GetElementTopPositionKeyword$_getElementTopPosition_closure1.doCall(GetElementTopPositionKeyword.groovy:70)
	at com.kms.katalon.core.mobile.keyword.builtin.GetElementTopPositionKeyword$_getElementTopPosition_closure1.call(GetElementTopPositionKeyword.groovy)
	at com.kms.katalon.core.mobile.keyword.internal.MobileKeywordMain.runKeywordAndReturnInt(MobileKeywordMain.groovy:30)
	at com.kms.katalon.core.mobile.keyword.builtin.GetElementTopPositionKeyword.getElementTopPosition(GetElementTopPositionKeyword.groovy:71)
	at com.kms.katalon.core.mobile.keyword.builtin.GetElementTopPositionKeyword.execute(GetElementTopPositionKeyword.groovy:64)
	at com.kms.katalon.core.keyword.internal.KeywordExecutor.executeKeywordForPlatform(KeywordExecutor.groovy:73)
	at com.kms.katalon.core.mobile.keyword.MobileBuiltInKeywords.getElementTopPosition(MobileBuiltInKeywords.groovy:2600)
	at com.kms.katalon.core.mobile.keyword.MobileBuiltInKeywords$getElementTopPosition$8.call(Unknown Source)
	at Metode Pembayaran.run(Metode Pembayaran:24)
	at com.kms.katalon.core.main.ScriptEngine.run(ScriptEngine.java:194)
	at com.kms.katalon.core.main.ScriptEngine.runScriptAsRawText(ScriptEngine.java:119)
	at com.kms.katalon.core.main.TestCaseExecutor.runScript(TestCaseExecutor.java:398)
	at com.kms.katalon.core.main.TestCaseExecutor.doExecute(TestCaseExecutor.java:389)
	at com.kms.katalon.core.main.TestCaseExecutor.processExecutionPhase(TestCaseExecutor.java:368)
	at com.kms.katalon.core.main.TestCaseExecutor.accessMainPhase(TestCaseExecutor.java:360)
	at com.kms.katalon.core.main.TestCaseExecutor.execute(TestCaseExecutor.java:255)
	at com.kms.katalon.core.main.TestCaseMain.runTestCase(TestCaseMain.java:114)
	at com.kms.katalon.core.keyword.builtin.CallTestCaseKeyword$_callTestCase_closure1.doCall(CallTestCaseKeyword.groovy:59)
	... 36 more]]></system-err>
      </testcase>
      <system-out><![CDATA[2021-11-19 07:47:35 - [TEST_SUITE][FAILED] - Transaction: Test Cases/Mobile/Scenario/Transaction/020 - Beli reksa dana melalui keranjang menggunakan Rekening Data Nasabah FAILED.
Reason:
com.kms.katalon.core.exception.StepFailedException: Call Test Case 'Test Cases/Mobile/Page/Transaction/Transaction' failed
	at com.kms.katalon.core.keyword.builtin.CallTestCaseKeyword$_callTestCase_closure1.doCall(CallTestCaseKeyword.groovy:63)
	at com.kms.katalon.core.keyword.builtin.CallTestCaseKeyword$_callTestCase_closure1.call(CallTestCaseKeyword.groovy)
	at com.kms.katalon.core.keyword.internal.KeywordMain.runKeyword(KeywordMain.groovy:68)
	at com.kms.katalon.core.keyword.builtin.CallTestCaseKeyword.callTestCase(CallTestCaseKeyword.groovy:81)
	at com.kms.katalon.core.keyword.builtin.CallTestCaseKeyword.execute(CallTestCaseKeyword.groovy:44)
	at com.kms.katalon.core.keyword.internal.KeywordExecutor.executeKeywordForPlatform(KeywordExecutor.groovy:73)
	at com.kms.katalon.core.keyword.BuiltinKeywords.callTestCase(BuiltinKeywords.groovy:334)
	at 020 - Beli reksa dana melalui keranjang menggunakan Rekening Data Nasabah.run(020 - Beli reksa dana melalui keranjang menggunakan Rekening Data Nasabah:22)
	at com.kms.katalon.core.main.ScriptEngine.run(ScriptEngine.java:194)
	at com.kms.katalon.core.main.ScriptEngine.runScriptAsRawText(ScriptEngine.java:119)
	at com.kms.katalon.core.main.TestCaseExecutor.runScript(TestCaseExecutor.java:398)
	at com.kms.katalon.core.main.TestCaseExecutor.doExecute(TestCaseExecutor.java:389)
	at com.kms.katalon.core.main.TestCaseExecutor.processExecutionPhase(TestCaseExecutor.java:368)
	at com.kms.katalon.core.main.TestCaseExecutor.accessMainPhase(TestCaseExecutor.java:360)
	at com.kms.katalon.core.main.TestCaseExecutor.execute(TestCaseExecutor.java:255)
	at com.kms.katalon.core.main.TestSuiteExecutor.accessTestCaseMainPhase(TestSuiteExecutor.java:203)
	at com.kms.katalon.core.main.TestSuiteExecutor.accessTestSuiteMainPhase(TestSuiteExecutor.java:152)
	at com.kms.katalon.core.main.TestSuiteExecutor.execute(TestSuiteExecutor.java:95)
	at com.kms.katalon.core.main.TestCaseMain.startTestSuite(TestCaseMain.java:157)
	at com.kms.katalon.core.main.TestCaseMain$startTestSuite$0.call(Unknown Source)
	at TempTestSuite1637282846335.run(TempTestSuite1637282846335.groovy:39)
Caused by: com.kms.katalon.core.exception.StepFailedException: Call Test Case 'Test Cases/Mobile/Page/Metode Pembayaran/Metode Pembayaran' failed
	at com.kms.katalon.core.keyword.builtin.CallTestCaseKeyword$_callTestCase_closure1.doCall(CallTestCaseKeyword.groovy:63)
	at com.kms.katalon.core.keyword.builtin.CallTestCaseKeyword$_callTestCase_closure1.call(CallTestCaseKeyword.groovy)
	at com.kms.katalon.core.keyword.internal.KeywordMain.runKeyword(KeywordMain.groovy:68)
	at com.kms.katalon.core.keyword.builtin.CallTestCaseKeyword.callTestCase(CallTestCaseKeyword.groovy:81)
	at com.kms.katalon.core.keyword.builtin.CallTestCaseKeyword.execute(CallTestCaseKeyword.groovy:44)
	at com.kms.katalon.core.keyword.internal.KeywordExecutor.executeKeywordForPlatform(KeywordExecutor.groovy:73)
	at com.kms.katalon.core.keyword.BuiltinKeywords.callTestCase(BuiltinKeywords.groovy:350)
	at Transaction.run(Transaction:102)
	at com.kms.katalon.core.main.ScriptEngine.run(ScriptEngine.java:194)
	at com.kms.katalon.core.main.ScriptEngine.runScriptAsRawText(ScriptEngine.java:119)
	at com.kms.katalon.core.main.TestCaseExecutor.runScript(TestCaseExecutor.java:398)
	at com.kms.katalon.core.main.TestCaseExecutor.doExecute(TestCaseExecutor.java:389)
	at com.kms.katalon.core.main.TestCaseExecutor.processExecutionPhase(TestCaseExecutor.java:368)
	at com.kms.katalon.core.main.TestCaseExecutor.accessMainPhase(TestCaseExecutor.java:360)
	at com.kms.katalon.core.main.TestCaseExecutor.execute(TestCaseExecutor.java:255)
	at com.kms.katalon.core.main.TestCaseMain.runTestCase(TestCaseMain.java:114)
	at com.kms.katalon.core.keyword.builtin.CallTestCaseKeyword$_callTestCase_closure1.doCall(CallTestCaseKeyword.groovy:59)
	... 20 more
Caused by: com.kms.katalon.core.exception.StepFailedException: Object Object Repository/Mobile/Page/Metode Pembayaran/Radio Button - Rekening Dana Nasabah not found
	at com.kms.katalon.core.mobile.helper.MobileElementCommonHelper.findElementWithCheck(MobileElementCommonHelper.java:159)
	at com.kms.katalon.core.mobile.helper.MobileElementCommonHelper.getElementTopPosition(MobileElementCommonHelper.java:357)
	at com.kms.katalon.core.mobile.keyword.builtin.GetElementTopPositionKeyword$_getElementTopPosition_closure1.doCall(GetElementTopPositionKeyword.groovy:70)
	at com.kms.katalon.core.mobile.keyword.builtin.GetElementTopPositionKeyword$_getElementTopPosition_closure1.call(GetElementTopPositionKeyword.groovy)
	at com.kms.katalon.core.mobile.keyword.internal.MobileKeywordMain.runKeywordAndReturnInt(MobileKeywordMain.groovy:30)
	at com.kms.katalon.core.mobile.keyword.builtin.GetElementTopPositionKeyword.getElementTopPosition(GetElementTopPositionKeyword.groovy:71)
	at com.kms.katalon.core.mobile.keyword.builtin.GetElementTopPositionKeyword.execute(GetElementTopPositionKeyword.groovy:64)
	at com.kms.katalon.core.keyword.internal.KeywordExecutor.executeKeywordForPlatform(KeywordExecutor.groovy:73)
	at com.kms.katalon.core.mobile.keyword.MobileBuiltInKeywords.getElementTopPosition(MobileBuiltInKeywords.groovy:2600)
	at com.kms.katalon.core.mobile.keyword.MobileBuiltInKeywords$getElementTopPosition$8.call(Unknown Source)
	at Metode Pembayaran.run(Metode Pembayaran:24)
	at com.kms.katalon.core.main.ScriptEngine.run(ScriptEngine.java:194)
	at com.kms.katalon.core.main.ScriptEngine.runScriptAsRawText(ScriptEngine.java:119)
	at com.kms.katalon.core.main.TestCaseExecutor.runScript(TestCaseExecutor.java:398)
	at com.kms.katalon.core.main.TestCaseExecutor.doExecute(TestCaseExecutor.java:389)
	at com.kms.katalon.core.main.TestCaseExecutor.processExecutionPhase(TestCaseExecutor.java:368)
	at com.kms.katalon.core.main.TestCaseExecutor.accessMainPhase(TestCaseExecutor.java:360)
	at com.kms.katalon.core.main.TestCaseExecutor.execute(TestCaseExecutor.java:255)
	at com.kms.katalon.core.main.TestCaseMain.runTestCase(TestCaseMain.java:114)
	at com.kms.katalon.core.keyword.builtin.CallTestCaseKeyword$_callTestCase_closure1.doCall(CallTestCaseKeyword.groovy:59)
	... 36 more]]></system-out>
      <system-err><![CDATA[2021-11-19 07:47:35 - [TEST_SUITE][FAILED] - Transaction: Test Cases/Mobile/Scenario/Transaction/020 - Beli reksa dana melalui keranjang menggunakan Rekening Data Nasabah FAILED.
Reason:
com.kms.katalon.core.exception.StepFailedException: Call Test Case 'Test Cases/Mobile/Page/Transaction/Transaction' failed
	at com.kms.katalon.core.keyword.builtin.CallTestCaseKeyword$_callTestCase_closure1.doCall(CallTestCaseKeyword.groovy:63)
	at com.kms.katalon.core.keyword.builtin.CallTestCaseKeyword$_callTestCase_closure1.call(CallTestCaseKeyword.groovy)
	at com.kms.katalon.core.keyword.internal.KeywordMain.runKeyword(KeywordMain.groovy:68)
	at com.kms.katalon.core.keyword.builtin.CallTestCaseKeyword.callTestCase(CallTestCaseKeyword.groovy:81)
	at com.kms.katalon.core.keyword.builtin.CallTestCaseKeyword.execute(CallTestCaseKeyword.groovy:44)
	at com.kms.katalon.core.keyword.internal.KeywordExecutor.executeKeywordForPlatform(KeywordExecutor.groovy:73)
	at com.kms.katalon.core.keyword.BuiltinKeywords.callTestCase(BuiltinKeywords.groovy:334)
	at 020 - Beli reksa dana melalui keranjang menggunakan Rekening Data Nasabah.run(020 - Beli reksa dana melalui keranjang menggunakan Rekening Data Nasabah:22)
	at com.kms.katalon.core.main.ScriptEngine.run(ScriptEngine.java:194)
	at com.kms.katalon.core.main.ScriptEngine.runScriptAsRawText(ScriptEngine.java:119)
	at com.kms.katalon.core.main.TestCaseExecutor.runScript(TestCaseExecutor.java:398)
	at com.kms.katalon.core.main.TestCaseExecutor.doExecute(TestCaseExecutor.java:389)
	at com.kms.katalon.core.main.TestCaseExecutor.processExecutionPhase(TestCaseExecutor.java:368)
	at com.kms.katalon.core.main.TestCaseExecutor.accessMainPhase(TestCaseExecutor.java:360)
	at com.kms.katalon.core.main.TestCaseExecutor.execute(TestCaseExecutor.java:255)
	at com.kms.katalon.core.main.TestSuiteExecutor.accessTestCaseMainPhase(TestSuiteExecutor.java:203)
	at com.kms.katalon.core.main.TestSuiteExecutor.accessTestSuiteMainPhase(TestSuiteExecutor.java:152)
	at com.kms.katalon.core.main.TestSuiteExecutor.execute(TestSuiteExecutor.java:95)
	at com.kms.katalon.core.main.TestCaseMain.startTestSuite(TestCaseMain.java:157)
	at com.kms.katalon.core.main.TestCaseMain$startTestSuite$0.call(Unknown Source)
	at TempTestSuite1637282846335.run(TempTestSuite1637282846335.groovy:39)
Caused by: com.kms.katalon.core.exception.StepFailedException: Call Test Case 'Test Cases/Mobile/Page/Metode Pembayaran/Metode Pembayaran' failed
	at com.kms.katalon.core.keyword.builtin.CallTestCaseKeyword$_callTestCase_closure1.doCall(CallTestCaseKeyword.groovy:63)
	at com.kms.katalon.core.keyword.builtin.CallTestCaseKeyword$_callTestCase_closure1.call(CallTestCaseKeyword.groovy)
	at com.kms.katalon.core.keyword.internal.KeywordMain.runKeyword(KeywordMain.groovy:68)
	at com.kms.katalon.core.keyword.builtin.CallTestCaseKeyword.callTestCase(CallTestCaseKeyword.groovy:81)
	at com.kms.katalon.core.keyword.builtin.CallTestCaseKeyword.execute(CallTestCaseKeyword.groovy:44)
	at com.kms.katalon.core.keyword.internal.KeywordExecutor.executeKeywordForPlatform(KeywordExecutor.groovy:73)
	at com.kms.katalon.core.keyword.BuiltinKeywords.callTestCase(BuiltinKeywords.groovy:350)
	at Transaction.run(Transaction:102)
	at com.kms.katalon.core.main.ScriptEngine.run(ScriptEngine.java:194)
	at com.kms.katalon.core.main.ScriptEngine.runScriptAsRawText(ScriptEngine.java:119)
	at com.kms.katalon.core.main.TestCaseExecutor.runScript(TestCaseExecutor.java:398)
	at com.kms.katalon.core.main.TestCaseExecutor.doExecute(TestCaseExecutor.java:389)
	at com.kms.katalon.core.main.TestCaseExecutor.processExecutionPhase(TestCaseExecutor.java:368)
	at com.kms.katalon.core.main.TestCaseExecutor.accessMainPhase(TestCaseExecutor.java:360)
	at com.kms.katalon.core.main.TestCaseExecutor.execute(TestCaseExecutor.java:255)
	at com.kms.katalon.core.main.TestCaseMain.runTestCase(TestCaseMain.java:114)
	at com.kms.katalon.core.keyword.builtin.CallTestCaseKeyword$_callTestCase_closure1.doCall(CallTestCaseKeyword.groovy:59)
	... 20 more
Caused by: com.kms.katalon.core.exception.StepFailedException: Object Object Repository/Mobile/Page/Metode Pembayaran/Radio Button - Rekening Dana Nasabah not found
	at com.kms.katalon.core.mobile.helper.MobileElementCommonHelper.findElementWithCheck(MobileElementCommonHelper.java:159)
	at com.kms.katalon.core.mobile.helper.MobileElementCommonHelper.getElementTopPosition(MobileElementCommonHelper.java:357)
	at com.kms.katalon.core.mobile.keyword.builtin.GetElementTopPositionKeyword$_getElementTopPosition_closure1.doCall(GetElementTopPositionKeyword.groovy:70)
	at com.kms.katalon.core.mobile.keyword.builtin.GetElementTopPositionKeyword$_getElementTopPosition_closure1.call(GetElementTopPositionKeyword.groovy)
	at com.kms.katalon.core.mobile.keyword.internal.MobileKeywordMain.runKeywordAndReturnInt(MobileKeywordMain.groovy:30)
	at com.kms.katalon.core.mobile.keyword.builtin.GetElementTopPositionKeyword.getElementTopPosition(GetElementTopPositionKeyword.groovy:71)
	at com.kms.katalon.core.mobile.keyword.builtin.GetElementTopPositionKeyword.execute(GetElementTopPositionKeyword.groovy:64)
	at com.kms.katalon.core.keyword.internal.KeywordExecutor.executeKeywordForPlatform(KeywordExecutor.groovy:73)
	at com.kms.katalon.core.mobile.keyword.MobileBuiltInKeywords.getElementTopPosition(MobileBuiltInKeywords.groovy:2600)
	at com.kms.katalon.core.mobile.keyword.MobileBuiltInKeywords$getElementTopPosition$8.call(Unknown Source)
	at Metode Pembayaran.run(Metode Pembayaran:24)
	at com.kms.katalon.core.main.ScriptEngine.run(ScriptEngine.java:194)
	at com.kms.katalon.core.main.ScriptEngine.runScriptAsRawText(ScriptEngine.java:119)
	at com.kms.katalon.core.main.TestCaseExecutor.runScript(TestCaseExecutor.java:398)
	at com.kms.katalon.core.main.TestCaseExecutor.doExecute(TestCaseExecutor.java:389)
	at com.kms.katalon.core.main.TestCaseExecutor.processExecutionPhase(TestCaseExecutor.java:368)
	at com.kms.katalon.core.main.TestCaseExecutor.accessMainPhase(TestCaseExecutor.java:360)
	at com.kms.katalon.core.main.TestCaseExecutor.execute(TestCaseExecutor.java:255)
	at com.kms.katalon.core.main.TestCaseMain.runTestCase(TestCaseMain.java:114)
	at com.kms.katalon.core.keyword.builtin.CallTestCaseKeyword$_callTestCase_closure1.doCall(CallTestCaseKeyword.groovy:59)
	... 36 more]]></system-err>
   </testsuite>
</testsuites>
