<?xml version="1.0" encoding="UTF-8"?>
<testsuites name="analysis" time="513.859" tests="7" failures="0" skips="0" errors="0">
   <testsuite name="analysis" tests="7" failures="0" errors="0" time="513.859" skips="0" timestamp="2022-01-10 13:56:27" hostname="Owner - aldy-tft" id="Test Suites/analysis">
      <properties>
         <property name="deviceName" value="samsung SM-A205F (Android 11)"/>
         <property name="devicePlatform" value=""/>
         <property name="logFolder" value="C:\\Users\\Owner\\Documents\\kerjaan\\KatalonProject\\qa_katalon_pwm\\qa_katalon_pwm\\Reports\\20220110_135542\\analysis\\20220110_135546"/>
         <property name="logFiles" value="C:\\Users\\Owner\\Documents\\kerjaan\\KatalonProject\\qa_katalon_pwm\\qa_katalon_pwm\\Reports\\20220110_135542\\analysis\\20220110_135546\\appium.log, C:\\Users\\Owner\\Documents\\kerjaan\\KatalonProject\\qa_katalon_pwm\\qa_katalon_pwm\\Reports\\20220110_135542\\analysis\\20220110_135546\\execution0.log"/>
         <property name="attachments" value=""/>
         <property name="hostName" value="Owner - aldy-tft"/>
         <property name="os" value="Windows 10 64bit"/>
         <property name="appiumServerStatus" value="{&quot;value&quot;:{&quot;build&quot;:{&quot;version&quot;:&quot;1.22.0&quot;}},&quot;sessionId&quot;:null,&quot;status&quot;:0}"/>
         <property name="katalonVersion" value="7.9.1.208"/>
         <property name="deviceOS" value="Android"/>
         <property name="appiumVersion" value="1.22.0"/>
         <property name="deviceModel" value="SM-A205F"/>
         <property name="hostAddress" value="10.0.30.101"/>
         <property name="deviceManufacturer" value="samsung"/>
         <property name="deviceId" value="RR8M40C9AXE"/>
         <property name="deviceName" value="samsung SM-A205F (Android 11)"/>
         <property name="deviceOSVersion" value="11"/>
      </properties>
      <testcase name="Test Cases/Mobile/Scenario/Analysis/001 - Melihat list stock technical analysis" time="128.692" classname="Test Cases/Mobile/Scenario/Analysis/001 - Melihat list stock technical analysis" status="PASSED">
         <system-out><![CDATA[2022-01-10 13:56:29 - [TEST_CASE][PASSED] - Test Cases/Mobile/Scenario/Analysis/001 - Melihat list stock technical analysis: Test Cases/Mobile/Scenario/Analysis/001 - Melihat list stock technical analysis

2022-01-10 13:56:30 - [TEST_STEP][PASSED] - callTestCase(findTestCase("Mobile/Page/Run App/Run App byID"), [:], STOP_ON_FAILURE): Call Test Case 'Test Cases/Mobile/Page/Run App/Run App byID' successfully

2022-01-10 13:56:31 - [TEST_CASE][PASSED] - Test Cases/Mobile/Page/Run App/Run App byID: Test Cases/Mobile/Page/Run App/Run App byID

2022-01-10 13:56:32 - [TEST_STEP][PASSED] - startApp.OpenApp.startApplication("id.co.miraeasset.sageclub"): startApp.OpenApp.startApplication is PASSED

2022-01-10 13:56:42 - [MESSAGE][INFO] - Appium server started on port 64,052

2022-01-10 13:57:07 - [MESSAGE][PASSED] - Starting app with application ID: 'id.co.miraeasset.sageclub'

2022-01-10 13:57:07 - [MESSAGE][PASSED] - startApp.OpenApp.startApplication is PASSED

2022-01-10 13:57:07 - [MESSAGE][PASSED] - Call Test Case 'Test Cases/Mobile/Page/Run App/Run App byID' successfully

2022-01-10 13:57:07 - [TEST_STEP][PASSED] - callTestCase(findTestCase("Mobile/Page/Analysis/Analysis"), ["action":"technicalsearch"], CONTINUE_ON_FAILURE): Call Test Case 'Test Cases/Mobile/Page/Analysis/Analysis' successfully

2022-01-10 13:57:08 - [TEST_CASE][PASSED] - Test Cases/Mobile/Page/Analysis/Analysis: Test Cases/Mobile/Page/Analysis/Analysis

2022-01-10 13:57:09 - [TEST_STEP][PASSED] - callTestCase(findTestCase("Mobile/Page/CheckLogin"), [:], CONTINUE_ON_FAILURE): Call Test Case 'Test Cases/Mobile/Page/CheckLogin' successfully

2022-01-10 13:57:09 - [TEST_CASE][PASSED] - Test Cases/Mobile/Page/CheckLogin: Test Cases/Mobile/Page/CheckLogin

2022-01-10 13:57:10 - [TEST_STEP][PASSED] - loginCheck = verifyElementExist(LOGN_BtnLogin, 5, CONTINUE_ON_FAILURE): Element 'Object Repository/Mobile/Page/Login/Button - Login' is exist

2022-01-10 13:57:38 - [MESSAGE][PASSED] - Element 'Object Repository/Mobile/Page/Login/Button - Login' is exist

2022-01-10 13:57:38 - [TEST_STEP][PASSED] - if (loginCheck): Call Test Case 'Test Cases/Mobile/Page/Login/Login' successfully

2022-01-10 13:57:38 - [TEST_STEP][PASSED] - callTestCase(findTestCase("Mobile/Page/Login/Login"), ["action":"username"], CONTINUE_ON_FAILURE): Call Test Case 'Test Cases/Mobile/Page/Login/Login' successfully

2022-01-10 13:57:38 - [TEST_CASE][PASSED] - Test Cases/Mobile/Page/Login/Login: Test Cases/Mobile/Page/Login/Login

2022-01-10 13:57:39 - [TEST_STEP][PASSED] - delay(2): Delayed 2 second(s)

2022-01-10 13:57:41 - [MESSAGE][PASSED] - Delayed 2 second(s)

2022-01-10 13:57:41 - [TEST_STEP][PASSED] - for ([i = 0, i < 1, (i++)]): null

2022-01-10 13:57:41 - [TEST_STEP][PASSED] - if (action == "username"): null

2022-01-10 13:57:41 - [TEST_STEP][PASSED] - tap(LOGN_EdtUserID, 0): Tapped on element 'Object Repository/Mobile/Page/Login/Input - UserID'

2022-01-10 13:57:41 - [MESSAGE][WARNING] - Timeout '0' is invalid. Using default page load timeout: '60'

2022-01-10 13:57:41 - [MESSAGE][PASSED] - Tapped on element 'Object Repository/Mobile/Page/Login/Input - UserID'

2022-01-10 13:57:41 - [TEST_STEP][PASSED] - delay(1): Delayed 1 second(s)

2022-01-10 13:57:42 - [MESSAGE][PASSED] - Delayed 1 second(s)

2022-01-10 13:57:42 - [TEST_STEP][PASSED] - setText(LOGN_EdtRdyUserID, "anggaaditya", 0): Text 'anggaaditya' has been set to element 'Object Repository/Mobile/Page/Login/Input Rdy - UserID'

2022-01-10 13:57:42 - [MESSAGE][WARNING] - Timeout '0' is invalid. Using default page load timeout: '60'

2022-01-10 13:57:43 - [MESSAGE][PASSED] - Text 'anggaaditya' has been set to element 'Object Repository/Mobile/Page/Login/Input Rdy - UserID'

2022-01-10 13:57:43 - [TEST_STEP][PASSED] - delay(1): Delayed 1 second(s)

2022-01-10 13:57:44 - [MESSAGE][PASSED] - Delayed 1 second(s)

2022-01-10 13:57:44 - [TEST_STEP][PASSED] - hideKeyboard(): Keyboard is hidden

2022-01-10 13:57:50 - [MESSAGE][PASSED] - Keyboard is hidden

2022-01-10 13:57:50 - [TEST_STEP][PASSED] - tap(LOGN_EdtPassword, 0): Tapped on element 'Object Repository/Mobile/Page/Login/Input - Password'

2022-01-10 13:57:50 - [MESSAGE][WARNING] - Timeout '0' is invalid. Using default page load timeout: '60'

2022-01-10 13:57:50 - [MESSAGE][PASSED] - Tapped on element 'Object Repository/Mobile/Page/Login/Input - Password'

2022-01-10 13:57:50 - [TEST_STEP][PASSED] - delay(1): Delayed 1 second(s)

2022-01-10 13:57:51 - [MESSAGE][PASSED] - Delayed 1 second(s)

2022-01-10 13:57:51 - [TEST_STEP][PASSED] - setText(LOGN_EdtRdyPassword, "Shalawa18", 0): Text 'Shalawa18' has been set to element 'Object Repository/Mobile/Page/Login/Input Rdy - Password'

2022-01-10 13:57:51 - [MESSAGE][WARNING] - Timeout '0' is invalid. Using default page load timeout: '60'

2022-01-10 13:57:52 - [MESSAGE][PASSED] - Text 'Shalawa18' has been set to element 'Object Repository/Mobile/Page/Login/Input Rdy - Password'

2022-01-10 13:57:52 - [TEST_STEP][PASSED] - delay(1): Delayed 1 second(s)

2022-01-10 13:57:53 - [MESSAGE][PASSED] - Delayed 1 second(s)

2022-01-10 13:57:53 - [TEST_STEP][PASSED] - hideKeyboard(): Keyboard is hidden

2022-01-10 13:58:00 - [MESSAGE][PASSED] - Keyboard is hidden

2022-01-10 13:58:00 - [TEST_STEP][PASSED] - tap(LOGN_BtnLogin, 0): Tapped on element 'Object Repository/Mobile/Page/Login/Button - Login'

2022-01-10 13:58:00 - [MESSAGE][WARNING] - Timeout '0' is invalid. Using default page load timeout: '60'

2022-01-10 13:58:01 - [MESSAGE][PASSED] - Tapped on element 'Object Repository/Mobile/Page/Login/Button - Login'

2022-01-10 13:58:01 - [TEST_STEP][PASSED] - delay(2): Delayed 2 second(s)

2022-01-10 13:58:03 - [MESSAGE][PASSED] - Delayed 2 second(s)

2022-01-10 13:58:03 - [TEST_STEP][PASSED] - break: null

2022-01-10 13:58:03 - [MESSAGE][PASSED] - Call Test Case 'Test Cases/Mobile/Page/Login/Login' successfully

2022-01-10 13:58:03 - [MESSAGE][PASSED] - Call Test Case 'Test Cases/Mobile/Page/CheckLogin' successfully

2022-01-10 13:58:03 - [TEST_STEP][PASSED] - tap(HOME_MenubarAnalysis, 0): Tapped on element 'Object Repository/Mobile/Page/Home/Menubar - Analysis'

2022-01-10 13:58:03 - [MESSAGE][WARNING] - Timeout '0' is invalid. Using default page load timeout: '60'

2022-01-10 13:58:07 - [MESSAGE][PASSED] - Tapped on element 'Object Repository/Mobile/Page/Home/Menubar - Analysis'

2022-01-10 13:58:07 - [TEST_STEP][PASSED] - delay(1): Delayed 1 second(s)

2022-01-10 13:58:08 - [MESSAGE][PASSED] - Delayed 1 second(s)

2022-01-10 13:58:08 - [TEST_STEP][PASSED] - for ([i = 0, i < 1, (i++)]): Delayed 2 second(s)

2022-01-10 13:58:08 - [TEST_STEP][PASSED] - if (action == "technicalsearch"): Delayed 2 second(s)

2022-01-10 13:58:08 - [TEST_STEP][PASSED] - tap(ANAL_DropTechIndicator, 0): Tapped on element 'Object Repository/Mobile/Page/Analysis/Dropdown - Technical Indicator'

2022-01-10 13:58:08 - [MESSAGE][WARNING] - Timeout '0' is invalid. Using default page load timeout: '60'

2022-01-10 13:58:09 - [MESSAGE][PASSED] - Tapped on element 'Object Repository/Mobile/Page/Analysis/Dropdown - Technical Indicator'

2022-01-10 13:58:09 - [TEST_STEP][PASSED] - delay(1): Delayed 1 second(s)

2022-01-10 13:58:10 - [MESSAGE][PASSED] - Delayed 1 second(s)

2022-01-10 13:58:10 - [TEST_STEP][PASSED] - tap(ANAL_OptTechIndicatorAll, 0): Tapped on element 'Object Repository/Mobile/Page/Analysis/Option Technical Indicator - All'

2022-01-10 13:58:10 - [MESSAGE][WARNING] - Timeout '0' is invalid. Using default page load timeout: '60'

2022-01-10 13:58:11 - [MESSAGE][PASSED] - Tapped on element 'Object Repository/Mobile/Page/Analysis/Option Technical Indicator - All'

2022-01-10 13:58:11 - [TEST_STEP][PASSED] - delay(1): Delayed 1 second(s)

2022-01-10 13:58:12 - [MESSAGE][PASSED] - Delayed 1 second(s)

2022-01-10 13:58:12 - [TEST_STEP][PASSED] - tap(ANAL_DropMarketCap, 0): Tapped on element 'Object Repository/Mobile/Page/Analysis/Dropdown - Market Cap'

2022-01-10 13:58:12 - [MESSAGE][WARNING] - Timeout '0' is invalid. Using default page load timeout: '60'

2022-01-10 13:58:13 - [MESSAGE][PASSED] - Tapped on element 'Object Repository/Mobile/Page/Analysis/Dropdown - Market Cap'

2022-01-10 13:58:13 - [TEST_STEP][PASSED] - delay(1): Delayed 1 second(s)

2022-01-10 13:58:14 - [MESSAGE][PASSED] - Delayed 1 second(s)

2022-01-10 13:58:14 - [TEST_STEP][PASSED] - tap(ANAL_OptMarketCap1T, 0): Tapped on element 'Object Repository/Mobile/Page/Analysis/Option Market Cap - 1 Trillion'

2022-01-10 13:58:14 - [MESSAGE][WARNING] - Timeout '0' is invalid. Using default page load timeout: '60'

2022-01-10 13:58:15 - [MESSAGE][PASSED] - Tapped on element 'Object Repository/Mobile/Page/Analysis/Option Market Cap - 1 Trillion'

2022-01-10 13:58:15 - [TEST_STEP][PASSED] - delay(1): Delayed 1 second(s)

2022-01-10 13:58:16 - [MESSAGE][PASSED] - Delayed 1 second(s)

2022-01-10 13:58:16 - [TEST_STEP][PASSED] - tap(ANAL_DropTransaction, 0): Tapped on element 'Object Repository/Mobile/Page/Analysis/Dropdown - Transaction'

2022-01-10 13:58:16 - [MESSAGE][WARNING] - Timeout '0' is invalid. Using default page load timeout: '60'

2022-01-10 13:58:16 - [MESSAGE][PASSED] - Tapped on element 'Object Repository/Mobile/Page/Analysis/Dropdown - Transaction'

2022-01-10 13:58:16 - [TEST_STEP][PASSED] - delay(1): Delayed 1 second(s)

2022-01-10 13:58:17 - [MESSAGE][PASSED] - Delayed 1 second(s)

2022-01-10 13:58:17 - [TEST_STEP][PASSED] - tap(ANAL_OptTransaction1B, 0): Tapped on element 'Object Repository/Mobile/Page/Analysis/Option Transaction - 1 Billion'

2022-01-10 13:58:17 - [MESSAGE][WARNING] - Timeout '0' is invalid. Using default page load timeout: '60'

2022-01-10 13:58:18 - [MESSAGE][PASSED] - Tapped on element 'Object Repository/Mobile/Page/Analysis/Option Transaction - 1 Billion'

2022-01-10 13:58:18 - [TEST_STEP][PASSED] - delay(1): Delayed 1 second(s)

2022-01-10 13:58:19 - [MESSAGE][PASSED] - Delayed 1 second(s)

2022-01-10 13:58:19 - [TEST_STEP][PASSED] - tap(ANAL_DropTimeFrame, 0): Tapped on element 'Object Repository/Mobile/Page/Analysis/Dropdown - Time Frame'

2022-01-10 13:58:19 - [MESSAGE][WARNING] - Timeout '0' is invalid. Using default page load timeout: '60'

2022-01-10 13:58:20 - [MESSAGE][PASSED] - Tapped on element 'Object Repository/Mobile/Page/Analysis/Dropdown - Time Frame'

2022-01-10 13:58:20 - [TEST_STEP][PASSED] - delay(1): Delayed 1 second(s)

2022-01-10 13:58:21 - [MESSAGE][PASSED] - Delayed 1 second(s)

2022-01-10 13:58:21 - [TEST_STEP][PASSED] - tap(ANAL_OptTimeFrameDaily, 0): Tapped on element 'Object Repository/Mobile/Page/Analysis/Option Time Frame - Daily'

2022-01-10 13:58:21 - [MESSAGE][WARNING] - Timeout '0' is invalid. Using default page load timeout: '60'

2022-01-10 13:58:21 - [MESSAGE][PASSED] - Tapped on element 'Object Repository/Mobile/Page/Analysis/Option Time Frame - Daily'

2022-01-10 13:58:21 - [TEST_STEP][PASSED] - delay(1): Delayed 1 second(s)

2022-01-10 13:58:22 - [MESSAGE][PASSED] - Delayed 1 second(s)

2022-01-10 13:58:22 - [TEST_STEP][PASSED] - tap(ANAL_DropIndex, 0): Tapped on element 'Object Repository/Mobile/Page/Analysis/Dropdown - Index'

2022-01-10 13:58:22 - [MESSAGE][WARNING] - Timeout '0' is invalid. Using default page load timeout: '60'

2022-01-10 13:58:23 - [MESSAGE][PASSED] - Tapped on element 'Object Repository/Mobile/Page/Analysis/Dropdown - Index'

2022-01-10 13:58:23 - [TEST_STEP][PASSED] - delay(1): Delayed 1 second(s)

2022-01-10 13:58:24 - [MESSAGE][PASSED] - Delayed 1 second(s)

2022-01-10 13:58:24 - [TEST_STEP][PASSED] - tap(ANAL_OptIndexIdx30, 0): Tapped on element 'Object Repository/Mobile/Page/Analysis/Option Index - Idx30'

2022-01-10 13:58:24 - [MESSAGE][WARNING] - Timeout '0' is invalid. Using default page load timeout: '60'

2022-01-10 13:58:25 - [MESSAGE][PASSED] - Tapped on element 'Object Repository/Mobile/Page/Analysis/Option Index - Idx30'

2022-01-10 13:58:25 - [TEST_STEP][PASSED] - delay(2): Delayed 2 second(s)

2022-01-10 13:58:27 - [MESSAGE][PASSED] - Delayed 2 second(s)

2022-01-10 13:58:27 - [MESSAGE][PASSED] - Call Test Case 'Test Cases/Mobile/Page/Analysis/Analysis' successfully

2022-01-10 13:58:27 - [TEST_STEP][PASSED] - callTestCase(findTestCase("Mobile/Page/Run App/Terminate App"), [:], STOP_ON_FAILURE): Call Test Case 'Test Cases/Mobile/Page/Run App/Terminate App' successfully

2022-01-10 13:58:27 - [TEST_CASE][PASSED] - Test Cases/Mobile/Page/Run App/Terminate App: Test Cases/Mobile/Page/Run App/Terminate App

2022-01-10 13:58:27 - [TEST_STEP][PASSED] - startApp.OpenApp.terminateApplication(): startApp.OpenApp.terminateApplication is PASSED

2022-01-10 13:58:30 - [MESSAGE][PASSED] - Delayed 3 second(s)

2022-01-10 13:58:31 - [MESSAGE][PASSED] - Current device physical width is 720

2022-01-10 13:58:31 - [MESSAGE][PASSED] - Current device physical height is 1423

2022-01-10 13:58:33 - [MESSAGE][PASSED] - Swiped from 360,853 to 360,142

2022-01-10 13:58:34 - [MESSAGE][PASSED] - Delayed 1 second(s)

2022-01-10 13:58:35 - [MESSAGE][PASSED] - Swiped from 360,853 to 360,142

2022-01-10 13:58:38 - [MESSAGE][PASSED] - Delayed 3 second(s)

2022-01-10 13:58:38 - [MESSAGE][PASSED] - startApp.OpenApp.terminateApplication is PASSED

2022-01-10 13:58:38 - [MESSAGE][PASSED] - Call Test Case 'Test Cases/Mobile/Page/Run App/Terminate App' successfully]]></system-out>
         <system-err><![CDATA[]]></system-err>
      </testcase>
      <testcase name="Test Cases/Mobile/Scenario/Analysis/002 - Melihat detail stock kategori day" time="64.086" classname="Test Cases/Mobile/Scenario/Analysis/002 - Melihat detail stock kategori day" status="PASSED">
         <system-out><![CDATA[2022-01-10 13:58:38 - [TEST_CASE][PASSED] - Test Cases/Mobile/Scenario/Analysis/002 - Melihat detail stock kategori day: Test Cases/Mobile/Scenario/Analysis/002 - Melihat detail stock kategori day

2022-01-10 13:58:39 - [TEST_STEP][PASSED] - callTestCase(findTestCase("Mobile/Page/Run App/Run App byID"), [:], STOP_ON_FAILURE): Call Test Case 'Test Cases/Mobile/Page/Run App/Run App byID' successfully

2022-01-10 13:58:39 - [TEST_CASE][PASSED] - Test Cases/Mobile/Page/Run App/Run App byID: Test Cases/Mobile/Page/Run App/Run App byID

2022-01-10 13:58:39 - [TEST_STEP][PASSED] - startApp.OpenApp.startApplication("id.co.miraeasset.sageclub"): startApp.OpenApp.startApplication is PASSED

2022-01-10 13:58:57 - [MESSAGE][PASSED] - Starting app with application ID: 'id.co.miraeasset.sageclub'

2022-01-10 13:58:57 - [MESSAGE][PASSED] - startApp.OpenApp.startApplication is PASSED

2022-01-10 13:58:57 - [MESSAGE][PASSED] - Call Test Case 'Test Cases/Mobile/Page/Run App/Run App byID' successfully

2022-01-10 13:58:57 - [TEST_STEP][PASSED] - callTestCase(findTestCase("Mobile/Page/Analysis/Analysis"), ["action":"technicaldetail", "action2":"day"], CONTINUE_ON_FAILURE): Call Test Case 'Test Cases/Mobile/Page/Analysis/Analysis' successfully

2022-01-10 13:58:57 - [TEST_CASE][PASSED] - Test Cases/Mobile/Page/Analysis/Analysis: Test Cases/Mobile/Page/Analysis/Analysis

2022-01-10 13:58:57 - [TEST_STEP][PASSED] - callTestCase(findTestCase("Mobile/Page/CheckLogin"), [:], CONTINUE_ON_FAILURE): Call Test Case 'Test Cases/Mobile/Page/CheckLogin' successfully

2022-01-10 13:58:57 - [TEST_CASE][PASSED] - Test Cases/Mobile/Page/CheckLogin: Test Cases/Mobile/Page/CheckLogin

2022-01-10 13:58:57 - [TEST_STEP][PASSED] - loginCheck = verifyElementExist(LOGN_BtnLogin, 5, CONTINUE_ON_FAILURE): Element 'Object Repository/Mobile/Page/Login/Button - Login' is exist

2022-01-10 13:58:59 - [MESSAGE][PASSED] - Element 'Object Repository/Mobile/Page/Login/Button - Login' is exist

2022-01-10 13:58:59 - [TEST_STEP][PASSED] - if (loginCheck): Call Test Case 'Test Cases/Mobile/Page/Login/Login' successfully

2022-01-10 13:58:59 - [TEST_STEP][PASSED] - callTestCase(findTestCase("Mobile/Page/Login/Login"), ["action":"username"], CONTINUE_ON_FAILURE): Call Test Case 'Test Cases/Mobile/Page/Login/Login' successfully

2022-01-10 13:58:59 - [TEST_CASE][PASSED] - Test Cases/Mobile/Page/Login/Login: Test Cases/Mobile/Page/Login/Login

2022-01-10 13:58:59 - [TEST_STEP][PASSED] - delay(2): Delayed 2 second(s)

2022-01-10 13:59:01 - [MESSAGE][PASSED] - Delayed 2 second(s)

2022-01-10 13:59:01 - [TEST_STEP][PASSED] - for ([i = 0, i < 1, (i++)]): null

2022-01-10 13:59:01 - [TEST_STEP][PASSED] - if (action == "username"): null

2022-01-10 13:59:01 - [TEST_STEP][PASSED] - tap(LOGN_EdtUserID, 0): Tapped on element 'Object Repository/Mobile/Page/Login/Input - UserID'

2022-01-10 13:59:01 - [MESSAGE][WARNING] - Timeout '0' is invalid. Using default page load timeout: '60'

2022-01-10 13:59:02 - [MESSAGE][PASSED] - Tapped on element 'Object Repository/Mobile/Page/Login/Input - UserID'

2022-01-10 13:59:02 - [TEST_STEP][PASSED] - delay(1): Delayed 1 second(s)

2022-01-10 13:59:03 - [MESSAGE][PASSED] - Delayed 1 second(s)

2022-01-10 13:59:03 - [TEST_STEP][PASSED] - setText(LOGN_EdtRdyUserID, "anggaaditya", 0): Text 'anggaaditya' has been set to element 'Object Repository/Mobile/Page/Login/Input Rdy - UserID'

2022-01-10 13:59:03 - [MESSAGE][WARNING] - Timeout '0' is invalid. Using default page load timeout: '60'

2022-01-10 13:59:03 - [MESSAGE][PASSED] - Text 'anggaaditya' has been set to element 'Object Repository/Mobile/Page/Login/Input Rdy - UserID'

2022-01-10 13:59:03 - [TEST_STEP][PASSED] - delay(1): Delayed 1 second(s)

2022-01-10 13:59:04 - [MESSAGE][PASSED] - Delayed 1 second(s)

2022-01-10 13:59:04 - [TEST_STEP][PASSED] - hideKeyboard(): Keyboard is hidden

2022-01-10 13:59:08 - [MESSAGE][PASSED] - Keyboard is hidden

2022-01-10 13:59:08 - [TEST_STEP][PASSED] - tap(LOGN_EdtPassword, 0): Tapped on element 'Object Repository/Mobile/Page/Login/Input - Password'

2022-01-10 13:59:08 - [MESSAGE][WARNING] - Timeout '0' is invalid. Using default page load timeout: '60'

2022-01-10 13:59:09 - [MESSAGE][PASSED] - Tapped on element 'Object Repository/Mobile/Page/Login/Input - Password'

2022-01-10 13:59:09 - [TEST_STEP][PASSED] - delay(1): Delayed 1 second(s)

2022-01-10 13:59:10 - [MESSAGE][PASSED] - Delayed 1 second(s)

2022-01-10 13:59:10 - [TEST_STEP][PASSED] - setText(LOGN_EdtRdyPassword, "Shalawa18", 0): Text 'Shalawa18' has been set to element 'Object Repository/Mobile/Page/Login/Input Rdy - Password'

2022-01-10 13:59:10 - [MESSAGE][WARNING] - Timeout '0' is invalid. Using default page load timeout: '60'

2022-01-10 13:59:10 - [MESSAGE][PASSED] - Text 'Shalawa18' has been set to element 'Object Repository/Mobile/Page/Login/Input Rdy - Password'

2022-01-10 13:59:10 - [TEST_STEP][PASSED] - delay(1): Delayed 1 second(s)

2022-01-10 13:59:11 - [MESSAGE][PASSED] - Delayed 1 second(s)

2022-01-10 13:59:11 - [TEST_STEP][PASSED] - hideKeyboard(): Keyboard is hidden

2022-01-10 13:59:18 - [MESSAGE][PASSED] - Keyboard is hidden

2022-01-10 13:59:18 - [TEST_STEP][PASSED] - tap(LOGN_BtnLogin, 0): Tapped on element 'Object Repository/Mobile/Page/Login/Button - Login'

2022-01-10 13:59:18 - [MESSAGE][WARNING] - Timeout '0' is invalid. Using default page load timeout: '60'

2022-01-10 13:59:19 - [MESSAGE][PASSED] - Tapped on element 'Object Repository/Mobile/Page/Login/Button - Login'

2022-01-10 13:59:19 - [TEST_STEP][PASSED] - delay(2): Delayed 2 second(s)

2022-01-10 13:59:21 - [MESSAGE][PASSED] - Delayed 2 second(s)

2022-01-10 13:59:21 - [TEST_STEP][PASSED] - break: null

2022-01-10 13:59:21 - [MESSAGE][PASSED] - Call Test Case 'Test Cases/Mobile/Page/Login/Login' successfully

2022-01-10 13:59:21 - [MESSAGE][PASSED] - Call Test Case 'Test Cases/Mobile/Page/CheckLogin' successfully

2022-01-10 13:59:21 - [TEST_STEP][PASSED] - tap(HOME_MenubarAnalysis, 0): Tapped on element 'Object Repository/Mobile/Page/Home/Menubar - Analysis'

2022-01-10 13:59:21 - [MESSAGE][WARNING] - Timeout '0' is invalid. Using default page load timeout: '60'

2022-01-10 13:59:23 - [MESSAGE][PASSED] - Tapped on element 'Object Repository/Mobile/Page/Home/Menubar - Analysis'

2022-01-10 13:59:23 - [TEST_STEP][PASSED] - delay(1): Delayed 1 second(s)

2022-01-10 13:59:24 - [MESSAGE][PASSED] - Delayed 1 second(s)

2022-01-10 13:59:24 - [TEST_STEP][PASSED] - for ([i = 0, i < 1, (i++)]): Delayed 2 second(s)

2022-01-10 13:59:24 - [TEST_STEP][PASSED] - if (action == "technicalsearch"): null

2022-01-10 13:59:24 - [TEST_STEP][PASSED] - else if (action == "technicaldetail"): Delayed 2 second(s)

2022-01-10 13:59:24 - [TEST_STEP][PASSED] - tap(ANAL_ItemTopResultTech, 0): Tapped on element 'Object Repository/Mobile/Page/Analysis/Item - Top Technical'

2022-01-10 13:59:24 - [MESSAGE][WARNING] - Timeout '0' is invalid. Using default page load timeout: '60'

2022-01-10 13:59:25 - [MESSAGE][PASSED] - Tapped on element 'Object Repository/Mobile/Page/Analysis/Item - Top Technical'

2022-01-10 13:59:25 - [TEST_STEP][PASSED] - delay(3): Delayed 3 second(s)

2022-01-10 13:59:28 - [MESSAGE][PASSED] - Delayed 3 second(s)

2022-01-10 13:59:28 - [TEST_STEP][PASSED] - switch (action2): null

2022-01-10 13:59:28 - [TEST_STEP][PASSED] - case "day":: null

2022-01-10 13:59:28 - [TEST_STEP][PASSED] - tap(ANAL_DETL_BtnD, 0): Tapped on element 'Object Repository/Mobile/Page/Analysis/Detail/Button - D'

2022-01-10 13:59:28 - [MESSAGE][WARNING] - Timeout '0' is invalid. Using default page load timeout: '60'

2022-01-10 13:59:29 - [MESSAGE][PASSED] - Tapped on element 'Object Repository/Mobile/Page/Analysis/Detail/Button - D'

2022-01-10 13:59:29 - [TEST_STEP][PASSED] - break: null

2022-01-10 13:59:29 - [TEST_STEP][PASSED] - delay(2): Delayed 2 second(s)

2022-01-10 13:59:31 - [MESSAGE][PASSED] - Delayed 2 second(s)

2022-01-10 13:59:31 - [MESSAGE][PASSED] - Call Test Case 'Test Cases/Mobile/Page/Analysis/Analysis' successfully

2022-01-10 13:59:31 - [TEST_STEP][PASSED] - callTestCase(findTestCase("Mobile/Page/Run App/Terminate App"), [:], STOP_ON_FAILURE): Call Test Case 'Test Cases/Mobile/Page/Run App/Terminate App' successfully

2022-01-10 13:59:31 - [TEST_CASE][PASSED] - Test Cases/Mobile/Page/Run App/Terminate App: Test Cases/Mobile/Page/Run App/Terminate App

2022-01-10 13:59:31 - [TEST_STEP][PASSED] - startApp.OpenApp.terminateApplication(): startApp.OpenApp.terminateApplication is PASSED

2022-01-10 13:59:34 - [MESSAGE][PASSED] - Delayed 3 second(s)

2022-01-10 13:59:35 - [MESSAGE][PASSED] - Current device physical width is 720

2022-01-10 13:59:35 - [MESSAGE][PASSED] - Current device physical height is 1423

2022-01-10 13:59:37 - [MESSAGE][PASSED] - Swiped from 360,853 to 360,142

2022-01-10 13:59:38 - [MESSAGE][PASSED] - Delayed 1 second(s)

2022-01-10 13:59:39 - [MESSAGE][PASSED] - Swiped from 360,853 to 360,142

2022-01-10 13:59:42 - [MESSAGE][PASSED] - Delayed 3 second(s)

2022-01-10 13:59:42 - [MESSAGE][PASSED] - startApp.OpenApp.terminateApplication is PASSED

2022-01-10 13:59:42 - [MESSAGE][PASSED] - Call Test Case 'Test Cases/Mobile/Page/Run App/Terminate App' successfully]]></system-out>
         <system-err><![CDATA[]]></system-err>
      </testcase>
      <testcase name="Test Cases/Mobile/Scenario/Analysis/003 - Melihat detail stock kategori week" time="61.41" classname="Test Cases/Mobile/Scenario/Analysis/003 - Melihat detail stock kategori week" status="PASSED">
         <system-out><![CDATA[2022-01-10 13:59:42 - [TEST_CASE][PASSED] - Test Cases/Mobile/Scenario/Analysis/003 - Melihat detail stock kategori week: Test Cases/Mobile/Scenario/Analysis/003 - Melihat detail stock kategori week

2022-01-10 13:59:43 - [TEST_STEP][PASSED] - callTestCase(findTestCase("Mobile/Page/Run App/Run App byID"), [:], STOP_ON_FAILURE): Call Test Case 'Test Cases/Mobile/Page/Run App/Run App byID' successfully

2022-01-10 13:59:43 - [TEST_CASE][PASSED] - Test Cases/Mobile/Page/Run App/Run App byID: Test Cases/Mobile/Page/Run App/Run App byID

2022-01-10 13:59:43 - [TEST_STEP][PASSED] - startApp.OpenApp.startApplication("id.co.miraeasset.sageclub"): startApp.OpenApp.startApplication is PASSED

2022-01-10 14:00:00 - [MESSAGE][PASSED] - Starting app with application ID: 'id.co.miraeasset.sageclub'

2022-01-10 14:00:00 - [MESSAGE][PASSED] - startApp.OpenApp.startApplication is PASSED

2022-01-10 14:00:00 - [MESSAGE][PASSED] - Call Test Case 'Test Cases/Mobile/Page/Run App/Run App byID' successfully

2022-01-10 14:00:00 - [TEST_STEP][PASSED] - callTestCase(findTestCase("Mobile/Page/Analysis/Analysis"), ["action":"technicaldetail", "action2":"week"], CONTINUE_ON_FAILURE): Call Test Case 'Test Cases/Mobile/Page/Analysis/Analysis' successfully

2022-01-10 14:00:00 - [TEST_CASE][PASSED] - Test Cases/Mobile/Page/Analysis/Analysis: Test Cases/Mobile/Page/Analysis/Analysis

2022-01-10 14:00:00 - [TEST_STEP][PASSED] - callTestCase(findTestCase("Mobile/Page/CheckLogin"), [:], CONTINUE_ON_FAILURE): Call Test Case 'Test Cases/Mobile/Page/CheckLogin' successfully

2022-01-10 14:00:00 - [TEST_CASE][PASSED] - Test Cases/Mobile/Page/CheckLogin: Test Cases/Mobile/Page/CheckLogin

2022-01-10 14:00:00 - [TEST_STEP][PASSED] - loginCheck = verifyElementExist(LOGN_BtnLogin, 5, CONTINUE_ON_FAILURE): Element 'Object Repository/Mobile/Page/Login/Button - Login' is exist

2022-01-10 14:00:02 - [MESSAGE][PASSED] - Element 'Object Repository/Mobile/Page/Login/Button - Login' is exist

2022-01-10 14:00:02 - [TEST_STEP][PASSED] - if (loginCheck): Call Test Case 'Test Cases/Mobile/Page/Login/Login' successfully

2022-01-10 14:00:02 - [TEST_STEP][PASSED] - callTestCase(findTestCase("Mobile/Page/Login/Login"), ["action":"username"], CONTINUE_ON_FAILURE): Call Test Case 'Test Cases/Mobile/Page/Login/Login' successfully

2022-01-10 14:00:02 - [TEST_CASE][PASSED] - Test Cases/Mobile/Page/Login/Login: Test Cases/Mobile/Page/Login/Login

2022-01-10 14:00:02 - [TEST_STEP][PASSED] - delay(2): Delayed 2 second(s)

2022-01-10 14:00:04 - [MESSAGE][PASSED] - Delayed 2 second(s)

2022-01-10 14:00:04 - [TEST_STEP][PASSED] - for ([i = 0, i < 1, (i++)]): null

2022-01-10 14:00:04 - [TEST_STEP][PASSED] - if (action == "username"): null

2022-01-10 14:00:04 - [TEST_STEP][PASSED] - tap(LOGN_EdtUserID, 0): Tapped on element 'Object Repository/Mobile/Page/Login/Input - UserID'

2022-01-10 14:00:04 - [MESSAGE][WARNING] - Timeout '0' is invalid. Using default page load timeout: '60'

2022-01-10 14:00:04 - [MESSAGE][PASSED] - Tapped on element 'Object Repository/Mobile/Page/Login/Input - UserID'

2022-01-10 14:00:04 - [TEST_STEP][PASSED] - delay(1): Delayed 1 second(s)

2022-01-10 14:00:05 - [MESSAGE][PASSED] - Delayed 1 second(s)

2022-01-10 14:00:05 - [TEST_STEP][PASSED] - setText(LOGN_EdtRdyUserID, "anggaaditya", 0): Text 'anggaaditya' has been set to element 'Object Repository/Mobile/Page/Login/Input Rdy - UserID'

2022-01-10 14:00:05 - [MESSAGE][WARNING] - Timeout '0' is invalid. Using default page load timeout: '60'

2022-01-10 14:00:06 - [MESSAGE][PASSED] - Text 'anggaaditya' has been set to element 'Object Repository/Mobile/Page/Login/Input Rdy - UserID'

2022-01-10 14:00:06 - [TEST_STEP][PASSED] - delay(1): Delayed 1 second(s)

2022-01-10 14:00:07 - [MESSAGE][PASSED] - Delayed 1 second(s)

2022-01-10 14:00:07 - [TEST_STEP][PASSED] - hideKeyboard(): Keyboard is hidden

2022-01-10 14:00:11 - [MESSAGE][PASSED] - Keyboard is hidden

2022-01-10 14:00:11 - [TEST_STEP][PASSED] - tap(LOGN_EdtPassword, 0): Tapped on element 'Object Repository/Mobile/Page/Login/Input - Password'

2022-01-10 14:00:11 - [MESSAGE][WARNING] - Timeout '0' is invalid. Using default page load timeout: '60'

2022-01-10 14:00:12 - [MESSAGE][PASSED] - Tapped on element 'Object Repository/Mobile/Page/Login/Input - Password'

2022-01-10 14:00:12 - [TEST_STEP][PASSED] - delay(1): Delayed 1 second(s)

2022-01-10 14:00:13 - [MESSAGE][PASSED] - Delayed 1 second(s)

2022-01-10 14:00:13 - [TEST_STEP][PASSED] - setText(LOGN_EdtRdyPassword, "Shalawa18", 0): Text 'Shalawa18' has been set to element 'Object Repository/Mobile/Page/Login/Input Rdy - Password'

2022-01-10 14:00:13 - [MESSAGE][WARNING] - Timeout '0' is invalid. Using default page load timeout: '60'

2022-01-10 14:00:13 - [MESSAGE][PASSED] - Text 'Shalawa18' has been set to element 'Object Repository/Mobile/Page/Login/Input Rdy - Password'

2022-01-10 14:00:13 - [TEST_STEP][PASSED] - delay(1): Delayed 1 second(s)

2022-01-10 14:00:14 - [MESSAGE][PASSED] - Delayed 1 second(s)

2022-01-10 14:00:14 - [TEST_STEP][PASSED] - hideKeyboard(): Keyboard is hidden

2022-01-10 14:00:21 - [MESSAGE][PASSED] - Keyboard is hidden

2022-01-10 14:00:21 - [TEST_STEP][PASSED] - tap(LOGN_BtnLogin, 0): Tapped on element 'Object Repository/Mobile/Page/Login/Button - Login'

2022-01-10 14:00:21 - [MESSAGE][WARNING] - Timeout '0' is invalid. Using default page load timeout: '60'

2022-01-10 14:00:22 - [MESSAGE][PASSED] - Tapped on element 'Object Repository/Mobile/Page/Login/Button - Login'

2022-01-10 14:00:22 - [TEST_STEP][PASSED] - delay(2): Delayed 2 second(s)

2022-01-10 14:00:24 - [MESSAGE][PASSED] - Delayed 2 second(s)

2022-01-10 14:00:24 - [TEST_STEP][PASSED] - break: null

2022-01-10 14:00:24 - [MESSAGE][PASSED] - Call Test Case 'Test Cases/Mobile/Page/Login/Login' successfully

2022-01-10 14:00:24 - [MESSAGE][PASSED] - Call Test Case 'Test Cases/Mobile/Page/CheckLogin' successfully

2022-01-10 14:00:24 - [TEST_STEP][PASSED] - tap(HOME_MenubarAnalysis, 0): Tapped on element 'Object Repository/Mobile/Page/Home/Menubar - Analysis'

2022-01-10 14:00:24 - [MESSAGE][WARNING] - Timeout '0' is invalid. Using default page load timeout: '60'

2022-01-10 14:00:25 - [MESSAGE][PASSED] - Tapped on element 'Object Repository/Mobile/Page/Home/Menubar - Analysis'

2022-01-10 14:00:25 - [TEST_STEP][PASSED] - delay(1): Delayed 1 second(s)

2022-01-10 14:00:26 - [MESSAGE][PASSED] - Delayed 1 second(s)

2022-01-10 14:00:26 - [TEST_STEP][PASSED] - for ([i = 0, i < 1, (i++)]): Delayed 2 second(s)

2022-01-10 14:00:26 - [TEST_STEP][PASSED] - if (action == "technicalsearch"): null

2022-01-10 14:00:26 - [TEST_STEP][PASSED] - else if (action == "technicaldetail"): Delayed 2 second(s)

2022-01-10 14:00:26 - [TEST_STEP][PASSED] - tap(ANAL_ItemTopResultTech, 0): Tapped on element 'Object Repository/Mobile/Page/Analysis/Item - Top Technical'

2022-01-10 14:00:26 - [MESSAGE][WARNING] - Timeout '0' is invalid. Using default page load timeout: '60'

2022-01-10 14:00:26 - [MESSAGE][PASSED] - Tapped on element 'Object Repository/Mobile/Page/Analysis/Item - Top Technical'

2022-01-10 14:00:26 - [TEST_STEP][PASSED] - delay(3): Delayed 3 second(s)

2022-01-10 14:00:29 - [MESSAGE][PASSED] - Delayed 3 second(s)

2022-01-10 14:00:29 - [TEST_STEP][PASSED] - switch (action2): null

2022-01-10 14:00:29 - [TEST_STEP][PASSED] - case "week":: null

2022-01-10 14:00:29 - [TEST_STEP][PASSED] - tap(ANAL_DETL_BtnW, 0): Tapped on element 'Object Repository/Mobile/Page/Analysis/Detail/Button - W'

2022-01-10 14:00:29 - [MESSAGE][WARNING] - Timeout '0' is invalid. Using default page load timeout: '60'

2022-01-10 14:00:30 - [MESSAGE][PASSED] - Tapped on element 'Object Repository/Mobile/Page/Analysis/Detail/Button - W'

2022-01-10 14:00:30 - [TEST_STEP][PASSED] - break: null

2022-01-10 14:00:30 - [TEST_STEP][PASSED] - delay(2): Delayed 2 second(s)

2022-01-10 14:00:32 - [MESSAGE][PASSED] - Delayed 2 second(s)

2022-01-10 14:00:32 - [MESSAGE][PASSED] - Call Test Case 'Test Cases/Mobile/Page/Analysis/Analysis' successfully

2022-01-10 14:00:32 - [TEST_STEP][PASSED] - callTestCase(findTestCase("Mobile/Page/Run App/Terminate App"), [:], STOP_ON_FAILURE): Call Test Case 'Test Cases/Mobile/Page/Run App/Terminate App' successfully

2022-01-10 14:00:32 - [TEST_CASE][PASSED] - Test Cases/Mobile/Page/Run App/Terminate App: Test Cases/Mobile/Page/Run App/Terminate App

2022-01-10 14:00:32 - [TEST_STEP][PASSED] - startApp.OpenApp.terminateApplication(): startApp.OpenApp.terminateApplication is PASSED

2022-01-10 14:00:36 - [MESSAGE][PASSED] - Delayed 3 second(s)

2022-01-10 14:00:36 - [MESSAGE][PASSED] - Current device physical width is 720

2022-01-10 14:00:37 - [MESSAGE][PASSED] - Current device physical height is 1423

2022-01-10 14:00:38 - [MESSAGE][PASSED] - Swiped from 360,853 to 360,142

2022-01-10 14:00:39 - [MESSAGE][PASSED] - Delayed 1 second(s)

2022-01-10 14:00:40 - [MESSAGE][PASSED] - Swiped from 360,853 to 360,142

2022-01-10 14:00:43 - [MESSAGE][PASSED] - Delayed 3 second(s)

2022-01-10 14:00:43 - [MESSAGE][PASSED] - startApp.OpenApp.terminateApplication is PASSED

2022-01-10 14:00:43 - [MESSAGE][PASSED] - Call Test Case 'Test Cases/Mobile/Page/Run App/Terminate App' successfully]]></system-out>
         <system-err><![CDATA[]]></system-err>
      </testcase>
      <testcase name="Test Cases/Mobile/Scenario/Analysis/004 - Melihat detail stock kategori month" time="63.262" classname="Test Cases/Mobile/Scenario/Analysis/004 - Melihat detail stock kategori month" status="PASSED">
         <system-out><![CDATA[2022-01-10 14:00:43 - [TEST_CASE][PASSED] - Test Cases/Mobile/Scenario/Analysis/004 - Melihat detail stock kategori month: Test Cases/Mobile/Scenario/Analysis/004 - Melihat detail stock kategori month

2022-01-10 14:00:44 - [TEST_STEP][PASSED] - callTestCase(findTestCase("Mobile/Page/Run App/Run App byID"), [:], STOP_ON_FAILURE): Call Test Case 'Test Cases/Mobile/Page/Run App/Run App byID' successfully

2022-01-10 14:00:44 - [TEST_CASE][PASSED] - Test Cases/Mobile/Page/Run App/Run App byID: Test Cases/Mobile/Page/Run App/Run App byID

2022-01-10 14:00:44 - [TEST_STEP][PASSED] - startApp.OpenApp.startApplication("id.co.miraeasset.sageclub"): startApp.OpenApp.startApplication is PASSED

2022-01-10 14:01:02 - [MESSAGE][PASSED] - Starting app with application ID: 'id.co.miraeasset.sageclub'

2022-01-10 14:01:02 - [MESSAGE][PASSED] - startApp.OpenApp.startApplication is PASSED

2022-01-10 14:01:02 - [MESSAGE][PASSED] - Call Test Case 'Test Cases/Mobile/Page/Run App/Run App byID' successfully

2022-01-10 14:01:02 - [TEST_STEP][PASSED] - callTestCase(findTestCase("Mobile/Page/Analysis/Analysis"), ["action":"technicaldetail", "action2":"month"], CONTINUE_ON_FAILURE): Call Test Case 'Test Cases/Mobile/Page/Analysis/Analysis' successfully

2022-01-10 14:01:02 - [TEST_CASE][PASSED] - Test Cases/Mobile/Page/Analysis/Analysis: Test Cases/Mobile/Page/Analysis/Analysis

2022-01-10 14:01:02 - [TEST_STEP][PASSED] - callTestCase(findTestCase("Mobile/Page/CheckLogin"), [:], CONTINUE_ON_FAILURE): Call Test Case 'Test Cases/Mobile/Page/CheckLogin' successfully

2022-01-10 14:01:02 - [TEST_CASE][PASSED] - Test Cases/Mobile/Page/CheckLogin: Test Cases/Mobile/Page/CheckLogin

2022-01-10 14:01:02 - [TEST_STEP][PASSED] - loginCheck = verifyElementExist(LOGN_BtnLogin, 5, CONTINUE_ON_FAILURE): Element 'Object Repository/Mobile/Page/Login/Button - Login' is exist

2022-01-10 14:01:04 - [MESSAGE][PASSED] - Element 'Object Repository/Mobile/Page/Login/Button - Login' is exist

2022-01-10 14:01:04 - [TEST_STEP][PASSED] - if (loginCheck): Call Test Case 'Test Cases/Mobile/Page/Login/Login' successfully

2022-01-10 14:01:04 - [TEST_STEP][PASSED] - callTestCase(findTestCase("Mobile/Page/Login/Login"), ["action":"username"], CONTINUE_ON_FAILURE): Call Test Case 'Test Cases/Mobile/Page/Login/Login' successfully

2022-01-10 14:01:04 - [TEST_CASE][PASSED] - Test Cases/Mobile/Page/Login/Login: Test Cases/Mobile/Page/Login/Login

2022-01-10 14:01:04 - [TEST_STEP][PASSED] - delay(2): Delayed 2 second(s)

2022-01-10 14:01:06 - [MESSAGE][PASSED] - Delayed 2 second(s)

2022-01-10 14:01:06 - [TEST_STEP][PASSED] - for ([i = 0, i < 1, (i++)]): null

2022-01-10 14:01:06 - [TEST_STEP][PASSED] - if (action == "username"): null

2022-01-10 14:01:06 - [TEST_STEP][PASSED] - tap(LOGN_EdtUserID, 0): Tapped on element 'Object Repository/Mobile/Page/Login/Input - UserID'

2022-01-10 14:01:06 - [MESSAGE][WARNING] - Timeout '0' is invalid. Using default page load timeout: '60'

2022-01-10 14:01:06 - [MESSAGE][PASSED] - Tapped on element 'Object Repository/Mobile/Page/Login/Input - UserID'

2022-01-10 14:01:06 - [TEST_STEP][PASSED] - delay(1): Delayed 1 second(s)

2022-01-10 14:01:07 - [MESSAGE][PASSED] - Delayed 1 second(s)

2022-01-10 14:01:07 - [TEST_STEP][PASSED] - setText(LOGN_EdtRdyUserID, "anggaaditya", 0): Text 'anggaaditya' has been set to element 'Object Repository/Mobile/Page/Login/Input Rdy - UserID'

2022-01-10 14:01:07 - [MESSAGE][WARNING] - Timeout '0' is invalid. Using default page load timeout: '60'

2022-01-10 14:01:08 - [MESSAGE][PASSED] - Text 'anggaaditya' has been set to element 'Object Repository/Mobile/Page/Login/Input Rdy - UserID'

2022-01-10 14:01:08 - [TEST_STEP][PASSED] - delay(1): Delayed 1 second(s)

2022-01-10 14:01:09 - [MESSAGE][PASSED] - Delayed 1 second(s)

2022-01-10 14:01:09 - [TEST_STEP][PASSED] - hideKeyboard(): Keyboard is hidden

2022-01-10 14:01:13 - [MESSAGE][PASSED] - Keyboard is hidden

2022-01-10 14:01:13 - [TEST_STEP][PASSED] - tap(LOGN_EdtPassword, 0): Tapped on element 'Object Repository/Mobile/Page/Login/Input - Password'

2022-01-10 14:01:13 - [MESSAGE][WARNING] - Timeout '0' is invalid. Using default page load timeout: '60'

2022-01-10 14:01:13 - [MESSAGE][PASSED] - Tapped on element 'Object Repository/Mobile/Page/Login/Input - Password'

2022-01-10 14:01:13 - [TEST_STEP][PASSED] - delay(1): Delayed 1 second(s)

2022-01-10 14:01:14 - [MESSAGE][PASSED] - Delayed 1 second(s)

2022-01-10 14:01:14 - [TEST_STEP][PASSED] - setText(LOGN_EdtRdyPassword, "Shalawa18", 0): Text 'Shalawa18' has been set to element 'Object Repository/Mobile/Page/Login/Input Rdy - Password'

2022-01-10 14:01:14 - [MESSAGE][WARNING] - Timeout '0' is invalid. Using default page load timeout: '60'

2022-01-10 14:01:15 - [MESSAGE][PASSED] - Text 'Shalawa18' has been set to element 'Object Repository/Mobile/Page/Login/Input Rdy - Password'

2022-01-10 14:01:15 - [TEST_STEP][PASSED] - delay(1): Delayed 1 second(s)

2022-01-10 14:01:16 - [MESSAGE][PASSED] - Delayed 1 second(s)

2022-01-10 14:01:16 - [TEST_STEP][PASSED] - hideKeyboard(): Keyboard is hidden

2022-01-10 14:01:23 - [MESSAGE][PASSED] - Keyboard is hidden

2022-01-10 14:01:23 - [TEST_STEP][PASSED] - tap(LOGN_BtnLogin, 0): Tapped on element 'Object Repository/Mobile/Page/Login/Button - Login'

2022-01-10 14:01:23 - [MESSAGE][WARNING] - Timeout '0' is invalid. Using default page load timeout: '60'

2022-01-10 14:01:23 - [MESSAGE][PASSED] - Tapped on element 'Object Repository/Mobile/Page/Login/Button - Login'

2022-01-10 14:01:23 - [TEST_STEP][PASSED] - delay(2): Delayed 2 second(s)

2022-01-10 14:01:25 - [MESSAGE][PASSED] - Delayed 2 second(s)

2022-01-10 14:01:25 - [TEST_STEP][PASSED] - break: null

2022-01-10 14:01:25 - [MESSAGE][PASSED] - Call Test Case 'Test Cases/Mobile/Page/Login/Login' successfully

2022-01-10 14:01:25 - [MESSAGE][PASSED] - Call Test Case 'Test Cases/Mobile/Page/CheckLogin' successfully

2022-01-10 14:01:25 - [TEST_STEP][PASSED] - tap(HOME_MenubarAnalysis, 0): Tapped on element 'Object Repository/Mobile/Page/Home/Menubar - Analysis'

2022-01-10 14:01:25 - [MESSAGE][WARNING] - Timeout '0' is invalid. Using default page load timeout: '60'

2022-01-10 14:01:28 - [MESSAGE][PASSED] - Tapped on element 'Object Repository/Mobile/Page/Home/Menubar - Analysis'

2022-01-10 14:01:28 - [TEST_STEP][PASSED] - delay(1): Delayed 1 second(s)

2022-01-10 14:01:29 - [MESSAGE][PASSED] - Delayed 1 second(s)

2022-01-10 14:01:29 - [TEST_STEP][PASSED] - for ([i = 0, i < 1, (i++)]): Delayed 2 second(s)

2022-01-10 14:01:29 - [TEST_STEP][PASSED] - if (action == "technicalsearch"): null

2022-01-10 14:01:29 - [TEST_STEP][PASSED] - else if (action == "technicaldetail"): Delayed 2 second(s)

2022-01-10 14:01:29 - [TEST_STEP][PASSED] - tap(ANAL_ItemTopResultTech, 0): Tapped on element 'Object Repository/Mobile/Page/Analysis/Item - Top Technical'

2022-01-10 14:01:29 - [MESSAGE][WARNING] - Timeout '0' is invalid. Using default page load timeout: '60'

2022-01-10 14:01:30 - [MESSAGE][PASSED] - Tapped on element 'Object Repository/Mobile/Page/Analysis/Item - Top Technical'

2022-01-10 14:01:30 - [TEST_STEP][PASSED] - delay(3): Delayed 3 second(s)

2022-01-10 14:01:33 - [MESSAGE][PASSED] - Delayed 3 second(s)

2022-01-10 14:01:33 - [TEST_STEP][PASSED] - switch (action2): null

2022-01-10 14:01:33 - [TEST_STEP][PASSED] - case "month":: null

2022-01-10 14:01:33 - [TEST_STEP][PASSED] - tap(ANAL_DETL_BtnM, 0): Tapped on element 'Object Repository/Mobile/Page/Analysis/Detail/Button - M'

2022-01-10 14:01:33 - [MESSAGE][WARNING] - Timeout '0' is invalid. Using default page load timeout: '60'

2022-01-10 14:01:34 - [MESSAGE][PASSED] - Tapped on element 'Object Repository/Mobile/Page/Analysis/Detail/Button - M'

2022-01-10 14:01:34 - [TEST_STEP][PASSED] - break: null

2022-01-10 14:01:34 - [TEST_STEP][PASSED] - delay(2): Delayed 2 second(s)

2022-01-10 14:01:36 - [MESSAGE][PASSED] - Delayed 2 second(s)

2022-01-10 14:01:36 - [MESSAGE][PASSED] - Call Test Case 'Test Cases/Mobile/Page/Analysis/Analysis' successfully

2022-01-10 14:01:36 - [TEST_STEP][PASSED] - callTestCase(findTestCase("Mobile/Page/Run App/Terminate App"), [:], STOP_ON_FAILURE): Call Test Case 'Test Cases/Mobile/Page/Run App/Terminate App' successfully

2022-01-10 14:01:36 - [TEST_CASE][PASSED] - Test Cases/Mobile/Page/Run App/Terminate App: Test Cases/Mobile/Page/Run App/Terminate App

2022-01-10 14:01:36 - [TEST_STEP][PASSED] - startApp.OpenApp.terminateApplication(): startApp.OpenApp.terminateApplication is PASSED

2022-01-10 14:01:39 - [MESSAGE][PASSED] - Delayed 3 second(s)

2022-01-10 14:01:39 - [MESSAGE][PASSED] - Current device physical width is 720

2022-01-10 14:01:40 - [MESSAGE][PASSED] - Current device physical height is 1423

2022-01-10 14:01:41 - [MESSAGE][PASSED] - Swiped from 360,853 to 360,142

2022-01-10 14:01:42 - [MESSAGE][PASSED] - Delayed 1 second(s)

2022-01-10 14:01:44 - [MESSAGE][PASSED] - Swiped from 360,853 to 360,142

2022-01-10 14:01:47 - [MESSAGE][PASSED] - Delayed 3 second(s)

2022-01-10 14:01:47 - [MESSAGE][PASSED] - startApp.OpenApp.terminateApplication is PASSED

2022-01-10 14:01:47 - [MESSAGE][PASSED] - Call Test Case 'Test Cases/Mobile/Page/Run App/Terminate App' successfully]]></system-out>
         <system-err><![CDATA[]]></system-err>
      </testcase>
      <testcase name="Test Cases/Mobile/Scenario/Analysis/005 - Melihat detail stock kategori year" time="62.208" classname="Test Cases/Mobile/Scenario/Analysis/005 - Melihat detail stock kategori year" status="PASSED">
         <system-out><![CDATA[2022-01-10 14:01:47 - [TEST_CASE][PASSED] - Test Cases/Mobile/Scenario/Analysis/005 - Melihat detail stock kategori year: Test Cases/Mobile/Scenario/Analysis/005 - Melihat detail stock kategori year

2022-01-10 14:01:47 - [TEST_STEP][PASSED] - callTestCase(findTestCase("Mobile/Page/Run App/Run App byID"), [:], STOP_ON_FAILURE): Call Test Case 'Test Cases/Mobile/Page/Run App/Run App byID' successfully

2022-01-10 14:01:48 - [TEST_CASE][PASSED] - Test Cases/Mobile/Page/Run App/Run App byID: Test Cases/Mobile/Page/Run App/Run App byID

2022-01-10 14:01:48 - [TEST_STEP][PASSED] - startApp.OpenApp.startApplication("id.co.miraeasset.sageclub"): startApp.OpenApp.startApplication is PASSED

2022-01-10 14:02:05 - [MESSAGE][PASSED] - Starting app with application ID: 'id.co.miraeasset.sageclub'

2022-01-10 14:02:05 - [MESSAGE][PASSED] - startApp.OpenApp.startApplication is PASSED

2022-01-10 14:02:05 - [MESSAGE][PASSED] - Call Test Case 'Test Cases/Mobile/Page/Run App/Run App byID' successfully

2022-01-10 14:02:05 - [TEST_STEP][PASSED] - callTestCase(findTestCase("Mobile/Page/Analysis/Analysis"), ["action":"technicaldetail", "action2":"year"], CONTINUE_ON_FAILURE): Call Test Case 'Test Cases/Mobile/Page/Analysis/Analysis' successfully

2022-01-10 14:02:05 - [TEST_CASE][PASSED] - Test Cases/Mobile/Page/Analysis/Analysis: Test Cases/Mobile/Page/Analysis/Analysis

2022-01-10 14:02:05 - [TEST_STEP][PASSED] - callTestCase(findTestCase("Mobile/Page/CheckLogin"), [:], CONTINUE_ON_FAILURE): Call Test Case 'Test Cases/Mobile/Page/CheckLogin' successfully

2022-01-10 14:02:05 - [TEST_CASE][PASSED] - Test Cases/Mobile/Page/CheckLogin: Test Cases/Mobile/Page/CheckLogin

2022-01-10 14:02:05 - [TEST_STEP][PASSED] - loginCheck = verifyElementExist(LOGN_BtnLogin, 5, CONTINUE_ON_FAILURE): Element 'Object Repository/Mobile/Page/Login/Button - Login' is exist

2022-01-10 14:02:07 - [MESSAGE][PASSED] - Element 'Object Repository/Mobile/Page/Login/Button - Login' is exist

2022-01-10 14:02:07 - [TEST_STEP][PASSED] - if (loginCheck): Call Test Case 'Test Cases/Mobile/Page/Login/Login' successfully

2022-01-10 14:02:07 - [TEST_STEP][PASSED] - callTestCase(findTestCase("Mobile/Page/Login/Login"), ["action":"username"], CONTINUE_ON_FAILURE): Call Test Case 'Test Cases/Mobile/Page/Login/Login' successfully

2022-01-10 14:02:07 - [TEST_CASE][PASSED] - Test Cases/Mobile/Page/Login/Login: Test Cases/Mobile/Page/Login/Login

2022-01-10 14:02:07 - [TEST_STEP][PASSED] - delay(2): Delayed 2 second(s)

2022-01-10 14:02:09 - [MESSAGE][PASSED] - Delayed 2 second(s)

2022-01-10 14:02:09 - [TEST_STEP][PASSED] - for ([i = 0, i < 1, (i++)]): null

2022-01-10 14:02:09 - [TEST_STEP][PASSED] - if (action == "username"): null

2022-01-10 14:02:09 - [TEST_STEP][PASSED] - tap(LOGN_EdtUserID, 0): Tapped on element 'Object Repository/Mobile/Page/Login/Input - UserID'

2022-01-10 14:02:09 - [MESSAGE][WARNING] - Timeout '0' is invalid. Using default page load timeout: '60'

2022-01-10 14:02:09 - [MESSAGE][PASSED] - Tapped on element 'Object Repository/Mobile/Page/Login/Input - UserID'

2022-01-10 14:02:09 - [TEST_STEP][PASSED] - delay(1): Delayed 1 second(s)

2022-01-10 14:02:10 - [MESSAGE][PASSED] - Delayed 1 second(s)

2022-01-10 14:02:10 - [TEST_STEP][PASSED] - setText(LOGN_EdtRdyUserID, "anggaaditya", 0): Text 'anggaaditya' has been set to element 'Object Repository/Mobile/Page/Login/Input Rdy - UserID'

2022-01-10 14:02:10 - [MESSAGE][WARNING] - Timeout '0' is invalid. Using default page load timeout: '60'

2022-01-10 14:02:11 - [MESSAGE][PASSED] - Text 'anggaaditya' has been set to element 'Object Repository/Mobile/Page/Login/Input Rdy - UserID'

2022-01-10 14:02:11 - [TEST_STEP][PASSED] - delay(1): Delayed 1 second(s)

2022-01-10 14:02:12 - [MESSAGE][PASSED] - Delayed 1 second(s)

2022-01-10 14:02:12 - [TEST_STEP][PASSED] - hideKeyboard(): Keyboard is hidden

2022-01-10 14:02:16 - [MESSAGE][PASSED] - Keyboard is hidden

2022-01-10 14:02:16 - [TEST_STEP][PASSED] - tap(LOGN_EdtPassword, 0): Tapped on element 'Object Repository/Mobile/Page/Login/Input - Password'

2022-01-10 14:02:16 - [MESSAGE][WARNING] - Timeout '0' is invalid. Using default page load timeout: '60'

2022-01-10 14:02:17 - [MESSAGE][PASSED] - Tapped on element 'Object Repository/Mobile/Page/Login/Input - Password'

2022-01-10 14:02:17 - [TEST_STEP][PASSED] - delay(1): Delayed 1 second(s)

2022-01-10 14:02:18 - [MESSAGE][PASSED] - Delayed 1 second(s)

2022-01-10 14:02:18 - [TEST_STEP][PASSED] - setText(LOGN_EdtRdyPassword, "Shalawa18", 0): Text 'Shalawa18' has been set to element 'Object Repository/Mobile/Page/Login/Input Rdy - Password'

2022-01-10 14:02:18 - [MESSAGE][WARNING] - Timeout '0' is invalid. Using default page load timeout: '60'

2022-01-10 14:02:18 - [MESSAGE][PASSED] - Text 'Shalawa18' has been set to element 'Object Repository/Mobile/Page/Login/Input Rdy - Password'

2022-01-10 14:02:18 - [TEST_STEP][PASSED] - delay(1): Delayed 1 second(s)

2022-01-10 14:02:19 - [MESSAGE][PASSED] - Delayed 1 second(s)

2022-01-10 14:02:19 - [TEST_STEP][PASSED] - hideKeyboard(): Keyboard is hidden

2022-01-10 14:02:26 - [MESSAGE][PASSED] - Keyboard is hidden

2022-01-10 14:02:26 - [TEST_STEP][PASSED] - tap(LOGN_BtnLogin, 0): Tapped on element 'Object Repository/Mobile/Page/Login/Button - Login'

2022-01-10 14:02:26 - [MESSAGE][WARNING] - Timeout '0' is invalid. Using default page load timeout: '60'

2022-01-10 14:02:27 - [MESSAGE][PASSED] - Tapped on element 'Object Repository/Mobile/Page/Login/Button - Login'

2022-01-10 14:02:27 - [TEST_STEP][PASSED] - delay(2): Delayed 2 second(s)

2022-01-10 14:02:29 - [MESSAGE][PASSED] - Delayed 2 second(s)

2022-01-10 14:02:29 - [TEST_STEP][PASSED] - break: null

2022-01-10 14:02:29 - [MESSAGE][PASSED] - Call Test Case 'Test Cases/Mobile/Page/Login/Login' successfully

2022-01-10 14:02:29 - [MESSAGE][PASSED] - Call Test Case 'Test Cases/Mobile/Page/CheckLogin' successfully

2022-01-10 14:02:29 - [TEST_STEP][PASSED] - tap(HOME_MenubarAnalysis, 0): Tapped on element 'Object Repository/Mobile/Page/Home/Menubar - Analysis'

2022-01-10 14:02:29 - [MESSAGE][WARNING] - Timeout '0' is invalid. Using default page load timeout: '60'

2022-01-10 14:02:31 - [MESSAGE][PASSED] - Tapped on element 'Object Repository/Mobile/Page/Home/Menubar - Analysis'

2022-01-10 14:02:31 - [TEST_STEP][PASSED] - delay(1): Delayed 1 second(s)

2022-01-10 14:02:32 - [MESSAGE][PASSED] - Delayed 1 second(s)

2022-01-10 14:02:32 - [TEST_STEP][PASSED] - for ([i = 0, i < 1, (i++)]): Delayed 2 second(s)

2022-01-10 14:02:32 - [TEST_STEP][PASSED] - if (action == "technicalsearch"): null

2022-01-10 14:02:32 - [TEST_STEP][PASSED] - else if (action == "technicaldetail"): Delayed 2 second(s)

2022-01-10 14:02:32 - [TEST_STEP][PASSED] - tap(ANAL_ItemTopResultTech, 0): Tapped on element 'Object Repository/Mobile/Page/Analysis/Item - Top Technical'

2022-01-10 14:02:32 - [MESSAGE][WARNING] - Timeout '0' is invalid. Using default page load timeout: '60'

2022-01-10 14:02:32 - [MESSAGE][PASSED] - Tapped on element 'Object Repository/Mobile/Page/Analysis/Item - Top Technical'

2022-01-10 14:02:32 - [TEST_STEP][PASSED] - delay(3): Delayed 3 second(s)

2022-01-10 14:02:35 - [MESSAGE][PASSED] - Delayed 3 second(s)

2022-01-10 14:02:35 - [TEST_STEP][PASSED] - switch (action2): null

2022-01-10 14:02:35 - [TEST_STEP][PASSED] - case "year":: null

2022-01-10 14:02:35 - [TEST_STEP][PASSED] - tap(ANAL_DETL_BtnY, 0): Tapped on element 'Object Repository/Mobile/Page/Analysis/Detail/Button - Y'

2022-01-10 14:02:35 - [MESSAGE][WARNING] - Timeout '0' is invalid. Using default page load timeout: '60'

2022-01-10 14:02:36 - [MESSAGE][PASSED] - Tapped on element 'Object Repository/Mobile/Page/Analysis/Detail/Button - Y'

2022-01-10 14:02:36 - [TEST_STEP][PASSED] - break: null

2022-01-10 14:02:36 - [TEST_STEP][PASSED] - delay(2): Delayed 2 second(s)

2022-01-10 14:02:38 - [MESSAGE][PASSED] - Delayed 2 second(s)

2022-01-10 14:02:38 - [MESSAGE][PASSED] - Call Test Case 'Test Cases/Mobile/Page/Analysis/Analysis' successfully

2022-01-10 14:02:38 - [TEST_STEP][PASSED] - callTestCase(findTestCase("Mobile/Page/Run App/Terminate App"), [:], STOP_ON_FAILURE): Call Test Case 'Test Cases/Mobile/Page/Run App/Terminate App' successfully

2022-01-10 14:02:38 - [TEST_CASE][PASSED] - Test Cases/Mobile/Page/Run App/Terminate App: Test Cases/Mobile/Page/Run App/Terminate App

2022-01-10 14:02:38 - [TEST_STEP][PASSED] - startApp.OpenApp.terminateApplication(): startApp.OpenApp.terminateApplication is PASSED

2022-01-10 14:02:41 - [MESSAGE][PASSED] - Delayed 3 second(s)

2022-01-10 14:02:42 - [MESSAGE][PASSED] - Current device physical width is 720

2022-01-10 14:02:42 - [MESSAGE][PASSED] - Current device physical height is 1423

2022-01-10 14:02:43 - [MESSAGE][PASSED] - Swiped from 360,853 to 360,142

2022-01-10 14:02:45 - [MESSAGE][PASSED] - Delayed 1 second(s)

2022-01-10 14:02:46 - [MESSAGE][PASSED] - Swiped from 360,853 to 360,142

2022-01-10 14:02:49 - [MESSAGE][PASSED] - Delayed 3 second(s)

2022-01-10 14:02:49 - [MESSAGE][PASSED] - startApp.OpenApp.terminateApplication is PASSED

2022-01-10 14:02:49 - [MESSAGE][PASSED] - Call Test Case 'Test Cases/Mobile/Page/Run App/Terminate App' successfully]]></system-out>
         <system-err><![CDATA[]]></system-err>
      </testcase>
      <testcase name="Test Cases/Mobile/Scenario/Analysis/006 - Melihat Research Report" time="64.975" classname="Test Cases/Mobile/Scenario/Analysis/006 - Melihat Research Report" status="PASSED">
         <system-out><![CDATA[2022-01-10 14:02:49 - [TEST_CASE][PASSED] - Test Cases/Mobile/Scenario/Analysis/006 - Melihat Research Report: Test Cases/Mobile/Scenario/Analysis/006 - Melihat Research Report

2022-01-10 14:02:50 - [TEST_STEP][PASSED] - callTestCase(findTestCase("Mobile/Page/Run App/Run App byID"), [:], STOP_ON_FAILURE): Call Test Case 'Test Cases/Mobile/Page/Run App/Run App byID' successfully

2022-01-10 14:02:50 - [TEST_CASE][PASSED] - Test Cases/Mobile/Page/Run App/Run App byID: Test Cases/Mobile/Page/Run App/Run App byID

2022-01-10 14:02:50 - [TEST_STEP][PASSED] - startApp.OpenApp.startApplication("id.co.miraeasset.sageclub"): startApp.OpenApp.startApplication is PASSED

2022-01-10 14:03:06 - [MESSAGE][PASSED] - Starting app with application ID: 'id.co.miraeasset.sageclub'

2022-01-10 14:03:06 - [MESSAGE][PASSED] - startApp.OpenApp.startApplication is PASSED

2022-01-10 14:03:06 - [MESSAGE][PASSED] - Call Test Case 'Test Cases/Mobile/Page/Run App/Run App byID' successfully

2022-01-10 14:03:06 - [TEST_STEP][PASSED] - callTestCase(findTestCase("Mobile/Page/Analysis/Analysis"), ["action":"researchdetail"], CONTINUE_ON_FAILURE): Call Test Case 'Test Cases/Mobile/Page/Analysis/Analysis' successfully

2022-01-10 14:03:06 - [TEST_CASE][PASSED] - Test Cases/Mobile/Page/Analysis/Analysis: Test Cases/Mobile/Page/Analysis/Analysis

2022-01-10 14:03:06 - [TEST_STEP][PASSED] - callTestCase(findTestCase("Mobile/Page/CheckLogin"), [:], CONTINUE_ON_FAILURE): Call Test Case 'Test Cases/Mobile/Page/CheckLogin' successfully

2022-01-10 14:03:06 - [TEST_CASE][PASSED] - Test Cases/Mobile/Page/CheckLogin: Test Cases/Mobile/Page/CheckLogin

2022-01-10 14:03:06 - [TEST_STEP][PASSED] - loginCheck = verifyElementExist(LOGN_BtnLogin, 5, CONTINUE_ON_FAILURE): Element 'Object Repository/Mobile/Page/Login/Button - Login' is exist

2022-01-10 14:03:08 - [MESSAGE][PASSED] - Element 'Object Repository/Mobile/Page/Login/Button - Login' is exist

2022-01-10 14:03:08 - [TEST_STEP][PASSED] - if (loginCheck): Call Test Case 'Test Cases/Mobile/Page/Login/Login' successfully

2022-01-10 14:03:08 - [TEST_STEP][PASSED] - callTestCase(findTestCase("Mobile/Page/Login/Login"), ["action":"username"], CONTINUE_ON_FAILURE): Call Test Case 'Test Cases/Mobile/Page/Login/Login' successfully

2022-01-10 14:03:08 - [TEST_CASE][PASSED] - Test Cases/Mobile/Page/Login/Login: Test Cases/Mobile/Page/Login/Login

2022-01-10 14:03:08 - [TEST_STEP][PASSED] - delay(2): Delayed 2 second(s)

2022-01-10 14:03:10 - [MESSAGE][PASSED] - Delayed 2 second(s)

2022-01-10 14:03:10 - [TEST_STEP][PASSED] - for ([i = 0, i < 1, (i++)]): null

2022-01-10 14:03:10 - [TEST_STEP][PASSED] - if (action == "username"): null

2022-01-10 14:03:10 - [TEST_STEP][PASSED] - tap(LOGN_EdtUserID, 0): Tapped on element 'Object Repository/Mobile/Page/Login/Input - UserID'

2022-01-10 14:03:10 - [MESSAGE][WARNING] - Timeout '0' is invalid. Using default page load timeout: '60'

2022-01-10 14:03:11 - [MESSAGE][PASSED] - Tapped on element 'Object Repository/Mobile/Page/Login/Input - UserID'

2022-01-10 14:03:11 - [TEST_STEP][PASSED] - delay(1): Delayed 1 second(s)

2022-01-10 14:03:12 - [MESSAGE][PASSED] - Delayed 1 second(s)

2022-01-10 14:03:12 - [TEST_STEP][PASSED] - setText(LOGN_EdtRdyUserID, "anggaaditya", 0): Text 'anggaaditya' has been set to element 'Object Repository/Mobile/Page/Login/Input Rdy - UserID'

2022-01-10 14:03:12 - [MESSAGE][WARNING] - Timeout '0' is invalid. Using default page load timeout: '60'

2022-01-10 14:03:12 - [MESSAGE][PASSED] - Text 'anggaaditya' has been set to element 'Object Repository/Mobile/Page/Login/Input Rdy - UserID'

2022-01-10 14:03:12 - [TEST_STEP][PASSED] - delay(1): Delayed 1 second(s)

2022-01-10 14:03:13 - [MESSAGE][PASSED] - Delayed 1 second(s)

2022-01-10 14:03:13 - [TEST_STEP][PASSED] - hideKeyboard(): Keyboard is hidden

2022-01-10 14:03:17 - [MESSAGE][PASSED] - Keyboard is hidden

2022-01-10 14:03:17 - [TEST_STEP][PASSED] - tap(LOGN_EdtPassword, 0): Tapped on element 'Object Repository/Mobile/Page/Login/Input - Password'

2022-01-10 14:03:17 - [MESSAGE][WARNING] - Timeout '0' is invalid. Using default page load timeout: '60'

2022-01-10 14:03:18 - [MESSAGE][PASSED] - Tapped on element 'Object Repository/Mobile/Page/Login/Input - Password'

2022-01-10 14:03:18 - [TEST_STEP][PASSED] - delay(1): Delayed 1 second(s)

2022-01-10 14:03:19 - [MESSAGE][PASSED] - Delayed 1 second(s)

2022-01-10 14:03:19 - [TEST_STEP][PASSED] - setText(LOGN_EdtRdyPassword, "Shalawa18", 0): Text 'Shalawa18' has been set to element 'Object Repository/Mobile/Page/Login/Input Rdy - Password'

2022-01-10 14:03:19 - [MESSAGE][WARNING] - Timeout '0' is invalid. Using default page load timeout: '60'

2022-01-10 14:03:19 - [MESSAGE][PASSED] - Text 'Shalawa18' has been set to element 'Object Repository/Mobile/Page/Login/Input Rdy - Password'

2022-01-10 14:03:19 - [TEST_STEP][PASSED] - delay(1): Delayed 1 second(s)

2022-01-10 14:03:20 - [MESSAGE][PASSED] - Delayed 1 second(s)

2022-01-10 14:03:20 - [TEST_STEP][PASSED] - hideKeyboard(): Keyboard is hidden

2022-01-10 14:03:27 - [MESSAGE][PASSED] - Keyboard is hidden

2022-01-10 14:03:27 - [TEST_STEP][PASSED] - tap(LOGN_BtnLogin, 0): Tapped on element 'Object Repository/Mobile/Page/Login/Button - Login'

2022-01-10 14:03:27 - [MESSAGE][WARNING] - Timeout '0' is invalid. Using default page load timeout: '60'

2022-01-10 14:03:28 - [MESSAGE][PASSED] - Tapped on element 'Object Repository/Mobile/Page/Login/Button - Login'

2022-01-10 14:03:28 - [TEST_STEP][PASSED] - delay(2): Delayed 2 second(s)

2022-01-10 14:03:30 - [MESSAGE][PASSED] - Delayed 2 second(s)

2022-01-10 14:03:30 - [TEST_STEP][PASSED] - break: null

2022-01-10 14:03:30 - [MESSAGE][PASSED] - Call Test Case 'Test Cases/Mobile/Page/Login/Login' successfully

2022-01-10 14:03:30 - [MESSAGE][PASSED] - Call Test Case 'Test Cases/Mobile/Page/CheckLogin' successfully

2022-01-10 14:03:30 - [TEST_STEP][PASSED] - tap(HOME_MenubarAnalysis, 0): Tapped on element 'Object Repository/Mobile/Page/Home/Menubar - Analysis'

2022-01-10 14:03:30 - [MESSAGE][WARNING] - Timeout '0' is invalid. Using default page load timeout: '60'

2022-01-10 14:03:33 - [MESSAGE][PASSED] - Tapped on element 'Object Repository/Mobile/Page/Home/Menubar - Analysis'

2022-01-10 14:03:33 - [TEST_STEP][PASSED] - delay(1): Delayed 1 second(s)

2022-01-10 14:03:34 - [MESSAGE][PASSED] - Delayed 1 second(s)

2022-01-10 14:03:34 - [TEST_STEP][PASSED] - for ([i = 0, i < 1, (i++)]): Press back button successfully

2022-01-10 14:03:34 - [TEST_STEP][PASSED] - if (action == "technicalsearch"): null

2022-01-10 14:03:34 - [TEST_STEP][PASSED] - else if (action == "technicaldetail"): null

2022-01-10 14:03:34 - [TEST_STEP][PASSED] - else if (action == "researchdetail"): Press back button successfully

2022-01-10 14:03:34 - [TEST_STEP][PASSED] - tap(ANAL_TabResearchReport, 0): Tapped on element 'Object Repository/Mobile/Page/Analysis/Tab - Research Report'

2022-01-10 14:03:34 - [MESSAGE][WARNING] - Timeout '0' is invalid. Using default page load timeout: '60'

2022-01-10 14:03:35 - [MESSAGE][PASSED] - Tapped on element 'Object Repository/Mobile/Page/Analysis/Tab - Research Report'

2022-01-10 14:03:35 - [TEST_STEP][PASSED] - delay(1): Delayed 1 second(s)

2022-01-10 14:03:36 - [MESSAGE][PASSED] - Delayed 1 second(s)

2022-01-10 14:03:36 - [TEST_STEP][PASSED] - tapAndHold(ANAL_ItemTopSearch, 1, 0): Tapped and held on element 'Object Repository/Mobile/Page/Analysis/Item - Top Search' with duration 1

2022-01-10 14:03:36 - [MESSAGE][WARNING] - Timeout '0' is invalid. Using default page load timeout: '60'

2022-01-10 14:03:39 - [MESSAGE][PASSED] - Tapped and held on element 'Object Repository/Mobile/Page/Analysis/Item - Top Search' with duration 1

2022-01-10 14:03:39 - [TEST_STEP][PASSED] - delay(3): Delayed 3 second(s)

2022-01-10 14:03:42 - [MESSAGE][PASSED] - Delayed 3 second(s)

2022-01-10 14:03:42 - [TEST_STEP][PASSED] - pressBack(): Press back button successfully

2022-01-10 14:03:43 - [MESSAGE][PASSED] - Press back button successfully

2022-01-10 14:03:43 - [MESSAGE][PASSED] - Call Test Case 'Test Cases/Mobile/Page/Analysis/Analysis' successfully

2022-01-10 14:03:43 - [TEST_STEP][PASSED] - callTestCase(findTestCase("Mobile/Page/Run App/Terminate App"), [:], STOP_ON_FAILURE): Call Test Case 'Test Cases/Mobile/Page/Run App/Terminate App' successfully

2022-01-10 14:03:43 - [TEST_CASE][PASSED] - Test Cases/Mobile/Page/Run App/Terminate App: Test Cases/Mobile/Page/Run App/Terminate App

2022-01-10 14:03:43 - [TEST_STEP][PASSED] - startApp.OpenApp.terminateApplication(): startApp.OpenApp.terminateApplication is PASSED

2022-01-10 14:03:46 - [MESSAGE][PASSED] - Delayed 3 second(s)

2022-01-10 14:03:47 - [MESSAGE][PASSED] - Current device physical width is 720

2022-01-10 14:03:47 - [MESSAGE][PASSED] - Current device physical height is 1423

2022-01-10 14:03:48 - [MESSAGE][PASSED] - Swiped from 360,853 to 360,142

2022-01-10 14:03:49 - [MESSAGE][PASSED] - Delayed 1 second(s)

2022-01-10 14:03:51 - [MESSAGE][PASSED] - Swiped from 360,853 to 360,142

2022-01-10 14:03:54 - [MESSAGE][PASSED] - Delayed 3 second(s)

2022-01-10 14:03:54 - [MESSAGE][PASSED] - startApp.OpenApp.terminateApplication is PASSED

2022-01-10 14:03:54 - [MESSAGE][PASSED] - Call Test Case 'Test Cases/Mobile/Page/Run App/Terminate App' successfully]]></system-out>
         <system-err><![CDATA[]]></system-err>
      </testcase>
      <testcase name="Test Cases/Mobile/Scenario/Analysis/007 - Mencari research report" time="66.582" classname="Test Cases/Mobile/Scenario/Analysis/007 - Mencari research report" status="PASSED">
         <system-out><![CDATA[2022-01-10 14:03:54 - [TEST_CASE][PASSED] - Test Cases/Mobile/Scenario/Analysis/007 - Mencari research report: Test Cases/Mobile/Scenario/Analysis/007 - Mencari research report

2022-01-10 14:03:55 - [TEST_STEP][PASSED] - callTestCase(findTestCase("Mobile/Page/Run App/Run App byID"), [:], STOP_ON_FAILURE): Call Test Case 'Test Cases/Mobile/Page/Run App/Run App byID' successfully

2022-01-10 14:03:55 - [TEST_CASE][PASSED] - Test Cases/Mobile/Page/Run App/Run App byID: Test Cases/Mobile/Page/Run App/Run App byID

2022-01-10 14:03:55 - [TEST_STEP][PASSED] - startApp.OpenApp.startApplication("id.co.miraeasset.sageclub"): startApp.OpenApp.startApplication is PASSED

2022-01-10 14:04:11 - [MESSAGE][PASSED] - Starting app with application ID: 'id.co.miraeasset.sageclub'

2022-01-10 14:04:11 - [MESSAGE][PASSED] - startApp.OpenApp.startApplication is PASSED

2022-01-10 14:04:11 - [MESSAGE][PASSED] - Call Test Case 'Test Cases/Mobile/Page/Run App/Run App byID' successfully

2022-01-10 14:04:11 - [TEST_STEP][PASSED] - callTestCase(findTestCase("Mobile/Page/Analysis/Analysis"), ["action":"researchsearch"], CONTINUE_ON_FAILURE): Call Test Case 'Test Cases/Mobile/Page/Analysis/Analysis' successfully

2022-01-10 14:04:11 - [TEST_CASE][PASSED] - Test Cases/Mobile/Page/Analysis/Analysis: Test Cases/Mobile/Page/Analysis/Analysis

2022-01-10 14:04:11 - [TEST_STEP][PASSED] - callTestCase(findTestCase("Mobile/Page/CheckLogin"), [:], CONTINUE_ON_FAILURE): Call Test Case 'Test Cases/Mobile/Page/CheckLogin' successfully

2022-01-10 14:04:11 - [TEST_CASE][PASSED] - Test Cases/Mobile/Page/CheckLogin: Test Cases/Mobile/Page/CheckLogin

2022-01-10 14:04:11 - [TEST_STEP][PASSED] - loginCheck = verifyElementExist(LOGN_BtnLogin, 5, CONTINUE_ON_FAILURE): Element 'Object Repository/Mobile/Page/Login/Button - Login' is exist

2022-01-10 14:04:13 - [MESSAGE][PASSED] - Element 'Object Repository/Mobile/Page/Login/Button - Login' is exist

2022-01-10 14:04:13 - [TEST_STEP][PASSED] - if (loginCheck): Call Test Case 'Test Cases/Mobile/Page/Login/Login' successfully

2022-01-10 14:04:13 - [TEST_STEP][PASSED] - callTestCase(findTestCase("Mobile/Page/Login/Login"), ["action":"username"], CONTINUE_ON_FAILURE): Call Test Case 'Test Cases/Mobile/Page/Login/Login' successfully

2022-01-10 14:04:13 - [TEST_CASE][PASSED] - Test Cases/Mobile/Page/Login/Login: Test Cases/Mobile/Page/Login/Login

2022-01-10 14:04:13 - [TEST_STEP][PASSED] - delay(2): Delayed 2 second(s)

2022-01-10 14:04:15 - [MESSAGE][PASSED] - Delayed 2 second(s)

2022-01-10 14:04:15 - [TEST_STEP][PASSED] - for ([i = 0, i < 1, (i++)]): null

2022-01-10 14:04:15 - [TEST_STEP][PASSED] - if (action == "username"): null

2022-01-10 14:04:15 - [TEST_STEP][PASSED] - tap(LOGN_EdtUserID, 0): Tapped on element 'Object Repository/Mobile/Page/Login/Input - UserID'

2022-01-10 14:04:15 - [MESSAGE][WARNING] - Timeout '0' is invalid. Using default page load timeout: '60'

2022-01-10 14:04:15 - [MESSAGE][PASSED] - Tapped on element 'Object Repository/Mobile/Page/Login/Input - UserID'

2022-01-10 14:04:15 - [TEST_STEP][PASSED] - delay(1): Delayed 1 second(s)

2022-01-10 14:04:16 - [MESSAGE][PASSED] - Delayed 1 second(s)

2022-01-10 14:04:16 - [TEST_STEP][PASSED] - setText(LOGN_EdtRdyUserID, "anggaaditya", 0): Text 'anggaaditya' has been set to element 'Object Repository/Mobile/Page/Login/Input Rdy - UserID'

2022-01-10 14:04:16 - [MESSAGE][WARNING] - Timeout '0' is invalid. Using default page load timeout: '60'

2022-01-10 14:04:17 - [MESSAGE][PASSED] - Text 'anggaaditya' has been set to element 'Object Repository/Mobile/Page/Login/Input Rdy - UserID'

2022-01-10 14:04:17 - [TEST_STEP][PASSED] - delay(1): Delayed 1 second(s)

2022-01-10 14:04:18 - [MESSAGE][PASSED] - Delayed 1 second(s)

2022-01-10 14:04:18 - [TEST_STEP][PASSED] - hideKeyboard(): Keyboard is hidden

2022-01-10 14:04:22 - [MESSAGE][PASSED] - Keyboard is hidden

2022-01-10 14:04:22 - [TEST_STEP][PASSED] - tap(LOGN_EdtPassword, 0): Tapped on element 'Object Repository/Mobile/Page/Login/Input - Password'

2022-01-10 14:04:22 - [MESSAGE][WARNING] - Timeout '0' is invalid. Using default page load timeout: '60'

2022-01-10 14:04:23 - [MESSAGE][PASSED] - Tapped on element 'Object Repository/Mobile/Page/Login/Input - Password'

2022-01-10 14:04:23 - [TEST_STEP][PASSED] - delay(1): Delayed 1 second(s)

2022-01-10 14:04:24 - [MESSAGE][PASSED] - Delayed 1 second(s)

2022-01-10 14:04:24 - [TEST_STEP][PASSED] - setText(LOGN_EdtRdyPassword, "Shalawa18", 0): Text 'Shalawa18' has been set to element 'Object Repository/Mobile/Page/Login/Input Rdy - Password'

2022-01-10 14:04:24 - [MESSAGE][WARNING] - Timeout '0' is invalid. Using default page load timeout: '60'

2022-01-10 14:04:24 - [MESSAGE][PASSED] - Text 'Shalawa18' has been set to element 'Object Repository/Mobile/Page/Login/Input Rdy - Password'

2022-01-10 14:04:24 - [TEST_STEP][PASSED] - delay(1): Delayed 1 second(s)

2022-01-10 14:04:25 - [MESSAGE][PASSED] - Delayed 1 second(s)

2022-01-10 14:04:25 - [TEST_STEP][PASSED] - hideKeyboard(): Keyboard is hidden

2022-01-10 14:04:32 - [MESSAGE][PASSED] - Keyboard is hidden

2022-01-10 14:04:32 - [TEST_STEP][PASSED] - tap(LOGN_BtnLogin, 0): Tapped on element 'Object Repository/Mobile/Page/Login/Button - Login'

2022-01-10 14:04:32 - [MESSAGE][WARNING] - Timeout '0' is invalid. Using default page load timeout: '60'

2022-01-10 14:04:33 - [MESSAGE][PASSED] - Tapped on element 'Object Repository/Mobile/Page/Login/Button - Login'

2022-01-10 14:04:33 - [TEST_STEP][PASSED] - delay(2): Delayed 2 second(s)

2022-01-10 14:04:35 - [MESSAGE][PASSED] - Delayed 2 second(s)

2022-01-10 14:04:35 - [TEST_STEP][PASSED] - break: null

2022-01-10 14:04:35 - [MESSAGE][PASSED] - Call Test Case 'Test Cases/Mobile/Page/Login/Login' successfully

2022-01-10 14:04:35 - [MESSAGE][PASSED] - Call Test Case 'Test Cases/Mobile/Page/CheckLogin' successfully

2022-01-10 14:04:35 - [TEST_STEP][PASSED] - tap(HOME_MenubarAnalysis, 0): Tapped on element 'Object Repository/Mobile/Page/Home/Menubar - Analysis'

2022-01-10 14:04:35 - [MESSAGE][WARNING] - Timeout '0' is invalid. Using default page load timeout: '60'

2022-01-10 14:04:36 - [MESSAGE][PASSED] - Tapped on element 'Object Repository/Mobile/Page/Home/Menubar - Analysis'

2022-01-10 14:04:36 - [TEST_STEP][PASSED] - delay(1): Delayed 1 second(s)

2022-01-10 14:04:37 - [MESSAGE][PASSED] - Delayed 1 second(s)

2022-01-10 14:04:37 - [TEST_STEP][PASSED] - for ([i = 0, i < 1, (i++)]): Press back button successfully

2022-01-10 14:04:37 - [TEST_STEP][PASSED] - if (action == "technicalsearch"): null

2022-01-10 14:04:37 - [TEST_STEP][PASSED] - else if (action == "technicaldetail"): null

2022-01-10 14:04:37 - [TEST_STEP][PASSED] - else if (action == "researchdetail"): null

2022-01-10 14:04:37 - [TEST_STEP][PASSED] - else if (action == "researchsearch"): Press back button successfully

2022-01-10 14:04:37 - [TEST_STEP][PASSED] - tap(ANAL_TabResearchReport, 0): Tapped on element 'Object Repository/Mobile/Page/Analysis/Tab - Research Report'

2022-01-10 14:04:37 - [MESSAGE][WARNING] - Timeout '0' is invalid. Using default page load timeout: '60'

2022-01-10 14:04:38 - [MESSAGE][PASSED] - Tapped on element 'Object Repository/Mobile/Page/Analysis/Tab - Research Report'

2022-01-10 14:04:38 - [TEST_STEP][PASSED] - delay(1): Delayed 1 second(s)

2022-01-10 14:04:39 - [MESSAGE][PASSED] - Delayed 1 second(s)

2022-01-10 14:04:39 - [TEST_STEP][PASSED] - tap(ANAL_EdtSearch, 0): Tapped on element 'Object Repository/Mobile/Page/Analysis/Input - Search'

2022-01-10 14:04:39 - [MESSAGE][WARNING] - Timeout '0' is invalid. Using default page load timeout: '60'

2022-01-10 14:04:40 - [MESSAGE][PASSED] - Tapped on element 'Object Repository/Mobile/Page/Analysis/Input - Search'

2022-01-10 14:04:40 - [TEST_STEP][PASSED] - delay(1): Delayed 1 second(s)

2022-01-10 14:04:41 - [MESSAGE][PASSED] - Delayed 1 second(s)

2022-01-10 14:04:41 - [TEST_STEP][PASSED] - setText(ANAL_EdtSearch, "surya", 0): Text 'surya' has been set to element 'Object Repository/Mobile/Page/Analysis/Input - Search'

2022-01-10 14:04:41 - [MESSAGE][WARNING] - Timeout '0' is invalid. Using default page load timeout: '60'

2022-01-10 14:04:41 - [MESSAGE][PASSED] - Text 'surya' has been set to element 'Object Repository/Mobile/Page/Analysis/Input - Search'

2022-01-10 14:04:41 - [TEST_STEP][PASSED] - hideKeyboard(): Keyboard is hidden

2022-01-10 14:04:43 - [MESSAGE][PASSED] - Keyboard is hidden

2022-01-10 14:04:43 - [TEST_STEP][PASSED] - tapAndHold(ANAL_ItemTopSearch, 1, 0): Tapped and held on element 'Object Repository/Mobile/Page/Analysis/Item - Top Search' with duration 1

2022-01-10 14:04:43 - [MESSAGE][WARNING] - Timeout '0' is invalid. Using default page load timeout: '60'

2022-01-10 14:04:46 - [MESSAGE][PASSED] - Tapped and held on element 'Object Repository/Mobile/Page/Analysis/Item - Top Search' with duration 1

2022-01-10 14:04:46 - [TEST_STEP][PASSED] - delay(3): Delayed 3 second(s)

2022-01-10 14:04:49 - [MESSAGE][PASSED] - Delayed 3 second(s)

2022-01-10 14:04:49 - [TEST_STEP][PASSED] - pressBack(): Press back button successfully

2022-01-10 14:04:49 - [MESSAGE][PASSED] - Press back button successfully

2022-01-10 14:04:49 - [MESSAGE][PASSED] - Call Test Case 'Test Cases/Mobile/Page/Analysis/Analysis' successfully

2022-01-10 14:04:49 - [TEST_STEP][PASSED] - callTestCase(findTestCase("Mobile/Page/Run App/Terminate App"), [:], STOP_ON_FAILURE): Call Test Case 'Test Cases/Mobile/Page/Run App/Terminate App' successfully

2022-01-10 14:04:49 - [TEST_CASE][PASSED] - Test Cases/Mobile/Page/Run App/Terminate App: Test Cases/Mobile/Page/Run App/Terminate App

2022-01-10 14:04:49 - [TEST_STEP][PASSED] - startApp.OpenApp.terminateApplication(): startApp.OpenApp.terminateApplication is PASSED

2022-01-10 14:04:53 - [MESSAGE][PASSED] - Delayed 3 second(s)

2022-01-10 14:04:53 - [MESSAGE][PASSED] - Current device physical width is 720

2022-01-10 14:04:54 - [MESSAGE][PASSED] - Current device physical height is 1423

2022-01-10 14:04:55 - [MESSAGE][PASSED] - Swiped from 360,853 to 360,142

2022-01-10 14:04:56 - [MESSAGE][PASSED] - Delayed 1 second(s)

2022-01-10 14:04:57 - [MESSAGE][PASSED] - Swiped from 360,853 to 360,142

2022-01-10 14:05:01 - [MESSAGE][PASSED] - Delayed 3 second(s)

2022-01-10 14:05:01 - [MESSAGE][PASSED] - startApp.OpenApp.terminateApplication is PASSED

2022-01-10 14:05:01 - [MESSAGE][PASSED] - Call Test Case 'Test Cases/Mobile/Page/Run App/Terminate App' successfully]]></system-out>
         <system-err><![CDATA[]]></system-err>
      </testcase>
      <system-out><![CDATA[2022-01-10 13:56:27 - [TEST_SUITE][PASSED] - analysis: Test Cases/Mobile/Scenario/Analysis/007 - Mencari research report]]></system-out>
      <system-err><![CDATA[]]></system-err>
   </testsuite>
</testsuites>
