<?xml version="1.0" encoding="UTF-8"?>
<testsuites name="Transaction" time="497.338" tests="10" failures="0" skips="0" errors="0">
   <testsuite name="Transaction" tests="10" failures="0" errors="0" time="497.338" skips="0" timestamp="2021-11-09 07:50:59" hostname="Owner - aldy-tft" id="Test Suites/Transaction">
      <properties>
         <property name="deviceName" value="samsung SM-A205F (Android 11)"/>
         <property name="devicePlatform" value=""/>
         <property name="logFolder" value="C:\\Users\\Owner\\Documents\\kerjaan\\KatalonProject\\qa-katalon-maxfund\\Reports\\20211109_075049\\Transaction\\20211109_075049"/>
         <property name="logFiles" value="C:\\Users\\Owner\\Documents\\kerjaan\\KatalonProject\\qa-katalon-maxfund\\Reports\\20211109_075049\\Transaction\\20211109_075049\\appium.log, C:\\Users\\Owner\\Documents\\kerjaan\\KatalonProject\\qa-katalon-maxfund\\Reports\\20211109_075049\\Transaction\\20211109_075049\\execution0.log"/>
         <property name="attachments" value=""/>
         <property name="hostName" value="Owner - aldy-tft"/>
         <property name="os" value="Windows 10 64bit"/>
         <property name="appiumServerStatus" value="{&quot;value&quot;:{&quot;build&quot;:{&quot;version&quot;:&quot;1.22.0&quot;}},&quot;sessionId&quot;:null,&quot;status&quot;:0}"/>
         <property name="katalonVersion" value="7.9.1.208"/>
         <property name="deviceOS" value="Android"/>
         <property name="appiumVersion" value="1.22.0"/>
         <property name="deviceModel" value="SM-A205F"/>
         <property name="hostAddress" value="10.0.30.160"/>
         <property name="deviceManufacturer" value="samsung"/>
         <property name="deviceId" value="RR8M40C9AXE"/>
         <property name="deviceName" value="samsung SM-A205F (Android 11)"/>
         <property name="deviceOSVersion" value="11"/>
      </properties>
      <testcase name="Test Cases/Mobile/Scenario/Transaction/001 - Melihat daftar Transaction" time="52.897" classname="Test Cases/Mobile/Scenario/Transaction/001 - Melihat daftar Transaction" status="PASSED">
         <system-out><![CDATA[2021-11-09 07:51:00 - [TEST_CASE][PASSED] - Test Cases/Mobile/Scenario/Transaction/001 - Melihat daftar Transaction: Test Cases/Mobile/Scenario/Transaction/001 - Melihat daftar Transaction

2021-11-09 07:51:00 - [TEST_STEP][PASSED] - callTestCase(findTestCase("Mobile/Page/Run App/Run App byID"), [:], STOP_ON_FAILURE): Call Test Case 'Test Cases/Mobile/Page/Run App/Run App byID' successfully

2021-11-09 07:51:01 - [TEST_CASE][PASSED] - Test Cases/Mobile/Page/Run App/Run App byID: Test Cases/Mobile/Page/Run App/Run App byID

2021-11-09 07:51:01 - [TEST_STEP][PASSED] - startApp.OpenApp.startApplication("com.mirae.maxfund"): startApp.OpenApp.startApplication is PASSED

2021-11-09 07:51:04 - [MESSAGE][INFO] - Appium server started on port 63,907

2021-11-09 07:51:21 - [MESSAGE][PASSED] - Starting app with application ID: 'com.mirae.maxfund'

2021-11-09 07:51:21 - [MESSAGE][PASSED] - startApp.OpenApp.startApplication is PASSED

2021-11-09 07:51:21 - [MESSAGE][PASSED] - Call Test Case 'Test Cases/Mobile/Page/Run App/Run App byID' successfully

2021-11-09 07:51:21 - [TEST_STEP][PASSED] - callTestCase(findTestCase("Mobile/Page/Transaction/Transaction"), ["page":"onprocess", "tab":"none", "action":"none"], CONTINUE_ON_FAILURE): Call Test Case 'Test Cases/Mobile/Page/Transaction/Transaction' successfully

2021-11-09 07:51:21 - [TEST_CASE][PASSED] - Test Cases/Mobile/Page/Transaction/Transaction: Test Cases/Mobile/Page/Transaction/Transaction

2021-11-09 07:51:22 - [TEST_STEP][PASSED] - delay(5): Delayed 5 second(s)

2021-11-09 07:51:27 - [MESSAGE][PASSED] - Delayed 5 second(s)

2021-11-09 07:51:27 - [TEST_STEP][PASSED] - loginCheck = verifyElementExist(findTestObject("Object Repository/Mobile/Page/Dashboard/Button - Login"), 2, CONTINUE_ON_FAILURE): Element 'Object Repository/Mobile/Page/Dashboard/Button - Login' is exist

2021-11-09 07:51:29 - [MESSAGE][PASSED] - Element 'Object Repository/Mobile/Page/Dashboard/Button - Login' is exist

2021-11-09 07:51:29 - [TEST_STEP][PASSED] - if (loginCheck): Delayed 3 second(s)

2021-11-09 07:51:29 - [TEST_STEP][PASSED] - tap(findTestObject("Object Repository/Mobile/Page/Dashboard/Button - Login"), 0): Tapped on element 'Object Repository/Mobile/Page/Dashboard/Button - Login'

2021-11-09 07:51:29 - [MESSAGE][WARNING] - Timeout '0' is invalid. Using default page load timeout: '60'

2021-11-09 07:51:29 - [MESSAGE][PASSED] - Tapped on element 'Object Repository/Mobile/Page/Dashboard/Button - Login'

2021-11-09 07:51:29 - [TEST_STEP][PASSED] - tap(findTestObject("Object Repository/Mobile/Page/Login/Input - UserID or Email"), 0): Tapped on element 'Object Repository/Mobile/Page/Login/Input - UserID or Email'

2021-11-09 07:51:29 - [MESSAGE][WARNING] - Timeout '0' is invalid. Using default page load timeout: '60'

2021-11-09 07:51:31 - [MESSAGE][PASSED] - Tapped on element 'Object Repository/Mobile/Page/Login/Input - UserID or Email'

2021-11-09 07:51:31 - [TEST_STEP][PASSED] - setText(findTestObject("Object Repository/Mobile/Page/Login/Input - UserID or Email"), "ady.pangerang@gmail.com", 0): Text 'ady.pangerang@gmail.com' has been set to element 'Object Repository/Mobile/Page/Login/Input - UserID or Email'

2021-11-09 07:51:31 - [MESSAGE][WARNING] - Timeout '0' is invalid. Using default page load timeout: '60'

2021-11-09 07:51:32 - [MESSAGE][PASSED] - Text 'ady.pangerang@gmail.com' has been set to element 'Object Repository/Mobile/Page/Login/Input - UserID or Email'

2021-11-09 07:51:32 - [TEST_STEP][PASSED] - tap(findTestObject("Object Repository/Mobile/Page/Login/Input - Password"), 0): Tapped on element 'Object Repository/Mobile/Page/Login/Input - Password'

2021-11-09 07:51:32 - [MESSAGE][WARNING] - Timeout '0' is invalid. Using default page load timeout: '60'

2021-11-09 07:51:34 - [MESSAGE][PASSED] - Tapped on element 'Object Repository/Mobile/Page/Login/Input - Password'

2021-11-09 07:51:34 - [TEST_STEP][PASSED] - setText(findTestObject("Object Repository/Mobile/Page/Login/Input - Password"), "Mirae1234", 0): Text 'Mirae1234' has been set to element 'Object Repository/Mobile/Page/Login/Input - Password'

2021-11-09 07:51:34 - [MESSAGE][WARNING] - Timeout '0' is invalid. Using default page load timeout: '60'

2021-11-09 07:51:35 - [MESSAGE][PASSED] - Text 'Mirae1234' has been set to element 'Object Repository/Mobile/Page/Login/Input - Password'

2021-11-09 07:51:35 - [TEST_STEP][PASSED] - tap(findTestObject("Object Repository/Mobile/Page/Login/Button - Sign In"), 0): Tapped on element 'Object Repository/Mobile/Page/Login/Button - Sign In'

2021-11-09 07:51:35 - [MESSAGE][WARNING] - Timeout '0' is invalid. Using default page load timeout: '60'

2021-11-09 07:51:36 - [MESSAGE][PASSED] - Tapped on element 'Object Repository/Mobile/Page/Login/Button - Sign In'

2021-11-09 07:51:36 - [TEST_STEP][PASSED] - delay(3): Delayed 3 second(s)

2021-11-09 07:51:39 - [MESSAGE][PASSED] - Delayed 3 second(s)

2021-11-09 07:51:39 - [TEST_STEP][PASSED] - if (page == "cart"): null

2021-11-09 07:51:39 - [TEST_STEP][PASSED] - tap(findTestObject("Object Repository/Mobile/Page/Transaction/Button - Menubar Transaction"), 0): Tapped on element 'Object Repository/Mobile/Page/Transaction/Button - Menubar Transaction'

2021-11-09 07:51:39 - [MESSAGE][WARNING] - Timeout '0' is invalid. Using default page load timeout: '60'

2021-11-09 07:51:40 - [MESSAGE][PASSED] - Tapped on element 'Object Repository/Mobile/Page/Transaction/Button - Menubar Transaction'

2021-11-09 07:51:40 - [TEST_STEP][PASSED] - delay(1): Delayed 1 second(s)

2021-11-09 07:51:41 - [MESSAGE][PASSED] - Delayed 1 second(s)

2021-11-09 07:51:41 - [TEST_STEP][PASSED] - if (page == "onprocess"): null

2021-11-09 07:51:41 - [TEST_STEP][PASSED] - if (tab == "subscription"): null

2021-11-09 07:51:41 - [TEST_STEP][PASSED] - if (action == "detail"): null

2021-11-09 07:51:41 - [MESSAGE][PASSED] - Call Test Case 'Test Cases/Mobile/Page/Transaction/Transaction' successfully

2021-11-09 07:51:41 - [TEST_STEP][PASSED] - callTestCase(findTestCase("Mobile/Page/Run App/Terminate App"), [:], STOP_ON_FAILURE): Call Test Case 'Test Cases/Mobile/Page/Run App/Terminate App' successfully

2021-11-09 07:51:41 - [TEST_CASE][PASSED] - Test Cases/Mobile/Page/Run App/Terminate App: Test Cases/Mobile/Page/Run App/Terminate App

2021-11-09 07:51:42 - [TEST_STEP][PASSED] - startApp.OpenApp.terminateApplication(): startApp.OpenApp.terminateApplication is PASSED

2021-11-09 07:51:45 - [MESSAGE][PASSED] - Delayed 3 second(s)

2021-11-09 07:51:46 - [MESSAGE][PASSED] - Current device physical width is 720

2021-11-09 07:51:46 - [MESSAGE][PASSED] - Current device physical height is 1423

2021-11-09 07:51:47 - [MESSAGE][PASSED] - Swiped from 360,853 to 360,142

2021-11-09 07:51:48 - [MESSAGE][PASSED] - Delayed 1 second(s)

2021-11-09 07:51:50 - [MESSAGE][PASSED] - Swiped from 360,853 to 360,142

2021-11-09 07:51:53 - [MESSAGE][PASSED] - Delayed 3 second(s)

2021-11-09 07:51:53 - [MESSAGE][PASSED] - startApp.OpenApp.terminateApplication is PASSED

2021-11-09 07:51:53 - [MESSAGE][PASSED] - Call Test Case 'Test Cases/Mobile/Page/Run App/Terminate App' successfully]]></system-out>
         <system-err><![CDATA[]]></system-err>
      </testcase>
      <testcase name="Test Cases/Mobile/Scenario/Transaction/002 - Melihat Transaction berdasarkan ketegori On Process dan Subcription" time="47.234" classname="Test Cases/Mobile/Scenario/Transaction/002 - Melihat Transaction berdasarkan ketegori On Process dan Subcription" status="PASSED">
         <system-out><![CDATA[2021-11-09 07:51:53 - [TEST_CASE][PASSED] - Test Cases/Mobile/Scenario/Transaction/002 - Melihat Transaction berdasarkan ketegori On Process dan Subcription: Test Cases/Mobile/Scenario/Transaction/002 - Melihat Transaction berdasarkan ketegori On Process dan Subcription

2021-11-09 07:51:54 - [TEST_STEP][PASSED] - callTestCase(findTestCase("Mobile/Page/Run App/Run App byID"), [:], STOP_ON_FAILURE): Call Test Case 'Test Cases/Mobile/Page/Run App/Run App byID' successfully

2021-11-09 07:51:54 - [TEST_CASE][PASSED] - Test Cases/Mobile/Page/Run App/Run App byID: Test Cases/Mobile/Page/Run App/Run App byID

2021-11-09 07:51:54 - [TEST_STEP][PASSED] - startApp.OpenApp.startApplication("com.mirae.maxfund"): startApp.OpenApp.startApplication is PASSED

2021-11-09 07:52:10 - [MESSAGE][PASSED] - Starting app with application ID: 'com.mirae.maxfund'

2021-11-09 07:52:10 - [MESSAGE][PASSED] - startApp.OpenApp.startApplication is PASSED

2021-11-09 07:52:10 - [MESSAGE][PASSED] - Call Test Case 'Test Cases/Mobile/Page/Run App/Run App byID' successfully

2021-11-09 07:52:10 - [TEST_STEP][PASSED] - callTestCase(findTestCase("Mobile/Page/Transaction/Transaction"), ["page":"onprocess", "tab":"subscription", "action":"none"], CONTINUE_ON_FAILURE): Call Test Case 'Test Cases/Mobile/Page/Transaction/Transaction' successfully

2021-11-09 07:52:10 - [TEST_CASE][PASSED] - Test Cases/Mobile/Page/Transaction/Transaction: Test Cases/Mobile/Page/Transaction/Transaction

2021-11-09 07:52:10 - [TEST_STEP][PASSED] - delay(5): Delayed 5 second(s)

2021-11-09 07:52:15 - [MESSAGE][PASSED] - Delayed 5 second(s)

2021-11-09 07:52:15 - [TEST_STEP][PASSED] - loginCheck = verifyElementExist(findTestObject("Object Repository/Mobile/Page/Dashboard/Button - Login"), 2, CONTINUE_ON_FAILURE): Element 'Object Repository/Mobile/Page/Dashboard/Button - Login' is exist

2021-11-09 07:52:15 - [MESSAGE][PASSED] - Element 'Object Repository/Mobile/Page/Dashboard/Button - Login' is exist

2021-11-09 07:52:15 - [TEST_STEP][PASSED] - if (loginCheck): Delayed 3 second(s)

2021-11-09 07:52:15 - [TEST_STEP][PASSED] - tap(findTestObject("Object Repository/Mobile/Page/Dashboard/Button - Login"), 0): Tapped on element 'Object Repository/Mobile/Page/Dashboard/Button - Login'

2021-11-09 07:52:15 - [MESSAGE][WARNING] - Timeout '0' is invalid. Using default page load timeout: '60'

2021-11-09 07:52:16 - [MESSAGE][PASSED] - Tapped on element 'Object Repository/Mobile/Page/Dashboard/Button - Login'

2021-11-09 07:52:16 - [TEST_STEP][PASSED] - tap(findTestObject("Object Repository/Mobile/Page/Login/Input - UserID or Email"), 0): Tapped on element 'Object Repository/Mobile/Page/Login/Input - UserID or Email'

2021-11-09 07:52:16 - [MESSAGE][WARNING] - Timeout '0' is invalid. Using default page load timeout: '60'

2021-11-09 07:52:17 - [MESSAGE][PASSED] - Tapped on element 'Object Repository/Mobile/Page/Login/Input - UserID or Email'

2021-11-09 07:52:17 - [TEST_STEP][PASSED] - setText(findTestObject("Object Repository/Mobile/Page/Login/Input - UserID or Email"), "ady.pangerang@gmail.com", 0): Text 'ady.pangerang@gmail.com' has been set to element 'Object Repository/Mobile/Page/Login/Input - UserID or Email'

2021-11-09 07:52:18 - [MESSAGE][WARNING] - Timeout '0' is invalid. Using default page load timeout: '60'

2021-11-09 07:52:19 - [MESSAGE][PASSED] - Text 'ady.pangerang@gmail.com' has been set to element 'Object Repository/Mobile/Page/Login/Input - UserID or Email'

2021-11-09 07:52:19 - [TEST_STEP][PASSED] - tap(findTestObject("Object Repository/Mobile/Page/Login/Input - Password"), 0): Tapped on element 'Object Repository/Mobile/Page/Login/Input - Password'

2021-11-09 07:52:20 - [MESSAGE][WARNING] - Timeout '0' is invalid. Using default page load timeout: '60'

2021-11-09 07:52:20 - [MESSAGE][PASSED] - Tapped on element 'Object Repository/Mobile/Page/Login/Input - Password'

2021-11-09 07:52:20 - [TEST_STEP][PASSED] - setText(findTestObject("Object Repository/Mobile/Page/Login/Input - Password"), "Mirae1234", 0): Text 'Mirae1234' has been set to element 'Object Repository/Mobile/Page/Login/Input - Password'

2021-11-09 07:52:21 - [MESSAGE][WARNING] - Timeout '0' is invalid. Using default page load timeout: '60'

2021-11-09 07:52:21 - [MESSAGE][PASSED] - Text 'Mirae1234' has been set to element 'Object Repository/Mobile/Page/Login/Input - Password'

2021-11-09 07:52:21 - [TEST_STEP][PASSED] - tap(findTestObject("Object Repository/Mobile/Page/Login/Button - Sign In"), 0): Tapped on element 'Object Repository/Mobile/Page/Login/Button - Sign In'

2021-11-09 07:52:22 - [MESSAGE][WARNING] - Timeout '0' is invalid. Using default page load timeout: '60'

2021-11-09 07:52:23 - [MESSAGE][PASSED] - Tapped on element 'Object Repository/Mobile/Page/Login/Button - Sign In'

2021-11-09 07:52:23 - [TEST_STEP][PASSED] - delay(3): Delayed 3 second(s)

2021-11-09 07:52:26 - [MESSAGE][PASSED] - Delayed 3 second(s)

2021-11-09 07:52:26 - [TEST_STEP][PASSED] - if (page == "cart"): null

2021-11-09 07:52:26 - [TEST_STEP][PASSED] - tap(findTestObject("Object Repository/Mobile/Page/Transaction/Button - Menubar Transaction"), 0): Tapped on element 'Object Repository/Mobile/Page/Transaction/Button - Menubar Transaction'

2021-11-09 07:52:26 - [MESSAGE][WARNING] - Timeout '0' is invalid. Using default page load timeout: '60'

2021-11-09 07:52:27 - [MESSAGE][PASSED] - Tapped on element 'Object Repository/Mobile/Page/Transaction/Button - Menubar Transaction'

2021-11-09 07:52:27 - [TEST_STEP][PASSED] - delay(1): Delayed 1 second(s)

2021-11-09 07:52:28 - [MESSAGE][PASSED] - Delayed 1 second(s)

2021-11-09 07:52:28 - [TEST_STEP][PASSED] - if (page == "onprocess"): null

2021-11-09 07:52:28 - [TEST_STEP][PASSED] - if (tab == "subscription"): Tapped on element 'Object Repository/Mobile/Page/Transaction/On Process/Tab - Subscription'

2021-11-09 07:52:28 - [TEST_STEP][PASSED] - tap(findTestObject("Object Repository/Mobile/Page/Transaction/On Process/Tab - Subscription"), 0): Tapped on element 'Object Repository/Mobile/Page/Transaction/On Process/Tab - Subscription'

2021-11-09 07:52:29 - [MESSAGE][WARNING] - Timeout '0' is invalid. Using default page load timeout: '60'

2021-11-09 07:52:30 - [MESSAGE][PASSED] - Tapped on element 'Object Repository/Mobile/Page/Transaction/On Process/Tab - Subscription'

2021-11-09 07:52:30 - [TEST_STEP][PASSED] - if (action == "detail"): null

2021-11-09 07:52:30 - [MESSAGE][PASSED] - Call Test Case 'Test Cases/Mobile/Page/Transaction/Transaction' successfully

2021-11-09 07:52:30 - [TEST_STEP][PASSED] - callTestCase(findTestCase("Mobile/Page/Run App/Terminate App"), [:], STOP_ON_FAILURE): Call Test Case 'Test Cases/Mobile/Page/Run App/Terminate App' successfully

2021-11-09 07:52:30 - [TEST_CASE][PASSED] - Test Cases/Mobile/Page/Run App/Terminate App: Test Cases/Mobile/Page/Run App/Terminate App

2021-11-09 07:52:30 - [TEST_STEP][PASSED] - startApp.OpenApp.terminateApplication(): startApp.OpenApp.terminateApplication is PASSED

2021-11-09 07:52:33 - [MESSAGE][PASSED] - Delayed 3 second(s)

2021-11-09 07:52:33 - [MESSAGE][PASSED] - Current device physical width is 720

2021-11-09 07:52:34 - [MESSAGE][PASSED] - Current device physical height is 1423

2021-11-09 07:52:35 - [MESSAGE][PASSED] - Swiped from 360,853 to 360,142

2021-11-09 07:52:36 - [MESSAGE][PASSED] - Delayed 1 second(s)

2021-11-09 07:52:37 - [MESSAGE][PASSED] - Swiped from 360,853 to 360,142

2021-11-09 07:52:40 - [MESSAGE][PASSED] - Delayed 3 second(s)

2021-11-09 07:52:40 - [MESSAGE][PASSED] - startApp.OpenApp.terminateApplication is PASSED

2021-11-09 07:52:40 - [MESSAGE][PASSED] - Call Test Case 'Test Cases/Mobile/Page/Run App/Terminate App' successfully]]></system-out>
         <system-err><![CDATA[]]></system-err>
      </testcase>
      <testcase name="Test Cases/Mobile/Scenario/Transaction/003 - Melihat Transaction berdasarkan ketegori On Process dan Redemption" time="42.933" classname="Test Cases/Mobile/Scenario/Transaction/003 - Melihat Transaction berdasarkan ketegori On Process dan Redemption" status="PASSED">
         <system-out><![CDATA[2021-11-09 07:52:40 - [TEST_CASE][PASSED] - Test Cases/Mobile/Scenario/Transaction/003 - Melihat Transaction berdasarkan ketegori On Process dan Redemption: Test Cases/Mobile/Scenario/Transaction/003 - Melihat Transaction berdasarkan ketegori On Process dan Redemption

2021-11-09 07:52:41 - [TEST_STEP][PASSED] - callTestCase(findTestCase("Mobile/Page/Run App/Run App byID"), [:], STOP_ON_FAILURE): Call Test Case 'Test Cases/Mobile/Page/Run App/Run App byID' successfully

2021-11-09 07:52:41 - [TEST_CASE][PASSED] - Test Cases/Mobile/Page/Run App/Run App byID: Test Cases/Mobile/Page/Run App/Run App byID

2021-11-09 07:52:41 - [TEST_STEP][PASSED] - startApp.OpenApp.startApplication("com.mirae.maxfund"): startApp.OpenApp.startApplication is PASSED

2021-11-09 07:52:53 - [MESSAGE][PASSED] - Starting app with application ID: 'com.mirae.maxfund'

2021-11-09 07:52:53 - [MESSAGE][PASSED] - startApp.OpenApp.startApplication is PASSED

2021-11-09 07:52:53 - [MESSAGE][PASSED] - Call Test Case 'Test Cases/Mobile/Page/Run App/Run App byID' successfully

2021-11-09 07:52:53 - [TEST_STEP][PASSED] - callTestCase(findTestCase("Mobile/Page/Transaction/Transaction"), ["page":"onprocess", "tab":"redemption", "action":"none"], CONTINUE_ON_FAILURE): Call Test Case 'Test Cases/Mobile/Page/Transaction/Transaction' successfully

2021-11-09 07:52:53 - [TEST_CASE][PASSED] - Test Cases/Mobile/Page/Transaction/Transaction: Test Cases/Mobile/Page/Transaction/Transaction

2021-11-09 07:52:53 - [TEST_STEP][PASSED] - delay(5): Delayed 5 second(s)

2021-11-09 07:52:58 - [MESSAGE][PASSED] - Delayed 5 second(s)

2021-11-09 07:52:58 - [TEST_STEP][PASSED] - loginCheck = verifyElementExist(findTestObject("Object Repository/Mobile/Page/Dashboard/Button - Login"), 2, CONTINUE_ON_FAILURE): Element 'Object Repository/Mobile/Page/Dashboard/Button - Login' is exist

2021-11-09 07:52:59 - [MESSAGE][PASSED] - Element 'Object Repository/Mobile/Page/Dashboard/Button - Login' is exist

2021-11-09 07:52:59 - [TEST_STEP][PASSED] - if (loginCheck): Delayed 3 second(s)

2021-11-09 07:52:59 - [TEST_STEP][PASSED] - tap(findTestObject("Object Repository/Mobile/Page/Dashboard/Button - Login"), 0): Tapped on element 'Object Repository/Mobile/Page/Dashboard/Button - Login'

2021-11-09 07:52:59 - [MESSAGE][WARNING] - Timeout '0' is invalid. Using default page load timeout: '60'

2021-11-09 07:53:01 - [MESSAGE][PASSED] - Tapped on element 'Object Repository/Mobile/Page/Dashboard/Button - Login'

2021-11-09 07:53:01 - [TEST_STEP][PASSED] - tap(findTestObject("Object Repository/Mobile/Page/Login/Input - UserID or Email"), 0): Tapped on element 'Object Repository/Mobile/Page/Login/Input - UserID or Email'

2021-11-09 07:53:01 - [MESSAGE][WARNING] - Timeout '0' is invalid. Using default page load timeout: '60'

2021-11-09 07:53:01 - [MESSAGE][PASSED] - Tapped on element 'Object Repository/Mobile/Page/Login/Input - UserID or Email'

2021-11-09 07:53:01 - [TEST_STEP][PASSED] - setText(findTestObject("Object Repository/Mobile/Page/Login/Input - UserID or Email"), "ady.pangerang@gmail.com", 0): Text 'ady.pangerang@gmail.com' has been set to element 'Object Repository/Mobile/Page/Login/Input - UserID or Email'

2021-11-09 07:53:01 - [MESSAGE][WARNING] - Timeout '0' is invalid. Using default page load timeout: '60'

2021-11-09 07:53:03 - [MESSAGE][PASSED] - Text 'ady.pangerang@gmail.com' has been set to element 'Object Repository/Mobile/Page/Login/Input - UserID or Email'

2021-11-09 07:53:03 - [TEST_STEP][PASSED] - tap(findTestObject("Object Repository/Mobile/Page/Login/Input - Password"), 0): Tapped on element 'Object Repository/Mobile/Page/Login/Input - Password'

2021-11-09 07:53:03 - [MESSAGE][WARNING] - Timeout '0' is invalid. Using default page load timeout: '60'

2021-11-09 07:53:04 - [MESSAGE][PASSED] - Tapped on element 'Object Repository/Mobile/Page/Login/Input - Password'

2021-11-09 07:53:04 - [TEST_STEP][PASSED] - setText(findTestObject("Object Repository/Mobile/Page/Login/Input - Password"), "Mirae1234", 0): Text 'Mirae1234' has been set to element 'Object Repository/Mobile/Page/Login/Input - Password'

2021-11-09 07:53:04 - [MESSAGE][WARNING] - Timeout '0' is invalid. Using default page load timeout: '60'

2021-11-09 07:53:05 - [MESSAGE][PASSED] - Text 'Mirae1234' has been set to element 'Object Repository/Mobile/Page/Login/Input - Password'

2021-11-09 07:53:05 - [TEST_STEP][PASSED] - tap(findTestObject("Object Repository/Mobile/Page/Login/Button - Sign In"), 0): Tapped on element 'Object Repository/Mobile/Page/Login/Button - Sign In'

2021-11-09 07:53:05 - [MESSAGE][WARNING] - Timeout '0' is invalid. Using default page load timeout: '60'

2021-11-09 07:53:06 - [MESSAGE][PASSED] - Tapped on element 'Object Repository/Mobile/Page/Login/Button - Sign In'

2021-11-09 07:53:06 - [TEST_STEP][PASSED] - delay(3): Delayed 3 second(s)

2021-11-09 07:53:09 - [MESSAGE][PASSED] - Delayed 3 second(s)

2021-11-09 07:53:09 - [TEST_STEP][PASSED] - if (page == "cart"): null

2021-11-09 07:53:09 - [TEST_STEP][PASSED] - tap(findTestObject("Object Repository/Mobile/Page/Transaction/Button - Menubar Transaction"), 0): Tapped on element 'Object Repository/Mobile/Page/Transaction/Button - Menubar Transaction'

2021-11-09 07:53:10 - [MESSAGE][WARNING] - Timeout '0' is invalid. Using default page load timeout: '60'

2021-11-09 07:53:11 - [MESSAGE][PASSED] - Tapped on element 'Object Repository/Mobile/Page/Transaction/Button - Menubar Transaction'

2021-11-09 07:53:11 - [TEST_STEP][PASSED] - delay(1): Delayed 1 second(s)

2021-11-09 07:53:12 - [MESSAGE][PASSED] - Delayed 1 second(s)

2021-11-09 07:53:12 - [TEST_STEP][PASSED] - if (page == "onprocess"): null

2021-11-09 07:53:12 - [TEST_STEP][PASSED] - if (tab == "subscription"): null

2021-11-09 07:53:12 - [TEST_STEP][PASSED] - else if (tab == "redemption"): Tapped on element 'Object Repository/Mobile/Page/Transaction/On Process/Tab - Redemption'

2021-11-09 07:53:12 - [TEST_STEP][PASSED] - tap(findTestObject("Object Repository/Mobile/Page/Transaction/On Process/Tab - Redemption"), 0): Tapped on element 'Object Repository/Mobile/Page/Transaction/On Process/Tab - Redemption'

2021-11-09 07:53:12 - [MESSAGE][WARNING] - Timeout '0' is invalid. Using default page load timeout: '60'

2021-11-09 07:53:12 - [MESSAGE][PASSED] - Tapped on element 'Object Repository/Mobile/Page/Transaction/On Process/Tab - Redemption'

2021-11-09 07:53:12 - [TEST_STEP][PASSED] - if (action == "detail"): null

2021-11-09 07:53:12 - [MESSAGE][PASSED] - Call Test Case 'Test Cases/Mobile/Page/Transaction/Transaction' successfully

2021-11-09 07:53:12 - [TEST_STEP][PASSED] - callTestCase(findTestCase("Mobile/Page/Run App/Terminate App"), [:], STOP_ON_FAILURE): Call Test Case 'Test Cases/Mobile/Page/Run App/Terminate App' successfully

2021-11-09 07:53:13 - [TEST_CASE][PASSED] - Test Cases/Mobile/Page/Run App/Terminate App: Test Cases/Mobile/Page/Run App/Terminate App

2021-11-09 07:53:13 - [TEST_STEP][PASSED] - startApp.OpenApp.terminateApplication(): startApp.OpenApp.terminateApplication is PASSED

2021-11-09 07:53:16 - [MESSAGE][PASSED] - Delayed 3 second(s)

2021-11-09 07:53:16 - [MESSAGE][PASSED] - Current device physical width is 720

2021-11-09 07:53:16 - [MESSAGE][PASSED] - Current device physical height is 1423

2021-11-09 07:53:18 - [MESSAGE][PASSED] - Swiped from 360,853 to 360,142

2021-11-09 07:53:19 - [MESSAGE][PASSED] - Delayed 1 second(s)

2021-11-09 07:53:20 - [MESSAGE][PASSED] - Swiped from 360,853 to 360,142

2021-11-09 07:53:23 - [MESSAGE][PASSED] - Delayed 3 second(s)

2021-11-09 07:53:23 - [MESSAGE][PASSED] - startApp.OpenApp.terminateApplication is PASSED

2021-11-09 07:53:23 - [MESSAGE][PASSED] - Call Test Case 'Test Cases/Mobile/Page/Run App/Terminate App' successfully]]></system-out>
         <system-err><![CDATA[]]></system-err>
      </testcase>
      <testcase name="Test Cases/Mobile/Scenario/Transaction/004 - Melihat Transaction berdasarkan ketegori On Process dan Switching" time="47.97" classname="Test Cases/Mobile/Scenario/Transaction/004 - Melihat Transaction berdasarkan ketegori On Process dan Switching" status="PASSED">
         <system-out><![CDATA[2021-11-09 07:53:23 - [TEST_CASE][PASSED] - Test Cases/Mobile/Scenario/Transaction/004 - Melihat Transaction berdasarkan ketegori On Process dan Switching: Test Cases/Mobile/Scenario/Transaction/004 - Melihat Transaction berdasarkan ketegori On Process dan Switching

2021-11-09 07:53:24 - [TEST_STEP][PASSED] - callTestCase(findTestCase("Mobile/Page/Run App/Run App byID"), [:], STOP_ON_FAILURE): Call Test Case 'Test Cases/Mobile/Page/Run App/Run App byID' successfully

2021-11-09 07:53:24 - [TEST_CASE][PASSED] - Test Cases/Mobile/Page/Run App/Run App byID: Test Cases/Mobile/Page/Run App/Run App byID

2021-11-09 07:53:24 - [TEST_STEP][PASSED] - startApp.OpenApp.startApplication("com.mirae.maxfund"): startApp.OpenApp.startApplication is PASSED

2021-11-09 07:53:36 - [MESSAGE][PASSED] - Starting app with application ID: 'com.mirae.maxfund'

2021-11-09 07:53:36 - [MESSAGE][PASSED] - startApp.OpenApp.startApplication is PASSED

2021-11-09 07:53:36 - [MESSAGE][PASSED] - Call Test Case 'Test Cases/Mobile/Page/Run App/Run App byID' successfully

2021-11-09 07:53:36 - [TEST_STEP][PASSED] - callTestCase(findTestCase("Mobile/Page/Transaction/Transaction"), ["page":"onprocess", "tab":"switching", "action":"none"], STOP_ON_FAILURE): Call Test Case 'Test Cases/Mobile/Page/Transaction/Transaction' successfully

2021-11-09 07:53:36 - [TEST_CASE][PASSED] - Test Cases/Mobile/Page/Transaction/Transaction: Test Cases/Mobile/Page/Transaction/Transaction

2021-11-09 07:53:36 - [TEST_STEP][PASSED] - delay(5): Delayed 5 second(s)

2021-11-09 07:53:41 - [MESSAGE][PASSED] - Delayed 5 second(s)

2021-11-09 07:53:41 - [TEST_STEP][PASSED] - loginCheck = verifyElementExist(findTestObject("Object Repository/Mobile/Page/Dashboard/Button - Login"), 2, CONTINUE_ON_FAILURE): Element 'Object Repository/Mobile/Page/Dashboard/Button - Login' is exist

2021-11-09 07:53:43 - [MESSAGE][PASSED] - Element 'Object Repository/Mobile/Page/Dashboard/Button - Login' is exist

2021-11-09 07:53:43 - [TEST_STEP][PASSED] - if (loginCheck): Delayed 3 second(s)

2021-11-09 07:53:43 - [TEST_STEP][PASSED] - tap(findTestObject("Object Repository/Mobile/Page/Dashboard/Button - Login"), 0): Tapped on element 'Object Repository/Mobile/Page/Dashboard/Button - Login'

2021-11-09 07:53:43 - [MESSAGE][WARNING] - Timeout '0' is invalid. Using default page load timeout: '60'

2021-11-09 07:53:43 - [MESSAGE][PASSED] - Tapped on element 'Object Repository/Mobile/Page/Dashboard/Button - Login'

2021-11-09 07:53:43 - [TEST_STEP][PASSED] - tap(findTestObject("Object Repository/Mobile/Page/Login/Input - UserID or Email"), 0): Tapped on element 'Object Repository/Mobile/Page/Login/Input - UserID or Email'

2021-11-09 07:53:43 - [MESSAGE][WARNING] - Timeout '0' is invalid. Using default page load timeout: '60'

2021-11-09 07:53:44 - [MESSAGE][PASSED] - Tapped on element 'Object Repository/Mobile/Page/Login/Input - UserID or Email'

2021-11-09 07:53:44 - [TEST_STEP][PASSED] - setText(findTestObject("Object Repository/Mobile/Page/Login/Input - UserID or Email"), "ady.pangerang@gmail.com", 0): Text 'ady.pangerang@gmail.com' has been set to element 'Object Repository/Mobile/Page/Login/Input - UserID or Email'

2021-11-09 07:53:45 - [MESSAGE][WARNING] - Timeout '0' is invalid. Using default page load timeout: '60'

2021-11-09 07:53:46 - [MESSAGE][PASSED] - Text 'ady.pangerang@gmail.com' has been set to element 'Object Repository/Mobile/Page/Login/Input - UserID or Email'

2021-11-09 07:53:46 - [TEST_STEP][PASSED] - tap(findTestObject("Object Repository/Mobile/Page/Login/Input - Password"), 0): Tapped on element 'Object Repository/Mobile/Page/Login/Input - Password'

2021-11-09 07:53:46 - [MESSAGE][WARNING] - Timeout '0' is invalid. Using default page load timeout: '60'

2021-11-09 07:53:47 - [MESSAGE][PASSED] - Tapped on element 'Object Repository/Mobile/Page/Login/Input - Password'

2021-11-09 07:53:47 - [TEST_STEP][PASSED] - setText(findTestObject("Object Repository/Mobile/Page/Login/Input - Password"), "Mirae1234", 0): Text 'Mirae1234' has been set to element 'Object Repository/Mobile/Page/Login/Input - Password'

2021-11-09 07:53:47 - [MESSAGE][WARNING] - Timeout '0' is invalid. Using default page load timeout: '60'

2021-11-09 07:53:48 - [MESSAGE][PASSED] - Text 'Mirae1234' has been set to element 'Object Repository/Mobile/Page/Login/Input - Password'

2021-11-09 07:53:48 - [TEST_STEP][PASSED] - tap(findTestObject("Object Repository/Mobile/Page/Login/Button - Sign In"), 0): Tapped on element 'Object Repository/Mobile/Page/Login/Button - Sign In'

2021-11-09 07:53:48 - [MESSAGE][WARNING] - Timeout '0' is invalid. Using default page load timeout: '60'

2021-11-09 07:53:50 - [MESSAGE][PASSED] - Tapped on element 'Object Repository/Mobile/Page/Login/Button - Sign In'

2021-11-09 07:53:50 - [TEST_STEP][PASSED] - delay(3): Delayed 3 second(s)

2021-11-09 07:53:53 - [MESSAGE][PASSED] - Delayed 3 second(s)

2021-11-09 07:53:53 - [TEST_STEP][PASSED] - if (page == "cart"): null

2021-11-09 07:53:53 - [TEST_STEP][PASSED] - tap(findTestObject("Object Repository/Mobile/Page/Transaction/Button - Menubar Transaction"), 0): Tapped on element 'Object Repository/Mobile/Page/Transaction/Button - Menubar Transaction'

2021-11-09 07:53:53 - [MESSAGE][WARNING] - Timeout '0' is invalid. Using default page load timeout: '60'

2021-11-09 07:53:55 - [MESSAGE][PASSED] - Tapped on element 'Object Repository/Mobile/Page/Transaction/Button - Menubar Transaction'

2021-11-09 07:53:55 - [TEST_STEP][PASSED] - delay(1): Delayed 1 second(s)

2021-11-09 07:53:56 - [MESSAGE][PASSED] - Delayed 1 second(s)

2021-11-09 07:53:56 - [TEST_STEP][PASSED] - if (page == "onprocess"): null

2021-11-09 07:53:56 - [TEST_STEP][PASSED] - if (tab == "subscription"): null

2021-11-09 07:53:56 - [TEST_STEP][PASSED] - else if (tab == "redemption"): null

2021-11-09 07:53:56 - [TEST_STEP][PASSED] - else if (tab == "switching"): Tapped on element 'Object Repository/Mobile/Page/Transaction/On Process/Tab - Switching'

2021-11-09 07:53:56 - [TEST_STEP][PASSED] - element = findTestObject("Object Repository/Mobile/Page/Transaction/On Process/Tab - All"): null

2021-11-09 07:53:56 - [TEST_STEP][PASSED] - left_position = getElementLeftPosition(element, 0): Object 'Object Repository/Mobile/Page/Transaction/On Process/Tab - All' has left position '31'

2021-11-09 07:53:56 - [MESSAGE][WARNING] - Timeout '0' is invalid. Using default page load timeout: '60'

2021-11-09 07:53:56 - [MESSAGE][PASSED] - Object 'Object Repository/Mobile/Page/Transaction/On Process/Tab - All' has left position '31'

2021-11-09 07:53:56 - [TEST_STEP][PASSED] - top_position = getElementTopPosition(element, 0): Object 'Object Repository/Mobile/Page/Transaction/On Process/Tab - All' has top position '255'

2021-11-09 07:53:56 - [MESSAGE][WARNING] - Timeout '0' is invalid. Using default page load timeout: '60'

2021-11-09 07:53:56 - [MESSAGE][PASSED] - Object 'Object Repository/Mobile/Page/Transaction/On Process/Tab - All' has top position '255'

2021-11-09 07:53:56 - [TEST_STEP][PASSED] - height = getElementHeight(element, 0): Object 'Object Repository/Mobile/Page/Transaction/On Process/Tab - All' has height: '44'

2021-11-09 07:53:56 - [MESSAGE][WARNING] - Timeout '0' is invalid. Using default page load timeout: '60'

2021-11-09 07:53:57 - [MESSAGE][PASSED] - Object 'Object Repository/Mobile/Page/Transaction/On Process/Tab - All' has height: '44'

2021-11-09 07:53:57 - [TEST_STEP][PASSED] - device_Height = getDeviceHeight(): Current device physical height is 1423

2021-11-09 07:53:57 - [MESSAGE][PASSED] - Current device physical height is 1423

2021-11-09 07:53:57 - [TEST_STEP][PASSED] - device_Width = getDeviceWidth(): Current device physical width is 720

2021-11-09 07:53:57 - [MESSAGE][PASSED] - Current device physical width is 720

2021-11-09 07:53:57 - [TEST_STEP][PASSED] - startX = device_Width * 0.8: null

2021-11-09 07:53:57 - [TEST_STEP][PASSED] - startY = top_position + height / 2: null

2021-11-09 07:53:57 - [TEST_STEP][PASSED] - endX = device_Width * 0.2: null

2021-11-09 07:53:57 - [TEST_STEP][PASSED] - endY = top_position + height / 2: null

2021-11-09 07:53:57 - [TEST_STEP][PASSED] - swipe(startX, startY, endX, endY): Swiped from 576,277 to 144,277

2021-11-09 07:53:58 - [MESSAGE][PASSED] - Swiped from 576,277 to 144,277

2021-11-09 07:53:58 - [TEST_STEP][PASSED] - tap(findTestObject("Object Repository/Mobile/Page/Transaction/On Process/Tab - Switching"), 0): Tapped on element 'Object Repository/Mobile/Page/Transaction/On Process/Tab - Switching'

2021-11-09 07:53:59 - [MESSAGE][WARNING] - Timeout '0' is invalid. Using default page load timeout: '60'

2021-11-09 07:54:01 - [MESSAGE][PASSED] - Tapped on element 'Object Repository/Mobile/Page/Transaction/On Process/Tab - Switching'

2021-11-09 07:54:01 - [TEST_STEP][PASSED] - if (action == "detail"): null

2021-11-09 07:54:01 - [MESSAGE][PASSED] - Call Test Case 'Test Cases/Mobile/Page/Transaction/Transaction' successfully

2021-11-09 07:54:01 - [TEST_STEP][PASSED] - callTestCase(findTestCase("Mobile/Page/Run App/Terminate App"), [:], STOP_ON_FAILURE): Call Test Case 'Test Cases/Mobile/Page/Run App/Terminate App' successfully

2021-11-09 07:54:01 - [TEST_CASE][PASSED] - Test Cases/Mobile/Page/Run App/Terminate App: Test Cases/Mobile/Page/Run App/Terminate App

2021-11-09 07:54:01 - [TEST_STEP][PASSED] - startApp.OpenApp.terminateApplication(): startApp.OpenApp.terminateApplication is PASSED

2021-11-09 07:54:04 - [MESSAGE][PASSED] - Delayed 3 second(s)

2021-11-09 07:54:04 - [MESSAGE][PASSED] - Current device physical width is 720

2021-11-09 07:54:05 - [MESSAGE][PASSED] - Current device physical height is 1423

2021-11-09 07:54:06 - [MESSAGE][PASSED] - Swiped from 360,853 to 360,142

2021-11-09 07:54:07 - [MESSAGE][PASSED] - Delayed 1 second(s)

2021-11-09 07:54:08 - [MESSAGE][PASSED] - Swiped from 360,853 to 360,142

2021-11-09 07:54:11 - [MESSAGE][PASSED] - Delayed 3 second(s)

2021-11-09 07:54:11 - [MESSAGE][PASSED] - startApp.OpenApp.terminateApplication is PASSED

2021-11-09 07:54:11 - [MESSAGE][PASSED] - Call Test Case 'Test Cases/Mobile/Page/Run App/Terminate App' successfully]]></system-out>
         <system-err><![CDATA[]]></system-err>
      </testcase>
      <testcase name="Test Cases/Mobile/Scenario/Transaction/005 - Melihat Transaction berdasarkan kategori History" time="44.966" classname="Test Cases/Mobile/Scenario/Transaction/005 - Melihat Transaction berdasarkan kategori History" status="PASSED">
         <system-out><![CDATA[2021-11-09 07:54:11 - [TEST_CASE][PASSED] - Test Cases/Mobile/Scenario/Transaction/005 - Melihat Transaction berdasarkan kategori History: Test Cases/Mobile/Scenario/Transaction/005 - Melihat Transaction berdasarkan kategori History

2021-11-09 07:54:11 - [TEST_STEP][PASSED] - callTestCase(findTestCase("Mobile/Page/Run App/Run App byID"), [:], STOP_ON_FAILURE): Call Test Case 'Test Cases/Mobile/Page/Run App/Run App byID' successfully

2021-11-09 07:54:12 - [TEST_CASE][PASSED] - Test Cases/Mobile/Page/Run App/Run App byID: Test Cases/Mobile/Page/Run App/Run App byID

2021-11-09 07:54:12 - [TEST_STEP][PASSED] - startApp.OpenApp.startApplication("com.mirae.maxfund"): startApp.OpenApp.startApplication is PASSED

2021-11-09 07:54:23 - [MESSAGE][PASSED] - Starting app with application ID: 'com.mirae.maxfund'

2021-11-09 07:54:23 - [MESSAGE][PASSED] - startApp.OpenApp.startApplication is PASSED

2021-11-09 07:54:23 - [MESSAGE][PASSED] - Call Test Case 'Test Cases/Mobile/Page/Run App/Run App byID' successfully

2021-11-09 07:54:23 - [TEST_STEP][PASSED] - callTestCase(findTestCase("Mobile/Page/Transaction/Transaction"), ["page":"history", "tab":"none", "action":"none"], CONTINUE_ON_FAILURE): Call Test Case 'Test Cases/Mobile/Page/Transaction/Transaction' successfully

2021-11-09 07:54:23 - [TEST_CASE][PASSED] - Test Cases/Mobile/Page/Transaction/Transaction: Test Cases/Mobile/Page/Transaction/Transaction

2021-11-09 07:54:23 - [TEST_STEP][PASSED] - delay(5): Delayed 5 second(s)

2021-11-09 07:54:28 - [MESSAGE][PASSED] - Delayed 5 second(s)

2021-11-09 07:54:28 - [TEST_STEP][PASSED] - loginCheck = verifyElementExist(findTestObject("Object Repository/Mobile/Page/Dashboard/Button - Login"), 2, CONTINUE_ON_FAILURE): Element 'Object Repository/Mobile/Page/Dashboard/Button - Login' is exist

2021-11-09 07:54:29 - [MESSAGE][PASSED] - Element 'Object Repository/Mobile/Page/Dashboard/Button - Login' is exist

2021-11-09 07:54:29 - [TEST_STEP][PASSED] - if (loginCheck): Delayed 3 second(s)

2021-11-09 07:54:29 - [TEST_STEP][PASSED] - tap(findTestObject("Object Repository/Mobile/Page/Dashboard/Button - Login"), 0): Tapped on element 'Object Repository/Mobile/Page/Dashboard/Button - Login'

2021-11-09 07:54:29 - [MESSAGE][WARNING] - Timeout '0' is invalid. Using default page load timeout: '60'

2021-11-09 07:54:29 - [MESSAGE][PASSED] - Tapped on element 'Object Repository/Mobile/Page/Dashboard/Button - Login'

2021-11-09 07:54:29 - [TEST_STEP][PASSED] - tap(findTestObject("Object Repository/Mobile/Page/Login/Input - UserID or Email"), 0): Tapped on element 'Object Repository/Mobile/Page/Login/Input - UserID or Email'

2021-11-09 07:54:29 - [MESSAGE][WARNING] - Timeout '0' is invalid. Using default page load timeout: '60'

2021-11-09 07:54:31 - [MESSAGE][PASSED] - Tapped on element 'Object Repository/Mobile/Page/Login/Input - UserID or Email'

2021-11-09 07:54:31 - [TEST_STEP][PASSED] - setText(findTestObject("Object Repository/Mobile/Page/Login/Input - UserID or Email"), "ady.pangerang@gmail.com", 0): Text 'ady.pangerang@gmail.com' has been set to element 'Object Repository/Mobile/Page/Login/Input - UserID or Email'

2021-11-09 07:54:31 - [MESSAGE][WARNING] - Timeout '0' is invalid. Using default page load timeout: '60'

2021-11-09 07:54:33 - [MESSAGE][PASSED] - Text 'ady.pangerang@gmail.com' has been set to element 'Object Repository/Mobile/Page/Login/Input - UserID or Email'

2021-11-09 07:54:33 - [TEST_STEP][PASSED] - tap(findTestObject("Object Repository/Mobile/Page/Login/Input - Password"), 0): Tapped on element 'Object Repository/Mobile/Page/Login/Input - Password'

2021-11-09 07:54:33 - [MESSAGE][WARNING] - Timeout '0' is invalid. Using default page load timeout: '60'

2021-11-09 07:54:34 - [MESSAGE][PASSED] - Tapped on element 'Object Repository/Mobile/Page/Login/Input - Password'

2021-11-09 07:54:34 - [TEST_STEP][PASSED] - setText(findTestObject("Object Repository/Mobile/Page/Login/Input - Password"), "Mirae1234", 0): Text 'Mirae1234' has been set to element 'Object Repository/Mobile/Page/Login/Input - Password'

2021-11-09 07:54:34 - [MESSAGE][WARNING] - Timeout '0' is invalid. Using default page load timeout: '60'

2021-11-09 07:54:35 - [MESSAGE][PASSED] - Text 'Mirae1234' has been set to element 'Object Repository/Mobile/Page/Login/Input - Password'

2021-11-09 07:54:35 - [TEST_STEP][PASSED] - tap(findTestObject("Object Repository/Mobile/Page/Login/Button - Sign In"), 0): Tapped on element 'Object Repository/Mobile/Page/Login/Button - Sign In'

2021-11-09 07:54:35 - [MESSAGE][WARNING] - Timeout '0' is invalid. Using default page load timeout: '60'

2021-11-09 07:54:36 - [MESSAGE][PASSED] - Tapped on element 'Object Repository/Mobile/Page/Login/Button - Sign In'

2021-11-09 07:54:36 - [TEST_STEP][PASSED] - delay(3): Delayed 3 second(s)

2021-11-09 07:54:39 - [MESSAGE][PASSED] - Delayed 3 second(s)

2021-11-09 07:54:39 - [TEST_STEP][PASSED] - if (page == "cart"): null

2021-11-09 07:54:39 - [TEST_STEP][PASSED] - tap(findTestObject("Object Repository/Mobile/Page/Transaction/Button - Menubar Transaction"), 0): Tapped on element 'Object Repository/Mobile/Page/Transaction/Button - Menubar Transaction'

2021-11-09 07:54:39 - [MESSAGE][WARNING] - Timeout '0' is invalid. Using default page load timeout: '60'

2021-11-09 07:54:43 - [MESSAGE][PASSED] - Tapped on element 'Object Repository/Mobile/Page/Transaction/Button - Menubar Transaction'

2021-11-09 07:54:43 - [TEST_STEP][PASSED] - delay(1): Delayed 1 second(s)

2021-11-09 07:54:44 - [MESSAGE][PASSED] - Delayed 1 second(s)

2021-11-09 07:54:44 - [TEST_STEP][PASSED] - if (page == "onprocess"): null

2021-11-09 07:54:44 - [TEST_STEP][PASSED] - else if (page == "history"): null

2021-11-09 07:54:44 - [TEST_STEP][PASSED] - tap(findTestObject("Object Repository/Mobile/Page/Transaction/Tab - History"), 0): Tapped on element 'Object Repository/Mobile/Page/Transaction/Tab - History'

2021-11-09 07:54:44 - [MESSAGE][WARNING] - Timeout '0' is invalid. Using default page load timeout: '60'

2021-11-09 07:54:46 - [MESSAGE][PASSED] - Tapped on element 'Object Repository/Mobile/Page/Transaction/Tab - History'

2021-11-09 07:54:46 - [TEST_STEP][PASSED] - if (action == "detail"): null

2021-11-09 07:54:46 - [MESSAGE][PASSED] - Call Test Case 'Test Cases/Mobile/Page/Transaction/Transaction' successfully

2021-11-09 07:54:46 - [TEST_STEP][PASSED] - callTestCase(findTestCase("Mobile/Page/Run App/Terminate App"), [:], STOP_ON_FAILURE): Call Test Case 'Test Cases/Mobile/Page/Run App/Terminate App' successfully

2021-11-09 07:54:46 - [TEST_CASE][PASSED] - Test Cases/Mobile/Page/Run App/Terminate App: Test Cases/Mobile/Page/Run App/Terminate App

2021-11-09 07:54:46 - [TEST_STEP][PASSED] - startApp.OpenApp.terminateApplication(): startApp.OpenApp.terminateApplication is PASSED

2021-11-09 07:54:49 - [MESSAGE][PASSED] - Delayed 3 second(s)

2021-11-09 07:54:49 - [MESSAGE][PASSED] - Current device physical width is 720

2021-11-09 07:54:49 - [MESSAGE][PASSED] - Current device physical height is 1423

2021-11-09 07:54:51 - [MESSAGE][PASSED] - Swiped from 360,853 to 360,142

2021-11-09 07:54:52 - [MESSAGE][PASSED] - Delayed 1 second(s)

2021-11-09 07:54:53 - [MESSAGE][PASSED] - Swiped from 360,853 to 360,142

2021-11-09 07:54:56 - [MESSAGE][PASSED] - Delayed 3 second(s)

2021-11-09 07:54:56 - [MESSAGE][PASSED] - startApp.OpenApp.terminateApplication is PASSED

2021-11-09 07:54:56 - [MESSAGE][PASSED] - Call Test Case 'Test Cases/Mobile/Page/Run App/Terminate App' successfully]]></system-out>
         <system-err><![CDATA[]]></system-err>
      </testcase>
      <testcase name="Test Cases/Mobile/Scenario/Transaction/006 - Melihat detail Transaction" time="50.81" classname="Test Cases/Mobile/Scenario/Transaction/006 - Melihat detail Transaction" status="PASSED">
         <system-out><![CDATA[2021-11-09 07:54:56 - [TEST_CASE][PASSED] - Test Cases/Mobile/Scenario/Transaction/006 - Melihat detail Transaction: Test Cases/Mobile/Scenario/Transaction/006 - Melihat detail Transaction

2021-11-09 07:54:56 - [TEST_STEP][PASSED] - callTestCase(findTestCase("Mobile/Page/Run App/Run App byID"), [:], STOP_ON_FAILURE): Call Test Case 'Test Cases/Mobile/Page/Run App/Run App byID' successfully

2021-11-09 07:54:56 - [TEST_CASE][PASSED] - Test Cases/Mobile/Page/Run App/Run App byID: Test Cases/Mobile/Page/Run App/Run App byID

2021-11-09 07:54:56 - [TEST_STEP][PASSED] - startApp.OpenApp.startApplication("com.mirae.maxfund"): startApp.OpenApp.startApplication is PASSED

2021-11-09 07:55:09 - [MESSAGE][PASSED] - Starting app with application ID: 'com.mirae.maxfund'

2021-11-09 07:55:09 - [MESSAGE][PASSED] - startApp.OpenApp.startApplication is PASSED

2021-11-09 07:55:09 - [MESSAGE][PASSED] - Call Test Case 'Test Cases/Mobile/Page/Run App/Run App byID' successfully

2021-11-09 07:55:09 - [TEST_STEP][PASSED] - callTestCase(findTestCase("Mobile/Page/Transaction/Transaction"), ["page":"onprocess", "tab":"none", "action":"detail"], CONTINUE_ON_FAILURE): Call Test Case 'Test Cases/Mobile/Page/Transaction/Transaction' successfully

2021-11-09 07:55:09 - [TEST_CASE][PASSED] - Test Cases/Mobile/Page/Transaction/Transaction: Test Cases/Mobile/Page/Transaction/Transaction

2021-11-09 07:55:09 - [TEST_STEP][PASSED] - delay(5): Delayed 5 second(s)

2021-11-09 07:55:14 - [MESSAGE][PASSED] - Delayed 5 second(s)

2021-11-09 07:55:14 - [TEST_STEP][PASSED] - loginCheck = verifyElementExist(findTestObject("Object Repository/Mobile/Page/Dashboard/Button - Login"), 2, CONTINUE_ON_FAILURE): Element 'Object Repository/Mobile/Page/Dashboard/Button - Login' is exist

2021-11-09 07:55:14 - [MESSAGE][PASSED] - Element 'Object Repository/Mobile/Page/Dashboard/Button - Login' is exist

2021-11-09 07:55:14 - [TEST_STEP][PASSED] - if (loginCheck): Delayed 3 second(s)

2021-11-09 07:55:14 - [TEST_STEP][PASSED] - tap(findTestObject("Object Repository/Mobile/Page/Dashboard/Button - Login"), 0): Tapped on element 'Object Repository/Mobile/Page/Dashboard/Button - Login'

2021-11-09 07:55:14 - [MESSAGE][WARNING] - Timeout '0' is invalid. Using default page load timeout: '60'

2021-11-09 07:55:14 - [MESSAGE][PASSED] - Tapped on element 'Object Repository/Mobile/Page/Dashboard/Button - Login'

2021-11-09 07:55:14 - [TEST_STEP][PASSED] - tap(findTestObject("Object Repository/Mobile/Page/Login/Input - UserID or Email"), 0): Tapped on element 'Object Repository/Mobile/Page/Login/Input - UserID or Email'

2021-11-09 07:55:14 - [MESSAGE][WARNING] - Timeout '0' is invalid. Using default page load timeout: '60'

2021-11-09 07:55:16 - [MESSAGE][PASSED] - Tapped on element 'Object Repository/Mobile/Page/Login/Input - UserID or Email'

2021-11-09 07:55:16 - [TEST_STEP][PASSED] - setText(findTestObject("Object Repository/Mobile/Page/Login/Input - UserID or Email"), "ady.pangerang@gmail.com", 0): Text 'ady.pangerang@gmail.com' has been set to element 'Object Repository/Mobile/Page/Login/Input - UserID or Email'

2021-11-09 07:55:16 - [MESSAGE][WARNING] - Timeout '0' is invalid. Using default page load timeout: '60'

2021-11-09 07:55:17 - [MESSAGE][PASSED] - Text 'ady.pangerang@gmail.com' has been set to element 'Object Repository/Mobile/Page/Login/Input - UserID or Email'

2021-11-09 07:55:17 - [TEST_STEP][PASSED] - tap(findTestObject("Object Repository/Mobile/Page/Login/Input - Password"), 0): Tapped on element 'Object Repository/Mobile/Page/Login/Input - Password'

2021-11-09 07:55:17 - [MESSAGE][WARNING] - Timeout '0' is invalid. Using default page load timeout: '60'

2021-11-09 07:55:18 - [MESSAGE][PASSED] - Tapped on element 'Object Repository/Mobile/Page/Login/Input - Password'

2021-11-09 07:55:18 - [TEST_STEP][PASSED] - setText(findTestObject("Object Repository/Mobile/Page/Login/Input - Password"), "Mirae1234", 0): Text 'Mirae1234' has been set to element 'Object Repository/Mobile/Page/Login/Input - Password'

2021-11-09 07:55:18 - [MESSAGE][WARNING] - Timeout '0' is invalid. Using default page load timeout: '60'

2021-11-09 07:55:19 - [MESSAGE][PASSED] - Text 'Mirae1234' has been set to element 'Object Repository/Mobile/Page/Login/Input - Password'

2021-11-09 07:55:19 - [TEST_STEP][PASSED] - tap(findTestObject("Object Repository/Mobile/Page/Login/Button - Sign In"), 0): Tapped on element 'Object Repository/Mobile/Page/Login/Button - Sign In'

2021-11-09 07:55:19 - [MESSAGE][WARNING] - Timeout '0' is invalid. Using default page load timeout: '60'

2021-11-09 07:55:20 - [MESSAGE][PASSED] - Tapped on element 'Object Repository/Mobile/Page/Login/Button - Sign In'

2021-11-09 07:55:20 - [TEST_STEP][PASSED] - delay(3): Delayed 3 second(s)

2021-11-09 07:55:23 - [MESSAGE][PASSED] - Delayed 3 second(s)

2021-11-09 07:55:23 - [TEST_STEP][PASSED] - if (page == "cart"): null

2021-11-09 07:55:23 - [TEST_STEP][PASSED] - tap(findTestObject("Object Repository/Mobile/Page/Transaction/Button - Menubar Transaction"), 0): Tapped on element 'Object Repository/Mobile/Page/Transaction/Button - Menubar Transaction'

2021-11-09 07:55:23 - [MESSAGE][WARNING] - Timeout '0' is invalid. Using default page load timeout: '60'

2021-11-09 07:55:25 - [MESSAGE][PASSED] - Tapped on element 'Object Repository/Mobile/Page/Transaction/Button - Menubar Transaction'

2021-11-09 07:55:25 - [TEST_STEP][PASSED] - delay(1): Delayed 1 second(s)

2021-11-09 07:55:26 - [MESSAGE][PASSED] - Delayed 1 second(s)

2021-11-09 07:55:26 - [TEST_STEP][PASSED] - if (page == "onprocess"): Delayed 1 second(s)

2021-11-09 07:55:26 - [TEST_STEP][PASSED] - if (tab == "subscription"): null

2021-11-09 07:55:26 - [TEST_STEP][PASSED] - if (action == "detail"): Delayed 1 second(s)

2021-11-09 07:55:26 - [TEST_STEP][PASSED] - delay(4): Delayed 4 second(s)

2021-11-09 07:55:30 - [MESSAGE][PASSED] - Delayed 4 second(s)

2021-11-09 07:55:30 - [TEST_STEP][PASSED] - if (tab == "subscription"): null

2021-11-09 07:55:30 - [TEST_STEP][PASSED] - else if (tab == "redemption"): null

2021-11-09 07:55:30 - [TEST_STEP][PASSED] - else if (tab == "switching"): null

2021-11-09 07:55:30 - [TEST_STEP][PASSED] - else: Tapped and held on element 'Object Repository/Mobile/Page/Transaction/On Process/Top Item - All' with duration 1

2021-11-09 07:55:30 - [TEST_STEP][PASSED] - tapAndHold(findTestObject("Mobile/Page/Transaction/On Process/Top Item - All"), 1, 0): Tapped and held on element 'Object Repository/Mobile/Page/Transaction/On Process/Top Item - All' with duration 1

2021-11-09 07:55:30 - [MESSAGE][WARNING] - Timeout '0' is invalid. Using default page load timeout: '60'

2021-11-09 07:55:33 - [MESSAGE][PASSED] - Tapped and held on element 'Object Repository/Mobile/Page/Transaction/On Process/Top Item - All' with duration 1

2021-11-09 07:55:33 - [TEST_STEP][PASSED] - delay(1): Delayed 1 second(s)

2021-11-09 07:55:34 - [MESSAGE][PASSED] - Delayed 1 second(s)

2021-11-09 07:55:34 - [TEST_STEP][PASSED] - width = getDeviceWidth(): Current device physical width is 720

2021-11-09 07:55:34 - [MESSAGE][PASSED] - Current device physical width is 720

2021-11-09 07:55:34 - [TEST_STEP][PASSED] - height = getDeviceHeight(): Current device physical height is 1423

2021-11-09 07:55:35 - [MESSAGE][PASSED] - Current device physical height is 1423

2021-11-09 07:55:35 - [TEST_STEP][PASSED] - startX = width / 2: null

2021-11-09 07:55:35 - [TEST_STEP][PASSED] - startY = height * 0.6: null

2021-11-09 07:55:35 - [TEST_STEP][PASSED] - endX = width / 2: null

2021-11-09 07:55:35 - [TEST_STEP][PASSED] - endY = height * 0.1: null

2021-11-09 07:55:35 - [TEST_STEP][PASSED] - swipe(startX, startY, endX, endY): Swiped from 360,853 to 360,142

2021-11-09 07:55:36 - [MESSAGE][PASSED] - Swiped from 360,853 to 360,142

2021-11-09 07:55:36 - [TEST_STEP][PASSED] - delay(1): Delayed 1 second(s)

2021-11-09 07:55:37 - [MESSAGE][PASSED] - Delayed 1 second(s)

2021-11-09 07:55:37 - [MESSAGE][PASSED] - Call Test Case 'Test Cases/Mobile/Page/Transaction/Transaction' successfully

2021-11-09 07:55:37 - [TEST_STEP][PASSED] - callTestCase(findTestCase("Mobile/Page/Run App/Terminate App"), [:], STOP_ON_FAILURE): Call Test Case 'Test Cases/Mobile/Page/Run App/Terminate App' successfully

2021-11-09 07:55:37 - [TEST_CASE][PASSED] - Test Cases/Mobile/Page/Run App/Terminate App: Test Cases/Mobile/Page/Run App/Terminate App

2021-11-09 07:55:37 - [TEST_STEP][PASSED] - startApp.OpenApp.terminateApplication(): startApp.OpenApp.terminateApplication is PASSED

2021-11-09 07:55:40 - [MESSAGE][PASSED] - Delayed 3 second(s)

2021-11-09 07:55:40 - [MESSAGE][PASSED] - Current device physical width is 720

2021-11-09 07:55:40 - [MESSAGE][PASSED] - Current device physical height is 1423

2021-11-09 07:55:42 - [MESSAGE][PASSED] - Swiped from 360,853 to 360,142

2021-11-09 07:55:43 - [MESSAGE][PASSED] - Delayed 1 second(s)

2021-11-09 07:55:44 - [MESSAGE][PASSED] - Swiped from 360,853 to 360,142

2021-11-09 07:55:47 - [MESSAGE][PASSED] - Delayed 3 second(s)

2021-11-09 07:55:47 - [MESSAGE][PASSED] - startApp.OpenApp.terminateApplication is PASSED

2021-11-09 07:55:47 - [MESSAGE][PASSED] - Call Test Case 'Test Cases/Mobile/Page/Run App/Terminate App' successfully]]></system-out>
         <system-err><![CDATA[]]></system-err>
      </testcase>
      <testcase name="Test Cases/Mobile/Scenario/Transaction/007 - Melihat detail Transaction berdasarkan ketegori On Process dan Subcription" time="53.461" classname="Test Cases/Mobile/Scenario/Transaction/007 - Melihat detail Transaction berdasarkan ketegori On Process dan Subcription" status="PASSED">
         <system-out><![CDATA[2021-11-09 07:55:47 - [TEST_CASE][PASSED] - Test Cases/Mobile/Scenario/Transaction/007 - Melihat detail Transaction berdasarkan ketegori On Process dan Subcription: Test Cases/Mobile/Scenario/Transaction/007 - Melihat detail Transaction berdasarkan ketegori On Process dan Subcription

2021-11-09 07:55:47 - [TEST_STEP][PASSED] - callTestCase(findTestCase("Mobile/Page/Run App/Run App byID"), [:], STOP_ON_FAILURE): Call Test Case 'Test Cases/Mobile/Page/Run App/Run App byID' successfully

2021-11-09 07:55:47 - [TEST_CASE][PASSED] - Test Cases/Mobile/Page/Run App/Run App byID: Test Cases/Mobile/Page/Run App/Run App byID

2021-11-09 07:55:47 - [TEST_STEP][PASSED] - startApp.OpenApp.startApplication("com.mirae.maxfund"): startApp.OpenApp.startApplication is PASSED

2021-11-09 07:55:59 - [MESSAGE][PASSED] - Starting app with application ID: 'com.mirae.maxfund'

2021-11-09 07:55:59 - [MESSAGE][PASSED] - startApp.OpenApp.startApplication is PASSED

2021-11-09 07:55:59 - [MESSAGE][PASSED] - Call Test Case 'Test Cases/Mobile/Page/Run App/Run App byID' successfully

2021-11-09 07:55:59 - [TEST_STEP][PASSED] - callTestCase(findTestCase("Mobile/Page/Transaction/Transaction"), ["page":"onprocess", "tab":"subscription", "action":"detail"], CONTINUE_ON_FAILURE): Call Test Case 'Test Cases/Mobile/Page/Transaction/Transaction' successfully

2021-11-09 07:55:59 - [TEST_CASE][PASSED] - Test Cases/Mobile/Page/Transaction/Transaction: Test Cases/Mobile/Page/Transaction/Transaction

2021-11-09 07:55:59 - [TEST_STEP][PASSED] - delay(5): Delayed 5 second(s)

2021-11-09 07:56:04 - [MESSAGE][PASSED] - Delayed 5 second(s)

2021-11-09 07:56:04 - [TEST_STEP][PASSED] - loginCheck = verifyElementExist(findTestObject("Object Repository/Mobile/Page/Dashboard/Button - Login"), 2, CONTINUE_ON_FAILURE): Element 'Object Repository/Mobile/Page/Dashboard/Button - Login' is exist

2021-11-09 07:56:04 - [MESSAGE][PASSED] - Element 'Object Repository/Mobile/Page/Dashboard/Button - Login' is exist

2021-11-09 07:56:04 - [TEST_STEP][PASSED] - if (loginCheck): Delayed 3 second(s)

2021-11-09 07:56:04 - [TEST_STEP][PASSED] - tap(findTestObject("Object Repository/Mobile/Page/Dashboard/Button - Login"), 0): Tapped on element 'Object Repository/Mobile/Page/Dashboard/Button - Login'

2021-11-09 07:56:04 - [MESSAGE][WARNING] - Timeout '0' is invalid. Using default page load timeout: '60'

2021-11-09 07:56:05 - [MESSAGE][PASSED] - Tapped on element 'Object Repository/Mobile/Page/Dashboard/Button - Login'

2021-11-09 07:56:05 - [TEST_STEP][PASSED] - tap(findTestObject("Object Repository/Mobile/Page/Login/Input - UserID or Email"), 0): Tapped on element 'Object Repository/Mobile/Page/Login/Input - UserID or Email'

2021-11-09 07:56:05 - [MESSAGE][WARNING] - Timeout '0' is invalid. Using default page load timeout: '60'

2021-11-09 07:56:06 - [MESSAGE][PASSED] - Tapped on element 'Object Repository/Mobile/Page/Login/Input - UserID or Email'

2021-11-09 07:56:06 - [TEST_STEP][PASSED] - setText(findTestObject("Object Repository/Mobile/Page/Login/Input - UserID or Email"), "ady.pangerang@gmail.com", 0): Text 'ady.pangerang@gmail.com' has been set to element 'Object Repository/Mobile/Page/Login/Input - UserID or Email'

2021-11-09 07:56:06 - [MESSAGE][WARNING] - Timeout '0' is invalid. Using default page load timeout: '60'

2021-11-09 07:56:08 - [MESSAGE][PASSED] - Text 'ady.pangerang@gmail.com' has been set to element 'Object Repository/Mobile/Page/Login/Input - UserID or Email'

2021-11-09 07:56:08 - [TEST_STEP][PASSED] - tap(findTestObject("Object Repository/Mobile/Page/Login/Input - Password"), 0): Tapped on element 'Object Repository/Mobile/Page/Login/Input - Password'

2021-11-09 07:56:08 - [MESSAGE][WARNING] - Timeout '0' is invalid. Using default page load timeout: '60'

2021-11-09 07:56:09 - [MESSAGE][PASSED] - Tapped on element 'Object Repository/Mobile/Page/Login/Input - Password'

2021-11-09 07:56:09 - [TEST_STEP][PASSED] - setText(findTestObject("Object Repository/Mobile/Page/Login/Input - Password"), "Mirae1234", 0): Text 'Mirae1234' has been set to element 'Object Repository/Mobile/Page/Login/Input - Password'

2021-11-09 07:56:09 - [MESSAGE][WARNING] - Timeout '0' is invalid. Using default page load timeout: '60'

2021-11-09 07:56:10 - [MESSAGE][PASSED] - Text 'Mirae1234' has been set to element 'Object Repository/Mobile/Page/Login/Input - Password'

2021-11-09 07:56:10 - [TEST_STEP][PASSED] - tap(findTestObject("Object Repository/Mobile/Page/Login/Button - Sign In"), 0): Tapped on element 'Object Repository/Mobile/Page/Login/Button - Sign In'

2021-11-09 07:56:10 - [MESSAGE][WARNING] - Timeout '0' is invalid. Using default page load timeout: '60'

2021-11-09 07:56:13 - [MESSAGE][PASSED] - Tapped on element 'Object Repository/Mobile/Page/Login/Button - Sign In'

2021-11-09 07:56:13 - [TEST_STEP][PASSED] - delay(3): Delayed 3 second(s)

2021-11-09 07:56:16 - [MESSAGE][PASSED] - Delayed 3 second(s)

2021-11-09 07:56:16 - [TEST_STEP][PASSED] - if (page == "cart"): null

2021-11-09 07:56:16 - [TEST_STEP][PASSED] - tap(findTestObject("Object Repository/Mobile/Page/Transaction/Button - Menubar Transaction"), 0): Tapped on element 'Object Repository/Mobile/Page/Transaction/Button - Menubar Transaction'

2021-11-09 07:56:16 - [MESSAGE][WARNING] - Timeout '0' is invalid. Using default page load timeout: '60'

2021-11-09 07:56:17 - [MESSAGE][PASSED] - Tapped on element 'Object Repository/Mobile/Page/Transaction/Button - Menubar Transaction'

2021-11-09 07:56:17 - [TEST_STEP][PASSED] - delay(1): Delayed 1 second(s)

2021-11-09 07:56:18 - [MESSAGE][PASSED] - Delayed 1 second(s)

2021-11-09 07:56:18 - [TEST_STEP][PASSED] - if (page == "onprocess"): Delayed 1 second(s)

2021-11-09 07:56:18 - [TEST_STEP][PASSED] - if (tab == "subscription"): Tapped on element 'Object Repository/Mobile/Page/Transaction/On Process/Tab - Subscription'

2021-11-09 07:56:18 - [TEST_STEP][PASSED] - tap(findTestObject("Object Repository/Mobile/Page/Transaction/On Process/Tab - Subscription"), 0): Tapped on element 'Object Repository/Mobile/Page/Transaction/On Process/Tab - Subscription'

2021-11-09 07:56:18 - [MESSAGE][WARNING] - Timeout '0' is invalid. Using default page load timeout: '60'

2021-11-09 07:56:20 - [MESSAGE][PASSED] - Tapped on element 'Object Repository/Mobile/Page/Transaction/On Process/Tab - Subscription'

2021-11-09 07:56:20 - [TEST_STEP][PASSED] - if (action == "detail"): Delayed 1 second(s)

2021-11-09 07:56:20 - [TEST_STEP][PASSED] - delay(4): Delayed 4 second(s)

2021-11-09 07:56:24 - [MESSAGE][PASSED] - Delayed 4 second(s)

2021-11-09 07:56:24 - [TEST_STEP][PASSED] - if (tab == "subscription"): Tapped and held on element 'Object Repository/Mobile/Page/Transaction/On Process/Top Item - Subscription' with duration 1

2021-11-09 07:56:24 - [TEST_STEP][PASSED] - tapAndHold(findTestObject("Mobile/Page/Transaction/On Process/Top Item - Subscription"), 1, 0): Tapped and held on element 'Object Repository/Mobile/Page/Transaction/On Process/Top Item - Subscription' with duration 1

2021-11-09 07:56:24 - [MESSAGE][WARNING] - Timeout '0' is invalid. Using default page load timeout: '60'

2021-11-09 07:56:26 - [MESSAGE][PASSED] - Tapped and held on element 'Object Repository/Mobile/Page/Transaction/On Process/Top Item - Subscription' with duration 1

2021-11-09 07:56:26 - [TEST_STEP][PASSED] - delay(1): Delayed 1 second(s)

2021-11-09 07:56:27 - [MESSAGE][PASSED] - Delayed 1 second(s)

2021-11-09 07:56:27 - [TEST_STEP][PASSED] - width = getDeviceWidth(): Current device physical width is 720

2021-11-09 07:56:28 - [MESSAGE][PASSED] - Current device physical width is 720

2021-11-09 07:56:28 - [TEST_STEP][PASSED] - height = getDeviceHeight(): Current device physical height is 1423

2021-11-09 07:56:28 - [MESSAGE][PASSED] - Current device physical height is 1423

2021-11-09 07:56:28 - [TEST_STEP][PASSED] - startX = width / 2: null

2021-11-09 07:56:28 - [TEST_STEP][PASSED] - startY = height * 0.6: null

2021-11-09 07:56:28 - [TEST_STEP][PASSED] - endX = width / 2: null

2021-11-09 07:56:28 - [TEST_STEP][PASSED] - endY = height * 0.1: null

2021-11-09 07:56:28 - [TEST_STEP][PASSED] - swipe(startX, startY, endX, endY): Swiped from 360,853 to 360,142

2021-11-09 07:56:29 - [MESSAGE][PASSED] - Swiped from 360,853 to 360,142

2021-11-09 07:56:29 - [TEST_STEP][PASSED] - delay(1): Delayed 1 second(s)

2021-11-09 07:56:30 - [MESSAGE][PASSED] - Delayed 1 second(s)

2021-11-09 07:56:30 - [MESSAGE][PASSED] - Call Test Case 'Test Cases/Mobile/Page/Transaction/Transaction' successfully

2021-11-09 07:56:30 - [TEST_STEP][PASSED] - callTestCase(findTestCase("Mobile/Page/Run App/Terminate App"), [:], STOP_ON_FAILURE): Call Test Case 'Test Cases/Mobile/Page/Run App/Terminate App' successfully

2021-11-09 07:56:30 - [TEST_CASE][PASSED] - Test Cases/Mobile/Page/Run App/Terminate App: Test Cases/Mobile/Page/Run App/Terminate App

2021-11-09 07:56:30 - [TEST_STEP][PASSED] - startApp.OpenApp.terminateApplication(): startApp.OpenApp.terminateApplication is PASSED

2021-11-09 07:56:33 - [MESSAGE][PASSED] - Delayed 3 second(s)

2021-11-09 07:56:33 - [MESSAGE][PASSED] - Current device physical width is 720

2021-11-09 07:56:34 - [MESSAGE][PASSED] - Current device physical height is 1423

2021-11-09 07:56:35 - [MESSAGE][PASSED] - Swiped from 360,853 to 360,142

2021-11-09 07:56:36 - [MESSAGE][PASSED] - Delayed 1 second(s)

2021-11-09 07:56:37 - [MESSAGE][PASSED] - Swiped from 360,853 to 360,142

2021-11-09 07:56:40 - [MESSAGE][PASSED] - Delayed 3 second(s)

2021-11-09 07:56:40 - [MESSAGE][PASSED] - startApp.OpenApp.terminateApplication is PASSED

2021-11-09 07:56:40 - [MESSAGE][PASSED] - Call Test Case 'Test Cases/Mobile/Page/Run App/Terminate App' successfully]]></system-out>
         <system-err><![CDATA[]]></system-err>
      </testcase>
      <testcase name="Test Cases/Mobile/Scenario/Transaction/008 - Melihat detail Transaction berdasarkan ketegori On Process dan Redemption" time="53.272" classname="Test Cases/Mobile/Scenario/Transaction/008 - Melihat detail Transaction berdasarkan ketegori On Process dan Redemption" status="PASSED">
         <system-out><![CDATA[2021-11-09 07:56:40 - [TEST_CASE][PASSED] - Test Cases/Mobile/Scenario/Transaction/008 - Melihat detail Transaction berdasarkan ketegori On Process dan Redemption: Test Cases/Mobile/Scenario/Transaction/008 - Melihat detail Transaction berdasarkan ketegori On Process dan Redemption

2021-11-09 07:56:41 - [TEST_STEP][PASSED] - callTestCase(findTestCase("Mobile/Page/Run App/Run App byID"), [:], STOP_ON_FAILURE): Call Test Case 'Test Cases/Mobile/Page/Run App/Run App byID' successfully

2021-11-09 07:56:41 - [TEST_CASE][PASSED] - Test Cases/Mobile/Page/Run App/Run App byID: Test Cases/Mobile/Page/Run App/Run App byID

2021-11-09 07:56:41 - [TEST_STEP][PASSED] - startApp.OpenApp.startApplication("com.mirae.maxfund"): startApp.OpenApp.startApplication is PASSED

2021-11-09 07:56:52 - [MESSAGE][PASSED] - Starting app with application ID: 'com.mirae.maxfund'

2021-11-09 07:56:52 - [MESSAGE][PASSED] - startApp.OpenApp.startApplication is PASSED

2021-11-09 07:56:52 - [MESSAGE][PASSED] - Call Test Case 'Test Cases/Mobile/Page/Run App/Run App byID' successfully

2021-11-09 07:56:52 - [TEST_STEP][PASSED] - callTestCase(findTestCase("Mobile/Page/Transaction/Transaction"), ["page":"onprocess", "tab":"redemption", "action":"detail"], CONTINUE_ON_FAILURE): Call Test Case 'Test Cases/Mobile/Page/Transaction/Transaction' successfully

2021-11-09 07:56:52 - [TEST_CASE][PASSED] - Test Cases/Mobile/Page/Transaction/Transaction: Test Cases/Mobile/Page/Transaction/Transaction

2021-11-09 07:56:52 - [TEST_STEP][PASSED] - delay(5): Delayed 5 second(s)

2021-11-09 07:56:57 - [MESSAGE][PASSED] - Delayed 5 second(s)

2021-11-09 07:56:57 - [TEST_STEP][PASSED] - loginCheck = verifyElementExist(findTestObject("Object Repository/Mobile/Page/Dashboard/Button - Login"), 2, CONTINUE_ON_FAILURE): Element 'Object Repository/Mobile/Page/Dashboard/Button - Login' is exist

2021-11-09 07:56:58 - [MESSAGE][PASSED] - Element 'Object Repository/Mobile/Page/Dashboard/Button - Login' is exist

2021-11-09 07:56:58 - [TEST_STEP][PASSED] - if (loginCheck): Delayed 3 second(s)

2021-11-09 07:56:58 - [TEST_STEP][PASSED] - tap(findTestObject("Object Repository/Mobile/Page/Dashboard/Button - Login"), 0): Tapped on element 'Object Repository/Mobile/Page/Dashboard/Button - Login'

2021-11-09 07:56:58 - [MESSAGE][WARNING] - Timeout '0' is invalid. Using default page load timeout: '60'

2021-11-09 07:56:59 - [MESSAGE][PASSED] - Tapped on element 'Object Repository/Mobile/Page/Dashboard/Button - Login'

2021-11-09 07:56:59 - [TEST_STEP][PASSED] - tap(findTestObject("Object Repository/Mobile/Page/Login/Input - UserID or Email"), 0): Tapped on element 'Object Repository/Mobile/Page/Login/Input - UserID or Email'

2021-11-09 07:56:59 - [MESSAGE][WARNING] - Timeout '0' is invalid. Using default page load timeout: '60'

2021-11-09 07:57:00 - [MESSAGE][PASSED] - Tapped on element 'Object Repository/Mobile/Page/Login/Input - UserID or Email'

2021-11-09 07:57:00 - [TEST_STEP][PASSED] - setText(findTestObject("Object Repository/Mobile/Page/Login/Input - UserID or Email"), "ady.pangerang@gmail.com", 0): Text 'ady.pangerang@gmail.com' has been set to element 'Object Repository/Mobile/Page/Login/Input - UserID or Email'

2021-11-09 07:57:00 - [MESSAGE][WARNING] - Timeout '0' is invalid. Using default page load timeout: '60'

2021-11-09 07:57:02 - [MESSAGE][PASSED] - Text 'ady.pangerang@gmail.com' has been set to element 'Object Repository/Mobile/Page/Login/Input - UserID or Email'

2021-11-09 07:57:02 - [TEST_STEP][PASSED] - tap(findTestObject("Object Repository/Mobile/Page/Login/Input - Password"), 0): Tapped on element 'Object Repository/Mobile/Page/Login/Input - Password'

2021-11-09 07:57:02 - [MESSAGE][WARNING] - Timeout '0' is invalid. Using default page load timeout: '60'

2021-11-09 07:57:03 - [MESSAGE][PASSED] - Tapped on element 'Object Repository/Mobile/Page/Login/Input - Password'

2021-11-09 07:57:03 - [TEST_STEP][PASSED] - setText(findTestObject("Object Repository/Mobile/Page/Login/Input - Password"), "Mirae1234", 0): Text 'Mirae1234' has been set to element 'Object Repository/Mobile/Page/Login/Input - Password'

2021-11-09 07:57:03 - [MESSAGE][WARNING] - Timeout '0' is invalid. Using default page load timeout: '60'

2021-11-09 07:57:04 - [MESSAGE][PASSED] - Text 'Mirae1234' has been set to element 'Object Repository/Mobile/Page/Login/Input - Password'

2021-11-09 07:57:04 - [TEST_STEP][PASSED] - tap(findTestObject("Object Repository/Mobile/Page/Login/Button - Sign In"), 0): Tapped on element 'Object Repository/Mobile/Page/Login/Button - Sign In'

2021-11-09 07:57:04 - [MESSAGE][WARNING] - Timeout '0' is invalid. Using default page load timeout: '60'

2021-11-09 07:57:05 - [MESSAGE][PASSED] - Tapped on element 'Object Repository/Mobile/Page/Login/Button - Sign In'

2021-11-09 07:57:05 - [TEST_STEP][PASSED] - delay(3): Delayed 3 second(s)

2021-11-09 07:57:08 - [MESSAGE][PASSED] - Delayed 3 second(s)

2021-11-09 07:57:08 - [TEST_STEP][PASSED] - if (page == "cart"): null

2021-11-09 07:57:08 - [TEST_STEP][PASSED] - tap(findTestObject("Object Repository/Mobile/Page/Transaction/Button - Menubar Transaction"), 0): Tapped on element 'Object Repository/Mobile/Page/Transaction/Button - Menubar Transaction'

2021-11-09 07:57:08 - [MESSAGE][WARNING] - Timeout '0' is invalid. Using default page load timeout: '60'

2021-11-09 07:57:10 - [MESSAGE][PASSED] - Tapped on element 'Object Repository/Mobile/Page/Transaction/Button - Menubar Transaction'

2021-11-09 07:57:10 - [TEST_STEP][PASSED] - delay(1): Delayed 1 second(s)

2021-11-09 07:57:11 - [MESSAGE][PASSED] - Delayed 1 second(s)

2021-11-09 07:57:11 - [TEST_STEP][PASSED] - if (page == "onprocess"): Delayed 1 second(s)

2021-11-09 07:57:11 - [TEST_STEP][PASSED] - if (tab == "subscription"): null

2021-11-09 07:57:11 - [TEST_STEP][PASSED] - else if (tab == "redemption"): Tapped on element 'Object Repository/Mobile/Page/Transaction/On Process/Tab - Redemption'

2021-11-09 07:57:11 - [TEST_STEP][PASSED] - tap(findTestObject("Object Repository/Mobile/Page/Transaction/On Process/Tab - Redemption"), 0): Tapped on element 'Object Repository/Mobile/Page/Transaction/On Process/Tab - Redemption'

2021-11-09 07:57:11 - [MESSAGE][WARNING] - Timeout '0' is invalid. Using default page load timeout: '60'

2021-11-09 07:57:13 - [MESSAGE][PASSED] - Tapped on element 'Object Repository/Mobile/Page/Transaction/On Process/Tab - Redemption'

2021-11-09 07:57:13 - [TEST_STEP][PASSED] - if (action == "detail"): Delayed 1 second(s)

2021-11-09 07:57:13 - [TEST_STEP][PASSED] - delay(4): Delayed 4 second(s)

2021-11-09 07:57:17 - [MESSAGE][PASSED] - Delayed 4 second(s)

2021-11-09 07:57:17 - [TEST_STEP][PASSED] - if (tab == "subscription"): null

2021-11-09 07:57:17 - [TEST_STEP][PASSED] - else if (tab == "redemption"): Tapped and held on element 'Object Repository/Mobile/Page/Transaction/On Process/Top Item - Redemption' with duration 1

2021-11-09 07:57:17 - [TEST_STEP][PASSED] - tapAndHold(findTestObject("Mobile/Page/Transaction/On Process/Top Item - Redemption"), 1, 0): Tapped and held on element 'Object Repository/Mobile/Page/Transaction/On Process/Top Item - Redemption' with duration 1

2021-11-09 07:57:17 - [MESSAGE][WARNING] - Timeout '0' is invalid. Using default page load timeout: '60'

2021-11-09 07:57:20 - [MESSAGE][PASSED] - Tapped and held on element 'Object Repository/Mobile/Page/Transaction/On Process/Top Item - Redemption' with duration 1

2021-11-09 07:57:20 - [TEST_STEP][PASSED] - delay(1): Delayed 1 second(s)

2021-11-09 07:57:21 - [MESSAGE][PASSED] - Delayed 1 second(s)

2021-11-09 07:57:21 - [TEST_STEP][PASSED] - width = getDeviceWidth(): Current device physical width is 720

2021-11-09 07:57:21 - [MESSAGE][PASSED] - Current device physical width is 720

2021-11-09 07:57:21 - [TEST_STEP][PASSED] - height = getDeviceHeight(): Current device physical height is 1423

2021-11-09 07:57:21 - [MESSAGE][PASSED] - Current device physical height is 1423

2021-11-09 07:57:21 - [TEST_STEP][PASSED] - startX = width / 2: null

2021-11-09 07:57:21 - [TEST_STEP][PASSED] - startY = height * 0.6: null

2021-11-09 07:57:21 - [TEST_STEP][PASSED] - endX = width / 2: null

2021-11-09 07:57:21 - [TEST_STEP][PASSED] - endY = height * 0.1: null

2021-11-09 07:57:21 - [TEST_STEP][PASSED] - swipe(startX, startY, endX, endY): Swiped from 360,853 to 360,142

2021-11-09 07:57:22 - [MESSAGE][PASSED] - Swiped from 360,853 to 360,142

2021-11-09 07:57:22 - [TEST_STEP][PASSED] - delay(1): Delayed 1 second(s)

2021-11-09 07:57:23 - [MESSAGE][PASSED] - Delayed 1 second(s)

2021-11-09 07:57:23 - [MESSAGE][PASSED] - Call Test Case 'Test Cases/Mobile/Page/Transaction/Transaction' successfully

2021-11-09 07:57:23 - [TEST_STEP][PASSED] - callTestCase(findTestCase("Mobile/Page/Run App/Terminate App"), [:], STOP_ON_FAILURE): Call Test Case 'Test Cases/Mobile/Page/Run App/Terminate App' successfully

2021-11-09 07:57:24 - [TEST_CASE][PASSED] - Test Cases/Mobile/Page/Run App/Terminate App: Test Cases/Mobile/Page/Run App/Terminate App

2021-11-09 07:57:24 - [TEST_STEP][PASSED] - startApp.OpenApp.terminateApplication(): startApp.OpenApp.terminateApplication is PASSED

2021-11-09 07:57:27 - [MESSAGE][PASSED] - Delayed 3 second(s)

2021-11-09 07:57:27 - [MESSAGE][PASSED] - Current device physical width is 720

2021-11-09 07:57:27 - [MESSAGE][PASSED] - Current device physical height is 1423

2021-11-09 07:57:28 - [MESSAGE][PASSED] - Swiped from 360,853 to 360,142

2021-11-09 07:57:29 - [MESSAGE][PASSED] - Delayed 1 second(s)

2021-11-09 07:57:31 - [MESSAGE][PASSED] - Swiped from 360,853 to 360,142

2021-11-09 07:57:34 - [MESSAGE][PASSED] - Delayed 3 second(s)

2021-11-09 07:57:34 - [MESSAGE][PASSED] - startApp.OpenApp.terminateApplication is PASSED

2021-11-09 07:57:34 - [MESSAGE][PASSED] - Call Test Case 'Test Cases/Mobile/Page/Run App/Terminate App' successfully]]></system-out>
         <system-err><![CDATA[]]></system-err>
      </testcase>
      <testcase name="Test Cases/Mobile/Scenario/Transaction/009 - Melihat detail Transaction berdasarkan ketegori On Process dan Switching" time="53.916" classname="Test Cases/Mobile/Scenario/Transaction/009 - Melihat detail Transaction berdasarkan ketegori On Process dan Switching" status="PASSED">
         <system-out><![CDATA[2021-11-09 07:57:34 - [TEST_CASE][PASSED] - Test Cases/Mobile/Scenario/Transaction/009 - Melihat detail Transaction berdasarkan ketegori On Process dan Switching: Test Cases/Mobile/Scenario/Transaction/009 - Melihat detail Transaction berdasarkan ketegori On Process dan Switching

2021-11-09 07:57:34 - [TEST_STEP][PASSED] - callTestCase(findTestCase("Mobile/Page/Run App/Run App byID"), [:], STOP_ON_FAILURE): Call Test Case 'Test Cases/Mobile/Page/Run App/Run App byID' successfully

2021-11-09 07:57:34 - [TEST_CASE][PASSED] - Test Cases/Mobile/Page/Run App/Run App byID: Test Cases/Mobile/Page/Run App/Run App byID

2021-11-09 07:57:34 - [TEST_STEP][PASSED] - startApp.OpenApp.startApplication("com.mirae.maxfund"): startApp.OpenApp.startApplication is PASSED

2021-11-09 07:57:46 - [MESSAGE][PASSED] - Starting app with application ID: 'com.mirae.maxfund'

2021-11-09 07:57:46 - [MESSAGE][PASSED] - startApp.OpenApp.startApplication is PASSED

2021-11-09 07:57:46 - [MESSAGE][PASSED] - Call Test Case 'Test Cases/Mobile/Page/Run App/Run App byID' successfully

2021-11-09 07:57:46 - [TEST_STEP][PASSED] - callTestCase(findTestCase("Mobile/Page/Transaction/Transaction"), ["page":"onprocess", "tab":"switching", "action":"detail"], CONTINUE_ON_FAILURE): Call Test Case 'Test Cases/Mobile/Page/Transaction/Transaction' successfully

2021-11-09 07:57:46 - [TEST_CASE][PASSED] - Test Cases/Mobile/Page/Transaction/Transaction: Test Cases/Mobile/Page/Transaction/Transaction

2021-11-09 07:57:46 - [TEST_STEP][PASSED] - delay(5): Delayed 5 second(s)

2021-11-09 07:57:51 - [MESSAGE][PASSED] - Delayed 5 second(s)

2021-11-09 07:57:51 - [TEST_STEP][PASSED] - loginCheck = verifyElementExist(findTestObject("Object Repository/Mobile/Page/Dashboard/Button - Login"), 2, CONTINUE_ON_FAILURE): Element 'Object Repository/Mobile/Page/Dashboard/Button - Login' is exist

2021-11-09 07:57:51 - [MESSAGE][PASSED] - Element 'Object Repository/Mobile/Page/Dashboard/Button - Login' is exist

2021-11-09 07:57:51 - [TEST_STEP][PASSED] - if (loginCheck): Delayed 3 second(s)

2021-11-09 07:57:51 - [TEST_STEP][PASSED] - tap(findTestObject("Object Repository/Mobile/Page/Dashboard/Button - Login"), 0): Tapped on element 'Object Repository/Mobile/Page/Dashboard/Button - Login'

2021-11-09 07:57:51 - [MESSAGE][WARNING] - Timeout '0' is invalid. Using default page load timeout: '60'

2021-11-09 07:57:52 - [MESSAGE][PASSED] - Tapped on element 'Object Repository/Mobile/Page/Dashboard/Button - Login'

2021-11-09 07:57:52 - [TEST_STEP][PASSED] - tap(findTestObject("Object Repository/Mobile/Page/Login/Input - UserID or Email"), 0): Tapped on element 'Object Repository/Mobile/Page/Login/Input - UserID or Email'

2021-11-09 07:57:52 - [MESSAGE][WARNING] - Timeout '0' is invalid. Using default page load timeout: '60'

2021-11-09 07:57:53 - [MESSAGE][PASSED] - Tapped on element 'Object Repository/Mobile/Page/Login/Input - UserID or Email'

2021-11-09 07:57:53 - [TEST_STEP][PASSED] - setText(findTestObject("Object Repository/Mobile/Page/Login/Input - UserID or Email"), "ady.pangerang@gmail.com", 0): Text 'ady.pangerang@gmail.com' has been set to element 'Object Repository/Mobile/Page/Login/Input - UserID or Email'

2021-11-09 07:57:53 - [MESSAGE][WARNING] - Timeout '0' is invalid. Using default page load timeout: '60'

2021-11-09 07:57:55 - [MESSAGE][PASSED] - Text 'ady.pangerang@gmail.com' has been set to element 'Object Repository/Mobile/Page/Login/Input - UserID or Email'

2021-11-09 07:57:55 - [TEST_STEP][PASSED] - tap(findTestObject("Object Repository/Mobile/Page/Login/Input - Password"), 0): Tapped on element 'Object Repository/Mobile/Page/Login/Input - Password'

2021-11-09 07:57:55 - [MESSAGE][WARNING] - Timeout '0' is invalid. Using default page load timeout: '60'

2021-11-09 07:57:56 - [MESSAGE][PASSED] - Tapped on element 'Object Repository/Mobile/Page/Login/Input - Password'

2021-11-09 07:57:56 - [TEST_STEP][PASSED] - setText(findTestObject("Object Repository/Mobile/Page/Login/Input - Password"), "Mirae1234", 0): Text 'Mirae1234' has been set to element 'Object Repository/Mobile/Page/Login/Input - Password'

2021-11-09 07:57:56 - [MESSAGE][WARNING] - Timeout '0' is invalid. Using default page load timeout: '60'

2021-11-09 07:57:57 - [MESSAGE][PASSED] - Text 'Mirae1234' has been set to element 'Object Repository/Mobile/Page/Login/Input - Password'

2021-11-09 07:57:57 - [TEST_STEP][PASSED] - tap(findTestObject("Object Repository/Mobile/Page/Login/Button - Sign In"), 0): Tapped on element 'Object Repository/Mobile/Page/Login/Button - Sign In'

2021-11-09 07:57:57 - [MESSAGE][WARNING] - Timeout '0' is invalid. Using default page load timeout: '60'

2021-11-09 07:57:58 - [MESSAGE][PASSED] - Tapped on element 'Object Repository/Mobile/Page/Login/Button - Sign In'

2021-11-09 07:57:58 - [TEST_STEP][PASSED] - delay(3): Delayed 3 second(s)

2021-11-09 07:58:01 - [MESSAGE][PASSED] - Delayed 3 second(s)

2021-11-09 07:58:01 - [TEST_STEP][PASSED] - if (page == "cart"): null

2021-11-09 07:58:01 - [TEST_STEP][PASSED] - tap(findTestObject("Object Repository/Mobile/Page/Transaction/Button - Menubar Transaction"), 0): Tapped on element 'Object Repository/Mobile/Page/Transaction/Button - Menubar Transaction'

2021-11-09 07:58:02 - [MESSAGE][WARNING] - Timeout '0' is invalid. Using default page load timeout: '60'

2021-11-09 07:58:02 - [MESSAGE][PASSED] - Tapped on element 'Object Repository/Mobile/Page/Transaction/Button - Menubar Transaction'

2021-11-09 07:58:02 - [TEST_STEP][PASSED] - delay(1): Delayed 1 second(s)

2021-11-09 07:58:03 - [MESSAGE][PASSED] - Delayed 1 second(s)

2021-11-09 07:58:03 - [TEST_STEP][PASSED] - if (page == "onprocess"): Delayed 1 second(s)

2021-11-09 07:58:03 - [TEST_STEP][PASSED] - if (tab == "subscription"): null

2021-11-09 07:58:03 - [TEST_STEP][PASSED] - else if (tab == "redemption"): null

2021-11-09 07:58:03 - [TEST_STEP][PASSED] - else if (tab == "switching"): Tapped on element 'Object Repository/Mobile/Page/Transaction/On Process/Tab - Switching'

2021-11-09 07:58:03 - [TEST_STEP][PASSED] - element = findTestObject("Object Repository/Mobile/Page/Transaction/On Process/Tab - All"): null

2021-11-09 07:58:03 - [TEST_STEP][PASSED] - left_position = getElementLeftPosition(element, 0): Object 'Object Repository/Mobile/Page/Transaction/On Process/Tab - All' has left position '31'

2021-11-09 07:58:03 - [MESSAGE][WARNING] - Timeout '0' is invalid. Using default page load timeout: '60'

2021-11-09 07:58:03 - [MESSAGE][PASSED] - Object 'Object Repository/Mobile/Page/Transaction/On Process/Tab - All' has left position '31'

2021-11-09 07:58:03 - [TEST_STEP][PASSED] - top_position = getElementTopPosition(element, 0): Object 'Object Repository/Mobile/Page/Transaction/On Process/Tab - All' has top position '255'

2021-11-09 07:58:03 - [MESSAGE][WARNING] - Timeout '0' is invalid. Using default page load timeout: '60'

2021-11-09 07:58:04 - [MESSAGE][PASSED] - Object 'Object Repository/Mobile/Page/Transaction/On Process/Tab - All' has top position '255'

2021-11-09 07:58:04 - [TEST_STEP][PASSED] - height = getElementHeight(element, 0): Object 'Object Repository/Mobile/Page/Transaction/On Process/Tab - All' has height: '44'

2021-11-09 07:58:04 - [MESSAGE][WARNING] - Timeout '0' is invalid. Using default page load timeout: '60'

2021-11-09 07:58:04 - [MESSAGE][PASSED] - Object 'Object Repository/Mobile/Page/Transaction/On Process/Tab - All' has height: '44'

2021-11-09 07:58:04 - [TEST_STEP][PASSED] - device_Height = getDeviceHeight(): Current device physical height is 1423

2021-11-09 07:58:04 - [MESSAGE][PASSED] - Current device physical height is 1423

2021-11-09 07:58:04 - [TEST_STEP][PASSED] - device_Width = getDeviceWidth(): Current device physical width is 720

2021-11-09 07:58:04 - [MESSAGE][PASSED] - Current device physical width is 720

2021-11-09 07:58:04 - [TEST_STEP][PASSED] - startX = device_Width * 0.8: null

2021-11-09 07:58:04 - [TEST_STEP][PASSED] - startY = top_position + height / 2: null

2021-11-09 07:58:04 - [TEST_STEP][PASSED] - endX = device_Width * 0.2: null

2021-11-09 07:58:04 - [TEST_STEP][PASSED] - endY = top_position + height / 2: null

2021-11-09 07:58:04 - [TEST_STEP][PASSED] - swipe(startX, startY, endX, endY): Swiped from 576,277 to 144,277

2021-11-09 07:58:05 - [MESSAGE][PASSED] - Swiped from 576,277 to 144,277

2021-11-09 07:58:05 - [TEST_STEP][PASSED] - tap(findTestObject("Object Repository/Mobile/Page/Transaction/On Process/Tab - Switching"), 0): Tapped on element 'Object Repository/Mobile/Page/Transaction/On Process/Tab - Switching'

2021-11-09 07:58:05 - [MESSAGE][WARNING] - Timeout '0' is invalid. Using default page load timeout: '60'

2021-11-09 07:58:07 - [MESSAGE][PASSED] - Tapped on element 'Object Repository/Mobile/Page/Transaction/On Process/Tab - Switching'

2021-11-09 07:58:07 - [TEST_STEP][PASSED] - if (action == "detail"): Delayed 1 second(s)

2021-11-09 07:58:07 - [TEST_STEP][PASSED] - delay(4): Delayed 4 second(s)

2021-11-09 07:58:11 - [MESSAGE][PASSED] - Delayed 4 second(s)

2021-11-09 07:58:11 - [TEST_STEP][PASSED] - if (tab == "subscription"): null

2021-11-09 07:58:11 - [TEST_STEP][PASSED] - else if (tab == "redemption"): null

2021-11-09 07:58:11 - [TEST_STEP][PASSED] - else if (tab == "switching"): Tapped and held on element 'Object Repository/Mobile/Page/Transaction/On Process/Top Item - Switching' with duration 1

2021-11-09 07:58:11 - [TEST_STEP][PASSED] - tapAndHold(findTestObject("Mobile/Page/Transaction/On Process/Top Item - Switching"), 1, 0): Tapped and held on element 'Object Repository/Mobile/Page/Transaction/On Process/Top Item - Switching' with duration 1

2021-11-09 07:58:11 - [MESSAGE][WARNING] - Timeout '0' is invalid. Using default page load timeout: '60'

2021-11-09 07:58:14 - [MESSAGE][PASSED] - Tapped and held on element 'Object Repository/Mobile/Page/Transaction/On Process/Top Item - Switching' with duration 1

2021-11-09 07:58:14 - [TEST_STEP][PASSED] - delay(1): Delayed 1 second(s)

2021-11-09 07:58:15 - [MESSAGE][PASSED] - Delayed 1 second(s)

2021-11-09 07:58:15 - [TEST_STEP][PASSED] - width = getDeviceWidth(): Current device physical width is 720

2021-11-09 07:58:15 - [MESSAGE][PASSED] - Current device physical width is 720

2021-11-09 07:58:15 - [TEST_STEP][PASSED] - height = getDeviceHeight(): Current device physical height is 1423

2021-11-09 07:58:15 - [MESSAGE][PASSED] - Current device physical height is 1423

2021-11-09 07:58:15 - [TEST_STEP][PASSED] - startX = width / 2: null

2021-11-09 07:58:15 - [TEST_STEP][PASSED] - startY = height * 0.6: null

2021-11-09 07:58:15 - [TEST_STEP][PASSED] - endX = width / 2: null

2021-11-09 07:58:15 - [TEST_STEP][PASSED] - endY = height * 0.1: null

2021-11-09 07:58:15 - [TEST_STEP][PASSED] - swipe(startX, startY, endX, endY): Swiped from 360,853 to 360,142

2021-11-09 07:58:16 - [MESSAGE][PASSED] - Swiped from 360,853 to 360,142

2021-11-09 07:58:16 - [TEST_STEP][PASSED] - delay(1): Delayed 1 second(s)

2021-11-09 07:58:17 - [MESSAGE][PASSED] - Delayed 1 second(s)

2021-11-09 07:58:17 - [MESSAGE][PASSED] - Call Test Case 'Test Cases/Mobile/Page/Transaction/Transaction' successfully

2021-11-09 07:58:17 - [TEST_STEP][PASSED] - callTestCase(findTestCase("Mobile/Page/Run App/Terminate App"), [:], STOP_ON_FAILURE): Call Test Case 'Test Cases/Mobile/Page/Run App/Terminate App' successfully

2021-11-09 07:58:17 - [TEST_CASE][PASSED] - Test Cases/Mobile/Page/Run App/Terminate App: Test Cases/Mobile/Page/Run App/Terminate App

2021-11-09 07:58:17 - [TEST_STEP][PASSED] - startApp.OpenApp.terminateApplication(): startApp.OpenApp.terminateApplication is PASSED

2021-11-09 07:58:21 - [MESSAGE][PASSED] - Delayed 3 second(s)

2021-11-09 07:58:21 - [MESSAGE][PASSED] - Current device physical width is 720

2021-11-09 07:58:21 - [MESSAGE][PASSED] - Current device physical height is 1423

2021-11-09 07:58:22 - [MESSAGE][PASSED] - Swiped from 360,853 to 360,142

2021-11-09 07:58:23 - [MESSAGE][PASSED] - Delayed 1 second(s)

2021-11-09 07:58:25 - [MESSAGE][PASSED] - Swiped from 360,853 to 360,142

2021-11-09 07:58:28 - [MESSAGE][PASSED] - Delayed 3 second(s)

2021-11-09 07:58:28 - [MESSAGE][PASSED] - startApp.OpenApp.terminateApplication is PASSED

2021-11-09 07:58:28 - [MESSAGE][PASSED] - Call Test Case 'Test Cases/Mobile/Page/Run App/Terminate App' successfully]]></system-out>
         <system-err><![CDATA[]]></system-err>
      </testcase>
      <testcase name="Test Cases/Mobile/Scenario/Transaction/010 - Melihat detail Transaction berdasarkan kategori History" time="48.672" classname="Test Cases/Mobile/Scenario/Transaction/010 - Melihat detail Transaction berdasarkan kategori History" status="PASSED">
         <system-out><![CDATA[2021-11-09 07:58:28 - [TEST_CASE][PASSED] - Test Cases/Mobile/Scenario/Transaction/010 - Melihat detail Transaction berdasarkan kategori History: Test Cases/Mobile/Scenario/Transaction/010 - Melihat detail Transaction berdasarkan kategori History

2021-11-09 07:58:28 - [TEST_STEP][PASSED] - callTestCase(findTestCase("Mobile/Page/Run App/Run App byID"), [:], STOP_ON_FAILURE): Call Test Case 'Test Cases/Mobile/Page/Run App/Run App byID' successfully

2021-11-09 07:58:28 - [TEST_CASE][PASSED] - Test Cases/Mobile/Page/Run App/Run App byID: Test Cases/Mobile/Page/Run App/Run App byID

2021-11-09 07:58:28 - [TEST_STEP][PASSED] - startApp.OpenApp.startApplication("com.mirae.maxfund"): startApp.OpenApp.startApplication is PASSED

2021-11-09 07:58:41 - [MESSAGE][PASSED] - Starting app with application ID: 'com.mirae.maxfund'

2021-11-09 07:58:41 - [MESSAGE][PASSED] - startApp.OpenApp.startApplication is PASSED

2021-11-09 07:58:41 - [MESSAGE][PASSED] - Call Test Case 'Test Cases/Mobile/Page/Run App/Run App byID' successfully

2021-11-09 07:58:41 - [TEST_STEP][PASSED] - callTestCase(findTestCase("Mobile/Page/Transaction/Transaction"), ["page":"history", "tab":"none", "action":"detail"], CONTINUE_ON_FAILURE): Call Test Case 'Test Cases/Mobile/Page/Transaction/Transaction' successfully

2021-11-09 07:58:41 - [TEST_CASE][PASSED] - Test Cases/Mobile/Page/Transaction/Transaction: Test Cases/Mobile/Page/Transaction/Transaction

2021-11-09 07:58:41 - [TEST_STEP][PASSED] - delay(5): Delayed 5 second(s)

2021-11-09 07:58:46 - [MESSAGE][PASSED] - Delayed 5 second(s)

2021-11-09 07:58:46 - [TEST_STEP][PASSED] - loginCheck = verifyElementExist(findTestObject("Object Repository/Mobile/Page/Dashboard/Button - Login"), 2, CONTINUE_ON_FAILURE): Element 'Object Repository/Mobile/Page/Dashboard/Button - Login' is exist

2021-11-09 07:58:46 - [MESSAGE][PASSED] - Element 'Object Repository/Mobile/Page/Dashboard/Button - Login' is exist

2021-11-09 07:58:46 - [TEST_STEP][PASSED] - if (loginCheck): Delayed 3 second(s)

2021-11-09 07:58:46 - [TEST_STEP][PASSED] - tap(findTestObject("Object Repository/Mobile/Page/Dashboard/Button - Login"), 0): Tapped on element 'Object Repository/Mobile/Page/Dashboard/Button - Login'

2021-11-09 07:58:46 - [MESSAGE][WARNING] - Timeout '0' is invalid. Using default page load timeout: '60'

2021-11-09 07:58:47 - [MESSAGE][PASSED] - Tapped on element 'Object Repository/Mobile/Page/Dashboard/Button - Login'

2021-11-09 07:58:47 - [TEST_STEP][PASSED] - tap(findTestObject("Object Repository/Mobile/Page/Login/Input - UserID or Email"), 0): Tapped on element 'Object Repository/Mobile/Page/Login/Input - UserID or Email'

2021-11-09 07:58:47 - [MESSAGE][WARNING] - Timeout '0' is invalid. Using default page load timeout: '60'

2021-11-09 07:58:48 - [MESSAGE][PASSED] - Tapped on element 'Object Repository/Mobile/Page/Login/Input - UserID or Email'

2021-11-09 07:58:48 - [TEST_STEP][PASSED] - setText(findTestObject("Object Repository/Mobile/Page/Login/Input - UserID or Email"), "ady.pangerang@gmail.com", 0): Text 'ady.pangerang@gmail.com' has been set to element 'Object Repository/Mobile/Page/Login/Input - UserID or Email'

2021-11-09 07:58:48 - [MESSAGE][WARNING] - Timeout '0' is invalid. Using default page load timeout: '60'

2021-11-09 07:58:50 - [MESSAGE][PASSED] - Text 'ady.pangerang@gmail.com' has been set to element 'Object Repository/Mobile/Page/Login/Input - UserID or Email'

2021-11-09 07:58:50 - [TEST_STEP][PASSED] - tap(findTestObject("Object Repository/Mobile/Page/Login/Input - Password"), 0): Tapped on element 'Object Repository/Mobile/Page/Login/Input - Password'

2021-11-09 07:58:50 - [MESSAGE][WARNING] - Timeout '0' is invalid. Using default page load timeout: '60'

2021-11-09 07:58:51 - [MESSAGE][PASSED] - Tapped on element 'Object Repository/Mobile/Page/Login/Input - Password'

2021-11-09 07:58:51 - [TEST_STEP][PASSED] - setText(findTestObject("Object Repository/Mobile/Page/Login/Input - Password"), "Mirae1234", 0): Text 'Mirae1234' has been set to element 'Object Repository/Mobile/Page/Login/Input - Password'

2021-11-09 07:58:51 - [MESSAGE][WARNING] - Timeout '0' is invalid. Using default page load timeout: '60'

2021-11-09 07:58:52 - [MESSAGE][PASSED] - Text 'Mirae1234' has been set to element 'Object Repository/Mobile/Page/Login/Input - Password'

2021-11-09 07:58:52 - [TEST_STEP][PASSED] - tap(findTestObject("Object Repository/Mobile/Page/Login/Button - Sign In"), 0): Tapped on element 'Object Repository/Mobile/Page/Login/Button - Sign In'

2021-11-09 07:58:52 - [MESSAGE][WARNING] - Timeout '0' is invalid. Using default page load timeout: '60'

2021-11-09 07:58:53 - [MESSAGE][PASSED] - Tapped on element 'Object Repository/Mobile/Page/Login/Button - Sign In'

2021-11-09 07:58:53 - [TEST_STEP][PASSED] - delay(3): Delayed 3 second(s)

2021-11-09 07:58:56 - [MESSAGE][PASSED] - Delayed 3 second(s)

2021-11-09 07:58:56 - [TEST_STEP][PASSED] - if (page == "cart"): null

2021-11-09 07:58:56 - [TEST_STEP][PASSED] - tap(findTestObject("Object Repository/Mobile/Page/Transaction/Button - Menubar Transaction"), 0): Tapped on element 'Object Repository/Mobile/Page/Transaction/Button - Menubar Transaction'

2021-11-09 07:58:56 - [MESSAGE][WARNING] - Timeout '0' is invalid. Using default page load timeout: '60'

2021-11-09 07:58:58 - [MESSAGE][PASSED] - Tapped on element 'Object Repository/Mobile/Page/Transaction/Button - Menubar Transaction'

2021-11-09 07:58:58 - [TEST_STEP][PASSED] - delay(1): Delayed 1 second(s)

2021-11-09 07:58:59 - [MESSAGE][PASSED] - Delayed 1 second(s)

2021-11-09 07:58:59 - [TEST_STEP][PASSED] - if (page == "onprocess"): null

2021-11-09 07:58:59 - [TEST_STEP][PASSED] - else if (page == "history"): Delayed 1 second(s)

2021-11-09 07:58:59 - [TEST_STEP][PASSED] - tap(findTestObject("Object Repository/Mobile/Page/Transaction/Tab - History"), 0): Tapped on element 'Object Repository/Mobile/Page/Transaction/Tab - History'

2021-11-09 07:58:59 - [MESSAGE][WARNING] - Timeout '0' is invalid. Using default page load timeout: '60'

2021-11-09 07:59:00 - [MESSAGE][PASSED] - Tapped on element 'Object Repository/Mobile/Page/Transaction/Tab - History'

2021-11-09 07:59:00 - [TEST_STEP][PASSED] - if (action == "detail"): Delayed 1 second(s)

2021-11-09 07:59:00 - [TEST_STEP][PASSED] - tapAndHold(findTestObject("Object Repository/Mobile/Page/Transaction/History/Top Item"), 1, 0): Tapped and held on element 'Object Repository/Mobile/Page/Transaction/History/Top Item' with duration 1

2021-11-09 07:59:01 - [MESSAGE][WARNING] - Timeout '0' is invalid. Using default page load timeout: '60'

2021-11-09 07:59:03 - [MESSAGE][PASSED] - Tapped and held on element 'Object Repository/Mobile/Page/Transaction/History/Top Item' with duration 1

2021-11-09 07:59:03 - [TEST_STEP][PASSED] - width = getDeviceWidth(): Current device physical width is 720

2021-11-09 07:59:04 - [MESSAGE][PASSED] - Current device physical width is 720

2021-11-09 07:59:04 - [TEST_STEP][PASSED] - height = getDeviceHeight(): Current device physical height is 1423

2021-11-09 07:59:04 - [MESSAGE][PASSED] - Current device physical height is 1423

2021-11-09 07:59:04 - [TEST_STEP][PASSED] - startX = width / 2: null

2021-11-09 07:59:04 - [TEST_STEP][PASSED] - startY = height * 0.6: null

2021-11-09 07:59:04 - [TEST_STEP][PASSED] - endX = width / 2: null

2021-11-09 07:59:04 - [TEST_STEP][PASSED] - endY = height * 0.1: null

2021-11-09 07:59:04 - [TEST_STEP][PASSED] - swipe(startX, startY, endX, endY): Swiped from 360,853 to 360,142

2021-11-09 07:59:05 - [MESSAGE][PASSED] - Swiped from 360,853 to 360,142

2021-11-09 07:59:05 - [TEST_STEP][PASSED] - delay(1): Delayed 1 second(s)

2021-11-09 07:59:06 - [MESSAGE][PASSED] - Delayed 1 second(s)

2021-11-09 07:59:06 - [MESSAGE][PASSED] - Call Test Case 'Test Cases/Mobile/Page/Transaction/Transaction' successfully

2021-11-09 07:59:06 - [TEST_STEP][PASSED] - callTestCase(findTestCase("Mobile/Page/Run App/Terminate App"), [:], STOP_ON_FAILURE): Call Test Case 'Test Cases/Mobile/Page/Run App/Terminate App' successfully

2021-11-09 07:59:06 - [TEST_CASE][PASSED] - Test Cases/Mobile/Page/Run App/Terminate App: Test Cases/Mobile/Page/Run App/Terminate App

2021-11-09 07:59:06 - [TEST_STEP][PASSED] - startApp.OpenApp.terminateApplication(): startApp.OpenApp.terminateApplication is PASSED

2021-11-09 07:59:09 - [MESSAGE][PASSED] - Delayed 3 second(s)

2021-11-09 07:59:09 - [MESSAGE][PASSED] - Current device physical width is 720

2021-11-09 07:59:10 - [MESSAGE][PASSED] - Current device physical height is 1423

2021-11-09 07:59:11 - [MESSAGE][PASSED] - Swiped from 360,853 to 360,142

2021-11-09 07:59:12 - [MESSAGE][PASSED] - Delayed 1 second(s)

2021-11-09 07:59:13 - [MESSAGE][PASSED] - Swiped from 360,853 to 360,142

2021-11-09 07:59:16 - [MESSAGE][PASSED] - Delayed 3 second(s)

2021-11-09 07:59:16 - [MESSAGE][PASSED] - startApp.OpenApp.terminateApplication is PASSED

2021-11-09 07:59:16 - [MESSAGE][PASSED] - Call Test Case 'Test Cases/Mobile/Page/Run App/Terminate App' successfully]]></system-out>
         <system-err><![CDATA[]]></system-err>
      </testcase>
      <system-out><![CDATA[2021-11-09 07:50:59 - [TEST_SUITE][PASSED] - Transaction: Test Cases/Mobile/Scenario/Transaction/010 - Melihat detail Transaction berdasarkan kategori History]]></system-out>
      <system-err><![CDATA[]]></system-err>
   </testsuite>
</testsuites>
