<?xml version="1.0" encoding="UTF-8"?>
<testsuites name="news" time="331.248" tests="5" failures="0" skips="0" errors="0">
   <testsuite name="news" tests="5" failures="0" errors="0" time="331.248" skips="0" timestamp="2021-12-23 10:12:32" hostname="Owner - aldy-tft" id="Test Suites/news">
      <properties>
         <property name="deviceName" value="samsung SM-A205F (Android 11)"/>
         <property name="devicePlatform" value=""/>
         <property name="logFolder" value="C:\\Users\\Owner\\Documents\\kerjaan\\KatalonProject\\qa_katalon_pwm\\qa_katalon_pwm\\Reports\\20211223_095148\\news\\20211223_095202"/>
         <property name="logFiles" value="C:\\Users\\Owner\\Documents\\kerjaan\\KatalonProject\\qa_katalon_pwm\\qa_katalon_pwm\\Reports\\20211223_095148\\news\\20211223_095202\\appium.log, C:\\Users\\Owner\\Documents\\kerjaan\\KatalonProject\\qa_katalon_pwm\\qa_katalon_pwm\\Reports\\20211223_095148\\news\\20211223_095202\\execution0.log"/>
         <property name="attachments" value=""/>
         <property name="hostName" value="Owner - aldy-tft"/>
         <property name="os" value="Windows 10 64bit"/>
         <property name="appiumServerStatus" value="{&quot;value&quot;:{&quot;build&quot;:{&quot;version&quot;:&quot;1.22.0&quot;}},&quot;sessionId&quot;:null,&quot;status&quot;:0}"/>
         <property name="katalonVersion" value="7.9.1.208"/>
         <property name="deviceOS" value="Android"/>
         <property name="appiumVersion" value="1.22.0"/>
         <property name="deviceModel" value="SM-A205F"/>
         <property name="hostAddress" value="192.168.100.13"/>
         <property name="deviceManufacturer" value="samsung"/>
         <property name="deviceId" value="RR8M40C9AXE"/>
         <property name="deviceName" value="samsung SM-A205F (Android 11)"/>
         <property name="deviceOSVersion" value="11"/>
      </properties>
      <testcase name="Test Cases/Mobile/Scenario/News/001 - News World Indices" time="74.924" classname="Test Cases/Mobile/Scenario/News/001 - News World Indices" status="PASSED">
         <system-out><![CDATA[2021-12-23 10:12:33 - [TEST_CASE][PASSED] - Test Cases/Mobile/Scenario/News/001 - News World Indices: Test Cases/Mobile/Scenario/News/001 - News World Indices

2021-12-23 10:12:33 - [TEST_STEP][PASSED] - callTestCase(findTestCase("Mobile/Page/Run App/Run App byID"), [:], STOP_ON_FAILURE): Call Test Case 'Test Cases/Mobile/Page/Run App/Run App byID' successfully

2021-12-23 10:12:33 - [TEST_CASE][PASSED] - Test Cases/Mobile/Page/Run App/Run App byID: Test Cases/Mobile/Page/Run App/Run App byID

2021-12-23 10:12:34 - [TEST_STEP][PASSED] - startApp.OpenApp.startApplication("id.co.miraeasset.sageclub"): startApp.OpenApp.startApplication is PASSED

2021-12-23 10:12:35 - [MESSAGE][INFO] - Appium server started on port 65,508

2021-12-23 10:12:51 - [MESSAGE][PASSED] - Starting app with application ID: 'id.co.miraeasset.sageclub'

2021-12-23 10:12:51 - [MESSAGE][PASSED] - startApp.OpenApp.startApplication is PASSED

2021-12-23 10:12:51 - [MESSAGE][PASSED] - Call Test Case 'Test Cases/Mobile/Page/Run App/Run App byID' successfully

2021-12-23 10:12:51 - [TEST_STEP][PASSED] - callTestCase(findTestCase("Mobile/Page/News/News"), ["tab":"worldindices"], CONTINUE_ON_FAILURE): Call Test Case 'Test Cases/Mobile/Page/News/News' successfully

2021-12-23 10:12:51 - [TEST_CASE][PASSED] - Test Cases/Mobile/Page/News/News: Test Cases/Mobile/Page/News/News

2021-12-23 10:12:51 - [TEST_STEP][PASSED] - callTestCase(findTestCase("Mobile/Page/CheckLogin"), [:], CONTINUE_ON_FAILURE): Call Test Case 'Test Cases/Mobile/Page/CheckLogin' successfully

2021-12-23 10:12:51 - [TEST_CASE][PASSED] - Test Cases/Mobile/Page/CheckLogin: Test Cases/Mobile/Page/CheckLogin

2021-12-23 10:12:52 - [TEST_STEP][PASSED] - loginCheck = verifyElementExist(findTestObject("Mobile/Page/Login/Button - Login"), 5, CONTINUE_ON_FAILURE): Element 'Object Repository/Mobile/Page/Login/Button - Login' is exist

2021-12-23 10:12:53 - [MESSAGE][PASSED] - Element 'Object Repository/Mobile/Page/Login/Button - Login' is exist

2021-12-23 10:12:53 - [TEST_STEP][PASSED] - if (loginCheck): Call Test Case 'Test Cases/Mobile/Page/Login/Login' successfully

2021-12-23 10:12:53 - [TEST_STEP][PASSED] - callTestCase(findTestCase("Mobile/Page/Login/Login"), [:], CONTINUE_ON_FAILURE): Call Test Case 'Test Cases/Mobile/Page/Login/Login' successfully

2021-12-23 10:12:53 - [TEST_CASE][PASSED] - Test Cases/Mobile/Page/Login/Login: Test Cases/Mobile/Page/Login/Login

2021-12-23 10:12:53 - [TEST_STEP][PASSED] - delay(2): Delayed 2 second(s)

2021-12-23 10:12:55 - [MESSAGE][PASSED] - Delayed 2 second(s)

2021-12-23 10:12:55 - [TEST_STEP][PASSED] - tap(findTestObject("Mobile/Page/Login/Input - UserID"), 0): Tapped on element 'Object Repository/Mobile/Page/Login/Input - UserID'

2021-12-23 10:12:55 - [MESSAGE][WARNING] - Timeout '0' is invalid. Using default page load timeout: '60'

2021-12-23 10:12:56 - [MESSAGE][PASSED] - Tapped on element 'Object Repository/Mobile/Page/Login/Input - UserID'

2021-12-23 10:12:56 - [TEST_STEP][PASSED] - delay(1): Delayed 1 second(s)

2021-12-23 10:12:57 - [MESSAGE][PASSED] - Delayed 1 second(s)

2021-12-23 10:12:57 - [TEST_STEP][PASSED] - setText(findTestObject("Mobile/Page/Login/Input Rdy - UserID"), "anggaaditya", 0): Text 'anggaaditya' has been set to element 'Object Repository/Mobile/Page/Login/Input Rdy - UserID'

2021-12-23 10:12:57 - [MESSAGE][WARNING] - Timeout '0' is invalid. Using default page load timeout: '60'

2021-12-23 10:12:58 - [MESSAGE][PASSED] - Text 'anggaaditya' has been set to element 'Object Repository/Mobile/Page/Login/Input Rdy - UserID'

2021-12-23 10:12:58 - [TEST_STEP][PASSED] - delay(1): Delayed 1 second(s)

2021-12-23 10:12:59 - [MESSAGE][PASSED] - Delayed 1 second(s)

2021-12-23 10:12:59 - [TEST_STEP][PASSED] - hideKeyboard(): Keyboard is hidden

2021-12-23 10:13:03 - [MESSAGE][PASSED] - Keyboard is hidden

2021-12-23 10:13:03 - [TEST_STEP][PASSED] - tap(findTestObject("Mobile/Page/Login/Input - Password"), 0): Tapped on element 'Object Repository/Mobile/Page/Login/Input - Password'

2021-12-23 10:13:04 - [MESSAGE][WARNING] - Timeout '0' is invalid. Using default page load timeout: '60'

2021-12-23 10:13:05 - [MESSAGE][PASSED] - Tapped on element 'Object Repository/Mobile/Page/Login/Input - Password'

2021-12-23 10:13:05 - [TEST_STEP][PASSED] - delay(1): Delayed 1 second(s)

2021-12-23 10:13:06 - [MESSAGE][PASSED] - Delayed 1 second(s)

2021-12-23 10:13:06 - [TEST_STEP][PASSED] - setText(findTestObject("Mobile/Page/Login/Input Rdy - Password"), "Shalawa18", 0): Text 'Shalawa18' has been set to element 'Object Repository/Mobile/Page/Login/Input Rdy - Password'

2021-12-23 10:13:06 - [MESSAGE][WARNING] - Timeout '0' is invalid. Using default page load timeout: '60'

2021-12-23 10:13:06 - [MESSAGE][PASSED] - Text 'Shalawa18' has been set to element 'Object Repository/Mobile/Page/Login/Input Rdy - Password'

2021-12-23 10:13:06 - [TEST_STEP][PASSED] - delay(1): Delayed 1 second(s)

2021-12-23 10:13:07 - [MESSAGE][PASSED] - Delayed 1 second(s)

2021-12-23 10:13:07 - [TEST_STEP][PASSED] - hideKeyboard(): Keyboard is hidden

2021-12-23 10:13:14 - [MESSAGE][PASSED] - Keyboard is hidden

2021-12-23 10:13:14 - [TEST_STEP][PASSED] - tap(findTestObject("Mobile/Page/Login/Button - Login"), 0): Tapped on element 'Object Repository/Mobile/Page/Login/Button - Login'

2021-12-23 10:13:14 - [MESSAGE][WARNING] - Timeout '0' is invalid. Using default page load timeout: '60'

2021-12-23 10:13:15 - [MESSAGE][PASSED] - Tapped on element 'Object Repository/Mobile/Page/Login/Button - Login'

2021-12-23 10:13:15 - [TEST_STEP][PASSED] - delay(2): Delayed 2 second(s)

2021-12-23 10:13:17 - [MESSAGE][PASSED] - Delayed 2 second(s)

2021-12-23 10:13:17 - [MESSAGE][PASSED] - Call Test Case 'Test Cases/Mobile/Page/Login/Login' successfully

2021-12-23 10:13:17 - [MESSAGE][PASSED] - Call Test Case 'Test Cases/Mobile/Page/CheckLogin' successfully

2021-12-23 10:13:17 - [TEST_STEP][PASSED] - tap(findTestObject("Mobile/Page/Home/Menubar - News"), 0): Tapped on element 'Object Repository/Mobile/Page/Home/Menubar - News'

2021-12-23 10:13:17 - [MESSAGE][WARNING] - Timeout '0' is invalid. Using default page load timeout: '60'

2021-12-23 10:13:18 - [MESSAGE][PASSED] - Tapped on element 'Object Repository/Mobile/Page/Home/Menubar - News'

2021-12-23 10:13:18 - [TEST_STEP][PASSED] - delay(1): Delayed 1 second(s)

2021-12-23 10:13:19 - [MESSAGE][PASSED] - Delayed 1 second(s)

2021-12-23 10:13:19 - [TEST_STEP][PASSED] - for ([i = 0, i < 1, (i++)]): null

2021-12-23 10:13:19 - [TEST_STEP][PASSED] - if (tab == "macronews"): null

2021-12-23 10:13:19 - [TEST_STEP][PASSED] - else if (tab == "stocknews"): null

2021-12-23 10:13:19 - [TEST_STEP][PASSED] - else if (tab == "fundnews"): null

2021-12-23 10:13:19 - [TEST_STEP][PASSED] - else if (tab == "bondnews"): null

2021-12-23 10:13:19 - [TEST_STEP][PASSED] - else if (tab == "worldindices"): Delayed 3 second(s)

2021-12-23 10:13:19 - [TEST_STEP][PASSED] - scroll.scroll.scrollScreenRightToLeft(findTestObject("Object Repository/Mobile/Page/News/Tab - Macro")): scroll.scroll.scrollScreenRightToLeft is PASSED

2021-12-23 10:13:19 - [MESSAGE][WARNING] - Timeout '0' is invalid. Using default page load timeout: '60'

2021-12-23 10:13:19 - [MESSAGE][PASSED] - Object 'Object Repository/Mobile/Page/News/Tab - Macro' has left position '14'

2021-12-23 10:13:19 - [MESSAGE][WARNING] - Timeout '0' is invalid. Using default page load timeout: '60'

2021-12-23 10:13:20 - [MESSAGE][PASSED] - Object 'Object Repository/Mobile/Page/News/Tab - Macro' has top position '262'

2021-12-23 10:13:20 - [MESSAGE][WARNING] - Timeout '0' is invalid. Using default page load timeout: '60'

2021-12-23 10:13:20 - [MESSAGE][PASSED] - Object 'Object Repository/Mobile/Page/News/Tab - Macro' has width: '215'

2021-12-23 10:13:20 - [MESSAGE][WARNING] - Timeout '0' is invalid. Using default page load timeout: '60'

2021-12-23 10:13:20 - [MESSAGE][PASSED] - Object 'Object Repository/Mobile/Page/News/Tab - Macro' has height: '84'

2021-12-23 10:13:20 - [MESSAGE][PASSED] - Current device physical width is 720

2021-12-23 10:13:21 - [MESSAGE][PASSED] - Swiped from 620,304 to 100,304

2021-12-23 10:13:21 - [MESSAGE][PASSED] - scroll.scroll.scrollScreenRightToLeft is PASSED

2021-12-23 10:13:21 - [TEST_STEP][PASSED] - delay(1): Delayed 1 second(s)

2021-12-23 10:13:22 - [MESSAGE][PASSED] - Delayed 1 second(s)

2021-12-23 10:13:22 - [TEST_STEP][PASSED] - tap(findTestObject("Mobile/Page/News/Tab - World Indices"), 0): Tapped on element 'Object Repository/Mobile/Page/News/Tab - World Indices'

2021-12-23 10:13:22 - [MESSAGE][WARNING] - Timeout '0' is invalid. Using default page load timeout: '60'

2021-12-23 10:13:24 - [MESSAGE][PASSED] - Tapped on element 'Object Repository/Mobile/Page/News/Tab - World Indices'

2021-12-23 10:13:24 - [TEST_STEP][PASSED] - delay(1): Delayed 1 second(s)

2021-12-23 10:13:25 - [MESSAGE][PASSED] - Delayed 1 second(s)

2021-12-23 10:13:25 - [TEST_STEP][PASSED] - tap(findTestObject("Mobile/Page/News/Button - Indices"), 0): Tapped on element 'Object Repository/Mobile/Page/News/Button - Indices'

2021-12-23 10:13:25 - [MESSAGE][WARNING] - Timeout '0' is invalid. Using default page load timeout: '60'

2021-12-23 10:13:26 - [MESSAGE][PASSED] - Tapped on element 'Object Repository/Mobile/Page/News/Button - Indices'

2021-12-23 10:13:26 - [TEST_STEP][PASSED] - delay(3): Delayed 3 second(s)

2021-12-23 10:13:29 - [MESSAGE][PASSED] - Delayed 3 second(s)

2021-12-23 10:13:29 - [TEST_STEP][PASSED] - tap(findTestObject("Mobile/Page/News/Button - Currencies"), 0): Tapped on element 'Object Repository/Mobile/Page/News/Button - Currencies'

2021-12-23 10:13:29 - [MESSAGE][WARNING] - Timeout '0' is invalid. Using default page load timeout: '60'

2021-12-23 10:13:29 - [MESSAGE][PASSED] - Tapped on element 'Object Repository/Mobile/Page/News/Button - Currencies'

2021-12-23 10:13:29 - [TEST_STEP][PASSED] - delay(3): Delayed 3 second(s)

2021-12-23 10:13:32 - [MESSAGE][PASSED] - Delayed 3 second(s)

2021-12-23 10:13:32 - [TEST_STEP][PASSED] - tap(findTestObject("Mobile/Page/News/Button - Commodities"), 0): Tapped on element 'Object Repository/Mobile/Page/News/Button - Commodities'

2021-12-23 10:13:32 - [MESSAGE][WARNING] - Timeout '0' is invalid. Using default page load timeout: '60'

2021-12-23 10:13:33 - [MESSAGE][PASSED] - Tapped on element 'Object Repository/Mobile/Page/News/Button - Commodities'

2021-12-23 10:13:33 - [TEST_STEP][PASSED] - delay(3): Delayed 3 second(s)

2021-12-23 10:13:36 - [MESSAGE][PASSED] - Delayed 3 second(s)

2021-12-23 10:13:36 - [TEST_STEP][PASSED] - delay(1): Delayed 1 second(s)

2021-12-23 10:13:37 - [MESSAGE][PASSED] - Delayed 1 second(s)

2021-12-23 10:13:37 - [TEST_STEP][PASSED] - if (tab != "worldindices"): null

2021-12-23 10:13:37 - [MESSAGE][PASSED] - Call Test Case 'Test Cases/Mobile/Page/News/News' successfully

2021-12-23 10:13:37 - [TEST_STEP][PASSED] - callTestCase(findTestCase("Mobile/Page/Run App/Terminate App"), [:], STOP_ON_FAILURE): Call Test Case 'Test Cases/Mobile/Page/Run App/Terminate App' successfully

2021-12-23 10:13:37 - [TEST_CASE][PASSED] - Test Cases/Mobile/Page/Run App/Terminate App: Test Cases/Mobile/Page/Run App/Terminate App

2021-12-23 10:13:38 - [TEST_STEP][PASSED] - startApp.OpenApp.terminateApplication(): startApp.OpenApp.terminateApplication is PASSED

2021-12-23 10:13:41 - [MESSAGE][PASSED] - Delayed 3 second(s)

2021-12-23 10:13:41 - [MESSAGE][PASSED] - Current device physical width is 720

2021-12-23 10:13:41 - [MESSAGE][PASSED] - Current device physical height is 1423

2021-12-23 10:13:43 - [MESSAGE][PASSED] - Swiped from 360,853 to 360,142

2021-12-23 10:13:44 - [MESSAGE][PASSED] - Delayed 1 second(s)

2021-12-23 10:13:45 - [MESSAGE][PASSED] - Swiped from 360,853 to 360,142

2021-12-23 10:13:48 - [MESSAGE][PASSED] - Delayed 3 second(s)

2021-12-23 10:13:48 - [MESSAGE][PASSED] - startApp.OpenApp.terminateApplication is PASSED

2021-12-23 10:13:48 - [MESSAGE][PASSED] - Call Test Case 'Test Cases/Mobile/Page/Run App/Terminate App' successfully]]></system-out>
         <system-err><![CDATA[]]></system-err>
      </testcase>
      <testcase name="Test Cases/Mobile/Scenario/News/002 - News Stock" time="60.914" classname="Test Cases/Mobile/Scenario/News/002 - News Stock" status="PASSED">
         <system-out><![CDATA[2021-12-23 10:13:48 - [TEST_CASE][PASSED] - Test Cases/Mobile/Scenario/News/002 - News Stock: Test Cases/Mobile/Scenario/News/002 - News Stock

2021-12-23 10:13:48 - [TEST_STEP][PASSED] - callTestCase(findTestCase("Mobile/Page/Run App/Run App byID"), [:], STOP_ON_FAILURE): Call Test Case 'Test Cases/Mobile/Page/Run App/Run App byID' successfully

2021-12-23 10:13:48 - [TEST_CASE][PASSED] - Test Cases/Mobile/Page/Run App/Run App byID: Test Cases/Mobile/Page/Run App/Run App byID

2021-12-23 10:13:48 - [TEST_STEP][PASSED] - startApp.OpenApp.startApplication("id.co.miraeasset.sageclub"): startApp.OpenApp.startApplication is PASSED

2021-12-23 10:14:01 - [MESSAGE][PASSED] - Starting app with application ID: 'id.co.miraeasset.sageclub'

2021-12-23 10:14:01 - [MESSAGE][PASSED] - startApp.OpenApp.startApplication is PASSED

2021-12-23 10:14:01 - [MESSAGE][PASSED] - Call Test Case 'Test Cases/Mobile/Page/Run App/Run App byID' successfully

2021-12-23 10:14:01 - [TEST_STEP][PASSED] - callTestCase(findTestCase("Mobile/Page/News/News"), ["tab":"stocknews"], CONTINUE_ON_FAILURE): Call Test Case 'Test Cases/Mobile/Page/News/News' successfully

2021-12-23 10:14:01 - [TEST_CASE][PASSED] - Test Cases/Mobile/Page/News/News: Test Cases/Mobile/Page/News/News

2021-12-23 10:14:01 - [TEST_STEP][PASSED] - callTestCase(findTestCase("Mobile/Page/CheckLogin"), [:], CONTINUE_ON_FAILURE): Call Test Case 'Test Cases/Mobile/Page/CheckLogin' successfully

2021-12-23 10:14:01 - [TEST_CASE][PASSED] - Test Cases/Mobile/Page/CheckLogin: Test Cases/Mobile/Page/CheckLogin

2021-12-23 10:14:01 - [TEST_STEP][PASSED] - loginCheck = verifyElementExist(findTestObject("Mobile/Page/Login/Button - Login"), 5, CONTINUE_ON_FAILURE): Element 'Object Repository/Mobile/Page/Login/Button - Login' is exist

2021-12-23 10:14:03 - [MESSAGE][PASSED] - Element 'Object Repository/Mobile/Page/Login/Button - Login' is exist

2021-12-23 10:14:03 - [TEST_STEP][PASSED] - if (loginCheck): Call Test Case 'Test Cases/Mobile/Page/Login/Login' successfully

2021-12-23 10:14:03 - [TEST_STEP][PASSED] - callTestCase(findTestCase("Mobile/Page/Login/Login"), [:], CONTINUE_ON_FAILURE): Call Test Case 'Test Cases/Mobile/Page/Login/Login' successfully

2021-12-23 10:14:03 - [TEST_CASE][PASSED] - Test Cases/Mobile/Page/Login/Login: Test Cases/Mobile/Page/Login/Login

2021-12-23 10:14:03 - [TEST_STEP][PASSED] - delay(2): Delayed 2 second(s)

2021-12-23 10:14:05 - [MESSAGE][PASSED] - Delayed 2 second(s)

2021-12-23 10:14:05 - [TEST_STEP][PASSED] - tap(findTestObject("Mobile/Page/Login/Input - UserID"), 0): Tapped on element 'Object Repository/Mobile/Page/Login/Input - UserID'

2021-12-23 10:14:05 - [MESSAGE][WARNING] - Timeout '0' is invalid. Using default page load timeout: '60'

2021-12-23 10:14:06 - [MESSAGE][PASSED] - Tapped on element 'Object Repository/Mobile/Page/Login/Input - UserID'

2021-12-23 10:14:06 - [TEST_STEP][PASSED] - delay(1): Delayed 1 second(s)

2021-12-23 10:14:07 - [MESSAGE][PASSED] - Delayed 1 second(s)

2021-12-23 10:14:07 - [TEST_STEP][PASSED] - setText(findTestObject("Mobile/Page/Login/Input Rdy - UserID"), "anggaaditya", 0): Text 'anggaaditya' has been set to element 'Object Repository/Mobile/Page/Login/Input Rdy - UserID'

2021-12-23 10:14:07 - [MESSAGE][WARNING] - Timeout '0' is invalid. Using default page load timeout: '60'

2021-12-23 10:14:08 - [MESSAGE][PASSED] - Text 'anggaaditya' has been set to element 'Object Repository/Mobile/Page/Login/Input Rdy - UserID'

2021-12-23 10:14:08 - [TEST_STEP][PASSED] - delay(1): Delayed 1 second(s)

2021-12-23 10:14:09 - [MESSAGE][PASSED] - Delayed 1 second(s)

2021-12-23 10:14:09 - [TEST_STEP][PASSED] - hideKeyboard(): Keyboard is hidden

2021-12-23 10:14:13 - [MESSAGE][PASSED] - Keyboard is hidden

2021-12-23 10:14:13 - [TEST_STEP][PASSED] - tap(findTestObject("Mobile/Page/Login/Input - Password"), 0): Tapped on element 'Object Repository/Mobile/Page/Login/Input - Password'

2021-12-23 10:14:13 - [MESSAGE][WARNING] - Timeout '0' is invalid. Using default page load timeout: '60'

2021-12-23 10:14:13 - [MESSAGE][PASSED] - Tapped on element 'Object Repository/Mobile/Page/Login/Input - Password'

2021-12-23 10:14:13 - [TEST_STEP][PASSED] - delay(1): Delayed 1 second(s)

2021-12-23 10:14:14 - [MESSAGE][PASSED] - Delayed 1 second(s)

2021-12-23 10:14:14 - [TEST_STEP][PASSED] - setText(findTestObject("Mobile/Page/Login/Input Rdy - Password"), "Shalawa18", 0): Text 'Shalawa18' has been set to element 'Object Repository/Mobile/Page/Login/Input Rdy - Password'

2021-12-23 10:14:15 - [MESSAGE][WARNING] - Timeout '0' is invalid. Using default page load timeout: '60'

2021-12-23 10:14:15 - [MESSAGE][PASSED] - Text 'Shalawa18' has been set to element 'Object Repository/Mobile/Page/Login/Input Rdy - Password'

2021-12-23 10:14:15 - [TEST_STEP][PASSED] - delay(1): Delayed 1 second(s)

2021-12-23 10:14:16 - [MESSAGE][PASSED] - Delayed 1 second(s)

2021-12-23 10:14:16 - [TEST_STEP][PASSED] - hideKeyboard(): Keyboard is hidden

2021-12-23 10:14:23 - [MESSAGE][PASSED] - Keyboard is hidden

2021-12-23 10:14:23 - [TEST_STEP][PASSED] - tap(findTestObject("Mobile/Page/Login/Button - Login"), 0): Tapped on element 'Object Repository/Mobile/Page/Login/Button - Login'

2021-12-23 10:14:23 - [MESSAGE][WARNING] - Timeout '0' is invalid. Using default page load timeout: '60'

2021-12-23 10:14:24 - [MESSAGE][PASSED] - Tapped on element 'Object Repository/Mobile/Page/Login/Button - Login'

2021-12-23 10:14:24 - [TEST_STEP][PASSED] - delay(2): Delayed 2 second(s)

2021-12-23 10:14:26 - [MESSAGE][PASSED] - Delayed 2 second(s)

2021-12-23 10:14:26 - [MESSAGE][PASSED] - Call Test Case 'Test Cases/Mobile/Page/Login/Login' successfully

2021-12-23 10:14:26 - [MESSAGE][PASSED] - Call Test Case 'Test Cases/Mobile/Page/CheckLogin' successfully

2021-12-23 10:14:26 - [TEST_STEP][PASSED] - tap(findTestObject("Mobile/Page/Home/Menubar - News"), 0): Tapped on element 'Object Repository/Mobile/Page/Home/Menubar - News'

2021-12-23 10:14:26 - [MESSAGE][WARNING] - Timeout '0' is invalid. Using default page load timeout: '60'

2021-12-23 10:14:27 - [MESSAGE][PASSED] - Tapped on element 'Object Repository/Mobile/Page/Home/Menubar - News'

2021-12-23 10:14:27 - [TEST_STEP][PASSED] - delay(1): Delayed 1 second(s)

2021-12-23 10:14:28 - [MESSAGE][PASSED] - Delayed 1 second(s)

2021-12-23 10:14:28 - [TEST_STEP][PASSED] - for ([i = 0, i < 1, (i++)]): Delayed 3 second(s)

2021-12-23 10:14:28 - [TEST_STEP][PASSED] - if (tab == "macronews"): null

2021-12-23 10:14:28 - [TEST_STEP][PASSED] - else if (tab == "stocknews"): Tapped on element 'Object Repository/Mobile/Page/News/Tab - Stock'

2021-12-23 10:14:28 - [TEST_STEP][PASSED] - tap(findTestObject("Object Repository/Mobile/Page/News/Tab - Stock"), 0): Tapped on element 'Object Repository/Mobile/Page/News/Tab - Stock'

2021-12-23 10:14:28 - [MESSAGE][WARNING] - Timeout '0' is invalid. Using default page load timeout: '60'

2021-12-23 10:14:29 - [MESSAGE][PASSED] - Tapped on element 'Object Repository/Mobile/Page/News/Tab - Stock'

2021-12-23 10:14:29 - [TEST_STEP][PASSED] - delay(1): Delayed 1 second(s)

2021-12-23 10:14:30 - [MESSAGE][PASSED] - Delayed 1 second(s)

2021-12-23 10:14:30 - [TEST_STEP][PASSED] - if (tab != "worldindices"): Delayed 3 second(s)

2021-12-23 10:14:30 - [TEST_STEP][PASSED] - try: Delayed 3 second(s)

2021-12-23 10:14:30 - [TEST_STEP][PASSED] - tapAndHold(findTestObject("Mobile/Page/News/Item - Top News"), 1, 10): Tapped and held on element 'Object Repository/Mobile/Page/News/Item - Top News' with duration 1

2021-12-23 10:14:33 - [MESSAGE][PASSED] - Tapped and held on element 'Object Repository/Mobile/Page/News/Item - Top News' with duration 1

2021-12-23 10:14:33 - [TEST_STEP][PASSED] - delay(1): Delayed 1 second(s)

2021-12-23 10:14:34 - [MESSAGE][PASSED] - Delayed 1 second(s)

2021-12-23 10:14:34 - [TEST_STEP][PASSED] - scroll.scroll.scrollScreenBottomToTop(): scroll.scroll.scrollScreenBottomToTop is PASSED

2021-12-23 10:14:34 - [MESSAGE][PASSED] - Current device physical height is 1423

2021-12-23 10:14:34 - [MESSAGE][PASSED] - Current device physical width is 720

2021-12-23 10:14:36 - [MESSAGE][PASSED] - Swiped from 360,1,138 to 360,284

2021-12-23 10:14:36 - [MESSAGE][PASSED] - scroll.scroll.scrollScreenBottomToTop is PASSED

2021-12-23 10:14:36 - [TEST_STEP][PASSED] - delay(3): Delayed 3 second(s)

2021-12-23 10:14:39 - [MESSAGE][PASSED] - Delayed 3 second(s)

2021-12-23 10:14:39 - [MESSAGE][PASSED] - Call Test Case 'Test Cases/Mobile/Page/News/News' successfully

2021-12-23 10:14:39 - [TEST_STEP][PASSED] - callTestCase(findTestCase("Mobile/Page/Run App/Terminate App"), [:], STOP_ON_FAILURE): Call Test Case 'Test Cases/Mobile/Page/Run App/Terminate App' successfully

2021-12-23 10:14:39 - [TEST_CASE][PASSED] - Test Cases/Mobile/Page/Run App/Terminate App: Test Cases/Mobile/Page/Run App/Terminate App

2021-12-23 10:14:39 - [TEST_STEP][PASSED] - startApp.OpenApp.terminateApplication(): startApp.OpenApp.terminateApplication is PASSED

2021-12-23 10:14:42 - [MESSAGE][PASSED] - Delayed 3 second(s)

2021-12-23 10:14:42 - [MESSAGE][PASSED] - Current device physical width is 720

2021-12-23 10:14:42 - [MESSAGE][PASSED] - Current device physical height is 1423

2021-12-23 10:14:43 - [MESSAGE][PASSED] - Swiped from 360,853 to 360,142

2021-12-23 10:14:44 - [MESSAGE][PASSED] - Delayed 1 second(s)

2021-12-23 10:14:46 - [MESSAGE][PASSED] - Swiped from 360,853 to 360,142

2021-12-23 10:14:49 - [MESSAGE][PASSED] - Delayed 3 second(s)

2021-12-23 10:14:49 - [MESSAGE][PASSED] - startApp.OpenApp.terminateApplication is PASSED

2021-12-23 10:14:49 - [MESSAGE][PASSED] - Call Test Case 'Test Cases/Mobile/Page/Run App/Terminate App' successfully]]></system-out>
         <system-err><![CDATA[]]></system-err>
      </testcase>
      <testcase name="Test Cases/Mobile/Scenario/News/003 - News Fund" time="62.066" classname="Test Cases/Mobile/Scenario/News/003 - News Fund" status="PASSED">
         <system-out><![CDATA[2021-12-23 10:14:49 - [TEST_CASE][PASSED] - Test Cases/Mobile/Scenario/News/003 - News Fund: Test Cases/Mobile/Scenario/News/003 - News Fund

2021-12-23 10:14:49 - [TEST_STEP][PASSED] - callTestCase(findTestCase("Mobile/Page/Run App/Run App byID"), [:], STOP_ON_FAILURE): Call Test Case 'Test Cases/Mobile/Page/Run App/Run App byID' successfully

2021-12-23 10:14:49 - [TEST_CASE][PASSED] - Test Cases/Mobile/Page/Run App/Run App byID: Test Cases/Mobile/Page/Run App/Run App byID

2021-12-23 10:14:49 - [TEST_STEP][PASSED] - startApp.OpenApp.startApplication("id.co.miraeasset.sageclub"): startApp.OpenApp.startApplication is PASSED

2021-12-23 10:15:02 - [MESSAGE][PASSED] - Starting app with application ID: 'id.co.miraeasset.sageclub'

2021-12-23 10:15:02 - [MESSAGE][PASSED] - startApp.OpenApp.startApplication is PASSED

2021-12-23 10:15:02 - [MESSAGE][PASSED] - Call Test Case 'Test Cases/Mobile/Page/Run App/Run App byID' successfully

2021-12-23 10:15:02 - [TEST_STEP][PASSED] - callTestCase(findTestCase("Mobile/Page/News/News"), ["tab":"fundnews"], CONTINUE_ON_FAILURE): Call Test Case 'Test Cases/Mobile/Page/News/News' successfully

2021-12-23 10:15:02 - [TEST_CASE][PASSED] - Test Cases/Mobile/Page/News/News: Test Cases/Mobile/Page/News/News

2021-12-23 10:15:02 - [TEST_STEP][PASSED] - callTestCase(findTestCase("Mobile/Page/CheckLogin"), [:], CONTINUE_ON_FAILURE): Call Test Case 'Test Cases/Mobile/Page/CheckLogin' successfully

2021-12-23 10:15:02 - [TEST_CASE][PASSED] - Test Cases/Mobile/Page/CheckLogin: Test Cases/Mobile/Page/CheckLogin

2021-12-23 10:15:02 - [TEST_STEP][PASSED] - loginCheck = verifyElementExist(findTestObject("Mobile/Page/Login/Button - Login"), 5, CONTINUE_ON_FAILURE): Element 'Object Repository/Mobile/Page/Login/Button - Login' is exist

2021-12-23 10:15:04 - [MESSAGE][PASSED] - Element 'Object Repository/Mobile/Page/Login/Button - Login' is exist

2021-12-23 10:15:04 - [TEST_STEP][PASSED] - if (loginCheck): Call Test Case 'Test Cases/Mobile/Page/Login/Login' successfully

2021-12-23 10:15:04 - [TEST_STEP][PASSED] - callTestCase(findTestCase("Mobile/Page/Login/Login"), [:], CONTINUE_ON_FAILURE): Call Test Case 'Test Cases/Mobile/Page/Login/Login' successfully

2021-12-23 10:15:04 - [TEST_CASE][PASSED] - Test Cases/Mobile/Page/Login/Login: Test Cases/Mobile/Page/Login/Login

2021-12-23 10:15:04 - [TEST_STEP][PASSED] - delay(2): Delayed 2 second(s)

2021-12-23 10:15:06 - [MESSAGE][PASSED] - Delayed 2 second(s)

2021-12-23 10:15:06 - [TEST_STEP][PASSED] - tap(findTestObject("Mobile/Page/Login/Input - UserID"), 0): Tapped on element 'Object Repository/Mobile/Page/Login/Input - UserID'

2021-12-23 10:15:06 - [MESSAGE][WARNING] - Timeout '0' is invalid. Using default page load timeout: '60'

2021-12-23 10:15:06 - [MESSAGE][PASSED] - Tapped on element 'Object Repository/Mobile/Page/Login/Input - UserID'

2021-12-23 10:15:06 - [TEST_STEP][PASSED] - delay(1): Delayed 1 second(s)

2021-12-23 10:15:08 - [MESSAGE][PASSED] - Delayed 1 second(s)

2021-12-23 10:15:08 - [TEST_STEP][PASSED] - setText(findTestObject("Mobile/Page/Login/Input Rdy - UserID"), "anggaaditya", 0): Text 'anggaaditya' has been set to element 'Object Repository/Mobile/Page/Login/Input Rdy - UserID'

2021-12-23 10:15:08 - [MESSAGE][WARNING] - Timeout '0' is invalid. Using default page load timeout: '60'

2021-12-23 10:15:08 - [MESSAGE][PASSED] - Text 'anggaaditya' has been set to element 'Object Repository/Mobile/Page/Login/Input Rdy - UserID'

2021-12-23 10:15:08 - [TEST_STEP][PASSED] - delay(1): Delayed 1 second(s)

2021-12-23 10:15:09 - [MESSAGE][PASSED] - Delayed 1 second(s)

2021-12-23 10:15:09 - [TEST_STEP][PASSED] - hideKeyboard(): Keyboard is hidden

2021-12-23 10:15:13 - [MESSAGE][PASSED] - Keyboard is hidden

2021-12-23 10:15:13 - [TEST_STEP][PASSED] - tap(findTestObject("Mobile/Page/Login/Input - Password"), 0): Tapped on element 'Object Repository/Mobile/Page/Login/Input - Password'

2021-12-23 10:15:13 - [MESSAGE][WARNING] - Timeout '0' is invalid. Using default page load timeout: '60'

2021-12-23 10:15:13 - [MESSAGE][PASSED] - Tapped on element 'Object Repository/Mobile/Page/Login/Input - Password'

2021-12-23 10:15:13 - [TEST_STEP][PASSED] - delay(1): Delayed 1 second(s)

2021-12-23 10:15:14 - [MESSAGE][PASSED] - Delayed 1 second(s)

2021-12-23 10:15:14 - [TEST_STEP][PASSED] - setText(findTestObject("Mobile/Page/Login/Input Rdy - Password"), "Shalawa18", 0): Text 'Shalawa18' has been set to element 'Object Repository/Mobile/Page/Login/Input Rdy - Password'

2021-12-23 10:15:14 - [MESSAGE][WARNING] - Timeout '0' is invalid. Using default page load timeout: '60'

2021-12-23 10:15:15 - [MESSAGE][PASSED] - Text 'Shalawa18' has been set to element 'Object Repository/Mobile/Page/Login/Input Rdy - Password'

2021-12-23 10:15:15 - [TEST_STEP][PASSED] - delay(1): Delayed 1 second(s)

2021-12-23 10:15:16 - [MESSAGE][PASSED] - Delayed 1 second(s)

2021-12-23 10:15:16 - [TEST_STEP][PASSED] - hideKeyboard(): Keyboard is hidden

2021-12-23 10:15:22 - [MESSAGE][PASSED] - Keyboard is hidden

2021-12-23 10:15:23 - [TEST_STEP][PASSED] - tap(findTestObject("Mobile/Page/Login/Button - Login"), 0): Tapped on element 'Object Repository/Mobile/Page/Login/Button - Login'

2021-12-23 10:15:23 - [MESSAGE][WARNING] - Timeout '0' is invalid. Using default page load timeout: '60'

2021-12-23 10:15:23 - [MESSAGE][PASSED] - Tapped on element 'Object Repository/Mobile/Page/Login/Button - Login'

2021-12-23 10:15:23 - [TEST_STEP][PASSED] - delay(2): Delayed 2 second(s)

2021-12-23 10:15:25 - [MESSAGE][PASSED] - Delayed 2 second(s)

2021-12-23 10:15:25 - [MESSAGE][PASSED] - Call Test Case 'Test Cases/Mobile/Page/Login/Login' successfully

2021-12-23 10:15:25 - [MESSAGE][PASSED] - Call Test Case 'Test Cases/Mobile/Page/CheckLogin' successfully

2021-12-23 10:15:25 - [TEST_STEP][PASSED] - tap(findTestObject("Mobile/Page/Home/Menubar - News"), 0): Tapped on element 'Object Repository/Mobile/Page/Home/Menubar - News'

2021-12-23 10:15:25 - [MESSAGE][WARNING] - Timeout '0' is invalid. Using default page load timeout: '60'

2021-12-23 10:15:28 - [MESSAGE][PASSED] - Tapped on element 'Object Repository/Mobile/Page/Home/Menubar - News'

2021-12-23 10:15:28 - [TEST_STEP][PASSED] - delay(1): Delayed 1 second(s)

2021-12-23 10:15:29 - [MESSAGE][PASSED] - Delayed 1 second(s)

2021-12-23 10:15:29 - [TEST_STEP][PASSED] - for ([i = 0, i < 1, (i++)]): Delayed 3 second(s)

2021-12-23 10:15:29 - [TEST_STEP][PASSED] - if (tab == "macronews"): null

2021-12-23 10:15:29 - [TEST_STEP][PASSED] - else if (tab == "stocknews"): null

2021-12-23 10:15:29 - [TEST_STEP][PASSED] - else if (tab == "fundnews"): Tapped on element 'Object Repository/Mobile/Page/News/Tab - Fund'

2021-12-23 10:15:29 - [TEST_STEP][PASSED] - tap(findTestObject("Object Repository/Mobile/Page/News/Tab - Fund"), 0): Tapped on element 'Object Repository/Mobile/Page/News/Tab - Fund'

2021-12-23 10:15:29 - [MESSAGE][WARNING] - Timeout '0' is invalid. Using default page load timeout: '60'

2021-12-23 10:15:30 - [MESSAGE][PASSED] - Tapped on element 'Object Repository/Mobile/Page/News/Tab - Fund'

2021-12-23 10:15:30 - [TEST_STEP][PASSED] - delay(1): Delayed 1 second(s)

2021-12-23 10:15:31 - [MESSAGE][PASSED] - Delayed 1 second(s)

2021-12-23 10:15:31 - [TEST_STEP][PASSED] - if (tab != "worldindices"): Delayed 3 second(s)

2021-12-23 10:15:31 - [TEST_STEP][PASSED] - try: Delayed 3 second(s)

2021-12-23 10:15:31 - [TEST_STEP][PASSED] - tapAndHold(findTestObject("Mobile/Page/News/Item - Top News"), 1, 10): Tapped and held on element 'Object Repository/Mobile/Page/News/Item - Top News' with duration 1

2021-12-23 10:15:35 - [MESSAGE][PASSED] - Tapped and held on element 'Object Repository/Mobile/Page/News/Item - Top News' with duration 1

2021-12-23 10:15:35 - [TEST_STEP][PASSED] - delay(1): Delayed 1 second(s)

2021-12-23 10:15:36 - [MESSAGE][PASSED] - Delayed 1 second(s)

2021-12-23 10:15:36 - [TEST_STEP][PASSED] - scroll.scroll.scrollScreenBottomToTop(): scroll.scroll.scrollScreenBottomToTop is PASSED

2021-12-23 10:15:36 - [MESSAGE][PASSED] - Current device physical height is 1423

2021-12-23 10:15:36 - [MESSAGE][PASSED] - Current device physical width is 720

2021-12-23 10:15:38 - [MESSAGE][PASSED] - Swiped from 360,1,138 to 360,284

2021-12-23 10:15:38 - [MESSAGE][PASSED] - scroll.scroll.scrollScreenBottomToTop is PASSED

2021-12-23 10:15:38 - [TEST_STEP][PASSED] - delay(3): Delayed 3 second(s)

2021-12-23 10:15:41 - [MESSAGE][PASSED] - Delayed 3 second(s)

2021-12-23 10:15:41 - [MESSAGE][PASSED] - Call Test Case 'Test Cases/Mobile/Page/News/News' successfully

2021-12-23 10:15:41 - [TEST_STEP][PASSED] - callTestCase(findTestCase("Mobile/Page/Run App/Terminate App"), [:], STOP_ON_FAILURE): Call Test Case 'Test Cases/Mobile/Page/Run App/Terminate App' successfully

2021-12-23 10:15:41 - [TEST_CASE][PASSED] - Test Cases/Mobile/Page/Run App/Terminate App: Test Cases/Mobile/Page/Run App/Terminate App

2021-12-23 10:15:41 - [TEST_STEP][PASSED] - startApp.OpenApp.terminateApplication(): startApp.OpenApp.terminateApplication is PASSED

2021-12-23 10:15:44 - [MESSAGE][PASSED] - Delayed 3 second(s)

2021-12-23 10:15:44 - [MESSAGE][PASSED] - Current device physical width is 720

2021-12-23 10:15:44 - [MESSAGE][PASSED] - Current device physical height is 1423

2021-12-23 10:15:46 - [MESSAGE][PASSED] - Swiped from 360,853 to 360,142

2021-12-23 10:15:47 - [MESSAGE][PASSED] - Delayed 1 second(s)

2021-12-23 10:15:48 - [MESSAGE][PASSED] - Swiped from 360,853 to 360,142

2021-12-23 10:15:51 - [MESSAGE][PASSED] - Delayed 3 second(s)

2021-12-23 10:15:51 - [MESSAGE][PASSED] - startApp.OpenApp.terminateApplication is PASSED

2021-12-23 10:15:51 - [MESSAGE][PASSED] - Call Test Case 'Test Cases/Mobile/Page/Run App/Terminate App' successfully]]></system-out>
         <system-err><![CDATA[]]></system-err>
      </testcase>
      <testcase name="Test Cases/Mobile/Scenario/News/004 - Bond News" time="65.017" classname="Test Cases/Mobile/Scenario/News/004 - Bond News" status="PASSED">
         <system-out><![CDATA[2021-12-23 10:15:51 - [TEST_CASE][PASSED] - Test Cases/Mobile/Scenario/News/004 - Bond News: Test Cases/Mobile/Scenario/News/004 - Bond News

2021-12-23 10:15:51 - [TEST_STEP][PASSED] - callTestCase(findTestCase("Mobile/Page/Run App/Run App byID"), [:], STOP_ON_FAILURE): Call Test Case 'Test Cases/Mobile/Page/Run App/Run App byID' successfully

2021-12-23 10:15:51 - [TEST_CASE][PASSED] - Test Cases/Mobile/Page/Run App/Run App byID: Test Cases/Mobile/Page/Run App/Run App byID

2021-12-23 10:15:51 - [TEST_STEP][PASSED] - startApp.OpenApp.startApplication("id.co.miraeasset.sageclub"): startApp.OpenApp.startApplication is PASSED

2021-12-23 10:16:04 - [MESSAGE][PASSED] - Starting app with application ID: 'id.co.miraeasset.sageclub'

2021-12-23 10:16:04 - [MESSAGE][PASSED] - startApp.OpenApp.startApplication is PASSED

2021-12-23 10:16:04 - [MESSAGE][PASSED] - Call Test Case 'Test Cases/Mobile/Page/Run App/Run App byID' successfully

2021-12-23 10:16:04 - [TEST_STEP][PASSED] - callTestCase(findTestCase("Mobile/Page/News/News"), ["tab":"bondnews"], CONTINUE_ON_FAILURE): Call Test Case 'Test Cases/Mobile/Page/News/News' successfully

2021-12-23 10:16:05 - [TEST_CASE][PASSED] - Test Cases/Mobile/Page/News/News: Test Cases/Mobile/Page/News/News

2021-12-23 10:16:05 - [TEST_STEP][PASSED] - callTestCase(findTestCase("Mobile/Page/CheckLogin"), [:], CONTINUE_ON_FAILURE): Call Test Case 'Test Cases/Mobile/Page/CheckLogin' successfully

2021-12-23 10:16:05 - [TEST_CASE][PASSED] - Test Cases/Mobile/Page/CheckLogin: Test Cases/Mobile/Page/CheckLogin

2021-12-23 10:16:05 - [TEST_STEP][PASSED] - loginCheck = verifyElementExist(findTestObject("Mobile/Page/Login/Button - Login"), 5, CONTINUE_ON_FAILURE): Element 'Object Repository/Mobile/Page/Login/Button - Login' is exist

2021-12-23 10:16:08 - [MESSAGE][PASSED] - Element 'Object Repository/Mobile/Page/Login/Button - Login' is exist

2021-12-23 10:16:08 - [TEST_STEP][PASSED] - if (loginCheck): Call Test Case 'Test Cases/Mobile/Page/Login/Login' successfully

2021-12-23 10:16:08 - [TEST_STEP][PASSED] - callTestCase(findTestCase("Mobile/Page/Login/Login"), [:], CONTINUE_ON_FAILURE): Call Test Case 'Test Cases/Mobile/Page/Login/Login' successfully

2021-12-23 10:16:08 - [TEST_CASE][PASSED] - Test Cases/Mobile/Page/Login/Login: Test Cases/Mobile/Page/Login/Login

2021-12-23 10:16:08 - [TEST_STEP][PASSED] - delay(2): Delayed 2 second(s)

2021-12-23 10:16:10 - [MESSAGE][PASSED] - Delayed 2 second(s)

2021-12-23 10:16:10 - [TEST_STEP][PASSED] - tap(findTestObject("Mobile/Page/Login/Input - UserID"), 0): Tapped on element 'Object Repository/Mobile/Page/Login/Input - UserID'

2021-12-23 10:16:10 - [MESSAGE][WARNING] - Timeout '0' is invalid. Using default page load timeout: '60'

2021-12-23 10:16:10 - [MESSAGE][PASSED] - Tapped on element 'Object Repository/Mobile/Page/Login/Input - UserID'

2021-12-23 10:16:10 - [TEST_STEP][PASSED] - delay(1): Delayed 1 second(s)

2021-12-23 10:16:11 - [MESSAGE][PASSED] - Delayed 1 second(s)

2021-12-23 10:16:11 - [TEST_STEP][PASSED] - setText(findTestObject("Mobile/Page/Login/Input Rdy - UserID"), "anggaaditya", 0): Text 'anggaaditya' has been set to element 'Object Repository/Mobile/Page/Login/Input Rdy - UserID'

2021-12-23 10:16:11 - [MESSAGE][WARNING] - Timeout '0' is invalid. Using default page load timeout: '60'

2021-12-23 10:16:12 - [MESSAGE][PASSED] - Text 'anggaaditya' has been set to element 'Object Repository/Mobile/Page/Login/Input Rdy - UserID'

2021-12-23 10:16:12 - [TEST_STEP][PASSED] - delay(1): Delayed 1 second(s)

2021-12-23 10:16:13 - [MESSAGE][PASSED] - Delayed 1 second(s)

2021-12-23 10:16:13 - [TEST_STEP][PASSED] - hideKeyboard(): Keyboard is hidden

2021-12-23 10:16:21 - [MESSAGE][PASSED] - Keyboard is hidden

2021-12-23 10:16:21 - [TEST_STEP][PASSED] - tap(findTestObject("Mobile/Page/Login/Input - Password"), 0): Tapped on element 'Object Repository/Mobile/Page/Login/Input - Password'

2021-12-23 10:16:21 - [MESSAGE][WARNING] - Timeout '0' is invalid. Using default page load timeout: '60'

2021-12-23 10:16:21 - [MESSAGE][PASSED] - Tapped on element 'Object Repository/Mobile/Page/Login/Input - Password'

2021-12-23 10:16:21 - [TEST_STEP][PASSED] - delay(1): Delayed 1 second(s)

2021-12-23 10:16:22 - [MESSAGE][PASSED] - Delayed 1 second(s)

2021-12-23 10:16:22 - [TEST_STEP][PASSED] - setText(findTestObject("Mobile/Page/Login/Input Rdy - Password"), "Shalawa18", 0): Text 'Shalawa18' has been set to element 'Object Repository/Mobile/Page/Login/Input Rdy - Password'

2021-12-23 10:16:22 - [MESSAGE][WARNING] - Timeout '0' is invalid. Using default page load timeout: '60'

2021-12-23 10:16:23 - [MESSAGE][PASSED] - Text 'Shalawa18' has been set to element 'Object Repository/Mobile/Page/Login/Input Rdy - Password'

2021-12-23 10:16:23 - [TEST_STEP][PASSED] - delay(1): Delayed 1 second(s)

2021-12-23 10:16:24 - [MESSAGE][PASSED] - Delayed 1 second(s)

2021-12-23 10:16:24 - [TEST_STEP][PASSED] - hideKeyboard(): Keyboard is hidden

2021-12-23 10:16:30 - [MESSAGE][PASSED] - Keyboard is hidden

2021-12-23 10:16:30 - [TEST_STEP][PASSED] - tap(findTestObject("Mobile/Page/Login/Button - Login"), 0): Tapped on element 'Object Repository/Mobile/Page/Login/Button - Login'

2021-12-23 10:16:30 - [MESSAGE][WARNING] - Timeout '0' is invalid. Using default page load timeout: '60'

2021-12-23 10:16:31 - [MESSAGE][PASSED] - Tapped on element 'Object Repository/Mobile/Page/Login/Button - Login'

2021-12-23 10:16:31 - [TEST_STEP][PASSED] - delay(2): Delayed 2 second(s)

2021-12-23 10:16:33 - [MESSAGE][PASSED] - Delayed 2 second(s)

2021-12-23 10:16:33 - [MESSAGE][PASSED] - Call Test Case 'Test Cases/Mobile/Page/Login/Login' successfully

2021-12-23 10:16:33 - [MESSAGE][PASSED] - Call Test Case 'Test Cases/Mobile/Page/CheckLogin' successfully

2021-12-23 10:16:33 - [TEST_STEP][PASSED] - tap(findTestObject("Mobile/Page/Home/Menubar - News"), 0): Tapped on element 'Object Repository/Mobile/Page/Home/Menubar - News'

2021-12-23 10:16:33 - [MESSAGE][WARNING] - Timeout '0' is invalid. Using default page load timeout: '60'

2021-12-23 10:16:34 - [MESSAGE][PASSED] - Tapped on element 'Object Repository/Mobile/Page/Home/Menubar - News'

2021-12-23 10:16:34 - [TEST_STEP][PASSED] - delay(1): Delayed 1 second(s)

2021-12-23 10:16:35 - [MESSAGE][PASSED] - Delayed 1 second(s)

2021-12-23 10:16:35 - [TEST_STEP][PASSED] - for ([i = 0, i < 1, (i++)]): Delayed 3 second(s)

2021-12-23 10:16:35 - [TEST_STEP][PASSED] - if (tab == "macronews"): null

2021-12-23 10:16:35 - [TEST_STEP][PASSED] - else if (tab == "stocknews"): null

2021-12-23 10:16:35 - [TEST_STEP][PASSED] - else if (tab == "fundnews"): null

2021-12-23 10:16:35 - [TEST_STEP][PASSED] - else if (tab == "bondnews"): Tapped on element 'Object Repository/Mobile/Page/News/Tab - Bond'

2021-12-23 10:16:35 - [TEST_STEP][PASSED] - tap(findTestObject("Object Repository/Mobile/Page/News/Tab - Bond"), 0): Tapped on element 'Object Repository/Mobile/Page/News/Tab - Bond'

2021-12-23 10:16:35 - [MESSAGE][WARNING] - Timeout '0' is invalid. Using default page load timeout: '60'

2021-12-23 10:16:36 - [MESSAGE][PASSED] - Tapped on element 'Object Repository/Mobile/Page/News/Tab - Bond'

2021-12-23 10:16:36 - [TEST_STEP][PASSED] - delay(1): Delayed 1 second(s)

2021-12-23 10:16:37 - [MESSAGE][PASSED] - Delayed 1 second(s)

2021-12-23 10:16:37 - [TEST_STEP][PASSED] - if (tab != "worldindices"): Delayed 3 second(s)

2021-12-23 10:16:37 - [TEST_STEP][PASSED] - try: Delayed 3 second(s)

2021-12-23 10:16:37 - [TEST_STEP][PASSED] - tapAndHold(findTestObject("Mobile/Page/News/Item - Top News"), 1, 10): Tapped and held on element 'Object Repository/Mobile/Page/News/Item - Top News' with duration 1

2021-12-23 10:16:40 - [MESSAGE][PASSED] - Tapped and held on element 'Object Repository/Mobile/Page/News/Item - Top News' with duration 1

2021-12-23 10:16:40 - [TEST_STEP][PASSED] - delay(1): Delayed 1 second(s)

2021-12-23 10:16:41 - [MESSAGE][PASSED] - Delayed 1 second(s)

2021-12-23 10:16:41 - [TEST_STEP][PASSED] - scroll.scroll.scrollScreenBottomToTop(): scroll.scroll.scrollScreenBottomToTop is PASSED

2021-12-23 10:16:41 - [MESSAGE][PASSED] - Current device physical height is 1423

2021-12-23 10:16:42 - [MESSAGE][PASSED] - Current device physical width is 720

2021-12-23 10:16:43 - [MESSAGE][PASSED] - Swiped from 360,1,138 to 360,284

2021-12-23 10:16:43 - [MESSAGE][PASSED] - scroll.scroll.scrollScreenBottomToTop is PASSED

2021-12-23 10:16:43 - [TEST_STEP][PASSED] - delay(3): Delayed 3 second(s)

2021-12-23 10:16:46 - [MESSAGE][PASSED] - Delayed 3 second(s)

2021-12-23 10:16:46 - [MESSAGE][PASSED] - Call Test Case 'Test Cases/Mobile/Page/News/News' successfully

2021-12-23 10:16:46 - [TEST_STEP][PASSED] - callTestCase(findTestCase("Mobile/Page/Run App/Terminate App"), [:], STOP_ON_FAILURE): Call Test Case 'Test Cases/Mobile/Page/Run App/Terminate App' successfully

2021-12-23 10:16:46 - [TEST_CASE][PASSED] - Test Cases/Mobile/Page/Run App/Terminate App: Test Cases/Mobile/Page/Run App/Terminate App

2021-12-23 10:16:46 - [TEST_STEP][PASSED] - startApp.OpenApp.terminateApplication(): startApp.OpenApp.terminateApplication is PASSED

2021-12-23 10:16:49 - [MESSAGE][PASSED] - Delayed 3 second(s)

2021-12-23 10:16:49 - [MESSAGE][PASSED] - Current device physical width is 720

2021-12-23 10:16:49 - [MESSAGE][PASSED] - Current device physical height is 1423

2021-12-23 10:16:51 - [MESSAGE][PASSED] - Swiped from 360,853 to 360,142

2021-12-23 10:16:52 - [MESSAGE][PASSED] - Delayed 1 second(s)

2021-12-23 10:16:53 - [MESSAGE][PASSED] - Swiped from 360,853 to 360,142

2021-12-23 10:16:56 - [MESSAGE][PASSED] - Delayed 3 second(s)

2021-12-23 10:16:56 - [MESSAGE][PASSED] - startApp.OpenApp.terminateApplication is PASSED

2021-12-23 10:16:56 - [MESSAGE][PASSED] - Call Test Case 'Test Cases/Mobile/Page/Run App/Terminate App' successfully]]></system-out>
         <system-err><![CDATA[]]></system-err>
      </testcase>
      <testcase name="Test Cases/Mobile/Scenario/News/005 - Macro News" time="67.391" classname="Test Cases/Mobile/Scenario/News/005 - Macro News" status="PASSED">
         <system-out><![CDATA[2021-12-23 10:16:56 - [TEST_CASE][PASSED] - Test Cases/Mobile/Scenario/News/005 - Macro News: Test Cases/Mobile/Scenario/News/005 - Macro News

2021-12-23 10:16:56 - [TEST_STEP][PASSED] - callTestCase(findTestCase("Mobile/Page/Run App/Run App byID"), [:], STOP_ON_FAILURE): Call Test Case 'Test Cases/Mobile/Page/Run App/Run App byID' successfully

2021-12-23 10:16:56 - [TEST_CASE][PASSED] - Test Cases/Mobile/Page/Run App/Run App byID: Test Cases/Mobile/Page/Run App/Run App byID

2021-12-23 10:16:56 - [TEST_STEP][PASSED] - startApp.OpenApp.startApplication("id.co.miraeasset.sageclub"): startApp.OpenApp.startApplication is PASSED

2021-12-23 10:17:09 - [MESSAGE][PASSED] - Starting app with application ID: 'id.co.miraeasset.sageclub'

2021-12-23 10:17:09 - [MESSAGE][PASSED] - startApp.OpenApp.startApplication is PASSED

2021-12-23 10:17:09 - [MESSAGE][PASSED] - Call Test Case 'Test Cases/Mobile/Page/Run App/Run App byID' successfully

2021-12-23 10:17:09 - [TEST_STEP][PASSED] - callTestCase(findTestCase("Mobile/Page/News/News"), ["tab":"macronews"], CONTINUE_ON_FAILURE): Call Test Case 'Test Cases/Mobile/Page/News/News' successfully

2021-12-23 10:17:09 - [TEST_CASE][PASSED] - Test Cases/Mobile/Page/News/News: Test Cases/Mobile/Page/News/News

2021-12-23 10:17:09 - [TEST_STEP][PASSED] - callTestCase(findTestCase("Mobile/Page/CheckLogin"), [:], CONTINUE_ON_FAILURE): Call Test Case 'Test Cases/Mobile/Page/CheckLogin' successfully

2021-12-23 10:17:09 - [TEST_CASE][PASSED] - Test Cases/Mobile/Page/CheckLogin: Test Cases/Mobile/Page/CheckLogin

2021-12-23 10:17:09 - [TEST_STEP][PASSED] - loginCheck = verifyElementExist(findTestObject("Mobile/Page/Login/Button - Login"), 5, CONTINUE_ON_FAILURE): Element 'Object Repository/Mobile/Page/Login/Button - Login' is exist

2021-12-23 10:17:12 - [MESSAGE][PASSED] - Element 'Object Repository/Mobile/Page/Login/Button - Login' is exist

2021-12-23 10:17:12 - [TEST_STEP][PASSED] - if (loginCheck): Call Test Case 'Test Cases/Mobile/Page/Login/Login' successfully

2021-12-23 10:17:12 - [TEST_STEP][PASSED] - callTestCase(findTestCase("Mobile/Page/Login/Login"), [:], CONTINUE_ON_FAILURE): Call Test Case 'Test Cases/Mobile/Page/Login/Login' successfully

2021-12-23 10:17:12 - [TEST_CASE][PASSED] - Test Cases/Mobile/Page/Login/Login: Test Cases/Mobile/Page/Login/Login

2021-12-23 10:17:12 - [TEST_STEP][PASSED] - delay(2): Delayed 2 second(s)

2021-12-23 10:17:14 - [MESSAGE][PASSED] - Delayed 2 second(s)

2021-12-23 10:17:14 - [TEST_STEP][PASSED] - tap(findTestObject("Mobile/Page/Login/Input - UserID"), 0): Tapped on element 'Object Repository/Mobile/Page/Login/Input - UserID'

2021-12-23 10:17:14 - [MESSAGE][WARNING] - Timeout '0' is invalid. Using default page load timeout: '60'

2021-12-23 10:17:14 - [MESSAGE][PASSED] - Tapped on element 'Object Repository/Mobile/Page/Login/Input - UserID'

2021-12-23 10:17:14 - [TEST_STEP][PASSED] - delay(1): Delayed 1 second(s)

2021-12-23 10:17:15 - [MESSAGE][PASSED] - Delayed 1 second(s)

2021-12-23 10:17:15 - [TEST_STEP][PASSED] - setText(findTestObject("Mobile/Page/Login/Input Rdy - UserID"), "anggaaditya", 0): Text 'anggaaditya' has been set to element 'Object Repository/Mobile/Page/Login/Input Rdy - UserID'

2021-12-23 10:17:15 - [MESSAGE][WARNING] - Timeout '0' is invalid. Using default page load timeout: '60'

2021-12-23 10:17:16 - [MESSAGE][PASSED] - Text 'anggaaditya' has been set to element 'Object Repository/Mobile/Page/Login/Input Rdy - UserID'

2021-12-23 10:17:16 - [TEST_STEP][PASSED] - delay(1): Delayed 1 second(s)

2021-12-23 10:17:17 - [MESSAGE][PASSED] - Delayed 1 second(s)

2021-12-23 10:17:17 - [TEST_STEP][PASSED] - hideKeyboard(): Keyboard is hidden

2021-12-23 10:17:25 - [MESSAGE][PASSED] - Keyboard is hidden

2021-12-23 10:17:25 - [TEST_STEP][PASSED] - tap(findTestObject("Mobile/Page/Login/Input - Password"), 0): Tapped on element 'Object Repository/Mobile/Page/Login/Input - Password'

2021-12-23 10:17:25 - [MESSAGE][WARNING] - Timeout '0' is invalid. Using default page load timeout: '60'

2021-12-23 10:17:25 - [MESSAGE][PASSED] - Tapped on element 'Object Repository/Mobile/Page/Login/Input - Password'

2021-12-23 10:17:25 - [TEST_STEP][PASSED] - delay(1): Delayed 1 second(s)

2021-12-23 10:17:26 - [MESSAGE][PASSED] - Delayed 1 second(s)

2021-12-23 10:17:26 - [TEST_STEP][PASSED] - setText(findTestObject("Mobile/Page/Login/Input Rdy - Password"), "Shalawa18", 0): Text 'Shalawa18' has been set to element 'Object Repository/Mobile/Page/Login/Input Rdy - Password'

2021-12-23 10:17:26 - [MESSAGE][WARNING] - Timeout '0' is invalid. Using default page load timeout: '60'

2021-12-23 10:17:27 - [MESSAGE][PASSED] - Text 'Shalawa18' has been set to element 'Object Repository/Mobile/Page/Login/Input Rdy - Password'

2021-12-23 10:17:27 - [TEST_STEP][PASSED] - delay(1): Delayed 1 second(s)

2021-12-23 10:17:28 - [MESSAGE][PASSED] - Delayed 1 second(s)

2021-12-23 10:17:28 - [TEST_STEP][PASSED] - hideKeyboard(): Keyboard is hidden

2021-12-23 10:17:38 - [MESSAGE][PASSED] - Keyboard is hidden

2021-12-23 10:17:38 - [TEST_STEP][PASSED] - tap(findTestObject("Mobile/Page/Login/Button - Login"), 0): Tapped on element 'Object Repository/Mobile/Page/Login/Button - Login'

2021-12-23 10:17:38 - [MESSAGE][WARNING] - Timeout '0' is invalid. Using default page load timeout: '60'

2021-12-23 10:17:39 - [MESSAGE][PASSED] - Tapped on element 'Object Repository/Mobile/Page/Login/Button - Login'

2021-12-23 10:17:39 - [TEST_STEP][PASSED] - delay(2): Delayed 2 second(s)

2021-12-23 10:17:41 - [MESSAGE][PASSED] - Delayed 2 second(s)

2021-12-23 10:17:41 - [MESSAGE][PASSED] - Call Test Case 'Test Cases/Mobile/Page/Login/Login' successfully

2021-12-23 10:17:41 - [MESSAGE][PASSED] - Call Test Case 'Test Cases/Mobile/Page/CheckLogin' successfully

2021-12-23 10:17:41 - [TEST_STEP][PASSED] - tap(findTestObject("Mobile/Page/Home/Menubar - News"), 0): Tapped on element 'Object Repository/Mobile/Page/Home/Menubar - News'

2021-12-23 10:17:41 - [MESSAGE][WARNING] - Timeout '0' is invalid. Using default page load timeout: '60'

2021-12-23 10:17:41 - [MESSAGE][PASSED] - Tapped on element 'Object Repository/Mobile/Page/Home/Menubar - News'

2021-12-23 10:17:41 - [TEST_STEP][PASSED] - delay(1): Delayed 1 second(s)

2021-12-23 10:17:42 - [MESSAGE][PASSED] - Delayed 1 second(s)

2021-12-23 10:17:42 - [TEST_STEP][PASSED] - for ([i = 0, i < 1, (i++)]): Delayed 3 second(s)

2021-12-23 10:17:42 - [TEST_STEP][PASSED] - if (tab == "macronews"): Tapped on element 'Object Repository/Mobile/Page/News/Tab - Macro'

2021-12-23 10:17:42 - [TEST_STEP][PASSED] - tap(findTestObject("Object Repository/Mobile/Page/News/Tab - Macro"), 0): Tapped on element 'Object Repository/Mobile/Page/News/Tab - Macro'

2021-12-23 10:17:42 - [MESSAGE][WARNING] - Timeout '0' is invalid. Using default page load timeout: '60'

2021-12-23 10:17:43 - [MESSAGE][PASSED] - Tapped on element 'Object Repository/Mobile/Page/News/Tab - Macro'

2021-12-23 10:17:43 - [TEST_STEP][PASSED] - delay(1): Delayed 1 second(s)

2021-12-23 10:17:44 - [MESSAGE][PASSED] - Delayed 1 second(s)

2021-12-23 10:17:44 - [TEST_STEP][PASSED] - if (tab != "worldindices"): Delayed 3 second(s)

2021-12-23 10:17:44 - [TEST_STEP][PASSED] - try: Delayed 3 second(s)

2021-12-23 10:17:44 - [TEST_STEP][PASSED] - tapAndHold(findTestObject("Mobile/Page/News/Item - Top News"), 1, 10): Tapped and held on element 'Object Repository/Mobile/Page/News/Item - Top News' with duration 1

2021-12-23 10:17:47 - [MESSAGE][PASSED] - Tapped and held on element 'Object Repository/Mobile/Page/News/Item - Top News' with duration 1

2021-12-23 10:17:47 - [TEST_STEP][PASSED] - delay(1): Delayed 1 second(s)

2021-12-23 10:17:48 - [MESSAGE][PASSED] - Delayed 1 second(s)

2021-12-23 10:17:48 - [TEST_STEP][PASSED] - scroll.scroll.scrollScreenBottomToTop(): scroll.scroll.scrollScreenBottomToTop is PASSED

2021-12-23 10:17:49 - [MESSAGE][PASSED] - Current device physical height is 1423

2021-12-23 10:17:49 - [MESSAGE][PASSED] - Current device physical width is 720

2021-12-23 10:17:50 - [MESSAGE][PASSED] - Swiped from 360,1,138 to 360,284

2021-12-23 10:17:50 - [MESSAGE][PASSED] - scroll.scroll.scrollScreenBottomToTop is PASSED

2021-12-23 10:17:50 - [TEST_STEP][PASSED] - delay(3): Delayed 3 second(s)

2021-12-23 10:17:53 - [MESSAGE][PASSED] - Delayed 3 second(s)

2021-12-23 10:17:53 - [MESSAGE][PASSED] - Call Test Case 'Test Cases/Mobile/Page/News/News' successfully

2021-12-23 10:17:53 - [TEST_STEP][PASSED] - callTestCase(findTestCase("Mobile/Page/Run App/Terminate App"), [:], STOP_ON_FAILURE): Call Test Case 'Test Cases/Mobile/Page/Run App/Terminate App' successfully

2021-12-23 10:17:53 - [TEST_CASE][PASSED] - Test Cases/Mobile/Page/Run App/Terminate App: Test Cases/Mobile/Page/Run App/Terminate App

2021-12-23 10:17:53 - [TEST_STEP][PASSED] - startApp.OpenApp.terminateApplication(): startApp.OpenApp.terminateApplication is PASSED

2021-12-23 10:17:56 - [MESSAGE][PASSED] - Delayed 3 second(s)

2021-12-23 10:17:56 - [MESSAGE][PASSED] - Current device physical width is 720

2021-12-23 10:17:57 - [MESSAGE][PASSED] - Current device physical height is 1423

2021-12-23 10:17:58 - [MESSAGE][PASSED] - Swiped from 360,853 to 360,142

2021-12-23 10:17:59 - [MESSAGE][PASSED] - Delayed 1 second(s)

2021-12-23 10:18:00 - [MESSAGE][PASSED] - Swiped from 360,853 to 360,142

2021-12-23 10:18:03 - [MESSAGE][PASSED] - Delayed 3 second(s)

2021-12-23 10:18:03 - [MESSAGE][PASSED] - startApp.OpenApp.terminateApplication is PASSED

2021-12-23 10:18:03 - [MESSAGE][PASSED] - Call Test Case 'Test Cases/Mobile/Page/Run App/Terminate App' successfully]]></system-out>
         <system-err><![CDATA[]]></system-err>
      </testcase>
      <system-out><![CDATA[2021-12-23 10:12:32 - [TEST_SUITE][PASSED] - news: Test Cases/Mobile/Scenario/News/005 - Macro News]]></system-out>
      <system-err><![CDATA[]]></system-err>
   </testsuite>
</testsuites>
