<?xml version="1.0" encoding="UTF-8"?>
<testsuites name="news" time="395.366" tests="5" failures="0" skips="0" errors="0">
   <testsuite name="news" tests="5" failures="0" errors="0" time="395.366" skips="0" timestamp="2022-01-14 10:54:53" hostname="Owner - aldy-tft" id="Test Suites/news">
      <properties>
         <property name="deviceName" value="samsung SM-A205F (Android 11)"/>
         <property name="devicePlatform" value=""/>
         <property name="logFolder" value="C:\\Users\\Owner\\Documents\\kerjaan\\KatalonProject\\qa_katalon_pwm\\qa_katalon_pwm\\Reports\\20220114_102003\\news\\20220114_102021"/>
         <property name="logFiles" value="C:\\Users\\Owner\\Documents\\kerjaan\\KatalonProject\\qa_katalon_pwm\\qa_katalon_pwm\\Reports\\20220114_102003\\news\\20220114_102021\\appium.log, C:\\Users\\Owner\\Documents\\kerjaan\\KatalonProject\\qa_katalon_pwm\\qa_katalon_pwm\\Reports\\20220114_102003\\news\\20220114_102021\\execution0.log"/>
         <property name="attachments" value=""/>
         <property name="hostName" value="Owner - aldy-tft"/>
         <property name="os" value="Windows 10 64bit"/>
         <property name="appiumServerStatus" value="{&quot;value&quot;:{&quot;build&quot;:{&quot;version&quot;:&quot;1.22.0&quot;}},&quot;sessionId&quot;:null,&quot;status&quot;:0}"/>
         <property name="katalonVersion" value="7.9.1.208"/>
         <property name="deviceOS" value="Android"/>
         <property name="appiumVersion" value="1.22.0"/>
         <property name="deviceModel" value="SM-A205F"/>
         <property name="hostAddress" value="10.0.50.27"/>
         <property name="deviceManufacturer" value="samsung"/>
         <property name="deviceId" value="RR8M40C9AXE"/>
         <property name="deviceName" value="samsung SM-A205F (Android 11)"/>
         <property name="deviceOSVersion" value="11"/>
      </properties>
      <testcase name="Test Cases/Mobile/Scenario/News/001 - News World Indices" time="118.104" classname="Test Cases/Mobile/Scenario/News/001 - News World Indices" status="PASSED">
         <system-out><![CDATA[2022-01-14 10:54:54 - [TEST_CASE][PASSED] - Test Cases/Mobile/Scenario/News/001 - News World Indices: Test Cases/Mobile/Scenario/News/001 - News World Indices

2022-01-14 10:54:54 - [TEST_STEP][PASSED] - callTestCase(findTestCase("Mobile/Page/Run App/Run App byID"), [:], STOP_ON_FAILURE): Call Test Case 'Test Cases/Mobile/Page/Run App/Run App byID' successfully

2022-01-14 10:54:55 - [TEST_CASE][PASSED] - Test Cases/Mobile/Page/Run App/Run App byID: Test Cases/Mobile/Page/Run App/Run App byID

2022-01-14 10:54:55 - [TEST_STEP][PASSED] - startApp.OpenApp.startApplication("id.co.miraeasset.sageclub"): startApp.OpenApp.startApplication is PASSED

2022-01-14 10:54:56 - [MESSAGE][INFO] - Appium server started on port 53,241

2022-01-14 10:55:13 - [MESSAGE][PASSED] - Starting app with application ID: 'id.co.miraeasset.sageclub'

2022-01-14 10:55:13 - [MESSAGE][PASSED] - startApp.OpenApp.startApplication is PASSED

2022-01-14 10:55:13 - [MESSAGE][PASSED] - Call Test Case 'Test Cases/Mobile/Page/Run App/Run App byID' successfully

2022-01-14 10:55:13 - [TEST_STEP][PASSED] - callTestCase(findTestCase("Mobile/Page/News/News"), ["tab":"worldindices"], CONTINUE_ON_FAILURE): Call Test Case 'Test Cases/Mobile/Page/News/News' successfully

2022-01-14 10:55:13 - [TEST_CASE][PASSED] - Test Cases/Mobile/Page/News/News: Test Cases/Mobile/Page/News/News

2022-01-14 10:55:15 - [TEST_STEP][PASSED] - callTestCase(findTestCase("Mobile/Page/CheckLogin"), [:], CONTINUE_ON_FAILURE): Call Test Case 'Test Cases/Mobile/Page/CheckLogin' successfully

2022-01-14 10:55:15 - [TEST_CASE][PASSED] - Test Cases/Mobile/Page/CheckLogin: Test Cases/Mobile/Page/CheckLogin

2022-01-14 10:55:15 - [TEST_STEP][PASSED] - loginCheck = verifyElementExist(LOGN_BtnLogin, 5, CONTINUE_ON_FAILURE): Element 'Object Repository/Mobile/Page/Login/Button - Login' is exist

2022-01-14 10:55:55 - [MESSAGE][PASSED] - Element 'Object Repository/Mobile/Page/Login/Button - Login' is exist

2022-01-14 10:55:55 - [TEST_STEP][PASSED] - if (loginCheck): Call Test Case 'Test Cases/Mobile/Page/Login/Login' successfully

2022-01-14 10:55:55 - [TEST_STEP][PASSED] - callTestCase(findTestCase("Mobile/Page/Login/Login"), ["action":"username"], CONTINUE_ON_FAILURE): Call Test Case 'Test Cases/Mobile/Page/Login/Login' successfully

2022-01-14 10:55:55 - [TEST_CASE][PASSED] - Test Cases/Mobile/Page/Login/Login: Test Cases/Mobile/Page/Login/Login

2022-01-14 10:55:56 - [TEST_STEP][PASSED] - delay(2): Delayed 2 second(s)

2022-01-14 10:55:58 - [MESSAGE][PASSED] - Delayed 2 second(s)

2022-01-14 10:55:58 - [TEST_STEP][PASSED] - for ([i = 0, i < 1, (i++)]): null

2022-01-14 10:55:58 - [TEST_STEP][PASSED] - if (action == "username"): null

2022-01-14 10:55:58 - [TEST_STEP][PASSED] - tap(LOGN_EdtUserID, 0): Tapped on element 'Object Repository/Mobile/Page/Login/Input - UserID'

2022-01-14 10:55:58 - [MESSAGE][WARNING] - Timeout '0' is invalid. Using default page load timeout: '60'

2022-01-14 10:55:59 - [MESSAGE][PASSED] - Tapped on element 'Object Repository/Mobile/Page/Login/Input - UserID'

2022-01-14 10:55:59 - [TEST_STEP][PASSED] - delay(1): Delayed 1 second(s)

2022-01-14 10:56:00 - [MESSAGE][PASSED] - Delayed 1 second(s)

2022-01-14 10:56:00 - [TEST_STEP][PASSED] - setText(LOGN_EdtRdyUserID, "anggaaditya", 0): Text 'anggaaditya' has been set to element 'Object Repository/Mobile/Page/Login/Input Rdy - UserID'

2022-01-14 10:56:00 - [MESSAGE][WARNING] - Timeout '0' is invalid. Using default page load timeout: '60'

2022-01-14 10:56:00 - [MESSAGE][PASSED] - Text 'anggaaditya' has been set to element 'Object Repository/Mobile/Page/Login/Input Rdy - UserID'

2022-01-14 10:56:00 - [TEST_STEP][PASSED] - delay(1): Delayed 1 second(s)

2022-01-14 10:56:01 - [MESSAGE][PASSED] - Delayed 1 second(s)

2022-01-14 10:56:01 - [TEST_STEP][PASSED] - hideKeyboard(): Keyboard is hidden

2022-01-14 10:56:05 - [MESSAGE][PASSED] - Keyboard is hidden

2022-01-14 10:56:05 - [TEST_STEP][PASSED] - tap(LOGN_EdtPassword, 0): Tapped on element 'Object Repository/Mobile/Page/Login/Input - Password'

2022-01-14 10:56:05 - [MESSAGE][WARNING] - Timeout '0' is invalid. Using default page load timeout: '60'

2022-01-14 10:56:06 - [MESSAGE][PASSED] - Tapped on element 'Object Repository/Mobile/Page/Login/Input - Password'

2022-01-14 10:56:06 - [TEST_STEP][PASSED] - delay(1): Delayed 1 second(s)

2022-01-14 10:56:07 - [MESSAGE][PASSED] - Delayed 1 second(s)

2022-01-14 10:56:07 - [TEST_STEP][PASSED] - setText(LOGN_EdtRdyPassword, "Shalawa18", 0): Text 'Shalawa18' has been set to element 'Object Repository/Mobile/Page/Login/Input Rdy - Password'

2022-01-14 10:56:07 - [MESSAGE][WARNING] - Timeout '0' is invalid. Using default page load timeout: '60'

2022-01-14 10:56:08 - [MESSAGE][PASSED] - Text 'Shalawa18' has been set to element 'Object Repository/Mobile/Page/Login/Input Rdy - Password'

2022-01-14 10:56:08 - [TEST_STEP][PASSED] - delay(1): Delayed 1 second(s)

2022-01-14 10:56:09 - [MESSAGE][PASSED] - Delayed 1 second(s)

2022-01-14 10:56:09 - [TEST_STEP][PASSED] - hideKeyboard(): Keyboard is hidden

2022-01-14 10:56:15 - [MESSAGE][PASSED] - Keyboard is hidden

2022-01-14 10:56:15 - [TEST_STEP][PASSED] - tap(LOGN_BtnLogin, 0): Tapped on element 'Object Repository/Mobile/Page/Login/Button - Login'

2022-01-14 10:56:15 - [MESSAGE][WARNING] - Timeout '0' is invalid. Using default page load timeout: '60'

2022-01-14 10:56:16 - [MESSAGE][PASSED] - Tapped on element 'Object Repository/Mobile/Page/Login/Button - Login'

2022-01-14 10:56:16 - [TEST_STEP][PASSED] - delay(2): Delayed 2 second(s)

2022-01-14 10:56:18 - [MESSAGE][PASSED] - Delayed 2 second(s)

2022-01-14 10:56:18 - [TEST_STEP][PASSED] - break: null

2022-01-14 10:56:18 - [MESSAGE][PASSED] - Call Test Case 'Test Cases/Mobile/Page/Login/Login' successfully

2022-01-14 10:56:18 - [MESSAGE][PASSED] - Call Test Case 'Test Cases/Mobile/Page/CheckLogin' successfully

2022-01-14 10:56:18 - [TEST_STEP][PASSED] - tap(HOME_MenubarNews, 0): Tapped on element 'Object Repository/Mobile/Page/Home/Menubar - News'

2022-01-14 10:56:18 - [MESSAGE][WARNING] - Timeout '0' is invalid. Using default page load timeout: '60'

2022-01-14 10:56:19 - [MESSAGE][PASSED] - Tapped on element 'Object Repository/Mobile/Page/Home/Menubar - News'

2022-01-14 10:56:19 - [TEST_STEP][PASSED] - delay(1): Delayed 1 second(s)

2022-01-14 10:56:20 - [MESSAGE][PASSED] - Delayed 1 second(s)

2022-01-14 10:56:20 - [TEST_STEP][PASSED] - for ([i = 0, i < 1, (i++)]): null

2022-01-14 10:56:20 - [TEST_STEP][PASSED] - if (tab == "macronews"): null

2022-01-14 10:56:20 - [TEST_STEP][PASSED] - else if (tab == "stocknews"): null

2022-01-14 10:56:20 - [TEST_STEP][PASSED] - else if (tab == "fundnews"): null

2022-01-14 10:56:20 - [TEST_STEP][PASSED] - else if (tab == "bondnews"): null

2022-01-14 10:56:20 - [TEST_STEP][PASSED] - else if (tab == "worldindices"): Delayed 3 second(s)

2022-01-14 10:56:20 - [TEST_STEP][PASSED] - scroll.scroll.scrollScreenRightToLeft(NEWS_TabMacro): scroll.scroll.scrollScreenRightToLeft is PASSED

2022-01-14 10:56:20 - [MESSAGE][WARNING] - Timeout '0' is invalid. Using default page load timeout: '60'

2022-01-14 10:56:22 - [MESSAGE][PASSED] - Object 'Object Repository/Mobile/Page/News/Tab - Macro' has left position '14'

2022-01-14 10:56:22 - [MESSAGE][WARNING] - Timeout '0' is invalid. Using default page load timeout: '60'

2022-01-14 10:56:22 - [MESSAGE][PASSED] - Object 'Object Repository/Mobile/Page/News/Tab - Macro' has top position '262'

2022-01-14 10:56:22 - [MESSAGE][WARNING] - Timeout '0' is invalid. Using default page load timeout: '60'

2022-01-14 10:56:22 - [MESSAGE][PASSED] - Object 'Object Repository/Mobile/Page/News/Tab - Macro' has width: '215'

2022-01-14 10:56:22 - [MESSAGE][WARNING] - Timeout '0' is invalid. Using default page load timeout: '60'

2022-01-14 10:56:22 - [MESSAGE][PASSED] - Object 'Object Repository/Mobile/Page/News/Tab - Macro' has height: '84'

2022-01-14 10:56:23 - [MESSAGE][PASSED] - Current device physical width is 720

2022-01-14 10:56:24 - [MESSAGE][PASSED] - Swiped from 620,304 to 100,304

2022-01-14 10:56:24 - [MESSAGE][PASSED] - scroll.scroll.scrollScreenRightToLeft is PASSED

2022-01-14 10:56:24 - [TEST_STEP][PASSED] - delay(1): Delayed 1 second(s)

2022-01-14 10:56:25 - [MESSAGE][PASSED] - Delayed 1 second(s)

2022-01-14 10:56:25 - [TEST_STEP][PASSED] - tap(NEWS_TabWorldIndices, 0): Tapped on element 'Object Repository/Mobile/Page/News/Tab - World Indices'

2022-01-14 10:56:25 - [MESSAGE][WARNING] - Timeout '0' is invalid. Using default page load timeout: '60'

2022-01-14 10:56:26 - [MESSAGE][PASSED] - Tapped on element 'Object Repository/Mobile/Page/News/Tab - World Indices'

2022-01-14 10:56:26 - [TEST_STEP][PASSED] - delay(1): Delayed 1 second(s)

2022-01-14 10:56:27 - [MESSAGE][PASSED] - Delayed 1 second(s)

2022-01-14 10:56:27 - [TEST_STEP][PASSED] - tap(NEWS_BtnIndices, 0): Tapped on element 'Object Repository/Mobile/Page/News/Button - Indices'

2022-01-14 10:56:27 - [MESSAGE][WARNING] - Timeout '0' is invalid. Using default page load timeout: '60'

2022-01-14 10:56:28 - [MESSAGE][PASSED] - Tapped on element 'Object Repository/Mobile/Page/News/Button - Indices'

2022-01-14 10:56:28 - [TEST_STEP][PASSED] - delay(3): Delayed 3 second(s)

2022-01-14 10:56:31 - [MESSAGE][PASSED] - Delayed 3 second(s)

2022-01-14 10:56:31 - [TEST_STEP][PASSED] - tap(NEWS_BtnCurrencies, 0): Tapped on element 'Object Repository/Mobile/Page/News/Button - Currencies'

2022-01-14 10:56:31 - [MESSAGE][WARNING] - Timeout '0' is invalid. Using default page load timeout: '60'

2022-01-14 10:56:32 - [MESSAGE][PASSED] - Tapped on element 'Object Repository/Mobile/Page/News/Button - Currencies'

2022-01-14 10:56:32 - [TEST_STEP][PASSED] - delay(3): Delayed 3 second(s)

2022-01-14 10:56:36 - [MESSAGE][PASSED] - Delayed 3 second(s)

2022-01-14 10:56:36 - [TEST_STEP][PASSED] - tap(NEWS_BtnCommodities, 0): Tapped on element 'Object Repository/Mobile/Page/News/Button - Commodities'

2022-01-14 10:56:36 - [MESSAGE][WARNING] - Timeout '0' is invalid. Using default page load timeout: '60'

2022-01-14 10:56:37 - [MESSAGE][PASSED] - Tapped on element 'Object Repository/Mobile/Page/News/Button - Commodities'

2022-01-14 10:56:37 - [TEST_STEP][PASSED] - delay(3): Delayed 3 second(s)

2022-01-14 10:56:40 - [MESSAGE][PASSED] - Delayed 3 second(s)

2022-01-14 10:56:40 - [TEST_STEP][PASSED] - delay(1): Delayed 1 second(s)

2022-01-14 10:56:41 - [MESSAGE][PASSED] - Delayed 1 second(s)

2022-01-14 10:56:41 - [TEST_STEP][PASSED] - if (tab != "worldindices"): null

2022-01-14 10:56:41 - [MESSAGE][PASSED] - Call Test Case 'Test Cases/Mobile/Page/News/News' successfully

2022-01-14 10:56:41 - [TEST_STEP][PASSED] - callTestCase(findTestCase("Mobile/Page/Run App/Terminate App"), [:], STOP_ON_FAILURE): Call Test Case 'Test Cases/Mobile/Page/Run App/Terminate App' successfully

2022-01-14 10:56:41 - [TEST_CASE][PASSED] - Test Cases/Mobile/Page/Run App/Terminate App: Test Cases/Mobile/Page/Run App/Terminate App

2022-01-14 10:56:42 - [TEST_STEP][PASSED] - startApp.OpenApp.terminateApplication(): startApp.OpenApp.terminateApplication is PASSED

2022-01-14 10:56:45 - [MESSAGE][PASSED] - Delayed 3 second(s)

2022-01-14 10:56:45 - [MESSAGE][PASSED] - Current device physical width is 720

2022-01-14 10:56:45 - [MESSAGE][PASSED] - Current device physical height is 1423

2022-01-14 10:56:47 - [MESSAGE][PASSED] - Swiped from 360,853 to 360,142

2022-01-14 10:56:48 - [MESSAGE][PASSED] - Delayed 1 second(s)

2022-01-14 10:56:49 - [MESSAGE][PASSED] - Swiped from 360,853 to 360,142

2022-01-14 10:56:52 - [MESSAGE][PASSED] - Delayed 3 second(s)

2022-01-14 10:56:52 - [MESSAGE][PASSED] - startApp.OpenApp.terminateApplication is PASSED

2022-01-14 10:56:52 - [MESSAGE][PASSED] - Call Test Case 'Test Cases/Mobile/Page/Run App/Terminate App' successfully]]></system-out>
         <system-err><![CDATA[]]></system-err>
      </testcase>
      <testcase name="Test Cases/Mobile/Scenario/News/002 - News Stock" time="63.847" classname="Test Cases/Mobile/Scenario/News/002 - News Stock" status="PASSED">
         <system-out><![CDATA[2022-01-14 10:56:52 - [TEST_CASE][PASSED] - Test Cases/Mobile/Scenario/News/002 - News Stock: Test Cases/Mobile/Scenario/News/002 - News Stock

2022-01-14 10:56:53 - [TEST_STEP][PASSED] - callTestCase(findTestCase("Mobile/Page/Run App/Run App byID"), [:], STOP_ON_FAILURE): Call Test Case 'Test Cases/Mobile/Page/Run App/Run App byID' successfully

2022-01-14 10:56:53 - [TEST_CASE][PASSED] - Test Cases/Mobile/Page/Run App/Run App byID: Test Cases/Mobile/Page/Run App/Run App byID

2022-01-14 10:56:53 - [TEST_STEP][PASSED] - startApp.OpenApp.startApplication("id.co.miraeasset.sageclub"): startApp.OpenApp.startApplication is PASSED

2022-01-14 10:57:06 - [MESSAGE][PASSED] - Starting app with application ID: 'id.co.miraeasset.sageclub'

2022-01-14 10:57:06 - [MESSAGE][PASSED] - startApp.OpenApp.startApplication is PASSED

2022-01-14 10:57:06 - [MESSAGE][PASSED] - Call Test Case 'Test Cases/Mobile/Page/Run App/Run App byID' successfully

2022-01-14 10:57:06 - [TEST_STEP][PASSED] - callTestCase(findTestCase("Mobile/Page/News/News"), ["tab":"stocknews"], CONTINUE_ON_FAILURE): Call Test Case 'Test Cases/Mobile/Page/News/News' successfully

2022-01-14 10:57:06 - [TEST_CASE][PASSED] - Test Cases/Mobile/Page/News/News: Test Cases/Mobile/Page/News/News

2022-01-14 10:57:06 - [TEST_STEP][PASSED] - callTestCase(findTestCase("Mobile/Page/CheckLogin"), [:], CONTINUE_ON_FAILURE): Call Test Case 'Test Cases/Mobile/Page/CheckLogin' successfully

2022-01-14 10:57:07 - [TEST_CASE][PASSED] - Test Cases/Mobile/Page/CheckLogin: Test Cases/Mobile/Page/CheckLogin

2022-01-14 10:57:07 - [TEST_STEP][PASSED] - loginCheck = verifyElementExist(LOGN_BtnLogin, 5, CONTINUE_ON_FAILURE): Element 'Object Repository/Mobile/Page/Login/Button - Login' is exist

2022-01-14 10:57:08 - [MESSAGE][PASSED] - Element 'Object Repository/Mobile/Page/Login/Button - Login' is exist

2022-01-14 10:57:08 - [TEST_STEP][PASSED] - if (loginCheck): Call Test Case 'Test Cases/Mobile/Page/Login/Login' successfully

2022-01-14 10:57:08 - [TEST_STEP][PASSED] - callTestCase(findTestCase("Mobile/Page/Login/Login"), ["action":"username"], CONTINUE_ON_FAILURE): Call Test Case 'Test Cases/Mobile/Page/Login/Login' successfully

2022-01-14 10:57:09 - [TEST_CASE][PASSED] - Test Cases/Mobile/Page/Login/Login: Test Cases/Mobile/Page/Login/Login

2022-01-14 10:57:09 - [TEST_STEP][PASSED] - delay(2): Delayed 2 second(s)

2022-01-14 10:57:11 - [MESSAGE][PASSED] - Delayed 2 second(s)

2022-01-14 10:57:11 - [TEST_STEP][PASSED] - for ([i = 0, i < 1, (i++)]): null

2022-01-14 10:57:11 - [TEST_STEP][PASSED] - if (action == "username"): null

2022-01-14 10:57:11 - [TEST_STEP][PASSED] - tap(LOGN_EdtUserID, 0): Tapped on element 'Object Repository/Mobile/Page/Login/Input - UserID'

2022-01-14 10:57:11 - [MESSAGE][WARNING] - Timeout '0' is invalid. Using default page load timeout: '60'

2022-01-14 10:57:11 - [MESSAGE][PASSED] - Tapped on element 'Object Repository/Mobile/Page/Login/Input - UserID'

2022-01-14 10:57:11 - [TEST_STEP][PASSED] - delay(1): Delayed 1 second(s)

2022-01-14 10:57:12 - [MESSAGE][PASSED] - Delayed 1 second(s)

2022-01-14 10:57:12 - [TEST_STEP][PASSED] - setText(LOGN_EdtRdyUserID, "anggaaditya", 0): Text 'anggaaditya' has been set to element 'Object Repository/Mobile/Page/Login/Input Rdy - UserID'

2022-01-14 10:57:12 - [MESSAGE][WARNING] - Timeout '0' is invalid. Using default page load timeout: '60'

2022-01-14 10:57:13 - [MESSAGE][PASSED] - Text 'anggaaditya' has been set to element 'Object Repository/Mobile/Page/Login/Input Rdy - UserID'

2022-01-14 10:57:13 - [TEST_STEP][PASSED] - delay(1): Delayed 1 second(s)

2022-01-14 10:57:14 - [MESSAGE][PASSED] - Delayed 1 second(s)

2022-01-14 10:57:14 - [TEST_STEP][PASSED] - hideKeyboard(): Keyboard is hidden

2022-01-14 10:57:18 - [MESSAGE][PASSED] - Keyboard is hidden

2022-01-14 10:57:18 - [TEST_STEP][PASSED] - tap(LOGN_EdtPassword, 0): Tapped on element 'Object Repository/Mobile/Page/Login/Input - Password'

2022-01-14 10:57:18 - [MESSAGE][WARNING] - Timeout '0' is invalid. Using default page load timeout: '60'

2022-01-14 10:57:18 - [MESSAGE][PASSED] - Tapped on element 'Object Repository/Mobile/Page/Login/Input - Password'

2022-01-14 10:57:18 - [TEST_STEP][PASSED] - delay(1): Delayed 1 second(s)

2022-01-14 10:57:19 - [MESSAGE][PASSED] - Delayed 1 second(s)

2022-01-14 10:57:19 - [TEST_STEP][PASSED] - setText(LOGN_EdtRdyPassword, "Shalawa18", 0): Text 'Shalawa18' has been set to element 'Object Repository/Mobile/Page/Login/Input Rdy - Password'

2022-01-14 10:57:19 - [MESSAGE][WARNING] - Timeout '0' is invalid. Using default page load timeout: '60'

2022-01-14 10:57:20 - [MESSAGE][PASSED] - Text 'Shalawa18' has been set to element 'Object Repository/Mobile/Page/Login/Input Rdy - Password'

2022-01-14 10:57:20 - [TEST_STEP][PASSED] - delay(1): Delayed 1 second(s)

2022-01-14 10:57:21 - [MESSAGE][PASSED] - Delayed 1 second(s)

2022-01-14 10:57:21 - [TEST_STEP][PASSED] - hideKeyboard(): Keyboard is hidden

2022-01-14 10:57:27 - [MESSAGE][PASSED] - Keyboard is hidden

2022-01-14 10:57:27 - [TEST_STEP][PASSED] - tap(LOGN_BtnLogin, 0): Tapped on element 'Object Repository/Mobile/Page/Login/Button - Login'

2022-01-14 10:57:27 - [MESSAGE][WARNING] - Timeout '0' is invalid. Using default page load timeout: '60'

2022-01-14 10:57:28 - [MESSAGE][PASSED] - Tapped on element 'Object Repository/Mobile/Page/Login/Button - Login'

2022-01-14 10:57:28 - [TEST_STEP][PASSED] - delay(2): Delayed 2 second(s)

2022-01-14 10:57:30 - [MESSAGE][PASSED] - Delayed 2 second(s)

2022-01-14 10:57:30 - [TEST_STEP][PASSED] - break: null

2022-01-14 10:57:30 - [MESSAGE][PASSED] - Call Test Case 'Test Cases/Mobile/Page/Login/Login' successfully

2022-01-14 10:57:30 - [MESSAGE][PASSED] - Call Test Case 'Test Cases/Mobile/Page/CheckLogin' successfully

2022-01-14 10:57:30 - [TEST_STEP][PASSED] - tap(HOME_MenubarNews, 0): Tapped on element 'Object Repository/Mobile/Page/Home/Menubar - News'

2022-01-14 10:57:30 - [MESSAGE][WARNING] - Timeout '0' is invalid. Using default page load timeout: '60'

2022-01-14 10:57:32 - [MESSAGE][PASSED] - Tapped on element 'Object Repository/Mobile/Page/Home/Menubar - News'

2022-01-14 10:57:32 - [TEST_STEP][PASSED] - delay(1): Delayed 1 second(s)

2022-01-14 10:57:33 - [MESSAGE][PASSED] - Delayed 1 second(s)

2022-01-14 10:57:33 - [TEST_STEP][PASSED] - for ([i = 0, i < 1, (i++)]): Delayed 3 second(s)

2022-01-14 10:57:33 - [TEST_STEP][PASSED] - if (tab == "macronews"): null

2022-01-14 10:57:33 - [TEST_STEP][PASSED] - else if (tab == "stocknews"): Tapped on element 'Object Repository/Mobile/Page/News/Tab - Stock'

2022-01-14 10:57:33 - [TEST_STEP][PASSED] - tap(NEWS_TabStock, 0): Tapped on element 'Object Repository/Mobile/Page/News/Tab - Stock'

2022-01-14 10:57:33 - [MESSAGE][WARNING] - Timeout '0' is invalid. Using default page load timeout: '60'

2022-01-14 10:57:35 - [MESSAGE][PASSED] - Tapped on element 'Object Repository/Mobile/Page/News/Tab - Stock'

2022-01-14 10:57:35 - [TEST_STEP][PASSED] - delay(1): Delayed 1 second(s)

2022-01-14 10:57:36 - [MESSAGE][PASSED] - Delayed 1 second(s)

2022-01-14 10:57:36 - [TEST_STEP][PASSED] - if (tab != "worldindices"): Delayed 3 second(s)

2022-01-14 10:57:36 - [TEST_STEP][PASSED] - try: Delayed 3 second(s)

2022-01-14 10:57:36 - [TEST_STEP][PASSED] - tapAndHold(NEWS_ItemTopNews, 1, 10): Tapped and held on element 'Object Repository/Mobile/Page/News/Item - Top News' with duration 1

2022-01-14 10:57:39 - [MESSAGE][PASSED] - Tapped and held on element 'Object Repository/Mobile/Page/News/Item - Top News' with duration 1

2022-01-14 10:57:39 - [TEST_STEP][PASSED] - delay(1): Delayed 1 second(s)

2022-01-14 10:57:40 - [MESSAGE][PASSED] - Delayed 1 second(s)

2022-01-14 10:57:40 - [TEST_STEP][PASSED] - scroll.scroll.scrollScreenBottomToTop(): scroll.scroll.scrollScreenBottomToTop is PASSED

2022-01-14 10:57:41 - [MESSAGE][PASSED] - Current device physical height is 1423

2022-01-14 10:57:41 - [MESSAGE][PASSED] - Current device physical width is 720

2022-01-14 10:57:42 - [MESSAGE][PASSED] - Swiped from 360,1,138 to 360,284

2022-01-14 10:57:42 - [MESSAGE][PASSED] - scroll.scroll.scrollScreenBottomToTop is PASSED

2022-01-14 10:57:42 - [TEST_STEP][PASSED] - delay(3): Delayed 3 second(s)

2022-01-14 10:57:45 - [MESSAGE][PASSED] - Delayed 3 second(s)

2022-01-14 10:57:45 - [MESSAGE][PASSED] - Call Test Case 'Test Cases/Mobile/Page/News/News' successfully

2022-01-14 10:57:45 - [TEST_STEP][PASSED] - callTestCase(findTestCase("Mobile/Page/Run App/Terminate App"), [:], STOP_ON_FAILURE): Call Test Case 'Test Cases/Mobile/Page/Run App/Terminate App' successfully

2022-01-14 10:57:45 - [TEST_CASE][PASSED] - Test Cases/Mobile/Page/Run App/Terminate App: Test Cases/Mobile/Page/Run App/Terminate App

2022-01-14 10:57:45 - [TEST_STEP][PASSED] - startApp.OpenApp.terminateApplication(): startApp.OpenApp.terminateApplication is PASSED

2022-01-14 10:57:49 - [MESSAGE][PASSED] - Delayed 3 second(s)

2022-01-14 10:57:49 - [MESSAGE][PASSED] - Current device physical width is 720

2022-01-14 10:57:49 - [MESSAGE][PASSED] - Current device physical height is 1423

2022-01-14 10:57:51 - [MESSAGE][PASSED] - Swiped from 360,853 to 360,142

2022-01-14 10:57:52 - [MESSAGE][PASSED] - Delayed 1 second(s)

2022-01-14 10:57:53 - [MESSAGE][PASSED] - Swiped from 360,853 to 360,142

2022-01-14 10:57:56 - [MESSAGE][PASSED] - Delayed 3 second(s)

2022-01-14 10:57:56 - [MESSAGE][PASSED] - startApp.OpenApp.terminateApplication is PASSED

2022-01-14 10:57:56 - [MESSAGE][PASSED] - Call Test Case 'Test Cases/Mobile/Page/Run App/Terminate App' successfully]]></system-out>
         <system-err><![CDATA[]]></system-err>
      </testcase>
      <testcase name="Test Cases/Mobile/Scenario/News/003 - News Fund" time="71.531" classname="Test Cases/Mobile/Scenario/News/003 - News Fund" status="PASSED">
         <system-out><![CDATA[2022-01-14 10:57:56 - [TEST_CASE][PASSED] - Test Cases/Mobile/Scenario/News/003 - News Fund: Test Cases/Mobile/Scenario/News/003 - News Fund

2022-01-14 10:57:57 - [TEST_STEP][PASSED] - callTestCase(findTestCase("Mobile/Page/Run App/Run App byID"), [:], STOP_ON_FAILURE): Call Test Case 'Test Cases/Mobile/Page/Run App/Run App byID' successfully

2022-01-14 10:57:57 - [TEST_CASE][PASSED] - Test Cases/Mobile/Page/Run App/Run App byID: Test Cases/Mobile/Page/Run App/Run App byID

2022-01-14 10:57:57 - [TEST_STEP][PASSED] - startApp.OpenApp.startApplication("id.co.miraeasset.sageclub"): startApp.OpenApp.startApplication is PASSED

2022-01-14 10:58:12 - [MESSAGE][PASSED] - Starting app with application ID: 'id.co.miraeasset.sageclub'

2022-01-14 10:58:12 - [MESSAGE][PASSED] - startApp.OpenApp.startApplication is PASSED

2022-01-14 10:58:12 - [MESSAGE][PASSED] - Call Test Case 'Test Cases/Mobile/Page/Run App/Run App byID' successfully

2022-01-14 10:58:12 - [TEST_STEP][PASSED] - callTestCase(findTestCase("Mobile/Page/News/News"), ["tab":"fundnews"], CONTINUE_ON_FAILURE): Call Test Case 'Test Cases/Mobile/Page/News/News' successfully

2022-01-14 10:58:12 - [TEST_CASE][PASSED] - Test Cases/Mobile/Page/News/News: Test Cases/Mobile/Page/News/News

2022-01-14 10:58:12 - [TEST_STEP][PASSED] - callTestCase(findTestCase("Mobile/Page/CheckLogin"), [:], CONTINUE_ON_FAILURE): Call Test Case 'Test Cases/Mobile/Page/CheckLogin' successfully

2022-01-14 10:58:12 - [TEST_CASE][PASSED] - Test Cases/Mobile/Page/CheckLogin: Test Cases/Mobile/Page/CheckLogin

2022-01-14 10:58:12 - [TEST_STEP][PASSED] - loginCheck = verifyElementExist(LOGN_BtnLogin, 5, CONTINUE_ON_FAILURE): Element 'Object Repository/Mobile/Page/Login/Button - Login' is exist

2022-01-14 10:58:14 - [MESSAGE][PASSED] - Element 'Object Repository/Mobile/Page/Login/Button - Login' is exist

2022-01-14 10:58:14 - [TEST_STEP][PASSED] - if (loginCheck): Call Test Case 'Test Cases/Mobile/Page/Login/Login' successfully

2022-01-14 10:58:14 - [TEST_STEP][PASSED] - callTestCase(findTestCase("Mobile/Page/Login/Login"), ["action":"username"], CONTINUE_ON_FAILURE): Call Test Case 'Test Cases/Mobile/Page/Login/Login' successfully

2022-01-14 10:58:14 - [TEST_CASE][PASSED] - Test Cases/Mobile/Page/Login/Login: Test Cases/Mobile/Page/Login/Login

2022-01-14 10:58:14 - [TEST_STEP][PASSED] - delay(2): Delayed 2 second(s)

2022-01-14 10:58:16 - [MESSAGE][PASSED] - Delayed 2 second(s)

2022-01-14 10:58:16 - [TEST_STEP][PASSED] - for ([i = 0, i < 1, (i++)]): null

2022-01-14 10:58:16 - [TEST_STEP][PASSED] - if (action == "username"): null

2022-01-14 10:58:16 - [TEST_STEP][PASSED] - tap(LOGN_EdtUserID, 0): Tapped on element 'Object Repository/Mobile/Page/Login/Input - UserID'

2022-01-14 10:58:16 - [MESSAGE][WARNING] - Timeout '0' is invalid. Using default page load timeout: '60'

2022-01-14 10:58:17 - [MESSAGE][PASSED] - Tapped on element 'Object Repository/Mobile/Page/Login/Input - UserID'

2022-01-14 10:58:17 - [TEST_STEP][PASSED] - delay(1): Delayed 1 second(s)

2022-01-14 10:58:18 - [MESSAGE][PASSED] - Delayed 1 second(s)

2022-01-14 10:58:18 - [TEST_STEP][PASSED] - setText(LOGN_EdtRdyUserID, "anggaaditya", 0): Text 'anggaaditya' has been set to element 'Object Repository/Mobile/Page/Login/Input Rdy - UserID'

2022-01-14 10:58:18 - [MESSAGE][WARNING] - Timeout '0' is invalid. Using default page load timeout: '60'

2022-01-14 10:58:19 - [MESSAGE][PASSED] - Text 'anggaaditya' has been set to element 'Object Repository/Mobile/Page/Login/Input Rdy - UserID'

2022-01-14 10:58:19 - [TEST_STEP][PASSED] - delay(1): Delayed 1 second(s)

2022-01-14 10:58:20 - [MESSAGE][PASSED] - Delayed 1 second(s)

2022-01-14 10:58:20 - [TEST_STEP][PASSED] - hideKeyboard(): Keyboard is hidden

2022-01-14 10:58:28 - [MESSAGE][PASSED] - Keyboard is hidden

2022-01-14 10:58:28 - [TEST_STEP][PASSED] - tap(LOGN_EdtPassword, 0): Tapped on element 'Object Repository/Mobile/Page/Login/Input - Password'

2022-01-14 10:58:28 - [MESSAGE][WARNING] - Timeout '0' is invalid. Using default page load timeout: '60'

2022-01-14 10:58:28 - [MESSAGE][PASSED] - Tapped on element 'Object Repository/Mobile/Page/Login/Input - Password'

2022-01-14 10:58:28 - [TEST_STEP][PASSED] - delay(1): Delayed 1 second(s)

2022-01-14 10:58:29 - [MESSAGE][PASSED] - Delayed 1 second(s)

2022-01-14 10:58:29 - [TEST_STEP][PASSED] - setText(LOGN_EdtRdyPassword, "Shalawa18", 0): Text 'Shalawa18' has been set to element 'Object Repository/Mobile/Page/Login/Input Rdy - Password'

2022-01-14 10:58:29 - [MESSAGE][WARNING] - Timeout '0' is invalid. Using default page load timeout: '60'

2022-01-14 10:58:30 - [MESSAGE][PASSED] - Text 'Shalawa18' has been set to element 'Object Repository/Mobile/Page/Login/Input Rdy - Password'

2022-01-14 10:58:30 - [TEST_STEP][PASSED] - delay(1): Delayed 1 second(s)

2022-01-14 10:58:31 - [MESSAGE][PASSED] - Delayed 1 second(s)

2022-01-14 10:58:31 - [TEST_STEP][PASSED] - hideKeyboard(): Keyboard is hidden

2022-01-14 10:58:40 - [MESSAGE][PASSED] - Keyboard is hidden

2022-01-14 10:58:40 - [TEST_STEP][PASSED] - tap(LOGN_BtnLogin, 0): Tapped on element 'Object Repository/Mobile/Page/Login/Button - Login'

2022-01-14 10:58:40 - [MESSAGE][WARNING] - Timeout '0' is invalid. Using default page load timeout: '60'

2022-01-14 10:58:41 - [MESSAGE][PASSED] - Tapped on element 'Object Repository/Mobile/Page/Login/Button - Login'

2022-01-14 10:58:41 - [TEST_STEP][PASSED] - delay(2): Delayed 2 second(s)

2022-01-14 10:58:43 - [MESSAGE][PASSED] - Delayed 2 second(s)

2022-01-14 10:58:43 - [TEST_STEP][PASSED] - break: null

2022-01-14 10:58:43 - [MESSAGE][PASSED] - Call Test Case 'Test Cases/Mobile/Page/Login/Login' successfully

2022-01-14 10:58:43 - [MESSAGE][PASSED] - Call Test Case 'Test Cases/Mobile/Page/CheckLogin' successfully

2022-01-14 10:58:43 - [TEST_STEP][PASSED] - tap(HOME_MenubarNews, 0): Tapped on element 'Object Repository/Mobile/Page/Home/Menubar - News'

2022-01-14 10:58:43 - [MESSAGE][WARNING] - Timeout '0' is invalid. Using default page load timeout: '60'

2022-01-14 10:58:44 - [MESSAGE][PASSED] - Tapped on element 'Object Repository/Mobile/Page/Home/Menubar - News'

2022-01-14 10:58:44 - [TEST_STEP][PASSED] - delay(1): Delayed 1 second(s)

2022-01-14 10:58:45 - [MESSAGE][PASSED] - Delayed 1 second(s)

2022-01-14 10:58:45 - [TEST_STEP][PASSED] - for ([i = 0, i < 1, (i++)]): Delayed 3 second(s)

2022-01-14 10:58:45 - [TEST_STEP][PASSED] - if (tab == "macronews"): null

2022-01-14 10:58:45 - [TEST_STEP][PASSED] - else if (tab == "stocknews"): null

2022-01-14 10:58:45 - [TEST_STEP][PASSED] - else if (tab == "fundnews"): Tapped on element 'Object Repository/Mobile/Page/News/Tab - Fund'

2022-01-14 10:58:45 - [TEST_STEP][PASSED] - tap(NEWS_TabFund, 0): Tapped on element 'Object Repository/Mobile/Page/News/Tab - Fund'

2022-01-14 10:58:45 - [MESSAGE][WARNING] - Timeout '0' is invalid. Using default page load timeout: '60'

2022-01-14 10:58:47 - [MESSAGE][PASSED] - Tapped on element 'Object Repository/Mobile/Page/News/Tab - Fund'

2022-01-14 10:58:47 - [TEST_STEP][PASSED] - delay(1): Delayed 1 second(s)

2022-01-14 10:58:48 - [MESSAGE][PASSED] - Delayed 1 second(s)

2022-01-14 10:58:48 - [TEST_STEP][PASSED] - if (tab != "worldindices"): Delayed 3 second(s)

2022-01-14 10:58:48 - [TEST_STEP][PASSED] - try: Delayed 3 second(s)

2022-01-14 10:58:48 - [TEST_STEP][PASSED] - tapAndHold(NEWS_ItemTopNews, 1, 10): Tapped and held on element 'Object Repository/Mobile/Page/News/Item - Top News' with duration 1

2022-01-14 10:58:51 - [MESSAGE][PASSED] - Tapped and held on element 'Object Repository/Mobile/Page/News/Item - Top News' with duration 1

2022-01-14 10:58:51 - [TEST_STEP][PASSED] - delay(1): Delayed 1 second(s)

2022-01-14 10:58:52 - [MESSAGE][PASSED] - Delayed 1 second(s)

2022-01-14 10:58:52 - [TEST_STEP][PASSED] - scroll.scroll.scrollScreenBottomToTop(): scroll.scroll.scrollScreenBottomToTop is PASSED

2022-01-14 10:58:52 - [MESSAGE][PASSED] - Current device physical height is 1423

2022-01-14 10:58:53 - [MESSAGE][PASSED] - Current device physical width is 720

2022-01-14 10:58:54 - [MESSAGE][PASSED] - Swiped from 360,1,138 to 360,284

2022-01-14 10:58:54 - [MESSAGE][PASSED] - scroll.scroll.scrollScreenBottomToTop is PASSED

2022-01-14 10:58:54 - [TEST_STEP][PASSED] - delay(3): Delayed 3 second(s)

2022-01-14 10:58:57 - [MESSAGE][PASSED] - Delayed 3 second(s)

2022-01-14 10:58:57 - [MESSAGE][PASSED] - Call Test Case 'Test Cases/Mobile/Page/News/News' successfully

2022-01-14 10:58:57 - [TEST_STEP][PASSED] - callTestCase(findTestCase("Mobile/Page/Run App/Terminate App"), [:], STOP_ON_FAILURE): Call Test Case 'Test Cases/Mobile/Page/Run App/Terminate App' successfully

2022-01-14 10:58:57 - [TEST_CASE][PASSED] - Test Cases/Mobile/Page/Run App/Terminate App: Test Cases/Mobile/Page/Run App/Terminate App

2022-01-14 10:58:57 - [TEST_STEP][PASSED] - startApp.OpenApp.terminateApplication(): startApp.OpenApp.terminateApplication is PASSED

2022-01-14 10:59:00 - [MESSAGE][PASSED] - Delayed 3 second(s)

2022-01-14 10:59:01 - [MESSAGE][PASSED] - Current device physical width is 720

2022-01-14 10:59:01 - [MESSAGE][PASSED] - Current device physical height is 1423

2022-01-14 10:59:02 - [MESSAGE][PASSED] - Swiped from 360,853 to 360,142

2022-01-14 10:59:03 - [MESSAGE][PASSED] - Delayed 1 second(s)

2022-01-14 10:59:05 - [MESSAGE][PASSED] - Swiped from 360,853 to 360,142

2022-01-14 10:59:08 - [MESSAGE][PASSED] - Delayed 3 second(s)

2022-01-14 10:59:08 - [MESSAGE][PASSED] - startApp.OpenApp.terminateApplication is PASSED

2022-01-14 10:59:08 - [MESSAGE][PASSED] - Call Test Case 'Test Cases/Mobile/Page/Run App/Terminate App' successfully]]></system-out>
         <system-err><![CDATA[]]></system-err>
      </testcase>
      <testcase name="Test Cases/Mobile/Scenario/News/004 - Bond News" time="71.717" classname="Test Cases/Mobile/Scenario/News/004 - Bond News" status="PASSED">
         <system-out><![CDATA[2022-01-14 10:59:08 - [TEST_CASE][PASSED] - Test Cases/Mobile/Scenario/News/004 - Bond News: Test Cases/Mobile/Scenario/News/004 - Bond News

2022-01-14 10:59:08 - [TEST_STEP][PASSED] - callTestCase(findTestCase("Mobile/Page/Run App/Run App byID"), [:], STOP_ON_FAILURE): Call Test Case 'Test Cases/Mobile/Page/Run App/Run App byID' successfully

2022-01-14 10:59:08 - [TEST_CASE][PASSED] - Test Cases/Mobile/Page/Run App/Run App byID: Test Cases/Mobile/Page/Run App/Run App byID

2022-01-14 10:59:08 - [TEST_STEP][PASSED] - startApp.OpenApp.startApplication("id.co.miraeasset.sageclub"): startApp.OpenApp.startApplication is PASSED

2022-01-14 10:59:23 - [MESSAGE][PASSED] - Starting app with application ID: 'id.co.miraeasset.sageclub'

2022-01-14 10:59:23 - [MESSAGE][PASSED] - startApp.OpenApp.startApplication is PASSED

2022-01-14 10:59:23 - [MESSAGE][PASSED] - Call Test Case 'Test Cases/Mobile/Page/Run App/Run App byID' successfully

2022-01-14 10:59:23 - [TEST_STEP][PASSED] - callTestCase(findTestCase("Mobile/Page/News/News"), ["tab":"bondnews"], CONTINUE_ON_FAILURE): Call Test Case 'Test Cases/Mobile/Page/News/News' successfully

2022-01-14 10:59:23 - [TEST_CASE][PASSED] - Test Cases/Mobile/Page/News/News: Test Cases/Mobile/Page/News/News

2022-01-14 10:59:23 - [TEST_STEP][PASSED] - callTestCase(findTestCase("Mobile/Page/CheckLogin"), [:], CONTINUE_ON_FAILURE): Call Test Case 'Test Cases/Mobile/Page/CheckLogin' successfully

2022-01-14 10:59:23 - [TEST_CASE][PASSED] - Test Cases/Mobile/Page/CheckLogin: Test Cases/Mobile/Page/CheckLogin

2022-01-14 10:59:23 - [TEST_STEP][PASSED] - loginCheck = verifyElementExist(LOGN_BtnLogin, 5, CONTINUE_ON_FAILURE): Element 'Object Repository/Mobile/Page/Login/Button - Login' is exist

2022-01-14 10:59:25 - [MESSAGE][PASSED] - Element 'Object Repository/Mobile/Page/Login/Button - Login' is exist

2022-01-14 10:59:25 - [TEST_STEP][PASSED] - if (loginCheck): Call Test Case 'Test Cases/Mobile/Page/Login/Login' successfully

2022-01-14 10:59:25 - [TEST_STEP][PASSED] - callTestCase(findTestCase("Mobile/Page/Login/Login"), ["action":"username"], CONTINUE_ON_FAILURE): Call Test Case 'Test Cases/Mobile/Page/Login/Login' successfully

2022-01-14 10:59:25 - [TEST_CASE][PASSED] - Test Cases/Mobile/Page/Login/Login: Test Cases/Mobile/Page/Login/Login

2022-01-14 10:59:25 - [TEST_STEP][PASSED] - delay(2): Delayed 2 second(s)

2022-01-14 10:59:28 - [MESSAGE][PASSED] - Delayed 2 second(s)

2022-01-14 10:59:28 - [TEST_STEP][PASSED] - for ([i = 0, i < 1, (i++)]): null

2022-01-14 10:59:28 - [TEST_STEP][PASSED] - if (action == "username"): null

2022-01-14 10:59:28 - [TEST_STEP][PASSED] - tap(LOGN_EdtUserID, 0): Tapped on element 'Object Repository/Mobile/Page/Login/Input - UserID'

2022-01-14 10:59:28 - [MESSAGE][WARNING] - Timeout '0' is invalid. Using default page load timeout: '60'

2022-01-14 10:59:28 - [MESSAGE][PASSED] - Tapped on element 'Object Repository/Mobile/Page/Login/Input - UserID'

2022-01-14 10:59:28 - [TEST_STEP][PASSED] - delay(1): Delayed 1 second(s)

2022-01-14 10:59:29 - [MESSAGE][PASSED] - Delayed 1 second(s)

2022-01-14 10:59:29 - [TEST_STEP][PASSED] - setText(LOGN_EdtRdyUserID, "anggaaditya", 0): Text 'anggaaditya' has been set to element 'Object Repository/Mobile/Page/Login/Input Rdy - UserID'

2022-01-14 10:59:29 - [MESSAGE][WARNING] - Timeout '0' is invalid. Using default page load timeout: '60'

2022-01-14 10:59:31 - [MESSAGE][PASSED] - Text 'anggaaditya' has been set to element 'Object Repository/Mobile/Page/Login/Input Rdy - UserID'

2022-01-14 10:59:31 - [TEST_STEP][PASSED] - delay(1): Delayed 1 second(s)

2022-01-14 10:59:32 - [MESSAGE][PASSED] - Delayed 1 second(s)

2022-01-14 10:59:32 - [TEST_STEP][PASSED] - hideKeyboard(): Keyboard is hidden

2022-01-14 10:59:38 - [MESSAGE][PASSED] - Keyboard is hidden

2022-01-14 10:59:38 - [TEST_STEP][PASSED] - tap(LOGN_EdtPassword, 0): Tapped on element 'Object Repository/Mobile/Page/Login/Input - Password'

2022-01-14 10:59:38 - [MESSAGE][WARNING] - Timeout '0' is invalid. Using default page load timeout: '60'

2022-01-14 10:59:39 - [MESSAGE][PASSED] - Tapped on element 'Object Repository/Mobile/Page/Login/Input - Password'

2022-01-14 10:59:39 - [TEST_STEP][PASSED] - delay(1): Delayed 1 second(s)

2022-01-14 10:59:40 - [MESSAGE][PASSED] - Delayed 1 second(s)

2022-01-14 10:59:40 - [TEST_STEP][PASSED] - setText(LOGN_EdtRdyPassword, "Shalawa18", 0): Text 'Shalawa18' has been set to element 'Object Repository/Mobile/Page/Login/Input Rdy - Password'

2022-01-14 10:59:40 - [MESSAGE][WARNING] - Timeout '0' is invalid. Using default page load timeout: '60'

2022-01-14 10:59:40 - [MESSAGE][PASSED] - Text 'Shalawa18' has been set to element 'Object Repository/Mobile/Page/Login/Input Rdy - Password'

2022-01-14 10:59:40 - [TEST_STEP][PASSED] - delay(1): Delayed 1 second(s)

2022-01-14 10:59:41 - [MESSAGE][PASSED] - Delayed 1 second(s)

2022-01-14 10:59:41 - [TEST_STEP][PASSED] - hideKeyboard(): Keyboard is hidden

2022-01-14 10:59:52 - [MESSAGE][PASSED] - Keyboard is hidden

2022-01-14 10:59:52 - [TEST_STEP][PASSED] - tap(LOGN_BtnLogin, 0): Tapped on element 'Object Repository/Mobile/Page/Login/Button - Login'

2022-01-14 10:59:52 - [MESSAGE][WARNING] - Timeout '0' is invalid. Using default page load timeout: '60'

2022-01-14 10:59:53 - [MESSAGE][PASSED] - Tapped on element 'Object Repository/Mobile/Page/Login/Button - Login'

2022-01-14 10:59:53 - [TEST_STEP][PASSED] - delay(2): Delayed 2 second(s)

2022-01-14 10:59:55 - [MESSAGE][PASSED] - Delayed 2 second(s)

2022-01-14 10:59:55 - [TEST_STEP][PASSED] - break: null

2022-01-14 10:59:55 - [MESSAGE][PASSED] - Call Test Case 'Test Cases/Mobile/Page/Login/Login' successfully

2022-01-14 10:59:55 - [MESSAGE][PASSED] - Call Test Case 'Test Cases/Mobile/Page/CheckLogin' successfully

2022-01-14 10:59:55 - [TEST_STEP][PASSED] - tap(HOME_MenubarNews, 0): Tapped on element 'Object Repository/Mobile/Page/Home/Menubar - News'

2022-01-14 10:59:55 - [MESSAGE][WARNING] - Timeout '0' is invalid. Using default page load timeout: '60'

2022-01-14 10:59:56 - [MESSAGE][PASSED] - Tapped on element 'Object Repository/Mobile/Page/Home/Menubar - News'

2022-01-14 10:59:56 - [TEST_STEP][PASSED] - delay(1): Delayed 1 second(s)

2022-01-14 10:59:57 - [MESSAGE][PASSED] - Delayed 1 second(s)

2022-01-14 10:59:57 - [TEST_STEP][PASSED] - for ([i = 0, i < 1, (i++)]): Delayed 3 second(s)

2022-01-14 10:59:57 - [TEST_STEP][PASSED] - if (tab == "macronews"): null

2022-01-14 10:59:57 - [TEST_STEP][PASSED] - else if (tab == "stocknews"): null

2022-01-14 10:59:57 - [TEST_STEP][PASSED] - else if (tab == "fundnews"): null

2022-01-14 10:59:57 - [TEST_STEP][PASSED] - else if (tab == "bondnews"): Tapped on element 'Object Repository/Mobile/Page/News/Tab - Bond'

2022-01-14 10:59:57 - [TEST_STEP][PASSED] - tap(NEWS_TabBond, 0): Tapped on element 'Object Repository/Mobile/Page/News/Tab - Bond'

2022-01-14 10:59:57 - [MESSAGE][WARNING] - Timeout '0' is invalid. Using default page load timeout: '60'

2022-01-14 10:59:59 - [MESSAGE][PASSED] - Tapped on element 'Object Repository/Mobile/Page/News/Tab - Bond'

2022-01-14 10:59:59 - [TEST_STEP][PASSED] - delay(1): Delayed 1 second(s)

2022-01-14 11:00:00 - [MESSAGE][PASSED] - Delayed 1 second(s)

2022-01-14 11:00:00 - [TEST_STEP][PASSED] - if (tab != "worldindices"): Delayed 3 second(s)

2022-01-14 11:00:00 - [TEST_STEP][PASSED] - try: Delayed 3 second(s)

2022-01-14 11:00:00 - [TEST_STEP][PASSED] - tapAndHold(NEWS_ItemTopNews, 1, 10): Tapped and held on element 'Object Repository/Mobile/Page/News/Item - Top News' with duration 1

2022-01-14 11:00:03 - [MESSAGE][PASSED] - Tapped and held on element 'Object Repository/Mobile/Page/News/Item - Top News' with duration 1

2022-01-14 11:00:03 - [TEST_STEP][PASSED] - delay(1): Delayed 1 second(s)

2022-01-14 11:00:04 - [MESSAGE][PASSED] - Delayed 1 second(s)

2022-01-14 11:00:04 - [TEST_STEP][PASSED] - scroll.scroll.scrollScreenBottomToTop(): scroll.scroll.scrollScreenBottomToTop is PASSED

2022-01-14 11:00:04 - [MESSAGE][PASSED] - Current device physical height is 1423

2022-01-14 11:00:05 - [MESSAGE][PASSED] - Current device physical width is 720

2022-01-14 11:00:06 - [MESSAGE][PASSED] - Swiped from 360,1,138 to 360,284

2022-01-14 11:00:06 - [MESSAGE][PASSED] - scroll.scroll.scrollScreenBottomToTop is PASSED

2022-01-14 11:00:06 - [TEST_STEP][PASSED] - delay(3): Delayed 3 second(s)

2022-01-14 11:00:09 - [MESSAGE][PASSED] - Delayed 3 second(s)

2022-01-14 11:00:09 - [MESSAGE][PASSED] - Call Test Case 'Test Cases/Mobile/Page/News/News' successfully

2022-01-14 11:00:09 - [TEST_STEP][PASSED] - callTestCase(findTestCase("Mobile/Page/Run App/Terminate App"), [:], STOP_ON_FAILURE): Call Test Case 'Test Cases/Mobile/Page/Run App/Terminate App' successfully

2022-01-14 11:00:09 - [TEST_CASE][PASSED] - Test Cases/Mobile/Page/Run App/Terminate App: Test Cases/Mobile/Page/Run App/Terminate App

2022-01-14 11:00:09 - [TEST_STEP][PASSED] - startApp.OpenApp.terminateApplication(): startApp.OpenApp.terminateApplication is PASSED

2022-01-14 11:00:12 - [MESSAGE][PASSED] - Delayed 3 second(s)

2022-01-14 11:00:12 - [MESSAGE][PASSED] - Current device physical width is 720

2022-01-14 11:00:13 - [MESSAGE][PASSED] - Current device physical height is 1423

2022-01-14 11:00:14 - [MESSAGE][PASSED] - Swiped from 360,853 to 360,142

2022-01-14 11:00:15 - [MESSAGE][PASSED] - Delayed 1 second(s)

2022-01-14 11:00:16 - [MESSAGE][PASSED] - Swiped from 360,853 to 360,142

2022-01-14 11:00:19 - [MESSAGE][PASSED] - Delayed 3 second(s)

2022-01-14 11:00:19 - [MESSAGE][PASSED] - startApp.OpenApp.terminateApplication is PASSED

2022-01-14 11:00:19 - [MESSAGE][PASSED] - Call Test Case 'Test Cases/Mobile/Page/Run App/Terminate App' successfully]]></system-out>
         <system-err><![CDATA[]]></system-err>
      </testcase>
      <testcase name="Test Cases/Mobile/Scenario/News/005 - Macro News" time="68.903" classname="Test Cases/Mobile/Scenario/News/005 - Macro News" status="PASSED">
         <system-out><![CDATA[2022-01-14 11:00:19 - [TEST_CASE][PASSED] - Test Cases/Mobile/Scenario/News/005 - Macro News: Test Cases/Mobile/Scenario/News/005 - Macro News

2022-01-14 11:00:20 - [TEST_STEP][PASSED] - callTestCase(findTestCase("Mobile/Page/Run App/Run App byID"), [:], STOP_ON_FAILURE): Call Test Case 'Test Cases/Mobile/Page/Run App/Run App byID' successfully

2022-01-14 11:00:20 - [TEST_CASE][PASSED] - Test Cases/Mobile/Page/Run App/Run App byID: Test Cases/Mobile/Page/Run App/Run App byID

2022-01-14 11:00:20 - [TEST_STEP][PASSED] - startApp.OpenApp.startApplication("id.co.miraeasset.sageclub"): startApp.OpenApp.startApplication is PASSED

2022-01-14 11:00:34 - [MESSAGE][PASSED] - Starting app with application ID: 'id.co.miraeasset.sageclub'

2022-01-14 11:00:34 - [MESSAGE][PASSED] - startApp.OpenApp.startApplication is PASSED

2022-01-14 11:00:34 - [MESSAGE][PASSED] - Call Test Case 'Test Cases/Mobile/Page/Run App/Run App byID' successfully

2022-01-14 11:00:34 - [TEST_STEP][PASSED] - callTestCase(findTestCase("Mobile/Page/News/News"), ["tab":"macronews"], CONTINUE_ON_FAILURE): Call Test Case 'Test Cases/Mobile/Page/News/News' successfully

2022-01-14 11:00:34 - [TEST_CASE][PASSED] - Test Cases/Mobile/Page/News/News: Test Cases/Mobile/Page/News/News

2022-01-14 11:00:34 - [TEST_STEP][PASSED] - callTestCase(findTestCase("Mobile/Page/CheckLogin"), [:], CONTINUE_ON_FAILURE): Call Test Case 'Test Cases/Mobile/Page/CheckLogin' successfully

2022-01-14 11:00:34 - [TEST_CASE][PASSED] - Test Cases/Mobile/Page/CheckLogin: Test Cases/Mobile/Page/CheckLogin

2022-01-14 11:00:34 - [TEST_STEP][PASSED] - loginCheck = verifyElementExist(LOGN_BtnLogin, 5, CONTINUE_ON_FAILURE): Element 'Object Repository/Mobile/Page/Login/Button - Login' is exist

2022-01-14 11:00:36 - [MESSAGE][PASSED] - Element 'Object Repository/Mobile/Page/Login/Button - Login' is exist

2022-01-14 11:00:36 - [TEST_STEP][PASSED] - if (loginCheck): Call Test Case 'Test Cases/Mobile/Page/Login/Login' successfully

2022-01-14 11:00:36 - [TEST_STEP][PASSED] - callTestCase(findTestCase("Mobile/Page/Login/Login"), ["action":"username"], CONTINUE_ON_FAILURE): Call Test Case 'Test Cases/Mobile/Page/Login/Login' successfully

2022-01-14 11:00:36 - [TEST_CASE][PASSED] - Test Cases/Mobile/Page/Login/Login: Test Cases/Mobile/Page/Login/Login

2022-01-14 11:00:36 - [TEST_STEP][PASSED] - delay(2): Delayed 2 second(s)

2022-01-14 11:00:38 - [MESSAGE][PASSED] - Delayed 2 second(s)

2022-01-14 11:00:38 - [TEST_STEP][PASSED] - for ([i = 0, i < 1, (i++)]): null

2022-01-14 11:00:38 - [TEST_STEP][PASSED] - if (action == "username"): null

2022-01-14 11:00:38 - [TEST_STEP][PASSED] - tap(LOGN_EdtUserID, 0): Tapped on element 'Object Repository/Mobile/Page/Login/Input - UserID'

2022-01-14 11:00:38 - [MESSAGE][WARNING] - Timeout '0' is invalid. Using default page load timeout: '60'

2022-01-14 11:00:39 - [MESSAGE][PASSED] - Tapped on element 'Object Repository/Mobile/Page/Login/Input - UserID'

2022-01-14 11:00:39 - [TEST_STEP][PASSED] - delay(1): Delayed 1 second(s)

2022-01-14 11:00:40 - [MESSAGE][PASSED] - Delayed 1 second(s)

2022-01-14 11:00:40 - [TEST_STEP][PASSED] - setText(LOGN_EdtRdyUserID, "anggaaditya", 0): Text 'anggaaditya' has been set to element 'Object Repository/Mobile/Page/Login/Input Rdy - UserID'

2022-01-14 11:00:40 - [MESSAGE][WARNING] - Timeout '0' is invalid. Using default page load timeout: '60'

2022-01-14 11:00:41 - [MESSAGE][PASSED] - Text 'anggaaditya' has been set to element 'Object Repository/Mobile/Page/Login/Input Rdy - UserID'

2022-01-14 11:00:41 - [TEST_STEP][PASSED] - delay(1): Delayed 1 second(s)

2022-01-14 11:00:42 - [MESSAGE][PASSED] - Delayed 1 second(s)

2022-01-14 11:00:42 - [TEST_STEP][PASSED] - hideKeyboard(): Keyboard is hidden

2022-01-14 11:00:49 - [MESSAGE][PASSED] - Keyboard is hidden

2022-01-14 11:00:49 - [TEST_STEP][PASSED] - tap(LOGN_EdtPassword, 0): Tapped on element 'Object Repository/Mobile/Page/Login/Input - Password'

2022-01-14 11:00:49 - [MESSAGE][WARNING] - Timeout '0' is invalid. Using default page load timeout: '60'

2022-01-14 11:00:50 - [MESSAGE][PASSED] - Tapped on element 'Object Repository/Mobile/Page/Login/Input - Password'

2022-01-14 11:00:50 - [TEST_STEP][PASSED] - delay(1): Delayed 1 second(s)

2022-01-14 11:00:51 - [MESSAGE][PASSED] - Delayed 1 second(s)

2022-01-14 11:00:51 - [TEST_STEP][PASSED] - setText(LOGN_EdtRdyPassword, "Shalawa18", 0): Text 'Shalawa18' has been set to element 'Object Repository/Mobile/Page/Login/Input Rdy - Password'

2022-01-14 11:00:52 - [MESSAGE][WARNING] - Timeout '0' is invalid. Using default page load timeout: '60'

2022-01-14 11:00:52 - [MESSAGE][PASSED] - Text 'Shalawa18' has been set to element 'Object Repository/Mobile/Page/Login/Input Rdy - Password'

2022-01-14 11:00:52 - [TEST_STEP][PASSED] - delay(1): Delayed 1 second(s)

2022-01-14 11:00:53 - [MESSAGE][PASSED] - Delayed 1 second(s)

2022-01-14 11:00:53 - [TEST_STEP][PASSED] - hideKeyboard(): Keyboard is hidden

2022-01-14 11:01:00 - [MESSAGE][PASSED] - Keyboard is hidden

2022-01-14 11:01:00 - [TEST_STEP][PASSED] - tap(LOGN_BtnLogin, 0): Tapped on element 'Object Repository/Mobile/Page/Login/Button - Login'

2022-01-14 11:01:00 - [MESSAGE][WARNING] - Timeout '0' is invalid. Using default page load timeout: '60'

2022-01-14 11:01:01 - [MESSAGE][PASSED] - Tapped on element 'Object Repository/Mobile/Page/Login/Button - Login'

2022-01-14 11:01:01 - [TEST_STEP][PASSED] - delay(2): Delayed 2 second(s)

2022-01-14 11:01:03 - [MESSAGE][PASSED] - Delayed 2 second(s)

2022-01-14 11:01:03 - [TEST_STEP][PASSED] - break: null

2022-01-14 11:01:03 - [MESSAGE][PASSED] - Call Test Case 'Test Cases/Mobile/Page/Login/Login' successfully

2022-01-14 11:01:03 - [MESSAGE][PASSED] - Call Test Case 'Test Cases/Mobile/Page/CheckLogin' successfully

2022-01-14 11:01:03 - [TEST_STEP][PASSED] - tap(HOME_MenubarNews, 0): Tapped on element 'Object Repository/Mobile/Page/Home/Menubar - News'

2022-01-14 11:01:03 - [MESSAGE][WARNING] - Timeout '0' is invalid. Using default page load timeout: '60'

2022-01-14 11:01:04 - [MESSAGE][PASSED] - Tapped on element 'Object Repository/Mobile/Page/Home/Menubar - News'

2022-01-14 11:01:04 - [TEST_STEP][PASSED] - delay(1): Delayed 1 second(s)

2022-01-14 11:01:05 - [MESSAGE][PASSED] - Delayed 1 second(s)

2022-01-14 11:01:05 - [TEST_STEP][PASSED] - for ([i = 0, i < 1, (i++)]): Delayed 3 second(s)

2022-01-14 11:01:05 - [TEST_STEP][PASSED] - if (tab == "macronews"): Tapped on element 'Object Repository/Mobile/Page/News/Tab - Macro'

2022-01-14 11:01:05 - [TEST_STEP][PASSED] - tap(NEWS_TabMacro, 0): Tapped on element 'Object Repository/Mobile/Page/News/Tab - Macro'

2022-01-14 11:01:05 - [MESSAGE][WARNING] - Timeout '0' is invalid. Using default page load timeout: '60'

2022-01-14 11:01:07 - [MESSAGE][PASSED] - Tapped on element 'Object Repository/Mobile/Page/News/Tab - Macro'

2022-01-14 11:01:07 - [TEST_STEP][PASSED] - delay(1): Delayed 1 second(s)

2022-01-14 11:01:08 - [MESSAGE][PASSED] - Delayed 1 second(s)

2022-01-14 11:01:08 - [TEST_STEP][PASSED] - if (tab != "worldindices"): Delayed 3 second(s)

2022-01-14 11:01:08 - [TEST_STEP][PASSED] - try: Delayed 3 second(s)

2022-01-14 11:01:08 - [TEST_STEP][PASSED] - tapAndHold(NEWS_ItemTopNews, 1, 10): Tapped and held on element 'Object Repository/Mobile/Page/News/Item - Top News' with duration 1

2022-01-14 11:01:11 - [MESSAGE][PASSED] - Tapped and held on element 'Object Repository/Mobile/Page/News/Item - Top News' with duration 1

2022-01-14 11:01:11 - [TEST_STEP][PASSED] - delay(1): Delayed 1 second(s)

2022-01-14 11:01:12 - [MESSAGE][PASSED] - Delayed 1 second(s)

2022-01-14 11:01:12 - [TEST_STEP][PASSED] - scroll.scroll.scrollScreenBottomToTop(): scroll.scroll.scrollScreenBottomToTop is PASSED

2022-01-14 11:01:12 - [MESSAGE][PASSED] - Current device physical height is 1423

2022-01-14 11:01:12 - [MESSAGE][PASSED] - Current device physical width is 720

2022-01-14 11:01:14 - [MESSAGE][PASSED] - Swiped from 360,1,138 to 360,284

2022-01-14 11:01:14 - [MESSAGE][PASSED] - scroll.scroll.scrollScreenBottomToTop is PASSED

2022-01-14 11:01:14 - [TEST_STEP][PASSED] - delay(3): Delayed 3 second(s)

2022-01-14 11:01:17 - [MESSAGE][PASSED] - Delayed 3 second(s)

2022-01-14 11:01:17 - [MESSAGE][PASSED] - Call Test Case 'Test Cases/Mobile/Page/News/News' successfully

2022-01-14 11:01:17 - [TEST_STEP][PASSED] - callTestCase(findTestCase("Mobile/Page/Run App/Terminate App"), [:], STOP_ON_FAILURE): Call Test Case 'Test Cases/Mobile/Page/Run App/Terminate App' successfully

2022-01-14 11:01:17 - [TEST_CASE][PASSED] - Test Cases/Mobile/Page/Run App/Terminate App: Test Cases/Mobile/Page/Run App/Terminate App

2022-01-14 11:01:17 - [TEST_STEP][PASSED] - startApp.OpenApp.terminateApplication(): startApp.OpenApp.terminateApplication is PASSED

2022-01-14 11:01:21 - [MESSAGE][PASSED] - Delayed 3 second(s)

2022-01-14 11:01:21 - [MESSAGE][PASSED] - Current device physical width is 720

2022-01-14 11:01:21 - [MESSAGE][PASSED] - Current device physical height is 1423

2022-01-14 11:01:23 - [MESSAGE][PASSED] - Swiped from 360,853 to 360,142

2022-01-14 11:01:24 - [MESSAGE][PASSED] - Delayed 1 second(s)

2022-01-14 11:01:25 - [MESSAGE][PASSED] - Swiped from 360,853 to 360,142

2022-01-14 11:01:28 - [MESSAGE][PASSED] - Delayed 3 second(s)

2022-01-14 11:01:28 - [MESSAGE][PASSED] - startApp.OpenApp.terminateApplication is PASSED

2022-01-14 11:01:28 - [MESSAGE][PASSED] - Call Test Case 'Test Cases/Mobile/Page/Run App/Terminate App' successfully]]></system-out>
         <system-err><![CDATA[]]></system-err>
      </testcase>
      <system-out><![CDATA[2022-01-14 10:54:53 - [TEST_SUITE][PASSED] - news: Test Cases/Mobile/Scenario/News/005 - Macro News]]></system-out>
      <system-err><![CDATA[]]></system-err>
   </testsuite>
</testsuites>
