<?xml version="1.0" encoding="UTF-8"?>
<testsuites name="analysis" time="471.434" tests="7" failures="0" skips="0" errors="0">
   <testsuite name="analysis" tests="7" failures="0" errors="0" time="471.434" skips="0" timestamp="2022-03-08 13:32:44" hostname="Owner - aldy-tft" id="Test Suites/analysis">
      <properties>
         <property name="deviceName" value="samsung SM-A205F (Android 11)"/>
         <property name="devicePlatform" value=""/>
         <property name="logFolder" value="C:\\Users\\Owner\\Documents\\kerjaan\\KatalonProject\\qa_katalon_pwm\\qa_katalon_pwm\\Reports\\20220308_133230\\analysis\\20220308_133232"/>
         <property name="logFiles" value="C:\\Users\\Owner\\Documents\\kerjaan\\KatalonProject\\qa_katalon_pwm\\qa_katalon_pwm\\Reports\\20220308_133230\\analysis\\20220308_133232\\appium.log, C:\\Users\\Owner\\Documents\\kerjaan\\KatalonProject\\qa_katalon_pwm\\qa_katalon_pwm\\Reports\\20220308_133230\\analysis\\20220308_133232\\execution0.log"/>
         <property name="attachments" value=""/>
         <property name="hostName" value="Owner - aldy-tft"/>
         <property name="os" value="Windows 10 64bit"/>
         <property name="appiumServerStatus" value="{&quot;value&quot;:{&quot;build&quot;:{&quot;version&quot;:&quot;1.22.0&quot;}},&quot;sessionId&quot;:null,&quot;status&quot;:0}"/>
         <property name="katalonVersion" value="7.9.1.208"/>
         <property name="deviceOS" value="Android"/>
         <property name="appiumVersion" value="1.22.0"/>
         <property name="deviceModel" value="SM-A205F"/>
         <property name="hostAddress" value="192.168.116.52"/>
         <property name="deviceManufacturer" value="samsung"/>
         <property name="deviceId" value="RR8M40C9AXE"/>
         <property name="deviceName" value="samsung SM-A205F (Android 11)"/>
         <property name="deviceOSVersion" value="11"/>
      </properties>
      <testcase name="Test Cases/Mobile/Scenario/Analysis/001 - Melihat list stock technical analysis" time="96.301" classname="Test Cases/Mobile/Scenario/Analysis/001 - Melihat list stock technical analysis" status="PASSED">
         <system-out><![CDATA[2022-03-08 13:32:45 - [TEST_CASE][PASSED] - Test Cases/Mobile/Scenario/Analysis/001 - Melihat list stock technical analysis: Test Cases/Mobile/Scenario/Analysis/001 - Melihat list stock technical analysis

2022-03-08 13:32:45 - [TEST_STEP][PASSED] - callTestCase(findTestCase("Mobile/Page/Run App/Run App byID"), [:], STOP_ON_FAILURE): Call Test Case 'Test Cases/Mobile/Page/Run App/Run App byID' successfully

2022-03-08 13:32:46 - [TEST_CASE][PASSED] - Test Cases/Mobile/Page/Run App/Run App byID: Test Cases/Mobile/Page/Run App/Run App byID

2022-03-08 13:32:46 - [TEST_STEP][PASSED] - startApp.OpenApp.startApplication("id.co.miraeasset.sageclub"): startApp.OpenApp.startApplication is PASSED

2022-03-08 13:32:49 - [MESSAGE][INFO] - Appium server started on port 60,639

2022-03-08 13:33:09 - [MESSAGE][PASSED] - Starting app with application ID: 'id.co.miraeasset.sageclub'

2022-03-08 13:33:09 - [MESSAGE][PASSED] - startApp.OpenApp.startApplication is PASSED

2022-03-08 13:33:09 - [MESSAGE][PASSED] - Call Test Case 'Test Cases/Mobile/Page/Run App/Run App byID' successfully

2022-03-08 13:33:09 - [TEST_STEP][PASSED] - callTestCase(findTestCase("Mobile/Page/Analysis/Analysis"), ["action":"technicalsearch"], CONTINUE_ON_FAILURE): Call Test Case 'Test Cases/Mobile/Page/Analysis/Analysis' successfully

2022-03-08 13:33:09 - [TEST_CASE][PASSED] - Test Cases/Mobile/Page/Analysis/Analysis: Test Cases/Mobile/Page/Analysis/Analysis

2022-03-08 13:33:10 - [TEST_STEP][PASSED] - callTestCase(findTestCase("Mobile/Page/CheckLogin"), [:], CONTINUE_ON_FAILURE): Call Test Case 'Test Cases/Mobile/Page/CheckLogin' successfully

2022-03-08 13:33:10 - [TEST_CASE][PASSED] - Test Cases/Mobile/Page/CheckLogin: Test Cases/Mobile/Page/CheckLogin

2022-03-08 13:33:10 - [TEST_STEP][PASSED] - loginCheck = verifyElementExist(LOGN_BtnLogin, 5, CONTINUE_ON_FAILURE): Element 'Object Repository/Mobile/Page/Login/Button - Login' is exist

2022-03-08 13:33:10 - [MESSAGE][WARNING] - Test object with id 'Object Repository/Mobile/Page/Analysis/Button - Open With Just Once' does not exist

2022-03-08 13:33:10 - [MESSAGE][WARNING] - Test object with id 'Object Repository/Mobile/Page/Analysis/Button - Search' does not exist

2022-03-08 13:33:11 - [MESSAGE][WARNING] - Test object with id 'Object Repository/Mobile/Page/Home/Button -  Add Watchlist' does not exist

2022-03-08 13:33:11 - [MESSAGE][WARNING] - Test object with id 'Object Repository/Mobile/Page/Home/Button - Open with Just Once' does not exist

2022-03-08 13:33:11 - [MESSAGE][WARNING] - Test object with id 'Object Repository/Mobile/Page/Home/Container - Notification' does not exist

2022-03-08 13:33:12 - [MESSAGE][WARNING] - Test object with id 'Object Repository/Mobile/Page/Home/Watchlist/Input - Search' does not exist

2022-03-08 13:33:12 - [MESSAGE][WARNING] - Test object with id 'Object Repository/Mobile/Page/Home/Watchlist/Item - Top Search' does not exist

2022-03-08 13:33:12 - [MESSAGE][WARNING] - Test object with id 'Object Repository/Mobile/Page/Home/Watchlist/Detail Watchlist/Input - Expiry Date' does not exist

2022-03-08 13:33:13 - [MESSAGE][WARNING] - Test object with id 'Object Repository/Mobile/Page/Home/Watchlist/Detail Watchlist/Item - Watchlist' does not exist

2022-03-08 13:33:13 - [MESSAGE][WARNING] - Test object with id 'Object Repository/Mobile/Page/NavigationMenu/Button - Open Just Once' does not exist

2022-03-08 13:33:13 - [MESSAGE][WARNING] - Test object with id 'Object Repository/Mobile/Page/NavigationMenu/Container - Logout' does not exist

2022-03-08 13:33:17 - [MESSAGE][WARNING] - Test object with id 'Object Repository/Mobile/Page/Analysis/Button - Open With Just Once' does not exist

2022-03-08 13:33:17 - [MESSAGE][WARNING] - Test object with id 'Object Repository/Mobile/Page/Analysis/Button - Search' does not exist

2022-03-08 13:33:18 - [MESSAGE][WARNING] - Test object with id 'Object Repository/Mobile/Page/Home/Button -  Add Watchlist' does not exist

2022-03-08 13:33:18 - [MESSAGE][WARNING] - Test object with id 'Object Repository/Mobile/Page/Home/Button - Open with Just Once' does not exist

2022-03-08 13:33:18 - [MESSAGE][WARNING] - Test object with id 'Object Repository/Mobile/Page/Home/Container - Notification' does not exist

2022-03-08 13:33:19 - [MESSAGE][WARNING] - Test object with id 'Object Repository/Mobile/Page/Home/Watchlist/Input - Search' does not exist

2022-03-08 13:33:19 - [MESSAGE][WARNING] - Test object with id 'Object Repository/Mobile/Page/Home/Watchlist/Item - Top Search' does not exist

2022-03-08 13:33:19 - [MESSAGE][WARNING] - Test object with id 'Object Repository/Mobile/Page/Home/Watchlist/Detail Watchlist/Input - Expiry Date' does not exist

2022-03-08 13:33:19 - [MESSAGE][WARNING] - Test object with id 'Object Repository/Mobile/Page/Home/Watchlist/Detail Watchlist/Item - Watchlist' does not exist

2022-03-08 13:33:20 - [MESSAGE][WARNING] - Test object with id 'Object Repository/Mobile/Page/NavigationMenu/Button - Open Just Once' does not exist

2022-03-08 13:33:20 - [MESSAGE][WARNING] - Test object with id 'Object Repository/Mobile/Page/NavigationMenu/Container - Logout' does not exist

2022-03-08 13:33:24 - [MESSAGE][PASSED] - Element 'Object Repository/Mobile/Page/Login/Button - Login' is exist

2022-03-08 13:33:24 - [TEST_STEP][PASSED] - if (loginCheck): Call Test Case 'Test Cases/Mobile/Page/Login/Login' successfully

2022-03-08 13:33:24 - [TEST_STEP][PASSED] - callTestCase(findTestCase("Mobile/Page/Login/Login"), ["action":"username"], CONTINUE_ON_FAILURE): Call Test Case 'Test Cases/Mobile/Page/Login/Login' successfully

2022-03-08 13:33:24 - [TEST_CASE][PASSED] - Test Cases/Mobile/Page/Login/Login: Test Cases/Mobile/Page/Login/Login

2022-03-08 13:33:24 - [TEST_STEP][PASSED] - delay(2): Delayed 2 second(s)

2022-03-08 13:33:26 - [MESSAGE][PASSED] - Delayed 2 second(s)

2022-03-08 13:33:26 - [TEST_STEP][PASSED] - for ([i = 0, i < 1, (i++)]): null

2022-03-08 13:33:26 - [TEST_STEP][PASSED] - if (action == "username"): null

2022-03-08 13:33:26 - [TEST_STEP][PASSED] - tap(LOGN_EdtUserID, 0): Tapped on element 'Object Repository/Mobile/Page/Login/Input - UserID'

2022-03-08 13:33:26 - [MESSAGE][WARNING] - Timeout '0' is invalid. Using default page load timeout: '60'

2022-03-08 13:33:26 - [MESSAGE][PASSED] - Tapped on element 'Object Repository/Mobile/Page/Login/Input - UserID'

2022-03-08 13:33:26 - [TEST_STEP][PASSED] - delay(1): Delayed 1 second(s)

2022-03-08 13:33:27 - [MESSAGE][PASSED] - Delayed 1 second(s)

2022-03-08 13:33:27 - [TEST_STEP][PASSED] - setText(LOGN_EdtRdyUserID, "anggaaditya", 0): Text 'anggaaditya' has been set to element 'Object Repository/Mobile/Page/Login/Input Rdy - UserID'

2022-03-08 13:33:27 - [MESSAGE][WARNING] - Timeout '0' is invalid. Using default page load timeout: '60'

2022-03-08 13:33:28 - [MESSAGE][PASSED] - Text 'anggaaditya' has been set to element 'Object Repository/Mobile/Page/Login/Input Rdy - UserID'

2022-03-08 13:33:28 - [TEST_STEP][PASSED] - delay(1): Delayed 1 second(s)

2022-03-08 13:33:29 - [MESSAGE][PASSED] - Delayed 1 second(s)

2022-03-08 13:33:29 - [TEST_STEP][PASSED] - hideKeyboard(): Keyboard is hidden

2022-03-08 13:33:33 - [MESSAGE][PASSED] - Keyboard is hidden

2022-03-08 13:33:33 - [TEST_STEP][PASSED] - tap(LOGN_EdtPassword, 0): Tapped on element 'Object Repository/Mobile/Page/Login/Input - Password'

2022-03-08 13:33:33 - [MESSAGE][WARNING] - Timeout '0' is invalid. Using default page load timeout: '60'

2022-03-08 13:33:34 - [MESSAGE][PASSED] - Tapped on element 'Object Repository/Mobile/Page/Login/Input - Password'

2022-03-08 13:33:34 - [TEST_STEP][PASSED] - delay(1): Delayed 1 second(s)

2022-03-08 13:33:35 - [MESSAGE][PASSED] - Delayed 1 second(s)

2022-03-08 13:33:35 - [TEST_STEP][PASSED] - setText(LOGN_EdtRdyPassword, "Shalawa18", 0): Text 'Shalawa18' has been set to element 'Object Repository/Mobile/Page/Login/Input Rdy - Password'

2022-03-08 13:33:35 - [MESSAGE][WARNING] - Timeout '0' is invalid. Using default page load timeout: '60'

2022-03-08 13:33:35 - [MESSAGE][PASSED] - Text 'Shalawa18' has been set to element 'Object Repository/Mobile/Page/Login/Input Rdy - Password'

2022-03-08 13:33:35 - [TEST_STEP][PASSED] - delay(1): Delayed 1 second(s)

2022-03-08 13:33:36 - [MESSAGE][PASSED] - Delayed 1 second(s)

2022-03-08 13:33:36 - [TEST_STEP][PASSED] - hideKeyboard(): Keyboard is hidden

2022-03-08 13:33:42 - [MESSAGE][PASSED] - Keyboard is hidden

2022-03-08 13:33:42 - [TEST_STEP][PASSED] - tap(LOGN_BtnLogin, 0): Tapped on element 'Object Repository/Mobile/Page/Login/Button - Login'

2022-03-08 13:33:42 - [MESSAGE][WARNING] - Timeout '0' is invalid. Using default page load timeout: '60'

2022-03-08 13:33:43 - [MESSAGE][PASSED] - Tapped on element 'Object Repository/Mobile/Page/Login/Button - Login'

2022-03-08 13:33:43 - [TEST_STEP][PASSED] - delay(2): Delayed 2 second(s)

2022-03-08 13:33:45 - [MESSAGE][PASSED] - Delayed 2 second(s)

2022-03-08 13:33:45 - [TEST_STEP][PASSED] - break: null

2022-03-08 13:33:45 - [MESSAGE][PASSED] - Call Test Case 'Test Cases/Mobile/Page/Login/Login' successfully

2022-03-08 13:33:45 - [MESSAGE][PASSED] - Call Test Case 'Test Cases/Mobile/Page/CheckLogin' successfully

2022-03-08 13:33:45 - [TEST_STEP][PASSED] - tap(HOME_MenubarAnalysis, 0): Tapped on element 'Object Repository/Mobile/Page/Home/Menubar - Analysis'

2022-03-08 13:33:45 - [MESSAGE][WARNING] - Timeout '0' is invalid. Using default page load timeout: '60'

2022-03-08 13:33:47 - [MESSAGE][PASSED] - Tapped on element 'Object Repository/Mobile/Page/Home/Menubar - Analysis'

2022-03-08 13:33:47 - [TEST_STEP][PASSED] - delay(3): Delayed 3 second(s)

2022-03-08 13:33:50 - [MESSAGE][PASSED] - Delayed 3 second(s)

2022-03-08 13:33:50 - [TEST_STEP][PASSED] - for ([i = 0, i < 1, (i++)]): Delayed 2 second(s)

2022-03-08 13:33:50 - [TEST_STEP][PASSED] - if (action == "technicalsearch"): Delayed 2 second(s)

2022-03-08 13:33:50 - [TEST_STEP][PASSED] - tap(ANAL_DropTechIndicator, 0): Tapped on element 'Object Repository/Mobile/Page/Analysis/Dropdown - Technical Indicator'

2022-03-08 13:33:50 - [MESSAGE][WARNING] - Timeout '0' is invalid. Using default page load timeout: '60'

2022-03-08 13:33:50 - [MESSAGE][PASSED] - Tapped on element 'Object Repository/Mobile/Page/Analysis/Dropdown - Technical Indicator'

2022-03-08 13:33:50 - [TEST_STEP][PASSED] - delay(1): Delayed 1 second(s)

2022-03-08 13:33:51 - [MESSAGE][PASSED] - Delayed 1 second(s)

2022-03-08 13:33:51 - [TEST_STEP][PASSED] - tap(ANAL_OptTechIndicatorAll, 0): Tapped on element 'Object Repository/Mobile/Page/Analysis/Option Technical Indicator - All'

2022-03-08 13:33:51 - [MESSAGE][WARNING] - Timeout '0' is invalid. Using default page load timeout: '60'

2022-03-08 13:33:53 - [MESSAGE][PASSED] - Tapped on element 'Object Repository/Mobile/Page/Analysis/Option Technical Indicator - All'

2022-03-08 13:33:53 - [TEST_STEP][PASSED] - delay(1): Delayed 1 second(s)

2022-03-08 13:33:54 - [MESSAGE][PASSED] - Delayed 1 second(s)

2022-03-08 13:33:54 - [TEST_STEP][PASSED] - tap(ANAL_DropMarketCap, 0): Tapped on element 'Object Repository/Mobile/Page/Analysis/Dropdown - Market Cap'

2022-03-08 13:33:54 - [MESSAGE][WARNING] - Timeout '0' is invalid. Using default page load timeout: '60'

2022-03-08 13:33:55 - [MESSAGE][PASSED] - Tapped on element 'Object Repository/Mobile/Page/Analysis/Dropdown - Market Cap'

2022-03-08 13:33:55 - [TEST_STEP][PASSED] - delay(1): Delayed 1 second(s)

2022-03-08 13:33:56 - [MESSAGE][PASSED] - Delayed 1 second(s)

2022-03-08 13:33:56 - [TEST_STEP][PASSED] - tap(ANAL_OptMarketCap1T, 0): Tapped on element 'Object Repository/Mobile/Page/Analysis/Option Market Cap - 1 Trillion'

2022-03-08 13:33:56 - [MESSAGE][WARNING] - Timeout '0' is invalid. Using default page load timeout: '60'

2022-03-08 13:33:57 - [MESSAGE][PASSED] - Tapped on element 'Object Repository/Mobile/Page/Analysis/Option Market Cap - 1 Trillion'

2022-03-08 13:33:57 - [TEST_STEP][PASSED] - delay(1): Delayed 1 second(s)

2022-03-08 13:33:58 - [MESSAGE][PASSED] - Delayed 1 second(s)

2022-03-08 13:33:58 - [TEST_STEP][PASSED] - tap(ANAL_DropTransaction, 0): Tapped on element 'Object Repository/Mobile/Page/Analysis/Dropdown - Transaction'

2022-03-08 13:33:58 - [MESSAGE][WARNING] - Timeout '0' is invalid. Using default page load timeout: '60'

2022-03-08 13:33:59 - [MESSAGE][PASSED] - Tapped on element 'Object Repository/Mobile/Page/Analysis/Dropdown - Transaction'

2022-03-08 13:33:59 - [TEST_STEP][PASSED] - delay(1): Delayed 1 second(s)

2022-03-08 13:34:00 - [MESSAGE][PASSED] - Delayed 1 second(s)

2022-03-08 13:34:00 - [TEST_STEP][PASSED] - tap(ANAL_OptTransaction10B, 0): Tapped on element 'Object Repository/Mobile/Page/Analysis/Option Transaction - 10 Billion'

2022-03-08 13:34:00 - [MESSAGE][WARNING] - Timeout '0' is invalid. Using default page load timeout: '60'

2022-03-08 13:34:02 - [MESSAGE][PASSED] - Tapped on element 'Object Repository/Mobile/Page/Analysis/Option Transaction - 10 Billion'

2022-03-08 13:34:02 - [TEST_STEP][PASSED] - delay(1): Delayed 1 second(s)

2022-03-08 13:34:03 - [MESSAGE][PASSED] - Delayed 1 second(s)

2022-03-08 13:34:03 - [TEST_STEP][PASSED] - tap(ANAL_DropTimeFrame, 0): Tapped on element 'Object Repository/Mobile/Page/Analysis/Dropdown - Time Frame'

2022-03-08 13:34:03 - [MESSAGE][WARNING] - Timeout '0' is invalid. Using default page load timeout: '60'

2022-03-08 13:34:03 - [MESSAGE][PASSED] - Tapped on element 'Object Repository/Mobile/Page/Analysis/Dropdown - Time Frame'

2022-03-08 13:34:03 - [TEST_STEP][PASSED] - delay(1): Delayed 1 second(s)

2022-03-08 13:34:04 - [MESSAGE][PASSED] - Delayed 1 second(s)

2022-03-08 13:34:04 - [TEST_STEP][PASSED] - tap(ANAL_OptTimeFrameDaily, 0): Tapped on element 'Object Repository/Mobile/Page/Analysis/Option Time Frame - Daily'

2022-03-08 13:34:04 - [MESSAGE][WARNING] - Timeout '0' is invalid. Using default page load timeout: '60'

2022-03-08 13:34:05 - [MESSAGE][PASSED] - Tapped on element 'Object Repository/Mobile/Page/Analysis/Option Time Frame - Daily'

2022-03-08 13:34:05 - [TEST_STEP][PASSED] - delay(1): Delayed 1 second(s)

2022-03-08 13:34:06 - [MESSAGE][PASSED] - Delayed 1 second(s)

2022-03-08 13:34:06 - [TEST_STEP][PASSED] - tap(ANAL_DropIndex, 0): Tapped on element 'Object Repository/Mobile/Page/Analysis/Dropdown - Index'

2022-03-08 13:34:06 - [MESSAGE][WARNING] - Timeout '0' is invalid. Using default page load timeout: '60'

2022-03-08 13:34:07 - [MESSAGE][PASSED] - Tapped on element 'Object Repository/Mobile/Page/Analysis/Dropdown - Index'

2022-03-08 13:34:07 - [TEST_STEP][PASSED] - delay(1): Delayed 1 second(s)

2022-03-08 13:34:08 - [MESSAGE][PASSED] - Delayed 1 second(s)

2022-03-08 13:34:08 - [TEST_STEP][PASSED] - tap(ANAL_OptIndexIdx30, 0): Tapped on element 'Object Repository/Mobile/Page/Analysis/Option Index - Idx30'

2022-03-08 13:34:08 - [MESSAGE][WARNING] - Timeout '0' is invalid. Using default page load timeout: '60'

2022-03-08 13:34:09 - [MESSAGE][PASSED] - Tapped on element 'Object Repository/Mobile/Page/Analysis/Option Index - Idx30'

2022-03-08 13:34:09 - [TEST_STEP][PASSED] - delay(2): Delayed 2 second(s)

2022-03-08 13:34:11 - [MESSAGE][PASSED] - Delayed 2 second(s)

2022-03-08 13:34:11 - [MESSAGE][PASSED] - Call Test Case 'Test Cases/Mobile/Page/Analysis/Analysis' successfully

2022-03-08 13:34:11 - [TEST_STEP][PASSED] - callTestCase(findTestCase("Mobile/Page/Run App/Terminate App"), [:], STOP_ON_FAILURE): Call Test Case 'Test Cases/Mobile/Page/Run App/Terminate App' successfully

2022-03-08 13:34:11 - [TEST_CASE][PASSED] - Test Cases/Mobile/Page/Run App/Terminate App: Test Cases/Mobile/Page/Run App/Terminate App

2022-03-08 13:34:11 - [TEST_STEP][PASSED] - startApp.OpenApp.terminateApplication(): startApp.OpenApp.terminateApplication is PASSED

2022-03-08 13:34:14 - [MESSAGE][PASSED] - Delayed 3 second(s)

2022-03-08 13:34:15 - [MESSAGE][PASSED] - Current device physical width is 720

2022-03-08 13:34:15 - [MESSAGE][PASSED] - Current device physical height is 1423

2022-03-08 13:34:16 - [MESSAGE][PASSED] - Swiped from 360,853 to 360,142

2022-03-08 13:34:17 - [MESSAGE][PASSED] - Delayed 1 second(s)

2022-03-08 13:34:18 - [MESSAGE][PASSED] - Swiped from 360,853 to 360,142

2022-03-08 13:34:21 - [MESSAGE][PASSED] - Delayed 3 second(s)

2022-03-08 13:34:21 - [MESSAGE][PASSED] - startApp.OpenApp.terminateApplication is PASSED

2022-03-08 13:34:21 - [MESSAGE][PASSED] - Call Test Case 'Test Cases/Mobile/Page/Run App/Terminate App' successfully]]></system-out>
         <system-err><![CDATA[]]></system-err>
      </testcase>
      <testcase name="Test Cases/Mobile/Scenario/Analysis/002 - Melihat detail stock kategori day" time="62.923" classname="Test Cases/Mobile/Scenario/Analysis/002 - Melihat detail stock kategori day" status="PASSED">
         <system-out><![CDATA[2022-03-08 13:34:21 - [TEST_CASE][PASSED] - Test Cases/Mobile/Scenario/Analysis/002 - Melihat detail stock kategori day: Test Cases/Mobile/Scenario/Analysis/002 - Melihat detail stock kategori day

2022-03-08 13:34:22 - [TEST_STEP][PASSED] - callTestCase(findTestCase("Mobile/Page/Run App/Run App byID"), [:], STOP_ON_FAILURE): Call Test Case 'Test Cases/Mobile/Page/Run App/Run App byID' successfully

2022-03-08 13:34:22 - [TEST_CASE][PASSED] - Test Cases/Mobile/Page/Run App/Run App byID: Test Cases/Mobile/Page/Run App/Run App byID

2022-03-08 13:34:22 - [TEST_STEP][PASSED] - startApp.OpenApp.startApplication("id.co.miraeasset.sageclub"): startApp.OpenApp.startApplication is PASSED

2022-03-08 13:34:34 - [MESSAGE][PASSED] - Starting app with application ID: 'id.co.miraeasset.sageclub'

2022-03-08 13:34:34 - [MESSAGE][PASSED] - startApp.OpenApp.startApplication is PASSED

2022-03-08 13:34:34 - [MESSAGE][PASSED] - Call Test Case 'Test Cases/Mobile/Page/Run App/Run App byID' successfully

2022-03-08 13:34:34 - [TEST_STEP][PASSED] - callTestCase(findTestCase("Mobile/Page/Analysis/Analysis"), ["action":"technicaldetail", "action2":"day"], CONTINUE_ON_FAILURE): Call Test Case 'Test Cases/Mobile/Page/Analysis/Analysis' successfully

2022-03-08 13:34:34 - [TEST_CASE][PASSED] - Test Cases/Mobile/Page/Analysis/Analysis: Test Cases/Mobile/Page/Analysis/Analysis

2022-03-08 13:34:34 - [TEST_STEP][PASSED] - callTestCase(findTestCase("Mobile/Page/CheckLogin"), [:], CONTINUE_ON_FAILURE): Call Test Case 'Test Cases/Mobile/Page/CheckLogin' successfully

2022-03-08 13:34:34 - [TEST_CASE][PASSED] - Test Cases/Mobile/Page/CheckLogin: Test Cases/Mobile/Page/CheckLogin

2022-03-08 13:34:34 - [TEST_STEP][PASSED] - loginCheck = verifyElementExist(LOGN_BtnLogin, 5, CONTINUE_ON_FAILURE): Element 'Object Repository/Mobile/Page/Login/Button - Login' is exist

2022-03-08 13:34:36 - [MESSAGE][PASSED] - Element 'Object Repository/Mobile/Page/Login/Button - Login' is exist

2022-03-08 13:34:36 - [TEST_STEP][PASSED] - if (loginCheck): Call Test Case 'Test Cases/Mobile/Page/Login/Login' successfully

2022-03-08 13:34:36 - [TEST_STEP][PASSED] - callTestCase(findTestCase("Mobile/Page/Login/Login"), ["action":"username"], CONTINUE_ON_FAILURE): Call Test Case 'Test Cases/Mobile/Page/Login/Login' successfully

2022-03-08 13:34:36 - [TEST_CASE][PASSED] - Test Cases/Mobile/Page/Login/Login: Test Cases/Mobile/Page/Login/Login

2022-03-08 13:34:36 - [TEST_STEP][PASSED] - delay(2): Delayed 2 second(s)

2022-03-08 13:34:38 - [MESSAGE][PASSED] - Delayed 2 second(s)

2022-03-08 13:34:38 - [TEST_STEP][PASSED] - for ([i = 0, i < 1, (i++)]): null

2022-03-08 13:34:38 - [TEST_STEP][PASSED] - if (action == "username"): null

2022-03-08 13:34:38 - [TEST_STEP][PASSED] - tap(LOGN_EdtUserID, 0): Tapped on element 'Object Repository/Mobile/Page/Login/Input - UserID'

2022-03-08 13:34:38 - [MESSAGE][WARNING] - Timeout '0' is invalid. Using default page load timeout: '60'

2022-03-08 13:34:38 - [MESSAGE][PASSED] - Tapped on element 'Object Repository/Mobile/Page/Login/Input - UserID'

2022-03-08 13:34:38 - [TEST_STEP][PASSED] - delay(1): Delayed 1 second(s)

2022-03-08 13:34:39 - [MESSAGE][PASSED] - Delayed 1 second(s)

2022-03-08 13:34:39 - [TEST_STEP][PASSED] - setText(LOGN_EdtRdyUserID, "anggaaditya", 0): Text 'anggaaditya' has been set to element 'Object Repository/Mobile/Page/Login/Input Rdy - UserID'

2022-03-08 13:34:39 - [MESSAGE][WARNING] - Timeout '0' is invalid. Using default page load timeout: '60'

2022-03-08 13:34:40 - [MESSAGE][PASSED] - Text 'anggaaditya' has been set to element 'Object Repository/Mobile/Page/Login/Input Rdy - UserID'

2022-03-08 13:34:40 - [TEST_STEP][PASSED] - delay(1): Delayed 1 second(s)

2022-03-08 13:34:41 - [MESSAGE][PASSED] - Delayed 1 second(s)

2022-03-08 13:34:41 - [TEST_STEP][PASSED] - hideKeyboard(): Keyboard is hidden

2022-03-08 13:34:44 - [MESSAGE][PASSED] - Keyboard is hidden

2022-03-08 13:34:44 - [TEST_STEP][PASSED] - tap(LOGN_EdtPassword, 0): Tapped on element 'Object Repository/Mobile/Page/Login/Input - Password'

2022-03-08 13:34:44 - [MESSAGE][WARNING] - Timeout '0' is invalid. Using default page load timeout: '60'

2022-03-08 13:34:45 - [MESSAGE][PASSED] - Tapped on element 'Object Repository/Mobile/Page/Login/Input - Password'

2022-03-08 13:34:45 - [TEST_STEP][PASSED] - delay(1): Delayed 1 second(s)

2022-03-08 13:34:46 - [MESSAGE][PASSED] - Delayed 1 second(s)

2022-03-08 13:34:46 - [TEST_STEP][PASSED] - setText(LOGN_EdtRdyPassword, "Shalawa18", 0): Text 'Shalawa18' has been set to element 'Object Repository/Mobile/Page/Login/Input Rdy - Password'

2022-03-08 13:34:46 - [MESSAGE][WARNING] - Timeout '0' is invalid. Using default page load timeout: '60'

2022-03-08 13:34:46 - [MESSAGE][PASSED] - Text 'Shalawa18' has been set to element 'Object Repository/Mobile/Page/Login/Input Rdy - Password'

2022-03-08 13:34:46 - [TEST_STEP][PASSED] - delay(1): Delayed 1 second(s)

2022-03-08 13:34:47 - [MESSAGE][PASSED] - Delayed 1 second(s)

2022-03-08 13:34:47 - [TEST_STEP][PASSED] - hideKeyboard(): Keyboard is hidden

2022-03-08 13:34:53 - [MESSAGE][PASSED] - Keyboard is hidden

2022-03-08 13:34:53 - [TEST_STEP][PASSED] - tap(LOGN_BtnLogin, 0): Tapped on element 'Object Repository/Mobile/Page/Login/Button - Login'

2022-03-08 13:34:53 - [MESSAGE][WARNING] - Timeout '0' is invalid. Using default page load timeout: '60'

2022-03-08 13:34:54 - [MESSAGE][PASSED] - Tapped on element 'Object Repository/Mobile/Page/Login/Button - Login'

2022-03-08 13:34:54 - [TEST_STEP][PASSED] - delay(2): Delayed 2 second(s)

2022-03-08 13:34:56 - [MESSAGE][PASSED] - Delayed 2 second(s)

2022-03-08 13:34:56 - [TEST_STEP][PASSED] - break: null

2022-03-08 13:34:56 - [MESSAGE][PASSED] - Call Test Case 'Test Cases/Mobile/Page/Login/Login' successfully

2022-03-08 13:34:56 - [MESSAGE][PASSED] - Call Test Case 'Test Cases/Mobile/Page/CheckLogin' successfully

2022-03-08 13:34:56 - [TEST_STEP][PASSED] - tap(HOME_MenubarAnalysis, 0): Tapped on element 'Object Repository/Mobile/Page/Home/Menubar - Analysis'

2022-03-08 13:34:56 - [MESSAGE][WARNING] - Timeout '0' is invalid. Using default page load timeout: '60'

2022-03-08 13:34:58 - [MESSAGE][PASSED] - Tapped on element 'Object Repository/Mobile/Page/Home/Menubar - Analysis'

2022-03-08 13:34:58 - [TEST_STEP][PASSED] - delay(3): Delayed 3 second(s)

2022-03-08 13:35:01 - [MESSAGE][PASSED] - Delayed 3 second(s)

2022-03-08 13:35:01 - [TEST_STEP][PASSED] - for ([i = 0, i < 1, (i++)]): Delayed 2 second(s)

2022-03-08 13:35:01 - [TEST_STEP][PASSED] - if (action == "technicalsearch"): null

2022-03-08 13:35:01 - [TEST_STEP][PASSED] - else if (action == "technicaldetail"): Delayed 2 second(s)

2022-03-08 13:35:01 - [TEST_STEP][PASSED] - tapAndHold(ANAL_ItemTopResultTech, 1, 0): Tapped and held on element 'Object Repository/Mobile/Page/Analysis/Item - Top Technical' with duration 1

2022-03-08 13:35:01 - [MESSAGE][WARNING] - Timeout '0' is invalid. Using default page load timeout: '60'

2022-03-08 13:35:04 - [MESSAGE][PASSED] - Tapped and held on element 'Object Repository/Mobile/Page/Analysis/Item - Top Technical' with duration 1

2022-03-08 13:35:04 - [TEST_STEP][PASSED] - delay(5): Delayed 5 second(s)

2022-03-08 13:35:09 - [MESSAGE][PASSED] - Delayed 5 second(s)

2022-03-08 13:35:09 - [TEST_STEP][PASSED] - switch (action2): null

2022-03-08 13:35:09 - [TEST_STEP][PASSED] - case "day":: null

2022-03-08 13:35:09 - [TEST_STEP][PASSED] - tapAndHold(ANAL_DETL_BtnD, 1, 0): Tapped and held on element 'Object Repository/Mobile/Page/Analysis/Detail/Button - D' with duration 1

2022-03-08 13:35:09 - [MESSAGE][WARNING] - Timeout '0' is invalid. Using default page load timeout: '60'

2022-03-08 13:35:12 - [MESSAGE][PASSED] - Tapped and held on element 'Object Repository/Mobile/Page/Analysis/Detail/Button - D' with duration 1

2022-03-08 13:35:12 - [TEST_STEP][PASSED] - break: null

2022-03-08 13:35:12 - [TEST_STEP][PASSED] - delay(2): Delayed 2 second(s)

2022-03-08 13:35:14 - [MESSAGE][PASSED] - Delayed 2 second(s)

2022-03-08 13:35:14 - [MESSAGE][PASSED] - Call Test Case 'Test Cases/Mobile/Page/Analysis/Analysis' successfully

2022-03-08 13:35:14 - [TEST_STEP][PASSED] - callTestCase(findTestCase("Mobile/Page/Run App/Terminate App"), [:], STOP_ON_FAILURE): Call Test Case 'Test Cases/Mobile/Page/Run App/Terminate App' successfully

2022-03-08 13:35:14 - [TEST_CASE][PASSED] - Test Cases/Mobile/Page/Run App/Terminate App: Test Cases/Mobile/Page/Run App/Terminate App

2022-03-08 13:35:14 - [TEST_STEP][PASSED] - startApp.OpenApp.terminateApplication(): startApp.OpenApp.terminateApplication is PASSED

2022-03-08 13:35:17 - [MESSAGE][PASSED] - Delayed 3 second(s)

2022-03-08 13:35:18 - [MESSAGE][PASSED] - Current device physical width is 720

2022-03-08 13:35:18 - [MESSAGE][PASSED] - Current device physical height is 1423

2022-03-08 13:35:19 - [MESSAGE][PASSED] - Swiped from 360,853 to 360,142

2022-03-08 13:35:20 - [MESSAGE][PASSED] - Delayed 1 second(s)

2022-03-08 13:35:21 - [MESSAGE][PASSED] - Swiped from 360,853 to 360,142

2022-03-08 13:35:24 - [MESSAGE][PASSED] - Delayed 3 second(s)

2022-03-08 13:35:24 - [MESSAGE][PASSED] - startApp.OpenApp.terminateApplication is PASSED

2022-03-08 13:35:24 - [MESSAGE][PASSED] - Call Test Case 'Test Cases/Mobile/Page/Run App/Terminate App' successfully]]></system-out>
         <system-err><![CDATA[]]></system-err>
      </testcase>
      <testcase name="Test Cases/Mobile/Scenario/Analysis/003 - Melihat detail stock kategori week" time="62.85" classname="Test Cases/Mobile/Scenario/Analysis/003 - Melihat detail stock kategori week" status="PASSED">
         <system-out><![CDATA[2022-03-08 13:35:24 - [TEST_CASE][PASSED] - Test Cases/Mobile/Scenario/Analysis/003 - Melihat detail stock kategori week: Test Cases/Mobile/Scenario/Analysis/003 - Melihat detail stock kategori week

2022-03-08 13:35:25 - [TEST_STEP][PASSED] - callTestCase(findTestCase("Mobile/Page/Run App/Run App byID"), [:], STOP_ON_FAILURE): Call Test Case 'Test Cases/Mobile/Page/Run App/Run App byID' successfully

2022-03-08 13:35:25 - [TEST_CASE][PASSED] - Test Cases/Mobile/Page/Run App/Run App byID: Test Cases/Mobile/Page/Run App/Run App byID

2022-03-08 13:35:25 - [TEST_STEP][PASSED] - startApp.OpenApp.startApplication("id.co.miraeasset.sageclub"): startApp.OpenApp.startApplication is PASSED

2022-03-08 13:35:36 - [MESSAGE][PASSED] - Starting app with application ID: 'id.co.miraeasset.sageclub'

2022-03-08 13:35:36 - [MESSAGE][PASSED] - startApp.OpenApp.startApplication is PASSED

2022-03-08 13:35:36 - [MESSAGE][PASSED] - Call Test Case 'Test Cases/Mobile/Page/Run App/Run App byID' successfully

2022-03-08 13:35:36 - [TEST_STEP][PASSED] - callTestCase(findTestCase("Mobile/Page/Analysis/Analysis"), ["action":"technicaldetail", "action2":"week"], CONTINUE_ON_FAILURE): Call Test Case 'Test Cases/Mobile/Page/Analysis/Analysis' successfully

2022-03-08 13:35:37 - [TEST_CASE][PASSED] - Test Cases/Mobile/Page/Analysis/Analysis: Test Cases/Mobile/Page/Analysis/Analysis

2022-03-08 13:35:37 - [TEST_STEP][PASSED] - callTestCase(findTestCase("Mobile/Page/CheckLogin"), [:], CONTINUE_ON_FAILURE): Call Test Case 'Test Cases/Mobile/Page/CheckLogin' successfully

2022-03-08 13:35:37 - [TEST_CASE][PASSED] - Test Cases/Mobile/Page/CheckLogin: Test Cases/Mobile/Page/CheckLogin

2022-03-08 13:35:37 - [TEST_STEP][PASSED] - loginCheck = verifyElementExist(LOGN_BtnLogin, 5, CONTINUE_ON_FAILURE): Element 'Object Repository/Mobile/Page/Login/Button - Login' is exist

2022-03-08 13:35:38 - [MESSAGE][PASSED] - Element 'Object Repository/Mobile/Page/Login/Button - Login' is exist

2022-03-08 13:35:38 - [TEST_STEP][PASSED] - if (loginCheck): Call Test Case 'Test Cases/Mobile/Page/Login/Login' successfully

2022-03-08 13:35:38 - [TEST_STEP][PASSED] - callTestCase(findTestCase("Mobile/Page/Login/Login"), ["action":"username"], CONTINUE_ON_FAILURE): Call Test Case 'Test Cases/Mobile/Page/Login/Login' successfully

2022-03-08 13:35:38 - [TEST_CASE][PASSED] - Test Cases/Mobile/Page/Login/Login: Test Cases/Mobile/Page/Login/Login

2022-03-08 13:35:38 - [TEST_STEP][PASSED] - delay(2): Delayed 2 second(s)

2022-03-08 13:35:40 - [MESSAGE][PASSED] - Delayed 2 second(s)

2022-03-08 13:35:40 - [TEST_STEP][PASSED] - for ([i = 0, i < 1, (i++)]): null

2022-03-08 13:35:40 - [TEST_STEP][PASSED] - if (action == "username"): null

2022-03-08 13:35:40 - [TEST_STEP][PASSED] - tap(LOGN_EdtUserID, 0): Tapped on element 'Object Repository/Mobile/Page/Login/Input - UserID'

2022-03-08 13:35:40 - [MESSAGE][WARNING] - Timeout '0' is invalid. Using default page load timeout: '60'

2022-03-08 13:35:41 - [MESSAGE][PASSED] - Tapped on element 'Object Repository/Mobile/Page/Login/Input - UserID'

2022-03-08 13:35:41 - [TEST_STEP][PASSED] - delay(1): Delayed 1 second(s)

2022-03-08 13:35:42 - [MESSAGE][PASSED] - Delayed 1 second(s)

2022-03-08 13:35:42 - [TEST_STEP][PASSED] - setText(LOGN_EdtRdyUserID, "anggaaditya", 0): Text 'anggaaditya' has been set to element 'Object Repository/Mobile/Page/Login/Input Rdy - UserID'

2022-03-08 13:35:42 - [MESSAGE][WARNING] - Timeout '0' is invalid. Using default page load timeout: '60'

2022-03-08 13:35:42 - [MESSAGE][PASSED] - Text 'anggaaditya' has been set to element 'Object Repository/Mobile/Page/Login/Input Rdy - UserID'

2022-03-08 13:35:42 - [TEST_STEP][PASSED] - delay(1): Delayed 1 second(s)

2022-03-08 13:35:44 - [MESSAGE][PASSED] - Delayed 1 second(s)

2022-03-08 13:35:44 - [TEST_STEP][PASSED] - hideKeyboard(): Keyboard is hidden

2022-03-08 13:35:47 - [MESSAGE][PASSED] - Keyboard is hidden

2022-03-08 13:35:47 - [TEST_STEP][PASSED] - tap(LOGN_EdtPassword, 0): Tapped on element 'Object Repository/Mobile/Page/Login/Input - Password'

2022-03-08 13:35:47 - [MESSAGE][WARNING] - Timeout '0' is invalid. Using default page load timeout: '60'

2022-03-08 13:35:47 - [MESSAGE][PASSED] - Tapped on element 'Object Repository/Mobile/Page/Login/Input - Password'

2022-03-08 13:35:47 - [TEST_STEP][PASSED] - delay(1): Delayed 1 second(s)

2022-03-08 13:35:48 - [MESSAGE][PASSED] - Delayed 1 second(s)

2022-03-08 13:35:48 - [TEST_STEP][PASSED] - setText(LOGN_EdtRdyPassword, "Shalawa18", 0): Text 'Shalawa18' has been set to element 'Object Repository/Mobile/Page/Login/Input Rdy - Password'

2022-03-08 13:35:48 - [MESSAGE][WARNING] - Timeout '0' is invalid. Using default page load timeout: '60'

2022-03-08 13:35:49 - [MESSAGE][PASSED] - Text 'Shalawa18' has been set to element 'Object Repository/Mobile/Page/Login/Input Rdy - Password'

2022-03-08 13:35:49 - [TEST_STEP][PASSED] - delay(1): Delayed 1 second(s)

2022-03-08 13:35:50 - [MESSAGE][PASSED] - Delayed 1 second(s)

2022-03-08 13:35:50 - [TEST_STEP][PASSED] - hideKeyboard(): Keyboard is hidden

2022-03-08 13:35:56 - [MESSAGE][PASSED] - Keyboard is hidden

2022-03-08 13:35:56 - [TEST_STEP][PASSED] - tap(LOGN_BtnLogin, 0): Tapped on element 'Object Repository/Mobile/Page/Login/Button - Login'

2022-03-08 13:35:56 - [MESSAGE][WARNING] - Timeout '0' is invalid. Using default page load timeout: '60'

2022-03-08 13:35:57 - [MESSAGE][PASSED] - Tapped on element 'Object Repository/Mobile/Page/Login/Button - Login'

2022-03-08 13:35:57 - [TEST_STEP][PASSED] - delay(2): Delayed 2 second(s)

2022-03-08 13:35:59 - [MESSAGE][PASSED] - Delayed 2 second(s)

2022-03-08 13:35:59 - [TEST_STEP][PASSED] - break: null

2022-03-08 13:35:59 - [MESSAGE][PASSED] - Call Test Case 'Test Cases/Mobile/Page/Login/Login' successfully

2022-03-08 13:35:59 - [MESSAGE][PASSED] - Call Test Case 'Test Cases/Mobile/Page/CheckLogin' successfully

2022-03-08 13:35:59 - [TEST_STEP][PASSED] - tap(HOME_MenubarAnalysis, 0): Tapped on element 'Object Repository/Mobile/Page/Home/Menubar - Analysis'

2022-03-08 13:35:59 - [MESSAGE][WARNING] - Timeout '0' is invalid. Using default page load timeout: '60'

2022-03-08 13:36:01 - [MESSAGE][PASSED] - Tapped on element 'Object Repository/Mobile/Page/Home/Menubar - Analysis'

2022-03-08 13:36:01 - [TEST_STEP][PASSED] - delay(3): Delayed 3 second(s)

2022-03-08 13:36:04 - [MESSAGE][PASSED] - Delayed 3 second(s)

2022-03-08 13:36:04 - [TEST_STEP][PASSED] - for ([i = 0, i < 1, (i++)]): Delayed 2 second(s)

2022-03-08 13:36:04 - [TEST_STEP][PASSED] - if (action == "technicalsearch"): null

2022-03-08 13:36:04 - [TEST_STEP][PASSED] - else if (action == "technicaldetail"): Delayed 2 second(s)

2022-03-08 13:36:04 - [TEST_STEP][PASSED] - tapAndHold(ANAL_ItemTopResultTech, 1, 0): Tapped and held on element 'Object Repository/Mobile/Page/Analysis/Item - Top Technical' with duration 1

2022-03-08 13:36:04 - [MESSAGE][WARNING] - Timeout '0' is invalid. Using default page load timeout: '60'

2022-03-08 13:36:07 - [MESSAGE][PASSED] - Tapped and held on element 'Object Repository/Mobile/Page/Analysis/Item - Top Technical' with duration 1

2022-03-08 13:36:07 - [TEST_STEP][PASSED] - delay(5): Delayed 5 second(s)

2022-03-08 13:36:12 - [MESSAGE][PASSED] - Delayed 5 second(s)

2022-03-08 13:36:12 - [TEST_STEP][PASSED] - switch (action2): null

2022-03-08 13:36:12 - [TEST_STEP][PASSED] - case "week":: null

2022-03-08 13:36:12 - [TEST_STEP][PASSED] - tapAndHold(ANAL_DETL_BtnW, 1, 0): Tapped and held on element 'Object Repository/Mobile/Page/Analysis/Detail/Button - W' with duration 1

2022-03-08 13:36:12 - [MESSAGE][WARNING] - Timeout '0' is invalid. Using default page load timeout: '60'

2022-03-08 13:36:15 - [MESSAGE][PASSED] - Tapped and held on element 'Object Repository/Mobile/Page/Analysis/Detail/Button - W' with duration 1

2022-03-08 13:36:15 - [TEST_STEP][PASSED] - break: null

2022-03-08 13:36:15 - [TEST_STEP][PASSED] - delay(2): Delayed 2 second(s)

2022-03-08 13:36:17 - [MESSAGE][PASSED] - Delayed 2 second(s)

2022-03-08 13:36:17 - [MESSAGE][PASSED] - Call Test Case 'Test Cases/Mobile/Page/Analysis/Analysis' successfully

2022-03-08 13:36:17 - [TEST_STEP][PASSED] - callTestCase(findTestCase("Mobile/Page/Run App/Terminate App"), [:], STOP_ON_FAILURE): Call Test Case 'Test Cases/Mobile/Page/Run App/Terminate App' successfully

2022-03-08 13:36:17 - [TEST_CASE][PASSED] - Test Cases/Mobile/Page/Run App/Terminate App: Test Cases/Mobile/Page/Run App/Terminate App

2022-03-08 13:36:17 - [TEST_STEP][PASSED] - startApp.OpenApp.terminateApplication(): startApp.OpenApp.terminateApplication is PASSED

2022-03-08 13:36:20 - [MESSAGE][PASSED] - Delayed 3 second(s)

2022-03-08 13:36:20 - [MESSAGE][PASSED] - Current device physical width is 720

2022-03-08 13:36:21 - [MESSAGE][PASSED] - Current device physical height is 1423

2022-03-08 13:36:22 - [MESSAGE][PASSED] - Swiped from 360,853 to 360,142

2022-03-08 13:36:23 - [MESSAGE][PASSED] - Delayed 1 second(s)

2022-03-08 13:36:24 - [MESSAGE][PASSED] - Swiped from 360,853 to 360,142

2022-03-08 13:36:27 - [MESSAGE][PASSED] - Delayed 3 second(s)

2022-03-08 13:36:27 - [MESSAGE][PASSED] - startApp.OpenApp.terminateApplication is PASSED

2022-03-08 13:36:27 - [MESSAGE][PASSED] - Call Test Case 'Test Cases/Mobile/Page/Run App/Terminate App' successfully]]></system-out>
         <system-err><![CDATA[]]></system-err>
      </testcase>
      <testcase name="Test Cases/Mobile/Scenario/Analysis/004 - Melihat detail stock kategori month" time="61.363" classname="Test Cases/Mobile/Scenario/Analysis/004 - Melihat detail stock kategori month" status="PASSED">
         <system-out><![CDATA[2022-03-08 13:36:27 - [TEST_CASE][PASSED] - Test Cases/Mobile/Scenario/Analysis/004 - Melihat detail stock kategori month: Test Cases/Mobile/Scenario/Analysis/004 - Melihat detail stock kategori month

2022-03-08 13:36:27 - [TEST_STEP][PASSED] - callTestCase(findTestCase("Mobile/Page/Run App/Run App byID"), [:], STOP_ON_FAILURE): Call Test Case 'Test Cases/Mobile/Page/Run App/Run App byID' successfully

2022-03-08 13:36:27 - [TEST_CASE][PASSED] - Test Cases/Mobile/Page/Run App/Run App byID: Test Cases/Mobile/Page/Run App/Run App byID

2022-03-08 13:36:27 - [TEST_STEP][PASSED] - startApp.OpenApp.startApplication("id.co.miraeasset.sageclub"): startApp.OpenApp.startApplication is PASSED

2022-03-08 13:36:39 - [MESSAGE][PASSED] - Starting app with application ID: 'id.co.miraeasset.sageclub'

2022-03-08 13:36:39 - [MESSAGE][PASSED] - startApp.OpenApp.startApplication is PASSED

2022-03-08 13:36:39 - [MESSAGE][PASSED] - Call Test Case 'Test Cases/Mobile/Page/Run App/Run App byID' successfully

2022-03-08 13:36:39 - [TEST_STEP][PASSED] - callTestCase(findTestCase("Mobile/Page/Analysis/Analysis"), ["action":"technicaldetail", "action2":"month"], CONTINUE_ON_FAILURE): Call Test Case 'Test Cases/Mobile/Page/Analysis/Analysis' successfully

2022-03-08 13:36:39 - [TEST_CASE][PASSED] - Test Cases/Mobile/Page/Analysis/Analysis: Test Cases/Mobile/Page/Analysis/Analysis

2022-03-08 13:36:39 - [TEST_STEP][PASSED] - callTestCase(findTestCase("Mobile/Page/CheckLogin"), [:], CONTINUE_ON_FAILURE): Call Test Case 'Test Cases/Mobile/Page/CheckLogin' successfully

2022-03-08 13:36:39 - [TEST_CASE][PASSED] - Test Cases/Mobile/Page/CheckLogin: Test Cases/Mobile/Page/CheckLogin

2022-03-08 13:36:39 - [TEST_STEP][PASSED] - loginCheck = verifyElementExist(LOGN_BtnLogin, 5, CONTINUE_ON_FAILURE): Element 'Object Repository/Mobile/Page/Login/Button - Login' is exist

2022-03-08 13:36:41 - [MESSAGE][PASSED] - Element 'Object Repository/Mobile/Page/Login/Button - Login' is exist

2022-03-08 13:36:41 - [TEST_STEP][PASSED] - if (loginCheck): Call Test Case 'Test Cases/Mobile/Page/Login/Login' successfully

2022-03-08 13:36:41 - [TEST_STEP][PASSED] - callTestCase(findTestCase("Mobile/Page/Login/Login"), ["action":"username"], CONTINUE_ON_FAILURE): Call Test Case 'Test Cases/Mobile/Page/Login/Login' successfully

2022-03-08 13:36:41 - [TEST_CASE][PASSED] - Test Cases/Mobile/Page/Login/Login: Test Cases/Mobile/Page/Login/Login

2022-03-08 13:36:41 - [TEST_STEP][PASSED] - delay(2): Delayed 2 second(s)

2022-03-08 13:36:43 - [MESSAGE][PASSED] - Delayed 2 second(s)

2022-03-08 13:36:43 - [TEST_STEP][PASSED] - for ([i = 0, i < 1, (i++)]): null

2022-03-08 13:36:43 - [TEST_STEP][PASSED] - if (action == "username"): null

2022-03-08 13:36:43 - [TEST_STEP][PASSED] - tap(LOGN_EdtUserID, 0): Tapped on element 'Object Repository/Mobile/Page/Login/Input - UserID'

2022-03-08 13:36:43 - [MESSAGE][WARNING] - Timeout '0' is invalid. Using default page load timeout: '60'

2022-03-08 13:36:44 - [MESSAGE][PASSED] - Tapped on element 'Object Repository/Mobile/Page/Login/Input - UserID'

2022-03-08 13:36:44 - [TEST_STEP][PASSED] - delay(1): Delayed 1 second(s)

2022-03-08 13:36:45 - [MESSAGE][PASSED] - Delayed 1 second(s)

2022-03-08 13:36:45 - [TEST_STEP][PASSED] - setText(LOGN_EdtRdyUserID, "anggaaditya", 0): Text 'anggaaditya' has been set to element 'Object Repository/Mobile/Page/Login/Input Rdy - UserID'

2022-03-08 13:36:45 - [MESSAGE][WARNING] - Timeout '0' is invalid. Using default page load timeout: '60'

2022-03-08 13:36:45 - [MESSAGE][PASSED] - Text 'anggaaditya' has been set to element 'Object Repository/Mobile/Page/Login/Input Rdy - UserID'

2022-03-08 13:36:45 - [TEST_STEP][PASSED] - delay(1): Delayed 1 second(s)

2022-03-08 13:36:46 - [MESSAGE][PASSED] - Delayed 1 second(s)

2022-03-08 13:36:46 - [TEST_STEP][PASSED] - hideKeyboard(): Keyboard is hidden

2022-03-08 13:36:50 - [MESSAGE][PASSED] - Keyboard is hidden

2022-03-08 13:36:50 - [TEST_STEP][PASSED] - tap(LOGN_EdtPassword, 0): Tapped on element 'Object Repository/Mobile/Page/Login/Input - Password'

2022-03-08 13:36:50 - [MESSAGE][WARNING] - Timeout '0' is invalid. Using default page load timeout: '60'

2022-03-08 13:36:50 - [MESSAGE][PASSED] - Tapped on element 'Object Repository/Mobile/Page/Login/Input - Password'

2022-03-08 13:36:50 - [TEST_STEP][PASSED] - delay(1): Delayed 1 second(s)

2022-03-08 13:36:51 - [MESSAGE][PASSED] - Delayed 1 second(s)

2022-03-08 13:36:51 - [TEST_STEP][PASSED] - setText(LOGN_EdtRdyPassword, "Shalawa18", 0): Text 'Shalawa18' has been set to element 'Object Repository/Mobile/Page/Login/Input Rdy - Password'

2022-03-08 13:36:51 - [MESSAGE][WARNING] - Timeout '0' is invalid. Using default page load timeout: '60'

2022-03-08 13:36:52 - [MESSAGE][PASSED] - Text 'Shalawa18' has been set to element 'Object Repository/Mobile/Page/Login/Input Rdy - Password'

2022-03-08 13:36:52 - [TEST_STEP][PASSED] - delay(1): Delayed 1 second(s)

2022-03-08 13:36:53 - [MESSAGE][PASSED] - Delayed 1 second(s)

2022-03-08 13:36:53 - [TEST_STEP][PASSED] - hideKeyboard(): Keyboard is hidden

2022-03-08 13:36:59 - [MESSAGE][PASSED] - Keyboard is hidden

2022-03-08 13:36:59 - [TEST_STEP][PASSED] - tap(LOGN_BtnLogin, 0): Tapped on element 'Object Repository/Mobile/Page/Login/Button - Login'

2022-03-08 13:36:59 - [MESSAGE][WARNING] - Timeout '0' is invalid. Using default page load timeout: '60'

2022-03-08 13:37:00 - [MESSAGE][PASSED] - Tapped on element 'Object Repository/Mobile/Page/Login/Button - Login'

2022-03-08 13:37:00 - [TEST_STEP][PASSED] - delay(2): Delayed 2 second(s)

2022-03-08 13:37:02 - [MESSAGE][PASSED] - Delayed 2 second(s)

2022-03-08 13:37:02 - [TEST_STEP][PASSED] - break: null

2022-03-08 13:37:02 - [MESSAGE][PASSED] - Call Test Case 'Test Cases/Mobile/Page/Login/Login' successfully

2022-03-08 13:37:02 - [MESSAGE][PASSED] - Call Test Case 'Test Cases/Mobile/Page/CheckLogin' successfully

2022-03-08 13:37:02 - [TEST_STEP][PASSED] - tap(HOME_MenubarAnalysis, 0): Tapped on element 'Object Repository/Mobile/Page/Home/Menubar - Analysis'

2022-03-08 13:37:02 - [MESSAGE][WARNING] - Timeout '0' is invalid. Using default page load timeout: '60'

2022-03-08 13:37:03 - [MESSAGE][PASSED] - Tapped on element 'Object Repository/Mobile/Page/Home/Menubar - Analysis'

2022-03-08 13:37:03 - [TEST_STEP][PASSED] - delay(3): Delayed 3 second(s)

2022-03-08 13:37:06 - [MESSAGE][PASSED] - Delayed 3 second(s)

2022-03-08 13:37:06 - [TEST_STEP][PASSED] - for ([i = 0, i < 1, (i++)]): Delayed 2 second(s)

2022-03-08 13:37:06 - [TEST_STEP][PASSED] - if (action == "technicalsearch"): null

2022-03-08 13:37:06 - [TEST_STEP][PASSED] - else if (action == "technicaldetail"): Delayed 2 second(s)

2022-03-08 13:37:06 - [TEST_STEP][PASSED] - tapAndHold(ANAL_ItemTopResultTech, 1, 0): Tapped and held on element 'Object Repository/Mobile/Page/Analysis/Item - Top Technical' with duration 1

2022-03-08 13:37:06 - [MESSAGE][WARNING] - Timeout '0' is invalid. Using default page load timeout: '60'

2022-03-08 13:37:08 - [MESSAGE][PASSED] - Tapped and held on element 'Object Repository/Mobile/Page/Analysis/Item - Top Technical' with duration 1

2022-03-08 13:37:08 - [TEST_STEP][PASSED] - delay(5): Delayed 5 second(s)

2022-03-08 13:37:13 - [MESSAGE][PASSED] - Delayed 5 second(s)

2022-03-08 13:37:13 - [TEST_STEP][PASSED] - switch (action2): null

2022-03-08 13:37:13 - [TEST_STEP][PASSED] - case "month":: null

2022-03-08 13:37:13 - [TEST_STEP][PASSED] - tapAndHold(ANAL_DETL_BtnM, 1, 0): Tapped and held on element 'Object Repository/Mobile/Page/Analysis/Detail/Button - M' with duration 1

2022-03-08 13:37:13 - [MESSAGE][WARNING] - Timeout '0' is invalid. Using default page load timeout: '60'

2022-03-08 13:37:16 - [MESSAGE][PASSED] - Tapped and held on element 'Object Repository/Mobile/Page/Analysis/Detail/Button - M' with duration 1

2022-03-08 13:37:16 - [TEST_STEP][PASSED] - break: null

2022-03-08 13:37:16 - [TEST_STEP][PASSED] - delay(2): Delayed 2 second(s)

2022-03-08 13:37:18 - [MESSAGE][PASSED] - Delayed 2 second(s)

2022-03-08 13:37:18 - [MESSAGE][PASSED] - Call Test Case 'Test Cases/Mobile/Page/Analysis/Analysis' successfully

2022-03-08 13:37:18 - [TEST_STEP][PASSED] - callTestCase(findTestCase("Mobile/Page/Run App/Terminate App"), [:], STOP_ON_FAILURE): Call Test Case 'Test Cases/Mobile/Page/Run App/Terminate App' successfully

2022-03-08 13:37:18 - [TEST_CASE][PASSED] - Test Cases/Mobile/Page/Run App/Terminate App: Test Cases/Mobile/Page/Run App/Terminate App

2022-03-08 13:37:18 - [TEST_STEP][PASSED] - startApp.OpenApp.terminateApplication(): startApp.OpenApp.terminateApplication is PASSED

2022-03-08 13:37:21 - [MESSAGE][PASSED] - Delayed 3 second(s)

2022-03-08 13:37:22 - [MESSAGE][PASSED] - Current device physical width is 720

2022-03-08 13:37:22 - [MESSAGE][PASSED] - Current device physical height is 1423

2022-03-08 13:37:23 - [MESSAGE][PASSED] - Swiped from 360,853 to 360,142

2022-03-08 13:37:24 - [MESSAGE][PASSED] - Delayed 1 second(s)

2022-03-08 13:37:25 - [MESSAGE][PASSED] - Swiped from 360,853 to 360,142

2022-03-08 13:37:29 - [MESSAGE][PASSED] - Delayed 3 second(s)

2022-03-08 13:37:29 - [MESSAGE][PASSED] - startApp.OpenApp.terminateApplication is PASSED

2022-03-08 13:37:29 - [MESSAGE][PASSED] - Call Test Case 'Test Cases/Mobile/Page/Run App/Terminate App' successfully]]></system-out>
         <system-err><![CDATA[]]></system-err>
      </testcase>
      <testcase name="Test Cases/Mobile/Scenario/Analysis/005 - Melihat detail stock kategori year" time="62.762" classname="Test Cases/Mobile/Scenario/Analysis/005 - Melihat detail stock kategori year" status="PASSED">
         <system-out><![CDATA[2022-03-08 13:37:29 - [TEST_CASE][PASSED] - Test Cases/Mobile/Scenario/Analysis/005 - Melihat detail stock kategori year: Test Cases/Mobile/Scenario/Analysis/005 - Melihat detail stock kategori year

2022-03-08 13:37:29 - [TEST_STEP][PASSED] - callTestCase(findTestCase("Mobile/Page/Run App/Run App byID"), [:], STOP_ON_FAILURE): Call Test Case 'Test Cases/Mobile/Page/Run App/Run App byID' successfully

2022-03-08 13:37:29 - [TEST_CASE][PASSED] - Test Cases/Mobile/Page/Run App/Run App byID: Test Cases/Mobile/Page/Run App/Run App byID

2022-03-08 13:37:29 - [TEST_STEP][PASSED] - startApp.OpenApp.startApplication("id.co.miraeasset.sageclub"): startApp.OpenApp.startApplication is PASSED

2022-03-08 13:37:41 - [MESSAGE][PASSED] - Starting app with application ID: 'id.co.miraeasset.sageclub'

2022-03-08 13:37:41 - [MESSAGE][PASSED] - startApp.OpenApp.startApplication is PASSED

2022-03-08 13:37:41 - [MESSAGE][PASSED] - Call Test Case 'Test Cases/Mobile/Page/Run App/Run App byID' successfully

2022-03-08 13:37:41 - [TEST_STEP][PASSED] - callTestCase(findTestCase("Mobile/Page/Analysis/Analysis"), ["action":"technicaldetail", "action2":"year"], CONTINUE_ON_FAILURE): Call Test Case 'Test Cases/Mobile/Page/Analysis/Analysis' successfully

2022-03-08 13:37:41 - [TEST_CASE][PASSED] - Test Cases/Mobile/Page/Analysis/Analysis: Test Cases/Mobile/Page/Analysis/Analysis

2022-03-08 13:37:41 - [TEST_STEP][PASSED] - callTestCase(findTestCase("Mobile/Page/CheckLogin"), [:], CONTINUE_ON_FAILURE): Call Test Case 'Test Cases/Mobile/Page/CheckLogin' successfully

2022-03-08 13:37:41 - [TEST_CASE][PASSED] - Test Cases/Mobile/Page/CheckLogin: Test Cases/Mobile/Page/CheckLogin

2022-03-08 13:37:41 - [TEST_STEP][PASSED] - loginCheck = verifyElementExist(LOGN_BtnLogin, 5, CONTINUE_ON_FAILURE): Element 'Object Repository/Mobile/Page/Login/Button - Login' is exist

2022-03-08 13:37:43 - [MESSAGE][PASSED] - Element 'Object Repository/Mobile/Page/Login/Button - Login' is exist

2022-03-08 13:37:43 - [TEST_STEP][PASSED] - if (loginCheck): Call Test Case 'Test Cases/Mobile/Page/Login/Login' successfully

2022-03-08 13:37:43 - [TEST_STEP][PASSED] - callTestCase(findTestCase("Mobile/Page/Login/Login"), ["action":"username"], CONTINUE_ON_FAILURE): Call Test Case 'Test Cases/Mobile/Page/Login/Login' successfully

2022-03-08 13:37:43 - [TEST_CASE][PASSED] - Test Cases/Mobile/Page/Login/Login: Test Cases/Mobile/Page/Login/Login

2022-03-08 13:37:43 - [TEST_STEP][PASSED] - delay(2): Delayed 2 second(s)

2022-03-08 13:37:45 - [MESSAGE][PASSED] - Delayed 2 second(s)

2022-03-08 13:37:45 - [TEST_STEP][PASSED] - for ([i = 0, i < 1, (i++)]): null

2022-03-08 13:37:45 - [TEST_STEP][PASSED] - if (action == "username"): null

2022-03-08 13:37:45 - [TEST_STEP][PASSED] - tap(LOGN_EdtUserID, 0): Tapped on element 'Object Repository/Mobile/Page/Login/Input - UserID'

2022-03-08 13:37:45 - [MESSAGE][WARNING] - Timeout '0' is invalid. Using default page load timeout: '60'

2022-03-08 13:37:45 - [MESSAGE][PASSED] - Tapped on element 'Object Repository/Mobile/Page/Login/Input - UserID'

2022-03-08 13:37:45 - [TEST_STEP][PASSED] - delay(1): Delayed 1 second(s)

2022-03-08 13:37:46 - [MESSAGE][PASSED] - Delayed 1 second(s)

2022-03-08 13:37:46 - [TEST_STEP][PASSED] - setText(LOGN_EdtRdyUserID, "anggaaditya", 0): Text 'anggaaditya' has been set to element 'Object Repository/Mobile/Page/Login/Input Rdy - UserID'

2022-03-08 13:37:46 - [MESSAGE][WARNING] - Timeout '0' is invalid. Using default page load timeout: '60'

2022-03-08 13:37:47 - [MESSAGE][PASSED] - Text 'anggaaditya' has been set to element 'Object Repository/Mobile/Page/Login/Input Rdy - UserID'

2022-03-08 13:37:47 - [TEST_STEP][PASSED] - delay(1): Delayed 1 second(s)

2022-03-08 13:37:48 - [MESSAGE][PASSED] - Delayed 1 second(s)

2022-03-08 13:37:48 - [TEST_STEP][PASSED] - hideKeyboard(): Keyboard is hidden

2022-03-08 13:37:51 - [MESSAGE][PASSED] - Keyboard is hidden

2022-03-08 13:37:51 - [TEST_STEP][PASSED] - tap(LOGN_EdtPassword, 0): Tapped on element 'Object Repository/Mobile/Page/Login/Input - Password'

2022-03-08 13:37:51 - [MESSAGE][WARNING] - Timeout '0' is invalid. Using default page load timeout: '60'

2022-03-08 13:37:52 - [MESSAGE][PASSED] - Tapped on element 'Object Repository/Mobile/Page/Login/Input - Password'

2022-03-08 13:37:52 - [TEST_STEP][PASSED] - delay(1): Delayed 1 second(s)

2022-03-08 13:37:53 - [MESSAGE][PASSED] - Delayed 1 second(s)

2022-03-08 13:37:53 - [TEST_STEP][PASSED] - setText(LOGN_EdtRdyPassword, "Shalawa18", 0): Text 'Shalawa18' has been set to element 'Object Repository/Mobile/Page/Login/Input Rdy - Password'

2022-03-08 13:37:53 - [MESSAGE][WARNING] - Timeout '0' is invalid. Using default page load timeout: '60'

2022-03-08 13:37:53 - [MESSAGE][PASSED] - Text 'Shalawa18' has been set to element 'Object Repository/Mobile/Page/Login/Input Rdy - Password'

2022-03-08 13:37:53 - [TEST_STEP][PASSED] - delay(1): Delayed 1 second(s)

2022-03-08 13:37:54 - [MESSAGE][PASSED] - Delayed 1 second(s)

2022-03-08 13:37:54 - [TEST_STEP][PASSED] - hideKeyboard(): Keyboard is hidden

2022-03-08 13:38:00 - [MESSAGE][PASSED] - Keyboard is hidden

2022-03-08 13:38:00 - [TEST_STEP][PASSED] - tap(LOGN_BtnLogin, 0): Tapped on element 'Object Repository/Mobile/Page/Login/Button - Login'

2022-03-08 13:38:00 - [MESSAGE][WARNING] - Timeout '0' is invalid. Using default page load timeout: '60'

2022-03-08 13:38:01 - [MESSAGE][PASSED] - Tapped on element 'Object Repository/Mobile/Page/Login/Button - Login'

2022-03-08 13:38:01 - [TEST_STEP][PASSED] - delay(2): Delayed 2 second(s)

2022-03-08 13:38:03 - [MESSAGE][PASSED] - Delayed 2 second(s)

2022-03-08 13:38:03 - [TEST_STEP][PASSED] - break: null

2022-03-08 13:38:03 - [MESSAGE][PASSED] - Call Test Case 'Test Cases/Mobile/Page/Login/Login' successfully

2022-03-08 13:38:03 - [MESSAGE][PASSED] - Call Test Case 'Test Cases/Mobile/Page/CheckLogin' successfully

2022-03-08 13:38:03 - [TEST_STEP][PASSED] - tap(HOME_MenubarAnalysis, 0): Tapped on element 'Object Repository/Mobile/Page/Home/Menubar - Analysis'

2022-03-08 13:38:03 - [MESSAGE][WARNING] - Timeout '0' is invalid. Using default page load timeout: '60'

2022-03-08 13:38:05 - [MESSAGE][PASSED] - Tapped on element 'Object Repository/Mobile/Page/Home/Menubar - Analysis'

2022-03-08 13:38:05 - [TEST_STEP][PASSED] - delay(3): Delayed 3 second(s)

2022-03-08 13:38:08 - [MESSAGE][PASSED] - Delayed 3 second(s)

2022-03-08 13:38:08 - [TEST_STEP][PASSED] - for ([i = 0, i < 1, (i++)]): Delayed 2 second(s)

2022-03-08 13:38:08 - [TEST_STEP][PASSED] - if (action == "technicalsearch"): null

2022-03-08 13:38:08 - [TEST_STEP][PASSED] - else if (action == "technicaldetail"): Delayed 2 second(s)

2022-03-08 13:38:08 - [TEST_STEP][PASSED] - tapAndHold(ANAL_ItemTopResultTech, 1, 0): Tapped and held on element 'Object Repository/Mobile/Page/Analysis/Item - Top Technical' with duration 1

2022-03-08 13:38:08 - [MESSAGE][WARNING] - Timeout '0' is invalid. Using default page load timeout: '60'

2022-03-08 13:38:11 - [MESSAGE][PASSED] - Tapped and held on element 'Object Repository/Mobile/Page/Analysis/Item - Top Technical' with duration 1

2022-03-08 13:38:11 - [TEST_STEP][PASSED] - delay(5): Delayed 5 second(s)

2022-03-08 13:38:16 - [MESSAGE][PASSED] - Delayed 5 second(s)

2022-03-08 13:38:16 - [TEST_STEP][PASSED] - switch (action2): null

2022-03-08 13:38:16 - [TEST_STEP][PASSED] - case "year":: null

2022-03-08 13:38:16 - [TEST_STEP][PASSED] - tapAndHold(ANAL_DETL_BtnY, 1, 0): Tapped and held on element 'Object Repository/Mobile/Page/Analysis/Detail/Button - Y' with duration 1

2022-03-08 13:38:16 - [MESSAGE][WARNING] - Timeout '0' is invalid. Using default page load timeout: '60'

2022-03-08 13:38:19 - [MESSAGE][PASSED] - Tapped and held on element 'Object Repository/Mobile/Page/Analysis/Detail/Button - Y' with duration 1

2022-03-08 13:38:19 - [TEST_STEP][PASSED] - break: null

2022-03-08 13:38:19 - [TEST_STEP][PASSED] - delay(2): Delayed 2 second(s)

2022-03-08 13:38:21 - [MESSAGE][PASSED] - Delayed 2 second(s)

2022-03-08 13:38:21 - [MESSAGE][PASSED] - Call Test Case 'Test Cases/Mobile/Page/Analysis/Analysis' successfully

2022-03-08 13:38:21 - [TEST_STEP][PASSED] - callTestCase(findTestCase("Mobile/Page/Run App/Terminate App"), [:], STOP_ON_FAILURE): Call Test Case 'Test Cases/Mobile/Page/Run App/Terminate App' successfully

2022-03-08 13:38:21 - [TEST_CASE][PASSED] - Test Cases/Mobile/Page/Run App/Terminate App: Test Cases/Mobile/Page/Run App/Terminate App

2022-03-08 13:38:21 - [TEST_STEP][PASSED] - startApp.OpenApp.terminateApplication(): startApp.OpenApp.terminateApplication is PASSED

2022-03-08 13:38:24 - [MESSAGE][PASSED] - Delayed 3 second(s)

2022-03-08 13:38:24 - [MESSAGE][PASSED] - Current device physical width is 720

2022-03-08 13:38:25 - [MESSAGE][PASSED] - Current device physical height is 1423

2022-03-08 13:38:26 - [MESSAGE][PASSED] - Swiped from 360,853 to 360,142

2022-03-08 13:38:27 - [MESSAGE][PASSED] - Delayed 1 second(s)

2022-03-08 13:38:28 - [MESSAGE][PASSED] - Swiped from 360,853 to 360,142

2022-03-08 13:38:31 - [MESSAGE][PASSED] - Delayed 3 second(s)

2022-03-08 13:38:31 - [MESSAGE][PASSED] - startApp.OpenApp.terminateApplication is PASSED

2022-03-08 13:38:31 - [MESSAGE][PASSED] - Call Test Case 'Test Cases/Mobile/Page/Run App/Terminate App' successfully]]></system-out>
         <system-err><![CDATA[]]></system-err>
      </testcase>
      <testcase name="Test Cases/Mobile/Scenario/Analysis/006 - Melihat Research Report" time="56.559" classname="Test Cases/Mobile/Scenario/Analysis/006 - Melihat Research Report" status="PASSED">
         <system-out><![CDATA[2022-03-08 13:38:31 - [TEST_CASE][PASSED] - Test Cases/Mobile/Scenario/Analysis/006 - Melihat Research Report: Test Cases/Mobile/Scenario/Analysis/006 - Melihat Research Report

2022-03-08 13:38:32 - [TEST_STEP][PASSED] - callTestCase(findTestCase("Mobile/Page/Run App/Run App byID"), [:], STOP_ON_FAILURE): Call Test Case 'Test Cases/Mobile/Page/Run App/Run App byID' successfully

2022-03-08 13:38:32 - [TEST_CASE][PASSED] - Test Cases/Mobile/Page/Run App/Run App byID: Test Cases/Mobile/Page/Run App/Run App byID

2022-03-08 13:38:32 - [TEST_STEP][PASSED] - startApp.OpenApp.startApplication("id.co.miraeasset.sageclub"): startApp.OpenApp.startApplication is PASSED

2022-03-08 13:38:43 - [MESSAGE][PASSED] - Starting app with application ID: 'id.co.miraeasset.sageclub'

2022-03-08 13:38:43 - [MESSAGE][PASSED] - startApp.OpenApp.startApplication is PASSED

2022-03-08 13:38:43 - [MESSAGE][PASSED] - Call Test Case 'Test Cases/Mobile/Page/Run App/Run App byID' successfully

2022-03-08 13:38:43 - [TEST_STEP][PASSED] - callTestCase(findTestCase("Mobile/Page/Analysis/Analysis"), ["action":"researchdetail"], CONTINUE_ON_FAILURE): Call Test Case 'Test Cases/Mobile/Page/Analysis/Analysis' successfully

2022-03-08 13:38:43 - [TEST_CASE][PASSED] - Test Cases/Mobile/Page/Analysis/Analysis: Test Cases/Mobile/Page/Analysis/Analysis

2022-03-08 13:38:43 - [TEST_STEP][PASSED] - callTestCase(findTestCase("Mobile/Page/CheckLogin"), [:], CONTINUE_ON_FAILURE): Call Test Case 'Test Cases/Mobile/Page/CheckLogin' successfully

2022-03-08 13:38:43 - [TEST_CASE][PASSED] - Test Cases/Mobile/Page/CheckLogin: Test Cases/Mobile/Page/CheckLogin

2022-03-08 13:38:43 - [TEST_STEP][PASSED] - loginCheck = verifyElementExist(LOGN_BtnLogin, 5, CONTINUE_ON_FAILURE): Element 'Object Repository/Mobile/Page/Login/Button - Login' is exist

2022-03-08 13:38:45 - [MESSAGE][PASSED] - Element 'Object Repository/Mobile/Page/Login/Button - Login' is exist

2022-03-08 13:38:45 - [TEST_STEP][PASSED] - if (loginCheck): Call Test Case 'Test Cases/Mobile/Page/Login/Login' successfully

2022-03-08 13:38:45 - [TEST_STEP][PASSED] - callTestCase(findTestCase("Mobile/Page/Login/Login"), ["action":"username"], CONTINUE_ON_FAILURE): Call Test Case 'Test Cases/Mobile/Page/Login/Login' successfully

2022-03-08 13:38:45 - [TEST_CASE][PASSED] - Test Cases/Mobile/Page/Login/Login: Test Cases/Mobile/Page/Login/Login

2022-03-08 13:38:45 - [TEST_STEP][PASSED] - delay(2): Delayed 2 second(s)

2022-03-08 13:38:47 - [MESSAGE][PASSED] - Delayed 2 second(s)

2022-03-08 13:38:47 - [TEST_STEP][PASSED] - for ([i = 0, i < 1, (i++)]): null

2022-03-08 13:38:47 - [TEST_STEP][PASSED] - if (action == "username"): null

2022-03-08 13:38:47 - [TEST_STEP][PASSED] - tap(LOGN_EdtUserID, 0): Tapped on element 'Object Repository/Mobile/Page/Login/Input - UserID'

2022-03-08 13:38:47 - [MESSAGE][WARNING] - Timeout '0' is invalid. Using default page load timeout: '60'

2022-03-08 13:38:48 - [MESSAGE][PASSED] - Tapped on element 'Object Repository/Mobile/Page/Login/Input - UserID'

2022-03-08 13:38:48 - [TEST_STEP][PASSED] - delay(1): Delayed 1 second(s)

2022-03-08 13:38:49 - [MESSAGE][PASSED] - Delayed 1 second(s)

2022-03-08 13:38:49 - [TEST_STEP][PASSED] - setText(LOGN_EdtRdyUserID, "anggaaditya", 0): Text 'anggaaditya' has been set to element 'Object Repository/Mobile/Page/Login/Input Rdy - UserID'

2022-03-08 13:38:49 - [MESSAGE][WARNING] - Timeout '0' is invalid. Using default page load timeout: '60'

2022-03-08 13:38:49 - [MESSAGE][PASSED] - Text 'anggaaditya' has been set to element 'Object Repository/Mobile/Page/Login/Input Rdy - UserID'

2022-03-08 13:38:49 - [TEST_STEP][PASSED] - delay(1): Delayed 1 second(s)

2022-03-08 13:38:50 - [MESSAGE][PASSED] - Delayed 1 second(s)

2022-03-08 13:38:50 - [TEST_STEP][PASSED] - hideKeyboard(): Keyboard is hidden

2022-03-08 13:38:54 - [MESSAGE][PASSED] - Keyboard is hidden

2022-03-08 13:38:54 - [TEST_STEP][PASSED] - tap(LOGN_EdtPassword, 0): Tapped on element 'Object Repository/Mobile/Page/Login/Input - Password'

2022-03-08 13:38:54 - [MESSAGE][WARNING] - Timeout '0' is invalid. Using default page load timeout: '60'

2022-03-08 13:38:54 - [MESSAGE][PASSED] - Tapped on element 'Object Repository/Mobile/Page/Login/Input - Password'

2022-03-08 13:38:54 - [TEST_STEP][PASSED] - delay(1): Delayed 1 second(s)

2022-03-08 13:38:55 - [MESSAGE][PASSED] - Delayed 1 second(s)

2022-03-08 13:38:55 - [TEST_STEP][PASSED] - setText(LOGN_EdtRdyPassword, "Shalawa18", 0): Text 'Shalawa18' has been set to element 'Object Repository/Mobile/Page/Login/Input Rdy - Password'

2022-03-08 13:38:55 - [MESSAGE][WARNING] - Timeout '0' is invalid. Using default page load timeout: '60'

2022-03-08 13:38:56 - [MESSAGE][PASSED] - Text 'Shalawa18' has been set to element 'Object Repository/Mobile/Page/Login/Input Rdy - Password'

2022-03-08 13:38:56 - [TEST_STEP][PASSED] - delay(1): Delayed 1 second(s)

2022-03-08 13:38:57 - [MESSAGE][PASSED] - Delayed 1 second(s)

2022-03-08 13:38:57 - [TEST_STEP][PASSED] - hideKeyboard(): Keyboard is hidden

2022-03-08 13:39:03 - [MESSAGE][PASSED] - Keyboard is hidden

2022-03-08 13:39:03 - [TEST_STEP][PASSED] - tap(LOGN_BtnLogin, 0): Tapped on element 'Object Repository/Mobile/Page/Login/Button - Login'

2022-03-08 13:39:03 - [MESSAGE][WARNING] - Timeout '0' is invalid. Using default page load timeout: '60'

2022-03-08 13:39:03 - [MESSAGE][PASSED] - Tapped on element 'Object Repository/Mobile/Page/Login/Button - Login'

2022-03-08 13:39:03 - [TEST_STEP][PASSED] - delay(2): Delayed 2 second(s)

2022-03-08 13:39:05 - [MESSAGE][PASSED] - Delayed 2 second(s)

2022-03-08 13:39:05 - [TEST_STEP][PASSED] - break: null

2022-03-08 13:39:05 - [MESSAGE][PASSED] - Call Test Case 'Test Cases/Mobile/Page/Login/Login' successfully

2022-03-08 13:39:05 - [MESSAGE][PASSED] - Call Test Case 'Test Cases/Mobile/Page/CheckLogin' successfully

2022-03-08 13:39:05 - [TEST_STEP][PASSED] - tap(HOME_MenubarAnalysis, 0): Tapped on element 'Object Repository/Mobile/Page/Home/Menubar - Analysis'

2022-03-08 13:39:05 - [MESSAGE][WARNING] - Timeout '0' is invalid. Using default page load timeout: '60'

2022-03-08 13:39:07 - [MESSAGE][PASSED] - Tapped on element 'Object Repository/Mobile/Page/Home/Menubar - Analysis'

2022-03-08 13:39:07 - [TEST_STEP][PASSED] - delay(3): Delayed 3 second(s)

2022-03-08 13:39:10 - [MESSAGE][PASSED] - Delayed 3 second(s)

2022-03-08 13:39:10 - [TEST_STEP][PASSED] - for ([i = 0, i < 1, (i++)]): Press back button successfully

2022-03-08 13:39:10 - [TEST_STEP][PASSED] - if (action == "technicalsearch"): null

2022-03-08 13:39:10 - [TEST_STEP][PASSED] - else if (action == "technicaldetail"): null

2022-03-08 13:39:10 - [TEST_STEP][PASSED] - else if (action == "researchdetail"): Press back button successfully

2022-03-08 13:39:10 - [TEST_STEP][PASSED] - tap(ANAL_TabResearchReport, 0): Tapped on element 'Object Repository/Mobile/Page/Analysis/Tab - Research Report'

2022-03-08 13:39:10 - [MESSAGE][WARNING] - Timeout '0' is invalid. Using default page load timeout: '60'

2022-03-08 13:39:10 - [MESSAGE][PASSED] - Tapped on element 'Object Repository/Mobile/Page/Analysis/Tab - Research Report'

2022-03-08 13:39:10 - [TEST_STEP][PASSED] - delay(1): Delayed 1 second(s)

2022-03-08 13:39:11 - [MESSAGE][PASSED] - Delayed 1 second(s)

2022-03-08 13:39:11 - [TEST_STEP][PASSED] - tapAndHold(ANAL_ItemTopSearch, 1, 0): Tapped and held on element 'Object Repository/Mobile/Page/Analysis/Item - Top Search' with duration 1

2022-03-08 13:39:11 - [MESSAGE][WARNING] - Timeout '0' is invalid. Using default page load timeout: '60'

2022-03-08 13:39:14 - [MESSAGE][PASSED] - Tapped and held on element 'Object Repository/Mobile/Page/Analysis/Item - Top Search' with duration 1

2022-03-08 13:39:14 - [TEST_STEP][PASSED] - delay(3): Delayed 3 second(s)

2022-03-08 13:39:17 - [MESSAGE][PASSED] - Delayed 3 second(s)

2022-03-08 13:39:17 - [TEST_STEP][PASSED] - pressBack(): Press back button successfully

2022-03-08 13:39:17 - [MESSAGE][PASSED] - Press back button successfully

2022-03-08 13:39:17 - [MESSAGE][PASSED] - Call Test Case 'Test Cases/Mobile/Page/Analysis/Analysis' successfully

2022-03-08 13:39:17 - [TEST_STEP][PASSED] - callTestCase(findTestCase("Mobile/Page/Run App/Terminate App"), [:], STOP_ON_FAILURE): Call Test Case 'Test Cases/Mobile/Page/Run App/Terminate App' successfully

2022-03-08 13:39:17 - [TEST_CASE][PASSED] - Test Cases/Mobile/Page/Run App/Terminate App: Test Cases/Mobile/Page/Run App/Terminate App

2022-03-08 13:39:17 - [TEST_STEP][PASSED] - startApp.OpenApp.terminateApplication(): startApp.OpenApp.terminateApplication is PASSED

2022-03-08 13:39:21 - [MESSAGE][PASSED] - Delayed 3 second(s)

2022-03-08 13:39:21 - [MESSAGE][PASSED] - Current device physical width is 720

2022-03-08 13:39:21 - [MESSAGE][PASSED] - Current device physical height is 1423

2022-03-08 13:39:23 - [MESSAGE][PASSED] - Swiped from 360,853 to 360,142

2022-03-08 13:39:24 - [MESSAGE][PASSED] - Delayed 1 second(s)

2022-03-08 13:39:25 - [MESSAGE][PASSED] - Swiped from 360,853 to 360,142

2022-03-08 13:39:28 - [MESSAGE][PASSED] - Delayed 3 second(s)

2022-03-08 13:39:28 - [MESSAGE][PASSED] - startApp.OpenApp.terminateApplication is PASSED

2022-03-08 13:39:28 - [MESSAGE][PASSED] - Call Test Case 'Test Cases/Mobile/Page/Run App/Terminate App' successfully]]></system-out>
         <system-err><![CDATA[]]></system-err>
      </testcase>
      <testcase name="Test Cases/Mobile/Scenario/Analysis/007 - Mencari research report" time="67.636" classname="Test Cases/Mobile/Scenario/Analysis/007 - Mencari research report" status="PASSED">
         <system-out><![CDATA[2022-03-08 13:39:28 - [TEST_CASE][PASSED] - Test Cases/Mobile/Scenario/Analysis/007 - Mencari research report: Test Cases/Mobile/Scenario/Analysis/007 - Mencari research report

2022-03-08 13:39:28 - [TEST_STEP][PASSED] - callTestCase(findTestCase("Mobile/Page/Run App/Run App byID"), [:], STOP_ON_FAILURE): Call Test Case 'Test Cases/Mobile/Page/Run App/Run App byID' successfully

2022-03-08 13:39:28 - [TEST_CASE][PASSED] - Test Cases/Mobile/Page/Run App/Run App byID: Test Cases/Mobile/Page/Run App/Run App byID

2022-03-08 13:39:28 - [TEST_STEP][PASSED] - startApp.OpenApp.startApplication("id.co.miraeasset.sageclub"): startApp.OpenApp.startApplication is PASSED

2022-03-08 13:39:40 - [MESSAGE][PASSED] - Starting app with application ID: 'id.co.miraeasset.sageclub'

2022-03-08 13:39:40 - [MESSAGE][PASSED] - startApp.OpenApp.startApplication is PASSED

2022-03-08 13:39:40 - [MESSAGE][PASSED] - Call Test Case 'Test Cases/Mobile/Page/Run App/Run App byID' successfully

2022-03-08 13:39:40 - [TEST_STEP][PASSED] - callTestCase(findTestCase("Mobile/Page/Analysis/Analysis"), ["action":"researchsearch"], CONTINUE_ON_FAILURE): Call Test Case 'Test Cases/Mobile/Page/Analysis/Analysis' successfully

2022-03-08 13:39:40 - [TEST_CASE][PASSED] - Test Cases/Mobile/Page/Analysis/Analysis: Test Cases/Mobile/Page/Analysis/Analysis

2022-03-08 13:39:40 - [TEST_STEP][PASSED] - callTestCase(findTestCase("Mobile/Page/CheckLogin"), [:], CONTINUE_ON_FAILURE): Call Test Case 'Test Cases/Mobile/Page/CheckLogin' successfully

2022-03-08 13:39:40 - [TEST_CASE][PASSED] - Test Cases/Mobile/Page/CheckLogin: Test Cases/Mobile/Page/CheckLogin

2022-03-08 13:39:40 - [TEST_STEP][PASSED] - loginCheck = verifyElementExist(LOGN_BtnLogin, 5, CONTINUE_ON_FAILURE): Element 'Object Repository/Mobile/Page/Login/Button - Login' is exist

2022-03-08 13:39:42 - [MESSAGE][PASSED] - Element 'Object Repository/Mobile/Page/Login/Button - Login' is exist

2022-03-08 13:39:42 - [TEST_STEP][PASSED] - if (loginCheck): Call Test Case 'Test Cases/Mobile/Page/Login/Login' successfully

2022-03-08 13:39:42 - [TEST_STEP][PASSED] - callTestCase(findTestCase("Mobile/Page/Login/Login"), ["action":"username"], CONTINUE_ON_FAILURE): Call Test Case 'Test Cases/Mobile/Page/Login/Login' successfully

2022-03-08 13:39:42 - [TEST_CASE][PASSED] - Test Cases/Mobile/Page/Login/Login: Test Cases/Mobile/Page/Login/Login

2022-03-08 13:39:42 - [TEST_STEP][PASSED] - delay(2): Delayed 2 second(s)

2022-03-08 13:39:44 - [MESSAGE][PASSED] - Delayed 2 second(s)

2022-03-08 13:39:44 - [TEST_STEP][PASSED] - for ([i = 0, i < 1, (i++)]): null

2022-03-08 13:39:44 - [TEST_STEP][PASSED] - if (action == "username"): null

2022-03-08 13:39:44 - [TEST_STEP][PASSED] - tap(LOGN_EdtUserID, 0): Tapped on element 'Object Repository/Mobile/Page/Login/Input - UserID'

2022-03-08 13:39:44 - [MESSAGE][WARNING] - Timeout '0' is invalid. Using default page load timeout: '60'

2022-03-08 13:39:44 - [MESSAGE][PASSED] - Tapped on element 'Object Repository/Mobile/Page/Login/Input - UserID'

2022-03-08 13:39:44 - [TEST_STEP][PASSED] - delay(1): Delayed 1 second(s)

2022-03-08 13:39:45 - [MESSAGE][PASSED] - Delayed 1 second(s)

2022-03-08 13:39:45 - [TEST_STEP][PASSED] - setText(LOGN_EdtRdyUserID, "anggaaditya", 0): Text 'anggaaditya' has been set to element 'Object Repository/Mobile/Page/Login/Input Rdy - UserID'

2022-03-08 13:39:45 - [MESSAGE][WARNING] - Timeout '0' is invalid. Using default page load timeout: '60'

2022-03-08 13:39:46 - [MESSAGE][PASSED] - Text 'anggaaditya' has been set to element 'Object Repository/Mobile/Page/Login/Input Rdy - UserID'

2022-03-08 13:39:46 - [TEST_STEP][PASSED] - delay(1): Delayed 1 second(s)

2022-03-08 13:39:47 - [MESSAGE][PASSED] - Delayed 1 second(s)

2022-03-08 13:39:47 - [TEST_STEP][PASSED] - hideKeyboard(): Keyboard is hidden

2022-03-08 13:39:51 - [MESSAGE][PASSED] - Keyboard is hidden

2022-03-08 13:39:51 - [TEST_STEP][PASSED] - tap(LOGN_EdtPassword, 0): Tapped on element 'Object Repository/Mobile/Page/Login/Input - Password'

2022-03-08 13:39:51 - [MESSAGE][WARNING] - Timeout '0' is invalid. Using default page load timeout: '60'

2022-03-08 13:39:51 - [MESSAGE][PASSED] - Tapped on element 'Object Repository/Mobile/Page/Login/Input - Password'

2022-03-08 13:39:51 - [TEST_STEP][PASSED] - delay(1): Delayed 1 second(s)

2022-03-08 13:39:52 - [MESSAGE][PASSED] - Delayed 1 second(s)

2022-03-08 13:39:52 - [TEST_STEP][PASSED] - setText(LOGN_EdtRdyPassword, "Shalawa18", 0): Text 'Shalawa18' has been set to element 'Object Repository/Mobile/Page/Login/Input Rdy - Password'

2022-03-08 13:39:52 - [MESSAGE][WARNING] - Timeout '0' is invalid. Using default page load timeout: '60'

2022-03-08 13:39:52 - [MESSAGE][PASSED] - Text 'Shalawa18' has been set to element 'Object Repository/Mobile/Page/Login/Input Rdy - Password'

2022-03-08 13:39:52 - [TEST_STEP][PASSED] - delay(1): Delayed 1 second(s)

2022-03-08 13:39:53 - [MESSAGE][PASSED] - Delayed 1 second(s)

2022-03-08 13:39:54 - [TEST_STEP][PASSED] - hideKeyboard(): Keyboard is hidden

2022-03-08 13:40:02 - [MESSAGE][PASSED] - Keyboard is hidden

2022-03-08 13:40:02 - [TEST_STEP][PASSED] - tap(LOGN_BtnLogin, 0): Tapped on element 'Object Repository/Mobile/Page/Login/Button - Login'

2022-03-08 13:40:02 - [MESSAGE][WARNING] - Timeout '0' is invalid. Using default page load timeout: '60'

2022-03-08 13:40:03 - [MESSAGE][PASSED] - Tapped on element 'Object Repository/Mobile/Page/Login/Button - Login'

2022-03-08 13:40:03 - [TEST_STEP][PASSED] - delay(2): Delayed 2 second(s)

2022-03-08 13:40:05 - [MESSAGE][PASSED] - Delayed 2 second(s)

2022-03-08 13:40:05 - [TEST_STEP][PASSED] - break: null

2022-03-08 13:40:05 - [MESSAGE][PASSED] - Call Test Case 'Test Cases/Mobile/Page/Login/Login' successfully

2022-03-08 13:40:05 - [MESSAGE][PASSED] - Call Test Case 'Test Cases/Mobile/Page/CheckLogin' successfully

2022-03-08 13:40:05 - [TEST_STEP][PASSED] - tap(HOME_MenubarAnalysis, 0): Tapped on element 'Object Repository/Mobile/Page/Home/Menubar - Analysis'

2022-03-08 13:40:05 - [MESSAGE][WARNING] - Timeout '0' is invalid. Using default page load timeout: '60'

2022-03-08 13:40:07 - [MESSAGE][PASSED] - Tapped on element 'Object Repository/Mobile/Page/Home/Menubar - Analysis'

2022-03-08 13:40:07 - [TEST_STEP][PASSED] - delay(3): Delayed 3 second(s)

2022-03-08 13:40:10 - [MESSAGE][PASSED] - Delayed 3 second(s)

2022-03-08 13:40:10 - [TEST_STEP][PASSED] - for ([i = 0, i < 1, (i++)]): Press back button successfully

2022-03-08 13:40:10 - [TEST_STEP][PASSED] - if (action == "technicalsearch"): null

2022-03-08 13:40:10 - [TEST_STEP][PASSED] - else if (action == "technicaldetail"): null

2022-03-08 13:40:10 - [TEST_STEP][PASSED] - else if (action == "researchdetail"): null

2022-03-08 13:40:10 - [TEST_STEP][PASSED] - else if (action == "researchsearch"): Press back button successfully

2022-03-08 13:40:10 - [TEST_STEP][PASSED] - tap(ANAL_TabResearchReport, 0): Tapped on element 'Object Repository/Mobile/Page/Analysis/Tab - Research Report'

2022-03-08 13:40:10 - [MESSAGE][WARNING] - Timeout '0' is invalid. Using default page load timeout: '60'

2022-03-08 13:40:11 - [MESSAGE][PASSED] - Tapped on element 'Object Repository/Mobile/Page/Analysis/Tab - Research Report'

2022-03-08 13:40:11 - [TEST_STEP][PASSED] - delay(1): Delayed 1 second(s)

2022-03-08 13:40:12 - [MESSAGE][PASSED] - Delayed 1 second(s)

2022-03-08 13:40:12 - [TEST_STEP][PASSED] - tap(ANAL_EdtSearch, 0): Tapped on element 'Object Repository/Mobile/Page/Analysis/Input - Search'

2022-03-08 13:40:12 - [MESSAGE][WARNING] - Timeout '0' is invalid. Using default page load timeout: '60'

2022-03-08 13:40:13 - [MESSAGE][PASSED] - Tapped on element 'Object Repository/Mobile/Page/Analysis/Input - Search'

2022-03-08 13:40:13 - [TEST_STEP][PASSED] - delay(1): Delayed 1 second(s)

2022-03-08 13:40:14 - [MESSAGE][PASSED] - Delayed 1 second(s)

2022-03-08 13:40:14 - [TEST_STEP][PASSED] - setText(ANAL_EdtSearch, "embun", 0): Text 'embun' has been set to element 'Object Repository/Mobile/Page/Analysis/Input - Search'

2022-03-08 13:40:14 - [MESSAGE][WARNING] - Timeout '0' is invalid. Using default page load timeout: '60'

2022-03-08 13:40:14 - [MESSAGE][PASSED] - Text 'embun' has been set to element 'Object Repository/Mobile/Page/Analysis/Input - Search'

2022-03-08 13:40:14 - [TEST_STEP][PASSED] - hideKeyboard(): Keyboard is hidden

2022-03-08 13:40:18 - [MESSAGE][PASSED] - Keyboard is hidden

2022-03-08 13:40:18 - [TEST_STEP][PASSED] - tapAndHold(ANAL_ItemTopSearch, 1, 0): Tapped and held on element 'Object Repository/Mobile/Page/Analysis/Item - Top Search' with duration 1

2022-03-08 13:40:18 - [MESSAGE][WARNING] - Timeout '0' is invalid. Using default page load timeout: '60'

2022-03-08 13:40:21 - [MESSAGE][PASSED] - Tapped and held on element 'Object Repository/Mobile/Page/Analysis/Item - Top Search' with duration 1

2022-03-08 13:40:21 - [TEST_STEP][PASSED] - delay(3): Delayed 3 second(s)

2022-03-08 13:40:24 - [MESSAGE][PASSED] - Delayed 3 second(s)

2022-03-08 13:40:24 - [TEST_STEP][PASSED] - pressBack(): Press back button successfully

2022-03-08 13:40:24 - [MESSAGE][PASSED] - Press back button successfully

2022-03-08 13:40:24 - [MESSAGE][PASSED] - Call Test Case 'Test Cases/Mobile/Page/Analysis/Analysis' successfully

2022-03-08 13:40:24 - [TEST_STEP][PASSED] - callTestCase(findTestCase("Mobile/Page/Run App/Terminate App"), [:], STOP_ON_FAILURE): Call Test Case 'Test Cases/Mobile/Page/Run App/Terminate App' successfully

2022-03-08 13:40:24 - [TEST_CASE][PASSED] - Test Cases/Mobile/Page/Run App/Terminate App: Test Cases/Mobile/Page/Run App/Terminate App

2022-03-08 13:40:24 - [TEST_STEP][PASSED] - startApp.OpenApp.terminateApplication(): startApp.OpenApp.terminateApplication is PASSED

2022-03-08 13:40:28 - [MESSAGE][PASSED] - Delayed 3 second(s)

2022-03-08 13:40:29 - [MESSAGE][PASSED] - Current device physical width is 720

2022-03-08 13:40:29 - [MESSAGE][PASSED] - Current device physical height is 1423

2022-03-08 13:40:30 - [MESSAGE][PASSED] - Swiped from 360,853 to 360,142

2022-03-08 13:40:31 - [MESSAGE][PASSED] - Delayed 1 second(s)

2022-03-08 13:40:32 - [MESSAGE][PASSED] - Swiped from 360,853 to 360,142

2022-03-08 13:40:35 - [MESSAGE][PASSED] - Delayed 3 second(s)

2022-03-08 13:40:35 - [MESSAGE][PASSED] - startApp.OpenApp.terminateApplication is PASSED

2022-03-08 13:40:35 - [MESSAGE][PASSED] - Call Test Case 'Test Cases/Mobile/Page/Run App/Terminate App' successfully]]></system-out>
         <system-err><![CDATA[]]></system-err>
      </testcase>
      <system-out><![CDATA[2022-03-08 13:32:44 - [TEST_SUITE][PASSED] - analysis: Test Cases/Mobile/Scenario/Analysis/007 - Mencari research report]]></system-out>
      <system-err><![CDATA[]]></system-err>
   </testsuite>
</testsuites>
