<?xml version="1.0" encoding="UTF-8"?>
<testsuites name="login" time="326.376" tests="5" failures="0" skips="0" errors="0">
   <testsuite name="login" tests="5" failures="0" errors="0" time="326.376" skips="0" timestamp="2022-01-05 07:42:06" hostname="Owner - aldy-tft" id="Test Suites/login">
      <properties>
         <property name="deviceName" value="samsung SM-A205F (Android 11)"/>
         <property name="devicePlatform" value=""/>
         <property name="logFolder" value="C:\\Users\\Owner\\Documents\\kerjaan\\KatalonProject\\qa_katalon_pwm\\qa_katalon_pwm\\Reports\\20220105_074137\\login\\20220105_074139"/>
         <property name="logFiles" value="C:\\Users\\Owner\\Documents\\kerjaan\\KatalonProject\\qa_katalon_pwm\\qa_katalon_pwm\\Reports\\20220105_074137\\login\\20220105_074139\\appium.log, C:\\Users\\Owner\\Documents\\kerjaan\\KatalonProject\\qa_katalon_pwm\\qa_katalon_pwm\\Reports\\20220105_074137\\login\\20220105_074139\\execution0.log"/>
         <property name="attachments" value=""/>
         <property name="hostName" value="Owner - aldy-tft"/>
         <property name="os" value="Windows 10 64bit"/>
         <property name="appiumServerStatus" value="{&quot;value&quot;:{&quot;build&quot;:{&quot;version&quot;:&quot;1.22.0&quot;}},&quot;sessionId&quot;:null,&quot;status&quot;:0}"/>
         <property name="katalonVersion" value="7.9.1.208"/>
         <property name="deviceOS" value="Android"/>
         <property name="appiumVersion" value="1.22.0"/>
         <property name="deviceModel" value="SM-A205F"/>
         <property name="hostAddress" value="10.0.30.191"/>
         <property name="deviceManufacturer" value="samsung"/>
         <property name="deviceId" value="RR8M40C9AXE"/>
         <property name="deviceName" value="samsung SM-A205F (Android 11)"/>
         <property name="deviceOSVersion" value="11"/>
      </properties>
      <testcase name="Test Cases/Mobile/Scenario/Login/001 - Login dengan username" time="94.309" classname="Test Cases/Mobile/Scenario/Login/001 - Login dengan username" status="PASSED">
         <system-out><![CDATA[2022-01-05 07:42:07 - [TEST_CASE][PASSED] - Test Cases/Mobile/Scenario/Login/001 - Login dengan username: Test Cases/Mobile/Scenario/Login/001 - Login dengan username

2022-01-05 07:42:07 - [TEST_STEP][PASSED] - callTestCase(findTestCase("Mobile/Page/Run App/Run App byID"), [:], STOP_ON_FAILURE): Call Test Case 'Test Cases/Mobile/Page/Run App/Run App byID' successfully

2022-01-05 07:42:07 - [TEST_CASE][PASSED] - Test Cases/Mobile/Page/Run App/Run App byID: Test Cases/Mobile/Page/Run App/Run App byID

2022-01-05 07:42:07 - [TEST_STEP][PASSED] - startApp.OpenApp.startApplication("id.co.miraeasset.sageclub"): startApp.OpenApp.startApplication is PASSED

2022-01-05 07:42:09 - [MESSAGE][INFO] - Appium server started on port 51,351

2022-01-05 07:42:25 - [MESSAGE][PASSED] - Starting app with application ID: 'id.co.miraeasset.sageclub'

2022-01-05 07:42:25 - [MESSAGE][PASSED] - startApp.OpenApp.startApplication is PASSED

2022-01-05 07:42:25 - [MESSAGE][PASSED] - Call Test Case 'Test Cases/Mobile/Page/Run App/Run App byID' successfully

2022-01-05 07:42:25 - [TEST_STEP][PASSED] - callTestCase(findTestCase("Mobile/Page/Login/Login"), ["action":"username"], CONTINUE_ON_FAILURE): Call Test Case 'Test Cases/Mobile/Page/Login/Login' successfully

2022-01-05 07:42:25 - [TEST_CASE][PASSED] - Test Cases/Mobile/Page/Login/Login: Test Cases/Mobile/Page/Login/Login

2022-01-05 07:42:26 - [TEST_STEP][PASSED] - delay(2): Delayed 2 second(s)

2022-01-05 07:42:28 - [MESSAGE][PASSED] - Delayed 2 second(s)

2022-01-05 07:42:28 - [TEST_STEP][PASSED] - for ([i = 0, i < 1, (i++)]): null

2022-01-05 07:42:28 - [TEST_STEP][PASSED] - if (action == "username"): null

2022-01-05 07:42:28 - [TEST_STEP][PASSED] - tap(LOGN_EdtUserID, 0): Tapped on element 'Object Repository/Mobile/Page/Login/Input - UserID'

2022-01-05 07:43:07 - [MESSAGE][WARNING] - Timeout '0' is invalid. Using default page load timeout: '60'

2022-01-05 07:43:08 - [MESSAGE][PASSED] - Tapped on element 'Object Repository/Mobile/Page/Login/Input - UserID'

2022-01-05 07:43:08 - [TEST_STEP][PASSED] - delay(1): Delayed 1 second(s)

2022-01-05 07:43:09 - [MESSAGE][PASSED] - Delayed 1 second(s)

2022-01-05 07:43:09 - [TEST_STEP][PASSED] - setText(LOGN_EdtRdyUserID, "anggaaditya", 0): Text 'anggaaditya' has been set to element 'Object Repository/Mobile/Page/Login/Input Rdy - UserID'

2022-01-05 07:43:09 - [MESSAGE][WARNING] - Timeout '0' is invalid. Using default page load timeout: '60'

2022-01-05 07:43:10 - [MESSAGE][PASSED] - Text 'anggaaditya' has been set to element 'Object Repository/Mobile/Page/Login/Input Rdy - UserID'

2022-01-05 07:43:10 - [TEST_STEP][PASSED] - delay(1): Delayed 1 second(s)

2022-01-05 07:43:11 - [MESSAGE][PASSED] - Delayed 1 second(s)

2022-01-05 07:43:11 - [TEST_STEP][PASSED] - hideKeyboard(): Keyboard is hidden

2022-01-05 07:43:15 - [MESSAGE][PASSED] - Keyboard is hidden

2022-01-05 07:43:15 - [TEST_STEP][PASSED] - tap(LOGN_EdtPassword, 0): Tapped on element 'Object Repository/Mobile/Page/Login/Input - Password'

2022-01-05 07:43:15 - [MESSAGE][WARNING] - Timeout '0' is invalid. Using default page load timeout: '60'

2022-01-05 07:43:17 - [MESSAGE][PASSED] - Tapped on element 'Object Repository/Mobile/Page/Login/Input - Password'

2022-01-05 07:43:17 - [TEST_STEP][PASSED] - delay(1): Delayed 1 second(s)

2022-01-05 07:43:18 - [MESSAGE][PASSED] - Delayed 1 second(s)

2022-01-05 07:43:18 - [TEST_STEP][PASSED] - setText(LOGN_EdtRdyPassword, "Shalawa18", 0): Text 'Shalawa18' has been set to element 'Object Repository/Mobile/Page/Login/Input Rdy - Password'

2022-01-05 07:43:18 - [MESSAGE][WARNING] - Timeout '0' is invalid. Using default page load timeout: '60'

2022-01-05 07:43:18 - [MESSAGE][PASSED] - Text 'Shalawa18' has been set to element 'Object Repository/Mobile/Page/Login/Input Rdy - Password'

2022-01-05 07:43:18 - [TEST_STEP][PASSED] - delay(1): Delayed 1 second(s)

2022-01-05 07:43:19 - [MESSAGE][PASSED] - Delayed 1 second(s)

2022-01-05 07:43:19 - [TEST_STEP][PASSED] - hideKeyboard(): Keyboard is hidden

2022-01-05 07:43:26 - [MESSAGE][PASSED] - Keyboard is hidden

2022-01-05 07:43:26 - [TEST_STEP][PASSED] - tap(LOGN_BtnLogin, 0): Tapped on element 'Object Repository/Mobile/Page/Login/Button - Login'

2022-01-05 07:43:26 - [MESSAGE][WARNING] - Timeout '0' is invalid. Using default page load timeout: '60'

2022-01-05 07:43:27 - [MESSAGE][PASSED] - Tapped on element 'Object Repository/Mobile/Page/Login/Button - Login'

2022-01-05 07:43:27 - [TEST_STEP][PASSED] - delay(2): Delayed 2 second(s)

2022-01-05 07:43:29 - [MESSAGE][PASSED] - Delayed 2 second(s)

2022-01-05 07:43:29 - [TEST_STEP][PASSED] - break: null

2022-01-05 07:43:29 - [MESSAGE][PASSED] - Call Test Case 'Test Cases/Mobile/Page/Login/Login' successfully

2022-01-05 07:43:29 - [TEST_STEP][PASSED] - callTestCase(findTestCase("Mobile/Page/Run App/Terminate App"), [:], STOP_ON_FAILURE): Call Test Case 'Test Cases/Mobile/Page/Run App/Terminate App' successfully

2022-01-05 07:43:30 - [TEST_CASE][PASSED] - Test Cases/Mobile/Page/Run App/Terminate App: Test Cases/Mobile/Page/Run App/Terminate App

2022-01-05 07:43:30 - [TEST_STEP][PASSED] - startApp.OpenApp.terminateApplication(): startApp.OpenApp.terminateApplication is PASSED

2022-01-05 07:43:34 - [MESSAGE][PASSED] - Delayed 3 second(s)

2022-01-05 07:43:34 - [MESSAGE][PASSED] - Current device physical width is 720

2022-01-05 07:43:34 - [MESSAGE][PASSED] - Current device physical height is 1423

2022-01-05 07:43:36 - [MESSAGE][PASSED] - Swiped from 360,853 to 360,142

2022-01-05 07:43:37 - [MESSAGE][PASSED] - Delayed 1 second(s)

2022-01-05 07:43:38 - [MESSAGE][PASSED] - Swiped from 360,853 to 360,142

2022-01-05 07:43:41 - [MESSAGE][PASSED] - Delayed 3 second(s)

2022-01-05 07:43:41 - [MESSAGE][PASSED] - startApp.OpenApp.terminateApplication is PASSED

2022-01-05 07:43:41 - [MESSAGE][PASSED] - Call Test Case 'Test Cases/Mobile/Page/Run App/Terminate App' successfully]]></system-out>
         <system-err><![CDATA[]]></system-err>
      </testcase>
      <testcase name="Test Cases/Mobile/Scenario/Login/002 - Login dengan password salah" time="67.397" classname="Test Cases/Mobile/Scenario/Login/002 - Login dengan password salah" status="PASSED">
         <system-out><![CDATA[2022-01-05 07:43:41 - [TEST_CASE][PASSED] - Test Cases/Mobile/Scenario/Login/002 - Login dengan password salah: Test Cases/Mobile/Scenario/Login/002 - Login dengan password salah

2022-01-05 07:43:42 - [TEST_STEP][PASSED] - callTestCase(findTestCase("Mobile/Page/Run App/Run App byID"), [:], STOP_ON_FAILURE): Call Test Case 'Test Cases/Mobile/Page/Run App/Run App byID' successfully

2022-01-05 07:43:42 - [TEST_CASE][PASSED] - Test Cases/Mobile/Page/Run App/Run App byID: Test Cases/Mobile/Page/Run App/Run App byID

2022-01-05 07:43:42 - [TEST_STEP][PASSED] - startApp.OpenApp.startApplication("id.co.miraeasset.sageclub"): startApp.OpenApp.startApplication is PASSED

2022-01-05 07:44:06 - [MESSAGE][PASSED] - Starting app with application ID: 'id.co.miraeasset.sageclub'

2022-01-05 07:44:06 - [MESSAGE][PASSED] - startApp.OpenApp.startApplication is PASSED

2022-01-05 07:44:06 - [MESSAGE][PASSED] - Call Test Case 'Test Cases/Mobile/Page/Run App/Run App byID' successfully

2022-01-05 07:44:06 - [TEST_STEP][PASSED] - callTestCase(findTestCase("Mobile/Page/Login/Login"), ["action":"wrongpassword"], CONTINUE_ON_FAILURE): Call Test Case 'Test Cases/Mobile/Page/Login/Login' successfully

2022-01-05 07:44:06 - [TEST_CASE][PASSED] - Test Cases/Mobile/Page/Login/Login: Test Cases/Mobile/Page/Login/Login

2022-01-05 07:44:06 - [TEST_STEP][PASSED] - delay(2): Delayed 2 second(s)

2022-01-05 07:44:08 - [MESSAGE][PASSED] - Delayed 2 second(s)

2022-01-05 07:44:08 - [TEST_STEP][PASSED] - for ([i = 0, i < 1, (i++)]): null

2022-01-05 07:44:08 - [TEST_STEP][PASSED] - if (action == "username"): null

2022-01-05 07:44:08 - [TEST_STEP][PASSED] - else if (action == "wrongpassword"): null

2022-01-05 07:44:08 - [TEST_STEP][PASSED] - tap(LOGN_EdtUserID, 0): Tapped on element 'Object Repository/Mobile/Page/Login/Input - UserID'

2022-01-05 07:44:08 - [MESSAGE][WARNING] - Timeout '0' is invalid. Using default page load timeout: '60'

2022-01-05 07:44:09 - [MESSAGE][PASSED] - Tapped on element 'Object Repository/Mobile/Page/Login/Input - UserID'

2022-01-05 07:44:09 - [TEST_STEP][PASSED] - delay(1): Delayed 1 second(s)

2022-01-05 07:44:10 - [MESSAGE][PASSED] - Delayed 1 second(s)

2022-01-05 07:44:10 - [TEST_STEP][PASSED] - setText(LOGN_EdtRdyUserID, "anggaaditya", 0): Text 'anggaaditya' has been set to element 'Object Repository/Mobile/Page/Login/Input Rdy - UserID'

2022-01-05 07:44:10 - [MESSAGE][WARNING] - Timeout '0' is invalid. Using default page load timeout: '60'

2022-01-05 07:44:12 - [MESSAGE][PASSED] - Text 'anggaaditya' has been set to element 'Object Repository/Mobile/Page/Login/Input Rdy - UserID'

2022-01-05 07:44:12 - [TEST_STEP][PASSED] - delay(1): Delayed 1 second(s)

2022-01-05 07:44:13 - [MESSAGE][PASSED] - Delayed 1 second(s)

2022-01-05 07:44:13 - [TEST_STEP][PASSED] - hideKeyboard(): Keyboard is hidden

2022-01-05 07:44:22 - [MESSAGE][PASSED] - Keyboard is hidden

2022-01-05 07:44:22 - [TEST_STEP][PASSED] - tap(LOGN_EdtPassword, 0): Tapped on element 'Object Repository/Mobile/Page/Login/Input - Password'

2022-01-05 07:44:22 - [MESSAGE][WARNING] - Timeout '0' is invalid. Using default page load timeout: '60'

2022-01-05 07:44:22 - [MESSAGE][PASSED] - Tapped on element 'Object Repository/Mobile/Page/Login/Input - Password'

2022-01-05 07:44:22 - [TEST_STEP][PASSED] - delay(1): Delayed 1 second(s)

2022-01-05 07:44:23 - [MESSAGE][PASSED] - Delayed 1 second(s)

2022-01-05 07:44:23 - [TEST_STEP][PASSED] - setText(LOGN_EdtRdyPassword, "Shalawa181", 0): Text 'Shalawa181' has been set to element 'Object Repository/Mobile/Page/Login/Input Rdy - Password'

2022-01-05 07:44:23 - [MESSAGE][WARNING] - Timeout '0' is invalid. Using default page load timeout: '60'

2022-01-05 07:44:24 - [MESSAGE][PASSED] - Text 'Shalawa181' has been set to element 'Object Repository/Mobile/Page/Login/Input Rdy - Password'

2022-01-05 07:44:24 - [TEST_STEP][PASSED] - delay(1): Delayed 1 second(s)

2022-01-05 07:44:25 - [MESSAGE][PASSED] - Delayed 1 second(s)

2022-01-05 07:44:25 - [TEST_STEP][PASSED] - hideKeyboard(): Keyboard is hidden

2022-01-05 07:44:35 - [MESSAGE][PASSED] - Keyboard is hidden

2022-01-05 07:44:35 - [TEST_STEP][PASSED] - tap(LOGN_BtnLogin, 0): Tapped on element 'Object Repository/Mobile/Page/Login/Button - Login'

2022-01-05 07:44:35 - [MESSAGE][WARNING] - Timeout '0' is invalid. Using default page load timeout: '60'

2022-01-05 07:44:35 - [MESSAGE][PASSED] - Tapped on element 'Object Repository/Mobile/Page/Login/Button - Login'

2022-01-05 07:44:35 - [TEST_STEP][PASSED] - delay(2): Delayed 2 second(s)

2022-01-05 07:44:37 - [MESSAGE][PASSED] - Delayed 2 second(s)

2022-01-05 07:44:37 - [TEST_STEP][PASSED] - verify = verifyElementExist(LOGN_AlertInvalidCredentials, 5, STOP_ON_FAILURE): Element 'Object Repository/Mobile/Page/Login/Alert - Invalid credentials' is exist

2022-01-05 07:44:37 - [MESSAGE][PASSED] - Element 'Object Repository/Mobile/Page/Login/Alert - Invalid credentials' is exist

2022-01-05 07:44:37 - [TEST_STEP][PASSED] - break: null

2022-01-05 07:44:37 - [MESSAGE][PASSED] - Call Test Case 'Test Cases/Mobile/Page/Login/Login' successfully

2022-01-05 07:44:37 - [TEST_STEP][PASSED] - callTestCase(findTestCase("Mobile/Page/Run App/Terminate App"), [:], STOP_ON_FAILURE): Call Test Case 'Test Cases/Mobile/Page/Run App/Terminate App' successfully

2022-01-05 07:44:38 - [TEST_CASE][PASSED] - Test Cases/Mobile/Page/Run App/Terminate App: Test Cases/Mobile/Page/Run App/Terminate App

2022-01-05 07:44:38 - [TEST_STEP][PASSED] - startApp.OpenApp.terminateApplication(): startApp.OpenApp.terminateApplication is PASSED

2022-01-05 07:44:41 - [MESSAGE][PASSED] - Delayed 3 second(s)

2022-01-05 07:44:41 - [MESSAGE][PASSED] - Current device physical width is 720

2022-01-05 07:44:42 - [MESSAGE][PASSED] - Current device physical height is 1423

2022-01-05 07:44:43 - [MESSAGE][PASSED] - Swiped from 360,853 to 360,142

2022-01-05 07:44:44 - [MESSAGE][PASSED] - Delayed 1 second(s)

2022-01-05 07:44:45 - [MESSAGE][PASSED] - Swiped from 360,853 to 360,142

2022-01-05 07:44:48 - [MESSAGE][PASSED] - Delayed 3 second(s)

2022-01-05 07:44:48 - [MESSAGE][PASSED] - startApp.OpenApp.terminateApplication is PASSED

2022-01-05 07:44:48 - [MESSAGE][PASSED] - Call Test Case 'Test Cases/Mobile/Page/Run App/Terminate App' successfully]]></system-out>
         <system-err><![CDATA[]]></system-err>
      </testcase>
      <testcase name="Test Cases/Mobile/Scenario/Login/003 - Login tanpa internet" time="62.596" classname="Test Cases/Mobile/Scenario/Login/003 - Login tanpa internet" status="PASSED">
         <system-out><![CDATA[2022-01-05 07:44:48 - [TEST_CASE][PASSED] - Test Cases/Mobile/Scenario/Login/003 - Login tanpa internet: Test Cases/Mobile/Scenario/Login/003 - Login tanpa internet

2022-01-05 07:44:49 - [TEST_STEP][PASSED] - callTestCase(findTestCase("Mobile/Page/Run App/Run App byID"), [:], STOP_ON_FAILURE): Call Test Case 'Test Cases/Mobile/Page/Run App/Run App byID' successfully

2022-01-05 07:44:49 - [TEST_CASE][PASSED] - Test Cases/Mobile/Page/Run App/Run App byID: Test Cases/Mobile/Page/Run App/Run App byID

2022-01-05 07:44:49 - [TEST_STEP][PASSED] - startApp.OpenApp.startApplication("id.co.miraeasset.sageclub"): startApp.OpenApp.startApplication is PASSED

2022-01-05 07:45:05 - [MESSAGE][PASSED] - Starting app with application ID: 'id.co.miraeasset.sageclub'

2022-01-05 07:45:05 - [MESSAGE][PASSED] - startApp.OpenApp.startApplication is PASSED

2022-01-05 07:45:05 - [MESSAGE][PASSED] - Call Test Case 'Test Cases/Mobile/Page/Run App/Run App byID' successfully

2022-01-05 07:45:05 - [TEST_STEP][PASSED] - callTestCase(findTestCase("Mobile/Page/Login/Login"), ["action":"nointernet"], CONTINUE_ON_FAILURE): Call Test Case 'Test Cases/Mobile/Page/Login/Login' successfully

2022-01-05 07:45:06 - [TEST_CASE][PASSED] - Test Cases/Mobile/Page/Login/Login: Test Cases/Mobile/Page/Login/Login

2022-01-05 07:45:06 - [TEST_STEP][PASSED] - delay(2): Delayed 2 second(s)

2022-01-05 07:45:08 - [MESSAGE][PASSED] - Delayed 2 second(s)

2022-01-05 07:45:08 - [TEST_STEP][PASSED] - for ([i = 0, i < 1, (i++)]): null

2022-01-05 07:45:08 - [TEST_STEP][PASSED] - if (action == "username"): null

2022-01-05 07:45:08 - [TEST_STEP][PASSED] - else if (action == "wrongpassword"): null

2022-01-05 07:45:08 - [TEST_STEP][PASSED] - else if (action == "nointernet"): null

2022-01-05 07:45:08 - [TEST_STEP][PASSED] - scroll.scroll.scrollNotificationBar(): scroll.scroll.scrollNotificationBar is PASSED

2022-01-05 07:45:08 - [MESSAGE][PASSED] - Current device physical height is 1423

2022-01-05 07:45:10 - [MESSAGE][PASSED] - Swiped from 50,50 to 50,1,138

2022-01-05 07:45:10 - [MESSAGE][PASSED] - scroll.scroll.scrollNotificationBar is PASSED

2022-01-05 07:45:10 - [TEST_STEP][PASSED] - delay(1): Delayed 1 second(s)

2022-01-05 07:45:11 - [MESSAGE][PASSED] - Delayed 1 second(s)

2022-01-05 07:45:11 - [TEST_STEP][PASSED] - tap(OTHR_BtnWifi, 0): Tapped on element 'Object Repository/Mobile/Page/Others/Button - Wifi'

2022-01-05 07:45:11 - [MESSAGE][WARNING] - Timeout '0' is invalid. Using default page load timeout: '60'

2022-01-05 07:45:12 - [MESSAGE][PASSED] - Tapped on element 'Object Repository/Mobile/Page/Others/Button - Wifi'

2022-01-05 07:45:12 - [TEST_STEP][PASSED] - delay(1): Delayed 1 second(s)

2022-01-05 07:45:13 - [MESSAGE][PASSED] - Delayed 1 second(s)

2022-01-05 07:45:13 - [TEST_STEP][PASSED] - pressBack(): Press back button successfully

2022-01-05 07:45:14 - [MESSAGE][PASSED] - Press back button successfully

2022-01-05 07:45:14 - [TEST_STEP][PASSED] - tap(LOGN_EdtUserID, 0): Tapped on element 'Object Repository/Mobile/Page/Login/Input - UserID'

2022-01-05 07:45:14 - [MESSAGE][WARNING] - Timeout '0' is invalid. Using default page load timeout: '60'

2022-01-05 07:45:15 - [MESSAGE][PASSED] - Tapped on element 'Object Repository/Mobile/Page/Login/Input - UserID'

2022-01-05 07:45:15 - [TEST_STEP][PASSED] - delay(1): Delayed 1 second(s)

2022-01-05 07:45:16 - [MESSAGE][PASSED] - Delayed 1 second(s)

2022-01-05 07:45:16 - [TEST_STEP][PASSED] - setText(LOGN_EdtRdyUserID, "anggaaditya", 0): Text 'anggaaditya' has been set to element 'Object Repository/Mobile/Page/Login/Input Rdy - UserID'

2022-01-05 07:45:16 - [MESSAGE][WARNING] - Timeout '0' is invalid. Using default page load timeout: '60'

2022-01-05 07:45:17 - [MESSAGE][PASSED] - Text 'anggaaditya' has been set to element 'Object Repository/Mobile/Page/Login/Input Rdy - UserID'

2022-01-05 07:45:17 - [TEST_STEP][PASSED] - delay(1): Delayed 1 second(s)

2022-01-05 07:45:18 - [MESSAGE][PASSED] - Delayed 1 second(s)

2022-01-05 07:45:18 - [TEST_STEP][PASSED] - hideKeyboard(): Keyboard is hidden

2022-01-05 07:45:21 - [MESSAGE][PASSED] - Keyboard is hidden

2022-01-05 07:45:21 - [TEST_STEP][PASSED] - tap(LOGN_EdtPassword, 0): Tapped on element 'Object Repository/Mobile/Page/Login/Input - Password'

2022-01-05 07:45:21 - [MESSAGE][WARNING] - Timeout '0' is invalid. Using default page load timeout: '60'

2022-01-05 07:45:22 - [MESSAGE][PASSED] - Tapped on element 'Object Repository/Mobile/Page/Login/Input - Password'

2022-01-05 07:45:22 - [TEST_STEP][PASSED] - delay(1): Delayed 1 second(s)

2022-01-05 07:45:23 - [MESSAGE][PASSED] - Delayed 1 second(s)

2022-01-05 07:45:23 - [TEST_STEP][PASSED] - setText(LOGN_EdtRdyPassword, "Shalawa18", 0): Text 'Shalawa18' has been set to element 'Object Repository/Mobile/Page/Login/Input Rdy - Password'

2022-01-05 07:45:23 - [MESSAGE][WARNING] - Timeout '0' is invalid. Using default page load timeout: '60'

2022-01-05 07:45:23 - [MESSAGE][PASSED] - Text 'Shalawa18' has been set to element 'Object Repository/Mobile/Page/Login/Input Rdy - Password'

2022-01-05 07:45:23 - [TEST_STEP][PASSED] - delay(1): Delayed 1 second(s)

2022-01-05 07:45:24 - [MESSAGE][PASSED] - Delayed 1 second(s)

2022-01-05 07:45:24 - [TEST_STEP][PASSED] - hideKeyboard(): Keyboard is hidden

2022-01-05 07:45:31 - [MESSAGE][PASSED] - Keyboard is hidden

2022-01-05 07:45:31 - [TEST_STEP][PASSED] - tap(LOGN_BtnLogin, 0): Tapped on element 'Object Repository/Mobile/Page/Login/Button - Login'

2022-01-05 07:45:31 - [MESSAGE][WARNING] - Timeout '0' is invalid. Using default page load timeout: '60'

2022-01-05 07:45:32 - [MESSAGE][PASSED] - Tapped on element 'Object Repository/Mobile/Page/Login/Button - Login'

2022-01-05 07:45:32 - [TEST_STEP][PASSED] - delay(2): Delayed 2 second(s)

2022-01-05 07:45:34 - [MESSAGE][PASSED] - Delayed 2 second(s)

2022-01-05 07:45:34 - [TEST_STEP][PASSED] - verify = verifyElementExist(LOGN_AlertCheckYourNetwork, 5, STOP_ON_FAILURE): Element 'Object Repository/Mobile/Page/Login/Alert - Check your network' is exist

2022-01-05 07:45:34 - [MESSAGE][PASSED] - Element 'Object Repository/Mobile/Page/Login/Alert - Check your network' is exist

2022-01-05 07:45:34 - [TEST_STEP][PASSED] - scroll.scroll.scrollNotificationBar(): scroll.scroll.scrollNotificationBar is PASSED

2022-01-05 07:45:35 - [MESSAGE][PASSED] - Current device physical height is 1423

2022-01-05 07:45:36 - [MESSAGE][PASSED] - Swiped from 50,50 to 50,1,138

2022-01-05 07:45:36 - [MESSAGE][PASSED] - scroll.scroll.scrollNotificationBar is PASSED

2022-01-05 07:45:36 - [TEST_STEP][PASSED] - delay(1): Delayed 1 second(s)

2022-01-05 07:45:37 - [MESSAGE][PASSED] - Delayed 1 second(s)

2022-01-05 07:45:37 - [TEST_STEP][PASSED] - tap(OTHR_BtnWifi, 0): Tapped on element 'Object Repository/Mobile/Page/Others/Button - Wifi'

2022-01-05 07:45:37 - [MESSAGE][WARNING] - Timeout '0' is invalid. Using default page load timeout: '60'

2022-01-05 07:45:38 - [MESSAGE][PASSED] - Tapped on element 'Object Repository/Mobile/Page/Others/Button - Wifi'

2022-01-05 07:45:38 - [TEST_STEP][PASSED] - delay(1): Delayed 1 second(s)

2022-01-05 07:45:39 - [MESSAGE][PASSED] - Delayed 1 second(s)

2022-01-05 07:45:39 - [TEST_STEP][PASSED] - pressBack(): Press back button successfully

2022-01-05 07:45:40 - [MESSAGE][PASSED] - Press back button successfully

2022-01-05 07:45:40 - [TEST_STEP][PASSED] - break: null

2022-01-05 07:45:40 - [MESSAGE][PASSED] - Call Test Case 'Test Cases/Mobile/Page/Login/Login' successfully

2022-01-05 07:45:40 - [TEST_STEP][PASSED] - callTestCase(findTestCase("Mobile/Page/Run App/Terminate App"), [:], STOP_ON_FAILURE): Call Test Case 'Test Cases/Mobile/Page/Run App/Terminate App' successfully

2022-01-05 07:45:40 - [TEST_CASE][PASSED] - Test Cases/Mobile/Page/Run App/Terminate App: Test Cases/Mobile/Page/Run App/Terminate App

2022-01-05 07:45:40 - [TEST_STEP][PASSED] - startApp.OpenApp.terminateApplication(): startApp.OpenApp.terminateApplication is PASSED

2022-01-05 07:45:44 - [MESSAGE][PASSED] - Delayed 3 second(s)

2022-01-05 07:45:44 - [MESSAGE][PASSED] - Current device physical width is 720

2022-01-05 07:45:44 - [MESSAGE][PASSED] - Current device physical height is 1423

2022-01-05 07:45:46 - [MESSAGE][PASSED] - Swiped from 360,853 to 360,142

2022-01-05 07:45:47 - [MESSAGE][PASSED] - Delayed 1 second(s)

2022-01-05 07:45:48 - [MESSAGE][PASSED] - Swiped from 360,853 to 360,142

2022-01-05 07:45:51 - [MESSAGE][PASSED] - Delayed 3 second(s)

2022-01-05 07:45:51 - [MESSAGE][PASSED] - startApp.OpenApp.terminateApplication is PASSED

2022-01-05 07:45:51 - [MESSAGE][PASSED] - Call Test Case 'Test Cases/Mobile/Page/Run App/Terminate App' successfully]]></system-out>
         <system-err><![CDATA[]]></system-err>
      </testcase>
      <testcase name="Test Cases/Mobile/Scenario/Login/004 - Login dengan mengaktifkan visible password" time="47.914" classname="Test Cases/Mobile/Scenario/Login/004 - Login dengan mengaktifkan visible password" status="PASSED">
         <system-out><![CDATA[2022-01-05 07:45:51 - [TEST_CASE][PASSED] - Test Cases/Mobile/Scenario/Login/004 - Login dengan mengaktifkan visible password: Test Cases/Mobile/Scenario/Login/004 - Login dengan mengaktifkan visible password

2022-01-05 07:45:52 - [TEST_STEP][PASSED] - callTestCase(findTestCase("Mobile/Page/Run App/Run App byID"), [:], STOP_ON_FAILURE): Call Test Case 'Test Cases/Mobile/Page/Run App/Run App byID' successfully

2022-01-05 07:45:52 - [TEST_CASE][PASSED] - Test Cases/Mobile/Page/Run App/Run App byID: Test Cases/Mobile/Page/Run App/Run App byID

2022-01-05 07:45:52 - [TEST_STEP][PASSED] - startApp.OpenApp.startApplication("id.co.miraeasset.sageclub"): startApp.OpenApp.startApplication is PASSED

2022-01-05 07:46:05 - [MESSAGE][PASSED] - Starting app with application ID: 'id.co.miraeasset.sageclub'

2022-01-05 07:46:05 - [MESSAGE][PASSED] - startApp.OpenApp.startApplication is PASSED

2022-01-05 07:46:05 - [MESSAGE][PASSED] - Call Test Case 'Test Cases/Mobile/Page/Run App/Run App byID' successfully

2022-01-05 07:46:05 - [TEST_STEP][PASSED] - callTestCase(findTestCase("Mobile/Page/Login/Login"), ["action":"visiblepassword"], CONTINUE_ON_FAILURE): Call Test Case 'Test Cases/Mobile/Page/Login/Login' successfully

2022-01-05 07:46:05 - [TEST_CASE][PASSED] - Test Cases/Mobile/Page/Login/Login: Test Cases/Mobile/Page/Login/Login

2022-01-05 07:46:05 - [TEST_STEP][PASSED] - delay(2): Delayed 2 second(s)

2022-01-05 07:46:07 - [MESSAGE][PASSED] - Delayed 2 second(s)

2022-01-05 07:46:07 - [TEST_STEP][PASSED] - for ([i = 0, i < 1, (i++)]): null

2022-01-05 07:46:07 - [TEST_STEP][PASSED] - if (action == "username"): null

2022-01-05 07:46:07 - [TEST_STEP][PASSED] - else if (action == "wrongpassword"): null

2022-01-05 07:46:07 - [TEST_STEP][PASSED] - else if (action == "nointernet"): null

2022-01-05 07:46:07 - [TEST_STEP][PASSED] - else if (action == "visiblepassword"): null

2022-01-05 07:46:07 - [TEST_STEP][PASSED] - tap(LOGN_EdtUserID, 0): Tapped on element 'Object Repository/Mobile/Page/Login/Input - UserID'

2022-01-05 07:46:07 - [MESSAGE][WARNING] - Timeout '0' is invalid. Using default page load timeout: '60'

2022-01-05 07:46:08 - [MESSAGE][PASSED] - Tapped on element 'Object Repository/Mobile/Page/Login/Input - UserID'

2022-01-05 07:46:08 - [TEST_STEP][PASSED] - delay(1): Delayed 1 second(s)

2022-01-05 07:46:09 - [MESSAGE][PASSED] - Delayed 1 second(s)

2022-01-05 07:46:09 - [TEST_STEP][PASSED] - setText(LOGN_EdtRdyUserID, "anggaaditya", 0): Text 'anggaaditya' has been set to element 'Object Repository/Mobile/Page/Login/Input Rdy - UserID'

2022-01-05 07:46:09 - [MESSAGE][WARNING] - Timeout '0' is invalid. Using default page load timeout: '60'

2022-01-05 07:46:10 - [MESSAGE][PASSED] - Text 'anggaaditya' has been set to element 'Object Repository/Mobile/Page/Login/Input Rdy - UserID'

2022-01-05 07:46:10 - [TEST_STEP][PASSED] - delay(1): Delayed 1 second(s)

2022-01-05 07:46:11 - [MESSAGE][PASSED] - Delayed 1 second(s)

2022-01-05 07:46:11 - [TEST_STEP][PASSED] - hideKeyboard(): Keyboard is hidden

2022-01-05 07:46:15 - [MESSAGE][PASSED] - Keyboard is hidden

2022-01-05 07:46:15 - [TEST_STEP][PASSED] - top = getElementTopPosition(LOGN_EdtPassword, 0): Object 'Object Repository/Mobile/Page/Login/Input - Password' has top position '758'

2022-01-05 07:46:15 - [MESSAGE][WARNING] - Timeout '0' is invalid. Using default page load timeout: '60'

2022-01-05 07:46:16 - [MESSAGE][PASSED] - Object 'Object Repository/Mobile/Page/Login/Input - Password' has top position '758'

2022-01-05 07:46:16 - [TEST_STEP][PASSED] - left = getElementLeftPosition(LOGN_EdtPassword, 0): Object 'Object Repository/Mobile/Page/Login/Input - Password' has left position '32'

2022-01-05 07:46:16 - [MESSAGE][WARNING] - Timeout '0' is invalid. Using default page load timeout: '60'

2022-01-05 07:46:16 - [MESSAGE][PASSED] - Object 'Object Repository/Mobile/Page/Login/Input - Password' has left position '32'

2022-01-05 07:46:16 - [TEST_STEP][PASSED] - x = left + getElementWidth(LOGN_EdtPassword, 0) * 0.9: Object 'Object Repository/Mobile/Page/Login/Input - Password' has width: '657'

2022-01-05 07:46:16 - [MESSAGE][WARNING] - Timeout '0' is invalid. Using default page load timeout: '60'

2022-01-05 07:46:16 - [MESSAGE][PASSED] - Object 'Object Repository/Mobile/Page/Login/Input - Password' has width: '657'

2022-01-05 07:46:16 - [TEST_STEP][PASSED] - y = top + getElementHeight(LOGN_EdtPassword, 0) / 2: Object 'Object Repository/Mobile/Page/Login/Input - Password' has height: '84'

2022-01-05 07:46:16 - [MESSAGE][WARNING] - Timeout '0' is invalid. Using default page load timeout: '60'

2022-01-05 07:46:16 - [MESSAGE][PASSED] - Object 'Object Repository/Mobile/Page/Login/Input - Password' has height: '84'

2022-01-05 07:46:16 - [TEST_STEP][PASSED] - tapAtPosition(x, y): Tapped at [623, 800]

2022-01-05 07:46:17 - [MESSAGE][PASSED] - Tapped at [623, 800]

2022-01-05 07:46:17 - [TEST_STEP][PASSED] - delay(1): Delayed 1 second(s)

2022-01-05 07:46:18 - [MESSAGE][PASSED] - Delayed 1 second(s)

2022-01-05 07:46:18 - [TEST_STEP][PASSED] - tap(LOGN_EdtPassword, 0): Tapped on element 'Object Repository/Mobile/Page/Login/Input - Password'

2022-01-05 07:46:18 - [MESSAGE][WARNING] - Timeout '0' is invalid. Using default page load timeout: '60'

2022-01-05 07:46:18 - [MESSAGE][PASSED] - Tapped on element 'Object Repository/Mobile/Page/Login/Input - Password'

2022-01-05 07:46:18 - [TEST_STEP][PASSED] - delay(1): Delayed 1 second(s)

2022-01-05 07:46:19 - [MESSAGE][PASSED] - Delayed 1 second(s)

2022-01-05 07:46:19 - [TEST_STEP][PASSED] - setText(LOGN_EdtRdyPassword, "Shalawa18", 0): Text 'Shalawa18' has been set to element 'Object Repository/Mobile/Page/Login/Input Rdy - Password'

2022-01-05 07:46:19 - [MESSAGE][WARNING] - Timeout '0' is invalid. Using default page load timeout: '60'

2022-01-05 07:46:20 - [MESSAGE][PASSED] - Text 'Shalawa18' has been set to element 'Object Repository/Mobile/Page/Login/Input Rdy - Password'

2022-01-05 07:46:20 - [TEST_STEP][PASSED] - delay(1): Delayed 1 second(s)

2022-01-05 07:46:21 - [MESSAGE][PASSED] - Delayed 1 second(s)

2022-01-05 07:46:21 - [TEST_STEP][PASSED] - hideKeyboard(): Keyboard is hidden

2022-01-05 07:46:24 - [MESSAGE][PASSED] - Keyboard is hidden

2022-01-05 07:46:24 - [TEST_STEP][PASSED] - tap(LOGN_BtnLogin, 0): Tapped on element 'Object Repository/Mobile/Page/Login/Button - Login'

2022-01-05 07:46:24 - [MESSAGE][WARNING] - Timeout '0' is invalid. Using default page load timeout: '60'

2022-01-05 07:46:25 - [MESSAGE][PASSED] - Tapped on element 'Object Repository/Mobile/Page/Login/Button - Login'

2022-01-05 07:46:25 - [TEST_STEP][PASSED] - delay(2): Delayed 2 second(s)

2022-01-05 07:46:27 - [MESSAGE][PASSED] - Delayed 2 second(s)

2022-01-05 07:46:27 - [TEST_STEP][PASSED] - break: null

2022-01-05 07:46:27 - [MESSAGE][PASSED] - Call Test Case 'Test Cases/Mobile/Page/Login/Login' successfully

2022-01-05 07:46:27 - [TEST_STEP][PASSED] - callTestCase(findTestCase("Mobile/Page/Run App/Terminate App"), [:], STOP_ON_FAILURE): Call Test Case 'Test Cases/Mobile/Page/Run App/Terminate App' successfully

2022-01-05 07:46:27 - [TEST_CASE][PASSED] - Test Cases/Mobile/Page/Run App/Terminate App: Test Cases/Mobile/Page/Run App/Terminate App

2022-01-05 07:46:27 - [TEST_STEP][PASSED] - startApp.OpenApp.terminateApplication(): startApp.OpenApp.terminateApplication is PASSED

2022-01-05 07:46:32 - [MESSAGE][PASSED] - Delayed 3 second(s)

2022-01-05 07:46:32 - [MESSAGE][PASSED] - Current device physical width is 720

2022-01-05 07:46:32 - [MESSAGE][PASSED] - Current device physical height is 1423

2022-01-05 07:46:33 - [MESSAGE][PASSED] - Swiped from 360,853 to 360,142

2022-01-05 07:46:34 - [MESSAGE][PASSED] - Delayed 1 second(s)

2022-01-05 07:46:36 - [MESSAGE][PASSED] - Swiped from 360,853 to 360,142

2022-01-05 07:46:39 - [MESSAGE][PASSED] - Delayed 3 second(s)

2022-01-05 07:46:39 - [MESSAGE][PASSED] - startApp.OpenApp.terminateApplication is PASSED

2022-01-05 07:46:39 - [MESSAGE][PASSED] - Call Test Case 'Test Cases/Mobile/Page/Run App/Terminate App' successfully]]></system-out>
         <system-err><![CDATA[]]></system-err>
      </testcase>
      <testcase name="Test Cases/Mobile/Scenario/Login/005 - Login menggunakan username dengan membatalkan fingerprint" time="52.933" classname="Test Cases/Mobile/Scenario/Login/005 - Login menggunakan username dengan membatalkan fingerprint" status="PASSED">
         <system-out><![CDATA[2022-01-05 07:46:39 - [TEST_CASE][PASSED] - Test Cases/Mobile/Scenario/Login/005 - Login menggunakan username dengan membatalkan fingerprint: Test Cases/Mobile/Scenario/Login/005 - Login menggunakan username dengan membatalkan fingerprint

2022-01-05 07:46:40 - [TEST_STEP][PASSED] - callTestCase(findTestCase("Mobile/Page/Run App/Run App byID"), [:], STOP_ON_FAILURE): Call Test Case 'Test Cases/Mobile/Page/Run App/Run App byID' successfully

2022-01-05 07:46:40 - [TEST_CASE][PASSED] - Test Cases/Mobile/Page/Run App/Run App byID: Test Cases/Mobile/Page/Run App/Run App byID

2022-01-05 07:46:40 - [TEST_STEP][PASSED] - startApp.OpenApp.startApplication("id.co.miraeasset.sageclub"): startApp.OpenApp.startApplication is PASSED

2022-01-05 07:46:55 - [MESSAGE][PASSED] - Starting app with application ID: 'id.co.miraeasset.sageclub'

2022-01-05 07:46:55 - [MESSAGE][PASSED] - startApp.OpenApp.startApplication is PASSED

2022-01-05 07:46:55 - [MESSAGE][PASSED] - Call Test Case 'Test Cases/Mobile/Page/Run App/Run App byID' successfully

2022-01-05 07:46:55 - [TEST_STEP][PASSED] - callTestCase(findTestCase("Mobile/Page/Login/Login"), ["action":"cancelfingerprint"], CONTINUE_ON_FAILURE): Call Test Case 'Test Cases/Mobile/Page/Login/Login' successfully

2022-01-05 07:46:55 - [TEST_CASE][PASSED] - Test Cases/Mobile/Page/Login/Login: Test Cases/Mobile/Page/Login/Login

2022-01-05 07:46:55 - [TEST_STEP][PASSED] - delay(2): Delayed 2 second(s)

2022-01-05 07:46:57 - [MESSAGE][PASSED] - Delayed 2 second(s)

2022-01-05 07:46:57 - [TEST_STEP][PASSED] - for ([i = 0, i < 1, (i++)]): Delayed 2 second(s)

2022-01-05 07:46:57 - [TEST_STEP][PASSED] - if (action == "username"): null

2022-01-05 07:46:57 - [TEST_STEP][PASSED] - else if (action == "wrongpassword"): null

2022-01-05 07:46:57 - [TEST_STEP][PASSED] - else if (action == "nointernet"): null

2022-01-05 07:46:57 - [TEST_STEP][PASSED] - else if (action == "visiblepassword"): null

2022-01-05 07:46:57 - [TEST_STEP][PASSED] - else if (action == "cancelfingerprint"): Delayed 2 second(s)

2022-01-05 07:46:57 - [TEST_STEP][PASSED] - tap(LOGN_BtnFingerprint, 0): Tapped on element 'Object Repository/Mobile/Page/Login/Button - Fingerprint'

2022-01-05 07:46:57 - [MESSAGE][WARNING] - Timeout '0' is invalid. Using default page load timeout: '60'

2022-01-05 07:46:58 - [MESSAGE][PASSED] - Tapped on element 'Object Repository/Mobile/Page/Login/Button - Fingerprint'

2022-01-05 07:46:58 - [TEST_STEP][PASSED] - delay(1): Delayed 1 second(s)

2022-01-05 07:46:59 - [MESSAGE][PASSED] - Delayed 1 second(s)

2022-01-05 07:46:59 - [TEST_STEP][PASSED] - pressBack(): Press back button successfully

2022-01-05 07:46:59 - [MESSAGE][PASSED] - Press back button successfully

2022-01-05 07:46:59 - [TEST_STEP][PASSED] - delay(1): Delayed 1 second(s)

2022-01-05 07:47:00 - [MESSAGE][PASSED] - Delayed 1 second(s)

2022-01-05 07:47:00 - [TEST_STEP][PASSED] - tap(LOGN_EdtUserID, 0): Tapped on element 'Object Repository/Mobile/Page/Login/Input - UserID'

2022-01-05 07:47:00 - [MESSAGE][WARNING] - Timeout '0' is invalid. Using default page load timeout: '60'

2022-01-05 07:47:01 - [MESSAGE][PASSED] - Tapped on element 'Object Repository/Mobile/Page/Login/Input - UserID'

2022-01-05 07:47:01 - [TEST_STEP][PASSED] - delay(1): Delayed 1 second(s)

2022-01-05 07:47:02 - [MESSAGE][PASSED] - Delayed 1 second(s)

2022-01-05 07:47:02 - [TEST_STEP][PASSED] - setText(LOGN_EdtRdyUserID, "anggaaditya", 0): Text 'anggaaditya' has been set to element 'Object Repository/Mobile/Page/Login/Input Rdy - UserID'

2022-01-05 07:47:02 - [MESSAGE][WARNING] - Timeout '0' is invalid. Using default page load timeout: '60'

2022-01-05 07:47:02 - [MESSAGE][PASSED] - Text 'anggaaditya' has been set to element 'Object Repository/Mobile/Page/Login/Input Rdy - UserID'

2022-01-05 07:47:02 - [TEST_STEP][PASSED] - delay(1): Delayed 1 second(s)

2022-01-05 07:47:03 - [MESSAGE][PASSED] - Delayed 1 second(s)

2022-01-05 07:47:03 - [TEST_STEP][PASSED] - hideKeyboard(): Keyboard is hidden

2022-01-05 07:47:08 - [MESSAGE][PASSED] - Keyboard is hidden

2022-01-05 07:47:08 - [TEST_STEP][PASSED] - tap(LOGN_EdtPassword, 0): Tapped on element 'Object Repository/Mobile/Page/Login/Input - Password'

2022-01-05 07:47:08 - [MESSAGE][WARNING] - Timeout '0' is invalid. Using default page load timeout: '60'

2022-01-05 07:47:08 - [MESSAGE][PASSED] - Tapped on element 'Object Repository/Mobile/Page/Login/Input - Password'

2022-01-05 07:47:08 - [TEST_STEP][PASSED] - delay(1): Delayed 1 second(s)

2022-01-05 07:47:09 - [MESSAGE][PASSED] - Delayed 1 second(s)

2022-01-05 07:47:09 - [TEST_STEP][PASSED] - setText(LOGN_EdtRdyPassword, "Shalawa18", 0): Text 'Shalawa18' has been set to element 'Object Repository/Mobile/Page/Login/Input Rdy - Password'

2022-01-05 07:47:09 - [MESSAGE][WARNING] - Timeout '0' is invalid. Using default page load timeout: '60'

2022-01-05 07:47:10 - [MESSAGE][PASSED] - Text 'Shalawa18' has been set to element 'Object Repository/Mobile/Page/Login/Input Rdy - Password'

2022-01-05 07:47:10 - [TEST_STEP][PASSED] - delay(1): Delayed 1 second(s)

2022-01-05 07:47:11 - [MESSAGE][PASSED] - Delayed 1 second(s)

2022-01-05 07:47:11 - [TEST_STEP][PASSED] - hideKeyboard(): Keyboard is hidden

2022-01-05 07:47:17 - [MESSAGE][PASSED] - Keyboard is hidden

2022-01-05 07:47:17 - [TEST_STEP][PASSED] - tap(LOGN_BtnLogin, 0): Tapped on element 'Object Repository/Mobile/Page/Login/Button - Login'

2022-01-05 07:47:17 - [MESSAGE][WARNING] - Timeout '0' is invalid. Using default page load timeout: '60'

2022-01-05 07:47:18 - [MESSAGE][PASSED] - Tapped on element 'Object Repository/Mobile/Page/Login/Button - Login'

2022-01-05 07:47:18 - [TEST_STEP][PASSED] - delay(2): Delayed 2 second(s)

2022-01-05 07:47:20 - [MESSAGE][PASSED] - Delayed 2 second(s)

2022-01-05 07:47:20 - [MESSAGE][PASSED] - Call Test Case 'Test Cases/Mobile/Page/Login/Login' successfully

2022-01-05 07:47:20 - [TEST_STEP][PASSED] - callTestCase(findTestCase("Mobile/Page/Run App/Terminate App"), [:], STOP_ON_FAILURE): Call Test Case 'Test Cases/Mobile/Page/Run App/Terminate App' successfully

2022-01-05 07:47:20 - [TEST_CASE][PASSED] - Test Cases/Mobile/Page/Run App/Terminate App: Test Cases/Mobile/Page/Run App/Terminate App

2022-01-05 07:47:20 - [TEST_STEP][PASSED] - startApp.OpenApp.terminateApplication(): startApp.OpenApp.terminateApplication is PASSED

2022-01-05 07:47:24 - [MESSAGE][PASSED] - Delayed 3 second(s)

2022-01-05 07:47:25 - [MESSAGE][PASSED] - Current device physical width is 720

2022-01-05 07:47:25 - [MESSAGE][PASSED] - Current device physical height is 1423

2022-01-05 07:47:26 - [MESSAGE][PASSED] - Swiped from 360,853 to 360,142

2022-01-05 07:47:27 - [MESSAGE][PASSED] - Delayed 1 second(s)

2022-01-05 07:47:29 - [MESSAGE][PASSED] - Swiped from 360,853 to 360,142

2022-01-05 07:47:32 - [MESSAGE][PASSED] - Delayed 3 second(s)

2022-01-05 07:47:32 - [MESSAGE][PASSED] - startApp.OpenApp.terminateApplication is PASSED

2022-01-05 07:47:32 - [MESSAGE][PASSED] - Call Test Case 'Test Cases/Mobile/Page/Run App/Terminate App' successfully]]></system-out>
         <system-err><![CDATA[]]></system-err>
      </testcase>
      <system-out><![CDATA[2022-01-05 07:42:06 - [TEST_SUITE][PASSED] - login: Test Cases/Mobile/Scenario/Login/005 - Login menggunakan username dengan membatalkan fingerprint]]></system-out>
      <system-err><![CDATA[]]></system-err>
   </testsuite>
</testsuites>
