<?xml version="1.0" encoding="UTF-8"?>
<testsuites name="portfolio" time="1231.187" tests="19" failures="1" skips="0" errors="0">
   <testsuite name="portfolio" tests="19" failures="1" errors="0" time="1231.187" skips="0" timestamp="2022-01-02 15:27:15" hostname="Owner - aldy-tft" id="Test Suites/portfolio">
      <properties>
         <property name="deviceName" value="samsung SM-A205F (Android 11)"/>
         <property name="devicePlatform" value=""/>
         <property name="logFolder" value="C:\\Users\\Owner\\Documents\\kerjaan\\KatalonProject\\qa_katalon_pwm\\qa_katalon_pwm\\Reports\\20220102_152707\\portfolio\\20220102_152707"/>
         <property name="logFiles" value="C:\\Users\\Owner\\Documents\\kerjaan\\KatalonProject\\qa_katalon_pwm\\qa_katalon_pwm\\Reports\\20220102_152707\\portfolio\\20220102_152707\\appium.log, C:\\Users\\Owner\\Documents\\kerjaan\\KatalonProject\\qa_katalon_pwm\\qa_katalon_pwm\\Reports\\20220102_152707\\portfolio\\20220102_152707\\execution0.log"/>
         <property name="attachments" value="C:\\Users\\Owner\\Documents\\kerjaan\\KatalonProject\\qa_katalon_pwm\\qa_katalon_pwm\\Reports\\20220102_152707\\portfolio\\20220102_152707\\1641112575570.png, C:\\Users\\Owner\\Documents\\kerjaan\\KatalonProject\\qa_katalon_pwm\\qa_katalon_pwm\\Reports\\20220102_152707\\portfolio\\20220102_152707\\1641112576298.png"/>
         <property name="hostName" value="Owner - aldy-tft"/>
         <property name="os" value="Windows 10 64bit"/>
         <property name="appiumServerStatus" value="{&quot;value&quot;:{&quot;build&quot;:{&quot;version&quot;:&quot;1.22.0&quot;}},&quot;sessionId&quot;:null,&quot;status&quot;:0}"/>
         <property name="katalonVersion" value="7.9.1.208"/>
         <property name="deviceOS" value="Android"/>
         <property name="appiumVersion" value="1.22.0"/>
         <property name="deviceModel" value="SM-A205F"/>
         <property name="hostAddress" value="192.168.100.34"/>
         <property name="deviceManufacturer" value="samsung"/>
         <property name="deviceId" value="RR8M40C9AXE"/>
         <property name="deviceName" value="samsung SM-A205F (Android 11)"/>
         <property name="deviceOSVersion" value="11"/>
      </properties>
      <testcase name="Test Cases/Mobile/Scenario/Portfolio/001 - Summary" time="82.647" classname="Test Cases/Mobile/Scenario/Portfolio/001 - Summary" status="PASSED">
         <system-out><![CDATA[2022-01-02 15:27:16 - [TEST_CASE][PASSED] - Test Cases/Mobile/Scenario/Portfolio/001 - Summary: Test Cases/Mobile/Scenario/Portfolio/001 - Summary

2022-01-02 15:27:16 - [TEST_STEP][PASSED] - callTestCase(findTestCase("Mobile/Page/Run App/Run App byID"), [:], STOP_ON_FAILURE): Call Test Case 'Test Cases/Mobile/Page/Run App/Run App byID' successfully

2022-01-02 15:27:17 - [TEST_CASE][PASSED] - Test Cases/Mobile/Page/Run App/Run App byID: Test Cases/Mobile/Page/Run App/Run App byID

2022-01-02 15:27:17 - [TEST_STEP][PASSED] - startApp.OpenApp.startApplication("id.co.miraeasset.sageclub"): startApp.OpenApp.startApplication is PASSED

2022-01-02 15:27:25 - [MESSAGE][INFO] - Appium server started on port 54,820

2022-01-02 15:27:46 - [MESSAGE][PASSED] - Starting app with application ID: 'id.co.miraeasset.sageclub'

2022-01-02 15:27:46 - [MESSAGE][PASSED] - startApp.OpenApp.startApplication is PASSED

2022-01-02 15:27:46 - [MESSAGE][PASSED] - Call Test Case 'Test Cases/Mobile/Page/Run App/Run App byID' successfully

2022-01-02 15:27:46 - [TEST_STEP][PASSED] - callTestCase(findTestCase("Mobile/Page/Portfolio/Portfolio"), ["tab":"summary", "action":"summary"], CONTINUE_ON_FAILURE): Call Test Case 'Test Cases/Mobile/Page/Portfolio/Portfolio' successfully

2022-01-02 15:27:46 - [TEST_CASE][PASSED] - Test Cases/Mobile/Page/Portfolio/Portfolio: Test Cases/Mobile/Page/Portfolio/Portfolio

2022-01-02 15:27:46 - [TEST_STEP][PASSED] - callTestCase(findTestCase("Mobile/Page/CheckLogin"), [:], CONTINUE_ON_FAILURE): Call Test Case 'Test Cases/Mobile/Page/CheckLogin' successfully

2022-01-02 15:27:46 - [TEST_CASE][PASSED] - Test Cases/Mobile/Page/CheckLogin: Test Cases/Mobile/Page/CheckLogin

2022-01-02 15:27:46 - [TEST_STEP][PASSED] - loginCheck = verifyElementExist(LOGN_BtnLogin, 5, CONTINUE_ON_FAILURE): Element 'Object Repository/Mobile/Page/Login/Button - Login' is exist

2022-01-02 15:28:01 - [MESSAGE][PASSED] - Element 'Object Repository/Mobile/Page/Login/Button - Login' is exist

2022-01-02 15:28:01 - [TEST_STEP][PASSED] - if (loginCheck): Call Test Case 'Test Cases/Mobile/Page/Login/Login' successfully

2022-01-02 15:28:01 - [TEST_STEP][PASSED] - callTestCase(findTestCase("Mobile/Page/Login/Login"), ["action":"username"], CONTINUE_ON_FAILURE): Call Test Case 'Test Cases/Mobile/Page/Login/Login' successfully

2022-01-02 15:28:01 - [TEST_CASE][PASSED] - Test Cases/Mobile/Page/Login/Login: Test Cases/Mobile/Page/Login/Login

2022-01-02 15:28:01 - [TEST_STEP][PASSED] - delay(2): Delayed 2 second(s)

2022-01-02 15:28:03 - [MESSAGE][PASSED] - Delayed 2 second(s)

2022-01-02 15:28:03 - [TEST_STEP][PASSED] - for ([i = 0, i < 1, (i++)]): null

2022-01-02 15:28:03 - [TEST_STEP][PASSED] - if (action == "username"): null

2022-01-02 15:28:03 - [TEST_STEP][PASSED] - tap(LOGN_EdtUserID, 0): Tapped on element 'Object Repository/Mobile/Page/Login/Input - UserID'

2022-01-02 15:28:03 - [MESSAGE][WARNING] - Timeout '0' is invalid. Using default page load timeout: '60'

2022-01-02 15:28:03 - [MESSAGE][PASSED] - Tapped on element 'Object Repository/Mobile/Page/Login/Input - UserID'

2022-01-02 15:28:03 - [TEST_STEP][PASSED] - delay(1): Delayed 1 second(s)

2022-01-02 15:28:04 - [MESSAGE][PASSED] - Delayed 1 second(s)

2022-01-02 15:28:04 - [TEST_STEP][PASSED] - setText(LOGN_EdtRdyUserID, "anggaaditya", 0): Text 'anggaaditya' has been set to element 'Object Repository/Mobile/Page/Login/Input Rdy - UserID'

2022-01-02 15:28:04 - [MESSAGE][WARNING] - Timeout '0' is invalid. Using default page load timeout: '60'

2022-01-02 15:28:05 - [MESSAGE][PASSED] - Text 'anggaaditya' has been set to element 'Object Repository/Mobile/Page/Login/Input Rdy - UserID'

2022-01-02 15:28:05 - [TEST_STEP][PASSED] - delay(1): Delayed 1 second(s)

2022-01-02 15:28:07 - [MESSAGE][PASSED] - Delayed 1 second(s)

2022-01-02 15:28:07 - [TEST_STEP][PASSED] - hideKeyboard(): Keyboard is hidden

2022-01-02 15:28:11 - [MESSAGE][PASSED] - Keyboard is hidden

2022-01-02 15:28:11 - [TEST_STEP][PASSED] - tap(LOGN_EdtPassword, 0): Tapped on element 'Object Repository/Mobile/Page/Login/Input - Password'

2022-01-02 15:28:11 - [MESSAGE][WARNING] - Timeout '0' is invalid. Using default page load timeout: '60'

2022-01-02 15:28:11 - [MESSAGE][PASSED] - Tapped on element 'Object Repository/Mobile/Page/Login/Input - Password'

2022-01-02 15:28:11 - [TEST_STEP][PASSED] - delay(1): Delayed 1 second(s)

2022-01-02 15:28:12 - [MESSAGE][PASSED] - Delayed 1 second(s)

2022-01-02 15:28:12 - [TEST_STEP][PASSED] - setText(LOGN_EdtRdyPassword, "Shalawa18", 0): Text 'Shalawa18' has been set to element 'Object Repository/Mobile/Page/Login/Input Rdy - Password'

2022-01-02 15:28:12 - [MESSAGE][WARNING] - Timeout '0' is invalid. Using default page load timeout: '60'

2022-01-02 15:28:13 - [MESSAGE][PASSED] - Text 'Shalawa18' has been set to element 'Object Repository/Mobile/Page/Login/Input Rdy - Password'

2022-01-02 15:28:13 - [TEST_STEP][PASSED] - delay(1): Delayed 1 second(s)

2022-01-02 15:28:14 - [MESSAGE][PASSED] - Delayed 1 second(s)

2022-01-02 15:28:14 - [TEST_STEP][PASSED] - hideKeyboard(): Keyboard is hidden

2022-01-02 15:28:20 - [MESSAGE][PASSED] - Keyboard is hidden

2022-01-02 15:28:20 - [TEST_STEP][PASSED] - tap(LOGN_BtnLogin, 0): Tapped on element 'Object Repository/Mobile/Page/Login/Button - Login'

2022-01-02 15:28:20 - [MESSAGE][WARNING] - Timeout '0' is invalid. Using default page load timeout: '60'

2022-01-02 15:28:21 - [MESSAGE][PASSED] - Tapped on element 'Object Repository/Mobile/Page/Login/Button - Login'

2022-01-02 15:28:21 - [TEST_STEP][PASSED] - delay(2): Delayed 2 second(s)

2022-01-02 15:28:23 - [MESSAGE][PASSED] - Delayed 2 second(s)

2022-01-02 15:28:23 - [TEST_STEP][PASSED] - break: null

2022-01-02 15:28:23 - [MESSAGE][PASSED] - Call Test Case 'Test Cases/Mobile/Page/Login/Login' successfully

2022-01-02 15:28:23 - [MESSAGE][PASSED] - Call Test Case 'Test Cases/Mobile/Page/CheckLogin' successfully

2022-01-02 15:28:23 - [TEST_STEP][PASSED] - tap(HOME_MenubarPortfolio, 0): Tapped on element 'Object Repository/Mobile/Page/Home/Menubar - Portfolio'

2022-01-02 15:28:23 - [MESSAGE][WARNING] - Timeout '0' is invalid. Using default page load timeout: '60'

2022-01-02 15:28:24 - [MESSAGE][PASSED] - Tapped on element 'Object Repository/Mobile/Page/Home/Menubar - Portfolio'

2022-01-02 15:28:24 - [TEST_STEP][PASSED] - delay(1): Delayed 1 second(s)

2022-01-02 15:28:25 - [MESSAGE][PASSED] - Delayed 1 second(s)

2022-01-02 15:28:25 - [TEST_STEP][PASSED] - for ([i = 0, i < 1, (i++)]): null

2022-01-02 15:28:25 - [TEST_STEP][PASSED] - if (tab == "summary"): null

2022-01-02 15:28:25 - [TEST_STEP][PASSED] - idr = PORT_BtnIDR: null

2022-01-02 15:28:25 - [TEST_STEP][PASSED] - persen = PORT_BtnPersen: null

2022-01-02 15:28:25 - [TEST_STEP][PASSED] - if (action == "summary"): Delayed 3 second(s)

2022-01-02 15:28:25 - [TEST_STEP][PASSED] - delay(3): Delayed 3 second(s)

2022-01-02 15:28:28 - [MESSAGE][PASSED] - Delayed 3 second(s)

2022-01-02 15:28:28 - [TEST_STEP][PASSED] - if (action != "summary"): null

2022-01-02 15:28:28 - [MESSAGE][PASSED] - Call Test Case 'Test Cases/Mobile/Page/Portfolio/Portfolio' successfully

2022-01-02 15:28:28 - [TEST_STEP][PASSED] - callTestCase(findTestCase("Mobile/Page/Run App/Terminate App"), [:], STOP_ON_FAILURE): Call Test Case 'Test Cases/Mobile/Page/Run App/Terminate App' successfully

2022-01-02 15:28:28 - [TEST_CASE][PASSED] - Test Cases/Mobile/Page/Run App/Terminate App: Test Cases/Mobile/Page/Run App/Terminate App

2022-01-02 15:28:28 - [TEST_STEP][PASSED] - startApp.OpenApp.terminateApplication(): startApp.OpenApp.terminateApplication is PASSED

2022-01-02 15:28:32 - [MESSAGE][PASSED] - Delayed 3 second(s)

2022-01-02 15:28:32 - [MESSAGE][PASSED] - Current device physical width is 720

2022-01-02 15:28:32 - [MESSAGE][PASSED] - Current device physical height is 1423

2022-01-02 15:28:33 - [MESSAGE][PASSED] - Swiped from 360,853 to 360,142

2022-01-02 15:28:34 - [MESSAGE][PASSED] - Delayed 1 second(s)

2022-01-02 15:28:36 - [MESSAGE][PASSED] - Swiped from 360,853 to 360,142

2022-01-02 15:28:39 - [MESSAGE][PASSED] - Delayed 3 second(s)

2022-01-02 15:28:39 - [MESSAGE][PASSED] - startApp.OpenApp.terminateApplication is PASSED

2022-01-02 15:28:39 - [MESSAGE][PASSED] - Call Test Case 'Test Cases/Mobile/Page/Run App/Terminate App' successfully]]></system-out>
         <system-err><![CDATA[]]></system-err>
      </testcase>
      <testcase name="Test Cases/Mobile/Scenario/Portfolio/002 - Portfolio Performance Daily IDR" time="59.142" classname="Test Cases/Mobile/Scenario/Portfolio/002 - Portfolio Performance Daily IDR" status="PASSED">
         <system-out><![CDATA[2022-01-02 15:28:39 - [TEST_CASE][PASSED] - Test Cases/Mobile/Scenario/Portfolio/002 - Portfolio Performance Daily IDR: Test Cases/Mobile/Scenario/Portfolio/002 - Portfolio Performance Daily IDR

2022-01-02 15:28:39 - [TEST_STEP][PASSED] - callTestCase(findTestCase("Mobile/Page/Run App/Run App byID"), [:], STOP_ON_FAILURE): Call Test Case 'Test Cases/Mobile/Page/Run App/Run App byID' successfully

2022-01-02 15:28:39 - [TEST_CASE][PASSED] - Test Cases/Mobile/Page/Run App/Run App byID: Test Cases/Mobile/Page/Run App/Run App byID

2022-01-02 15:28:39 - [TEST_STEP][PASSED] - startApp.OpenApp.startApplication("id.co.miraeasset.sageclub"): startApp.OpenApp.startApplication is PASSED

2022-01-02 15:28:52 - [MESSAGE][PASSED] - Starting app with application ID: 'id.co.miraeasset.sageclub'

2022-01-02 15:28:52 - [MESSAGE][PASSED] - startApp.OpenApp.startApplication is PASSED

2022-01-02 15:28:52 - [MESSAGE][PASSED] - Call Test Case 'Test Cases/Mobile/Page/Run App/Run App byID' successfully

2022-01-02 15:28:52 - [TEST_STEP][PASSED] - callTestCase(findTestCase("Mobile/Page/Portfolio/Portfolio"), ["tab":"summary", "action":"perf_daily", "action2":"idr"], CONTINUE_ON_FAILURE): Call Test Case 'Test Cases/Mobile/Page/Portfolio/Portfolio' successfully

2022-01-02 15:28:52 - [TEST_CASE][PASSED] - Test Cases/Mobile/Page/Portfolio/Portfolio: Test Cases/Mobile/Page/Portfolio/Portfolio

2022-01-02 15:28:52 - [TEST_STEP][PASSED] - callTestCase(findTestCase("Mobile/Page/CheckLogin"), [:], CONTINUE_ON_FAILURE): Call Test Case 'Test Cases/Mobile/Page/CheckLogin' successfully

2022-01-02 15:28:52 - [TEST_CASE][PASSED] - Test Cases/Mobile/Page/CheckLogin: Test Cases/Mobile/Page/CheckLogin

2022-01-02 15:28:52 - [TEST_STEP][PASSED] - loginCheck = verifyElementExist(LOGN_BtnLogin, 5, CONTINUE_ON_FAILURE): Element 'Object Repository/Mobile/Page/Login/Button - Login' is exist

2022-01-02 15:28:53 - [MESSAGE][PASSED] - Element 'Object Repository/Mobile/Page/Login/Button - Login' is exist

2022-01-02 15:28:53 - [TEST_STEP][PASSED] - if (loginCheck): Call Test Case 'Test Cases/Mobile/Page/Login/Login' successfully

2022-01-02 15:28:53 - [TEST_STEP][PASSED] - callTestCase(findTestCase("Mobile/Page/Login/Login"), ["action":"username"], CONTINUE_ON_FAILURE): Call Test Case 'Test Cases/Mobile/Page/Login/Login' successfully

2022-01-02 15:28:53 - [TEST_CASE][PASSED] - Test Cases/Mobile/Page/Login/Login: Test Cases/Mobile/Page/Login/Login

2022-01-02 15:28:53 - [TEST_STEP][PASSED] - delay(2): Delayed 2 second(s)

2022-01-02 15:28:55 - [MESSAGE][PASSED] - Delayed 2 second(s)

2022-01-02 15:28:55 - [TEST_STEP][PASSED] - for ([i = 0, i < 1, (i++)]): null

2022-01-02 15:28:55 - [TEST_STEP][PASSED] - if (action == "username"): null

2022-01-02 15:28:55 - [TEST_STEP][PASSED] - tap(LOGN_EdtUserID, 0): Tapped on element 'Object Repository/Mobile/Page/Login/Input - UserID'

2022-01-02 15:28:55 - [MESSAGE][WARNING] - Timeout '0' is invalid. Using default page load timeout: '60'

2022-01-02 15:28:56 - [MESSAGE][PASSED] - Tapped on element 'Object Repository/Mobile/Page/Login/Input - UserID'

2022-01-02 15:28:56 - [TEST_STEP][PASSED] - delay(1): Delayed 1 second(s)

2022-01-02 15:28:57 - [MESSAGE][PASSED] - Delayed 1 second(s)

2022-01-02 15:28:57 - [TEST_STEP][PASSED] - setText(LOGN_EdtRdyUserID, "anggaaditya", 0): Text 'anggaaditya' has been set to element 'Object Repository/Mobile/Page/Login/Input Rdy - UserID'

2022-01-02 15:28:57 - [MESSAGE][WARNING] - Timeout '0' is invalid. Using default page load timeout: '60'

2022-01-02 15:28:58 - [MESSAGE][PASSED] - Text 'anggaaditya' has been set to element 'Object Repository/Mobile/Page/Login/Input Rdy - UserID'

2022-01-02 15:28:58 - [TEST_STEP][PASSED] - delay(1): Delayed 1 second(s)

2022-01-02 15:28:59 - [MESSAGE][PASSED] - Delayed 1 second(s)

2022-01-02 15:28:59 - [TEST_STEP][PASSED] - hideKeyboard(): Keyboard is hidden

2022-01-02 15:29:02 - [MESSAGE][PASSED] - Keyboard is hidden

2022-01-02 15:29:02 - [TEST_STEP][PASSED] - tap(LOGN_EdtPassword, 0): Tapped on element 'Object Repository/Mobile/Page/Login/Input - Password'

2022-01-02 15:29:02 - [MESSAGE][WARNING] - Timeout '0' is invalid. Using default page load timeout: '60'

2022-01-02 15:29:03 - [MESSAGE][PASSED] - Tapped on element 'Object Repository/Mobile/Page/Login/Input - Password'

2022-01-02 15:29:03 - [TEST_STEP][PASSED] - delay(1): Delayed 1 second(s)

2022-01-02 15:29:04 - [MESSAGE][PASSED] - Delayed 1 second(s)

2022-01-02 15:29:04 - [TEST_STEP][PASSED] - setText(LOGN_EdtRdyPassword, "Shalawa18", 0): Text 'Shalawa18' has been set to element 'Object Repository/Mobile/Page/Login/Input Rdy - Password'

2022-01-02 15:29:04 - [MESSAGE][WARNING] - Timeout '0' is invalid. Using default page load timeout: '60'

2022-01-02 15:29:04 - [MESSAGE][PASSED] - Text 'Shalawa18' has been set to element 'Object Repository/Mobile/Page/Login/Input Rdy - Password'

2022-01-02 15:29:04 - [TEST_STEP][PASSED] - delay(1): Delayed 1 second(s)

2022-01-02 15:29:05 - [MESSAGE][PASSED] - Delayed 1 second(s)

2022-01-02 15:29:05 - [TEST_STEP][PASSED] - hideKeyboard(): Keyboard is hidden

2022-01-02 15:29:12 - [MESSAGE][PASSED] - Keyboard is hidden

2022-01-02 15:29:12 - [TEST_STEP][PASSED] - tap(LOGN_BtnLogin, 0): Tapped on element 'Object Repository/Mobile/Page/Login/Button - Login'

2022-01-02 15:29:12 - [MESSAGE][WARNING] - Timeout '0' is invalid. Using default page load timeout: '60'

2022-01-02 15:29:13 - [MESSAGE][PASSED] - Tapped on element 'Object Repository/Mobile/Page/Login/Button - Login'

2022-01-02 15:29:13 - [TEST_STEP][PASSED] - delay(2): Delayed 2 second(s)

2022-01-02 15:29:15 - [MESSAGE][PASSED] - Delayed 2 second(s)

2022-01-02 15:29:15 - [TEST_STEP][PASSED] - break: null

2022-01-02 15:29:15 - [MESSAGE][PASSED] - Call Test Case 'Test Cases/Mobile/Page/Login/Login' successfully

2022-01-02 15:29:15 - [MESSAGE][PASSED] - Call Test Case 'Test Cases/Mobile/Page/CheckLogin' successfully

2022-01-02 15:29:15 - [TEST_STEP][PASSED] - tap(HOME_MenubarPortfolio, 0): Tapped on element 'Object Repository/Mobile/Page/Home/Menubar - Portfolio'

2022-01-02 15:29:15 - [MESSAGE][WARNING] - Timeout '0' is invalid. Using default page load timeout: '60'

2022-01-02 15:29:16 - [MESSAGE][PASSED] - Tapped on element 'Object Repository/Mobile/Page/Home/Menubar - Portfolio'

2022-01-02 15:29:16 - [TEST_STEP][PASSED] - delay(1): Delayed 1 second(s)

2022-01-02 15:29:17 - [MESSAGE][PASSED] - Delayed 1 second(s)

2022-01-02 15:29:17 - [TEST_STEP][PASSED] - for ([i = 0, i < 1, (i++)]): Delayed 3 second(s)

2022-01-02 15:29:17 - [TEST_STEP][PASSED] - if (tab == "summary"): Delayed 3 second(s)

2022-01-02 15:29:17 - [TEST_STEP][PASSED] - idr = PORT_BtnIDR: null

2022-01-02 15:29:17 - [TEST_STEP][PASSED] - persen = PORT_BtnPersen: null

2022-01-02 15:29:17 - [TEST_STEP][PASSED] - if (action == "summary"): null

2022-01-02 15:29:17 - [TEST_STEP][PASSED] - else if (action == "perf_daily"): scroll.scroll.scrollScreenBottomToTop is PASSED

2022-01-02 15:29:17 - [TEST_STEP][PASSED] - scroll.scroll.scrollScreenBottomToTop(): scroll.scroll.scrollScreenBottomToTop is PASSED

2022-01-02 15:29:17 - [MESSAGE][PASSED] - Current device physical height is 1423

2022-01-02 15:29:17 - [MESSAGE][PASSED] - Current device physical width is 720

2022-01-02 15:29:18 - [MESSAGE][PASSED] - Swiped from 360,1,138 to 360,284

2022-01-02 15:29:18 - [MESSAGE][PASSED] - scroll.scroll.scrollScreenBottomToTop is PASSED

2022-01-02 15:29:18 - [TEST_STEP][PASSED] - if (action != "summary"): Delayed 3 second(s)

2022-01-02 15:29:18 - [TEST_STEP][PASSED] - delay(1): Delayed 1 second(s)

2022-01-02 15:29:19 - [MESSAGE][PASSED] - Delayed 1 second(s)

2022-01-02 15:29:19 - [TEST_STEP][PASSED] - scroll.scroll.scrollScreenBottomToTop(): scroll.scroll.scrollScreenBottomToTop is PASSED

2022-01-02 15:29:20 - [MESSAGE][PASSED] - Current device physical height is 1423

2022-01-02 15:29:20 - [MESSAGE][PASSED] - Current device physical width is 720

2022-01-02 15:29:21 - [MESSAGE][PASSED] - Swiped from 360,1,138 to 360,284

2022-01-02 15:29:21 - [MESSAGE][PASSED] - scroll.scroll.scrollScreenBottomToTop is PASSED

2022-01-02 15:29:21 - [TEST_STEP][PASSED] - delay(3): Delayed 3 second(s)

2022-01-02 15:29:24 - [MESSAGE][PASSED] - Delayed 3 second(s)

2022-01-02 15:29:24 - [TEST_STEP][PASSED] - if (action2 == "idr"): Delayed 3 second(s)

2022-01-02 15:29:24 - [TEST_STEP][PASSED] - tap(idr, 10): Tapped on element 'Object Repository/Mobile/Page/Portfolio/Button - IDR'

2022-01-02 15:29:25 - [MESSAGE][PASSED] - Tapped on element 'Object Repository/Mobile/Page/Portfolio/Button - IDR'

2022-01-02 15:29:25 - [TEST_STEP][PASSED] - delay(3): Delayed 3 second(s)

2022-01-02 15:29:28 - [MESSAGE][PASSED] - Delayed 3 second(s)

2022-01-02 15:29:28 - [MESSAGE][PASSED] - Call Test Case 'Test Cases/Mobile/Page/Portfolio/Portfolio' successfully

2022-01-02 15:29:28 - [TEST_STEP][PASSED] - callTestCase(findTestCase("Mobile/Page/Run App/Terminate App"), [:], STOP_ON_FAILURE): Call Test Case 'Test Cases/Mobile/Page/Run App/Terminate App' successfully

2022-01-02 15:29:28 - [TEST_CASE][PASSED] - Test Cases/Mobile/Page/Run App/Terminate App: Test Cases/Mobile/Page/Run App/Terminate App

2022-01-02 15:29:28 - [TEST_STEP][PASSED] - startApp.OpenApp.terminateApplication(): startApp.OpenApp.terminateApplication is PASSED

2022-01-02 15:29:31 - [MESSAGE][PASSED] - Delayed 3 second(s)

2022-01-02 15:29:31 - [MESSAGE][PASSED] - Current device physical width is 720

2022-01-02 15:29:31 - [MESSAGE][PASSED] - Current device physical height is 1423

2022-01-02 15:29:32 - [MESSAGE][PASSED] - Swiped from 360,853 to 360,142

2022-01-02 15:29:34 - [MESSAGE][PASSED] - Delayed 1 second(s)

2022-01-02 15:29:35 - [MESSAGE][PASSED] - Swiped from 360,853 to 360,142

2022-01-02 15:29:38 - [MESSAGE][PASSED] - Delayed 3 second(s)

2022-01-02 15:29:38 - [MESSAGE][PASSED] - startApp.OpenApp.terminateApplication is PASSED

2022-01-02 15:29:38 - [MESSAGE][PASSED] - Call Test Case 'Test Cases/Mobile/Page/Run App/Terminate App' successfully]]></system-out>
         <system-err><![CDATA[]]></system-err>
      </testcase>
      <testcase name="Test Cases/Mobile/Scenario/Portfolio/003 - Portfolio Performance Month to Date IDR" time="60.599" classname="Test Cases/Mobile/Scenario/Portfolio/003 - Portfolio Performance Month to Date IDR" status="PASSED">
         <system-out><![CDATA[2022-01-02 15:29:38 - [TEST_CASE][PASSED] - Test Cases/Mobile/Scenario/Portfolio/003 - Portfolio Performance Month to Date IDR: Test Cases/Mobile/Scenario/Portfolio/003 - Portfolio Performance Month to Date IDR

2022-01-02 15:29:38 - [TEST_STEP][PASSED] - callTestCase(findTestCase("Mobile/Page/Run App/Run App byID"), [:], STOP_ON_FAILURE): Call Test Case 'Test Cases/Mobile/Page/Run App/Run App byID' successfully

2022-01-02 15:29:38 - [TEST_CASE][PASSED] - Test Cases/Mobile/Page/Run App/Run App byID: Test Cases/Mobile/Page/Run App/Run App byID

2022-01-02 15:29:38 - [TEST_STEP][PASSED] - startApp.OpenApp.startApplication("id.co.miraeasset.sageclub"): startApp.OpenApp.startApplication is PASSED

2022-01-02 15:29:51 - [MESSAGE][PASSED] - Starting app with application ID: 'id.co.miraeasset.sageclub'

2022-01-02 15:29:51 - [MESSAGE][PASSED] - startApp.OpenApp.startApplication is PASSED

2022-01-02 15:29:51 - [MESSAGE][PASSED] - Call Test Case 'Test Cases/Mobile/Page/Run App/Run App byID' successfully

2022-01-02 15:29:51 - [TEST_STEP][PASSED] - callTestCase(findTestCase("Mobile/Page/Portfolio/Portfolio"), ["tab":"summary", "action":"perf_month", "action2":"idr"], CONTINUE_ON_FAILURE): Call Test Case 'Test Cases/Mobile/Page/Portfolio/Portfolio' successfully

2022-01-02 15:29:51 - [TEST_CASE][PASSED] - Test Cases/Mobile/Page/Portfolio/Portfolio: Test Cases/Mobile/Page/Portfolio/Portfolio

2022-01-02 15:29:51 - [TEST_STEP][PASSED] - callTestCase(findTestCase("Mobile/Page/CheckLogin"), [:], CONTINUE_ON_FAILURE): Call Test Case 'Test Cases/Mobile/Page/CheckLogin' successfully

2022-01-02 15:29:51 - [TEST_CASE][PASSED] - Test Cases/Mobile/Page/CheckLogin: Test Cases/Mobile/Page/CheckLogin

2022-01-02 15:29:51 - [TEST_STEP][PASSED] - loginCheck = verifyElementExist(LOGN_BtnLogin, 5, CONTINUE_ON_FAILURE): Element 'Object Repository/Mobile/Page/Login/Button - Login' is exist

2022-01-02 15:29:53 - [MESSAGE][PASSED] - Element 'Object Repository/Mobile/Page/Login/Button - Login' is exist

2022-01-02 15:29:53 - [TEST_STEP][PASSED] - if (loginCheck): Call Test Case 'Test Cases/Mobile/Page/Login/Login' successfully

2022-01-02 15:29:53 - [TEST_STEP][PASSED] - callTestCase(findTestCase("Mobile/Page/Login/Login"), ["action":"username"], CONTINUE_ON_FAILURE): Call Test Case 'Test Cases/Mobile/Page/Login/Login' successfully

2022-01-02 15:29:53 - [TEST_CASE][PASSED] - Test Cases/Mobile/Page/Login/Login: Test Cases/Mobile/Page/Login/Login

2022-01-02 15:29:53 - [TEST_STEP][PASSED] - delay(2): Delayed 2 second(s)

2022-01-02 15:29:55 - [MESSAGE][PASSED] - Delayed 2 second(s)

2022-01-02 15:29:55 - [TEST_STEP][PASSED] - for ([i = 0, i < 1, (i++)]): null

2022-01-02 15:29:55 - [TEST_STEP][PASSED] - if (action == "username"): null

2022-01-02 15:29:55 - [TEST_STEP][PASSED] - tap(LOGN_EdtUserID, 0): Tapped on element 'Object Repository/Mobile/Page/Login/Input - UserID'

2022-01-02 15:29:55 - [MESSAGE][WARNING] - Timeout '0' is invalid. Using default page load timeout: '60'

2022-01-02 15:29:55 - [MESSAGE][PASSED] - Tapped on element 'Object Repository/Mobile/Page/Login/Input - UserID'

2022-01-02 15:29:55 - [TEST_STEP][PASSED] - delay(1): Delayed 1 second(s)

2022-01-02 15:29:56 - [MESSAGE][PASSED] - Delayed 1 second(s)

2022-01-02 15:29:56 - [TEST_STEP][PASSED] - setText(LOGN_EdtRdyUserID, "anggaaditya", 0): Text 'anggaaditya' has been set to element 'Object Repository/Mobile/Page/Login/Input Rdy - UserID'

2022-01-02 15:29:56 - [MESSAGE][WARNING] - Timeout '0' is invalid. Using default page load timeout: '60'

2022-01-02 15:29:57 - [MESSAGE][PASSED] - Text 'anggaaditya' has been set to element 'Object Repository/Mobile/Page/Login/Input Rdy - UserID'

2022-01-02 15:29:57 - [TEST_STEP][PASSED] - delay(1): Delayed 1 second(s)

2022-01-02 15:29:58 - [MESSAGE][PASSED] - Delayed 1 second(s)

2022-01-02 15:29:58 - [TEST_STEP][PASSED] - hideKeyboard(): Keyboard is hidden

2022-01-02 15:30:01 - [MESSAGE][PASSED] - Keyboard is hidden

2022-01-02 15:30:01 - [TEST_STEP][PASSED] - tap(LOGN_EdtPassword, 0): Tapped on element 'Object Repository/Mobile/Page/Login/Input - Password'

2022-01-02 15:30:01 - [MESSAGE][WARNING] - Timeout '0' is invalid. Using default page load timeout: '60'

2022-01-02 15:30:02 - [MESSAGE][PASSED] - Tapped on element 'Object Repository/Mobile/Page/Login/Input - Password'

2022-01-02 15:30:02 - [TEST_STEP][PASSED] - delay(1): Delayed 1 second(s)

2022-01-02 15:30:03 - [MESSAGE][PASSED] - Delayed 1 second(s)

2022-01-02 15:30:03 - [TEST_STEP][PASSED] - setText(LOGN_EdtRdyPassword, "Shalawa18", 0): Text 'Shalawa18' has been set to element 'Object Repository/Mobile/Page/Login/Input Rdy - Password'

2022-01-02 15:30:03 - [MESSAGE][WARNING] - Timeout '0' is invalid. Using default page load timeout: '60'

2022-01-02 15:30:03 - [MESSAGE][PASSED] - Text 'Shalawa18' has been set to element 'Object Repository/Mobile/Page/Login/Input Rdy - Password'

2022-01-02 15:30:03 - [TEST_STEP][PASSED] - delay(1): Delayed 1 second(s)

2022-01-02 15:30:04 - [MESSAGE][PASSED] - Delayed 1 second(s)

2022-01-02 15:30:04 - [TEST_STEP][PASSED] - hideKeyboard(): Keyboard is hidden

2022-01-02 15:30:11 - [MESSAGE][PASSED] - Keyboard is hidden

2022-01-02 15:30:11 - [TEST_STEP][PASSED] - tap(LOGN_BtnLogin, 0): Tapped on element 'Object Repository/Mobile/Page/Login/Button - Login'

2022-01-02 15:30:11 - [MESSAGE][WARNING] - Timeout '0' is invalid. Using default page load timeout: '60'

2022-01-02 15:30:12 - [MESSAGE][PASSED] - Tapped on element 'Object Repository/Mobile/Page/Login/Button - Login'

2022-01-02 15:30:12 - [TEST_STEP][PASSED] - delay(2): Delayed 2 second(s)

2022-01-02 15:30:14 - [MESSAGE][PASSED] - Delayed 2 second(s)

2022-01-02 15:30:14 - [TEST_STEP][PASSED] - break: null

2022-01-02 15:30:14 - [MESSAGE][PASSED] - Call Test Case 'Test Cases/Mobile/Page/Login/Login' successfully

2022-01-02 15:30:14 - [MESSAGE][PASSED] - Call Test Case 'Test Cases/Mobile/Page/CheckLogin' successfully

2022-01-02 15:30:14 - [TEST_STEP][PASSED] - tap(HOME_MenubarPortfolio, 0): Tapped on element 'Object Repository/Mobile/Page/Home/Menubar - Portfolio'

2022-01-02 15:30:14 - [MESSAGE][WARNING] - Timeout '0' is invalid. Using default page load timeout: '60'

2022-01-02 15:30:14 - [MESSAGE][PASSED] - Tapped on element 'Object Repository/Mobile/Page/Home/Menubar - Portfolio'

2022-01-02 15:30:14 - [TEST_STEP][PASSED] - delay(1): Delayed 1 second(s)

2022-01-02 15:30:15 - [MESSAGE][PASSED] - Delayed 1 second(s)

2022-01-02 15:30:15 - [TEST_STEP][PASSED] - for ([i = 0, i < 1, (i++)]): Delayed 3 second(s)

2022-01-02 15:30:15 - [TEST_STEP][PASSED] - if (tab == "summary"): Delayed 3 second(s)

2022-01-02 15:30:15 - [TEST_STEP][PASSED] - idr = PORT_BtnIDR: null

2022-01-02 15:30:15 - [TEST_STEP][PASSED] - persen = PORT_BtnPersen: null

2022-01-02 15:30:15 - [TEST_STEP][PASSED] - if (action == "summary"): null

2022-01-02 15:30:15 - [TEST_STEP][PASSED] - else if (action == "perf_daily"): null

2022-01-02 15:30:15 - [TEST_STEP][PASSED] - else if (action == "perf_month"): Tapped on element 'Object Repository/Mobile/Page/Portfolio/Tab - Summary Month to Date'

2022-01-02 15:30:15 - [TEST_STEP][PASSED] - scroll.scroll.scrollScreenBottomToTop(): scroll.scroll.scrollScreenBottomToTop is PASSED

2022-01-02 15:30:16 - [MESSAGE][PASSED] - Current device physical height is 1423

2022-01-02 15:30:16 - [MESSAGE][PASSED] - Current device physical width is 720

2022-01-02 15:30:17 - [MESSAGE][PASSED] - Swiped from 360,1,138 to 360,284

2022-01-02 15:30:17 - [MESSAGE][PASSED] - scroll.scroll.scrollScreenBottomToTop is PASSED

2022-01-02 15:30:17 - [TEST_STEP][PASSED] - delay(1): Delayed 1 second(s)

2022-01-02 15:30:18 - [MESSAGE][PASSED] - Delayed 1 second(s)

2022-01-02 15:30:18 - [TEST_STEP][PASSED] - tap(PORT_TabSummaryMonth, 0): Tapped on element 'Object Repository/Mobile/Page/Portfolio/Tab - Summary Month to Date'

2022-01-02 15:30:18 - [MESSAGE][WARNING] - Timeout '0' is invalid. Using default page load timeout: '60'

2022-01-02 15:30:19 - [MESSAGE][PASSED] - Tapped on element 'Object Repository/Mobile/Page/Portfolio/Tab - Summary Month to Date'

2022-01-02 15:30:19 - [TEST_STEP][PASSED] - if (action != "summary"): Delayed 3 second(s)

2022-01-02 15:30:19 - [TEST_STEP][PASSED] - delay(1): Delayed 1 second(s)

2022-01-02 15:30:20 - [MESSAGE][PASSED] - Delayed 1 second(s)

2022-01-02 15:30:20 - [TEST_STEP][PASSED] - scroll.scroll.scrollScreenBottomToTop(): scroll.scroll.scrollScreenBottomToTop is PASSED

2022-01-02 15:30:20 - [MESSAGE][PASSED] - Current device physical height is 1423

2022-01-02 15:30:20 - [MESSAGE][PASSED] - Current device physical width is 720

2022-01-02 15:30:21 - [MESSAGE][PASSED] - Swiped from 360,1,138 to 360,284

2022-01-02 15:30:21 - [MESSAGE][PASSED] - scroll.scroll.scrollScreenBottomToTop is PASSED

2022-01-02 15:30:21 - [TEST_STEP][PASSED] - delay(3): Delayed 3 second(s)

2022-01-02 15:30:24 - [MESSAGE][PASSED] - Delayed 3 second(s)

2022-01-02 15:30:24 - [TEST_STEP][PASSED] - if (action2 == "idr"): Delayed 3 second(s)

2022-01-02 15:30:24 - [TEST_STEP][PASSED] - tap(idr, 10): Tapped on element 'Object Repository/Mobile/Page/Portfolio/Button - IDR'

2022-01-02 15:30:25 - [MESSAGE][PASSED] - Tapped on element 'Object Repository/Mobile/Page/Portfolio/Button - IDR'

2022-01-02 15:30:25 - [TEST_STEP][PASSED] - delay(3): Delayed 3 second(s)

2022-01-02 15:30:28 - [MESSAGE][PASSED] - Delayed 3 second(s)

2022-01-02 15:30:28 - [MESSAGE][PASSED] - Call Test Case 'Test Cases/Mobile/Page/Portfolio/Portfolio' successfully

2022-01-02 15:30:28 - [TEST_STEP][PASSED] - callTestCase(findTestCase("Mobile/Page/Run App/Terminate App"), [:], STOP_ON_FAILURE): Call Test Case 'Test Cases/Mobile/Page/Run App/Terminate App' successfully

2022-01-02 15:30:28 - [TEST_CASE][PASSED] - Test Cases/Mobile/Page/Run App/Terminate App: Test Cases/Mobile/Page/Run App/Terminate App

2022-01-02 15:30:28 - [TEST_STEP][PASSED] - startApp.OpenApp.terminateApplication(): startApp.OpenApp.terminateApplication is PASSED

2022-01-02 15:30:31 - [MESSAGE][PASSED] - Delayed 3 second(s)

2022-01-02 15:30:32 - [MESSAGE][PASSED] - Current device physical width is 720

2022-01-02 15:30:32 - [MESSAGE][PASSED] - Current device physical height is 1423

2022-01-02 15:30:33 - [MESSAGE][PASSED] - Swiped from 360,853 to 360,142

2022-01-02 15:30:34 - [MESSAGE][PASSED] - Delayed 1 second(s)

2022-01-02 15:30:35 - [MESSAGE][PASSED] - Swiped from 360,853 to 360,142

2022-01-02 15:30:38 - [MESSAGE][PASSED] - Delayed 3 second(s)

2022-01-02 15:30:38 - [MESSAGE][PASSED] - startApp.OpenApp.terminateApplication is PASSED

2022-01-02 15:30:38 - [MESSAGE][PASSED] - Call Test Case 'Test Cases/Mobile/Page/Run App/Terminate App' successfully]]></system-out>
         <system-err><![CDATA[]]></system-err>
      </testcase>
      <testcase name="Test Cases/Mobile/Scenario/Portfolio/004 - Portfolio Performance Quarter to Date IDR" time="61.482" classname="Test Cases/Mobile/Scenario/Portfolio/004 - Portfolio Performance Quarter to Date IDR" status="PASSED">
         <system-out><![CDATA[2022-01-02 15:30:38 - [TEST_CASE][PASSED] - Test Cases/Mobile/Scenario/Portfolio/004 - Portfolio Performance Quarter to Date IDR: Test Cases/Mobile/Scenario/Portfolio/004 - Portfolio Performance Quarter to Date IDR

2022-01-02 15:30:39 - [TEST_STEP][PASSED] - callTestCase(findTestCase("Mobile/Page/Run App/Run App byID"), [:], STOP_ON_FAILURE): Call Test Case 'Test Cases/Mobile/Page/Run App/Run App byID' successfully

2022-01-02 15:30:39 - [TEST_CASE][PASSED] - Test Cases/Mobile/Page/Run App/Run App byID: Test Cases/Mobile/Page/Run App/Run App byID

2022-01-02 15:30:39 - [TEST_STEP][PASSED] - startApp.OpenApp.startApplication("id.co.miraeasset.sageclub"): startApp.OpenApp.startApplication is PASSED

2022-01-02 15:30:51 - [MESSAGE][PASSED] - Starting app with application ID: 'id.co.miraeasset.sageclub'

2022-01-02 15:30:51 - [MESSAGE][PASSED] - startApp.OpenApp.startApplication is PASSED

2022-01-02 15:30:51 - [MESSAGE][PASSED] - Call Test Case 'Test Cases/Mobile/Page/Run App/Run App byID' successfully

2022-01-02 15:30:51 - [TEST_STEP][PASSED] - callTestCase(findTestCase("Mobile/Page/Portfolio/Portfolio"), ["tab":"summary", "action":"perf_quarter", "action2":"idr"], CONTINUE_ON_FAILURE): Call Test Case 'Test Cases/Mobile/Page/Portfolio/Portfolio' successfully

2022-01-02 15:30:52 - [TEST_CASE][PASSED] - Test Cases/Mobile/Page/Portfolio/Portfolio: Test Cases/Mobile/Page/Portfolio/Portfolio

2022-01-02 15:30:52 - [TEST_STEP][PASSED] - callTestCase(findTestCase("Mobile/Page/CheckLogin"), [:], CONTINUE_ON_FAILURE): Call Test Case 'Test Cases/Mobile/Page/CheckLogin' successfully

2022-01-02 15:30:52 - [TEST_CASE][PASSED] - Test Cases/Mobile/Page/CheckLogin: Test Cases/Mobile/Page/CheckLogin

2022-01-02 15:30:52 - [TEST_STEP][PASSED] - loginCheck = verifyElementExist(LOGN_BtnLogin, 5, CONTINUE_ON_FAILURE): Element 'Object Repository/Mobile/Page/Login/Button - Login' is exist

2022-01-02 15:30:53 - [MESSAGE][PASSED] - Element 'Object Repository/Mobile/Page/Login/Button - Login' is exist

2022-01-02 15:30:53 - [TEST_STEP][PASSED] - if (loginCheck): Call Test Case 'Test Cases/Mobile/Page/Login/Login' successfully

2022-01-02 15:30:53 - [TEST_STEP][PASSED] - callTestCase(findTestCase("Mobile/Page/Login/Login"), ["action":"username"], CONTINUE_ON_FAILURE): Call Test Case 'Test Cases/Mobile/Page/Login/Login' successfully

2022-01-02 15:30:54 - [TEST_CASE][PASSED] - Test Cases/Mobile/Page/Login/Login: Test Cases/Mobile/Page/Login/Login

2022-01-02 15:30:54 - [TEST_STEP][PASSED] - delay(2): Delayed 2 second(s)

2022-01-02 15:30:56 - [MESSAGE][PASSED] - Delayed 2 second(s)

2022-01-02 15:30:56 - [TEST_STEP][PASSED] - for ([i = 0, i < 1, (i++)]): null

2022-01-02 15:30:56 - [TEST_STEP][PASSED] - if (action == "username"): null

2022-01-02 15:30:56 - [TEST_STEP][PASSED] - tap(LOGN_EdtUserID, 0): Tapped on element 'Object Repository/Mobile/Page/Login/Input - UserID'

2022-01-02 15:30:56 - [MESSAGE][WARNING] - Timeout '0' is invalid. Using default page load timeout: '60'

2022-01-02 15:30:56 - [MESSAGE][PASSED] - Tapped on element 'Object Repository/Mobile/Page/Login/Input - UserID'

2022-01-02 15:30:56 - [TEST_STEP][PASSED] - delay(1): Delayed 1 second(s)

2022-01-02 15:30:57 - [MESSAGE][PASSED] - Delayed 1 second(s)

2022-01-02 15:30:57 - [TEST_STEP][PASSED] - setText(LOGN_EdtRdyUserID, "anggaaditya", 0): Text 'anggaaditya' has been set to element 'Object Repository/Mobile/Page/Login/Input Rdy - UserID'

2022-01-02 15:30:57 - [MESSAGE][WARNING] - Timeout '0' is invalid. Using default page load timeout: '60'

2022-01-02 15:30:58 - [MESSAGE][PASSED] - Text 'anggaaditya' has been set to element 'Object Repository/Mobile/Page/Login/Input Rdy - UserID'

2022-01-02 15:30:58 - [TEST_STEP][PASSED] - delay(1): Delayed 1 second(s)

2022-01-02 15:30:59 - [MESSAGE][PASSED] - Delayed 1 second(s)

2022-01-02 15:30:59 - [TEST_STEP][PASSED] - hideKeyboard(): Keyboard is hidden

2022-01-02 15:31:03 - [MESSAGE][PASSED] - Keyboard is hidden

2022-01-02 15:31:03 - [TEST_STEP][PASSED] - tap(LOGN_EdtPassword, 0): Tapped on element 'Object Repository/Mobile/Page/Login/Input - Password'

2022-01-02 15:31:03 - [MESSAGE][WARNING] - Timeout '0' is invalid. Using default page load timeout: '60'

2022-01-02 15:31:03 - [MESSAGE][PASSED] - Tapped on element 'Object Repository/Mobile/Page/Login/Input - Password'

2022-01-02 15:31:03 - [TEST_STEP][PASSED] - delay(1): Delayed 1 second(s)

2022-01-02 15:31:04 - [MESSAGE][PASSED] - Delayed 1 second(s)

2022-01-02 15:31:04 - [TEST_STEP][PASSED] - setText(LOGN_EdtRdyPassword, "Shalawa18", 0): Text 'Shalawa18' has been set to element 'Object Repository/Mobile/Page/Login/Input Rdy - Password'

2022-01-02 15:31:04 - [MESSAGE][WARNING] - Timeout '0' is invalid. Using default page load timeout: '60'

2022-01-02 15:31:05 - [MESSAGE][PASSED] - Text 'Shalawa18' has been set to element 'Object Repository/Mobile/Page/Login/Input Rdy - Password'

2022-01-02 15:31:05 - [TEST_STEP][PASSED] - delay(1): Delayed 1 second(s)

2022-01-02 15:31:06 - [MESSAGE][PASSED] - Delayed 1 second(s)

2022-01-02 15:31:06 - [TEST_STEP][PASSED] - hideKeyboard(): Keyboard is hidden

2022-01-02 15:31:12 - [MESSAGE][PASSED] - Keyboard is hidden

2022-01-02 15:31:12 - [TEST_STEP][PASSED] - tap(LOGN_BtnLogin, 0): Tapped on element 'Object Repository/Mobile/Page/Login/Button - Login'

2022-01-02 15:31:12 - [MESSAGE][WARNING] - Timeout '0' is invalid. Using default page load timeout: '60'

2022-01-02 15:31:13 - [MESSAGE][PASSED] - Tapped on element 'Object Repository/Mobile/Page/Login/Button - Login'

2022-01-02 15:31:13 - [TEST_STEP][PASSED] - delay(2): Delayed 2 second(s)

2022-01-02 15:31:15 - [MESSAGE][PASSED] - Delayed 2 second(s)

2022-01-02 15:31:15 - [TEST_STEP][PASSED] - break: null

2022-01-02 15:31:15 - [MESSAGE][PASSED] - Call Test Case 'Test Cases/Mobile/Page/Login/Login' successfully

2022-01-02 15:31:15 - [MESSAGE][PASSED] - Call Test Case 'Test Cases/Mobile/Page/CheckLogin' successfully

2022-01-02 15:31:15 - [TEST_STEP][PASSED] - tap(HOME_MenubarPortfolio, 0): Tapped on element 'Object Repository/Mobile/Page/Home/Menubar - Portfolio'

2022-01-02 15:31:15 - [MESSAGE][WARNING] - Timeout '0' is invalid. Using default page load timeout: '60'

2022-01-02 15:31:16 - [MESSAGE][PASSED] - Tapped on element 'Object Repository/Mobile/Page/Home/Menubar - Portfolio'

2022-01-02 15:31:16 - [TEST_STEP][PASSED] - delay(1): Delayed 1 second(s)

2022-01-02 15:31:17 - [MESSAGE][PASSED] - Delayed 1 second(s)

2022-01-02 15:31:17 - [TEST_STEP][PASSED] - for ([i = 0, i < 1, (i++)]): Delayed 3 second(s)

2022-01-02 15:31:17 - [TEST_STEP][PASSED] - if (tab == "summary"): Delayed 3 second(s)

2022-01-02 15:31:17 - [TEST_STEP][PASSED] - idr = PORT_BtnIDR: null

2022-01-02 15:31:17 - [TEST_STEP][PASSED] - persen = PORT_BtnPersen: null

2022-01-02 15:31:17 - [TEST_STEP][PASSED] - if (action == "summary"): null

2022-01-02 15:31:17 - [TEST_STEP][PASSED] - else if (action == "perf_daily"): null

2022-01-02 15:31:17 - [TEST_STEP][PASSED] - else if (action == "perf_month"): null

2022-01-02 15:31:17 - [TEST_STEP][PASSED] - else if (action == "perf_quarter"): Tapped on element 'Object Repository/Mobile/Page/Portfolio/Tab - Summary Quarter to Date'

2022-01-02 15:31:17 - [TEST_STEP][PASSED] - scroll.scroll.scrollScreenBottomToTop(): scroll.scroll.scrollScreenBottomToTop is PASSED

2022-01-02 15:31:17 - [MESSAGE][PASSED] - Current device physical height is 1423

2022-01-02 15:31:17 - [MESSAGE][PASSED] - Current device physical width is 720

2022-01-02 15:31:19 - [MESSAGE][PASSED] - Swiped from 360,1,138 to 360,284

2022-01-02 15:31:19 - [MESSAGE][PASSED] - scroll.scroll.scrollScreenBottomToTop is PASSED

2022-01-02 15:31:19 - [TEST_STEP][PASSED] - delay(1): Delayed 1 second(s)

2022-01-02 15:31:20 - [MESSAGE][PASSED] - Delayed 1 second(s)

2022-01-02 15:31:20 - [TEST_STEP][PASSED] - tap(PORT_TabSummaryQuarter, 0): Tapped on element 'Object Repository/Mobile/Page/Portfolio/Tab - Summary Quarter to Date'

2022-01-02 15:31:20 - [MESSAGE][WARNING] - Timeout '0' is invalid. Using default page load timeout: '60'

2022-01-02 15:31:20 - [MESSAGE][PASSED] - Tapped on element 'Object Repository/Mobile/Page/Portfolio/Tab - Summary Quarter to Date'

2022-01-02 15:31:20 - [TEST_STEP][PASSED] - if (action != "summary"): Delayed 3 second(s)

2022-01-02 15:31:20 - [TEST_STEP][PASSED] - delay(1): Delayed 1 second(s)

2022-01-02 15:31:21 - [MESSAGE][PASSED] - Delayed 1 second(s)

2022-01-02 15:31:21 - [TEST_STEP][PASSED] - scroll.scroll.scrollScreenBottomToTop(): scroll.scroll.scrollScreenBottomToTop is PASSED

2022-01-02 15:31:21 - [MESSAGE][PASSED] - Current device physical height is 1423

2022-01-02 15:31:22 - [MESSAGE][PASSED] - Current device physical width is 720

2022-01-02 15:31:23 - [MESSAGE][PASSED] - Swiped from 360,1,138 to 360,284

2022-01-02 15:31:23 - [MESSAGE][PASSED] - scroll.scroll.scrollScreenBottomToTop is PASSED

2022-01-02 15:31:23 - [TEST_STEP][PASSED] - delay(3): Delayed 3 second(s)

2022-01-02 15:31:26 - [MESSAGE][PASSED] - Delayed 3 second(s)

2022-01-02 15:31:26 - [TEST_STEP][PASSED] - if (action2 == "idr"): Delayed 3 second(s)

2022-01-02 15:31:26 - [TEST_STEP][PASSED] - tap(idr, 10): Tapped on element 'Object Repository/Mobile/Page/Portfolio/Button - IDR'

2022-01-02 15:31:26 - [MESSAGE][PASSED] - Tapped on element 'Object Repository/Mobile/Page/Portfolio/Button - IDR'

2022-01-02 15:31:26 - [TEST_STEP][PASSED] - delay(3): Delayed 3 second(s)

2022-01-02 15:31:29 - [MESSAGE][PASSED] - Delayed 3 second(s)

2022-01-02 15:31:29 - [MESSAGE][PASSED] - Call Test Case 'Test Cases/Mobile/Page/Portfolio/Portfolio' successfully

2022-01-02 15:31:29 - [TEST_STEP][PASSED] - callTestCase(findTestCase("Mobile/Page/Run App/Terminate App"), [:], STOP_ON_FAILURE): Call Test Case 'Test Cases/Mobile/Page/Run App/Terminate App' successfully

2022-01-02 15:31:29 - [TEST_CASE][PASSED] - Test Cases/Mobile/Page/Run App/Terminate App: Test Cases/Mobile/Page/Run App/Terminate App

2022-01-02 15:31:29 - [TEST_STEP][PASSED] - startApp.OpenApp.terminateApplication(): startApp.OpenApp.terminateApplication is PASSED

2022-01-02 15:31:33 - [MESSAGE][PASSED] - Delayed 3 second(s)

2022-01-02 15:31:33 - [MESSAGE][PASSED] - Current device physical width is 720

2022-01-02 15:31:33 - [MESSAGE][PASSED] - Current device physical height is 1423

2022-01-02 15:31:35 - [MESSAGE][PASSED] - Swiped from 360,853 to 360,142

2022-01-02 15:31:36 - [MESSAGE][PASSED] - Delayed 1 second(s)

2022-01-02 15:31:37 - [MESSAGE][PASSED] - Swiped from 360,853 to 360,142

2022-01-02 15:31:40 - [MESSAGE][PASSED] - Delayed 3 second(s)

2022-01-02 15:31:40 - [MESSAGE][PASSED] - startApp.OpenApp.terminateApplication is PASSED

2022-01-02 15:31:40 - [MESSAGE][PASSED] - Call Test Case 'Test Cases/Mobile/Page/Run App/Terminate App' successfully]]></system-out>
         <system-err><![CDATA[]]></system-err>
      </testcase>
      <testcase name="Test Cases/Mobile/Scenario/Portfolio/005 - Portfolio Performance Year to Date IDR" time="59.961" classname="Test Cases/Mobile/Scenario/Portfolio/005 - Portfolio Performance Year to Date IDR" status="PASSED">
         <system-out><![CDATA[2022-01-02 15:31:40 - [TEST_CASE][PASSED] - Test Cases/Mobile/Scenario/Portfolio/005 - Portfolio Performance Year to Date IDR: Test Cases/Mobile/Scenario/Portfolio/005 - Portfolio Performance Year to Date IDR

2022-01-02 15:31:40 - [TEST_STEP][PASSED] - callTestCase(findTestCase("Mobile/Page/Run App/Run App byID"), [:], STOP_ON_FAILURE): Call Test Case 'Test Cases/Mobile/Page/Run App/Run App byID' successfully

2022-01-02 15:31:40 - [TEST_CASE][PASSED] - Test Cases/Mobile/Page/Run App/Run App byID: Test Cases/Mobile/Page/Run App/Run App byID

2022-01-02 15:31:40 - [TEST_STEP][PASSED] - startApp.OpenApp.startApplication("id.co.miraeasset.sageclub"): startApp.OpenApp.startApplication is PASSED

2022-01-02 15:31:53 - [MESSAGE][PASSED] - Starting app with application ID: 'id.co.miraeasset.sageclub'

2022-01-02 15:31:53 - [MESSAGE][PASSED] - startApp.OpenApp.startApplication is PASSED

2022-01-02 15:31:53 - [MESSAGE][PASSED] - Call Test Case 'Test Cases/Mobile/Page/Run App/Run App byID' successfully

2022-01-02 15:31:53 - [TEST_STEP][PASSED] - callTestCase(findTestCase("Mobile/Page/Portfolio/Portfolio"), ["tab":"summary", "action":"perf_year", "action2":"idr"], CONTINUE_ON_FAILURE): Call Test Case 'Test Cases/Mobile/Page/Portfolio/Portfolio' successfully

2022-01-02 15:31:53 - [TEST_CASE][PASSED] - Test Cases/Mobile/Page/Portfolio/Portfolio: Test Cases/Mobile/Page/Portfolio/Portfolio

2022-01-02 15:31:53 - [TEST_STEP][PASSED] - callTestCase(findTestCase("Mobile/Page/CheckLogin"), [:], CONTINUE_ON_FAILURE): Call Test Case 'Test Cases/Mobile/Page/CheckLogin' successfully

2022-01-02 15:31:53 - [TEST_CASE][PASSED] - Test Cases/Mobile/Page/CheckLogin: Test Cases/Mobile/Page/CheckLogin

2022-01-02 15:31:53 - [TEST_STEP][PASSED] - loginCheck = verifyElementExist(LOGN_BtnLogin, 5, CONTINUE_ON_FAILURE): Element 'Object Repository/Mobile/Page/Login/Button - Login' is exist

2022-01-02 15:31:54 - [MESSAGE][PASSED] - Element 'Object Repository/Mobile/Page/Login/Button - Login' is exist

2022-01-02 15:31:54 - [TEST_STEP][PASSED] - if (loginCheck): Call Test Case 'Test Cases/Mobile/Page/Login/Login' successfully

2022-01-02 15:31:54 - [TEST_STEP][PASSED] - callTestCase(findTestCase("Mobile/Page/Login/Login"), ["action":"username"], CONTINUE_ON_FAILURE): Call Test Case 'Test Cases/Mobile/Page/Login/Login' successfully

2022-01-02 15:31:54 - [TEST_CASE][PASSED] - Test Cases/Mobile/Page/Login/Login: Test Cases/Mobile/Page/Login/Login

2022-01-02 15:31:55 - [TEST_STEP][PASSED] - delay(2): Delayed 2 second(s)

2022-01-02 15:31:57 - [MESSAGE][PASSED] - Delayed 2 second(s)

2022-01-02 15:31:57 - [TEST_STEP][PASSED] - for ([i = 0, i < 1, (i++)]): null

2022-01-02 15:31:57 - [TEST_STEP][PASSED] - if (action == "username"): null

2022-01-02 15:31:57 - [TEST_STEP][PASSED] - tap(LOGN_EdtUserID, 0): Tapped on element 'Object Repository/Mobile/Page/Login/Input - UserID'

2022-01-02 15:31:57 - [MESSAGE][WARNING] - Timeout '0' is invalid. Using default page load timeout: '60'

2022-01-02 15:31:57 - [MESSAGE][PASSED] - Tapped on element 'Object Repository/Mobile/Page/Login/Input - UserID'

2022-01-02 15:31:57 - [TEST_STEP][PASSED] - delay(1): Delayed 1 second(s)

2022-01-02 15:31:58 - [MESSAGE][PASSED] - Delayed 1 second(s)

2022-01-02 15:31:58 - [TEST_STEP][PASSED] - setText(LOGN_EdtRdyUserID, "anggaaditya", 0): Text 'anggaaditya' has been set to element 'Object Repository/Mobile/Page/Login/Input Rdy - UserID'

2022-01-02 15:31:58 - [MESSAGE][WARNING] - Timeout '0' is invalid. Using default page load timeout: '60'

2022-01-02 15:31:59 - [MESSAGE][PASSED] - Text 'anggaaditya' has been set to element 'Object Repository/Mobile/Page/Login/Input Rdy - UserID'

2022-01-02 15:31:59 - [TEST_STEP][PASSED] - delay(1): Delayed 1 second(s)

2022-01-02 15:32:00 - [MESSAGE][PASSED] - Delayed 1 second(s)

2022-01-02 15:32:00 - [TEST_STEP][PASSED] - hideKeyboard(): Keyboard is hidden

2022-01-02 15:32:03 - [MESSAGE][PASSED] - Keyboard is hidden

2022-01-02 15:32:03 - [TEST_STEP][PASSED] - tap(LOGN_EdtPassword, 0): Tapped on element 'Object Repository/Mobile/Page/Login/Input - Password'

2022-01-02 15:32:03 - [MESSAGE][WARNING] - Timeout '0' is invalid. Using default page load timeout: '60'

2022-01-02 15:32:04 - [MESSAGE][PASSED] - Tapped on element 'Object Repository/Mobile/Page/Login/Input - Password'

2022-01-02 15:32:04 - [TEST_STEP][PASSED] - delay(1): Delayed 1 second(s)

2022-01-02 15:32:05 - [MESSAGE][PASSED] - Delayed 1 second(s)

2022-01-02 15:32:05 - [TEST_STEP][PASSED] - setText(LOGN_EdtRdyPassword, "Shalawa18", 0): Text 'Shalawa18' has been set to element 'Object Repository/Mobile/Page/Login/Input Rdy - Password'

2022-01-02 15:32:05 - [MESSAGE][WARNING] - Timeout '0' is invalid. Using default page load timeout: '60'

2022-01-02 15:32:05 - [MESSAGE][PASSED] - Text 'Shalawa18' has been set to element 'Object Repository/Mobile/Page/Login/Input Rdy - Password'

2022-01-02 15:32:05 - [TEST_STEP][PASSED] - delay(1): Delayed 1 second(s)

2022-01-02 15:32:06 - [MESSAGE][PASSED] - Delayed 1 second(s)

2022-01-02 15:32:06 - [TEST_STEP][PASSED] - hideKeyboard(): Keyboard is hidden

2022-01-02 15:32:12 - [MESSAGE][PASSED] - Keyboard is hidden

2022-01-02 15:32:12 - [TEST_STEP][PASSED] - tap(LOGN_BtnLogin, 0): Tapped on element 'Object Repository/Mobile/Page/Login/Button - Login'

2022-01-02 15:32:12 - [MESSAGE][WARNING] - Timeout '0' is invalid. Using default page load timeout: '60'

2022-01-02 15:32:13 - [MESSAGE][PASSED] - Tapped on element 'Object Repository/Mobile/Page/Login/Button - Login'

2022-01-02 15:32:13 - [TEST_STEP][PASSED] - delay(2): Delayed 2 second(s)

2022-01-02 15:32:15 - [MESSAGE][PASSED] - Delayed 2 second(s)

2022-01-02 15:32:15 - [TEST_STEP][PASSED] - break: null

2022-01-02 15:32:15 - [MESSAGE][PASSED] - Call Test Case 'Test Cases/Mobile/Page/Login/Login' successfully

2022-01-02 15:32:15 - [MESSAGE][PASSED] - Call Test Case 'Test Cases/Mobile/Page/CheckLogin' successfully

2022-01-02 15:32:15 - [TEST_STEP][PASSED] - tap(HOME_MenubarPortfolio, 0): Tapped on element 'Object Repository/Mobile/Page/Home/Menubar - Portfolio'

2022-01-02 15:32:15 - [MESSAGE][WARNING] - Timeout '0' is invalid. Using default page load timeout: '60'

2022-01-02 15:32:16 - [MESSAGE][PASSED] - Tapped on element 'Object Repository/Mobile/Page/Home/Menubar - Portfolio'

2022-01-02 15:32:16 - [TEST_STEP][PASSED] - delay(1): Delayed 1 second(s)

2022-01-02 15:32:17 - [MESSAGE][PASSED] - Delayed 1 second(s)

2022-01-02 15:32:17 - [TEST_STEP][PASSED] - for ([i = 0, i < 1, (i++)]): Delayed 3 second(s)

2022-01-02 15:32:17 - [TEST_STEP][PASSED] - if (tab == "summary"): Delayed 3 second(s)

2022-01-02 15:32:17 - [TEST_STEP][PASSED] - idr = PORT_BtnIDR: null

2022-01-02 15:32:17 - [TEST_STEP][PASSED] - persen = PORT_BtnPersen: null

2022-01-02 15:32:17 - [TEST_STEP][PASSED] - if (action == "summary"): null

2022-01-02 15:32:17 - [TEST_STEP][PASSED] - else if (action == "perf_daily"): null

2022-01-02 15:32:17 - [TEST_STEP][PASSED] - else if (action == "perf_month"): null

2022-01-02 15:32:17 - [TEST_STEP][PASSED] - else if (action == "perf_quarter"): null

2022-01-02 15:32:17 - [TEST_STEP][PASSED] - else if (action == "perf_year"): Tapped on element 'Object Repository/Mobile/Page/Portfolio/Tab - Summary Year to Date'

2022-01-02 15:32:17 - [TEST_STEP][PASSED] - scroll.scroll.scrollScreenBottomToTop(): scroll.scroll.scrollScreenBottomToTop is PASSED

2022-01-02 15:32:17 - [MESSAGE][PASSED] - Current device physical height is 1423

2022-01-02 15:32:18 - [MESSAGE][PASSED] - Current device physical width is 720

2022-01-02 15:32:19 - [MESSAGE][PASSED] - Swiped from 360,1,138 to 360,284

2022-01-02 15:32:19 - [MESSAGE][PASSED] - scroll.scroll.scrollScreenBottomToTop is PASSED

2022-01-02 15:32:19 - [TEST_STEP][PASSED] - delay(1): Delayed 1 second(s)

2022-01-02 15:32:20 - [MESSAGE][PASSED] - Delayed 1 second(s)

2022-01-02 15:32:20 - [TEST_STEP][PASSED] - tap(PORT_TabSummaryYear, 0): Tapped on element 'Object Repository/Mobile/Page/Portfolio/Tab - Summary Year to Date'

2022-01-02 15:32:20 - [MESSAGE][WARNING] - Timeout '0' is invalid. Using default page load timeout: '60'

2022-01-02 15:32:20 - [MESSAGE][PASSED] - Tapped on element 'Object Repository/Mobile/Page/Portfolio/Tab - Summary Year to Date'

2022-01-02 15:32:20 - [TEST_STEP][PASSED] - if (action != "summary"): Delayed 3 second(s)

2022-01-02 15:32:20 - [TEST_STEP][PASSED] - delay(1): Delayed 1 second(s)

2022-01-02 15:32:21 - [MESSAGE][PASSED] - Delayed 1 second(s)

2022-01-02 15:32:21 - [TEST_STEP][PASSED] - scroll.scroll.scrollScreenBottomToTop(): scroll.scroll.scrollScreenBottomToTop is PASSED

2022-01-02 15:32:22 - [MESSAGE][PASSED] - Current device physical height is 1423

2022-01-02 15:32:22 - [MESSAGE][PASSED] - Current device physical width is 720

2022-01-02 15:32:23 - [MESSAGE][PASSED] - Swiped from 360,1,138 to 360,284

2022-01-02 15:32:23 - [MESSAGE][PASSED] - scroll.scroll.scrollScreenBottomToTop is PASSED

2022-01-02 15:32:23 - [TEST_STEP][PASSED] - delay(3): Delayed 3 second(s)

2022-01-02 15:32:26 - [MESSAGE][PASSED] - Delayed 3 second(s)

2022-01-02 15:32:26 - [TEST_STEP][PASSED] - if (action2 == "idr"): Delayed 3 second(s)

2022-01-02 15:32:26 - [TEST_STEP][PASSED] - tap(idr, 10): Tapped on element 'Object Repository/Mobile/Page/Portfolio/Button - IDR'

2022-01-02 15:32:27 - [MESSAGE][PASSED] - Tapped on element 'Object Repository/Mobile/Page/Portfolio/Button - IDR'

2022-01-02 15:32:27 - [TEST_STEP][PASSED] - delay(3): Delayed 3 second(s)

2022-01-02 15:32:30 - [MESSAGE][PASSED] - Delayed 3 second(s)

2022-01-02 15:32:30 - [MESSAGE][PASSED] - Call Test Case 'Test Cases/Mobile/Page/Portfolio/Portfolio' successfully

2022-01-02 15:32:30 - [TEST_STEP][PASSED] - callTestCase(findTestCase("Mobile/Page/Run App/Terminate App"), [:], STOP_ON_FAILURE): Call Test Case 'Test Cases/Mobile/Page/Run App/Terminate App' successfully

2022-01-02 15:32:30 - [TEST_CASE][PASSED] - Test Cases/Mobile/Page/Run App/Terminate App: Test Cases/Mobile/Page/Run App/Terminate App

2022-01-02 15:32:30 - [TEST_STEP][PASSED] - startApp.OpenApp.terminateApplication(): startApp.OpenApp.terminateApplication is PASSED

2022-01-02 15:32:33 - [MESSAGE][PASSED] - Delayed 3 second(s)

2022-01-02 15:32:33 - [MESSAGE][PASSED] - Current device physical width is 720

2022-01-02 15:32:33 - [MESSAGE][PASSED] - Current device physical height is 1423

2022-01-02 15:32:35 - [MESSAGE][PASSED] - Swiped from 360,853 to 360,142

2022-01-02 15:32:36 - [MESSAGE][PASSED] - Delayed 1 second(s)

2022-01-02 15:32:37 - [MESSAGE][PASSED] - Swiped from 360,853 to 360,142

2022-01-02 15:32:40 - [MESSAGE][PASSED] - Delayed 3 second(s)

2022-01-02 15:32:40 - [MESSAGE][PASSED] - startApp.OpenApp.terminateApplication is PASSED

2022-01-02 15:32:40 - [MESSAGE][PASSED] - Call Test Case 'Test Cases/Mobile/Page/Run App/Terminate App' successfully]]></system-out>
         <system-err><![CDATA[]]></system-err>
      </testcase>
      <testcase name="Test Cases/Mobile/Scenario/Portfolio/006 - Portfolio Performance Daily Persen" time="58.735" classname="Test Cases/Mobile/Scenario/Portfolio/006 - Portfolio Performance Daily Persen" status="PASSED">
         <system-out><![CDATA[2022-01-02 15:32:40 - [TEST_CASE][PASSED] - Test Cases/Mobile/Scenario/Portfolio/006 - Portfolio Performance Daily Persen: Test Cases/Mobile/Scenario/Portfolio/006 - Portfolio Performance Daily Persen

2022-01-02 15:32:40 - [TEST_STEP][PASSED] - callTestCase(findTestCase("Mobile/Page/Run App/Run App byID"), [:], STOP_ON_FAILURE): Call Test Case 'Test Cases/Mobile/Page/Run App/Run App byID' successfully

2022-01-02 15:32:40 - [TEST_CASE][PASSED] - Test Cases/Mobile/Page/Run App/Run App byID: Test Cases/Mobile/Page/Run App/Run App byID

2022-01-02 15:32:40 - [TEST_STEP][PASSED] - startApp.OpenApp.startApplication("id.co.miraeasset.sageclub"): startApp.OpenApp.startApplication is PASSED

2022-01-02 15:32:53 - [MESSAGE][PASSED] - Starting app with application ID: 'id.co.miraeasset.sageclub'

2022-01-02 15:32:53 - [MESSAGE][PASSED] - startApp.OpenApp.startApplication is PASSED

2022-01-02 15:32:53 - [MESSAGE][PASSED] - Call Test Case 'Test Cases/Mobile/Page/Run App/Run App byID' successfully

2022-01-02 15:32:53 - [TEST_STEP][PASSED] - callTestCase(findTestCase("Mobile/Page/Portfolio/Portfolio"), ["tab":"summary", "action":"perf_daily", "action2":"persen"], CONTINUE_ON_FAILURE): Call Test Case 'Test Cases/Mobile/Page/Portfolio/Portfolio' successfully

2022-01-02 15:32:53 - [TEST_CASE][PASSED] - Test Cases/Mobile/Page/Portfolio/Portfolio: Test Cases/Mobile/Page/Portfolio/Portfolio

2022-01-02 15:32:53 - [TEST_STEP][PASSED] - callTestCase(findTestCase("Mobile/Page/CheckLogin"), [:], CONTINUE_ON_FAILURE): Call Test Case 'Test Cases/Mobile/Page/CheckLogin' successfully

2022-01-02 15:32:53 - [TEST_CASE][PASSED] - Test Cases/Mobile/Page/CheckLogin: Test Cases/Mobile/Page/CheckLogin

2022-01-02 15:32:53 - [TEST_STEP][PASSED] - loginCheck = verifyElementExist(LOGN_BtnLogin, 5, CONTINUE_ON_FAILURE): Element 'Object Repository/Mobile/Page/Login/Button - Login' is exist

2022-01-02 15:32:55 - [MESSAGE][PASSED] - Element 'Object Repository/Mobile/Page/Login/Button - Login' is exist

2022-01-02 15:32:55 - [TEST_STEP][PASSED] - if (loginCheck): Call Test Case 'Test Cases/Mobile/Page/Login/Login' successfully

2022-01-02 15:32:55 - [TEST_STEP][PASSED] - callTestCase(findTestCase("Mobile/Page/Login/Login"), ["action":"username"], CONTINUE_ON_FAILURE): Call Test Case 'Test Cases/Mobile/Page/Login/Login' successfully

2022-01-02 15:32:55 - [TEST_CASE][PASSED] - Test Cases/Mobile/Page/Login/Login: Test Cases/Mobile/Page/Login/Login

2022-01-02 15:32:55 - [TEST_STEP][PASSED] - delay(2): Delayed 2 second(s)

2022-01-02 15:32:57 - [MESSAGE][PASSED] - Delayed 2 second(s)

2022-01-02 15:32:57 - [TEST_STEP][PASSED] - for ([i = 0, i < 1, (i++)]): null

2022-01-02 15:32:57 - [TEST_STEP][PASSED] - if (action == "username"): null

2022-01-02 15:32:57 - [TEST_STEP][PASSED] - tap(LOGN_EdtUserID, 0): Tapped on element 'Object Repository/Mobile/Page/Login/Input - UserID'

2022-01-02 15:32:57 - [MESSAGE][WARNING] - Timeout '0' is invalid. Using default page load timeout: '60'

2022-01-02 15:32:57 - [MESSAGE][PASSED] - Tapped on element 'Object Repository/Mobile/Page/Login/Input - UserID'

2022-01-02 15:32:57 - [TEST_STEP][PASSED] - delay(1): Delayed 1 second(s)

2022-01-02 15:32:58 - [MESSAGE][PASSED] - Delayed 1 second(s)

2022-01-02 15:32:58 - [TEST_STEP][PASSED] - setText(LOGN_EdtRdyUserID, "anggaaditya", 0): Text 'anggaaditya' has been set to element 'Object Repository/Mobile/Page/Login/Input Rdy - UserID'

2022-01-02 15:32:58 - [MESSAGE][WARNING] - Timeout '0' is invalid. Using default page load timeout: '60'

2022-01-02 15:32:59 - [MESSAGE][PASSED] - Text 'anggaaditya' has been set to element 'Object Repository/Mobile/Page/Login/Input Rdy - UserID'

2022-01-02 15:32:59 - [TEST_STEP][PASSED] - delay(1): Delayed 1 second(s)

2022-01-02 15:33:00 - [MESSAGE][PASSED] - Delayed 1 second(s)

2022-01-02 15:33:00 - [TEST_STEP][PASSED] - hideKeyboard(): Keyboard is hidden

2022-01-02 15:33:03 - [MESSAGE][PASSED] - Keyboard is hidden

2022-01-02 15:33:03 - [TEST_STEP][PASSED] - tap(LOGN_EdtPassword, 0): Tapped on element 'Object Repository/Mobile/Page/Login/Input - Password'

2022-01-02 15:33:03 - [MESSAGE][WARNING] - Timeout '0' is invalid. Using default page load timeout: '60'

2022-01-02 15:33:04 - [MESSAGE][PASSED] - Tapped on element 'Object Repository/Mobile/Page/Login/Input - Password'

2022-01-02 15:33:04 - [TEST_STEP][PASSED] - delay(1): Delayed 1 second(s)

2022-01-02 15:33:05 - [MESSAGE][PASSED] - Delayed 1 second(s)

2022-01-02 15:33:05 - [TEST_STEP][PASSED] - setText(LOGN_EdtRdyPassword, "Shalawa18", 0): Text 'Shalawa18' has been set to element 'Object Repository/Mobile/Page/Login/Input Rdy - Password'

2022-01-02 15:33:05 - [MESSAGE][WARNING] - Timeout '0' is invalid. Using default page load timeout: '60'

2022-01-02 15:33:05 - [MESSAGE][PASSED] - Text 'Shalawa18' has been set to element 'Object Repository/Mobile/Page/Login/Input Rdy - Password'

2022-01-02 15:33:05 - [TEST_STEP][PASSED] - delay(1): Delayed 1 second(s)

2022-01-02 15:33:06 - [MESSAGE][PASSED] - Delayed 1 second(s)

2022-01-02 15:33:06 - [TEST_STEP][PASSED] - hideKeyboard(): Keyboard is hidden

2022-01-02 15:33:12 - [MESSAGE][PASSED] - Keyboard is hidden

2022-01-02 15:33:12 - [TEST_STEP][PASSED] - tap(LOGN_BtnLogin, 0): Tapped on element 'Object Repository/Mobile/Page/Login/Button - Login'

2022-01-02 15:33:12 - [MESSAGE][WARNING] - Timeout '0' is invalid. Using default page load timeout: '60'

2022-01-02 15:33:13 - [MESSAGE][PASSED] - Tapped on element 'Object Repository/Mobile/Page/Login/Button - Login'

2022-01-02 15:33:13 - [TEST_STEP][PASSED] - delay(2): Delayed 2 second(s)

2022-01-02 15:33:15 - [MESSAGE][PASSED] - Delayed 2 second(s)

2022-01-02 15:33:15 - [TEST_STEP][PASSED] - break: null

2022-01-02 15:33:15 - [MESSAGE][PASSED] - Call Test Case 'Test Cases/Mobile/Page/Login/Login' successfully

2022-01-02 15:33:15 - [MESSAGE][PASSED] - Call Test Case 'Test Cases/Mobile/Page/CheckLogin' successfully

2022-01-02 15:33:15 - [TEST_STEP][PASSED] - tap(HOME_MenubarPortfolio, 0): Tapped on element 'Object Repository/Mobile/Page/Home/Menubar - Portfolio'

2022-01-02 15:33:15 - [MESSAGE][WARNING] - Timeout '0' is invalid. Using default page load timeout: '60'

2022-01-02 15:33:16 - [MESSAGE][PASSED] - Tapped on element 'Object Repository/Mobile/Page/Home/Menubar - Portfolio'

2022-01-02 15:33:16 - [TEST_STEP][PASSED] - delay(1): Delayed 1 second(s)

2022-01-02 15:33:17 - [MESSAGE][PASSED] - Delayed 1 second(s)

2022-01-02 15:33:17 - [TEST_STEP][PASSED] - for ([i = 0, i < 1, (i++)]): Delayed 3 second(s)

2022-01-02 15:33:17 - [TEST_STEP][PASSED] - if (tab == "summary"): Delayed 3 second(s)

2022-01-02 15:33:17 - [TEST_STEP][PASSED] - idr = PORT_BtnIDR: null

2022-01-02 15:33:17 - [TEST_STEP][PASSED] - persen = PORT_BtnPersen: null

2022-01-02 15:33:17 - [TEST_STEP][PASSED] - if (action == "summary"): null

2022-01-02 15:33:17 - [TEST_STEP][PASSED] - else if (action == "perf_daily"): scroll.scroll.scrollScreenBottomToTop is PASSED

2022-01-02 15:33:17 - [TEST_STEP][PASSED] - scroll.scroll.scrollScreenBottomToTop(): scroll.scroll.scrollScreenBottomToTop is PASSED

2022-01-02 15:33:18 - [MESSAGE][PASSED] - Current device physical height is 1423

2022-01-02 15:33:18 - [MESSAGE][PASSED] - Current device physical width is 720

2022-01-02 15:33:19 - [MESSAGE][PASSED] - Swiped from 360,1,138 to 360,284

2022-01-02 15:33:19 - [MESSAGE][PASSED] - scroll.scroll.scrollScreenBottomToTop is PASSED

2022-01-02 15:33:19 - [TEST_STEP][PASSED] - if (action != "summary"): Delayed 3 second(s)

2022-01-02 15:33:19 - [TEST_STEP][PASSED] - delay(1): Delayed 1 second(s)

2022-01-02 15:33:20 - [MESSAGE][PASSED] - Delayed 1 second(s)

2022-01-02 15:33:20 - [TEST_STEP][PASSED] - scroll.scroll.scrollScreenBottomToTop(): scroll.scroll.scrollScreenBottomToTop is PASSED

2022-01-02 15:33:20 - [MESSAGE][PASSED] - Current device physical height is 1423

2022-01-02 15:33:20 - [MESSAGE][PASSED] - Current device physical width is 720

2022-01-02 15:33:22 - [MESSAGE][PASSED] - Swiped from 360,1,138 to 360,284

2022-01-02 15:33:22 - [MESSAGE][PASSED] - scroll.scroll.scrollScreenBottomToTop is PASSED

2022-01-02 15:33:22 - [TEST_STEP][PASSED] - delay(3): Delayed 3 second(s)

2022-01-02 15:33:25 - [MESSAGE][PASSED] - Delayed 3 second(s)

2022-01-02 15:33:25 - [TEST_STEP][PASSED] - if (action2 == "idr"): null

2022-01-02 15:33:25 - [TEST_STEP][PASSED] - else if (action2 == "persen"): Delayed 3 second(s)

2022-01-02 15:33:25 - [TEST_STEP][PASSED] - tap(persen, 10): Tapped on element 'Object Repository/Mobile/Page/Portfolio/Button - Persen'

2022-01-02 15:33:25 - [MESSAGE][PASSED] - Tapped on element 'Object Repository/Mobile/Page/Portfolio/Button - Persen'

2022-01-02 15:33:25 - [TEST_STEP][PASSED] - delay(3): Delayed 3 second(s)

2022-01-02 15:33:28 - [MESSAGE][PASSED] - Delayed 3 second(s)

2022-01-02 15:33:28 - [MESSAGE][PASSED] - Call Test Case 'Test Cases/Mobile/Page/Portfolio/Portfolio' successfully

2022-01-02 15:33:28 - [TEST_STEP][PASSED] - callTestCase(findTestCase("Mobile/Page/Run App/Terminate App"), [:], STOP_ON_FAILURE): Call Test Case 'Test Cases/Mobile/Page/Run App/Terminate App' successfully

2022-01-02 15:33:28 - [TEST_CASE][PASSED] - Test Cases/Mobile/Page/Run App/Terminate App: Test Cases/Mobile/Page/Run App/Terminate App

2022-01-02 15:33:28 - [TEST_STEP][PASSED] - startApp.OpenApp.terminateApplication(): startApp.OpenApp.terminateApplication is PASSED

2022-01-02 15:33:31 - [MESSAGE][PASSED] - Delayed 3 second(s)

2022-01-02 15:33:32 - [MESSAGE][PASSED] - Current device physical width is 720

2022-01-02 15:33:32 - [MESSAGE][PASSED] - Current device physical height is 1423

2022-01-02 15:33:33 - [MESSAGE][PASSED] - Swiped from 360,853 to 360,142

2022-01-02 15:33:34 - [MESSAGE][PASSED] - Delayed 1 second(s)

2022-01-02 15:33:36 - [MESSAGE][PASSED] - Swiped from 360,853 to 360,142

2022-01-02 15:33:39 - [MESSAGE][PASSED] - Delayed 3 second(s)

2022-01-02 15:33:39 - [MESSAGE][PASSED] - startApp.OpenApp.terminateApplication is PASSED

2022-01-02 15:33:39 - [MESSAGE][PASSED] - Call Test Case 'Test Cases/Mobile/Page/Run App/Terminate App' successfully]]></system-out>
         <system-err><![CDATA[]]></system-err>
      </testcase>
      <testcase name="Test Cases/Mobile/Scenario/Portfolio/007 - Portfolio Performance Month to Date Persen" time="60.552" classname="Test Cases/Mobile/Scenario/Portfolio/007 - Portfolio Performance Month to Date Persen" status="PASSED">
         <system-out><![CDATA[2022-01-02 15:33:39 - [TEST_CASE][PASSED] - Test Cases/Mobile/Scenario/Portfolio/007 - Portfolio Performance Month to Date Persen: Test Cases/Mobile/Scenario/Portfolio/007 - Portfolio Performance Month to Date Persen

2022-01-02 15:33:39 - [TEST_STEP][PASSED] - callTestCase(findTestCase("Mobile/Page/Run App/Run App byID"), [:], STOP_ON_FAILURE): Call Test Case 'Test Cases/Mobile/Page/Run App/Run App byID' successfully

2022-01-02 15:33:39 - [TEST_CASE][PASSED] - Test Cases/Mobile/Page/Run App/Run App byID: Test Cases/Mobile/Page/Run App/Run App byID

2022-01-02 15:33:39 - [TEST_STEP][PASSED] - startApp.OpenApp.startApplication("id.co.miraeasset.sageclub"): startApp.OpenApp.startApplication is PASSED

2022-01-02 15:33:51 - [MESSAGE][PASSED] - Starting app with application ID: 'id.co.miraeasset.sageclub'

2022-01-02 15:33:51 - [MESSAGE][PASSED] - startApp.OpenApp.startApplication is PASSED

2022-01-02 15:33:51 - [MESSAGE][PASSED] - Call Test Case 'Test Cases/Mobile/Page/Run App/Run App byID' successfully

2022-01-02 15:33:51 - [TEST_STEP][PASSED] - callTestCase(findTestCase("Mobile/Page/Portfolio/Portfolio"), ["tab":"summary", "action":"perf_month", "action2":"persen"], CONTINUE_ON_FAILURE): Call Test Case 'Test Cases/Mobile/Page/Portfolio/Portfolio' successfully

2022-01-02 15:33:52 - [TEST_CASE][PASSED] - Test Cases/Mobile/Page/Portfolio/Portfolio: Test Cases/Mobile/Page/Portfolio/Portfolio

2022-01-02 15:33:52 - [TEST_STEP][PASSED] - callTestCase(findTestCase("Mobile/Page/CheckLogin"), [:], CONTINUE_ON_FAILURE): Call Test Case 'Test Cases/Mobile/Page/CheckLogin' successfully

2022-01-02 15:33:52 - [TEST_CASE][PASSED] - Test Cases/Mobile/Page/CheckLogin: Test Cases/Mobile/Page/CheckLogin

2022-01-02 15:33:52 - [TEST_STEP][PASSED] - loginCheck = verifyElementExist(LOGN_BtnLogin, 5, CONTINUE_ON_FAILURE): Element 'Object Repository/Mobile/Page/Login/Button - Login' is exist

2022-01-02 15:33:54 - [MESSAGE][PASSED] - Element 'Object Repository/Mobile/Page/Login/Button - Login' is exist

2022-01-02 15:33:54 - [TEST_STEP][PASSED] - if (loginCheck): Call Test Case 'Test Cases/Mobile/Page/Login/Login' successfully

2022-01-02 15:33:54 - [TEST_STEP][PASSED] - callTestCase(findTestCase("Mobile/Page/Login/Login"), ["action":"username"], CONTINUE_ON_FAILURE): Call Test Case 'Test Cases/Mobile/Page/Login/Login' successfully

2022-01-02 15:33:54 - [TEST_CASE][PASSED] - Test Cases/Mobile/Page/Login/Login: Test Cases/Mobile/Page/Login/Login

2022-01-02 15:33:54 - [TEST_STEP][PASSED] - delay(2): Delayed 2 second(s)

2022-01-02 15:33:56 - [MESSAGE][PASSED] - Delayed 2 second(s)

2022-01-02 15:33:56 - [TEST_STEP][PASSED] - for ([i = 0, i < 1, (i++)]): null

2022-01-02 15:33:56 - [TEST_STEP][PASSED] - if (action == "username"): null

2022-01-02 15:33:56 - [TEST_STEP][PASSED] - tap(LOGN_EdtUserID, 0): Tapped on element 'Object Repository/Mobile/Page/Login/Input - UserID'

2022-01-02 15:33:56 - [MESSAGE][WARNING] - Timeout '0' is invalid. Using default page load timeout: '60'

2022-01-02 15:33:56 - [MESSAGE][PASSED] - Tapped on element 'Object Repository/Mobile/Page/Login/Input - UserID'

2022-01-02 15:33:56 - [TEST_STEP][PASSED] - delay(1): Delayed 1 second(s)

2022-01-02 15:33:57 - [MESSAGE][PASSED] - Delayed 1 second(s)

2022-01-02 15:33:57 - [TEST_STEP][PASSED] - setText(LOGN_EdtRdyUserID, "anggaaditya", 0): Text 'anggaaditya' has been set to element 'Object Repository/Mobile/Page/Login/Input Rdy - UserID'

2022-01-02 15:33:57 - [MESSAGE][WARNING] - Timeout '0' is invalid. Using default page load timeout: '60'

2022-01-02 15:33:58 - [MESSAGE][PASSED] - Text 'anggaaditya' has been set to element 'Object Repository/Mobile/Page/Login/Input Rdy - UserID'

2022-01-02 15:33:58 - [TEST_STEP][PASSED] - delay(1): Delayed 1 second(s)

2022-01-02 15:33:59 - [MESSAGE][PASSED] - Delayed 1 second(s)

2022-01-02 15:33:59 - [TEST_STEP][PASSED] - hideKeyboard(): Keyboard is hidden

2022-01-02 15:34:02 - [MESSAGE][PASSED] - Keyboard is hidden

2022-01-02 15:34:02 - [TEST_STEP][PASSED] - tap(LOGN_EdtPassword, 0): Tapped on element 'Object Repository/Mobile/Page/Login/Input - Password'

2022-01-02 15:34:02 - [MESSAGE][WARNING] - Timeout '0' is invalid. Using default page load timeout: '60'

2022-01-02 15:34:03 - [MESSAGE][PASSED] - Tapped on element 'Object Repository/Mobile/Page/Login/Input - Password'

2022-01-02 15:34:03 - [TEST_STEP][PASSED] - delay(1): Delayed 1 second(s)

2022-01-02 15:34:04 - [MESSAGE][PASSED] - Delayed 1 second(s)

2022-01-02 15:34:04 - [TEST_STEP][PASSED] - setText(LOGN_EdtRdyPassword, "Shalawa18", 0): Text 'Shalawa18' has been set to element 'Object Repository/Mobile/Page/Login/Input Rdy - Password'

2022-01-02 15:34:04 - [MESSAGE][WARNING] - Timeout '0' is invalid. Using default page load timeout: '60'

2022-01-02 15:34:04 - [MESSAGE][PASSED] - Text 'Shalawa18' has been set to element 'Object Repository/Mobile/Page/Login/Input Rdy - Password'

2022-01-02 15:34:04 - [TEST_STEP][PASSED] - delay(1): Delayed 1 second(s)

2022-01-02 15:34:05 - [MESSAGE][PASSED] - Delayed 1 second(s)

2022-01-02 15:34:05 - [TEST_STEP][PASSED] - hideKeyboard(): Keyboard is hidden

2022-01-02 15:34:11 - [MESSAGE][PASSED] - Keyboard is hidden

2022-01-02 15:34:11 - [TEST_STEP][PASSED] - tap(LOGN_BtnLogin, 0): Tapped on element 'Object Repository/Mobile/Page/Login/Button - Login'

2022-01-02 15:34:11 - [MESSAGE][WARNING] - Timeout '0' is invalid. Using default page load timeout: '60'

2022-01-02 15:34:12 - [MESSAGE][PASSED] - Tapped on element 'Object Repository/Mobile/Page/Login/Button - Login'

2022-01-02 15:34:12 - [TEST_STEP][PASSED] - delay(2): Delayed 2 second(s)

2022-01-02 15:34:14 - [MESSAGE][PASSED] - Delayed 2 second(s)

2022-01-02 15:34:14 - [TEST_STEP][PASSED] - break: null

2022-01-02 15:34:14 - [MESSAGE][PASSED] - Call Test Case 'Test Cases/Mobile/Page/Login/Login' successfully

2022-01-02 15:34:14 - [MESSAGE][PASSED] - Call Test Case 'Test Cases/Mobile/Page/CheckLogin' successfully

2022-01-02 15:34:14 - [TEST_STEP][PASSED] - tap(HOME_MenubarPortfolio, 0): Tapped on element 'Object Repository/Mobile/Page/Home/Menubar - Portfolio'

2022-01-02 15:34:14 - [MESSAGE][WARNING] - Timeout '0' is invalid. Using default page load timeout: '60'

2022-01-02 15:34:16 - [MESSAGE][PASSED] - Tapped on element 'Object Repository/Mobile/Page/Home/Menubar - Portfolio'

2022-01-02 15:34:16 - [TEST_STEP][PASSED] - delay(1): Delayed 1 second(s)

2022-01-02 15:34:17 - [MESSAGE][PASSED] - Delayed 1 second(s)

2022-01-02 15:34:17 - [TEST_STEP][PASSED] - for ([i = 0, i < 1, (i++)]): Delayed 3 second(s)

2022-01-02 15:34:17 - [TEST_STEP][PASSED] - if (tab == "summary"): Delayed 3 second(s)

2022-01-02 15:34:17 - [TEST_STEP][PASSED] - idr = PORT_BtnIDR: null

2022-01-02 15:34:17 - [TEST_STEP][PASSED] - persen = PORT_BtnPersen: null

2022-01-02 15:34:17 - [TEST_STEP][PASSED] - if (action == "summary"): null

2022-01-02 15:34:17 - [TEST_STEP][PASSED] - else if (action == "perf_daily"): null

2022-01-02 15:34:17 - [TEST_STEP][PASSED] - else if (action == "perf_month"): Tapped on element 'Object Repository/Mobile/Page/Portfolio/Tab - Summary Month to Date'

2022-01-02 15:34:17 - [TEST_STEP][PASSED] - scroll.scroll.scrollScreenBottomToTop(): scroll.scroll.scrollScreenBottomToTop is PASSED

2022-01-02 15:34:17 - [MESSAGE][PASSED] - Current device physical height is 1423

2022-01-02 15:34:17 - [MESSAGE][PASSED] - Current device physical width is 720

2022-01-02 15:34:18 - [MESSAGE][PASSED] - Swiped from 360,1,138 to 360,284

2022-01-02 15:34:18 - [MESSAGE][PASSED] - scroll.scroll.scrollScreenBottomToTop is PASSED

2022-01-02 15:34:18 - [TEST_STEP][PASSED] - delay(1): Delayed 1 second(s)

2022-01-02 15:34:19 - [MESSAGE][PASSED] - Delayed 1 second(s)

2022-01-02 15:34:19 - [TEST_STEP][PASSED] - tap(PORT_TabSummaryMonth, 0): Tapped on element 'Object Repository/Mobile/Page/Portfolio/Tab - Summary Month to Date'

2022-01-02 15:34:19 - [MESSAGE][WARNING] - Timeout '0' is invalid. Using default page load timeout: '60'

2022-01-02 15:34:20 - [MESSAGE][PASSED] - Tapped on element 'Object Repository/Mobile/Page/Portfolio/Tab - Summary Month to Date'

2022-01-02 15:34:20 - [TEST_STEP][PASSED] - if (action != "summary"): Delayed 3 second(s)

2022-01-02 15:34:20 - [TEST_STEP][PASSED] - delay(1): Delayed 1 second(s)

2022-01-02 15:34:21 - [MESSAGE][PASSED] - Delayed 1 second(s)

2022-01-02 15:34:21 - [TEST_STEP][PASSED] - scroll.scroll.scrollScreenBottomToTop(): scroll.scroll.scrollScreenBottomToTop is PASSED

2022-01-02 15:34:21 - [MESSAGE][PASSED] - Current device physical height is 1423

2022-01-02 15:34:21 - [MESSAGE][PASSED] - Current device physical width is 720

2022-01-02 15:34:22 - [MESSAGE][PASSED] - Swiped from 360,1,138 to 360,284

2022-01-02 15:34:22 - [MESSAGE][PASSED] - scroll.scroll.scrollScreenBottomToTop is PASSED

2022-01-02 15:34:22 - [TEST_STEP][PASSED] - delay(3): Delayed 3 second(s)

2022-01-02 15:34:25 - [MESSAGE][PASSED] - Delayed 3 second(s)

2022-01-02 15:34:25 - [TEST_STEP][PASSED] - if (action2 == "idr"): null

2022-01-02 15:34:25 - [TEST_STEP][PASSED] - else if (action2 == "persen"): Delayed 3 second(s)

2022-01-02 15:34:25 - [TEST_STEP][PASSED] - tap(persen, 10): Tapped on element 'Object Repository/Mobile/Page/Portfolio/Button - Persen'

2022-01-02 15:34:26 - [MESSAGE][PASSED] - Tapped on element 'Object Repository/Mobile/Page/Portfolio/Button - Persen'

2022-01-02 15:34:26 - [TEST_STEP][PASSED] - delay(3): Delayed 3 second(s)

2022-01-02 15:34:29 - [MESSAGE][PASSED] - Delayed 3 second(s)

2022-01-02 15:34:29 - [MESSAGE][PASSED] - Call Test Case 'Test Cases/Mobile/Page/Portfolio/Portfolio' successfully

2022-01-02 15:34:29 - [TEST_STEP][PASSED] - callTestCase(findTestCase("Mobile/Page/Run App/Terminate App"), [:], STOP_ON_FAILURE): Call Test Case 'Test Cases/Mobile/Page/Run App/Terminate App' successfully

2022-01-02 15:34:29 - [TEST_CASE][PASSED] - Test Cases/Mobile/Page/Run App/Terminate App: Test Cases/Mobile/Page/Run App/Terminate App

2022-01-02 15:34:29 - [TEST_STEP][PASSED] - startApp.OpenApp.terminateApplication(): startApp.OpenApp.terminateApplication is PASSED

2022-01-02 15:34:32 - [MESSAGE][PASSED] - Delayed 3 second(s)

2022-01-02 15:34:32 - [MESSAGE][PASSED] - Current device physical width is 720

2022-01-02 15:34:33 - [MESSAGE][PASSED] - Current device physical height is 1423

2022-01-02 15:34:34 - [MESSAGE][PASSED] - Swiped from 360,853 to 360,142

2022-01-02 15:34:35 - [MESSAGE][PASSED] - Delayed 1 second(s)

2022-01-02 15:34:36 - [MESSAGE][PASSED] - Swiped from 360,853 to 360,142

2022-01-02 15:34:39 - [MESSAGE][PASSED] - Delayed 3 second(s)

2022-01-02 15:34:39 - [MESSAGE][PASSED] - startApp.OpenApp.terminateApplication is PASSED

2022-01-02 15:34:39 - [MESSAGE][PASSED] - Call Test Case 'Test Cases/Mobile/Page/Run App/Terminate App' successfully]]></system-out>
         <system-err><![CDATA[]]></system-err>
      </testcase>
      <testcase name="Test Cases/Mobile/Scenario/Portfolio/008 - Portfolio Performance Quarter to Date Persen" time="107.83" classname="Test Cases/Mobile/Scenario/Portfolio/008 - Portfolio Performance Quarter to Date Persen" status="FAILED">
         <failure type="FAILED" message="Test Cases/Mobile/Scenario/Portfolio/008 - Portfolio Performance Quarter to Date Persen FAILED.
Reason:
com.kms.katalon.core.exception.StepFailedException: Unable to call Test Case 'Test Cases/Mobile/Page/Portfolio/Portfolio' (Root cause: com.kms.katalon.core.exception.StepFailedException: Call Test Case 'Test Cases/Mobile/Page/Portfolio/Portfolio' failed
	at com.kms.katalon.core.keyword.builtin.CallTestCaseKeyword$_callTestCase_closure1.doCall(CallTestCaseKeyword.groovy:63)
	at com.kms.katalon.core.keyword.builtin.CallTestCaseKeyword$_callTestCase_closure1.call(CallTestCaseKeyword.groovy)
	at com.kms.katalon.core.keyword.internal.KeywordMain.runKeyword(KeywordMain.groovy:68)
	at com.kms.katalon.core.keyword.builtin.CallTestCaseKeyword.callTestCase(CallTestCaseKeyword.groovy:81)
	at com.kms.katalon.core.keyword.builtin.CallTestCaseKeyword.execute(CallTestCaseKeyword.groovy:44)
	at com.kms.katalon.core.keyword.internal.KeywordExecutor.executeKeywordForPlatform(KeywordExecutor.groovy:73)
	at com.kms.katalon.core.keyword.BuiltinKeywords.callTestCase(BuiltinKeywords.groovy:334)
	at 008 - Portfolio Performance Quarter to Date Persen.run(008 - Portfolio Performance Quarter to Date Persen:22)
	at com.kms.katalon.core.main.ScriptEngine.run(ScriptEngine.java:194)
	at com.kms.katalon.core.main.ScriptEngine.runScriptAsRawText(ScriptEngine.java:119)
	at com.kms.katalon.core.main.TestCaseExecutor.runScript(TestCaseExecutor.java:398)
	at com.kms.katalon.core.main.TestCaseExecutor.doExecute(TestCaseExecutor.java:389)
	at com.kms.katalon.core.main.TestCaseExecutor.processExecutionPhase(TestCaseExecutor.java:368)
	at com.kms.katalon.core.main.TestCaseExecutor.accessMainPhase(TestCaseExecutor.java:360)
	at com.kms.katalon.core.main.TestCaseExecutor.execute(TestCaseExecutor.java:255)
	at com.kms.katalon.core.main.TestSuiteExecutor.accessTestCaseMainPhase(TestSuiteExecutor.java:203)
	at com.kms.katalon.core.main.TestSuiteExecutor.accessTestSuiteMainPhase(TestSuiteExecutor.java:152)
	at com.kms.katalon.core.main.TestSuiteExecutor.execute(TestSuiteExecutor.java:95)
	at com.kms.katalon.core.main.TestCaseMain.startTestSuite(TestCaseMain.java:157)
	at com.kms.katalon.core.main.TestCaseMain$startTestSuite$0.call(Unknown Source)
	at TempTestSuite1641112027960.run(TempTestSuite1641112027960.groovy:39)
Caused by: com.kms.katalon.core.exception.StepFailedException: Object Object Repository/Mobile/Page/Home/Menubar - Portfolio not found
	at com.kms.katalon.core.keyword.internal.KeywordMain.stepFailed(KeywordMain.groovy:50)
	at com.kms.katalon.core.mobile.keyword.internal.MobileKeywordMain.stepFailed(MobileKeywordMain.groovy:40)
	at com.kms.katalon.core.mobile.keyword.builtin.TapKeyword$_tap_closure1.doCall(TapKeyword.groovy:79)
	at com.kms.katalon.core.mobile.keyword.builtin.TapKeyword$_tap_closure1.call(TapKeyword.groovy)
	at com.kms.katalon.core.mobile.keyword.internal.MobileKeywordMain.runKeyword(MobileKeywordMain.groovy:21)
	at com.kms.katalon.core.mobile.keyword.builtin.TapKeyword.tap(TapKeyword.groovy:86)
	at com.kms.katalon.core.mobile.keyword.builtin.TapKeyword.execute(TapKeyword.groovy:68)
	at com.kms.katalon.core.keyword.internal.KeywordExecutor.executeKeywordForPlatform(KeywordExecutor.groovy:73)
	at com.kms.katalon.core.mobile.keyword.MobileBuiltInKeywords.tap(MobileBuiltInKeywords.groovy:1354)
	at com.kms.katalon.core.mobile.keyword.MobileBuiltInKeywords$tap$1.call(Unknown Source)
	at Portfolio.run(Portfolio:24)
	at com.kms.katalon.core.main.ScriptEngine.run(ScriptEngine.java:194)
	at com.kms.katalon.core.main.ScriptEngine.runScriptAsRawText(ScriptEngine.java:119)
	at com.kms.katalon.core.main.TestCaseExecutor.runScript(TestCaseExecutor.java:398)
	at com.kms.katalon.core.main.TestCaseExecutor.doExecute(TestCaseExecutor.java:389)
	at com.kms.katalon.core.main.TestCaseExecutor.processExecutionPhase(TestCaseExecutor.java:368)
	at com.kms.katalon.core.main.TestCaseExecutor.accessMainPhase(TestCaseExecutor.java:360)
	at com.kms.katalon.core.main.TestCaseExecutor.execute(TestCaseExecutor.java:255)
	at com.kms.katalon.core.main.TestCaseMain.runTestCase(TestCaseMain.java:114)
	at com.kms.katalon.core.keyword.builtin.CallTestCaseKeyword$_callTestCase_closure1.doCall(CallTestCaseKeyword.groovy:59)
	... 20 more
)
	at com.kms.katalon.core.keyword.internal.KeywordMain.stepFailed(KeywordMain.groovy:39)
	at com.kms.katalon.core.keyword.internal.KeywordMain.stepFailed(KeywordMain.groovy)
	at com.kms.katalon.core.keyword.internal.KeywordMain.runKeyword(KeywordMain.groovy:70)
	at com.kms.katalon.core.keyword.builtin.CallTestCaseKeyword.callTestCase(CallTestCaseKeyword.groovy:81)
	at com.kms.katalon.core.keyword.builtin.CallTestCaseKeyword.execute(CallTestCaseKeyword.groovy:44)
	at com.kms.katalon.core.keyword.internal.KeywordExecutor.executeKeywordForPlatform(KeywordExecutor.groovy:73)
	at com.kms.katalon.core.keyword.BuiltinKeywords.callTestCase(BuiltinKeywords.groovy:334)
	at 008 - Portfolio Performance Quarter to Date Persen.run(008 - Portfolio Performance Quarter to Date Persen:22)
	at com.kms.katalon.core.main.ScriptEngine.run(ScriptEngine.java:194)
	at com.kms.katalon.core.main.ScriptEngine.runScriptAsRawText(ScriptEngine.java:119)
	at com.kms.katalon.core.main.TestCaseExecutor.runScript(TestCaseExecutor.java:398)
	at com.kms.katalon.core.main.TestCaseExecutor.doExecute(TestCaseExecutor.java:389)
	at com.kms.katalon.core.main.TestCaseExecutor.processExecutionPhase(TestCaseExecutor.java:368)
	at com.kms.katalon.core.main.TestCaseExecutor.accessMainPhase(TestCaseExecutor.java:360)
	at com.kms.katalon.core.main.TestCaseExecutor.execute(TestCaseExecutor.java:255)
	at com.kms.katalon.core.main.TestSuiteExecutor.accessTestCaseMainPhase(TestSuiteExecutor.java:203)
	at com.kms.katalon.core.main.TestSuiteExecutor.accessTestSuiteMainPhase(TestSuiteExecutor.java:152)
	at com.kms.katalon.core.main.TestSuiteExecutor.execute(TestSuiteExecutor.java:95)
	at com.kms.katalon.core.main.TestCaseMain.startTestSuite(TestCaseMain.java:157)
	at com.kms.katalon.core.main.TestCaseMain$startTestSuite$0.call(Unknown Source)
	at TempTestSuite1641112027960.run(TempTestSuite1641112027960.groovy:39)
Caused by: com.kms.katalon.core.exception.StepFailedException: Call Test Case 'Test Cases/Mobile/Page/Portfolio/Portfolio' failed
	at com.kms.katalon.core.keyword.builtin.CallTestCaseKeyword$_callTestCase_closure1.doCall(CallTestCaseKeyword.groovy:63)
	at com.kms.katalon.core.keyword.builtin.CallTestCaseKeyword$_callTestCase_closure1.call(CallTestCaseKeyword.groovy)
	at com.kms.katalon.core.keyword.internal.KeywordMain.runKeyword(KeywordMain.groovy:68)
	... 18 more
Caused by: com.kms.katalon.core.exception.StepFailedException: Object Object Repository/Mobile/Page/Home/Menubar - Portfolio not found
	at com.kms.katalon.core.keyword.internal.KeywordMain.stepFailed(KeywordMain.groovy:50)
	at com.kms.katalon.core.mobile.keyword.internal.MobileKeywordMain.stepFailed(MobileKeywordMain.groovy:40)
	at com.kms.katalon.core.mobile.keyword.builtin.TapKeyword$_tap_closure1.doCall(TapKeyword.groovy:79)
	at com.kms.katalon.core.mobile.keyword.builtin.TapKeyword$_tap_closure1.call(TapKeyword.groovy)
	at com.kms.katalon.core.mobile.keyword.internal.MobileKeywordMain.runKeyword(MobileKeywordMain.groovy:21)
	at com.kms.katalon.core.mobile.keyword.builtin.TapKeyword.tap(TapKeyword.groovy:86)
	at com.kms.katalon.core.mobile.keyword.builtin.TapKeyword.execute(TapKeyword.groovy:68)
	at com.kms.katalon.core.keyword.internal.KeywordExecutor.executeKeywordForPlatform(KeywordExecutor.groovy:73)
	at com.kms.katalon.core.mobile.keyword.MobileBuiltInKeywords.tap(MobileBuiltInKeywords.groovy:1354)
	at com.kms.katalon.core.mobile.keyword.MobileBuiltInKeywords$tap$1.call(Unknown Source)
	at Portfolio.run(Portfolio:24)
	at com.kms.katalon.core.main.ScriptEngine.run(ScriptEngine.java:194)
	at com.kms.katalon.core.main.ScriptEngine.runScriptAsRawText(ScriptEngine.java:119)
	at com.kms.katalon.core.main.TestCaseExecutor.runScript(TestCaseExecutor.java:398)
	at com.kms.katalon.core.main.TestCaseExecutor.doExecute(TestCaseExecutor.java:389)
	at com.kms.katalon.core.main.TestCaseExecutor.processExecutionPhase(TestCaseExecutor.java:368)
	at com.kms.katalon.core.main.TestCaseExecutor.accessMainPhase(TestCaseExecutor.java:360)
	at com.kms.katalon.core.main.TestCaseExecutor.execute(TestCaseExecutor.java:255)
	at com.kms.katalon.core.main.TestCaseMain.runTestCase(TestCaseMain.java:114)
	at com.kms.katalon.core.keyword.builtin.CallTestCaseKeyword$_callTestCase_closure1.doCall(CallTestCaseKeyword.groovy:59)
	... 20 more
"/>
         <system-out><![CDATA[2022-01-02 15:34:39 - [TEST_CASE][FAILED] - Test Cases/Mobile/Scenario/Portfolio/008 - Portfolio Performance Quarter to Date Persen: Test Cases/Mobile/Scenario/Portfolio/008 - Portfolio Performance Quarter to Date Persen FAILED.
Reason:
com.kms.katalon.core.exception.StepFailedException: Unable to call Test Case 'Test Cases/Mobile/Page/Portfolio/Portfolio' (Root cause: com.kms.katalon.core.exception.StepFailedException: Call Test Case 'Test Cases/Mobile/Page/Portfolio/Portfolio' failed
	at com.kms.katalon.core.keyword.builtin.CallTestCaseKeyword$_callTestCase_closure1.doCall(CallTestCaseKeyword.groovy:63)
	at com.kms.katalon.core.keyword.builtin.CallTestCaseKeyword$_callTestCase_closure1.call(CallTestCaseKeyword.groovy)
	at com.kms.katalon.core.keyword.internal.KeywordMain.runKeyword(KeywordMain.groovy:68)
	at com.kms.katalon.core.keyword.builtin.CallTestCaseKeyword.callTestCase(CallTestCaseKeyword.groovy:81)
	at com.kms.katalon.core.keyword.builtin.CallTestCaseKeyword.execute(CallTestCaseKeyword.groovy:44)
	at com.kms.katalon.core.keyword.internal.KeywordExecutor.executeKeywordForPlatform(KeywordExecutor.groovy:73)
	at com.kms.katalon.core.keyword.BuiltinKeywords.callTestCase(BuiltinKeywords.groovy:334)
	at 008 - Portfolio Performance Quarter to Date Persen.run(008 - Portfolio Performance Quarter to Date Persen:22)
	at com.kms.katalon.core.main.ScriptEngine.run(ScriptEngine.java:194)
	at com.kms.katalon.core.main.ScriptEngine.runScriptAsRawText(ScriptEngine.java:119)
	at com.kms.katalon.core.main.TestCaseExecutor.runScript(TestCaseExecutor.java:398)
	at com.kms.katalon.core.main.TestCaseExecutor.doExecute(TestCaseExecutor.java:389)
	at com.kms.katalon.core.main.TestCaseExecutor.processExecutionPhase(TestCaseExecutor.java:368)
	at com.kms.katalon.core.main.TestCaseExecutor.accessMainPhase(TestCaseExecutor.java:360)
	at com.kms.katalon.core.main.TestCaseExecutor.execute(TestCaseExecutor.java:255)
	at com.kms.katalon.core.main.TestSuiteExecutor.accessTestCaseMainPhase(TestSuiteExecutor.java:203)
	at com.kms.katalon.core.main.TestSuiteExecutor.accessTestSuiteMainPhase(TestSuiteExecutor.java:152)
	at com.kms.katalon.core.main.TestSuiteExecutor.execute(TestSuiteExecutor.java:95)
	at com.kms.katalon.core.main.TestCaseMain.startTestSuite(TestCaseMain.java:157)
	at com.kms.katalon.core.main.TestCaseMain$startTestSuite$0.call(Unknown Source)
	at TempTestSuite1641112027960.run(TempTestSuite1641112027960.groovy:39)
Caused by: com.kms.katalon.core.exception.StepFailedException: Object Object Repository/Mobile/Page/Home/Menubar - Portfolio not found
	at com.kms.katalon.core.keyword.internal.KeywordMain.stepFailed(KeywordMain.groovy:50)
	at com.kms.katalon.core.mobile.keyword.internal.MobileKeywordMain.stepFailed(MobileKeywordMain.groovy:40)
	at com.kms.katalon.core.mobile.keyword.builtin.TapKeyword$_tap_closure1.doCall(TapKeyword.groovy:79)
	at com.kms.katalon.core.mobile.keyword.builtin.TapKeyword$_tap_closure1.call(TapKeyword.groovy)
	at com.kms.katalon.core.mobile.keyword.internal.MobileKeywordMain.runKeyword(MobileKeywordMain.groovy:21)
	at com.kms.katalon.core.mobile.keyword.builtin.TapKeyword.tap(TapKeyword.groovy:86)
	at com.kms.katalon.core.mobile.keyword.builtin.TapKeyword.execute(TapKeyword.groovy:68)
	at com.kms.katalon.core.keyword.internal.KeywordExecutor.executeKeywordForPlatform(KeywordExecutor.groovy:73)
	at com.kms.katalon.core.mobile.keyword.MobileBuiltInKeywords.tap(MobileBuiltInKeywords.groovy:1354)
	at com.kms.katalon.core.mobile.keyword.MobileBuiltInKeywords$tap$1.call(Unknown Source)
	at Portfolio.run(Portfolio:24)
	at com.kms.katalon.core.main.ScriptEngine.run(ScriptEngine.java:194)
	at com.kms.katalon.core.main.ScriptEngine.runScriptAsRawText(ScriptEngine.java:119)
	at com.kms.katalon.core.main.TestCaseExecutor.runScript(TestCaseExecutor.java:398)
	at com.kms.katalon.core.main.TestCaseExecutor.doExecute(TestCaseExecutor.java:389)
	at com.kms.katalon.core.main.TestCaseExecutor.processExecutionPhase(TestCaseExecutor.java:368)
	at com.kms.katalon.core.main.TestCaseExecutor.accessMainPhase(TestCaseExecutor.java:360)
	at com.kms.katalon.core.main.TestCaseExecutor.execute(TestCaseExecutor.java:255)
	at com.kms.katalon.core.main.TestCaseMain.runTestCase(TestCaseMain.java:114)
	at com.kms.katalon.core.keyword.builtin.CallTestCaseKeyword$_callTestCase_closure1.doCall(CallTestCaseKeyword.groovy:59)
	... 20 more
)
	at com.kms.katalon.core.keyword.internal.KeywordMain.stepFailed(KeywordMain.groovy:39)
	at com.kms.katalon.core.keyword.internal.KeywordMain.stepFailed(KeywordMain.groovy)
	at com.kms.katalon.core.keyword.internal.KeywordMain.runKeyword(KeywordMain.groovy:70)
	at com.kms.katalon.core.keyword.builtin.CallTestCaseKeyword.callTestCase(CallTestCaseKeyword.groovy:81)
	at com.kms.katalon.core.keyword.builtin.CallTestCaseKeyword.execute(CallTestCaseKeyword.groovy:44)
	at com.kms.katalon.core.keyword.internal.KeywordExecutor.executeKeywordForPlatform(KeywordExecutor.groovy:73)
	at com.kms.katalon.core.keyword.BuiltinKeywords.callTestCase(BuiltinKeywords.groovy:334)
	at 008 - Portfolio Performance Quarter to Date Persen.run(008 - Portfolio Performance Quarter to Date Persen:22)
	at com.kms.katalon.core.main.ScriptEngine.run(ScriptEngine.java:194)
	at com.kms.katalon.core.main.ScriptEngine.runScriptAsRawText(ScriptEngine.java:119)
	at com.kms.katalon.core.main.TestCaseExecutor.runScript(TestCaseExecutor.java:398)
	at com.kms.katalon.core.main.TestCaseExecutor.doExecute(TestCaseExecutor.java:389)
	at com.kms.katalon.core.main.TestCaseExecutor.processExecutionPhase(TestCaseExecutor.java:368)
	at com.kms.katalon.core.main.TestCaseExecutor.accessMainPhase(TestCaseExecutor.java:360)
	at com.kms.katalon.core.main.TestCaseExecutor.execute(TestCaseExecutor.java:255)
	at com.kms.katalon.core.main.TestSuiteExecutor.accessTestCaseMainPhase(TestSuiteExecutor.java:203)
	at com.kms.katalon.core.main.TestSuiteExecutor.accessTestSuiteMainPhase(TestSuiteExecutor.java:152)
	at com.kms.katalon.core.main.TestSuiteExecutor.execute(TestSuiteExecutor.java:95)
	at com.kms.katalon.core.main.TestCaseMain.startTestSuite(TestCaseMain.java:157)
	at com.kms.katalon.core.main.TestCaseMain$startTestSuite$0.call(Unknown Source)
	at TempTestSuite1641112027960.run(TempTestSuite1641112027960.groovy:39)
Caused by: com.kms.katalon.core.exception.StepFailedException: Call Test Case 'Test Cases/Mobile/Page/Portfolio/Portfolio' failed
	at com.kms.katalon.core.keyword.builtin.CallTestCaseKeyword$_callTestCase_closure1.doCall(CallTestCaseKeyword.groovy:63)
	at com.kms.katalon.core.keyword.builtin.CallTestCaseKeyword$_callTestCase_closure1.call(CallTestCaseKeyword.groovy)
	at com.kms.katalon.core.keyword.internal.KeywordMain.runKeyword(KeywordMain.groovy:68)
	... 18 more
Caused by: com.kms.katalon.core.exception.StepFailedException: Object Object Repository/Mobile/Page/Home/Menubar - Portfolio not found
	at com.kms.katalon.core.keyword.internal.KeywordMain.stepFailed(KeywordMain.groovy:50)
	at com.kms.katalon.core.mobile.keyword.internal.MobileKeywordMain.stepFailed(MobileKeywordMain.groovy:40)
	at com.kms.katalon.core.mobile.keyword.builtin.TapKeyword$_tap_closure1.doCall(TapKeyword.groovy:79)
	at com.kms.katalon.core.mobile.keyword.builtin.TapKeyword$_tap_closure1.call(TapKeyword.groovy)
	at com.kms.katalon.core.mobile.keyword.internal.MobileKeywordMain.runKeyword(MobileKeywordMain.groovy:21)
	at com.kms.katalon.core.mobile.keyword.builtin.TapKeyword.tap(TapKeyword.groovy:86)
	at com.kms.katalon.core.mobile.keyword.builtin.TapKeyword.execute(TapKeyword.groovy:68)
	at com.kms.katalon.core.keyword.internal.KeywordExecutor.executeKeywordForPlatform(KeywordExecutor.groovy:73)
	at com.kms.katalon.core.mobile.keyword.MobileBuiltInKeywords.tap(MobileBuiltInKeywords.groovy:1354)
	at com.kms.katalon.core.mobile.keyword.MobileBuiltInKeywords$tap$1.call(Unknown Source)
	at Portfolio.run(Portfolio:24)
	at com.kms.katalon.core.main.ScriptEngine.run(ScriptEngine.java:194)
	at com.kms.katalon.core.main.ScriptEngine.runScriptAsRawText(ScriptEngine.java:119)
	at com.kms.katalon.core.main.TestCaseExecutor.runScript(TestCaseExecutor.java:398)
	at com.kms.katalon.core.main.TestCaseExecutor.doExecute(TestCaseExecutor.java:389)
	at com.kms.katalon.core.main.TestCaseExecutor.processExecutionPhase(TestCaseExecutor.java:368)
	at com.kms.katalon.core.main.TestCaseExecutor.accessMainPhase(TestCaseExecutor.java:360)
	at com.kms.katalon.core.main.TestCaseExecutor.execute(TestCaseExecutor.java:255)
	at com.kms.katalon.core.main.TestCaseMain.runTestCase(TestCaseMain.java:114)
	at com.kms.katalon.core.keyword.builtin.CallTestCaseKeyword$_callTestCase_closure1.doCall(CallTestCaseKeyword.groovy:59)
	... 20 more


2022-01-02 15:34:39 - [TEST_STEP][PASSED] - callTestCase(findTestCase("Mobile/Page/Run App/Run App byID"), [:], STOP_ON_FAILURE): Call Test Case 'Test Cases/Mobile/Page/Run App/Run App byID' successfully

2022-01-02 15:34:39 - [TEST_CASE][PASSED] - Test Cases/Mobile/Page/Run App/Run App byID: Test Cases/Mobile/Page/Run App/Run App byID

2022-01-02 15:34:39 - [TEST_STEP][PASSED] - startApp.OpenApp.startApplication("id.co.miraeasset.sageclub"): startApp.OpenApp.startApplication is PASSED

2022-01-02 15:34:52 - [MESSAGE][PASSED] - Starting app with application ID: 'id.co.miraeasset.sageclub'

2022-01-02 15:34:52 - [MESSAGE][PASSED] - startApp.OpenApp.startApplication is PASSED

2022-01-02 15:34:52 - [MESSAGE][PASSED] - Call Test Case 'Test Cases/Mobile/Page/Run App/Run App byID' successfully

2022-01-02 15:34:52 - [TEST_STEP][FAILED] - callTestCase(findTestCase("Mobile/Page/Portfolio/Portfolio"), ["tab":"summary", "action":"perf_quarter", "action2":"persen"], CONTINUE_ON_FAILURE): Unable to call Test Case 'Test Cases/Mobile/Page/Portfolio/Portfolio' (Root cause: com.kms.katalon.core.exception.StepFailedException: Call Test Case 'Test Cases/Mobile/Page/Portfolio/Portfolio' failed
	at com.kms.katalon.core.keyword.builtin.CallTestCaseKeyword$_callTestCase_closure1.doCall(CallTestCaseKeyword.groovy:63)
	at com.kms.katalon.core.keyword.builtin.CallTestCaseKeyword$_callTestCase_closure1.call(CallTestCaseKeyword.groovy)
	at com.kms.katalon.core.keyword.internal.KeywordMain.runKeyword(KeywordMain.groovy:68)
	at com.kms.katalon.core.keyword.builtin.CallTestCaseKeyword.callTestCase(CallTestCaseKeyword.groovy:81)
	at com.kms.katalon.core.keyword.builtin.CallTestCaseKeyword.execute(CallTestCaseKeyword.groovy:44)
	at com.kms.katalon.core.keyword.internal.KeywordExecutor.executeKeywordForPlatform(KeywordExecutor.groovy:73)
	at com.kms.katalon.core.keyword.BuiltinKeywords.callTestCase(BuiltinKeywords.groovy:334)
	at 008 - Portfolio Performance Quarter to Date Persen.run(008 - Portfolio Performance Quarter to Date Persen:22)
	at com.kms.katalon.core.main.ScriptEngine.run(ScriptEngine.java:194)
	at com.kms.katalon.core.main.ScriptEngine.runScriptAsRawText(ScriptEngine.java:119)
	at com.kms.katalon.core.main.TestCaseExecutor.runScript(TestCaseExecutor.java:398)
	at com.kms.katalon.core.main.TestCaseExecutor.doExecute(TestCaseExecutor.java:389)
	at com.kms.katalon.core.main.TestCaseExecutor.processExecutionPhase(TestCaseExecutor.java:368)
	at com.kms.katalon.core.main.TestCaseExecutor.accessMainPhase(TestCaseExecutor.java:360)
	at com.kms.katalon.core.main.TestCaseExecutor.execute(TestCaseExecutor.java:255)
	at com.kms.katalon.core.main.TestSuiteExecutor.accessTestCaseMainPhase(TestSuiteExecutor.java:203)
	at com.kms.katalon.core.main.TestSuiteExecutor.accessTestSuiteMainPhase(TestSuiteExecutor.java:152)
	at com.kms.katalon.core.main.TestSuiteExecutor.execute(TestSuiteExecutor.java:95)
	at com.kms.katalon.core.main.TestCaseMain.startTestSuite(TestCaseMain.java:157)
	at com.kms.katalon.core.main.TestCaseMain$startTestSuite$0.call(Unknown Source)
	at TempTestSuite1641112027960.run(TempTestSuite1641112027960.groovy:39)
Caused by: com.kms.katalon.core.exception.StepFailedException: Object Object Repository/Mobile/Page/Home/Menubar - Portfolio not found
	at com.kms.katalon.core.keyword.internal.KeywordMain.stepFailed(KeywordMain.groovy:50)
	at com.kms.katalon.core.mobile.keyword.internal.MobileKeywordMain.stepFailed(MobileKeywordMain.groovy:40)
	at com.kms.katalon.core.mobile.keyword.builtin.TapKeyword$_tap_closure1.doCall(TapKeyword.groovy:79)
	at com.kms.katalon.core.mobile.keyword.builtin.TapKeyword$_tap_closure1.call(TapKeyword.groovy)
	at com.kms.katalon.core.mobile.keyword.internal.MobileKeywordMain.runKeyword(MobileKeywordMain.groovy:21)
	at com.kms.katalon.core.mobile.keyword.builtin.TapKeyword.tap(TapKeyword.groovy:86)
	at com.kms.katalon.core.mobile.keyword.builtin.TapKeyword.execute(TapKeyword.groovy:68)
	at com.kms.katalon.core.keyword.internal.KeywordExecutor.executeKeywordForPlatform(KeywordExecutor.groovy:73)
	at com.kms.katalon.core.mobile.keyword.MobileBuiltInKeywords.tap(MobileBuiltInKeywords.groovy:1354)
	at com.kms.katalon.core.mobile.keyword.MobileBuiltInKeywords$tap$1.call(Unknown Source)
	at Portfolio.run(Portfolio:24)
	at com.kms.katalon.core.main.ScriptEngine.run(ScriptEngine.java:194)
	at com.kms.katalon.core.main.ScriptEngine.runScriptAsRawText(ScriptEngine.java:119)
	at com.kms.katalon.core.main.TestCaseExecutor.runScript(TestCaseExecutor.java:398)
	at com.kms.katalon.core.main.TestCaseExecutor.doExecute(TestCaseExecutor.java:389)
	at com.kms.katalon.core.main.TestCaseExecutor.processExecutionPhase(TestCaseExecutor.java:368)
	at com.kms.katalon.core.main.TestCaseExecutor.accessMainPhase(TestCaseExecutor.java:360)
	at com.kms.katalon.core.main.TestCaseExecutor.execute(TestCaseExecutor.java:255)
	at com.kms.katalon.core.main.TestCaseMain.runTestCase(TestCaseMain.java:114)
	at com.kms.katalon.core.keyword.builtin.CallTestCaseKeyword$_callTestCase_closure1.doCall(CallTestCaseKeyword.groovy:59)
	... 20 more
)

2022-01-02 15:34:52 - [TEST_CASE][FAILED] - Test Cases/Mobile/Page/Portfolio/Portfolio: Test Cases/Mobile/Page/Portfolio/Portfolio FAILED.
Reason:
com.kms.katalon.core.exception.StepFailedException: Object Object Repository/Mobile/Page/Home/Menubar - Portfolio not found
	at com.kms.katalon.core.keyword.internal.KeywordMain.stepFailed(KeywordMain.groovy:50)
	at com.kms.katalon.core.mobile.keyword.internal.MobileKeywordMain.stepFailed(MobileKeywordMain.groovy:40)
	at com.kms.katalon.core.mobile.keyword.builtin.TapKeyword$_tap_closure1.doCall(TapKeyword.groovy:79)
	at com.kms.katalon.core.mobile.keyword.builtin.TapKeyword$_tap_closure1.call(TapKeyword.groovy)
	at com.kms.katalon.core.mobile.keyword.internal.MobileKeywordMain.runKeyword(MobileKeywordMain.groovy:21)
	at com.kms.katalon.core.mobile.keyword.builtin.TapKeyword.tap(TapKeyword.groovy:86)
	at com.kms.katalon.core.mobile.keyword.builtin.TapKeyword.execute(TapKeyword.groovy:68)
	at com.kms.katalon.core.keyword.internal.KeywordExecutor.executeKeywordForPlatform(KeywordExecutor.groovy:73)
	at com.kms.katalon.core.mobile.keyword.MobileBuiltInKeywords.tap(MobileBuiltInKeywords.groovy:1354)
	at com.kms.katalon.core.mobile.keyword.MobileBuiltInKeywords$tap$1.call(Unknown Source)
	at Portfolio.run(Portfolio:24)
	at com.kms.katalon.core.main.ScriptEngine.run(ScriptEngine.java:194)
	at com.kms.katalon.core.main.ScriptEngine.runScriptAsRawText(ScriptEngine.java:119)
	at com.kms.katalon.core.main.TestCaseExecutor.runScript(TestCaseExecutor.java:398)
	at com.kms.katalon.core.main.TestCaseExecutor.doExecute(TestCaseExecutor.java:389)
	at com.kms.katalon.core.main.TestCaseExecutor.processExecutionPhase(TestCaseExecutor.java:368)
	at com.kms.katalon.core.main.TestCaseExecutor.accessMainPhase(TestCaseExecutor.java:360)
	at com.kms.katalon.core.main.TestCaseExecutor.execute(TestCaseExecutor.java:255)
	at com.kms.katalon.core.main.TestCaseMain.runTestCase(TestCaseMain.java:114)
	at com.kms.katalon.core.keyword.builtin.CallTestCaseKeyword$_callTestCase_closure1.doCall(CallTestCaseKeyword.groovy:59)
	at com.kms.katalon.core.keyword.builtin.CallTestCaseKeyword$_callTestCase_closure1.call(CallTestCaseKeyword.groovy)
	at com.kms.katalon.core.keyword.internal.KeywordMain.runKeyword(KeywordMain.groovy:68)
	at com.kms.katalon.core.keyword.builtin.CallTestCaseKeyword.callTestCase(CallTestCaseKeyword.groovy:81)
	at com.kms.katalon.core.keyword.builtin.CallTestCaseKeyword.execute(CallTestCaseKeyword.groovy:44)
	at com.kms.katalon.core.keyword.internal.KeywordExecutor.executeKeywordForPlatform(KeywordExecutor.groovy:73)
	at com.kms.katalon.core.keyword.BuiltinKeywords.callTestCase(BuiltinKeywords.groovy:334)
	at 008 - Portfolio Performance Quarter to Date Persen.run(008 - Portfolio Performance Quarter to Date Persen:22)
	at com.kms.katalon.core.main.ScriptEngine.run(ScriptEngine.java:194)
	at com.kms.katalon.core.main.ScriptEngine.runScriptAsRawText(ScriptEngine.java:119)
	at com.kms.katalon.core.main.TestCaseExecutor.runScript(TestCaseExecutor.java:398)
	at com.kms.katalon.core.main.TestCaseExecutor.doExecute(TestCaseExecutor.java:389)
	at com.kms.katalon.core.main.TestCaseExecutor.processExecutionPhase(TestCaseExecutor.java:368)
	at com.kms.katalon.core.main.TestCaseExecutor.accessMainPhase(TestCaseExecutor.java:360)
	at com.kms.katalon.core.main.TestCaseExecutor.execute(TestCaseExecutor.java:255)
	at com.kms.katalon.core.main.TestSuiteExecutor.accessTestCaseMainPhase(TestSuiteExecutor.java:203)
	at com.kms.katalon.core.main.TestSuiteExecutor.accessTestSuiteMainPhase(TestSuiteExecutor.java:152)
	at com.kms.katalon.core.main.TestSuiteExecutor.execute(TestSuiteExecutor.java:95)
	at com.kms.katalon.core.main.TestCaseMain.startTestSuite(TestCaseMain.java:157)
	at com.kms.katalon.core.main.TestCaseMain$startTestSuite$0.call(Unknown Source)
	at TempTestSuite1641112027960.run(TempTestSuite1641112027960.groovy:39)


2022-01-02 15:34:52 - [TEST_STEP][PASSED] - callTestCase(findTestCase("Mobile/Page/CheckLogin"), [:], CONTINUE_ON_FAILURE): Call Test Case 'Test Cases/Mobile/Page/CheckLogin' successfully

2022-01-02 15:34:52 - [TEST_CASE][PASSED] - Test Cases/Mobile/Page/CheckLogin: Test Cases/Mobile/Page/CheckLogin

2022-01-02 15:34:52 - [TEST_STEP][PASSED] - loginCheck = verifyElementExist(LOGN_BtnLogin, 5, CONTINUE_ON_FAILURE): Element 'Object Repository/Mobile/Page/Login/Button - Login' is exist

2022-01-02 15:34:54 - [MESSAGE][PASSED] - Element 'Object Repository/Mobile/Page/Login/Button - Login' is exist

2022-01-02 15:34:54 - [TEST_STEP][PASSED] - if (loginCheck): Call Test Case 'Test Cases/Mobile/Page/Login/Login' successfully

2022-01-02 15:34:54 - [TEST_STEP][PASSED] - callTestCase(findTestCase("Mobile/Page/Login/Login"), ["action":"username"], CONTINUE_ON_FAILURE): Call Test Case 'Test Cases/Mobile/Page/Login/Login' successfully

2022-01-02 15:34:54 - [TEST_CASE][PASSED] - Test Cases/Mobile/Page/Login/Login: Test Cases/Mobile/Page/Login/Login

2022-01-02 15:34:54 - [TEST_STEP][PASSED] - delay(2): Delayed 2 second(s)

2022-01-02 15:34:56 - [MESSAGE][PASSED] - Delayed 2 second(s)

2022-01-02 15:34:56 - [TEST_STEP][PASSED] - for ([i = 0, i < 1, (i++)]): null

2022-01-02 15:34:56 - [TEST_STEP][PASSED] - if (action == "username"): null

2022-01-02 15:34:56 - [TEST_STEP][PASSED] - tap(LOGN_EdtUserID, 0): Tapped on element 'Object Repository/Mobile/Page/Login/Input - UserID'

2022-01-02 15:34:56 - [MESSAGE][WARNING] - Timeout '0' is invalid. Using default page load timeout: '60'

2022-01-02 15:34:56 - [MESSAGE][PASSED] - Tapped on element 'Object Repository/Mobile/Page/Login/Input - UserID'

2022-01-02 15:34:56 - [TEST_STEP][PASSED] - delay(1): Delayed 1 second(s)

2022-01-02 15:34:57 - [MESSAGE][PASSED] - Delayed 1 second(s)

2022-01-02 15:34:57 - [TEST_STEP][PASSED] - setText(LOGN_EdtRdyUserID, "anggaaditya", 0): Text 'anggaaditya' has been set to element 'Object Repository/Mobile/Page/Login/Input Rdy - UserID'

2022-01-02 15:34:57 - [MESSAGE][WARNING] - Timeout '0' is invalid. Using default page load timeout: '60'

2022-01-02 15:34:58 - [MESSAGE][PASSED] - Text 'anggaaditya' has been set to element 'Object Repository/Mobile/Page/Login/Input Rdy - UserID'

2022-01-02 15:34:58 - [TEST_STEP][PASSED] - delay(1): Delayed 1 second(s)

2022-01-02 15:34:59 - [MESSAGE][PASSED] - Delayed 1 second(s)

2022-01-02 15:34:59 - [TEST_STEP][PASSED] - hideKeyboard(): Keyboard is hidden

2022-01-02 15:35:03 - [MESSAGE][PASSED] - Keyboard is hidden

2022-01-02 15:35:03 - [TEST_STEP][PASSED] - tap(LOGN_EdtPassword, 0): Tapped on element 'Object Repository/Mobile/Page/Login/Input - Password'

2022-01-02 15:35:03 - [MESSAGE][WARNING] - Timeout '0' is invalid. Using default page load timeout: '60'

2022-01-02 15:35:03 - [MESSAGE][PASSED] - Tapped on element 'Object Repository/Mobile/Page/Login/Input - Password'

2022-01-02 15:35:03 - [TEST_STEP][PASSED] - delay(1): Delayed 1 second(s)

2022-01-02 15:35:04 - [MESSAGE][PASSED] - Delayed 1 second(s)

2022-01-02 15:35:04 - [TEST_STEP][PASSED] - setText(LOGN_EdtRdyPassword, "Shalawa18", 0): Text 'Shalawa18' has been set to element 'Object Repository/Mobile/Page/Login/Input Rdy - Password'

2022-01-02 15:35:04 - [MESSAGE][WARNING] - Timeout '0' is invalid. Using default page load timeout: '60'

2022-01-02 15:35:05 - [MESSAGE][PASSED] - Text 'Shalawa18' has been set to element 'Object Repository/Mobile/Page/Login/Input Rdy - Password'

2022-01-02 15:35:05 - [TEST_STEP][PASSED] - delay(1): Delayed 1 second(s)

2022-01-02 15:35:06 - [MESSAGE][PASSED] - Delayed 1 second(s)

2022-01-02 15:35:06 - [TEST_STEP][PASSED] - hideKeyboard(): Keyboard is hidden

2022-01-02 15:35:12 - [MESSAGE][PASSED] - Keyboard is hidden

2022-01-02 15:35:12 - [TEST_STEP][PASSED] - tap(LOGN_BtnLogin, 0): Tapped on element 'Object Repository/Mobile/Page/Login/Button - Login'

2022-01-02 15:35:12 - [MESSAGE][WARNING] - Timeout '0' is invalid. Using default page load timeout: '60'

2022-01-02 15:35:13 - [MESSAGE][PASSED] - Tapped on element 'Object Repository/Mobile/Page/Login/Button - Login'

2022-01-02 15:35:13 - [TEST_STEP][PASSED] - delay(2): Delayed 2 second(s)

2022-01-02 15:35:15 - [MESSAGE][PASSED] - Delayed 2 second(s)

2022-01-02 15:35:15 - [TEST_STEP][PASSED] - break: null

2022-01-02 15:35:15 - [MESSAGE][PASSED] - Call Test Case 'Test Cases/Mobile/Page/Login/Login' successfully

2022-01-02 15:35:15 - [MESSAGE][PASSED] - Call Test Case 'Test Cases/Mobile/Page/CheckLogin' successfully

2022-01-02 15:35:15 - [TEST_STEP][FAILED] - tap(HOME_MenubarPortfolio, 0): Failed to tap on element 'Object Repository/Mobile/Page/Home/Menubar - Portfolio' (Root cause: com.kms.katalon.core.exception.StepFailedException: Object Object Repository/Mobile/Page/Home/Menubar - Portfolio not found
	at com.kms.katalon.core.keyword.internal.KeywordMain.stepFailed(KeywordMain.groovy:50)
	at com.kms.katalon.core.mobile.keyword.internal.MobileKeywordMain.stepFailed(MobileKeywordMain.groovy:40)
	at com.kms.katalon.core.mobile.keyword.builtin.TapKeyword$_tap_closure1.doCall(TapKeyword.groovy:79)
	at com.kms.katalon.core.mobile.keyword.builtin.TapKeyword$_tap_closure1.call(TapKeyword.groovy)
	at com.kms.katalon.core.mobile.keyword.internal.MobileKeywordMain.runKeyword(MobileKeywordMain.groovy:21)
	at com.kms.katalon.core.mobile.keyword.builtin.TapKeyword.tap(TapKeyword.groovy:86)
	at com.kms.katalon.core.mobile.keyword.builtin.TapKeyword.execute(TapKeyword.groovy:68)
	at com.kms.katalon.core.keyword.internal.KeywordExecutor.executeKeywordForPlatform(KeywordExecutor.groovy:73)
	at com.kms.katalon.core.mobile.keyword.MobileBuiltInKeywords.tap(MobileBuiltInKeywords.groovy:1354)
	at com.kms.katalon.core.mobile.keyword.MobileBuiltInKeywords$tap$1.call(Unknown Source)
	at Portfolio.run(Portfolio:24)
	at com.kms.katalon.core.main.ScriptEngine.run(ScriptEngine.java:194)
	at com.kms.katalon.core.main.ScriptEngine.runScriptAsRawText(ScriptEngine.java:119)
	at com.kms.katalon.core.main.TestCaseExecutor.runScript(TestCaseExecutor.java:398)
	at com.kms.katalon.core.main.TestCaseExecutor.doExecute(TestCaseExecutor.java:389)
	at com.kms.katalon.core.main.TestCaseExecutor.processExecutionPhase(TestCaseExecutor.java:368)
	at com.kms.katalon.core.main.TestCaseExecutor.accessMainPhase(TestCaseExecutor.java:360)
	at com.kms.katalon.core.main.TestCaseExecutor.execute(TestCaseExecutor.java:255)
	at com.kms.katalon.core.main.TestCaseMain.runTestCase(TestCaseMain.java:114)
	at com.kms.katalon.core.keyword.builtin.CallTestCaseKeyword$_callTestCase_closure1.doCall(CallTestCaseKeyword.groovy:59)
	at com.kms.katalon.core.keyword.builtin.CallTestCaseKeyword$_callTestCase_closure1.call(CallTestCaseKeyword.groovy)
	at com.kms.katalon.core.keyword.internal.KeywordMain.runKeyword(KeywordMain.groovy:68)
	at com.kms.katalon.core.keyword.builtin.CallTestCaseKeyword.callTestCase(CallTestCaseKeyword.groovy:81)
	at com.kms.katalon.core.keyword.builtin.CallTestCaseKeyword.execute(CallTestCaseKeyword.groovy:44)
	at com.kms.katalon.core.keyword.internal.KeywordExecutor.executeKeywordForPlatform(KeywordExecutor.groovy:73)
	at com.kms.katalon.core.keyword.BuiltinKeywords.callTestCase(BuiltinKeywords.groovy:334)
	at 008 - Portfolio Performance Quarter to Date Persen.run(008 - Portfolio Performance Quarter to Date Persen:22)
	at com.kms.katalon.core.main.ScriptEngine.run(ScriptEngine.java:194)
	at com.kms.katalon.core.main.ScriptEngine.runScriptAsRawText(ScriptEngine.java:119)
	at com.kms.katalon.core.main.TestCaseExecutor.runScript(TestCaseExecutor.java:398)
	at com.kms.katalon.core.main.TestCaseExecutor.doExecute(TestCaseExecutor.java:389)
	at com.kms.katalon.core.main.TestCaseExecutor.processExecutionPhase(TestCaseExecutor.java:368)
	at com.kms.katalon.core.main.TestCaseExecutor.accessMainPhase(TestCaseExecutor.java:360)
	at com.kms.katalon.core.main.TestCaseExecutor.execute(TestCaseExecutor.java:255)
	at com.kms.katalon.core.main.TestSuiteExecutor.accessTestCaseMainPhase(TestSuiteExecutor.java:203)
	at com.kms.katalon.core.main.TestSuiteExecutor.accessTestSuiteMainPhase(TestSuiteExecutor.java:152)
	at com.kms.katalon.core.main.TestSuiteExecutor.execute(TestSuiteExecutor.java:95)
	at com.kms.katalon.core.main.TestCaseMain.startTestSuite(TestCaseMain.java:157)
	at com.kms.katalon.core.main.TestCaseMain$startTestSuite$0.call(Unknown Source)
	at TempTestSuite1641112027960.run(TempTestSuite1641112027960.groovy:39)
)

2022-01-02 15:35:15 - [MESSAGE][WARNING] - Timeout '0' is invalid. Using default page load timeout: '60'

2022-01-02 15:36:16 - [MESSAGE][FAILED] - Object Object Repository/Mobile/Page/Home/Menubar - Portfolio not found
[[ATTACHMENT|C:\\Users\\Owner\\Documents\\kerjaan\\KatalonProject\\qa_katalon_pwm\\qa_katalon_pwm\\Reports\\20220102_152707\\portfolio\\20220102_152707\\1641112575570.png]]

2022-01-02 15:36:17 - [MESSAGE][FAILED] - Failed to tap on element 'Object Repository/Mobile/Page/Home/Menubar - Portfolio' (Root cause: com.kms.katalon.core.exception.StepFailedException: Object Object Repository/Mobile/Page/Home/Menubar - Portfolio not found
	at com.kms.katalon.core.keyword.internal.KeywordMain.stepFailed(KeywordMain.groovy:50)
	at com.kms.katalon.core.mobile.keyword.internal.MobileKeywordMain.stepFailed(MobileKeywordMain.groovy:40)
	at com.kms.katalon.core.mobile.keyword.builtin.TapKeyword$_tap_closure1.doCall(TapKeyword.groovy:79)
	at com.kms.katalon.core.mobile.keyword.builtin.TapKeyword$_tap_closure1.call(TapKeyword.groovy)
	at com.kms.katalon.core.mobile.keyword.internal.MobileKeywordMain.runKeyword(MobileKeywordMain.groovy:21)
	at com.kms.katalon.core.mobile.keyword.builtin.TapKeyword.tap(TapKeyword.groovy:86)
	at com.kms.katalon.core.mobile.keyword.builtin.TapKeyword.execute(TapKeyword.groovy:68)
	at com.kms.katalon.core.keyword.internal.KeywordExecutor.executeKeywordForPlatform(KeywordExecutor.groovy:73)
	at com.kms.katalon.core.mobile.keyword.MobileBuiltInKeywords.tap(MobileBuiltInKeywords.groovy:1354)
	at com.kms.katalon.core.mobile.keyword.MobileBuiltInKeywords$tap$1.call(Unknown Source)
	at Portfolio.run(Portfolio:24)
	at com.kms.katalon.core.main.ScriptEngine.run(ScriptEngine.java:194)
	at com.kms.katalon.core.main.ScriptEngine.runScriptAsRawText(ScriptEngine.java:119)
	at com.kms.katalon.core.main.TestCaseExecutor.runScript(TestCaseExecutor.java:398)
	at com.kms.katalon.core.main.TestCaseExecutor.doExecute(TestCaseExecutor.java:389)
	at com.kms.katalon.core.main.TestCaseExecutor.processExecutionPhase(TestCaseExecutor.java:368)
	at com.kms.katalon.core.main.TestCaseExecutor.accessMainPhase(TestCaseExecutor.java:360)
	at com.kms.katalon.core.main.TestCaseExecutor.execute(TestCaseExecutor.java:255)
	at com.kms.katalon.core.main.TestCaseMain.runTestCase(TestCaseMain.java:114)
	at com.kms.katalon.core.keyword.builtin.CallTestCaseKeyword$_callTestCase_closure1.doCall(CallTestCaseKeyword.groovy:59)
	at com.kms.katalon.core.keyword.builtin.CallTestCaseKeyword$_callTestCase_closure1.call(CallTestCaseKeyword.groovy)
	at com.kms.katalon.core.keyword.internal.KeywordMain.runKeyword(KeywordMain.groovy:68)
	at com.kms.katalon.core.keyword.builtin.CallTestCaseKeyword.callTestCase(CallTestCaseKeyword.groovy:81)
	at com.kms.katalon.core.keyword.builtin.CallTestCaseKeyword.execute(CallTestCaseKeyword.groovy:44)
	at com.kms.katalon.core.keyword.internal.KeywordExecutor.executeKeywordForPlatform(KeywordExecutor.groovy:73)
	at com.kms.katalon.core.keyword.BuiltinKeywords.callTestCase(BuiltinKeywords.groovy:334)
	at 008 - Portfolio Performance Quarter to Date Persen.run(008 - Portfolio Performance Quarter to Date Persen:22)
	at com.kms.katalon.core.main.ScriptEngine.run(ScriptEngine.java:194)
	at com.kms.katalon.core.main.ScriptEngine.runScriptAsRawText(ScriptEngine.java:119)
	at com.kms.katalon.core.main.TestCaseExecutor.runScript(TestCaseExecutor.java:398)
	at com.kms.katalon.core.main.TestCaseExecutor.doExecute(TestCaseExecutor.java:389)
	at com.kms.katalon.core.main.TestCaseExecutor.processExecutionPhase(TestCaseExecutor.java:368)
	at com.kms.katalon.core.main.TestCaseExecutor.accessMainPhase(TestCaseExecutor.java:360)
	at com.kms.katalon.core.main.TestCaseExecutor.execute(TestCaseExecutor.java:255)
	at com.kms.katalon.core.main.TestSuiteExecutor.accessTestCaseMainPhase(TestSuiteExecutor.java:203)
	at com.kms.katalon.core.main.TestSuiteExecutor.accessTestSuiteMainPhase(TestSuiteExecutor.java:152)
	at com.kms.katalon.core.main.TestSuiteExecutor.execute(TestSuiteExecutor.java:95)
	at com.kms.katalon.core.main.TestCaseMain.startTestSuite(TestCaseMain.java:157)
	at com.kms.katalon.core.main.TestCaseMain$startTestSuite$0.call(Unknown Source)
	at TempTestSuite1641112027960.run(TempTestSuite1641112027960.groovy:39)
)
[[ATTACHMENT|C:\\Users\\Owner\\Documents\\kerjaan\\KatalonProject\\qa_katalon_pwm\\qa_katalon_pwm\\Reports\\20220102_152707\\portfolio\\20220102_152707\\1641112576298.png]]

2022-01-02 15:36:17 - [MESSAGE][FAILED] - Unable to call Test Case 'Test Cases/Mobile/Page/Portfolio/Portfolio' (Root cause: com.kms.katalon.core.exception.StepFailedException: Call Test Case 'Test Cases/Mobile/Page/Portfolio/Portfolio' failed
	at com.kms.katalon.core.keyword.builtin.CallTestCaseKeyword$_callTestCase_closure1.doCall(CallTestCaseKeyword.groovy:63)
	at com.kms.katalon.core.keyword.builtin.CallTestCaseKeyword$_callTestCase_closure1.call(CallTestCaseKeyword.groovy)
	at com.kms.katalon.core.keyword.internal.KeywordMain.runKeyword(KeywordMain.groovy:68)
	at com.kms.katalon.core.keyword.builtin.CallTestCaseKeyword.callTestCase(CallTestCaseKeyword.groovy:81)
	at com.kms.katalon.core.keyword.builtin.CallTestCaseKeyword.execute(CallTestCaseKeyword.groovy:44)
	at com.kms.katalon.core.keyword.internal.KeywordExecutor.executeKeywordForPlatform(KeywordExecutor.groovy:73)
	at com.kms.katalon.core.keyword.BuiltinKeywords.callTestCase(BuiltinKeywords.groovy:334)
	at 008 - Portfolio Performance Quarter to Date Persen.run(008 - Portfolio Performance Quarter to Date Persen:22)
	at com.kms.katalon.core.main.ScriptEngine.run(ScriptEngine.java:194)
	at com.kms.katalon.core.main.ScriptEngine.runScriptAsRawText(ScriptEngine.java:119)
	at com.kms.katalon.core.main.TestCaseExecutor.runScript(TestCaseExecutor.java:398)
	at com.kms.katalon.core.main.TestCaseExecutor.doExecute(TestCaseExecutor.java:389)
	at com.kms.katalon.core.main.TestCaseExecutor.processExecutionPhase(TestCaseExecutor.java:368)
	at com.kms.katalon.core.main.TestCaseExecutor.accessMainPhase(TestCaseExecutor.java:360)
	at com.kms.katalon.core.main.TestCaseExecutor.execute(TestCaseExecutor.java:255)
	at com.kms.katalon.core.main.TestSuiteExecutor.accessTestCaseMainPhase(TestSuiteExecutor.java:203)
	at com.kms.katalon.core.main.TestSuiteExecutor.accessTestSuiteMainPhase(TestSuiteExecutor.java:152)
	at com.kms.katalon.core.main.TestSuiteExecutor.execute(TestSuiteExecutor.java:95)
	at com.kms.katalon.core.main.TestCaseMain.startTestSuite(TestCaseMain.java:157)
	at com.kms.katalon.core.main.TestCaseMain$startTestSuite$0.call(Unknown Source)
	at TempTestSuite1641112027960.run(TempTestSuite1641112027960.groovy:39)
Caused by: com.kms.katalon.core.exception.StepFailedException: Object Object Repository/Mobile/Page/Home/Menubar - Portfolio not found
	at com.kms.katalon.core.keyword.internal.KeywordMain.stepFailed(KeywordMain.groovy:50)
	at com.kms.katalon.core.mobile.keyword.internal.MobileKeywordMain.stepFailed(MobileKeywordMain.groovy:40)
	at com.kms.katalon.core.mobile.keyword.builtin.TapKeyword$_tap_closure1.doCall(TapKeyword.groovy:79)
	at com.kms.katalon.core.mobile.keyword.builtin.TapKeyword$_tap_closure1.call(TapKeyword.groovy)
	at com.kms.katalon.core.mobile.keyword.internal.MobileKeywordMain.runKeyword(MobileKeywordMain.groovy:21)
	at com.kms.katalon.core.mobile.keyword.builtin.TapKeyword.tap(TapKeyword.groovy:86)
	at com.kms.katalon.core.mobile.keyword.builtin.TapKeyword.execute(TapKeyword.groovy:68)
	at com.kms.katalon.core.keyword.internal.KeywordExecutor.executeKeywordForPlatform(KeywordExecutor.groovy:73)
	at com.kms.katalon.core.mobile.keyword.MobileBuiltInKeywords.tap(MobileBuiltInKeywords.groovy:1354)
	at com.kms.katalon.core.mobile.keyword.MobileBuiltInKeywords$tap$1.call(Unknown Source)
	at Portfolio.run(Portfolio:24)
	at com.kms.katalon.core.main.ScriptEngine.run(ScriptEngine.java:194)
	at com.kms.katalon.core.main.ScriptEngine.runScriptAsRawText(ScriptEngine.java:119)
	at com.kms.katalon.core.main.TestCaseExecutor.runScript(TestCaseExecutor.java:398)
	at com.kms.katalon.core.main.TestCaseExecutor.doExecute(TestCaseExecutor.java:389)
	at com.kms.katalon.core.main.TestCaseExecutor.processExecutionPhase(TestCaseExecutor.java:368)
	at com.kms.katalon.core.main.TestCaseExecutor.accessMainPhase(TestCaseExecutor.java:360)
	at com.kms.katalon.core.main.TestCaseExecutor.execute(TestCaseExecutor.java:255)
	at com.kms.katalon.core.main.TestCaseMain.runTestCase(TestCaseMain.java:114)
	at com.kms.katalon.core.keyword.builtin.CallTestCaseKeyword$_callTestCase_closure1.doCall(CallTestCaseKeyword.groovy:59)
	... 20 more
)

2022-01-02 15:36:17 - [TEST_STEP][PASSED] - callTestCase(findTestCase("Mobile/Page/Run App/Terminate App"), [:], STOP_ON_FAILURE): Call Test Case 'Test Cases/Mobile/Page/Run App/Terminate App' successfully

2022-01-02 15:36:17 - [TEST_CASE][PASSED] - Test Cases/Mobile/Page/Run App/Terminate App: Test Cases/Mobile/Page/Run App/Terminate App

2022-01-02 15:36:17 - [TEST_STEP][PASSED] - startApp.OpenApp.terminateApplication(): startApp.OpenApp.terminateApplication is PASSED

2022-01-02 15:36:20 - [MESSAGE][PASSED] - Delayed 3 second(s)

2022-01-02 15:36:20 - [MESSAGE][PASSED] - Current device physical width is 720

2022-01-02 15:36:20 - [MESSAGE][PASSED] - Current device physical height is 1423

2022-01-02 15:36:22 - [MESSAGE][PASSED] - Swiped from 360,853 to 360,142

2022-01-02 15:36:23 - [MESSAGE][PASSED] - Delayed 1 second(s)

2022-01-02 15:36:24 - [MESSAGE][PASSED] - Swiped from 360,853 to 360,142

2022-01-02 15:36:27 - [MESSAGE][PASSED] - Delayed 3 second(s)

2022-01-02 15:36:27 - [MESSAGE][PASSED] - startApp.OpenApp.terminateApplication is PASSED

2022-01-02 15:36:27 - [MESSAGE][PASSED] - Call Test Case 'Test Cases/Mobile/Page/Run App/Terminate App' successfully]]></system-out>
         <system-err><![CDATA[2022-01-02 15:34:39 - [TEST_CASE][FAILED] - Test Cases/Mobile/Scenario/Portfolio/008 - Portfolio Performance Quarter to Date Persen: Test Cases/Mobile/Scenario/Portfolio/008 - Portfolio Performance Quarter to Date Persen FAILED.
Reason:
com.kms.katalon.core.exception.StepFailedException: Unable to call Test Case 'Test Cases/Mobile/Page/Portfolio/Portfolio' (Root cause: com.kms.katalon.core.exception.StepFailedException: Call Test Case 'Test Cases/Mobile/Page/Portfolio/Portfolio' failed
	at com.kms.katalon.core.keyword.builtin.CallTestCaseKeyword$_callTestCase_closure1.doCall(CallTestCaseKeyword.groovy:63)
	at com.kms.katalon.core.keyword.builtin.CallTestCaseKeyword$_callTestCase_closure1.call(CallTestCaseKeyword.groovy)
	at com.kms.katalon.core.keyword.internal.KeywordMain.runKeyword(KeywordMain.groovy:68)
	at com.kms.katalon.core.keyword.builtin.CallTestCaseKeyword.callTestCase(CallTestCaseKeyword.groovy:81)
	at com.kms.katalon.core.keyword.builtin.CallTestCaseKeyword.execute(CallTestCaseKeyword.groovy:44)
	at com.kms.katalon.core.keyword.internal.KeywordExecutor.executeKeywordForPlatform(KeywordExecutor.groovy:73)
	at com.kms.katalon.core.keyword.BuiltinKeywords.callTestCase(BuiltinKeywords.groovy:334)
	at 008 - Portfolio Performance Quarter to Date Persen.run(008 - Portfolio Performance Quarter to Date Persen:22)
	at com.kms.katalon.core.main.ScriptEngine.run(ScriptEngine.java:194)
	at com.kms.katalon.core.main.ScriptEngine.runScriptAsRawText(ScriptEngine.java:119)
	at com.kms.katalon.core.main.TestCaseExecutor.runScript(TestCaseExecutor.java:398)
	at com.kms.katalon.core.main.TestCaseExecutor.doExecute(TestCaseExecutor.java:389)
	at com.kms.katalon.core.main.TestCaseExecutor.processExecutionPhase(TestCaseExecutor.java:368)
	at com.kms.katalon.core.main.TestCaseExecutor.accessMainPhase(TestCaseExecutor.java:360)
	at com.kms.katalon.core.main.TestCaseExecutor.execute(TestCaseExecutor.java:255)
	at com.kms.katalon.core.main.TestSuiteExecutor.accessTestCaseMainPhase(TestSuiteExecutor.java:203)
	at com.kms.katalon.core.main.TestSuiteExecutor.accessTestSuiteMainPhase(TestSuiteExecutor.java:152)
	at com.kms.katalon.core.main.TestSuiteExecutor.execute(TestSuiteExecutor.java:95)
	at com.kms.katalon.core.main.TestCaseMain.startTestSuite(TestCaseMain.java:157)
	at com.kms.katalon.core.main.TestCaseMain$startTestSuite$0.call(Unknown Source)
	at TempTestSuite1641112027960.run(TempTestSuite1641112027960.groovy:39)
Caused by: com.kms.katalon.core.exception.StepFailedException: Object Object Repository/Mobile/Page/Home/Menubar - Portfolio not found
	at com.kms.katalon.core.keyword.internal.KeywordMain.stepFailed(KeywordMain.groovy:50)
	at com.kms.katalon.core.mobile.keyword.internal.MobileKeywordMain.stepFailed(MobileKeywordMain.groovy:40)
	at com.kms.katalon.core.mobile.keyword.builtin.TapKeyword$_tap_closure1.doCall(TapKeyword.groovy:79)
	at com.kms.katalon.core.mobile.keyword.builtin.TapKeyword$_tap_closure1.call(TapKeyword.groovy)
	at com.kms.katalon.core.mobile.keyword.internal.MobileKeywordMain.runKeyword(MobileKeywordMain.groovy:21)
	at com.kms.katalon.core.mobile.keyword.builtin.TapKeyword.tap(TapKeyword.groovy:86)
	at com.kms.katalon.core.mobile.keyword.builtin.TapKeyword.execute(TapKeyword.groovy:68)
	at com.kms.katalon.core.keyword.internal.KeywordExecutor.executeKeywordForPlatform(KeywordExecutor.groovy:73)
	at com.kms.katalon.core.mobile.keyword.MobileBuiltInKeywords.tap(MobileBuiltInKeywords.groovy:1354)
	at com.kms.katalon.core.mobile.keyword.MobileBuiltInKeywords$tap$1.call(Unknown Source)
	at Portfolio.run(Portfolio:24)
	at com.kms.katalon.core.main.ScriptEngine.run(ScriptEngine.java:194)
	at com.kms.katalon.core.main.ScriptEngine.runScriptAsRawText(ScriptEngine.java:119)
	at com.kms.katalon.core.main.TestCaseExecutor.runScript(TestCaseExecutor.java:398)
	at com.kms.katalon.core.main.TestCaseExecutor.doExecute(TestCaseExecutor.java:389)
	at com.kms.katalon.core.main.TestCaseExecutor.processExecutionPhase(TestCaseExecutor.java:368)
	at com.kms.katalon.core.main.TestCaseExecutor.accessMainPhase(TestCaseExecutor.java:360)
	at com.kms.katalon.core.main.TestCaseExecutor.execute(TestCaseExecutor.java:255)
	at com.kms.katalon.core.main.TestCaseMain.runTestCase(TestCaseMain.java:114)
	at com.kms.katalon.core.keyword.builtin.CallTestCaseKeyword$_callTestCase_closure1.doCall(CallTestCaseKeyword.groovy:59)
	... 20 more
)
	at com.kms.katalon.core.keyword.internal.KeywordMain.stepFailed(KeywordMain.groovy:39)
	at com.kms.katalon.core.keyword.internal.KeywordMain.stepFailed(KeywordMain.groovy)
	at com.kms.katalon.core.keyword.internal.KeywordMain.runKeyword(KeywordMain.groovy:70)
	at com.kms.katalon.core.keyword.builtin.CallTestCaseKeyword.callTestCase(CallTestCaseKeyword.groovy:81)
	at com.kms.katalon.core.keyword.builtin.CallTestCaseKeyword.execute(CallTestCaseKeyword.groovy:44)
	at com.kms.katalon.core.keyword.internal.KeywordExecutor.executeKeywordForPlatform(KeywordExecutor.groovy:73)
	at com.kms.katalon.core.keyword.BuiltinKeywords.callTestCase(BuiltinKeywords.groovy:334)
	at 008 - Portfolio Performance Quarter to Date Persen.run(008 - Portfolio Performance Quarter to Date Persen:22)
	at com.kms.katalon.core.main.ScriptEngine.run(ScriptEngine.java:194)
	at com.kms.katalon.core.main.ScriptEngine.runScriptAsRawText(ScriptEngine.java:119)
	at com.kms.katalon.core.main.TestCaseExecutor.runScript(TestCaseExecutor.java:398)
	at com.kms.katalon.core.main.TestCaseExecutor.doExecute(TestCaseExecutor.java:389)
	at com.kms.katalon.core.main.TestCaseExecutor.processExecutionPhase(TestCaseExecutor.java:368)
	at com.kms.katalon.core.main.TestCaseExecutor.accessMainPhase(TestCaseExecutor.java:360)
	at com.kms.katalon.core.main.TestCaseExecutor.execute(TestCaseExecutor.java:255)
	at com.kms.katalon.core.main.TestSuiteExecutor.accessTestCaseMainPhase(TestSuiteExecutor.java:203)
	at com.kms.katalon.core.main.TestSuiteExecutor.accessTestSuiteMainPhase(TestSuiteExecutor.java:152)
	at com.kms.katalon.core.main.TestSuiteExecutor.execute(TestSuiteExecutor.java:95)
	at com.kms.katalon.core.main.TestCaseMain.startTestSuite(TestCaseMain.java:157)
	at com.kms.katalon.core.main.TestCaseMain$startTestSuite$0.call(Unknown Source)
	at TempTestSuite1641112027960.run(TempTestSuite1641112027960.groovy:39)
Caused by: com.kms.katalon.core.exception.StepFailedException: Call Test Case 'Test Cases/Mobile/Page/Portfolio/Portfolio' failed
	at com.kms.katalon.core.keyword.builtin.CallTestCaseKeyword$_callTestCase_closure1.doCall(CallTestCaseKeyword.groovy:63)
	at com.kms.katalon.core.keyword.builtin.CallTestCaseKeyword$_callTestCase_closure1.call(CallTestCaseKeyword.groovy)
	at com.kms.katalon.core.keyword.internal.KeywordMain.runKeyword(KeywordMain.groovy:68)
	... 18 more
Caused by: com.kms.katalon.core.exception.StepFailedException: Object Object Repository/Mobile/Page/Home/Menubar - Portfolio not found
	at com.kms.katalon.core.keyword.internal.KeywordMain.stepFailed(KeywordMain.groovy:50)
	at com.kms.katalon.core.mobile.keyword.internal.MobileKeywordMain.stepFailed(MobileKeywordMain.groovy:40)
	at com.kms.katalon.core.mobile.keyword.builtin.TapKeyword$_tap_closure1.doCall(TapKeyword.groovy:79)
	at com.kms.katalon.core.mobile.keyword.builtin.TapKeyword$_tap_closure1.call(TapKeyword.groovy)
	at com.kms.katalon.core.mobile.keyword.internal.MobileKeywordMain.runKeyword(MobileKeywordMain.groovy:21)
	at com.kms.katalon.core.mobile.keyword.builtin.TapKeyword.tap(TapKeyword.groovy:86)
	at com.kms.katalon.core.mobile.keyword.builtin.TapKeyword.execute(TapKeyword.groovy:68)
	at com.kms.katalon.core.keyword.internal.KeywordExecutor.executeKeywordForPlatform(KeywordExecutor.groovy:73)
	at com.kms.katalon.core.mobile.keyword.MobileBuiltInKeywords.tap(MobileBuiltInKeywords.groovy:1354)
	at com.kms.katalon.core.mobile.keyword.MobileBuiltInKeywords$tap$1.call(Unknown Source)
	at Portfolio.run(Portfolio:24)
	at com.kms.katalon.core.main.ScriptEngine.run(ScriptEngine.java:194)
	at com.kms.katalon.core.main.ScriptEngine.runScriptAsRawText(ScriptEngine.java:119)
	at com.kms.katalon.core.main.TestCaseExecutor.runScript(TestCaseExecutor.java:398)
	at com.kms.katalon.core.main.TestCaseExecutor.doExecute(TestCaseExecutor.java:389)
	at com.kms.katalon.core.main.TestCaseExecutor.processExecutionPhase(TestCaseExecutor.java:368)
	at com.kms.katalon.core.main.TestCaseExecutor.accessMainPhase(TestCaseExecutor.java:360)
	at com.kms.katalon.core.main.TestCaseExecutor.execute(TestCaseExecutor.java:255)
	at com.kms.katalon.core.main.TestCaseMain.runTestCase(TestCaseMain.java:114)
	at com.kms.katalon.core.keyword.builtin.CallTestCaseKeyword$_callTestCase_closure1.doCall(CallTestCaseKeyword.groovy:59)
	... 20 more]]></system-err>
      </testcase>
      <testcase name="Test Cases/Mobile/Scenario/Portfolio/009 - Portfolio Performance Year to Date Persen" time="60.961" classname="Test Cases/Mobile/Scenario/Portfolio/009 - Portfolio Performance Year to Date Persen" status="PASSED">
         <system-out><![CDATA[2022-01-02 15:36:27 - [TEST_CASE][PASSED] - Test Cases/Mobile/Scenario/Portfolio/009 - Portfolio Performance Year to Date Persen: Test Cases/Mobile/Scenario/Portfolio/009 - Portfolio Performance Year to Date Persen

2022-01-02 15:36:27 - [TEST_STEP][PASSED] - callTestCase(findTestCase("Mobile/Page/Run App/Run App byID"), [:], STOP_ON_FAILURE): Call Test Case 'Test Cases/Mobile/Page/Run App/Run App byID' successfully

2022-01-02 15:36:27 - [TEST_CASE][PASSED] - Test Cases/Mobile/Page/Run App/Run App byID: Test Cases/Mobile/Page/Run App/Run App byID

2022-01-02 15:36:27 - [TEST_STEP][PASSED] - startApp.OpenApp.startApplication("id.co.miraeasset.sageclub"): startApp.OpenApp.startApplication is PASSED

2022-01-02 15:36:40 - [MESSAGE][PASSED] - Starting app with application ID: 'id.co.miraeasset.sageclub'

2022-01-02 15:36:40 - [MESSAGE][PASSED] - startApp.OpenApp.startApplication is PASSED

2022-01-02 15:36:40 - [MESSAGE][PASSED] - Call Test Case 'Test Cases/Mobile/Page/Run App/Run App byID' successfully

2022-01-02 15:36:40 - [TEST_STEP][PASSED] - callTestCase(findTestCase("Mobile/Page/Portfolio/Portfolio"), ["tab":"summary", "action":"perf_year", "action2":"persen"], CONTINUE_ON_FAILURE): Call Test Case 'Test Cases/Mobile/Page/Portfolio/Portfolio' successfully

2022-01-02 15:36:40 - [TEST_CASE][PASSED] - Test Cases/Mobile/Page/Portfolio/Portfolio: Test Cases/Mobile/Page/Portfolio/Portfolio

2022-01-02 15:36:40 - [TEST_STEP][PASSED] - callTestCase(findTestCase("Mobile/Page/CheckLogin"), [:], CONTINUE_ON_FAILURE): Call Test Case 'Test Cases/Mobile/Page/CheckLogin' successfully

2022-01-02 15:36:40 - [TEST_CASE][PASSED] - Test Cases/Mobile/Page/CheckLogin: Test Cases/Mobile/Page/CheckLogin

2022-01-02 15:36:40 - [TEST_STEP][PASSED] - loginCheck = verifyElementExist(LOGN_BtnLogin, 5, CONTINUE_ON_FAILURE): Element 'Object Repository/Mobile/Page/Login/Button - Login' is exist

2022-01-02 15:36:42 - [MESSAGE][PASSED] - Element 'Object Repository/Mobile/Page/Login/Button - Login' is exist

2022-01-02 15:36:42 - [TEST_STEP][PASSED] - if (loginCheck): Call Test Case 'Test Cases/Mobile/Page/Login/Login' successfully

2022-01-02 15:36:42 - [TEST_STEP][PASSED] - callTestCase(findTestCase("Mobile/Page/Login/Login"), ["action":"username"], CONTINUE_ON_FAILURE): Call Test Case 'Test Cases/Mobile/Page/Login/Login' successfully

2022-01-02 15:36:42 - [TEST_CASE][PASSED] - Test Cases/Mobile/Page/Login/Login: Test Cases/Mobile/Page/Login/Login

2022-01-02 15:36:42 - [TEST_STEP][PASSED] - delay(2): Delayed 2 second(s)

2022-01-02 15:36:44 - [MESSAGE][PASSED] - Delayed 2 second(s)

2022-01-02 15:36:44 - [TEST_STEP][PASSED] - for ([i = 0, i < 1, (i++)]): null

2022-01-02 15:36:44 - [TEST_STEP][PASSED] - if (action == "username"): null

2022-01-02 15:36:44 - [TEST_STEP][PASSED] - tap(LOGN_EdtUserID, 0): Tapped on element 'Object Repository/Mobile/Page/Login/Input - UserID'

2022-01-02 15:36:44 - [MESSAGE][WARNING] - Timeout '0' is invalid. Using default page load timeout: '60'

2022-01-02 15:36:44 - [MESSAGE][PASSED] - Tapped on element 'Object Repository/Mobile/Page/Login/Input - UserID'

2022-01-02 15:36:44 - [TEST_STEP][PASSED] - delay(1): Delayed 1 second(s)

2022-01-02 15:36:45 - [MESSAGE][PASSED] - Delayed 1 second(s)

2022-01-02 15:36:45 - [TEST_STEP][PASSED] - setText(LOGN_EdtRdyUserID, "anggaaditya", 0): Text 'anggaaditya' has been set to element 'Object Repository/Mobile/Page/Login/Input Rdy - UserID'

2022-01-02 15:36:45 - [MESSAGE][WARNING] - Timeout '0' is invalid. Using default page load timeout: '60'

2022-01-02 15:36:46 - [MESSAGE][PASSED] - Text 'anggaaditya' has been set to element 'Object Repository/Mobile/Page/Login/Input Rdy - UserID'

2022-01-02 15:36:46 - [TEST_STEP][PASSED] - delay(1): Delayed 1 second(s)

2022-01-02 15:36:47 - [MESSAGE][PASSED] - Delayed 1 second(s)

2022-01-02 15:36:47 - [TEST_STEP][PASSED] - hideKeyboard(): Keyboard is hidden

2022-01-02 15:36:50 - [MESSAGE][PASSED] - Keyboard is hidden

2022-01-02 15:36:50 - [TEST_STEP][PASSED] - tap(LOGN_EdtPassword, 0): Tapped on element 'Object Repository/Mobile/Page/Login/Input - Password'

2022-01-02 15:36:50 - [MESSAGE][WARNING] - Timeout '0' is invalid. Using default page load timeout: '60'

2022-01-02 15:36:51 - [MESSAGE][PASSED] - Tapped on element 'Object Repository/Mobile/Page/Login/Input - Password'

2022-01-02 15:36:51 - [TEST_STEP][PASSED] - delay(1): Delayed 1 second(s)

2022-01-02 15:36:52 - [MESSAGE][PASSED] - Delayed 1 second(s)

2022-01-02 15:36:52 - [TEST_STEP][PASSED] - setText(LOGN_EdtRdyPassword, "Shalawa18", 0): Text 'Shalawa18' has been set to element 'Object Repository/Mobile/Page/Login/Input Rdy - Password'

2022-01-02 15:36:52 - [MESSAGE][WARNING] - Timeout '0' is invalid. Using default page load timeout: '60'

2022-01-02 15:36:52 - [MESSAGE][PASSED] - Text 'Shalawa18' has been set to element 'Object Repository/Mobile/Page/Login/Input Rdy - Password'

2022-01-02 15:36:52 - [TEST_STEP][PASSED] - delay(1): Delayed 1 second(s)

2022-01-02 15:36:53 - [MESSAGE][PASSED] - Delayed 1 second(s)

2022-01-02 15:36:53 - [TEST_STEP][PASSED] - hideKeyboard(): Keyboard is hidden

2022-01-02 15:37:00 - [MESSAGE][PASSED] - Keyboard is hidden

2022-01-02 15:37:00 - [TEST_STEP][PASSED] - tap(LOGN_BtnLogin, 0): Tapped on element 'Object Repository/Mobile/Page/Login/Button - Login'

2022-01-02 15:37:00 - [MESSAGE][WARNING] - Timeout '0' is invalid. Using default page load timeout: '60'

2022-01-02 15:37:01 - [MESSAGE][PASSED] - Tapped on element 'Object Repository/Mobile/Page/Login/Button - Login'

2022-01-02 15:37:01 - [TEST_STEP][PASSED] - delay(2): Delayed 2 second(s)

2022-01-02 15:37:03 - [MESSAGE][PASSED] - Delayed 2 second(s)

2022-01-02 15:37:03 - [TEST_STEP][PASSED] - break: null

2022-01-02 15:37:03 - [MESSAGE][PASSED] - Call Test Case 'Test Cases/Mobile/Page/Login/Login' successfully

2022-01-02 15:37:03 - [MESSAGE][PASSED] - Call Test Case 'Test Cases/Mobile/Page/CheckLogin' successfully

2022-01-02 15:37:03 - [TEST_STEP][PASSED] - tap(HOME_MenubarPortfolio, 0): Tapped on element 'Object Repository/Mobile/Page/Home/Menubar - Portfolio'

2022-01-02 15:37:03 - [MESSAGE][WARNING] - Timeout '0' is invalid. Using default page load timeout: '60'

2022-01-02 15:37:04 - [MESSAGE][PASSED] - Tapped on element 'Object Repository/Mobile/Page/Home/Menubar - Portfolio'

2022-01-02 15:37:04 - [TEST_STEP][PASSED] - delay(1): Delayed 1 second(s)

2022-01-02 15:37:05 - [MESSAGE][PASSED] - Delayed 1 second(s)

2022-01-02 15:37:05 - [TEST_STEP][PASSED] - for ([i = 0, i < 1, (i++)]): Delayed 3 second(s)

2022-01-02 15:37:05 - [TEST_STEP][PASSED] - if (tab == "summary"): Delayed 3 second(s)

2022-01-02 15:37:05 - [TEST_STEP][PASSED] - idr = PORT_BtnIDR: null

2022-01-02 15:37:05 - [TEST_STEP][PASSED] - persen = PORT_BtnPersen: null

2022-01-02 15:37:05 - [TEST_STEP][PASSED] - if (action == "summary"): null

2022-01-02 15:37:05 - [TEST_STEP][PASSED] - else if (action == "perf_daily"): null

2022-01-02 15:37:05 - [TEST_STEP][PASSED] - else if (action == "perf_month"): null

2022-01-02 15:37:05 - [TEST_STEP][PASSED] - else if (action == "perf_quarter"): null

2022-01-02 15:37:05 - [TEST_STEP][PASSED] - else if (action == "perf_year"): Tapped on element 'Object Repository/Mobile/Page/Portfolio/Tab - Summary Year to Date'

2022-01-02 15:37:05 - [TEST_STEP][PASSED] - scroll.scroll.scrollScreenBottomToTop(): scroll.scroll.scrollScreenBottomToTop is PASSED

2022-01-02 15:37:05 - [MESSAGE][PASSED] - Current device physical height is 1423

2022-01-02 15:37:05 - [MESSAGE][PASSED] - Current device physical width is 720

2022-01-02 15:37:07 - [MESSAGE][PASSED] - Swiped from 360,1,138 to 360,284

2022-01-02 15:37:07 - [MESSAGE][PASSED] - scroll.scroll.scrollScreenBottomToTop is PASSED

2022-01-02 15:37:07 - [TEST_STEP][PASSED] - delay(1): Delayed 1 second(s)

2022-01-02 15:37:08 - [MESSAGE][PASSED] - Delayed 1 second(s)

2022-01-02 15:37:08 - [TEST_STEP][PASSED] - tap(PORT_TabSummaryYear, 0): Tapped on element 'Object Repository/Mobile/Page/Portfolio/Tab - Summary Year to Date'

2022-01-02 15:37:08 - [MESSAGE][WARNING] - Timeout '0' is invalid. Using default page load timeout: '60'

2022-01-02 15:37:09 - [MESSAGE][PASSED] - Tapped on element 'Object Repository/Mobile/Page/Portfolio/Tab - Summary Year to Date'

2022-01-02 15:37:09 - [TEST_STEP][PASSED] - if (action != "summary"): Delayed 3 second(s)

2022-01-02 15:37:09 - [TEST_STEP][PASSED] - delay(1): Delayed 1 second(s)

2022-01-02 15:37:10 - [MESSAGE][PASSED] - Delayed 1 second(s)

2022-01-02 15:37:10 - [TEST_STEP][PASSED] - scroll.scroll.scrollScreenBottomToTop(): scroll.scroll.scrollScreenBottomToTop is PASSED

2022-01-02 15:37:10 - [MESSAGE][PASSED] - Current device physical height is 1423

2022-01-02 15:37:10 - [MESSAGE][PASSED] - Current device physical width is 720

2022-01-02 15:37:11 - [MESSAGE][PASSED] - Swiped from 360,1,138 to 360,284

2022-01-02 15:37:11 - [MESSAGE][PASSED] - scroll.scroll.scrollScreenBottomToTop is PASSED

2022-01-02 15:37:11 - [TEST_STEP][PASSED] - delay(3): Delayed 3 second(s)

2022-01-02 15:37:14 - [MESSAGE][PASSED] - Delayed 3 second(s)

2022-01-02 15:37:14 - [TEST_STEP][PASSED] - if (action2 == "idr"): null

2022-01-02 15:37:14 - [TEST_STEP][PASSED] - else if (action2 == "persen"): Delayed 3 second(s)

2022-01-02 15:37:14 - [TEST_STEP][PASSED] - tap(persen, 10): Tapped on element 'Object Repository/Mobile/Page/Portfolio/Button - Persen'

2022-01-02 15:37:15 - [MESSAGE][PASSED] - Tapped on element 'Object Repository/Mobile/Page/Portfolio/Button - Persen'

2022-01-02 15:37:15 - [TEST_STEP][PASSED] - delay(3): Delayed 3 second(s)

2022-01-02 15:37:18 - [MESSAGE][PASSED] - Delayed 3 second(s)

2022-01-02 15:37:18 - [MESSAGE][PASSED] - Call Test Case 'Test Cases/Mobile/Page/Portfolio/Portfolio' successfully

2022-01-02 15:37:18 - [TEST_STEP][PASSED] - callTestCase(findTestCase("Mobile/Page/Run App/Terminate App"), [:], STOP_ON_FAILURE): Call Test Case 'Test Cases/Mobile/Page/Run App/Terminate App' successfully

2022-01-02 15:37:18 - [TEST_CASE][PASSED] - Test Cases/Mobile/Page/Run App/Terminate App: Test Cases/Mobile/Page/Run App/Terminate App

2022-01-02 15:37:18 - [TEST_STEP][PASSED] - startApp.OpenApp.terminateApplication(): startApp.OpenApp.terminateApplication is PASSED

2022-01-02 15:37:21 - [MESSAGE][PASSED] - Delayed 3 second(s)

2022-01-02 15:37:21 - [MESSAGE][PASSED] - Current device physical width is 720

2022-01-02 15:37:21 - [MESSAGE][PASSED] - Current device physical height is 1423

2022-01-02 15:37:23 - [MESSAGE][PASSED] - Swiped from 360,853 to 360,142

2022-01-02 15:37:24 - [MESSAGE][PASSED] - Delayed 1 second(s)

2022-01-02 15:37:25 - [MESSAGE][PASSED] - Swiped from 360,853 to 360,142

2022-01-02 15:37:28 - [MESSAGE][PASSED] - Delayed 3 second(s)

2022-01-02 15:37:28 - [MESSAGE][PASSED] - startApp.OpenApp.terminateApplication is PASSED

2022-01-02 15:37:28 - [MESSAGE][PASSED] - Call Test Case 'Test Cases/Mobile/Page/Run App/Terminate App' successfully]]></system-out>
         <system-err><![CDATA[]]></system-err>
      </testcase>
      <testcase name="Test Cases/Mobile/Scenario/Portfolio/010 - Melihat list stock" time="54.354" classname="Test Cases/Mobile/Scenario/Portfolio/010 - Melihat list stock" status="PASSED">
         <system-out><![CDATA[2022-01-02 15:37:28 - [TEST_CASE][PASSED] - Test Cases/Mobile/Scenario/Portfolio/010 - Melihat list stock: Test Cases/Mobile/Scenario/Portfolio/010 - Melihat list stock

2022-01-02 15:37:28 - [TEST_STEP][PASSED] - callTestCase(findTestCase("Mobile/Page/Run App/Run App byID"), [:], STOP_ON_FAILURE): Call Test Case 'Test Cases/Mobile/Page/Run App/Run App byID' successfully

2022-01-02 15:37:28 - [TEST_CASE][PASSED] - Test Cases/Mobile/Page/Run App/Run App byID: Test Cases/Mobile/Page/Run App/Run App byID

2022-01-02 15:37:28 - [TEST_STEP][PASSED] - startApp.OpenApp.startApplication("id.co.miraeasset.sageclub"): startApp.OpenApp.startApplication is PASSED

2022-01-02 15:37:41 - [MESSAGE][PASSED] - Starting app with application ID: 'id.co.miraeasset.sageclub'

2022-01-02 15:37:41 - [MESSAGE][PASSED] - startApp.OpenApp.startApplication is PASSED

2022-01-02 15:37:41 - [MESSAGE][PASSED] - Call Test Case 'Test Cases/Mobile/Page/Run App/Run App byID' successfully

2022-01-02 15:37:41 - [TEST_STEP][PASSED] - callTestCase(findTestCase("Mobile/Page/Portfolio/Portfolio"), ["tab":"stock"], CONTINUE_ON_FAILURE): Call Test Case 'Test Cases/Mobile/Page/Portfolio/Portfolio' successfully

2022-01-02 15:37:41 - [TEST_CASE][PASSED] - Test Cases/Mobile/Page/Portfolio/Portfolio: Test Cases/Mobile/Page/Portfolio/Portfolio

2022-01-02 15:37:41 - [TEST_STEP][PASSED] - callTestCase(findTestCase("Mobile/Page/CheckLogin"), [:], CONTINUE_ON_FAILURE): Call Test Case 'Test Cases/Mobile/Page/CheckLogin' successfully

2022-01-02 15:37:42 - [TEST_CASE][PASSED] - Test Cases/Mobile/Page/CheckLogin: Test Cases/Mobile/Page/CheckLogin

2022-01-02 15:37:42 - [TEST_STEP][PASSED] - loginCheck = verifyElementExist(LOGN_BtnLogin, 5, CONTINUE_ON_FAILURE): Element 'Object Repository/Mobile/Page/Login/Button - Login' is exist

2022-01-02 15:37:43 - [MESSAGE][PASSED] - Element 'Object Repository/Mobile/Page/Login/Button - Login' is exist

2022-01-02 15:37:43 - [TEST_STEP][PASSED] - if (loginCheck): Call Test Case 'Test Cases/Mobile/Page/Login/Login' successfully

2022-01-02 15:37:43 - [TEST_STEP][PASSED] - callTestCase(findTestCase("Mobile/Page/Login/Login"), ["action":"username"], CONTINUE_ON_FAILURE): Call Test Case 'Test Cases/Mobile/Page/Login/Login' successfully

2022-01-02 15:37:43 - [TEST_CASE][PASSED] - Test Cases/Mobile/Page/Login/Login: Test Cases/Mobile/Page/Login/Login

2022-01-02 15:37:43 - [TEST_STEP][PASSED] - delay(2): Delayed 2 second(s)

2022-01-02 15:37:45 - [MESSAGE][PASSED] - Delayed 2 second(s)

2022-01-02 15:37:45 - [TEST_STEP][PASSED] - for ([i = 0, i < 1, (i++)]): null

2022-01-02 15:37:45 - [TEST_STEP][PASSED] - if (action == "username"): null

2022-01-02 15:37:45 - [TEST_STEP][PASSED] - tap(LOGN_EdtUserID, 0): Tapped on element 'Object Repository/Mobile/Page/Login/Input - UserID'

2022-01-02 15:37:45 - [MESSAGE][WARNING] - Timeout '0' is invalid. Using default page load timeout: '60'

2022-01-02 15:37:46 - [MESSAGE][PASSED] - Tapped on element 'Object Repository/Mobile/Page/Login/Input - UserID'

2022-01-02 15:37:46 - [TEST_STEP][PASSED] - delay(1): Delayed 1 second(s)

2022-01-02 15:37:47 - [MESSAGE][PASSED] - Delayed 1 second(s)

2022-01-02 15:37:47 - [TEST_STEP][PASSED] - setText(LOGN_EdtRdyUserID, "anggaaditya", 0): Text 'anggaaditya' has been set to element 'Object Repository/Mobile/Page/Login/Input Rdy - UserID'

2022-01-02 15:37:47 - [MESSAGE][WARNING] - Timeout '0' is invalid. Using default page load timeout: '60'

2022-01-02 15:37:47 - [MESSAGE][PASSED] - Text 'anggaaditya' has been set to element 'Object Repository/Mobile/Page/Login/Input Rdy - UserID'

2022-01-02 15:37:47 - [TEST_STEP][PASSED] - delay(1): Delayed 1 second(s)

2022-01-02 15:37:48 - [MESSAGE][PASSED] - Delayed 1 second(s)

2022-01-02 15:37:48 - [TEST_STEP][PASSED] - hideKeyboard(): Keyboard is hidden

2022-01-02 15:37:52 - [MESSAGE][PASSED] - Keyboard is hidden

2022-01-02 15:37:52 - [TEST_STEP][PASSED] - tap(LOGN_EdtPassword, 0): Tapped on element 'Object Repository/Mobile/Page/Login/Input - Password'

2022-01-02 15:37:52 - [MESSAGE][WARNING] - Timeout '0' is invalid. Using default page load timeout: '60'

2022-01-02 15:37:52 - [MESSAGE][PASSED] - Tapped on element 'Object Repository/Mobile/Page/Login/Input - Password'

2022-01-02 15:37:52 - [TEST_STEP][PASSED] - delay(1): Delayed 1 second(s)

2022-01-02 15:37:53 - [MESSAGE][PASSED] - Delayed 1 second(s)

2022-01-02 15:37:53 - [TEST_STEP][PASSED] - setText(LOGN_EdtRdyPassword, "Shalawa18", 0): Text 'Shalawa18' has been set to element 'Object Repository/Mobile/Page/Login/Input Rdy - Password'

2022-01-02 15:37:53 - [MESSAGE][WARNING] - Timeout '0' is invalid. Using default page load timeout: '60'

2022-01-02 15:37:54 - [MESSAGE][PASSED] - Text 'Shalawa18' has been set to element 'Object Repository/Mobile/Page/Login/Input Rdy - Password'

2022-01-02 15:37:54 - [TEST_STEP][PASSED] - delay(1): Delayed 1 second(s)

2022-01-02 15:37:55 - [MESSAGE][PASSED] - Delayed 1 second(s)

2022-01-02 15:37:55 - [TEST_STEP][PASSED] - hideKeyboard(): Keyboard is hidden

2022-01-02 15:38:01 - [MESSAGE][PASSED] - Keyboard is hidden

2022-01-02 15:38:01 - [TEST_STEP][PASSED] - tap(LOGN_BtnLogin, 0): Tapped on element 'Object Repository/Mobile/Page/Login/Button - Login'

2022-01-02 15:38:01 - [MESSAGE][WARNING] - Timeout '0' is invalid. Using default page load timeout: '60'

2022-01-02 15:38:02 - [MESSAGE][PASSED] - Tapped on element 'Object Repository/Mobile/Page/Login/Button - Login'

2022-01-02 15:38:02 - [TEST_STEP][PASSED] - delay(2): Delayed 2 second(s)

2022-01-02 15:38:04 - [MESSAGE][PASSED] - Delayed 2 second(s)

2022-01-02 15:38:04 - [TEST_STEP][PASSED] - break: null

2022-01-02 15:38:04 - [MESSAGE][PASSED] - Call Test Case 'Test Cases/Mobile/Page/Login/Login' successfully

2022-01-02 15:38:04 - [MESSAGE][PASSED] - Call Test Case 'Test Cases/Mobile/Page/CheckLogin' successfully

2022-01-02 15:38:04 - [TEST_STEP][PASSED] - tap(HOME_MenubarPortfolio, 0): Tapped on element 'Object Repository/Mobile/Page/Home/Menubar - Portfolio'

2022-01-02 15:38:04 - [MESSAGE][WARNING] - Timeout '0' is invalid. Using default page load timeout: '60'

2022-01-02 15:38:05 - [MESSAGE][PASSED] - Tapped on element 'Object Repository/Mobile/Page/Home/Menubar - Portfolio'

2022-01-02 15:38:05 - [TEST_STEP][PASSED] - delay(1): Delayed 1 second(s)

2022-01-02 15:38:06 - [MESSAGE][PASSED] - Delayed 1 second(s)

2022-01-02 15:38:06 - [TEST_STEP][PASSED] - for ([i = 0, i < 1, (i++)]): Delayed 3 second(s)

2022-01-02 15:38:06 - [TEST_STEP][PASSED] - if (tab == "summary"): null

2022-01-02 15:38:06 - [TEST_STEP][PASSED] - else if (tab == "stock"): Delayed 3 second(s)

2022-01-02 15:38:06 - [TEST_STEP][PASSED] - tap(PORT_TabStock, 0): Tapped on element 'Object Repository/Mobile/Page/Portfolio/Tab - Stock'

2022-01-02 15:38:06 - [MESSAGE][WARNING] - Timeout '0' is invalid. Using default page load timeout: '60'

2022-01-02 15:38:07 - [MESSAGE][PASSED] - Tapped on element 'Object Repository/Mobile/Page/Portfolio/Tab - Stock'

2022-01-02 15:38:07 - [TEST_STEP][PASSED] - scroll.scroll.scrollScreenBottomToTop(): scroll.scroll.scrollScreenBottomToTop is PASSED

2022-01-02 15:38:08 - [MESSAGE][PASSED] - Current device physical height is 1423

2022-01-02 15:38:08 - [MESSAGE][PASSED] - Current device physical width is 720

2022-01-02 15:38:09 - [MESSAGE][PASSED] - Swiped from 360,1,138 to 360,284

2022-01-02 15:38:09 - [MESSAGE][PASSED] - scroll.scroll.scrollScreenBottomToTop is PASSED

2022-01-02 15:38:09 - [TEST_STEP][PASSED] - delay(3): Delayed 3 second(s)

2022-01-02 15:38:12 - [MESSAGE][PASSED] - Delayed 3 second(s)

2022-01-02 15:38:12 - [MESSAGE][PASSED] - Call Test Case 'Test Cases/Mobile/Page/Portfolio/Portfolio' successfully

2022-01-02 15:38:12 - [TEST_STEP][PASSED] - callTestCase(findTestCase("Mobile/Page/Run App/Terminate App"), [:], STOP_ON_FAILURE): Call Test Case 'Test Cases/Mobile/Page/Run App/Terminate App' successfully

2022-01-02 15:38:12 - [TEST_CASE][PASSED] - Test Cases/Mobile/Page/Run App/Terminate App: Test Cases/Mobile/Page/Run App/Terminate App

2022-01-02 15:38:12 - [TEST_STEP][PASSED] - startApp.OpenApp.terminateApplication(): startApp.OpenApp.terminateApplication is PASSED

2022-01-02 15:38:15 - [MESSAGE][PASSED] - Delayed 3 second(s)

2022-01-02 15:38:15 - [MESSAGE][PASSED] - Current device physical width is 720

2022-01-02 15:38:16 - [MESSAGE][PASSED] - Current device physical height is 1423

2022-01-02 15:38:17 - [MESSAGE][PASSED] - Swiped from 360,853 to 360,142

2022-01-02 15:38:18 - [MESSAGE][PASSED] - Delayed 1 second(s)

2022-01-02 15:38:19 - [MESSAGE][PASSED] - Swiped from 360,853 to 360,142

2022-01-02 15:38:22 - [MESSAGE][PASSED] - Delayed 3 second(s)

2022-01-02 15:38:22 - [MESSAGE][PASSED] - startApp.OpenApp.terminateApplication is PASSED

2022-01-02 15:38:22 - [MESSAGE][PASSED] - Call Test Case 'Test Cases/Mobile/Page/Run App/Terminate App' successfully]]></system-out>
         <system-err><![CDATA[]]></system-err>
      </testcase>
      <testcase name="Test Cases/Mobile/Scenario/Portfolio/011 - Melihat list mutual fund" time="61.956" classname="Test Cases/Mobile/Scenario/Portfolio/011 - Melihat list mutual fund" status="PASSED">
         <system-out><![CDATA[2022-01-02 15:38:22 - [TEST_CASE][PASSED] - Test Cases/Mobile/Scenario/Portfolio/011 - Melihat list mutual fund: Test Cases/Mobile/Scenario/Portfolio/011 - Melihat list mutual fund

2022-01-02 15:38:23 - [TEST_STEP][PASSED] - callTestCase(findTestCase("Mobile/Page/Run App/Run App byID"), [:], STOP_ON_FAILURE): Call Test Case 'Test Cases/Mobile/Page/Run App/Run App byID' successfully

2022-01-02 15:38:23 - [TEST_CASE][PASSED] - Test Cases/Mobile/Page/Run App/Run App byID: Test Cases/Mobile/Page/Run App/Run App byID

2022-01-02 15:38:23 - [TEST_STEP][PASSED] - startApp.OpenApp.startApplication("id.co.miraeasset.sageclub"): startApp.OpenApp.startApplication is PASSED

2022-01-02 15:38:36 - [MESSAGE][PASSED] - Starting app with application ID: 'id.co.miraeasset.sageclub'

2022-01-02 15:38:36 - [MESSAGE][PASSED] - startApp.OpenApp.startApplication is PASSED

2022-01-02 15:38:36 - [MESSAGE][PASSED] - Call Test Case 'Test Cases/Mobile/Page/Run App/Run App byID' successfully

2022-01-02 15:38:36 - [TEST_STEP][PASSED] - callTestCase(findTestCase("Mobile/Page/Portfolio/Portfolio"), ["tab":"mutualfund", "action2":"none"], CONTINUE_ON_FAILURE): Call Test Case 'Test Cases/Mobile/Page/Portfolio/Portfolio' successfully

2022-01-02 15:38:36 - [TEST_CASE][PASSED] - Test Cases/Mobile/Page/Portfolio/Portfolio: Test Cases/Mobile/Page/Portfolio/Portfolio

2022-01-02 15:38:36 - [TEST_STEP][PASSED] - callTestCase(findTestCase("Mobile/Page/CheckLogin"), [:], CONTINUE_ON_FAILURE): Call Test Case 'Test Cases/Mobile/Page/CheckLogin' successfully

2022-01-02 15:38:36 - [TEST_CASE][PASSED] - Test Cases/Mobile/Page/CheckLogin: Test Cases/Mobile/Page/CheckLogin

2022-01-02 15:38:36 - [TEST_STEP][PASSED] - loginCheck = verifyElementExist(LOGN_BtnLogin, 5, CONTINUE_ON_FAILURE): Element 'Object Repository/Mobile/Page/Login/Button - Login' is exist

2022-01-02 15:38:38 - [MESSAGE][PASSED] - Element 'Object Repository/Mobile/Page/Login/Button - Login' is exist

2022-01-02 15:38:38 - [TEST_STEP][PASSED] - if (loginCheck): Call Test Case 'Test Cases/Mobile/Page/Login/Login' successfully

2022-01-02 15:38:38 - [TEST_STEP][PASSED] - callTestCase(findTestCase("Mobile/Page/Login/Login"), ["action":"username"], CONTINUE_ON_FAILURE): Call Test Case 'Test Cases/Mobile/Page/Login/Login' successfully

2022-01-02 15:38:38 - [TEST_CASE][PASSED] - Test Cases/Mobile/Page/Login/Login: Test Cases/Mobile/Page/Login/Login

2022-01-02 15:38:38 - [TEST_STEP][PASSED] - delay(2): Delayed 2 second(s)

2022-01-02 15:38:40 - [MESSAGE][PASSED] - Delayed 2 second(s)

2022-01-02 15:38:40 - [TEST_STEP][PASSED] - for ([i = 0, i < 1, (i++)]): null

2022-01-02 15:38:40 - [TEST_STEP][PASSED] - if (action == "username"): null

2022-01-02 15:38:40 - [TEST_STEP][PASSED] - tap(LOGN_EdtUserID, 0): Tapped on element 'Object Repository/Mobile/Page/Login/Input - UserID'

2022-01-02 15:38:40 - [MESSAGE][WARNING] - Timeout '0' is invalid. Using default page load timeout: '60'

2022-01-02 15:38:41 - [MESSAGE][PASSED] - Tapped on element 'Object Repository/Mobile/Page/Login/Input - UserID'

2022-01-02 15:38:41 - [TEST_STEP][PASSED] - delay(1): Delayed 1 second(s)

2022-01-02 15:38:42 - [MESSAGE][PASSED] - Delayed 1 second(s)

2022-01-02 15:38:42 - [TEST_STEP][PASSED] - setText(LOGN_EdtRdyUserID, "anggaaditya", 0): Text 'anggaaditya' has been set to element 'Object Repository/Mobile/Page/Login/Input Rdy - UserID'

2022-01-02 15:38:42 - [MESSAGE][WARNING] - Timeout '0' is invalid. Using default page load timeout: '60'

2022-01-02 15:38:42 - [MESSAGE][PASSED] - Text 'anggaaditya' has been set to element 'Object Repository/Mobile/Page/Login/Input Rdy - UserID'

2022-01-02 15:38:42 - [TEST_STEP][PASSED] - delay(1): Delayed 1 second(s)

2022-01-02 15:38:43 - [MESSAGE][PASSED] - Delayed 1 second(s)

2022-01-02 15:38:43 - [TEST_STEP][PASSED] - hideKeyboard(): Keyboard is hidden

2022-01-02 15:38:47 - [MESSAGE][PASSED] - Keyboard is hidden

2022-01-02 15:38:47 - [TEST_STEP][PASSED] - tap(LOGN_EdtPassword, 0): Tapped on element 'Object Repository/Mobile/Page/Login/Input - Password'

2022-01-02 15:38:47 - [MESSAGE][WARNING] - Timeout '0' is invalid. Using default page load timeout: '60'

2022-01-02 15:38:48 - [MESSAGE][PASSED] - Tapped on element 'Object Repository/Mobile/Page/Login/Input - Password'

2022-01-02 15:38:48 - [TEST_STEP][PASSED] - delay(1): Delayed 1 second(s)

2022-01-02 15:38:49 - [MESSAGE][PASSED] - Delayed 1 second(s)

2022-01-02 15:38:49 - [TEST_STEP][PASSED] - setText(LOGN_EdtRdyPassword, "Shalawa18", 0): Text 'Shalawa18' has been set to element 'Object Repository/Mobile/Page/Login/Input Rdy - Password'

2022-01-02 15:38:49 - [MESSAGE][WARNING] - Timeout '0' is invalid. Using default page load timeout: '60'

2022-01-02 15:38:49 - [MESSAGE][PASSED] - Text 'Shalawa18' has been set to element 'Object Repository/Mobile/Page/Login/Input Rdy - Password'

2022-01-02 15:38:49 - [TEST_STEP][PASSED] - delay(1): Delayed 1 second(s)

2022-01-02 15:38:50 - [MESSAGE][PASSED] - Delayed 1 second(s)

2022-01-02 15:38:50 - [TEST_STEP][PASSED] - hideKeyboard(): Keyboard is hidden

2022-01-02 15:38:57 - [MESSAGE][PASSED] - Keyboard is hidden

2022-01-02 15:38:57 - [TEST_STEP][PASSED] - tap(LOGN_BtnLogin, 0): Tapped on element 'Object Repository/Mobile/Page/Login/Button - Login'

2022-01-02 15:38:57 - [MESSAGE][WARNING] - Timeout '0' is invalid. Using default page load timeout: '60'

2022-01-02 15:38:57 - [MESSAGE][PASSED] - Tapped on element 'Object Repository/Mobile/Page/Login/Button - Login'

2022-01-02 15:38:57 - [TEST_STEP][PASSED] - delay(2): Delayed 2 second(s)

2022-01-02 15:38:59 - [MESSAGE][PASSED] - Delayed 2 second(s)

2022-01-02 15:38:59 - [TEST_STEP][PASSED] - break: null

2022-01-02 15:38:59 - [MESSAGE][PASSED] - Call Test Case 'Test Cases/Mobile/Page/Login/Login' successfully

2022-01-02 15:38:59 - [MESSAGE][PASSED] - Call Test Case 'Test Cases/Mobile/Page/CheckLogin' successfully

2022-01-02 15:38:59 - [TEST_STEP][PASSED] - tap(HOME_MenubarPortfolio, 0): Tapped on element 'Object Repository/Mobile/Page/Home/Menubar - Portfolio'

2022-01-02 15:38:59 - [MESSAGE][WARNING] - Timeout '0' is invalid. Using default page load timeout: '60'

2022-01-02 15:39:01 - [MESSAGE][PASSED] - Tapped on element 'Object Repository/Mobile/Page/Home/Menubar - Portfolio'

2022-01-02 15:39:01 - [TEST_STEP][PASSED] - delay(1): Delayed 1 second(s)

2022-01-02 15:39:02 - [MESSAGE][PASSED] - Delayed 1 second(s)

2022-01-02 15:39:02 - [TEST_STEP][PASSED] - for ([i = 0, i < 1, (i++)]): scroll.scroll.scrollScreenBottomToTop is PASSED

2022-01-02 15:39:02 - [TEST_STEP][PASSED] - if (tab == "summary"): null

2022-01-02 15:39:02 - [TEST_STEP][PASSED] - else if (tab == "stock"): null

2022-01-02 15:39:02 - [TEST_STEP][PASSED] - else if (tab == "mutualfund"): scroll.scroll.scrollScreenBottomToTop is PASSED

2022-01-02 15:39:02 - [TEST_STEP][PASSED] - tap(PORT_TabMutualFund, 0): Tapped on element 'Object Repository/Mobile/Page/Portfolio/Tab - Mutual Fund'

2022-01-02 15:39:02 - [MESSAGE][WARNING] - Timeout '0' is invalid. Using default page load timeout: '60'

2022-01-02 15:39:03 - [MESSAGE][PASSED] - Tapped on element 'Object Repository/Mobile/Page/Portfolio/Tab - Mutual Fund'

2022-01-02 15:39:03 - [TEST_STEP][PASSED] - delay(1): Delayed 1 second(s)

2022-01-02 15:39:04 - [MESSAGE][PASSED] - Delayed 1 second(s)

2022-01-02 15:39:04 - [TEST_STEP][PASSED] - try: scroll.scroll.scrollScreenBottomToTop is PASSED

2022-01-02 15:39:04 - [TEST_STEP][PASSED] - tapAndHold(PORT_ItemTopMutualFund, 1, 10): Tapped and held on element 'Object Repository/Mobile/Page/Portfolio/Item - Top Mutual Fund' with duration 1

2022-01-02 15:39:07 - [MESSAGE][PASSED] - Tapped and held on element 'Object Repository/Mobile/Page/Portfolio/Item - Top Mutual Fund' with duration 1

2022-01-02 15:39:07 - [TEST_STEP][PASSED] - delay(2): Delayed 2 second(s)

2022-01-02 15:39:09 - [MESSAGE][PASSED] - Delayed 2 second(s)

2022-01-02 15:39:09 - [TEST_STEP][PASSED] - switch (action2): null

2022-01-02 15:39:09 - [TEST_STEP][PASSED] - delay(3): Delayed 3 second(s)

2022-01-02 15:39:12 - [MESSAGE][PASSED] - Delayed 3 second(s)

2022-01-02 15:39:12 - [TEST_STEP][PASSED] - scroll.scroll.scrollScreenBottomToTop(): scroll.scroll.scrollScreenBottomToTop is PASSED

2022-01-02 15:39:13 - [MESSAGE][PASSED] - Current device physical height is 1423

2022-01-02 15:39:13 - [MESSAGE][PASSED] - Current device physical width is 720

2022-01-02 15:39:14 - [MESSAGE][PASSED] - Swiped from 360,1,138 to 360,284

2022-01-02 15:39:14 - [MESSAGE][PASSED] - scroll.scroll.scrollScreenBottomToTop is PASSED

2022-01-02 15:39:14 - [MESSAGE][PASSED] - Call Test Case 'Test Cases/Mobile/Page/Portfolio/Portfolio' successfully

2022-01-02 15:39:14 - [TEST_STEP][PASSED] - callTestCase(findTestCase("Mobile/Page/Run App/Terminate App"), [:], STOP_ON_FAILURE): Call Test Case 'Test Cases/Mobile/Page/Run App/Terminate App' successfully

2022-01-02 15:39:14 - [TEST_CASE][PASSED] - Test Cases/Mobile/Page/Run App/Terminate App: Test Cases/Mobile/Page/Run App/Terminate App

2022-01-02 15:39:14 - [TEST_STEP][PASSED] - startApp.OpenApp.terminateApplication(): startApp.OpenApp.terminateApplication is PASSED

2022-01-02 15:39:17 - [MESSAGE][PASSED] - Delayed 3 second(s)

2022-01-02 15:39:17 - [MESSAGE][PASSED] - Current device physical width is 720

2022-01-02 15:39:18 - [MESSAGE][PASSED] - Current device physical height is 1423

2022-01-02 15:39:19 - [MESSAGE][PASSED] - Swiped from 360,853 to 360,142

2022-01-02 15:39:20 - [MESSAGE][PASSED] - Delayed 1 second(s)

2022-01-02 15:39:21 - [MESSAGE][PASSED] - Swiped from 360,853 to 360,142

2022-01-02 15:39:24 - [MESSAGE][PASSED] - Delayed 3 second(s)

2022-01-02 15:39:24 - [MESSAGE][PASSED] - startApp.OpenApp.terminateApplication is PASSED

2022-01-02 15:39:24 - [MESSAGE][PASSED] - Call Test Case 'Test Cases/Mobile/Page/Run App/Terminate App' successfully]]></system-out>
         <system-err><![CDATA[]]></system-err>
      </testcase>
      <testcase name="Test Cases/Mobile/Scenario/Portfolio/012 - Melihat list bond" time="55.992" classname="Test Cases/Mobile/Scenario/Portfolio/012 - Melihat list bond" status="PASSED">
         <system-out><![CDATA[2022-01-02 15:39:24 - [TEST_CASE][PASSED] - Test Cases/Mobile/Scenario/Portfolio/012 - Melihat list bond: Test Cases/Mobile/Scenario/Portfolio/012 - Melihat list bond

2022-01-02 15:39:25 - [TEST_STEP][PASSED] - callTestCase(findTestCase("Mobile/Page/Run App/Run App byID"), [:], STOP_ON_FAILURE): Call Test Case 'Test Cases/Mobile/Page/Run App/Run App byID' successfully

2022-01-02 15:39:25 - [TEST_CASE][PASSED] - Test Cases/Mobile/Page/Run App/Run App byID: Test Cases/Mobile/Page/Run App/Run App byID

2022-01-02 15:39:25 - [TEST_STEP][PASSED] - startApp.OpenApp.startApplication("id.co.miraeasset.sageclub"): startApp.OpenApp.startApplication is PASSED

2022-01-02 15:39:37 - [MESSAGE][PASSED] - Starting app with application ID: 'id.co.miraeasset.sageclub'

2022-01-02 15:39:37 - [MESSAGE][PASSED] - startApp.OpenApp.startApplication is PASSED

2022-01-02 15:39:37 - [MESSAGE][PASSED] - Call Test Case 'Test Cases/Mobile/Page/Run App/Run App byID' successfully

2022-01-02 15:39:37 - [TEST_STEP][PASSED] - callTestCase(findTestCase("Mobile/Page/Portfolio/Portfolio"), ["tab":"stock", "action":"none"], CONTINUE_ON_FAILURE): Call Test Case 'Test Cases/Mobile/Page/Portfolio/Portfolio' successfully

2022-01-02 15:39:37 - [TEST_CASE][PASSED] - Test Cases/Mobile/Page/Portfolio/Portfolio: Test Cases/Mobile/Page/Portfolio/Portfolio

2022-01-02 15:39:37 - [TEST_STEP][PASSED] - callTestCase(findTestCase("Mobile/Page/CheckLogin"), [:], CONTINUE_ON_FAILURE): Call Test Case 'Test Cases/Mobile/Page/CheckLogin' successfully

2022-01-02 15:39:37 - [TEST_CASE][PASSED] - Test Cases/Mobile/Page/CheckLogin: Test Cases/Mobile/Page/CheckLogin

2022-01-02 15:39:37 - [TEST_STEP][PASSED] - loginCheck = verifyElementExist(LOGN_BtnLogin, 5, CONTINUE_ON_FAILURE): Element 'Object Repository/Mobile/Page/Login/Button - Login' is exist

2022-01-02 15:39:39 - [MESSAGE][PASSED] - Element 'Object Repository/Mobile/Page/Login/Button - Login' is exist

2022-01-02 15:39:39 - [TEST_STEP][PASSED] - if (loginCheck): Call Test Case 'Test Cases/Mobile/Page/Login/Login' successfully

2022-01-02 15:39:39 - [TEST_STEP][PASSED] - callTestCase(findTestCase("Mobile/Page/Login/Login"), ["action":"username"], CONTINUE_ON_FAILURE): Call Test Case 'Test Cases/Mobile/Page/Login/Login' successfully

2022-01-02 15:39:39 - [TEST_CASE][PASSED] - Test Cases/Mobile/Page/Login/Login: Test Cases/Mobile/Page/Login/Login

2022-01-02 15:39:39 - [TEST_STEP][PASSED] - delay(2): Delayed 2 second(s)

2022-01-02 15:39:41 - [MESSAGE][PASSED] - Delayed 2 second(s)

2022-01-02 15:39:41 - [TEST_STEP][PASSED] - for ([i = 0, i < 1, (i++)]): null

2022-01-02 15:39:41 - [TEST_STEP][PASSED] - if (action == "username"): null

2022-01-02 15:39:41 - [TEST_STEP][PASSED] - tap(LOGN_EdtUserID, 0): Tapped on element 'Object Repository/Mobile/Page/Login/Input - UserID'

2022-01-02 15:39:41 - [MESSAGE][WARNING] - Timeout '0' is invalid. Using default page load timeout: '60'

2022-01-02 15:39:42 - [MESSAGE][PASSED] - Tapped on element 'Object Repository/Mobile/Page/Login/Input - UserID'

2022-01-02 15:39:42 - [TEST_STEP][PASSED] - delay(1): Delayed 1 second(s)

2022-01-02 15:39:43 - [MESSAGE][PASSED] - Delayed 1 second(s)

2022-01-02 15:39:43 - [TEST_STEP][PASSED] - setText(LOGN_EdtRdyUserID, "anggaaditya", 0): Text 'anggaaditya' has been set to element 'Object Repository/Mobile/Page/Login/Input Rdy - UserID'

2022-01-02 15:39:43 - [MESSAGE][WARNING] - Timeout '0' is invalid. Using default page load timeout: '60'

2022-01-02 15:39:44 - [MESSAGE][PASSED] - Text 'anggaaditya' has been set to element 'Object Repository/Mobile/Page/Login/Input Rdy - UserID'

2022-01-02 15:39:44 - [TEST_STEP][PASSED] - delay(1): Delayed 1 second(s)

2022-01-02 15:39:45 - [MESSAGE][PASSED] - Delayed 1 second(s)

2022-01-02 15:39:45 - [TEST_STEP][PASSED] - hideKeyboard(): Keyboard is hidden

2022-01-02 15:39:48 - [MESSAGE][PASSED] - Keyboard is hidden

2022-01-02 15:39:48 - [TEST_STEP][PASSED] - tap(LOGN_EdtPassword, 0): Tapped on element 'Object Repository/Mobile/Page/Login/Input - Password'

2022-01-02 15:39:48 - [MESSAGE][WARNING] - Timeout '0' is invalid. Using default page load timeout: '60'

2022-01-02 15:39:49 - [MESSAGE][PASSED] - Tapped on element 'Object Repository/Mobile/Page/Login/Input - Password'

2022-01-02 15:39:49 - [TEST_STEP][PASSED] - delay(1): Delayed 1 second(s)

2022-01-02 15:39:50 - [MESSAGE][PASSED] - Delayed 1 second(s)

2022-01-02 15:39:50 - [TEST_STEP][PASSED] - setText(LOGN_EdtRdyPassword, "Shalawa18", 0): Text 'Shalawa18' has been set to element 'Object Repository/Mobile/Page/Login/Input Rdy - Password'

2022-01-02 15:39:50 - [MESSAGE][WARNING] - Timeout '0' is invalid. Using default page load timeout: '60'

2022-01-02 15:39:50 - [MESSAGE][PASSED] - Text 'Shalawa18' has been set to element 'Object Repository/Mobile/Page/Login/Input Rdy - Password'

2022-01-02 15:39:50 - [TEST_STEP][PASSED] - delay(1): Delayed 1 second(s)

2022-01-02 15:39:51 - [MESSAGE][PASSED] - Delayed 1 second(s)

2022-01-02 15:39:51 - [TEST_STEP][PASSED] - hideKeyboard(): Keyboard is hidden

2022-01-02 15:39:58 - [MESSAGE][PASSED] - Keyboard is hidden

2022-01-02 15:39:58 - [TEST_STEP][PASSED] - tap(LOGN_BtnLogin, 0): Tapped on element 'Object Repository/Mobile/Page/Login/Button - Login'

2022-01-02 15:39:58 - [MESSAGE][WARNING] - Timeout '0' is invalid. Using default page load timeout: '60'

2022-01-02 15:39:59 - [MESSAGE][PASSED] - Tapped on element 'Object Repository/Mobile/Page/Login/Button - Login'

2022-01-02 15:39:59 - [TEST_STEP][PASSED] - delay(2): Delayed 2 second(s)

2022-01-02 15:40:01 - [MESSAGE][PASSED] - Delayed 2 second(s)

2022-01-02 15:40:01 - [TEST_STEP][PASSED] - break: null

2022-01-02 15:40:01 - [MESSAGE][PASSED] - Call Test Case 'Test Cases/Mobile/Page/Login/Login' successfully

2022-01-02 15:40:01 - [MESSAGE][PASSED] - Call Test Case 'Test Cases/Mobile/Page/CheckLogin' successfully

2022-01-02 15:40:01 - [TEST_STEP][PASSED] - tap(HOME_MenubarPortfolio, 0): Tapped on element 'Object Repository/Mobile/Page/Home/Menubar - Portfolio'

2022-01-02 15:40:01 - [MESSAGE][WARNING] - Timeout '0' is invalid. Using default page load timeout: '60'

2022-01-02 15:40:03 - [MESSAGE][PASSED] - Tapped on element 'Object Repository/Mobile/Page/Home/Menubar - Portfolio'

2022-01-02 15:40:03 - [TEST_STEP][PASSED] - delay(1): Delayed 1 second(s)

2022-01-02 15:40:04 - [MESSAGE][PASSED] - Delayed 1 second(s)

2022-01-02 15:40:04 - [TEST_STEP][PASSED] - for ([i = 0, i < 1, (i++)]): Delayed 3 second(s)

2022-01-02 15:40:04 - [TEST_STEP][PASSED] - if (tab == "summary"): null

2022-01-02 15:40:04 - [TEST_STEP][PASSED] - else if (tab == "stock"): Delayed 3 second(s)

2022-01-02 15:40:04 - [TEST_STEP][PASSED] - tap(PORT_TabStock, 0): Tapped on element 'Object Repository/Mobile/Page/Portfolio/Tab - Stock'

2022-01-02 15:40:04 - [MESSAGE][WARNING] - Timeout '0' is invalid. Using default page load timeout: '60'

2022-01-02 15:40:05 - [MESSAGE][PASSED] - Tapped on element 'Object Repository/Mobile/Page/Portfolio/Tab - Stock'

2022-01-02 15:40:05 - [TEST_STEP][PASSED] - scroll.scroll.scrollScreenBottomToTop(): scroll.scroll.scrollScreenBottomToTop is PASSED

2022-01-02 15:40:06 - [MESSAGE][PASSED] - Current device physical height is 1423

2022-01-02 15:40:06 - [MESSAGE][PASSED] - Current device physical width is 720

2022-01-02 15:40:07 - [MESSAGE][PASSED] - Swiped from 360,1,138 to 360,284

2022-01-02 15:40:07 - [MESSAGE][PASSED] - scroll.scroll.scrollScreenBottomToTop is PASSED

2022-01-02 15:40:07 - [TEST_STEP][PASSED] - delay(3): Delayed 3 second(s)

2022-01-02 15:40:10 - [MESSAGE][PASSED] - Delayed 3 second(s)

2022-01-02 15:40:10 - [MESSAGE][PASSED] - Call Test Case 'Test Cases/Mobile/Page/Portfolio/Portfolio' successfully

2022-01-02 15:40:10 - [TEST_STEP][PASSED] - callTestCase(findTestCase("Mobile/Page/Run App/Terminate App"), [:], STOP_ON_FAILURE): Call Test Case 'Test Cases/Mobile/Page/Run App/Terminate App' successfully

2022-01-02 15:40:10 - [TEST_CASE][PASSED] - Test Cases/Mobile/Page/Run App/Terminate App: Test Cases/Mobile/Page/Run App/Terminate App

2022-01-02 15:40:10 - [TEST_STEP][PASSED] - startApp.OpenApp.terminateApplication(): startApp.OpenApp.terminateApplication is PASSED

2022-01-02 15:40:13 - [MESSAGE][PASSED] - Delayed 3 second(s)

2022-01-02 15:40:13 - [MESSAGE][PASSED] - Current device physical width is 720

2022-01-02 15:40:14 - [MESSAGE][PASSED] - Current device physical height is 1423

2022-01-02 15:40:15 - [MESSAGE][PASSED] - Swiped from 360,853 to 360,142

2022-01-02 15:40:16 - [MESSAGE][PASSED] - Delayed 1 second(s)

2022-01-02 15:40:17 - [MESSAGE][PASSED] - Swiped from 360,853 to 360,142

2022-01-02 15:40:20 - [MESSAGE][PASSED] - Delayed 3 second(s)

2022-01-02 15:40:20 - [MESSAGE][PASSED] - startApp.OpenApp.terminateApplication is PASSED

2022-01-02 15:40:20 - [MESSAGE][PASSED] - Call Test Case 'Test Cases/Mobile/Page/Run App/Terminate App' successfully]]></system-out>
         <system-err><![CDATA[]]></system-err>
      </testcase>
      <testcase name="Test Cases/Mobile/Scenario/Portfolio/013 - Melihat detail mutual fund 1 month" time="66.438" classname="Test Cases/Mobile/Scenario/Portfolio/013 - Melihat detail mutual fund 1 month" status="PASSED">
         <system-out><![CDATA[2022-01-02 15:40:20 - [TEST_CASE][PASSED] - Test Cases/Mobile/Scenario/Portfolio/013 - Melihat detail mutual fund 1 month: Test Cases/Mobile/Scenario/Portfolio/013 - Melihat detail mutual fund 1 month

2022-01-02 15:40:21 - [TEST_STEP][PASSED] - callTestCase(findTestCase("Mobile/Page/Run App/Run App byID"), [:], STOP_ON_FAILURE): Call Test Case 'Test Cases/Mobile/Page/Run App/Run App byID' successfully

2022-01-02 15:40:21 - [TEST_CASE][PASSED] - Test Cases/Mobile/Page/Run App/Run App byID: Test Cases/Mobile/Page/Run App/Run App byID

2022-01-02 15:40:21 - [TEST_STEP][PASSED] - startApp.OpenApp.startApplication("id.co.miraeasset.sageclub"): startApp.OpenApp.startApplication is PASSED

2022-01-02 15:40:34 - [MESSAGE][PASSED] - Starting app with application ID: 'id.co.miraeasset.sageclub'

2022-01-02 15:40:34 - [MESSAGE][PASSED] - startApp.OpenApp.startApplication is PASSED

2022-01-02 15:40:34 - [MESSAGE][PASSED] - Call Test Case 'Test Cases/Mobile/Page/Run App/Run App byID' successfully

2022-01-02 15:40:34 - [TEST_STEP][PASSED] - callTestCase(findTestCase("Mobile/Page/Portfolio/Portfolio"), ["tab":"mutualfund", "action2":"1 month"], CONTINUE_ON_FAILURE): Call Test Case 'Test Cases/Mobile/Page/Portfolio/Portfolio' successfully

2022-01-02 15:40:34 - [TEST_CASE][PASSED] - Test Cases/Mobile/Page/Portfolio/Portfolio: Test Cases/Mobile/Page/Portfolio/Portfolio

2022-01-02 15:40:34 - [TEST_STEP][PASSED] - callTestCase(findTestCase("Mobile/Page/CheckLogin"), [:], CONTINUE_ON_FAILURE): Call Test Case 'Test Cases/Mobile/Page/CheckLogin' successfully

2022-01-02 15:40:34 - [TEST_CASE][PASSED] - Test Cases/Mobile/Page/CheckLogin: Test Cases/Mobile/Page/CheckLogin

2022-01-02 15:40:34 - [TEST_STEP][PASSED] - loginCheck = verifyElementExist(LOGN_BtnLogin, 5, CONTINUE_ON_FAILURE): Element 'Object Repository/Mobile/Page/Login/Button - Login' is exist

2022-01-02 15:40:36 - [MESSAGE][PASSED] - Element 'Object Repository/Mobile/Page/Login/Button - Login' is exist

2022-01-02 15:40:36 - [TEST_STEP][PASSED] - if (loginCheck): Call Test Case 'Test Cases/Mobile/Page/Login/Login' successfully

2022-01-02 15:40:36 - [TEST_STEP][PASSED] - callTestCase(findTestCase("Mobile/Page/Login/Login"), ["action":"username"], CONTINUE_ON_FAILURE): Call Test Case 'Test Cases/Mobile/Page/Login/Login' successfully

2022-01-02 15:40:36 - [TEST_CASE][PASSED] - Test Cases/Mobile/Page/Login/Login: Test Cases/Mobile/Page/Login/Login

2022-01-02 15:40:36 - [TEST_STEP][PASSED] - delay(2): Delayed 2 second(s)

2022-01-02 15:40:38 - [MESSAGE][PASSED] - Delayed 2 second(s)

2022-01-02 15:40:38 - [TEST_STEP][PASSED] - for ([i = 0, i < 1, (i++)]): null

2022-01-02 15:40:38 - [TEST_STEP][PASSED] - if (action == "username"): null

2022-01-02 15:40:38 - [TEST_STEP][PASSED] - tap(LOGN_EdtUserID, 0): Tapped on element 'Object Repository/Mobile/Page/Login/Input - UserID'

2022-01-02 15:40:38 - [MESSAGE][WARNING] - Timeout '0' is invalid. Using default page load timeout: '60'

2022-01-02 15:40:39 - [MESSAGE][PASSED] - Tapped on element 'Object Repository/Mobile/Page/Login/Input - UserID'

2022-01-02 15:40:39 - [TEST_STEP][PASSED] - delay(1): Delayed 1 second(s)

2022-01-02 15:40:40 - [MESSAGE][PASSED] - Delayed 1 second(s)

2022-01-02 15:40:40 - [TEST_STEP][PASSED] - setText(LOGN_EdtRdyUserID, "anggaaditya", 0): Text 'anggaaditya' has been set to element 'Object Repository/Mobile/Page/Login/Input Rdy - UserID'

2022-01-02 15:40:40 - [MESSAGE][WARNING] - Timeout '0' is invalid. Using default page load timeout: '60'

2022-01-02 15:40:40 - [MESSAGE][PASSED] - Text 'anggaaditya' has been set to element 'Object Repository/Mobile/Page/Login/Input Rdy - UserID'

2022-01-02 15:40:40 - [TEST_STEP][PASSED] - delay(1): Delayed 1 second(s)

2022-01-02 15:40:41 - [MESSAGE][PASSED] - Delayed 1 second(s)

2022-01-02 15:40:41 - [TEST_STEP][PASSED] - hideKeyboard(): Keyboard is hidden

2022-01-02 15:40:46 - [MESSAGE][PASSED] - Keyboard is hidden

2022-01-02 15:40:46 - [TEST_STEP][PASSED] - tap(LOGN_EdtPassword, 0): Tapped on element 'Object Repository/Mobile/Page/Login/Input - Password'

2022-01-02 15:40:46 - [MESSAGE][WARNING] - Timeout '0' is invalid. Using default page load timeout: '60'

2022-01-02 15:40:46 - [MESSAGE][PASSED] - Tapped on element 'Object Repository/Mobile/Page/Login/Input - Password'

2022-01-02 15:40:46 - [TEST_STEP][PASSED] - delay(1): Delayed 1 second(s)

2022-01-02 15:40:47 - [MESSAGE][PASSED] - Delayed 1 second(s)

2022-01-02 15:40:47 - [TEST_STEP][PASSED] - setText(LOGN_EdtRdyPassword, "Shalawa18", 0): Text 'Shalawa18' has been set to element 'Object Repository/Mobile/Page/Login/Input Rdy - Password'

2022-01-02 15:40:47 - [MESSAGE][WARNING] - Timeout '0' is invalid. Using default page load timeout: '60'

2022-01-02 15:40:48 - [MESSAGE][PASSED] - Text 'Shalawa18' has been set to element 'Object Repository/Mobile/Page/Login/Input Rdy - Password'

2022-01-02 15:40:48 - [TEST_STEP][PASSED] - delay(1): Delayed 1 second(s)

2022-01-02 15:40:49 - [MESSAGE][PASSED] - Delayed 1 second(s)

2022-01-02 15:40:49 - [TEST_STEP][PASSED] - hideKeyboard(): Keyboard is hidden

2022-01-02 15:40:56 - [MESSAGE][PASSED] - Keyboard is hidden

2022-01-02 15:40:56 - [TEST_STEP][PASSED] - tap(LOGN_BtnLogin, 0): Tapped on element 'Object Repository/Mobile/Page/Login/Button - Login'

2022-01-02 15:40:56 - [MESSAGE][WARNING] - Timeout '0' is invalid. Using default page load timeout: '60'

2022-01-02 15:40:56 - [MESSAGE][PASSED] - Tapped on element 'Object Repository/Mobile/Page/Login/Button - Login'

2022-01-02 15:40:56 - [TEST_STEP][PASSED] - delay(2): Delayed 2 second(s)

2022-01-02 15:40:58 - [MESSAGE][PASSED] - Delayed 2 second(s)

2022-01-02 15:40:58 - [TEST_STEP][PASSED] - break: null

2022-01-02 15:40:58 - [MESSAGE][PASSED] - Call Test Case 'Test Cases/Mobile/Page/Login/Login' successfully

2022-01-02 15:40:58 - [MESSAGE][PASSED] - Call Test Case 'Test Cases/Mobile/Page/CheckLogin' successfully

2022-01-02 15:40:58 - [TEST_STEP][PASSED] - tap(HOME_MenubarPortfolio, 0): Tapped on element 'Object Repository/Mobile/Page/Home/Menubar - Portfolio'

2022-01-02 15:40:58 - [MESSAGE][WARNING] - Timeout '0' is invalid. Using default page load timeout: '60'

2022-01-02 15:41:01 - [MESSAGE][PASSED] - Tapped on element 'Object Repository/Mobile/Page/Home/Menubar - Portfolio'

2022-01-02 15:41:01 - [TEST_STEP][PASSED] - delay(1): Delayed 1 second(s)

2022-01-02 15:41:02 - [MESSAGE][PASSED] - Delayed 1 second(s)

2022-01-02 15:41:02 - [TEST_STEP][PASSED] - for ([i = 0, i < 1, (i++)]): scroll.scroll.scrollScreenBottomToTop is PASSED

2022-01-02 15:41:02 - [TEST_STEP][PASSED] - if (tab == "summary"): null

2022-01-02 15:41:02 - [TEST_STEP][PASSED] - else if (tab == "stock"): null

2022-01-02 15:41:02 - [TEST_STEP][PASSED] - else if (tab == "mutualfund"): scroll.scroll.scrollScreenBottomToTop is PASSED

2022-01-02 15:41:02 - [TEST_STEP][PASSED] - tap(PORT_TabMutualFund, 0): Tapped on element 'Object Repository/Mobile/Page/Portfolio/Tab - Mutual Fund'

2022-01-02 15:41:02 - [MESSAGE][WARNING] - Timeout '0' is invalid. Using default page load timeout: '60'

2022-01-02 15:41:03 - [MESSAGE][PASSED] - Tapped on element 'Object Repository/Mobile/Page/Portfolio/Tab - Mutual Fund'

2022-01-02 15:41:03 - [TEST_STEP][PASSED] - delay(1): Delayed 1 second(s)

2022-01-02 15:41:04 - [MESSAGE][PASSED] - Delayed 1 second(s)

2022-01-02 15:41:04 - [TEST_STEP][PASSED] - try: scroll.scroll.scrollScreenBottomToTop is PASSED

2022-01-02 15:41:04 - [TEST_STEP][PASSED] - tapAndHold(PORT_ItemTopMutualFund, 1, 10): Tapped and held on element 'Object Repository/Mobile/Page/Portfolio/Item - Top Mutual Fund' with duration 1

2022-01-02 15:41:07 - [MESSAGE][PASSED] - Tapped and held on element 'Object Repository/Mobile/Page/Portfolio/Item - Top Mutual Fund' with duration 1

2022-01-02 15:41:07 - [TEST_STEP][PASSED] - delay(2): Delayed 2 second(s)

2022-01-02 15:41:09 - [MESSAGE][PASSED] - Delayed 2 second(s)

2022-01-02 15:41:09 - [TEST_STEP][PASSED] - switch (action2): null

2022-01-02 15:41:09 - [TEST_STEP][PASSED] - case "1 month":: null

2022-01-02 15:41:09 - [TEST_STEP][PASSED] - tapAndHold(PORT_DETL_Btn1Month, 1, 0): Tapped and held on element 'Object Repository/Mobile/Page/Portfolio/Detail Mutual Funds/Button - 1 Month' with duration 1

2022-01-02 15:41:09 - [MESSAGE][WARNING] - Timeout '0' is invalid. Using default page load timeout: '60'

2022-01-02 15:41:12 - [MESSAGE][PASSED] - Tapped and held on element 'Object Repository/Mobile/Page/Portfolio/Detail Mutual Funds/Button - 1 Month' with duration 1

2022-01-02 15:41:12 - [TEST_STEP][PASSED] - break: null

2022-01-02 15:41:12 - [TEST_STEP][PASSED] - delay(3): Delayed 3 second(s)

2022-01-02 15:41:15 - [MESSAGE][PASSED] - Delayed 3 second(s)

2022-01-02 15:41:15 - [TEST_STEP][PASSED] - scroll.scroll.scrollScreenBottomToTop(): scroll.scroll.scrollScreenBottomToTop is PASSED

2022-01-02 15:41:15 - [MESSAGE][PASSED] - Current device physical height is 1423

2022-01-02 15:41:15 - [MESSAGE][PASSED] - Current device physical width is 720

2022-01-02 15:41:16 - [MESSAGE][PASSED] - Swiped from 360,1,138 to 360,284

2022-01-02 15:41:16 - [MESSAGE][PASSED] - scroll.scroll.scrollScreenBottomToTop is PASSED

2022-01-02 15:41:16 - [MESSAGE][PASSED] - Call Test Case 'Test Cases/Mobile/Page/Portfolio/Portfolio' successfully

2022-01-02 15:41:16 - [TEST_STEP][PASSED] - callTestCase(findTestCase("Mobile/Page/Run App/Terminate App"), [:], STOP_ON_FAILURE): Call Test Case 'Test Cases/Mobile/Page/Run App/Terminate App' successfully

2022-01-02 15:41:17 - [TEST_CASE][PASSED] - Test Cases/Mobile/Page/Run App/Terminate App: Test Cases/Mobile/Page/Run App/Terminate App

2022-01-02 15:41:17 - [TEST_STEP][PASSED] - startApp.OpenApp.terminateApplication(): startApp.OpenApp.terminateApplication is PASSED

2022-01-02 15:41:20 - [MESSAGE][PASSED] - Delayed 3 second(s)

2022-01-02 15:41:20 - [MESSAGE][PASSED] - Current device physical width is 720

2022-01-02 15:41:20 - [MESSAGE][PASSED] - Current device physical height is 1423

2022-01-02 15:41:21 - [MESSAGE][PASSED] - Swiped from 360,853 to 360,142

2022-01-02 15:41:22 - [MESSAGE][PASSED] - Delayed 1 second(s)

2022-01-02 15:41:24 - [MESSAGE][PASSED] - Swiped from 360,853 to 360,142

2022-01-02 15:41:27 - [MESSAGE][PASSED] - Delayed 3 second(s)

2022-01-02 15:41:27 - [MESSAGE][PASSED] - startApp.OpenApp.terminateApplication is PASSED

2022-01-02 15:41:27 - [MESSAGE][PASSED] - Call Test Case 'Test Cases/Mobile/Page/Run App/Terminate App' successfully]]></system-out>
         <system-err><![CDATA[]]></system-err>
      </testcase>
      <testcase name="Test Cases/Mobile/Scenario/Portfolio/014 - Melihat detail mutual fund 3 month" time="62.927" classname="Test Cases/Mobile/Scenario/Portfolio/014 - Melihat detail mutual fund 3 month" status="PASSED">
         <system-out><![CDATA[2022-01-02 15:41:27 - [TEST_CASE][PASSED] - Test Cases/Mobile/Scenario/Portfolio/014 - Melihat detail mutual fund 3 month: Test Cases/Mobile/Scenario/Portfolio/014 - Melihat detail mutual fund 3 month

2022-01-02 15:41:27 - [TEST_STEP][PASSED] - callTestCase(findTestCase("Mobile/Page/Run App/Run App byID"), [:], STOP_ON_FAILURE): Call Test Case 'Test Cases/Mobile/Page/Run App/Run App byID' successfully

2022-01-02 15:41:27 - [TEST_CASE][PASSED] - Test Cases/Mobile/Page/Run App/Run App byID: Test Cases/Mobile/Page/Run App/Run App byID

2022-01-02 15:41:27 - [TEST_STEP][PASSED] - startApp.OpenApp.startApplication("id.co.miraeasset.sageclub"): startApp.OpenApp.startApplication is PASSED

2022-01-02 15:41:40 - [MESSAGE][PASSED] - Starting app with application ID: 'id.co.miraeasset.sageclub'

2022-01-02 15:41:40 - [MESSAGE][PASSED] - startApp.OpenApp.startApplication is PASSED

2022-01-02 15:41:40 - [MESSAGE][PASSED] - Call Test Case 'Test Cases/Mobile/Page/Run App/Run App byID' successfully

2022-01-02 15:41:40 - [TEST_STEP][PASSED] - callTestCase(findTestCase("Mobile/Page/Portfolio/Portfolio"), ["tab":"mutualfund", "action2":"3 month"], CONTINUE_ON_FAILURE): Call Test Case 'Test Cases/Mobile/Page/Portfolio/Portfolio' successfully

2022-01-02 15:41:40 - [TEST_CASE][PASSED] - Test Cases/Mobile/Page/Portfolio/Portfolio: Test Cases/Mobile/Page/Portfolio/Portfolio

2022-01-02 15:41:40 - [TEST_STEP][PASSED] - callTestCase(findTestCase("Mobile/Page/CheckLogin"), [:], CONTINUE_ON_FAILURE): Call Test Case 'Test Cases/Mobile/Page/CheckLogin' successfully

2022-01-02 15:41:40 - [TEST_CASE][PASSED] - Test Cases/Mobile/Page/CheckLogin: Test Cases/Mobile/Page/CheckLogin

2022-01-02 15:41:40 - [TEST_STEP][PASSED] - loginCheck = verifyElementExist(LOGN_BtnLogin, 5, CONTINUE_ON_FAILURE): Element 'Object Repository/Mobile/Page/Login/Button - Login' is exist

2022-01-02 15:41:42 - [MESSAGE][PASSED] - Element 'Object Repository/Mobile/Page/Login/Button - Login' is exist

2022-01-02 15:41:42 - [TEST_STEP][PASSED] - if (loginCheck): Call Test Case 'Test Cases/Mobile/Page/Login/Login' successfully

2022-01-02 15:41:42 - [TEST_STEP][PASSED] - callTestCase(findTestCase("Mobile/Page/Login/Login"), ["action":"username"], CONTINUE_ON_FAILURE): Call Test Case 'Test Cases/Mobile/Page/Login/Login' successfully

2022-01-02 15:41:42 - [TEST_CASE][PASSED] - Test Cases/Mobile/Page/Login/Login: Test Cases/Mobile/Page/Login/Login

2022-01-02 15:41:42 - [TEST_STEP][PASSED] - delay(2): Delayed 2 second(s)

2022-01-02 15:41:44 - [MESSAGE][PASSED] - Delayed 2 second(s)

2022-01-02 15:41:44 - [TEST_STEP][PASSED] - for ([i = 0, i < 1, (i++)]): null

2022-01-02 15:41:44 - [TEST_STEP][PASSED] - if (action == "username"): null

2022-01-02 15:41:44 - [TEST_STEP][PASSED] - tap(LOGN_EdtUserID, 0): Tapped on element 'Object Repository/Mobile/Page/Login/Input - UserID'

2022-01-02 15:41:44 - [MESSAGE][WARNING] - Timeout '0' is invalid. Using default page load timeout: '60'

2022-01-02 15:41:44 - [MESSAGE][PASSED] - Tapped on element 'Object Repository/Mobile/Page/Login/Input - UserID'

2022-01-02 15:41:44 - [TEST_STEP][PASSED] - delay(1): Delayed 1 second(s)

2022-01-02 15:41:45 - [MESSAGE][PASSED] - Delayed 1 second(s)

2022-01-02 15:41:45 - [TEST_STEP][PASSED] - setText(LOGN_EdtRdyUserID, "anggaaditya", 0): Text 'anggaaditya' has been set to element 'Object Repository/Mobile/Page/Login/Input Rdy - UserID'

2022-01-02 15:41:45 - [MESSAGE][WARNING] - Timeout '0' is invalid. Using default page load timeout: '60'

2022-01-02 15:41:46 - [MESSAGE][PASSED] - Text 'anggaaditya' has been set to element 'Object Repository/Mobile/Page/Login/Input Rdy - UserID'

2022-01-02 15:41:46 - [TEST_STEP][PASSED] - delay(1): Delayed 1 second(s)

2022-01-02 15:41:47 - [MESSAGE][PASSED] - Delayed 1 second(s)

2022-01-02 15:41:47 - [TEST_STEP][PASSED] - hideKeyboard(): Keyboard is hidden

2022-01-02 15:41:50 - [MESSAGE][PASSED] - Keyboard is hidden

2022-01-02 15:41:50 - [TEST_STEP][PASSED] - tap(LOGN_EdtPassword, 0): Tapped on element 'Object Repository/Mobile/Page/Login/Input - Password'

2022-01-02 15:41:50 - [MESSAGE][WARNING] - Timeout '0' is invalid. Using default page load timeout: '60'

2022-01-02 15:41:51 - [MESSAGE][PASSED] - Tapped on element 'Object Repository/Mobile/Page/Login/Input - Password'

2022-01-02 15:41:51 - [TEST_STEP][PASSED] - delay(1): Delayed 1 second(s)

2022-01-02 15:41:52 - [MESSAGE][PASSED] - Delayed 1 second(s)

2022-01-02 15:41:52 - [TEST_STEP][PASSED] - setText(LOGN_EdtRdyPassword, "Shalawa18", 0): Text 'Shalawa18' has been set to element 'Object Repository/Mobile/Page/Login/Input Rdy - Password'

2022-01-02 15:41:52 - [MESSAGE][WARNING] - Timeout '0' is invalid. Using default page load timeout: '60'

2022-01-02 15:41:52 - [MESSAGE][PASSED] - Text 'Shalawa18' has been set to element 'Object Repository/Mobile/Page/Login/Input Rdy - Password'

2022-01-02 15:41:52 - [TEST_STEP][PASSED] - delay(1): Delayed 1 second(s)

2022-01-02 15:41:53 - [MESSAGE][PASSED] - Delayed 1 second(s)

2022-01-02 15:41:53 - [TEST_STEP][PASSED] - hideKeyboard(): Keyboard is hidden

2022-01-02 15:42:00 - [MESSAGE][PASSED] - Keyboard is hidden

2022-01-02 15:42:00 - [TEST_STEP][PASSED] - tap(LOGN_BtnLogin, 0): Tapped on element 'Object Repository/Mobile/Page/Login/Button - Login'

2022-01-02 15:42:00 - [MESSAGE][WARNING] - Timeout '0' is invalid. Using default page load timeout: '60'

2022-01-02 15:42:01 - [MESSAGE][PASSED] - Tapped on element 'Object Repository/Mobile/Page/Login/Button - Login'

2022-01-02 15:42:01 - [TEST_STEP][PASSED] - delay(2): Delayed 2 second(s)

2022-01-02 15:42:03 - [MESSAGE][PASSED] - Delayed 2 second(s)

2022-01-02 15:42:03 - [TEST_STEP][PASSED] - break: null

2022-01-02 15:42:03 - [MESSAGE][PASSED] - Call Test Case 'Test Cases/Mobile/Page/Login/Login' successfully

2022-01-02 15:42:03 - [MESSAGE][PASSED] - Call Test Case 'Test Cases/Mobile/Page/CheckLogin' successfully

2022-01-02 15:42:03 - [TEST_STEP][PASSED] - tap(HOME_MenubarPortfolio, 0): Tapped on element 'Object Repository/Mobile/Page/Home/Menubar - Portfolio'

2022-01-02 15:42:03 - [MESSAGE][WARNING] - Timeout '0' is invalid. Using default page load timeout: '60'

2022-01-02 15:42:04 - [MESSAGE][PASSED] - Tapped on element 'Object Repository/Mobile/Page/Home/Menubar - Portfolio'

2022-01-02 15:42:04 - [TEST_STEP][PASSED] - delay(1): Delayed 1 second(s)

2022-01-02 15:42:05 - [MESSAGE][PASSED] - Delayed 1 second(s)

2022-01-02 15:42:05 - [TEST_STEP][PASSED] - for ([i = 0, i < 1, (i++)]): scroll.scroll.scrollScreenBottomToTop is PASSED

2022-01-02 15:42:05 - [TEST_STEP][PASSED] - if (tab == "summary"): null

2022-01-02 15:42:05 - [TEST_STEP][PASSED] - else if (tab == "stock"): null

2022-01-02 15:42:05 - [TEST_STEP][PASSED] - else if (tab == "mutualfund"): scroll.scroll.scrollScreenBottomToTop is PASSED

2022-01-02 15:42:05 - [TEST_STEP][PASSED] - tap(PORT_TabMutualFund, 0): Tapped on element 'Object Repository/Mobile/Page/Portfolio/Tab - Mutual Fund'

2022-01-02 15:42:05 - [MESSAGE][WARNING] - Timeout '0' is invalid. Using default page load timeout: '60'

2022-01-02 15:42:06 - [MESSAGE][PASSED] - Tapped on element 'Object Repository/Mobile/Page/Portfolio/Tab - Mutual Fund'

2022-01-02 15:42:06 - [TEST_STEP][PASSED] - delay(1): Delayed 1 second(s)

2022-01-02 15:42:07 - [MESSAGE][PASSED] - Delayed 1 second(s)

2022-01-02 15:42:07 - [TEST_STEP][PASSED] - try: scroll.scroll.scrollScreenBottomToTop is PASSED

2022-01-02 15:42:07 - [TEST_STEP][PASSED] - tapAndHold(PORT_ItemTopMutualFund, 1, 10): Tapped and held on element 'Object Repository/Mobile/Page/Portfolio/Item - Top Mutual Fund' with duration 1

2022-01-02 15:42:10 - [MESSAGE][PASSED] - Tapped and held on element 'Object Repository/Mobile/Page/Portfolio/Item - Top Mutual Fund' with duration 1

2022-01-02 15:42:10 - [TEST_STEP][PASSED] - delay(2): Delayed 2 second(s)

2022-01-02 15:42:12 - [MESSAGE][PASSED] - Delayed 2 second(s)

2022-01-02 15:42:12 - [TEST_STEP][PASSED] - switch (action2): null

2022-01-02 15:42:12 - [TEST_STEP][PASSED] - case "3 month":: null

2022-01-02 15:42:12 - [TEST_STEP][PASSED] - tapAndHold(PORT_DETL_Btn3Month, 1, 0): Tapped and held on element 'Object Repository/Mobile/Page/Portfolio/Detail Mutual Funds/Button - 3 Month' with duration 1

2022-01-02 15:42:12 - [MESSAGE][WARNING] - Timeout '0' is invalid. Using default page load timeout: '60'

2022-01-02 15:42:15 - [MESSAGE][PASSED] - Tapped and held on element 'Object Repository/Mobile/Page/Portfolio/Detail Mutual Funds/Button - 3 Month' with duration 1

2022-01-02 15:42:15 - [TEST_STEP][PASSED] - break: null

2022-01-02 15:42:15 - [TEST_STEP][PASSED] - delay(3): Delayed 3 second(s)

2022-01-02 15:42:18 - [MESSAGE][PASSED] - Delayed 3 second(s)

2022-01-02 15:42:18 - [TEST_STEP][PASSED] - scroll.scroll.scrollScreenBottomToTop(): scroll.scroll.scrollScreenBottomToTop is PASSED

2022-01-02 15:42:18 - [MESSAGE][PASSED] - Current device physical height is 1423

2022-01-02 15:42:18 - [MESSAGE][PASSED] - Current device physical width is 720

2022-01-02 15:42:19 - [MESSAGE][PASSED] - Swiped from 360,1,138 to 360,284

2022-01-02 15:42:19 - [MESSAGE][PASSED] - scroll.scroll.scrollScreenBottomToTop is PASSED

2022-01-02 15:42:19 - [MESSAGE][PASSED] - Call Test Case 'Test Cases/Mobile/Page/Portfolio/Portfolio' successfully

2022-01-02 15:42:19 - [TEST_STEP][PASSED] - callTestCase(findTestCase("Mobile/Page/Run App/Terminate App"), [:], STOP_ON_FAILURE): Call Test Case 'Test Cases/Mobile/Page/Run App/Terminate App' successfully

2022-01-02 15:42:19 - [TEST_CASE][PASSED] - Test Cases/Mobile/Page/Run App/Terminate App: Test Cases/Mobile/Page/Run App/Terminate App

2022-01-02 15:42:19 - [TEST_STEP][PASSED] - startApp.OpenApp.terminateApplication(): startApp.OpenApp.terminateApplication is PASSED

2022-01-02 15:42:23 - [MESSAGE][PASSED] - Delayed 3 second(s)

2022-01-02 15:42:23 - [MESSAGE][PASSED] - Current device physical width is 720

2022-01-02 15:42:23 - [MESSAGE][PASSED] - Current device physical height is 1423

2022-01-02 15:42:24 - [MESSAGE][PASSED] - Swiped from 360,853 to 360,142

2022-01-02 15:42:25 - [MESSAGE][PASSED] - Delayed 1 second(s)

2022-01-02 15:42:27 - [MESSAGE][PASSED] - Swiped from 360,853 to 360,142

2022-01-02 15:42:30 - [MESSAGE][PASSED] - Delayed 3 second(s)

2022-01-02 15:42:30 - [MESSAGE][PASSED] - startApp.OpenApp.terminateApplication is PASSED

2022-01-02 15:42:30 - [MESSAGE][PASSED] - Call Test Case 'Test Cases/Mobile/Page/Run App/Terminate App' successfully]]></system-out>
         <system-err><![CDATA[]]></system-err>
      </testcase>
      <testcase name="Test Cases/Mobile/Scenario/Portfolio/015 - Melihat detail mutual fund 6 month" time="63.048" classname="Test Cases/Mobile/Scenario/Portfolio/015 - Melihat detail mutual fund 6 month" status="PASSED">
         <system-out><![CDATA[2022-01-02 15:42:30 - [TEST_CASE][PASSED] - Test Cases/Mobile/Scenario/Portfolio/015 - Melihat detail mutual fund 6 month: Test Cases/Mobile/Scenario/Portfolio/015 - Melihat detail mutual fund 6 month

2022-01-02 15:42:30 - [TEST_STEP][PASSED] - callTestCase(findTestCase("Mobile/Page/Run App/Run App byID"), [:], STOP_ON_FAILURE): Call Test Case 'Test Cases/Mobile/Page/Run App/Run App byID' successfully

2022-01-02 15:42:30 - [TEST_CASE][PASSED] - Test Cases/Mobile/Page/Run App/Run App byID: Test Cases/Mobile/Page/Run App/Run App byID

2022-01-02 15:42:30 - [TEST_STEP][PASSED] - startApp.OpenApp.startApplication("id.co.miraeasset.sageclub"): startApp.OpenApp.startApplication is PASSED

2022-01-02 15:42:43 - [MESSAGE][PASSED] - Starting app with application ID: 'id.co.miraeasset.sageclub'

2022-01-02 15:42:43 - [MESSAGE][PASSED] - startApp.OpenApp.startApplication is PASSED

2022-01-02 15:42:43 - [MESSAGE][PASSED] - Call Test Case 'Test Cases/Mobile/Page/Run App/Run App byID' successfully

2022-01-02 15:42:43 - [TEST_STEP][PASSED] - callTestCase(findTestCase("Mobile/Page/Portfolio/Portfolio"), ["tab":"mutualfund", "action2":"6 month"], CONTINUE_ON_FAILURE): Call Test Case 'Test Cases/Mobile/Page/Portfolio/Portfolio' successfully

2022-01-02 15:42:43 - [TEST_CASE][PASSED] - Test Cases/Mobile/Page/Portfolio/Portfolio: Test Cases/Mobile/Page/Portfolio/Portfolio

2022-01-02 15:42:43 - [TEST_STEP][PASSED] - callTestCase(findTestCase("Mobile/Page/CheckLogin"), [:], CONTINUE_ON_FAILURE): Call Test Case 'Test Cases/Mobile/Page/CheckLogin' successfully

2022-01-02 15:42:43 - [TEST_CASE][PASSED] - Test Cases/Mobile/Page/CheckLogin: Test Cases/Mobile/Page/CheckLogin

2022-01-02 15:42:43 - [TEST_STEP][PASSED] - loginCheck = verifyElementExist(LOGN_BtnLogin, 5, CONTINUE_ON_FAILURE): Element 'Object Repository/Mobile/Page/Login/Button - Login' is exist

2022-01-02 15:42:44 - [MESSAGE][PASSED] - Element 'Object Repository/Mobile/Page/Login/Button - Login' is exist

2022-01-02 15:42:44 - [TEST_STEP][PASSED] - if (loginCheck): Call Test Case 'Test Cases/Mobile/Page/Login/Login' successfully

2022-01-02 15:42:44 - [TEST_STEP][PASSED] - callTestCase(findTestCase("Mobile/Page/Login/Login"), ["action":"username"], CONTINUE_ON_FAILURE): Call Test Case 'Test Cases/Mobile/Page/Login/Login' successfully

2022-01-02 15:42:45 - [TEST_CASE][PASSED] - Test Cases/Mobile/Page/Login/Login: Test Cases/Mobile/Page/Login/Login

2022-01-02 15:42:45 - [TEST_STEP][PASSED] - delay(2): Delayed 2 second(s)

2022-01-02 15:42:47 - [MESSAGE][PASSED] - Delayed 2 second(s)

2022-01-02 15:42:47 - [TEST_STEP][PASSED] - for ([i = 0, i < 1, (i++)]): null

2022-01-02 15:42:47 - [TEST_STEP][PASSED] - if (action == "username"): null

2022-01-02 15:42:47 - [TEST_STEP][PASSED] - tap(LOGN_EdtUserID, 0): Tapped on element 'Object Repository/Mobile/Page/Login/Input - UserID'

2022-01-02 15:42:47 - [MESSAGE][WARNING] - Timeout '0' is invalid. Using default page load timeout: '60'

2022-01-02 15:42:47 - [MESSAGE][PASSED] - Tapped on element 'Object Repository/Mobile/Page/Login/Input - UserID'

2022-01-02 15:42:47 - [TEST_STEP][PASSED] - delay(1): Delayed 1 second(s)

2022-01-02 15:42:48 - [MESSAGE][PASSED] - Delayed 1 second(s)

2022-01-02 15:42:48 - [TEST_STEP][PASSED] - setText(LOGN_EdtRdyUserID, "anggaaditya", 0): Text 'anggaaditya' has been set to element 'Object Repository/Mobile/Page/Login/Input Rdy - UserID'

2022-01-02 15:42:48 - [MESSAGE][WARNING] - Timeout '0' is invalid. Using default page load timeout: '60'

2022-01-02 15:42:49 - [MESSAGE][PASSED] - Text 'anggaaditya' has been set to element 'Object Repository/Mobile/Page/Login/Input Rdy - UserID'

2022-01-02 15:42:49 - [TEST_STEP][PASSED] - delay(1): Delayed 1 second(s)

2022-01-02 15:42:50 - [MESSAGE][PASSED] - Delayed 1 second(s)

2022-01-02 15:42:50 - [TEST_STEP][PASSED] - hideKeyboard(): Keyboard is hidden

2022-01-02 15:42:53 - [MESSAGE][PASSED] - Keyboard is hidden

2022-01-02 15:42:53 - [TEST_STEP][PASSED] - tap(LOGN_EdtPassword, 0): Tapped on element 'Object Repository/Mobile/Page/Login/Input - Password'

2022-01-02 15:42:53 - [MESSAGE][WARNING] - Timeout '0' is invalid. Using default page load timeout: '60'

2022-01-02 15:42:54 - [MESSAGE][PASSED] - Tapped on element 'Object Repository/Mobile/Page/Login/Input - Password'

2022-01-02 15:42:54 - [TEST_STEP][PASSED] - delay(1): Delayed 1 second(s)

2022-01-02 15:42:55 - [MESSAGE][PASSED] - Delayed 1 second(s)

2022-01-02 15:42:55 - [TEST_STEP][PASSED] - setText(LOGN_EdtRdyPassword, "Shalawa18", 0): Text 'Shalawa18' has been set to element 'Object Repository/Mobile/Page/Login/Input Rdy - Password'

2022-01-02 15:42:55 - [MESSAGE][WARNING] - Timeout '0' is invalid. Using default page load timeout: '60'

2022-01-02 15:42:55 - [MESSAGE][PASSED] - Text 'Shalawa18' has been set to element 'Object Repository/Mobile/Page/Login/Input Rdy - Password'

2022-01-02 15:42:55 - [TEST_STEP][PASSED] - delay(1): Delayed 1 second(s)

2022-01-02 15:42:56 - [MESSAGE][PASSED] - Delayed 1 second(s)

2022-01-02 15:42:56 - [TEST_STEP][PASSED] - hideKeyboard(): Keyboard is hidden

2022-01-02 15:43:02 - [MESSAGE][PASSED] - Keyboard is hidden

2022-01-02 15:43:02 - [TEST_STEP][PASSED] - tap(LOGN_BtnLogin, 0): Tapped on element 'Object Repository/Mobile/Page/Login/Button - Login'

2022-01-02 15:43:02 - [MESSAGE][WARNING] - Timeout '0' is invalid. Using default page load timeout: '60'

2022-01-02 15:43:03 - [MESSAGE][PASSED] - Tapped on element 'Object Repository/Mobile/Page/Login/Button - Login'

2022-01-02 15:43:03 - [TEST_STEP][PASSED] - delay(2): Delayed 2 second(s)

2022-01-02 15:43:05 - [MESSAGE][PASSED] - Delayed 2 second(s)

2022-01-02 15:43:05 - [TEST_STEP][PASSED] - break: null

2022-01-02 15:43:05 - [MESSAGE][PASSED] - Call Test Case 'Test Cases/Mobile/Page/Login/Login' successfully

2022-01-02 15:43:05 - [MESSAGE][PASSED] - Call Test Case 'Test Cases/Mobile/Page/CheckLogin' successfully

2022-01-02 15:43:05 - [TEST_STEP][PASSED] - tap(HOME_MenubarPortfolio, 0): Tapped on element 'Object Repository/Mobile/Page/Home/Menubar - Portfolio'

2022-01-02 15:43:05 - [MESSAGE][WARNING] - Timeout '0' is invalid. Using default page load timeout: '60'

2022-01-02 15:43:07 - [MESSAGE][PASSED] - Tapped on element 'Object Repository/Mobile/Page/Home/Menubar - Portfolio'

2022-01-02 15:43:07 - [TEST_STEP][PASSED] - delay(1): Delayed 1 second(s)

2022-01-02 15:43:08 - [MESSAGE][PASSED] - Delayed 1 second(s)

2022-01-02 15:43:08 - [TEST_STEP][PASSED] - for ([i = 0, i < 1, (i++)]): scroll.scroll.scrollScreenBottomToTop is PASSED

2022-01-02 15:43:08 - [TEST_STEP][PASSED] - if (tab == "summary"): null

2022-01-02 15:43:08 - [TEST_STEP][PASSED] - else if (tab == "stock"): null

2022-01-02 15:43:08 - [TEST_STEP][PASSED] - else if (tab == "mutualfund"): scroll.scroll.scrollScreenBottomToTop is PASSED

2022-01-02 15:43:08 - [TEST_STEP][PASSED] - tap(PORT_TabMutualFund, 0): Tapped on element 'Object Repository/Mobile/Page/Portfolio/Tab - Mutual Fund'

2022-01-02 15:43:08 - [MESSAGE][WARNING] - Timeout '0' is invalid. Using default page load timeout: '60'

2022-01-02 15:43:09 - [MESSAGE][PASSED] - Tapped on element 'Object Repository/Mobile/Page/Portfolio/Tab - Mutual Fund'

2022-01-02 15:43:09 - [TEST_STEP][PASSED] - delay(1): Delayed 1 second(s)

2022-01-02 15:43:10 - [MESSAGE][PASSED] - Delayed 1 second(s)

2022-01-02 15:43:10 - [TEST_STEP][PASSED] - try: scroll.scroll.scrollScreenBottomToTop is PASSED

2022-01-02 15:43:10 - [TEST_STEP][PASSED] - tapAndHold(PORT_ItemTopMutualFund, 1, 10): Tapped and held on element 'Object Repository/Mobile/Page/Portfolio/Item - Top Mutual Fund' with duration 1

2022-01-02 15:43:13 - [MESSAGE][PASSED] - Tapped and held on element 'Object Repository/Mobile/Page/Portfolio/Item - Top Mutual Fund' with duration 1

2022-01-02 15:43:13 - [TEST_STEP][PASSED] - delay(2): Delayed 2 second(s)

2022-01-02 15:43:15 - [MESSAGE][PASSED] - Delayed 2 second(s)

2022-01-02 15:43:15 - [TEST_STEP][PASSED] - switch (action2): null

2022-01-02 15:43:15 - [TEST_STEP][PASSED] - case "6 month":: null

2022-01-02 15:43:15 - [TEST_STEP][PASSED] - tapAndHold(PORT_DETL_Btn6Month, 1, 0): Tapped and held on element 'Object Repository/Mobile/Page/Portfolio/Detail Mutual Funds/Button - 6 Month' with duration 1

2022-01-02 15:43:15 - [MESSAGE][WARNING] - Timeout '0' is invalid. Using default page load timeout: '60'

2022-01-02 15:43:18 - [MESSAGE][PASSED] - Tapped and held on element 'Object Repository/Mobile/Page/Portfolio/Detail Mutual Funds/Button - 6 Month' with duration 1

2022-01-02 15:43:18 - [TEST_STEP][PASSED] - break: null

2022-01-02 15:43:18 - [TEST_STEP][PASSED] - delay(3): Delayed 3 second(s)

2022-01-02 15:43:21 - [MESSAGE][PASSED] - Delayed 3 second(s)

2022-01-02 15:43:21 - [TEST_STEP][PASSED] - scroll.scroll.scrollScreenBottomToTop(): scroll.scroll.scrollScreenBottomToTop is PASSED

2022-01-02 15:43:21 - [MESSAGE][PASSED] - Current device physical height is 1423

2022-01-02 15:43:21 - [MESSAGE][PASSED] - Current device physical width is 720

2022-01-02 15:43:22 - [MESSAGE][PASSED] - Swiped from 360,1,138 to 360,284

2022-01-02 15:43:22 - [MESSAGE][PASSED] - scroll.scroll.scrollScreenBottomToTop is PASSED

2022-01-02 15:43:22 - [MESSAGE][PASSED] - Call Test Case 'Test Cases/Mobile/Page/Portfolio/Portfolio' successfully

2022-01-02 15:43:22 - [TEST_STEP][PASSED] - callTestCase(findTestCase("Mobile/Page/Run App/Terminate App"), [:], STOP_ON_FAILURE): Call Test Case 'Test Cases/Mobile/Page/Run App/Terminate App' successfully

2022-01-02 15:43:22 - [TEST_CASE][PASSED] - Test Cases/Mobile/Page/Run App/Terminate App: Test Cases/Mobile/Page/Run App/Terminate App

2022-01-02 15:43:22 - [TEST_STEP][PASSED] - startApp.OpenApp.terminateApplication(): startApp.OpenApp.terminateApplication is PASSED

2022-01-02 15:43:26 - [MESSAGE][PASSED] - Delayed 3 second(s)

2022-01-02 15:43:26 - [MESSAGE][PASSED] - Current device physical width is 720

2022-01-02 15:43:26 - [MESSAGE][PASSED] - Current device physical height is 1423

2022-01-02 15:43:27 - [MESSAGE][PASSED] - Swiped from 360,853 to 360,142

2022-01-02 15:43:28 - [MESSAGE][PASSED] - Delayed 1 second(s)

2022-01-02 15:43:30 - [MESSAGE][PASSED] - Swiped from 360,853 to 360,142

2022-01-02 15:43:33 - [MESSAGE][PASSED] - Delayed 3 second(s)

2022-01-02 15:43:33 - [MESSAGE][PASSED] - startApp.OpenApp.terminateApplication is PASSED

2022-01-02 15:43:33 - [MESSAGE][PASSED] - Call Test Case 'Test Cases/Mobile/Page/Run App/Terminate App' successfully]]></system-out>
         <system-err><![CDATA[]]></system-err>
      </testcase>
      <testcase name="Test Cases/Mobile/Scenario/Portfolio/016 - Melihat detail mutual fund 1 year" time="63.885" classname="Test Cases/Mobile/Scenario/Portfolio/016 - Melihat detail mutual fund 1 year" status="PASSED">
         <system-out><![CDATA[2022-01-02 15:43:33 - [TEST_CASE][PASSED] - Test Cases/Mobile/Scenario/Portfolio/016 - Melihat detail mutual fund 1 year: Test Cases/Mobile/Scenario/Portfolio/016 - Melihat detail mutual fund 1 year

2022-01-02 15:43:33 - [TEST_STEP][PASSED] - callTestCase(findTestCase("Mobile/Page/Run App/Run App byID"), [:], STOP_ON_FAILURE): Call Test Case 'Test Cases/Mobile/Page/Run App/Run App byID' successfully

2022-01-02 15:43:33 - [TEST_CASE][PASSED] - Test Cases/Mobile/Page/Run App/Run App byID: Test Cases/Mobile/Page/Run App/Run App byID

2022-01-02 15:43:33 - [TEST_STEP][PASSED] - startApp.OpenApp.startApplication("id.co.miraeasset.sageclub"): startApp.OpenApp.startApplication is PASSED

2022-01-02 15:43:46 - [MESSAGE][PASSED] - Starting app with application ID: 'id.co.miraeasset.sageclub'

2022-01-02 15:43:46 - [MESSAGE][PASSED] - startApp.OpenApp.startApplication is PASSED

2022-01-02 15:43:46 - [MESSAGE][PASSED] - Call Test Case 'Test Cases/Mobile/Page/Run App/Run App byID' successfully

2022-01-02 15:43:46 - [TEST_STEP][PASSED] - callTestCase(findTestCase("Mobile/Page/Portfolio/Portfolio"), ["tab":"mutualfund", "action2":"1 year"], CONTINUE_ON_FAILURE): Call Test Case 'Test Cases/Mobile/Page/Portfolio/Portfolio' successfully

2022-01-02 15:43:46 - [TEST_CASE][PASSED] - Test Cases/Mobile/Page/Portfolio/Portfolio: Test Cases/Mobile/Page/Portfolio/Portfolio

2022-01-02 15:43:46 - [TEST_STEP][PASSED] - callTestCase(findTestCase("Mobile/Page/CheckLogin"), [:], CONTINUE_ON_FAILURE): Call Test Case 'Test Cases/Mobile/Page/CheckLogin' successfully

2022-01-02 15:43:46 - [TEST_CASE][PASSED] - Test Cases/Mobile/Page/CheckLogin: Test Cases/Mobile/Page/CheckLogin

2022-01-02 15:43:46 - [TEST_STEP][PASSED] - loginCheck = verifyElementExist(LOGN_BtnLogin, 5, CONTINUE_ON_FAILURE): Element 'Object Repository/Mobile/Page/Login/Button - Login' is exist

2022-01-02 15:43:48 - [MESSAGE][PASSED] - Element 'Object Repository/Mobile/Page/Login/Button - Login' is exist

2022-01-02 15:43:48 - [TEST_STEP][PASSED] - if (loginCheck): Call Test Case 'Test Cases/Mobile/Page/Login/Login' successfully

2022-01-02 15:43:48 - [TEST_STEP][PASSED] - callTestCase(findTestCase("Mobile/Page/Login/Login"), ["action":"username"], CONTINUE_ON_FAILURE): Call Test Case 'Test Cases/Mobile/Page/Login/Login' successfully

2022-01-02 15:43:48 - [TEST_CASE][PASSED] - Test Cases/Mobile/Page/Login/Login: Test Cases/Mobile/Page/Login/Login

2022-01-02 15:43:48 - [TEST_STEP][PASSED] - delay(2): Delayed 2 second(s)

2022-01-02 15:43:50 - [MESSAGE][PASSED] - Delayed 2 second(s)

2022-01-02 15:43:50 - [TEST_STEP][PASSED] - for ([i = 0, i < 1, (i++)]): null

2022-01-02 15:43:50 - [TEST_STEP][PASSED] - if (action == "username"): null

2022-01-02 15:43:50 - [TEST_STEP][PASSED] - tap(LOGN_EdtUserID, 0): Tapped on element 'Object Repository/Mobile/Page/Login/Input - UserID'

2022-01-02 15:43:50 - [MESSAGE][WARNING] - Timeout '0' is invalid. Using default page load timeout: '60'

2022-01-02 15:43:51 - [MESSAGE][PASSED] - Tapped on element 'Object Repository/Mobile/Page/Login/Input - UserID'

2022-01-02 15:43:51 - [TEST_STEP][PASSED] - delay(1): Delayed 1 second(s)

2022-01-02 15:43:52 - [MESSAGE][PASSED] - Delayed 1 second(s)

2022-01-02 15:43:52 - [TEST_STEP][PASSED] - setText(LOGN_EdtRdyUserID, "anggaaditya", 0): Text 'anggaaditya' has been set to element 'Object Repository/Mobile/Page/Login/Input Rdy - UserID'

2022-01-02 15:43:52 - [MESSAGE][WARNING] - Timeout '0' is invalid. Using default page load timeout: '60'

2022-01-02 15:43:52 - [MESSAGE][PASSED] - Text 'anggaaditya' has been set to element 'Object Repository/Mobile/Page/Login/Input Rdy - UserID'

2022-01-02 15:43:52 - [TEST_STEP][PASSED] - delay(1): Delayed 1 second(s)

2022-01-02 15:43:53 - [MESSAGE][PASSED] - Delayed 1 second(s)

2022-01-02 15:43:53 - [TEST_STEP][PASSED] - hideKeyboard(): Keyboard is hidden

2022-01-02 15:43:57 - [MESSAGE][PASSED] - Keyboard is hidden

2022-01-02 15:43:57 - [TEST_STEP][PASSED] - tap(LOGN_EdtPassword, 0): Tapped on element 'Object Repository/Mobile/Page/Login/Input - Password'

2022-01-02 15:43:57 - [MESSAGE][WARNING] - Timeout '0' is invalid. Using default page load timeout: '60'

2022-01-02 15:43:57 - [MESSAGE][PASSED] - Tapped on element 'Object Repository/Mobile/Page/Login/Input - Password'

2022-01-02 15:43:57 - [TEST_STEP][PASSED] - delay(1): Delayed 1 second(s)

2022-01-02 15:43:58 - [MESSAGE][PASSED] - Delayed 1 second(s)

2022-01-02 15:43:58 - [TEST_STEP][PASSED] - setText(LOGN_EdtRdyPassword, "Shalawa18", 0): Text 'Shalawa18' has been set to element 'Object Repository/Mobile/Page/Login/Input Rdy - Password'

2022-01-02 15:43:58 - [MESSAGE][WARNING] - Timeout '0' is invalid. Using default page load timeout: '60'

2022-01-02 15:43:59 - [MESSAGE][PASSED] - Text 'Shalawa18' has been set to element 'Object Repository/Mobile/Page/Login/Input Rdy - Password'

2022-01-02 15:43:59 - [TEST_STEP][PASSED] - delay(1): Delayed 1 second(s)

2022-01-02 15:44:00 - [MESSAGE][PASSED] - Delayed 1 second(s)

2022-01-02 15:44:00 - [TEST_STEP][PASSED] - hideKeyboard(): Keyboard is hidden

2022-01-02 15:44:06 - [MESSAGE][PASSED] - Keyboard is hidden

2022-01-02 15:44:06 - [TEST_STEP][PASSED] - tap(LOGN_BtnLogin, 0): Tapped on element 'Object Repository/Mobile/Page/Login/Button - Login'

2022-01-02 15:44:06 - [MESSAGE][WARNING] - Timeout '0' is invalid. Using default page load timeout: '60'

2022-01-02 15:44:07 - [MESSAGE][PASSED] - Tapped on element 'Object Repository/Mobile/Page/Login/Button - Login'

2022-01-02 15:44:07 - [TEST_STEP][PASSED] - delay(2): Delayed 2 second(s)

2022-01-02 15:44:09 - [MESSAGE][PASSED] - Delayed 2 second(s)

2022-01-02 15:44:09 - [TEST_STEP][PASSED] - break: null

2022-01-02 15:44:09 - [MESSAGE][PASSED] - Call Test Case 'Test Cases/Mobile/Page/Login/Login' successfully

2022-01-02 15:44:09 - [MESSAGE][PASSED] - Call Test Case 'Test Cases/Mobile/Page/CheckLogin' successfully

2022-01-02 15:44:09 - [TEST_STEP][PASSED] - tap(HOME_MenubarPortfolio, 0): Tapped on element 'Object Repository/Mobile/Page/Home/Menubar - Portfolio'

2022-01-02 15:44:09 - [MESSAGE][WARNING] - Timeout '0' is invalid. Using default page load timeout: '60'

2022-01-02 15:44:10 - [MESSAGE][PASSED] - Tapped on element 'Object Repository/Mobile/Page/Home/Menubar - Portfolio'

2022-01-02 15:44:10 - [TEST_STEP][PASSED] - delay(1): Delayed 1 second(s)

2022-01-02 15:44:11 - [MESSAGE][PASSED] - Delayed 1 second(s)

2022-01-02 15:44:11 - [TEST_STEP][PASSED] - for ([i = 0, i < 1, (i++)]): scroll.scroll.scrollScreenBottomToTop is PASSED

2022-01-02 15:44:11 - [TEST_STEP][PASSED] - if (tab == "summary"): null

2022-01-02 15:44:11 - [TEST_STEP][PASSED] - else if (tab == "stock"): null

2022-01-02 15:44:11 - [TEST_STEP][PASSED] - else if (tab == "mutualfund"): scroll.scroll.scrollScreenBottomToTop is PASSED

2022-01-02 15:44:11 - [TEST_STEP][PASSED] - tap(PORT_TabMutualFund, 0): Tapped on element 'Object Repository/Mobile/Page/Portfolio/Tab - Mutual Fund'

2022-01-02 15:44:11 - [MESSAGE][WARNING] - Timeout '0' is invalid. Using default page load timeout: '60'

2022-01-02 15:44:13 - [MESSAGE][PASSED] - Tapped on element 'Object Repository/Mobile/Page/Portfolio/Tab - Mutual Fund'

2022-01-02 15:44:13 - [TEST_STEP][PASSED] - delay(1): Delayed 1 second(s)

2022-01-02 15:44:14 - [MESSAGE][PASSED] - Delayed 1 second(s)

2022-01-02 15:44:14 - [TEST_STEP][PASSED] - try: scroll.scroll.scrollScreenBottomToTop is PASSED

2022-01-02 15:44:14 - [TEST_STEP][PASSED] - tapAndHold(PORT_ItemTopMutualFund, 1, 10): Tapped and held on element 'Object Repository/Mobile/Page/Portfolio/Item - Top Mutual Fund' with duration 1

2022-01-02 15:44:17 - [MESSAGE][PASSED] - Tapped and held on element 'Object Repository/Mobile/Page/Portfolio/Item - Top Mutual Fund' with duration 1

2022-01-02 15:44:17 - [TEST_STEP][PASSED] - delay(2): Delayed 2 second(s)

2022-01-02 15:44:19 - [MESSAGE][PASSED] - Delayed 2 second(s)

2022-01-02 15:44:19 - [TEST_STEP][PASSED] - switch (action2): null

2022-01-02 15:44:19 - [TEST_STEP][PASSED] - case "1 year":: null

2022-01-02 15:44:19 - [TEST_STEP][PASSED] - tapAndHold(PORT_DETL_Btn1Year, 1, 0): Tapped and held on element 'Object Repository/Mobile/Page/Portfolio/Detail Mutual Funds/Button - 1 Year' with duration 1

2022-01-02 15:44:19 - [MESSAGE][WARNING] - Timeout '0' is invalid. Using default page load timeout: '60'

2022-01-02 15:44:22 - [MESSAGE][PASSED] - Tapped and held on element 'Object Repository/Mobile/Page/Portfolio/Detail Mutual Funds/Button - 1 Year' with duration 1

2022-01-02 15:44:22 - [TEST_STEP][PASSED] - break: null

2022-01-02 15:44:22 - [TEST_STEP][PASSED] - delay(3): Delayed 3 second(s)

2022-01-02 15:44:25 - [MESSAGE][PASSED] - Delayed 3 second(s)

2022-01-02 15:44:25 - [TEST_STEP][PASSED] - scroll.scroll.scrollScreenBottomToTop(): scroll.scroll.scrollScreenBottomToTop is PASSED

2022-01-02 15:44:25 - [MESSAGE][PASSED] - Current device physical height is 1423

2022-01-02 15:44:25 - [MESSAGE][PASSED] - Current device physical width is 720

2022-01-02 15:44:26 - [MESSAGE][PASSED] - Swiped from 360,1,138 to 360,284

2022-01-02 15:44:26 - [MESSAGE][PASSED] - scroll.scroll.scrollScreenBottomToTop is PASSED

2022-01-02 15:44:26 - [MESSAGE][PASSED] - Call Test Case 'Test Cases/Mobile/Page/Portfolio/Portfolio' successfully

2022-01-02 15:44:26 - [TEST_STEP][PASSED] - callTestCase(findTestCase("Mobile/Page/Run App/Terminate App"), [:], STOP_ON_FAILURE): Call Test Case 'Test Cases/Mobile/Page/Run App/Terminate App' successfully

2022-01-02 15:44:26 - [TEST_CASE][PASSED] - Test Cases/Mobile/Page/Run App/Terminate App: Test Cases/Mobile/Page/Run App/Terminate App

2022-01-02 15:44:26 - [TEST_STEP][PASSED] - startApp.OpenApp.terminateApplication(): startApp.OpenApp.terminateApplication is PASSED

2022-01-02 15:44:30 - [MESSAGE][PASSED] - Delayed 3 second(s)

2022-01-02 15:44:30 - [MESSAGE][PASSED] - Current device physical width is 720

2022-01-02 15:44:30 - [MESSAGE][PASSED] - Current device physical height is 1423

2022-01-02 15:44:31 - [MESSAGE][PASSED] - Swiped from 360,853 to 360,142

2022-01-02 15:44:32 - [MESSAGE][PASSED] - Delayed 1 second(s)

2022-01-02 15:44:34 - [MESSAGE][PASSED] - Swiped from 360,853 to 360,142

2022-01-02 15:44:37 - [MESSAGE][PASSED] - Delayed 3 second(s)

2022-01-02 15:44:37 - [MESSAGE][PASSED] - startApp.OpenApp.terminateApplication is PASSED

2022-01-02 15:44:37 - [MESSAGE][PASSED] - Call Test Case 'Test Cases/Mobile/Page/Run App/Terminate App' successfully]]></system-out>
         <system-err><![CDATA[]]></system-err>
      </testcase>
      <testcase name="Test Cases/Mobile/Scenario/Portfolio/017 - Melihat detail mutual fund 3 year" time="63.28" classname="Test Cases/Mobile/Scenario/Portfolio/017 - Melihat detail mutual fund 3 year" status="PASSED">
         <system-out><![CDATA[2022-01-02 15:44:37 - [TEST_CASE][PASSED] - Test Cases/Mobile/Scenario/Portfolio/017 - Melihat detail mutual fund 3 year: Test Cases/Mobile/Scenario/Portfolio/017 - Melihat detail mutual fund 3 year

2022-01-02 15:44:37 - [TEST_STEP][PASSED] - callTestCase(findTestCase("Mobile/Page/Run App/Run App byID"), [:], STOP_ON_FAILURE): Call Test Case 'Test Cases/Mobile/Page/Run App/Run App byID' successfully

2022-01-02 15:44:37 - [TEST_CASE][PASSED] - Test Cases/Mobile/Page/Run App/Run App byID: Test Cases/Mobile/Page/Run App/Run App byID

2022-01-02 15:44:37 - [TEST_STEP][PASSED] - startApp.OpenApp.startApplication("id.co.miraeasset.sageclub"): startApp.OpenApp.startApplication is PASSED

2022-01-02 15:44:49 - [MESSAGE][PASSED] - Starting app with application ID: 'id.co.miraeasset.sageclub'

2022-01-02 15:44:49 - [MESSAGE][PASSED] - startApp.OpenApp.startApplication is PASSED

2022-01-02 15:44:49 - [MESSAGE][PASSED] - Call Test Case 'Test Cases/Mobile/Page/Run App/Run App byID' successfully

2022-01-02 15:44:49 - [TEST_STEP][PASSED] - callTestCase(findTestCase("Mobile/Page/Portfolio/Portfolio"), ["tab":"mutualfund", "action2":"3 year"], CONTINUE_ON_FAILURE): Call Test Case 'Test Cases/Mobile/Page/Portfolio/Portfolio' successfully

2022-01-02 15:44:49 - [TEST_CASE][PASSED] - Test Cases/Mobile/Page/Portfolio/Portfolio: Test Cases/Mobile/Page/Portfolio/Portfolio

2022-01-02 15:44:49 - [TEST_STEP][PASSED] - callTestCase(findTestCase("Mobile/Page/CheckLogin"), [:], CONTINUE_ON_FAILURE): Call Test Case 'Test Cases/Mobile/Page/CheckLogin' successfully

2022-01-02 15:44:50 - [TEST_CASE][PASSED] - Test Cases/Mobile/Page/CheckLogin: Test Cases/Mobile/Page/CheckLogin

2022-01-02 15:44:50 - [TEST_STEP][PASSED] - loginCheck = verifyElementExist(LOGN_BtnLogin, 5, CONTINUE_ON_FAILURE): Element 'Object Repository/Mobile/Page/Login/Button - Login' is exist

2022-01-02 15:44:51 - [MESSAGE][PASSED] - Element 'Object Repository/Mobile/Page/Login/Button - Login' is exist

2022-01-02 15:44:51 - [TEST_STEP][PASSED] - if (loginCheck): Call Test Case 'Test Cases/Mobile/Page/Login/Login' successfully

2022-01-02 15:44:51 - [TEST_STEP][PASSED] - callTestCase(findTestCase("Mobile/Page/Login/Login"), ["action":"username"], CONTINUE_ON_FAILURE): Call Test Case 'Test Cases/Mobile/Page/Login/Login' successfully

2022-01-02 15:44:51 - [TEST_CASE][PASSED] - Test Cases/Mobile/Page/Login/Login: Test Cases/Mobile/Page/Login/Login

2022-01-02 15:44:51 - [TEST_STEP][PASSED] - delay(2): Delayed 2 second(s)

2022-01-02 15:44:53 - [MESSAGE][PASSED] - Delayed 2 second(s)

2022-01-02 15:44:53 - [TEST_STEP][PASSED] - for ([i = 0, i < 1, (i++)]): null

2022-01-02 15:44:53 - [TEST_STEP][PASSED] - if (action == "username"): null

2022-01-02 15:44:53 - [TEST_STEP][PASSED] - tap(LOGN_EdtUserID, 0): Tapped on element 'Object Repository/Mobile/Page/Login/Input - UserID'

2022-01-02 15:44:53 - [MESSAGE][WARNING] - Timeout '0' is invalid. Using default page load timeout: '60'

2022-01-02 15:44:54 - [MESSAGE][PASSED] - Tapped on element 'Object Repository/Mobile/Page/Login/Input - UserID'

2022-01-02 15:44:54 - [TEST_STEP][PASSED] - delay(1): Delayed 1 second(s)

2022-01-02 15:44:55 - [MESSAGE][PASSED] - Delayed 1 second(s)

2022-01-02 15:44:55 - [TEST_STEP][PASSED] - setText(LOGN_EdtRdyUserID, "anggaaditya", 0): Text 'anggaaditya' has been set to element 'Object Repository/Mobile/Page/Login/Input Rdy - UserID'

2022-01-02 15:44:55 - [MESSAGE][WARNING] - Timeout '0' is invalid. Using default page load timeout: '60'

2022-01-02 15:44:55 - [MESSAGE][PASSED] - Text 'anggaaditya' has been set to element 'Object Repository/Mobile/Page/Login/Input Rdy - UserID'

2022-01-02 15:44:55 - [TEST_STEP][PASSED] - delay(1): Delayed 1 second(s)

2022-01-02 15:44:56 - [MESSAGE][PASSED] - Delayed 1 second(s)

2022-01-02 15:44:56 - [TEST_STEP][PASSED] - hideKeyboard(): Keyboard is hidden

2022-01-02 15:45:00 - [MESSAGE][PASSED] - Keyboard is hidden

2022-01-02 15:45:00 - [TEST_STEP][PASSED] - tap(LOGN_EdtPassword, 0): Tapped on element 'Object Repository/Mobile/Page/Login/Input - Password'

2022-01-02 15:45:00 - [MESSAGE][WARNING] - Timeout '0' is invalid. Using default page load timeout: '60'

2022-01-02 15:45:01 - [MESSAGE][PASSED] - Tapped on element 'Object Repository/Mobile/Page/Login/Input - Password'

2022-01-02 15:45:01 - [TEST_STEP][PASSED] - delay(1): Delayed 1 second(s)

2022-01-02 15:45:02 - [MESSAGE][PASSED] - Delayed 1 second(s)

2022-01-02 15:45:02 - [TEST_STEP][PASSED] - setText(LOGN_EdtRdyPassword, "Shalawa18", 0): Text 'Shalawa18' has been set to element 'Object Repository/Mobile/Page/Login/Input Rdy - Password'

2022-01-02 15:45:02 - [MESSAGE][WARNING] - Timeout '0' is invalid. Using default page load timeout: '60'

2022-01-02 15:45:02 - [MESSAGE][PASSED] - Text 'Shalawa18' has been set to element 'Object Repository/Mobile/Page/Login/Input Rdy - Password'

2022-01-02 15:45:02 - [TEST_STEP][PASSED] - delay(1): Delayed 1 second(s)

2022-01-02 15:45:03 - [MESSAGE][PASSED] - Delayed 1 second(s)

2022-01-02 15:45:03 - [TEST_STEP][PASSED] - hideKeyboard(): Keyboard is hidden

2022-01-02 15:45:09 - [MESSAGE][PASSED] - Keyboard is hidden

2022-01-02 15:45:09 - [TEST_STEP][PASSED] - tap(LOGN_BtnLogin, 0): Tapped on element 'Object Repository/Mobile/Page/Login/Button - Login'

2022-01-02 15:45:09 - [MESSAGE][WARNING] - Timeout '0' is invalid. Using default page load timeout: '60'

2022-01-02 15:45:11 - [MESSAGE][PASSED] - Tapped on element 'Object Repository/Mobile/Page/Login/Button - Login'

2022-01-02 15:45:11 - [TEST_STEP][PASSED] - delay(2): Delayed 2 second(s)

2022-01-02 15:45:13 - [MESSAGE][PASSED] - Delayed 2 second(s)

2022-01-02 15:45:13 - [TEST_STEP][PASSED] - break: null

2022-01-02 15:45:13 - [MESSAGE][PASSED] - Call Test Case 'Test Cases/Mobile/Page/Login/Login' successfully

2022-01-02 15:45:13 - [MESSAGE][PASSED] - Call Test Case 'Test Cases/Mobile/Page/CheckLogin' successfully

2022-01-02 15:45:13 - [TEST_STEP][PASSED] - tap(HOME_MenubarPortfolio, 0): Tapped on element 'Object Repository/Mobile/Page/Home/Menubar - Portfolio'

2022-01-02 15:45:13 - [MESSAGE][WARNING] - Timeout '0' is invalid. Using default page load timeout: '60'

2022-01-02 15:45:14 - [MESSAGE][PASSED] - Tapped on element 'Object Repository/Mobile/Page/Home/Menubar - Portfolio'

2022-01-02 15:45:14 - [TEST_STEP][PASSED] - delay(1): Delayed 1 second(s)

2022-01-02 15:45:15 - [MESSAGE][PASSED] - Delayed 1 second(s)

2022-01-02 15:45:15 - [TEST_STEP][PASSED] - for ([i = 0, i < 1, (i++)]): scroll.scroll.scrollScreenBottomToTop is PASSED

2022-01-02 15:45:15 - [TEST_STEP][PASSED] - if (tab == "summary"): null

2022-01-02 15:45:15 - [TEST_STEP][PASSED] - else if (tab == "stock"): null

2022-01-02 15:45:15 - [TEST_STEP][PASSED] - else if (tab == "mutualfund"): scroll.scroll.scrollScreenBottomToTop is PASSED

2022-01-02 15:45:15 - [TEST_STEP][PASSED] - tap(PORT_TabMutualFund, 0): Tapped on element 'Object Repository/Mobile/Page/Portfolio/Tab - Mutual Fund'

2022-01-02 15:45:15 - [MESSAGE][WARNING] - Timeout '0' is invalid. Using default page load timeout: '60'

2022-01-02 15:45:16 - [MESSAGE][PASSED] - Tapped on element 'Object Repository/Mobile/Page/Portfolio/Tab - Mutual Fund'

2022-01-02 15:45:16 - [TEST_STEP][PASSED] - delay(1): Delayed 1 second(s)

2022-01-02 15:45:17 - [MESSAGE][PASSED] - Delayed 1 second(s)

2022-01-02 15:45:17 - [TEST_STEP][PASSED] - try: scroll.scroll.scrollScreenBottomToTop is PASSED

2022-01-02 15:45:17 - [TEST_STEP][PASSED] - tapAndHold(PORT_ItemTopMutualFund, 1, 10): Tapped and held on element 'Object Repository/Mobile/Page/Portfolio/Item - Top Mutual Fund' with duration 1

2022-01-02 15:45:20 - [MESSAGE][PASSED] - Tapped and held on element 'Object Repository/Mobile/Page/Portfolio/Item - Top Mutual Fund' with duration 1

2022-01-02 15:45:20 - [TEST_STEP][PASSED] - delay(2): Delayed 2 second(s)

2022-01-02 15:45:22 - [MESSAGE][PASSED] - Delayed 2 second(s)

2022-01-02 15:45:22 - [TEST_STEP][PASSED] - switch (action2): null

2022-01-02 15:45:22 - [TEST_STEP][PASSED] - case "3 year":: null

2022-01-02 15:45:22 - [TEST_STEP][PASSED] - tapAndHold(PORT_DETL_Btn3Year, 1, 0): Tapped and held on element 'Object Repository/Mobile/Page/Portfolio/Detail Mutual Funds/Button - 3 Year' with duration 1

2022-01-02 15:45:22 - [MESSAGE][WARNING] - Timeout '0' is invalid. Using default page load timeout: '60'

2022-01-02 15:45:25 - [MESSAGE][PASSED] - Tapped and held on element 'Object Repository/Mobile/Page/Portfolio/Detail Mutual Funds/Button - 3 Year' with duration 1

2022-01-02 15:45:25 - [TEST_STEP][PASSED] - break: null

2022-01-02 15:45:25 - [TEST_STEP][PASSED] - delay(3): Delayed 3 second(s)

2022-01-02 15:45:28 - [MESSAGE][PASSED] - Delayed 3 second(s)

2022-01-02 15:45:28 - [TEST_STEP][PASSED] - scroll.scroll.scrollScreenBottomToTop(): scroll.scroll.scrollScreenBottomToTop is PASSED

2022-01-02 15:45:28 - [MESSAGE][PASSED] - Current device physical height is 1423

2022-01-02 15:45:28 - [MESSAGE][PASSED] - Current device physical width is 720

2022-01-02 15:45:30 - [MESSAGE][PASSED] - Swiped from 360,1,138 to 360,284

2022-01-02 15:45:30 - [MESSAGE][PASSED] - scroll.scroll.scrollScreenBottomToTop is PASSED

2022-01-02 15:45:30 - [MESSAGE][PASSED] - Call Test Case 'Test Cases/Mobile/Page/Portfolio/Portfolio' successfully

2022-01-02 15:45:30 - [TEST_STEP][PASSED] - callTestCase(findTestCase("Mobile/Page/Run App/Terminate App"), [:], STOP_ON_FAILURE): Call Test Case 'Test Cases/Mobile/Page/Run App/Terminate App' successfully

2022-01-02 15:45:30 - [TEST_CASE][PASSED] - Test Cases/Mobile/Page/Run App/Terminate App: Test Cases/Mobile/Page/Run App/Terminate App

2022-01-02 15:45:30 - [TEST_STEP][PASSED] - startApp.OpenApp.terminateApplication(): startApp.OpenApp.terminateApplication is PASSED

2022-01-02 15:45:33 - [MESSAGE][PASSED] - Delayed 3 second(s)

2022-01-02 15:45:33 - [MESSAGE][PASSED] - Current device physical width is 720

2022-01-02 15:45:33 - [MESSAGE][PASSED] - Current device physical height is 1423

2022-01-02 15:45:35 - [MESSAGE][PASSED] - Swiped from 360,853 to 360,142

2022-01-02 15:45:36 - [MESSAGE][PASSED] - Delayed 1 second(s)

2022-01-02 15:45:37 - [MESSAGE][PASSED] - Swiped from 360,853 to 360,142

2022-01-02 15:45:40 - [MESSAGE][PASSED] - Delayed 3 second(s)

2022-01-02 15:45:40 - [MESSAGE][PASSED] - startApp.OpenApp.terminateApplication is PASSED

2022-01-02 15:45:40 - [MESSAGE][PASSED] - Call Test Case 'Test Cases/Mobile/Page/Run App/Terminate App' successfully]]></system-out>
         <system-err><![CDATA[]]></system-err>
      </testcase>
      <testcase name="Test Cases/Mobile/Scenario/Portfolio/018 - Melihat detail mutual fund 5 year" time="62.473" classname="Test Cases/Mobile/Scenario/Portfolio/018 - Melihat detail mutual fund 5 year" status="PASSED">
         <system-out><![CDATA[2022-01-02 15:45:40 - [TEST_CASE][PASSED] - Test Cases/Mobile/Scenario/Portfolio/018 - Melihat detail mutual fund 5 year: Test Cases/Mobile/Scenario/Portfolio/018 - Melihat detail mutual fund 5 year

2022-01-02 15:45:40 - [TEST_STEP][PASSED] - callTestCase(findTestCase("Mobile/Page/Run App/Run App byID"), [:], STOP_ON_FAILURE): Call Test Case 'Test Cases/Mobile/Page/Run App/Run App byID' successfully

2022-01-02 15:45:40 - [TEST_CASE][PASSED] - Test Cases/Mobile/Page/Run App/Run App byID: Test Cases/Mobile/Page/Run App/Run App byID

2022-01-02 15:45:40 - [TEST_STEP][PASSED] - startApp.OpenApp.startApplication("id.co.miraeasset.sageclub"): startApp.OpenApp.startApplication is PASSED

2022-01-02 15:45:53 - [MESSAGE][PASSED] - Starting app with application ID: 'id.co.miraeasset.sageclub'

2022-01-02 15:45:53 - [MESSAGE][PASSED] - startApp.OpenApp.startApplication is PASSED

2022-01-02 15:45:53 - [MESSAGE][PASSED] - Call Test Case 'Test Cases/Mobile/Page/Run App/Run App byID' successfully

2022-01-02 15:45:53 - [TEST_STEP][PASSED] - callTestCase(findTestCase("Mobile/Page/Portfolio/Portfolio"), ["tab":"mutualfund", "action2":"5 year"], CONTINUE_ON_FAILURE): Call Test Case 'Test Cases/Mobile/Page/Portfolio/Portfolio' successfully

2022-01-02 15:45:53 - [TEST_CASE][PASSED] - Test Cases/Mobile/Page/Portfolio/Portfolio: Test Cases/Mobile/Page/Portfolio/Portfolio

2022-01-02 15:45:53 - [TEST_STEP][PASSED] - callTestCase(findTestCase("Mobile/Page/CheckLogin"), [:], CONTINUE_ON_FAILURE): Call Test Case 'Test Cases/Mobile/Page/CheckLogin' successfully

2022-01-02 15:45:53 - [TEST_CASE][PASSED] - Test Cases/Mobile/Page/CheckLogin: Test Cases/Mobile/Page/CheckLogin

2022-01-02 15:45:53 - [TEST_STEP][PASSED] - loginCheck = verifyElementExist(LOGN_BtnLogin, 5, CONTINUE_ON_FAILURE): Element 'Object Repository/Mobile/Page/Login/Button - Login' is exist

2022-01-02 15:45:55 - [MESSAGE][PASSED] - Element 'Object Repository/Mobile/Page/Login/Button - Login' is exist

2022-01-02 15:45:55 - [TEST_STEP][PASSED] - if (loginCheck): Call Test Case 'Test Cases/Mobile/Page/Login/Login' successfully

2022-01-02 15:45:55 - [TEST_STEP][PASSED] - callTestCase(findTestCase("Mobile/Page/Login/Login"), ["action":"username"], CONTINUE_ON_FAILURE): Call Test Case 'Test Cases/Mobile/Page/Login/Login' successfully

2022-01-02 15:45:55 - [TEST_CASE][PASSED] - Test Cases/Mobile/Page/Login/Login: Test Cases/Mobile/Page/Login/Login

2022-01-02 15:45:55 - [TEST_STEP][PASSED] - delay(2): Delayed 2 second(s)

2022-01-02 15:45:57 - [MESSAGE][PASSED] - Delayed 2 second(s)

2022-01-02 15:45:57 - [TEST_STEP][PASSED] - for ([i = 0, i < 1, (i++)]): null

2022-01-02 15:45:57 - [TEST_STEP][PASSED] - if (action == "username"): null

2022-01-02 15:45:57 - [TEST_STEP][PASSED] - tap(LOGN_EdtUserID, 0): Tapped on element 'Object Repository/Mobile/Page/Login/Input - UserID'

2022-01-02 15:45:57 - [MESSAGE][WARNING] - Timeout '0' is invalid. Using default page load timeout: '60'

2022-01-02 15:45:57 - [MESSAGE][PASSED] - Tapped on element 'Object Repository/Mobile/Page/Login/Input - UserID'

2022-01-02 15:45:57 - [TEST_STEP][PASSED] - delay(1): Delayed 1 second(s)

2022-01-02 15:45:58 - [MESSAGE][PASSED] - Delayed 1 second(s)

2022-01-02 15:45:58 - [TEST_STEP][PASSED] - setText(LOGN_EdtRdyUserID, "anggaaditya", 0): Text 'anggaaditya' has been set to element 'Object Repository/Mobile/Page/Login/Input Rdy - UserID'

2022-01-02 15:45:58 - [MESSAGE][WARNING] - Timeout '0' is invalid. Using default page load timeout: '60'

2022-01-02 15:45:59 - [MESSAGE][PASSED] - Text 'anggaaditya' has been set to element 'Object Repository/Mobile/Page/Login/Input Rdy - UserID'

2022-01-02 15:45:59 - [TEST_STEP][PASSED] - delay(1): Delayed 1 second(s)

2022-01-02 15:46:00 - [MESSAGE][PASSED] - Delayed 1 second(s)

2022-01-02 15:46:00 - [TEST_STEP][PASSED] - hideKeyboard(): Keyboard is hidden

2022-01-02 15:46:04 - [MESSAGE][PASSED] - Keyboard is hidden

2022-01-02 15:46:04 - [TEST_STEP][PASSED] - tap(LOGN_EdtPassword, 0): Tapped on element 'Object Repository/Mobile/Page/Login/Input - Password'

2022-01-02 15:46:04 - [MESSAGE][WARNING] - Timeout '0' is invalid. Using default page load timeout: '60'

2022-01-02 15:46:04 - [MESSAGE][PASSED] - Tapped on element 'Object Repository/Mobile/Page/Login/Input - Password'

2022-01-02 15:46:04 - [TEST_STEP][PASSED] - delay(1): Delayed 1 second(s)

2022-01-02 15:46:05 - [MESSAGE][PASSED] - Delayed 1 second(s)

2022-01-02 15:46:05 - [TEST_STEP][PASSED] - setText(LOGN_EdtRdyPassword, "Shalawa18", 0): Text 'Shalawa18' has been set to element 'Object Repository/Mobile/Page/Login/Input Rdy - Password'

2022-01-02 15:46:05 - [MESSAGE][WARNING] - Timeout '0' is invalid. Using default page load timeout: '60'

2022-01-02 15:46:06 - [MESSAGE][PASSED] - Text 'Shalawa18' has been set to element 'Object Repository/Mobile/Page/Login/Input Rdy - Password'

2022-01-02 15:46:06 - [TEST_STEP][PASSED] - delay(1): Delayed 1 second(s)

2022-01-02 15:46:07 - [MESSAGE][PASSED] - Delayed 1 second(s)

2022-01-02 15:46:07 - [TEST_STEP][PASSED] - hideKeyboard(): Keyboard is hidden

2022-01-02 15:46:13 - [MESSAGE][PASSED] - Keyboard is hidden

2022-01-02 15:46:13 - [TEST_STEP][PASSED] - tap(LOGN_BtnLogin, 0): Tapped on element 'Object Repository/Mobile/Page/Login/Button - Login'

2022-01-02 15:46:13 - [MESSAGE][WARNING] - Timeout '0' is invalid. Using default page load timeout: '60'

2022-01-02 15:46:14 - [MESSAGE][PASSED] - Tapped on element 'Object Repository/Mobile/Page/Login/Button - Login'

2022-01-02 15:46:14 - [TEST_STEP][PASSED] - delay(2): Delayed 2 second(s)

2022-01-02 15:46:16 - [MESSAGE][PASSED] - Delayed 2 second(s)

2022-01-02 15:46:16 - [TEST_STEP][PASSED] - break: null

2022-01-02 15:46:16 - [MESSAGE][PASSED] - Call Test Case 'Test Cases/Mobile/Page/Login/Login' successfully

2022-01-02 15:46:16 - [MESSAGE][PASSED] - Call Test Case 'Test Cases/Mobile/Page/CheckLogin' successfully

2022-01-02 15:46:16 - [TEST_STEP][PASSED] - tap(HOME_MenubarPortfolio, 0): Tapped on element 'Object Repository/Mobile/Page/Home/Menubar - Portfolio'

2022-01-02 15:46:16 - [MESSAGE][WARNING] - Timeout '0' is invalid. Using default page load timeout: '60'

2022-01-02 15:46:17 - [MESSAGE][PASSED] - Tapped on element 'Object Repository/Mobile/Page/Home/Menubar - Portfolio'

2022-01-02 15:46:17 - [TEST_STEP][PASSED] - delay(1): Delayed 1 second(s)

2022-01-02 15:46:18 - [MESSAGE][PASSED] - Delayed 1 second(s)

2022-01-02 15:46:18 - [TEST_STEP][PASSED] - for ([i = 0, i < 1, (i++)]): scroll.scroll.scrollScreenBottomToTop is PASSED

2022-01-02 15:46:18 - [TEST_STEP][PASSED] - if (tab == "summary"): null

2022-01-02 15:46:18 - [TEST_STEP][PASSED] - else if (tab == "stock"): null

2022-01-02 15:46:18 - [TEST_STEP][PASSED] - else if (tab == "mutualfund"): scroll.scroll.scrollScreenBottomToTop is PASSED

2022-01-02 15:46:18 - [TEST_STEP][PASSED] - tap(PORT_TabMutualFund, 0): Tapped on element 'Object Repository/Mobile/Page/Portfolio/Tab - Mutual Fund'

2022-01-02 15:46:18 - [MESSAGE][WARNING] - Timeout '0' is invalid. Using default page load timeout: '60'

2022-01-02 15:46:18 - [MESSAGE][PASSED] - Tapped on element 'Object Repository/Mobile/Page/Portfolio/Tab - Mutual Fund'

2022-01-02 15:46:18 - [TEST_STEP][PASSED] - delay(1): Delayed 1 second(s)

2022-01-02 15:46:19 - [MESSAGE][PASSED] - Delayed 1 second(s)

2022-01-02 15:46:19 - [TEST_STEP][PASSED] - try: scroll.scroll.scrollScreenBottomToTop is PASSED

2022-01-02 15:46:19 - [TEST_STEP][PASSED] - tapAndHold(PORT_ItemTopMutualFund, 1, 10): Tapped and held on element 'Object Repository/Mobile/Page/Portfolio/Item - Top Mutual Fund' with duration 1

2022-01-02 15:46:22 - [MESSAGE][PASSED] - Tapped and held on element 'Object Repository/Mobile/Page/Portfolio/Item - Top Mutual Fund' with duration 1

2022-01-02 15:46:22 - [TEST_STEP][PASSED] - delay(2): Delayed 2 second(s)

2022-01-02 15:46:24 - [MESSAGE][PASSED] - Delayed 2 second(s)

2022-01-02 15:46:24 - [TEST_STEP][PASSED] - switch (action2): null

2022-01-02 15:46:24 - [TEST_STEP][PASSED] - case "5 year":: null

2022-01-02 15:46:24 - [TEST_STEP][PASSED] - tapAndHold(PORT_DETL_Btn5Year, 1, 0): Tapped and held on element 'Object Repository/Mobile/Page/Portfolio/Detail Mutual Funds/Button - 5 Year' with duration 1

2022-01-02 15:46:24 - [MESSAGE][WARNING] - Timeout '0' is invalid. Using default page load timeout: '60'

2022-01-02 15:46:27 - [MESSAGE][PASSED] - Tapped and held on element 'Object Repository/Mobile/Page/Portfolio/Detail Mutual Funds/Button - 5 Year' with duration 1

2022-01-02 15:46:27 - [TEST_STEP][PASSED] - break: null

2022-01-02 15:46:27 - [TEST_STEP][PASSED] - delay(3): Delayed 3 second(s)

2022-01-02 15:46:30 - [MESSAGE][PASSED] - Delayed 3 second(s)

2022-01-02 15:46:30 - [TEST_STEP][PASSED] - scroll.scroll.scrollScreenBottomToTop(): scroll.scroll.scrollScreenBottomToTop is PASSED

2022-01-02 15:46:30 - [MESSAGE][PASSED] - Current device physical height is 1423

2022-01-02 15:46:31 - [MESSAGE][PASSED] - Current device physical width is 720

2022-01-02 15:46:32 - [MESSAGE][PASSED] - Swiped from 360,1,138 to 360,284

2022-01-02 15:46:32 - [MESSAGE][PASSED] - scroll.scroll.scrollScreenBottomToTop is PASSED

2022-01-02 15:46:32 - [MESSAGE][PASSED] - Call Test Case 'Test Cases/Mobile/Page/Portfolio/Portfolio' successfully

2022-01-02 15:46:32 - [TEST_STEP][PASSED] - callTestCase(findTestCase("Mobile/Page/Run App/Terminate App"), [:], STOP_ON_FAILURE): Call Test Case 'Test Cases/Mobile/Page/Run App/Terminate App' successfully

2022-01-02 15:46:32 - [TEST_CASE][PASSED] - Test Cases/Mobile/Page/Run App/Terminate App: Test Cases/Mobile/Page/Run App/Terminate App

2022-01-02 15:46:32 - [TEST_STEP][PASSED] - startApp.OpenApp.terminateApplication(): startApp.OpenApp.terminateApplication is PASSED

2022-01-02 15:46:35 - [MESSAGE][PASSED] - Delayed 3 second(s)

2022-01-02 15:46:35 - [MESSAGE][PASSED] - Current device physical width is 720

2022-01-02 15:46:36 - [MESSAGE][PASSED] - Current device physical height is 1423

2022-01-02 15:46:37 - [MESSAGE][PASSED] - Swiped from 360,853 to 360,142

2022-01-02 15:46:38 - [MESSAGE][PASSED] - Delayed 1 second(s)

2022-01-02 15:46:39 - [MESSAGE][PASSED] - Swiped from 360,853 to 360,142

2022-01-02 15:46:42 - [MESSAGE][PASSED] - Delayed 3 second(s)

2022-01-02 15:46:42 - [MESSAGE][PASSED] - startApp.OpenApp.terminateApplication is PASSED

2022-01-02 15:46:42 - [MESSAGE][PASSED] - Call Test Case 'Test Cases/Mobile/Page/Run App/Terminate App' successfully]]></system-out>
         <system-err><![CDATA[]]></system-err>
      </testcase>
      <testcase name="Test Cases/Mobile/Scenario/Portfolio/019 - Melihat detail mutual fund 10 year" time="63.777" classname="Test Cases/Mobile/Scenario/Portfolio/019 - Melihat detail mutual fund 10 year" status="PASSED">
         <system-out><![CDATA[2022-01-02 15:46:42 - [TEST_CASE][PASSED] - Test Cases/Mobile/Scenario/Portfolio/019 - Melihat detail mutual fund 10 year: Test Cases/Mobile/Scenario/Portfolio/019 - Melihat detail mutual fund 10 year

2022-01-02 15:46:43 - [TEST_STEP][PASSED] - callTestCase(findTestCase("Mobile/Page/Run App/Run App byID"), [:], STOP_ON_FAILURE): Call Test Case 'Test Cases/Mobile/Page/Run App/Run App byID' successfully

2022-01-02 15:46:43 - [TEST_CASE][PASSED] - Test Cases/Mobile/Page/Run App/Run App byID: Test Cases/Mobile/Page/Run App/Run App byID

2022-01-02 15:46:43 - [TEST_STEP][PASSED] - startApp.OpenApp.startApplication("id.co.miraeasset.sageclub"): startApp.OpenApp.startApplication is PASSED

2022-01-02 15:46:55 - [MESSAGE][PASSED] - Starting app with application ID: 'id.co.miraeasset.sageclub'

2022-01-02 15:46:55 - [MESSAGE][PASSED] - startApp.OpenApp.startApplication is PASSED

2022-01-02 15:46:55 - [MESSAGE][PASSED] - Call Test Case 'Test Cases/Mobile/Page/Run App/Run App byID' successfully

2022-01-02 15:46:55 - [TEST_STEP][PASSED] - callTestCase(findTestCase("Mobile/Page/Portfolio/Portfolio"), ["tab":"mutualfund", "action2":"10 year"], CONTINUE_ON_FAILURE): Call Test Case 'Test Cases/Mobile/Page/Portfolio/Portfolio' successfully

2022-01-02 15:46:55 - [TEST_CASE][PASSED] - Test Cases/Mobile/Page/Portfolio/Portfolio: Test Cases/Mobile/Page/Portfolio/Portfolio

2022-01-02 15:46:55 - [TEST_STEP][PASSED] - callTestCase(findTestCase("Mobile/Page/CheckLogin"), [:], CONTINUE_ON_FAILURE): Call Test Case 'Test Cases/Mobile/Page/CheckLogin' successfully

2022-01-02 15:46:55 - [TEST_CASE][PASSED] - Test Cases/Mobile/Page/CheckLogin: Test Cases/Mobile/Page/CheckLogin

2022-01-02 15:46:55 - [TEST_STEP][PASSED] - loginCheck = verifyElementExist(LOGN_BtnLogin, 5, CONTINUE_ON_FAILURE): Element 'Object Repository/Mobile/Page/Login/Button - Login' is exist

2022-01-02 15:46:57 - [MESSAGE][PASSED] - Element 'Object Repository/Mobile/Page/Login/Button - Login' is exist

2022-01-02 15:46:57 - [TEST_STEP][PASSED] - if (loginCheck): Call Test Case 'Test Cases/Mobile/Page/Login/Login' successfully

2022-01-02 15:46:57 - [TEST_STEP][PASSED] - callTestCase(findTestCase("Mobile/Page/Login/Login"), ["action":"username"], CONTINUE_ON_FAILURE): Call Test Case 'Test Cases/Mobile/Page/Login/Login' successfully

2022-01-02 15:46:57 - [TEST_CASE][PASSED] - Test Cases/Mobile/Page/Login/Login: Test Cases/Mobile/Page/Login/Login

2022-01-02 15:46:57 - [TEST_STEP][PASSED] - delay(2): Delayed 2 second(s)

2022-01-02 15:46:59 - [MESSAGE][PASSED] - Delayed 2 second(s)

2022-01-02 15:46:59 - [TEST_STEP][PASSED] - for ([i = 0, i < 1, (i++)]): null

2022-01-02 15:46:59 - [TEST_STEP][PASSED] - if (action == "username"): null

2022-01-02 15:46:59 - [TEST_STEP][PASSED] - tap(LOGN_EdtUserID, 0): Tapped on element 'Object Repository/Mobile/Page/Login/Input - UserID'

2022-01-02 15:46:59 - [MESSAGE][WARNING] - Timeout '0' is invalid. Using default page load timeout: '60'

2022-01-02 15:47:01 - [MESSAGE][PASSED] - Tapped on element 'Object Repository/Mobile/Page/Login/Input - UserID'

2022-01-02 15:47:01 - [TEST_STEP][PASSED] - delay(1): Delayed 1 second(s)

2022-01-02 15:47:02 - [MESSAGE][PASSED] - Delayed 1 second(s)

2022-01-02 15:47:02 - [TEST_STEP][PASSED] - setText(LOGN_EdtRdyUserID, "anggaaditya", 0): Text 'anggaaditya' has been set to element 'Object Repository/Mobile/Page/Login/Input Rdy - UserID'

2022-01-02 15:47:02 - [MESSAGE][WARNING] - Timeout '0' is invalid. Using default page load timeout: '60'

2022-01-02 15:47:02 - [MESSAGE][PASSED] - Text 'anggaaditya' has been set to element 'Object Repository/Mobile/Page/Login/Input Rdy - UserID'

2022-01-02 15:47:02 - [TEST_STEP][PASSED] - delay(1): Delayed 1 second(s)

2022-01-02 15:47:03 - [MESSAGE][PASSED] - Delayed 1 second(s)

2022-01-02 15:47:03 - [TEST_STEP][PASSED] - hideKeyboard(): Keyboard is hidden

2022-01-02 15:47:07 - [MESSAGE][PASSED] - Keyboard is hidden

2022-01-02 15:47:07 - [TEST_STEP][PASSED] - tap(LOGN_EdtPassword, 0): Tapped on element 'Object Repository/Mobile/Page/Login/Input - Password'

2022-01-02 15:47:07 - [MESSAGE][WARNING] - Timeout '0' is invalid. Using default page load timeout: '60'

2022-01-02 15:47:07 - [MESSAGE][PASSED] - Tapped on element 'Object Repository/Mobile/Page/Login/Input - Password'

2022-01-02 15:47:07 - [TEST_STEP][PASSED] - delay(1): Delayed 1 second(s)

2022-01-02 15:47:08 - [MESSAGE][PASSED] - Delayed 1 second(s)

2022-01-02 15:47:08 - [TEST_STEP][PASSED] - setText(LOGN_EdtRdyPassword, "Shalawa18", 0): Text 'Shalawa18' has been set to element 'Object Repository/Mobile/Page/Login/Input Rdy - Password'

2022-01-02 15:47:08 - [MESSAGE][WARNING] - Timeout '0' is invalid. Using default page load timeout: '60'

2022-01-02 15:47:09 - [MESSAGE][PASSED] - Text 'Shalawa18' has been set to element 'Object Repository/Mobile/Page/Login/Input Rdy - Password'

2022-01-02 15:47:09 - [TEST_STEP][PASSED] - delay(1): Delayed 1 second(s)

2022-01-02 15:47:10 - [MESSAGE][PASSED] - Delayed 1 second(s)

2022-01-02 15:47:10 - [TEST_STEP][PASSED] - hideKeyboard(): Keyboard is hidden

2022-01-02 15:47:16 - [MESSAGE][PASSED] - Keyboard is hidden

2022-01-02 15:47:16 - [TEST_STEP][PASSED] - tap(LOGN_BtnLogin, 0): Tapped on element 'Object Repository/Mobile/Page/Login/Button - Login'

2022-01-02 15:47:16 - [MESSAGE][WARNING] - Timeout '0' is invalid. Using default page load timeout: '60'

2022-01-02 15:47:17 - [MESSAGE][PASSED] - Tapped on element 'Object Repository/Mobile/Page/Login/Button - Login'

2022-01-02 15:47:17 - [TEST_STEP][PASSED] - delay(2): Delayed 2 second(s)

2022-01-02 15:47:19 - [MESSAGE][PASSED] - Delayed 2 second(s)

2022-01-02 15:47:19 - [TEST_STEP][PASSED] - break: null

2022-01-02 15:47:19 - [MESSAGE][PASSED] - Call Test Case 'Test Cases/Mobile/Page/Login/Login' successfully

2022-01-02 15:47:19 - [MESSAGE][PASSED] - Call Test Case 'Test Cases/Mobile/Page/CheckLogin' successfully

2022-01-02 15:47:19 - [TEST_STEP][PASSED] - tap(HOME_MenubarPortfolio, 0): Tapped on element 'Object Repository/Mobile/Page/Home/Menubar - Portfolio'

2022-01-02 15:47:19 - [MESSAGE][WARNING] - Timeout '0' is invalid. Using default page load timeout: '60'

2022-01-02 15:47:20 - [MESSAGE][PASSED] - Tapped on element 'Object Repository/Mobile/Page/Home/Menubar - Portfolio'

2022-01-02 15:47:20 - [TEST_STEP][PASSED] - delay(1): Delayed 1 second(s)

2022-01-02 15:47:21 - [MESSAGE][PASSED] - Delayed 1 second(s)

2022-01-02 15:47:21 - [TEST_STEP][PASSED] - for ([i = 0, i < 1, (i++)]): scroll.scroll.scrollScreenBottomToTop is PASSED

2022-01-02 15:47:21 - [TEST_STEP][PASSED] - if (tab == "summary"): null

2022-01-02 15:47:21 - [TEST_STEP][PASSED] - else if (tab == "stock"): null

2022-01-02 15:47:21 - [TEST_STEP][PASSED] - else if (tab == "mutualfund"): scroll.scroll.scrollScreenBottomToTop is PASSED

2022-01-02 15:47:21 - [TEST_STEP][PASSED] - tap(PORT_TabMutualFund, 0): Tapped on element 'Object Repository/Mobile/Page/Portfolio/Tab - Mutual Fund'

2022-01-02 15:47:21 - [MESSAGE][WARNING] - Timeout '0' is invalid. Using default page load timeout: '60'

2022-01-02 15:47:22 - [MESSAGE][PASSED] - Tapped on element 'Object Repository/Mobile/Page/Portfolio/Tab - Mutual Fund'

2022-01-02 15:47:22 - [TEST_STEP][PASSED] - delay(1): Delayed 1 second(s)

2022-01-02 15:47:23 - [MESSAGE][PASSED] - Delayed 1 second(s)

2022-01-02 15:47:23 - [TEST_STEP][PASSED] - try: scroll.scroll.scrollScreenBottomToTop is PASSED

2022-01-02 15:47:23 - [TEST_STEP][PASSED] - tapAndHold(PORT_ItemTopMutualFund, 1, 10): Tapped and held on element 'Object Repository/Mobile/Page/Portfolio/Item - Top Mutual Fund' with duration 1

2022-01-02 15:47:26 - [MESSAGE][PASSED] - Tapped and held on element 'Object Repository/Mobile/Page/Portfolio/Item - Top Mutual Fund' with duration 1

2022-01-02 15:47:26 - [TEST_STEP][PASSED] - delay(2): Delayed 2 second(s)

2022-01-02 15:47:28 - [MESSAGE][PASSED] - Delayed 2 second(s)

2022-01-02 15:47:28 - [TEST_STEP][PASSED] - switch (action2): null

2022-01-02 15:47:28 - [TEST_STEP][PASSED] - case "10 year":: null

2022-01-02 15:47:28 - [TEST_STEP][PASSED] - tapAndHold(PORT_DETL_Btn10Year, 1, 0): Tapped and held on element 'Object Repository/Mobile/Page/Portfolio/Detail Mutual Funds/Button - 10 Year' with duration 1

2022-01-02 15:47:28 - [MESSAGE][WARNING] - Timeout '0' is invalid. Using default page load timeout: '60'

2022-01-02 15:47:31 - [MESSAGE][PASSED] - Tapped and held on element 'Object Repository/Mobile/Page/Portfolio/Detail Mutual Funds/Button - 10 Year' with duration 1

2022-01-02 15:47:31 - [TEST_STEP][PASSED] - break: null

2022-01-02 15:47:31 - [TEST_STEP][PASSED] - delay(3): Delayed 3 second(s)

2022-01-02 15:47:34 - [MESSAGE][PASSED] - Delayed 3 second(s)

2022-01-02 15:47:34 - [TEST_STEP][PASSED] - scroll.scroll.scrollScreenBottomToTop(): scroll.scroll.scrollScreenBottomToTop is PASSED

2022-01-02 15:47:34 - [MESSAGE][PASSED] - Current device physical height is 1423

2022-01-02 15:47:35 - [MESSAGE][PASSED] - Current device physical width is 720

2022-01-02 15:47:36 - [MESSAGE][PASSED] - Swiped from 360,1,138 to 360,284

2022-01-02 15:47:36 - [MESSAGE][PASSED] - scroll.scroll.scrollScreenBottomToTop is PASSED

2022-01-02 15:47:36 - [MESSAGE][PASSED] - Call Test Case 'Test Cases/Mobile/Page/Portfolio/Portfolio' successfully

2022-01-02 15:47:36 - [TEST_STEP][PASSED] - callTestCase(findTestCase("Mobile/Page/Run App/Terminate App"), [:], STOP_ON_FAILURE): Call Test Case 'Test Cases/Mobile/Page/Run App/Terminate App' successfully

2022-01-02 15:47:36 - [TEST_CASE][PASSED] - Test Cases/Mobile/Page/Run App/Terminate App: Test Cases/Mobile/Page/Run App/Terminate App

2022-01-02 15:47:36 - [TEST_STEP][PASSED] - startApp.OpenApp.terminateApplication(): startApp.OpenApp.terminateApplication is PASSED

2022-01-02 15:47:39 - [MESSAGE][PASSED] - Delayed 3 second(s)

2022-01-02 15:47:39 - [MESSAGE][PASSED] - Current device physical width is 720

2022-01-02 15:47:40 - [MESSAGE][PASSED] - Current device physical height is 1423

2022-01-02 15:47:41 - [MESSAGE][PASSED] - Swiped from 360,853 to 360,142

2022-01-02 15:47:42 - [MESSAGE][PASSED] - Delayed 1 second(s)

2022-01-02 15:47:43 - [MESSAGE][PASSED] - Swiped from 360,853 to 360,142

2022-01-02 15:47:46 - [MESSAGE][PASSED] - Delayed 3 second(s)

2022-01-02 15:47:46 - [MESSAGE][PASSED] - startApp.OpenApp.terminateApplication is PASSED

2022-01-02 15:47:46 - [MESSAGE][PASSED] - Call Test Case 'Test Cases/Mobile/Page/Run App/Terminate App' successfully]]></system-out>
         <system-err><![CDATA[]]></system-err>
      </testcase>
      <system-out><![CDATA[2022-01-02 15:27:15 - [TEST_SUITE][FAILED] - portfolio: Test Cases/Mobile/Scenario/Portfolio/008 - Portfolio Performance Quarter to Date Persen FAILED.
Reason:
com.kms.katalon.core.exception.StepFailedException: Unable to call Test Case 'Test Cases/Mobile/Page/Portfolio/Portfolio' (Root cause: com.kms.katalon.core.exception.StepFailedException: Call Test Case 'Test Cases/Mobile/Page/Portfolio/Portfolio' failed
	at com.kms.katalon.core.keyword.builtin.CallTestCaseKeyword$_callTestCase_closure1.doCall(CallTestCaseKeyword.groovy:63)
	at com.kms.katalon.core.keyword.builtin.CallTestCaseKeyword$_callTestCase_closure1.call(CallTestCaseKeyword.groovy)
	at com.kms.katalon.core.keyword.internal.KeywordMain.runKeyword(KeywordMain.groovy:68)
	at com.kms.katalon.core.keyword.builtin.CallTestCaseKeyword.callTestCase(CallTestCaseKeyword.groovy:81)
	at com.kms.katalon.core.keyword.builtin.CallTestCaseKeyword.execute(CallTestCaseKeyword.groovy:44)
	at com.kms.katalon.core.keyword.internal.KeywordExecutor.executeKeywordForPlatform(KeywordExecutor.groovy:73)
	at com.kms.katalon.core.keyword.BuiltinKeywords.callTestCase(BuiltinKeywords.groovy:334)
	at 008 - Portfolio Performance Quarter to Date Persen.run(008 - Portfolio Performance Quarter to Date Persen:22)
	at com.kms.katalon.core.main.ScriptEngine.run(ScriptEngine.java:194)
	at com.kms.katalon.core.main.ScriptEngine.runScriptAsRawText(ScriptEngine.java:119)
	at com.kms.katalon.core.main.TestCaseExecutor.runScript(TestCaseExecutor.java:398)
	at com.kms.katalon.core.main.TestCaseExecutor.doExecute(TestCaseExecutor.java:389)
	at com.kms.katalon.core.main.TestCaseExecutor.processExecutionPhase(TestCaseExecutor.java:368)
	at com.kms.katalon.core.main.TestCaseExecutor.accessMainPhase(TestCaseExecutor.java:360)
	at com.kms.katalon.core.main.TestCaseExecutor.execute(TestCaseExecutor.java:255)
	at com.kms.katalon.core.main.TestSuiteExecutor.accessTestCaseMainPhase(TestSuiteExecutor.java:203)
	at com.kms.katalon.core.main.TestSuiteExecutor.accessTestSuiteMainPhase(TestSuiteExecutor.java:152)
	at com.kms.katalon.core.main.TestSuiteExecutor.execute(TestSuiteExecutor.java:95)
	at com.kms.katalon.core.main.TestCaseMain.startTestSuite(TestCaseMain.java:157)
	at com.kms.katalon.core.main.TestCaseMain$startTestSuite$0.call(Unknown Source)
	at TempTestSuite1641112027960.run(TempTestSuite1641112027960.groovy:39)
Caused by: com.kms.katalon.core.exception.StepFailedException: Object Object Repository/Mobile/Page/Home/Menubar - Portfolio not found
	at com.kms.katalon.core.keyword.internal.KeywordMain.stepFailed(KeywordMain.groovy:50)
	at com.kms.katalon.core.mobile.keyword.internal.MobileKeywordMain.stepFailed(MobileKeywordMain.groovy:40)
	at com.kms.katalon.core.mobile.keyword.builtin.TapKeyword$_tap_closure1.doCall(TapKeyword.groovy:79)
	at com.kms.katalon.core.mobile.keyword.builtin.TapKeyword$_tap_closure1.call(TapKeyword.groovy)
	at com.kms.katalon.core.mobile.keyword.internal.MobileKeywordMain.runKeyword(MobileKeywordMain.groovy:21)
	at com.kms.katalon.core.mobile.keyword.builtin.TapKeyword.tap(TapKeyword.groovy:86)
	at com.kms.katalon.core.mobile.keyword.builtin.TapKeyword.execute(TapKeyword.groovy:68)
	at com.kms.katalon.core.keyword.internal.KeywordExecutor.executeKeywordForPlatform(KeywordExecutor.groovy:73)
	at com.kms.katalon.core.mobile.keyword.MobileBuiltInKeywords.tap(MobileBuiltInKeywords.groovy:1354)
	at com.kms.katalon.core.mobile.keyword.MobileBuiltInKeywords$tap$1.call(Unknown Source)
	at Portfolio.run(Portfolio:24)
	at com.kms.katalon.core.main.ScriptEngine.run(ScriptEngine.java:194)
	at com.kms.katalon.core.main.ScriptEngine.runScriptAsRawText(ScriptEngine.java:119)
	at com.kms.katalon.core.main.TestCaseExecutor.runScript(TestCaseExecutor.java:398)
	at com.kms.katalon.core.main.TestCaseExecutor.doExecute(TestCaseExecutor.java:389)
	at com.kms.katalon.core.main.TestCaseExecutor.processExecutionPhase(TestCaseExecutor.java:368)
	at com.kms.katalon.core.main.TestCaseExecutor.accessMainPhase(TestCaseExecutor.java:360)
	at com.kms.katalon.core.main.TestCaseExecutor.execute(TestCaseExecutor.java:255)
	at com.kms.katalon.core.main.TestCaseMain.runTestCase(TestCaseMain.java:114)
	at com.kms.katalon.core.keyword.builtin.CallTestCaseKeyword$_callTestCase_closure1.doCall(CallTestCaseKeyword.groovy:59)
	... 20 more
)
	at com.kms.katalon.core.keyword.internal.KeywordMain.stepFailed(KeywordMain.groovy:39)
	at com.kms.katalon.core.keyword.internal.KeywordMain.stepFailed(KeywordMain.groovy)
	at com.kms.katalon.core.keyword.internal.KeywordMain.runKeyword(KeywordMain.groovy:70)
	at com.kms.katalon.core.keyword.builtin.CallTestCaseKeyword.callTestCase(CallTestCaseKeyword.groovy:81)
	at com.kms.katalon.core.keyword.builtin.CallTestCaseKeyword.execute(CallTestCaseKeyword.groovy:44)
	at com.kms.katalon.core.keyword.internal.KeywordExecutor.executeKeywordForPlatform(KeywordExecutor.groovy:73)
	at com.kms.katalon.core.keyword.BuiltinKeywords.callTestCase(BuiltinKeywords.groovy:334)
	at 008 - Portfolio Performance Quarter to Date Persen.run(008 - Portfolio Performance Quarter to Date Persen:22)
	at com.kms.katalon.core.main.ScriptEngine.run(ScriptEngine.java:194)
	at com.kms.katalon.core.main.ScriptEngine.runScriptAsRawText(ScriptEngine.java:119)
	at com.kms.katalon.core.main.TestCaseExecutor.runScript(TestCaseExecutor.java:398)
	at com.kms.katalon.core.main.TestCaseExecutor.doExecute(TestCaseExecutor.java:389)
	at com.kms.katalon.core.main.TestCaseExecutor.processExecutionPhase(TestCaseExecutor.java:368)
	at com.kms.katalon.core.main.TestCaseExecutor.accessMainPhase(TestCaseExecutor.java:360)
	at com.kms.katalon.core.main.TestCaseExecutor.execute(TestCaseExecutor.java:255)
	at com.kms.katalon.core.main.TestSuiteExecutor.accessTestCaseMainPhase(TestSuiteExecutor.java:203)
	at com.kms.katalon.core.main.TestSuiteExecutor.accessTestSuiteMainPhase(TestSuiteExecutor.java:152)
	at com.kms.katalon.core.main.TestSuiteExecutor.execute(TestSuiteExecutor.java:95)
	at com.kms.katalon.core.main.TestCaseMain.startTestSuite(TestCaseMain.java:157)
	at com.kms.katalon.core.main.TestCaseMain$startTestSuite$0.call(Unknown Source)
	at TempTestSuite1641112027960.run(TempTestSuite1641112027960.groovy:39)
Caused by: com.kms.katalon.core.exception.StepFailedException: Call Test Case 'Test Cases/Mobile/Page/Portfolio/Portfolio' failed
	at com.kms.katalon.core.keyword.builtin.CallTestCaseKeyword$_callTestCase_closure1.doCall(CallTestCaseKeyword.groovy:63)
	at com.kms.katalon.core.keyword.builtin.CallTestCaseKeyword$_callTestCase_closure1.call(CallTestCaseKeyword.groovy)
	at com.kms.katalon.core.keyword.internal.KeywordMain.runKeyword(KeywordMain.groovy:68)
	... 18 more
Caused by: com.kms.katalon.core.exception.StepFailedException: Object Object Repository/Mobile/Page/Home/Menubar - Portfolio not found
	at com.kms.katalon.core.keyword.internal.KeywordMain.stepFailed(KeywordMain.groovy:50)
	at com.kms.katalon.core.mobile.keyword.internal.MobileKeywordMain.stepFailed(MobileKeywordMain.groovy:40)
	at com.kms.katalon.core.mobile.keyword.builtin.TapKeyword$_tap_closure1.doCall(TapKeyword.groovy:79)
	at com.kms.katalon.core.mobile.keyword.builtin.TapKeyword$_tap_closure1.call(TapKeyword.groovy)
	at com.kms.katalon.core.mobile.keyword.internal.MobileKeywordMain.runKeyword(MobileKeywordMain.groovy:21)
	at com.kms.katalon.core.mobile.keyword.builtin.TapKeyword.tap(TapKeyword.groovy:86)
	at com.kms.katalon.core.mobile.keyword.builtin.TapKeyword.execute(TapKeyword.groovy:68)
	at com.kms.katalon.core.keyword.internal.KeywordExecutor.executeKeywordForPlatform(KeywordExecutor.groovy:73)
	at com.kms.katalon.core.mobile.keyword.MobileBuiltInKeywords.tap(MobileBuiltInKeywords.groovy:1354)
	at com.kms.katalon.core.mobile.keyword.MobileBuiltInKeywords$tap$1.call(Unknown Source)
	at Portfolio.run(Portfolio:24)
	at com.kms.katalon.core.main.ScriptEngine.run(ScriptEngine.java:194)
	at com.kms.katalon.core.main.ScriptEngine.runScriptAsRawText(ScriptEngine.java:119)
	at com.kms.katalon.core.main.TestCaseExecutor.runScript(TestCaseExecutor.java:398)
	at com.kms.katalon.core.main.TestCaseExecutor.doExecute(TestCaseExecutor.java:389)
	at com.kms.katalon.core.main.TestCaseExecutor.processExecutionPhase(TestCaseExecutor.java:368)
	at com.kms.katalon.core.main.TestCaseExecutor.accessMainPhase(TestCaseExecutor.java:360)
	at com.kms.katalon.core.main.TestCaseExecutor.execute(TestCaseExecutor.java:255)
	at com.kms.katalon.core.main.TestCaseMain.runTestCase(TestCaseMain.java:114)
	at com.kms.katalon.core.keyword.builtin.CallTestCaseKeyword$_callTestCase_closure1.doCall(CallTestCaseKeyword.groovy:59)
	... 20 more]]></system-out>
      <system-err><![CDATA[2022-01-02 15:27:15 - [TEST_SUITE][FAILED] - portfolio: Test Cases/Mobile/Scenario/Portfolio/008 - Portfolio Performance Quarter to Date Persen FAILED.
Reason:
com.kms.katalon.core.exception.StepFailedException: Unable to call Test Case 'Test Cases/Mobile/Page/Portfolio/Portfolio' (Root cause: com.kms.katalon.core.exception.StepFailedException: Call Test Case 'Test Cases/Mobile/Page/Portfolio/Portfolio' failed
	at com.kms.katalon.core.keyword.builtin.CallTestCaseKeyword$_callTestCase_closure1.doCall(CallTestCaseKeyword.groovy:63)
	at com.kms.katalon.core.keyword.builtin.CallTestCaseKeyword$_callTestCase_closure1.call(CallTestCaseKeyword.groovy)
	at com.kms.katalon.core.keyword.internal.KeywordMain.runKeyword(KeywordMain.groovy:68)
	at com.kms.katalon.core.keyword.builtin.CallTestCaseKeyword.callTestCase(CallTestCaseKeyword.groovy:81)
	at com.kms.katalon.core.keyword.builtin.CallTestCaseKeyword.execute(CallTestCaseKeyword.groovy:44)
	at com.kms.katalon.core.keyword.internal.KeywordExecutor.executeKeywordForPlatform(KeywordExecutor.groovy:73)
	at com.kms.katalon.core.keyword.BuiltinKeywords.callTestCase(BuiltinKeywords.groovy:334)
	at 008 - Portfolio Performance Quarter to Date Persen.run(008 - Portfolio Performance Quarter to Date Persen:22)
	at com.kms.katalon.core.main.ScriptEngine.run(ScriptEngine.java:194)
	at com.kms.katalon.core.main.ScriptEngine.runScriptAsRawText(ScriptEngine.java:119)
	at com.kms.katalon.core.main.TestCaseExecutor.runScript(TestCaseExecutor.java:398)
	at com.kms.katalon.core.main.TestCaseExecutor.doExecute(TestCaseExecutor.java:389)
	at com.kms.katalon.core.main.TestCaseExecutor.processExecutionPhase(TestCaseExecutor.java:368)
	at com.kms.katalon.core.main.TestCaseExecutor.accessMainPhase(TestCaseExecutor.java:360)
	at com.kms.katalon.core.main.TestCaseExecutor.execute(TestCaseExecutor.java:255)
	at com.kms.katalon.core.main.TestSuiteExecutor.accessTestCaseMainPhase(TestSuiteExecutor.java:203)
	at com.kms.katalon.core.main.TestSuiteExecutor.accessTestSuiteMainPhase(TestSuiteExecutor.java:152)
	at com.kms.katalon.core.main.TestSuiteExecutor.execute(TestSuiteExecutor.java:95)
	at com.kms.katalon.core.main.TestCaseMain.startTestSuite(TestCaseMain.java:157)
	at com.kms.katalon.core.main.TestCaseMain$startTestSuite$0.call(Unknown Source)
	at TempTestSuite1641112027960.run(TempTestSuite1641112027960.groovy:39)
Caused by: com.kms.katalon.core.exception.StepFailedException: Object Object Repository/Mobile/Page/Home/Menubar - Portfolio not found
	at com.kms.katalon.core.keyword.internal.KeywordMain.stepFailed(KeywordMain.groovy:50)
	at com.kms.katalon.core.mobile.keyword.internal.MobileKeywordMain.stepFailed(MobileKeywordMain.groovy:40)
	at com.kms.katalon.core.mobile.keyword.builtin.TapKeyword$_tap_closure1.doCall(TapKeyword.groovy:79)
	at com.kms.katalon.core.mobile.keyword.builtin.TapKeyword$_tap_closure1.call(TapKeyword.groovy)
	at com.kms.katalon.core.mobile.keyword.internal.MobileKeywordMain.runKeyword(MobileKeywordMain.groovy:21)
	at com.kms.katalon.core.mobile.keyword.builtin.TapKeyword.tap(TapKeyword.groovy:86)
	at com.kms.katalon.core.mobile.keyword.builtin.TapKeyword.execute(TapKeyword.groovy:68)
	at com.kms.katalon.core.keyword.internal.KeywordExecutor.executeKeywordForPlatform(KeywordExecutor.groovy:73)
	at com.kms.katalon.core.mobile.keyword.MobileBuiltInKeywords.tap(MobileBuiltInKeywords.groovy:1354)
	at com.kms.katalon.core.mobile.keyword.MobileBuiltInKeywords$tap$1.call(Unknown Source)
	at Portfolio.run(Portfolio:24)
	at com.kms.katalon.core.main.ScriptEngine.run(ScriptEngine.java:194)
	at com.kms.katalon.core.main.ScriptEngine.runScriptAsRawText(ScriptEngine.java:119)
	at com.kms.katalon.core.main.TestCaseExecutor.runScript(TestCaseExecutor.java:398)
	at com.kms.katalon.core.main.TestCaseExecutor.doExecute(TestCaseExecutor.java:389)
	at com.kms.katalon.core.main.TestCaseExecutor.processExecutionPhase(TestCaseExecutor.java:368)
	at com.kms.katalon.core.main.TestCaseExecutor.accessMainPhase(TestCaseExecutor.java:360)
	at com.kms.katalon.core.main.TestCaseExecutor.execute(TestCaseExecutor.java:255)
	at com.kms.katalon.core.main.TestCaseMain.runTestCase(TestCaseMain.java:114)
	at com.kms.katalon.core.keyword.builtin.CallTestCaseKeyword$_callTestCase_closure1.doCall(CallTestCaseKeyword.groovy:59)
	... 20 more
)
	at com.kms.katalon.core.keyword.internal.KeywordMain.stepFailed(KeywordMain.groovy:39)
	at com.kms.katalon.core.keyword.internal.KeywordMain.stepFailed(KeywordMain.groovy)
	at com.kms.katalon.core.keyword.internal.KeywordMain.runKeyword(KeywordMain.groovy:70)
	at com.kms.katalon.core.keyword.builtin.CallTestCaseKeyword.callTestCase(CallTestCaseKeyword.groovy:81)
	at com.kms.katalon.core.keyword.builtin.CallTestCaseKeyword.execute(CallTestCaseKeyword.groovy:44)
	at com.kms.katalon.core.keyword.internal.KeywordExecutor.executeKeywordForPlatform(KeywordExecutor.groovy:73)
	at com.kms.katalon.core.keyword.BuiltinKeywords.callTestCase(BuiltinKeywords.groovy:334)
	at 008 - Portfolio Performance Quarter to Date Persen.run(008 - Portfolio Performance Quarter to Date Persen:22)
	at com.kms.katalon.core.main.ScriptEngine.run(ScriptEngine.java:194)
	at com.kms.katalon.core.main.ScriptEngine.runScriptAsRawText(ScriptEngine.java:119)
	at com.kms.katalon.core.main.TestCaseExecutor.runScript(TestCaseExecutor.java:398)
	at com.kms.katalon.core.main.TestCaseExecutor.doExecute(TestCaseExecutor.java:389)
	at com.kms.katalon.core.main.TestCaseExecutor.processExecutionPhase(TestCaseExecutor.java:368)
	at com.kms.katalon.core.main.TestCaseExecutor.accessMainPhase(TestCaseExecutor.java:360)
	at com.kms.katalon.core.main.TestCaseExecutor.execute(TestCaseExecutor.java:255)
	at com.kms.katalon.core.main.TestSuiteExecutor.accessTestCaseMainPhase(TestSuiteExecutor.java:203)
	at com.kms.katalon.core.main.TestSuiteExecutor.accessTestSuiteMainPhase(TestSuiteExecutor.java:152)
	at com.kms.katalon.core.main.TestSuiteExecutor.execute(TestSuiteExecutor.java:95)
	at com.kms.katalon.core.main.TestCaseMain.startTestSuite(TestCaseMain.java:157)
	at com.kms.katalon.core.main.TestCaseMain$startTestSuite$0.call(Unknown Source)
	at TempTestSuite1641112027960.run(TempTestSuite1641112027960.groovy:39)
Caused by: com.kms.katalon.core.exception.StepFailedException: Call Test Case 'Test Cases/Mobile/Page/Portfolio/Portfolio' failed
	at com.kms.katalon.core.keyword.builtin.CallTestCaseKeyword$_callTestCase_closure1.doCall(CallTestCaseKeyword.groovy:63)
	at com.kms.katalon.core.keyword.builtin.CallTestCaseKeyword$_callTestCase_closure1.call(CallTestCaseKeyword.groovy)
	at com.kms.katalon.core.keyword.internal.KeywordMain.runKeyword(KeywordMain.groovy:68)
	... 18 more
Caused by: com.kms.katalon.core.exception.StepFailedException: Object Object Repository/Mobile/Page/Home/Menubar - Portfolio not found
	at com.kms.katalon.core.keyword.internal.KeywordMain.stepFailed(KeywordMain.groovy:50)
	at com.kms.katalon.core.mobile.keyword.internal.MobileKeywordMain.stepFailed(MobileKeywordMain.groovy:40)
	at com.kms.katalon.core.mobile.keyword.builtin.TapKeyword$_tap_closure1.doCall(TapKeyword.groovy:79)
	at com.kms.katalon.core.mobile.keyword.builtin.TapKeyword$_tap_closure1.call(TapKeyword.groovy)
	at com.kms.katalon.core.mobile.keyword.internal.MobileKeywordMain.runKeyword(MobileKeywordMain.groovy:21)
	at com.kms.katalon.core.mobile.keyword.builtin.TapKeyword.tap(TapKeyword.groovy:86)
	at com.kms.katalon.core.mobile.keyword.builtin.TapKeyword.execute(TapKeyword.groovy:68)
	at com.kms.katalon.core.keyword.internal.KeywordExecutor.executeKeywordForPlatform(KeywordExecutor.groovy:73)
	at com.kms.katalon.core.mobile.keyword.MobileBuiltInKeywords.tap(MobileBuiltInKeywords.groovy:1354)
	at com.kms.katalon.core.mobile.keyword.MobileBuiltInKeywords$tap$1.call(Unknown Source)
	at Portfolio.run(Portfolio:24)
	at com.kms.katalon.core.main.ScriptEngine.run(ScriptEngine.java:194)
	at com.kms.katalon.core.main.ScriptEngine.runScriptAsRawText(ScriptEngine.java:119)
	at com.kms.katalon.core.main.TestCaseExecutor.runScript(TestCaseExecutor.java:398)
	at com.kms.katalon.core.main.TestCaseExecutor.doExecute(TestCaseExecutor.java:389)
	at com.kms.katalon.core.main.TestCaseExecutor.processExecutionPhase(TestCaseExecutor.java:368)
	at com.kms.katalon.core.main.TestCaseExecutor.accessMainPhase(TestCaseExecutor.java:360)
	at com.kms.katalon.core.main.TestCaseExecutor.execute(TestCaseExecutor.java:255)
	at com.kms.katalon.core.main.TestCaseMain.runTestCase(TestCaseMain.java:114)
	at com.kms.katalon.core.keyword.builtin.CallTestCaseKeyword$_callTestCase_closure1.doCall(CallTestCaseKeyword.groovy:59)
	... 20 more]]></system-err>
   </testsuite>
</testsuites>
