<?xml version="1.0" encoding="UTF-8"?>
<testsuites name="portfolio" time="1183.8" tests="19" failures="0" skips="0" errors="0">
   <testsuite name="portfolio" tests="19" failures="0" errors="0" time="1183.8" skips="0" timestamp="2022-02-15 09:20:36" hostname="Owner - aldy-tft" id="Test Suites/portfolio">
      <properties>
         <property name="deviceName" value="samsung SM-A205F (Android 11)"/>
         <property name="devicePlatform" value=""/>
         <property name="logFolder" value="C:\\Users\\Owner\\Documents\\kerjaan\\KatalonProject\\qa_katalon_pwm\\qa_katalon_pwm\\Reports\\20220215_084255\\portfolio\\20220215_084316"/>
         <property name="logFiles" value="C:\\Users\\Owner\\Documents\\kerjaan\\KatalonProject\\qa_katalon_pwm\\qa_katalon_pwm\\Reports\\20220215_084255\\portfolio\\20220215_084316\\appium.log, C:\\Users\\Owner\\Documents\\kerjaan\\KatalonProject\\qa_katalon_pwm\\qa_katalon_pwm\\Reports\\20220215_084255\\portfolio\\20220215_084316\\execution0.log"/>
         <property name="attachments" value=""/>
         <property name="hostName" value="Owner - aldy-tft"/>
         <property name="os" value="Windows 10 64bit"/>
         <property name="appiumServerStatus" value="{&quot;value&quot;:{&quot;build&quot;:{&quot;version&quot;:&quot;1.22.0&quot;}},&quot;sessionId&quot;:null,&quot;status&quot;:0}"/>
         <property name="katalonVersion" value="7.9.1.208"/>
         <property name="deviceOS" value="Android"/>
         <property name="appiumVersion" value="1.22.0"/>
         <property name="deviceModel" value="SM-A205F"/>
         <property name="hostAddress" value="192.168.100.33"/>
         <property name="deviceManufacturer" value="samsung"/>
         <property name="deviceId" value="RR8M40C9AXE"/>
         <property name="deviceName" value="samsung SM-A205F (Android 11)"/>
         <property name="deviceOSVersion" value="11"/>
      </properties>
      <testcase name="Test Cases/Mobile/Scenario/Portfolio/001 - Summary" time="70.014" classname="Test Cases/Mobile/Scenario/Portfolio/001 - Summary" status="PASSED">
         <system-out><![CDATA[2022-02-15 09:20:37 - [TEST_CASE][PASSED] - Test Cases/Mobile/Scenario/Portfolio/001 - Summary: Test Cases/Mobile/Scenario/Portfolio/001 - Summary

2022-02-15 09:20:37 - [TEST_STEP][PASSED] - callTestCase(findTestCase("Mobile/Page/Run App/Run App byID"), [:], STOP_ON_FAILURE): Call Test Case 'Test Cases/Mobile/Page/Run App/Run App byID' successfully

2022-02-15 09:20:38 - [TEST_CASE][PASSED] - Test Cases/Mobile/Page/Run App/Run App byID: Test Cases/Mobile/Page/Run App/Run App byID

2022-02-15 09:20:38 - [TEST_STEP][PASSED] - startApp.OpenApp.startApplication("id.co.miraeasset.sageclub"): startApp.OpenApp.startApplication is PASSED

2022-02-15 09:20:39 - [MESSAGE][INFO] - Appium server started on port 62,726

2022-02-15 09:20:54 - [MESSAGE][PASSED] - Starting app with application ID: 'id.co.miraeasset.sageclub'

2022-02-15 09:20:54 - [MESSAGE][PASSED] - startApp.OpenApp.startApplication is PASSED

2022-02-15 09:20:54 - [MESSAGE][PASSED] - Call Test Case 'Test Cases/Mobile/Page/Run App/Run App byID' successfully

2022-02-15 09:20:54 - [TEST_STEP][PASSED] - callTestCase(findTestCase("Mobile/Page/Portfolio/Portfolio"), ["tab":"summary", "action":"summary"], CONTINUE_ON_FAILURE): Call Test Case 'Test Cases/Mobile/Page/Portfolio/Portfolio' successfully

2022-02-15 09:20:54 - [TEST_CASE][PASSED] - Test Cases/Mobile/Page/Portfolio/Portfolio: Test Cases/Mobile/Page/Portfolio/Portfolio

2022-02-15 09:20:54 - [TEST_STEP][PASSED] - callTestCase(findTestCase("Mobile/Page/CheckLogin"), [:], CONTINUE_ON_FAILURE): Call Test Case 'Test Cases/Mobile/Page/CheckLogin' successfully

2022-02-15 09:20:54 - [TEST_CASE][PASSED] - Test Cases/Mobile/Page/CheckLogin: Test Cases/Mobile/Page/CheckLogin

2022-02-15 09:20:55 - [TEST_STEP][PASSED] - loginCheck = verifyElementExist(LOGN_BtnLogin, 5, CONTINUE_ON_FAILURE): Element 'Object Repository/Mobile/Page/Login/Button - Login' is exist

2022-02-15 09:20:56 - [MESSAGE][WARNING] - Test object with id 'Object Repository/Mobile/Page/Home/Button -  Add Watchlist' does not exist

2022-02-15 09:20:56 - [MESSAGE][WARNING] - Test object with id 'Object Repository/Mobile/Page/Home/Button - Open with Just Once' does not exist

2022-02-15 09:20:56 - [MESSAGE][WARNING] - Test object with id 'Object Repository/Mobile/Page/Home/Container - Notification' does not exist

2022-02-15 09:20:57 - [MESSAGE][WARNING] - Test object with id 'Object Repository/Mobile/Page/Home/Watchlist/Input - Search' does not exist

2022-02-15 09:20:57 - [MESSAGE][WARNING] - Test object with id 'Object Repository/Mobile/Page/Home/Watchlist/Item - Top Search' does not exist

2022-02-15 09:20:57 - [MESSAGE][WARNING] - Test object with id 'Object Repository/Mobile/Page/Home/Watchlist/Detail Watchlist/Item - Watchlist' does not exist

2022-02-15 09:21:04 - [MESSAGE][WARNING] - Test object with id 'Object Repository/Mobile/Page/Home/Button -  Add Watchlist' does not exist

2022-02-15 09:21:04 - [MESSAGE][WARNING] - Test object with id 'Object Repository/Mobile/Page/Home/Button - Open with Just Once' does not exist

2022-02-15 09:21:04 - [MESSAGE][WARNING] - Test object with id 'Object Repository/Mobile/Page/Home/Container - Notification' does not exist

2022-02-15 09:21:05 - [MESSAGE][WARNING] - Test object with id 'Object Repository/Mobile/Page/Home/Watchlist/Input - Search' does not exist

2022-02-15 09:21:05 - [MESSAGE][WARNING] - Test object with id 'Object Repository/Mobile/Page/Home/Watchlist/Item - Top Search' does not exist

2022-02-15 09:21:05 - [MESSAGE][WARNING] - Test object with id 'Object Repository/Mobile/Page/Home/Watchlist/Detail Watchlist/Item - Watchlist' does not exist

2022-02-15 09:21:10 - [MESSAGE][PASSED] - Element 'Object Repository/Mobile/Page/Login/Button - Login' is exist

2022-02-15 09:21:10 - [TEST_STEP][PASSED] - if (loginCheck): Call Test Case 'Test Cases/Mobile/Page/Login/Login' successfully

2022-02-15 09:21:10 - [TEST_STEP][PASSED] - callTestCase(findTestCase("Mobile/Page/Login/Login"), ["action":"username"], CONTINUE_ON_FAILURE): Call Test Case 'Test Cases/Mobile/Page/Login/Login' successfully

2022-02-15 09:21:10 - [TEST_CASE][PASSED] - Test Cases/Mobile/Page/Login/Login: Test Cases/Mobile/Page/Login/Login

2022-02-15 09:21:11 - [TEST_STEP][PASSED] - delay(2): Delayed 2 second(s)

2022-02-15 09:21:13 - [MESSAGE][PASSED] - Delayed 2 second(s)

2022-02-15 09:21:13 - [TEST_STEP][PASSED] - for ([i = 0, i < 1, (i++)]): null

2022-02-15 09:21:13 - [TEST_STEP][PASSED] - if (action == "username"): null

2022-02-15 09:21:13 - [TEST_STEP][PASSED] - tap(LOGN_EdtUserID, 0): Tapped on element 'Object Repository/Mobile/Page/Login/Input - UserID'

2022-02-15 09:21:13 - [MESSAGE][WARNING] - Timeout '0' is invalid. Using default page load timeout: '60'

2022-02-15 09:21:13 - [MESSAGE][PASSED] - Tapped on element 'Object Repository/Mobile/Page/Login/Input - UserID'

2022-02-15 09:21:13 - [TEST_STEP][PASSED] - delay(1): Delayed 1 second(s)

2022-02-15 09:21:14 - [MESSAGE][PASSED] - Delayed 1 second(s)

2022-02-15 09:21:14 - [TEST_STEP][PASSED] - setText(LOGN_EdtRdyUserID, "anggaaditya", 0): Text 'anggaaditya' has been set to element 'Object Repository/Mobile/Page/Login/Input Rdy - UserID'

2022-02-15 09:21:14 - [MESSAGE][WARNING] - Timeout '0' is invalid. Using default page load timeout: '60'

2022-02-15 09:21:15 - [MESSAGE][PASSED] - Text 'anggaaditya' has been set to element 'Object Repository/Mobile/Page/Login/Input Rdy - UserID'

2022-02-15 09:21:15 - [TEST_STEP][PASSED] - delay(1): Delayed 1 second(s)

2022-02-15 09:21:16 - [MESSAGE][PASSED] - Delayed 1 second(s)

2022-02-15 09:21:16 - [TEST_STEP][PASSED] - hideKeyboard(): Keyboard is hidden

2022-02-15 09:21:19 - [MESSAGE][PASSED] - Keyboard is hidden

2022-02-15 09:21:19 - [TEST_STEP][PASSED] - tap(LOGN_EdtPassword, 0): Tapped on element 'Object Repository/Mobile/Page/Login/Input - Password'

2022-02-15 09:21:19 - [MESSAGE][WARNING] - Timeout '0' is invalid. Using default page load timeout: '60'

2022-02-15 09:21:20 - [MESSAGE][PASSED] - Tapped on element 'Object Repository/Mobile/Page/Login/Input - Password'

2022-02-15 09:21:20 - [TEST_STEP][PASSED] - delay(1): Delayed 1 second(s)

2022-02-15 09:21:21 - [MESSAGE][PASSED] - Delayed 1 second(s)

2022-02-15 09:21:21 - [TEST_STEP][PASSED] - setText(LOGN_EdtRdyPassword, "Shalawa18", 0): Text 'Shalawa18' has been set to element 'Object Repository/Mobile/Page/Login/Input Rdy - Password'

2022-02-15 09:21:21 - [MESSAGE][WARNING] - Timeout '0' is invalid. Using default page load timeout: '60'

2022-02-15 09:21:21 - [MESSAGE][PASSED] - Text 'Shalawa18' has been set to element 'Object Repository/Mobile/Page/Login/Input Rdy - Password'

2022-02-15 09:21:21 - [TEST_STEP][PASSED] - delay(1): Delayed 1 second(s)

2022-02-15 09:21:22 - [MESSAGE][PASSED] - Delayed 1 second(s)

2022-02-15 09:21:22 - [TEST_STEP][PASSED] - hideKeyboard(): Keyboard is hidden

2022-02-15 09:21:28 - [MESSAGE][PASSED] - Keyboard is hidden

2022-02-15 09:21:28 - [TEST_STEP][PASSED] - tap(LOGN_BtnLogin, 0): Tapped on element 'Object Repository/Mobile/Page/Login/Button - Login'

2022-02-15 09:21:28 - [MESSAGE][WARNING] - Timeout '0' is invalid. Using default page load timeout: '60'

2022-02-15 09:21:29 - [MESSAGE][PASSED] - Tapped on element 'Object Repository/Mobile/Page/Login/Button - Login'

2022-02-15 09:21:29 - [TEST_STEP][PASSED] - delay(2): Delayed 2 second(s)

2022-02-15 09:21:31 - [MESSAGE][PASSED] - Delayed 2 second(s)

2022-02-15 09:21:31 - [TEST_STEP][PASSED] - break: null

2022-02-15 09:21:31 - [MESSAGE][PASSED] - Call Test Case 'Test Cases/Mobile/Page/Login/Login' successfully

2022-02-15 09:21:31 - [MESSAGE][PASSED] - Call Test Case 'Test Cases/Mobile/Page/CheckLogin' successfully

2022-02-15 09:21:31 - [TEST_STEP][PASSED] - tap(HOME_MenubarPortfolio, 0): Tapped on element 'Object Repository/Mobile/Page/Home/Menubar - Portfolio'

2022-02-15 09:21:31 - [MESSAGE][WARNING] - Timeout '0' is invalid. Using default page load timeout: '60'

2022-02-15 09:21:33 - [MESSAGE][PASSED] - Tapped on element 'Object Repository/Mobile/Page/Home/Menubar - Portfolio'

2022-02-15 09:21:33 - [TEST_STEP][PASSED] - delay(1): Delayed 1 second(s)

2022-02-15 09:21:34 - [MESSAGE][PASSED] - Delayed 1 second(s)

2022-02-15 09:21:34 - [TEST_STEP][PASSED] - for ([i = 0, i < 1, (i++)]): null

2022-02-15 09:21:34 - [TEST_STEP][PASSED] - if (tab == "summary"): null

2022-02-15 09:21:34 - [TEST_STEP][PASSED] - idr = PORT_BtnIDR: null

2022-02-15 09:21:34 - [TEST_STEP][PASSED] - persen = PORT_BtnPersen: null

2022-02-15 09:21:34 - [TEST_STEP][PASSED] - if (action == "summary"): Delayed 3 second(s)

2022-02-15 09:21:34 - [TEST_STEP][PASSED] - delay(3): Delayed 3 second(s)

2022-02-15 09:21:37 - [MESSAGE][PASSED] - Delayed 3 second(s)

2022-02-15 09:21:37 - [TEST_STEP][PASSED] - if (action != "summary"): null

2022-02-15 09:21:37 - [MESSAGE][PASSED] - Call Test Case 'Test Cases/Mobile/Page/Portfolio/Portfolio' successfully

2022-02-15 09:21:37 - [TEST_STEP][PASSED] - callTestCase(findTestCase("Mobile/Page/Run App/Terminate App"), [:], STOP_ON_FAILURE): Call Test Case 'Test Cases/Mobile/Page/Run App/Terminate App' successfully

2022-02-15 09:21:37 - [TEST_CASE][PASSED] - Test Cases/Mobile/Page/Run App/Terminate App: Test Cases/Mobile/Page/Run App/Terminate App

2022-02-15 09:21:37 - [TEST_STEP][PASSED] - startApp.OpenApp.terminateApplication(): startApp.OpenApp.terminateApplication is PASSED

2022-02-15 09:21:40 - [MESSAGE][PASSED] - Delayed 3 second(s)

2022-02-15 09:21:40 - [MESSAGE][PASSED] - Current device physical width is 720

2022-02-15 09:21:41 - [MESSAGE][PASSED] - Current device physical height is 1423

2022-02-15 09:21:42 - [MESSAGE][PASSED] - Swiped from 360,853 to 360,142

2022-02-15 09:21:43 - [MESSAGE][PASSED] - Delayed 1 second(s)

2022-02-15 09:21:44 - [MESSAGE][PASSED] - Swiped from 360,853 to 360,142

2022-02-15 09:21:47 - [MESSAGE][PASSED] - Delayed 3 second(s)

2022-02-15 09:21:47 - [MESSAGE][PASSED] - startApp.OpenApp.terminateApplication is PASSED

2022-02-15 09:21:47 - [MESSAGE][PASSED] - Call Test Case 'Test Cases/Mobile/Page/Run App/Terminate App' successfully]]></system-out>
         <system-err><![CDATA[]]></system-err>
      </testcase>
      <testcase name="Test Cases/Mobile/Scenario/Portfolio/002 - Portfolio Performance Daily IDR" time="58.083" classname="Test Cases/Mobile/Scenario/Portfolio/002 - Portfolio Performance Daily IDR" status="PASSED">
         <system-out><![CDATA[2022-02-15 09:21:47 - [TEST_CASE][PASSED] - Test Cases/Mobile/Scenario/Portfolio/002 - Portfolio Performance Daily IDR: Test Cases/Mobile/Scenario/Portfolio/002 - Portfolio Performance Daily IDR

2022-02-15 09:21:47 - [TEST_STEP][PASSED] - callTestCase(findTestCase("Mobile/Page/Run App/Run App byID"), [:], STOP_ON_FAILURE): Call Test Case 'Test Cases/Mobile/Page/Run App/Run App byID' successfully

2022-02-15 09:21:47 - [TEST_CASE][PASSED] - Test Cases/Mobile/Page/Run App/Run App byID: Test Cases/Mobile/Page/Run App/Run App byID

2022-02-15 09:21:47 - [TEST_STEP][PASSED] - startApp.OpenApp.startApplication("id.co.miraeasset.sageclub"): startApp.OpenApp.startApplication is PASSED

2022-02-15 09:21:59 - [MESSAGE][PASSED] - Starting app with application ID: 'id.co.miraeasset.sageclub'

2022-02-15 09:21:59 - [MESSAGE][PASSED] - startApp.OpenApp.startApplication is PASSED

2022-02-15 09:21:59 - [MESSAGE][PASSED] - Call Test Case 'Test Cases/Mobile/Page/Run App/Run App byID' successfully

2022-02-15 09:21:59 - [TEST_STEP][PASSED] - callTestCase(findTestCase("Mobile/Page/Portfolio/Portfolio"), ["tab":"summary", "action":"perf_daily", "action2":"idr"], CONTINUE_ON_FAILURE): Call Test Case 'Test Cases/Mobile/Page/Portfolio/Portfolio' successfully

2022-02-15 09:22:00 - [TEST_CASE][PASSED] - Test Cases/Mobile/Page/Portfolio/Portfolio: Test Cases/Mobile/Page/Portfolio/Portfolio

2022-02-15 09:22:00 - [TEST_STEP][PASSED] - callTestCase(findTestCase("Mobile/Page/CheckLogin"), [:], CONTINUE_ON_FAILURE): Call Test Case 'Test Cases/Mobile/Page/CheckLogin' successfully

2022-02-15 09:22:00 - [TEST_CASE][PASSED] - Test Cases/Mobile/Page/CheckLogin: Test Cases/Mobile/Page/CheckLogin

2022-02-15 09:22:00 - [TEST_STEP][PASSED] - loginCheck = verifyElementExist(LOGN_BtnLogin, 5, CONTINUE_ON_FAILURE): Element 'Object Repository/Mobile/Page/Login/Button - Login' is exist

2022-02-15 09:22:01 - [MESSAGE][PASSED] - Element 'Object Repository/Mobile/Page/Login/Button - Login' is exist

2022-02-15 09:22:01 - [TEST_STEP][PASSED] - if (loginCheck): Call Test Case 'Test Cases/Mobile/Page/Login/Login' successfully

2022-02-15 09:22:01 - [TEST_STEP][PASSED] - callTestCase(findTestCase("Mobile/Page/Login/Login"), ["action":"username"], CONTINUE_ON_FAILURE): Call Test Case 'Test Cases/Mobile/Page/Login/Login' successfully

2022-02-15 09:22:01 - [TEST_CASE][PASSED] - Test Cases/Mobile/Page/Login/Login: Test Cases/Mobile/Page/Login/Login

2022-02-15 09:22:02 - [TEST_STEP][PASSED] - delay(2): Delayed 2 second(s)

2022-02-15 09:22:04 - [MESSAGE][PASSED] - Delayed 2 second(s)

2022-02-15 09:22:04 - [TEST_STEP][PASSED] - for ([i = 0, i < 1, (i++)]): null

2022-02-15 09:22:04 - [TEST_STEP][PASSED] - if (action == "username"): null

2022-02-15 09:22:04 - [TEST_STEP][PASSED] - tap(LOGN_EdtUserID, 0): Tapped on element 'Object Repository/Mobile/Page/Login/Input - UserID'

2022-02-15 09:22:04 - [MESSAGE][WARNING] - Timeout '0' is invalid. Using default page load timeout: '60'

2022-02-15 09:22:04 - [MESSAGE][PASSED] - Tapped on element 'Object Repository/Mobile/Page/Login/Input - UserID'

2022-02-15 09:22:04 - [TEST_STEP][PASSED] - delay(1): Delayed 1 second(s)

2022-02-15 09:22:05 - [MESSAGE][PASSED] - Delayed 1 second(s)

2022-02-15 09:22:05 - [TEST_STEP][PASSED] - setText(LOGN_EdtRdyUserID, "anggaaditya", 0): Text 'anggaaditya' has been set to element 'Object Repository/Mobile/Page/Login/Input Rdy - UserID'

2022-02-15 09:22:05 - [MESSAGE][WARNING] - Timeout '0' is invalid. Using default page load timeout: '60'

2022-02-15 09:22:06 - [MESSAGE][PASSED] - Text 'anggaaditya' has been set to element 'Object Repository/Mobile/Page/Login/Input Rdy - UserID'

2022-02-15 09:22:06 - [TEST_STEP][PASSED] - delay(1): Delayed 1 second(s)

2022-02-15 09:22:07 - [MESSAGE][PASSED] - Delayed 1 second(s)

2022-02-15 09:22:07 - [TEST_STEP][PASSED] - hideKeyboard(): Keyboard is hidden

2022-02-15 09:22:10 - [MESSAGE][PASSED] - Keyboard is hidden

2022-02-15 09:22:10 - [TEST_STEP][PASSED] - tap(LOGN_EdtPassword, 0): Tapped on element 'Object Repository/Mobile/Page/Login/Input - Password'

2022-02-15 09:22:10 - [MESSAGE][WARNING] - Timeout '0' is invalid. Using default page load timeout: '60'

2022-02-15 09:22:10 - [MESSAGE][PASSED] - Tapped on element 'Object Repository/Mobile/Page/Login/Input - Password'

2022-02-15 09:22:10 - [TEST_STEP][PASSED] - delay(1): Delayed 1 second(s)

2022-02-15 09:22:11 - [MESSAGE][PASSED] - Delayed 1 second(s)

2022-02-15 09:22:11 - [TEST_STEP][PASSED] - setText(LOGN_EdtRdyPassword, "Shalawa18", 0): Text 'Shalawa18' has been set to element 'Object Repository/Mobile/Page/Login/Input Rdy - Password'

2022-02-15 09:22:11 - [MESSAGE][WARNING] - Timeout '0' is invalid. Using default page load timeout: '60'

2022-02-15 09:22:12 - [MESSAGE][PASSED] - Text 'Shalawa18' has been set to element 'Object Repository/Mobile/Page/Login/Input Rdy - Password'

2022-02-15 09:22:12 - [TEST_STEP][PASSED] - delay(1): Delayed 1 second(s)

2022-02-15 09:22:13 - [MESSAGE][PASSED] - Delayed 1 second(s)

2022-02-15 09:22:13 - [TEST_STEP][PASSED] - hideKeyboard(): Keyboard is hidden

2022-02-15 09:22:19 - [MESSAGE][PASSED] - Keyboard is hidden

2022-02-15 09:22:19 - [TEST_STEP][PASSED] - tap(LOGN_BtnLogin, 0): Tapped on element 'Object Repository/Mobile/Page/Login/Button - Login'

2022-02-15 09:22:19 - [MESSAGE][WARNING] - Timeout '0' is invalid. Using default page load timeout: '60'

2022-02-15 09:22:20 - [MESSAGE][PASSED] - Tapped on element 'Object Repository/Mobile/Page/Login/Button - Login'

2022-02-15 09:22:20 - [TEST_STEP][PASSED] - delay(2): Delayed 2 second(s)

2022-02-15 09:22:22 - [MESSAGE][PASSED] - Delayed 2 second(s)

2022-02-15 09:22:22 - [TEST_STEP][PASSED] - break: null

2022-02-15 09:22:22 - [MESSAGE][PASSED] - Call Test Case 'Test Cases/Mobile/Page/Login/Login' successfully

2022-02-15 09:22:22 - [MESSAGE][PASSED] - Call Test Case 'Test Cases/Mobile/Page/CheckLogin' successfully

2022-02-15 09:22:22 - [TEST_STEP][PASSED] - tap(HOME_MenubarPortfolio, 0): Tapped on element 'Object Repository/Mobile/Page/Home/Menubar - Portfolio'

2022-02-15 09:22:22 - [MESSAGE][WARNING] - Timeout '0' is invalid. Using default page load timeout: '60'

2022-02-15 09:22:23 - [MESSAGE][PASSED] - Tapped on element 'Object Repository/Mobile/Page/Home/Menubar - Portfolio'

2022-02-15 09:22:23 - [TEST_STEP][PASSED] - delay(1): Delayed 1 second(s)

2022-02-15 09:22:24 - [MESSAGE][PASSED] - Delayed 1 second(s)

2022-02-15 09:22:24 - [TEST_STEP][PASSED] - for ([i = 0, i < 1, (i++)]): Delayed 3 second(s)

2022-02-15 09:22:24 - [TEST_STEP][PASSED] - if (tab == "summary"): Delayed 3 second(s)

2022-02-15 09:22:24 - [TEST_STEP][PASSED] - idr = PORT_BtnIDR: null

2022-02-15 09:22:24 - [TEST_STEP][PASSED] - persen = PORT_BtnPersen: null

2022-02-15 09:22:24 - [TEST_STEP][PASSED] - if (action == "summary"): null

2022-02-15 09:22:24 - [TEST_STEP][PASSED] - else if (action == "perf_daily"): scroll.scroll.scrollScreenBottomToTop is PASSED

2022-02-15 09:22:24 - [TEST_STEP][PASSED] - scroll.scroll.scrollScreenBottomToTop(): scroll.scroll.scrollScreenBottomToTop is PASSED

2022-02-15 09:22:24 - [MESSAGE][PASSED] - Current device physical height is 1423

2022-02-15 09:22:25 - [MESSAGE][PASSED] - Current device physical width is 720

2022-02-15 09:22:26 - [MESSAGE][PASSED] - Swiped from 360,1,138 to 360,284

2022-02-15 09:22:26 - [MESSAGE][PASSED] - scroll.scroll.scrollScreenBottomToTop is PASSED

2022-02-15 09:22:26 - [TEST_STEP][PASSED] - if (action != "summary"): Delayed 3 second(s)

2022-02-15 09:22:26 - [TEST_STEP][PASSED] - delay(1): Delayed 1 second(s)

2022-02-15 09:22:27 - [MESSAGE][PASSED] - Delayed 1 second(s)

2022-02-15 09:22:27 - [TEST_STEP][PASSED] - scroll.scroll.scrollScreenBottomToTop(): scroll.scroll.scrollScreenBottomToTop is PASSED

2022-02-15 09:22:27 - [MESSAGE][PASSED] - Current device physical height is 1423

2022-02-15 09:22:27 - [MESSAGE][PASSED] - Current device physical width is 720

2022-02-15 09:22:29 - [MESSAGE][PASSED] - Swiped from 360,1,138 to 360,284

2022-02-15 09:22:29 - [MESSAGE][PASSED] - scroll.scroll.scrollScreenBottomToTop is PASSED

2022-02-15 09:22:29 - [TEST_STEP][PASSED] - delay(3): Delayed 3 second(s)

2022-02-15 09:22:32 - [MESSAGE][PASSED] - Delayed 3 second(s)

2022-02-15 09:22:32 - [TEST_STEP][PASSED] - if (action2 == "idr"): Delayed 3 second(s)

2022-02-15 09:22:32 - [TEST_STEP][PASSED] - tap(idr, 10): Tapped on element 'Object Repository/Mobile/Page/Portfolio/Button - IDR'

2022-02-15 09:22:32 - [MESSAGE][PASSED] - Tapped on element 'Object Repository/Mobile/Page/Portfolio/Button - IDR'

2022-02-15 09:22:32 - [TEST_STEP][PASSED] - delay(3): Delayed 3 second(s)

2022-02-15 09:22:35 - [MESSAGE][PASSED] - Delayed 3 second(s)

2022-02-15 09:22:35 - [MESSAGE][PASSED] - Call Test Case 'Test Cases/Mobile/Page/Portfolio/Portfolio' successfully

2022-02-15 09:22:35 - [TEST_STEP][PASSED] - callTestCase(findTestCase("Mobile/Page/Run App/Terminate App"), [:], STOP_ON_FAILURE): Call Test Case 'Test Cases/Mobile/Page/Run App/Terminate App' successfully

2022-02-15 09:22:35 - [TEST_CASE][PASSED] - Test Cases/Mobile/Page/Run App/Terminate App: Test Cases/Mobile/Page/Run App/Terminate App

2022-02-15 09:22:35 - [TEST_STEP][PASSED] - startApp.OpenApp.terminateApplication(): startApp.OpenApp.terminateApplication is PASSED

2022-02-15 09:22:38 - [MESSAGE][PASSED] - Delayed 3 second(s)

2022-02-15 09:22:38 - [MESSAGE][PASSED] - Current device physical width is 720

2022-02-15 09:22:39 - [MESSAGE][PASSED] - Current device physical height is 1423

2022-02-15 09:22:40 - [MESSAGE][PASSED] - Swiped from 360,853 to 360,142

2022-02-15 09:22:41 - [MESSAGE][PASSED] - Delayed 1 second(s)

2022-02-15 09:22:42 - [MESSAGE][PASSED] - Swiped from 360,853 to 360,142

2022-02-15 09:22:45 - [MESSAGE][PASSED] - Delayed 3 second(s)

2022-02-15 09:22:45 - [MESSAGE][PASSED] - startApp.OpenApp.terminateApplication is PASSED

2022-02-15 09:22:45 - [MESSAGE][PASSED] - Call Test Case 'Test Cases/Mobile/Page/Run App/Terminate App' successfully]]></system-out>
         <system-err><![CDATA[]]></system-err>
      </testcase>
      <testcase name="Test Cases/Mobile/Scenario/Portfolio/003 - Portfolio Performance Month to Date IDR" time="60.176" classname="Test Cases/Mobile/Scenario/Portfolio/003 - Portfolio Performance Month to Date IDR" status="PASSED">
         <system-out><![CDATA[2022-02-15 09:22:45 - [TEST_CASE][PASSED] - Test Cases/Mobile/Scenario/Portfolio/003 - Portfolio Performance Month to Date IDR: Test Cases/Mobile/Scenario/Portfolio/003 - Portfolio Performance Month to Date IDR

2022-02-15 09:22:45 - [TEST_STEP][PASSED] - callTestCase(findTestCase("Mobile/Page/Run App/Run App byID"), [:], STOP_ON_FAILURE): Call Test Case 'Test Cases/Mobile/Page/Run App/Run App byID' successfully

2022-02-15 09:22:46 - [TEST_CASE][PASSED] - Test Cases/Mobile/Page/Run App/Run App byID: Test Cases/Mobile/Page/Run App/Run App byID

2022-02-15 09:22:46 - [TEST_STEP][PASSED] - startApp.OpenApp.startApplication("id.co.miraeasset.sageclub"): startApp.OpenApp.startApplication is PASSED

2022-02-15 09:22:57 - [MESSAGE][PASSED] - Starting app with application ID: 'id.co.miraeasset.sageclub'

2022-02-15 09:22:57 - [MESSAGE][PASSED] - startApp.OpenApp.startApplication is PASSED

2022-02-15 09:22:57 - [MESSAGE][PASSED] - Call Test Case 'Test Cases/Mobile/Page/Run App/Run App byID' successfully

2022-02-15 09:22:57 - [TEST_STEP][PASSED] - callTestCase(findTestCase("Mobile/Page/Portfolio/Portfolio"), ["tab":"summary", "action":"perf_month", "action2":"idr"], CONTINUE_ON_FAILURE): Call Test Case 'Test Cases/Mobile/Page/Portfolio/Portfolio' successfully

2022-02-15 09:22:58 - [TEST_CASE][PASSED] - Test Cases/Mobile/Page/Portfolio/Portfolio: Test Cases/Mobile/Page/Portfolio/Portfolio

2022-02-15 09:22:58 - [TEST_STEP][PASSED] - callTestCase(findTestCase("Mobile/Page/CheckLogin"), [:], CONTINUE_ON_FAILURE): Call Test Case 'Test Cases/Mobile/Page/CheckLogin' successfully

2022-02-15 09:22:58 - [TEST_CASE][PASSED] - Test Cases/Mobile/Page/CheckLogin: Test Cases/Mobile/Page/CheckLogin

2022-02-15 09:22:58 - [TEST_STEP][PASSED] - loginCheck = verifyElementExist(LOGN_BtnLogin, 5, CONTINUE_ON_FAILURE): Element 'Object Repository/Mobile/Page/Login/Button - Login' is exist

2022-02-15 09:23:00 - [MESSAGE][PASSED] - Element 'Object Repository/Mobile/Page/Login/Button - Login' is exist

2022-02-15 09:23:00 - [TEST_STEP][PASSED] - if (loginCheck): Call Test Case 'Test Cases/Mobile/Page/Login/Login' successfully

2022-02-15 09:23:00 - [TEST_STEP][PASSED] - callTestCase(findTestCase("Mobile/Page/Login/Login"), ["action":"username"], CONTINUE_ON_FAILURE): Call Test Case 'Test Cases/Mobile/Page/Login/Login' successfully

2022-02-15 09:23:00 - [TEST_CASE][PASSED] - Test Cases/Mobile/Page/Login/Login: Test Cases/Mobile/Page/Login/Login

2022-02-15 09:23:00 - [TEST_STEP][PASSED] - delay(2): Delayed 2 second(s)

2022-02-15 09:23:02 - [MESSAGE][PASSED] - Delayed 2 second(s)

2022-02-15 09:23:02 - [TEST_STEP][PASSED] - for ([i = 0, i < 1, (i++)]): null

2022-02-15 09:23:02 - [TEST_STEP][PASSED] - if (action == "username"): null

2022-02-15 09:23:02 - [TEST_STEP][PASSED] - tap(LOGN_EdtUserID, 0): Tapped on element 'Object Repository/Mobile/Page/Login/Input - UserID'

2022-02-15 09:23:02 - [MESSAGE][WARNING] - Timeout '0' is invalid. Using default page load timeout: '60'

2022-02-15 09:23:02 - [MESSAGE][PASSED] - Tapped on element 'Object Repository/Mobile/Page/Login/Input - UserID'

2022-02-15 09:23:02 - [TEST_STEP][PASSED] - delay(1): Delayed 1 second(s)

2022-02-15 09:23:03 - [MESSAGE][PASSED] - Delayed 1 second(s)

2022-02-15 09:23:03 - [TEST_STEP][PASSED] - setText(LOGN_EdtRdyUserID, "anggaaditya", 0): Text 'anggaaditya' has been set to element 'Object Repository/Mobile/Page/Login/Input Rdy - UserID'

2022-02-15 09:23:03 - [MESSAGE][WARNING] - Timeout '0' is invalid. Using default page load timeout: '60'

2022-02-15 09:23:04 - [MESSAGE][PASSED] - Text 'anggaaditya' has been set to element 'Object Repository/Mobile/Page/Login/Input Rdy - UserID'

2022-02-15 09:23:04 - [TEST_STEP][PASSED] - delay(1): Delayed 1 second(s)

2022-02-15 09:23:05 - [MESSAGE][PASSED] - Delayed 1 second(s)

2022-02-15 09:23:05 - [TEST_STEP][PASSED] - hideKeyboard(): Keyboard is hidden

2022-02-15 09:23:09 - [MESSAGE][PASSED] - Keyboard is hidden

2022-02-15 09:23:09 - [TEST_STEP][PASSED] - tap(LOGN_EdtPassword, 0): Tapped on element 'Object Repository/Mobile/Page/Login/Input - Password'

2022-02-15 09:23:09 - [MESSAGE][WARNING] - Timeout '0' is invalid. Using default page load timeout: '60'

2022-02-15 09:23:09 - [MESSAGE][PASSED] - Tapped on element 'Object Repository/Mobile/Page/Login/Input - Password'

2022-02-15 09:23:09 - [TEST_STEP][PASSED] - delay(1): Delayed 1 second(s)

2022-02-15 09:23:10 - [MESSAGE][PASSED] - Delayed 1 second(s)

2022-02-15 09:23:10 - [TEST_STEP][PASSED] - setText(LOGN_EdtRdyPassword, "Shalawa18", 0): Text 'Shalawa18' has been set to element 'Object Repository/Mobile/Page/Login/Input Rdy - Password'

2022-02-15 09:23:10 - [MESSAGE][WARNING] - Timeout '0' is invalid. Using default page load timeout: '60'

2022-02-15 09:23:11 - [MESSAGE][PASSED] - Text 'Shalawa18' has been set to element 'Object Repository/Mobile/Page/Login/Input Rdy - Password'

2022-02-15 09:23:11 - [TEST_STEP][PASSED] - delay(1): Delayed 1 second(s)

2022-02-15 09:23:12 - [MESSAGE][PASSED] - Delayed 1 second(s)

2022-02-15 09:23:12 - [TEST_STEP][PASSED] - hideKeyboard(): Keyboard is hidden

2022-02-15 09:23:18 - [MESSAGE][PASSED] - Keyboard is hidden

2022-02-15 09:23:18 - [TEST_STEP][PASSED] - tap(LOGN_BtnLogin, 0): Tapped on element 'Object Repository/Mobile/Page/Login/Button - Login'

2022-02-15 09:23:18 - [MESSAGE][WARNING] - Timeout '0' is invalid. Using default page load timeout: '60'

2022-02-15 09:23:19 - [MESSAGE][PASSED] - Tapped on element 'Object Repository/Mobile/Page/Login/Button - Login'

2022-02-15 09:23:19 - [TEST_STEP][PASSED] - delay(2): Delayed 2 second(s)

2022-02-15 09:23:21 - [MESSAGE][PASSED] - Delayed 2 second(s)

2022-02-15 09:23:21 - [TEST_STEP][PASSED] - break: null

2022-02-15 09:23:21 - [MESSAGE][PASSED] - Call Test Case 'Test Cases/Mobile/Page/Login/Login' successfully

2022-02-15 09:23:21 - [MESSAGE][PASSED] - Call Test Case 'Test Cases/Mobile/Page/CheckLogin' successfully

2022-02-15 09:23:21 - [TEST_STEP][PASSED] - tap(HOME_MenubarPortfolio, 0): Tapped on element 'Object Repository/Mobile/Page/Home/Menubar - Portfolio'

2022-02-15 09:23:21 - [MESSAGE][WARNING] - Timeout '0' is invalid. Using default page load timeout: '60'

2022-02-15 09:23:22 - [MESSAGE][PASSED] - Tapped on element 'Object Repository/Mobile/Page/Home/Menubar - Portfolio'

2022-02-15 09:23:22 - [TEST_STEP][PASSED] - delay(1): Delayed 1 second(s)

2022-02-15 09:23:23 - [MESSAGE][PASSED] - Delayed 1 second(s)

2022-02-15 09:23:23 - [TEST_STEP][PASSED] - for ([i = 0, i < 1, (i++)]): Delayed 3 second(s)

2022-02-15 09:23:23 - [TEST_STEP][PASSED] - if (tab == "summary"): Delayed 3 second(s)

2022-02-15 09:23:23 - [TEST_STEP][PASSED] - idr = PORT_BtnIDR: null

2022-02-15 09:23:23 - [TEST_STEP][PASSED] - persen = PORT_BtnPersen: null

2022-02-15 09:23:23 - [TEST_STEP][PASSED] - if (action == "summary"): null

2022-02-15 09:23:23 - [TEST_STEP][PASSED] - else if (action == "perf_daily"): null

2022-02-15 09:23:23 - [TEST_STEP][PASSED] - else if (action == "perf_month"): Tapped on element 'Object Repository/Mobile/Page/Portfolio/Tab - Summary Month to Date'

2022-02-15 09:23:23 - [TEST_STEP][PASSED] - scroll.scroll.scrollScreenBottomToTop(): scroll.scroll.scrollScreenBottomToTop is PASSED

2022-02-15 09:23:23 - [MESSAGE][PASSED] - Current device physical height is 1423

2022-02-15 09:23:24 - [MESSAGE][PASSED] - Current device physical width is 720

2022-02-15 09:23:25 - [MESSAGE][PASSED] - Swiped from 360,1,138 to 360,284

2022-02-15 09:23:25 - [MESSAGE][PASSED] - scroll.scroll.scrollScreenBottomToTop is PASSED

2022-02-15 09:23:25 - [TEST_STEP][PASSED] - delay(1): Delayed 1 second(s)

2022-02-15 09:23:26 - [MESSAGE][PASSED] - Delayed 1 second(s)

2022-02-15 09:23:26 - [TEST_STEP][PASSED] - tap(PORT_TabSummaryMonth, 0): Tapped on element 'Object Repository/Mobile/Page/Portfolio/Tab - Summary Month to Date'

2022-02-15 09:23:26 - [MESSAGE][WARNING] - Timeout '0' is invalid. Using default page load timeout: '60'

2022-02-15 09:23:26 - [MESSAGE][PASSED] - Tapped on element 'Object Repository/Mobile/Page/Portfolio/Tab - Summary Month to Date'

2022-02-15 09:23:26 - [TEST_STEP][PASSED] - if (action != "summary"): Delayed 3 second(s)

2022-02-15 09:23:26 - [TEST_STEP][PASSED] - delay(1): Delayed 1 second(s)

2022-02-15 09:23:27 - [MESSAGE][PASSED] - Delayed 1 second(s)

2022-02-15 09:23:27 - [TEST_STEP][PASSED] - scroll.scroll.scrollScreenBottomToTop(): scroll.scroll.scrollScreenBottomToTop is PASSED

2022-02-15 09:23:27 - [MESSAGE][PASSED] - Current device physical height is 1423

2022-02-15 09:23:28 - [MESSAGE][PASSED] - Current device physical width is 720

2022-02-15 09:23:29 - [MESSAGE][PASSED] - Swiped from 360,1,138 to 360,284

2022-02-15 09:23:29 - [MESSAGE][PASSED] - scroll.scroll.scrollScreenBottomToTop is PASSED

2022-02-15 09:23:29 - [TEST_STEP][PASSED] - delay(3): Delayed 3 second(s)

2022-02-15 09:23:32 - [MESSAGE][PASSED] - Delayed 3 second(s)

2022-02-15 09:23:32 - [TEST_STEP][PASSED] - if (action2 == "idr"): Delayed 3 second(s)

2022-02-15 09:23:32 - [TEST_STEP][PASSED] - tap(idr, 10): Tapped on element 'Object Repository/Mobile/Page/Portfolio/Button - IDR'

2022-02-15 09:23:32 - [MESSAGE][PASSED] - Tapped on element 'Object Repository/Mobile/Page/Portfolio/Button - IDR'

2022-02-15 09:23:32 - [TEST_STEP][PASSED] - delay(3): Delayed 3 second(s)

2022-02-15 09:23:35 - [MESSAGE][PASSED] - Delayed 3 second(s)

2022-02-15 09:23:35 - [MESSAGE][PASSED] - Call Test Case 'Test Cases/Mobile/Page/Portfolio/Portfolio' successfully

2022-02-15 09:23:35 - [TEST_STEP][PASSED] - callTestCase(findTestCase("Mobile/Page/Run App/Terminate App"), [:], STOP_ON_FAILURE): Call Test Case 'Test Cases/Mobile/Page/Run App/Terminate App' successfully

2022-02-15 09:23:35 - [TEST_CASE][PASSED] - Test Cases/Mobile/Page/Run App/Terminate App: Test Cases/Mobile/Page/Run App/Terminate App

2022-02-15 09:23:35 - [TEST_STEP][PASSED] - startApp.OpenApp.terminateApplication(): startApp.OpenApp.terminateApplication is PASSED

2022-02-15 09:23:38 - [MESSAGE][PASSED] - Delayed 3 second(s)

2022-02-15 09:23:39 - [MESSAGE][PASSED] - Current device physical width is 720

2022-02-15 09:23:39 - [MESSAGE][PASSED] - Current device physical height is 1423

2022-02-15 09:23:40 - [MESSAGE][PASSED] - Swiped from 360,853 to 360,142

2022-02-15 09:23:41 - [MESSAGE][PASSED] - Delayed 1 second(s)

2022-02-15 09:23:42 - [MESSAGE][PASSED] - Swiped from 360,853 to 360,142

2022-02-15 09:23:45 - [MESSAGE][PASSED] - Delayed 3 second(s)

2022-02-15 09:23:45 - [MESSAGE][PASSED] - startApp.OpenApp.terminateApplication is PASSED

2022-02-15 09:23:45 - [MESSAGE][PASSED] - Call Test Case 'Test Cases/Mobile/Page/Run App/Terminate App' successfully]]></system-out>
         <system-err><![CDATA[]]></system-err>
      </testcase>
      <testcase name="Test Cases/Mobile/Scenario/Portfolio/004 - Portfolio Performance Quarter to Date IDR" time="63.54" classname="Test Cases/Mobile/Scenario/Portfolio/004 - Portfolio Performance Quarter to Date IDR" status="PASSED">
         <system-out><![CDATA[2022-02-15 09:23:45 - [TEST_CASE][PASSED] - Test Cases/Mobile/Scenario/Portfolio/004 - Portfolio Performance Quarter to Date IDR: Test Cases/Mobile/Scenario/Portfolio/004 - Portfolio Performance Quarter to Date IDR

2022-02-15 09:23:46 - [TEST_STEP][PASSED] - callTestCase(findTestCase("Mobile/Page/Run App/Run App byID"), [:], STOP_ON_FAILURE): Call Test Case 'Test Cases/Mobile/Page/Run App/Run App byID' successfully

2022-02-15 09:23:46 - [TEST_CASE][PASSED] - Test Cases/Mobile/Page/Run App/Run App byID: Test Cases/Mobile/Page/Run App/Run App byID

2022-02-15 09:23:46 - [TEST_STEP][PASSED] - startApp.OpenApp.startApplication("id.co.miraeasset.sageclub"): startApp.OpenApp.startApplication is PASSED

2022-02-15 09:23:59 - [MESSAGE][PASSED] - Starting app with application ID: 'id.co.miraeasset.sageclub'

2022-02-15 09:23:59 - [MESSAGE][PASSED] - startApp.OpenApp.startApplication is PASSED

2022-02-15 09:23:59 - [MESSAGE][PASSED] - Call Test Case 'Test Cases/Mobile/Page/Run App/Run App byID' successfully

2022-02-15 09:23:59 - [TEST_STEP][PASSED] - callTestCase(findTestCase("Mobile/Page/Portfolio/Portfolio"), ["tab":"summary", "action":"perf_quarter", "action2":"idr"], CONTINUE_ON_FAILURE): Call Test Case 'Test Cases/Mobile/Page/Portfolio/Portfolio' successfully

2022-02-15 09:23:59 - [TEST_CASE][PASSED] - Test Cases/Mobile/Page/Portfolio/Portfolio: Test Cases/Mobile/Page/Portfolio/Portfolio

2022-02-15 09:23:59 - [TEST_STEP][PASSED] - callTestCase(findTestCase("Mobile/Page/CheckLogin"), [:], CONTINUE_ON_FAILURE): Call Test Case 'Test Cases/Mobile/Page/CheckLogin' successfully

2022-02-15 09:24:00 - [TEST_CASE][PASSED] - Test Cases/Mobile/Page/CheckLogin: Test Cases/Mobile/Page/CheckLogin

2022-02-15 09:24:00 - [TEST_STEP][PASSED] - loginCheck = verifyElementExist(LOGN_BtnLogin, 5, CONTINUE_ON_FAILURE): Element 'Object Repository/Mobile/Page/Login/Button - Login' is exist

2022-02-15 09:24:02 - [MESSAGE][PASSED] - Element 'Object Repository/Mobile/Page/Login/Button - Login' is exist

2022-02-15 09:24:02 - [TEST_STEP][PASSED] - if (loginCheck): Call Test Case 'Test Cases/Mobile/Page/Login/Login' successfully

2022-02-15 09:24:02 - [TEST_STEP][PASSED] - callTestCase(findTestCase("Mobile/Page/Login/Login"), ["action":"username"], CONTINUE_ON_FAILURE): Call Test Case 'Test Cases/Mobile/Page/Login/Login' successfully

2022-02-15 09:24:02 - [TEST_CASE][PASSED] - Test Cases/Mobile/Page/Login/Login: Test Cases/Mobile/Page/Login/Login

2022-02-15 09:24:02 - [TEST_STEP][PASSED] - delay(2): Delayed 2 second(s)

2022-02-15 09:24:04 - [MESSAGE][PASSED] - Delayed 2 second(s)

2022-02-15 09:24:04 - [TEST_STEP][PASSED] - for ([i = 0, i < 1, (i++)]): null

2022-02-15 09:24:04 - [TEST_STEP][PASSED] - if (action == "username"): null

2022-02-15 09:24:04 - [TEST_STEP][PASSED] - tap(LOGN_EdtUserID, 0): Tapped on element 'Object Repository/Mobile/Page/Login/Input - UserID'

2022-02-15 09:24:04 - [MESSAGE][WARNING] - Timeout '0' is invalid. Using default page load timeout: '60'

2022-02-15 09:24:04 - [MESSAGE][PASSED] - Tapped on element 'Object Repository/Mobile/Page/Login/Input - UserID'

2022-02-15 09:24:04 - [TEST_STEP][PASSED] - delay(1): Delayed 1 second(s)

2022-02-15 09:24:05 - [MESSAGE][PASSED] - Delayed 1 second(s)

2022-02-15 09:24:05 - [TEST_STEP][PASSED] - setText(LOGN_EdtRdyUserID, "anggaaditya", 0): Text 'anggaaditya' has been set to element 'Object Repository/Mobile/Page/Login/Input Rdy - UserID'

2022-02-15 09:24:05 - [MESSAGE][WARNING] - Timeout '0' is invalid. Using default page load timeout: '60'

2022-02-15 09:24:06 - [MESSAGE][PASSED] - Text 'anggaaditya' has been set to element 'Object Repository/Mobile/Page/Login/Input Rdy - UserID'

2022-02-15 09:24:06 - [TEST_STEP][PASSED] - delay(1): Delayed 1 second(s)

2022-02-15 09:24:07 - [MESSAGE][PASSED] - Delayed 1 second(s)

2022-02-15 09:24:07 - [TEST_STEP][PASSED] - hideKeyboard(): Keyboard is hidden

2022-02-15 09:24:11 - [MESSAGE][PASSED] - Keyboard is hidden

2022-02-15 09:24:11 - [TEST_STEP][PASSED] - tap(LOGN_EdtPassword, 0): Tapped on element 'Object Repository/Mobile/Page/Login/Input - Password'

2022-02-15 09:24:11 - [MESSAGE][WARNING] - Timeout '0' is invalid. Using default page load timeout: '60'

2022-02-15 09:24:11 - [MESSAGE][PASSED] - Tapped on element 'Object Repository/Mobile/Page/Login/Input - Password'

2022-02-15 09:24:11 - [TEST_STEP][PASSED] - delay(1): Delayed 1 second(s)

2022-02-15 09:24:12 - [MESSAGE][PASSED] - Delayed 1 second(s)

2022-02-15 09:24:12 - [TEST_STEP][PASSED] - setText(LOGN_EdtRdyPassword, "Shalawa18", 0): Text 'Shalawa18' has been set to element 'Object Repository/Mobile/Page/Login/Input Rdy - Password'

2022-02-15 09:24:12 - [MESSAGE][WARNING] - Timeout '0' is invalid. Using default page load timeout: '60'

2022-02-15 09:24:13 - [MESSAGE][PASSED] - Text 'Shalawa18' has been set to element 'Object Repository/Mobile/Page/Login/Input Rdy - Password'

2022-02-15 09:24:13 - [TEST_STEP][PASSED] - delay(1): Delayed 1 second(s)

2022-02-15 09:24:14 - [MESSAGE][PASSED] - Delayed 1 second(s)

2022-02-15 09:24:14 - [TEST_STEP][PASSED] - hideKeyboard(): Keyboard is hidden

2022-02-15 09:24:20 - [MESSAGE][PASSED] - Keyboard is hidden

2022-02-15 09:24:20 - [TEST_STEP][PASSED] - tap(LOGN_BtnLogin, 0): Tapped on element 'Object Repository/Mobile/Page/Login/Button - Login'

2022-02-15 09:24:20 - [MESSAGE][WARNING] - Timeout '0' is invalid. Using default page load timeout: '60'

2022-02-15 09:24:21 - [MESSAGE][PASSED] - Tapped on element 'Object Repository/Mobile/Page/Login/Button - Login'

2022-02-15 09:24:21 - [TEST_STEP][PASSED] - delay(2): Delayed 2 second(s)

2022-02-15 09:24:23 - [MESSAGE][PASSED] - Delayed 2 second(s)

2022-02-15 09:24:23 - [TEST_STEP][PASSED] - break: null

2022-02-15 09:24:23 - [MESSAGE][PASSED] - Call Test Case 'Test Cases/Mobile/Page/Login/Login' successfully

2022-02-15 09:24:23 - [MESSAGE][PASSED] - Call Test Case 'Test Cases/Mobile/Page/CheckLogin' successfully

2022-02-15 09:24:23 - [TEST_STEP][PASSED] - tap(HOME_MenubarPortfolio, 0): Tapped on element 'Object Repository/Mobile/Page/Home/Menubar - Portfolio'

2022-02-15 09:24:23 - [MESSAGE][WARNING] - Timeout '0' is invalid. Using default page load timeout: '60'

2022-02-15 09:24:24 - [MESSAGE][PASSED] - Tapped on element 'Object Repository/Mobile/Page/Home/Menubar - Portfolio'

2022-02-15 09:24:24 - [TEST_STEP][PASSED] - delay(1): Delayed 1 second(s)

2022-02-15 09:24:25 - [MESSAGE][PASSED] - Delayed 1 second(s)

2022-02-15 09:24:25 - [TEST_STEP][PASSED] - for ([i = 0, i < 1, (i++)]): Delayed 3 second(s)

2022-02-15 09:24:25 - [TEST_STEP][PASSED] - if (tab == "summary"): Delayed 3 second(s)

2022-02-15 09:24:25 - [TEST_STEP][PASSED] - idr = PORT_BtnIDR: null

2022-02-15 09:24:25 - [TEST_STEP][PASSED] - persen = PORT_BtnPersen: null

2022-02-15 09:24:25 - [TEST_STEP][PASSED] - if (action == "summary"): null

2022-02-15 09:24:25 - [TEST_STEP][PASSED] - else if (action == "perf_daily"): null

2022-02-15 09:24:25 - [TEST_STEP][PASSED] - else if (action == "perf_month"): null

2022-02-15 09:24:25 - [TEST_STEP][PASSED] - else if (action == "perf_quarter"): Tapped on element 'Object Repository/Mobile/Page/Portfolio/Tab - Summary Quarter to Date'

2022-02-15 09:24:25 - [TEST_STEP][PASSED] - scroll.scroll.scrollScreenBottomToTop(): scroll.scroll.scrollScreenBottomToTop is PASSED

2022-02-15 09:24:26 - [MESSAGE][PASSED] - Current device physical height is 1423

2022-02-15 09:24:26 - [MESSAGE][PASSED] - Current device physical width is 720

2022-02-15 09:24:27 - [MESSAGE][PASSED] - Swiped from 360,1,138 to 360,284

2022-02-15 09:24:27 - [MESSAGE][PASSED] - scroll.scroll.scrollScreenBottomToTop is PASSED

2022-02-15 09:24:27 - [TEST_STEP][PASSED] - delay(1): Delayed 1 second(s)

2022-02-15 09:24:28 - [MESSAGE][PASSED] - Delayed 1 second(s)

2022-02-15 09:24:28 - [TEST_STEP][PASSED] - tap(PORT_TabSummaryQuarter, 0): Tapped on element 'Object Repository/Mobile/Page/Portfolio/Tab - Summary Quarter to Date'

2022-02-15 09:24:28 - [MESSAGE][WARNING] - Timeout '0' is invalid. Using default page load timeout: '60'

2022-02-15 09:24:29 - [MESSAGE][PASSED] - Tapped on element 'Object Repository/Mobile/Page/Portfolio/Tab - Summary Quarter to Date'

2022-02-15 09:24:29 - [TEST_STEP][PASSED] - if (action != "summary"): Delayed 3 second(s)

2022-02-15 09:24:29 - [TEST_STEP][PASSED] - delay(1): Delayed 1 second(s)

2022-02-15 09:24:30 - [MESSAGE][PASSED] - Delayed 1 second(s)

2022-02-15 09:24:30 - [TEST_STEP][PASSED] - scroll.scroll.scrollScreenBottomToTop(): scroll.scroll.scrollScreenBottomToTop is PASSED

2022-02-15 09:24:30 - [MESSAGE][PASSED] - Current device physical height is 1423

2022-02-15 09:24:30 - [MESSAGE][PASSED] - Current device physical width is 720

2022-02-15 09:24:31 - [MESSAGE][PASSED] - Swiped from 360,1,138 to 360,284

2022-02-15 09:24:31 - [MESSAGE][PASSED] - scroll.scroll.scrollScreenBottomToTop is PASSED

2022-02-15 09:24:31 - [TEST_STEP][PASSED] - delay(3): Delayed 3 second(s)

2022-02-15 09:24:34 - [MESSAGE][PASSED] - Delayed 3 second(s)

2022-02-15 09:24:34 - [TEST_STEP][PASSED] - if (action2 == "idr"): Delayed 3 second(s)

2022-02-15 09:24:34 - [TEST_STEP][PASSED] - tap(idr, 10): Tapped on element 'Object Repository/Mobile/Page/Portfolio/Button - IDR'

2022-02-15 09:24:35 - [MESSAGE][PASSED] - Tapped on element 'Object Repository/Mobile/Page/Portfolio/Button - IDR'

2022-02-15 09:24:35 - [TEST_STEP][PASSED] - delay(3): Delayed 3 second(s)

2022-02-15 09:24:38 - [MESSAGE][PASSED] - Delayed 3 second(s)

2022-02-15 09:24:38 - [MESSAGE][PASSED] - Call Test Case 'Test Cases/Mobile/Page/Portfolio/Portfolio' successfully

2022-02-15 09:24:38 - [TEST_STEP][PASSED] - callTestCase(findTestCase("Mobile/Page/Run App/Terminate App"), [:], STOP_ON_FAILURE): Call Test Case 'Test Cases/Mobile/Page/Run App/Terminate App' successfully

2022-02-15 09:24:38 - [TEST_CASE][PASSED] - Test Cases/Mobile/Page/Run App/Terminate App: Test Cases/Mobile/Page/Run App/Terminate App

2022-02-15 09:24:38 - [TEST_STEP][PASSED] - startApp.OpenApp.terminateApplication(): startApp.OpenApp.terminateApplication is PASSED

2022-02-15 09:24:42 - [MESSAGE][PASSED] - Delayed 3 second(s)

2022-02-15 09:24:42 - [MESSAGE][PASSED] - Current device physical width is 720

2022-02-15 09:24:42 - [MESSAGE][PASSED] - Current device physical height is 1423

2022-02-15 09:24:44 - [MESSAGE][PASSED] - Swiped from 360,853 to 360,142

2022-02-15 09:24:45 - [MESSAGE][PASSED] - Delayed 1 second(s)

2022-02-15 09:24:46 - [MESSAGE][PASSED] - Swiped from 360,853 to 360,142

2022-02-15 09:24:49 - [MESSAGE][PASSED] - Delayed 3 second(s)

2022-02-15 09:24:49 - [MESSAGE][PASSED] - startApp.OpenApp.terminateApplication is PASSED

2022-02-15 09:24:49 - [MESSAGE][PASSED] - Call Test Case 'Test Cases/Mobile/Page/Run App/Terminate App' successfully]]></system-out>
         <system-err><![CDATA[]]></system-err>
      </testcase>
      <testcase name="Test Cases/Mobile/Scenario/Portfolio/005 - Portfolio Performance Year to Date IDR" time="60.03" classname="Test Cases/Mobile/Scenario/Portfolio/005 - Portfolio Performance Year to Date IDR" status="PASSED">
         <system-out><![CDATA[2022-02-15 09:24:49 - [TEST_CASE][PASSED] - Test Cases/Mobile/Scenario/Portfolio/005 - Portfolio Performance Year to Date IDR: Test Cases/Mobile/Scenario/Portfolio/005 - Portfolio Performance Year to Date IDR

2022-02-15 09:24:49 - [TEST_STEP][PASSED] - callTestCase(findTestCase("Mobile/Page/Run App/Run App byID"), [:], STOP_ON_FAILURE): Call Test Case 'Test Cases/Mobile/Page/Run App/Run App byID' successfully

2022-02-15 09:24:49 - [TEST_CASE][PASSED] - Test Cases/Mobile/Page/Run App/Run App byID: Test Cases/Mobile/Page/Run App/Run App byID

2022-02-15 09:24:49 - [TEST_STEP][PASSED] - startApp.OpenApp.startApplication("id.co.miraeasset.sageclub"): startApp.OpenApp.startApplication is PASSED

2022-02-15 09:25:02 - [MESSAGE][PASSED] - Starting app with application ID: 'id.co.miraeasset.sageclub'

2022-02-15 09:25:02 - [MESSAGE][PASSED] - startApp.OpenApp.startApplication is PASSED

2022-02-15 09:25:02 - [MESSAGE][PASSED] - Call Test Case 'Test Cases/Mobile/Page/Run App/Run App byID' successfully

2022-02-15 09:25:02 - [TEST_STEP][PASSED] - callTestCase(findTestCase("Mobile/Page/Portfolio/Portfolio"), ["tab":"summary", "action":"perf_year", "action2":"idr"], CONTINUE_ON_FAILURE): Call Test Case 'Test Cases/Mobile/Page/Portfolio/Portfolio' successfully

2022-02-15 09:25:02 - [TEST_CASE][PASSED] - Test Cases/Mobile/Page/Portfolio/Portfolio: Test Cases/Mobile/Page/Portfolio/Portfolio

2022-02-15 09:25:02 - [TEST_STEP][PASSED] - callTestCase(findTestCase("Mobile/Page/CheckLogin"), [:], CONTINUE_ON_FAILURE): Call Test Case 'Test Cases/Mobile/Page/CheckLogin' successfully

2022-02-15 09:25:02 - [TEST_CASE][PASSED] - Test Cases/Mobile/Page/CheckLogin: Test Cases/Mobile/Page/CheckLogin

2022-02-15 09:25:02 - [TEST_STEP][PASSED] - loginCheck = verifyElementExist(LOGN_BtnLogin, 5, CONTINUE_ON_FAILURE): Element 'Object Repository/Mobile/Page/Login/Button - Login' is exist

2022-02-15 09:25:04 - [MESSAGE][PASSED] - Element 'Object Repository/Mobile/Page/Login/Button - Login' is exist

2022-02-15 09:25:04 - [TEST_STEP][PASSED] - if (loginCheck): Call Test Case 'Test Cases/Mobile/Page/Login/Login' successfully

2022-02-15 09:25:04 - [TEST_STEP][PASSED] - callTestCase(findTestCase("Mobile/Page/Login/Login"), ["action":"username"], CONTINUE_ON_FAILURE): Call Test Case 'Test Cases/Mobile/Page/Login/Login' successfully

2022-02-15 09:25:04 - [TEST_CASE][PASSED] - Test Cases/Mobile/Page/Login/Login: Test Cases/Mobile/Page/Login/Login

2022-02-15 09:25:04 - [TEST_STEP][PASSED] - delay(2): Delayed 2 second(s)

2022-02-15 09:25:06 - [MESSAGE][PASSED] - Delayed 2 second(s)

2022-02-15 09:25:06 - [TEST_STEP][PASSED] - for ([i = 0, i < 1, (i++)]): null

2022-02-15 09:25:06 - [TEST_STEP][PASSED] - if (action == "username"): null

2022-02-15 09:25:06 - [TEST_STEP][PASSED] - tap(LOGN_EdtUserID, 0): Tapped on element 'Object Repository/Mobile/Page/Login/Input - UserID'

2022-02-15 09:25:06 - [MESSAGE][WARNING] - Timeout '0' is invalid. Using default page load timeout: '60'

2022-02-15 09:25:06 - [MESSAGE][PASSED] - Tapped on element 'Object Repository/Mobile/Page/Login/Input - UserID'

2022-02-15 09:25:06 - [TEST_STEP][PASSED] - delay(1): Delayed 1 second(s)

2022-02-15 09:25:07 - [MESSAGE][PASSED] - Delayed 1 second(s)

2022-02-15 09:25:07 - [TEST_STEP][PASSED] - setText(LOGN_EdtRdyUserID, "anggaaditya", 0): Text 'anggaaditya' has been set to element 'Object Repository/Mobile/Page/Login/Input Rdy - UserID'

2022-02-15 09:25:07 - [MESSAGE][WARNING] - Timeout '0' is invalid. Using default page load timeout: '60'

2022-02-15 09:25:08 - [MESSAGE][PASSED] - Text 'anggaaditya' has been set to element 'Object Repository/Mobile/Page/Login/Input Rdy - UserID'

2022-02-15 09:25:08 - [TEST_STEP][PASSED] - delay(1): Delayed 1 second(s)

2022-02-15 09:25:09 - [MESSAGE][PASSED] - Delayed 1 second(s)

2022-02-15 09:25:09 - [TEST_STEP][PASSED] - hideKeyboard(): Keyboard is hidden

2022-02-15 09:25:12 - [MESSAGE][PASSED] - Keyboard is hidden

2022-02-15 09:25:12 - [TEST_STEP][PASSED] - tap(LOGN_EdtPassword, 0): Tapped on element 'Object Repository/Mobile/Page/Login/Input - Password'

2022-02-15 09:25:12 - [MESSAGE][WARNING] - Timeout '0' is invalid. Using default page load timeout: '60'

2022-02-15 09:25:13 - [MESSAGE][PASSED] - Tapped on element 'Object Repository/Mobile/Page/Login/Input - Password'

2022-02-15 09:25:13 - [TEST_STEP][PASSED] - delay(1): Delayed 1 second(s)

2022-02-15 09:25:14 - [MESSAGE][PASSED] - Delayed 1 second(s)

2022-02-15 09:25:14 - [TEST_STEP][PASSED] - setText(LOGN_EdtRdyPassword, "Shalawa18", 0): Text 'Shalawa18' has been set to element 'Object Repository/Mobile/Page/Login/Input Rdy - Password'

2022-02-15 09:25:14 - [MESSAGE][WARNING] - Timeout '0' is invalid. Using default page load timeout: '60'

2022-02-15 09:25:14 - [MESSAGE][PASSED] - Text 'Shalawa18' has been set to element 'Object Repository/Mobile/Page/Login/Input Rdy - Password'

2022-02-15 09:25:14 - [TEST_STEP][PASSED] - delay(1): Delayed 1 second(s)

2022-02-15 09:25:15 - [MESSAGE][PASSED] - Delayed 1 second(s)

2022-02-15 09:25:15 - [TEST_STEP][PASSED] - hideKeyboard(): Keyboard is hidden

2022-02-15 09:25:22 - [MESSAGE][PASSED] - Keyboard is hidden

2022-02-15 09:25:22 - [TEST_STEP][PASSED] - tap(LOGN_BtnLogin, 0): Tapped on element 'Object Repository/Mobile/Page/Login/Button - Login'

2022-02-15 09:25:22 - [MESSAGE][WARNING] - Timeout '0' is invalid. Using default page load timeout: '60'

2022-02-15 09:25:23 - [MESSAGE][PASSED] - Tapped on element 'Object Repository/Mobile/Page/Login/Button - Login'

2022-02-15 09:25:23 - [TEST_STEP][PASSED] - delay(2): Delayed 2 second(s)

2022-02-15 09:25:25 - [MESSAGE][PASSED] - Delayed 2 second(s)

2022-02-15 09:25:25 - [TEST_STEP][PASSED] - break: null

2022-02-15 09:25:25 - [MESSAGE][PASSED] - Call Test Case 'Test Cases/Mobile/Page/Login/Login' successfully

2022-02-15 09:25:25 - [MESSAGE][PASSED] - Call Test Case 'Test Cases/Mobile/Page/CheckLogin' successfully

2022-02-15 09:25:25 - [TEST_STEP][PASSED] - tap(HOME_MenubarPortfolio, 0): Tapped on element 'Object Repository/Mobile/Page/Home/Menubar - Portfolio'

2022-02-15 09:25:25 - [MESSAGE][WARNING] - Timeout '0' is invalid. Using default page load timeout: '60'

2022-02-15 09:25:26 - [MESSAGE][PASSED] - Tapped on element 'Object Repository/Mobile/Page/Home/Menubar - Portfolio'

2022-02-15 09:25:26 - [TEST_STEP][PASSED] - delay(1): Delayed 1 second(s)

2022-02-15 09:25:27 - [MESSAGE][PASSED] - Delayed 1 second(s)

2022-02-15 09:25:27 - [TEST_STEP][PASSED] - for ([i = 0, i < 1, (i++)]): Delayed 3 second(s)

2022-02-15 09:25:27 - [TEST_STEP][PASSED] - if (tab == "summary"): Delayed 3 second(s)

2022-02-15 09:25:27 - [TEST_STEP][PASSED] - idr = PORT_BtnIDR: null

2022-02-15 09:25:27 - [TEST_STEP][PASSED] - persen = PORT_BtnPersen: null

2022-02-15 09:25:27 - [TEST_STEP][PASSED] - if (action == "summary"): null

2022-02-15 09:25:27 - [TEST_STEP][PASSED] - else if (action == "perf_daily"): null

2022-02-15 09:25:27 - [TEST_STEP][PASSED] - else if (action == "perf_month"): null

2022-02-15 09:25:27 - [TEST_STEP][PASSED] - else if (action == "perf_quarter"): null

2022-02-15 09:25:27 - [TEST_STEP][PASSED] - else if (action == "perf_year"): Tapped on element 'Object Repository/Mobile/Page/Portfolio/Tab - Summary Year to Date'

2022-02-15 09:25:27 - [TEST_STEP][PASSED] - scroll.scroll.scrollScreenBottomToTop(): scroll.scroll.scrollScreenBottomToTop is PASSED

2022-02-15 09:25:27 - [MESSAGE][PASSED] - Current device physical height is 1423

2022-02-15 09:25:27 - [MESSAGE][PASSED] - Current device physical width is 720

2022-02-15 09:25:28 - [MESSAGE][PASSED] - Swiped from 360,1,138 to 360,284

2022-02-15 09:25:28 - [MESSAGE][PASSED] - scroll.scroll.scrollScreenBottomToTop is PASSED

2022-02-15 09:25:28 - [TEST_STEP][PASSED] - delay(1): Delayed 1 second(s)

2022-02-15 09:25:29 - [MESSAGE][PASSED] - Delayed 1 second(s)

2022-02-15 09:25:29 - [TEST_STEP][PASSED] - tap(PORT_TabSummaryYear, 0): Tapped on element 'Object Repository/Mobile/Page/Portfolio/Tab - Summary Year to Date'

2022-02-15 09:25:29 - [MESSAGE][WARNING] - Timeout '0' is invalid. Using default page load timeout: '60'

2022-02-15 09:25:30 - [MESSAGE][PASSED] - Tapped on element 'Object Repository/Mobile/Page/Portfolio/Tab - Summary Year to Date'

2022-02-15 09:25:30 - [TEST_STEP][PASSED] - if (action != "summary"): Delayed 3 second(s)

2022-02-15 09:25:30 - [TEST_STEP][PASSED] - delay(1): Delayed 1 second(s)

2022-02-15 09:25:31 - [MESSAGE][PASSED] - Delayed 1 second(s)

2022-02-15 09:25:31 - [TEST_STEP][PASSED] - scroll.scroll.scrollScreenBottomToTop(): scroll.scroll.scrollScreenBottomToTop is PASSED

2022-02-15 09:25:31 - [MESSAGE][PASSED] - Current device physical height is 1423

2022-02-15 09:25:31 - [MESSAGE][PASSED] - Current device physical width is 720

2022-02-15 09:25:32 - [MESSAGE][PASSED] - Swiped from 360,1,138 to 360,284

2022-02-15 09:25:32 - [MESSAGE][PASSED] - scroll.scroll.scrollScreenBottomToTop is PASSED

2022-02-15 09:25:32 - [TEST_STEP][PASSED] - delay(3): Delayed 3 second(s)

2022-02-15 09:25:35 - [MESSAGE][PASSED] - Delayed 3 second(s)

2022-02-15 09:25:35 - [TEST_STEP][PASSED] - if (action2 == "idr"): Delayed 3 second(s)

2022-02-15 09:25:35 - [TEST_STEP][PASSED] - tap(idr, 10): Tapped on element 'Object Repository/Mobile/Page/Portfolio/Button - IDR'

2022-02-15 09:25:36 - [MESSAGE][PASSED] - Tapped on element 'Object Repository/Mobile/Page/Portfolio/Button - IDR'

2022-02-15 09:25:36 - [TEST_STEP][PASSED] - delay(3): Delayed 3 second(s)

2022-02-15 09:25:39 - [MESSAGE][PASSED] - Delayed 3 second(s)

2022-02-15 09:25:39 - [MESSAGE][PASSED] - Call Test Case 'Test Cases/Mobile/Page/Portfolio/Portfolio' successfully

2022-02-15 09:25:39 - [TEST_STEP][PASSED] - callTestCase(findTestCase("Mobile/Page/Run App/Terminate App"), [:], STOP_ON_FAILURE): Call Test Case 'Test Cases/Mobile/Page/Run App/Terminate App' successfully

2022-02-15 09:25:39 - [TEST_CASE][PASSED] - Test Cases/Mobile/Page/Run App/Terminate App: Test Cases/Mobile/Page/Run App/Terminate App

2022-02-15 09:25:39 - [TEST_STEP][PASSED] - startApp.OpenApp.terminateApplication(): startApp.OpenApp.terminateApplication is PASSED

2022-02-15 09:25:42 - [MESSAGE][PASSED] - Delayed 3 second(s)

2022-02-15 09:25:42 - [MESSAGE][PASSED] - Current device physical width is 720

2022-02-15 09:25:42 - [MESSAGE][PASSED] - Current device physical height is 1423

2022-02-15 09:25:44 - [MESSAGE][PASSED] - Swiped from 360,853 to 360,142

2022-02-15 09:25:45 - [MESSAGE][PASSED] - Delayed 1 second(s)

2022-02-15 09:25:46 - [MESSAGE][PASSED] - Swiped from 360,853 to 360,142

2022-02-15 09:25:49 - [MESSAGE][PASSED] - Delayed 3 second(s)

2022-02-15 09:25:49 - [MESSAGE][PASSED] - startApp.OpenApp.terminateApplication is PASSED

2022-02-15 09:25:49 - [MESSAGE][PASSED] - Call Test Case 'Test Cases/Mobile/Page/Run App/Terminate App' successfully]]></system-out>
         <system-err><![CDATA[]]></system-err>
      </testcase>
      <testcase name="Test Cases/Mobile/Scenario/Portfolio/006 - Portfolio Performance Daily Persen" time="59.309" classname="Test Cases/Mobile/Scenario/Portfolio/006 - Portfolio Performance Daily Persen" status="PASSED">
         <system-out><![CDATA[2022-02-15 09:25:49 - [TEST_CASE][PASSED] - Test Cases/Mobile/Scenario/Portfolio/006 - Portfolio Performance Daily Persen: Test Cases/Mobile/Scenario/Portfolio/006 - Portfolio Performance Daily Persen

2022-02-15 09:25:49 - [TEST_STEP][PASSED] - callTestCase(findTestCase("Mobile/Page/Run App/Run App byID"), [:], STOP_ON_FAILURE): Call Test Case 'Test Cases/Mobile/Page/Run App/Run App byID' successfully

2022-02-15 09:25:49 - [TEST_CASE][PASSED] - Test Cases/Mobile/Page/Run App/Run App byID: Test Cases/Mobile/Page/Run App/Run App byID

2022-02-15 09:25:49 - [TEST_STEP][PASSED] - startApp.OpenApp.startApplication("id.co.miraeasset.sageclub"): startApp.OpenApp.startApplication is PASSED

2022-02-15 09:26:02 - [MESSAGE][PASSED] - Starting app with application ID: 'id.co.miraeasset.sageclub'

2022-02-15 09:26:02 - [MESSAGE][PASSED] - startApp.OpenApp.startApplication is PASSED

2022-02-15 09:26:02 - [MESSAGE][PASSED] - Call Test Case 'Test Cases/Mobile/Page/Run App/Run App byID' successfully

2022-02-15 09:26:02 - [TEST_STEP][PASSED] - callTestCase(findTestCase("Mobile/Page/Portfolio/Portfolio"), ["tab":"summary", "action":"perf_daily", "action2":"persen"], CONTINUE_ON_FAILURE): Call Test Case 'Test Cases/Mobile/Page/Portfolio/Portfolio' successfully

2022-02-15 09:26:02 - [TEST_CASE][PASSED] - Test Cases/Mobile/Page/Portfolio/Portfolio: Test Cases/Mobile/Page/Portfolio/Portfolio

2022-02-15 09:26:02 - [TEST_STEP][PASSED] - callTestCase(findTestCase("Mobile/Page/CheckLogin"), [:], CONTINUE_ON_FAILURE): Call Test Case 'Test Cases/Mobile/Page/CheckLogin' successfully

2022-02-15 09:26:02 - [TEST_CASE][PASSED] - Test Cases/Mobile/Page/CheckLogin: Test Cases/Mobile/Page/CheckLogin

2022-02-15 09:26:02 - [TEST_STEP][PASSED] - loginCheck = verifyElementExist(LOGN_BtnLogin, 5, CONTINUE_ON_FAILURE): Element 'Object Repository/Mobile/Page/Login/Button - Login' is exist

2022-02-15 09:26:04 - [MESSAGE][PASSED] - Element 'Object Repository/Mobile/Page/Login/Button - Login' is exist

2022-02-15 09:26:04 - [TEST_STEP][PASSED] - if (loginCheck): Call Test Case 'Test Cases/Mobile/Page/Login/Login' successfully

2022-02-15 09:26:04 - [TEST_STEP][PASSED] - callTestCase(findTestCase("Mobile/Page/Login/Login"), ["action":"username"], CONTINUE_ON_FAILURE): Call Test Case 'Test Cases/Mobile/Page/Login/Login' successfully

2022-02-15 09:26:04 - [TEST_CASE][PASSED] - Test Cases/Mobile/Page/Login/Login: Test Cases/Mobile/Page/Login/Login

2022-02-15 09:26:04 - [TEST_STEP][PASSED] - delay(2): Delayed 2 second(s)

2022-02-15 09:26:06 - [MESSAGE][PASSED] - Delayed 2 second(s)

2022-02-15 09:26:06 - [TEST_STEP][PASSED] - for ([i = 0, i < 1, (i++)]): null

2022-02-15 09:26:06 - [TEST_STEP][PASSED] - if (action == "username"): null

2022-02-15 09:26:06 - [TEST_STEP][PASSED] - tap(LOGN_EdtUserID, 0): Tapped on element 'Object Repository/Mobile/Page/Login/Input - UserID'

2022-02-15 09:26:06 - [MESSAGE][WARNING] - Timeout '0' is invalid. Using default page load timeout: '60'

2022-02-15 09:26:07 - [MESSAGE][PASSED] - Tapped on element 'Object Repository/Mobile/Page/Login/Input - UserID'

2022-02-15 09:26:07 - [TEST_STEP][PASSED] - delay(1): Delayed 1 second(s)

2022-02-15 09:26:08 - [MESSAGE][PASSED] - Delayed 1 second(s)

2022-02-15 09:26:08 - [TEST_STEP][PASSED] - setText(LOGN_EdtRdyUserID, "anggaaditya", 0): Text 'anggaaditya' has been set to element 'Object Repository/Mobile/Page/Login/Input Rdy - UserID'

2022-02-15 09:26:08 - [MESSAGE][WARNING] - Timeout '0' is invalid. Using default page load timeout: '60'

2022-02-15 09:26:08 - [MESSAGE][PASSED] - Text 'anggaaditya' has been set to element 'Object Repository/Mobile/Page/Login/Input Rdy - UserID'

2022-02-15 09:26:08 - [TEST_STEP][PASSED] - delay(1): Delayed 1 second(s)

2022-02-15 09:26:09 - [MESSAGE][PASSED] - Delayed 1 second(s)

2022-02-15 09:26:09 - [TEST_STEP][PASSED] - hideKeyboard(): Keyboard is hidden

2022-02-15 09:26:13 - [MESSAGE][PASSED] - Keyboard is hidden

2022-02-15 09:26:13 - [TEST_STEP][PASSED] - tap(LOGN_EdtPassword, 0): Tapped on element 'Object Repository/Mobile/Page/Login/Input - Password'

2022-02-15 09:26:13 - [MESSAGE][WARNING] - Timeout '0' is invalid. Using default page load timeout: '60'

2022-02-15 09:26:13 - [MESSAGE][PASSED] - Tapped on element 'Object Repository/Mobile/Page/Login/Input - Password'

2022-02-15 09:26:13 - [TEST_STEP][PASSED] - delay(1): Delayed 1 second(s)

2022-02-15 09:26:14 - [MESSAGE][PASSED] - Delayed 1 second(s)

2022-02-15 09:26:14 - [TEST_STEP][PASSED] - setText(LOGN_EdtRdyPassword, "Shalawa18", 0): Text 'Shalawa18' has been set to element 'Object Repository/Mobile/Page/Login/Input Rdy - Password'

2022-02-15 09:26:14 - [MESSAGE][WARNING] - Timeout '0' is invalid. Using default page load timeout: '60'

2022-02-15 09:26:15 - [MESSAGE][PASSED] - Text 'Shalawa18' has been set to element 'Object Repository/Mobile/Page/Login/Input Rdy - Password'

2022-02-15 09:26:15 - [TEST_STEP][PASSED] - delay(1): Delayed 1 second(s)

2022-02-15 09:26:16 - [MESSAGE][PASSED] - Delayed 1 second(s)

2022-02-15 09:26:16 - [TEST_STEP][PASSED] - hideKeyboard(): Keyboard is hidden

2022-02-15 09:26:22 - [MESSAGE][PASSED] - Keyboard is hidden

2022-02-15 09:26:22 - [TEST_STEP][PASSED] - tap(LOGN_BtnLogin, 0): Tapped on element 'Object Repository/Mobile/Page/Login/Button - Login'

2022-02-15 09:26:22 - [MESSAGE][WARNING] - Timeout '0' is invalid. Using default page load timeout: '60'

2022-02-15 09:26:23 - [MESSAGE][PASSED] - Tapped on element 'Object Repository/Mobile/Page/Login/Button - Login'

2022-02-15 09:26:23 - [TEST_STEP][PASSED] - delay(2): Delayed 2 second(s)

2022-02-15 09:26:25 - [MESSAGE][PASSED] - Delayed 2 second(s)

2022-02-15 09:26:25 - [TEST_STEP][PASSED] - break: null

2022-02-15 09:26:25 - [MESSAGE][PASSED] - Call Test Case 'Test Cases/Mobile/Page/Login/Login' successfully

2022-02-15 09:26:25 - [MESSAGE][PASSED] - Call Test Case 'Test Cases/Mobile/Page/CheckLogin' successfully

2022-02-15 09:26:25 - [TEST_STEP][PASSED] - tap(HOME_MenubarPortfolio, 0): Tapped on element 'Object Repository/Mobile/Page/Home/Menubar - Portfolio'

2022-02-15 09:26:25 - [MESSAGE][WARNING] - Timeout '0' is invalid. Using default page load timeout: '60'

2022-02-15 09:26:27 - [MESSAGE][PASSED] - Tapped on element 'Object Repository/Mobile/Page/Home/Menubar - Portfolio'

2022-02-15 09:26:27 - [TEST_STEP][PASSED] - delay(1): Delayed 1 second(s)

2022-02-15 09:26:28 - [MESSAGE][PASSED] - Delayed 1 second(s)

2022-02-15 09:26:28 - [TEST_STEP][PASSED] - for ([i = 0, i < 1, (i++)]): Delayed 3 second(s)

2022-02-15 09:26:28 - [TEST_STEP][PASSED] - if (tab == "summary"): Delayed 3 second(s)

2022-02-15 09:26:28 - [TEST_STEP][PASSED] - idr = PORT_BtnIDR: null

2022-02-15 09:26:28 - [TEST_STEP][PASSED] - persen = PORT_BtnPersen: null

2022-02-15 09:26:28 - [TEST_STEP][PASSED] - if (action == "summary"): null

2022-02-15 09:26:28 - [TEST_STEP][PASSED] - else if (action == "perf_daily"): scroll.scroll.scrollScreenBottomToTop is PASSED

2022-02-15 09:26:28 - [TEST_STEP][PASSED] - scroll.scroll.scrollScreenBottomToTop(): scroll.scroll.scrollScreenBottomToTop is PASSED

2022-02-15 09:26:28 - [MESSAGE][PASSED] - Current device physical height is 1423

2022-02-15 09:26:28 - [MESSAGE][PASSED] - Current device physical width is 720

2022-02-15 09:26:29 - [MESSAGE][PASSED] - Swiped from 360,1,138 to 360,284

2022-02-15 09:26:29 - [MESSAGE][PASSED] - scroll.scroll.scrollScreenBottomToTop is PASSED

2022-02-15 09:26:29 - [TEST_STEP][PASSED] - if (action != "summary"): Delayed 3 second(s)

2022-02-15 09:26:29 - [TEST_STEP][PASSED] - delay(1): Delayed 1 second(s)

2022-02-15 09:26:30 - [MESSAGE][PASSED] - Delayed 1 second(s)

2022-02-15 09:26:30 - [TEST_STEP][PASSED] - scroll.scroll.scrollScreenBottomToTop(): scroll.scroll.scrollScreenBottomToTop is PASSED

2022-02-15 09:26:30 - [MESSAGE][PASSED] - Current device physical height is 1423

2022-02-15 09:26:31 - [MESSAGE][PASSED] - Current device physical width is 720

2022-02-15 09:26:32 - [MESSAGE][PASSED] - Swiped from 360,1,138 to 360,284

2022-02-15 09:26:32 - [MESSAGE][PASSED] - scroll.scroll.scrollScreenBottomToTop is PASSED

2022-02-15 09:26:32 - [TEST_STEP][PASSED] - delay(3): Delayed 3 second(s)

2022-02-15 09:26:35 - [MESSAGE][PASSED] - Delayed 3 second(s)

2022-02-15 09:26:35 - [TEST_STEP][PASSED] - if (action2 == "idr"): null

2022-02-15 09:26:35 - [TEST_STEP][PASSED] - else if (action2 == "persen"): Delayed 3 second(s)

2022-02-15 09:26:35 - [TEST_STEP][PASSED] - tap(persen, 10): Tapped on element 'Object Repository/Mobile/Page/Portfolio/Button - Persen'

2022-02-15 09:26:35 - [MESSAGE][PASSED] - Tapped on element 'Object Repository/Mobile/Page/Portfolio/Button - Persen'

2022-02-15 09:26:35 - [TEST_STEP][PASSED] - delay(3): Delayed 3 second(s)

2022-02-15 09:26:38 - [MESSAGE][PASSED] - Delayed 3 second(s)

2022-02-15 09:26:38 - [MESSAGE][PASSED] - Call Test Case 'Test Cases/Mobile/Page/Portfolio/Portfolio' successfully

2022-02-15 09:26:38 - [TEST_STEP][PASSED] - callTestCase(findTestCase("Mobile/Page/Run App/Terminate App"), [:], STOP_ON_FAILURE): Call Test Case 'Test Cases/Mobile/Page/Run App/Terminate App' successfully

2022-02-15 09:26:38 - [TEST_CASE][PASSED] - Test Cases/Mobile/Page/Run App/Terminate App: Test Cases/Mobile/Page/Run App/Terminate App

2022-02-15 09:26:38 - [TEST_STEP][PASSED] - startApp.OpenApp.terminateApplication(): startApp.OpenApp.terminateApplication is PASSED

2022-02-15 09:26:41 - [MESSAGE][PASSED] - Delayed 3 second(s)

2022-02-15 09:26:42 - [MESSAGE][PASSED] - Current device physical width is 720

2022-02-15 09:26:42 - [MESSAGE][PASSED] - Current device physical height is 1423

2022-02-15 09:26:43 - [MESSAGE][PASSED] - Swiped from 360,853 to 360,142

2022-02-15 09:26:44 - [MESSAGE][PASSED] - Delayed 1 second(s)

2022-02-15 09:26:45 - [MESSAGE][PASSED] - Swiped from 360,853 to 360,142

2022-02-15 09:26:48 - [MESSAGE][PASSED] - Delayed 3 second(s)

2022-02-15 09:26:48 - [MESSAGE][PASSED] - startApp.OpenApp.terminateApplication is PASSED

2022-02-15 09:26:48 - [MESSAGE][PASSED] - Call Test Case 'Test Cases/Mobile/Page/Run App/Terminate App' successfully]]></system-out>
         <system-err><![CDATA[]]></system-err>
      </testcase>
      <testcase name="Test Cases/Mobile/Scenario/Portfolio/007 - Portfolio Performance Month to Date Persen" time="60.066" classname="Test Cases/Mobile/Scenario/Portfolio/007 - Portfolio Performance Month to Date Persen" status="PASSED">
         <system-out><![CDATA[2022-02-15 09:26:48 - [TEST_CASE][PASSED] - Test Cases/Mobile/Scenario/Portfolio/007 - Portfolio Performance Month to Date Persen: Test Cases/Mobile/Scenario/Portfolio/007 - Portfolio Performance Month to Date Persen

2022-02-15 09:26:49 - [TEST_STEP][PASSED] - callTestCase(findTestCase("Mobile/Page/Run App/Run App byID"), [:], STOP_ON_FAILURE): Call Test Case 'Test Cases/Mobile/Page/Run App/Run App byID' successfully

2022-02-15 09:26:49 - [TEST_CASE][PASSED] - Test Cases/Mobile/Page/Run App/Run App byID: Test Cases/Mobile/Page/Run App/Run App byID

2022-02-15 09:26:49 - [TEST_STEP][PASSED] - startApp.OpenApp.startApplication("id.co.miraeasset.sageclub"): startApp.OpenApp.startApplication is PASSED

2022-02-15 09:27:01 - [MESSAGE][PASSED] - Starting app with application ID: 'id.co.miraeasset.sageclub'

2022-02-15 09:27:01 - [MESSAGE][PASSED] - startApp.OpenApp.startApplication is PASSED

2022-02-15 09:27:01 - [MESSAGE][PASSED] - Call Test Case 'Test Cases/Mobile/Page/Run App/Run App byID' successfully

2022-02-15 09:27:01 - [TEST_STEP][PASSED] - callTestCase(findTestCase("Mobile/Page/Portfolio/Portfolio"), ["tab":"summary", "action":"perf_month", "action2":"persen"], CONTINUE_ON_FAILURE): Call Test Case 'Test Cases/Mobile/Page/Portfolio/Portfolio' successfully

2022-02-15 09:27:01 - [TEST_CASE][PASSED] - Test Cases/Mobile/Page/Portfolio/Portfolio: Test Cases/Mobile/Page/Portfolio/Portfolio

2022-02-15 09:27:01 - [TEST_STEP][PASSED] - callTestCase(findTestCase("Mobile/Page/CheckLogin"), [:], CONTINUE_ON_FAILURE): Call Test Case 'Test Cases/Mobile/Page/CheckLogin' successfully

2022-02-15 09:27:01 - [TEST_CASE][PASSED] - Test Cases/Mobile/Page/CheckLogin: Test Cases/Mobile/Page/CheckLogin

2022-02-15 09:27:01 - [TEST_STEP][PASSED] - loginCheck = verifyElementExist(LOGN_BtnLogin, 5, CONTINUE_ON_FAILURE): Element 'Object Repository/Mobile/Page/Login/Button - Login' is exist

2022-02-15 09:27:03 - [MESSAGE][PASSED] - Element 'Object Repository/Mobile/Page/Login/Button - Login' is exist

2022-02-15 09:27:03 - [TEST_STEP][PASSED] - if (loginCheck): Call Test Case 'Test Cases/Mobile/Page/Login/Login' successfully

2022-02-15 09:27:03 - [TEST_STEP][PASSED] - callTestCase(findTestCase("Mobile/Page/Login/Login"), ["action":"username"], CONTINUE_ON_FAILURE): Call Test Case 'Test Cases/Mobile/Page/Login/Login' successfully

2022-02-15 09:27:03 - [TEST_CASE][PASSED] - Test Cases/Mobile/Page/Login/Login: Test Cases/Mobile/Page/Login/Login

2022-02-15 09:27:03 - [TEST_STEP][PASSED] - delay(2): Delayed 2 second(s)

2022-02-15 09:27:05 - [MESSAGE][PASSED] - Delayed 2 second(s)

2022-02-15 09:27:05 - [TEST_STEP][PASSED] - for ([i = 0, i < 1, (i++)]): null

2022-02-15 09:27:05 - [TEST_STEP][PASSED] - if (action == "username"): null

2022-02-15 09:27:05 - [TEST_STEP][PASSED] - tap(LOGN_EdtUserID, 0): Tapped on element 'Object Repository/Mobile/Page/Login/Input - UserID'

2022-02-15 09:27:05 - [MESSAGE][WARNING] - Timeout '0' is invalid. Using default page load timeout: '60'

2022-02-15 09:27:05 - [MESSAGE][PASSED] - Tapped on element 'Object Repository/Mobile/Page/Login/Input - UserID'

2022-02-15 09:27:05 - [TEST_STEP][PASSED] - delay(1): Delayed 1 second(s)

2022-02-15 09:27:06 - [MESSAGE][PASSED] - Delayed 1 second(s)

2022-02-15 09:27:06 - [TEST_STEP][PASSED] - setText(LOGN_EdtRdyUserID, "anggaaditya", 0): Text 'anggaaditya' has been set to element 'Object Repository/Mobile/Page/Login/Input Rdy - UserID'

2022-02-15 09:27:06 - [MESSAGE][WARNING] - Timeout '0' is invalid. Using default page load timeout: '60'

2022-02-15 09:27:07 - [MESSAGE][PASSED] - Text 'anggaaditya' has been set to element 'Object Repository/Mobile/Page/Login/Input Rdy - UserID'

2022-02-15 09:27:07 - [TEST_STEP][PASSED] - delay(1): Delayed 1 second(s)

2022-02-15 09:27:08 - [MESSAGE][PASSED] - Delayed 1 second(s)

2022-02-15 09:27:08 - [TEST_STEP][PASSED] - hideKeyboard(): Keyboard is hidden

2022-02-15 09:27:12 - [MESSAGE][PASSED] - Keyboard is hidden

2022-02-15 09:27:12 - [TEST_STEP][PASSED] - tap(LOGN_EdtPassword, 0): Tapped on element 'Object Repository/Mobile/Page/Login/Input - Password'

2022-02-15 09:27:12 - [MESSAGE][WARNING] - Timeout '0' is invalid. Using default page load timeout: '60'

2022-02-15 09:27:12 - [MESSAGE][PASSED] - Tapped on element 'Object Repository/Mobile/Page/Login/Input - Password'

2022-02-15 09:27:12 - [TEST_STEP][PASSED] - delay(1): Delayed 1 second(s)

2022-02-15 09:27:13 - [MESSAGE][PASSED] - Delayed 1 second(s)

2022-02-15 09:27:13 - [TEST_STEP][PASSED] - setText(LOGN_EdtRdyPassword, "Shalawa18", 0): Text 'Shalawa18' has been set to element 'Object Repository/Mobile/Page/Login/Input Rdy - Password'

2022-02-15 09:27:13 - [MESSAGE][WARNING] - Timeout '0' is invalid. Using default page load timeout: '60'

2022-02-15 09:27:14 - [MESSAGE][PASSED] - Text 'Shalawa18' has been set to element 'Object Repository/Mobile/Page/Login/Input Rdy - Password'

2022-02-15 09:27:14 - [TEST_STEP][PASSED] - delay(1): Delayed 1 second(s)

2022-02-15 09:27:15 - [MESSAGE][PASSED] - Delayed 1 second(s)

2022-02-15 09:27:15 - [TEST_STEP][PASSED] - hideKeyboard(): Keyboard is hidden

2022-02-15 09:27:21 - [MESSAGE][PASSED] - Keyboard is hidden

2022-02-15 09:27:21 - [TEST_STEP][PASSED] - tap(LOGN_BtnLogin, 0): Tapped on element 'Object Repository/Mobile/Page/Login/Button - Login'

2022-02-15 09:27:21 - [MESSAGE][WARNING] - Timeout '0' is invalid. Using default page load timeout: '60'

2022-02-15 09:27:22 - [MESSAGE][PASSED] - Tapped on element 'Object Repository/Mobile/Page/Login/Button - Login'

2022-02-15 09:27:22 - [TEST_STEP][PASSED] - delay(2): Delayed 2 second(s)

2022-02-15 09:27:24 - [MESSAGE][PASSED] - Delayed 2 second(s)

2022-02-15 09:27:24 - [TEST_STEP][PASSED] - break: null

2022-02-15 09:27:24 - [MESSAGE][PASSED] - Call Test Case 'Test Cases/Mobile/Page/Login/Login' successfully

2022-02-15 09:27:24 - [MESSAGE][PASSED] - Call Test Case 'Test Cases/Mobile/Page/CheckLogin' successfully

2022-02-15 09:27:24 - [TEST_STEP][PASSED] - tap(HOME_MenubarPortfolio, 0): Tapped on element 'Object Repository/Mobile/Page/Home/Menubar - Portfolio'

2022-02-15 09:27:24 - [MESSAGE][WARNING] - Timeout '0' is invalid. Using default page load timeout: '60'

2022-02-15 09:27:25 - [MESSAGE][PASSED] - Tapped on element 'Object Repository/Mobile/Page/Home/Menubar - Portfolio'

2022-02-15 09:27:25 - [TEST_STEP][PASSED] - delay(1): Delayed 1 second(s)

2022-02-15 09:27:26 - [MESSAGE][PASSED] - Delayed 1 second(s)

2022-02-15 09:27:26 - [TEST_STEP][PASSED] - for ([i = 0, i < 1, (i++)]): Delayed 3 second(s)

2022-02-15 09:27:26 - [TEST_STEP][PASSED] - if (tab == "summary"): Delayed 3 second(s)

2022-02-15 09:27:26 - [TEST_STEP][PASSED] - idr = PORT_BtnIDR: null

2022-02-15 09:27:26 - [TEST_STEP][PASSED] - persen = PORT_BtnPersen: null

2022-02-15 09:27:26 - [TEST_STEP][PASSED] - if (action == "summary"): null

2022-02-15 09:27:26 - [TEST_STEP][PASSED] - else if (action == "perf_daily"): null

2022-02-15 09:27:26 - [TEST_STEP][PASSED] - else if (action == "perf_month"): Tapped on element 'Object Repository/Mobile/Page/Portfolio/Tab - Summary Month to Date'

2022-02-15 09:27:26 - [TEST_STEP][PASSED] - scroll.scroll.scrollScreenBottomToTop(): scroll.scroll.scrollScreenBottomToTop is PASSED

2022-02-15 09:27:26 - [MESSAGE][PASSED] - Current device physical height is 1423

2022-02-15 09:27:26 - [MESSAGE][PASSED] - Current device physical width is 720

2022-02-15 09:27:28 - [MESSAGE][PASSED] - Swiped from 360,1,138 to 360,284

2022-02-15 09:27:28 - [MESSAGE][PASSED] - scroll.scroll.scrollScreenBottomToTop is PASSED

2022-02-15 09:27:28 - [TEST_STEP][PASSED] - delay(1): Delayed 1 second(s)

2022-02-15 09:27:29 - [MESSAGE][PASSED] - Delayed 1 second(s)

2022-02-15 09:27:29 - [TEST_STEP][PASSED] - tap(PORT_TabSummaryMonth, 0): Tapped on element 'Object Repository/Mobile/Page/Portfolio/Tab - Summary Month to Date'

2022-02-15 09:27:29 - [MESSAGE][WARNING] - Timeout '0' is invalid. Using default page load timeout: '60'

2022-02-15 09:27:29 - [MESSAGE][PASSED] - Tapped on element 'Object Repository/Mobile/Page/Portfolio/Tab - Summary Month to Date'

2022-02-15 09:27:29 - [TEST_STEP][PASSED] - if (action != "summary"): Delayed 3 second(s)

2022-02-15 09:27:29 - [TEST_STEP][PASSED] - delay(1): Delayed 1 second(s)

2022-02-15 09:27:30 - [MESSAGE][PASSED] - Delayed 1 second(s)

2022-02-15 09:27:30 - [TEST_STEP][PASSED] - scroll.scroll.scrollScreenBottomToTop(): scroll.scroll.scrollScreenBottomToTop is PASSED

2022-02-15 09:27:30 - [MESSAGE][PASSED] - Current device physical height is 1423

2022-02-15 09:27:31 - [MESSAGE][PASSED] - Current device physical width is 720

2022-02-15 09:27:32 - [MESSAGE][PASSED] - Swiped from 360,1,138 to 360,284

2022-02-15 09:27:32 - [MESSAGE][PASSED] - scroll.scroll.scrollScreenBottomToTop is PASSED

2022-02-15 09:27:32 - [TEST_STEP][PASSED] - delay(3): Delayed 3 second(s)

2022-02-15 09:27:35 - [MESSAGE][PASSED] - Delayed 3 second(s)

2022-02-15 09:27:35 - [TEST_STEP][PASSED] - if (action2 == "idr"): null

2022-02-15 09:27:35 - [TEST_STEP][PASSED] - else if (action2 == "persen"): Delayed 3 second(s)

2022-02-15 09:27:35 - [TEST_STEP][PASSED] - tap(persen, 10): Tapped on element 'Object Repository/Mobile/Page/Portfolio/Button - Persen'

2022-02-15 09:27:35 - [MESSAGE][PASSED] - Tapped on element 'Object Repository/Mobile/Page/Portfolio/Button - Persen'

2022-02-15 09:27:35 - [TEST_STEP][PASSED] - delay(3): Delayed 3 second(s)

2022-02-15 09:27:38 - [MESSAGE][PASSED] - Delayed 3 second(s)

2022-02-15 09:27:38 - [MESSAGE][PASSED] - Call Test Case 'Test Cases/Mobile/Page/Portfolio/Portfolio' successfully

2022-02-15 09:27:38 - [TEST_STEP][PASSED] - callTestCase(findTestCase("Mobile/Page/Run App/Terminate App"), [:], STOP_ON_FAILURE): Call Test Case 'Test Cases/Mobile/Page/Run App/Terminate App' successfully

2022-02-15 09:27:38 - [TEST_CASE][PASSED] - Test Cases/Mobile/Page/Run App/Terminate App: Test Cases/Mobile/Page/Run App/Terminate App

2022-02-15 09:27:38 - [TEST_STEP][PASSED] - startApp.OpenApp.terminateApplication(): startApp.OpenApp.terminateApplication is PASSED

2022-02-15 09:27:41 - [MESSAGE][PASSED] - Delayed 3 second(s)

2022-02-15 09:27:42 - [MESSAGE][PASSED] - Current device physical width is 720

2022-02-15 09:27:42 - [MESSAGE][PASSED] - Current device physical height is 1423

2022-02-15 09:27:43 - [MESSAGE][PASSED] - Swiped from 360,853 to 360,142

2022-02-15 09:27:44 - [MESSAGE][PASSED] - Delayed 1 second(s)

2022-02-15 09:27:45 - [MESSAGE][PASSED] - Swiped from 360,853 to 360,142

2022-02-15 09:27:48 - [MESSAGE][PASSED] - Delayed 3 second(s)

2022-02-15 09:27:48 - [MESSAGE][PASSED] - startApp.OpenApp.terminateApplication is PASSED

2022-02-15 09:27:48 - [MESSAGE][PASSED] - Call Test Case 'Test Cases/Mobile/Page/Run App/Terminate App' successfully]]></system-out>
         <system-err><![CDATA[]]></system-err>
      </testcase>
      <testcase name="Test Cases/Mobile/Scenario/Portfolio/008 - Portfolio Performance Quarter to Date Persen" time="64.32" classname="Test Cases/Mobile/Scenario/Portfolio/008 - Portfolio Performance Quarter to Date Persen" status="PASSED">
         <system-out><![CDATA[2022-02-15 09:27:48 - [TEST_CASE][PASSED] - Test Cases/Mobile/Scenario/Portfolio/008 - Portfolio Performance Quarter to Date Persen: Test Cases/Mobile/Scenario/Portfolio/008 - Portfolio Performance Quarter to Date Persen

2022-02-15 09:27:49 - [TEST_STEP][PASSED] - callTestCase(findTestCase("Mobile/Page/Run App/Run App byID"), [:], STOP_ON_FAILURE): Call Test Case 'Test Cases/Mobile/Page/Run App/Run App byID' successfully

2022-02-15 09:27:49 - [TEST_CASE][PASSED] - Test Cases/Mobile/Page/Run App/Run App byID: Test Cases/Mobile/Page/Run App/Run App byID

2022-02-15 09:27:49 - [TEST_STEP][PASSED] - startApp.OpenApp.startApplication("id.co.miraeasset.sageclub"): startApp.OpenApp.startApplication is PASSED

2022-02-15 09:28:01 - [MESSAGE][PASSED] - Starting app with application ID: 'id.co.miraeasset.sageclub'

2022-02-15 09:28:01 - [MESSAGE][PASSED] - startApp.OpenApp.startApplication is PASSED

2022-02-15 09:28:01 - [MESSAGE][PASSED] - Call Test Case 'Test Cases/Mobile/Page/Run App/Run App byID' successfully

2022-02-15 09:28:01 - [TEST_STEP][PASSED] - callTestCase(findTestCase("Mobile/Page/Portfolio/Portfolio"), ["tab":"summary", "action":"perf_quarter", "action2":"persen"], CONTINUE_ON_FAILURE): Call Test Case 'Test Cases/Mobile/Page/Portfolio/Portfolio' successfully

2022-02-15 09:28:01 - [TEST_CASE][PASSED] - Test Cases/Mobile/Page/Portfolio/Portfolio: Test Cases/Mobile/Page/Portfolio/Portfolio

2022-02-15 09:28:01 - [TEST_STEP][PASSED] - callTestCase(findTestCase("Mobile/Page/CheckLogin"), [:], CONTINUE_ON_FAILURE): Call Test Case 'Test Cases/Mobile/Page/CheckLogin' successfully

2022-02-15 09:28:01 - [TEST_CASE][PASSED] - Test Cases/Mobile/Page/CheckLogin: Test Cases/Mobile/Page/CheckLogin

2022-02-15 09:28:01 - [TEST_STEP][PASSED] - loginCheck = verifyElementExist(LOGN_BtnLogin, 5, CONTINUE_ON_FAILURE): Element 'Object Repository/Mobile/Page/Login/Button - Login' is exist

2022-02-15 09:28:03 - [MESSAGE][PASSED] - Element 'Object Repository/Mobile/Page/Login/Button - Login' is exist

2022-02-15 09:28:03 - [TEST_STEP][PASSED] - if (loginCheck): Call Test Case 'Test Cases/Mobile/Page/Login/Login' successfully

2022-02-15 09:28:03 - [TEST_STEP][PASSED] - callTestCase(findTestCase("Mobile/Page/Login/Login"), ["action":"username"], CONTINUE_ON_FAILURE): Call Test Case 'Test Cases/Mobile/Page/Login/Login' successfully

2022-02-15 09:28:03 - [TEST_CASE][PASSED] - Test Cases/Mobile/Page/Login/Login: Test Cases/Mobile/Page/Login/Login

2022-02-15 09:28:03 - [TEST_STEP][PASSED] - delay(2): Delayed 2 second(s)

2022-02-15 09:28:05 - [MESSAGE][PASSED] - Delayed 2 second(s)

2022-02-15 09:28:05 - [TEST_STEP][PASSED] - for ([i = 0, i < 1, (i++)]): null

2022-02-15 09:28:05 - [TEST_STEP][PASSED] - if (action == "username"): null

2022-02-15 09:28:05 - [TEST_STEP][PASSED] - tap(LOGN_EdtUserID, 0): Tapped on element 'Object Repository/Mobile/Page/Login/Input - UserID'

2022-02-15 09:28:05 - [MESSAGE][WARNING] - Timeout '0' is invalid. Using default page load timeout: '60'

2022-02-15 09:28:05 - [MESSAGE][PASSED] - Tapped on element 'Object Repository/Mobile/Page/Login/Input - UserID'

2022-02-15 09:28:05 - [TEST_STEP][PASSED] - delay(1): Delayed 1 second(s)

2022-02-15 09:28:06 - [MESSAGE][PASSED] - Delayed 1 second(s)

2022-02-15 09:28:06 - [TEST_STEP][PASSED] - setText(LOGN_EdtRdyUserID, "anggaaditya", 0): Text 'anggaaditya' has been set to element 'Object Repository/Mobile/Page/Login/Input Rdy - UserID'

2022-02-15 09:28:06 - [MESSAGE][WARNING] - Timeout '0' is invalid. Using default page load timeout: '60'

2022-02-15 09:28:07 - [MESSAGE][PASSED] - Text 'anggaaditya' has been set to element 'Object Repository/Mobile/Page/Login/Input Rdy - UserID'

2022-02-15 09:28:07 - [TEST_STEP][PASSED] - delay(1): Delayed 1 second(s)

2022-02-15 09:28:08 - [MESSAGE][PASSED] - Delayed 1 second(s)

2022-02-15 09:28:08 - [TEST_STEP][PASSED] - hideKeyboard(): Keyboard is hidden

2022-02-15 09:28:12 - [MESSAGE][PASSED] - Keyboard is hidden

2022-02-15 09:28:12 - [TEST_STEP][PASSED] - tap(LOGN_EdtPassword, 0): Tapped on element 'Object Repository/Mobile/Page/Login/Input - Password'

2022-02-15 09:28:12 - [MESSAGE][WARNING] - Timeout '0' is invalid. Using default page load timeout: '60'

2022-02-15 09:28:13 - [MESSAGE][PASSED] - Tapped on element 'Object Repository/Mobile/Page/Login/Input - Password'

2022-02-15 09:28:13 - [TEST_STEP][PASSED] - delay(1): Delayed 1 second(s)

2022-02-15 09:28:14 - [MESSAGE][PASSED] - Delayed 1 second(s)

2022-02-15 09:28:14 - [TEST_STEP][PASSED] - setText(LOGN_EdtRdyPassword, "Shalawa18", 0): Text 'Shalawa18' has been set to element 'Object Repository/Mobile/Page/Login/Input Rdy - Password'

2022-02-15 09:28:14 - [MESSAGE][WARNING] - Timeout '0' is invalid. Using default page load timeout: '60'

2022-02-15 09:28:14 - [MESSAGE][PASSED] - Text 'Shalawa18' has been set to element 'Object Repository/Mobile/Page/Login/Input Rdy - Password'

2022-02-15 09:28:14 - [TEST_STEP][PASSED] - delay(1): Delayed 1 second(s)

2022-02-15 09:28:15 - [MESSAGE][PASSED] - Delayed 1 second(s)

2022-02-15 09:28:15 - [TEST_STEP][PASSED] - hideKeyboard(): Keyboard is hidden

2022-02-15 09:28:25 - [MESSAGE][PASSED] - Keyboard is hidden

2022-02-15 09:28:25 - [TEST_STEP][PASSED] - tap(LOGN_BtnLogin, 0): Tapped on element 'Object Repository/Mobile/Page/Login/Button - Login'

2022-02-15 09:28:25 - [MESSAGE][WARNING] - Timeout '0' is invalid. Using default page load timeout: '60'

2022-02-15 09:28:26 - [MESSAGE][PASSED] - Tapped on element 'Object Repository/Mobile/Page/Login/Button - Login'

2022-02-15 09:28:26 - [TEST_STEP][PASSED] - delay(2): Delayed 2 second(s)

2022-02-15 09:28:28 - [MESSAGE][PASSED] - Delayed 2 second(s)

2022-02-15 09:28:28 - [TEST_STEP][PASSED] - break: null

2022-02-15 09:28:28 - [MESSAGE][PASSED] - Call Test Case 'Test Cases/Mobile/Page/Login/Login' successfully

2022-02-15 09:28:28 - [MESSAGE][PASSED] - Call Test Case 'Test Cases/Mobile/Page/CheckLogin' successfully

2022-02-15 09:28:28 - [TEST_STEP][PASSED] - tap(HOME_MenubarPortfolio, 0): Tapped on element 'Object Repository/Mobile/Page/Home/Menubar - Portfolio'

2022-02-15 09:28:28 - [MESSAGE][WARNING] - Timeout '0' is invalid. Using default page load timeout: '60'

2022-02-15 09:28:29 - [MESSAGE][PASSED] - Tapped on element 'Object Repository/Mobile/Page/Home/Menubar - Portfolio'

2022-02-15 09:28:29 - [TEST_STEP][PASSED] - delay(1): Delayed 1 second(s)

2022-02-15 09:28:30 - [MESSAGE][PASSED] - Delayed 1 second(s)

2022-02-15 09:28:30 - [TEST_STEP][PASSED] - for ([i = 0, i < 1, (i++)]): Delayed 3 second(s)

2022-02-15 09:28:30 - [TEST_STEP][PASSED] - if (tab == "summary"): Delayed 3 second(s)

2022-02-15 09:28:30 - [TEST_STEP][PASSED] - idr = PORT_BtnIDR: null

2022-02-15 09:28:30 - [TEST_STEP][PASSED] - persen = PORT_BtnPersen: null

2022-02-15 09:28:30 - [TEST_STEP][PASSED] - if (action == "summary"): null

2022-02-15 09:28:30 - [TEST_STEP][PASSED] - else if (action == "perf_daily"): null

2022-02-15 09:28:30 - [TEST_STEP][PASSED] - else if (action == "perf_month"): null

2022-02-15 09:28:30 - [TEST_STEP][PASSED] - else if (action == "perf_quarter"): Tapped on element 'Object Repository/Mobile/Page/Portfolio/Tab - Summary Quarter to Date'

2022-02-15 09:28:30 - [TEST_STEP][PASSED] - scroll.scroll.scrollScreenBottomToTop(): scroll.scroll.scrollScreenBottomToTop is PASSED

2022-02-15 09:28:31 - [MESSAGE][PASSED] - Current device physical height is 1423

2022-02-15 09:28:31 - [MESSAGE][PASSED] - Current device physical width is 720

2022-02-15 09:28:32 - [MESSAGE][PASSED] - Swiped from 360,1,138 to 360,284

2022-02-15 09:28:32 - [MESSAGE][PASSED] - scroll.scroll.scrollScreenBottomToTop is PASSED

2022-02-15 09:28:32 - [TEST_STEP][PASSED] - delay(1): Delayed 1 second(s)

2022-02-15 09:28:33 - [MESSAGE][PASSED] - Delayed 1 second(s)

2022-02-15 09:28:33 - [TEST_STEP][PASSED] - tap(PORT_TabSummaryQuarter, 0): Tapped on element 'Object Repository/Mobile/Page/Portfolio/Tab - Summary Quarter to Date'

2022-02-15 09:28:33 - [MESSAGE][WARNING] - Timeout '0' is invalid. Using default page load timeout: '60'

2022-02-15 09:28:34 - [MESSAGE][PASSED] - Tapped on element 'Object Repository/Mobile/Page/Portfolio/Tab - Summary Quarter to Date'

2022-02-15 09:28:34 - [TEST_STEP][PASSED] - if (action != "summary"): Delayed 3 second(s)

2022-02-15 09:28:34 - [TEST_STEP][PASSED] - delay(1): Delayed 1 second(s)

2022-02-15 09:28:35 - [MESSAGE][PASSED] - Delayed 1 second(s)

2022-02-15 09:28:35 - [TEST_STEP][PASSED] - scroll.scroll.scrollScreenBottomToTop(): scroll.scroll.scrollScreenBottomToTop is PASSED

2022-02-15 09:28:35 - [MESSAGE][PASSED] - Current device physical height is 1423

2022-02-15 09:28:35 - [MESSAGE][PASSED] - Current device physical width is 720

2022-02-15 09:28:36 - [MESSAGE][PASSED] - Swiped from 360,1,138 to 360,284

2022-02-15 09:28:36 - [MESSAGE][PASSED] - scroll.scroll.scrollScreenBottomToTop is PASSED

2022-02-15 09:28:36 - [TEST_STEP][PASSED] - delay(3): Delayed 3 second(s)

2022-02-15 09:28:39 - [MESSAGE][PASSED] - Delayed 3 second(s)

2022-02-15 09:28:39 - [TEST_STEP][PASSED] - if (action2 == "idr"): null

2022-02-15 09:28:39 - [TEST_STEP][PASSED] - else if (action2 == "persen"): Delayed 3 second(s)

2022-02-15 09:28:39 - [TEST_STEP][PASSED] - tap(persen, 10): Tapped on element 'Object Repository/Mobile/Page/Portfolio/Button - Persen'

2022-02-15 09:28:40 - [MESSAGE][PASSED] - Tapped on element 'Object Repository/Mobile/Page/Portfolio/Button - Persen'

2022-02-15 09:28:40 - [TEST_STEP][PASSED] - delay(3): Delayed 3 second(s)

2022-02-15 09:28:43 - [MESSAGE][PASSED] - Delayed 3 second(s)

2022-02-15 09:28:43 - [MESSAGE][PASSED] - Call Test Case 'Test Cases/Mobile/Page/Portfolio/Portfolio' successfully

2022-02-15 09:28:43 - [TEST_STEP][PASSED] - callTestCase(findTestCase("Mobile/Page/Run App/Terminate App"), [:], STOP_ON_FAILURE): Call Test Case 'Test Cases/Mobile/Page/Run App/Terminate App' successfully

2022-02-15 09:28:43 - [TEST_CASE][PASSED] - Test Cases/Mobile/Page/Run App/Terminate App: Test Cases/Mobile/Page/Run App/Terminate App

2022-02-15 09:28:43 - [TEST_STEP][PASSED] - startApp.OpenApp.terminateApplication(): startApp.OpenApp.terminateApplication is PASSED

2022-02-15 09:28:46 - [MESSAGE][PASSED] - Delayed 3 second(s)

2022-02-15 09:28:46 - [MESSAGE][PASSED] - Current device physical width is 720

2022-02-15 09:28:46 - [MESSAGE][PASSED] - Current device physical height is 1423

2022-02-15 09:28:47 - [MESSAGE][PASSED] - Swiped from 360,853 to 360,142

2022-02-15 09:28:48 - [MESSAGE][PASSED] - Delayed 1 second(s)

2022-02-15 09:28:50 - [MESSAGE][PASSED] - Swiped from 360,853 to 360,142

2022-02-15 09:28:53 - [MESSAGE][PASSED] - Delayed 3 second(s)

2022-02-15 09:28:53 - [MESSAGE][PASSED] - startApp.OpenApp.terminateApplication is PASSED

2022-02-15 09:28:53 - [MESSAGE][PASSED] - Call Test Case 'Test Cases/Mobile/Page/Run App/Terminate App' successfully]]></system-out>
         <system-err><![CDATA[]]></system-err>
      </testcase>
      <testcase name="Test Cases/Mobile/Scenario/Portfolio/009 - Portfolio Performance Year to Date Persen" time="63.484" classname="Test Cases/Mobile/Scenario/Portfolio/009 - Portfolio Performance Year to Date Persen" status="PASSED">
         <system-out><![CDATA[2022-02-15 09:28:53 - [TEST_CASE][PASSED] - Test Cases/Mobile/Scenario/Portfolio/009 - Portfolio Performance Year to Date Persen: Test Cases/Mobile/Scenario/Portfolio/009 - Portfolio Performance Year to Date Persen

2022-02-15 09:28:53 - [TEST_STEP][PASSED] - callTestCase(findTestCase("Mobile/Page/Run App/Run App byID"), [:], STOP_ON_FAILURE): Call Test Case 'Test Cases/Mobile/Page/Run App/Run App byID' successfully

2022-02-15 09:28:53 - [TEST_CASE][PASSED] - Test Cases/Mobile/Page/Run App/Run App byID: Test Cases/Mobile/Page/Run App/Run App byID

2022-02-15 09:28:53 - [TEST_STEP][PASSED] - startApp.OpenApp.startApplication("id.co.miraeasset.sageclub"): startApp.OpenApp.startApplication is PASSED

2022-02-15 09:29:06 - [MESSAGE][PASSED] - Starting app with application ID: 'id.co.miraeasset.sageclub'

2022-02-15 09:29:06 - [MESSAGE][PASSED] - startApp.OpenApp.startApplication is PASSED

2022-02-15 09:29:06 - [MESSAGE][PASSED] - Call Test Case 'Test Cases/Mobile/Page/Run App/Run App byID' successfully

2022-02-15 09:29:06 - [TEST_STEP][PASSED] - callTestCase(findTestCase("Mobile/Page/Portfolio/Portfolio"), ["tab":"summary", "action":"perf_year", "action2":"persen"], CONTINUE_ON_FAILURE): Call Test Case 'Test Cases/Mobile/Page/Portfolio/Portfolio' successfully

2022-02-15 09:29:06 - [TEST_CASE][PASSED] - Test Cases/Mobile/Page/Portfolio/Portfolio: Test Cases/Mobile/Page/Portfolio/Portfolio

2022-02-15 09:29:06 - [TEST_STEP][PASSED] - callTestCase(findTestCase("Mobile/Page/CheckLogin"), [:], CONTINUE_ON_FAILURE): Call Test Case 'Test Cases/Mobile/Page/CheckLogin' successfully

2022-02-15 09:29:06 - [TEST_CASE][PASSED] - Test Cases/Mobile/Page/CheckLogin: Test Cases/Mobile/Page/CheckLogin

2022-02-15 09:29:06 - [TEST_STEP][PASSED] - loginCheck = verifyElementExist(LOGN_BtnLogin, 5, CONTINUE_ON_FAILURE): Element 'Object Repository/Mobile/Page/Login/Button - Login' is exist

2022-02-15 09:29:08 - [MESSAGE][PASSED] - Element 'Object Repository/Mobile/Page/Login/Button - Login' is exist

2022-02-15 09:29:08 - [TEST_STEP][PASSED] - if (loginCheck): Call Test Case 'Test Cases/Mobile/Page/Login/Login' successfully

2022-02-15 09:29:08 - [TEST_STEP][PASSED] - callTestCase(findTestCase("Mobile/Page/Login/Login"), ["action":"username"], CONTINUE_ON_FAILURE): Call Test Case 'Test Cases/Mobile/Page/Login/Login' successfully

2022-02-15 09:29:08 - [TEST_CASE][PASSED] - Test Cases/Mobile/Page/Login/Login: Test Cases/Mobile/Page/Login/Login

2022-02-15 09:29:08 - [TEST_STEP][PASSED] - delay(2): Delayed 2 second(s)

2022-02-15 09:29:10 - [MESSAGE][PASSED] - Delayed 2 second(s)

2022-02-15 09:29:10 - [TEST_STEP][PASSED] - for ([i = 0, i < 1, (i++)]): null

2022-02-15 09:29:10 - [TEST_STEP][PASSED] - if (action == "username"): null

2022-02-15 09:29:10 - [TEST_STEP][PASSED] - tap(LOGN_EdtUserID, 0): Tapped on element 'Object Repository/Mobile/Page/Login/Input - UserID'

2022-02-15 09:29:10 - [MESSAGE][WARNING] - Timeout '0' is invalid. Using default page load timeout: '60'

2022-02-15 09:29:10 - [MESSAGE][PASSED] - Tapped on element 'Object Repository/Mobile/Page/Login/Input - UserID'

2022-02-15 09:29:10 - [TEST_STEP][PASSED] - delay(1): Delayed 1 second(s)

2022-02-15 09:29:11 - [MESSAGE][PASSED] - Delayed 1 second(s)

2022-02-15 09:29:11 - [TEST_STEP][PASSED] - setText(LOGN_EdtRdyUserID, "anggaaditya", 0): Text 'anggaaditya' has been set to element 'Object Repository/Mobile/Page/Login/Input Rdy - UserID'

2022-02-15 09:29:11 - [MESSAGE][WARNING] - Timeout '0' is invalid. Using default page load timeout: '60'

2022-02-15 09:29:12 - [MESSAGE][PASSED] - Text 'anggaaditya' has been set to element 'Object Repository/Mobile/Page/Login/Input Rdy - UserID'

2022-02-15 09:29:12 - [TEST_STEP][PASSED] - delay(1): Delayed 1 second(s)

2022-02-15 09:29:13 - [MESSAGE][PASSED] - Delayed 1 second(s)

2022-02-15 09:29:13 - [TEST_STEP][PASSED] - hideKeyboard(): Keyboard is hidden

2022-02-15 09:29:16 - [MESSAGE][PASSED] - Keyboard is hidden

2022-02-15 09:29:17 - [TEST_STEP][PASSED] - tap(LOGN_EdtPassword, 0): Tapped on element 'Object Repository/Mobile/Page/Login/Input - Password'

2022-02-15 09:29:17 - [MESSAGE][WARNING] - Timeout '0' is invalid. Using default page load timeout: '60'

2022-02-15 09:29:17 - [MESSAGE][PASSED] - Tapped on element 'Object Repository/Mobile/Page/Login/Input - Password'

2022-02-15 09:29:17 - [TEST_STEP][PASSED] - delay(1): Delayed 1 second(s)

2022-02-15 09:29:18 - [MESSAGE][PASSED] - Delayed 1 second(s)

2022-02-15 09:29:18 - [TEST_STEP][PASSED] - setText(LOGN_EdtRdyPassword, "Shalawa18", 0): Text 'Shalawa18' has been set to element 'Object Repository/Mobile/Page/Login/Input Rdy - Password'

2022-02-15 09:29:18 - [MESSAGE][WARNING] - Timeout '0' is invalid. Using default page load timeout: '60'

2022-02-15 09:29:18 - [MESSAGE][PASSED] - Text 'Shalawa18' has been set to element 'Object Repository/Mobile/Page/Login/Input Rdy - Password'

2022-02-15 09:29:18 - [TEST_STEP][PASSED] - delay(1): Delayed 1 second(s)

2022-02-15 09:29:19 - [MESSAGE][PASSED] - Delayed 1 second(s)

2022-02-15 09:29:19 - [TEST_STEP][PASSED] - hideKeyboard(): Keyboard is hidden

2022-02-15 09:29:26 - [MESSAGE][PASSED] - Keyboard is hidden

2022-02-15 09:29:26 - [TEST_STEP][PASSED] - tap(LOGN_BtnLogin, 0): Tapped on element 'Object Repository/Mobile/Page/Login/Button - Login'

2022-02-15 09:29:26 - [MESSAGE][WARNING] - Timeout '0' is invalid. Using default page load timeout: '60'

2022-02-15 09:29:29 - [MESSAGE][PASSED] - Tapped on element 'Object Repository/Mobile/Page/Login/Button - Login'

2022-02-15 09:29:29 - [TEST_STEP][PASSED] - delay(2): Delayed 2 second(s)

2022-02-15 09:29:31 - [MESSAGE][PASSED] - Delayed 2 second(s)

2022-02-15 09:29:31 - [TEST_STEP][PASSED] - break: null

2022-02-15 09:29:31 - [MESSAGE][PASSED] - Call Test Case 'Test Cases/Mobile/Page/Login/Login' successfully

2022-02-15 09:29:31 - [MESSAGE][PASSED] - Call Test Case 'Test Cases/Mobile/Page/CheckLogin' successfully

2022-02-15 09:29:31 - [TEST_STEP][PASSED] - tap(HOME_MenubarPortfolio, 0): Tapped on element 'Object Repository/Mobile/Page/Home/Menubar - Portfolio'

2022-02-15 09:29:31 - [MESSAGE][WARNING] - Timeout '0' is invalid. Using default page load timeout: '60'

2022-02-15 09:29:33 - [MESSAGE][PASSED] - Tapped on element 'Object Repository/Mobile/Page/Home/Menubar - Portfolio'

2022-02-15 09:29:33 - [TEST_STEP][PASSED] - delay(1): Delayed 1 second(s)

2022-02-15 09:29:34 - [MESSAGE][PASSED] - Delayed 1 second(s)

2022-02-15 09:29:34 - [TEST_STEP][PASSED] - for ([i = 0, i < 1, (i++)]): Delayed 3 second(s)

2022-02-15 09:29:34 - [TEST_STEP][PASSED] - if (tab == "summary"): Delayed 3 second(s)

2022-02-15 09:29:34 - [TEST_STEP][PASSED] - idr = PORT_BtnIDR: null

2022-02-15 09:29:34 - [TEST_STEP][PASSED] - persen = PORT_BtnPersen: null

2022-02-15 09:29:34 - [TEST_STEP][PASSED] - if (action == "summary"): null

2022-02-15 09:29:34 - [TEST_STEP][PASSED] - else if (action == "perf_daily"): null

2022-02-15 09:29:34 - [TEST_STEP][PASSED] - else if (action == "perf_month"): null

2022-02-15 09:29:34 - [TEST_STEP][PASSED] - else if (action == "perf_quarter"): null

2022-02-15 09:29:34 - [TEST_STEP][PASSED] - else if (action == "perf_year"): Tapped on element 'Object Repository/Mobile/Page/Portfolio/Tab - Summary Year to Date'

2022-02-15 09:29:34 - [TEST_STEP][PASSED] - scroll.scroll.scrollScreenBottomToTop(): scroll.scroll.scrollScreenBottomToTop is PASSED

2022-02-15 09:29:34 - [MESSAGE][PASSED] - Current device physical height is 1423

2022-02-15 09:29:34 - [MESSAGE][PASSED] - Current device physical width is 720

2022-02-15 09:29:35 - [MESSAGE][PASSED] - Swiped from 360,1,138 to 360,284

2022-02-15 09:29:35 - [MESSAGE][PASSED] - scroll.scroll.scrollScreenBottomToTop is PASSED

2022-02-15 09:29:35 - [TEST_STEP][PASSED] - delay(1): Delayed 1 second(s)

2022-02-15 09:29:36 - [MESSAGE][PASSED] - Delayed 1 second(s)

2022-02-15 09:29:36 - [TEST_STEP][PASSED] - tap(PORT_TabSummaryYear, 0): Tapped on element 'Object Repository/Mobile/Page/Portfolio/Tab - Summary Year to Date'

2022-02-15 09:29:36 - [MESSAGE][WARNING] - Timeout '0' is invalid. Using default page load timeout: '60'

2022-02-15 09:29:37 - [MESSAGE][PASSED] - Tapped on element 'Object Repository/Mobile/Page/Portfolio/Tab - Summary Year to Date'

2022-02-15 09:29:37 - [TEST_STEP][PASSED] - if (action != "summary"): Delayed 3 second(s)

2022-02-15 09:29:37 - [TEST_STEP][PASSED] - delay(1): Delayed 1 second(s)

2022-02-15 09:29:38 - [MESSAGE][PASSED] - Delayed 1 second(s)

2022-02-15 09:29:38 - [TEST_STEP][PASSED] - scroll.scroll.scrollScreenBottomToTop(): scroll.scroll.scrollScreenBottomToTop is PASSED

2022-02-15 09:29:38 - [MESSAGE][PASSED] - Current device physical height is 1423

2022-02-15 09:29:38 - [MESSAGE][PASSED] - Current device physical width is 720

2022-02-15 09:29:40 - [MESSAGE][PASSED] - Swiped from 360,1,138 to 360,284

2022-02-15 09:29:40 - [MESSAGE][PASSED] - scroll.scroll.scrollScreenBottomToTop is PASSED

2022-02-15 09:29:40 - [TEST_STEP][PASSED] - delay(3): Delayed 3 second(s)

2022-02-15 09:29:43 - [MESSAGE][PASSED] - Delayed 3 second(s)

2022-02-15 09:29:43 - [TEST_STEP][PASSED] - if (action2 == "idr"): null

2022-02-15 09:29:43 - [TEST_STEP][PASSED] - else if (action2 == "persen"): Delayed 3 second(s)

2022-02-15 09:29:43 - [TEST_STEP][PASSED] - tap(persen, 10): Tapped on element 'Object Repository/Mobile/Page/Portfolio/Button - Persen'

2022-02-15 09:29:43 - [MESSAGE][PASSED] - Tapped on element 'Object Repository/Mobile/Page/Portfolio/Button - Persen'

2022-02-15 09:29:43 - [TEST_STEP][PASSED] - delay(3): Delayed 3 second(s)

2022-02-15 09:29:46 - [MESSAGE][PASSED] - Delayed 3 second(s)

2022-02-15 09:29:46 - [MESSAGE][PASSED] - Call Test Case 'Test Cases/Mobile/Page/Portfolio/Portfolio' successfully

2022-02-15 09:29:46 - [TEST_STEP][PASSED] - callTestCase(findTestCase("Mobile/Page/Run App/Terminate App"), [:], STOP_ON_FAILURE): Call Test Case 'Test Cases/Mobile/Page/Run App/Terminate App' successfully

2022-02-15 09:29:46 - [TEST_CASE][PASSED] - Test Cases/Mobile/Page/Run App/Terminate App: Test Cases/Mobile/Page/Run App/Terminate App

2022-02-15 09:29:46 - [TEST_STEP][PASSED] - startApp.OpenApp.terminateApplication(): startApp.OpenApp.terminateApplication is PASSED

2022-02-15 09:29:49 - [MESSAGE][PASSED] - Delayed 3 second(s)

2022-02-15 09:29:49 - [MESSAGE][PASSED] - Current device physical width is 720

2022-02-15 09:29:50 - [MESSAGE][PASSED] - Current device physical height is 1423

2022-02-15 09:29:51 - [MESSAGE][PASSED] - Swiped from 360,853 to 360,142

2022-02-15 09:29:52 - [MESSAGE][PASSED] - Delayed 1 second(s)

2022-02-15 09:29:53 - [MESSAGE][PASSED] - Swiped from 360,853 to 360,142

2022-02-15 09:29:56 - [MESSAGE][PASSED] - Delayed 3 second(s)

2022-02-15 09:29:56 - [MESSAGE][PASSED] - startApp.OpenApp.terminateApplication is PASSED

2022-02-15 09:29:56 - [MESSAGE][PASSED] - Call Test Case 'Test Cases/Mobile/Page/Run App/Terminate App' successfully]]></system-out>
         <system-err><![CDATA[]]></system-err>
      </testcase>
      <testcase name="Test Cases/Mobile/Scenario/Portfolio/010 - Melihat list stock" time="53.61" classname="Test Cases/Mobile/Scenario/Portfolio/010 - Melihat list stock" status="PASSED">
         <system-out><![CDATA[2022-02-15 09:29:56 - [TEST_CASE][PASSED] - Test Cases/Mobile/Scenario/Portfolio/010 - Melihat list stock: Test Cases/Mobile/Scenario/Portfolio/010 - Melihat list stock

2022-02-15 09:29:56 - [TEST_STEP][PASSED] - callTestCase(findTestCase("Mobile/Page/Run App/Run App byID"), [:], STOP_ON_FAILURE): Call Test Case 'Test Cases/Mobile/Page/Run App/Run App byID' successfully

2022-02-15 09:29:57 - [TEST_CASE][PASSED] - Test Cases/Mobile/Page/Run App/Run App byID: Test Cases/Mobile/Page/Run App/Run App byID

2022-02-15 09:29:57 - [TEST_STEP][PASSED] - startApp.OpenApp.startApplication("id.co.miraeasset.sageclub"): startApp.OpenApp.startApplication is PASSED

2022-02-15 09:30:09 - [MESSAGE][PASSED] - Starting app with application ID: 'id.co.miraeasset.sageclub'

2022-02-15 09:30:09 - [MESSAGE][PASSED] - startApp.OpenApp.startApplication is PASSED

2022-02-15 09:30:09 - [MESSAGE][PASSED] - Call Test Case 'Test Cases/Mobile/Page/Run App/Run App byID' successfully

2022-02-15 09:30:09 - [TEST_STEP][PASSED] - callTestCase(findTestCase("Mobile/Page/Portfolio/Portfolio"), ["tab":"stock"], CONTINUE_ON_FAILURE): Call Test Case 'Test Cases/Mobile/Page/Portfolio/Portfolio' successfully

2022-02-15 09:30:09 - [TEST_CASE][PASSED] - Test Cases/Mobile/Page/Portfolio/Portfolio: Test Cases/Mobile/Page/Portfolio/Portfolio

2022-02-15 09:30:09 - [TEST_STEP][PASSED] - callTestCase(findTestCase("Mobile/Page/CheckLogin"), [:], CONTINUE_ON_FAILURE): Call Test Case 'Test Cases/Mobile/Page/CheckLogin' successfully

2022-02-15 09:30:09 - [TEST_CASE][PASSED] - Test Cases/Mobile/Page/CheckLogin: Test Cases/Mobile/Page/CheckLogin

2022-02-15 09:30:09 - [TEST_STEP][PASSED] - loginCheck = verifyElementExist(LOGN_BtnLogin, 5, CONTINUE_ON_FAILURE): Element 'Object Repository/Mobile/Page/Login/Button - Login' is exist

2022-02-15 09:30:11 - [MESSAGE][PASSED] - Element 'Object Repository/Mobile/Page/Login/Button - Login' is exist

2022-02-15 09:30:11 - [TEST_STEP][PASSED] - if (loginCheck): Call Test Case 'Test Cases/Mobile/Page/Login/Login' successfully

2022-02-15 09:30:11 - [TEST_STEP][PASSED] - callTestCase(findTestCase("Mobile/Page/Login/Login"), ["action":"username"], CONTINUE_ON_FAILURE): Call Test Case 'Test Cases/Mobile/Page/Login/Login' successfully

2022-02-15 09:30:11 - [TEST_CASE][PASSED] - Test Cases/Mobile/Page/Login/Login: Test Cases/Mobile/Page/Login/Login

2022-02-15 09:30:11 - [TEST_STEP][PASSED] - delay(2): Delayed 2 second(s)

2022-02-15 09:30:13 - [MESSAGE][PASSED] - Delayed 2 second(s)

2022-02-15 09:30:13 - [TEST_STEP][PASSED] - for ([i = 0, i < 1, (i++)]): null

2022-02-15 09:30:13 - [TEST_STEP][PASSED] - if (action == "username"): null

2022-02-15 09:30:13 - [TEST_STEP][PASSED] - tap(LOGN_EdtUserID, 0): Tapped on element 'Object Repository/Mobile/Page/Login/Input - UserID'

2022-02-15 09:30:13 - [MESSAGE][WARNING] - Timeout '0' is invalid. Using default page load timeout: '60'

2022-02-15 09:30:14 - [MESSAGE][PASSED] - Tapped on element 'Object Repository/Mobile/Page/Login/Input - UserID'

2022-02-15 09:30:14 - [TEST_STEP][PASSED] - delay(1): Delayed 1 second(s)

2022-02-15 09:30:15 - [MESSAGE][PASSED] - Delayed 1 second(s)

2022-02-15 09:30:15 - [TEST_STEP][PASSED] - setText(LOGN_EdtRdyUserID, "anggaaditya", 0): Text 'anggaaditya' has been set to element 'Object Repository/Mobile/Page/Login/Input Rdy - UserID'

2022-02-15 09:30:15 - [MESSAGE][WARNING] - Timeout '0' is invalid. Using default page load timeout: '60'

2022-02-15 09:30:15 - [MESSAGE][PASSED] - Text 'anggaaditya' has been set to element 'Object Repository/Mobile/Page/Login/Input Rdy - UserID'

2022-02-15 09:30:15 - [TEST_STEP][PASSED] - delay(1): Delayed 1 second(s)

2022-02-15 09:30:16 - [MESSAGE][PASSED] - Delayed 1 second(s)

2022-02-15 09:30:16 - [TEST_STEP][PASSED] - hideKeyboard(): Keyboard is hidden

2022-02-15 09:30:20 - [MESSAGE][PASSED] - Keyboard is hidden

2022-02-15 09:30:20 - [TEST_STEP][PASSED] - tap(LOGN_EdtPassword, 0): Tapped on element 'Object Repository/Mobile/Page/Login/Input - Password'

2022-02-15 09:30:20 - [MESSAGE][WARNING] - Timeout '0' is invalid. Using default page load timeout: '60'

2022-02-15 09:30:20 - [MESSAGE][PASSED] - Tapped on element 'Object Repository/Mobile/Page/Login/Input - Password'

2022-02-15 09:30:20 - [TEST_STEP][PASSED] - delay(1): Delayed 1 second(s)

2022-02-15 09:30:21 - [MESSAGE][PASSED] - Delayed 1 second(s)

2022-02-15 09:30:21 - [TEST_STEP][PASSED] - setText(LOGN_EdtRdyPassword, "Shalawa18", 0): Text 'Shalawa18' has been set to element 'Object Repository/Mobile/Page/Login/Input Rdy - Password'

2022-02-15 09:30:21 - [MESSAGE][WARNING] - Timeout '0' is invalid. Using default page load timeout: '60'

2022-02-15 09:30:22 - [MESSAGE][PASSED] - Text 'Shalawa18' has been set to element 'Object Repository/Mobile/Page/Login/Input Rdy - Password'

2022-02-15 09:30:22 - [TEST_STEP][PASSED] - delay(1): Delayed 1 second(s)

2022-02-15 09:30:23 - [MESSAGE][PASSED] - Delayed 1 second(s)

2022-02-15 09:30:23 - [TEST_STEP][PASSED] - hideKeyboard(): Keyboard is hidden

2022-02-15 09:30:29 - [MESSAGE][PASSED] - Keyboard is hidden

2022-02-15 09:30:29 - [TEST_STEP][PASSED] - tap(LOGN_BtnLogin, 0): Tapped on element 'Object Repository/Mobile/Page/Login/Button - Login'

2022-02-15 09:30:29 - [MESSAGE][WARNING] - Timeout '0' is invalid. Using default page load timeout: '60'

2022-02-15 09:30:30 - [MESSAGE][PASSED] - Tapped on element 'Object Repository/Mobile/Page/Login/Button - Login'

2022-02-15 09:30:30 - [TEST_STEP][PASSED] - delay(2): Delayed 2 second(s)

2022-02-15 09:30:32 - [MESSAGE][PASSED] - Delayed 2 second(s)

2022-02-15 09:30:32 - [TEST_STEP][PASSED] - break: null

2022-02-15 09:30:32 - [MESSAGE][PASSED] - Call Test Case 'Test Cases/Mobile/Page/Login/Login' successfully

2022-02-15 09:30:32 - [MESSAGE][PASSED] - Call Test Case 'Test Cases/Mobile/Page/CheckLogin' successfully

2022-02-15 09:30:32 - [TEST_STEP][PASSED] - tap(HOME_MenubarPortfolio, 0): Tapped on element 'Object Repository/Mobile/Page/Home/Menubar - Portfolio'

2022-02-15 09:30:32 - [MESSAGE][WARNING] - Timeout '0' is invalid. Using default page load timeout: '60'

2022-02-15 09:30:33 - [MESSAGE][PASSED] - Tapped on element 'Object Repository/Mobile/Page/Home/Menubar - Portfolio'

2022-02-15 09:30:33 - [TEST_STEP][PASSED] - delay(1): Delayed 1 second(s)

2022-02-15 09:30:34 - [MESSAGE][PASSED] - Delayed 1 second(s)

2022-02-15 09:30:34 - [TEST_STEP][PASSED] - for ([i = 0, i < 1, (i++)]): Delayed 3 second(s)

2022-02-15 09:30:34 - [TEST_STEP][PASSED] - if (tab == "summary"): null

2022-02-15 09:30:34 - [TEST_STEP][PASSED] - else if (tab == "stock"): Delayed 3 second(s)

2022-02-15 09:30:34 - [TEST_STEP][PASSED] - tap(PORT_TabStock, 0): Tapped on element 'Object Repository/Mobile/Page/Portfolio/Tab - Stock'

2022-02-15 09:30:34 - [MESSAGE][WARNING] - Timeout '0' is invalid. Using default page load timeout: '60'

2022-02-15 09:30:35 - [MESSAGE][PASSED] - Tapped on element 'Object Repository/Mobile/Page/Portfolio/Tab - Stock'

2022-02-15 09:30:35 - [TEST_STEP][PASSED] - scroll.scroll.scrollScreenBottomToTop(): scroll.scroll.scrollScreenBottomToTop is PASSED

2022-02-15 09:30:35 - [MESSAGE][PASSED] - Current device physical height is 1423

2022-02-15 09:30:35 - [MESSAGE][PASSED] - Current device physical width is 720

2022-02-15 09:30:36 - [MESSAGE][PASSED] - Swiped from 360,1,138 to 360,284

2022-02-15 09:30:37 - [MESSAGE][PASSED] - scroll.scroll.scrollScreenBottomToTop is PASSED

2022-02-15 09:30:37 - [TEST_STEP][PASSED] - delay(3): Delayed 3 second(s)

2022-02-15 09:30:40 - [MESSAGE][PASSED] - Delayed 3 second(s)

2022-02-15 09:30:40 - [MESSAGE][PASSED] - Call Test Case 'Test Cases/Mobile/Page/Portfolio/Portfolio' successfully

2022-02-15 09:30:40 - [TEST_STEP][PASSED] - callTestCase(findTestCase("Mobile/Page/Run App/Terminate App"), [:], STOP_ON_FAILURE): Call Test Case 'Test Cases/Mobile/Page/Run App/Terminate App' successfully

2022-02-15 09:30:40 - [TEST_CASE][PASSED] - Test Cases/Mobile/Page/Run App/Terminate App: Test Cases/Mobile/Page/Run App/Terminate App

2022-02-15 09:30:40 - [TEST_STEP][PASSED] - startApp.OpenApp.terminateApplication(): startApp.OpenApp.terminateApplication is PASSED

2022-02-15 09:30:43 - [MESSAGE][PASSED] - Delayed 3 second(s)

2022-02-15 09:30:43 - [MESSAGE][PASSED] - Current device physical width is 720

2022-02-15 09:30:43 - [MESSAGE][PASSED] - Current device physical height is 1423

2022-02-15 09:30:44 - [MESSAGE][PASSED] - Swiped from 360,853 to 360,142

2022-02-15 09:30:46 - [MESSAGE][PASSED] - Delayed 1 second(s)

2022-02-15 09:30:47 - [MESSAGE][PASSED] - Swiped from 360,853 to 360,142

2022-02-15 09:30:50 - [MESSAGE][PASSED] - Delayed 3 second(s)

2022-02-15 09:30:50 - [MESSAGE][PASSED] - startApp.OpenApp.terminateApplication is PASSED

2022-02-15 09:30:50 - [MESSAGE][PASSED] - Call Test Case 'Test Cases/Mobile/Page/Run App/Terminate App' successfully]]></system-out>
         <system-err><![CDATA[]]></system-err>
      </testcase>
      <testcase name="Test Cases/Mobile/Scenario/Portfolio/011 - Melihat list mutual fund" time="60.686" classname="Test Cases/Mobile/Scenario/Portfolio/011 - Melihat list mutual fund" status="PASSED">
         <system-out><![CDATA[2022-02-15 09:30:50 - [TEST_CASE][PASSED] - Test Cases/Mobile/Scenario/Portfolio/011 - Melihat list mutual fund: Test Cases/Mobile/Scenario/Portfolio/011 - Melihat list mutual fund

2022-02-15 09:30:50 - [TEST_STEP][PASSED] - callTestCase(findTestCase("Mobile/Page/Run App/Run App byID"), [:], STOP_ON_FAILURE): Call Test Case 'Test Cases/Mobile/Page/Run App/Run App byID' successfully

2022-02-15 09:30:50 - [TEST_CASE][PASSED] - Test Cases/Mobile/Page/Run App/Run App byID: Test Cases/Mobile/Page/Run App/Run App byID

2022-02-15 09:30:50 - [TEST_STEP][PASSED] - startApp.OpenApp.startApplication("id.co.miraeasset.sageclub"): startApp.OpenApp.startApplication is PASSED

2022-02-15 09:31:03 - [MESSAGE][PASSED] - Starting app with application ID: 'id.co.miraeasset.sageclub'

2022-02-15 09:31:03 - [MESSAGE][PASSED] - startApp.OpenApp.startApplication is PASSED

2022-02-15 09:31:03 - [MESSAGE][PASSED] - Call Test Case 'Test Cases/Mobile/Page/Run App/Run App byID' successfully

2022-02-15 09:31:03 - [TEST_STEP][PASSED] - callTestCase(findTestCase("Mobile/Page/Portfolio/Portfolio"), ["tab":"mutualfund", "action2":"none"], CONTINUE_ON_FAILURE): Call Test Case 'Test Cases/Mobile/Page/Portfolio/Portfolio' successfully

2022-02-15 09:31:03 - [TEST_CASE][PASSED] - Test Cases/Mobile/Page/Portfolio/Portfolio: Test Cases/Mobile/Page/Portfolio/Portfolio

2022-02-15 09:31:03 - [TEST_STEP][PASSED] - callTestCase(findTestCase("Mobile/Page/CheckLogin"), [:], CONTINUE_ON_FAILURE): Call Test Case 'Test Cases/Mobile/Page/CheckLogin' successfully

2022-02-15 09:31:03 - [TEST_CASE][PASSED] - Test Cases/Mobile/Page/CheckLogin: Test Cases/Mobile/Page/CheckLogin

2022-02-15 09:31:03 - [TEST_STEP][PASSED] - loginCheck = verifyElementExist(LOGN_BtnLogin, 5, CONTINUE_ON_FAILURE): Element 'Object Repository/Mobile/Page/Login/Button - Login' is exist

2022-02-15 09:31:05 - [MESSAGE][PASSED] - Element 'Object Repository/Mobile/Page/Login/Button - Login' is exist

2022-02-15 09:31:05 - [TEST_STEP][PASSED] - if (loginCheck): Call Test Case 'Test Cases/Mobile/Page/Login/Login' successfully

2022-02-15 09:31:05 - [TEST_STEP][PASSED] - callTestCase(findTestCase("Mobile/Page/Login/Login"), ["action":"username"], CONTINUE_ON_FAILURE): Call Test Case 'Test Cases/Mobile/Page/Login/Login' successfully

2022-02-15 09:31:05 - [TEST_CASE][PASSED] - Test Cases/Mobile/Page/Login/Login: Test Cases/Mobile/Page/Login/Login

2022-02-15 09:31:05 - [TEST_STEP][PASSED] - delay(2): Delayed 2 second(s)

2022-02-15 09:31:07 - [MESSAGE][PASSED] - Delayed 2 second(s)

2022-02-15 09:31:07 - [TEST_STEP][PASSED] - for ([i = 0, i < 1, (i++)]): null

2022-02-15 09:31:07 - [TEST_STEP][PASSED] - if (action == "username"): null

2022-02-15 09:31:07 - [TEST_STEP][PASSED] - tap(LOGN_EdtUserID, 0): Tapped on element 'Object Repository/Mobile/Page/Login/Input - UserID'

2022-02-15 09:31:07 - [MESSAGE][WARNING] - Timeout '0' is invalid. Using default page load timeout: '60'

2022-02-15 09:31:08 - [MESSAGE][PASSED] - Tapped on element 'Object Repository/Mobile/Page/Login/Input - UserID'

2022-02-15 09:31:08 - [TEST_STEP][PASSED] - delay(1): Delayed 1 second(s)

2022-02-15 09:31:09 - [MESSAGE][PASSED] - Delayed 1 second(s)

2022-02-15 09:31:09 - [TEST_STEP][PASSED] - setText(LOGN_EdtRdyUserID, "anggaaditya", 0): Text 'anggaaditya' has been set to element 'Object Repository/Mobile/Page/Login/Input Rdy - UserID'

2022-02-15 09:31:09 - [MESSAGE][WARNING] - Timeout '0' is invalid. Using default page load timeout: '60'

2022-02-15 09:31:10 - [MESSAGE][PASSED] - Text 'anggaaditya' has been set to element 'Object Repository/Mobile/Page/Login/Input Rdy - UserID'

2022-02-15 09:31:10 - [TEST_STEP][PASSED] - delay(1): Delayed 1 second(s)

2022-02-15 09:31:11 - [MESSAGE][PASSED] - Delayed 1 second(s)

2022-02-15 09:31:11 - [TEST_STEP][PASSED] - hideKeyboard(): Keyboard is hidden

2022-02-15 09:31:14 - [MESSAGE][PASSED] - Keyboard is hidden

2022-02-15 09:31:14 - [TEST_STEP][PASSED] - tap(LOGN_EdtPassword, 0): Tapped on element 'Object Repository/Mobile/Page/Login/Input - Password'

2022-02-15 09:31:14 - [MESSAGE][WARNING] - Timeout '0' is invalid. Using default page load timeout: '60'

2022-02-15 09:31:15 - [MESSAGE][PASSED] - Tapped on element 'Object Repository/Mobile/Page/Login/Input - Password'

2022-02-15 09:31:15 - [TEST_STEP][PASSED] - delay(1): Delayed 1 second(s)

2022-02-15 09:31:16 - [MESSAGE][PASSED] - Delayed 1 second(s)

2022-02-15 09:31:16 - [TEST_STEP][PASSED] - setText(LOGN_EdtRdyPassword, "Shalawa18", 0): Text 'Shalawa18' has been set to element 'Object Repository/Mobile/Page/Login/Input Rdy - Password'

2022-02-15 09:31:16 - [MESSAGE][WARNING] - Timeout '0' is invalid. Using default page load timeout: '60'

2022-02-15 09:31:16 - [MESSAGE][PASSED] - Text 'Shalawa18' has been set to element 'Object Repository/Mobile/Page/Login/Input Rdy - Password'

2022-02-15 09:31:16 - [TEST_STEP][PASSED] - delay(1): Delayed 1 second(s)

2022-02-15 09:31:17 - [MESSAGE][PASSED] - Delayed 1 second(s)

2022-02-15 09:31:17 - [TEST_STEP][PASSED] - hideKeyboard(): Keyboard is hidden

2022-02-15 09:31:23 - [MESSAGE][PASSED] - Keyboard is hidden

2022-02-15 09:31:23 - [TEST_STEP][PASSED] - tap(LOGN_BtnLogin, 0): Tapped on element 'Object Repository/Mobile/Page/Login/Button - Login'

2022-02-15 09:31:23 - [MESSAGE][WARNING] - Timeout '0' is invalid. Using default page load timeout: '60'

2022-02-15 09:31:24 - [MESSAGE][PASSED] - Tapped on element 'Object Repository/Mobile/Page/Login/Button - Login'

2022-02-15 09:31:24 - [TEST_STEP][PASSED] - delay(2): Delayed 2 second(s)

2022-02-15 09:31:26 - [MESSAGE][PASSED] - Delayed 2 second(s)

2022-02-15 09:31:26 - [TEST_STEP][PASSED] - break: null

2022-02-15 09:31:26 - [MESSAGE][PASSED] - Call Test Case 'Test Cases/Mobile/Page/Login/Login' successfully

2022-02-15 09:31:26 - [MESSAGE][PASSED] - Call Test Case 'Test Cases/Mobile/Page/CheckLogin' successfully

2022-02-15 09:31:26 - [TEST_STEP][PASSED] - tap(HOME_MenubarPortfolio, 0): Tapped on element 'Object Repository/Mobile/Page/Home/Menubar - Portfolio'

2022-02-15 09:31:26 - [MESSAGE][WARNING] - Timeout '0' is invalid. Using default page load timeout: '60'

2022-02-15 09:31:27 - [MESSAGE][PASSED] - Tapped on element 'Object Repository/Mobile/Page/Home/Menubar - Portfolio'

2022-02-15 09:31:27 - [TEST_STEP][PASSED] - delay(1): Delayed 1 second(s)

2022-02-15 09:31:28 - [MESSAGE][PASSED] - Delayed 1 second(s)

2022-02-15 09:31:28 - [TEST_STEP][PASSED] - for ([i = 0, i < 1, (i++)]): scroll.scroll.scrollScreenBottomToTop is PASSED

2022-02-15 09:31:28 - [TEST_STEP][PASSED] - if (tab == "summary"): null

2022-02-15 09:31:28 - [TEST_STEP][PASSED] - else if (tab == "stock"): null

2022-02-15 09:31:28 - [TEST_STEP][PASSED] - else if (tab == "mutualfund"): scroll.scroll.scrollScreenBottomToTop is PASSED

2022-02-15 09:31:28 - [TEST_STEP][PASSED] - tap(PORT_TabMutualFund, 0): Tapped on element 'Object Repository/Mobile/Page/Portfolio/Tab - Mutual Fund'

2022-02-15 09:31:28 - [MESSAGE][WARNING] - Timeout '0' is invalid. Using default page load timeout: '60'

2022-02-15 09:31:30 - [MESSAGE][PASSED] - Tapped on element 'Object Repository/Mobile/Page/Portfolio/Tab - Mutual Fund'

2022-02-15 09:31:30 - [TEST_STEP][PASSED] - delay(1): Delayed 1 second(s)

2022-02-15 09:31:31 - [MESSAGE][PASSED] - Delayed 1 second(s)

2022-02-15 09:31:31 - [TEST_STEP][PASSED] - try: scroll.scroll.scrollScreenBottomToTop is PASSED

2022-02-15 09:31:31 - [TEST_STEP][PASSED] - tapAndHold(PORT_ItemTopMutualFund, 1, 10): Tapped and held on element 'Object Repository/Mobile/Page/Portfolio/Item - Top Mutual Fund' with duration 1

2022-02-15 09:31:34 - [MESSAGE][PASSED] - Tapped and held on element 'Object Repository/Mobile/Page/Portfolio/Item - Top Mutual Fund' with duration 1

2022-02-15 09:31:34 - [TEST_STEP][PASSED] - delay(2): Delayed 2 second(s)

2022-02-15 09:31:36 - [MESSAGE][PASSED] - Delayed 2 second(s)

2022-02-15 09:31:36 - [TEST_STEP][PASSED] - switch (action2): null

2022-02-15 09:31:36 - [TEST_STEP][PASSED] - delay(3): Delayed 3 second(s)

2022-02-15 09:31:39 - [MESSAGE][PASSED] - Delayed 3 second(s)

2022-02-15 09:31:39 - [TEST_STEP][PASSED] - scroll.scroll.scrollScreenBottomToTop(): scroll.scroll.scrollScreenBottomToTop is PASSED

2022-02-15 09:31:39 - [MESSAGE][PASSED] - Current device physical height is 1423

2022-02-15 09:31:39 - [MESSAGE][PASSED] - Current device physical width is 720

2022-02-15 09:31:40 - [MESSAGE][PASSED] - Swiped from 360,1,138 to 360,284

2022-02-15 09:31:40 - [MESSAGE][PASSED] - scroll.scroll.scrollScreenBottomToTop is PASSED

2022-02-15 09:31:40 - [MESSAGE][PASSED] - Call Test Case 'Test Cases/Mobile/Page/Portfolio/Portfolio' successfully

2022-02-15 09:31:40 - [TEST_STEP][PASSED] - callTestCase(findTestCase("Mobile/Page/Run App/Terminate App"), [:], STOP_ON_FAILURE): Call Test Case 'Test Cases/Mobile/Page/Run App/Terminate App' successfully

2022-02-15 09:31:40 - [TEST_CASE][PASSED] - Test Cases/Mobile/Page/Run App/Terminate App: Test Cases/Mobile/Page/Run App/Terminate App

2022-02-15 09:31:40 - [TEST_STEP][PASSED] - startApp.OpenApp.terminateApplication(): startApp.OpenApp.terminateApplication is PASSED

2022-02-15 09:31:43 - [MESSAGE][PASSED] - Delayed 3 second(s)

2022-02-15 09:31:44 - [MESSAGE][PASSED] - Current device physical width is 720

2022-02-15 09:31:44 - [MESSAGE][PASSED] - Current device physical height is 1423

2022-02-15 09:31:45 - [MESSAGE][PASSED] - Swiped from 360,853 to 360,142

2022-02-15 09:31:46 - [MESSAGE][PASSED] - Delayed 1 second(s)

2022-02-15 09:31:47 - [MESSAGE][PASSED] - Swiped from 360,853 to 360,142

2022-02-15 09:31:50 - [MESSAGE][PASSED] - Delayed 3 second(s)

2022-02-15 09:31:50 - [MESSAGE][PASSED] - startApp.OpenApp.terminateApplication is PASSED

2022-02-15 09:31:50 - [MESSAGE][PASSED] - Call Test Case 'Test Cases/Mobile/Page/Run App/Terminate App' successfully]]></system-out>
         <system-err><![CDATA[]]></system-err>
      </testcase>
      <testcase name="Test Cases/Mobile/Scenario/Portfolio/012 - Melihat list bond" time="55.666" classname="Test Cases/Mobile/Scenario/Portfolio/012 - Melihat list bond" status="PASSED">
         <system-out><![CDATA[2022-02-15 09:31:50 - [TEST_CASE][PASSED] - Test Cases/Mobile/Scenario/Portfolio/012 - Melihat list bond: Test Cases/Mobile/Scenario/Portfolio/012 - Melihat list bond

2022-02-15 09:31:51 - [TEST_STEP][PASSED] - callTestCase(findTestCase("Mobile/Page/Run App/Run App byID"), [:], STOP_ON_FAILURE): Call Test Case 'Test Cases/Mobile/Page/Run App/Run App byID' successfully

2022-02-15 09:31:51 - [TEST_CASE][PASSED] - Test Cases/Mobile/Page/Run App/Run App byID: Test Cases/Mobile/Page/Run App/Run App byID

2022-02-15 09:31:51 - [TEST_STEP][PASSED] - startApp.OpenApp.startApplication("id.co.miraeasset.sageclub"): startApp.OpenApp.startApplication is PASSED

2022-02-15 09:32:03 - [MESSAGE][PASSED] - Starting app with application ID: 'id.co.miraeasset.sageclub'

2022-02-15 09:32:03 - [MESSAGE][PASSED] - startApp.OpenApp.startApplication is PASSED

2022-02-15 09:32:03 - [MESSAGE][PASSED] - Call Test Case 'Test Cases/Mobile/Page/Run App/Run App byID' successfully

2022-02-15 09:32:03 - [TEST_STEP][PASSED] - callTestCase(findTestCase("Mobile/Page/Portfolio/Portfolio"), ["tab":"stock", "action":"none"], CONTINUE_ON_FAILURE): Call Test Case 'Test Cases/Mobile/Page/Portfolio/Portfolio' successfully

2022-02-15 09:32:03 - [TEST_CASE][PASSED] - Test Cases/Mobile/Page/Portfolio/Portfolio: Test Cases/Mobile/Page/Portfolio/Portfolio

2022-02-15 09:32:04 - [TEST_STEP][PASSED] - callTestCase(findTestCase("Mobile/Page/CheckLogin"), [:], CONTINUE_ON_FAILURE): Call Test Case 'Test Cases/Mobile/Page/CheckLogin' successfully

2022-02-15 09:32:04 - [TEST_CASE][PASSED] - Test Cases/Mobile/Page/CheckLogin: Test Cases/Mobile/Page/CheckLogin

2022-02-15 09:32:04 - [TEST_STEP][PASSED] - loginCheck = verifyElementExist(LOGN_BtnLogin, 5, CONTINUE_ON_FAILURE): Element 'Object Repository/Mobile/Page/Login/Button - Login' is exist

2022-02-15 09:32:05 - [MESSAGE][PASSED] - Element 'Object Repository/Mobile/Page/Login/Button - Login' is exist

2022-02-15 09:32:05 - [TEST_STEP][PASSED] - if (loginCheck): Call Test Case 'Test Cases/Mobile/Page/Login/Login' successfully

2022-02-15 09:32:05 - [TEST_STEP][PASSED] - callTestCase(findTestCase("Mobile/Page/Login/Login"), ["action":"username"], CONTINUE_ON_FAILURE): Call Test Case 'Test Cases/Mobile/Page/Login/Login' successfully

2022-02-15 09:32:05 - [TEST_CASE][PASSED] - Test Cases/Mobile/Page/Login/Login: Test Cases/Mobile/Page/Login/Login

2022-02-15 09:32:05 - [TEST_STEP][PASSED] - delay(2): Delayed 2 second(s)

2022-02-15 09:32:07 - [MESSAGE][PASSED] - Delayed 2 second(s)

2022-02-15 09:32:07 - [TEST_STEP][PASSED] - for ([i = 0, i < 1, (i++)]): null

2022-02-15 09:32:07 - [TEST_STEP][PASSED] - if (action == "username"): null

2022-02-15 09:32:07 - [TEST_STEP][PASSED] - tap(LOGN_EdtUserID, 0): Tapped on element 'Object Repository/Mobile/Page/Login/Input - UserID'

2022-02-15 09:32:07 - [MESSAGE][WARNING] - Timeout '0' is invalid. Using default page load timeout: '60'

2022-02-15 09:32:08 - [MESSAGE][PASSED] - Tapped on element 'Object Repository/Mobile/Page/Login/Input - UserID'

2022-02-15 09:32:08 - [TEST_STEP][PASSED] - delay(1): Delayed 1 second(s)

2022-02-15 09:32:09 - [MESSAGE][PASSED] - Delayed 1 second(s)

2022-02-15 09:32:09 - [TEST_STEP][PASSED] - setText(LOGN_EdtRdyUserID, "anggaaditya", 0): Text 'anggaaditya' has been set to element 'Object Repository/Mobile/Page/Login/Input Rdy - UserID'

2022-02-15 09:32:09 - [MESSAGE][WARNING] - Timeout '0' is invalid. Using default page load timeout: '60'

2022-02-15 09:32:09 - [MESSAGE][PASSED] - Text 'anggaaditya' has been set to element 'Object Repository/Mobile/Page/Login/Input Rdy - UserID'

2022-02-15 09:32:09 - [TEST_STEP][PASSED] - delay(1): Delayed 1 second(s)

2022-02-15 09:32:10 - [MESSAGE][PASSED] - Delayed 1 second(s)

2022-02-15 09:32:10 - [TEST_STEP][PASSED] - hideKeyboard(): Keyboard is hidden

2022-02-15 09:32:14 - [MESSAGE][PASSED] - Keyboard is hidden

2022-02-15 09:32:14 - [TEST_STEP][PASSED] - tap(LOGN_EdtPassword, 0): Tapped on element 'Object Repository/Mobile/Page/Login/Input - Password'

2022-02-15 09:32:14 - [MESSAGE][WARNING] - Timeout '0' is invalid. Using default page load timeout: '60'

2022-02-15 09:32:14 - [MESSAGE][PASSED] - Tapped on element 'Object Repository/Mobile/Page/Login/Input - Password'

2022-02-15 09:32:14 - [TEST_STEP][PASSED] - delay(1): Delayed 1 second(s)

2022-02-15 09:32:15 - [MESSAGE][PASSED] - Delayed 1 second(s)

2022-02-15 09:32:15 - [TEST_STEP][PASSED] - setText(LOGN_EdtRdyPassword, "Shalawa18", 0): Text 'Shalawa18' has been set to element 'Object Repository/Mobile/Page/Login/Input Rdy - Password'

2022-02-15 09:32:15 - [MESSAGE][WARNING] - Timeout '0' is invalid. Using default page load timeout: '60'

2022-02-15 09:32:16 - [MESSAGE][PASSED] - Text 'Shalawa18' has been set to element 'Object Repository/Mobile/Page/Login/Input Rdy - Password'

2022-02-15 09:32:16 - [TEST_STEP][PASSED] - delay(1): Delayed 1 second(s)

2022-02-15 09:32:17 - [MESSAGE][PASSED] - Delayed 1 second(s)

2022-02-15 09:32:17 - [TEST_STEP][PASSED] - hideKeyboard(): Keyboard is hidden

2022-02-15 09:32:25 - [MESSAGE][PASSED] - Keyboard is hidden

2022-02-15 09:32:25 - [TEST_STEP][PASSED] - tap(LOGN_BtnLogin, 0): Tapped on element 'Object Repository/Mobile/Page/Login/Button - Login'

2022-02-15 09:32:25 - [MESSAGE][WARNING] - Timeout '0' is invalid. Using default page load timeout: '60'

2022-02-15 09:32:26 - [MESSAGE][PASSED] - Tapped on element 'Object Repository/Mobile/Page/Login/Button - Login'

2022-02-15 09:32:26 - [TEST_STEP][PASSED] - delay(2): Delayed 2 second(s)

2022-02-15 09:32:28 - [MESSAGE][PASSED] - Delayed 2 second(s)

2022-02-15 09:32:28 - [TEST_STEP][PASSED] - break: null

2022-02-15 09:32:28 - [MESSAGE][PASSED] - Call Test Case 'Test Cases/Mobile/Page/Login/Login' successfully

2022-02-15 09:32:28 - [MESSAGE][PASSED] - Call Test Case 'Test Cases/Mobile/Page/CheckLogin' successfully

2022-02-15 09:32:28 - [TEST_STEP][PASSED] - tap(HOME_MenubarPortfolio, 0): Tapped on element 'Object Repository/Mobile/Page/Home/Menubar - Portfolio'

2022-02-15 09:32:28 - [MESSAGE][WARNING] - Timeout '0' is invalid. Using default page load timeout: '60'

2022-02-15 09:32:29 - [MESSAGE][PASSED] - Tapped on element 'Object Repository/Mobile/Page/Home/Menubar - Portfolio'

2022-02-15 09:32:29 - [TEST_STEP][PASSED] - delay(1): Delayed 1 second(s)

2022-02-15 09:32:30 - [MESSAGE][PASSED] - Delayed 1 second(s)

2022-02-15 09:32:30 - [TEST_STEP][PASSED] - for ([i = 0, i < 1, (i++)]): Delayed 3 second(s)

2022-02-15 09:32:30 - [TEST_STEP][PASSED] - if (tab == "summary"): null

2022-02-15 09:32:30 - [TEST_STEP][PASSED] - else if (tab == "stock"): Delayed 3 second(s)

2022-02-15 09:32:30 - [TEST_STEP][PASSED] - tap(PORT_TabStock, 0): Tapped on element 'Object Repository/Mobile/Page/Portfolio/Tab - Stock'

2022-02-15 09:32:30 - [MESSAGE][WARNING] - Timeout '0' is invalid. Using default page load timeout: '60'

2022-02-15 09:32:31 - [MESSAGE][PASSED] - Tapped on element 'Object Repository/Mobile/Page/Portfolio/Tab - Stock'

2022-02-15 09:32:31 - [TEST_STEP][PASSED] - scroll.scroll.scrollScreenBottomToTop(): scroll.scroll.scrollScreenBottomToTop is PASSED

2022-02-15 09:32:31 - [MESSAGE][PASSED] - Current device physical height is 1423

2022-02-15 09:32:32 - [MESSAGE][PASSED] - Current device physical width is 720

2022-02-15 09:32:33 - [MESSAGE][PASSED] - Swiped from 360,1,138 to 360,284

2022-02-15 09:32:33 - [MESSAGE][PASSED] - scroll.scroll.scrollScreenBottomToTop is PASSED

2022-02-15 09:32:33 - [TEST_STEP][PASSED] - delay(3): Delayed 3 second(s)

2022-02-15 09:32:36 - [MESSAGE][PASSED] - Delayed 3 second(s)

2022-02-15 09:32:36 - [MESSAGE][PASSED] - Call Test Case 'Test Cases/Mobile/Page/Portfolio/Portfolio' successfully

2022-02-15 09:32:36 - [TEST_STEP][PASSED] - callTestCase(findTestCase("Mobile/Page/Run App/Terminate App"), [:], STOP_ON_FAILURE): Call Test Case 'Test Cases/Mobile/Page/Run App/Terminate App' successfully

2022-02-15 09:32:36 - [TEST_CASE][PASSED] - Test Cases/Mobile/Page/Run App/Terminate App: Test Cases/Mobile/Page/Run App/Terminate App

2022-02-15 09:32:36 - [TEST_STEP][PASSED] - startApp.OpenApp.terminateApplication(): startApp.OpenApp.terminateApplication is PASSED

2022-02-15 09:32:39 - [MESSAGE][PASSED] - Delayed 3 second(s)

2022-02-15 09:32:39 - [MESSAGE][PASSED] - Current device physical width is 720

2022-02-15 09:32:39 - [MESSAGE][PASSED] - Current device physical height is 1423

2022-02-15 09:32:41 - [MESSAGE][PASSED] - Swiped from 360,853 to 360,142

2022-02-15 09:32:42 - [MESSAGE][PASSED] - Delayed 1 second(s)

2022-02-15 09:32:43 - [MESSAGE][PASSED] - Swiped from 360,853 to 360,142

2022-02-15 09:32:46 - [MESSAGE][PASSED] - Delayed 3 second(s)

2022-02-15 09:32:46 - [MESSAGE][PASSED] - startApp.OpenApp.terminateApplication is PASSED

2022-02-15 09:32:46 - [MESSAGE][PASSED] - Call Test Case 'Test Cases/Mobile/Page/Run App/Terminate App' successfully]]></system-out>
         <system-err><![CDATA[]]></system-err>
      </testcase>
      <testcase name="Test Cases/Mobile/Scenario/Portfolio/013 - Melihat detail mutual fund 1 month" time="63.69" classname="Test Cases/Mobile/Scenario/Portfolio/013 - Melihat detail mutual fund 1 month" status="PASSED">
         <system-out><![CDATA[2022-02-15 09:32:46 - [TEST_CASE][PASSED] - Test Cases/Mobile/Scenario/Portfolio/013 - Melihat detail mutual fund 1 month: Test Cases/Mobile/Scenario/Portfolio/013 - Melihat detail mutual fund 1 month

2022-02-15 09:32:47 - [TEST_STEP][PASSED] - callTestCase(findTestCase("Mobile/Page/Run App/Run App byID"), [:], STOP_ON_FAILURE): Call Test Case 'Test Cases/Mobile/Page/Run App/Run App byID' successfully

2022-02-15 09:32:47 - [TEST_CASE][PASSED] - Test Cases/Mobile/Page/Run App/Run App byID: Test Cases/Mobile/Page/Run App/Run App byID

2022-02-15 09:32:47 - [TEST_STEP][PASSED] - startApp.OpenApp.startApplication("id.co.miraeasset.sageclub"): startApp.OpenApp.startApplication is PASSED

2022-02-15 09:33:00 - [MESSAGE][PASSED] - Starting app with application ID: 'id.co.miraeasset.sageclub'

2022-02-15 09:33:00 - [MESSAGE][PASSED] - startApp.OpenApp.startApplication is PASSED

2022-02-15 09:33:00 - [MESSAGE][PASSED] - Call Test Case 'Test Cases/Mobile/Page/Run App/Run App byID' successfully

2022-02-15 09:33:00 - [TEST_STEP][PASSED] - callTestCase(findTestCase("Mobile/Page/Portfolio/Portfolio"), ["tab":"mutualfund", "action2":"1 month"], CONTINUE_ON_FAILURE): Call Test Case 'Test Cases/Mobile/Page/Portfolio/Portfolio' successfully

2022-02-15 09:33:00 - [TEST_CASE][PASSED] - Test Cases/Mobile/Page/Portfolio/Portfolio: Test Cases/Mobile/Page/Portfolio/Portfolio

2022-02-15 09:33:00 - [TEST_STEP][PASSED] - callTestCase(findTestCase("Mobile/Page/CheckLogin"), [:], CONTINUE_ON_FAILURE): Call Test Case 'Test Cases/Mobile/Page/CheckLogin' successfully

2022-02-15 09:33:00 - [TEST_CASE][PASSED] - Test Cases/Mobile/Page/CheckLogin: Test Cases/Mobile/Page/CheckLogin

2022-02-15 09:33:00 - [TEST_STEP][PASSED] - loginCheck = verifyElementExist(LOGN_BtnLogin, 5, CONTINUE_ON_FAILURE): Element 'Object Repository/Mobile/Page/Login/Button - Login' is exist

2022-02-15 09:33:02 - [MESSAGE][PASSED] - Element 'Object Repository/Mobile/Page/Login/Button - Login' is exist

2022-02-15 09:33:02 - [TEST_STEP][PASSED] - if (loginCheck): Call Test Case 'Test Cases/Mobile/Page/Login/Login' successfully

2022-02-15 09:33:02 - [TEST_STEP][PASSED] - callTestCase(findTestCase("Mobile/Page/Login/Login"), ["action":"username"], CONTINUE_ON_FAILURE): Call Test Case 'Test Cases/Mobile/Page/Login/Login' successfully

2022-02-15 09:33:02 - [TEST_CASE][PASSED] - Test Cases/Mobile/Page/Login/Login: Test Cases/Mobile/Page/Login/Login

2022-02-15 09:33:02 - [TEST_STEP][PASSED] - delay(2): Delayed 2 second(s)

2022-02-15 09:33:04 - [MESSAGE][PASSED] - Delayed 2 second(s)

2022-02-15 09:33:04 - [TEST_STEP][PASSED] - for ([i = 0, i < 1, (i++)]): null

2022-02-15 09:33:04 - [TEST_STEP][PASSED] - if (action == "username"): null

2022-02-15 09:33:04 - [TEST_STEP][PASSED] - tap(LOGN_EdtUserID, 0): Tapped on element 'Object Repository/Mobile/Page/Login/Input - UserID'

2022-02-15 09:33:04 - [MESSAGE][WARNING] - Timeout '0' is invalid. Using default page load timeout: '60'

2022-02-15 09:33:05 - [MESSAGE][PASSED] - Tapped on element 'Object Repository/Mobile/Page/Login/Input - UserID'

2022-02-15 09:33:05 - [TEST_STEP][PASSED] - delay(1): Delayed 1 second(s)

2022-02-15 09:33:06 - [MESSAGE][PASSED] - Delayed 1 second(s)

2022-02-15 09:33:06 - [TEST_STEP][PASSED] - setText(LOGN_EdtRdyUserID, "anggaaditya", 0): Text 'anggaaditya' has been set to element 'Object Repository/Mobile/Page/Login/Input Rdy - UserID'

2022-02-15 09:33:06 - [MESSAGE][WARNING] - Timeout '0' is invalid. Using default page load timeout: '60'

2022-02-15 09:33:06 - [MESSAGE][PASSED] - Text 'anggaaditya' has been set to element 'Object Repository/Mobile/Page/Login/Input Rdy - UserID'

2022-02-15 09:33:06 - [TEST_STEP][PASSED] - delay(1): Delayed 1 second(s)

2022-02-15 09:33:07 - [MESSAGE][PASSED] - Delayed 1 second(s)

2022-02-15 09:33:07 - [TEST_STEP][PASSED] - hideKeyboard(): Keyboard is hidden

2022-02-15 09:33:11 - [MESSAGE][PASSED] - Keyboard is hidden

2022-02-15 09:33:11 - [TEST_STEP][PASSED] - tap(LOGN_EdtPassword, 0): Tapped on element 'Object Repository/Mobile/Page/Login/Input - Password'

2022-02-15 09:33:11 - [MESSAGE][WARNING] - Timeout '0' is invalid. Using default page load timeout: '60'

2022-02-15 09:33:11 - [MESSAGE][PASSED] - Tapped on element 'Object Repository/Mobile/Page/Login/Input - Password'

2022-02-15 09:33:11 - [TEST_STEP][PASSED] - delay(1): Delayed 1 second(s)

2022-02-15 09:33:12 - [MESSAGE][PASSED] - Delayed 1 second(s)

2022-02-15 09:33:12 - [TEST_STEP][PASSED] - setText(LOGN_EdtRdyPassword, "Shalawa18", 0): Text 'Shalawa18' has been set to element 'Object Repository/Mobile/Page/Login/Input Rdy - Password'

2022-02-15 09:33:12 - [MESSAGE][WARNING] - Timeout '0' is invalid. Using default page load timeout: '60'

2022-02-15 09:33:13 - [MESSAGE][PASSED] - Text 'Shalawa18' has been set to element 'Object Repository/Mobile/Page/Login/Input Rdy - Password'

2022-02-15 09:33:13 - [TEST_STEP][PASSED] - delay(1): Delayed 1 second(s)

2022-02-15 09:33:14 - [MESSAGE][PASSED] - Delayed 1 second(s)

2022-02-15 09:33:14 - [TEST_STEP][PASSED] - hideKeyboard(): Keyboard is hidden

2022-02-15 09:33:20 - [MESSAGE][PASSED] - Keyboard is hidden

2022-02-15 09:33:20 - [TEST_STEP][PASSED] - tap(LOGN_BtnLogin, 0): Tapped on element 'Object Repository/Mobile/Page/Login/Button - Login'

2022-02-15 09:33:20 - [MESSAGE][WARNING] - Timeout '0' is invalid. Using default page load timeout: '60'

2022-02-15 09:33:21 - [MESSAGE][PASSED] - Tapped on element 'Object Repository/Mobile/Page/Login/Button - Login'

2022-02-15 09:33:21 - [TEST_STEP][PASSED] - delay(2): Delayed 2 second(s)

2022-02-15 09:33:23 - [MESSAGE][PASSED] - Delayed 2 second(s)

2022-02-15 09:33:23 - [TEST_STEP][PASSED] - break: null

2022-02-15 09:33:23 - [MESSAGE][PASSED] - Call Test Case 'Test Cases/Mobile/Page/Login/Login' successfully

2022-02-15 09:33:23 - [MESSAGE][PASSED] - Call Test Case 'Test Cases/Mobile/Page/CheckLogin' successfully

2022-02-15 09:33:23 - [TEST_STEP][PASSED] - tap(HOME_MenubarPortfolio, 0): Tapped on element 'Object Repository/Mobile/Page/Home/Menubar - Portfolio'

2022-02-15 09:33:23 - [MESSAGE][WARNING] - Timeout '0' is invalid. Using default page load timeout: '60'

2022-02-15 09:33:24 - [MESSAGE][PASSED] - Tapped on element 'Object Repository/Mobile/Page/Home/Menubar - Portfolio'

2022-02-15 09:33:24 - [TEST_STEP][PASSED] - delay(1): Delayed 1 second(s)

2022-02-15 09:33:25 - [MESSAGE][PASSED] - Delayed 1 second(s)

2022-02-15 09:33:25 - [TEST_STEP][PASSED] - for ([i = 0, i < 1, (i++)]): scroll.scroll.scrollScreenBottomToTop is PASSED

2022-02-15 09:33:25 - [TEST_STEP][PASSED] - if (tab == "summary"): null

2022-02-15 09:33:25 - [TEST_STEP][PASSED] - else if (tab == "stock"): null

2022-02-15 09:33:25 - [TEST_STEP][PASSED] - else if (tab == "mutualfund"): scroll.scroll.scrollScreenBottomToTop is PASSED

2022-02-15 09:33:25 - [TEST_STEP][PASSED] - tap(PORT_TabMutualFund, 0): Tapped on element 'Object Repository/Mobile/Page/Portfolio/Tab - Mutual Fund'

2022-02-15 09:33:25 - [MESSAGE][WARNING] - Timeout '0' is invalid. Using default page load timeout: '60'

2022-02-15 09:33:26 - [MESSAGE][PASSED] - Tapped on element 'Object Repository/Mobile/Page/Portfolio/Tab - Mutual Fund'

2022-02-15 09:33:26 - [TEST_STEP][PASSED] - delay(1): Delayed 1 second(s)

2022-02-15 09:33:27 - [MESSAGE][PASSED] - Delayed 1 second(s)

2022-02-15 09:33:27 - [TEST_STEP][PASSED] - try: scroll.scroll.scrollScreenBottomToTop is PASSED

2022-02-15 09:33:27 - [TEST_STEP][PASSED] - tapAndHold(PORT_ItemTopMutualFund, 1, 10): Tapped and held on element 'Object Repository/Mobile/Page/Portfolio/Item - Top Mutual Fund' with duration 1

2022-02-15 09:33:30 - [MESSAGE][PASSED] - Tapped and held on element 'Object Repository/Mobile/Page/Portfolio/Item - Top Mutual Fund' with duration 1

2022-02-15 09:33:30 - [TEST_STEP][PASSED] - delay(2): Delayed 2 second(s)

2022-02-15 09:33:32 - [MESSAGE][PASSED] - Delayed 2 second(s)

2022-02-15 09:33:32 - [TEST_STEP][PASSED] - switch (action2): null

2022-02-15 09:33:32 - [TEST_STEP][PASSED] - case "1 month":: null

2022-02-15 09:33:32 - [TEST_STEP][PASSED] - tapAndHold(PORT_DETL_Btn1Month, 1, 0): Tapped and held on element 'Object Repository/Mobile/Page/Portfolio/Detail Mutual Funds/Button - 1 Month' with duration 1

2022-02-15 09:33:32 - [MESSAGE][WARNING] - Timeout '0' is invalid. Using default page load timeout: '60'

2022-02-15 09:33:35 - [MESSAGE][PASSED] - Tapped and held on element 'Object Repository/Mobile/Page/Portfolio/Detail Mutual Funds/Button - 1 Month' with duration 1

2022-02-15 09:33:35 - [TEST_STEP][PASSED] - break: null

2022-02-15 09:33:35 - [TEST_STEP][PASSED] - delay(3): Delayed 3 second(s)

2022-02-15 09:33:38 - [MESSAGE][PASSED] - Delayed 3 second(s)

2022-02-15 09:33:38 - [TEST_STEP][PASSED] - scroll.scroll.scrollScreenBottomToTop(): scroll.scroll.scrollScreenBottomToTop is PASSED

2022-02-15 09:33:38 - [MESSAGE][PASSED] - Current device physical height is 1423

2022-02-15 09:33:39 - [MESSAGE][PASSED] - Current device physical width is 720

2022-02-15 09:33:40 - [MESSAGE][PASSED] - Swiped from 360,1,138 to 360,284

2022-02-15 09:33:40 - [MESSAGE][PASSED] - scroll.scroll.scrollScreenBottomToTop is PASSED

2022-02-15 09:33:40 - [MESSAGE][PASSED] - Call Test Case 'Test Cases/Mobile/Page/Portfolio/Portfolio' successfully

2022-02-15 09:33:40 - [TEST_STEP][PASSED] - callTestCase(findTestCase("Mobile/Page/Run App/Terminate App"), [:], STOP_ON_FAILURE): Call Test Case 'Test Cases/Mobile/Page/Run App/Terminate App' successfully

2022-02-15 09:33:40 - [TEST_CASE][PASSED] - Test Cases/Mobile/Page/Run App/Terminate App: Test Cases/Mobile/Page/Run App/Terminate App

2022-02-15 09:33:40 - [TEST_STEP][PASSED] - startApp.OpenApp.terminateApplication(): startApp.OpenApp.terminateApplication is PASSED

2022-02-15 09:33:43 - [MESSAGE][PASSED] - Delayed 3 second(s)

2022-02-15 09:33:43 - [MESSAGE][PASSED] - Current device physical width is 720

2022-02-15 09:33:43 - [MESSAGE][PASSED] - Current device physical height is 1423

2022-02-15 09:33:45 - [MESSAGE][PASSED] - Swiped from 360,853 to 360,142

2022-02-15 09:33:46 - [MESSAGE][PASSED] - Delayed 1 second(s)

2022-02-15 09:33:47 - [MESSAGE][PASSED] - Swiped from 360,853 to 360,142

2022-02-15 09:33:50 - [MESSAGE][PASSED] - Delayed 3 second(s)

2022-02-15 09:33:50 - [MESSAGE][PASSED] - startApp.OpenApp.terminateApplication is PASSED

2022-02-15 09:33:50 - [MESSAGE][PASSED] - Call Test Case 'Test Cases/Mobile/Page/Run App/Terminate App' successfully]]></system-out>
         <system-err><![CDATA[]]></system-err>
      </testcase>
      <testcase name="Test Cases/Mobile/Scenario/Portfolio/014 - Melihat detail mutual fund 3 month" time="63.367" classname="Test Cases/Mobile/Scenario/Portfolio/014 - Melihat detail mutual fund 3 month" status="PASSED">
         <system-out><![CDATA[2022-02-15 09:33:50 - [TEST_CASE][PASSED] - Test Cases/Mobile/Scenario/Portfolio/014 - Melihat detail mutual fund 3 month: Test Cases/Mobile/Scenario/Portfolio/014 - Melihat detail mutual fund 3 month

2022-02-15 09:33:50 - [TEST_STEP][PASSED] - callTestCase(findTestCase("Mobile/Page/Run App/Run App byID"), [:], STOP_ON_FAILURE): Call Test Case 'Test Cases/Mobile/Page/Run App/Run App byID' successfully

2022-02-15 09:33:50 - [TEST_CASE][PASSED] - Test Cases/Mobile/Page/Run App/Run App byID: Test Cases/Mobile/Page/Run App/Run App byID

2022-02-15 09:33:50 - [TEST_STEP][PASSED] - startApp.OpenApp.startApplication("id.co.miraeasset.sageclub"): startApp.OpenApp.startApplication is PASSED

2022-02-15 09:34:03 - [MESSAGE][PASSED] - Starting app with application ID: 'id.co.miraeasset.sageclub'

2022-02-15 09:34:03 - [MESSAGE][PASSED] - startApp.OpenApp.startApplication is PASSED

2022-02-15 09:34:03 - [MESSAGE][PASSED] - Call Test Case 'Test Cases/Mobile/Page/Run App/Run App byID' successfully

2022-02-15 09:34:03 - [TEST_STEP][PASSED] - callTestCase(findTestCase("Mobile/Page/Portfolio/Portfolio"), ["tab":"mutualfund", "action2":"3 month"], CONTINUE_ON_FAILURE): Call Test Case 'Test Cases/Mobile/Page/Portfolio/Portfolio' successfully

2022-02-15 09:34:03 - [TEST_CASE][PASSED] - Test Cases/Mobile/Page/Portfolio/Portfolio: Test Cases/Mobile/Page/Portfolio/Portfolio

2022-02-15 09:34:03 - [TEST_STEP][PASSED] - callTestCase(findTestCase("Mobile/Page/CheckLogin"), [:], CONTINUE_ON_FAILURE): Call Test Case 'Test Cases/Mobile/Page/CheckLogin' successfully

2022-02-15 09:34:04 - [TEST_CASE][PASSED] - Test Cases/Mobile/Page/CheckLogin: Test Cases/Mobile/Page/CheckLogin

2022-02-15 09:34:04 - [TEST_STEP][PASSED] - loginCheck = verifyElementExist(LOGN_BtnLogin, 5, CONTINUE_ON_FAILURE): Element 'Object Repository/Mobile/Page/Login/Button - Login' is exist

2022-02-15 09:34:05 - [MESSAGE][PASSED] - Element 'Object Repository/Mobile/Page/Login/Button - Login' is exist

2022-02-15 09:34:05 - [TEST_STEP][PASSED] - if (loginCheck): Call Test Case 'Test Cases/Mobile/Page/Login/Login' successfully

2022-02-15 09:34:05 - [TEST_STEP][PASSED] - callTestCase(findTestCase("Mobile/Page/Login/Login"), ["action":"username"], CONTINUE_ON_FAILURE): Call Test Case 'Test Cases/Mobile/Page/Login/Login' successfully

2022-02-15 09:34:05 - [TEST_CASE][PASSED] - Test Cases/Mobile/Page/Login/Login: Test Cases/Mobile/Page/Login/Login

2022-02-15 09:34:05 - [TEST_STEP][PASSED] - delay(2): Delayed 2 second(s)

2022-02-15 09:34:08 - [MESSAGE][PASSED] - Delayed 2 second(s)

2022-02-15 09:34:08 - [TEST_STEP][PASSED] - for ([i = 0, i < 1, (i++)]): null

2022-02-15 09:34:08 - [TEST_STEP][PASSED] - if (action == "username"): null

2022-02-15 09:34:08 - [TEST_STEP][PASSED] - tap(LOGN_EdtUserID, 0): Tapped on element 'Object Repository/Mobile/Page/Login/Input - UserID'

2022-02-15 09:34:08 - [MESSAGE][WARNING] - Timeout '0' is invalid. Using default page load timeout: '60'

2022-02-15 09:34:08 - [MESSAGE][PASSED] - Tapped on element 'Object Repository/Mobile/Page/Login/Input - UserID'

2022-02-15 09:34:08 - [TEST_STEP][PASSED] - delay(1): Delayed 1 second(s)

2022-02-15 09:34:09 - [MESSAGE][PASSED] - Delayed 1 second(s)

2022-02-15 09:34:09 - [TEST_STEP][PASSED] - setText(LOGN_EdtRdyUserID, "anggaaditya", 0): Text 'anggaaditya' has been set to element 'Object Repository/Mobile/Page/Login/Input Rdy - UserID'

2022-02-15 09:34:09 - [MESSAGE][WARNING] - Timeout '0' is invalid. Using default page load timeout: '60'

2022-02-15 09:34:10 - [MESSAGE][PASSED] - Text 'anggaaditya' has been set to element 'Object Repository/Mobile/Page/Login/Input Rdy - UserID'

2022-02-15 09:34:10 - [TEST_STEP][PASSED] - delay(1): Delayed 1 second(s)

2022-02-15 09:34:11 - [MESSAGE][PASSED] - Delayed 1 second(s)

2022-02-15 09:34:11 - [TEST_STEP][PASSED] - hideKeyboard(): Keyboard is hidden

2022-02-15 09:34:14 - [MESSAGE][PASSED] - Keyboard is hidden

2022-02-15 09:34:14 - [TEST_STEP][PASSED] - tap(LOGN_EdtPassword, 0): Tapped on element 'Object Repository/Mobile/Page/Login/Input - Password'

2022-02-15 09:34:14 - [MESSAGE][WARNING] - Timeout '0' is invalid. Using default page load timeout: '60'

2022-02-15 09:34:15 - [MESSAGE][PASSED] - Tapped on element 'Object Repository/Mobile/Page/Login/Input - Password'

2022-02-15 09:34:15 - [TEST_STEP][PASSED] - delay(1): Delayed 1 second(s)

2022-02-15 09:34:16 - [MESSAGE][PASSED] - Delayed 1 second(s)

2022-02-15 09:34:16 - [TEST_STEP][PASSED] - setText(LOGN_EdtRdyPassword, "Shalawa18", 0): Text 'Shalawa18' has been set to element 'Object Repository/Mobile/Page/Login/Input Rdy - Password'

2022-02-15 09:34:16 - [MESSAGE][WARNING] - Timeout '0' is invalid. Using default page load timeout: '60'

2022-02-15 09:34:16 - [MESSAGE][PASSED] - Text 'Shalawa18' has been set to element 'Object Repository/Mobile/Page/Login/Input Rdy - Password'

2022-02-15 09:34:16 - [TEST_STEP][PASSED] - delay(1): Delayed 1 second(s)

2022-02-15 09:34:17 - [MESSAGE][PASSED] - Delayed 1 second(s)

2022-02-15 09:34:17 - [TEST_STEP][PASSED] - hideKeyboard(): Keyboard is hidden

2022-02-15 09:34:23 - [MESSAGE][PASSED] - Keyboard is hidden

2022-02-15 09:34:23 - [TEST_STEP][PASSED] - tap(LOGN_BtnLogin, 0): Tapped on element 'Object Repository/Mobile/Page/Login/Button - Login'

2022-02-15 09:34:23 - [MESSAGE][WARNING] - Timeout '0' is invalid. Using default page load timeout: '60'

2022-02-15 09:34:24 - [MESSAGE][PASSED] - Tapped on element 'Object Repository/Mobile/Page/Login/Button - Login'

2022-02-15 09:34:24 - [TEST_STEP][PASSED] - delay(2): Delayed 2 second(s)

2022-02-15 09:34:26 - [MESSAGE][PASSED] - Delayed 2 second(s)

2022-02-15 09:34:26 - [TEST_STEP][PASSED] - break: null

2022-02-15 09:34:26 - [MESSAGE][PASSED] - Call Test Case 'Test Cases/Mobile/Page/Login/Login' successfully

2022-02-15 09:34:26 - [MESSAGE][PASSED] - Call Test Case 'Test Cases/Mobile/Page/CheckLogin' successfully

2022-02-15 09:34:26 - [TEST_STEP][PASSED] - tap(HOME_MenubarPortfolio, 0): Tapped on element 'Object Repository/Mobile/Page/Home/Menubar - Portfolio'

2022-02-15 09:34:26 - [MESSAGE][WARNING] - Timeout '0' is invalid. Using default page load timeout: '60'

2022-02-15 09:34:28 - [MESSAGE][PASSED] - Tapped on element 'Object Repository/Mobile/Page/Home/Menubar - Portfolio'

2022-02-15 09:34:28 - [TEST_STEP][PASSED] - delay(1): Delayed 1 second(s)

2022-02-15 09:34:29 - [MESSAGE][PASSED] - Delayed 1 second(s)

2022-02-15 09:34:29 - [TEST_STEP][PASSED] - for ([i = 0, i < 1, (i++)]): scroll.scroll.scrollScreenBottomToTop is PASSED

2022-02-15 09:34:29 - [TEST_STEP][PASSED] - if (tab == "summary"): null

2022-02-15 09:34:29 - [TEST_STEP][PASSED] - else if (tab == "stock"): null

2022-02-15 09:34:29 - [TEST_STEP][PASSED] - else if (tab == "mutualfund"): scroll.scroll.scrollScreenBottomToTop is PASSED

2022-02-15 09:34:29 - [TEST_STEP][PASSED] - tap(PORT_TabMutualFund, 0): Tapped on element 'Object Repository/Mobile/Page/Portfolio/Tab - Mutual Fund'

2022-02-15 09:34:29 - [MESSAGE][WARNING] - Timeout '0' is invalid. Using default page load timeout: '60'

2022-02-15 09:34:30 - [MESSAGE][PASSED] - Tapped on element 'Object Repository/Mobile/Page/Portfolio/Tab - Mutual Fund'

2022-02-15 09:34:30 - [TEST_STEP][PASSED] - delay(1): Delayed 1 second(s)

2022-02-15 09:34:31 - [MESSAGE][PASSED] - Delayed 1 second(s)

2022-02-15 09:34:31 - [TEST_STEP][PASSED] - try: scroll.scroll.scrollScreenBottomToTop is PASSED

2022-02-15 09:34:31 - [TEST_STEP][PASSED] - tapAndHold(PORT_ItemTopMutualFund, 1, 10): Tapped and held on element 'Object Repository/Mobile/Page/Portfolio/Item - Top Mutual Fund' with duration 1

2022-02-15 09:34:33 - [MESSAGE][PASSED] - Tapped and held on element 'Object Repository/Mobile/Page/Portfolio/Item - Top Mutual Fund' with duration 1

2022-02-15 09:34:33 - [TEST_STEP][PASSED] - delay(2): Delayed 2 second(s)

2022-02-15 09:34:35 - [MESSAGE][PASSED] - Delayed 2 second(s)

2022-02-15 09:34:35 - [TEST_STEP][PASSED] - switch (action2): null

2022-02-15 09:34:35 - [TEST_STEP][PASSED] - case "3 month":: null

2022-02-15 09:34:35 - [TEST_STEP][PASSED] - tapAndHold(PORT_DETL_Btn3Month, 1, 0): Tapped and held on element 'Object Repository/Mobile/Page/Portfolio/Detail Mutual Funds/Button - 3 Month' with duration 1

2022-02-15 09:34:35 - [MESSAGE][WARNING] - Timeout '0' is invalid. Using default page load timeout: '60'

2022-02-15 09:34:38 - [MESSAGE][PASSED] - Tapped and held on element 'Object Repository/Mobile/Page/Portfolio/Detail Mutual Funds/Button - 3 Month' with duration 1

2022-02-15 09:34:38 - [TEST_STEP][PASSED] - break: null

2022-02-15 09:34:38 - [TEST_STEP][PASSED] - delay(3): Delayed 3 second(s)

2022-02-15 09:34:41 - [MESSAGE][PASSED] - Delayed 3 second(s)

2022-02-15 09:34:41 - [TEST_STEP][PASSED] - scroll.scroll.scrollScreenBottomToTop(): scroll.scroll.scrollScreenBottomToTop is PASSED

2022-02-15 09:34:42 - [MESSAGE][PASSED] - Current device physical height is 1423

2022-02-15 09:34:42 - [MESSAGE][PASSED] - Current device physical width is 720

2022-02-15 09:34:43 - [MESSAGE][PASSED] - Swiped from 360,1,138 to 360,284

2022-02-15 09:34:43 - [MESSAGE][PASSED] - scroll.scroll.scrollScreenBottomToTop is PASSED

2022-02-15 09:34:43 - [MESSAGE][PASSED] - Call Test Case 'Test Cases/Mobile/Page/Portfolio/Portfolio' successfully

2022-02-15 09:34:43 - [TEST_STEP][PASSED] - callTestCase(findTestCase("Mobile/Page/Run App/Terminate App"), [:], STOP_ON_FAILURE): Call Test Case 'Test Cases/Mobile/Page/Run App/Terminate App' successfully

2022-02-15 09:34:43 - [TEST_CASE][PASSED] - Test Cases/Mobile/Page/Run App/Terminate App: Test Cases/Mobile/Page/Run App/Terminate App

2022-02-15 09:34:43 - [TEST_STEP][PASSED] - startApp.OpenApp.terminateApplication(): startApp.OpenApp.terminateApplication is PASSED

2022-02-15 09:34:46 - [MESSAGE][PASSED] - Delayed 3 second(s)

2022-02-15 09:34:46 - [MESSAGE][PASSED] - Current device physical width is 720

2022-02-15 09:34:47 - [MESSAGE][PASSED] - Current device physical height is 1423

2022-02-15 09:34:48 - [MESSAGE][PASSED] - Swiped from 360,853 to 360,142

2022-02-15 09:34:49 - [MESSAGE][PASSED] - Delayed 1 second(s)

2022-02-15 09:34:50 - [MESSAGE][PASSED] - Swiped from 360,853 to 360,142

2022-02-15 09:34:53 - [MESSAGE][PASSED] - Delayed 3 second(s)

2022-02-15 09:34:53 - [MESSAGE][PASSED] - startApp.OpenApp.terminateApplication is PASSED

2022-02-15 09:34:53 - [MESSAGE][PASSED] - Call Test Case 'Test Cases/Mobile/Page/Run App/Terminate App' successfully]]></system-out>
         <system-err><![CDATA[]]></system-err>
      </testcase>
      <testcase name="Test Cases/Mobile/Scenario/Portfolio/015 - Melihat detail mutual fund 6 month" time="61.819" classname="Test Cases/Mobile/Scenario/Portfolio/015 - Melihat detail mutual fund 6 month" status="PASSED">
         <system-out><![CDATA[2022-02-15 09:34:53 - [TEST_CASE][PASSED] - Test Cases/Mobile/Scenario/Portfolio/015 - Melihat detail mutual fund 6 month: Test Cases/Mobile/Scenario/Portfolio/015 - Melihat detail mutual fund 6 month

2022-02-15 09:34:53 - [TEST_STEP][PASSED] - callTestCase(findTestCase("Mobile/Page/Run App/Run App byID"), [:], STOP_ON_FAILURE): Call Test Case 'Test Cases/Mobile/Page/Run App/Run App byID' successfully

2022-02-15 09:34:54 - [TEST_CASE][PASSED] - Test Cases/Mobile/Page/Run App/Run App byID: Test Cases/Mobile/Page/Run App/Run App byID

2022-02-15 09:34:54 - [TEST_STEP][PASSED] - startApp.OpenApp.startApplication("id.co.miraeasset.sageclub"): startApp.OpenApp.startApplication is PASSED

2022-02-15 09:35:06 - [MESSAGE][PASSED] - Starting app with application ID: 'id.co.miraeasset.sageclub'

2022-02-15 09:35:06 - [MESSAGE][PASSED] - startApp.OpenApp.startApplication is PASSED

2022-02-15 09:35:06 - [MESSAGE][PASSED] - Call Test Case 'Test Cases/Mobile/Page/Run App/Run App byID' successfully

2022-02-15 09:35:06 - [TEST_STEP][PASSED] - callTestCase(findTestCase("Mobile/Page/Portfolio/Portfolio"), ["tab":"mutualfund", "action2":"6 month"], CONTINUE_ON_FAILURE): Call Test Case 'Test Cases/Mobile/Page/Portfolio/Portfolio' successfully

2022-02-15 09:35:06 - [TEST_CASE][PASSED] - Test Cases/Mobile/Page/Portfolio/Portfolio: Test Cases/Mobile/Page/Portfolio/Portfolio

2022-02-15 09:35:06 - [TEST_STEP][PASSED] - callTestCase(findTestCase("Mobile/Page/CheckLogin"), [:], CONTINUE_ON_FAILURE): Call Test Case 'Test Cases/Mobile/Page/CheckLogin' successfully

2022-02-15 09:35:06 - [TEST_CASE][PASSED] - Test Cases/Mobile/Page/CheckLogin: Test Cases/Mobile/Page/CheckLogin

2022-02-15 09:35:06 - [TEST_STEP][PASSED] - loginCheck = verifyElementExist(LOGN_BtnLogin, 5, CONTINUE_ON_FAILURE): Element 'Object Repository/Mobile/Page/Login/Button - Login' is exist

2022-02-15 09:35:08 - [MESSAGE][PASSED] - Element 'Object Repository/Mobile/Page/Login/Button - Login' is exist

2022-02-15 09:35:08 - [TEST_STEP][PASSED] - if (loginCheck): Call Test Case 'Test Cases/Mobile/Page/Login/Login' successfully

2022-02-15 09:35:08 - [TEST_STEP][PASSED] - callTestCase(findTestCase("Mobile/Page/Login/Login"), ["action":"username"], CONTINUE_ON_FAILURE): Call Test Case 'Test Cases/Mobile/Page/Login/Login' successfully

2022-02-15 09:35:08 - [TEST_CASE][PASSED] - Test Cases/Mobile/Page/Login/Login: Test Cases/Mobile/Page/Login/Login

2022-02-15 09:35:08 - [TEST_STEP][PASSED] - delay(2): Delayed 2 second(s)

2022-02-15 09:35:10 - [MESSAGE][PASSED] - Delayed 2 second(s)

2022-02-15 09:35:10 - [TEST_STEP][PASSED] - for ([i = 0, i < 1, (i++)]): null

2022-02-15 09:35:10 - [TEST_STEP][PASSED] - if (action == "username"): null

2022-02-15 09:35:10 - [TEST_STEP][PASSED] - tap(LOGN_EdtUserID, 0): Tapped on element 'Object Repository/Mobile/Page/Login/Input - UserID'

2022-02-15 09:35:10 - [MESSAGE][WARNING] - Timeout '0' is invalid. Using default page load timeout: '60'

2022-02-15 09:35:11 - [MESSAGE][PASSED] - Tapped on element 'Object Repository/Mobile/Page/Login/Input - UserID'

2022-02-15 09:35:11 - [TEST_STEP][PASSED] - delay(1): Delayed 1 second(s)

2022-02-15 09:35:12 - [MESSAGE][PASSED] - Delayed 1 second(s)

2022-02-15 09:35:12 - [TEST_STEP][PASSED] - setText(LOGN_EdtRdyUserID, "anggaaditya", 0): Text 'anggaaditya' has been set to element 'Object Repository/Mobile/Page/Login/Input Rdy - UserID'

2022-02-15 09:35:12 - [MESSAGE][WARNING] - Timeout '0' is invalid. Using default page load timeout: '60'

2022-02-15 09:35:12 - [MESSAGE][PASSED] - Text 'anggaaditya' has been set to element 'Object Repository/Mobile/Page/Login/Input Rdy - UserID'

2022-02-15 09:35:12 - [TEST_STEP][PASSED] - delay(1): Delayed 1 second(s)

2022-02-15 09:35:13 - [MESSAGE][PASSED] - Delayed 1 second(s)

2022-02-15 09:35:13 - [TEST_STEP][PASSED] - hideKeyboard(): Keyboard is hidden

2022-02-15 09:35:17 - [MESSAGE][PASSED] - Keyboard is hidden

2022-02-15 09:35:17 - [TEST_STEP][PASSED] - tap(LOGN_EdtPassword, 0): Tapped on element 'Object Repository/Mobile/Page/Login/Input - Password'

2022-02-15 09:35:17 - [MESSAGE][WARNING] - Timeout '0' is invalid. Using default page load timeout: '60'

2022-02-15 09:35:17 - [MESSAGE][PASSED] - Tapped on element 'Object Repository/Mobile/Page/Login/Input - Password'

2022-02-15 09:35:17 - [TEST_STEP][PASSED] - delay(1): Delayed 1 second(s)

2022-02-15 09:35:18 - [MESSAGE][PASSED] - Delayed 1 second(s)

2022-02-15 09:35:18 - [TEST_STEP][PASSED] - setText(LOGN_EdtRdyPassword, "Shalawa18", 0): Text 'Shalawa18' has been set to element 'Object Repository/Mobile/Page/Login/Input Rdy - Password'

2022-02-15 09:35:18 - [MESSAGE][WARNING] - Timeout '0' is invalid. Using default page load timeout: '60'

2022-02-15 09:35:19 - [MESSAGE][PASSED] - Text 'Shalawa18' has been set to element 'Object Repository/Mobile/Page/Login/Input Rdy - Password'

2022-02-15 09:35:19 - [TEST_STEP][PASSED] - delay(1): Delayed 1 second(s)

2022-02-15 09:35:20 - [MESSAGE][PASSED] - Delayed 1 second(s)

2022-02-15 09:35:20 - [TEST_STEP][PASSED] - hideKeyboard(): Keyboard is hidden

2022-02-15 09:35:26 - [MESSAGE][PASSED] - Keyboard is hidden

2022-02-15 09:35:26 - [TEST_STEP][PASSED] - tap(LOGN_BtnLogin, 0): Tapped on element 'Object Repository/Mobile/Page/Login/Button - Login'

2022-02-15 09:35:26 - [MESSAGE][WARNING] - Timeout '0' is invalid. Using default page load timeout: '60'

2022-02-15 09:35:27 - [MESSAGE][PASSED] - Tapped on element 'Object Repository/Mobile/Page/Login/Button - Login'

2022-02-15 09:35:27 - [TEST_STEP][PASSED] - delay(2): Delayed 2 second(s)

2022-02-15 09:35:29 - [MESSAGE][PASSED] - Delayed 2 second(s)

2022-02-15 09:35:29 - [TEST_STEP][PASSED] - break: null

2022-02-15 09:35:29 - [MESSAGE][PASSED] - Call Test Case 'Test Cases/Mobile/Page/Login/Login' successfully

2022-02-15 09:35:29 - [MESSAGE][PASSED] - Call Test Case 'Test Cases/Mobile/Page/CheckLogin' successfully

2022-02-15 09:35:29 - [TEST_STEP][PASSED] - tap(HOME_MenubarPortfolio, 0): Tapped on element 'Object Repository/Mobile/Page/Home/Menubar - Portfolio'

2022-02-15 09:35:29 - [MESSAGE][WARNING] - Timeout '0' is invalid. Using default page load timeout: '60'

2022-02-15 09:35:30 - [MESSAGE][PASSED] - Tapped on element 'Object Repository/Mobile/Page/Home/Menubar - Portfolio'

2022-02-15 09:35:30 - [TEST_STEP][PASSED] - delay(1): Delayed 1 second(s)

2022-02-15 09:35:31 - [MESSAGE][PASSED] - Delayed 1 second(s)

2022-02-15 09:35:31 - [TEST_STEP][PASSED] - for ([i = 0, i < 1, (i++)]): scroll.scroll.scrollScreenBottomToTop is PASSED

2022-02-15 09:35:31 - [TEST_STEP][PASSED] - if (tab == "summary"): null

2022-02-15 09:35:31 - [TEST_STEP][PASSED] - else if (tab == "stock"): null

2022-02-15 09:35:31 - [TEST_STEP][PASSED] - else if (tab == "mutualfund"): scroll.scroll.scrollScreenBottomToTop is PASSED

2022-02-15 09:35:31 - [TEST_STEP][PASSED] - tap(PORT_TabMutualFund, 0): Tapped on element 'Object Repository/Mobile/Page/Portfolio/Tab - Mutual Fund'

2022-02-15 09:35:31 - [MESSAGE][WARNING] - Timeout '0' is invalid. Using default page load timeout: '60'

2022-02-15 09:35:32 - [MESSAGE][PASSED] - Tapped on element 'Object Repository/Mobile/Page/Portfolio/Tab - Mutual Fund'

2022-02-15 09:35:32 - [TEST_STEP][PASSED] - delay(1): Delayed 1 second(s)

2022-02-15 09:35:33 - [MESSAGE][PASSED] - Delayed 1 second(s)

2022-02-15 09:35:33 - [TEST_STEP][PASSED] - try: scroll.scroll.scrollScreenBottomToTop is PASSED

2022-02-15 09:35:33 - [TEST_STEP][PASSED] - tapAndHold(PORT_ItemTopMutualFund, 1, 10): Tapped and held on element 'Object Repository/Mobile/Page/Portfolio/Item - Top Mutual Fund' with duration 1

2022-02-15 09:35:36 - [MESSAGE][PASSED] - Tapped and held on element 'Object Repository/Mobile/Page/Portfolio/Item - Top Mutual Fund' with duration 1

2022-02-15 09:35:36 - [TEST_STEP][PASSED] - delay(2): Delayed 2 second(s)

2022-02-15 09:35:38 - [MESSAGE][PASSED] - Delayed 2 second(s)

2022-02-15 09:35:38 - [TEST_STEP][PASSED] - switch (action2): null

2022-02-15 09:35:38 - [TEST_STEP][PASSED] - case "6 month":: null

2022-02-15 09:35:38 - [TEST_STEP][PASSED] - tapAndHold(PORT_DETL_Btn6Month, 1, 0): Tapped and held on element 'Object Repository/Mobile/Page/Portfolio/Detail Mutual Funds/Button - 6 Month' with duration 1

2022-02-15 09:35:38 - [MESSAGE][WARNING] - Timeout '0' is invalid. Using default page load timeout: '60'

2022-02-15 09:35:40 - [MESSAGE][PASSED] - Tapped and held on element 'Object Repository/Mobile/Page/Portfolio/Detail Mutual Funds/Button - 6 Month' with duration 1

2022-02-15 09:35:40 - [TEST_STEP][PASSED] - break: null

2022-02-15 09:35:40 - [TEST_STEP][PASSED] - delay(3): Delayed 3 second(s)

2022-02-15 09:35:43 - [MESSAGE][PASSED] - Delayed 3 second(s)

2022-02-15 09:35:43 - [TEST_STEP][PASSED] - scroll.scroll.scrollScreenBottomToTop(): scroll.scroll.scrollScreenBottomToTop is PASSED

2022-02-15 09:35:44 - [MESSAGE][PASSED] - Current device physical height is 1423

2022-02-15 09:35:44 - [MESSAGE][PASSED] - Current device physical width is 720

2022-02-15 09:35:45 - [MESSAGE][PASSED] - Swiped from 360,1,138 to 360,284

2022-02-15 09:35:45 - [MESSAGE][PASSED] - scroll.scroll.scrollScreenBottomToTop is PASSED

2022-02-15 09:35:45 - [MESSAGE][PASSED] - Call Test Case 'Test Cases/Mobile/Page/Portfolio/Portfolio' successfully

2022-02-15 09:35:45 - [TEST_STEP][PASSED] - callTestCase(findTestCase("Mobile/Page/Run App/Terminate App"), [:], STOP_ON_FAILURE): Call Test Case 'Test Cases/Mobile/Page/Run App/Terminate App' successfully

2022-02-15 09:35:45 - [TEST_CASE][PASSED] - Test Cases/Mobile/Page/Run App/Terminate App: Test Cases/Mobile/Page/Run App/Terminate App

2022-02-15 09:35:45 - [TEST_STEP][PASSED] - startApp.OpenApp.terminateApplication(): startApp.OpenApp.terminateApplication is PASSED

2022-02-15 09:35:48 - [MESSAGE][PASSED] - Delayed 3 second(s)

2022-02-15 09:35:48 - [MESSAGE][PASSED] - Current device physical width is 720

2022-02-15 09:35:49 - [MESSAGE][PASSED] - Current device physical height is 1423

2022-02-15 09:35:50 - [MESSAGE][PASSED] - Swiped from 360,853 to 360,142

2022-02-15 09:35:51 - [MESSAGE][PASSED] - Delayed 1 second(s)

2022-02-15 09:35:52 - [MESSAGE][PASSED] - Swiped from 360,853 to 360,142

2022-02-15 09:35:55 - [MESSAGE][PASSED] - Delayed 3 second(s)

2022-02-15 09:35:55 - [MESSAGE][PASSED] - startApp.OpenApp.terminateApplication is PASSED

2022-02-15 09:35:55 - [MESSAGE][PASSED] - Call Test Case 'Test Cases/Mobile/Page/Run App/Terminate App' successfully]]></system-out>
         <system-err><![CDATA[]]></system-err>
      </testcase>
      <testcase name="Test Cases/Mobile/Scenario/Portfolio/016 - Melihat detail mutual fund 1 year" time="63.804" classname="Test Cases/Mobile/Scenario/Portfolio/016 - Melihat detail mutual fund 1 year" status="PASSED">
         <system-out><![CDATA[2022-02-15 09:35:55 - [TEST_CASE][PASSED] - Test Cases/Mobile/Scenario/Portfolio/016 - Melihat detail mutual fund 1 year: Test Cases/Mobile/Scenario/Portfolio/016 - Melihat detail mutual fund 1 year

2022-02-15 09:35:55 - [TEST_STEP][PASSED] - callTestCase(findTestCase("Mobile/Page/Run App/Run App byID"), [:], STOP_ON_FAILURE): Call Test Case 'Test Cases/Mobile/Page/Run App/Run App byID' successfully

2022-02-15 09:35:55 - [TEST_CASE][PASSED] - Test Cases/Mobile/Page/Run App/Run App byID: Test Cases/Mobile/Page/Run App/Run App byID

2022-02-15 09:35:55 - [TEST_STEP][PASSED] - startApp.OpenApp.startApplication("id.co.miraeasset.sageclub"): startApp.OpenApp.startApplication is PASSED

2022-02-15 09:36:08 - [MESSAGE][PASSED] - Starting app with application ID: 'id.co.miraeasset.sageclub'

2022-02-15 09:36:08 - [MESSAGE][PASSED] - startApp.OpenApp.startApplication is PASSED

2022-02-15 09:36:08 - [MESSAGE][PASSED] - Call Test Case 'Test Cases/Mobile/Page/Run App/Run App byID' successfully

2022-02-15 09:36:08 - [TEST_STEP][PASSED] - callTestCase(findTestCase("Mobile/Page/Portfolio/Portfolio"), ["tab":"mutualfund", "action2":"1 year"], CONTINUE_ON_FAILURE): Call Test Case 'Test Cases/Mobile/Page/Portfolio/Portfolio' successfully

2022-02-15 09:36:08 - [TEST_CASE][PASSED] - Test Cases/Mobile/Page/Portfolio/Portfolio: Test Cases/Mobile/Page/Portfolio/Portfolio

2022-02-15 09:36:08 - [TEST_STEP][PASSED] - callTestCase(findTestCase("Mobile/Page/CheckLogin"), [:], CONTINUE_ON_FAILURE): Call Test Case 'Test Cases/Mobile/Page/CheckLogin' successfully

2022-02-15 09:36:08 - [TEST_CASE][PASSED] - Test Cases/Mobile/Page/CheckLogin: Test Cases/Mobile/Page/CheckLogin

2022-02-15 09:36:08 - [TEST_STEP][PASSED] - loginCheck = verifyElementExist(LOGN_BtnLogin, 5, CONTINUE_ON_FAILURE): Element 'Object Repository/Mobile/Page/Login/Button - Login' is exist

2022-02-15 09:36:10 - [MESSAGE][PASSED] - Element 'Object Repository/Mobile/Page/Login/Button - Login' is exist

2022-02-15 09:36:10 - [TEST_STEP][PASSED] - if (loginCheck): Call Test Case 'Test Cases/Mobile/Page/Login/Login' successfully

2022-02-15 09:36:10 - [TEST_STEP][PASSED] - callTestCase(findTestCase("Mobile/Page/Login/Login"), ["action":"username"], CONTINUE_ON_FAILURE): Call Test Case 'Test Cases/Mobile/Page/Login/Login' successfully

2022-02-15 09:36:10 - [TEST_CASE][PASSED] - Test Cases/Mobile/Page/Login/Login: Test Cases/Mobile/Page/Login/Login

2022-02-15 09:36:10 - [TEST_STEP][PASSED] - delay(2): Delayed 2 second(s)

2022-02-15 09:36:12 - [MESSAGE][PASSED] - Delayed 2 second(s)

2022-02-15 09:36:12 - [TEST_STEP][PASSED] - for ([i = 0, i < 1, (i++)]): null

2022-02-15 09:36:12 - [TEST_STEP][PASSED] - if (action == "username"): null

2022-02-15 09:36:12 - [TEST_STEP][PASSED] - tap(LOGN_EdtUserID, 0): Tapped on element 'Object Repository/Mobile/Page/Login/Input - UserID'

2022-02-15 09:36:12 - [MESSAGE][WARNING] - Timeout '0' is invalid. Using default page load timeout: '60'

2022-02-15 09:36:13 - [MESSAGE][PASSED] - Tapped on element 'Object Repository/Mobile/Page/Login/Input - UserID'

2022-02-15 09:36:13 - [TEST_STEP][PASSED] - delay(1): Delayed 1 second(s)

2022-02-15 09:36:14 - [MESSAGE][PASSED] - Delayed 1 second(s)

2022-02-15 09:36:14 - [TEST_STEP][PASSED] - setText(LOGN_EdtRdyUserID, "anggaaditya", 0): Text 'anggaaditya' has been set to element 'Object Repository/Mobile/Page/Login/Input Rdy - UserID'

2022-02-15 09:36:14 - [MESSAGE][WARNING] - Timeout '0' is invalid. Using default page load timeout: '60'

2022-02-15 09:36:14 - [MESSAGE][PASSED] - Text 'anggaaditya' has been set to element 'Object Repository/Mobile/Page/Login/Input Rdy - UserID'

2022-02-15 09:36:14 - [TEST_STEP][PASSED] - delay(1): Delayed 1 second(s)

2022-02-15 09:36:15 - [MESSAGE][PASSED] - Delayed 1 second(s)

2022-02-15 09:36:15 - [TEST_STEP][PASSED] - hideKeyboard(): Keyboard is hidden

2022-02-15 09:36:19 - [MESSAGE][PASSED] - Keyboard is hidden

2022-02-15 09:36:19 - [TEST_STEP][PASSED] - tap(LOGN_EdtPassword, 0): Tapped on element 'Object Repository/Mobile/Page/Login/Input - Password'

2022-02-15 09:36:19 - [MESSAGE][WARNING] - Timeout '0' is invalid. Using default page load timeout: '60'

2022-02-15 09:36:19 - [MESSAGE][PASSED] - Tapped on element 'Object Repository/Mobile/Page/Login/Input - Password'

2022-02-15 09:36:19 - [TEST_STEP][PASSED] - delay(1): Delayed 1 second(s)

2022-02-15 09:36:20 - [MESSAGE][PASSED] - Delayed 1 second(s)

2022-02-15 09:36:20 - [TEST_STEP][PASSED] - setText(LOGN_EdtRdyPassword, "Shalawa18", 0): Text 'Shalawa18' has been set to element 'Object Repository/Mobile/Page/Login/Input Rdy - Password'

2022-02-15 09:36:20 - [MESSAGE][WARNING] - Timeout '0' is invalid. Using default page load timeout: '60'

2022-02-15 09:36:21 - [MESSAGE][PASSED] - Text 'Shalawa18' has been set to element 'Object Repository/Mobile/Page/Login/Input Rdy - Password'

2022-02-15 09:36:21 - [TEST_STEP][PASSED] - delay(1): Delayed 1 second(s)

2022-02-15 09:36:22 - [MESSAGE][PASSED] - Delayed 1 second(s)

2022-02-15 09:36:22 - [TEST_STEP][PASSED] - hideKeyboard(): Keyboard is hidden

2022-02-15 09:36:28 - [MESSAGE][PASSED] - Keyboard is hidden

2022-02-15 09:36:28 - [TEST_STEP][PASSED] - tap(LOGN_BtnLogin, 0): Tapped on element 'Object Repository/Mobile/Page/Login/Button - Login'

2022-02-15 09:36:28 - [MESSAGE][WARNING] - Timeout '0' is invalid. Using default page load timeout: '60'

2022-02-15 09:36:29 - [MESSAGE][PASSED] - Tapped on element 'Object Repository/Mobile/Page/Login/Button - Login'

2022-02-15 09:36:29 - [TEST_STEP][PASSED] - delay(2): Delayed 2 second(s)

2022-02-15 09:36:31 - [MESSAGE][PASSED] - Delayed 2 second(s)

2022-02-15 09:36:31 - [TEST_STEP][PASSED] - break: null

2022-02-15 09:36:31 - [MESSAGE][PASSED] - Call Test Case 'Test Cases/Mobile/Page/Login/Login' successfully

2022-02-15 09:36:31 - [MESSAGE][PASSED] - Call Test Case 'Test Cases/Mobile/Page/CheckLogin' successfully

2022-02-15 09:36:31 - [TEST_STEP][PASSED] - tap(HOME_MenubarPortfolio, 0): Tapped on element 'Object Repository/Mobile/Page/Home/Menubar - Portfolio'

2022-02-15 09:36:31 - [MESSAGE][WARNING] - Timeout '0' is invalid. Using default page load timeout: '60'

2022-02-15 09:36:32 - [MESSAGE][PASSED] - Tapped on element 'Object Repository/Mobile/Page/Home/Menubar - Portfolio'

2022-02-15 09:36:32 - [TEST_STEP][PASSED] - delay(1): Delayed 1 second(s)

2022-02-15 09:36:33 - [MESSAGE][PASSED] - Delayed 1 second(s)

2022-02-15 09:36:33 - [TEST_STEP][PASSED] - for ([i = 0, i < 1, (i++)]): scroll.scroll.scrollScreenBottomToTop is PASSED

2022-02-15 09:36:33 - [TEST_STEP][PASSED] - if (tab == "summary"): null

2022-02-15 09:36:33 - [TEST_STEP][PASSED] - else if (tab == "stock"): null

2022-02-15 09:36:33 - [TEST_STEP][PASSED] - else if (tab == "mutualfund"): scroll.scroll.scrollScreenBottomToTop is PASSED

2022-02-15 09:36:33 - [TEST_STEP][PASSED] - tap(PORT_TabMutualFund, 0): Tapped on element 'Object Repository/Mobile/Page/Portfolio/Tab - Mutual Fund'

2022-02-15 09:36:33 - [MESSAGE][WARNING] - Timeout '0' is invalid. Using default page load timeout: '60'

2022-02-15 09:36:35 - [MESSAGE][PASSED] - Tapped on element 'Object Repository/Mobile/Page/Portfolio/Tab - Mutual Fund'

2022-02-15 09:36:35 - [TEST_STEP][PASSED] - delay(1): Delayed 1 second(s)

2022-02-15 09:36:36 - [MESSAGE][PASSED] - Delayed 1 second(s)

2022-02-15 09:36:36 - [TEST_STEP][PASSED] - try: scroll.scroll.scrollScreenBottomToTop is PASSED

2022-02-15 09:36:36 - [TEST_STEP][PASSED] - tapAndHold(PORT_ItemTopMutualFund, 1, 10): Tapped and held on element 'Object Repository/Mobile/Page/Portfolio/Item - Top Mutual Fund' with duration 1

2022-02-15 09:36:39 - [MESSAGE][PASSED] - Tapped and held on element 'Object Repository/Mobile/Page/Portfolio/Item - Top Mutual Fund' with duration 1

2022-02-15 09:36:39 - [TEST_STEP][PASSED] - delay(2): Delayed 2 second(s)

2022-02-15 09:36:41 - [MESSAGE][PASSED] - Delayed 2 second(s)

2022-02-15 09:36:41 - [TEST_STEP][PASSED] - switch (action2): null

2022-02-15 09:36:41 - [TEST_STEP][PASSED] - case "1 year":: null

2022-02-15 09:36:41 - [TEST_STEP][PASSED] - tapAndHold(PORT_DETL_Btn1Year, 1, 0): Tapped and held on element 'Object Repository/Mobile/Page/Portfolio/Detail Mutual Funds/Button - 1 Year' with duration 1

2022-02-15 09:36:41 - [MESSAGE][WARNING] - Timeout '0' is invalid. Using default page load timeout: '60'

2022-02-15 09:36:44 - [MESSAGE][PASSED] - Tapped and held on element 'Object Repository/Mobile/Page/Portfolio/Detail Mutual Funds/Button - 1 Year' with duration 1

2022-02-15 09:36:44 - [TEST_STEP][PASSED] - break: null

2022-02-15 09:36:44 - [TEST_STEP][PASSED] - delay(3): Delayed 3 second(s)

2022-02-15 09:36:47 - [MESSAGE][PASSED] - Delayed 3 second(s)

2022-02-15 09:36:47 - [TEST_STEP][PASSED] - scroll.scroll.scrollScreenBottomToTop(): scroll.scroll.scrollScreenBottomToTop is PASSED

2022-02-15 09:36:47 - [MESSAGE][PASSED] - Current device physical height is 1423

2022-02-15 09:36:47 - [MESSAGE][PASSED] - Current device physical width is 720

2022-02-15 09:36:48 - [MESSAGE][PASSED] - Swiped from 360,1,138 to 360,284

2022-02-15 09:36:48 - [MESSAGE][PASSED] - scroll.scroll.scrollScreenBottomToTop is PASSED

2022-02-15 09:36:48 - [MESSAGE][PASSED] - Call Test Case 'Test Cases/Mobile/Page/Portfolio/Portfolio' successfully

2022-02-15 09:36:48 - [TEST_STEP][PASSED] - callTestCase(findTestCase("Mobile/Page/Run App/Terminate App"), [:], STOP_ON_FAILURE): Call Test Case 'Test Cases/Mobile/Page/Run App/Terminate App' successfully

2022-02-15 09:36:49 - [TEST_CASE][PASSED] - Test Cases/Mobile/Page/Run App/Terminate App: Test Cases/Mobile/Page/Run App/Terminate App

2022-02-15 09:36:49 - [TEST_STEP][PASSED] - startApp.OpenApp.terminateApplication(): startApp.OpenApp.terminateApplication is PASSED

2022-02-15 09:36:52 - [MESSAGE][PASSED] - Delayed 3 second(s)

2022-02-15 09:36:52 - [MESSAGE][PASSED] - Current device physical width is 720

2022-02-15 09:36:52 - [MESSAGE][PASSED] - Current device physical height is 1423

2022-02-15 09:36:53 - [MESSAGE][PASSED] - Swiped from 360,853 to 360,142

2022-02-15 09:36:54 - [MESSAGE][PASSED] - Delayed 1 second(s)

2022-02-15 09:36:56 - [MESSAGE][PASSED] - Swiped from 360,853 to 360,142

2022-02-15 09:36:59 - [MESSAGE][PASSED] - Delayed 3 second(s)

2022-02-15 09:36:59 - [MESSAGE][PASSED] - startApp.OpenApp.terminateApplication is PASSED

2022-02-15 09:36:59 - [MESSAGE][PASSED] - Call Test Case 'Test Cases/Mobile/Page/Run App/Terminate App' successfully]]></system-out>
         <system-err><![CDATA[]]></system-err>
      </testcase>
      <testcase name="Test Cases/Mobile/Scenario/Portfolio/017 - Melihat detail mutual fund 3 year" time="66.058" classname="Test Cases/Mobile/Scenario/Portfolio/017 - Melihat detail mutual fund 3 year" status="PASSED">
         <system-out><![CDATA[2022-02-15 09:36:59 - [TEST_CASE][PASSED] - Test Cases/Mobile/Scenario/Portfolio/017 - Melihat detail mutual fund 3 year: Test Cases/Mobile/Scenario/Portfolio/017 - Melihat detail mutual fund 3 year

2022-02-15 09:36:59 - [TEST_STEP][PASSED] - callTestCase(findTestCase("Mobile/Page/Run App/Run App byID"), [:], STOP_ON_FAILURE): Call Test Case 'Test Cases/Mobile/Page/Run App/Run App byID' successfully

2022-02-15 09:36:59 - [TEST_CASE][PASSED] - Test Cases/Mobile/Page/Run App/Run App byID: Test Cases/Mobile/Page/Run App/Run App byID

2022-02-15 09:36:59 - [TEST_STEP][PASSED] - startApp.OpenApp.startApplication("id.co.miraeasset.sageclub"): startApp.OpenApp.startApplication is PASSED

2022-02-15 09:37:12 - [MESSAGE][PASSED] - Starting app with application ID: 'id.co.miraeasset.sageclub'

2022-02-15 09:37:12 - [MESSAGE][PASSED] - startApp.OpenApp.startApplication is PASSED

2022-02-15 09:37:12 - [MESSAGE][PASSED] - Call Test Case 'Test Cases/Mobile/Page/Run App/Run App byID' successfully

2022-02-15 09:37:12 - [TEST_STEP][PASSED] - callTestCase(findTestCase("Mobile/Page/Portfolio/Portfolio"), ["tab":"mutualfund", "action2":"3 year"], CONTINUE_ON_FAILURE): Call Test Case 'Test Cases/Mobile/Page/Portfolio/Portfolio' successfully

2022-02-15 09:37:12 - [TEST_CASE][PASSED] - Test Cases/Mobile/Page/Portfolio/Portfolio: Test Cases/Mobile/Page/Portfolio/Portfolio

2022-02-15 09:37:12 - [TEST_STEP][PASSED] - callTestCase(findTestCase("Mobile/Page/CheckLogin"), [:], CONTINUE_ON_FAILURE): Call Test Case 'Test Cases/Mobile/Page/CheckLogin' successfully

2022-02-15 09:37:12 - [TEST_CASE][PASSED] - Test Cases/Mobile/Page/CheckLogin: Test Cases/Mobile/Page/CheckLogin

2022-02-15 09:37:12 - [TEST_STEP][PASSED] - loginCheck = verifyElementExist(LOGN_BtnLogin, 5, CONTINUE_ON_FAILURE): Element 'Object Repository/Mobile/Page/Login/Button - Login' is exist

2022-02-15 09:37:14 - [MESSAGE][PASSED] - Element 'Object Repository/Mobile/Page/Login/Button - Login' is exist

2022-02-15 09:37:14 - [TEST_STEP][PASSED] - if (loginCheck): Call Test Case 'Test Cases/Mobile/Page/Login/Login' successfully

2022-02-15 09:37:14 - [TEST_STEP][PASSED] - callTestCase(findTestCase("Mobile/Page/Login/Login"), ["action":"username"], CONTINUE_ON_FAILURE): Call Test Case 'Test Cases/Mobile/Page/Login/Login' successfully

2022-02-15 09:37:14 - [TEST_CASE][PASSED] - Test Cases/Mobile/Page/Login/Login: Test Cases/Mobile/Page/Login/Login

2022-02-15 09:37:14 - [TEST_STEP][PASSED] - delay(2): Delayed 2 second(s)

2022-02-15 09:37:16 - [MESSAGE][PASSED] - Delayed 2 second(s)

2022-02-15 09:37:16 - [TEST_STEP][PASSED] - for ([i = 0, i < 1, (i++)]): null

2022-02-15 09:37:16 - [TEST_STEP][PASSED] - if (action == "username"): null

2022-02-15 09:37:16 - [TEST_STEP][PASSED] - tap(LOGN_EdtUserID, 0): Tapped on element 'Object Repository/Mobile/Page/Login/Input - UserID'

2022-02-15 09:37:16 - [MESSAGE][WARNING] - Timeout '0' is invalid. Using default page load timeout: '60'

2022-02-15 09:37:17 - [MESSAGE][PASSED] - Tapped on element 'Object Repository/Mobile/Page/Login/Input - UserID'

2022-02-15 09:37:17 - [TEST_STEP][PASSED] - delay(1): Delayed 1 second(s)

2022-02-15 09:37:18 - [MESSAGE][PASSED] - Delayed 1 second(s)

2022-02-15 09:37:18 - [TEST_STEP][PASSED] - setText(LOGN_EdtRdyUserID, "anggaaditya", 0): Text 'anggaaditya' has been set to element 'Object Repository/Mobile/Page/Login/Input Rdy - UserID'

2022-02-15 09:37:18 - [MESSAGE][WARNING] - Timeout '0' is invalid. Using default page load timeout: '60'

2022-02-15 09:37:18 - [MESSAGE][PASSED] - Text 'anggaaditya' has been set to element 'Object Repository/Mobile/Page/Login/Input Rdy - UserID'

2022-02-15 09:37:18 - [TEST_STEP][PASSED] - delay(1): Delayed 1 second(s)

2022-02-15 09:37:19 - [MESSAGE][PASSED] - Delayed 1 second(s)

2022-02-15 09:37:19 - [TEST_STEP][PASSED] - hideKeyboard(): Keyboard is hidden

2022-02-15 09:37:25 - [MESSAGE][PASSED] - Keyboard is hidden

2022-02-15 09:37:25 - [TEST_STEP][PASSED] - tap(LOGN_EdtPassword, 0): Tapped on element 'Object Repository/Mobile/Page/Login/Input - Password'

2022-02-15 09:37:25 - [MESSAGE][WARNING] - Timeout '0' is invalid. Using default page load timeout: '60'

2022-02-15 09:37:25 - [MESSAGE][PASSED] - Tapped on element 'Object Repository/Mobile/Page/Login/Input - Password'

2022-02-15 09:37:25 - [TEST_STEP][PASSED] - delay(1): Delayed 1 second(s)

2022-02-15 09:37:26 - [MESSAGE][PASSED] - Delayed 1 second(s)

2022-02-15 09:37:26 - [TEST_STEP][PASSED] - setText(LOGN_EdtRdyPassword, "Shalawa18", 0): Text 'Shalawa18' has been set to element 'Object Repository/Mobile/Page/Login/Input Rdy - Password'

2022-02-15 09:37:26 - [MESSAGE][WARNING] - Timeout '0' is invalid. Using default page load timeout: '60'

2022-02-15 09:37:27 - [MESSAGE][PASSED] - Text 'Shalawa18' has been set to element 'Object Repository/Mobile/Page/Login/Input Rdy - Password'

2022-02-15 09:37:27 - [TEST_STEP][PASSED] - delay(1): Delayed 1 second(s)

2022-02-15 09:37:28 - [MESSAGE][PASSED] - Delayed 1 second(s)

2022-02-15 09:37:28 - [TEST_STEP][PASSED] - hideKeyboard(): Keyboard is hidden

2022-02-15 09:37:35 - [MESSAGE][PASSED] - Keyboard is hidden

2022-02-15 09:37:35 - [TEST_STEP][PASSED] - tap(LOGN_BtnLogin, 0): Tapped on element 'Object Repository/Mobile/Page/Login/Button - Login'

2022-02-15 09:37:35 - [MESSAGE][WARNING] - Timeout '0' is invalid. Using default page load timeout: '60'

2022-02-15 09:37:36 - [MESSAGE][PASSED] - Tapped on element 'Object Repository/Mobile/Page/Login/Button - Login'

2022-02-15 09:37:36 - [TEST_STEP][PASSED] - delay(2): Delayed 2 second(s)

2022-02-15 09:37:38 - [MESSAGE][PASSED] - Delayed 2 second(s)

2022-02-15 09:37:38 - [TEST_STEP][PASSED] - break: null

2022-02-15 09:37:38 - [MESSAGE][PASSED] - Call Test Case 'Test Cases/Mobile/Page/Login/Login' successfully

2022-02-15 09:37:38 - [MESSAGE][PASSED] - Call Test Case 'Test Cases/Mobile/Page/CheckLogin' successfully

2022-02-15 09:37:38 - [TEST_STEP][PASSED] - tap(HOME_MenubarPortfolio, 0): Tapped on element 'Object Repository/Mobile/Page/Home/Menubar - Portfolio'

2022-02-15 09:37:38 - [MESSAGE][WARNING] - Timeout '0' is invalid. Using default page load timeout: '60'

2022-02-15 09:37:39 - [MESSAGE][PASSED] - Tapped on element 'Object Repository/Mobile/Page/Home/Menubar - Portfolio'

2022-02-15 09:37:39 - [TEST_STEP][PASSED] - delay(1): Delayed 1 second(s)

2022-02-15 09:37:40 - [MESSAGE][PASSED] - Delayed 1 second(s)

2022-02-15 09:37:40 - [TEST_STEP][PASSED] - for ([i = 0, i < 1, (i++)]): scroll.scroll.scrollScreenBottomToTop is PASSED

2022-02-15 09:37:40 - [TEST_STEP][PASSED] - if (tab == "summary"): null

2022-02-15 09:37:40 - [TEST_STEP][PASSED] - else if (tab == "stock"): null

2022-02-15 09:37:40 - [TEST_STEP][PASSED] - else if (tab == "mutualfund"): scroll.scroll.scrollScreenBottomToTop is PASSED

2022-02-15 09:37:40 - [TEST_STEP][PASSED] - tap(PORT_TabMutualFund, 0): Tapped on element 'Object Repository/Mobile/Page/Portfolio/Tab - Mutual Fund'

2022-02-15 09:37:40 - [MESSAGE][WARNING] - Timeout '0' is invalid. Using default page load timeout: '60'

2022-02-15 09:37:41 - [MESSAGE][PASSED] - Tapped on element 'Object Repository/Mobile/Page/Portfolio/Tab - Mutual Fund'

2022-02-15 09:37:41 - [TEST_STEP][PASSED] - delay(1): Delayed 1 second(s)

2022-02-15 09:37:42 - [MESSAGE][PASSED] - Delayed 1 second(s)

2022-02-15 09:37:42 - [TEST_STEP][PASSED] - try: scroll.scroll.scrollScreenBottomToTop is PASSED

2022-02-15 09:37:42 - [TEST_STEP][PASSED] - tapAndHold(PORT_ItemTopMutualFund, 1, 10): Tapped and held on element 'Object Repository/Mobile/Page/Portfolio/Item - Top Mutual Fund' with duration 1

2022-02-15 09:37:45 - [MESSAGE][PASSED] - Tapped and held on element 'Object Repository/Mobile/Page/Portfolio/Item - Top Mutual Fund' with duration 1

2022-02-15 09:37:45 - [TEST_STEP][PASSED] - delay(2): Delayed 2 second(s)

2022-02-15 09:37:47 - [MESSAGE][PASSED] - Delayed 2 second(s)

2022-02-15 09:37:47 - [TEST_STEP][PASSED] - switch (action2): null

2022-02-15 09:37:47 - [TEST_STEP][PASSED] - case "3 year":: null

2022-02-15 09:37:47 - [TEST_STEP][PASSED] - tapAndHold(PORT_DETL_Btn3Year, 1, 0): Tapped and held on element 'Object Repository/Mobile/Page/Portfolio/Detail Mutual Funds/Button - 3 Year' with duration 1

2022-02-15 09:37:47 - [MESSAGE][WARNING] - Timeout '0' is invalid. Using default page load timeout: '60'

2022-02-15 09:37:50 - [MESSAGE][PASSED] - Tapped and held on element 'Object Repository/Mobile/Page/Portfolio/Detail Mutual Funds/Button - 3 Year' with duration 1

2022-02-15 09:37:50 - [TEST_STEP][PASSED] - break: null

2022-02-15 09:37:50 - [TEST_STEP][PASSED] - delay(3): Delayed 3 second(s)

2022-02-15 09:37:53 - [MESSAGE][PASSED] - Delayed 3 second(s)

2022-02-15 09:37:53 - [TEST_STEP][PASSED] - scroll.scroll.scrollScreenBottomToTop(): scroll.scroll.scrollScreenBottomToTop is PASSED

2022-02-15 09:37:53 - [MESSAGE][PASSED] - Current device physical height is 1423

2022-02-15 09:37:54 - [MESSAGE][PASSED] - Current device physical width is 720

2022-02-15 09:37:55 - [MESSAGE][PASSED] - Swiped from 360,1,138 to 360,284

2022-02-15 09:37:55 - [MESSAGE][PASSED] - scroll.scroll.scrollScreenBottomToTop is PASSED

2022-02-15 09:37:55 - [MESSAGE][PASSED] - Call Test Case 'Test Cases/Mobile/Page/Portfolio/Portfolio' successfully

2022-02-15 09:37:55 - [TEST_STEP][PASSED] - callTestCase(findTestCase("Mobile/Page/Run App/Terminate App"), [:], STOP_ON_FAILURE): Call Test Case 'Test Cases/Mobile/Page/Run App/Terminate App' successfully

2022-02-15 09:37:55 - [TEST_CASE][PASSED] - Test Cases/Mobile/Page/Run App/Terminate App: Test Cases/Mobile/Page/Run App/Terminate App

2022-02-15 09:37:55 - [TEST_STEP][PASSED] - startApp.OpenApp.terminateApplication(): startApp.OpenApp.terminateApplication is PASSED

2022-02-15 09:37:58 - [MESSAGE][PASSED] - Delayed 3 second(s)

2022-02-15 09:37:58 - [MESSAGE][PASSED] - Current device physical width is 720

2022-02-15 09:37:58 - [MESSAGE][PASSED] - Current device physical height is 1423

2022-02-15 09:38:00 - [MESSAGE][PASSED] - Swiped from 360,853 to 360,142

2022-02-15 09:38:01 - [MESSAGE][PASSED] - Delayed 1 second(s)

2022-02-15 09:38:02 - [MESSAGE][PASSED] - Swiped from 360,853 to 360,142

2022-02-15 09:38:05 - [MESSAGE][PASSED] - Delayed 3 second(s)

2022-02-15 09:38:05 - [MESSAGE][PASSED] - startApp.OpenApp.terminateApplication is PASSED

2022-02-15 09:38:05 - [MESSAGE][PASSED] - Call Test Case 'Test Cases/Mobile/Page/Run App/Terminate App' successfully]]></system-out>
         <system-err><![CDATA[]]></system-err>
      </testcase>
      <testcase name="Test Cases/Mobile/Scenario/Portfolio/018 - Melihat detail mutual fund 5 year" time="71.141" classname="Test Cases/Mobile/Scenario/Portfolio/018 - Melihat detail mutual fund 5 year" status="PASSED">
         <system-out><![CDATA[2022-02-15 09:38:05 - [TEST_CASE][PASSED] - Test Cases/Mobile/Scenario/Portfolio/018 - Melihat detail mutual fund 5 year: Test Cases/Mobile/Scenario/Portfolio/018 - Melihat detail mutual fund 5 year

2022-02-15 09:38:05 - [TEST_STEP][PASSED] - callTestCase(findTestCase("Mobile/Page/Run App/Run App byID"), [:], STOP_ON_FAILURE): Call Test Case 'Test Cases/Mobile/Page/Run App/Run App byID' successfully

2022-02-15 09:38:05 - [TEST_CASE][PASSED] - Test Cases/Mobile/Page/Run App/Run App byID: Test Cases/Mobile/Page/Run App/Run App byID

2022-02-15 09:38:05 - [TEST_STEP][PASSED] - startApp.OpenApp.startApplication("id.co.miraeasset.sageclub"): startApp.OpenApp.startApplication is PASSED

2022-02-15 09:38:20 - [MESSAGE][PASSED] - Starting app with application ID: 'id.co.miraeasset.sageclub'

2022-02-15 09:38:20 - [MESSAGE][PASSED] - startApp.OpenApp.startApplication is PASSED

2022-02-15 09:38:20 - [MESSAGE][PASSED] - Call Test Case 'Test Cases/Mobile/Page/Run App/Run App byID' successfully

2022-02-15 09:38:20 - [TEST_STEP][PASSED] - callTestCase(findTestCase("Mobile/Page/Portfolio/Portfolio"), ["tab":"mutualfund", "action2":"5 year"], CONTINUE_ON_FAILURE): Call Test Case 'Test Cases/Mobile/Page/Portfolio/Portfolio' successfully

2022-02-15 09:38:20 - [TEST_CASE][PASSED] - Test Cases/Mobile/Page/Portfolio/Portfolio: Test Cases/Mobile/Page/Portfolio/Portfolio

2022-02-15 09:38:20 - [TEST_STEP][PASSED] - callTestCase(findTestCase("Mobile/Page/CheckLogin"), [:], CONTINUE_ON_FAILURE): Call Test Case 'Test Cases/Mobile/Page/CheckLogin' successfully

2022-02-15 09:38:20 - [TEST_CASE][PASSED] - Test Cases/Mobile/Page/CheckLogin: Test Cases/Mobile/Page/CheckLogin

2022-02-15 09:38:20 - [TEST_STEP][PASSED] - loginCheck = verifyElementExist(LOGN_BtnLogin, 5, CONTINUE_ON_FAILURE): Element 'Object Repository/Mobile/Page/Login/Button - Login' is exist

2022-02-15 09:38:22 - [MESSAGE][PASSED] - Element 'Object Repository/Mobile/Page/Login/Button - Login' is exist

2022-02-15 09:38:22 - [TEST_STEP][PASSED] - if (loginCheck): Call Test Case 'Test Cases/Mobile/Page/Login/Login' successfully

2022-02-15 09:38:22 - [TEST_STEP][PASSED] - callTestCase(findTestCase("Mobile/Page/Login/Login"), ["action":"username"], CONTINUE_ON_FAILURE): Call Test Case 'Test Cases/Mobile/Page/Login/Login' successfully

2022-02-15 09:38:22 - [TEST_CASE][PASSED] - Test Cases/Mobile/Page/Login/Login: Test Cases/Mobile/Page/Login/Login

2022-02-15 09:38:22 - [TEST_STEP][PASSED] - delay(2): Delayed 2 second(s)

2022-02-15 09:38:24 - [MESSAGE][PASSED] - Delayed 2 second(s)

2022-02-15 09:38:24 - [TEST_STEP][PASSED] - for ([i = 0, i < 1, (i++)]): null

2022-02-15 09:38:24 - [TEST_STEP][PASSED] - if (action == "username"): null

2022-02-15 09:38:24 - [TEST_STEP][PASSED] - tap(LOGN_EdtUserID, 0): Tapped on element 'Object Repository/Mobile/Page/Login/Input - UserID'

2022-02-15 09:38:24 - [MESSAGE][WARNING] - Timeout '0' is invalid. Using default page load timeout: '60'

2022-02-15 09:38:25 - [MESSAGE][PASSED] - Tapped on element 'Object Repository/Mobile/Page/Login/Input - UserID'

2022-02-15 09:38:25 - [TEST_STEP][PASSED] - delay(1): Delayed 1 second(s)

2022-02-15 09:38:26 - [MESSAGE][PASSED] - Delayed 1 second(s)

2022-02-15 09:38:26 - [TEST_STEP][PASSED] - setText(LOGN_EdtRdyUserID, "anggaaditya", 0): Text 'anggaaditya' has been set to element 'Object Repository/Mobile/Page/Login/Input Rdy - UserID'

2022-02-15 09:38:26 - [MESSAGE][WARNING] - Timeout '0' is invalid. Using default page load timeout: '60'

2022-02-15 09:38:27 - [MESSAGE][PASSED] - Text 'anggaaditya' has been set to element 'Object Repository/Mobile/Page/Login/Input Rdy - UserID'

2022-02-15 09:38:27 - [TEST_STEP][PASSED] - delay(1): Delayed 1 second(s)

2022-02-15 09:38:28 - [MESSAGE][PASSED] - Delayed 1 second(s)

2022-02-15 09:38:28 - [TEST_STEP][PASSED] - hideKeyboard(): Keyboard is hidden

2022-02-15 09:38:35 - [MESSAGE][PASSED] - Keyboard is hidden

2022-02-15 09:38:35 - [TEST_STEP][PASSED] - tap(LOGN_EdtPassword, 0): Tapped on element 'Object Repository/Mobile/Page/Login/Input - Password'

2022-02-15 09:38:35 - [MESSAGE][WARNING] - Timeout '0' is invalid. Using default page load timeout: '60'

2022-02-15 09:38:36 - [MESSAGE][PASSED] - Tapped on element 'Object Repository/Mobile/Page/Login/Input - Password'

2022-02-15 09:38:36 - [TEST_STEP][PASSED] - delay(1): Delayed 1 second(s)

2022-02-15 09:38:37 - [MESSAGE][PASSED] - Delayed 1 second(s)

2022-02-15 09:38:37 - [TEST_STEP][PASSED] - setText(LOGN_EdtRdyPassword, "Shalawa18", 0): Text 'Shalawa18' has been set to element 'Object Repository/Mobile/Page/Login/Input Rdy - Password'

2022-02-15 09:38:37 - [MESSAGE][WARNING] - Timeout '0' is invalid. Using default page load timeout: '60'

2022-02-15 09:38:38 - [MESSAGE][PASSED] - Text 'Shalawa18' has been set to element 'Object Repository/Mobile/Page/Login/Input Rdy - Password'

2022-02-15 09:38:38 - [TEST_STEP][PASSED] - delay(1): Delayed 1 second(s)

2022-02-15 09:38:39 - [MESSAGE][PASSED] - Delayed 1 second(s)

2022-02-15 09:38:39 - [TEST_STEP][PASSED] - hideKeyboard(): Keyboard is hidden

2022-02-15 09:38:45 - [MESSAGE][PASSED] - Keyboard is hidden

2022-02-15 09:38:45 - [TEST_STEP][PASSED] - tap(LOGN_BtnLogin, 0): Tapped on element 'Object Repository/Mobile/Page/Login/Button - Login'

2022-02-15 09:38:45 - [MESSAGE][WARNING] - Timeout '0' is invalid. Using default page load timeout: '60'

2022-02-15 09:38:46 - [MESSAGE][PASSED] - Tapped on element 'Object Repository/Mobile/Page/Login/Button - Login'

2022-02-15 09:38:46 - [TEST_STEP][PASSED] - delay(2): Delayed 2 second(s)

2022-02-15 09:38:48 - [MESSAGE][PASSED] - Delayed 2 second(s)

2022-02-15 09:38:48 - [TEST_STEP][PASSED] - break: null

2022-02-15 09:38:48 - [MESSAGE][PASSED] - Call Test Case 'Test Cases/Mobile/Page/Login/Login' successfully

2022-02-15 09:38:48 - [MESSAGE][PASSED] - Call Test Case 'Test Cases/Mobile/Page/CheckLogin' successfully

2022-02-15 09:38:48 - [TEST_STEP][PASSED] - tap(HOME_MenubarPortfolio, 0): Tapped on element 'Object Repository/Mobile/Page/Home/Menubar - Portfolio'

2022-02-15 09:38:48 - [MESSAGE][WARNING] - Timeout '0' is invalid. Using default page load timeout: '60'

2022-02-15 09:38:50 - [MESSAGE][PASSED] - Tapped on element 'Object Repository/Mobile/Page/Home/Menubar - Portfolio'

2022-02-15 09:38:50 - [TEST_STEP][PASSED] - delay(1): Delayed 1 second(s)

2022-02-15 09:38:51 - [MESSAGE][PASSED] - Delayed 1 second(s)

2022-02-15 09:38:51 - [TEST_STEP][PASSED] - for ([i = 0, i < 1, (i++)]): scroll.scroll.scrollScreenBottomToTop is PASSED

2022-02-15 09:38:51 - [TEST_STEP][PASSED] - if (tab == "summary"): null

2022-02-15 09:38:51 - [TEST_STEP][PASSED] - else if (tab == "stock"): null

2022-02-15 09:38:51 - [TEST_STEP][PASSED] - else if (tab == "mutualfund"): scroll.scroll.scrollScreenBottomToTop is PASSED

2022-02-15 09:38:51 - [TEST_STEP][PASSED] - tap(PORT_TabMutualFund, 0): Tapped on element 'Object Repository/Mobile/Page/Portfolio/Tab - Mutual Fund'

2022-02-15 09:38:51 - [MESSAGE][WARNING] - Timeout '0' is invalid. Using default page load timeout: '60'

2022-02-15 09:38:52 - [MESSAGE][PASSED] - Tapped on element 'Object Repository/Mobile/Page/Portfolio/Tab - Mutual Fund'

2022-02-15 09:38:52 - [TEST_STEP][PASSED] - delay(1): Delayed 1 second(s)

2022-02-15 09:38:53 - [MESSAGE][PASSED] - Delayed 1 second(s)

2022-02-15 09:38:53 - [TEST_STEP][PASSED] - try: scroll.scroll.scrollScreenBottomToTop is PASSED

2022-02-15 09:38:53 - [TEST_STEP][PASSED] - tapAndHold(PORT_ItemTopMutualFund, 1, 10): Tapped and held on element 'Object Repository/Mobile/Page/Portfolio/Item - Top Mutual Fund' with duration 1

2022-02-15 09:38:56 - [MESSAGE][PASSED] - Tapped and held on element 'Object Repository/Mobile/Page/Portfolio/Item - Top Mutual Fund' with duration 1

2022-02-15 09:38:56 - [TEST_STEP][PASSED] - delay(2): Delayed 2 second(s)

2022-02-15 09:38:58 - [MESSAGE][PASSED] - Delayed 2 second(s)

2022-02-15 09:38:58 - [TEST_STEP][PASSED] - switch (action2): null

2022-02-15 09:38:58 - [TEST_STEP][PASSED] - case "5 year":: null

2022-02-15 09:38:58 - [TEST_STEP][PASSED] - tapAndHold(PORT_DETL_Btn5Year, 1, 0): Tapped and held on element 'Object Repository/Mobile/Page/Portfolio/Detail Mutual Funds/Button - 5 Year' with duration 1

2022-02-15 09:38:58 - [MESSAGE][WARNING] - Timeout '0' is invalid. Using default page load timeout: '60'

2022-02-15 09:39:01 - [MESSAGE][PASSED] - Tapped and held on element 'Object Repository/Mobile/Page/Portfolio/Detail Mutual Funds/Button - 5 Year' with duration 1

2022-02-15 09:39:01 - [TEST_STEP][PASSED] - break: null

2022-02-15 09:39:01 - [TEST_STEP][PASSED] - delay(3): Delayed 3 second(s)

2022-02-15 09:39:04 - [MESSAGE][PASSED] - Delayed 3 second(s)

2022-02-15 09:39:04 - [TEST_STEP][PASSED] - scroll.scroll.scrollScreenBottomToTop(): scroll.scroll.scrollScreenBottomToTop is PASSED

2022-02-15 09:39:05 - [MESSAGE][PASSED] - Current device physical height is 1423

2022-02-15 09:39:05 - [MESSAGE][PASSED] - Current device physical width is 720

2022-02-15 09:39:06 - [MESSAGE][PASSED] - Swiped from 360,1,138 to 360,284

2022-02-15 09:39:06 - [MESSAGE][PASSED] - scroll.scroll.scrollScreenBottomToTop is PASSED

2022-02-15 09:39:06 - [MESSAGE][PASSED] - Call Test Case 'Test Cases/Mobile/Page/Portfolio/Portfolio' successfully

2022-02-15 09:39:06 - [TEST_STEP][PASSED] - callTestCase(findTestCase("Mobile/Page/Run App/Terminate App"), [:], STOP_ON_FAILURE): Call Test Case 'Test Cases/Mobile/Page/Run App/Terminate App' successfully

2022-02-15 09:39:06 - [TEST_CASE][PASSED] - Test Cases/Mobile/Page/Run App/Terminate App: Test Cases/Mobile/Page/Run App/Terminate App

2022-02-15 09:39:06 - [TEST_STEP][PASSED] - startApp.OpenApp.terminateApplication(): startApp.OpenApp.terminateApplication is PASSED

2022-02-15 09:39:09 - [MESSAGE][PASSED] - Delayed 3 second(s)

2022-02-15 09:39:09 - [MESSAGE][PASSED] - Current device physical width is 720

2022-02-15 09:39:10 - [MESSAGE][PASSED] - Current device physical height is 1423

2022-02-15 09:39:11 - [MESSAGE][PASSED] - Swiped from 360,853 to 360,142

2022-02-15 09:39:12 - [MESSAGE][PASSED] - Delayed 1 second(s)

2022-02-15 09:39:13 - [MESSAGE][PASSED] - Swiped from 360,853 to 360,142

2022-02-15 09:39:16 - [MESSAGE][PASSED] - Delayed 3 second(s)

2022-02-15 09:39:16 - [MESSAGE][PASSED] - startApp.OpenApp.terminateApplication is PASSED

2022-02-15 09:39:16 - [MESSAGE][PASSED] - Call Test Case 'Test Cases/Mobile/Page/Run App/Terminate App' successfully]]></system-out>
         <system-err><![CDATA[]]></system-err>
      </testcase>
      <testcase name="Test Cases/Mobile/Scenario/Portfolio/019 - Melihat detail mutual fund 10 year" time="63.864" classname="Test Cases/Mobile/Scenario/Portfolio/019 - Melihat detail mutual fund 10 year" status="PASSED">
         <system-out><![CDATA[2022-02-15 09:39:16 - [TEST_CASE][PASSED] - Test Cases/Mobile/Scenario/Portfolio/019 - Melihat detail mutual fund 10 year: Test Cases/Mobile/Scenario/Portfolio/019 - Melihat detail mutual fund 10 year

2022-02-15 09:39:16 - [TEST_STEP][PASSED] - callTestCase(findTestCase("Mobile/Page/Run App/Run App byID"), [:], STOP_ON_FAILURE): Call Test Case 'Test Cases/Mobile/Page/Run App/Run App byID' successfully

2022-02-15 09:39:16 - [TEST_CASE][PASSED] - Test Cases/Mobile/Page/Run App/Run App byID: Test Cases/Mobile/Page/Run App/Run App byID

2022-02-15 09:39:16 - [TEST_STEP][PASSED] - startApp.OpenApp.startApplication("id.co.miraeasset.sageclub"): startApp.OpenApp.startApplication is PASSED

2022-02-15 09:39:29 - [MESSAGE][PASSED] - Starting app with application ID: 'id.co.miraeasset.sageclub'

2022-02-15 09:39:29 - [MESSAGE][PASSED] - startApp.OpenApp.startApplication is PASSED

2022-02-15 09:39:29 - [MESSAGE][PASSED] - Call Test Case 'Test Cases/Mobile/Page/Run App/Run App byID' successfully

2022-02-15 09:39:29 - [TEST_STEP][PASSED] - callTestCase(findTestCase("Mobile/Page/Portfolio/Portfolio"), ["tab":"mutualfund", "action2":"10 year"], CONTINUE_ON_FAILURE): Call Test Case 'Test Cases/Mobile/Page/Portfolio/Portfolio' successfully

2022-02-15 09:39:29 - [TEST_CASE][PASSED] - Test Cases/Mobile/Page/Portfolio/Portfolio: Test Cases/Mobile/Page/Portfolio/Portfolio

2022-02-15 09:39:29 - [TEST_STEP][PASSED] - callTestCase(findTestCase("Mobile/Page/CheckLogin"), [:], CONTINUE_ON_FAILURE): Call Test Case 'Test Cases/Mobile/Page/CheckLogin' successfully

2022-02-15 09:39:29 - [TEST_CASE][PASSED] - Test Cases/Mobile/Page/CheckLogin: Test Cases/Mobile/Page/CheckLogin

2022-02-15 09:39:29 - [TEST_STEP][PASSED] - loginCheck = verifyElementExist(LOGN_BtnLogin, 5, CONTINUE_ON_FAILURE): Element 'Object Repository/Mobile/Page/Login/Button - Login' is exist

2022-02-15 09:39:31 - [MESSAGE][PASSED] - Element 'Object Repository/Mobile/Page/Login/Button - Login' is exist

2022-02-15 09:39:31 - [TEST_STEP][PASSED] - if (loginCheck): Call Test Case 'Test Cases/Mobile/Page/Login/Login' successfully

2022-02-15 09:39:31 - [TEST_STEP][PASSED] - callTestCase(findTestCase("Mobile/Page/Login/Login"), ["action":"username"], CONTINUE_ON_FAILURE): Call Test Case 'Test Cases/Mobile/Page/Login/Login' successfully

2022-02-15 09:39:31 - [TEST_CASE][PASSED] - Test Cases/Mobile/Page/Login/Login: Test Cases/Mobile/Page/Login/Login

2022-02-15 09:39:31 - [TEST_STEP][PASSED] - delay(2): Delayed 2 second(s)

2022-02-15 09:39:33 - [MESSAGE][PASSED] - Delayed 2 second(s)

2022-02-15 09:39:33 - [TEST_STEP][PASSED] - for ([i = 0, i < 1, (i++)]): null

2022-02-15 09:39:33 - [TEST_STEP][PASSED] - if (action == "username"): null

2022-02-15 09:39:33 - [TEST_STEP][PASSED] - tap(LOGN_EdtUserID, 0): Tapped on element 'Object Repository/Mobile/Page/Login/Input - UserID'

2022-02-15 09:39:33 - [MESSAGE][WARNING] - Timeout '0' is invalid. Using default page load timeout: '60'

2022-02-15 09:39:33 - [MESSAGE][PASSED] - Tapped on element 'Object Repository/Mobile/Page/Login/Input - UserID'

2022-02-15 09:39:33 - [TEST_STEP][PASSED] - delay(1): Delayed 1 second(s)

2022-02-15 09:39:34 - [MESSAGE][PASSED] - Delayed 1 second(s)

2022-02-15 09:39:34 - [TEST_STEP][PASSED] - setText(LOGN_EdtRdyUserID, "anggaaditya", 0): Text 'anggaaditya' has been set to element 'Object Repository/Mobile/Page/Login/Input Rdy - UserID'

2022-02-15 09:39:34 - [MESSAGE][WARNING] - Timeout '0' is invalid. Using default page load timeout: '60'

2022-02-15 09:39:35 - [MESSAGE][PASSED] - Text 'anggaaditya' has been set to element 'Object Repository/Mobile/Page/Login/Input Rdy - UserID'

2022-02-15 09:39:35 - [TEST_STEP][PASSED] - delay(1): Delayed 1 second(s)

2022-02-15 09:39:36 - [MESSAGE][PASSED] - Delayed 1 second(s)

2022-02-15 09:39:36 - [TEST_STEP][PASSED] - hideKeyboard(): Keyboard is hidden

2022-02-15 09:39:39 - [MESSAGE][PASSED] - Keyboard is hidden

2022-02-15 09:39:39 - [TEST_STEP][PASSED] - tap(LOGN_EdtPassword, 0): Tapped on element 'Object Repository/Mobile/Page/Login/Input - Password'

2022-02-15 09:39:39 - [MESSAGE][WARNING] - Timeout '0' is invalid. Using default page load timeout: '60'

2022-02-15 09:39:40 - [MESSAGE][PASSED] - Tapped on element 'Object Repository/Mobile/Page/Login/Input - Password'

2022-02-15 09:39:40 - [TEST_STEP][PASSED] - delay(1): Delayed 1 second(s)

2022-02-15 09:39:41 - [MESSAGE][PASSED] - Delayed 1 second(s)

2022-02-15 09:39:41 - [TEST_STEP][PASSED] - setText(LOGN_EdtRdyPassword, "Shalawa18", 0): Text 'Shalawa18' has been set to element 'Object Repository/Mobile/Page/Login/Input Rdy - Password'

2022-02-15 09:39:41 - [MESSAGE][WARNING] - Timeout '0' is invalid. Using default page load timeout: '60'

2022-02-15 09:39:41 - [MESSAGE][PASSED] - Text 'Shalawa18' has been set to element 'Object Repository/Mobile/Page/Login/Input Rdy - Password'

2022-02-15 09:39:41 - [TEST_STEP][PASSED] - delay(1): Delayed 1 second(s)

2022-02-15 09:39:42 - [MESSAGE][PASSED] - Delayed 1 second(s)

2022-02-15 09:39:42 - [TEST_STEP][PASSED] - hideKeyboard(): Keyboard is hidden

2022-02-15 09:39:49 - [MESSAGE][PASSED] - Keyboard is hidden

2022-02-15 09:39:49 - [TEST_STEP][PASSED] - tap(LOGN_BtnLogin, 0): Tapped on element 'Object Repository/Mobile/Page/Login/Button - Login'

2022-02-15 09:39:49 - [MESSAGE][WARNING] - Timeout '0' is invalid. Using default page load timeout: '60'

2022-02-15 09:39:50 - [MESSAGE][PASSED] - Tapped on element 'Object Repository/Mobile/Page/Login/Button - Login'

2022-02-15 09:39:50 - [TEST_STEP][PASSED] - delay(2): Delayed 2 second(s)

2022-02-15 09:39:52 - [MESSAGE][PASSED] - Delayed 2 second(s)

2022-02-15 09:39:52 - [TEST_STEP][PASSED] - break: null

2022-02-15 09:39:52 - [MESSAGE][PASSED] - Call Test Case 'Test Cases/Mobile/Page/Login/Login' successfully

2022-02-15 09:39:52 - [MESSAGE][PASSED] - Call Test Case 'Test Cases/Mobile/Page/CheckLogin' successfully

2022-02-15 09:39:52 - [TEST_STEP][PASSED] - tap(HOME_MenubarPortfolio, 0): Tapped on element 'Object Repository/Mobile/Page/Home/Menubar - Portfolio'

2022-02-15 09:39:52 - [MESSAGE][WARNING] - Timeout '0' is invalid. Using default page load timeout: '60'

2022-02-15 09:39:53 - [MESSAGE][PASSED] - Tapped on element 'Object Repository/Mobile/Page/Home/Menubar - Portfolio'

2022-02-15 09:39:53 - [TEST_STEP][PASSED] - delay(1): Delayed 1 second(s)

2022-02-15 09:39:54 - [MESSAGE][PASSED] - Delayed 1 second(s)

2022-02-15 09:39:54 - [TEST_STEP][PASSED] - for ([i = 0, i < 1, (i++)]): scroll.scroll.scrollScreenBottomToTop is PASSED

2022-02-15 09:39:54 - [TEST_STEP][PASSED] - if (tab == "summary"): null

2022-02-15 09:39:54 - [TEST_STEP][PASSED] - else if (tab == "stock"): null

2022-02-15 09:39:54 - [TEST_STEP][PASSED] - else if (tab == "mutualfund"): scroll.scroll.scrollScreenBottomToTop is PASSED

2022-02-15 09:39:54 - [TEST_STEP][PASSED] - tap(PORT_TabMutualFund, 0): Tapped on element 'Object Repository/Mobile/Page/Portfolio/Tab - Mutual Fund'

2022-02-15 09:39:54 - [MESSAGE][WARNING] - Timeout '0' is invalid. Using default page load timeout: '60'

2022-02-15 09:39:56 - [MESSAGE][PASSED] - Tapped on element 'Object Repository/Mobile/Page/Portfolio/Tab - Mutual Fund'

2022-02-15 09:39:56 - [TEST_STEP][PASSED] - delay(1): Delayed 1 second(s)

2022-02-15 09:39:57 - [MESSAGE][PASSED] - Delayed 1 second(s)

2022-02-15 09:39:57 - [TEST_STEP][PASSED] - try: scroll.scroll.scrollScreenBottomToTop is PASSED

2022-02-15 09:39:57 - [TEST_STEP][PASSED] - tapAndHold(PORT_ItemTopMutualFund, 1, 10): Tapped and held on element 'Object Repository/Mobile/Page/Portfolio/Item - Top Mutual Fund' with duration 1

2022-02-15 09:40:00 - [MESSAGE][PASSED] - Tapped and held on element 'Object Repository/Mobile/Page/Portfolio/Item - Top Mutual Fund' with duration 1

2022-02-15 09:40:00 - [TEST_STEP][PASSED] - delay(2): Delayed 2 second(s)

2022-02-15 09:40:02 - [MESSAGE][PASSED] - Delayed 2 second(s)

2022-02-15 09:40:02 - [TEST_STEP][PASSED] - switch (action2): null

2022-02-15 09:40:02 - [TEST_STEP][PASSED] - case "10 year":: null

2022-02-15 09:40:02 - [TEST_STEP][PASSED] - tapAndHold(PORT_DETL_Btn10Year, 1, 0): Tapped and held on element 'Object Repository/Mobile/Page/Portfolio/Detail Mutual Funds/Button - 10 Year' with duration 1

2022-02-15 09:40:02 - [MESSAGE][WARNING] - Timeout '0' is invalid. Using default page load timeout: '60'

2022-02-15 09:40:05 - [MESSAGE][PASSED] - Tapped and held on element 'Object Repository/Mobile/Page/Portfolio/Detail Mutual Funds/Button - 10 Year' with duration 1

2022-02-15 09:40:05 - [TEST_STEP][PASSED] - break: null

2022-02-15 09:40:05 - [TEST_STEP][PASSED] - delay(3): Delayed 3 second(s)

2022-02-15 09:40:08 - [MESSAGE][PASSED] - Delayed 3 second(s)

2022-02-15 09:40:08 - [TEST_STEP][PASSED] - scroll.scroll.scrollScreenBottomToTop(): scroll.scroll.scrollScreenBottomToTop is PASSED

2022-02-15 09:40:08 - [MESSAGE][PASSED] - Current device physical height is 1423

2022-02-15 09:40:09 - [MESSAGE][PASSED] - Current device physical width is 720

2022-02-15 09:40:10 - [MESSAGE][PASSED] - Swiped from 360,1,138 to 360,284

2022-02-15 09:40:10 - [MESSAGE][PASSED] - scroll.scroll.scrollScreenBottomToTop is PASSED

2022-02-15 09:40:10 - [MESSAGE][PASSED] - Call Test Case 'Test Cases/Mobile/Page/Portfolio/Portfolio' successfully

2022-02-15 09:40:10 - [TEST_STEP][PASSED] - callTestCase(findTestCase("Mobile/Page/Run App/Terminate App"), [:], STOP_ON_FAILURE): Call Test Case 'Test Cases/Mobile/Page/Run App/Terminate App' successfully

2022-02-15 09:40:10 - [TEST_CASE][PASSED] - Test Cases/Mobile/Page/Run App/Terminate App: Test Cases/Mobile/Page/Run App/Terminate App

2022-02-15 09:40:10 - [TEST_STEP][PASSED] - startApp.OpenApp.terminateApplication(): startApp.OpenApp.terminateApplication is PASSED

2022-02-15 09:40:13 - [MESSAGE][PASSED] - Delayed 3 second(s)

2022-02-15 09:40:13 - [MESSAGE][PASSED] - Current device physical width is 720

2022-02-15 09:40:13 - [MESSAGE][PASSED] - Current device physical height is 1423

2022-02-15 09:40:15 - [MESSAGE][PASSED] - Swiped from 360,853 to 360,142

2022-02-15 09:40:16 - [MESSAGE][PASSED] - Delayed 1 second(s)

2022-02-15 09:40:17 - [MESSAGE][PASSED] - Swiped from 360,853 to 360,142

2022-02-15 09:40:20 - [MESSAGE][PASSED] - Delayed 3 second(s)

2022-02-15 09:40:20 - [MESSAGE][PASSED] - startApp.OpenApp.terminateApplication is PASSED

2022-02-15 09:40:20 - [MESSAGE][PASSED] - Call Test Case 'Test Cases/Mobile/Page/Run App/Terminate App' successfully]]></system-out>
         <system-err><![CDATA[]]></system-err>
      </testcase>
      <system-out><![CDATA[2022-02-15 09:20:36 - [TEST_SUITE][PASSED] - portfolio: Test Cases/Mobile/Scenario/Portfolio/019 - Melihat detail mutual fund 10 year]]></system-out>
      <system-err><![CDATA[]]></system-err>
   </testsuite>
</testsuites>
