<?xml version="1.0" encoding="UTF-8"?>
<testsuites name="news" time="320.106" tests="5" failures="0" skips="0" errors="0">
   <testsuite name="news" tests="5" failures="0" errors="0" time="320.106" skips="0" timestamp="2022-03-01 15:23:57" hostname="Owner - aldy-tft" id="Test Suites/news">
      <properties>
         <property name="deviceName" value="samsung SM-A205F (Android 11)"/>
         <property name="devicePlatform" value=""/>
         <property name="logFolder" value="C:\\Users\\Owner\\Documents\\kerjaan\\KatalonProject\\qa_katalon_pwm\\qa_katalon_pwm\\Reports\\20220301_145131\\news\\20220301_145149"/>
         <property name="logFiles" value="C:\\Users\\Owner\\Documents\\kerjaan\\KatalonProject\\qa_katalon_pwm\\qa_katalon_pwm\\Reports\\20220301_145131\\news\\20220301_145149\\appium.log, C:\\Users\\Owner\\Documents\\kerjaan\\KatalonProject\\qa_katalon_pwm\\qa_katalon_pwm\\Reports\\20220301_145131\\news\\20220301_145149\\execution0.log"/>
         <property name="attachments" value=""/>
         <property name="hostName" value="Owner - aldy-tft"/>
         <property name="os" value="Windows 10 64bit"/>
         <property name="appiumServerStatus" value="{&quot;value&quot;:{&quot;build&quot;:{&quot;version&quot;:&quot;1.22.0&quot;}},&quot;sessionId&quot;:null,&quot;status&quot;:0}"/>
         <property name="katalonVersion" value="7.9.1.208"/>
         <property name="deviceOS" value="Android"/>
         <property name="appiumVersion" value="1.22.0"/>
         <property name="deviceModel" value="SM-A205F"/>
         <property name="hostAddress" value="192.168.100.14"/>
         <property name="deviceManufacturer" value="samsung"/>
         <property name="deviceId" value="RR8M40C9AXE"/>
         <property name="deviceName" value="samsung SM-A205F (Android 11)"/>
         <property name="deviceOSVersion" value="11"/>
      </properties>
      <testcase name="Test Cases/Mobile/Scenario/News/001 - News World Indices" time="81.379" classname="Test Cases/Mobile/Scenario/News/001 - News World Indices" status="PASSED">
         <system-out><![CDATA[2022-03-01 15:23:58 - [TEST_CASE][PASSED] - Test Cases/Mobile/Scenario/News/001 - News World Indices: Test Cases/Mobile/Scenario/News/001 - News World Indices

2022-03-01 15:23:58 - [TEST_STEP][PASSED] - callTestCase(findTestCase("Mobile/Page/Run App/Run App byID"), [:], STOP_ON_FAILURE): Call Test Case 'Test Cases/Mobile/Page/Run App/Run App byID' successfully

2022-03-01 15:23:58 - [TEST_CASE][PASSED] - Test Cases/Mobile/Page/Run App/Run App byID: Test Cases/Mobile/Page/Run App/Run App byID

2022-03-01 15:23:59 - [TEST_STEP][PASSED] - startApp.OpenApp.startApplication("id.co.miraeasset.sageclub"): startApp.OpenApp.startApplication is PASSED

2022-03-01 15:24:00 - [MESSAGE][INFO] - Appium server started on port 65,404

2022-03-01 15:24:14 - [MESSAGE][PASSED] - Starting app with application ID: 'id.co.miraeasset.sageclub'

2022-03-01 15:24:14 - [MESSAGE][PASSED] - startApp.OpenApp.startApplication is PASSED

2022-03-01 15:24:14 - [MESSAGE][PASSED] - Call Test Case 'Test Cases/Mobile/Page/Run App/Run App byID' successfully

2022-03-01 15:24:14 - [TEST_STEP][PASSED] - callTestCase(findTestCase("Mobile/Page/News/News"), ["tab":"worldindices"], CONTINUE_ON_FAILURE): Call Test Case 'Test Cases/Mobile/Page/News/News' successfully

2022-03-01 15:24:14 - [TEST_CASE][PASSED] - Test Cases/Mobile/Page/News/News: Test Cases/Mobile/Page/News/News

2022-03-01 15:24:15 - [TEST_STEP][PASSED] - callTestCase(findTestCase("Mobile/Page/CheckLogin"), [:], CONTINUE_ON_FAILURE): Call Test Case 'Test Cases/Mobile/Page/CheckLogin' successfully

2022-03-01 15:24:15 - [TEST_CASE][PASSED] - Test Cases/Mobile/Page/CheckLogin: Test Cases/Mobile/Page/CheckLogin

2022-03-01 15:24:15 - [TEST_STEP][PASSED] - loginCheck = verifyElementExist(LOGN_BtnLogin, 5, CONTINUE_ON_FAILURE): Element 'Object Repository/Mobile/Page/Login/Button - Login' is exist

2022-03-01 15:24:15 - [MESSAGE][WARNING] - Test object with id 'Object Repository/Mobile/Page/Analysis/Button - Open With Just Once' does not exist

2022-03-01 15:24:15 - [MESSAGE][WARNING] - Test object with id 'Object Repository/Mobile/Page/Analysis/Button - Search' does not exist

2022-03-01 15:24:17 - [MESSAGE][WARNING] - Test object with id 'Object Repository/Mobile/Page/Home/Button -  Add Watchlist' does not exist

2022-03-01 15:24:17 - [MESSAGE][WARNING] - Test object with id 'Object Repository/Mobile/Page/Home/Button - Open with Just Once' does not exist

2022-03-01 15:24:17 - [MESSAGE][WARNING] - Test object with id 'Object Repository/Mobile/Page/Home/Container - Notification' does not exist

2022-03-01 15:24:17 - [MESSAGE][WARNING] - Test object with id 'Object Repository/Mobile/Page/Home/Watchlist/Input - Search' does not exist

2022-03-01 15:24:17 - [MESSAGE][WARNING] - Test object with id 'Object Repository/Mobile/Page/Home/Watchlist/Item - Top Search' does not exist

2022-03-01 15:24:17 - [MESSAGE][WARNING] - Test object with id 'Object Repository/Mobile/Page/Home/Watchlist/Detail Watchlist/Input - Expiry Date' does not exist

2022-03-01 15:24:17 - [MESSAGE][WARNING] - Test object with id 'Object Repository/Mobile/Page/Home/Watchlist/Detail Watchlist/Item - Watchlist' does not exist

2022-03-01 15:24:18 - [MESSAGE][WARNING] - Test object with id 'Object Repository/Mobile/Page/NavigationMenu/Button - Open Just Once' does not exist

2022-03-01 15:24:18 - [MESSAGE][WARNING] - Test object with id 'Object Repository/Mobile/Page/NavigationMenu/Container - Logout' does not exist

2022-03-01 15:24:21 - [MESSAGE][WARNING] - Test object with id 'Object Repository/Mobile/Page/Analysis/Button - Open With Just Once' does not exist

2022-03-01 15:24:21 - [MESSAGE][WARNING] - Test object with id 'Object Repository/Mobile/Page/Analysis/Button - Search' does not exist

2022-03-01 15:24:22 - [MESSAGE][WARNING] - Test object with id 'Object Repository/Mobile/Page/Home/Button -  Add Watchlist' does not exist

2022-03-01 15:24:22 - [MESSAGE][WARNING] - Test object with id 'Object Repository/Mobile/Page/Home/Button - Open with Just Once' does not exist

2022-03-01 15:24:22 - [MESSAGE][WARNING] - Test object with id 'Object Repository/Mobile/Page/Home/Container - Notification' does not exist

2022-03-01 15:24:23 - [MESSAGE][WARNING] - Test object with id 'Object Repository/Mobile/Page/Home/Watchlist/Input - Search' does not exist

2022-03-01 15:24:23 - [MESSAGE][WARNING] - Test object with id 'Object Repository/Mobile/Page/Home/Watchlist/Item - Top Search' does not exist

2022-03-01 15:24:23 - [MESSAGE][WARNING] - Test object with id 'Object Repository/Mobile/Page/Home/Watchlist/Detail Watchlist/Input - Expiry Date' does not exist

2022-03-01 15:24:23 - [MESSAGE][WARNING] - Test object with id 'Object Repository/Mobile/Page/Home/Watchlist/Detail Watchlist/Item - Watchlist' does not exist

2022-03-01 15:24:24 - [MESSAGE][WARNING] - Test object with id 'Object Repository/Mobile/Page/NavigationMenu/Button - Open Just Once' does not exist

2022-03-01 15:24:24 - [MESSAGE][WARNING] - Test object with id 'Object Repository/Mobile/Page/NavigationMenu/Container - Logout' does not exist

2022-03-01 15:24:27 - [MESSAGE][PASSED] - Element 'Object Repository/Mobile/Page/Login/Button - Login' is exist

2022-03-01 15:24:27 - [TEST_STEP][PASSED] - if (loginCheck): Call Test Case 'Test Cases/Mobile/Page/Login/Login' successfully

2022-03-01 15:24:27 - [TEST_STEP][PASSED] - callTestCase(findTestCase("Mobile/Page/Login/Login"), ["action":"username"], CONTINUE_ON_FAILURE): Call Test Case 'Test Cases/Mobile/Page/Login/Login' successfully

2022-03-01 15:24:27 - [TEST_CASE][PASSED] - Test Cases/Mobile/Page/Login/Login: Test Cases/Mobile/Page/Login/Login

2022-03-01 15:24:27 - [TEST_STEP][PASSED] - delay(2): Delayed 2 second(s)

2022-03-01 15:24:29 - [MESSAGE][PASSED] - Delayed 2 second(s)

2022-03-01 15:24:29 - [TEST_STEP][PASSED] - for ([i = 0, i < 1, (i++)]): null

2022-03-01 15:24:29 - [TEST_STEP][PASSED] - if (action == "username"): null

2022-03-01 15:24:30 - [TEST_STEP][PASSED] - tap(LOGN_EdtUserID, 0): Tapped on element 'Object Repository/Mobile/Page/Login/Input - UserID'

2022-03-01 15:24:30 - [MESSAGE][WARNING] - Timeout '0' is invalid. Using default page load timeout: '60'

2022-03-01 15:24:30 - [MESSAGE][PASSED] - Tapped on element 'Object Repository/Mobile/Page/Login/Input - UserID'

2022-03-01 15:24:30 - [TEST_STEP][PASSED] - delay(1): Delayed 1 second(s)

2022-03-01 15:24:31 - [MESSAGE][PASSED] - Delayed 1 second(s)

2022-03-01 15:24:31 - [TEST_STEP][PASSED] - setText(LOGN_EdtRdyUserID, "anggaaditya", 0): Text 'anggaaditya' has been set to element 'Object Repository/Mobile/Page/Login/Input Rdy - UserID'

2022-03-01 15:24:31 - [MESSAGE][WARNING] - Timeout '0' is invalid. Using default page load timeout: '60'

2022-03-01 15:24:32 - [MESSAGE][PASSED] - Text 'anggaaditya' has been set to element 'Object Repository/Mobile/Page/Login/Input Rdy - UserID'

2022-03-01 15:24:32 - [TEST_STEP][PASSED] - delay(1): Delayed 1 second(s)

2022-03-01 15:24:33 - [MESSAGE][PASSED] - Delayed 1 second(s)

2022-03-01 15:24:33 - [TEST_STEP][PASSED] - hideKeyboard(): Keyboard is hidden

2022-03-01 15:24:36 - [MESSAGE][PASSED] - Keyboard is hidden

2022-03-01 15:24:36 - [TEST_STEP][PASSED] - tap(LOGN_EdtPassword, 0): Tapped on element 'Object Repository/Mobile/Page/Login/Input - Password'

2022-03-01 15:24:36 - [MESSAGE][WARNING] - Timeout '0' is invalid. Using default page load timeout: '60'

2022-03-01 15:24:37 - [MESSAGE][PASSED] - Tapped on element 'Object Repository/Mobile/Page/Login/Input - Password'

2022-03-01 15:24:37 - [TEST_STEP][PASSED] - delay(1): Delayed 1 second(s)

2022-03-01 15:24:38 - [MESSAGE][PASSED] - Delayed 1 second(s)

2022-03-01 15:24:38 - [TEST_STEP][PASSED] - setText(LOGN_EdtRdyPassword, "Shalawa18", 0): Text 'Shalawa18' has been set to element 'Object Repository/Mobile/Page/Login/Input Rdy - Password'

2022-03-01 15:24:38 - [MESSAGE][WARNING] - Timeout '0' is invalid. Using default page load timeout: '60'

2022-03-01 15:24:38 - [MESSAGE][PASSED] - Text 'Shalawa18' has been set to element 'Object Repository/Mobile/Page/Login/Input Rdy - Password'

2022-03-01 15:24:38 - [TEST_STEP][PASSED] - delay(1): Delayed 1 second(s)

2022-03-01 15:24:39 - [MESSAGE][PASSED] - Delayed 1 second(s)

2022-03-01 15:24:39 - [TEST_STEP][PASSED] - hideKeyboard(): Keyboard is hidden

2022-03-01 15:24:45 - [MESSAGE][PASSED] - Keyboard is hidden

2022-03-01 15:24:45 - [TEST_STEP][PASSED] - tap(LOGN_BtnLogin, 0): Tapped on element 'Object Repository/Mobile/Page/Login/Button - Login'

2022-03-01 15:24:45 - [MESSAGE][WARNING] - Timeout '0' is invalid. Using default page load timeout: '60'

2022-03-01 15:24:46 - [MESSAGE][PASSED] - Tapped on element 'Object Repository/Mobile/Page/Login/Button - Login'

2022-03-01 15:24:46 - [TEST_STEP][PASSED] - delay(2): Delayed 2 second(s)

2022-03-01 15:24:48 - [MESSAGE][PASSED] - Delayed 2 second(s)

2022-03-01 15:24:48 - [TEST_STEP][PASSED] - break: null

2022-03-01 15:24:48 - [MESSAGE][PASSED] - Call Test Case 'Test Cases/Mobile/Page/Login/Login' successfully

2022-03-01 15:24:48 - [MESSAGE][PASSED] - Call Test Case 'Test Cases/Mobile/Page/CheckLogin' successfully

2022-03-01 15:24:48 - [TEST_STEP][PASSED] - tap(HOME_MenubarNews, 0): Tapped on element 'Object Repository/Mobile/Page/Home/Menubar - News'

2022-03-01 15:24:48 - [MESSAGE][WARNING] - Timeout '0' is invalid. Using default page load timeout: '60'

2022-03-01 15:24:50 - [MESSAGE][PASSED] - Tapped on element 'Object Repository/Mobile/Page/Home/Menubar - News'

2022-03-01 15:24:50 - [TEST_STEP][PASSED] - delay(1): Delayed 1 second(s)

2022-03-01 15:24:51 - [MESSAGE][PASSED] - Delayed 1 second(s)

2022-03-01 15:24:51 - [TEST_STEP][PASSED] - for ([i = 0, i < 1, (i++)]): null

2022-03-01 15:24:51 - [TEST_STEP][PASSED] - if (tab == "macronews"): null

2022-03-01 15:24:51 - [TEST_STEP][PASSED] - else if (tab == "stocknews"): null

2022-03-01 15:24:51 - [TEST_STEP][PASSED] - else if (tab == "fundnews"): null

2022-03-01 15:24:51 - [TEST_STEP][PASSED] - else if (tab == "bondnews"): null

2022-03-01 15:24:51 - [TEST_STEP][PASSED] - else if (tab == "worldindices"): Delayed 3 second(s)

2022-03-01 15:24:51 - [TEST_STEP][PASSED] - scroll.scroll.scrollScreenRightToLeft(NEWS_TabMacro): scroll.scroll.scrollScreenRightToLeft is PASSED

2022-03-01 15:24:51 - [MESSAGE][WARNING] - Timeout '0' is invalid. Using default page load timeout: '60'

2022-03-01 15:24:52 - [MESSAGE][PASSED] - Object 'Object Repository/Mobile/Page/News/Tab - Macro' has left position '14'

2022-03-01 15:24:52 - [MESSAGE][WARNING] - Timeout '0' is invalid. Using default page load timeout: '60'

2022-03-01 15:24:52 - [MESSAGE][PASSED] - Object 'Object Repository/Mobile/Page/News/Tab - Macro' has top position '245'

2022-03-01 15:24:52 - [MESSAGE][WARNING] - Timeout '0' is invalid. Using default page load timeout: '60'

2022-03-01 15:24:52 - [MESSAGE][PASSED] - Object 'Object Repository/Mobile/Page/News/Tab - Macro' has width: '215'

2022-03-01 15:24:52 - [MESSAGE][WARNING] - Timeout '0' is invalid. Using default page load timeout: '60'

2022-03-01 15:24:52 - [MESSAGE][PASSED] - Object 'Object Repository/Mobile/Page/News/Tab - Macro' has height: '84'

2022-03-01 15:24:53 - [MESSAGE][PASSED] - Current device physical width is 720

2022-03-01 15:24:54 - [MESSAGE][PASSED] - Swiped from 620,287 to 100,287

2022-03-01 15:24:54 - [MESSAGE][PASSED] - scroll.scroll.scrollScreenRightToLeft is PASSED

2022-03-01 15:24:54 - [TEST_STEP][PASSED] - delay(1): Delayed 1 second(s)

2022-03-01 15:24:55 - [MESSAGE][PASSED] - Delayed 1 second(s)

2022-03-01 15:24:55 - [TEST_STEP][PASSED] - tap(NEWS_TabWorldIndices, 0): Tapped on element 'Object Repository/Mobile/Page/News/Tab - World Indices'

2022-03-01 15:24:55 - [MESSAGE][WARNING] - Timeout '0' is invalid. Using default page load timeout: '60'

2022-03-01 15:24:56 - [MESSAGE][PASSED] - Tapped on element 'Object Repository/Mobile/Page/News/Tab - World Indices'

2022-03-01 15:24:56 - [TEST_STEP][PASSED] - delay(1): Delayed 1 second(s)

2022-03-01 15:24:57 - [MESSAGE][PASSED] - Delayed 1 second(s)

2022-03-01 15:24:57 - [TEST_STEP][PASSED] - tap(NEWS_BtnIndices, 0): Tapped on element 'Object Repository/Mobile/Page/News/Button - Indices'

2022-03-01 15:24:57 - [MESSAGE][WARNING] - Timeout '0' is invalid. Using default page load timeout: '60'

2022-03-01 15:24:58 - [MESSAGE][PASSED] - Tapped on element 'Object Repository/Mobile/Page/News/Button - Indices'

2022-03-01 15:24:58 - [TEST_STEP][PASSED] - delay(3): Delayed 3 second(s)

2022-03-01 15:25:01 - [MESSAGE][PASSED] - Delayed 3 second(s)

2022-03-01 15:25:01 - [TEST_STEP][PASSED] - tap(NEWS_BtnCurrencies, 0): Tapped on element 'Object Repository/Mobile/Page/News/Button - Currencies'

2022-03-01 15:25:01 - [MESSAGE][WARNING] - Timeout '0' is invalid. Using default page load timeout: '60'

2022-03-01 15:25:01 - [MESSAGE][PASSED] - Tapped on element 'Object Repository/Mobile/Page/News/Button - Currencies'

2022-03-01 15:25:01 - [TEST_STEP][PASSED] - delay(3): Delayed 3 second(s)

2022-03-01 15:25:04 - [MESSAGE][PASSED] - Delayed 3 second(s)

2022-03-01 15:25:04 - [TEST_STEP][PASSED] - tap(NEWS_BtnCommodities, 0): Tapped on element 'Object Repository/Mobile/Page/News/Button - Commodities'

2022-03-01 15:25:04 - [MESSAGE][WARNING] - Timeout '0' is invalid. Using default page load timeout: '60'

2022-03-01 15:25:05 - [MESSAGE][PASSED] - Tapped on element 'Object Repository/Mobile/Page/News/Button - Commodities'

2022-03-01 15:25:05 - [TEST_STEP][PASSED] - delay(3): Delayed 3 second(s)

2022-03-01 15:25:08 - [MESSAGE][PASSED] - Delayed 3 second(s)

2022-03-01 15:25:08 - [TEST_STEP][PASSED] - delay(1): Delayed 1 second(s)

2022-03-01 15:25:09 - [MESSAGE][PASSED] - Delayed 1 second(s)

2022-03-01 15:25:09 - [TEST_STEP][PASSED] - if (tab != "worldindices"): null

2022-03-01 15:25:09 - [MESSAGE][PASSED] - Call Test Case 'Test Cases/Mobile/Page/News/News' successfully

2022-03-01 15:25:09 - [TEST_STEP][PASSED] - callTestCase(findTestCase("Mobile/Page/Run App/Terminate App"), [:], STOP_ON_FAILURE): Call Test Case 'Test Cases/Mobile/Page/Run App/Terminate App' successfully

2022-03-01 15:25:09 - [TEST_CASE][PASSED] - Test Cases/Mobile/Page/Run App/Terminate App: Test Cases/Mobile/Page/Run App/Terminate App

2022-03-01 15:25:09 - [TEST_STEP][PASSED] - startApp.OpenApp.terminateApplication(): startApp.OpenApp.terminateApplication is PASSED

2022-03-01 15:25:12 - [MESSAGE][PASSED] - Delayed 3 second(s)

2022-03-01 15:25:13 - [MESSAGE][PASSED] - Current device physical width is 720

2022-03-01 15:25:13 - [MESSAGE][PASSED] - Current device physical height is 1423

2022-03-01 15:25:14 - [MESSAGE][PASSED] - Swiped from 360,853 to 360,142

2022-03-01 15:25:15 - [MESSAGE][PASSED] - Delayed 1 second(s)

2022-03-01 15:25:16 - [MESSAGE][PASSED] - Swiped from 360,853 to 360,142

2022-03-01 15:25:19 - [MESSAGE][PASSED] - Delayed 3 second(s)

2022-03-01 15:25:19 - [MESSAGE][PASSED] - startApp.OpenApp.terminateApplication is PASSED

2022-03-01 15:25:19 - [MESSAGE][PASSED] - Call Test Case 'Test Cases/Mobile/Page/Run App/Terminate App' successfully]]></system-out>
         <system-err><![CDATA[]]></system-err>
      </testcase>
      <testcase name="Test Cases/Mobile/Scenario/News/002 - News Stock" time="59.062" classname="Test Cases/Mobile/Scenario/News/002 - News Stock" status="PASSED">
         <system-out><![CDATA[2022-03-01 15:25:19 - [TEST_CASE][PASSED] - Test Cases/Mobile/Scenario/News/002 - News Stock: Test Cases/Mobile/Scenario/News/002 - News Stock

2022-03-01 15:25:20 - [TEST_STEP][PASSED] - callTestCase(findTestCase("Mobile/Page/Run App/Run App byID"), [:], STOP_ON_FAILURE): Call Test Case 'Test Cases/Mobile/Page/Run App/Run App byID' successfully

2022-03-01 15:25:20 - [TEST_CASE][PASSED] - Test Cases/Mobile/Page/Run App/Run App byID: Test Cases/Mobile/Page/Run App/Run App byID

2022-03-01 15:25:20 - [TEST_STEP][PASSED] - startApp.OpenApp.startApplication("id.co.miraeasset.sageclub"): startApp.OpenApp.startApplication is PASSED

2022-03-01 15:25:31 - [MESSAGE][PASSED] - Starting app with application ID: 'id.co.miraeasset.sageclub'

2022-03-01 15:25:31 - [MESSAGE][PASSED] - startApp.OpenApp.startApplication is PASSED

2022-03-01 15:25:31 - [MESSAGE][PASSED] - Call Test Case 'Test Cases/Mobile/Page/Run App/Run App byID' successfully

2022-03-01 15:25:31 - [TEST_STEP][PASSED] - callTestCase(findTestCase("Mobile/Page/News/News"), ["tab":"stocknews"], CONTINUE_ON_FAILURE): Call Test Case 'Test Cases/Mobile/Page/News/News' successfully

2022-03-01 15:25:32 - [TEST_CASE][PASSED] - Test Cases/Mobile/Page/News/News: Test Cases/Mobile/Page/News/News

2022-03-01 15:25:32 - [TEST_STEP][PASSED] - callTestCase(findTestCase("Mobile/Page/CheckLogin"), [:], CONTINUE_ON_FAILURE): Call Test Case 'Test Cases/Mobile/Page/CheckLogin' successfully

2022-03-01 15:25:32 - [TEST_CASE][PASSED] - Test Cases/Mobile/Page/CheckLogin: Test Cases/Mobile/Page/CheckLogin

2022-03-01 15:25:32 - [TEST_STEP][PASSED] - loginCheck = verifyElementExist(LOGN_BtnLogin, 5, CONTINUE_ON_FAILURE): Element 'Object Repository/Mobile/Page/Login/Button - Login' is exist

2022-03-01 15:25:33 - [MESSAGE][PASSED] - Element 'Object Repository/Mobile/Page/Login/Button - Login' is exist

2022-03-01 15:25:33 - [TEST_STEP][PASSED] - if (loginCheck): Call Test Case 'Test Cases/Mobile/Page/Login/Login' successfully

2022-03-01 15:25:33 - [TEST_STEP][PASSED] - callTestCase(findTestCase("Mobile/Page/Login/Login"), ["action":"username"], CONTINUE_ON_FAILURE): Call Test Case 'Test Cases/Mobile/Page/Login/Login' successfully

2022-03-01 15:25:33 - [TEST_CASE][PASSED] - Test Cases/Mobile/Page/Login/Login: Test Cases/Mobile/Page/Login/Login

2022-03-01 15:25:33 - [TEST_STEP][PASSED] - delay(2): Delayed 2 second(s)

2022-03-01 15:25:35 - [MESSAGE][PASSED] - Delayed 2 second(s)

2022-03-01 15:25:35 - [TEST_STEP][PASSED] - for ([i = 0, i < 1, (i++)]): null

2022-03-01 15:25:35 - [TEST_STEP][PASSED] - if (action == "username"): null

2022-03-01 15:25:35 - [TEST_STEP][PASSED] - tap(LOGN_EdtUserID, 0): Tapped on element 'Object Repository/Mobile/Page/Login/Input - UserID'

2022-03-01 15:25:35 - [MESSAGE][WARNING] - Timeout '0' is invalid. Using default page load timeout: '60'

2022-03-01 15:25:36 - [MESSAGE][PASSED] - Tapped on element 'Object Repository/Mobile/Page/Login/Input - UserID'

2022-03-01 15:25:36 - [TEST_STEP][PASSED] - delay(1): Delayed 1 second(s)

2022-03-01 15:25:37 - [MESSAGE][PASSED] - Delayed 1 second(s)

2022-03-01 15:25:37 - [TEST_STEP][PASSED] - setText(LOGN_EdtRdyUserID, "anggaaditya", 0): Text 'anggaaditya' has been set to element 'Object Repository/Mobile/Page/Login/Input Rdy - UserID'

2022-03-01 15:25:37 - [MESSAGE][WARNING] - Timeout '0' is invalid. Using default page load timeout: '60'

2022-03-01 15:25:38 - [MESSAGE][PASSED] - Text 'anggaaditya' has been set to element 'Object Repository/Mobile/Page/Login/Input Rdy - UserID'

2022-03-01 15:25:38 - [TEST_STEP][PASSED] - delay(1): Delayed 1 second(s)

2022-03-01 15:25:39 - [MESSAGE][PASSED] - Delayed 1 second(s)

2022-03-01 15:25:39 - [TEST_STEP][PASSED] - hideKeyboard(): Keyboard is hidden

2022-03-01 15:25:42 - [MESSAGE][PASSED] - Keyboard is hidden

2022-03-01 15:25:42 - [TEST_STEP][PASSED] - tap(LOGN_EdtPassword, 0): Tapped on element 'Object Repository/Mobile/Page/Login/Input - Password'

2022-03-01 15:25:42 - [MESSAGE][WARNING] - Timeout '0' is invalid. Using default page load timeout: '60'

2022-03-01 15:25:43 - [MESSAGE][PASSED] - Tapped on element 'Object Repository/Mobile/Page/Login/Input - Password'

2022-03-01 15:25:43 - [TEST_STEP][PASSED] - delay(1): Delayed 1 second(s)

2022-03-01 15:25:44 - [MESSAGE][PASSED] - Delayed 1 second(s)

2022-03-01 15:25:44 - [TEST_STEP][PASSED] - setText(LOGN_EdtRdyPassword, "Shalawa18", 0): Text 'Shalawa18' has been set to element 'Object Repository/Mobile/Page/Login/Input Rdy - Password'

2022-03-01 15:25:44 - [MESSAGE][WARNING] - Timeout '0' is invalid. Using default page load timeout: '60'

2022-03-01 15:25:44 - [MESSAGE][PASSED] - Text 'Shalawa18' has been set to element 'Object Repository/Mobile/Page/Login/Input Rdy - Password'

2022-03-01 15:25:44 - [TEST_STEP][PASSED] - delay(1): Delayed 1 second(s)

2022-03-01 15:25:45 - [MESSAGE][PASSED] - Delayed 1 second(s)

2022-03-01 15:25:45 - [TEST_STEP][PASSED] - hideKeyboard(): Keyboard is hidden

2022-03-01 15:25:52 - [MESSAGE][PASSED] - Keyboard is hidden

2022-03-01 15:25:52 - [TEST_STEP][PASSED] - tap(LOGN_BtnLogin, 0): Tapped on element 'Object Repository/Mobile/Page/Login/Button - Login'

2022-03-01 15:25:52 - [MESSAGE][WARNING] - Timeout '0' is invalid. Using default page load timeout: '60'

2022-03-01 15:25:52 - [MESSAGE][PASSED] - Tapped on element 'Object Repository/Mobile/Page/Login/Button - Login'

2022-03-01 15:25:52 - [TEST_STEP][PASSED] - delay(2): Delayed 2 second(s)

2022-03-01 15:25:54 - [MESSAGE][PASSED] - Delayed 2 second(s)

2022-03-01 15:25:54 - [TEST_STEP][PASSED] - break: null

2022-03-01 15:25:54 - [MESSAGE][PASSED] - Call Test Case 'Test Cases/Mobile/Page/Login/Login' successfully

2022-03-01 15:25:54 - [MESSAGE][PASSED] - Call Test Case 'Test Cases/Mobile/Page/CheckLogin' successfully

2022-03-01 15:25:54 - [TEST_STEP][PASSED] - tap(HOME_MenubarNews, 0): Tapped on element 'Object Repository/Mobile/Page/Home/Menubar - News'

2022-03-01 15:25:54 - [MESSAGE][WARNING] - Timeout '0' is invalid. Using default page load timeout: '60'

2022-03-01 15:25:56 - [MESSAGE][PASSED] - Tapped on element 'Object Repository/Mobile/Page/Home/Menubar - News'

2022-03-01 15:25:56 - [TEST_STEP][PASSED] - delay(1): Delayed 1 second(s)

2022-03-01 15:25:57 - [MESSAGE][PASSED] - Delayed 1 second(s)

2022-03-01 15:25:57 - [TEST_STEP][PASSED] - for ([i = 0, i < 1, (i++)]): Delayed 3 second(s)

2022-03-01 15:25:57 - [TEST_STEP][PASSED] - if (tab == "macronews"): null

2022-03-01 15:25:57 - [TEST_STEP][PASSED] - else if (tab == "stocknews"): Tapped on element 'Object Repository/Mobile/Page/News/Tab - Stock'

2022-03-01 15:25:57 - [TEST_STEP][PASSED] - tap(NEWS_TabStock, 0): Tapped on element 'Object Repository/Mobile/Page/News/Tab - Stock'

2022-03-01 15:25:57 - [MESSAGE][WARNING] - Timeout '0' is invalid. Using default page load timeout: '60'

2022-03-01 15:25:59 - [MESSAGE][PASSED] - Tapped on element 'Object Repository/Mobile/Page/News/Tab - Stock'

2022-03-01 15:25:59 - [TEST_STEP][PASSED] - delay(1): Delayed 1 second(s)

2022-03-01 15:26:00 - [MESSAGE][PASSED] - Delayed 1 second(s)

2022-03-01 15:26:00 - [TEST_STEP][PASSED] - if (tab != "worldindices"): Delayed 3 second(s)

2022-03-01 15:26:00 - [TEST_STEP][PASSED] - try: Delayed 3 second(s)

2022-03-01 15:26:00 - [TEST_STEP][PASSED] - tapAndHold(NEWS_ItemTopNews, 1, 10): Tapped and held on element 'Object Repository/Mobile/Page/News/Item - Top News' with duration 1

2022-03-01 15:26:03 - [MESSAGE][PASSED] - Tapped and held on element 'Object Repository/Mobile/Page/News/Item - Top News' with duration 1

2022-03-01 15:26:03 - [TEST_STEP][PASSED] - delay(1): Delayed 1 second(s)

2022-03-01 15:26:04 - [MESSAGE][PASSED] - Delayed 1 second(s)

2022-03-01 15:26:04 - [TEST_STEP][PASSED] - scroll.scroll.scrollScreenBottomToTop(): scroll.scroll.scrollScreenBottomToTop is PASSED

2022-03-01 15:26:04 - [MESSAGE][PASSED] - Current device physical height is 1423

2022-03-01 15:26:04 - [MESSAGE][PASSED] - Current device physical width is 720

2022-03-01 15:26:05 - [MESSAGE][PASSED] - Swiped from 360,1,138 to 360,284

2022-03-01 15:26:05 - [MESSAGE][PASSED] - scroll.scroll.scrollScreenBottomToTop is PASSED

2022-03-01 15:26:05 - [TEST_STEP][PASSED] - delay(3): Delayed 3 second(s)

2022-03-01 15:26:08 - [MESSAGE][PASSED] - Delayed 3 second(s)

2022-03-01 15:26:08 - [MESSAGE][PASSED] - Call Test Case 'Test Cases/Mobile/Page/News/News' successfully

2022-03-01 15:26:08 - [TEST_STEP][PASSED] - callTestCase(findTestCase("Mobile/Page/Run App/Terminate App"), [:], STOP_ON_FAILURE): Call Test Case 'Test Cases/Mobile/Page/Run App/Terminate App' successfully

2022-03-01 15:26:08 - [TEST_CASE][PASSED] - Test Cases/Mobile/Page/Run App/Terminate App: Test Cases/Mobile/Page/Run App/Terminate App

2022-03-01 15:26:08 - [TEST_STEP][PASSED] - startApp.OpenApp.terminateApplication(): startApp.OpenApp.terminateApplication is PASSED

2022-03-01 15:26:11 - [MESSAGE][PASSED] - Delayed 3 second(s)

2022-03-01 15:26:12 - [MESSAGE][PASSED] - Current device physical width is 720

2022-03-01 15:26:12 - [MESSAGE][PASSED] - Current device physical height is 1423

2022-03-01 15:26:13 - [MESSAGE][PASSED] - Swiped from 360,853 to 360,142

2022-03-01 15:26:14 - [MESSAGE][PASSED] - Delayed 1 second(s)

2022-03-01 15:26:15 - [MESSAGE][PASSED] - Swiped from 360,853 to 360,142

2022-03-01 15:26:18 - [MESSAGE][PASSED] - Delayed 3 second(s)

2022-03-01 15:26:18 - [MESSAGE][PASSED] - startApp.OpenApp.terminateApplication is PASSED

2022-03-01 15:26:18 - [MESSAGE][PASSED] - Call Test Case 'Test Cases/Mobile/Page/Run App/Terminate App' successfully]]></system-out>
         <system-err><![CDATA[]]></system-err>
      </testcase>
      <testcase name="Test Cases/Mobile/Scenario/News/003 - News Fund" time="59.908" classname="Test Cases/Mobile/Scenario/News/003 - News Fund" status="PASSED">
         <system-out><![CDATA[2022-03-01 15:26:18 - [TEST_CASE][PASSED] - Test Cases/Mobile/Scenario/News/003 - News Fund: Test Cases/Mobile/Scenario/News/003 - News Fund

2022-03-01 15:26:19 - [TEST_STEP][PASSED] - callTestCase(findTestCase("Mobile/Page/Run App/Run App byID"), [:], STOP_ON_FAILURE): Call Test Case 'Test Cases/Mobile/Page/Run App/Run App byID' successfully

2022-03-01 15:26:19 - [TEST_CASE][PASSED] - Test Cases/Mobile/Page/Run App/Run App byID: Test Cases/Mobile/Page/Run App/Run App byID

2022-03-01 15:26:19 - [TEST_STEP][PASSED] - startApp.OpenApp.startApplication("id.co.miraeasset.sageclub"): startApp.OpenApp.startApplication is PASSED

2022-03-01 15:26:30 - [MESSAGE][PASSED] - Starting app with application ID: 'id.co.miraeasset.sageclub'

2022-03-01 15:26:30 - [MESSAGE][PASSED] - startApp.OpenApp.startApplication is PASSED

2022-03-01 15:26:30 - [MESSAGE][PASSED] - Call Test Case 'Test Cases/Mobile/Page/Run App/Run App byID' successfully

2022-03-01 15:26:30 - [TEST_STEP][PASSED] - callTestCase(findTestCase("Mobile/Page/News/News"), ["tab":"fundnews"], CONTINUE_ON_FAILURE): Call Test Case 'Test Cases/Mobile/Page/News/News' successfully

2022-03-01 15:26:30 - [TEST_CASE][PASSED] - Test Cases/Mobile/Page/News/News: Test Cases/Mobile/Page/News/News

2022-03-01 15:26:30 - [TEST_STEP][PASSED] - callTestCase(findTestCase("Mobile/Page/CheckLogin"), [:], CONTINUE_ON_FAILURE): Call Test Case 'Test Cases/Mobile/Page/CheckLogin' successfully

2022-03-01 15:26:30 - [TEST_CASE][PASSED] - Test Cases/Mobile/Page/CheckLogin: Test Cases/Mobile/Page/CheckLogin

2022-03-01 15:26:30 - [TEST_STEP][PASSED] - loginCheck = verifyElementExist(LOGN_BtnLogin, 5, CONTINUE_ON_FAILURE): Element 'Object Repository/Mobile/Page/Login/Button - Login' is exist

2022-03-01 15:26:33 - [MESSAGE][PASSED] - Element 'Object Repository/Mobile/Page/Login/Button - Login' is exist

2022-03-01 15:26:33 - [TEST_STEP][PASSED] - if (loginCheck): Call Test Case 'Test Cases/Mobile/Page/Login/Login' successfully

2022-03-01 15:26:33 - [TEST_STEP][PASSED] - callTestCase(findTestCase("Mobile/Page/Login/Login"), ["action":"username"], CONTINUE_ON_FAILURE): Call Test Case 'Test Cases/Mobile/Page/Login/Login' successfully

2022-03-01 15:26:33 - [TEST_CASE][PASSED] - Test Cases/Mobile/Page/Login/Login: Test Cases/Mobile/Page/Login/Login

2022-03-01 15:26:33 - [TEST_STEP][PASSED] - delay(2): Delayed 2 second(s)

2022-03-01 15:26:35 - [MESSAGE][PASSED] - Delayed 2 second(s)

2022-03-01 15:26:35 - [TEST_STEP][PASSED] - for ([i = 0, i < 1, (i++)]): null

2022-03-01 15:26:35 - [TEST_STEP][PASSED] - if (action == "username"): null

2022-03-01 15:26:35 - [TEST_STEP][PASSED] - tap(LOGN_EdtUserID, 0): Tapped on element 'Object Repository/Mobile/Page/Login/Input - UserID'

2022-03-01 15:26:35 - [MESSAGE][WARNING] - Timeout '0' is invalid. Using default page load timeout: '60'

2022-03-01 15:26:35 - [MESSAGE][PASSED] - Tapped on element 'Object Repository/Mobile/Page/Login/Input - UserID'

2022-03-01 15:26:35 - [TEST_STEP][PASSED] - delay(1): Delayed 1 second(s)

2022-03-01 15:26:36 - [MESSAGE][PASSED] - Delayed 1 second(s)

2022-03-01 15:26:36 - [TEST_STEP][PASSED] - setText(LOGN_EdtRdyUserID, "anggaaditya", 0): Text 'anggaaditya' has been set to element 'Object Repository/Mobile/Page/Login/Input Rdy - UserID'

2022-03-01 15:26:36 - [MESSAGE][WARNING] - Timeout '0' is invalid. Using default page load timeout: '60'

2022-03-01 15:26:37 - [MESSAGE][PASSED] - Text 'anggaaditya' has been set to element 'Object Repository/Mobile/Page/Login/Input Rdy - UserID'

2022-03-01 15:26:37 - [TEST_STEP][PASSED] - delay(1): Delayed 1 second(s)

2022-03-01 15:26:38 - [MESSAGE][PASSED] - Delayed 1 second(s)

2022-03-01 15:26:38 - [TEST_STEP][PASSED] - hideKeyboard(): Keyboard is hidden

2022-03-01 15:26:41 - [MESSAGE][PASSED] - Keyboard is hidden

2022-03-01 15:26:41 - [TEST_STEP][PASSED] - tap(LOGN_EdtPassword, 0): Tapped on element 'Object Repository/Mobile/Page/Login/Input - Password'

2022-03-01 15:26:41 - [MESSAGE][WARNING] - Timeout '0' is invalid. Using default page load timeout: '60'

2022-03-01 15:26:42 - [MESSAGE][PASSED] - Tapped on element 'Object Repository/Mobile/Page/Login/Input - Password'

2022-03-01 15:26:42 - [TEST_STEP][PASSED] - delay(1): Delayed 1 second(s)

2022-03-01 15:26:43 - [MESSAGE][PASSED] - Delayed 1 second(s)

2022-03-01 15:26:43 - [TEST_STEP][PASSED] - setText(LOGN_EdtRdyPassword, "Shalawa18", 0): Text 'Shalawa18' has been set to element 'Object Repository/Mobile/Page/Login/Input Rdy - Password'

2022-03-01 15:26:43 - [MESSAGE][WARNING] - Timeout '0' is invalid. Using default page load timeout: '60'

2022-03-01 15:26:43 - [MESSAGE][PASSED] - Text 'Shalawa18' has been set to element 'Object Repository/Mobile/Page/Login/Input Rdy - Password'

2022-03-01 15:26:43 - [TEST_STEP][PASSED] - delay(1): Delayed 1 second(s)

2022-03-01 15:26:44 - [MESSAGE][PASSED] - Delayed 1 second(s)

2022-03-01 15:26:44 - [TEST_STEP][PASSED] - hideKeyboard(): Keyboard is hidden

2022-03-01 15:26:51 - [MESSAGE][PASSED] - Keyboard is hidden

2022-03-01 15:26:51 - [TEST_STEP][PASSED] - tap(LOGN_BtnLogin, 0): Tapped on element 'Object Repository/Mobile/Page/Login/Button - Login'

2022-03-01 15:26:51 - [MESSAGE][WARNING] - Timeout '0' is invalid. Using default page load timeout: '60'

2022-03-01 15:26:52 - [MESSAGE][PASSED] - Tapped on element 'Object Repository/Mobile/Page/Login/Button - Login'

2022-03-01 15:26:52 - [TEST_STEP][PASSED] - delay(2): Delayed 2 second(s)

2022-03-01 15:26:54 - [MESSAGE][PASSED] - Delayed 2 second(s)

2022-03-01 15:26:54 - [TEST_STEP][PASSED] - break: null

2022-03-01 15:26:54 - [MESSAGE][PASSED] - Call Test Case 'Test Cases/Mobile/Page/Login/Login' successfully

2022-03-01 15:26:54 - [MESSAGE][PASSED] - Call Test Case 'Test Cases/Mobile/Page/CheckLogin' successfully

2022-03-01 15:26:54 - [TEST_STEP][PASSED] - tap(HOME_MenubarNews, 0): Tapped on element 'Object Repository/Mobile/Page/Home/Menubar - News'

2022-03-01 15:26:54 - [MESSAGE][WARNING] - Timeout '0' is invalid. Using default page load timeout: '60'

2022-03-01 15:26:55 - [MESSAGE][PASSED] - Tapped on element 'Object Repository/Mobile/Page/Home/Menubar - News'

2022-03-01 15:26:55 - [TEST_STEP][PASSED] - delay(1): Delayed 1 second(s)

2022-03-01 15:26:56 - [MESSAGE][PASSED] - Delayed 1 second(s)

2022-03-01 15:26:56 - [TEST_STEP][PASSED] - for ([i = 0, i < 1, (i++)]): Delayed 3 second(s)

2022-03-01 15:26:56 - [TEST_STEP][PASSED] - if (tab == "macronews"): null

2022-03-01 15:26:56 - [TEST_STEP][PASSED] - else if (tab == "stocknews"): null

2022-03-01 15:26:56 - [TEST_STEP][PASSED] - else if (tab == "fundnews"): Tapped on element 'Object Repository/Mobile/Page/News/Tab - Fund'

2022-03-01 15:26:56 - [TEST_STEP][PASSED] - tap(NEWS_TabFund, 0): Tapped on element 'Object Repository/Mobile/Page/News/Tab - Fund'

2022-03-01 15:26:56 - [MESSAGE][WARNING] - Timeout '0' is invalid. Using default page load timeout: '60'

2022-03-01 15:26:58 - [MESSAGE][PASSED] - Tapped on element 'Object Repository/Mobile/Page/News/Tab - Fund'

2022-03-01 15:26:58 - [TEST_STEP][PASSED] - delay(1): Delayed 1 second(s)

2022-03-01 15:26:59 - [MESSAGE][PASSED] - Delayed 1 second(s)

2022-03-01 15:26:59 - [TEST_STEP][PASSED] - if (tab != "worldindices"): Delayed 3 second(s)

2022-03-01 15:26:59 - [TEST_STEP][PASSED] - try: Delayed 3 second(s)

2022-03-01 15:26:59 - [TEST_STEP][PASSED] - tapAndHold(NEWS_ItemTopNews, 1, 10): Tapped and held on element 'Object Repository/Mobile/Page/News/Item - Top News' with duration 1

2022-03-01 15:27:02 - [MESSAGE][PASSED] - Tapped and held on element 'Object Repository/Mobile/Page/News/Item - Top News' with duration 1

2022-03-01 15:27:02 - [TEST_STEP][PASSED] - delay(1): Delayed 1 second(s)

2022-03-01 15:27:04 - [MESSAGE][PASSED] - Delayed 1 second(s)

2022-03-01 15:27:04 - [TEST_STEP][PASSED] - scroll.scroll.scrollScreenBottomToTop(): scroll.scroll.scrollScreenBottomToTop is PASSED

2022-03-01 15:27:04 - [MESSAGE][PASSED] - Current device physical height is 1423

2022-03-01 15:27:04 - [MESSAGE][PASSED] - Current device physical width is 720

2022-03-01 15:27:05 - [MESSAGE][PASSED] - Swiped from 360,1,138 to 360,284

2022-03-01 15:27:05 - [MESSAGE][PASSED] - scroll.scroll.scrollScreenBottomToTop is PASSED

2022-03-01 15:27:05 - [TEST_STEP][PASSED] - delay(3): Delayed 3 second(s)

2022-03-01 15:27:08 - [MESSAGE][PASSED] - Delayed 3 second(s)

2022-03-01 15:27:08 - [MESSAGE][PASSED] - Call Test Case 'Test Cases/Mobile/Page/News/News' successfully

2022-03-01 15:27:08 - [TEST_STEP][PASSED] - callTestCase(findTestCase("Mobile/Page/Run App/Terminate App"), [:], STOP_ON_FAILURE): Call Test Case 'Test Cases/Mobile/Page/Run App/Terminate App' successfully

2022-03-01 15:27:08 - [TEST_CASE][PASSED] - Test Cases/Mobile/Page/Run App/Terminate App: Test Cases/Mobile/Page/Run App/Terminate App

2022-03-01 15:27:08 - [TEST_STEP][PASSED] - startApp.OpenApp.terminateApplication(): startApp.OpenApp.terminateApplication is PASSED

2022-03-01 15:27:11 - [MESSAGE][PASSED] - Delayed 3 second(s)

2022-03-01 15:27:12 - [MESSAGE][PASSED] - Current device physical width is 720

2022-03-01 15:27:12 - [MESSAGE][PASSED] - Current device physical height is 1423

2022-03-01 15:27:13 - [MESSAGE][PASSED] - Swiped from 360,853 to 360,142

2022-03-01 15:27:14 - [MESSAGE][PASSED] - Delayed 1 second(s)

2022-03-01 15:27:15 - [MESSAGE][PASSED] - Swiped from 360,853 to 360,142

2022-03-01 15:27:18 - [MESSAGE][PASSED] - Delayed 3 second(s)

2022-03-01 15:27:18 - [MESSAGE][PASSED] - startApp.OpenApp.terminateApplication is PASSED

2022-03-01 15:27:18 - [MESSAGE][PASSED] - Call Test Case 'Test Cases/Mobile/Page/Run App/Terminate App' successfully]]></system-out>
         <system-err><![CDATA[]]></system-err>
      </testcase>
      <testcase name="Test Cases/Mobile/Scenario/News/004 - Bond News" time="58.089" classname="Test Cases/Mobile/Scenario/News/004 - Bond News" status="PASSED">
         <system-out><![CDATA[2022-03-01 15:27:18 - [TEST_CASE][PASSED] - Test Cases/Mobile/Scenario/News/004 - Bond News: Test Cases/Mobile/Scenario/News/004 - Bond News

2022-03-01 15:27:19 - [TEST_STEP][PASSED] - callTestCase(findTestCase("Mobile/Page/Run App/Run App byID"), [:], STOP_ON_FAILURE): Call Test Case 'Test Cases/Mobile/Page/Run App/Run App byID' successfully

2022-03-01 15:27:19 - [TEST_CASE][PASSED] - Test Cases/Mobile/Page/Run App/Run App byID: Test Cases/Mobile/Page/Run App/Run App byID

2022-03-01 15:27:19 - [TEST_STEP][PASSED] - startApp.OpenApp.startApplication("id.co.miraeasset.sageclub"): startApp.OpenApp.startApplication is PASSED

2022-03-01 15:27:30 - [MESSAGE][PASSED] - Starting app with application ID: 'id.co.miraeasset.sageclub'

2022-03-01 15:27:30 - [MESSAGE][PASSED] - startApp.OpenApp.startApplication is PASSED

2022-03-01 15:27:30 - [MESSAGE][PASSED] - Call Test Case 'Test Cases/Mobile/Page/Run App/Run App byID' successfully

2022-03-01 15:27:30 - [TEST_STEP][PASSED] - callTestCase(findTestCase("Mobile/Page/News/News"), ["tab":"bondnews"], CONTINUE_ON_FAILURE): Call Test Case 'Test Cases/Mobile/Page/News/News' successfully

2022-03-01 15:27:30 - [TEST_CASE][PASSED] - Test Cases/Mobile/Page/News/News: Test Cases/Mobile/Page/News/News

2022-03-01 15:27:30 - [TEST_STEP][PASSED] - callTestCase(findTestCase("Mobile/Page/CheckLogin"), [:], CONTINUE_ON_FAILURE): Call Test Case 'Test Cases/Mobile/Page/CheckLogin' successfully

2022-03-01 15:27:30 - [TEST_CASE][PASSED] - Test Cases/Mobile/Page/CheckLogin: Test Cases/Mobile/Page/CheckLogin

2022-03-01 15:27:30 - [TEST_STEP][PASSED] - loginCheck = verifyElementExist(LOGN_BtnLogin, 5, CONTINUE_ON_FAILURE): Element 'Object Repository/Mobile/Page/Login/Button - Login' is exist

2022-03-01 15:27:32 - [MESSAGE][PASSED] - Element 'Object Repository/Mobile/Page/Login/Button - Login' is exist

2022-03-01 15:27:32 - [TEST_STEP][PASSED] - if (loginCheck): Call Test Case 'Test Cases/Mobile/Page/Login/Login' successfully

2022-03-01 15:27:32 - [TEST_STEP][PASSED] - callTestCase(findTestCase("Mobile/Page/Login/Login"), ["action":"username"], CONTINUE_ON_FAILURE): Call Test Case 'Test Cases/Mobile/Page/Login/Login' successfully

2022-03-01 15:27:32 - [TEST_CASE][PASSED] - Test Cases/Mobile/Page/Login/Login: Test Cases/Mobile/Page/Login/Login

2022-03-01 15:27:32 - [TEST_STEP][PASSED] - delay(2): Delayed 2 second(s)

2022-03-01 15:27:34 - [MESSAGE][PASSED] - Delayed 2 second(s)

2022-03-01 15:27:34 - [TEST_STEP][PASSED] - for ([i = 0, i < 1, (i++)]): null

2022-03-01 15:27:34 - [TEST_STEP][PASSED] - if (action == "username"): null

2022-03-01 15:27:34 - [TEST_STEP][PASSED] - tap(LOGN_EdtUserID, 0): Tapped on element 'Object Repository/Mobile/Page/Login/Input - UserID'

2022-03-01 15:27:34 - [MESSAGE][WARNING] - Timeout '0' is invalid. Using default page load timeout: '60'

2022-03-01 15:27:35 - [MESSAGE][PASSED] - Tapped on element 'Object Repository/Mobile/Page/Login/Input - UserID'

2022-03-01 15:27:35 - [TEST_STEP][PASSED] - delay(1): Delayed 1 second(s)

2022-03-01 15:27:36 - [MESSAGE][PASSED] - Delayed 1 second(s)

2022-03-01 15:27:36 - [TEST_STEP][PASSED] - setText(LOGN_EdtRdyUserID, "anggaaditya", 0): Text 'anggaaditya' has been set to element 'Object Repository/Mobile/Page/Login/Input Rdy - UserID'

2022-03-01 15:27:36 - [MESSAGE][WARNING] - Timeout '0' is invalid. Using default page load timeout: '60'

2022-03-01 15:27:36 - [MESSAGE][PASSED] - Text 'anggaaditya' has been set to element 'Object Repository/Mobile/Page/Login/Input Rdy - UserID'

2022-03-01 15:27:36 - [TEST_STEP][PASSED] - delay(1): Delayed 1 second(s)

2022-03-01 15:27:37 - [MESSAGE][PASSED] - Delayed 1 second(s)

2022-03-01 15:27:37 - [TEST_STEP][PASSED] - hideKeyboard(): Keyboard is hidden

2022-03-01 15:27:41 - [MESSAGE][PASSED] - Keyboard is hidden

2022-03-01 15:27:41 - [TEST_STEP][PASSED] - tap(LOGN_EdtPassword, 0): Tapped on element 'Object Repository/Mobile/Page/Login/Input - Password'

2022-03-01 15:27:41 - [MESSAGE][WARNING] - Timeout '0' is invalid. Using default page load timeout: '60'

2022-03-01 15:27:41 - [MESSAGE][PASSED] - Tapped on element 'Object Repository/Mobile/Page/Login/Input - Password'

2022-03-01 15:27:41 - [TEST_STEP][PASSED] - delay(1): Delayed 1 second(s)

2022-03-01 15:27:42 - [MESSAGE][PASSED] - Delayed 1 second(s)

2022-03-01 15:27:42 - [TEST_STEP][PASSED] - setText(LOGN_EdtRdyPassword, "Shalawa18", 0): Text 'Shalawa18' has been set to element 'Object Repository/Mobile/Page/Login/Input Rdy - Password'

2022-03-01 15:27:42 - [MESSAGE][WARNING] - Timeout '0' is invalid. Using default page load timeout: '60'

2022-03-01 15:27:43 - [MESSAGE][PASSED] - Text 'Shalawa18' has been set to element 'Object Repository/Mobile/Page/Login/Input Rdy - Password'

2022-03-01 15:27:43 - [TEST_STEP][PASSED] - delay(1): Delayed 1 second(s)

2022-03-01 15:27:44 - [MESSAGE][PASSED] - Delayed 1 second(s)

2022-03-01 15:27:44 - [TEST_STEP][PASSED] - hideKeyboard(): Keyboard is hidden

2022-03-01 15:27:50 - [MESSAGE][PASSED] - Keyboard is hidden

2022-03-01 15:27:50 - [TEST_STEP][PASSED] - tap(LOGN_BtnLogin, 0): Tapped on element 'Object Repository/Mobile/Page/Login/Button - Login'

2022-03-01 15:27:50 - [MESSAGE][WARNING] - Timeout '0' is invalid. Using default page load timeout: '60'

2022-03-01 15:27:51 - [MESSAGE][PASSED] - Tapped on element 'Object Repository/Mobile/Page/Login/Button - Login'

2022-03-01 15:27:51 - [TEST_STEP][PASSED] - delay(2): Delayed 2 second(s)

2022-03-01 15:27:53 - [MESSAGE][PASSED] - Delayed 2 second(s)

2022-03-01 15:27:53 - [TEST_STEP][PASSED] - break: null

2022-03-01 15:27:53 - [MESSAGE][PASSED] - Call Test Case 'Test Cases/Mobile/Page/Login/Login' successfully

2022-03-01 15:27:53 - [MESSAGE][PASSED] - Call Test Case 'Test Cases/Mobile/Page/CheckLogin' successfully

2022-03-01 15:27:53 - [TEST_STEP][PASSED] - tap(HOME_MenubarNews, 0): Tapped on element 'Object Repository/Mobile/Page/Home/Menubar - News'

2022-03-01 15:27:53 - [MESSAGE][WARNING] - Timeout '0' is invalid. Using default page load timeout: '60'

2022-03-01 15:27:55 - [MESSAGE][PASSED] - Tapped on element 'Object Repository/Mobile/Page/Home/Menubar - News'

2022-03-01 15:27:55 - [TEST_STEP][PASSED] - delay(1): Delayed 1 second(s)

2022-03-01 15:27:56 - [MESSAGE][PASSED] - Delayed 1 second(s)

2022-03-01 15:27:56 - [TEST_STEP][PASSED] - for ([i = 0, i < 1, (i++)]): Delayed 3 second(s)

2022-03-01 15:27:56 - [TEST_STEP][PASSED] - if (tab == "macronews"): null

2022-03-01 15:27:56 - [TEST_STEP][PASSED] - else if (tab == "stocknews"): null

2022-03-01 15:27:56 - [TEST_STEP][PASSED] - else if (tab == "fundnews"): null

2022-03-01 15:27:56 - [TEST_STEP][PASSED] - else if (tab == "bondnews"): Tapped on element 'Object Repository/Mobile/Page/News/Tab - Bond'

2022-03-01 15:27:56 - [TEST_STEP][PASSED] - tap(NEWS_TabBond, 0): Tapped on element 'Object Repository/Mobile/Page/News/Tab - Bond'

2022-03-01 15:27:56 - [MESSAGE][WARNING] - Timeout '0' is invalid. Using default page load timeout: '60'

2022-03-01 15:27:57 - [MESSAGE][PASSED] - Tapped on element 'Object Repository/Mobile/Page/News/Tab - Bond'

2022-03-01 15:27:57 - [TEST_STEP][PASSED] - delay(1): Delayed 1 second(s)

2022-03-01 15:27:58 - [MESSAGE][PASSED] - Delayed 1 second(s)

2022-03-01 15:27:58 - [TEST_STEP][PASSED] - if (tab != "worldindices"): Delayed 3 second(s)

2022-03-01 15:27:58 - [TEST_STEP][PASSED] - try: Delayed 3 second(s)

2022-03-01 15:27:58 - [TEST_STEP][PASSED] - tapAndHold(NEWS_ItemTopNews, 1, 10): Tapped and held on element 'Object Repository/Mobile/Page/News/Item - Top News' with duration 1

2022-03-01 15:28:01 - [MESSAGE][PASSED] - Tapped and held on element 'Object Repository/Mobile/Page/News/Item - Top News' with duration 1

2022-03-01 15:28:01 - [TEST_STEP][PASSED] - delay(1): Delayed 1 second(s)

2022-03-01 15:28:02 - [MESSAGE][PASSED] - Delayed 1 second(s)

2022-03-01 15:28:02 - [TEST_STEP][PASSED] - scroll.scroll.scrollScreenBottomToTop(): scroll.scroll.scrollScreenBottomToTop is PASSED

2022-03-01 15:28:02 - [MESSAGE][PASSED] - Current device physical height is 1423

2022-03-01 15:28:02 - [MESSAGE][PASSED] - Current device physical width is 720

2022-03-01 15:28:03 - [MESSAGE][PASSED] - Swiped from 360,1,138 to 360,284

2022-03-01 15:28:03 - [MESSAGE][PASSED] - scroll.scroll.scrollScreenBottomToTop is PASSED

2022-03-01 15:28:03 - [TEST_STEP][PASSED] - delay(3): Delayed 3 second(s)

2022-03-01 15:28:06 - [MESSAGE][PASSED] - Delayed 3 second(s)

2022-03-01 15:28:06 - [MESSAGE][PASSED] - Call Test Case 'Test Cases/Mobile/Page/News/News' successfully

2022-03-01 15:28:06 - [TEST_STEP][PASSED] - callTestCase(findTestCase("Mobile/Page/Run App/Terminate App"), [:], STOP_ON_FAILURE): Call Test Case 'Test Cases/Mobile/Page/Run App/Terminate App' successfully

2022-03-01 15:28:06 - [TEST_CASE][PASSED] - Test Cases/Mobile/Page/Run App/Terminate App: Test Cases/Mobile/Page/Run App/Terminate App

2022-03-01 15:28:06 - [TEST_STEP][PASSED] - startApp.OpenApp.terminateApplication(): startApp.OpenApp.terminateApplication is PASSED

2022-03-01 15:28:09 - [MESSAGE][PASSED] - Delayed 3 second(s)

2022-03-01 15:28:10 - [MESSAGE][PASSED] - Current device physical width is 720

2022-03-01 15:28:10 - [MESSAGE][PASSED] - Current device physical height is 1423

2022-03-01 15:28:11 - [MESSAGE][PASSED] - Swiped from 360,853 to 360,142

2022-03-01 15:28:12 - [MESSAGE][PASSED] - Delayed 1 second(s)

2022-03-01 15:28:13 - [MESSAGE][PASSED] - Swiped from 360,853 to 360,142

2022-03-01 15:28:16 - [MESSAGE][PASSED] - Delayed 3 second(s)

2022-03-01 15:28:16 - [MESSAGE][PASSED] - startApp.OpenApp.terminateApplication is PASSED

2022-03-01 15:28:16 - [MESSAGE][PASSED] - Call Test Case 'Test Cases/Mobile/Page/Run App/Terminate App' successfully]]></system-out>
         <system-err><![CDATA[]]></system-err>
      </testcase>
      <testcase name="Test Cases/Mobile/Scenario/News/005 - Macro News" time="60.82" classname="Test Cases/Mobile/Scenario/News/005 - Macro News" status="PASSED">
         <system-out><![CDATA[2022-03-01 15:28:16 - [TEST_CASE][PASSED] - Test Cases/Mobile/Scenario/News/005 - Macro News: Test Cases/Mobile/Scenario/News/005 - Macro News

2022-03-01 15:28:17 - [TEST_STEP][PASSED] - callTestCase(findTestCase("Mobile/Page/Run App/Run App byID"), [:], STOP_ON_FAILURE): Call Test Case 'Test Cases/Mobile/Page/Run App/Run App byID' successfully

2022-03-01 15:28:17 - [TEST_CASE][PASSED] - Test Cases/Mobile/Page/Run App/Run App byID: Test Cases/Mobile/Page/Run App/Run App byID

2022-03-01 15:28:17 - [TEST_STEP][PASSED] - startApp.OpenApp.startApplication("id.co.miraeasset.sageclub"): startApp.OpenApp.startApplication is PASSED

2022-03-01 15:28:30 - [MESSAGE][PASSED] - Starting app with application ID: 'id.co.miraeasset.sageclub'

2022-03-01 15:28:30 - [MESSAGE][PASSED] - startApp.OpenApp.startApplication is PASSED

2022-03-01 15:28:30 - [MESSAGE][PASSED] - Call Test Case 'Test Cases/Mobile/Page/Run App/Run App byID' successfully

2022-03-01 15:28:30 - [TEST_STEP][PASSED] - callTestCase(findTestCase("Mobile/Page/News/News"), ["tab":"macronews"], CONTINUE_ON_FAILURE): Call Test Case 'Test Cases/Mobile/Page/News/News' successfully

2022-03-01 15:28:30 - [TEST_CASE][PASSED] - Test Cases/Mobile/Page/News/News: Test Cases/Mobile/Page/News/News

2022-03-01 15:28:30 - [TEST_STEP][PASSED] - callTestCase(findTestCase("Mobile/Page/CheckLogin"), [:], CONTINUE_ON_FAILURE): Call Test Case 'Test Cases/Mobile/Page/CheckLogin' successfully

2022-03-01 15:28:30 - [TEST_CASE][PASSED] - Test Cases/Mobile/Page/CheckLogin: Test Cases/Mobile/Page/CheckLogin

2022-03-01 15:28:30 - [TEST_STEP][PASSED] - loginCheck = verifyElementExist(LOGN_BtnLogin, 5, CONTINUE_ON_FAILURE): Element 'Object Repository/Mobile/Page/Login/Button - Login' is exist

2022-03-01 15:28:32 - [MESSAGE][PASSED] - Element 'Object Repository/Mobile/Page/Login/Button - Login' is exist

2022-03-01 15:28:32 - [TEST_STEP][PASSED] - if (loginCheck): Call Test Case 'Test Cases/Mobile/Page/Login/Login' successfully

2022-03-01 15:28:32 - [TEST_STEP][PASSED] - callTestCase(findTestCase("Mobile/Page/Login/Login"), ["action":"username"], CONTINUE_ON_FAILURE): Call Test Case 'Test Cases/Mobile/Page/Login/Login' successfully

2022-03-01 15:28:32 - [TEST_CASE][PASSED] - Test Cases/Mobile/Page/Login/Login: Test Cases/Mobile/Page/Login/Login

2022-03-01 15:28:32 - [TEST_STEP][PASSED] - delay(2): Delayed 2 second(s)

2022-03-01 15:28:34 - [MESSAGE][PASSED] - Delayed 2 second(s)

2022-03-01 15:28:34 - [TEST_STEP][PASSED] - for ([i = 0, i < 1, (i++)]): null

2022-03-01 15:28:34 - [TEST_STEP][PASSED] - if (action == "username"): null

2022-03-01 15:28:34 - [TEST_STEP][PASSED] - tap(LOGN_EdtUserID, 0): Tapped on element 'Object Repository/Mobile/Page/Login/Input - UserID'

2022-03-01 15:28:34 - [MESSAGE][WARNING] - Timeout '0' is invalid. Using default page load timeout: '60'

2022-03-01 15:28:35 - [MESSAGE][PASSED] - Tapped on element 'Object Repository/Mobile/Page/Login/Input - UserID'

2022-03-01 15:28:35 - [TEST_STEP][PASSED] - delay(1): Delayed 1 second(s)

2022-03-01 15:28:36 - [MESSAGE][PASSED] - Delayed 1 second(s)

2022-03-01 15:28:36 - [TEST_STEP][PASSED] - setText(LOGN_EdtRdyUserID, "anggaaditya", 0): Text 'anggaaditya' has been set to element 'Object Repository/Mobile/Page/Login/Input Rdy - UserID'

2022-03-01 15:28:36 - [MESSAGE][WARNING] - Timeout '0' is invalid. Using default page load timeout: '60'

2022-03-01 15:28:36 - [MESSAGE][PASSED] - Text 'anggaaditya' has been set to element 'Object Repository/Mobile/Page/Login/Input Rdy - UserID'

2022-03-01 15:28:36 - [TEST_STEP][PASSED] - delay(1): Delayed 1 second(s)

2022-03-01 15:28:37 - [MESSAGE][PASSED] - Delayed 1 second(s)

2022-03-01 15:28:37 - [TEST_STEP][PASSED] - hideKeyboard(): Keyboard is hidden

2022-03-01 15:28:41 - [MESSAGE][PASSED] - Keyboard is hidden

2022-03-01 15:28:41 - [TEST_STEP][PASSED] - tap(LOGN_EdtPassword, 0): Tapped on element 'Object Repository/Mobile/Page/Login/Input - Password'

2022-03-01 15:28:41 - [MESSAGE][WARNING] - Timeout '0' is invalid. Using default page load timeout: '60'

2022-03-01 15:28:42 - [MESSAGE][PASSED] - Tapped on element 'Object Repository/Mobile/Page/Login/Input - Password'

2022-03-01 15:28:42 - [TEST_STEP][PASSED] - delay(1): Delayed 1 second(s)

2022-03-01 15:28:43 - [MESSAGE][PASSED] - Delayed 1 second(s)

2022-03-01 15:28:43 - [TEST_STEP][PASSED] - setText(LOGN_EdtRdyPassword, "Shalawa18", 0): Text 'Shalawa18' has been set to element 'Object Repository/Mobile/Page/Login/Input Rdy - Password'

2022-03-01 15:28:43 - [MESSAGE][WARNING] - Timeout '0' is invalid. Using default page load timeout: '60'

2022-03-01 15:28:43 - [MESSAGE][PASSED] - Text 'Shalawa18' has been set to element 'Object Repository/Mobile/Page/Login/Input Rdy - Password'

2022-03-01 15:28:43 - [TEST_STEP][PASSED] - delay(1): Delayed 1 second(s)

2022-03-01 15:28:45 - [MESSAGE][PASSED] - Delayed 1 second(s)

2022-03-01 15:28:45 - [TEST_STEP][PASSED] - hideKeyboard(): Keyboard is hidden

2022-03-01 15:28:51 - [MESSAGE][PASSED] - Keyboard is hidden

2022-03-01 15:28:51 - [TEST_STEP][PASSED] - tap(LOGN_BtnLogin, 0): Tapped on element 'Object Repository/Mobile/Page/Login/Button - Login'

2022-03-01 15:28:51 - [MESSAGE][WARNING] - Timeout '0' is invalid. Using default page load timeout: '60'

2022-03-01 15:28:51 - [MESSAGE][PASSED] - Tapped on element 'Object Repository/Mobile/Page/Login/Button - Login'

2022-03-01 15:28:51 - [TEST_STEP][PASSED] - delay(2): Delayed 2 second(s)

2022-03-01 15:28:53 - [MESSAGE][PASSED] - Delayed 2 second(s)

2022-03-01 15:28:53 - [TEST_STEP][PASSED] - break: null

2022-03-01 15:28:53 - [MESSAGE][PASSED] - Call Test Case 'Test Cases/Mobile/Page/Login/Login' successfully

2022-03-01 15:28:53 - [MESSAGE][PASSED] - Call Test Case 'Test Cases/Mobile/Page/CheckLogin' successfully

2022-03-01 15:28:53 - [TEST_STEP][PASSED] - tap(HOME_MenubarNews, 0): Tapped on element 'Object Repository/Mobile/Page/Home/Menubar - News'

2022-03-01 15:28:53 - [MESSAGE][WARNING] - Timeout '0' is invalid. Using default page load timeout: '60'

2022-03-01 15:28:55 - [MESSAGE][PASSED] - Tapped on element 'Object Repository/Mobile/Page/Home/Menubar - News'

2022-03-01 15:28:55 - [TEST_STEP][PASSED] - delay(1): Delayed 1 second(s)

2022-03-01 15:28:56 - [MESSAGE][PASSED] - Delayed 1 second(s)

2022-03-01 15:28:56 - [TEST_STEP][PASSED] - for ([i = 0, i < 1, (i++)]): Delayed 3 second(s)

2022-03-01 15:28:56 - [TEST_STEP][PASSED] - if (tab == "macronews"): Tapped on element 'Object Repository/Mobile/Page/News/Tab - Macro'

2022-03-01 15:28:56 - [TEST_STEP][PASSED] - tap(NEWS_TabMacro, 0): Tapped on element 'Object Repository/Mobile/Page/News/Tab - Macro'

2022-03-01 15:28:56 - [MESSAGE][WARNING] - Timeout '0' is invalid. Using default page load timeout: '60'

2022-03-01 15:28:58 - [MESSAGE][PASSED] - Tapped on element 'Object Repository/Mobile/Page/News/Tab - Macro'

2022-03-01 15:28:58 - [TEST_STEP][PASSED] - delay(1): Delayed 1 second(s)

2022-03-01 15:28:59 - [MESSAGE][PASSED] - Delayed 1 second(s)

2022-03-01 15:28:59 - [TEST_STEP][PASSED] - if (tab != "worldindices"): Delayed 3 second(s)

2022-03-01 15:28:59 - [TEST_STEP][PASSED] - try: Delayed 3 second(s)

2022-03-01 15:28:59 - [TEST_STEP][PASSED] - tapAndHold(NEWS_ItemTopNews, 1, 10): Tapped and held on element 'Object Repository/Mobile/Page/News/Item - Top News' with duration 1

2022-03-01 15:29:01 - [MESSAGE][PASSED] - Tapped and held on element 'Object Repository/Mobile/Page/News/Item - Top News' with duration 1

2022-03-01 15:29:01 - [TEST_STEP][PASSED] - delay(1): Delayed 1 second(s)

2022-03-01 15:29:02 - [MESSAGE][PASSED] - Delayed 1 second(s)

2022-03-01 15:29:02 - [TEST_STEP][PASSED] - scroll.scroll.scrollScreenBottomToTop(): scroll.scroll.scrollScreenBottomToTop is PASSED

2022-03-01 15:29:03 - [MESSAGE][PASSED] - Current device physical height is 1423

2022-03-01 15:29:03 - [MESSAGE][PASSED] - Current device physical width is 720

2022-03-01 15:29:04 - [MESSAGE][PASSED] - Swiped from 360,1,138 to 360,284

2022-03-01 15:29:04 - [MESSAGE][PASSED] - scroll.scroll.scrollScreenBottomToTop is PASSED

2022-03-01 15:29:04 - [TEST_STEP][PASSED] - delay(3): Delayed 3 second(s)

2022-03-01 15:29:07 - [MESSAGE][PASSED] - Delayed 3 second(s)

2022-03-01 15:29:07 - [MESSAGE][PASSED] - Call Test Case 'Test Cases/Mobile/Page/News/News' successfully

2022-03-01 15:29:07 - [TEST_STEP][PASSED] - callTestCase(findTestCase("Mobile/Page/Run App/Terminate App"), [:], STOP_ON_FAILURE): Call Test Case 'Test Cases/Mobile/Page/Run App/Terminate App' successfully

2022-03-01 15:29:07 - [TEST_CASE][PASSED] - Test Cases/Mobile/Page/Run App/Terminate App: Test Cases/Mobile/Page/Run App/Terminate App

2022-03-01 15:29:07 - [TEST_STEP][PASSED] - startApp.OpenApp.terminateApplication(): startApp.OpenApp.terminateApplication is PASSED

2022-03-01 15:29:10 - [MESSAGE][PASSED] - Delayed 3 second(s)

2022-03-01 15:29:10 - [MESSAGE][PASSED] - Current device physical width is 720

2022-03-01 15:29:11 - [MESSAGE][PASSED] - Current device physical height is 1423

2022-03-01 15:29:12 - [MESSAGE][PASSED] - Swiped from 360,853 to 360,142

2022-03-01 15:29:13 - [MESSAGE][PASSED] - Delayed 1 second(s)

2022-03-01 15:29:14 - [MESSAGE][PASSED] - Swiped from 360,853 to 360,142

2022-03-01 15:29:17 - [MESSAGE][PASSED] - Delayed 3 second(s)

2022-03-01 15:29:17 - [MESSAGE][PASSED] - startApp.OpenApp.terminateApplication is PASSED

2022-03-01 15:29:17 - [MESSAGE][PASSED] - Call Test Case 'Test Cases/Mobile/Page/Run App/Terminate App' successfully]]></system-out>
         <system-err><![CDATA[]]></system-err>
      </testcase>
      <system-out><![CDATA[2022-03-01 15:23:57 - [TEST_SUITE][PASSED] - news: Test Cases/Mobile/Scenario/News/005 - Macro News]]></system-out>
      <system-err><![CDATA[]]></system-err>
   </testsuite>
</testsuites>
