<?xml version="1.0" encoding="UTF-8"?>
<testsuites name="portfolio" time="1236.146" tests="19" failures="0" skips="0" errors="0">
   <testsuite name="portfolio" tests="19" failures="0" errors="0" time="1236.146" skips="0" timestamp="2022-03-09 14:10:49" hostname="Owner - aldy-tft" id="Test Suites/portfolio">
      <properties>
         <property name="deviceName" value="samsung SM-A205F (Android 11)"/>
         <property name="devicePlatform" value=""/>
         <property name="logFolder" value="C:\\Users\\Owner\\Documents\\kerjaan\\KatalonProject\\qa_katalon_pwm\\qa_katalon_pwm\\Reports\\20220309_141038\\portfolio\\20220309_141040"/>
         <property name="logFiles" value="C:\\Users\\Owner\\Documents\\kerjaan\\KatalonProject\\qa_katalon_pwm\\qa_katalon_pwm\\Reports\\20220309_141038\\portfolio\\20220309_141040\\appium.log, C:\\Users\\Owner\\Documents\\kerjaan\\KatalonProject\\qa_katalon_pwm\\qa_katalon_pwm\\Reports\\20220309_141038\\portfolio\\20220309_141040\\execution0.log"/>
         <property name="attachments" value=""/>
         <property name="hostName" value="Owner - aldy-tft"/>
         <property name="os" value="Windows 10 64bit"/>
         <property name="appiumServerStatus" value="{&quot;value&quot;:{&quot;build&quot;:{&quot;version&quot;:&quot;1.22.0&quot;}},&quot;sessionId&quot;:null,&quot;status&quot;:0}"/>
         <property name="katalonVersion" value="7.9.1.208"/>
         <property name="deviceOS" value="Android"/>
         <property name="appiumVersion" value="1.22.0"/>
         <property name="deviceModel" value="SM-A205F"/>
         <property name="hostAddress" value="192.168.116.52"/>
         <property name="deviceManufacturer" value="samsung"/>
         <property name="deviceId" value="RR8M40C9AXE"/>
         <property name="deviceName" value="samsung SM-A205F (Android 11)"/>
         <property name="deviceOSVersion" value="11"/>
      </properties>
      <testcase name="Test Cases/Mobile/Scenario/Portfolio/001 - Summary" time="76.808" classname="Test Cases/Mobile/Scenario/Portfolio/001 - Summary" status="PASSED">
         <system-out><![CDATA[2022-03-09 14:10:49 - [TEST_CASE][PASSED] - Test Cases/Mobile/Scenario/Portfolio/001 - Summary: Test Cases/Mobile/Scenario/Portfolio/001 - Summary

2022-03-09 14:10:50 - [TEST_STEP][PASSED] - callTestCase(findTestCase("Mobile/Page/Run App/Run App byID"), [:], STOP_ON_FAILURE): Call Test Case 'Test Cases/Mobile/Page/Run App/Run App byID' successfully

2022-03-09 14:10:50 - [TEST_CASE][PASSED] - Test Cases/Mobile/Page/Run App/Run App byID: Test Cases/Mobile/Page/Run App/Run App byID

2022-03-09 14:10:50 - [TEST_STEP][PASSED] - startApp.OpenApp.startApplication("id.co.miraeasset.sageclub"): startApp.OpenApp.startApplication is PASSED

2022-03-09 14:10:51 - [MESSAGE][INFO] - Appium server started on port 55,926

2022-03-09 14:11:07 - [MESSAGE][PASSED] - Starting app with application ID: 'id.co.miraeasset.sageclub'

2022-03-09 14:11:07 - [MESSAGE][PASSED] - startApp.OpenApp.startApplication is PASSED

2022-03-09 14:11:07 - [MESSAGE][PASSED] - Call Test Case 'Test Cases/Mobile/Page/Run App/Run App byID' successfully

2022-03-09 14:11:07 - [TEST_STEP][PASSED] - callTestCase(findTestCase("Mobile/Page/Portfolio/Portfolio"), ["tab":"summary", "action":"summary"], CONTINUE_ON_FAILURE): Call Test Case 'Test Cases/Mobile/Page/Portfolio/Portfolio' successfully

2022-03-09 14:11:07 - [TEST_CASE][PASSED] - Test Cases/Mobile/Page/Portfolio/Portfolio: Test Cases/Mobile/Page/Portfolio/Portfolio

2022-03-09 14:11:07 - [TEST_STEP][PASSED] - callTestCase(findTestCase("Mobile/Page/CheckLogin"), [:], CONTINUE_ON_FAILURE): Call Test Case 'Test Cases/Mobile/Page/CheckLogin' successfully

2022-03-09 14:11:07 - [TEST_CASE][PASSED] - Test Cases/Mobile/Page/CheckLogin: Test Cases/Mobile/Page/CheckLogin

2022-03-09 14:11:08 - [TEST_STEP][PASSED] - loginCheck = verifyElementExist(LOGN_BtnLogin, 5, CONTINUE_ON_FAILURE): Element 'Object Repository/Mobile/Page/Login/Button - Login' is exist

2022-03-09 14:11:08 - [MESSAGE][WARNING] - Test object with id 'Object Repository/Mobile/Page/Analysis/Button - Open With Just Once' does not exist

2022-03-09 14:11:08 - [MESSAGE][WARNING] - Test object with id 'Object Repository/Mobile/Page/Analysis/Button - Search' does not exist

2022-03-09 14:11:09 - [MESSAGE][WARNING] - Test object with id 'Object Repository/Mobile/Page/Home/Button -  Add Watchlist' does not exist

2022-03-09 14:11:09 - [MESSAGE][WARNING] - Test object with id 'Object Repository/Mobile/Page/Home/Button - Open with Just Once' does not exist

2022-03-09 14:11:09 - [MESSAGE][WARNING] - Test object with id 'Object Repository/Mobile/Page/Home/Container - Notification' does not exist

2022-03-09 14:11:10 - [MESSAGE][WARNING] - Test object with id 'Object Repository/Mobile/Page/Home/Watchlist/Input - Search' does not exist

2022-03-09 14:11:10 - [MESSAGE][WARNING] - Test object with id 'Object Repository/Mobile/Page/Home/Watchlist/Item - Top Search' does not exist

2022-03-09 14:11:10 - [MESSAGE][WARNING] - Test object with id 'Object Repository/Mobile/Page/Home/Watchlist/Detail Watchlist/Input - Expiry Date' does not exist

2022-03-09 14:11:10 - [MESSAGE][WARNING] - Test object with id 'Object Repository/Mobile/Page/Home/Watchlist/Detail Watchlist/Item - Watchlist' does not exist

2022-03-09 14:11:11 - [MESSAGE][WARNING] - Test object with id 'Object Repository/Mobile/Page/NavigationMenu/Button - Open Just Once' does not exist

2022-03-09 14:11:11 - [MESSAGE][WARNING] - Test object with id 'Object Repository/Mobile/Page/NavigationMenu/Container - Logout' does not exist

2022-03-09 14:11:14 - [MESSAGE][WARNING] - Test object with id 'Object Repository/Mobile/Page/Analysis/Button - Open With Just Once' does not exist

2022-03-09 14:11:14 - [MESSAGE][WARNING] - Test object with id 'Object Repository/Mobile/Page/Analysis/Button - Search' does not exist

2022-03-09 14:11:15 - [MESSAGE][WARNING] - Test object with id 'Object Repository/Mobile/Page/Home/Button -  Add Watchlist' does not exist

2022-03-09 14:11:15 - [MESSAGE][WARNING] - Test object with id 'Object Repository/Mobile/Page/Home/Button - Open with Just Once' does not exist

2022-03-09 14:11:15 - [MESSAGE][WARNING] - Test object with id 'Object Repository/Mobile/Page/Home/Container - Notification' does not exist

2022-03-09 14:11:16 - [MESSAGE][WARNING] - Test object with id 'Object Repository/Mobile/Page/Home/Watchlist/Input - Search' does not exist

2022-03-09 14:11:16 - [MESSAGE][WARNING] - Test object with id 'Object Repository/Mobile/Page/Home/Watchlist/Item - Top Search' does not exist

2022-03-09 14:11:16 - [MESSAGE][WARNING] - Test object with id 'Object Repository/Mobile/Page/Home/Watchlist/Detail Watchlist/Input - Expiry Date' does not exist

2022-03-09 14:11:16 - [MESSAGE][WARNING] - Test object with id 'Object Repository/Mobile/Page/Home/Watchlist/Detail Watchlist/Item - Watchlist' does not exist

2022-03-09 14:11:17 - [MESSAGE][WARNING] - Test object with id 'Object Repository/Mobile/Page/NavigationMenu/Button - Open Just Once' does not exist

2022-03-09 14:11:17 - [MESSAGE][WARNING] - Test object with id 'Object Repository/Mobile/Page/NavigationMenu/Container - Logout' does not exist

2022-03-09 14:11:21 - [MESSAGE][PASSED] - Element 'Object Repository/Mobile/Page/Login/Button - Login' is exist

2022-03-09 14:11:21 - [TEST_STEP][PASSED] - if (loginCheck): Call Test Case 'Test Cases/Mobile/Page/Login/Login' successfully

2022-03-09 14:11:21 - [TEST_STEP][PASSED] - callTestCase(findTestCase("Mobile/Page/Login/Login"), ["action":"username"], CONTINUE_ON_FAILURE): Call Test Case 'Test Cases/Mobile/Page/Login/Login' successfully

2022-03-09 14:11:21 - [TEST_CASE][PASSED] - Test Cases/Mobile/Page/Login/Login: Test Cases/Mobile/Page/Login/Login

2022-03-09 14:11:21 - [TEST_STEP][PASSED] - delay(2): Delayed 2 second(s)

2022-03-09 14:11:23 - [MESSAGE][PASSED] - Delayed 2 second(s)

2022-03-09 14:11:23 - [TEST_STEP][PASSED] - for ([i = 0, i < 1, (i++)]): null

2022-03-09 14:11:23 - [TEST_STEP][PASSED] - if (action == "username"): null

2022-03-09 14:11:23 - [TEST_STEP][PASSED] - tap(LOGN_EdtUserID, 0): Tapped on element 'Object Repository/Mobile/Page/Login/Input - UserID'

2022-03-09 14:11:24 - [MESSAGE][WARNING] - Timeout '0' is invalid. Using default page load timeout: '60'

2022-03-09 14:11:24 - [MESSAGE][PASSED] - Tapped on element 'Object Repository/Mobile/Page/Login/Input - UserID'

2022-03-09 14:11:24 - [TEST_STEP][PASSED] - delay(1): Delayed 1 second(s)

2022-03-09 14:11:25 - [MESSAGE][PASSED] - Delayed 1 second(s)

2022-03-09 14:11:25 - [TEST_STEP][PASSED] - setText(LOGN_EdtRdyUserID, "anggaaditya", 0): Text 'anggaaditya' has been set to element 'Object Repository/Mobile/Page/Login/Input Rdy - UserID'

2022-03-09 14:11:25 - [MESSAGE][WARNING] - Timeout '0' is invalid. Using default page load timeout: '60'

2022-03-09 14:11:27 - [MESSAGE][PASSED] - Text 'anggaaditya' has been set to element 'Object Repository/Mobile/Page/Login/Input Rdy - UserID'

2022-03-09 14:11:27 - [TEST_STEP][PASSED] - delay(1): Delayed 1 second(s)

2022-03-09 14:11:28 - [MESSAGE][PASSED] - Delayed 1 second(s)

2022-03-09 14:11:28 - [TEST_STEP][PASSED] - hideKeyboard(): Keyboard is hidden

2022-03-09 14:11:34 - [MESSAGE][PASSED] - Keyboard is hidden

2022-03-09 14:11:34 - [TEST_STEP][PASSED] - tap(LOGN_EdtPassword, 0): Tapped on element 'Object Repository/Mobile/Page/Login/Input - Password'

2022-03-09 14:11:34 - [MESSAGE][WARNING] - Timeout '0' is invalid. Using default page load timeout: '60'

2022-03-09 14:11:34 - [MESSAGE][PASSED] - Tapped on element 'Object Repository/Mobile/Page/Login/Input - Password'

2022-03-09 14:11:34 - [TEST_STEP][PASSED] - delay(1): Delayed 1 second(s)

2022-03-09 14:11:35 - [MESSAGE][PASSED] - Delayed 1 second(s)

2022-03-09 14:11:35 - [TEST_STEP][PASSED] - setText(LOGN_EdtRdyPassword, "Shalawa18", 0): Text 'Shalawa18' has been set to element 'Object Repository/Mobile/Page/Login/Input Rdy - Password'

2022-03-09 14:11:35 - [MESSAGE][WARNING] - Timeout '0' is invalid. Using default page load timeout: '60'

2022-03-09 14:11:36 - [MESSAGE][PASSED] - Text 'Shalawa18' has been set to element 'Object Repository/Mobile/Page/Login/Input Rdy - Password'

2022-03-09 14:11:36 - [TEST_STEP][PASSED] - delay(1): Delayed 1 second(s)

2022-03-09 14:11:37 - [MESSAGE][PASSED] - Delayed 1 second(s)

2022-03-09 14:11:37 - [TEST_STEP][PASSED] - hideKeyboard(): Keyboard is hidden

2022-03-09 14:11:43 - [MESSAGE][PASSED] - Keyboard is hidden

2022-03-09 14:11:43 - [TEST_STEP][PASSED] - tap(LOGN_BtnLogin, 0): Tapped on element 'Object Repository/Mobile/Page/Login/Button - Login'

2022-03-09 14:11:43 - [MESSAGE][WARNING] - Timeout '0' is invalid. Using default page load timeout: '60'

2022-03-09 14:11:44 - [MESSAGE][PASSED] - Tapped on element 'Object Repository/Mobile/Page/Login/Button - Login'

2022-03-09 14:11:44 - [TEST_STEP][PASSED] - delay(2): Delayed 2 second(s)

2022-03-09 14:11:46 - [MESSAGE][PASSED] - Delayed 2 second(s)

2022-03-09 14:11:46 - [TEST_STEP][PASSED] - break: null

2022-03-09 14:11:46 - [MESSAGE][PASSED] - Call Test Case 'Test Cases/Mobile/Page/Login/Login' successfully

2022-03-09 14:11:46 - [MESSAGE][PASSED] - Call Test Case 'Test Cases/Mobile/Page/CheckLogin' successfully

2022-03-09 14:11:46 - [TEST_STEP][PASSED] - tap(HOME_MenubarPortfolio, 0): Tapped on element 'Object Repository/Mobile/Page/Home/Menubar - Portfolio'

2022-03-09 14:11:46 - [MESSAGE][WARNING] - Timeout '0' is invalid. Using default page load timeout: '60'

2022-03-09 14:11:48 - [MESSAGE][PASSED] - Tapped on element 'Object Repository/Mobile/Page/Home/Menubar - Portfolio'

2022-03-09 14:11:48 - [TEST_STEP][PASSED] - delay(5): Delayed 5 second(s)

2022-03-09 14:11:53 - [MESSAGE][PASSED] - Delayed 5 second(s)

2022-03-09 14:11:53 - [TEST_STEP][PASSED] - for ([i = 0, i < 1, (i++)]): null

2022-03-09 14:11:53 - [TEST_STEP][PASSED] - if (tab == "summary"): null

2022-03-09 14:11:53 - [TEST_STEP][PASSED] - idr = PORT_BtnIDR: null

2022-03-09 14:11:53 - [TEST_STEP][PASSED] - persen = PORT_BtnPersen: null

2022-03-09 14:11:53 - [TEST_STEP][PASSED] - if (action == "summary"): Delayed 3 second(s)

2022-03-09 14:11:53 - [TEST_STEP][PASSED] - delay(3): Delayed 3 second(s)

2022-03-09 14:11:56 - [MESSAGE][PASSED] - Delayed 3 second(s)

2022-03-09 14:11:56 - [TEST_STEP][PASSED] - if (action != "summary"): null

2022-03-09 14:11:56 - [MESSAGE][PASSED] - Call Test Case 'Test Cases/Mobile/Page/Portfolio/Portfolio' successfully

2022-03-09 14:11:56 - [TEST_STEP][PASSED] - callTestCase(findTestCase("Mobile/Page/Run App/Terminate App"), [:], STOP_ON_FAILURE): Call Test Case 'Test Cases/Mobile/Page/Run App/Terminate App' successfully

2022-03-09 14:11:56 - [TEST_CASE][PASSED] - Test Cases/Mobile/Page/Run App/Terminate App: Test Cases/Mobile/Page/Run App/Terminate App

2022-03-09 14:11:56 - [TEST_STEP][PASSED] - startApp.OpenApp.terminateApplication(): startApp.OpenApp.terminateApplication is PASSED

2022-03-09 14:11:59 - [MESSAGE][PASSED] - Delayed 3 second(s)

2022-03-09 14:11:59 - [MESSAGE][PASSED] - Current device physical width is 720

2022-03-09 14:11:59 - [MESSAGE][PASSED] - Current device physical height is 1423

2022-03-09 14:12:01 - [MESSAGE][PASSED] - Swiped from 360,853 to 360,142

2022-03-09 14:12:02 - [MESSAGE][PASSED] - Delayed 1 second(s)

2022-03-09 14:12:03 - [MESSAGE][PASSED] - Swiped from 360,853 to 360,142

2022-03-09 14:12:06 - [MESSAGE][PASSED] - Delayed 3 second(s)

2022-03-09 14:12:06 - [MESSAGE][PASSED] - startApp.OpenApp.terminateApplication is PASSED

2022-03-09 14:12:06 - [MESSAGE][PASSED] - Call Test Case 'Test Cases/Mobile/Page/Run App/Terminate App' successfully]]></system-out>
         <system-err><![CDATA[]]></system-err>
      </testcase>
      <testcase name="Test Cases/Mobile/Scenario/Portfolio/002 - Portfolio Performance Daily IDR" time="64.944" classname="Test Cases/Mobile/Scenario/Portfolio/002 - Portfolio Performance Daily IDR" status="PASSED">
         <system-out><![CDATA[2022-03-09 14:12:06 - [TEST_CASE][PASSED] - Test Cases/Mobile/Scenario/Portfolio/002 - Portfolio Performance Daily IDR: Test Cases/Mobile/Scenario/Portfolio/002 - Portfolio Performance Daily IDR

2022-03-09 14:12:06 - [TEST_STEP][PASSED] - callTestCase(findTestCase("Mobile/Page/Run App/Run App byID"), [:], STOP_ON_FAILURE): Call Test Case 'Test Cases/Mobile/Page/Run App/Run App byID' successfully

2022-03-09 14:12:06 - [TEST_CASE][PASSED] - Test Cases/Mobile/Page/Run App/Run App byID: Test Cases/Mobile/Page/Run App/Run App byID

2022-03-09 14:12:06 - [TEST_STEP][PASSED] - startApp.OpenApp.startApplication("id.co.miraeasset.sageclub"): startApp.OpenApp.startApplication is PASSED

2022-03-09 14:12:18 - [MESSAGE][PASSED] - Starting app with application ID: 'id.co.miraeasset.sageclub'

2022-03-09 14:12:18 - [MESSAGE][PASSED] - startApp.OpenApp.startApplication is PASSED

2022-03-09 14:12:18 - [MESSAGE][PASSED] - Call Test Case 'Test Cases/Mobile/Page/Run App/Run App byID' successfully

2022-03-09 14:12:18 - [TEST_STEP][PASSED] - callTestCase(findTestCase("Mobile/Page/Portfolio/Portfolio"), ["tab":"summary", "action":"perf_daily", "action2":"idr"], CONTINUE_ON_FAILURE): Call Test Case 'Test Cases/Mobile/Page/Portfolio/Portfolio' successfully

2022-03-09 14:12:18 - [TEST_CASE][PASSED] - Test Cases/Mobile/Page/Portfolio/Portfolio: Test Cases/Mobile/Page/Portfolio/Portfolio

2022-03-09 14:12:18 - [TEST_STEP][PASSED] - callTestCase(findTestCase("Mobile/Page/CheckLogin"), [:], CONTINUE_ON_FAILURE): Call Test Case 'Test Cases/Mobile/Page/CheckLogin' successfully

2022-03-09 14:12:18 - [TEST_CASE][PASSED] - Test Cases/Mobile/Page/CheckLogin: Test Cases/Mobile/Page/CheckLogin

2022-03-09 14:12:18 - [TEST_STEP][PASSED] - loginCheck = verifyElementExist(LOGN_BtnLogin, 5, CONTINUE_ON_FAILURE): Element 'Object Repository/Mobile/Page/Login/Button - Login' is exist

2022-03-09 14:12:20 - [MESSAGE][PASSED] - Element 'Object Repository/Mobile/Page/Login/Button - Login' is exist

2022-03-09 14:12:20 - [TEST_STEP][PASSED] - if (loginCheck): Call Test Case 'Test Cases/Mobile/Page/Login/Login' successfully

2022-03-09 14:12:20 - [TEST_STEP][PASSED] - callTestCase(findTestCase("Mobile/Page/Login/Login"), ["action":"username"], CONTINUE_ON_FAILURE): Call Test Case 'Test Cases/Mobile/Page/Login/Login' successfully

2022-03-09 14:12:20 - [TEST_CASE][PASSED] - Test Cases/Mobile/Page/Login/Login: Test Cases/Mobile/Page/Login/Login

2022-03-09 14:12:20 - [TEST_STEP][PASSED] - delay(2): Delayed 2 second(s)

2022-03-09 14:12:22 - [MESSAGE][PASSED] - Delayed 2 second(s)

2022-03-09 14:12:22 - [TEST_STEP][PASSED] - for ([i = 0, i < 1, (i++)]): null

2022-03-09 14:12:22 - [TEST_STEP][PASSED] - if (action == "username"): null

2022-03-09 14:12:22 - [TEST_STEP][PASSED] - tap(LOGN_EdtUserID, 0): Tapped on element 'Object Repository/Mobile/Page/Login/Input - UserID'

2022-03-09 14:12:22 - [MESSAGE][WARNING] - Timeout '0' is invalid. Using default page load timeout: '60'

2022-03-09 14:12:22 - [MESSAGE][PASSED] - Tapped on element 'Object Repository/Mobile/Page/Login/Input - UserID'

2022-03-09 14:12:22 - [TEST_STEP][PASSED] - delay(1): Delayed 1 second(s)

2022-03-09 14:12:23 - [MESSAGE][PASSED] - Delayed 1 second(s)

2022-03-09 14:12:23 - [TEST_STEP][PASSED] - setText(LOGN_EdtRdyUserID, "anggaaditya", 0): Text 'anggaaditya' has been set to element 'Object Repository/Mobile/Page/Login/Input Rdy - UserID'

2022-03-09 14:12:23 - [MESSAGE][WARNING] - Timeout '0' is invalid. Using default page load timeout: '60'

2022-03-09 14:12:24 - [MESSAGE][PASSED] - Text 'anggaaditya' has been set to element 'Object Repository/Mobile/Page/Login/Input Rdy - UserID'

2022-03-09 14:12:24 - [TEST_STEP][PASSED] - delay(1): Delayed 1 second(s)

2022-03-09 14:12:25 - [MESSAGE][PASSED] - Delayed 1 second(s)

2022-03-09 14:12:25 - [TEST_STEP][PASSED] - hideKeyboard(): Keyboard is hidden

2022-03-09 14:12:31 - [MESSAGE][PASSED] - Keyboard is hidden

2022-03-09 14:12:31 - [TEST_STEP][PASSED] - tap(LOGN_EdtPassword, 0): Tapped on element 'Object Repository/Mobile/Page/Login/Input - Password'

2022-03-09 14:12:31 - [MESSAGE][WARNING] - Timeout '0' is invalid. Using default page load timeout: '60'

2022-03-09 14:12:31 - [MESSAGE][PASSED] - Tapped on element 'Object Repository/Mobile/Page/Login/Input - Password'

2022-03-09 14:12:31 - [TEST_STEP][PASSED] - delay(1): Delayed 1 second(s)

2022-03-09 14:12:32 - [MESSAGE][PASSED] - Delayed 1 second(s)

2022-03-09 14:12:32 - [TEST_STEP][PASSED] - setText(LOGN_EdtRdyPassword, "Shalawa18", 0): Text 'Shalawa18' has been set to element 'Object Repository/Mobile/Page/Login/Input Rdy - Password'

2022-03-09 14:12:32 - [MESSAGE][WARNING] - Timeout '0' is invalid. Using default page load timeout: '60'

2022-03-09 14:12:32 - [MESSAGE][PASSED] - Text 'Shalawa18' has been set to element 'Object Repository/Mobile/Page/Login/Input Rdy - Password'

2022-03-09 14:12:32 - [TEST_STEP][PASSED] - delay(1): Delayed 1 second(s)

2022-03-09 14:12:33 - [MESSAGE][PASSED] - Delayed 1 second(s)

2022-03-09 14:12:33 - [TEST_STEP][PASSED] - hideKeyboard(): Keyboard is hidden

2022-03-09 14:12:40 - [MESSAGE][PASSED] - Keyboard is hidden

2022-03-09 14:12:40 - [TEST_STEP][PASSED] - tap(LOGN_BtnLogin, 0): Tapped on element 'Object Repository/Mobile/Page/Login/Button - Login'

2022-03-09 14:12:40 - [MESSAGE][WARNING] - Timeout '0' is invalid. Using default page load timeout: '60'

2022-03-09 14:12:40 - [MESSAGE][PASSED] - Tapped on element 'Object Repository/Mobile/Page/Login/Button - Login'

2022-03-09 14:12:40 - [TEST_STEP][PASSED] - delay(2): Delayed 2 second(s)

2022-03-09 14:12:42 - [MESSAGE][PASSED] - Delayed 2 second(s)

2022-03-09 14:12:42 - [TEST_STEP][PASSED] - break: null

2022-03-09 14:12:42 - [MESSAGE][PASSED] - Call Test Case 'Test Cases/Mobile/Page/Login/Login' successfully

2022-03-09 14:12:42 - [MESSAGE][PASSED] - Call Test Case 'Test Cases/Mobile/Page/CheckLogin' successfully

2022-03-09 14:12:42 - [TEST_STEP][PASSED] - tap(HOME_MenubarPortfolio, 0): Tapped on element 'Object Repository/Mobile/Page/Home/Menubar - Portfolio'

2022-03-09 14:12:42 - [MESSAGE][WARNING] - Timeout '0' is invalid. Using default page load timeout: '60'

2022-03-09 14:12:44 - [MESSAGE][PASSED] - Tapped on element 'Object Repository/Mobile/Page/Home/Menubar - Portfolio'

2022-03-09 14:12:44 - [TEST_STEP][PASSED] - delay(5): Delayed 5 second(s)

2022-03-09 14:12:49 - [MESSAGE][PASSED] - Delayed 5 second(s)

2022-03-09 14:12:49 - [TEST_STEP][PASSED] - for ([i = 0, i < 1, (i++)]): Delayed 3 second(s)

2022-03-09 14:12:49 - [TEST_STEP][PASSED] - if (tab == "summary"): Delayed 3 second(s)

2022-03-09 14:12:49 - [TEST_STEP][PASSED] - idr = PORT_BtnIDR: null

2022-03-09 14:12:49 - [TEST_STEP][PASSED] - persen = PORT_BtnPersen: null

2022-03-09 14:12:49 - [TEST_STEP][PASSED] - if (action == "summary"): null

2022-03-09 14:12:49 - [TEST_STEP][PASSED] - else if (action == "perf_daily"): scroll.scroll.scrollScreenBottomToTop is PASSED

2022-03-09 14:12:49 - [TEST_STEP][PASSED] - scroll.scroll.scrollScreenBottomToTop(): scroll.scroll.scrollScreenBottomToTop is PASSED

2022-03-09 14:12:49 - [MESSAGE][PASSED] - Current device physical height is 1423

2022-03-09 14:12:49 - [MESSAGE][PASSED] - Current device physical width is 720

2022-03-09 14:12:51 - [MESSAGE][PASSED] - Swiped from 360,1,138 to 360,284

2022-03-09 14:12:51 - [MESSAGE][PASSED] - scroll.scroll.scrollScreenBottomToTop is PASSED

2022-03-09 14:12:51 - [TEST_STEP][PASSED] - if (action != "summary"): Delayed 3 second(s)

2022-03-09 14:12:51 - [TEST_STEP][PASSED] - delay(1): Delayed 1 second(s)

2022-03-09 14:12:52 - [MESSAGE][PASSED] - Delayed 1 second(s)

2022-03-09 14:12:52 - [TEST_STEP][PASSED] - scroll.scroll.scrollScreenBottomToTop(): scroll.scroll.scrollScreenBottomToTop is PASSED

2022-03-09 14:12:52 - [MESSAGE][PASSED] - Current device physical height is 1423

2022-03-09 14:12:52 - [MESSAGE][PASSED] - Current device physical width is 720

2022-03-09 14:12:53 - [MESSAGE][PASSED] - Swiped from 360,1,138 to 360,284

2022-03-09 14:12:53 - [MESSAGE][PASSED] - scroll.scroll.scrollScreenBottomToTop is PASSED

2022-03-09 14:12:53 - [TEST_STEP][PASSED] - scroll.scroll.scrollScreenBottomToTop(): scroll.scroll.scrollScreenBottomToTop is PASSED

2022-03-09 14:12:53 - [MESSAGE][PASSED] - Current device physical height is 1423

2022-03-09 14:12:53 - [MESSAGE][PASSED] - Current device physical width is 720

2022-03-09 14:12:54 - [MESSAGE][PASSED] - Swiped from 360,1,138 to 360,284

2022-03-09 14:12:54 - [MESSAGE][PASSED] - scroll.scroll.scrollScreenBottomToTop is PASSED

2022-03-09 14:12:54 - [TEST_STEP][PASSED] - delay(3): Delayed 3 second(s)

2022-03-09 14:12:57 - [MESSAGE][PASSED] - Delayed 3 second(s)

2022-03-09 14:12:57 - [TEST_STEP][PASSED] - if (action2 == "idr"): Delayed 3 second(s)

2022-03-09 14:12:57 - [TEST_STEP][PASSED] - tap(idr, 10): Tapped on element 'Object Repository/Mobile/Page/Portfolio/Button - IDR'

2022-03-09 14:12:58 - [MESSAGE][PASSED] - Tapped on element 'Object Repository/Mobile/Page/Portfolio/Button - IDR'

2022-03-09 14:12:58 - [TEST_STEP][PASSED] - delay(3): Delayed 3 second(s)

2022-03-09 14:13:01 - [MESSAGE][PASSED] - Delayed 3 second(s)

2022-03-09 14:13:01 - [MESSAGE][PASSED] - Call Test Case 'Test Cases/Mobile/Page/Portfolio/Portfolio' successfully

2022-03-09 14:13:01 - [TEST_STEP][PASSED] - callTestCase(findTestCase("Mobile/Page/Run App/Terminate App"), [:], STOP_ON_FAILURE): Call Test Case 'Test Cases/Mobile/Page/Run App/Terminate App' successfully

2022-03-09 14:13:01 - [TEST_CASE][PASSED] - Test Cases/Mobile/Page/Run App/Terminate App: Test Cases/Mobile/Page/Run App/Terminate App

2022-03-09 14:13:01 - [TEST_STEP][PASSED] - startApp.OpenApp.terminateApplication(): startApp.OpenApp.terminateApplication is PASSED

2022-03-09 14:13:04 - [MESSAGE][PASSED] - Delayed 3 second(s)

2022-03-09 14:13:04 - [MESSAGE][PASSED] - Current device physical width is 720

2022-03-09 14:13:04 - [MESSAGE][PASSED] - Current device physical height is 1423

2022-03-09 14:13:06 - [MESSAGE][PASSED] - Swiped from 360,853 to 360,142

2022-03-09 14:13:07 - [MESSAGE][PASSED] - Delayed 1 second(s)

2022-03-09 14:13:08 - [MESSAGE][PASSED] - Swiped from 360,853 to 360,142

2022-03-09 14:13:11 - [MESSAGE][PASSED] - Delayed 3 second(s)

2022-03-09 14:13:11 - [MESSAGE][PASSED] - startApp.OpenApp.terminateApplication is PASSED

2022-03-09 14:13:11 - [MESSAGE][PASSED] - Call Test Case 'Test Cases/Mobile/Page/Run App/Terminate App' successfully]]></system-out>
         <system-err><![CDATA[]]></system-err>
      </testcase>
      <testcase name="Test Cases/Mobile/Scenario/Portfolio/003 - Portfolio Performance Month to Date IDR" time="64.753" classname="Test Cases/Mobile/Scenario/Portfolio/003 - Portfolio Performance Month to Date IDR" status="PASSED">
         <system-out><![CDATA[2022-03-09 14:13:11 - [TEST_CASE][PASSED] - Test Cases/Mobile/Scenario/Portfolio/003 - Portfolio Performance Month to Date IDR: Test Cases/Mobile/Scenario/Portfolio/003 - Portfolio Performance Month to Date IDR

2022-03-09 14:13:11 - [TEST_STEP][PASSED] - callTestCase(findTestCase("Mobile/Page/Run App/Run App byID"), [:], STOP_ON_FAILURE): Call Test Case 'Test Cases/Mobile/Page/Run App/Run App byID' successfully

2022-03-09 14:13:11 - [TEST_CASE][PASSED] - Test Cases/Mobile/Page/Run App/Run App byID: Test Cases/Mobile/Page/Run App/Run App byID

2022-03-09 14:13:11 - [TEST_STEP][PASSED] - startApp.OpenApp.startApplication("id.co.miraeasset.sageclub"): startApp.OpenApp.startApplication is PASSED

2022-03-09 14:13:22 - [MESSAGE][PASSED] - Starting app with application ID: 'id.co.miraeasset.sageclub'

2022-03-09 14:13:22 - [MESSAGE][PASSED] - startApp.OpenApp.startApplication is PASSED

2022-03-09 14:13:22 - [MESSAGE][PASSED] - Call Test Case 'Test Cases/Mobile/Page/Run App/Run App byID' successfully

2022-03-09 14:13:22 - [TEST_STEP][PASSED] - callTestCase(findTestCase("Mobile/Page/Portfolio/Portfolio"), ["tab":"summary", "action":"perf_month", "action2":"idr"], CONTINUE_ON_FAILURE): Call Test Case 'Test Cases/Mobile/Page/Portfolio/Portfolio' successfully

2022-03-09 14:13:22 - [TEST_CASE][PASSED] - Test Cases/Mobile/Page/Portfolio/Portfolio: Test Cases/Mobile/Page/Portfolio/Portfolio

2022-03-09 14:13:22 - [TEST_STEP][PASSED] - callTestCase(findTestCase("Mobile/Page/CheckLogin"), [:], CONTINUE_ON_FAILURE): Call Test Case 'Test Cases/Mobile/Page/CheckLogin' successfully

2022-03-09 14:13:22 - [TEST_CASE][PASSED] - Test Cases/Mobile/Page/CheckLogin: Test Cases/Mobile/Page/CheckLogin

2022-03-09 14:13:22 - [TEST_STEP][PASSED] - loginCheck = verifyElementExist(LOGN_BtnLogin, 5, CONTINUE_ON_FAILURE): Element 'Object Repository/Mobile/Page/Login/Button - Login' is exist

2022-03-09 14:13:24 - [MESSAGE][PASSED] - Element 'Object Repository/Mobile/Page/Login/Button - Login' is exist

2022-03-09 14:13:24 - [TEST_STEP][PASSED] - if (loginCheck): Call Test Case 'Test Cases/Mobile/Page/Login/Login' successfully

2022-03-09 14:13:24 - [TEST_STEP][PASSED] - callTestCase(findTestCase("Mobile/Page/Login/Login"), ["action":"username"], CONTINUE_ON_FAILURE): Call Test Case 'Test Cases/Mobile/Page/Login/Login' successfully

2022-03-09 14:13:24 - [TEST_CASE][PASSED] - Test Cases/Mobile/Page/Login/Login: Test Cases/Mobile/Page/Login/Login

2022-03-09 14:13:24 - [TEST_STEP][PASSED] - delay(2): Delayed 2 second(s)

2022-03-09 14:13:26 - [MESSAGE][PASSED] - Delayed 2 second(s)

2022-03-09 14:13:26 - [TEST_STEP][PASSED] - for ([i = 0, i < 1, (i++)]): null

2022-03-09 14:13:26 - [TEST_STEP][PASSED] - if (action == "username"): null

2022-03-09 14:13:26 - [TEST_STEP][PASSED] - tap(LOGN_EdtUserID, 0): Tapped on element 'Object Repository/Mobile/Page/Login/Input - UserID'

2022-03-09 14:13:26 - [MESSAGE][WARNING] - Timeout '0' is invalid. Using default page load timeout: '60'

2022-03-09 14:13:27 - [MESSAGE][PASSED] - Tapped on element 'Object Repository/Mobile/Page/Login/Input - UserID'

2022-03-09 14:13:27 - [TEST_STEP][PASSED] - delay(1): Delayed 1 second(s)

2022-03-09 14:13:28 - [MESSAGE][PASSED] - Delayed 1 second(s)

2022-03-09 14:13:28 - [TEST_STEP][PASSED] - setText(LOGN_EdtRdyUserID, "anggaaditya", 0): Text 'anggaaditya' has been set to element 'Object Repository/Mobile/Page/Login/Input Rdy - UserID'

2022-03-09 14:13:28 - [MESSAGE][WARNING] - Timeout '0' is invalid. Using default page load timeout: '60'

2022-03-09 14:13:28 - [MESSAGE][PASSED] - Text 'anggaaditya' has been set to element 'Object Repository/Mobile/Page/Login/Input Rdy - UserID'

2022-03-09 14:13:28 - [TEST_STEP][PASSED] - delay(1): Delayed 1 second(s)

2022-03-09 14:13:29 - [MESSAGE][PASSED] - Delayed 1 second(s)

2022-03-09 14:13:29 - [TEST_STEP][PASSED] - hideKeyboard(): Keyboard is hidden

2022-03-09 14:13:34 - [MESSAGE][PASSED] - Keyboard is hidden

2022-03-09 14:13:34 - [TEST_STEP][PASSED] - tap(LOGN_EdtPassword, 0): Tapped on element 'Object Repository/Mobile/Page/Login/Input - Password'

2022-03-09 14:13:34 - [MESSAGE][WARNING] - Timeout '0' is invalid. Using default page load timeout: '60'

2022-03-09 14:13:34 - [MESSAGE][PASSED] - Tapped on element 'Object Repository/Mobile/Page/Login/Input - Password'

2022-03-09 14:13:34 - [TEST_STEP][PASSED] - delay(1): Delayed 1 second(s)

2022-03-09 14:13:35 - [MESSAGE][PASSED] - Delayed 1 second(s)

2022-03-09 14:13:35 - [TEST_STEP][PASSED] - setText(LOGN_EdtRdyPassword, "Shalawa18", 0): Text 'Shalawa18' has been set to element 'Object Repository/Mobile/Page/Login/Input Rdy - Password'

2022-03-09 14:13:35 - [MESSAGE][WARNING] - Timeout '0' is invalid. Using default page load timeout: '60'

2022-03-09 14:13:35 - [MESSAGE][PASSED] - Text 'Shalawa18' has been set to element 'Object Repository/Mobile/Page/Login/Input Rdy - Password'

2022-03-09 14:13:35 - [TEST_STEP][PASSED] - delay(1): Delayed 1 second(s)

2022-03-09 14:13:36 - [MESSAGE][PASSED] - Delayed 1 second(s)

2022-03-09 14:13:36 - [TEST_STEP][PASSED] - hideKeyboard(): Keyboard is hidden

2022-03-09 14:13:42 - [MESSAGE][PASSED] - Keyboard is hidden

2022-03-09 14:13:42 - [TEST_STEP][PASSED] - tap(LOGN_BtnLogin, 0): Tapped on element 'Object Repository/Mobile/Page/Login/Button - Login'

2022-03-09 14:13:42 - [MESSAGE][WARNING] - Timeout '0' is invalid. Using default page load timeout: '60'

2022-03-09 14:13:43 - [MESSAGE][PASSED] - Tapped on element 'Object Repository/Mobile/Page/Login/Button - Login'

2022-03-09 14:13:43 - [TEST_STEP][PASSED] - delay(2): Delayed 2 second(s)

2022-03-09 14:13:45 - [MESSAGE][PASSED] - Delayed 2 second(s)

2022-03-09 14:13:45 - [TEST_STEP][PASSED] - break: null

2022-03-09 14:13:45 - [MESSAGE][PASSED] - Call Test Case 'Test Cases/Mobile/Page/Login/Login' successfully

2022-03-09 14:13:45 - [MESSAGE][PASSED] - Call Test Case 'Test Cases/Mobile/Page/CheckLogin' successfully

2022-03-09 14:13:45 - [TEST_STEP][PASSED] - tap(HOME_MenubarPortfolio, 0): Tapped on element 'Object Repository/Mobile/Page/Home/Menubar - Portfolio'

2022-03-09 14:13:45 - [MESSAGE][WARNING] - Timeout '0' is invalid. Using default page load timeout: '60'

2022-03-09 14:13:47 - [MESSAGE][PASSED] - Tapped on element 'Object Repository/Mobile/Page/Home/Menubar - Portfolio'

2022-03-09 14:13:47 - [TEST_STEP][PASSED] - delay(5): Delayed 5 second(s)

2022-03-09 14:13:52 - [MESSAGE][PASSED] - Delayed 5 second(s)

2022-03-09 14:13:52 - [TEST_STEP][PASSED] - for ([i = 0, i < 1, (i++)]): Delayed 3 second(s)

2022-03-09 14:13:52 - [TEST_STEP][PASSED] - if (tab == "summary"): Delayed 3 second(s)

2022-03-09 14:13:52 - [TEST_STEP][PASSED] - idr = PORT_BtnIDR: null

2022-03-09 14:13:52 - [TEST_STEP][PASSED] - persen = PORT_BtnPersen: null

2022-03-09 14:13:52 - [TEST_STEP][PASSED] - if (action == "summary"): null

2022-03-09 14:13:52 - [TEST_STEP][PASSED] - else if (action == "perf_daily"): null

2022-03-09 14:13:52 - [TEST_STEP][PASSED] - else if (action == "perf_month"): Tapped on element 'Object Repository/Mobile/Page/Portfolio/Tab - Summary Month to Date'

2022-03-09 14:13:52 - [TEST_STEP][PASSED] - scroll.scroll.scrollScreenBottomToTop(): scroll.scroll.scrollScreenBottomToTop is PASSED

2022-03-09 14:13:52 - [MESSAGE][PASSED] - Current device physical height is 1423

2022-03-09 14:13:53 - [MESSAGE][PASSED] - Current device physical width is 720

2022-03-09 14:13:54 - [MESSAGE][PASSED] - Swiped from 360,1,138 to 360,284

2022-03-09 14:13:54 - [MESSAGE][PASSED] - scroll.scroll.scrollScreenBottomToTop is PASSED

2022-03-09 14:13:54 - [TEST_STEP][PASSED] - delay(1): Delayed 1 second(s)

2022-03-09 14:13:55 - [MESSAGE][PASSED] - Delayed 1 second(s)

2022-03-09 14:13:55 - [TEST_STEP][PASSED] - tap(PORT_TabSummaryMonth, 0): Tapped on element 'Object Repository/Mobile/Page/Portfolio/Tab - Summary Month to Date'

2022-03-09 14:13:55 - [MESSAGE][WARNING] - Timeout '0' is invalid. Using default page load timeout: '60'

2022-03-09 14:13:55 - [MESSAGE][PASSED] - Tapped on element 'Object Repository/Mobile/Page/Portfolio/Tab - Summary Month to Date'

2022-03-09 14:13:55 - [TEST_STEP][PASSED] - if (action != "summary"): Delayed 3 second(s)

2022-03-09 14:13:55 - [TEST_STEP][PASSED] - delay(1): Delayed 1 second(s)

2022-03-09 14:13:56 - [MESSAGE][PASSED] - Delayed 1 second(s)

2022-03-09 14:13:56 - [TEST_STEP][PASSED] - scroll.scroll.scrollScreenBottomToTop(): scroll.scroll.scrollScreenBottomToTop is PASSED

2022-03-09 14:13:56 - [MESSAGE][PASSED] - Current device physical height is 1423

2022-03-09 14:13:56 - [MESSAGE][PASSED] - Current device physical width is 720

2022-03-09 14:13:58 - [MESSAGE][PASSED] - Swiped from 360,1,138 to 360,284

2022-03-09 14:13:58 - [MESSAGE][PASSED] - scroll.scroll.scrollScreenBottomToTop is PASSED

2022-03-09 14:13:58 - [TEST_STEP][PASSED] - scroll.scroll.scrollScreenBottomToTop(): scroll.scroll.scrollScreenBottomToTop is PASSED

2022-03-09 14:13:58 - [MESSAGE][PASSED] - Current device physical height is 1423

2022-03-09 14:13:58 - [MESSAGE][PASSED] - Current device physical width is 720

2022-03-09 14:13:59 - [MESSAGE][PASSED] - Swiped from 360,1,138 to 360,284

2022-03-09 14:13:59 - [MESSAGE][PASSED] - scroll.scroll.scrollScreenBottomToTop is PASSED

2022-03-09 14:13:59 - [TEST_STEP][PASSED] - delay(3): Delayed 3 second(s)

2022-03-09 14:14:02 - [MESSAGE][PASSED] - Delayed 3 second(s)

2022-03-09 14:14:02 - [TEST_STEP][PASSED] - if (action2 == "idr"): Delayed 3 second(s)

2022-03-09 14:14:02 - [TEST_STEP][PASSED] - tap(idr, 10): Tapped on element 'Object Repository/Mobile/Page/Portfolio/Button - IDR'

2022-03-09 14:14:03 - [MESSAGE][PASSED] - Tapped on element 'Object Repository/Mobile/Page/Portfolio/Button - IDR'

2022-03-09 14:14:03 - [TEST_STEP][PASSED] - delay(3): Delayed 3 second(s)

2022-03-09 14:14:06 - [MESSAGE][PASSED] - Delayed 3 second(s)

2022-03-09 14:14:06 - [MESSAGE][PASSED] - Call Test Case 'Test Cases/Mobile/Page/Portfolio/Portfolio' successfully

2022-03-09 14:14:06 - [TEST_STEP][PASSED] - callTestCase(findTestCase("Mobile/Page/Run App/Terminate App"), [:], STOP_ON_FAILURE): Call Test Case 'Test Cases/Mobile/Page/Run App/Terminate App' successfully

2022-03-09 14:14:06 - [TEST_CASE][PASSED] - Test Cases/Mobile/Page/Run App/Terminate App: Test Cases/Mobile/Page/Run App/Terminate App

2022-03-09 14:14:06 - [TEST_STEP][PASSED] - startApp.OpenApp.terminateApplication(): startApp.OpenApp.terminateApplication is PASSED

2022-03-09 14:14:09 - [MESSAGE][PASSED] - Delayed 3 second(s)

2022-03-09 14:14:09 - [MESSAGE][PASSED] - Current device physical width is 720

2022-03-09 14:14:09 - [MESSAGE][PASSED] - Current device physical height is 1423

2022-03-09 14:14:10 - [MESSAGE][PASSED] - Swiped from 360,853 to 360,142

2022-03-09 14:14:11 - [MESSAGE][PASSED] - Delayed 1 second(s)

2022-03-09 14:14:13 - [MESSAGE][PASSED] - Swiped from 360,853 to 360,142

2022-03-09 14:14:16 - [MESSAGE][PASSED] - Delayed 3 second(s)

2022-03-09 14:14:16 - [MESSAGE][PASSED] - startApp.OpenApp.terminateApplication is PASSED

2022-03-09 14:14:16 - [MESSAGE][PASSED] - Call Test Case 'Test Cases/Mobile/Page/Run App/Terminate App' successfully]]></system-out>
         <system-err><![CDATA[]]></system-err>
      </testcase>
      <testcase name="Test Cases/Mobile/Scenario/Portfolio/004 - Portfolio Performance Quarter to Date IDR" time="65.116" classname="Test Cases/Mobile/Scenario/Portfolio/004 - Portfolio Performance Quarter to Date IDR" status="PASSED">
         <system-out><![CDATA[2022-03-09 14:14:16 - [TEST_CASE][PASSED] - Test Cases/Mobile/Scenario/Portfolio/004 - Portfolio Performance Quarter to Date IDR: Test Cases/Mobile/Scenario/Portfolio/004 - Portfolio Performance Quarter to Date IDR

2022-03-09 14:14:16 - [TEST_STEP][PASSED] - callTestCase(findTestCase("Mobile/Page/Run App/Run App byID"), [:], STOP_ON_FAILURE): Call Test Case 'Test Cases/Mobile/Page/Run App/Run App byID' successfully

2022-03-09 14:14:16 - [TEST_CASE][PASSED] - Test Cases/Mobile/Page/Run App/Run App byID: Test Cases/Mobile/Page/Run App/Run App byID

2022-03-09 14:14:16 - [TEST_STEP][PASSED] - startApp.OpenApp.startApplication("id.co.miraeasset.sageclub"): startApp.OpenApp.startApplication is PASSED

2022-03-09 14:14:27 - [MESSAGE][PASSED] - Starting app with application ID: 'id.co.miraeasset.sageclub'

2022-03-09 14:14:27 - [MESSAGE][PASSED] - startApp.OpenApp.startApplication is PASSED

2022-03-09 14:14:27 - [MESSAGE][PASSED] - Call Test Case 'Test Cases/Mobile/Page/Run App/Run App byID' successfully

2022-03-09 14:14:27 - [TEST_STEP][PASSED] - callTestCase(findTestCase("Mobile/Page/Portfolio/Portfolio"), ["tab":"summary", "action":"perf_quarter", "action2":"idr"], CONTINUE_ON_FAILURE): Call Test Case 'Test Cases/Mobile/Page/Portfolio/Portfolio' successfully

2022-03-09 14:14:27 - [TEST_CASE][PASSED] - Test Cases/Mobile/Page/Portfolio/Portfolio: Test Cases/Mobile/Page/Portfolio/Portfolio

2022-03-09 14:14:27 - [TEST_STEP][PASSED] - callTestCase(findTestCase("Mobile/Page/CheckLogin"), [:], CONTINUE_ON_FAILURE): Call Test Case 'Test Cases/Mobile/Page/CheckLogin' successfully

2022-03-09 14:14:27 - [TEST_CASE][PASSED] - Test Cases/Mobile/Page/CheckLogin: Test Cases/Mobile/Page/CheckLogin

2022-03-09 14:14:27 - [TEST_STEP][PASSED] - loginCheck = verifyElementExist(LOGN_BtnLogin, 5, CONTINUE_ON_FAILURE): Element 'Object Repository/Mobile/Page/Login/Button - Login' is exist

2022-03-09 14:14:29 - [MESSAGE][PASSED] - Element 'Object Repository/Mobile/Page/Login/Button - Login' is exist

2022-03-09 14:14:29 - [TEST_STEP][PASSED] - if (loginCheck): Call Test Case 'Test Cases/Mobile/Page/Login/Login' successfully

2022-03-09 14:14:29 - [TEST_STEP][PASSED] - callTestCase(findTestCase("Mobile/Page/Login/Login"), ["action":"username"], CONTINUE_ON_FAILURE): Call Test Case 'Test Cases/Mobile/Page/Login/Login' successfully

2022-03-09 14:14:29 - [TEST_CASE][PASSED] - Test Cases/Mobile/Page/Login/Login: Test Cases/Mobile/Page/Login/Login

2022-03-09 14:14:29 - [TEST_STEP][PASSED] - delay(2): Delayed 2 second(s)

2022-03-09 14:14:31 - [MESSAGE][PASSED] - Delayed 2 second(s)

2022-03-09 14:14:31 - [TEST_STEP][PASSED] - for ([i = 0, i < 1, (i++)]): null

2022-03-09 14:14:31 - [TEST_STEP][PASSED] - if (action == "username"): null

2022-03-09 14:14:31 - [TEST_STEP][PASSED] - tap(LOGN_EdtUserID, 0): Tapped on element 'Object Repository/Mobile/Page/Login/Input - UserID'

2022-03-09 14:14:31 - [MESSAGE][WARNING] - Timeout '0' is invalid. Using default page load timeout: '60'

2022-03-09 14:14:32 - [MESSAGE][PASSED] - Tapped on element 'Object Repository/Mobile/Page/Login/Input - UserID'

2022-03-09 14:14:32 - [TEST_STEP][PASSED] - delay(1): Delayed 1 second(s)

2022-03-09 14:14:33 - [MESSAGE][PASSED] - Delayed 1 second(s)

2022-03-09 14:14:33 - [TEST_STEP][PASSED] - setText(LOGN_EdtRdyUserID, "anggaaditya", 0): Text 'anggaaditya' has been set to element 'Object Repository/Mobile/Page/Login/Input Rdy - UserID'

2022-03-09 14:14:33 - [MESSAGE][WARNING] - Timeout '0' is invalid. Using default page load timeout: '60'

2022-03-09 14:14:33 - [MESSAGE][PASSED] - Text 'anggaaditya' has been set to element 'Object Repository/Mobile/Page/Login/Input Rdy - UserID'

2022-03-09 14:14:33 - [TEST_STEP][PASSED] - delay(1): Delayed 1 second(s)

2022-03-09 14:14:34 - [MESSAGE][PASSED] - Delayed 1 second(s)

2022-03-09 14:14:34 - [TEST_STEP][PASSED] - hideKeyboard(): Keyboard is hidden

2022-03-09 14:14:38 - [MESSAGE][PASSED] - Keyboard is hidden

2022-03-09 14:14:38 - [TEST_STEP][PASSED] - tap(LOGN_EdtPassword, 0): Tapped on element 'Object Repository/Mobile/Page/Login/Input - Password'

2022-03-09 14:14:38 - [MESSAGE][WARNING] - Timeout '0' is invalid. Using default page load timeout: '60'

2022-03-09 14:14:38 - [MESSAGE][PASSED] - Tapped on element 'Object Repository/Mobile/Page/Login/Input - Password'

2022-03-09 14:14:38 - [TEST_STEP][PASSED] - delay(1): Delayed 1 second(s)

2022-03-09 14:14:39 - [MESSAGE][PASSED] - Delayed 1 second(s)

2022-03-09 14:14:39 - [TEST_STEP][PASSED] - setText(LOGN_EdtRdyPassword, "Shalawa18", 0): Text 'Shalawa18' has been set to element 'Object Repository/Mobile/Page/Login/Input Rdy - Password'

2022-03-09 14:14:39 - [MESSAGE][WARNING] - Timeout '0' is invalid. Using default page load timeout: '60'

2022-03-09 14:14:40 - [MESSAGE][PASSED] - Text 'Shalawa18' has been set to element 'Object Repository/Mobile/Page/Login/Input Rdy - Password'

2022-03-09 14:14:40 - [TEST_STEP][PASSED] - delay(1): Delayed 1 second(s)

2022-03-09 14:14:41 - [MESSAGE][PASSED] - Delayed 1 second(s)

2022-03-09 14:14:41 - [TEST_STEP][PASSED] - hideKeyboard(): Keyboard is hidden

2022-03-09 14:14:47 - [MESSAGE][PASSED] - Keyboard is hidden

2022-03-09 14:14:47 - [TEST_STEP][PASSED] - tap(LOGN_BtnLogin, 0): Tapped on element 'Object Repository/Mobile/Page/Login/Button - Login'

2022-03-09 14:14:47 - [MESSAGE][WARNING] - Timeout '0' is invalid. Using default page load timeout: '60'

2022-03-09 14:14:48 - [MESSAGE][PASSED] - Tapped on element 'Object Repository/Mobile/Page/Login/Button - Login'

2022-03-09 14:14:48 - [TEST_STEP][PASSED] - delay(2): Delayed 2 second(s)

2022-03-09 14:14:50 - [MESSAGE][PASSED] - Delayed 2 second(s)

2022-03-09 14:14:50 - [TEST_STEP][PASSED] - break: null

2022-03-09 14:14:50 - [MESSAGE][PASSED] - Call Test Case 'Test Cases/Mobile/Page/Login/Login' successfully

2022-03-09 14:14:50 - [MESSAGE][PASSED] - Call Test Case 'Test Cases/Mobile/Page/CheckLogin' successfully

2022-03-09 14:14:50 - [TEST_STEP][PASSED] - tap(HOME_MenubarPortfolio, 0): Tapped on element 'Object Repository/Mobile/Page/Home/Menubar - Portfolio'

2022-03-09 14:14:50 - [MESSAGE][WARNING] - Timeout '0' is invalid. Using default page load timeout: '60'

2022-03-09 14:14:52 - [MESSAGE][PASSED] - Tapped on element 'Object Repository/Mobile/Page/Home/Menubar - Portfolio'

2022-03-09 14:14:52 - [TEST_STEP][PASSED] - delay(5): Delayed 5 second(s)

2022-03-09 14:14:57 - [MESSAGE][PASSED] - Delayed 5 second(s)

2022-03-09 14:14:57 - [TEST_STEP][PASSED] - for ([i = 0, i < 1, (i++)]): Delayed 3 second(s)

2022-03-09 14:14:57 - [TEST_STEP][PASSED] - if (tab == "summary"): Delayed 3 second(s)

2022-03-09 14:14:57 - [TEST_STEP][PASSED] - idr = PORT_BtnIDR: null

2022-03-09 14:14:57 - [TEST_STEP][PASSED] - persen = PORT_BtnPersen: null

2022-03-09 14:14:57 - [TEST_STEP][PASSED] - if (action == "summary"): null

2022-03-09 14:14:57 - [TEST_STEP][PASSED] - else if (action == "perf_daily"): null

2022-03-09 14:14:57 - [TEST_STEP][PASSED] - else if (action == "perf_month"): null

2022-03-09 14:14:57 - [TEST_STEP][PASSED] - else if (action == "perf_quarter"): Tapped on element 'Object Repository/Mobile/Page/Portfolio/Tab - Summary Quarter to Date'

2022-03-09 14:14:57 - [TEST_STEP][PASSED] - scroll.scroll.scrollScreenBottomToTop(): scroll.scroll.scrollScreenBottomToTop is PASSED

2022-03-09 14:14:57 - [MESSAGE][PASSED] - Current device physical height is 1423

2022-03-09 14:14:57 - [MESSAGE][PASSED] - Current device physical width is 720

2022-03-09 14:14:58 - [MESSAGE][PASSED] - Swiped from 360,1,138 to 360,284

2022-03-09 14:14:58 - [MESSAGE][PASSED] - scroll.scroll.scrollScreenBottomToTop is PASSED

2022-03-09 14:14:58 - [TEST_STEP][PASSED] - delay(1): Delayed 1 second(s)

2022-03-09 14:14:59 - [MESSAGE][PASSED] - Delayed 1 second(s)

2022-03-09 14:14:59 - [TEST_STEP][PASSED] - tap(PORT_TabSummaryQuarter, 0): Tapped on element 'Object Repository/Mobile/Page/Portfolio/Tab - Summary Quarter to Date'

2022-03-09 14:14:59 - [MESSAGE][WARNING] - Timeout '0' is invalid. Using default page load timeout: '60'

2022-03-09 14:15:00 - [MESSAGE][PASSED] - Tapped on element 'Object Repository/Mobile/Page/Portfolio/Tab - Summary Quarter to Date'

2022-03-09 14:15:00 - [TEST_STEP][PASSED] - if (action != "summary"): Delayed 3 second(s)

2022-03-09 14:15:00 - [TEST_STEP][PASSED] - delay(1): Delayed 1 second(s)

2022-03-09 14:15:01 - [MESSAGE][PASSED] - Delayed 1 second(s)

2022-03-09 14:15:01 - [TEST_STEP][PASSED] - scroll.scroll.scrollScreenBottomToTop(): scroll.scroll.scrollScreenBottomToTop is PASSED

2022-03-09 14:15:01 - [MESSAGE][PASSED] - Current device physical height is 1423

2022-03-09 14:15:02 - [MESSAGE][PASSED] - Current device physical width is 720

2022-03-09 14:15:03 - [MESSAGE][PASSED] - Swiped from 360,1,138 to 360,284

2022-03-09 14:15:03 - [MESSAGE][PASSED] - scroll.scroll.scrollScreenBottomToTop is PASSED

2022-03-09 14:15:03 - [TEST_STEP][PASSED] - scroll.scroll.scrollScreenBottomToTop(): scroll.scroll.scrollScreenBottomToTop is PASSED

2022-03-09 14:15:03 - [MESSAGE][PASSED] - Current device physical height is 1423

2022-03-09 14:15:03 - [MESSAGE][PASSED] - Current device physical width is 720

2022-03-09 14:15:04 - [MESSAGE][PASSED] - Swiped from 360,1,138 to 360,284

2022-03-09 14:15:04 - [MESSAGE][PASSED] - scroll.scroll.scrollScreenBottomToTop is PASSED

2022-03-09 14:15:04 - [TEST_STEP][PASSED] - delay(3): Delayed 3 second(s)

2022-03-09 14:15:07 - [MESSAGE][PASSED] - Delayed 3 second(s)

2022-03-09 14:15:07 - [TEST_STEP][PASSED] - if (action2 == "idr"): Delayed 3 second(s)

2022-03-09 14:15:07 - [TEST_STEP][PASSED] - tap(idr, 10): Tapped on element 'Object Repository/Mobile/Page/Portfolio/Button - IDR'

2022-03-09 14:15:08 - [MESSAGE][PASSED] - Tapped on element 'Object Repository/Mobile/Page/Portfolio/Button - IDR'

2022-03-09 14:15:08 - [TEST_STEP][PASSED] - delay(3): Delayed 3 second(s)

2022-03-09 14:15:11 - [MESSAGE][PASSED] - Delayed 3 second(s)

2022-03-09 14:15:11 - [MESSAGE][PASSED] - Call Test Case 'Test Cases/Mobile/Page/Portfolio/Portfolio' successfully

2022-03-09 14:15:11 - [TEST_STEP][PASSED] - callTestCase(findTestCase("Mobile/Page/Run App/Terminate App"), [:], STOP_ON_FAILURE): Call Test Case 'Test Cases/Mobile/Page/Run App/Terminate App' successfully

2022-03-09 14:15:11 - [TEST_CASE][PASSED] - Test Cases/Mobile/Page/Run App/Terminate App: Test Cases/Mobile/Page/Run App/Terminate App

2022-03-09 14:15:11 - [TEST_STEP][PASSED] - startApp.OpenApp.terminateApplication(): startApp.OpenApp.terminateApplication is PASSED

2022-03-09 14:15:14 - [MESSAGE][PASSED] - Delayed 3 second(s)

2022-03-09 14:15:14 - [MESSAGE][PASSED] - Current device physical width is 720

2022-03-09 14:15:14 - [MESSAGE][PASSED] - Current device physical height is 1423

2022-03-09 14:15:16 - [MESSAGE][PASSED] - Swiped from 360,853 to 360,142

2022-03-09 14:15:17 - [MESSAGE][PASSED] - Delayed 1 second(s)

2022-03-09 14:15:18 - [MESSAGE][PASSED] - Swiped from 360,853 to 360,142

2022-03-09 14:15:21 - [MESSAGE][PASSED] - Delayed 3 second(s)

2022-03-09 14:15:21 - [MESSAGE][PASSED] - startApp.OpenApp.terminateApplication is PASSED

2022-03-09 14:15:21 - [MESSAGE][PASSED] - Call Test Case 'Test Cases/Mobile/Page/Run App/Terminate App' successfully]]></system-out>
         <system-err><![CDATA[]]></system-err>
      </testcase>
      <testcase name="Test Cases/Mobile/Scenario/Portfolio/005 - Portfolio Performance Year to Date IDR" time="64.355" classname="Test Cases/Mobile/Scenario/Portfolio/005 - Portfolio Performance Year to Date IDR" status="PASSED">
         <system-out><![CDATA[2022-03-09 14:15:21 - [TEST_CASE][PASSED] - Test Cases/Mobile/Scenario/Portfolio/005 - Portfolio Performance Year to Date IDR: Test Cases/Mobile/Scenario/Portfolio/005 - Portfolio Performance Year to Date IDR

2022-03-09 14:15:21 - [TEST_STEP][PASSED] - callTestCase(findTestCase("Mobile/Page/Run App/Run App byID"), [:], STOP_ON_FAILURE): Call Test Case 'Test Cases/Mobile/Page/Run App/Run App byID' successfully

2022-03-09 14:15:21 - [TEST_CASE][PASSED] - Test Cases/Mobile/Page/Run App/Run App byID: Test Cases/Mobile/Page/Run App/Run App byID

2022-03-09 14:15:21 - [TEST_STEP][PASSED] - startApp.OpenApp.startApplication("id.co.miraeasset.sageclub"): startApp.OpenApp.startApplication is PASSED

2022-03-09 14:15:32 - [MESSAGE][PASSED] - Starting app with application ID: 'id.co.miraeasset.sageclub'

2022-03-09 14:15:32 - [MESSAGE][PASSED] - startApp.OpenApp.startApplication is PASSED

2022-03-09 14:15:32 - [MESSAGE][PASSED] - Call Test Case 'Test Cases/Mobile/Page/Run App/Run App byID' successfully

2022-03-09 14:15:32 - [TEST_STEP][PASSED] - callTestCase(findTestCase("Mobile/Page/Portfolio/Portfolio"), ["tab":"summary", "action":"perf_year", "action2":"idr"], CONTINUE_ON_FAILURE): Call Test Case 'Test Cases/Mobile/Page/Portfolio/Portfolio' successfully

2022-03-09 14:15:32 - [TEST_CASE][PASSED] - Test Cases/Mobile/Page/Portfolio/Portfolio: Test Cases/Mobile/Page/Portfolio/Portfolio

2022-03-09 14:15:32 - [TEST_STEP][PASSED] - callTestCase(findTestCase("Mobile/Page/CheckLogin"), [:], CONTINUE_ON_FAILURE): Call Test Case 'Test Cases/Mobile/Page/CheckLogin' successfully

2022-03-09 14:15:32 - [TEST_CASE][PASSED] - Test Cases/Mobile/Page/CheckLogin: Test Cases/Mobile/Page/CheckLogin

2022-03-09 14:15:32 - [TEST_STEP][PASSED] - loginCheck = verifyElementExist(LOGN_BtnLogin, 5, CONTINUE_ON_FAILURE): Element 'Object Repository/Mobile/Page/Login/Button - Login' is exist

2022-03-09 14:15:34 - [MESSAGE][PASSED] - Element 'Object Repository/Mobile/Page/Login/Button - Login' is exist

2022-03-09 14:15:34 - [TEST_STEP][PASSED] - if (loginCheck): Call Test Case 'Test Cases/Mobile/Page/Login/Login' successfully

2022-03-09 14:15:34 - [TEST_STEP][PASSED] - callTestCase(findTestCase("Mobile/Page/Login/Login"), ["action":"username"], CONTINUE_ON_FAILURE): Call Test Case 'Test Cases/Mobile/Page/Login/Login' successfully

2022-03-09 14:15:34 - [TEST_CASE][PASSED] - Test Cases/Mobile/Page/Login/Login: Test Cases/Mobile/Page/Login/Login

2022-03-09 14:15:34 - [TEST_STEP][PASSED] - delay(2): Delayed 2 second(s)

2022-03-09 14:15:36 - [MESSAGE][PASSED] - Delayed 2 second(s)

2022-03-09 14:15:36 - [TEST_STEP][PASSED] - for ([i = 0, i < 1, (i++)]): null

2022-03-09 14:15:36 - [TEST_STEP][PASSED] - if (action == "username"): null

2022-03-09 14:15:36 - [TEST_STEP][PASSED] - tap(LOGN_EdtUserID, 0): Tapped on element 'Object Repository/Mobile/Page/Login/Input - UserID'

2022-03-09 14:15:36 - [MESSAGE][WARNING] - Timeout '0' is invalid. Using default page load timeout: '60'

2022-03-09 14:15:37 - [MESSAGE][PASSED] - Tapped on element 'Object Repository/Mobile/Page/Login/Input - UserID'

2022-03-09 14:15:37 - [TEST_STEP][PASSED] - delay(1): Delayed 1 second(s)

2022-03-09 14:15:38 - [MESSAGE][PASSED] - Delayed 1 second(s)

2022-03-09 14:15:38 - [TEST_STEP][PASSED] - setText(LOGN_EdtRdyUserID, "anggaaditya", 0): Text 'anggaaditya' has been set to element 'Object Repository/Mobile/Page/Login/Input Rdy - UserID'

2022-03-09 14:15:38 - [MESSAGE][WARNING] - Timeout '0' is invalid. Using default page load timeout: '60'

2022-03-09 14:15:38 - [MESSAGE][PASSED] - Text 'anggaaditya' has been set to element 'Object Repository/Mobile/Page/Login/Input Rdy - UserID'

2022-03-09 14:15:38 - [TEST_STEP][PASSED] - delay(1): Delayed 1 second(s)

2022-03-09 14:15:39 - [MESSAGE][PASSED] - Delayed 1 second(s)

2022-03-09 14:15:39 - [TEST_STEP][PASSED] - hideKeyboard(): Keyboard is hidden

2022-03-09 14:15:43 - [MESSAGE][PASSED] - Keyboard is hidden

2022-03-09 14:15:43 - [TEST_STEP][PASSED] - tap(LOGN_EdtPassword, 0): Tapped on element 'Object Repository/Mobile/Page/Login/Input - Password'

2022-03-09 14:15:43 - [MESSAGE][WARNING] - Timeout '0' is invalid. Using default page load timeout: '60'

2022-03-09 14:15:43 - [MESSAGE][PASSED] - Tapped on element 'Object Repository/Mobile/Page/Login/Input - Password'

2022-03-09 14:15:43 - [TEST_STEP][PASSED] - delay(1): Delayed 1 second(s)

2022-03-09 14:15:44 - [MESSAGE][PASSED] - Delayed 1 second(s)

2022-03-09 14:15:44 - [TEST_STEP][PASSED] - setText(LOGN_EdtRdyPassword, "Shalawa18", 0): Text 'Shalawa18' has been set to element 'Object Repository/Mobile/Page/Login/Input Rdy - Password'

2022-03-09 14:15:44 - [MESSAGE][WARNING] - Timeout '0' is invalid. Using default page load timeout: '60'

2022-03-09 14:15:45 - [MESSAGE][PASSED] - Text 'Shalawa18' has been set to element 'Object Repository/Mobile/Page/Login/Input Rdy - Password'

2022-03-09 14:15:45 - [TEST_STEP][PASSED] - delay(1): Delayed 1 second(s)

2022-03-09 14:15:46 - [MESSAGE][PASSED] - Delayed 1 second(s)

2022-03-09 14:15:46 - [TEST_STEP][PASSED] - hideKeyboard(): Keyboard is hidden

2022-03-09 14:15:51 - [MESSAGE][PASSED] - Keyboard is hidden

2022-03-09 14:15:51 - [TEST_STEP][PASSED] - tap(LOGN_BtnLogin, 0): Tapped on element 'Object Repository/Mobile/Page/Login/Button - Login'

2022-03-09 14:15:52 - [MESSAGE][WARNING] - Timeout '0' is invalid. Using default page load timeout: '60'

2022-03-09 14:15:52 - [MESSAGE][PASSED] - Tapped on element 'Object Repository/Mobile/Page/Login/Button - Login'

2022-03-09 14:15:52 - [TEST_STEP][PASSED] - delay(2): Delayed 2 second(s)

2022-03-09 14:15:54 - [MESSAGE][PASSED] - Delayed 2 second(s)

2022-03-09 14:15:54 - [TEST_STEP][PASSED] - break: null

2022-03-09 14:15:54 - [MESSAGE][PASSED] - Call Test Case 'Test Cases/Mobile/Page/Login/Login' successfully

2022-03-09 14:15:54 - [MESSAGE][PASSED] - Call Test Case 'Test Cases/Mobile/Page/CheckLogin' successfully

2022-03-09 14:15:54 - [TEST_STEP][PASSED] - tap(HOME_MenubarPortfolio, 0): Tapped on element 'Object Repository/Mobile/Page/Home/Menubar - Portfolio'

2022-03-09 14:15:54 - [MESSAGE][WARNING] - Timeout '0' is invalid. Using default page load timeout: '60'

2022-03-09 14:15:56 - [MESSAGE][PASSED] - Tapped on element 'Object Repository/Mobile/Page/Home/Menubar - Portfolio'

2022-03-09 14:15:56 - [TEST_STEP][PASSED] - delay(5): Delayed 5 second(s)

2022-03-09 14:16:01 - [MESSAGE][PASSED] - Delayed 5 second(s)

2022-03-09 14:16:01 - [TEST_STEP][PASSED] - for ([i = 0, i < 1, (i++)]): Delayed 3 second(s)

2022-03-09 14:16:01 - [TEST_STEP][PASSED] - if (tab == "summary"): Delayed 3 second(s)

2022-03-09 14:16:01 - [TEST_STEP][PASSED] - idr = PORT_BtnIDR: null

2022-03-09 14:16:01 - [TEST_STEP][PASSED] - persen = PORT_BtnPersen: null

2022-03-09 14:16:01 - [TEST_STEP][PASSED] - if (action == "summary"): null

2022-03-09 14:16:01 - [TEST_STEP][PASSED] - else if (action == "perf_daily"): null

2022-03-09 14:16:01 - [TEST_STEP][PASSED] - else if (action == "perf_month"): null

2022-03-09 14:16:01 - [TEST_STEP][PASSED] - else if (action == "perf_quarter"): null

2022-03-09 14:16:01 - [TEST_STEP][PASSED] - else if (action == "perf_year"): Tapped on element 'Object Repository/Mobile/Page/Portfolio/Tab - Summary Year to Date'

2022-03-09 14:16:01 - [TEST_STEP][PASSED] - scroll.scroll.scrollScreenBottomToTop(): scroll.scroll.scrollScreenBottomToTop is PASSED

2022-03-09 14:16:01 - [MESSAGE][PASSED] - Current device physical height is 1423

2022-03-09 14:16:02 - [MESSAGE][PASSED] - Current device physical width is 720

2022-03-09 14:16:03 - [MESSAGE][PASSED] - Swiped from 360,1,138 to 360,284

2022-03-09 14:16:03 - [MESSAGE][PASSED] - scroll.scroll.scrollScreenBottomToTop is PASSED

2022-03-09 14:16:03 - [TEST_STEP][PASSED] - delay(1): Delayed 1 second(s)

2022-03-09 14:16:04 - [MESSAGE][PASSED] - Delayed 1 second(s)

2022-03-09 14:16:04 - [TEST_STEP][PASSED] - tap(PORT_TabSummaryYear, 0): Tapped on element 'Object Repository/Mobile/Page/Portfolio/Tab - Summary Year to Date'

2022-03-09 14:16:04 - [MESSAGE][WARNING] - Timeout '0' is invalid. Using default page load timeout: '60'

2022-03-09 14:16:04 - [MESSAGE][PASSED] - Tapped on element 'Object Repository/Mobile/Page/Portfolio/Tab - Summary Year to Date'

2022-03-09 14:16:04 - [TEST_STEP][PASSED] - if (action != "summary"): Delayed 3 second(s)

2022-03-09 14:16:04 - [TEST_STEP][PASSED] - delay(1): Delayed 1 second(s)

2022-03-09 14:16:05 - [MESSAGE][PASSED] - Delayed 1 second(s)

2022-03-09 14:16:05 - [TEST_STEP][PASSED] - scroll.scroll.scrollScreenBottomToTop(): scroll.scroll.scrollScreenBottomToTop is PASSED

2022-03-09 14:16:05 - [MESSAGE][PASSED] - Current device physical height is 1423

2022-03-09 14:16:06 - [MESSAGE][PASSED] - Current device physical width is 720

2022-03-09 14:16:07 - [MESSAGE][PASSED] - Swiped from 360,1,138 to 360,284

2022-03-09 14:16:07 - [MESSAGE][PASSED] - scroll.scroll.scrollScreenBottomToTop is PASSED

2022-03-09 14:16:07 - [TEST_STEP][PASSED] - scroll.scroll.scrollScreenBottomToTop(): scroll.scroll.scrollScreenBottomToTop is PASSED

2022-03-09 14:16:07 - [MESSAGE][PASSED] - Current device physical height is 1423

2022-03-09 14:16:07 - [MESSAGE][PASSED] - Current device physical width is 720

2022-03-09 14:16:08 - [MESSAGE][PASSED] - Swiped from 360,1,138 to 360,284

2022-03-09 14:16:08 - [MESSAGE][PASSED] - scroll.scroll.scrollScreenBottomToTop is PASSED

2022-03-09 14:16:08 - [TEST_STEP][PASSED] - delay(3): Delayed 3 second(s)

2022-03-09 14:16:11 - [MESSAGE][PASSED] - Delayed 3 second(s)

2022-03-09 14:16:11 - [TEST_STEP][PASSED] - if (action2 == "idr"): Delayed 3 second(s)

2022-03-09 14:16:11 - [TEST_STEP][PASSED] - tap(idr, 10): Tapped on element 'Object Repository/Mobile/Page/Portfolio/Button - IDR'

2022-03-09 14:16:12 - [MESSAGE][PASSED] - Tapped on element 'Object Repository/Mobile/Page/Portfolio/Button - IDR'

2022-03-09 14:16:12 - [TEST_STEP][PASSED] - delay(3): Delayed 3 second(s)

2022-03-09 14:16:15 - [MESSAGE][PASSED] - Delayed 3 second(s)

2022-03-09 14:16:15 - [MESSAGE][PASSED] - Call Test Case 'Test Cases/Mobile/Page/Portfolio/Portfolio' successfully

2022-03-09 14:16:15 - [TEST_STEP][PASSED] - callTestCase(findTestCase("Mobile/Page/Run App/Terminate App"), [:], STOP_ON_FAILURE): Call Test Case 'Test Cases/Mobile/Page/Run App/Terminate App' successfully

2022-03-09 14:16:15 - [TEST_CASE][PASSED] - Test Cases/Mobile/Page/Run App/Terminate App: Test Cases/Mobile/Page/Run App/Terminate App

2022-03-09 14:16:15 - [TEST_STEP][PASSED] - startApp.OpenApp.terminateApplication(): startApp.OpenApp.terminateApplication is PASSED

2022-03-09 14:16:18 - [MESSAGE][PASSED] - Delayed 3 second(s)

2022-03-09 14:16:18 - [MESSAGE][PASSED] - Current device physical width is 720

2022-03-09 14:16:19 - [MESSAGE][PASSED] - Current device physical height is 1423

2022-03-09 14:16:20 - [MESSAGE][PASSED] - Swiped from 360,853 to 360,142

2022-03-09 14:16:21 - [MESSAGE][PASSED] - Delayed 1 second(s)

2022-03-09 14:16:22 - [MESSAGE][PASSED] - Swiped from 360,853 to 360,142

2022-03-09 14:16:25 - [MESSAGE][PASSED] - Delayed 3 second(s)

2022-03-09 14:16:25 - [MESSAGE][PASSED] - startApp.OpenApp.terminateApplication is PASSED

2022-03-09 14:16:25 - [MESSAGE][PASSED] - Call Test Case 'Test Cases/Mobile/Page/Run App/Terminate App' successfully]]></system-out>
         <system-err><![CDATA[]]></system-err>
      </testcase>
      <testcase name="Test Cases/Mobile/Scenario/Portfolio/006 - Portfolio Performance Daily Persen" time="62.594" classname="Test Cases/Mobile/Scenario/Portfolio/006 - Portfolio Performance Daily Persen" status="PASSED">
         <system-out><![CDATA[2022-03-09 14:16:25 - [TEST_CASE][PASSED] - Test Cases/Mobile/Scenario/Portfolio/006 - Portfolio Performance Daily Persen: Test Cases/Mobile/Scenario/Portfolio/006 - Portfolio Performance Daily Persen

2022-03-09 14:16:25 - [TEST_STEP][PASSED] - callTestCase(findTestCase("Mobile/Page/Run App/Run App byID"), [:], STOP_ON_FAILURE): Call Test Case 'Test Cases/Mobile/Page/Run App/Run App byID' successfully

2022-03-09 14:16:25 - [TEST_CASE][PASSED] - Test Cases/Mobile/Page/Run App/Run App byID: Test Cases/Mobile/Page/Run App/Run App byID

2022-03-09 14:16:25 - [TEST_STEP][PASSED] - startApp.OpenApp.startApplication("id.co.miraeasset.sageclub"): startApp.OpenApp.startApplication is PASSED

2022-03-09 14:16:37 - [MESSAGE][PASSED] - Starting app with application ID: 'id.co.miraeasset.sageclub'

2022-03-09 14:16:37 - [MESSAGE][PASSED] - startApp.OpenApp.startApplication is PASSED

2022-03-09 14:16:37 - [MESSAGE][PASSED] - Call Test Case 'Test Cases/Mobile/Page/Run App/Run App byID' successfully

2022-03-09 14:16:37 - [TEST_STEP][PASSED] - callTestCase(findTestCase("Mobile/Page/Portfolio/Portfolio"), ["tab":"summary", "action":"perf_daily", "action2":"persen"], CONTINUE_ON_FAILURE): Call Test Case 'Test Cases/Mobile/Page/Portfolio/Portfolio' successfully

2022-03-09 14:16:37 - [TEST_CASE][PASSED] - Test Cases/Mobile/Page/Portfolio/Portfolio: Test Cases/Mobile/Page/Portfolio/Portfolio

2022-03-09 14:16:37 - [TEST_STEP][PASSED] - callTestCase(findTestCase("Mobile/Page/CheckLogin"), [:], CONTINUE_ON_FAILURE): Call Test Case 'Test Cases/Mobile/Page/CheckLogin' successfully

2022-03-09 14:16:37 - [TEST_CASE][PASSED] - Test Cases/Mobile/Page/CheckLogin: Test Cases/Mobile/Page/CheckLogin

2022-03-09 14:16:37 - [TEST_STEP][PASSED] - loginCheck = verifyElementExist(LOGN_BtnLogin, 5, CONTINUE_ON_FAILURE): Element 'Object Repository/Mobile/Page/Login/Button - Login' is exist

2022-03-09 14:16:38 - [MESSAGE][PASSED] - Element 'Object Repository/Mobile/Page/Login/Button - Login' is exist

2022-03-09 14:16:38 - [TEST_STEP][PASSED] - if (loginCheck): Call Test Case 'Test Cases/Mobile/Page/Login/Login' successfully

2022-03-09 14:16:38 - [TEST_STEP][PASSED] - callTestCase(findTestCase("Mobile/Page/Login/Login"), ["action":"username"], CONTINUE_ON_FAILURE): Call Test Case 'Test Cases/Mobile/Page/Login/Login' successfully

2022-03-09 14:16:39 - [TEST_CASE][PASSED] - Test Cases/Mobile/Page/Login/Login: Test Cases/Mobile/Page/Login/Login

2022-03-09 14:16:39 - [TEST_STEP][PASSED] - delay(2): Delayed 2 second(s)

2022-03-09 14:16:41 - [MESSAGE][PASSED] - Delayed 2 second(s)

2022-03-09 14:16:41 - [TEST_STEP][PASSED] - for ([i = 0, i < 1, (i++)]): null

2022-03-09 14:16:41 - [TEST_STEP][PASSED] - if (action == "username"): null

2022-03-09 14:16:41 - [TEST_STEP][PASSED] - tap(LOGN_EdtUserID, 0): Tapped on element 'Object Repository/Mobile/Page/Login/Input - UserID'

2022-03-09 14:16:41 - [MESSAGE][WARNING] - Timeout '0' is invalid. Using default page load timeout: '60'

2022-03-09 14:16:41 - [MESSAGE][PASSED] - Tapped on element 'Object Repository/Mobile/Page/Login/Input - UserID'

2022-03-09 14:16:41 - [TEST_STEP][PASSED] - delay(1): Delayed 1 second(s)

2022-03-09 14:16:42 - [MESSAGE][PASSED] - Delayed 1 second(s)

2022-03-09 14:16:42 - [TEST_STEP][PASSED] - setText(LOGN_EdtRdyUserID, "anggaaditya", 0): Text 'anggaaditya' has been set to element 'Object Repository/Mobile/Page/Login/Input Rdy - UserID'

2022-03-09 14:16:42 - [MESSAGE][WARNING] - Timeout '0' is invalid. Using default page load timeout: '60'

2022-03-09 14:16:43 - [MESSAGE][PASSED] - Text 'anggaaditya' has been set to element 'Object Repository/Mobile/Page/Login/Input Rdy - UserID'

2022-03-09 14:16:43 - [TEST_STEP][PASSED] - delay(1): Delayed 1 second(s)

2022-03-09 14:16:44 - [MESSAGE][PASSED] - Delayed 1 second(s)

2022-03-09 14:16:44 - [TEST_STEP][PASSED] - hideKeyboard(): Keyboard is hidden

2022-03-09 14:16:47 - [MESSAGE][PASSED] - Keyboard is hidden

2022-03-09 14:16:47 - [TEST_STEP][PASSED] - tap(LOGN_EdtPassword, 0): Tapped on element 'Object Repository/Mobile/Page/Login/Input - Password'

2022-03-09 14:16:47 - [MESSAGE][WARNING] - Timeout '0' is invalid. Using default page load timeout: '60'

2022-03-09 14:16:48 - [MESSAGE][PASSED] - Tapped on element 'Object Repository/Mobile/Page/Login/Input - Password'

2022-03-09 14:16:48 - [TEST_STEP][PASSED] - delay(1): Delayed 1 second(s)

2022-03-09 14:16:49 - [MESSAGE][PASSED] - Delayed 1 second(s)

2022-03-09 14:16:49 - [TEST_STEP][PASSED] - setText(LOGN_EdtRdyPassword, "Shalawa18", 0): Text 'Shalawa18' has been set to element 'Object Repository/Mobile/Page/Login/Input Rdy - Password'

2022-03-09 14:16:49 - [MESSAGE][WARNING] - Timeout '0' is invalid. Using default page load timeout: '60'

2022-03-09 14:16:49 - [MESSAGE][PASSED] - Text 'Shalawa18' has been set to element 'Object Repository/Mobile/Page/Login/Input Rdy - Password'

2022-03-09 14:16:49 - [TEST_STEP][PASSED] - delay(1): Delayed 1 second(s)

2022-03-09 14:16:50 - [MESSAGE][PASSED] - Delayed 1 second(s)

2022-03-09 14:16:50 - [TEST_STEP][PASSED] - hideKeyboard(): Keyboard is hidden

2022-03-09 14:16:56 - [MESSAGE][PASSED] - Keyboard is hidden

2022-03-09 14:16:56 - [TEST_STEP][PASSED] - tap(LOGN_BtnLogin, 0): Tapped on element 'Object Repository/Mobile/Page/Login/Button - Login'

2022-03-09 14:16:56 - [MESSAGE][WARNING] - Timeout '0' is invalid. Using default page load timeout: '60'

2022-03-09 14:16:56 - [MESSAGE][PASSED] - Tapped on element 'Object Repository/Mobile/Page/Login/Button - Login'

2022-03-09 14:16:56 - [TEST_STEP][PASSED] - delay(2): Delayed 2 second(s)

2022-03-09 14:16:59 - [MESSAGE][PASSED] - Delayed 2 second(s)

2022-03-09 14:16:59 - [TEST_STEP][PASSED] - break: null

2022-03-09 14:16:59 - [MESSAGE][PASSED] - Call Test Case 'Test Cases/Mobile/Page/Login/Login' successfully

2022-03-09 14:16:59 - [MESSAGE][PASSED] - Call Test Case 'Test Cases/Mobile/Page/CheckLogin' successfully

2022-03-09 14:16:59 - [TEST_STEP][PASSED] - tap(HOME_MenubarPortfolio, 0): Tapped on element 'Object Repository/Mobile/Page/Home/Menubar - Portfolio'

2022-03-09 14:16:59 - [MESSAGE][WARNING] - Timeout '0' is invalid. Using default page load timeout: '60'

2022-03-09 14:17:01 - [MESSAGE][PASSED] - Tapped on element 'Object Repository/Mobile/Page/Home/Menubar - Portfolio'

2022-03-09 14:17:01 - [TEST_STEP][PASSED] - delay(5): Delayed 5 second(s)

2022-03-09 14:17:06 - [MESSAGE][PASSED] - Delayed 5 second(s)

2022-03-09 14:17:06 - [TEST_STEP][PASSED] - for ([i = 0, i < 1, (i++)]): Delayed 3 second(s)

2022-03-09 14:17:06 - [TEST_STEP][PASSED] - if (tab == "summary"): Delayed 3 second(s)

2022-03-09 14:17:06 - [TEST_STEP][PASSED] - idr = PORT_BtnIDR: null

2022-03-09 14:17:06 - [TEST_STEP][PASSED] - persen = PORT_BtnPersen: null

2022-03-09 14:17:06 - [TEST_STEP][PASSED] - if (action == "summary"): null

2022-03-09 14:17:06 - [TEST_STEP][PASSED] - else if (action == "perf_daily"): scroll.scroll.scrollScreenBottomToTop is PASSED

2022-03-09 14:17:06 - [TEST_STEP][PASSED] - scroll.scroll.scrollScreenBottomToTop(): scroll.scroll.scrollScreenBottomToTop is PASSED

2022-03-09 14:17:06 - [MESSAGE][PASSED] - Current device physical height is 1423

2022-03-09 14:17:06 - [MESSAGE][PASSED] - Current device physical width is 720

2022-03-09 14:17:07 - [MESSAGE][PASSED] - Swiped from 360,1,138 to 360,284

2022-03-09 14:17:07 - [MESSAGE][PASSED] - scroll.scroll.scrollScreenBottomToTop is PASSED

2022-03-09 14:17:07 - [TEST_STEP][PASSED] - if (action != "summary"): Delayed 3 second(s)

2022-03-09 14:17:07 - [TEST_STEP][PASSED] - delay(1): Delayed 1 second(s)

2022-03-09 14:17:08 - [MESSAGE][PASSED] - Delayed 1 second(s)

2022-03-09 14:17:08 - [TEST_STEP][PASSED] - scroll.scroll.scrollScreenBottomToTop(): scroll.scroll.scrollScreenBottomToTop is PASSED

2022-03-09 14:17:08 - [MESSAGE][PASSED] - Current device physical height is 1423

2022-03-09 14:17:09 - [MESSAGE][PASSED] - Current device physical width is 720

2022-03-09 14:17:10 - [MESSAGE][PASSED] - Swiped from 360,1,138 to 360,284

2022-03-09 14:17:10 - [MESSAGE][PASSED] - scroll.scroll.scrollScreenBottomToTop is PASSED

2022-03-09 14:17:10 - [TEST_STEP][PASSED] - scroll.scroll.scrollScreenBottomToTop(): scroll.scroll.scrollScreenBottomToTop is PASSED

2022-03-09 14:17:10 - [MESSAGE][PASSED] - Current device physical height is 1423

2022-03-09 14:17:10 - [MESSAGE][PASSED] - Current device physical width is 720

2022-03-09 14:17:11 - [MESSAGE][PASSED] - Swiped from 360,1,138 to 360,284

2022-03-09 14:17:11 - [MESSAGE][PASSED] - scroll.scroll.scrollScreenBottomToTop is PASSED

2022-03-09 14:17:11 - [TEST_STEP][PASSED] - delay(3): Delayed 3 second(s)

2022-03-09 14:17:14 - [MESSAGE][PASSED] - Delayed 3 second(s)

2022-03-09 14:17:14 - [TEST_STEP][PASSED] - if (action2 == "idr"): null

2022-03-09 14:17:14 - [TEST_STEP][PASSED] - else if (action2 == "persen"): Delayed 3 second(s)

2022-03-09 14:17:14 - [TEST_STEP][PASSED] - tap(persen, 10): Tapped on element 'Object Repository/Mobile/Page/Portfolio/Button - Persen'

2022-03-09 14:17:15 - [MESSAGE][PASSED] - Tapped on element 'Object Repository/Mobile/Page/Portfolio/Button - Persen'

2022-03-09 14:17:15 - [TEST_STEP][PASSED] - delay(3): Delayed 3 second(s)

2022-03-09 14:17:18 - [MESSAGE][PASSED] - Delayed 3 second(s)

2022-03-09 14:17:18 - [MESSAGE][PASSED] - Call Test Case 'Test Cases/Mobile/Page/Portfolio/Portfolio' successfully

2022-03-09 14:17:18 - [TEST_STEP][PASSED] - callTestCase(findTestCase("Mobile/Page/Run App/Terminate App"), [:], STOP_ON_FAILURE): Call Test Case 'Test Cases/Mobile/Page/Run App/Terminate App' successfully

2022-03-09 14:17:18 - [TEST_CASE][PASSED] - Test Cases/Mobile/Page/Run App/Terminate App: Test Cases/Mobile/Page/Run App/Terminate App

2022-03-09 14:17:18 - [TEST_STEP][PASSED] - startApp.OpenApp.terminateApplication(): startApp.OpenApp.terminateApplication is PASSED

2022-03-09 14:17:21 - [MESSAGE][PASSED] - Delayed 3 second(s)

2022-03-09 14:17:21 - [MESSAGE][PASSED] - Current device physical width is 720

2022-03-09 14:17:21 - [MESSAGE][PASSED] - Current device physical height is 1423

2022-03-09 14:17:22 - [MESSAGE][PASSED] - Swiped from 360,853 to 360,142

2022-03-09 14:17:24 - [MESSAGE][PASSED] - Delayed 1 second(s)

2022-03-09 14:17:25 - [MESSAGE][PASSED] - Swiped from 360,853 to 360,142

2022-03-09 14:17:28 - [MESSAGE][PASSED] - Delayed 3 second(s)

2022-03-09 14:17:28 - [MESSAGE][PASSED] - startApp.OpenApp.terminateApplication is PASSED

2022-03-09 14:17:28 - [MESSAGE][PASSED] - Call Test Case 'Test Cases/Mobile/Page/Run App/Terminate App' successfully]]></system-out>
         <system-err><![CDATA[]]></system-err>
      </testcase>
      <testcase name="Test Cases/Mobile/Scenario/Portfolio/007 - Portfolio Performance Month to Date Persen" time="64.723" classname="Test Cases/Mobile/Scenario/Portfolio/007 - Portfolio Performance Month to Date Persen" status="PASSED">
         <system-out><![CDATA[2022-03-09 14:17:28 - [TEST_CASE][PASSED] - Test Cases/Mobile/Scenario/Portfolio/007 - Portfolio Performance Month to Date Persen: Test Cases/Mobile/Scenario/Portfolio/007 - Portfolio Performance Month to Date Persen

2022-03-09 14:17:28 - [TEST_STEP][PASSED] - callTestCase(findTestCase("Mobile/Page/Run App/Run App byID"), [:], STOP_ON_FAILURE): Call Test Case 'Test Cases/Mobile/Page/Run App/Run App byID' successfully

2022-03-09 14:17:28 - [TEST_CASE][PASSED] - Test Cases/Mobile/Page/Run App/Run App byID: Test Cases/Mobile/Page/Run App/Run App byID

2022-03-09 14:17:28 - [TEST_STEP][PASSED] - startApp.OpenApp.startApplication("id.co.miraeasset.sageclub"): startApp.OpenApp.startApplication is PASSED

2022-03-09 14:17:39 - [MESSAGE][PASSED] - Starting app with application ID: 'id.co.miraeasset.sageclub'

2022-03-09 14:17:39 - [MESSAGE][PASSED] - startApp.OpenApp.startApplication is PASSED

2022-03-09 14:17:39 - [MESSAGE][PASSED] - Call Test Case 'Test Cases/Mobile/Page/Run App/Run App byID' successfully

2022-03-09 14:17:39 - [TEST_STEP][PASSED] - callTestCase(findTestCase("Mobile/Page/Portfolio/Portfolio"), ["tab":"summary", "action":"perf_month", "action2":"persen"], CONTINUE_ON_FAILURE): Call Test Case 'Test Cases/Mobile/Page/Portfolio/Portfolio' successfully

2022-03-09 14:17:39 - [TEST_CASE][PASSED] - Test Cases/Mobile/Page/Portfolio/Portfolio: Test Cases/Mobile/Page/Portfolio/Portfolio

2022-03-09 14:17:39 - [TEST_STEP][PASSED] - callTestCase(findTestCase("Mobile/Page/CheckLogin"), [:], CONTINUE_ON_FAILURE): Call Test Case 'Test Cases/Mobile/Page/CheckLogin' successfully

2022-03-09 14:17:40 - [TEST_CASE][PASSED] - Test Cases/Mobile/Page/CheckLogin: Test Cases/Mobile/Page/CheckLogin

2022-03-09 14:17:40 - [TEST_STEP][PASSED] - loginCheck = verifyElementExist(LOGN_BtnLogin, 5, CONTINUE_ON_FAILURE): Element 'Object Repository/Mobile/Page/Login/Button - Login' is exist

2022-03-09 14:17:41 - [MESSAGE][PASSED] - Element 'Object Repository/Mobile/Page/Login/Button - Login' is exist

2022-03-09 14:17:41 - [TEST_STEP][PASSED] - if (loginCheck): Call Test Case 'Test Cases/Mobile/Page/Login/Login' successfully

2022-03-09 14:17:41 - [TEST_STEP][PASSED] - callTestCase(findTestCase("Mobile/Page/Login/Login"), ["action":"username"], CONTINUE_ON_FAILURE): Call Test Case 'Test Cases/Mobile/Page/Login/Login' successfully

2022-03-09 14:17:42 - [TEST_CASE][PASSED] - Test Cases/Mobile/Page/Login/Login: Test Cases/Mobile/Page/Login/Login

2022-03-09 14:17:42 - [TEST_STEP][PASSED] - delay(2): Delayed 2 second(s)

2022-03-09 14:17:44 - [MESSAGE][PASSED] - Delayed 2 second(s)

2022-03-09 14:17:44 - [TEST_STEP][PASSED] - for ([i = 0, i < 1, (i++)]): null

2022-03-09 14:17:44 - [TEST_STEP][PASSED] - if (action == "username"): null

2022-03-09 14:17:44 - [TEST_STEP][PASSED] - tap(LOGN_EdtUserID, 0): Tapped on element 'Object Repository/Mobile/Page/Login/Input - UserID'

2022-03-09 14:17:44 - [MESSAGE][WARNING] - Timeout '0' is invalid. Using default page load timeout: '60'

2022-03-09 14:17:44 - [MESSAGE][PASSED] - Tapped on element 'Object Repository/Mobile/Page/Login/Input - UserID'

2022-03-09 14:17:44 - [TEST_STEP][PASSED] - delay(1): Delayed 1 second(s)

2022-03-09 14:17:45 - [MESSAGE][PASSED] - Delayed 1 second(s)

2022-03-09 14:17:45 - [TEST_STEP][PASSED] - setText(LOGN_EdtRdyUserID, "anggaaditya", 0): Text 'anggaaditya' has been set to element 'Object Repository/Mobile/Page/Login/Input Rdy - UserID'

2022-03-09 14:17:45 - [MESSAGE][WARNING] - Timeout '0' is invalid. Using default page load timeout: '60'

2022-03-09 14:17:46 - [MESSAGE][PASSED] - Text 'anggaaditya' has been set to element 'Object Repository/Mobile/Page/Login/Input Rdy - UserID'

2022-03-09 14:17:46 - [TEST_STEP][PASSED] - delay(1): Delayed 1 second(s)

2022-03-09 14:17:47 - [MESSAGE][PASSED] - Delayed 1 second(s)

2022-03-09 14:17:47 - [TEST_STEP][PASSED] - hideKeyboard(): Keyboard is hidden

2022-03-09 14:17:51 - [MESSAGE][PASSED] - Keyboard is hidden

2022-03-09 14:17:51 - [TEST_STEP][PASSED] - tap(LOGN_EdtPassword, 0): Tapped on element 'Object Repository/Mobile/Page/Login/Input - Password'

2022-03-09 14:17:51 - [MESSAGE][WARNING] - Timeout '0' is invalid. Using default page load timeout: '60'

2022-03-09 14:17:51 - [MESSAGE][PASSED] - Tapped on element 'Object Repository/Mobile/Page/Login/Input - Password'

2022-03-09 14:17:51 - [TEST_STEP][PASSED] - delay(1): Delayed 1 second(s)

2022-03-09 14:17:52 - [MESSAGE][PASSED] - Delayed 1 second(s)

2022-03-09 14:17:52 - [TEST_STEP][PASSED] - setText(LOGN_EdtRdyPassword, "Shalawa18", 0): Text 'Shalawa18' has been set to element 'Object Repository/Mobile/Page/Login/Input Rdy - Password'

2022-03-09 14:17:52 - [MESSAGE][WARNING] - Timeout '0' is invalid. Using default page load timeout: '60'

2022-03-09 14:17:53 - [MESSAGE][PASSED] - Text 'Shalawa18' has been set to element 'Object Repository/Mobile/Page/Login/Input Rdy - Password'

2022-03-09 14:17:53 - [TEST_STEP][PASSED] - delay(1): Delayed 1 second(s)

2022-03-09 14:17:54 - [MESSAGE][PASSED] - Delayed 1 second(s)

2022-03-09 14:17:54 - [TEST_STEP][PASSED] - hideKeyboard(): Keyboard is hidden

2022-03-09 14:18:00 - [MESSAGE][PASSED] - Keyboard is hidden

2022-03-09 14:18:00 - [TEST_STEP][PASSED] - tap(LOGN_BtnLogin, 0): Tapped on element 'Object Repository/Mobile/Page/Login/Button - Login'

2022-03-09 14:18:00 - [MESSAGE][WARNING] - Timeout '0' is invalid. Using default page load timeout: '60'

2022-03-09 14:18:00 - [MESSAGE][PASSED] - Tapped on element 'Object Repository/Mobile/Page/Login/Button - Login'

2022-03-09 14:18:00 - [TEST_STEP][PASSED] - delay(2): Delayed 2 second(s)

2022-03-09 14:18:02 - [MESSAGE][PASSED] - Delayed 2 second(s)

2022-03-09 14:18:02 - [TEST_STEP][PASSED] - break: null

2022-03-09 14:18:02 - [MESSAGE][PASSED] - Call Test Case 'Test Cases/Mobile/Page/Login/Login' successfully

2022-03-09 14:18:02 - [MESSAGE][PASSED] - Call Test Case 'Test Cases/Mobile/Page/CheckLogin' successfully

2022-03-09 14:18:02 - [TEST_STEP][PASSED] - tap(HOME_MenubarPortfolio, 0): Tapped on element 'Object Repository/Mobile/Page/Home/Menubar - Portfolio'

2022-03-09 14:18:02 - [MESSAGE][WARNING] - Timeout '0' is invalid. Using default page load timeout: '60'

2022-03-09 14:18:04 - [MESSAGE][PASSED] - Tapped on element 'Object Repository/Mobile/Page/Home/Menubar - Portfolio'

2022-03-09 14:18:04 - [TEST_STEP][PASSED] - delay(5): Delayed 5 second(s)

2022-03-09 14:18:09 - [MESSAGE][PASSED] - Delayed 5 second(s)

2022-03-09 14:18:09 - [TEST_STEP][PASSED] - for ([i = 0, i < 1, (i++)]): Delayed 3 second(s)

2022-03-09 14:18:09 - [TEST_STEP][PASSED] - if (tab == "summary"): Delayed 3 second(s)

2022-03-09 14:18:09 - [TEST_STEP][PASSED] - idr = PORT_BtnIDR: null

2022-03-09 14:18:09 - [TEST_STEP][PASSED] - persen = PORT_BtnPersen: null

2022-03-09 14:18:09 - [TEST_STEP][PASSED] - if (action == "summary"): null

2022-03-09 14:18:09 - [TEST_STEP][PASSED] - else if (action == "perf_daily"): null

2022-03-09 14:18:09 - [TEST_STEP][PASSED] - else if (action == "perf_month"): Tapped on element 'Object Repository/Mobile/Page/Portfolio/Tab - Summary Month to Date'

2022-03-09 14:18:09 - [TEST_STEP][PASSED] - scroll.scroll.scrollScreenBottomToTop(): scroll.scroll.scrollScreenBottomToTop is PASSED

2022-03-09 14:18:09 - [MESSAGE][PASSED] - Current device physical height is 1423

2022-03-09 14:18:09 - [MESSAGE][PASSED] - Current device physical width is 720

2022-03-09 14:18:11 - [MESSAGE][PASSED] - Swiped from 360,1,138 to 360,284

2022-03-09 14:18:11 - [MESSAGE][PASSED] - scroll.scroll.scrollScreenBottomToTop is PASSED

2022-03-09 14:18:11 - [TEST_STEP][PASSED] - delay(1): Delayed 1 second(s)

2022-03-09 14:18:12 - [MESSAGE][PASSED] - Delayed 1 second(s)

2022-03-09 14:18:12 - [TEST_STEP][PASSED] - tap(PORT_TabSummaryMonth, 0): Tapped on element 'Object Repository/Mobile/Page/Portfolio/Tab - Summary Month to Date'

2022-03-09 14:18:12 - [MESSAGE][WARNING] - Timeout '0' is invalid. Using default page load timeout: '60'

2022-03-09 14:18:12 - [MESSAGE][PASSED] - Tapped on element 'Object Repository/Mobile/Page/Portfolio/Tab - Summary Month to Date'

2022-03-09 14:18:12 - [TEST_STEP][PASSED] - if (action != "summary"): Delayed 3 second(s)

2022-03-09 14:18:12 - [TEST_STEP][PASSED] - delay(1): Delayed 1 second(s)

2022-03-09 14:18:13 - [MESSAGE][PASSED] - Delayed 1 second(s)

2022-03-09 14:18:13 - [TEST_STEP][PASSED] - scroll.scroll.scrollScreenBottomToTop(): scroll.scroll.scrollScreenBottomToTop is PASSED

2022-03-09 14:18:13 - [MESSAGE][PASSED] - Current device physical height is 1423

2022-03-09 14:18:13 - [MESSAGE][PASSED] - Current device physical width is 720

2022-03-09 14:18:14 - [MESSAGE][PASSED] - Swiped from 360,1,138 to 360,284

2022-03-09 14:18:15 - [MESSAGE][PASSED] - scroll.scroll.scrollScreenBottomToTop is PASSED

2022-03-09 14:18:15 - [TEST_STEP][PASSED] - scroll.scroll.scrollScreenBottomToTop(): scroll.scroll.scrollScreenBottomToTop is PASSED

2022-03-09 14:18:15 - [MESSAGE][PASSED] - Current device physical height is 1423

2022-03-09 14:18:15 - [MESSAGE][PASSED] - Current device physical width is 720

2022-03-09 14:18:16 - [MESSAGE][PASSED] - Swiped from 360,1,138 to 360,284

2022-03-09 14:18:16 - [MESSAGE][PASSED] - scroll.scroll.scrollScreenBottomToTop is PASSED

2022-03-09 14:18:16 - [TEST_STEP][PASSED] - delay(3): Delayed 3 second(s)

2022-03-09 14:18:19 - [MESSAGE][PASSED] - Delayed 3 second(s)

2022-03-09 14:18:19 - [TEST_STEP][PASSED] - if (action2 == "idr"): null

2022-03-09 14:18:19 - [TEST_STEP][PASSED] - else if (action2 == "persen"): Delayed 3 second(s)

2022-03-09 14:18:19 - [TEST_STEP][PASSED] - tap(persen, 10): Tapped on element 'Object Repository/Mobile/Page/Portfolio/Button - Persen'

2022-03-09 14:18:19 - [MESSAGE][PASSED] - Tapped on element 'Object Repository/Mobile/Page/Portfolio/Button - Persen'

2022-03-09 14:18:19 - [TEST_STEP][PASSED] - delay(3): Delayed 3 second(s)

2022-03-09 14:18:22 - [MESSAGE][PASSED] - Delayed 3 second(s)

2022-03-09 14:18:22 - [MESSAGE][PASSED] - Call Test Case 'Test Cases/Mobile/Page/Portfolio/Portfolio' successfully

2022-03-09 14:18:22 - [TEST_STEP][PASSED] - callTestCase(findTestCase("Mobile/Page/Run App/Terminate App"), [:], STOP_ON_FAILURE): Call Test Case 'Test Cases/Mobile/Page/Run App/Terminate App' successfully

2022-03-09 14:18:22 - [TEST_CASE][PASSED] - Test Cases/Mobile/Page/Run App/Terminate App: Test Cases/Mobile/Page/Run App/Terminate App

2022-03-09 14:18:22 - [TEST_STEP][PASSED] - startApp.OpenApp.terminateApplication(): startApp.OpenApp.terminateApplication is PASSED

2022-03-09 14:18:26 - [MESSAGE][PASSED] - Delayed 3 second(s)

2022-03-09 14:18:26 - [MESSAGE][PASSED] - Current device physical width is 720

2022-03-09 14:18:26 - [MESSAGE][PASSED] - Current device physical height is 1423

2022-03-09 14:18:27 - [MESSAGE][PASSED] - Swiped from 360,853 to 360,142

2022-03-09 14:18:28 - [MESSAGE][PASSED] - Delayed 1 second(s)

2022-03-09 14:18:29 - [MESSAGE][PASSED] - Swiped from 360,853 to 360,142

2022-03-09 14:18:33 - [MESSAGE][PASSED] - Delayed 3 second(s)

2022-03-09 14:18:33 - [MESSAGE][PASSED] - startApp.OpenApp.terminateApplication is PASSED

2022-03-09 14:18:33 - [MESSAGE][PASSED] - Call Test Case 'Test Cases/Mobile/Page/Run App/Terminate App' successfully]]></system-out>
         <system-err><![CDATA[]]></system-err>
      </testcase>
      <testcase name="Test Cases/Mobile/Scenario/Portfolio/008 - Portfolio Performance Quarter to Date Persen" time="64.711" classname="Test Cases/Mobile/Scenario/Portfolio/008 - Portfolio Performance Quarter to Date Persen" status="PASSED">
         <system-out><![CDATA[2022-03-09 14:18:33 - [TEST_CASE][PASSED] - Test Cases/Mobile/Scenario/Portfolio/008 - Portfolio Performance Quarter to Date Persen: Test Cases/Mobile/Scenario/Portfolio/008 - Portfolio Performance Quarter to Date Persen

2022-03-09 14:18:33 - [TEST_STEP][PASSED] - callTestCase(findTestCase("Mobile/Page/Run App/Run App byID"), [:], STOP_ON_FAILURE): Call Test Case 'Test Cases/Mobile/Page/Run App/Run App byID' successfully

2022-03-09 14:18:33 - [TEST_CASE][PASSED] - Test Cases/Mobile/Page/Run App/Run App byID: Test Cases/Mobile/Page/Run App/Run App byID

2022-03-09 14:18:33 - [TEST_STEP][PASSED] - startApp.OpenApp.startApplication("id.co.miraeasset.sageclub"): startApp.OpenApp.startApplication is PASSED

2022-03-09 14:18:44 - [MESSAGE][PASSED] - Starting app with application ID: 'id.co.miraeasset.sageclub'

2022-03-09 14:18:44 - [MESSAGE][PASSED] - startApp.OpenApp.startApplication is PASSED

2022-03-09 14:18:44 - [MESSAGE][PASSED] - Call Test Case 'Test Cases/Mobile/Page/Run App/Run App byID' successfully

2022-03-09 14:18:44 - [TEST_STEP][PASSED] - callTestCase(findTestCase("Mobile/Page/Portfolio/Portfolio"), ["tab":"summary", "action":"perf_quarter", "action2":"persen"], CONTINUE_ON_FAILURE): Call Test Case 'Test Cases/Mobile/Page/Portfolio/Portfolio' successfully

2022-03-09 14:18:44 - [TEST_CASE][PASSED] - Test Cases/Mobile/Page/Portfolio/Portfolio: Test Cases/Mobile/Page/Portfolio/Portfolio

2022-03-09 14:18:44 - [TEST_STEP][PASSED] - callTestCase(findTestCase("Mobile/Page/CheckLogin"), [:], CONTINUE_ON_FAILURE): Call Test Case 'Test Cases/Mobile/Page/CheckLogin' successfully

2022-03-09 14:18:44 - [TEST_CASE][PASSED] - Test Cases/Mobile/Page/CheckLogin: Test Cases/Mobile/Page/CheckLogin

2022-03-09 14:18:44 - [TEST_STEP][PASSED] - loginCheck = verifyElementExist(LOGN_BtnLogin, 5, CONTINUE_ON_FAILURE): Element 'Object Repository/Mobile/Page/Login/Button - Login' is exist

2022-03-09 14:18:46 - [MESSAGE][PASSED] - Element 'Object Repository/Mobile/Page/Login/Button - Login' is exist

2022-03-09 14:18:46 - [TEST_STEP][PASSED] - if (loginCheck): Call Test Case 'Test Cases/Mobile/Page/Login/Login' successfully

2022-03-09 14:18:46 - [TEST_STEP][PASSED] - callTestCase(findTestCase("Mobile/Page/Login/Login"), ["action":"username"], CONTINUE_ON_FAILURE): Call Test Case 'Test Cases/Mobile/Page/Login/Login' successfully

2022-03-09 14:18:46 - [TEST_CASE][PASSED] - Test Cases/Mobile/Page/Login/Login: Test Cases/Mobile/Page/Login/Login

2022-03-09 14:18:46 - [TEST_STEP][PASSED] - delay(2): Delayed 2 second(s)

2022-03-09 14:18:48 - [MESSAGE][PASSED] - Delayed 2 second(s)

2022-03-09 14:18:48 - [TEST_STEP][PASSED] - for ([i = 0, i < 1, (i++)]): null

2022-03-09 14:18:48 - [TEST_STEP][PASSED] - if (action == "username"): null

2022-03-09 14:18:48 - [TEST_STEP][PASSED] - tap(LOGN_EdtUserID, 0): Tapped on element 'Object Repository/Mobile/Page/Login/Input - UserID'

2022-03-09 14:18:48 - [MESSAGE][WARNING] - Timeout '0' is invalid. Using default page load timeout: '60'

2022-03-09 14:18:49 - [MESSAGE][PASSED] - Tapped on element 'Object Repository/Mobile/Page/Login/Input - UserID'

2022-03-09 14:18:49 - [TEST_STEP][PASSED] - delay(1): Delayed 1 second(s)

2022-03-09 14:18:50 - [MESSAGE][PASSED] - Delayed 1 second(s)

2022-03-09 14:18:50 - [TEST_STEP][PASSED] - setText(LOGN_EdtRdyUserID, "anggaaditya", 0): Text 'anggaaditya' has been set to element 'Object Repository/Mobile/Page/Login/Input Rdy - UserID'

2022-03-09 14:18:50 - [MESSAGE][WARNING] - Timeout '0' is invalid. Using default page load timeout: '60'

2022-03-09 14:18:50 - [MESSAGE][PASSED] - Text 'anggaaditya' has been set to element 'Object Repository/Mobile/Page/Login/Input Rdy - UserID'

2022-03-09 14:18:50 - [TEST_STEP][PASSED] - delay(1): Delayed 1 second(s)

2022-03-09 14:18:51 - [MESSAGE][PASSED] - Delayed 1 second(s)

2022-03-09 14:18:51 - [TEST_STEP][PASSED] - hideKeyboard(): Keyboard is hidden

2022-03-09 14:18:55 - [MESSAGE][PASSED] - Keyboard is hidden

2022-03-09 14:18:55 - [TEST_STEP][PASSED] - tap(LOGN_EdtPassword, 0): Tapped on element 'Object Repository/Mobile/Page/Login/Input - Password'

2022-03-09 14:18:55 - [MESSAGE][WARNING] - Timeout '0' is invalid. Using default page load timeout: '60'

2022-03-09 14:18:55 - [MESSAGE][PASSED] - Tapped on element 'Object Repository/Mobile/Page/Login/Input - Password'

2022-03-09 14:18:55 - [TEST_STEP][PASSED] - delay(1): Delayed 1 second(s)

2022-03-09 14:18:56 - [MESSAGE][PASSED] - Delayed 1 second(s)

2022-03-09 14:18:56 - [TEST_STEP][PASSED] - setText(LOGN_EdtRdyPassword, "Shalawa18", 0): Text 'Shalawa18' has been set to element 'Object Repository/Mobile/Page/Login/Input Rdy - Password'

2022-03-09 14:18:56 - [MESSAGE][WARNING] - Timeout '0' is invalid. Using default page load timeout: '60'

2022-03-09 14:18:57 - [MESSAGE][PASSED] - Text 'Shalawa18' has been set to element 'Object Repository/Mobile/Page/Login/Input Rdy - Password'

2022-03-09 14:18:57 - [TEST_STEP][PASSED] - delay(1): Delayed 1 second(s)

2022-03-09 14:18:58 - [MESSAGE][PASSED] - Delayed 1 second(s)

2022-03-09 14:18:58 - [TEST_STEP][PASSED] - hideKeyboard(): Keyboard is hidden

2022-03-09 14:19:03 - [MESSAGE][PASSED] - Keyboard is hidden

2022-03-09 14:19:03 - [TEST_STEP][PASSED] - tap(LOGN_BtnLogin, 0): Tapped on element 'Object Repository/Mobile/Page/Login/Button - Login'

2022-03-09 14:19:03 - [MESSAGE][WARNING] - Timeout '0' is invalid. Using default page load timeout: '60'

2022-03-09 14:19:04 - [MESSAGE][PASSED] - Tapped on element 'Object Repository/Mobile/Page/Login/Button - Login'

2022-03-09 14:19:04 - [TEST_STEP][PASSED] - delay(2): Delayed 2 second(s)

2022-03-09 14:19:06 - [MESSAGE][PASSED] - Delayed 2 second(s)

2022-03-09 14:19:06 - [TEST_STEP][PASSED] - break: null

2022-03-09 14:19:06 - [MESSAGE][PASSED] - Call Test Case 'Test Cases/Mobile/Page/Login/Login' successfully

2022-03-09 14:19:06 - [MESSAGE][PASSED] - Call Test Case 'Test Cases/Mobile/Page/CheckLogin' successfully

2022-03-09 14:19:06 - [TEST_STEP][PASSED] - tap(HOME_MenubarPortfolio, 0): Tapped on element 'Object Repository/Mobile/Page/Home/Menubar - Portfolio'

2022-03-09 14:19:06 - [MESSAGE][WARNING] - Timeout '0' is invalid. Using default page load timeout: '60'

2022-03-09 14:19:08 - [MESSAGE][PASSED] - Tapped on element 'Object Repository/Mobile/Page/Home/Menubar - Portfolio'

2022-03-09 14:19:08 - [TEST_STEP][PASSED] - delay(5): Delayed 5 second(s)

2022-03-09 14:19:13 - [MESSAGE][PASSED] - Delayed 5 second(s)

2022-03-09 14:19:13 - [TEST_STEP][PASSED] - for ([i = 0, i < 1, (i++)]): Delayed 3 second(s)

2022-03-09 14:19:13 - [TEST_STEP][PASSED] - if (tab == "summary"): Delayed 3 second(s)

2022-03-09 14:19:13 - [TEST_STEP][PASSED] - idr = PORT_BtnIDR: null

2022-03-09 14:19:13 - [TEST_STEP][PASSED] - persen = PORT_BtnPersen: null

2022-03-09 14:19:13 - [TEST_STEP][PASSED] - if (action == "summary"): null

2022-03-09 14:19:13 - [TEST_STEP][PASSED] - else if (action == "perf_daily"): null

2022-03-09 14:19:13 - [TEST_STEP][PASSED] - else if (action == "perf_month"): null

2022-03-09 14:19:13 - [TEST_STEP][PASSED] - else if (action == "perf_quarter"): Tapped on element 'Object Repository/Mobile/Page/Portfolio/Tab - Summary Quarter to Date'

2022-03-09 14:19:13 - [TEST_STEP][PASSED] - scroll.scroll.scrollScreenBottomToTop(): scroll.scroll.scrollScreenBottomToTop is PASSED

2022-03-09 14:19:13 - [MESSAGE][PASSED] - Current device physical height is 1423

2022-03-09 14:19:13 - [MESSAGE][PASSED] - Current device physical width is 720

2022-03-09 14:19:15 - [MESSAGE][PASSED] - Swiped from 360,1,138 to 360,284

2022-03-09 14:19:15 - [MESSAGE][PASSED] - scroll.scroll.scrollScreenBottomToTop is PASSED

2022-03-09 14:19:15 - [TEST_STEP][PASSED] - delay(1): Delayed 1 second(s)

2022-03-09 14:19:16 - [MESSAGE][PASSED] - Delayed 1 second(s)

2022-03-09 14:19:16 - [TEST_STEP][PASSED] - tap(PORT_TabSummaryQuarter, 0): Tapped on element 'Object Repository/Mobile/Page/Portfolio/Tab - Summary Quarter to Date'

2022-03-09 14:19:16 - [MESSAGE][WARNING] - Timeout '0' is invalid. Using default page load timeout: '60'

2022-03-09 14:19:17 - [MESSAGE][PASSED] - Tapped on element 'Object Repository/Mobile/Page/Portfolio/Tab - Summary Quarter to Date'

2022-03-09 14:19:17 - [TEST_STEP][PASSED] - if (action != "summary"): Delayed 3 second(s)

2022-03-09 14:19:17 - [TEST_STEP][PASSED] - delay(1): Delayed 1 second(s)

2022-03-09 14:19:18 - [MESSAGE][PASSED] - Delayed 1 second(s)

2022-03-09 14:19:18 - [TEST_STEP][PASSED] - scroll.scroll.scrollScreenBottomToTop(): scroll.scroll.scrollScreenBottomToTop is PASSED

2022-03-09 14:19:18 - [MESSAGE][PASSED] - Current device physical height is 1423

2022-03-09 14:19:18 - [MESSAGE][PASSED] - Current device physical width is 720

2022-03-09 14:19:19 - [MESSAGE][PASSED] - Swiped from 360,1,138 to 360,284

2022-03-09 14:19:19 - [MESSAGE][PASSED] - scroll.scroll.scrollScreenBottomToTop is PASSED

2022-03-09 14:19:19 - [TEST_STEP][PASSED] - scroll.scroll.scrollScreenBottomToTop(): scroll.scroll.scrollScreenBottomToTop is PASSED

2022-03-09 14:19:19 - [MESSAGE][PASSED] - Current device physical height is 1423

2022-03-09 14:19:19 - [MESSAGE][PASSED] - Current device physical width is 720

2022-03-09 14:19:21 - [MESSAGE][PASSED] - Swiped from 360,1,138 to 360,284

2022-03-09 14:19:21 - [MESSAGE][PASSED] - scroll.scroll.scrollScreenBottomToTop is PASSED

2022-03-09 14:19:21 - [TEST_STEP][PASSED] - delay(3): Delayed 3 second(s)

2022-03-09 14:19:24 - [MESSAGE][PASSED] - Delayed 3 second(s)

2022-03-09 14:19:24 - [TEST_STEP][PASSED] - if (action2 == "idr"): null

2022-03-09 14:19:24 - [TEST_STEP][PASSED] - else if (action2 == "persen"): Delayed 3 second(s)

2022-03-09 14:19:24 - [TEST_STEP][PASSED] - tap(persen, 10): Tapped on element 'Object Repository/Mobile/Page/Portfolio/Button - Persen'

2022-03-09 14:19:24 - [MESSAGE][PASSED] - Tapped on element 'Object Repository/Mobile/Page/Portfolio/Button - Persen'

2022-03-09 14:19:24 - [TEST_STEP][PASSED] - delay(3): Delayed 3 second(s)

2022-03-09 14:19:27 - [MESSAGE][PASSED] - Delayed 3 second(s)

2022-03-09 14:19:27 - [MESSAGE][PASSED] - Call Test Case 'Test Cases/Mobile/Page/Portfolio/Portfolio' successfully

2022-03-09 14:19:27 - [TEST_STEP][PASSED] - callTestCase(findTestCase("Mobile/Page/Run App/Terminate App"), [:], STOP_ON_FAILURE): Call Test Case 'Test Cases/Mobile/Page/Run App/Terminate App' successfully

2022-03-09 14:19:27 - [TEST_CASE][PASSED] - Test Cases/Mobile/Page/Run App/Terminate App: Test Cases/Mobile/Page/Run App/Terminate App

2022-03-09 14:19:27 - [TEST_STEP][PASSED] - startApp.OpenApp.terminateApplication(): startApp.OpenApp.terminateApplication is PASSED

2022-03-09 14:19:30 - [MESSAGE][PASSED] - Delayed 3 second(s)

2022-03-09 14:19:30 - [MESSAGE][PASSED] - Current device physical width is 720

2022-03-09 14:19:31 - [MESSAGE][PASSED] - Current device physical height is 1423

2022-03-09 14:19:32 - [MESSAGE][PASSED] - Swiped from 360,853 to 360,142

2022-03-09 14:19:33 - [MESSAGE][PASSED] - Delayed 1 second(s)

2022-03-09 14:19:34 - [MESSAGE][PASSED] - Swiped from 360,853 to 360,142

2022-03-09 14:19:37 - [MESSAGE][PASSED] - Delayed 3 second(s)

2022-03-09 14:19:37 - [MESSAGE][PASSED] - startApp.OpenApp.terminateApplication is PASSED

2022-03-09 14:19:37 - [MESSAGE][PASSED] - Call Test Case 'Test Cases/Mobile/Page/Run App/Terminate App' successfully]]></system-out>
         <system-err><![CDATA[]]></system-err>
      </testcase>
      <testcase name="Test Cases/Mobile/Scenario/Portfolio/009 - Portfolio Performance Year to Date Persen" time="64.41" classname="Test Cases/Mobile/Scenario/Portfolio/009 - Portfolio Performance Year to Date Persen" status="PASSED">
         <system-out><![CDATA[2022-03-09 14:19:37 - [TEST_CASE][PASSED] - Test Cases/Mobile/Scenario/Portfolio/009 - Portfolio Performance Year to Date Persen: Test Cases/Mobile/Scenario/Portfolio/009 - Portfolio Performance Year to Date Persen

2022-03-09 14:19:37 - [TEST_STEP][PASSED] - callTestCase(findTestCase("Mobile/Page/Run App/Run App byID"), [:], STOP_ON_FAILURE): Call Test Case 'Test Cases/Mobile/Page/Run App/Run App byID' successfully

2022-03-09 14:19:38 - [TEST_CASE][PASSED] - Test Cases/Mobile/Page/Run App/Run App byID: Test Cases/Mobile/Page/Run App/Run App byID

2022-03-09 14:19:38 - [TEST_STEP][PASSED] - startApp.OpenApp.startApplication("id.co.miraeasset.sageclub"): startApp.OpenApp.startApplication is PASSED

2022-03-09 14:19:49 - [MESSAGE][PASSED] - Starting app with application ID: 'id.co.miraeasset.sageclub'

2022-03-09 14:19:49 - [MESSAGE][PASSED] - startApp.OpenApp.startApplication is PASSED

2022-03-09 14:19:49 - [MESSAGE][PASSED] - Call Test Case 'Test Cases/Mobile/Page/Run App/Run App byID' successfully

2022-03-09 14:19:49 - [TEST_STEP][PASSED] - callTestCase(findTestCase("Mobile/Page/Portfolio/Portfolio"), ["tab":"summary", "action":"perf_year", "action2":"persen"], CONTINUE_ON_FAILURE): Call Test Case 'Test Cases/Mobile/Page/Portfolio/Portfolio' successfully

2022-03-09 14:19:49 - [TEST_CASE][PASSED] - Test Cases/Mobile/Page/Portfolio/Portfolio: Test Cases/Mobile/Page/Portfolio/Portfolio

2022-03-09 14:19:49 - [TEST_STEP][PASSED] - callTestCase(findTestCase("Mobile/Page/CheckLogin"), [:], CONTINUE_ON_FAILURE): Call Test Case 'Test Cases/Mobile/Page/CheckLogin' successfully

2022-03-09 14:19:49 - [TEST_CASE][PASSED] - Test Cases/Mobile/Page/CheckLogin: Test Cases/Mobile/Page/CheckLogin

2022-03-09 14:19:49 - [TEST_STEP][PASSED] - loginCheck = verifyElementExist(LOGN_BtnLogin, 5, CONTINUE_ON_FAILURE): Element 'Object Repository/Mobile/Page/Login/Button - Login' is exist

2022-03-09 14:19:51 - [MESSAGE][PASSED] - Element 'Object Repository/Mobile/Page/Login/Button - Login' is exist

2022-03-09 14:19:51 - [TEST_STEP][PASSED] - if (loginCheck): Call Test Case 'Test Cases/Mobile/Page/Login/Login' successfully

2022-03-09 14:19:51 - [TEST_STEP][PASSED] - callTestCase(findTestCase("Mobile/Page/Login/Login"), ["action":"username"], CONTINUE_ON_FAILURE): Call Test Case 'Test Cases/Mobile/Page/Login/Login' successfully

2022-03-09 14:19:51 - [TEST_CASE][PASSED] - Test Cases/Mobile/Page/Login/Login: Test Cases/Mobile/Page/Login/Login

2022-03-09 14:19:51 - [TEST_STEP][PASSED] - delay(2): Delayed 2 second(s)

2022-03-09 14:19:53 - [MESSAGE][PASSED] - Delayed 2 second(s)

2022-03-09 14:19:53 - [TEST_STEP][PASSED] - for ([i = 0, i < 1, (i++)]): null

2022-03-09 14:19:53 - [TEST_STEP][PASSED] - if (action == "username"): null

2022-03-09 14:19:53 - [TEST_STEP][PASSED] - tap(LOGN_EdtUserID, 0): Tapped on element 'Object Repository/Mobile/Page/Login/Input - UserID'

2022-03-09 14:19:53 - [MESSAGE][WARNING] - Timeout '0' is invalid. Using default page load timeout: '60'

2022-03-09 14:19:53 - [MESSAGE][PASSED] - Tapped on element 'Object Repository/Mobile/Page/Login/Input - UserID'

2022-03-09 14:19:53 - [TEST_STEP][PASSED] - delay(1): Delayed 1 second(s)

2022-03-09 14:19:54 - [MESSAGE][PASSED] - Delayed 1 second(s)

2022-03-09 14:19:54 - [TEST_STEP][PASSED] - setText(LOGN_EdtRdyUserID, "anggaaditya", 0): Text 'anggaaditya' has been set to element 'Object Repository/Mobile/Page/Login/Input Rdy - UserID'

2022-03-09 14:19:54 - [MESSAGE][WARNING] - Timeout '0' is invalid. Using default page load timeout: '60'

2022-03-09 14:19:55 - [MESSAGE][PASSED] - Text 'anggaaditya' has been set to element 'Object Repository/Mobile/Page/Login/Input Rdy - UserID'

2022-03-09 14:19:55 - [TEST_STEP][PASSED] - delay(1): Delayed 1 second(s)

2022-03-09 14:19:56 - [MESSAGE][PASSED] - Delayed 1 second(s)

2022-03-09 14:19:56 - [TEST_STEP][PASSED] - hideKeyboard(): Keyboard is hidden

2022-03-09 14:19:59 - [MESSAGE][PASSED] - Keyboard is hidden

2022-03-09 14:19:59 - [TEST_STEP][PASSED] - tap(LOGN_EdtPassword, 0): Tapped on element 'Object Repository/Mobile/Page/Login/Input - Password'

2022-03-09 14:19:59 - [MESSAGE][WARNING] - Timeout '0' is invalid. Using default page load timeout: '60'

2022-03-09 14:20:00 - [MESSAGE][PASSED] - Tapped on element 'Object Repository/Mobile/Page/Login/Input - Password'

2022-03-09 14:20:00 - [TEST_STEP][PASSED] - delay(1): Delayed 1 second(s)

2022-03-09 14:20:01 - [MESSAGE][PASSED] - Delayed 1 second(s)

2022-03-09 14:20:01 - [TEST_STEP][PASSED] - setText(LOGN_EdtRdyPassword, "Shalawa18", 0): Text 'Shalawa18' has been set to element 'Object Repository/Mobile/Page/Login/Input Rdy - Password'

2022-03-09 14:20:01 - [MESSAGE][WARNING] - Timeout '0' is invalid. Using default page load timeout: '60'

2022-03-09 14:20:01 - [MESSAGE][PASSED] - Text 'Shalawa18' has been set to element 'Object Repository/Mobile/Page/Login/Input Rdy - Password'

2022-03-09 14:20:01 - [TEST_STEP][PASSED] - delay(1): Delayed 1 second(s)

2022-03-09 14:20:02 - [MESSAGE][PASSED] - Delayed 1 second(s)

2022-03-09 14:20:02 - [TEST_STEP][PASSED] - hideKeyboard(): Keyboard is hidden

2022-03-09 14:20:08 - [MESSAGE][PASSED] - Keyboard is hidden

2022-03-09 14:20:08 - [TEST_STEP][PASSED] - tap(LOGN_BtnLogin, 0): Tapped on element 'Object Repository/Mobile/Page/Login/Button - Login'

2022-03-09 14:20:08 - [MESSAGE][WARNING] - Timeout '0' is invalid. Using default page load timeout: '60'

2022-03-09 14:20:09 - [MESSAGE][PASSED] - Tapped on element 'Object Repository/Mobile/Page/Login/Button - Login'

2022-03-09 14:20:09 - [TEST_STEP][PASSED] - delay(2): Delayed 2 second(s)

2022-03-09 14:20:11 - [MESSAGE][PASSED] - Delayed 2 second(s)

2022-03-09 14:20:11 - [TEST_STEP][PASSED] - break: null

2022-03-09 14:20:11 - [MESSAGE][PASSED] - Call Test Case 'Test Cases/Mobile/Page/Login/Login' successfully

2022-03-09 14:20:11 - [MESSAGE][PASSED] - Call Test Case 'Test Cases/Mobile/Page/CheckLogin' successfully

2022-03-09 14:20:11 - [TEST_STEP][PASSED] - tap(HOME_MenubarPortfolio, 0): Tapped on element 'Object Repository/Mobile/Page/Home/Menubar - Portfolio'

2022-03-09 14:20:11 - [MESSAGE][WARNING] - Timeout '0' is invalid. Using default page load timeout: '60'

2022-03-09 14:20:13 - [MESSAGE][PASSED] - Tapped on element 'Object Repository/Mobile/Page/Home/Menubar - Portfolio'

2022-03-09 14:20:13 - [TEST_STEP][PASSED] - delay(5): Delayed 5 second(s)

2022-03-09 14:20:18 - [MESSAGE][PASSED] - Delayed 5 second(s)

2022-03-09 14:20:18 - [TEST_STEP][PASSED] - for ([i = 0, i < 1, (i++)]): Delayed 3 second(s)

2022-03-09 14:20:18 - [TEST_STEP][PASSED] - if (tab == "summary"): Delayed 3 second(s)

2022-03-09 14:20:18 - [TEST_STEP][PASSED] - idr = PORT_BtnIDR: null

2022-03-09 14:20:18 - [TEST_STEP][PASSED] - persen = PORT_BtnPersen: null

2022-03-09 14:20:18 - [TEST_STEP][PASSED] - if (action == "summary"): null

2022-03-09 14:20:18 - [TEST_STEP][PASSED] - else if (action == "perf_daily"): null

2022-03-09 14:20:18 - [TEST_STEP][PASSED] - else if (action == "perf_month"): null

2022-03-09 14:20:18 - [TEST_STEP][PASSED] - else if (action == "perf_quarter"): null

2022-03-09 14:20:18 - [TEST_STEP][PASSED] - else if (action == "perf_year"): Tapped on element 'Object Repository/Mobile/Page/Portfolio/Tab - Summary Year to Date'

2022-03-09 14:20:18 - [TEST_STEP][PASSED] - scroll.scroll.scrollScreenBottomToTop(): scroll.scroll.scrollScreenBottomToTop is PASSED

2022-03-09 14:20:18 - [MESSAGE][PASSED] - Current device physical height is 1423

2022-03-09 14:20:18 - [MESSAGE][PASSED] - Current device physical width is 720

2022-03-09 14:20:20 - [MESSAGE][PASSED] - Swiped from 360,1,138 to 360,284

2022-03-09 14:20:20 - [MESSAGE][PASSED] - scroll.scroll.scrollScreenBottomToTop is PASSED

2022-03-09 14:20:20 - [TEST_STEP][PASSED] - delay(1): Delayed 1 second(s)

2022-03-09 14:20:21 - [MESSAGE][PASSED] - Delayed 1 second(s)

2022-03-09 14:20:21 - [TEST_STEP][PASSED] - tap(PORT_TabSummaryYear, 0): Tapped on element 'Object Repository/Mobile/Page/Portfolio/Tab - Summary Year to Date'

2022-03-09 14:20:21 - [MESSAGE][WARNING] - Timeout '0' is invalid. Using default page load timeout: '60'

2022-03-09 14:20:21 - [MESSAGE][PASSED] - Tapped on element 'Object Repository/Mobile/Page/Portfolio/Tab - Summary Year to Date'

2022-03-09 14:20:21 - [TEST_STEP][PASSED] - if (action != "summary"): Delayed 3 second(s)

2022-03-09 14:20:21 - [TEST_STEP][PASSED] - delay(1): Delayed 1 second(s)

2022-03-09 14:20:22 - [MESSAGE][PASSED] - Delayed 1 second(s)

2022-03-09 14:20:22 - [TEST_STEP][PASSED] - scroll.scroll.scrollScreenBottomToTop(): scroll.scroll.scrollScreenBottomToTop is PASSED

2022-03-09 14:20:22 - [MESSAGE][PASSED] - Current device physical height is 1423

2022-03-09 14:20:22 - [MESSAGE][PASSED] - Current device physical width is 720

2022-03-09 14:20:24 - [MESSAGE][PASSED] - Swiped from 360,1,138 to 360,284

2022-03-09 14:20:24 - [MESSAGE][PASSED] - scroll.scroll.scrollScreenBottomToTop is PASSED

2022-03-09 14:20:24 - [TEST_STEP][PASSED] - scroll.scroll.scrollScreenBottomToTop(): scroll.scroll.scrollScreenBottomToTop is PASSED

2022-03-09 14:20:24 - [MESSAGE][PASSED] - Current device physical height is 1423

2022-03-09 14:20:24 - [MESSAGE][PASSED] - Current device physical width is 720

2022-03-09 14:20:25 - [MESSAGE][PASSED] - Swiped from 360,1,138 to 360,284

2022-03-09 14:20:25 - [MESSAGE][PASSED] - scroll.scroll.scrollScreenBottomToTop is PASSED

2022-03-09 14:20:25 - [TEST_STEP][PASSED] - delay(3): Delayed 3 second(s)

2022-03-09 14:20:28 - [MESSAGE][PASSED] - Delayed 3 second(s)

2022-03-09 14:20:28 - [TEST_STEP][PASSED] - if (action2 == "idr"): null

2022-03-09 14:20:28 - [TEST_STEP][PASSED] - else if (action2 == "persen"): Delayed 3 second(s)

2022-03-09 14:20:28 - [TEST_STEP][PASSED] - tap(persen, 10): Tapped on element 'Object Repository/Mobile/Page/Portfolio/Button - Persen'

2022-03-09 14:20:29 - [MESSAGE][PASSED] - Tapped on element 'Object Repository/Mobile/Page/Portfolio/Button - Persen'

2022-03-09 14:20:29 - [TEST_STEP][PASSED] - delay(3): Delayed 3 second(s)

2022-03-09 14:20:32 - [MESSAGE][PASSED] - Delayed 3 second(s)

2022-03-09 14:20:32 - [MESSAGE][PASSED] - Call Test Case 'Test Cases/Mobile/Page/Portfolio/Portfolio' successfully

2022-03-09 14:20:32 - [TEST_STEP][PASSED] - callTestCase(findTestCase("Mobile/Page/Run App/Terminate App"), [:], STOP_ON_FAILURE): Call Test Case 'Test Cases/Mobile/Page/Run App/Terminate App' successfully

2022-03-09 14:20:32 - [TEST_CASE][PASSED] - Test Cases/Mobile/Page/Run App/Terminate App: Test Cases/Mobile/Page/Run App/Terminate App

2022-03-09 14:20:32 - [TEST_STEP][PASSED] - startApp.OpenApp.terminateApplication(): startApp.OpenApp.terminateApplication is PASSED

2022-03-09 14:20:35 - [MESSAGE][PASSED] - Delayed 3 second(s)

2022-03-09 14:20:35 - [MESSAGE][PASSED] - Current device physical width is 720

2022-03-09 14:20:35 - [MESSAGE][PASSED] - Current device physical height is 1423

2022-03-09 14:20:36 - [MESSAGE][PASSED] - Swiped from 360,853 to 360,142

2022-03-09 14:20:37 - [MESSAGE][PASSED] - Delayed 1 second(s)

2022-03-09 14:20:39 - [MESSAGE][PASSED] - Swiped from 360,853 to 360,142

2022-03-09 14:20:42 - [MESSAGE][PASSED] - Delayed 3 second(s)

2022-03-09 14:20:42 - [MESSAGE][PASSED] - startApp.OpenApp.terminateApplication is PASSED

2022-03-09 14:20:42 - [MESSAGE][PASSED] - Call Test Case 'Test Cases/Mobile/Page/Run App/Terminate App' successfully]]></system-out>
         <system-err><![CDATA[]]></system-err>
      </testcase>
      <testcase name="Test Cases/Mobile/Scenario/Portfolio/010 - Melihat list stock" time="59.172" classname="Test Cases/Mobile/Scenario/Portfolio/010 - Melihat list stock" status="PASSED">
         <system-out><![CDATA[2022-03-09 14:20:42 - [TEST_CASE][PASSED] - Test Cases/Mobile/Scenario/Portfolio/010 - Melihat list stock: Test Cases/Mobile/Scenario/Portfolio/010 - Melihat list stock

2022-03-09 14:20:42 - [TEST_STEP][PASSED] - callTestCase(findTestCase("Mobile/Page/Run App/Run App byID"), [:], STOP_ON_FAILURE): Call Test Case 'Test Cases/Mobile/Page/Run App/Run App byID' successfully

2022-03-09 14:20:42 - [TEST_CASE][PASSED] - Test Cases/Mobile/Page/Run App/Run App byID: Test Cases/Mobile/Page/Run App/Run App byID

2022-03-09 14:20:42 - [TEST_STEP][PASSED] - startApp.OpenApp.startApplication("id.co.miraeasset.sageclub"): startApp.OpenApp.startApplication is PASSED

2022-03-09 14:20:53 - [MESSAGE][PASSED] - Starting app with application ID: 'id.co.miraeasset.sageclub'

2022-03-09 14:20:53 - [MESSAGE][PASSED] - startApp.OpenApp.startApplication is PASSED

2022-03-09 14:20:53 - [MESSAGE][PASSED] - Call Test Case 'Test Cases/Mobile/Page/Run App/Run App byID' successfully

2022-03-09 14:20:53 - [TEST_STEP][PASSED] - callTestCase(findTestCase("Mobile/Page/Portfolio/Portfolio"), ["tab":"stock"], CONTINUE_ON_FAILURE): Call Test Case 'Test Cases/Mobile/Page/Portfolio/Portfolio' successfully

2022-03-09 14:20:53 - [TEST_CASE][PASSED] - Test Cases/Mobile/Page/Portfolio/Portfolio: Test Cases/Mobile/Page/Portfolio/Portfolio

2022-03-09 14:20:53 - [TEST_STEP][PASSED] - callTestCase(findTestCase("Mobile/Page/CheckLogin"), [:], CONTINUE_ON_FAILURE): Call Test Case 'Test Cases/Mobile/Page/CheckLogin' successfully

2022-03-09 14:20:53 - [TEST_CASE][PASSED] - Test Cases/Mobile/Page/CheckLogin: Test Cases/Mobile/Page/CheckLogin

2022-03-09 14:20:53 - [TEST_STEP][PASSED] - loginCheck = verifyElementExist(LOGN_BtnLogin, 5, CONTINUE_ON_FAILURE): Element 'Object Repository/Mobile/Page/Login/Button - Login' is exist

2022-03-09 14:20:55 - [MESSAGE][PASSED] - Element 'Object Repository/Mobile/Page/Login/Button - Login' is exist

2022-03-09 14:20:55 - [TEST_STEP][PASSED] - if (loginCheck): Call Test Case 'Test Cases/Mobile/Page/Login/Login' successfully

2022-03-09 14:20:55 - [TEST_STEP][PASSED] - callTestCase(findTestCase("Mobile/Page/Login/Login"), ["action":"username"], CONTINUE_ON_FAILURE): Call Test Case 'Test Cases/Mobile/Page/Login/Login' successfully

2022-03-09 14:20:55 - [TEST_CASE][PASSED] - Test Cases/Mobile/Page/Login/Login: Test Cases/Mobile/Page/Login/Login

2022-03-09 14:20:55 - [TEST_STEP][PASSED] - delay(2): Delayed 2 second(s)

2022-03-09 14:20:57 - [MESSAGE][PASSED] - Delayed 2 second(s)

2022-03-09 14:20:57 - [TEST_STEP][PASSED] - for ([i = 0, i < 1, (i++)]): null

2022-03-09 14:20:57 - [TEST_STEP][PASSED] - if (action == "username"): null

2022-03-09 14:20:57 - [TEST_STEP][PASSED] - tap(LOGN_EdtUserID, 0): Tapped on element 'Object Repository/Mobile/Page/Login/Input - UserID'

2022-03-09 14:20:57 - [MESSAGE][WARNING] - Timeout '0' is invalid. Using default page load timeout: '60'

2022-03-09 14:20:58 - [MESSAGE][PASSED] - Tapped on element 'Object Repository/Mobile/Page/Login/Input - UserID'

2022-03-09 14:20:58 - [TEST_STEP][PASSED] - delay(1): Delayed 1 second(s)

2022-03-09 14:20:59 - [MESSAGE][PASSED] - Delayed 1 second(s)

2022-03-09 14:20:59 - [TEST_STEP][PASSED] - setText(LOGN_EdtRdyUserID, "anggaaditya", 0): Text 'anggaaditya' has been set to element 'Object Repository/Mobile/Page/Login/Input Rdy - UserID'

2022-03-09 14:20:59 - [MESSAGE][WARNING] - Timeout '0' is invalid. Using default page load timeout: '60'

2022-03-09 14:20:59 - [MESSAGE][PASSED] - Text 'anggaaditya' has been set to element 'Object Repository/Mobile/Page/Login/Input Rdy - UserID'

2022-03-09 14:20:59 - [TEST_STEP][PASSED] - delay(1): Delayed 1 second(s)

2022-03-09 14:21:00 - [MESSAGE][PASSED] - Delayed 1 second(s)

2022-03-09 14:21:00 - [TEST_STEP][PASSED] - hideKeyboard(): Keyboard is hidden

2022-03-09 14:21:04 - [MESSAGE][PASSED] - Keyboard is hidden

2022-03-09 14:21:04 - [TEST_STEP][PASSED] - tap(LOGN_EdtPassword, 0): Tapped on element 'Object Repository/Mobile/Page/Login/Input - Password'

2022-03-09 14:21:04 - [MESSAGE][WARNING] - Timeout '0' is invalid. Using default page load timeout: '60'

2022-03-09 14:21:04 - [MESSAGE][PASSED] - Tapped on element 'Object Repository/Mobile/Page/Login/Input - Password'

2022-03-09 14:21:04 - [TEST_STEP][PASSED] - delay(1): Delayed 1 second(s)

2022-03-09 14:21:05 - [MESSAGE][PASSED] - Delayed 1 second(s)

2022-03-09 14:21:05 - [TEST_STEP][PASSED] - setText(LOGN_EdtRdyPassword, "Shalawa18", 0): Text 'Shalawa18' has been set to element 'Object Repository/Mobile/Page/Login/Input Rdy - Password'

2022-03-09 14:21:05 - [MESSAGE][WARNING] - Timeout '0' is invalid. Using default page load timeout: '60'

2022-03-09 14:21:06 - [MESSAGE][PASSED] - Text 'Shalawa18' has been set to element 'Object Repository/Mobile/Page/Login/Input Rdy - Password'

2022-03-09 14:21:06 - [TEST_STEP][PASSED] - delay(1): Delayed 1 second(s)

2022-03-09 14:21:07 - [MESSAGE][PASSED] - Delayed 1 second(s)

2022-03-09 14:21:07 - [TEST_STEP][PASSED] - hideKeyboard(): Keyboard is hidden

2022-03-09 14:21:14 - [MESSAGE][PASSED] - Keyboard is hidden

2022-03-09 14:21:14 - [TEST_STEP][PASSED] - tap(LOGN_BtnLogin, 0): Tapped on element 'Object Repository/Mobile/Page/Login/Button - Login'

2022-03-09 14:21:14 - [MESSAGE][WARNING] - Timeout '0' is invalid. Using default page load timeout: '60'

2022-03-09 14:21:15 - [MESSAGE][PASSED] - Tapped on element 'Object Repository/Mobile/Page/Login/Button - Login'

2022-03-09 14:21:15 - [TEST_STEP][PASSED] - delay(2): Delayed 2 second(s)

2022-03-09 14:21:17 - [MESSAGE][PASSED] - Delayed 2 second(s)

2022-03-09 14:21:17 - [TEST_STEP][PASSED] - break: null

2022-03-09 14:21:17 - [MESSAGE][PASSED] - Call Test Case 'Test Cases/Mobile/Page/Login/Login' successfully

2022-03-09 14:21:17 - [MESSAGE][PASSED] - Call Test Case 'Test Cases/Mobile/Page/CheckLogin' successfully

2022-03-09 14:21:17 - [TEST_STEP][PASSED] - tap(HOME_MenubarPortfolio, 0): Tapped on element 'Object Repository/Mobile/Page/Home/Menubar - Portfolio'

2022-03-09 14:21:17 - [MESSAGE][WARNING] - Timeout '0' is invalid. Using default page load timeout: '60'

2022-03-09 14:21:20 - [MESSAGE][PASSED] - Tapped on element 'Object Repository/Mobile/Page/Home/Menubar - Portfolio'

2022-03-09 14:21:20 - [TEST_STEP][PASSED] - delay(5): Delayed 5 second(s)

2022-03-09 14:21:25 - [MESSAGE][PASSED] - Delayed 5 second(s)

2022-03-09 14:21:25 - [TEST_STEP][PASSED] - for ([i = 0, i < 1, (i++)]): Delayed 3 second(s)

2022-03-09 14:21:25 - [TEST_STEP][PASSED] - if (tab == "summary"): null

2022-03-09 14:21:25 - [TEST_STEP][PASSED] - else if (tab == "stock"): Delayed 3 second(s)

2022-03-09 14:21:25 - [TEST_STEP][PASSED] - tap(PORT_TabStock, 0): Tapped on element 'Object Repository/Mobile/Page/Portfolio/Tab - Stock'

2022-03-09 14:21:25 - [MESSAGE][WARNING] - Timeout '0' is invalid. Using default page load timeout: '60'

2022-03-09 14:21:26 - [MESSAGE][PASSED] - Tapped on element 'Object Repository/Mobile/Page/Portfolio/Tab - Stock'

2022-03-09 14:21:26 - [TEST_STEP][PASSED] - scroll.scroll.scrollScreenBottomToTop(): scroll.scroll.scrollScreenBottomToTop is PASSED

2022-03-09 14:21:26 - [MESSAGE][PASSED] - Current device physical height is 1423

2022-03-09 14:21:27 - [MESSAGE][PASSED] - Current device physical width is 720

2022-03-09 14:21:28 - [MESSAGE][PASSED] - Swiped from 360,1,138 to 360,284

2022-03-09 14:21:28 - [MESSAGE][PASSED] - scroll.scroll.scrollScreenBottomToTop is PASSED

2022-03-09 14:21:28 - [TEST_STEP][PASSED] - delay(3): Delayed 3 second(s)

2022-03-09 14:21:31 - [MESSAGE][PASSED] - Delayed 3 second(s)

2022-03-09 14:21:31 - [MESSAGE][PASSED] - Call Test Case 'Test Cases/Mobile/Page/Portfolio/Portfolio' successfully

2022-03-09 14:21:31 - [TEST_STEP][PASSED] - callTestCase(findTestCase("Mobile/Page/Run App/Terminate App"), [:], STOP_ON_FAILURE): Call Test Case 'Test Cases/Mobile/Page/Run App/Terminate App' successfully

2022-03-09 14:21:31 - [TEST_CASE][PASSED] - Test Cases/Mobile/Page/Run App/Terminate App: Test Cases/Mobile/Page/Run App/Terminate App

2022-03-09 14:21:31 - [TEST_STEP][PASSED] - startApp.OpenApp.terminateApplication(): startApp.OpenApp.terminateApplication is PASSED

2022-03-09 14:21:34 - [MESSAGE][PASSED] - Delayed 3 second(s)

2022-03-09 14:21:34 - [MESSAGE][PASSED] - Current device physical width is 720

2022-03-09 14:21:34 - [MESSAGE][PASSED] - Current device physical height is 1423

2022-03-09 14:21:35 - [MESSAGE][PASSED] - Swiped from 360,853 to 360,142

2022-03-09 14:21:37 - [MESSAGE][PASSED] - Delayed 1 second(s)

2022-03-09 14:21:38 - [MESSAGE][PASSED] - Swiped from 360,853 to 360,142

2022-03-09 14:21:41 - [MESSAGE][PASSED] - Delayed 3 second(s)

2022-03-09 14:21:41 - [MESSAGE][PASSED] - startApp.OpenApp.terminateApplication is PASSED

2022-03-09 14:21:41 - [MESSAGE][PASSED] - Call Test Case 'Test Cases/Mobile/Page/Run App/Terminate App' successfully]]></system-out>
         <system-err><![CDATA[]]></system-err>
      </testcase>
      <testcase name="Test Cases/Mobile/Scenario/Portfolio/011 - Melihat list mutual fund" time="64.116" classname="Test Cases/Mobile/Scenario/Portfolio/011 - Melihat list mutual fund" status="PASSED">
         <system-out><![CDATA[2022-03-09 14:21:41 - [TEST_CASE][PASSED] - Test Cases/Mobile/Scenario/Portfolio/011 - Melihat list mutual fund: Test Cases/Mobile/Scenario/Portfolio/011 - Melihat list mutual fund

2022-03-09 14:21:41 - [TEST_STEP][PASSED] - callTestCase(findTestCase("Mobile/Page/Run App/Run App byID"), [:], STOP_ON_FAILURE): Call Test Case 'Test Cases/Mobile/Page/Run App/Run App byID' successfully

2022-03-09 14:21:41 - [TEST_CASE][PASSED] - Test Cases/Mobile/Page/Run App/Run App byID: Test Cases/Mobile/Page/Run App/Run App byID

2022-03-09 14:21:41 - [TEST_STEP][PASSED] - startApp.OpenApp.startApplication("id.co.miraeasset.sageclub"): startApp.OpenApp.startApplication is PASSED

2022-03-09 14:21:52 - [MESSAGE][PASSED] - Starting app with application ID: 'id.co.miraeasset.sageclub'

2022-03-09 14:21:52 - [MESSAGE][PASSED] - startApp.OpenApp.startApplication is PASSED

2022-03-09 14:21:52 - [MESSAGE][PASSED] - Call Test Case 'Test Cases/Mobile/Page/Run App/Run App byID' successfully

2022-03-09 14:21:52 - [TEST_STEP][PASSED] - callTestCase(findTestCase("Mobile/Page/Portfolio/Portfolio"), ["tab":"mutualfund", "action2":"none"], CONTINUE_ON_FAILURE): Call Test Case 'Test Cases/Mobile/Page/Portfolio/Portfolio' successfully

2022-03-09 14:21:52 - [TEST_CASE][PASSED] - Test Cases/Mobile/Page/Portfolio/Portfolio: Test Cases/Mobile/Page/Portfolio/Portfolio

2022-03-09 14:21:52 - [TEST_STEP][PASSED] - callTestCase(findTestCase("Mobile/Page/CheckLogin"), [:], CONTINUE_ON_FAILURE): Call Test Case 'Test Cases/Mobile/Page/CheckLogin' successfully

2022-03-09 14:21:53 - [TEST_CASE][PASSED] - Test Cases/Mobile/Page/CheckLogin: Test Cases/Mobile/Page/CheckLogin

2022-03-09 14:21:53 - [TEST_STEP][PASSED] - loginCheck = verifyElementExist(LOGN_BtnLogin, 5, CONTINUE_ON_FAILURE): Element 'Object Repository/Mobile/Page/Login/Button - Login' is exist

2022-03-09 14:21:54 - [MESSAGE][PASSED] - Element 'Object Repository/Mobile/Page/Login/Button - Login' is exist

2022-03-09 14:21:54 - [TEST_STEP][PASSED] - if (loginCheck): Call Test Case 'Test Cases/Mobile/Page/Login/Login' successfully

2022-03-09 14:21:54 - [TEST_STEP][PASSED] - callTestCase(findTestCase("Mobile/Page/Login/Login"), ["action":"username"], CONTINUE_ON_FAILURE): Call Test Case 'Test Cases/Mobile/Page/Login/Login' successfully

2022-03-09 14:21:55 - [TEST_CASE][PASSED] - Test Cases/Mobile/Page/Login/Login: Test Cases/Mobile/Page/Login/Login

2022-03-09 14:21:55 - [TEST_STEP][PASSED] - delay(2): Delayed 2 second(s)

2022-03-09 14:21:57 - [MESSAGE][PASSED] - Delayed 2 second(s)

2022-03-09 14:21:57 - [TEST_STEP][PASSED] - for ([i = 0, i < 1, (i++)]): null

2022-03-09 14:21:57 - [TEST_STEP][PASSED] - if (action == "username"): null

2022-03-09 14:21:57 - [TEST_STEP][PASSED] - tap(LOGN_EdtUserID, 0): Tapped on element 'Object Repository/Mobile/Page/Login/Input - UserID'

2022-03-09 14:21:57 - [MESSAGE][WARNING] - Timeout '0' is invalid. Using default page load timeout: '60'

2022-03-09 14:21:57 - [MESSAGE][PASSED] - Tapped on element 'Object Repository/Mobile/Page/Login/Input - UserID'

2022-03-09 14:21:57 - [TEST_STEP][PASSED] - delay(1): Delayed 1 second(s)

2022-03-09 14:21:58 - [MESSAGE][PASSED] - Delayed 1 second(s)

2022-03-09 14:21:58 - [TEST_STEP][PASSED] - setText(LOGN_EdtRdyUserID, "anggaaditya", 0): Text 'anggaaditya' has been set to element 'Object Repository/Mobile/Page/Login/Input Rdy - UserID'

2022-03-09 14:21:58 - [MESSAGE][WARNING] - Timeout '0' is invalid. Using default page load timeout: '60'

2022-03-09 14:21:59 - [MESSAGE][PASSED] - Text 'anggaaditya' has been set to element 'Object Repository/Mobile/Page/Login/Input Rdy - UserID'

2022-03-09 14:21:59 - [TEST_STEP][PASSED] - delay(1): Delayed 1 second(s)

2022-03-09 14:22:00 - [MESSAGE][PASSED] - Delayed 1 second(s)

2022-03-09 14:22:00 - [TEST_STEP][PASSED] - hideKeyboard(): Keyboard is hidden

2022-03-09 14:22:06 - [MESSAGE][PASSED] - Keyboard is hidden

2022-03-09 14:22:06 - [TEST_STEP][PASSED] - tap(LOGN_EdtPassword, 0): Tapped on element 'Object Repository/Mobile/Page/Login/Input - Password'

2022-03-09 14:22:06 - [MESSAGE][WARNING] - Timeout '0' is invalid. Using default page load timeout: '60'

2022-03-09 14:22:06 - [MESSAGE][PASSED] - Tapped on element 'Object Repository/Mobile/Page/Login/Input - Password'

2022-03-09 14:22:06 - [TEST_STEP][PASSED] - delay(1): Delayed 1 second(s)

2022-03-09 14:22:07 - [MESSAGE][PASSED] - Delayed 1 second(s)

2022-03-09 14:22:07 - [TEST_STEP][PASSED] - setText(LOGN_EdtRdyPassword, "Shalawa18", 0): Text 'Shalawa18' has been set to element 'Object Repository/Mobile/Page/Login/Input Rdy - Password'

2022-03-09 14:22:07 - [MESSAGE][WARNING] - Timeout '0' is invalid. Using default page load timeout: '60'

2022-03-09 14:22:07 - [MESSAGE][PASSED] - Text 'Shalawa18' has been set to element 'Object Repository/Mobile/Page/Login/Input Rdy - Password'

2022-03-09 14:22:07 - [TEST_STEP][PASSED] - delay(1): Delayed 1 second(s)

2022-03-09 14:22:08 - [MESSAGE][PASSED] - Delayed 1 second(s)

2022-03-09 14:22:08 - [TEST_STEP][PASSED] - hideKeyboard(): Keyboard is hidden

2022-03-09 14:22:14 - [MESSAGE][PASSED] - Keyboard is hidden

2022-03-09 14:22:14 - [TEST_STEP][PASSED] - tap(LOGN_BtnLogin, 0): Tapped on element 'Object Repository/Mobile/Page/Login/Button - Login'

2022-03-09 14:22:14 - [MESSAGE][WARNING] - Timeout '0' is invalid. Using default page load timeout: '60'

2022-03-09 14:22:15 - [MESSAGE][PASSED] - Tapped on element 'Object Repository/Mobile/Page/Login/Button - Login'

2022-03-09 14:22:15 - [TEST_STEP][PASSED] - delay(2): Delayed 2 second(s)

2022-03-09 14:22:17 - [MESSAGE][PASSED] - Delayed 2 second(s)

2022-03-09 14:22:17 - [TEST_STEP][PASSED] - break: null

2022-03-09 14:22:17 - [MESSAGE][PASSED] - Call Test Case 'Test Cases/Mobile/Page/Login/Login' successfully

2022-03-09 14:22:17 - [MESSAGE][PASSED] - Call Test Case 'Test Cases/Mobile/Page/CheckLogin' successfully

2022-03-09 14:22:17 - [TEST_STEP][PASSED] - tap(HOME_MenubarPortfolio, 0): Tapped on element 'Object Repository/Mobile/Page/Home/Menubar - Portfolio'

2022-03-09 14:22:17 - [MESSAGE][WARNING] - Timeout '0' is invalid. Using default page load timeout: '60'

2022-03-09 14:22:19 - [MESSAGE][PASSED] - Tapped on element 'Object Repository/Mobile/Page/Home/Menubar - Portfolio'

2022-03-09 14:22:19 - [TEST_STEP][PASSED] - delay(5): Delayed 5 second(s)

2022-03-09 14:22:24 - [MESSAGE][PASSED] - Delayed 5 second(s)

2022-03-09 14:22:24 - [TEST_STEP][PASSED] - for ([i = 0, i < 1, (i++)]): scroll.scroll.scrollScreenBottomToTop is PASSED

2022-03-09 14:22:24 - [TEST_STEP][PASSED] - if (tab == "summary"): null

2022-03-09 14:22:24 - [TEST_STEP][PASSED] - else if (tab == "stock"): null

2022-03-09 14:22:24 - [TEST_STEP][PASSED] - else if (tab == "mutualfund"): scroll.scroll.scrollScreenBottomToTop is PASSED

2022-03-09 14:22:24 - [TEST_STEP][PASSED] - tap(PORT_TabMutualFund, 0): Tapped on element 'Object Repository/Mobile/Page/Portfolio/Tab - Mutual Fund'

2022-03-09 14:22:24 - [MESSAGE][WARNING] - Timeout '0' is invalid. Using default page load timeout: '60'

2022-03-09 14:22:24 - [MESSAGE][PASSED] - Tapped on element 'Object Repository/Mobile/Page/Portfolio/Tab - Mutual Fund'

2022-03-09 14:22:24 - [TEST_STEP][PASSED] - delay(1): Delayed 1 second(s)

2022-03-09 14:22:25 - [MESSAGE][PASSED] - Delayed 1 second(s)

2022-03-09 14:22:25 - [TEST_STEP][PASSED] - try: scroll.scroll.scrollScreenBottomToTop is PASSED

2022-03-09 14:22:25 - [TEST_STEP][PASSED] - tapAndHold(PORT_ItemTopMutualFund, 1, 10): Tapped and held on element 'Object Repository/Mobile/Page/Portfolio/Item - Top Mutual Fund' with duration 1

2022-03-09 14:22:28 - [MESSAGE][PASSED] - Tapped and held on element 'Object Repository/Mobile/Page/Portfolio/Item - Top Mutual Fund' with duration 1

2022-03-09 14:22:28 - [TEST_STEP][PASSED] - delay(2): Delayed 2 second(s)

2022-03-09 14:22:30 - [MESSAGE][PASSED] - Delayed 2 second(s)

2022-03-09 14:22:30 - [TEST_STEP][PASSED] - switch (action2): null

2022-03-09 14:22:30 - [TEST_STEP][PASSED] - delay(3): Delayed 3 second(s)

2022-03-09 14:22:33 - [MESSAGE][PASSED] - Delayed 3 second(s)

2022-03-09 14:22:33 - [TEST_STEP][PASSED] - scroll.scroll.scrollScreenBottomToTop(): scroll.scroll.scrollScreenBottomToTop is PASSED

2022-03-09 14:22:34 - [MESSAGE][PASSED] - Current device physical height is 1423

2022-03-09 14:22:34 - [MESSAGE][PASSED] - Current device physical width is 720

2022-03-09 14:22:35 - [MESSAGE][PASSED] - Swiped from 360,1,138 to 360,284

2022-03-09 14:22:35 - [MESSAGE][PASSED] - scroll.scroll.scrollScreenBottomToTop is PASSED

2022-03-09 14:22:35 - [MESSAGE][PASSED] - Call Test Case 'Test Cases/Mobile/Page/Portfolio/Portfolio' successfully

2022-03-09 14:22:35 - [TEST_STEP][PASSED] - callTestCase(findTestCase("Mobile/Page/Run App/Terminate App"), [:], STOP_ON_FAILURE): Call Test Case 'Test Cases/Mobile/Page/Run App/Terminate App' successfully

2022-03-09 14:22:35 - [TEST_CASE][PASSED] - Test Cases/Mobile/Page/Run App/Terminate App: Test Cases/Mobile/Page/Run App/Terminate App

2022-03-09 14:22:35 - [TEST_STEP][PASSED] - startApp.OpenApp.terminateApplication(): startApp.OpenApp.terminateApplication is PASSED

2022-03-09 14:22:38 - [MESSAGE][PASSED] - Delayed 3 second(s)

2022-03-09 14:22:38 - [MESSAGE][PASSED] - Current device physical width is 720

2022-03-09 14:22:38 - [MESSAGE][PASSED] - Current device physical height is 1423

2022-03-09 14:22:40 - [MESSAGE][PASSED] - Swiped from 360,853 to 360,142

2022-03-09 14:22:41 - [MESSAGE][PASSED] - Delayed 1 second(s)

2022-03-09 14:22:42 - [MESSAGE][PASSED] - Swiped from 360,853 to 360,142

2022-03-09 14:22:45 - [MESSAGE][PASSED] - Delayed 3 second(s)

2022-03-09 14:22:45 - [MESSAGE][PASSED] - startApp.OpenApp.terminateApplication is PASSED

2022-03-09 14:22:45 - [MESSAGE][PASSED] - Call Test Case 'Test Cases/Mobile/Page/Run App/Terminate App' successfully]]></system-out>
         <system-err><![CDATA[]]></system-err>
      </testcase>
      <testcase name="Test Cases/Mobile/Scenario/Portfolio/012 - Melihat list bond" time="56.722" classname="Test Cases/Mobile/Scenario/Portfolio/012 - Melihat list bond" status="PASSED">
         <system-out><![CDATA[2022-03-09 14:22:45 - [TEST_CASE][PASSED] - Test Cases/Mobile/Scenario/Portfolio/012 - Melihat list bond: Test Cases/Mobile/Scenario/Portfolio/012 - Melihat list bond

2022-03-09 14:22:45 - [TEST_STEP][PASSED] - callTestCase(findTestCase("Mobile/Page/Run App/Run App byID"), [:], STOP_ON_FAILURE): Call Test Case 'Test Cases/Mobile/Page/Run App/Run App byID' successfully

2022-03-09 14:22:45 - [TEST_CASE][PASSED] - Test Cases/Mobile/Page/Run App/Run App byID: Test Cases/Mobile/Page/Run App/Run App byID

2022-03-09 14:22:45 - [TEST_STEP][PASSED] - startApp.OpenApp.startApplication("id.co.miraeasset.sageclub"): startApp.OpenApp.startApplication is PASSED

2022-03-09 14:22:56 - [MESSAGE][PASSED] - Starting app with application ID: 'id.co.miraeasset.sageclub'

2022-03-09 14:22:56 - [MESSAGE][PASSED] - startApp.OpenApp.startApplication is PASSED

2022-03-09 14:22:56 - [MESSAGE][PASSED] - Call Test Case 'Test Cases/Mobile/Page/Run App/Run App byID' successfully

2022-03-09 14:22:56 - [TEST_STEP][PASSED] - callTestCase(findTestCase("Mobile/Page/Portfolio/Portfolio"), ["tab":"stock", "action":"none"], CONTINUE_ON_FAILURE): Call Test Case 'Test Cases/Mobile/Page/Portfolio/Portfolio' successfully

2022-03-09 14:22:56 - [TEST_CASE][PASSED] - Test Cases/Mobile/Page/Portfolio/Portfolio: Test Cases/Mobile/Page/Portfolio/Portfolio

2022-03-09 14:22:56 - [TEST_STEP][PASSED] - callTestCase(findTestCase("Mobile/Page/CheckLogin"), [:], CONTINUE_ON_FAILURE): Call Test Case 'Test Cases/Mobile/Page/CheckLogin' successfully

2022-03-09 14:22:57 - [TEST_CASE][PASSED] - Test Cases/Mobile/Page/CheckLogin: Test Cases/Mobile/Page/CheckLogin

2022-03-09 14:22:57 - [TEST_STEP][PASSED] - loginCheck = verifyElementExist(LOGN_BtnLogin, 5, CONTINUE_ON_FAILURE): Element 'Object Repository/Mobile/Page/Login/Button - Login' is exist

2022-03-09 14:22:58 - [MESSAGE][PASSED] - Element 'Object Repository/Mobile/Page/Login/Button - Login' is exist

2022-03-09 14:22:58 - [TEST_STEP][PASSED] - if (loginCheck): Call Test Case 'Test Cases/Mobile/Page/Login/Login' successfully

2022-03-09 14:22:58 - [TEST_STEP][PASSED] - callTestCase(findTestCase("Mobile/Page/Login/Login"), ["action":"username"], CONTINUE_ON_FAILURE): Call Test Case 'Test Cases/Mobile/Page/Login/Login' successfully

2022-03-09 14:22:58 - [TEST_CASE][PASSED] - Test Cases/Mobile/Page/Login/Login: Test Cases/Mobile/Page/Login/Login

2022-03-09 14:22:58 - [TEST_STEP][PASSED] - delay(2): Delayed 2 second(s)

2022-03-09 14:23:00 - [MESSAGE][PASSED] - Delayed 2 second(s)

2022-03-09 14:23:00 - [TEST_STEP][PASSED] - for ([i = 0, i < 1, (i++)]): null

2022-03-09 14:23:00 - [TEST_STEP][PASSED] - if (action == "username"): null

2022-03-09 14:23:00 - [TEST_STEP][PASSED] - tap(LOGN_EdtUserID, 0): Tapped on element 'Object Repository/Mobile/Page/Login/Input - UserID'

2022-03-09 14:23:00 - [MESSAGE][WARNING] - Timeout '0' is invalid. Using default page load timeout: '60'

2022-03-09 14:23:01 - [MESSAGE][PASSED] - Tapped on element 'Object Repository/Mobile/Page/Login/Input - UserID'

2022-03-09 14:23:01 - [TEST_STEP][PASSED] - delay(1): Delayed 1 second(s)

2022-03-09 14:23:02 - [MESSAGE][PASSED] - Delayed 1 second(s)

2022-03-09 14:23:02 - [TEST_STEP][PASSED] - setText(LOGN_EdtRdyUserID, "anggaaditya", 0): Text 'anggaaditya' has been set to element 'Object Repository/Mobile/Page/Login/Input Rdy - UserID'

2022-03-09 14:23:02 - [MESSAGE][WARNING] - Timeout '0' is invalid. Using default page load timeout: '60'

2022-03-09 14:23:02 - [MESSAGE][PASSED] - Text 'anggaaditya' has been set to element 'Object Repository/Mobile/Page/Login/Input Rdy - UserID'

2022-03-09 14:23:02 - [TEST_STEP][PASSED] - delay(1): Delayed 1 second(s)

2022-03-09 14:23:03 - [MESSAGE][PASSED] - Delayed 1 second(s)

2022-03-09 14:23:03 - [TEST_STEP][PASSED] - hideKeyboard(): Keyboard is hidden

2022-03-09 14:23:07 - [MESSAGE][PASSED] - Keyboard is hidden

2022-03-09 14:23:07 - [TEST_STEP][PASSED] - tap(LOGN_EdtPassword, 0): Tapped on element 'Object Repository/Mobile/Page/Login/Input - Password'

2022-03-09 14:23:07 - [MESSAGE][WARNING] - Timeout '0' is invalid. Using default page load timeout: '60'

2022-03-09 14:23:07 - [MESSAGE][PASSED] - Tapped on element 'Object Repository/Mobile/Page/Login/Input - Password'

2022-03-09 14:23:07 - [TEST_STEP][PASSED] - delay(1): Delayed 1 second(s)

2022-03-09 14:23:08 - [MESSAGE][PASSED] - Delayed 1 second(s)

2022-03-09 14:23:08 - [TEST_STEP][PASSED] - setText(LOGN_EdtRdyPassword, "Shalawa18", 0): Text 'Shalawa18' has been set to element 'Object Repository/Mobile/Page/Login/Input Rdy - Password'

2022-03-09 14:23:08 - [MESSAGE][WARNING] - Timeout '0' is invalid. Using default page load timeout: '60'

2022-03-09 14:23:09 - [MESSAGE][PASSED] - Text 'Shalawa18' has been set to element 'Object Repository/Mobile/Page/Login/Input Rdy - Password'

2022-03-09 14:23:09 - [TEST_STEP][PASSED] - delay(1): Delayed 1 second(s)

2022-03-09 14:23:10 - [MESSAGE][PASSED] - Delayed 1 second(s)

2022-03-09 14:23:10 - [TEST_STEP][PASSED] - hideKeyboard(): Keyboard is hidden

2022-03-09 14:23:16 - [MESSAGE][PASSED] - Keyboard is hidden

2022-03-09 14:23:16 - [TEST_STEP][PASSED] - tap(LOGN_BtnLogin, 0): Tapped on element 'Object Repository/Mobile/Page/Login/Button - Login'

2022-03-09 14:23:16 - [MESSAGE][WARNING] - Timeout '0' is invalid. Using default page load timeout: '60'

2022-03-09 14:23:16 - [MESSAGE][PASSED] - Tapped on element 'Object Repository/Mobile/Page/Login/Button - Login'

2022-03-09 14:23:16 - [TEST_STEP][PASSED] - delay(2): Delayed 2 second(s)

2022-03-09 14:23:18 - [MESSAGE][PASSED] - Delayed 2 second(s)

2022-03-09 14:23:18 - [TEST_STEP][PASSED] - break: null

2022-03-09 14:23:18 - [MESSAGE][PASSED] - Call Test Case 'Test Cases/Mobile/Page/Login/Login' successfully

2022-03-09 14:23:18 - [MESSAGE][PASSED] - Call Test Case 'Test Cases/Mobile/Page/CheckLogin' successfully

2022-03-09 14:23:18 - [TEST_STEP][PASSED] - tap(HOME_MenubarPortfolio, 0): Tapped on element 'Object Repository/Mobile/Page/Home/Menubar - Portfolio'

2022-03-09 14:23:18 - [MESSAGE][WARNING] - Timeout '0' is invalid. Using default page load timeout: '60'

2022-03-09 14:23:21 - [MESSAGE][PASSED] - Tapped on element 'Object Repository/Mobile/Page/Home/Menubar - Portfolio'

2022-03-09 14:23:21 - [TEST_STEP][PASSED] - delay(5): Delayed 5 second(s)

2022-03-09 14:23:26 - [MESSAGE][PASSED] - Delayed 5 second(s)

2022-03-09 14:23:26 - [TEST_STEP][PASSED] - for ([i = 0, i < 1, (i++)]): Delayed 3 second(s)

2022-03-09 14:23:26 - [TEST_STEP][PASSED] - if (tab == "summary"): null

2022-03-09 14:23:26 - [TEST_STEP][PASSED] - else if (tab == "stock"): Delayed 3 second(s)

2022-03-09 14:23:26 - [TEST_STEP][PASSED] - tap(PORT_TabStock, 0): Tapped on element 'Object Repository/Mobile/Page/Portfolio/Tab - Stock'

2022-03-09 14:23:26 - [MESSAGE][WARNING] - Timeout '0' is invalid. Using default page load timeout: '60'

2022-03-09 14:23:27 - [MESSAGE][PASSED] - Tapped on element 'Object Repository/Mobile/Page/Portfolio/Tab - Stock'

2022-03-09 14:23:27 - [TEST_STEP][PASSED] - scroll.scroll.scrollScreenBottomToTop(): scroll.scroll.scrollScreenBottomToTop is PASSED

2022-03-09 14:23:27 - [MESSAGE][PASSED] - Current device physical height is 1423

2022-03-09 14:23:27 - [MESSAGE][PASSED] - Current device physical width is 720

2022-03-09 14:23:28 - [MESSAGE][PASSED] - Swiped from 360,1,138 to 360,284

2022-03-09 14:23:29 - [MESSAGE][PASSED] - scroll.scroll.scrollScreenBottomToTop is PASSED

2022-03-09 14:23:29 - [TEST_STEP][PASSED] - delay(3): Delayed 3 second(s)

2022-03-09 14:23:32 - [MESSAGE][PASSED] - Delayed 3 second(s)

2022-03-09 14:23:32 - [MESSAGE][PASSED] - Call Test Case 'Test Cases/Mobile/Page/Portfolio/Portfolio' successfully

2022-03-09 14:23:32 - [TEST_STEP][PASSED] - callTestCase(findTestCase("Mobile/Page/Run App/Terminate App"), [:], STOP_ON_FAILURE): Call Test Case 'Test Cases/Mobile/Page/Run App/Terminate App' successfully

2022-03-09 14:23:32 - [TEST_CASE][PASSED] - Test Cases/Mobile/Page/Run App/Terminate App: Test Cases/Mobile/Page/Run App/Terminate App

2022-03-09 14:23:32 - [TEST_STEP][PASSED] - startApp.OpenApp.terminateApplication(): startApp.OpenApp.terminateApplication is PASSED

2022-03-09 14:23:35 - [MESSAGE][PASSED] - Delayed 3 second(s)

2022-03-09 14:23:35 - [MESSAGE][PASSED] - Current device physical width is 720

2022-03-09 14:23:35 - [MESSAGE][PASSED] - Current device physical height is 1423

2022-03-09 14:23:36 - [MESSAGE][PASSED] - Swiped from 360,853 to 360,142

2022-03-09 14:23:37 - [MESSAGE][PASSED] - Delayed 1 second(s)

2022-03-09 14:23:39 - [MESSAGE][PASSED] - Swiped from 360,853 to 360,142

2022-03-09 14:23:42 - [MESSAGE][PASSED] - Delayed 3 second(s)

2022-03-09 14:23:42 - [MESSAGE][PASSED] - startApp.OpenApp.terminateApplication is PASSED

2022-03-09 14:23:42 - [MESSAGE][PASSED] - Call Test Case 'Test Cases/Mobile/Page/Run App/Terminate App' successfully]]></system-out>
         <system-err><![CDATA[]]></system-err>
      </testcase>
      <testcase name="Test Cases/Mobile/Scenario/Portfolio/013 - Melihat detail mutual fund 1 month" time="66.124" classname="Test Cases/Mobile/Scenario/Portfolio/013 - Melihat detail mutual fund 1 month" status="PASSED">
         <system-out><![CDATA[2022-03-09 14:23:42 - [TEST_CASE][PASSED] - Test Cases/Mobile/Scenario/Portfolio/013 - Melihat detail mutual fund 1 month: Test Cases/Mobile/Scenario/Portfolio/013 - Melihat detail mutual fund 1 month

2022-03-09 14:23:42 - [TEST_STEP][PASSED] - callTestCase(findTestCase("Mobile/Page/Run App/Run App byID"), [:], STOP_ON_FAILURE): Call Test Case 'Test Cases/Mobile/Page/Run App/Run App byID' successfully

2022-03-09 14:23:42 - [TEST_CASE][PASSED] - Test Cases/Mobile/Page/Run App/Run App byID: Test Cases/Mobile/Page/Run App/Run App byID

2022-03-09 14:23:42 - [TEST_STEP][PASSED] - startApp.OpenApp.startApplication("id.co.miraeasset.sageclub"): startApp.OpenApp.startApplication is PASSED

2022-03-09 14:23:53 - [MESSAGE][PASSED] - Starting app with application ID: 'id.co.miraeasset.sageclub'

2022-03-09 14:23:53 - [MESSAGE][PASSED] - startApp.OpenApp.startApplication is PASSED

2022-03-09 14:23:53 - [MESSAGE][PASSED] - Call Test Case 'Test Cases/Mobile/Page/Run App/Run App byID' successfully

2022-03-09 14:23:53 - [TEST_STEP][PASSED] - callTestCase(findTestCase("Mobile/Page/Portfolio/Portfolio"), ["tab":"mutualfund", "action2":"1 month"], CONTINUE_ON_FAILURE): Call Test Case 'Test Cases/Mobile/Page/Portfolio/Portfolio' successfully

2022-03-09 14:23:53 - [TEST_CASE][PASSED] - Test Cases/Mobile/Page/Portfolio/Portfolio: Test Cases/Mobile/Page/Portfolio/Portfolio

2022-03-09 14:23:53 - [TEST_STEP][PASSED] - callTestCase(findTestCase("Mobile/Page/CheckLogin"), [:], CONTINUE_ON_FAILURE): Call Test Case 'Test Cases/Mobile/Page/CheckLogin' successfully

2022-03-09 14:23:53 - [TEST_CASE][PASSED] - Test Cases/Mobile/Page/CheckLogin: Test Cases/Mobile/Page/CheckLogin

2022-03-09 14:23:53 - [TEST_STEP][PASSED] - loginCheck = verifyElementExist(LOGN_BtnLogin, 5, CONTINUE_ON_FAILURE): Element 'Object Repository/Mobile/Page/Login/Button - Login' is exist

2022-03-09 14:23:55 - [MESSAGE][PASSED] - Element 'Object Repository/Mobile/Page/Login/Button - Login' is exist

2022-03-09 14:23:55 - [TEST_STEP][PASSED] - if (loginCheck): Call Test Case 'Test Cases/Mobile/Page/Login/Login' successfully

2022-03-09 14:23:55 - [TEST_STEP][PASSED] - callTestCase(findTestCase("Mobile/Page/Login/Login"), ["action":"username"], CONTINUE_ON_FAILURE): Call Test Case 'Test Cases/Mobile/Page/Login/Login' successfully

2022-03-09 14:23:55 - [TEST_CASE][PASSED] - Test Cases/Mobile/Page/Login/Login: Test Cases/Mobile/Page/Login/Login

2022-03-09 14:23:55 - [TEST_STEP][PASSED] - delay(2): Delayed 2 second(s)

2022-03-09 14:23:57 - [MESSAGE][PASSED] - Delayed 2 second(s)

2022-03-09 14:23:57 - [TEST_STEP][PASSED] - for ([i = 0, i < 1, (i++)]): null

2022-03-09 14:23:57 - [TEST_STEP][PASSED] - if (action == "username"): null

2022-03-09 14:23:57 - [TEST_STEP][PASSED] - tap(LOGN_EdtUserID, 0): Tapped on element 'Object Repository/Mobile/Page/Login/Input - UserID'

2022-03-09 14:23:57 - [MESSAGE][WARNING] - Timeout '0' is invalid. Using default page load timeout: '60'

2022-03-09 14:23:58 - [MESSAGE][PASSED] - Tapped on element 'Object Repository/Mobile/Page/Login/Input - UserID'

2022-03-09 14:23:58 - [TEST_STEP][PASSED] - delay(1): Delayed 1 second(s)

2022-03-09 14:23:59 - [MESSAGE][PASSED] - Delayed 1 second(s)

2022-03-09 14:23:59 - [TEST_STEP][PASSED] - setText(LOGN_EdtRdyUserID, "anggaaditya", 0): Text 'anggaaditya' has been set to element 'Object Repository/Mobile/Page/Login/Input Rdy - UserID'

2022-03-09 14:23:59 - [MESSAGE][WARNING] - Timeout '0' is invalid. Using default page load timeout: '60'

2022-03-09 14:23:59 - [MESSAGE][PASSED] - Text 'anggaaditya' has been set to element 'Object Repository/Mobile/Page/Login/Input Rdy - UserID'

2022-03-09 14:23:59 - [TEST_STEP][PASSED] - delay(1): Delayed 1 second(s)

2022-03-09 14:24:00 - [MESSAGE][PASSED] - Delayed 1 second(s)

2022-03-09 14:24:00 - [TEST_STEP][PASSED] - hideKeyboard(): Keyboard is hidden

2022-03-09 14:24:04 - [MESSAGE][PASSED] - Keyboard is hidden

2022-03-09 14:24:04 - [TEST_STEP][PASSED] - tap(LOGN_EdtPassword, 0): Tapped on element 'Object Repository/Mobile/Page/Login/Input - Password'

2022-03-09 14:24:04 - [MESSAGE][WARNING] - Timeout '0' is invalid. Using default page load timeout: '60'

2022-03-09 14:24:04 - [MESSAGE][PASSED] - Tapped on element 'Object Repository/Mobile/Page/Login/Input - Password'

2022-03-09 14:24:04 - [TEST_STEP][PASSED] - delay(1): Delayed 1 second(s)

2022-03-09 14:24:05 - [MESSAGE][PASSED] - Delayed 1 second(s)

2022-03-09 14:24:05 - [TEST_STEP][PASSED] - setText(LOGN_EdtRdyPassword, "Shalawa18", 0): Text 'Shalawa18' has been set to element 'Object Repository/Mobile/Page/Login/Input Rdy - Password'

2022-03-09 14:24:05 - [MESSAGE][WARNING] - Timeout '0' is invalid. Using default page load timeout: '60'

2022-03-09 14:24:06 - [MESSAGE][PASSED] - Text 'Shalawa18' has been set to element 'Object Repository/Mobile/Page/Login/Input Rdy - Password'

2022-03-09 14:24:06 - [TEST_STEP][PASSED] - delay(1): Delayed 1 second(s)

2022-03-09 14:24:07 - [MESSAGE][PASSED] - Delayed 1 second(s)

2022-03-09 14:24:07 - [TEST_STEP][PASSED] - hideKeyboard(): Keyboard is hidden

2022-03-09 14:24:13 - [MESSAGE][PASSED] - Keyboard is hidden

2022-03-09 14:24:13 - [TEST_STEP][PASSED] - tap(LOGN_BtnLogin, 0): Tapped on element 'Object Repository/Mobile/Page/Login/Button - Login'

2022-03-09 14:24:13 - [MESSAGE][WARNING] - Timeout '0' is invalid. Using default page load timeout: '60'

2022-03-09 14:24:14 - [MESSAGE][PASSED] - Tapped on element 'Object Repository/Mobile/Page/Login/Button - Login'

2022-03-09 14:24:14 - [TEST_STEP][PASSED] - delay(2): Delayed 2 second(s)

2022-03-09 14:24:16 - [MESSAGE][PASSED] - Delayed 2 second(s)

2022-03-09 14:24:16 - [TEST_STEP][PASSED] - break: null

2022-03-09 14:24:16 - [MESSAGE][PASSED] - Call Test Case 'Test Cases/Mobile/Page/Login/Login' successfully

2022-03-09 14:24:16 - [MESSAGE][PASSED] - Call Test Case 'Test Cases/Mobile/Page/CheckLogin' successfully

2022-03-09 14:24:16 - [TEST_STEP][PASSED] - tap(HOME_MenubarPortfolio, 0): Tapped on element 'Object Repository/Mobile/Page/Home/Menubar - Portfolio'

2022-03-09 14:24:16 - [MESSAGE][WARNING] - Timeout '0' is invalid. Using default page load timeout: '60'

2022-03-09 14:24:18 - [MESSAGE][PASSED] - Tapped on element 'Object Repository/Mobile/Page/Home/Menubar - Portfolio'

2022-03-09 14:24:18 - [TEST_STEP][PASSED] - delay(5): Delayed 5 second(s)

2022-03-09 14:24:23 - [MESSAGE][PASSED] - Delayed 5 second(s)

2022-03-09 14:24:23 - [TEST_STEP][PASSED] - for ([i = 0, i < 1, (i++)]): scroll.scroll.scrollScreenBottomToTop is PASSED

2022-03-09 14:24:23 - [TEST_STEP][PASSED] - if (tab == "summary"): null

2022-03-09 14:24:23 - [TEST_STEP][PASSED] - else if (tab == "stock"): null

2022-03-09 14:24:23 - [TEST_STEP][PASSED] - else if (tab == "mutualfund"): scroll.scroll.scrollScreenBottomToTop is PASSED

2022-03-09 14:24:23 - [TEST_STEP][PASSED] - tap(PORT_TabMutualFund, 0): Tapped on element 'Object Repository/Mobile/Page/Portfolio/Tab - Mutual Fund'

2022-03-09 14:24:23 - [MESSAGE][WARNING] - Timeout '0' is invalid. Using default page load timeout: '60'

2022-03-09 14:24:24 - [MESSAGE][PASSED] - Tapped on element 'Object Repository/Mobile/Page/Portfolio/Tab - Mutual Fund'

2022-03-09 14:24:24 - [TEST_STEP][PASSED] - delay(1): Delayed 1 second(s)

2022-03-09 14:24:25 - [MESSAGE][PASSED] - Delayed 1 second(s)

2022-03-09 14:24:25 - [TEST_STEP][PASSED] - try: scroll.scroll.scrollScreenBottomToTop is PASSED

2022-03-09 14:24:25 - [TEST_STEP][PASSED] - tapAndHold(PORT_ItemTopMutualFund, 1, 10): Tapped and held on element 'Object Repository/Mobile/Page/Portfolio/Item - Top Mutual Fund' with duration 1

2022-03-09 14:24:28 - [MESSAGE][PASSED] - Tapped and held on element 'Object Repository/Mobile/Page/Portfolio/Item - Top Mutual Fund' with duration 1

2022-03-09 14:24:28 - [TEST_STEP][PASSED] - delay(2): Delayed 2 second(s)

2022-03-09 14:24:30 - [MESSAGE][PASSED] - Delayed 2 second(s)

2022-03-09 14:24:30 - [TEST_STEP][PASSED] - switch (action2): null

2022-03-09 14:24:30 - [TEST_STEP][PASSED] - case "1 month":: null

2022-03-09 14:24:30 - [TEST_STEP][PASSED] - tapAndHold(PORT_DETL_Btn1Month, 1, 0): Tapped and held on element 'Object Repository/Mobile/Page/Portfolio/Detail Mutual Funds/Button - 1 Month' with duration 1

2022-03-09 14:24:30 - [MESSAGE][WARNING] - Timeout '0' is invalid. Using default page load timeout: '60'

2022-03-09 14:24:33 - [MESSAGE][PASSED] - Tapped and held on element 'Object Repository/Mobile/Page/Portfolio/Detail Mutual Funds/Button - 1 Month' with duration 1

2022-03-09 14:24:33 - [TEST_STEP][PASSED] - break: null

2022-03-09 14:24:33 - [TEST_STEP][PASSED] - delay(3): Delayed 3 second(s)

2022-03-09 14:24:36 - [MESSAGE][PASSED] - Delayed 3 second(s)

2022-03-09 14:24:36 - [TEST_STEP][PASSED] - scroll.scroll.scrollScreenBottomToTop(): scroll.scroll.scrollScreenBottomToTop is PASSED

2022-03-09 14:24:36 - [MESSAGE][PASSED] - Current device physical height is 1423

2022-03-09 14:24:37 - [MESSAGE][PASSED] - Current device physical width is 720

2022-03-09 14:24:38 - [MESSAGE][PASSED] - Swiped from 360,1,138 to 360,284

2022-03-09 14:24:38 - [MESSAGE][PASSED] - scroll.scroll.scrollScreenBottomToTop is PASSED

2022-03-09 14:24:38 - [MESSAGE][PASSED] - Call Test Case 'Test Cases/Mobile/Page/Portfolio/Portfolio' successfully

2022-03-09 14:24:38 - [TEST_STEP][PASSED] - callTestCase(findTestCase("Mobile/Page/Run App/Terminate App"), [:], STOP_ON_FAILURE): Call Test Case 'Test Cases/Mobile/Page/Run App/Terminate App' successfully

2022-03-09 14:24:38 - [TEST_CASE][PASSED] - Test Cases/Mobile/Page/Run App/Terminate App: Test Cases/Mobile/Page/Run App/Terminate App

2022-03-09 14:24:38 - [TEST_STEP][PASSED] - startApp.OpenApp.terminateApplication(): startApp.OpenApp.terminateApplication is PASSED

2022-03-09 14:24:41 - [MESSAGE][PASSED] - Delayed 3 second(s)

2022-03-09 14:24:41 - [MESSAGE][PASSED] - Current device physical width is 720

2022-03-09 14:24:41 - [MESSAGE][PASSED] - Current device physical height is 1423

2022-03-09 14:24:42 - [MESSAGE][PASSED] - Swiped from 360,853 to 360,142

2022-03-09 14:24:44 - [MESSAGE][PASSED] - Delayed 1 second(s)

2022-03-09 14:24:45 - [MESSAGE][PASSED] - Swiped from 360,853 to 360,142

2022-03-09 14:24:48 - [MESSAGE][PASSED] - Delayed 3 second(s)

2022-03-09 14:24:48 - [MESSAGE][PASSED] - startApp.OpenApp.terminateApplication is PASSED

2022-03-09 14:24:48 - [MESSAGE][PASSED] - Call Test Case 'Test Cases/Mobile/Page/Run App/Terminate App' successfully]]></system-out>
         <system-err><![CDATA[]]></system-err>
      </testcase>
      <testcase name="Test Cases/Mobile/Scenario/Portfolio/014 - Melihat detail mutual fund 3 month" time="65.292" classname="Test Cases/Mobile/Scenario/Portfolio/014 - Melihat detail mutual fund 3 month" status="PASSED">
         <system-out><![CDATA[2022-03-09 14:24:48 - [TEST_CASE][PASSED] - Test Cases/Mobile/Scenario/Portfolio/014 - Melihat detail mutual fund 3 month: Test Cases/Mobile/Scenario/Portfolio/014 - Melihat detail mutual fund 3 month

2022-03-09 14:24:48 - [TEST_STEP][PASSED] - callTestCase(findTestCase("Mobile/Page/Run App/Run App byID"), [:], STOP_ON_FAILURE): Call Test Case 'Test Cases/Mobile/Page/Run App/Run App byID' successfully

2022-03-09 14:24:48 - [TEST_CASE][PASSED] - Test Cases/Mobile/Page/Run App/Run App byID: Test Cases/Mobile/Page/Run App/Run App byID

2022-03-09 14:24:48 - [TEST_STEP][PASSED] - startApp.OpenApp.startApplication("id.co.miraeasset.sageclub"): startApp.OpenApp.startApplication is PASSED

2022-03-09 14:24:59 - [MESSAGE][PASSED] - Starting app with application ID: 'id.co.miraeasset.sageclub'

2022-03-09 14:24:59 - [MESSAGE][PASSED] - startApp.OpenApp.startApplication is PASSED

2022-03-09 14:24:59 - [MESSAGE][PASSED] - Call Test Case 'Test Cases/Mobile/Page/Run App/Run App byID' successfully

2022-03-09 14:24:59 - [TEST_STEP][PASSED] - callTestCase(findTestCase("Mobile/Page/Portfolio/Portfolio"), ["tab":"mutualfund", "action2":"3 month"], CONTINUE_ON_FAILURE): Call Test Case 'Test Cases/Mobile/Page/Portfolio/Portfolio' successfully

2022-03-09 14:24:59 - [TEST_CASE][PASSED] - Test Cases/Mobile/Page/Portfolio/Portfolio: Test Cases/Mobile/Page/Portfolio/Portfolio

2022-03-09 14:24:59 - [TEST_STEP][PASSED] - callTestCase(findTestCase("Mobile/Page/CheckLogin"), [:], CONTINUE_ON_FAILURE): Call Test Case 'Test Cases/Mobile/Page/CheckLogin' successfully

2022-03-09 14:24:59 - [TEST_CASE][PASSED] - Test Cases/Mobile/Page/CheckLogin: Test Cases/Mobile/Page/CheckLogin

2022-03-09 14:24:59 - [TEST_STEP][PASSED] - loginCheck = verifyElementExist(LOGN_BtnLogin, 5, CONTINUE_ON_FAILURE): Element 'Object Repository/Mobile/Page/Login/Button - Login' is exist

2022-03-09 14:25:01 - [MESSAGE][PASSED] - Element 'Object Repository/Mobile/Page/Login/Button - Login' is exist

2022-03-09 14:25:01 - [TEST_STEP][PASSED] - if (loginCheck): Call Test Case 'Test Cases/Mobile/Page/Login/Login' successfully

2022-03-09 14:25:01 - [TEST_STEP][PASSED] - callTestCase(findTestCase("Mobile/Page/Login/Login"), ["action":"username"], CONTINUE_ON_FAILURE): Call Test Case 'Test Cases/Mobile/Page/Login/Login' successfully

2022-03-09 14:25:01 - [TEST_CASE][PASSED] - Test Cases/Mobile/Page/Login/Login: Test Cases/Mobile/Page/Login/Login

2022-03-09 14:25:01 - [TEST_STEP][PASSED] - delay(2): Delayed 2 second(s)

2022-03-09 14:25:03 - [MESSAGE][PASSED] - Delayed 2 second(s)

2022-03-09 14:25:03 - [TEST_STEP][PASSED] - for ([i = 0, i < 1, (i++)]): null

2022-03-09 14:25:03 - [TEST_STEP][PASSED] - if (action == "username"): null

2022-03-09 14:25:03 - [TEST_STEP][PASSED] - tap(LOGN_EdtUserID, 0): Tapped on element 'Object Repository/Mobile/Page/Login/Input - UserID'

2022-03-09 14:25:03 - [MESSAGE][WARNING] - Timeout '0' is invalid. Using default page load timeout: '60'

2022-03-09 14:25:04 - [MESSAGE][PASSED] - Tapped on element 'Object Repository/Mobile/Page/Login/Input - UserID'

2022-03-09 14:25:04 - [TEST_STEP][PASSED] - delay(1): Delayed 1 second(s)

2022-03-09 14:25:05 - [MESSAGE][PASSED] - Delayed 1 second(s)

2022-03-09 14:25:05 - [TEST_STEP][PASSED] - setText(LOGN_EdtRdyUserID, "anggaaditya", 0): Text 'anggaaditya' has been set to element 'Object Repository/Mobile/Page/Login/Input Rdy - UserID'

2022-03-09 14:25:05 - [MESSAGE][WARNING] - Timeout '0' is invalid. Using default page load timeout: '60'

2022-03-09 14:25:05 - [MESSAGE][PASSED] - Text 'anggaaditya' has been set to element 'Object Repository/Mobile/Page/Login/Input Rdy - UserID'

2022-03-09 14:25:05 - [TEST_STEP][PASSED] - delay(1): Delayed 1 second(s)

2022-03-09 14:25:06 - [MESSAGE][PASSED] - Delayed 1 second(s)

2022-03-09 14:25:06 - [TEST_STEP][PASSED] - hideKeyboard(): Keyboard is hidden

2022-03-09 14:25:10 - [MESSAGE][PASSED] - Keyboard is hidden

2022-03-09 14:25:10 - [TEST_STEP][PASSED] - tap(LOGN_EdtPassword, 0): Tapped on element 'Object Repository/Mobile/Page/Login/Input - Password'

2022-03-09 14:25:10 - [MESSAGE][WARNING] - Timeout '0' is invalid. Using default page load timeout: '60'

2022-03-09 14:25:10 - [MESSAGE][PASSED] - Tapped on element 'Object Repository/Mobile/Page/Login/Input - Password'

2022-03-09 14:25:10 - [TEST_STEP][PASSED] - delay(1): Delayed 1 second(s)

2022-03-09 14:25:11 - [MESSAGE][PASSED] - Delayed 1 second(s)

2022-03-09 14:25:11 - [TEST_STEP][PASSED] - setText(LOGN_EdtRdyPassword, "Shalawa18", 0): Text 'Shalawa18' has been set to element 'Object Repository/Mobile/Page/Login/Input Rdy - Password'

2022-03-09 14:25:11 - [MESSAGE][WARNING] - Timeout '0' is invalid. Using default page load timeout: '60'

2022-03-09 14:25:12 - [MESSAGE][PASSED] - Text 'Shalawa18' has been set to element 'Object Repository/Mobile/Page/Login/Input Rdy - Password'

2022-03-09 14:25:12 - [TEST_STEP][PASSED] - delay(1): Delayed 1 second(s)

2022-03-09 14:25:13 - [MESSAGE][PASSED] - Delayed 1 second(s)

2022-03-09 14:25:13 - [TEST_STEP][PASSED] - hideKeyboard(): Keyboard is hidden

2022-03-09 14:25:19 - [MESSAGE][PASSED] - Keyboard is hidden

2022-03-09 14:25:19 - [TEST_STEP][PASSED] - tap(LOGN_BtnLogin, 0): Tapped on element 'Object Repository/Mobile/Page/Login/Button - Login'

2022-03-09 14:25:19 - [MESSAGE][WARNING] - Timeout '0' is invalid. Using default page load timeout: '60'

2022-03-09 14:25:20 - [MESSAGE][PASSED] - Tapped on element 'Object Repository/Mobile/Page/Login/Button - Login'

2022-03-09 14:25:20 - [TEST_STEP][PASSED] - delay(2): Delayed 2 second(s)

2022-03-09 14:25:22 - [MESSAGE][PASSED] - Delayed 2 second(s)

2022-03-09 14:25:22 - [TEST_STEP][PASSED] - break: null

2022-03-09 14:25:22 - [MESSAGE][PASSED] - Call Test Case 'Test Cases/Mobile/Page/Login/Login' successfully

2022-03-09 14:25:22 - [MESSAGE][PASSED] - Call Test Case 'Test Cases/Mobile/Page/CheckLogin' successfully

2022-03-09 14:25:22 - [TEST_STEP][PASSED] - tap(HOME_MenubarPortfolio, 0): Tapped on element 'Object Repository/Mobile/Page/Home/Menubar - Portfolio'

2022-03-09 14:25:22 - [MESSAGE][WARNING] - Timeout '0' is invalid. Using default page load timeout: '60'

2022-03-09 14:25:23 - [MESSAGE][PASSED] - Tapped on element 'Object Repository/Mobile/Page/Home/Menubar - Portfolio'

2022-03-09 14:25:23 - [TEST_STEP][PASSED] - delay(5): Delayed 5 second(s)

2022-03-09 14:25:28 - [MESSAGE][PASSED] - Delayed 5 second(s)

2022-03-09 14:25:28 - [TEST_STEP][PASSED] - for ([i = 0, i < 1, (i++)]): scroll.scroll.scrollScreenBottomToTop is PASSED

2022-03-09 14:25:28 - [TEST_STEP][PASSED] - if (tab == "summary"): null

2022-03-09 14:25:28 - [TEST_STEP][PASSED] - else if (tab == "stock"): null

2022-03-09 14:25:28 - [TEST_STEP][PASSED] - else if (tab == "mutualfund"): scroll.scroll.scrollScreenBottomToTop is PASSED

2022-03-09 14:25:28 - [TEST_STEP][PASSED] - tap(PORT_TabMutualFund, 0): Tapped on element 'Object Repository/Mobile/Page/Portfolio/Tab - Mutual Fund'

2022-03-09 14:25:28 - [MESSAGE][WARNING] - Timeout '0' is invalid. Using default page load timeout: '60'

2022-03-09 14:25:30 - [MESSAGE][PASSED] - Tapped on element 'Object Repository/Mobile/Page/Portfolio/Tab - Mutual Fund'

2022-03-09 14:25:30 - [TEST_STEP][PASSED] - delay(1): Delayed 1 second(s)

2022-03-09 14:25:31 - [MESSAGE][PASSED] - Delayed 1 second(s)

2022-03-09 14:25:31 - [TEST_STEP][PASSED] - try: scroll.scroll.scrollScreenBottomToTop is PASSED

2022-03-09 14:25:31 - [TEST_STEP][PASSED] - tapAndHold(PORT_ItemTopMutualFund, 1, 10): Tapped and held on element 'Object Repository/Mobile/Page/Portfolio/Item - Top Mutual Fund' with duration 1

2022-03-09 14:25:34 - [MESSAGE][PASSED] - Tapped and held on element 'Object Repository/Mobile/Page/Portfolio/Item - Top Mutual Fund' with duration 1

2022-03-09 14:25:34 - [TEST_STEP][PASSED] - delay(2): Delayed 2 second(s)

2022-03-09 14:25:36 - [MESSAGE][PASSED] - Delayed 2 second(s)

2022-03-09 14:25:36 - [TEST_STEP][PASSED] - switch (action2): null

2022-03-09 14:25:36 - [TEST_STEP][PASSED] - case "3 month":: null

2022-03-09 14:25:36 - [TEST_STEP][PASSED] - tapAndHold(PORT_DETL_Btn3Month, 1, 0): Tapped and held on element 'Object Repository/Mobile/Page/Portfolio/Detail Mutual Funds/Button - 3 Month' with duration 1

2022-03-09 14:25:36 - [MESSAGE][WARNING] - Timeout '0' is invalid. Using default page load timeout: '60'

2022-03-09 14:25:39 - [MESSAGE][PASSED] - Tapped and held on element 'Object Repository/Mobile/Page/Portfolio/Detail Mutual Funds/Button - 3 Month' with duration 1

2022-03-09 14:25:39 - [TEST_STEP][PASSED] - break: null

2022-03-09 14:25:39 - [TEST_STEP][PASSED] - delay(3): Delayed 3 second(s)

2022-03-09 14:25:42 - [MESSAGE][PASSED] - Delayed 3 second(s)

2022-03-09 14:25:42 - [TEST_STEP][PASSED] - scroll.scroll.scrollScreenBottomToTop(): scroll.scroll.scrollScreenBottomToTop is PASSED

2022-03-09 14:25:42 - [MESSAGE][PASSED] - Current device physical height is 1423

2022-03-09 14:25:42 - [MESSAGE][PASSED] - Current device physical width is 720

2022-03-09 14:25:43 - [MESSAGE][PASSED] - Swiped from 360,1,138 to 360,284

2022-03-09 14:25:43 - [MESSAGE][PASSED] - scroll.scroll.scrollScreenBottomToTop is PASSED

2022-03-09 14:25:43 - [MESSAGE][PASSED] - Call Test Case 'Test Cases/Mobile/Page/Portfolio/Portfolio' successfully

2022-03-09 14:25:43 - [TEST_STEP][PASSED] - callTestCase(findTestCase("Mobile/Page/Run App/Terminate App"), [:], STOP_ON_FAILURE): Call Test Case 'Test Cases/Mobile/Page/Run App/Terminate App' successfully

2022-03-09 14:25:43 - [TEST_CASE][PASSED] - Test Cases/Mobile/Page/Run App/Terminate App: Test Cases/Mobile/Page/Run App/Terminate App

2022-03-09 14:25:43 - [TEST_STEP][PASSED] - startApp.OpenApp.terminateApplication(): startApp.OpenApp.terminateApplication is PASSED

2022-03-09 14:25:46 - [MESSAGE][PASSED] - Delayed 3 second(s)

2022-03-09 14:25:46 - [MESSAGE][PASSED] - Current device physical width is 720

2022-03-09 14:25:47 - [MESSAGE][PASSED] - Current device physical height is 1423

2022-03-09 14:25:48 - [MESSAGE][PASSED] - Swiped from 360,853 to 360,142

2022-03-09 14:25:49 - [MESSAGE][PASSED] - Delayed 1 second(s)

2022-03-09 14:25:50 - [MESSAGE][PASSED] - Swiped from 360,853 to 360,142

2022-03-09 14:25:53 - [MESSAGE][PASSED] - Delayed 3 second(s)

2022-03-09 14:25:53 - [MESSAGE][PASSED] - startApp.OpenApp.terminateApplication is PASSED

2022-03-09 14:25:53 - [MESSAGE][PASSED] - Call Test Case 'Test Cases/Mobile/Page/Run App/Terminate App' successfully]]></system-out>
         <system-err><![CDATA[]]></system-err>
      </testcase>
      <testcase name="Test Cases/Mobile/Scenario/Portfolio/015 - Melihat detail mutual fund 6 month" time="64.652" classname="Test Cases/Mobile/Scenario/Portfolio/015 - Melihat detail mutual fund 6 month" status="PASSED">
         <system-out><![CDATA[2022-03-09 14:25:53 - [TEST_CASE][PASSED] - Test Cases/Mobile/Scenario/Portfolio/015 - Melihat detail mutual fund 6 month: Test Cases/Mobile/Scenario/Portfolio/015 - Melihat detail mutual fund 6 month

2022-03-09 14:25:53 - [TEST_STEP][PASSED] - callTestCase(findTestCase("Mobile/Page/Run App/Run App byID"), [:], STOP_ON_FAILURE): Call Test Case 'Test Cases/Mobile/Page/Run App/Run App byID' successfully

2022-03-09 14:25:53 - [TEST_CASE][PASSED] - Test Cases/Mobile/Page/Run App/Run App byID: Test Cases/Mobile/Page/Run App/Run App byID

2022-03-09 14:25:53 - [TEST_STEP][PASSED] - startApp.OpenApp.startApplication("id.co.miraeasset.sageclub"): startApp.OpenApp.startApplication is PASSED

2022-03-09 14:26:05 - [MESSAGE][PASSED] - Starting app with application ID: 'id.co.miraeasset.sageclub'

2022-03-09 14:26:05 - [MESSAGE][PASSED] - startApp.OpenApp.startApplication is PASSED

2022-03-09 14:26:05 - [MESSAGE][PASSED] - Call Test Case 'Test Cases/Mobile/Page/Run App/Run App byID' successfully

2022-03-09 14:26:05 - [TEST_STEP][PASSED] - callTestCase(findTestCase("Mobile/Page/Portfolio/Portfolio"), ["tab":"mutualfund", "action2":"6 month"], CONTINUE_ON_FAILURE): Call Test Case 'Test Cases/Mobile/Page/Portfolio/Portfolio' successfully

2022-03-09 14:26:05 - [TEST_CASE][PASSED] - Test Cases/Mobile/Page/Portfolio/Portfolio: Test Cases/Mobile/Page/Portfolio/Portfolio

2022-03-09 14:26:05 - [TEST_STEP][PASSED] - callTestCase(findTestCase("Mobile/Page/CheckLogin"), [:], CONTINUE_ON_FAILURE): Call Test Case 'Test Cases/Mobile/Page/CheckLogin' successfully

2022-03-09 14:26:05 - [TEST_CASE][PASSED] - Test Cases/Mobile/Page/CheckLogin: Test Cases/Mobile/Page/CheckLogin

2022-03-09 14:26:05 - [TEST_STEP][PASSED] - loginCheck = verifyElementExist(LOGN_BtnLogin, 5, CONTINUE_ON_FAILURE): Element 'Object Repository/Mobile/Page/Login/Button - Login' is exist

2022-03-09 14:26:07 - [MESSAGE][PASSED] - Element 'Object Repository/Mobile/Page/Login/Button - Login' is exist

2022-03-09 14:26:07 - [TEST_STEP][PASSED] - if (loginCheck): Call Test Case 'Test Cases/Mobile/Page/Login/Login' successfully

2022-03-09 14:26:07 - [TEST_STEP][PASSED] - callTestCase(findTestCase("Mobile/Page/Login/Login"), ["action":"username"], CONTINUE_ON_FAILURE): Call Test Case 'Test Cases/Mobile/Page/Login/Login' successfully

2022-03-09 14:26:07 - [TEST_CASE][PASSED] - Test Cases/Mobile/Page/Login/Login: Test Cases/Mobile/Page/Login/Login

2022-03-09 14:26:07 - [TEST_STEP][PASSED] - delay(2): Delayed 2 second(s)

2022-03-09 14:26:09 - [MESSAGE][PASSED] - Delayed 2 second(s)

2022-03-09 14:26:09 - [TEST_STEP][PASSED] - for ([i = 0, i < 1, (i++)]): null

2022-03-09 14:26:09 - [TEST_STEP][PASSED] - if (action == "username"): null

2022-03-09 14:26:09 - [TEST_STEP][PASSED] - tap(LOGN_EdtUserID, 0): Tapped on element 'Object Repository/Mobile/Page/Login/Input - UserID'

2022-03-09 14:26:09 - [MESSAGE][WARNING] - Timeout '0' is invalid. Using default page load timeout: '60'

2022-03-09 14:26:09 - [MESSAGE][PASSED] - Tapped on element 'Object Repository/Mobile/Page/Login/Input - UserID'

2022-03-09 14:26:09 - [TEST_STEP][PASSED] - delay(1): Delayed 1 second(s)

2022-03-09 14:26:10 - [MESSAGE][PASSED] - Delayed 1 second(s)

2022-03-09 14:26:10 - [TEST_STEP][PASSED] - setText(LOGN_EdtRdyUserID, "anggaaditya", 0): Text 'anggaaditya' has been set to element 'Object Repository/Mobile/Page/Login/Input Rdy - UserID'

2022-03-09 14:26:10 - [MESSAGE][WARNING] - Timeout '0' is invalid. Using default page load timeout: '60'

2022-03-09 14:26:11 - [MESSAGE][PASSED] - Text 'anggaaditya' has been set to element 'Object Repository/Mobile/Page/Login/Input Rdy - UserID'

2022-03-09 14:26:11 - [TEST_STEP][PASSED] - delay(1): Delayed 1 second(s)

2022-03-09 14:26:12 - [MESSAGE][PASSED] - Delayed 1 second(s)

2022-03-09 14:26:12 - [TEST_STEP][PASSED] - hideKeyboard(): Keyboard is hidden

2022-03-09 14:26:15 - [MESSAGE][PASSED] - Keyboard is hidden

2022-03-09 14:26:15 - [TEST_STEP][PASSED] - tap(LOGN_EdtPassword, 0): Tapped on element 'Object Repository/Mobile/Page/Login/Input - Password'

2022-03-09 14:26:15 - [MESSAGE][WARNING] - Timeout '0' is invalid. Using default page load timeout: '60'

2022-03-09 14:26:16 - [MESSAGE][PASSED] - Tapped on element 'Object Repository/Mobile/Page/Login/Input - Password'

2022-03-09 14:26:16 - [TEST_STEP][PASSED] - delay(1): Delayed 1 second(s)

2022-03-09 14:26:17 - [MESSAGE][PASSED] - Delayed 1 second(s)

2022-03-09 14:26:17 - [TEST_STEP][PASSED] - setText(LOGN_EdtRdyPassword, "Shalawa18", 0): Text 'Shalawa18' has been set to element 'Object Repository/Mobile/Page/Login/Input Rdy - Password'

2022-03-09 14:26:17 - [MESSAGE][WARNING] - Timeout '0' is invalid. Using default page load timeout: '60'

2022-03-09 14:26:17 - [MESSAGE][PASSED] - Text 'Shalawa18' has been set to element 'Object Repository/Mobile/Page/Login/Input Rdy - Password'

2022-03-09 14:26:17 - [TEST_STEP][PASSED] - delay(1): Delayed 1 second(s)

2022-03-09 14:26:18 - [MESSAGE][PASSED] - Delayed 1 second(s)

2022-03-09 14:26:18 - [TEST_STEP][PASSED] - hideKeyboard(): Keyboard is hidden

2022-03-09 14:26:24 - [MESSAGE][PASSED] - Keyboard is hidden

2022-03-09 14:26:24 - [TEST_STEP][PASSED] - tap(LOGN_BtnLogin, 0): Tapped on element 'Object Repository/Mobile/Page/Login/Button - Login'

2022-03-09 14:26:24 - [MESSAGE][WARNING] - Timeout '0' is invalid. Using default page load timeout: '60'

2022-03-09 14:26:25 - [MESSAGE][PASSED] - Tapped on element 'Object Repository/Mobile/Page/Login/Button - Login'

2022-03-09 14:26:25 - [TEST_STEP][PASSED] - delay(2): Delayed 2 second(s)

2022-03-09 14:26:27 - [MESSAGE][PASSED] - Delayed 2 second(s)

2022-03-09 14:26:27 - [TEST_STEP][PASSED] - break: null

2022-03-09 14:26:27 - [MESSAGE][PASSED] - Call Test Case 'Test Cases/Mobile/Page/Login/Login' successfully

2022-03-09 14:26:27 - [MESSAGE][PASSED] - Call Test Case 'Test Cases/Mobile/Page/CheckLogin' successfully

2022-03-09 14:26:27 - [TEST_STEP][PASSED] - tap(HOME_MenubarPortfolio, 0): Tapped on element 'Object Repository/Mobile/Page/Home/Menubar - Portfolio'

2022-03-09 14:26:27 - [MESSAGE][WARNING] - Timeout '0' is invalid. Using default page load timeout: '60'

2022-03-09 14:26:29 - [MESSAGE][PASSED] - Tapped on element 'Object Repository/Mobile/Page/Home/Menubar - Portfolio'

2022-03-09 14:26:29 - [TEST_STEP][PASSED] - delay(5): Delayed 5 second(s)

2022-03-09 14:26:34 - [MESSAGE][PASSED] - Delayed 5 second(s)

2022-03-09 14:26:34 - [TEST_STEP][PASSED] - for ([i = 0, i < 1, (i++)]): scroll.scroll.scrollScreenBottomToTop is PASSED

2022-03-09 14:26:34 - [TEST_STEP][PASSED] - if (tab == "summary"): null

2022-03-09 14:26:34 - [TEST_STEP][PASSED] - else if (tab == "stock"): null

2022-03-09 14:26:34 - [TEST_STEP][PASSED] - else if (tab == "mutualfund"): scroll.scroll.scrollScreenBottomToTop is PASSED

2022-03-09 14:26:34 - [TEST_STEP][PASSED] - tap(PORT_TabMutualFund, 0): Tapped on element 'Object Repository/Mobile/Page/Portfolio/Tab - Mutual Fund'

2022-03-09 14:26:34 - [MESSAGE][WARNING] - Timeout '0' is invalid. Using default page load timeout: '60'

2022-03-09 14:26:34 - [MESSAGE][PASSED] - Tapped on element 'Object Repository/Mobile/Page/Portfolio/Tab - Mutual Fund'

2022-03-09 14:26:34 - [TEST_STEP][PASSED] - delay(1): Delayed 1 second(s)

2022-03-09 14:26:35 - [MESSAGE][PASSED] - Delayed 1 second(s)

2022-03-09 14:26:35 - [TEST_STEP][PASSED] - try: scroll.scroll.scrollScreenBottomToTop is PASSED

2022-03-09 14:26:35 - [TEST_STEP][PASSED] - tapAndHold(PORT_ItemTopMutualFund, 1, 10): Tapped and held on element 'Object Repository/Mobile/Page/Portfolio/Item - Top Mutual Fund' with duration 1

2022-03-09 14:26:38 - [MESSAGE][PASSED] - Tapped and held on element 'Object Repository/Mobile/Page/Portfolio/Item - Top Mutual Fund' with duration 1

2022-03-09 14:26:38 - [TEST_STEP][PASSED] - delay(2): Delayed 2 second(s)

2022-03-09 14:26:40 - [MESSAGE][PASSED] - Delayed 2 second(s)

2022-03-09 14:26:40 - [TEST_STEP][PASSED] - switch (action2): null

2022-03-09 14:26:40 - [TEST_STEP][PASSED] - case "6 month":: null

2022-03-09 14:26:40 - [TEST_STEP][PASSED] - tapAndHold(PORT_DETL_Btn6Month, 1, 0): Tapped and held on element 'Object Repository/Mobile/Page/Portfolio/Detail Mutual Funds/Button - 6 Month' with duration 1

2022-03-09 14:26:40 - [MESSAGE][WARNING] - Timeout '0' is invalid. Using default page load timeout: '60'

2022-03-09 14:26:43 - [MESSAGE][PASSED] - Tapped and held on element 'Object Repository/Mobile/Page/Portfolio/Detail Mutual Funds/Button - 6 Month' with duration 1

2022-03-09 14:26:43 - [TEST_STEP][PASSED] - break: null

2022-03-09 14:26:43 - [TEST_STEP][PASSED] - delay(3): Delayed 3 second(s)

2022-03-09 14:26:46 - [MESSAGE][PASSED] - Delayed 3 second(s)

2022-03-09 14:26:46 - [TEST_STEP][PASSED] - scroll.scroll.scrollScreenBottomToTop(): scroll.scroll.scrollScreenBottomToTop is PASSED

2022-03-09 14:26:46 - [MESSAGE][PASSED] - Current device physical height is 1423

2022-03-09 14:26:47 - [MESSAGE][PASSED] - Current device physical width is 720

2022-03-09 14:26:48 - [MESSAGE][PASSED] - Swiped from 360,1,138 to 360,284

2022-03-09 14:26:48 - [MESSAGE][PASSED] - scroll.scroll.scrollScreenBottomToTop is PASSED

2022-03-09 14:26:48 - [MESSAGE][PASSED] - Call Test Case 'Test Cases/Mobile/Page/Portfolio/Portfolio' successfully

2022-03-09 14:26:48 - [TEST_STEP][PASSED] - callTestCase(findTestCase("Mobile/Page/Run App/Terminate App"), [:], STOP_ON_FAILURE): Call Test Case 'Test Cases/Mobile/Page/Run App/Terminate App' successfully

2022-03-09 14:26:48 - [TEST_CASE][PASSED] - Test Cases/Mobile/Page/Run App/Terminate App: Test Cases/Mobile/Page/Run App/Terminate App

2022-03-09 14:26:48 - [TEST_STEP][PASSED] - startApp.OpenApp.terminateApplication(): startApp.OpenApp.terminateApplication is PASSED

2022-03-09 14:26:51 - [MESSAGE][PASSED] - Delayed 3 second(s)

2022-03-09 14:26:51 - [MESSAGE][PASSED] - Current device physical width is 720

2022-03-09 14:26:51 - [MESSAGE][PASSED] - Current device physical height is 1423

2022-03-09 14:26:52 - [MESSAGE][PASSED] - Swiped from 360,853 to 360,142

2022-03-09 14:26:54 - [MESSAGE][PASSED] - Delayed 1 second(s)

2022-03-09 14:26:55 - [MESSAGE][PASSED] - Swiped from 360,853 to 360,142

2022-03-09 14:26:58 - [MESSAGE][PASSED] - Delayed 3 second(s)

2022-03-09 14:26:58 - [MESSAGE][PASSED] - startApp.OpenApp.terminateApplication is PASSED

2022-03-09 14:26:58 - [MESSAGE][PASSED] - Call Test Case 'Test Cases/Mobile/Page/Run App/Terminate App' successfully]]></system-out>
         <system-err><![CDATA[]]></system-err>
      </testcase>
      <testcase name="Test Cases/Mobile/Scenario/Portfolio/016 - Melihat detail mutual fund 1 year" time="65.53" classname="Test Cases/Mobile/Scenario/Portfolio/016 - Melihat detail mutual fund 1 year" status="PASSED">
         <system-out><![CDATA[2022-03-09 14:26:58 - [TEST_CASE][PASSED] - Test Cases/Mobile/Scenario/Portfolio/016 - Melihat detail mutual fund 1 year: Test Cases/Mobile/Scenario/Portfolio/016 - Melihat detail mutual fund 1 year

2022-03-09 14:26:58 - [TEST_STEP][PASSED] - callTestCase(findTestCase("Mobile/Page/Run App/Run App byID"), [:], STOP_ON_FAILURE): Call Test Case 'Test Cases/Mobile/Page/Run App/Run App byID' successfully

2022-03-09 14:26:58 - [TEST_CASE][PASSED] - Test Cases/Mobile/Page/Run App/Run App byID: Test Cases/Mobile/Page/Run App/Run App byID

2022-03-09 14:26:58 - [TEST_STEP][PASSED] - startApp.OpenApp.startApplication("id.co.miraeasset.sageclub"): startApp.OpenApp.startApplication is PASSED

2022-03-09 14:27:09 - [MESSAGE][PASSED] - Starting app with application ID: 'id.co.miraeasset.sageclub'

2022-03-09 14:27:09 - [MESSAGE][PASSED] - startApp.OpenApp.startApplication is PASSED

2022-03-09 14:27:09 - [MESSAGE][PASSED] - Call Test Case 'Test Cases/Mobile/Page/Run App/Run App byID' successfully

2022-03-09 14:27:09 - [TEST_STEP][PASSED] - callTestCase(findTestCase("Mobile/Page/Portfolio/Portfolio"), ["tab":"mutualfund", "action2":"1 year"], CONTINUE_ON_FAILURE): Call Test Case 'Test Cases/Mobile/Page/Portfolio/Portfolio' successfully

2022-03-09 14:27:09 - [TEST_CASE][PASSED] - Test Cases/Mobile/Page/Portfolio/Portfolio: Test Cases/Mobile/Page/Portfolio/Portfolio

2022-03-09 14:27:09 - [TEST_STEP][PASSED] - callTestCase(findTestCase("Mobile/Page/CheckLogin"), [:], CONTINUE_ON_FAILURE): Call Test Case 'Test Cases/Mobile/Page/CheckLogin' successfully

2022-03-09 14:27:10 - [TEST_CASE][PASSED] - Test Cases/Mobile/Page/CheckLogin: Test Cases/Mobile/Page/CheckLogin

2022-03-09 14:27:10 - [TEST_STEP][PASSED] - loginCheck = verifyElementExist(LOGN_BtnLogin, 5, CONTINUE_ON_FAILURE): Element 'Object Repository/Mobile/Page/Login/Button - Login' is exist

2022-03-09 14:27:11 - [MESSAGE][PASSED] - Element 'Object Repository/Mobile/Page/Login/Button - Login' is exist

2022-03-09 14:27:11 - [TEST_STEP][PASSED] - if (loginCheck): Call Test Case 'Test Cases/Mobile/Page/Login/Login' successfully

2022-03-09 14:27:11 - [TEST_STEP][PASSED] - callTestCase(findTestCase("Mobile/Page/Login/Login"), ["action":"username"], CONTINUE_ON_FAILURE): Call Test Case 'Test Cases/Mobile/Page/Login/Login' successfully

2022-03-09 14:27:11 - [TEST_CASE][PASSED] - Test Cases/Mobile/Page/Login/Login: Test Cases/Mobile/Page/Login/Login

2022-03-09 14:27:11 - [TEST_STEP][PASSED] - delay(2): Delayed 2 second(s)

2022-03-09 14:27:13 - [MESSAGE][PASSED] - Delayed 2 second(s)

2022-03-09 14:27:13 - [TEST_STEP][PASSED] - for ([i = 0, i < 1, (i++)]): null

2022-03-09 14:27:13 - [TEST_STEP][PASSED] - if (action == "username"): null

2022-03-09 14:27:13 - [TEST_STEP][PASSED] - tap(LOGN_EdtUserID, 0): Tapped on element 'Object Repository/Mobile/Page/Login/Input - UserID'

2022-03-09 14:27:13 - [MESSAGE][WARNING] - Timeout '0' is invalid. Using default page load timeout: '60'

2022-03-09 14:27:14 - [MESSAGE][PASSED] - Tapped on element 'Object Repository/Mobile/Page/Login/Input - UserID'

2022-03-09 14:27:14 - [TEST_STEP][PASSED] - delay(1): Delayed 1 second(s)

2022-03-09 14:27:15 - [MESSAGE][PASSED] - Delayed 1 second(s)

2022-03-09 14:27:15 - [TEST_STEP][PASSED] - setText(LOGN_EdtRdyUserID, "anggaaditya", 0): Text 'anggaaditya' has been set to element 'Object Repository/Mobile/Page/Login/Input Rdy - UserID'

2022-03-09 14:27:15 - [MESSAGE][WARNING] - Timeout '0' is invalid. Using default page load timeout: '60'

2022-03-09 14:27:15 - [MESSAGE][PASSED] - Text 'anggaaditya' has been set to element 'Object Repository/Mobile/Page/Login/Input Rdy - UserID'

2022-03-09 14:27:15 - [TEST_STEP][PASSED] - delay(1): Delayed 1 second(s)

2022-03-09 14:27:16 - [MESSAGE][PASSED] - Delayed 1 second(s)

2022-03-09 14:27:16 - [TEST_STEP][PASSED] - hideKeyboard(): Keyboard is hidden

2022-03-09 14:27:20 - [MESSAGE][PASSED] - Keyboard is hidden

2022-03-09 14:27:20 - [TEST_STEP][PASSED] - tap(LOGN_EdtPassword, 0): Tapped on element 'Object Repository/Mobile/Page/Login/Input - Password'

2022-03-09 14:27:20 - [MESSAGE][WARNING] - Timeout '0' is invalid. Using default page load timeout: '60'

2022-03-09 14:27:20 - [MESSAGE][PASSED] - Tapped on element 'Object Repository/Mobile/Page/Login/Input - Password'

2022-03-09 14:27:20 - [TEST_STEP][PASSED] - delay(1): Delayed 1 second(s)

2022-03-09 14:27:21 - [MESSAGE][PASSED] - Delayed 1 second(s)

2022-03-09 14:27:21 - [TEST_STEP][PASSED] - setText(LOGN_EdtRdyPassword, "Shalawa18", 0): Text 'Shalawa18' has been set to element 'Object Repository/Mobile/Page/Login/Input Rdy - Password'

2022-03-09 14:27:21 - [MESSAGE][WARNING] - Timeout '0' is invalid. Using default page load timeout: '60'

2022-03-09 14:27:21 - [MESSAGE][PASSED] - Text 'Shalawa18' has been set to element 'Object Repository/Mobile/Page/Login/Input Rdy - Password'

2022-03-09 14:27:21 - [TEST_STEP][PASSED] - delay(1): Delayed 1 second(s)

2022-03-09 14:27:22 - [MESSAGE][PASSED] - Delayed 1 second(s)

2022-03-09 14:27:22 - [TEST_STEP][PASSED] - hideKeyboard(): Keyboard is hidden

2022-03-09 14:27:28 - [MESSAGE][PASSED] - Keyboard is hidden

2022-03-09 14:27:28 - [TEST_STEP][PASSED] - tap(LOGN_BtnLogin, 0): Tapped on element 'Object Repository/Mobile/Page/Login/Button - Login'

2022-03-09 14:27:28 - [MESSAGE][WARNING] - Timeout '0' is invalid. Using default page load timeout: '60'

2022-03-09 14:27:29 - [MESSAGE][PASSED] - Tapped on element 'Object Repository/Mobile/Page/Login/Button - Login'

2022-03-09 14:27:29 - [TEST_STEP][PASSED] - delay(2): Delayed 2 second(s)

2022-03-09 14:27:31 - [MESSAGE][PASSED] - Delayed 2 second(s)

2022-03-09 14:27:31 - [TEST_STEP][PASSED] - break: null

2022-03-09 14:27:31 - [MESSAGE][PASSED] - Call Test Case 'Test Cases/Mobile/Page/Login/Login' successfully

2022-03-09 14:27:31 - [MESSAGE][PASSED] - Call Test Case 'Test Cases/Mobile/Page/CheckLogin' successfully

2022-03-09 14:27:31 - [TEST_STEP][PASSED] - tap(HOME_MenubarPortfolio, 0): Tapped on element 'Object Repository/Mobile/Page/Home/Menubar - Portfolio'

2022-03-09 14:27:31 - [MESSAGE][WARNING] - Timeout '0' is invalid. Using default page load timeout: '60'

2022-03-09 14:27:33 - [MESSAGE][PASSED] - Tapped on element 'Object Repository/Mobile/Page/Home/Menubar - Portfolio'

2022-03-09 14:27:33 - [TEST_STEP][PASSED] - delay(5): Delayed 5 second(s)

2022-03-09 14:27:38 - [MESSAGE][PASSED] - Delayed 5 second(s)

2022-03-09 14:27:38 - [TEST_STEP][PASSED] - for ([i = 0, i < 1, (i++)]): scroll.scroll.scrollScreenBottomToTop is PASSED

2022-03-09 14:27:38 - [TEST_STEP][PASSED] - if (tab == "summary"): null

2022-03-09 14:27:38 - [TEST_STEP][PASSED] - else if (tab == "stock"): null

2022-03-09 14:27:38 - [TEST_STEP][PASSED] - else if (tab == "mutualfund"): scroll.scroll.scrollScreenBottomToTop is PASSED

2022-03-09 14:27:38 - [TEST_STEP][PASSED] - tap(PORT_TabMutualFund, 0): Tapped on element 'Object Repository/Mobile/Page/Portfolio/Tab - Mutual Fund'

2022-03-09 14:27:38 - [MESSAGE][WARNING] - Timeout '0' is invalid. Using default page load timeout: '60'

2022-03-09 14:27:40 - [MESSAGE][PASSED] - Tapped on element 'Object Repository/Mobile/Page/Portfolio/Tab - Mutual Fund'

2022-03-09 14:27:40 - [TEST_STEP][PASSED] - delay(1): Delayed 1 second(s)

2022-03-09 14:27:41 - [MESSAGE][PASSED] - Delayed 1 second(s)

2022-03-09 14:27:41 - [TEST_STEP][PASSED] - try: scroll.scroll.scrollScreenBottomToTop is PASSED

2022-03-09 14:27:41 - [TEST_STEP][PASSED] - tapAndHold(PORT_ItemTopMutualFund, 1, 10): Tapped and held on element 'Object Repository/Mobile/Page/Portfolio/Item - Top Mutual Fund' with duration 1

2022-03-09 14:27:44 - [MESSAGE][PASSED] - Tapped and held on element 'Object Repository/Mobile/Page/Portfolio/Item - Top Mutual Fund' with duration 1

2022-03-09 14:27:44 - [TEST_STEP][PASSED] - delay(2): Delayed 2 second(s)

2022-03-09 14:27:46 - [MESSAGE][PASSED] - Delayed 2 second(s)

2022-03-09 14:27:46 - [TEST_STEP][PASSED] - switch (action2): null

2022-03-09 14:27:46 - [TEST_STEP][PASSED] - case "1 year":: null

2022-03-09 14:27:46 - [TEST_STEP][PASSED] - tapAndHold(PORT_DETL_Btn1Year, 1, 0): Tapped and held on element 'Object Repository/Mobile/Page/Portfolio/Detail Mutual Funds/Button - 1 Year' with duration 1

2022-03-09 14:27:46 - [MESSAGE][WARNING] - Timeout '0' is invalid. Using default page load timeout: '60'

2022-03-09 14:27:49 - [MESSAGE][PASSED] - Tapped and held on element 'Object Repository/Mobile/Page/Portfolio/Detail Mutual Funds/Button - 1 Year' with duration 1

2022-03-09 14:27:49 - [TEST_STEP][PASSED] - break: null

2022-03-09 14:27:49 - [TEST_STEP][PASSED] - delay(3): Delayed 3 second(s)

2022-03-09 14:27:52 - [MESSAGE][PASSED] - Delayed 3 second(s)

2022-03-09 14:27:52 - [TEST_STEP][PASSED] - scroll.scroll.scrollScreenBottomToTop(): scroll.scroll.scrollScreenBottomToTop is PASSED

2022-03-09 14:27:52 - [MESSAGE][PASSED] - Current device physical height is 1423

2022-03-09 14:27:52 - [MESSAGE][PASSED] - Current device physical width is 720

2022-03-09 14:27:53 - [MESSAGE][PASSED] - Swiped from 360,1,138 to 360,284

2022-03-09 14:27:53 - [MESSAGE][PASSED] - scroll.scroll.scrollScreenBottomToTop is PASSED

2022-03-09 14:27:53 - [MESSAGE][PASSED] - Call Test Case 'Test Cases/Mobile/Page/Portfolio/Portfolio' successfully

2022-03-09 14:27:53 - [TEST_STEP][PASSED] - callTestCase(findTestCase("Mobile/Page/Run App/Terminate App"), [:], STOP_ON_FAILURE): Call Test Case 'Test Cases/Mobile/Page/Run App/Terminate App' successfully

2022-03-09 14:27:53 - [TEST_CASE][PASSED] - Test Cases/Mobile/Page/Run App/Terminate App: Test Cases/Mobile/Page/Run App/Terminate App

2022-03-09 14:27:53 - [TEST_STEP][PASSED] - startApp.OpenApp.terminateApplication(): startApp.OpenApp.terminateApplication is PASSED

2022-03-09 14:27:56 - [MESSAGE][PASSED] - Delayed 3 second(s)

2022-03-09 14:27:57 - [MESSAGE][PASSED] - Current device physical width is 720

2022-03-09 14:27:57 - [MESSAGE][PASSED] - Current device physical height is 1423

2022-03-09 14:27:58 - [MESSAGE][PASSED] - Swiped from 360,853 to 360,142

2022-03-09 14:27:59 - [MESSAGE][PASSED] - Delayed 1 second(s)

2022-03-09 14:28:00 - [MESSAGE][PASSED] - Swiped from 360,853 to 360,142

2022-03-09 14:28:03 - [MESSAGE][PASSED] - Delayed 3 second(s)

2022-03-09 14:28:03 - [MESSAGE][PASSED] - startApp.OpenApp.terminateApplication is PASSED

2022-03-09 14:28:03 - [MESSAGE][PASSED] - Call Test Case 'Test Cases/Mobile/Page/Run App/Terminate App' successfully]]></system-out>
         <system-err><![CDATA[]]></system-err>
      </testcase>
      <testcase name="Test Cases/Mobile/Scenario/Portfolio/017 - Melihat detail mutual fund 3 year" time="67.827" classname="Test Cases/Mobile/Scenario/Portfolio/017 - Melihat detail mutual fund 3 year" status="PASSED">
         <system-out><![CDATA[2022-03-09 14:28:03 - [TEST_CASE][PASSED] - Test Cases/Mobile/Scenario/Portfolio/017 - Melihat detail mutual fund 3 year: Test Cases/Mobile/Scenario/Portfolio/017 - Melihat detail mutual fund 3 year

2022-03-09 14:28:04 - [TEST_STEP][PASSED] - callTestCase(findTestCase("Mobile/Page/Run App/Run App byID"), [:], STOP_ON_FAILURE): Call Test Case 'Test Cases/Mobile/Page/Run App/Run App byID' successfully

2022-03-09 14:28:04 - [TEST_CASE][PASSED] - Test Cases/Mobile/Page/Run App/Run App byID: Test Cases/Mobile/Page/Run App/Run App byID

2022-03-09 14:28:04 - [TEST_STEP][PASSED] - startApp.OpenApp.startApplication("id.co.miraeasset.sageclub"): startApp.OpenApp.startApplication is PASSED

2022-03-09 14:28:15 - [MESSAGE][PASSED] - Starting app with application ID: 'id.co.miraeasset.sageclub'

2022-03-09 14:28:15 - [MESSAGE][PASSED] - startApp.OpenApp.startApplication is PASSED

2022-03-09 14:28:15 - [MESSAGE][PASSED] - Call Test Case 'Test Cases/Mobile/Page/Run App/Run App byID' successfully

2022-03-09 14:28:15 - [TEST_STEP][PASSED] - callTestCase(findTestCase("Mobile/Page/Portfolio/Portfolio"), ["tab":"mutualfund", "action2":"3 year"], CONTINUE_ON_FAILURE): Call Test Case 'Test Cases/Mobile/Page/Portfolio/Portfolio' successfully

2022-03-09 14:28:15 - [TEST_CASE][PASSED] - Test Cases/Mobile/Page/Portfolio/Portfolio: Test Cases/Mobile/Page/Portfolio/Portfolio

2022-03-09 14:28:15 - [TEST_STEP][PASSED] - callTestCase(findTestCase("Mobile/Page/CheckLogin"), [:], CONTINUE_ON_FAILURE): Call Test Case 'Test Cases/Mobile/Page/CheckLogin' successfully

2022-03-09 14:28:15 - [TEST_CASE][PASSED] - Test Cases/Mobile/Page/CheckLogin: Test Cases/Mobile/Page/CheckLogin

2022-03-09 14:28:15 - [TEST_STEP][PASSED] - loginCheck = verifyElementExist(LOGN_BtnLogin, 5, CONTINUE_ON_FAILURE): Element 'Object Repository/Mobile/Page/Login/Button - Login' is exist

2022-03-09 14:28:17 - [MESSAGE][PASSED] - Element 'Object Repository/Mobile/Page/Login/Button - Login' is exist

2022-03-09 14:28:17 - [TEST_STEP][PASSED] - if (loginCheck): Call Test Case 'Test Cases/Mobile/Page/Login/Login' successfully

2022-03-09 14:28:17 - [TEST_STEP][PASSED] - callTestCase(findTestCase("Mobile/Page/Login/Login"), ["action":"username"], CONTINUE_ON_FAILURE): Call Test Case 'Test Cases/Mobile/Page/Login/Login' successfully

2022-03-09 14:28:17 - [TEST_CASE][PASSED] - Test Cases/Mobile/Page/Login/Login: Test Cases/Mobile/Page/Login/Login

2022-03-09 14:28:17 - [TEST_STEP][PASSED] - delay(2): Delayed 2 second(s)

2022-03-09 14:28:19 - [MESSAGE][PASSED] - Delayed 2 second(s)

2022-03-09 14:28:19 - [TEST_STEP][PASSED] - for ([i = 0, i < 1, (i++)]): null

2022-03-09 14:28:19 - [TEST_STEP][PASSED] - if (action == "username"): null

2022-03-09 14:28:19 - [TEST_STEP][PASSED] - tap(LOGN_EdtUserID, 0): Tapped on element 'Object Repository/Mobile/Page/Login/Input - UserID'

2022-03-09 14:28:19 - [MESSAGE][WARNING] - Timeout '0' is invalid. Using default page load timeout: '60'

2022-03-09 14:28:21 - [MESSAGE][PASSED] - Tapped on element 'Object Repository/Mobile/Page/Login/Input - UserID'

2022-03-09 14:28:21 - [TEST_STEP][PASSED] - delay(1): Delayed 1 second(s)

2022-03-09 14:28:22 - [MESSAGE][PASSED] - Delayed 1 second(s)

2022-03-09 14:28:22 - [TEST_STEP][PASSED] - setText(LOGN_EdtRdyUserID, "anggaaditya", 0): Text 'anggaaditya' has been set to element 'Object Repository/Mobile/Page/Login/Input Rdy - UserID'

2022-03-09 14:28:22 - [MESSAGE][WARNING] - Timeout '0' is invalid. Using default page load timeout: '60'

2022-03-09 14:28:22 - [MESSAGE][PASSED] - Text 'anggaaditya' has been set to element 'Object Repository/Mobile/Page/Login/Input Rdy - UserID'

2022-03-09 14:28:22 - [TEST_STEP][PASSED] - delay(1): Delayed 1 second(s)

2022-03-09 14:28:23 - [MESSAGE][PASSED] - Delayed 1 second(s)

2022-03-09 14:28:23 - [TEST_STEP][PASSED] - hideKeyboard(): Keyboard is hidden

2022-03-09 14:28:26 - [MESSAGE][PASSED] - Keyboard is hidden

2022-03-09 14:28:26 - [TEST_STEP][PASSED] - tap(LOGN_EdtPassword, 0): Tapped on element 'Object Repository/Mobile/Page/Login/Input - Password'

2022-03-09 14:28:26 - [MESSAGE][WARNING] - Timeout '0' is invalid. Using default page load timeout: '60'

2022-03-09 14:28:27 - [MESSAGE][PASSED] - Tapped on element 'Object Repository/Mobile/Page/Login/Input - Password'

2022-03-09 14:28:27 - [TEST_STEP][PASSED] - delay(1): Delayed 1 second(s)

2022-03-09 14:28:28 - [MESSAGE][PASSED] - Delayed 1 second(s)

2022-03-09 14:28:28 - [TEST_STEP][PASSED] - setText(LOGN_EdtRdyPassword, "Shalawa18", 0): Text 'Shalawa18' has been set to element 'Object Repository/Mobile/Page/Login/Input Rdy - Password'

2022-03-09 14:28:28 - [MESSAGE][WARNING] - Timeout '0' is invalid. Using default page load timeout: '60'

2022-03-09 14:28:28 - [MESSAGE][PASSED] - Text 'Shalawa18' has been set to element 'Object Repository/Mobile/Page/Login/Input Rdy - Password'

2022-03-09 14:28:28 - [TEST_STEP][PASSED] - delay(1): Delayed 1 second(s)

2022-03-09 14:28:29 - [MESSAGE][PASSED] - Delayed 1 second(s)

2022-03-09 14:28:29 - [TEST_STEP][PASSED] - hideKeyboard(): Keyboard is hidden

2022-03-09 14:28:35 - [MESSAGE][PASSED] - Keyboard is hidden

2022-03-09 14:28:35 - [TEST_STEP][PASSED] - tap(LOGN_BtnLogin, 0): Tapped on element 'Object Repository/Mobile/Page/Login/Button - Login'

2022-03-09 14:28:35 - [MESSAGE][WARNING] - Timeout '0' is invalid. Using default page load timeout: '60'

2022-03-09 14:28:36 - [MESSAGE][PASSED] - Tapped on element 'Object Repository/Mobile/Page/Login/Button - Login'

2022-03-09 14:28:36 - [TEST_STEP][PASSED] - delay(2): Delayed 2 second(s)

2022-03-09 14:28:38 - [MESSAGE][PASSED] - Delayed 2 second(s)

2022-03-09 14:28:38 - [TEST_STEP][PASSED] - break: null

2022-03-09 14:28:38 - [MESSAGE][PASSED] - Call Test Case 'Test Cases/Mobile/Page/Login/Login' successfully

2022-03-09 14:28:38 - [MESSAGE][PASSED] - Call Test Case 'Test Cases/Mobile/Page/CheckLogin' successfully

2022-03-09 14:28:38 - [TEST_STEP][PASSED] - tap(HOME_MenubarPortfolio, 0): Tapped on element 'Object Repository/Mobile/Page/Home/Menubar - Portfolio'

2022-03-09 14:28:38 - [MESSAGE][WARNING] - Timeout '0' is invalid. Using default page load timeout: '60'

2022-03-09 14:28:41 - [MESSAGE][PASSED] - Tapped on element 'Object Repository/Mobile/Page/Home/Menubar - Portfolio'

2022-03-09 14:28:41 - [TEST_STEP][PASSED] - delay(5): Delayed 5 second(s)

2022-03-09 14:28:46 - [MESSAGE][PASSED] - Delayed 5 second(s)

2022-03-09 14:28:46 - [TEST_STEP][PASSED] - for ([i = 0, i < 1, (i++)]): scroll.scroll.scrollScreenBottomToTop is PASSED

2022-03-09 14:28:46 - [TEST_STEP][PASSED] - if (tab == "summary"): null

2022-03-09 14:28:46 - [TEST_STEP][PASSED] - else if (tab == "stock"): null

2022-03-09 14:28:46 - [TEST_STEP][PASSED] - else if (tab == "mutualfund"): scroll.scroll.scrollScreenBottomToTop is PASSED

2022-03-09 14:28:46 - [TEST_STEP][PASSED] - tap(PORT_TabMutualFund, 0): Tapped on element 'Object Repository/Mobile/Page/Portfolio/Tab - Mutual Fund'

2022-03-09 14:28:46 - [MESSAGE][WARNING] - Timeout '0' is invalid. Using default page load timeout: '60'

2022-03-09 14:28:48 - [MESSAGE][PASSED] - Tapped on element 'Object Repository/Mobile/Page/Portfolio/Tab - Mutual Fund'

2022-03-09 14:28:48 - [TEST_STEP][PASSED] - delay(1): Delayed 1 second(s)

2022-03-09 14:28:49 - [MESSAGE][PASSED] - Delayed 1 second(s)

2022-03-09 14:28:49 - [TEST_STEP][PASSED] - try: scroll.scroll.scrollScreenBottomToTop is PASSED

2022-03-09 14:28:49 - [TEST_STEP][PASSED] - tapAndHold(PORT_ItemTopMutualFund, 1, 10): Tapped and held on element 'Object Repository/Mobile/Page/Portfolio/Item - Top Mutual Fund' with duration 1

2022-03-09 14:28:52 - [MESSAGE][PASSED] - Tapped and held on element 'Object Repository/Mobile/Page/Portfolio/Item - Top Mutual Fund' with duration 1

2022-03-09 14:28:52 - [TEST_STEP][PASSED] - delay(2): Delayed 2 second(s)

2022-03-09 14:28:54 - [MESSAGE][PASSED] - Delayed 2 second(s)

2022-03-09 14:28:54 - [TEST_STEP][PASSED] - switch (action2): null

2022-03-09 14:28:54 - [TEST_STEP][PASSED] - case "3 year":: null

2022-03-09 14:28:54 - [TEST_STEP][PASSED] - tapAndHold(PORT_DETL_Btn3Year, 1, 0): Tapped and held on element 'Object Repository/Mobile/Page/Portfolio/Detail Mutual Funds/Button - 3 Year' with duration 1

2022-03-09 14:28:54 - [MESSAGE][WARNING] - Timeout '0' is invalid. Using default page load timeout: '60'

2022-03-09 14:28:56 - [MESSAGE][PASSED] - Tapped and held on element 'Object Repository/Mobile/Page/Portfolio/Detail Mutual Funds/Button - 3 Year' with duration 1

2022-03-09 14:28:56 - [TEST_STEP][PASSED] - break: null

2022-03-09 14:28:56 - [TEST_STEP][PASSED] - delay(3): Delayed 3 second(s)

2022-03-09 14:28:59 - [MESSAGE][PASSED] - Delayed 3 second(s)

2022-03-09 14:28:59 - [TEST_STEP][PASSED] - scroll.scroll.scrollScreenBottomToTop(): scroll.scroll.scrollScreenBottomToTop is PASSED

2022-03-09 14:29:00 - [MESSAGE][PASSED] - Current device physical height is 1423

2022-03-09 14:29:00 - [MESSAGE][PASSED] - Current device physical width is 720

2022-03-09 14:29:01 - [MESSAGE][PASSED] - Swiped from 360,1,138 to 360,284

2022-03-09 14:29:01 - [MESSAGE][PASSED] - scroll.scroll.scrollScreenBottomToTop is PASSED

2022-03-09 14:29:01 - [MESSAGE][PASSED] - Call Test Case 'Test Cases/Mobile/Page/Portfolio/Portfolio' successfully

2022-03-09 14:29:01 - [TEST_STEP][PASSED] - callTestCase(findTestCase("Mobile/Page/Run App/Terminate App"), [:], STOP_ON_FAILURE): Call Test Case 'Test Cases/Mobile/Page/Run App/Terminate App' successfully

2022-03-09 14:29:01 - [TEST_CASE][PASSED] - Test Cases/Mobile/Page/Run App/Terminate App: Test Cases/Mobile/Page/Run App/Terminate App

2022-03-09 14:29:01 - [TEST_STEP][PASSED] - startApp.OpenApp.terminateApplication(): startApp.OpenApp.terminateApplication is PASSED

2022-03-09 14:29:04 - [MESSAGE][PASSED] - Delayed 3 second(s)

2022-03-09 14:29:04 - [MESSAGE][PASSED] - Current device physical width is 720

2022-03-09 14:29:05 - [MESSAGE][PASSED] - Current device physical height is 1423

2022-03-09 14:29:06 - [MESSAGE][PASSED] - Swiped from 360,853 to 360,142

2022-03-09 14:29:07 - [MESSAGE][PASSED] - Delayed 1 second(s)

2022-03-09 14:29:08 - [MESSAGE][PASSED] - Swiped from 360,853 to 360,142

2022-03-09 14:29:11 - [MESSAGE][PASSED] - Delayed 3 second(s)

2022-03-09 14:29:11 - [MESSAGE][PASSED] - startApp.OpenApp.terminateApplication is PASSED

2022-03-09 14:29:11 - [MESSAGE][PASSED] - Call Test Case 'Test Cases/Mobile/Page/Run App/Terminate App' successfully]]></system-out>
         <system-err><![CDATA[]]></system-err>
      </testcase>
      <testcase name="Test Cases/Mobile/Scenario/Portfolio/018 - Melihat detail mutual fund 5 year" time="66.49" classname="Test Cases/Mobile/Scenario/Portfolio/018 - Melihat detail mutual fund 5 year" status="PASSED">
         <system-out><![CDATA[2022-03-09 14:29:11 - [TEST_CASE][PASSED] - Test Cases/Mobile/Scenario/Portfolio/018 - Melihat detail mutual fund 5 year: Test Cases/Mobile/Scenario/Portfolio/018 - Melihat detail mutual fund 5 year

2022-03-09 14:29:11 - [TEST_STEP][PASSED] - callTestCase(findTestCase("Mobile/Page/Run App/Run App byID"), [:], STOP_ON_FAILURE): Call Test Case 'Test Cases/Mobile/Page/Run App/Run App byID' successfully

2022-03-09 14:29:11 - [TEST_CASE][PASSED] - Test Cases/Mobile/Page/Run App/Run App byID: Test Cases/Mobile/Page/Run App/Run App byID

2022-03-09 14:29:11 - [TEST_STEP][PASSED] - startApp.OpenApp.startApplication("id.co.miraeasset.sageclub"): startApp.OpenApp.startApplication is PASSED

2022-03-09 14:29:23 - [MESSAGE][PASSED] - Starting app with application ID: 'id.co.miraeasset.sageclub'

2022-03-09 14:29:23 - [MESSAGE][PASSED] - startApp.OpenApp.startApplication is PASSED

2022-03-09 14:29:23 - [MESSAGE][PASSED] - Call Test Case 'Test Cases/Mobile/Page/Run App/Run App byID' successfully

2022-03-09 14:29:23 - [TEST_STEP][PASSED] - callTestCase(findTestCase("Mobile/Page/Portfolio/Portfolio"), ["tab":"mutualfund", "action2":"5 year"], CONTINUE_ON_FAILURE): Call Test Case 'Test Cases/Mobile/Page/Portfolio/Portfolio' successfully

2022-03-09 14:29:23 - [TEST_CASE][PASSED] - Test Cases/Mobile/Page/Portfolio/Portfolio: Test Cases/Mobile/Page/Portfolio/Portfolio

2022-03-09 14:29:23 - [TEST_STEP][PASSED] - callTestCase(findTestCase("Mobile/Page/CheckLogin"), [:], CONTINUE_ON_FAILURE): Call Test Case 'Test Cases/Mobile/Page/CheckLogin' successfully

2022-03-09 14:29:23 - [TEST_CASE][PASSED] - Test Cases/Mobile/Page/CheckLogin: Test Cases/Mobile/Page/CheckLogin

2022-03-09 14:29:23 - [TEST_STEP][PASSED] - loginCheck = verifyElementExist(LOGN_BtnLogin, 5, CONTINUE_ON_FAILURE): Element 'Object Repository/Mobile/Page/Login/Button - Login' is exist

2022-03-09 14:29:25 - [MESSAGE][PASSED] - Element 'Object Repository/Mobile/Page/Login/Button - Login' is exist

2022-03-09 14:29:25 - [TEST_STEP][PASSED] - if (loginCheck): Call Test Case 'Test Cases/Mobile/Page/Login/Login' successfully

2022-03-09 14:29:25 - [TEST_STEP][PASSED] - callTestCase(findTestCase("Mobile/Page/Login/Login"), ["action":"username"], CONTINUE_ON_FAILURE): Call Test Case 'Test Cases/Mobile/Page/Login/Login' successfully

2022-03-09 14:29:25 - [TEST_CASE][PASSED] - Test Cases/Mobile/Page/Login/Login: Test Cases/Mobile/Page/Login/Login

2022-03-09 14:29:25 - [TEST_STEP][PASSED] - delay(2): Delayed 2 second(s)

2022-03-09 14:29:27 - [MESSAGE][PASSED] - Delayed 2 second(s)

2022-03-09 14:29:27 - [TEST_STEP][PASSED] - for ([i = 0, i < 1, (i++)]): null

2022-03-09 14:29:27 - [TEST_STEP][PASSED] - if (action == "username"): null

2022-03-09 14:29:27 - [TEST_STEP][PASSED] - tap(LOGN_EdtUserID, 0): Tapped on element 'Object Repository/Mobile/Page/Login/Input - UserID'

2022-03-09 14:29:27 - [MESSAGE][WARNING] - Timeout '0' is invalid. Using default page load timeout: '60'

2022-03-09 14:29:28 - [MESSAGE][PASSED] - Tapped on element 'Object Repository/Mobile/Page/Login/Input - UserID'

2022-03-09 14:29:28 - [TEST_STEP][PASSED] - delay(1): Delayed 1 second(s)

2022-03-09 14:29:29 - [MESSAGE][PASSED] - Delayed 1 second(s)

2022-03-09 14:29:29 - [TEST_STEP][PASSED] - setText(LOGN_EdtRdyUserID, "anggaaditya", 0): Text 'anggaaditya' has been set to element 'Object Repository/Mobile/Page/Login/Input Rdy - UserID'

2022-03-09 14:29:29 - [MESSAGE][WARNING] - Timeout '0' is invalid. Using default page load timeout: '60'

2022-03-09 14:29:30 - [MESSAGE][PASSED] - Text 'anggaaditya' has been set to element 'Object Repository/Mobile/Page/Login/Input Rdy - UserID'

2022-03-09 14:29:30 - [TEST_STEP][PASSED] - delay(1): Delayed 1 second(s)

2022-03-09 14:29:31 - [MESSAGE][PASSED] - Delayed 1 second(s)

2022-03-09 14:29:31 - [TEST_STEP][PASSED] - hideKeyboard(): Keyboard is hidden

2022-03-09 14:29:34 - [MESSAGE][PASSED] - Keyboard is hidden

2022-03-09 14:29:34 - [TEST_STEP][PASSED] - tap(LOGN_EdtPassword, 0): Tapped on element 'Object Repository/Mobile/Page/Login/Input - Password'

2022-03-09 14:29:34 - [MESSAGE][WARNING] - Timeout '0' is invalid. Using default page load timeout: '60'

2022-03-09 14:29:34 - [MESSAGE][PASSED] - Tapped on element 'Object Repository/Mobile/Page/Login/Input - Password'

2022-03-09 14:29:34 - [TEST_STEP][PASSED] - delay(1): Delayed 1 second(s)

2022-03-09 14:29:35 - [MESSAGE][PASSED] - Delayed 1 second(s)

2022-03-09 14:29:35 - [TEST_STEP][PASSED] - setText(LOGN_EdtRdyPassword, "Shalawa18", 0): Text 'Shalawa18' has been set to element 'Object Repository/Mobile/Page/Login/Input Rdy - Password'

2022-03-09 14:29:35 - [MESSAGE][WARNING] - Timeout '0' is invalid. Using default page load timeout: '60'

2022-03-09 14:29:36 - [MESSAGE][PASSED] - Text 'Shalawa18' has been set to element 'Object Repository/Mobile/Page/Login/Input Rdy - Password'

2022-03-09 14:29:36 - [TEST_STEP][PASSED] - delay(1): Delayed 1 second(s)

2022-03-09 14:29:37 - [MESSAGE][PASSED] - Delayed 1 second(s)

2022-03-09 14:29:37 - [TEST_STEP][PASSED] - hideKeyboard(): Keyboard is hidden

2022-03-09 14:29:43 - [MESSAGE][PASSED] - Keyboard is hidden

2022-03-09 14:29:43 - [TEST_STEP][PASSED] - tap(LOGN_BtnLogin, 0): Tapped on element 'Object Repository/Mobile/Page/Login/Button - Login'

2022-03-09 14:29:43 - [MESSAGE][WARNING] - Timeout '0' is invalid. Using default page load timeout: '60'

2022-03-09 14:29:44 - [MESSAGE][PASSED] - Tapped on element 'Object Repository/Mobile/Page/Login/Button - Login'

2022-03-09 14:29:44 - [TEST_STEP][PASSED] - delay(2): Delayed 2 second(s)

2022-03-09 14:29:46 - [MESSAGE][PASSED] - Delayed 2 second(s)

2022-03-09 14:29:46 - [TEST_STEP][PASSED] - break: null

2022-03-09 14:29:46 - [MESSAGE][PASSED] - Call Test Case 'Test Cases/Mobile/Page/Login/Login' successfully

2022-03-09 14:29:46 - [MESSAGE][PASSED] - Call Test Case 'Test Cases/Mobile/Page/CheckLogin' successfully

2022-03-09 14:29:46 - [TEST_STEP][PASSED] - tap(HOME_MenubarPortfolio, 0): Tapped on element 'Object Repository/Mobile/Page/Home/Menubar - Portfolio'

2022-03-09 14:29:46 - [MESSAGE][WARNING] - Timeout '0' is invalid. Using default page load timeout: '60'

2022-03-09 14:29:48 - [MESSAGE][PASSED] - Tapped on element 'Object Repository/Mobile/Page/Home/Menubar - Portfolio'

2022-03-09 14:29:48 - [TEST_STEP][PASSED] - delay(5): Delayed 5 second(s)

2022-03-09 14:29:53 - [MESSAGE][PASSED] - Delayed 5 second(s)

2022-03-09 14:29:53 - [TEST_STEP][PASSED] - for ([i = 0, i < 1, (i++)]): scroll.scroll.scrollScreenBottomToTop is PASSED

2022-03-09 14:29:53 - [TEST_STEP][PASSED] - if (tab == "summary"): null

2022-03-09 14:29:53 - [TEST_STEP][PASSED] - else if (tab == "stock"): null

2022-03-09 14:29:53 - [TEST_STEP][PASSED] - else if (tab == "mutualfund"): scroll.scroll.scrollScreenBottomToTop is PASSED

2022-03-09 14:29:53 - [TEST_STEP][PASSED] - tap(PORT_TabMutualFund, 0): Tapped on element 'Object Repository/Mobile/Page/Portfolio/Tab - Mutual Fund'

2022-03-09 14:29:53 - [MESSAGE][WARNING] - Timeout '0' is invalid. Using default page load timeout: '60'

2022-03-09 14:29:54 - [MESSAGE][PASSED] - Tapped on element 'Object Repository/Mobile/Page/Portfolio/Tab - Mutual Fund'

2022-03-09 14:29:54 - [TEST_STEP][PASSED] - delay(1): Delayed 1 second(s)

2022-03-09 14:29:55 - [MESSAGE][PASSED] - Delayed 1 second(s)

2022-03-09 14:29:55 - [TEST_STEP][PASSED] - try: scroll.scroll.scrollScreenBottomToTop is PASSED

2022-03-09 14:29:55 - [TEST_STEP][PASSED] - tapAndHold(PORT_ItemTopMutualFund, 1, 10): Tapped and held on element 'Object Repository/Mobile/Page/Portfolio/Item - Top Mutual Fund' with duration 1

2022-03-09 14:29:58 - [MESSAGE][PASSED] - Tapped and held on element 'Object Repository/Mobile/Page/Portfolio/Item - Top Mutual Fund' with duration 1

2022-03-09 14:29:58 - [TEST_STEP][PASSED] - delay(2): Delayed 2 second(s)

2022-03-09 14:30:00 - [MESSAGE][PASSED] - Delayed 2 second(s)

2022-03-09 14:30:00 - [TEST_STEP][PASSED] - switch (action2): null

2022-03-09 14:30:00 - [TEST_STEP][PASSED] - case "5 year":: null

2022-03-09 14:30:00 - [TEST_STEP][PASSED] - tapAndHold(PORT_DETL_Btn5Year, 1, 0): Tapped and held on element 'Object Repository/Mobile/Page/Portfolio/Detail Mutual Funds/Button - 5 Year' with duration 1

2022-03-09 14:30:00 - [MESSAGE][WARNING] - Timeout '0' is invalid. Using default page load timeout: '60'

2022-03-09 14:30:03 - [MESSAGE][PASSED] - Tapped and held on element 'Object Repository/Mobile/Page/Portfolio/Detail Mutual Funds/Button - 5 Year' with duration 1

2022-03-09 14:30:03 - [TEST_STEP][PASSED] - break: null

2022-03-09 14:30:03 - [TEST_STEP][PASSED] - delay(3): Delayed 3 second(s)

2022-03-09 14:30:06 - [MESSAGE][PASSED] - Delayed 3 second(s)

2022-03-09 14:30:06 - [TEST_STEP][PASSED] - scroll.scroll.scrollScreenBottomToTop(): scroll.scroll.scrollScreenBottomToTop is PASSED

2022-03-09 14:30:06 - [MESSAGE][PASSED] - Current device physical height is 1423

2022-03-09 14:30:06 - [MESSAGE][PASSED] - Current device physical width is 720

2022-03-09 14:30:07 - [MESSAGE][PASSED] - Swiped from 360,1,138 to 360,284

2022-03-09 14:30:07 - [MESSAGE][PASSED] - scroll.scroll.scrollScreenBottomToTop is PASSED

2022-03-09 14:30:07 - [MESSAGE][PASSED] - Call Test Case 'Test Cases/Mobile/Page/Portfolio/Portfolio' successfully

2022-03-09 14:30:07 - [TEST_STEP][PASSED] - callTestCase(findTestCase("Mobile/Page/Run App/Terminate App"), [:], STOP_ON_FAILURE): Call Test Case 'Test Cases/Mobile/Page/Run App/Terminate App' successfully

2022-03-09 14:30:08 - [TEST_CASE][PASSED] - Test Cases/Mobile/Page/Run App/Terminate App: Test Cases/Mobile/Page/Run App/Terminate App

2022-03-09 14:30:08 - [TEST_STEP][PASSED] - startApp.OpenApp.terminateApplication(): startApp.OpenApp.terminateApplication is PASSED

2022-03-09 14:30:11 - [MESSAGE][PASSED] - Delayed 3 second(s)

2022-03-09 14:30:11 - [MESSAGE][PASSED] - Current device physical width is 720

2022-03-09 14:30:11 - [MESSAGE][PASSED] - Current device physical height is 1423

2022-03-09 14:30:12 - [MESSAGE][PASSED] - Swiped from 360,853 to 360,142

2022-03-09 14:30:13 - [MESSAGE][PASSED] - Delayed 1 second(s)

2022-03-09 14:30:15 - [MESSAGE][PASSED] - Swiped from 360,853 to 360,142

2022-03-09 14:30:18 - [MESSAGE][PASSED] - Delayed 3 second(s)

2022-03-09 14:30:18 - [MESSAGE][PASSED] - startApp.OpenApp.terminateApplication is PASSED

2022-03-09 14:30:18 - [MESSAGE][PASSED] - Call Test Case 'Test Cases/Mobile/Page/Run App/Terminate App' successfully]]></system-out>
         <system-err><![CDATA[]]></system-err>
      </testcase>
      <testcase name="Test Cases/Mobile/Scenario/Portfolio/019 - Melihat detail mutual fund 10 year" time="66.811" classname="Test Cases/Mobile/Scenario/Portfolio/019 - Melihat detail mutual fund 10 year" status="PASSED">
         <system-out><![CDATA[2022-03-09 14:30:18 - [TEST_CASE][PASSED] - Test Cases/Mobile/Scenario/Portfolio/019 - Melihat detail mutual fund 10 year: Test Cases/Mobile/Scenario/Portfolio/019 - Melihat detail mutual fund 10 year

2022-03-09 14:30:18 - [TEST_STEP][PASSED] - callTestCase(findTestCase("Mobile/Page/Run App/Run App byID"), [:], STOP_ON_FAILURE): Call Test Case 'Test Cases/Mobile/Page/Run App/Run App byID' successfully

2022-03-09 14:30:18 - [TEST_CASE][PASSED] - Test Cases/Mobile/Page/Run App/Run App byID: Test Cases/Mobile/Page/Run App/Run App byID

2022-03-09 14:30:18 - [TEST_STEP][PASSED] - startApp.OpenApp.startApplication("id.co.miraeasset.sageclub"): startApp.OpenApp.startApplication is PASSED

2022-03-09 14:30:29 - [MESSAGE][PASSED] - Starting app with application ID: 'id.co.miraeasset.sageclub'

2022-03-09 14:30:29 - [MESSAGE][PASSED] - startApp.OpenApp.startApplication is PASSED

2022-03-09 14:30:29 - [MESSAGE][PASSED] - Call Test Case 'Test Cases/Mobile/Page/Run App/Run App byID' successfully

2022-03-09 14:30:29 - [TEST_STEP][PASSED] - callTestCase(findTestCase("Mobile/Page/Portfolio/Portfolio"), ["tab":"mutualfund", "action2":"10 year"], CONTINUE_ON_FAILURE): Call Test Case 'Test Cases/Mobile/Page/Portfolio/Portfolio' successfully

2022-03-09 14:30:29 - [TEST_CASE][PASSED] - Test Cases/Mobile/Page/Portfolio/Portfolio: Test Cases/Mobile/Page/Portfolio/Portfolio

2022-03-09 14:30:29 - [TEST_STEP][PASSED] - callTestCase(findTestCase("Mobile/Page/CheckLogin"), [:], CONTINUE_ON_FAILURE): Call Test Case 'Test Cases/Mobile/Page/CheckLogin' successfully

2022-03-09 14:30:29 - [TEST_CASE][PASSED] - Test Cases/Mobile/Page/CheckLogin: Test Cases/Mobile/Page/CheckLogin

2022-03-09 14:30:29 - [TEST_STEP][PASSED] - loginCheck = verifyElementExist(LOGN_BtnLogin, 5, CONTINUE_ON_FAILURE): Element 'Object Repository/Mobile/Page/Login/Button - Login' is exist

2022-03-09 14:30:31 - [MESSAGE][PASSED] - Element 'Object Repository/Mobile/Page/Login/Button - Login' is exist

2022-03-09 14:30:31 - [TEST_STEP][PASSED] - if (loginCheck): Call Test Case 'Test Cases/Mobile/Page/Login/Login' successfully

2022-03-09 14:30:31 - [TEST_STEP][PASSED] - callTestCase(findTestCase("Mobile/Page/Login/Login"), ["action":"username"], CONTINUE_ON_FAILURE): Call Test Case 'Test Cases/Mobile/Page/Login/Login' successfully

2022-03-09 14:30:31 - [TEST_CASE][PASSED] - Test Cases/Mobile/Page/Login/Login: Test Cases/Mobile/Page/Login/Login

2022-03-09 14:30:31 - [TEST_STEP][PASSED] - delay(2): Delayed 2 second(s)

2022-03-09 14:30:33 - [MESSAGE][PASSED] - Delayed 2 second(s)

2022-03-09 14:30:33 - [TEST_STEP][PASSED] - for ([i = 0, i < 1, (i++)]): null

2022-03-09 14:30:33 - [TEST_STEP][PASSED] - if (action == "username"): null

2022-03-09 14:30:33 - [TEST_STEP][PASSED] - tap(LOGN_EdtUserID, 0): Tapped on element 'Object Repository/Mobile/Page/Login/Input - UserID'

2022-03-09 14:30:33 - [MESSAGE][WARNING] - Timeout '0' is invalid. Using default page load timeout: '60'

2022-03-09 14:30:34 - [MESSAGE][PASSED] - Tapped on element 'Object Repository/Mobile/Page/Login/Input - UserID'

2022-03-09 14:30:34 - [TEST_STEP][PASSED] - delay(1): Delayed 1 second(s)

2022-03-09 14:30:35 - [MESSAGE][PASSED] - Delayed 1 second(s)

2022-03-09 14:30:35 - [TEST_STEP][PASSED] - setText(LOGN_EdtRdyUserID, "anggaaditya", 0): Text 'anggaaditya' has been set to element 'Object Repository/Mobile/Page/Login/Input Rdy - UserID'

2022-03-09 14:30:35 - [MESSAGE][WARNING] - Timeout '0' is invalid. Using default page load timeout: '60'

2022-03-09 14:30:35 - [MESSAGE][PASSED] - Text 'anggaaditya' has been set to element 'Object Repository/Mobile/Page/Login/Input Rdy - UserID'

2022-03-09 14:30:35 - [TEST_STEP][PASSED] - delay(1): Delayed 1 second(s)

2022-03-09 14:30:36 - [MESSAGE][PASSED] - Delayed 1 second(s)

2022-03-09 14:30:36 - [TEST_STEP][PASSED] - hideKeyboard(): Keyboard is hidden

2022-03-09 14:30:40 - [MESSAGE][PASSED] - Keyboard is hidden

2022-03-09 14:30:40 - [TEST_STEP][PASSED] - tap(LOGN_EdtPassword, 0): Tapped on element 'Object Repository/Mobile/Page/Login/Input - Password'

2022-03-09 14:30:40 - [MESSAGE][WARNING] - Timeout '0' is invalid. Using default page load timeout: '60'

2022-03-09 14:30:40 - [MESSAGE][PASSED] - Tapped on element 'Object Repository/Mobile/Page/Login/Input - Password'

2022-03-09 14:30:40 - [TEST_STEP][PASSED] - delay(1): Delayed 1 second(s)

2022-03-09 14:30:41 - [MESSAGE][PASSED] - Delayed 1 second(s)

2022-03-09 14:30:41 - [TEST_STEP][PASSED] - setText(LOGN_EdtRdyPassword, "Shalawa18", 0): Text 'Shalawa18' has been set to element 'Object Repository/Mobile/Page/Login/Input Rdy - Password'

2022-03-09 14:30:41 - [MESSAGE][WARNING] - Timeout '0' is invalid. Using default page load timeout: '60'

2022-03-09 14:30:42 - [MESSAGE][PASSED] - Text 'Shalawa18' has been set to element 'Object Repository/Mobile/Page/Login/Input Rdy - Password'

2022-03-09 14:30:42 - [TEST_STEP][PASSED] - delay(1): Delayed 1 second(s)

2022-03-09 14:30:43 - [MESSAGE][PASSED] - Delayed 1 second(s)

2022-03-09 14:30:43 - [TEST_STEP][PASSED] - hideKeyboard(): Keyboard is hidden

2022-03-09 14:30:49 - [MESSAGE][PASSED] - Keyboard is hidden

2022-03-09 14:30:49 - [TEST_STEP][PASSED] - tap(LOGN_BtnLogin, 0): Tapped on element 'Object Repository/Mobile/Page/Login/Button - Login'

2022-03-09 14:30:49 - [MESSAGE][WARNING] - Timeout '0' is invalid. Using default page load timeout: '60'

2022-03-09 14:30:50 - [MESSAGE][PASSED] - Tapped on element 'Object Repository/Mobile/Page/Login/Button - Login'

2022-03-09 14:30:50 - [TEST_STEP][PASSED] - delay(2): Delayed 2 second(s)

2022-03-09 14:30:52 - [MESSAGE][PASSED] - Delayed 2 second(s)

2022-03-09 14:30:52 - [TEST_STEP][PASSED] - break: null

2022-03-09 14:30:52 - [MESSAGE][PASSED] - Call Test Case 'Test Cases/Mobile/Page/Login/Login' successfully

2022-03-09 14:30:52 - [MESSAGE][PASSED] - Call Test Case 'Test Cases/Mobile/Page/CheckLogin' successfully

2022-03-09 14:30:52 - [TEST_STEP][PASSED] - tap(HOME_MenubarPortfolio, 0): Tapped on element 'Object Repository/Mobile/Page/Home/Menubar - Portfolio'

2022-03-09 14:30:52 - [MESSAGE][WARNING] - Timeout '0' is invalid. Using default page load timeout: '60'

2022-03-09 14:30:54 - [MESSAGE][PASSED] - Tapped on element 'Object Repository/Mobile/Page/Home/Menubar - Portfolio'

2022-03-09 14:30:54 - [TEST_STEP][PASSED] - delay(5): Delayed 5 second(s)

2022-03-09 14:30:59 - [MESSAGE][PASSED] - Delayed 5 second(s)

2022-03-09 14:30:59 - [TEST_STEP][PASSED] - for ([i = 0, i < 1, (i++)]): scroll.scroll.scrollScreenBottomToTop is PASSED

2022-03-09 14:30:59 - [TEST_STEP][PASSED] - if (tab == "summary"): null

2022-03-09 14:30:59 - [TEST_STEP][PASSED] - else if (tab == "stock"): null

2022-03-09 14:30:59 - [TEST_STEP][PASSED] - else if (tab == "mutualfund"): scroll.scroll.scrollScreenBottomToTop is PASSED

2022-03-09 14:30:59 - [TEST_STEP][PASSED] - tap(PORT_TabMutualFund, 0): Tapped on element 'Object Repository/Mobile/Page/Portfolio/Tab - Mutual Fund'

2022-03-09 14:30:59 - [MESSAGE][WARNING] - Timeout '0' is invalid. Using default page load timeout: '60'

2022-03-09 14:31:01 - [MESSAGE][PASSED] - Tapped on element 'Object Repository/Mobile/Page/Portfolio/Tab - Mutual Fund'

2022-03-09 14:31:01 - [TEST_STEP][PASSED] - delay(1): Delayed 1 second(s)

2022-03-09 14:31:02 - [MESSAGE][PASSED] - Delayed 1 second(s)

2022-03-09 14:31:02 - [TEST_STEP][PASSED] - try: scroll.scroll.scrollScreenBottomToTop is PASSED

2022-03-09 14:31:02 - [TEST_STEP][PASSED] - tapAndHold(PORT_ItemTopMutualFund, 1, 10): Tapped and held on element 'Object Repository/Mobile/Page/Portfolio/Item - Top Mutual Fund' with duration 1

2022-03-09 14:31:05 - [MESSAGE][PASSED] - Tapped and held on element 'Object Repository/Mobile/Page/Portfolio/Item - Top Mutual Fund' with duration 1

2022-03-09 14:31:05 - [TEST_STEP][PASSED] - delay(2): Delayed 2 second(s)

2022-03-09 14:31:07 - [MESSAGE][PASSED] - Delayed 2 second(s)

2022-03-09 14:31:07 - [TEST_STEP][PASSED] - switch (action2): null

2022-03-09 14:31:07 - [TEST_STEP][PASSED] - case "10 year":: null

2022-03-09 14:31:07 - [TEST_STEP][PASSED] - tapAndHold(PORT_DETL_Btn10Year, 1, 0): Tapped and held on element 'Object Repository/Mobile/Page/Portfolio/Detail Mutual Funds/Button - 10 Year' with duration 1

2022-03-09 14:31:07 - [MESSAGE][WARNING] - Timeout '0' is invalid. Using default page load timeout: '60'

2022-03-09 14:31:10 - [MESSAGE][PASSED] - Tapped and held on element 'Object Repository/Mobile/Page/Portfolio/Detail Mutual Funds/Button - 10 Year' with duration 1

2022-03-09 14:31:10 - [TEST_STEP][PASSED] - break: null

2022-03-09 14:31:10 - [TEST_STEP][PASSED] - delay(3): Delayed 3 second(s)

2022-03-09 14:31:13 - [MESSAGE][PASSED] - Delayed 3 second(s)

2022-03-09 14:31:13 - [TEST_STEP][PASSED] - scroll.scroll.scrollScreenBottomToTop(): scroll.scroll.scrollScreenBottomToTop is PASSED

2022-03-09 14:31:13 - [MESSAGE][PASSED] - Current device physical height is 1423

2022-03-09 14:31:13 - [MESSAGE][PASSED] - Current device physical width is 720

2022-03-09 14:31:14 - [MESSAGE][PASSED] - Swiped from 360,1,138 to 360,284

2022-03-09 14:31:14 - [MESSAGE][PASSED] - scroll.scroll.scrollScreenBottomToTop is PASSED

2022-03-09 14:31:14 - [MESSAGE][PASSED] - Call Test Case 'Test Cases/Mobile/Page/Portfolio/Portfolio' successfully

2022-03-09 14:31:14 - [TEST_STEP][PASSED] - callTestCase(findTestCase("Mobile/Page/Run App/Terminate App"), [:], STOP_ON_FAILURE): Call Test Case 'Test Cases/Mobile/Page/Run App/Terminate App' successfully

2022-03-09 14:31:14 - [TEST_CASE][PASSED] - Test Cases/Mobile/Page/Run App/Terminate App: Test Cases/Mobile/Page/Run App/Terminate App

2022-03-09 14:31:14 - [TEST_STEP][PASSED] - startApp.OpenApp.terminateApplication(): startApp.OpenApp.terminateApplication is PASSED

2022-03-09 14:31:17 - [MESSAGE][PASSED] - Delayed 3 second(s)

2022-03-09 14:31:18 - [MESSAGE][PASSED] - Current device physical width is 720

2022-03-09 14:31:18 - [MESSAGE][PASSED] - Current device physical height is 1423

2022-03-09 14:31:19 - [MESSAGE][PASSED] - Swiped from 360,853 to 360,142

2022-03-09 14:31:20 - [MESSAGE][PASSED] - Delayed 1 second(s)

2022-03-09 14:31:21 - [MESSAGE][PASSED] - Swiped from 360,853 to 360,142

2022-03-09 14:31:24 - [MESSAGE][PASSED] - Delayed 3 second(s)

2022-03-09 14:31:24 - [MESSAGE][PASSED] - startApp.OpenApp.terminateApplication is PASSED

2022-03-09 14:31:24 - [MESSAGE][PASSED] - Call Test Case 'Test Cases/Mobile/Page/Run App/Terminate App' successfully]]></system-out>
         <system-err><![CDATA[]]></system-err>
      </testcase>
      <system-out><![CDATA[2022-03-09 14:10:49 - [TEST_SUITE][PASSED] - portfolio: Test Cases/Mobile/Scenario/Portfolio/019 - Melihat detail mutual fund 10 year]]></system-out>
      <system-err><![CDATA[]]></system-err>
   </testsuite>
</testsuites>
