<?xml version="1.0" encoding="UTF-8"?>
<testsuites name="analysis" time="515.695" tests="7" failures="0" skips="0" errors="0">
   <testsuite name="analysis" tests="7" failures="0" errors="0" time="515.695" skips="0" timestamp="2022-02-22 19:56:17" hostname="Owner - aldy-tft" id="Test Suites/analysis">
      <properties>
         <property name="deviceName" value="samsung SM-A205F (Android 11)"/>
         <property name="devicePlatform" value=""/>
         <property name="logFolder" value="C:\\Users\\Owner\\Documents\\kerjaan\\KatalonProject\\qa_katalon_pwm\\qa_katalon_pwm\\Reports\\20220222_195536\\analysis\\20220222_195546"/>
         <property name="logFiles" value="C:\\Users\\Owner\\Documents\\kerjaan\\KatalonProject\\qa_katalon_pwm\\qa_katalon_pwm\\Reports\\20220222_195536\\analysis\\20220222_195546\\appium.log, C:\\Users\\Owner\\Documents\\kerjaan\\KatalonProject\\qa_katalon_pwm\\qa_katalon_pwm\\Reports\\20220222_195536\\analysis\\20220222_195546\\execution0.log"/>
         <property name="attachments" value=""/>
         <property name="hostName" value="Owner - aldy-tft"/>
         <property name="os" value="Windows 10 64bit"/>
         <property name="appiumServerStatus" value="{&quot;value&quot;:{&quot;build&quot;:{&quot;version&quot;:&quot;1.22.0&quot;}},&quot;sessionId&quot;:null,&quot;status&quot;:0}"/>
         <property name="katalonVersion" value="7.9.1.208"/>
         <property name="deviceOS" value="Android"/>
         <property name="appiumVersion" value="1.22.0"/>
         <property name="deviceModel" value="SM-A205F"/>
         <property name="hostAddress" value="192.168.100.8"/>
         <property name="deviceManufacturer" value="samsung"/>
         <property name="deviceId" value="RR8M40C9AXE"/>
         <property name="deviceName" value="samsung SM-A205F (Android 11)"/>
         <property name="deviceOSVersion" value="11"/>
      </properties>
      <testcase name="Test Cases/Mobile/Scenario/Analysis/001 - Melihat list stock technical analysis" time="105.507" classname="Test Cases/Mobile/Scenario/Analysis/001 - Melihat list stock technical analysis" status="PASSED">
         <system-out><![CDATA[2022-02-22 19:56:18 - [TEST_CASE][PASSED] - Test Cases/Mobile/Scenario/Analysis/001 - Melihat list stock technical analysis: Test Cases/Mobile/Scenario/Analysis/001 - Melihat list stock technical analysis

2022-02-22 19:56:18 - [TEST_STEP][PASSED] - callTestCase(findTestCase("Mobile/Page/Run App/Run App byID"), [:], STOP_ON_FAILURE): Call Test Case 'Test Cases/Mobile/Page/Run App/Run App byID' successfully

2022-02-22 19:56:19 - [TEST_CASE][PASSED] - Test Cases/Mobile/Page/Run App/Run App byID: Test Cases/Mobile/Page/Run App/Run App byID

2022-02-22 19:56:19 - [TEST_STEP][PASSED] - startApp.OpenApp.startApplication("id.co.miraeasset.sageclub"): startApp.OpenApp.startApplication is PASSED

2022-02-22 19:56:28 - [MESSAGE][INFO] - Appium server started on port 56,697

2022-02-22 19:56:49 - [MESSAGE][PASSED] - Starting app with application ID: 'id.co.miraeasset.sageclub'

2022-02-22 19:56:49 - [MESSAGE][PASSED] - startApp.OpenApp.startApplication is PASSED

2022-02-22 19:56:49 - [MESSAGE][PASSED] - Call Test Case 'Test Cases/Mobile/Page/Run App/Run App byID' successfully

2022-02-22 19:56:49 - [TEST_STEP][PASSED] - callTestCase(findTestCase("Mobile/Page/Analysis/Analysis"), ["action":"technicalsearch"], CONTINUE_ON_FAILURE): Call Test Case 'Test Cases/Mobile/Page/Analysis/Analysis' successfully

2022-02-22 19:56:50 - [TEST_CASE][PASSED] - Test Cases/Mobile/Page/Analysis/Analysis: Test Cases/Mobile/Page/Analysis/Analysis

2022-02-22 19:56:50 - [TEST_STEP][PASSED] - callTestCase(findTestCase("Mobile/Page/CheckLogin"), [:], CONTINUE_ON_FAILURE): Call Test Case 'Test Cases/Mobile/Page/CheckLogin' successfully

2022-02-22 19:56:50 - [TEST_CASE][PASSED] - Test Cases/Mobile/Page/CheckLogin: Test Cases/Mobile/Page/CheckLogin

2022-02-22 19:56:50 - [TEST_STEP][PASSED] - loginCheck = verifyElementExist(LOGN_BtnLogin, 5, CONTINUE_ON_FAILURE): Element 'Object Repository/Mobile/Page/Login/Button - Login' is exist

2022-02-22 19:56:50 - [MESSAGE][WARNING] - Test object with id 'Object Repository/Mobile/Page/Analysis/Button - Open With Just Once' does not exist

2022-02-22 19:56:50 - [MESSAGE][WARNING] - Test object with id 'Object Repository/Mobile/Page/Analysis/Button - Search' does not exist

2022-02-22 19:56:52 - [MESSAGE][WARNING] - Test object with id 'Object Repository/Mobile/Page/Home/Button -  Add Watchlist' does not exist

2022-02-22 19:56:52 - [MESSAGE][WARNING] - Test object with id 'Object Repository/Mobile/Page/Home/Button - Open with Just Once' does not exist

2022-02-22 19:56:52 - [MESSAGE][WARNING] - Test object with id 'Object Repository/Mobile/Page/Home/Container - Notification' does not exist

2022-02-22 19:56:52 - [MESSAGE][WARNING] - Test object with id 'Object Repository/Mobile/Page/Home/Watchlist/Input - Search' does not exist

2022-02-22 19:56:52 - [MESSAGE][WARNING] - Test object with id 'Object Repository/Mobile/Page/Home/Watchlist/Item - Top Search' does not exist

2022-02-22 19:56:52 - [MESSAGE][WARNING] - Test object with id 'Object Repository/Mobile/Page/Home/Watchlist/Detail Watchlist/Input - Expiry Date' does not exist

2022-02-22 19:56:53 - [MESSAGE][WARNING] - Test object with id 'Object Repository/Mobile/Page/Home/Watchlist/Detail Watchlist/Item - Watchlist' does not exist

2022-02-22 19:56:53 - [MESSAGE][WARNING] - Test object with id 'Object Repository/Mobile/Page/NavigationMenu/Button - Open Just Once' does not exist

2022-02-22 19:56:53 - [MESSAGE][WARNING] - Test object with id 'Object Repository/Mobile/Page/NavigationMenu/Container - Logout' does not exist

2022-02-22 19:56:56 - [MESSAGE][WARNING] - Test object with id 'Object Repository/Mobile/Page/Analysis/Button - Open With Just Once' does not exist

2022-02-22 19:56:56 - [MESSAGE][WARNING] - Test object with id 'Object Repository/Mobile/Page/Analysis/Button - Search' does not exist

2022-02-22 19:56:58 - [MESSAGE][WARNING] - Test object with id 'Object Repository/Mobile/Page/Home/Button -  Add Watchlist' does not exist

2022-02-22 19:56:58 - [MESSAGE][WARNING] - Test object with id 'Object Repository/Mobile/Page/Home/Button - Open with Just Once' does not exist

2022-02-22 19:56:58 - [MESSAGE][WARNING] - Test object with id 'Object Repository/Mobile/Page/Home/Container - Notification' does not exist

2022-02-22 19:56:58 - [MESSAGE][WARNING] - Test object with id 'Object Repository/Mobile/Page/Home/Watchlist/Input - Search' does not exist

2022-02-22 19:56:58 - [MESSAGE][WARNING] - Test object with id 'Object Repository/Mobile/Page/Home/Watchlist/Item - Top Search' does not exist

2022-02-22 19:56:58 - [MESSAGE][WARNING] - Test object with id 'Object Repository/Mobile/Page/Home/Watchlist/Detail Watchlist/Input - Expiry Date' does not exist

2022-02-22 19:56:58 - [MESSAGE][WARNING] - Test object with id 'Object Repository/Mobile/Page/Home/Watchlist/Detail Watchlist/Item - Watchlist' does not exist

2022-02-22 19:56:59 - [MESSAGE][WARNING] - Test object with id 'Object Repository/Mobile/Page/NavigationMenu/Button - Open Just Once' does not exist

2022-02-22 19:56:59 - [MESSAGE][WARNING] - Test object with id 'Object Repository/Mobile/Page/NavigationMenu/Container - Logout' does not exist

2022-02-22 19:57:03 - [MESSAGE][PASSED] - Element 'Object Repository/Mobile/Page/Login/Button - Login' is exist

2022-02-22 19:57:03 - [TEST_STEP][PASSED] - if (loginCheck): Call Test Case 'Test Cases/Mobile/Page/Login/Login' successfully

2022-02-22 19:57:03 - [TEST_STEP][PASSED] - callTestCase(findTestCase("Mobile/Page/Login/Login"), ["action":"username"], CONTINUE_ON_FAILURE): Call Test Case 'Test Cases/Mobile/Page/Login/Login' successfully

2022-02-22 19:57:03 - [TEST_CASE][PASSED] - Test Cases/Mobile/Page/Login/Login: Test Cases/Mobile/Page/Login/Login

2022-02-22 19:57:03 - [TEST_STEP][PASSED] - delay(2): Delayed 2 second(s)

2022-02-22 19:57:05 - [MESSAGE][PASSED] - Delayed 2 second(s)

2022-02-22 19:57:05 - [TEST_STEP][PASSED] - for ([i = 0, i < 1, (i++)]): null

2022-02-22 19:57:05 - [TEST_STEP][PASSED] - if (action == "username"): null

2022-02-22 19:57:05 - [TEST_STEP][PASSED] - tap(LOGN_EdtUserID, 0): Tapped on element 'Object Repository/Mobile/Page/Login/Input - UserID'

2022-02-22 19:57:05 - [MESSAGE][WARNING] - Timeout '0' is invalid. Using default page load timeout: '60'

2022-02-22 19:57:06 - [MESSAGE][PASSED] - Tapped on element 'Object Repository/Mobile/Page/Login/Input - UserID'

2022-02-22 19:57:06 - [TEST_STEP][PASSED] - delay(1): Delayed 1 second(s)

2022-02-22 19:57:07 - [MESSAGE][PASSED] - Delayed 1 second(s)

2022-02-22 19:57:07 - [TEST_STEP][PASSED] - setText(LOGN_EdtRdyUserID, "anggaaditya", 0): Text 'anggaaditya' has been set to element 'Object Repository/Mobile/Page/Login/Input Rdy - UserID'

2022-02-22 19:57:07 - [MESSAGE][WARNING] - Timeout '0' is invalid. Using default page load timeout: '60'

2022-02-22 19:57:08 - [MESSAGE][PASSED] - Text 'anggaaditya' has been set to element 'Object Repository/Mobile/Page/Login/Input Rdy - UserID'

2022-02-22 19:57:08 - [TEST_STEP][PASSED] - delay(1): Delayed 1 second(s)

2022-02-22 19:57:09 - [MESSAGE][PASSED] - Delayed 1 second(s)

2022-02-22 19:57:09 - [TEST_STEP][PASSED] - hideKeyboard(): Keyboard is hidden

2022-02-22 19:57:13 - [MESSAGE][PASSED] - Keyboard is hidden

2022-02-22 19:57:13 - [TEST_STEP][PASSED] - tap(LOGN_EdtPassword, 0): Tapped on element 'Object Repository/Mobile/Page/Login/Input - Password'

2022-02-22 19:57:13 - [MESSAGE][WARNING] - Timeout '0' is invalid. Using default page load timeout: '60'

2022-02-22 19:57:15 - [MESSAGE][PASSED] - Tapped on element 'Object Repository/Mobile/Page/Login/Input - Password'

2022-02-22 19:57:15 - [TEST_STEP][PASSED] - delay(1): Delayed 1 second(s)

2022-02-22 19:57:16 - [MESSAGE][PASSED] - Delayed 1 second(s)

2022-02-22 19:57:16 - [TEST_STEP][PASSED] - setText(LOGN_EdtRdyPassword, "Shalawa18", 0): Text 'Shalawa18' has been set to element 'Object Repository/Mobile/Page/Login/Input Rdy - Password'

2022-02-22 19:57:16 - [MESSAGE][WARNING] - Timeout '0' is invalid. Using default page load timeout: '60'

2022-02-22 19:57:16 - [MESSAGE][PASSED] - Text 'Shalawa18' has been set to element 'Object Repository/Mobile/Page/Login/Input Rdy - Password'

2022-02-22 19:57:16 - [TEST_STEP][PASSED] - delay(1): Delayed 1 second(s)

2022-02-22 19:57:17 - [MESSAGE][PASSED] - Delayed 1 second(s)

2022-02-22 19:57:17 - [TEST_STEP][PASSED] - hideKeyboard(): Keyboard is hidden

2022-02-22 19:57:24 - [MESSAGE][PASSED] - Keyboard is hidden

2022-02-22 19:57:24 - [TEST_STEP][PASSED] - tap(LOGN_BtnLogin, 0): Tapped on element 'Object Repository/Mobile/Page/Login/Button - Login'

2022-02-22 19:57:24 - [MESSAGE][WARNING] - Timeout '0' is invalid. Using default page load timeout: '60'

2022-02-22 19:57:25 - [MESSAGE][PASSED] - Tapped on element 'Object Repository/Mobile/Page/Login/Button - Login'

2022-02-22 19:57:25 - [TEST_STEP][PASSED] - delay(2): Delayed 2 second(s)

2022-02-22 19:57:27 - [MESSAGE][PASSED] - Delayed 2 second(s)

2022-02-22 19:57:27 - [TEST_STEP][PASSED] - break: null

2022-02-22 19:57:27 - [MESSAGE][PASSED] - Call Test Case 'Test Cases/Mobile/Page/Login/Login' successfully

2022-02-22 19:57:27 - [MESSAGE][PASSED] - Call Test Case 'Test Cases/Mobile/Page/CheckLogin' successfully

2022-02-22 19:57:27 - [TEST_STEP][PASSED] - tap(HOME_MenubarAnalysis, 0): Tapped on element 'Object Repository/Mobile/Page/Home/Menubar - Analysis'

2022-02-22 19:57:27 - [MESSAGE][WARNING] - Timeout '0' is invalid. Using default page load timeout: '60'

2022-02-22 19:57:29 - [MESSAGE][PASSED] - Tapped on element 'Object Repository/Mobile/Page/Home/Menubar - Analysis'

2022-02-22 19:57:29 - [TEST_STEP][PASSED] - delay(3): Delayed 3 second(s)

2022-02-22 19:57:32 - [MESSAGE][PASSED] - Delayed 3 second(s)

2022-02-22 19:57:32 - [TEST_STEP][PASSED] - for ([i = 0, i < 1, (i++)]): Delayed 2 second(s)

2022-02-22 19:57:32 - [TEST_STEP][PASSED] - if (action == "technicalsearch"): Delayed 2 second(s)

2022-02-22 19:57:32 - [TEST_STEP][PASSED] - tap(ANAL_DropTechIndicator, 0): Tapped on element 'Object Repository/Mobile/Page/Analysis/Dropdown - Technical Indicator'

2022-02-22 19:57:32 - [MESSAGE][WARNING] - Timeout '0' is invalid. Using default page load timeout: '60'

2022-02-22 19:57:33 - [MESSAGE][PASSED] - Tapped on element 'Object Repository/Mobile/Page/Analysis/Dropdown - Technical Indicator'

2022-02-22 19:57:33 - [TEST_STEP][PASSED] - delay(1): Delayed 1 second(s)

2022-02-22 19:57:34 - [MESSAGE][PASSED] - Delayed 1 second(s)

2022-02-22 19:57:34 - [TEST_STEP][PASSED] - tap(ANAL_OptTechIndicatorAll, 0): Tapped on element 'Object Repository/Mobile/Page/Analysis/Option Technical Indicator - All'

2022-02-22 19:57:34 - [MESSAGE][WARNING] - Timeout '0' is invalid. Using default page load timeout: '60'

2022-02-22 19:57:36 - [MESSAGE][PASSED] - Tapped on element 'Object Repository/Mobile/Page/Analysis/Option Technical Indicator - All'

2022-02-22 19:57:36 - [TEST_STEP][PASSED] - delay(1): Delayed 1 second(s)

2022-02-22 19:57:37 - [MESSAGE][PASSED] - Delayed 1 second(s)

2022-02-22 19:57:37 - [TEST_STEP][PASSED] - tap(ANAL_DropMarketCap, 0): Tapped on element 'Object Repository/Mobile/Page/Analysis/Dropdown - Market Cap'

2022-02-22 19:57:37 - [MESSAGE][WARNING] - Timeout '0' is invalid. Using default page load timeout: '60'

2022-02-22 19:57:38 - [MESSAGE][PASSED] - Tapped on element 'Object Repository/Mobile/Page/Analysis/Dropdown - Market Cap'

2022-02-22 19:57:38 - [TEST_STEP][PASSED] - delay(1): Delayed 1 second(s)

2022-02-22 19:57:39 - [MESSAGE][PASSED] - Delayed 1 second(s)

2022-02-22 19:57:39 - [TEST_STEP][PASSED] - tap(ANAL_OptMarketCap1T, 0): Tapped on element 'Object Repository/Mobile/Page/Analysis/Option Market Cap - 1 Trillion'

2022-02-22 19:57:39 - [MESSAGE][WARNING] - Timeout '0' is invalid. Using default page load timeout: '60'

2022-02-22 19:57:39 - [MESSAGE][PASSED] - Tapped on element 'Object Repository/Mobile/Page/Analysis/Option Market Cap - 1 Trillion'

2022-02-22 19:57:39 - [TEST_STEP][PASSED] - delay(1): Delayed 1 second(s)

2022-02-22 19:57:40 - [MESSAGE][PASSED] - Delayed 1 second(s)

2022-02-22 19:57:40 - [TEST_STEP][PASSED] - tap(ANAL_DropTransaction, 0): Tapped on element 'Object Repository/Mobile/Page/Analysis/Dropdown - Transaction'

2022-02-22 19:57:40 - [MESSAGE][WARNING] - Timeout '0' is invalid. Using default page load timeout: '60'

2022-02-22 19:57:41 - [MESSAGE][PASSED] - Tapped on element 'Object Repository/Mobile/Page/Analysis/Dropdown - Transaction'

2022-02-22 19:57:41 - [TEST_STEP][PASSED] - delay(1): Delayed 1 second(s)

2022-02-22 19:57:42 - [MESSAGE][PASSED] - Delayed 1 second(s)

2022-02-22 19:57:42 - [TEST_STEP][PASSED] - tap(ANAL_OptTransaction10B, 0): Tapped on element 'Object Repository/Mobile/Page/Analysis/Option Transaction - 10 Billion'

2022-02-22 19:57:42 - [MESSAGE][WARNING] - Timeout '0' is invalid. Using default page load timeout: '60'

2022-02-22 19:57:43 - [MESSAGE][PASSED] - Tapped on element 'Object Repository/Mobile/Page/Analysis/Option Transaction - 10 Billion'

2022-02-22 19:57:43 - [TEST_STEP][PASSED] - delay(1): Delayed 1 second(s)

2022-02-22 19:57:44 - [MESSAGE][PASSED] - Delayed 1 second(s)

2022-02-22 19:57:44 - [TEST_STEP][PASSED] - tap(ANAL_DropTimeFrame, 0): Tapped on element 'Object Repository/Mobile/Page/Analysis/Dropdown - Time Frame'

2022-02-22 19:57:44 - [MESSAGE][WARNING] - Timeout '0' is invalid. Using default page load timeout: '60'

2022-02-22 19:57:45 - [MESSAGE][PASSED] - Tapped on element 'Object Repository/Mobile/Page/Analysis/Dropdown - Time Frame'

2022-02-22 19:57:45 - [TEST_STEP][PASSED] - delay(1): Delayed 1 second(s)

2022-02-22 19:57:46 - [MESSAGE][PASSED] - Delayed 1 second(s)

2022-02-22 19:57:46 - [TEST_STEP][PASSED] - tap(ANAL_OptTimeFrameDaily, 0): Tapped on element 'Object Repository/Mobile/Page/Analysis/Option Time Frame - Daily'

2022-02-22 19:57:46 - [MESSAGE][WARNING] - Timeout '0' is invalid. Using default page load timeout: '60'

2022-02-22 19:57:47 - [MESSAGE][PASSED] - Tapped on element 'Object Repository/Mobile/Page/Analysis/Option Time Frame - Daily'

2022-02-22 19:57:47 - [TEST_STEP][PASSED] - delay(1): Delayed 1 second(s)

2022-02-22 19:57:48 - [MESSAGE][PASSED] - Delayed 1 second(s)

2022-02-22 19:57:48 - [TEST_STEP][PASSED] - tap(ANAL_DropIndex, 0): Tapped on element 'Object Repository/Mobile/Page/Analysis/Dropdown - Index'

2022-02-22 19:57:48 - [MESSAGE][WARNING] - Timeout '0' is invalid. Using default page load timeout: '60'

2022-02-22 19:57:48 - [MESSAGE][PASSED] - Tapped on element 'Object Repository/Mobile/Page/Analysis/Dropdown - Index'

2022-02-22 19:57:48 - [TEST_STEP][PASSED] - delay(1): Delayed 1 second(s)

2022-02-22 19:57:49 - [MESSAGE][PASSED] - Delayed 1 second(s)

2022-02-22 19:57:49 - [TEST_STEP][PASSED] - tap(ANAL_OptIndexIdx30, 0): Tapped on element 'Object Repository/Mobile/Page/Analysis/Option Index - Idx30'

2022-02-22 19:57:49 - [MESSAGE][WARNING] - Timeout '0' is invalid. Using default page load timeout: '60'

2022-02-22 19:57:51 - [MESSAGE][PASSED] - Tapped on element 'Object Repository/Mobile/Page/Analysis/Option Index - Idx30'

2022-02-22 19:57:51 - [TEST_STEP][PASSED] - delay(2): Delayed 2 second(s)

2022-02-22 19:57:53 - [MESSAGE][PASSED] - Delayed 2 second(s)

2022-02-22 19:57:53 - [MESSAGE][PASSED] - Call Test Case 'Test Cases/Mobile/Page/Analysis/Analysis' successfully

2022-02-22 19:57:53 - [TEST_STEP][PASSED] - callTestCase(findTestCase("Mobile/Page/Run App/Terminate App"), [:], STOP_ON_FAILURE): Call Test Case 'Test Cases/Mobile/Page/Run App/Terminate App' successfully

2022-02-22 19:57:53 - [TEST_CASE][PASSED] - Test Cases/Mobile/Page/Run App/Terminate App: Test Cases/Mobile/Page/Run App/Terminate App

2022-02-22 19:57:53 - [TEST_STEP][PASSED] - startApp.OpenApp.terminateApplication(): startApp.OpenApp.terminateApplication is PASSED

2022-02-22 19:57:56 - [MESSAGE][PASSED] - Delayed 3 second(s)

2022-02-22 19:57:56 - [MESSAGE][PASSED] - Current device physical width is 720

2022-02-22 19:57:57 - [MESSAGE][PASSED] - Current device physical height is 1423

2022-02-22 19:57:58 - [MESSAGE][PASSED] - Swiped from 360,853 to 360,142

2022-02-22 19:57:59 - [MESSAGE][PASSED] - Delayed 1 second(s)

2022-02-22 19:58:01 - [MESSAGE][PASSED] - Swiped from 360,853 to 360,142

2022-02-22 19:58:04 - [MESSAGE][PASSED] - Delayed 3 second(s)

2022-02-22 19:58:04 - [MESSAGE][PASSED] - startApp.OpenApp.terminateApplication is PASSED

2022-02-22 19:58:04 - [MESSAGE][PASSED] - Call Test Case 'Test Cases/Mobile/Page/Run App/Terminate App' successfully]]></system-out>
         <system-err><![CDATA[]]></system-err>
      </testcase>
      <testcase name="Test Cases/Mobile/Scenario/Analysis/002 - Melihat detail stock kategori day" time="69.558" classname="Test Cases/Mobile/Scenario/Analysis/002 - Melihat detail stock kategori day" status="PASSED">
         <system-out><![CDATA[2022-02-22 19:58:04 - [TEST_CASE][PASSED] - Test Cases/Mobile/Scenario/Analysis/002 - Melihat detail stock kategori day: Test Cases/Mobile/Scenario/Analysis/002 - Melihat detail stock kategori day

2022-02-22 19:58:04 - [TEST_STEP][PASSED] - callTestCase(findTestCase("Mobile/Page/Run App/Run App byID"), [:], STOP_ON_FAILURE): Call Test Case 'Test Cases/Mobile/Page/Run App/Run App byID' successfully

2022-02-22 19:58:04 - [TEST_CASE][PASSED] - Test Cases/Mobile/Page/Run App/Run App byID: Test Cases/Mobile/Page/Run App/Run App byID

2022-02-22 19:58:04 - [TEST_STEP][PASSED] - startApp.OpenApp.startApplication("id.co.miraeasset.sageclub"): startApp.OpenApp.startApplication is PASSED

2022-02-22 19:58:21 - [MESSAGE][PASSED] - Starting app with application ID: 'id.co.miraeasset.sageclub'

2022-02-22 19:58:21 - [MESSAGE][PASSED] - startApp.OpenApp.startApplication is PASSED

2022-02-22 19:58:21 - [MESSAGE][PASSED] - Call Test Case 'Test Cases/Mobile/Page/Run App/Run App byID' successfully

2022-02-22 19:58:21 - [TEST_STEP][PASSED] - callTestCase(findTestCase("Mobile/Page/Analysis/Analysis"), ["action":"technicaldetail", "action2":"day"], CONTINUE_ON_FAILURE): Call Test Case 'Test Cases/Mobile/Page/Analysis/Analysis' successfully

2022-02-22 19:58:21 - [TEST_CASE][PASSED] - Test Cases/Mobile/Page/Analysis/Analysis: Test Cases/Mobile/Page/Analysis/Analysis

2022-02-22 19:58:21 - [TEST_STEP][PASSED] - callTestCase(findTestCase("Mobile/Page/CheckLogin"), [:], CONTINUE_ON_FAILURE): Call Test Case 'Test Cases/Mobile/Page/CheckLogin' successfully

2022-02-22 19:58:21 - [TEST_CASE][PASSED] - Test Cases/Mobile/Page/CheckLogin: Test Cases/Mobile/Page/CheckLogin

2022-02-22 19:58:21 - [TEST_STEP][PASSED] - loginCheck = verifyElementExist(LOGN_BtnLogin, 5, CONTINUE_ON_FAILURE): Element 'Object Repository/Mobile/Page/Login/Button - Login' is exist

2022-02-22 19:58:23 - [MESSAGE][PASSED] - Element 'Object Repository/Mobile/Page/Login/Button - Login' is exist

2022-02-22 19:58:23 - [TEST_STEP][PASSED] - if (loginCheck): Call Test Case 'Test Cases/Mobile/Page/Login/Login' successfully

2022-02-22 19:58:23 - [TEST_STEP][PASSED] - callTestCase(findTestCase("Mobile/Page/Login/Login"), ["action":"username"], CONTINUE_ON_FAILURE): Call Test Case 'Test Cases/Mobile/Page/Login/Login' successfully

2022-02-22 19:58:23 - [TEST_CASE][PASSED] - Test Cases/Mobile/Page/Login/Login: Test Cases/Mobile/Page/Login/Login

2022-02-22 19:58:23 - [TEST_STEP][PASSED] - delay(2): Delayed 2 second(s)

2022-02-22 19:58:25 - [MESSAGE][PASSED] - Delayed 2 second(s)

2022-02-22 19:58:25 - [TEST_STEP][PASSED] - for ([i = 0, i < 1, (i++)]): null

2022-02-22 19:58:25 - [TEST_STEP][PASSED] - if (action == "username"): null

2022-02-22 19:58:25 - [TEST_STEP][PASSED] - tap(LOGN_EdtUserID, 0): Tapped on element 'Object Repository/Mobile/Page/Login/Input - UserID'

2022-02-22 19:58:25 - [MESSAGE][WARNING] - Timeout '0' is invalid. Using default page load timeout: '60'

2022-02-22 19:58:25 - [MESSAGE][PASSED] - Tapped on element 'Object Repository/Mobile/Page/Login/Input - UserID'

2022-02-22 19:58:25 - [TEST_STEP][PASSED] - delay(1): Delayed 1 second(s)

2022-02-22 19:58:26 - [MESSAGE][PASSED] - Delayed 1 second(s)

2022-02-22 19:58:26 - [TEST_STEP][PASSED] - setText(LOGN_EdtRdyUserID, "anggaaditya", 0): Text 'anggaaditya' has been set to element 'Object Repository/Mobile/Page/Login/Input Rdy - UserID'

2022-02-22 19:58:26 - [MESSAGE][WARNING] - Timeout '0' is invalid. Using default page load timeout: '60'

2022-02-22 19:58:27 - [MESSAGE][PASSED] - Text 'anggaaditya' has been set to element 'Object Repository/Mobile/Page/Login/Input Rdy - UserID'

2022-02-22 19:58:27 - [TEST_STEP][PASSED] - delay(1): Delayed 1 second(s)

2022-02-22 19:58:28 - [MESSAGE][PASSED] - Delayed 1 second(s)

2022-02-22 19:58:28 - [TEST_STEP][PASSED] - hideKeyboard(): Keyboard is hidden

2022-02-22 19:58:32 - [MESSAGE][PASSED] - Keyboard is hidden

2022-02-22 19:58:32 - [TEST_STEP][PASSED] - tap(LOGN_EdtPassword, 0): Tapped on element 'Object Repository/Mobile/Page/Login/Input - Password'

2022-02-22 19:58:32 - [MESSAGE][WARNING] - Timeout '0' is invalid. Using default page load timeout: '60'

2022-02-22 19:58:32 - [MESSAGE][PASSED] - Tapped on element 'Object Repository/Mobile/Page/Login/Input - Password'

2022-02-22 19:58:32 - [TEST_STEP][PASSED] - delay(1): Delayed 1 second(s)

2022-02-22 19:58:33 - [MESSAGE][PASSED] - Delayed 1 second(s)

2022-02-22 19:58:33 - [TEST_STEP][PASSED] - setText(LOGN_EdtRdyPassword, "Shalawa18", 0): Text 'Shalawa18' has been set to element 'Object Repository/Mobile/Page/Login/Input Rdy - Password'

2022-02-22 19:58:33 - [MESSAGE][WARNING] - Timeout '0' is invalid. Using default page load timeout: '60'

2022-02-22 19:58:33 - [MESSAGE][PASSED] - Text 'Shalawa18' has been set to element 'Object Repository/Mobile/Page/Login/Input Rdy - Password'

2022-02-22 19:58:33 - [TEST_STEP][PASSED] - delay(1): Delayed 1 second(s)

2022-02-22 19:58:34 - [MESSAGE][PASSED] - Delayed 1 second(s)

2022-02-22 19:58:34 - [TEST_STEP][PASSED] - hideKeyboard(): Keyboard is hidden

2022-02-22 19:58:41 - [MESSAGE][PASSED] - Keyboard is hidden

2022-02-22 19:58:41 - [TEST_STEP][PASSED] - tap(LOGN_BtnLogin, 0): Tapped on element 'Object Repository/Mobile/Page/Login/Button - Login'

2022-02-22 19:58:41 - [MESSAGE][WARNING] - Timeout '0' is invalid. Using default page load timeout: '60'

2022-02-22 19:58:42 - [MESSAGE][PASSED] - Tapped on element 'Object Repository/Mobile/Page/Login/Button - Login'

2022-02-22 19:58:42 - [TEST_STEP][PASSED] - delay(2): Delayed 2 second(s)

2022-02-22 19:58:44 - [MESSAGE][PASSED] - Delayed 2 second(s)

2022-02-22 19:58:44 - [TEST_STEP][PASSED] - break: null

2022-02-22 19:58:44 - [MESSAGE][PASSED] - Call Test Case 'Test Cases/Mobile/Page/Login/Login' successfully

2022-02-22 19:58:44 - [MESSAGE][PASSED] - Call Test Case 'Test Cases/Mobile/Page/CheckLogin' successfully

2022-02-22 19:58:44 - [TEST_STEP][PASSED] - tap(HOME_MenubarAnalysis, 0): Tapped on element 'Object Repository/Mobile/Page/Home/Menubar - Analysis'

2022-02-22 19:58:44 - [MESSAGE][WARNING] - Timeout '0' is invalid. Using default page load timeout: '60'

2022-02-22 19:58:47 - [MESSAGE][PASSED] - Tapped on element 'Object Repository/Mobile/Page/Home/Menubar - Analysis'

2022-02-22 19:58:47 - [TEST_STEP][PASSED] - delay(3): Delayed 3 second(s)

2022-02-22 19:58:50 - [MESSAGE][PASSED] - Delayed 3 second(s)

2022-02-22 19:58:50 - [TEST_STEP][PASSED] - for ([i = 0, i < 1, (i++)]): Delayed 2 second(s)

2022-02-22 19:58:50 - [TEST_STEP][PASSED] - if (action == "technicalsearch"): null

2022-02-22 19:58:50 - [TEST_STEP][PASSED] - else if (action == "technicaldetail"): Delayed 2 second(s)

2022-02-22 19:58:50 - [TEST_STEP][PASSED] - tapAndHold(ANAL_ItemTopResultTech, 1, 0): Tapped and held on element 'Object Repository/Mobile/Page/Analysis/Item - Top Technical' with duration 1

2022-02-22 19:58:50 - [MESSAGE][WARNING] - Timeout '0' is invalid. Using default page load timeout: '60'

2022-02-22 19:58:53 - [MESSAGE][PASSED] - Tapped and held on element 'Object Repository/Mobile/Page/Analysis/Item - Top Technical' with duration 1

2022-02-22 19:58:53 - [TEST_STEP][PASSED] - delay(5): Delayed 5 second(s)

2022-02-22 19:58:58 - [MESSAGE][PASSED] - Delayed 5 second(s)

2022-02-22 19:58:58 - [TEST_STEP][PASSED] - switch (action2): null

2022-02-22 19:58:58 - [TEST_STEP][PASSED] - case "day":: null

2022-02-22 19:58:58 - [TEST_STEP][PASSED] - tapAndHold(ANAL_DETL_BtnD, 1, 0): Tapped and held on element 'Object Repository/Mobile/Page/Analysis/Detail/Button - D' with duration 1

2022-02-22 19:58:58 - [MESSAGE][WARNING] - Timeout '0' is invalid. Using default page load timeout: '60'

2022-02-22 19:59:00 - [MESSAGE][PASSED] - Tapped and held on element 'Object Repository/Mobile/Page/Analysis/Detail/Button - D' with duration 1

2022-02-22 19:59:00 - [TEST_STEP][PASSED] - break: null

2022-02-22 19:59:00 - [TEST_STEP][PASSED] - delay(2): Delayed 2 second(s)

2022-02-22 19:59:02 - [MESSAGE][PASSED] - Delayed 2 second(s)

2022-02-22 19:59:02 - [MESSAGE][PASSED] - Call Test Case 'Test Cases/Mobile/Page/Analysis/Analysis' successfully

2022-02-22 19:59:02 - [TEST_STEP][PASSED] - callTestCase(findTestCase("Mobile/Page/Run App/Terminate App"), [:], STOP_ON_FAILURE): Call Test Case 'Test Cases/Mobile/Page/Run App/Terminate App' successfully

2022-02-22 19:59:02 - [TEST_CASE][PASSED] - Test Cases/Mobile/Page/Run App/Terminate App: Test Cases/Mobile/Page/Run App/Terminate App

2022-02-22 19:59:02 - [TEST_STEP][PASSED] - startApp.OpenApp.terminateApplication(): startApp.OpenApp.terminateApplication is PASSED

2022-02-22 19:59:06 - [MESSAGE][PASSED] - Delayed 3 second(s)

2022-02-22 19:59:06 - [MESSAGE][PASSED] - Current device physical width is 720

2022-02-22 19:59:06 - [MESSAGE][PASSED] - Current device physical height is 1423

2022-02-22 19:59:08 - [MESSAGE][PASSED] - Swiped from 360,853 to 360,142

2022-02-22 19:59:09 - [MESSAGE][PASSED] - Delayed 1 second(s)

2022-02-22 19:59:10 - [MESSAGE][PASSED] - Swiped from 360,853 to 360,142

2022-02-22 19:59:13 - [MESSAGE][PASSED] - Delayed 3 second(s)

2022-02-22 19:59:13 - [MESSAGE][PASSED] - startApp.OpenApp.terminateApplication is PASSED

2022-02-22 19:59:13 - [MESSAGE][PASSED] - Call Test Case 'Test Cases/Mobile/Page/Run App/Terminate App' successfully]]></system-out>
         <system-err><![CDATA[]]></system-err>
      </testcase>
      <testcase name="Test Cases/Mobile/Scenario/Analysis/003 - Melihat detail stock kategori week" time="67.933" classname="Test Cases/Mobile/Scenario/Analysis/003 - Melihat detail stock kategori week" status="PASSED">
         <system-out><![CDATA[2022-02-22 19:59:13 - [TEST_CASE][PASSED] - Test Cases/Mobile/Scenario/Analysis/003 - Melihat detail stock kategori week: Test Cases/Mobile/Scenario/Analysis/003 - Melihat detail stock kategori week

2022-02-22 19:59:13 - [TEST_STEP][PASSED] - callTestCase(findTestCase("Mobile/Page/Run App/Run App byID"), [:], STOP_ON_FAILURE): Call Test Case 'Test Cases/Mobile/Page/Run App/Run App byID' successfully

2022-02-22 19:59:14 - [TEST_CASE][PASSED] - Test Cases/Mobile/Page/Run App/Run App byID: Test Cases/Mobile/Page/Run App/Run App byID

2022-02-22 19:59:14 - [TEST_STEP][PASSED] - startApp.OpenApp.startApplication("id.co.miraeasset.sageclub"): startApp.OpenApp.startApplication is PASSED

2022-02-22 19:59:29 - [MESSAGE][PASSED] - Starting app with application ID: 'id.co.miraeasset.sageclub'

2022-02-22 19:59:29 - [MESSAGE][PASSED] - startApp.OpenApp.startApplication is PASSED

2022-02-22 19:59:29 - [MESSAGE][PASSED] - Call Test Case 'Test Cases/Mobile/Page/Run App/Run App byID' successfully

2022-02-22 19:59:29 - [TEST_STEP][PASSED] - callTestCase(findTestCase("Mobile/Page/Analysis/Analysis"), ["action":"technicaldetail", "action2":"week"], CONTINUE_ON_FAILURE): Call Test Case 'Test Cases/Mobile/Page/Analysis/Analysis' successfully

2022-02-22 19:59:29 - [TEST_CASE][PASSED] - Test Cases/Mobile/Page/Analysis/Analysis: Test Cases/Mobile/Page/Analysis/Analysis

2022-02-22 19:59:29 - [TEST_STEP][PASSED] - callTestCase(findTestCase("Mobile/Page/CheckLogin"), [:], CONTINUE_ON_FAILURE): Call Test Case 'Test Cases/Mobile/Page/CheckLogin' successfully

2022-02-22 19:59:29 - [TEST_CASE][PASSED] - Test Cases/Mobile/Page/CheckLogin: Test Cases/Mobile/Page/CheckLogin

2022-02-22 19:59:29 - [TEST_STEP][PASSED] - loginCheck = verifyElementExist(LOGN_BtnLogin, 5, CONTINUE_ON_FAILURE): Element 'Object Repository/Mobile/Page/Login/Button - Login' is exist

2022-02-22 19:59:31 - [MESSAGE][PASSED] - Element 'Object Repository/Mobile/Page/Login/Button - Login' is exist

2022-02-22 19:59:31 - [TEST_STEP][PASSED] - if (loginCheck): Call Test Case 'Test Cases/Mobile/Page/Login/Login' successfully

2022-02-22 19:59:31 - [TEST_STEP][PASSED] - callTestCase(findTestCase("Mobile/Page/Login/Login"), ["action":"username"], CONTINUE_ON_FAILURE): Call Test Case 'Test Cases/Mobile/Page/Login/Login' successfully

2022-02-22 19:59:31 - [TEST_CASE][PASSED] - Test Cases/Mobile/Page/Login/Login: Test Cases/Mobile/Page/Login/Login

2022-02-22 19:59:31 - [TEST_STEP][PASSED] - delay(2): Delayed 2 second(s)

2022-02-22 19:59:33 - [MESSAGE][PASSED] - Delayed 2 second(s)

2022-02-22 19:59:33 - [TEST_STEP][PASSED] - for ([i = 0, i < 1, (i++)]): null

2022-02-22 19:59:33 - [TEST_STEP][PASSED] - if (action == "username"): null

2022-02-22 19:59:33 - [TEST_STEP][PASSED] - tap(LOGN_EdtUserID, 0): Tapped on element 'Object Repository/Mobile/Page/Login/Input - UserID'

2022-02-22 19:59:33 - [MESSAGE][WARNING] - Timeout '0' is invalid. Using default page load timeout: '60'

2022-02-22 19:59:33 - [MESSAGE][PASSED] - Tapped on element 'Object Repository/Mobile/Page/Login/Input - UserID'

2022-02-22 19:59:33 - [TEST_STEP][PASSED] - delay(1): Delayed 1 second(s)

2022-02-22 19:59:34 - [MESSAGE][PASSED] - Delayed 1 second(s)

2022-02-22 19:59:34 - [TEST_STEP][PASSED] - setText(LOGN_EdtRdyUserID, "anggaaditya", 0): Text 'anggaaditya' has been set to element 'Object Repository/Mobile/Page/Login/Input Rdy - UserID'

2022-02-22 19:59:34 - [MESSAGE][WARNING] - Timeout '0' is invalid. Using default page load timeout: '60'

2022-02-22 19:59:35 - [MESSAGE][PASSED] - Text 'anggaaditya' has been set to element 'Object Repository/Mobile/Page/Login/Input Rdy - UserID'

2022-02-22 19:59:35 - [TEST_STEP][PASSED] - delay(1): Delayed 1 second(s)

2022-02-22 19:59:36 - [MESSAGE][PASSED] - Delayed 1 second(s)

2022-02-22 19:59:36 - [TEST_STEP][PASSED] - hideKeyboard(): Keyboard is hidden

2022-02-22 19:59:40 - [MESSAGE][PASSED] - Keyboard is hidden

2022-02-22 19:59:40 - [TEST_STEP][PASSED] - tap(LOGN_EdtPassword, 0): Tapped on element 'Object Repository/Mobile/Page/Login/Input - Password'

2022-02-22 19:59:40 - [MESSAGE][WARNING] - Timeout '0' is invalid. Using default page load timeout: '60'

2022-02-22 19:59:40 - [MESSAGE][PASSED] - Tapped on element 'Object Repository/Mobile/Page/Login/Input - Password'

2022-02-22 19:59:40 - [TEST_STEP][PASSED] - delay(1): Delayed 1 second(s)

2022-02-22 19:59:41 - [MESSAGE][PASSED] - Delayed 1 second(s)

2022-02-22 19:59:41 - [TEST_STEP][PASSED] - setText(LOGN_EdtRdyPassword, "Shalawa18", 0): Text 'Shalawa18' has been set to element 'Object Repository/Mobile/Page/Login/Input Rdy - Password'

2022-02-22 19:59:41 - [MESSAGE][WARNING] - Timeout '0' is invalid. Using default page load timeout: '60'

2022-02-22 19:59:42 - [MESSAGE][PASSED] - Text 'Shalawa18' has been set to element 'Object Repository/Mobile/Page/Login/Input Rdy - Password'

2022-02-22 19:59:42 - [TEST_STEP][PASSED] - delay(1): Delayed 1 second(s)

2022-02-22 19:59:43 - [MESSAGE][PASSED] - Delayed 1 second(s)

2022-02-22 19:59:43 - [TEST_STEP][PASSED] - hideKeyboard(): Keyboard is hidden

2022-02-22 19:59:50 - [MESSAGE][PASSED] - Keyboard is hidden

2022-02-22 19:59:50 - [TEST_STEP][PASSED] - tap(LOGN_BtnLogin, 0): Tapped on element 'Object Repository/Mobile/Page/Login/Button - Login'

2022-02-22 19:59:50 - [MESSAGE][WARNING] - Timeout '0' is invalid. Using default page load timeout: '60'

2022-02-22 19:59:51 - [MESSAGE][PASSED] - Tapped on element 'Object Repository/Mobile/Page/Login/Button - Login'

2022-02-22 19:59:51 - [TEST_STEP][PASSED] - delay(2): Delayed 2 second(s)

2022-02-22 19:59:53 - [MESSAGE][PASSED] - Delayed 2 second(s)

2022-02-22 19:59:53 - [TEST_STEP][PASSED] - break: null

2022-02-22 19:59:53 - [MESSAGE][PASSED] - Call Test Case 'Test Cases/Mobile/Page/Login/Login' successfully

2022-02-22 19:59:53 - [MESSAGE][PASSED] - Call Test Case 'Test Cases/Mobile/Page/CheckLogin' successfully

2022-02-22 19:59:53 - [TEST_STEP][PASSED] - tap(HOME_MenubarAnalysis, 0): Tapped on element 'Object Repository/Mobile/Page/Home/Menubar - Analysis'

2022-02-22 19:59:53 - [MESSAGE][WARNING] - Timeout '0' is invalid. Using default page load timeout: '60'

2022-02-22 19:59:54 - [MESSAGE][PASSED] - Tapped on element 'Object Repository/Mobile/Page/Home/Menubar - Analysis'

2022-02-22 19:59:54 - [TEST_STEP][PASSED] - delay(3): Delayed 3 second(s)

2022-02-22 19:59:57 - [MESSAGE][PASSED] - Delayed 3 second(s)

2022-02-22 19:59:57 - [TEST_STEP][PASSED] - for ([i = 0, i < 1, (i++)]): Delayed 2 second(s)

2022-02-22 19:59:57 - [TEST_STEP][PASSED] - if (action == "technicalsearch"): null

2022-02-22 19:59:57 - [TEST_STEP][PASSED] - else if (action == "technicaldetail"): Delayed 2 second(s)

2022-02-22 19:59:57 - [TEST_STEP][PASSED] - tapAndHold(ANAL_ItemTopResultTech, 1, 0): Tapped and held on element 'Object Repository/Mobile/Page/Analysis/Item - Top Technical' with duration 1

2022-02-22 19:59:57 - [MESSAGE][WARNING] - Timeout '0' is invalid. Using default page load timeout: '60'

2022-02-22 20:00:01 - [MESSAGE][PASSED] - Tapped and held on element 'Object Repository/Mobile/Page/Analysis/Item - Top Technical' with duration 1

2022-02-22 20:00:01 - [TEST_STEP][PASSED] - delay(5): Delayed 5 second(s)

2022-02-22 20:00:06 - [MESSAGE][PASSED] - Delayed 5 second(s)

2022-02-22 20:00:06 - [TEST_STEP][PASSED] - switch (action2): null

2022-02-22 20:00:06 - [TEST_STEP][PASSED] - case "week":: null

2022-02-22 20:00:06 - [TEST_STEP][PASSED] - tapAndHold(ANAL_DETL_BtnW, 1, 0): Tapped and held on element 'Object Repository/Mobile/Page/Analysis/Detail/Button - W' with duration 1

2022-02-22 20:00:06 - [MESSAGE][WARNING] - Timeout '0' is invalid. Using default page load timeout: '60'

2022-02-22 20:00:09 - [MESSAGE][PASSED] - Tapped and held on element 'Object Repository/Mobile/Page/Analysis/Detail/Button - W' with duration 1

2022-02-22 20:00:09 - [TEST_STEP][PASSED] - break: null

2022-02-22 20:00:09 - [TEST_STEP][PASSED] - delay(2): Delayed 2 second(s)

2022-02-22 20:00:11 - [MESSAGE][PASSED] - Delayed 2 second(s)

2022-02-22 20:00:11 - [MESSAGE][PASSED] - Call Test Case 'Test Cases/Mobile/Page/Analysis/Analysis' successfully

2022-02-22 20:00:11 - [TEST_STEP][PASSED] - callTestCase(findTestCase("Mobile/Page/Run App/Terminate App"), [:], STOP_ON_FAILURE): Call Test Case 'Test Cases/Mobile/Page/Run App/Terminate App' successfully

2022-02-22 20:00:11 - [TEST_CASE][PASSED] - Test Cases/Mobile/Page/Run App/Terminate App: Test Cases/Mobile/Page/Run App/Terminate App

2022-02-22 20:00:11 - [TEST_STEP][PASSED] - startApp.OpenApp.terminateApplication(): startApp.OpenApp.terminateApplication is PASSED

2022-02-22 20:00:14 - [MESSAGE][PASSED] - Delayed 3 second(s)

2022-02-22 20:00:14 - [MESSAGE][PASSED] - Current device physical width is 720

2022-02-22 20:00:14 - [MESSAGE][PASSED] - Current device physical height is 1423

2022-02-22 20:00:16 - [MESSAGE][PASSED] - Swiped from 360,853 to 360,142

2022-02-22 20:00:17 - [MESSAGE][PASSED] - Delayed 1 second(s)

2022-02-22 20:00:18 - [MESSAGE][PASSED] - Swiped from 360,853 to 360,142

2022-02-22 20:00:21 - [MESSAGE][PASSED] - Delayed 3 second(s)

2022-02-22 20:00:21 - [MESSAGE][PASSED] - startApp.OpenApp.terminateApplication is PASSED

2022-02-22 20:00:21 - [MESSAGE][PASSED] - Call Test Case 'Test Cases/Mobile/Page/Run App/Terminate App' successfully]]></system-out>
         <system-err><![CDATA[]]></system-err>
      </testcase>
      <testcase name="Test Cases/Mobile/Scenario/Analysis/004 - Melihat detail stock kategori month" time="68.028" classname="Test Cases/Mobile/Scenario/Analysis/004 - Melihat detail stock kategori month" status="PASSED">
         <system-out><![CDATA[2022-02-22 20:00:21 - [TEST_CASE][PASSED] - Test Cases/Mobile/Scenario/Analysis/004 - Melihat detail stock kategori month: Test Cases/Mobile/Scenario/Analysis/004 - Melihat detail stock kategori month

2022-02-22 20:00:21 - [TEST_STEP][PASSED] - callTestCase(findTestCase("Mobile/Page/Run App/Run App byID"), [:], STOP_ON_FAILURE): Call Test Case 'Test Cases/Mobile/Page/Run App/Run App byID' successfully

2022-02-22 20:00:22 - [TEST_CASE][PASSED] - Test Cases/Mobile/Page/Run App/Run App byID: Test Cases/Mobile/Page/Run App/Run App byID

2022-02-22 20:00:22 - [TEST_STEP][PASSED] - startApp.OpenApp.startApplication("id.co.miraeasset.sageclub"): startApp.OpenApp.startApplication is PASSED

2022-02-22 20:00:38 - [MESSAGE][PASSED] - Starting app with application ID: 'id.co.miraeasset.sageclub'

2022-02-22 20:00:38 - [MESSAGE][PASSED] - startApp.OpenApp.startApplication is PASSED

2022-02-22 20:00:38 - [MESSAGE][PASSED] - Call Test Case 'Test Cases/Mobile/Page/Run App/Run App byID' successfully

2022-02-22 20:00:38 - [TEST_STEP][PASSED] - callTestCase(findTestCase("Mobile/Page/Analysis/Analysis"), ["action":"technicaldetail", "action2":"month"], CONTINUE_ON_FAILURE): Call Test Case 'Test Cases/Mobile/Page/Analysis/Analysis' successfully

2022-02-22 20:00:38 - [TEST_CASE][PASSED] - Test Cases/Mobile/Page/Analysis/Analysis: Test Cases/Mobile/Page/Analysis/Analysis

2022-02-22 20:00:38 - [TEST_STEP][PASSED] - callTestCase(findTestCase("Mobile/Page/CheckLogin"), [:], CONTINUE_ON_FAILURE): Call Test Case 'Test Cases/Mobile/Page/CheckLogin' successfully

2022-02-22 20:00:38 - [TEST_CASE][PASSED] - Test Cases/Mobile/Page/CheckLogin: Test Cases/Mobile/Page/CheckLogin

2022-02-22 20:00:38 - [TEST_STEP][PASSED] - loginCheck = verifyElementExist(LOGN_BtnLogin, 5, CONTINUE_ON_FAILURE): Element 'Object Repository/Mobile/Page/Login/Button - Login' is exist

2022-02-22 20:00:39 - [MESSAGE][PASSED] - Element 'Object Repository/Mobile/Page/Login/Button - Login' is exist

2022-02-22 20:00:39 - [TEST_STEP][PASSED] - if (loginCheck): Call Test Case 'Test Cases/Mobile/Page/Login/Login' successfully

2022-02-22 20:00:39 - [TEST_STEP][PASSED] - callTestCase(findTestCase("Mobile/Page/Login/Login"), ["action":"username"], CONTINUE_ON_FAILURE): Call Test Case 'Test Cases/Mobile/Page/Login/Login' successfully

2022-02-22 20:00:39 - [TEST_CASE][PASSED] - Test Cases/Mobile/Page/Login/Login: Test Cases/Mobile/Page/Login/Login

2022-02-22 20:00:39 - [TEST_STEP][PASSED] - delay(2): Delayed 2 second(s)

2022-02-22 20:00:41 - [MESSAGE][PASSED] - Delayed 2 second(s)

2022-02-22 20:00:41 - [TEST_STEP][PASSED] - for ([i = 0, i < 1, (i++)]): null

2022-02-22 20:00:41 - [TEST_STEP][PASSED] - if (action == "username"): null

2022-02-22 20:00:41 - [TEST_STEP][PASSED] - tap(LOGN_EdtUserID, 0): Tapped on element 'Object Repository/Mobile/Page/Login/Input - UserID'

2022-02-22 20:00:41 - [MESSAGE][WARNING] - Timeout '0' is invalid. Using default page load timeout: '60'

2022-02-22 20:00:42 - [MESSAGE][PASSED] - Tapped on element 'Object Repository/Mobile/Page/Login/Input - UserID'

2022-02-22 20:00:42 - [TEST_STEP][PASSED] - delay(1): Delayed 1 second(s)

2022-02-22 20:00:43 - [MESSAGE][PASSED] - Delayed 1 second(s)

2022-02-22 20:00:43 - [TEST_STEP][PASSED] - setText(LOGN_EdtRdyUserID, "anggaaditya", 0): Text 'anggaaditya' has been set to element 'Object Repository/Mobile/Page/Login/Input Rdy - UserID'

2022-02-22 20:00:43 - [MESSAGE][WARNING] - Timeout '0' is invalid. Using default page load timeout: '60'

2022-02-22 20:00:43 - [MESSAGE][PASSED] - Text 'anggaaditya' has been set to element 'Object Repository/Mobile/Page/Login/Input Rdy - UserID'

2022-02-22 20:00:43 - [TEST_STEP][PASSED] - delay(1): Delayed 1 second(s)

2022-02-22 20:00:44 - [MESSAGE][PASSED] - Delayed 1 second(s)

2022-02-22 20:00:44 - [TEST_STEP][PASSED] - hideKeyboard(): Keyboard is hidden

2022-02-22 20:00:48 - [MESSAGE][PASSED] - Keyboard is hidden

2022-02-22 20:00:48 - [TEST_STEP][PASSED] - tap(LOGN_EdtPassword, 0): Tapped on element 'Object Repository/Mobile/Page/Login/Input - Password'

2022-02-22 20:00:48 - [MESSAGE][WARNING] - Timeout '0' is invalid. Using default page load timeout: '60'

2022-02-22 20:00:49 - [MESSAGE][PASSED] - Tapped on element 'Object Repository/Mobile/Page/Login/Input - Password'

2022-02-22 20:00:49 - [TEST_STEP][PASSED] - delay(1): Delayed 1 second(s)

2022-02-22 20:00:50 - [MESSAGE][PASSED] - Delayed 1 second(s)

2022-02-22 20:00:50 - [TEST_STEP][PASSED] - setText(LOGN_EdtRdyPassword, "Shalawa18", 0): Text 'Shalawa18' has been set to element 'Object Repository/Mobile/Page/Login/Input Rdy - Password'

2022-02-22 20:00:50 - [MESSAGE][WARNING] - Timeout '0' is invalid. Using default page load timeout: '60'

2022-02-22 20:00:50 - [MESSAGE][PASSED] - Text 'Shalawa18' has been set to element 'Object Repository/Mobile/Page/Login/Input Rdy - Password'

2022-02-22 20:00:50 - [TEST_STEP][PASSED] - delay(1): Delayed 1 second(s)

2022-02-22 20:00:51 - [MESSAGE][PASSED] - Delayed 1 second(s)

2022-02-22 20:00:51 - [TEST_STEP][PASSED] - hideKeyboard(): Keyboard is hidden

2022-02-22 20:00:58 - [MESSAGE][PASSED] - Keyboard is hidden

2022-02-22 20:00:58 - [TEST_STEP][PASSED] - tap(LOGN_BtnLogin, 0): Tapped on element 'Object Repository/Mobile/Page/Login/Button - Login'

2022-02-22 20:00:58 - [MESSAGE][WARNING] - Timeout '0' is invalid. Using default page load timeout: '60'

2022-02-22 20:01:00 - [MESSAGE][PASSED] - Tapped on element 'Object Repository/Mobile/Page/Login/Button - Login'

2022-02-22 20:01:00 - [TEST_STEP][PASSED] - delay(2): Delayed 2 second(s)

2022-02-22 20:01:02 - [MESSAGE][PASSED] - Delayed 2 second(s)

2022-02-22 20:01:02 - [TEST_STEP][PASSED] - break: null

2022-02-22 20:01:02 - [MESSAGE][PASSED] - Call Test Case 'Test Cases/Mobile/Page/Login/Login' successfully

2022-02-22 20:01:02 - [MESSAGE][PASSED] - Call Test Case 'Test Cases/Mobile/Page/CheckLogin' successfully

2022-02-22 20:01:02 - [TEST_STEP][PASSED] - tap(HOME_MenubarAnalysis, 0): Tapped on element 'Object Repository/Mobile/Page/Home/Menubar - Analysis'

2022-02-22 20:01:02 - [MESSAGE][WARNING] - Timeout '0' is invalid. Using default page load timeout: '60'

2022-02-22 20:01:03 - [MESSAGE][PASSED] - Tapped on element 'Object Repository/Mobile/Page/Home/Menubar - Analysis'

2022-02-22 20:01:03 - [TEST_STEP][PASSED] - delay(3): Delayed 3 second(s)

2022-02-22 20:01:06 - [MESSAGE][PASSED] - Delayed 3 second(s)

2022-02-22 20:01:06 - [TEST_STEP][PASSED] - for ([i = 0, i < 1, (i++)]): Delayed 2 second(s)

2022-02-22 20:01:06 - [TEST_STEP][PASSED] - if (action == "technicalsearch"): null

2022-02-22 20:01:06 - [TEST_STEP][PASSED] - else if (action == "technicaldetail"): Delayed 2 second(s)

2022-02-22 20:01:06 - [TEST_STEP][PASSED] - tapAndHold(ANAL_ItemTopResultTech, 1, 0): Tapped and held on element 'Object Repository/Mobile/Page/Analysis/Item - Top Technical' with duration 1

2022-02-22 20:01:06 - [MESSAGE][WARNING] - Timeout '0' is invalid. Using default page load timeout: '60'

2022-02-22 20:01:09 - [MESSAGE][PASSED] - Tapped and held on element 'Object Repository/Mobile/Page/Analysis/Item - Top Technical' with duration 1

2022-02-22 20:01:09 - [TEST_STEP][PASSED] - delay(5): Delayed 5 second(s)

2022-02-22 20:01:14 - [MESSAGE][PASSED] - Delayed 5 second(s)

2022-02-22 20:01:14 - [TEST_STEP][PASSED] - switch (action2): null

2022-02-22 20:01:14 - [TEST_STEP][PASSED] - case "month":: null

2022-02-22 20:01:14 - [TEST_STEP][PASSED] - tapAndHold(ANAL_DETL_BtnM, 1, 0): Tapped and held on element 'Object Repository/Mobile/Page/Analysis/Detail/Button - M' with duration 1

2022-02-22 20:01:14 - [MESSAGE][WARNING] - Timeout '0' is invalid. Using default page load timeout: '60'

2022-02-22 20:01:17 - [MESSAGE][PASSED] - Tapped and held on element 'Object Repository/Mobile/Page/Analysis/Detail/Button - M' with duration 1

2022-02-22 20:01:17 - [TEST_STEP][PASSED] - break: null

2022-02-22 20:01:17 - [TEST_STEP][PASSED] - delay(2): Delayed 2 second(s)

2022-02-22 20:01:19 - [MESSAGE][PASSED] - Delayed 2 second(s)

2022-02-22 20:01:19 - [MESSAGE][PASSED] - Call Test Case 'Test Cases/Mobile/Page/Analysis/Analysis' successfully

2022-02-22 20:01:19 - [TEST_STEP][PASSED] - callTestCase(findTestCase("Mobile/Page/Run App/Terminate App"), [:], STOP_ON_FAILURE): Call Test Case 'Test Cases/Mobile/Page/Run App/Terminate App' successfully

2022-02-22 20:01:19 - [TEST_CASE][PASSED] - Test Cases/Mobile/Page/Run App/Terminate App: Test Cases/Mobile/Page/Run App/Terminate App

2022-02-22 20:01:19 - [TEST_STEP][PASSED] - startApp.OpenApp.terminateApplication(): startApp.OpenApp.terminateApplication is PASSED

2022-02-22 20:01:22 - [MESSAGE][PASSED] - Delayed 3 second(s)

2022-02-22 20:01:22 - [MESSAGE][PASSED] - Current device physical width is 720

2022-02-22 20:01:22 - [MESSAGE][PASSED] - Current device physical height is 1423

2022-02-22 20:01:24 - [MESSAGE][PASSED] - Swiped from 360,853 to 360,142

2022-02-22 20:01:25 - [MESSAGE][PASSED] - Delayed 1 second(s)

2022-02-22 20:01:26 - [MESSAGE][PASSED] - Swiped from 360,853 to 360,142

2022-02-22 20:01:29 - [MESSAGE][PASSED] - Delayed 3 second(s)

2022-02-22 20:01:29 - [MESSAGE][PASSED] - startApp.OpenApp.terminateApplication is PASSED

2022-02-22 20:01:29 - [MESSAGE][PASSED] - Call Test Case 'Test Cases/Mobile/Page/Run App/Terminate App' successfully]]></system-out>
         <system-err><![CDATA[]]></system-err>
      </testcase>
      <testcase name="Test Cases/Mobile/Scenario/Analysis/005 - Melihat detail stock kategori year" time="68.896" classname="Test Cases/Mobile/Scenario/Analysis/005 - Melihat detail stock kategori year" status="PASSED">
         <system-out><![CDATA[2022-02-22 20:01:29 - [TEST_CASE][PASSED] - Test Cases/Mobile/Scenario/Analysis/005 - Melihat detail stock kategori year: Test Cases/Mobile/Scenario/Analysis/005 - Melihat detail stock kategori year

2022-02-22 20:01:29 - [TEST_STEP][PASSED] - callTestCase(findTestCase("Mobile/Page/Run App/Run App byID"), [:], STOP_ON_FAILURE): Call Test Case 'Test Cases/Mobile/Page/Run App/Run App byID' successfully

2022-02-22 20:01:29 - [TEST_CASE][PASSED] - Test Cases/Mobile/Page/Run App/Run App byID: Test Cases/Mobile/Page/Run App/Run App byID

2022-02-22 20:01:29 - [TEST_STEP][PASSED] - startApp.OpenApp.startApplication("id.co.miraeasset.sageclub"): startApp.OpenApp.startApplication is PASSED

2022-02-22 20:01:45 - [MESSAGE][PASSED] - Starting app with application ID: 'id.co.miraeasset.sageclub'

2022-02-22 20:01:45 - [MESSAGE][PASSED] - startApp.OpenApp.startApplication is PASSED

2022-02-22 20:01:45 - [MESSAGE][PASSED] - Call Test Case 'Test Cases/Mobile/Page/Run App/Run App byID' successfully

2022-02-22 20:01:45 - [TEST_STEP][PASSED] - callTestCase(findTestCase("Mobile/Page/Analysis/Analysis"), ["action":"technicaldetail", "action2":"year"], CONTINUE_ON_FAILURE): Call Test Case 'Test Cases/Mobile/Page/Analysis/Analysis' successfully

2022-02-22 20:01:45 - [TEST_CASE][PASSED] - Test Cases/Mobile/Page/Analysis/Analysis: Test Cases/Mobile/Page/Analysis/Analysis

2022-02-22 20:01:45 - [TEST_STEP][PASSED] - callTestCase(findTestCase("Mobile/Page/CheckLogin"), [:], CONTINUE_ON_FAILURE): Call Test Case 'Test Cases/Mobile/Page/CheckLogin' successfully

2022-02-22 20:01:45 - [TEST_CASE][PASSED] - Test Cases/Mobile/Page/CheckLogin: Test Cases/Mobile/Page/CheckLogin

2022-02-22 20:01:45 - [TEST_STEP][PASSED] - loginCheck = verifyElementExist(LOGN_BtnLogin, 5, CONTINUE_ON_FAILURE): Element 'Object Repository/Mobile/Page/Login/Button - Login' is exist

2022-02-22 20:01:47 - [MESSAGE][PASSED] - Element 'Object Repository/Mobile/Page/Login/Button - Login' is exist

2022-02-22 20:01:47 - [TEST_STEP][PASSED] - if (loginCheck): Call Test Case 'Test Cases/Mobile/Page/Login/Login' successfully

2022-02-22 20:01:47 - [TEST_STEP][PASSED] - callTestCase(findTestCase("Mobile/Page/Login/Login"), ["action":"username"], CONTINUE_ON_FAILURE): Call Test Case 'Test Cases/Mobile/Page/Login/Login' successfully

2022-02-22 20:01:47 - [TEST_CASE][PASSED] - Test Cases/Mobile/Page/Login/Login: Test Cases/Mobile/Page/Login/Login

2022-02-22 20:01:47 - [TEST_STEP][PASSED] - delay(2): Delayed 2 second(s)

2022-02-22 20:01:49 - [MESSAGE][PASSED] - Delayed 2 second(s)

2022-02-22 20:01:49 - [TEST_STEP][PASSED] - for ([i = 0, i < 1, (i++)]): null

2022-02-22 20:01:49 - [TEST_STEP][PASSED] - if (action == "username"): null

2022-02-22 20:01:49 - [TEST_STEP][PASSED] - tap(LOGN_EdtUserID, 0): Tapped on element 'Object Repository/Mobile/Page/Login/Input - UserID'

2022-02-22 20:01:49 - [MESSAGE][WARNING] - Timeout '0' is invalid. Using default page load timeout: '60'

2022-02-22 20:01:49 - [MESSAGE][PASSED] - Tapped on element 'Object Repository/Mobile/Page/Login/Input - UserID'

2022-02-22 20:01:49 - [TEST_STEP][PASSED] - delay(1): Delayed 1 second(s)

2022-02-22 20:01:50 - [MESSAGE][PASSED] - Delayed 1 second(s)

2022-02-22 20:01:50 - [TEST_STEP][PASSED] - setText(LOGN_EdtRdyUserID, "anggaaditya", 0): Text 'anggaaditya' has been set to element 'Object Repository/Mobile/Page/Login/Input Rdy - UserID'

2022-02-22 20:01:50 - [MESSAGE][WARNING] - Timeout '0' is invalid. Using default page load timeout: '60'

2022-02-22 20:01:51 - [MESSAGE][PASSED] - Text 'anggaaditya' has been set to element 'Object Repository/Mobile/Page/Login/Input Rdy - UserID'

2022-02-22 20:01:51 - [TEST_STEP][PASSED] - delay(1): Delayed 1 second(s)

2022-02-22 20:01:52 - [MESSAGE][PASSED] - Delayed 1 second(s)

2022-02-22 20:01:52 - [TEST_STEP][PASSED] - hideKeyboard(): Keyboard is hidden

2022-02-22 20:01:57 - [MESSAGE][PASSED] - Keyboard is hidden

2022-02-22 20:01:57 - [TEST_STEP][PASSED] - tap(LOGN_EdtPassword, 0): Tapped on element 'Object Repository/Mobile/Page/Login/Input - Password'

2022-02-22 20:01:57 - [MESSAGE][WARNING] - Timeout '0' is invalid. Using default page load timeout: '60'

2022-02-22 20:01:57 - [MESSAGE][PASSED] - Tapped on element 'Object Repository/Mobile/Page/Login/Input - Password'

2022-02-22 20:01:57 - [TEST_STEP][PASSED] - delay(1): Delayed 1 second(s)

2022-02-22 20:01:58 - [MESSAGE][PASSED] - Delayed 1 second(s)

2022-02-22 20:01:58 - [TEST_STEP][PASSED] - setText(LOGN_EdtRdyPassword, "Shalawa18", 0): Text 'Shalawa18' has been set to element 'Object Repository/Mobile/Page/Login/Input Rdy - Password'

2022-02-22 20:01:58 - [MESSAGE][WARNING] - Timeout '0' is invalid. Using default page load timeout: '60'

2022-02-22 20:01:59 - [MESSAGE][PASSED] - Text 'Shalawa18' has been set to element 'Object Repository/Mobile/Page/Login/Input Rdy - Password'

2022-02-22 20:01:59 - [TEST_STEP][PASSED] - delay(1): Delayed 1 second(s)

2022-02-22 20:02:00 - [MESSAGE][PASSED] - Delayed 1 second(s)

2022-02-22 20:02:00 - [TEST_STEP][PASSED] - hideKeyboard(): Keyboard is hidden

2022-02-22 20:02:06 - [MESSAGE][PASSED] - Keyboard is hidden

2022-02-22 20:02:06 - [TEST_STEP][PASSED] - tap(LOGN_BtnLogin, 0): Tapped on element 'Object Repository/Mobile/Page/Login/Button - Login'

2022-02-22 20:02:06 - [MESSAGE][WARNING] - Timeout '0' is invalid. Using default page load timeout: '60'

2022-02-22 20:02:07 - [MESSAGE][PASSED] - Tapped on element 'Object Repository/Mobile/Page/Login/Button - Login'

2022-02-22 20:02:07 - [TEST_STEP][PASSED] - delay(2): Delayed 2 second(s)

2022-02-22 20:02:09 - [MESSAGE][PASSED] - Delayed 2 second(s)

2022-02-22 20:02:09 - [TEST_STEP][PASSED] - break: null

2022-02-22 20:02:09 - [MESSAGE][PASSED] - Call Test Case 'Test Cases/Mobile/Page/Login/Login' successfully

2022-02-22 20:02:09 - [MESSAGE][PASSED] - Call Test Case 'Test Cases/Mobile/Page/CheckLogin' successfully

2022-02-22 20:02:09 - [TEST_STEP][PASSED] - tap(HOME_MenubarAnalysis, 0): Tapped on element 'Object Repository/Mobile/Page/Home/Menubar - Analysis'

2022-02-22 20:02:09 - [MESSAGE][WARNING] - Timeout '0' is invalid. Using default page load timeout: '60'

2022-02-22 20:02:12 - [MESSAGE][PASSED] - Tapped on element 'Object Repository/Mobile/Page/Home/Menubar - Analysis'

2022-02-22 20:02:12 - [TEST_STEP][PASSED] - delay(3): Delayed 3 second(s)

2022-02-22 20:02:15 - [MESSAGE][PASSED] - Delayed 3 second(s)

2022-02-22 20:02:15 - [TEST_STEP][PASSED] - for ([i = 0, i < 1, (i++)]): Delayed 2 second(s)

2022-02-22 20:02:15 - [TEST_STEP][PASSED] - if (action == "technicalsearch"): null

2022-02-22 20:02:15 - [TEST_STEP][PASSED] - else if (action == "technicaldetail"): Delayed 2 second(s)

2022-02-22 20:02:15 - [TEST_STEP][PASSED] - tapAndHold(ANAL_ItemTopResultTech, 1, 0): Tapped and held on element 'Object Repository/Mobile/Page/Analysis/Item - Top Technical' with duration 1

2022-02-22 20:02:15 - [MESSAGE][WARNING] - Timeout '0' is invalid. Using default page load timeout: '60'

2022-02-22 20:02:17 - [MESSAGE][PASSED] - Tapped and held on element 'Object Repository/Mobile/Page/Analysis/Item - Top Technical' with duration 1

2022-02-22 20:02:17 - [TEST_STEP][PASSED] - delay(5): Delayed 5 second(s)

2022-02-22 20:02:23 - [MESSAGE][PASSED] - Delayed 5 second(s)

2022-02-22 20:02:23 - [TEST_STEP][PASSED] - switch (action2): null

2022-02-22 20:02:23 - [TEST_STEP][PASSED] - case "year":: null

2022-02-22 20:02:23 - [TEST_STEP][PASSED] - tapAndHold(ANAL_DETL_BtnY, 1, 0): Tapped and held on element 'Object Repository/Mobile/Page/Analysis/Detail/Button - Y' with duration 1

2022-02-22 20:02:23 - [MESSAGE][WARNING] - Timeout '0' is invalid. Using default page load timeout: '60'

2022-02-22 20:02:25 - [MESSAGE][PASSED] - Tapped and held on element 'Object Repository/Mobile/Page/Analysis/Detail/Button - Y' with duration 1

2022-02-22 20:02:25 - [TEST_STEP][PASSED] - break: null

2022-02-22 20:02:25 - [TEST_STEP][PASSED] - delay(2): Delayed 2 second(s)

2022-02-22 20:02:27 - [MESSAGE][PASSED] - Delayed 2 second(s)

2022-02-22 20:02:27 - [MESSAGE][PASSED] - Call Test Case 'Test Cases/Mobile/Page/Analysis/Analysis' successfully

2022-02-22 20:02:27 - [TEST_STEP][PASSED] - callTestCase(findTestCase("Mobile/Page/Run App/Terminate App"), [:], STOP_ON_FAILURE): Call Test Case 'Test Cases/Mobile/Page/Run App/Terminate App' successfully

2022-02-22 20:02:27 - [TEST_CASE][PASSED] - Test Cases/Mobile/Page/Run App/Terminate App: Test Cases/Mobile/Page/Run App/Terminate App

2022-02-22 20:02:27 - [TEST_STEP][PASSED] - startApp.OpenApp.terminateApplication(): startApp.OpenApp.terminateApplication is PASSED

2022-02-22 20:02:30 - [MESSAGE][PASSED] - Delayed 3 second(s)

2022-02-22 20:02:31 - [MESSAGE][PASSED] - Current device physical width is 720

2022-02-22 20:02:31 - [MESSAGE][PASSED] - Current device physical height is 1423

2022-02-22 20:02:33 - [MESSAGE][PASSED] - Swiped from 360,853 to 360,142

2022-02-22 20:02:34 - [MESSAGE][PASSED] - Delayed 1 second(s)

2022-02-22 20:02:35 - [MESSAGE][PASSED] - Swiped from 360,853 to 360,142

2022-02-22 20:02:38 - [MESSAGE][PASSED] - Delayed 3 second(s)

2022-02-22 20:02:38 - [MESSAGE][PASSED] - startApp.OpenApp.terminateApplication is PASSED

2022-02-22 20:02:38 - [MESSAGE][PASSED] - Call Test Case 'Test Cases/Mobile/Page/Run App/Terminate App' successfully]]></system-out>
         <system-err><![CDATA[]]></system-err>
      </testcase>
      <testcase name="Test Cases/Mobile/Scenario/Analysis/006 - Melihat Research Report" time="63.602" classname="Test Cases/Mobile/Scenario/Analysis/006 - Melihat Research Report" status="PASSED">
         <system-out><![CDATA[2022-02-22 20:02:38 - [TEST_CASE][PASSED] - Test Cases/Mobile/Scenario/Analysis/006 - Melihat Research Report: Test Cases/Mobile/Scenario/Analysis/006 - Melihat Research Report

2022-02-22 20:02:38 - [TEST_STEP][PASSED] - callTestCase(findTestCase("Mobile/Page/Run App/Run App byID"), [:], STOP_ON_FAILURE): Call Test Case 'Test Cases/Mobile/Page/Run App/Run App byID' successfully

2022-02-22 20:02:38 - [TEST_CASE][PASSED] - Test Cases/Mobile/Page/Run App/Run App byID: Test Cases/Mobile/Page/Run App/Run App byID

2022-02-22 20:02:38 - [TEST_STEP][PASSED] - startApp.OpenApp.startApplication("id.co.miraeasset.sageclub"): startApp.OpenApp.startApplication is PASSED

2022-02-22 20:02:54 - [MESSAGE][PASSED] - Starting app with application ID: 'id.co.miraeasset.sageclub'

2022-02-22 20:02:54 - [MESSAGE][PASSED] - startApp.OpenApp.startApplication is PASSED

2022-02-22 20:02:54 - [MESSAGE][PASSED] - Call Test Case 'Test Cases/Mobile/Page/Run App/Run App byID' successfully

2022-02-22 20:02:54 - [TEST_STEP][PASSED] - callTestCase(findTestCase("Mobile/Page/Analysis/Analysis"), ["action":"researchdetail"], CONTINUE_ON_FAILURE): Call Test Case 'Test Cases/Mobile/Page/Analysis/Analysis' successfully

2022-02-22 20:02:54 - [TEST_CASE][PASSED] - Test Cases/Mobile/Page/Analysis/Analysis: Test Cases/Mobile/Page/Analysis/Analysis

2022-02-22 20:02:54 - [TEST_STEP][PASSED] - callTestCase(findTestCase("Mobile/Page/CheckLogin"), [:], CONTINUE_ON_FAILURE): Call Test Case 'Test Cases/Mobile/Page/CheckLogin' successfully

2022-02-22 20:02:54 - [TEST_CASE][PASSED] - Test Cases/Mobile/Page/CheckLogin: Test Cases/Mobile/Page/CheckLogin

2022-02-22 20:02:54 - [TEST_STEP][PASSED] - loginCheck = verifyElementExist(LOGN_BtnLogin, 5, CONTINUE_ON_FAILURE): Element 'Object Repository/Mobile/Page/Login/Button - Login' is exist

2022-02-22 20:02:56 - [MESSAGE][PASSED] - Element 'Object Repository/Mobile/Page/Login/Button - Login' is exist

2022-02-22 20:02:56 - [TEST_STEP][PASSED] - if (loginCheck): Call Test Case 'Test Cases/Mobile/Page/Login/Login' successfully

2022-02-22 20:02:56 - [TEST_STEP][PASSED] - callTestCase(findTestCase("Mobile/Page/Login/Login"), ["action":"username"], CONTINUE_ON_FAILURE): Call Test Case 'Test Cases/Mobile/Page/Login/Login' successfully

2022-02-22 20:02:56 - [TEST_CASE][PASSED] - Test Cases/Mobile/Page/Login/Login: Test Cases/Mobile/Page/Login/Login

2022-02-22 20:02:56 - [TEST_STEP][PASSED] - delay(2): Delayed 2 second(s)

2022-02-22 20:02:58 - [MESSAGE][PASSED] - Delayed 2 second(s)

2022-02-22 20:02:58 - [TEST_STEP][PASSED] - for ([i = 0, i < 1, (i++)]): null

2022-02-22 20:02:58 - [TEST_STEP][PASSED] - if (action == "username"): null

2022-02-22 20:02:58 - [TEST_STEP][PASSED] - tap(LOGN_EdtUserID, 0): Tapped on element 'Object Repository/Mobile/Page/Login/Input - UserID'

2022-02-22 20:02:58 - [MESSAGE][WARNING] - Timeout '0' is invalid. Using default page load timeout: '60'

2022-02-22 20:02:58 - [MESSAGE][PASSED] - Tapped on element 'Object Repository/Mobile/Page/Login/Input - UserID'

2022-02-22 20:02:58 - [TEST_STEP][PASSED] - delay(1): Delayed 1 second(s)

2022-02-22 20:02:59 - [MESSAGE][PASSED] - Delayed 1 second(s)

2022-02-22 20:02:59 - [TEST_STEP][PASSED] - setText(LOGN_EdtRdyUserID, "anggaaditya", 0): Text 'anggaaditya' has been set to element 'Object Repository/Mobile/Page/Login/Input Rdy - UserID'

2022-02-22 20:02:59 - [MESSAGE][WARNING] - Timeout '0' is invalid. Using default page load timeout: '60'

2022-02-22 20:03:00 - [MESSAGE][PASSED] - Text 'anggaaditya' has been set to element 'Object Repository/Mobile/Page/Login/Input Rdy - UserID'

2022-02-22 20:03:00 - [TEST_STEP][PASSED] - delay(1): Delayed 1 second(s)

2022-02-22 20:03:01 - [MESSAGE][PASSED] - Delayed 1 second(s)

2022-02-22 20:03:01 - [TEST_STEP][PASSED] - hideKeyboard(): Keyboard is hidden

2022-02-22 20:03:04 - [MESSAGE][PASSED] - Keyboard is hidden

2022-02-22 20:03:04 - [TEST_STEP][PASSED] - tap(LOGN_EdtPassword, 0): Tapped on element 'Object Repository/Mobile/Page/Login/Input - Password'

2022-02-22 20:03:04 - [MESSAGE][WARNING] - Timeout '0' is invalid. Using default page load timeout: '60'

2022-02-22 20:03:05 - [MESSAGE][PASSED] - Tapped on element 'Object Repository/Mobile/Page/Login/Input - Password'

2022-02-22 20:03:05 - [TEST_STEP][PASSED] - delay(1): Delayed 1 second(s)

2022-02-22 20:03:06 - [MESSAGE][PASSED] - Delayed 1 second(s)

2022-02-22 20:03:06 - [TEST_STEP][PASSED] - setText(LOGN_EdtRdyPassword, "Shalawa18", 0): Text 'Shalawa18' has been set to element 'Object Repository/Mobile/Page/Login/Input Rdy - Password'

2022-02-22 20:03:06 - [MESSAGE][WARNING] - Timeout '0' is invalid. Using default page load timeout: '60'

2022-02-22 20:03:06 - [MESSAGE][PASSED] - Text 'Shalawa18' has been set to element 'Object Repository/Mobile/Page/Login/Input Rdy - Password'

2022-02-22 20:03:06 - [TEST_STEP][PASSED] - delay(1): Delayed 1 second(s)

2022-02-22 20:03:07 - [MESSAGE][PASSED] - Delayed 1 second(s)

2022-02-22 20:03:07 - [TEST_STEP][PASSED] - hideKeyboard(): Keyboard is hidden

2022-02-22 20:03:14 - [MESSAGE][PASSED] - Keyboard is hidden

2022-02-22 20:03:14 - [TEST_STEP][PASSED] - tap(LOGN_BtnLogin, 0): Tapped on element 'Object Repository/Mobile/Page/Login/Button - Login'

2022-02-22 20:03:14 - [MESSAGE][WARNING] - Timeout '0' is invalid. Using default page load timeout: '60'

2022-02-22 20:03:15 - [MESSAGE][PASSED] - Tapped on element 'Object Repository/Mobile/Page/Login/Button - Login'

2022-02-22 20:03:15 - [TEST_STEP][PASSED] - delay(2): Delayed 2 second(s)

2022-02-22 20:03:17 - [MESSAGE][PASSED] - Delayed 2 second(s)

2022-02-22 20:03:17 - [TEST_STEP][PASSED] - break: null

2022-02-22 20:03:17 - [MESSAGE][PASSED] - Call Test Case 'Test Cases/Mobile/Page/Login/Login' successfully

2022-02-22 20:03:17 - [MESSAGE][PASSED] - Call Test Case 'Test Cases/Mobile/Page/CheckLogin' successfully

2022-02-22 20:03:17 - [TEST_STEP][PASSED] - tap(HOME_MenubarAnalysis, 0): Tapped on element 'Object Repository/Mobile/Page/Home/Menubar - Analysis'

2022-02-22 20:03:17 - [MESSAGE][WARNING] - Timeout '0' is invalid. Using default page load timeout: '60'

2022-02-22 20:03:19 - [MESSAGE][PASSED] - Tapped on element 'Object Repository/Mobile/Page/Home/Menubar - Analysis'

2022-02-22 20:03:19 - [TEST_STEP][PASSED] - delay(3): Delayed 3 second(s)

2022-02-22 20:03:22 - [MESSAGE][PASSED] - Delayed 3 second(s)

2022-02-22 20:03:22 - [TEST_STEP][PASSED] - for ([i = 0, i < 1, (i++)]): Press back button successfully

2022-02-22 20:03:22 - [TEST_STEP][PASSED] - if (action == "technicalsearch"): null

2022-02-22 20:03:22 - [TEST_STEP][PASSED] - else if (action == "technicaldetail"): null

2022-02-22 20:03:22 - [TEST_STEP][PASSED] - else if (action == "researchdetail"): Press back button successfully

2022-02-22 20:03:22 - [TEST_STEP][PASSED] - tap(ANAL_TabResearchReport, 0): Tapped on element 'Object Repository/Mobile/Page/Analysis/Tab - Research Report'

2022-02-22 20:03:22 - [MESSAGE][WARNING] - Timeout '0' is invalid. Using default page load timeout: '60'

2022-02-22 20:03:23 - [MESSAGE][PASSED] - Tapped on element 'Object Repository/Mobile/Page/Analysis/Tab - Research Report'

2022-02-22 20:03:23 - [TEST_STEP][PASSED] - delay(1): Delayed 1 second(s)

2022-02-22 20:03:24 - [MESSAGE][PASSED] - Delayed 1 second(s)

2022-02-22 20:03:24 - [TEST_STEP][PASSED] - tapAndHold(ANAL_ItemTopSearch, 1, 0): Tapped and held on element 'Object Repository/Mobile/Page/Analysis/Item - Top Search' with duration 1

2022-02-22 20:03:24 - [MESSAGE][WARNING] - Timeout '0' is invalid. Using default page load timeout: '60'

2022-02-22 20:03:27 - [MESSAGE][PASSED] - Tapped and held on element 'Object Repository/Mobile/Page/Analysis/Item - Top Search' with duration 1

2022-02-22 20:03:27 - [TEST_STEP][PASSED] - delay(3): Delayed 3 second(s)

2022-02-22 20:03:30 - [MESSAGE][PASSED] - Delayed 3 second(s)

2022-02-22 20:03:30 - [TEST_STEP][PASSED] - pressBack(): Press back button successfully

2022-02-22 20:03:30 - [MESSAGE][PASSED] - Press back button successfully

2022-02-22 20:03:30 - [MESSAGE][PASSED] - Call Test Case 'Test Cases/Mobile/Page/Analysis/Analysis' successfully

2022-02-22 20:03:30 - [TEST_STEP][PASSED] - callTestCase(findTestCase("Mobile/Page/Run App/Terminate App"), [:], STOP_ON_FAILURE): Call Test Case 'Test Cases/Mobile/Page/Run App/Terminate App' successfully

2022-02-22 20:03:30 - [TEST_CASE][PASSED] - Test Cases/Mobile/Page/Run App/Terminate App: Test Cases/Mobile/Page/Run App/Terminate App

2022-02-22 20:03:30 - [TEST_STEP][PASSED] - startApp.OpenApp.terminateApplication(): startApp.OpenApp.terminateApplication is PASSED

2022-02-22 20:03:34 - [MESSAGE][PASSED] - Delayed 3 second(s)

2022-02-22 20:03:35 - [MESSAGE][PASSED] - Current device physical width is 720

2022-02-22 20:03:35 - [MESSAGE][PASSED] - Current device physical height is 1423

2022-02-22 20:03:36 - [MESSAGE][PASSED] - Swiped from 360,853 to 360,142

2022-02-22 20:03:37 - [MESSAGE][PASSED] - Delayed 1 second(s)

2022-02-22 20:03:39 - [MESSAGE][PASSED] - Swiped from 360,853 to 360,142

2022-02-22 20:03:42 - [MESSAGE][PASSED] - Delayed 3 second(s)

2022-02-22 20:03:42 - [MESSAGE][PASSED] - startApp.OpenApp.terminateApplication is PASSED

2022-02-22 20:03:42 - [MESSAGE][PASSED] - Call Test Case 'Test Cases/Mobile/Page/Run App/Terminate App' successfully]]></system-out>
         <system-err><![CDATA[]]></system-err>
      </testcase>
      <testcase name="Test Cases/Mobile/Scenario/Analysis/007 - Mencari research report" time="71.102" classname="Test Cases/Mobile/Scenario/Analysis/007 - Mencari research report" status="PASSED">
         <system-out><![CDATA[2022-02-22 20:03:42 - [TEST_CASE][PASSED] - Test Cases/Mobile/Scenario/Analysis/007 - Mencari research report: Test Cases/Mobile/Scenario/Analysis/007 - Mencari research report

2022-02-22 20:03:42 - [TEST_STEP][PASSED] - callTestCase(findTestCase("Mobile/Page/Run App/Run App byID"), [:], STOP_ON_FAILURE): Call Test Case 'Test Cases/Mobile/Page/Run App/Run App byID' successfully

2022-02-22 20:03:42 - [TEST_CASE][PASSED] - Test Cases/Mobile/Page/Run App/Run App byID: Test Cases/Mobile/Page/Run App/Run App byID

2022-02-22 20:03:42 - [TEST_STEP][PASSED] - startApp.OpenApp.startApplication("id.co.miraeasset.sageclub"): startApp.OpenApp.startApplication is PASSED

2022-02-22 20:03:57 - [MESSAGE][PASSED] - Starting app with application ID: 'id.co.miraeasset.sageclub'

2022-02-22 20:03:57 - [MESSAGE][PASSED] - startApp.OpenApp.startApplication is PASSED

2022-02-22 20:03:57 - [MESSAGE][PASSED] - Call Test Case 'Test Cases/Mobile/Page/Run App/Run App byID' successfully

2022-02-22 20:03:57 - [TEST_STEP][PASSED] - callTestCase(findTestCase("Mobile/Page/Analysis/Analysis"), ["action":"researchsearch"], CONTINUE_ON_FAILURE): Call Test Case 'Test Cases/Mobile/Page/Analysis/Analysis' successfully

2022-02-22 20:03:57 - [TEST_CASE][PASSED] - Test Cases/Mobile/Page/Analysis/Analysis: Test Cases/Mobile/Page/Analysis/Analysis

2022-02-22 20:03:57 - [TEST_STEP][PASSED] - callTestCase(findTestCase("Mobile/Page/CheckLogin"), [:], CONTINUE_ON_FAILURE): Call Test Case 'Test Cases/Mobile/Page/CheckLogin' successfully

2022-02-22 20:03:58 - [TEST_CASE][PASSED] - Test Cases/Mobile/Page/CheckLogin: Test Cases/Mobile/Page/CheckLogin

2022-02-22 20:03:58 - [TEST_STEP][PASSED] - loginCheck = verifyElementExist(LOGN_BtnLogin, 5, CONTINUE_ON_FAILURE): Element 'Object Repository/Mobile/Page/Login/Button - Login' is exist

2022-02-22 20:04:00 - [MESSAGE][PASSED] - Element 'Object Repository/Mobile/Page/Login/Button - Login' is exist

2022-02-22 20:04:00 - [TEST_STEP][PASSED] - if (loginCheck): Call Test Case 'Test Cases/Mobile/Page/Login/Login' successfully

2022-02-22 20:04:00 - [TEST_STEP][PASSED] - callTestCase(findTestCase("Mobile/Page/Login/Login"), ["action":"username"], CONTINUE_ON_FAILURE): Call Test Case 'Test Cases/Mobile/Page/Login/Login' successfully

2022-02-22 20:04:00 - [TEST_CASE][PASSED] - Test Cases/Mobile/Page/Login/Login: Test Cases/Mobile/Page/Login/Login

2022-02-22 20:04:00 - [TEST_STEP][PASSED] - delay(2): Delayed 2 second(s)

2022-02-22 20:04:02 - [MESSAGE][PASSED] - Delayed 2 second(s)

2022-02-22 20:04:02 - [TEST_STEP][PASSED] - for ([i = 0, i < 1, (i++)]): null

2022-02-22 20:04:02 - [TEST_STEP][PASSED] - if (action == "username"): null

2022-02-22 20:04:02 - [TEST_STEP][PASSED] - tap(LOGN_EdtUserID, 0): Tapped on element 'Object Repository/Mobile/Page/Login/Input - UserID'

2022-02-22 20:04:02 - [MESSAGE][WARNING] - Timeout '0' is invalid. Using default page load timeout: '60'

2022-02-22 20:04:02 - [MESSAGE][PASSED] - Tapped on element 'Object Repository/Mobile/Page/Login/Input - UserID'

2022-02-22 20:04:02 - [TEST_STEP][PASSED] - delay(1): Delayed 1 second(s)

2022-02-22 20:04:03 - [MESSAGE][PASSED] - Delayed 1 second(s)

2022-02-22 20:04:03 - [TEST_STEP][PASSED] - setText(LOGN_EdtRdyUserID, "anggaaditya", 0): Text 'anggaaditya' has been set to element 'Object Repository/Mobile/Page/Login/Input Rdy - UserID'

2022-02-22 20:04:03 - [MESSAGE][WARNING] - Timeout '0' is invalid. Using default page load timeout: '60'

2022-02-22 20:04:04 - [MESSAGE][PASSED] - Text 'anggaaditya' has been set to element 'Object Repository/Mobile/Page/Login/Input Rdy - UserID'

2022-02-22 20:04:04 - [TEST_STEP][PASSED] - delay(1): Delayed 1 second(s)

2022-02-22 20:04:05 - [MESSAGE][PASSED] - Delayed 1 second(s)

2022-02-22 20:04:05 - [TEST_STEP][PASSED] - hideKeyboard(): Keyboard is hidden

2022-02-22 20:04:09 - [MESSAGE][PASSED] - Keyboard is hidden

2022-02-22 20:04:09 - [TEST_STEP][PASSED] - tap(LOGN_EdtPassword, 0): Tapped on element 'Object Repository/Mobile/Page/Login/Input - Password'

2022-02-22 20:04:09 - [MESSAGE][WARNING] - Timeout '0' is invalid. Using default page load timeout: '60'

2022-02-22 20:04:10 - [MESSAGE][PASSED] - Tapped on element 'Object Repository/Mobile/Page/Login/Input - Password'

2022-02-22 20:04:10 - [TEST_STEP][PASSED] - delay(1): Delayed 1 second(s)

2022-02-22 20:04:11 - [MESSAGE][PASSED] - Delayed 1 second(s)

2022-02-22 20:04:11 - [TEST_STEP][PASSED] - setText(LOGN_EdtRdyPassword, "Shalawa18", 0): Text 'Shalawa18' has been set to element 'Object Repository/Mobile/Page/Login/Input Rdy - Password'

2022-02-22 20:04:11 - [MESSAGE][WARNING] - Timeout '0' is invalid. Using default page load timeout: '60'

2022-02-22 20:04:11 - [MESSAGE][PASSED] - Text 'Shalawa18' has been set to element 'Object Repository/Mobile/Page/Login/Input Rdy - Password'

2022-02-22 20:04:11 - [TEST_STEP][PASSED] - delay(1): Delayed 1 second(s)

2022-02-22 20:04:12 - [MESSAGE][PASSED] - Delayed 1 second(s)

2022-02-22 20:04:12 - [TEST_STEP][PASSED] - hideKeyboard(): Keyboard is hidden

2022-02-22 20:04:19 - [MESSAGE][PASSED] - Keyboard is hidden

2022-02-22 20:04:19 - [TEST_STEP][PASSED] - tap(LOGN_BtnLogin, 0): Tapped on element 'Object Repository/Mobile/Page/Login/Button - Login'

2022-02-22 20:04:19 - [MESSAGE][WARNING] - Timeout '0' is invalid. Using default page load timeout: '60'

2022-02-22 20:04:19 - [MESSAGE][PASSED] - Tapped on element 'Object Repository/Mobile/Page/Login/Button - Login'

2022-02-22 20:04:19 - [TEST_STEP][PASSED] - delay(2): Delayed 2 second(s)

2022-02-22 20:04:21 - [MESSAGE][PASSED] - Delayed 2 second(s)

2022-02-22 20:04:21 - [TEST_STEP][PASSED] - break: null

2022-02-22 20:04:21 - [MESSAGE][PASSED] - Call Test Case 'Test Cases/Mobile/Page/Login/Login' successfully

2022-02-22 20:04:21 - [MESSAGE][PASSED] - Call Test Case 'Test Cases/Mobile/Page/CheckLogin' successfully

2022-02-22 20:04:21 - [TEST_STEP][PASSED] - tap(HOME_MenubarAnalysis, 0): Tapped on element 'Object Repository/Mobile/Page/Home/Menubar - Analysis'

2022-02-22 20:04:21 - [MESSAGE][WARNING] - Timeout '0' is invalid. Using default page load timeout: '60'

2022-02-22 20:04:24 - [MESSAGE][PASSED] - Tapped on element 'Object Repository/Mobile/Page/Home/Menubar - Analysis'

2022-02-22 20:04:24 - [TEST_STEP][PASSED] - delay(3): Delayed 3 second(s)

2022-02-22 20:04:27 - [MESSAGE][PASSED] - Delayed 3 second(s)

2022-02-22 20:04:27 - [TEST_STEP][PASSED] - for ([i = 0, i < 1, (i++)]): Press back button successfully

2022-02-22 20:04:27 - [TEST_STEP][PASSED] - if (action == "technicalsearch"): null

2022-02-22 20:04:27 - [TEST_STEP][PASSED] - else if (action == "technicaldetail"): null

2022-02-22 20:04:27 - [TEST_STEP][PASSED] - else if (action == "researchdetail"): null

2022-02-22 20:04:27 - [TEST_STEP][PASSED] - else if (action == "researchsearch"): Press back button successfully

2022-02-22 20:04:27 - [TEST_STEP][PASSED] - tap(ANAL_TabResearchReport, 0): Tapped on element 'Object Repository/Mobile/Page/Analysis/Tab - Research Report'

2022-02-22 20:04:27 - [MESSAGE][WARNING] - Timeout '0' is invalid. Using default page load timeout: '60'

2022-02-22 20:04:28 - [MESSAGE][PASSED] - Tapped on element 'Object Repository/Mobile/Page/Analysis/Tab - Research Report'

2022-02-22 20:04:28 - [TEST_STEP][PASSED] - delay(1): Delayed 1 second(s)

2022-02-22 20:04:29 - [MESSAGE][PASSED] - Delayed 1 second(s)

2022-02-22 20:04:29 - [TEST_STEP][PASSED] - tap(ANAL_EdtSearch, 0): Tapped on element 'Object Repository/Mobile/Page/Analysis/Input - Search'

2022-02-22 20:04:29 - [MESSAGE][WARNING] - Timeout '0' is invalid. Using default page load timeout: '60'

2022-02-22 20:04:29 - [MESSAGE][PASSED] - Tapped on element 'Object Repository/Mobile/Page/Analysis/Input - Search'

2022-02-22 20:04:29 - [TEST_STEP][PASSED] - delay(1): Delayed 1 second(s)

2022-02-22 20:04:30 - [MESSAGE][PASSED] - Delayed 1 second(s)

2022-02-22 20:04:30 - [TEST_STEP][PASSED] - setText(ANAL_EdtSearch, "embun", 0): Text 'embun' has been set to element 'Object Repository/Mobile/Page/Analysis/Input - Search'

2022-02-22 20:04:30 - [MESSAGE][WARNING] - Timeout '0' is invalid. Using default page load timeout: '60'

2022-02-22 20:04:31 - [MESSAGE][PASSED] - Text 'embun' has been set to element 'Object Repository/Mobile/Page/Analysis/Input - Search'

2022-02-22 20:04:31 - [TEST_STEP][PASSED] - hideKeyboard(): Keyboard is hidden

2022-02-22 20:04:35 - [MESSAGE][PASSED] - Keyboard is hidden

2022-02-22 20:04:35 - [TEST_STEP][PASSED] - tapAndHold(ANAL_ItemTopSearch, 1, 0): Tapped and held on element 'Object Repository/Mobile/Page/Analysis/Item - Top Search' with duration 1

2022-02-22 20:04:35 - [MESSAGE][WARNING] - Timeout '0' is invalid. Using default page load timeout: '60'

2022-02-22 20:04:38 - [MESSAGE][PASSED] - Tapped and held on element 'Object Repository/Mobile/Page/Analysis/Item - Top Search' with duration 1

2022-02-22 20:04:38 - [TEST_STEP][PASSED] - delay(3): Delayed 3 second(s)

2022-02-22 20:04:41 - [MESSAGE][PASSED] - Delayed 3 second(s)

2022-02-22 20:04:41 - [TEST_STEP][PASSED] - pressBack(): Press back button successfully

2022-02-22 20:04:41 - [MESSAGE][PASSED] - Press back button successfully

2022-02-22 20:04:41 - [MESSAGE][PASSED] - Call Test Case 'Test Cases/Mobile/Page/Analysis/Analysis' successfully

2022-02-22 20:04:41 - [TEST_STEP][PASSED] - callTestCase(findTestCase("Mobile/Page/Run App/Terminate App"), [:], STOP_ON_FAILURE): Call Test Case 'Test Cases/Mobile/Page/Run App/Terminate App' successfully

2022-02-22 20:04:41 - [TEST_CASE][PASSED] - Test Cases/Mobile/Page/Run App/Terminate App: Test Cases/Mobile/Page/Run App/Terminate App

2022-02-22 20:04:41 - [TEST_STEP][PASSED] - startApp.OpenApp.terminateApplication(): startApp.OpenApp.terminateApplication is PASSED

2022-02-22 20:04:45 - [MESSAGE][PASSED] - Delayed 3 second(s)

2022-02-22 20:04:46 - [MESSAGE][PASSED] - Current device physical width is 720

2022-02-22 20:04:46 - [MESSAGE][PASSED] - Current device physical height is 1423

2022-02-22 20:04:47 - [MESSAGE][PASSED] - Swiped from 360,853 to 360,142

2022-02-22 20:04:48 - [MESSAGE][PASSED] - Delayed 1 second(s)

2022-02-22 20:04:50 - [MESSAGE][PASSED] - Swiped from 360,853 to 360,142

2022-02-22 20:04:53 - [MESSAGE][PASSED] - Delayed 3 second(s)

2022-02-22 20:04:53 - [MESSAGE][PASSED] - startApp.OpenApp.terminateApplication is PASSED

2022-02-22 20:04:53 - [MESSAGE][PASSED] - Call Test Case 'Test Cases/Mobile/Page/Run App/Terminate App' successfully]]></system-out>
         <system-err><![CDATA[]]></system-err>
      </testcase>
      <system-out><![CDATA[2022-02-22 19:56:17 - [TEST_SUITE][PASSED] - analysis: Test Cases/Mobile/Scenario/Analysis/007 - Mencari research report]]></system-out>
      <system-err><![CDATA[]]></system-err>
   </testsuite>
</testsuites>
