<?xml version="1.0" encoding="UTF-8"?>
<testsuites name="login" time="257.551" tests="5" failures="0" skips="0" errors="0">
   <testsuite name="login" tests="5" failures="0" errors="0" time="257.551" skips="0" timestamp="2022-03-02 10:31:59" hostname="Owner - aldy-tft" id="Test Suites/login">
      <properties>
         <property name="deviceName" value="samsung SM-A205F (Android 11)"/>
         <property name="devicePlatform" value=""/>
         <property name="logFolder" value="C:\\Users\\Owner\\Documents\\kerjaan\\KatalonProject\\qa_katalon_pwm\\qa_katalon_pwm\\Reports\\20220302_103133\\login\\20220302_103135"/>
         <property name="logFiles" value="C:\\Users\\Owner\\Documents\\kerjaan\\KatalonProject\\qa_katalon_pwm\\qa_katalon_pwm\\Reports\\20220302_103133\\login\\20220302_103135\\appium.log, C:\\Users\\Owner\\Documents\\kerjaan\\KatalonProject\\qa_katalon_pwm\\qa_katalon_pwm\\Reports\\20220302_103133\\login\\20220302_103135\\execution0.log"/>
         <property name="attachments" value=""/>
         <property name="hostName" value="Owner - aldy-tft"/>
         <property name="os" value="Windows 10 64bit"/>
         <property name="appiumServerStatus" value="{&quot;value&quot;:{&quot;build&quot;:{&quot;version&quot;:&quot;1.22.0&quot;}},&quot;sessionId&quot;:null,&quot;status&quot;:0}"/>
         <property name="katalonVersion" value="7.9.1.208"/>
         <property name="deviceOS" value="Android"/>
         <property name="appiumVersion" value="1.22.0"/>
         <property name="deviceModel" value="SM-A205F"/>
         <property name="hostAddress" value="192.168.209.223"/>
         <property name="deviceManufacturer" value="samsung"/>
         <property name="deviceId" value="RR8M40C9AXE"/>
         <property name="deviceName" value="samsung SM-A205F (Android 11)"/>
         <property name="deviceOSVersion" value="11"/>
      </properties>
      <testcase name="Test Cases/Mobile/Scenario/Login/001 - Login dengan username" time="65.073" classname="Test Cases/Mobile/Scenario/Login/001 - Login dengan username" status="PASSED">
         <system-out><![CDATA[2022-03-02 10:32:00 - [TEST_CASE][PASSED] - Test Cases/Mobile/Scenario/Login/001 - Login dengan username: Test Cases/Mobile/Scenario/Login/001 - Login dengan username

2022-03-02 10:32:01 - [TEST_STEP][PASSED] - callTestCase(findTestCase("Mobile/Page/Run App/Run App byID"), [:], STOP_ON_FAILURE): Call Test Case 'Test Cases/Mobile/Page/Run App/Run App byID' successfully

2022-03-02 10:32:01 - [TEST_CASE][PASSED] - Test Cases/Mobile/Page/Run App/Run App byID: Test Cases/Mobile/Page/Run App/Run App byID

2022-03-02 10:32:01 - [TEST_STEP][PASSED] - startApp.OpenApp.startApplication("id.co.miraeasset.sageclub"): startApp.OpenApp.startApplication is PASSED

2022-03-02 10:32:03 - [MESSAGE][INFO] - Appium server started on port 60,905

2022-03-02 10:32:19 - [MESSAGE][PASSED] - Starting app with application ID: 'id.co.miraeasset.sageclub'

2022-03-02 10:32:19 - [MESSAGE][PASSED] - startApp.OpenApp.startApplication is PASSED

2022-03-02 10:32:19 - [MESSAGE][PASSED] - Call Test Case 'Test Cases/Mobile/Page/Run App/Run App byID' successfully

2022-03-02 10:32:19 - [TEST_STEP][PASSED] - callTestCase(findTestCase("Mobile/Page/Login/Login"), ["action":"username"], CONTINUE_ON_FAILURE): Call Test Case 'Test Cases/Mobile/Page/Login/Login' successfully

2022-03-02 10:32:19 - [TEST_CASE][PASSED] - Test Cases/Mobile/Page/Login/Login: Test Cases/Mobile/Page/Login/Login

2022-03-02 10:32:19 - [TEST_STEP][PASSED] - delay(2): Delayed 2 second(s)

2022-03-02 10:32:21 - [MESSAGE][PASSED] - Delayed 2 second(s)

2022-03-02 10:32:21 - [TEST_STEP][PASSED] - for ([i = 0, i < 1, (i++)]): null

2022-03-02 10:32:21 - [TEST_STEP][PASSED] - if (action == "username"): null

2022-03-02 10:32:21 - [TEST_STEP][PASSED] - tap(LOGN_EdtUserID, 0): Tapped on element 'Object Repository/Mobile/Page/Login/Input - UserID'

2022-03-02 10:32:22 - [MESSAGE][WARNING] - Test object with id 'Object Repository/Mobile/Page/Analysis/Button - Open With Just Once' does not exist

2022-03-02 10:32:22 - [MESSAGE][WARNING] - Test object with id 'Object Repository/Mobile/Page/Analysis/Button - Search' does not exist

2022-03-02 10:32:23 - [MESSAGE][WARNING] - Test object with id 'Object Repository/Mobile/Page/Home/Button -  Add Watchlist' does not exist

2022-03-02 10:32:23 - [MESSAGE][WARNING] - Test object with id 'Object Repository/Mobile/Page/Home/Button - Open with Just Once' does not exist

2022-03-02 10:32:23 - [MESSAGE][WARNING] - Test object with id 'Object Repository/Mobile/Page/Home/Container - Notification' does not exist

2022-03-02 10:32:24 - [MESSAGE][WARNING] - Test object with id 'Object Repository/Mobile/Page/Home/Watchlist/Input - Search' does not exist

2022-03-02 10:32:24 - [MESSAGE][WARNING] - Test object with id 'Object Repository/Mobile/Page/Home/Watchlist/Item - Top Search' does not exist

2022-03-02 10:32:24 - [MESSAGE][WARNING] - Test object with id 'Object Repository/Mobile/Page/Home/Watchlist/Detail Watchlist/Input - Expiry Date' does not exist

2022-03-02 10:32:24 - [MESSAGE][WARNING] - Test object with id 'Object Repository/Mobile/Page/Home/Watchlist/Detail Watchlist/Item - Watchlist' does not exist

2022-03-02 10:32:25 - [MESSAGE][WARNING] - Test object with id 'Object Repository/Mobile/Page/NavigationMenu/Button - Open Just Once' does not exist

2022-03-02 10:32:25 - [MESSAGE][WARNING] - Test object with id 'Object Repository/Mobile/Page/NavigationMenu/Container - Logout' does not exist

2022-03-02 10:32:28 - [MESSAGE][WARNING] - Test object with id 'Object Repository/Mobile/Page/Analysis/Button - Open With Just Once' does not exist

2022-03-02 10:32:28 - [MESSAGE][WARNING] - Test object with id 'Object Repository/Mobile/Page/Analysis/Button - Search' does not exist

2022-03-02 10:32:29 - [MESSAGE][WARNING] - Test object with id 'Object Repository/Mobile/Page/Home/Button -  Add Watchlist' does not exist

2022-03-02 10:32:29 - [MESSAGE][WARNING] - Test object with id 'Object Repository/Mobile/Page/Home/Button - Open with Just Once' does not exist

2022-03-02 10:32:29 - [MESSAGE][WARNING] - Test object with id 'Object Repository/Mobile/Page/Home/Container - Notification' does not exist

2022-03-02 10:32:30 - [MESSAGE][WARNING] - Test object with id 'Object Repository/Mobile/Page/Home/Watchlist/Input - Search' does not exist

2022-03-02 10:32:30 - [MESSAGE][WARNING] - Test object with id 'Object Repository/Mobile/Page/Home/Watchlist/Item - Top Search' does not exist

2022-03-02 10:32:30 - [MESSAGE][WARNING] - Test object with id 'Object Repository/Mobile/Page/Home/Watchlist/Detail Watchlist/Input - Expiry Date' does not exist

2022-03-02 10:32:30 - [MESSAGE][WARNING] - Test object with id 'Object Repository/Mobile/Page/Home/Watchlist/Detail Watchlist/Item - Watchlist' does not exist

2022-03-02 10:32:31 - [MESSAGE][WARNING] - Test object with id 'Object Repository/Mobile/Page/NavigationMenu/Button - Open Just Once' does not exist

2022-03-02 10:32:31 - [MESSAGE][WARNING] - Test object with id 'Object Repository/Mobile/Page/NavigationMenu/Container - Logout' does not exist

2022-03-02 10:32:35 - [MESSAGE][WARNING] - Timeout '0' is invalid. Using default page load timeout: '60'

2022-03-02 10:32:35 - [MESSAGE][PASSED] - Tapped on element 'Object Repository/Mobile/Page/Login/Input - UserID'

2022-03-02 10:32:35 - [TEST_STEP][PASSED] - delay(1): Delayed 1 second(s)

2022-03-02 10:32:36 - [MESSAGE][PASSED] - Delayed 1 second(s)

2022-03-02 10:32:36 - [TEST_STEP][PASSED] - setText(LOGN_EdtRdyUserID, "anggaaditya", 0): Text 'anggaaditya' has been set to element 'Object Repository/Mobile/Page/Login/Input Rdy - UserID'

2022-03-02 10:32:36 - [MESSAGE][WARNING] - Timeout '0' is invalid. Using default page load timeout: '60'

2022-03-02 10:32:37 - [MESSAGE][PASSED] - Text 'anggaaditya' has been set to element 'Object Repository/Mobile/Page/Login/Input Rdy - UserID'

2022-03-02 10:32:37 - [TEST_STEP][PASSED] - delay(1): Delayed 1 second(s)

2022-03-02 10:32:38 - [MESSAGE][PASSED] - Delayed 1 second(s)

2022-03-02 10:32:38 - [TEST_STEP][PASSED] - hideKeyboard(): Keyboard is hidden

2022-03-02 10:32:42 - [MESSAGE][PASSED] - Keyboard is hidden

2022-03-02 10:32:42 - [TEST_STEP][PASSED] - tap(LOGN_EdtPassword, 0): Tapped on element 'Object Repository/Mobile/Page/Login/Input - Password'

2022-03-02 10:32:42 - [MESSAGE][WARNING] - Timeout '0' is invalid. Using default page load timeout: '60'

2022-03-02 10:32:42 - [MESSAGE][PASSED] - Tapped on element 'Object Repository/Mobile/Page/Login/Input - Password'

2022-03-02 10:32:42 - [TEST_STEP][PASSED] - delay(1): Delayed 1 second(s)

2022-03-02 10:32:43 - [MESSAGE][PASSED] - Delayed 1 second(s)

2022-03-02 10:32:43 - [TEST_STEP][PASSED] - setText(LOGN_EdtRdyPassword, "Shalawa18", 0): Text 'Shalawa18' has been set to element 'Object Repository/Mobile/Page/Login/Input Rdy - Password'

2022-03-02 10:32:43 - [MESSAGE][WARNING] - Timeout '0' is invalid. Using default page load timeout: '60'

2022-03-02 10:32:44 - [MESSAGE][PASSED] - Text 'Shalawa18' has been set to element 'Object Repository/Mobile/Page/Login/Input Rdy - Password'

2022-03-02 10:32:44 - [TEST_STEP][PASSED] - delay(1): Delayed 1 second(s)

2022-03-02 10:32:45 - [MESSAGE][PASSED] - Delayed 1 second(s)

2022-03-02 10:32:45 - [TEST_STEP][PASSED] - hideKeyboard(): Keyboard is hidden

2022-03-02 10:32:51 - [MESSAGE][PASSED] - Keyboard is hidden

2022-03-02 10:32:51 - [TEST_STEP][PASSED] - tap(LOGN_BtnLogin, 0): Tapped on element 'Object Repository/Mobile/Page/Login/Button - Login'

2022-03-02 10:32:51 - [MESSAGE][WARNING] - Timeout '0' is invalid. Using default page load timeout: '60'

2022-03-02 10:32:51 - [MESSAGE][PASSED] - Tapped on element 'Object Repository/Mobile/Page/Login/Button - Login'

2022-03-02 10:32:51 - [TEST_STEP][PASSED] - delay(2): Delayed 2 second(s)

2022-03-02 10:32:53 - [MESSAGE][PASSED] - Delayed 2 second(s)

2022-03-02 10:32:53 - [TEST_STEP][PASSED] - break: null

2022-03-02 10:32:53 - [MESSAGE][PASSED] - Call Test Case 'Test Cases/Mobile/Page/Login/Login' successfully

2022-03-02 10:32:53 - [TEST_STEP][PASSED] - callTestCase(findTestCase("Mobile/Page/Run App/Terminate App"), [:], STOP_ON_FAILURE): Call Test Case 'Test Cases/Mobile/Page/Run App/Terminate App' successfully

2022-03-02 10:32:53 - [TEST_CASE][PASSED] - Test Cases/Mobile/Page/Run App/Terminate App: Test Cases/Mobile/Page/Run App/Terminate App

2022-03-02 10:32:54 - [TEST_STEP][PASSED] - startApp.OpenApp.terminateApplication(): startApp.OpenApp.terminateApplication is PASSED

2022-03-02 10:32:58 - [MESSAGE][PASSED] - Delayed 3 second(s)

2022-03-02 10:32:58 - [MESSAGE][PASSED] - Current device physical width is 720

2022-03-02 10:32:59 - [MESSAGE][PASSED] - Current device physical height is 1423

2022-03-02 10:33:00 - [MESSAGE][PASSED] - Swiped from 360,853 to 360,142

2022-03-02 10:33:01 - [MESSAGE][PASSED] - Delayed 1 second(s)

2022-03-02 10:33:02 - [MESSAGE][PASSED] - Swiped from 360,853 to 360,142

2022-03-02 10:33:05 - [MESSAGE][PASSED] - Delayed 3 second(s)

2022-03-02 10:33:05 - [MESSAGE][PASSED] - startApp.OpenApp.terminateApplication is PASSED

2022-03-02 10:33:05 - [MESSAGE][PASSED] - Call Test Case 'Test Cases/Mobile/Page/Run App/Terminate App' successfully]]></system-out>
         <system-err><![CDATA[]]></system-err>
      </testcase>
      <testcase name="Test Cases/Mobile/Scenario/Login/002 - Login dengan password salah" time="43.571" classname="Test Cases/Mobile/Scenario/Login/002 - Login dengan password salah" status="PASSED">
         <system-out><![CDATA[2022-03-02 10:33:05 - [TEST_CASE][PASSED] - Test Cases/Mobile/Scenario/Login/002 - Login dengan password salah: Test Cases/Mobile/Scenario/Login/002 - Login dengan password salah

2022-03-02 10:33:05 - [TEST_STEP][PASSED] - callTestCase(findTestCase("Mobile/Page/Run App/Run App byID"), [:], STOP_ON_FAILURE): Call Test Case 'Test Cases/Mobile/Page/Run App/Run App byID' successfully

2022-03-02 10:33:05 - [TEST_CASE][PASSED] - Test Cases/Mobile/Page/Run App/Run App byID: Test Cases/Mobile/Page/Run App/Run App byID

2022-03-02 10:33:05 - [TEST_STEP][PASSED] - startApp.OpenApp.startApplication("id.co.miraeasset.sageclub"): startApp.OpenApp.startApplication is PASSED

2022-03-02 10:33:17 - [MESSAGE][PASSED] - Starting app with application ID: 'id.co.miraeasset.sageclub'

2022-03-02 10:33:17 - [MESSAGE][PASSED] - startApp.OpenApp.startApplication is PASSED

2022-03-02 10:33:17 - [MESSAGE][PASSED] - Call Test Case 'Test Cases/Mobile/Page/Run App/Run App byID' successfully

2022-03-02 10:33:17 - [TEST_STEP][PASSED] - callTestCase(findTestCase("Mobile/Page/Login/Login"), ["action":"wrongpassword"], CONTINUE_ON_FAILURE): Call Test Case 'Test Cases/Mobile/Page/Login/Login' successfully

2022-03-02 10:33:17 - [TEST_CASE][PASSED] - Test Cases/Mobile/Page/Login/Login: Test Cases/Mobile/Page/Login/Login

2022-03-02 10:33:17 - [TEST_STEP][PASSED] - delay(2): Delayed 2 second(s)

2022-03-02 10:33:19 - [MESSAGE][PASSED] - Delayed 2 second(s)

2022-03-02 10:33:19 - [TEST_STEP][PASSED] - for ([i = 0, i < 1, (i++)]): null

2022-03-02 10:33:19 - [TEST_STEP][PASSED] - if (action == "username"): null

2022-03-02 10:33:19 - [TEST_STEP][PASSED] - else if (action == "wrongpassword"): null

2022-03-02 10:33:19 - [TEST_STEP][PASSED] - tap(LOGN_EdtUserID, 0): Tapped on element 'Object Repository/Mobile/Page/Login/Input - UserID'

2022-03-02 10:33:19 - [MESSAGE][WARNING] - Timeout '0' is invalid. Using default page load timeout: '60'

2022-03-02 10:33:20 - [MESSAGE][PASSED] - Tapped on element 'Object Repository/Mobile/Page/Login/Input - UserID'

2022-03-02 10:33:20 - [TEST_STEP][PASSED] - delay(1): Delayed 1 second(s)

2022-03-02 10:33:21 - [MESSAGE][PASSED] - Delayed 1 second(s)

2022-03-02 10:33:21 - [TEST_STEP][PASSED] - setText(LOGN_EdtRdyUserID, "anggaaditya", 0): Text 'anggaaditya' has been set to element 'Object Repository/Mobile/Page/Login/Input Rdy - UserID'

2022-03-02 10:33:21 - [MESSAGE][WARNING] - Timeout '0' is invalid. Using default page load timeout: '60'

2022-03-02 10:33:22 - [MESSAGE][PASSED] - Text 'anggaaditya' has been set to element 'Object Repository/Mobile/Page/Login/Input Rdy - UserID'

2022-03-02 10:33:22 - [TEST_STEP][PASSED] - delay(1): Delayed 1 second(s)

2022-03-02 10:33:23 - [MESSAGE][PASSED] - Delayed 1 second(s)

2022-03-02 10:33:23 - [TEST_STEP][PASSED] - hideKeyboard(): Keyboard is hidden

2022-03-02 10:33:26 - [MESSAGE][PASSED] - Keyboard is hidden

2022-03-02 10:33:26 - [TEST_STEP][PASSED] - tap(LOGN_EdtPassword, 0): Tapped on element 'Object Repository/Mobile/Page/Login/Input - Password'

2022-03-02 10:33:26 - [MESSAGE][WARNING] - Timeout '0' is invalid. Using default page load timeout: '60'

2022-03-02 10:33:27 - [MESSAGE][PASSED] - Tapped on element 'Object Repository/Mobile/Page/Login/Input - Password'

2022-03-02 10:33:27 - [TEST_STEP][PASSED] - delay(1): Delayed 1 second(s)

2022-03-02 10:33:28 - [MESSAGE][PASSED] - Delayed 1 second(s)

2022-03-02 10:33:28 - [TEST_STEP][PASSED] - setText(LOGN_EdtRdyPassword, "Shalawa181", 0): Text 'Shalawa181' has been set to element 'Object Repository/Mobile/Page/Login/Input Rdy - Password'

2022-03-02 10:33:28 - [MESSAGE][WARNING] - Timeout '0' is invalid. Using default page load timeout: '60'

2022-03-02 10:33:28 - [MESSAGE][PASSED] - Text 'Shalawa181' has been set to element 'Object Repository/Mobile/Page/Login/Input Rdy - Password'

2022-03-02 10:33:28 - [TEST_STEP][PASSED] - delay(1): Delayed 1 second(s)

2022-03-02 10:33:29 - [MESSAGE][PASSED] - Delayed 1 second(s)

2022-03-02 10:33:29 - [TEST_STEP][PASSED] - hideKeyboard(): Keyboard is hidden

2022-03-02 10:33:36 - [MESSAGE][PASSED] - Keyboard is hidden

2022-03-02 10:33:36 - [TEST_STEP][PASSED] - tap(LOGN_BtnLogin, 0): Tapped on element 'Object Repository/Mobile/Page/Login/Button - Login'

2022-03-02 10:33:36 - [MESSAGE][WARNING] - Timeout '0' is invalid. Using default page load timeout: '60'

2022-03-02 10:33:36 - [MESSAGE][PASSED] - Tapped on element 'Object Repository/Mobile/Page/Login/Button - Login'

2022-03-02 10:33:36 - [TEST_STEP][PASSED] - delay(2): Delayed 2 second(s)

2022-03-02 10:33:38 - [MESSAGE][PASSED] - Delayed 2 second(s)

2022-03-02 10:33:38 - [TEST_STEP][PASSED] - verify = verifyElementExist(LOGN_AlertInvalidCredentials, 5, STOP_ON_FAILURE): Element 'Object Repository/Mobile/Page/Login/Alert - Invalid credentials' is exist

2022-03-02 10:33:39 - [MESSAGE][PASSED] - Element 'Object Repository/Mobile/Page/Login/Alert - Invalid credentials' is exist

2022-03-02 10:33:39 - [TEST_STEP][PASSED] - break: null

2022-03-02 10:33:39 - [MESSAGE][PASSED] - Call Test Case 'Test Cases/Mobile/Page/Login/Login' successfully

2022-03-02 10:33:39 - [TEST_STEP][PASSED] - callTestCase(findTestCase("Mobile/Page/Run App/Terminate App"), [:], STOP_ON_FAILURE): Call Test Case 'Test Cases/Mobile/Page/Run App/Terminate App' successfully

2022-03-02 10:33:39 - [TEST_CASE][PASSED] - Test Cases/Mobile/Page/Run App/Terminate App: Test Cases/Mobile/Page/Run App/Terminate App

2022-03-02 10:33:39 - [TEST_STEP][PASSED] - startApp.OpenApp.terminateApplication(): startApp.OpenApp.terminateApplication is PASSED

2022-03-02 10:33:42 - [MESSAGE][PASSED] - Delayed 3 second(s)

2022-03-02 10:33:42 - [MESSAGE][PASSED] - Current device physical width is 720

2022-03-02 10:33:42 - [MESSAGE][PASSED] - Current device physical height is 1423

2022-03-02 10:33:43 - [MESSAGE][PASSED] - Swiped from 360,853 to 360,142

2022-03-02 10:33:44 - [MESSAGE][PASSED] - Delayed 1 second(s)

2022-03-02 10:33:46 - [MESSAGE][PASSED] - Swiped from 360,853 to 360,142

2022-03-02 10:33:49 - [MESSAGE][PASSED] - Delayed 3 second(s)

2022-03-02 10:33:49 - [MESSAGE][PASSED] - startApp.OpenApp.terminateApplication is PASSED

2022-03-02 10:33:49 - [MESSAGE][PASSED] - Call Test Case 'Test Cases/Mobile/Page/Run App/Terminate App' successfully]]></system-out>
         <system-err><![CDATA[]]></system-err>
      </testcase>
      <testcase name="Test Cases/Mobile/Scenario/Login/003 - Login tanpa internet" time="55.713" classname="Test Cases/Mobile/Scenario/Login/003 - Login tanpa internet" status="PASSED">
         <system-out><![CDATA[2022-03-02 10:33:49 - [TEST_CASE][PASSED] - Test Cases/Mobile/Scenario/Login/003 - Login tanpa internet: Test Cases/Mobile/Scenario/Login/003 - Login tanpa internet

2022-03-02 10:33:49 - [TEST_STEP][PASSED] - callTestCase(findTestCase("Mobile/Page/Run App/Run App byID"), [:], STOP_ON_FAILURE): Call Test Case 'Test Cases/Mobile/Page/Run App/Run App byID' successfully

2022-03-02 10:33:49 - [TEST_CASE][PASSED] - Test Cases/Mobile/Page/Run App/Run App byID: Test Cases/Mobile/Page/Run App/Run App byID

2022-03-02 10:33:49 - [TEST_STEP][PASSED] - startApp.OpenApp.startApplication("id.co.miraeasset.sageclub"): startApp.OpenApp.startApplication is PASSED

2022-03-02 10:34:01 - [MESSAGE][PASSED] - Starting app with application ID: 'id.co.miraeasset.sageclub'

2022-03-02 10:34:01 - [MESSAGE][PASSED] - startApp.OpenApp.startApplication is PASSED

2022-03-02 10:34:01 - [MESSAGE][PASSED] - Call Test Case 'Test Cases/Mobile/Page/Run App/Run App byID' successfully

2022-03-02 10:34:01 - [TEST_STEP][PASSED] - callTestCase(findTestCase("Mobile/Page/Login/Login"), ["action":"nointernet"], CONTINUE_ON_FAILURE): Call Test Case 'Test Cases/Mobile/Page/Login/Login' successfully

2022-03-02 10:34:01 - [TEST_CASE][PASSED] - Test Cases/Mobile/Page/Login/Login: Test Cases/Mobile/Page/Login/Login

2022-03-02 10:34:01 - [TEST_STEP][PASSED] - delay(2): Delayed 2 second(s)

2022-03-02 10:34:03 - [MESSAGE][PASSED] - Delayed 2 second(s)

2022-03-02 10:34:03 - [TEST_STEP][PASSED] - for ([i = 0, i < 1, (i++)]): null

2022-03-02 10:34:03 - [TEST_STEP][PASSED] - if (action == "username"): null

2022-03-02 10:34:03 - [TEST_STEP][PASSED] - else if (action == "wrongpassword"): null

2022-03-02 10:34:03 - [TEST_STEP][PASSED] - else if (action == "nointernet"): null

2022-03-02 10:34:03 - [TEST_STEP][PASSED] - scroll.scroll.scrollNotificationBar(): scroll.scroll.scrollNotificationBar is PASSED

2022-03-02 10:34:03 - [MESSAGE][PASSED] - Current device physical height is 1423

2022-03-02 10:34:05 - [MESSAGE][PASSED] - Swiped from 50,50 to 50,1,138

2022-03-02 10:34:05 - [MESSAGE][PASSED] - scroll.scroll.scrollNotificationBar is PASSED

2022-03-02 10:34:05 - [TEST_STEP][PASSED] - delay(1): Delayed 1 second(s)

2022-03-02 10:34:06 - [MESSAGE][PASSED] - Delayed 1 second(s)

2022-03-02 10:34:06 - [TEST_STEP][PASSED] - tap(OTHR_BtnWifi, 0): Tapped on element 'Object Repository/Mobile/Page/Others/Button - Mobile Data'

2022-03-02 10:34:06 - [MESSAGE][WARNING] - Timeout '0' is invalid. Using default page load timeout: '60'

2022-03-02 10:34:07 - [MESSAGE][PASSED] - Tapped on element 'Object Repository/Mobile/Page/Others/Button - Mobile Data'

2022-03-02 10:34:07 - [TEST_STEP][PASSED] - delay(1): Delayed 1 second(s)

2022-03-02 10:34:08 - [MESSAGE][PASSED] - Delayed 1 second(s)

2022-03-02 10:34:08 - [TEST_STEP][PASSED] - pressBack(): Press back button successfully

2022-03-02 10:34:08 - [MESSAGE][PASSED] - Press back button successfully

2022-03-02 10:34:08 - [TEST_STEP][PASSED] - tap(LOGN_EdtUserID, 0): Tapped on element 'Object Repository/Mobile/Page/Login/Input - UserID'

2022-03-02 10:34:08 - [MESSAGE][WARNING] - Timeout '0' is invalid. Using default page load timeout: '60'

2022-03-02 10:34:09 - [MESSAGE][PASSED] - Tapped on element 'Object Repository/Mobile/Page/Login/Input - UserID'

2022-03-02 10:34:09 - [TEST_STEP][PASSED] - delay(1): Delayed 1 second(s)

2022-03-02 10:34:10 - [MESSAGE][PASSED] - Delayed 1 second(s)

2022-03-02 10:34:10 - [TEST_STEP][PASSED] - setText(LOGN_EdtRdyUserID, "anggaaditya", 0): Text 'anggaaditya' has been set to element 'Object Repository/Mobile/Page/Login/Input Rdy - UserID'

2022-03-02 10:34:10 - [MESSAGE][WARNING] - Timeout '0' is invalid. Using default page load timeout: '60'

2022-03-02 10:34:11 - [MESSAGE][PASSED] - Text 'anggaaditya' has been set to element 'Object Repository/Mobile/Page/Login/Input Rdy - UserID'

2022-03-02 10:34:11 - [TEST_STEP][PASSED] - delay(1): Delayed 1 second(s)

2022-03-02 10:34:12 - [MESSAGE][PASSED] - Delayed 1 second(s)

2022-03-02 10:34:12 - [TEST_STEP][PASSED] - hideKeyboard(): Keyboard is hidden

2022-03-02 10:34:15 - [MESSAGE][PASSED] - Keyboard is hidden

2022-03-02 10:34:15 - [TEST_STEP][PASSED] - tap(LOGN_EdtPassword, 0): Tapped on element 'Object Repository/Mobile/Page/Login/Input - Password'

2022-03-02 10:34:15 - [MESSAGE][WARNING] - Timeout '0' is invalid. Using default page load timeout: '60'

2022-03-02 10:34:16 - [MESSAGE][PASSED] - Tapped on element 'Object Repository/Mobile/Page/Login/Input - Password'

2022-03-02 10:34:16 - [TEST_STEP][PASSED] - delay(1): Delayed 1 second(s)

2022-03-02 10:34:17 - [MESSAGE][PASSED] - Delayed 1 second(s)

2022-03-02 10:34:17 - [TEST_STEP][PASSED] - setText(LOGN_EdtRdyPassword, "Shalawa18", 0): Text 'Shalawa18' has been set to element 'Object Repository/Mobile/Page/Login/Input Rdy - Password'

2022-03-02 10:34:17 - [MESSAGE][WARNING] - Timeout '0' is invalid. Using default page load timeout: '60'

2022-03-02 10:34:17 - [MESSAGE][PASSED] - Text 'Shalawa18' has been set to element 'Object Repository/Mobile/Page/Login/Input Rdy - Password'

2022-03-02 10:34:17 - [TEST_STEP][PASSED] - delay(1): Delayed 1 second(s)

2022-03-02 10:34:19 - [MESSAGE][PASSED] - Delayed 1 second(s)

2022-03-02 10:34:19 - [TEST_STEP][PASSED] - hideKeyboard(): Keyboard is hidden

2022-03-02 10:34:25 - [MESSAGE][PASSED] - Keyboard is hidden

2022-03-02 10:34:25 - [TEST_STEP][PASSED] - tap(LOGN_BtnLogin, 0): Tapped on element 'Object Repository/Mobile/Page/Login/Button - Login'

2022-03-02 10:34:25 - [MESSAGE][WARNING] - Timeout '0' is invalid. Using default page load timeout: '60'

2022-03-02 10:34:26 - [MESSAGE][PASSED] - Tapped on element 'Object Repository/Mobile/Page/Login/Button - Login'

2022-03-02 10:34:26 - [TEST_STEP][PASSED] - delay(2): Delayed 2 second(s)

2022-03-02 10:34:28 - [MESSAGE][PASSED] - Delayed 2 second(s)

2022-03-02 10:34:28 - [TEST_STEP][PASSED] - verify = verifyElementExist(LOGN_AlertCheckYourNetwork, 5, STOP_ON_FAILURE): Element 'Object Repository/Mobile/Page/Login/Alert - Check your network' is exist

2022-03-02 10:34:28 - [MESSAGE][PASSED] - Element 'Object Repository/Mobile/Page/Login/Alert - Check your network' is exist

2022-03-02 10:34:28 - [TEST_STEP][PASSED] - scroll.scroll.scrollNotificationBar(): scroll.scroll.scrollNotificationBar is PASSED

2022-03-02 10:34:28 - [MESSAGE][PASSED] - Current device physical height is 1423

2022-03-02 10:34:30 - [MESSAGE][PASSED] - Swiped from 50,50 to 50,1,138

2022-03-02 10:34:30 - [MESSAGE][PASSED] - scroll.scroll.scrollNotificationBar is PASSED

2022-03-02 10:34:30 - [TEST_STEP][PASSED] - delay(1): Delayed 1 second(s)

2022-03-02 10:34:31 - [MESSAGE][PASSED] - Delayed 1 second(s)

2022-03-02 10:34:31 - [TEST_STEP][PASSED] - tap(OTHR_BtnWifi, 0): Tapped on element 'Object Repository/Mobile/Page/Others/Button - Mobile Data'

2022-03-02 10:34:31 - [MESSAGE][WARNING] - Timeout '0' is invalid. Using default page load timeout: '60'

2022-03-02 10:34:32 - [MESSAGE][PASSED] - Tapped on element 'Object Repository/Mobile/Page/Others/Button - Mobile Data'

2022-03-02 10:34:32 - [TEST_STEP][PASSED] - delay(1): Delayed 1 second(s)

2022-03-02 10:34:33 - [MESSAGE][PASSED] - Delayed 1 second(s)

2022-03-02 10:34:33 - [TEST_STEP][PASSED] - pressBack(): Press back button successfully

2022-03-02 10:34:33 - [MESSAGE][PASSED] - Press back button successfully

2022-03-02 10:34:33 - [TEST_STEP][PASSED] - break: null

2022-03-02 10:34:33 - [MESSAGE][PASSED] - Call Test Case 'Test Cases/Mobile/Page/Login/Login' successfully

2022-03-02 10:34:33 - [TEST_STEP][PASSED] - callTestCase(findTestCase("Mobile/Page/Run App/Terminate App"), [:], STOP_ON_FAILURE): Call Test Case 'Test Cases/Mobile/Page/Run App/Terminate App' successfully

2022-03-02 10:34:33 - [TEST_CASE][PASSED] - Test Cases/Mobile/Page/Run App/Terminate App: Test Cases/Mobile/Page/Run App/Terminate App

2022-03-02 10:34:33 - [TEST_STEP][PASSED] - startApp.OpenApp.terminateApplication(): startApp.OpenApp.terminateApplication is PASSED

2022-03-02 10:34:37 - [MESSAGE][PASSED] - Delayed 3 second(s)

2022-03-02 10:34:38 - [MESSAGE][PASSED] - Current device physical width is 720

2022-03-02 10:34:38 - [MESSAGE][PASSED] - Current device physical height is 1423

2022-03-02 10:34:39 - [MESSAGE][PASSED] - Swiped from 360,853 to 360,142

2022-03-02 10:34:40 - [MESSAGE][PASSED] - Delayed 1 second(s)

2022-03-02 10:34:41 - [MESSAGE][PASSED] - Swiped from 360,853 to 360,142

2022-03-02 10:34:44 - [MESSAGE][PASSED] - Delayed 3 second(s)

2022-03-02 10:34:44 - [MESSAGE][PASSED] - startApp.OpenApp.terminateApplication is PASSED

2022-03-02 10:34:44 - [MESSAGE][PASSED] - Call Test Case 'Test Cases/Mobile/Page/Run App/Terminate App' successfully]]></system-out>
         <system-err><![CDATA[]]></system-err>
      </testcase>
      <testcase name="Test Cases/Mobile/Scenario/Login/004 - Login dengan mengaktifkan visible password" time="45.367" classname="Test Cases/Mobile/Scenario/Login/004 - Login dengan mengaktifkan visible password" status="PASSED">
         <system-out><![CDATA[2022-03-02 10:34:44 - [TEST_CASE][PASSED] - Test Cases/Mobile/Scenario/Login/004 - Login dengan mengaktifkan visible password: Test Cases/Mobile/Scenario/Login/004 - Login dengan mengaktifkan visible password

2022-03-02 10:34:45 - [TEST_STEP][PASSED] - callTestCase(findTestCase("Mobile/Page/Run App/Run App byID"), [:], STOP_ON_FAILURE): Call Test Case 'Test Cases/Mobile/Page/Run App/Run App byID' successfully

2022-03-02 10:34:45 - [TEST_CASE][PASSED] - Test Cases/Mobile/Page/Run App/Run App byID: Test Cases/Mobile/Page/Run App/Run App byID

2022-03-02 10:34:45 - [TEST_STEP][PASSED] - startApp.OpenApp.startApplication("id.co.miraeasset.sageclub"): startApp.OpenApp.startApplication is PASSED

2022-03-02 10:34:56 - [MESSAGE][PASSED] - Starting app with application ID: 'id.co.miraeasset.sageclub'

2022-03-02 10:34:56 - [MESSAGE][PASSED] - startApp.OpenApp.startApplication is PASSED

2022-03-02 10:34:56 - [MESSAGE][PASSED] - Call Test Case 'Test Cases/Mobile/Page/Run App/Run App byID' successfully

2022-03-02 10:34:56 - [TEST_STEP][PASSED] - callTestCase(findTestCase("Mobile/Page/Login/Login"), ["action":"visiblepassword"], CONTINUE_ON_FAILURE): Call Test Case 'Test Cases/Mobile/Page/Login/Login' successfully

2022-03-02 10:34:56 - [TEST_CASE][PASSED] - Test Cases/Mobile/Page/Login/Login: Test Cases/Mobile/Page/Login/Login

2022-03-02 10:34:56 - [TEST_STEP][PASSED] - delay(2): Delayed 2 second(s)

2022-03-02 10:34:58 - [MESSAGE][PASSED] - Delayed 2 second(s)

2022-03-02 10:34:58 - [TEST_STEP][PASSED] - for ([i = 0, i < 1, (i++)]): null

2022-03-02 10:34:58 - [TEST_STEP][PASSED] - if (action == "username"): null

2022-03-02 10:34:58 - [TEST_STEP][PASSED] - else if (action == "wrongpassword"): null

2022-03-02 10:34:58 - [TEST_STEP][PASSED] - else if (action == "nointernet"): null

2022-03-02 10:34:58 - [TEST_STEP][PASSED] - else if (action == "visiblepassword"): null

2022-03-02 10:34:58 - [TEST_STEP][PASSED] - tap(LOGN_EdtUserID, 0): Tapped on element 'Object Repository/Mobile/Page/Login/Input - UserID'

2022-03-02 10:34:58 - [MESSAGE][WARNING] - Timeout '0' is invalid. Using default page load timeout: '60'

2022-03-02 10:35:00 - [MESSAGE][PASSED] - Tapped on element 'Object Repository/Mobile/Page/Login/Input - UserID'

2022-03-02 10:35:00 - [TEST_STEP][PASSED] - delay(1): Delayed 1 second(s)

2022-03-02 10:35:01 - [MESSAGE][PASSED] - Delayed 1 second(s)

2022-03-02 10:35:01 - [TEST_STEP][PASSED] - setText(LOGN_EdtRdyUserID, "anggaaditya", 0): Text 'anggaaditya' has been set to element 'Object Repository/Mobile/Page/Login/Input Rdy - UserID'

2022-03-02 10:35:01 - [MESSAGE][WARNING] - Timeout '0' is invalid. Using default page load timeout: '60'

2022-03-02 10:35:01 - [MESSAGE][PASSED] - Text 'anggaaditya' has been set to element 'Object Repository/Mobile/Page/Login/Input Rdy - UserID'

2022-03-02 10:35:01 - [TEST_STEP][PASSED] - delay(1): Delayed 1 second(s)

2022-03-02 10:35:02 - [MESSAGE][PASSED] - Delayed 1 second(s)

2022-03-02 10:35:02 - [TEST_STEP][PASSED] - hideKeyboard(): Keyboard is hidden

2022-03-02 10:35:06 - [MESSAGE][PASSED] - Keyboard is hidden

2022-03-02 10:35:06 - [TEST_STEP][PASSED] - top = getElementTopPosition(LOGN_EdtPassword, 0): Object 'Object Repository/Mobile/Page/Login/Input - Password' has top position '842'

2022-03-02 10:35:06 - [MESSAGE][WARNING] - Timeout '0' is invalid. Using default page load timeout: '60'

2022-03-02 10:35:06 - [MESSAGE][PASSED] - Object 'Object Repository/Mobile/Page/Login/Input - Password' has top position '842'

2022-03-02 10:35:06 - [TEST_STEP][PASSED] - left = getElementLeftPosition(LOGN_EdtPassword, 0): Object 'Object Repository/Mobile/Page/Login/Input - Password' has left position '32'

2022-03-02 10:35:06 - [MESSAGE][WARNING] - Timeout '0' is invalid. Using default page load timeout: '60'

2022-03-02 10:35:06 - [MESSAGE][PASSED] - Object 'Object Repository/Mobile/Page/Login/Input - Password' has left position '32'

2022-03-02 10:35:06 - [TEST_STEP][PASSED] - x = left + getElementWidth(LOGN_EdtPassword, 0) * 0.9: Object 'Object Repository/Mobile/Page/Login/Input - Password' has width: '657'

2022-03-02 10:35:06 - [MESSAGE][WARNING] - Timeout '0' is invalid. Using default page load timeout: '60'

2022-03-02 10:35:07 - [MESSAGE][PASSED] - Object 'Object Repository/Mobile/Page/Login/Input - Password' has width: '657'

2022-03-02 10:35:07 - [TEST_STEP][PASSED] - y = top + getElementHeight(LOGN_EdtPassword, 0) / 2: Object 'Object Repository/Mobile/Page/Login/Input - Password' has height: '84'

2022-03-02 10:35:07 - [MESSAGE][WARNING] - Timeout '0' is invalid. Using default page load timeout: '60'

2022-03-02 10:35:07 - [MESSAGE][PASSED] - Object 'Object Repository/Mobile/Page/Login/Input - Password' has height: '84'

2022-03-02 10:35:07 - [TEST_STEP][PASSED] - tapAtPosition(x, y): Tapped at [623, 884]

2022-03-02 10:35:08 - [MESSAGE][PASSED] - Tapped at [623, 884]

2022-03-02 10:35:08 - [TEST_STEP][PASSED] - delay(1): Delayed 1 second(s)

2022-03-02 10:35:09 - [MESSAGE][PASSED] - Delayed 1 second(s)

2022-03-02 10:35:09 - [TEST_STEP][PASSED] - tap(LOGN_EdtPassword, 0): Tapped on element 'Object Repository/Mobile/Page/Login/Input - Password'

2022-03-02 10:35:09 - [MESSAGE][WARNING] - Timeout '0' is invalid. Using default page load timeout: '60'

2022-03-02 10:35:09 - [MESSAGE][PASSED] - Tapped on element 'Object Repository/Mobile/Page/Login/Input - Password'

2022-03-02 10:35:09 - [TEST_STEP][PASSED] - delay(1): Delayed 1 second(s)

2022-03-02 10:35:10 - [MESSAGE][PASSED] - Delayed 1 second(s)

2022-03-02 10:35:10 - [TEST_STEP][PASSED] - setText(LOGN_EdtRdyPassword, "Shalawa18", 0): Text 'Shalawa18' has been set to element 'Object Repository/Mobile/Page/Login/Input Rdy - Password'

2022-03-02 10:35:10 - [MESSAGE][WARNING] - Timeout '0' is invalid. Using default page load timeout: '60'

2022-03-02 10:35:11 - [MESSAGE][PASSED] - Text 'Shalawa18' has been set to element 'Object Repository/Mobile/Page/Login/Input Rdy - Password'

2022-03-02 10:35:11 - [TEST_STEP][PASSED] - delay(1): Delayed 1 second(s)

2022-03-02 10:35:12 - [MESSAGE][PASSED] - Delayed 1 second(s)

2022-03-02 10:35:12 - [TEST_STEP][PASSED] - hideKeyboard(): Keyboard is hidden

2022-03-02 10:35:16 - [MESSAGE][PASSED] - Keyboard is hidden

2022-03-02 10:35:16 - [TEST_STEP][PASSED] - tap(LOGN_BtnLogin, 0): Tapped on element 'Object Repository/Mobile/Page/Login/Button - Login'

2022-03-02 10:35:16 - [MESSAGE][WARNING] - Timeout '0' is invalid. Using default page load timeout: '60'

2022-03-02 10:35:17 - [MESSAGE][PASSED] - Tapped on element 'Object Repository/Mobile/Page/Login/Button - Login'

2022-03-02 10:35:17 - [TEST_STEP][PASSED] - delay(2): Delayed 2 second(s)

2022-03-02 10:35:19 - [MESSAGE][PASSED] - Delayed 2 second(s)

2022-03-02 10:35:19 - [TEST_STEP][PASSED] - break: null

2022-03-02 10:35:19 - [MESSAGE][PASSED] - Call Test Case 'Test Cases/Mobile/Page/Login/Login' successfully

2022-03-02 10:35:19 - [TEST_STEP][PASSED] - callTestCase(findTestCase("Mobile/Page/Run App/Terminate App"), [:], STOP_ON_FAILURE): Call Test Case 'Test Cases/Mobile/Page/Run App/Terminate App' successfully

2022-03-02 10:35:19 - [TEST_CASE][PASSED] - Test Cases/Mobile/Page/Run App/Terminate App: Test Cases/Mobile/Page/Run App/Terminate App

2022-03-02 10:35:19 - [TEST_STEP][PASSED] - startApp.OpenApp.terminateApplication(): startApp.OpenApp.terminateApplication is PASSED

2022-03-02 10:35:23 - [MESSAGE][PASSED] - Delayed 3 second(s)

2022-03-02 10:35:23 - [MESSAGE][PASSED] - Current device physical width is 720

2022-03-02 10:35:23 - [MESSAGE][PASSED] - Current device physical height is 1423

2022-03-02 10:35:24 - [MESSAGE][PASSED] - Swiped from 360,853 to 360,142

2022-03-02 10:35:25 - [MESSAGE][PASSED] - Delayed 1 second(s)

2022-03-02 10:35:27 - [MESSAGE][PASSED] - Swiped from 360,853 to 360,142

2022-03-02 10:35:30 - [MESSAGE][PASSED] - Delayed 3 second(s)

2022-03-02 10:35:30 - [MESSAGE][PASSED] - startApp.OpenApp.terminateApplication is PASSED

2022-03-02 10:35:30 - [MESSAGE][PASSED] - Call Test Case 'Test Cases/Mobile/Page/Run App/Terminate App' successfully]]></system-out>
         <system-err><![CDATA[]]></system-err>
      </testcase>
      <testcase name="Test Cases/Mobile/Scenario/Login/005 - Login menggunakan username dengan membatalkan fingerprint" time="46.849" classname="Test Cases/Mobile/Scenario/Login/005 - Login menggunakan username dengan membatalkan fingerprint" status="PASSED">
         <system-out><![CDATA[2022-03-02 10:35:30 - [TEST_CASE][PASSED] - Test Cases/Mobile/Scenario/Login/005 - Login menggunakan username dengan membatalkan fingerprint: Test Cases/Mobile/Scenario/Login/005 - Login menggunakan username dengan membatalkan fingerprint

2022-03-02 10:35:30 - [TEST_STEP][PASSED] - callTestCase(findTestCase("Mobile/Page/Run App/Run App byID"), [:], STOP_ON_FAILURE): Call Test Case 'Test Cases/Mobile/Page/Run App/Run App byID' successfully

2022-03-02 10:35:30 - [TEST_CASE][PASSED] - Test Cases/Mobile/Page/Run App/Run App byID: Test Cases/Mobile/Page/Run App/Run App byID

2022-03-02 10:35:30 - [TEST_STEP][PASSED] - startApp.OpenApp.startApplication("id.co.miraeasset.sageclub"): startApp.OpenApp.startApplication is PASSED

2022-03-02 10:35:42 - [MESSAGE][PASSED] - Starting app with application ID: 'id.co.miraeasset.sageclub'

2022-03-02 10:35:42 - [MESSAGE][PASSED] - startApp.OpenApp.startApplication is PASSED

2022-03-02 10:35:42 - [MESSAGE][PASSED] - Call Test Case 'Test Cases/Mobile/Page/Run App/Run App byID' successfully

2022-03-02 10:35:42 - [TEST_STEP][PASSED] - callTestCase(findTestCase("Mobile/Page/Login/Login"), ["action":"cancelfingerprint"], CONTINUE_ON_FAILURE): Call Test Case 'Test Cases/Mobile/Page/Login/Login' successfully

2022-03-02 10:35:42 - [TEST_CASE][PASSED] - Test Cases/Mobile/Page/Login/Login: Test Cases/Mobile/Page/Login/Login

2022-03-02 10:35:42 - [TEST_STEP][PASSED] - delay(2): Delayed 2 second(s)

2022-03-02 10:35:44 - [MESSAGE][PASSED] - Delayed 2 second(s)

2022-03-02 10:35:44 - [TEST_STEP][PASSED] - for ([i = 0, i < 1, (i++)]): Delayed 2 second(s)

2022-03-02 10:35:44 - [TEST_STEP][PASSED] - if (action == "username"): null

2022-03-02 10:35:44 - [TEST_STEP][PASSED] - else if (action == "wrongpassword"): null

2022-03-02 10:35:44 - [TEST_STEP][PASSED] - else if (action == "nointernet"): null

2022-03-02 10:35:44 - [TEST_STEP][PASSED] - else if (action == "visiblepassword"): null

2022-03-02 10:35:44 - [TEST_STEP][PASSED] - else if (action == "cancelfingerprint"): Delayed 2 second(s)

2022-03-02 10:35:44 - [TEST_STEP][PASSED] - tap(LOGN_BtnFingerprint, 0): Tapped on element 'Object Repository/Mobile/Page/Login/Button - Fingerprint'

2022-03-02 10:35:44 - [MESSAGE][WARNING] - Timeout '0' is invalid. Using default page load timeout: '60'

2022-03-02 10:35:45 - [MESSAGE][PASSED] - Tapped on element 'Object Repository/Mobile/Page/Login/Button - Fingerprint'

2022-03-02 10:35:45 - [TEST_STEP][PASSED] - delay(1): Delayed 1 second(s)

2022-03-02 10:35:46 - [MESSAGE][PASSED] - Delayed 1 second(s)

2022-03-02 10:35:46 - [TEST_STEP][PASSED] - pressBack(): Press back button successfully

2022-03-02 10:35:47 - [MESSAGE][PASSED] - Press back button successfully

2022-03-02 10:35:47 - [TEST_STEP][PASSED] - delay(1): Delayed 1 second(s)

2022-03-02 10:35:48 - [MESSAGE][PASSED] - Delayed 1 second(s)

2022-03-02 10:35:48 - [TEST_STEP][PASSED] - tap(LOGN_EdtUserID, 0): Tapped on element 'Object Repository/Mobile/Page/Login/Input - UserID'

2022-03-02 10:35:48 - [MESSAGE][WARNING] - Timeout '0' is invalid. Using default page load timeout: '60'

2022-03-02 10:35:48 - [MESSAGE][PASSED] - Tapped on element 'Object Repository/Mobile/Page/Login/Input - UserID'

2022-03-02 10:35:48 - [TEST_STEP][PASSED] - delay(1): Delayed 1 second(s)

2022-03-02 10:35:49 - [MESSAGE][PASSED] - Delayed 1 second(s)

2022-03-02 10:35:49 - [TEST_STEP][PASSED] - setText(LOGN_EdtRdyUserID, "anggaaditya", 0): Text 'anggaaditya' has been set to element 'Object Repository/Mobile/Page/Login/Input Rdy - UserID'

2022-03-02 10:35:49 - [MESSAGE][WARNING] - Timeout '0' is invalid. Using default page load timeout: '60'

2022-03-02 10:35:50 - [MESSAGE][PASSED] - Text 'anggaaditya' has been set to element 'Object Repository/Mobile/Page/Login/Input Rdy - UserID'

2022-03-02 10:35:50 - [TEST_STEP][PASSED] - delay(1): Delayed 1 second(s)

2022-03-02 10:35:51 - [MESSAGE][PASSED] - Delayed 1 second(s)

2022-03-02 10:35:51 - [TEST_STEP][PASSED] - hideKeyboard(): Keyboard is hidden

2022-03-02 10:35:54 - [MESSAGE][PASSED] - Keyboard is hidden

2022-03-02 10:35:54 - [TEST_STEP][PASSED] - tap(LOGN_EdtPassword, 0): Tapped on element 'Object Repository/Mobile/Page/Login/Input - Password'

2022-03-02 10:35:54 - [MESSAGE][WARNING] - Timeout '0' is invalid. Using default page load timeout: '60'

2022-03-02 10:35:55 - [MESSAGE][PASSED] - Tapped on element 'Object Repository/Mobile/Page/Login/Input - Password'

2022-03-02 10:35:55 - [TEST_STEP][PASSED] - delay(1): Delayed 1 second(s)

2022-03-02 10:35:56 - [MESSAGE][PASSED] - Delayed 1 second(s)

2022-03-02 10:35:56 - [TEST_STEP][PASSED] - setText(LOGN_EdtRdyPassword, "Shalawa18", 0): Text 'Shalawa18' has been set to element 'Object Repository/Mobile/Page/Login/Input Rdy - Password'

2022-03-02 10:35:56 - [MESSAGE][WARNING] - Timeout '0' is invalid. Using default page load timeout: '60'

2022-03-02 10:35:56 - [MESSAGE][PASSED] - Text 'Shalawa18' has been set to element 'Object Repository/Mobile/Page/Login/Input Rdy - Password'

2022-03-02 10:35:56 - [TEST_STEP][PASSED] - delay(1): Delayed 1 second(s)

2022-03-02 10:35:57 - [MESSAGE][PASSED] - Delayed 1 second(s)

2022-03-02 10:35:57 - [TEST_STEP][PASSED] - hideKeyboard(): Keyboard is hidden

2022-03-02 10:36:03 - [MESSAGE][PASSED] - Keyboard is hidden

2022-03-02 10:36:03 - [TEST_STEP][PASSED] - tap(LOGN_BtnLogin, 0): Tapped on element 'Object Repository/Mobile/Page/Login/Button - Login'

2022-03-02 10:36:03 - [MESSAGE][WARNING] - Timeout '0' is invalid. Using default page load timeout: '60'

2022-03-02 10:36:04 - [MESSAGE][PASSED] - Tapped on element 'Object Repository/Mobile/Page/Login/Button - Login'

2022-03-02 10:36:04 - [TEST_STEP][PASSED] - delay(2): Delayed 2 second(s)

2022-03-02 10:36:06 - [MESSAGE][PASSED] - Delayed 2 second(s)

2022-03-02 10:36:06 - [MESSAGE][PASSED] - Call Test Case 'Test Cases/Mobile/Page/Login/Login' successfully

2022-03-02 10:36:06 - [TEST_STEP][PASSED] - callTestCase(findTestCase("Mobile/Page/Run App/Terminate App"), [:], STOP_ON_FAILURE): Call Test Case 'Test Cases/Mobile/Page/Run App/Terminate App' successfully

2022-03-02 10:36:06 - [TEST_CASE][PASSED] - Test Cases/Mobile/Page/Run App/Terminate App: Test Cases/Mobile/Page/Run App/Terminate App

2022-03-02 10:36:06 - [TEST_STEP][PASSED] - startApp.OpenApp.terminateApplication(): startApp.OpenApp.terminateApplication is PASSED

2022-03-02 10:36:10 - [MESSAGE][PASSED] - Delayed 3 second(s)

2022-03-02 10:36:10 - [MESSAGE][PASSED] - Current device physical width is 720

2022-03-02 10:36:10 - [MESSAGE][PASSED] - Current device physical height is 1423

2022-03-02 10:36:11 - [MESSAGE][PASSED] - Swiped from 360,853 to 360,142

2022-03-02 10:36:12 - [MESSAGE][PASSED] - Delayed 1 second(s)

2022-03-02 10:36:14 - [MESSAGE][PASSED] - Swiped from 360,853 to 360,142

2022-03-02 10:36:17 - [MESSAGE][PASSED] - Delayed 3 second(s)

2022-03-02 10:36:17 - [MESSAGE][PASSED] - startApp.OpenApp.terminateApplication is PASSED

2022-03-02 10:36:17 - [MESSAGE][PASSED] - Call Test Case 'Test Cases/Mobile/Page/Run App/Terminate App' successfully]]></system-out>
         <system-err><![CDATA[]]></system-err>
      </testcase>
      <system-out><![CDATA[2022-03-02 10:31:59 - [TEST_SUITE][PASSED] - login: Test Cases/Mobile/Scenario/Login/005 - Login menggunakan username dengan membatalkan fingerprint]]></system-out>
      <system-err><![CDATA[]]></system-err>
   </testsuite>
</testsuites>
