<?xml version="1.0" encoding="UTF-8"?>
<testsuites name="Register" time="2116.534" tests="13" failures="1" skips="0" errors="0">
   <testsuite name="Register" tests="13" failures="1" errors="0" time="2116.534" skips="0" timestamp="2021-10-29 14:55:12" hostname="Owner - aldy-tft" id="Test Suites/Register">
      <properties>
         <property name="deviceName" value="samsung SM-A205F (Android 11)"/>
         <property name="devicePlatform" value=""/>
         <property name="logFolder" value="C:\\Users\\Owner\\Documents\\kerjaan\\KatalonProject\\qa-katalon-maxfund\\Reports\\20211029_145503\\Register\\20211029_145503"/>
         <property name="logFiles" value="C:\\Users\\Owner\\Documents\\kerjaan\\KatalonProject\\qa-katalon-maxfund\\Reports\\20211029_145503\\Register\\20211029_145503\\appium.log, C:\\Users\\Owner\\Documents\\kerjaan\\KatalonProject\\qa-katalon-maxfund\\Reports\\20211029_145503\\Register\\20211029_145503\\execution0.log"/>
         <property name="attachments" value="C:\\Users\\Owner\\Documents\\kerjaan\\KatalonProject\\qa-katalon-maxfund\\Reports\\20211029_145503\\Register\\20211029_145503\\1635494367768.png, C:\\Users\\Owner\\Documents\\kerjaan\\KatalonProject\\qa-katalon-maxfund\\Reports\\20211029_145503\\Register\\20211029_145503\\1635494370652.png, C:\\Users\\Owner\\Documents\\kerjaan\\KatalonProject\\qa-katalon-maxfund\\Reports\\20211029_145503\\Register\\20211029_145503\\1635494624940.png, C:\\Users\\Owner\\Documents\\kerjaan\\KatalonProject\\qa-katalon-maxfund\\Reports\\20211029_145503\\Register\\20211029_145503\\1635494627897.png, C:\\Users\\Owner\\Documents\\kerjaan\\KatalonProject\\qa-katalon-maxfund\\Reports\\20211029_145503\\Register\\20211029_145503\\1635494849914.png, C:\\Users\\Owner\\Documents\\kerjaan\\KatalonProject\\qa-katalon-maxfund\\Reports\\20211029_145503\\Register\\20211029_145503\\1635494852834.png, C:\\Users\\Owner\\Documents\\kerjaan\\KatalonProject\\qa-katalon-maxfund\\Reports\\20211029_145503\\Register\\20211029_145503\\1635495118684.png, C:\\Users\\Owner\\Documents\\kerjaan\\KatalonProject\\qa-katalon-maxfund\\Reports\\20211029_145503\\Register\\20211029_145503\\1635495121625.png, C:\\Users\\Owner\\Documents\\kerjaan\\KatalonProject\\qa-katalon-maxfund\\Reports\\20211029_145503\\Register\\20211029_145503\\1635495341804.png, C:\\Users\\Owner\\Documents\\kerjaan\\KatalonProject\\qa-katalon-maxfund\\Reports\\20211029_145503\\Register\\20211029_145503\\1635495344947.png, C:\\Users\\Owner\\Documents\\kerjaan\\KatalonProject\\qa-katalon-maxfund\\Reports\\20211029_145503\\Register\\20211029_145503\\1635495554116.png, C:\\Users\\Owner\\Documents\\kerjaan\\KatalonProject\\qa-katalon-maxfund\\Reports\\20211029_145503\\Register\\20211029_145503\\1635495556953.png, C:\\Users\\Owner\\Documents\\kerjaan\\KatalonProject\\qa-katalon-maxfund\\Reports\\20211029_145503\\Register\\20211029_145503\\1635495966182.png, C:\\Users\\Owner\\Documents\\kerjaan\\KatalonProject\\qa-katalon-maxfund\\Reports\\20211029_145503\\Register\\20211029_145503\\1635496109261.png, C:\\Users\\Owner\\Documents\\kerjaan\\KatalonProject\\qa-katalon-maxfund\\Reports\\20211029_145503\\Register\\20211029_145503\\1635496112300.png, C:\\Users\\Owner\\Documents\\kerjaan\\KatalonProject\\qa-katalon-maxfund\\Reports\\20211029_145503\\Register\\20211029_145503\\1635496226639.png, C:\\Users\\Owner\\Documents\\kerjaan\\KatalonProject\\qa-katalon-maxfund\\Reports\\20211029_145503\\Register\\20211029_145503\\1635496227312.png"/>
         <property name="hostName" value="Owner - aldy-tft"/>
         <property name="os" value="Windows 10 64bit"/>
         <property name="appiumServerStatus" value="{&quot;value&quot;:{&quot;build&quot;:{&quot;version&quot;:&quot;1.22.0&quot;}},&quot;sessionId&quot;:null,&quot;status&quot;:0}"/>
         <property name="katalonVersion" value="7.9.1.208"/>
         <property name="deviceOS" value="Android"/>
         <property name="appiumVersion" value="1.22.0"/>
         <property name="deviceModel" value="SM-A205F"/>
         <property name="hostAddress" value="192.168.100.6"/>
         <property name="deviceManufacturer" value="samsung"/>
         <property name="deviceId" value="RR8M40C9AXE"/>
         <property name="deviceName" value="samsung SM-A205F (Android 11)"/>
         <property name="deviceOSVersion" value="11"/>
      </properties>
      <testcase name="Test Cases/Mobile/Scenario/Register/001 - Registrasi dengan Akun Terdaftar" time="121.86" classname="Test Cases/Mobile/Scenario/Register/001 - Registrasi dengan Akun Terdaftar" status="PASSED">
         <system-out><![CDATA[2021-10-29 14:55:13 - [TEST_CASE][PASSED] - Test Cases/Mobile/Scenario/Register/001 - Registrasi dengan Akun Terdaftar: Test Cases/Mobile/Scenario/Register/001 - Registrasi dengan Akun Terdaftar

2021-10-29 14:55:13 - [TEST_STEP][PASSED] - callTestCase(findTestCase("Mobile/Page/Run App/Run App byID"), [:], STOP_ON_FAILURE): Call Test Case 'Test Cases/Mobile/Page/Run App/Run App byID' successfully

2021-10-29 14:55:13 - [TEST_CASE][PASSED] - Test Cases/Mobile/Page/Run App/Run App byID: Test Cases/Mobile/Page/Run App/Run App byID

2021-10-29 14:55:14 - [TEST_STEP][PASSED] - startApp.OpenApp.startApplication("com.mirae.maxfund"): startApp.OpenApp.startApplication is PASSED

2021-10-29 14:55:15 - [MESSAGE][INFO] - Appium server started on port 64,747

2021-10-29 14:55:31 - [MESSAGE][PASSED] - Starting app with application ID: 'com.mirae.maxfund'

2021-10-29 14:55:31 - [MESSAGE][PASSED] - startApp.OpenApp.startApplication is PASSED

2021-10-29 14:55:31 - [MESSAGE][PASSED] - Call Test Case 'Test Cases/Mobile/Page/Run App/Run App byID' successfully

2021-10-29 14:55:31 - [TEST_STEP][PASSED] - callTestCase(findTestCase("Mobile/Page/Register/Register"), ["isFromLoginPage":0, "isRegistered":1, "negativeStatus":"none"], STOP_ON_FAILURE): Call Test Case 'Test Cases/Mobile/Page/Register/Register' successfully

2021-10-29 14:55:31 - [TEST_CASE][PASSED] - Test Cases/Mobile/Page/Register/Register: Test Cases/Mobile/Page/Register/Register

2021-10-29 14:55:32 - [TEST_STEP][PASSED] - delay(5): Delayed 5 second(s)

2021-10-29 14:55:37 - [MESSAGE][PASSED] - Delayed 5 second(s)

2021-10-29 14:55:37 - [TEST_STEP][PASSED] - if (isFromLoginPage == 1): null

2021-10-29 14:55:37 - [TEST_STEP][PASSED] - else: Tapped on element 'Object Repository/Mobile/Page/Dashboard/Button - Register'

2021-10-29 14:55:37 - [TEST_STEP][PASSED] - tap(findTestObject("Object Repository/Mobile/Page/Dashboard/Button - Register"), 0): Tapped on element 'Object Repository/Mobile/Page/Dashboard/Button - Register'

2021-10-29 14:55:37 - [MESSAGE][WARNING] - Timeout '0' is invalid. Using default page load timeout: '60'

2021-10-29 14:55:38 - [MESSAGE][PASSED] - Tapped on element 'Object Repository/Mobile/Page/Dashboard/Button - Register'

2021-10-29 14:55:38 - [TEST_STEP][PASSED] - delay(3): Delayed 3 second(s)

2021-10-29 14:55:41 - [MESSAGE][PASSED] - Delayed 3 second(s)

2021-10-29 14:55:41 - [TEST_STEP][PASSED] - if (isRegistered == 1): null

2021-10-29 14:55:41 - [TEST_STEP][PASSED] - RegisterMethod.registered(negativeStatus): null

2021-10-29 14:55:41 - [TEST_STEP][PASSED] - userid = "irma03": null

2021-10-29 14:55:41 - [TEST_STEP][PASSED] - pass = "Juwita123": null

2021-10-29 14:55:41 - [TEST_STEP][PASSED] - alamat = "bekasi": null

2021-10-29 14:55:41 - [TEST_STEP][PASSED] - kodepos = "17111": null

2021-10-29 14:55:41 - [TEST_STEP][PASSED] - tap(findTestObject("Object Repository/Mobile/Page/Register/Radio Button - Yes already registered"), 0): Tapped on element 'Object Repository/Mobile/Page/Register/Radio Button - Yes already registered'

2021-10-29 14:55:41 - [MESSAGE][WARNING] - Timeout '0' is invalid. Using default page load timeout: '60'

2021-10-29 14:55:42 - [MESSAGE][PASSED] - Tapped on element 'Object Repository/Mobile/Page/Register/Radio Button - Yes already registered'

2021-10-29 14:55:42 - [TEST_STEP][PASSED] - tap(findTestObject("Object Repository/Mobile/Page/Register/Already Registered/Edit Text - User ID"), 0): Tapped on element 'Object Repository/Mobile/Page/Register/Already Registered/Edit Text - User ID'

2021-10-29 14:55:42 - [MESSAGE][WARNING] - Timeout '0' is invalid. Using default page load timeout: '60'

2021-10-29 14:55:43 - [MESSAGE][PASSED] - Tapped on element 'Object Repository/Mobile/Page/Register/Already Registered/Edit Text - User ID'

2021-10-29 14:55:43 - [TEST_STEP][PASSED] - setText(findTestObject("Object Repository/Mobile/Page/Register/Already Registered/Edit Text - User ID"), userid, 0): Text 'irma03' has been set to element 'Object Repository/Mobile/Page/Register/Already Registered/Edit Text - User ID'

2021-10-29 14:55:43 - [MESSAGE][WARNING] - Timeout '0' is invalid. Using default page load timeout: '60'

2021-10-29 14:55:44 - [MESSAGE][PASSED] - Text 'irma03' has been set to element 'Object Repository/Mobile/Page/Register/Already Registered/Edit Text - User ID'

2021-10-29 14:55:44 - [TEST_STEP][PASSED] - hideKeyboard(): Keyboard is hidden

2021-10-29 14:55:50 - [MESSAGE][PASSED] - Keyboard is hidden

2021-10-29 14:55:50 - [TEST_STEP][PASSED] - tap(findTestObject("Object Repository/Mobile/Page/Register/Already Registered/Edit Text - Password"), 0): Tapped on element 'Object Repository/Mobile/Page/Register/Already Registered/Edit Text - Password'

2021-10-29 14:55:50 - [MESSAGE][WARNING] - Timeout '0' is invalid. Using default page load timeout: '60'

2021-10-29 14:55:50 - [MESSAGE][PASSED] - Tapped on element 'Object Repository/Mobile/Page/Register/Already Registered/Edit Text - Password'

2021-10-29 14:55:50 - [TEST_STEP][PASSED] - if (negativeStatus == "invalidAccount"): null

2021-10-29 14:55:50 - [TEST_STEP][PASSED] - else: Tapped on element 'Object Repository/Mobile/Page/Register/Already Registered/Button - Next'

2021-10-29 14:55:50 - [TEST_STEP][PASSED] - setText(findTestObject("Object Repository/Mobile/Page/Register/Already Registered/Edit Text - Password"), pass, 0): Text 'Juwita123' has been set to element 'Object Repository/Mobile/Page/Register/Already Registered/Edit Text - Password'

2021-10-29 14:55:50 - [MESSAGE][WARNING] - Timeout '0' is invalid. Using default page load timeout: '60'

2021-10-29 14:55:52 - [MESSAGE][PASSED] - Text 'Juwita123' has been set to element 'Object Repository/Mobile/Page/Register/Already Registered/Edit Text - Password'

2021-10-29 14:55:52 - [TEST_STEP][PASSED] - hideKeyboard(): Keyboard is hidden

2021-10-29 14:55:58 - [MESSAGE][PASSED] - Keyboard is hidden

2021-10-29 14:55:58 - [TEST_STEP][PASSED] - tap(findTestObject("Object Repository/Mobile/Page/Register/Already Registered/Button - Next"), 0): Tapped on element 'Object Repository/Mobile/Page/Register/Already Registered/Button - Next'

2021-10-29 14:55:58 - [MESSAGE][WARNING] - Timeout '0' is invalid. Using default page load timeout: '60'

2021-10-29 14:55:59 - [MESSAGE][PASSED] - Tapped on element 'Object Repository/Mobile/Page/Register/Already Registered/Button - Next'

2021-10-29 14:55:59 - [TEST_STEP][PASSED] - delay(5): Delayed 5 second(s)

2021-10-29 14:56:04 - [MESSAGE][PASSED] - Delayed 5 second(s)

2021-10-29 14:56:04 - [TEST_STEP][PASSED] - tapAndHold(findTestObject("Object Repository/Mobile/Page/Register/Already Registered/Personal Info/Dropdown - Agama"), 1, 0): Tapped and held on element 'Object Repository/Mobile/Page/Register/Already Registered/Personal Info/Dropdown - Agama' with duration 1

2021-10-29 14:56:04 - [MESSAGE][WARNING] - Timeout '0' is invalid. Using default page load timeout: '60'

2021-10-29 14:56:07 - [MESSAGE][PASSED] - Tapped and held on element 'Object Repository/Mobile/Page/Register/Already Registered/Personal Info/Dropdown - Agama' with duration 1

2021-10-29 14:56:07 - [TEST_STEP][PASSED] - tap(findTestObject("Object Repository/Mobile/Page/Register/Already Registered/Personal Info/Dropdown - Option Agama Islam"), 0): Tapped on element 'Object Repository/Mobile/Page/Register/Already Registered/Personal Info/Dropdown - Option Agama Islam'

2021-10-29 14:56:07 - [MESSAGE][WARNING] - Timeout '0' is invalid. Using default page load timeout: '60'

2021-10-29 14:56:08 - [MESSAGE][PASSED] - Tapped on element 'Object Repository/Mobile/Page/Register/Already Registered/Personal Info/Dropdown - Option Agama Islam'

2021-10-29 14:56:08 - [TEST_STEP][PASSED] - tap(findTestObject("Object Repository/Mobile/Page/Register/Already Registered/Personal Info/Edittext - Alamat"), 0): Tapped on element 'Object Repository/Mobile/Page/Register/Already Registered/Personal Info/Edittext - Alamat'

2021-10-29 14:56:08 - [MESSAGE][WARNING] - Timeout '0' is invalid. Using default page load timeout: '60'

2021-10-29 14:56:08 - [MESSAGE][PASSED] - Tapped on element 'Object Repository/Mobile/Page/Register/Already Registered/Personal Info/Edittext - Alamat'

2021-10-29 14:56:08 - [TEST_STEP][PASSED] - setText(findTestObject("Object Repository/Mobile/Page/Register/Already Registered/Personal Info/Edittext - Alamat"), alamat, 0): Text 'bekasi' has been set to element 'Object Repository/Mobile/Page/Register/Already Registered/Personal Info/Edittext - Alamat'

2021-10-29 14:56:09 - [MESSAGE][WARNING] - Timeout '0' is invalid. Using default page load timeout: '60'

2021-10-29 14:56:10 - [MESSAGE][PASSED] - Text 'bekasi' has been set to element 'Object Repository/Mobile/Page/Register/Already Registered/Personal Info/Edittext - Alamat'

2021-10-29 14:56:10 - [TEST_STEP][PASSED] - tapAndHold(findTestObject("Object Repository/Mobile/Page/Register/Already Registered/Personal Info/Dropdown - Provinsi"), 1, 0): Tapped and held on element 'Object Repository/Mobile/Page/Register/Already Registered/Personal Info/Dropdown - Provinsi' with duration 1

2021-10-29 14:56:10 - [MESSAGE][WARNING] - Timeout '0' is invalid. Using default page load timeout: '60'

2021-10-29 14:56:13 - [MESSAGE][PASSED] - Tapped and held on element 'Object Repository/Mobile/Page/Register/Already Registered/Personal Info/Dropdown - Provinsi' with duration 1

2021-10-29 14:56:13 - [TEST_STEP][PASSED] - tap(findTestObject("Object Repository/Mobile/Page/Register/Already Registered/Personal Info/Dropdown - Option Provinsi Jakarta"), 0): Tapped on element 'Object Repository/Mobile/Page/Register/Already Registered/Personal Info/Dropdown - Option Provinsi Jakarta'

2021-10-29 14:56:13 - [MESSAGE][WARNING] - Timeout '0' is invalid. Using default page load timeout: '60'

2021-10-29 14:56:15 - [MESSAGE][PASSED] - Tapped on element 'Object Repository/Mobile/Page/Register/Already Registered/Personal Info/Dropdown - Option Provinsi Jakarta'

2021-10-29 14:56:15 - [TEST_STEP][PASSED] - hideKeyboard(): Keyboard is hidden

2021-10-29 14:56:19 - [MESSAGE][PASSED] - Keyboard is hidden

2021-10-29 14:56:19 - [TEST_STEP][PASSED] - tapAndHold(findTestObject("Object Repository/Mobile/Page/Register/Already Registered/Personal Info/Dropdown - City"), 1, 0): Tapped and held on element 'Object Repository/Mobile/Page/Register/Already Registered/Personal Info/Dropdown - City' with duration 1

2021-10-29 14:56:19 - [MESSAGE][WARNING] - Timeout '0' is invalid. Using default page load timeout: '60'

2021-10-29 14:56:22 - [MESSAGE][PASSED] - Tapped and held on element 'Object Repository/Mobile/Page/Register/Already Registered/Personal Info/Dropdown - City' with duration 1

2021-10-29 14:56:22 - [TEST_STEP][PASSED] - tap(findTestObject("Object Repository/Mobile/Page/Register/Already Registered/Personal Info/Dropdown - Option City Jaksel"), 0): Tapped on element 'Object Repository/Mobile/Page/Register/Already Registered/Personal Info/Dropdown - Option City Jaksel'

2021-10-29 14:56:22 - [MESSAGE][WARNING] - Timeout '0' is invalid. Using default page load timeout: '60'

2021-10-29 14:56:23 - [MESSAGE][PASSED] - Tapped on element 'Object Repository/Mobile/Page/Register/Already Registered/Personal Info/Dropdown - Option City Jaksel'

2021-10-29 14:56:23 - [TEST_STEP][PASSED] - hideKeyboard(): Keyboard is hidden

2021-10-29 14:56:27 - [MESSAGE][PASSED] - Keyboard is hidden

2021-10-29 14:56:27 - [TEST_STEP][PASSED] - tap(findTestObject("Object Repository/Mobile/Page/Register/Already Registered/Personal Info/Edittext - Kode Pos"), 0): Tapped on element 'Object Repository/Mobile/Page/Register/Already Registered/Personal Info/Edittext - Kode Pos'

2021-10-29 14:56:27 - [MESSAGE][WARNING] - Timeout '0' is invalid. Using default page load timeout: '60'

2021-10-29 14:56:27 - [MESSAGE][PASSED] - Tapped on element 'Object Repository/Mobile/Page/Register/Already Registered/Personal Info/Edittext - Kode Pos'

2021-10-29 14:56:27 - [TEST_STEP][PASSED] - setText(findTestObject("Object Repository/Mobile/Page/Register/Already Registered/Personal Info/Edittext - Kode Pos"), kodepos, 0): Text '17111' has been set to element 'Object Repository/Mobile/Page/Register/Already Registered/Personal Info/Edittext - Kode Pos'

2021-10-29 14:56:27 - [MESSAGE][WARNING] - Timeout '0' is invalid. Using default page load timeout: '60'

2021-10-29 14:56:29 - [MESSAGE][PASSED] - Text '17111' has been set to element 'Object Repository/Mobile/Page/Register/Already Registered/Personal Info/Edittext - Kode Pos'

2021-10-29 14:56:29 - [TEST_STEP][PASSED] - tapAndHold(findTestObject("Object Repository/Mobile/Page/Register/Already Registered/Personal Info/Dropdown - Negara Kelahiran"), 1, 0): Tapped and held on element 'Object Repository/Mobile/Page/Register/Already Registered/Personal Info/Dropdown - Negara Kelahiran' with duration 1

2021-10-29 14:56:29 - [MESSAGE][WARNING] - Timeout '0' is invalid. Using default page load timeout: '60'

2021-10-29 14:56:32 - [MESSAGE][PASSED] - Tapped and held on element 'Object Repository/Mobile/Page/Register/Already Registered/Personal Info/Dropdown - Negara Kelahiran' with duration 1

2021-10-29 14:56:32 - [TEST_STEP][PASSED] - tap(findTestObject("Object Repository/Mobile/Page/Register/Already Registered/Personal Info/Dropdown - Option Negara Kelahiran Indonesia"), 0): Tapped on element 'Object Repository/Mobile/Page/Register/Already Registered/Personal Info/Dropdown - Option Negara Kelahiran Indonesia'

2021-10-29 14:56:32 - [MESSAGE][WARNING] - Timeout '0' is invalid. Using default page load timeout: '60'

2021-10-29 14:56:34 - [MESSAGE][PASSED] - Tapped on element 'Object Repository/Mobile/Page/Register/Already Registered/Personal Info/Dropdown - Option Negara Kelahiran Indonesia'

2021-10-29 14:56:34 - [TEST_STEP][PASSED] - hideKeyboard(): Keyboard is hidden

2021-10-29 14:56:40 - [MESSAGE][PASSED] - Keyboard is hidden

2021-10-29 14:56:40 - [TEST_STEP][PASSED] - tapAndHold(findTestObject("Object Repository/Mobile/Page/Register/Already Registered/Personal Info/Dropdown - Kewarganegaraan"), 1, 0): Tapped and held on element 'Object Repository/Mobile/Page/Register/Already Registered/Personal Info/Dropdown - Kewarganegaraan' with duration 1

2021-10-29 14:56:40 - [MESSAGE][WARNING] - Timeout '0' is invalid. Using default page load timeout: '60'

2021-10-29 14:56:43 - [MESSAGE][PASSED] - Tapped and held on element 'Object Repository/Mobile/Page/Register/Already Registered/Personal Info/Dropdown - Kewarganegaraan' with duration 1

2021-10-29 14:56:43 - [TEST_STEP][PASSED] - tap(findTestObject("Object Repository/Mobile/Page/Register/Already Registered/Personal Info/Dropdown - Option Kewarganegaraan Indornesia"), 0): Tapped on element 'Object Repository/Mobile/Page/Register/Already Registered/Personal Info/Dropdown - Option Kewarganegaraan Indornesia'

2021-10-29 14:56:43 - [MESSAGE][WARNING] - Timeout '0' is invalid. Using default page load timeout: '60'

2021-10-29 14:56:45 - [MESSAGE][PASSED] - Tapped on element 'Object Repository/Mobile/Page/Register/Already Registered/Personal Info/Dropdown - Option Kewarganegaraan Indornesia'

2021-10-29 14:56:45 - [TEST_STEP][PASSED] - hideKeyboard(): Keyboard is hidden

2021-10-29 14:56:51 - [MESSAGE][PASSED] - Keyboard is hidden

2021-10-29 14:56:51 - [TEST_STEP][PASSED] - tap(findTestObject("Object Repository/Mobile/Page/Register/Already Registered/Personal Info/Button - Next"), 0): Tapped on element 'Object Repository/Mobile/Page/Register/Already Registered/Personal Info/Button - Next'

2021-10-29 14:56:51 - [MESSAGE][WARNING] - Timeout '0' is invalid. Using default page load timeout: '60'

2021-10-29 14:56:52 - [MESSAGE][PASSED] - Tapped on element 'Object Repository/Mobile/Page/Register/Already Registered/Personal Info/Button - Next'

2021-10-29 14:56:52 - [TEST_STEP][PASSED] - delay(3): Delayed 3 second(s)

2021-10-29 14:56:55 - [MESSAGE][PASSED] - Delayed 3 second(s)

2021-10-29 14:56:55 - [TEST_STEP][PASSED] - tap(findTestObject("Object Repository/Mobile/Page/Register/Already Registered/Profile Risk/Radio Button - Low Risk"), 0): Tapped on element 'Object Repository/Mobile/Page/Register/Already Registered/Profile Risk/Radio Button - Low Risk'

2021-10-29 14:56:55 - [MESSAGE][WARNING] - Timeout '0' is invalid. Using default page load timeout: '60'

2021-10-29 14:56:56 - [MESSAGE][PASSED] - Tapped on element 'Object Repository/Mobile/Page/Register/Already Registered/Profile Risk/Radio Button - Low Risk'

2021-10-29 14:56:56 - [TEST_STEP][PASSED] - tap(findTestObject("Object Repository/Mobile/Page/Register/Already Registered/Profile Risk/Radio Button - Medium Risk"), 0): Tapped on element 'Object Repository/Mobile/Page/Register/Already Registered/Profile Risk/Radio Button - Medium Risk'

2021-10-29 14:56:56 - [MESSAGE][WARNING] - Timeout '0' is invalid. Using default page load timeout: '60'

2021-10-29 14:56:57 - [MESSAGE][PASSED] - Tapped on element 'Object Repository/Mobile/Page/Register/Already Registered/Profile Risk/Radio Button - Medium Risk'

2021-10-29 14:56:57 - [TEST_STEP][PASSED] - tap(findTestObject("Object Repository/Mobile/Page/Register/Already Registered/Profile Risk/Radio Button - High Risk"), 0): Tapped on element 'Object Repository/Mobile/Page/Register/Already Registered/Profile Risk/Radio Button - High Risk'

2021-10-29 14:56:57 - [MESSAGE][WARNING] - Timeout '0' is invalid. Using default page load timeout: '60'

2021-10-29 14:56:58 - [MESSAGE][PASSED] - Tapped on element 'Object Repository/Mobile/Page/Register/Already Registered/Profile Risk/Radio Button - High Risk'

2021-10-29 14:56:58 - [TEST_STEP][PASSED] - tap(findTestObject("Object Repository/Mobile/Page/Register/Already Registered/Profile Risk/Radio Button - I Agree"), 0): Tapped on element 'Object Repository/Mobile/Page/Register/Already Registered/Profile Risk/Radio Button - I Agree'

2021-10-29 14:56:58 - [MESSAGE][WARNING] - Timeout '0' is invalid. Using default page load timeout: '60'

2021-10-29 14:56:58 - [MESSAGE][PASSED] - Tapped on element 'Object Repository/Mobile/Page/Register/Already Registered/Profile Risk/Radio Button - I Agree'

2021-10-29 14:56:58 - [TEST_STEP][PASSED] - delay(1): Delayed 1 second(s)

2021-10-29 14:56:59 - [MESSAGE][PASSED] - Delayed 1 second(s)

2021-10-29 14:56:59 - [TEST_STEP][PASSED] - pressBack(): Press back button successfully

2021-10-29 14:57:00 - [MESSAGE][PASSED] - Press back button successfully

2021-10-29 14:57:00 - [TEST_STEP][PASSED] - tap(findTestObject("Object Repository/Mobile/Page/Register/Already Registered/Profile Risk/Button - Submit"), 0): Tapped on element 'Object Repository/Mobile/Page/Register/Already Registered/Profile Risk/Button - Submit'

2021-10-29 14:57:00 - [MESSAGE][WARNING] - Timeout '0' is invalid. Using default page load timeout: '60'

2021-10-29 14:57:01 - [MESSAGE][PASSED] - Tapped on element 'Object Repository/Mobile/Page/Register/Already Registered/Profile Risk/Button - Submit'

2021-10-29 14:57:01 - [TEST_STEP][PASSED] - delay(3): Delayed 3 second(s)

2021-10-29 14:57:04 - [MESSAGE][PASSED] - Delayed 3 second(s)

2021-10-29 14:57:04 - [MESSAGE][PASSED] - Call Test Case 'Test Cases/Mobile/Page/Register/Register' successfully

2021-10-29 14:57:04 - [TEST_STEP][PASSED] - callTestCase(findTestCase("Mobile/Page/Run App/Terminate App"), [:], STOP_ON_FAILURE): Call Test Case 'Test Cases/Mobile/Page/Run App/Terminate App' successfully

2021-10-29 14:57:04 - [TEST_CASE][PASSED] - Test Cases/Mobile/Page/Run App/Terminate App: Test Cases/Mobile/Page/Run App/Terminate App

2021-10-29 14:57:04 - [TEST_STEP][PASSED] - startApp.OpenApp.terminateApplication(): startApp.OpenApp.terminateApplication is PASSED

2021-10-29 14:57:08 - [MESSAGE][PASSED] - Delayed 3 second(s)

2021-10-29 14:57:08 - [MESSAGE][PASSED] - Current device physical width is 720

2021-10-29 14:57:08 - [MESSAGE][PASSED] - Current device physical height is 1423

2021-10-29 14:57:09 - [MESSAGE][PASSED] - Swiped from 360,853 to 360,142

2021-10-29 14:57:10 - [MESSAGE][PASSED] - Delayed 1 second(s)

2021-10-29 14:57:12 - [MESSAGE][PASSED] - Swiped from 360,853 to 360,142

2021-10-29 14:57:15 - [MESSAGE][PASSED] - Delayed 3 second(s)

2021-10-29 14:57:15 - [MESSAGE][PASSED] - startApp.OpenApp.terminateApplication is PASSED

2021-10-29 14:57:15 - [MESSAGE][PASSED] - Call Test Case 'Test Cases/Mobile/Page/Run App/Terminate App' successfully]]></system-out>
         <system-err><![CDATA[]]></system-err>
      </testcase>
      <testcase name="Test Cases/Mobile/Scenario/Register/002 - Registrasi akun baru dengan alamat sesuai KTP" time="220.058" classname="Test Cases/Mobile/Scenario/Register/002 - Registrasi akun baru dengan alamat sesuai KTP" status="PASSED">
         <system-out><![CDATA[2021-10-29 14:57:15 - [TEST_CASE][PASSED] - Test Cases/Mobile/Scenario/Register/002 - Registrasi akun baru dengan alamat sesuai KTP: Test Cases/Mobile/Scenario/Register/002 - Registrasi akun baru dengan alamat sesuai KTP

2021-10-29 14:57:15 - [TEST_STEP][PASSED] - callTestCase(findTestCase("Mobile/Page/Run App/Run App byID"), [:], STOP_ON_FAILURE): Call Test Case 'Test Cases/Mobile/Page/Run App/Run App byID' successfully

2021-10-29 14:57:15 - [TEST_CASE][PASSED] - Test Cases/Mobile/Page/Run App/Run App byID: Test Cases/Mobile/Page/Run App/Run App byID

2021-10-29 14:57:15 - [TEST_STEP][PASSED] - startApp.OpenApp.startApplication("com.mirae.maxfund"): startApp.OpenApp.startApplication is PASSED

2021-10-29 14:57:27 - [MESSAGE][PASSED] - Starting app with application ID: 'com.mirae.maxfund'

2021-10-29 14:57:27 - [MESSAGE][PASSED] - startApp.OpenApp.startApplication is PASSED

2021-10-29 14:57:27 - [MESSAGE][PASSED] - Call Test Case 'Test Cases/Mobile/Page/Run App/Run App byID' successfully

2021-10-29 14:57:27 - [TEST_STEP][PASSED] - callTestCase(findTestCase("Mobile/Page/Register/Register"), ["isFromLoginPage":0, "isRegistered":0, "isBedaAlamat":0, "isUseReferralCode":0, "negativeStatus":"none"], STOP_ON_FAILURE): Call Test Case 'Test Cases/Mobile/Page/Register/Register' successfully

2021-10-29 14:57:27 - [TEST_CASE][PASSED] - Test Cases/Mobile/Page/Register/Register: Test Cases/Mobile/Page/Register/Register

2021-10-29 14:57:27 - [TEST_STEP][PASSED] - delay(5): Delayed 5 second(s)

2021-10-29 14:57:32 - [MESSAGE][PASSED] - Delayed 5 second(s)

2021-10-29 14:57:32 - [TEST_STEP][PASSED] - if (isFromLoginPage == 1): null

2021-10-29 14:57:32 - [TEST_STEP][PASSED] - else: Tapped on element 'Object Repository/Mobile/Page/Dashboard/Button - Register'

2021-10-29 14:57:32 - [TEST_STEP][PASSED] - tap(findTestObject("Object Repository/Mobile/Page/Dashboard/Button - Register"), 0): Tapped on element 'Object Repository/Mobile/Page/Dashboard/Button - Register'

2021-10-29 14:57:33 - [MESSAGE][WARNING] - Timeout '0' is invalid. Using default page load timeout: '60'

2021-10-29 14:57:35 - [MESSAGE][PASSED] - Tapped on element 'Object Repository/Mobile/Page/Dashboard/Button - Register'

2021-10-29 14:57:35 - [TEST_STEP][PASSED] - delay(3): Delayed 3 second(s)

2021-10-29 14:57:38 - [MESSAGE][PASSED] - Delayed 3 second(s)

2021-10-29 14:57:38 - [TEST_STEP][PASSED] - if (isRegistered == 1): null

2021-10-29 14:57:38 - [TEST_STEP][PASSED] - else: null

2021-10-29 14:57:38 - [TEST_STEP][PASSED] - RegisterMethod.notRegistered(negativeStatus, isBedaAlamat, isUseReferralCode): null

2021-10-29 14:57:38 - [TEST_STEP][PASSED] - fullname = "QATEST" + acak.acak.randomStringWord(): acak.acak.randomStringWord is PASSED

2021-10-29 14:57:38 - [MESSAGE][PASSED] - acak.acak.randomStringWord is PASSED

2021-10-29 14:57:38 - [TEST_STEP][PASSED] - birthdate = "1/1/1998": null

2021-10-29 14:57:38 - [TEST_STEP][PASSED] - phone = "082" + acak.acak.randomStringNumber(9): acak.acak.randomStringNumber is PASSED

2021-10-29 14:57:38 - [MESSAGE][PASSED] - acak.acak.randomStringNumber is PASSED

2021-10-29 14:57:38 - [TEST_STEP][PASSED] - email = fullname + "@gmail.com": null

2021-10-29 14:57:38 - [TEST_STEP][PASSED] - password = "Mirae1234": null

2021-10-29 14:57:38 - [TEST_STEP][PASSED] - branch = "qa cabang": null

2021-10-29 14:57:38 - [TEST_STEP][PASSED] - accountnumber = "222444222444": null

2021-10-29 14:57:38 - [TEST_STEP][PASSED] - nameowner = fullname: null

2021-10-29 14:57:38 - [TEST_STEP][PASSED] - alamat = "Jl. Cempaka Putih Barat 12 F No.12, RT.8/RW.8": null

2021-10-29 14:57:38 - [TEST_STEP][PASSED] - kodepos = "15412": null

2021-10-29 14:57:38 - [TEST_STEP][PASSED] - referralcode = "15412": null

2021-10-29 14:57:38 - [TEST_STEP][PASSED] - flag = "indonesia": null

2021-10-29 14:57:38 - [TEST_STEP][PASSED] - bank = "citibank": null

2021-10-29 14:57:38 - [TEST_STEP][PASSED] - tap(findTestObject("Object Repository/Mobile/Page/Register/Radio Button - Not registered yet"), 0): Tapped on element 'Object Repository/Mobile/Page/Register/Radio Button - Not registered yet'

2021-10-29 14:57:38 - [MESSAGE][WARNING] - Timeout '0' is invalid. Using default page load timeout: '60'

2021-10-29 14:57:39 - [MESSAGE][PASSED] - Tapped on element 'Object Repository/Mobile/Page/Register/Radio Button - Not registered yet'

2021-10-29 14:57:39 - [TEST_STEP][PASSED] - delay(3): Delayed 3 second(s)

2021-10-29 14:57:42 - [MESSAGE][PASSED] - Delayed 3 second(s)

2021-10-29 14:57:42 - [TEST_STEP][PASSED] - tap(findTestObject("Object Repository/Mobile/Page/Register/Not Registered/Button - Next"), 0): Tapped on element 'Object Repository/Mobile/Page/Register/Not Registered/Button - Next'

2021-10-29 14:57:42 - [MESSAGE][WARNING] - Timeout '0' is invalid. Using default page load timeout: '60'

2021-10-29 14:57:43 - [MESSAGE][PASSED] - Tapped on element 'Object Repository/Mobile/Page/Register/Not Registered/Button - Next'

2021-10-29 14:57:43 - [TEST_STEP][PASSED] - delay(1): Delayed 1 second(s)

2021-10-29 14:57:44 - [MESSAGE][PASSED] - Delayed 1 second(s)

2021-10-29 14:57:44 - [TEST_STEP][PASSED] - tap(findTestObject("Object Repository/Mobile/Page/Register/Not Registered/Informasi Pribadi/Edit Text - Fullname"), 0): Tapped on element 'Object Repository/Mobile/Page/Register/Not Registered/Informasi Pribadi/Edit Text - Fullname'

2021-10-29 14:57:44 - [MESSAGE][WARNING] - Timeout '0' is invalid. Using default page load timeout: '60'

2021-10-29 14:57:44 - [MESSAGE][PASSED] - Tapped on element 'Object Repository/Mobile/Page/Register/Not Registered/Informasi Pribadi/Edit Text - Fullname'

2021-10-29 14:57:44 - [TEST_STEP][PASSED] - setText(findTestObject("Object Repository/Mobile/Page/Register/Not Registered/Informasi Pribadi/Edit Text - Fullname"), fullname, 0): Text 'QATESTCrcwtqeOtcaQZMl' has been set to element 'Object Repository/Mobile/Page/Register/Not Registered/Informasi Pribadi/Edit Text - Fullname'

2021-10-29 14:57:44 - [MESSAGE][WARNING] - Timeout '0' is invalid. Using default page load timeout: '60'

2021-10-29 14:57:46 - [MESSAGE][PASSED] - Text 'QATESTCrcwtqeOtcaQZMl' has been set to element 'Object Repository/Mobile/Page/Register/Not Registered/Informasi Pribadi/Edit Text - Fullname'

2021-10-29 14:57:46 - [TEST_STEP][PASSED] - hideKeyboard(): Keyboard is hidden

2021-10-29 14:57:50 - [MESSAGE][PASSED] - Keyboard is hidden

2021-10-29 14:57:50 - [TEST_STEP][PASSED] - delay(1): Delayed 1 second(s)

2021-10-29 14:57:51 - [MESSAGE][PASSED] - Delayed 1 second(s)

2021-10-29 14:57:51 - [TEST_STEP][PASSED] - tap(findTestObject("Object Repository/Mobile/Page/Register/Not Registered/Informasi Pribadi/Date Picker - Date of Birth"), 0): Tapped on element 'Object Repository/Mobile/Page/Register/Not Registered/Informasi Pribadi/Date Picker - Date of Birth'

2021-10-29 14:57:51 - [MESSAGE][WARNING] - Timeout '0' is invalid. Using default page load timeout: '60'

2021-10-29 14:57:51 - [MESSAGE][PASSED] - Tapped on element 'Object Repository/Mobile/Page/Register/Not Registered/Informasi Pribadi/Date Picker - Date of Birth'

2021-10-29 14:57:51 - [TEST_STEP][PASSED] - tap(findTestObject("Object Repository/Mobile/Page/Register/Not Registered/Informasi Pribadi/Date Picker - Icon Edit"), 0): Tapped on element 'Object Repository/Mobile/Page/Register/Not Registered/Informasi Pribadi/Date Picker - Icon Edit'

2021-10-29 14:57:51 - [MESSAGE][WARNING] - Timeout '0' is invalid. Using default page load timeout: '60'

2021-10-29 14:57:52 - [MESSAGE][PASSED] - Tapped on element 'Object Repository/Mobile/Page/Register/Not Registered/Informasi Pribadi/Date Picker - Icon Edit'

2021-10-29 14:57:52 - [TEST_STEP][PASSED] - if (negativeStatus == "less17YearsOld"): null

2021-10-29 14:57:52 - [TEST_STEP][PASSED] - else: Delayed 1 second(s)

2021-10-29 14:57:52 - [TEST_STEP][PASSED] - setText(findTestObject("Mobile/Page/Register/Not Registered/Informasi Pribadi/Date Picker - Edit Text Date"), birthdate, 0): Text '1/1/1998' has been set to element 'Object Repository/Mobile/Page/Register/Not Registered/Informasi Pribadi/Date Picker - Edit Text Date'

2021-10-29 14:57:52 - [MESSAGE][WARNING] - Timeout '0' is invalid. Using default page load timeout: '60'

2021-10-29 14:57:54 - [MESSAGE][PASSED] - Text '1/1/1998' has been set to element 'Object Repository/Mobile/Page/Register/Not Registered/Informasi Pribadi/Date Picker - Edit Text Date'

2021-10-29 14:57:54 - [TEST_STEP][PASSED] - tap(findTestObject("Mobile/Page/Register/Not Registered/Informasi Pribadi/Date Picker - Button OK"), 0): Tapped on element 'Object Repository/Mobile/Page/Register/Not Registered/Informasi Pribadi/Date Picker - Button OK'

2021-10-29 14:57:54 - [MESSAGE][WARNING] - Timeout '0' is invalid. Using default page load timeout: '60'

2021-10-29 14:57:56 - [MESSAGE][PASSED] - Tapped on element 'Object Repository/Mobile/Page/Register/Not Registered/Informasi Pribadi/Date Picker - Button OK'

2021-10-29 14:57:56 - [TEST_STEP][PASSED] - delay(1): Delayed 1 second(s)

2021-10-29 14:57:57 - [MESSAGE][PASSED] - Delayed 1 second(s)

2021-10-29 14:57:57 - [TEST_STEP][PASSED] - tap(findTestObject("Object Repository/Mobile/Page/Register/Not Registered/Informasi Pribadi/Dropdown - Flag Phone Number"), 0): Tapped on element 'Object Repository/Mobile/Page/Register/Not Registered/Informasi Pribadi/Dropdown - Flag Phone Number'

2021-10-29 14:57:57 - [MESSAGE][WARNING] - Timeout '0' is invalid. Using default page load timeout: '60'

2021-10-29 14:57:57 - [MESSAGE][PASSED] - Tapped on element 'Object Repository/Mobile/Page/Register/Not Registered/Informasi Pribadi/Dropdown - Flag Phone Number'

2021-10-29 14:57:57 - [TEST_STEP][PASSED] - tap(findTestObject("Object Repository/Mobile/Page/Register/Not Registered/Informasi Pribadi/Edit Text - Search Flag"), 0): Tapped on element 'Object Repository/Mobile/Page/Register/Not Registered/Informasi Pribadi/Edit Text - Search Flag'

2021-10-29 14:57:57 - [MESSAGE][WARNING] - Timeout '0' is invalid. Using default page load timeout: '60'

2021-10-29 14:57:59 - [MESSAGE][PASSED] - Tapped on element 'Object Repository/Mobile/Page/Register/Not Registered/Informasi Pribadi/Edit Text - Search Flag'

2021-10-29 14:57:59 - [TEST_STEP][PASSED] - setText(findTestObject("Object Repository/Mobile/Page/Register/Not Registered/Informasi Pribadi/Edit Text - Search Flag"), flag, 0): Text 'indonesia' has been set to element 'Object Repository/Mobile/Page/Register/Not Registered/Informasi Pribadi/Edit Text - Search Flag'

2021-10-29 14:57:59 - [MESSAGE][WARNING] - Timeout '0' is invalid. Using default page load timeout: '60'

2021-10-29 14:58:00 - [MESSAGE][PASSED] - Text 'indonesia' has been set to element 'Object Repository/Mobile/Page/Register/Not Registered/Informasi Pribadi/Edit Text - Search Flag'

2021-10-29 14:58:00 - [TEST_STEP][PASSED] - tap(findTestObject("Mobile/Page/Register/Not Registered/Informasi Pribadi/Item Flag - Top Search"), 0): Tapped on element 'Object Repository/Mobile/Page/Register/Not Registered/Informasi Pribadi/Item Flag - Top Search'

2021-10-29 14:58:00 - [MESSAGE][WARNING] - Timeout '0' is invalid. Using default page load timeout: '60'

2021-10-29 14:58:02 - [MESSAGE][PASSED] - Tapped on element 'Object Repository/Mobile/Page/Register/Not Registered/Informasi Pribadi/Item Flag - Top Search'

2021-10-29 14:58:02 - [TEST_STEP][PASSED] - tap(findTestObject("Object Repository/Mobile/Page/Register/Not Registered/Informasi Pribadi/Edit Text - Phone Number"), 0): Tapped on element 'Object Repository/Mobile/Page/Register/Not Registered/Informasi Pribadi/Edit Text - Phone Number'

2021-10-29 14:58:02 - [MESSAGE][WARNING] - Timeout '0' is invalid. Using default page load timeout: '60'

2021-10-29 14:58:03 - [MESSAGE][PASSED] - Tapped on element 'Object Repository/Mobile/Page/Register/Not Registered/Informasi Pribadi/Edit Text - Phone Number'

2021-10-29 14:58:03 - [TEST_STEP][PASSED] - setText(findTestObject("Object Repository/Mobile/Page/Register/Not Registered/Informasi Pribadi/Edit Text - Phone Number"), phone, 0): Text '082870745742' has been set to element 'Object Repository/Mobile/Page/Register/Not Registered/Informasi Pribadi/Edit Text - Phone Number'

2021-10-29 14:58:03 - [MESSAGE][WARNING] - Timeout '0' is invalid. Using default page load timeout: '60'

2021-10-29 14:58:04 - [MESSAGE][PASSED] - Text '082870745742' has been set to element 'Object Repository/Mobile/Page/Register/Not Registered/Informasi Pribadi/Edit Text - Phone Number'

2021-10-29 14:58:04 - [TEST_STEP][PASSED] - hideKeyboard(): Keyboard is hidden

2021-10-29 14:58:11 - [MESSAGE][PASSED] - Keyboard is hidden

2021-10-29 14:58:11 - [TEST_STEP][PASSED] - delay(1): Delayed 1 second(s)

2021-10-29 14:58:12 - [MESSAGE][PASSED] - Delayed 1 second(s)

2021-10-29 14:58:12 - [TEST_STEP][PASSED] - tap(findTestObject("Object Repository/Mobile/Page/Register/Not Registered/Informasi Pribadi/Dropdown - Flag Re Phone Number"), 0): Tapped on element 'Object Repository/Mobile/Page/Register/Not Registered/Informasi Pribadi/Dropdown - Flag Re Phone Number'

2021-10-29 14:58:12 - [MESSAGE][WARNING] - Timeout '0' is invalid. Using default page load timeout: '60'

2021-10-29 14:58:13 - [MESSAGE][PASSED] - Tapped on element 'Object Repository/Mobile/Page/Register/Not Registered/Informasi Pribadi/Dropdown - Flag Re Phone Number'

2021-10-29 14:58:13 - [TEST_STEP][PASSED] - tap(findTestObject("Object Repository/Mobile/Page/Register/Not Registered/Informasi Pribadi/Edit Text - Search Flag"), 0): Tapped on element 'Object Repository/Mobile/Page/Register/Not Registered/Informasi Pribadi/Edit Text - Search Flag'

2021-10-29 14:58:13 - [MESSAGE][WARNING] - Timeout '0' is invalid. Using default page load timeout: '60'

2021-10-29 14:58:13 - [MESSAGE][PASSED] - Tapped on element 'Object Repository/Mobile/Page/Register/Not Registered/Informasi Pribadi/Edit Text - Search Flag'

2021-10-29 14:58:13 - [TEST_STEP][PASSED] - setText(findTestObject("Object Repository/Mobile/Page/Register/Not Registered/Informasi Pribadi/Edit Text - Search Flag"), flag, 0): Text 'indonesia' has been set to element 'Object Repository/Mobile/Page/Register/Not Registered/Informasi Pribadi/Edit Text - Search Flag'

2021-10-29 14:58:14 - [MESSAGE][WARNING] - Timeout '0' is invalid. Using default page load timeout: '60'

2021-10-29 14:58:15 - [MESSAGE][PASSED] - Text 'indonesia' has been set to element 'Object Repository/Mobile/Page/Register/Not Registered/Informasi Pribadi/Edit Text - Search Flag'

2021-10-29 14:58:15 - [TEST_STEP][PASSED] - tap(findTestObject("Mobile/Page/Register/Not Registered/Informasi Pribadi/Item Flag - Top Search"), 0): Tapped on element 'Object Repository/Mobile/Page/Register/Not Registered/Informasi Pribadi/Item Flag - Top Search'

2021-10-29 14:58:15 - [MESSAGE][WARNING] - Timeout '0' is invalid. Using default page load timeout: '60'

2021-10-29 14:58:17 - [MESSAGE][PASSED] - Tapped on element 'Object Repository/Mobile/Page/Register/Not Registered/Informasi Pribadi/Item Flag - Top Search'

2021-10-29 14:58:17 - [TEST_STEP][PASSED] - tap(findTestObject("Object Repository/Mobile/Page/Register/Not Registered/Informasi Pribadi/Edit Text - Re Phone Number"), 0): Tapped on element 'Object Repository/Mobile/Page/Register/Not Registered/Informasi Pribadi/Edit Text - Re Phone Number'

2021-10-29 14:58:17 - [MESSAGE][WARNING] - Timeout '0' is invalid. Using default page load timeout: '60'

2021-10-29 14:58:17 - [MESSAGE][PASSED] - Tapped on element 'Object Repository/Mobile/Page/Register/Not Registered/Informasi Pribadi/Edit Text - Re Phone Number'

2021-10-29 14:58:17 - [TEST_STEP][PASSED] - setText(findTestObject("Object Repository/Mobile/Page/Register/Not Registered/Informasi Pribadi/Edit Text - Re Phone Number"), phone, 0): Text '082870745742' has been set to element 'Object Repository/Mobile/Page/Register/Not Registered/Informasi Pribadi/Edit Text - Re Phone Number'

2021-10-29 14:58:17 - [MESSAGE][WARNING] - Timeout '0' is invalid. Using default page load timeout: '60'

2021-10-29 14:58:18 - [MESSAGE][PASSED] - Text '082870745742' has been set to element 'Object Repository/Mobile/Page/Register/Not Registered/Informasi Pribadi/Edit Text - Re Phone Number'

2021-10-29 14:58:18 - [TEST_STEP][PASSED] - hideKeyboard(): Keyboard is hidden

2021-10-29 14:58:24 - [MESSAGE][PASSED] - Keyboard is hidden

2021-10-29 14:58:24 - [TEST_STEP][PASSED] - delay(1): Delayed 1 second(s)

2021-10-29 14:58:25 - [MESSAGE][PASSED] - Delayed 1 second(s)

2021-10-29 14:58:25 - [TEST_STEP][PASSED] - if (negativeStatus == "emailRegistered"): null

2021-10-29 14:58:25 - [TEST_STEP][PASSED] - else: Delayed 1 second(s)

2021-10-29 14:58:25 - [TEST_STEP][PASSED] - tap(findTestObject("Object Repository/Mobile/Page/Register/Not Registered/Informasi Pribadi/Edit Text - Email"), 0): Tapped on element 'Object Repository/Mobile/Page/Register/Not Registered/Informasi Pribadi/Edit Text - Email'

2021-10-29 14:58:25 - [MESSAGE][WARNING] - Timeout '0' is invalid. Using default page load timeout: '60'

2021-10-29 14:58:25 - [MESSAGE][PASSED] - Tapped on element 'Object Repository/Mobile/Page/Register/Not Registered/Informasi Pribadi/Edit Text - Email'

2021-10-29 14:58:25 - [TEST_STEP][PASSED] - setText(findTestObject("Object Repository/Mobile/Page/Register/Not Registered/Informasi Pribadi/Edit Text - Email"), email, 0): Text 'QATESTCrcwtqeOtcaQZMl@gmail.com' has been set to element 'Object Repository/Mobile/Page/Register/Not Registered/Informasi Pribadi/Edit Text - Email'

2021-10-29 14:58:25 - [MESSAGE][WARNING] - Timeout '0' is invalid. Using default page load timeout: '60'

2021-10-29 14:58:27 - [MESSAGE][PASSED] - Text 'QATESTCrcwtqeOtcaQZMl@gmail.com' has been set to element 'Object Repository/Mobile/Page/Register/Not Registered/Informasi Pribadi/Edit Text - Email'

2021-10-29 14:58:27 - [TEST_STEP][PASSED] - hideKeyboard(): Keyboard is hidden

2021-10-29 14:58:30 - [MESSAGE][PASSED] - Keyboard is hidden

2021-10-29 14:58:30 - [TEST_STEP][PASSED] - delay(1): Delayed 1 second(s)

2021-10-29 14:58:31 - [MESSAGE][PASSED] - Delayed 1 second(s)

2021-10-29 14:58:31 - [TEST_STEP][PASSED] - if (negativeStatus == "emailNotMatch"): null

2021-10-29 14:58:31 - [TEST_STEP][PASSED] - else: Delayed 1 second(s)

2021-10-29 14:58:31 - [TEST_STEP][PASSED] - tap(findTestObject("Object Repository/Mobile/Page/Register/Not Registered/Informasi Pribadi/Edit Text - Re Email"), 0): Tapped on element 'Object Repository/Mobile/Page/Register/Not Registered/Informasi Pribadi/Edit Text - Re Email'

2021-10-29 14:58:31 - [MESSAGE][WARNING] - Timeout '0' is invalid. Using default page load timeout: '60'

2021-10-29 14:58:32 - [MESSAGE][PASSED] - Tapped on element 'Object Repository/Mobile/Page/Register/Not Registered/Informasi Pribadi/Edit Text - Re Email'

2021-10-29 14:58:32 - [TEST_STEP][PASSED] - setText(findTestObject("Object Repository/Mobile/Page/Register/Not Registered/Informasi Pribadi/Edit Text - Re Email"), email, 0): Text 'QATESTCrcwtqeOtcaQZMl@gmail.com' has been set to element 'Object Repository/Mobile/Page/Register/Not Registered/Informasi Pribadi/Edit Text - Re Email'

2021-10-29 14:58:32 - [MESSAGE][WARNING] - Timeout '0' is invalid. Using default page load timeout: '60'

2021-10-29 14:58:33 - [MESSAGE][PASSED] - Text 'QATESTCrcwtqeOtcaQZMl@gmail.com' has been set to element 'Object Repository/Mobile/Page/Register/Not Registered/Informasi Pribadi/Edit Text - Re Email'

2021-10-29 14:58:33 - [TEST_STEP][PASSED] - hideKeyboard(): Keyboard is hidden

2021-10-29 14:58:37 - [MESSAGE][PASSED] - Keyboard is hidden

2021-10-29 14:58:37 - [TEST_STEP][PASSED] - delay(1): Delayed 1 second(s)

2021-10-29 14:58:38 - [MESSAGE][PASSED] - Delayed 1 second(s)

2021-10-29 14:58:38 - [TEST_STEP][PASSED] - if (negativeStatus == "passwordNotFollowRules"): null

2021-10-29 14:58:38 - [TEST_STEP][PASSED] - else: Delayed 1 second(s)

2021-10-29 14:58:38 - [TEST_STEP][PASSED] - tap(findTestObject("Object Repository/Mobile/Page/Register/Not Registered/Informasi Pribadi/Edit Text - Password"), 0): Tapped on element 'Object Repository/Mobile/Page/Register/Not Registered/Informasi Pribadi/Edit Text - Password'

2021-10-29 14:58:38 - [MESSAGE][WARNING] - Timeout '0' is invalid. Using default page load timeout: '60'

2021-10-29 14:58:38 - [MESSAGE][PASSED] - Tapped on element 'Object Repository/Mobile/Page/Register/Not Registered/Informasi Pribadi/Edit Text - Password'

2021-10-29 14:58:38 - [TEST_STEP][PASSED] - setText(findTestObject("Object Repository/Mobile/Page/Register/Not Registered/Informasi Pribadi/Edit Text - Password"), password, 0): Text 'Mirae1234' has been set to element 'Object Repository/Mobile/Page/Register/Not Registered/Informasi Pribadi/Edit Text - Password'

2021-10-29 14:58:38 - [MESSAGE][WARNING] - Timeout '0' is invalid. Using default page load timeout: '60'

2021-10-29 14:58:40 - [MESSAGE][PASSED] - Text 'Mirae1234' has been set to element 'Object Repository/Mobile/Page/Register/Not Registered/Informasi Pribadi/Edit Text - Password'

2021-10-29 14:58:40 - [TEST_STEP][PASSED] - hideKeyboard(): Keyboard is hidden

2021-10-29 14:58:46 - [MESSAGE][PASSED] - Keyboard is hidden

2021-10-29 14:58:46 - [TEST_STEP][PASSED] - delay(1): Delayed 1 second(s)

2021-10-29 14:58:47 - [MESSAGE][PASSED] - Delayed 1 second(s)

2021-10-29 14:58:47 - [TEST_STEP][PASSED] - tap(findTestObject("Object Repository/Mobile/Page/Register/Not Registered/Informasi Pribadi/Edit Text - Re Password"), 0): Tapped on element 'Object Repository/Mobile/Page/Register/Not Registered/Informasi Pribadi/Edit Text - Re Password'

2021-10-29 14:58:47 - [MESSAGE][WARNING] - Timeout '0' is invalid. Using default page load timeout: '60'

2021-10-29 14:58:47 - [MESSAGE][PASSED] - Tapped on element 'Object Repository/Mobile/Page/Register/Not Registered/Informasi Pribadi/Edit Text - Re Password'

2021-10-29 14:58:47 - [TEST_STEP][PASSED] - setText(findTestObject("Object Repository/Mobile/Page/Register/Not Registered/Informasi Pribadi/Edit Text - Re Password"), password, 0): Text 'Mirae1234' has been set to element 'Object Repository/Mobile/Page/Register/Not Registered/Informasi Pribadi/Edit Text - Re Password'

2021-10-29 14:58:47 - [MESSAGE][WARNING] - Timeout '0' is invalid. Using default page load timeout: '60'

2021-10-29 14:58:49 - [MESSAGE][PASSED] - Text 'Mirae1234' has been set to element 'Object Repository/Mobile/Page/Register/Not Registered/Informasi Pribadi/Edit Text - Re Password'

2021-10-29 14:58:49 - [TEST_STEP][PASSED] - hideKeyboard(): Keyboard is hidden

2021-10-29 14:58:55 - [MESSAGE][PASSED] - Keyboard is hidden

2021-10-29 14:58:55 - [TEST_STEP][PASSED] - delay(1): Delayed 1 second(s)

2021-10-29 14:58:56 - [MESSAGE][PASSED] - Delayed 1 second(s)

2021-10-29 14:58:56 - [TEST_STEP][PASSED] - if (isBedaAlamat == 1): null

2021-10-29 14:58:56 - [TEST_STEP][PASSED] - tap(findTestObject("Object Repository/Mobile/Page/Register/Not Registered/Informasi Pribadi/Button - Icon KTP"), 0): Tapped on element 'Object Repository/Mobile/Page/Register/Not Registered/Informasi Pribadi/Button - Icon KTP'

2021-10-29 14:58:56 - [MESSAGE][WARNING] - Timeout '0' is invalid. Using default page load timeout: '60'

2021-10-29 14:58:56 - [MESSAGE][PASSED] - Tapped on element 'Object Repository/Mobile/Page/Register/Not Registered/Informasi Pribadi/Button - Icon KTP'

2021-10-29 14:58:56 - [TEST_STEP][PASSED] - permission = verifyElementExist(findTestObject("Object Repository/Mobile/Page/Register/Not Registered/Informasi Pribadi/Permission - Only this time"), 1, OPTIONAL): Element 'Object Repository/Mobile/Page/Register/Not Registered/Informasi Pribadi/Permission - Only this time' is exist

2021-10-29 14:58:58 - [MESSAGE][PASSED] - Element 'Object Repository/Mobile/Page/Register/Not Registered/Informasi Pribadi/Permission - Only this time' is exist

2021-10-29 14:58:58 - [TEST_STEP][PASSED] - if (permission): Tapped on element 'Object Repository/Mobile/Page/Register/Not Registered/Informasi Pribadi/Permission - Only this time'

2021-10-29 14:58:58 - [TEST_STEP][PASSED] - tap(findTestObject("Object Repository/Mobile/Page/Register/Not Registered/Informasi Pribadi/Permission - Only this time"), 0): Tapped on element 'Object Repository/Mobile/Page/Register/Not Registered/Informasi Pribadi/Permission - Only this time'

2021-10-29 14:58:58 - [MESSAGE][WARNING] - Timeout '0' is invalid. Using default page load timeout: '60'

2021-10-29 14:58:58 - [MESSAGE][PASSED] - Tapped on element 'Object Repository/Mobile/Page/Register/Not Registered/Informasi Pribadi/Permission - Only this time'

2021-10-29 14:58:58 - [TEST_STEP][PASSED] - permission = verifyElementExist(findTestObject("Object Repository/Mobile/Page/Register/Not Registered/Informasi Pribadi/Permission - Only this time"), 1, OPTIONAL): Element 'Object Repository/Mobile/Page/Register/Not Registered/Informasi Pribadi/Permission - Only this time' is exist

2021-10-29 14:58:59 - [MESSAGE][PASSED] - Element 'Object Repository/Mobile/Page/Register/Not Registered/Informasi Pribadi/Permission - Only this time' is exist

2021-10-29 14:58:59 - [TEST_STEP][PASSED] - if (permission): Tapped on element 'Object Repository/Mobile/Page/Register/Not Registered/Informasi Pribadi/Permission - Only this time'

2021-10-29 14:58:59 - [TEST_STEP][PASSED] - tap(findTestObject("Object Repository/Mobile/Page/Register/Not Registered/Informasi Pribadi/Permission - Only this time"), 0): Tapped on element 'Object Repository/Mobile/Page/Register/Not Registered/Informasi Pribadi/Permission - Only this time'

2021-10-29 14:58:59 - [MESSAGE][WARNING] - Timeout '0' is invalid. Using default page load timeout: '60'

2021-10-29 14:58:59 - [MESSAGE][PASSED] - Tapped on element 'Object Repository/Mobile/Page/Register/Not Registered/Informasi Pribadi/Permission - Only this time'

2021-10-29 14:58:59 - [TEST_STEP][PASSED] - tap(findTestObject("Object Repository/Mobile/Page/Register/Not Registered/Informasi Pribadi/Button - Capture KTP"), 0): Tapped on element 'Object Repository/Mobile/Page/Register/Not Registered/Informasi Pribadi/Button - Capture KTP'

2021-10-29 14:58:59 - [MESSAGE][WARNING] - Timeout '0' is invalid. Using default page load timeout: '60'

2021-10-29 14:59:01 - [MESSAGE][PASSED] - Tapped on element 'Object Repository/Mobile/Page/Register/Not Registered/Informasi Pribadi/Button - Capture KTP'

2021-10-29 14:59:01 - [TEST_STEP][PASSED] - delay(2): Delayed 2 second(s)

2021-10-29 14:59:03 - [MESSAGE][PASSED] - Delayed 2 second(s)

2021-10-29 14:59:03 - [TEST_STEP][PASSED] - scroll.scroll.scrollLeftToRight(findTestObject("Object Repository/Mobile/Page/Register/Not Registered/Informasi Pribadi/Slider - Edit Photo Scale")): scroll.scroll.scrollLeftToRight is PASSED

2021-10-29 14:59:04 - [MESSAGE][WARNING] - Timeout '0' is invalid. Using default page load timeout: '60'

2021-10-29 14:59:05 - [MESSAGE][PASSED] - Object 'Object Repository/Mobile/Page/Register/Not Registered/Informasi Pribadi/Slider - Edit Photo Scale' has left position '0'

2021-10-29 14:59:05 - [MESSAGE][WARNING] - Timeout '0' is invalid. Using default page load timeout: '60'

2021-10-29 14:59:05 - [MESSAGE][PASSED] - Object 'Object Repository/Mobile/Page/Register/Not Registered/Informasi Pribadi/Slider - Edit Photo Scale' has top position '1,284'

2021-10-29 14:59:05 - [MESSAGE][WARNING] - Timeout '0' is invalid. Using default page load timeout: '60'

2021-10-29 14:59:05 - [MESSAGE][PASSED] - Object 'Object Repository/Mobile/Page/Register/Not Registered/Informasi Pribadi/Slider - Edit Photo Scale' has width: '720'

2021-10-29 14:59:05 - [MESSAGE][WARNING] - Timeout '0' is invalid. Using default page load timeout: '60'

2021-10-29 14:59:06 - [MESSAGE][PASSED] - Object 'Object Repository/Mobile/Page/Register/Not Registered/Informasi Pribadi/Slider - Edit Photo Scale' has height: '66'

2021-10-29 14:59:07 - [MESSAGE][PASSED] - Swiped from 144,1,317 to 576,1,317

2021-10-29 14:59:07 - [MESSAGE][PASSED] - scroll.scroll.scrollLeftToRight is PASSED

2021-10-29 14:59:07 - [TEST_STEP][PASSED] - tap(findTestObject("Object Repository/Mobile/Page/Register/Not Registered/Informasi Pribadi/Button - Edit Photo Rotate"), 0): Tapped on element 'Object Repository/Mobile/Page/Register/Not Registered/Informasi Pribadi/Button - Edit Photo Rotate'

2021-10-29 14:59:07 - [MESSAGE][WARNING] - Timeout '0' is invalid. Using default page load timeout: '60'

2021-10-29 14:59:07 - [MESSAGE][PASSED] - Tapped on element 'Object Repository/Mobile/Page/Register/Not Registered/Informasi Pribadi/Button - Edit Photo Rotate'

2021-10-29 14:59:07 - [TEST_STEP][PASSED] - tap(findTestObject("Object Repository/Mobile/Page/Register/Not Registered/Informasi Pribadi/Button - Edit Photo Rotate 90 degree"), 0): Tapped on element 'Object Repository/Mobile/Page/Register/Not Registered/Informasi Pribadi/Button - Edit Photo Rotate 90 degree'

2021-10-29 14:59:07 - [MESSAGE][WARNING] - Timeout '0' is invalid. Using default page load timeout: '60'

2021-10-29 14:59:09 - [MESSAGE][PASSED] - Tapped on element 'Object Repository/Mobile/Page/Register/Not Registered/Informasi Pribadi/Button - Edit Photo Rotate 90 degree'

2021-10-29 14:59:09 - [TEST_STEP][PASSED] - tap(findTestObject("Object Repository/Mobile/Page/Register/Not Registered/Informasi Pribadi/Button - Edit Photo Reset Rotation"), 0): Tapped on element 'Object Repository/Mobile/Page/Register/Not Registered/Informasi Pribadi/Button - Edit Photo Reset Rotation'

2021-10-29 14:59:09 - [MESSAGE][WARNING] - Timeout '0' is invalid. Using default page load timeout: '60'

2021-10-29 14:59:09 - [MESSAGE][PASSED] - Tapped on element 'Object Repository/Mobile/Page/Register/Not Registered/Informasi Pribadi/Button - Edit Photo Reset Rotation'

2021-10-29 14:59:09 - [TEST_STEP][PASSED] - scroll.scroll.scrollLeftToRight(findTestObject("Object Repository/Mobile/Page/Register/Not Registered/Informasi Pribadi/Slider - Edit Photo Rotate")): scroll.scroll.scrollLeftToRight is PASSED

2021-10-29 14:59:09 - [MESSAGE][WARNING] - Timeout '0' is invalid. Using default page load timeout: '60'

2021-10-29 14:59:10 - [MESSAGE][PASSED] - Object 'Object Repository/Mobile/Page/Register/Not Registered/Informasi Pribadi/Slider - Edit Photo Rotate' has left position '88'

2021-10-29 14:59:10 - [MESSAGE][WARNING] - Timeout '0' is invalid. Using default page load timeout: '60'

2021-10-29 14:59:10 - [MESSAGE][PASSED] - Object 'Object Repository/Mobile/Page/Register/Not Registered/Informasi Pribadi/Slider - Edit Photo Rotate' has top position '1,284'

2021-10-29 14:59:10 - [MESSAGE][WARNING] - Timeout '0' is invalid. Using default page load timeout: '60'

2021-10-29 14:59:10 - [MESSAGE][PASSED] - Object 'Object Repository/Mobile/Page/Register/Not Registered/Informasi Pribadi/Slider - Edit Photo Rotate' has width: '544'

2021-10-29 14:59:10 - [MESSAGE][WARNING] - Timeout '0' is invalid. Using default page load timeout: '60'

2021-10-29 14:59:10 - [MESSAGE][PASSED] - Object 'Object Repository/Mobile/Page/Register/Not Registered/Informasi Pribadi/Slider - Edit Photo Rotate' has height: '66'

2021-10-29 14:59:12 - [MESSAGE][PASSED] - Swiped from 196,1,317 to 523,1,317

2021-10-29 14:59:12 - [MESSAGE][PASSED] - scroll.scroll.scrollLeftToRight is PASSED

2021-10-29 14:59:12 - [TEST_STEP][PASSED] - tap(findTestObject("Object Repository/Mobile/Page/Register/Not Registered/Informasi Pribadi/Button - Edit Photo Confirm"), 0): Tapped on element 'Object Repository/Mobile/Page/Register/Not Registered/Informasi Pribadi/Button - Edit Photo Confirm'

2021-10-29 14:59:12 - [MESSAGE][WARNING] - Timeout '0' is invalid. Using default page load timeout: '60'

2021-10-29 14:59:14 - [MESSAGE][PASSED] - Tapped on element 'Object Repository/Mobile/Page/Register/Not Registered/Informasi Pribadi/Button - Edit Photo Confirm'

2021-10-29 14:59:14 - [TEST_STEP][PASSED] - delay(2): Delayed 2 second(s)

2021-10-29 14:59:16 - [MESSAGE][PASSED] - Delayed 2 second(s)

2021-10-29 14:59:16 - [TEST_STEP][PASSED] - hideKeyboard(): Keyboard is hidden

2021-10-29 14:59:22 - [MESSAGE][PASSED] - Keyboard is hidden

2021-10-29 14:59:22 - [TEST_STEP][PASSED] - delay(1): Delayed 1 second(s)

2021-10-29 14:59:23 - [MESSAGE][PASSED] - Delayed 1 second(s)

2021-10-29 14:59:23 - [TEST_STEP][PASSED] - scroll.scroll.scrollToBottomOpenKeyboard(): scroll.scroll.scrollToBottomOpenKeyboard is PASSED

2021-10-29 14:59:24 - [MESSAGE][PASSED] - Current device physical height is 1423

2021-10-29 14:59:24 - [MESSAGE][PASSED] - Current device physical width is 720

2021-10-29 14:59:25 - [MESSAGE][PASSED] - Swiped from 360,853 to 360,284

2021-10-29 14:59:25 - [MESSAGE][PASSED] - scroll.scroll.scrollToBottomOpenKeyboard is PASSED

2021-10-29 14:59:25 - [TEST_STEP][PASSED] - tap(findTestObject("Object Repository/Mobile/Page/Register/Not Registered/Informasi Pribadi/Button - Icon Face with KTP"), 0): Tapped on element 'Object Repository/Mobile/Page/Register/Not Registered/Informasi Pribadi/Button - Icon Face with KTP'

2021-10-29 14:59:25 - [MESSAGE][WARNING] - Timeout '0' is invalid. Using default page load timeout: '60'

2021-10-29 14:59:26 - [MESSAGE][PASSED] - Tapped on element 'Object Repository/Mobile/Page/Register/Not Registered/Informasi Pribadi/Button - Icon Face with KTP'

2021-10-29 14:59:26 - [TEST_STEP][PASSED] - permission = verifyElementExist(findTestObject("Object Repository/Mobile/Page/Register/Not Registered/Informasi Pribadi/Permission - Only this time"), 1, OPTIONAL): Element 'Object Repository/Mobile/Page/Register/Not Registered/Informasi Pribadi/Permission - Only this time' not found

2021-10-29 14:59:29 - [MESSAGE][WARNING] - Element 'Object Repository/Mobile/Page/Register/Not Registered/Informasi Pribadi/Permission - Only this time' not found
[[ATTACHMENT|C:\\Users\\Owner\\Documents\\kerjaan\\KatalonProject\\qa-katalon-maxfund\\Reports\\20211029_145503\\Register\\20211029_145503\\1635494367768.png]]

2021-10-29 14:59:29 - [TEST_STEP][PASSED] - if (permission): null

2021-10-29 14:59:29 - [TEST_STEP][PASSED] - permission = verifyElementExist(findTestObject("Object Repository/Mobile/Page/Register/Not Registered/Informasi Pribadi/Permission - Only this time"), 1, OPTIONAL): Element 'Object Repository/Mobile/Page/Register/Not Registered/Informasi Pribadi/Permission - Only this time' not found

2021-10-29 14:59:32 - [MESSAGE][WARNING] - Element 'Object Repository/Mobile/Page/Register/Not Registered/Informasi Pribadi/Permission - Only this time' not found
[[ATTACHMENT|C:\\Users\\Owner\\Documents\\kerjaan\\KatalonProject\\qa-katalon-maxfund\\Reports\\20211029_145503\\Register\\20211029_145503\\1635494370652.png]]

2021-10-29 14:59:32 - [TEST_STEP][PASSED] - if (permission): null

2021-10-29 14:59:32 - [TEST_STEP][PASSED] - tap(findTestObject("Object Repository/Mobile/Page/Register/Not Registered/Informasi Pribadi/Button - Capture Face with KTP"), 0): Tapped on element 'Object Repository/Mobile/Page/Register/Not Registered/Informasi Pribadi/Button - Capture Face with KTP'

2021-10-29 14:59:32 - [MESSAGE][WARNING] - Timeout '0' is invalid. Using default page load timeout: '60'

2021-10-29 14:59:34 - [MESSAGE][PASSED] - Tapped on element 'Object Repository/Mobile/Page/Register/Not Registered/Informasi Pribadi/Button - Capture Face with KTP'

2021-10-29 14:59:34 - [TEST_STEP][PASSED] - delay(2): Delayed 2 second(s)

2021-10-29 14:59:36 - [MESSAGE][PASSED] - Delayed 2 second(s)

2021-10-29 14:59:36 - [TEST_STEP][PASSED] - hideKeyboard(): Keyboard is hidden

2021-10-29 14:59:42 - [MESSAGE][PASSED] - Keyboard is hidden

2021-10-29 14:59:42 - [TEST_STEP][PASSED] - delay(1): Delayed 1 second(s)

2021-10-29 14:59:43 - [MESSAGE][PASSED] - Delayed 1 second(s)

2021-10-29 14:59:43 - [TEST_STEP][PASSED] - scroll.scroll.scrollToBottomOpenKeyboard(): scroll.scroll.scrollToBottomOpenKeyboard is PASSED

2021-10-29 14:59:43 - [MESSAGE][PASSED] - Current device physical height is 1423

2021-10-29 14:59:44 - [MESSAGE][PASSED] - Current device physical width is 720

2021-10-29 14:59:45 - [MESSAGE][PASSED] - Swiped from 360,853 to 360,284

2021-10-29 14:59:45 - [MESSAGE][PASSED] - scroll.scroll.scrollToBottomOpenKeyboard is PASSED

2021-10-29 14:59:45 - [TEST_STEP][PASSED] - tap(findTestObject("Object Repository/Mobile/Page/Register/Not Registered/Informasi Pribadi/Radio Button - Low Risk"), 0): Tapped on element 'Object Repository/Mobile/Page/Register/Not Registered/Informasi Pribadi/Radio Button - Low Risk'

2021-10-29 14:59:45 - [MESSAGE][WARNING] - Timeout '0' is invalid. Using default page load timeout: '60'

2021-10-29 14:59:46 - [MESSAGE][PASSED] - Tapped on element 'Object Repository/Mobile/Page/Register/Not Registered/Informasi Pribadi/Radio Button - Low Risk'

2021-10-29 14:59:46 - [TEST_STEP][PASSED] - delay(1): Delayed 1 second(s)

2021-10-29 14:59:47 - [MESSAGE][PASSED] - Delayed 1 second(s)

2021-10-29 14:59:47 - [TEST_STEP][PASSED] - tap(findTestObject("Object Repository/Mobile/Page/Register/Not Registered/Informasi Pribadi/Radio Button - Medium Risk"), 0): Tapped on element 'Object Repository/Mobile/Page/Register/Not Registered/Informasi Pribadi/Radio Button - Medium Risk'

2021-10-29 14:59:47 - [MESSAGE][WARNING] - Timeout '0' is invalid. Using default page load timeout: '60'

2021-10-29 14:59:48 - [MESSAGE][PASSED] - Tapped on element 'Object Repository/Mobile/Page/Register/Not Registered/Informasi Pribadi/Radio Button - Medium Risk'

2021-10-29 14:59:48 - [TEST_STEP][PASSED] - delay(1): Delayed 1 second(s)

2021-10-29 14:59:49 - [MESSAGE][PASSED] - Delayed 1 second(s)

2021-10-29 14:59:49 - [TEST_STEP][PASSED] - tap(findTestObject("Object Repository/Mobile/Page/Register/Not Registered/Informasi Pribadi/Radio Button - High Risk"), 0): Tapped on element 'Object Repository/Mobile/Page/Register/Not Registered/Informasi Pribadi/Radio Button - High Risk'

2021-10-29 14:59:49 - [MESSAGE][WARNING] - Timeout '0' is invalid. Using default page load timeout: '60'

2021-10-29 14:59:50 - [MESSAGE][PASSED] - Tapped on element 'Object Repository/Mobile/Page/Register/Not Registered/Informasi Pribadi/Radio Button - High Risk'

2021-10-29 14:59:50 - [TEST_STEP][PASSED] - delay(1): Delayed 1 second(s)

2021-10-29 14:59:51 - [MESSAGE][PASSED] - Delayed 1 second(s)

2021-10-29 14:59:51 - [TEST_STEP][PASSED] - tap(findTestObject("Object Repository/Mobile/Page/Register/Not Registered/Informasi Pribadi/Button - Next"), 0): Tapped on element 'Object Repository/Mobile/Page/Register/Not Registered/Informasi Pribadi/Button - Next'

2021-10-29 14:59:51 - [MESSAGE][WARNING] - Timeout '0' is invalid. Using default page load timeout: '60'

2021-10-29 14:59:52 - [MESSAGE][PASSED] - Tapped on element 'Object Repository/Mobile/Page/Register/Not Registered/Informasi Pribadi/Button - Next'

2021-10-29 14:59:52 - [TEST_STEP][PASSED] - delay(1): Delayed 1 second(s)

2021-10-29 14:59:53 - [MESSAGE][PASSED] - Delayed 1 second(s)

2021-10-29 14:59:53 - [TEST_STEP][PASSED] - tapAndHold(findTestObject("Mobile/Page/Register/Not Registered/Akun Bank/Dropdown - Bank"), 1, 0): Tapped and held on element 'Object Repository/Mobile/Page/Register/Not Registered/Akun Bank/Dropdown - Bank' with duration 1

2021-10-29 14:59:53 - [MESSAGE][WARNING] - Timeout '0' is invalid. Using default page load timeout: '60'

2021-10-29 14:59:56 - [MESSAGE][PASSED] - Tapped and held on element 'Object Repository/Mobile/Page/Register/Not Registered/Akun Bank/Dropdown - Bank' with duration 1

2021-10-29 14:59:56 - [TEST_STEP][PASSED] - tap(findTestObject("Mobile/Page/Register/Not Registered/Akun Bank/Edit Text - Search Bank"), 0): Tapped on element 'Object Repository/Mobile/Page/Register/Not Registered/Akun Bank/Edit Text - Search Bank'

2021-10-29 14:59:56 - [MESSAGE][WARNING] - Timeout '0' is invalid. Using default page load timeout: '60'

2021-10-29 14:59:56 - [MESSAGE][PASSED] - Tapped on element 'Object Repository/Mobile/Page/Register/Not Registered/Akun Bank/Edit Text - Search Bank'

2021-10-29 14:59:56 - [TEST_STEP][PASSED] - setText(findTestObject("Mobile/Page/Register/Not Registered/Akun Bank/Edit Text - Search Bank"), "citibank", 0): Text 'citibank' has been set to element 'Object Repository/Mobile/Page/Register/Not Registered/Akun Bank/Edit Text - Search Bank'

2021-10-29 14:59:56 - [MESSAGE][WARNING] - Timeout '0' is invalid. Using default page load timeout: '60'

2021-10-29 14:59:58 - [MESSAGE][PASSED] - Text 'citibank' has been set to element 'Object Repository/Mobile/Page/Register/Not Registered/Akun Bank/Edit Text - Search Bank'

2021-10-29 14:59:58 - [TEST_STEP][PASSED] - driver = getDriver(): null

2021-10-29 14:59:58 - [TEST_STEP][PASSED] - driver.pressKeyCode(ENTER): null

2021-10-29 14:59:58 - [TEST_STEP][PASSED] - tap(findTestObject("Object Repository/Mobile/Page/Register/Not Registered/Akun Bank/Item - Top Search Bank"), 0): Tapped on element 'Object Repository/Mobile/Page/Register/Not Registered/Akun Bank/Item - Top Search Bank'

2021-10-29 14:59:58 - [MESSAGE][WARNING] - Timeout '0' is invalid. Using default page load timeout: '60'

2021-10-29 14:59:59 - [MESSAGE][PASSED] - Tapped on element 'Object Repository/Mobile/Page/Register/Not Registered/Akun Bank/Item - Top Search Bank'

2021-10-29 14:59:59 - [TEST_STEP][PASSED] - delay(1): Delayed 1 second(s)

2021-10-29 15:00:00 - [MESSAGE][PASSED] - Delayed 1 second(s)

2021-10-29 15:00:00 - [TEST_STEP][PASSED] - tapAndHold(findTestObject("Mobile/Page/Register/Not Registered/Akun Bank/Dropdown - Country"), 1, 0): Tapped and held on element 'Object Repository/Mobile/Page/Register/Not Registered/Akun Bank/Dropdown - Country' with duration 1

2021-10-29 15:00:00 - [MESSAGE][WARNING] - Timeout '0' is invalid. Using default page load timeout: '60'

2021-10-29 15:00:03 - [MESSAGE][PASSED] - Tapped and held on element 'Object Repository/Mobile/Page/Register/Not Registered/Akun Bank/Dropdown - Country' with duration 1

2021-10-29 15:00:03 - [TEST_STEP][PASSED] - tap(findTestObject("Object Repository/Mobile/Page/Register/Not Registered/Akun Bank/Dropdown - Country Option Indonesia"), 0): Tapped on element 'Object Repository/Mobile/Page/Register/Not Registered/Akun Bank/Dropdown - Country Option Indonesia'

2021-10-29 15:00:03 - [MESSAGE][WARNING] - Timeout '0' is invalid. Using default page load timeout: '60'

2021-10-29 15:00:04 - [MESSAGE][PASSED] - Tapped on element 'Object Repository/Mobile/Page/Register/Not Registered/Akun Bank/Dropdown - Country Option Indonesia'

2021-10-29 15:00:04 - [TEST_STEP][PASSED] - delay(1): Delayed 1 second(s)

2021-10-29 15:00:05 - [MESSAGE][PASSED] - Delayed 1 second(s)

2021-10-29 15:00:05 - [TEST_STEP][PASSED] - tap(findTestObject("Object Repository/Mobile/Page/Register/Not Registered/Akun Bank/Edit Text - Branch"), 0): Tapped on element 'Object Repository/Mobile/Page/Register/Not Registered/Akun Bank/Edit Text - Branch'

2021-10-29 15:00:05 - [MESSAGE][WARNING] - Timeout '0' is invalid. Using default page load timeout: '60'

2021-10-29 15:00:06 - [MESSAGE][PASSED] - Tapped on element 'Object Repository/Mobile/Page/Register/Not Registered/Akun Bank/Edit Text - Branch'

2021-10-29 15:00:06 - [TEST_STEP][PASSED] - setText(findTestObject("Object Repository/Mobile/Page/Register/Not Registered/Akun Bank/Edit Text - Branch"), branch, 0): Text 'qa cabang' has been set to element 'Object Repository/Mobile/Page/Register/Not Registered/Akun Bank/Edit Text - Branch'

2021-10-29 15:00:06 - [MESSAGE][WARNING] - Timeout '0' is invalid. Using default page load timeout: '60'

2021-10-29 15:00:07 - [MESSAGE][PASSED] - Text 'qa cabang' has been set to element 'Object Repository/Mobile/Page/Register/Not Registered/Akun Bank/Edit Text - Branch'

2021-10-29 15:00:07 - [TEST_STEP][PASSED] - hideKeyboard(): Keyboard is hidden

2021-10-29 15:00:11 - [MESSAGE][PASSED] - Keyboard is hidden

2021-10-29 15:00:11 - [TEST_STEP][PASSED] - delay(1): Delayed 1 second(s)

2021-10-29 15:00:12 - [MESSAGE][PASSED] - Delayed 1 second(s)

2021-10-29 15:00:12 - [TEST_STEP][PASSED] - tap(findTestObject("Object Repository/Mobile/Page/Register/Not Registered/Akun Bank/Edit Text - Account Number"), 0): Tapped on element 'Object Repository/Mobile/Page/Register/Not Registered/Akun Bank/Edit Text - Account Number'

2021-10-29 15:00:12 - [MESSAGE][WARNING] - Timeout '0' is invalid. Using default page load timeout: '60'

2021-10-29 15:00:12 - [MESSAGE][PASSED] - Tapped on element 'Object Repository/Mobile/Page/Register/Not Registered/Akun Bank/Edit Text - Account Number'

2021-10-29 15:00:12 - [TEST_STEP][PASSED] - setText(findTestObject("Object Repository/Mobile/Page/Register/Not Registered/Akun Bank/Edit Text - Account Number"), accountnumber, 0): Text '222444222444' has been set to element 'Object Repository/Mobile/Page/Register/Not Registered/Akun Bank/Edit Text - Account Number'

2021-10-29 15:00:12 - [MESSAGE][WARNING] - Timeout '0' is invalid. Using default page load timeout: '60'

2021-10-29 15:00:14 - [MESSAGE][PASSED] - Text '222444222444' has been set to element 'Object Repository/Mobile/Page/Register/Not Registered/Akun Bank/Edit Text - Account Number'

2021-10-29 15:00:14 - [TEST_STEP][PASSED] - hideKeyboard(): Keyboard is hidden

2021-10-29 15:00:20 - [MESSAGE][PASSED] - Keyboard is hidden

2021-10-29 15:00:20 - [TEST_STEP][PASSED] - delay(1): Delayed 1 second(s)

2021-10-29 15:00:21 - [MESSAGE][PASSED] - Delayed 1 second(s)

2021-10-29 15:00:21 - [TEST_STEP][PASSED] - if (negativeStatus == "ownerNameNotMatch"): null

2021-10-29 15:00:21 - [TEST_STEP][PASSED] - else: Delayed 1 second(s)

2021-10-29 15:00:21 - [TEST_STEP][PASSED] - tap(findTestObject("Object Repository/Mobile/Page/Register/Not Registered/Akun Bank/Edit Text - Name Owner"), 0): Tapped on element 'Object Repository/Mobile/Page/Register/Not Registered/Akun Bank/Edit Text - Name Owner'

2021-10-29 15:00:21 - [MESSAGE][WARNING] - Timeout '0' is invalid. Using default page load timeout: '60'

2021-10-29 15:00:21 - [MESSAGE][PASSED] - Tapped on element 'Object Repository/Mobile/Page/Register/Not Registered/Akun Bank/Edit Text - Name Owner'

2021-10-29 15:00:21 - [TEST_STEP][PASSED] - setText(findTestObject("Object Repository/Mobile/Page/Register/Not Registered/Akun Bank/Edit Text - Name Owner"), nameowner, 0): Text 'QATESTCrcwtqeOtcaQZMl' has been set to element 'Object Repository/Mobile/Page/Register/Not Registered/Akun Bank/Edit Text - Name Owner'

2021-10-29 15:00:21 - [MESSAGE][WARNING] - Timeout '0' is invalid. Using default page load timeout: '60'

2021-10-29 15:00:22 - [MESSAGE][PASSED] - Text 'QATESTCrcwtqeOtcaQZMl' has been set to element 'Object Repository/Mobile/Page/Register/Not Registered/Akun Bank/Edit Text - Name Owner'

2021-10-29 15:00:22 - [TEST_STEP][PASSED] - hideKeyboard(): Keyboard is hidden

2021-10-29 15:00:26 - [MESSAGE][PASSED] - Keyboard is hidden

2021-10-29 15:00:26 - [TEST_STEP][PASSED] - delay(1): Delayed 1 second(s)

2021-10-29 15:00:27 - [MESSAGE][PASSED] - Delayed 1 second(s)

2021-10-29 15:00:27 - [TEST_STEP][PASSED] - tap(findTestObject("Object Repository/Mobile/Page/Register/Not Registered/Akun Bank/Button - Next"), 0): Tapped on element 'Object Repository/Mobile/Page/Register/Not Registered/Akun Bank/Button - Next'

2021-10-29 15:00:27 - [MESSAGE][WARNING] - Timeout '0' is invalid. Using default page load timeout: '60'

2021-10-29 15:00:28 - [MESSAGE][PASSED] - Tapped on element 'Object Repository/Mobile/Page/Register/Not Registered/Akun Bank/Button - Next'

2021-10-29 15:00:28 - [TEST_STEP][PASSED] - delay(1): Delayed 1 second(s)

2021-10-29 15:00:29 - [MESSAGE][PASSED] - Delayed 1 second(s)

2021-10-29 15:00:29 - [TEST_STEP][PASSED] - if (isUseReferralCode == 1): null

2021-10-29 15:00:29 - [TEST_STEP][PASSED] - if (negativeStatus == "noSignature"): null

2021-10-29 15:00:29 - [TEST_STEP][PASSED] - else: Delayed 1 second(s)

2021-10-29 15:00:29 - [TEST_STEP][PASSED] - scroll.scroll.scrollRightToLeft(findTestObject("Mobile/Page/Register/Not Registered/Konfirmasi/Field - Signature")): scroll.scroll.scrollRightToLeft is PASSED

2021-10-29 15:00:29 - [MESSAGE][WARNING] - Timeout '0' is invalid. Using default page load timeout: '60'

2021-10-29 15:00:29 - [MESSAGE][PASSED] - Object 'Object Repository/Mobile/Page/Register/Not Registered/Konfirmasi/Field - Signature' has left position '31'

2021-10-29 15:00:29 - [MESSAGE][WARNING] - Timeout '0' is invalid. Using default page load timeout: '60'

2021-10-29 15:00:29 - [MESSAGE][PASSED] - Object 'Object Repository/Mobile/Page/Register/Not Registered/Konfirmasi/Field - Signature' has top position '612'

2021-10-29 15:00:29 - [MESSAGE][WARNING] - Timeout '0' is invalid. Using default page load timeout: '60'

2021-10-29 15:00:29 - [MESSAGE][PASSED] - Object 'Object Repository/Mobile/Page/Register/Not Registered/Konfirmasi/Field - Signature' has width: '658'

2021-10-29 15:00:29 - [MESSAGE][WARNING] - Timeout '0' is invalid. Using default page load timeout: '60'

2021-10-29 15:00:30 - [MESSAGE][PASSED] - Object 'Object Repository/Mobile/Page/Register/Not Registered/Konfirmasi/Field - Signature' has height: '384'

2021-10-29 15:00:31 - [MESSAGE][PASSED] - Swiped from 557,804 to 162,804

2021-10-29 15:00:31 - [MESSAGE][PASSED] - scroll.scroll.scrollRightToLeft is PASSED

2021-10-29 15:00:31 - [TEST_STEP][PASSED] - delay(1): Delayed 1 second(s)

2021-10-29 15:00:32 - [MESSAGE][PASSED] - Delayed 1 second(s)

2021-10-29 15:00:32 - [TEST_STEP][PASSED] - tap(findTestObject("Mobile/Page/Register/Not Registered/Konfirmasi/Checkbox - Agreement"), 0): Tapped on element 'Object Repository/Mobile/Page/Register/Not Registered/Konfirmasi/Checkbox - Agreement'

2021-10-29 15:00:32 - [MESSAGE][WARNING] - Timeout '0' is invalid. Using default page load timeout: '60'

2021-10-29 15:00:32 - [MESSAGE][PASSED] - Tapped on element 'Object Repository/Mobile/Page/Register/Not Registered/Konfirmasi/Checkbox - Agreement'

2021-10-29 15:00:32 - [TEST_STEP][PASSED] - delay(1): Delayed 1 second(s)

2021-10-29 15:00:33 - [MESSAGE][PASSED] - Delayed 1 second(s)

2021-10-29 15:00:33 - [TEST_STEP][PASSED] - pressBack(): Press back button successfully

2021-10-29 15:00:33 - [MESSAGE][PASSED] - Press back button successfully

2021-10-29 15:00:33 - [TEST_STEP][PASSED] - delay(1): Delayed 1 second(s)

2021-10-29 15:00:34 - [MESSAGE][PASSED] - Delayed 1 second(s)

2021-10-29 15:00:34 - [TEST_STEP][PASSED] - hideKeyboard(): Keyboard is hidden

2021-10-29 15:00:36 - [MESSAGE][PASSED] - Keyboard is hidden

2021-10-29 15:00:36 - [TEST_STEP][PASSED] - tap(findTestObject("Object Repository/Mobile/Page/Register/Not Registered/Konfirmasi/Button - Next"), 0): Tapped on element 'Object Repository/Mobile/Page/Register/Not Registered/Konfirmasi/Button - Next'

2021-10-29 15:00:36 - [MESSAGE][WARNING] - Timeout '0' is invalid. Using default page load timeout: '60'

2021-10-29 15:00:37 - [MESSAGE][PASSED] - Tapped on element 'Object Repository/Mobile/Page/Register/Not Registered/Konfirmasi/Button - Next'

2021-10-29 15:00:37 - [TEST_STEP][PASSED] - delay(5): Delayed 5 second(s)

2021-10-29 15:00:42 - [MESSAGE][PASSED] - Delayed 5 second(s)

2021-10-29 15:00:42 - [TEST_STEP][PASSED] - tap(findTestObject("Object Repository/Mobile/Page/Register/Not Registered/Konfirmasi/Button - Back to Home"), 0): Tapped on element 'Object Repository/Mobile/Page/Register/Not Registered/Konfirmasi/Button - Back to Home'

2021-10-29 15:00:42 - [MESSAGE][WARNING] - Timeout '0' is invalid. Using default page load timeout: '60'

2021-10-29 15:00:44 - [MESSAGE][PASSED] - Tapped on element 'Object Repository/Mobile/Page/Register/Not Registered/Konfirmasi/Button - Back to Home'

2021-10-29 15:00:44 - [TEST_STEP][PASSED] - delay(1): Delayed 1 second(s)

2021-10-29 15:00:45 - [MESSAGE][PASSED] - Delayed 1 second(s)

2021-10-29 15:00:45 - [MESSAGE][PASSED] - Call Test Case 'Test Cases/Mobile/Page/Register/Register' successfully

2021-10-29 15:00:45 - [TEST_STEP][PASSED] - callTestCase(findTestCase("Mobile/Page/Run App/Terminate App"), [:], STOP_ON_FAILURE): Call Test Case 'Test Cases/Mobile/Page/Run App/Terminate App' successfully

2021-10-29 15:00:45 - [TEST_CASE][PASSED] - Test Cases/Mobile/Page/Run App/Terminate App: Test Cases/Mobile/Page/Run App/Terminate App

2021-10-29 15:00:45 - [TEST_STEP][PASSED] - startApp.OpenApp.terminateApplication(): startApp.OpenApp.terminateApplication is PASSED

2021-10-29 15:00:48 - [MESSAGE][PASSED] - Delayed 3 second(s)

2021-10-29 15:00:48 - [MESSAGE][PASSED] - Current device physical width is 720

2021-10-29 15:00:48 - [MESSAGE][PASSED] - Current device physical height is 1423

2021-10-29 15:00:49 - [MESSAGE][PASSED] - Swiped from 360,853 to 360,142

2021-10-29 15:00:50 - [MESSAGE][PASSED] - Delayed 1 second(s)

2021-10-29 15:00:52 - [MESSAGE][PASSED] - Swiped from 360,853 to 360,142

2021-10-29 15:00:55 - [MESSAGE][PASSED] - Delayed 3 second(s)

2021-10-29 15:00:55 - [MESSAGE][PASSED] - startApp.OpenApp.terminateApplication is PASSED

2021-10-29 15:00:55 - [MESSAGE][PASSED] - Call Test Case 'Test Cases/Mobile/Page/Run App/Terminate App' successfully]]></system-out>
         <system-err><![CDATA[]]></system-err>
      </testcase>
      <testcase name="Test Cases/Mobile/Scenario/Register/003 - Registrasi akun baru dengan alamat berbeda dengan KTP" time="256.536" classname="Test Cases/Mobile/Scenario/Register/003 - Registrasi akun baru dengan alamat berbeda dengan KTP" status="PASSED">
         <system-out><![CDATA[2021-10-29 15:00:55 - [TEST_CASE][PASSED] - Test Cases/Mobile/Scenario/Register/003 - Registrasi akun baru dengan alamat berbeda dengan KTP: Test Cases/Mobile/Scenario/Register/003 - Registrasi akun baru dengan alamat berbeda dengan KTP

2021-10-29 15:00:55 - [TEST_STEP][PASSED] - callTestCase(findTestCase("Mobile/Page/Run App/Run App byID"), [:], STOP_ON_FAILURE): Call Test Case 'Test Cases/Mobile/Page/Run App/Run App byID' successfully

2021-10-29 15:00:55 - [TEST_CASE][PASSED] - Test Cases/Mobile/Page/Run App/Run App byID: Test Cases/Mobile/Page/Run App/Run App byID

2021-10-29 15:00:55 - [TEST_STEP][PASSED] - startApp.OpenApp.startApplication("com.mirae.maxfund"): startApp.OpenApp.startApplication is PASSED

2021-10-29 15:01:08 - [MESSAGE][PASSED] - Starting app with application ID: 'com.mirae.maxfund'

2021-10-29 15:01:08 - [MESSAGE][PASSED] - startApp.OpenApp.startApplication is PASSED

2021-10-29 15:01:08 - [MESSAGE][PASSED] - Call Test Case 'Test Cases/Mobile/Page/Run App/Run App byID' successfully

2021-10-29 15:01:08 - [TEST_STEP][PASSED] - callTestCase(findTestCase("Mobile/Page/Register/Register"), ["isFromLoginPage":0, "isRegistered":0, "isBedaAlamat":1, "isUseReferralCode":0, "negativeStatus":"none"], STOP_ON_FAILURE): Call Test Case 'Test Cases/Mobile/Page/Register/Register' successfully

2021-10-29 15:01:08 - [TEST_CASE][PASSED] - Test Cases/Mobile/Page/Register/Register: Test Cases/Mobile/Page/Register/Register

2021-10-29 15:01:08 - [TEST_STEP][PASSED] - delay(5): Delayed 5 second(s)

2021-10-29 15:01:13 - [MESSAGE][PASSED] - Delayed 5 second(s)

2021-10-29 15:01:13 - [TEST_STEP][PASSED] - if (isFromLoginPage == 1): null

2021-10-29 15:01:13 - [TEST_STEP][PASSED] - else: Tapped on element 'Object Repository/Mobile/Page/Dashboard/Button - Register'

2021-10-29 15:01:13 - [TEST_STEP][PASSED] - tap(findTestObject("Object Repository/Mobile/Page/Dashboard/Button - Register"), 0): Tapped on element 'Object Repository/Mobile/Page/Dashboard/Button - Register'

2021-10-29 15:01:13 - [MESSAGE][WARNING] - Timeout '0' is invalid. Using default page load timeout: '60'

2021-10-29 15:01:16 - [MESSAGE][PASSED] - Tapped on element 'Object Repository/Mobile/Page/Dashboard/Button - Register'

2021-10-29 15:01:16 - [TEST_STEP][PASSED] - delay(3): Delayed 3 second(s)

2021-10-29 15:01:19 - [MESSAGE][PASSED] - Delayed 3 second(s)

2021-10-29 15:01:19 - [TEST_STEP][PASSED] - if (isRegistered == 1): null

2021-10-29 15:01:19 - [TEST_STEP][PASSED] - else: null

2021-10-29 15:01:19 - [TEST_STEP][PASSED] - RegisterMethod.notRegistered(negativeStatus, isBedaAlamat, isUseReferralCode): null

2021-10-29 15:01:19 - [TEST_STEP][PASSED] - fullname = "QATEST" + acak.acak.randomStringWord(): acak.acak.randomStringWord is PASSED

2021-10-29 15:01:19 - [MESSAGE][PASSED] - acak.acak.randomStringWord is PASSED

2021-10-29 15:01:19 - [TEST_STEP][PASSED] - birthdate = "1/1/1998": null

2021-10-29 15:01:19 - [TEST_STEP][PASSED] - phone = "082" + acak.acak.randomStringNumber(9): acak.acak.randomStringNumber is PASSED

2021-10-29 15:01:19 - [MESSAGE][PASSED] - acak.acak.randomStringNumber is PASSED

2021-10-29 15:01:19 - [TEST_STEP][PASSED] - email = fullname + "@gmail.com": null

2021-10-29 15:01:19 - [TEST_STEP][PASSED] - password = "Mirae1234": null

2021-10-29 15:01:19 - [TEST_STEP][PASSED] - branch = "qa cabang": null

2021-10-29 15:01:19 - [TEST_STEP][PASSED] - accountnumber = "222444222444": null

2021-10-29 15:01:19 - [TEST_STEP][PASSED] - nameowner = fullname: null

2021-10-29 15:01:19 - [TEST_STEP][PASSED] - alamat = "Jl. Cempaka Putih Barat 12 F No.12, RT.8/RW.8": null

2021-10-29 15:01:19 - [TEST_STEP][PASSED] - kodepos = "15412": null

2021-10-29 15:01:19 - [TEST_STEP][PASSED] - referralcode = "15412": null

2021-10-29 15:01:19 - [TEST_STEP][PASSED] - flag = "indonesia": null

2021-10-29 15:01:19 - [TEST_STEP][PASSED] - bank = "citibank": null

2021-10-29 15:01:19 - [TEST_STEP][PASSED] - tap(findTestObject("Object Repository/Mobile/Page/Register/Radio Button - Not registered yet"), 0): Tapped on element 'Object Repository/Mobile/Page/Register/Radio Button - Not registered yet'

2021-10-29 15:01:19 - [MESSAGE][WARNING] - Timeout '0' is invalid. Using default page load timeout: '60'

2021-10-29 15:01:19 - [MESSAGE][PASSED] - Tapped on element 'Object Repository/Mobile/Page/Register/Radio Button - Not registered yet'

2021-10-29 15:01:19 - [TEST_STEP][PASSED] - delay(3): Delayed 3 second(s)

2021-10-29 15:01:22 - [MESSAGE][PASSED] - Delayed 3 second(s)

2021-10-29 15:01:22 - [TEST_STEP][PASSED] - tap(findTestObject("Object Repository/Mobile/Page/Register/Not Registered/Button - Next"), 0): Tapped on element 'Object Repository/Mobile/Page/Register/Not Registered/Button - Next'

2021-10-29 15:01:22 - [MESSAGE][WARNING] - Timeout '0' is invalid. Using default page load timeout: '60'

2021-10-29 15:01:23 - [MESSAGE][PASSED] - Tapped on element 'Object Repository/Mobile/Page/Register/Not Registered/Button - Next'

2021-10-29 15:01:23 - [TEST_STEP][PASSED] - delay(1): Delayed 1 second(s)

2021-10-29 15:01:24 - [MESSAGE][PASSED] - Delayed 1 second(s)

2021-10-29 15:01:24 - [TEST_STEP][PASSED] - tap(findTestObject("Object Repository/Mobile/Page/Register/Not Registered/Informasi Pribadi/Edit Text - Fullname"), 0): Tapped on element 'Object Repository/Mobile/Page/Register/Not Registered/Informasi Pribadi/Edit Text - Fullname'

2021-10-29 15:01:24 - [MESSAGE][WARNING] - Timeout '0' is invalid. Using default page load timeout: '60'

2021-10-29 15:01:25 - [MESSAGE][PASSED] - Tapped on element 'Object Repository/Mobile/Page/Register/Not Registered/Informasi Pribadi/Edit Text - Fullname'

2021-10-29 15:01:25 - [TEST_STEP][PASSED] - setText(findTestObject("Object Repository/Mobile/Page/Register/Not Registered/Informasi Pribadi/Edit Text - Fullname"), fullname, 0): Text 'QATESTTxIUdTyvvZMwBEl' has been set to element 'Object Repository/Mobile/Page/Register/Not Registered/Informasi Pribadi/Edit Text - Fullname'

2021-10-29 15:01:25 - [MESSAGE][WARNING] - Timeout '0' is invalid. Using default page load timeout: '60'

2021-10-29 15:01:26 - [MESSAGE][PASSED] - Text 'QATESTTxIUdTyvvZMwBEl' has been set to element 'Object Repository/Mobile/Page/Register/Not Registered/Informasi Pribadi/Edit Text - Fullname'

2021-10-29 15:01:26 - [TEST_STEP][PASSED] - hideKeyboard(): Keyboard is hidden

2021-10-29 15:01:31 - [MESSAGE][PASSED] - Keyboard is hidden

2021-10-29 15:01:31 - [TEST_STEP][PASSED] - delay(1): Delayed 1 second(s)

2021-10-29 15:01:32 - [MESSAGE][PASSED] - Delayed 1 second(s)

2021-10-29 15:01:32 - [TEST_STEP][PASSED] - tap(findTestObject("Object Repository/Mobile/Page/Register/Not Registered/Informasi Pribadi/Date Picker - Date of Birth"), 0): Tapped on element 'Object Repository/Mobile/Page/Register/Not Registered/Informasi Pribadi/Date Picker - Date of Birth'

2021-10-29 15:01:32 - [MESSAGE][WARNING] - Timeout '0' is invalid. Using default page load timeout: '60'

2021-10-29 15:01:32 - [MESSAGE][PASSED] - Tapped on element 'Object Repository/Mobile/Page/Register/Not Registered/Informasi Pribadi/Date Picker - Date of Birth'

2021-10-29 15:01:32 - [TEST_STEP][PASSED] - tap(findTestObject("Object Repository/Mobile/Page/Register/Not Registered/Informasi Pribadi/Date Picker - Icon Edit"), 0): Tapped on element 'Object Repository/Mobile/Page/Register/Not Registered/Informasi Pribadi/Date Picker - Icon Edit'

2021-10-29 15:01:32 - [MESSAGE][WARNING] - Timeout '0' is invalid. Using default page load timeout: '60'

2021-10-29 15:01:35 - [MESSAGE][PASSED] - Tapped on element 'Object Repository/Mobile/Page/Register/Not Registered/Informasi Pribadi/Date Picker - Icon Edit'

2021-10-29 15:01:35 - [TEST_STEP][PASSED] - if (negativeStatus == "less17YearsOld"): null

2021-10-29 15:01:35 - [TEST_STEP][PASSED] - else: Delayed 1 second(s)

2021-10-29 15:01:35 - [TEST_STEP][PASSED] - setText(findTestObject("Mobile/Page/Register/Not Registered/Informasi Pribadi/Date Picker - Edit Text Date"), birthdate, 0): Text '1/1/1998' has been set to element 'Object Repository/Mobile/Page/Register/Not Registered/Informasi Pribadi/Date Picker - Edit Text Date'

2021-10-29 15:01:35 - [MESSAGE][WARNING] - Timeout '0' is invalid. Using default page load timeout: '60'

2021-10-29 15:01:36 - [MESSAGE][PASSED] - Text '1/1/1998' has been set to element 'Object Repository/Mobile/Page/Register/Not Registered/Informasi Pribadi/Date Picker - Edit Text Date'

2021-10-29 15:01:36 - [TEST_STEP][PASSED] - tap(findTestObject("Mobile/Page/Register/Not Registered/Informasi Pribadi/Date Picker - Button OK"), 0): Tapped on element 'Object Repository/Mobile/Page/Register/Not Registered/Informasi Pribadi/Date Picker - Button OK'

2021-10-29 15:01:36 - [MESSAGE][WARNING] - Timeout '0' is invalid. Using default page load timeout: '60'

2021-10-29 15:01:37 - [MESSAGE][PASSED] - Tapped on element 'Object Repository/Mobile/Page/Register/Not Registered/Informasi Pribadi/Date Picker - Button OK'

2021-10-29 15:01:37 - [TEST_STEP][PASSED] - delay(1): Delayed 1 second(s)

2021-10-29 15:01:38 - [MESSAGE][PASSED] - Delayed 1 second(s)

2021-10-29 15:01:38 - [TEST_STEP][PASSED] - tap(findTestObject("Object Repository/Mobile/Page/Register/Not Registered/Informasi Pribadi/Dropdown - Flag Phone Number"), 0): Tapped on element 'Object Repository/Mobile/Page/Register/Not Registered/Informasi Pribadi/Dropdown - Flag Phone Number'

2021-10-29 15:01:38 - [MESSAGE][WARNING] - Timeout '0' is invalid. Using default page load timeout: '60'

2021-10-29 15:01:40 - [MESSAGE][PASSED] - Tapped on element 'Object Repository/Mobile/Page/Register/Not Registered/Informasi Pribadi/Dropdown - Flag Phone Number'

2021-10-29 15:01:40 - [TEST_STEP][PASSED] - tap(findTestObject("Object Repository/Mobile/Page/Register/Not Registered/Informasi Pribadi/Edit Text - Search Flag"), 0): Tapped on element 'Object Repository/Mobile/Page/Register/Not Registered/Informasi Pribadi/Edit Text - Search Flag'

2021-10-29 15:01:40 - [MESSAGE][WARNING] - Timeout '0' is invalid. Using default page load timeout: '60'

2021-10-29 15:01:40 - [MESSAGE][PASSED] - Tapped on element 'Object Repository/Mobile/Page/Register/Not Registered/Informasi Pribadi/Edit Text - Search Flag'

2021-10-29 15:01:40 - [TEST_STEP][PASSED] - setText(findTestObject("Object Repository/Mobile/Page/Register/Not Registered/Informasi Pribadi/Edit Text - Search Flag"), flag, 0): Text 'indonesia' has been set to element 'Object Repository/Mobile/Page/Register/Not Registered/Informasi Pribadi/Edit Text - Search Flag'

2021-10-29 15:01:40 - [MESSAGE][WARNING] - Timeout '0' is invalid. Using default page load timeout: '60'

2021-10-29 15:01:41 - [MESSAGE][PASSED] - Text 'indonesia' has been set to element 'Object Repository/Mobile/Page/Register/Not Registered/Informasi Pribadi/Edit Text - Search Flag'

2021-10-29 15:01:41 - [TEST_STEP][PASSED] - tap(findTestObject("Mobile/Page/Register/Not Registered/Informasi Pribadi/Item Flag - Top Search"), 0): Tapped on element 'Object Repository/Mobile/Page/Register/Not Registered/Informasi Pribadi/Item Flag - Top Search'

2021-10-29 15:01:42 - [MESSAGE][WARNING] - Timeout '0' is invalid. Using default page load timeout: '60'

2021-10-29 15:01:43 - [MESSAGE][PASSED] - Tapped on element 'Object Repository/Mobile/Page/Register/Not Registered/Informasi Pribadi/Item Flag - Top Search'

2021-10-29 15:01:43 - [TEST_STEP][PASSED] - tap(findTestObject("Object Repository/Mobile/Page/Register/Not Registered/Informasi Pribadi/Edit Text - Phone Number"), 0): Tapped on element 'Object Repository/Mobile/Page/Register/Not Registered/Informasi Pribadi/Edit Text - Phone Number'

2021-10-29 15:01:43 - [MESSAGE][WARNING] - Timeout '0' is invalid. Using default page load timeout: '60'

2021-10-29 15:01:44 - [MESSAGE][PASSED] - Tapped on element 'Object Repository/Mobile/Page/Register/Not Registered/Informasi Pribadi/Edit Text - Phone Number'

2021-10-29 15:01:44 - [TEST_STEP][PASSED] - setText(findTestObject("Object Repository/Mobile/Page/Register/Not Registered/Informasi Pribadi/Edit Text - Phone Number"), phone, 0): Text '082437044334' has been set to element 'Object Repository/Mobile/Page/Register/Not Registered/Informasi Pribadi/Edit Text - Phone Number'

2021-10-29 15:01:44 - [MESSAGE][WARNING] - Timeout '0' is invalid. Using default page load timeout: '60'

2021-10-29 15:01:45 - [MESSAGE][PASSED] - Text '082437044334' has been set to element 'Object Repository/Mobile/Page/Register/Not Registered/Informasi Pribadi/Edit Text - Phone Number'

2021-10-29 15:01:45 - [TEST_STEP][PASSED] - hideKeyboard(): Keyboard is hidden

2021-10-29 15:01:51 - [MESSAGE][PASSED] - Keyboard is hidden

2021-10-29 15:01:51 - [TEST_STEP][PASSED] - delay(1): Delayed 1 second(s)

2021-10-29 15:01:52 - [MESSAGE][PASSED] - Delayed 1 second(s)

2021-10-29 15:01:52 - [TEST_STEP][PASSED] - tap(findTestObject("Object Repository/Mobile/Page/Register/Not Registered/Informasi Pribadi/Dropdown - Flag Re Phone Number"), 0): Tapped on element 'Object Repository/Mobile/Page/Register/Not Registered/Informasi Pribadi/Dropdown - Flag Re Phone Number'

2021-10-29 15:01:52 - [MESSAGE][WARNING] - Timeout '0' is invalid. Using default page load timeout: '60'

2021-10-29 15:01:54 - [MESSAGE][PASSED] - Tapped on element 'Object Repository/Mobile/Page/Register/Not Registered/Informasi Pribadi/Dropdown - Flag Re Phone Number'

2021-10-29 15:01:54 - [TEST_STEP][PASSED] - tap(findTestObject("Object Repository/Mobile/Page/Register/Not Registered/Informasi Pribadi/Edit Text - Search Flag"), 0): Tapped on element 'Object Repository/Mobile/Page/Register/Not Registered/Informasi Pribadi/Edit Text - Search Flag'

2021-10-29 15:01:54 - [MESSAGE][WARNING] - Timeout '0' is invalid. Using default page load timeout: '60'

2021-10-29 15:01:54 - [MESSAGE][PASSED] - Tapped on element 'Object Repository/Mobile/Page/Register/Not Registered/Informasi Pribadi/Edit Text - Search Flag'

2021-10-29 15:01:54 - [TEST_STEP][PASSED] - setText(findTestObject("Object Repository/Mobile/Page/Register/Not Registered/Informasi Pribadi/Edit Text - Search Flag"), flag, 0): Text 'indonesia' has been set to element 'Object Repository/Mobile/Page/Register/Not Registered/Informasi Pribadi/Edit Text - Search Flag'

2021-10-29 15:01:54 - [MESSAGE][WARNING] - Timeout '0' is invalid. Using default page load timeout: '60'

2021-10-29 15:01:55 - [MESSAGE][PASSED] - Text 'indonesia' has been set to element 'Object Repository/Mobile/Page/Register/Not Registered/Informasi Pribadi/Edit Text - Search Flag'

2021-10-29 15:01:55 - [TEST_STEP][PASSED] - tap(findTestObject("Mobile/Page/Register/Not Registered/Informasi Pribadi/Item Flag - Top Search"), 0): Tapped on element 'Object Repository/Mobile/Page/Register/Not Registered/Informasi Pribadi/Item Flag - Top Search'

2021-10-29 15:01:55 - [MESSAGE][WARNING] - Timeout '0' is invalid. Using default page load timeout: '60'

2021-10-29 15:01:57 - [MESSAGE][PASSED] - Tapped on element 'Object Repository/Mobile/Page/Register/Not Registered/Informasi Pribadi/Item Flag - Top Search'

2021-10-29 15:01:57 - [TEST_STEP][PASSED] - tap(findTestObject("Object Repository/Mobile/Page/Register/Not Registered/Informasi Pribadi/Edit Text - Re Phone Number"), 0): Tapped on element 'Object Repository/Mobile/Page/Register/Not Registered/Informasi Pribadi/Edit Text - Re Phone Number'

2021-10-29 15:01:57 - [MESSAGE][WARNING] - Timeout '0' is invalid. Using default page load timeout: '60'

2021-10-29 15:01:58 - [MESSAGE][PASSED] - Tapped on element 'Object Repository/Mobile/Page/Register/Not Registered/Informasi Pribadi/Edit Text - Re Phone Number'

2021-10-29 15:01:58 - [TEST_STEP][PASSED] - setText(findTestObject("Object Repository/Mobile/Page/Register/Not Registered/Informasi Pribadi/Edit Text - Re Phone Number"), phone, 0): Text '082437044334' has been set to element 'Object Repository/Mobile/Page/Register/Not Registered/Informasi Pribadi/Edit Text - Re Phone Number'

2021-10-29 15:01:58 - [MESSAGE][WARNING] - Timeout '0' is invalid. Using default page load timeout: '60'

2021-10-29 15:01:58 - [MESSAGE][PASSED] - Text '082437044334' has been set to element 'Object Repository/Mobile/Page/Register/Not Registered/Informasi Pribadi/Edit Text - Re Phone Number'

2021-10-29 15:01:58 - [TEST_STEP][PASSED] - hideKeyboard(): Keyboard is hidden

2021-10-29 15:02:04 - [MESSAGE][PASSED] - Keyboard is hidden

2021-10-29 15:02:04 - [TEST_STEP][PASSED] - delay(1): Delayed 1 second(s)

2021-10-29 15:02:05 - [MESSAGE][PASSED] - Delayed 1 second(s)

2021-10-29 15:02:05 - [TEST_STEP][PASSED] - if (negativeStatus == "emailRegistered"): null

2021-10-29 15:02:05 - [TEST_STEP][PASSED] - else: Delayed 1 second(s)

2021-10-29 15:02:05 - [TEST_STEP][PASSED] - tap(findTestObject("Object Repository/Mobile/Page/Register/Not Registered/Informasi Pribadi/Edit Text - Email"), 0): Tapped on element 'Object Repository/Mobile/Page/Register/Not Registered/Informasi Pribadi/Edit Text - Email'

2021-10-29 15:02:06 - [MESSAGE][WARNING] - Timeout '0' is invalid. Using default page load timeout: '60'

2021-10-29 15:02:06 - [MESSAGE][PASSED] - Tapped on element 'Object Repository/Mobile/Page/Register/Not Registered/Informasi Pribadi/Edit Text - Email'

2021-10-29 15:02:06 - [TEST_STEP][PASSED] - setText(findTestObject("Object Repository/Mobile/Page/Register/Not Registered/Informasi Pribadi/Edit Text - Email"), email, 0): Text 'QATESTTxIUdTyvvZMwBEl@gmail.com' has been set to element 'Object Repository/Mobile/Page/Register/Not Registered/Informasi Pribadi/Edit Text - Email'

2021-10-29 15:02:06 - [MESSAGE][WARNING] - Timeout '0' is invalid. Using default page load timeout: '60'

2021-10-29 15:02:07 - [MESSAGE][PASSED] - Text 'QATESTTxIUdTyvvZMwBEl@gmail.com' has been set to element 'Object Repository/Mobile/Page/Register/Not Registered/Informasi Pribadi/Edit Text - Email'

2021-10-29 15:02:07 - [TEST_STEP][PASSED] - hideKeyboard(): Keyboard is hidden

2021-10-29 15:02:11 - [MESSAGE][PASSED] - Keyboard is hidden

2021-10-29 15:02:11 - [TEST_STEP][PASSED] - delay(1): Delayed 1 second(s)

2021-10-29 15:02:12 - [MESSAGE][PASSED] - Delayed 1 second(s)

2021-10-29 15:02:12 - [TEST_STEP][PASSED] - if (negativeStatus == "emailNotMatch"): null

2021-10-29 15:02:12 - [TEST_STEP][PASSED] - else: Delayed 1 second(s)

2021-10-29 15:02:12 - [TEST_STEP][PASSED] - tap(findTestObject("Object Repository/Mobile/Page/Register/Not Registered/Informasi Pribadi/Edit Text - Re Email"), 0): Tapped on element 'Object Repository/Mobile/Page/Register/Not Registered/Informasi Pribadi/Edit Text - Re Email'

2021-10-29 15:02:12 - [MESSAGE][WARNING] - Timeout '0' is invalid. Using default page load timeout: '60'

2021-10-29 15:02:12 - [MESSAGE][PASSED] - Tapped on element 'Object Repository/Mobile/Page/Register/Not Registered/Informasi Pribadi/Edit Text - Re Email'

2021-10-29 15:02:12 - [TEST_STEP][PASSED] - setText(findTestObject("Object Repository/Mobile/Page/Register/Not Registered/Informasi Pribadi/Edit Text - Re Email"), email, 0): Text 'QATESTTxIUdTyvvZMwBEl@gmail.com' has been set to element 'Object Repository/Mobile/Page/Register/Not Registered/Informasi Pribadi/Edit Text - Re Email'

2021-10-29 15:02:12 - [MESSAGE][WARNING] - Timeout '0' is invalid. Using default page load timeout: '60'

2021-10-29 15:02:14 - [MESSAGE][PASSED] - Text 'QATESTTxIUdTyvvZMwBEl@gmail.com' has been set to element 'Object Repository/Mobile/Page/Register/Not Registered/Informasi Pribadi/Edit Text - Re Email'

2021-10-29 15:02:14 - [TEST_STEP][PASSED] - hideKeyboard(): Keyboard is hidden

2021-10-29 15:02:17 - [MESSAGE][PASSED] - Keyboard is hidden

2021-10-29 15:02:17 - [TEST_STEP][PASSED] - delay(1): Delayed 1 second(s)

2021-10-29 15:02:18 - [MESSAGE][PASSED] - Delayed 1 second(s)

2021-10-29 15:02:18 - [TEST_STEP][PASSED] - if (negativeStatus == "passwordNotFollowRules"): null

2021-10-29 15:02:18 - [TEST_STEP][PASSED] - else: Delayed 1 second(s)

2021-10-29 15:02:18 - [TEST_STEP][PASSED] - tap(findTestObject("Object Repository/Mobile/Page/Register/Not Registered/Informasi Pribadi/Edit Text - Password"), 0): Tapped on element 'Object Repository/Mobile/Page/Register/Not Registered/Informasi Pribadi/Edit Text - Password'

2021-10-29 15:02:18 - [MESSAGE][WARNING] - Timeout '0' is invalid. Using default page load timeout: '60'

2021-10-29 15:02:19 - [MESSAGE][PASSED] - Tapped on element 'Object Repository/Mobile/Page/Register/Not Registered/Informasi Pribadi/Edit Text - Password'

2021-10-29 15:02:19 - [TEST_STEP][PASSED] - setText(findTestObject("Object Repository/Mobile/Page/Register/Not Registered/Informasi Pribadi/Edit Text - Password"), password, 0): Text 'Mirae1234' has been set to element 'Object Repository/Mobile/Page/Register/Not Registered/Informasi Pribadi/Edit Text - Password'

2021-10-29 15:02:19 - [MESSAGE][WARNING] - Timeout '0' is invalid. Using default page load timeout: '60'

2021-10-29 15:02:20 - [MESSAGE][PASSED] - Text 'Mirae1234' has been set to element 'Object Repository/Mobile/Page/Register/Not Registered/Informasi Pribadi/Edit Text - Password'

2021-10-29 15:02:20 - [TEST_STEP][PASSED] - hideKeyboard(): Keyboard is hidden

2021-10-29 15:02:26 - [MESSAGE][PASSED] - Keyboard is hidden

2021-10-29 15:02:26 - [TEST_STEP][PASSED] - delay(1): Delayed 1 second(s)

2021-10-29 15:02:27 - [MESSAGE][PASSED] - Delayed 1 second(s)

2021-10-29 15:02:27 - [TEST_STEP][PASSED] - tap(findTestObject("Object Repository/Mobile/Page/Register/Not Registered/Informasi Pribadi/Edit Text - Re Password"), 0): Tapped on element 'Object Repository/Mobile/Page/Register/Not Registered/Informasi Pribadi/Edit Text - Re Password'

2021-10-29 15:02:27 - [MESSAGE][WARNING] - Timeout '0' is invalid. Using default page load timeout: '60'

2021-10-29 15:02:28 - [MESSAGE][PASSED] - Tapped on element 'Object Repository/Mobile/Page/Register/Not Registered/Informasi Pribadi/Edit Text - Re Password'

2021-10-29 15:02:28 - [TEST_STEP][PASSED] - setText(findTestObject("Object Repository/Mobile/Page/Register/Not Registered/Informasi Pribadi/Edit Text - Re Password"), password, 0): Text 'Mirae1234' has been set to element 'Object Repository/Mobile/Page/Register/Not Registered/Informasi Pribadi/Edit Text - Re Password'

2021-10-29 15:02:28 - [MESSAGE][WARNING] - Timeout '0' is invalid. Using default page load timeout: '60'

2021-10-29 15:02:29 - [MESSAGE][PASSED] - Text 'Mirae1234' has been set to element 'Object Repository/Mobile/Page/Register/Not Registered/Informasi Pribadi/Edit Text - Re Password'

2021-10-29 15:02:29 - [TEST_STEP][PASSED] - hideKeyboard(): Keyboard is hidden

2021-10-29 15:02:35 - [MESSAGE][PASSED] - Keyboard is hidden

2021-10-29 15:02:35 - [TEST_STEP][PASSED] - delay(1): Delayed 1 second(s)

2021-10-29 15:02:36 - [MESSAGE][PASSED] - Delayed 1 second(s)

2021-10-29 15:02:36 - [TEST_STEP][PASSED] - if (isBedaAlamat == 1): Delayed 1 second(s)

2021-10-29 15:02:36 - [TEST_STEP][PASSED] - tap(findTestObject("Object Repository/Mobile/Page/Register/Not Registered/Informasi Pribadi/Radio Button - Address different"), 0): Tapped on element 'Object Repository/Mobile/Page/Register/Not Registered/Informasi Pribadi/Radio Button - Address different'

2021-10-29 15:02:36 - [MESSAGE][WARNING] - Timeout '0' is invalid. Using default page load timeout: '60'

2021-10-29 15:02:37 - [MESSAGE][PASSED] - Tapped on element 'Object Repository/Mobile/Page/Register/Not Registered/Informasi Pribadi/Radio Button - Address different'

2021-10-29 15:02:37 - [TEST_STEP][PASSED] - delay(1): Delayed 1 second(s)

2021-10-29 15:02:38 - [MESSAGE][PASSED] - Delayed 1 second(s)

2021-10-29 15:02:38 - [TEST_STEP][PASSED] - tap(findTestObject("Object Repository/Mobile/Page/Register/Not Registered/Informasi Pribadi/Address Different/Edit Text - Mailing Address"), 0): Tapped on element 'Object Repository/Mobile/Page/Register/Not Registered/Informasi Pribadi/Address Different/Edit Text - Mailing Address'

2021-10-29 15:02:38 - [MESSAGE][WARNING] - Timeout '0' is invalid. Using default page load timeout: '60'

2021-10-29 15:02:39 - [MESSAGE][PASSED] - Tapped on element 'Object Repository/Mobile/Page/Register/Not Registered/Informasi Pribadi/Address Different/Edit Text - Mailing Address'

2021-10-29 15:02:39 - [TEST_STEP][PASSED] - setText(findTestObject("Object Repository/Mobile/Page/Register/Not Registered/Informasi Pribadi/Address Different/Edit Text - Mailing Address"), alamat, 0): Text 'Jl. Cempaka Putih Barat 12 F No.12, RT.8/RW.8' has been set to element 'Object Repository/Mobile/Page/Register/Not Registered/Informasi Pribadi/Address Different/Edit Text - Mailing Address'

2021-10-29 15:02:39 - [MESSAGE][WARNING] - Timeout '0' is invalid. Using default page load timeout: '60'

2021-10-29 15:02:40 - [MESSAGE][PASSED] - Text 'Jl. Cempaka Putih Barat 12 F No.12, RT.8/RW.8' has been set to element 'Object Repository/Mobile/Page/Register/Not Registered/Informasi Pribadi/Address Different/Edit Text - Mailing Address'

2021-10-29 15:02:40 - [TEST_STEP][PASSED] - hideKeyboard(): Keyboard is hidden

2021-10-29 15:02:44 - [MESSAGE][PASSED] - Keyboard is hidden

2021-10-29 15:02:44 - [TEST_STEP][PASSED] - delay(1): Delayed 1 second(s)

2021-10-29 15:02:45 - [MESSAGE][PASSED] - Delayed 1 second(s)

2021-10-29 15:02:45 - [TEST_STEP][PASSED] - tapAndHold(findTestObject("Mobile/Page/Register/Not Registered/Informasi Pribadi/Address Different/Dropdown - Province"), 1, 0): Tapped and held on element 'Object Repository/Mobile/Page/Register/Not Registered/Informasi Pribadi/Address Different/Dropdown - Province' with duration 1

2021-10-29 15:02:45 - [MESSAGE][WARNING] - Timeout '0' is invalid. Using default page load timeout: '60'

2021-10-29 15:02:48 - [MESSAGE][PASSED] - Tapped and held on element 'Object Repository/Mobile/Page/Register/Not Registered/Informasi Pribadi/Address Different/Dropdown - Province' with duration 1

2021-10-29 15:02:48 - [TEST_STEP][PASSED] - tap(findTestObject("Mobile/Page/Register/Not Registered/Informasi Pribadi/Address Different/Dropdown - Province Option Jakarta"), 0): Tapped on element 'Object Repository/Mobile/Page/Register/Not Registered/Informasi Pribadi/Address Different/Dropdown - Province Option Jakarta'

2021-10-29 15:02:48 - [MESSAGE][WARNING] - Timeout '0' is invalid. Using default page load timeout: '60'

2021-10-29 15:02:48 - [MESSAGE][PASSED] - Tapped on element 'Object Repository/Mobile/Page/Register/Not Registered/Informasi Pribadi/Address Different/Dropdown - Province Option Jakarta'

2021-10-29 15:02:48 - [TEST_STEP][PASSED] - delay(2): Delayed 2 second(s)

2021-10-29 15:02:50 - [MESSAGE][PASSED] - Delayed 2 second(s)

2021-10-29 15:02:50 - [TEST_STEP][PASSED] - hideKeyboard(): Keyboard is hidden

2021-10-29 15:02:53 - [MESSAGE][PASSED] - Keyboard is hidden

2021-10-29 15:02:53 - [TEST_STEP][PASSED] - delay(1): Delayed 1 second(s)

2021-10-29 15:02:54 - [MESSAGE][PASSED] - Delayed 1 second(s)

2021-10-29 15:02:54 - [TEST_STEP][PASSED] - tapAndHold(findTestObject("Mobile/Page/Register/Not Registered/Informasi Pribadi/Address Different/Dropdown - City"), 1, 0): Tapped and held on element 'Object Repository/Mobile/Page/Register/Not Registered/Informasi Pribadi/Address Different/Dropdown - City' with duration 1

2021-10-29 15:02:54 - [MESSAGE][WARNING] - Timeout '0' is invalid. Using default page load timeout: '60'

2021-10-29 15:02:57 - [MESSAGE][PASSED] - Tapped and held on element 'Object Repository/Mobile/Page/Register/Not Registered/Informasi Pribadi/Address Different/Dropdown - City' with duration 1

2021-10-29 15:02:57 - [TEST_STEP][PASSED] - tap(findTestObject("Object Repository/Mobile/Page/Register/Not Registered/Informasi Pribadi/Address Different/Dropdown - City Option Jaksel"), 0): Tapped on element 'Object Repository/Mobile/Page/Register/Not Registered/Informasi Pribadi/Address Different/Dropdown - City Option Jaksel'

2021-10-29 15:02:57 - [MESSAGE][WARNING] - Timeout '0' is invalid. Using default page load timeout: '60'

2021-10-29 15:02:58 - [MESSAGE][PASSED] - Tapped on element 'Object Repository/Mobile/Page/Register/Not Registered/Informasi Pribadi/Address Different/Dropdown - City Option Jaksel'

2021-10-29 15:02:58 - [TEST_STEP][PASSED] - delay(2): Delayed 2 second(s)

2021-10-29 15:03:00 - [MESSAGE][PASSED] - Delayed 2 second(s)

2021-10-29 15:03:00 - [TEST_STEP][PASSED] - hideKeyboard(): Keyboard is hidden

2021-10-29 15:03:03 - [MESSAGE][PASSED] - Keyboard is hidden

2021-10-29 15:03:03 - [TEST_STEP][PASSED] - delay(1): Delayed 1 second(s)

2021-10-29 15:03:04 - [MESSAGE][PASSED] - Delayed 1 second(s)

2021-10-29 15:03:04 - [TEST_STEP][PASSED] - if (negativeStatus == "isPostalCodeIncorrect"): null

2021-10-29 15:03:04 - [TEST_STEP][PASSED] - else: Delayed 1 second(s)

2021-10-29 15:03:04 - [TEST_STEP][PASSED] - tap(findTestObject("Object Repository/Mobile/Page/Register/Not Registered/Informasi Pribadi/Address Different/Edit Text - Postal Code"), 0): Tapped on element 'Object Repository/Mobile/Page/Register/Not Registered/Informasi Pribadi/Address Different/Edit Text - Postal Code'

2021-10-29 15:03:04 - [MESSAGE][WARNING] - Timeout '0' is invalid. Using default page load timeout: '60'

2021-10-29 15:03:04 - [MESSAGE][PASSED] - Tapped on element 'Object Repository/Mobile/Page/Register/Not Registered/Informasi Pribadi/Address Different/Edit Text - Postal Code'

2021-10-29 15:03:04 - [TEST_STEP][PASSED] - setText(findTestObject("Object Repository/Mobile/Page/Register/Not Registered/Informasi Pribadi/Address Different/Edit Text - Postal Code"), kodepos, 0): Text '15412' has been set to element 'Object Repository/Mobile/Page/Register/Not Registered/Informasi Pribadi/Address Different/Edit Text - Postal Code'

2021-10-29 15:03:04 - [MESSAGE][WARNING] - Timeout '0' is invalid. Using default page load timeout: '60'

2021-10-29 15:03:06 - [MESSAGE][PASSED] - Text '15412' has been set to element 'Object Repository/Mobile/Page/Register/Not Registered/Informasi Pribadi/Address Different/Edit Text - Postal Code'

2021-10-29 15:03:06 - [TEST_STEP][PASSED] - hideKeyboard(): Keyboard is hidden

2021-10-29 15:03:12 - [MESSAGE][PASSED] - Keyboard is hidden

2021-10-29 15:03:12 - [TEST_STEP][PASSED] - delay(1): Delayed 1 second(s)

2021-10-29 15:03:13 - [MESSAGE][PASSED] - Delayed 1 second(s)

2021-10-29 15:03:13 - [TEST_STEP][PASSED] - tap(findTestObject("Object Repository/Mobile/Page/Register/Not Registered/Informasi Pribadi/Button - Icon KTP"), 0): Tapped on element 'Object Repository/Mobile/Page/Register/Not Registered/Informasi Pribadi/Button - Icon KTP'

2021-10-29 15:03:13 - [MESSAGE][WARNING] - Timeout '0' is invalid. Using default page load timeout: '60'

2021-10-29 15:03:14 - [MESSAGE][PASSED] - Tapped on element 'Object Repository/Mobile/Page/Register/Not Registered/Informasi Pribadi/Button - Icon KTP'

2021-10-29 15:03:14 - [TEST_STEP][PASSED] - permission = verifyElementExist(findTestObject("Object Repository/Mobile/Page/Register/Not Registered/Informasi Pribadi/Permission - Only this time"), 1, OPTIONAL): Element 'Object Repository/Mobile/Page/Register/Not Registered/Informasi Pribadi/Permission - Only this time' is exist

2021-10-29 15:03:15 - [MESSAGE][PASSED] - Element 'Object Repository/Mobile/Page/Register/Not Registered/Informasi Pribadi/Permission - Only this time' is exist

2021-10-29 15:03:15 - [TEST_STEP][PASSED] - if (permission): Tapped on element 'Object Repository/Mobile/Page/Register/Not Registered/Informasi Pribadi/Permission - Only this time'

2021-10-29 15:03:15 - [TEST_STEP][PASSED] - tap(findTestObject("Object Repository/Mobile/Page/Register/Not Registered/Informasi Pribadi/Permission - Only this time"), 0): Tapped on element 'Object Repository/Mobile/Page/Register/Not Registered/Informasi Pribadi/Permission - Only this time'

2021-10-29 15:03:15 - [MESSAGE][WARNING] - Timeout '0' is invalid. Using default page load timeout: '60'

2021-10-29 15:03:15 - [MESSAGE][PASSED] - Tapped on element 'Object Repository/Mobile/Page/Register/Not Registered/Informasi Pribadi/Permission - Only this time'

2021-10-29 15:03:15 - [TEST_STEP][PASSED] - permission = verifyElementExist(findTestObject("Object Repository/Mobile/Page/Register/Not Registered/Informasi Pribadi/Permission - Only this time"), 1, OPTIONAL): Element 'Object Repository/Mobile/Page/Register/Not Registered/Informasi Pribadi/Permission - Only this time' is exist

2021-10-29 15:03:16 - [MESSAGE][PASSED] - Element 'Object Repository/Mobile/Page/Register/Not Registered/Informasi Pribadi/Permission - Only this time' is exist

2021-10-29 15:03:16 - [TEST_STEP][PASSED] - if (permission): Tapped on element 'Object Repository/Mobile/Page/Register/Not Registered/Informasi Pribadi/Permission - Only this time'

2021-10-29 15:03:16 - [TEST_STEP][PASSED] - tap(findTestObject("Object Repository/Mobile/Page/Register/Not Registered/Informasi Pribadi/Permission - Only this time"), 0): Tapped on element 'Object Repository/Mobile/Page/Register/Not Registered/Informasi Pribadi/Permission - Only this time'

2021-10-29 15:03:16 - [MESSAGE][WARNING] - Timeout '0' is invalid. Using default page load timeout: '60'

2021-10-29 15:03:17 - [MESSAGE][PASSED] - Tapped on element 'Object Repository/Mobile/Page/Register/Not Registered/Informasi Pribadi/Permission - Only this time'

2021-10-29 15:03:17 - [TEST_STEP][PASSED] - tap(findTestObject("Object Repository/Mobile/Page/Register/Not Registered/Informasi Pribadi/Button - Capture KTP"), 0): Tapped on element 'Object Repository/Mobile/Page/Register/Not Registered/Informasi Pribadi/Button - Capture KTP'

2021-10-29 15:03:17 - [MESSAGE][WARNING] - Timeout '0' is invalid. Using default page load timeout: '60'

2021-10-29 15:03:18 - [MESSAGE][PASSED] - Tapped on element 'Object Repository/Mobile/Page/Register/Not Registered/Informasi Pribadi/Button - Capture KTP'

2021-10-29 15:03:18 - [TEST_STEP][PASSED] - delay(2): Delayed 2 second(s)

2021-10-29 15:03:20 - [MESSAGE][PASSED] - Delayed 2 second(s)

2021-10-29 15:03:20 - [TEST_STEP][PASSED] - scroll.scroll.scrollLeftToRight(findTestObject("Object Repository/Mobile/Page/Register/Not Registered/Informasi Pribadi/Slider - Edit Photo Scale")): scroll.scroll.scrollLeftToRight is PASSED

2021-10-29 15:03:20 - [MESSAGE][WARNING] - Timeout '0' is invalid. Using default page load timeout: '60'

2021-10-29 15:03:22 - [MESSAGE][PASSED] - Object 'Object Repository/Mobile/Page/Register/Not Registered/Informasi Pribadi/Slider - Edit Photo Scale' has left position '0'

2021-10-29 15:03:22 - [MESSAGE][WARNING] - Timeout '0' is invalid. Using default page load timeout: '60'

2021-10-29 15:03:22 - [MESSAGE][PASSED] - Object 'Object Repository/Mobile/Page/Register/Not Registered/Informasi Pribadi/Slider - Edit Photo Scale' has top position '1,284'

2021-10-29 15:03:22 - [MESSAGE][WARNING] - Timeout '0' is invalid. Using default page load timeout: '60'

2021-10-29 15:03:22 - [MESSAGE][PASSED] - Object 'Object Repository/Mobile/Page/Register/Not Registered/Informasi Pribadi/Slider - Edit Photo Scale' has width: '720'

2021-10-29 15:03:22 - [MESSAGE][WARNING] - Timeout '0' is invalid. Using default page load timeout: '60'

2021-10-29 15:03:22 - [MESSAGE][PASSED] - Object 'Object Repository/Mobile/Page/Register/Not Registered/Informasi Pribadi/Slider - Edit Photo Scale' has height: '66'

2021-10-29 15:03:24 - [MESSAGE][PASSED] - Swiped from 144,1,317 to 576,1,317

2021-10-29 15:03:24 - [MESSAGE][PASSED] - scroll.scroll.scrollLeftToRight is PASSED

2021-10-29 15:03:24 - [TEST_STEP][PASSED] - tap(findTestObject("Object Repository/Mobile/Page/Register/Not Registered/Informasi Pribadi/Button - Edit Photo Rotate"), 0): Tapped on element 'Object Repository/Mobile/Page/Register/Not Registered/Informasi Pribadi/Button - Edit Photo Rotate'

2021-10-29 15:03:24 - [MESSAGE][WARNING] - Timeout '0' is invalid. Using default page load timeout: '60'

2021-10-29 15:03:24 - [MESSAGE][PASSED] - Tapped on element 'Object Repository/Mobile/Page/Register/Not Registered/Informasi Pribadi/Button - Edit Photo Rotate'

2021-10-29 15:03:24 - [TEST_STEP][PASSED] - tap(findTestObject("Object Repository/Mobile/Page/Register/Not Registered/Informasi Pribadi/Button - Edit Photo Rotate 90 degree"), 0): Tapped on element 'Object Repository/Mobile/Page/Register/Not Registered/Informasi Pribadi/Button - Edit Photo Rotate 90 degree'

2021-10-29 15:03:24 - [MESSAGE][WARNING] - Timeout '0' is invalid. Using default page load timeout: '60'

2021-10-29 15:03:26 - [MESSAGE][PASSED] - Tapped on element 'Object Repository/Mobile/Page/Register/Not Registered/Informasi Pribadi/Button - Edit Photo Rotate 90 degree'

2021-10-29 15:03:26 - [TEST_STEP][PASSED] - tap(findTestObject("Object Repository/Mobile/Page/Register/Not Registered/Informasi Pribadi/Button - Edit Photo Reset Rotation"), 0): Tapped on element 'Object Repository/Mobile/Page/Register/Not Registered/Informasi Pribadi/Button - Edit Photo Reset Rotation'

2021-10-29 15:03:26 - [MESSAGE][WARNING] - Timeout '0' is invalid. Using default page load timeout: '60'

2021-10-29 15:03:26 - [MESSAGE][PASSED] - Tapped on element 'Object Repository/Mobile/Page/Register/Not Registered/Informasi Pribadi/Button - Edit Photo Reset Rotation'

2021-10-29 15:03:26 - [TEST_STEP][PASSED] - scroll.scroll.scrollLeftToRight(findTestObject("Object Repository/Mobile/Page/Register/Not Registered/Informasi Pribadi/Slider - Edit Photo Rotate")): scroll.scroll.scrollLeftToRight is PASSED

2021-10-29 15:03:26 - [MESSAGE][WARNING] - Timeout '0' is invalid. Using default page load timeout: '60'

2021-10-29 15:03:27 - [MESSAGE][PASSED] - Object 'Object Repository/Mobile/Page/Register/Not Registered/Informasi Pribadi/Slider - Edit Photo Rotate' has left position '88'

2021-10-29 15:03:27 - [MESSAGE][WARNING] - Timeout '0' is invalid. Using default page load timeout: '60'

2021-10-29 15:03:27 - [MESSAGE][PASSED] - Object 'Object Repository/Mobile/Page/Register/Not Registered/Informasi Pribadi/Slider - Edit Photo Rotate' has top position '1,284'

2021-10-29 15:03:27 - [MESSAGE][WARNING] - Timeout '0' is invalid. Using default page load timeout: '60'

2021-10-29 15:03:27 - [MESSAGE][PASSED] - Object 'Object Repository/Mobile/Page/Register/Not Registered/Informasi Pribadi/Slider - Edit Photo Rotate' has width: '544'

2021-10-29 15:03:27 - [MESSAGE][WARNING] - Timeout '0' is invalid. Using default page load timeout: '60'

2021-10-29 15:03:27 - [MESSAGE][PASSED] - Object 'Object Repository/Mobile/Page/Register/Not Registered/Informasi Pribadi/Slider - Edit Photo Rotate' has height: '66'

2021-10-29 15:03:29 - [MESSAGE][PASSED] - Swiped from 196,1,317 to 523,1,317

2021-10-29 15:03:29 - [MESSAGE][PASSED] - scroll.scroll.scrollLeftToRight is PASSED

2021-10-29 15:03:29 - [TEST_STEP][PASSED] - tap(findTestObject("Object Repository/Mobile/Page/Register/Not Registered/Informasi Pribadi/Button - Edit Photo Confirm"), 0): Tapped on element 'Object Repository/Mobile/Page/Register/Not Registered/Informasi Pribadi/Button - Edit Photo Confirm'

2021-10-29 15:03:29 - [MESSAGE][WARNING] - Timeout '0' is invalid. Using default page load timeout: '60'

2021-10-29 15:03:31 - [MESSAGE][PASSED] - Tapped on element 'Object Repository/Mobile/Page/Register/Not Registered/Informasi Pribadi/Button - Edit Photo Confirm'

2021-10-29 15:03:31 - [TEST_STEP][PASSED] - delay(2): Delayed 2 second(s)

2021-10-29 15:03:33 - [MESSAGE][PASSED] - Delayed 2 second(s)

2021-10-29 15:03:33 - [TEST_STEP][PASSED] - hideKeyboard(): Keyboard is hidden

2021-10-29 15:03:40 - [MESSAGE][PASSED] - Keyboard is hidden

2021-10-29 15:03:40 - [TEST_STEP][PASSED] - delay(1): Delayed 1 second(s)

2021-10-29 15:03:41 - [MESSAGE][PASSED] - Delayed 1 second(s)

2021-10-29 15:03:41 - [TEST_STEP][PASSED] - scroll.scroll.scrollToBottomOpenKeyboard(): scroll.scroll.scrollToBottomOpenKeyboard is PASSED

2021-10-29 15:03:41 - [MESSAGE][PASSED] - Current device physical height is 1423

2021-10-29 15:03:41 - [MESSAGE][PASSED] - Current device physical width is 720

2021-10-29 15:03:42 - [MESSAGE][PASSED] - Swiped from 360,853 to 360,284

2021-10-29 15:03:42 - [MESSAGE][PASSED] - scroll.scroll.scrollToBottomOpenKeyboard is PASSED

2021-10-29 15:03:42 - [TEST_STEP][PASSED] - tap(findTestObject("Object Repository/Mobile/Page/Register/Not Registered/Informasi Pribadi/Button - Icon Face with KTP"), 0): Tapped on element 'Object Repository/Mobile/Page/Register/Not Registered/Informasi Pribadi/Button - Icon Face with KTP'

2021-10-29 15:03:42 - [MESSAGE][WARNING] - Timeout '0' is invalid. Using default page load timeout: '60'

2021-10-29 15:03:43 - [MESSAGE][PASSED] - Tapped on element 'Object Repository/Mobile/Page/Register/Not Registered/Informasi Pribadi/Button - Icon Face with KTP'

2021-10-29 15:03:43 - [TEST_STEP][PASSED] - permission = verifyElementExist(findTestObject("Object Repository/Mobile/Page/Register/Not Registered/Informasi Pribadi/Permission - Only this time"), 1, OPTIONAL): Element 'Object Repository/Mobile/Page/Register/Not Registered/Informasi Pribadi/Permission - Only this time' not found

2021-10-29 15:03:46 - [MESSAGE][WARNING] - Element 'Object Repository/Mobile/Page/Register/Not Registered/Informasi Pribadi/Permission - Only this time' not found
[[ATTACHMENT|C:\\Users\\Owner\\Documents\\kerjaan\\KatalonProject\\qa-katalon-maxfund\\Reports\\20211029_145503\\Register\\20211029_145503\\1635494624940.png]]

2021-10-29 15:03:46 - [TEST_STEP][PASSED] - if (permission): null

2021-10-29 15:03:46 - [TEST_STEP][PASSED] - permission = verifyElementExist(findTestObject("Object Repository/Mobile/Page/Register/Not Registered/Informasi Pribadi/Permission - Only this time"), 1, OPTIONAL): Element 'Object Repository/Mobile/Page/Register/Not Registered/Informasi Pribadi/Permission - Only this time' not found

2021-10-29 15:03:49 - [MESSAGE][WARNING] - Element 'Object Repository/Mobile/Page/Register/Not Registered/Informasi Pribadi/Permission - Only this time' not found
[[ATTACHMENT|C:\\Users\\Owner\\Documents\\kerjaan\\KatalonProject\\qa-katalon-maxfund\\Reports\\20211029_145503\\Register\\20211029_145503\\1635494627897.png]]

2021-10-29 15:03:49 - [TEST_STEP][PASSED] - if (permission): null

2021-10-29 15:03:49 - [TEST_STEP][PASSED] - tap(findTestObject("Object Repository/Mobile/Page/Register/Not Registered/Informasi Pribadi/Button - Capture Face with KTP"), 0): Tapped on element 'Object Repository/Mobile/Page/Register/Not Registered/Informasi Pribadi/Button - Capture Face with KTP'

2021-10-29 15:03:49 - [MESSAGE][WARNING] - Timeout '0' is invalid. Using default page load timeout: '60'

2021-10-29 15:03:52 - [MESSAGE][PASSED] - Tapped on element 'Object Repository/Mobile/Page/Register/Not Registered/Informasi Pribadi/Button - Capture Face with KTP'

2021-10-29 15:03:52 - [TEST_STEP][PASSED] - delay(2): Delayed 2 second(s)

2021-10-29 15:03:54 - [MESSAGE][PASSED] - Delayed 2 second(s)

2021-10-29 15:03:54 - [TEST_STEP][PASSED] - hideKeyboard(): Keyboard is hidden

2021-10-29 15:04:00 - [MESSAGE][PASSED] - Keyboard is hidden

2021-10-29 15:04:00 - [TEST_STEP][PASSED] - delay(1): Delayed 1 second(s)

2021-10-29 15:04:01 - [MESSAGE][PASSED] - Delayed 1 second(s)

2021-10-29 15:04:01 - [TEST_STEP][PASSED] - scroll.scroll.scrollToBottomOpenKeyboard(): scroll.scroll.scrollToBottomOpenKeyboard is PASSED

2021-10-29 15:04:01 - [MESSAGE][PASSED] - Current device physical height is 1423

2021-10-29 15:04:01 - [MESSAGE][PASSED] - Current device physical width is 720

2021-10-29 15:04:02 - [MESSAGE][PASSED] - Swiped from 360,853 to 360,284

2021-10-29 15:04:02 - [MESSAGE][PASSED] - scroll.scroll.scrollToBottomOpenKeyboard is PASSED

2021-10-29 15:04:02 - [TEST_STEP][PASSED] - tap(findTestObject("Object Repository/Mobile/Page/Register/Not Registered/Informasi Pribadi/Radio Button - Low Risk"), 0): Tapped on element 'Object Repository/Mobile/Page/Register/Not Registered/Informasi Pribadi/Radio Button - Low Risk'

2021-10-29 15:04:02 - [MESSAGE][WARNING] - Timeout '0' is invalid. Using default page load timeout: '60'

2021-10-29 15:04:03 - [MESSAGE][PASSED] - Tapped on element 'Object Repository/Mobile/Page/Register/Not Registered/Informasi Pribadi/Radio Button - Low Risk'

2021-10-29 15:04:03 - [TEST_STEP][PASSED] - delay(1): Delayed 1 second(s)

2021-10-29 15:04:04 - [MESSAGE][PASSED] - Delayed 1 second(s)

2021-10-29 15:04:04 - [TEST_STEP][PASSED] - tap(findTestObject("Object Repository/Mobile/Page/Register/Not Registered/Informasi Pribadi/Radio Button - Medium Risk"), 0): Tapped on element 'Object Repository/Mobile/Page/Register/Not Registered/Informasi Pribadi/Radio Button - Medium Risk'

2021-10-29 15:04:04 - [MESSAGE][WARNING] - Timeout '0' is invalid. Using default page load timeout: '60'

2021-10-29 15:04:05 - [MESSAGE][PASSED] - Tapped on element 'Object Repository/Mobile/Page/Register/Not Registered/Informasi Pribadi/Radio Button - Medium Risk'

2021-10-29 15:04:05 - [TEST_STEP][PASSED] - delay(1): Delayed 1 second(s)

2021-10-29 15:04:06 - [MESSAGE][PASSED] - Delayed 1 second(s)

2021-10-29 15:04:06 - [TEST_STEP][PASSED] - tap(findTestObject("Object Repository/Mobile/Page/Register/Not Registered/Informasi Pribadi/Radio Button - High Risk"), 0): Tapped on element 'Object Repository/Mobile/Page/Register/Not Registered/Informasi Pribadi/Radio Button - High Risk'

2021-10-29 15:04:06 - [MESSAGE][WARNING] - Timeout '0' is invalid. Using default page load timeout: '60'

2021-10-29 15:04:06 - [MESSAGE][PASSED] - Tapped on element 'Object Repository/Mobile/Page/Register/Not Registered/Informasi Pribadi/Radio Button - High Risk'

2021-10-29 15:04:06 - [TEST_STEP][PASSED] - delay(1): Delayed 1 second(s)

2021-10-29 15:04:07 - [MESSAGE][PASSED] - Delayed 1 second(s)

2021-10-29 15:04:07 - [TEST_STEP][PASSED] - tap(findTestObject("Object Repository/Mobile/Page/Register/Not Registered/Informasi Pribadi/Button - Next"), 0): Tapped on element 'Object Repository/Mobile/Page/Register/Not Registered/Informasi Pribadi/Button - Next'

2021-10-29 15:04:07 - [MESSAGE][WARNING] - Timeout '0' is invalid. Using default page load timeout: '60'

2021-10-29 15:04:09 - [MESSAGE][PASSED] - Tapped on element 'Object Repository/Mobile/Page/Register/Not Registered/Informasi Pribadi/Button - Next'

2021-10-29 15:04:09 - [TEST_STEP][PASSED] - delay(1): Delayed 1 second(s)

2021-10-29 15:04:10 - [MESSAGE][PASSED] - Delayed 1 second(s)

2021-10-29 15:04:10 - [TEST_STEP][PASSED] - tapAndHold(findTestObject("Mobile/Page/Register/Not Registered/Akun Bank/Dropdown - Bank"), 1, 0): Tapped and held on element 'Object Repository/Mobile/Page/Register/Not Registered/Akun Bank/Dropdown - Bank' with duration 1

2021-10-29 15:04:10 - [MESSAGE][WARNING] - Timeout '0' is invalid. Using default page load timeout: '60'

2021-10-29 15:04:12 - [MESSAGE][PASSED] - Tapped and held on element 'Object Repository/Mobile/Page/Register/Not Registered/Akun Bank/Dropdown - Bank' with duration 1

2021-10-29 15:04:12 - [TEST_STEP][PASSED] - tap(findTestObject("Mobile/Page/Register/Not Registered/Akun Bank/Edit Text - Search Bank"), 0): Tapped on element 'Object Repository/Mobile/Page/Register/Not Registered/Akun Bank/Edit Text - Search Bank'

2021-10-29 15:04:12 - [MESSAGE][WARNING] - Timeout '0' is invalid. Using default page load timeout: '60'

2021-10-29 15:04:13 - [MESSAGE][PASSED] - Tapped on element 'Object Repository/Mobile/Page/Register/Not Registered/Akun Bank/Edit Text - Search Bank'

2021-10-29 15:04:13 - [TEST_STEP][PASSED] - setText(findTestObject("Mobile/Page/Register/Not Registered/Akun Bank/Edit Text - Search Bank"), "citibank", 0): Text 'citibank' has been set to element 'Object Repository/Mobile/Page/Register/Not Registered/Akun Bank/Edit Text - Search Bank'

2021-10-29 15:04:13 - [MESSAGE][WARNING] - Timeout '0' is invalid. Using default page load timeout: '60'

2021-10-29 15:04:14 - [MESSAGE][PASSED] - Text 'citibank' has been set to element 'Object Repository/Mobile/Page/Register/Not Registered/Akun Bank/Edit Text - Search Bank'

2021-10-29 15:04:14 - [TEST_STEP][PASSED] - driver = getDriver(): null

2021-10-29 15:04:14 - [TEST_STEP][PASSED] - driver.pressKeyCode(ENTER): null

2021-10-29 15:04:14 - [TEST_STEP][PASSED] - tap(findTestObject("Object Repository/Mobile/Page/Register/Not Registered/Akun Bank/Item - Top Search Bank"), 0): Tapped on element 'Object Repository/Mobile/Page/Register/Not Registered/Akun Bank/Item - Top Search Bank'

2021-10-29 15:04:14 - [MESSAGE][WARNING] - Timeout '0' is invalid. Using default page load timeout: '60'

2021-10-29 15:04:16 - [MESSAGE][PASSED] - Tapped on element 'Object Repository/Mobile/Page/Register/Not Registered/Akun Bank/Item - Top Search Bank'

2021-10-29 15:04:16 - [TEST_STEP][PASSED] - delay(1): Delayed 1 second(s)

2021-10-29 15:04:17 - [MESSAGE][PASSED] - Delayed 1 second(s)

2021-10-29 15:04:17 - [TEST_STEP][PASSED] - tapAndHold(findTestObject("Mobile/Page/Register/Not Registered/Akun Bank/Dropdown - Country"), 1, 0): Tapped and held on element 'Object Repository/Mobile/Page/Register/Not Registered/Akun Bank/Dropdown - Country' with duration 1

2021-10-29 15:04:17 - [MESSAGE][WARNING] - Timeout '0' is invalid. Using default page load timeout: '60'

2021-10-29 15:04:20 - [MESSAGE][PASSED] - Tapped and held on element 'Object Repository/Mobile/Page/Register/Not Registered/Akun Bank/Dropdown - Country' with duration 1

2021-10-29 15:04:20 - [TEST_STEP][PASSED] - tap(findTestObject("Object Repository/Mobile/Page/Register/Not Registered/Akun Bank/Dropdown - Country Option Indonesia"), 0): Tapped on element 'Object Repository/Mobile/Page/Register/Not Registered/Akun Bank/Dropdown - Country Option Indonesia'

2021-10-29 15:04:20 - [MESSAGE][WARNING] - Timeout '0' is invalid. Using default page load timeout: '60'

2021-10-29 15:04:20 - [MESSAGE][PASSED] - Tapped on element 'Object Repository/Mobile/Page/Register/Not Registered/Akun Bank/Dropdown - Country Option Indonesia'

2021-10-29 15:04:20 - [TEST_STEP][PASSED] - delay(1): Delayed 1 second(s)

2021-10-29 15:04:21 - [MESSAGE][PASSED] - Delayed 1 second(s)

2021-10-29 15:04:21 - [TEST_STEP][PASSED] - tap(findTestObject("Object Repository/Mobile/Page/Register/Not Registered/Akun Bank/Edit Text - Branch"), 0): Tapped on element 'Object Repository/Mobile/Page/Register/Not Registered/Akun Bank/Edit Text - Branch'

2021-10-29 15:04:21 - [MESSAGE][WARNING] - Timeout '0' is invalid. Using default page load timeout: '60'

2021-10-29 15:04:22 - [MESSAGE][PASSED] - Tapped on element 'Object Repository/Mobile/Page/Register/Not Registered/Akun Bank/Edit Text - Branch'

2021-10-29 15:04:22 - [TEST_STEP][PASSED] - setText(findTestObject("Object Repository/Mobile/Page/Register/Not Registered/Akun Bank/Edit Text - Branch"), branch, 0): Text 'qa cabang' has been set to element 'Object Repository/Mobile/Page/Register/Not Registered/Akun Bank/Edit Text - Branch'

2021-10-29 15:04:22 - [MESSAGE][WARNING] - Timeout '0' is invalid. Using default page load timeout: '60'

2021-10-29 15:04:23 - [MESSAGE][PASSED] - Text 'qa cabang' has been set to element 'Object Repository/Mobile/Page/Register/Not Registered/Akun Bank/Edit Text - Branch'

2021-10-29 15:04:23 - [TEST_STEP][PASSED] - hideKeyboard(): Keyboard is hidden

2021-10-29 15:04:27 - [MESSAGE][PASSED] - Keyboard is hidden

2021-10-29 15:04:27 - [TEST_STEP][PASSED] - delay(1): Delayed 1 second(s)

2021-10-29 15:04:28 - [MESSAGE][PASSED] - Delayed 1 second(s)

2021-10-29 15:04:28 - [TEST_STEP][PASSED] - tap(findTestObject("Object Repository/Mobile/Page/Register/Not Registered/Akun Bank/Edit Text - Account Number"), 0): Tapped on element 'Object Repository/Mobile/Page/Register/Not Registered/Akun Bank/Edit Text - Account Number'

2021-10-29 15:04:28 - [MESSAGE][WARNING] - Timeout '0' is invalid. Using default page load timeout: '60'

2021-10-29 15:04:28 - [MESSAGE][PASSED] - Tapped on element 'Object Repository/Mobile/Page/Register/Not Registered/Akun Bank/Edit Text - Account Number'

2021-10-29 15:04:28 - [TEST_STEP][PASSED] - setText(findTestObject("Object Repository/Mobile/Page/Register/Not Registered/Akun Bank/Edit Text - Account Number"), accountnumber, 0): Text '222444222444' has been set to element 'Object Repository/Mobile/Page/Register/Not Registered/Akun Bank/Edit Text - Account Number'

2021-10-29 15:04:28 - [MESSAGE][WARNING] - Timeout '0' is invalid. Using default page load timeout: '60'

2021-10-29 15:04:30 - [MESSAGE][PASSED] - Text '222444222444' has been set to element 'Object Repository/Mobile/Page/Register/Not Registered/Akun Bank/Edit Text - Account Number'

2021-10-29 15:04:30 - [TEST_STEP][PASSED] - hideKeyboard(): Keyboard is hidden

2021-10-29 15:04:36 - [MESSAGE][PASSED] - Keyboard is hidden

2021-10-29 15:04:36 - [TEST_STEP][PASSED] - delay(1): Delayed 1 second(s)

2021-10-29 15:04:37 - [MESSAGE][PASSED] - Delayed 1 second(s)

2021-10-29 15:04:37 - [TEST_STEP][PASSED] - if (negativeStatus == "ownerNameNotMatch"): null

2021-10-29 15:04:37 - [TEST_STEP][PASSED] - else: Delayed 1 second(s)

2021-10-29 15:04:37 - [TEST_STEP][PASSED] - tap(findTestObject("Object Repository/Mobile/Page/Register/Not Registered/Akun Bank/Edit Text - Name Owner"), 0): Tapped on element 'Object Repository/Mobile/Page/Register/Not Registered/Akun Bank/Edit Text - Name Owner'

2021-10-29 15:04:37 - [MESSAGE][WARNING] - Timeout '0' is invalid. Using default page load timeout: '60'

2021-10-29 15:04:37 - [MESSAGE][PASSED] - Tapped on element 'Object Repository/Mobile/Page/Register/Not Registered/Akun Bank/Edit Text - Name Owner'

2021-10-29 15:04:37 - [TEST_STEP][PASSED] - setText(findTestObject("Object Repository/Mobile/Page/Register/Not Registered/Akun Bank/Edit Text - Name Owner"), nameowner, 0): Text 'QATESTTxIUdTyvvZMwBEl' has been set to element 'Object Repository/Mobile/Page/Register/Not Registered/Akun Bank/Edit Text - Name Owner'

2021-10-29 15:04:37 - [MESSAGE][WARNING] - Timeout '0' is invalid. Using default page load timeout: '60'

2021-10-29 15:04:39 - [MESSAGE][PASSED] - Text 'QATESTTxIUdTyvvZMwBEl' has been set to element 'Object Repository/Mobile/Page/Register/Not Registered/Akun Bank/Edit Text - Name Owner'

2021-10-29 15:04:39 - [TEST_STEP][PASSED] - hideKeyboard(): Keyboard is hidden

2021-10-29 15:04:42 - [MESSAGE][PASSED] - Keyboard is hidden

2021-10-29 15:04:42 - [TEST_STEP][PASSED] - delay(1): Delayed 1 second(s)

2021-10-29 15:04:43 - [MESSAGE][PASSED] - Delayed 1 second(s)

2021-10-29 15:04:43 - [TEST_STEP][PASSED] - tap(findTestObject("Object Repository/Mobile/Page/Register/Not Registered/Akun Bank/Button - Next"), 0): Tapped on element 'Object Repository/Mobile/Page/Register/Not Registered/Akun Bank/Button - Next'

2021-10-29 15:04:43 - [MESSAGE][WARNING] - Timeout '0' is invalid. Using default page load timeout: '60'

2021-10-29 15:04:44 - [MESSAGE][PASSED] - Tapped on element 'Object Repository/Mobile/Page/Register/Not Registered/Akun Bank/Button - Next'

2021-10-29 15:04:44 - [TEST_STEP][PASSED] - delay(1): Delayed 1 second(s)

2021-10-29 15:04:45 - [MESSAGE][PASSED] - Delayed 1 second(s)

2021-10-29 15:04:45 - [TEST_STEP][PASSED] - if (isUseReferralCode == 1): null

2021-10-29 15:04:45 - [TEST_STEP][PASSED] - if (negativeStatus == "noSignature"): null

2021-10-29 15:04:45 - [TEST_STEP][PASSED] - else: Delayed 1 second(s)

2021-10-29 15:04:45 - [TEST_STEP][PASSED] - scroll.scroll.scrollRightToLeft(findTestObject("Mobile/Page/Register/Not Registered/Konfirmasi/Field - Signature")): scroll.scroll.scrollRightToLeft is PASSED

2021-10-29 15:04:45 - [MESSAGE][WARNING] - Timeout '0' is invalid. Using default page load timeout: '60'

2021-10-29 15:04:46 - [MESSAGE][PASSED] - Object 'Object Repository/Mobile/Page/Register/Not Registered/Konfirmasi/Field - Signature' has left position '31'

2021-10-29 15:04:46 - [MESSAGE][WARNING] - Timeout '0' is invalid. Using default page load timeout: '60'

2021-10-29 15:04:46 - [MESSAGE][PASSED] - Object 'Object Repository/Mobile/Page/Register/Not Registered/Konfirmasi/Field - Signature' has top position '612'

2021-10-29 15:04:46 - [MESSAGE][WARNING] - Timeout '0' is invalid. Using default page load timeout: '60'

2021-10-29 15:04:46 - [MESSAGE][PASSED] - Object 'Object Repository/Mobile/Page/Register/Not Registered/Konfirmasi/Field - Signature' has width: '658'

2021-10-29 15:04:46 - [MESSAGE][WARNING] - Timeout '0' is invalid. Using default page load timeout: '60'

2021-10-29 15:04:46 - [MESSAGE][PASSED] - Object 'Object Repository/Mobile/Page/Register/Not Registered/Konfirmasi/Field - Signature' has height: '384'

2021-10-29 15:04:47 - [MESSAGE][PASSED] - Swiped from 557,804 to 162,804

2021-10-29 15:04:47 - [MESSAGE][PASSED] - scroll.scroll.scrollRightToLeft is PASSED

2021-10-29 15:04:47 - [TEST_STEP][PASSED] - delay(1): Delayed 1 second(s)

2021-10-29 15:04:48 - [MESSAGE][PASSED] - Delayed 1 second(s)

2021-10-29 15:04:48 - [TEST_STEP][PASSED] - tap(findTestObject("Mobile/Page/Register/Not Registered/Konfirmasi/Checkbox - Agreement"), 0): Tapped on element 'Object Repository/Mobile/Page/Register/Not Registered/Konfirmasi/Checkbox - Agreement'

2021-10-29 15:04:48 - [MESSAGE][WARNING] - Timeout '0' is invalid. Using default page load timeout: '60'

2021-10-29 15:04:48 - [MESSAGE][PASSED] - Tapped on element 'Object Repository/Mobile/Page/Register/Not Registered/Konfirmasi/Checkbox - Agreement'

2021-10-29 15:04:48 - [TEST_STEP][PASSED] - delay(1): Delayed 1 second(s)

2021-10-29 15:04:49 - [MESSAGE][PASSED] - Delayed 1 second(s)

2021-10-29 15:04:49 - [TEST_STEP][PASSED] - pressBack(): Press back button successfully

2021-10-29 15:04:50 - [MESSAGE][PASSED] - Press back button successfully

2021-10-29 15:04:50 - [TEST_STEP][PASSED] - delay(1): Delayed 1 second(s)

2021-10-29 15:04:51 - [MESSAGE][PASSED] - Delayed 1 second(s)

2021-10-29 15:04:51 - [TEST_STEP][PASSED] - hideKeyboard(): Keyboard is hidden

2021-10-29 15:04:52 - [MESSAGE][PASSED] - Keyboard is hidden

2021-10-29 15:04:52 - [TEST_STEP][PASSED] - tap(findTestObject("Object Repository/Mobile/Page/Register/Not Registered/Konfirmasi/Button - Next"), 0): Tapped on element 'Object Repository/Mobile/Page/Register/Not Registered/Konfirmasi/Button - Next'

2021-10-29 15:04:52 - [MESSAGE][WARNING] - Timeout '0' is invalid. Using default page load timeout: '60'

2021-10-29 15:04:53 - [MESSAGE][PASSED] - Tapped on element 'Object Repository/Mobile/Page/Register/Not Registered/Konfirmasi/Button - Next'

2021-10-29 15:04:53 - [TEST_STEP][PASSED] - delay(5): Delayed 5 second(s)

2021-10-29 15:04:58 - [MESSAGE][PASSED] - Delayed 5 second(s)

2021-10-29 15:04:58 - [TEST_STEP][PASSED] - tap(findTestObject("Object Repository/Mobile/Page/Register/Not Registered/Konfirmasi/Button - Back to Home"), 0): Tapped on element 'Object Repository/Mobile/Page/Register/Not Registered/Konfirmasi/Button - Back to Home'

2021-10-29 15:04:58 - [MESSAGE][WARNING] - Timeout '0' is invalid. Using default page load timeout: '60'

2021-10-29 15:05:00 - [MESSAGE][PASSED] - Tapped on element 'Object Repository/Mobile/Page/Register/Not Registered/Konfirmasi/Button - Back to Home'

2021-10-29 15:05:00 - [TEST_STEP][PASSED] - delay(1): Delayed 1 second(s)

2021-10-29 15:05:01 - [MESSAGE][PASSED] - Delayed 1 second(s)

2021-10-29 15:05:01 - [MESSAGE][PASSED] - Call Test Case 'Test Cases/Mobile/Page/Register/Register' successfully

2021-10-29 15:05:01 - [TEST_STEP][PASSED] - callTestCase(findTestCase("Mobile/Page/Run App/Terminate App"), [:], STOP_ON_FAILURE): Call Test Case 'Test Cases/Mobile/Page/Run App/Terminate App' successfully

2021-10-29 15:05:01 - [TEST_CASE][PASSED] - Test Cases/Mobile/Page/Run App/Terminate App: Test Cases/Mobile/Page/Run App/Terminate App

2021-10-29 15:05:01 - [TEST_STEP][PASSED] - startApp.OpenApp.terminateApplication(): startApp.OpenApp.terminateApplication is PASSED

2021-10-29 15:05:04 - [MESSAGE][PASSED] - Delayed 3 second(s)

2021-10-29 15:05:05 - [MESSAGE][PASSED] - Current device physical width is 720

2021-10-29 15:05:05 - [MESSAGE][PASSED] - Current device physical height is 1423

2021-10-29 15:05:06 - [MESSAGE][PASSED] - Swiped from 360,853 to 360,142

2021-10-29 15:05:07 - [MESSAGE][PASSED] - Delayed 1 second(s)

2021-10-29 15:05:08 - [MESSAGE][PASSED] - Swiped from 360,853 to 360,142

2021-10-29 15:05:11 - [MESSAGE][PASSED] - Delayed 3 second(s)

2021-10-29 15:05:11 - [MESSAGE][PASSED] - startApp.OpenApp.terminateApplication is PASSED

2021-10-29 15:05:11 - [MESSAGE][PASSED] - Call Test Case 'Test Cases/Mobile/Page/Run App/Terminate App' successfully]]></system-out>
         <system-err><![CDATA[]]></system-err>
      </testcase>
      <testcase name="Test Cases/Mobile/Scenario/Register/004 - Registrasi akun baru dengan alamat sesuai KTP menggunakan Refferal Code" time="233.793" classname="Test Cases/Mobile/Scenario/Register/004 - Registrasi akun baru dengan alamat sesuai KTP menggunakan Refferal Code" status="PASSED">
         <system-out><![CDATA[2021-10-29 15:05:11 - [TEST_CASE][PASSED] - Test Cases/Mobile/Scenario/Register/004 - Registrasi akun baru dengan alamat sesuai KTP menggunakan Refferal Code: Test Cases/Mobile/Scenario/Register/004 - Registrasi akun baru dengan alamat sesuai KTP menggunakan Refferal Code

2021-10-29 15:05:12 - [TEST_STEP][PASSED] - callTestCase(findTestCase("Mobile/Page/Run App/Run App byID"), [:], STOP_ON_FAILURE): Call Test Case 'Test Cases/Mobile/Page/Run App/Run App byID' successfully

2021-10-29 15:05:12 - [TEST_CASE][PASSED] - Test Cases/Mobile/Page/Run App/Run App byID: Test Cases/Mobile/Page/Run App/Run App byID

2021-10-29 15:05:12 - [TEST_STEP][PASSED] - startApp.OpenApp.startApplication("com.mirae.maxfund"): startApp.OpenApp.startApplication is PASSED

2021-10-29 15:05:27 - [MESSAGE][PASSED] - Starting app with application ID: 'com.mirae.maxfund'

2021-10-29 15:05:27 - [MESSAGE][PASSED] - startApp.OpenApp.startApplication is PASSED

2021-10-29 15:05:27 - [MESSAGE][PASSED] - Call Test Case 'Test Cases/Mobile/Page/Run App/Run App byID' successfully

2021-10-29 15:05:27 - [TEST_STEP][PASSED] - callTestCase(findTestCase("Mobile/Page/Register/Register"), ["isFromLoginPage":0, "isRegistered":0, "isBedaAlamat":0, "isUseReferralCode":1, "negativeStatus":"none"], STOP_ON_FAILURE): Call Test Case 'Test Cases/Mobile/Page/Register/Register' successfully

2021-10-29 15:05:27 - [TEST_CASE][PASSED] - Test Cases/Mobile/Page/Register/Register: Test Cases/Mobile/Page/Register/Register

2021-10-29 15:05:27 - [TEST_STEP][PASSED] - delay(5): Delayed 5 second(s)

2021-10-29 15:05:32 - [MESSAGE][PASSED] - Delayed 5 second(s)

2021-10-29 15:05:32 - [TEST_STEP][PASSED] - if (isFromLoginPage == 1): null

2021-10-29 15:05:32 - [TEST_STEP][PASSED] - else: Tapped on element 'Object Repository/Mobile/Page/Dashboard/Button - Register'

2021-10-29 15:05:32 - [TEST_STEP][PASSED] - tap(findTestObject("Object Repository/Mobile/Page/Dashboard/Button - Register"), 0): Tapped on element 'Object Repository/Mobile/Page/Dashboard/Button - Register'

2021-10-29 15:05:32 - [MESSAGE][WARNING] - Timeout '0' is invalid. Using default page load timeout: '60'

2021-10-29 15:05:33 - [MESSAGE][PASSED] - Tapped on element 'Object Repository/Mobile/Page/Dashboard/Button - Register'

2021-10-29 15:05:33 - [TEST_STEP][PASSED] - delay(3): Delayed 3 second(s)

2021-10-29 15:05:36 - [MESSAGE][PASSED] - Delayed 3 second(s)

2021-10-29 15:05:36 - [TEST_STEP][PASSED] - if (isRegistered == 1): null

2021-10-29 15:05:36 - [TEST_STEP][PASSED] - else: null

2021-10-29 15:05:36 - [TEST_STEP][PASSED] - RegisterMethod.notRegistered(negativeStatus, isBedaAlamat, isUseReferralCode): null

2021-10-29 15:05:36 - [TEST_STEP][PASSED] - fullname = "QATEST" + acak.acak.randomStringWord(): acak.acak.randomStringWord is PASSED

2021-10-29 15:05:36 - [MESSAGE][PASSED] - acak.acak.randomStringWord is PASSED

2021-10-29 15:05:36 - [TEST_STEP][PASSED] - birthdate = "1/1/1998": null

2021-10-29 15:05:36 - [TEST_STEP][PASSED] - phone = "082" + acak.acak.randomStringNumber(9): acak.acak.randomStringNumber is PASSED

2021-10-29 15:05:36 - [MESSAGE][PASSED] - acak.acak.randomStringNumber is PASSED

2021-10-29 15:05:36 - [TEST_STEP][PASSED] - email = fullname + "@gmail.com": null

2021-10-29 15:05:36 - [TEST_STEP][PASSED] - password = "Mirae1234": null

2021-10-29 15:05:36 - [TEST_STEP][PASSED] - branch = "qa cabang": null

2021-10-29 15:05:36 - [TEST_STEP][PASSED] - accountnumber = "222444222444": null

2021-10-29 15:05:36 - [TEST_STEP][PASSED] - nameowner = fullname: null

2021-10-29 15:05:36 - [TEST_STEP][PASSED] - alamat = "Jl. Cempaka Putih Barat 12 F No.12, RT.8/RW.8": null

2021-10-29 15:05:36 - [TEST_STEP][PASSED] - kodepos = "15412": null

2021-10-29 15:05:36 - [TEST_STEP][PASSED] - referralcode = "15412": null

2021-10-29 15:05:36 - [TEST_STEP][PASSED] - flag = "indonesia": null

2021-10-29 15:05:36 - [TEST_STEP][PASSED] - bank = "citibank": null

2021-10-29 15:05:36 - [TEST_STEP][PASSED] - tap(findTestObject("Object Repository/Mobile/Page/Register/Radio Button - Not registered yet"), 0): Tapped on element 'Object Repository/Mobile/Page/Register/Radio Button - Not registered yet'

2021-10-29 15:05:37 - [MESSAGE][WARNING] - Timeout '0' is invalid. Using default page load timeout: '60'

2021-10-29 15:05:37 - [MESSAGE][PASSED] - Tapped on element 'Object Repository/Mobile/Page/Register/Radio Button - Not registered yet'

2021-10-29 15:05:37 - [TEST_STEP][PASSED] - delay(3): Delayed 3 second(s)

2021-10-29 15:05:40 - [MESSAGE][PASSED] - Delayed 3 second(s)

2021-10-29 15:05:40 - [TEST_STEP][PASSED] - tap(findTestObject("Object Repository/Mobile/Page/Register/Not Registered/Button - Next"), 0): Tapped on element 'Object Repository/Mobile/Page/Register/Not Registered/Button - Next'

2021-10-29 15:05:40 - [MESSAGE][WARNING] - Timeout '0' is invalid. Using default page load timeout: '60'

2021-10-29 15:05:41 - [MESSAGE][PASSED] - Tapped on element 'Object Repository/Mobile/Page/Register/Not Registered/Button - Next'

2021-10-29 15:05:41 - [TEST_STEP][PASSED] - delay(1): Delayed 1 second(s)

2021-10-29 15:05:42 - [MESSAGE][PASSED] - Delayed 1 second(s)

2021-10-29 15:05:42 - [TEST_STEP][PASSED] - tap(findTestObject("Object Repository/Mobile/Page/Register/Not Registered/Informasi Pribadi/Edit Text - Fullname"), 0): Tapped on element 'Object Repository/Mobile/Page/Register/Not Registered/Informasi Pribadi/Edit Text - Fullname'

2021-10-29 15:05:42 - [MESSAGE][WARNING] - Timeout '0' is invalid. Using default page load timeout: '60'

2021-10-29 15:05:43 - [MESSAGE][PASSED] - Tapped on element 'Object Repository/Mobile/Page/Register/Not Registered/Informasi Pribadi/Edit Text - Fullname'

2021-10-29 15:05:43 - [TEST_STEP][PASSED] - setText(findTestObject("Object Repository/Mobile/Page/Register/Not Registered/Informasi Pribadi/Edit Text - Fullname"), fullname, 0): Text 'QATESTMdgvowYxJcYSgUA' has been set to element 'Object Repository/Mobile/Page/Register/Not Registered/Informasi Pribadi/Edit Text - Fullname'

2021-10-29 15:05:43 - [MESSAGE][WARNING] - Timeout '0' is invalid. Using default page load timeout: '60'

2021-10-29 15:05:45 - [MESSAGE][PASSED] - Text 'QATESTMdgvowYxJcYSgUA' has been set to element 'Object Repository/Mobile/Page/Register/Not Registered/Informasi Pribadi/Edit Text - Fullname'

2021-10-29 15:05:45 - [TEST_STEP][PASSED] - hideKeyboard(): Keyboard is hidden

2021-10-29 15:05:51 - [MESSAGE][PASSED] - Keyboard is hidden

2021-10-29 15:05:51 - [TEST_STEP][PASSED] - delay(1): Delayed 1 second(s)

2021-10-29 15:05:52 - [MESSAGE][PASSED] - Delayed 1 second(s)

2021-10-29 15:05:52 - [TEST_STEP][PASSED] - tap(findTestObject("Object Repository/Mobile/Page/Register/Not Registered/Informasi Pribadi/Date Picker - Date of Birth"), 0): Tapped on element 'Object Repository/Mobile/Page/Register/Not Registered/Informasi Pribadi/Date Picker - Date of Birth'

2021-10-29 15:05:52 - [MESSAGE][WARNING] - Timeout '0' is invalid. Using default page load timeout: '60'

2021-10-29 15:05:52 - [MESSAGE][PASSED] - Tapped on element 'Object Repository/Mobile/Page/Register/Not Registered/Informasi Pribadi/Date Picker - Date of Birth'

2021-10-29 15:05:52 - [TEST_STEP][PASSED] - tap(findTestObject("Object Repository/Mobile/Page/Register/Not Registered/Informasi Pribadi/Date Picker - Icon Edit"), 0): Tapped on element 'Object Repository/Mobile/Page/Register/Not Registered/Informasi Pribadi/Date Picker - Icon Edit'

2021-10-29 15:05:52 - [MESSAGE][WARNING] - Timeout '0' is invalid. Using default page load timeout: '60'

2021-10-29 15:05:55 - [MESSAGE][PASSED] - Tapped on element 'Object Repository/Mobile/Page/Register/Not Registered/Informasi Pribadi/Date Picker - Icon Edit'

2021-10-29 15:05:55 - [TEST_STEP][PASSED] - if (negativeStatus == "less17YearsOld"): null

2021-10-29 15:05:55 - [TEST_STEP][PASSED] - else: Delayed 1 second(s)

2021-10-29 15:05:55 - [TEST_STEP][PASSED] - setText(findTestObject("Mobile/Page/Register/Not Registered/Informasi Pribadi/Date Picker - Edit Text Date"), birthdate, 0): Text '1/1/1998' has been set to element 'Object Repository/Mobile/Page/Register/Not Registered/Informasi Pribadi/Date Picker - Edit Text Date'

2021-10-29 15:05:55 - [MESSAGE][WARNING] - Timeout '0' is invalid. Using default page load timeout: '60'

2021-10-29 15:05:55 - [MESSAGE][PASSED] - Text '1/1/1998' has been set to element 'Object Repository/Mobile/Page/Register/Not Registered/Informasi Pribadi/Date Picker - Edit Text Date'

2021-10-29 15:05:55 - [TEST_STEP][PASSED] - tap(findTestObject("Mobile/Page/Register/Not Registered/Informasi Pribadi/Date Picker - Button OK"), 0): Tapped on element 'Object Repository/Mobile/Page/Register/Not Registered/Informasi Pribadi/Date Picker - Button OK'

2021-10-29 15:05:56 - [MESSAGE][WARNING] - Timeout '0' is invalid. Using default page load timeout: '60'

2021-10-29 15:05:57 - [MESSAGE][PASSED] - Tapped on element 'Object Repository/Mobile/Page/Register/Not Registered/Informasi Pribadi/Date Picker - Button OK'

2021-10-29 15:05:57 - [TEST_STEP][PASSED] - delay(1): Delayed 1 second(s)

2021-10-29 15:05:58 - [MESSAGE][PASSED] - Delayed 1 second(s)

2021-10-29 15:05:58 - [TEST_STEP][PASSED] - tap(findTestObject("Object Repository/Mobile/Page/Register/Not Registered/Informasi Pribadi/Dropdown - Flag Phone Number"), 0): Tapped on element 'Object Repository/Mobile/Page/Register/Not Registered/Informasi Pribadi/Dropdown - Flag Phone Number'

2021-10-29 15:05:58 - [MESSAGE][WARNING] - Timeout '0' is invalid. Using default page load timeout: '60'

2021-10-29 15:05:59 - [MESSAGE][PASSED] - Tapped on element 'Object Repository/Mobile/Page/Register/Not Registered/Informasi Pribadi/Dropdown - Flag Phone Number'

2021-10-29 15:05:59 - [TEST_STEP][PASSED] - tap(findTestObject("Object Repository/Mobile/Page/Register/Not Registered/Informasi Pribadi/Edit Text - Search Flag"), 0): Tapped on element 'Object Repository/Mobile/Page/Register/Not Registered/Informasi Pribadi/Edit Text - Search Flag'

2021-10-29 15:06:00 - [MESSAGE][WARNING] - Timeout '0' is invalid. Using default page load timeout: '60'

2021-10-29 15:06:01 - [MESSAGE][PASSED] - Tapped on element 'Object Repository/Mobile/Page/Register/Not Registered/Informasi Pribadi/Edit Text - Search Flag'

2021-10-29 15:06:01 - [TEST_STEP][PASSED] - setText(findTestObject("Object Repository/Mobile/Page/Register/Not Registered/Informasi Pribadi/Edit Text - Search Flag"), flag, 0): Text 'indonesia' has been set to element 'Object Repository/Mobile/Page/Register/Not Registered/Informasi Pribadi/Edit Text - Search Flag'

2021-10-29 15:06:01 - [MESSAGE][WARNING] - Timeout '0' is invalid. Using default page load timeout: '60'

2021-10-29 15:06:02 - [MESSAGE][PASSED] - Text 'indonesia' has been set to element 'Object Repository/Mobile/Page/Register/Not Registered/Informasi Pribadi/Edit Text - Search Flag'

2021-10-29 15:06:02 - [TEST_STEP][PASSED] - tap(findTestObject("Mobile/Page/Register/Not Registered/Informasi Pribadi/Item Flag - Top Search"), 0): Tapped on element 'Object Repository/Mobile/Page/Register/Not Registered/Informasi Pribadi/Item Flag - Top Search'

2021-10-29 15:06:02 - [MESSAGE][WARNING] - Timeout '0' is invalid. Using default page load timeout: '60'

2021-10-29 15:06:04 - [MESSAGE][PASSED] - Tapped on element 'Object Repository/Mobile/Page/Register/Not Registered/Informasi Pribadi/Item Flag - Top Search'

2021-10-29 15:06:04 - [TEST_STEP][PASSED] - tap(findTestObject("Object Repository/Mobile/Page/Register/Not Registered/Informasi Pribadi/Edit Text - Phone Number"), 0): Tapped on element 'Object Repository/Mobile/Page/Register/Not Registered/Informasi Pribadi/Edit Text - Phone Number'

2021-10-29 15:06:04 - [MESSAGE][WARNING] - Timeout '0' is invalid. Using default page load timeout: '60'

2021-10-29 15:06:04 - [MESSAGE][PASSED] - Tapped on element 'Object Repository/Mobile/Page/Register/Not Registered/Informasi Pribadi/Edit Text - Phone Number'

2021-10-29 15:06:04 - [TEST_STEP][PASSED] - setText(findTestObject("Object Repository/Mobile/Page/Register/Not Registered/Informasi Pribadi/Edit Text - Phone Number"), phone, 0): Text '082022729119' has been set to element 'Object Repository/Mobile/Page/Register/Not Registered/Informasi Pribadi/Edit Text - Phone Number'

2021-10-29 15:06:04 - [MESSAGE][WARNING] - Timeout '0' is invalid. Using default page load timeout: '60'

2021-10-29 15:06:06 - [MESSAGE][PASSED] - Text '082022729119' has been set to element 'Object Repository/Mobile/Page/Register/Not Registered/Informasi Pribadi/Edit Text - Phone Number'

2021-10-29 15:06:06 - [TEST_STEP][PASSED] - hideKeyboard(): Keyboard is hidden

2021-10-29 15:06:13 - [MESSAGE][PASSED] - Keyboard is hidden

2021-10-29 15:06:13 - [TEST_STEP][PASSED] - delay(1): Delayed 1 second(s)

2021-10-29 15:06:14 - [MESSAGE][PASSED] - Delayed 1 second(s)

2021-10-29 15:06:14 - [TEST_STEP][PASSED] - tap(findTestObject("Object Repository/Mobile/Page/Register/Not Registered/Informasi Pribadi/Dropdown - Flag Re Phone Number"), 0): Tapped on element 'Object Repository/Mobile/Page/Register/Not Registered/Informasi Pribadi/Dropdown - Flag Re Phone Number'

2021-10-29 15:06:14 - [MESSAGE][WARNING] - Timeout '0' is invalid. Using default page load timeout: '60'

2021-10-29 15:06:15 - [MESSAGE][PASSED] - Tapped on element 'Object Repository/Mobile/Page/Register/Not Registered/Informasi Pribadi/Dropdown - Flag Re Phone Number'

2021-10-29 15:06:15 - [TEST_STEP][PASSED] - tap(findTestObject("Object Repository/Mobile/Page/Register/Not Registered/Informasi Pribadi/Edit Text - Search Flag"), 0): Tapped on element 'Object Repository/Mobile/Page/Register/Not Registered/Informasi Pribadi/Edit Text - Search Flag'

2021-10-29 15:06:15 - [MESSAGE][WARNING] - Timeout '0' is invalid. Using default page load timeout: '60'

2021-10-29 15:06:16 - [MESSAGE][PASSED] - Tapped on element 'Object Repository/Mobile/Page/Register/Not Registered/Informasi Pribadi/Edit Text - Search Flag'

2021-10-29 15:06:16 - [TEST_STEP][PASSED] - setText(findTestObject("Object Repository/Mobile/Page/Register/Not Registered/Informasi Pribadi/Edit Text - Search Flag"), flag, 0): Text 'indonesia' has been set to element 'Object Repository/Mobile/Page/Register/Not Registered/Informasi Pribadi/Edit Text - Search Flag'

2021-10-29 15:06:16 - [MESSAGE][WARNING] - Timeout '0' is invalid. Using default page load timeout: '60'

2021-10-29 15:06:17 - [MESSAGE][PASSED] - Text 'indonesia' has been set to element 'Object Repository/Mobile/Page/Register/Not Registered/Informasi Pribadi/Edit Text - Search Flag'

2021-10-29 15:06:17 - [TEST_STEP][PASSED] - tap(findTestObject("Mobile/Page/Register/Not Registered/Informasi Pribadi/Item Flag - Top Search"), 0): Tapped on element 'Object Repository/Mobile/Page/Register/Not Registered/Informasi Pribadi/Item Flag - Top Search'

2021-10-29 15:06:17 - [MESSAGE][WARNING] - Timeout '0' is invalid. Using default page load timeout: '60'

2021-10-29 15:06:19 - [MESSAGE][PASSED] - Tapped on element 'Object Repository/Mobile/Page/Register/Not Registered/Informasi Pribadi/Item Flag - Top Search'

2021-10-29 15:06:19 - [TEST_STEP][PASSED] - tap(findTestObject("Object Repository/Mobile/Page/Register/Not Registered/Informasi Pribadi/Edit Text - Re Phone Number"), 0): Tapped on element 'Object Repository/Mobile/Page/Register/Not Registered/Informasi Pribadi/Edit Text - Re Phone Number'

2021-10-29 15:06:19 - [MESSAGE][WARNING] - Timeout '0' is invalid. Using default page load timeout: '60'

2021-10-29 15:06:19 - [MESSAGE][PASSED] - Tapped on element 'Object Repository/Mobile/Page/Register/Not Registered/Informasi Pribadi/Edit Text - Re Phone Number'

2021-10-29 15:06:19 - [TEST_STEP][PASSED] - setText(findTestObject("Object Repository/Mobile/Page/Register/Not Registered/Informasi Pribadi/Edit Text - Re Phone Number"), phone, 0): Text '082022729119' has been set to element 'Object Repository/Mobile/Page/Register/Not Registered/Informasi Pribadi/Edit Text - Re Phone Number'

2021-10-29 15:06:19 - [MESSAGE][WARNING] - Timeout '0' is invalid. Using default page load timeout: '60'

2021-10-29 15:06:20 - [MESSAGE][PASSED] - Text '082022729119' has been set to element 'Object Repository/Mobile/Page/Register/Not Registered/Informasi Pribadi/Edit Text - Re Phone Number'

2021-10-29 15:06:20 - [TEST_STEP][PASSED] - hideKeyboard(): Keyboard is hidden

2021-10-29 15:06:26 - [MESSAGE][PASSED] - Keyboard is hidden

2021-10-29 15:06:26 - [TEST_STEP][PASSED] - delay(1): Delayed 1 second(s)

2021-10-29 15:06:27 - [MESSAGE][PASSED] - Delayed 1 second(s)

2021-10-29 15:06:27 - [TEST_STEP][PASSED] - if (negativeStatus == "emailRegistered"): null

2021-10-29 15:06:27 - [TEST_STEP][PASSED] - else: Delayed 1 second(s)

2021-10-29 15:06:27 - [TEST_STEP][PASSED] - tap(findTestObject("Object Repository/Mobile/Page/Register/Not Registered/Informasi Pribadi/Edit Text - Email"), 0): Tapped on element 'Object Repository/Mobile/Page/Register/Not Registered/Informasi Pribadi/Edit Text - Email'

2021-10-29 15:06:27 - [MESSAGE][WARNING] - Timeout '0' is invalid. Using default page load timeout: '60'

2021-10-29 15:06:28 - [MESSAGE][PASSED] - Tapped on element 'Object Repository/Mobile/Page/Register/Not Registered/Informasi Pribadi/Edit Text - Email'

2021-10-29 15:06:28 - [TEST_STEP][PASSED] - setText(findTestObject("Object Repository/Mobile/Page/Register/Not Registered/Informasi Pribadi/Edit Text - Email"), email, 0): Text 'QATESTMdgvowYxJcYSgUA@gmail.com' has been set to element 'Object Repository/Mobile/Page/Register/Not Registered/Informasi Pribadi/Edit Text - Email'

2021-10-29 15:06:28 - [MESSAGE][WARNING] - Timeout '0' is invalid. Using default page load timeout: '60'

2021-10-29 15:06:29 - [MESSAGE][PASSED] - Text 'QATESTMdgvowYxJcYSgUA@gmail.com' has been set to element 'Object Repository/Mobile/Page/Register/Not Registered/Informasi Pribadi/Edit Text - Email'

2021-10-29 15:06:29 - [TEST_STEP][PASSED] - hideKeyboard(): Keyboard is hidden

2021-10-29 15:06:33 - [MESSAGE][PASSED] - Keyboard is hidden

2021-10-29 15:06:33 - [TEST_STEP][PASSED] - delay(1): Delayed 1 second(s)

2021-10-29 15:06:34 - [MESSAGE][PASSED] - Delayed 1 second(s)

2021-10-29 15:06:34 - [TEST_STEP][PASSED] - if (negativeStatus == "emailNotMatch"): null

2021-10-29 15:06:34 - [TEST_STEP][PASSED] - else: Delayed 1 second(s)

2021-10-29 15:06:34 - [TEST_STEP][PASSED] - tap(findTestObject("Object Repository/Mobile/Page/Register/Not Registered/Informasi Pribadi/Edit Text - Re Email"), 0): Tapped on element 'Object Repository/Mobile/Page/Register/Not Registered/Informasi Pribadi/Edit Text - Re Email'

2021-10-29 15:06:34 - [MESSAGE][WARNING] - Timeout '0' is invalid. Using default page load timeout: '60'

2021-10-29 15:06:34 - [MESSAGE][PASSED] - Tapped on element 'Object Repository/Mobile/Page/Register/Not Registered/Informasi Pribadi/Edit Text - Re Email'

2021-10-29 15:06:34 - [TEST_STEP][PASSED] - setText(findTestObject("Object Repository/Mobile/Page/Register/Not Registered/Informasi Pribadi/Edit Text - Re Email"), email, 0): Text 'QATESTMdgvowYxJcYSgUA@gmail.com' has been set to element 'Object Repository/Mobile/Page/Register/Not Registered/Informasi Pribadi/Edit Text - Re Email'

2021-10-29 15:06:34 - [MESSAGE][WARNING] - Timeout '0' is invalid. Using default page load timeout: '60'

2021-10-29 15:06:36 - [MESSAGE][PASSED] - Text 'QATESTMdgvowYxJcYSgUA@gmail.com' has been set to element 'Object Repository/Mobile/Page/Register/Not Registered/Informasi Pribadi/Edit Text - Re Email'

2021-10-29 15:06:36 - [TEST_STEP][PASSED] - hideKeyboard(): Keyboard is hidden

2021-10-29 15:06:39 - [MESSAGE][PASSED] - Keyboard is hidden

2021-10-29 15:06:39 - [TEST_STEP][PASSED] - delay(1): Delayed 1 second(s)

2021-10-29 15:06:40 - [MESSAGE][PASSED] - Delayed 1 second(s)

2021-10-29 15:06:40 - [TEST_STEP][PASSED] - if (negativeStatus == "passwordNotFollowRules"): null

2021-10-29 15:06:40 - [TEST_STEP][PASSED] - else: Delayed 1 second(s)

2021-10-29 15:06:40 - [TEST_STEP][PASSED] - tap(findTestObject("Object Repository/Mobile/Page/Register/Not Registered/Informasi Pribadi/Edit Text - Password"), 0): Tapped on element 'Object Repository/Mobile/Page/Register/Not Registered/Informasi Pribadi/Edit Text - Password'

2021-10-29 15:06:40 - [MESSAGE][WARNING] - Timeout '0' is invalid. Using default page load timeout: '60'

2021-10-29 15:06:41 - [MESSAGE][PASSED] - Tapped on element 'Object Repository/Mobile/Page/Register/Not Registered/Informasi Pribadi/Edit Text - Password'

2021-10-29 15:06:41 - [TEST_STEP][PASSED] - setText(findTestObject("Object Repository/Mobile/Page/Register/Not Registered/Informasi Pribadi/Edit Text - Password"), password, 0): Text 'Mirae1234' has been set to element 'Object Repository/Mobile/Page/Register/Not Registered/Informasi Pribadi/Edit Text - Password'

2021-10-29 15:06:41 - [MESSAGE][WARNING] - Timeout '0' is invalid. Using default page load timeout: '60'

2021-10-29 15:06:42 - [MESSAGE][PASSED] - Text 'Mirae1234' has been set to element 'Object Repository/Mobile/Page/Register/Not Registered/Informasi Pribadi/Edit Text - Password'

2021-10-29 15:06:42 - [TEST_STEP][PASSED] - hideKeyboard(): Keyboard is hidden

2021-10-29 15:06:48 - [MESSAGE][PASSED] - Keyboard is hidden

2021-10-29 15:06:48 - [TEST_STEP][PASSED] - delay(1): Delayed 1 second(s)

2021-10-29 15:06:49 - [MESSAGE][PASSED] - Delayed 1 second(s)

2021-10-29 15:06:49 - [TEST_STEP][PASSED] - tap(findTestObject("Object Repository/Mobile/Page/Register/Not Registered/Informasi Pribadi/Edit Text - Re Password"), 0): Tapped on element 'Object Repository/Mobile/Page/Register/Not Registered/Informasi Pribadi/Edit Text - Re Password'

2021-10-29 15:06:49 - [MESSAGE][WARNING] - Timeout '0' is invalid. Using default page load timeout: '60'

2021-10-29 15:06:50 - [MESSAGE][PASSED] - Tapped on element 'Object Repository/Mobile/Page/Register/Not Registered/Informasi Pribadi/Edit Text - Re Password'

2021-10-29 15:06:50 - [TEST_STEP][PASSED] - setText(findTestObject("Object Repository/Mobile/Page/Register/Not Registered/Informasi Pribadi/Edit Text - Re Password"), password, 0): Text 'Mirae1234' has been set to element 'Object Repository/Mobile/Page/Register/Not Registered/Informasi Pribadi/Edit Text - Re Password'

2021-10-29 15:06:50 - [MESSAGE][WARNING] - Timeout '0' is invalid. Using default page load timeout: '60'

2021-10-29 15:06:51 - [MESSAGE][PASSED] - Text 'Mirae1234' has been set to element 'Object Repository/Mobile/Page/Register/Not Registered/Informasi Pribadi/Edit Text - Re Password'

2021-10-29 15:06:51 - [TEST_STEP][PASSED] - hideKeyboard(): Keyboard is hidden

2021-10-29 15:06:57 - [MESSAGE][PASSED] - Keyboard is hidden

2021-10-29 15:06:57 - [TEST_STEP][PASSED] - delay(1): Delayed 1 second(s)

2021-10-29 15:06:58 - [MESSAGE][PASSED] - Delayed 1 second(s)

2021-10-29 15:06:58 - [TEST_STEP][PASSED] - if (isBedaAlamat == 1): null

2021-10-29 15:06:58 - [TEST_STEP][PASSED] - tap(findTestObject("Object Repository/Mobile/Page/Register/Not Registered/Informasi Pribadi/Button - Icon KTP"), 0): Tapped on element 'Object Repository/Mobile/Page/Register/Not Registered/Informasi Pribadi/Button - Icon KTP'

2021-10-29 15:06:58 - [MESSAGE][WARNING] - Timeout '0' is invalid. Using default page load timeout: '60'

2021-10-29 15:06:59 - [MESSAGE][PASSED] - Tapped on element 'Object Repository/Mobile/Page/Register/Not Registered/Informasi Pribadi/Button - Icon KTP'

2021-10-29 15:06:59 - [TEST_STEP][PASSED] - permission = verifyElementExist(findTestObject("Object Repository/Mobile/Page/Register/Not Registered/Informasi Pribadi/Permission - Only this time"), 1, OPTIONAL): Element 'Object Repository/Mobile/Page/Register/Not Registered/Informasi Pribadi/Permission - Only this time' is exist

2021-10-29 15:07:00 - [MESSAGE][PASSED] - Element 'Object Repository/Mobile/Page/Register/Not Registered/Informasi Pribadi/Permission - Only this time' is exist

2021-10-29 15:07:00 - [TEST_STEP][PASSED] - if (permission): Tapped on element 'Object Repository/Mobile/Page/Register/Not Registered/Informasi Pribadi/Permission - Only this time'

2021-10-29 15:07:00 - [TEST_STEP][PASSED] - tap(findTestObject("Object Repository/Mobile/Page/Register/Not Registered/Informasi Pribadi/Permission - Only this time"), 0): Tapped on element 'Object Repository/Mobile/Page/Register/Not Registered/Informasi Pribadi/Permission - Only this time'

2021-10-29 15:07:00 - [MESSAGE][WARNING] - Timeout '0' is invalid. Using default page load timeout: '60'

2021-10-29 15:07:01 - [MESSAGE][PASSED] - Tapped on element 'Object Repository/Mobile/Page/Register/Not Registered/Informasi Pribadi/Permission - Only this time'

2021-10-29 15:07:01 - [TEST_STEP][PASSED] - permission = verifyElementExist(findTestObject("Object Repository/Mobile/Page/Register/Not Registered/Informasi Pribadi/Permission - Only this time"), 1, OPTIONAL): Element 'Object Repository/Mobile/Page/Register/Not Registered/Informasi Pribadi/Permission - Only this time' is exist

2021-10-29 15:07:02 - [MESSAGE][PASSED] - Element 'Object Repository/Mobile/Page/Register/Not Registered/Informasi Pribadi/Permission - Only this time' is exist

2021-10-29 15:07:02 - [TEST_STEP][PASSED] - if (permission): Tapped on element 'Object Repository/Mobile/Page/Register/Not Registered/Informasi Pribadi/Permission - Only this time'

2021-10-29 15:07:02 - [TEST_STEP][PASSED] - tap(findTestObject("Object Repository/Mobile/Page/Register/Not Registered/Informasi Pribadi/Permission - Only this time"), 0): Tapped on element 'Object Repository/Mobile/Page/Register/Not Registered/Informasi Pribadi/Permission - Only this time'

2021-10-29 15:07:02 - [MESSAGE][WARNING] - Timeout '0' is invalid. Using default page load timeout: '60'

2021-10-29 15:07:02 - [MESSAGE][PASSED] - Tapped on element 'Object Repository/Mobile/Page/Register/Not Registered/Informasi Pribadi/Permission - Only this time'

2021-10-29 15:07:02 - [TEST_STEP][PASSED] - tap(findTestObject("Object Repository/Mobile/Page/Register/Not Registered/Informasi Pribadi/Button - Capture KTP"), 0): Tapped on element 'Object Repository/Mobile/Page/Register/Not Registered/Informasi Pribadi/Button - Capture KTP'

2021-10-29 15:07:02 - [MESSAGE][WARNING] - Timeout '0' is invalid. Using default page load timeout: '60'

2021-10-29 15:07:04 - [MESSAGE][PASSED] - Tapped on element 'Object Repository/Mobile/Page/Register/Not Registered/Informasi Pribadi/Button - Capture KTP'

2021-10-29 15:07:04 - [TEST_STEP][PASSED] - delay(2): Delayed 2 second(s)

2021-10-29 15:07:06 - [MESSAGE][PASSED] - Delayed 2 second(s)

2021-10-29 15:07:06 - [TEST_STEP][PASSED] - scroll.scroll.scrollLeftToRight(findTestObject("Object Repository/Mobile/Page/Register/Not Registered/Informasi Pribadi/Slider - Edit Photo Scale")): scroll.scroll.scrollLeftToRight is PASSED

2021-10-29 15:07:06 - [MESSAGE][WARNING] - Timeout '0' is invalid. Using default page load timeout: '60'

2021-10-29 15:07:07 - [MESSAGE][PASSED] - Object 'Object Repository/Mobile/Page/Register/Not Registered/Informasi Pribadi/Slider - Edit Photo Scale' has left position '0'

2021-10-29 15:07:07 - [MESSAGE][WARNING] - Timeout '0' is invalid. Using default page load timeout: '60'

2021-10-29 15:07:08 - [MESSAGE][PASSED] - Object 'Object Repository/Mobile/Page/Register/Not Registered/Informasi Pribadi/Slider - Edit Photo Scale' has top position '1,284'

2021-10-29 15:07:08 - [MESSAGE][WARNING] - Timeout '0' is invalid. Using default page load timeout: '60'

2021-10-29 15:07:08 - [MESSAGE][PASSED] - Object 'Object Repository/Mobile/Page/Register/Not Registered/Informasi Pribadi/Slider - Edit Photo Scale' has width: '720'

2021-10-29 15:07:08 - [MESSAGE][WARNING] - Timeout '0' is invalid. Using default page load timeout: '60'

2021-10-29 15:07:08 - [MESSAGE][PASSED] - Object 'Object Repository/Mobile/Page/Register/Not Registered/Informasi Pribadi/Slider - Edit Photo Scale' has height: '66'

2021-10-29 15:07:09 - [MESSAGE][PASSED] - Swiped from 144,1,317 to 576,1,317

2021-10-29 15:07:09 - [MESSAGE][PASSED] - scroll.scroll.scrollLeftToRight is PASSED

2021-10-29 15:07:09 - [TEST_STEP][PASSED] - tap(findTestObject("Object Repository/Mobile/Page/Register/Not Registered/Informasi Pribadi/Button - Edit Photo Rotate"), 0): Tapped on element 'Object Repository/Mobile/Page/Register/Not Registered/Informasi Pribadi/Button - Edit Photo Rotate'

2021-10-29 15:07:09 - [MESSAGE][WARNING] - Timeout '0' is invalid. Using default page load timeout: '60'

2021-10-29 15:07:10 - [MESSAGE][PASSED] - Tapped on element 'Object Repository/Mobile/Page/Register/Not Registered/Informasi Pribadi/Button - Edit Photo Rotate'

2021-10-29 15:07:10 - [TEST_STEP][PASSED] - tap(findTestObject("Object Repository/Mobile/Page/Register/Not Registered/Informasi Pribadi/Button - Edit Photo Rotate 90 degree"), 0): Tapped on element 'Object Repository/Mobile/Page/Register/Not Registered/Informasi Pribadi/Button - Edit Photo Rotate 90 degree'

2021-10-29 15:07:10 - [MESSAGE][WARNING] - Timeout '0' is invalid. Using default page load timeout: '60'

2021-10-29 15:07:11 - [MESSAGE][PASSED] - Tapped on element 'Object Repository/Mobile/Page/Register/Not Registered/Informasi Pribadi/Button - Edit Photo Rotate 90 degree'

2021-10-29 15:07:11 - [TEST_STEP][PASSED] - tap(findTestObject("Object Repository/Mobile/Page/Register/Not Registered/Informasi Pribadi/Button - Edit Photo Reset Rotation"), 0): Tapped on element 'Object Repository/Mobile/Page/Register/Not Registered/Informasi Pribadi/Button - Edit Photo Reset Rotation'

2021-10-29 15:07:11 - [MESSAGE][WARNING] - Timeout '0' is invalid. Using default page load timeout: '60'

2021-10-29 15:07:12 - [MESSAGE][PASSED] - Tapped on element 'Object Repository/Mobile/Page/Register/Not Registered/Informasi Pribadi/Button - Edit Photo Reset Rotation'

2021-10-29 15:07:12 - [TEST_STEP][PASSED] - scroll.scroll.scrollLeftToRight(findTestObject("Object Repository/Mobile/Page/Register/Not Registered/Informasi Pribadi/Slider - Edit Photo Rotate")): scroll.scroll.scrollLeftToRight is PASSED

2021-10-29 15:07:12 - [MESSAGE][WARNING] - Timeout '0' is invalid. Using default page load timeout: '60'

2021-10-29 15:07:12 - [MESSAGE][PASSED] - Object 'Object Repository/Mobile/Page/Register/Not Registered/Informasi Pribadi/Slider - Edit Photo Rotate' has left position '88'

2021-10-29 15:07:12 - [MESSAGE][WARNING] - Timeout '0' is invalid. Using default page load timeout: '60'

2021-10-29 15:07:12 - [MESSAGE][PASSED] - Object 'Object Repository/Mobile/Page/Register/Not Registered/Informasi Pribadi/Slider - Edit Photo Rotate' has top position '1,284'

2021-10-29 15:07:12 - [MESSAGE][WARNING] - Timeout '0' is invalid. Using default page load timeout: '60'

2021-10-29 15:07:12 - [MESSAGE][PASSED] - Object 'Object Repository/Mobile/Page/Register/Not Registered/Informasi Pribadi/Slider - Edit Photo Rotate' has width: '544'

2021-10-29 15:07:12 - [MESSAGE][WARNING] - Timeout '0' is invalid. Using default page load timeout: '60'

2021-10-29 15:07:13 - [MESSAGE][PASSED] - Object 'Object Repository/Mobile/Page/Register/Not Registered/Informasi Pribadi/Slider - Edit Photo Rotate' has height: '66'

2021-10-29 15:07:14 - [MESSAGE][PASSED] - Swiped from 196,1,317 to 523,1,317

2021-10-29 15:07:14 - [MESSAGE][PASSED] - scroll.scroll.scrollLeftToRight is PASSED

2021-10-29 15:07:14 - [TEST_STEP][PASSED] - tap(findTestObject("Object Repository/Mobile/Page/Register/Not Registered/Informasi Pribadi/Button - Edit Photo Confirm"), 0): Tapped on element 'Object Repository/Mobile/Page/Register/Not Registered/Informasi Pribadi/Button - Edit Photo Confirm'

2021-10-29 15:07:14 - [MESSAGE][WARNING] - Timeout '0' is invalid. Using default page load timeout: '60'

2021-10-29 15:07:16 - [MESSAGE][PASSED] - Tapped on element 'Object Repository/Mobile/Page/Register/Not Registered/Informasi Pribadi/Button - Edit Photo Confirm'

2021-10-29 15:07:16 - [TEST_STEP][PASSED] - delay(2): Delayed 2 second(s)

2021-10-29 15:07:18 - [MESSAGE][PASSED] - Delayed 2 second(s)

2021-10-29 15:07:18 - [TEST_STEP][PASSED] - hideKeyboard(): Keyboard is hidden

2021-10-29 15:07:25 - [MESSAGE][PASSED] - Keyboard is hidden

2021-10-29 15:07:25 - [TEST_STEP][PASSED] - delay(1): Delayed 1 second(s)

2021-10-29 15:07:26 - [MESSAGE][PASSED] - Delayed 1 second(s)

2021-10-29 15:07:26 - [TEST_STEP][PASSED] - scroll.scroll.scrollToBottomOpenKeyboard(): scroll.scroll.scrollToBottomOpenKeyboard is PASSED

2021-10-29 15:07:26 - [MESSAGE][PASSED] - Current device physical height is 1423

2021-10-29 15:07:26 - [MESSAGE][PASSED] - Current device physical width is 720

2021-10-29 15:07:27 - [MESSAGE][PASSED] - Swiped from 360,853 to 360,284

2021-10-29 15:07:27 - [MESSAGE][PASSED] - scroll.scroll.scrollToBottomOpenKeyboard is PASSED

2021-10-29 15:07:27 - [TEST_STEP][PASSED] - tap(findTestObject("Object Repository/Mobile/Page/Register/Not Registered/Informasi Pribadi/Button - Icon Face with KTP"), 0): Tapped on element 'Object Repository/Mobile/Page/Register/Not Registered/Informasi Pribadi/Button - Icon Face with KTP'

2021-10-29 15:07:27 - [MESSAGE][WARNING] - Timeout '0' is invalid. Using default page load timeout: '60'

2021-10-29 15:07:28 - [MESSAGE][PASSED] - Tapped on element 'Object Repository/Mobile/Page/Register/Not Registered/Informasi Pribadi/Button - Icon Face with KTP'

2021-10-29 15:07:28 - [TEST_STEP][PASSED] - permission = verifyElementExist(findTestObject("Object Repository/Mobile/Page/Register/Not Registered/Informasi Pribadi/Permission - Only this time"), 1, OPTIONAL): Element 'Object Repository/Mobile/Page/Register/Not Registered/Informasi Pribadi/Permission - Only this time' not found

2021-10-29 15:07:31 - [MESSAGE][WARNING] - Element 'Object Repository/Mobile/Page/Register/Not Registered/Informasi Pribadi/Permission - Only this time' not found
[[ATTACHMENT|C:\\Users\\Owner\\Documents\\kerjaan\\KatalonProject\\qa-katalon-maxfund\\Reports\\20211029_145503\\Register\\20211029_145503\\1635494849914.png]]

2021-10-29 15:07:31 - [TEST_STEP][PASSED] - if (permission): null

2021-10-29 15:07:31 - [TEST_STEP][PASSED] - permission = verifyElementExist(findTestObject("Object Repository/Mobile/Page/Register/Not Registered/Informasi Pribadi/Permission - Only this time"), 1, OPTIONAL): Element 'Object Repository/Mobile/Page/Register/Not Registered/Informasi Pribadi/Permission - Only this time' not found

2021-10-29 15:07:34 - [MESSAGE][WARNING] - Element 'Object Repository/Mobile/Page/Register/Not Registered/Informasi Pribadi/Permission - Only this time' not found
[[ATTACHMENT|C:\\Users\\Owner\\Documents\\kerjaan\\KatalonProject\\qa-katalon-maxfund\\Reports\\20211029_145503\\Register\\20211029_145503\\1635494852834.png]]

2021-10-29 15:07:34 - [TEST_STEP][PASSED] - if (permission): null

2021-10-29 15:07:34 - [TEST_STEP][PASSED] - tap(findTestObject("Object Repository/Mobile/Page/Register/Not Registered/Informasi Pribadi/Button - Capture Face with KTP"), 0): Tapped on element 'Object Repository/Mobile/Page/Register/Not Registered/Informasi Pribadi/Button - Capture Face with KTP'

2021-10-29 15:07:34 - [MESSAGE][WARNING] - Timeout '0' is invalid. Using default page load timeout: '60'

2021-10-29 15:07:36 - [MESSAGE][PASSED] - Tapped on element 'Object Repository/Mobile/Page/Register/Not Registered/Informasi Pribadi/Button - Capture Face with KTP'

2021-10-29 15:07:36 - [TEST_STEP][PASSED] - delay(2): Delayed 2 second(s)

2021-10-29 15:07:38 - [MESSAGE][PASSED] - Delayed 2 second(s)

2021-10-29 15:07:38 - [TEST_STEP][PASSED] - hideKeyboard(): Keyboard is hidden

2021-10-29 15:07:44 - [MESSAGE][PASSED] - Keyboard is hidden

2021-10-29 15:07:44 - [TEST_STEP][PASSED] - delay(1): Delayed 1 second(s)

2021-10-29 15:07:45 - [MESSAGE][PASSED] - Delayed 1 second(s)

2021-10-29 15:07:45 - [TEST_STEP][PASSED] - scroll.scroll.scrollToBottomOpenKeyboard(): scroll.scroll.scrollToBottomOpenKeyboard is PASSED

2021-10-29 15:07:46 - [MESSAGE][PASSED] - Current device physical height is 1423

2021-10-29 15:07:46 - [MESSAGE][PASSED] - Current device physical width is 720

2021-10-29 15:07:47 - [MESSAGE][PASSED] - Swiped from 360,853 to 360,284

2021-10-29 15:07:47 - [MESSAGE][PASSED] - scroll.scroll.scrollToBottomOpenKeyboard is PASSED

2021-10-29 15:07:47 - [TEST_STEP][PASSED] - tap(findTestObject("Object Repository/Mobile/Page/Register/Not Registered/Informasi Pribadi/Radio Button - Low Risk"), 0): Tapped on element 'Object Repository/Mobile/Page/Register/Not Registered/Informasi Pribadi/Radio Button - Low Risk'

2021-10-29 15:07:47 - [MESSAGE][WARNING] - Timeout '0' is invalid. Using default page load timeout: '60'

2021-10-29 15:07:48 - [MESSAGE][PASSED] - Tapped on element 'Object Repository/Mobile/Page/Register/Not Registered/Informasi Pribadi/Radio Button - Low Risk'

2021-10-29 15:07:48 - [TEST_STEP][PASSED] - delay(1): Delayed 1 second(s)

2021-10-29 15:07:49 - [MESSAGE][PASSED] - Delayed 1 second(s)

2021-10-29 15:07:49 - [TEST_STEP][PASSED] - tap(findTestObject("Object Repository/Mobile/Page/Register/Not Registered/Informasi Pribadi/Radio Button - Medium Risk"), 0): Tapped on element 'Object Repository/Mobile/Page/Register/Not Registered/Informasi Pribadi/Radio Button - Medium Risk'

2021-10-29 15:07:49 - [MESSAGE][WARNING] - Timeout '0' is invalid. Using default page load timeout: '60'

2021-10-29 15:07:50 - [MESSAGE][PASSED] - Tapped on element 'Object Repository/Mobile/Page/Register/Not Registered/Informasi Pribadi/Radio Button - Medium Risk'

2021-10-29 15:07:50 - [TEST_STEP][PASSED] - delay(1): Delayed 1 second(s)

2021-10-29 15:07:51 - [MESSAGE][PASSED] - Delayed 1 second(s)

2021-10-29 15:07:51 - [TEST_STEP][PASSED] - tap(findTestObject("Object Repository/Mobile/Page/Register/Not Registered/Informasi Pribadi/Radio Button - High Risk"), 0): Tapped on element 'Object Repository/Mobile/Page/Register/Not Registered/Informasi Pribadi/Radio Button - High Risk'

2021-10-29 15:07:51 - [MESSAGE][WARNING] - Timeout '0' is invalid. Using default page load timeout: '60'

2021-10-29 15:07:52 - [MESSAGE][PASSED] - Tapped on element 'Object Repository/Mobile/Page/Register/Not Registered/Informasi Pribadi/Radio Button - High Risk'

2021-10-29 15:07:52 - [TEST_STEP][PASSED] - delay(1): Delayed 1 second(s)

2021-10-29 15:07:53 - [MESSAGE][PASSED] - Delayed 1 second(s)

2021-10-29 15:07:53 - [TEST_STEP][PASSED] - tap(findTestObject("Object Repository/Mobile/Page/Register/Not Registered/Informasi Pribadi/Button - Next"), 0): Tapped on element 'Object Repository/Mobile/Page/Register/Not Registered/Informasi Pribadi/Button - Next'

2021-10-29 15:07:53 - [MESSAGE][WARNING] - Timeout '0' is invalid. Using default page load timeout: '60'

2021-10-29 15:07:54 - [MESSAGE][PASSED] - Tapped on element 'Object Repository/Mobile/Page/Register/Not Registered/Informasi Pribadi/Button - Next'

2021-10-29 15:07:54 - [TEST_STEP][PASSED] - delay(1): Delayed 1 second(s)

2021-10-29 15:07:55 - [MESSAGE][PASSED] - Delayed 1 second(s)

2021-10-29 15:07:55 - [TEST_STEP][PASSED] - tapAndHold(findTestObject("Mobile/Page/Register/Not Registered/Akun Bank/Dropdown - Bank"), 1, 0): Tapped and held on element 'Object Repository/Mobile/Page/Register/Not Registered/Akun Bank/Dropdown - Bank' with duration 1

2021-10-29 15:07:55 - [MESSAGE][WARNING] - Timeout '0' is invalid. Using default page load timeout: '60'

2021-10-29 15:07:58 - [MESSAGE][PASSED] - Tapped and held on element 'Object Repository/Mobile/Page/Register/Not Registered/Akun Bank/Dropdown - Bank' with duration 1

2021-10-29 15:07:58 - [TEST_STEP][PASSED] - tap(findTestObject("Mobile/Page/Register/Not Registered/Akun Bank/Edit Text - Search Bank"), 0): Tapped on element 'Object Repository/Mobile/Page/Register/Not Registered/Akun Bank/Edit Text - Search Bank'

2021-10-29 15:07:58 - [MESSAGE][WARNING] - Timeout '0' is invalid. Using default page load timeout: '60'

2021-10-29 15:07:58 - [MESSAGE][PASSED] - Tapped on element 'Object Repository/Mobile/Page/Register/Not Registered/Akun Bank/Edit Text - Search Bank'

2021-10-29 15:07:58 - [TEST_STEP][PASSED] - setText(findTestObject("Mobile/Page/Register/Not Registered/Akun Bank/Edit Text - Search Bank"), "citibank", 0): Text 'citibank' has been set to element 'Object Repository/Mobile/Page/Register/Not Registered/Akun Bank/Edit Text - Search Bank'

2021-10-29 15:07:58 - [MESSAGE][WARNING] - Timeout '0' is invalid. Using default page load timeout: '60'

2021-10-29 15:08:00 - [MESSAGE][PASSED] - Text 'citibank' has been set to element 'Object Repository/Mobile/Page/Register/Not Registered/Akun Bank/Edit Text - Search Bank'

2021-10-29 15:08:00 - [TEST_STEP][PASSED] - driver = getDriver(): null

2021-10-29 15:08:00 - [TEST_STEP][PASSED] - driver.pressKeyCode(ENTER): null

2021-10-29 15:08:00 - [TEST_STEP][PASSED] - tap(findTestObject("Object Repository/Mobile/Page/Register/Not Registered/Akun Bank/Item - Top Search Bank"), 0): Tapped on element 'Object Repository/Mobile/Page/Register/Not Registered/Akun Bank/Item - Top Search Bank'

2021-10-29 15:08:00 - [MESSAGE][WARNING] - Timeout '0' is invalid. Using default page load timeout: '60'

2021-10-29 15:08:02 - [MESSAGE][PASSED] - Tapped on element 'Object Repository/Mobile/Page/Register/Not Registered/Akun Bank/Item - Top Search Bank'

2021-10-29 15:08:02 - [TEST_STEP][PASSED] - delay(1): Delayed 1 second(s)

2021-10-29 15:08:03 - [MESSAGE][PASSED] - Delayed 1 second(s)

2021-10-29 15:08:03 - [TEST_STEP][PASSED] - tapAndHold(findTestObject("Mobile/Page/Register/Not Registered/Akun Bank/Dropdown - Country"), 1, 0): Tapped and held on element 'Object Repository/Mobile/Page/Register/Not Registered/Akun Bank/Dropdown - Country' with duration 1

2021-10-29 15:08:03 - [MESSAGE][WARNING] - Timeout '0' is invalid. Using default page load timeout: '60'

2021-10-29 15:08:05 - [MESSAGE][PASSED] - Tapped and held on element 'Object Repository/Mobile/Page/Register/Not Registered/Akun Bank/Dropdown - Country' with duration 1

2021-10-29 15:08:05 - [TEST_STEP][PASSED] - tap(findTestObject("Object Repository/Mobile/Page/Register/Not Registered/Akun Bank/Dropdown - Country Option Indonesia"), 0): Tapped on element 'Object Repository/Mobile/Page/Register/Not Registered/Akun Bank/Dropdown - Country Option Indonesia'

2021-10-29 15:08:05 - [MESSAGE][WARNING] - Timeout '0' is invalid. Using default page load timeout: '60'

2021-10-29 15:08:07 - [MESSAGE][PASSED] - Tapped on element 'Object Repository/Mobile/Page/Register/Not Registered/Akun Bank/Dropdown - Country Option Indonesia'

2021-10-29 15:08:07 - [TEST_STEP][PASSED] - delay(1): Delayed 1 second(s)

2021-10-29 15:08:08 - [MESSAGE][PASSED] - Delayed 1 second(s)

2021-10-29 15:08:08 - [TEST_STEP][PASSED] - tap(findTestObject("Object Repository/Mobile/Page/Register/Not Registered/Akun Bank/Edit Text - Branch"), 0): Tapped on element 'Object Repository/Mobile/Page/Register/Not Registered/Akun Bank/Edit Text - Branch'

2021-10-29 15:08:08 - [MESSAGE][WARNING] - Timeout '0' is invalid. Using default page load timeout: '60'

2021-10-29 15:08:08 - [MESSAGE][PASSED] - Tapped on element 'Object Repository/Mobile/Page/Register/Not Registered/Akun Bank/Edit Text - Branch'

2021-10-29 15:08:08 - [TEST_STEP][PASSED] - setText(findTestObject("Object Repository/Mobile/Page/Register/Not Registered/Akun Bank/Edit Text - Branch"), branch, 0): Text 'qa cabang' has been set to element 'Object Repository/Mobile/Page/Register/Not Registered/Akun Bank/Edit Text - Branch'

2021-10-29 15:08:08 - [MESSAGE][WARNING] - Timeout '0' is invalid. Using default page load timeout: '60'

2021-10-29 15:08:09 - [MESSAGE][PASSED] - Text 'qa cabang' has been set to element 'Object Repository/Mobile/Page/Register/Not Registered/Akun Bank/Edit Text - Branch'

2021-10-29 15:08:09 - [TEST_STEP][PASSED] - hideKeyboard(): Keyboard is hidden

2021-10-29 15:08:13 - [MESSAGE][PASSED] - Keyboard is hidden

2021-10-29 15:08:13 - [TEST_STEP][PASSED] - delay(1): Delayed 1 second(s)

2021-10-29 15:08:14 - [MESSAGE][PASSED] - Delayed 1 second(s)

2021-10-29 15:08:14 - [TEST_STEP][PASSED] - tap(findTestObject("Object Repository/Mobile/Page/Register/Not Registered/Akun Bank/Edit Text - Account Number"), 0): Tapped on element 'Object Repository/Mobile/Page/Register/Not Registered/Akun Bank/Edit Text - Account Number'

2021-10-29 15:08:14 - [MESSAGE][WARNING] - Timeout '0' is invalid. Using default page load timeout: '60'

2021-10-29 15:08:14 - [MESSAGE][PASSED] - Tapped on element 'Object Repository/Mobile/Page/Register/Not Registered/Akun Bank/Edit Text - Account Number'

2021-10-29 15:08:14 - [TEST_STEP][PASSED] - setText(findTestObject("Object Repository/Mobile/Page/Register/Not Registered/Akun Bank/Edit Text - Account Number"), accountnumber, 0): Text '222444222444' has been set to element 'Object Repository/Mobile/Page/Register/Not Registered/Akun Bank/Edit Text - Account Number'

2021-10-29 15:08:14 - [MESSAGE][WARNING] - Timeout '0' is invalid. Using default page load timeout: '60'

2021-10-29 15:08:16 - [MESSAGE][PASSED] - Text '222444222444' has been set to element 'Object Repository/Mobile/Page/Register/Not Registered/Akun Bank/Edit Text - Account Number'

2021-10-29 15:08:16 - [TEST_STEP][PASSED] - hideKeyboard(): Keyboard is hidden

2021-10-29 15:08:22 - [MESSAGE][PASSED] - Keyboard is hidden

2021-10-29 15:08:22 - [TEST_STEP][PASSED] - delay(1): Delayed 1 second(s)

2021-10-29 15:08:23 - [MESSAGE][PASSED] - Delayed 1 second(s)

2021-10-29 15:08:23 - [TEST_STEP][PASSED] - if (negativeStatus == "ownerNameNotMatch"): null

2021-10-29 15:08:23 - [TEST_STEP][PASSED] - else: Delayed 1 second(s)

2021-10-29 15:08:23 - [TEST_STEP][PASSED] - tap(findTestObject("Object Repository/Mobile/Page/Register/Not Registered/Akun Bank/Edit Text - Name Owner"), 0): Tapped on element 'Object Repository/Mobile/Page/Register/Not Registered/Akun Bank/Edit Text - Name Owner'

2021-10-29 15:08:23 - [MESSAGE][WARNING] - Timeout '0' is invalid. Using default page load timeout: '60'

2021-10-29 15:08:23 - [MESSAGE][PASSED] - Tapped on element 'Object Repository/Mobile/Page/Register/Not Registered/Akun Bank/Edit Text - Name Owner'

2021-10-29 15:08:23 - [TEST_STEP][PASSED] - setText(findTestObject("Object Repository/Mobile/Page/Register/Not Registered/Akun Bank/Edit Text - Name Owner"), nameowner, 0): Text 'QATESTMdgvowYxJcYSgUA' has been set to element 'Object Repository/Mobile/Page/Register/Not Registered/Akun Bank/Edit Text - Name Owner'

2021-10-29 15:08:23 - [MESSAGE][WARNING] - Timeout '0' is invalid. Using default page load timeout: '60'

2021-10-29 15:08:25 - [MESSAGE][PASSED] - Text 'QATESTMdgvowYxJcYSgUA' has been set to element 'Object Repository/Mobile/Page/Register/Not Registered/Akun Bank/Edit Text - Name Owner'

2021-10-29 15:08:25 - [TEST_STEP][PASSED] - hideKeyboard(): Keyboard is hidden

2021-10-29 15:08:28 - [MESSAGE][PASSED] - Keyboard is hidden

2021-10-29 15:08:28 - [TEST_STEP][PASSED] - delay(1): Delayed 1 second(s)

2021-10-29 15:08:29 - [MESSAGE][PASSED] - Delayed 1 second(s)

2021-10-29 15:08:29 - [TEST_STEP][PASSED] - tap(findTestObject("Object Repository/Mobile/Page/Register/Not Registered/Akun Bank/Button - Next"), 0): Tapped on element 'Object Repository/Mobile/Page/Register/Not Registered/Akun Bank/Button - Next'

2021-10-29 15:08:29 - [MESSAGE][WARNING] - Timeout '0' is invalid. Using default page load timeout: '60'

2021-10-29 15:08:30 - [MESSAGE][PASSED] - Tapped on element 'Object Repository/Mobile/Page/Register/Not Registered/Akun Bank/Button - Next'

2021-10-29 15:08:30 - [TEST_STEP][PASSED] - delay(1): Delayed 1 second(s)

2021-10-29 15:08:31 - [MESSAGE][PASSED] - Delayed 1 second(s)

2021-10-29 15:08:31 - [TEST_STEP][PASSED] - if (isUseReferralCode == 1): Delayed 1 second(s)

2021-10-29 15:08:31 - [TEST_STEP][PASSED] - tap(findTestObject("Object Repository/Mobile/Page/Register/Not Registered/Konfirmasi/Edit Text - Referral Code"), 0): Tapped on element 'Object Repository/Mobile/Page/Register/Not Registered/Konfirmasi/Edit Text - Referral Code'

2021-10-29 15:08:31 - [MESSAGE][WARNING] - Timeout '0' is invalid. Using default page load timeout: '60'

2021-10-29 15:08:32 - [MESSAGE][PASSED] - Tapped on element 'Object Repository/Mobile/Page/Register/Not Registered/Konfirmasi/Edit Text - Referral Code'

2021-10-29 15:08:32 - [TEST_STEP][PASSED] - setText(findTestObject("Object Repository/Mobile/Page/Register/Not Registered/Konfirmasi/Edit Text - Referral Code"), referralcode, 0): Text '15412' has been set to element 'Object Repository/Mobile/Page/Register/Not Registered/Konfirmasi/Edit Text - Referral Code'

2021-10-29 15:08:32 - [MESSAGE][WARNING] - Timeout '0' is invalid. Using default page load timeout: '60'

2021-10-29 15:08:33 - [MESSAGE][PASSED] - Text '15412' has been set to element 'Object Repository/Mobile/Page/Register/Not Registered/Konfirmasi/Edit Text - Referral Code'

2021-10-29 15:08:33 - [TEST_STEP][PASSED] - hideKeyboard(): Keyboard is hidden

2021-10-29 15:08:37 - [MESSAGE][PASSED] - Keyboard is hidden

2021-10-29 15:08:37 - [TEST_STEP][PASSED] - delay(1): Delayed 1 second(s)

2021-10-29 15:08:38 - [MESSAGE][PASSED] - Delayed 1 second(s)

2021-10-29 15:08:38 - [TEST_STEP][PASSED] - if (negativeStatus == "noSignature"): null

2021-10-29 15:08:38 - [TEST_STEP][PASSED] - else: Delayed 1 second(s)

2021-10-29 15:08:38 - [TEST_STEP][PASSED] - scroll.scroll.scrollRightToLeft(findTestObject("Mobile/Page/Register/Not Registered/Konfirmasi/Field - Signature")): scroll.scroll.scrollRightToLeft is PASSED

2021-10-29 15:08:38 - [MESSAGE][WARNING] - Timeout '0' is invalid. Using default page load timeout: '60'

2021-10-29 15:08:38 - [MESSAGE][PASSED] - Object 'Object Repository/Mobile/Page/Register/Not Registered/Konfirmasi/Field - Signature' has left position '31'

2021-10-29 15:08:38 - [MESSAGE][WARNING] - Timeout '0' is invalid. Using default page load timeout: '60'

2021-10-29 15:08:38 - [MESSAGE][PASSED] - Object 'Object Repository/Mobile/Page/Register/Not Registered/Konfirmasi/Field - Signature' has top position '612'

2021-10-29 15:08:38 - [MESSAGE][WARNING] - Timeout '0' is invalid. Using default page load timeout: '60'

2021-10-29 15:08:38 - [MESSAGE][PASSED] - Object 'Object Repository/Mobile/Page/Register/Not Registered/Konfirmasi/Field - Signature' has width: '658'

2021-10-29 15:08:38 - [MESSAGE][WARNING] - Timeout '0' is invalid. Using default page load timeout: '60'

2021-10-29 15:08:38 - [MESSAGE][PASSED] - Object 'Object Repository/Mobile/Page/Register/Not Registered/Konfirmasi/Field - Signature' has height: '384'

2021-10-29 15:08:39 - [MESSAGE][PASSED] - Swiped from 557,804 to 162,804

2021-10-29 15:08:39 - [MESSAGE][PASSED] - scroll.scroll.scrollRightToLeft is PASSED

2021-10-29 15:08:39 - [TEST_STEP][PASSED] - delay(1): Delayed 1 second(s)

2021-10-29 15:08:40 - [MESSAGE][PASSED] - Delayed 1 second(s)

2021-10-29 15:08:40 - [TEST_STEP][PASSED] - tap(findTestObject("Mobile/Page/Register/Not Registered/Konfirmasi/Checkbox - Agreement"), 0): Tapped on element 'Object Repository/Mobile/Page/Register/Not Registered/Konfirmasi/Checkbox - Agreement'

2021-10-29 15:08:40 - [MESSAGE][WARNING] - Timeout '0' is invalid. Using default page load timeout: '60'

2021-10-29 15:08:41 - [MESSAGE][PASSED] - Tapped on element 'Object Repository/Mobile/Page/Register/Not Registered/Konfirmasi/Checkbox - Agreement'

2021-10-29 15:08:41 - [TEST_STEP][PASSED] - delay(1): Delayed 1 second(s)

2021-10-29 15:08:42 - [MESSAGE][PASSED] - Delayed 1 second(s)

2021-10-29 15:08:42 - [TEST_STEP][PASSED] - pressBack(): Press back button successfully

2021-10-29 15:08:42 - [MESSAGE][PASSED] - Press back button successfully

2021-10-29 15:08:42 - [TEST_STEP][PASSED] - delay(1): Delayed 1 second(s)

2021-10-29 15:08:43 - [MESSAGE][PASSED] - Delayed 1 second(s)

2021-10-29 15:08:43 - [TEST_STEP][PASSED] - hideKeyboard(): Keyboard is hidden

2021-10-29 15:08:46 - [MESSAGE][PASSED] - Keyboard is hidden

2021-10-29 15:08:46 - [TEST_STEP][PASSED] - tap(findTestObject("Object Repository/Mobile/Page/Register/Not Registered/Konfirmasi/Button - Next"), 0): Tapped on element 'Object Repository/Mobile/Page/Register/Not Registered/Konfirmasi/Button - Next'

2021-10-29 15:08:46 - [MESSAGE][WARNING] - Timeout '0' is invalid. Using default page load timeout: '60'

2021-10-29 15:08:47 - [MESSAGE][PASSED] - Tapped on element 'Object Repository/Mobile/Page/Register/Not Registered/Konfirmasi/Button - Next'

2021-10-29 15:08:47 - [TEST_STEP][PASSED] - delay(5): Delayed 5 second(s)

2021-10-29 15:08:52 - [MESSAGE][PASSED] - Delayed 5 second(s)

2021-10-29 15:08:52 - [TEST_STEP][PASSED] - tap(findTestObject("Object Repository/Mobile/Page/Register/Not Registered/Konfirmasi/Button - Back to Home"), 0): Tapped on element 'Object Repository/Mobile/Page/Register/Not Registered/Konfirmasi/Button - Back to Home'

2021-10-29 15:08:52 - [MESSAGE][WARNING] - Timeout '0' is invalid. Using default page load timeout: '60'

2021-10-29 15:08:54 - [MESSAGE][PASSED] - Tapped on element 'Object Repository/Mobile/Page/Register/Not Registered/Konfirmasi/Button - Back to Home'

2021-10-29 15:08:54 - [TEST_STEP][PASSED] - delay(1): Delayed 1 second(s)

2021-10-29 15:08:55 - [MESSAGE][PASSED] - Delayed 1 second(s)

2021-10-29 15:08:55 - [MESSAGE][PASSED] - Call Test Case 'Test Cases/Mobile/Page/Register/Register' successfully

2021-10-29 15:08:55 - [TEST_STEP][PASSED] - callTestCase(findTestCase("Mobile/Page/Run App/Terminate App"), [:], STOP_ON_FAILURE): Call Test Case 'Test Cases/Mobile/Page/Run App/Terminate App' successfully

2021-10-29 15:08:55 - [TEST_CASE][PASSED] - Test Cases/Mobile/Page/Run App/Terminate App: Test Cases/Mobile/Page/Run App/Terminate App

2021-10-29 15:08:55 - [TEST_STEP][PASSED] - startApp.OpenApp.terminateApplication(): startApp.OpenApp.terminateApplication is PASSED

2021-10-29 15:08:58 - [MESSAGE][PASSED] - Delayed 3 second(s)

2021-10-29 15:08:58 - [MESSAGE][PASSED] - Current device physical width is 720

2021-10-29 15:08:58 - [MESSAGE][PASSED] - Current device physical height is 1423

2021-10-29 15:09:00 - [MESSAGE][PASSED] - Swiped from 360,853 to 360,142

2021-10-29 15:09:01 - [MESSAGE][PASSED] - Delayed 1 second(s)

2021-10-29 15:09:02 - [MESSAGE][PASSED] - Swiped from 360,853 to 360,142

2021-10-29 15:09:05 - [MESSAGE][PASSED] - Delayed 3 second(s)

2021-10-29 15:09:05 - [MESSAGE][PASSED] - startApp.OpenApp.terminateApplication is PASSED

2021-10-29 15:09:05 - [MESSAGE][PASSED] - Call Test Case 'Test Cases/Mobile/Page/Run App/Terminate App' successfully]]></system-out>
         <system-err><![CDATA[]]></system-err>
      </testcase>
      <testcase name="Test Cases/Mobile/Scenario/Register/005 - Registrasi akun baru dengan alamat berbeda dengan KTP menggunakan Refferal Code" time="267.313" classname="Test Cases/Mobile/Scenario/Register/005 - Registrasi akun baru dengan alamat berbeda dengan KTP menggunakan Refferal Code" status="PASSED">
         <system-out><![CDATA[2021-10-29 15:09:05 - [TEST_CASE][PASSED] - Test Cases/Mobile/Scenario/Register/005 - Registrasi akun baru dengan alamat berbeda dengan KTP menggunakan Refferal Code: Test Cases/Mobile/Scenario/Register/005 - Registrasi akun baru dengan alamat berbeda dengan KTP menggunakan Refferal Code

2021-10-29 15:09:05 - [TEST_STEP][PASSED] - callTestCase(findTestCase("Mobile/Page/Run App/Run App byID"), [:], STOP_ON_FAILURE): Call Test Case 'Test Cases/Mobile/Page/Run App/Run App byID' successfully

2021-10-29 15:09:05 - [TEST_CASE][PASSED] - Test Cases/Mobile/Page/Run App/Run App byID: Test Cases/Mobile/Page/Run App/Run App byID

2021-10-29 15:09:05 - [TEST_STEP][PASSED] - startApp.OpenApp.startApplication("com.mirae.maxfund"): startApp.OpenApp.startApplication is PASSED

2021-10-29 15:09:18 - [MESSAGE][PASSED] - Starting app with application ID: 'com.mirae.maxfund'

2021-10-29 15:09:18 - [MESSAGE][PASSED] - startApp.OpenApp.startApplication is PASSED

2021-10-29 15:09:18 - [MESSAGE][PASSED] - Call Test Case 'Test Cases/Mobile/Page/Run App/Run App byID' successfully

2021-10-29 15:09:18 - [TEST_STEP][PASSED] - callTestCase(findTestCase("Mobile/Page/Register/Register"), ["isFromLoginPage":0, "isRegistered":0, "isBedaAlamat":1, "isUseReferralCode":1, "negativeStatus":"none"], STOP_ON_FAILURE): Call Test Case 'Test Cases/Mobile/Page/Register/Register' successfully

2021-10-29 15:09:18 - [TEST_CASE][PASSED] - Test Cases/Mobile/Page/Register/Register: Test Cases/Mobile/Page/Register/Register

2021-10-29 15:09:18 - [TEST_STEP][PASSED] - delay(5): Delayed 5 second(s)

2021-10-29 15:09:23 - [MESSAGE][PASSED] - Delayed 5 second(s)

2021-10-29 15:09:23 - [TEST_STEP][PASSED] - if (isFromLoginPage == 1): null

2021-10-29 15:09:23 - [TEST_STEP][PASSED] - else: Tapped on element 'Object Repository/Mobile/Page/Dashboard/Button - Register'

2021-10-29 15:09:23 - [TEST_STEP][PASSED] - tap(findTestObject("Object Repository/Mobile/Page/Dashboard/Button - Register"), 0): Tapped on element 'Object Repository/Mobile/Page/Dashboard/Button - Register'

2021-10-29 15:09:23 - [MESSAGE][WARNING] - Timeout '0' is invalid. Using default page load timeout: '60'

2021-10-29 15:09:26 - [MESSAGE][PASSED] - Tapped on element 'Object Repository/Mobile/Page/Dashboard/Button - Register'

2021-10-29 15:09:26 - [TEST_STEP][PASSED] - delay(3): Delayed 3 second(s)

2021-10-29 15:09:29 - [MESSAGE][PASSED] - Delayed 3 second(s)

2021-10-29 15:09:29 - [TEST_STEP][PASSED] - if (isRegistered == 1): null

2021-10-29 15:09:29 - [TEST_STEP][PASSED] - else: null

2021-10-29 15:09:29 - [TEST_STEP][PASSED] - RegisterMethod.notRegistered(negativeStatus, isBedaAlamat, isUseReferralCode): null

2021-10-29 15:09:29 - [TEST_STEP][PASSED] - fullname = "QATEST" + acak.acak.randomStringWord(): acak.acak.randomStringWord is PASSED

2021-10-29 15:09:29 - [MESSAGE][PASSED] - acak.acak.randomStringWord is PASSED

2021-10-29 15:09:29 - [TEST_STEP][PASSED] - birthdate = "1/1/1998": null

2021-10-29 15:09:29 - [TEST_STEP][PASSED] - phone = "082" + acak.acak.randomStringNumber(9): acak.acak.randomStringNumber is PASSED

2021-10-29 15:09:29 - [MESSAGE][PASSED] - acak.acak.randomStringNumber is PASSED

2021-10-29 15:09:29 - [TEST_STEP][PASSED] - email = fullname + "@gmail.com": null

2021-10-29 15:09:29 - [TEST_STEP][PASSED] - password = "Mirae1234": null

2021-10-29 15:09:29 - [TEST_STEP][PASSED] - branch = "qa cabang": null

2021-10-29 15:09:29 - [TEST_STEP][PASSED] - accountnumber = "222444222444": null

2021-10-29 15:09:29 - [TEST_STEP][PASSED] - nameowner = fullname: null

2021-10-29 15:09:29 - [TEST_STEP][PASSED] - alamat = "Jl. Cempaka Putih Barat 12 F No.12, RT.8/RW.8": null

2021-10-29 15:09:29 - [TEST_STEP][PASSED] - kodepos = "15412": null

2021-10-29 15:09:29 - [TEST_STEP][PASSED] - referralcode = "15412": null

2021-10-29 15:09:29 - [TEST_STEP][PASSED] - flag = "indonesia": null

2021-10-29 15:09:29 - [TEST_STEP][PASSED] - bank = "citibank": null

2021-10-29 15:09:29 - [TEST_STEP][PASSED] - tap(findTestObject("Object Repository/Mobile/Page/Register/Radio Button - Not registered yet"), 0): Tapped on element 'Object Repository/Mobile/Page/Register/Radio Button - Not registered yet'

2021-10-29 15:09:29 - [MESSAGE][WARNING] - Timeout '0' is invalid. Using default page load timeout: '60'

2021-10-29 15:09:30 - [MESSAGE][PASSED] - Tapped on element 'Object Repository/Mobile/Page/Register/Radio Button - Not registered yet'

2021-10-29 15:09:30 - [TEST_STEP][PASSED] - delay(3): Delayed 3 second(s)

2021-10-29 15:09:33 - [MESSAGE][PASSED] - Delayed 3 second(s)

2021-10-29 15:09:33 - [TEST_STEP][PASSED] - tap(findTestObject("Object Repository/Mobile/Page/Register/Not Registered/Button - Next"), 0): Tapped on element 'Object Repository/Mobile/Page/Register/Not Registered/Button - Next'

2021-10-29 15:09:33 - [MESSAGE][WARNING] - Timeout '0' is invalid. Using default page load timeout: '60'

2021-10-29 15:09:34 - [MESSAGE][PASSED] - Tapped on element 'Object Repository/Mobile/Page/Register/Not Registered/Button - Next'

2021-10-29 15:09:34 - [TEST_STEP][PASSED] - delay(1): Delayed 1 second(s)

2021-10-29 15:09:35 - [MESSAGE][PASSED] - Delayed 1 second(s)

2021-10-29 15:09:35 - [TEST_STEP][PASSED] - tap(findTestObject("Object Repository/Mobile/Page/Register/Not Registered/Informasi Pribadi/Edit Text - Fullname"), 0): Tapped on element 'Object Repository/Mobile/Page/Register/Not Registered/Informasi Pribadi/Edit Text - Fullname'

2021-10-29 15:09:35 - [MESSAGE][WARNING] - Timeout '0' is invalid. Using default page load timeout: '60'

2021-10-29 15:09:35 - [MESSAGE][PASSED] - Tapped on element 'Object Repository/Mobile/Page/Register/Not Registered/Informasi Pribadi/Edit Text - Fullname'

2021-10-29 15:09:35 - [TEST_STEP][PASSED] - setText(findTestObject("Object Repository/Mobile/Page/Register/Not Registered/Informasi Pribadi/Edit Text - Fullname"), fullname, 0): Text 'QATESTReNjAiOBMgpzxll' has been set to element 'Object Repository/Mobile/Page/Register/Not Registered/Informasi Pribadi/Edit Text - Fullname'

2021-10-29 15:09:35 - [MESSAGE][WARNING] - Timeout '0' is invalid. Using default page load timeout: '60'

2021-10-29 15:09:37 - [MESSAGE][PASSED] - Text 'QATESTReNjAiOBMgpzxll' has been set to element 'Object Repository/Mobile/Page/Register/Not Registered/Informasi Pribadi/Edit Text - Fullname'

2021-10-29 15:09:37 - [TEST_STEP][PASSED] - hideKeyboard(): Keyboard is hidden

2021-10-29 15:09:42 - [MESSAGE][PASSED] - Keyboard is hidden

2021-10-29 15:09:42 - [TEST_STEP][PASSED] - delay(1): Delayed 1 second(s)

2021-10-29 15:09:43 - [MESSAGE][PASSED] - Delayed 1 second(s)

2021-10-29 15:09:43 - [TEST_STEP][PASSED] - tap(findTestObject("Object Repository/Mobile/Page/Register/Not Registered/Informasi Pribadi/Date Picker - Date of Birth"), 0): Tapped on element 'Object Repository/Mobile/Page/Register/Not Registered/Informasi Pribadi/Date Picker - Date of Birth'

2021-10-29 15:09:43 - [MESSAGE][WARNING] - Timeout '0' is invalid. Using default page load timeout: '60'

2021-10-29 15:09:44 - [MESSAGE][PASSED] - Tapped on element 'Object Repository/Mobile/Page/Register/Not Registered/Informasi Pribadi/Date Picker - Date of Birth'

2021-10-29 15:09:44 - [TEST_STEP][PASSED] - tap(findTestObject("Object Repository/Mobile/Page/Register/Not Registered/Informasi Pribadi/Date Picker - Icon Edit"), 0): Tapped on element 'Object Repository/Mobile/Page/Register/Not Registered/Informasi Pribadi/Date Picker - Icon Edit'

2021-10-29 15:09:44 - [MESSAGE][WARNING] - Timeout '0' is invalid. Using default page load timeout: '60'

2021-10-29 15:09:46 - [MESSAGE][PASSED] - Tapped on element 'Object Repository/Mobile/Page/Register/Not Registered/Informasi Pribadi/Date Picker - Icon Edit'

2021-10-29 15:09:46 - [TEST_STEP][PASSED] - if (negativeStatus == "less17YearsOld"): null

2021-10-29 15:09:46 - [TEST_STEP][PASSED] - else: Delayed 1 second(s)

2021-10-29 15:09:46 - [TEST_STEP][PASSED] - setText(findTestObject("Mobile/Page/Register/Not Registered/Informasi Pribadi/Date Picker - Edit Text Date"), birthdate, 0): Text '1/1/1998' has been set to element 'Object Repository/Mobile/Page/Register/Not Registered/Informasi Pribadi/Date Picker - Edit Text Date'

2021-10-29 15:09:46 - [MESSAGE][WARNING] - Timeout '0' is invalid. Using default page load timeout: '60'

2021-10-29 15:09:47 - [MESSAGE][PASSED] - Text '1/1/1998' has been set to element 'Object Repository/Mobile/Page/Register/Not Registered/Informasi Pribadi/Date Picker - Edit Text Date'

2021-10-29 15:09:47 - [TEST_STEP][PASSED] - tap(findTestObject("Mobile/Page/Register/Not Registered/Informasi Pribadi/Date Picker - Button OK"), 0): Tapped on element 'Object Repository/Mobile/Page/Register/Not Registered/Informasi Pribadi/Date Picker - Button OK'

2021-10-29 15:09:47 - [MESSAGE][WARNING] - Timeout '0' is invalid. Using default page load timeout: '60'

2021-10-29 15:09:48 - [MESSAGE][PASSED] - Tapped on element 'Object Repository/Mobile/Page/Register/Not Registered/Informasi Pribadi/Date Picker - Button OK'

2021-10-29 15:09:48 - [TEST_STEP][PASSED] - delay(1): Delayed 1 second(s)

2021-10-29 15:09:49 - [MESSAGE][PASSED] - Delayed 1 second(s)

2021-10-29 15:09:49 - [TEST_STEP][PASSED] - tap(findTestObject("Object Repository/Mobile/Page/Register/Not Registered/Informasi Pribadi/Dropdown - Flag Phone Number"), 0): Tapped on element 'Object Repository/Mobile/Page/Register/Not Registered/Informasi Pribadi/Dropdown - Flag Phone Number'

2021-10-29 15:09:50 - [MESSAGE][WARNING] - Timeout '0' is invalid. Using default page load timeout: '60'

2021-10-29 15:09:51 - [MESSAGE][PASSED] - Tapped on element 'Object Repository/Mobile/Page/Register/Not Registered/Informasi Pribadi/Dropdown - Flag Phone Number'

2021-10-29 15:09:51 - [TEST_STEP][PASSED] - tap(findTestObject("Object Repository/Mobile/Page/Register/Not Registered/Informasi Pribadi/Edit Text - Search Flag"), 0): Tapped on element 'Object Repository/Mobile/Page/Register/Not Registered/Informasi Pribadi/Edit Text - Search Flag'

2021-10-29 15:09:51 - [MESSAGE][WARNING] - Timeout '0' is invalid. Using default page load timeout: '60'

2021-10-29 15:09:51 - [MESSAGE][PASSED] - Tapped on element 'Object Repository/Mobile/Page/Register/Not Registered/Informasi Pribadi/Edit Text - Search Flag'

2021-10-29 15:09:51 - [TEST_STEP][PASSED] - setText(findTestObject("Object Repository/Mobile/Page/Register/Not Registered/Informasi Pribadi/Edit Text - Search Flag"), flag, 0): Text 'indonesia' has been set to element 'Object Repository/Mobile/Page/Register/Not Registered/Informasi Pribadi/Edit Text - Search Flag'

2021-10-29 15:09:51 - [MESSAGE][WARNING] - Timeout '0' is invalid. Using default page load timeout: '60'

2021-10-29 15:09:53 - [MESSAGE][PASSED] - Text 'indonesia' has been set to element 'Object Repository/Mobile/Page/Register/Not Registered/Informasi Pribadi/Edit Text - Search Flag'

2021-10-29 15:09:53 - [TEST_STEP][PASSED] - tap(findTestObject("Mobile/Page/Register/Not Registered/Informasi Pribadi/Item Flag - Top Search"), 0): Tapped on element 'Object Repository/Mobile/Page/Register/Not Registered/Informasi Pribadi/Item Flag - Top Search'

2021-10-29 15:09:53 - [MESSAGE][WARNING] - Timeout '0' is invalid. Using default page load timeout: '60'

2021-10-29 15:09:55 - [MESSAGE][PASSED] - Tapped on element 'Object Repository/Mobile/Page/Register/Not Registered/Informasi Pribadi/Item Flag - Top Search'

2021-10-29 15:09:55 - [TEST_STEP][PASSED] - tap(findTestObject("Object Repository/Mobile/Page/Register/Not Registered/Informasi Pribadi/Edit Text - Phone Number"), 0): Tapped on element 'Object Repository/Mobile/Page/Register/Not Registered/Informasi Pribadi/Edit Text - Phone Number'

2021-10-29 15:09:55 - [MESSAGE][WARNING] - Timeout '0' is invalid. Using default page load timeout: '60'

2021-10-29 15:09:55 - [MESSAGE][PASSED] - Tapped on element 'Object Repository/Mobile/Page/Register/Not Registered/Informasi Pribadi/Edit Text - Phone Number'

2021-10-29 15:09:55 - [TEST_STEP][PASSED] - setText(findTestObject("Object Repository/Mobile/Page/Register/Not Registered/Informasi Pribadi/Edit Text - Phone Number"), phone, 0): Text '082671829468' has been set to element 'Object Repository/Mobile/Page/Register/Not Registered/Informasi Pribadi/Edit Text - Phone Number'

2021-10-29 15:09:55 - [MESSAGE][WARNING] - Timeout '0' is invalid. Using default page load timeout: '60'

2021-10-29 15:09:57 - [MESSAGE][PASSED] - Text '082671829468' has been set to element 'Object Repository/Mobile/Page/Register/Not Registered/Informasi Pribadi/Edit Text - Phone Number'

2021-10-29 15:09:57 - [TEST_STEP][PASSED] - hideKeyboard(): Keyboard is hidden

2021-10-29 15:10:03 - [MESSAGE][PASSED] - Keyboard is hidden

2021-10-29 15:10:03 - [TEST_STEP][PASSED] - delay(1): Delayed 1 second(s)

2021-10-29 15:10:04 - [MESSAGE][PASSED] - Delayed 1 second(s)

2021-10-29 15:10:04 - [TEST_STEP][PASSED] - tap(findTestObject("Object Repository/Mobile/Page/Register/Not Registered/Informasi Pribadi/Dropdown - Flag Re Phone Number"), 0): Tapped on element 'Object Repository/Mobile/Page/Register/Not Registered/Informasi Pribadi/Dropdown - Flag Re Phone Number'

2021-10-29 15:10:04 - [MESSAGE][WARNING] - Timeout '0' is invalid. Using default page load timeout: '60'

2021-10-29 15:10:04 - [MESSAGE][PASSED] - Tapped on element 'Object Repository/Mobile/Page/Register/Not Registered/Informasi Pribadi/Dropdown - Flag Re Phone Number'

2021-10-29 15:10:04 - [TEST_STEP][PASSED] - tap(findTestObject("Object Repository/Mobile/Page/Register/Not Registered/Informasi Pribadi/Edit Text - Search Flag"), 0): Tapped on element 'Object Repository/Mobile/Page/Register/Not Registered/Informasi Pribadi/Edit Text - Search Flag'

2021-10-29 15:10:04 - [MESSAGE][WARNING] - Timeout '0' is invalid. Using default page load timeout: '60'

2021-10-29 15:10:05 - [MESSAGE][PASSED] - Tapped on element 'Object Repository/Mobile/Page/Register/Not Registered/Informasi Pribadi/Edit Text - Search Flag'

2021-10-29 15:10:05 - [TEST_STEP][PASSED] - setText(findTestObject("Object Repository/Mobile/Page/Register/Not Registered/Informasi Pribadi/Edit Text - Search Flag"), flag, 0): Text 'indonesia' has been set to element 'Object Repository/Mobile/Page/Register/Not Registered/Informasi Pribadi/Edit Text - Search Flag'

2021-10-29 15:10:05 - [MESSAGE][WARNING] - Timeout '0' is invalid. Using default page load timeout: '60'

2021-10-29 15:10:07 - [MESSAGE][PASSED] - Text 'indonesia' has been set to element 'Object Repository/Mobile/Page/Register/Not Registered/Informasi Pribadi/Edit Text - Search Flag'

2021-10-29 15:10:07 - [TEST_STEP][PASSED] - tap(findTestObject("Mobile/Page/Register/Not Registered/Informasi Pribadi/Item Flag - Top Search"), 0): Tapped on element 'Object Repository/Mobile/Page/Register/Not Registered/Informasi Pribadi/Item Flag - Top Search'

2021-10-29 15:10:07 - [MESSAGE][WARNING] - Timeout '0' is invalid. Using default page load timeout: '60'

2021-10-29 15:10:09 - [MESSAGE][PASSED] - Tapped on element 'Object Repository/Mobile/Page/Register/Not Registered/Informasi Pribadi/Item Flag - Top Search'

2021-10-29 15:10:09 - [TEST_STEP][PASSED] - tap(findTestObject("Object Repository/Mobile/Page/Register/Not Registered/Informasi Pribadi/Edit Text - Re Phone Number"), 0): Tapped on element 'Object Repository/Mobile/Page/Register/Not Registered/Informasi Pribadi/Edit Text - Re Phone Number'

2021-10-29 15:10:09 - [MESSAGE][WARNING] - Timeout '0' is invalid. Using default page load timeout: '60'

2021-10-29 15:10:09 - [MESSAGE][PASSED] - Tapped on element 'Object Repository/Mobile/Page/Register/Not Registered/Informasi Pribadi/Edit Text - Re Phone Number'

2021-10-29 15:10:09 - [TEST_STEP][PASSED] - setText(findTestObject("Object Repository/Mobile/Page/Register/Not Registered/Informasi Pribadi/Edit Text - Re Phone Number"), phone, 0): Text '082671829468' has been set to element 'Object Repository/Mobile/Page/Register/Not Registered/Informasi Pribadi/Edit Text - Re Phone Number'

2021-10-29 15:10:09 - [MESSAGE][WARNING] - Timeout '0' is invalid. Using default page load timeout: '60'

2021-10-29 15:10:10 - [MESSAGE][PASSED] - Text '082671829468' has been set to element 'Object Repository/Mobile/Page/Register/Not Registered/Informasi Pribadi/Edit Text - Re Phone Number'

2021-10-29 15:10:10 - [TEST_STEP][PASSED] - hideKeyboard(): Keyboard is hidden

2021-10-29 15:10:16 - [MESSAGE][PASSED] - Keyboard is hidden

2021-10-29 15:10:16 - [TEST_STEP][PASSED] - delay(1): Delayed 1 second(s)

2021-10-29 15:10:17 - [MESSAGE][PASSED] - Delayed 1 second(s)

2021-10-29 15:10:17 - [TEST_STEP][PASSED] - if (negativeStatus == "emailRegistered"): null

2021-10-29 15:10:17 - [TEST_STEP][PASSED] - else: Delayed 1 second(s)

2021-10-29 15:10:17 - [TEST_STEP][PASSED] - tap(findTestObject("Object Repository/Mobile/Page/Register/Not Registered/Informasi Pribadi/Edit Text - Email"), 0): Tapped on element 'Object Repository/Mobile/Page/Register/Not Registered/Informasi Pribadi/Edit Text - Email'

2021-10-29 15:10:17 - [MESSAGE][WARNING] - Timeout '0' is invalid. Using default page load timeout: '60'

2021-10-29 15:10:17 - [MESSAGE][PASSED] - Tapped on element 'Object Repository/Mobile/Page/Register/Not Registered/Informasi Pribadi/Edit Text - Email'

2021-10-29 15:10:17 - [TEST_STEP][PASSED] - setText(findTestObject("Object Repository/Mobile/Page/Register/Not Registered/Informasi Pribadi/Edit Text - Email"), email, 0): Text 'QATESTReNjAiOBMgpzxll@gmail.com' has been set to element 'Object Repository/Mobile/Page/Register/Not Registered/Informasi Pribadi/Edit Text - Email'

2021-10-29 15:10:17 - [MESSAGE][WARNING] - Timeout '0' is invalid. Using default page load timeout: '60'

2021-10-29 15:10:19 - [MESSAGE][PASSED] - Text 'QATESTReNjAiOBMgpzxll@gmail.com' has been set to element 'Object Repository/Mobile/Page/Register/Not Registered/Informasi Pribadi/Edit Text - Email'

2021-10-29 15:10:19 - [TEST_STEP][PASSED] - hideKeyboard(): Keyboard is hidden

2021-10-29 15:10:22 - [MESSAGE][PASSED] - Keyboard is hidden

2021-10-29 15:10:22 - [TEST_STEP][PASSED] - delay(1): Delayed 1 second(s)

2021-10-29 15:10:23 - [MESSAGE][PASSED] - Delayed 1 second(s)

2021-10-29 15:10:23 - [TEST_STEP][PASSED] - if (negativeStatus == "emailNotMatch"): null

2021-10-29 15:10:23 - [TEST_STEP][PASSED] - else: Delayed 1 second(s)

2021-10-29 15:10:23 - [TEST_STEP][PASSED] - tap(findTestObject("Object Repository/Mobile/Page/Register/Not Registered/Informasi Pribadi/Edit Text - Re Email"), 0): Tapped on element 'Object Repository/Mobile/Page/Register/Not Registered/Informasi Pribadi/Edit Text - Re Email'

2021-10-29 15:10:23 - [MESSAGE][WARNING] - Timeout '0' is invalid. Using default page load timeout: '60'

2021-10-29 15:10:24 - [MESSAGE][PASSED] - Tapped on element 'Object Repository/Mobile/Page/Register/Not Registered/Informasi Pribadi/Edit Text - Re Email'

2021-10-29 15:10:24 - [TEST_STEP][PASSED] - setText(findTestObject("Object Repository/Mobile/Page/Register/Not Registered/Informasi Pribadi/Edit Text - Re Email"), email, 0): Text 'QATESTReNjAiOBMgpzxll@gmail.com' has been set to element 'Object Repository/Mobile/Page/Register/Not Registered/Informasi Pribadi/Edit Text - Re Email'

2021-10-29 15:10:24 - [MESSAGE][WARNING] - Timeout '0' is invalid. Using default page load timeout: '60'

2021-10-29 15:10:25 - [MESSAGE][PASSED] - Text 'QATESTReNjAiOBMgpzxll@gmail.com' has been set to element 'Object Repository/Mobile/Page/Register/Not Registered/Informasi Pribadi/Edit Text - Re Email'

2021-10-29 15:10:25 - [TEST_STEP][PASSED] - hideKeyboard(): Keyboard is hidden

2021-10-29 15:10:29 - [MESSAGE][PASSED] - Keyboard is hidden

2021-10-29 15:10:29 - [TEST_STEP][PASSED] - delay(1): Delayed 1 second(s)

2021-10-29 15:10:30 - [MESSAGE][PASSED] - Delayed 1 second(s)

2021-10-29 15:10:30 - [TEST_STEP][PASSED] - if (negativeStatus == "passwordNotFollowRules"): null

2021-10-29 15:10:30 - [TEST_STEP][PASSED] - else: Delayed 1 second(s)

2021-10-29 15:10:30 - [TEST_STEP][PASSED] - tap(findTestObject("Object Repository/Mobile/Page/Register/Not Registered/Informasi Pribadi/Edit Text - Password"), 0): Tapped on element 'Object Repository/Mobile/Page/Register/Not Registered/Informasi Pribadi/Edit Text - Password'

2021-10-29 15:10:30 - [MESSAGE][WARNING] - Timeout '0' is invalid. Using default page load timeout: '60'

2021-10-29 15:10:30 - [MESSAGE][PASSED] - Tapped on element 'Object Repository/Mobile/Page/Register/Not Registered/Informasi Pribadi/Edit Text - Password'

2021-10-29 15:10:30 - [TEST_STEP][PASSED] - setText(findTestObject("Object Repository/Mobile/Page/Register/Not Registered/Informasi Pribadi/Edit Text - Password"), password, 0): Text 'Mirae1234' has been set to element 'Object Repository/Mobile/Page/Register/Not Registered/Informasi Pribadi/Edit Text - Password'

2021-10-29 15:10:30 - [MESSAGE][WARNING] - Timeout '0' is invalid. Using default page load timeout: '60'

2021-10-29 15:10:32 - [MESSAGE][PASSED] - Text 'Mirae1234' has been set to element 'Object Repository/Mobile/Page/Register/Not Registered/Informasi Pribadi/Edit Text - Password'

2021-10-29 15:10:32 - [TEST_STEP][PASSED] - hideKeyboard(): Keyboard is hidden

2021-10-29 15:10:38 - [MESSAGE][PASSED] - Keyboard is hidden

2021-10-29 15:10:38 - [TEST_STEP][PASSED] - delay(1): Delayed 1 second(s)

2021-10-29 15:10:39 - [MESSAGE][PASSED] - Delayed 1 second(s)

2021-10-29 15:10:39 - [TEST_STEP][PASSED] - tap(findTestObject("Object Repository/Mobile/Page/Register/Not Registered/Informasi Pribadi/Edit Text - Re Password"), 0): Tapped on element 'Object Repository/Mobile/Page/Register/Not Registered/Informasi Pribadi/Edit Text - Re Password'

2021-10-29 15:10:39 - [MESSAGE][WARNING] - Timeout '0' is invalid. Using default page load timeout: '60'

2021-10-29 15:10:39 - [MESSAGE][PASSED] - Tapped on element 'Object Repository/Mobile/Page/Register/Not Registered/Informasi Pribadi/Edit Text - Re Password'

2021-10-29 15:10:39 - [TEST_STEP][PASSED] - setText(findTestObject("Object Repository/Mobile/Page/Register/Not Registered/Informasi Pribadi/Edit Text - Re Password"), password, 0): Text 'Mirae1234' has been set to element 'Object Repository/Mobile/Page/Register/Not Registered/Informasi Pribadi/Edit Text - Re Password'

2021-10-29 15:10:39 - [MESSAGE][WARNING] - Timeout '0' is invalid. Using default page load timeout: '60'

2021-10-29 15:10:41 - [MESSAGE][PASSED] - Text 'Mirae1234' has been set to element 'Object Repository/Mobile/Page/Register/Not Registered/Informasi Pribadi/Edit Text - Re Password'

2021-10-29 15:10:41 - [TEST_STEP][PASSED] - hideKeyboard(): Keyboard is hidden

2021-10-29 15:10:47 - [MESSAGE][PASSED] - Keyboard is hidden

2021-10-29 15:10:47 - [TEST_STEP][PASSED] - delay(1): Delayed 1 second(s)

2021-10-29 15:10:48 - [MESSAGE][PASSED] - Delayed 1 second(s)

2021-10-29 15:10:48 - [TEST_STEP][PASSED] - if (isBedaAlamat == 1): Delayed 1 second(s)

2021-10-29 15:10:48 - [TEST_STEP][PASSED] - tap(findTestObject("Object Repository/Mobile/Page/Register/Not Registered/Informasi Pribadi/Radio Button - Address different"), 0): Tapped on element 'Object Repository/Mobile/Page/Register/Not Registered/Informasi Pribadi/Radio Button - Address different'

2021-10-29 15:10:48 - [MESSAGE][WARNING] - Timeout '0' is invalid. Using default page load timeout: '60'

2021-10-29 15:10:48 - [MESSAGE][PASSED] - Tapped on element 'Object Repository/Mobile/Page/Register/Not Registered/Informasi Pribadi/Radio Button - Address different'

2021-10-29 15:10:48 - [TEST_STEP][PASSED] - delay(1): Delayed 1 second(s)

2021-10-29 15:10:49 - [MESSAGE][PASSED] - Delayed 1 second(s)

2021-10-29 15:10:49 - [TEST_STEP][PASSED] - tap(findTestObject("Object Repository/Mobile/Page/Register/Not Registered/Informasi Pribadi/Address Different/Edit Text - Mailing Address"), 0): Tapped on element 'Object Repository/Mobile/Page/Register/Not Registered/Informasi Pribadi/Address Different/Edit Text - Mailing Address'

2021-10-29 15:10:50 - [MESSAGE][WARNING] - Timeout '0' is invalid. Using default page load timeout: '60'

2021-10-29 15:10:50 - [MESSAGE][PASSED] - Tapped on element 'Object Repository/Mobile/Page/Register/Not Registered/Informasi Pribadi/Address Different/Edit Text - Mailing Address'

2021-10-29 15:10:50 - [TEST_STEP][PASSED] - setText(findTestObject("Object Repository/Mobile/Page/Register/Not Registered/Informasi Pribadi/Address Different/Edit Text - Mailing Address"), alamat, 0): Text 'Jl. Cempaka Putih Barat 12 F No.12, RT.8/RW.8' has been set to element 'Object Repository/Mobile/Page/Register/Not Registered/Informasi Pribadi/Address Different/Edit Text - Mailing Address'

2021-10-29 15:10:50 - [MESSAGE][WARNING] - Timeout '0' is invalid. Using default page load timeout: '60'

2021-10-29 15:10:52 - [MESSAGE][PASSED] - Text 'Jl. Cempaka Putih Barat 12 F No.12, RT.8/RW.8' has been set to element 'Object Repository/Mobile/Page/Register/Not Registered/Informasi Pribadi/Address Different/Edit Text - Mailing Address'

2021-10-29 15:10:52 - [TEST_STEP][PASSED] - hideKeyboard(): Keyboard is hidden

2021-10-29 15:10:55 - [MESSAGE][PASSED] - Keyboard is hidden

2021-10-29 15:10:55 - [TEST_STEP][PASSED] - delay(1): Delayed 1 second(s)

2021-10-29 15:10:56 - [MESSAGE][PASSED] - Delayed 1 second(s)

2021-10-29 15:10:56 - [TEST_STEP][PASSED] - tapAndHold(findTestObject("Mobile/Page/Register/Not Registered/Informasi Pribadi/Address Different/Dropdown - Province"), 1, 0): Tapped and held on element 'Object Repository/Mobile/Page/Register/Not Registered/Informasi Pribadi/Address Different/Dropdown - Province' with duration 1

2021-10-29 15:10:56 - [MESSAGE][WARNING] - Timeout '0' is invalid. Using default page load timeout: '60'

2021-10-29 15:10:59 - [MESSAGE][PASSED] - Tapped and held on element 'Object Repository/Mobile/Page/Register/Not Registered/Informasi Pribadi/Address Different/Dropdown - Province' with duration 1

2021-10-29 15:10:59 - [TEST_STEP][PASSED] - tap(findTestObject("Mobile/Page/Register/Not Registered/Informasi Pribadi/Address Different/Dropdown - Province Option Jakarta"), 0): Tapped on element 'Object Repository/Mobile/Page/Register/Not Registered/Informasi Pribadi/Address Different/Dropdown - Province Option Jakarta'

2021-10-29 15:10:59 - [MESSAGE][WARNING] - Timeout '0' is invalid. Using default page load timeout: '60'

2021-10-29 15:11:01 - [MESSAGE][PASSED] - Tapped on element 'Object Repository/Mobile/Page/Register/Not Registered/Informasi Pribadi/Address Different/Dropdown - Province Option Jakarta'

2021-10-29 15:11:01 - [TEST_STEP][PASSED] - delay(2): Delayed 2 second(s)

2021-10-29 15:11:03 - [MESSAGE][PASSED] - Delayed 2 second(s)

2021-10-29 15:11:03 - [TEST_STEP][PASSED] - hideKeyboard(): Keyboard is hidden

2021-10-29 15:11:06 - [MESSAGE][PASSED] - Keyboard is hidden

2021-10-29 15:11:06 - [TEST_STEP][PASSED] - delay(1): Delayed 1 second(s)

2021-10-29 15:11:07 - [MESSAGE][PASSED] - Delayed 1 second(s)

2021-10-29 15:11:07 - [TEST_STEP][PASSED] - tapAndHold(findTestObject("Mobile/Page/Register/Not Registered/Informasi Pribadi/Address Different/Dropdown - City"), 1, 0): Tapped and held on element 'Object Repository/Mobile/Page/Register/Not Registered/Informasi Pribadi/Address Different/Dropdown - City' with duration 1

2021-10-29 15:11:07 - [MESSAGE][WARNING] - Timeout '0' is invalid. Using default page load timeout: '60'

2021-10-29 15:11:10 - [MESSAGE][PASSED] - Tapped and held on element 'Object Repository/Mobile/Page/Register/Not Registered/Informasi Pribadi/Address Different/Dropdown - City' with duration 1

2021-10-29 15:11:10 - [TEST_STEP][PASSED] - tap(findTestObject("Object Repository/Mobile/Page/Register/Not Registered/Informasi Pribadi/Address Different/Dropdown - City Option Jaksel"), 0): Tapped on element 'Object Repository/Mobile/Page/Register/Not Registered/Informasi Pribadi/Address Different/Dropdown - City Option Jaksel'

2021-10-29 15:11:10 - [MESSAGE][WARNING] - Timeout '0' is invalid. Using default page load timeout: '60'

2021-10-29 15:11:12 - [MESSAGE][PASSED] - Tapped on element 'Object Repository/Mobile/Page/Register/Not Registered/Informasi Pribadi/Address Different/Dropdown - City Option Jaksel'

2021-10-29 15:11:12 - [TEST_STEP][PASSED] - delay(2): Delayed 2 second(s)

2021-10-29 15:11:14 - [MESSAGE][PASSED] - Delayed 2 second(s)

2021-10-29 15:11:14 - [TEST_STEP][PASSED] - hideKeyboard(): Keyboard is hidden

2021-10-29 15:11:17 - [MESSAGE][PASSED] - Keyboard is hidden

2021-10-29 15:11:17 - [TEST_STEP][PASSED] - delay(1): Delayed 1 second(s)

2021-10-29 15:11:18 - [MESSAGE][PASSED] - Delayed 1 second(s)

2021-10-29 15:11:18 - [TEST_STEP][PASSED] - if (negativeStatus == "isPostalCodeIncorrect"): null

2021-10-29 15:11:18 - [TEST_STEP][PASSED] - else: Delayed 1 second(s)

2021-10-29 15:11:18 - [TEST_STEP][PASSED] - tap(findTestObject("Object Repository/Mobile/Page/Register/Not Registered/Informasi Pribadi/Address Different/Edit Text - Postal Code"), 0): Tapped on element 'Object Repository/Mobile/Page/Register/Not Registered/Informasi Pribadi/Address Different/Edit Text - Postal Code'

2021-10-29 15:11:18 - [MESSAGE][WARNING] - Timeout '0' is invalid. Using default page load timeout: '60'

2021-10-29 15:11:19 - [MESSAGE][PASSED] - Tapped on element 'Object Repository/Mobile/Page/Register/Not Registered/Informasi Pribadi/Address Different/Edit Text - Postal Code'

2021-10-29 15:11:19 - [TEST_STEP][PASSED] - setText(findTestObject("Object Repository/Mobile/Page/Register/Not Registered/Informasi Pribadi/Address Different/Edit Text - Postal Code"), kodepos, 0): Text '15412' has been set to element 'Object Repository/Mobile/Page/Register/Not Registered/Informasi Pribadi/Address Different/Edit Text - Postal Code'

2021-10-29 15:11:19 - [MESSAGE][WARNING] - Timeout '0' is invalid. Using default page load timeout: '60'

2021-10-29 15:11:20 - [MESSAGE][PASSED] - Text '15412' has been set to element 'Object Repository/Mobile/Page/Register/Not Registered/Informasi Pribadi/Address Different/Edit Text - Postal Code'

2021-10-29 15:11:20 - [TEST_STEP][PASSED] - hideKeyboard(): Keyboard is hidden

2021-10-29 15:11:26 - [MESSAGE][PASSED] - Keyboard is hidden

2021-10-29 15:11:26 - [TEST_STEP][PASSED] - delay(1): Delayed 1 second(s)

2021-10-29 15:11:27 - [MESSAGE][PASSED] - Delayed 1 second(s)

2021-10-29 15:11:27 - [TEST_STEP][PASSED] - tap(findTestObject("Object Repository/Mobile/Page/Register/Not Registered/Informasi Pribadi/Button - Icon KTP"), 0): Tapped on element 'Object Repository/Mobile/Page/Register/Not Registered/Informasi Pribadi/Button - Icon KTP'

2021-10-29 15:11:27 - [MESSAGE][WARNING] - Timeout '0' is invalid. Using default page load timeout: '60'

2021-10-29 15:11:28 - [MESSAGE][PASSED] - Tapped on element 'Object Repository/Mobile/Page/Register/Not Registered/Informasi Pribadi/Button - Icon KTP'

2021-10-29 15:11:28 - [TEST_STEP][PASSED] - permission = verifyElementExist(findTestObject("Object Repository/Mobile/Page/Register/Not Registered/Informasi Pribadi/Permission - Only this time"), 1, OPTIONAL): Element 'Object Repository/Mobile/Page/Register/Not Registered/Informasi Pribadi/Permission - Only this time' is exist

2021-10-29 15:11:29 - [MESSAGE][PASSED] - Element 'Object Repository/Mobile/Page/Register/Not Registered/Informasi Pribadi/Permission - Only this time' is exist

2021-10-29 15:11:29 - [TEST_STEP][PASSED] - if (permission): Tapped on element 'Object Repository/Mobile/Page/Register/Not Registered/Informasi Pribadi/Permission - Only this time'

2021-10-29 15:11:29 - [TEST_STEP][PASSED] - tap(findTestObject("Object Repository/Mobile/Page/Register/Not Registered/Informasi Pribadi/Permission - Only this time"), 0): Tapped on element 'Object Repository/Mobile/Page/Register/Not Registered/Informasi Pribadi/Permission - Only this time'

2021-10-29 15:11:29 - [MESSAGE][WARNING] - Timeout '0' is invalid. Using default page load timeout: '60'

2021-10-29 15:11:29 - [MESSAGE][PASSED] - Tapped on element 'Object Repository/Mobile/Page/Register/Not Registered/Informasi Pribadi/Permission - Only this time'

2021-10-29 15:11:29 - [TEST_STEP][PASSED] - permission = verifyElementExist(findTestObject("Object Repository/Mobile/Page/Register/Not Registered/Informasi Pribadi/Permission - Only this time"), 1, OPTIONAL): Element 'Object Repository/Mobile/Page/Register/Not Registered/Informasi Pribadi/Permission - Only this time' is exist

2021-10-29 15:11:30 - [MESSAGE][PASSED] - Element 'Object Repository/Mobile/Page/Register/Not Registered/Informasi Pribadi/Permission - Only this time' is exist

2021-10-29 15:11:30 - [TEST_STEP][PASSED] - if (permission): Tapped on element 'Object Repository/Mobile/Page/Register/Not Registered/Informasi Pribadi/Permission - Only this time'

2021-10-29 15:11:30 - [TEST_STEP][PASSED] - tap(findTestObject("Object Repository/Mobile/Page/Register/Not Registered/Informasi Pribadi/Permission - Only this time"), 0): Tapped on element 'Object Repository/Mobile/Page/Register/Not Registered/Informasi Pribadi/Permission - Only this time'

2021-10-29 15:11:30 - [MESSAGE][WARNING] - Timeout '0' is invalid. Using default page load timeout: '60'

2021-10-29 15:11:30 - [MESSAGE][PASSED] - Tapped on element 'Object Repository/Mobile/Page/Register/Not Registered/Informasi Pribadi/Permission - Only this time'

2021-10-29 15:11:30 - [TEST_STEP][PASSED] - tap(findTestObject("Object Repository/Mobile/Page/Register/Not Registered/Informasi Pribadi/Button - Capture KTP"), 0): Tapped on element 'Object Repository/Mobile/Page/Register/Not Registered/Informasi Pribadi/Button - Capture KTP'

2021-10-29 15:11:30 - [MESSAGE][WARNING] - Timeout '0' is invalid. Using default page load timeout: '60'

2021-10-29 15:11:32 - [MESSAGE][PASSED] - Tapped on element 'Object Repository/Mobile/Page/Register/Not Registered/Informasi Pribadi/Button - Capture KTP'

2021-10-29 15:11:32 - [TEST_STEP][PASSED] - delay(2): Delayed 2 second(s)

2021-10-29 15:11:34 - [MESSAGE][PASSED] - Delayed 2 second(s)

2021-10-29 15:11:34 - [TEST_STEP][PASSED] - scroll.scroll.scrollLeftToRight(findTestObject("Object Repository/Mobile/Page/Register/Not Registered/Informasi Pribadi/Slider - Edit Photo Scale")): scroll.scroll.scrollLeftToRight is PASSED

2021-10-29 15:11:34 - [MESSAGE][WARNING] - Timeout '0' is invalid. Using default page load timeout: '60'

2021-10-29 15:11:36 - [MESSAGE][PASSED] - Object 'Object Repository/Mobile/Page/Register/Not Registered/Informasi Pribadi/Slider - Edit Photo Scale' has left position '0'

2021-10-29 15:11:36 - [MESSAGE][WARNING] - Timeout '0' is invalid. Using default page load timeout: '60'

2021-10-29 15:11:36 - [MESSAGE][PASSED] - Object 'Object Repository/Mobile/Page/Register/Not Registered/Informasi Pribadi/Slider - Edit Photo Scale' has top position '1,284'

2021-10-29 15:11:36 - [MESSAGE][WARNING] - Timeout '0' is invalid. Using default page load timeout: '60'

2021-10-29 15:11:36 - [MESSAGE][PASSED] - Object 'Object Repository/Mobile/Page/Register/Not Registered/Informasi Pribadi/Slider - Edit Photo Scale' has width: '720'

2021-10-29 15:11:36 - [MESSAGE][WARNING] - Timeout '0' is invalid. Using default page load timeout: '60'

2021-10-29 15:11:36 - [MESSAGE][PASSED] - Object 'Object Repository/Mobile/Page/Register/Not Registered/Informasi Pribadi/Slider - Edit Photo Scale' has height: '66'

2021-10-29 15:11:37 - [MESSAGE][PASSED] - Swiped from 144,1,317 to 576,1,317

2021-10-29 15:11:37 - [MESSAGE][PASSED] - scroll.scroll.scrollLeftToRight is PASSED

2021-10-29 15:11:37 - [TEST_STEP][PASSED] - tap(findTestObject("Object Repository/Mobile/Page/Register/Not Registered/Informasi Pribadi/Button - Edit Photo Rotate"), 0): Tapped on element 'Object Repository/Mobile/Page/Register/Not Registered/Informasi Pribadi/Button - Edit Photo Rotate'

2021-10-29 15:11:37 - [MESSAGE][WARNING] - Timeout '0' is invalid. Using default page load timeout: '60'

2021-10-29 15:11:38 - [MESSAGE][PASSED] - Tapped on element 'Object Repository/Mobile/Page/Register/Not Registered/Informasi Pribadi/Button - Edit Photo Rotate'

2021-10-29 15:11:38 - [TEST_STEP][PASSED] - tap(findTestObject("Object Repository/Mobile/Page/Register/Not Registered/Informasi Pribadi/Button - Edit Photo Rotate 90 degree"), 0): Tapped on element 'Object Repository/Mobile/Page/Register/Not Registered/Informasi Pribadi/Button - Edit Photo Rotate 90 degree'

2021-10-29 15:11:38 - [MESSAGE][WARNING] - Timeout '0' is invalid. Using default page load timeout: '60'

2021-10-29 15:11:39 - [MESSAGE][PASSED] - Tapped on element 'Object Repository/Mobile/Page/Register/Not Registered/Informasi Pribadi/Button - Edit Photo Rotate 90 degree'

2021-10-29 15:11:39 - [TEST_STEP][PASSED] - tap(findTestObject("Object Repository/Mobile/Page/Register/Not Registered/Informasi Pribadi/Button - Edit Photo Reset Rotation"), 0): Tapped on element 'Object Repository/Mobile/Page/Register/Not Registered/Informasi Pribadi/Button - Edit Photo Reset Rotation'

2021-10-29 15:11:39 - [MESSAGE][WARNING] - Timeout '0' is invalid. Using default page load timeout: '60'

2021-10-29 15:11:40 - [MESSAGE][PASSED] - Tapped on element 'Object Repository/Mobile/Page/Register/Not Registered/Informasi Pribadi/Button - Edit Photo Reset Rotation'

2021-10-29 15:11:40 - [TEST_STEP][PASSED] - scroll.scroll.scrollLeftToRight(findTestObject("Object Repository/Mobile/Page/Register/Not Registered/Informasi Pribadi/Slider - Edit Photo Rotate")): scroll.scroll.scrollLeftToRight is PASSED

2021-10-29 15:11:40 - [MESSAGE][WARNING] - Timeout '0' is invalid. Using default page load timeout: '60'

2021-10-29 15:11:41 - [MESSAGE][PASSED] - Object 'Object Repository/Mobile/Page/Register/Not Registered/Informasi Pribadi/Slider - Edit Photo Rotate' has left position '88'

2021-10-29 15:11:41 - [MESSAGE][WARNING] - Timeout '0' is invalid. Using default page load timeout: '60'

2021-10-29 15:11:41 - [MESSAGE][PASSED] - Object 'Object Repository/Mobile/Page/Register/Not Registered/Informasi Pribadi/Slider - Edit Photo Rotate' has top position '1,284'

2021-10-29 15:11:41 - [MESSAGE][WARNING] - Timeout '0' is invalid. Using default page load timeout: '60'

2021-10-29 15:11:41 - [MESSAGE][PASSED] - Object 'Object Repository/Mobile/Page/Register/Not Registered/Informasi Pribadi/Slider - Edit Photo Rotate' has width: '544'

2021-10-29 15:11:41 - [MESSAGE][WARNING] - Timeout '0' is invalid. Using default page load timeout: '60'

2021-10-29 15:11:41 - [MESSAGE][PASSED] - Object 'Object Repository/Mobile/Page/Register/Not Registered/Informasi Pribadi/Slider - Edit Photo Rotate' has height: '66'

2021-10-29 15:11:42 - [MESSAGE][PASSED] - Swiped from 196,1,317 to 523,1,317

2021-10-29 15:11:42 - [MESSAGE][PASSED] - scroll.scroll.scrollLeftToRight is PASSED

2021-10-29 15:11:42 - [TEST_STEP][PASSED] - tap(findTestObject("Object Repository/Mobile/Page/Register/Not Registered/Informasi Pribadi/Button - Edit Photo Confirm"), 0): Tapped on element 'Object Repository/Mobile/Page/Register/Not Registered/Informasi Pribadi/Button - Edit Photo Confirm'

2021-10-29 15:11:42 - [MESSAGE][WARNING] - Timeout '0' is invalid. Using default page load timeout: '60'

2021-10-29 15:11:45 - [MESSAGE][PASSED] - Tapped on element 'Object Repository/Mobile/Page/Register/Not Registered/Informasi Pribadi/Button - Edit Photo Confirm'

2021-10-29 15:11:45 - [TEST_STEP][PASSED] - delay(2): Delayed 2 second(s)

2021-10-29 15:11:47 - [MESSAGE][PASSED] - Delayed 2 second(s)

2021-10-29 15:11:47 - [TEST_STEP][PASSED] - hideKeyboard(): Keyboard is hidden

2021-10-29 15:11:53 - [MESSAGE][PASSED] - Keyboard is hidden

2021-10-29 15:11:53 - [TEST_STEP][PASSED] - delay(1): Delayed 1 second(s)

2021-10-29 15:11:54 - [MESSAGE][PASSED] - Delayed 1 second(s)

2021-10-29 15:11:54 - [TEST_STEP][PASSED] - scroll.scroll.scrollToBottomOpenKeyboard(): scroll.scroll.scrollToBottomOpenKeyboard is PASSED

2021-10-29 15:11:55 - [MESSAGE][PASSED] - Current device physical height is 1423

2021-10-29 15:11:55 - [MESSAGE][PASSED] - Current device physical width is 720

2021-10-29 15:11:56 - [MESSAGE][PASSED] - Swiped from 360,853 to 360,284

2021-10-29 15:11:56 - [MESSAGE][PASSED] - scroll.scroll.scrollToBottomOpenKeyboard is PASSED

2021-10-29 15:11:56 - [TEST_STEP][PASSED] - tap(findTestObject("Object Repository/Mobile/Page/Register/Not Registered/Informasi Pribadi/Button - Icon Face with KTP"), 0): Tapped on element 'Object Repository/Mobile/Page/Register/Not Registered/Informasi Pribadi/Button - Icon Face with KTP'

2021-10-29 15:11:56 - [MESSAGE][WARNING] - Timeout '0' is invalid. Using default page load timeout: '60'

2021-10-29 15:11:57 - [MESSAGE][PASSED] - Tapped on element 'Object Repository/Mobile/Page/Register/Not Registered/Informasi Pribadi/Button - Icon Face with KTP'

2021-10-29 15:11:57 - [TEST_STEP][PASSED] - permission = verifyElementExist(findTestObject("Object Repository/Mobile/Page/Register/Not Registered/Informasi Pribadi/Permission - Only this time"), 1, OPTIONAL): Element 'Object Repository/Mobile/Page/Register/Not Registered/Informasi Pribadi/Permission - Only this time' not found

2021-10-29 15:12:00 - [MESSAGE][WARNING] - Element 'Object Repository/Mobile/Page/Register/Not Registered/Informasi Pribadi/Permission - Only this time' not found
[[ATTACHMENT|C:\\Users\\Owner\\Documents\\kerjaan\\KatalonProject\\qa-katalon-maxfund\\Reports\\20211029_145503\\Register\\20211029_145503\\1635495118684.png]]

2021-10-29 15:12:00 - [TEST_STEP][PASSED] - if (permission): null

2021-10-29 15:12:00 - [TEST_STEP][PASSED] - permission = verifyElementExist(findTestObject("Object Repository/Mobile/Page/Register/Not Registered/Informasi Pribadi/Permission - Only this time"), 1, OPTIONAL): Element 'Object Repository/Mobile/Page/Register/Not Registered/Informasi Pribadi/Permission - Only this time' not found

2021-10-29 15:12:03 - [MESSAGE][WARNING] - Element 'Object Repository/Mobile/Page/Register/Not Registered/Informasi Pribadi/Permission - Only this time' not found
[[ATTACHMENT|C:\\Users\\Owner\\Documents\\kerjaan\\KatalonProject\\qa-katalon-maxfund\\Reports\\20211029_145503\\Register\\20211029_145503\\1635495121625.png]]

2021-10-29 15:12:03 - [TEST_STEP][PASSED] - if (permission): null

2021-10-29 15:12:03 - [TEST_STEP][PASSED] - tap(findTestObject("Object Repository/Mobile/Page/Register/Not Registered/Informasi Pribadi/Button - Capture Face with KTP"), 0): Tapped on element 'Object Repository/Mobile/Page/Register/Not Registered/Informasi Pribadi/Button - Capture Face with KTP'

2021-10-29 15:12:03 - [MESSAGE][WARNING] - Timeout '0' is invalid. Using default page load timeout: '60'

2021-10-29 15:12:03 - [MESSAGE][PASSED] - Tapped on element 'Object Repository/Mobile/Page/Register/Not Registered/Informasi Pribadi/Button - Capture Face with KTP'

2021-10-29 15:12:03 - [TEST_STEP][PASSED] - delay(2): Delayed 2 second(s)

2021-10-29 15:12:05 - [MESSAGE][PASSED] - Delayed 2 second(s)

2021-10-29 15:12:05 - [TEST_STEP][PASSED] - hideKeyboard(): Keyboard is hidden

2021-10-29 15:12:11 - [MESSAGE][PASSED] - Keyboard is hidden

2021-10-29 15:12:11 - [TEST_STEP][PASSED] - delay(1): Delayed 1 second(s)

2021-10-29 15:12:12 - [MESSAGE][PASSED] - Delayed 1 second(s)

2021-10-29 15:12:12 - [TEST_STEP][PASSED] - scroll.scroll.scrollToBottomOpenKeyboard(): scroll.scroll.scrollToBottomOpenKeyboard is PASSED

2021-10-29 15:12:13 - [MESSAGE][PASSED] - Current device physical height is 1423

2021-10-29 15:12:13 - [MESSAGE][PASSED] - Current device physical width is 720

2021-10-29 15:12:14 - [MESSAGE][PASSED] - Swiped from 360,853 to 360,284

2021-10-29 15:12:14 - [MESSAGE][PASSED] - scroll.scroll.scrollToBottomOpenKeyboard is PASSED

2021-10-29 15:12:14 - [TEST_STEP][PASSED] - tap(findTestObject("Object Repository/Mobile/Page/Register/Not Registered/Informasi Pribadi/Radio Button - Low Risk"), 0): Tapped on element 'Object Repository/Mobile/Page/Register/Not Registered/Informasi Pribadi/Radio Button - Low Risk'

2021-10-29 15:12:14 - [MESSAGE][WARNING] - Timeout '0' is invalid. Using default page load timeout: '60'

2021-10-29 15:12:15 - [MESSAGE][PASSED] - Tapped on element 'Object Repository/Mobile/Page/Register/Not Registered/Informasi Pribadi/Radio Button - Low Risk'

2021-10-29 15:12:15 - [TEST_STEP][PASSED] - delay(1): Delayed 1 second(s)

2021-10-29 15:12:16 - [MESSAGE][PASSED] - Delayed 1 second(s)

2021-10-29 15:12:16 - [TEST_STEP][PASSED] - tap(findTestObject("Object Repository/Mobile/Page/Register/Not Registered/Informasi Pribadi/Radio Button - Medium Risk"), 0): Tapped on element 'Object Repository/Mobile/Page/Register/Not Registered/Informasi Pribadi/Radio Button - Medium Risk'

2021-10-29 15:12:16 - [MESSAGE][WARNING] - Timeout '0' is invalid. Using default page load timeout: '60'

2021-10-29 15:12:17 - [MESSAGE][PASSED] - Tapped on element 'Object Repository/Mobile/Page/Register/Not Registered/Informasi Pribadi/Radio Button - Medium Risk'

2021-10-29 15:12:17 - [TEST_STEP][PASSED] - delay(1): Delayed 1 second(s)

2021-10-29 15:12:18 - [MESSAGE][PASSED] - Delayed 1 second(s)

2021-10-29 15:12:18 - [TEST_STEP][PASSED] - tap(findTestObject("Object Repository/Mobile/Page/Register/Not Registered/Informasi Pribadi/Radio Button - High Risk"), 0): Tapped on element 'Object Repository/Mobile/Page/Register/Not Registered/Informasi Pribadi/Radio Button - High Risk'

2021-10-29 15:12:18 - [MESSAGE][WARNING] - Timeout '0' is invalid. Using default page load timeout: '60'

2021-10-29 15:12:19 - [MESSAGE][PASSED] - Tapped on element 'Object Repository/Mobile/Page/Register/Not Registered/Informasi Pribadi/Radio Button - High Risk'

2021-10-29 15:12:19 - [TEST_STEP][PASSED] - delay(1): Delayed 1 second(s)

2021-10-29 15:12:20 - [MESSAGE][PASSED] - Delayed 1 second(s)

2021-10-29 15:12:20 - [TEST_STEP][PASSED] - tap(findTestObject("Object Repository/Mobile/Page/Register/Not Registered/Informasi Pribadi/Button - Next"), 0): Tapped on element 'Object Repository/Mobile/Page/Register/Not Registered/Informasi Pribadi/Button - Next'

2021-10-29 15:12:20 - [MESSAGE][WARNING] - Timeout '0' is invalid. Using default page load timeout: '60'

2021-10-29 15:12:21 - [MESSAGE][PASSED] - Tapped on element 'Object Repository/Mobile/Page/Register/Not Registered/Informasi Pribadi/Button - Next'

2021-10-29 15:12:21 - [TEST_STEP][PASSED] - delay(1): Delayed 1 second(s)

2021-10-29 15:12:22 - [MESSAGE][PASSED] - Delayed 1 second(s)

2021-10-29 15:12:22 - [TEST_STEP][PASSED] - tapAndHold(findTestObject("Mobile/Page/Register/Not Registered/Akun Bank/Dropdown - Bank"), 1, 0): Tapped and held on element 'Object Repository/Mobile/Page/Register/Not Registered/Akun Bank/Dropdown - Bank' with duration 1

2021-10-29 15:12:22 - [MESSAGE][WARNING] - Timeout '0' is invalid. Using default page load timeout: '60'

2021-10-29 15:12:25 - [MESSAGE][PASSED] - Tapped and held on element 'Object Repository/Mobile/Page/Register/Not Registered/Akun Bank/Dropdown - Bank' with duration 1

2021-10-29 15:12:25 - [TEST_STEP][PASSED] - tap(findTestObject("Mobile/Page/Register/Not Registered/Akun Bank/Edit Text - Search Bank"), 0): Tapped on element 'Object Repository/Mobile/Page/Register/Not Registered/Akun Bank/Edit Text - Search Bank'

2021-10-29 15:12:25 - [MESSAGE][WARNING] - Timeout '0' is invalid. Using default page load timeout: '60'

2021-10-29 15:12:25 - [MESSAGE][PASSED] - Tapped on element 'Object Repository/Mobile/Page/Register/Not Registered/Akun Bank/Edit Text - Search Bank'

2021-10-29 15:12:25 - [TEST_STEP][PASSED] - setText(findTestObject("Mobile/Page/Register/Not Registered/Akun Bank/Edit Text - Search Bank"), "citibank", 0): Text 'citibank' has been set to element 'Object Repository/Mobile/Page/Register/Not Registered/Akun Bank/Edit Text - Search Bank'

2021-10-29 15:12:25 - [MESSAGE][WARNING] - Timeout '0' is invalid. Using default page load timeout: '60'

2021-10-29 15:12:27 - [MESSAGE][PASSED] - Text 'citibank' has been set to element 'Object Repository/Mobile/Page/Register/Not Registered/Akun Bank/Edit Text - Search Bank'

2021-10-29 15:12:27 - [TEST_STEP][PASSED] - driver = getDriver(): null

2021-10-29 15:12:27 - [TEST_STEP][PASSED] - driver.pressKeyCode(ENTER): null

2021-10-29 15:12:27 - [TEST_STEP][PASSED] - tap(findTestObject("Object Repository/Mobile/Page/Register/Not Registered/Akun Bank/Item - Top Search Bank"), 0): Tapped on element 'Object Repository/Mobile/Page/Register/Not Registered/Akun Bank/Item - Top Search Bank'

2021-10-29 15:12:27 - [MESSAGE][WARNING] - Timeout '0' is invalid. Using default page load timeout: '60'

2021-10-29 15:12:29 - [MESSAGE][PASSED] - Tapped on element 'Object Repository/Mobile/Page/Register/Not Registered/Akun Bank/Item - Top Search Bank'

2021-10-29 15:12:29 - [TEST_STEP][PASSED] - delay(1): Delayed 1 second(s)

2021-10-29 15:12:30 - [MESSAGE][PASSED] - Delayed 1 second(s)

2021-10-29 15:12:30 - [TEST_STEP][PASSED] - tapAndHold(findTestObject("Mobile/Page/Register/Not Registered/Akun Bank/Dropdown - Country"), 1, 0): Tapped and held on element 'Object Repository/Mobile/Page/Register/Not Registered/Akun Bank/Dropdown - Country' with duration 1

2021-10-29 15:12:30 - [MESSAGE][WARNING] - Timeout '0' is invalid. Using default page load timeout: '60'

2021-10-29 15:12:33 - [MESSAGE][PASSED] - Tapped and held on element 'Object Repository/Mobile/Page/Register/Not Registered/Akun Bank/Dropdown - Country' with duration 1

2021-10-29 15:12:33 - [TEST_STEP][PASSED] - tap(findTestObject("Object Repository/Mobile/Page/Register/Not Registered/Akun Bank/Dropdown - Country Option Indonesia"), 0): Tapped on element 'Object Repository/Mobile/Page/Register/Not Registered/Akun Bank/Dropdown - Country Option Indonesia'

2021-10-29 15:12:33 - [MESSAGE][WARNING] - Timeout '0' is invalid. Using default page load timeout: '60'

2021-10-29 15:12:34 - [MESSAGE][PASSED] - Tapped on element 'Object Repository/Mobile/Page/Register/Not Registered/Akun Bank/Dropdown - Country Option Indonesia'

2021-10-29 15:12:34 - [TEST_STEP][PASSED] - delay(1): Delayed 1 second(s)

2021-10-29 15:12:35 - [MESSAGE][PASSED] - Delayed 1 second(s)

2021-10-29 15:12:35 - [TEST_STEP][PASSED] - tap(findTestObject("Object Repository/Mobile/Page/Register/Not Registered/Akun Bank/Edit Text - Branch"), 0): Tapped on element 'Object Repository/Mobile/Page/Register/Not Registered/Akun Bank/Edit Text - Branch'

2021-10-29 15:12:35 - [MESSAGE][WARNING] - Timeout '0' is invalid. Using default page load timeout: '60'

2021-10-29 15:12:35 - [MESSAGE][PASSED] - Tapped on element 'Object Repository/Mobile/Page/Register/Not Registered/Akun Bank/Edit Text - Branch'

2021-10-29 15:12:35 - [TEST_STEP][PASSED] - setText(findTestObject("Object Repository/Mobile/Page/Register/Not Registered/Akun Bank/Edit Text - Branch"), branch, 0): Text 'qa cabang' has been set to element 'Object Repository/Mobile/Page/Register/Not Registered/Akun Bank/Edit Text - Branch'

2021-10-29 15:12:35 - [MESSAGE][WARNING] - Timeout '0' is invalid. Using default page load timeout: '60'

2021-10-29 15:12:37 - [MESSAGE][PASSED] - Text 'qa cabang' has been set to element 'Object Repository/Mobile/Page/Register/Not Registered/Akun Bank/Edit Text - Branch'

2021-10-29 15:12:37 - [TEST_STEP][PASSED] - hideKeyboard(): Keyboard is hidden

2021-10-29 15:12:41 - [MESSAGE][PASSED] - Keyboard is hidden

2021-10-29 15:12:41 - [TEST_STEP][PASSED] - delay(1): Delayed 1 second(s)

2021-10-29 15:12:42 - [MESSAGE][PASSED] - Delayed 1 second(s)

2021-10-29 15:12:42 - [TEST_STEP][PASSED] - tap(findTestObject("Object Repository/Mobile/Page/Register/Not Registered/Akun Bank/Edit Text - Account Number"), 0): Tapped on element 'Object Repository/Mobile/Page/Register/Not Registered/Akun Bank/Edit Text - Account Number'

2021-10-29 15:12:42 - [MESSAGE][WARNING] - Timeout '0' is invalid. Using default page load timeout: '60'

2021-10-29 15:12:42 - [MESSAGE][PASSED] - Tapped on element 'Object Repository/Mobile/Page/Register/Not Registered/Akun Bank/Edit Text - Account Number'

2021-10-29 15:12:42 - [TEST_STEP][PASSED] - setText(findTestObject("Object Repository/Mobile/Page/Register/Not Registered/Akun Bank/Edit Text - Account Number"), accountnumber, 0): Text '222444222444' has been set to element 'Object Repository/Mobile/Page/Register/Not Registered/Akun Bank/Edit Text - Account Number'

2021-10-29 15:12:42 - [MESSAGE][WARNING] - Timeout '0' is invalid. Using default page load timeout: '60'

2021-10-29 15:12:43 - [MESSAGE][PASSED] - Text '222444222444' has been set to element 'Object Repository/Mobile/Page/Register/Not Registered/Akun Bank/Edit Text - Account Number'

2021-10-29 15:12:43 - [TEST_STEP][PASSED] - hideKeyboard(): Keyboard is hidden

2021-10-29 15:12:49 - [MESSAGE][PASSED] - Keyboard is hidden

2021-10-29 15:12:49 - [TEST_STEP][PASSED] - delay(1): Delayed 1 second(s)

2021-10-29 15:12:50 - [MESSAGE][PASSED] - Delayed 1 second(s)

2021-10-29 15:12:50 - [TEST_STEP][PASSED] - if (negativeStatus == "ownerNameNotMatch"): null

2021-10-29 15:12:50 - [TEST_STEP][PASSED] - else: Delayed 1 second(s)

2021-10-29 15:12:50 - [TEST_STEP][PASSED] - tap(findTestObject("Object Repository/Mobile/Page/Register/Not Registered/Akun Bank/Edit Text - Name Owner"), 0): Tapped on element 'Object Repository/Mobile/Page/Register/Not Registered/Akun Bank/Edit Text - Name Owner'

2021-10-29 15:12:50 - [MESSAGE][WARNING] - Timeout '0' is invalid. Using default page load timeout: '60'

2021-10-29 15:12:51 - [MESSAGE][PASSED] - Tapped on element 'Object Repository/Mobile/Page/Register/Not Registered/Akun Bank/Edit Text - Name Owner'

2021-10-29 15:12:51 - [TEST_STEP][PASSED] - setText(findTestObject("Object Repository/Mobile/Page/Register/Not Registered/Akun Bank/Edit Text - Name Owner"), nameowner, 0): Text 'QATESTReNjAiOBMgpzxll' has been set to element 'Object Repository/Mobile/Page/Register/Not Registered/Akun Bank/Edit Text - Name Owner'

2021-10-29 15:12:51 - [MESSAGE][WARNING] - Timeout '0' is invalid. Using default page load timeout: '60'

2021-10-29 15:12:52 - [MESSAGE][PASSED] - Text 'QATESTReNjAiOBMgpzxll' has been set to element 'Object Repository/Mobile/Page/Register/Not Registered/Akun Bank/Edit Text - Name Owner'

2021-10-29 15:12:52 - [TEST_STEP][PASSED] - hideKeyboard(): Keyboard is hidden

2021-10-29 15:12:56 - [MESSAGE][PASSED] - Keyboard is hidden

2021-10-29 15:12:56 - [TEST_STEP][PASSED] - delay(1): Delayed 1 second(s)

2021-10-29 15:12:57 - [MESSAGE][PASSED] - Delayed 1 second(s)

2021-10-29 15:12:57 - [TEST_STEP][PASSED] - tap(findTestObject("Object Repository/Mobile/Page/Register/Not Registered/Akun Bank/Button - Next"), 0): Tapped on element 'Object Repository/Mobile/Page/Register/Not Registered/Akun Bank/Button - Next'

2021-10-29 15:12:57 - [MESSAGE][WARNING] - Timeout '0' is invalid. Using default page load timeout: '60'

2021-10-29 15:12:58 - [MESSAGE][PASSED] - Tapped on element 'Object Repository/Mobile/Page/Register/Not Registered/Akun Bank/Button - Next'

2021-10-29 15:12:58 - [TEST_STEP][PASSED] - delay(1): Delayed 1 second(s)

2021-10-29 15:12:59 - [MESSAGE][PASSED] - Delayed 1 second(s)

2021-10-29 15:12:59 - [TEST_STEP][PASSED] - if (isUseReferralCode == 1): Delayed 1 second(s)

2021-10-29 15:12:59 - [TEST_STEP][PASSED] - tap(findTestObject("Object Repository/Mobile/Page/Register/Not Registered/Konfirmasi/Edit Text - Referral Code"), 0): Tapped on element 'Object Repository/Mobile/Page/Register/Not Registered/Konfirmasi/Edit Text - Referral Code'

2021-10-29 15:12:59 - [MESSAGE][WARNING] - Timeout '0' is invalid. Using default page load timeout: '60'

2021-10-29 15:12:59 - [MESSAGE][PASSED] - Tapped on element 'Object Repository/Mobile/Page/Register/Not Registered/Konfirmasi/Edit Text - Referral Code'

2021-10-29 15:12:59 - [TEST_STEP][PASSED] - setText(findTestObject("Object Repository/Mobile/Page/Register/Not Registered/Konfirmasi/Edit Text - Referral Code"), referralcode, 0): Text '15412' has been set to element 'Object Repository/Mobile/Page/Register/Not Registered/Konfirmasi/Edit Text - Referral Code'

2021-10-29 15:12:59 - [MESSAGE][WARNING] - Timeout '0' is invalid. Using default page load timeout: '60'

2021-10-29 15:13:01 - [MESSAGE][PASSED] - Text '15412' has been set to element 'Object Repository/Mobile/Page/Register/Not Registered/Konfirmasi/Edit Text - Referral Code'

2021-10-29 15:13:01 - [TEST_STEP][PASSED] - hideKeyboard(): Keyboard is hidden

2021-10-29 15:13:04 - [MESSAGE][PASSED] - Keyboard is hidden

2021-10-29 15:13:04 - [TEST_STEP][PASSED] - delay(1): Delayed 1 second(s)

2021-10-29 15:13:05 - [MESSAGE][PASSED] - Delayed 1 second(s)

2021-10-29 15:13:05 - [TEST_STEP][PASSED] - if (negativeStatus == "noSignature"): null

2021-10-29 15:13:05 - [TEST_STEP][PASSED] - else: Delayed 1 second(s)

2021-10-29 15:13:05 - [TEST_STEP][PASSED] - scroll.scroll.scrollRightToLeft(findTestObject("Mobile/Page/Register/Not Registered/Konfirmasi/Field - Signature")): scroll.scroll.scrollRightToLeft is PASSED

2021-10-29 15:13:05 - [MESSAGE][WARNING] - Timeout '0' is invalid. Using default page load timeout: '60'

2021-10-29 15:13:05 - [MESSAGE][PASSED] - Object 'Object Repository/Mobile/Page/Register/Not Registered/Konfirmasi/Field - Signature' has left position '31'

2021-10-29 15:13:05 - [MESSAGE][WARNING] - Timeout '0' is invalid. Using default page load timeout: '60'

2021-10-29 15:13:05 - [MESSAGE][PASSED] - Object 'Object Repository/Mobile/Page/Register/Not Registered/Konfirmasi/Field - Signature' has top position '612'

2021-10-29 15:13:05 - [MESSAGE][WARNING] - Timeout '0' is invalid. Using default page load timeout: '60'

2021-10-29 15:13:05 - [MESSAGE][PASSED] - Object 'Object Repository/Mobile/Page/Register/Not Registered/Konfirmasi/Field - Signature' has width: '658'

2021-10-29 15:13:05 - [MESSAGE][WARNING] - Timeout '0' is invalid. Using default page load timeout: '60'

2021-10-29 15:13:06 - [MESSAGE][PASSED] - Object 'Object Repository/Mobile/Page/Register/Not Registered/Konfirmasi/Field - Signature' has height: '384'

2021-10-29 15:13:07 - [MESSAGE][PASSED] - Swiped from 557,804 to 162,804

2021-10-29 15:13:07 - [MESSAGE][PASSED] - scroll.scroll.scrollRightToLeft is PASSED

2021-10-29 15:13:07 - [TEST_STEP][PASSED] - delay(1): Delayed 1 second(s)

2021-10-29 15:13:08 - [MESSAGE][PASSED] - Delayed 1 second(s)

2021-10-29 15:13:08 - [TEST_STEP][PASSED] - tap(findTestObject("Mobile/Page/Register/Not Registered/Konfirmasi/Checkbox - Agreement"), 0): Tapped on element 'Object Repository/Mobile/Page/Register/Not Registered/Konfirmasi/Checkbox - Agreement'

2021-10-29 15:13:08 - [MESSAGE][WARNING] - Timeout '0' is invalid. Using default page load timeout: '60'

2021-10-29 15:13:08 - [MESSAGE][PASSED] - Tapped on element 'Object Repository/Mobile/Page/Register/Not Registered/Konfirmasi/Checkbox - Agreement'

2021-10-29 15:13:08 - [TEST_STEP][PASSED] - delay(1): Delayed 1 second(s)

2021-10-29 15:13:09 - [MESSAGE][PASSED] - Delayed 1 second(s)

2021-10-29 15:13:09 - [TEST_STEP][PASSED] - pressBack(): Press back button successfully

2021-10-29 15:13:09 - [MESSAGE][PASSED] - Press back button successfully

2021-10-29 15:13:09 - [TEST_STEP][PASSED] - delay(1): Delayed 1 second(s)

2021-10-29 15:13:10 - [MESSAGE][PASSED] - Delayed 1 second(s)

2021-10-29 15:13:10 - [TEST_STEP][PASSED] - hideKeyboard(): Keyboard is hidden

2021-10-29 15:13:14 - [MESSAGE][PASSED] - Keyboard is hidden

2021-10-29 15:13:14 - [TEST_STEP][PASSED] - tap(findTestObject("Object Repository/Mobile/Page/Register/Not Registered/Konfirmasi/Button - Next"), 0): Tapped on element 'Object Repository/Mobile/Page/Register/Not Registered/Konfirmasi/Button - Next'

2021-10-29 15:13:14 - [MESSAGE][WARNING] - Timeout '0' is invalid. Using default page load timeout: '60'

2021-10-29 15:13:15 - [MESSAGE][PASSED] - Tapped on element 'Object Repository/Mobile/Page/Register/Not Registered/Konfirmasi/Button - Next'

2021-10-29 15:13:15 - [TEST_STEP][PASSED] - delay(5): Delayed 5 second(s)

2021-10-29 15:13:20 - [MESSAGE][PASSED] - Delayed 5 second(s)

2021-10-29 15:13:20 - [TEST_STEP][PASSED] - tap(findTestObject("Object Repository/Mobile/Page/Register/Not Registered/Konfirmasi/Button - Back to Home"), 0): Tapped on element 'Object Repository/Mobile/Page/Register/Not Registered/Konfirmasi/Button - Back to Home'

2021-10-29 15:13:20 - [MESSAGE][WARNING] - Timeout '0' is invalid. Using default page load timeout: '60'

2021-10-29 15:13:21 - [MESSAGE][PASSED] - Tapped on element 'Object Repository/Mobile/Page/Register/Not Registered/Konfirmasi/Button - Back to Home'

2021-10-29 15:13:21 - [TEST_STEP][PASSED] - delay(1): Delayed 1 second(s)

2021-10-29 15:13:22 - [MESSAGE][PASSED] - Delayed 1 second(s)

2021-10-29 15:13:22 - [MESSAGE][PASSED] - Call Test Case 'Test Cases/Mobile/Page/Register/Register' successfully

2021-10-29 15:13:22 - [TEST_STEP][PASSED] - callTestCase(findTestCase("Mobile/Page/Run App/Terminate App"), [:], STOP_ON_FAILURE): Call Test Case 'Test Cases/Mobile/Page/Run App/Terminate App' successfully

2021-10-29 15:13:22 - [TEST_CASE][PASSED] - Test Cases/Mobile/Page/Run App/Terminate App: Test Cases/Mobile/Page/Run App/Terminate App

2021-10-29 15:13:22 - [TEST_STEP][PASSED] - startApp.OpenApp.terminateApplication(): startApp.OpenApp.terminateApplication is PASSED

2021-10-29 15:13:25 - [MESSAGE][PASSED] - Delayed 3 second(s)

2021-10-29 15:13:26 - [MESSAGE][PASSED] - Current device physical width is 720

2021-10-29 15:13:26 - [MESSAGE][PASSED] - Current device physical height is 1423

2021-10-29 15:13:27 - [MESSAGE][PASSED] - Swiped from 360,853 to 360,142

2021-10-29 15:13:28 - [MESSAGE][PASSED] - Delayed 1 second(s)

2021-10-29 15:13:29 - [MESSAGE][PASSED] - Swiped from 360,853 to 360,142

2021-10-29 15:13:32 - [MESSAGE][PASSED] - Delayed 3 second(s)

2021-10-29 15:13:32 - [MESSAGE][PASSED] - startApp.OpenApp.terminateApplication is PASSED

2021-10-29 15:13:32 - [MESSAGE][PASSED] - Call Test Case 'Test Cases/Mobile/Page/Run App/Terminate App' successfully]]></system-out>
         <system-err><![CDATA[]]></system-err>
      </testcase>
      <testcase name="Test Cases/Mobile/Scenario/Register/006 - Registrasi akun baru dengan alamat sesuai KTP dan tidak mengisi kolom signature" time="207.932" classname="Test Cases/Mobile/Scenario/Register/006 - Registrasi akun baru dengan alamat sesuai KTP dan tidak mengisi kolom signature" status="PASSED">
         <system-out><![CDATA[2021-10-29 15:13:32 - [TEST_CASE][PASSED] - Test Cases/Mobile/Scenario/Register/006 - Registrasi akun baru dengan alamat sesuai KTP dan tidak mengisi kolom signature: Test Cases/Mobile/Scenario/Register/006 - Registrasi akun baru dengan alamat sesuai KTP dan tidak mengisi kolom signature

2021-10-29 15:13:33 - [TEST_STEP][PASSED] - callTestCase(findTestCase("Mobile/Page/Run App/Run App byID"), [:], STOP_ON_FAILURE): Call Test Case 'Test Cases/Mobile/Page/Run App/Run App byID' successfully

2021-10-29 15:13:33 - [TEST_CASE][PASSED] - Test Cases/Mobile/Page/Run App/Run App byID: Test Cases/Mobile/Page/Run App/Run App byID

2021-10-29 15:13:33 - [TEST_STEP][PASSED] - startApp.OpenApp.startApplication("com.mirae.maxfund"): startApp.OpenApp.startApplication is PASSED

2021-10-29 15:13:44 - [MESSAGE][PASSED] - Starting app with application ID: 'com.mirae.maxfund'

2021-10-29 15:13:44 - [MESSAGE][PASSED] - startApp.OpenApp.startApplication is PASSED

2021-10-29 15:13:44 - [MESSAGE][PASSED] - Call Test Case 'Test Cases/Mobile/Page/Run App/Run App byID' successfully

2021-10-29 15:13:44 - [TEST_STEP][PASSED] - callTestCase(findTestCase("Mobile/Page/Register/Register"), ["isFromLoginPage":0, "isRegistered":0, "isBedaAlamat":0, "isUseReferralCode":0, "negativeStatus":"noSignature"], STOP_ON_FAILURE): Call Test Case 'Test Cases/Mobile/Page/Register/Register' successfully

2021-10-29 15:13:44 - [TEST_CASE][PASSED] - Test Cases/Mobile/Page/Register/Register: Test Cases/Mobile/Page/Register/Register

2021-10-29 15:13:45 - [TEST_STEP][PASSED] - delay(5): Delayed 5 second(s)

2021-10-29 15:13:50 - [MESSAGE][PASSED] - Delayed 5 second(s)

2021-10-29 15:13:50 - [TEST_STEP][PASSED] - if (isFromLoginPage == 1): null

2021-10-29 15:13:50 - [TEST_STEP][PASSED] - else: Tapped on element 'Object Repository/Mobile/Page/Dashboard/Button - Register'

2021-10-29 15:13:50 - [TEST_STEP][PASSED] - tap(findTestObject("Object Repository/Mobile/Page/Dashboard/Button - Register"), 0): Tapped on element 'Object Repository/Mobile/Page/Dashboard/Button - Register'

2021-10-29 15:13:50 - [MESSAGE][WARNING] - Timeout '0' is invalid. Using default page load timeout: '60'

2021-10-29 15:13:52 - [MESSAGE][PASSED] - Tapped on element 'Object Repository/Mobile/Page/Dashboard/Button - Register'

2021-10-29 15:13:52 - [TEST_STEP][PASSED] - delay(3): Delayed 3 second(s)

2021-10-29 15:13:55 - [MESSAGE][PASSED] - Delayed 3 second(s)

2021-10-29 15:13:55 - [TEST_STEP][PASSED] - if (isRegistered == 1): null

2021-10-29 15:13:55 - [TEST_STEP][PASSED] - else: null

2021-10-29 15:13:55 - [TEST_STEP][PASSED] - RegisterMethod.notRegistered(negativeStatus, isBedaAlamat, isUseReferralCode): null

2021-10-29 15:13:55 - [TEST_STEP][PASSED] - fullname = "QATEST" + acak.acak.randomStringWord(): acak.acak.randomStringWord is PASSED

2021-10-29 15:13:55 - [MESSAGE][PASSED] - acak.acak.randomStringWord is PASSED

2021-10-29 15:13:55 - [TEST_STEP][PASSED] - birthdate = "1/1/1998": null

2021-10-29 15:13:55 - [TEST_STEP][PASSED] - phone = "082" + acak.acak.randomStringNumber(9): acak.acak.randomStringNumber is PASSED

2021-10-29 15:13:55 - [MESSAGE][PASSED] - acak.acak.randomStringNumber is PASSED

2021-10-29 15:13:55 - [TEST_STEP][PASSED] - email = fullname + "@gmail.com": null

2021-10-29 15:13:55 - [TEST_STEP][PASSED] - password = "Mirae1234": null

2021-10-29 15:13:55 - [TEST_STEP][PASSED] - branch = "qa cabang": null

2021-10-29 15:13:55 - [TEST_STEP][PASSED] - accountnumber = "222444222444": null

2021-10-29 15:13:55 - [TEST_STEP][PASSED] - nameowner = fullname: null

2021-10-29 15:13:55 - [TEST_STEP][PASSED] - alamat = "Jl. Cempaka Putih Barat 12 F No.12, RT.8/RW.8": null

2021-10-29 15:13:55 - [TEST_STEP][PASSED] - kodepos = "15412": null

2021-10-29 15:13:55 - [TEST_STEP][PASSED] - referralcode = "15412": null

2021-10-29 15:13:55 - [TEST_STEP][PASSED] - flag = "indonesia": null

2021-10-29 15:13:55 - [TEST_STEP][PASSED] - bank = "citibank": null

2021-10-29 15:13:55 - [TEST_STEP][PASSED] - tap(findTestObject("Object Repository/Mobile/Page/Register/Radio Button - Not registered yet"), 0): Tapped on element 'Object Repository/Mobile/Page/Register/Radio Button - Not registered yet'

2021-10-29 15:13:55 - [MESSAGE][WARNING] - Timeout '0' is invalid. Using default page load timeout: '60'

2021-10-29 15:13:56 - [MESSAGE][PASSED] - Tapped on element 'Object Repository/Mobile/Page/Register/Radio Button - Not registered yet'

2021-10-29 15:13:56 - [TEST_STEP][PASSED] - delay(3): Delayed 3 second(s)

2021-10-29 15:13:59 - [MESSAGE][PASSED] - Delayed 3 second(s)

2021-10-29 15:13:59 - [TEST_STEP][PASSED] - tap(findTestObject("Object Repository/Mobile/Page/Register/Not Registered/Button - Next"), 0): Tapped on element 'Object Repository/Mobile/Page/Register/Not Registered/Button - Next'

2021-10-29 15:13:59 - [MESSAGE][WARNING] - Timeout '0' is invalid. Using default page load timeout: '60'

2021-10-29 15:14:00 - [MESSAGE][PASSED] - Tapped on element 'Object Repository/Mobile/Page/Register/Not Registered/Button - Next'

2021-10-29 15:14:00 - [TEST_STEP][PASSED] - delay(1): Delayed 1 second(s)

2021-10-29 15:14:01 - [MESSAGE][PASSED] - Delayed 1 second(s)

2021-10-29 15:14:01 - [TEST_STEP][PASSED] - tap(findTestObject("Object Repository/Mobile/Page/Register/Not Registered/Informasi Pribadi/Edit Text - Fullname"), 0): Tapped on element 'Object Repository/Mobile/Page/Register/Not Registered/Informasi Pribadi/Edit Text - Fullname'

2021-10-29 15:14:01 - [MESSAGE][WARNING] - Timeout '0' is invalid. Using default page load timeout: '60'

2021-10-29 15:14:02 - [MESSAGE][PASSED] - Tapped on element 'Object Repository/Mobile/Page/Register/Not Registered/Informasi Pribadi/Edit Text - Fullname'

2021-10-29 15:14:02 - [TEST_STEP][PASSED] - setText(findTestObject("Object Repository/Mobile/Page/Register/Not Registered/Informasi Pribadi/Edit Text - Fullname"), fullname, 0): Text 'QATESTctUnZFXClRTeKRT' has been set to element 'Object Repository/Mobile/Page/Register/Not Registered/Informasi Pribadi/Edit Text - Fullname'

2021-10-29 15:14:02 - [MESSAGE][WARNING] - Timeout '0' is invalid. Using default page load timeout: '60'

2021-10-29 15:14:03 - [MESSAGE][PASSED] - Text 'QATESTctUnZFXClRTeKRT' has been set to element 'Object Repository/Mobile/Page/Register/Not Registered/Informasi Pribadi/Edit Text - Fullname'

2021-10-29 15:14:03 - [TEST_STEP][PASSED] - hideKeyboard(): Keyboard is hidden

2021-10-29 15:14:08 - [MESSAGE][PASSED] - Keyboard is hidden

2021-10-29 15:14:08 - [TEST_STEP][PASSED] - delay(1): Delayed 1 second(s)

2021-10-29 15:14:09 - [MESSAGE][PASSED] - Delayed 1 second(s)

2021-10-29 15:14:09 - [TEST_STEP][PASSED] - tap(findTestObject("Object Repository/Mobile/Page/Register/Not Registered/Informasi Pribadi/Date Picker - Date of Birth"), 0): Tapped on element 'Object Repository/Mobile/Page/Register/Not Registered/Informasi Pribadi/Date Picker - Date of Birth'

2021-10-29 15:14:09 - [MESSAGE][WARNING] - Timeout '0' is invalid. Using default page load timeout: '60'

2021-10-29 15:14:09 - [MESSAGE][PASSED] - Tapped on element 'Object Repository/Mobile/Page/Register/Not Registered/Informasi Pribadi/Date Picker - Date of Birth'

2021-10-29 15:14:09 - [TEST_STEP][PASSED] - tap(findTestObject("Object Repository/Mobile/Page/Register/Not Registered/Informasi Pribadi/Date Picker - Icon Edit"), 0): Tapped on element 'Object Repository/Mobile/Page/Register/Not Registered/Informasi Pribadi/Date Picker - Icon Edit'

2021-10-29 15:14:09 - [MESSAGE][WARNING] - Timeout '0' is invalid. Using default page load timeout: '60'

2021-10-29 15:14:12 - [MESSAGE][PASSED] - Tapped on element 'Object Repository/Mobile/Page/Register/Not Registered/Informasi Pribadi/Date Picker - Icon Edit'

2021-10-29 15:14:12 - [TEST_STEP][PASSED] - if (negativeStatus == "less17YearsOld"): null

2021-10-29 15:14:12 - [TEST_STEP][PASSED] - else: Delayed 1 second(s)

2021-10-29 15:14:12 - [TEST_STEP][PASSED] - setText(findTestObject("Mobile/Page/Register/Not Registered/Informasi Pribadi/Date Picker - Edit Text Date"), birthdate, 0): Text '1/1/1998' has been set to element 'Object Repository/Mobile/Page/Register/Not Registered/Informasi Pribadi/Date Picker - Edit Text Date'

2021-10-29 15:14:12 - [MESSAGE][WARNING] - Timeout '0' is invalid. Using default page load timeout: '60'

2021-10-29 15:14:13 - [MESSAGE][PASSED] - Text '1/1/1998' has been set to element 'Object Repository/Mobile/Page/Register/Not Registered/Informasi Pribadi/Date Picker - Edit Text Date'

2021-10-29 15:14:13 - [TEST_STEP][PASSED] - tap(findTestObject("Mobile/Page/Register/Not Registered/Informasi Pribadi/Date Picker - Button OK"), 0): Tapped on element 'Object Repository/Mobile/Page/Register/Not Registered/Informasi Pribadi/Date Picker - Button OK'

2021-10-29 15:14:13 - [MESSAGE][WARNING] - Timeout '0' is invalid. Using default page load timeout: '60'

2021-10-29 15:14:14 - [MESSAGE][PASSED] - Tapped on element 'Object Repository/Mobile/Page/Register/Not Registered/Informasi Pribadi/Date Picker - Button OK'

2021-10-29 15:14:14 - [TEST_STEP][PASSED] - delay(1): Delayed 1 second(s)

2021-10-29 15:14:15 - [MESSAGE][PASSED] - Delayed 1 second(s)

2021-10-29 15:14:15 - [TEST_STEP][PASSED] - tap(findTestObject("Object Repository/Mobile/Page/Register/Not Registered/Informasi Pribadi/Dropdown - Flag Phone Number"), 0): Tapped on element 'Object Repository/Mobile/Page/Register/Not Registered/Informasi Pribadi/Dropdown - Flag Phone Number'

2021-10-29 15:14:15 - [MESSAGE][WARNING] - Timeout '0' is invalid. Using default page load timeout: '60'

2021-10-29 15:14:16 - [MESSAGE][PASSED] - Tapped on element 'Object Repository/Mobile/Page/Register/Not Registered/Informasi Pribadi/Dropdown - Flag Phone Number'

2021-10-29 15:14:16 - [TEST_STEP][PASSED] - tap(findTestObject("Object Repository/Mobile/Page/Register/Not Registered/Informasi Pribadi/Edit Text - Search Flag"), 0): Tapped on element 'Object Repository/Mobile/Page/Register/Not Registered/Informasi Pribadi/Edit Text - Search Flag'

2021-10-29 15:14:16 - [MESSAGE][WARNING] - Timeout '0' is invalid. Using default page load timeout: '60'

2021-10-29 15:14:17 - [MESSAGE][PASSED] - Tapped on element 'Object Repository/Mobile/Page/Register/Not Registered/Informasi Pribadi/Edit Text - Search Flag'

2021-10-29 15:14:17 - [TEST_STEP][PASSED] - setText(findTestObject("Object Repository/Mobile/Page/Register/Not Registered/Informasi Pribadi/Edit Text - Search Flag"), flag, 0): Text 'indonesia' has been set to element 'Object Repository/Mobile/Page/Register/Not Registered/Informasi Pribadi/Edit Text - Search Flag'

2021-10-29 15:14:17 - [MESSAGE][WARNING] - Timeout '0' is invalid. Using default page load timeout: '60'

2021-10-29 15:14:18 - [MESSAGE][PASSED] - Text 'indonesia' has been set to element 'Object Repository/Mobile/Page/Register/Not Registered/Informasi Pribadi/Edit Text - Search Flag'

2021-10-29 15:14:18 - [TEST_STEP][PASSED] - tap(findTestObject("Mobile/Page/Register/Not Registered/Informasi Pribadi/Item Flag - Top Search"), 0): Tapped on element 'Object Repository/Mobile/Page/Register/Not Registered/Informasi Pribadi/Item Flag - Top Search'

2021-10-29 15:14:19 - [MESSAGE][WARNING] - Timeout '0' is invalid. Using default page load timeout: '60'

2021-10-29 15:14:20 - [MESSAGE][PASSED] - Tapped on element 'Object Repository/Mobile/Page/Register/Not Registered/Informasi Pribadi/Item Flag - Top Search'

2021-10-29 15:14:20 - [TEST_STEP][PASSED] - tap(findTestObject("Object Repository/Mobile/Page/Register/Not Registered/Informasi Pribadi/Edit Text - Phone Number"), 0): Tapped on element 'Object Repository/Mobile/Page/Register/Not Registered/Informasi Pribadi/Edit Text - Phone Number'

2021-10-29 15:14:20 - [MESSAGE][WARNING] - Timeout '0' is invalid. Using default page load timeout: '60'

2021-10-29 15:14:21 - [MESSAGE][PASSED] - Tapped on element 'Object Repository/Mobile/Page/Register/Not Registered/Informasi Pribadi/Edit Text - Phone Number'

2021-10-29 15:14:21 - [TEST_STEP][PASSED] - setText(findTestObject("Object Repository/Mobile/Page/Register/Not Registered/Informasi Pribadi/Edit Text - Phone Number"), phone, 0): Text '082886363095' has been set to element 'Object Repository/Mobile/Page/Register/Not Registered/Informasi Pribadi/Edit Text - Phone Number'

2021-10-29 15:14:21 - [MESSAGE][WARNING] - Timeout '0' is invalid. Using default page load timeout: '60'

2021-10-29 15:14:22 - [MESSAGE][PASSED] - Text '082886363095' has been set to element 'Object Repository/Mobile/Page/Register/Not Registered/Informasi Pribadi/Edit Text - Phone Number'

2021-10-29 15:14:22 - [TEST_STEP][PASSED] - hideKeyboard(): Keyboard is hidden

2021-10-29 15:14:29 - [MESSAGE][PASSED] - Keyboard is hidden

2021-10-29 15:14:29 - [TEST_STEP][PASSED] - delay(1): Delayed 1 second(s)

2021-10-29 15:14:30 - [MESSAGE][PASSED] - Delayed 1 second(s)

2021-10-29 15:14:30 - [TEST_STEP][PASSED] - tap(findTestObject("Object Repository/Mobile/Page/Register/Not Registered/Informasi Pribadi/Dropdown - Flag Re Phone Number"), 0): Tapped on element 'Object Repository/Mobile/Page/Register/Not Registered/Informasi Pribadi/Dropdown - Flag Re Phone Number'

2021-10-29 15:14:30 - [MESSAGE][WARNING] - Timeout '0' is invalid. Using default page load timeout: '60'

2021-10-29 15:14:31 - [MESSAGE][PASSED] - Tapped on element 'Object Repository/Mobile/Page/Register/Not Registered/Informasi Pribadi/Dropdown - Flag Re Phone Number'

2021-10-29 15:14:31 - [TEST_STEP][PASSED] - tap(findTestObject("Object Repository/Mobile/Page/Register/Not Registered/Informasi Pribadi/Edit Text - Search Flag"), 0): Tapped on element 'Object Repository/Mobile/Page/Register/Not Registered/Informasi Pribadi/Edit Text - Search Flag'

2021-10-29 15:14:31 - [MESSAGE][WARNING] - Timeout '0' is invalid. Using default page load timeout: '60'

2021-10-29 15:14:31 - [MESSAGE][PASSED] - Tapped on element 'Object Repository/Mobile/Page/Register/Not Registered/Informasi Pribadi/Edit Text - Search Flag'

2021-10-29 15:14:31 - [TEST_STEP][PASSED] - setText(findTestObject("Object Repository/Mobile/Page/Register/Not Registered/Informasi Pribadi/Edit Text - Search Flag"), flag, 0): Text 'indonesia' has been set to element 'Object Repository/Mobile/Page/Register/Not Registered/Informasi Pribadi/Edit Text - Search Flag'

2021-10-29 15:14:31 - [MESSAGE][WARNING] - Timeout '0' is invalid. Using default page load timeout: '60'

2021-10-29 15:14:33 - [MESSAGE][PASSED] - Text 'indonesia' has been set to element 'Object Repository/Mobile/Page/Register/Not Registered/Informasi Pribadi/Edit Text - Search Flag'

2021-10-29 15:14:33 - [TEST_STEP][PASSED] - tap(findTestObject("Mobile/Page/Register/Not Registered/Informasi Pribadi/Item Flag - Top Search"), 0): Tapped on element 'Object Repository/Mobile/Page/Register/Not Registered/Informasi Pribadi/Item Flag - Top Search'

2021-10-29 15:14:33 - [MESSAGE][WARNING] - Timeout '0' is invalid. Using default page load timeout: '60'

2021-10-29 15:14:35 - [MESSAGE][PASSED] - Tapped on element 'Object Repository/Mobile/Page/Register/Not Registered/Informasi Pribadi/Item Flag - Top Search'

2021-10-29 15:14:35 - [TEST_STEP][PASSED] - tap(findTestObject("Object Repository/Mobile/Page/Register/Not Registered/Informasi Pribadi/Edit Text - Re Phone Number"), 0): Tapped on element 'Object Repository/Mobile/Page/Register/Not Registered/Informasi Pribadi/Edit Text - Re Phone Number'

2021-10-29 15:14:35 - [MESSAGE][WARNING] - Timeout '0' is invalid. Using default page load timeout: '60'

2021-10-29 15:14:35 - [MESSAGE][PASSED] - Tapped on element 'Object Repository/Mobile/Page/Register/Not Registered/Informasi Pribadi/Edit Text - Re Phone Number'

2021-10-29 15:14:35 - [TEST_STEP][PASSED] - setText(findTestObject("Object Repository/Mobile/Page/Register/Not Registered/Informasi Pribadi/Edit Text - Re Phone Number"), phone, 0): Text '082886363095' has been set to element 'Object Repository/Mobile/Page/Register/Not Registered/Informasi Pribadi/Edit Text - Re Phone Number'

2021-10-29 15:14:35 - [MESSAGE][WARNING] - Timeout '0' is invalid. Using default page load timeout: '60'

2021-10-29 15:14:36 - [MESSAGE][PASSED] - Text '082886363095' has been set to element 'Object Repository/Mobile/Page/Register/Not Registered/Informasi Pribadi/Edit Text - Re Phone Number'

2021-10-29 15:14:36 - [TEST_STEP][PASSED] - hideKeyboard(): Keyboard is hidden

2021-10-29 15:14:42 - [MESSAGE][PASSED] - Keyboard is hidden

2021-10-29 15:14:42 - [TEST_STEP][PASSED] - delay(1): Delayed 1 second(s)

2021-10-29 15:14:43 - [MESSAGE][PASSED] - Delayed 1 second(s)

2021-10-29 15:14:43 - [TEST_STEP][PASSED] - if (negativeStatus == "emailRegistered"): null

2021-10-29 15:14:43 - [TEST_STEP][PASSED] - else: Delayed 1 second(s)

2021-10-29 15:14:43 - [TEST_STEP][PASSED] - tap(findTestObject("Object Repository/Mobile/Page/Register/Not Registered/Informasi Pribadi/Edit Text - Email"), 0): Tapped on element 'Object Repository/Mobile/Page/Register/Not Registered/Informasi Pribadi/Edit Text - Email'

2021-10-29 15:14:43 - [MESSAGE][WARNING] - Timeout '0' is invalid. Using default page load timeout: '60'

2021-10-29 15:14:44 - [MESSAGE][PASSED] - Tapped on element 'Object Repository/Mobile/Page/Register/Not Registered/Informasi Pribadi/Edit Text - Email'

2021-10-29 15:14:44 - [TEST_STEP][PASSED] - setText(findTestObject("Object Repository/Mobile/Page/Register/Not Registered/Informasi Pribadi/Edit Text - Email"), email, 0): Text 'QATESTctUnZFXClRTeKRT@gmail.com' has been set to element 'Object Repository/Mobile/Page/Register/Not Registered/Informasi Pribadi/Edit Text - Email'

2021-10-29 15:14:44 - [MESSAGE][WARNING] - Timeout '0' is invalid. Using default page load timeout: '60'

2021-10-29 15:14:45 - [MESSAGE][PASSED] - Text 'QATESTctUnZFXClRTeKRT@gmail.com' has been set to element 'Object Repository/Mobile/Page/Register/Not Registered/Informasi Pribadi/Edit Text - Email'

2021-10-29 15:14:45 - [TEST_STEP][PASSED] - hideKeyboard(): Keyboard is hidden

2021-10-29 15:14:48 - [MESSAGE][PASSED] - Keyboard is hidden

2021-10-29 15:14:48 - [TEST_STEP][PASSED] - delay(1): Delayed 1 second(s)

2021-10-29 15:14:49 - [MESSAGE][PASSED] - Delayed 1 second(s)

2021-10-29 15:14:49 - [TEST_STEP][PASSED] - if (negativeStatus == "emailNotMatch"): null

2021-10-29 15:14:49 - [TEST_STEP][PASSED] - else: Delayed 1 second(s)

2021-10-29 15:14:49 - [TEST_STEP][PASSED] - tap(findTestObject("Object Repository/Mobile/Page/Register/Not Registered/Informasi Pribadi/Edit Text - Re Email"), 0): Tapped on element 'Object Repository/Mobile/Page/Register/Not Registered/Informasi Pribadi/Edit Text - Re Email'

2021-10-29 15:14:50 - [MESSAGE][WARNING] - Timeout '0' is invalid. Using default page load timeout: '60'

2021-10-29 15:14:50 - [MESSAGE][PASSED] - Tapped on element 'Object Repository/Mobile/Page/Register/Not Registered/Informasi Pribadi/Edit Text - Re Email'

2021-10-29 15:14:50 - [TEST_STEP][PASSED] - setText(findTestObject("Object Repository/Mobile/Page/Register/Not Registered/Informasi Pribadi/Edit Text - Re Email"), email, 0): Text 'QATESTctUnZFXClRTeKRT@gmail.com' has been set to element 'Object Repository/Mobile/Page/Register/Not Registered/Informasi Pribadi/Edit Text - Re Email'

2021-10-29 15:14:50 - [MESSAGE][WARNING] - Timeout '0' is invalid. Using default page load timeout: '60'

2021-10-29 15:14:52 - [MESSAGE][PASSED] - Text 'QATESTctUnZFXClRTeKRT@gmail.com' has been set to element 'Object Repository/Mobile/Page/Register/Not Registered/Informasi Pribadi/Edit Text - Re Email'

2021-10-29 15:14:52 - [TEST_STEP][PASSED] - hideKeyboard(): Keyboard is hidden

2021-10-29 15:14:55 - [MESSAGE][PASSED] - Keyboard is hidden

2021-10-29 15:14:55 - [TEST_STEP][PASSED] - delay(1): Delayed 1 second(s)

2021-10-29 15:14:56 - [MESSAGE][PASSED] - Delayed 1 second(s)

2021-10-29 15:14:56 - [TEST_STEP][PASSED] - if (negativeStatus == "passwordNotFollowRules"): null

2021-10-29 15:14:56 - [TEST_STEP][PASSED] - else: Delayed 1 second(s)

2021-10-29 15:14:56 - [TEST_STEP][PASSED] - tap(findTestObject("Object Repository/Mobile/Page/Register/Not Registered/Informasi Pribadi/Edit Text - Password"), 0): Tapped on element 'Object Repository/Mobile/Page/Register/Not Registered/Informasi Pribadi/Edit Text - Password'

2021-10-29 15:14:56 - [MESSAGE][WARNING] - Timeout '0' is invalid. Using default page load timeout: '60'

2021-10-29 15:14:57 - [MESSAGE][PASSED] - Tapped on element 'Object Repository/Mobile/Page/Register/Not Registered/Informasi Pribadi/Edit Text - Password'

2021-10-29 15:14:57 - [TEST_STEP][PASSED] - setText(findTestObject("Object Repository/Mobile/Page/Register/Not Registered/Informasi Pribadi/Edit Text - Password"), password, 0): Text 'Mirae1234' has been set to element 'Object Repository/Mobile/Page/Register/Not Registered/Informasi Pribadi/Edit Text - Password'

2021-10-29 15:14:57 - [MESSAGE][WARNING] - Timeout '0' is invalid. Using default page load timeout: '60'

2021-10-29 15:14:58 - [MESSAGE][PASSED] - Text 'Mirae1234' has been set to element 'Object Repository/Mobile/Page/Register/Not Registered/Informasi Pribadi/Edit Text - Password'

2021-10-29 15:14:58 - [TEST_STEP][PASSED] - hideKeyboard(): Keyboard is hidden

2021-10-29 15:15:04 - [MESSAGE][PASSED] - Keyboard is hidden

2021-10-29 15:15:04 - [TEST_STEP][PASSED] - delay(1): Delayed 1 second(s)

2021-10-29 15:15:05 - [MESSAGE][PASSED] - Delayed 1 second(s)

2021-10-29 15:15:05 - [TEST_STEP][PASSED] - tap(findTestObject("Object Repository/Mobile/Page/Register/Not Registered/Informasi Pribadi/Edit Text - Re Password"), 0): Tapped on element 'Object Repository/Mobile/Page/Register/Not Registered/Informasi Pribadi/Edit Text - Re Password'

2021-10-29 15:15:05 - [MESSAGE][WARNING] - Timeout '0' is invalid. Using default page load timeout: '60'

2021-10-29 15:15:06 - [MESSAGE][PASSED] - Tapped on element 'Object Repository/Mobile/Page/Register/Not Registered/Informasi Pribadi/Edit Text - Re Password'

2021-10-29 15:15:06 - [TEST_STEP][PASSED] - setText(findTestObject("Object Repository/Mobile/Page/Register/Not Registered/Informasi Pribadi/Edit Text - Re Password"), password, 0): Text 'Mirae1234' has been set to element 'Object Repository/Mobile/Page/Register/Not Registered/Informasi Pribadi/Edit Text - Re Password'

2021-10-29 15:15:06 - [MESSAGE][WARNING] - Timeout '0' is invalid. Using default page load timeout: '60'

2021-10-29 15:15:07 - [MESSAGE][PASSED] - Text 'Mirae1234' has been set to element 'Object Repository/Mobile/Page/Register/Not Registered/Informasi Pribadi/Edit Text - Re Password'

2021-10-29 15:15:07 - [TEST_STEP][PASSED] - hideKeyboard(): Keyboard is hidden

2021-10-29 15:15:13 - [MESSAGE][PASSED] - Keyboard is hidden

2021-10-29 15:15:13 - [TEST_STEP][PASSED] - delay(1): Delayed 1 second(s)

2021-10-29 15:15:14 - [MESSAGE][PASSED] - Delayed 1 second(s)

2021-10-29 15:15:14 - [TEST_STEP][PASSED] - if (isBedaAlamat == 1): null

2021-10-29 15:15:14 - [TEST_STEP][PASSED] - tap(findTestObject("Object Repository/Mobile/Page/Register/Not Registered/Informasi Pribadi/Button - Icon KTP"), 0): Tapped on element 'Object Repository/Mobile/Page/Register/Not Registered/Informasi Pribadi/Button - Icon KTP'

2021-10-29 15:15:14 - [MESSAGE][WARNING] - Timeout '0' is invalid. Using default page load timeout: '60'

2021-10-29 15:15:15 - [MESSAGE][PASSED] - Tapped on element 'Object Repository/Mobile/Page/Register/Not Registered/Informasi Pribadi/Button - Icon KTP'

2021-10-29 15:15:15 - [TEST_STEP][PASSED] - permission = verifyElementExist(findTestObject("Object Repository/Mobile/Page/Register/Not Registered/Informasi Pribadi/Permission - Only this time"), 1, OPTIONAL): Element 'Object Repository/Mobile/Page/Register/Not Registered/Informasi Pribadi/Permission - Only this time' is exist

2021-10-29 15:15:16 - [MESSAGE][PASSED] - Element 'Object Repository/Mobile/Page/Register/Not Registered/Informasi Pribadi/Permission - Only this time' is exist

2021-10-29 15:15:16 - [TEST_STEP][PASSED] - if (permission): Tapped on element 'Object Repository/Mobile/Page/Register/Not Registered/Informasi Pribadi/Permission - Only this time'

2021-10-29 15:15:16 - [TEST_STEP][PASSED] - tap(findTestObject("Object Repository/Mobile/Page/Register/Not Registered/Informasi Pribadi/Permission - Only this time"), 0): Tapped on element 'Object Repository/Mobile/Page/Register/Not Registered/Informasi Pribadi/Permission - Only this time'

2021-10-29 15:15:16 - [MESSAGE][WARNING] - Timeout '0' is invalid. Using default page load timeout: '60'

2021-10-29 15:15:16 - [MESSAGE][PASSED] - Tapped on element 'Object Repository/Mobile/Page/Register/Not Registered/Informasi Pribadi/Permission - Only this time'

2021-10-29 15:15:16 - [TEST_STEP][PASSED] - permission = verifyElementExist(findTestObject("Object Repository/Mobile/Page/Register/Not Registered/Informasi Pribadi/Permission - Only this time"), 1, OPTIONAL): Element 'Object Repository/Mobile/Page/Register/Not Registered/Informasi Pribadi/Permission - Only this time' is exist

2021-10-29 15:15:17 - [MESSAGE][PASSED] - Element 'Object Repository/Mobile/Page/Register/Not Registered/Informasi Pribadi/Permission - Only this time' is exist

2021-10-29 15:15:17 - [TEST_STEP][PASSED] - if (permission): Tapped on element 'Object Repository/Mobile/Page/Register/Not Registered/Informasi Pribadi/Permission - Only this time'

2021-10-29 15:15:17 - [TEST_STEP][PASSED] - tap(findTestObject("Object Repository/Mobile/Page/Register/Not Registered/Informasi Pribadi/Permission - Only this time"), 0): Tapped on element 'Object Repository/Mobile/Page/Register/Not Registered/Informasi Pribadi/Permission - Only this time'

2021-10-29 15:15:17 - [MESSAGE][WARNING] - Timeout '0' is invalid. Using default page load timeout: '60'

2021-10-29 15:15:18 - [MESSAGE][PASSED] - Tapped on element 'Object Repository/Mobile/Page/Register/Not Registered/Informasi Pribadi/Permission - Only this time'

2021-10-29 15:15:18 - [TEST_STEP][PASSED] - tap(findTestObject("Object Repository/Mobile/Page/Register/Not Registered/Informasi Pribadi/Button - Capture KTP"), 0): Tapped on element 'Object Repository/Mobile/Page/Register/Not Registered/Informasi Pribadi/Button - Capture KTP'

2021-10-29 15:15:18 - [MESSAGE][WARNING] - Timeout '0' is invalid. Using default page load timeout: '60'

2021-10-29 15:15:20 - [MESSAGE][PASSED] - Tapped on element 'Object Repository/Mobile/Page/Register/Not Registered/Informasi Pribadi/Button - Capture KTP'

2021-10-29 15:15:20 - [TEST_STEP][PASSED] - delay(2): Delayed 2 second(s)

2021-10-29 15:15:22 - [MESSAGE][PASSED] - Delayed 2 second(s)

2021-10-29 15:15:22 - [TEST_STEP][PASSED] - scroll.scroll.scrollLeftToRight(findTestObject("Object Repository/Mobile/Page/Register/Not Registered/Informasi Pribadi/Slider - Edit Photo Scale")): scroll.scroll.scrollLeftToRight is PASSED

2021-10-29 15:15:22 - [MESSAGE][WARNING] - Timeout '0' is invalid. Using default page load timeout: '60'

2021-10-29 15:15:24 - [MESSAGE][PASSED] - Object 'Object Repository/Mobile/Page/Register/Not Registered/Informasi Pribadi/Slider - Edit Photo Scale' has left position '0'

2021-10-29 15:15:24 - [MESSAGE][WARNING] - Timeout '0' is invalid. Using default page load timeout: '60'

2021-10-29 15:15:24 - [MESSAGE][PASSED] - Object 'Object Repository/Mobile/Page/Register/Not Registered/Informasi Pribadi/Slider - Edit Photo Scale' has top position '1,284'

2021-10-29 15:15:24 - [MESSAGE][WARNING] - Timeout '0' is invalid. Using default page load timeout: '60'

2021-10-29 15:15:24 - [MESSAGE][PASSED] - Object 'Object Repository/Mobile/Page/Register/Not Registered/Informasi Pribadi/Slider - Edit Photo Scale' has width: '720'

2021-10-29 15:15:24 - [MESSAGE][WARNING] - Timeout '0' is invalid. Using default page load timeout: '60'

2021-10-29 15:15:24 - [MESSAGE][PASSED] - Object 'Object Repository/Mobile/Page/Register/Not Registered/Informasi Pribadi/Slider - Edit Photo Scale' has height: '66'

2021-10-29 15:15:26 - [MESSAGE][PASSED] - Swiped from 144,1,317 to 576,1,317

2021-10-29 15:15:26 - [MESSAGE][PASSED] - scroll.scroll.scrollLeftToRight is PASSED

2021-10-29 15:15:26 - [TEST_STEP][PASSED] - tap(findTestObject("Object Repository/Mobile/Page/Register/Not Registered/Informasi Pribadi/Button - Edit Photo Rotate"), 0): Tapped on element 'Object Repository/Mobile/Page/Register/Not Registered/Informasi Pribadi/Button - Edit Photo Rotate'

2021-10-29 15:15:26 - [MESSAGE][WARNING] - Timeout '0' is invalid. Using default page load timeout: '60'

2021-10-29 15:15:26 - [MESSAGE][PASSED] - Tapped on element 'Object Repository/Mobile/Page/Register/Not Registered/Informasi Pribadi/Button - Edit Photo Rotate'

2021-10-29 15:15:26 - [TEST_STEP][PASSED] - tap(findTestObject("Object Repository/Mobile/Page/Register/Not Registered/Informasi Pribadi/Button - Edit Photo Rotate 90 degree"), 0): Tapped on element 'Object Repository/Mobile/Page/Register/Not Registered/Informasi Pribadi/Button - Edit Photo Rotate 90 degree'

2021-10-29 15:15:26 - [MESSAGE][WARNING] - Timeout '0' is invalid. Using default page load timeout: '60'

2021-10-29 15:15:27 - [MESSAGE][PASSED] - Tapped on element 'Object Repository/Mobile/Page/Register/Not Registered/Informasi Pribadi/Button - Edit Photo Rotate 90 degree'

2021-10-29 15:15:27 - [TEST_STEP][PASSED] - tap(findTestObject("Object Repository/Mobile/Page/Register/Not Registered/Informasi Pribadi/Button - Edit Photo Reset Rotation"), 0): Tapped on element 'Object Repository/Mobile/Page/Register/Not Registered/Informasi Pribadi/Button - Edit Photo Reset Rotation'

2021-10-29 15:15:27 - [MESSAGE][WARNING] - Timeout '0' is invalid. Using default page load timeout: '60'

2021-10-29 15:15:28 - [MESSAGE][PASSED] - Tapped on element 'Object Repository/Mobile/Page/Register/Not Registered/Informasi Pribadi/Button - Edit Photo Reset Rotation'

2021-10-29 15:15:28 - [TEST_STEP][PASSED] - scroll.scroll.scrollLeftToRight(findTestObject("Object Repository/Mobile/Page/Register/Not Registered/Informasi Pribadi/Slider - Edit Photo Rotate")): scroll.scroll.scrollLeftToRight is PASSED

2021-10-29 15:15:28 - [MESSAGE][WARNING] - Timeout '0' is invalid. Using default page load timeout: '60'

2021-10-29 15:15:29 - [MESSAGE][PASSED] - Object 'Object Repository/Mobile/Page/Register/Not Registered/Informasi Pribadi/Slider - Edit Photo Rotate' has left position '88'

2021-10-29 15:15:29 - [MESSAGE][WARNING] - Timeout '0' is invalid. Using default page load timeout: '60'

2021-10-29 15:15:29 - [MESSAGE][PASSED] - Object 'Object Repository/Mobile/Page/Register/Not Registered/Informasi Pribadi/Slider - Edit Photo Rotate' has top position '1,284'

2021-10-29 15:15:29 - [MESSAGE][WARNING] - Timeout '0' is invalid. Using default page load timeout: '60'

2021-10-29 15:15:29 - [MESSAGE][PASSED] - Object 'Object Repository/Mobile/Page/Register/Not Registered/Informasi Pribadi/Slider - Edit Photo Rotate' has width: '544'

2021-10-29 15:15:29 - [MESSAGE][WARNING] - Timeout '0' is invalid. Using default page load timeout: '60'

2021-10-29 15:15:29 - [MESSAGE][PASSED] - Object 'Object Repository/Mobile/Page/Register/Not Registered/Informasi Pribadi/Slider - Edit Photo Rotate' has height: '66'

2021-10-29 15:15:31 - [MESSAGE][PASSED] - Swiped from 196,1,317 to 523,1,317

2021-10-29 15:15:31 - [MESSAGE][PASSED] - scroll.scroll.scrollLeftToRight is PASSED

2021-10-29 15:15:31 - [TEST_STEP][PASSED] - tap(findTestObject("Object Repository/Mobile/Page/Register/Not Registered/Informasi Pribadi/Button - Edit Photo Confirm"), 0): Tapped on element 'Object Repository/Mobile/Page/Register/Not Registered/Informasi Pribadi/Button - Edit Photo Confirm'

2021-10-29 15:15:31 - [MESSAGE][WARNING] - Timeout '0' is invalid. Using default page load timeout: '60'

2021-10-29 15:15:32 - [MESSAGE][PASSED] - Tapped on element 'Object Repository/Mobile/Page/Register/Not Registered/Informasi Pribadi/Button - Edit Photo Confirm'

2021-10-29 15:15:32 - [TEST_STEP][PASSED] - delay(2): Delayed 2 second(s)

2021-10-29 15:15:34 - [MESSAGE][PASSED] - Delayed 2 second(s)

2021-10-29 15:15:34 - [TEST_STEP][PASSED] - hideKeyboard(): Keyboard is hidden

2021-10-29 15:15:36 - [MESSAGE][PASSED] - Keyboard is hidden

2021-10-29 15:15:36 - [TEST_STEP][PASSED] - delay(1): Delayed 1 second(s)

2021-10-29 15:15:37 - [MESSAGE][PASSED] - Delayed 1 second(s)

2021-10-29 15:15:37 - [TEST_STEP][PASSED] - scroll.scroll.scrollToBottomOpenKeyboard(): scroll.scroll.scrollToBottomOpenKeyboard is PASSED

2021-10-29 15:15:37 - [MESSAGE][PASSED] - Current device physical height is 1423

2021-10-29 15:15:37 - [MESSAGE][PASSED] - Current device physical width is 720

2021-10-29 15:15:39 - [MESSAGE][PASSED] - Swiped from 360,853 to 360,284

2021-10-29 15:15:39 - [MESSAGE][PASSED] - scroll.scroll.scrollToBottomOpenKeyboard is PASSED

2021-10-29 15:15:39 - [TEST_STEP][PASSED] - tap(findTestObject("Object Repository/Mobile/Page/Register/Not Registered/Informasi Pribadi/Button - Icon Face with KTP"), 0): Tapped on element 'Object Repository/Mobile/Page/Register/Not Registered/Informasi Pribadi/Button - Icon Face with KTP'

2021-10-29 15:15:39 - [MESSAGE][WARNING] - Timeout '0' is invalid. Using default page load timeout: '60'

2021-10-29 15:15:40 - [MESSAGE][PASSED] - Tapped on element 'Object Repository/Mobile/Page/Register/Not Registered/Informasi Pribadi/Button - Icon Face with KTP'

2021-10-29 15:15:40 - [TEST_STEP][PASSED] - permission = verifyElementExist(findTestObject("Object Repository/Mobile/Page/Register/Not Registered/Informasi Pribadi/Permission - Only this time"), 1, OPTIONAL): Element 'Object Repository/Mobile/Page/Register/Not Registered/Informasi Pribadi/Permission - Only this time' not found

2021-10-29 15:15:43 - [MESSAGE][WARNING] - Element 'Object Repository/Mobile/Page/Register/Not Registered/Informasi Pribadi/Permission - Only this time' not found
[[ATTACHMENT|C:\\Users\\Owner\\Documents\\kerjaan\\KatalonProject\\qa-katalon-maxfund\\Reports\\20211029_145503\\Register\\20211029_145503\\1635495341804.png]]

2021-10-29 15:15:43 - [TEST_STEP][PASSED] - if (permission): null

2021-10-29 15:15:43 - [TEST_STEP][PASSED] - permission = verifyElementExist(findTestObject("Object Repository/Mobile/Page/Register/Not Registered/Informasi Pribadi/Permission - Only this time"), 1, OPTIONAL): Element 'Object Repository/Mobile/Page/Register/Not Registered/Informasi Pribadi/Permission - Only this time' not found

2021-10-29 15:15:46 - [MESSAGE][WARNING] - Element 'Object Repository/Mobile/Page/Register/Not Registered/Informasi Pribadi/Permission - Only this time' not found
[[ATTACHMENT|C:\\Users\\Owner\\Documents\\kerjaan\\KatalonProject\\qa-katalon-maxfund\\Reports\\20211029_145503\\Register\\20211029_145503\\1635495344947.png]]

2021-10-29 15:15:46 - [TEST_STEP][PASSED] - if (permission): null

2021-10-29 15:15:46 - [TEST_STEP][PASSED] - tap(findTestObject("Object Repository/Mobile/Page/Register/Not Registered/Informasi Pribadi/Button - Capture Face with KTP"), 0): Tapped on element 'Object Repository/Mobile/Page/Register/Not Registered/Informasi Pribadi/Button - Capture Face with KTP'

2021-10-29 15:15:46 - [MESSAGE][WARNING] - Timeout '0' is invalid. Using default page load timeout: '60'

2021-10-29 15:15:47 - [MESSAGE][PASSED] - Tapped on element 'Object Repository/Mobile/Page/Register/Not Registered/Informasi Pribadi/Button - Capture Face with KTP'

2021-10-29 15:15:47 - [TEST_STEP][PASSED] - delay(2): Delayed 2 second(s)

2021-10-29 15:15:49 - [MESSAGE][PASSED] - Delayed 2 second(s)

2021-10-29 15:15:49 - [TEST_STEP][PASSED] - hideKeyboard(): Keyboard is hidden

2021-10-29 15:15:55 - [MESSAGE][PASSED] - Keyboard is hidden

2021-10-29 15:15:55 - [TEST_STEP][PASSED] - delay(1): Delayed 1 second(s)

2021-10-29 15:15:56 - [MESSAGE][PASSED] - Delayed 1 second(s)

2021-10-29 15:15:56 - [TEST_STEP][PASSED] - scroll.scroll.scrollToBottomOpenKeyboard(): scroll.scroll.scrollToBottomOpenKeyboard is PASSED

2021-10-29 15:15:56 - [MESSAGE][PASSED] - Current device physical height is 1423

2021-10-29 15:15:56 - [MESSAGE][PASSED] - Current device physical width is 720

2021-10-29 15:15:57 - [MESSAGE][PASSED] - Swiped from 360,853 to 360,284

2021-10-29 15:15:57 - [MESSAGE][PASSED] - scroll.scroll.scrollToBottomOpenKeyboard is PASSED

2021-10-29 15:15:57 - [TEST_STEP][PASSED] - tap(findTestObject("Object Repository/Mobile/Page/Register/Not Registered/Informasi Pribadi/Radio Button - Low Risk"), 0): Tapped on element 'Object Repository/Mobile/Page/Register/Not Registered/Informasi Pribadi/Radio Button - Low Risk'

2021-10-29 15:15:57 - [MESSAGE][WARNING] - Timeout '0' is invalid. Using default page load timeout: '60'

2021-10-29 15:15:58 - [MESSAGE][PASSED] - Tapped on element 'Object Repository/Mobile/Page/Register/Not Registered/Informasi Pribadi/Radio Button - Low Risk'

2021-10-29 15:15:58 - [TEST_STEP][PASSED] - delay(1): Delayed 1 second(s)

2021-10-29 15:15:59 - [MESSAGE][PASSED] - Delayed 1 second(s)

2021-10-29 15:15:59 - [TEST_STEP][PASSED] - tap(findTestObject("Object Repository/Mobile/Page/Register/Not Registered/Informasi Pribadi/Radio Button - Medium Risk"), 0): Tapped on element 'Object Repository/Mobile/Page/Register/Not Registered/Informasi Pribadi/Radio Button - Medium Risk'

2021-10-29 15:15:59 - [MESSAGE][WARNING] - Timeout '0' is invalid. Using default page load timeout: '60'

2021-10-29 15:15:59 - [MESSAGE][PASSED] - Tapped on element 'Object Repository/Mobile/Page/Register/Not Registered/Informasi Pribadi/Radio Button - Medium Risk'

2021-10-29 15:15:59 - [TEST_STEP][PASSED] - delay(1): Delayed 1 second(s)

2021-10-29 15:16:00 - [MESSAGE][PASSED] - Delayed 1 second(s)

2021-10-29 15:16:00 - [TEST_STEP][PASSED] - tap(findTestObject("Object Repository/Mobile/Page/Register/Not Registered/Informasi Pribadi/Radio Button - High Risk"), 0): Tapped on element 'Object Repository/Mobile/Page/Register/Not Registered/Informasi Pribadi/Radio Button - High Risk'

2021-10-29 15:16:00 - [MESSAGE][WARNING] - Timeout '0' is invalid. Using default page load timeout: '60'

2021-10-29 15:16:01 - [MESSAGE][PASSED] - Tapped on element 'Object Repository/Mobile/Page/Register/Not Registered/Informasi Pribadi/Radio Button - High Risk'

2021-10-29 15:16:01 - [TEST_STEP][PASSED] - delay(1): Delayed 1 second(s)

2021-10-29 15:16:02 - [MESSAGE][PASSED] - Delayed 1 second(s)

2021-10-29 15:16:02 - [TEST_STEP][PASSED] - tap(findTestObject("Object Repository/Mobile/Page/Register/Not Registered/Informasi Pribadi/Button - Next"), 0): Tapped on element 'Object Repository/Mobile/Page/Register/Not Registered/Informasi Pribadi/Button - Next'

2021-10-29 15:16:02 - [MESSAGE][WARNING] - Timeout '0' is invalid. Using default page load timeout: '60'

2021-10-29 15:16:03 - [MESSAGE][PASSED] - Tapped on element 'Object Repository/Mobile/Page/Register/Not Registered/Informasi Pribadi/Button - Next'

2021-10-29 15:16:03 - [TEST_STEP][PASSED] - delay(1): Delayed 1 second(s)

2021-10-29 15:16:04 - [MESSAGE][PASSED] - Delayed 1 second(s)

2021-10-29 15:16:04 - [TEST_STEP][PASSED] - tapAndHold(findTestObject("Mobile/Page/Register/Not Registered/Akun Bank/Dropdown - Bank"), 1, 0): Tapped and held on element 'Object Repository/Mobile/Page/Register/Not Registered/Akun Bank/Dropdown - Bank' with duration 1

2021-10-29 15:16:04 - [MESSAGE][WARNING] - Timeout '0' is invalid. Using default page load timeout: '60'

2021-10-29 15:16:07 - [MESSAGE][PASSED] - Tapped and held on element 'Object Repository/Mobile/Page/Register/Not Registered/Akun Bank/Dropdown - Bank' with duration 1

2021-10-29 15:16:07 - [TEST_STEP][PASSED] - tap(findTestObject("Mobile/Page/Register/Not Registered/Akun Bank/Edit Text - Search Bank"), 0): Tapped on element 'Object Repository/Mobile/Page/Register/Not Registered/Akun Bank/Edit Text - Search Bank'

2021-10-29 15:16:07 - [MESSAGE][WARNING] - Timeout '0' is invalid. Using default page load timeout: '60'

2021-10-29 15:16:07 - [MESSAGE][PASSED] - Tapped on element 'Object Repository/Mobile/Page/Register/Not Registered/Akun Bank/Edit Text - Search Bank'

2021-10-29 15:16:07 - [TEST_STEP][PASSED] - setText(findTestObject("Mobile/Page/Register/Not Registered/Akun Bank/Edit Text - Search Bank"), "citibank", 0): Text 'citibank' has been set to element 'Object Repository/Mobile/Page/Register/Not Registered/Akun Bank/Edit Text - Search Bank'

2021-10-29 15:16:07 - [MESSAGE][WARNING] - Timeout '0' is invalid. Using default page load timeout: '60'

2021-10-29 15:16:09 - [MESSAGE][PASSED] - Text 'citibank' has been set to element 'Object Repository/Mobile/Page/Register/Not Registered/Akun Bank/Edit Text - Search Bank'

2021-10-29 15:16:09 - [TEST_STEP][PASSED] - driver = getDriver(): null

2021-10-29 15:16:09 - [TEST_STEP][PASSED] - driver.pressKeyCode(ENTER): null

2021-10-29 15:16:09 - [TEST_STEP][PASSED] - tap(findTestObject("Object Repository/Mobile/Page/Register/Not Registered/Akun Bank/Item - Top Search Bank"), 0): Tapped on element 'Object Repository/Mobile/Page/Register/Not Registered/Akun Bank/Item - Top Search Bank'

2021-10-29 15:16:09 - [MESSAGE][WARNING] - Timeout '0' is invalid. Using default page load timeout: '60'

2021-10-29 15:16:10 - [MESSAGE][PASSED] - Tapped on element 'Object Repository/Mobile/Page/Register/Not Registered/Akun Bank/Item - Top Search Bank'

2021-10-29 15:16:10 - [TEST_STEP][PASSED] - delay(1): Delayed 1 second(s)

2021-10-29 15:16:11 - [MESSAGE][PASSED] - Delayed 1 second(s)

2021-10-29 15:16:11 - [TEST_STEP][PASSED] - tapAndHold(findTestObject("Mobile/Page/Register/Not Registered/Akun Bank/Dropdown - Country"), 1, 0): Tapped and held on element 'Object Repository/Mobile/Page/Register/Not Registered/Akun Bank/Dropdown - Country' with duration 1

2021-10-29 15:16:11 - [MESSAGE][WARNING] - Timeout '0' is invalid. Using default page load timeout: '60'

2021-10-29 15:16:14 - [MESSAGE][PASSED] - Tapped and held on element 'Object Repository/Mobile/Page/Register/Not Registered/Akun Bank/Dropdown - Country' with duration 1

2021-10-29 15:16:14 - [TEST_STEP][PASSED] - tap(findTestObject("Object Repository/Mobile/Page/Register/Not Registered/Akun Bank/Dropdown - Country Option Indonesia"), 0): Tapped on element 'Object Repository/Mobile/Page/Register/Not Registered/Akun Bank/Dropdown - Country Option Indonesia'

2021-10-29 15:16:14 - [MESSAGE][WARNING] - Timeout '0' is invalid. Using default page load timeout: '60'

2021-10-29 15:16:15 - [MESSAGE][PASSED] - Tapped on element 'Object Repository/Mobile/Page/Register/Not Registered/Akun Bank/Dropdown - Country Option Indonesia'

2021-10-29 15:16:15 - [TEST_STEP][PASSED] - delay(1): Delayed 1 second(s)

2021-10-29 15:16:16 - [MESSAGE][PASSED] - Delayed 1 second(s)

2021-10-29 15:16:16 - [TEST_STEP][PASSED] - tap(findTestObject("Object Repository/Mobile/Page/Register/Not Registered/Akun Bank/Edit Text - Branch"), 0): Tapped on element 'Object Repository/Mobile/Page/Register/Not Registered/Akun Bank/Edit Text - Branch'

2021-10-29 15:16:16 - [MESSAGE][WARNING] - Timeout '0' is invalid. Using default page load timeout: '60'

2021-10-29 15:16:16 - [MESSAGE][PASSED] - Tapped on element 'Object Repository/Mobile/Page/Register/Not Registered/Akun Bank/Edit Text - Branch'

2021-10-29 15:16:16 - [TEST_STEP][PASSED] - setText(findTestObject("Object Repository/Mobile/Page/Register/Not Registered/Akun Bank/Edit Text - Branch"), branch, 0): Text 'qa cabang' has been set to element 'Object Repository/Mobile/Page/Register/Not Registered/Akun Bank/Edit Text - Branch'

2021-10-29 15:16:16 - [MESSAGE][WARNING] - Timeout '0' is invalid. Using default page load timeout: '60'

2021-10-29 15:16:18 - [MESSAGE][PASSED] - Text 'qa cabang' has been set to element 'Object Repository/Mobile/Page/Register/Not Registered/Akun Bank/Edit Text - Branch'

2021-10-29 15:16:18 - [TEST_STEP][PASSED] - hideKeyboard(): Keyboard is hidden

2021-10-29 15:16:21 - [MESSAGE][PASSED] - Keyboard is hidden

2021-10-29 15:16:21 - [TEST_STEP][PASSED] - delay(1): Delayed 1 second(s)

2021-10-29 15:16:22 - [MESSAGE][PASSED] - Delayed 1 second(s)

2021-10-29 15:16:22 - [TEST_STEP][PASSED] - tap(findTestObject("Object Repository/Mobile/Page/Register/Not Registered/Akun Bank/Edit Text - Account Number"), 0): Tapped on element 'Object Repository/Mobile/Page/Register/Not Registered/Akun Bank/Edit Text - Account Number'

2021-10-29 15:16:22 - [MESSAGE][WARNING] - Timeout '0' is invalid. Using default page load timeout: '60'

2021-10-29 15:16:23 - [MESSAGE][PASSED] - Tapped on element 'Object Repository/Mobile/Page/Register/Not Registered/Akun Bank/Edit Text - Account Number'

2021-10-29 15:16:23 - [TEST_STEP][PASSED] - setText(findTestObject("Object Repository/Mobile/Page/Register/Not Registered/Akun Bank/Edit Text - Account Number"), accountnumber, 0): Text '222444222444' has been set to element 'Object Repository/Mobile/Page/Register/Not Registered/Akun Bank/Edit Text - Account Number'

2021-10-29 15:16:23 - [MESSAGE][WARNING] - Timeout '0' is invalid. Using default page load timeout: '60'

2021-10-29 15:16:24 - [MESSAGE][PASSED] - Text '222444222444' has been set to element 'Object Repository/Mobile/Page/Register/Not Registered/Akun Bank/Edit Text - Account Number'

2021-10-29 15:16:24 - [TEST_STEP][PASSED] - hideKeyboard(): Keyboard is hidden

2021-10-29 15:16:30 - [MESSAGE][PASSED] - Keyboard is hidden

2021-10-29 15:16:30 - [TEST_STEP][PASSED] - delay(1): Delayed 1 second(s)

2021-10-29 15:16:31 - [MESSAGE][PASSED] - Delayed 1 second(s)

2021-10-29 15:16:31 - [TEST_STEP][PASSED] - if (negativeStatus == "ownerNameNotMatch"): null

2021-10-29 15:16:31 - [TEST_STEP][PASSED] - else: Delayed 1 second(s)

2021-10-29 15:16:31 - [TEST_STEP][PASSED] - tap(findTestObject("Object Repository/Mobile/Page/Register/Not Registered/Akun Bank/Edit Text - Name Owner"), 0): Tapped on element 'Object Repository/Mobile/Page/Register/Not Registered/Akun Bank/Edit Text - Name Owner'

2021-10-29 15:16:31 - [MESSAGE][WARNING] - Timeout '0' is invalid. Using default page load timeout: '60'

2021-10-29 15:16:32 - [MESSAGE][PASSED] - Tapped on element 'Object Repository/Mobile/Page/Register/Not Registered/Akun Bank/Edit Text - Name Owner'

2021-10-29 15:16:32 - [TEST_STEP][PASSED] - setText(findTestObject("Object Repository/Mobile/Page/Register/Not Registered/Akun Bank/Edit Text - Name Owner"), nameowner, 0): Text 'QATESTctUnZFXClRTeKRT' has been set to element 'Object Repository/Mobile/Page/Register/Not Registered/Akun Bank/Edit Text - Name Owner'

2021-10-29 15:16:32 - [MESSAGE][WARNING] - Timeout '0' is invalid. Using default page load timeout: '60'

2021-10-29 15:16:33 - [MESSAGE][PASSED] - Text 'QATESTctUnZFXClRTeKRT' has been set to element 'Object Repository/Mobile/Page/Register/Not Registered/Akun Bank/Edit Text - Name Owner'

2021-10-29 15:16:33 - [TEST_STEP][PASSED] - hideKeyboard(): Keyboard is hidden

2021-10-29 15:16:37 - [MESSAGE][PASSED] - Keyboard is hidden

2021-10-29 15:16:37 - [TEST_STEP][PASSED] - delay(1): Delayed 1 second(s)

2021-10-29 15:16:38 - [MESSAGE][PASSED] - Delayed 1 second(s)

2021-10-29 15:16:38 - [TEST_STEP][PASSED] - tap(findTestObject("Object Repository/Mobile/Page/Register/Not Registered/Akun Bank/Button - Next"), 0): Tapped on element 'Object Repository/Mobile/Page/Register/Not Registered/Akun Bank/Button - Next'

2021-10-29 15:16:38 - [MESSAGE][WARNING] - Timeout '0' is invalid. Using default page load timeout: '60'

2021-10-29 15:16:39 - [MESSAGE][PASSED] - Tapped on element 'Object Repository/Mobile/Page/Register/Not Registered/Akun Bank/Button - Next'

2021-10-29 15:16:39 - [TEST_STEP][PASSED] - delay(1): Delayed 1 second(s)

2021-10-29 15:16:40 - [MESSAGE][PASSED] - Delayed 1 second(s)

2021-10-29 15:16:40 - [TEST_STEP][PASSED] - if (isUseReferralCode == 1): null

2021-10-29 15:16:40 - [TEST_STEP][PASSED] - if (negativeStatus == "noSignature"): Element 'Object Repository/Mobile/Page/Register/Not Registered/Konfirmasi/Alert - Please sign' is exist

2021-10-29 15:16:40 - [TEST_STEP][PASSED] - tap(findTestObject("Mobile/Page/Register/Not Registered/Konfirmasi/Checkbox - Agreement"), 0): Tapped on element 'Object Repository/Mobile/Page/Register/Not Registered/Konfirmasi/Checkbox - Agreement'

2021-10-29 15:16:40 - [MESSAGE][WARNING] - Timeout '0' is invalid. Using default page load timeout: '60'

2021-10-29 15:16:40 - [MESSAGE][PASSED] - Tapped on element 'Object Repository/Mobile/Page/Register/Not Registered/Konfirmasi/Checkbox - Agreement'

2021-10-29 15:16:40 - [TEST_STEP][PASSED] - delay(1): Delayed 1 second(s)

2021-10-29 15:16:41 - [MESSAGE][PASSED] - Delayed 1 second(s)

2021-10-29 15:16:41 - [TEST_STEP][PASSED] - pressBack(): Press back button successfully

2021-10-29 15:16:42 - [MESSAGE][PASSED] - Press back button successfully

2021-10-29 15:16:42 - [TEST_STEP][PASSED] - delay(1): Delayed 1 second(s)

2021-10-29 15:16:43 - [MESSAGE][PASSED] - Delayed 1 second(s)

2021-10-29 15:16:43 - [TEST_STEP][PASSED] - hideKeyboard(): Keyboard is hidden

2021-10-29 15:16:44 - [MESSAGE][PASSED] - Keyboard is hidden

2021-10-29 15:16:44 - [TEST_STEP][PASSED] - tap(findTestObject("Object Repository/Mobile/Page/Register/Not Registered/Konfirmasi/Button - Next"), 0): Tapped on element 'Object Repository/Mobile/Page/Register/Not Registered/Konfirmasi/Button - Next'

2021-10-29 15:16:44 - [MESSAGE][WARNING] - Timeout '0' is invalid. Using default page load timeout: '60'

2021-10-29 15:16:45 - [MESSAGE][PASSED] - Tapped on element 'Object Repository/Mobile/Page/Register/Not Registered/Konfirmasi/Button - Next'

2021-10-29 15:16:45 - [TEST_STEP][PASSED] - delay(5): Delayed 5 second(s)

2021-10-29 15:16:50 - [MESSAGE][PASSED] - Delayed 5 second(s)

2021-10-29 15:16:50 - [TEST_STEP][PASSED] - alertpleasesign = verifyElementExist(findTestObject("Object Repository/Mobile/Page/Register/Not Registered/Konfirmasi/Alert - Please sign"), 1, OPTIONAL): Element 'Object Repository/Mobile/Page/Register/Not Registered/Konfirmasi/Alert - Please sign' is exist

2021-10-29 15:16:50 - [MESSAGE][PASSED] - Element 'Object Repository/Mobile/Page/Register/Not Registered/Konfirmasi/Alert - Please sign' is exist

2021-10-29 15:16:50 - [MESSAGE][PASSED] - Call Test Case 'Test Cases/Mobile/Page/Register/Register' successfully

2021-10-29 15:16:50 - [TEST_STEP][PASSED] - callTestCase(findTestCase("Mobile/Page/Run App/Terminate App"), [:], STOP_ON_FAILURE): Call Test Case 'Test Cases/Mobile/Page/Run App/Terminate App' successfully

2021-10-29 15:16:50 - [TEST_CASE][PASSED] - Test Cases/Mobile/Page/Run App/Terminate App: Test Cases/Mobile/Page/Run App/Terminate App

2021-10-29 15:16:50 - [TEST_STEP][PASSED] - startApp.OpenApp.terminateApplication(): startApp.OpenApp.terminateApplication is PASSED

2021-10-29 15:16:53 - [MESSAGE][PASSED] - Delayed 3 second(s)

2021-10-29 15:16:53 - [MESSAGE][PASSED] - Current device physical width is 720

2021-10-29 15:16:54 - [MESSAGE][PASSED] - Current device physical height is 1423

2021-10-29 15:16:55 - [MESSAGE][PASSED] - Swiped from 360,853 to 360,142

2021-10-29 15:16:56 - [MESSAGE][PASSED] - Delayed 1 second(s)

2021-10-29 15:16:57 - [MESSAGE][PASSED] - Swiped from 360,853 to 360,142

2021-10-29 15:17:00 - [MESSAGE][PASSED] - Delayed 3 second(s)

2021-10-29 15:17:00 - [MESSAGE][PASSED] - startApp.OpenApp.terminateApplication is PASSED

2021-10-29 15:17:00 - [MESSAGE][PASSED] - Call Test Case 'Test Cases/Mobile/Page/Run App/Terminate App' successfully]]></system-out>
         <system-err><![CDATA[]]></system-err>
      </testcase>
      <testcase name="Test Cases/Mobile/Scenario/Register/007 - Registrasi melalui Link Daftar di sini" time="220.1" classname="Test Cases/Mobile/Scenario/Register/007 - Registrasi melalui Link Daftar di sini" status="PASSED">
         <system-out><![CDATA[2021-10-29 15:17:00 - [TEST_CASE][PASSED] - Test Cases/Mobile/Scenario/Register/007 - Registrasi melalui Link Daftar di sini: Test Cases/Mobile/Scenario/Register/007 - Registrasi melalui Link Daftar di sini

2021-10-29 15:17:01 - [TEST_STEP][PASSED] - callTestCase(findTestCase("Mobile/Page/Run App/Run App byID"), [:], STOP_ON_FAILURE): Call Test Case 'Test Cases/Mobile/Page/Run App/Run App byID' successfully

2021-10-29 15:17:01 - [TEST_CASE][PASSED] - Test Cases/Mobile/Page/Run App/Run App byID: Test Cases/Mobile/Page/Run App/Run App byID

2021-10-29 15:17:01 - [TEST_STEP][PASSED] - startApp.OpenApp.startApplication("com.mirae.maxfund"): startApp.OpenApp.startApplication is PASSED

2021-10-29 15:17:15 - [MESSAGE][PASSED] - Starting app with application ID: 'com.mirae.maxfund'

2021-10-29 15:17:15 - [MESSAGE][PASSED] - startApp.OpenApp.startApplication is PASSED

2021-10-29 15:17:15 - [MESSAGE][PASSED] - Call Test Case 'Test Cases/Mobile/Page/Run App/Run App byID' successfully

2021-10-29 15:17:15 - [TEST_STEP][PASSED] - callTestCase(findTestCase("Mobile/Page/Register/Register"), ["isFromLoginPage":1, "isRegistered":0, "isBedaAlamat":0, "isUseReferralCode":0, "negativeStatus":"none"], STOP_ON_FAILURE): Call Test Case 'Test Cases/Mobile/Page/Register/Register' successfully

2021-10-29 15:17:15 - [TEST_CASE][PASSED] - Test Cases/Mobile/Page/Register/Register: Test Cases/Mobile/Page/Register/Register

2021-10-29 15:17:15 - [TEST_STEP][PASSED] - delay(5): Delayed 5 second(s)

2021-10-29 15:17:20 - [MESSAGE][PASSED] - Delayed 5 second(s)

2021-10-29 15:17:20 - [TEST_STEP][PASSED] - if (isFromLoginPage == 1): Tapped on element 'Object Repository/Mobile/Page/Login/Button - Register'

2021-10-29 15:17:20 - [TEST_STEP][PASSED] - tap(findTestObject("Object Repository/Mobile/Page/Dashboard/Button - Login"), 0): Tapped on element 'Object Repository/Mobile/Page/Dashboard/Button - Login'

2021-10-29 15:17:20 - [MESSAGE][WARNING] - Timeout '0' is invalid. Using default page load timeout: '60'

2021-10-29 15:17:23 - [MESSAGE][PASSED] - Tapped on element 'Object Repository/Mobile/Page/Dashboard/Button - Login'

2021-10-29 15:17:23 - [TEST_STEP][PASSED] - delay(1): Delayed 1 second(s)

2021-10-29 15:17:24 - [MESSAGE][PASSED] - Delayed 1 second(s)

2021-10-29 15:17:24 - [TEST_STEP][PASSED] - tap(findTestObject("Object Repository/Mobile/Page/Login/Button - Register"), 0): Tapped on element 'Object Repository/Mobile/Page/Login/Button - Register'

2021-10-29 15:17:24 - [MESSAGE][WARNING] - Timeout '0' is invalid. Using default page load timeout: '60'

2021-10-29 15:17:25 - [MESSAGE][PASSED] - Tapped on element 'Object Repository/Mobile/Page/Login/Button - Register'

2021-10-29 15:17:25 - [TEST_STEP][PASSED] - delay(3): Delayed 3 second(s)

2021-10-29 15:17:28 - [MESSAGE][PASSED] - Delayed 3 second(s)

2021-10-29 15:17:28 - [TEST_STEP][PASSED] - if (isRegistered == 1): null

2021-10-29 15:17:28 - [TEST_STEP][PASSED] - else: null

2021-10-29 15:17:28 - [TEST_STEP][PASSED] - RegisterMethod.notRegistered(negativeStatus, isBedaAlamat, isUseReferralCode): null

2021-10-29 15:17:28 - [TEST_STEP][PASSED] - fullname = "QATEST" + acak.acak.randomStringWord(): acak.acak.randomStringWord is PASSED

2021-10-29 15:17:28 - [MESSAGE][PASSED] - acak.acak.randomStringWord is PASSED

2021-10-29 15:17:28 - [TEST_STEP][PASSED] - birthdate = "1/1/1998": null

2021-10-29 15:17:28 - [TEST_STEP][PASSED] - phone = "082" + acak.acak.randomStringNumber(9): acak.acak.randomStringNumber is PASSED

2021-10-29 15:17:28 - [MESSAGE][PASSED] - acak.acak.randomStringNumber is PASSED

2021-10-29 15:17:28 - [TEST_STEP][PASSED] - email = fullname + "@gmail.com": null

2021-10-29 15:17:28 - [TEST_STEP][PASSED] - password = "Mirae1234": null

2021-10-29 15:17:28 - [TEST_STEP][PASSED] - branch = "qa cabang": null

2021-10-29 15:17:28 - [TEST_STEP][PASSED] - accountnumber = "222444222444": null

2021-10-29 15:17:28 - [TEST_STEP][PASSED] - nameowner = fullname: null

2021-10-29 15:17:28 - [TEST_STEP][PASSED] - alamat = "Jl. Cempaka Putih Barat 12 F No.12, RT.8/RW.8": null

2021-10-29 15:17:28 - [TEST_STEP][PASSED] - kodepos = "15412": null

2021-10-29 15:17:28 - [TEST_STEP][PASSED] - referralcode = "15412": null

2021-10-29 15:17:28 - [TEST_STEP][PASSED] - flag = "indonesia": null

2021-10-29 15:17:28 - [TEST_STEP][PASSED] - bank = "citibank": null

2021-10-29 15:17:28 - [TEST_STEP][PASSED] - tap(findTestObject("Object Repository/Mobile/Page/Register/Radio Button - Not registered yet"), 0): Tapped on element 'Object Repository/Mobile/Page/Register/Radio Button - Not registered yet'

2021-10-29 15:17:28 - [MESSAGE][WARNING] - Timeout '0' is invalid. Using default page load timeout: '60'

2021-10-29 15:17:29 - [MESSAGE][PASSED] - Tapped on element 'Object Repository/Mobile/Page/Register/Radio Button - Not registered yet'

2021-10-29 15:17:29 - [TEST_STEP][PASSED] - delay(3): Delayed 3 second(s)

2021-10-29 15:17:32 - [MESSAGE][PASSED] - Delayed 3 second(s)

2021-10-29 15:17:32 - [TEST_STEP][PASSED] - tap(findTestObject("Object Repository/Mobile/Page/Register/Not Registered/Button - Next"), 0): Tapped on element 'Object Repository/Mobile/Page/Register/Not Registered/Button - Next'

2021-10-29 15:17:32 - [MESSAGE][WARNING] - Timeout '0' is invalid. Using default page load timeout: '60'

2021-10-29 15:17:32 - [MESSAGE][PASSED] - Tapped on element 'Object Repository/Mobile/Page/Register/Not Registered/Button - Next'

2021-10-29 15:17:32 - [TEST_STEP][PASSED] - delay(1): Delayed 1 second(s)

2021-10-29 15:17:33 - [MESSAGE][PASSED] - Delayed 1 second(s)

2021-10-29 15:17:33 - [TEST_STEP][PASSED] - tap(findTestObject("Object Repository/Mobile/Page/Register/Not Registered/Informasi Pribadi/Edit Text - Fullname"), 0): Tapped on element 'Object Repository/Mobile/Page/Register/Not Registered/Informasi Pribadi/Edit Text - Fullname'

2021-10-29 15:17:33 - [MESSAGE][WARNING] - Timeout '0' is invalid. Using default page load timeout: '60'

2021-10-29 15:17:34 - [MESSAGE][PASSED] - Tapped on element 'Object Repository/Mobile/Page/Register/Not Registered/Informasi Pribadi/Edit Text - Fullname'

2021-10-29 15:17:34 - [TEST_STEP][PASSED] - setText(findTestObject("Object Repository/Mobile/Page/Register/Not Registered/Informasi Pribadi/Edit Text - Fullname"), fullname, 0): Text 'QATESTSIGIsxNLBzBwAaF' has been set to element 'Object Repository/Mobile/Page/Register/Not Registered/Informasi Pribadi/Edit Text - Fullname'

2021-10-29 15:17:34 - [MESSAGE][WARNING] - Timeout '0' is invalid. Using default page load timeout: '60'

2021-10-29 15:17:35 - [MESSAGE][PASSED] - Text 'QATESTSIGIsxNLBzBwAaF' has been set to element 'Object Repository/Mobile/Page/Register/Not Registered/Informasi Pribadi/Edit Text - Fullname'

2021-10-29 15:17:35 - [TEST_STEP][PASSED] - hideKeyboard(): Keyboard is hidden

2021-10-29 15:17:39 - [MESSAGE][PASSED] - Keyboard is hidden

2021-10-29 15:17:39 - [TEST_STEP][PASSED] - delay(1): Delayed 1 second(s)

2021-10-29 15:17:40 - [MESSAGE][PASSED] - Delayed 1 second(s)

2021-10-29 15:17:40 - [TEST_STEP][PASSED] - tap(findTestObject("Object Repository/Mobile/Page/Register/Not Registered/Informasi Pribadi/Date Picker - Date of Birth"), 0): Tapped on element 'Object Repository/Mobile/Page/Register/Not Registered/Informasi Pribadi/Date Picker - Date of Birth'

2021-10-29 15:17:40 - [MESSAGE][WARNING] - Timeout '0' is invalid. Using default page load timeout: '60'

2021-10-29 15:17:40 - [MESSAGE][PASSED] - Tapped on element 'Object Repository/Mobile/Page/Register/Not Registered/Informasi Pribadi/Date Picker - Date of Birth'

2021-10-29 15:17:40 - [TEST_STEP][PASSED] - tap(findTestObject("Object Repository/Mobile/Page/Register/Not Registered/Informasi Pribadi/Date Picker - Icon Edit"), 0): Tapped on element 'Object Repository/Mobile/Page/Register/Not Registered/Informasi Pribadi/Date Picker - Icon Edit'

2021-10-29 15:17:40 - [MESSAGE][WARNING] - Timeout '0' is invalid. Using default page load timeout: '60'

2021-10-29 15:17:43 - [MESSAGE][PASSED] - Tapped on element 'Object Repository/Mobile/Page/Register/Not Registered/Informasi Pribadi/Date Picker - Icon Edit'

2021-10-29 15:17:43 - [TEST_STEP][PASSED] - if (negativeStatus == "less17YearsOld"): null

2021-10-29 15:17:43 - [TEST_STEP][PASSED] - else: Delayed 1 second(s)

2021-10-29 15:17:43 - [TEST_STEP][PASSED] - setText(findTestObject("Mobile/Page/Register/Not Registered/Informasi Pribadi/Date Picker - Edit Text Date"), birthdate, 0): Text '1/1/1998' has been set to element 'Object Repository/Mobile/Page/Register/Not Registered/Informasi Pribadi/Date Picker - Edit Text Date'

2021-10-29 15:17:43 - [MESSAGE][WARNING] - Timeout '0' is invalid. Using default page load timeout: '60'

2021-10-29 15:17:44 - [MESSAGE][PASSED] - Text '1/1/1998' has been set to element 'Object Repository/Mobile/Page/Register/Not Registered/Informasi Pribadi/Date Picker - Edit Text Date'

2021-10-29 15:17:44 - [TEST_STEP][PASSED] - tap(findTestObject("Mobile/Page/Register/Not Registered/Informasi Pribadi/Date Picker - Button OK"), 0): Tapped on element 'Object Repository/Mobile/Page/Register/Not Registered/Informasi Pribadi/Date Picker - Button OK'

2021-10-29 15:17:44 - [MESSAGE][WARNING] - Timeout '0' is invalid. Using default page load timeout: '60'

2021-10-29 15:17:45 - [MESSAGE][PASSED] - Tapped on element 'Object Repository/Mobile/Page/Register/Not Registered/Informasi Pribadi/Date Picker - Button OK'

2021-10-29 15:17:45 - [TEST_STEP][PASSED] - delay(1): Delayed 1 second(s)

2021-10-29 15:17:46 - [MESSAGE][PASSED] - Delayed 1 second(s)

2021-10-29 15:17:46 - [TEST_STEP][PASSED] - tap(findTestObject("Object Repository/Mobile/Page/Register/Not Registered/Informasi Pribadi/Dropdown - Flag Phone Number"), 0): Tapped on element 'Object Repository/Mobile/Page/Register/Not Registered/Informasi Pribadi/Dropdown - Flag Phone Number'

2021-10-29 15:17:46 - [MESSAGE][WARNING] - Timeout '0' is invalid. Using default page load timeout: '60'

2021-10-29 15:17:48 - [MESSAGE][PASSED] - Tapped on element 'Object Repository/Mobile/Page/Register/Not Registered/Informasi Pribadi/Dropdown - Flag Phone Number'

2021-10-29 15:17:48 - [TEST_STEP][PASSED] - tap(findTestObject("Object Repository/Mobile/Page/Register/Not Registered/Informasi Pribadi/Edit Text - Search Flag"), 0): Tapped on element 'Object Repository/Mobile/Page/Register/Not Registered/Informasi Pribadi/Edit Text - Search Flag'

2021-10-29 15:17:48 - [MESSAGE][WARNING] - Timeout '0' is invalid. Using default page load timeout: '60'

2021-10-29 15:17:48 - [MESSAGE][PASSED] - Tapped on element 'Object Repository/Mobile/Page/Register/Not Registered/Informasi Pribadi/Edit Text - Search Flag'

2021-10-29 15:17:48 - [TEST_STEP][PASSED] - setText(findTestObject("Object Repository/Mobile/Page/Register/Not Registered/Informasi Pribadi/Edit Text - Search Flag"), flag, 0): Text 'indonesia' has been set to element 'Object Repository/Mobile/Page/Register/Not Registered/Informasi Pribadi/Edit Text - Search Flag'

2021-10-29 15:17:48 - [MESSAGE][WARNING] - Timeout '0' is invalid. Using default page load timeout: '60'

2021-10-29 15:17:50 - [MESSAGE][PASSED] - Text 'indonesia' has been set to element 'Object Repository/Mobile/Page/Register/Not Registered/Informasi Pribadi/Edit Text - Search Flag'

2021-10-29 15:17:50 - [TEST_STEP][PASSED] - tap(findTestObject("Mobile/Page/Register/Not Registered/Informasi Pribadi/Item Flag - Top Search"), 0): Tapped on element 'Object Repository/Mobile/Page/Register/Not Registered/Informasi Pribadi/Item Flag - Top Search'

2021-10-29 15:17:50 - [MESSAGE][WARNING] - Timeout '0' is invalid. Using default page load timeout: '60'

2021-10-29 15:17:51 - [MESSAGE][PASSED] - Tapped on element 'Object Repository/Mobile/Page/Register/Not Registered/Informasi Pribadi/Item Flag - Top Search'

2021-10-29 15:17:51 - [TEST_STEP][PASSED] - tap(findTestObject("Object Repository/Mobile/Page/Register/Not Registered/Informasi Pribadi/Edit Text - Phone Number"), 0): Tapped on element 'Object Repository/Mobile/Page/Register/Not Registered/Informasi Pribadi/Edit Text - Phone Number'

2021-10-29 15:17:51 - [MESSAGE][WARNING] - Timeout '0' is invalid. Using default page load timeout: '60'

2021-10-29 15:17:52 - [MESSAGE][PASSED] - Tapped on element 'Object Repository/Mobile/Page/Register/Not Registered/Informasi Pribadi/Edit Text - Phone Number'

2021-10-29 15:17:52 - [TEST_STEP][PASSED] - setText(findTestObject("Object Repository/Mobile/Page/Register/Not Registered/Informasi Pribadi/Edit Text - Phone Number"), phone, 0): Text '082221857868' has been set to element 'Object Repository/Mobile/Page/Register/Not Registered/Informasi Pribadi/Edit Text - Phone Number'

2021-10-29 15:17:52 - [MESSAGE][WARNING] - Timeout '0' is invalid. Using default page load timeout: '60'

2021-10-29 15:17:53 - [MESSAGE][PASSED] - Text '082221857868' has been set to element 'Object Repository/Mobile/Page/Register/Not Registered/Informasi Pribadi/Edit Text - Phone Number'

2021-10-29 15:17:53 - [TEST_STEP][PASSED] - hideKeyboard(): Keyboard is hidden

2021-10-29 15:17:59 - [MESSAGE][PASSED] - Keyboard is hidden

2021-10-29 15:17:59 - [TEST_STEP][PASSED] - delay(1): Delayed 1 second(s)

2021-10-29 15:18:00 - [MESSAGE][PASSED] - Delayed 1 second(s)

2021-10-29 15:18:00 - [TEST_STEP][PASSED] - tap(findTestObject("Object Repository/Mobile/Page/Register/Not Registered/Informasi Pribadi/Dropdown - Flag Re Phone Number"), 0): Tapped on element 'Object Repository/Mobile/Page/Register/Not Registered/Informasi Pribadi/Dropdown - Flag Re Phone Number'

2021-10-29 15:18:01 - [MESSAGE][WARNING] - Timeout '0' is invalid. Using default page load timeout: '60'

2021-10-29 15:18:02 - [MESSAGE][PASSED] - Tapped on element 'Object Repository/Mobile/Page/Register/Not Registered/Informasi Pribadi/Dropdown - Flag Re Phone Number'

2021-10-29 15:18:02 - [TEST_STEP][PASSED] - tap(findTestObject("Object Repository/Mobile/Page/Register/Not Registered/Informasi Pribadi/Edit Text - Search Flag"), 0): Tapped on element 'Object Repository/Mobile/Page/Register/Not Registered/Informasi Pribadi/Edit Text - Search Flag'

2021-10-29 15:18:02 - [MESSAGE][WARNING] - Timeout '0' is invalid. Using default page load timeout: '60'

2021-10-29 15:18:02 - [MESSAGE][PASSED] - Tapped on element 'Object Repository/Mobile/Page/Register/Not Registered/Informasi Pribadi/Edit Text - Search Flag'

2021-10-29 15:18:02 - [TEST_STEP][PASSED] - setText(findTestObject("Object Repository/Mobile/Page/Register/Not Registered/Informasi Pribadi/Edit Text - Search Flag"), flag, 0): Text 'indonesia' has been set to element 'Object Repository/Mobile/Page/Register/Not Registered/Informasi Pribadi/Edit Text - Search Flag'

2021-10-29 15:18:02 - [MESSAGE][WARNING] - Timeout '0' is invalid. Using default page load timeout: '60'

2021-10-29 15:18:04 - [MESSAGE][PASSED] - Text 'indonesia' has been set to element 'Object Repository/Mobile/Page/Register/Not Registered/Informasi Pribadi/Edit Text - Search Flag'

2021-10-29 15:18:04 - [TEST_STEP][PASSED] - tap(findTestObject("Mobile/Page/Register/Not Registered/Informasi Pribadi/Item Flag - Top Search"), 0): Tapped on element 'Object Repository/Mobile/Page/Register/Not Registered/Informasi Pribadi/Item Flag - Top Search'

2021-10-29 15:18:04 - [MESSAGE][WARNING] - Timeout '0' is invalid. Using default page load timeout: '60'

2021-10-29 15:18:06 - [MESSAGE][PASSED] - Tapped on element 'Object Repository/Mobile/Page/Register/Not Registered/Informasi Pribadi/Item Flag - Top Search'

2021-10-29 15:18:06 - [TEST_STEP][PASSED] - tap(findTestObject("Object Repository/Mobile/Page/Register/Not Registered/Informasi Pribadi/Edit Text - Re Phone Number"), 0): Tapped on element 'Object Repository/Mobile/Page/Register/Not Registered/Informasi Pribadi/Edit Text - Re Phone Number'

2021-10-29 15:18:06 - [MESSAGE][WARNING] - Timeout '0' is invalid. Using default page load timeout: '60'

2021-10-29 15:18:06 - [MESSAGE][PASSED] - Tapped on element 'Object Repository/Mobile/Page/Register/Not Registered/Informasi Pribadi/Edit Text - Re Phone Number'

2021-10-29 15:18:06 - [TEST_STEP][PASSED] - setText(findTestObject("Object Repository/Mobile/Page/Register/Not Registered/Informasi Pribadi/Edit Text - Re Phone Number"), phone, 0): Text '082221857868' has been set to element 'Object Repository/Mobile/Page/Register/Not Registered/Informasi Pribadi/Edit Text - Re Phone Number'

2021-10-29 15:18:06 - [MESSAGE][WARNING] - Timeout '0' is invalid. Using default page load timeout: '60'

2021-10-29 15:18:07 - [MESSAGE][PASSED] - Text '082221857868' has been set to element 'Object Repository/Mobile/Page/Register/Not Registered/Informasi Pribadi/Edit Text - Re Phone Number'

2021-10-29 15:18:07 - [TEST_STEP][PASSED] - hideKeyboard(): Keyboard is hidden

2021-10-29 15:18:13 - [MESSAGE][PASSED] - Keyboard is hidden

2021-10-29 15:18:13 - [TEST_STEP][PASSED] - delay(1): Delayed 1 second(s)

2021-10-29 15:18:14 - [MESSAGE][PASSED] - Delayed 1 second(s)

2021-10-29 15:18:14 - [TEST_STEP][PASSED] - if (negativeStatus == "emailRegistered"): null

2021-10-29 15:18:14 - [TEST_STEP][PASSED] - else: Delayed 1 second(s)

2021-10-29 15:18:14 - [TEST_STEP][PASSED] - tap(findTestObject("Object Repository/Mobile/Page/Register/Not Registered/Informasi Pribadi/Edit Text - Email"), 0): Tapped on element 'Object Repository/Mobile/Page/Register/Not Registered/Informasi Pribadi/Edit Text - Email'

2021-10-29 15:18:14 - [MESSAGE][WARNING] - Timeout '0' is invalid. Using default page load timeout: '60'

2021-10-29 15:18:14 - [MESSAGE][PASSED] - Tapped on element 'Object Repository/Mobile/Page/Register/Not Registered/Informasi Pribadi/Edit Text - Email'

2021-10-29 15:18:14 - [TEST_STEP][PASSED] - setText(findTestObject("Object Repository/Mobile/Page/Register/Not Registered/Informasi Pribadi/Edit Text - Email"), email, 0): Text 'QATESTSIGIsxNLBzBwAaF@gmail.com' has been set to element 'Object Repository/Mobile/Page/Register/Not Registered/Informasi Pribadi/Edit Text - Email'

2021-10-29 15:18:14 - [MESSAGE][WARNING] - Timeout '0' is invalid. Using default page load timeout: '60'

2021-10-29 15:18:16 - [MESSAGE][PASSED] - Text 'QATESTSIGIsxNLBzBwAaF@gmail.com' has been set to element 'Object Repository/Mobile/Page/Register/Not Registered/Informasi Pribadi/Edit Text - Email'

2021-10-29 15:18:16 - [TEST_STEP][PASSED] - hideKeyboard(): Keyboard is hidden

2021-10-29 15:18:19 - [MESSAGE][PASSED] - Keyboard is hidden

2021-10-29 15:18:19 - [TEST_STEP][PASSED] - delay(1): Delayed 1 second(s)

2021-10-29 15:18:20 - [MESSAGE][PASSED] - Delayed 1 second(s)

2021-10-29 15:18:20 - [TEST_STEP][PASSED] - if (negativeStatus == "emailNotMatch"): null

2021-10-29 15:18:20 - [TEST_STEP][PASSED] - else: Delayed 1 second(s)

2021-10-29 15:18:20 - [TEST_STEP][PASSED] - tap(findTestObject("Object Repository/Mobile/Page/Register/Not Registered/Informasi Pribadi/Edit Text - Re Email"), 0): Tapped on element 'Object Repository/Mobile/Page/Register/Not Registered/Informasi Pribadi/Edit Text - Re Email'

2021-10-29 15:18:20 - [MESSAGE][WARNING] - Timeout '0' is invalid. Using default page load timeout: '60'

2021-10-29 15:18:21 - [MESSAGE][PASSED] - Tapped on element 'Object Repository/Mobile/Page/Register/Not Registered/Informasi Pribadi/Edit Text - Re Email'

2021-10-29 15:18:21 - [TEST_STEP][PASSED] - setText(findTestObject("Object Repository/Mobile/Page/Register/Not Registered/Informasi Pribadi/Edit Text - Re Email"), email, 0): Text 'QATESTSIGIsxNLBzBwAaF@gmail.com' has been set to element 'Object Repository/Mobile/Page/Register/Not Registered/Informasi Pribadi/Edit Text - Re Email'

2021-10-29 15:18:21 - [MESSAGE][WARNING] - Timeout '0' is invalid. Using default page load timeout: '60'

2021-10-29 15:18:22 - [MESSAGE][PASSED] - Text 'QATESTSIGIsxNLBzBwAaF@gmail.com' has been set to element 'Object Repository/Mobile/Page/Register/Not Registered/Informasi Pribadi/Edit Text - Re Email'

2021-10-29 15:18:22 - [TEST_STEP][PASSED] - hideKeyboard(): Keyboard is hidden

2021-10-29 15:18:26 - [MESSAGE][PASSED] - Keyboard is hidden

2021-10-29 15:18:26 - [TEST_STEP][PASSED] - delay(1): Delayed 1 second(s)

2021-10-29 15:18:27 - [MESSAGE][PASSED] - Delayed 1 second(s)

2021-10-29 15:18:27 - [TEST_STEP][PASSED] - if (negativeStatus == "passwordNotFollowRules"): null

2021-10-29 15:18:27 - [TEST_STEP][PASSED] - else: Delayed 1 second(s)

2021-10-29 15:18:27 - [TEST_STEP][PASSED] - tap(findTestObject("Object Repository/Mobile/Page/Register/Not Registered/Informasi Pribadi/Edit Text - Password"), 0): Tapped on element 'Object Repository/Mobile/Page/Register/Not Registered/Informasi Pribadi/Edit Text - Password'

2021-10-29 15:18:27 - [MESSAGE][WARNING] - Timeout '0' is invalid. Using default page load timeout: '60'

2021-10-29 15:18:27 - [MESSAGE][PASSED] - Tapped on element 'Object Repository/Mobile/Page/Register/Not Registered/Informasi Pribadi/Edit Text - Password'

2021-10-29 15:18:27 - [TEST_STEP][PASSED] - setText(findTestObject("Object Repository/Mobile/Page/Register/Not Registered/Informasi Pribadi/Edit Text - Password"), password, 0): Text 'Mirae1234' has been set to element 'Object Repository/Mobile/Page/Register/Not Registered/Informasi Pribadi/Edit Text - Password'

2021-10-29 15:18:27 - [MESSAGE][WARNING] - Timeout '0' is invalid. Using default page load timeout: '60'

2021-10-29 15:18:29 - [MESSAGE][PASSED] - Text 'Mirae1234' has been set to element 'Object Repository/Mobile/Page/Register/Not Registered/Informasi Pribadi/Edit Text - Password'

2021-10-29 15:18:29 - [TEST_STEP][PASSED] - hideKeyboard(): Keyboard is hidden

2021-10-29 15:18:35 - [MESSAGE][PASSED] - Keyboard is hidden

2021-10-29 15:18:35 - [TEST_STEP][PASSED] - delay(1): Delayed 1 second(s)

2021-10-29 15:18:36 - [MESSAGE][PASSED] - Delayed 1 second(s)

2021-10-29 15:18:36 - [TEST_STEP][PASSED] - tap(findTestObject("Object Repository/Mobile/Page/Register/Not Registered/Informasi Pribadi/Edit Text - Re Password"), 0): Tapped on element 'Object Repository/Mobile/Page/Register/Not Registered/Informasi Pribadi/Edit Text - Re Password'

2021-10-29 15:18:36 - [MESSAGE][WARNING] - Timeout '0' is invalid. Using default page load timeout: '60'

2021-10-29 15:18:36 - [MESSAGE][PASSED] - Tapped on element 'Object Repository/Mobile/Page/Register/Not Registered/Informasi Pribadi/Edit Text - Re Password'

2021-10-29 15:18:36 - [TEST_STEP][PASSED] - setText(findTestObject("Object Repository/Mobile/Page/Register/Not Registered/Informasi Pribadi/Edit Text - Re Password"), password, 0): Text 'Mirae1234' has been set to element 'Object Repository/Mobile/Page/Register/Not Registered/Informasi Pribadi/Edit Text - Re Password'

2021-10-29 15:18:36 - [MESSAGE][WARNING] - Timeout '0' is invalid. Using default page load timeout: '60'

2021-10-29 15:18:38 - [MESSAGE][PASSED] - Text 'Mirae1234' has been set to element 'Object Repository/Mobile/Page/Register/Not Registered/Informasi Pribadi/Edit Text - Re Password'

2021-10-29 15:18:38 - [TEST_STEP][PASSED] - hideKeyboard(): Keyboard is hidden

2021-10-29 15:18:44 - [MESSAGE][PASSED] - Keyboard is hidden

2021-10-29 15:18:44 - [TEST_STEP][PASSED] - delay(1): Delayed 1 second(s)

2021-10-29 15:18:45 - [MESSAGE][PASSED] - Delayed 1 second(s)

2021-10-29 15:18:45 - [TEST_STEP][PASSED] - if (isBedaAlamat == 1): null

2021-10-29 15:18:45 - [TEST_STEP][PASSED] - tap(findTestObject("Object Repository/Mobile/Page/Register/Not Registered/Informasi Pribadi/Button - Icon KTP"), 0): Tapped on element 'Object Repository/Mobile/Page/Register/Not Registered/Informasi Pribadi/Button - Icon KTP'

2021-10-29 15:18:45 - [MESSAGE][WARNING] - Timeout '0' is invalid. Using default page load timeout: '60'

2021-10-29 15:18:45 - [MESSAGE][PASSED] - Tapped on element 'Object Repository/Mobile/Page/Register/Not Registered/Informasi Pribadi/Button - Icon KTP'

2021-10-29 15:18:45 - [TEST_STEP][PASSED] - permission = verifyElementExist(findTestObject("Object Repository/Mobile/Page/Register/Not Registered/Informasi Pribadi/Permission - Only this time"), 1, OPTIONAL): Element 'Object Repository/Mobile/Page/Register/Not Registered/Informasi Pribadi/Permission - Only this time' is exist

2021-10-29 15:18:46 - [MESSAGE][PASSED] - Element 'Object Repository/Mobile/Page/Register/Not Registered/Informasi Pribadi/Permission - Only this time' is exist

2021-10-29 15:18:46 - [TEST_STEP][PASSED] - if (permission): Tapped on element 'Object Repository/Mobile/Page/Register/Not Registered/Informasi Pribadi/Permission - Only this time'

2021-10-29 15:18:46 - [TEST_STEP][PASSED] - tap(findTestObject("Object Repository/Mobile/Page/Register/Not Registered/Informasi Pribadi/Permission - Only this time"), 0): Tapped on element 'Object Repository/Mobile/Page/Register/Not Registered/Informasi Pribadi/Permission - Only this time'

2021-10-29 15:18:46 - [MESSAGE][WARNING] - Timeout '0' is invalid. Using default page load timeout: '60'

2021-10-29 15:18:47 - [MESSAGE][PASSED] - Tapped on element 'Object Repository/Mobile/Page/Register/Not Registered/Informasi Pribadi/Permission - Only this time'

2021-10-29 15:18:47 - [TEST_STEP][PASSED] - permission = verifyElementExist(findTestObject("Object Repository/Mobile/Page/Register/Not Registered/Informasi Pribadi/Permission - Only this time"), 1, OPTIONAL): Element 'Object Repository/Mobile/Page/Register/Not Registered/Informasi Pribadi/Permission - Only this time' is exist

2021-10-29 15:18:48 - [MESSAGE][PASSED] - Element 'Object Repository/Mobile/Page/Register/Not Registered/Informasi Pribadi/Permission - Only this time' is exist

2021-10-29 15:18:48 - [TEST_STEP][PASSED] - if (permission): Tapped on element 'Object Repository/Mobile/Page/Register/Not Registered/Informasi Pribadi/Permission - Only this time'

2021-10-29 15:18:48 - [TEST_STEP][PASSED] - tap(findTestObject("Object Repository/Mobile/Page/Register/Not Registered/Informasi Pribadi/Permission - Only this time"), 0): Tapped on element 'Object Repository/Mobile/Page/Register/Not Registered/Informasi Pribadi/Permission - Only this time'

2021-10-29 15:18:48 - [MESSAGE][WARNING] - Timeout '0' is invalid. Using default page load timeout: '60'

2021-10-29 15:18:48 - [MESSAGE][PASSED] - Tapped on element 'Object Repository/Mobile/Page/Register/Not Registered/Informasi Pribadi/Permission - Only this time'

2021-10-29 15:18:48 - [TEST_STEP][PASSED] - tap(findTestObject("Object Repository/Mobile/Page/Register/Not Registered/Informasi Pribadi/Button - Capture KTP"), 0): Tapped on element 'Object Repository/Mobile/Page/Register/Not Registered/Informasi Pribadi/Button - Capture KTP'

2021-10-29 15:18:48 - [MESSAGE][WARNING] - Timeout '0' is invalid. Using default page load timeout: '60'

2021-10-29 15:18:50 - [MESSAGE][PASSED] - Tapped on element 'Object Repository/Mobile/Page/Register/Not Registered/Informasi Pribadi/Button - Capture KTP'

2021-10-29 15:18:50 - [TEST_STEP][PASSED] - delay(2): Delayed 2 second(s)

2021-10-29 15:18:52 - [MESSAGE][PASSED] - Delayed 2 second(s)

2021-10-29 15:18:52 - [TEST_STEP][PASSED] - scroll.scroll.scrollLeftToRight(findTestObject("Object Repository/Mobile/Page/Register/Not Registered/Informasi Pribadi/Slider - Edit Photo Scale")): scroll.scroll.scrollLeftToRight is PASSED

2021-10-29 15:18:52 - [MESSAGE][WARNING] - Timeout '0' is invalid. Using default page load timeout: '60'

2021-10-29 15:18:54 - [MESSAGE][PASSED] - Object 'Object Repository/Mobile/Page/Register/Not Registered/Informasi Pribadi/Slider - Edit Photo Scale' has left position '0'

2021-10-29 15:18:54 - [MESSAGE][WARNING] - Timeout '0' is invalid. Using default page load timeout: '60'

2021-10-29 15:18:54 - [MESSAGE][PASSED] - Object 'Object Repository/Mobile/Page/Register/Not Registered/Informasi Pribadi/Slider - Edit Photo Scale' has top position '1,284'

2021-10-29 15:18:54 - [MESSAGE][WARNING] - Timeout '0' is invalid. Using default page load timeout: '60'

2021-10-29 15:18:54 - [MESSAGE][PASSED] - Object 'Object Repository/Mobile/Page/Register/Not Registered/Informasi Pribadi/Slider - Edit Photo Scale' has width: '720'

2021-10-29 15:18:54 - [MESSAGE][WARNING] - Timeout '0' is invalid. Using default page load timeout: '60'

2021-10-29 15:18:54 - [MESSAGE][PASSED] - Object 'Object Repository/Mobile/Page/Register/Not Registered/Informasi Pribadi/Slider - Edit Photo Scale' has height: '66'

2021-10-29 15:18:56 - [MESSAGE][PASSED] - Swiped from 144,1,317 to 576,1,317

2021-10-29 15:18:56 - [MESSAGE][PASSED] - scroll.scroll.scrollLeftToRight is PASSED

2021-10-29 15:18:56 - [TEST_STEP][PASSED] - tap(findTestObject("Object Repository/Mobile/Page/Register/Not Registered/Informasi Pribadi/Button - Edit Photo Rotate"), 0): Tapped on element 'Object Repository/Mobile/Page/Register/Not Registered/Informasi Pribadi/Button - Edit Photo Rotate'

2021-10-29 15:18:56 - [MESSAGE][WARNING] - Timeout '0' is invalid. Using default page load timeout: '60'

2021-10-29 15:18:56 - [MESSAGE][PASSED] - Tapped on element 'Object Repository/Mobile/Page/Register/Not Registered/Informasi Pribadi/Button - Edit Photo Rotate'

2021-10-29 15:18:56 - [TEST_STEP][PASSED] - tap(findTestObject("Object Repository/Mobile/Page/Register/Not Registered/Informasi Pribadi/Button - Edit Photo Rotate 90 degree"), 0): Tapped on element 'Object Repository/Mobile/Page/Register/Not Registered/Informasi Pribadi/Button - Edit Photo Rotate 90 degree'

2021-10-29 15:18:56 - [MESSAGE][WARNING] - Timeout '0' is invalid. Using default page load timeout: '60'

2021-10-29 15:18:58 - [MESSAGE][PASSED] - Tapped on element 'Object Repository/Mobile/Page/Register/Not Registered/Informasi Pribadi/Button - Edit Photo Rotate 90 degree'

2021-10-29 15:18:58 - [TEST_STEP][PASSED] - tap(findTestObject("Object Repository/Mobile/Page/Register/Not Registered/Informasi Pribadi/Button - Edit Photo Reset Rotation"), 0): Tapped on element 'Object Repository/Mobile/Page/Register/Not Registered/Informasi Pribadi/Button - Edit Photo Reset Rotation'

2021-10-29 15:18:58 - [MESSAGE][WARNING] - Timeout '0' is invalid. Using default page load timeout: '60'

2021-10-29 15:18:58 - [MESSAGE][PASSED] - Tapped on element 'Object Repository/Mobile/Page/Register/Not Registered/Informasi Pribadi/Button - Edit Photo Reset Rotation'

2021-10-29 15:18:58 - [TEST_STEP][PASSED] - scroll.scroll.scrollLeftToRight(findTestObject("Object Repository/Mobile/Page/Register/Not Registered/Informasi Pribadi/Slider - Edit Photo Rotate")): scroll.scroll.scrollLeftToRight is PASSED

2021-10-29 15:18:58 - [MESSAGE][WARNING] - Timeout '0' is invalid. Using default page load timeout: '60'

2021-10-29 15:18:59 - [MESSAGE][PASSED] - Object 'Object Repository/Mobile/Page/Register/Not Registered/Informasi Pribadi/Slider - Edit Photo Rotate' has left position '88'

2021-10-29 15:18:59 - [MESSAGE][WARNING] - Timeout '0' is invalid. Using default page load timeout: '60'

2021-10-29 15:18:59 - [MESSAGE][PASSED] - Object 'Object Repository/Mobile/Page/Register/Not Registered/Informasi Pribadi/Slider - Edit Photo Rotate' has top position '1,284'

2021-10-29 15:18:59 - [MESSAGE][WARNING] - Timeout '0' is invalid. Using default page load timeout: '60'

2021-10-29 15:18:59 - [MESSAGE][PASSED] - Object 'Object Repository/Mobile/Page/Register/Not Registered/Informasi Pribadi/Slider - Edit Photo Rotate' has width: '544'

2021-10-29 15:18:59 - [MESSAGE][WARNING] - Timeout '0' is invalid. Using default page load timeout: '60'

2021-10-29 15:18:59 - [MESSAGE][PASSED] - Object 'Object Repository/Mobile/Page/Register/Not Registered/Informasi Pribadi/Slider - Edit Photo Rotate' has height: '66'

2021-10-29 15:19:00 - [MESSAGE][PASSED] - Swiped from 196,1,317 to 523,1,317

2021-10-29 15:19:01 - [MESSAGE][PASSED] - scroll.scroll.scrollLeftToRight is PASSED

2021-10-29 15:19:01 - [TEST_STEP][PASSED] - tap(findTestObject("Object Repository/Mobile/Page/Register/Not Registered/Informasi Pribadi/Button - Edit Photo Confirm"), 0): Tapped on element 'Object Repository/Mobile/Page/Register/Not Registered/Informasi Pribadi/Button - Edit Photo Confirm'

2021-10-29 15:19:01 - [MESSAGE][WARNING] - Timeout '0' is invalid. Using default page load timeout: '60'

2021-10-29 15:19:01 - [MESSAGE][PASSED] - Tapped on element 'Object Repository/Mobile/Page/Register/Not Registered/Informasi Pribadi/Button - Edit Photo Confirm'

2021-10-29 15:19:01 - [TEST_STEP][PASSED] - delay(2): Delayed 2 second(s)

2021-10-29 15:19:03 - [MESSAGE][PASSED] - Delayed 2 second(s)

2021-10-29 15:19:03 - [TEST_STEP][PASSED] - hideKeyboard(): Keyboard is hidden

2021-10-29 15:19:09 - [MESSAGE][PASSED] - Keyboard is hidden

2021-10-29 15:19:09 - [TEST_STEP][PASSED] - delay(1): Delayed 1 second(s)

2021-10-29 15:19:10 - [MESSAGE][PASSED] - Delayed 1 second(s)

2021-10-29 15:19:10 - [TEST_STEP][PASSED] - scroll.scroll.scrollToBottomOpenKeyboard(): scroll.scroll.scrollToBottomOpenKeyboard is PASSED

2021-10-29 15:19:10 - [MESSAGE][PASSED] - Current device physical height is 1423

2021-10-29 15:19:10 - [MESSAGE][PASSED] - Current device physical width is 720

2021-10-29 15:19:12 - [MESSAGE][PASSED] - Swiped from 360,853 to 360,284

2021-10-29 15:19:12 - [MESSAGE][PASSED] - scroll.scroll.scrollToBottomOpenKeyboard is PASSED

2021-10-29 15:19:12 - [TEST_STEP][PASSED] - tap(findTestObject("Object Repository/Mobile/Page/Register/Not Registered/Informasi Pribadi/Button - Icon Face with KTP"), 0): Tapped on element 'Object Repository/Mobile/Page/Register/Not Registered/Informasi Pribadi/Button - Icon Face with KTP'

2021-10-29 15:19:12 - [MESSAGE][WARNING] - Timeout '0' is invalid. Using default page load timeout: '60'

2021-10-29 15:19:13 - [MESSAGE][PASSED] - Tapped on element 'Object Repository/Mobile/Page/Register/Not Registered/Informasi Pribadi/Button - Icon Face with KTP'

2021-10-29 15:19:13 - [TEST_STEP][PASSED] - permission = verifyElementExist(findTestObject("Object Repository/Mobile/Page/Register/Not Registered/Informasi Pribadi/Permission - Only this time"), 1, OPTIONAL): Element 'Object Repository/Mobile/Page/Register/Not Registered/Informasi Pribadi/Permission - Only this time' not found

2021-10-29 15:19:15 - [MESSAGE][WARNING] - Element 'Object Repository/Mobile/Page/Register/Not Registered/Informasi Pribadi/Permission - Only this time' not found
[[ATTACHMENT|C:\\Users\\Owner\\Documents\\kerjaan\\KatalonProject\\qa-katalon-maxfund\\Reports\\20211029_145503\\Register\\20211029_145503\\1635495554116.png]]

2021-10-29 15:19:15 - [TEST_STEP][PASSED] - if (permission): null

2021-10-29 15:19:15 - [TEST_STEP][PASSED] - permission = verifyElementExist(findTestObject("Object Repository/Mobile/Page/Register/Not Registered/Informasi Pribadi/Permission - Only this time"), 1, OPTIONAL): Element 'Object Repository/Mobile/Page/Register/Not Registered/Informasi Pribadi/Permission - Only this time' not found

2021-10-29 15:19:18 - [MESSAGE][WARNING] - Element 'Object Repository/Mobile/Page/Register/Not Registered/Informasi Pribadi/Permission - Only this time' not found
[[ATTACHMENT|C:\\Users\\Owner\\Documents\\kerjaan\\KatalonProject\\qa-katalon-maxfund\\Reports\\20211029_145503\\Register\\20211029_145503\\1635495556953.png]]

2021-10-29 15:19:18 - [TEST_STEP][PASSED] - if (permission): null

2021-10-29 15:19:18 - [TEST_STEP][PASSED] - tap(findTestObject("Object Repository/Mobile/Page/Register/Not Registered/Informasi Pribadi/Button - Capture Face with KTP"), 0): Tapped on element 'Object Repository/Mobile/Page/Register/Not Registered/Informasi Pribadi/Button - Capture Face with KTP'

2021-10-29 15:19:18 - [MESSAGE][WARNING] - Timeout '0' is invalid. Using default page load timeout: '60'

2021-10-29 15:19:20 - [MESSAGE][PASSED] - Tapped on element 'Object Repository/Mobile/Page/Register/Not Registered/Informasi Pribadi/Button - Capture Face with KTP'

2021-10-29 15:19:20 - [TEST_STEP][PASSED] - delay(2): Delayed 2 second(s)

2021-10-29 15:19:22 - [MESSAGE][PASSED] - Delayed 2 second(s)

2021-10-29 15:19:22 - [TEST_STEP][PASSED] - hideKeyboard(): Keyboard is hidden

2021-10-29 15:19:29 - [MESSAGE][PASSED] - Keyboard is hidden

2021-10-29 15:19:29 - [TEST_STEP][PASSED] - delay(1): Delayed 1 second(s)

2021-10-29 15:19:30 - [MESSAGE][PASSED] - Delayed 1 second(s)

2021-10-29 15:19:30 - [TEST_STEP][PASSED] - scroll.scroll.scrollToBottomOpenKeyboard(): scroll.scroll.scrollToBottomOpenKeyboard is PASSED

2021-10-29 15:19:30 - [MESSAGE][PASSED] - Current device physical height is 1423

2021-10-29 15:19:30 - [MESSAGE][PASSED] - Current device physical width is 720

2021-10-29 15:19:31 - [MESSAGE][PASSED] - Swiped from 360,853 to 360,284

2021-10-29 15:19:31 - [MESSAGE][PASSED] - scroll.scroll.scrollToBottomOpenKeyboard is PASSED

2021-10-29 15:19:31 - [TEST_STEP][PASSED] - tap(findTestObject("Object Repository/Mobile/Page/Register/Not Registered/Informasi Pribadi/Radio Button - Low Risk"), 0): Tapped on element 'Object Repository/Mobile/Page/Register/Not Registered/Informasi Pribadi/Radio Button - Low Risk'

2021-10-29 15:19:31 - [MESSAGE][WARNING] - Timeout '0' is invalid. Using default page load timeout: '60'

2021-10-29 15:19:32 - [MESSAGE][PASSED] - Tapped on element 'Object Repository/Mobile/Page/Register/Not Registered/Informasi Pribadi/Radio Button - Low Risk'

2021-10-29 15:19:32 - [TEST_STEP][PASSED] - delay(1): Delayed 1 second(s)

2021-10-29 15:19:33 - [MESSAGE][PASSED] - Delayed 1 second(s)

2021-10-29 15:19:33 - [TEST_STEP][PASSED] - tap(findTestObject("Object Repository/Mobile/Page/Register/Not Registered/Informasi Pribadi/Radio Button - Medium Risk"), 0): Tapped on element 'Object Repository/Mobile/Page/Register/Not Registered/Informasi Pribadi/Radio Button - Medium Risk'

2021-10-29 15:19:33 - [MESSAGE][WARNING] - Timeout '0' is invalid. Using default page load timeout: '60'

2021-10-29 15:19:33 - [MESSAGE][PASSED] - Tapped on element 'Object Repository/Mobile/Page/Register/Not Registered/Informasi Pribadi/Radio Button - Medium Risk'

2021-10-29 15:19:33 - [TEST_STEP][PASSED] - delay(1): Delayed 1 second(s)

2021-10-29 15:19:34 - [MESSAGE][PASSED] - Delayed 1 second(s)

2021-10-29 15:19:34 - [TEST_STEP][PASSED] - tap(findTestObject("Object Repository/Mobile/Page/Register/Not Registered/Informasi Pribadi/Radio Button - High Risk"), 0): Tapped on element 'Object Repository/Mobile/Page/Register/Not Registered/Informasi Pribadi/Radio Button - High Risk'

2021-10-29 15:19:34 - [MESSAGE][WARNING] - Timeout '0' is invalid. Using default page load timeout: '60'

2021-10-29 15:19:35 - [MESSAGE][PASSED] - Tapped on element 'Object Repository/Mobile/Page/Register/Not Registered/Informasi Pribadi/Radio Button - High Risk'

2021-10-29 15:19:35 - [TEST_STEP][PASSED] - delay(1): Delayed 1 second(s)

2021-10-29 15:19:36 - [MESSAGE][PASSED] - Delayed 1 second(s)

2021-10-29 15:19:36 - [TEST_STEP][PASSED] - tap(findTestObject("Object Repository/Mobile/Page/Register/Not Registered/Informasi Pribadi/Button - Next"), 0): Tapped on element 'Object Repository/Mobile/Page/Register/Not Registered/Informasi Pribadi/Button - Next'

2021-10-29 15:19:36 - [MESSAGE][WARNING] - Timeout '0' is invalid. Using default page load timeout: '60'

2021-10-29 15:19:38 - [MESSAGE][PASSED] - Tapped on element 'Object Repository/Mobile/Page/Register/Not Registered/Informasi Pribadi/Button - Next'

2021-10-29 15:19:38 - [TEST_STEP][PASSED] - delay(1): Delayed 1 second(s)

2021-10-29 15:19:39 - [MESSAGE][PASSED] - Delayed 1 second(s)

2021-10-29 15:19:39 - [TEST_STEP][PASSED] - tapAndHold(findTestObject("Mobile/Page/Register/Not Registered/Akun Bank/Dropdown - Bank"), 1, 0): Tapped and held on element 'Object Repository/Mobile/Page/Register/Not Registered/Akun Bank/Dropdown - Bank' with duration 1

2021-10-29 15:19:39 - [MESSAGE][WARNING] - Timeout '0' is invalid. Using default page load timeout: '60'

2021-10-29 15:19:42 - [MESSAGE][PASSED] - Tapped and held on element 'Object Repository/Mobile/Page/Register/Not Registered/Akun Bank/Dropdown - Bank' with duration 1

2021-10-29 15:19:42 - [TEST_STEP][PASSED] - tap(findTestObject("Mobile/Page/Register/Not Registered/Akun Bank/Edit Text - Search Bank"), 0): Tapped on element 'Object Repository/Mobile/Page/Register/Not Registered/Akun Bank/Edit Text - Search Bank'

2021-10-29 15:19:42 - [MESSAGE][WARNING] - Timeout '0' is invalid. Using default page load timeout: '60'

2021-10-29 15:19:42 - [MESSAGE][PASSED] - Tapped on element 'Object Repository/Mobile/Page/Register/Not Registered/Akun Bank/Edit Text - Search Bank'

2021-10-29 15:19:42 - [TEST_STEP][PASSED] - setText(findTestObject("Mobile/Page/Register/Not Registered/Akun Bank/Edit Text - Search Bank"), "citibank", 0): Text 'citibank' has been set to element 'Object Repository/Mobile/Page/Register/Not Registered/Akun Bank/Edit Text - Search Bank'

2021-10-29 15:19:42 - [MESSAGE][WARNING] - Timeout '0' is invalid. Using default page load timeout: '60'

2021-10-29 15:19:43 - [MESSAGE][PASSED] - Text 'citibank' has been set to element 'Object Repository/Mobile/Page/Register/Not Registered/Akun Bank/Edit Text - Search Bank'

2021-10-29 15:19:43 - [TEST_STEP][PASSED] - driver = getDriver(): null

2021-10-29 15:19:43 - [TEST_STEP][PASSED] - driver.pressKeyCode(ENTER): null

2021-10-29 15:19:44 - [TEST_STEP][PASSED] - tap(findTestObject("Object Repository/Mobile/Page/Register/Not Registered/Akun Bank/Item - Top Search Bank"), 0): Tapped on element 'Object Repository/Mobile/Page/Register/Not Registered/Akun Bank/Item - Top Search Bank'

2021-10-29 15:19:44 - [MESSAGE][WARNING] - Timeout '0' is invalid. Using default page load timeout: '60'

2021-10-29 15:19:45 - [MESSAGE][PASSED] - Tapped on element 'Object Repository/Mobile/Page/Register/Not Registered/Akun Bank/Item - Top Search Bank'

2021-10-29 15:19:45 - [TEST_STEP][PASSED] - delay(1): Delayed 1 second(s)

2021-10-29 15:19:46 - [MESSAGE][PASSED] - Delayed 1 second(s)

2021-10-29 15:19:46 - [TEST_STEP][PASSED] - tapAndHold(findTestObject("Mobile/Page/Register/Not Registered/Akun Bank/Dropdown - Country"), 1, 0): Tapped and held on element 'Object Repository/Mobile/Page/Register/Not Registered/Akun Bank/Dropdown - Country' with duration 1

2021-10-29 15:19:46 - [MESSAGE][WARNING] - Timeout '0' is invalid. Using default page load timeout: '60'

2021-10-29 15:19:49 - [MESSAGE][PASSED] - Tapped and held on element 'Object Repository/Mobile/Page/Register/Not Registered/Akun Bank/Dropdown - Country' with duration 1

2021-10-29 15:19:49 - [TEST_STEP][PASSED] - tap(findTestObject("Object Repository/Mobile/Page/Register/Not Registered/Akun Bank/Dropdown - Country Option Indonesia"), 0): Tapped on element 'Object Repository/Mobile/Page/Register/Not Registered/Akun Bank/Dropdown - Country Option Indonesia'

2021-10-29 15:19:49 - [MESSAGE][WARNING] - Timeout '0' is invalid. Using default page load timeout: '60'

2021-10-29 15:19:50 - [MESSAGE][PASSED] - Tapped on element 'Object Repository/Mobile/Page/Register/Not Registered/Akun Bank/Dropdown - Country Option Indonesia'

2021-10-29 15:19:50 - [TEST_STEP][PASSED] - delay(1): Delayed 1 second(s)

2021-10-29 15:19:51 - [MESSAGE][PASSED] - Delayed 1 second(s)

2021-10-29 15:19:51 - [TEST_STEP][PASSED] - tap(findTestObject("Object Repository/Mobile/Page/Register/Not Registered/Akun Bank/Edit Text - Branch"), 0): Tapped on element 'Object Repository/Mobile/Page/Register/Not Registered/Akun Bank/Edit Text - Branch'

2021-10-29 15:19:52 - [MESSAGE][WARNING] - Timeout '0' is invalid. Using default page load timeout: '60'

2021-10-29 15:19:52 - [MESSAGE][PASSED] - Tapped on element 'Object Repository/Mobile/Page/Register/Not Registered/Akun Bank/Edit Text - Branch'

2021-10-29 15:19:52 - [TEST_STEP][PASSED] - setText(findTestObject("Object Repository/Mobile/Page/Register/Not Registered/Akun Bank/Edit Text - Branch"), branch, 0): Text 'qa cabang' has been set to element 'Object Repository/Mobile/Page/Register/Not Registered/Akun Bank/Edit Text - Branch'

2021-10-29 15:19:52 - [MESSAGE][WARNING] - Timeout '0' is invalid. Using default page load timeout: '60'

2021-10-29 15:19:53 - [MESSAGE][PASSED] - Text 'qa cabang' has been set to element 'Object Repository/Mobile/Page/Register/Not Registered/Akun Bank/Edit Text - Branch'

2021-10-29 15:19:53 - [TEST_STEP][PASSED] - hideKeyboard(): Keyboard is hidden

2021-10-29 15:19:57 - [MESSAGE][PASSED] - Keyboard is hidden

2021-10-29 15:19:57 - [TEST_STEP][PASSED] - delay(1): Delayed 1 second(s)

2021-10-29 15:19:58 - [MESSAGE][PASSED] - Delayed 1 second(s)

2021-10-29 15:19:58 - [TEST_STEP][PASSED] - tap(findTestObject("Object Repository/Mobile/Page/Register/Not Registered/Akun Bank/Edit Text - Account Number"), 0): Tapped on element 'Object Repository/Mobile/Page/Register/Not Registered/Akun Bank/Edit Text - Account Number'

2021-10-29 15:19:58 - [MESSAGE][WARNING] - Timeout '0' is invalid. Using default page load timeout: '60'

2021-10-29 15:19:58 - [MESSAGE][PASSED] - Tapped on element 'Object Repository/Mobile/Page/Register/Not Registered/Akun Bank/Edit Text - Account Number'

2021-10-29 15:19:58 - [TEST_STEP][PASSED] - setText(findTestObject("Object Repository/Mobile/Page/Register/Not Registered/Akun Bank/Edit Text - Account Number"), accountnumber, 0): Text '222444222444' has been set to element 'Object Repository/Mobile/Page/Register/Not Registered/Akun Bank/Edit Text - Account Number'

2021-10-29 15:19:58 - [MESSAGE][WARNING] - Timeout '0' is invalid. Using default page load timeout: '60'

2021-10-29 15:20:00 - [MESSAGE][PASSED] - Text '222444222444' has been set to element 'Object Repository/Mobile/Page/Register/Not Registered/Akun Bank/Edit Text - Account Number'

2021-10-29 15:20:00 - [TEST_STEP][PASSED] - hideKeyboard(): Keyboard is hidden

2021-10-29 15:20:06 - [MESSAGE][PASSED] - Keyboard is hidden

2021-10-29 15:20:06 - [TEST_STEP][PASSED] - delay(1): Delayed 1 second(s)

2021-10-29 15:20:07 - [MESSAGE][PASSED] - Delayed 1 second(s)

2021-10-29 15:20:07 - [TEST_STEP][PASSED] - if (negativeStatus == "ownerNameNotMatch"): null

2021-10-29 15:20:07 - [TEST_STEP][PASSED] - else: Delayed 1 second(s)

2021-10-29 15:20:07 - [TEST_STEP][PASSED] - tap(findTestObject("Object Repository/Mobile/Page/Register/Not Registered/Akun Bank/Edit Text - Name Owner"), 0): Tapped on element 'Object Repository/Mobile/Page/Register/Not Registered/Akun Bank/Edit Text - Name Owner'

2021-10-29 15:20:07 - [MESSAGE][WARNING] - Timeout '0' is invalid. Using default page load timeout: '60'

2021-10-29 15:20:07 - [MESSAGE][PASSED] - Tapped on element 'Object Repository/Mobile/Page/Register/Not Registered/Akun Bank/Edit Text - Name Owner'

2021-10-29 15:20:07 - [TEST_STEP][PASSED] - setText(findTestObject("Object Repository/Mobile/Page/Register/Not Registered/Akun Bank/Edit Text - Name Owner"), nameowner, 0): Text 'QATESTSIGIsxNLBzBwAaF' has been set to element 'Object Repository/Mobile/Page/Register/Not Registered/Akun Bank/Edit Text - Name Owner'

2021-10-29 15:20:07 - [MESSAGE][WARNING] - Timeout '0' is invalid. Using default page load timeout: '60'

2021-10-29 15:20:09 - [MESSAGE][PASSED] - Text 'QATESTSIGIsxNLBzBwAaF' has been set to element 'Object Repository/Mobile/Page/Register/Not Registered/Akun Bank/Edit Text - Name Owner'

2021-10-29 15:20:09 - [TEST_STEP][PASSED] - hideKeyboard(): Keyboard is hidden

2021-10-29 15:20:12 - [MESSAGE][PASSED] - Keyboard is hidden

2021-10-29 15:20:12 - [TEST_STEP][PASSED] - delay(1): Delayed 1 second(s)

2021-10-29 15:20:13 - [MESSAGE][PASSED] - Delayed 1 second(s)

2021-10-29 15:20:13 - [TEST_STEP][PASSED] - tap(findTestObject("Object Repository/Mobile/Page/Register/Not Registered/Akun Bank/Button - Next"), 0): Tapped on element 'Object Repository/Mobile/Page/Register/Not Registered/Akun Bank/Button - Next'

2021-10-29 15:20:13 - [MESSAGE][WARNING] - Timeout '0' is invalid. Using default page load timeout: '60'

2021-10-29 15:20:14 - [MESSAGE][PASSED] - Tapped on element 'Object Repository/Mobile/Page/Register/Not Registered/Akun Bank/Button - Next'

2021-10-29 15:20:14 - [TEST_STEP][PASSED] - delay(1): Delayed 1 second(s)

2021-10-29 15:20:15 - [MESSAGE][PASSED] - Delayed 1 second(s)

2021-10-29 15:20:15 - [TEST_STEP][PASSED] - if (isUseReferralCode == 1): null

2021-10-29 15:20:15 - [TEST_STEP][PASSED] - if (negativeStatus == "noSignature"): null

2021-10-29 15:20:15 - [TEST_STEP][PASSED] - else: Delayed 1 second(s)

2021-10-29 15:20:15 - [TEST_STEP][PASSED] - scroll.scroll.scrollRightToLeft(findTestObject("Mobile/Page/Register/Not Registered/Konfirmasi/Field - Signature")): scroll.scroll.scrollRightToLeft is PASSED

2021-10-29 15:20:15 - [MESSAGE][WARNING] - Timeout '0' is invalid. Using default page load timeout: '60'

2021-10-29 15:20:16 - [MESSAGE][PASSED] - Object 'Object Repository/Mobile/Page/Register/Not Registered/Konfirmasi/Field - Signature' has left position '31'

2021-10-29 15:20:16 - [MESSAGE][WARNING] - Timeout '0' is invalid. Using default page load timeout: '60'

2021-10-29 15:20:16 - [MESSAGE][PASSED] - Object 'Object Repository/Mobile/Page/Register/Not Registered/Konfirmasi/Field - Signature' has top position '612'

2021-10-29 15:20:16 - [MESSAGE][WARNING] - Timeout '0' is invalid. Using default page load timeout: '60'

2021-10-29 15:20:16 - [MESSAGE][PASSED] - Object 'Object Repository/Mobile/Page/Register/Not Registered/Konfirmasi/Field - Signature' has width: '658'

2021-10-29 15:20:16 - [MESSAGE][WARNING] - Timeout '0' is invalid. Using default page load timeout: '60'

2021-10-29 15:20:16 - [MESSAGE][PASSED] - Object 'Object Repository/Mobile/Page/Register/Not Registered/Konfirmasi/Field - Signature' has height: '384'

2021-10-29 15:20:17 - [MESSAGE][PASSED] - Swiped from 557,804 to 162,804

2021-10-29 15:20:17 - [MESSAGE][PASSED] - scroll.scroll.scrollRightToLeft is PASSED

2021-10-29 15:20:17 - [TEST_STEP][PASSED] - delay(1): Delayed 1 second(s)

2021-10-29 15:20:18 - [MESSAGE][PASSED] - Delayed 1 second(s)

2021-10-29 15:20:18 - [TEST_STEP][PASSED] - tap(findTestObject("Mobile/Page/Register/Not Registered/Konfirmasi/Checkbox - Agreement"), 0): Tapped on element 'Object Repository/Mobile/Page/Register/Not Registered/Konfirmasi/Checkbox - Agreement'

2021-10-29 15:20:18 - [MESSAGE][WARNING] - Timeout '0' is invalid. Using default page load timeout: '60'

2021-10-29 15:20:18 - [MESSAGE][PASSED] - Tapped on element 'Object Repository/Mobile/Page/Register/Not Registered/Konfirmasi/Checkbox - Agreement'

2021-10-29 15:20:18 - [TEST_STEP][PASSED] - delay(1): Delayed 1 second(s)

2021-10-29 15:20:19 - [MESSAGE][PASSED] - Delayed 1 second(s)

2021-10-29 15:20:19 - [TEST_STEP][PASSED] - pressBack(): Press back button successfully

2021-10-29 15:20:20 - [MESSAGE][PASSED] - Press back button successfully

2021-10-29 15:20:20 - [TEST_STEP][PASSED] - delay(1): Delayed 1 second(s)

2021-10-29 15:20:21 - [MESSAGE][PASSED] - Delayed 1 second(s)

2021-10-29 15:20:21 - [TEST_STEP][PASSED] - hideKeyboard(): Keyboard is hidden

2021-10-29 15:20:22 - [MESSAGE][PASSED] - Keyboard is hidden

2021-10-29 15:20:22 - [TEST_STEP][PASSED] - tap(findTestObject("Object Repository/Mobile/Page/Register/Not Registered/Konfirmasi/Button - Next"), 0): Tapped on element 'Object Repository/Mobile/Page/Register/Not Registered/Konfirmasi/Button - Next'

2021-10-29 15:20:22 - [MESSAGE][WARNING] - Timeout '0' is invalid. Using default page load timeout: '60'

2021-10-29 15:20:23 - [MESSAGE][PASSED] - Tapped on element 'Object Repository/Mobile/Page/Register/Not Registered/Konfirmasi/Button - Next'

2021-10-29 15:20:23 - [TEST_STEP][PASSED] - delay(5): Delayed 5 second(s)

2021-10-29 15:20:28 - [MESSAGE][PASSED] - Delayed 5 second(s)

2021-10-29 15:20:28 - [TEST_STEP][PASSED] - tap(findTestObject("Object Repository/Mobile/Page/Register/Not Registered/Konfirmasi/Button - Back to Home"), 0): Tapped on element 'Object Repository/Mobile/Page/Register/Not Registered/Konfirmasi/Button - Back to Home'

2021-10-29 15:20:28 - [MESSAGE][WARNING] - Timeout '0' is invalid. Using default page load timeout: '60'

2021-10-29 15:20:29 - [MESSAGE][PASSED] - Tapped on element 'Object Repository/Mobile/Page/Register/Not Registered/Konfirmasi/Button - Back to Home'

2021-10-29 15:20:29 - [TEST_STEP][PASSED] - delay(1): Delayed 1 second(s)

2021-10-29 15:20:30 - [MESSAGE][PASSED] - Delayed 1 second(s)

2021-10-29 15:20:30 - [MESSAGE][PASSED] - Call Test Case 'Test Cases/Mobile/Page/Register/Register' successfully

2021-10-29 15:20:30 - [TEST_STEP][PASSED] - callTestCase(findTestCase("Mobile/Page/Run App/Terminate App"), [:], STOP_ON_FAILURE): Call Test Case 'Test Cases/Mobile/Page/Run App/Terminate App' successfully

2021-10-29 15:20:30 - [TEST_CASE][PASSED] - Test Cases/Mobile/Page/Run App/Terminate App: Test Cases/Mobile/Page/Run App/Terminate App

2021-10-29 15:20:30 - [TEST_STEP][PASSED] - startApp.OpenApp.terminateApplication(): startApp.OpenApp.terminateApplication is PASSED

2021-10-29 15:20:33 - [MESSAGE][PASSED] - Delayed 3 second(s)

2021-10-29 15:20:34 - [MESSAGE][PASSED] - Current device physical width is 720

2021-10-29 15:20:34 - [MESSAGE][PASSED] - Current device physical height is 1423

2021-10-29 15:20:35 - [MESSAGE][PASSED] - Swiped from 360,853 to 360,142

2021-10-29 15:20:36 - [MESSAGE][PASSED] - Delayed 1 second(s)

2021-10-29 15:20:37 - [MESSAGE][PASSED] - Swiped from 360,853 to 360,142

2021-10-29 15:20:40 - [MESSAGE][PASSED] - Delayed 3 second(s)

2021-10-29 15:20:40 - [MESSAGE][PASSED] - startApp.OpenApp.terminateApplication is PASSED

2021-10-29 15:20:40 - [MESSAGE][PASSED] - Call Test Case 'Test Cases/Mobile/Page/Run App/Terminate App' successfully]]></system-out>
         <system-err><![CDATA[]]></system-err>
      </testcase>
      <testcase name="Test Cases/Mobile/Scenario/Register/008 - Registrasi dengan alamat email terdaftar" time="91.815" classname="Test Cases/Mobile/Scenario/Register/008 - Registrasi dengan alamat email terdaftar" status="PASSED">
         <system-out><![CDATA[2021-10-29 15:20:40 - [TEST_CASE][PASSED] - Test Cases/Mobile/Scenario/Register/008 - Registrasi dengan alamat email terdaftar: Test Cases/Mobile/Scenario/Register/008 - Registrasi dengan alamat email terdaftar

2021-10-29 15:20:41 - [TEST_STEP][PASSED] - callTestCase(findTestCase("Mobile/Page/Run App/Run App byID"), [:], STOP_ON_FAILURE): Call Test Case 'Test Cases/Mobile/Page/Run App/Run App byID' successfully

2021-10-29 15:20:41 - [TEST_CASE][PASSED] - Test Cases/Mobile/Page/Run App/Run App byID: Test Cases/Mobile/Page/Run App/Run App byID

2021-10-29 15:20:41 - [TEST_STEP][PASSED] - startApp.OpenApp.startApplication("com.mirae.maxfund"): startApp.OpenApp.startApplication is PASSED

2021-10-29 15:20:53 - [MESSAGE][PASSED] - Starting app with application ID: 'com.mirae.maxfund'

2021-10-29 15:20:53 - [MESSAGE][PASSED] - startApp.OpenApp.startApplication is PASSED

2021-10-29 15:20:53 - [MESSAGE][PASSED] - Call Test Case 'Test Cases/Mobile/Page/Run App/Run App byID' successfully

2021-10-29 15:20:53 - [TEST_STEP][PASSED] - callTestCase(findTestCase("Mobile/Page/Register/Register"), ["isFromLoginPage":0, "isRegistered":0, "isBedaAlamat":0, "isUseReferralCode":0, "negativeStatus":"emailRegistered"], STOP_ON_FAILURE): Call Test Case 'Test Cases/Mobile/Page/Register/Register' successfully

2021-10-29 15:20:53 - [TEST_CASE][PASSED] - Test Cases/Mobile/Page/Register/Register: Test Cases/Mobile/Page/Register/Register

2021-10-29 15:20:53 - [TEST_STEP][PASSED] - delay(5): Delayed 5 second(s)

2021-10-29 15:20:58 - [MESSAGE][PASSED] - Delayed 5 second(s)

2021-10-29 15:20:58 - [TEST_STEP][PASSED] - if (isFromLoginPage == 1): null

2021-10-29 15:20:58 - [TEST_STEP][PASSED] - else: Tapped on element 'Object Repository/Mobile/Page/Dashboard/Button - Register'

2021-10-29 15:20:58 - [TEST_STEP][PASSED] - tap(findTestObject("Object Repository/Mobile/Page/Dashboard/Button - Register"), 0): Tapped on element 'Object Repository/Mobile/Page/Dashboard/Button - Register'

2021-10-29 15:20:58 - [MESSAGE][WARNING] - Timeout '0' is invalid. Using default page load timeout: '60'

2021-10-29 15:20:58 - [MESSAGE][PASSED] - Tapped on element 'Object Repository/Mobile/Page/Dashboard/Button - Register'

2021-10-29 15:20:58 - [TEST_STEP][PASSED] - delay(3): Delayed 3 second(s)

2021-10-29 15:21:01 - [MESSAGE][PASSED] - Delayed 3 second(s)

2021-10-29 15:21:01 - [TEST_STEP][PASSED] - if (isRegistered == 1): null

2021-10-29 15:21:01 - [TEST_STEP][PASSED] - else: null

2021-10-29 15:21:01 - [TEST_STEP][PASSED] - RegisterMethod.notRegistered(negativeStatus, isBedaAlamat, isUseReferralCode): null

2021-10-29 15:21:01 - [TEST_STEP][PASSED] - fullname = "QATEST" + acak.acak.randomStringWord(): acak.acak.randomStringWord is PASSED

2021-10-29 15:21:01 - [MESSAGE][PASSED] - acak.acak.randomStringWord is PASSED

2021-10-29 15:21:01 - [TEST_STEP][PASSED] - birthdate = "1/1/1998": null

2021-10-29 15:21:01 - [TEST_STEP][PASSED] - phone = "082" + acak.acak.randomStringNumber(9): acak.acak.randomStringNumber is PASSED

2021-10-29 15:21:01 - [MESSAGE][PASSED] - acak.acak.randomStringNumber is PASSED

2021-10-29 15:21:01 - [TEST_STEP][PASSED] - email = fullname + "@gmail.com": null

2021-10-29 15:21:01 - [TEST_STEP][PASSED] - password = "Mirae1234": null

2021-10-29 15:21:01 - [TEST_STEP][PASSED] - branch = "qa cabang": null

2021-10-29 15:21:01 - [TEST_STEP][PASSED] - accountnumber = "222444222444": null

2021-10-29 15:21:01 - [TEST_STEP][PASSED] - nameowner = fullname: null

2021-10-29 15:21:01 - [TEST_STEP][PASSED] - alamat = "Jl. Cempaka Putih Barat 12 F No.12, RT.8/RW.8": null

2021-10-29 15:21:01 - [TEST_STEP][PASSED] - kodepos = "15412": null

2021-10-29 15:21:01 - [TEST_STEP][PASSED] - referralcode = "15412": null

2021-10-29 15:21:01 - [TEST_STEP][PASSED] - flag = "indonesia": null

2021-10-29 15:21:01 - [TEST_STEP][PASSED] - bank = "citibank": null

2021-10-29 15:21:01 - [TEST_STEP][PASSED] - tap(findTestObject("Object Repository/Mobile/Page/Register/Radio Button - Not registered yet"), 0): Tapped on element 'Object Repository/Mobile/Page/Register/Radio Button - Not registered yet'

2021-10-29 15:21:01 - [MESSAGE][WARNING] - Timeout '0' is invalid. Using default page load timeout: '60'

2021-10-29 15:21:02 - [MESSAGE][PASSED] - Tapped on element 'Object Repository/Mobile/Page/Register/Radio Button - Not registered yet'

2021-10-29 15:21:02 - [TEST_STEP][PASSED] - delay(3): Delayed 3 second(s)

2021-10-29 15:21:05 - [MESSAGE][PASSED] - Delayed 3 second(s)

2021-10-29 15:21:05 - [TEST_STEP][PASSED] - tap(findTestObject("Object Repository/Mobile/Page/Register/Not Registered/Button - Next"), 0): Tapped on element 'Object Repository/Mobile/Page/Register/Not Registered/Button - Next'

2021-10-29 15:21:05 - [MESSAGE][WARNING] - Timeout '0' is invalid. Using default page load timeout: '60'

2021-10-29 15:21:06 - [MESSAGE][PASSED] - Tapped on element 'Object Repository/Mobile/Page/Register/Not Registered/Button - Next'

2021-10-29 15:21:06 - [TEST_STEP][PASSED] - delay(1): Delayed 1 second(s)

2021-10-29 15:21:07 - [MESSAGE][PASSED] - Delayed 1 second(s)

2021-10-29 15:21:07 - [TEST_STEP][PASSED] - tap(findTestObject("Object Repository/Mobile/Page/Register/Not Registered/Informasi Pribadi/Edit Text - Fullname"), 0): Tapped on element 'Object Repository/Mobile/Page/Register/Not Registered/Informasi Pribadi/Edit Text - Fullname'

2021-10-29 15:21:07 - [MESSAGE][WARNING] - Timeout '0' is invalid. Using default page load timeout: '60'

2021-10-29 15:21:07 - [MESSAGE][PASSED] - Tapped on element 'Object Repository/Mobile/Page/Register/Not Registered/Informasi Pribadi/Edit Text - Fullname'

2021-10-29 15:21:07 - [TEST_STEP][PASSED] - setText(findTestObject("Object Repository/Mobile/Page/Register/Not Registered/Informasi Pribadi/Edit Text - Fullname"), fullname, 0): Text 'QATESTlpQHDfRQXKlRqXA' has been set to element 'Object Repository/Mobile/Page/Register/Not Registered/Informasi Pribadi/Edit Text - Fullname'

2021-10-29 15:21:07 - [MESSAGE][WARNING] - Timeout '0' is invalid. Using default page load timeout: '60'

2021-10-29 15:21:09 - [MESSAGE][PASSED] - Text 'QATESTlpQHDfRQXKlRqXA' has been set to element 'Object Repository/Mobile/Page/Register/Not Registered/Informasi Pribadi/Edit Text - Fullname'

2021-10-29 15:21:09 - [TEST_STEP][PASSED] - hideKeyboard(): Keyboard is hidden

2021-10-29 15:21:16 - [MESSAGE][PASSED] - Keyboard is hidden

2021-10-29 15:21:17 - [TEST_STEP][PASSED] - delay(1): Delayed 1 second(s)

2021-10-29 15:21:18 - [MESSAGE][PASSED] - Delayed 1 second(s)

2021-10-29 15:21:18 - [TEST_STEP][PASSED] - tap(findTestObject("Object Repository/Mobile/Page/Register/Not Registered/Informasi Pribadi/Date Picker - Date of Birth"), 0): Tapped on element 'Object Repository/Mobile/Page/Register/Not Registered/Informasi Pribadi/Date Picker - Date of Birth'

2021-10-29 15:21:18 - [MESSAGE][WARNING] - Timeout '0' is invalid. Using default page load timeout: '60'

2021-10-29 15:21:18 - [MESSAGE][PASSED] - Tapped on element 'Object Repository/Mobile/Page/Register/Not Registered/Informasi Pribadi/Date Picker - Date of Birth'

2021-10-29 15:21:18 - [TEST_STEP][PASSED] - tap(findTestObject("Object Repository/Mobile/Page/Register/Not Registered/Informasi Pribadi/Date Picker - Icon Edit"), 0): Tapped on element 'Object Repository/Mobile/Page/Register/Not Registered/Informasi Pribadi/Date Picker - Icon Edit'

2021-10-29 15:21:18 - [MESSAGE][WARNING] - Timeout '0' is invalid. Using default page load timeout: '60'

2021-10-29 15:21:20 - [MESSAGE][PASSED] - Tapped on element 'Object Repository/Mobile/Page/Register/Not Registered/Informasi Pribadi/Date Picker - Icon Edit'

2021-10-29 15:21:20 - [TEST_STEP][PASSED] - if (negativeStatus == "less17YearsOld"): null

2021-10-29 15:21:20 - [TEST_STEP][PASSED] - else: Delayed 1 second(s)

2021-10-29 15:21:20 - [TEST_STEP][PASSED] - setText(findTestObject("Mobile/Page/Register/Not Registered/Informasi Pribadi/Date Picker - Edit Text Date"), birthdate, 0): Text '1/1/1998' has been set to element 'Object Repository/Mobile/Page/Register/Not Registered/Informasi Pribadi/Date Picker - Edit Text Date'

2021-10-29 15:21:20 - [MESSAGE][WARNING] - Timeout '0' is invalid. Using default page load timeout: '60'

2021-10-29 15:21:21 - [MESSAGE][PASSED] - Text '1/1/1998' has been set to element 'Object Repository/Mobile/Page/Register/Not Registered/Informasi Pribadi/Date Picker - Edit Text Date'

2021-10-29 15:21:21 - [TEST_STEP][PASSED] - tap(findTestObject("Mobile/Page/Register/Not Registered/Informasi Pribadi/Date Picker - Button OK"), 0): Tapped on element 'Object Repository/Mobile/Page/Register/Not Registered/Informasi Pribadi/Date Picker - Button OK'

2021-10-29 15:21:21 - [MESSAGE][WARNING] - Timeout '0' is invalid. Using default page load timeout: '60'

2021-10-29 15:21:23 - [MESSAGE][PASSED] - Tapped on element 'Object Repository/Mobile/Page/Register/Not Registered/Informasi Pribadi/Date Picker - Button OK'

2021-10-29 15:21:23 - [TEST_STEP][PASSED] - delay(1): Delayed 1 second(s)

2021-10-29 15:21:24 - [MESSAGE][PASSED] - Delayed 1 second(s)

2021-10-29 15:21:24 - [TEST_STEP][PASSED] - tap(findTestObject("Object Repository/Mobile/Page/Register/Not Registered/Informasi Pribadi/Dropdown - Flag Phone Number"), 0): Tapped on element 'Object Repository/Mobile/Page/Register/Not Registered/Informasi Pribadi/Dropdown - Flag Phone Number'

2021-10-29 15:21:24 - [MESSAGE][WARNING] - Timeout '0' is invalid. Using default page load timeout: '60'

2021-10-29 15:21:25 - [MESSAGE][PASSED] - Tapped on element 'Object Repository/Mobile/Page/Register/Not Registered/Informasi Pribadi/Dropdown - Flag Phone Number'

2021-10-29 15:21:25 - [TEST_STEP][PASSED] - tap(findTestObject("Object Repository/Mobile/Page/Register/Not Registered/Informasi Pribadi/Edit Text - Search Flag"), 0): Tapped on element 'Object Repository/Mobile/Page/Register/Not Registered/Informasi Pribadi/Edit Text - Search Flag'

2021-10-29 15:21:25 - [MESSAGE][WARNING] - Timeout '0' is invalid. Using default page load timeout: '60'

2021-10-29 15:21:26 - [MESSAGE][PASSED] - Tapped on element 'Object Repository/Mobile/Page/Register/Not Registered/Informasi Pribadi/Edit Text - Search Flag'

2021-10-29 15:21:26 - [TEST_STEP][PASSED] - setText(findTestObject("Object Repository/Mobile/Page/Register/Not Registered/Informasi Pribadi/Edit Text - Search Flag"), flag, 0): Text 'indonesia' has been set to element 'Object Repository/Mobile/Page/Register/Not Registered/Informasi Pribadi/Edit Text - Search Flag'

2021-10-29 15:21:26 - [MESSAGE][WARNING] - Timeout '0' is invalid. Using default page load timeout: '60'

2021-10-29 15:21:27 - [MESSAGE][PASSED] - Text 'indonesia' has been set to element 'Object Repository/Mobile/Page/Register/Not Registered/Informasi Pribadi/Edit Text - Search Flag'

2021-10-29 15:21:27 - [TEST_STEP][PASSED] - tap(findTestObject("Mobile/Page/Register/Not Registered/Informasi Pribadi/Item Flag - Top Search"), 0): Tapped on element 'Object Repository/Mobile/Page/Register/Not Registered/Informasi Pribadi/Item Flag - Top Search'

2021-10-29 15:21:27 - [MESSAGE][WARNING] - Timeout '0' is invalid. Using default page load timeout: '60'

2021-10-29 15:21:29 - [MESSAGE][PASSED] - Tapped on element 'Object Repository/Mobile/Page/Register/Not Registered/Informasi Pribadi/Item Flag - Top Search'

2021-10-29 15:21:29 - [TEST_STEP][PASSED] - tap(findTestObject("Object Repository/Mobile/Page/Register/Not Registered/Informasi Pribadi/Edit Text - Phone Number"), 0): Tapped on element 'Object Repository/Mobile/Page/Register/Not Registered/Informasi Pribadi/Edit Text - Phone Number'

2021-10-29 15:21:29 - [MESSAGE][WARNING] - Timeout '0' is invalid. Using default page load timeout: '60'

2021-10-29 15:21:29 - [MESSAGE][PASSED] - Tapped on element 'Object Repository/Mobile/Page/Register/Not Registered/Informasi Pribadi/Edit Text - Phone Number'

2021-10-29 15:21:29 - [TEST_STEP][PASSED] - setText(findTestObject("Object Repository/Mobile/Page/Register/Not Registered/Informasi Pribadi/Edit Text - Phone Number"), phone, 0): Text '082419946359' has been set to element 'Object Repository/Mobile/Page/Register/Not Registered/Informasi Pribadi/Edit Text - Phone Number'

2021-10-29 15:21:29 - [MESSAGE][WARNING] - Timeout '0' is invalid. Using default page load timeout: '60'

2021-10-29 15:21:31 - [MESSAGE][PASSED] - Text '082419946359' has been set to element 'Object Repository/Mobile/Page/Register/Not Registered/Informasi Pribadi/Edit Text - Phone Number'

2021-10-29 15:21:31 - [TEST_STEP][PASSED] - hideKeyboard(): Keyboard is hidden

2021-10-29 15:21:38 - [MESSAGE][PASSED] - Keyboard is hidden

2021-10-29 15:21:38 - [TEST_STEP][PASSED] - delay(1): Delayed 1 second(s)

2021-10-29 15:21:39 - [MESSAGE][PASSED] - Delayed 1 second(s)

2021-10-29 15:21:39 - [TEST_STEP][PASSED] - tap(findTestObject("Object Repository/Mobile/Page/Register/Not Registered/Informasi Pribadi/Dropdown - Flag Re Phone Number"), 0): Tapped on element 'Object Repository/Mobile/Page/Register/Not Registered/Informasi Pribadi/Dropdown - Flag Re Phone Number'

2021-10-29 15:21:39 - [MESSAGE][WARNING] - Timeout '0' is invalid. Using default page load timeout: '60'

2021-10-29 15:21:40 - [MESSAGE][PASSED] - Tapped on element 'Object Repository/Mobile/Page/Register/Not Registered/Informasi Pribadi/Dropdown - Flag Re Phone Number'

2021-10-29 15:21:40 - [TEST_STEP][PASSED] - tap(findTestObject("Object Repository/Mobile/Page/Register/Not Registered/Informasi Pribadi/Edit Text - Search Flag"), 0): Tapped on element 'Object Repository/Mobile/Page/Register/Not Registered/Informasi Pribadi/Edit Text - Search Flag'

2021-10-29 15:21:41 - [MESSAGE][WARNING] - Timeout '0' is invalid. Using default page load timeout: '60'

2021-10-29 15:21:41 - [MESSAGE][PASSED] - Tapped on element 'Object Repository/Mobile/Page/Register/Not Registered/Informasi Pribadi/Edit Text - Search Flag'

2021-10-29 15:21:41 - [TEST_STEP][PASSED] - setText(findTestObject("Object Repository/Mobile/Page/Register/Not Registered/Informasi Pribadi/Edit Text - Search Flag"), flag, 0): Text 'indonesia' has been set to element 'Object Repository/Mobile/Page/Register/Not Registered/Informasi Pribadi/Edit Text - Search Flag'

2021-10-29 15:21:41 - [MESSAGE][WARNING] - Timeout '0' is invalid. Using default page load timeout: '60'

2021-10-29 15:21:42 - [MESSAGE][PASSED] - Text 'indonesia' has been set to element 'Object Repository/Mobile/Page/Register/Not Registered/Informasi Pribadi/Edit Text - Search Flag'

2021-10-29 15:21:42 - [TEST_STEP][PASSED] - tap(findTestObject("Mobile/Page/Register/Not Registered/Informasi Pribadi/Item Flag - Top Search"), 0): Tapped on element 'Object Repository/Mobile/Page/Register/Not Registered/Informasi Pribadi/Item Flag - Top Search'

2021-10-29 15:21:42 - [MESSAGE][WARNING] - Timeout '0' is invalid. Using default page load timeout: '60'

2021-10-29 15:21:44 - [MESSAGE][PASSED] - Tapped on element 'Object Repository/Mobile/Page/Register/Not Registered/Informasi Pribadi/Item Flag - Top Search'

2021-10-29 15:21:44 - [TEST_STEP][PASSED] - tap(findTestObject("Object Repository/Mobile/Page/Register/Not Registered/Informasi Pribadi/Edit Text - Re Phone Number"), 0): Tapped on element 'Object Repository/Mobile/Page/Register/Not Registered/Informasi Pribadi/Edit Text - Re Phone Number'

2021-10-29 15:21:44 - [MESSAGE][WARNING] - Timeout '0' is invalid. Using default page load timeout: '60'

2021-10-29 15:21:45 - [MESSAGE][PASSED] - Tapped on element 'Object Repository/Mobile/Page/Register/Not Registered/Informasi Pribadi/Edit Text - Re Phone Number'

2021-10-29 15:21:45 - [TEST_STEP][PASSED] - setText(findTestObject("Object Repository/Mobile/Page/Register/Not Registered/Informasi Pribadi/Edit Text - Re Phone Number"), phone, 0): Text '082419946359' has been set to element 'Object Repository/Mobile/Page/Register/Not Registered/Informasi Pribadi/Edit Text - Re Phone Number'

2021-10-29 15:21:45 - [MESSAGE][WARNING] - Timeout '0' is invalid. Using default page load timeout: '60'

2021-10-29 15:21:45 - [MESSAGE][PASSED] - Text '082419946359' has been set to element 'Object Repository/Mobile/Page/Register/Not Registered/Informasi Pribadi/Edit Text - Re Phone Number'

2021-10-29 15:21:45 - [TEST_STEP][PASSED] - hideKeyboard(): Keyboard is hidden

2021-10-29 15:21:51 - [MESSAGE][PASSED] - Keyboard is hidden

2021-10-29 15:21:51 - [TEST_STEP][PASSED] - delay(1): Delayed 1 second(s)

2021-10-29 15:21:52 - [MESSAGE][PASSED] - Delayed 1 second(s)

2021-10-29 15:21:52 - [TEST_STEP][PASSED] - if (negativeStatus == "emailRegistered"): null

2021-10-29 15:21:52 - [TEST_STEP][PASSED] - email = "test@gmail.com": null

2021-10-29 15:21:52 - [TEST_STEP][PASSED] - tap(findTestObject("Object Repository/Mobile/Page/Register/Not Registered/Informasi Pribadi/Edit Text - Email"), 0): Tapped on element 'Object Repository/Mobile/Page/Register/Not Registered/Informasi Pribadi/Edit Text - Email'

2021-10-29 15:21:52 - [MESSAGE][WARNING] - Timeout '0' is invalid. Using default page load timeout: '60'

2021-10-29 15:21:53 - [MESSAGE][PASSED] - Tapped on element 'Object Repository/Mobile/Page/Register/Not Registered/Informasi Pribadi/Edit Text - Email'

2021-10-29 15:21:53 - [TEST_STEP][PASSED] - setText(findTestObject("Object Repository/Mobile/Page/Register/Not Registered/Informasi Pribadi/Edit Text - Email"), email, 0): Text 'test@gmail.com' has been set to element 'Object Repository/Mobile/Page/Register/Not Registered/Informasi Pribadi/Edit Text - Email'

2021-10-29 15:21:53 - [MESSAGE][WARNING] - Timeout '0' is invalid. Using default page load timeout: '60'

2021-10-29 15:21:54 - [MESSAGE][PASSED] - Text 'test@gmail.com' has been set to element 'Object Repository/Mobile/Page/Register/Not Registered/Informasi Pribadi/Edit Text - Email'

2021-10-29 15:21:54 - [TEST_STEP][PASSED] - hideKeyboard(): Keyboard is hidden

2021-10-29 15:21:58 - [MESSAGE][PASSED] - Keyboard is hidden

2021-10-29 15:21:58 - [TEST_STEP][PASSED] - delay(4): Delayed 4 second(s)

2021-10-29 15:22:02 - [MESSAGE][PASSED] - Delayed 4 second(s)

2021-10-29 15:22:02 - [TEST_STEP][PASSED] - emailregistered = verifyElementExist(findTestObject("Object Repository/Mobile/Page/Register/Not Registered/Informasi Pribadi/Alert - Email has been registered"), 1, OPTIONAL): Element 'Object Repository/Mobile/Page/Register/Not Registered/Informasi Pribadi/Alert - Email has been registered' is exist

2021-10-29 15:22:02 - [MESSAGE][PASSED] - Element 'Object Repository/Mobile/Page/Register/Not Registered/Informasi Pribadi/Alert - Email has been registered' is exist

2021-10-29 15:22:02 - [TEST_STEP][PASSED] - return null: null

2021-10-29 15:22:02 - [MESSAGE][PASSED] - Call Test Case 'Test Cases/Mobile/Page/Register/Register' successfully

2021-10-29 15:22:02 - [TEST_STEP][PASSED] - callTestCase(findTestCase("Mobile/Page/Run App/Terminate App"), [:], STOP_ON_FAILURE): Call Test Case 'Test Cases/Mobile/Page/Run App/Terminate App' successfully

2021-10-29 15:22:02 - [TEST_CASE][PASSED] - Test Cases/Mobile/Page/Run App/Terminate App: Test Cases/Mobile/Page/Run App/Terminate App

2021-10-29 15:22:02 - [TEST_STEP][PASSED] - startApp.OpenApp.terminateApplication(): startApp.OpenApp.terminateApplication is PASSED

2021-10-29 15:22:05 - [MESSAGE][PASSED] - Delayed 3 second(s)

2021-10-29 15:22:05 - [MESSAGE][PASSED] - Current device physical width is 720

2021-10-29 15:22:06 - [MESSAGE][PASSED] - Current device physical height is 1423

2021-10-29 15:22:07 - [MESSAGE][PASSED] - Swiped from 360,853 to 360,142

2021-10-29 15:22:08 - [MESSAGE][PASSED] - Delayed 1 second(s)

2021-10-29 15:22:09 - [MESSAGE][PASSED] - Swiped from 360,853 to 360,142

2021-10-29 15:22:12 - [MESSAGE][PASSED] - Delayed 3 second(s)

2021-10-29 15:22:12 - [MESSAGE][PASSED] - startApp.OpenApp.terminateApplication is PASSED

2021-10-29 15:22:12 - [MESSAGE][PASSED] - Call Test Case 'Test Cases/Mobile/Page/Run App/Terminate App' successfully]]></system-out>
         <system-err><![CDATA[]]></system-err>
      </testcase>
      <testcase name="Test Cases/Mobile/Scenario/Register/009 - Registrasi dengan alamat email berbeda" time="91.878" classname="Test Cases/Mobile/Scenario/Register/009 - Registrasi dengan alamat email berbeda" status="PASSED">
         <system-out><![CDATA[2021-10-29 15:22:12 - [TEST_CASE][PASSED] - Test Cases/Mobile/Scenario/Register/009 - Registrasi dengan alamat email berbeda: Test Cases/Mobile/Scenario/Register/009 - Registrasi dengan alamat email berbeda

2021-10-29 15:22:12 - [TEST_STEP][PASSED] - callTestCase(findTestCase("Mobile/Page/Run App/Run App byID"), [:], STOP_ON_FAILURE): Call Test Case 'Test Cases/Mobile/Page/Run App/Run App byID' successfully

2021-10-29 15:22:13 - [TEST_CASE][PASSED] - Test Cases/Mobile/Page/Run App/Run App byID: Test Cases/Mobile/Page/Run App/Run App byID

2021-10-29 15:22:13 - [TEST_STEP][PASSED] - startApp.OpenApp.startApplication("com.mirae.maxfund"): startApp.OpenApp.startApplication is PASSED

2021-10-29 15:22:25 - [MESSAGE][PASSED] - Starting app with application ID: 'com.mirae.maxfund'

2021-10-29 15:22:25 - [MESSAGE][PASSED] - startApp.OpenApp.startApplication is PASSED

2021-10-29 15:22:25 - [MESSAGE][PASSED] - Call Test Case 'Test Cases/Mobile/Page/Run App/Run App byID' successfully

2021-10-29 15:22:25 - [TEST_STEP][PASSED] - callTestCase(findTestCase("Mobile/Page/Register/Register"), ["isFromLoginPage":0, "isRegistered":0, "isBedaAlamat":0, "isUseReferralCode":0, "negativeStatus":"emailNotMatch"], STOP_ON_FAILURE): Call Test Case 'Test Cases/Mobile/Page/Register/Register' successfully

2021-10-29 15:22:25 - [TEST_CASE][PASSED] - Test Cases/Mobile/Page/Register/Register: Test Cases/Mobile/Page/Register/Register

2021-10-29 15:22:25 - [TEST_STEP][PASSED] - delay(5): Delayed 5 second(s)

2021-10-29 15:22:30 - [MESSAGE][PASSED] - Delayed 5 second(s)

2021-10-29 15:22:30 - [TEST_STEP][PASSED] - if (isFromLoginPage == 1): null

2021-10-29 15:22:30 - [TEST_STEP][PASSED] - else: Tapped on element 'Object Repository/Mobile/Page/Dashboard/Button - Register'

2021-10-29 15:22:30 - [TEST_STEP][PASSED] - tap(findTestObject("Object Repository/Mobile/Page/Dashboard/Button - Register"), 0): Tapped on element 'Object Repository/Mobile/Page/Dashboard/Button - Register'

2021-10-29 15:22:30 - [MESSAGE][WARNING] - Timeout '0' is invalid. Using default page load timeout: '60'

2021-10-29 15:22:31 - [MESSAGE][PASSED] - Tapped on element 'Object Repository/Mobile/Page/Dashboard/Button - Register'

2021-10-29 15:22:31 - [TEST_STEP][PASSED] - delay(3): Delayed 3 second(s)

2021-10-29 15:22:34 - [MESSAGE][PASSED] - Delayed 3 second(s)

2021-10-29 15:22:34 - [TEST_STEP][PASSED] - if (isRegistered == 1): null

2021-10-29 15:22:34 - [TEST_STEP][PASSED] - else: null

2021-10-29 15:22:34 - [TEST_STEP][PASSED] - RegisterMethod.notRegistered(negativeStatus, isBedaAlamat, isUseReferralCode): null

2021-10-29 15:22:34 - [TEST_STEP][PASSED] - fullname = "QATEST" + acak.acak.randomStringWord(): acak.acak.randomStringWord is PASSED

2021-10-29 15:22:34 - [MESSAGE][PASSED] - acak.acak.randomStringWord is PASSED

2021-10-29 15:22:34 - [TEST_STEP][PASSED] - birthdate = "1/1/1998": null

2021-10-29 15:22:34 - [TEST_STEP][PASSED] - phone = "082" + acak.acak.randomStringNumber(9): acak.acak.randomStringNumber is PASSED

2021-10-29 15:22:34 - [MESSAGE][PASSED] - acak.acak.randomStringNumber is PASSED

2021-10-29 15:22:34 - [TEST_STEP][PASSED] - email = fullname + "@gmail.com": null

2021-10-29 15:22:34 - [TEST_STEP][PASSED] - password = "Mirae1234": null

2021-10-29 15:22:34 - [TEST_STEP][PASSED] - branch = "qa cabang": null

2021-10-29 15:22:34 - [TEST_STEP][PASSED] - accountnumber = "222444222444": null

2021-10-29 15:22:34 - [TEST_STEP][PASSED] - nameowner = fullname: null

2021-10-29 15:22:34 - [TEST_STEP][PASSED] - alamat = "Jl. Cempaka Putih Barat 12 F No.12, RT.8/RW.8": null

2021-10-29 15:22:34 - [TEST_STEP][PASSED] - kodepos = "15412": null

2021-10-29 15:22:34 - [TEST_STEP][PASSED] - referralcode = "15412": null

2021-10-29 15:22:34 - [TEST_STEP][PASSED] - flag = "indonesia": null

2021-10-29 15:22:34 - [TEST_STEP][PASSED] - bank = "citibank": null

2021-10-29 15:22:34 - [TEST_STEP][PASSED] - tap(findTestObject("Object Repository/Mobile/Page/Register/Radio Button - Not registered yet"), 0): Tapped on element 'Object Repository/Mobile/Page/Register/Radio Button - Not registered yet'

2021-10-29 15:22:35 - [MESSAGE][WARNING] - Timeout '0' is invalid. Using default page load timeout: '60'

2021-10-29 15:22:35 - [MESSAGE][PASSED] - Tapped on element 'Object Repository/Mobile/Page/Register/Radio Button - Not registered yet'

2021-10-29 15:22:35 - [TEST_STEP][PASSED] - delay(3): Delayed 3 second(s)

2021-10-29 15:22:38 - [MESSAGE][PASSED] - Delayed 3 second(s)

2021-10-29 15:22:38 - [TEST_STEP][PASSED] - tap(findTestObject("Object Repository/Mobile/Page/Register/Not Registered/Button - Next"), 0): Tapped on element 'Object Repository/Mobile/Page/Register/Not Registered/Button - Next'

2021-10-29 15:22:38 - [MESSAGE][WARNING] - Timeout '0' is invalid. Using default page load timeout: '60'

2021-10-29 15:22:38 - [MESSAGE][PASSED] - Tapped on element 'Object Repository/Mobile/Page/Register/Not Registered/Button - Next'

2021-10-29 15:22:38 - [TEST_STEP][PASSED] - delay(1): Delayed 1 second(s)

2021-10-29 15:22:39 - [MESSAGE][PASSED] - Delayed 1 second(s)

2021-10-29 15:22:39 - [TEST_STEP][PASSED] - tap(findTestObject("Object Repository/Mobile/Page/Register/Not Registered/Informasi Pribadi/Edit Text - Fullname"), 0): Tapped on element 'Object Repository/Mobile/Page/Register/Not Registered/Informasi Pribadi/Edit Text - Fullname'

2021-10-29 15:22:39 - [MESSAGE][WARNING] - Timeout '0' is invalid. Using default page load timeout: '60'

2021-10-29 15:22:40 - [MESSAGE][PASSED] - Tapped on element 'Object Repository/Mobile/Page/Register/Not Registered/Informasi Pribadi/Edit Text - Fullname'

2021-10-29 15:22:40 - [TEST_STEP][PASSED] - setText(findTestObject("Object Repository/Mobile/Page/Register/Not Registered/Informasi Pribadi/Edit Text - Fullname"), fullname, 0): Text 'QATESTcOcOXtYqHsnWtst' has been set to element 'Object Repository/Mobile/Page/Register/Not Registered/Informasi Pribadi/Edit Text - Fullname'

2021-10-29 15:22:40 - [MESSAGE][WARNING] - Timeout '0' is invalid. Using default page load timeout: '60'

2021-10-29 15:22:42 - [MESSAGE][PASSED] - Text 'QATESTcOcOXtYqHsnWtst' has been set to element 'Object Repository/Mobile/Page/Register/Not Registered/Informasi Pribadi/Edit Text - Fullname'

2021-10-29 15:22:42 - [TEST_STEP][PASSED] - hideKeyboard(): Keyboard is hidden

2021-10-29 15:22:45 - [MESSAGE][PASSED] - Keyboard is hidden

2021-10-29 15:22:45 - [TEST_STEP][PASSED] - delay(1): Delayed 1 second(s)

2021-10-29 15:22:46 - [MESSAGE][PASSED] - Delayed 1 second(s)

2021-10-29 15:22:46 - [TEST_STEP][PASSED] - tap(findTestObject("Object Repository/Mobile/Page/Register/Not Registered/Informasi Pribadi/Date Picker - Date of Birth"), 0): Tapped on element 'Object Repository/Mobile/Page/Register/Not Registered/Informasi Pribadi/Date Picker - Date of Birth'

2021-10-29 15:22:46 - [MESSAGE][WARNING] - Timeout '0' is invalid. Using default page load timeout: '60'

2021-10-29 15:22:46 - [MESSAGE][PASSED] - Tapped on element 'Object Repository/Mobile/Page/Register/Not Registered/Informasi Pribadi/Date Picker - Date of Birth'

2021-10-29 15:22:46 - [TEST_STEP][PASSED] - tap(findTestObject("Object Repository/Mobile/Page/Register/Not Registered/Informasi Pribadi/Date Picker - Icon Edit"), 0): Tapped on element 'Object Repository/Mobile/Page/Register/Not Registered/Informasi Pribadi/Date Picker - Icon Edit'

2021-10-29 15:22:47 - [MESSAGE][WARNING] - Timeout '0' is invalid. Using default page load timeout: '60'

2021-10-29 15:22:49 - [MESSAGE][PASSED] - Tapped on element 'Object Repository/Mobile/Page/Register/Not Registered/Informasi Pribadi/Date Picker - Icon Edit'

2021-10-29 15:22:49 - [TEST_STEP][PASSED] - if (negativeStatus == "less17YearsOld"): null

2021-10-29 15:22:49 - [TEST_STEP][PASSED] - else: Delayed 1 second(s)

2021-10-29 15:22:49 - [TEST_STEP][PASSED] - setText(findTestObject("Mobile/Page/Register/Not Registered/Informasi Pribadi/Date Picker - Edit Text Date"), birthdate, 0): Text '1/1/1998' has been set to element 'Object Repository/Mobile/Page/Register/Not Registered/Informasi Pribadi/Date Picker - Edit Text Date'

2021-10-29 15:22:49 - [MESSAGE][WARNING] - Timeout '0' is invalid. Using default page load timeout: '60'

2021-10-29 15:22:50 - [MESSAGE][PASSED] - Text '1/1/1998' has been set to element 'Object Repository/Mobile/Page/Register/Not Registered/Informasi Pribadi/Date Picker - Edit Text Date'

2021-10-29 15:22:50 - [TEST_STEP][PASSED] - tap(findTestObject("Mobile/Page/Register/Not Registered/Informasi Pribadi/Date Picker - Button OK"), 0): Tapped on element 'Object Repository/Mobile/Page/Register/Not Registered/Informasi Pribadi/Date Picker - Button OK'

2021-10-29 15:22:50 - [MESSAGE][WARNING] - Timeout '0' is invalid. Using default page load timeout: '60'

2021-10-29 15:22:51 - [MESSAGE][PASSED] - Tapped on element 'Object Repository/Mobile/Page/Register/Not Registered/Informasi Pribadi/Date Picker - Button OK'

2021-10-29 15:22:51 - [TEST_STEP][PASSED] - delay(1): Delayed 1 second(s)

2021-10-29 15:22:52 - [MESSAGE][PASSED] - Delayed 1 second(s)

2021-10-29 15:22:52 - [TEST_STEP][PASSED] - tap(findTestObject("Object Repository/Mobile/Page/Register/Not Registered/Informasi Pribadi/Dropdown - Flag Phone Number"), 0): Tapped on element 'Object Repository/Mobile/Page/Register/Not Registered/Informasi Pribadi/Dropdown - Flag Phone Number'

2021-10-29 15:22:53 - [MESSAGE][WARNING] - Timeout '0' is invalid. Using default page load timeout: '60'

2021-10-29 15:22:54 - [MESSAGE][PASSED] - Tapped on element 'Object Repository/Mobile/Page/Register/Not Registered/Informasi Pribadi/Dropdown - Flag Phone Number'

2021-10-29 15:22:54 - [TEST_STEP][PASSED] - tap(findTestObject("Object Repository/Mobile/Page/Register/Not Registered/Informasi Pribadi/Edit Text - Search Flag"), 0): Tapped on element 'Object Repository/Mobile/Page/Register/Not Registered/Informasi Pribadi/Edit Text - Search Flag'

2021-10-29 15:22:54 - [MESSAGE][WARNING] - Timeout '0' is invalid. Using default page load timeout: '60'

2021-10-29 15:22:54 - [MESSAGE][PASSED] - Tapped on element 'Object Repository/Mobile/Page/Register/Not Registered/Informasi Pribadi/Edit Text - Search Flag'

2021-10-29 15:22:54 - [TEST_STEP][PASSED] - setText(findTestObject("Object Repository/Mobile/Page/Register/Not Registered/Informasi Pribadi/Edit Text - Search Flag"), flag, 0): Text 'indonesia' has been set to element 'Object Repository/Mobile/Page/Register/Not Registered/Informasi Pribadi/Edit Text - Search Flag'

2021-10-29 15:22:54 - [MESSAGE][WARNING] - Timeout '0' is invalid. Using default page load timeout: '60'

2021-10-29 15:22:56 - [MESSAGE][PASSED] - Text 'indonesia' has been set to element 'Object Repository/Mobile/Page/Register/Not Registered/Informasi Pribadi/Edit Text - Search Flag'

2021-10-29 15:22:56 - [TEST_STEP][PASSED] - tap(findTestObject("Mobile/Page/Register/Not Registered/Informasi Pribadi/Item Flag - Top Search"), 0): Tapped on element 'Object Repository/Mobile/Page/Register/Not Registered/Informasi Pribadi/Item Flag - Top Search'

2021-10-29 15:22:56 - [MESSAGE][WARNING] - Timeout '0' is invalid. Using default page load timeout: '60'

2021-10-29 15:22:57 - [MESSAGE][PASSED] - Tapped on element 'Object Repository/Mobile/Page/Register/Not Registered/Informasi Pribadi/Item Flag - Top Search'

2021-10-29 15:22:57 - [TEST_STEP][PASSED] - tap(findTestObject("Object Repository/Mobile/Page/Register/Not Registered/Informasi Pribadi/Edit Text - Phone Number"), 0): Tapped on element 'Object Repository/Mobile/Page/Register/Not Registered/Informasi Pribadi/Edit Text - Phone Number'

2021-10-29 15:22:57 - [MESSAGE][WARNING] - Timeout '0' is invalid. Using default page load timeout: '60'

2021-10-29 15:22:58 - [MESSAGE][PASSED] - Tapped on element 'Object Repository/Mobile/Page/Register/Not Registered/Informasi Pribadi/Edit Text - Phone Number'

2021-10-29 15:22:58 - [TEST_STEP][PASSED] - setText(findTestObject("Object Repository/Mobile/Page/Register/Not Registered/Informasi Pribadi/Edit Text - Phone Number"), phone, 0): Text '082467157103' has been set to element 'Object Repository/Mobile/Page/Register/Not Registered/Informasi Pribadi/Edit Text - Phone Number'

2021-10-29 15:22:58 - [MESSAGE][WARNING] - Timeout '0' is invalid. Using default page load timeout: '60'

2021-10-29 15:22:59 - [MESSAGE][PASSED] - Text '082467157103' has been set to element 'Object Repository/Mobile/Page/Register/Not Registered/Informasi Pribadi/Edit Text - Phone Number'

2021-10-29 15:22:59 - [TEST_STEP][PASSED] - hideKeyboard(): Keyboard is hidden

2021-10-29 15:23:06 - [MESSAGE][PASSED] - Keyboard is hidden

2021-10-29 15:23:06 - [TEST_STEP][PASSED] - delay(1): Delayed 1 second(s)

2021-10-29 15:23:07 - [MESSAGE][PASSED] - Delayed 1 second(s)

2021-10-29 15:23:07 - [TEST_STEP][PASSED] - tap(findTestObject("Object Repository/Mobile/Page/Register/Not Registered/Informasi Pribadi/Dropdown - Flag Re Phone Number"), 0): Tapped on element 'Object Repository/Mobile/Page/Register/Not Registered/Informasi Pribadi/Dropdown - Flag Re Phone Number'

2021-10-29 15:23:07 - [MESSAGE][WARNING] - Timeout '0' is invalid. Using default page load timeout: '60'

2021-10-29 15:23:08 - [MESSAGE][PASSED] - Tapped on element 'Object Repository/Mobile/Page/Register/Not Registered/Informasi Pribadi/Dropdown - Flag Re Phone Number'

2021-10-29 15:23:08 - [TEST_STEP][PASSED] - tap(findTestObject("Object Repository/Mobile/Page/Register/Not Registered/Informasi Pribadi/Edit Text - Search Flag"), 0): Tapped on element 'Object Repository/Mobile/Page/Register/Not Registered/Informasi Pribadi/Edit Text - Search Flag'

2021-10-29 15:23:08 - [MESSAGE][WARNING] - Timeout '0' is invalid. Using default page load timeout: '60'

2021-10-29 15:23:09 - [MESSAGE][PASSED] - Tapped on element 'Object Repository/Mobile/Page/Register/Not Registered/Informasi Pribadi/Edit Text - Search Flag'

2021-10-29 15:23:09 - [TEST_STEP][PASSED] - setText(findTestObject("Object Repository/Mobile/Page/Register/Not Registered/Informasi Pribadi/Edit Text - Search Flag"), flag, 0): Text 'indonesia' has been set to element 'Object Repository/Mobile/Page/Register/Not Registered/Informasi Pribadi/Edit Text - Search Flag'

2021-10-29 15:23:09 - [MESSAGE][WARNING] - Timeout '0' is invalid. Using default page load timeout: '60'

2021-10-29 15:23:10 - [MESSAGE][PASSED] - Text 'indonesia' has been set to element 'Object Repository/Mobile/Page/Register/Not Registered/Informasi Pribadi/Edit Text - Search Flag'

2021-10-29 15:23:10 - [TEST_STEP][PASSED] - tap(findTestObject("Mobile/Page/Register/Not Registered/Informasi Pribadi/Item Flag - Top Search"), 0): Tapped on element 'Object Repository/Mobile/Page/Register/Not Registered/Informasi Pribadi/Item Flag - Top Search'

2021-10-29 15:23:10 - [MESSAGE][WARNING] - Timeout '0' is invalid. Using default page load timeout: '60'

2021-10-29 15:23:12 - [MESSAGE][PASSED] - Tapped on element 'Object Repository/Mobile/Page/Register/Not Registered/Informasi Pribadi/Item Flag - Top Search'

2021-10-29 15:23:12 - [TEST_STEP][PASSED] - tap(findTestObject("Object Repository/Mobile/Page/Register/Not Registered/Informasi Pribadi/Edit Text - Re Phone Number"), 0): Tapped on element 'Object Repository/Mobile/Page/Register/Not Registered/Informasi Pribadi/Edit Text - Re Phone Number'

2021-10-29 15:23:12 - [MESSAGE][WARNING] - Timeout '0' is invalid. Using default page load timeout: '60'

2021-10-29 15:23:12 - [MESSAGE][PASSED] - Tapped on element 'Object Repository/Mobile/Page/Register/Not Registered/Informasi Pribadi/Edit Text - Re Phone Number'

2021-10-29 15:23:12 - [TEST_STEP][PASSED] - setText(findTestObject("Object Repository/Mobile/Page/Register/Not Registered/Informasi Pribadi/Edit Text - Re Phone Number"), phone, 0): Text '082467157103' has been set to element 'Object Repository/Mobile/Page/Register/Not Registered/Informasi Pribadi/Edit Text - Re Phone Number'

2021-10-29 15:23:12 - [MESSAGE][WARNING] - Timeout '0' is invalid. Using default page load timeout: '60'

2021-10-29 15:23:13 - [MESSAGE][PASSED] - Text '082467157103' has been set to element 'Object Repository/Mobile/Page/Register/Not Registered/Informasi Pribadi/Edit Text - Re Phone Number'

2021-10-29 15:23:13 - [TEST_STEP][PASSED] - hideKeyboard(): Keyboard is hidden

2021-10-29 15:23:19 - [MESSAGE][PASSED] - Keyboard is hidden

2021-10-29 15:23:19 - [TEST_STEP][PASSED] - delay(1): Delayed 1 second(s)

2021-10-29 15:23:20 - [MESSAGE][PASSED] - Delayed 1 second(s)

2021-10-29 15:23:20 - [TEST_STEP][PASSED] - if (negativeStatus == "emailRegistered"): null

2021-10-29 15:23:20 - [TEST_STEP][PASSED] - else: Delayed 1 second(s)

2021-10-29 15:23:20 - [TEST_STEP][PASSED] - tap(findTestObject("Object Repository/Mobile/Page/Register/Not Registered/Informasi Pribadi/Edit Text - Email"), 0): Tapped on element 'Object Repository/Mobile/Page/Register/Not Registered/Informasi Pribadi/Edit Text - Email'

2021-10-29 15:23:20 - [MESSAGE][WARNING] - Timeout '0' is invalid. Using default page load timeout: '60'

2021-10-29 15:23:21 - [MESSAGE][PASSED] - Tapped on element 'Object Repository/Mobile/Page/Register/Not Registered/Informasi Pribadi/Edit Text - Email'

2021-10-29 15:23:21 - [TEST_STEP][PASSED] - setText(findTestObject("Object Repository/Mobile/Page/Register/Not Registered/Informasi Pribadi/Edit Text - Email"), email, 0): Text 'QATESTcOcOXtYqHsnWtst@gmail.com' has been set to element 'Object Repository/Mobile/Page/Register/Not Registered/Informasi Pribadi/Edit Text - Email'

2021-10-29 15:23:21 - [MESSAGE][WARNING] - Timeout '0' is invalid. Using default page load timeout: '60'

2021-10-29 15:23:22 - [MESSAGE][PASSED] - Text 'QATESTcOcOXtYqHsnWtst@gmail.com' has been set to element 'Object Repository/Mobile/Page/Register/Not Registered/Informasi Pribadi/Edit Text - Email'

2021-10-29 15:23:22 - [TEST_STEP][PASSED] - hideKeyboard(): Keyboard is hidden

2021-10-29 15:23:26 - [MESSAGE][PASSED] - Keyboard is hidden

2021-10-29 15:23:26 - [TEST_STEP][PASSED] - delay(1): Delayed 1 second(s)

2021-10-29 15:23:27 - [MESSAGE][PASSED] - Delayed 1 second(s)

2021-10-29 15:23:27 - [TEST_STEP][PASSED] - if (negativeStatus == "emailNotMatch"): null

2021-10-29 15:23:27 - [TEST_STEP][PASSED] - tap(findTestObject("Object Repository/Mobile/Page/Register/Not Registered/Informasi Pribadi/Edit Text - Re Email"), 0): Tapped on element 'Object Repository/Mobile/Page/Register/Not Registered/Informasi Pribadi/Edit Text - Re Email'

2021-10-29 15:23:27 - [MESSAGE][WARNING] - Timeout '0' is invalid. Using default page load timeout: '60'

2021-10-29 15:23:28 - [MESSAGE][PASSED] - Tapped on element 'Object Repository/Mobile/Page/Register/Not Registered/Informasi Pribadi/Edit Text - Re Email'

2021-10-29 15:23:28 - [TEST_STEP][PASSED] - setText(findTestObject("Object Repository/Mobile/Page/Register/Not Registered/Informasi Pribadi/Edit Text - Re Email"), "a" + email, 0): Text 'aQATESTcOcOXtYqHsnWtst@gmail.com' has been set to element 'Object Repository/Mobile/Page/Register/Not Registered/Informasi Pribadi/Edit Text - Re Email'

2021-10-29 15:23:28 - [MESSAGE][WARNING] - Timeout '0' is invalid. Using default page load timeout: '60'

2021-10-29 15:23:29 - [MESSAGE][PASSED] - Text 'aQATESTcOcOXtYqHsnWtst@gmail.com' has been set to element 'Object Repository/Mobile/Page/Register/Not Registered/Informasi Pribadi/Edit Text - Re Email'

2021-10-29 15:23:29 - [TEST_STEP][PASSED] - hideKeyboard(): Keyboard is hidden

2021-10-29 15:23:33 - [MESSAGE][PASSED] - Keyboard is hidden

2021-10-29 15:23:33 - [TEST_STEP][PASSED] - delay(1): Delayed 1 second(s)

2021-10-29 15:23:34 - [MESSAGE][PASSED] - Delayed 1 second(s)

2021-10-29 15:23:34 - [TEST_STEP][PASSED] - emailmatch = verifyElementExist(findTestObject("Object Repository/Mobile/Page/Register/Not Registered/Informasi Pribadi/Alert - Email not match yet"), 1, OPTIONAL): Element 'Object Repository/Mobile/Page/Register/Not Registered/Informasi Pribadi/Alert - Email not match yet' is exist

2021-10-29 15:23:34 - [MESSAGE][PASSED] - Element 'Object Repository/Mobile/Page/Register/Not Registered/Informasi Pribadi/Alert - Email not match yet' is exist

2021-10-29 15:23:34 - [TEST_STEP][PASSED] - return null: null

2021-10-29 15:23:34 - [MESSAGE][PASSED] - Call Test Case 'Test Cases/Mobile/Page/Register/Register' successfully

2021-10-29 15:23:34 - [TEST_STEP][PASSED] - callTestCase(findTestCase("Mobile/Page/Run App/Terminate App"), [:], STOP_ON_FAILURE): Call Test Case 'Test Cases/Mobile/Page/Run App/Terminate App' successfully

2021-10-29 15:23:34 - [TEST_CASE][PASSED] - Test Cases/Mobile/Page/Run App/Terminate App: Test Cases/Mobile/Page/Run App/Terminate App

2021-10-29 15:23:34 - [TEST_STEP][PASSED] - startApp.OpenApp.terminateApplication(): startApp.OpenApp.terminateApplication is PASSED

2021-10-29 15:23:37 - [MESSAGE][PASSED] - Delayed 3 second(s)

2021-10-29 15:23:37 - [MESSAGE][PASSED] - Current device physical width is 720

2021-10-29 15:23:38 - [MESSAGE][PASSED] - Current device physical height is 1423

2021-10-29 15:23:39 - [MESSAGE][PASSED] - Swiped from 360,853 to 360,142

2021-10-29 15:23:40 - [MESSAGE][PASSED] - Delayed 1 second(s)

2021-10-29 15:23:41 - [MESSAGE][PASSED] - Swiped from 360,853 to 360,142

2021-10-29 15:23:44 - [MESSAGE][PASSED] - Delayed 3 second(s)

2021-10-29 15:23:44 - [MESSAGE][PASSED] - startApp.OpenApp.terminateApplication is PASSED

2021-10-29 15:23:44 - [MESSAGE][PASSED] - Call Test Case 'Test Cases/Mobile/Page/Run App/Terminate App' successfully]]></system-out>
         <system-err><![CDATA[]]></system-err>
      </testcase>
      <testcase name="Test Cases/Mobile/Scenario/Register/010 - Registrasi dengan umur di bawah 17 tahun" time="50.342" classname="Test Cases/Mobile/Scenario/Register/010 - Registrasi dengan umur di bawah 17 tahun" status="PASSED">
         <system-out><![CDATA[2021-10-29 15:23:44 - [TEST_CASE][PASSED] - Test Cases/Mobile/Scenario/Register/010 - Registrasi dengan umur di bawah 17 tahun: Test Cases/Mobile/Scenario/Register/010 - Registrasi dengan umur di bawah 17 tahun

2021-10-29 15:23:44 - [TEST_STEP][PASSED] - callTestCase(findTestCase("Mobile/Page/Run App/Run App byID"), [:], STOP_ON_FAILURE): Call Test Case 'Test Cases/Mobile/Page/Run App/Run App byID' successfully

2021-10-29 15:23:44 - [TEST_CASE][PASSED] - Test Cases/Mobile/Page/Run App/Run App byID: Test Cases/Mobile/Page/Run App/Run App byID

2021-10-29 15:23:44 - [TEST_STEP][PASSED] - startApp.OpenApp.startApplication("com.mirae.maxfund"): startApp.OpenApp.startApplication is PASSED

2021-10-29 15:23:56 - [MESSAGE][PASSED] - Starting app with application ID: 'com.mirae.maxfund'

2021-10-29 15:23:56 - [MESSAGE][PASSED] - startApp.OpenApp.startApplication is PASSED

2021-10-29 15:23:56 - [MESSAGE][PASSED] - Call Test Case 'Test Cases/Mobile/Page/Run App/Run App byID' successfully

2021-10-29 15:23:56 - [TEST_STEP][PASSED] - callTestCase(findTestCase("Mobile/Page/Register/Register"), ["isFromLoginPage":0, "isRegistered":0, "isBedaAlamat":0, "isUseReferralCode":0, "negativeStatus":"less17YearsOld"], STOP_ON_FAILURE): Call Test Case 'Test Cases/Mobile/Page/Register/Register' successfully

2021-10-29 15:23:56 - [TEST_CASE][PASSED] - Test Cases/Mobile/Page/Register/Register: Test Cases/Mobile/Page/Register/Register

2021-10-29 15:23:56 - [TEST_STEP][PASSED] - delay(5): Delayed 5 second(s)

2021-10-29 15:24:01 - [MESSAGE][PASSED] - Delayed 5 second(s)

2021-10-29 15:24:01 - [TEST_STEP][PASSED] - if (isFromLoginPage == 1): null

2021-10-29 15:24:01 - [TEST_STEP][PASSED] - else: Tapped on element 'Object Repository/Mobile/Page/Dashboard/Button - Register'

2021-10-29 15:24:01 - [TEST_STEP][PASSED] - tap(findTestObject("Object Repository/Mobile/Page/Dashboard/Button - Register"), 0): Tapped on element 'Object Repository/Mobile/Page/Dashboard/Button - Register'

2021-10-29 15:24:01 - [MESSAGE][WARNING] - Timeout '0' is invalid. Using default page load timeout: '60'

2021-10-29 15:24:01 - [MESSAGE][PASSED] - Tapped on element 'Object Repository/Mobile/Page/Dashboard/Button - Register'

2021-10-29 15:24:01 - [TEST_STEP][PASSED] - delay(3): Delayed 3 second(s)

2021-10-29 15:24:04 - [MESSAGE][PASSED] - Delayed 3 second(s)

2021-10-29 15:24:04 - [TEST_STEP][PASSED] - if (isRegistered == 1): null

2021-10-29 15:24:04 - [TEST_STEP][PASSED] - else: null

2021-10-29 15:24:04 - [TEST_STEP][PASSED] - RegisterMethod.notRegistered(negativeStatus, isBedaAlamat, isUseReferralCode): null

2021-10-29 15:24:04 - [TEST_STEP][PASSED] - fullname = "QATEST" + acak.acak.randomStringWord(): acak.acak.randomStringWord is PASSED

2021-10-29 15:24:04 - [MESSAGE][PASSED] - acak.acak.randomStringWord is PASSED

2021-10-29 15:24:04 - [TEST_STEP][PASSED] - birthdate = "1/1/1998": null

2021-10-29 15:24:04 - [TEST_STEP][PASSED] - phone = "082" + acak.acak.randomStringNumber(9): acak.acak.randomStringNumber is PASSED

2021-10-29 15:24:04 - [MESSAGE][PASSED] - acak.acak.randomStringNumber is PASSED

2021-10-29 15:24:04 - [TEST_STEP][PASSED] - email = fullname + "@gmail.com": null

2021-10-29 15:24:04 - [TEST_STEP][PASSED] - password = "Mirae1234": null

2021-10-29 15:24:04 - [TEST_STEP][PASSED] - branch = "qa cabang": null

2021-10-29 15:24:04 - [TEST_STEP][PASSED] - accountnumber = "222444222444": null

2021-10-29 15:24:04 - [TEST_STEP][PASSED] - nameowner = fullname: null

2021-10-29 15:24:04 - [TEST_STEP][PASSED] - alamat = "Jl. Cempaka Putih Barat 12 F No.12, RT.8/RW.8": null

2021-10-29 15:24:04 - [TEST_STEP][PASSED] - kodepos = "15412": null

2021-10-29 15:24:04 - [TEST_STEP][PASSED] - referralcode = "15412": null

2021-10-29 15:24:04 - [TEST_STEP][PASSED] - flag = "indonesia": null

2021-10-29 15:24:04 - [TEST_STEP][PASSED] - bank = "citibank": null

2021-10-29 15:24:04 - [TEST_STEP][PASSED] - tap(findTestObject("Object Repository/Mobile/Page/Register/Radio Button - Not registered yet"), 0): Tapped on element 'Object Repository/Mobile/Page/Register/Radio Button - Not registered yet'

2021-10-29 15:24:04 - [MESSAGE][WARNING] - Timeout '0' is invalid. Using default page load timeout: '60'

2021-10-29 15:24:05 - [MESSAGE][PASSED] - Tapped on element 'Object Repository/Mobile/Page/Register/Radio Button - Not registered yet'

2021-10-29 15:24:05 - [TEST_STEP][PASSED] - delay(3): Delayed 3 second(s)

2021-10-29 15:24:08 - [MESSAGE][PASSED] - Delayed 3 second(s)

2021-10-29 15:24:08 - [TEST_STEP][PASSED] - tap(findTestObject("Object Repository/Mobile/Page/Register/Not Registered/Button - Next"), 0): Tapped on element 'Object Repository/Mobile/Page/Register/Not Registered/Button - Next'

2021-10-29 15:24:08 - [MESSAGE][WARNING] - Timeout '0' is invalid. Using default page load timeout: '60'

2021-10-29 15:24:10 - [MESSAGE][PASSED] - Tapped on element 'Object Repository/Mobile/Page/Register/Not Registered/Button - Next'

2021-10-29 15:24:10 - [TEST_STEP][PASSED] - delay(1): Delayed 1 second(s)

2021-10-29 15:24:11 - [MESSAGE][PASSED] - Delayed 1 second(s)

2021-10-29 15:24:11 - [TEST_STEP][PASSED] - tap(findTestObject("Object Repository/Mobile/Page/Register/Not Registered/Informasi Pribadi/Edit Text - Fullname"), 0): Tapped on element 'Object Repository/Mobile/Page/Register/Not Registered/Informasi Pribadi/Edit Text - Fullname'

2021-10-29 15:24:11 - [MESSAGE][WARNING] - Timeout '0' is invalid. Using default page load timeout: '60'

2021-10-29 15:24:11 - [MESSAGE][PASSED] - Tapped on element 'Object Repository/Mobile/Page/Register/Not Registered/Informasi Pribadi/Edit Text - Fullname'

2021-10-29 15:24:11 - [TEST_STEP][PASSED] - setText(findTestObject("Object Repository/Mobile/Page/Register/Not Registered/Informasi Pribadi/Edit Text - Fullname"), fullname, 0): Text 'QATESTBtPkdTIJTMjFxsY' has been set to element 'Object Repository/Mobile/Page/Register/Not Registered/Informasi Pribadi/Edit Text - Fullname'

2021-10-29 15:24:11 - [MESSAGE][WARNING] - Timeout '0' is invalid. Using default page load timeout: '60'

2021-10-29 15:24:13 - [MESSAGE][PASSED] - Text 'QATESTBtPkdTIJTMjFxsY' has been set to element 'Object Repository/Mobile/Page/Register/Not Registered/Informasi Pribadi/Edit Text - Fullname'

2021-10-29 15:24:13 - [TEST_STEP][PASSED] - hideKeyboard(): Keyboard is hidden

2021-10-29 15:24:17 - [MESSAGE][PASSED] - Keyboard is hidden

2021-10-29 15:24:17 - [TEST_STEP][PASSED] - delay(1): Delayed 1 second(s)

2021-10-29 15:24:18 - [MESSAGE][PASSED] - Delayed 1 second(s)

2021-10-29 15:24:18 - [TEST_STEP][PASSED] - tap(findTestObject("Object Repository/Mobile/Page/Register/Not Registered/Informasi Pribadi/Date Picker - Date of Birth"), 0): Tapped on element 'Object Repository/Mobile/Page/Register/Not Registered/Informasi Pribadi/Date Picker - Date of Birth'

2021-10-29 15:24:18 - [MESSAGE][WARNING] - Timeout '0' is invalid. Using default page load timeout: '60'

2021-10-29 15:24:18 - [MESSAGE][PASSED] - Tapped on element 'Object Repository/Mobile/Page/Register/Not Registered/Informasi Pribadi/Date Picker - Date of Birth'

2021-10-29 15:24:18 - [TEST_STEP][PASSED] - tap(findTestObject("Object Repository/Mobile/Page/Register/Not Registered/Informasi Pribadi/Date Picker - Icon Edit"), 0): Tapped on element 'Object Repository/Mobile/Page/Register/Not Registered/Informasi Pribadi/Date Picker - Icon Edit'

2021-10-29 15:24:18 - [MESSAGE][WARNING] - Timeout '0' is invalid. Using default page load timeout: '60'

2021-10-29 15:24:21 - [MESSAGE][PASSED] - Tapped on element 'Object Repository/Mobile/Page/Register/Not Registered/Informasi Pribadi/Date Picker - Icon Edit'

2021-10-29 15:24:21 - [TEST_STEP][PASSED] - if (negativeStatus == "less17YearsOld"): null

2021-10-29 15:24:21 - [TEST_STEP][PASSED] - birthdate = "1/1/2010": null

2021-10-29 15:24:21 - [TEST_STEP][PASSED] - setText(findTestObject("Mobile/Page/Register/Not Registered/Informasi Pribadi/Date Picker - Edit Text Date"), birthdate, 0): Text '1/1/2010' has been set to element 'Object Repository/Mobile/Page/Register/Not Registered/Informasi Pribadi/Date Picker - Edit Text Date'

2021-10-29 15:24:21 - [MESSAGE][WARNING] - Timeout '0' is invalid. Using default page load timeout: '60'

2021-10-29 15:24:22 - [MESSAGE][PASSED] - Text '1/1/2010' has been set to element 'Object Repository/Mobile/Page/Register/Not Registered/Informasi Pribadi/Date Picker - Edit Text Date'

2021-10-29 15:24:22 - [TEST_STEP][PASSED] - tap(findTestObject("Mobile/Page/Register/Not Registered/Informasi Pribadi/Date Picker - Button OK"), 0): Tapped on element 'Object Repository/Mobile/Page/Register/Not Registered/Informasi Pribadi/Date Picker - Button OK'

2021-10-29 15:24:22 - [MESSAGE][WARNING] - Timeout '0' is invalid. Using default page load timeout: '60'

2021-10-29 15:24:23 - [MESSAGE][PASSED] - Tapped on element 'Object Repository/Mobile/Page/Register/Not Registered/Informasi Pribadi/Date Picker - Button OK'

2021-10-29 15:24:23 - [TEST_STEP][PASSED] - delay(1): Delayed 1 second(s)

2021-10-29 15:24:24 - [MESSAGE][PASSED] - Delayed 1 second(s)

2021-10-29 15:24:24 - [TEST_STEP][PASSED] - checkdate = verifyElementExist(findTestObject("Object Repository/Mobile/Page/Register/Not Registered/Informasi Pribadi/Alert - Must be 17 years"), 1, OPTIONAL): Element 'Object Repository/Mobile/Page/Register/Not Registered/Informasi Pribadi/Alert - Must be 17 years' is exist

2021-10-29 15:24:24 - [MESSAGE][PASSED] - Element 'Object Repository/Mobile/Page/Register/Not Registered/Informasi Pribadi/Alert - Must be 17 years' is exist

2021-10-29 15:24:24 - [TEST_STEP][PASSED] - return null: null

2021-10-29 15:24:24 - [MESSAGE][PASSED] - Call Test Case 'Test Cases/Mobile/Page/Register/Register' successfully

2021-10-29 15:24:24 - [TEST_STEP][PASSED] - callTestCase(findTestCase("Mobile/Page/Run App/Terminate App"), [:], STOP_ON_FAILURE): Call Test Case 'Test Cases/Mobile/Page/Run App/Terminate App' successfully

2021-10-29 15:24:24 - [TEST_CASE][PASSED] - Test Cases/Mobile/Page/Run App/Terminate App: Test Cases/Mobile/Page/Run App/Terminate App

2021-10-29 15:24:24 - [TEST_STEP][PASSED] - startApp.OpenApp.terminateApplication(): startApp.OpenApp.terminateApplication is PASSED

2021-10-29 15:24:28 - [MESSAGE][PASSED] - Delayed 3 second(s)

2021-10-29 15:24:28 - [MESSAGE][PASSED] - Current device physical width is 720

2021-10-29 15:24:28 - [MESSAGE][PASSED] - Current device physical height is 1423

2021-10-29 15:24:29 - [MESSAGE][PASSED] - Swiped from 360,853 to 360,142

2021-10-29 15:24:30 - [MESSAGE][PASSED] - Delayed 1 second(s)

2021-10-29 15:24:31 - [MESSAGE][PASSED] - Swiped from 360,853 to 360,142

2021-10-29 15:24:34 - [MESSAGE][PASSED] - Delayed 3 second(s)

2021-10-29 15:24:34 - [MESSAGE][PASSED] - startApp.OpenApp.terminateApplication is PASSED

2021-10-29 15:24:34 - [MESSAGE][PASSED] - Call Test Case 'Test Cases/Mobile/Page/Run App/Terminate App' successfully]]></system-out>
         <system-err><![CDATA[]]></system-err>
      </testcase>
      <testcase name="Test Cases/Mobile/Scenario/Register/011 - Registrasi dengan password tidak sesuai rules" time="102.052" classname="Test Cases/Mobile/Scenario/Register/011 - Registrasi dengan password tidak sesuai rules" status="PASSED">
         <system-out><![CDATA[2021-10-29 15:24:34 - [TEST_CASE][PASSED] - Test Cases/Mobile/Scenario/Register/011 - Registrasi dengan password tidak sesuai rules: Test Cases/Mobile/Scenario/Register/011 - Registrasi dengan password tidak sesuai rules

2021-10-29 15:24:35 - [TEST_STEP][PASSED] - callTestCase(findTestCase("Mobile/Page/Run App/Run App byID"), [:], STOP_ON_FAILURE): Call Test Case 'Test Cases/Mobile/Page/Run App/Run App byID' successfully

2021-10-29 15:24:35 - [TEST_CASE][PASSED] - Test Cases/Mobile/Page/Run App/Run App byID: Test Cases/Mobile/Page/Run App/Run App byID

2021-10-29 15:24:35 - [TEST_STEP][PASSED] - startApp.OpenApp.startApplication("com.mirae.maxfund"): startApp.OpenApp.startApplication is PASSED

2021-10-29 15:24:46 - [MESSAGE][PASSED] - Starting app with application ID: 'com.mirae.maxfund'

2021-10-29 15:24:46 - [MESSAGE][PASSED] - startApp.OpenApp.startApplication is PASSED

2021-10-29 15:24:46 - [MESSAGE][PASSED] - Call Test Case 'Test Cases/Mobile/Page/Run App/Run App byID' successfully

2021-10-29 15:24:46 - [TEST_STEP][PASSED] - callTestCase(findTestCase("Mobile/Page/Register/Register"), ["isFromLoginPage":0, "isRegistered":0, "isBedaAlamat":0, "isUseReferralCode":0, "negativeStatus":"passwordNotFollowRules"], STOP_ON_FAILURE): Call Test Case 'Test Cases/Mobile/Page/Register/Register' successfully

2021-10-29 15:24:46 - [TEST_CASE][PASSED] - Test Cases/Mobile/Page/Register/Register: Test Cases/Mobile/Page/Register/Register

2021-10-29 15:24:46 - [TEST_STEP][PASSED] - delay(5): Delayed 5 second(s)

2021-10-29 15:24:51 - [MESSAGE][PASSED] - Delayed 5 second(s)

2021-10-29 15:24:51 - [TEST_STEP][PASSED] - if (isFromLoginPage == 1): null

2021-10-29 15:24:51 - [TEST_STEP][PASSED] - else: Tapped on element 'Object Repository/Mobile/Page/Dashboard/Button - Register'

2021-10-29 15:24:51 - [TEST_STEP][PASSED] - tap(findTestObject("Object Repository/Mobile/Page/Dashboard/Button - Register"), 0): Tapped on element 'Object Repository/Mobile/Page/Dashboard/Button - Register'

2021-10-29 15:24:51 - [MESSAGE][WARNING] - Timeout '0' is invalid. Using default page load timeout: '60'

2021-10-29 15:24:52 - [MESSAGE][PASSED] - Tapped on element 'Object Repository/Mobile/Page/Dashboard/Button - Register'

2021-10-29 15:24:52 - [TEST_STEP][PASSED] - delay(3): Delayed 3 second(s)

2021-10-29 15:24:55 - [MESSAGE][PASSED] - Delayed 3 second(s)

2021-10-29 15:24:55 - [TEST_STEP][PASSED] - if (isRegistered == 1): null

2021-10-29 15:24:55 - [TEST_STEP][PASSED] - else: null

2021-10-29 15:24:55 - [TEST_STEP][PASSED] - RegisterMethod.notRegistered(negativeStatus, isBedaAlamat, isUseReferralCode): null

2021-10-29 15:24:55 - [TEST_STEP][PASSED] - fullname = "QATEST" + acak.acak.randomStringWord(): acak.acak.randomStringWord is PASSED

2021-10-29 15:24:55 - [MESSAGE][PASSED] - acak.acak.randomStringWord is PASSED

2021-10-29 15:24:55 - [TEST_STEP][PASSED] - birthdate = "1/1/1998": null

2021-10-29 15:24:55 - [TEST_STEP][PASSED] - phone = "082" + acak.acak.randomStringNumber(9): acak.acak.randomStringNumber is PASSED

2021-10-29 15:24:55 - [MESSAGE][PASSED] - acak.acak.randomStringNumber is PASSED

2021-10-29 15:24:55 - [TEST_STEP][PASSED] - email = fullname + "@gmail.com": null

2021-10-29 15:24:55 - [TEST_STEP][PASSED] - password = "Mirae1234": null

2021-10-29 15:24:55 - [TEST_STEP][PASSED] - branch = "qa cabang": null

2021-10-29 15:24:55 - [TEST_STEP][PASSED] - accountnumber = "222444222444": null

2021-10-29 15:24:55 - [TEST_STEP][PASSED] - nameowner = fullname: null

2021-10-29 15:24:55 - [TEST_STEP][PASSED] - alamat = "Jl. Cempaka Putih Barat 12 F No.12, RT.8/RW.8": null

2021-10-29 15:24:55 - [TEST_STEP][PASSED] - kodepos = "15412": null

2021-10-29 15:24:55 - [TEST_STEP][PASSED] - referralcode = "15412": null

2021-10-29 15:24:55 - [TEST_STEP][PASSED] - flag = "indonesia": null

2021-10-29 15:24:55 - [TEST_STEP][PASSED] - bank = "citibank": null

2021-10-29 15:24:55 - [TEST_STEP][PASSED] - tap(findTestObject("Object Repository/Mobile/Page/Register/Radio Button - Not registered yet"), 0): Tapped on element 'Object Repository/Mobile/Page/Register/Radio Button - Not registered yet'

2021-10-29 15:24:56 - [MESSAGE][WARNING] - Timeout '0' is invalid. Using default page load timeout: '60'

2021-10-29 15:24:57 - [MESSAGE][PASSED] - Tapped on element 'Object Repository/Mobile/Page/Register/Radio Button - Not registered yet'

2021-10-29 15:24:57 - [TEST_STEP][PASSED] - delay(3): Delayed 3 second(s)

2021-10-29 15:25:00 - [MESSAGE][PASSED] - Delayed 3 second(s)

2021-10-29 15:25:00 - [TEST_STEP][PASSED] - tap(findTestObject("Object Repository/Mobile/Page/Register/Not Registered/Button - Next"), 0): Tapped on element 'Object Repository/Mobile/Page/Register/Not Registered/Button - Next'

2021-10-29 15:25:00 - [MESSAGE][WARNING] - Timeout '0' is invalid. Using default page load timeout: '60'

2021-10-29 15:25:01 - [MESSAGE][PASSED] - Tapped on element 'Object Repository/Mobile/Page/Register/Not Registered/Button - Next'

2021-10-29 15:25:01 - [TEST_STEP][PASSED] - delay(1): Delayed 1 second(s)

2021-10-29 15:25:02 - [MESSAGE][PASSED] - Delayed 1 second(s)

2021-10-29 15:25:02 - [TEST_STEP][PASSED] - tap(findTestObject("Object Repository/Mobile/Page/Register/Not Registered/Informasi Pribadi/Edit Text - Fullname"), 0): Tapped on element 'Object Repository/Mobile/Page/Register/Not Registered/Informasi Pribadi/Edit Text - Fullname'

2021-10-29 15:25:02 - [MESSAGE][WARNING] - Timeout '0' is invalid. Using default page load timeout: '60'

2021-10-29 15:25:03 - [MESSAGE][PASSED] - Tapped on element 'Object Repository/Mobile/Page/Register/Not Registered/Informasi Pribadi/Edit Text - Fullname'

2021-10-29 15:25:03 - [TEST_STEP][PASSED] - setText(findTestObject("Object Repository/Mobile/Page/Register/Not Registered/Informasi Pribadi/Edit Text - Fullname"), fullname, 0): Text 'QATESTPBEJSiTFkxhzBns' has been set to element 'Object Repository/Mobile/Page/Register/Not Registered/Informasi Pribadi/Edit Text - Fullname'

2021-10-29 15:25:03 - [MESSAGE][WARNING] - Timeout '0' is invalid. Using default page load timeout: '60'

2021-10-29 15:25:05 - [MESSAGE][PASSED] - Text 'QATESTPBEJSiTFkxhzBns' has been set to element 'Object Repository/Mobile/Page/Register/Not Registered/Informasi Pribadi/Edit Text - Fullname'

2021-10-29 15:25:05 - [TEST_STEP][PASSED] - hideKeyboard(): Keyboard is hidden

2021-10-29 15:25:08 - [MESSAGE][PASSED] - Keyboard is hidden

2021-10-29 15:25:08 - [TEST_STEP][PASSED] - delay(1): Delayed 1 second(s)

2021-10-29 15:25:09 - [MESSAGE][PASSED] - Delayed 1 second(s)

2021-10-29 15:25:09 - [TEST_STEP][PASSED] - tap(findTestObject("Object Repository/Mobile/Page/Register/Not Registered/Informasi Pribadi/Date Picker - Date of Birth"), 0): Tapped on element 'Object Repository/Mobile/Page/Register/Not Registered/Informasi Pribadi/Date Picker - Date of Birth'

2021-10-29 15:25:09 - [MESSAGE][WARNING] - Timeout '0' is invalid. Using default page load timeout: '60'

2021-10-29 15:25:09 - [MESSAGE][PASSED] - Tapped on element 'Object Repository/Mobile/Page/Register/Not Registered/Informasi Pribadi/Date Picker - Date of Birth'

2021-10-29 15:25:09 - [TEST_STEP][PASSED] - tap(findTestObject("Object Repository/Mobile/Page/Register/Not Registered/Informasi Pribadi/Date Picker - Icon Edit"), 0): Tapped on element 'Object Repository/Mobile/Page/Register/Not Registered/Informasi Pribadi/Date Picker - Icon Edit'

2021-10-29 15:25:10 - [MESSAGE][WARNING] - Timeout '0' is invalid. Using default page load timeout: '60'

2021-10-29 15:25:11 - [MESSAGE][PASSED] - Tapped on element 'Object Repository/Mobile/Page/Register/Not Registered/Informasi Pribadi/Date Picker - Icon Edit'

2021-10-29 15:25:11 - [TEST_STEP][PASSED] - if (negativeStatus == "less17YearsOld"): null

2021-10-29 15:25:11 - [TEST_STEP][PASSED] - else: Delayed 1 second(s)

2021-10-29 15:25:11 - [TEST_STEP][PASSED] - setText(findTestObject("Mobile/Page/Register/Not Registered/Informasi Pribadi/Date Picker - Edit Text Date"), birthdate, 0): Text '1/1/1998' has been set to element 'Object Repository/Mobile/Page/Register/Not Registered/Informasi Pribadi/Date Picker - Edit Text Date'

2021-10-29 15:25:11 - [MESSAGE][WARNING] - Timeout '0' is invalid. Using default page load timeout: '60'

2021-10-29 15:25:13 - [MESSAGE][PASSED] - Text '1/1/1998' has been set to element 'Object Repository/Mobile/Page/Register/Not Registered/Informasi Pribadi/Date Picker - Edit Text Date'

2021-10-29 15:25:13 - [TEST_STEP][PASSED] - tap(findTestObject("Mobile/Page/Register/Not Registered/Informasi Pribadi/Date Picker - Button OK"), 0): Tapped on element 'Object Repository/Mobile/Page/Register/Not Registered/Informasi Pribadi/Date Picker - Button OK'

2021-10-29 15:25:13 - [MESSAGE][WARNING] - Timeout '0' is invalid. Using default page load timeout: '60'

2021-10-29 15:25:14 - [MESSAGE][PASSED] - Tapped on element 'Object Repository/Mobile/Page/Register/Not Registered/Informasi Pribadi/Date Picker - Button OK'

2021-10-29 15:25:14 - [TEST_STEP][PASSED] - delay(1): Delayed 1 second(s)

2021-10-29 15:25:15 - [MESSAGE][PASSED] - Delayed 1 second(s)

2021-10-29 15:25:15 - [TEST_STEP][PASSED] - tap(findTestObject("Object Repository/Mobile/Page/Register/Not Registered/Informasi Pribadi/Dropdown - Flag Phone Number"), 0): Tapped on element 'Object Repository/Mobile/Page/Register/Not Registered/Informasi Pribadi/Dropdown - Flag Phone Number'

2021-10-29 15:25:15 - [MESSAGE][WARNING] - Timeout '0' is invalid. Using default page load timeout: '60'

2021-10-29 15:25:16 - [MESSAGE][PASSED] - Tapped on element 'Object Repository/Mobile/Page/Register/Not Registered/Informasi Pribadi/Dropdown - Flag Phone Number'

2021-10-29 15:25:16 - [TEST_STEP][PASSED] - tap(findTestObject("Object Repository/Mobile/Page/Register/Not Registered/Informasi Pribadi/Edit Text - Search Flag"), 0): Tapped on element 'Object Repository/Mobile/Page/Register/Not Registered/Informasi Pribadi/Edit Text - Search Flag'

2021-10-29 15:25:16 - [MESSAGE][WARNING] - Timeout '0' is invalid. Using default page load timeout: '60'

2021-10-29 15:25:16 - [MESSAGE][PASSED] - Tapped on element 'Object Repository/Mobile/Page/Register/Not Registered/Informasi Pribadi/Edit Text - Search Flag'

2021-10-29 15:25:16 - [TEST_STEP][PASSED] - setText(findTestObject("Object Repository/Mobile/Page/Register/Not Registered/Informasi Pribadi/Edit Text - Search Flag"), flag, 0): Text 'indonesia' has been set to element 'Object Repository/Mobile/Page/Register/Not Registered/Informasi Pribadi/Edit Text - Search Flag'

2021-10-29 15:25:16 - [MESSAGE][WARNING] - Timeout '0' is invalid. Using default page load timeout: '60'

2021-10-29 15:25:18 - [MESSAGE][PASSED] - Text 'indonesia' has been set to element 'Object Repository/Mobile/Page/Register/Not Registered/Informasi Pribadi/Edit Text - Search Flag'

2021-10-29 15:25:18 - [TEST_STEP][PASSED] - tap(findTestObject("Mobile/Page/Register/Not Registered/Informasi Pribadi/Item Flag - Top Search"), 0): Tapped on element 'Object Repository/Mobile/Page/Register/Not Registered/Informasi Pribadi/Item Flag - Top Search'

2021-10-29 15:25:18 - [MESSAGE][WARNING] - Timeout '0' is invalid. Using default page load timeout: '60'

2021-10-29 15:25:20 - [MESSAGE][PASSED] - Tapped on element 'Object Repository/Mobile/Page/Register/Not Registered/Informasi Pribadi/Item Flag - Top Search'

2021-10-29 15:25:20 - [TEST_STEP][PASSED] - tap(findTestObject("Object Repository/Mobile/Page/Register/Not Registered/Informasi Pribadi/Edit Text - Phone Number"), 0): Tapped on element 'Object Repository/Mobile/Page/Register/Not Registered/Informasi Pribadi/Edit Text - Phone Number'

2021-10-29 15:25:20 - [MESSAGE][WARNING] - Timeout '0' is invalid. Using default page load timeout: '60'

2021-10-29 15:25:20 - [MESSAGE][PASSED] - Tapped on element 'Object Repository/Mobile/Page/Register/Not Registered/Informasi Pribadi/Edit Text - Phone Number'

2021-10-29 15:25:20 - [TEST_STEP][PASSED] - setText(findTestObject("Object Repository/Mobile/Page/Register/Not Registered/Informasi Pribadi/Edit Text - Phone Number"), phone, 0): Text '082667630739' has been set to element 'Object Repository/Mobile/Page/Register/Not Registered/Informasi Pribadi/Edit Text - Phone Number'

2021-10-29 15:25:20 - [MESSAGE][WARNING] - Timeout '0' is invalid. Using default page load timeout: '60'

2021-10-29 15:25:22 - [MESSAGE][PASSED] - Text '082667630739' has been set to element 'Object Repository/Mobile/Page/Register/Not Registered/Informasi Pribadi/Edit Text - Phone Number'

2021-10-29 15:25:22 - [TEST_STEP][PASSED] - hideKeyboard(): Keyboard is hidden

2021-10-29 15:25:28 - [MESSAGE][PASSED] - Keyboard is hidden

2021-10-29 15:25:28 - [TEST_STEP][PASSED] - delay(1): Delayed 1 second(s)

2021-10-29 15:25:29 - [MESSAGE][PASSED] - Delayed 1 second(s)

2021-10-29 15:25:29 - [TEST_STEP][PASSED] - tap(findTestObject("Object Repository/Mobile/Page/Register/Not Registered/Informasi Pribadi/Dropdown - Flag Re Phone Number"), 0): Tapped on element 'Object Repository/Mobile/Page/Register/Not Registered/Informasi Pribadi/Dropdown - Flag Re Phone Number'

2021-10-29 15:25:29 - [MESSAGE][WARNING] - Timeout '0' is invalid. Using default page load timeout: '60'

2021-10-29 15:25:30 - [MESSAGE][PASSED] - Tapped on element 'Object Repository/Mobile/Page/Register/Not Registered/Informasi Pribadi/Dropdown - Flag Re Phone Number'

2021-10-29 15:25:30 - [TEST_STEP][PASSED] - tap(findTestObject("Object Repository/Mobile/Page/Register/Not Registered/Informasi Pribadi/Edit Text - Search Flag"), 0): Tapped on element 'Object Repository/Mobile/Page/Register/Not Registered/Informasi Pribadi/Edit Text - Search Flag'

2021-10-29 15:25:30 - [MESSAGE][WARNING] - Timeout '0' is invalid. Using default page load timeout: '60'

2021-10-29 15:25:31 - [MESSAGE][PASSED] - Tapped on element 'Object Repository/Mobile/Page/Register/Not Registered/Informasi Pribadi/Edit Text - Search Flag'

2021-10-29 15:25:31 - [TEST_STEP][PASSED] - setText(findTestObject("Object Repository/Mobile/Page/Register/Not Registered/Informasi Pribadi/Edit Text - Search Flag"), flag, 0): Text 'indonesia' has been set to element 'Object Repository/Mobile/Page/Register/Not Registered/Informasi Pribadi/Edit Text - Search Flag'

2021-10-29 15:25:31 - [MESSAGE][WARNING] - Timeout '0' is invalid. Using default page load timeout: '60'

2021-10-29 15:25:32 - [MESSAGE][PASSED] - Text 'indonesia' has been set to element 'Object Repository/Mobile/Page/Register/Not Registered/Informasi Pribadi/Edit Text - Search Flag'

2021-10-29 15:25:32 - [TEST_STEP][PASSED] - tap(findTestObject("Mobile/Page/Register/Not Registered/Informasi Pribadi/Item Flag - Top Search"), 0): Tapped on element 'Object Repository/Mobile/Page/Register/Not Registered/Informasi Pribadi/Item Flag - Top Search'

2021-10-29 15:25:32 - [MESSAGE][WARNING] - Timeout '0' is invalid. Using default page load timeout: '60'

2021-10-29 15:25:34 - [MESSAGE][PASSED] - Tapped on element 'Object Repository/Mobile/Page/Register/Not Registered/Informasi Pribadi/Item Flag - Top Search'

2021-10-29 15:25:34 - [TEST_STEP][PASSED] - tap(findTestObject("Object Repository/Mobile/Page/Register/Not Registered/Informasi Pribadi/Edit Text - Re Phone Number"), 0): Tapped on element 'Object Repository/Mobile/Page/Register/Not Registered/Informasi Pribadi/Edit Text - Re Phone Number'

2021-10-29 15:25:34 - [MESSAGE][WARNING] - Timeout '0' is invalid. Using default page load timeout: '60'

2021-10-29 15:25:35 - [MESSAGE][PASSED] - Tapped on element 'Object Repository/Mobile/Page/Register/Not Registered/Informasi Pribadi/Edit Text - Re Phone Number'

2021-10-29 15:25:35 - [TEST_STEP][PASSED] - setText(findTestObject("Object Repository/Mobile/Page/Register/Not Registered/Informasi Pribadi/Edit Text - Re Phone Number"), phone, 0): Text '082667630739' has been set to element 'Object Repository/Mobile/Page/Register/Not Registered/Informasi Pribadi/Edit Text - Re Phone Number'

2021-10-29 15:25:35 - [MESSAGE][WARNING] - Timeout '0' is invalid. Using default page load timeout: '60'

2021-10-29 15:25:35 - [MESSAGE][PASSED] - Text '082667630739' has been set to element 'Object Repository/Mobile/Page/Register/Not Registered/Informasi Pribadi/Edit Text - Re Phone Number'

2021-10-29 15:25:35 - [TEST_STEP][PASSED] - hideKeyboard(): Keyboard is hidden

2021-10-29 15:25:41 - [MESSAGE][PASSED] - Keyboard is hidden

2021-10-29 15:25:41 - [TEST_STEP][PASSED] - delay(1): Delayed 1 second(s)

2021-10-29 15:25:42 - [MESSAGE][PASSED] - Delayed 1 second(s)

2021-10-29 15:25:42 - [TEST_STEP][PASSED] - if (negativeStatus == "emailRegistered"): null

2021-10-29 15:25:42 - [TEST_STEP][PASSED] - else: Delayed 1 second(s)

2021-10-29 15:25:42 - [TEST_STEP][PASSED] - tap(findTestObject("Object Repository/Mobile/Page/Register/Not Registered/Informasi Pribadi/Edit Text - Email"), 0): Tapped on element 'Object Repository/Mobile/Page/Register/Not Registered/Informasi Pribadi/Edit Text - Email'

2021-10-29 15:25:43 - [MESSAGE][WARNING] - Timeout '0' is invalid. Using default page load timeout: '60'

2021-10-29 15:25:43 - [MESSAGE][PASSED] - Tapped on element 'Object Repository/Mobile/Page/Register/Not Registered/Informasi Pribadi/Edit Text - Email'

2021-10-29 15:25:43 - [TEST_STEP][PASSED] - setText(findTestObject("Object Repository/Mobile/Page/Register/Not Registered/Informasi Pribadi/Edit Text - Email"), email, 0): Text 'QATESTPBEJSiTFkxhzBns@gmail.com' has been set to element 'Object Repository/Mobile/Page/Register/Not Registered/Informasi Pribadi/Edit Text - Email'

2021-10-29 15:25:43 - [MESSAGE][WARNING] - Timeout '0' is invalid. Using default page load timeout: '60'

2021-10-29 15:25:44 - [MESSAGE][PASSED] - Text 'QATESTPBEJSiTFkxhzBns@gmail.com' has been set to element 'Object Repository/Mobile/Page/Register/Not Registered/Informasi Pribadi/Edit Text - Email'

2021-10-29 15:25:44 - [TEST_STEP][PASSED] - hideKeyboard(): Keyboard is hidden

2021-10-29 15:25:48 - [MESSAGE][PASSED] - Keyboard is hidden

2021-10-29 15:25:48 - [TEST_STEP][PASSED] - delay(1): Delayed 1 second(s)

2021-10-29 15:25:49 - [MESSAGE][PASSED] - Delayed 1 second(s)

2021-10-29 15:25:49 - [TEST_STEP][PASSED] - if (negativeStatus == "emailNotMatch"): null

2021-10-29 15:25:49 - [TEST_STEP][PASSED] - else: Delayed 1 second(s)

2021-10-29 15:25:49 - [TEST_STEP][PASSED] - tap(findTestObject("Object Repository/Mobile/Page/Register/Not Registered/Informasi Pribadi/Edit Text - Re Email"), 0): Tapped on element 'Object Repository/Mobile/Page/Register/Not Registered/Informasi Pribadi/Edit Text - Re Email'

2021-10-29 15:25:49 - [MESSAGE][WARNING] - Timeout '0' is invalid. Using default page load timeout: '60'

2021-10-29 15:25:49 - [MESSAGE][PASSED] - Tapped on element 'Object Repository/Mobile/Page/Register/Not Registered/Informasi Pribadi/Edit Text - Re Email'

2021-10-29 15:25:49 - [TEST_STEP][PASSED] - setText(findTestObject("Object Repository/Mobile/Page/Register/Not Registered/Informasi Pribadi/Edit Text - Re Email"), email, 0): Text 'QATESTPBEJSiTFkxhzBns@gmail.com' has been set to element 'Object Repository/Mobile/Page/Register/Not Registered/Informasi Pribadi/Edit Text - Re Email'

2021-10-29 15:25:49 - [MESSAGE][WARNING] - Timeout '0' is invalid. Using default page load timeout: '60'

2021-10-29 15:25:51 - [MESSAGE][PASSED] - Text 'QATESTPBEJSiTFkxhzBns@gmail.com' has been set to element 'Object Repository/Mobile/Page/Register/Not Registered/Informasi Pribadi/Edit Text - Re Email'

2021-10-29 15:25:51 - [TEST_STEP][PASSED] - hideKeyboard(): Keyboard is hidden

2021-10-29 15:25:54 - [MESSAGE][PASSED] - Keyboard is hidden

2021-10-29 15:25:54 - [TEST_STEP][PASSED] - delay(1): Delayed 1 second(s)

2021-10-29 15:25:55 - [MESSAGE][PASSED] - Delayed 1 second(s)

2021-10-29 15:25:55 - [TEST_STEP][PASSED] - if (negativeStatus == "passwordNotFollowRules"): null

2021-10-29 15:25:55 - [TEST_STEP][PASSED] - password = "12345678": null

2021-10-29 15:25:55 - [TEST_STEP][PASSED] - tap(findTestObject("Object Repository/Mobile/Page/Register/Not Registered/Informasi Pribadi/Edit Text - Password"), 0): Tapped on element 'Object Repository/Mobile/Page/Register/Not Registered/Informasi Pribadi/Edit Text - Password'

2021-10-29 15:25:55 - [MESSAGE][WARNING] - Timeout '0' is invalid. Using default page load timeout: '60'

2021-10-29 15:25:56 - [MESSAGE][PASSED] - Tapped on element 'Object Repository/Mobile/Page/Register/Not Registered/Informasi Pribadi/Edit Text - Password'

2021-10-29 15:25:56 - [TEST_STEP][PASSED] - setText(findTestObject("Object Repository/Mobile/Page/Register/Not Registered/Informasi Pribadi/Edit Text - Password"), password, 0): Text '12345678' has been set to element 'Object Repository/Mobile/Page/Register/Not Registered/Informasi Pribadi/Edit Text - Password'

2021-10-29 15:25:56 - [MESSAGE][WARNING] - Timeout '0' is invalid. Using default page load timeout: '60'

2021-10-29 15:25:57 - [MESSAGE][PASSED] - Text '12345678' has been set to element 'Object Repository/Mobile/Page/Register/Not Registered/Informasi Pribadi/Edit Text - Password'

2021-10-29 15:25:57 - [TEST_STEP][PASSED] - hideKeyboard(): Keyboard is hidden

2021-10-29 15:26:04 - [MESSAGE][PASSED] - Keyboard is hidden

2021-10-29 15:26:04 - [TEST_STEP][PASSED] - delay(1): Delayed 1 second(s)

2021-10-29 15:26:05 - [MESSAGE][PASSED] - Delayed 1 second(s)

2021-10-29 15:26:05 - [TEST_STEP][PASSED] - passwordnumber = verifyElementExist(findTestObject("Object Repository/Mobile/Page/Register/Not Registered/Informasi Pribadi/Alert - Password not filled yet"), 1, OPTIONAL): Element 'Object Repository/Mobile/Page/Register/Not Registered/Informasi Pribadi/Alert - Password not filled yet' not found

2021-10-29 15:26:06 - [MESSAGE][WARNING] - Element 'Object Repository/Mobile/Page/Register/Not Registered/Informasi Pribadi/Alert - Password not filled yet' not found
[[ATTACHMENT|C:\\Users\\Owner\\Documents\\kerjaan\\KatalonProject\\qa-katalon-maxfund\\Reports\\20211029_145503\\Register\\20211029_145503\\1635495966182.png]]

2021-10-29 15:26:06 - [TEST_STEP][PASSED] - return null: null

2021-10-29 15:26:06 - [MESSAGE][PASSED] - Call Test Case 'Test Cases/Mobile/Page/Register/Register' successfully

2021-10-29 15:26:06 - [TEST_STEP][PASSED] - callTestCase(findTestCase("Mobile/Page/Run App/Terminate App"), [:], STOP_ON_FAILURE): Call Test Case 'Test Cases/Mobile/Page/Run App/Terminate App' successfully

2021-10-29 15:26:06 - [TEST_CASE][PASSED] - Test Cases/Mobile/Page/Run App/Terminate App: Test Cases/Mobile/Page/Run App/Terminate App

2021-10-29 15:26:06 - [TEST_STEP][PASSED] - startApp.OpenApp.terminateApplication(): startApp.OpenApp.terminateApplication is PASSED

2021-10-29 15:26:10 - [MESSAGE][PASSED] - Delayed 3 second(s)

2021-10-29 15:26:10 - [MESSAGE][PASSED] - Current device physical width is 720

2021-10-29 15:26:10 - [MESSAGE][PASSED] - Current device physical height is 1423

2021-10-29 15:26:11 - [MESSAGE][PASSED] - Swiped from 360,853 to 360,142

2021-10-29 15:26:12 - [MESSAGE][PASSED] - Delayed 1 second(s)

2021-10-29 15:26:13 - [MESSAGE][PASSED] - Swiped from 360,853 to 360,142

2021-10-29 15:26:16 - [MESSAGE][PASSED] - Delayed 3 second(s)

2021-10-29 15:26:16 - [MESSAGE][PASSED] - startApp.OpenApp.terminateApplication is PASSED

2021-10-29 15:26:16 - [MESSAGE][PASSED] - Call Test Case 'Test Cases/Mobile/Page/Run App/Terminate App' successfully]]></system-out>
         <system-err><![CDATA[]]></system-err>
      </testcase>
      <testcase name="Test Cases/Mobile/Scenario/Register/012 - User memasukkan nama di rekening berbeda dengan nama akun" time="204.831" classname="Test Cases/Mobile/Scenario/Register/012 - User memasukkan nama di rekening berbeda dengan nama akun" status="PASSED">
         <system-out><![CDATA[2021-10-29 15:26:16 - [TEST_CASE][PASSED] - Test Cases/Mobile/Scenario/Register/012 - User memasukkan nama di rekening berbeda dengan nama akun: Test Cases/Mobile/Scenario/Register/012 - User memasukkan nama di rekening berbeda dengan nama akun

2021-10-29 15:26:17 - [TEST_STEP][PASSED] - callTestCase(findTestCase("Mobile/Page/Run App/Run App byID"), [:], STOP_ON_FAILURE): Call Test Case 'Test Cases/Mobile/Page/Run App/Run App byID' successfully

2021-10-29 15:26:17 - [TEST_CASE][PASSED] - Test Cases/Mobile/Page/Run App/Run App byID: Test Cases/Mobile/Page/Run App/Run App byID

2021-10-29 15:26:17 - [TEST_STEP][PASSED] - startApp.OpenApp.startApplication("com.mirae.maxfund"): startApp.OpenApp.startApplication is PASSED

2021-10-29 15:26:28 - [MESSAGE][PASSED] - Starting app with application ID: 'com.mirae.maxfund'

2021-10-29 15:26:28 - [MESSAGE][PASSED] - startApp.OpenApp.startApplication is PASSED

2021-10-29 15:26:28 - [MESSAGE][PASSED] - Call Test Case 'Test Cases/Mobile/Page/Run App/Run App byID' successfully

2021-10-29 15:26:28 - [TEST_STEP][PASSED] - callTestCase(findTestCase("Mobile/Page/Register/Register"), ["isFromLoginPage":0, "isRegistered":0, "isBedaAlamat":0, "isUseReferralCode":0, "negativeStatus":"ownerNameNotMatch"], STOP_ON_FAILURE): Call Test Case 'Test Cases/Mobile/Page/Register/Register' successfully

2021-10-29 15:26:28 - [TEST_CASE][PASSED] - Test Cases/Mobile/Page/Register/Register: Test Cases/Mobile/Page/Register/Register

2021-10-29 15:26:28 - [TEST_STEP][PASSED] - delay(5): Delayed 5 second(s)

2021-10-29 15:26:33 - [MESSAGE][PASSED] - Delayed 5 second(s)

2021-10-29 15:26:33 - [TEST_STEP][PASSED] - if (isFromLoginPage == 1): null

2021-10-29 15:26:33 - [TEST_STEP][PASSED] - else: Tapped on element 'Object Repository/Mobile/Page/Dashboard/Button - Register'

2021-10-29 15:26:33 - [TEST_STEP][PASSED] - tap(findTestObject("Object Repository/Mobile/Page/Dashboard/Button - Register"), 0): Tapped on element 'Object Repository/Mobile/Page/Dashboard/Button - Register'

2021-10-29 15:26:33 - [MESSAGE][WARNING] - Timeout '0' is invalid. Using default page load timeout: '60'

2021-10-29 15:26:33 - [MESSAGE][PASSED] - Tapped on element 'Object Repository/Mobile/Page/Dashboard/Button - Register'

2021-10-29 15:26:33 - [TEST_STEP][PASSED] - delay(3): Delayed 3 second(s)

2021-10-29 15:26:36 - [MESSAGE][PASSED] - Delayed 3 second(s)

2021-10-29 15:26:36 - [TEST_STEP][PASSED] - if (isRegistered == 1): null

2021-10-29 15:26:36 - [TEST_STEP][PASSED] - else: null

2021-10-29 15:26:36 - [TEST_STEP][PASSED] - RegisterMethod.notRegistered(negativeStatus, isBedaAlamat, isUseReferralCode): null

2021-10-29 15:26:36 - [TEST_STEP][PASSED] - fullname = "QATEST" + acak.acak.randomStringWord(): acak.acak.randomStringWord is PASSED

2021-10-29 15:26:36 - [MESSAGE][PASSED] - acak.acak.randomStringWord is PASSED

2021-10-29 15:26:36 - [TEST_STEP][PASSED] - birthdate = "1/1/1998": null

2021-10-29 15:26:36 - [TEST_STEP][PASSED] - phone = "082" + acak.acak.randomStringNumber(9): acak.acak.randomStringNumber is PASSED

2021-10-29 15:26:36 - [MESSAGE][PASSED] - acak.acak.randomStringNumber is PASSED

2021-10-29 15:26:36 - [TEST_STEP][PASSED] - email = fullname + "@gmail.com": null

2021-10-29 15:26:36 - [TEST_STEP][PASSED] - password = "Mirae1234": null

2021-10-29 15:26:36 - [TEST_STEP][PASSED] - branch = "qa cabang": null

2021-10-29 15:26:36 - [TEST_STEP][PASSED] - accountnumber = "222444222444": null

2021-10-29 15:26:36 - [TEST_STEP][PASSED] - nameowner = fullname: null

2021-10-29 15:26:36 - [TEST_STEP][PASSED] - alamat = "Jl. Cempaka Putih Barat 12 F No.12, RT.8/RW.8": null

2021-10-29 15:26:36 - [TEST_STEP][PASSED] - kodepos = "15412": null

2021-10-29 15:26:36 - [TEST_STEP][PASSED] - referralcode = "15412": null

2021-10-29 15:26:36 - [TEST_STEP][PASSED] - flag = "indonesia": null

2021-10-29 15:26:36 - [TEST_STEP][PASSED] - bank = "citibank": null

2021-10-29 15:26:36 - [TEST_STEP][PASSED] - tap(findTestObject("Object Repository/Mobile/Page/Register/Radio Button - Not registered yet"), 0): Tapped on element 'Object Repository/Mobile/Page/Register/Radio Button - Not registered yet'

2021-10-29 15:26:36 - [MESSAGE][WARNING] - Timeout '0' is invalid. Using default page load timeout: '60'

2021-10-29 15:26:37 - [MESSAGE][PASSED] - Tapped on element 'Object Repository/Mobile/Page/Register/Radio Button - Not registered yet'

2021-10-29 15:26:37 - [TEST_STEP][PASSED] - delay(3): Delayed 3 second(s)

2021-10-29 15:26:40 - [MESSAGE][PASSED] - Delayed 3 second(s)

2021-10-29 15:26:40 - [TEST_STEP][PASSED] - tap(findTestObject("Object Repository/Mobile/Page/Register/Not Registered/Button - Next"), 0): Tapped on element 'Object Repository/Mobile/Page/Register/Not Registered/Button - Next'

2021-10-29 15:26:40 - [MESSAGE][WARNING] - Timeout '0' is invalid. Using default page load timeout: '60'

2021-10-29 15:26:42 - [MESSAGE][PASSED] - Tapped on element 'Object Repository/Mobile/Page/Register/Not Registered/Button - Next'

2021-10-29 15:26:42 - [TEST_STEP][PASSED] - delay(1): Delayed 1 second(s)

2021-10-29 15:26:43 - [MESSAGE][PASSED] - Delayed 1 second(s)

2021-10-29 15:26:43 - [TEST_STEP][PASSED] - tap(findTestObject("Object Repository/Mobile/Page/Register/Not Registered/Informasi Pribadi/Edit Text - Fullname"), 0): Tapped on element 'Object Repository/Mobile/Page/Register/Not Registered/Informasi Pribadi/Edit Text - Fullname'

2021-10-29 15:26:43 - [MESSAGE][WARNING] - Timeout '0' is invalid. Using default page load timeout: '60'

2021-10-29 15:26:43 - [MESSAGE][PASSED] - Tapped on element 'Object Repository/Mobile/Page/Register/Not Registered/Informasi Pribadi/Edit Text - Fullname'

2021-10-29 15:26:43 - [TEST_STEP][PASSED] - setText(findTestObject("Object Repository/Mobile/Page/Register/Not Registered/Informasi Pribadi/Edit Text - Fullname"), fullname, 0): Text 'QATESTVfPpzBSEMogVruN' has been set to element 'Object Repository/Mobile/Page/Register/Not Registered/Informasi Pribadi/Edit Text - Fullname'

2021-10-29 15:26:43 - [MESSAGE][WARNING] - Timeout '0' is invalid. Using default page load timeout: '60'

2021-10-29 15:26:45 - [MESSAGE][PASSED] - Text 'QATESTVfPpzBSEMogVruN' has been set to element 'Object Repository/Mobile/Page/Register/Not Registered/Informasi Pribadi/Edit Text - Fullname'

2021-10-29 15:26:45 - [TEST_STEP][PASSED] - hideKeyboard(): Keyboard is hidden

2021-10-29 15:26:48 - [MESSAGE][PASSED] - Keyboard is hidden

2021-10-29 15:26:48 - [TEST_STEP][PASSED] - delay(1): Delayed 1 second(s)

2021-10-29 15:26:49 - [MESSAGE][PASSED] - Delayed 1 second(s)

2021-10-29 15:26:49 - [TEST_STEP][PASSED] - tap(findTestObject("Object Repository/Mobile/Page/Register/Not Registered/Informasi Pribadi/Date Picker - Date of Birth"), 0): Tapped on element 'Object Repository/Mobile/Page/Register/Not Registered/Informasi Pribadi/Date Picker - Date of Birth'

2021-10-29 15:26:49 - [MESSAGE][WARNING] - Timeout '0' is invalid. Using default page load timeout: '60'

2021-10-29 15:26:50 - [MESSAGE][PASSED] - Tapped on element 'Object Repository/Mobile/Page/Register/Not Registered/Informasi Pribadi/Date Picker - Date of Birth'

2021-10-29 15:26:50 - [TEST_STEP][PASSED] - tap(findTestObject("Object Repository/Mobile/Page/Register/Not Registered/Informasi Pribadi/Date Picker - Icon Edit"), 0): Tapped on element 'Object Repository/Mobile/Page/Register/Not Registered/Informasi Pribadi/Date Picker - Icon Edit'

2021-10-29 15:26:50 - [MESSAGE][WARNING] - Timeout '0' is invalid. Using default page load timeout: '60'

2021-10-29 15:26:52 - [MESSAGE][PASSED] - Tapped on element 'Object Repository/Mobile/Page/Register/Not Registered/Informasi Pribadi/Date Picker - Icon Edit'

2021-10-29 15:26:52 - [TEST_STEP][PASSED] - if (negativeStatus == "less17YearsOld"): null

2021-10-29 15:26:52 - [TEST_STEP][PASSED] - else: Delayed 1 second(s)

2021-10-29 15:26:52 - [TEST_STEP][PASSED] - setText(findTestObject("Mobile/Page/Register/Not Registered/Informasi Pribadi/Date Picker - Edit Text Date"), birthdate, 0): Text '1/1/1998' has been set to element 'Object Repository/Mobile/Page/Register/Not Registered/Informasi Pribadi/Date Picker - Edit Text Date'

2021-10-29 15:26:52 - [MESSAGE][WARNING] - Timeout '0' is invalid. Using default page load timeout: '60'

2021-10-29 15:26:53 - [MESSAGE][PASSED] - Text '1/1/1998' has been set to element 'Object Repository/Mobile/Page/Register/Not Registered/Informasi Pribadi/Date Picker - Edit Text Date'

2021-10-29 15:26:53 - [TEST_STEP][PASSED] - tap(findTestObject("Mobile/Page/Register/Not Registered/Informasi Pribadi/Date Picker - Button OK"), 0): Tapped on element 'Object Repository/Mobile/Page/Register/Not Registered/Informasi Pribadi/Date Picker - Button OK'

2021-10-29 15:26:53 - [MESSAGE][WARNING] - Timeout '0' is invalid. Using default page load timeout: '60'

2021-10-29 15:26:54 - [MESSAGE][PASSED] - Tapped on element 'Object Repository/Mobile/Page/Register/Not Registered/Informasi Pribadi/Date Picker - Button OK'

2021-10-29 15:26:54 - [TEST_STEP][PASSED] - delay(1): Delayed 1 second(s)

2021-10-29 15:26:55 - [MESSAGE][PASSED] - Delayed 1 second(s)

2021-10-29 15:26:55 - [TEST_STEP][PASSED] - tap(findTestObject("Object Repository/Mobile/Page/Register/Not Registered/Informasi Pribadi/Dropdown - Flag Phone Number"), 0): Tapped on element 'Object Repository/Mobile/Page/Register/Not Registered/Informasi Pribadi/Dropdown - Flag Phone Number'

2021-10-29 15:26:55 - [MESSAGE][WARNING] - Timeout '0' is invalid. Using default page load timeout: '60'

2021-10-29 15:26:56 - [MESSAGE][PASSED] - Tapped on element 'Object Repository/Mobile/Page/Register/Not Registered/Informasi Pribadi/Dropdown - Flag Phone Number'

2021-10-29 15:26:56 - [TEST_STEP][PASSED] - tap(findTestObject("Object Repository/Mobile/Page/Register/Not Registered/Informasi Pribadi/Edit Text - Search Flag"), 0): Tapped on element 'Object Repository/Mobile/Page/Register/Not Registered/Informasi Pribadi/Edit Text - Search Flag'

2021-10-29 15:26:57 - [MESSAGE][WARNING] - Timeout '0' is invalid. Using default page load timeout: '60'

2021-10-29 15:26:57 - [MESSAGE][PASSED] - Tapped on element 'Object Repository/Mobile/Page/Register/Not Registered/Informasi Pribadi/Edit Text - Search Flag'

2021-10-29 15:26:57 - [TEST_STEP][PASSED] - setText(findTestObject("Object Repository/Mobile/Page/Register/Not Registered/Informasi Pribadi/Edit Text - Search Flag"), flag, 0): Text 'indonesia' has been set to element 'Object Repository/Mobile/Page/Register/Not Registered/Informasi Pribadi/Edit Text - Search Flag'

2021-10-29 15:26:57 - [MESSAGE][WARNING] - Timeout '0' is invalid. Using default page load timeout: '60'

2021-10-29 15:26:58 - [MESSAGE][PASSED] - Text 'indonesia' has been set to element 'Object Repository/Mobile/Page/Register/Not Registered/Informasi Pribadi/Edit Text - Search Flag'

2021-10-29 15:26:58 - [TEST_STEP][PASSED] - tap(findTestObject("Mobile/Page/Register/Not Registered/Informasi Pribadi/Item Flag - Top Search"), 0): Tapped on element 'Object Repository/Mobile/Page/Register/Not Registered/Informasi Pribadi/Item Flag - Top Search'

2021-10-29 15:26:59 - [MESSAGE][WARNING] - Timeout '0' is invalid. Using default page load timeout: '60'

2021-10-29 15:26:59 - [MESSAGE][PASSED] - Tapped on element 'Object Repository/Mobile/Page/Register/Not Registered/Informasi Pribadi/Item Flag - Top Search'

2021-10-29 15:26:59 - [TEST_STEP][PASSED] - tap(findTestObject("Object Repository/Mobile/Page/Register/Not Registered/Informasi Pribadi/Edit Text - Phone Number"), 0): Tapped on element 'Object Repository/Mobile/Page/Register/Not Registered/Informasi Pribadi/Edit Text - Phone Number'

2021-10-29 15:26:59 - [MESSAGE][WARNING] - Timeout '0' is invalid. Using default page load timeout: '60'

2021-10-29 15:27:01 - [MESSAGE][PASSED] - Tapped on element 'Object Repository/Mobile/Page/Register/Not Registered/Informasi Pribadi/Edit Text - Phone Number'

2021-10-29 15:27:01 - [TEST_STEP][PASSED] - setText(findTestObject("Object Repository/Mobile/Page/Register/Not Registered/Informasi Pribadi/Edit Text - Phone Number"), phone, 0): Text '082503970130' has been set to element 'Object Repository/Mobile/Page/Register/Not Registered/Informasi Pribadi/Edit Text - Phone Number'

2021-10-29 15:27:01 - [MESSAGE][WARNING] - Timeout '0' is invalid. Using default page load timeout: '60'

2021-10-29 15:27:02 - [MESSAGE][PASSED] - Text '082503970130' has been set to element 'Object Repository/Mobile/Page/Register/Not Registered/Informasi Pribadi/Edit Text - Phone Number'

2021-10-29 15:27:02 - [TEST_STEP][PASSED] - hideKeyboard(): Keyboard is hidden

2021-10-29 15:27:08 - [MESSAGE][PASSED] - Keyboard is hidden

2021-10-29 15:27:08 - [TEST_STEP][PASSED] - delay(1): Delayed 1 second(s)

2021-10-29 15:27:09 - [MESSAGE][PASSED] - Delayed 1 second(s)

2021-10-29 15:27:09 - [TEST_STEP][PASSED] - tap(findTestObject("Object Repository/Mobile/Page/Register/Not Registered/Informasi Pribadi/Dropdown - Flag Re Phone Number"), 0): Tapped on element 'Object Repository/Mobile/Page/Register/Not Registered/Informasi Pribadi/Dropdown - Flag Re Phone Number'

2021-10-29 15:27:09 - [MESSAGE][WARNING] - Timeout '0' is invalid. Using default page load timeout: '60'

2021-10-29 15:27:11 - [MESSAGE][PASSED] - Tapped on element 'Object Repository/Mobile/Page/Register/Not Registered/Informasi Pribadi/Dropdown - Flag Re Phone Number'

2021-10-29 15:27:11 - [TEST_STEP][PASSED] - tap(findTestObject("Object Repository/Mobile/Page/Register/Not Registered/Informasi Pribadi/Edit Text - Search Flag"), 0): Tapped on element 'Object Repository/Mobile/Page/Register/Not Registered/Informasi Pribadi/Edit Text - Search Flag'

2021-10-29 15:27:11 - [MESSAGE][WARNING] - Timeout '0' is invalid. Using default page load timeout: '60'

2021-10-29 15:27:11 - [MESSAGE][PASSED] - Tapped on element 'Object Repository/Mobile/Page/Register/Not Registered/Informasi Pribadi/Edit Text - Search Flag'

2021-10-29 15:27:11 - [TEST_STEP][PASSED] - setText(findTestObject("Object Repository/Mobile/Page/Register/Not Registered/Informasi Pribadi/Edit Text - Search Flag"), flag, 0): Text 'indonesia' has been set to element 'Object Repository/Mobile/Page/Register/Not Registered/Informasi Pribadi/Edit Text - Search Flag'

2021-10-29 15:27:11 - [MESSAGE][WARNING] - Timeout '0' is invalid. Using default page load timeout: '60'

2021-10-29 15:27:13 - [MESSAGE][PASSED] - Text 'indonesia' has been set to element 'Object Repository/Mobile/Page/Register/Not Registered/Informasi Pribadi/Edit Text - Search Flag'

2021-10-29 15:27:13 - [TEST_STEP][PASSED] - tap(findTestObject("Mobile/Page/Register/Not Registered/Informasi Pribadi/Item Flag - Top Search"), 0): Tapped on element 'Object Repository/Mobile/Page/Register/Not Registered/Informasi Pribadi/Item Flag - Top Search'

2021-10-29 15:27:13 - [MESSAGE][WARNING] - Timeout '0' is invalid. Using default page load timeout: '60'

2021-10-29 15:27:15 - [MESSAGE][PASSED] - Tapped on element 'Object Repository/Mobile/Page/Register/Not Registered/Informasi Pribadi/Item Flag - Top Search'

2021-10-29 15:27:15 - [TEST_STEP][PASSED] - tap(findTestObject("Object Repository/Mobile/Page/Register/Not Registered/Informasi Pribadi/Edit Text - Re Phone Number"), 0): Tapped on element 'Object Repository/Mobile/Page/Register/Not Registered/Informasi Pribadi/Edit Text - Re Phone Number'

2021-10-29 15:27:15 - [MESSAGE][WARNING] - Timeout '0' is invalid. Using default page load timeout: '60'

2021-10-29 15:27:15 - [MESSAGE][PASSED] - Tapped on element 'Object Repository/Mobile/Page/Register/Not Registered/Informasi Pribadi/Edit Text - Re Phone Number'

2021-10-29 15:27:15 - [TEST_STEP][PASSED] - setText(findTestObject("Object Repository/Mobile/Page/Register/Not Registered/Informasi Pribadi/Edit Text - Re Phone Number"), phone, 0): Text '082503970130' has been set to element 'Object Repository/Mobile/Page/Register/Not Registered/Informasi Pribadi/Edit Text - Re Phone Number'

2021-10-29 15:27:15 - [MESSAGE][WARNING] - Timeout '0' is invalid. Using default page load timeout: '60'

2021-10-29 15:27:16 - [MESSAGE][PASSED] - Text '082503970130' has been set to element 'Object Repository/Mobile/Page/Register/Not Registered/Informasi Pribadi/Edit Text - Re Phone Number'

2021-10-29 15:27:16 - [TEST_STEP][PASSED] - hideKeyboard(): Keyboard is hidden

2021-10-29 15:27:24 - [MESSAGE][PASSED] - Keyboard is hidden

2021-10-29 15:27:24 - [TEST_STEP][PASSED] - delay(1): Delayed 1 second(s)

2021-10-29 15:27:25 - [MESSAGE][PASSED] - Delayed 1 second(s)

2021-10-29 15:27:25 - [TEST_STEP][PASSED] - if (negativeStatus == "emailRegistered"): null

2021-10-29 15:27:25 - [TEST_STEP][PASSED] - else: Delayed 1 second(s)

2021-10-29 15:27:25 - [TEST_STEP][PASSED] - tap(findTestObject("Object Repository/Mobile/Page/Register/Not Registered/Informasi Pribadi/Edit Text - Email"), 0): Tapped on element 'Object Repository/Mobile/Page/Register/Not Registered/Informasi Pribadi/Edit Text - Email'

2021-10-29 15:27:25 - [MESSAGE][WARNING] - Timeout '0' is invalid. Using default page load timeout: '60'

2021-10-29 15:27:25 - [MESSAGE][PASSED] - Tapped on element 'Object Repository/Mobile/Page/Register/Not Registered/Informasi Pribadi/Edit Text - Email'

2021-10-29 15:27:25 - [TEST_STEP][PASSED] - setText(findTestObject("Object Repository/Mobile/Page/Register/Not Registered/Informasi Pribadi/Edit Text - Email"), email, 0): Text 'QATESTVfPpzBSEMogVruN@gmail.com' has been set to element 'Object Repository/Mobile/Page/Register/Not Registered/Informasi Pribadi/Edit Text - Email'

2021-10-29 15:27:25 - [MESSAGE][WARNING] - Timeout '0' is invalid. Using default page load timeout: '60'

2021-10-29 15:27:27 - [MESSAGE][PASSED] - Text 'QATESTVfPpzBSEMogVruN@gmail.com' has been set to element 'Object Repository/Mobile/Page/Register/Not Registered/Informasi Pribadi/Edit Text - Email'

2021-10-29 15:27:27 - [TEST_STEP][PASSED] - hideKeyboard(): Keyboard is hidden

2021-10-29 15:27:32 - [MESSAGE][PASSED] - Keyboard is hidden

2021-10-29 15:27:32 - [TEST_STEP][PASSED] - delay(1): Delayed 1 second(s)

2021-10-29 15:27:33 - [MESSAGE][PASSED] - Delayed 1 second(s)

2021-10-29 15:27:33 - [TEST_STEP][PASSED] - if (negativeStatus == "emailNotMatch"): null

2021-10-29 15:27:33 - [TEST_STEP][PASSED] - else: Delayed 1 second(s)

2021-10-29 15:27:33 - [TEST_STEP][PASSED] - tap(findTestObject("Object Repository/Mobile/Page/Register/Not Registered/Informasi Pribadi/Edit Text - Re Email"), 0): Tapped on element 'Object Repository/Mobile/Page/Register/Not Registered/Informasi Pribadi/Edit Text - Re Email'

2021-10-29 15:27:33 - [MESSAGE][WARNING] - Timeout '0' is invalid. Using default page load timeout: '60'

2021-10-29 15:27:33 - [MESSAGE][PASSED] - Tapped on element 'Object Repository/Mobile/Page/Register/Not Registered/Informasi Pribadi/Edit Text - Re Email'

2021-10-29 15:27:33 - [TEST_STEP][PASSED] - setText(findTestObject("Object Repository/Mobile/Page/Register/Not Registered/Informasi Pribadi/Edit Text - Re Email"), email, 0): Text 'QATESTVfPpzBSEMogVruN@gmail.com' has been set to element 'Object Repository/Mobile/Page/Register/Not Registered/Informasi Pribadi/Edit Text - Re Email'

2021-10-29 15:27:33 - [MESSAGE][WARNING] - Timeout '0' is invalid. Using default page load timeout: '60'

2021-10-29 15:27:35 - [MESSAGE][PASSED] - Text 'QATESTVfPpzBSEMogVruN@gmail.com' has been set to element 'Object Repository/Mobile/Page/Register/Not Registered/Informasi Pribadi/Edit Text - Re Email'

2021-10-29 15:27:35 - [TEST_STEP][PASSED] - hideKeyboard(): Keyboard is hidden

2021-10-29 15:27:38 - [MESSAGE][PASSED] - Keyboard is hidden

2021-10-29 15:27:38 - [TEST_STEP][PASSED] - delay(1): Delayed 1 second(s)

2021-10-29 15:27:39 - [MESSAGE][PASSED] - Delayed 1 second(s)

2021-10-29 15:27:39 - [TEST_STEP][PASSED] - if (negativeStatus == "passwordNotFollowRules"): null

2021-10-29 15:27:39 - [TEST_STEP][PASSED] - else: Delayed 1 second(s)

2021-10-29 15:27:39 - [TEST_STEP][PASSED] - tap(findTestObject("Object Repository/Mobile/Page/Register/Not Registered/Informasi Pribadi/Edit Text - Password"), 0): Tapped on element 'Object Repository/Mobile/Page/Register/Not Registered/Informasi Pribadi/Edit Text - Password'

2021-10-29 15:27:39 - [MESSAGE][WARNING] - Timeout '0' is invalid. Using default page load timeout: '60'

2021-10-29 15:27:40 - [MESSAGE][PASSED] - Tapped on element 'Object Repository/Mobile/Page/Register/Not Registered/Informasi Pribadi/Edit Text - Password'

2021-10-29 15:27:40 - [TEST_STEP][PASSED] - setText(findTestObject("Object Repository/Mobile/Page/Register/Not Registered/Informasi Pribadi/Edit Text - Password"), password, 0): Text 'Mirae1234' has been set to element 'Object Repository/Mobile/Page/Register/Not Registered/Informasi Pribadi/Edit Text - Password'

2021-10-29 15:27:40 - [MESSAGE][WARNING] - Timeout '0' is invalid. Using default page load timeout: '60'

2021-10-29 15:27:41 - [MESSAGE][PASSED] - Text 'Mirae1234' has been set to element 'Object Repository/Mobile/Page/Register/Not Registered/Informasi Pribadi/Edit Text - Password'

2021-10-29 15:27:41 - [TEST_STEP][PASSED] - hideKeyboard(): Keyboard is hidden

2021-10-29 15:27:47 - [MESSAGE][PASSED] - Keyboard is hidden

2021-10-29 15:27:47 - [TEST_STEP][PASSED] - delay(1): Delayed 1 second(s)

2021-10-29 15:27:48 - [MESSAGE][PASSED] - Delayed 1 second(s)

2021-10-29 15:27:48 - [TEST_STEP][PASSED] - tap(findTestObject("Object Repository/Mobile/Page/Register/Not Registered/Informasi Pribadi/Edit Text - Re Password"), 0): Tapped on element 'Object Repository/Mobile/Page/Register/Not Registered/Informasi Pribadi/Edit Text - Re Password'

2021-10-29 15:27:49 - [MESSAGE][WARNING] - Timeout '0' is invalid. Using default page load timeout: '60'

2021-10-29 15:27:49 - [MESSAGE][PASSED] - Tapped on element 'Object Repository/Mobile/Page/Register/Not Registered/Informasi Pribadi/Edit Text - Re Password'

2021-10-29 15:27:49 - [TEST_STEP][PASSED] - setText(findTestObject("Object Repository/Mobile/Page/Register/Not Registered/Informasi Pribadi/Edit Text - Re Password"), password, 0): Text 'Mirae1234' has been set to element 'Object Repository/Mobile/Page/Register/Not Registered/Informasi Pribadi/Edit Text - Re Password'

2021-10-29 15:27:49 - [MESSAGE][WARNING] - Timeout '0' is invalid. Using default page load timeout: '60'

2021-10-29 15:27:51 - [MESSAGE][PASSED] - Text 'Mirae1234' has been set to element 'Object Repository/Mobile/Page/Register/Not Registered/Informasi Pribadi/Edit Text - Re Password'

2021-10-29 15:27:51 - [TEST_STEP][PASSED] - hideKeyboard(): Keyboard is hidden

2021-10-29 15:27:57 - [MESSAGE][PASSED] - Keyboard is hidden

2021-10-29 15:27:57 - [TEST_STEP][PASSED] - delay(1): Delayed 1 second(s)

2021-10-29 15:27:58 - [MESSAGE][PASSED] - Delayed 1 second(s)

2021-10-29 15:27:58 - [TEST_STEP][PASSED] - if (isBedaAlamat == 1): null

2021-10-29 15:27:58 - [TEST_STEP][PASSED] - tap(findTestObject("Object Repository/Mobile/Page/Register/Not Registered/Informasi Pribadi/Button - Icon KTP"), 0): Tapped on element 'Object Repository/Mobile/Page/Register/Not Registered/Informasi Pribadi/Button - Icon KTP'

2021-10-29 15:27:58 - [MESSAGE][WARNING] - Timeout '0' is invalid. Using default page load timeout: '60'

2021-10-29 15:27:58 - [MESSAGE][PASSED] - Tapped on element 'Object Repository/Mobile/Page/Register/Not Registered/Informasi Pribadi/Button - Icon KTP'

2021-10-29 15:27:58 - [TEST_STEP][PASSED] - permission = verifyElementExist(findTestObject("Object Repository/Mobile/Page/Register/Not Registered/Informasi Pribadi/Permission - Only this time"), 1, OPTIONAL): Element 'Object Repository/Mobile/Page/Register/Not Registered/Informasi Pribadi/Permission - Only this time' is exist

2021-10-29 15:27:59 - [MESSAGE][PASSED] - Element 'Object Repository/Mobile/Page/Register/Not Registered/Informasi Pribadi/Permission - Only this time' is exist

2021-10-29 15:27:59 - [TEST_STEP][PASSED] - if (permission): Tapped on element 'Object Repository/Mobile/Page/Register/Not Registered/Informasi Pribadi/Permission - Only this time'

2021-10-29 15:27:59 - [TEST_STEP][PASSED] - tap(findTestObject("Object Repository/Mobile/Page/Register/Not Registered/Informasi Pribadi/Permission - Only this time"), 0): Tapped on element 'Object Repository/Mobile/Page/Register/Not Registered/Informasi Pribadi/Permission - Only this time'

2021-10-29 15:27:59 - [MESSAGE][WARNING] - Timeout '0' is invalid. Using default page load timeout: '60'

2021-10-29 15:28:00 - [MESSAGE][PASSED] - Tapped on element 'Object Repository/Mobile/Page/Register/Not Registered/Informasi Pribadi/Permission - Only this time'

2021-10-29 15:28:00 - [TEST_STEP][PASSED] - permission = verifyElementExist(findTestObject("Object Repository/Mobile/Page/Register/Not Registered/Informasi Pribadi/Permission - Only this time"), 1, OPTIONAL): Element 'Object Repository/Mobile/Page/Register/Not Registered/Informasi Pribadi/Permission - Only this time' is exist

2021-10-29 15:28:01 - [MESSAGE][PASSED] - Element 'Object Repository/Mobile/Page/Register/Not Registered/Informasi Pribadi/Permission - Only this time' is exist

2021-10-29 15:28:01 - [TEST_STEP][PASSED] - if (permission): Tapped on element 'Object Repository/Mobile/Page/Register/Not Registered/Informasi Pribadi/Permission - Only this time'

2021-10-29 15:28:01 - [TEST_STEP][PASSED] - tap(findTestObject("Object Repository/Mobile/Page/Register/Not Registered/Informasi Pribadi/Permission - Only this time"), 0): Tapped on element 'Object Repository/Mobile/Page/Register/Not Registered/Informasi Pribadi/Permission - Only this time'

2021-10-29 15:28:01 - [MESSAGE][WARNING] - Timeout '0' is invalid. Using default page load timeout: '60'

2021-10-29 15:28:01 - [MESSAGE][PASSED] - Tapped on element 'Object Repository/Mobile/Page/Register/Not Registered/Informasi Pribadi/Permission - Only this time'

2021-10-29 15:28:01 - [TEST_STEP][PASSED] - tap(findTestObject("Object Repository/Mobile/Page/Register/Not Registered/Informasi Pribadi/Button - Capture KTP"), 0): Tapped on element 'Object Repository/Mobile/Page/Register/Not Registered/Informasi Pribadi/Button - Capture KTP'

2021-10-29 15:28:01 - [MESSAGE][WARNING] - Timeout '0' is invalid. Using default page load timeout: '60'

2021-10-29 15:28:04 - [MESSAGE][PASSED] - Tapped on element 'Object Repository/Mobile/Page/Register/Not Registered/Informasi Pribadi/Button - Capture KTP'

2021-10-29 15:28:04 - [TEST_STEP][PASSED] - delay(2): Delayed 2 second(s)

2021-10-29 15:28:06 - [MESSAGE][PASSED] - Delayed 2 second(s)

2021-10-29 15:28:06 - [TEST_STEP][PASSED] - scroll.scroll.scrollLeftToRight(findTestObject("Object Repository/Mobile/Page/Register/Not Registered/Informasi Pribadi/Slider - Edit Photo Scale")): scroll.scroll.scrollLeftToRight is PASSED

2021-10-29 15:28:06 - [MESSAGE][WARNING] - Timeout '0' is invalid. Using default page load timeout: '60'

2021-10-29 15:28:07 - [MESSAGE][PASSED] - Object 'Object Repository/Mobile/Page/Register/Not Registered/Informasi Pribadi/Slider - Edit Photo Scale' has left position '0'

2021-10-29 15:28:07 - [MESSAGE][WARNING] - Timeout '0' is invalid. Using default page load timeout: '60'

2021-10-29 15:28:07 - [MESSAGE][PASSED] - Object 'Object Repository/Mobile/Page/Register/Not Registered/Informasi Pribadi/Slider - Edit Photo Scale' has top position '1,284'

2021-10-29 15:28:07 - [MESSAGE][WARNING] - Timeout '0' is invalid. Using default page load timeout: '60'

2021-10-29 15:28:08 - [MESSAGE][PASSED] - Object 'Object Repository/Mobile/Page/Register/Not Registered/Informasi Pribadi/Slider - Edit Photo Scale' has width: '720'

2021-10-29 15:28:08 - [MESSAGE][WARNING] - Timeout '0' is invalid. Using default page load timeout: '60'

2021-10-29 15:28:08 - [MESSAGE][PASSED] - Object 'Object Repository/Mobile/Page/Register/Not Registered/Informasi Pribadi/Slider - Edit Photo Scale' has height: '66'

2021-10-29 15:28:09 - [MESSAGE][PASSED] - Swiped from 144,1,317 to 576,1,317

2021-10-29 15:28:09 - [MESSAGE][PASSED] - scroll.scroll.scrollLeftToRight is PASSED

2021-10-29 15:28:09 - [TEST_STEP][PASSED] - tap(findTestObject("Object Repository/Mobile/Page/Register/Not Registered/Informasi Pribadi/Button - Edit Photo Rotate"), 0): Tapped on element 'Object Repository/Mobile/Page/Register/Not Registered/Informasi Pribadi/Button - Edit Photo Rotate'

2021-10-29 15:28:09 - [MESSAGE][WARNING] - Timeout '0' is invalid. Using default page load timeout: '60'

2021-10-29 15:28:09 - [MESSAGE][PASSED] - Tapped on element 'Object Repository/Mobile/Page/Register/Not Registered/Informasi Pribadi/Button - Edit Photo Rotate'

2021-10-29 15:28:09 - [TEST_STEP][PASSED] - tap(findTestObject("Object Repository/Mobile/Page/Register/Not Registered/Informasi Pribadi/Button - Edit Photo Rotate 90 degree"), 0): Tapped on element 'Object Repository/Mobile/Page/Register/Not Registered/Informasi Pribadi/Button - Edit Photo Rotate 90 degree'

2021-10-29 15:28:10 - [MESSAGE][WARNING] - Timeout '0' is invalid. Using default page load timeout: '60'

2021-10-29 15:28:10 - [MESSAGE][PASSED] - Tapped on element 'Object Repository/Mobile/Page/Register/Not Registered/Informasi Pribadi/Button - Edit Photo Rotate 90 degree'

2021-10-29 15:28:10 - [TEST_STEP][PASSED] - tap(findTestObject("Object Repository/Mobile/Page/Register/Not Registered/Informasi Pribadi/Button - Edit Photo Reset Rotation"), 0): Tapped on element 'Object Repository/Mobile/Page/Register/Not Registered/Informasi Pribadi/Button - Edit Photo Reset Rotation'

2021-10-29 15:28:11 - [MESSAGE][WARNING] - Timeout '0' is invalid. Using default page load timeout: '60'

2021-10-29 15:28:12 - [MESSAGE][PASSED] - Tapped on element 'Object Repository/Mobile/Page/Register/Not Registered/Informasi Pribadi/Button - Edit Photo Reset Rotation'

2021-10-29 15:28:12 - [TEST_STEP][PASSED] - scroll.scroll.scrollLeftToRight(findTestObject("Object Repository/Mobile/Page/Register/Not Registered/Informasi Pribadi/Slider - Edit Photo Rotate")): scroll.scroll.scrollLeftToRight is PASSED

2021-10-29 15:28:12 - [MESSAGE][WARNING] - Timeout '0' is invalid. Using default page load timeout: '60'

2021-10-29 15:28:12 - [MESSAGE][PASSED] - Object 'Object Repository/Mobile/Page/Register/Not Registered/Informasi Pribadi/Slider - Edit Photo Rotate' has left position '88'

2021-10-29 15:28:12 - [MESSAGE][WARNING] - Timeout '0' is invalid. Using default page load timeout: '60'

2021-10-29 15:28:12 - [MESSAGE][PASSED] - Object 'Object Repository/Mobile/Page/Register/Not Registered/Informasi Pribadi/Slider - Edit Photo Rotate' has top position '1,284'

2021-10-29 15:28:12 - [MESSAGE][WARNING] - Timeout '0' is invalid. Using default page load timeout: '60'

2021-10-29 15:28:12 - [MESSAGE][PASSED] - Object 'Object Repository/Mobile/Page/Register/Not Registered/Informasi Pribadi/Slider - Edit Photo Rotate' has width: '544'

2021-10-29 15:28:12 - [MESSAGE][WARNING] - Timeout '0' is invalid. Using default page load timeout: '60'

2021-10-29 15:28:13 - [MESSAGE][PASSED] - Object 'Object Repository/Mobile/Page/Register/Not Registered/Informasi Pribadi/Slider - Edit Photo Rotate' has height: '66'

2021-10-29 15:28:14 - [MESSAGE][PASSED] - Swiped from 196,1,317 to 523,1,317

2021-10-29 15:28:14 - [MESSAGE][PASSED] - scroll.scroll.scrollLeftToRight is PASSED

2021-10-29 15:28:14 - [TEST_STEP][PASSED] - tap(findTestObject("Object Repository/Mobile/Page/Register/Not Registered/Informasi Pribadi/Button - Edit Photo Confirm"), 0): Tapped on element 'Object Repository/Mobile/Page/Register/Not Registered/Informasi Pribadi/Button - Edit Photo Confirm'

2021-10-29 15:28:14 - [MESSAGE][WARNING] - Timeout '0' is invalid. Using default page load timeout: '60'

2021-10-29 15:28:14 - [MESSAGE][PASSED] - Tapped on element 'Object Repository/Mobile/Page/Register/Not Registered/Informasi Pribadi/Button - Edit Photo Confirm'

2021-10-29 15:28:14 - [TEST_STEP][PASSED] - delay(2): Delayed 2 second(s)

2021-10-29 15:28:16 - [MESSAGE][PASSED] - Delayed 2 second(s)

2021-10-29 15:28:16 - [TEST_STEP][PASSED] - hideKeyboard(): Keyboard is hidden

2021-10-29 15:28:24 - [MESSAGE][PASSED] - Keyboard is hidden

2021-10-29 15:28:24 - [TEST_STEP][PASSED] - delay(1): Delayed 1 second(s)

2021-10-29 15:28:25 - [MESSAGE][PASSED] - Delayed 1 second(s)

2021-10-29 15:28:25 - [TEST_STEP][PASSED] - scroll.scroll.scrollToBottomOpenKeyboard(): scroll.scroll.scrollToBottomOpenKeyboard is PASSED

2021-10-29 15:28:25 - [MESSAGE][PASSED] - Current device physical height is 1423

2021-10-29 15:28:25 - [MESSAGE][PASSED] - Current device physical width is 720

2021-10-29 15:28:26 - [MESSAGE][PASSED] - Swiped from 360,853 to 360,284

2021-10-29 15:28:26 - [MESSAGE][PASSED] - scroll.scroll.scrollToBottomOpenKeyboard is PASSED

2021-10-29 15:28:26 - [TEST_STEP][PASSED] - tap(findTestObject("Object Repository/Mobile/Page/Register/Not Registered/Informasi Pribadi/Button - Icon Face with KTP"), 0): Tapped on element 'Object Repository/Mobile/Page/Register/Not Registered/Informasi Pribadi/Button - Icon Face with KTP'

2021-10-29 15:28:26 - [MESSAGE][WARNING] - Timeout '0' is invalid. Using default page load timeout: '60'

2021-10-29 15:28:28 - [MESSAGE][PASSED] - Tapped on element 'Object Repository/Mobile/Page/Register/Not Registered/Informasi Pribadi/Button - Icon Face with KTP'

2021-10-29 15:28:28 - [TEST_STEP][PASSED] - permission = verifyElementExist(findTestObject("Object Repository/Mobile/Page/Register/Not Registered/Informasi Pribadi/Permission - Only this time"), 1, OPTIONAL): Element 'Object Repository/Mobile/Page/Register/Not Registered/Informasi Pribadi/Permission - Only this time' not found

2021-10-29 15:28:31 - [MESSAGE][WARNING] - Element 'Object Repository/Mobile/Page/Register/Not Registered/Informasi Pribadi/Permission - Only this time' not found
[[ATTACHMENT|C:\\Users\\Owner\\Documents\\kerjaan\\KatalonProject\\qa-katalon-maxfund\\Reports\\20211029_145503\\Register\\20211029_145503\\1635496109261.png]]

2021-10-29 15:28:31 - [TEST_STEP][PASSED] - if (permission): null

2021-10-29 15:28:31 - [TEST_STEP][PASSED] - permission = verifyElementExist(findTestObject("Object Repository/Mobile/Page/Register/Not Registered/Informasi Pribadi/Permission - Only this time"), 1, OPTIONAL): Element 'Object Repository/Mobile/Page/Register/Not Registered/Informasi Pribadi/Permission - Only this time' not found

2021-10-29 15:28:34 - [MESSAGE][WARNING] - Element 'Object Repository/Mobile/Page/Register/Not Registered/Informasi Pribadi/Permission - Only this time' not found
[[ATTACHMENT|C:\\Users\\Owner\\Documents\\kerjaan\\KatalonProject\\qa-katalon-maxfund\\Reports\\20211029_145503\\Register\\20211029_145503\\1635496112300.png]]

2021-10-29 15:28:34 - [TEST_STEP][PASSED] - if (permission): null

2021-10-29 15:28:34 - [TEST_STEP][PASSED] - tap(findTestObject("Object Repository/Mobile/Page/Register/Not Registered/Informasi Pribadi/Button - Capture Face with KTP"), 0): Tapped on element 'Object Repository/Mobile/Page/Register/Not Registered/Informasi Pribadi/Button - Capture Face with KTP'

2021-10-29 15:28:34 - [MESSAGE][WARNING] - Timeout '0' is invalid. Using default page load timeout: '60'

2021-10-29 15:28:36 - [MESSAGE][PASSED] - Tapped on element 'Object Repository/Mobile/Page/Register/Not Registered/Informasi Pribadi/Button - Capture Face with KTP'

2021-10-29 15:28:36 - [TEST_STEP][PASSED] - delay(2): Delayed 2 second(s)

2021-10-29 15:28:38 - [MESSAGE][PASSED] - Delayed 2 second(s)

2021-10-29 15:28:38 - [TEST_STEP][PASSED] - hideKeyboard(): Keyboard is hidden

2021-10-29 15:28:45 - [MESSAGE][PASSED] - Keyboard is hidden

2021-10-29 15:28:45 - [TEST_STEP][PASSED] - delay(1): Delayed 1 second(s)

2021-10-29 15:28:46 - [MESSAGE][PASSED] - Delayed 1 second(s)

2021-10-29 15:28:46 - [TEST_STEP][PASSED] - scroll.scroll.scrollToBottomOpenKeyboard(): scroll.scroll.scrollToBottomOpenKeyboard is PASSED

2021-10-29 15:28:46 - [MESSAGE][PASSED] - Current device physical height is 1423

2021-10-29 15:28:46 - [MESSAGE][PASSED] - Current device physical width is 720

2021-10-29 15:28:47 - [MESSAGE][PASSED] - Swiped from 360,853 to 360,284

2021-10-29 15:28:47 - [MESSAGE][PASSED] - scroll.scroll.scrollToBottomOpenKeyboard is PASSED

2021-10-29 15:28:47 - [TEST_STEP][PASSED] - tap(findTestObject("Object Repository/Mobile/Page/Register/Not Registered/Informasi Pribadi/Radio Button - Low Risk"), 0): Tapped on element 'Object Repository/Mobile/Page/Register/Not Registered/Informasi Pribadi/Radio Button - Low Risk'

2021-10-29 15:28:47 - [MESSAGE][WARNING] - Timeout '0' is invalid. Using default page load timeout: '60'

2021-10-29 15:28:48 - [MESSAGE][PASSED] - Tapped on element 'Object Repository/Mobile/Page/Register/Not Registered/Informasi Pribadi/Radio Button - Low Risk'

2021-10-29 15:28:48 - [TEST_STEP][PASSED] - delay(1): Delayed 1 second(s)

2021-10-29 15:28:49 - [MESSAGE][PASSED] - Delayed 1 second(s)

2021-10-29 15:28:49 - [TEST_STEP][PASSED] - tap(findTestObject("Object Repository/Mobile/Page/Register/Not Registered/Informasi Pribadi/Radio Button - Medium Risk"), 0): Tapped on element 'Object Repository/Mobile/Page/Register/Not Registered/Informasi Pribadi/Radio Button - Medium Risk'

2021-10-29 15:28:49 - [MESSAGE][WARNING] - Timeout '0' is invalid. Using default page load timeout: '60'

2021-10-29 15:28:50 - [MESSAGE][PASSED] - Tapped on element 'Object Repository/Mobile/Page/Register/Not Registered/Informasi Pribadi/Radio Button - Medium Risk'

2021-10-29 15:28:50 - [TEST_STEP][PASSED] - delay(1): Delayed 1 second(s)

2021-10-29 15:28:51 - [MESSAGE][PASSED] - Delayed 1 second(s)

2021-10-29 15:28:51 - [TEST_STEP][PASSED] - tap(findTestObject("Object Repository/Mobile/Page/Register/Not Registered/Informasi Pribadi/Radio Button - High Risk"), 0): Tapped on element 'Object Repository/Mobile/Page/Register/Not Registered/Informasi Pribadi/Radio Button - High Risk'

2021-10-29 15:28:51 - [MESSAGE][WARNING] - Timeout '0' is invalid. Using default page load timeout: '60'

2021-10-29 15:28:51 - [MESSAGE][PASSED] - Tapped on element 'Object Repository/Mobile/Page/Register/Not Registered/Informasi Pribadi/Radio Button - High Risk'

2021-10-29 15:28:51 - [TEST_STEP][PASSED] - delay(1): Delayed 1 second(s)

2021-10-29 15:28:52 - [MESSAGE][PASSED] - Delayed 1 second(s)

2021-10-29 15:28:52 - [TEST_STEP][PASSED] - tap(findTestObject("Object Repository/Mobile/Page/Register/Not Registered/Informasi Pribadi/Button - Next"), 0): Tapped on element 'Object Repository/Mobile/Page/Register/Not Registered/Informasi Pribadi/Button - Next'

2021-10-29 15:28:52 - [MESSAGE][WARNING] - Timeout '0' is invalid. Using default page load timeout: '60'

2021-10-29 15:28:53 - [MESSAGE][PASSED] - Tapped on element 'Object Repository/Mobile/Page/Register/Not Registered/Informasi Pribadi/Button - Next'

2021-10-29 15:28:53 - [TEST_STEP][PASSED] - delay(1): Delayed 1 second(s)

2021-10-29 15:28:54 - [MESSAGE][PASSED] - Delayed 1 second(s)

2021-10-29 15:28:54 - [TEST_STEP][PASSED] - tapAndHold(findTestObject("Mobile/Page/Register/Not Registered/Akun Bank/Dropdown - Bank"), 1, 0): Tapped and held on element 'Object Repository/Mobile/Page/Register/Not Registered/Akun Bank/Dropdown - Bank' with duration 1

2021-10-29 15:28:54 - [MESSAGE][WARNING] - Timeout '0' is invalid. Using default page load timeout: '60'

2021-10-29 15:28:57 - [MESSAGE][PASSED] - Tapped and held on element 'Object Repository/Mobile/Page/Register/Not Registered/Akun Bank/Dropdown - Bank' with duration 1

2021-10-29 15:28:57 - [TEST_STEP][PASSED] - tap(findTestObject("Mobile/Page/Register/Not Registered/Akun Bank/Edit Text - Search Bank"), 0): Tapped on element 'Object Repository/Mobile/Page/Register/Not Registered/Akun Bank/Edit Text - Search Bank'

2021-10-29 15:28:57 - [MESSAGE][WARNING] - Timeout '0' is invalid. Using default page load timeout: '60'

2021-10-29 15:29:00 - [MESSAGE][PASSED] - Tapped on element 'Object Repository/Mobile/Page/Register/Not Registered/Akun Bank/Edit Text - Search Bank'

2021-10-29 15:29:00 - [TEST_STEP][PASSED] - setText(findTestObject("Mobile/Page/Register/Not Registered/Akun Bank/Edit Text - Search Bank"), "citibank", 0): Text 'citibank' has been set to element 'Object Repository/Mobile/Page/Register/Not Registered/Akun Bank/Edit Text - Search Bank'

2021-10-29 15:29:00 - [MESSAGE][WARNING] - Timeout '0' is invalid. Using default page load timeout: '60'

2021-10-29 15:29:01 - [MESSAGE][PASSED] - Text 'citibank' has been set to element 'Object Repository/Mobile/Page/Register/Not Registered/Akun Bank/Edit Text - Search Bank'

2021-10-29 15:29:01 - [TEST_STEP][PASSED] - driver = getDriver(): null

2021-10-29 15:29:01 - [TEST_STEP][PASSED] - driver.pressKeyCode(ENTER): null

2021-10-29 15:29:01 - [TEST_STEP][PASSED] - tap(findTestObject("Object Repository/Mobile/Page/Register/Not Registered/Akun Bank/Item - Top Search Bank"), 0): Tapped on element 'Object Repository/Mobile/Page/Register/Not Registered/Akun Bank/Item - Top Search Bank'

2021-10-29 15:29:01 - [MESSAGE][WARNING] - Timeout '0' is invalid. Using default page load timeout: '60'

2021-10-29 15:29:03 - [MESSAGE][PASSED] - Tapped on element 'Object Repository/Mobile/Page/Register/Not Registered/Akun Bank/Item - Top Search Bank'

2021-10-29 15:29:03 - [TEST_STEP][PASSED] - delay(1): Delayed 1 second(s)

2021-10-29 15:29:04 - [MESSAGE][PASSED] - Delayed 1 second(s)

2021-10-29 15:29:04 - [TEST_STEP][PASSED] - tapAndHold(findTestObject("Mobile/Page/Register/Not Registered/Akun Bank/Dropdown - Country"), 1, 0): Tapped and held on element 'Object Repository/Mobile/Page/Register/Not Registered/Akun Bank/Dropdown - Country' with duration 1

2021-10-29 15:29:04 - [MESSAGE][WARNING] - Timeout '0' is invalid. Using default page load timeout: '60'

2021-10-29 15:29:07 - [MESSAGE][PASSED] - Tapped and held on element 'Object Repository/Mobile/Page/Register/Not Registered/Akun Bank/Dropdown - Country' with duration 1

2021-10-29 15:29:07 - [TEST_STEP][PASSED] - tap(findTestObject("Object Repository/Mobile/Page/Register/Not Registered/Akun Bank/Dropdown - Country Option Indonesia"), 0): Tapped on element 'Object Repository/Mobile/Page/Register/Not Registered/Akun Bank/Dropdown - Country Option Indonesia'

2021-10-29 15:29:07 - [MESSAGE][WARNING] - Timeout '0' is invalid. Using default page load timeout: '60'

2021-10-29 15:29:08 - [MESSAGE][PASSED] - Tapped on element 'Object Repository/Mobile/Page/Register/Not Registered/Akun Bank/Dropdown - Country Option Indonesia'

2021-10-29 15:29:08 - [TEST_STEP][PASSED] - delay(1): Delayed 1 second(s)

2021-10-29 15:29:09 - [MESSAGE][PASSED] - Delayed 1 second(s)

2021-10-29 15:29:09 - [TEST_STEP][PASSED] - tap(findTestObject("Object Repository/Mobile/Page/Register/Not Registered/Akun Bank/Edit Text - Branch"), 0): Tapped on element 'Object Repository/Mobile/Page/Register/Not Registered/Akun Bank/Edit Text - Branch'

2021-10-29 15:29:09 - [MESSAGE][WARNING] - Timeout '0' is invalid. Using default page load timeout: '60'

2021-10-29 15:29:10 - [MESSAGE][PASSED] - Tapped on element 'Object Repository/Mobile/Page/Register/Not Registered/Akun Bank/Edit Text - Branch'

2021-10-29 15:29:10 - [TEST_STEP][PASSED] - setText(findTestObject("Object Repository/Mobile/Page/Register/Not Registered/Akun Bank/Edit Text - Branch"), branch, 0): Text 'qa cabang' has been set to element 'Object Repository/Mobile/Page/Register/Not Registered/Akun Bank/Edit Text - Branch'

2021-10-29 15:29:10 - [MESSAGE][WARNING] - Timeout '0' is invalid. Using default page load timeout: '60'

2021-10-29 15:29:11 - [MESSAGE][PASSED] - Text 'qa cabang' has been set to element 'Object Repository/Mobile/Page/Register/Not Registered/Akun Bank/Edit Text - Branch'

2021-10-29 15:29:11 - [TEST_STEP][PASSED] - hideKeyboard(): Keyboard is hidden

2021-10-29 15:29:15 - [MESSAGE][PASSED] - Keyboard is hidden

2021-10-29 15:29:15 - [TEST_STEP][PASSED] - delay(1): Delayed 1 second(s)

2021-10-29 15:29:16 - [MESSAGE][PASSED] - Delayed 1 second(s)

2021-10-29 15:29:16 - [TEST_STEP][PASSED] - tap(findTestObject("Object Repository/Mobile/Page/Register/Not Registered/Akun Bank/Edit Text - Account Number"), 0): Tapped on element 'Object Repository/Mobile/Page/Register/Not Registered/Akun Bank/Edit Text - Account Number'

2021-10-29 15:29:16 - [MESSAGE][WARNING] - Timeout '0' is invalid. Using default page load timeout: '60'

2021-10-29 15:29:16 - [MESSAGE][PASSED] - Tapped on element 'Object Repository/Mobile/Page/Register/Not Registered/Akun Bank/Edit Text - Account Number'

2021-10-29 15:29:16 - [TEST_STEP][PASSED] - setText(findTestObject("Object Repository/Mobile/Page/Register/Not Registered/Akun Bank/Edit Text - Account Number"), accountnumber, 0): Text '222444222444' has been set to element 'Object Repository/Mobile/Page/Register/Not Registered/Akun Bank/Edit Text - Account Number'

2021-10-29 15:29:16 - [MESSAGE][WARNING] - Timeout '0' is invalid. Using default page load timeout: '60'

2021-10-29 15:29:18 - [MESSAGE][PASSED] - Text '222444222444' has been set to element 'Object Repository/Mobile/Page/Register/Not Registered/Akun Bank/Edit Text - Account Number'

2021-10-29 15:29:18 - [TEST_STEP][PASSED] - hideKeyboard(): Keyboard is hidden

2021-10-29 15:29:24 - [MESSAGE][PASSED] - Keyboard is hidden

2021-10-29 15:29:24 - [TEST_STEP][PASSED] - delay(1): Delayed 1 second(s)

2021-10-29 15:29:25 - [MESSAGE][PASSED] - Delayed 1 second(s)

2021-10-29 15:29:25 - [TEST_STEP][PASSED] - if (negativeStatus == "ownerNameNotMatch"): null

2021-10-29 15:29:25 - [TEST_STEP][PASSED] - nameowner = "aa": null

2021-10-29 15:29:25 - [TEST_STEP][PASSED] - tap(findTestObject("Object Repository/Mobile/Page/Register/Not Registered/Akun Bank/Edit Text - Name Owner"), 0): Tapped on element 'Object Repository/Mobile/Page/Register/Not Registered/Akun Bank/Edit Text - Name Owner'

2021-10-29 15:29:25 - [MESSAGE][WARNING] - Timeout '0' is invalid. Using default page load timeout: '60'

2021-10-29 15:29:25 - [MESSAGE][PASSED] - Tapped on element 'Object Repository/Mobile/Page/Register/Not Registered/Akun Bank/Edit Text - Name Owner'

2021-10-29 15:29:25 - [TEST_STEP][PASSED] - setText(findTestObject("Object Repository/Mobile/Page/Register/Not Registered/Akun Bank/Edit Text - Name Owner"), nameowner, 0): Text 'aa' has been set to element 'Object Repository/Mobile/Page/Register/Not Registered/Akun Bank/Edit Text - Name Owner'

2021-10-29 15:29:25 - [MESSAGE][WARNING] - Timeout '0' is invalid. Using default page load timeout: '60'

2021-10-29 15:29:27 - [MESSAGE][PASSED] - Text 'aa' has been set to element 'Object Repository/Mobile/Page/Register/Not Registered/Akun Bank/Edit Text - Name Owner'

2021-10-29 15:29:27 - [TEST_STEP][PASSED] - hideKeyboard(): Keyboard is hidden

2021-10-29 15:29:30 - [MESSAGE][PASSED] - Keyboard is hidden

2021-10-29 15:29:30 - [TEST_STEP][PASSED] - delay(1): Delayed 1 second(s)

2021-10-29 15:29:31 - [MESSAGE][PASSED] - Delayed 1 second(s)

2021-10-29 15:29:31 - [TEST_STEP][PASSED] - passwordnumber = verifyElementExist(findTestObject("Object Repository/Mobile/Page/Register/Not Registered/Akun Bank/Alert - Account name has to be similar"), 1, OPTIONAL): Element 'Object Repository/Mobile/Page/Register/Not Registered/Akun Bank/Alert - Account name has to be similar' is exist

2021-10-29 15:29:31 - [MESSAGE][PASSED] - Element 'Object Repository/Mobile/Page/Register/Not Registered/Akun Bank/Alert - Account name has to be similar' is exist

2021-10-29 15:29:31 - [TEST_STEP][PASSED] - return null: null

2021-10-29 15:29:31 - [MESSAGE][PASSED] - Call Test Case 'Test Cases/Mobile/Page/Register/Register' successfully

2021-10-29 15:29:31 - [TEST_STEP][PASSED] - callTestCase(findTestCase("Mobile/Page/Run App/Terminate App"), [:], STOP_ON_FAILURE): Call Test Case 'Test Cases/Mobile/Page/Run App/Terminate App' successfully

2021-10-29 15:29:31 - [TEST_CASE][PASSED] - Test Cases/Mobile/Page/Run App/Terminate App: Test Cases/Mobile/Page/Run App/Terminate App

2021-10-29 15:29:31 - [TEST_STEP][PASSED] - startApp.OpenApp.terminateApplication(): startApp.OpenApp.terminateApplication is PASSED

2021-10-29 15:29:34 - [MESSAGE][PASSED] - Delayed 3 second(s)

2021-10-29 15:29:35 - [MESSAGE][PASSED] - Current device physical width is 720

2021-10-29 15:29:35 - [MESSAGE][PASSED] - Current device physical height is 1423

2021-10-29 15:29:36 - [MESSAGE][PASSED] - Swiped from 360,853 to 360,142

2021-10-29 15:29:37 - [MESSAGE][PASSED] - Delayed 1 second(s)

2021-10-29 15:29:38 - [MESSAGE][PASSED] - Swiped from 360,853 to 360,142

2021-10-29 15:29:41 - [MESSAGE][PASSED] - Delayed 3 second(s)

2021-10-29 15:29:41 - [MESSAGE][PASSED] - startApp.OpenApp.terminateApplication is PASSED

2021-10-29 15:29:41 - [MESSAGE][PASSED] - Call Test Case 'Test Cases/Mobile/Page/Run App/Terminate App' successfully]]></system-out>
         <system-err><![CDATA[]]></system-err>
      </testcase>
      <testcase name="Test Cases/Mobile/Scenario/Register/014 - Registrasi dengan Akun Terdaftar (Akun Invalid)" time="46.138" classname="Test Cases/Mobile/Scenario/Register/014 - Registrasi dengan Akun Terdaftar (Akun Invalid)" status="FAILED">
         <failure type="FAILED" message="Test Cases/Mobile/Scenario/Register/014 - Registrasi dengan Akun Terdaftar (Akun Invalid) FAILED.
Reason:
com.kms.katalon.core.exception.StepFailedException: Call Test Case 'Test Cases/Mobile/Page/Register/Register' failed
	at com.kms.katalon.core.keyword.builtin.CallTestCaseKeyword$_callTestCase_closure1.doCall(CallTestCaseKeyword.groovy:63)
	at com.kms.katalon.core.keyword.builtin.CallTestCaseKeyword$_callTestCase_closure1.call(CallTestCaseKeyword.groovy)
	at com.kms.katalon.core.keyword.internal.KeywordMain.runKeyword(KeywordMain.groovy:68)
	at com.kms.katalon.core.keyword.builtin.CallTestCaseKeyword.callTestCase(CallTestCaseKeyword.groovy:81)
	at com.kms.katalon.core.keyword.builtin.CallTestCaseKeyword.execute(CallTestCaseKeyword.groovy:44)
	at com.kms.katalon.core.keyword.internal.KeywordExecutor.executeKeywordForPlatform(KeywordExecutor.groovy:73)
	at com.kms.katalon.core.keyword.BuiltinKeywords.callTestCase(BuiltinKeywords.groovy:334)
	at 014 - Registrasi dengan Akun Terdaftar (Akun Invalid).run(014 - Registrasi dengan Akun Terdaftar (Akun Invalid):22)
	at com.kms.katalon.core.main.ScriptEngine.run(ScriptEngine.java:194)
	at com.kms.katalon.core.main.ScriptEngine.runScriptAsRawText(ScriptEngine.java:119)
	at com.kms.katalon.core.main.TestCaseExecutor.runScript(TestCaseExecutor.java:398)
	at com.kms.katalon.core.main.TestCaseExecutor.doExecute(TestCaseExecutor.java:389)
	at com.kms.katalon.core.main.TestCaseExecutor.processExecutionPhase(TestCaseExecutor.java:368)
	at com.kms.katalon.core.main.TestCaseExecutor.accessMainPhase(TestCaseExecutor.java:360)
	at com.kms.katalon.core.main.TestCaseExecutor.execute(TestCaseExecutor.java:255)
	at com.kms.katalon.core.main.TestSuiteExecutor.accessTestCaseMainPhase(TestSuiteExecutor.java:203)
	at com.kms.katalon.core.main.TestSuiteExecutor.accessTestSuiteMainPhase(TestSuiteExecutor.java:152)
	at com.kms.katalon.core.main.TestSuiteExecutor.execute(TestSuiteExecutor.java:95)
	at com.kms.katalon.core.main.TestCaseMain.startTestSuite(TestCaseMain.java:157)
	at com.kms.katalon.core.main.TestCaseMain$startTestSuite$0.call(Unknown Source)
	at TempTestSuite1635494103205.run(TempTestSuite1635494103205.groovy:39)
Caused by: com.kms.katalon.core.exception.StepFailedException: Element 'Object Repository/Mobile/Page/Register/Already Registered/Alert - Invalid Account' not found
	at com.kms.katalon.core.keyword.internal.KeywordMain.stepFailed(KeywordMain.groovy:50)
	at com.kms.katalon.core.mobile.keyword.internal.MobileKeywordMain.stepFailed(MobileKeywordMain.groovy:40)
	at com.kms.katalon.core.mobile.keyword.builtin.VerifyElementExistKeyword$_verifyElementExist_closure1.doCall(VerifyElementExistKeyword.groovy:77)
	at com.kms.katalon.core.mobile.keyword.builtin.VerifyElementExistKeyword$_verifyElementExist_closure1.call(VerifyElementExistKeyword.groovy)
	at com.kms.katalon.core.mobile.keyword.internal.MobileKeywordMain.runKeyword(MobileKeywordMain.groovy:21)
	at com.kms.katalon.core.mobile.keyword.builtin.VerifyElementExistKeyword.verifyElementExist(VerifyElementExistKeyword.groovy:80)
	at com.kms.katalon.core.mobile.keyword.builtin.VerifyElementExistKeyword.execute(VerifyElementExistKeyword.groovy:64)
	at com.kms.katalon.core.keyword.internal.KeywordExecutor.executeKeywordForPlatform(KeywordExecutor.groovy:73)
	at com.kms.katalon.core.mobile.keyword.MobileBuiltInKeywords.verifyElementExist(MobileBuiltInKeywords.groovy:1586)
	at com.kms.katalon.core.mobile.keyword.MobileBuiltInKeywords$verifyElementExist$13.call(Unknown Source)
	at RegisterMethod.registered(Script1634005272891.groovy:60)
	at RegisterMethod$registered.call(Unknown Source)
	at Register.run(Register:37)
	at com.kms.katalon.core.main.ScriptEngine.run(ScriptEngine.java:194)
	at com.kms.katalon.core.main.ScriptEngine.runScriptAsRawText(ScriptEngine.java:119)
	at com.kms.katalon.core.main.TestCaseExecutor.runScript(TestCaseExecutor.java:398)
	at com.kms.katalon.core.main.TestCaseExecutor.doExecute(TestCaseExecutor.java:389)
	at com.kms.katalon.core.main.TestCaseExecutor.processExecutionPhase(TestCaseExecutor.java:368)
	at com.kms.katalon.core.main.TestCaseExecutor.accessMainPhase(TestCaseExecutor.java:360)
	at com.kms.katalon.core.main.TestCaseExecutor.execute(TestCaseExecutor.java:255)
	at com.kms.katalon.core.main.TestCaseMain.runTestCase(TestCaseMain.java:114)
	at com.kms.katalon.core.keyword.builtin.CallTestCaseKeyword$_callTestCase_closure1.doCall(CallTestCaseKeyword.groovy:59)
	... 20 more
"/>
         <system-out><![CDATA[2021-10-29 15:29:41 - [TEST_CASE][FAILED] - Test Cases/Mobile/Scenario/Register/014 - Registrasi dengan Akun Terdaftar (Akun Invalid): Test Cases/Mobile/Scenario/Register/014 - Registrasi dengan Akun Terdaftar (Akun Invalid) FAILED.
Reason:
com.kms.katalon.core.exception.StepFailedException: Call Test Case 'Test Cases/Mobile/Page/Register/Register' failed
	at com.kms.katalon.core.keyword.builtin.CallTestCaseKeyword$_callTestCase_closure1.doCall(CallTestCaseKeyword.groovy:63)
	at com.kms.katalon.core.keyword.builtin.CallTestCaseKeyword$_callTestCase_closure1.call(CallTestCaseKeyword.groovy)
	at com.kms.katalon.core.keyword.internal.KeywordMain.runKeyword(KeywordMain.groovy:68)
	at com.kms.katalon.core.keyword.builtin.CallTestCaseKeyword.callTestCase(CallTestCaseKeyword.groovy:81)
	at com.kms.katalon.core.keyword.builtin.CallTestCaseKeyword.execute(CallTestCaseKeyword.groovy:44)
	at com.kms.katalon.core.keyword.internal.KeywordExecutor.executeKeywordForPlatform(KeywordExecutor.groovy:73)
	at com.kms.katalon.core.keyword.BuiltinKeywords.callTestCase(BuiltinKeywords.groovy:334)
	at 014 - Registrasi dengan Akun Terdaftar (Akun Invalid).run(014 - Registrasi dengan Akun Terdaftar (Akun Invalid):22)
	at com.kms.katalon.core.main.ScriptEngine.run(ScriptEngine.java:194)
	at com.kms.katalon.core.main.ScriptEngine.runScriptAsRawText(ScriptEngine.java:119)
	at com.kms.katalon.core.main.TestCaseExecutor.runScript(TestCaseExecutor.java:398)
	at com.kms.katalon.core.main.TestCaseExecutor.doExecute(TestCaseExecutor.java:389)
	at com.kms.katalon.core.main.TestCaseExecutor.processExecutionPhase(TestCaseExecutor.java:368)
	at com.kms.katalon.core.main.TestCaseExecutor.accessMainPhase(TestCaseExecutor.java:360)
	at com.kms.katalon.core.main.TestCaseExecutor.execute(TestCaseExecutor.java:255)
	at com.kms.katalon.core.main.TestSuiteExecutor.accessTestCaseMainPhase(TestSuiteExecutor.java:203)
	at com.kms.katalon.core.main.TestSuiteExecutor.accessTestSuiteMainPhase(TestSuiteExecutor.java:152)
	at com.kms.katalon.core.main.TestSuiteExecutor.execute(TestSuiteExecutor.java:95)
	at com.kms.katalon.core.main.TestCaseMain.startTestSuite(TestCaseMain.java:157)
	at com.kms.katalon.core.main.TestCaseMain$startTestSuite$0.call(Unknown Source)
	at TempTestSuite1635494103205.run(TempTestSuite1635494103205.groovy:39)
Caused by: com.kms.katalon.core.exception.StepFailedException: Element 'Object Repository/Mobile/Page/Register/Already Registered/Alert - Invalid Account' not found
	at com.kms.katalon.core.keyword.internal.KeywordMain.stepFailed(KeywordMain.groovy:50)
	at com.kms.katalon.core.mobile.keyword.internal.MobileKeywordMain.stepFailed(MobileKeywordMain.groovy:40)
	at com.kms.katalon.core.mobile.keyword.builtin.VerifyElementExistKeyword$_verifyElementExist_closure1.doCall(VerifyElementExistKeyword.groovy:77)
	at com.kms.katalon.core.mobile.keyword.builtin.VerifyElementExistKeyword$_verifyElementExist_closure1.call(VerifyElementExistKeyword.groovy)
	at com.kms.katalon.core.mobile.keyword.internal.MobileKeywordMain.runKeyword(MobileKeywordMain.groovy:21)
	at com.kms.katalon.core.mobile.keyword.builtin.VerifyElementExistKeyword.verifyElementExist(VerifyElementExistKeyword.groovy:80)
	at com.kms.katalon.core.mobile.keyword.builtin.VerifyElementExistKeyword.execute(VerifyElementExistKeyword.groovy:64)
	at com.kms.katalon.core.keyword.internal.KeywordExecutor.executeKeywordForPlatform(KeywordExecutor.groovy:73)
	at com.kms.katalon.core.mobile.keyword.MobileBuiltInKeywords.verifyElementExist(MobileBuiltInKeywords.groovy:1586)
	at com.kms.katalon.core.mobile.keyword.MobileBuiltInKeywords$verifyElementExist$13.call(Unknown Source)
	at RegisterMethod.registered(Script1634005272891.groovy:60)
	at RegisterMethod$registered.call(Unknown Source)
	at Register.run(Register:37)
	at com.kms.katalon.core.main.ScriptEngine.run(ScriptEngine.java:194)
	at com.kms.katalon.core.main.ScriptEngine.runScriptAsRawText(ScriptEngine.java:119)
	at com.kms.katalon.core.main.TestCaseExecutor.runScript(TestCaseExecutor.java:398)
	at com.kms.katalon.core.main.TestCaseExecutor.doExecute(TestCaseExecutor.java:389)
	at com.kms.katalon.core.main.TestCaseExecutor.processExecutionPhase(TestCaseExecutor.java:368)
	at com.kms.katalon.core.main.TestCaseExecutor.accessMainPhase(TestCaseExecutor.java:360)
	at com.kms.katalon.core.main.TestCaseExecutor.execute(TestCaseExecutor.java:255)
	at com.kms.katalon.core.main.TestCaseMain.runTestCase(TestCaseMain.java:114)
	at com.kms.katalon.core.keyword.builtin.CallTestCaseKeyword$_callTestCase_closure1.doCall(CallTestCaseKeyword.groovy:59)
	... 20 more


2021-10-29 15:29:42 - [TEST_STEP][PASSED] - callTestCase(findTestCase("Mobile/Page/Run App/Run App byID"), [:], STOP_ON_FAILURE): Call Test Case 'Test Cases/Mobile/Page/Run App/Run App byID' successfully

2021-10-29 15:29:42 - [TEST_CASE][PASSED] - Test Cases/Mobile/Page/Run App/Run App byID: Test Cases/Mobile/Page/Run App/Run App byID

2021-10-29 15:29:42 - [TEST_STEP][PASSED] - startApp.OpenApp.startApplication("com.mirae.maxfund"): startApp.OpenApp.startApplication is PASSED

2021-10-29 15:29:55 - [MESSAGE][PASSED] - Starting app with application ID: 'com.mirae.maxfund'

2021-10-29 15:29:55 - [MESSAGE][PASSED] - startApp.OpenApp.startApplication is PASSED

2021-10-29 15:29:55 - [MESSAGE][PASSED] - Call Test Case 'Test Cases/Mobile/Page/Run App/Run App byID' successfully

2021-10-29 15:29:55 - [TEST_STEP][FAILED] - callTestCase(findTestCase("Mobile/Page/Register/Register"), ["isFromLoginPage":0, "isRegistered":1, "negativeStatus":"invalidAccount"], STOP_ON_FAILURE): Unable to call Test Case 'Test Cases/Mobile/Page/Register/Register' (Root cause: com.kms.katalon.core.exception.StepFailedException: Call Test Case 'Test Cases/Mobile/Page/Register/Register' failed
	at com.kms.katalon.core.keyword.builtin.CallTestCaseKeyword$_callTestCase_closure1.doCall(CallTestCaseKeyword.groovy:63)
	at com.kms.katalon.core.keyword.builtin.CallTestCaseKeyword$_callTestCase_closure1.call(CallTestCaseKeyword.groovy)
	at com.kms.katalon.core.keyword.internal.KeywordMain.runKeyword(KeywordMain.groovy:68)
	at com.kms.katalon.core.keyword.builtin.CallTestCaseKeyword.callTestCase(CallTestCaseKeyword.groovy:81)
	at com.kms.katalon.core.keyword.builtin.CallTestCaseKeyword.execute(CallTestCaseKeyword.groovy:44)
	at com.kms.katalon.core.keyword.internal.KeywordExecutor.executeKeywordForPlatform(KeywordExecutor.groovy:73)
	at com.kms.katalon.core.keyword.BuiltinKeywords.callTestCase(BuiltinKeywords.groovy:334)
	at 014 - Registrasi dengan Akun Terdaftar (Akun Invalid).run(014 - Registrasi dengan Akun Terdaftar (Akun Invalid):22)
	at com.kms.katalon.core.main.ScriptEngine.run(ScriptEngine.java:194)
	at com.kms.katalon.core.main.ScriptEngine.runScriptAsRawText(ScriptEngine.java:119)
	at com.kms.katalon.core.main.TestCaseExecutor.runScript(TestCaseExecutor.java:398)
	at com.kms.katalon.core.main.TestCaseExecutor.doExecute(TestCaseExecutor.java:389)
	at com.kms.katalon.core.main.TestCaseExecutor.processExecutionPhase(TestCaseExecutor.java:368)
	at com.kms.katalon.core.main.TestCaseExecutor.accessMainPhase(TestCaseExecutor.java:360)
	at com.kms.katalon.core.main.TestCaseExecutor.execute(TestCaseExecutor.java:255)
	at com.kms.katalon.core.main.TestSuiteExecutor.accessTestCaseMainPhase(TestSuiteExecutor.java:203)
	at com.kms.katalon.core.main.TestSuiteExecutor.accessTestSuiteMainPhase(TestSuiteExecutor.java:152)
	at com.kms.katalon.core.main.TestSuiteExecutor.execute(TestSuiteExecutor.java:95)
	at com.kms.katalon.core.main.TestCaseMain.startTestSuite(TestCaseMain.java:157)
	at com.kms.katalon.core.main.TestCaseMain$startTestSuite$0.call(Unknown Source)
	at TempTestSuite1635494103205.run(TempTestSuite1635494103205.groovy:39)
Caused by: com.kms.katalon.core.exception.StepFailedException: Element 'Object Repository/Mobile/Page/Register/Already Registered/Alert - Invalid Account' not found
	at com.kms.katalon.core.keyword.internal.KeywordMain.stepFailed(KeywordMain.groovy:50)
	at com.kms.katalon.core.mobile.keyword.internal.MobileKeywordMain.stepFailed(MobileKeywordMain.groovy:40)
	at com.kms.katalon.core.mobile.keyword.builtin.VerifyElementExistKeyword$_verifyElementExist_closure1.doCall(VerifyElementExistKeyword.groovy:77)
	at com.kms.katalon.core.mobile.keyword.builtin.VerifyElementExistKeyword$_verifyElementExist_closure1.call(VerifyElementExistKeyword.groovy)
	at com.kms.katalon.core.mobile.keyword.internal.MobileKeywordMain.runKeyword(MobileKeywordMain.groovy:21)
	at com.kms.katalon.core.mobile.keyword.builtin.VerifyElementExistKeyword.verifyElementExist(VerifyElementExistKeyword.groovy:80)
	at com.kms.katalon.core.mobile.keyword.builtin.VerifyElementExistKeyword.execute(VerifyElementExistKeyword.groovy:64)
	at com.kms.katalon.core.keyword.internal.KeywordExecutor.executeKeywordForPlatform(KeywordExecutor.groovy:73)
	at com.kms.katalon.core.mobile.keyword.MobileBuiltInKeywords.verifyElementExist(MobileBuiltInKeywords.groovy:1586)
	at com.kms.katalon.core.mobile.keyword.MobileBuiltInKeywords$verifyElementExist$13.call(Unknown Source)
	at RegisterMethod.registered(Script1634005272891.groovy:60)
	at RegisterMethod$registered.call(Unknown Source)
	at Register.run(Register:37)
	at com.kms.katalon.core.main.ScriptEngine.run(ScriptEngine.java:194)
	at com.kms.katalon.core.main.ScriptEngine.runScriptAsRawText(ScriptEngine.java:119)
	at com.kms.katalon.core.main.TestCaseExecutor.runScript(TestCaseExecutor.java:398)
	at com.kms.katalon.core.main.TestCaseExecutor.doExecute(TestCaseExecutor.java:389)
	at com.kms.katalon.core.main.TestCaseExecutor.processExecutionPhase(TestCaseExecutor.java:368)
	at com.kms.katalon.core.main.TestCaseExecutor.accessMainPhase(TestCaseExecutor.java:360)
	at com.kms.katalon.core.main.TestCaseExecutor.execute(TestCaseExecutor.java:255)
	at com.kms.katalon.core.main.TestCaseMain.runTestCase(TestCaseMain.java:114)
	at com.kms.katalon.core.keyword.builtin.CallTestCaseKeyword$_callTestCase_closure1.doCall(CallTestCaseKeyword.groovy:59)
	... 20 more
)

2021-10-29 15:29:55 - [TEST_CASE][FAILED] - Test Cases/Mobile/Page/Register/Register: Test Cases/Mobile/Page/Register/Register FAILED.
Reason:
com.kms.katalon.core.exception.StepFailedException: Element 'Object Repository/Mobile/Page/Register/Already Registered/Alert - Invalid Account' not found
	at com.kms.katalon.core.keyword.internal.KeywordMain.stepFailed(KeywordMain.groovy:50)
	at com.kms.katalon.core.mobile.keyword.internal.MobileKeywordMain.stepFailed(MobileKeywordMain.groovy:40)
	at com.kms.katalon.core.mobile.keyword.builtin.VerifyElementExistKeyword$_verifyElementExist_closure1.doCall(VerifyElementExistKeyword.groovy:77)
	at com.kms.katalon.core.mobile.keyword.builtin.VerifyElementExistKeyword$_verifyElementExist_closure1.call(VerifyElementExistKeyword.groovy)
	at com.kms.katalon.core.mobile.keyword.internal.MobileKeywordMain.runKeyword(MobileKeywordMain.groovy:21)
	at com.kms.katalon.core.mobile.keyword.builtin.VerifyElementExistKeyword.verifyElementExist(VerifyElementExistKeyword.groovy:80)
	at com.kms.katalon.core.mobile.keyword.builtin.VerifyElementExistKeyword.execute(VerifyElementExistKeyword.groovy:64)
	at com.kms.katalon.core.keyword.internal.KeywordExecutor.executeKeywordForPlatform(KeywordExecutor.groovy:73)
	at com.kms.katalon.core.mobile.keyword.MobileBuiltInKeywords.verifyElementExist(MobileBuiltInKeywords.groovy:1586)
	at com.kms.katalon.core.mobile.keyword.MobileBuiltInKeywords$verifyElementExist$13.call(Unknown Source)
	at RegisterMethod.registered(Script1634005272891.groovy:60)
	at RegisterMethod$registered.call(Unknown Source)
	at Register.run(Register:37)
	at com.kms.katalon.core.main.ScriptEngine.run(ScriptEngine.java:194)
	at com.kms.katalon.core.main.ScriptEngine.runScriptAsRawText(ScriptEngine.java:119)
	at com.kms.katalon.core.main.TestCaseExecutor.runScript(TestCaseExecutor.java:398)
	at com.kms.katalon.core.main.TestCaseExecutor.doExecute(TestCaseExecutor.java:389)
	at com.kms.katalon.core.main.TestCaseExecutor.processExecutionPhase(TestCaseExecutor.java:368)
	at com.kms.katalon.core.main.TestCaseExecutor.accessMainPhase(TestCaseExecutor.java:360)
	at com.kms.katalon.core.main.TestCaseExecutor.execute(TestCaseExecutor.java:255)
	at com.kms.katalon.core.main.TestCaseMain.runTestCase(TestCaseMain.java:114)
	at com.kms.katalon.core.keyword.builtin.CallTestCaseKeyword$_callTestCase_closure1.doCall(CallTestCaseKeyword.groovy:59)
	at com.kms.katalon.core.keyword.builtin.CallTestCaseKeyword$_callTestCase_closure1.call(CallTestCaseKeyword.groovy)
	at com.kms.katalon.core.keyword.internal.KeywordMain.runKeyword(KeywordMain.groovy:68)
	at com.kms.katalon.core.keyword.builtin.CallTestCaseKeyword.callTestCase(CallTestCaseKeyword.groovy:81)
	at com.kms.katalon.core.keyword.builtin.CallTestCaseKeyword.execute(CallTestCaseKeyword.groovy:44)
	at com.kms.katalon.core.keyword.internal.KeywordExecutor.executeKeywordForPlatform(KeywordExecutor.groovy:73)
	at com.kms.katalon.core.keyword.BuiltinKeywords.callTestCase(BuiltinKeywords.groovy:334)
	at 014 - Registrasi dengan Akun Terdaftar (Akun Invalid).run(014 - Registrasi dengan Akun Terdaftar (Akun Invalid):22)
	at com.kms.katalon.core.main.ScriptEngine.run(ScriptEngine.java:194)
	at com.kms.katalon.core.main.ScriptEngine.runScriptAsRawText(ScriptEngine.java:119)
	at com.kms.katalon.core.main.TestCaseExecutor.runScript(TestCaseExecutor.java:398)
	at com.kms.katalon.core.main.TestCaseExecutor.doExecute(TestCaseExecutor.java:389)
	at com.kms.katalon.core.main.TestCaseExecutor.processExecutionPhase(TestCaseExecutor.java:368)
	at com.kms.katalon.core.main.TestCaseExecutor.accessMainPhase(TestCaseExecutor.java:360)
	at com.kms.katalon.core.main.TestCaseExecutor.execute(TestCaseExecutor.java:255)
	at com.kms.katalon.core.main.TestSuiteExecutor.accessTestCaseMainPhase(TestSuiteExecutor.java:203)
	at com.kms.katalon.core.main.TestSuiteExecutor.accessTestSuiteMainPhase(TestSuiteExecutor.java:152)
	at com.kms.katalon.core.main.TestSuiteExecutor.execute(TestSuiteExecutor.java:95)
	at com.kms.katalon.core.main.TestCaseMain.startTestSuite(TestCaseMain.java:157)
	at com.kms.katalon.core.main.TestCaseMain$startTestSuite$0.call(Unknown Source)
	at TempTestSuite1635494103205.run(TempTestSuite1635494103205.groovy:39)


2021-10-29 15:29:55 - [TEST_STEP][PASSED] - delay(5): Delayed 5 second(s)

2021-10-29 15:30:00 - [MESSAGE][PASSED] - Delayed 5 second(s)

2021-10-29 15:30:00 - [TEST_STEP][PASSED] - if (isFromLoginPage == 1): null

2021-10-29 15:30:00 - [TEST_STEP][PASSED] - else: Tapped on element 'Object Repository/Mobile/Page/Dashboard/Button - Register'

2021-10-29 15:30:00 - [TEST_STEP][PASSED] - tap(findTestObject("Object Repository/Mobile/Page/Dashboard/Button - Register"), 0): Tapped on element 'Object Repository/Mobile/Page/Dashboard/Button - Register'

2021-10-29 15:30:00 - [MESSAGE][WARNING] - Timeout '0' is invalid. Using default page load timeout: '60'

2021-10-29 15:30:01 - [MESSAGE][PASSED] - Tapped on element 'Object Repository/Mobile/Page/Dashboard/Button - Register'

2021-10-29 15:30:01 - [TEST_STEP][PASSED] - delay(3): Delayed 3 second(s)

2021-10-29 15:30:04 - [MESSAGE][PASSED] - Delayed 3 second(s)

2021-10-29 15:30:04 - [TEST_STEP][PASSED] - if (isRegistered == 1): null

2021-10-29 15:30:04 - [TEST_STEP][PASSED] - RegisterMethod.registered(negativeStatus): null

2021-10-29 15:30:04 - [TEST_STEP][PASSED] - userid = "irma03": null

2021-10-29 15:30:04 - [TEST_STEP][PASSED] - pass = "Juwita123": null

2021-10-29 15:30:04 - [TEST_STEP][PASSED] - alamat = "bekasi": null

2021-10-29 15:30:04 - [TEST_STEP][PASSED] - kodepos = "17111": null

2021-10-29 15:30:04 - [TEST_STEP][PASSED] - tap(findTestObject("Object Repository/Mobile/Page/Register/Radio Button - Yes already registered"), 0): Tapped on element 'Object Repository/Mobile/Page/Register/Radio Button - Yes already registered'

2021-10-29 15:30:04 - [MESSAGE][WARNING] - Timeout '0' is invalid. Using default page load timeout: '60'

2021-10-29 15:30:05 - [MESSAGE][PASSED] - Tapped on element 'Object Repository/Mobile/Page/Register/Radio Button - Yes already registered'

2021-10-29 15:30:05 - [TEST_STEP][PASSED] - tap(findTestObject("Object Repository/Mobile/Page/Register/Already Registered/Edit Text - User ID"), 0): Tapped on element 'Object Repository/Mobile/Page/Register/Already Registered/Edit Text - User ID'

2021-10-29 15:30:05 - [MESSAGE][WARNING] - Timeout '0' is invalid. Using default page load timeout: '60'

2021-10-29 15:30:05 - [MESSAGE][PASSED] - Tapped on element 'Object Repository/Mobile/Page/Register/Already Registered/Edit Text - User ID'

2021-10-29 15:30:05 - [TEST_STEP][PASSED] - setText(findTestObject("Object Repository/Mobile/Page/Register/Already Registered/Edit Text - User ID"), userid, 0): Text 'irma03' has been set to element 'Object Repository/Mobile/Page/Register/Already Registered/Edit Text - User ID'

2021-10-29 15:30:05 - [MESSAGE][WARNING] - Timeout '0' is invalid. Using default page load timeout: '60'

2021-10-29 15:30:07 - [MESSAGE][PASSED] - Text 'irma03' has been set to element 'Object Repository/Mobile/Page/Register/Already Registered/Edit Text - User ID'

2021-10-29 15:30:07 - [TEST_STEP][PASSED] - hideKeyboard(): Keyboard is hidden

2021-10-29 15:30:15 - [MESSAGE][PASSED] - Keyboard is hidden

2021-10-29 15:30:15 - [TEST_STEP][PASSED] - tap(findTestObject("Object Repository/Mobile/Page/Register/Already Registered/Edit Text - Password"), 0): Tapped on element 'Object Repository/Mobile/Page/Register/Already Registered/Edit Text - Password'

2021-10-29 15:30:16 - [MESSAGE][WARNING] - Timeout '0' is invalid. Using default page load timeout: '60'

2021-10-29 15:30:16 - [MESSAGE][PASSED] - Tapped on element 'Object Repository/Mobile/Page/Register/Already Registered/Edit Text - Password'

2021-10-29 15:30:16 - [TEST_STEP][FAILED] - if (negativeStatus == "invalidAccount"): Failed to check for element 'Object Repository/Mobile/Page/Register/Already Registered/Alert - Invalid Account' exist (Root cause: com.kms.katalon.core.exception.StepFailedException: Element 'Object Repository/Mobile/Page/Register/Already Registered/Alert - Invalid Account' not found
	at com.kms.katalon.core.keyword.internal.KeywordMain.stepFailed(KeywordMain.groovy:50)
	at com.kms.katalon.core.mobile.keyword.internal.MobileKeywordMain.stepFailed(MobileKeywordMain.groovy:40)
	at com.kms.katalon.core.mobile.keyword.builtin.VerifyElementExistKeyword$_verifyElementExist_closure1.doCall(VerifyElementExistKeyword.groovy:77)
	at com.kms.katalon.core.mobile.keyword.builtin.VerifyElementExistKeyword$_verifyElementExist_closure1.call(VerifyElementExistKeyword.groovy)
	at com.kms.katalon.core.mobile.keyword.internal.MobileKeywordMain.runKeyword(MobileKeywordMain.groovy:21)
	at com.kms.katalon.core.mobile.keyword.builtin.VerifyElementExistKeyword.verifyElementExist(VerifyElementExistKeyword.groovy:80)
	at com.kms.katalon.core.mobile.keyword.builtin.VerifyElementExistKeyword.execute(VerifyElementExistKeyword.groovy:64)
	at com.kms.katalon.core.keyword.internal.KeywordExecutor.executeKeywordForPlatform(KeywordExecutor.groovy:73)
	at com.kms.katalon.core.mobile.keyword.MobileBuiltInKeywords.verifyElementExist(MobileBuiltInKeywords.groovy:1586)
	at com.kms.katalon.core.mobile.keyword.MobileBuiltInKeywords$verifyElementExist$13.call(Unknown Source)
	at RegisterMethod.registered(Script1634005272891.groovy:60)
	at RegisterMethod$registered.call(Unknown Source)
	at Register.run(Register:37)
	at com.kms.katalon.core.main.ScriptEngine.run(ScriptEngine.java:194)
	at com.kms.katalon.core.main.ScriptEngine.runScriptAsRawText(ScriptEngine.java:119)
	at com.kms.katalon.core.main.TestCaseExecutor.runScript(TestCaseExecutor.java:398)
	at com.kms.katalon.core.main.TestCaseExecutor.doExecute(TestCaseExecutor.java:389)
	at com.kms.katalon.core.main.TestCaseExecutor.processExecutionPhase(TestCaseExecutor.java:368)
	at com.kms.katalon.core.main.TestCaseExecutor.accessMainPhase(TestCaseExecutor.java:360)
	at com.kms.katalon.core.main.TestCaseExecutor.execute(TestCaseExecutor.java:255)
	at com.kms.katalon.core.main.TestCaseMain.runTestCase(TestCaseMain.java:114)
	at com.kms.katalon.core.keyword.builtin.CallTestCaseKeyword$_callTestCase_closure1.doCall(CallTestCaseKeyword.groovy:59)
	at com.kms.katalon.core.keyword.builtin.CallTestCaseKeyword$_callTestCase_closure1.call(CallTestCaseKeyword.groovy)
	at com.kms.katalon.core.keyword.internal.KeywordMain.runKeyword(KeywordMain.groovy:68)
	at com.kms.katalon.core.keyword.builtin.CallTestCaseKeyword.callTestCase(CallTestCaseKeyword.groovy:81)
	at com.kms.katalon.core.keyword.builtin.CallTestCaseKeyword.execute(CallTestCaseKeyword.groovy:44)
	at com.kms.katalon.core.keyword.internal.KeywordExecutor.executeKeywordForPlatform(KeywordExecutor.groovy:73)
	at com.kms.katalon.core.keyword.BuiltinKeywords.callTestCase(BuiltinKeywords.groovy:334)
	at 014 - Registrasi dengan Akun Terdaftar (Akun Invalid).run(014 - Registrasi dengan Akun Terdaftar (Akun Invalid):22)
	at com.kms.katalon.core.main.ScriptEngine.run(ScriptEngine.java:194)
	at com.kms.katalon.core.main.ScriptEngine.runScriptAsRawText(ScriptEngine.java:119)
	at com.kms.katalon.core.main.TestCaseExecutor.runScript(TestCaseExecutor.java:398)
	at com.kms.katalon.core.main.TestCaseExecutor.doExecute(TestCaseExecutor.java:389)
	at com.kms.katalon.core.main.TestCaseExecutor.processExecutionPhase(TestCaseExecutor.java:368)
	at com.kms.katalon.core.main.TestCaseExecutor.accessMainPhase(TestCaseExecutor.java:360)
	at com.kms.katalon.core.main.TestCaseExecutor.execute(TestCaseExecutor.java:255)
	at com.kms.katalon.core.main.TestSuiteExecutor.accessTestCaseMainPhase(TestSuiteExecutor.java:203)
	at com.kms.katalon.core.main.TestSuiteExecutor.accessTestSuiteMainPhase(TestSuiteExecutor.java:152)
	at com.kms.katalon.core.main.TestSuiteExecutor.execute(TestSuiteExecutor.java:95)
	at com.kms.katalon.core.main.TestCaseMain.startTestSuite(TestCaseMain.java:157)
	at com.kms.katalon.core.main.TestCaseMain$startTestSuite$0.call(Unknown Source)
	at TempTestSuite1635494103205.run(TempTestSuite1635494103205.groovy:39)
)

2021-10-29 15:30:16 - [TEST_STEP][PASSED] - setText(findTestObject("Object Repository/Mobile/Page/Register/Already Registered/Edit Text - Password"), pass + "a", 0): Text 'Juwita123a' has been set to element 'Object Repository/Mobile/Page/Register/Already Registered/Edit Text - Password'

2021-10-29 15:30:16 - [MESSAGE][WARNING] - Timeout '0' is invalid. Using default page load timeout: '60'

2021-10-29 15:30:18 - [MESSAGE][PASSED] - Text 'Juwita123a' has been set to element 'Object Repository/Mobile/Page/Register/Already Registered/Edit Text - Password'

2021-10-29 15:30:18 - [TEST_STEP][PASSED] - hideKeyboard(): Keyboard is hidden

2021-10-29 15:30:24 - [MESSAGE][PASSED] - Keyboard is hidden

2021-10-29 15:30:24 - [TEST_STEP][PASSED] - tap(findTestObject("Object Repository/Mobile/Page/Register/Already Registered/Button - Next"), 0): Tapped on element 'Object Repository/Mobile/Page/Register/Already Registered/Button - Next'

2021-10-29 15:30:24 - [MESSAGE][WARNING] - Timeout '0' is invalid. Using default page load timeout: '60'

2021-10-29 15:30:25 - [MESSAGE][PASSED] - Tapped on element 'Object Repository/Mobile/Page/Register/Already Registered/Button - Next'

2021-10-29 15:30:25 - [TEST_STEP][FAILED] - check = verifyElementExist(findTestObject("Object Repository/Mobile/Page/Register/Already Registered/Alert - Invalid Account"), 1): Failed to check for element 'Object Repository/Mobile/Page/Register/Already Registered/Alert - Invalid Account' exist (Root cause: com.kms.katalon.core.exception.StepFailedException: Element 'Object Repository/Mobile/Page/Register/Already Registered/Alert - Invalid Account' not found
	at com.kms.katalon.core.keyword.internal.KeywordMain.stepFailed(KeywordMain.groovy:50)
	at com.kms.katalon.core.mobile.keyword.internal.MobileKeywordMain.stepFailed(MobileKeywordMain.groovy:40)
	at com.kms.katalon.core.mobile.keyword.builtin.VerifyElementExistKeyword$_verifyElementExist_closure1.doCall(VerifyElementExistKeyword.groovy:77)
	at com.kms.katalon.core.mobile.keyword.builtin.VerifyElementExistKeyword$_verifyElementExist_closure1.call(VerifyElementExistKeyword.groovy)
	at com.kms.katalon.core.mobile.keyword.internal.MobileKeywordMain.runKeyword(MobileKeywordMain.groovy:21)
	at com.kms.katalon.core.mobile.keyword.builtin.VerifyElementExistKeyword.verifyElementExist(VerifyElementExistKeyword.groovy:80)
	at com.kms.katalon.core.mobile.keyword.builtin.VerifyElementExistKeyword.execute(VerifyElementExistKeyword.groovy:64)
	at com.kms.katalon.core.keyword.internal.KeywordExecutor.executeKeywordForPlatform(KeywordExecutor.groovy:73)
	at com.kms.katalon.core.mobile.keyword.MobileBuiltInKeywords.verifyElementExist(MobileBuiltInKeywords.groovy:1586)
	at com.kms.katalon.core.mobile.keyword.MobileBuiltInKeywords$verifyElementExist$13.call(Unknown Source)
	at RegisterMethod.registered(Script1634005272891.groovy:60)
	at RegisterMethod$registered.call(Unknown Source)
	at Register.run(Register:37)
	at com.kms.katalon.core.main.ScriptEngine.run(ScriptEngine.java:194)
	at com.kms.katalon.core.main.ScriptEngine.runScriptAsRawText(ScriptEngine.java:119)
	at com.kms.katalon.core.main.TestCaseExecutor.runScript(TestCaseExecutor.java:398)
	at com.kms.katalon.core.main.TestCaseExecutor.doExecute(TestCaseExecutor.java:389)
	at com.kms.katalon.core.main.TestCaseExecutor.processExecutionPhase(TestCaseExecutor.java:368)
	at com.kms.katalon.core.main.TestCaseExecutor.accessMainPhase(TestCaseExecutor.java:360)
	at com.kms.katalon.core.main.TestCaseExecutor.execute(TestCaseExecutor.java:255)
	at com.kms.katalon.core.main.TestCaseMain.runTestCase(TestCaseMain.java:114)
	at com.kms.katalon.core.keyword.builtin.CallTestCaseKeyword$_callTestCase_closure1.doCall(CallTestCaseKeyword.groovy:59)
	at com.kms.katalon.core.keyword.builtin.CallTestCaseKeyword$_callTestCase_closure1.call(CallTestCaseKeyword.groovy)
	at com.kms.katalon.core.keyword.internal.KeywordMain.runKeyword(KeywordMain.groovy:68)
	at com.kms.katalon.core.keyword.builtin.CallTestCaseKeyword.callTestCase(CallTestCaseKeyword.groovy:81)
	at com.kms.katalon.core.keyword.builtin.CallTestCaseKeyword.execute(CallTestCaseKeyword.groovy:44)
	at com.kms.katalon.core.keyword.internal.KeywordExecutor.executeKeywordForPlatform(KeywordExecutor.groovy:73)
	at com.kms.katalon.core.keyword.BuiltinKeywords.callTestCase(BuiltinKeywords.groovy:334)
	at 014 - Registrasi dengan Akun Terdaftar (Akun Invalid).run(014 - Registrasi dengan Akun Terdaftar (Akun Invalid):22)
	at com.kms.katalon.core.main.ScriptEngine.run(ScriptEngine.java:194)
	at com.kms.katalon.core.main.ScriptEngine.runScriptAsRawText(ScriptEngine.java:119)
	at com.kms.katalon.core.main.TestCaseExecutor.runScript(TestCaseExecutor.java:398)
	at com.kms.katalon.core.main.TestCaseExecutor.doExecute(TestCaseExecutor.java:389)
	at com.kms.katalon.core.main.TestCaseExecutor.processExecutionPhase(TestCaseExecutor.java:368)
	at com.kms.katalon.core.main.TestCaseExecutor.accessMainPhase(TestCaseExecutor.java:360)
	at com.kms.katalon.core.main.TestCaseExecutor.execute(TestCaseExecutor.java:255)
	at com.kms.katalon.core.main.TestSuiteExecutor.accessTestCaseMainPhase(TestSuiteExecutor.java:203)
	at com.kms.katalon.core.main.TestSuiteExecutor.accessTestSuiteMainPhase(TestSuiteExecutor.java:152)
	at com.kms.katalon.core.main.TestSuiteExecutor.execute(TestSuiteExecutor.java:95)
	at com.kms.katalon.core.main.TestCaseMain.startTestSuite(TestCaseMain.java:157)
	at com.kms.katalon.core.main.TestCaseMain$startTestSuite$0.call(Unknown Source)
	at TempTestSuite1635494103205.run(TempTestSuite1635494103205.groovy:39)
)

2021-10-29 15:30:27 - [MESSAGE][FAILED] - Element 'Object Repository/Mobile/Page/Register/Already Registered/Alert - Invalid Account' not found
[[ATTACHMENT|C:\\Users\\Owner\\Documents\\kerjaan\\KatalonProject\\qa-katalon-maxfund\\Reports\\20211029_145503\\Register\\20211029_145503\\1635496226639.png]]

2021-10-29 15:30:27 - [MESSAGE][FAILED] - Failed to check for element 'Object Repository/Mobile/Page/Register/Already Registered/Alert - Invalid Account' exist (Root cause: com.kms.katalon.core.exception.StepFailedException: Element 'Object Repository/Mobile/Page/Register/Already Registered/Alert - Invalid Account' not found
	at com.kms.katalon.core.keyword.internal.KeywordMain.stepFailed(KeywordMain.groovy:50)
	at com.kms.katalon.core.mobile.keyword.internal.MobileKeywordMain.stepFailed(MobileKeywordMain.groovy:40)
	at com.kms.katalon.core.mobile.keyword.builtin.VerifyElementExistKeyword$_verifyElementExist_closure1.doCall(VerifyElementExistKeyword.groovy:77)
	at com.kms.katalon.core.mobile.keyword.builtin.VerifyElementExistKeyword$_verifyElementExist_closure1.call(VerifyElementExistKeyword.groovy)
	at com.kms.katalon.core.mobile.keyword.internal.MobileKeywordMain.runKeyword(MobileKeywordMain.groovy:21)
	at com.kms.katalon.core.mobile.keyword.builtin.VerifyElementExistKeyword.verifyElementExist(VerifyElementExistKeyword.groovy:80)
	at com.kms.katalon.core.mobile.keyword.builtin.VerifyElementExistKeyword.execute(VerifyElementExistKeyword.groovy:64)
	at com.kms.katalon.core.keyword.internal.KeywordExecutor.executeKeywordForPlatform(KeywordExecutor.groovy:73)
	at com.kms.katalon.core.mobile.keyword.MobileBuiltInKeywords.verifyElementExist(MobileBuiltInKeywords.groovy:1586)
	at com.kms.katalon.core.mobile.keyword.MobileBuiltInKeywords$verifyElementExist$13.call(Unknown Source)
	at RegisterMethod.registered(Script1634005272891.groovy:60)
	at RegisterMethod$registered.call(Unknown Source)
	at Register.run(Register:37)
	at com.kms.katalon.core.main.ScriptEngine.run(ScriptEngine.java:194)
	at com.kms.katalon.core.main.ScriptEngine.runScriptAsRawText(ScriptEngine.java:119)
	at com.kms.katalon.core.main.TestCaseExecutor.runScript(TestCaseExecutor.java:398)
	at com.kms.katalon.core.main.TestCaseExecutor.doExecute(TestCaseExecutor.java:389)
	at com.kms.katalon.core.main.TestCaseExecutor.processExecutionPhase(TestCaseExecutor.java:368)
	at com.kms.katalon.core.main.TestCaseExecutor.accessMainPhase(TestCaseExecutor.java:360)
	at com.kms.katalon.core.main.TestCaseExecutor.execute(TestCaseExecutor.java:255)
	at com.kms.katalon.core.main.TestCaseMain.runTestCase(TestCaseMain.java:114)
	at com.kms.katalon.core.keyword.builtin.CallTestCaseKeyword$_callTestCase_closure1.doCall(CallTestCaseKeyword.groovy:59)
	at com.kms.katalon.core.keyword.builtin.CallTestCaseKeyword$_callTestCase_closure1.call(CallTestCaseKeyword.groovy)
	at com.kms.katalon.core.keyword.internal.KeywordMain.runKeyword(KeywordMain.groovy:68)
	at com.kms.katalon.core.keyword.builtin.CallTestCaseKeyword.callTestCase(CallTestCaseKeyword.groovy:81)
	at com.kms.katalon.core.keyword.builtin.CallTestCaseKeyword.execute(CallTestCaseKeyword.groovy:44)
	at com.kms.katalon.core.keyword.internal.KeywordExecutor.executeKeywordForPlatform(KeywordExecutor.groovy:73)
	at com.kms.katalon.core.keyword.BuiltinKeywords.callTestCase(BuiltinKeywords.groovy:334)
	at 014 - Registrasi dengan Akun Terdaftar (Akun Invalid).run(014 - Registrasi dengan Akun Terdaftar (Akun Invalid):22)
	at com.kms.katalon.core.main.ScriptEngine.run(ScriptEngine.java:194)
	at com.kms.katalon.core.main.ScriptEngine.runScriptAsRawText(ScriptEngine.java:119)
	at com.kms.katalon.core.main.TestCaseExecutor.runScript(TestCaseExecutor.java:398)
	at com.kms.katalon.core.main.TestCaseExecutor.doExecute(TestCaseExecutor.java:389)
	at com.kms.katalon.core.main.TestCaseExecutor.processExecutionPhase(TestCaseExecutor.java:368)
	at com.kms.katalon.core.main.TestCaseExecutor.accessMainPhase(TestCaseExecutor.java:360)
	at com.kms.katalon.core.main.TestCaseExecutor.execute(TestCaseExecutor.java:255)
	at com.kms.katalon.core.main.TestSuiteExecutor.accessTestCaseMainPhase(TestSuiteExecutor.java:203)
	at com.kms.katalon.core.main.TestSuiteExecutor.accessTestSuiteMainPhase(TestSuiteExecutor.java:152)
	at com.kms.katalon.core.main.TestSuiteExecutor.execute(TestSuiteExecutor.java:95)
	at com.kms.katalon.core.main.TestCaseMain.startTestSuite(TestCaseMain.java:157)
	at com.kms.katalon.core.main.TestCaseMain$startTestSuite$0.call(Unknown Source)
	at TempTestSuite1635494103205.run(TempTestSuite1635494103205.groovy:39)
)
[[ATTACHMENT|C:\\Users\\Owner\\Documents\\kerjaan\\KatalonProject\\qa-katalon-maxfund\\Reports\\20211029_145503\\Register\\20211029_145503\\1635496227312.png]]

2021-10-29 15:30:27 - [MESSAGE][FAILED] - Unable to call Test Case 'Test Cases/Mobile/Page/Register/Register' (Root cause: com.kms.katalon.core.exception.StepFailedException: Call Test Case 'Test Cases/Mobile/Page/Register/Register' failed
	at com.kms.katalon.core.keyword.builtin.CallTestCaseKeyword$_callTestCase_closure1.doCall(CallTestCaseKeyword.groovy:63)
	at com.kms.katalon.core.keyword.builtin.CallTestCaseKeyword$_callTestCase_closure1.call(CallTestCaseKeyword.groovy)
	at com.kms.katalon.core.keyword.internal.KeywordMain.runKeyword(KeywordMain.groovy:68)
	at com.kms.katalon.core.keyword.builtin.CallTestCaseKeyword.callTestCase(CallTestCaseKeyword.groovy:81)
	at com.kms.katalon.core.keyword.builtin.CallTestCaseKeyword.execute(CallTestCaseKeyword.groovy:44)
	at com.kms.katalon.core.keyword.internal.KeywordExecutor.executeKeywordForPlatform(KeywordExecutor.groovy:73)
	at com.kms.katalon.core.keyword.BuiltinKeywords.callTestCase(BuiltinKeywords.groovy:334)
	at 014 - Registrasi dengan Akun Terdaftar (Akun Invalid).run(014 - Registrasi dengan Akun Terdaftar (Akun Invalid):22)
	at com.kms.katalon.core.main.ScriptEngine.run(ScriptEngine.java:194)
	at com.kms.katalon.core.main.ScriptEngine.runScriptAsRawText(ScriptEngine.java:119)
	at com.kms.katalon.core.main.TestCaseExecutor.runScript(TestCaseExecutor.java:398)
	at com.kms.katalon.core.main.TestCaseExecutor.doExecute(TestCaseExecutor.java:389)
	at com.kms.katalon.core.main.TestCaseExecutor.processExecutionPhase(TestCaseExecutor.java:368)
	at com.kms.katalon.core.main.TestCaseExecutor.accessMainPhase(TestCaseExecutor.java:360)
	at com.kms.katalon.core.main.TestCaseExecutor.execute(TestCaseExecutor.java:255)
	at com.kms.katalon.core.main.TestSuiteExecutor.accessTestCaseMainPhase(TestSuiteExecutor.java:203)
	at com.kms.katalon.core.main.TestSuiteExecutor.accessTestSuiteMainPhase(TestSuiteExecutor.java:152)
	at com.kms.katalon.core.main.TestSuiteExecutor.execute(TestSuiteExecutor.java:95)
	at com.kms.katalon.core.main.TestCaseMain.startTestSuite(TestCaseMain.java:157)
	at com.kms.katalon.core.main.TestCaseMain$startTestSuite$0.call(Unknown Source)
	at TempTestSuite1635494103205.run(TempTestSuite1635494103205.groovy:39)
Caused by: com.kms.katalon.core.exception.StepFailedException: Element 'Object Repository/Mobile/Page/Register/Already Registered/Alert - Invalid Account' not found
	at com.kms.katalon.core.keyword.internal.KeywordMain.stepFailed(KeywordMain.groovy:50)
	at com.kms.katalon.core.mobile.keyword.internal.MobileKeywordMain.stepFailed(MobileKeywordMain.groovy:40)
	at com.kms.katalon.core.mobile.keyword.builtin.VerifyElementExistKeyword$_verifyElementExist_closure1.doCall(VerifyElementExistKeyword.groovy:77)
	at com.kms.katalon.core.mobile.keyword.builtin.VerifyElementExistKeyword$_verifyElementExist_closure1.call(VerifyElementExistKeyword.groovy)
	at com.kms.katalon.core.mobile.keyword.internal.MobileKeywordMain.runKeyword(MobileKeywordMain.groovy:21)
	at com.kms.katalon.core.mobile.keyword.builtin.VerifyElementExistKeyword.verifyElementExist(VerifyElementExistKeyword.groovy:80)
	at com.kms.katalon.core.mobile.keyword.builtin.VerifyElementExistKeyword.execute(VerifyElementExistKeyword.groovy:64)
	at com.kms.katalon.core.keyword.internal.KeywordExecutor.executeKeywordForPlatform(KeywordExecutor.groovy:73)
	at com.kms.katalon.core.mobile.keyword.MobileBuiltInKeywords.verifyElementExist(MobileBuiltInKeywords.groovy:1586)
	at com.kms.katalon.core.mobile.keyword.MobileBuiltInKeywords$verifyElementExist$13.call(Unknown Source)
	at RegisterMethod.registered(Script1634005272891.groovy:60)
	at RegisterMethod$registered.call(Unknown Source)
	at Register.run(Register:37)
	at com.kms.katalon.core.main.ScriptEngine.run(ScriptEngine.java:194)
	at com.kms.katalon.core.main.ScriptEngine.runScriptAsRawText(ScriptEngine.java:119)
	at com.kms.katalon.core.main.TestCaseExecutor.runScript(TestCaseExecutor.java:398)
	at com.kms.katalon.core.main.TestCaseExecutor.doExecute(TestCaseExecutor.java:389)
	at com.kms.katalon.core.main.TestCaseExecutor.processExecutionPhase(TestCaseExecutor.java:368)
	at com.kms.katalon.core.main.TestCaseExecutor.accessMainPhase(TestCaseExecutor.java:360)
	at com.kms.katalon.core.main.TestCaseExecutor.execute(TestCaseExecutor.java:255)
	at com.kms.katalon.core.main.TestCaseMain.runTestCase(TestCaseMain.java:114)
	at com.kms.katalon.core.keyword.builtin.CallTestCaseKeyword$_callTestCase_closure1.doCall(CallTestCaseKeyword.groovy:59)
	... 20 more
)]]></system-out>
         <system-err><![CDATA[2021-10-29 15:29:41 - [TEST_CASE][FAILED] - Test Cases/Mobile/Scenario/Register/014 - Registrasi dengan Akun Terdaftar (Akun Invalid): Test Cases/Mobile/Scenario/Register/014 - Registrasi dengan Akun Terdaftar (Akun Invalid) FAILED.
Reason:
com.kms.katalon.core.exception.StepFailedException: Call Test Case 'Test Cases/Mobile/Page/Register/Register' failed
	at com.kms.katalon.core.keyword.builtin.CallTestCaseKeyword$_callTestCase_closure1.doCall(CallTestCaseKeyword.groovy:63)
	at com.kms.katalon.core.keyword.builtin.CallTestCaseKeyword$_callTestCase_closure1.call(CallTestCaseKeyword.groovy)
	at com.kms.katalon.core.keyword.internal.KeywordMain.runKeyword(KeywordMain.groovy:68)
	at com.kms.katalon.core.keyword.builtin.CallTestCaseKeyword.callTestCase(CallTestCaseKeyword.groovy:81)
	at com.kms.katalon.core.keyword.builtin.CallTestCaseKeyword.execute(CallTestCaseKeyword.groovy:44)
	at com.kms.katalon.core.keyword.internal.KeywordExecutor.executeKeywordForPlatform(KeywordExecutor.groovy:73)
	at com.kms.katalon.core.keyword.BuiltinKeywords.callTestCase(BuiltinKeywords.groovy:334)
	at 014 - Registrasi dengan Akun Terdaftar (Akun Invalid).run(014 - Registrasi dengan Akun Terdaftar (Akun Invalid):22)
	at com.kms.katalon.core.main.ScriptEngine.run(ScriptEngine.java:194)
	at com.kms.katalon.core.main.ScriptEngine.runScriptAsRawText(ScriptEngine.java:119)
	at com.kms.katalon.core.main.TestCaseExecutor.runScript(TestCaseExecutor.java:398)
	at com.kms.katalon.core.main.TestCaseExecutor.doExecute(TestCaseExecutor.java:389)
	at com.kms.katalon.core.main.TestCaseExecutor.processExecutionPhase(TestCaseExecutor.java:368)
	at com.kms.katalon.core.main.TestCaseExecutor.accessMainPhase(TestCaseExecutor.java:360)
	at com.kms.katalon.core.main.TestCaseExecutor.execute(TestCaseExecutor.java:255)
	at com.kms.katalon.core.main.TestSuiteExecutor.accessTestCaseMainPhase(TestSuiteExecutor.java:203)
	at com.kms.katalon.core.main.TestSuiteExecutor.accessTestSuiteMainPhase(TestSuiteExecutor.java:152)
	at com.kms.katalon.core.main.TestSuiteExecutor.execute(TestSuiteExecutor.java:95)
	at com.kms.katalon.core.main.TestCaseMain.startTestSuite(TestCaseMain.java:157)
	at com.kms.katalon.core.main.TestCaseMain$startTestSuite$0.call(Unknown Source)
	at TempTestSuite1635494103205.run(TempTestSuite1635494103205.groovy:39)
Caused by: com.kms.katalon.core.exception.StepFailedException: Element 'Object Repository/Mobile/Page/Register/Already Registered/Alert - Invalid Account' not found
	at com.kms.katalon.core.keyword.internal.KeywordMain.stepFailed(KeywordMain.groovy:50)
	at com.kms.katalon.core.mobile.keyword.internal.MobileKeywordMain.stepFailed(MobileKeywordMain.groovy:40)
	at com.kms.katalon.core.mobile.keyword.builtin.VerifyElementExistKeyword$_verifyElementExist_closure1.doCall(VerifyElementExistKeyword.groovy:77)
	at com.kms.katalon.core.mobile.keyword.builtin.VerifyElementExistKeyword$_verifyElementExist_closure1.call(VerifyElementExistKeyword.groovy)
	at com.kms.katalon.core.mobile.keyword.internal.MobileKeywordMain.runKeyword(MobileKeywordMain.groovy:21)
	at com.kms.katalon.core.mobile.keyword.builtin.VerifyElementExistKeyword.verifyElementExist(VerifyElementExistKeyword.groovy:80)
	at com.kms.katalon.core.mobile.keyword.builtin.VerifyElementExistKeyword.execute(VerifyElementExistKeyword.groovy:64)
	at com.kms.katalon.core.keyword.internal.KeywordExecutor.executeKeywordForPlatform(KeywordExecutor.groovy:73)
	at com.kms.katalon.core.mobile.keyword.MobileBuiltInKeywords.verifyElementExist(MobileBuiltInKeywords.groovy:1586)
	at com.kms.katalon.core.mobile.keyword.MobileBuiltInKeywords$verifyElementExist$13.call(Unknown Source)
	at RegisterMethod.registered(Script1634005272891.groovy:60)
	at RegisterMethod$registered.call(Unknown Source)
	at Register.run(Register:37)
	at com.kms.katalon.core.main.ScriptEngine.run(ScriptEngine.java:194)
	at com.kms.katalon.core.main.ScriptEngine.runScriptAsRawText(ScriptEngine.java:119)
	at com.kms.katalon.core.main.TestCaseExecutor.runScript(TestCaseExecutor.java:398)
	at com.kms.katalon.core.main.TestCaseExecutor.doExecute(TestCaseExecutor.java:389)
	at com.kms.katalon.core.main.TestCaseExecutor.processExecutionPhase(TestCaseExecutor.java:368)
	at com.kms.katalon.core.main.TestCaseExecutor.accessMainPhase(TestCaseExecutor.java:360)
	at com.kms.katalon.core.main.TestCaseExecutor.execute(TestCaseExecutor.java:255)
	at com.kms.katalon.core.main.TestCaseMain.runTestCase(TestCaseMain.java:114)
	at com.kms.katalon.core.keyword.builtin.CallTestCaseKeyword$_callTestCase_closure1.doCall(CallTestCaseKeyword.groovy:59)
	... 20 more]]></system-err>
      </testcase>
      <system-out><![CDATA[2021-10-29 14:55:12 - [TEST_SUITE][FAILED] - Register: Test Cases/Mobile/Scenario/Register/014 - Registrasi dengan Akun Terdaftar (Akun Invalid) FAILED.
Reason:
com.kms.katalon.core.exception.StepFailedException: Call Test Case 'Test Cases/Mobile/Page/Register/Register' failed
	at com.kms.katalon.core.keyword.builtin.CallTestCaseKeyword$_callTestCase_closure1.doCall(CallTestCaseKeyword.groovy:63)
	at com.kms.katalon.core.keyword.builtin.CallTestCaseKeyword$_callTestCase_closure1.call(CallTestCaseKeyword.groovy)
	at com.kms.katalon.core.keyword.internal.KeywordMain.runKeyword(KeywordMain.groovy:68)
	at com.kms.katalon.core.keyword.builtin.CallTestCaseKeyword.callTestCase(CallTestCaseKeyword.groovy:81)
	at com.kms.katalon.core.keyword.builtin.CallTestCaseKeyword.execute(CallTestCaseKeyword.groovy:44)
	at com.kms.katalon.core.keyword.internal.KeywordExecutor.executeKeywordForPlatform(KeywordExecutor.groovy:73)
	at com.kms.katalon.core.keyword.BuiltinKeywords.callTestCase(BuiltinKeywords.groovy:334)
	at 014 - Registrasi dengan Akun Terdaftar (Akun Invalid).run(014 - Registrasi dengan Akun Terdaftar (Akun Invalid):22)
	at com.kms.katalon.core.main.ScriptEngine.run(ScriptEngine.java:194)
	at com.kms.katalon.core.main.ScriptEngine.runScriptAsRawText(ScriptEngine.java:119)
	at com.kms.katalon.core.main.TestCaseExecutor.runScript(TestCaseExecutor.java:398)
	at com.kms.katalon.core.main.TestCaseExecutor.doExecute(TestCaseExecutor.java:389)
	at com.kms.katalon.core.main.TestCaseExecutor.processExecutionPhase(TestCaseExecutor.java:368)
	at com.kms.katalon.core.main.TestCaseExecutor.accessMainPhase(TestCaseExecutor.java:360)
	at com.kms.katalon.core.main.TestCaseExecutor.execute(TestCaseExecutor.java:255)
	at com.kms.katalon.core.main.TestSuiteExecutor.accessTestCaseMainPhase(TestSuiteExecutor.java:203)
	at com.kms.katalon.core.main.TestSuiteExecutor.accessTestSuiteMainPhase(TestSuiteExecutor.java:152)
	at com.kms.katalon.core.main.TestSuiteExecutor.execute(TestSuiteExecutor.java:95)
	at com.kms.katalon.core.main.TestCaseMain.startTestSuite(TestCaseMain.java:157)
	at com.kms.katalon.core.main.TestCaseMain$startTestSuite$0.call(Unknown Source)
	at TempTestSuite1635494103205.run(TempTestSuite1635494103205.groovy:39)
Caused by: com.kms.katalon.core.exception.StepFailedException: Element 'Object Repository/Mobile/Page/Register/Already Registered/Alert - Invalid Account' not found
	at com.kms.katalon.core.keyword.internal.KeywordMain.stepFailed(KeywordMain.groovy:50)
	at com.kms.katalon.core.mobile.keyword.internal.MobileKeywordMain.stepFailed(MobileKeywordMain.groovy:40)
	at com.kms.katalon.core.mobile.keyword.builtin.VerifyElementExistKeyword$_verifyElementExist_closure1.doCall(VerifyElementExistKeyword.groovy:77)
	at com.kms.katalon.core.mobile.keyword.builtin.VerifyElementExistKeyword$_verifyElementExist_closure1.call(VerifyElementExistKeyword.groovy)
	at com.kms.katalon.core.mobile.keyword.internal.MobileKeywordMain.runKeyword(MobileKeywordMain.groovy:21)
	at com.kms.katalon.core.mobile.keyword.builtin.VerifyElementExistKeyword.verifyElementExist(VerifyElementExistKeyword.groovy:80)
	at com.kms.katalon.core.mobile.keyword.builtin.VerifyElementExistKeyword.execute(VerifyElementExistKeyword.groovy:64)
	at com.kms.katalon.core.keyword.internal.KeywordExecutor.executeKeywordForPlatform(KeywordExecutor.groovy:73)
	at com.kms.katalon.core.mobile.keyword.MobileBuiltInKeywords.verifyElementExist(MobileBuiltInKeywords.groovy:1586)
	at com.kms.katalon.core.mobile.keyword.MobileBuiltInKeywords$verifyElementExist$13.call(Unknown Source)
	at RegisterMethod.registered(Script1634005272891.groovy:60)
	at RegisterMethod$registered.call(Unknown Source)
	at Register.run(Register:37)
	at com.kms.katalon.core.main.ScriptEngine.run(ScriptEngine.java:194)
	at com.kms.katalon.core.main.ScriptEngine.runScriptAsRawText(ScriptEngine.java:119)
	at com.kms.katalon.core.main.TestCaseExecutor.runScript(TestCaseExecutor.java:398)
	at com.kms.katalon.core.main.TestCaseExecutor.doExecute(TestCaseExecutor.java:389)
	at com.kms.katalon.core.main.TestCaseExecutor.processExecutionPhase(TestCaseExecutor.java:368)
	at com.kms.katalon.core.main.TestCaseExecutor.accessMainPhase(TestCaseExecutor.java:360)
	at com.kms.katalon.core.main.TestCaseExecutor.execute(TestCaseExecutor.java:255)
	at com.kms.katalon.core.main.TestCaseMain.runTestCase(TestCaseMain.java:114)
	at com.kms.katalon.core.keyword.builtin.CallTestCaseKeyword$_callTestCase_closure1.doCall(CallTestCaseKeyword.groovy:59)
	... 20 more]]></system-out>
      <system-err><![CDATA[2021-10-29 14:55:12 - [TEST_SUITE][FAILED] - Register: Test Cases/Mobile/Scenario/Register/014 - Registrasi dengan Akun Terdaftar (Akun Invalid) FAILED.
Reason:
com.kms.katalon.core.exception.StepFailedException: Call Test Case 'Test Cases/Mobile/Page/Register/Register' failed
	at com.kms.katalon.core.keyword.builtin.CallTestCaseKeyword$_callTestCase_closure1.doCall(CallTestCaseKeyword.groovy:63)
	at com.kms.katalon.core.keyword.builtin.CallTestCaseKeyword$_callTestCase_closure1.call(CallTestCaseKeyword.groovy)
	at com.kms.katalon.core.keyword.internal.KeywordMain.runKeyword(KeywordMain.groovy:68)
	at com.kms.katalon.core.keyword.builtin.CallTestCaseKeyword.callTestCase(CallTestCaseKeyword.groovy:81)
	at com.kms.katalon.core.keyword.builtin.CallTestCaseKeyword.execute(CallTestCaseKeyword.groovy:44)
	at com.kms.katalon.core.keyword.internal.KeywordExecutor.executeKeywordForPlatform(KeywordExecutor.groovy:73)
	at com.kms.katalon.core.keyword.BuiltinKeywords.callTestCase(BuiltinKeywords.groovy:334)
	at 014 - Registrasi dengan Akun Terdaftar (Akun Invalid).run(014 - Registrasi dengan Akun Terdaftar (Akun Invalid):22)
	at com.kms.katalon.core.main.ScriptEngine.run(ScriptEngine.java:194)
	at com.kms.katalon.core.main.ScriptEngine.runScriptAsRawText(ScriptEngine.java:119)
	at com.kms.katalon.core.main.TestCaseExecutor.runScript(TestCaseExecutor.java:398)
	at com.kms.katalon.core.main.TestCaseExecutor.doExecute(TestCaseExecutor.java:389)
	at com.kms.katalon.core.main.TestCaseExecutor.processExecutionPhase(TestCaseExecutor.java:368)
	at com.kms.katalon.core.main.TestCaseExecutor.accessMainPhase(TestCaseExecutor.java:360)
	at com.kms.katalon.core.main.TestCaseExecutor.execute(TestCaseExecutor.java:255)
	at com.kms.katalon.core.main.TestSuiteExecutor.accessTestCaseMainPhase(TestSuiteExecutor.java:203)
	at com.kms.katalon.core.main.TestSuiteExecutor.accessTestSuiteMainPhase(TestSuiteExecutor.java:152)
	at com.kms.katalon.core.main.TestSuiteExecutor.execute(TestSuiteExecutor.java:95)
	at com.kms.katalon.core.main.TestCaseMain.startTestSuite(TestCaseMain.java:157)
	at com.kms.katalon.core.main.TestCaseMain$startTestSuite$0.call(Unknown Source)
	at TempTestSuite1635494103205.run(TempTestSuite1635494103205.groovy:39)
Caused by: com.kms.katalon.core.exception.StepFailedException: Element 'Object Repository/Mobile/Page/Register/Already Registered/Alert - Invalid Account' not found
	at com.kms.katalon.core.keyword.internal.KeywordMain.stepFailed(KeywordMain.groovy:50)
	at com.kms.katalon.core.mobile.keyword.internal.MobileKeywordMain.stepFailed(MobileKeywordMain.groovy:40)
	at com.kms.katalon.core.mobile.keyword.builtin.VerifyElementExistKeyword$_verifyElementExist_closure1.doCall(VerifyElementExistKeyword.groovy:77)
	at com.kms.katalon.core.mobile.keyword.builtin.VerifyElementExistKeyword$_verifyElementExist_closure1.call(VerifyElementExistKeyword.groovy)
	at com.kms.katalon.core.mobile.keyword.internal.MobileKeywordMain.runKeyword(MobileKeywordMain.groovy:21)
	at com.kms.katalon.core.mobile.keyword.builtin.VerifyElementExistKeyword.verifyElementExist(VerifyElementExistKeyword.groovy:80)
	at com.kms.katalon.core.mobile.keyword.builtin.VerifyElementExistKeyword.execute(VerifyElementExistKeyword.groovy:64)
	at com.kms.katalon.core.keyword.internal.KeywordExecutor.executeKeywordForPlatform(KeywordExecutor.groovy:73)
	at com.kms.katalon.core.mobile.keyword.MobileBuiltInKeywords.verifyElementExist(MobileBuiltInKeywords.groovy:1586)
	at com.kms.katalon.core.mobile.keyword.MobileBuiltInKeywords$verifyElementExist$13.call(Unknown Source)
	at RegisterMethod.registered(Script1634005272891.groovy:60)
	at RegisterMethod$registered.call(Unknown Source)
	at Register.run(Register:37)
	at com.kms.katalon.core.main.ScriptEngine.run(ScriptEngine.java:194)
	at com.kms.katalon.core.main.ScriptEngine.runScriptAsRawText(ScriptEngine.java:119)
	at com.kms.katalon.core.main.TestCaseExecutor.runScript(TestCaseExecutor.java:398)
	at com.kms.katalon.core.main.TestCaseExecutor.doExecute(TestCaseExecutor.java:389)
	at com.kms.katalon.core.main.TestCaseExecutor.processExecutionPhase(TestCaseExecutor.java:368)
	at com.kms.katalon.core.main.TestCaseExecutor.accessMainPhase(TestCaseExecutor.java:360)
	at com.kms.katalon.core.main.TestCaseExecutor.execute(TestCaseExecutor.java:255)
	at com.kms.katalon.core.main.TestCaseMain.runTestCase(TestCaseMain.java:114)
	at com.kms.katalon.core.keyword.builtin.CallTestCaseKeyword$_callTestCase_closure1.doCall(CallTestCaseKeyword.groovy:59)
	... 20 more]]></system-err>
   </testsuite>
</testsuites>
