<?xml version="1.0" encoding="UTF-8"?>
<testsuites name="news" time="304.611" tests="5" failures="0" skips="0" errors="0">
   <testsuite name="news" tests="5" failures="0" errors="0" time="304.611" skips="0" timestamp="2021-12-27 20:04:13" hostname="Owner - aldy-tft" id="Test Suites/news">
      <properties>
         <property name="deviceName" value="samsung SM-A205F (Android 11)"/>
         <property name="devicePlatform" value=""/>
         <property name="logFolder" value="C:\\Users\\Owner\\Documents\\kerjaan\\KatalonProject\\qa_katalon_pwm\\qa_katalon_pwm\\Reports\\20211227_195604\\news\\20211227_195610"/>
         <property name="logFiles" value="C:\\Users\\Owner\\Documents\\kerjaan\\KatalonProject\\qa_katalon_pwm\\qa_katalon_pwm\\Reports\\20211227_195604\\news\\20211227_195610\\appium.log, C:\\Users\\Owner\\Documents\\kerjaan\\KatalonProject\\qa_katalon_pwm\\qa_katalon_pwm\\Reports\\20211227_195604\\news\\20211227_195610\\execution0.log"/>
         <property name="attachments" value=""/>
         <property name="hostName" value="Owner - aldy-tft"/>
         <property name="os" value="Windows 10 64bit"/>
         <property name="appiumServerStatus" value="{&quot;value&quot;:{&quot;build&quot;:{&quot;version&quot;:&quot;1.22.0&quot;}},&quot;sessionId&quot;:null,&quot;status&quot;:0}"/>
         <property name="katalonVersion" value="7.9.1.208"/>
         <property name="deviceOS" value="Android"/>
         <property name="appiumVersion" value="1.22.0"/>
         <property name="deviceModel" value="SM-A205F"/>
         <property name="hostAddress" value="192.168.57.223"/>
         <property name="deviceManufacturer" value="samsung"/>
         <property name="deviceId" value="RR8M40C9AXE"/>
         <property name="deviceName" value="samsung SM-A205F (Android 11)"/>
         <property name="deviceOSVersion" value="11"/>
      </properties>
      <testcase name="Test Cases/Mobile/Scenario/News/001 - News World Indices" time="69.981" classname="Test Cases/Mobile/Scenario/News/001 - News World Indices" status="PASSED">
         <system-out><![CDATA[2021-12-27 20:04:14 - [TEST_CASE][PASSED] - Test Cases/Mobile/Scenario/News/001 - News World Indices: Test Cases/Mobile/Scenario/News/001 - News World Indices

2021-12-27 20:04:14 - [TEST_STEP][PASSED] - callTestCase(findTestCase("Mobile/Page/Run App/Run App byID"), [:], STOP_ON_FAILURE): Call Test Case 'Test Cases/Mobile/Page/Run App/Run App byID' successfully

2021-12-27 20:04:14 - [TEST_CASE][PASSED] - Test Cases/Mobile/Page/Run App/Run App byID: Test Cases/Mobile/Page/Run App/Run App byID

2021-12-27 20:04:14 - [TEST_STEP][PASSED] - startApp.OpenApp.startApplication("id.co.miraeasset.sageclub"): startApp.OpenApp.startApplication is PASSED

2021-12-27 20:04:16 - [MESSAGE][INFO] - Appium server started on port 58,223

2021-12-27 20:04:30 - [MESSAGE][PASSED] - Starting app with application ID: 'id.co.miraeasset.sageclub'

2021-12-27 20:04:30 - [MESSAGE][PASSED] - startApp.OpenApp.startApplication is PASSED

2021-12-27 20:04:30 - [MESSAGE][PASSED] - Call Test Case 'Test Cases/Mobile/Page/Run App/Run App byID' successfully

2021-12-27 20:04:30 - [TEST_STEP][PASSED] - callTestCase(findTestCase("Mobile/Page/News/News"), ["tab":"worldindices"], CONTINUE_ON_FAILURE): Call Test Case 'Test Cases/Mobile/Page/News/News' successfully

2021-12-27 20:04:30 - [TEST_CASE][PASSED] - Test Cases/Mobile/Page/News/News: Test Cases/Mobile/Page/News/News

2021-12-27 20:04:30 - [TEST_STEP][PASSED] - callTestCase(findTestCase("Mobile/Page/CheckLogin"), [:], CONTINUE_ON_FAILURE): Call Test Case 'Test Cases/Mobile/Page/CheckLogin' successfully

2021-12-27 20:04:30 - [TEST_CASE][PASSED] - Test Cases/Mobile/Page/CheckLogin: Test Cases/Mobile/Page/CheckLogin

2021-12-27 20:04:31 - [TEST_STEP][PASSED] - loginCheck = verifyElementExist(findTestObject("Mobile/Page/Login/Button - Login"), 5, CONTINUE_ON_FAILURE): Element 'Object Repository/Mobile/Page/Login/Button - Login' is exist

2021-12-27 20:04:32 - [MESSAGE][PASSED] - Element 'Object Repository/Mobile/Page/Login/Button - Login' is exist

2021-12-27 20:04:32 - [TEST_STEP][PASSED] - if (loginCheck): Call Test Case 'Test Cases/Mobile/Page/Login/Login' successfully

2021-12-27 20:04:32 - [TEST_STEP][PASSED] - callTestCase(findTestCase("Mobile/Page/Login/Login"), [:], CONTINUE_ON_FAILURE): Call Test Case 'Test Cases/Mobile/Page/Login/Login' successfully

2021-12-27 20:04:32 - [TEST_CASE][PASSED] - Test Cases/Mobile/Page/Login/Login: Test Cases/Mobile/Page/Login/Login

2021-12-27 20:04:32 - [TEST_STEP][PASSED] - delay(2): Delayed 2 second(s)

2021-12-27 20:04:34 - [MESSAGE][PASSED] - Delayed 2 second(s)

2021-12-27 20:04:34 - [TEST_STEP][PASSED] - tap(findTestObject("Mobile/Page/Login/Input - UserID"), 0): Tapped on element 'Object Repository/Mobile/Page/Login/Input - UserID'

2021-12-27 20:04:34 - [MESSAGE][WARNING] - Timeout '0' is invalid. Using default page load timeout: '60'

2021-12-27 20:04:34 - [MESSAGE][PASSED] - Tapped on element 'Object Repository/Mobile/Page/Login/Input - UserID'

2021-12-27 20:04:34 - [TEST_STEP][PASSED] - delay(1): Delayed 1 second(s)

2021-12-27 20:04:35 - [MESSAGE][PASSED] - Delayed 1 second(s)

2021-12-27 20:04:35 - [TEST_STEP][PASSED] - setText(findTestObject("Mobile/Page/Login/Input Rdy - UserID"), "anggaaditya", 0): Text 'anggaaditya' has been set to element 'Object Repository/Mobile/Page/Login/Input Rdy - UserID'

2021-12-27 20:04:36 - [MESSAGE][WARNING] - Timeout '0' is invalid. Using default page load timeout: '60'

2021-12-27 20:04:36 - [MESSAGE][PASSED] - Text 'anggaaditya' has been set to element 'Object Repository/Mobile/Page/Login/Input Rdy - UserID'

2021-12-27 20:04:36 - [TEST_STEP][PASSED] - delay(1): Delayed 1 second(s)

2021-12-27 20:04:37 - [MESSAGE][PASSED] - Delayed 1 second(s)

2021-12-27 20:04:37 - [TEST_STEP][PASSED] - hideKeyboard(): Keyboard is hidden

2021-12-27 20:04:41 - [MESSAGE][PASSED] - Keyboard is hidden

2021-12-27 20:04:41 - [TEST_STEP][PASSED] - tap(findTestObject("Mobile/Page/Login/Input - Password"), 0): Tapped on element 'Object Repository/Mobile/Page/Login/Input - Password'

2021-12-27 20:04:41 - [MESSAGE][WARNING] - Timeout '0' is invalid. Using default page load timeout: '60'

2021-12-27 20:04:41 - [MESSAGE][PASSED] - Tapped on element 'Object Repository/Mobile/Page/Login/Input - Password'

2021-12-27 20:04:41 - [TEST_STEP][PASSED] - delay(1): Delayed 1 second(s)

2021-12-27 20:04:42 - [MESSAGE][PASSED] - Delayed 1 second(s)

2021-12-27 20:04:42 - [TEST_STEP][PASSED] - setText(findTestObject("Mobile/Page/Login/Input Rdy - Password"), "Shalawa18", 0): Text 'Shalawa18' has been set to element 'Object Repository/Mobile/Page/Login/Input Rdy - Password'

2021-12-27 20:04:42 - [MESSAGE][WARNING] - Timeout '0' is invalid. Using default page load timeout: '60'

2021-12-27 20:04:43 - [MESSAGE][PASSED] - Text 'Shalawa18' has been set to element 'Object Repository/Mobile/Page/Login/Input Rdy - Password'

2021-12-27 20:04:43 - [TEST_STEP][PASSED] - delay(1): Delayed 1 second(s)

2021-12-27 20:04:44 - [MESSAGE][PASSED] - Delayed 1 second(s)

2021-12-27 20:04:44 - [TEST_STEP][PASSED] - hideKeyboard(): Keyboard is hidden

2021-12-27 20:04:50 - [MESSAGE][PASSED] - Keyboard is hidden

2021-12-27 20:04:50 - [TEST_STEP][PASSED] - tap(findTestObject("Mobile/Page/Login/Button - Login"), 0): Tapped on element 'Object Repository/Mobile/Page/Login/Button - Login'

2021-12-27 20:04:50 - [MESSAGE][WARNING] - Timeout '0' is invalid. Using default page load timeout: '60'

2021-12-27 20:04:51 - [MESSAGE][PASSED] - Tapped on element 'Object Repository/Mobile/Page/Login/Button - Login'

2021-12-27 20:04:51 - [TEST_STEP][PASSED] - delay(2): Delayed 2 second(s)

2021-12-27 20:04:53 - [MESSAGE][PASSED] - Delayed 2 second(s)

2021-12-27 20:04:53 - [MESSAGE][PASSED] - Call Test Case 'Test Cases/Mobile/Page/Login/Login' successfully

2021-12-27 20:04:53 - [MESSAGE][PASSED] - Call Test Case 'Test Cases/Mobile/Page/CheckLogin' successfully

2021-12-27 20:04:53 - [TEST_STEP][PASSED] - tap(findTestObject("Mobile/Page/Home/Menubar - News"), 0): Tapped on element 'Object Repository/Mobile/Page/Home/Menubar - News'

2021-12-27 20:04:53 - [MESSAGE][WARNING] - Timeout '0' is invalid. Using default page load timeout: '60'

2021-12-27 20:04:54 - [MESSAGE][PASSED] - Tapped on element 'Object Repository/Mobile/Page/Home/Menubar - News'

2021-12-27 20:04:54 - [TEST_STEP][PASSED] - delay(1): Delayed 1 second(s)

2021-12-27 20:04:55 - [MESSAGE][PASSED] - Delayed 1 second(s)

2021-12-27 20:04:55 - [TEST_STEP][PASSED] - for ([i = 0, i < 1, (i++)]): null

2021-12-27 20:04:55 - [TEST_STEP][PASSED] - if (tab == "macronews"): null

2021-12-27 20:04:55 - [TEST_STEP][PASSED] - else if (tab == "stocknews"): null

2021-12-27 20:04:55 - [TEST_STEP][PASSED] - else if (tab == "fundnews"): null

2021-12-27 20:04:55 - [TEST_STEP][PASSED] - else if (tab == "bondnews"): null

2021-12-27 20:04:55 - [TEST_STEP][PASSED] - else if (tab == "worldindices"): Delayed 3 second(s)

2021-12-27 20:04:55 - [TEST_STEP][PASSED] - scroll.scroll.scrollScreenRightToLeft(findTestObject("Object Repository/Mobile/Page/News/Tab - Macro")): scroll.scroll.scrollScreenRightToLeft is PASSED

2021-12-27 20:04:55 - [MESSAGE][WARNING] - Timeout '0' is invalid. Using default page load timeout: '60'

2021-12-27 20:04:55 - [MESSAGE][PASSED] - Object 'Object Repository/Mobile/Page/News/Tab - Macro' has left position '14'

2021-12-27 20:04:55 - [MESSAGE][WARNING] - Timeout '0' is invalid. Using default page load timeout: '60'

2021-12-27 20:04:55 - [MESSAGE][PASSED] - Object 'Object Repository/Mobile/Page/News/Tab - Macro' has top position '262'

2021-12-27 20:04:55 - [MESSAGE][WARNING] - Timeout '0' is invalid. Using default page load timeout: '60'

2021-12-27 20:04:56 - [MESSAGE][PASSED] - Object 'Object Repository/Mobile/Page/News/Tab - Macro' has width: '215'

2021-12-27 20:04:56 - [MESSAGE][WARNING] - Timeout '0' is invalid. Using default page load timeout: '60'

2021-12-27 20:04:56 - [MESSAGE][PASSED] - Object 'Object Repository/Mobile/Page/News/Tab - Macro' has height: '84'

2021-12-27 20:04:56 - [MESSAGE][PASSED] - Current device physical width is 720

2021-12-27 20:04:58 - [MESSAGE][PASSED] - Swiped from 620,304 to 100,304

2021-12-27 20:04:58 - [MESSAGE][PASSED] - scroll.scroll.scrollScreenRightToLeft is PASSED

2021-12-27 20:04:58 - [TEST_STEP][PASSED] - delay(1): Delayed 1 second(s)

2021-12-27 20:04:59 - [MESSAGE][PASSED] - Delayed 1 second(s)

2021-12-27 20:04:59 - [TEST_STEP][PASSED] - tap(findTestObject("Mobile/Page/News/Tab - World Indices"), 0): Tapped on element 'Object Repository/Mobile/Page/News/Tab - World Indices'

2021-12-27 20:04:59 - [MESSAGE][WARNING] - Timeout '0' is invalid. Using default page load timeout: '60'

2021-12-27 20:04:59 - [MESSAGE][PASSED] - Tapped on element 'Object Repository/Mobile/Page/News/Tab - World Indices'

2021-12-27 20:04:59 - [TEST_STEP][PASSED] - delay(1): Delayed 1 second(s)

2021-12-27 20:05:00 - [MESSAGE][PASSED] - Delayed 1 second(s)

2021-12-27 20:05:00 - [TEST_STEP][PASSED] - tap(findTestObject("Mobile/Page/News/Button - Indices"), 0): Tapped on element 'Object Repository/Mobile/Page/News/Button - Indices'

2021-12-27 20:05:00 - [MESSAGE][WARNING] - Timeout '0' is invalid. Using default page load timeout: '60'

2021-12-27 20:05:01 - [MESSAGE][PASSED] - Tapped on element 'Object Repository/Mobile/Page/News/Button - Indices'

2021-12-27 20:05:01 - [TEST_STEP][PASSED] - delay(3): Delayed 3 second(s)

2021-12-27 20:05:04 - [MESSAGE][PASSED] - Delayed 3 second(s)

2021-12-27 20:05:04 - [TEST_STEP][PASSED] - tap(findTestObject("Mobile/Page/News/Button - Currencies"), 0): Tapped on element 'Object Repository/Mobile/Page/News/Button - Currencies'

2021-12-27 20:05:04 - [MESSAGE][WARNING] - Timeout '0' is invalid. Using default page load timeout: '60'

2021-12-27 20:05:05 - [MESSAGE][PASSED] - Tapped on element 'Object Repository/Mobile/Page/News/Button - Currencies'

2021-12-27 20:05:05 - [TEST_STEP][PASSED] - delay(3): Delayed 3 second(s)

2021-12-27 20:05:08 - [MESSAGE][PASSED] - Delayed 3 second(s)

2021-12-27 20:05:08 - [TEST_STEP][PASSED] - tap(findTestObject("Mobile/Page/News/Button - Commodities"), 0): Tapped on element 'Object Repository/Mobile/Page/News/Button - Commodities'

2021-12-27 20:05:08 - [MESSAGE][WARNING] - Timeout '0' is invalid. Using default page load timeout: '60'

2021-12-27 20:05:09 - [MESSAGE][PASSED] - Tapped on element 'Object Repository/Mobile/Page/News/Button - Commodities'

2021-12-27 20:05:09 - [TEST_STEP][PASSED] - delay(3): Delayed 3 second(s)

2021-12-27 20:05:12 - [MESSAGE][PASSED] - Delayed 3 second(s)

2021-12-27 20:05:12 - [TEST_STEP][PASSED] - delay(1): Delayed 1 second(s)

2021-12-27 20:05:13 - [MESSAGE][PASSED] - Delayed 1 second(s)

2021-12-27 20:05:13 - [TEST_STEP][PASSED] - if (tab != "worldindices"): null

2021-12-27 20:05:13 - [MESSAGE][PASSED] - Call Test Case 'Test Cases/Mobile/Page/News/News' successfully

2021-12-27 20:05:13 - [TEST_STEP][PASSED] - callTestCase(findTestCase("Mobile/Page/Run App/Terminate App"), [:], STOP_ON_FAILURE): Call Test Case 'Test Cases/Mobile/Page/Run App/Terminate App' successfully

2021-12-27 20:05:13 - [TEST_CASE][PASSED] - Test Cases/Mobile/Page/Run App/Terminate App: Test Cases/Mobile/Page/Run App/Terminate App

2021-12-27 20:05:13 - [TEST_STEP][PASSED] - startApp.OpenApp.terminateApplication(): startApp.OpenApp.terminateApplication is PASSED

2021-12-27 20:05:16 - [MESSAGE][PASSED] - Delayed 3 second(s)

2021-12-27 20:05:17 - [MESSAGE][PASSED] - Current device physical width is 720

2021-12-27 20:05:17 - [MESSAGE][PASSED] - Current device physical height is 1423

2021-12-27 20:05:18 - [MESSAGE][PASSED] - Swiped from 360,853 to 360,142

2021-12-27 20:05:19 - [MESSAGE][PASSED] - Delayed 1 second(s)

2021-12-27 20:05:20 - [MESSAGE][PASSED] - Swiped from 360,853 to 360,142

2021-12-27 20:05:23 - [MESSAGE][PASSED] - Delayed 3 second(s)

2021-12-27 20:05:23 - [MESSAGE][PASSED] - startApp.OpenApp.terminateApplication is PASSED

2021-12-27 20:05:23 - [MESSAGE][PASSED] - Call Test Case 'Test Cases/Mobile/Page/Run App/Terminate App' successfully]]></system-out>
         <system-err><![CDATA[]]></system-err>
      </testcase>
      <testcase name="Test Cases/Mobile/Scenario/News/002 - News Stock" time="57.969" classname="Test Cases/Mobile/Scenario/News/002 - News Stock" status="PASSED">
         <system-out><![CDATA[2021-12-27 20:05:24 - [TEST_CASE][PASSED] - Test Cases/Mobile/Scenario/News/002 - News Stock: Test Cases/Mobile/Scenario/News/002 - News Stock

2021-12-27 20:05:24 - [TEST_STEP][PASSED] - callTestCase(findTestCase("Mobile/Page/Run App/Run App byID"), [:], STOP_ON_FAILURE): Call Test Case 'Test Cases/Mobile/Page/Run App/Run App byID' successfully

2021-12-27 20:05:24 - [TEST_CASE][PASSED] - Test Cases/Mobile/Page/Run App/Run App byID: Test Cases/Mobile/Page/Run App/Run App byID

2021-12-27 20:05:24 - [TEST_STEP][PASSED] - startApp.OpenApp.startApplication("id.co.miraeasset.sageclub"): startApp.OpenApp.startApplication is PASSED

2021-12-27 20:05:35 - [MESSAGE][PASSED] - Starting app with application ID: 'id.co.miraeasset.sageclub'

2021-12-27 20:05:35 - [MESSAGE][PASSED] - startApp.OpenApp.startApplication is PASSED

2021-12-27 20:05:35 - [MESSAGE][PASSED] - Call Test Case 'Test Cases/Mobile/Page/Run App/Run App byID' successfully

2021-12-27 20:05:35 - [TEST_STEP][PASSED] - callTestCase(findTestCase("Mobile/Page/News/News"), ["tab":"stocknews"], CONTINUE_ON_FAILURE): Call Test Case 'Test Cases/Mobile/Page/News/News' successfully

2021-12-27 20:05:35 - [TEST_CASE][PASSED] - Test Cases/Mobile/Page/News/News: Test Cases/Mobile/Page/News/News

2021-12-27 20:05:35 - [TEST_STEP][PASSED] - callTestCase(findTestCase("Mobile/Page/CheckLogin"), [:], CONTINUE_ON_FAILURE): Call Test Case 'Test Cases/Mobile/Page/CheckLogin' successfully

2021-12-27 20:05:35 - [TEST_CASE][PASSED] - Test Cases/Mobile/Page/CheckLogin: Test Cases/Mobile/Page/CheckLogin

2021-12-27 20:05:35 - [TEST_STEP][PASSED] - loginCheck = verifyElementExist(findTestObject("Mobile/Page/Login/Button - Login"), 5, CONTINUE_ON_FAILURE): Element 'Object Repository/Mobile/Page/Login/Button - Login' is exist

2021-12-27 20:05:38 - [MESSAGE][PASSED] - Element 'Object Repository/Mobile/Page/Login/Button - Login' is exist

2021-12-27 20:05:38 - [TEST_STEP][PASSED] - if (loginCheck): Call Test Case 'Test Cases/Mobile/Page/Login/Login' successfully

2021-12-27 20:05:38 - [TEST_STEP][PASSED] - callTestCase(findTestCase("Mobile/Page/Login/Login"), [:], CONTINUE_ON_FAILURE): Call Test Case 'Test Cases/Mobile/Page/Login/Login' successfully

2021-12-27 20:05:38 - [TEST_CASE][PASSED] - Test Cases/Mobile/Page/Login/Login: Test Cases/Mobile/Page/Login/Login

2021-12-27 20:05:38 - [TEST_STEP][PASSED] - delay(2): Delayed 2 second(s)

2021-12-27 20:05:40 - [MESSAGE][PASSED] - Delayed 2 second(s)

2021-12-27 20:05:40 - [TEST_STEP][PASSED] - tap(findTestObject("Mobile/Page/Login/Input - UserID"), 0): Tapped on element 'Object Repository/Mobile/Page/Login/Input - UserID'

2021-12-27 20:05:40 - [MESSAGE][WARNING] - Timeout '0' is invalid. Using default page load timeout: '60'

2021-12-27 20:05:40 - [MESSAGE][PASSED] - Tapped on element 'Object Repository/Mobile/Page/Login/Input - UserID'

2021-12-27 20:05:40 - [TEST_STEP][PASSED] - delay(1): Delayed 1 second(s)

2021-12-27 20:05:41 - [MESSAGE][PASSED] - Delayed 1 second(s)

2021-12-27 20:05:41 - [TEST_STEP][PASSED] - setText(findTestObject("Mobile/Page/Login/Input Rdy - UserID"), "anggaaditya", 0): Text 'anggaaditya' has been set to element 'Object Repository/Mobile/Page/Login/Input Rdy - UserID'

2021-12-27 20:05:41 - [MESSAGE][WARNING] - Timeout '0' is invalid. Using default page load timeout: '60'

2021-12-27 20:05:42 - [MESSAGE][PASSED] - Text 'anggaaditya' has been set to element 'Object Repository/Mobile/Page/Login/Input Rdy - UserID'

2021-12-27 20:05:42 - [TEST_STEP][PASSED] - delay(1): Delayed 1 second(s)

2021-12-27 20:05:43 - [MESSAGE][PASSED] - Delayed 1 second(s)

2021-12-27 20:05:43 - [TEST_STEP][PASSED] - hideKeyboard(): Keyboard is hidden

2021-12-27 20:05:46 - [MESSAGE][PASSED] - Keyboard is hidden

2021-12-27 20:05:46 - [TEST_STEP][PASSED] - tap(findTestObject("Mobile/Page/Login/Input - Password"), 0): Tapped on element 'Object Repository/Mobile/Page/Login/Input - Password'

2021-12-27 20:05:46 - [MESSAGE][WARNING] - Timeout '0' is invalid. Using default page load timeout: '60'

2021-12-27 20:05:47 - [MESSAGE][PASSED] - Tapped on element 'Object Repository/Mobile/Page/Login/Input - Password'

2021-12-27 20:05:47 - [TEST_STEP][PASSED] - delay(1): Delayed 1 second(s)

2021-12-27 20:05:48 - [MESSAGE][PASSED] - Delayed 1 second(s)

2021-12-27 20:05:48 - [TEST_STEP][PASSED] - setText(findTestObject("Mobile/Page/Login/Input Rdy - Password"), "Shalawa18", 0): Text 'Shalawa18' has been set to element 'Object Repository/Mobile/Page/Login/Input Rdy - Password'

2021-12-27 20:05:48 - [MESSAGE][WARNING] - Timeout '0' is invalid. Using default page load timeout: '60'

2021-12-27 20:05:49 - [MESSAGE][PASSED] - Text 'Shalawa18' has been set to element 'Object Repository/Mobile/Page/Login/Input Rdy - Password'

2021-12-27 20:05:49 - [TEST_STEP][PASSED] - delay(1): Delayed 1 second(s)

2021-12-27 20:05:50 - [MESSAGE][PASSED] - Delayed 1 second(s)

2021-12-27 20:05:50 - [TEST_STEP][PASSED] - hideKeyboard(): Keyboard is hidden

2021-12-27 20:05:56 - [MESSAGE][PASSED] - Keyboard is hidden

2021-12-27 20:05:56 - [TEST_STEP][PASSED] - tap(findTestObject("Mobile/Page/Login/Button - Login"), 0): Tapped on element 'Object Repository/Mobile/Page/Login/Button - Login'

2021-12-27 20:05:56 - [MESSAGE][WARNING] - Timeout '0' is invalid. Using default page load timeout: '60'

2021-12-27 20:05:56 - [MESSAGE][PASSED] - Tapped on element 'Object Repository/Mobile/Page/Login/Button - Login'

2021-12-27 20:05:56 - [TEST_STEP][PASSED] - delay(2): Delayed 2 second(s)

2021-12-27 20:05:58 - [MESSAGE][PASSED] - Delayed 2 second(s)

2021-12-27 20:05:58 - [MESSAGE][PASSED] - Call Test Case 'Test Cases/Mobile/Page/Login/Login' successfully

2021-12-27 20:05:58 - [MESSAGE][PASSED] - Call Test Case 'Test Cases/Mobile/Page/CheckLogin' successfully

2021-12-27 20:05:58 - [TEST_STEP][PASSED] - tap(findTestObject("Mobile/Page/Home/Menubar - News"), 0): Tapped on element 'Object Repository/Mobile/Page/Home/Menubar - News'

2021-12-27 20:05:58 - [MESSAGE][WARNING] - Timeout '0' is invalid. Using default page load timeout: '60'

2021-12-27 20:05:59 - [MESSAGE][PASSED] - Tapped on element 'Object Repository/Mobile/Page/Home/Menubar - News'

2021-12-27 20:05:59 - [TEST_STEP][PASSED] - delay(1): Delayed 1 second(s)

2021-12-27 20:06:00 - [MESSAGE][PASSED] - Delayed 1 second(s)

2021-12-27 20:06:00 - [TEST_STEP][PASSED] - for ([i = 0, i < 1, (i++)]): Delayed 3 second(s)

2021-12-27 20:06:00 - [TEST_STEP][PASSED] - if (tab == "macronews"): null

2021-12-27 20:06:00 - [TEST_STEP][PASSED] - else if (tab == "stocknews"): Tapped on element 'Object Repository/Mobile/Page/News/Tab - Stock'

2021-12-27 20:06:00 - [TEST_STEP][PASSED] - tap(findTestObject("Object Repository/Mobile/Page/News/Tab - Stock"), 0): Tapped on element 'Object Repository/Mobile/Page/News/Tab - Stock'

2021-12-27 20:06:00 - [MESSAGE][WARNING] - Timeout '0' is invalid. Using default page load timeout: '60'

2021-12-27 20:06:02 - [MESSAGE][PASSED] - Tapped on element 'Object Repository/Mobile/Page/News/Tab - Stock'

2021-12-27 20:06:02 - [TEST_STEP][PASSED] - delay(1): Delayed 1 second(s)

2021-12-27 20:06:03 - [MESSAGE][PASSED] - Delayed 1 second(s)

2021-12-27 20:06:03 - [TEST_STEP][PASSED] - if (tab != "worldindices"): Delayed 3 second(s)

2021-12-27 20:06:03 - [TEST_STEP][PASSED] - try: Delayed 3 second(s)

2021-12-27 20:06:03 - [TEST_STEP][PASSED] - tapAndHold(findTestObject("Mobile/Page/News/Item - Top News"), 1, 10): Tapped and held on element 'Object Repository/Mobile/Page/News/Item - Top News' with duration 1

2021-12-27 20:06:06 - [MESSAGE][PASSED] - Tapped and held on element 'Object Repository/Mobile/Page/News/Item - Top News' with duration 1

2021-12-27 20:06:06 - [TEST_STEP][PASSED] - delay(1): Delayed 1 second(s)

2021-12-27 20:06:07 - [MESSAGE][PASSED] - Delayed 1 second(s)

2021-12-27 20:06:07 - [TEST_STEP][PASSED] - scroll.scroll.scrollScreenBottomToTop(): scroll.scroll.scrollScreenBottomToTop is PASSED

2021-12-27 20:06:07 - [MESSAGE][PASSED] - Current device physical height is 1423

2021-12-27 20:06:07 - [MESSAGE][PASSED] - Current device physical width is 720

2021-12-27 20:06:08 - [MESSAGE][PASSED] - Swiped from 360,1,138 to 360,284

2021-12-27 20:06:08 - [MESSAGE][PASSED] - scroll.scroll.scrollScreenBottomToTop is PASSED

2021-12-27 20:06:08 - [TEST_STEP][PASSED] - delay(3): Delayed 3 second(s)

2021-12-27 20:06:11 - [MESSAGE][PASSED] - Delayed 3 second(s)

2021-12-27 20:06:11 - [MESSAGE][PASSED] - Call Test Case 'Test Cases/Mobile/Page/News/News' successfully

2021-12-27 20:06:11 - [TEST_STEP][PASSED] - callTestCase(findTestCase("Mobile/Page/Run App/Terminate App"), [:], STOP_ON_FAILURE): Call Test Case 'Test Cases/Mobile/Page/Run App/Terminate App' successfully

2021-12-27 20:06:11 - [TEST_CASE][PASSED] - Test Cases/Mobile/Page/Run App/Terminate App: Test Cases/Mobile/Page/Run App/Terminate App

2021-12-27 20:06:11 - [TEST_STEP][PASSED] - startApp.OpenApp.terminateApplication(): startApp.OpenApp.terminateApplication is PASSED

2021-12-27 20:06:14 - [MESSAGE][PASSED] - Delayed 3 second(s)

2021-12-27 20:06:15 - [MESSAGE][PASSED] - Current device physical width is 720

2021-12-27 20:06:15 - [MESSAGE][PASSED] - Current device physical height is 1423

2021-12-27 20:06:16 - [MESSAGE][PASSED] - Swiped from 360,853 to 360,142

2021-12-27 20:06:17 - [MESSAGE][PASSED] - Delayed 1 second(s)

2021-12-27 20:06:18 - [MESSAGE][PASSED] - Swiped from 360,853 to 360,142

2021-12-27 20:06:21 - [MESSAGE][PASSED] - Delayed 3 second(s)

2021-12-27 20:06:21 - [MESSAGE][PASSED] - startApp.OpenApp.terminateApplication is PASSED

2021-12-27 20:06:21 - [MESSAGE][PASSED] - Call Test Case 'Test Cases/Mobile/Page/Run App/Terminate App' successfully]]></system-out>
         <system-err><![CDATA[]]></system-err>
      </testcase>
      <testcase name="Test Cases/Mobile/Scenario/News/003 - News Fund" time="59.448" classname="Test Cases/Mobile/Scenario/News/003 - News Fund" status="PASSED">
         <system-out><![CDATA[2021-12-27 20:06:21 - [TEST_CASE][PASSED] - Test Cases/Mobile/Scenario/News/003 - News Fund: Test Cases/Mobile/Scenario/News/003 - News Fund

2021-12-27 20:06:22 - [TEST_STEP][PASSED] - callTestCase(findTestCase("Mobile/Page/Run App/Run App byID"), [:], STOP_ON_FAILURE): Call Test Case 'Test Cases/Mobile/Page/Run App/Run App byID' successfully

2021-12-27 20:06:22 - [TEST_CASE][PASSED] - Test Cases/Mobile/Page/Run App/Run App byID: Test Cases/Mobile/Page/Run App/Run App byID

2021-12-27 20:06:22 - [TEST_STEP][PASSED] - startApp.OpenApp.startApplication("id.co.miraeasset.sageclub"): startApp.OpenApp.startApplication is PASSED

2021-12-27 20:06:34 - [MESSAGE][PASSED] - Starting app with application ID: 'id.co.miraeasset.sageclub'

2021-12-27 20:06:34 - [MESSAGE][PASSED] - startApp.OpenApp.startApplication is PASSED

2021-12-27 20:06:34 - [MESSAGE][PASSED] - Call Test Case 'Test Cases/Mobile/Page/Run App/Run App byID' successfully

2021-12-27 20:06:34 - [TEST_STEP][PASSED] - callTestCase(findTestCase("Mobile/Page/News/News"), ["tab":"fundnews"], CONTINUE_ON_FAILURE): Call Test Case 'Test Cases/Mobile/Page/News/News' successfully

2021-12-27 20:06:34 - [TEST_CASE][PASSED] - Test Cases/Mobile/Page/News/News: Test Cases/Mobile/Page/News/News

2021-12-27 20:06:34 - [TEST_STEP][PASSED] - callTestCase(findTestCase("Mobile/Page/CheckLogin"), [:], CONTINUE_ON_FAILURE): Call Test Case 'Test Cases/Mobile/Page/CheckLogin' successfully

2021-12-27 20:06:34 - [TEST_CASE][PASSED] - Test Cases/Mobile/Page/CheckLogin: Test Cases/Mobile/Page/CheckLogin

2021-12-27 20:06:34 - [TEST_STEP][PASSED] - loginCheck = verifyElementExist(findTestObject("Mobile/Page/Login/Button - Login"), 5, CONTINUE_ON_FAILURE): Element 'Object Repository/Mobile/Page/Login/Button - Login' is exist

2021-12-27 20:06:36 - [MESSAGE][PASSED] - Element 'Object Repository/Mobile/Page/Login/Button - Login' is exist

2021-12-27 20:06:36 - [TEST_STEP][PASSED] - if (loginCheck): Call Test Case 'Test Cases/Mobile/Page/Login/Login' successfully

2021-12-27 20:06:36 - [TEST_STEP][PASSED] - callTestCase(findTestCase("Mobile/Page/Login/Login"), [:], CONTINUE_ON_FAILURE): Call Test Case 'Test Cases/Mobile/Page/Login/Login' successfully

2021-12-27 20:06:36 - [TEST_CASE][PASSED] - Test Cases/Mobile/Page/Login/Login: Test Cases/Mobile/Page/Login/Login

2021-12-27 20:06:36 - [TEST_STEP][PASSED] - delay(2): Delayed 2 second(s)

2021-12-27 20:06:38 - [MESSAGE][PASSED] - Delayed 2 second(s)

2021-12-27 20:06:38 - [TEST_STEP][PASSED] - tap(findTestObject("Mobile/Page/Login/Input - UserID"), 0): Tapped on element 'Object Repository/Mobile/Page/Login/Input - UserID'

2021-12-27 20:06:38 - [MESSAGE][WARNING] - Timeout '0' is invalid. Using default page load timeout: '60'

2021-12-27 20:06:39 - [MESSAGE][PASSED] - Tapped on element 'Object Repository/Mobile/Page/Login/Input - UserID'

2021-12-27 20:06:39 - [TEST_STEP][PASSED] - delay(1): Delayed 1 second(s)

2021-12-27 20:06:40 - [MESSAGE][PASSED] - Delayed 1 second(s)

2021-12-27 20:06:40 - [TEST_STEP][PASSED] - setText(findTestObject("Mobile/Page/Login/Input Rdy - UserID"), "anggaaditya", 0): Text 'anggaaditya' has been set to element 'Object Repository/Mobile/Page/Login/Input Rdy - UserID'

2021-12-27 20:06:40 - [MESSAGE][WARNING] - Timeout '0' is invalid. Using default page load timeout: '60'

2021-12-27 20:06:41 - [MESSAGE][PASSED] - Text 'anggaaditya' has been set to element 'Object Repository/Mobile/Page/Login/Input Rdy - UserID'

2021-12-27 20:06:41 - [TEST_STEP][PASSED] - delay(1): Delayed 1 second(s)

2021-12-27 20:06:42 - [MESSAGE][PASSED] - Delayed 1 second(s)

2021-12-27 20:06:42 - [TEST_STEP][PASSED] - hideKeyboard(): Keyboard is hidden

2021-12-27 20:06:45 - [MESSAGE][PASSED] - Keyboard is hidden

2021-12-27 20:06:45 - [TEST_STEP][PASSED] - tap(findTestObject("Mobile/Page/Login/Input - Password"), 0): Tapped on element 'Object Repository/Mobile/Page/Login/Input - Password'

2021-12-27 20:06:46 - [MESSAGE][WARNING] - Timeout '0' is invalid. Using default page load timeout: '60'

2021-12-27 20:06:46 - [MESSAGE][PASSED] - Tapped on element 'Object Repository/Mobile/Page/Login/Input - Password'

2021-12-27 20:06:46 - [TEST_STEP][PASSED] - delay(1): Delayed 1 second(s)

2021-12-27 20:06:47 - [MESSAGE][PASSED] - Delayed 1 second(s)

2021-12-27 20:06:47 - [TEST_STEP][PASSED] - setText(findTestObject("Mobile/Page/Login/Input Rdy - Password"), "Shalawa18", 0): Text 'Shalawa18' has been set to element 'Object Repository/Mobile/Page/Login/Input Rdy - Password'

2021-12-27 20:06:47 - [MESSAGE][WARNING] - Timeout '0' is invalid. Using default page load timeout: '60'

2021-12-27 20:06:48 - [MESSAGE][PASSED] - Text 'Shalawa18' has been set to element 'Object Repository/Mobile/Page/Login/Input Rdy - Password'

2021-12-27 20:06:48 - [TEST_STEP][PASSED] - delay(1): Delayed 1 second(s)

2021-12-27 20:06:49 - [MESSAGE][PASSED] - Delayed 1 second(s)

2021-12-27 20:06:49 - [TEST_STEP][PASSED] - hideKeyboard(): Keyboard is hidden

2021-12-27 20:06:56 - [MESSAGE][PASSED] - Keyboard is hidden

2021-12-27 20:06:56 - [TEST_STEP][PASSED] - tap(findTestObject("Mobile/Page/Login/Button - Login"), 0): Tapped on element 'Object Repository/Mobile/Page/Login/Button - Login'

2021-12-27 20:06:56 - [MESSAGE][WARNING] - Timeout '0' is invalid. Using default page load timeout: '60'

2021-12-27 20:06:56 - [MESSAGE][PASSED] - Tapped on element 'Object Repository/Mobile/Page/Login/Button - Login'

2021-12-27 20:06:56 - [TEST_STEP][PASSED] - delay(2): Delayed 2 second(s)

2021-12-27 20:06:58 - [MESSAGE][PASSED] - Delayed 2 second(s)

2021-12-27 20:06:58 - [MESSAGE][PASSED] - Call Test Case 'Test Cases/Mobile/Page/Login/Login' successfully

2021-12-27 20:06:58 - [MESSAGE][PASSED] - Call Test Case 'Test Cases/Mobile/Page/CheckLogin' successfully

2021-12-27 20:06:58 - [TEST_STEP][PASSED] - tap(findTestObject("Mobile/Page/Home/Menubar - News"), 0): Tapped on element 'Object Repository/Mobile/Page/Home/Menubar - News'

2021-12-27 20:06:58 - [MESSAGE][WARNING] - Timeout '0' is invalid. Using default page load timeout: '60'

2021-12-27 20:07:00 - [MESSAGE][PASSED] - Tapped on element 'Object Repository/Mobile/Page/Home/Menubar - News'

2021-12-27 20:07:00 - [TEST_STEP][PASSED] - delay(1): Delayed 1 second(s)

2021-12-27 20:07:01 - [MESSAGE][PASSED] - Delayed 1 second(s)

2021-12-27 20:07:01 - [TEST_STEP][PASSED] - for ([i = 0, i < 1, (i++)]): Delayed 3 second(s)

2021-12-27 20:07:01 - [TEST_STEP][PASSED] - if (tab == "macronews"): null

2021-12-27 20:07:01 - [TEST_STEP][PASSED] - else if (tab == "stocknews"): null

2021-12-27 20:07:01 - [TEST_STEP][PASSED] - else if (tab == "fundnews"): Tapped on element 'Object Repository/Mobile/Page/News/Tab - Fund'

2021-12-27 20:07:01 - [TEST_STEP][PASSED] - tap(findTestObject("Object Repository/Mobile/Page/News/Tab - Fund"), 0): Tapped on element 'Object Repository/Mobile/Page/News/Tab - Fund'

2021-12-27 20:07:01 - [MESSAGE][WARNING] - Timeout '0' is invalid. Using default page load timeout: '60'

2021-12-27 20:07:01 - [MESSAGE][PASSED] - Tapped on element 'Object Repository/Mobile/Page/News/Tab - Fund'

2021-12-27 20:07:01 - [TEST_STEP][PASSED] - delay(1): Delayed 1 second(s)

2021-12-27 20:07:02 - [MESSAGE][PASSED] - Delayed 1 second(s)

2021-12-27 20:07:02 - [TEST_STEP][PASSED] - if (tab != "worldindices"): Delayed 3 second(s)

2021-12-27 20:07:02 - [TEST_STEP][PASSED] - try: Delayed 3 second(s)

2021-12-27 20:07:02 - [TEST_STEP][PASSED] - tapAndHold(findTestObject("Mobile/Page/News/Item - Top News"), 1, 10): Tapped and held on element 'Object Repository/Mobile/Page/News/Item - Top News' with duration 1

2021-12-27 20:07:05 - [MESSAGE][PASSED] - Tapped and held on element 'Object Repository/Mobile/Page/News/Item - Top News' with duration 1

2021-12-27 20:07:05 - [TEST_STEP][PASSED] - delay(1): Delayed 1 second(s)

2021-12-27 20:07:06 - [MESSAGE][PASSED] - Delayed 1 second(s)

2021-12-27 20:07:06 - [TEST_STEP][PASSED] - scroll.scroll.scrollScreenBottomToTop(): scroll.scroll.scrollScreenBottomToTop is PASSED

2021-12-27 20:07:06 - [MESSAGE][PASSED] - Current device physical height is 1423

2021-12-27 20:07:07 - [MESSAGE][PASSED] - Current device physical width is 720

2021-12-27 20:07:08 - [MESSAGE][PASSED] - Swiped from 360,1,138 to 360,284

2021-12-27 20:07:08 - [MESSAGE][PASSED] - scroll.scroll.scrollScreenBottomToTop is PASSED

2021-12-27 20:07:08 - [TEST_STEP][PASSED] - delay(3): Delayed 3 second(s)

2021-12-27 20:07:11 - [MESSAGE][PASSED] - Delayed 3 second(s)

2021-12-27 20:07:11 - [MESSAGE][PASSED] - Call Test Case 'Test Cases/Mobile/Page/News/News' successfully

2021-12-27 20:07:11 - [TEST_STEP][PASSED] - callTestCase(findTestCase("Mobile/Page/Run App/Terminate App"), [:], STOP_ON_FAILURE): Call Test Case 'Test Cases/Mobile/Page/Run App/Terminate App' successfully

2021-12-27 20:07:11 - [TEST_CASE][PASSED] - Test Cases/Mobile/Page/Run App/Terminate App: Test Cases/Mobile/Page/Run App/Terminate App

2021-12-27 20:07:11 - [TEST_STEP][PASSED] - startApp.OpenApp.terminateApplication(): startApp.OpenApp.terminateApplication is PASSED

2021-12-27 20:07:14 - [MESSAGE][PASSED] - Delayed 3 second(s)

2021-12-27 20:07:14 - [MESSAGE][PASSED] - Current device physical width is 720

2021-12-27 20:07:14 - [MESSAGE][PASSED] - Current device physical height is 1423

2021-12-27 20:07:16 - [MESSAGE][PASSED] - Swiped from 360,853 to 360,142

2021-12-27 20:07:17 - [MESSAGE][PASSED] - Delayed 1 second(s)

2021-12-27 20:07:18 - [MESSAGE][PASSED] - Swiped from 360,853 to 360,142

2021-12-27 20:07:21 - [MESSAGE][PASSED] - Delayed 3 second(s)

2021-12-27 20:07:21 - [MESSAGE][PASSED] - startApp.OpenApp.terminateApplication is PASSED

2021-12-27 20:07:21 - [MESSAGE][PASSED] - Call Test Case 'Test Cases/Mobile/Page/Run App/Terminate App' successfully]]></system-out>
         <system-err><![CDATA[]]></system-err>
      </testcase>
      <testcase name="Test Cases/Mobile/Scenario/News/004 - Bond News" time="58.469" classname="Test Cases/Mobile/Scenario/News/004 - Bond News" status="PASSED">
         <system-out><![CDATA[2021-12-27 20:07:21 - [TEST_CASE][PASSED] - Test Cases/Mobile/Scenario/News/004 - Bond News: Test Cases/Mobile/Scenario/News/004 - Bond News

2021-12-27 20:07:21 - [TEST_STEP][PASSED] - callTestCase(findTestCase("Mobile/Page/Run App/Run App byID"), [:], STOP_ON_FAILURE): Call Test Case 'Test Cases/Mobile/Page/Run App/Run App byID' successfully

2021-12-27 20:07:21 - [TEST_CASE][PASSED] - Test Cases/Mobile/Page/Run App/Run App byID: Test Cases/Mobile/Page/Run App/Run App byID

2021-12-27 20:07:21 - [TEST_STEP][PASSED] - startApp.OpenApp.startApplication("id.co.miraeasset.sageclub"): startApp.OpenApp.startApplication is PASSED

2021-12-27 20:07:33 - [MESSAGE][PASSED] - Starting app with application ID: 'id.co.miraeasset.sageclub'

2021-12-27 20:07:33 - [MESSAGE][PASSED] - startApp.OpenApp.startApplication is PASSED

2021-12-27 20:07:33 - [MESSAGE][PASSED] - Call Test Case 'Test Cases/Mobile/Page/Run App/Run App byID' successfully

2021-12-27 20:07:33 - [TEST_STEP][PASSED] - callTestCase(findTestCase("Mobile/Page/News/News"), ["tab":"bondnews"], CONTINUE_ON_FAILURE): Call Test Case 'Test Cases/Mobile/Page/News/News' successfully

2021-12-27 20:07:33 - [TEST_CASE][PASSED] - Test Cases/Mobile/Page/News/News: Test Cases/Mobile/Page/News/News

2021-12-27 20:07:33 - [TEST_STEP][PASSED] - callTestCase(findTestCase("Mobile/Page/CheckLogin"), [:], CONTINUE_ON_FAILURE): Call Test Case 'Test Cases/Mobile/Page/CheckLogin' successfully

2021-12-27 20:07:33 - [TEST_CASE][PASSED] - Test Cases/Mobile/Page/CheckLogin: Test Cases/Mobile/Page/CheckLogin

2021-12-27 20:07:33 - [TEST_STEP][PASSED] - loginCheck = verifyElementExist(findTestObject("Mobile/Page/Login/Button - Login"), 5, CONTINUE_ON_FAILURE): Element 'Object Repository/Mobile/Page/Login/Button - Login' is exist

2021-12-27 20:07:35 - [MESSAGE][PASSED] - Element 'Object Repository/Mobile/Page/Login/Button - Login' is exist

2021-12-27 20:07:35 - [TEST_STEP][PASSED] - if (loginCheck): Call Test Case 'Test Cases/Mobile/Page/Login/Login' successfully

2021-12-27 20:07:35 - [TEST_STEP][PASSED] - callTestCase(findTestCase("Mobile/Page/Login/Login"), [:], CONTINUE_ON_FAILURE): Call Test Case 'Test Cases/Mobile/Page/Login/Login' successfully

2021-12-27 20:07:35 - [TEST_CASE][PASSED] - Test Cases/Mobile/Page/Login/Login: Test Cases/Mobile/Page/Login/Login

2021-12-27 20:07:35 - [TEST_STEP][PASSED] - delay(2): Delayed 2 second(s)

2021-12-27 20:07:37 - [MESSAGE][PASSED] - Delayed 2 second(s)

2021-12-27 20:07:37 - [TEST_STEP][PASSED] - tap(findTestObject("Mobile/Page/Login/Input - UserID"), 0): Tapped on element 'Object Repository/Mobile/Page/Login/Input - UserID'

2021-12-27 20:07:37 - [MESSAGE][WARNING] - Timeout '0' is invalid. Using default page load timeout: '60'

2021-12-27 20:07:37 - [MESSAGE][PASSED] - Tapped on element 'Object Repository/Mobile/Page/Login/Input - UserID'

2021-12-27 20:07:37 - [TEST_STEP][PASSED] - delay(1): Delayed 1 second(s)

2021-12-27 20:07:38 - [MESSAGE][PASSED] - Delayed 1 second(s)

2021-12-27 20:07:38 - [TEST_STEP][PASSED] - setText(findTestObject("Mobile/Page/Login/Input Rdy - UserID"), "anggaaditya", 0): Text 'anggaaditya' has been set to element 'Object Repository/Mobile/Page/Login/Input Rdy - UserID'

2021-12-27 20:07:38 - [MESSAGE][WARNING] - Timeout '0' is invalid. Using default page load timeout: '60'

2021-12-27 20:07:39 - [MESSAGE][PASSED] - Text 'anggaaditya' has been set to element 'Object Repository/Mobile/Page/Login/Input Rdy - UserID'

2021-12-27 20:07:39 - [TEST_STEP][PASSED] - delay(1): Delayed 1 second(s)

2021-12-27 20:07:40 - [MESSAGE][PASSED] - Delayed 1 second(s)

2021-12-27 20:07:40 - [TEST_STEP][PASSED] - hideKeyboard(): Keyboard is hidden

2021-12-27 20:07:44 - [MESSAGE][PASSED] - Keyboard is hidden

2021-12-27 20:07:44 - [TEST_STEP][PASSED] - tap(findTestObject("Mobile/Page/Login/Input - Password"), 0): Tapped on element 'Object Repository/Mobile/Page/Login/Input - Password'

2021-12-27 20:07:44 - [MESSAGE][WARNING] - Timeout '0' is invalid. Using default page load timeout: '60'

2021-12-27 20:07:44 - [MESSAGE][PASSED] - Tapped on element 'Object Repository/Mobile/Page/Login/Input - Password'

2021-12-27 20:07:44 - [TEST_STEP][PASSED] - delay(1): Delayed 1 second(s)

2021-12-27 20:07:45 - [MESSAGE][PASSED] - Delayed 1 second(s)

2021-12-27 20:07:45 - [TEST_STEP][PASSED] - setText(findTestObject("Mobile/Page/Login/Input Rdy - Password"), "Shalawa18", 0): Text 'Shalawa18' has been set to element 'Object Repository/Mobile/Page/Login/Input Rdy - Password'

2021-12-27 20:07:45 - [MESSAGE][WARNING] - Timeout '0' is invalid. Using default page load timeout: '60'

2021-12-27 20:07:46 - [MESSAGE][PASSED] - Text 'Shalawa18' has been set to element 'Object Repository/Mobile/Page/Login/Input Rdy - Password'

2021-12-27 20:07:46 - [TEST_STEP][PASSED] - delay(1): Delayed 1 second(s)

2021-12-27 20:07:47 - [MESSAGE][PASSED] - Delayed 1 second(s)

2021-12-27 20:07:47 - [TEST_STEP][PASSED] - hideKeyboard(): Keyboard is hidden

2021-12-27 20:07:53 - [MESSAGE][PASSED] - Keyboard is hidden

2021-12-27 20:07:53 - [TEST_STEP][PASSED] - tap(findTestObject("Mobile/Page/Login/Button - Login"), 0): Tapped on element 'Object Repository/Mobile/Page/Login/Button - Login'

2021-12-27 20:07:53 - [MESSAGE][WARNING] - Timeout '0' is invalid. Using default page load timeout: '60'

2021-12-27 20:07:54 - [MESSAGE][PASSED] - Tapped on element 'Object Repository/Mobile/Page/Login/Button - Login'

2021-12-27 20:07:54 - [TEST_STEP][PASSED] - delay(2): Delayed 2 second(s)

2021-12-27 20:07:56 - [MESSAGE][PASSED] - Delayed 2 second(s)

2021-12-27 20:07:56 - [MESSAGE][PASSED] - Call Test Case 'Test Cases/Mobile/Page/Login/Login' successfully

2021-12-27 20:07:56 - [MESSAGE][PASSED] - Call Test Case 'Test Cases/Mobile/Page/CheckLogin' successfully

2021-12-27 20:07:56 - [TEST_STEP][PASSED] - tap(findTestObject("Mobile/Page/Home/Menubar - News"), 0): Tapped on element 'Object Repository/Mobile/Page/Home/Menubar - News'

2021-12-27 20:07:56 - [MESSAGE][WARNING] - Timeout '0' is invalid. Using default page load timeout: '60'

2021-12-27 20:07:57 - [MESSAGE][PASSED] - Tapped on element 'Object Repository/Mobile/Page/Home/Menubar - News'

2021-12-27 20:07:57 - [TEST_STEP][PASSED] - delay(1): Delayed 1 second(s)

2021-12-27 20:07:58 - [MESSAGE][PASSED] - Delayed 1 second(s)

2021-12-27 20:07:58 - [TEST_STEP][PASSED] - for ([i = 0, i < 1, (i++)]): Delayed 3 second(s)

2021-12-27 20:07:58 - [TEST_STEP][PASSED] - if (tab == "macronews"): null

2021-12-27 20:07:58 - [TEST_STEP][PASSED] - else if (tab == "stocknews"): null

2021-12-27 20:07:58 - [TEST_STEP][PASSED] - else if (tab == "fundnews"): null

2021-12-27 20:07:58 - [TEST_STEP][PASSED] - else if (tab == "bondnews"): Tapped on element 'Object Repository/Mobile/Page/News/Tab - Bond'

2021-12-27 20:07:58 - [TEST_STEP][PASSED] - tap(findTestObject("Object Repository/Mobile/Page/News/Tab - Bond"), 0): Tapped on element 'Object Repository/Mobile/Page/News/Tab - Bond'

2021-12-27 20:07:58 - [MESSAGE][WARNING] - Timeout '0' is invalid. Using default page load timeout: '60'

2021-12-27 20:07:59 - [MESSAGE][PASSED] - Tapped on element 'Object Repository/Mobile/Page/News/Tab - Bond'

2021-12-27 20:07:59 - [TEST_STEP][PASSED] - delay(1): Delayed 1 second(s)

2021-12-27 20:08:00 - [MESSAGE][PASSED] - Delayed 1 second(s)

2021-12-27 20:08:00 - [TEST_STEP][PASSED] - if (tab != "worldindices"): Delayed 3 second(s)

2021-12-27 20:08:00 - [TEST_STEP][PASSED] - try: Delayed 3 second(s)

2021-12-27 20:08:00 - [TEST_STEP][PASSED] - tapAndHold(findTestObject("Mobile/Page/News/Item - Top News"), 1, 10): Tapped and held on element 'Object Repository/Mobile/Page/News/Item - Top News' with duration 1

2021-12-27 20:08:04 - [MESSAGE][PASSED] - Tapped and held on element 'Object Repository/Mobile/Page/News/Item - Top News' with duration 1

2021-12-27 20:08:04 - [TEST_STEP][PASSED] - delay(1): Delayed 1 second(s)

2021-12-27 20:08:05 - [MESSAGE][PASSED] - Delayed 1 second(s)

2021-12-27 20:08:05 - [TEST_STEP][PASSED] - scroll.scroll.scrollScreenBottomToTop(): scroll.scroll.scrollScreenBottomToTop is PASSED

2021-12-27 20:08:05 - [MESSAGE][PASSED] - Current device physical height is 1423

2021-12-27 20:08:05 - [MESSAGE][PASSED] - Current device physical width is 720

2021-12-27 20:08:06 - [MESSAGE][PASSED] - Swiped from 360,1,138 to 360,284

2021-12-27 20:08:06 - [MESSAGE][PASSED] - scroll.scroll.scrollScreenBottomToTop is PASSED

2021-12-27 20:08:06 - [TEST_STEP][PASSED] - delay(3): Delayed 3 second(s)

2021-12-27 20:08:09 - [MESSAGE][PASSED] - Delayed 3 second(s)

2021-12-27 20:08:09 - [MESSAGE][PASSED] - Call Test Case 'Test Cases/Mobile/Page/News/News' successfully

2021-12-27 20:08:09 - [TEST_STEP][PASSED] - callTestCase(findTestCase("Mobile/Page/Run App/Terminate App"), [:], STOP_ON_FAILURE): Call Test Case 'Test Cases/Mobile/Page/Run App/Terminate App' successfully

2021-12-27 20:08:09 - [TEST_CASE][PASSED] - Test Cases/Mobile/Page/Run App/Terminate App: Test Cases/Mobile/Page/Run App/Terminate App

2021-12-27 20:08:09 - [TEST_STEP][PASSED] - startApp.OpenApp.terminateApplication(): startApp.OpenApp.terminateApplication is PASSED

2021-12-27 20:08:12 - [MESSAGE][PASSED] - Delayed 3 second(s)

2021-12-27 20:08:13 - [MESSAGE][PASSED] - Current device physical width is 720

2021-12-27 20:08:13 - [MESSAGE][PASSED] - Current device physical height is 1423

2021-12-27 20:08:14 - [MESSAGE][PASSED] - Swiped from 360,853 to 360,142

2021-12-27 20:08:15 - [MESSAGE][PASSED] - Delayed 1 second(s)

2021-12-27 20:08:16 - [MESSAGE][PASSED] - Swiped from 360,853 to 360,142

2021-12-27 20:08:19 - [MESSAGE][PASSED] - Delayed 3 second(s)

2021-12-27 20:08:19 - [MESSAGE][PASSED] - startApp.OpenApp.terminateApplication is PASSED

2021-12-27 20:08:19 - [MESSAGE][PASSED] - Call Test Case 'Test Cases/Mobile/Page/Run App/Terminate App' successfully]]></system-out>
         <system-err><![CDATA[]]></system-err>
      </testcase>
      <testcase name="Test Cases/Mobile/Scenario/News/005 - Macro News" time="57.884" classname="Test Cases/Mobile/Scenario/News/005 - Macro News" status="PASSED">
         <system-out><![CDATA[2021-12-27 20:08:19 - [TEST_CASE][PASSED] - Test Cases/Mobile/Scenario/News/005 - Macro News: Test Cases/Mobile/Scenario/News/005 - Macro News

2021-12-27 20:08:20 - [TEST_STEP][PASSED] - callTestCase(findTestCase("Mobile/Page/Run App/Run App byID"), [:], STOP_ON_FAILURE): Call Test Case 'Test Cases/Mobile/Page/Run App/Run App byID' successfully

2021-12-27 20:08:20 - [TEST_CASE][PASSED] - Test Cases/Mobile/Page/Run App/Run App byID: Test Cases/Mobile/Page/Run App/Run App byID

2021-12-27 20:08:20 - [TEST_STEP][PASSED] - startApp.OpenApp.startApplication("id.co.miraeasset.sageclub"): startApp.OpenApp.startApplication is PASSED

2021-12-27 20:08:31 - [MESSAGE][PASSED] - Starting app with application ID: 'id.co.miraeasset.sageclub'

2021-12-27 20:08:31 - [MESSAGE][PASSED] - startApp.OpenApp.startApplication is PASSED

2021-12-27 20:08:31 - [MESSAGE][PASSED] - Call Test Case 'Test Cases/Mobile/Page/Run App/Run App byID' successfully

2021-12-27 20:08:31 - [TEST_STEP][PASSED] - callTestCase(findTestCase("Mobile/Page/News/News"), ["tab":"macronews"], CONTINUE_ON_FAILURE): Call Test Case 'Test Cases/Mobile/Page/News/News' successfully

2021-12-27 20:08:32 - [TEST_CASE][PASSED] - Test Cases/Mobile/Page/News/News: Test Cases/Mobile/Page/News/News

2021-12-27 20:08:32 - [TEST_STEP][PASSED] - callTestCase(findTestCase("Mobile/Page/CheckLogin"), [:], CONTINUE_ON_FAILURE): Call Test Case 'Test Cases/Mobile/Page/CheckLogin' successfully

2021-12-27 20:08:32 - [TEST_CASE][PASSED] - Test Cases/Mobile/Page/CheckLogin: Test Cases/Mobile/Page/CheckLogin

2021-12-27 20:08:32 - [TEST_STEP][PASSED] - loginCheck = verifyElementExist(findTestObject("Mobile/Page/Login/Button - Login"), 5, CONTINUE_ON_FAILURE): Element 'Object Repository/Mobile/Page/Login/Button - Login' is exist

2021-12-27 20:08:33 - [MESSAGE][PASSED] - Element 'Object Repository/Mobile/Page/Login/Button - Login' is exist

2021-12-27 20:08:33 - [TEST_STEP][PASSED] - if (loginCheck): Call Test Case 'Test Cases/Mobile/Page/Login/Login' successfully

2021-12-27 20:08:33 - [TEST_STEP][PASSED] - callTestCase(findTestCase("Mobile/Page/Login/Login"), [:], CONTINUE_ON_FAILURE): Call Test Case 'Test Cases/Mobile/Page/Login/Login' successfully

2021-12-27 20:08:33 - [TEST_CASE][PASSED] - Test Cases/Mobile/Page/Login/Login: Test Cases/Mobile/Page/Login/Login

2021-12-27 20:08:33 - [TEST_STEP][PASSED] - delay(2): Delayed 2 second(s)

2021-12-27 20:08:35 - [MESSAGE][PASSED] - Delayed 2 second(s)

2021-12-27 20:08:35 - [TEST_STEP][PASSED] - tap(findTestObject("Mobile/Page/Login/Input - UserID"), 0): Tapped on element 'Object Repository/Mobile/Page/Login/Input - UserID'

2021-12-27 20:08:36 - [MESSAGE][WARNING] - Timeout '0' is invalid. Using default page load timeout: '60'

2021-12-27 20:08:36 - [MESSAGE][PASSED] - Tapped on element 'Object Repository/Mobile/Page/Login/Input - UserID'

2021-12-27 20:08:36 - [TEST_STEP][PASSED] - delay(1): Delayed 1 second(s)

2021-12-27 20:08:37 - [MESSAGE][PASSED] - Delayed 1 second(s)

2021-12-27 20:08:37 - [TEST_STEP][PASSED] - setText(findTestObject("Mobile/Page/Login/Input Rdy - UserID"), "anggaaditya", 0): Text 'anggaaditya' has been set to element 'Object Repository/Mobile/Page/Login/Input Rdy - UserID'

2021-12-27 20:08:37 - [MESSAGE][WARNING] - Timeout '0' is invalid. Using default page load timeout: '60'

2021-12-27 20:08:38 - [MESSAGE][PASSED] - Text 'anggaaditya' has been set to element 'Object Repository/Mobile/Page/Login/Input Rdy - UserID'

2021-12-27 20:08:38 - [TEST_STEP][PASSED] - delay(1): Delayed 1 second(s)

2021-12-27 20:08:39 - [MESSAGE][PASSED] - Delayed 1 second(s)

2021-12-27 20:08:39 - [TEST_STEP][PASSED] - hideKeyboard(): Keyboard is hidden

2021-12-27 20:08:42 - [MESSAGE][PASSED] - Keyboard is hidden

2021-12-27 20:08:42 - [TEST_STEP][PASSED] - tap(findTestObject("Mobile/Page/Login/Input - Password"), 0): Tapped on element 'Object Repository/Mobile/Page/Login/Input - Password'

2021-12-27 20:08:42 - [MESSAGE][WARNING] - Timeout '0' is invalid. Using default page load timeout: '60'

2021-12-27 20:08:43 - [MESSAGE][PASSED] - Tapped on element 'Object Repository/Mobile/Page/Login/Input - Password'

2021-12-27 20:08:43 - [TEST_STEP][PASSED] - delay(1): Delayed 1 second(s)

2021-12-27 20:08:44 - [MESSAGE][PASSED] - Delayed 1 second(s)

2021-12-27 20:08:44 - [TEST_STEP][PASSED] - setText(findTestObject("Mobile/Page/Login/Input Rdy - Password"), "Shalawa18", 0): Text 'Shalawa18' has been set to element 'Object Repository/Mobile/Page/Login/Input Rdy - Password'

2021-12-27 20:08:44 - [MESSAGE][WARNING] - Timeout '0' is invalid. Using default page load timeout: '60'

2021-12-27 20:08:44 - [MESSAGE][PASSED] - Text 'Shalawa18' has been set to element 'Object Repository/Mobile/Page/Login/Input Rdy - Password'

2021-12-27 20:08:44 - [TEST_STEP][PASSED] - delay(1): Delayed 1 second(s)

2021-12-27 20:08:45 - [MESSAGE][PASSED] - Delayed 1 second(s)

2021-12-27 20:08:45 - [TEST_STEP][PASSED] - hideKeyboard(): Keyboard is hidden

2021-12-27 20:08:51 - [MESSAGE][PASSED] - Keyboard is hidden

2021-12-27 20:08:51 - [TEST_STEP][PASSED] - tap(findTestObject("Mobile/Page/Login/Button - Login"), 0): Tapped on element 'Object Repository/Mobile/Page/Login/Button - Login'

2021-12-27 20:08:51 - [MESSAGE][WARNING] - Timeout '0' is invalid. Using default page load timeout: '60'

2021-12-27 20:08:53 - [MESSAGE][PASSED] - Tapped on element 'Object Repository/Mobile/Page/Login/Button - Login'

2021-12-27 20:08:53 - [TEST_STEP][PASSED] - delay(2): Delayed 2 second(s)

2021-12-27 20:08:55 - [MESSAGE][PASSED] - Delayed 2 second(s)

2021-12-27 20:08:55 - [MESSAGE][PASSED] - Call Test Case 'Test Cases/Mobile/Page/Login/Login' successfully

2021-12-27 20:08:55 - [MESSAGE][PASSED] - Call Test Case 'Test Cases/Mobile/Page/CheckLogin' successfully

2021-12-27 20:08:55 - [TEST_STEP][PASSED] - tap(findTestObject("Mobile/Page/Home/Menubar - News"), 0): Tapped on element 'Object Repository/Mobile/Page/Home/Menubar - News'

2021-12-27 20:08:55 - [MESSAGE][WARNING] - Timeout '0' is invalid. Using default page load timeout: '60'

2021-12-27 20:08:55 - [MESSAGE][PASSED] - Tapped on element 'Object Repository/Mobile/Page/Home/Menubar - News'

2021-12-27 20:08:55 - [TEST_STEP][PASSED] - delay(1): Delayed 1 second(s)

2021-12-27 20:08:57 - [MESSAGE][PASSED] - Delayed 1 second(s)

2021-12-27 20:08:57 - [TEST_STEP][PASSED] - for ([i = 0, i < 1, (i++)]): Delayed 3 second(s)

2021-12-27 20:08:57 - [TEST_STEP][PASSED] - if (tab == "macronews"): Tapped on element 'Object Repository/Mobile/Page/News/Tab - Macro'

2021-12-27 20:08:57 - [TEST_STEP][PASSED] - tap(findTestObject("Object Repository/Mobile/Page/News/Tab - Macro"), 0): Tapped on element 'Object Repository/Mobile/Page/News/Tab - Macro'

2021-12-27 20:08:57 - [MESSAGE][WARNING] - Timeout '0' is invalid. Using default page load timeout: '60'

2021-12-27 20:08:57 - [MESSAGE][PASSED] - Tapped on element 'Object Repository/Mobile/Page/News/Tab - Macro'

2021-12-27 20:08:57 - [TEST_STEP][PASSED] - delay(1): Delayed 1 second(s)

2021-12-27 20:08:58 - [MESSAGE][PASSED] - Delayed 1 second(s)

2021-12-27 20:08:58 - [TEST_STEP][PASSED] - if (tab != "worldindices"): Delayed 3 second(s)

2021-12-27 20:08:58 - [TEST_STEP][PASSED] - try: Delayed 3 second(s)

2021-12-27 20:08:58 - [TEST_STEP][PASSED] - tapAndHold(findTestObject("Mobile/Page/News/Item - Top News"), 1, 10): Tapped and held on element 'Object Repository/Mobile/Page/News/Item - Top News' with duration 1

2021-12-27 20:09:01 - [MESSAGE][PASSED] - Tapped and held on element 'Object Repository/Mobile/Page/News/Item - Top News' with duration 1

2021-12-27 20:09:01 - [TEST_STEP][PASSED] - delay(1): Delayed 1 second(s)

2021-12-27 20:09:02 - [MESSAGE][PASSED] - Delayed 1 second(s)

2021-12-27 20:09:02 - [TEST_STEP][PASSED] - scroll.scroll.scrollScreenBottomToTop(): scroll.scroll.scrollScreenBottomToTop is PASSED

2021-12-27 20:09:03 - [MESSAGE][PASSED] - Current device physical height is 1423

2021-12-27 20:09:03 - [MESSAGE][PASSED] - Current device physical width is 720

2021-12-27 20:09:04 - [MESSAGE][PASSED] - Swiped from 360,1,138 to 360,284

2021-12-27 20:09:04 - [MESSAGE][PASSED] - scroll.scroll.scrollScreenBottomToTop is PASSED

2021-12-27 20:09:04 - [TEST_STEP][PASSED] - delay(3): Delayed 3 second(s)

2021-12-27 20:09:07 - [MESSAGE][PASSED] - Delayed 3 second(s)

2021-12-27 20:09:07 - [MESSAGE][PASSED] - Call Test Case 'Test Cases/Mobile/Page/News/News' successfully

2021-12-27 20:09:07 - [TEST_STEP][PASSED] - callTestCase(findTestCase("Mobile/Page/Run App/Terminate App"), [:], STOP_ON_FAILURE): Call Test Case 'Test Cases/Mobile/Page/Run App/Terminate App' successfully

2021-12-27 20:09:07 - [TEST_CASE][PASSED] - Test Cases/Mobile/Page/Run App/Terminate App: Test Cases/Mobile/Page/Run App/Terminate App

2021-12-27 20:09:07 - [TEST_STEP][PASSED] - startApp.OpenApp.terminateApplication(): startApp.OpenApp.terminateApplication is PASSED

2021-12-27 20:09:10 - [MESSAGE][PASSED] - Delayed 3 second(s)

2021-12-27 20:09:10 - [MESSAGE][PASSED] - Current device physical width is 720

2021-12-27 20:09:11 - [MESSAGE][PASSED] - Current device physical height is 1423

2021-12-27 20:09:12 - [MESSAGE][PASSED] - Swiped from 360,853 to 360,142

2021-12-27 20:09:13 - [MESSAGE][PASSED] - Delayed 1 second(s)

2021-12-27 20:09:14 - [MESSAGE][PASSED] - Swiped from 360,853 to 360,142

2021-12-27 20:09:17 - [MESSAGE][PASSED] - Delayed 3 second(s)

2021-12-27 20:09:17 - [MESSAGE][PASSED] - startApp.OpenApp.terminateApplication is PASSED

2021-12-27 20:09:17 - [MESSAGE][PASSED] - Call Test Case 'Test Cases/Mobile/Page/Run App/Terminate App' successfully]]></system-out>
         <system-err><![CDATA[]]></system-err>
      </testcase>
      <system-out><![CDATA[2021-12-27 20:04:13 - [TEST_SUITE][PASSED] - news: Test Cases/Mobile/Scenario/News/005 - Macro News]]></system-out>
      <system-err><![CDATA[]]></system-err>
   </testsuite>
</testsuites>
