<?xml version="1.0" encoding="UTF-8"?>
<testsuites name="portfolio" time="1485.162" tests="19" failures="0" skips="0" errors="0">
   <testsuite name="portfolio" tests="19" failures="0" errors="0" time="1485.162" skips="0" timestamp="2022-02-17 20:26:59" hostname="Owner - aldy-tft" id="Test Suites/portfolio">
      <properties>
         <property name="deviceName" value="samsung SM-A205F (Android 11)"/>
         <property name="devicePlatform" value=""/>
         <property name="logFolder" value="C:\\Users\\Owner\\Documents\\kerjaan\\KatalonProject\\qa_katalon_pwm\\qa_katalon_pwm\\Reports\\20220217_202643\\portfolio\\20220217_202643"/>
         <property name="logFiles" value="C:\\Users\\Owner\\Documents\\kerjaan\\KatalonProject\\qa_katalon_pwm\\qa_katalon_pwm\\Reports\\20220217_202643\\portfolio\\20220217_202643\\appium.log, C:\\Users\\Owner\\Documents\\kerjaan\\KatalonProject\\qa_katalon_pwm\\qa_katalon_pwm\\Reports\\20220217_202643\\portfolio\\20220217_202643\\execution0.log"/>
         <property name="attachments" value=""/>
         <property name="hostName" value="Owner - aldy-tft"/>
         <property name="os" value="Windows 10 64bit"/>
         <property name="appiumServerStatus" value="{&quot;value&quot;:{&quot;build&quot;:{&quot;version&quot;:&quot;1.22.0&quot;}},&quot;sessionId&quot;:null,&quot;status&quot;:0}"/>
         <property name="katalonVersion" value="7.9.1.208"/>
         <property name="deviceOS" value="Android"/>
         <property name="appiumVersion" value="1.22.0"/>
         <property name="deviceModel" value="SM-A205F"/>
         <property name="hostAddress" value="192.168.100.33"/>
         <property name="deviceManufacturer" value="samsung"/>
         <property name="deviceId" value="RR8M40C9AXE"/>
         <property name="deviceName" value="samsung SM-A205F (Android 11)"/>
         <property name="deviceOSVersion" value="11"/>
      </properties>
      <testcase name="Test Cases/Mobile/Scenario/Portfolio/001 - Summary" time="157.018" classname="Test Cases/Mobile/Scenario/Portfolio/001 - Summary" status="PASSED">
         <system-out><![CDATA[2022-02-17 20:27:02 - [TEST_CASE][PASSED] - Test Cases/Mobile/Scenario/Portfolio/001 - Summary: Test Cases/Mobile/Scenario/Portfolio/001 - Summary

2022-02-17 20:27:05 - [TEST_STEP][PASSED] - callTestCase(findTestCase("Mobile/Page/Run App/Run App byID"), [:], STOP_ON_FAILURE): Call Test Case 'Test Cases/Mobile/Page/Run App/Run App byID' successfully

2022-02-17 20:27:05 - [TEST_CASE][PASSED] - Test Cases/Mobile/Page/Run App/Run App byID: Test Cases/Mobile/Page/Run App/Run App byID

2022-02-17 20:27:07 - [TEST_STEP][PASSED] - startApp.OpenApp.startApplication("id.co.miraeasset.sageclub"): startApp.OpenApp.startApplication is PASSED

2022-02-17 20:27:13 - [MESSAGE][INFO] - Appium server started on port 59,237

2022-02-17 20:27:44 - [MESSAGE][PASSED] - Starting app with application ID: 'id.co.miraeasset.sageclub'

2022-02-17 20:27:44 - [MESSAGE][PASSED] - startApp.OpenApp.startApplication is PASSED

2022-02-17 20:27:44 - [MESSAGE][PASSED] - Call Test Case 'Test Cases/Mobile/Page/Run App/Run App byID' successfully

2022-02-17 20:27:44 - [TEST_STEP][PASSED] - callTestCase(findTestCase("Mobile/Page/Portfolio/Portfolio"), ["tab":"summary", "action":"summary"], CONTINUE_ON_FAILURE): Call Test Case 'Test Cases/Mobile/Page/Portfolio/Portfolio' successfully

2022-02-17 20:27:44 - [TEST_CASE][PASSED] - Test Cases/Mobile/Page/Portfolio/Portfolio: Test Cases/Mobile/Page/Portfolio/Portfolio

2022-02-17 20:27:46 - [TEST_STEP][PASSED] - callTestCase(findTestCase("Mobile/Page/CheckLogin"), [:], CONTINUE_ON_FAILURE): Call Test Case 'Test Cases/Mobile/Page/CheckLogin' successfully

2022-02-17 20:27:46 - [TEST_CASE][PASSED] - Test Cases/Mobile/Page/CheckLogin: Test Cases/Mobile/Page/CheckLogin

2022-02-17 20:27:47 - [TEST_STEP][PASSED] - loginCheck = verifyElementExist(LOGN_BtnLogin, 5, CONTINUE_ON_FAILURE): Element 'Object Repository/Mobile/Page/Login/Button - Login' is exist

2022-02-17 20:27:48 - [MESSAGE][WARNING] - Test object with id 'Object Repository/Mobile/Page/Analysis/Button - Open With Just Once' does not exist

2022-02-17 20:27:48 - [MESSAGE][WARNING] - Test object with id 'Object Repository/Mobile/Page/Analysis/Button - Search' does not exist

2022-02-17 20:27:54 - [MESSAGE][WARNING] - Test object with id 'Object Repository/Mobile/Page/Home/Button -  Add Watchlist' does not exist

2022-02-17 20:27:54 - [MESSAGE][WARNING] - Test object with id 'Object Repository/Mobile/Page/Home/Button - Open with Just Once' does not exist

2022-02-17 20:27:55 - [MESSAGE][WARNING] - Test object with id 'Object Repository/Mobile/Page/Home/Container - Notification' does not exist

2022-02-17 20:27:57 - [MESSAGE][WARNING] - Test object with id 'Object Repository/Mobile/Page/Home/Watchlist/Input - Search' does not exist

2022-02-17 20:27:57 - [MESSAGE][WARNING] - Test object with id 'Object Repository/Mobile/Page/Home/Watchlist/Item - Top Search' does not exist

2022-02-17 20:27:58 - [MESSAGE][WARNING] - Test object with id 'Object Repository/Mobile/Page/Home/Watchlist/Detail Watchlist/Input - Expiry Date' does not exist

2022-02-17 20:27:59 - [MESSAGE][WARNING] - Test object with id 'Object Repository/Mobile/Page/Home/Watchlist/Detail Watchlist/Item - Watchlist' does not exist

2022-02-17 20:28:02 - [MESSAGE][WARNING] - Test object with id 'Object Repository/Mobile/Page/NavigationMenu/Button - Open Just Once' does not exist

2022-02-17 20:28:02 - [MESSAGE][WARNING] - Test object with id 'Object Repository/Mobile/Page/NavigationMenu/Container - Logout' does not exist

2022-02-17 20:28:18 - [MESSAGE][WARNING] - Test object with id 'Object Repository/Mobile/Page/Analysis/Button - Open With Just Once' does not exist

2022-02-17 20:28:18 - [MESSAGE][WARNING] - Test object with id 'Object Repository/Mobile/Page/Analysis/Button - Search' does not exist

2022-02-17 20:28:25 - [MESSAGE][WARNING] - Test object with id 'Object Repository/Mobile/Page/Home/Button -  Add Watchlist' does not exist

2022-02-17 20:28:25 - [MESSAGE][WARNING] - Test object with id 'Object Repository/Mobile/Page/Home/Button - Open with Just Once' does not exist

2022-02-17 20:28:26 - [MESSAGE][WARNING] - Test object with id 'Object Repository/Mobile/Page/Home/Container - Notification' does not exist

2022-02-17 20:28:28 - [MESSAGE][WARNING] - Test object with id 'Object Repository/Mobile/Page/Home/Watchlist/Input - Search' does not exist

2022-02-17 20:28:28 - [MESSAGE][WARNING] - Test object with id 'Object Repository/Mobile/Page/Home/Watchlist/Item - Top Search' does not exist

2022-02-17 20:28:30 - [MESSAGE][WARNING] - Test object with id 'Object Repository/Mobile/Page/Home/Watchlist/Detail Watchlist/Input - Expiry Date' does not exist

2022-02-17 20:28:31 - [MESSAGE][WARNING] - Test object with id 'Object Repository/Mobile/Page/Home/Watchlist/Detail Watchlist/Item - Watchlist' does not exist

2022-02-17 20:28:35 - [MESSAGE][WARNING] - Test object with id 'Object Repository/Mobile/Page/NavigationMenu/Button - Open Just Once' does not exist

2022-02-17 20:28:35 - [MESSAGE][WARNING] - Test object with id 'Object Repository/Mobile/Page/NavigationMenu/Container - Logout' does not exist

2022-02-17 20:28:49 - [MESSAGE][PASSED] - Element 'Object Repository/Mobile/Page/Login/Button - Login' is exist

2022-02-17 20:28:49 - [TEST_STEP][PASSED] - if (loginCheck): Call Test Case 'Test Cases/Mobile/Page/Login/Login' successfully

2022-02-17 20:28:49 - [TEST_STEP][PASSED] - callTestCase(findTestCase("Mobile/Page/Login/Login"), ["action":"username"], CONTINUE_ON_FAILURE): Call Test Case 'Test Cases/Mobile/Page/Login/Login' successfully

2022-02-17 20:28:49 - [TEST_CASE][PASSED] - Test Cases/Mobile/Page/Login/Login: Test Cases/Mobile/Page/Login/Login

2022-02-17 20:28:51 - [TEST_STEP][PASSED] - delay(2): Delayed 2 second(s)

2022-02-17 20:28:53 - [MESSAGE][PASSED] - Delayed 2 second(s)

2022-02-17 20:28:53 - [TEST_STEP][PASSED] - for ([i = 0, i < 1, (i++)]): null

2022-02-17 20:28:53 - [TEST_STEP][PASSED] - if (action == "username"): null

2022-02-17 20:28:53 - [TEST_STEP][PASSED] - tap(LOGN_EdtUserID, 0): Tapped on element 'Object Repository/Mobile/Page/Login/Input - UserID'

2022-02-17 20:28:53 - [MESSAGE][WARNING] - Timeout '0' is invalid. Using default page load timeout: '60'

2022-02-17 20:28:53 - [MESSAGE][PASSED] - Tapped on element 'Object Repository/Mobile/Page/Login/Input - UserID'

2022-02-17 20:28:53 - [TEST_STEP][PASSED] - delay(1): Delayed 1 second(s)

2022-02-17 20:28:54 - [MESSAGE][PASSED] - Delayed 1 second(s)

2022-02-17 20:28:54 - [TEST_STEP][PASSED] - setText(LOGN_EdtRdyUserID, "anggaaditya", 0): Text 'anggaaditya' has been set to element 'Object Repository/Mobile/Page/Login/Input Rdy - UserID'

2022-02-17 20:28:55 - [MESSAGE][WARNING] - Timeout '0' is invalid. Using default page load timeout: '60'

2022-02-17 20:28:57 - [MESSAGE][PASSED] - Text 'anggaaditya' has been set to element 'Object Repository/Mobile/Page/Login/Input Rdy - UserID'

2022-02-17 20:28:57 - [TEST_STEP][PASSED] - delay(1): Delayed 1 second(s)

2022-02-17 20:28:58 - [MESSAGE][PASSED] - Delayed 1 second(s)

2022-02-17 20:28:58 - [TEST_STEP][PASSED] - hideKeyboard(): Keyboard is hidden

2022-02-17 20:29:04 - [MESSAGE][PASSED] - Keyboard is hidden

2022-02-17 20:29:04 - [TEST_STEP][PASSED] - tap(LOGN_EdtPassword, 0): Tapped on element 'Object Repository/Mobile/Page/Login/Input - Password'

2022-02-17 20:29:04 - [MESSAGE][WARNING] - Timeout '0' is invalid. Using default page load timeout: '60'

2022-02-17 20:29:04 - [MESSAGE][PASSED] - Tapped on element 'Object Repository/Mobile/Page/Login/Input - Password'

2022-02-17 20:29:04 - [TEST_STEP][PASSED] - delay(1): Delayed 1 second(s)

2022-02-17 20:29:05 - [MESSAGE][PASSED] - Delayed 1 second(s)

2022-02-17 20:29:05 - [TEST_STEP][PASSED] - setText(LOGN_EdtRdyPassword, "Shalawa18", 0): Text 'Shalawa18' has been set to element 'Object Repository/Mobile/Page/Login/Input Rdy - Password'

2022-02-17 20:29:05 - [MESSAGE][WARNING] - Timeout '0' is invalid. Using default page load timeout: '60'

2022-02-17 20:29:06 - [MESSAGE][PASSED] - Text 'Shalawa18' has been set to element 'Object Repository/Mobile/Page/Login/Input Rdy - Password'

2022-02-17 20:29:06 - [TEST_STEP][PASSED] - delay(1): Delayed 1 second(s)

2022-02-17 20:29:07 - [MESSAGE][PASSED] - Delayed 1 second(s)

2022-02-17 20:29:07 - [TEST_STEP][PASSED] - hideKeyboard(): Keyboard is hidden

2022-02-17 20:29:18 - [MESSAGE][PASSED] - Keyboard is hidden

2022-02-17 20:29:18 - [TEST_STEP][PASSED] - tap(LOGN_BtnLogin, 0): Tapped on element 'Object Repository/Mobile/Page/Login/Button - Login'

2022-02-17 20:29:18 - [MESSAGE][WARNING] - Timeout '0' is invalid. Using default page load timeout: '60'

2022-02-17 20:29:19 - [MESSAGE][PASSED] - Tapped on element 'Object Repository/Mobile/Page/Login/Button - Login'

2022-02-17 20:29:19 - [TEST_STEP][PASSED] - delay(2): Delayed 2 second(s)

2022-02-17 20:29:21 - [MESSAGE][PASSED] - Delayed 2 second(s)

2022-02-17 20:29:21 - [TEST_STEP][PASSED] - break: null

2022-02-17 20:29:21 - [MESSAGE][PASSED] - Call Test Case 'Test Cases/Mobile/Page/Login/Login' successfully

2022-02-17 20:29:21 - [MESSAGE][PASSED] - Call Test Case 'Test Cases/Mobile/Page/CheckLogin' successfully

2022-02-17 20:29:21 - [TEST_STEP][PASSED] - tap(HOME_MenubarPortfolio, 0): Tapped on element 'Object Repository/Mobile/Page/Home/Menubar - Portfolio'

2022-02-17 20:29:21 - [MESSAGE][WARNING] - Timeout '0' is invalid. Using default page load timeout: '60'

2022-02-17 20:29:23 - [MESSAGE][PASSED] - Tapped on element 'Object Repository/Mobile/Page/Home/Menubar - Portfolio'

2022-02-17 20:29:23 - [TEST_STEP][PASSED] - delay(1): Delayed 1 second(s)

2022-02-17 20:29:24 - [MESSAGE][PASSED] - Delayed 1 second(s)

2022-02-17 20:29:24 - [TEST_STEP][PASSED] - for ([i = 0, i < 1, (i++)]): null

2022-02-17 20:29:24 - [TEST_STEP][PASSED] - if (tab == "summary"): null

2022-02-17 20:29:24 - [TEST_STEP][PASSED] - idr = PORT_BtnIDR: null

2022-02-17 20:29:24 - [TEST_STEP][PASSED] - persen = PORT_BtnPersen: null

2022-02-17 20:29:24 - [TEST_STEP][PASSED] - if (action == "summary"): Delayed 3 second(s)

2022-02-17 20:29:24 - [TEST_STEP][PASSED] - delay(3): Delayed 3 second(s)

2022-02-17 20:29:27 - [MESSAGE][PASSED] - Delayed 3 second(s)

2022-02-17 20:29:27 - [TEST_STEP][PASSED] - if (action != "summary"): null

2022-02-17 20:29:27 - [MESSAGE][PASSED] - Call Test Case 'Test Cases/Mobile/Page/Portfolio/Portfolio' successfully

2022-02-17 20:29:27 - [TEST_STEP][PASSED] - callTestCase(findTestCase("Mobile/Page/Run App/Terminate App"), [:], STOP_ON_FAILURE): Call Test Case 'Test Cases/Mobile/Page/Run App/Terminate App' successfully

2022-02-17 20:29:27 - [TEST_CASE][PASSED] - Test Cases/Mobile/Page/Run App/Terminate App: Test Cases/Mobile/Page/Run App/Terminate App

2022-02-17 20:29:29 - [TEST_STEP][PASSED] - startApp.OpenApp.terminateApplication(): startApp.OpenApp.terminateApplication is PASSED

2022-02-17 20:29:32 - [MESSAGE][PASSED] - Delayed 3 second(s)

2022-02-17 20:29:32 - [MESSAGE][PASSED] - Current device physical width is 720

2022-02-17 20:29:33 - [MESSAGE][PASSED] - Current device physical height is 1423

2022-02-17 20:29:34 - [MESSAGE][PASSED] - Swiped from 360,853 to 360,142

2022-02-17 20:29:35 - [MESSAGE][PASSED] - Delayed 1 second(s)

2022-02-17 20:29:36 - [MESSAGE][PASSED] - Swiped from 360,853 to 360,142

2022-02-17 20:29:39 - [MESSAGE][PASSED] - Delayed 3 second(s)

2022-02-17 20:29:39 - [MESSAGE][PASSED] - startApp.OpenApp.terminateApplication is PASSED

2022-02-17 20:29:39 - [MESSAGE][PASSED] - Call Test Case 'Test Cases/Mobile/Page/Run App/Terminate App' successfully]]></system-out>
         <system-err><![CDATA[]]></system-err>
      </testcase>
      <testcase name="Test Cases/Mobile/Scenario/Portfolio/002 - Portfolio Performance Daily IDR" time="79.624" classname="Test Cases/Mobile/Scenario/Portfolio/002 - Portfolio Performance Daily IDR" status="PASSED">
         <system-out><![CDATA[2022-02-17 20:29:39 - [TEST_CASE][PASSED] - Test Cases/Mobile/Scenario/Portfolio/002 - Portfolio Performance Daily IDR: Test Cases/Mobile/Scenario/Portfolio/002 - Portfolio Performance Daily IDR

2022-02-17 20:29:40 - [TEST_STEP][PASSED] - callTestCase(findTestCase("Mobile/Page/Run App/Run App byID"), [:], STOP_ON_FAILURE): Call Test Case 'Test Cases/Mobile/Page/Run App/Run App byID' successfully

2022-02-17 20:29:40 - [TEST_CASE][PASSED] - Test Cases/Mobile/Page/Run App/Run App byID: Test Cases/Mobile/Page/Run App/Run App byID

2022-02-17 20:29:40 - [TEST_STEP][PASSED] - startApp.OpenApp.startApplication("id.co.miraeasset.sageclub"): startApp.OpenApp.startApplication is PASSED

2022-02-17 20:29:58 - [MESSAGE][PASSED] - Starting app with application ID: 'id.co.miraeasset.sageclub'

2022-02-17 20:29:58 - [MESSAGE][PASSED] - startApp.OpenApp.startApplication is PASSED

2022-02-17 20:29:58 - [MESSAGE][PASSED] - Call Test Case 'Test Cases/Mobile/Page/Run App/Run App byID' successfully

2022-02-17 20:29:58 - [TEST_STEP][PASSED] - callTestCase(findTestCase("Mobile/Page/Portfolio/Portfolio"), ["tab":"summary", "action":"perf_daily", "action2":"idr"], CONTINUE_ON_FAILURE): Call Test Case 'Test Cases/Mobile/Page/Portfolio/Portfolio' successfully

2022-02-17 20:29:58 - [TEST_CASE][PASSED] - Test Cases/Mobile/Page/Portfolio/Portfolio: Test Cases/Mobile/Page/Portfolio/Portfolio

2022-02-17 20:29:58 - [TEST_STEP][PASSED] - callTestCase(findTestCase("Mobile/Page/CheckLogin"), [:], CONTINUE_ON_FAILURE): Call Test Case 'Test Cases/Mobile/Page/CheckLogin' successfully

2022-02-17 20:29:58 - [TEST_CASE][PASSED] - Test Cases/Mobile/Page/CheckLogin: Test Cases/Mobile/Page/CheckLogin

2022-02-17 20:29:58 - [TEST_STEP][PASSED] - loginCheck = verifyElementExist(LOGN_BtnLogin, 5, CONTINUE_ON_FAILURE): Element 'Object Repository/Mobile/Page/Login/Button - Login' is exist

2022-02-17 20:30:01 - [MESSAGE][PASSED] - Element 'Object Repository/Mobile/Page/Login/Button - Login' is exist

2022-02-17 20:30:01 - [TEST_STEP][PASSED] - if (loginCheck): Call Test Case 'Test Cases/Mobile/Page/Login/Login' successfully

2022-02-17 20:30:01 - [TEST_STEP][PASSED] - callTestCase(findTestCase("Mobile/Page/Login/Login"), ["action":"username"], CONTINUE_ON_FAILURE): Call Test Case 'Test Cases/Mobile/Page/Login/Login' successfully

2022-02-17 20:30:01 - [TEST_CASE][PASSED] - Test Cases/Mobile/Page/Login/Login: Test Cases/Mobile/Page/Login/Login

2022-02-17 20:30:01 - [TEST_STEP][PASSED] - delay(2): Delayed 2 second(s)

2022-02-17 20:30:03 - [MESSAGE][PASSED] - Delayed 2 second(s)

2022-02-17 20:30:03 - [TEST_STEP][PASSED] - for ([i = 0, i < 1, (i++)]): null

2022-02-17 20:30:03 - [TEST_STEP][PASSED] - if (action == "username"): null

2022-02-17 20:30:03 - [TEST_STEP][PASSED] - tap(LOGN_EdtUserID, 0): Tapped on element 'Object Repository/Mobile/Page/Login/Input - UserID'

2022-02-17 20:30:03 - [MESSAGE][WARNING] - Timeout '0' is invalid. Using default page load timeout: '60'

2022-02-17 20:30:03 - [MESSAGE][PASSED] - Tapped on element 'Object Repository/Mobile/Page/Login/Input - UserID'

2022-02-17 20:30:03 - [TEST_STEP][PASSED] - delay(1): Delayed 1 second(s)

2022-02-17 20:30:04 - [MESSAGE][PASSED] - Delayed 1 second(s)

2022-02-17 20:30:04 - [TEST_STEP][PASSED] - setText(LOGN_EdtRdyUserID, "anggaaditya", 0): Text 'anggaaditya' has been set to element 'Object Repository/Mobile/Page/Login/Input Rdy - UserID'

2022-02-17 20:30:04 - [MESSAGE][WARNING] - Timeout '0' is invalid. Using default page load timeout: '60'

2022-02-17 20:30:05 - [MESSAGE][PASSED] - Text 'anggaaditya' has been set to element 'Object Repository/Mobile/Page/Login/Input Rdy - UserID'

2022-02-17 20:30:05 - [TEST_STEP][PASSED] - delay(1): Delayed 1 second(s)

2022-02-17 20:30:06 - [MESSAGE][PASSED] - Delayed 1 second(s)

2022-02-17 20:30:06 - [TEST_STEP][PASSED] - hideKeyboard(): Keyboard is hidden

2022-02-17 20:30:16 - [MESSAGE][PASSED] - Keyboard is hidden

2022-02-17 20:30:16 - [TEST_STEP][PASSED] - tap(LOGN_EdtPassword, 0): Tapped on element 'Object Repository/Mobile/Page/Login/Input - Password'

2022-02-17 20:30:16 - [MESSAGE][WARNING] - Timeout '0' is invalid. Using default page load timeout: '60'

2022-02-17 20:30:16 - [MESSAGE][PASSED] - Tapped on element 'Object Repository/Mobile/Page/Login/Input - Password'

2022-02-17 20:30:16 - [TEST_STEP][PASSED] - delay(1): Delayed 1 second(s)

2022-02-17 20:30:17 - [MESSAGE][PASSED] - Delayed 1 second(s)

2022-02-17 20:30:17 - [TEST_STEP][PASSED] - setText(LOGN_EdtRdyPassword, "Shalawa18", 0): Text 'Shalawa18' has been set to element 'Object Repository/Mobile/Page/Login/Input Rdy - Password'

2022-02-17 20:30:17 - [MESSAGE][WARNING] - Timeout '0' is invalid. Using default page load timeout: '60'

2022-02-17 20:30:18 - [MESSAGE][PASSED] - Text 'Shalawa18' has been set to element 'Object Repository/Mobile/Page/Login/Input Rdy - Password'

2022-02-17 20:30:18 - [TEST_STEP][PASSED] - delay(1): Delayed 1 second(s)

2022-02-17 20:30:19 - [MESSAGE][PASSED] - Delayed 1 second(s)

2022-02-17 20:30:19 - [TEST_STEP][PASSED] - hideKeyboard(): Keyboard is hidden

2022-02-17 20:30:27 - [MESSAGE][PASSED] - Keyboard is hidden

2022-02-17 20:30:27 - [TEST_STEP][PASSED] - tap(LOGN_BtnLogin, 0): Tapped on element 'Object Repository/Mobile/Page/Login/Button - Login'

2022-02-17 20:30:27 - [MESSAGE][WARNING] - Timeout '0' is invalid. Using default page load timeout: '60'

2022-02-17 20:30:27 - [MESSAGE][PASSED] - Tapped on element 'Object Repository/Mobile/Page/Login/Button - Login'

2022-02-17 20:30:27 - [TEST_STEP][PASSED] - delay(2): Delayed 2 second(s)

2022-02-17 20:30:29 - [MESSAGE][PASSED] - Delayed 2 second(s)

2022-02-17 20:30:29 - [TEST_STEP][PASSED] - break: null

2022-02-17 20:30:29 - [MESSAGE][PASSED] - Call Test Case 'Test Cases/Mobile/Page/Login/Login' successfully

2022-02-17 20:30:29 - [MESSAGE][PASSED] - Call Test Case 'Test Cases/Mobile/Page/CheckLogin' successfully

2022-02-17 20:30:29 - [TEST_STEP][PASSED] - tap(HOME_MenubarPortfolio, 0): Tapped on element 'Object Repository/Mobile/Page/Home/Menubar - Portfolio'

2022-02-17 20:30:29 - [MESSAGE][WARNING] - Timeout '0' is invalid. Using default page load timeout: '60'

2022-02-17 20:30:32 - [MESSAGE][PASSED] - Tapped on element 'Object Repository/Mobile/Page/Home/Menubar - Portfolio'

2022-02-17 20:30:32 - [TEST_STEP][PASSED] - delay(1): Delayed 1 second(s)

2022-02-17 20:30:33 - [MESSAGE][PASSED] - Delayed 1 second(s)

2022-02-17 20:30:33 - [TEST_STEP][PASSED] - for ([i = 0, i < 1, (i++)]): Delayed 3 second(s)

2022-02-17 20:30:33 - [TEST_STEP][PASSED] - if (tab == "summary"): Delayed 3 second(s)

2022-02-17 20:30:33 - [TEST_STEP][PASSED] - idr = PORT_BtnIDR: null

2022-02-17 20:30:33 - [TEST_STEP][PASSED] - persen = PORT_BtnPersen: null

2022-02-17 20:30:33 - [TEST_STEP][PASSED] - if (action == "summary"): null

2022-02-17 20:30:33 - [TEST_STEP][PASSED] - else if (action == "perf_daily"): scroll.scroll.scrollScreenBottomToTop is PASSED

2022-02-17 20:30:33 - [TEST_STEP][PASSED] - scroll.scroll.scrollScreenBottomToTop(): scroll.scroll.scrollScreenBottomToTop is PASSED

2022-02-17 20:30:34 - [MESSAGE][PASSED] - Current device physical height is 1423

2022-02-17 20:30:34 - [MESSAGE][PASSED] - Current device physical width is 720

2022-02-17 20:30:36 - [MESSAGE][PASSED] - Swiped from 360,1,138 to 360,284

2022-02-17 20:30:36 - [MESSAGE][PASSED] - scroll.scroll.scrollScreenBottomToTop is PASSED

2022-02-17 20:30:36 - [TEST_STEP][PASSED] - if (action != "summary"): Delayed 3 second(s)

2022-02-17 20:30:36 - [TEST_STEP][PASSED] - delay(1): Delayed 1 second(s)

2022-02-17 20:30:37 - [MESSAGE][PASSED] - Delayed 1 second(s)

2022-02-17 20:30:37 - [TEST_STEP][PASSED] - scroll.scroll.scrollScreenBottomToTop(): scroll.scroll.scrollScreenBottomToTop is PASSED

2022-02-17 20:30:37 - [MESSAGE][PASSED] - Current device physical height is 1423

2022-02-17 20:30:38 - [MESSAGE][PASSED] - Current device physical width is 720

2022-02-17 20:30:39 - [MESSAGE][PASSED] - Swiped from 360,1,138 to 360,284

2022-02-17 20:30:39 - [MESSAGE][PASSED] - scroll.scroll.scrollScreenBottomToTop is PASSED

2022-02-17 20:30:39 - [TEST_STEP][PASSED] - scroll.scroll.scrollScreenBottomToTop(): scroll.scroll.scrollScreenBottomToTop is PASSED

2022-02-17 20:30:39 - [MESSAGE][PASSED] - Current device physical height is 1423

2022-02-17 20:30:40 - [MESSAGE][PASSED] - Current device physical width is 720

2022-02-17 20:30:41 - [MESSAGE][PASSED] - Swiped from 360,1,138 to 360,284

2022-02-17 20:30:41 - [MESSAGE][PASSED] - scroll.scroll.scrollScreenBottomToTop is PASSED

2022-02-17 20:30:41 - [TEST_STEP][PASSED] - delay(3): Delayed 3 second(s)

2022-02-17 20:30:44 - [MESSAGE][PASSED] - Delayed 3 second(s)

2022-02-17 20:30:44 - [TEST_STEP][PASSED] - if (action2 == "idr"): Delayed 3 second(s)

2022-02-17 20:30:44 - [TEST_STEP][PASSED] - tap(idr, 10): Tapped on element 'Object Repository/Mobile/Page/Portfolio/Button - IDR'

2022-02-17 20:30:45 - [MESSAGE][PASSED] - Tapped on element 'Object Repository/Mobile/Page/Portfolio/Button - IDR'

2022-02-17 20:30:45 - [TEST_STEP][PASSED] - delay(3): Delayed 3 second(s)

2022-02-17 20:30:48 - [MESSAGE][PASSED] - Delayed 3 second(s)

2022-02-17 20:30:48 - [MESSAGE][PASSED] - Call Test Case 'Test Cases/Mobile/Page/Portfolio/Portfolio' successfully

2022-02-17 20:30:48 - [TEST_STEP][PASSED] - callTestCase(findTestCase("Mobile/Page/Run App/Terminate App"), [:], STOP_ON_FAILURE): Call Test Case 'Test Cases/Mobile/Page/Run App/Terminate App' successfully

2022-02-17 20:30:48 - [TEST_CASE][PASSED] - Test Cases/Mobile/Page/Run App/Terminate App: Test Cases/Mobile/Page/Run App/Terminate App

2022-02-17 20:30:48 - [TEST_STEP][PASSED] - startApp.OpenApp.terminateApplication(): startApp.OpenApp.terminateApplication is PASSED

2022-02-17 20:30:51 - [MESSAGE][PASSED] - Delayed 3 second(s)

2022-02-17 20:30:51 - [MESSAGE][PASSED] - Current device physical width is 720

2022-02-17 20:30:52 - [MESSAGE][PASSED] - Current device physical height is 1423

2022-02-17 20:30:53 - [MESSAGE][PASSED] - Swiped from 360,853 to 360,142

2022-02-17 20:30:54 - [MESSAGE][PASSED] - Delayed 1 second(s)

2022-02-17 20:30:56 - [MESSAGE][PASSED] - Swiped from 360,853 to 360,142

2022-02-17 20:30:59 - [MESSAGE][PASSED] - Delayed 3 second(s)

2022-02-17 20:30:59 - [MESSAGE][PASSED] - startApp.OpenApp.terminateApplication is PASSED

2022-02-17 20:30:59 - [MESSAGE][PASSED] - Call Test Case 'Test Cases/Mobile/Page/Run App/Terminate App' successfully]]></system-out>
         <system-err><![CDATA[]]></system-err>
      </testcase>
      <testcase name="Test Cases/Mobile/Scenario/Portfolio/003 - Portfolio Performance Month to Date IDR" time="88.863" classname="Test Cases/Mobile/Scenario/Portfolio/003 - Portfolio Performance Month to Date IDR" status="PASSED">
         <system-out><![CDATA[2022-02-17 20:30:59 - [TEST_CASE][PASSED] - Test Cases/Mobile/Scenario/Portfolio/003 - Portfolio Performance Month to Date IDR: Test Cases/Mobile/Scenario/Portfolio/003 - Portfolio Performance Month to Date IDR

2022-02-17 20:31:01 - [TEST_STEP][PASSED] - callTestCase(findTestCase("Mobile/Page/Run App/Run App byID"), [:], STOP_ON_FAILURE): Call Test Case 'Test Cases/Mobile/Page/Run App/Run App byID' successfully

2022-02-17 20:31:01 - [TEST_CASE][PASSED] - Test Cases/Mobile/Page/Run App/Run App byID: Test Cases/Mobile/Page/Run App/Run App byID

2022-02-17 20:31:01 - [TEST_STEP][PASSED] - startApp.OpenApp.startApplication("id.co.miraeasset.sageclub"): startApp.OpenApp.startApplication is PASSED

2022-02-17 20:31:27 - [MESSAGE][PASSED] - Starting app with application ID: 'id.co.miraeasset.sageclub'

2022-02-17 20:31:27 - [MESSAGE][PASSED] - startApp.OpenApp.startApplication is PASSED

2022-02-17 20:31:27 - [MESSAGE][PASSED] - Call Test Case 'Test Cases/Mobile/Page/Run App/Run App byID' successfully

2022-02-17 20:31:27 - [TEST_STEP][PASSED] - callTestCase(findTestCase("Mobile/Page/Portfolio/Portfolio"), ["tab":"summary", "action":"perf_month", "action2":"idr"], CONTINUE_ON_FAILURE): Call Test Case 'Test Cases/Mobile/Page/Portfolio/Portfolio' successfully

2022-02-17 20:31:27 - [TEST_CASE][PASSED] - Test Cases/Mobile/Page/Portfolio/Portfolio: Test Cases/Mobile/Page/Portfolio/Portfolio

2022-02-17 20:31:27 - [TEST_STEP][PASSED] - callTestCase(findTestCase("Mobile/Page/CheckLogin"), [:], CONTINUE_ON_FAILURE): Call Test Case 'Test Cases/Mobile/Page/CheckLogin' successfully

2022-02-17 20:31:27 - [TEST_CASE][PASSED] - Test Cases/Mobile/Page/CheckLogin: Test Cases/Mobile/Page/CheckLogin

2022-02-17 20:31:27 - [TEST_STEP][PASSED] - loginCheck = verifyElementExist(LOGN_BtnLogin, 5, CONTINUE_ON_FAILURE): Element 'Object Repository/Mobile/Page/Login/Button - Login' is exist

2022-02-17 20:31:29 - [MESSAGE][PASSED] - Element 'Object Repository/Mobile/Page/Login/Button - Login' is exist

2022-02-17 20:31:29 - [TEST_STEP][PASSED] - if (loginCheck): Call Test Case 'Test Cases/Mobile/Page/Login/Login' successfully

2022-02-17 20:31:29 - [TEST_STEP][PASSED] - callTestCase(findTestCase("Mobile/Page/Login/Login"), ["action":"username"], CONTINUE_ON_FAILURE): Call Test Case 'Test Cases/Mobile/Page/Login/Login' successfully

2022-02-17 20:31:30 - [TEST_CASE][PASSED] - Test Cases/Mobile/Page/Login/Login: Test Cases/Mobile/Page/Login/Login

2022-02-17 20:31:30 - [TEST_STEP][PASSED] - delay(2): Delayed 2 second(s)

2022-02-17 20:31:32 - [MESSAGE][PASSED] - Delayed 2 second(s)

2022-02-17 20:31:32 - [TEST_STEP][PASSED] - for ([i = 0, i < 1, (i++)]): null

2022-02-17 20:31:32 - [TEST_STEP][PASSED] - if (action == "username"): null

2022-02-17 20:31:32 - [TEST_STEP][PASSED] - tap(LOGN_EdtUserID, 0): Tapped on element 'Object Repository/Mobile/Page/Login/Input - UserID'

2022-02-17 20:31:32 - [MESSAGE][WARNING] - Timeout '0' is invalid. Using default page load timeout: '60'

2022-02-17 20:31:32 - [MESSAGE][PASSED] - Tapped on element 'Object Repository/Mobile/Page/Login/Input - UserID'

2022-02-17 20:31:32 - [TEST_STEP][PASSED] - delay(1): Delayed 1 second(s)

2022-02-17 20:31:33 - [MESSAGE][PASSED] - Delayed 1 second(s)

2022-02-17 20:31:33 - [TEST_STEP][PASSED] - setText(LOGN_EdtRdyUserID, "anggaaditya", 0): Text 'anggaaditya' has been set to element 'Object Repository/Mobile/Page/Login/Input Rdy - UserID'

2022-02-17 20:31:33 - [MESSAGE][WARNING] - Timeout '0' is invalid. Using default page load timeout: '60'

2022-02-17 20:31:34 - [MESSAGE][PASSED] - Text 'anggaaditya' has been set to element 'Object Repository/Mobile/Page/Login/Input Rdy - UserID'

2022-02-17 20:31:34 - [TEST_STEP][PASSED] - delay(1): Delayed 1 second(s)

2022-02-17 20:31:35 - [MESSAGE][PASSED] - Delayed 1 second(s)

2022-02-17 20:31:35 - [TEST_STEP][PASSED] - hideKeyboard(): Keyboard is hidden

2022-02-17 20:31:45 - [MESSAGE][PASSED] - Keyboard is hidden

2022-02-17 20:31:45 - [TEST_STEP][PASSED] - tap(LOGN_EdtPassword, 0): Tapped on element 'Object Repository/Mobile/Page/Login/Input - Password'

2022-02-17 20:31:45 - [MESSAGE][WARNING] - Timeout '0' is invalid. Using default page load timeout: '60'

2022-02-17 20:31:45 - [MESSAGE][PASSED] - Tapped on element 'Object Repository/Mobile/Page/Login/Input - Password'

2022-02-17 20:31:45 - [TEST_STEP][PASSED] - delay(1): Delayed 1 second(s)

2022-02-17 20:31:46 - [MESSAGE][PASSED] - Delayed 1 second(s)

2022-02-17 20:31:46 - [TEST_STEP][PASSED] - setText(LOGN_EdtRdyPassword, "Shalawa18", 0): Text 'Shalawa18' has been set to element 'Object Repository/Mobile/Page/Login/Input Rdy - Password'

2022-02-17 20:31:46 - [MESSAGE][WARNING] - Timeout '0' is invalid. Using default page load timeout: '60'

2022-02-17 20:31:47 - [MESSAGE][PASSED] - Text 'Shalawa18' has been set to element 'Object Repository/Mobile/Page/Login/Input Rdy - Password'

2022-02-17 20:31:47 - [TEST_STEP][PASSED] - delay(1): Delayed 1 second(s)

2022-02-17 20:31:48 - [MESSAGE][PASSED] - Delayed 1 second(s)

2022-02-17 20:31:48 - [TEST_STEP][PASSED] - hideKeyboard(): Keyboard is hidden

2022-02-17 20:31:56 - [MESSAGE][PASSED] - Keyboard is hidden

2022-02-17 20:31:56 - [TEST_STEP][PASSED] - tap(LOGN_BtnLogin, 0): Tapped on element 'Object Repository/Mobile/Page/Login/Button - Login'

2022-02-17 20:31:56 - [MESSAGE][WARNING] - Timeout '0' is invalid. Using default page load timeout: '60'

2022-02-17 20:31:57 - [MESSAGE][PASSED] - Tapped on element 'Object Repository/Mobile/Page/Login/Button - Login'

2022-02-17 20:31:57 - [TEST_STEP][PASSED] - delay(2): Delayed 2 second(s)

2022-02-17 20:31:59 - [MESSAGE][PASSED] - Delayed 2 second(s)

2022-02-17 20:31:59 - [TEST_STEP][PASSED] - break: null

2022-02-17 20:31:59 - [MESSAGE][PASSED] - Call Test Case 'Test Cases/Mobile/Page/Login/Login' successfully

2022-02-17 20:31:59 - [MESSAGE][PASSED] - Call Test Case 'Test Cases/Mobile/Page/CheckLogin' successfully

2022-02-17 20:31:59 - [TEST_STEP][PASSED] - tap(HOME_MenubarPortfolio, 0): Tapped on element 'Object Repository/Mobile/Page/Home/Menubar - Portfolio'

2022-02-17 20:31:59 - [MESSAGE][WARNING] - Timeout '0' is invalid. Using default page load timeout: '60'

2022-02-17 20:32:01 - [MESSAGE][PASSED] - Tapped on element 'Object Repository/Mobile/Page/Home/Menubar - Portfolio'

2022-02-17 20:32:01 - [TEST_STEP][PASSED] - delay(1): Delayed 1 second(s)

2022-02-17 20:32:02 - [MESSAGE][PASSED] - Delayed 1 second(s)

2022-02-17 20:32:02 - [TEST_STEP][PASSED] - for ([i = 0, i < 1, (i++)]): Delayed 3 second(s)

2022-02-17 20:32:02 - [TEST_STEP][PASSED] - if (tab == "summary"): Delayed 3 second(s)

2022-02-17 20:32:02 - [TEST_STEP][PASSED] - idr = PORT_BtnIDR: null

2022-02-17 20:32:02 - [TEST_STEP][PASSED] - persen = PORT_BtnPersen: null

2022-02-17 20:32:02 - [TEST_STEP][PASSED] - if (action == "summary"): null

2022-02-17 20:32:02 - [TEST_STEP][PASSED] - else if (action == "perf_daily"): null

2022-02-17 20:32:02 - [TEST_STEP][PASSED] - else if (action == "perf_month"): Tapped on element 'Object Repository/Mobile/Page/Portfolio/Tab - Summary Month to Date'

2022-02-17 20:32:02 - [TEST_STEP][PASSED] - scroll.scroll.scrollScreenBottomToTop(): scroll.scroll.scrollScreenBottomToTop is PASSED

2022-02-17 20:32:02 - [MESSAGE][PASSED] - Current device physical height is 1423

2022-02-17 20:32:03 - [MESSAGE][PASSED] - Current device physical width is 720

2022-02-17 20:32:04 - [MESSAGE][PASSED] - Swiped from 360,1,138 to 360,284

2022-02-17 20:32:04 - [MESSAGE][PASSED] - scroll.scroll.scrollScreenBottomToTop is PASSED

2022-02-17 20:32:04 - [TEST_STEP][PASSED] - delay(1): Delayed 1 second(s)

2022-02-17 20:32:05 - [MESSAGE][PASSED] - Delayed 1 second(s)

2022-02-17 20:32:05 - [TEST_STEP][PASSED] - tap(PORT_TabSummaryMonth, 0): Tapped on element 'Object Repository/Mobile/Page/Portfolio/Tab - Summary Month to Date'

2022-02-17 20:32:05 - [MESSAGE][WARNING] - Timeout '0' is invalid. Using default page load timeout: '60'

2022-02-17 20:32:06 - [MESSAGE][PASSED] - Tapped on element 'Object Repository/Mobile/Page/Portfolio/Tab - Summary Month to Date'

2022-02-17 20:32:06 - [TEST_STEP][PASSED] - if (action != "summary"): Delayed 3 second(s)

2022-02-17 20:32:06 - [TEST_STEP][PASSED] - delay(1): Delayed 1 second(s)

2022-02-17 20:32:07 - [MESSAGE][PASSED] - Delayed 1 second(s)

2022-02-17 20:32:07 - [TEST_STEP][PASSED] - scroll.scroll.scrollScreenBottomToTop(): scroll.scroll.scrollScreenBottomToTop is PASSED

2022-02-17 20:32:07 - [MESSAGE][PASSED] - Current device physical height is 1423

2022-02-17 20:32:07 - [MESSAGE][PASSED] - Current device physical width is 720

2022-02-17 20:32:09 - [MESSAGE][PASSED] - Swiped from 360,1,138 to 360,284

2022-02-17 20:32:09 - [MESSAGE][PASSED] - scroll.scroll.scrollScreenBottomToTop is PASSED

2022-02-17 20:32:09 - [TEST_STEP][PASSED] - scroll.scroll.scrollScreenBottomToTop(): scroll.scroll.scrollScreenBottomToTop is PASSED

2022-02-17 20:32:09 - [MESSAGE][PASSED] - Current device physical height is 1423

2022-02-17 20:32:09 - [MESSAGE][PASSED] - Current device physical width is 720

2022-02-17 20:32:11 - [MESSAGE][PASSED] - Swiped from 360,1,138 to 360,284

2022-02-17 20:32:11 - [MESSAGE][PASSED] - scroll.scroll.scrollScreenBottomToTop is PASSED

2022-02-17 20:32:11 - [TEST_STEP][PASSED] - delay(3): Delayed 3 second(s)

2022-02-17 20:32:14 - [MESSAGE][PASSED] - Delayed 3 second(s)

2022-02-17 20:32:14 - [TEST_STEP][PASSED] - if (action2 == "idr"): Delayed 3 second(s)

2022-02-17 20:32:14 - [TEST_STEP][PASSED] - tap(idr, 10): Tapped on element 'Object Repository/Mobile/Page/Portfolio/Button - IDR'

2022-02-17 20:32:14 - [MESSAGE][PASSED] - Tapped on element 'Object Repository/Mobile/Page/Portfolio/Button - IDR'

2022-02-17 20:32:14 - [TEST_STEP][PASSED] - delay(3): Delayed 3 second(s)

2022-02-17 20:32:17 - [MESSAGE][PASSED] - Delayed 3 second(s)

2022-02-17 20:32:17 - [MESSAGE][PASSED] - Call Test Case 'Test Cases/Mobile/Page/Portfolio/Portfolio' successfully

2022-02-17 20:32:17 - [TEST_STEP][PASSED] - callTestCase(findTestCase("Mobile/Page/Run App/Terminate App"), [:], STOP_ON_FAILURE): Call Test Case 'Test Cases/Mobile/Page/Run App/Terminate App' successfully

2022-02-17 20:32:17 - [TEST_CASE][PASSED] - Test Cases/Mobile/Page/Run App/Terminate App: Test Cases/Mobile/Page/Run App/Terminate App

2022-02-17 20:32:17 - [TEST_STEP][PASSED] - startApp.OpenApp.terminateApplication(): startApp.OpenApp.terminateApplication is PASSED

2022-02-17 20:32:20 - [MESSAGE][PASSED] - Delayed 3 second(s)

2022-02-17 20:32:21 - [MESSAGE][PASSED] - Current device physical width is 720

2022-02-17 20:32:21 - [MESSAGE][PASSED] - Current device physical height is 1423

2022-02-17 20:32:23 - [MESSAGE][PASSED] - Swiped from 360,853 to 360,142

2022-02-17 20:32:24 - [MESSAGE][PASSED] - Delayed 1 second(s)

2022-02-17 20:32:25 - [MESSAGE][PASSED] - Swiped from 360,853 to 360,142

2022-02-17 20:32:28 - [MESSAGE][PASSED] - Delayed 3 second(s)

2022-02-17 20:32:28 - [MESSAGE][PASSED] - startApp.OpenApp.terminateApplication is PASSED

2022-02-17 20:32:28 - [MESSAGE][PASSED] - Call Test Case 'Test Cases/Mobile/Page/Run App/Terminate App' successfully]]></system-out>
         <system-err><![CDATA[]]></system-err>
      </testcase>
      <testcase name="Test Cases/Mobile/Scenario/Portfolio/004 - Portfolio Performance Quarter to Date IDR" time="77.131" classname="Test Cases/Mobile/Scenario/Portfolio/004 - Portfolio Performance Quarter to Date IDR" status="PASSED">
         <system-out><![CDATA[2022-02-17 20:32:28 - [TEST_CASE][PASSED] - Test Cases/Mobile/Scenario/Portfolio/004 - Portfolio Performance Quarter to Date IDR: Test Cases/Mobile/Scenario/Portfolio/004 - Portfolio Performance Quarter to Date IDR

2022-02-17 20:32:28 - [TEST_STEP][PASSED] - callTestCase(findTestCase("Mobile/Page/Run App/Run App byID"), [:], STOP_ON_FAILURE): Call Test Case 'Test Cases/Mobile/Page/Run App/Run App byID' successfully

2022-02-17 20:32:28 - [TEST_CASE][PASSED] - Test Cases/Mobile/Page/Run App/Run App byID: Test Cases/Mobile/Page/Run App/Run App byID

2022-02-17 20:32:28 - [TEST_STEP][PASSED] - startApp.OpenApp.startApplication("id.co.miraeasset.sageclub"): startApp.OpenApp.startApplication is PASSED

2022-02-17 20:32:47 - [MESSAGE][PASSED] - Starting app with application ID: 'id.co.miraeasset.sageclub'

2022-02-17 20:32:47 - [MESSAGE][PASSED] - startApp.OpenApp.startApplication is PASSED

2022-02-17 20:32:47 - [MESSAGE][PASSED] - Call Test Case 'Test Cases/Mobile/Page/Run App/Run App byID' successfully

2022-02-17 20:32:47 - [TEST_STEP][PASSED] - callTestCase(findTestCase("Mobile/Page/Portfolio/Portfolio"), ["tab":"summary", "action":"perf_quarter", "action2":"idr"], CONTINUE_ON_FAILURE): Call Test Case 'Test Cases/Mobile/Page/Portfolio/Portfolio' successfully

2022-02-17 20:32:47 - [TEST_CASE][PASSED] - Test Cases/Mobile/Page/Portfolio/Portfolio: Test Cases/Mobile/Page/Portfolio/Portfolio

2022-02-17 20:32:47 - [TEST_STEP][PASSED] - callTestCase(findTestCase("Mobile/Page/CheckLogin"), [:], CONTINUE_ON_FAILURE): Call Test Case 'Test Cases/Mobile/Page/CheckLogin' successfully

2022-02-17 20:32:47 - [TEST_CASE][PASSED] - Test Cases/Mobile/Page/CheckLogin: Test Cases/Mobile/Page/CheckLogin

2022-02-17 20:32:47 - [TEST_STEP][PASSED] - loginCheck = verifyElementExist(LOGN_BtnLogin, 5, CONTINUE_ON_FAILURE): Element 'Object Repository/Mobile/Page/Login/Button - Login' is exist

2022-02-17 20:32:50 - [MESSAGE][PASSED] - Element 'Object Repository/Mobile/Page/Login/Button - Login' is exist

2022-02-17 20:32:50 - [TEST_STEP][PASSED] - if (loginCheck): Call Test Case 'Test Cases/Mobile/Page/Login/Login' successfully

2022-02-17 20:32:50 - [TEST_STEP][PASSED] - callTestCase(findTestCase("Mobile/Page/Login/Login"), ["action":"username"], CONTINUE_ON_FAILURE): Call Test Case 'Test Cases/Mobile/Page/Login/Login' successfully

2022-02-17 20:32:50 - [TEST_CASE][PASSED] - Test Cases/Mobile/Page/Login/Login: Test Cases/Mobile/Page/Login/Login

2022-02-17 20:32:50 - [TEST_STEP][PASSED] - delay(2): Delayed 2 second(s)

2022-02-17 20:32:52 - [MESSAGE][PASSED] - Delayed 2 second(s)

2022-02-17 20:32:52 - [TEST_STEP][PASSED] - for ([i = 0, i < 1, (i++)]): null

2022-02-17 20:32:52 - [TEST_STEP][PASSED] - if (action == "username"): null

2022-02-17 20:32:52 - [TEST_STEP][PASSED] - tap(LOGN_EdtUserID, 0): Tapped on element 'Object Repository/Mobile/Page/Login/Input - UserID'

2022-02-17 20:32:52 - [MESSAGE][WARNING] - Timeout '0' is invalid. Using default page load timeout: '60'

2022-02-17 20:32:53 - [MESSAGE][PASSED] - Tapped on element 'Object Repository/Mobile/Page/Login/Input - UserID'

2022-02-17 20:32:53 - [TEST_STEP][PASSED] - delay(1): Delayed 1 second(s)

2022-02-17 20:32:54 - [MESSAGE][PASSED] - Delayed 1 second(s)

2022-02-17 20:32:54 - [TEST_STEP][PASSED] - setText(LOGN_EdtRdyUserID, "anggaaditya", 0): Text 'anggaaditya' has been set to element 'Object Repository/Mobile/Page/Login/Input Rdy - UserID'

2022-02-17 20:32:54 - [MESSAGE][WARNING] - Timeout '0' is invalid. Using default page load timeout: '60'

2022-02-17 20:32:55 - [MESSAGE][PASSED] - Text 'anggaaditya' has been set to element 'Object Repository/Mobile/Page/Login/Input Rdy - UserID'

2022-02-17 20:32:55 - [TEST_STEP][PASSED] - delay(1): Delayed 1 second(s)

2022-02-17 20:32:56 - [MESSAGE][PASSED] - Delayed 1 second(s)

2022-02-17 20:32:56 - [TEST_STEP][PASSED] - hideKeyboard(): Keyboard is hidden

2022-02-17 20:33:02 - [MESSAGE][PASSED] - Keyboard is hidden

2022-02-17 20:33:02 - [TEST_STEP][PASSED] - tap(LOGN_EdtPassword, 0): Tapped on element 'Object Repository/Mobile/Page/Login/Input - Password'

2022-02-17 20:33:02 - [MESSAGE][WARNING] - Timeout '0' is invalid. Using default page load timeout: '60'

2022-02-17 20:33:03 - [MESSAGE][PASSED] - Tapped on element 'Object Repository/Mobile/Page/Login/Input - Password'

2022-02-17 20:33:03 - [TEST_STEP][PASSED] - delay(1): Delayed 1 second(s)

2022-02-17 20:33:04 - [MESSAGE][PASSED] - Delayed 1 second(s)

2022-02-17 20:33:04 - [TEST_STEP][PASSED] - setText(LOGN_EdtRdyPassword, "Shalawa18", 0): Text 'Shalawa18' has been set to element 'Object Repository/Mobile/Page/Login/Input Rdy - Password'

2022-02-17 20:33:04 - [MESSAGE][WARNING] - Timeout '0' is invalid. Using default page load timeout: '60'

2022-02-17 20:33:04 - [MESSAGE][PASSED] - Text 'Shalawa18' has been set to element 'Object Repository/Mobile/Page/Login/Input Rdy - Password'

2022-02-17 20:33:04 - [TEST_STEP][PASSED] - delay(1): Delayed 1 second(s)

2022-02-17 20:33:05 - [MESSAGE][PASSED] - Delayed 1 second(s)

2022-02-17 20:33:05 - [TEST_STEP][PASSED] - hideKeyboard(): Keyboard is hidden

2022-02-17 20:33:12 - [MESSAGE][PASSED] - Keyboard is hidden

2022-02-17 20:33:12 - [TEST_STEP][PASSED] - tap(LOGN_BtnLogin, 0): Tapped on element 'Object Repository/Mobile/Page/Login/Button - Login'

2022-02-17 20:33:12 - [MESSAGE][WARNING] - Timeout '0' is invalid. Using default page load timeout: '60'

2022-02-17 20:33:13 - [MESSAGE][PASSED] - Tapped on element 'Object Repository/Mobile/Page/Login/Button - Login'

2022-02-17 20:33:13 - [TEST_STEP][PASSED] - delay(2): Delayed 2 second(s)

2022-02-17 20:33:15 - [MESSAGE][PASSED] - Delayed 2 second(s)

2022-02-17 20:33:15 - [TEST_STEP][PASSED] - break: null

2022-02-17 20:33:15 - [MESSAGE][PASSED] - Call Test Case 'Test Cases/Mobile/Page/Login/Login' successfully

2022-02-17 20:33:15 - [MESSAGE][PASSED] - Call Test Case 'Test Cases/Mobile/Page/CheckLogin' successfully

2022-02-17 20:33:15 - [TEST_STEP][PASSED] - tap(HOME_MenubarPortfolio, 0): Tapped on element 'Object Repository/Mobile/Page/Home/Menubar - Portfolio'

2022-02-17 20:33:15 - [MESSAGE][WARNING] - Timeout '0' is invalid. Using default page load timeout: '60'

2022-02-17 20:33:17 - [MESSAGE][PASSED] - Tapped on element 'Object Repository/Mobile/Page/Home/Menubar - Portfolio'

2022-02-17 20:33:17 - [TEST_STEP][PASSED] - delay(1): Delayed 1 second(s)

2022-02-17 20:33:18 - [MESSAGE][PASSED] - Delayed 1 second(s)

2022-02-17 20:33:18 - [TEST_STEP][PASSED] - for ([i = 0, i < 1, (i++)]): Delayed 3 second(s)

2022-02-17 20:33:18 - [TEST_STEP][PASSED] - if (tab == "summary"): Delayed 3 second(s)

2022-02-17 20:33:18 - [TEST_STEP][PASSED] - idr = PORT_BtnIDR: null

2022-02-17 20:33:18 - [TEST_STEP][PASSED] - persen = PORT_BtnPersen: null

2022-02-17 20:33:18 - [TEST_STEP][PASSED] - if (action == "summary"): null

2022-02-17 20:33:18 - [TEST_STEP][PASSED] - else if (action == "perf_daily"): null

2022-02-17 20:33:18 - [TEST_STEP][PASSED] - else if (action == "perf_month"): null

2022-02-17 20:33:18 - [TEST_STEP][PASSED] - else if (action == "perf_quarter"): Tapped on element 'Object Repository/Mobile/Page/Portfolio/Tab - Summary Quarter to Date'

2022-02-17 20:33:18 - [TEST_STEP][PASSED] - scroll.scroll.scrollScreenBottomToTop(): scroll.scroll.scrollScreenBottomToTop is PASSED

2022-02-17 20:33:19 - [MESSAGE][PASSED] - Current device physical height is 1423

2022-02-17 20:33:19 - [MESSAGE][PASSED] - Current device physical width is 720

2022-02-17 20:33:21 - [MESSAGE][PASSED] - Swiped from 360,1,138 to 360,284

2022-02-17 20:33:21 - [MESSAGE][PASSED] - scroll.scroll.scrollScreenBottomToTop is PASSED

2022-02-17 20:33:21 - [TEST_STEP][PASSED] - delay(1): Delayed 1 second(s)

2022-02-17 20:33:22 - [MESSAGE][PASSED] - Delayed 1 second(s)

2022-02-17 20:33:22 - [TEST_STEP][PASSED] - tap(PORT_TabSummaryQuarter, 0): Tapped on element 'Object Repository/Mobile/Page/Portfolio/Tab - Summary Quarter to Date'

2022-02-17 20:33:22 - [MESSAGE][WARNING] - Timeout '0' is invalid. Using default page load timeout: '60'

2022-02-17 20:33:22 - [MESSAGE][PASSED] - Tapped on element 'Object Repository/Mobile/Page/Portfolio/Tab - Summary Quarter to Date'

2022-02-17 20:33:22 - [TEST_STEP][PASSED] - if (action != "summary"): Delayed 3 second(s)

2022-02-17 20:33:22 - [TEST_STEP][PASSED] - delay(1): Delayed 1 second(s)

2022-02-17 20:33:23 - [MESSAGE][PASSED] - Delayed 1 second(s)

2022-02-17 20:33:23 - [TEST_STEP][PASSED] - scroll.scroll.scrollScreenBottomToTop(): scroll.scroll.scrollScreenBottomToTop is PASSED

2022-02-17 20:33:24 - [MESSAGE][PASSED] - Current device physical height is 1423

2022-02-17 20:33:24 - [MESSAGE][PASSED] - Current device physical width is 720

2022-02-17 20:33:25 - [MESSAGE][PASSED] - Swiped from 360,1,138 to 360,284

2022-02-17 20:33:26 - [MESSAGE][PASSED] - scroll.scroll.scrollScreenBottomToTop is PASSED

2022-02-17 20:33:26 - [TEST_STEP][PASSED] - scroll.scroll.scrollScreenBottomToTop(): scroll.scroll.scrollScreenBottomToTop is PASSED

2022-02-17 20:33:26 - [MESSAGE][PASSED] - Current device physical height is 1423

2022-02-17 20:33:26 - [MESSAGE][PASSED] - Current device physical width is 720

2022-02-17 20:33:28 - [MESSAGE][PASSED] - Swiped from 360,1,138 to 360,284

2022-02-17 20:33:28 - [MESSAGE][PASSED] - scroll.scroll.scrollScreenBottomToTop is PASSED

2022-02-17 20:33:28 - [TEST_STEP][PASSED] - delay(3): Delayed 3 second(s)

2022-02-17 20:33:31 - [MESSAGE][PASSED] - Delayed 3 second(s)

2022-02-17 20:33:31 - [TEST_STEP][PASSED] - if (action2 == "idr"): Delayed 3 second(s)

2022-02-17 20:33:31 - [TEST_STEP][PASSED] - tap(idr, 10): Tapped on element 'Object Repository/Mobile/Page/Portfolio/Button - IDR'

2022-02-17 20:33:31 - [MESSAGE][PASSED] - Tapped on element 'Object Repository/Mobile/Page/Portfolio/Button - IDR'

2022-02-17 20:33:31 - [TEST_STEP][PASSED] - delay(3): Delayed 3 second(s)

2022-02-17 20:33:34 - [MESSAGE][PASSED] - Delayed 3 second(s)

2022-02-17 20:33:34 - [MESSAGE][PASSED] - Call Test Case 'Test Cases/Mobile/Page/Portfolio/Portfolio' successfully

2022-02-17 20:33:34 - [TEST_STEP][PASSED] - callTestCase(findTestCase("Mobile/Page/Run App/Terminate App"), [:], STOP_ON_FAILURE): Call Test Case 'Test Cases/Mobile/Page/Run App/Terminate App' successfully

2022-02-17 20:33:34 - [TEST_CASE][PASSED] - Test Cases/Mobile/Page/Run App/Terminate App: Test Cases/Mobile/Page/Run App/Terminate App

2022-02-17 20:33:34 - [TEST_STEP][PASSED] - startApp.OpenApp.terminateApplication(): startApp.OpenApp.terminateApplication is PASSED

2022-02-17 20:33:37 - [MESSAGE][PASSED] - Delayed 3 second(s)

2022-02-17 20:33:38 - [MESSAGE][PASSED] - Current device physical width is 720

2022-02-17 20:33:38 - [MESSAGE][PASSED] - Current device physical height is 1423

2022-02-17 20:33:40 - [MESSAGE][PASSED] - Swiped from 360,853 to 360,142

2022-02-17 20:33:41 - [MESSAGE][PASSED] - Delayed 1 second(s)

2022-02-17 20:33:42 - [MESSAGE][PASSED] - Swiped from 360,853 to 360,142

2022-02-17 20:33:45 - [MESSAGE][PASSED] - Delayed 3 second(s)

2022-02-17 20:33:45 - [MESSAGE][PASSED] - startApp.OpenApp.terminateApplication is PASSED

2022-02-17 20:33:45 - [MESSAGE][PASSED] - Call Test Case 'Test Cases/Mobile/Page/Run App/Terminate App' successfully]]></system-out>
         <system-err><![CDATA[]]></system-err>
      </testcase>
      <testcase name="Test Cases/Mobile/Scenario/Portfolio/005 - Portfolio Performance Year to Date IDR" time="75.672" classname="Test Cases/Mobile/Scenario/Portfolio/005 - Portfolio Performance Year to Date IDR" status="PASSED">
         <system-out><![CDATA[2022-02-17 20:33:45 - [TEST_CASE][PASSED] - Test Cases/Mobile/Scenario/Portfolio/005 - Portfolio Performance Year to Date IDR: Test Cases/Mobile/Scenario/Portfolio/005 - Portfolio Performance Year to Date IDR

2022-02-17 20:33:46 - [TEST_STEP][PASSED] - callTestCase(findTestCase("Mobile/Page/Run App/Run App byID"), [:], STOP_ON_FAILURE): Call Test Case 'Test Cases/Mobile/Page/Run App/Run App byID' successfully

2022-02-17 20:33:46 - [TEST_CASE][PASSED] - Test Cases/Mobile/Page/Run App/Run App byID: Test Cases/Mobile/Page/Run App/Run App byID

2022-02-17 20:33:46 - [TEST_STEP][PASSED] - startApp.OpenApp.startApplication("id.co.miraeasset.sageclub"): startApp.OpenApp.startApplication is PASSED

2022-02-17 20:34:06 - [MESSAGE][PASSED] - Starting app with application ID: 'id.co.miraeasset.sageclub'

2022-02-17 20:34:06 - [MESSAGE][PASSED] - startApp.OpenApp.startApplication is PASSED

2022-02-17 20:34:06 - [MESSAGE][PASSED] - Call Test Case 'Test Cases/Mobile/Page/Run App/Run App byID' successfully

2022-02-17 20:34:06 - [TEST_STEP][PASSED] - callTestCase(findTestCase("Mobile/Page/Portfolio/Portfolio"), ["tab":"summary", "action":"perf_year", "action2":"idr"], CONTINUE_ON_FAILURE): Call Test Case 'Test Cases/Mobile/Page/Portfolio/Portfolio' successfully

2022-02-17 20:34:06 - [TEST_CASE][PASSED] - Test Cases/Mobile/Page/Portfolio/Portfolio: Test Cases/Mobile/Page/Portfolio/Portfolio

2022-02-17 20:34:06 - [TEST_STEP][PASSED] - callTestCase(findTestCase("Mobile/Page/CheckLogin"), [:], CONTINUE_ON_FAILURE): Call Test Case 'Test Cases/Mobile/Page/CheckLogin' successfully

2022-02-17 20:34:06 - [TEST_CASE][PASSED] - Test Cases/Mobile/Page/CheckLogin: Test Cases/Mobile/Page/CheckLogin

2022-02-17 20:34:06 - [TEST_STEP][PASSED] - loginCheck = verifyElementExist(LOGN_BtnLogin, 5, CONTINUE_ON_FAILURE): Element 'Object Repository/Mobile/Page/Login/Button - Login' is exist

2022-02-17 20:34:08 - [MESSAGE][PASSED] - Element 'Object Repository/Mobile/Page/Login/Button - Login' is exist

2022-02-17 20:34:08 - [TEST_STEP][PASSED] - if (loginCheck): Call Test Case 'Test Cases/Mobile/Page/Login/Login' successfully

2022-02-17 20:34:08 - [TEST_STEP][PASSED] - callTestCase(findTestCase("Mobile/Page/Login/Login"), ["action":"username"], CONTINUE_ON_FAILURE): Call Test Case 'Test Cases/Mobile/Page/Login/Login' successfully

2022-02-17 20:34:08 - [TEST_CASE][PASSED] - Test Cases/Mobile/Page/Login/Login: Test Cases/Mobile/Page/Login/Login

2022-02-17 20:34:08 - [TEST_STEP][PASSED] - delay(2): Delayed 2 second(s)

2022-02-17 20:34:10 - [MESSAGE][PASSED] - Delayed 2 second(s)

2022-02-17 20:34:10 - [TEST_STEP][PASSED] - for ([i = 0, i < 1, (i++)]): null

2022-02-17 20:34:10 - [TEST_STEP][PASSED] - if (action == "username"): null

2022-02-17 20:34:10 - [TEST_STEP][PASSED] - tap(LOGN_EdtUserID, 0): Tapped on element 'Object Repository/Mobile/Page/Login/Input - UserID'

2022-02-17 20:34:10 - [MESSAGE][WARNING] - Timeout '0' is invalid. Using default page load timeout: '60'

2022-02-17 20:34:10 - [MESSAGE][PASSED] - Tapped on element 'Object Repository/Mobile/Page/Login/Input - UserID'

2022-02-17 20:34:10 - [TEST_STEP][PASSED] - delay(1): Delayed 1 second(s)

2022-02-17 20:34:11 - [MESSAGE][PASSED] - Delayed 1 second(s)

2022-02-17 20:34:11 - [TEST_STEP][PASSED] - setText(LOGN_EdtRdyUserID, "anggaaditya", 0): Text 'anggaaditya' has been set to element 'Object Repository/Mobile/Page/Login/Input Rdy - UserID'

2022-02-17 20:34:11 - [MESSAGE][WARNING] - Timeout '0' is invalid. Using default page load timeout: '60'

2022-02-17 20:34:12 - [MESSAGE][PASSED] - Text 'anggaaditya' has been set to element 'Object Repository/Mobile/Page/Login/Input Rdy - UserID'

2022-02-17 20:34:12 - [TEST_STEP][PASSED] - delay(1): Delayed 1 second(s)

2022-02-17 20:34:13 - [MESSAGE][PASSED] - Delayed 1 second(s)

2022-02-17 20:34:13 - [TEST_STEP][PASSED] - hideKeyboard(): Keyboard is hidden

2022-02-17 20:34:17 - [MESSAGE][PASSED] - Keyboard is hidden

2022-02-17 20:34:17 - [TEST_STEP][PASSED] - tap(LOGN_EdtPassword, 0): Tapped on element 'Object Repository/Mobile/Page/Login/Input - Password'

2022-02-17 20:34:17 - [MESSAGE][WARNING] - Timeout '0' is invalid. Using default page load timeout: '60'

2022-02-17 20:34:18 - [MESSAGE][PASSED] - Tapped on element 'Object Repository/Mobile/Page/Login/Input - Password'

2022-02-17 20:34:18 - [TEST_STEP][PASSED] - delay(1): Delayed 1 second(s)

2022-02-17 20:34:19 - [MESSAGE][PASSED] - Delayed 1 second(s)

2022-02-17 20:34:19 - [TEST_STEP][PASSED] - setText(LOGN_EdtRdyPassword, "Shalawa18", 0): Text 'Shalawa18' has been set to element 'Object Repository/Mobile/Page/Login/Input Rdy - Password'

2022-02-17 20:34:19 - [MESSAGE][WARNING] - Timeout '0' is invalid. Using default page load timeout: '60'

2022-02-17 20:34:19 - [MESSAGE][PASSED] - Text 'Shalawa18' has been set to element 'Object Repository/Mobile/Page/Login/Input Rdy - Password'

2022-02-17 20:34:19 - [TEST_STEP][PASSED] - delay(1): Delayed 1 second(s)

2022-02-17 20:34:20 - [MESSAGE][PASSED] - Delayed 1 second(s)

2022-02-17 20:34:20 - [TEST_STEP][PASSED] - hideKeyboard(): Keyboard is hidden

2022-02-17 20:34:27 - [MESSAGE][PASSED] - Keyboard is hidden

2022-02-17 20:34:27 - [TEST_STEP][PASSED] - tap(LOGN_BtnLogin, 0): Tapped on element 'Object Repository/Mobile/Page/Login/Button - Login'

2022-02-17 20:34:27 - [MESSAGE][WARNING] - Timeout '0' is invalid. Using default page load timeout: '60'

2022-02-17 20:34:28 - [MESSAGE][PASSED] - Tapped on element 'Object Repository/Mobile/Page/Login/Button - Login'

2022-02-17 20:34:28 - [TEST_STEP][PASSED] - delay(2): Delayed 2 second(s)

2022-02-17 20:34:30 - [MESSAGE][PASSED] - Delayed 2 second(s)

2022-02-17 20:34:30 - [TEST_STEP][PASSED] - break: null

2022-02-17 20:34:30 - [MESSAGE][PASSED] - Call Test Case 'Test Cases/Mobile/Page/Login/Login' successfully

2022-02-17 20:34:30 - [MESSAGE][PASSED] - Call Test Case 'Test Cases/Mobile/Page/CheckLogin' successfully

2022-02-17 20:34:30 - [TEST_STEP][PASSED] - tap(HOME_MenubarPortfolio, 0): Tapped on element 'Object Repository/Mobile/Page/Home/Menubar - Portfolio'

2022-02-17 20:34:30 - [MESSAGE][WARNING] - Timeout '0' is invalid. Using default page load timeout: '60'

2022-02-17 20:34:33 - [MESSAGE][PASSED] - Tapped on element 'Object Repository/Mobile/Page/Home/Menubar - Portfolio'

2022-02-17 20:34:33 - [TEST_STEP][PASSED] - delay(1): Delayed 1 second(s)

2022-02-17 20:34:34 - [MESSAGE][PASSED] - Delayed 1 second(s)

2022-02-17 20:34:34 - [TEST_STEP][PASSED] - for ([i = 0, i < 1, (i++)]): Delayed 3 second(s)

2022-02-17 20:34:34 - [TEST_STEP][PASSED] - if (tab == "summary"): Delayed 3 second(s)

2022-02-17 20:34:34 - [TEST_STEP][PASSED] - idr = PORT_BtnIDR: null

2022-02-17 20:34:34 - [TEST_STEP][PASSED] - persen = PORT_BtnPersen: null

2022-02-17 20:34:34 - [TEST_STEP][PASSED] - if (action == "summary"): null

2022-02-17 20:34:34 - [TEST_STEP][PASSED] - else if (action == "perf_daily"): null

2022-02-17 20:34:34 - [TEST_STEP][PASSED] - else if (action == "perf_month"): null

2022-02-17 20:34:34 - [TEST_STEP][PASSED] - else if (action == "perf_quarter"): null

2022-02-17 20:34:34 - [TEST_STEP][PASSED] - else if (action == "perf_year"): Tapped on element 'Object Repository/Mobile/Page/Portfolio/Tab - Summary Year to Date'

2022-02-17 20:34:34 - [TEST_STEP][PASSED] - scroll.scroll.scrollScreenBottomToTop(): scroll.scroll.scrollScreenBottomToTop is PASSED

2022-02-17 20:34:34 - [MESSAGE][PASSED] - Current device physical height is 1423

2022-02-17 20:34:35 - [MESSAGE][PASSED] - Current device physical width is 720

2022-02-17 20:34:36 - [MESSAGE][PASSED] - Swiped from 360,1,138 to 360,284

2022-02-17 20:34:36 - [MESSAGE][PASSED] - scroll.scroll.scrollScreenBottomToTop is PASSED

2022-02-17 20:34:36 - [TEST_STEP][PASSED] - delay(1): Delayed 1 second(s)

2022-02-17 20:34:37 - [MESSAGE][PASSED] - Delayed 1 second(s)

2022-02-17 20:34:37 - [TEST_STEP][PASSED] - tap(PORT_TabSummaryYear, 0): Tapped on element 'Object Repository/Mobile/Page/Portfolio/Tab - Summary Year to Date'

2022-02-17 20:34:37 - [MESSAGE][WARNING] - Timeout '0' is invalid. Using default page load timeout: '60'

2022-02-17 20:34:38 - [MESSAGE][PASSED] - Tapped on element 'Object Repository/Mobile/Page/Portfolio/Tab - Summary Year to Date'

2022-02-17 20:34:38 - [TEST_STEP][PASSED] - if (action != "summary"): Delayed 3 second(s)

2022-02-17 20:34:38 - [TEST_STEP][PASSED] - delay(1): Delayed 1 second(s)

2022-02-17 20:34:39 - [MESSAGE][PASSED] - Delayed 1 second(s)

2022-02-17 20:34:39 - [TEST_STEP][PASSED] - scroll.scroll.scrollScreenBottomToTop(): scroll.scroll.scrollScreenBottomToTop is PASSED

2022-02-17 20:34:39 - [MESSAGE][PASSED] - Current device physical height is 1423

2022-02-17 20:34:40 - [MESSAGE][PASSED] - Current device physical width is 720

2022-02-17 20:34:41 - [MESSAGE][PASSED] - Swiped from 360,1,138 to 360,284

2022-02-17 20:34:41 - [MESSAGE][PASSED] - scroll.scroll.scrollScreenBottomToTop is PASSED

2022-02-17 20:34:41 - [TEST_STEP][PASSED] - scroll.scroll.scrollScreenBottomToTop(): scroll.scroll.scrollScreenBottomToTop is PASSED

2022-02-17 20:34:41 - [MESSAGE][PASSED] - Current device physical height is 1423

2022-02-17 20:34:42 - [MESSAGE][PASSED] - Current device physical width is 720

2022-02-17 20:34:43 - [MESSAGE][PASSED] - Swiped from 360,1,138 to 360,284

2022-02-17 20:34:43 - [MESSAGE][PASSED] - scroll.scroll.scrollScreenBottomToTop is PASSED

2022-02-17 20:34:43 - [TEST_STEP][PASSED] - delay(3): Delayed 3 second(s)

2022-02-17 20:34:46 - [MESSAGE][PASSED] - Delayed 3 second(s)

2022-02-17 20:34:46 - [TEST_STEP][PASSED] - if (action2 == "idr"): Delayed 3 second(s)

2022-02-17 20:34:46 - [TEST_STEP][PASSED] - tap(idr, 10): Tapped on element 'Object Repository/Mobile/Page/Portfolio/Button - IDR'

2022-02-17 20:34:47 - [MESSAGE][PASSED] - Tapped on element 'Object Repository/Mobile/Page/Portfolio/Button - IDR'

2022-02-17 20:34:47 - [TEST_STEP][PASSED] - delay(3): Delayed 3 second(s)

2022-02-17 20:34:50 - [MESSAGE][PASSED] - Delayed 3 second(s)

2022-02-17 20:34:50 - [MESSAGE][PASSED] - Call Test Case 'Test Cases/Mobile/Page/Portfolio/Portfolio' successfully

2022-02-17 20:34:50 - [TEST_STEP][PASSED] - callTestCase(findTestCase("Mobile/Page/Run App/Terminate App"), [:], STOP_ON_FAILURE): Call Test Case 'Test Cases/Mobile/Page/Run App/Terminate App' successfully

2022-02-17 20:34:50 - [TEST_CASE][PASSED] - Test Cases/Mobile/Page/Run App/Terminate App: Test Cases/Mobile/Page/Run App/Terminate App

2022-02-17 20:34:50 - [TEST_STEP][PASSED] - startApp.OpenApp.terminateApplication(): startApp.OpenApp.terminateApplication is PASSED

2022-02-17 20:34:53 - [MESSAGE][PASSED] - Delayed 3 second(s)

2022-02-17 20:34:53 - [MESSAGE][PASSED] - Current device physical width is 720

2022-02-17 20:34:54 - [MESSAGE][PASSED] - Current device physical height is 1423

2022-02-17 20:34:55 - [MESSAGE][PASSED] - Swiped from 360,853 to 360,142

2022-02-17 20:34:56 - [MESSAGE][PASSED] - Delayed 1 second(s)

2022-02-17 20:34:58 - [MESSAGE][PASSED] - Swiped from 360,853 to 360,142

2022-02-17 20:35:01 - [MESSAGE][PASSED] - Delayed 3 second(s)

2022-02-17 20:35:01 - [MESSAGE][PASSED] - startApp.OpenApp.terminateApplication is PASSED

2022-02-17 20:35:01 - [MESSAGE][PASSED] - Call Test Case 'Test Cases/Mobile/Page/Run App/Terminate App' successfully]]></system-out>
         <system-err><![CDATA[]]></system-err>
      </testcase>
      <testcase name="Test Cases/Mobile/Scenario/Portfolio/006 - Portfolio Performance Daily Persen" time="72.714" classname="Test Cases/Mobile/Scenario/Portfolio/006 - Portfolio Performance Daily Persen" status="PASSED">
         <system-out><![CDATA[2022-02-17 20:35:01 - [TEST_CASE][PASSED] - Test Cases/Mobile/Scenario/Portfolio/006 - Portfolio Performance Daily Persen: Test Cases/Mobile/Scenario/Portfolio/006 - Portfolio Performance Daily Persen

2022-02-17 20:35:01 - [TEST_STEP][PASSED] - callTestCase(findTestCase("Mobile/Page/Run App/Run App byID"), [:], STOP_ON_FAILURE): Call Test Case 'Test Cases/Mobile/Page/Run App/Run App byID' successfully

2022-02-17 20:35:01 - [TEST_CASE][PASSED] - Test Cases/Mobile/Page/Run App/Run App byID: Test Cases/Mobile/Page/Run App/Run App byID

2022-02-17 20:35:01 - [TEST_STEP][PASSED] - startApp.OpenApp.startApplication("id.co.miraeasset.sageclub"): startApp.OpenApp.startApplication is PASSED

2022-02-17 20:35:20 - [MESSAGE][PASSED] - Starting app with application ID: 'id.co.miraeasset.sageclub'

2022-02-17 20:35:20 - [MESSAGE][PASSED] - startApp.OpenApp.startApplication is PASSED

2022-02-17 20:35:20 - [MESSAGE][PASSED] - Call Test Case 'Test Cases/Mobile/Page/Run App/Run App byID' successfully

2022-02-17 20:35:20 - [TEST_STEP][PASSED] - callTestCase(findTestCase("Mobile/Page/Portfolio/Portfolio"), ["tab":"summary", "action":"perf_daily", "action2":"persen"], CONTINUE_ON_FAILURE): Call Test Case 'Test Cases/Mobile/Page/Portfolio/Portfolio' successfully

2022-02-17 20:35:20 - [TEST_CASE][PASSED] - Test Cases/Mobile/Page/Portfolio/Portfolio: Test Cases/Mobile/Page/Portfolio/Portfolio

2022-02-17 20:35:20 - [TEST_STEP][PASSED] - callTestCase(findTestCase("Mobile/Page/CheckLogin"), [:], CONTINUE_ON_FAILURE): Call Test Case 'Test Cases/Mobile/Page/CheckLogin' successfully

2022-02-17 20:35:20 - [TEST_CASE][PASSED] - Test Cases/Mobile/Page/CheckLogin: Test Cases/Mobile/Page/CheckLogin

2022-02-17 20:35:20 - [TEST_STEP][PASSED] - loginCheck = verifyElementExist(LOGN_BtnLogin, 5, CONTINUE_ON_FAILURE): Element 'Object Repository/Mobile/Page/Login/Button - Login' is exist

2022-02-17 20:35:22 - [MESSAGE][PASSED] - Element 'Object Repository/Mobile/Page/Login/Button - Login' is exist

2022-02-17 20:35:22 - [TEST_STEP][PASSED] - if (loginCheck): Call Test Case 'Test Cases/Mobile/Page/Login/Login' successfully

2022-02-17 20:35:22 - [TEST_STEP][PASSED] - callTestCase(findTestCase("Mobile/Page/Login/Login"), ["action":"username"], CONTINUE_ON_FAILURE): Call Test Case 'Test Cases/Mobile/Page/Login/Login' successfully

2022-02-17 20:35:22 - [TEST_CASE][PASSED] - Test Cases/Mobile/Page/Login/Login: Test Cases/Mobile/Page/Login/Login

2022-02-17 20:35:22 - [TEST_STEP][PASSED] - delay(2): Delayed 2 second(s)

2022-02-17 20:35:24 - [MESSAGE][PASSED] - Delayed 2 second(s)

2022-02-17 20:35:24 - [TEST_STEP][PASSED] - for ([i = 0, i < 1, (i++)]): null

2022-02-17 20:35:24 - [TEST_STEP][PASSED] - if (action == "username"): null

2022-02-17 20:35:24 - [TEST_STEP][PASSED] - tap(LOGN_EdtUserID, 0): Tapped on element 'Object Repository/Mobile/Page/Login/Input - UserID'

2022-02-17 20:35:24 - [MESSAGE][WARNING] - Timeout '0' is invalid. Using default page load timeout: '60'

2022-02-17 20:35:25 - [MESSAGE][PASSED] - Tapped on element 'Object Repository/Mobile/Page/Login/Input - UserID'

2022-02-17 20:35:25 - [TEST_STEP][PASSED] - delay(1): Delayed 1 second(s)

2022-02-17 20:35:26 - [MESSAGE][PASSED] - Delayed 1 second(s)

2022-02-17 20:35:26 - [TEST_STEP][PASSED] - setText(LOGN_EdtRdyUserID, "anggaaditya", 0): Text 'anggaaditya' has been set to element 'Object Repository/Mobile/Page/Login/Input Rdy - UserID'

2022-02-17 20:35:26 - [MESSAGE][WARNING] - Timeout '0' is invalid. Using default page load timeout: '60'

2022-02-17 20:35:26 - [MESSAGE][PASSED] - Text 'anggaaditya' has been set to element 'Object Repository/Mobile/Page/Login/Input Rdy - UserID'

2022-02-17 20:35:26 - [TEST_STEP][PASSED] - delay(1): Delayed 1 second(s)

2022-02-17 20:35:27 - [MESSAGE][PASSED] - Delayed 1 second(s)

2022-02-17 20:35:27 - [TEST_STEP][PASSED] - hideKeyboard(): Keyboard is hidden

2022-02-17 20:35:31 - [MESSAGE][PASSED] - Keyboard is hidden

2022-02-17 20:35:31 - [TEST_STEP][PASSED] - tap(LOGN_EdtPassword, 0): Tapped on element 'Object Repository/Mobile/Page/Login/Input - Password'

2022-02-17 20:35:31 - [MESSAGE][WARNING] - Timeout '0' is invalid. Using default page load timeout: '60'

2022-02-17 20:35:31 - [MESSAGE][PASSED] - Tapped on element 'Object Repository/Mobile/Page/Login/Input - Password'

2022-02-17 20:35:31 - [TEST_STEP][PASSED] - delay(1): Delayed 1 second(s)

2022-02-17 20:35:32 - [MESSAGE][PASSED] - Delayed 1 second(s)

2022-02-17 20:35:32 - [TEST_STEP][PASSED] - setText(LOGN_EdtRdyPassword, "Shalawa18", 0): Text 'Shalawa18' has been set to element 'Object Repository/Mobile/Page/Login/Input Rdy - Password'

2022-02-17 20:35:32 - [MESSAGE][WARNING] - Timeout '0' is invalid. Using default page load timeout: '60'

2022-02-17 20:35:33 - [MESSAGE][PASSED] - Text 'Shalawa18' has been set to element 'Object Repository/Mobile/Page/Login/Input Rdy - Password'

2022-02-17 20:35:33 - [TEST_STEP][PASSED] - delay(1): Delayed 1 second(s)

2022-02-17 20:35:34 - [MESSAGE][PASSED] - Delayed 1 second(s)

2022-02-17 20:35:34 - [TEST_STEP][PASSED] - hideKeyboard(): Keyboard is hidden

2022-02-17 20:35:41 - [MESSAGE][PASSED] - Keyboard is hidden

2022-02-17 20:35:41 - [TEST_STEP][PASSED] - tap(LOGN_BtnLogin, 0): Tapped on element 'Object Repository/Mobile/Page/Login/Button - Login'

2022-02-17 20:35:41 - [MESSAGE][WARNING] - Timeout '0' is invalid. Using default page load timeout: '60'

2022-02-17 20:35:42 - [MESSAGE][PASSED] - Tapped on element 'Object Repository/Mobile/Page/Login/Button - Login'

2022-02-17 20:35:42 - [TEST_STEP][PASSED] - delay(2): Delayed 2 second(s)

2022-02-17 20:35:44 - [MESSAGE][PASSED] - Delayed 2 second(s)

2022-02-17 20:35:44 - [TEST_STEP][PASSED] - break: null

2022-02-17 20:35:44 - [MESSAGE][PASSED] - Call Test Case 'Test Cases/Mobile/Page/Login/Login' successfully

2022-02-17 20:35:44 - [MESSAGE][PASSED] - Call Test Case 'Test Cases/Mobile/Page/CheckLogin' successfully

2022-02-17 20:35:44 - [TEST_STEP][PASSED] - tap(HOME_MenubarPortfolio, 0): Tapped on element 'Object Repository/Mobile/Page/Home/Menubar - Portfolio'

2022-02-17 20:35:44 - [MESSAGE][WARNING] - Timeout '0' is invalid. Using default page load timeout: '60'

2022-02-17 20:35:47 - [MESSAGE][PASSED] - Tapped on element 'Object Repository/Mobile/Page/Home/Menubar - Portfolio'

2022-02-17 20:35:47 - [TEST_STEP][PASSED] - delay(1): Delayed 1 second(s)

2022-02-17 20:35:48 - [MESSAGE][PASSED] - Delayed 1 second(s)

2022-02-17 20:35:48 - [TEST_STEP][PASSED] - for ([i = 0, i < 1, (i++)]): Delayed 3 second(s)

2022-02-17 20:35:48 - [TEST_STEP][PASSED] - if (tab == "summary"): Delayed 3 second(s)

2022-02-17 20:35:48 - [TEST_STEP][PASSED] - idr = PORT_BtnIDR: null

2022-02-17 20:35:48 - [TEST_STEP][PASSED] - persen = PORT_BtnPersen: null

2022-02-17 20:35:48 - [TEST_STEP][PASSED] - if (action == "summary"): null

2022-02-17 20:35:48 - [TEST_STEP][PASSED] - else if (action == "perf_daily"): scroll.scroll.scrollScreenBottomToTop is PASSED

2022-02-17 20:35:48 - [TEST_STEP][PASSED] - scroll.scroll.scrollScreenBottomToTop(): scroll.scroll.scrollScreenBottomToTop is PASSED

2022-02-17 20:35:48 - [MESSAGE][PASSED] - Current device physical height is 1423

2022-02-17 20:35:49 - [MESSAGE][PASSED] - Current device physical width is 720

2022-02-17 20:35:50 - [MESSAGE][PASSED] - Swiped from 360,1,138 to 360,284

2022-02-17 20:35:50 - [MESSAGE][PASSED] - scroll.scroll.scrollScreenBottomToTop is PASSED

2022-02-17 20:35:50 - [TEST_STEP][PASSED] - if (action != "summary"): Delayed 3 second(s)

2022-02-17 20:35:50 - [TEST_STEP][PASSED] - delay(1): Delayed 1 second(s)

2022-02-17 20:35:51 - [MESSAGE][PASSED] - Delayed 1 second(s)

2022-02-17 20:35:51 - [TEST_STEP][PASSED] - scroll.scroll.scrollScreenBottomToTop(): scroll.scroll.scrollScreenBottomToTop is PASSED

2022-02-17 20:35:51 - [MESSAGE][PASSED] - Current device physical height is 1423

2022-02-17 20:35:52 - [MESSAGE][PASSED] - Current device physical width is 720

2022-02-17 20:35:53 - [MESSAGE][PASSED] - Swiped from 360,1,138 to 360,284

2022-02-17 20:35:53 - [MESSAGE][PASSED] - scroll.scroll.scrollScreenBottomToTop is PASSED

2022-02-17 20:35:53 - [TEST_STEP][PASSED] - scroll.scroll.scrollScreenBottomToTop(): scroll.scroll.scrollScreenBottomToTop is PASSED

2022-02-17 20:35:53 - [MESSAGE][PASSED] - Current device physical height is 1423

2022-02-17 20:35:54 - [MESSAGE][PASSED] - Current device physical width is 720

2022-02-17 20:35:55 - [MESSAGE][PASSED] - Swiped from 360,1,138 to 360,284

2022-02-17 20:35:55 - [MESSAGE][PASSED] - scroll.scroll.scrollScreenBottomToTop is PASSED

2022-02-17 20:35:55 - [TEST_STEP][PASSED] - delay(3): Delayed 3 second(s)

2022-02-17 20:35:58 - [MESSAGE][PASSED] - Delayed 3 second(s)

2022-02-17 20:35:58 - [TEST_STEP][PASSED] - if (action2 == "idr"): null

2022-02-17 20:35:58 - [TEST_STEP][PASSED] - else if (action2 == "persen"): Delayed 3 second(s)

2022-02-17 20:35:58 - [TEST_STEP][PASSED] - tap(persen, 10): Tapped on element 'Object Repository/Mobile/Page/Portfolio/Button - Persen'

2022-02-17 20:35:59 - [MESSAGE][PASSED] - Tapped on element 'Object Repository/Mobile/Page/Portfolio/Button - Persen'

2022-02-17 20:35:59 - [TEST_STEP][PASSED] - delay(3): Delayed 3 second(s)

2022-02-17 20:36:02 - [MESSAGE][PASSED] - Delayed 3 second(s)

2022-02-17 20:36:02 - [MESSAGE][PASSED] - Call Test Case 'Test Cases/Mobile/Page/Portfolio/Portfolio' successfully

2022-02-17 20:36:02 - [TEST_STEP][PASSED] - callTestCase(findTestCase("Mobile/Page/Run App/Terminate App"), [:], STOP_ON_FAILURE): Call Test Case 'Test Cases/Mobile/Page/Run App/Terminate App' successfully

2022-02-17 20:36:02 - [TEST_CASE][PASSED] - Test Cases/Mobile/Page/Run App/Terminate App: Test Cases/Mobile/Page/Run App/Terminate App

2022-02-17 20:36:02 - [TEST_STEP][PASSED] - startApp.OpenApp.terminateApplication(): startApp.OpenApp.terminateApplication is PASSED

2022-02-17 20:36:05 - [MESSAGE][PASSED] - Delayed 3 second(s)

2022-02-17 20:36:06 - [MESSAGE][PASSED] - Current device physical width is 720

2022-02-17 20:36:06 - [MESSAGE][PASSED] - Current device physical height is 1423

2022-02-17 20:36:08 - [MESSAGE][PASSED] - Swiped from 360,853 to 360,142

2022-02-17 20:36:09 - [MESSAGE][PASSED] - Delayed 1 second(s)

2022-02-17 20:36:10 - [MESSAGE][PASSED] - Swiped from 360,853 to 360,142

2022-02-17 20:36:13 - [MESSAGE][PASSED] - Delayed 3 second(s)

2022-02-17 20:36:13 - [MESSAGE][PASSED] - startApp.OpenApp.terminateApplication is PASSED

2022-02-17 20:36:13 - [MESSAGE][PASSED] - Call Test Case 'Test Cases/Mobile/Page/Run App/Terminate App' successfully]]></system-out>
         <system-err><![CDATA[]]></system-err>
      </testcase>
      <testcase name="Test Cases/Mobile/Scenario/Portfolio/007 - Portfolio Performance Month to Date Persen" time="75.213" classname="Test Cases/Mobile/Scenario/Portfolio/007 - Portfolio Performance Month to Date Persen" status="PASSED">
         <system-out><![CDATA[2022-02-17 20:36:13 - [TEST_CASE][PASSED] - Test Cases/Mobile/Scenario/Portfolio/007 - Portfolio Performance Month to Date Persen: Test Cases/Mobile/Scenario/Portfolio/007 - Portfolio Performance Month to Date Persen

2022-02-17 20:36:14 - [TEST_STEP][PASSED] - callTestCase(findTestCase("Mobile/Page/Run App/Run App byID"), [:], STOP_ON_FAILURE): Call Test Case 'Test Cases/Mobile/Page/Run App/Run App byID' successfully

2022-02-17 20:36:14 - [TEST_CASE][PASSED] - Test Cases/Mobile/Page/Run App/Run App byID: Test Cases/Mobile/Page/Run App/Run App byID

2022-02-17 20:36:14 - [TEST_STEP][PASSED] - startApp.OpenApp.startApplication("id.co.miraeasset.sageclub"): startApp.OpenApp.startApplication is PASSED

2022-02-17 20:36:33 - [MESSAGE][PASSED] - Starting app with application ID: 'id.co.miraeasset.sageclub'

2022-02-17 20:36:33 - [MESSAGE][PASSED] - startApp.OpenApp.startApplication is PASSED

2022-02-17 20:36:33 - [MESSAGE][PASSED] - Call Test Case 'Test Cases/Mobile/Page/Run App/Run App byID' successfully

2022-02-17 20:36:33 - [TEST_STEP][PASSED] - callTestCase(findTestCase("Mobile/Page/Portfolio/Portfolio"), ["tab":"summary", "action":"perf_month", "action2":"persen"], CONTINUE_ON_FAILURE): Call Test Case 'Test Cases/Mobile/Page/Portfolio/Portfolio' successfully

2022-02-17 20:36:33 - [TEST_CASE][PASSED] - Test Cases/Mobile/Page/Portfolio/Portfolio: Test Cases/Mobile/Page/Portfolio/Portfolio

2022-02-17 20:36:33 - [TEST_STEP][PASSED] - callTestCase(findTestCase("Mobile/Page/CheckLogin"), [:], CONTINUE_ON_FAILURE): Call Test Case 'Test Cases/Mobile/Page/CheckLogin' successfully

2022-02-17 20:36:33 - [TEST_CASE][PASSED] - Test Cases/Mobile/Page/CheckLogin: Test Cases/Mobile/Page/CheckLogin

2022-02-17 20:36:33 - [TEST_STEP][PASSED] - loginCheck = verifyElementExist(LOGN_BtnLogin, 5, CONTINUE_ON_FAILURE): Element 'Object Repository/Mobile/Page/Login/Button - Login' is exist

2022-02-17 20:36:35 - [MESSAGE][PASSED] - Element 'Object Repository/Mobile/Page/Login/Button - Login' is exist

2022-02-17 20:36:35 - [TEST_STEP][PASSED] - if (loginCheck): Call Test Case 'Test Cases/Mobile/Page/Login/Login' successfully

2022-02-17 20:36:35 - [TEST_STEP][PASSED] - callTestCase(findTestCase("Mobile/Page/Login/Login"), ["action":"username"], CONTINUE_ON_FAILURE): Call Test Case 'Test Cases/Mobile/Page/Login/Login' successfully

2022-02-17 20:36:35 - [TEST_CASE][PASSED] - Test Cases/Mobile/Page/Login/Login: Test Cases/Mobile/Page/Login/Login

2022-02-17 20:36:35 - [TEST_STEP][PASSED] - delay(2): Delayed 2 second(s)

2022-02-17 20:36:37 - [MESSAGE][PASSED] - Delayed 2 second(s)

2022-02-17 20:36:37 - [TEST_STEP][PASSED] - for ([i = 0, i < 1, (i++)]): null

2022-02-17 20:36:37 - [TEST_STEP][PASSED] - if (action == "username"): null

2022-02-17 20:36:37 - [TEST_STEP][PASSED] - tap(LOGN_EdtUserID, 0): Tapped on element 'Object Repository/Mobile/Page/Login/Input - UserID'

2022-02-17 20:36:37 - [MESSAGE][WARNING] - Timeout '0' is invalid. Using default page load timeout: '60'

2022-02-17 20:36:38 - [MESSAGE][PASSED] - Tapped on element 'Object Repository/Mobile/Page/Login/Input - UserID'

2022-02-17 20:36:38 - [TEST_STEP][PASSED] - delay(1): Delayed 1 second(s)

2022-02-17 20:36:39 - [MESSAGE][PASSED] - Delayed 1 second(s)

2022-02-17 20:36:39 - [TEST_STEP][PASSED] - setText(LOGN_EdtRdyUserID, "anggaaditya", 0): Text 'anggaaditya' has been set to element 'Object Repository/Mobile/Page/Login/Input Rdy - UserID'

2022-02-17 20:36:39 - [MESSAGE][WARNING] - Timeout '0' is invalid. Using default page load timeout: '60'

2022-02-17 20:36:39 - [MESSAGE][PASSED] - Text 'anggaaditya' has been set to element 'Object Repository/Mobile/Page/Login/Input Rdy - UserID'

2022-02-17 20:36:39 - [TEST_STEP][PASSED] - delay(1): Delayed 1 second(s)

2022-02-17 20:36:40 - [MESSAGE][PASSED] - Delayed 1 second(s)

2022-02-17 20:36:40 - [TEST_STEP][PASSED] - hideKeyboard(): Keyboard is hidden

2022-02-17 20:36:44 - [MESSAGE][PASSED] - Keyboard is hidden

2022-02-17 20:36:44 - [TEST_STEP][PASSED] - tap(LOGN_EdtPassword, 0): Tapped on element 'Object Repository/Mobile/Page/Login/Input - Password'

2022-02-17 20:36:44 - [MESSAGE][WARNING] - Timeout '0' is invalid. Using default page load timeout: '60'

2022-02-17 20:36:45 - [MESSAGE][PASSED] - Tapped on element 'Object Repository/Mobile/Page/Login/Input - Password'

2022-02-17 20:36:45 - [TEST_STEP][PASSED] - delay(1): Delayed 1 second(s)

2022-02-17 20:36:46 - [MESSAGE][PASSED] - Delayed 1 second(s)

2022-02-17 20:36:46 - [TEST_STEP][PASSED] - setText(LOGN_EdtRdyPassword, "Shalawa18", 0): Text 'Shalawa18' has been set to element 'Object Repository/Mobile/Page/Login/Input Rdy - Password'

2022-02-17 20:36:46 - [MESSAGE][WARNING] - Timeout '0' is invalid. Using default page load timeout: '60'

2022-02-17 20:36:46 - [MESSAGE][PASSED] - Text 'Shalawa18' has been set to element 'Object Repository/Mobile/Page/Login/Input Rdy - Password'

2022-02-17 20:36:46 - [TEST_STEP][PASSED] - delay(1): Delayed 1 second(s)

2022-02-17 20:36:47 - [MESSAGE][PASSED] - Delayed 1 second(s)

2022-02-17 20:36:47 - [TEST_STEP][PASSED] - hideKeyboard(): Keyboard is hidden

2022-02-17 20:36:54 - [MESSAGE][PASSED] - Keyboard is hidden

2022-02-17 20:36:54 - [TEST_STEP][PASSED] - tap(LOGN_BtnLogin, 0): Tapped on element 'Object Repository/Mobile/Page/Login/Button - Login'

2022-02-17 20:36:54 - [MESSAGE][WARNING] - Timeout '0' is invalid. Using default page load timeout: '60'

2022-02-17 20:36:55 - [MESSAGE][PASSED] - Tapped on element 'Object Repository/Mobile/Page/Login/Button - Login'

2022-02-17 20:36:55 - [TEST_STEP][PASSED] - delay(2): Delayed 2 second(s)

2022-02-17 20:36:57 - [MESSAGE][PASSED] - Delayed 2 second(s)

2022-02-17 20:36:57 - [TEST_STEP][PASSED] - break: null

2022-02-17 20:36:57 - [MESSAGE][PASSED] - Call Test Case 'Test Cases/Mobile/Page/Login/Login' successfully

2022-02-17 20:36:57 - [MESSAGE][PASSED] - Call Test Case 'Test Cases/Mobile/Page/CheckLogin' successfully

2022-02-17 20:36:57 - [TEST_STEP][PASSED] - tap(HOME_MenubarPortfolio, 0): Tapped on element 'Object Repository/Mobile/Page/Home/Menubar - Portfolio'

2022-02-17 20:36:57 - [MESSAGE][WARNING] - Timeout '0' is invalid. Using default page load timeout: '60'

2022-02-17 20:37:00 - [MESSAGE][PASSED] - Tapped on element 'Object Repository/Mobile/Page/Home/Menubar - Portfolio'

2022-02-17 20:37:00 - [TEST_STEP][PASSED] - delay(1): Delayed 1 second(s)

2022-02-17 20:37:01 - [MESSAGE][PASSED] - Delayed 1 second(s)

2022-02-17 20:37:01 - [TEST_STEP][PASSED] - for ([i = 0, i < 1, (i++)]): Delayed 3 second(s)

2022-02-17 20:37:01 - [TEST_STEP][PASSED] - if (tab == "summary"): Delayed 3 second(s)

2022-02-17 20:37:01 - [TEST_STEP][PASSED] - idr = PORT_BtnIDR: null

2022-02-17 20:37:01 - [TEST_STEP][PASSED] - persen = PORT_BtnPersen: null

2022-02-17 20:37:01 - [TEST_STEP][PASSED] - if (action == "summary"): null

2022-02-17 20:37:01 - [TEST_STEP][PASSED] - else if (action == "perf_daily"): null

2022-02-17 20:37:01 - [TEST_STEP][PASSED] - else if (action == "perf_month"): Tapped on element 'Object Repository/Mobile/Page/Portfolio/Tab - Summary Month to Date'

2022-02-17 20:37:01 - [TEST_STEP][PASSED] - scroll.scroll.scrollScreenBottomToTop(): scroll.scroll.scrollScreenBottomToTop is PASSED

2022-02-17 20:37:01 - [MESSAGE][PASSED] - Current device physical height is 1423

2022-02-17 20:37:02 - [MESSAGE][PASSED] - Current device physical width is 720

2022-02-17 20:37:03 - [MESSAGE][PASSED] - Swiped from 360,1,138 to 360,284

2022-02-17 20:37:03 - [MESSAGE][PASSED] - scroll.scroll.scrollScreenBottomToTop is PASSED

2022-02-17 20:37:03 - [TEST_STEP][PASSED] - delay(1): Delayed 1 second(s)

2022-02-17 20:37:04 - [MESSAGE][PASSED] - Delayed 1 second(s)

2022-02-17 20:37:04 - [TEST_STEP][PASSED] - tap(PORT_TabSummaryMonth, 0): Tapped on element 'Object Repository/Mobile/Page/Portfolio/Tab - Summary Month to Date'

2022-02-17 20:37:04 - [MESSAGE][WARNING] - Timeout '0' is invalid. Using default page load timeout: '60'

2022-02-17 20:37:05 - [MESSAGE][PASSED] - Tapped on element 'Object Repository/Mobile/Page/Portfolio/Tab - Summary Month to Date'

2022-02-17 20:37:05 - [TEST_STEP][PASSED] - if (action != "summary"): Delayed 3 second(s)

2022-02-17 20:37:05 - [TEST_STEP][PASSED] - delay(1): Delayed 1 second(s)

2022-02-17 20:37:06 - [MESSAGE][PASSED] - Delayed 1 second(s)

2022-02-17 20:37:06 - [TEST_STEP][PASSED] - scroll.scroll.scrollScreenBottomToTop(): scroll.scroll.scrollScreenBottomToTop is PASSED

2022-02-17 20:37:06 - [MESSAGE][PASSED] - Current device physical height is 1423

2022-02-17 20:37:07 - [MESSAGE][PASSED] - Current device physical width is 720

2022-02-17 20:37:08 - [MESSAGE][PASSED] - Swiped from 360,1,138 to 360,284

2022-02-17 20:37:08 - [MESSAGE][PASSED] - scroll.scroll.scrollScreenBottomToTop is PASSED

2022-02-17 20:37:08 - [TEST_STEP][PASSED] - scroll.scroll.scrollScreenBottomToTop(): scroll.scroll.scrollScreenBottomToTop is PASSED

2022-02-17 20:37:09 - [MESSAGE][PASSED] - Current device physical height is 1423

2022-02-17 20:37:09 - [MESSAGE][PASSED] - Current device physical width is 720

2022-02-17 20:37:11 - [MESSAGE][PASSED] - Swiped from 360,1,138 to 360,284

2022-02-17 20:37:11 - [MESSAGE][PASSED] - scroll.scroll.scrollScreenBottomToTop is PASSED

2022-02-17 20:37:11 - [TEST_STEP][PASSED] - delay(3): Delayed 3 second(s)

2022-02-17 20:37:14 - [MESSAGE][PASSED] - Delayed 3 second(s)

2022-02-17 20:37:14 - [TEST_STEP][PASSED] - if (action2 == "idr"): null

2022-02-17 20:37:14 - [TEST_STEP][PASSED] - else if (action2 == "persen"): Delayed 3 second(s)

2022-02-17 20:37:14 - [TEST_STEP][PASSED] - tap(persen, 10): Tapped on element 'Object Repository/Mobile/Page/Portfolio/Button - Persen'

2022-02-17 20:37:14 - [MESSAGE][PASSED] - Tapped on element 'Object Repository/Mobile/Page/Portfolio/Button - Persen'

2022-02-17 20:37:14 - [TEST_STEP][PASSED] - delay(3): Delayed 3 second(s)

2022-02-17 20:37:17 - [MESSAGE][PASSED] - Delayed 3 second(s)

2022-02-17 20:37:17 - [MESSAGE][PASSED] - Call Test Case 'Test Cases/Mobile/Page/Portfolio/Portfolio' successfully

2022-02-17 20:37:17 - [TEST_STEP][PASSED] - callTestCase(findTestCase("Mobile/Page/Run App/Terminate App"), [:], STOP_ON_FAILURE): Call Test Case 'Test Cases/Mobile/Page/Run App/Terminate App' successfully

2022-02-17 20:37:17 - [TEST_CASE][PASSED] - Test Cases/Mobile/Page/Run App/Terminate App: Test Cases/Mobile/Page/Run App/Terminate App

2022-02-17 20:37:17 - [TEST_STEP][PASSED] - startApp.OpenApp.terminateApplication(): startApp.OpenApp.terminateApplication is PASSED

2022-02-17 20:37:21 - [MESSAGE][PASSED] - Delayed 3 second(s)

2022-02-17 20:37:21 - [MESSAGE][PASSED] - Current device physical width is 720

2022-02-17 20:37:22 - [MESSAGE][PASSED] - Current device physical height is 1423

2022-02-17 20:37:23 - [MESSAGE][PASSED] - Swiped from 360,853 to 360,142

2022-02-17 20:37:24 - [MESSAGE][PASSED] - Delayed 1 second(s)

2022-02-17 20:37:26 - [MESSAGE][PASSED] - Swiped from 360,853 to 360,142

2022-02-17 20:37:29 - [MESSAGE][PASSED] - Delayed 3 second(s)

2022-02-17 20:37:29 - [MESSAGE][PASSED] - startApp.OpenApp.terminateApplication is PASSED

2022-02-17 20:37:29 - [MESSAGE][PASSED] - Call Test Case 'Test Cases/Mobile/Page/Run App/Terminate App' successfully]]></system-out>
         <system-err><![CDATA[]]></system-err>
      </testcase>
      <testcase name="Test Cases/Mobile/Scenario/Portfolio/008 - Portfolio Performance Quarter to Date Persen" time="78.205" classname="Test Cases/Mobile/Scenario/Portfolio/008 - Portfolio Performance Quarter to Date Persen" status="PASSED">
         <system-out><![CDATA[2022-02-17 20:37:29 - [TEST_CASE][PASSED] - Test Cases/Mobile/Scenario/Portfolio/008 - Portfolio Performance Quarter to Date Persen: Test Cases/Mobile/Scenario/Portfolio/008 - Portfolio Performance Quarter to Date Persen

2022-02-17 20:37:30 - [TEST_STEP][PASSED] - callTestCase(findTestCase("Mobile/Page/Run App/Run App byID"), [:], STOP_ON_FAILURE): Call Test Case 'Test Cases/Mobile/Page/Run App/Run App byID' successfully

2022-02-17 20:37:30 - [TEST_CASE][PASSED] - Test Cases/Mobile/Page/Run App/Run App byID: Test Cases/Mobile/Page/Run App/Run App byID

2022-02-17 20:37:30 - [TEST_STEP][PASSED] - startApp.OpenApp.startApplication("id.co.miraeasset.sageclub"): startApp.OpenApp.startApplication is PASSED

2022-02-17 20:37:51 - [MESSAGE][PASSED] - Starting app with application ID: 'id.co.miraeasset.sageclub'

2022-02-17 20:37:51 - [MESSAGE][PASSED] - startApp.OpenApp.startApplication is PASSED

2022-02-17 20:37:51 - [MESSAGE][PASSED] - Call Test Case 'Test Cases/Mobile/Page/Run App/Run App byID' successfully

2022-02-17 20:37:51 - [TEST_STEP][PASSED] - callTestCase(findTestCase("Mobile/Page/Portfolio/Portfolio"), ["tab":"summary", "action":"perf_quarter", "action2":"persen"], CONTINUE_ON_FAILURE): Call Test Case 'Test Cases/Mobile/Page/Portfolio/Portfolio' successfully

2022-02-17 20:37:51 - [TEST_CASE][PASSED] - Test Cases/Mobile/Page/Portfolio/Portfolio: Test Cases/Mobile/Page/Portfolio/Portfolio

2022-02-17 20:37:51 - [TEST_STEP][PASSED] - callTestCase(findTestCase("Mobile/Page/CheckLogin"), [:], CONTINUE_ON_FAILURE): Call Test Case 'Test Cases/Mobile/Page/CheckLogin' successfully

2022-02-17 20:37:51 - [TEST_CASE][PASSED] - Test Cases/Mobile/Page/CheckLogin: Test Cases/Mobile/Page/CheckLogin

2022-02-17 20:37:51 - [TEST_STEP][PASSED] - loginCheck = verifyElementExist(LOGN_BtnLogin, 5, CONTINUE_ON_FAILURE): Element 'Object Repository/Mobile/Page/Login/Button - Login' is exist

2022-02-17 20:37:53 - [MESSAGE][PASSED] - Element 'Object Repository/Mobile/Page/Login/Button - Login' is exist

2022-02-17 20:37:53 - [TEST_STEP][PASSED] - if (loginCheck): Call Test Case 'Test Cases/Mobile/Page/Login/Login' successfully

2022-02-17 20:37:53 - [TEST_STEP][PASSED] - callTestCase(findTestCase("Mobile/Page/Login/Login"), ["action":"username"], CONTINUE_ON_FAILURE): Call Test Case 'Test Cases/Mobile/Page/Login/Login' successfully

2022-02-17 20:37:53 - [TEST_CASE][PASSED] - Test Cases/Mobile/Page/Login/Login: Test Cases/Mobile/Page/Login/Login

2022-02-17 20:37:53 - [TEST_STEP][PASSED] - delay(2): Delayed 2 second(s)

2022-02-17 20:37:55 - [MESSAGE][PASSED] - Delayed 2 second(s)

2022-02-17 20:37:55 - [TEST_STEP][PASSED] - for ([i = 0, i < 1, (i++)]): null

2022-02-17 20:37:55 - [TEST_STEP][PASSED] - if (action == "username"): null

2022-02-17 20:37:55 - [TEST_STEP][PASSED] - tap(LOGN_EdtUserID, 0): Tapped on element 'Object Repository/Mobile/Page/Login/Input - UserID'

2022-02-17 20:37:55 - [MESSAGE][WARNING] - Timeout '0' is invalid. Using default page load timeout: '60'

2022-02-17 20:37:56 - [MESSAGE][PASSED] - Tapped on element 'Object Repository/Mobile/Page/Login/Input - UserID'

2022-02-17 20:37:56 - [TEST_STEP][PASSED] - delay(1): Delayed 1 second(s)

2022-02-17 20:37:57 - [MESSAGE][PASSED] - Delayed 1 second(s)

2022-02-17 20:37:57 - [TEST_STEP][PASSED] - setText(LOGN_EdtRdyUserID, "anggaaditya", 0): Text 'anggaaditya' has been set to element 'Object Repository/Mobile/Page/Login/Input Rdy - UserID'

2022-02-17 20:37:57 - [MESSAGE][WARNING] - Timeout '0' is invalid. Using default page load timeout: '60'

2022-02-17 20:37:58 - [MESSAGE][PASSED] - Text 'anggaaditya' has been set to element 'Object Repository/Mobile/Page/Login/Input Rdy - UserID'

2022-02-17 20:37:58 - [TEST_STEP][PASSED] - delay(1): Delayed 1 second(s)

2022-02-17 20:37:59 - [MESSAGE][PASSED] - Delayed 1 second(s)

2022-02-17 20:37:59 - [TEST_STEP][PASSED] - hideKeyboard(): Keyboard is hidden

2022-02-17 20:38:03 - [MESSAGE][PASSED] - Keyboard is hidden

2022-02-17 20:38:03 - [TEST_STEP][PASSED] - tap(LOGN_EdtPassword, 0): Tapped on element 'Object Repository/Mobile/Page/Login/Input - Password'

2022-02-17 20:38:03 - [MESSAGE][WARNING] - Timeout '0' is invalid. Using default page load timeout: '60'

2022-02-17 20:38:04 - [MESSAGE][PASSED] - Tapped on element 'Object Repository/Mobile/Page/Login/Input - Password'

2022-02-17 20:38:04 - [TEST_STEP][PASSED] - delay(1): Delayed 1 second(s)

2022-02-17 20:38:05 - [MESSAGE][PASSED] - Delayed 1 second(s)

2022-02-17 20:38:05 - [TEST_STEP][PASSED] - setText(LOGN_EdtRdyPassword, "Shalawa18", 0): Text 'Shalawa18' has been set to element 'Object Repository/Mobile/Page/Login/Input Rdy - Password'

2022-02-17 20:38:05 - [MESSAGE][WARNING] - Timeout '0' is invalid. Using default page load timeout: '60'

2022-02-17 20:38:05 - [MESSAGE][PASSED] - Text 'Shalawa18' has been set to element 'Object Repository/Mobile/Page/Login/Input Rdy - Password'

2022-02-17 20:38:05 - [TEST_STEP][PASSED] - delay(1): Delayed 1 second(s)

2022-02-17 20:38:06 - [MESSAGE][PASSED] - Delayed 1 second(s)

2022-02-17 20:38:06 - [TEST_STEP][PASSED] - hideKeyboard(): Keyboard is hidden

2022-02-17 20:38:14 - [MESSAGE][PASSED] - Keyboard is hidden

2022-02-17 20:38:14 - [TEST_STEP][PASSED] - tap(LOGN_BtnLogin, 0): Tapped on element 'Object Repository/Mobile/Page/Login/Button - Login'

2022-02-17 20:38:14 - [MESSAGE][WARNING] - Timeout '0' is invalid. Using default page load timeout: '60'

2022-02-17 20:38:15 - [MESSAGE][PASSED] - Tapped on element 'Object Repository/Mobile/Page/Login/Button - Login'

2022-02-17 20:38:15 - [TEST_STEP][PASSED] - delay(2): Delayed 2 second(s)

2022-02-17 20:38:17 - [MESSAGE][PASSED] - Delayed 2 second(s)

2022-02-17 20:38:17 - [TEST_STEP][PASSED] - break: null

2022-02-17 20:38:17 - [MESSAGE][PASSED] - Call Test Case 'Test Cases/Mobile/Page/Login/Login' successfully

2022-02-17 20:38:17 - [MESSAGE][PASSED] - Call Test Case 'Test Cases/Mobile/Page/CheckLogin' successfully

2022-02-17 20:38:17 - [TEST_STEP][PASSED] - tap(HOME_MenubarPortfolio, 0): Tapped on element 'Object Repository/Mobile/Page/Home/Menubar - Portfolio'

2022-02-17 20:38:17 - [MESSAGE][WARNING] - Timeout '0' is invalid. Using default page load timeout: '60'

2022-02-17 20:38:19 - [MESSAGE][PASSED] - Tapped on element 'Object Repository/Mobile/Page/Home/Menubar - Portfolio'

2022-02-17 20:38:19 - [TEST_STEP][PASSED] - delay(1): Delayed 1 second(s)

2022-02-17 20:38:20 - [MESSAGE][PASSED] - Delayed 1 second(s)

2022-02-17 20:38:20 - [TEST_STEP][PASSED] - for ([i = 0, i < 1, (i++)]): Delayed 3 second(s)

2022-02-17 20:38:20 - [TEST_STEP][PASSED] - if (tab == "summary"): Delayed 3 second(s)

2022-02-17 20:38:20 - [TEST_STEP][PASSED] - idr = PORT_BtnIDR: null

2022-02-17 20:38:20 - [TEST_STEP][PASSED] - persen = PORT_BtnPersen: null

2022-02-17 20:38:20 - [TEST_STEP][PASSED] - if (action == "summary"): null

2022-02-17 20:38:20 - [TEST_STEP][PASSED] - else if (action == "perf_daily"): null

2022-02-17 20:38:20 - [TEST_STEP][PASSED] - else if (action == "perf_month"): null

2022-02-17 20:38:20 - [TEST_STEP][PASSED] - else if (action == "perf_quarter"): Tapped on element 'Object Repository/Mobile/Page/Portfolio/Tab - Summary Quarter to Date'

2022-02-17 20:38:20 - [TEST_STEP][PASSED] - scroll.scroll.scrollScreenBottomToTop(): scroll.scroll.scrollScreenBottomToTop is PASSED

2022-02-17 20:38:20 - [MESSAGE][PASSED] - Current device physical height is 1423

2022-02-17 20:38:21 - [MESSAGE][PASSED] - Current device physical width is 720

2022-02-17 20:38:22 - [MESSAGE][PASSED] - Swiped from 360,1,138 to 360,284

2022-02-17 20:38:22 - [MESSAGE][PASSED] - scroll.scroll.scrollScreenBottomToTop is PASSED

2022-02-17 20:38:22 - [TEST_STEP][PASSED] - delay(1): Delayed 1 second(s)

2022-02-17 20:38:23 - [MESSAGE][PASSED] - Delayed 1 second(s)

2022-02-17 20:38:23 - [TEST_STEP][PASSED] - tap(PORT_TabSummaryQuarter, 0): Tapped on element 'Object Repository/Mobile/Page/Portfolio/Tab - Summary Quarter to Date'

2022-02-17 20:38:23 - [MESSAGE][WARNING] - Timeout '0' is invalid. Using default page load timeout: '60'

2022-02-17 20:38:24 - [MESSAGE][PASSED] - Tapped on element 'Object Repository/Mobile/Page/Portfolio/Tab - Summary Quarter to Date'

2022-02-17 20:38:24 - [TEST_STEP][PASSED] - if (action != "summary"): Delayed 3 second(s)

2022-02-17 20:38:24 - [TEST_STEP][PASSED] - delay(1): Delayed 1 second(s)

2022-02-17 20:38:25 - [MESSAGE][PASSED] - Delayed 1 second(s)

2022-02-17 20:38:25 - [TEST_STEP][PASSED] - scroll.scroll.scrollScreenBottomToTop(): scroll.scroll.scrollScreenBottomToTop is PASSED

2022-02-17 20:38:25 - [MESSAGE][PASSED] - Current device physical height is 1423

2022-02-17 20:38:26 - [MESSAGE][PASSED] - Current device physical width is 720

2022-02-17 20:38:27 - [MESSAGE][PASSED] - Swiped from 360,1,138 to 360,284

2022-02-17 20:38:27 - [MESSAGE][PASSED] - scroll.scroll.scrollScreenBottomToTop is PASSED

2022-02-17 20:38:27 - [TEST_STEP][PASSED] - scroll.scroll.scrollScreenBottomToTop(): scroll.scroll.scrollScreenBottomToTop is PASSED

2022-02-17 20:38:28 - [MESSAGE][PASSED] - Current device physical height is 1423

2022-02-17 20:38:28 - [MESSAGE][PASSED] - Current device physical width is 720

2022-02-17 20:38:29 - [MESSAGE][PASSED] - Swiped from 360,1,138 to 360,284

2022-02-17 20:38:30 - [MESSAGE][PASSED] - scroll.scroll.scrollScreenBottomToTop is PASSED

2022-02-17 20:38:30 - [TEST_STEP][PASSED] - delay(3): Delayed 3 second(s)

2022-02-17 20:38:33 - [MESSAGE][PASSED] - Delayed 3 second(s)

2022-02-17 20:38:33 - [TEST_STEP][PASSED] - if (action2 == "idr"): null

2022-02-17 20:38:33 - [TEST_STEP][PASSED] - else if (action2 == "persen"): Delayed 3 second(s)

2022-02-17 20:38:33 - [TEST_STEP][PASSED] - tap(persen, 10): Tapped on element 'Object Repository/Mobile/Page/Portfolio/Button - Persen'

2022-02-17 20:38:33 - [MESSAGE][PASSED] - Tapped on element 'Object Repository/Mobile/Page/Portfolio/Button - Persen'

2022-02-17 20:38:33 - [TEST_STEP][PASSED] - delay(3): Delayed 3 second(s)

2022-02-17 20:38:36 - [MESSAGE][PASSED] - Delayed 3 second(s)

2022-02-17 20:38:36 - [MESSAGE][PASSED] - Call Test Case 'Test Cases/Mobile/Page/Portfolio/Portfolio' successfully

2022-02-17 20:38:36 - [TEST_STEP][PASSED] - callTestCase(findTestCase("Mobile/Page/Run App/Terminate App"), [:], STOP_ON_FAILURE): Call Test Case 'Test Cases/Mobile/Page/Run App/Terminate App' successfully

2022-02-17 20:38:36 - [TEST_CASE][PASSED] - Test Cases/Mobile/Page/Run App/Terminate App: Test Cases/Mobile/Page/Run App/Terminate App

2022-02-17 20:38:36 - [TEST_STEP][PASSED] - startApp.OpenApp.terminateApplication(): startApp.OpenApp.terminateApplication is PASSED

2022-02-17 20:38:39 - [MESSAGE][PASSED] - Delayed 3 second(s)

2022-02-17 20:38:40 - [MESSAGE][PASSED] - Current device physical width is 720

2022-02-17 20:38:40 - [MESSAGE][PASSED] - Current device physical height is 1423

2022-02-17 20:38:41 - [MESSAGE][PASSED] - Swiped from 360,853 to 360,142

2022-02-17 20:38:42 - [MESSAGE][PASSED] - Delayed 1 second(s)

2022-02-17 20:38:44 - [MESSAGE][PASSED] - Swiped from 360,853 to 360,142

2022-02-17 20:38:47 - [MESSAGE][PASSED] - Delayed 3 second(s)

2022-02-17 20:38:47 - [MESSAGE][PASSED] - startApp.OpenApp.terminateApplication is PASSED

2022-02-17 20:38:47 - [MESSAGE][PASSED] - Call Test Case 'Test Cases/Mobile/Page/Run App/Terminate App' successfully]]></system-out>
         <system-err><![CDATA[]]></system-err>
      </testcase>
      <testcase name="Test Cases/Mobile/Scenario/Portfolio/009 - Portfolio Performance Year to Date Persen" time="76.051" classname="Test Cases/Mobile/Scenario/Portfolio/009 - Portfolio Performance Year to Date Persen" status="PASSED">
         <system-out><![CDATA[2022-02-17 20:38:47 - [TEST_CASE][PASSED] - Test Cases/Mobile/Scenario/Portfolio/009 - Portfolio Performance Year to Date Persen: Test Cases/Mobile/Scenario/Portfolio/009 - Portfolio Performance Year to Date Persen

2022-02-17 20:38:48 - [TEST_STEP][PASSED] - callTestCase(findTestCase("Mobile/Page/Run App/Run App byID"), [:], STOP_ON_FAILURE): Call Test Case 'Test Cases/Mobile/Page/Run App/Run App byID' successfully

2022-02-17 20:38:48 - [TEST_CASE][PASSED] - Test Cases/Mobile/Page/Run App/Run App byID: Test Cases/Mobile/Page/Run App/Run App byID

2022-02-17 20:38:48 - [TEST_STEP][PASSED] - startApp.OpenApp.startApplication("id.co.miraeasset.sageclub"): startApp.OpenApp.startApplication is PASSED

2022-02-17 20:39:07 - [MESSAGE][PASSED] - Starting app with application ID: 'id.co.miraeasset.sageclub'

2022-02-17 20:39:07 - [MESSAGE][PASSED] - startApp.OpenApp.startApplication is PASSED

2022-02-17 20:39:07 - [MESSAGE][PASSED] - Call Test Case 'Test Cases/Mobile/Page/Run App/Run App byID' successfully

2022-02-17 20:39:07 - [TEST_STEP][PASSED] - callTestCase(findTestCase("Mobile/Page/Portfolio/Portfolio"), ["tab":"summary", "action":"perf_year", "action2":"persen"], CONTINUE_ON_FAILURE): Call Test Case 'Test Cases/Mobile/Page/Portfolio/Portfolio' successfully

2022-02-17 20:39:07 - [TEST_CASE][PASSED] - Test Cases/Mobile/Page/Portfolio/Portfolio: Test Cases/Mobile/Page/Portfolio/Portfolio

2022-02-17 20:39:07 - [TEST_STEP][PASSED] - callTestCase(findTestCase("Mobile/Page/CheckLogin"), [:], CONTINUE_ON_FAILURE): Call Test Case 'Test Cases/Mobile/Page/CheckLogin' successfully

2022-02-17 20:39:08 - [TEST_CASE][PASSED] - Test Cases/Mobile/Page/CheckLogin: Test Cases/Mobile/Page/CheckLogin

2022-02-17 20:39:08 - [TEST_STEP][PASSED] - loginCheck = verifyElementExist(LOGN_BtnLogin, 5, CONTINUE_ON_FAILURE): Element 'Object Repository/Mobile/Page/Login/Button - Login' is exist

2022-02-17 20:39:09 - [MESSAGE][PASSED] - Element 'Object Repository/Mobile/Page/Login/Button - Login' is exist

2022-02-17 20:39:09 - [TEST_STEP][PASSED] - if (loginCheck): Call Test Case 'Test Cases/Mobile/Page/Login/Login' successfully

2022-02-17 20:39:09 - [TEST_STEP][PASSED] - callTestCase(findTestCase("Mobile/Page/Login/Login"), ["action":"username"], CONTINUE_ON_FAILURE): Call Test Case 'Test Cases/Mobile/Page/Login/Login' successfully

2022-02-17 20:39:09 - [TEST_CASE][PASSED] - Test Cases/Mobile/Page/Login/Login: Test Cases/Mobile/Page/Login/Login

2022-02-17 20:39:09 - [TEST_STEP][PASSED] - delay(2): Delayed 2 second(s)

2022-02-17 20:39:11 - [MESSAGE][PASSED] - Delayed 2 second(s)

2022-02-17 20:39:11 - [TEST_STEP][PASSED] - for ([i = 0, i < 1, (i++)]): null

2022-02-17 20:39:11 - [TEST_STEP][PASSED] - if (action == "username"): null

2022-02-17 20:39:11 - [TEST_STEP][PASSED] - tap(LOGN_EdtUserID, 0): Tapped on element 'Object Repository/Mobile/Page/Login/Input - UserID'

2022-02-17 20:39:11 - [MESSAGE][WARNING] - Timeout '0' is invalid. Using default page load timeout: '60'

2022-02-17 20:39:12 - [MESSAGE][PASSED] - Tapped on element 'Object Repository/Mobile/Page/Login/Input - UserID'

2022-02-17 20:39:12 - [TEST_STEP][PASSED] - delay(1): Delayed 1 second(s)

2022-02-17 20:39:13 - [MESSAGE][PASSED] - Delayed 1 second(s)

2022-02-17 20:39:13 - [TEST_STEP][PASSED] - setText(LOGN_EdtRdyUserID, "anggaaditya", 0): Text 'anggaaditya' has been set to element 'Object Repository/Mobile/Page/Login/Input Rdy - UserID'

2022-02-17 20:39:13 - [MESSAGE][WARNING] - Timeout '0' is invalid. Using default page load timeout: '60'

2022-02-17 20:39:13 - [MESSAGE][PASSED] - Text 'anggaaditya' has been set to element 'Object Repository/Mobile/Page/Login/Input Rdy - UserID'

2022-02-17 20:39:13 - [TEST_STEP][PASSED] - delay(1): Delayed 1 second(s)

2022-02-17 20:39:15 - [MESSAGE][PASSED] - Delayed 1 second(s)

2022-02-17 20:39:15 - [TEST_STEP][PASSED] - hideKeyboard(): Keyboard is hidden

2022-02-17 20:39:19 - [MESSAGE][PASSED] - Keyboard is hidden

2022-02-17 20:39:19 - [TEST_STEP][PASSED] - tap(LOGN_EdtPassword, 0): Tapped on element 'Object Repository/Mobile/Page/Login/Input - Password'

2022-02-17 20:39:19 - [MESSAGE][WARNING] - Timeout '0' is invalid. Using default page load timeout: '60'

2022-02-17 20:39:19 - [MESSAGE][PASSED] - Tapped on element 'Object Repository/Mobile/Page/Login/Input - Password'

2022-02-17 20:39:19 - [TEST_STEP][PASSED] - delay(1): Delayed 1 second(s)

2022-02-17 20:39:20 - [MESSAGE][PASSED] - Delayed 1 second(s)

2022-02-17 20:39:20 - [TEST_STEP][PASSED] - setText(LOGN_EdtRdyPassword, "Shalawa18", 0): Text 'Shalawa18' has been set to element 'Object Repository/Mobile/Page/Login/Input Rdy - Password'

2022-02-17 20:39:20 - [MESSAGE][WARNING] - Timeout '0' is invalid. Using default page load timeout: '60'

2022-02-17 20:39:21 - [MESSAGE][PASSED] - Text 'Shalawa18' has been set to element 'Object Repository/Mobile/Page/Login/Input Rdy - Password'

2022-02-17 20:39:21 - [TEST_STEP][PASSED] - delay(1): Delayed 1 second(s)

2022-02-17 20:39:22 - [MESSAGE][PASSED] - Delayed 1 second(s)

2022-02-17 20:39:22 - [TEST_STEP][PASSED] - hideKeyboard(): Keyboard is hidden

2022-02-17 20:39:29 - [MESSAGE][PASSED] - Keyboard is hidden

2022-02-17 20:39:30 - [TEST_STEP][PASSED] - tap(LOGN_BtnLogin, 0): Tapped on element 'Object Repository/Mobile/Page/Login/Button - Login'

2022-02-17 20:39:30 - [MESSAGE][WARNING] - Timeout '0' is invalid. Using default page load timeout: '60'

2022-02-17 20:39:30 - [MESSAGE][PASSED] - Tapped on element 'Object Repository/Mobile/Page/Login/Button - Login'

2022-02-17 20:39:30 - [TEST_STEP][PASSED] - delay(2): Delayed 2 second(s)

2022-02-17 20:39:33 - [MESSAGE][PASSED] - Delayed 2 second(s)

2022-02-17 20:39:33 - [TEST_STEP][PASSED] - break: null

2022-02-17 20:39:33 - [MESSAGE][PASSED] - Call Test Case 'Test Cases/Mobile/Page/Login/Login' successfully

2022-02-17 20:39:33 - [MESSAGE][PASSED] - Call Test Case 'Test Cases/Mobile/Page/CheckLogin' successfully

2022-02-17 20:39:33 - [TEST_STEP][PASSED] - tap(HOME_MenubarPortfolio, 0): Tapped on element 'Object Repository/Mobile/Page/Home/Menubar - Portfolio'

2022-02-17 20:39:33 - [MESSAGE][WARNING] - Timeout '0' is invalid. Using default page load timeout: '60'

2022-02-17 20:39:34 - [MESSAGE][PASSED] - Tapped on element 'Object Repository/Mobile/Page/Home/Menubar - Portfolio'

2022-02-17 20:39:34 - [TEST_STEP][PASSED] - delay(1): Delayed 1 second(s)

2022-02-17 20:39:35 - [MESSAGE][PASSED] - Delayed 1 second(s)

2022-02-17 20:39:35 - [TEST_STEP][PASSED] - for ([i = 0, i < 1, (i++)]): Delayed 3 second(s)

2022-02-17 20:39:35 - [TEST_STEP][PASSED] - if (tab == "summary"): Delayed 3 second(s)

2022-02-17 20:39:35 - [TEST_STEP][PASSED] - idr = PORT_BtnIDR: null

2022-02-17 20:39:35 - [TEST_STEP][PASSED] - persen = PORT_BtnPersen: null

2022-02-17 20:39:35 - [TEST_STEP][PASSED] - if (action == "summary"): null

2022-02-17 20:39:35 - [TEST_STEP][PASSED] - else if (action == "perf_daily"): null

2022-02-17 20:39:35 - [TEST_STEP][PASSED] - else if (action == "perf_month"): null

2022-02-17 20:39:35 - [TEST_STEP][PASSED] - else if (action == "perf_quarter"): null

2022-02-17 20:39:35 - [TEST_STEP][PASSED] - else if (action == "perf_year"): Tapped on element 'Object Repository/Mobile/Page/Portfolio/Tab - Summary Year to Date'

2022-02-17 20:39:35 - [TEST_STEP][PASSED] - scroll.scroll.scrollScreenBottomToTop(): scroll.scroll.scrollScreenBottomToTop is PASSED

2022-02-17 20:39:36 - [MESSAGE][PASSED] - Current device physical height is 1423

2022-02-17 20:39:37 - [MESSAGE][PASSED] - Current device physical width is 720

2022-02-17 20:39:38 - [MESSAGE][PASSED] - Swiped from 360,1,138 to 360,284

2022-02-17 20:39:38 - [MESSAGE][PASSED] - scroll.scroll.scrollScreenBottomToTop is PASSED

2022-02-17 20:39:38 - [TEST_STEP][PASSED] - delay(1): Delayed 1 second(s)

2022-02-17 20:39:39 - [MESSAGE][PASSED] - Delayed 1 second(s)

2022-02-17 20:39:39 - [TEST_STEP][PASSED] - tap(PORT_TabSummaryYear, 0): Tapped on element 'Object Repository/Mobile/Page/Portfolio/Tab - Summary Year to Date'

2022-02-17 20:39:39 - [MESSAGE][WARNING] - Timeout '0' is invalid. Using default page load timeout: '60'

2022-02-17 20:39:40 - [MESSAGE][PASSED] - Tapped on element 'Object Repository/Mobile/Page/Portfolio/Tab - Summary Year to Date'

2022-02-17 20:39:40 - [TEST_STEP][PASSED] - if (action != "summary"): Delayed 3 second(s)

2022-02-17 20:39:40 - [TEST_STEP][PASSED] - delay(1): Delayed 1 second(s)

2022-02-17 20:39:41 - [MESSAGE][PASSED] - Delayed 1 second(s)

2022-02-17 20:39:41 - [TEST_STEP][PASSED] - scroll.scroll.scrollScreenBottomToTop(): scroll.scroll.scrollScreenBottomToTop is PASSED

2022-02-17 20:39:41 - [MESSAGE][PASSED] - Current device physical height is 1423

2022-02-17 20:39:42 - [MESSAGE][PASSED] - Current device physical width is 720

2022-02-17 20:39:43 - [MESSAGE][PASSED] - Swiped from 360,1,138 to 360,284

2022-02-17 20:39:43 - [MESSAGE][PASSED] - scroll.scroll.scrollScreenBottomToTop is PASSED

2022-02-17 20:39:43 - [TEST_STEP][PASSED] - scroll.scroll.scrollScreenBottomToTop(): scroll.scroll.scrollScreenBottomToTop is PASSED

2022-02-17 20:39:43 - [MESSAGE][PASSED] - Current device physical height is 1423

2022-02-17 20:39:44 - [MESSAGE][PASSED] - Current device physical width is 720

2022-02-17 20:39:45 - [MESSAGE][PASSED] - Swiped from 360,1,138 to 360,284

2022-02-17 20:39:45 - [MESSAGE][PASSED] - scroll.scroll.scrollScreenBottomToTop is PASSED

2022-02-17 20:39:45 - [TEST_STEP][PASSED] - delay(3): Delayed 3 second(s)

2022-02-17 20:39:48 - [MESSAGE][PASSED] - Delayed 3 second(s)

2022-02-17 20:39:48 - [TEST_STEP][PASSED] - if (action2 == "idr"): null

2022-02-17 20:39:48 - [TEST_STEP][PASSED] - else if (action2 == "persen"): Delayed 3 second(s)

2022-02-17 20:39:48 - [TEST_STEP][PASSED] - tap(persen, 10): Tapped on element 'Object Repository/Mobile/Page/Portfolio/Button - Persen'

2022-02-17 20:39:49 - [MESSAGE][PASSED] - Tapped on element 'Object Repository/Mobile/Page/Portfolio/Button - Persen'

2022-02-17 20:39:49 - [TEST_STEP][PASSED] - delay(3): Delayed 3 second(s)

2022-02-17 20:39:52 - [MESSAGE][PASSED] - Delayed 3 second(s)

2022-02-17 20:39:52 - [MESSAGE][PASSED] - Call Test Case 'Test Cases/Mobile/Page/Portfolio/Portfolio' successfully

2022-02-17 20:39:52 - [TEST_STEP][PASSED] - callTestCase(findTestCase("Mobile/Page/Run App/Terminate App"), [:], STOP_ON_FAILURE): Call Test Case 'Test Cases/Mobile/Page/Run App/Terminate App' successfully

2022-02-17 20:39:52 - [TEST_CASE][PASSED] - Test Cases/Mobile/Page/Run App/Terminate App: Test Cases/Mobile/Page/Run App/Terminate App

2022-02-17 20:39:52 - [TEST_STEP][PASSED] - startApp.OpenApp.terminateApplication(): startApp.OpenApp.terminateApplication is PASSED

2022-02-17 20:39:55 - [MESSAGE][PASSED] - Delayed 3 second(s)

2022-02-17 20:39:56 - [MESSAGE][PASSED] - Current device physical width is 720

2022-02-17 20:39:56 - [MESSAGE][PASSED] - Current device physical height is 1423

2022-02-17 20:39:57 - [MESSAGE][PASSED] - Swiped from 360,853 to 360,142

2022-02-17 20:39:59 - [MESSAGE][PASSED] - Delayed 1 second(s)

2022-02-17 20:40:00 - [MESSAGE][PASSED] - Swiped from 360,853 to 360,142

2022-02-17 20:40:03 - [MESSAGE][PASSED] - Delayed 3 second(s)

2022-02-17 20:40:03 - [MESSAGE][PASSED] - startApp.OpenApp.terminateApplication is PASSED

2022-02-17 20:40:03 - [MESSAGE][PASSED] - Call Test Case 'Test Cases/Mobile/Page/Run App/Terminate App' successfully]]></system-out>
         <system-err><![CDATA[]]></system-err>
      </testcase>
      <testcase name="Test Cases/Mobile/Scenario/Portfolio/010 - Melihat list stock" time="63.953" classname="Test Cases/Mobile/Scenario/Portfolio/010 - Melihat list stock" status="PASSED">
         <system-out><![CDATA[2022-02-17 20:40:03 - [TEST_CASE][PASSED] - Test Cases/Mobile/Scenario/Portfolio/010 - Melihat list stock: Test Cases/Mobile/Scenario/Portfolio/010 - Melihat list stock

2022-02-17 20:40:04 - [TEST_STEP][PASSED] - callTestCase(findTestCase("Mobile/Page/Run App/Run App byID"), [:], STOP_ON_FAILURE): Call Test Case 'Test Cases/Mobile/Page/Run App/Run App byID' successfully

2022-02-17 20:40:04 - [TEST_CASE][PASSED] - Test Cases/Mobile/Page/Run App/Run App byID: Test Cases/Mobile/Page/Run App/Run App byID

2022-02-17 20:40:04 - [TEST_STEP][PASSED] - startApp.OpenApp.startApplication("id.co.miraeasset.sageclub"): startApp.OpenApp.startApplication is PASSED

2022-02-17 20:40:22 - [MESSAGE][PASSED] - Starting app with application ID: 'id.co.miraeasset.sageclub'

2022-02-17 20:40:22 - [MESSAGE][PASSED] - startApp.OpenApp.startApplication is PASSED

2022-02-17 20:40:22 - [MESSAGE][PASSED] - Call Test Case 'Test Cases/Mobile/Page/Run App/Run App byID' successfully

2022-02-17 20:40:22 - [TEST_STEP][PASSED] - callTestCase(findTestCase("Mobile/Page/Portfolio/Portfolio"), ["tab":"stock"], CONTINUE_ON_FAILURE): Call Test Case 'Test Cases/Mobile/Page/Portfolio/Portfolio' successfully

2022-02-17 20:40:22 - [TEST_CASE][PASSED] - Test Cases/Mobile/Page/Portfolio/Portfolio: Test Cases/Mobile/Page/Portfolio/Portfolio

2022-02-17 20:40:22 - [TEST_STEP][PASSED] - callTestCase(findTestCase("Mobile/Page/CheckLogin"), [:], CONTINUE_ON_FAILURE): Call Test Case 'Test Cases/Mobile/Page/CheckLogin' successfully

2022-02-17 20:40:22 - [TEST_CASE][PASSED] - Test Cases/Mobile/Page/CheckLogin: Test Cases/Mobile/Page/CheckLogin

2022-02-17 20:40:22 - [TEST_STEP][PASSED] - loginCheck = verifyElementExist(LOGN_BtnLogin, 5, CONTINUE_ON_FAILURE): Element 'Object Repository/Mobile/Page/Login/Button - Login' is exist

2022-02-17 20:40:24 - [MESSAGE][PASSED] - Element 'Object Repository/Mobile/Page/Login/Button - Login' is exist

2022-02-17 20:40:24 - [TEST_STEP][PASSED] - if (loginCheck): Call Test Case 'Test Cases/Mobile/Page/Login/Login' successfully

2022-02-17 20:40:24 - [TEST_STEP][PASSED] - callTestCase(findTestCase("Mobile/Page/Login/Login"), ["action":"username"], CONTINUE_ON_FAILURE): Call Test Case 'Test Cases/Mobile/Page/Login/Login' successfully

2022-02-17 20:40:24 - [TEST_CASE][PASSED] - Test Cases/Mobile/Page/Login/Login: Test Cases/Mobile/Page/Login/Login

2022-02-17 20:40:24 - [TEST_STEP][PASSED] - delay(2): Delayed 2 second(s)

2022-02-17 20:40:26 - [MESSAGE][PASSED] - Delayed 2 second(s)

2022-02-17 20:40:26 - [TEST_STEP][PASSED] - for ([i = 0, i < 1, (i++)]): null

2022-02-17 20:40:26 - [TEST_STEP][PASSED] - if (action == "username"): null

2022-02-17 20:40:26 - [TEST_STEP][PASSED] - tap(LOGN_EdtUserID, 0): Tapped on element 'Object Repository/Mobile/Page/Login/Input - UserID'

2022-02-17 20:40:26 - [MESSAGE][WARNING] - Timeout '0' is invalid. Using default page load timeout: '60'

2022-02-17 20:40:27 - [MESSAGE][PASSED] - Tapped on element 'Object Repository/Mobile/Page/Login/Input - UserID'

2022-02-17 20:40:27 - [TEST_STEP][PASSED] - delay(1): Delayed 1 second(s)

2022-02-17 20:40:28 - [MESSAGE][PASSED] - Delayed 1 second(s)

2022-02-17 20:40:28 - [TEST_STEP][PASSED] - setText(LOGN_EdtRdyUserID, "anggaaditya", 0): Text 'anggaaditya' has been set to element 'Object Repository/Mobile/Page/Login/Input Rdy - UserID'

2022-02-17 20:40:28 - [MESSAGE][WARNING] - Timeout '0' is invalid. Using default page load timeout: '60'

2022-02-17 20:40:28 - [MESSAGE][PASSED] - Text 'anggaaditya' has been set to element 'Object Repository/Mobile/Page/Login/Input Rdy - UserID'

2022-02-17 20:40:28 - [TEST_STEP][PASSED] - delay(1): Delayed 1 second(s)

2022-02-17 20:40:29 - [MESSAGE][PASSED] - Delayed 1 second(s)

2022-02-17 20:40:29 - [TEST_STEP][PASSED] - hideKeyboard(): Keyboard is hidden

2022-02-17 20:40:33 - [MESSAGE][PASSED] - Keyboard is hidden

2022-02-17 20:40:33 - [TEST_STEP][PASSED] - tap(LOGN_EdtPassword, 0): Tapped on element 'Object Repository/Mobile/Page/Login/Input - Password'

2022-02-17 20:40:33 - [MESSAGE][WARNING] - Timeout '0' is invalid. Using default page load timeout: '60'

2022-02-17 20:40:34 - [MESSAGE][PASSED] - Tapped on element 'Object Repository/Mobile/Page/Login/Input - Password'

2022-02-17 20:40:34 - [TEST_STEP][PASSED] - delay(1): Delayed 1 second(s)

2022-02-17 20:40:35 - [MESSAGE][PASSED] - Delayed 1 second(s)

2022-02-17 20:40:35 - [TEST_STEP][PASSED] - setText(LOGN_EdtRdyPassword, "Shalawa18", 0): Text 'Shalawa18' has been set to element 'Object Repository/Mobile/Page/Login/Input Rdy - Password'

2022-02-17 20:40:35 - [MESSAGE][WARNING] - Timeout '0' is invalid. Using default page load timeout: '60'

2022-02-17 20:40:35 - [MESSAGE][PASSED] - Text 'Shalawa18' has been set to element 'Object Repository/Mobile/Page/Login/Input Rdy - Password'

2022-02-17 20:40:35 - [TEST_STEP][PASSED] - delay(1): Delayed 1 second(s)

2022-02-17 20:40:36 - [MESSAGE][PASSED] - Delayed 1 second(s)

2022-02-17 20:40:36 - [TEST_STEP][PASSED] - hideKeyboard(): Keyboard is hidden

2022-02-17 20:40:43 - [MESSAGE][PASSED] - Keyboard is hidden

2022-02-17 20:40:43 - [TEST_STEP][PASSED] - tap(LOGN_BtnLogin, 0): Tapped on element 'Object Repository/Mobile/Page/Login/Button - Login'

2022-02-17 20:40:43 - [MESSAGE][WARNING] - Timeout '0' is invalid. Using default page load timeout: '60'

2022-02-17 20:40:44 - [MESSAGE][PASSED] - Tapped on element 'Object Repository/Mobile/Page/Login/Button - Login'

2022-02-17 20:40:44 - [TEST_STEP][PASSED] - delay(2): Delayed 2 second(s)

2022-02-17 20:40:46 - [MESSAGE][PASSED] - Delayed 2 second(s)

2022-02-17 20:40:46 - [TEST_STEP][PASSED] - break: null

2022-02-17 20:40:46 - [MESSAGE][PASSED] - Call Test Case 'Test Cases/Mobile/Page/Login/Login' successfully

2022-02-17 20:40:46 - [MESSAGE][PASSED] - Call Test Case 'Test Cases/Mobile/Page/CheckLogin' successfully

2022-02-17 20:40:46 - [TEST_STEP][PASSED] - tap(HOME_MenubarPortfolio, 0): Tapped on element 'Object Repository/Mobile/Page/Home/Menubar - Portfolio'

2022-02-17 20:40:46 - [MESSAGE][WARNING] - Timeout '0' is invalid. Using default page load timeout: '60'

2022-02-17 20:40:48 - [MESSAGE][PASSED] - Tapped on element 'Object Repository/Mobile/Page/Home/Menubar - Portfolio'

2022-02-17 20:40:48 - [TEST_STEP][PASSED] - delay(1): Delayed 1 second(s)

2022-02-17 20:40:49 - [MESSAGE][PASSED] - Delayed 1 second(s)

2022-02-17 20:40:49 - [TEST_STEP][PASSED] - for ([i = 0, i < 1, (i++)]): Delayed 3 second(s)

2022-02-17 20:40:49 - [TEST_STEP][PASSED] - if (tab == "summary"): null

2022-02-17 20:40:49 - [TEST_STEP][PASSED] - else if (tab == "stock"): Delayed 3 second(s)

2022-02-17 20:40:49 - [TEST_STEP][PASSED] - tap(PORT_TabStock, 0): Tapped on element 'Object Repository/Mobile/Page/Portfolio/Tab - Stock'

2022-02-17 20:40:49 - [MESSAGE][WARNING] - Timeout '0' is invalid. Using default page load timeout: '60'

2022-02-17 20:40:51 - [MESSAGE][PASSED] - Tapped on element 'Object Repository/Mobile/Page/Portfolio/Tab - Stock'

2022-02-17 20:40:51 - [TEST_STEP][PASSED] - scroll.scroll.scrollScreenBottomToTop(): scroll.scroll.scrollScreenBottomToTop is PASSED

2022-02-17 20:40:51 - [MESSAGE][PASSED] - Current device physical height is 1423

2022-02-17 20:40:52 - [MESSAGE][PASSED] - Current device physical width is 720

2022-02-17 20:40:53 - [MESSAGE][PASSED] - Swiped from 360,1,138 to 360,284

2022-02-17 20:40:53 - [MESSAGE][PASSED] - scroll.scroll.scrollScreenBottomToTop is PASSED

2022-02-17 20:40:53 - [TEST_STEP][PASSED] - delay(3): Delayed 3 second(s)

2022-02-17 20:40:56 - [MESSAGE][PASSED] - Delayed 3 second(s)

2022-02-17 20:40:56 - [MESSAGE][PASSED] - Call Test Case 'Test Cases/Mobile/Page/Portfolio/Portfolio' successfully

2022-02-17 20:40:56 - [TEST_STEP][PASSED] - callTestCase(findTestCase("Mobile/Page/Run App/Terminate App"), [:], STOP_ON_FAILURE): Call Test Case 'Test Cases/Mobile/Page/Run App/Terminate App' successfully

2022-02-17 20:40:56 - [TEST_CASE][PASSED] - Test Cases/Mobile/Page/Run App/Terminate App: Test Cases/Mobile/Page/Run App/Terminate App

2022-02-17 20:40:56 - [TEST_STEP][PASSED] - startApp.OpenApp.terminateApplication(): startApp.OpenApp.terminateApplication is PASSED

2022-02-17 20:40:59 - [MESSAGE][PASSED] - Delayed 3 second(s)

2022-02-17 20:41:00 - [MESSAGE][PASSED] - Current device physical width is 720

2022-02-17 20:41:00 - [MESSAGE][PASSED] - Current device physical height is 1423

2022-02-17 20:41:01 - [MESSAGE][PASSED] - Swiped from 360,853 to 360,142

2022-02-17 20:41:02 - [MESSAGE][PASSED] - Delayed 1 second(s)

2022-02-17 20:41:04 - [MESSAGE][PASSED] - Swiped from 360,853 to 360,142

2022-02-17 20:41:07 - [MESSAGE][PASSED] - Delayed 3 second(s)

2022-02-17 20:41:07 - [MESSAGE][PASSED] - startApp.OpenApp.terminateApplication is PASSED

2022-02-17 20:41:07 - [MESSAGE][PASSED] - Call Test Case 'Test Cases/Mobile/Page/Run App/Terminate App' successfully]]></system-out>
         <system-err><![CDATA[]]></system-err>
      </testcase>
      <testcase name="Test Cases/Mobile/Scenario/Portfolio/011 - Melihat list mutual fund" time="69.589" classname="Test Cases/Mobile/Scenario/Portfolio/011 - Melihat list mutual fund" status="PASSED">
         <system-out><![CDATA[2022-02-17 20:41:07 - [TEST_CASE][PASSED] - Test Cases/Mobile/Scenario/Portfolio/011 - Melihat list mutual fund: Test Cases/Mobile/Scenario/Portfolio/011 - Melihat list mutual fund

2022-02-17 20:41:08 - [TEST_STEP][PASSED] - callTestCase(findTestCase("Mobile/Page/Run App/Run App byID"), [:], STOP_ON_FAILURE): Call Test Case 'Test Cases/Mobile/Page/Run App/Run App byID' successfully

2022-02-17 20:41:08 - [TEST_CASE][PASSED] - Test Cases/Mobile/Page/Run App/Run App byID: Test Cases/Mobile/Page/Run App/Run App byID

2022-02-17 20:41:08 - [TEST_STEP][PASSED] - startApp.OpenApp.startApplication("id.co.miraeasset.sageclub"): startApp.OpenApp.startApplication is PASSED

2022-02-17 20:41:26 - [MESSAGE][PASSED] - Starting app with application ID: 'id.co.miraeasset.sageclub'

2022-02-17 20:41:26 - [MESSAGE][PASSED] - startApp.OpenApp.startApplication is PASSED

2022-02-17 20:41:26 - [MESSAGE][PASSED] - Call Test Case 'Test Cases/Mobile/Page/Run App/Run App byID' successfully

2022-02-17 20:41:26 - [TEST_STEP][PASSED] - callTestCase(findTestCase("Mobile/Page/Portfolio/Portfolio"), ["tab":"mutualfund", "action2":"none"], CONTINUE_ON_FAILURE): Call Test Case 'Test Cases/Mobile/Page/Portfolio/Portfolio' successfully

2022-02-17 20:41:26 - [TEST_CASE][PASSED] - Test Cases/Mobile/Page/Portfolio/Portfolio: Test Cases/Mobile/Page/Portfolio/Portfolio

2022-02-17 20:41:26 - [TEST_STEP][PASSED] - callTestCase(findTestCase("Mobile/Page/CheckLogin"), [:], CONTINUE_ON_FAILURE): Call Test Case 'Test Cases/Mobile/Page/CheckLogin' successfully

2022-02-17 20:41:26 - [TEST_CASE][PASSED] - Test Cases/Mobile/Page/CheckLogin: Test Cases/Mobile/Page/CheckLogin

2022-02-17 20:41:26 - [TEST_STEP][PASSED] - loginCheck = verifyElementExist(LOGN_BtnLogin, 5, CONTINUE_ON_FAILURE): Element 'Object Repository/Mobile/Page/Login/Button - Login' is exist

2022-02-17 20:41:28 - [MESSAGE][PASSED] - Element 'Object Repository/Mobile/Page/Login/Button - Login' is exist

2022-02-17 20:41:28 - [TEST_STEP][PASSED] - if (loginCheck): Call Test Case 'Test Cases/Mobile/Page/Login/Login' successfully

2022-02-17 20:41:28 - [TEST_STEP][PASSED] - callTestCase(findTestCase("Mobile/Page/Login/Login"), ["action":"username"], CONTINUE_ON_FAILURE): Call Test Case 'Test Cases/Mobile/Page/Login/Login' successfully

2022-02-17 20:41:28 - [TEST_CASE][PASSED] - Test Cases/Mobile/Page/Login/Login: Test Cases/Mobile/Page/Login/Login

2022-02-17 20:41:28 - [TEST_STEP][PASSED] - delay(2): Delayed 2 second(s)

2022-02-17 20:41:30 - [MESSAGE][PASSED] - Delayed 2 second(s)

2022-02-17 20:41:30 - [TEST_STEP][PASSED] - for ([i = 0, i < 1, (i++)]): null

2022-02-17 20:41:30 - [TEST_STEP][PASSED] - if (action == "username"): null

2022-02-17 20:41:30 - [TEST_STEP][PASSED] - tap(LOGN_EdtUserID, 0): Tapped on element 'Object Repository/Mobile/Page/Login/Input - UserID'

2022-02-17 20:41:30 - [MESSAGE][WARNING] - Timeout '0' is invalid. Using default page load timeout: '60'

2022-02-17 20:41:30 - [MESSAGE][PASSED] - Tapped on element 'Object Repository/Mobile/Page/Login/Input - UserID'

2022-02-17 20:41:30 - [TEST_STEP][PASSED] - delay(1): Delayed 1 second(s)

2022-02-17 20:41:32 - [MESSAGE][PASSED] - Delayed 1 second(s)

2022-02-17 20:41:32 - [TEST_STEP][PASSED] - setText(LOGN_EdtRdyUserID, "anggaaditya", 0): Text 'anggaaditya' has been set to element 'Object Repository/Mobile/Page/Login/Input Rdy - UserID'

2022-02-17 20:41:32 - [MESSAGE][WARNING] - Timeout '0' is invalid. Using default page load timeout: '60'

2022-02-17 20:41:32 - [MESSAGE][PASSED] - Text 'anggaaditya' has been set to element 'Object Repository/Mobile/Page/Login/Input Rdy - UserID'

2022-02-17 20:41:32 - [TEST_STEP][PASSED] - delay(1): Delayed 1 second(s)

2022-02-17 20:41:33 - [MESSAGE][PASSED] - Delayed 1 second(s)

2022-02-17 20:41:33 - [TEST_STEP][PASSED] - hideKeyboard(): Keyboard is hidden

2022-02-17 20:41:37 - [MESSAGE][PASSED] - Keyboard is hidden

2022-02-17 20:41:37 - [TEST_STEP][PASSED] - tap(LOGN_EdtPassword, 0): Tapped on element 'Object Repository/Mobile/Page/Login/Input - Password'

2022-02-17 20:41:37 - [MESSAGE][WARNING] - Timeout '0' is invalid. Using default page load timeout: '60'

2022-02-17 20:41:38 - [MESSAGE][PASSED] - Tapped on element 'Object Repository/Mobile/Page/Login/Input - Password'

2022-02-17 20:41:38 - [TEST_STEP][PASSED] - delay(1): Delayed 1 second(s)

2022-02-17 20:41:39 - [MESSAGE][PASSED] - Delayed 1 second(s)

2022-02-17 20:41:39 - [TEST_STEP][PASSED] - setText(LOGN_EdtRdyPassword, "Shalawa18", 0): Text 'Shalawa18' has been set to element 'Object Repository/Mobile/Page/Login/Input Rdy - Password'

2022-02-17 20:41:39 - [MESSAGE][WARNING] - Timeout '0' is invalid. Using default page load timeout: '60'

2022-02-17 20:41:39 - [MESSAGE][PASSED] - Text 'Shalawa18' has been set to element 'Object Repository/Mobile/Page/Login/Input Rdy - Password'

2022-02-17 20:41:39 - [TEST_STEP][PASSED] - delay(1): Delayed 1 second(s)

2022-02-17 20:41:40 - [MESSAGE][PASSED] - Delayed 1 second(s)

2022-02-17 20:41:40 - [TEST_STEP][PASSED] - hideKeyboard(): Keyboard is hidden

2022-02-17 20:41:47 - [MESSAGE][PASSED] - Keyboard is hidden

2022-02-17 20:41:47 - [TEST_STEP][PASSED] - tap(LOGN_BtnLogin, 0): Tapped on element 'Object Repository/Mobile/Page/Login/Button - Login'

2022-02-17 20:41:47 - [MESSAGE][WARNING] - Timeout '0' is invalid. Using default page load timeout: '60'

2022-02-17 20:41:48 - [MESSAGE][PASSED] - Tapped on element 'Object Repository/Mobile/Page/Login/Button - Login'

2022-02-17 20:41:48 - [TEST_STEP][PASSED] - delay(2): Delayed 2 second(s)

2022-02-17 20:41:50 - [MESSAGE][PASSED] - Delayed 2 second(s)

2022-02-17 20:41:50 - [TEST_STEP][PASSED] - break: null

2022-02-17 20:41:50 - [MESSAGE][PASSED] - Call Test Case 'Test Cases/Mobile/Page/Login/Login' successfully

2022-02-17 20:41:50 - [MESSAGE][PASSED] - Call Test Case 'Test Cases/Mobile/Page/CheckLogin' successfully

2022-02-17 20:41:50 - [TEST_STEP][PASSED] - tap(HOME_MenubarPortfolio, 0): Tapped on element 'Object Repository/Mobile/Page/Home/Menubar - Portfolio'

2022-02-17 20:41:50 - [MESSAGE][WARNING] - Timeout '0' is invalid. Using default page load timeout: '60'

2022-02-17 20:41:53 - [MESSAGE][PASSED] - Tapped on element 'Object Repository/Mobile/Page/Home/Menubar - Portfolio'

2022-02-17 20:41:53 - [TEST_STEP][PASSED] - delay(1): Delayed 1 second(s)

2022-02-17 20:41:54 - [MESSAGE][PASSED] - Delayed 1 second(s)

2022-02-17 20:41:54 - [TEST_STEP][PASSED] - for ([i = 0, i < 1, (i++)]): scroll.scroll.scrollScreenBottomToTop is PASSED

2022-02-17 20:41:54 - [TEST_STEP][PASSED] - if (tab == "summary"): null

2022-02-17 20:41:54 - [TEST_STEP][PASSED] - else if (tab == "stock"): null

2022-02-17 20:41:54 - [TEST_STEP][PASSED] - else if (tab == "mutualfund"): scroll.scroll.scrollScreenBottomToTop is PASSED

2022-02-17 20:41:54 - [TEST_STEP][PASSED] - tap(PORT_TabMutualFund, 0): Tapped on element 'Object Repository/Mobile/Page/Portfolio/Tab - Mutual Fund'

2022-02-17 20:41:54 - [MESSAGE][WARNING] - Timeout '0' is invalid. Using default page load timeout: '60'

2022-02-17 20:41:54 - [MESSAGE][PASSED] - Tapped on element 'Object Repository/Mobile/Page/Portfolio/Tab - Mutual Fund'

2022-02-17 20:41:54 - [TEST_STEP][PASSED] - delay(1): Delayed 1 second(s)

2022-02-17 20:41:55 - [MESSAGE][PASSED] - Delayed 1 second(s)

2022-02-17 20:41:55 - [TEST_STEP][PASSED] - try: scroll.scroll.scrollScreenBottomToTop is PASSED

2022-02-17 20:41:55 - [TEST_STEP][PASSED] - tapAndHold(PORT_ItemTopMutualFund, 1, 10): Tapped and held on element 'Object Repository/Mobile/Page/Portfolio/Item - Top Mutual Fund' with duration 1

2022-02-17 20:41:58 - [MESSAGE][PASSED] - Tapped and held on element 'Object Repository/Mobile/Page/Portfolio/Item - Top Mutual Fund' with duration 1

2022-02-17 20:41:58 - [TEST_STEP][PASSED] - delay(2): Delayed 2 second(s)

2022-02-17 20:42:00 - [MESSAGE][PASSED] - Delayed 2 second(s)

2022-02-17 20:42:00 - [TEST_STEP][PASSED] - switch (action2): null

2022-02-17 20:42:00 - [TEST_STEP][PASSED] - delay(3): Delayed 3 second(s)

2022-02-17 20:42:03 - [MESSAGE][PASSED] - Delayed 3 second(s)

2022-02-17 20:42:03 - [TEST_STEP][PASSED] - scroll.scroll.scrollScreenBottomToTop(): scroll.scroll.scrollScreenBottomToTop is PASSED

2022-02-17 20:42:03 - [MESSAGE][PASSED] - Current device physical height is 1423

2022-02-17 20:42:04 - [MESSAGE][PASSED] - Current device physical width is 720

2022-02-17 20:42:05 - [MESSAGE][PASSED] - Swiped from 360,1,138 to 360,284

2022-02-17 20:42:05 - [MESSAGE][PASSED] - scroll.scroll.scrollScreenBottomToTop is PASSED

2022-02-17 20:42:05 - [MESSAGE][PASSED] - Call Test Case 'Test Cases/Mobile/Page/Portfolio/Portfolio' successfully

2022-02-17 20:42:05 - [TEST_STEP][PASSED] - callTestCase(findTestCase("Mobile/Page/Run App/Terminate App"), [:], STOP_ON_FAILURE): Call Test Case 'Test Cases/Mobile/Page/Run App/Terminate App' successfully

2022-02-17 20:42:05 - [TEST_CASE][PASSED] - Test Cases/Mobile/Page/Run App/Terminate App: Test Cases/Mobile/Page/Run App/Terminate App

2022-02-17 20:42:05 - [TEST_STEP][PASSED] - startApp.OpenApp.terminateApplication(): startApp.OpenApp.terminateApplication is PASSED

2022-02-17 20:42:09 - [MESSAGE][PASSED] - Delayed 3 second(s)

2022-02-17 20:42:09 - [MESSAGE][PASSED] - Current device physical width is 720

2022-02-17 20:42:09 - [MESSAGE][PASSED] - Current device physical height is 1423

2022-02-17 20:42:11 - [MESSAGE][PASSED] - Swiped from 360,853 to 360,142

2022-02-17 20:42:12 - [MESSAGE][PASSED] - Delayed 1 second(s)

2022-02-17 20:42:14 - [MESSAGE][PASSED] - Swiped from 360,853 to 360,142

2022-02-17 20:42:17 - [MESSAGE][PASSED] - Delayed 3 second(s)

2022-02-17 20:42:17 - [MESSAGE][PASSED] - startApp.OpenApp.terminateApplication is PASSED

2022-02-17 20:42:17 - [MESSAGE][PASSED] - Call Test Case 'Test Cases/Mobile/Page/Run App/Terminate App' successfully]]></system-out>
         <system-err><![CDATA[]]></system-err>
      </testcase>
      <testcase name="Test Cases/Mobile/Scenario/Portfolio/012 - Melihat list bond" time="64.809" classname="Test Cases/Mobile/Scenario/Portfolio/012 - Melihat list bond" status="PASSED">
         <system-out><![CDATA[2022-02-17 20:42:17 - [TEST_CASE][PASSED] - Test Cases/Mobile/Scenario/Portfolio/012 - Melihat list bond: Test Cases/Mobile/Scenario/Portfolio/012 - Melihat list bond

2022-02-17 20:42:17 - [TEST_STEP][PASSED] - callTestCase(findTestCase("Mobile/Page/Run App/Run App byID"), [:], STOP_ON_FAILURE): Call Test Case 'Test Cases/Mobile/Page/Run App/Run App byID' successfully

2022-02-17 20:42:17 - [TEST_CASE][PASSED] - Test Cases/Mobile/Page/Run App/Run App byID: Test Cases/Mobile/Page/Run App/Run App byID

2022-02-17 20:42:17 - [TEST_STEP][PASSED] - startApp.OpenApp.startApplication("id.co.miraeasset.sageclub"): startApp.OpenApp.startApplication is PASSED

2022-02-17 20:42:36 - [MESSAGE][PASSED] - Starting app with application ID: 'id.co.miraeasset.sageclub'

2022-02-17 20:42:36 - [MESSAGE][PASSED] - startApp.OpenApp.startApplication is PASSED

2022-02-17 20:42:36 - [MESSAGE][PASSED] - Call Test Case 'Test Cases/Mobile/Page/Run App/Run App byID' successfully

2022-02-17 20:42:36 - [TEST_STEP][PASSED] - callTestCase(findTestCase("Mobile/Page/Portfolio/Portfolio"), ["tab":"stock", "action":"none"], CONTINUE_ON_FAILURE): Call Test Case 'Test Cases/Mobile/Page/Portfolio/Portfolio' successfully

2022-02-17 20:42:36 - [TEST_CASE][PASSED] - Test Cases/Mobile/Page/Portfolio/Portfolio: Test Cases/Mobile/Page/Portfolio/Portfolio

2022-02-17 20:42:36 - [TEST_STEP][PASSED] - callTestCase(findTestCase("Mobile/Page/CheckLogin"), [:], CONTINUE_ON_FAILURE): Call Test Case 'Test Cases/Mobile/Page/CheckLogin' successfully

2022-02-17 20:42:36 - [TEST_CASE][PASSED] - Test Cases/Mobile/Page/CheckLogin: Test Cases/Mobile/Page/CheckLogin

2022-02-17 20:42:36 - [TEST_STEP][PASSED] - loginCheck = verifyElementExist(LOGN_BtnLogin, 5, CONTINUE_ON_FAILURE): Element 'Object Repository/Mobile/Page/Login/Button - Login' is exist

2022-02-17 20:42:38 - [MESSAGE][PASSED] - Element 'Object Repository/Mobile/Page/Login/Button - Login' is exist

2022-02-17 20:42:38 - [TEST_STEP][PASSED] - if (loginCheck): Call Test Case 'Test Cases/Mobile/Page/Login/Login' successfully

2022-02-17 20:42:38 - [TEST_STEP][PASSED] - callTestCase(findTestCase("Mobile/Page/Login/Login"), ["action":"username"], CONTINUE_ON_FAILURE): Call Test Case 'Test Cases/Mobile/Page/Login/Login' successfully

2022-02-17 20:42:38 - [TEST_CASE][PASSED] - Test Cases/Mobile/Page/Login/Login: Test Cases/Mobile/Page/Login/Login

2022-02-17 20:42:38 - [TEST_STEP][PASSED] - delay(2): Delayed 2 second(s)

2022-02-17 20:42:40 - [MESSAGE][PASSED] - Delayed 2 second(s)

2022-02-17 20:42:40 - [TEST_STEP][PASSED] - for ([i = 0, i < 1, (i++)]): null

2022-02-17 20:42:40 - [TEST_STEP][PASSED] - if (action == "username"): null

2022-02-17 20:42:40 - [TEST_STEP][PASSED] - tap(LOGN_EdtUserID, 0): Tapped on element 'Object Repository/Mobile/Page/Login/Input - UserID'

2022-02-17 20:42:40 - [MESSAGE][WARNING] - Timeout '0' is invalid. Using default page load timeout: '60'

2022-02-17 20:42:41 - [MESSAGE][PASSED] - Tapped on element 'Object Repository/Mobile/Page/Login/Input - UserID'

2022-02-17 20:42:41 - [TEST_STEP][PASSED] - delay(1): Delayed 1 second(s)

2022-02-17 20:42:42 - [MESSAGE][PASSED] - Delayed 1 second(s)

2022-02-17 20:42:42 - [TEST_STEP][PASSED] - setText(LOGN_EdtRdyUserID, "anggaaditya", 0): Text 'anggaaditya' has been set to element 'Object Repository/Mobile/Page/Login/Input Rdy - UserID'

2022-02-17 20:42:42 - [MESSAGE][WARNING] - Timeout '0' is invalid. Using default page load timeout: '60'

2022-02-17 20:42:42 - [MESSAGE][PASSED] - Text 'anggaaditya' has been set to element 'Object Repository/Mobile/Page/Login/Input Rdy - UserID'

2022-02-17 20:42:42 - [TEST_STEP][PASSED] - delay(1): Delayed 1 second(s)

2022-02-17 20:42:43 - [MESSAGE][PASSED] - Delayed 1 second(s)

2022-02-17 20:42:43 - [TEST_STEP][PASSED] - hideKeyboard(): Keyboard is hidden

2022-02-17 20:42:47 - [MESSAGE][PASSED] - Keyboard is hidden

2022-02-17 20:42:47 - [TEST_STEP][PASSED] - tap(LOGN_EdtPassword, 0): Tapped on element 'Object Repository/Mobile/Page/Login/Input - Password'

2022-02-17 20:42:47 - [MESSAGE][WARNING] - Timeout '0' is invalid. Using default page load timeout: '60'

2022-02-17 20:42:48 - [MESSAGE][PASSED] - Tapped on element 'Object Repository/Mobile/Page/Login/Input - Password'

2022-02-17 20:42:48 - [TEST_STEP][PASSED] - delay(1): Delayed 1 second(s)

2022-02-17 20:42:49 - [MESSAGE][PASSED] - Delayed 1 second(s)

2022-02-17 20:42:49 - [TEST_STEP][PASSED] - setText(LOGN_EdtRdyPassword, "Shalawa18", 0): Text 'Shalawa18' has been set to element 'Object Repository/Mobile/Page/Login/Input Rdy - Password'

2022-02-17 20:42:49 - [MESSAGE][WARNING] - Timeout '0' is invalid. Using default page load timeout: '60'

2022-02-17 20:42:49 - [MESSAGE][PASSED] - Text 'Shalawa18' has been set to element 'Object Repository/Mobile/Page/Login/Input Rdy - Password'

2022-02-17 20:42:49 - [TEST_STEP][PASSED] - delay(1): Delayed 1 second(s)

2022-02-17 20:42:50 - [MESSAGE][PASSED] - Delayed 1 second(s)

2022-02-17 20:42:50 - [TEST_STEP][PASSED] - hideKeyboard(): Keyboard is hidden

2022-02-17 20:42:57 - [MESSAGE][PASSED] - Keyboard is hidden

2022-02-17 20:42:57 - [TEST_STEP][PASSED] - tap(LOGN_BtnLogin, 0): Tapped on element 'Object Repository/Mobile/Page/Login/Button - Login'

2022-02-17 20:42:57 - [MESSAGE][WARNING] - Timeout '0' is invalid. Using default page load timeout: '60'

2022-02-17 20:42:58 - [MESSAGE][PASSED] - Tapped on element 'Object Repository/Mobile/Page/Login/Button - Login'

2022-02-17 20:42:58 - [TEST_STEP][PASSED] - delay(2): Delayed 2 second(s)

2022-02-17 20:43:00 - [MESSAGE][PASSED] - Delayed 2 second(s)

2022-02-17 20:43:00 - [TEST_STEP][PASSED] - break: null

2022-02-17 20:43:00 - [MESSAGE][PASSED] - Call Test Case 'Test Cases/Mobile/Page/Login/Login' successfully

2022-02-17 20:43:00 - [MESSAGE][PASSED] - Call Test Case 'Test Cases/Mobile/Page/CheckLogin' successfully

2022-02-17 20:43:00 - [TEST_STEP][PASSED] - tap(HOME_MenubarPortfolio, 0): Tapped on element 'Object Repository/Mobile/Page/Home/Menubar - Portfolio'

2022-02-17 20:43:00 - [MESSAGE][WARNING] - Timeout '0' is invalid. Using default page load timeout: '60'

2022-02-17 20:43:03 - [MESSAGE][PASSED] - Tapped on element 'Object Repository/Mobile/Page/Home/Menubar - Portfolio'

2022-02-17 20:43:03 - [TEST_STEP][PASSED] - delay(1): Delayed 1 second(s)

2022-02-17 20:43:04 - [MESSAGE][PASSED] - Delayed 1 second(s)

2022-02-17 20:43:04 - [TEST_STEP][PASSED] - for ([i = 0, i < 1, (i++)]): Delayed 3 second(s)

2022-02-17 20:43:04 - [TEST_STEP][PASSED] - if (tab == "summary"): null

2022-02-17 20:43:04 - [TEST_STEP][PASSED] - else if (tab == "stock"): Delayed 3 second(s)

2022-02-17 20:43:04 - [TEST_STEP][PASSED] - tap(PORT_TabStock, 0): Tapped on element 'Object Repository/Mobile/Page/Portfolio/Tab - Stock'

2022-02-17 20:43:04 - [MESSAGE][WARNING] - Timeout '0' is invalid. Using default page load timeout: '60'

2022-02-17 20:43:05 - [MESSAGE][PASSED] - Tapped on element 'Object Repository/Mobile/Page/Portfolio/Tab - Stock'

2022-02-17 20:43:05 - [TEST_STEP][PASSED] - scroll.scroll.scrollScreenBottomToTop(): scroll.scroll.scrollScreenBottomToTop is PASSED

2022-02-17 20:43:06 - [MESSAGE][PASSED] - Current device physical height is 1423

2022-02-17 20:43:06 - [MESSAGE][PASSED] - Current device physical width is 720

2022-02-17 20:43:07 - [MESSAGE][PASSED] - Swiped from 360,1,138 to 360,284

2022-02-17 20:43:07 - [MESSAGE][PASSED] - scroll.scroll.scrollScreenBottomToTop is PASSED

2022-02-17 20:43:07 - [TEST_STEP][PASSED] - delay(3): Delayed 3 second(s)

2022-02-17 20:43:10 - [MESSAGE][PASSED] - Delayed 3 second(s)

2022-02-17 20:43:10 - [MESSAGE][PASSED] - Call Test Case 'Test Cases/Mobile/Page/Portfolio/Portfolio' successfully

2022-02-17 20:43:10 - [TEST_STEP][PASSED] - callTestCase(findTestCase("Mobile/Page/Run App/Terminate App"), [:], STOP_ON_FAILURE): Call Test Case 'Test Cases/Mobile/Page/Run App/Terminate App' successfully

2022-02-17 20:43:11 - [TEST_CASE][PASSED] - Test Cases/Mobile/Page/Run App/Terminate App: Test Cases/Mobile/Page/Run App/Terminate App

2022-02-17 20:43:11 - [TEST_STEP][PASSED] - startApp.OpenApp.terminateApplication(): startApp.OpenApp.terminateApplication is PASSED

2022-02-17 20:43:14 - [MESSAGE][PASSED] - Delayed 3 second(s)

2022-02-17 20:43:14 - [MESSAGE][PASSED] - Current device physical width is 720

2022-02-17 20:43:14 - [MESSAGE][PASSED] - Current device physical height is 1423

2022-02-17 20:43:16 - [MESSAGE][PASSED] - Swiped from 360,853 to 360,142

2022-02-17 20:43:17 - [MESSAGE][PASSED] - Delayed 1 second(s)

2022-02-17 20:43:18 - [MESSAGE][PASSED] - Swiped from 360,853 to 360,142

2022-02-17 20:43:21 - [MESSAGE][PASSED] - Delayed 3 second(s)

2022-02-17 20:43:21 - [MESSAGE][PASSED] - startApp.OpenApp.terminateApplication is PASSED

2022-02-17 20:43:21 - [MESSAGE][PASSED] - Call Test Case 'Test Cases/Mobile/Page/Run App/Terminate App' successfully]]></system-out>
         <system-err><![CDATA[]]></system-err>
      </testcase>
      <testcase name="Test Cases/Mobile/Scenario/Portfolio/013 - Melihat detail mutual fund 1 month" time="73.707" classname="Test Cases/Mobile/Scenario/Portfolio/013 - Melihat detail mutual fund 1 month" status="PASSED">
         <system-out><![CDATA[2022-02-17 20:43:21 - [TEST_CASE][PASSED] - Test Cases/Mobile/Scenario/Portfolio/013 - Melihat detail mutual fund 1 month: Test Cases/Mobile/Scenario/Portfolio/013 - Melihat detail mutual fund 1 month

2022-02-17 20:43:22 - [TEST_STEP][PASSED] - callTestCase(findTestCase("Mobile/Page/Run App/Run App byID"), [:], STOP_ON_FAILURE): Call Test Case 'Test Cases/Mobile/Page/Run App/Run App byID' successfully

2022-02-17 20:43:22 - [TEST_CASE][PASSED] - Test Cases/Mobile/Page/Run App/Run App byID: Test Cases/Mobile/Page/Run App/Run App byID

2022-02-17 20:43:22 - [TEST_STEP][PASSED] - startApp.OpenApp.startApplication("id.co.miraeasset.sageclub"): startApp.OpenApp.startApplication is PASSED

2022-02-17 20:43:42 - [MESSAGE][PASSED] - Starting app with application ID: 'id.co.miraeasset.sageclub'

2022-02-17 20:43:42 - [MESSAGE][PASSED] - startApp.OpenApp.startApplication is PASSED

2022-02-17 20:43:42 - [MESSAGE][PASSED] - Call Test Case 'Test Cases/Mobile/Page/Run App/Run App byID' successfully

2022-02-17 20:43:42 - [TEST_STEP][PASSED] - callTestCase(findTestCase("Mobile/Page/Portfolio/Portfolio"), ["tab":"mutualfund", "action2":"1 month"], CONTINUE_ON_FAILURE): Call Test Case 'Test Cases/Mobile/Page/Portfolio/Portfolio' successfully

2022-02-17 20:43:42 - [TEST_CASE][PASSED] - Test Cases/Mobile/Page/Portfolio/Portfolio: Test Cases/Mobile/Page/Portfolio/Portfolio

2022-02-17 20:43:42 - [TEST_STEP][PASSED] - callTestCase(findTestCase("Mobile/Page/CheckLogin"), [:], CONTINUE_ON_FAILURE): Call Test Case 'Test Cases/Mobile/Page/CheckLogin' successfully

2022-02-17 20:43:42 - [TEST_CASE][PASSED] - Test Cases/Mobile/Page/CheckLogin: Test Cases/Mobile/Page/CheckLogin

2022-02-17 20:43:42 - [TEST_STEP][PASSED] - loginCheck = verifyElementExist(LOGN_BtnLogin, 5, CONTINUE_ON_FAILURE): Element 'Object Repository/Mobile/Page/Login/Button - Login' is exist

2022-02-17 20:43:43 - [MESSAGE][PASSED] - Element 'Object Repository/Mobile/Page/Login/Button - Login' is exist

2022-02-17 20:43:43 - [TEST_STEP][PASSED] - if (loginCheck): Call Test Case 'Test Cases/Mobile/Page/Login/Login' successfully

2022-02-17 20:43:43 - [TEST_STEP][PASSED] - callTestCase(findTestCase("Mobile/Page/Login/Login"), ["action":"username"], CONTINUE_ON_FAILURE): Call Test Case 'Test Cases/Mobile/Page/Login/Login' successfully

2022-02-17 20:43:43 - [TEST_CASE][PASSED] - Test Cases/Mobile/Page/Login/Login: Test Cases/Mobile/Page/Login/Login

2022-02-17 20:43:43 - [TEST_STEP][PASSED] - delay(2): Delayed 2 second(s)

2022-02-17 20:43:45 - [MESSAGE][PASSED] - Delayed 2 second(s)

2022-02-17 20:43:45 - [TEST_STEP][PASSED] - for ([i = 0, i < 1, (i++)]): null

2022-02-17 20:43:45 - [TEST_STEP][PASSED] - if (action == "username"): null

2022-02-17 20:43:45 - [TEST_STEP][PASSED] - tap(LOGN_EdtUserID, 0): Tapped on element 'Object Repository/Mobile/Page/Login/Input - UserID'

2022-02-17 20:43:45 - [MESSAGE][WARNING] - Timeout '0' is invalid. Using default page load timeout: '60'

2022-02-17 20:43:46 - [MESSAGE][PASSED] - Tapped on element 'Object Repository/Mobile/Page/Login/Input - UserID'

2022-02-17 20:43:46 - [TEST_STEP][PASSED] - delay(1): Delayed 1 second(s)

2022-02-17 20:43:47 - [MESSAGE][PASSED] - Delayed 1 second(s)

2022-02-17 20:43:47 - [TEST_STEP][PASSED] - setText(LOGN_EdtRdyUserID, "anggaaditya", 0): Text 'anggaaditya' has been set to element 'Object Repository/Mobile/Page/Login/Input Rdy - UserID'

2022-02-17 20:43:47 - [MESSAGE][WARNING] - Timeout '0' is invalid. Using default page load timeout: '60'

2022-02-17 20:43:48 - [MESSAGE][PASSED] - Text 'anggaaditya' has been set to element 'Object Repository/Mobile/Page/Login/Input Rdy - UserID'

2022-02-17 20:43:48 - [TEST_STEP][PASSED] - delay(1): Delayed 1 second(s)

2022-02-17 20:43:49 - [MESSAGE][PASSED] - Delayed 1 second(s)

2022-02-17 20:43:49 - [TEST_STEP][PASSED] - hideKeyboard(): Keyboard is hidden

2022-02-17 20:43:53 - [MESSAGE][PASSED] - Keyboard is hidden

2022-02-17 20:43:53 - [TEST_STEP][PASSED] - tap(LOGN_EdtPassword, 0): Tapped on element 'Object Repository/Mobile/Page/Login/Input - Password'

2022-02-17 20:43:53 - [MESSAGE][WARNING] - Timeout '0' is invalid. Using default page load timeout: '60'

2022-02-17 20:43:53 - [MESSAGE][PASSED] - Tapped on element 'Object Repository/Mobile/Page/Login/Input - Password'

2022-02-17 20:43:53 - [TEST_STEP][PASSED] - delay(1): Delayed 1 second(s)

2022-02-17 20:43:54 - [MESSAGE][PASSED] - Delayed 1 second(s)

2022-02-17 20:43:54 - [TEST_STEP][PASSED] - setText(LOGN_EdtRdyPassword, "Shalawa18", 0): Text 'Shalawa18' has been set to element 'Object Repository/Mobile/Page/Login/Input Rdy - Password'

2022-02-17 20:43:54 - [MESSAGE][WARNING] - Timeout '0' is invalid. Using default page load timeout: '60'

2022-02-17 20:43:55 - [MESSAGE][PASSED] - Text 'Shalawa18' has been set to element 'Object Repository/Mobile/Page/Login/Input Rdy - Password'

2022-02-17 20:43:55 - [TEST_STEP][PASSED] - delay(1): Delayed 1 second(s)

2022-02-17 20:43:56 - [MESSAGE][PASSED] - Delayed 1 second(s)

2022-02-17 20:43:56 - [TEST_STEP][PASSED] - hideKeyboard(): Keyboard is hidden

2022-02-17 20:44:03 - [MESSAGE][PASSED] - Keyboard is hidden

2022-02-17 20:44:03 - [TEST_STEP][PASSED] - tap(LOGN_BtnLogin, 0): Tapped on element 'Object Repository/Mobile/Page/Login/Button - Login'

2022-02-17 20:44:03 - [MESSAGE][WARNING] - Timeout '0' is invalid. Using default page load timeout: '60'

2022-02-17 20:44:04 - [MESSAGE][PASSED] - Tapped on element 'Object Repository/Mobile/Page/Login/Button - Login'

2022-02-17 20:44:04 - [TEST_STEP][PASSED] - delay(2): Delayed 2 second(s)

2022-02-17 20:44:06 - [MESSAGE][PASSED] - Delayed 2 second(s)

2022-02-17 20:44:06 - [TEST_STEP][PASSED] - break: null

2022-02-17 20:44:06 - [MESSAGE][PASSED] - Call Test Case 'Test Cases/Mobile/Page/Login/Login' successfully

2022-02-17 20:44:06 - [MESSAGE][PASSED] - Call Test Case 'Test Cases/Mobile/Page/CheckLogin' successfully

2022-02-17 20:44:06 - [TEST_STEP][PASSED] - tap(HOME_MenubarPortfolio, 0): Tapped on element 'Object Repository/Mobile/Page/Home/Menubar - Portfolio'

2022-02-17 20:44:06 - [MESSAGE][WARNING] - Timeout '0' is invalid. Using default page load timeout: '60'

2022-02-17 20:44:08 - [MESSAGE][PASSED] - Tapped on element 'Object Repository/Mobile/Page/Home/Menubar - Portfolio'

2022-02-17 20:44:08 - [TEST_STEP][PASSED] - delay(1): Delayed 1 second(s)

2022-02-17 20:44:09 - [MESSAGE][PASSED] - Delayed 1 second(s)

2022-02-17 20:44:09 - [TEST_STEP][PASSED] - for ([i = 0, i < 1, (i++)]): scroll.scroll.scrollScreenBottomToTop is PASSED

2022-02-17 20:44:09 - [TEST_STEP][PASSED] - if (tab == "summary"): null

2022-02-17 20:44:09 - [TEST_STEP][PASSED] - else if (tab == "stock"): null

2022-02-17 20:44:09 - [TEST_STEP][PASSED] - else if (tab == "mutualfund"): scroll.scroll.scrollScreenBottomToTop is PASSED

2022-02-17 20:44:09 - [TEST_STEP][PASSED] - tap(PORT_TabMutualFund, 0): Tapped on element 'Object Repository/Mobile/Page/Portfolio/Tab - Mutual Fund'

2022-02-17 20:44:09 - [MESSAGE][WARNING] - Timeout '0' is invalid. Using default page load timeout: '60'

2022-02-17 20:44:10 - [MESSAGE][PASSED] - Tapped on element 'Object Repository/Mobile/Page/Portfolio/Tab - Mutual Fund'

2022-02-17 20:44:10 - [TEST_STEP][PASSED] - delay(1): Delayed 1 second(s)

2022-02-17 20:44:11 - [MESSAGE][PASSED] - Delayed 1 second(s)

2022-02-17 20:44:11 - [TEST_STEP][PASSED] - try: scroll.scroll.scrollScreenBottomToTop is PASSED

2022-02-17 20:44:11 - [TEST_STEP][PASSED] - tapAndHold(PORT_ItemTopMutualFund, 1, 10): Tapped and held on element 'Object Repository/Mobile/Page/Portfolio/Item - Top Mutual Fund' with duration 1

2022-02-17 20:44:14 - [MESSAGE][PASSED] - Tapped and held on element 'Object Repository/Mobile/Page/Portfolio/Item - Top Mutual Fund' with duration 1

2022-02-17 20:44:14 - [TEST_STEP][PASSED] - delay(2): Delayed 2 second(s)

2022-02-17 20:44:16 - [MESSAGE][PASSED] - Delayed 2 second(s)

2022-02-17 20:44:16 - [TEST_STEP][PASSED] - switch (action2): null

2022-02-17 20:44:16 - [TEST_STEP][PASSED] - case "1 month":: null

2022-02-17 20:44:16 - [TEST_STEP][PASSED] - tapAndHold(PORT_DETL_Btn1Month, 1, 0): Tapped and held on element 'Object Repository/Mobile/Page/Portfolio/Detail Mutual Funds/Button - 1 Month' with duration 1

2022-02-17 20:44:16 - [MESSAGE][WARNING] - Timeout '0' is invalid. Using default page load timeout: '60'

2022-02-17 20:44:19 - [MESSAGE][PASSED] - Tapped and held on element 'Object Repository/Mobile/Page/Portfolio/Detail Mutual Funds/Button - 1 Month' with duration 1

2022-02-17 20:44:19 - [TEST_STEP][PASSED] - break: null

2022-02-17 20:44:19 - [TEST_STEP][PASSED] - delay(3): Delayed 3 second(s)

2022-02-17 20:44:22 - [MESSAGE][PASSED] - Delayed 3 second(s)

2022-02-17 20:44:22 - [TEST_STEP][PASSED] - scroll.scroll.scrollScreenBottomToTop(): scroll.scroll.scrollScreenBottomToTop is PASSED

2022-02-17 20:44:22 - [MESSAGE][PASSED] - Current device physical height is 1423

2022-02-17 20:44:23 - [MESSAGE][PASSED] - Current device physical width is 720

2022-02-17 20:44:24 - [MESSAGE][PASSED] - Swiped from 360,1,138 to 360,284

2022-02-17 20:44:24 - [MESSAGE][PASSED] - scroll.scroll.scrollScreenBottomToTop is PASSED

2022-02-17 20:44:24 - [MESSAGE][PASSED] - Call Test Case 'Test Cases/Mobile/Page/Portfolio/Portfolio' successfully

2022-02-17 20:44:24 - [TEST_STEP][PASSED] - callTestCase(findTestCase("Mobile/Page/Run App/Terminate App"), [:], STOP_ON_FAILURE): Call Test Case 'Test Cases/Mobile/Page/Run App/Terminate App' successfully

2022-02-17 20:44:24 - [TEST_CASE][PASSED] - Test Cases/Mobile/Page/Run App/Terminate App: Test Cases/Mobile/Page/Run App/Terminate App

2022-02-17 20:44:24 - [TEST_STEP][PASSED] - startApp.OpenApp.terminateApplication(): startApp.OpenApp.terminateApplication is PASSED

2022-02-17 20:44:27 - [MESSAGE][PASSED] - Delayed 3 second(s)

2022-02-17 20:44:28 - [MESSAGE][PASSED] - Current device physical width is 720

2022-02-17 20:44:28 - [MESSAGE][PASSED] - Current device physical height is 1423

2022-02-17 20:44:30 - [MESSAGE][PASSED] - Swiped from 360,853 to 360,142

2022-02-17 20:44:31 - [MESSAGE][PASSED] - Delayed 1 second(s)

2022-02-17 20:44:32 - [MESSAGE][PASSED] - Swiped from 360,853 to 360,142

2022-02-17 20:44:35 - [MESSAGE][PASSED] - Delayed 3 second(s)

2022-02-17 20:44:35 - [MESSAGE][PASSED] - startApp.OpenApp.terminateApplication is PASSED

2022-02-17 20:44:35 - [MESSAGE][PASSED] - Call Test Case 'Test Cases/Mobile/Page/Run App/Terminate App' successfully]]></system-out>
         <system-err><![CDATA[]]></system-err>
      </testcase>
      <testcase name="Test Cases/Mobile/Scenario/Portfolio/014 - Melihat detail mutual fund 3 month" time="78.395" classname="Test Cases/Mobile/Scenario/Portfolio/014 - Melihat detail mutual fund 3 month" status="PASSED">
         <system-out><![CDATA[2022-02-17 20:44:35 - [TEST_CASE][PASSED] - Test Cases/Mobile/Scenario/Portfolio/014 - Melihat detail mutual fund 3 month: Test Cases/Mobile/Scenario/Portfolio/014 - Melihat detail mutual fund 3 month

2022-02-17 20:44:36 - [TEST_STEP][PASSED] - callTestCase(findTestCase("Mobile/Page/Run App/Run App byID"), [:], STOP_ON_FAILURE): Call Test Case 'Test Cases/Mobile/Page/Run App/Run App byID' successfully

2022-02-17 20:44:36 - [TEST_CASE][PASSED] - Test Cases/Mobile/Page/Run App/Run App byID: Test Cases/Mobile/Page/Run App/Run App byID

2022-02-17 20:44:36 - [TEST_STEP][PASSED] - startApp.OpenApp.startApplication("id.co.miraeasset.sageclub"): startApp.OpenApp.startApplication is PASSED

2022-02-17 20:44:57 - [MESSAGE][PASSED] - Starting app with application ID: 'id.co.miraeasset.sageclub'

2022-02-17 20:44:57 - [MESSAGE][PASSED] - startApp.OpenApp.startApplication is PASSED

2022-02-17 20:44:57 - [MESSAGE][PASSED] - Call Test Case 'Test Cases/Mobile/Page/Run App/Run App byID' successfully

2022-02-17 20:44:57 - [TEST_STEP][PASSED] - callTestCase(findTestCase("Mobile/Page/Portfolio/Portfolio"), ["tab":"mutualfund", "action2":"3 month"], CONTINUE_ON_FAILURE): Call Test Case 'Test Cases/Mobile/Page/Portfolio/Portfolio' successfully

2022-02-17 20:44:57 - [TEST_CASE][PASSED] - Test Cases/Mobile/Page/Portfolio/Portfolio: Test Cases/Mobile/Page/Portfolio/Portfolio

2022-02-17 20:44:57 - [TEST_STEP][PASSED] - callTestCase(findTestCase("Mobile/Page/CheckLogin"), [:], CONTINUE_ON_FAILURE): Call Test Case 'Test Cases/Mobile/Page/CheckLogin' successfully

2022-02-17 20:44:57 - [TEST_CASE][PASSED] - Test Cases/Mobile/Page/CheckLogin: Test Cases/Mobile/Page/CheckLogin

2022-02-17 20:44:57 - [TEST_STEP][PASSED] - loginCheck = verifyElementExist(LOGN_BtnLogin, 5, CONTINUE_ON_FAILURE): Element 'Object Repository/Mobile/Page/Login/Button - Login' is exist

2022-02-17 20:44:59 - [MESSAGE][PASSED] - Element 'Object Repository/Mobile/Page/Login/Button - Login' is exist

2022-02-17 20:44:59 - [TEST_STEP][PASSED] - if (loginCheck): Call Test Case 'Test Cases/Mobile/Page/Login/Login' successfully

2022-02-17 20:44:59 - [TEST_STEP][PASSED] - callTestCase(findTestCase("Mobile/Page/Login/Login"), ["action":"username"], CONTINUE_ON_FAILURE): Call Test Case 'Test Cases/Mobile/Page/Login/Login' successfully

2022-02-17 20:44:59 - [TEST_CASE][PASSED] - Test Cases/Mobile/Page/Login/Login: Test Cases/Mobile/Page/Login/Login

2022-02-17 20:44:59 - [TEST_STEP][PASSED] - delay(2): Delayed 2 second(s)

2022-02-17 20:45:01 - [MESSAGE][PASSED] - Delayed 2 second(s)

2022-02-17 20:45:01 - [TEST_STEP][PASSED] - for ([i = 0, i < 1, (i++)]): null

2022-02-17 20:45:01 - [TEST_STEP][PASSED] - if (action == "username"): null

2022-02-17 20:45:01 - [TEST_STEP][PASSED] - tap(LOGN_EdtUserID, 0): Tapped on element 'Object Repository/Mobile/Page/Login/Input - UserID'

2022-02-17 20:45:01 - [MESSAGE][WARNING] - Timeout '0' is invalid. Using default page load timeout: '60'

2022-02-17 20:45:02 - [MESSAGE][PASSED] - Tapped on element 'Object Repository/Mobile/Page/Login/Input - UserID'

2022-02-17 20:45:02 - [TEST_STEP][PASSED] - delay(1): Delayed 1 second(s)

2022-02-17 20:45:03 - [MESSAGE][PASSED] - Delayed 1 second(s)

2022-02-17 20:45:03 - [TEST_STEP][PASSED] - setText(LOGN_EdtRdyUserID, "anggaaditya", 0): Text 'anggaaditya' has been set to element 'Object Repository/Mobile/Page/Login/Input Rdy - UserID'

2022-02-17 20:45:03 - [MESSAGE][WARNING] - Timeout '0' is invalid. Using default page load timeout: '60'

2022-02-17 20:45:04 - [MESSAGE][PASSED] - Text 'anggaaditya' has been set to element 'Object Repository/Mobile/Page/Login/Input Rdy - UserID'

2022-02-17 20:45:04 - [TEST_STEP][PASSED] - delay(1): Delayed 1 second(s)

2022-02-17 20:45:05 - [MESSAGE][PASSED] - Delayed 1 second(s)

2022-02-17 20:45:05 - [TEST_STEP][PASSED] - hideKeyboard(): Keyboard is hidden

2022-02-17 20:45:09 - [MESSAGE][PASSED] - Keyboard is hidden

2022-02-17 20:45:09 - [TEST_STEP][PASSED] - tap(LOGN_EdtPassword, 0): Tapped on element 'Object Repository/Mobile/Page/Login/Input - Password'

2022-02-17 20:45:09 - [MESSAGE][WARNING] - Timeout '0' is invalid. Using default page load timeout: '60'

2022-02-17 20:45:10 - [MESSAGE][PASSED] - Tapped on element 'Object Repository/Mobile/Page/Login/Input - Password'

2022-02-17 20:45:10 - [TEST_STEP][PASSED] - delay(1): Delayed 1 second(s)

2022-02-17 20:45:11 - [MESSAGE][PASSED] - Delayed 1 second(s)

2022-02-17 20:45:11 - [TEST_STEP][PASSED] - setText(LOGN_EdtRdyPassword, "Shalawa18", 0): Text 'Shalawa18' has been set to element 'Object Repository/Mobile/Page/Login/Input Rdy - Password'

2022-02-17 20:45:11 - [MESSAGE][WARNING] - Timeout '0' is invalid. Using default page load timeout: '60'

2022-02-17 20:45:11 - [MESSAGE][PASSED] - Text 'Shalawa18' has been set to element 'Object Repository/Mobile/Page/Login/Input Rdy - Password'

2022-02-17 20:45:11 - [TEST_STEP][PASSED] - delay(1): Delayed 1 second(s)

2022-02-17 20:45:12 - [MESSAGE][PASSED] - Delayed 1 second(s)

2022-02-17 20:45:12 - [TEST_STEP][PASSED] - hideKeyboard(): Keyboard is hidden

2022-02-17 20:45:19 - [MESSAGE][PASSED] - Keyboard is hidden

2022-02-17 20:45:19 - [TEST_STEP][PASSED] - tap(LOGN_BtnLogin, 0): Tapped on element 'Object Repository/Mobile/Page/Login/Button - Login'

2022-02-17 20:45:19 - [MESSAGE][WARNING] - Timeout '0' is invalid. Using default page load timeout: '60'

2022-02-17 20:45:20 - [MESSAGE][PASSED] - Tapped on element 'Object Repository/Mobile/Page/Login/Button - Login'

2022-02-17 20:45:20 - [TEST_STEP][PASSED] - delay(2): Delayed 2 second(s)

2022-02-17 20:45:22 - [MESSAGE][PASSED] - Delayed 2 second(s)

2022-02-17 20:45:22 - [TEST_STEP][PASSED] - break: null

2022-02-17 20:45:22 - [MESSAGE][PASSED] - Call Test Case 'Test Cases/Mobile/Page/Login/Login' successfully

2022-02-17 20:45:22 - [MESSAGE][PASSED] - Call Test Case 'Test Cases/Mobile/Page/CheckLogin' successfully

2022-02-17 20:45:22 - [TEST_STEP][PASSED] - tap(HOME_MenubarPortfolio, 0): Tapped on element 'Object Repository/Mobile/Page/Home/Menubar - Portfolio'

2022-02-17 20:45:22 - [MESSAGE][WARNING] - Timeout '0' is invalid. Using default page load timeout: '60'

2022-02-17 20:45:26 - [MESSAGE][PASSED] - Tapped on element 'Object Repository/Mobile/Page/Home/Menubar - Portfolio'

2022-02-17 20:45:26 - [TEST_STEP][PASSED] - delay(1): Delayed 1 second(s)

2022-02-17 20:45:27 - [MESSAGE][PASSED] - Delayed 1 second(s)

2022-02-17 20:45:27 - [TEST_STEP][PASSED] - for ([i = 0, i < 1, (i++)]): scroll.scroll.scrollScreenBottomToTop is PASSED

2022-02-17 20:45:27 - [TEST_STEP][PASSED] - if (tab == "summary"): null

2022-02-17 20:45:27 - [TEST_STEP][PASSED] - else if (tab == "stock"): null

2022-02-17 20:45:27 - [TEST_STEP][PASSED] - else if (tab == "mutualfund"): scroll.scroll.scrollScreenBottomToTop is PASSED

2022-02-17 20:45:27 - [TEST_STEP][PASSED] - tap(PORT_TabMutualFund, 0): Tapped on element 'Object Repository/Mobile/Page/Portfolio/Tab - Mutual Fund'

2022-02-17 20:45:27 - [MESSAGE][WARNING] - Timeout '0' is invalid. Using default page load timeout: '60'

2022-02-17 20:45:28 - [MESSAGE][PASSED] - Tapped on element 'Object Repository/Mobile/Page/Portfolio/Tab - Mutual Fund'

2022-02-17 20:45:28 - [TEST_STEP][PASSED] - delay(1): Delayed 1 second(s)

2022-02-17 20:45:29 - [MESSAGE][PASSED] - Delayed 1 second(s)

2022-02-17 20:45:29 - [TEST_STEP][PASSED] - try: scroll.scroll.scrollScreenBottomToTop is PASSED

2022-02-17 20:45:29 - [TEST_STEP][PASSED] - tapAndHold(PORT_ItemTopMutualFund, 1, 10): Tapped and held on element 'Object Repository/Mobile/Page/Portfolio/Item - Top Mutual Fund' with duration 1

2022-02-17 20:45:32 - [MESSAGE][PASSED] - Tapped and held on element 'Object Repository/Mobile/Page/Portfolio/Item - Top Mutual Fund' with duration 1

2022-02-17 20:45:32 - [TEST_STEP][PASSED] - delay(2): Delayed 2 second(s)

2022-02-17 20:45:34 - [MESSAGE][PASSED] - Delayed 2 second(s)

2022-02-17 20:45:34 - [TEST_STEP][PASSED] - switch (action2): null

2022-02-17 20:45:34 - [TEST_STEP][PASSED] - case "3 month":: null

2022-02-17 20:45:34 - [TEST_STEP][PASSED] - tapAndHold(PORT_DETL_Btn3Month, 1, 0): Tapped and held on element 'Object Repository/Mobile/Page/Portfolio/Detail Mutual Funds/Button - 3 Month' with duration 1

2022-02-17 20:45:34 - [MESSAGE][WARNING] - Timeout '0' is invalid. Using default page load timeout: '60'

2022-02-17 20:45:37 - [MESSAGE][PASSED] - Tapped and held on element 'Object Repository/Mobile/Page/Portfolio/Detail Mutual Funds/Button - 3 Month' with duration 1

2022-02-17 20:45:37 - [TEST_STEP][PASSED] - break: null

2022-02-17 20:45:37 - [TEST_STEP][PASSED] - delay(3): Delayed 3 second(s)

2022-02-17 20:45:40 - [MESSAGE][PASSED] - Delayed 3 second(s)

2022-02-17 20:45:40 - [TEST_STEP][PASSED] - scroll.scroll.scrollScreenBottomToTop(): scroll.scroll.scrollScreenBottomToTop is PASSED

2022-02-17 20:45:41 - [MESSAGE][PASSED] - Current device physical height is 1423

2022-02-17 20:45:41 - [MESSAGE][PASSED] - Current device physical width is 720

2022-02-17 20:45:43 - [MESSAGE][PASSED] - Swiped from 360,1,138 to 360,284

2022-02-17 20:45:43 - [MESSAGE][PASSED] - scroll.scroll.scrollScreenBottomToTop is PASSED

2022-02-17 20:45:43 - [MESSAGE][PASSED] - Call Test Case 'Test Cases/Mobile/Page/Portfolio/Portfolio' successfully

2022-02-17 20:45:43 - [TEST_STEP][PASSED] - callTestCase(findTestCase("Mobile/Page/Run App/Terminate App"), [:], STOP_ON_FAILURE): Call Test Case 'Test Cases/Mobile/Page/Run App/Terminate App' successfully

2022-02-17 20:45:43 - [TEST_CASE][PASSED] - Test Cases/Mobile/Page/Run App/Terminate App: Test Cases/Mobile/Page/Run App/Terminate App

2022-02-17 20:45:43 - [TEST_STEP][PASSED] - startApp.OpenApp.terminateApplication(): startApp.OpenApp.terminateApplication is PASSED

2022-02-17 20:45:46 - [MESSAGE][PASSED] - Delayed 3 second(s)

2022-02-17 20:45:46 - [MESSAGE][PASSED] - Current device physical width is 720

2022-02-17 20:45:46 - [MESSAGE][PASSED] - Current device physical height is 1423

2022-02-17 20:45:48 - [MESSAGE][PASSED] - Swiped from 360,853 to 360,142

2022-02-17 20:45:49 - [MESSAGE][PASSED] - Delayed 1 second(s)

2022-02-17 20:45:50 - [MESSAGE][PASSED] - Swiped from 360,853 to 360,142

2022-02-17 20:45:53 - [MESSAGE][PASSED] - Delayed 3 second(s)

2022-02-17 20:45:53 - [MESSAGE][PASSED] - startApp.OpenApp.terminateApplication is PASSED

2022-02-17 20:45:53 - [MESSAGE][PASSED] - Call Test Case 'Test Cases/Mobile/Page/Run App/Terminate App' successfully]]></system-out>
         <system-err><![CDATA[]]></system-err>
      </testcase>
      <testcase name="Test Cases/Mobile/Scenario/Portfolio/015 - Melihat detail mutual fund 6 month" time="73.085" classname="Test Cases/Mobile/Scenario/Portfolio/015 - Melihat detail mutual fund 6 month" status="PASSED">
         <system-out><![CDATA[2022-02-17 20:45:53 - [TEST_CASE][PASSED] - Test Cases/Mobile/Scenario/Portfolio/015 - Melihat detail mutual fund 6 month: Test Cases/Mobile/Scenario/Portfolio/015 - Melihat detail mutual fund 6 month

2022-02-17 20:45:54 - [TEST_STEP][PASSED] - callTestCase(findTestCase("Mobile/Page/Run App/Run App byID"), [:], STOP_ON_FAILURE): Call Test Case 'Test Cases/Mobile/Page/Run App/Run App byID' successfully

2022-02-17 20:45:54 - [TEST_CASE][PASSED] - Test Cases/Mobile/Page/Run App/Run App byID: Test Cases/Mobile/Page/Run App/Run App byID

2022-02-17 20:45:54 - [TEST_STEP][PASSED] - startApp.OpenApp.startApplication("id.co.miraeasset.sageclub"): startApp.OpenApp.startApplication is PASSED

2022-02-17 20:46:13 - [MESSAGE][PASSED] - Starting app with application ID: 'id.co.miraeasset.sageclub'

2022-02-17 20:46:13 - [MESSAGE][PASSED] - startApp.OpenApp.startApplication is PASSED

2022-02-17 20:46:13 - [MESSAGE][PASSED] - Call Test Case 'Test Cases/Mobile/Page/Run App/Run App byID' successfully

2022-02-17 20:46:13 - [TEST_STEP][PASSED] - callTestCase(findTestCase("Mobile/Page/Portfolio/Portfolio"), ["tab":"mutualfund", "action2":"6 month"], CONTINUE_ON_FAILURE): Call Test Case 'Test Cases/Mobile/Page/Portfolio/Portfolio' successfully

2022-02-17 20:46:13 - [TEST_CASE][PASSED] - Test Cases/Mobile/Page/Portfolio/Portfolio: Test Cases/Mobile/Page/Portfolio/Portfolio

2022-02-17 20:46:13 - [TEST_STEP][PASSED] - callTestCase(findTestCase("Mobile/Page/CheckLogin"), [:], CONTINUE_ON_FAILURE): Call Test Case 'Test Cases/Mobile/Page/CheckLogin' successfully

2022-02-17 20:46:13 - [TEST_CASE][PASSED] - Test Cases/Mobile/Page/CheckLogin: Test Cases/Mobile/Page/CheckLogin

2022-02-17 20:46:13 - [TEST_STEP][PASSED] - loginCheck = verifyElementExist(LOGN_BtnLogin, 5, CONTINUE_ON_FAILURE): Element 'Object Repository/Mobile/Page/Login/Button - Login' is exist

2022-02-17 20:46:15 - [MESSAGE][PASSED] - Element 'Object Repository/Mobile/Page/Login/Button - Login' is exist

2022-02-17 20:46:15 - [TEST_STEP][PASSED] - if (loginCheck): Call Test Case 'Test Cases/Mobile/Page/Login/Login' successfully

2022-02-17 20:46:15 - [TEST_STEP][PASSED] - callTestCase(findTestCase("Mobile/Page/Login/Login"), ["action":"username"], CONTINUE_ON_FAILURE): Call Test Case 'Test Cases/Mobile/Page/Login/Login' successfully

2022-02-17 20:46:15 - [TEST_CASE][PASSED] - Test Cases/Mobile/Page/Login/Login: Test Cases/Mobile/Page/Login/Login

2022-02-17 20:46:15 - [TEST_STEP][PASSED] - delay(2): Delayed 2 second(s)

2022-02-17 20:46:17 - [MESSAGE][PASSED] - Delayed 2 second(s)

2022-02-17 20:46:17 - [TEST_STEP][PASSED] - for ([i = 0, i < 1, (i++)]): null

2022-02-17 20:46:17 - [TEST_STEP][PASSED] - if (action == "username"): null

2022-02-17 20:46:17 - [TEST_STEP][PASSED] - tap(LOGN_EdtUserID, 0): Tapped on element 'Object Repository/Mobile/Page/Login/Input - UserID'

2022-02-17 20:46:17 - [MESSAGE][WARNING] - Timeout '0' is invalid. Using default page load timeout: '60'

2022-02-17 20:46:18 - [MESSAGE][PASSED] - Tapped on element 'Object Repository/Mobile/Page/Login/Input - UserID'

2022-02-17 20:46:18 - [TEST_STEP][PASSED] - delay(1): Delayed 1 second(s)

2022-02-17 20:46:19 - [MESSAGE][PASSED] - Delayed 1 second(s)

2022-02-17 20:46:19 - [TEST_STEP][PASSED] - setText(LOGN_EdtRdyUserID, "anggaaditya", 0): Text 'anggaaditya' has been set to element 'Object Repository/Mobile/Page/Login/Input Rdy - UserID'

2022-02-17 20:46:19 - [MESSAGE][WARNING] - Timeout '0' is invalid. Using default page load timeout: '60'

2022-02-17 20:46:19 - [MESSAGE][PASSED] - Text 'anggaaditya' has been set to element 'Object Repository/Mobile/Page/Login/Input Rdy - UserID'

2022-02-17 20:46:19 - [TEST_STEP][PASSED] - delay(1): Delayed 1 second(s)

2022-02-17 20:46:20 - [MESSAGE][PASSED] - Delayed 1 second(s)

2022-02-17 20:46:20 - [TEST_STEP][PASSED] - hideKeyboard(): Keyboard is hidden

2022-02-17 20:46:25 - [MESSAGE][PASSED] - Keyboard is hidden

2022-02-17 20:46:25 - [TEST_STEP][PASSED] - tap(LOGN_EdtPassword, 0): Tapped on element 'Object Repository/Mobile/Page/Login/Input - Password'

2022-02-17 20:46:25 - [MESSAGE][WARNING] - Timeout '0' is invalid. Using default page load timeout: '60'

2022-02-17 20:46:25 - [MESSAGE][PASSED] - Tapped on element 'Object Repository/Mobile/Page/Login/Input - Password'

2022-02-17 20:46:25 - [TEST_STEP][PASSED] - delay(1): Delayed 1 second(s)

2022-02-17 20:46:26 - [MESSAGE][PASSED] - Delayed 1 second(s)

2022-02-17 20:46:26 - [TEST_STEP][PASSED] - setText(LOGN_EdtRdyPassword, "Shalawa18", 0): Text 'Shalawa18' has been set to element 'Object Repository/Mobile/Page/Login/Input Rdy - Password'

2022-02-17 20:46:26 - [MESSAGE][WARNING] - Timeout '0' is invalid. Using default page load timeout: '60'

2022-02-17 20:46:26 - [MESSAGE][PASSED] - Text 'Shalawa18' has been set to element 'Object Repository/Mobile/Page/Login/Input Rdy - Password'

2022-02-17 20:46:26 - [TEST_STEP][PASSED] - delay(1): Delayed 1 second(s)

2022-02-17 20:46:27 - [MESSAGE][PASSED] - Delayed 1 second(s)

2022-02-17 20:46:27 - [TEST_STEP][PASSED] - hideKeyboard(): Keyboard is hidden

2022-02-17 20:46:35 - [MESSAGE][PASSED] - Keyboard is hidden

2022-02-17 20:46:35 - [TEST_STEP][PASSED] - tap(LOGN_BtnLogin, 0): Tapped on element 'Object Repository/Mobile/Page/Login/Button - Login'

2022-02-17 20:46:35 - [MESSAGE][WARNING] - Timeout '0' is invalid. Using default page load timeout: '60'

2022-02-17 20:46:35 - [MESSAGE][PASSED] - Tapped on element 'Object Repository/Mobile/Page/Login/Button - Login'

2022-02-17 20:46:35 - [TEST_STEP][PASSED] - delay(2): Delayed 2 second(s)

2022-02-17 20:46:37 - [MESSAGE][PASSED] - Delayed 2 second(s)

2022-02-17 20:46:37 - [TEST_STEP][PASSED] - break: null

2022-02-17 20:46:37 - [MESSAGE][PASSED] - Call Test Case 'Test Cases/Mobile/Page/Login/Login' successfully

2022-02-17 20:46:37 - [MESSAGE][PASSED] - Call Test Case 'Test Cases/Mobile/Page/CheckLogin' successfully

2022-02-17 20:46:37 - [TEST_STEP][PASSED] - tap(HOME_MenubarPortfolio, 0): Tapped on element 'Object Repository/Mobile/Page/Home/Menubar - Portfolio'

2022-02-17 20:46:37 - [MESSAGE][WARNING] - Timeout '0' is invalid. Using default page load timeout: '60'

2022-02-17 20:46:40 - [MESSAGE][PASSED] - Tapped on element 'Object Repository/Mobile/Page/Home/Menubar - Portfolio'

2022-02-17 20:46:40 - [TEST_STEP][PASSED] - delay(1): Delayed 1 second(s)

2022-02-17 20:46:41 - [MESSAGE][PASSED] - Delayed 1 second(s)

2022-02-17 20:46:41 - [TEST_STEP][PASSED] - for ([i = 0, i < 1, (i++)]): scroll.scroll.scrollScreenBottomToTop is PASSED

2022-02-17 20:46:41 - [TEST_STEP][PASSED] - if (tab == "summary"): null

2022-02-17 20:46:41 - [TEST_STEP][PASSED] - else if (tab == "stock"): null

2022-02-17 20:46:41 - [TEST_STEP][PASSED] - else if (tab == "mutualfund"): scroll.scroll.scrollScreenBottomToTop is PASSED

2022-02-17 20:46:41 - [TEST_STEP][PASSED] - tap(PORT_TabMutualFund, 0): Tapped on element 'Object Repository/Mobile/Page/Portfolio/Tab - Mutual Fund'

2022-02-17 20:46:41 - [MESSAGE][WARNING] - Timeout '0' is invalid. Using default page load timeout: '60'

2022-02-17 20:46:42 - [MESSAGE][PASSED] - Tapped on element 'Object Repository/Mobile/Page/Portfolio/Tab - Mutual Fund'

2022-02-17 20:46:42 - [TEST_STEP][PASSED] - delay(1): Delayed 1 second(s)

2022-02-17 20:46:43 - [MESSAGE][PASSED] - Delayed 1 second(s)

2022-02-17 20:46:43 - [TEST_STEP][PASSED] - try: scroll.scroll.scrollScreenBottomToTop is PASSED

2022-02-17 20:46:43 - [TEST_STEP][PASSED] - tapAndHold(PORT_ItemTopMutualFund, 1, 10): Tapped and held on element 'Object Repository/Mobile/Page/Portfolio/Item - Top Mutual Fund' with duration 1

2022-02-17 20:46:46 - [MESSAGE][PASSED] - Tapped and held on element 'Object Repository/Mobile/Page/Portfolio/Item - Top Mutual Fund' with duration 1

2022-02-17 20:46:46 - [TEST_STEP][PASSED] - delay(2): Delayed 2 second(s)

2022-02-17 20:46:48 - [MESSAGE][PASSED] - Delayed 2 second(s)

2022-02-17 20:46:48 - [TEST_STEP][PASSED] - switch (action2): null

2022-02-17 20:46:48 - [TEST_STEP][PASSED] - case "6 month":: null

2022-02-17 20:46:48 - [TEST_STEP][PASSED] - tapAndHold(PORT_DETL_Btn6Month, 1, 0): Tapped and held on element 'Object Repository/Mobile/Page/Portfolio/Detail Mutual Funds/Button - 6 Month' with duration 1

2022-02-17 20:46:48 - [MESSAGE][WARNING] - Timeout '0' is invalid. Using default page load timeout: '60'

2022-02-17 20:46:51 - [MESSAGE][PASSED] - Tapped and held on element 'Object Repository/Mobile/Page/Portfolio/Detail Mutual Funds/Button - 6 Month' with duration 1

2022-02-17 20:46:51 - [TEST_STEP][PASSED] - break: null

2022-02-17 20:46:51 - [TEST_STEP][PASSED] - delay(3): Delayed 3 second(s)

2022-02-17 20:46:54 - [MESSAGE][PASSED] - Delayed 3 second(s)

2022-02-17 20:46:54 - [TEST_STEP][PASSED] - scroll.scroll.scrollScreenBottomToTop(): scroll.scroll.scrollScreenBottomToTop is PASSED

2022-02-17 20:46:55 - [MESSAGE][PASSED] - Current device physical height is 1423

2022-02-17 20:46:55 - [MESSAGE][PASSED] - Current device physical width is 720

2022-02-17 20:46:56 - [MESSAGE][PASSED] - Swiped from 360,1,138 to 360,284

2022-02-17 20:46:56 - [MESSAGE][PASSED] - scroll.scroll.scrollScreenBottomToTop is PASSED

2022-02-17 20:46:56 - [MESSAGE][PASSED] - Call Test Case 'Test Cases/Mobile/Page/Portfolio/Portfolio' successfully

2022-02-17 20:46:56 - [TEST_STEP][PASSED] - callTestCase(findTestCase("Mobile/Page/Run App/Terminate App"), [:], STOP_ON_FAILURE): Call Test Case 'Test Cases/Mobile/Page/Run App/Terminate App' successfully

2022-02-17 20:46:56 - [TEST_CASE][PASSED] - Test Cases/Mobile/Page/Run App/Terminate App: Test Cases/Mobile/Page/Run App/Terminate App

2022-02-17 20:46:56 - [TEST_STEP][PASSED] - startApp.OpenApp.terminateApplication(): startApp.OpenApp.terminateApplication is PASSED

2022-02-17 20:46:59 - [MESSAGE][PASSED] - Delayed 3 second(s)

2022-02-17 20:47:00 - [MESSAGE][PASSED] - Current device physical width is 720

2022-02-17 20:47:00 - [MESSAGE][PASSED] - Current device physical height is 1423

2022-02-17 20:47:01 - [MESSAGE][PASSED] - Swiped from 360,853 to 360,142

2022-02-17 20:47:02 - [MESSAGE][PASSED] - Delayed 1 second(s)

2022-02-17 20:47:04 - [MESSAGE][PASSED] - Swiped from 360,853 to 360,142

2022-02-17 20:47:07 - [MESSAGE][PASSED] - Delayed 3 second(s)

2022-02-17 20:47:07 - [MESSAGE][PASSED] - startApp.OpenApp.terminateApplication is PASSED

2022-02-17 20:47:07 - [MESSAGE][PASSED] - Call Test Case 'Test Cases/Mobile/Page/Run App/Terminate App' successfully]]></system-out>
         <system-err><![CDATA[]]></system-err>
      </testcase>
      <testcase name="Test Cases/Mobile/Scenario/Portfolio/016 - Melihat detail mutual fund 1 year" time="68.875" classname="Test Cases/Mobile/Scenario/Portfolio/016 - Melihat detail mutual fund 1 year" status="PASSED">
         <system-out><![CDATA[2022-02-17 20:47:07 - [TEST_CASE][PASSED] - Test Cases/Mobile/Scenario/Portfolio/016 - Melihat detail mutual fund 1 year: Test Cases/Mobile/Scenario/Portfolio/016 - Melihat detail mutual fund 1 year

2022-02-17 20:47:07 - [TEST_STEP][PASSED] - callTestCase(findTestCase("Mobile/Page/Run App/Run App byID"), [:], STOP_ON_FAILURE): Call Test Case 'Test Cases/Mobile/Page/Run App/Run App byID' successfully

2022-02-17 20:47:07 - [TEST_CASE][PASSED] - Test Cases/Mobile/Page/Run App/Run App byID: Test Cases/Mobile/Page/Run App/Run App byID

2022-02-17 20:47:07 - [TEST_STEP][PASSED] - startApp.OpenApp.startApplication("id.co.miraeasset.sageclub"): startApp.OpenApp.startApplication is PASSED

2022-02-17 20:47:22 - [MESSAGE][PASSED] - Starting app with application ID: 'id.co.miraeasset.sageclub'

2022-02-17 20:47:22 - [MESSAGE][PASSED] - startApp.OpenApp.startApplication is PASSED

2022-02-17 20:47:22 - [MESSAGE][PASSED] - Call Test Case 'Test Cases/Mobile/Page/Run App/Run App byID' successfully

2022-02-17 20:47:22 - [TEST_STEP][PASSED] - callTestCase(findTestCase("Mobile/Page/Portfolio/Portfolio"), ["tab":"mutualfund", "action2":"1 year"], CONTINUE_ON_FAILURE): Call Test Case 'Test Cases/Mobile/Page/Portfolio/Portfolio' successfully

2022-02-17 20:47:22 - [TEST_CASE][PASSED] - Test Cases/Mobile/Page/Portfolio/Portfolio: Test Cases/Mobile/Page/Portfolio/Portfolio

2022-02-17 20:47:22 - [TEST_STEP][PASSED] - callTestCase(findTestCase("Mobile/Page/CheckLogin"), [:], CONTINUE_ON_FAILURE): Call Test Case 'Test Cases/Mobile/Page/CheckLogin' successfully

2022-02-17 20:47:22 - [TEST_CASE][PASSED] - Test Cases/Mobile/Page/CheckLogin: Test Cases/Mobile/Page/CheckLogin

2022-02-17 20:47:22 - [TEST_STEP][PASSED] - loginCheck = verifyElementExist(LOGN_BtnLogin, 5, CONTINUE_ON_FAILURE): Element 'Object Repository/Mobile/Page/Login/Button - Login' is exist

2022-02-17 20:47:24 - [MESSAGE][PASSED] - Element 'Object Repository/Mobile/Page/Login/Button - Login' is exist

2022-02-17 20:47:24 - [TEST_STEP][PASSED] - if (loginCheck): Call Test Case 'Test Cases/Mobile/Page/Login/Login' successfully

2022-02-17 20:47:24 - [TEST_STEP][PASSED] - callTestCase(findTestCase("Mobile/Page/Login/Login"), ["action":"username"], CONTINUE_ON_FAILURE): Call Test Case 'Test Cases/Mobile/Page/Login/Login' successfully

2022-02-17 20:47:24 - [TEST_CASE][PASSED] - Test Cases/Mobile/Page/Login/Login: Test Cases/Mobile/Page/Login/Login

2022-02-17 20:47:24 - [TEST_STEP][PASSED] - delay(2): Delayed 2 second(s)

2022-02-17 20:47:26 - [MESSAGE][PASSED] - Delayed 2 second(s)

2022-02-17 20:47:26 - [TEST_STEP][PASSED] - for ([i = 0, i < 1, (i++)]): null

2022-02-17 20:47:26 - [TEST_STEP][PASSED] - if (action == "username"): null

2022-02-17 20:47:26 - [TEST_STEP][PASSED] - tap(LOGN_EdtUserID, 0): Tapped on element 'Object Repository/Mobile/Page/Login/Input - UserID'

2022-02-17 20:47:26 - [MESSAGE][WARNING] - Timeout '0' is invalid. Using default page load timeout: '60'

2022-02-17 20:47:27 - [MESSAGE][PASSED] - Tapped on element 'Object Repository/Mobile/Page/Login/Input - UserID'

2022-02-17 20:47:27 - [TEST_STEP][PASSED] - delay(1): Delayed 1 second(s)

2022-02-17 20:47:28 - [MESSAGE][PASSED] - Delayed 1 second(s)

2022-02-17 20:47:28 - [TEST_STEP][PASSED] - setText(LOGN_EdtRdyUserID, "anggaaditya", 0): Text 'anggaaditya' has been set to element 'Object Repository/Mobile/Page/Login/Input Rdy - UserID'

2022-02-17 20:47:28 - [MESSAGE][WARNING] - Timeout '0' is invalid. Using default page load timeout: '60'

2022-02-17 20:47:28 - [MESSAGE][PASSED] - Text 'anggaaditya' has been set to element 'Object Repository/Mobile/Page/Login/Input Rdy - UserID'

2022-02-17 20:47:28 - [TEST_STEP][PASSED] - delay(1): Delayed 1 second(s)

2022-02-17 20:47:29 - [MESSAGE][PASSED] - Delayed 1 second(s)

2022-02-17 20:47:29 - [TEST_STEP][PASSED] - hideKeyboard(): Keyboard is hidden

2022-02-17 20:47:33 - [MESSAGE][PASSED] - Keyboard is hidden

2022-02-17 20:47:33 - [TEST_STEP][PASSED] - tap(LOGN_EdtPassword, 0): Tapped on element 'Object Repository/Mobile/Page/Login/Input - Password'

2022-02-17 20:47:33 - [MESSAGE][WARNING] - Timeout '0' is invalid. Using default page load timeout: '60'

2022-02-17 20:47:33 - [MESSAGE][PASSED] - Tapped on element 'Object Repository/Mobile/Page/Login/Input - Password'

2022-02-17 20:47:33 - [TEST_STEP][PASSED] - delay(1): Delayed 1 second(s)

2022-02-17 20:47:34 - [MESSAGE][PASSED] - Delayed 1 second(s)

2022-02-17 20:47:34 - [TEST_STEP][PASSED] - setText(LOGN_EdtRdyPassword, "Shalawa18", 0): Text 'Shalawa18' has been set to element 'Object Repository/Mobile/Page/Login/Input Rdy - Password'

2022-02-17 20:47:34 - [MESSAGE][WARNING] - Timeout '0' is invalid. Using default page load timeout: '60'

2022-02-17 20:47:35 - [MESSAGE][PASSED] - Text 'Shalawa18' has been set to element 'Object Repository/Mobile/Page/Login/Input Rdy - Password'

2022-02-17 20:47:35 - [TEST_STEP][PASSED] - delay(1): Delayed 1 second(s)

2022-02-17 20:47:36 - [MESSAGE][PASSED] - Delayed 1 second(s)

2022-02-17 20:47:36 - [TEST_STEP][PASSED] - hideKeyboard(): Keyboard is hidden

2022-02-17 20:47:43 - [MESSAGE][PASSED] - Keyboard is hidden

2022-02-17 20:47:43 - [TEST_STEP][PASSED] - tap(LOGN_BtnLogin, 0): Tapped on element 'Object Repository/Mobile/Page/Login/Button - Login'

2022-02-17 20:47:43 - [MESSAGE][WARNING] - Timeout '0' is invalid. Using default page load timeout: '60'

2022-02-17 20:47:43 - [MESSAGE][PASSED] - Tapped on element 'Object Repository/Mobile/Page/Login/Button - Login'

2022-02-17 20:47:43 - [TEST_STEP][PASSED] - delay(2): Delayed 2 second(s)

2022-02-17 20:47:46 - [MESSAGE][PASSED] - Delayed 2 second(s)

2022-02-17 20:47:46 - [TEST_STEP][PASSED] - break: null

2022-02-17 20:47:46 - [MESSAGE][PASSED] - Call Test Case 'Test Cases/Mobile/Page/Login/Login' successfully

2022-02-17 20:47:46 - [MESSAGE][PASSED] - Call Test Case 'Test Cases/Mobile/Page/CheckLogin' successfully

2022-02-17 20:47:46 - [TEST_STEP][PASSED] - tap(HOME_MenubarPortfolio, 0): Tapped on element 'Object Repository/Mobile/Page/Home/Menubar - Portfolio'

2022-02-17 20:47:46 - [MESSAGE][WARNING] - Timeout '0' is invalid. Using default page load timeout: '60'

2022-02-17 20:47:49 - [MESSAGE][PASSED] - Tapped on element 'Object Repository/Mobile/Page/Home/Menubar - Portfolio'

2022-02-17 20:47:49 - [TEST_STEP][PASSED] - delay(1): Delayed 1 second(s)

2022-02-17 20:47:50 - [MESSAGE][PASSED] - Delayed 1 second(s)

2022-02-17 20:47:50 - [TEST_STEP][PASSED] - for ([i = 0, i < 1, (i++)]): scroll.scroll.scrollScreenBottomToTop is PASSED

2022-02-17 20:47:50 - [TEST_STEP][PASSED] - if (tab == "summary"): null

2022-02-17 20:47:50 - [TEST_STEP][PASSED] - else if (tab == "stock"): null

2022-02-17 20:47:50 - [TEST_STEP][PASSED] - else if (tab == "mutualfund"): scroll.scroll.scrollScreenBottomToTop is PASSED

2022-02-17 20:47:50 - [TEST_STEP][PASSED] - tap(PORT_TabMutualFund, 0): Tapped on element 'Object Repository/Mobile/Page/Portfolio/Tab - Mutual Fund'

2022-02-17 20:47:50 - [MESSAGE][WARNING] - Timeout '0' is invalid. Using default page load timeout: '60'

2022-02-17 20:47:51 - [MESSAGE][PASSED] - Tapped on element 'Object Repository/Mobile/Page/Portfolio/Tab - Mutual Fund'

2022-02-17 20:47:51 - [TEST_STEP][PASSED] - delay(1): Delayed 1 second(s)

2022-02-17 20:47:52 - [MESSAGE][PASSED] - Delayed 1 second(s)

2022-02-17 20:47:52 - [TEST_STEP][PASSED] - try: scroll.scroll.scrollScreenBottomToTop is PASSED

2022-02-17 20:47:52 - [TEST_STEP][PASSED] - tapAndHold(PORT_ItemTopMutualFund, 1, 10): Tapped and held on element 'Object Repository/Mobile/Page/Portfolio/Item - Top Mutual Fund' with duration 1

2022-02-17 20:47:55 - [MESSAGE][PASSED] - Tapped and held on element 'Object Repository/Mobile/Page/Portfolio/Item - Top Mutual Fund' with duration 1

2022-02-17 20:47:55 - [TEST_STEP][PASSED] - delay(2): Delayed 2 second(s)

2022-02-17 20:47:57 - [MESSAGE][PASSED] - Delayed 2 second(s)

2022-02-17 20:47:57 - [TEST_STEP][PASSED] - switch (action2): null

2022-02-17 20:47:57 - [TEST_STEP][PASSED] - case "1 year":: null

2022-02-17 20:47:57 - [TEST_STEP][PASSED] - tapAndHold(PORT_DETL_Btn1Year, 1, 0): Tapped and held on element 'Object Repository/Mobile/Page/Portfolio/Detail Mutual Funds/Button - 1 Year' with duration 1

2022-02-17 20:47:57 - [MESSAGE][WARNING] - Timeout '0' is invalid. Using default page load timeout: '60'

2022-02-17 20:48:00 - [MESSAGE][PASSED] - Tapped and held on element 'Object Repository/Mobile/Page/Portfolio/Detail Mutual Funds/Button - 1 Year' with duration 1

2022-02-17 20:48:00 - [TEST_STEP][PASSED] - break: null

2022-02-17 20:48:00 - [TEST_STEP][PASSED] - delay(3): Delayed 3 second(s)

2022-02-17 20:48:03 - [MESSAGE][PASSED] - Delayed 3 second(s)

2022-02-17 20:48:03 - [TEST_STEP][PASSED] - scroll.scroll.scrollScreenBottomToTop(): scroll.scroll.scrollScreenBottomToTop is PASSED

2022-02-17 20:48:03 - [MESSAGE][PASSED] - Current device physical height is 1423

2022-02-17 20:48:04 - [MESSAGE][PASSED] - Current device physical width is 720

2022-02-17 20:48:05 - [MESSAGE][PASSED] - Swiped from 360,1,138 to 360,284

2022-02-17 20:48:05 - [MESSAGE][PASSED] - scroll.scroll.scrollScreenBottomToTop is PASSED

2022-02-17 20:48:05 - [MESSAGE][PASSED] - Call Test Case 'Test Cases/Mobile/Page/Portfolio/Portfolio' successfully

2022-02-17 20:48:05 - [TEST_STEP][PASSED] - callTestCase(findTestCase("Mobile/Page/Run App/Terminate App"), [:], STOP_ON_FAILURE): Call Test Case 'Test Cases/Mobile/Page/Run App/Terminate App' successfully

2022-02-17 20:48:05 - [TEST_CASE][PASSED] - Test Cases/Mobile/Page/Run App/Terminate App: Test Cases/Mobile/Page/Run App/Terminate App

2022-02-17 20:48:05 - [TEST_STEP][PASSED] - startApp.OpenApp.terminateApplication(): startApp.OpenApp.terminateApplication is PASSED

2022-02-17 20:48:08 - [MESSAGE][PASSED] - Delayed 3 second(s)

2022-02-17 20:48:08 - [MESSAGE][PASSED] - Current device physical width is 720

2022-02-17 20:48:09 - [MESSAGE][PASSED] - Current device physical height is 1423

2022-02-17 20:48:10 - [MESSAGE][PASSED] - Swiped from 360,853 to 360,142

2022-02-17 20:48:11 - [MESSAGE][PASSED] - Delayed 1 second(s)

2022-02-17 20:48:12 - [MESSAGE][PASSED] - Swiped from 360,853 to 360,142

2022-02-17 20:48:15 - [MESSAGE][PASSED] - Delayed 3 second(s)

2022-02-17 20:48:15 - [MESSAGE][PASSED] - startApp.OpenApp.terminateApplication is PASSED

2022-02-17 20:48:15 - [MESSAGE][PASSED] - Call Test Case 'Test Cases/Mobile/Page/Run App/Terminate App' successfully]]></system-out>
         <system-err><![CDATA[]]></system-err>
      </testcase>
      <testcase name="Test Cases/Mobile/Scenario/Portfolio/017 - Melihat detail mutual fund 3 year" time="67.149" classname="Test Cases/Mobile/Scenario/Portfolio/017 - Melihat detail mutual fund 3 year" status="PASSED">
         <system-out><![CDATA[2022-02-17 20:48:15 - [TEST_CASE][PASSED] - Test Cases/Mobile/Scenario/Portfolio/017 - Melihat detail mutual fund 3 year: Test Cases/Mobile/Scenario/Portfolio/017 - Melihat detail mutual fund 3 year

2022-02-17 20:48:16 - [TEST_STEP][PASSED] - callTestCase(findTestCase("Mobile/Page/Run App/Run App byID"), [:], STOP_ON_FAILURE): Call Test Case 'Test Cases/Mobile/Page/Run App/Run App byID' successfully

2022-02-17 20:48:16 - [TEST_CASE][PASSED] - Test Cases/Mobile/Page/Run App/Run App byID: Test Cases/Mobile/Page/Run App/Run App byID

2022-02-17 20:48:16 - [TEST_STEP][PASSED] - startApp.OpenApp.startApplication("id.co.miraeasset.sageclub"): startApp.OpenApp.startApplication is PASSED

2022-02-17 20:48:31 - [MESSAGE][PASSED] - Starting app with application ID: 'id.co.miraeasset.sageclub'

2022-02-17 20:48:31 - [MESSAGE][PASSED] - startApp.OpenApp.startApplication is PASSED

2022-02-17 20:48:31 - [MESSAGE][PASSED] - Call Test Case 'Test Cases/Mobile/Page/Run App/Run App byID' successfully

2022-02-17 20:48:31 - [TEST_STEP][PASSED] - callTestCase(findTestCase("Mobile/Page/Portfolio/Portfolio"), ["tab":"mutualfund", "action2":"3 year"], CONTINUE_ON_FAILURE): Call Test Case 'Test Cases/Mobile/Page/Portfolio/Portfolio' successfully

2022-02-17 20:48:31 - [TEST_CASE][PASSED] - Test Cases/Mobile/Page/Portfolio/Portfolio: Test Cases/Mobile/Page/Portfolio/Portfolio

2022-02-17 20:48:31 - [TEST_STEP][PASSED] - callTestCase(findTestCase("Mobile/Page/CheckLogin"), [:], CONTINUE_ON_FAILURE): Call Test Case 'Test Cases/Mobile/Page/CheckLogin' successfully

2022-02-17 20:48:31 - [TEST_CASE][PASSED] - Test Cases/Mobile/Page/CheckLogin: Test Cases/Mobile/Page/CheckLogin

2022-02-17 20:48:31 - [TEST_STEP][PASSED] - loginCheck = verifyElementExist(LOGN_BtnLogin, 5, CONTINUE_ON_FAILURE): Element 'Object Repository/Mobile/Page/Login/Button - Login' is exist

2022-02-17 20:48:33 - [MESSAGE][PASSED] - Element 'Object Repository/Mobile/Page/Login/Button - Login' is exist

2022-02-17 20:48:33 - [TEST_STEP][PASSED] - if (loginCheck): Call Test Case 'Test Cases/Mobile/Page/Login/Login' successfully

2022-02-17 20:48:33 - [TEST_STEP][PASSED] - callTestCase(findTestCase("Mobile/Page/Login/Login"), ["action":"username"], CONTINUE_ON_FAILURE): Call Test Case 'Test Cases/Mobile/Page/Login/Login' successfully

2022-02-17 20:48:33 - [TEST_CASE][PASSED] - Test Cases/Mobile/Page/Login/Login: Test Cases/Mobile/Page/Login/Login

2022-02-17 20:48:33 - [TEST_STEP][PASSED] - delay(2): Delayed 2 second(s)

2022-02-17 20:48:35 - [MESSAGE][PASSED] - Delayed 2 second(s)

2022-02-17 20:48:35 - [TEST_STEP][PASSED] - for ([i = 0, i < 1, (i++)]): null

2022-02-17 20:48:35 - [TEST_STEP][PASSED] - if (action == "username"): null

2022-02-17 20:48:35 - [TEST_STEP][PASSED] - tap(LOGN_EdtUserID, 0): Tapped on element 'Object Repository/Mobile/Page/Login/Input - UserID'

2022-02-17 20:48:35 - [MESSAGE][WARNING] - Timeout '0' is invalid. Using default page load timeout: '60'

2022-02-17 20:48:35 - [MESSAGE][PASSED] - Tapped on element 'Object Repository/Mobile/Page/Login/Input - UserID'

2022-02-17 20:48:35 - [TEST_STEP][PASSED] - delay(1): Delayed 1 second(s)

2022-02-17 20:48:36 - [MESSAGE][PASSED] - Delayed 1 second(s)

2022-02-17 20:48:36 - [TEST_STEP][PASSED] - setText(LOGN_EdtRdyUserID, "anggaaditya", 0): Text 'anggaaditya' has been set to element 'Object Repository/Mobile/Page/Login/Input Rdy - UserID'

2022-02-17 20:48:36 - [MESSAGE][WARNING] - Timeout '0' is invalid. Using default page load timeout: '60'

2022-02-17 20:48:37 - [MESSAGE][PASSED] - Text 'anggaaditya' has been set to element 'Object Repository/Mobile/Page/Login/Input Rdy - UserID'

2022-02-17 20:48:37 - [TEST_STEP][PASSED] - delay(1): Delayed 1 second(s)

2022-02-17 20:48:38 - [MESSAGE][PASSED] - Delayed 1 second(s)

2022-02-17 20:48:38 - [TEST_STEP][PASSED] - hideKeyboard(): Keyboard is hidden

2022-02-17 20:48:42 - [MESSAGE][PASSED] - Keyboard is hidden

2022-02-17 20:48:42 - [TEST_STEP][PASSED] - tap(LOGN_EdtPassword, 0): Tapped on element 'Object Repository/Mobile/Page/Login/Input - Password'

2022-02-17 20:48:42 - [MESSAGE][WARNING] - Timeout '0' is invalid. Using default page load timeout: '60'

2022-02-17 20:48:42 - [MESSAGE][PASSED] - Tapped on element 'Object Repository/Mobile/Page/Login/Input - Password'

2022-02-17 20:48:42 - [TEST_STEP][PASSED] - delay(1): Delayed 1 second(s)

2022-02-17 20:48:43 - [MESSAGE][PASSED] - Delayed 1 second(s)

2022-02-17 20:48:43 - [TEST_STEP][PASSED] - setText(LOGN_EdtRdyPassword, "Shalawa18", 0): Text 'Shalawa18' has been set to element 'Object Repository/Mobile/Page/Login/Input Rdy - Password'

2022-02-17 20:48:43 - [MESSAGE][WARNING] - Timeout '0' is invalid. Using default page load timeout: '60'

2022-02-17 20:48:44 - [MESSAGE][PASSED] - Text 'Shalawa18' has been set to element 'Object Repository/Mobile/Page/Login/Input Rdy - Password'

2022-02-17 20:48:44 - [TEST_STEP][PASSED] - delay(1): Delayed 1 second(s)

2022-02-17 20:48:45 - [MESSAGE][PASSED] - Delayed 1 second(s)

2022-02-17 20:48:45 - [TEST_STEP][PASSED] - hideKeyboard(): Keyboard is hidden

2022-02-17 20:48:51 - [MESSAGE][PASSED] - Keyboard is hidden

2022-02-17 20:48:51 - [TEST_STEP][PASSED] - tap(LOGN_BtnLogin, 0): Tapped on element 'Object Repository/Mobile/Page/Login/Button - Login'

2022-02-17 20:48:51 - [MESSAGE][WARNING] - Timeout '0' is invalid. Using default page load timeout: '60'

2022-02-17 20:48:52 - [MESSAGE][PASSED] - Tapped on element 'Object Repository/Mobile/Page/Login/Button - Login'

2022-02-17 20:48:52 - [TEST_STEP][PASSED] - delay(2): Delayed 2 second(s)

2022-02-17 20:48:54 - [MESSAGE][PASSED] - Delayed 2 second(s)

2022-02-17 20:48:54 - [TEST_STEP][PASSED] - break: null

2022-02-17 20:48:54 - [MESSAGE][PASSED] - Call Test Case 'Test Cases/Mobile/Page/Login/Login' successfully

2022-02-17 20:48:54 - [MESSAGE][PASSED] - Call Test Case 'Test Cases/Mobile/Page/CheckLogin' successfully

2022-02-17 20:48:54 - [TEST_STEP][PASSED] - tap(HOME_MenubarPortfolio, 0): Tapped on element 'Object Repository/Mobile/Page/Home/Menubar - Portfolio'

2022-02-17 20:48:54 - [MESSAGE][WARNING] - Timeout '0' is invalid. Using default page load timeout: '60'

2022-02-17 20:48:56 - [MESSAGE][PASSED] - Tapped on element 'Object Repository/Mobile/Page/Home/Menubar - Portfolio'

2022-02-17 20:48:56 - [TEST_STEP][PASSED] - delay(1): Delayed 1 second(s)

2022-02-17 20:48:57 - [MESSAGE][PASSED] - Delayed 1 second(s)

2022-02-17 20:48:57 - [TEST_STEP][PASSED] - for ([i = 0, i < 1, (i++)]): scroll.scroll.scrollScreenBottomToTop is PASSED

2022-02-17 20:48:57 - [TEST_STEP][PASSED] - if (tab == "summary"): null

2022-02-17 20:48:57 - [TEST_STEP][PASSED] - else if (tab == "stock"): null

2022-02-17 20:48:57 - [TEST_STEP][PASSED] - else if (tab == "mutualfund"): scroll.scroll.scrollScreenBottomToTop is PASSED

2022-02-17 20:48:57 - [TEST_STEP][PASSED] - tap(PORT_TabMutualFund, 0): Tapped on element 'Object Repository/Mobile/Page/Portfolio/Tab - Mutual Fund'

2022-02-17 20:48:57 - [MESSAGE][WARNING] - Timeout '0' is invalid. Using default page load timeout: '60'

2022-02-17 20:48:58 - [MESSAGE][PASSED] - Tapped on element 'Object Repository/Mobile/Page/Portfolio/Tab - Mutual Fund'

2022-02-17 20:48:58 - [TEST_STEP][PASSED] - delay(1): Delayed 1 second(s)

2022-02-17 20:48:59 - [MESSAGE][PASSED] - Delayed 1 second(s)

2022-02-17 20:48:59 - [TEST_STEP][PASSED] - try: scroll.scroll.scrollScreenBottomToTop is PASSED

2022-02-17 20:48:59 - [TEST_STEP][PASSED] - tapAndHold(PORT_ItemTopMutualFund, 1, 10): Tapped and held on element 'Object Repository/Mobile/Page/Portfolio/Item - Top Mutual Fund' with duration 1

2022-02-17 20:49:02 - [MESSAGE][PASSED] - Tapped and held on element 'Object Repository/Mobile/Page/Portfolio/Item - Top Mutual Fund' with duration 1

2022-02-17 20:49:02 - [TEST_STEP][PASSED] - delay(2): Delayed 2 second(s)

2022-02-17 20:49:04 - [MESSAGE][PASSED] - Delayed 2 second(s)

2022-02-17 20:49:04 - [TEST_STEP][PASSED] - switch (action2): null

2022-02-17 20:49:04 - [TEST_STEP][PASSED] - case "3 year":: null

2022-02-17 20:49:04 - [TEST_STEP][PASSED] - tapAndHold(PORT_DETL_Btn3Year, 1, 0): Tapped and held on element 'Object Repository/Mobile/Page/Portfolio/Detail Mutual Funds/Button - 3 Year' with duration 1

2022-02-17 20:49:04 - [MESSAGE][WARNING] - Timeout '0' is invalid. Using default page load timeout: '60'

2022-02-17 20:49:07 - [MESSAGE][PASSED] - Tapped and held on element 'Object Repository/Mobile/Page/Portfolio/Detail Mutual Funds/Button - 3 Year' with duration 1

2022-02-17 20:49:07 - [TEST_STEP][PASSED] - break: null

2022-02-17 20:49:07 - [TEST_STEP][PASSED] - delay(3): Delayed 3 second(s)

2022-02-17 20:49:10 - [MESSAGE][PASSED] - Delayed 3 second(s)

2022-02-17 20:49:10 - [TEST_STEP][PASSED] - scroll.scroll.scrollScreenBottomToTop(): scroll.scroll.scrollScreenBottomToTop is PASSED

2022-02-17 20:49:10 - [MESSAGE][PASSED] - Current device physical height is 1423

2022-02-17 20:49:11 - [MESSAGE][PASSED] - Current device physical width is 720

2022-02-17 20:49:12 - [MESSAGE][PASSED] - Swiped from 360,1,138 to 360,284

2022-02-17 20:49:12 - [MESSAGE][PASSED] - scroll.scroll.scrollScreenBottomToTop is PASSED

2022-02-17 20:49:12 - [MESSAGE][PASSED] - Call Test Case 'Test Cases/Mobile/Page/Portfolio/Portfolio' successfully

2022-02-17 20:49:12 - [TEST_STEP][PASSED] - callTestCase(findTestCase("Mobile/Page/Run App/Terminate App"), [:], STOP_ON_FAILURE): Call Test Case 'Test Cases/Mobile/Page/Run App/Terminate App' successfully

2022-02-17 20:49:12 - [TEST_CASE][PASSED] - Test Cases/Mobile/Page/Run App/Terminate App: Test Cases/Mobile/Page/Run App/Terminate App

2022-02-17 20:49:12 - [TEST_STEP][PASSED] - startApp.OpenApp.terminateApplication(): startApp.OpenApp.terminateApplication is PASSED

2022-02-17 20:49:15 - [MESSAGE][PASSED] - Delayed 3 second(s)

2022-02-17 20:49:16 - [MESSAGE][PASSED] - Current device physical width is 720

2022-02-17 20:49:16 - [MESSAGE][PASSED] - Current device physical height is 1423

2022-02-17 20:49:17 - [MESSAGE][PASSED] - Swiped from 360,853 to 360,142

2022-02-17 20:49:18 - [MESSAGE][PASSED] - Delayed 1 second(s)

2022-02-17 20:49:20 - [MESSAGE][PASSED] - Swiped from 360,853 to 360,142

2022-02-17 20:49:23 - [MESSAGE][PASSED] - Delayed 3 second(s)

2022-02-17 20:49:23 - [MESSAGE][PASSED] - startApp.OpenApp.terminateApplication is PASSED

2022-02-17 20:49:23 - [MESSAGE][PASSED] - Call Test Case 'Test Cases/Mobile/Page/Run App/Terminate App' successfully]]></system-out>
         <system-err><![CDATA[]]></system-err>
      </testcase>
      <testcase name="Test Cases/Mobile/Scenario/Portfolio/018 - Melihat detail mutual fund 5 year" time="70.984" classname="Test Cases/Mobile/Scenario/Portfolio/018 - Melihat detail mutual fund 5 year" status="PASSED">
         <system-out><![CDATA[2022-02-17 20:49:23 - [TEST_CASE][PASSED] - Test Cases/Mobile/Scenario/Portfolio/018 - Melihat detail mutual fund 5 year: Test Cases/Mobile/Scenario/Portfolio/018 - Melihat detail mutual fund 5 year

2022-02-17 20:49:23 - [TEST_STEP][PASSED] - callTestCase(findTestCase("Mobile/Page/Run App/Run App byID"), [:], STOP_ON_FAILURE): Call Test Case 'Test Cases/Mobile/Page/Run App/Run App byID' successfully

2022-02-17 20:49:23 - [TEST_CASE][PASSED] - Test Cases/Mobile/Page/Run App/Run App byID: Test Cases/Mobile/Page/Run App/Run App byID

2022-02-17 20:49:23 - [TEST_STEP][PASSED] - startApp.OpenApp.startApplication("id.co.miraeasset.sageclub"): startApp.OpenApp.startApplication is PASSED

2022-02-17 20:49:39 - [MESSAGE][PASSED] - Starting app with application ID: 'id.co.miraeasset.sageclub'

2022-02-17 20:49:39 - [MESSAGE][PASSED] - startApp.OpenApp.startApplication is PASSED

2022-02-17 20:49:39 - [MESSAGE][PASSED] - Call Test Case 'Test Cases/Mobile/Page/Run App/Run App byID' successfully

2022-02-17 20:49:39 - [TEST_STEP][PASSED] - callTestCase(findTestCase("Mobile/Page/Portfolio/Portfolio"), ["tab":"mutualfund", "action2":"5 year"], CONTINUE_ON_FAILURE): Call Test Case 'Test Cases/Mobile/Page/Portfolio/Portfolio' successfully

2022-02-17 20:49:39 - [TEST_CASE][PASSED] - Test Cases/Mobile/Page/Portfolio/Portfolio: Test Cases/Mobile/Page/Portfolio/Portfolio

2022-02-17 20:49:39 - [TEST_STEP][PASSED] - callTestCase(findTestCase("Mobile/Page/CheckLogin"), [:], CONTINUE_ON_FAILURE): Call Test Case 'Test Cases/Mobile/Page/CheckLogin' successfully

2022-02-17 20:49:39 - [TEST_CASE][PASSED] - Test Cases/Mobile/Page/CheckLogin: Test Cases/Mobile/Page/CheckLogin

2022-02-17 20:49:39 - [TEST_STEP][PASSED] - loginCheck = verifyElementExist(LOGN_BtnLogin, 5, CONTINUE_ON_FAILURE): Element 'Object Repository/Mobile/Page/Login/Button - Login' is exist

2022-02-17 20:49:41 - [MESSAGE][PASSED] - Element 'Object Repository/Mobile/Page/Login/Button - Login' is exist

2022-02-17 20:49:41 - [TEST_STEP][PASSED] - if (loginCheck): Call Test Case 'Test Cases/Mobile/Page/Login/Login' successfully

2022-02-17 20:49:41 - [TEST_STEP][PASSED] - callTestCase(findTestCase("Mobile/Page/Login/Login"), ["action":"username"], CONTINUE_ON_FAILURE): Call Test Case 'Test Cases/Mobile/Page/Login/Login' successfully

2022-02-17 20:49:41 - [TEST_CASE][PASSED] - Test Cases/Mobile/Page/Login/Login: Test Cases/Mobile/Page/Login/Login

2022-02-17 20:49:41 - [TEST_STEP][PASSED] - delay(2): Delayed 2 second(s)

2022-02-17 20:49:43 - [MESSAGE][PASSED] - Delayed 2 second(s)

2022-02-17 20:49:43 - [TEST_STEP][PASSED] - for ([i = 0, i < 1, (i++)]): null

2022-02-17 20:49:43 - [TEST_STEP][PASSED] - if (action == "username"): null

2022-02-17 20:49:43 - [TEST_STEP][PASSED] - tap(LOGN_EdtUserID, 0): Tapped on element 'Object Repository/Mobile/Page/Login/Input - UserID'

2022-02-17 20:49:43 - [MESSAGE][WARNING] - Timeout '0' is invalid. Using default page load timeout: '60'

2022-02-17 20:49:43 - [MESSAGE][PASSED] - Tapped on element 'Object Repository/Mobile/Page/Login/Input - UserID'

2022-02-17 20:49:43 - [TEST_STEP][PASSED] - delay(1): Delayed 1 second(s)

2022-02-17 20:49:44 - [MESSAGE][PASSED] - Delayed 1 second(s)

2022-02-17 20:49:44 - [TEST_STEP][PASSED] - setText(LOGN_EdtRdyUserID, "anggaaditya", 0): Text 'anggaaditya' has been set to element 'Object Repository/Mobile/Page/Login/Input Rdy - UserID'

2022-02-17 20:49:44 - [MESSAGE][WARNING] - Timeout '0' is invalid. Using default page load timeout: '60'

2022-02-17 20:49:45 - [MESSAGE][PASSED] - Text 'anggaaditya' has been set to element 'Object Repository/Mobile/Page/Login/Input Rdy - UserID'

2022-02-17 20:49:45 - [TEST_STEP][PASSED] - delay(1): Delayed 1 second(s)

2022-02-17 20:49:46 - [MESSAGE][PASSED] - Delayed 1 second(s)

2022-02-17 20:49:46 - [TEST_STEP][PASSED] - hideKeyboard(): Keyboard is hidden

2022-02-17 20:49:52 - [MESSAGE][PASSED] - Keyboard is hidden

2022-02-17 20:49:52 - [TEST_STEP][PASSED] - tap(LOGN_EdtPassword, 0): Tapped on element 'Object Repository/Mobile/Page/Login/Input - Password'

2022-02-17 20:49:52 - [MESSAGE][WARNING] - Timeout '0' is invalid. Using default page load timeout: '60'

2022-02-17 20:49:53 - [MESSAGE][PASSED] - Tapped on element 'Object Repository/Mobile/Page/Login/Input - Password'

2022-02-17 20:49:53 - [TEST_STEP][PASSED] - delay(1): Delayed 1 second(s)

2022-02-17 20:49:54 - [MESSAGE][PASSED] - Delayed 1 second(s)

2022-02-17 20:49:54 - [TEST_STEP][PASSED] - setText(LOGN_EdtRdyPassword, "Shalawa18", 0): Text 'Shalawa18' has been set to element 'Object Repository/Mobile/Page/Login/Input Rdy - Password'

2022-02-17 20:49:54 - [MESSAGE][WARNING] - Timeout '0' is invalid. Using default page load timeout: '60'

2022-02-17 20:49:54 - [MESSAGE][PASSED] - Text 'Shalawa18' has been set to element 'Object Repository/Mobile/Page/Login/Input Rdy - Password'

2022-02-17 20:49:54 - [TEST_STEP][PASSED] - delay(1): Delayed 1 second(s)

2022-02-17 20:49:55 - [MESSAGE][PASSED] - Delayed 1 second(s)

2022-02-17 20:49:55 - [TEST_STEP][PASSED] - hideKeyboard(): Keyboard is hidden

2022-02-17 20:50:02 - [MESSAGE][PASSED] - Keyboard is hidden

2022-02-17 20:50:02 - [TEST_STEP][PASSED] - tap(LOGN_BtnLogin, 0): Tapped on element 'Object Repository/Mobile/Page/Login/Button - Login'

2022-02-17 20:50:02 - [MESSAGE][WARNING] - Timeout '0' is invalid. Using default page load timeout: '60'

2022-02-17 20:50:03 - [MESSAGE][PASSED] - Tapped on element 'Object Repository/Mobile/Page/Login/Button - Login'

2022-02-17 20:50:03 - [TEST_STEP][PASSED] - delay(2): Delayed 2 second(s)

2022-02-17 20:50:05 - [MESSAGE][PASSED] - Delayed 2 second(s)

2022-02-17 20:50:05 - [TEST_STEP][PASSED] - break: null

2022-02-17 20:50:05 - [MESSAGE][PASSED] - Call Test Case 'Test Cases/Mobile/Page/Login/Login' successfully

2022-02-17 20:50:05 - [MESSAGE][PASSED] - Call Test Case 'Test Cases/Mobile/Page/CheckLogin' successfully

2022-02-17 20:50:05 - [TEST_STEP][PASSED] - tap(HOME_MenubarPortfolio, 0): Tapped on element 'Object Repository/Mobile/Page/Home/Menubar - Portfolio'

2022-02-17 20:50:05 - [MESSAGE][WARNING] - Timeout '0' is invalid. Using default page load timeout: '60'

2022-02-17 20:50:07 - [MESSAGE][PASSED] - Tapped on element 'Object Repository/Mobile/Page/Home/Menubar - Portfolio'

2022-02-17 20:50:07 - [TEST_STEP][PASSED] - delay(1): Delayed 1 second(s)

2022-02-17 20:50:08 - [MESSAGE][PASSED] - Delayed 1 second(s)

2022-02-17 20:50:08 - [TEST_STEP][PASSED] - for ([i = 0, i < 1, (i++)]): scroll.scroll.scrollScreenBottomToTop is PASSED

2022-02-17 20:50:08 - [TEST_STEP][PASSED] - if (tab == "summary"): null

2022-02-17 20:50:08 - [TEST_STEP][PASSED] - else if (tab == "stock"): null

2022-02-17 20:50:08 - [TEST_STEP][PASSED] - else if (tab == "mutualfund"): scroll.scroll.scrollScreenBottomToTop is PASSED

2022-02-17 20:50:08 - [TEST_STEP][PASSED] - tap(PORT_TabMutualFund, 0): Tapped on element 'Object Repository/Mobile/Page/Portfolio/Tab - Mutual Fund'

2022-02-17 20:50:08 - [MESSAGE][WARNING] - Timeout '0' is invalid. Using default page load timeout: '60'

2022-02-17 20:50:10 - [MESSAGE][PASSED] - Tapped on element 'Object Repository/Mobile/Page/Portfolio/Tab - Mutual Fund'

2022-02-17 20:50:10 - [TEST_STEP][PASSED] - delay(1): Delayed 1 second(s)

2022-02-17 20:50:11 - [MESSAGE][PASSED] - Delayed 1 second(s)

2022-02-17 20:50:11 - [TEST_STEP][PASSED] - try: scroll.scroll.scrollScreenBottomToTop is PASSED

2022-02-17 20:50:11 - [TEST_STEP][PASSED] - tapAndHold(PORT_ItemTopMutualFund, 1, 10): Tapped and held on element 'Object Repository/Mobile/Page/Portfolio/Item - Top Mutual Fund' with duration 1

2022-02-17 20:50:14 - [MESSAGE][PASSED] - Tapped and held on element 'Object Repository/Mobile/Page/Portfolio/Item - Top Mutual Fund' with duration 1

2022-02-17 20:50:14 - [TEST_STEP][PASSED] - delay(2): Delayed 2 second(s)

2022-02-17 20:50:16 - [MESSAGE][PASSED] - Delayed 2 second(s)

2022-02-17 20:50:16 - [TEST_STEP][PASSED] - switch (action2): null

2022-02-17 20:50:16 - [TEST_STEP][PASSED] - case "5 year":: null

2022-02-17 20:50:16 - [TEST_STEP][PASSED] - tapAndHold(PORT_DETL_Btn5Year, 1, 0): Tapped and held on element 'Object Repository/Mobile/Page/Portfolio/Detail Mutual Funds/Button - 5 Year' with duration 1

2022-02-17 20:50:16 - [MESSAGE][WARNING] - Timeout '0' is invalid. Using default page load timeout: '60'

2022-02-17 20:50:18 - [MESSAGE][PASSED] - Tapped and held on element 'Object Repository/Mobile/Page/Portfolio/Detail Mutual Funds/Button - 5 Year' with duration 1

2022-02-17 20:50:18 - [TEST_STEP][PASSED] - break: null

2022-02-17 20:50:18 - [TEST_STEP][PASSED] - delay(3): Delayed 3 second(s)

2022-02-17 20:50:21 - [MESSAGE][PASSED] - Delayed 3 second(s)

2022-02-17 20:50:21 - [TEST_STEP][PASSED] - scroll.scroll.scrollScreenBottomToTop(): scroll.scroll.scrollScreenBottomToTop is PASSED

2022-02-17 20:50:22 - [MESSAGE][PASSED] - Current device physical height is 1423

2022-02-17 20:50:22 - [MESSAGE][PASSED] - Current device physical width is 720

2022-02-17 20:50:23 - [MESSAGE][PASSED] - Swiped from 360,1,138 to 360,284

2022-02-17 20:50:23 - [MESSAGE][PASSED] - scroll.scroll.scrollScreenBottomToTop is PASSED

2022-02-17 20:50:23 - [MESSAGE][PASSED] - Call Test Case 'Test Cases/Mobile/Page/Portfolio/Portfolio' successfully

2022-02-17 20:50:23 - [TEST_STEP][PASSED] - callTestCase(findTestCase("Mobile/Page/Run App/Terminate App"), [:], STOP_ON_FAILURE): Call Test Case 'Test Cases/Mobile/Page/Run App/Terminate App' successfully

2022-02-17 20:50:23 - [TEST_CASE][PASSED] - Test Cases/Mobile/Page/Run App/Terminate App: Test Cases/Mobile/Page/Run App/Terminate App

2022-02-17 20:50:23 - [TEST_STEP][PASSED] - startApp.OpenApp.terminateApplication(): startApp.OpenApp.terminateApplication is PASSED

2022-02-17 20:50:26 - [MESSAGE][PASSED] - Delayed 3 second(s)

2022-02-17 20:50:27 - [MESSAGE][PASSED] - Current device physical width is 720

2022-02-17 20:50:27 - [MESSAGE][PASSED] - Current device physical height is 1423

2022-02-17 20:50:28 - [MESSAGE][PASSED] - Swiped from 360,853 to 360,142

2022-02-17 20:50:29 - [MESSAGE][PASSED] - Delayed 1 second(s)

2022-02-17 20:50:31 - [MESSAGE][PASSED] - Swiped from 360,853 to 360,142

2022-02-17 20:50:34 - [MESSAGE][PASSED] - Delayed 3 second(s)

2022-02-17 20:50:34 - [MESSAGE][PASSED] - startApp.OpenApp.terminateApplication is PASSED

2022-02-17 20:50:34 - [MESSAGE][PASSED] - Call Test Case 'Test Cases/Mobile/Page/Run App/Terminate App' successfully]]></system-out>
         <system-err><![CDATA[]]></system-err>
      </testcase>
      <testcase name="Test Cases/Mobile/Scenario/Portfolio/019 - Melihat detail mutual fund 10 year" time="70.17" classname="Test Cases/Mobile/Scenario/Portfolio/019 - Melihat detail mutual fund 10 year" status="PASSED">
         <system-out><![CDATA[2022-02-17 20:50:34 - [TEST_CASE][PASSED] - Test Cases/Mobile/Scenario/Portfolio/019 - Melihat detail mutual fund 10 year: Test Cases/Mobile/Scenario/Portfolio/019 - Melihat detail mutual fund 10 year

2022-02-17 20:50:34 - [TEST_STEP][PASSED] - callTestCase(findTestCase("Mobile/Page/Run App/Run App byID"), [:], STOP_ON_FAILURE): Call Test Case 'Test Cases/Mobile/Page/Run App/Run App byID' successfully

2022-02-17 20:50:34 - [TEST_CASE][PASSED] - Test Cases/Mobile/Page/Run App/Run App byID: Test Cases/Mobile/Page/Run App/Run App byID

2022-02-17 20:50:34 - [TEST_STEP][PASSED] - startApp.OpenApp.startApplication("id.co.miraeasset.sageclub"): startApp.OpenApp.startApplication is PASSED

2022-02-17 20:50:49 - [MESSAGE][PASSED] - Starting app with application ID: 'id.co.miraeasset.sageclub'

2022-02-17 20:50:49 - [MESSAGE][PASSED] - startApp.OpenApp.startApplication is PASSED

2022-02-17 20:50:49 - [MESSAGE][PASSED] - Call Test Case 'Test Cases/Mobile/Page/Run App/Run App byID' successfully

2022-02-17 20:50:49 - [TEST_STEP][PASSED] - callTestCase(findTestCase("Mobile/Page/Portfolio/Portfolio"), ["tab":"mutualfund", "action2":"10 year"], CONTINUE_ON_FAILURE): Call Test Case 'Test Cases/Mobile/Page/Portfolio/Portfolio' successfully

2022-02-17 20:50:49 - [TEST_CASE][PASSED] - Test Cases/Mobile/Page/Portfolio/Portfolio: Test Cases/Mobile/Page/Portfolio/Portfolio

2022-02-17 20:50:49 - [TEST_STEP][PASSED] - callTestCase(findTestCase("Mobile/Page/CheckLogin"), [:], CONTINUE_ON_FAILURE): Call Test Case 'Test Cases/Mobile/Page/CheckLogin' successfully

2022-02-17 20:50:49 - [TEST_CASE][PASSED] - Test Cases/Mobile/Page/CheckLogin: Test Cases/Mobile/Page/CheckLogin

2022-02-17 20:50:49 - [TEST_STEP][PASSED] - loginCheck = verifyElementExist(LOGN_BtnLogin, 5, CONTINUE_ON_FAILURE): Element 'Object Repository/Mobile/Page/Login/Button - Login' is exist

2022-02-17 20:50:51 - [MESSAGE][PASSED] - Element 'Object Repository/Mobile/Page/Login/Button - Login' is exist

2022-02-17 20:50:51 - [TEST_STEP][PASSED] - if (loginCheck): Call Test Case 'Test Cases/Mobile/Page/Login/Login' successfully

2022-02-17 20:50:51 - [TEST_STEP][PASSED] - callTestCase(findTestCase("Mobile/Page/Login/Login"), ["action":"username"], CONTINUE_ON_FAILURE): Call Test Case 'Test Cases/Mobile/Page/Login/Login' successfully

2022-02-17 20:50:51 - [TEST_CASE][PASSED] - Test Cases/Mobile/Page/Login/Login: Test Cases/Mobile/Page/Login/Login

2022-02-17 20:50:51 - [TEST_STEP][PASSED] - delay(2): Delayed 2 second(s)

2022-02-17 20:50:53 - [MESSAGE][PASSED] - Delayed 2 second(s)

2022-02-17 20:50:53 - [TEST_STEP][PASSED] - for ([i = 0, i < 1, (i++)]): null

2022-02-17 20:50:53 - [TEST_STEP][PASSED] - if (action == "username"): null

2022-02-17 20:50:53 - [TEST_STEP][PASSED] - tap(LOGN_EdtUserID, 0): Tapped on element 'Object Repository/Mobile/Page/Login/Input - UserID'

2022-02-17 20:50:53 - [MESSAGE][WARNING] - Timeout '0' is invalid. Using default page load timeout: '60'

2022-02-17 20:50:54 - [MESSAGE][PASSED] - Tapped on element 'Object Repository/Mobile/Page/Login/Input - UserID'

2022-02-17 20:50:54 - [TEST_STEP][PASSED] - delay(1): Delayed 1 second(s)

2022-02-17 20:50:55 - [MESSAGE][PASSED] - Delayed 1 second(s)

2022-02-17 20:50:55 - [TEST_STEP][PASSED] - setText(LOGN_EdtRdyUserID, "anggaaditya", 0): Text 'anggaaditya' has been set to element 'Object Repository/Mobile/Page/Login/Input Rdy - UserID'

2022-02-17 20:50:55 - [MESSAGE][WARNING] - Timeout '0' is invalid. Using default page load timeout: '60'

2022-02-17 20:50:55 - [MESSAGE][PASSED] - Text 'anggaaditya' has been set to element 'Object Repository/Mobile/Page/Login/Input Rdy - UserID'

2022-02-17 20:50:55 - [TEST_STEP][PASSED] - delay(1): Delayed 1 second(s)

2022-02-17 20:50:56 - [MESSAGE][PASSED] - Delayed 1 second(s)

2022-02-17 20:50:56 - [TEST_STEP][PASSED] - hideKeyboard(): Keyboard is hidden

2022-02-17 20:51:02 - [MESSAGE][PASSED] - Keyboard is hidden

2022-02-17 20:51:02 - [TEST_STEP][PASSED] - tap(LOGN_EdtPassword, 0): Tapped on element 'Object Repository/Mobile/Page/Login/Input - Password'

2022-02-17 20:51:02 - [MESSAGE][WARNING] - Timeout '0' is invalid. Using default page load timeout: '60'

2022-02-17 20:51:03 - [MESSAGE][PASSED] - Tapped on element 'Object Repository/Mobile/Page/Login/Input - Password'

2022-02-17 20:51:03 - [TEST_STEP][PASSED] - delay(1): Delayed 1 second(s)

2022-02-17 20:51:04 - [MESSAGE][PASSED] - Delayed 1 second(s)

2022-02-17 20:51:04 - [TEST_STEP][PASSED] - setText(LOGN_EdtRdyPassword, "Shalawa18", 0): Text 'Shalawa18' has been set to element 'Object Repository/Mobile/Page/Login/Input Rdy - Password'

2022-02-17 20:51:04 - [MESSAGE][WARNING] - Timeout '0' is invalid. Using default page load timeout: '60'

2022-02-17 20:51:04 - [MESSAGE][PASSED] - Text 'Shalawa18' has been set to element 'Object Repository/Mobile/Page/Login/Input Rdy - Password'

2022-02-17 20:51:04 - [TEST_STEP][PASSED] - delay(1): Delayed 1 second(s)

2022-02-17 20:51:05 - [MESSAGE][PASSED] - Delayed 1 second(s)

2022-02-17 20:51:05 - [TEST_STEP][PASSED] - hideKeyboard(): Keyboard is hidden

2022-02-17 20:51:12 - [MESSAGE][PASSED] - Keyboard is hidden

2022-02-17 20:51:12 - [TEST_STEP][PASSED] - tap(LOGN_BtnLogin, 0): Tapped on element 'Object Repository/Mobile/Page/Login/Button - Login'

2022-02-17 20:51:12 - [MESSAGE][WARNING] - Timeout '0' is invalid. Using default page load timeout: '60'

2022-02-17 20:51:13 - [MESSAGE][PASSED] - Tapped on element 'Object Repository/Mobile/Page/Login/Button - Login'

2022-02-17 20:51:13 - [TEST_STEP][PASSED] - delay(2): Delayed 2 second(s)

2022-02-17 20:51:15 - [MESSAGE][PASSED] - Delayed 2 second(s)

2022-02-17 20:51:15 - [TEST_STEP][PASSED] - break: null

2022-02-17 20:51:15 - [MESSAGE][PASSED] - Call Test Case 'Test Cases/Mobile/Page/Login/Login' successfully

2022-02-17 20:51:15 - [MESSAGE][PASSED] - Call Test Case 'Test Cases/Mobile/Page/CheckLogin' successfully

2022-02-17 20:51:15 - [TEST_STEP][PASSED] - tap(HOME_MenubarPortfolio, 0): Tapped on element 'Object Repository/Mobile/Page/Home/Menubar - Portfolio'

2022-02-17 20:51:15 - [MESSAGE][WARNING] - Timeout '0' is invalid. Using default page load timeout: '60'

2022-02-17 20:51:17 - [MESSAGE][PASSED] - Tapped on element 'Object Repository/Mobile/Page/Home/Menubar - Portfolio'

2022-02-17 20:51:17 - [TEST_STEP][PASSED] - delay(1): Delayed 1 second(s)

2022-02-17 20:51:18 - [MESSAGE][PASSED] - Delayed 1 second(s)

2022-02-17 20:51:18 - [TEST_STEP][PASSED] - for ([i = 0, i < 1, (i++)]): scroll.scroll.scrollScreenBottomToTop is PASSED

2022-02-17 20:51:18 - [TEST_STEP][PASSED] - if (tab == "summary"): null

2022-02-17 20:51:18 - [TEST_STEP][PASSED] - else if (tab == "stock"): null

2022-02-17 20:51:18 - [TEST_STEP][PASSED] - else if (tab == "mutualfund"): scroll.scroll.scrollScreenBottomToTop is PASSED

2022-02-17 20:51:18 - [TEST_STEP][PASSED] - tap(PORT_TabMutualFund, 0): Tapped on element 'Object Repository/Mobile/Page/Portfolio/Tab - Mutual Fund'

2022-02-17 20:51:18 - [MESSAGE][WARNING] - Timeout '0' is invalid. Using default page load timeout: '60'

2022-02-17 20:51:19 - [MESSAGE][PASSED] - Tapped on element 'Object Repository/Mobile/Page/Portfolio/Tab - Mutual Fund'

2022-02-17 20:51:19 - [TEST_STEP][PASSED] - delay(1): Delayed 1 second(s)

2022-02-17 20:51:20 - [MESSAGE][PASSED] - Delayed 1 second(s)

2022-02-17 20:51:20 - [TEST_STEP][PASSED] - try: scroll.scroll.scrollScreenBottomToTop is PASSED

2022-02-17 20:51:20 - [TEST_STEP][PASSED] - tapAndHold(PORT_ItemTopMutualFund, 1, 10): Tapped and held on element 'Object Repository/Mobile/Page/Portfolio/Item - Top Mutual Fund' with duration 1

2022-02-17 20:51:23 - [MESSAGE][PASSED] - Tapped and held on element 'Object Repository/Mobile/Page/Portfolio/Item - Top Mutual Fund' with duration 1

2022-02-17 20:51:23 - [TEST_STEP][PASSED] - delay(2): Delayed 2 second(s)

2022-02-17 20:51:25 - [MESSAGE][PASSED] - Delayed 2 second(s)

2022-02-17 20:51:25 - [TEST_STEP][PASSED] - switch (action2): null

2022-02-17 20:51:25 - [TEST_STEP][PASSED] - case "10 year":: null

2022-02-17 20:51:25 - [TEST_STEP][PASSED] - tapAndHold(PORT_DETL_Btn10Year, 1, 0): Tapped and held on element 'Object Repository/Mobile/Page/Portfolio/Detail Mutual Funds/Button - 10 Year' with duration 1

2022-02-17 20:51:25 - [MESSAGE][WARNING] - Timeout '0' is invalid. Using default page load timeout: '60'

2022-02-17 20:51:28 - [MESSAGE][PASSED] - Tapped and held on element 'Object Repository/Mobile/Page/Portfolio/Detail Mutual Funds/Button - 10 Year' with duration 1

2022-02-17 20:51:28 - [TEST_STEP][PASSED] - break: null

2022-02-17 20:51:28 - [TEST_STEP][PASSED] - delay(3): Delayed 3 second(s)

2022-02-17 20:51:31 - [MESSAGE][PASSED] - Delayed 3 second(s)

2022-02-17 20:51:31 - [TEST_STEP][PASSED] - scroll.scroll.scrollScreenBottomToTop(): scroll.scroll.scrollScreenBottomToTop is PASSED

2022-02-17 20:51:32 - [MESSAGE][PASSED] - Current device physical height is 1423

2022-02-17 20:51:32 - [MESSAGE][PASSED] - Current device physical width is 720

2022-02-17 20:51:33 - [MESSAGE][PASSED] - Swiped from 360,1,138 to 360,284

2022-02-17 20:51:33 - [MESSAGE][PASSED] - scroll.scroll.scrollScreenBottomToTop is PASSED

2022-02-17 20:51:33 - [MESSAGE][PASSED] - Call Test Case 'Test Cases/Mobile/Page/Portfolio/Portfolio' successfully

2022-02-17 20:51:33 - [TEST_STEP][PASSED] - callTestCase(findTestCase("Mobile/Page/Run App/Terminate App"), [:], STOP_ON_FAILURE): Call Test Case 'Test Cases/Mobile/Page/Run App/Terminate App' successfully

2022-02-17 20:51:33 - [TEST_CASE][PASSED] - Test Cases/Mobile/Page/Run App/Terminate App: Test Cases/Mobile/Page/Run App/Terminate App

2022-02-17 20:51:33 - [TEST_STEP][PASSED] - startApp.OpenApp.terminateApplication(): startApp.OpenApp.terminateApplication is PASSED

2022-02-17 20:51:36 - [MESSAGE][PASSED] - Delayed 3 second(s)

2022-02-17 20:51:37 - [MESSAGE][PASSED] - Current device physical width is 720

2022-02-17 20:51:37 - [MESSAGE][PASSED] - Current device physical height is 1423

2022-02-17 20:51:38 - [MESSAGE][PASSED] - Swiped from 360,853 to 360,142

2022-02-17 20:51:39 - [MESSAGE][PASSED] - Delayed 1 second(s)

2022-02-17 20:51:41 - [MESSAGE][PASSED] - Swiped from 360,853 to 360,142

2022-02-17 20:51:44 - [MESSAGE][PASSED] - Delayed 3 second(s)

2022-02-17 20:51:44 - [MESSAGE][PASSED] - startApp.OpenApp.terminateApplication is PASSED

2022-02-17 20:51:44 - [MESSAGE][PASSED] - Call Test Case 'Test Cases/Mobile/Page/Run App/Terminate App' successfully]]></system-out>
         <system-err><![CDATA[]]></system-err>
      </testcase>
      <system-out><![CDATA[2022-02-17 20:26:59 - [TEST_SUITE][PASSED] - portfolio: Test Cases/Mobile/Scenario/Portfolio/019 - Melihat detail mutual fund 10 year]]></system-out>
      <system-err><![CDATA[]]></system-err>
   </testsuite>
</testsuites>
