<?xml version="1.0" encoding="UTF-8"?>
<testsuites name="news" time="372.839" tests="5" failures="0" skips="0" errors="0">
   <testsuite name="news" tests="5" failures="0" errors="0" time="372.839" skips="0" timestamp="2022-01-25 09:30:19" hostname="Owner - aldy-tft" id="Test Suites/news">
      <properties>
         <property name="deviceName" value="samsung SM-A205F (Android 11)"/>
         <property name="devicePlatform" value=""/>
         <property name="logFolder" value="C:\\Users\\Owner\\Documents\\kerjaan\\KatalonProject\\qa_katalon_pwm\\qa_katalon_pwm\\Reports\\20220125_085851\\news\\20220125_085908"/>
         <property name="logFiles" value="C:\\Users\\Owner\\Documents\\kerjaan\\KatalonProject\\qa_katalon_pwm\\qa_katalon_pwm\\Reports\\20220125_085851\\news\\20220125_085908\\appium.log, C:\\Users\\Owner\\Documents\\kerjaan\\KatalonProject\\qa_katalon_pwm\\qa_katalon_pwm\\Reports\\20220125_085851\\news\\20220125_085908\\execution0.log"/>
         <property name="attachments" value=""/>
         <property name="hostName" value="Owner - aldy-tft"/>
         <property name="os" value="Windows 10 64bit"/>
         <property name="appiumServerStatus" value="{&quot;value&quot;:{&quot;build&quot;:{&quot;version&quot;:&quot;1.22.0&quot;}},&quot;sessionId&quot;:null,&quot;status&quot;:0}"/>
         <property name="katalonVersion" value="7.9.1.208"/>
         <property name="deviceOS" value="Android"/>
         <property name="appiumVersion" value="1.22.0"/>
         <property name="deviceModel" value="SM-A205F"/>
         <property name="hostAddress" value="192.168.18.37"/>
         <property name="deviceManufacturer" value="samsung"/>
         <property name="deviceId" value="RR8M40C9AXE"/>
         <property name="deviceName" value="samsung SM-A205F (Android 11)"/>
         <property name="deviceOSVersion" value="11"/>
      </properties>
      <testcase name="Test Cases/Mobile/Scenario/News/001 - News World Indices" time="97.205" classname="Test Cases/Mobile/Scenario/News/001 - News World Indices" status="PASSED">
         <system-out><![CDATA[2022-01-25 09:30:19 - [TEST_CASE][PASSED] - Test Cases/Mobile/Scenario/News/001 - News World Indices: Test Cases/Mobile/Scenario/News/001 - News World Indices

2022-01-25 09:30:20 - [TEST_STEP][PASSED] - callTestCase(findTestCase("Mobile/Page/Run App/Run App byID"), [:], STOP_ON_FAILURE): Call Test Case 'Test Cases/Mobile/Page/Run App/Run App byID' successfully

2022-01-25 09:30:20 - [TEST_CASE][PASSED] - Test Cases/Mobile/Page/Run App/Run App byID: Test Cases/Mobile/Page/Run App/Run App byID

2022-01-25 09:30:20 - [TEST_STEP][PASSED] - startApp.OpenApp.startApplication("id.co.miraeasset.sageclub"): startApp.OpenApp.startApplication is PASSED

2022-01-25 09:30:22 - [MESSAGE][INFO] - Appium server started on port 55,620

2022-01-25 09:30:39 - [MESSAGE][PASSED] - Starting app with application ID: 'id.co.miraeasset.sageclub'

2022-01-25 09:30:39 - [MESSAGE][PASSED] - startApp.OpenApp.startApplication is PASSED

2022-01-25 09:30:39 - [MESSAGE][PASSED] - Call Test Case 'Test Cases/Mobile/Page/Run App/Run App byID' successfully

2022-01-25 09:30:39 - [TEST_STEP][PASSED] - callTestCase(findTestCase("Mobile/Page/News/News"), ["tab":"worldindices"], CONTINUE_ON_FAILURE): Call Test Case 'Test Cases/Mobile/Page/News/News' successfully

2022-01-25 09:30:39 - [TEST_CASE][PASSED] - Test Cases/Mobile/Page/News/News: Test Cases/Mobile/Page/News/News

2022-01-25 09:30:40 - [TEST_STEP][PASSED] - callTestCase(findTestCase("Mobile/Page/CheckLogin"), [:], CONTINUE_ON_FAILURE): Call Test Case 'Test Cases/Mobile/Page/CheckLogin' successfully

2022-01-25 09:30:40 - [TEST_CASE][PASSED] - Test Cases/Mobile/Page/CheckLogin: Test Cases/Mobile/Page/CheckLogin

2022-01-25 09:30:41 - [TEST_STEP][PASSED] - loginCheck = verifyElementExist(LOGN_BtnLogin, 5, CONTINUE_ON_FAILURE): Element 'Object Repository/Mobile/Page/Login/Button - Login' is exist

2022-01-25 09:31:01 - [MESSAGE][PASSED] - Element 'Object Repository/Mobile/Page/Login/Button - Login' is exist

2022-01-25 09:31:01 - [TEST_STEP][PASSED] - if (loginCheck): Call Test Case 'Test Cases/Mobile/Page/Login/Login' successfully

2022-01-25 09:31:01 - [TEST_STEP][PASSED] - callTestCase(findTestCase("Mobile/Page/Login/Login"), ["action":"username"], CONTINUE_ON_FAILURE): Call Test Case 'Test Cases/Mobile/Page/Login/Login' successfully

2022-01-25 09:31:02 - [TEST_CASE][PASSED] - Test Cases/Mobile/Page/Login/Login: Test Cases/Mobile/Page/Login/Login

2022-01-25 09:31:02 - [TEST_STEP][PASSED] - delay(2): Delayed 2 second(s)

2022-01-25 09:31:04 - [MESSAGE][PASSED] - Delayed 2 second(s)

2022-01-25 09:31:04 - [TEST_STEP][PASSED] - for ([i = 0, i < 1, (i++)]): null

2022-01-25 09:31:04 - [TEST_STEP][PASSED] - if (action == "username"): null

2022-01-25 09:31:04 - [TEST_STEP][PASSED] - tap(LOGN_EdtUserID, 0): Tapped on element 'Object Repository/Mobile/Page/Login/Input - UserID'

2022-01-25 09:31:04 - [MESSAGE][WARNING] - Timeout '0' is invalid. Using default page load timeout: '60'

2022-01-25 09:31:04 - [MESSAGE][PASSED] - Tapped on element 'Object Repository/Mobile/Page/Login/Input - UserID'

2022-01-25 09:31:04 - [TEST_STEP][PASSED] - delay(1): Delayed 1 second(s)

2022-01-25 09:31:05 - [MESSAGE][PASSED] - Delayed 1 second(s)

2022-01-25 09:31:05 - [TEST_STEP][PASSED] - setText(LOGN_EdtRdyUserID, "anggaaditya", 0): Text 'anggaaditya' has been set to element 'Object Repository/Mobile/Page/Login/Input Rdy - UserID'

2022-01-25 09:31:05 - [MESSAGE][WARNING] - Timeout '0' is invalid. Using default page load timeout: '60'

2022-01-25 09:31:06 - [MESSAGE][PASSED] - Text 'anggaaditya' has been set to element 'Object Repository/Mobile/Page/Login/Input Rdy - UserID'

2022-01-25 09:31:06 - [TEST_STEP][PASSED] - delay(1): Delayed 1 second(s)

2022-01-25 09:31:07 - [MESSAGE][PASSED] - Delayed 1 second(s)

2022-01-25 09:31:07 - [TEST_STEP][PASSED] - hideKeyboard(): Keyboard is hidden

2022-01-25 09:31:11 - [MESSAGE][PASSED] - Keyboard is hidden

2022-01-25 09:31:11 - [TEST_STEP][PASSED] - tap(LOGN_EdtPassword, 0): Tapped on element 'Object Repository/Mobile/Page/Login/Input - Password'

2022-01-25 09:31:11 - [MESSAGE][WARNING] - Timeout '0' is invalid. Using default page load timeout: '60'

2022-01-25 09:31:12 - [MESSAGE][PASSED] - Tapped on element 'Object Repository/Mobile/Page/Login/Input - Password'

2022-01-25 09:31:12 - [TEST_STEP][PASSED] - delay(1): Delayed 1 second(s)

2022-01-25 09:31:13 - [MESSAGE][PASSED] - Delayed 1 second(s)

2022-01-25 09:31:13 - [TEST_STEP][PASSED] - setText(LOGN_EdtRdyPassword, "Shalawa18", 0): Text 'Shalawa18' has been set to element 'Object Repository/Mobile/Page/Login/Input Rdy - Password'

2022-01-25 09:31:13 - [MESSAGE][WARNING] - Timeout '0' is invalid. Using default page load timeout: '60'

2022-01-25 09:31:13 - [MESSAGE][PASSED] - Text 'Shalawa18' has been set to element 'Object Repository/Mobile/Page/Login/Input Rdy - Password'

2022-01-25 09:31:13 - [TEST_STEP][PASSED] - delay(1): Delayed 1 second(s)

2022-01-25 09:31:14 - [MESSAGE][PASSED] - Delayed 1 second(s)

2022-01-25 09:31:14 - [TEST_STEP][PASSED] - hideKeyboard(): Keyboard is hidden

2022-01-25 09:31:21 - [MESSAGE][PASSED] - Keyboard is hidden

2022-01-25 09:31:21 - [TEST_STEP][PASSED] - tap(LOGN_BtnLogin, 0): Tapped on element 'Object Repository/Mobile/Page/Login/Button - Login'

2022-01-25 09:31:21 - [MESSAGE][WARNING] - Timeout '0' is invalid. Using default page load timeout: '60'

2022-01-25 09:31:22 - [MESSAGE][PASSED] - Tapped on element 'Object Repository/Mobile/Page/Login/Button - Login'

2022-01-25 09:31:22 - [TEST_STEP][PASSED] - delay(2): Delayed 2 second(s)

2022-01-25 09:31:24 - [MESSAGE][PASSED] - Delayed 2 second(s)

2022-01-25 09:31:24 - [TEST_STEP][PASSED] - break: null

2022-01-25 09:31:24 - [MESSAGE][PASSED] - Call Test Case 'Test Cases/Mobile/Page/Login/Login' successfully

2022-01-25 09:31:24 - [MESSAGE][PASSED] - Call Test Case 'Test Cases/Mobile/Page/CheckLogin' successfully

2022-01-25 09:31:24 - [TEST_STEP][PASSED] - tap(HOME_MenubarNews, 0): Tapped on element 'Object Repository/Mobile/Page/Home/Menubar - News'

2022-01-25 09:31:24 - [MESSAGE][WARNING] - Timeout '0' is invalid. Using default page load timeout: '60'

2022-01-25 09:31:26 - [MESSAGE][PASSED] - Tapped on element 'Object Repository/Mobile/Page/Home/Menubar - News'

2022-01-25 09:31:26 - [TEST_STEP][PASSED] - delay(1): Delayed 1 second(s)

2022-01-25 09:31:27 - [MESSAGE][PASSED] - Delayed 1 second(s)

2022-01-25 09:31:27 - [TEST_STEP][PASSED] - for ([i = 0, i < 1, (i++)]): null

2022-01-25 09:31:27 - [TEST_STEP][PASSED] - if (tab == "macronews"): null

2022-01-25 09:31:27 - [TEST_STEP][PASSED] - else if (tab == "stocknews"): null

2022-01-25 09:31:27 - [TEST_STEP][PASSED] - else if (tab == "fundnews"): null

2022-01-25 09:31:27 - [TEST_STEP][PASSED] - else if (tab == "bondnews"): null

2022-01-25 09:31:27 - [TEST_STEP][PASSED] - else if (tab == "worldindices"): Delayed 3 second(s)

2022-01-25 09:31:27 - [TEST_STEP][PASSED] - scroll.scroll.scrollScreenRightToLeft(NEWS_TabMacro): scroll.scroll.scrollScreenRightToLeft is PASSED

2022-01-25 09:31:27 - [MESSAGE][WARNING] - Timeout '0' is invalid. Using default page load timeout: '60'

2022-01-25 09:31:27 - [MESSAGE][PASSED] - Object 'Object Repository/Mobile/Page/News/Tab - Macro' has left position '14'

2022-01-25 09:31:27 - [MESSAGE][WARNING] - Timeout '0' is invalid. Using default page load timeout: '60'

2022-01-25 09:31:28 - [MESSAGE][PASSED] - Object 'Object Repository/Mobile/Page/News/Tab - Macro' has top position '262'

2022-01-25 09:31:28 - [MESSAGE][WARNING] - Timeout '0' is invalid. Using default page load timeout: '60'

2022-01-25 09:31:28 - [MESSAGE][PASSED] - Object 'Object Repository/Mobile/Page/News/Tab - Macro' has width: '215'

2022-01-25 09:31:28 - [MESSAGE][WARNING] - Timeout '0' is invalid. Using default page load timeout: '60'

2022-01-25 09:31:28 - [MESSAGE][PASSED] - Object 'Object Repository/Mobile/Page/News/Tab - Macro' has height: '84'

2022-01-25 09:31:28 - [MESSAGE][PASSED] - Current device physical width is 720

2022-01-25 09:31:29 - [MESSAGE][PASSED] - Swiped from 620,304 to 100,304

2022-01-25 09:31:29 - [MESSAGE][PASSED] - scroll.scroll.scrollScreenRightToLeft is PASSED

2022-01-25 09:31:29 - [TEST_STEP][PASSED] - delay(1): Delayed 1 second(s)

2022-01-25 09:31:30 - [MESSAGE][PASSED] - Delayed 1 second(s)

2022-01-25 09:31:30 - [TEST_STEP][PASSED] - tap(NEWS_TabWorldIndices, 0): Tapped on element 'Object Repository/Mobile/Page/News/Tab - World Indices'

2022-01-25 09:31:30 - [MESSAGE][WARNING] - Timeout '0' is invalid. Using default page load timeout: '60'

2022-01-25 09:31:32 - [MESSAGE][PASSED] - Tapped on element 'Object Repository/Mobile/Page/News/Tab - World Indices'

2022-01-25 09:31:32 - [TEST_STEP][PASSED] - delay(1): Delayed 1 second(s)

2022-01-25 09:31:33 - [MESSAGE][PASSED] - Delayed 1 second(s)

2022-01-25 09:31:33 - [TEST_STEP][PASSED] - tap(NEWS_BtnIndices, 0): Tapped on element 'Object Repository/Mobile/Page/News/Button - Indices'

2022-01-25 09:31:33 - [MESSAGE][WARNING] - Timeout '0' is invalid. Using default page load timeout: '60'

2022-01-25 09:31:34 - [MESSAGE][PASSED] - Tapped on element 'Object Repository/Mobile/Page/News/Button - Indices'

2022-01-25 09:31:34 - [TEST_STEP][PASSED] - delay(3): Delayed 3 second(s)

2022-01-25 09:31:37 - [MESSAGE][PASSED] - Delayed 3 second(s)

2022-01-25 09:31:37 - [TEST_STEP][PASSED] - tap(NEWS_BtnCurrencies, 0): Tapped on element 'Object Repository/Mobile/Page/News/Button - Currencies'

2022-01-25 09:31:37 - [MESSAGE][WARNING] - Timeout '0' is invalid. Using default page load timeout: '60'

2022-01-25 09:31:38 - [MESSAGE][PASSED] - Tapped on element 'Object Repository/Mobile/Page/News/Button - Currencies'

2022-01-25 09:31:38 - [TEST_STEP][PASSED] - delay(3): Delayed 3 second(s)

2022-01-25 09:31:41 - [MESSAGE][PASSED] - Delayed 3 second(s)

2022-01-25 09:31:41 - [TEST_STEP][PASSED] - tap(NEWS_BtnCommodities, 0): Tapped on element 'Object Repository/Mobile/Page/News/Button - Commodities'

2022-01-25 09:31:41 - [MESSAGE][WARNING] - Timeout '0' is invalid. Using default page load timeout: '60'

2022-01-25 09:31:42 - [MESSAGE][PASSED] - Tapped on element 'Object Repository/Mobile/Page/News/Button - Commodities'

2022-01-25 09:31:42 - [TEST_STEP][PASSED] - delay(3): Delayed 3 second(s)

2022-01-25 09:31:45 - [MESSAGE][PASSED] - Delayed 3 second(s)

2022-01-25 09:31:45 - [TEST_STEP][PASSED] - delay(1): Delayed 1 second(s)

2022-01-25 09:31:46 - [MESSAGE][PASSED] - Delayed 1 second(s)

2022-01-25 09:31:46 - [TEST_STEP][PASSED] - if (tab != "worldindices"): null

2022-01-25 09:31:46 - [MESSAGE][PASSED] - Call Test Case 'Test Cases/Mobile/Page/News/News' successfully

2022-01-25 09:31:46 - [TEST_STEP][PASSED] - callTestCase(findTestCase("Mobile/Page/Run App/Terminate App"), [:], STOP_ON_FAILURE): Call Test Case 'Test Cases/Mobile/Page/Run App/Terminate App' successfully

2022-01-25 09:31:46 - [TEST_CASE][PASSED] - Test Cases/Mobile/Page/Run App/Terminate App: Test Cases/Mobile/Page/Run App/Terminate App

2022-01-25 09:31:46 - [TEST_STEP][PASSED] - startApp.OpenApp.terminateApplication(): startApp.OpenApp.terminateApplication is PASSED

2022-01-25 09:31:49 - [MESSAGE][PASSED] - Delayed 3 second(s)

2022-01-25 09:31:50 - [MESSAGE][PASSED] - Current device physical width is 720

2022-01-25 09:31:50 - [MESSAGE][PASSED] - Current device physical height is 1423

2022-01-25 09:31:51 - [MESSAGE][PASSED] - Swiped from 360,853 to 360,142

2022-01-25 09:31:52 - [MESSAGE][PASSED] - Delayed 1 second(s)

2022-01-25 09:31:53 - [MESSAGE][PASSED] - Swiped from 360,853 to 360,142

2022-01-25 09:31:56 - [MESSAGE][PASSED] - Delayed 3 second(s)

2022-01-25 09:31:56 - [MESSAGE][PASSED] - startApp.OpenApp.terminateApplication is PASSED

2022-01-25 09:31:56 - [MESSAGE][PASSED] - Call Test Case 'Test Cases/Mobile/Page/Run App/Terminate App' successfully]]></system-out>
         <system-err><![CDATA[]]></system-err>
      </testcase>
      <testcase name="Test Cases/Mobile/Scenario/News/002 - News Stock" time="65.682" classname="Test Cases/Mobile/Scenario/News/002 - News Stock" status="PASSED">
         <system-out><![CDATA[2022-01-25 09:31:56 - [TEST_CASE][PASSED] - Test Cases/Mobile/Scenario/News/002 - News Stock: Test Cases/Mobile/Scenario/News/002 - News Stock

2022-01-25 09:31:57 - [TEST_STEP][PASSED] - callTestCase(findTestCase("Mobile/Page/Run App/Run App byID"), [:], STOP_ON_FAILURE): Call Test Case 'Test Cases/Mobile/Page/Run App/Run App byID' successfully

2022-01-25 09:31:57 - [TEST_CASE][PASSED] - Test Cases/Mobile/Page/Run App/Run App byID: Test Cases/Mobile/Page/Run App/Run App byID

2022-01-25 09:31:57 - [TEST_STEP][PASSED] - startApp.OpenApp.startApplication("id.co.miraeasset.sageclub"): startApp.OpenApp.startApplication is PASSED

2022-01-25 09:32:11 - [MESSAGE][PASSED] - Starting app with application ID: 'id.co.miraeasset.sageclub'

2022-01-25 09:32:11 - [MESSAGE][PASSED] - startApp.OpenApp.startApplication is PASSED

2022-01-25 09:32:11 - [MESSAGE][PASSED] - Call Test Case 'Test Cases/Mobile/Page/Run App/Run App byID' successfully

2022-01-25 09:32:11 - [TEST_STEP][PASSED] - callTestCase(findTestCase("Mobile/Page/News/News"), ["tab":"stocknews"], CONTINUE_ON_FAILURE): Call Test Case 'Test Cases/Mobile/Page/News/News' successfully

2022-01-25 09:32:11 - [TEST_CASE][PASSED] - Test Cases/Mobile/Page/News/News: Test Cases/Mobile/Page/News/News

2022-01-25 09:32:11 - [TEST_STEP][PASSED] - callTestCase(findTestCase("Mobile/Page/CheckLogin"), [:], CONTINUE_ON_FAILURE): Call Test Case 'Test Cases/Mobile/Page/CheckLogin' successfully

2022-01-25 09:32:11 - [TEST_CASE][PASSED] - Test Cases/Mobile/Page/CheckLogin: Test Cases/Mobile/Page/CheckLogin

2022-01-25 09:32:11 - [TEST_STEP][PASSED] - loginCheck = verifyElementExist(LOGN_BtnLogin, 5, CONTINUE_ON_FAILURE): Element 'Object Repository/Mobile/Page/Login/Button - Login' is exist

2022-01-25 09:32:13 - [MESSAGE][PASSED] - Element 'Object Repository/Mobile/Page/Login/Button - Login' is exist

2022-01-25 09:32:13 - [TEST_STEP][PASSED] - if (loginCheck): Call Test Case 'Test Cases/Mobile/Page/Login/Login' successfully

2022-01-25 09:32:13 - [TEST_STEP][PASSED] - callTestCase(findTestCase("Mobile/Page/Login/Login"), ["action":"username"], CONTINUE_ON_FAILURE): Call Test Case 'Test Cases/Mobile/Page/Login/Login' successfully

2022-01-25 09:32:13 - [TEST_CASE][PASSED] - Test Cases/Mobile/Page/Login/Login: Test Cases/Mobile/Page/Login/Login

2022-01-25 09:32:13 - [TEST_STEP][PASSED] - delay(2): Delayed 2 second(s)

2022-01-25 09:32:15 - [MESSAGE][PASSED] - Delayed 2 second(s)

2022-01-25 09:32:15 - [TEST_STEP][PASSED] - for ([i = 0, i < 1, (i++)]): null

2022-01-25 09:32:15 - [TEST_STEP][PASSED] - if (action == "username"): null

2022-01-25 09:32:15 - [TEST_STEP][PASSED] - tap(LOGN_EdtUserID, 0): Tapped on element 'Object Repository/Mobile/Page/Login/Input - UserID'

2022-01-25 09:32:15 - [MESSAGE][WARNING] - Timeout '0' is invalid. Using default page load timeout: '60'

2022-01-25 09:32:16 - [MESSAGE][PASSED] - Tapped on element 'Object Repository/Mobile/Page/Login/Input - UserID'

2022-01-25 09:32:16 - [TEST_STEP][PASSED] - delay(1): Delayed 1 second(s)

2022-01-25 09:32:17 - [MESSAGE][PASSED] - Delayed 1 second(s)

2022-01-25 09:32:17 - [TEST_STEP][PASSED] - setText(LOGN_EdtRdyUserID, "anggaaditya", 0): Text 'anggaaditya' has been set to element 'Object Repository/Mobile/Page/Login/Input Rdy - UserID'

2022-01-25 09:32:17 - [MESSAGE][WARNING] - Timeout '0' is invalid. Using default page load timeout: '60'

2022-01-25 09:32:18 - [MESSAGE][PASSED] - Text 'anggaaditya' has been set to element 'Object Repository/Mobile/Page/Login/Input Rdy - UserID'

2022-01-25 09:32:18 - [TEST_STEP][PASSED] - delay(1): Delayed 1 second(s)

2022-01-25 09:32:19 - [MESSAGE][PASSED] - Delayed 1 second(s)

2022-01-25 09:32:19 - [TEST_STEP][PASSED] - hideKeyboard(): Keyboard is hidden

2022-01-25 09:32:25 - [MESSAGE][PASSED] - Keyboard is hidden

2022-01-25 09:32:25 - [TEST_STEP][PASSED] - tap(LOGN_EdtPassword, 0): Tapped on element 'Object Repository/Mobile/Page/Login/Input - Password'

2022-01-25 09:32:25 - [MESSAGE][WARNING] - Timeout '0' is invalid. Using default page load timeout: '60'

2022-01-25 09:32:25 - [MESSAGE][PASSED] - Tapped on element 'Object Repository/Mobile/Page/Login/Input - Password'

2022-01-25 09:32:25 - [TEST_STEP][PASSED] - delay(1): Delayed 1 second(s)

2022-01-25 09:32:26 - [MESSAGE][PASSED] - Delayed 1 second(s)

2022-01-25 09:32:26 - [TEST_STEP][PASSED] - setText(LOGN_EdtRdyPassword, "Shalawa18", 0): Text 'Shalawa18' has been set to element 'Object Repository/Mobile/Page/Login/Input Rdy - Password'

2022-01-25 09:32:26 - [MESSAGE][WARNING] - Timeout '0' is invalid. Using default page load timeout: '60'

2022-01-25 09:32:27 - [MESSAGE][PASSED] - Text 'Shalawa18' has been set to element 'Object Repository/Mobile/Page/Login/Input Rdy - Password'

2022-01-25 09:32:27 - [TEST_STEP][PASSED] - delay(1): Delayed 1 second(s)

2022-01-25 09:32:28 - [MESSAGE][PASSED] - Delayed 1 second(s)

2022-01-25 09:32:28 - [TEST_STEP][PASSED] - hideKeyboard(): Keyboard is hidden

2022-01-25 09:32:35 - [MESSAGE][PASSED] - Keyboard is hidden

2022-01-25 09:32:35 - [TEST_STEP][PASSED] - tap(LOGN_BtnLogin, 0): Tapped on element 'Object Repository/Mobile/Page/Login/Button - Login'

2022-01-25 09:32:35 - [MESSAGE][WARNING] - Timeout '0' is invalid. Using default page load timeout: '60'

2022-01-25 09:32:36 - [MESSAGE][PASSED] - Tapped on element 'Object Repository/Mobile/Page/Login/Button - Login'

2022-01-25 09:32:36 - [TEST_STEP][PASSED] - delay(2): Delayed 2 second(s)

2022-01-25 09:32:38 - [MESSAGE][PASSED] - Delayed 2 second(s)

2022-01-25 09:32:38 - [TEST_STEP][PASSED] - break: null

2022-01-25 09:32:38 - [MESSAGE][PASSED] - Call Test Case 'Test Cases/Mobile/Page/Login/Login' successfully

2022-01-25 09:32:38 - [MESSAGE][PASSED] - Call Test Case 'Test Cases/Mobile/Page/CheckLogin' successfully

2022-01-25 09:32:38 - [TEST_STEP][PASSED] - tap(HOME_MenubarNews, 0): Tapped on element 'Object Repository/Mobile/Page/Home/Menubar - News'

2022-01-25 09:32:38 - [MESSAGE][WARNING] - Timeout '0' is invalid. Using default page load timeout: '60'

2022-01-25 09:32:39 - [MESSAGE][PASSED] - Tapped on element 'Object Repository/Mobile/Page/Home/Menubar - News'

2022-01-25 09:32:39 - [TEST_STEP][PASSED] - delay(1): Delayed 1 second(s)

2022-01-25 09:32:40 - [MESSAGE][PASSED] - Delayed 1 second(s)

2022-01-25 09:32:40 - [TEST_STEP][PASSED] - for ([i = 0, i < 1, (i++)]): Delayed 3 second(s)

2022-01-25 09:32:40 - [TEST_STEP][PASSED] - if (tab == "macronews"): null

2022-01-25 09:32:40 - [TEST_STEP][PASSED] - else if (tab == "stocknews"): Tapped on element 'Object Repository/Mobile/Page/News/Tab - Stock'

2022-01-25 09:32:40 - [TEST_STEP][PASSED] - tap(NEWS_TabStock, 0): Tapped on element 'Object Repository/Mobile/Page/News/Tab - Stock'

2022-01-25 09:32:40 - [MESSAGE][WARNING] - Timeout '0' is invalid. Using default page load timeout: '60'

2022-01-25 09:32:42 - [MESSAGE][PASSED] - Tapped on element 'Object Repository/Mobile/Page/News/Tab - Stock'

2022-01-25 09:32:42 - [TEST_STEP][PASSED] - delay(1): Delayed 1 second(s)

2022-01-25 09:32:43 - [MESSAGE][PASSED] - Delayed 1 second(s)

2022-01-25 09:32:43 - [TEST_STEP][PASSED] - if (tab != "worldindices"): Delayed 3 second(s)

2022-01-25 09:32:43 - [TEST_STEP][PASSED] - try: Delayed 3 second(s)

2022-01-25 09:32:43 - [TEST_STEP][PASSED] - tapAndHold(NEWS_ItemTopNews, 1, 10): Tapped and held on element 'Object Repository/Mobile/Page/News/Item - Top News' with duration 1

2022-01-25 09:32:46 - [MESSAGE][PASSED] - Tapped and held on element 'Object Repository/Mobile/Page/News/Item - Top News' with duration 1

2022-01-25 09:32:46 - [TEST_STEP][PASSED] - delay(1): Delayed 1 second(s)

2022-01-25 09:32:47 - [MESSAGE][PASSED] - Delayed 1 second(s)

2022-01-25 09:32:47 - [TEST_STEP][PASSED] - scroll.scroll.scrollScreenBottomToTop(): scroll.scroll.scrollScreenBottomToTop is PASSED

2022-01-25 09:32:47 - [MESSAGE][PASSED] - Current device physical height is 1423

2022-01-25 09:32:48 - [MESSAGE][PASSED] - Current device physical width is 720

2022-01-25 09:32:49 - [MESSAGE][PASSED] - Swiped from 360,1,138 to 360,284

2022-01-25 09:32:49 - [MESSAGE][PASSED] - scroll.scroll.scrollScreenBottomToTop is PASSED

2022-01-25 09:32:49 - [TEST_STEP][PASSED] - delay(3): Delayed 3 second(s)

2022-01-25 09:32:52 - [MESSAGE][PASSED] - Delayed 3 second(s)

2022-01-25 09:32:52 - [MESSAGE][PASSED] - Call Test Case 'Test Cases/Mobile/Page/News/News' successfully

2022-01-25 09:32:52 - [TEST_STEP][PASSED] - callTestCase(findTestCase("Mobile/Page/Run App/Terminate App"), [:], STOP_ON_FAILURE): Call Test Case 'Test Cases/Mobile/Page/Run App/Terminate App' successfully

2022-01-25 09:32:52 - [TEST_CASE][PASSED] - Test Cases/Mobile/Page/Run App/Terminate App: Test Cases/Mobile/Page/Run App/Terminate App

2022-01-25 09:32:52 - [TEST_STEP][PASSED] - startApp.OpenApp.terminateApplication(): startApp.OpenApp.terminateApplication is PASSED

2022-01-25 09:32:55 - [MESSAGE][PASSED] - Delayed 3 second(s)

2022-01-25 09:32:55 - [MESSAGE][PASSED] - Current device physical width is 720

2022-01-25 09:32:55 - [MESSAGE][PASSED] - Current device physical height is 1423

2022-01-25 09:32:57 - [MESSAGE][PASSED] - Swiped from 360,853 to 360,142

2022-01-25 09:32:58 - [MESSAGE][PASSED] - Delayed 1 second(s)

2022-01-25 09:32:59 - [MESSAGE][PASSED] - Swiped from 360,853 to 360,142

2022-01-25 09:33:02 - [MESSAGE][PASSED] - Delayed 3 second(s)

2022-01-25 09:33:02 - [MESSAGE][PASSED] - startApp.OpenApp.terminateApplication is PASSED

2022-01-25 09:33:02 - [MESSAGE][PASSED] - Call Test Case 'Test Cases/Mobile/Page/Run App/Terminate App' successfully]]></system-out>
         <system-err><![CDATA[]]></system-err>
      </testcase>
      <testcase name="Test Cases/Mobile/Scenario/News/003 - News Fund" time="70.297" classname="Test Cases/Mobile/Scenario/News/003 - News Fund" status="PASSED">
         <system-out><![CDATA[2022-01-25 09:33:02 - [TEST_CASE][PASSED] - Test Cases/Mobile/Scenario/News/003 - News Fund: Test Cases/Mobile/Scenario/News/003 - News Fund

2022-01-25 09:33:03 - [TEST_STEP][PASSED] - callTestCase(findTestCase("Mobile/Page/Run App/Run App byID"), [:], STOP_ON_FAILURE): Call Test Case 'Test Cases/Mobile/Page/Run App/Run App byID' successfully

2022-01-25 09:33:03 - [TEST_CASE][PASSED] - Test Cases/Mobile/Page/Run App/Run App byID: Test Cases/Mobile/Page/Run App/Run App byID

2022-01-25 09:33:03 - [TEST_STEP][PASSED] - startApp.OpenApp.startApplication("id.co.miraeasset.sageclub"): startApp.OpenApp.startApplication is PASSED

2022-01-25 09:33:18 - [MESSAGE][PASSED] - Starting app with application ID: 'id.co.miraeasset.sageclub'

2022-01-25 09:33:18 - [MESSAGE][PASSED] - startApp.OpenApp.startApplication is PASSED

2022-01-25 09:33:18 - [MESSAGE][PASSED] - Call Test Case 'Test Cases/Mobile/Page/Run App/Run App byID' successfully

2022-01-25 09:33:18 - [TEST_STEP][PASSED] - callTestCase(findTestCase("Mobile/Page/News/News"), ["tab":"fundnews"], CONTINUE_ON_FAILURE): Call Test Case 'Test Cases/Mobile/Page/News/News' successfully

2022-01-25 09:33:18 - [TEST_CASE][PASSED] - Test Cases/Mobile/Page/News/News: Test Cases/Mobile/Page/News/News

2022-01-25 09:33:18 - [TEST_STEP][PASSED] - callTestCase(findTestCase("Mobile/Page/CheckLogin"), [:], CONTINUE_ON_FAILURE): Call Test Case 'Test Cases/Mobile/Page/CheckLogin' successfully

2022-01-25 09:33:18 - [TEST_CASE][PASSED] - Test Cases/Mobile/Page/CheckLogin: Test Cases/Mobile/Page/CheckLogin

2022-01-25 09:33:18 - [TEST_STEP][PASSED] - loginCheck = verifyElementExist(LOGN_BtnLogin, 5, CONTINUE_ON_FAILURE): Element 'Object Repository/Mobile/Page/Login/Button - Login' is exist

2022-01-25 09:33:21 - [MESSAGE][PASSED] - Element 'Object Repository/Mobile/Page/Login/Button - Login' is exist

2022-01-25 09:33:21 - [TEST_STEP][PASSED] - if (loginCheck): Call Test Case 'Test Cases/Mobile/Page/Login/Login' successfully

2022-01-25 09:33:21 - [TEST_STEP][PASSED] - callTestCase(findTestCase("Mobile/Page/Login/Login"), ["action":"username"], CONTINUE_ON_FAILURE): Call Test Case 'Test Cases/Mobile/Page/Login/Login' successfully

2022-01-25 09:33:21 - [TEST_CASE][PASSED] - Test Cases/Mobile/Page/Login/Login: Test Cases/Mobile/Page/Login/Login

2022-01-25 09:33:21 - [TEST_STEP][PASSED] - delay(2): Delayed 2 second(s)

2022-01-25 09:33:23 - [MESSAGE][PASSED] - Delayed 2 second(s)

2022-01-25 09:33:23 - [TEST_STEP][PASSED] - for ([i = 0, i < 1, (i++)]): null

2022-01-25 09:33:23 - [TEST_STEP][PASSED] - if (action == "username"): null

2022-01-25 09:33:23 - [TEST_STEP][PASSED] - tap(LOGN_EdtUserID, 0): Tapped on element 'Object Repository/Mobile/Page/Login/Input - UserID'

2022-01-25 09:33:23 - [MESSAGE][WARNING] - Timeout '0' is invalid. Using default page load timeout: '60'

2022-01-25 09:33:23 - [MESSAGE][PASSED] - Tapped on element 'Object Repository/Mobile/Page/Login/Input - UserID'

2022-01-25 09:33:23 - [TEST_STEP][PASSED] - delay(1): Delayed 1 second(s)

2022-01-25 09:33:24 - [MESSAGE][PASSED] - Delayed 1 second(s)

2022-01-25 09:33:24 - [TEST_STEP][PASSED] - setText(LOGN_EdtRdyUserID, "anggaaditya", 0): Text 'anggaaditya' has been set to element 'Object Repository/Mobile/Page/Login/Input Rdy - UserID'

2022-01-25 09:33:24 - [MESSAGE][WARNING] - Timeout '0' is invalid. Using default page load timeout: '60'

2022-01-25 09:33:25 - [MESSAGE][PASSED] - Text 'anggaaditya' has been set to element 'Object Repository/Mobile/Page/Login/Input Rdy - UserID'

2022-01-25 09:33:25 - [TEST_STEP][PASSED] - delay(1): Delayed 1 second(s)

2022-01-25 09:33:26 - [MESSAGE][PASSED] - Delayed 1 second(s)

2022-01-25 09:33:26 - [TEST_STEP][PASSED] - hideKeyboard(): Keyboard is hidden

2022-01-25 09:33:32 - [MESSAGE][PASSED] - Keyboard is hidden

2022-01-25 09:33:32 - [TEST_STEP][PASSED] - tap(LOGN_EdtPassword, 0): Tapped on element 'Object Repository/Mobile/Page/Login/Input - Password'

2022-01-25 09:33:32 - [MESSAGE][WARNING] - Timeout '0' is invalid. Using default page load timeout: '60'

2022-01-25 09:33:33 - [MESSAGE][PASSED] - Tapped on element 'Object Repository/Mobile/Page/Login/Input - Password'

2022-01-25 09:33:33 - [TEST_STEP][PASSED] - delay(1): Delayed 1 second(s)

2022-01-25 09:33:34 - [MESSAGE][PASSED] - Delayed 1 second(s)

2022-01-25 09:33:34 - [TEST_STEP][PASSED] - setText(LOGN_EdtRdyPassword, "Shalawa18", 0): Text 'Shalawa18' has been set to element 'Object Repository/Mobile/Page/Login/Input Rdy - Password'

2022-01-25 09:33:34 - [MESSAGE][WARNING] - Timeout '0' is invalid. Using default page load timeout: '60'

2022-01-25 09:33:35 - [MESSAGE][PASSED] - Text 'Shalawa18' has been set to element 'Object Repository/Mobile/Page/Login/Input Rdy - Password'

2022-01-25 09:33:35 - [TEST_STEP][PASSED] - delay(1): Delayed 1 second(s)

2022-01-25 09:33:36 - [MESSAGE][PASSED] - Delayed 1 second(s)

2022-01-25 09:33:36 - [TEST_STEP][PASSED] - hideKeyboard(): Keyboard is hidden

2022-01-25 09:33:44 - [MESSAGE][PASSED] - Keyboard is hidden

2022-01-25 09:33:45 - [TEST_STEP][PASSED] - tap(LOGN_BtnLogin, 0): Tapped on element 'Object Repository/Mobile/Page/Login/Button - Login'

2022-01-25 09:33:45 - [MESSAGE][WARNING] - Timeout '0' is invalid. Using default page load timeout: '60'

2022-01-25 09:33:45 - [MESSAGE][PASSED] - Tapped on element 'Object Repository/Mobile/Page/Login/Button - Login'

2022-01-25 09:33:45 - [TEST_STEP][PASSED] - delay(2): Delayed 2 second(s)

2022-01-25 09:33:47 - [MESSAGE][PASSED] - Delayed 2 second(s)

2022-01-25 09:33:47 - [TEST_STEP][PASSED] - break: null

2022-01-25 09:33:47 - [MESSAGE][PASSED] - Call Test Case 'Test Cases/Mobile/Page/Login/Login' successfully

2022-01-25 09:33:47 - [MESSAGE][PASSED] - Call Test Case 'Test Cases/Mobile/Page/CheckLogin' successfully

2022-01-25 09:33:47 - [TEST_STEP][PASSED] - tap(HOME_MenubarNews, 0): Tapped on element 'Object Repository/Mobile/Page/Home/Menubar - News'

2022-01-25 09:33:47 - [MESSAGE][WARNING] - Timeout '0' is invalid. Using default page load timeout: '60'

2022-01-25 09:33:49 - [MESSAGE][PASSED] - Tapped on element 'Object Repository/Mobile/Page/Home/Menubar - News'

2022-01-25 09:33:49 - [TEST_STEP][PASSED] - delay(1): Delayed 1 second(s)

2022-01-25 09:33:50 - [MESSAGE][PASSED] - Delayed 1 second(s)

2022-01-25 09:33:50 - [TEST_STEP][PASSED] - for ([i = 0, i < 1, (i++)]): Delayed 3 second(s)

2022-01-25 09:33:50 - [TEST_STEP][PASSED] - if (tab == "macronews"): null

2022-01-25 09:33:50 - [TEST_STEP][PASSED] - else if (tab == "stocknews"): null

2022-01-25 09:33:50 - [TEST_STEP][PASSED] - else if (tab == "fundnews"): Tapped on element 'Object Repository/Mobile/Page/News/Tab - Fund'

2022-01-25 09:33:50 - [TEST_STEP][PASSED] - tap(NEWS_TabFund, 0): Tapped on element 'Object Repository/Mobile/Page/News/Tab - Fund'

2022-01-25 09:33:50 - [MESSAGE][WARNING] - Timeout '0' is invalid. Using default page load timeout: '60'

2022-01-25 09:33:52 - [MESSAGE][PASSED] - Tapped on element 'Object Repository/Mobile/Page/News/Tab - Fund'

2022-01-25 09:33:52 - [TEST_STEP][PASSED] - delay(1): Delayed 1 second(s)

2022-01-25 09:33:53 - [MESSAGE][PASSED] - Delayed 1 second(s)

2022-01-25 09:33:53 - [TEST_STEP][PASSED] - if (tab != "worldindices"): Delayed 3 second(s)

2022-01-25 09:33:53 - [TEST_STEP][PASSED] - try: Delayed 3 second(s)

2022-01-25 09:33:53 - [TEST_STEP][PASSED] - tapAndHold(NEWS_ItemTopNews, 1, 10): Tapped and held on element 'Object Repository/Mobile/Page/News/Item - Top News' with duration 1

2022-01-25 09:33:56 - [MESSAGE][PASSED] - Tapped and held on element 'Object Repository/Mobile/Page/News/Item - Top News' with duration 1

2022-01-25 09:33:56 - [TEST_STEP][PASSED] - delay(1): Delayed 1 second(s)

2022-01-25 09:33:57 - [MESSAGE][PASSED] - Delayed 1 second(s)

2022-01-25 09:33:57 - [TEST_STEP][PASSED] - scroll.scroll.scrollScreenBottomToTop(): scroll.scroll.scrollScreenBottomToTop is PASSED

2022-01-25 09:33:57 - [MESSAGE][PASSED] - Current device physical height is 1423

2022-01-25 09:33:58 - [MESSAGE][PASSED] - Current device physical width is 720

2022-01-25 09:33:59 - [MESSAGE][PASSED] - Swiped from 360,1,138 to 360,284

2022-01-25 09:33:59 - [MESSAGE][PASSED] - scroll.scroll.scrollScreenBottomToTop is PASSED

2022-01-25 09:33:59 - [TEST_STEP][PASSED] - delay(3): Delayed 3 second(s)

2022-01-25 09:34:02 - [MESSAGE][PASSED] - Delayed 3 second(s)

2022-01-25 09:34:02 - [MESSAGE][PASSED] - Call Test Case 'Test Cases/Mobile/Page/News/News' successfully

2022-01-25 09:34:02 - [TEST_STEP][PASSED] - callTestCase(findTestCase("Mobile/Page/Run App/Terminate App"), [:], STOP_ON_FAILURE): Call Test Case 'Test Cases/Mobile/Page/Run App/Terminate App' successfully

2022-01-25 09:34:02 - [TEST_CASE][PASSED] - Test Cases/Mobile/Page/Run App/Terminate App: Test Cases/Mobile/Page/Run App/Terminate App

2022-01-25 09:34:02 - [TEST_STEP][PASSED] - startApp.OpenApp.terminateApplication(): startApp.OpenApp.terminateApplication is PASSED

2022-01-25 09:34:05 - [MESSAGE][PASSED] - Delayed 3 second(s)

2022-01-25 09:34:05 - [MESSAGE][PASSED] - Current device physical width is 720

2022-01-25 09:34:06 - [MESSAGE][PASSED] - Current device physical height is 1423

2022-01-25 09:34:07 - [MESSAGE][PASSED] - Swiped from 360,853 to 360,142

2022-01-25 09:34:08 - [MESSAGE][PASSED] - Delayed 1 second(s)

2022-01-25 09:34:09 - [MESSAGE][PASSED] - Swiped from 360,853 to 360,142

2022-01-25 09:34:12 - [MESSAGE][PASSED] - Delayed 3 second(s)

2022-01-25 09:34:12 - [MESSAGE][PASSED] - startApp.OpenApp.terminateApplication is PASSED

2022-01-25 09:34:12 - [MESSAGE][PASSED] - Call Test Case 'Test Cases/Mobile/Page/Run App/Terminate App' successfully]]></system-out>
         <system-err><![CDATA[]]></system-err>
      </testcase>
      <testcase name="Test Cases/Mobile/Scenario/News/004 - Bond News" time="73.153" classname="Test Cases/Mobile/Scenario/News/004 - Bond News" status="PASSED">
         <system-out><![CDATA[2022-01-25 09:34:12 - [TEST_CASE][PASSED] - Test Cases/Mobile/Scenario/News/004 - Bond News: Test Cases/Mobile/Scenario/News/004 - Bond News

2022-01-25 09:34:13 - [TEST_STEP][PASSED] - callTestCase(findTestCase("Mobile/Page/Run App/Run App byID"), [:], STOP_ON_FAILURE): Call Test Case 'Test Cases/Mobile/Page/Run App/Run App byID' successfully

2022-01-25 09:34:13 - [TEST_CASE][PASSED] - Test Cases/Mobile/Page/Run App/Run App byID: Test Cases/Mobile/Page/Run App/Run App byID

2022-01-25 09:34:13 - [TEST_STEP][PASSED] - startApp.OpenApp.startApplication("id.co.miraeasset.sageclub"): startApp.OpenApp.startApplication is PASSED

2022-01-25 09:34:30 - [MESSAGE][PASSED] - Starting app with application ID: 'id.co.miraeasset.sageclub'

2022-01-25 09:34:30 - [MESSAGE][PASSED] - startApp.OpenApp.startApplication is PASSED

2022-01-25 09:34:30 - [MESSAGE][PASSED] - Call Test Case 'Test Cases/Mobile/Page/Run App/Run App byID' successfully

2022-01-25 09:34:30 - [TEST_STEP][PASSED] - callTestCase(findTestCase("Mobile/Page/News/News"), ["tab":"bondnews"], CONTINUE_ON_FAILURE): Call Test Case 'Test Cases/Mobile/Page/News/News' successfully

2022-01-25 09:34:30 - [TEST_CASE][PASSED] - Test Cases/Mobile/Page/News/News: Test Cases/Mobile/Page/News/News

2022-01-25 09:34:30 - [TEST_STEP][PASSED] - callTestCase(findTestCase("Mobile/Page/CheckLogin"), [:], CONTINUE_ON_FAILURE): Call Test Case 'Test Cases/Mobile/Page/CheckLogin' successfully

2022-01-25 09:34:30 - [TEST_CASE][PASSED] - Test Cases/Mobile/Page/CheckLogin: Test Cases/Mobile/Page/CheckLogin

2022-01-25 09:34:30 - [TEST_STEP][PASSED] - loginCheck = verifyElementExist(LOGN_BtnLogin, 5, CONTINUE_ON_FAILURE): Element 'Object Repository/Mobile/Page/Login/Button - Login' is exist

2022-01-25 09:34:33 - [MESSAGE][PASSED] - Element 'Object Repository/Mobile/Page/Login/Button - Login' is exist

2022-01-25 09:34:33 - [TEST_STEP][PASSED] - if (loginCheck): Call Test Case 'Test Cases/Mobile/Page/Login/Login' successfully

2022-01-25 09:34:33 - [TEST_STEP][PASSED] - callTestCase(findTestCase("Mobile/Page/Login/Login"), ["action":"username"], CONTINUE_ON_FAILURE): Call Test Case 'Test Cases/Mobile/Page/Login/Login' successfully

2022-01-25 09:34:33 - [TEST_CASE][PASSED] - Test Cases/Mobile/Page/Login/Login: Test Cases/Mobile/Page/Login/Login

2022-01-25 09:34:33 - [TEST_STEP][PASSED] - delay(2): Delayed 2 second(s)

2022-01-25 09:34:35 - [MESSAGE][PASSED] - Delayed 2 second(s)

2022-01-25 09:34:35 - [TEST_STEP][PASSED] - for ([i = 0, i < 1, (i++)]): null

2022-01-25 09:34:35 - [TEST_STEP][PASSED] - if (action == "username"): null

2022-01-25 09:34:35 - [TEST_STEP][PASSED] - tap(LOGN_EdtUserID, 0): Tapped on element 'Object Repository/Mobile/Page/Login/Input - UserID'

2022-01-25 09:34:35 - [MESSAGE][WARNING] - Timeout '0' is invalid. Using default page load timeout: '60'

2022-01-25 09:34:35 - [MESSAGE][PASSED] - Tapped on element 'Object Repository/Mobile/Page/Login/Input - UserID'

2022-01-25 09:34:35 - [TEST_STEP][PASSED] - delay(1): Delayed 1 second(s)

2022-01-25 09:34:36 - [MESSAGE][PASSED] - Delayed 1 second(s)

2022-01-25 09:34:36 - [TEST_STEP][PASSED] - setText(LOGN_EdtRdyUserID, "anggaaditya", 0): Text 'anggaaditya' has been set to element 'Object Repository/Mobile/Page/Login/Input Rdy - UserID'

2022-01-25 09:34:36 - [MESSAGE][WARNING] - Timeout '0' is invalid. Using default page load timeout: '60'

2022-01-25 09:34:38 - [MESSAGE][PASSED] - Text 'anggaaditya' has been set to element 'Object Repository/Mobile/Page/Login/Input Rdy - UserID'

2022-01-25 09:34:38 - [TEST_STEP][PASSED] - delay(1): Delayed 1 second(s)

2022-01-25 09:34:39 - [MESSAGE][PASSED] - Delayed 1 second(s)

2022-01-25 09:34:39 - [TEST_STEP][PASSED] - hideKeyboard(): Keyboard is hidden

2022-01-25 09:34:45 - [MESSAGE][PASSED] - Keyboard is hidden

2022-01-25 09:34:45 - [TEST_STEP][PASSED] - tap(LOGN_EdtPassword, 0): Tapped on element 'Object Repository/Mobile/Page/Login/Input - Password'

2022-01-25 09:34:45 - [MESSAGE][WARNING] - Timeout '0' is invalid. Using default page load timeout: '60'

2022-01-25 09:34:46 - [MESSAGE][PASSED] - Tapped on element 'Object Repository/Mobile/Page/Login/Input - Password'

2022-01-25 09:34:46 - [TEST_STEP][PASSED] - delay(1): Delayed 1 second(s)

2022-01-25 09:34:47 - [MESSAGE][PASSED] - Delayed 1 second(s)

2022-01-25 09:34:47 - [TEST_STEP][PASSED] - setText(LOGN_EdtRdyPassword, "Shalawa18", 0): Text 'Shalawa18' has been set to element 'Object Repository/Mobile/Page/Login/Input Rdy - Password'

2022-01-25 09:34:47 - [MESSAGE][WARNING] - Timeout '0' is invalid. Using default page load timeout: '60'

2022-01-25 09:34:47 - [MESSAGE][PASSED] - Text 'Shalawa18' has been set to element 'Object Repository/Mobile/Page/Login/Input Rdy - Password'

2022-01-25 09:34:47 - [TEST_STEP][PASSED] - delay(1): Delayed 1 second(s)

2022-01-25 09:34:48 - [MESSAGE][PASSED] - Delayed 1 second(s)

2022-01-25 09:34:48 - [TEST_STEP][PASSED] - hideKeyboard(): Keyboard is hidden

2022-01-25 09:34:58 - [MESSAGE][PASSED] - Keyboard is hidden

2022-01-25 09:34:58 - [TEST_STEP][PASSED] - tap(LOGN_BtnLogin, 0): Tapped on element 'Object Repository/Mobile/Page/Login/Button - Login'

2022-01-25 09:34:58 - [MESSAGE][WARNING] - Timeout '0' is invalid. Using default page load timeout: '60'

2022-01-25 09:34:59 - [MESSAGE][PASSED] - Tapped on element 'Object Repository/Mobile/Page/Login/Button - Login'

2022-01-25 09:34:59 - [TEST_STEP][PASSED] - delay(2): Delayed 2 second(s)

2022-01-25 09:35:01 - [MESSAGE][PASSED] - Delayed 2 second(s)

2022-01-25 09:35:01 - [TEST_STEP][PASSED] - break: null

2022-01-25 09:35:01 - [MESSAGE][PASSED] - Call Test Case 'Test Cases/Mobile/Page/Login/Login' successfully

2022-01-25 09:35:01 - [MESSAGE][PASSED] - Call Test Case 'Test Cases/Mobile/Page/CheckLogin' successfully

2022-01-25 09:35:01 - [TEST_STEP][PASSED] - tap(HOME_MenubarNews, 0): Tapped on element 'Object Repository/Mobile/Page/Home/Menubar - News'

2022-01-25 09:35:01 - [MESSAGE][WARNING] - Timeout '0' is invalid. Using default page load timeout: '60'

2022-01-25 09:35:03 - [MESSAGE][PASSED] - Tapped on element 'Object Repository/Mobile/Page/Home/Menubar - News'

2022-01-25 09:35:03 - [TEST_STEP][PASSED] - delay(1): Delayed 1 second(s)

2022-01-25 09:35:04 - [MESSAGE][PASSED] - Delayed 1 second(s)

2022-01-25 09:35:04 - [TEST_STEP][PASSED] - for ([i = 0, i < 1, (i++)]): Delayed 3 second(s)

2022-01-25 09:35:04 - [TEST_STEP][PASSED] - if (tab == "macronews"): null

2022-01-25 09:35:04 - [TEST_STEP][PASSED] - else if (tab == "stocknews"): null

2022-01-25 09:35:04 - [TEST_STEP][PASSED] - else if (tab == "fundnews"): null

2022-01-25 09:35:04 - [TEST_STEP][PASSED] - else if (tab == "bondnews"): Tapped on element 'Object Repository/Mobile/Page/News/Tab - Bond'

2022-01-25 09:35:04 - [TEST_STEP][PASSED] - tap(NEWS_TabBond, 0): Tapped on element 'Object Repository/Mobile/Page/News/Tab - Bond'

2022-01-25 09:35:04 - [MESSAGE][WARNING] - Timeout '0' is invalid. Using default page load timeout: '60'

2022-01-25 09:35:06 - [MESSAGE][PASSED] - Tapped on element 'Object Repository/Mobile/Page/News/Tab - Bond'

2022-01-25 09:35:06 - [TEST_STEP][PASSED] - delay(1): Delayed 1 second(s)

2022-01-25 09:35:07 - [MESSAGE][PASSED] - Delayed 1 second(s)

2022-01-25 09:35:07 - [TEST_STEP][PASSED] - if (tab != "worldindices"): Delayed 3 second(s)

2022-01-25 09:35:07 - [TEST_STEP][PASSED] - try: Delayed 3 second(s)

2022-01-25 09:35:07 - [TEST_STEP][PASSED] - tapAndHold(NEWS_ItemTopNews, 1, 10): Tapped and held on element 'Object Repository/Mobile/Page/News/Item - Top News' with duration 1

2022-01-25 09:35:10 - [MESSAGE][PASSED] - Tapped and held on element 'Object Repository/Mobile/Page/News/Item - Top News' with duration 1

2022-01-25 09:35:10 - [TEST_STEP][PASSED] - delay(1): Delayed 1 second(s)

2022-01-25 09:35:11 - [MESSAGE][PASSED] - Delayed 1 second(s)

2022-01-25 09:35:11 - [TEST_STEP][PASSED] - scroll.scroll.scrollScreenBottomToTop(): scroll.scroll.scrollScreenBottomToTop is PASSED

2022-01-25 09:35:11 - [MESSAGE][PASSED] - Current device physical height is 1423

2022-01-25 09:35:11 - [MESSAGE][PASSED] - Current device physical width is 720

2022-01-25 09:35:12 - [MESSAGE][PASSED] - Swiped from 360,1,138 to 360,284

2022-01-25 09:35:12 - [MESSAGE][PASSED] - scroll.scroll.scrollScreenBottomToTop is PASSED

2022-01-25 09:35:12 - [TEST_STEP][PASSED] - delay(3): Delayed 3 second(s)

2022-01-25 09:35:15 - [MESSAGE][PASSED] - Delayed 3 second(s)

2022-01-25 09:35:15 - [MESSAGE][PASSED] - Call Test Case 'Test Cases/Mobile/Page/News/News' successfully

2022-01-25 09:35:15 - [TEST_STEP][PASSED] - callTestCase(findTestCase("Mobile/Page/Run App/Terminate App"), [:], STOP_ON_FAILURE): Call Test Case 'Test Cases/Mobile/Page/Run App/Terminate App' successfully

2022-01-25 09:35:15 - [TEST_CASE][PASSED] - Test Cases/Mobile/Page/Run App/Terminate App: Test Cases/Mobile/Page/Run App/Terminate App

2022-01-25 09:35:15 - [TEST_STEP][PASSED] - startApp.OpenApp.terminateApplication(): startApp.OpenApp.terminateApplication is PASSED

2022-01-25 09:35:19 - [MESSAGE][PASSED] - Delayed 3 second(s)

2022-01-25 09:35:19 - [MESSAGE][PASSED] - Current device physical width is 720

2022-01-25 09:35:19 - [MESSAGE][PASSED] - Current device physical height is 1423

2022-01-25 09:35:20 - [MESSAGE][PASSED] - Swiped from 360,853 to 360,142

2022-01-25 09:35:21 - [MESSAGE][PASSED] - Delayed 1 second(s)

2022-01-25 09:35:23 - [MESSAGE][PASSED] - Swiped from 360,853 to 360,142

2022-01-25 09:35:26 - [MESSAGE][PASSED] - Delayed 3 second(s)

2022-01-25 09:35:26 - [MESSAGE][PASSED] - startApp.OpenApp.terminateApplication is PASSED

2022-01-25 09:35:26 - [MESSAGE][PASSED] - Call Test Case 'Test Cases/Mobile/Page/Run App/Terminate App' successfully]]></system-out>
         <system-err><![CDATA[]]></system-err>
      </testcase>
      <testcase name="Test Cases/Mobile/Scenario/News/005 - Macro News" time="65.539" classname="Test Cases/Mobile/Scenario/News/005 - Macro News" status="PASSED">
         <system-out><![CDATA[2022-01-25 09:35:26 - [TEST_CASE][PASSED] - Test Cases/Mobile/Scenario/News/005 - Macro News: Test Cases/Mobile/Scenario/News/005 - Macro News

2022-01-25 09:35:26 - [TEST_STEP][PASSED] - callTestCase(findTestCase("Mobile/Page/Run App/Run App byID"), [:], STOP_ON_FAILURE): Call Test Case 'Test Cases/Mobile/Page/Run App/Run App byID' successfully

2022-01-25 09:35:26 - [TEST_CASE][PASSED] - Test Cases/Mobile/Page/Run App/Run App byID: Test Cases/Mobile/Page/Run App/Run App byID

2022-01-25 09:35:26 - [TEST_STEP][PASSED] - startApp.OpenApp.startApplication("id.co.miraeasset.sageclub"): startApp.OpenApp.startApplication is PASSED

2022-01-25 09:35:41 - [MESSAGE][PASSED] - Starting app with application ID: 'id.co.miraeasset.sageclub'

2022-01-25 09:35:41 - [MESSAGE][PASSED] - startApp.OpenApp.startApplication is PASSED

2022-01-25 09:35:41 - [MESSAGE][PASSED] - Call Test Case 'Test Cases/Mobile/Page/Run App/Run App byID' successfully

2022-01-25 09:35:41 - [TEST_STEP][PASSED] - callTestCase(findTestCase("Mobile/Page/News/News"), ["tab":"macronews"], CONTINUE_ON_FAILURE): Call Test Case 'Test Cases/Mobile/Page/News/News' successfully

2022-01-25 09:35:41 - [TEST_CASE][PASSED] - Test Cases/Mobile/Page/News/News: Test Cases/Mobile/Page/News/News

2022-01-25 09:35:41 - [TEST_STEP][PASSED] - callTestCase(findTestCase("Mobile/Page/CheckLogin"), [:], CONTINUE_ON_FAILURE): Call Test Case 'Test Cases/Mobile/Page/CheckLogin' successfully

2022-01-25 09:35:41 - [TEST_CASE][PASSED] - Test Cases/Mobile/Page/CheckLogin: Test Cases/Mobile/Page/CheckLogin

2022-01-25 09:35:41 - [TEST_STEP][PASSED] - loginCheck = verifyElementExist(LOGN_BtnLogin, 5, CONTINUE_ON_FAILURE): Element 'Object Repository/Mobile/Page/Login/Button - Login' is exist

2022-01-25 09:35:43 - [MESSAGE][PASSED] - Element 'Object Repository/Mobile/Page/Login/Button - Login' is exist

2022-01-25 09:35:43 - [TEST_STEP][PASSED] - if (loginCheck): Call Test Case 'Test Cases/Mobile/Page/Login/Login' successfully

2022-01-25 09:35:43 - [TEST_STEP][PASSED] - callTestCase(findTestCase("Mobile/Page/Login/Login"), ["action":"username"], CONTINUE_ON_FAILURE): Call Test Case 'Test Cases/Mobile/Page/Login/Login' successfully

2022-01-25 09:35:43 - [TEST_CASE][PASSED] - Test Cases/Mobile/Page/Login/Login: Test Cases/Mobile/Page/Login/Login

2022-01-25 09:35:43 - [TEST_STEP][PASSED] - delay(2): Delayed 2 second(s)

2022-01-25 09:35:45 - [MESSAGE][PASSED] - Delayed 2 second(s)

2022-01-25 09:35:45 - [TEST_STEP][PASSED] - for ([i = 0, i < 1, (i++)]): null

2022-01-25 09:35:45 - [TEST_STEP][PASSED] - if (action == "username"): null

2022-01-25 09:35:45 - [TEST_STEP][PASSED] - tap(LOGN_EdtUserID, 0): Tapped on element 'Object Repository/Mobile/Page/Login/Input - UserID'

2022-01-25 09:35:45 - [MESSAGE][WARNING] - Timeout '0' is invalid. Using default page load timeout: '60'

2022-01-25 09:35:46 - [MESSAGE][PASSED] - Tapped on element 'Object Repository/Mobile/Page/Login/Input - UserID'

2022-01-25 09:35:46 - [TEST_STEP][PASSED] - delay(1): Delayed 1 second(s)

2022-01-25 09:35:47 - [MESSAGE][PASSED] - Delayed 1 second(s)

2022-01-25 09:35:47 - [TEST_STEP][PASSED] - setText(LOGN_EdtRdyUserID, "anggaaditya", 0): Text 'anggaaditya' has been set to element 'Object Repository/Mobile/Page/Login/Input Rdy - UserID'

2022-01-25 09:35:47 - [MESSAGE][WARNING] - Timeout '0' is invalid. Using default page load timeout: '60'

2022-01-25 09:35:48 - [MESSAGE][PASSED] - Text 'anggaaditya' has been set to element 'Object Repository/Mobile/Page/Login/Input Rdy - UserID'

2022-01-25 09:35:48 - [TEST_STEP][PASSED] - delay(1): Delayed 1 second(s)

2022-01-25 09:35:49 - [MESSAGE][PASSED] - Delayed 1 second(s)

2022-01-25 09:35:49 - [TEST_STEP][PASSED] - hideKeyboard(): Keyboard is hidden

2022-01-25 09:35:54 - [MESSAGE][PASSED] - Keyboard is hidden

2022-01-25 09:35:54 - [TEST_STEP][PASSED] - tap(LOGN_EdtPassword, 0): Tapped on element 'Object Repository/Mobile/Page/Login/Input - Password'

2022-01-25 09:35:54 - [MESSAGE][WARNING] - Timeout '0' is invalid. Using default page load timeout: '60'

2022-01-25 09:35:54 - [MESSAGE][PASSED] - Tapped on element 'Object Repository/Mobile/Page/Login/Input - Password'

2022-01-25 09:35:54 - [TEST_STEP][PASSED] - delay(1): Delayed 1 second(s)

2022-01-25 09:35:55 - [MESSAGE][PASSED] - Delayed 1 second(s)

2022-01-25 09:35:55 - [TEST_STEP][PASSED] - setText(LOGN_EdtRdyPassword, "Shalawa18", 0): Text 'Shalawa18' has been set to element 'Object Repository/Mobile/Page/Login/Input Rdy - Password'

2022-01-25 09:35:55 - [MESSAGE][WARNING] - Timeout '0' is invalid. Using default page load timeout: '60'

2022-01-25 09:35:56 - [MESSAGE][PASSED] - Text 'Shalawa18' has been set to element 'Object Repository/Mobile/Page/Login/Input Rdy - Password'

2022-01-25 09:35:56 - [TEST_STEP][PASSED] - delay(1): Delayed 1 second(s)

2022-01-25 09:35:57 - [MESSAGE][PASSED] - Delayed 1 second(s)

2022-01-25 09:35:57 - [TEST_STEP][PASSED] - hideKeyboard(): Keyboard is hidden

2022-01-25 09:36:04 - [MESSAGE][PASSED] - Keyboard is hidden

2022-01-25 09:36:04 - [TEST_STEP][PASSED] - tap(LOGN_BtnLogin, 0): Tapped on element 'Object Repository/Mobile/Page/Login/Button - Login'

2022-01-25 09:36:04 - [MESSAGE][WARNING] - Timeout '0' is invalid. Using default page load timeout: '60'

2022-01-25 09:36:04 - [MESSAGE][PASSED] - Tapped on element 'Object Repository/Mobile/Page/Login/Button - Login'

2022-01-25 09:36:04 - [TEST_STEP][PASSED] - delay(2): Delayed 2 second(s)

2022-01-25 09:36:06 - [MESSAGE][PASSED] - Delayed 2 second(s)

2022-01-25 09:36:06 - [TEST_STEP][PASSED] - break: null

2022-01-25 09:36:06 - [MESSAGE][PASSED] - Call Test Case 'Test Cases/Mobile/Page/Login/Login' successfully

2022-01-25 09:36:06 - [MESSAGE][PASSED] - Call Test Case 'Test Cases/Mobile/Page/CheckLogin' successfully

2022-01-25 09:36:06 - [TEST_STEP][PASSED] - tap(HOME_MenubarNews, 0): Tapped on element 'Object Repository/Mobile/Page/Home/Menubar - News'

2022-01-25 09:36:06 - [MESSAGE][WARNING] - Timeout '0' is invalid. Using default page load timeout: '60'

2022-01-25 09:36:09 - [MESSAGE][PASSED] - Tapped on element 'Object Repository/Mobile/Page/Home/Menubar - News'

2022-01-25 09:36:09 - [TEST_STEP][PASSED] - delay(1): Delayed 1 second(s)

2022-01-25 09:36:10 - [MESSAGE][PASSED] - Delayed 1 second(s)

2022-01-25 09:36:10 - [TEST_STEP][PASSED] - for ([i = 0, i < 1, (i++)]): Delayed 3 second(s)

2022-01-25 09:36:10 - [TEST_STEP][PASSED] - if (tab == "macronews"): Tapped on element 'Object Repository/Mobile/Page/News/Tab - Macro'

2022-01-25 09:36:10 - [TEST_STEP][PASSED] - tap(NEWS_TabMacro, 0): Tapped on element 'Object Repository/Mobile/Page/News/Tab - Macro'

2022-01-25 09:36:10 - [MESSAGE][WARNING] - Timeout '0' is invalid. Using default page load timeout: '60'

2022-01-25 09:36:11 - [MESSAGE][PASSED] - Tapped on element 'Object Repository/Mobile/Page/News/Tab - Macro'

2022-01-25 09:36:11 - [TEST_STEP][PASSED] - delay(1): Delayed 1 second(s)

2022-01-25 09:36:12 - [MESSAGE][PASSED] - Delayed 1 second(s)

2022-01-25 09:36:12 - [TEST_STEP][PASSED] - if (tab != "worldindices"): Delayed 3 second(s)

2022-01-25 09:36:12 - [TEST_STEP][PASSED] - try: Delayed 3 second(s)

2022-01-25 09:36:12 - [TEST_STEP][PASSED] - tapAndHold(NEWS_ItemTopNews, 1, 10): Tapped and held on element 'Object Repository/Mobile/Page/News/Item - Top News' with duration 1

2022-01-25 09:36:15 - [MESSAGE][PASSED] - Tapped and held on element 'Object Repository/Mobile/Page/News/Item - Top News' with duration 1

2022-01-25 09:36:15 - [TEST_STEP][PASSED] - delay(1): Delayed 1 second(s)

2022-01-25 09:36:16 - [MESSAGE][PASSED] - Delayed 1 second(s)

2022-01-25 09:36:16 - [TEST_STEP][PASSED] - scroll.scroll.scrollScreenBottomToTop(): scroll.scroll.scrollScreenBottomToTop is PASSED

2022-01-25 09:36:16 - [MESSAGE][PASSED] - Current device physical height is 1423

2022-01-25 09:36:17 - [MESSAGE][PASSED] - Current device physical width is 720

2022-01-25 09:36:18 - [MESSAGE][PASSED] - Swiped from 360,1,138 to 360,284

2022-01-25 09:36:18 - [MESSAGE][PASSED] - scroll.scroll.scrollScreenBottomToTop is PASSED

2022-01-25 09:36:18 - [TEST_STEP][PASSED] - delay(3): Delayed 3 second(s)

2022-01-25 09:36:21 - [MESSAGE][PASSED] - Delayed 3 second(s)

2022-01-25 09:36:21 - [MESSAGE][PASSED] - Call Test Case 'Test Cases/Mobile/Page/News/News' successfully

2022-01-25 09:36:21 - [TEST_STEP][PASSED] - callTestCase(findTestCase("Mobile/Page/Run App/Terminate App"), [:], STOP_ON_FAILURE): Call Test Case 'Test Cases/Mobile/Page/Run App/Terminate App' successfully

2022-01-25 09:36:21 - [TEST_CASE][PASSED] - Test Cases/Mobile/Page/Run App/Terminate App: Test Cases/Mobile/Page/Run App/Terminate App

2022-01-25 09:36:21 - [TEST_STEP][PASSED] - startApp.OpenApp.terminateApplication(): startApp.OpenApp.terminateApplication is PASSED

2022-01-25 09:36:24 - [MESSAGE][PASSED] - Delayed 3 second(s)

2022-01-25 09:36:24 - [MESSAGE][PASSED] - Current device physical width is 720

2022-01-25 09:36:25 - [MESSAGE][PASSED] - Current device physical height is 1423

2022-01-25 09:36:26 - [MESSAGE][PASSED] - Swiped from 360,853 to 360,142

2022-01-25 09:36:27 - [MESSAGE][PASSED] - Delayed 1 second(s)

2022-01-25 09:36:28 - [MESSAGE][PASSED] - Swiped from 360,853 to 360,142

2022-01-25 09:36:31 - [MESSAGE][PASSED] - Delayed 3 second(s)

2022-01-25 09:36:31 - [MESSAGE][PASSED] - startApp.OpenApp.terminateApplication is PASSED

2022-01-25 09:36:31 - [MESSAGE][PASSED] - Call Test Case 'Test Cases/Mobile/Page/Run App/Terminate App' successfully]]></system-out>
         <system-err><![CDATA[]]></system-err>
      </testcase>
      <system-out><![CDATA[2022-01-25 09:30:19 - [TEST_SUITE][PASSED] - news: Test Cases/Mobile/Scenario/News/005 - Macro News]]></system-out>
      <system-err><![CDATA[]]></system-err>
   </testsuite>
</testsuites>
