<?xml version="1.0" encoding="UTF-8"?>
<testsuites name="portfolio" time="1451.507" tests="19" failures="0" skips="0" errors="0">
   <testsuite name="portfolio" tests="19" failures="0" errors="0" time="1451.507" skips="0" timestamp="2022-02-22 20:39:13" hostname="Owner - aldy-tft" id="Test Suites/portfolio">
      <properties>
         <property name="deviceName" value="samsung SM-A205F (Android 11)"/>
         <property name="devicePlatform" value=""/>
         <property name="logFolder" value="C:\\Users\\Owner\\Documents\\kerjaan\\KatalonProject\\qa_katalon_pwm\\qa_katalon_pwm\\Reports\\20220222_195536\\portfolio\\20220222_195608"/>
         <property name="logFiles" value="C:\\Users\\Owner\\Documents\\kerjaan\\KatalonProject\\qa_katalon_pwm\\qa_katalon_pwm\\Reports\\20220222_195536\\portfolio\\20220222_195608\\appium.log, C:\\Users\\Owner\\Documents\\kerjaan\\KatalonProject\\qa_katalon_pwm\\qa_katalon_pwm\\Reports\\20220222_195536\\portfolio\\20220222_195608\\execution0.log"/>
         <property name="attachments" value=""/>
         <property name="hostName" value="Owner - aldy-tft"/>
         <property name="os" value="Windows 10 64bit"/>
         <property name="appiumServerStatus" value="{&quot;value&quot;:{&quot;build&quot;:{&quot;version&quot;:&quot;1.22.0&quot;}},&quot;sessionId&quot;:null,&quot;status&quot;:0}"/>
         <property name="katalonVersion" value="7.9.1.208"/>
         <property name="deviceOS" value="Android"/>
         <property name="appiumVersion" value="1.22.0"/>
         <property name="deviceModel" value="SM-A205F"/>
         <property name="hostAddress" value="192.168.100.8"/>
         <property name="deviceManufacturer" value="samsung"/>
         <property name="deviceId" value="RR8M40C9AXE"/>
         <property name="deviceName" value="samsung SM-A205F (Android 11)"/>
         <property name="deviceOSVersion" value="11"/>
      </properties>
      <testcase name="Test Cases/Mobile/Scenario/Portfolio/001 - Summary" time="102.854" classname="Test Cases/Mobile/Scenario/Portfolio/001 - Summary" status="PASSED">
         <system-out><![CDATA[2022-02-22 20:39:15 - [TEST_CASE][PASSED] - Test Cases/Mobile/Scenario/Portfolio/001 - Summary: Test Cases/Mobile/Scenario/Portfolio/001 - Summary

2022-02-22 20:39:16 - [TEST_STEP][PASSED] - callTestCase(findTestCase("Mobile/Page/Run App/Run App byID"), [:], STOP_ON_FAILURE): Call Test Case 'Test Cases/Mobile/Page/Run App/Run App byID' successfully

2022-02-22 20:39:17 - [TEST_CASE][PASSED] - Test Cases/Mobile/Page/Run App/Run App byID: Test Cases/Mobile/Page/Run App/Run App byID

2022-02-22 20:39:18 - [TEST_STEP][PASSED] - startApp.OpenApp.startApplication("id.co.miraeasset.sageclub"): startApp.OpenApp.startApplication is PASSED

2022-02-22 20:39:21 - [MESSAGE][INFO] - Appium server started on port 58,820

2022-02-22 20:39:47 - [MESSAGE][PASSED] - Starting app with application ID: 'id.co.miraeasset.sageclub'

2022-02-22 20:39:47 - [MESSAGE][PASSED] - startApp.OpenApp.startApplication is PASSED

2022-02-22 20:39:47 - [MESSAGE][PASSED] - Call Test Case 'Test Cases/Mobile/Page/Run App/Run App byID' successfully

2022-02-22 20:39:47 - [TEST_STEP][PASSED] - callTestCase(findTestCase("Mobile/Page/Portfolio/Portfolio"), ["tab":"summary", "action":"summary"], CONTINUE_ON_FAILURE): Call Test Case 'Test Cases/Mobile/Page/Portfolio/Portfolio' successfully

2022-02-22 20:39:47 - [TEST_CASE][PASSED] - Test Cases/Mobile/Page/Portfolio/Portfolio: Test Cases/Mobile/Page/Portfolio/Portfolio

2022-02-22 20:39:48 - [TEST_STEP][PASSED] - callTestCase(findTestCase("Mobile/Page/CheckLogin"), [:], CONTINUE_ON_FAILURE): Call Test Case 'Test Cases/Mobile/Page/CheckLogin' successfully

2022-02-22 20:39:48 - [TEST_CASE][PASSED] - Test Cases/Mobile/Page/CheckLogin: Test Cases/Mobile/Page/CheckLogin

2022-02-22 20:39:48 - [TEST_STEP][PASSED] - loginCheck = verifyElementExist(LOGN_BtnLogin, 5, CONTINUE_ON_FAILURE): Element 'Object Repository/Mobile/Page/Login/Button - Login' is exist

2022-02-22 20:39:48 - [MESSAGE][WARNING] - Test object with id 'Object Repository/Mobile/Page/Analysis/Button - Open With Just Once' does not exist

2022-02-22 20:39:48 - [MESSAGE][WARNING] - Test object with id 'Object Repository/Mobile/Page/Analysis/Button - Search' does not exist

2022-02-22 20:39:52 - [MESSAGE][WARNING] - Test object with id 'Object Repository/Mobile/Page/Home/Button -  Add Watchlist' does not exist

2022-02-22 20:39:52 - [MESSAGE][WARNING] - Test object with id 'Object Repository/Mobile/Page/Home/Button - Open with Just Once' does not exist

2022-02-22 20:39:52 - [MESSAGE][WARNING] - Test object with id 'Object Repository/Mobile/Page/Home/Container - Notification' does not exist

2022-02-22 20:39:53 - [MESSAGE][WARNING] - Test object with id 'Object Repository/Mobile/Page/Home/Watchlist/Input - Search' does not exist

2022-02-22 20:39:53 - [MESSAGE][WARNING] - Test object with id 'Object Repository/Mobile/Page/Home/Watchlist/Item - Top Search' does not exist

2022-02-22 20:39:54 - [MESSAGE][WARNING] - Test object with id 'Object Repository/Mobile/Page/Home/Watchlist/Detail Watchlist/Input - Expiry Date' does not exist

2022-02-22 20:39:54 - [MESSAGE][WARNING] - Test object with id 'Object Repository/Mobile/Page/Home/Watchlist/Detail Watchlist/Item - Watchlist' does not exist

2022-02-22 20:39:55 - [MESSAGE][WARNING] - Test object with id 'Object Repository/Mobile/Page/NavigationMenu/Button - Open Just Once' does not exist

2022-02-22 20:39:56 - [MESSAGE][WARNING] - Test object with id 'Object Repository/Mobile/Page/NavigationMenu/Container - Logout' does not exist

2022-02-22 20:40:03 - [MESSAGE][WARNING] - Test object with id 'Object Repository/Mobile/Page/Analysis/Button - Open With Just Once' does not exist

2022-02-22 20:40:03 - [MESSAGE][WARNING] - Test object with id 'Object Repository/Mobile/Page/Analysis/Button - Search' does not exist

2022-02-22 20:40:06 - [MESSAGE][WARNING] - Test object with id 'Object Repository/Mobile/Page/Home/Button -  Add Watchlist' does not exist

2022-02-22 20:40:06 - [MESSAGE][WARNING] - Test object with id 'Object Repository/Mobile/Page/Home/Button - Open with Just Once' does not exist

2022-02-22 20:40:06 - [MESSAGE][WARNING] - Test object with id 'Object Repository/Mobile/Page/Home/Container - Notification' does not exist

2022-02-22 20:40:07 - [MESSAGE][WARNING] - Test object with id 'Object Repository/Mobile/Page/Home/Watchlist/Input - Search' does not exist

2022-02-22 20:40:07 - [MESSAGE][WARNING] - Test object with id 'Object Repository/Mobile/Page/Home/Watchlist/Item - Top Search' does not exist

2022-02-22 20:40:07 - [MESSAGE][WARNING] - Test object with id 'Object Repository/Mobile/Page/Home/Watchlist/Detail Watchlist/Input - Expiry Date' does not exist

2022-02-22 20:40:07 - [MESSAGE][WARNING] - Test object with id 'Object Repository/Mobile/Page/Home/Watchlist/Detail Watchlist/Item - Watchlist' does not exist

2022-02-22 20:40:09 - [MESSAGE][WARNING] - Test object with id 'Object Repository/Mobile/Page/NavigationMenu/Button - Open Just Once' does not exist

2022-02-22 20:40:09 - [MESSAGE][WARNING] - Test object with id 'Object Repository/Mobile/Page/NavigationMenu/Container - Logout' does not exist

2022-02-22 20:40:17 - [MESSAGE][PASSED] - Element 'Object Repository/Mobile/Page/Login/Button - Login' is exist

2022-02-22 20:40:17 - [TEST_STEP][PASSED] - if (loginCheck): Call Test Case 'Test Cases/Mobile/Page/Login/Login' successfully

2022-02-22 20:40:17 - [TEST_STEP][PASSED] - callTestCase(findTestCase("Mobile/Page/Login/Login"), ["action":"username"], CONTINUE_ON_FAILURE): Call Test Case 'Test Cases/Mobile/Page/Login/Login' successfully

2022-02-22 20:40:17 - [TEST_CASE][PASSED] - Test Cases/Mobile/Page/Login/Login: Test Cases/Mobile/Page/Login/Login

2022-02-22 20:40:18 - [TEST_STEP][PASSED] - delay(2): Delayed 2 second(s)

2022-02-22 20:40:20 - [MESSAGE][PASSED] - Delayed 2 second(s)

2022-02-22 20:40:20 - [TEST_STEP][PASSED] - for ([i = 0, i < 1, (i++)]): null

2022-02-22 20:40:20 - [TEST_STEP][PASSED] - if (action == "username"): null

2022-02-22 20:40:20 - [TEST_STEP][PASSED] - tap(LOGN_EdtUserID, 0): Tapped on element 'Object Repository/Mobile/Page/Login/Input - UserID'

2022-02-22 20:40:20 - [MESSAGE][WARNING] - Timeout '0' is invalid. Using default page load timeout: '60'

2022-02-22 20:40:20 - [MESSAGE][PASSED] - Tapped on element 'Object Repository/Mobile/Page/Login/Input - UserID'

2022-02-22 20:40:20 - [TEST_STEP][PASSED] - delay(1): Delayed 1 second(s)

2022-02-22 20:40:21 - [MESSAGE][PASSED] - Delayed 1 second(s)

2022-02-22 20:40:21 - [TEST_STEP][PASSED] - setText(LOGN_EdtRdyUserID, "anggaaditya", 0): Text 'anggaaditya' has been set to element 'Object Repository/Mobile/Page/Login/Input Rdy - UserID'

2022-02-22 20:40:21 - [MESSAGE][WARNING] - Timeout '0' is invalid. Using default page load timeout: '60'

2022-02-22 20:40:22 - [MESSAGE][PASSED] - Text 'anggaaditya' has been set to element 'Object Repository/Mobile/Page/Login/Input Rdy - UserID'

2022-02-22 20:40:22 - [TEST_STEP][PASSED] - delay(1): Delayed 1 second(s)

2022-02-22 20:40:23 - [MESSAGE][PASSED] - Delayed 1 second(s)

2022-02-22 20:40:23 - [TEST_STEP][PASSED] - hideKeyboard(): Keyboard is hidden

2022-02-22 20:40:27 - [MESSAGE][PASSED] - Keyboard is hidden

2022-02-22 20:40:27 - [TEST_STEP][PASSED] - tap(LOGN_EdtPassword, 0): Tapped on element 'Object Repository/Mobile/Page/Login/Input - Password'

2022-02-22 20:40:27 - [MESSAGE][WARNING] - Timeout '0' is invalid. Using default page load timeout: '60'

2022-02-22 20:40:28 - [MESSAGE][PASSED] - Tapped on element 'Object Repository/Mobile/Page/Login/Input - Password'

2022-02-22 20:40:28 - [TEST_STEP][PASSED] - delay(1): Delayed 1 second(s)

2022-02-22 20:40:29 - [MESSAGE][PASSED] - Delayed 1 second(s)

2022-02-22 20:40:29 - [TEST_STEP][PASSED] - setText(LOGN_EdtRdyPassword, "Shalawa18", 0): Text 'Shalawa18' has been set to element 'Object Repository/Mobile/Page/Login/Input Rdy - Password'

2022-02-22 20:40:29 - [MESSAGE][WARNING] - Timeout '0' is invalid. Using default page load timeout: '60'

2022-02-22 20:40:29 - [MESSAGE][PASSED] - Text 'Shalawa18' has been set to element 'Object Repository/Mobile/Page/Login/Input Rdy - Password'

2022-02-22 20:40:29 - [TEST_STEP][PASSED] - delay(1): Delayed 1 second(s)

2022-02-22 20:40:30 - [MESSAGE][PASSED] - Delayed 1 second(s)

2022-02-22 20:40:30 - [TEST_STEP][PASSED] - hideKeyboard(): Keyboard is hidden

2022-02-22 20:40:38 - [MESSAGE][PASSED] - Keyboard is hidden

2022-02-22 20:40:38 - [TEST_STEP][PASSED] - tap(LOGN_BtnLogin, 0): Tapped on element 'Object Repository/Mobile/Page/Login/Button - Login'

2022-02-22 20:40:38 - [MESSAGE][WARNING] - Timeout '0' is invalid. Using default page load timeout: '60'

2022-02-22 20:40:39 - [MESSAGE][PASSED] - Tapped on element 'Object Repository/Mobile/Page/Login/Button - Login'

2022-02-22 20:40:39 - [TEST_STEP][PASSED] - delay(2): Delayed 2 second(s)

2022-02-22 20:40:41 - [MESSAGE][PASSED] - Delayed 2 second(s)

2022-02-22 20:40:41 - [TEST_STEP][PASSED] - break: null

2022-02-22 20:40:41 - [MESSAGE][PASSED] - Call Test Case 'Test Cases/Mobile/Page/Login/Login' successfully

2022-02-22 20:40:41 - [MESSAGE][PASSED] - Call Test Case 'Test Cases/Mobile/Page/CheckLogin' successfully

2022-02-22 20:40:41 - [TEST_STEP][PASSED] - tap(HOME_MenubarPortfolio, 0): Tapped on element 'Object Repository/Mobile/Page/Home/Menubar - Portfolio'

2022-02-22 20:40:41 - [MESSAGE][WARNING] - Timeout '0' is invalid. Using default page load timeout: '60'

2022-02-22 20:40:42 - [MESSAGE][PASSED] - Tapped on element 'Object Repository/Mobile/Page/Home/Menubar - Portfolio'

2022-02-22 20:40:42 - [TEST_STEP][PASSED] - delay(1): Delayed 1 second(s)

2022-02-22 20:40:43 - [MESSAGE][PASSED] - Delayed 1 second(s)

2022-02-22 20:40:43 - [TEST_STEP][PASSED] - for ([i = 0, i < 1, (i++)]): null

2022-02-22 20:40:43 - [TEST_STEP][PASSED] - if (tab == "summary"): null

2022-02-22 20:40:43 - [TEST_STEP][PASSED] - idr = PORT_BtnIDR: null

2022-02-22 20:40:43 - [TEST_STEP][PASSED] - persen = PORT_BtnPersen: null

2022-02-22 20:40:43 - [TEST_STEP][PASSED] - if (action == "summary"): Delayed 3 second(s)

2022-02-22 20:40:43 - [TEST_STEP][PASSED] - delay(3): Delayed 3 second(s)

2022-02-22 20:40:46 - [MESSAGE][PASSED] - Delayed 3 second(s)

2022-02-22 20:40:46 - [TEST_STEP][PASSED] - if (action != "summary"): null

2022-02-22 20:40:46 - [MESSAGE][PASSED] - Call Test Case 'Test Cases/Mobile/Page/Portfolio/Portfolio' successfully

2022-02-22 20:40:46 - [TEST_STEP][PASSED] - callTestCase(findTestCase("Mobile/Page/Run App/Terminate App"), [:], STOP_ON_FAILURE): Call Test Case 'Test Cases/Mobile/Page/Run App/Terminate App' successfully

2022-02-22 20:40:47 - [TEST_CASE][PASSED] - Test Cases/Mobile/Page/Run App/Terminate App: Test Cases/Mobile/Page/Run App/Terminate App

2022-02-22 20:40:47 - [TEST_STEP][PASSED] - startApp.OpenApp.terminateApplication(): startApp.OpenApp.terminateApplication is PASSED

2022-02-22 20:40:50 - [MESSAGE][PASSED] - Delayed 3 second(s)

2022-02-22 20:40:51 - [MESSAGE][PASSED] - Current device physical width is 720

2022-02-22 20:40:51 - [MESSAGE][PASSED] - Current device physical height is 1423

2022-02-22 20:40:53 - [MESSAGE][PASSED] - Swiped from 360,853 to 360,142

2022-02-22 20:40:54 - [MESSAGE][PASSED] - Delayed 1 second(s)

2022-02-22 20:40:55 - [MESSAGE][PASSED] - Swiped from 360,853 to 360,142

2022-02-22 20:40:58 - [MESSAGE][PASSED] - Delayed 3 second(s)

2022-02-22 20:40:58 - [MESSAGE][PASSED] - startApp.OpenApp.terminateApplication is PASSED

2022-02-22 20:40:58 - [MESSAGE][PASSED] - Call Test Case 'Test Cases/Mobile/Page/Run App/Terminate App' successfully]]></system-out>
         <system-err><![CDATA[]]></system-err>
      </testcase>
      <testcase name="Test Cases/Mobile/Scenario/Portfolio/002 - Portfolio Performance Daily IDR" time="73.973" classname="Test Cases/Mobile/Scenario/Portfolio/002 - Portfolio Performance Daily IDR" status="PASSED">
         <system-out><![CDATA[2022-02-22 20:40:58 - [TEST_CASE][PASSED] - Test Cases/Mobile/Scenario/Portfolio/002 - Portfolio Performance Daily IDR: Test Cases/Mobile/Scenario/Portfolio/002 - Portfolio Performance Daily IDR

2022-02-22 20:40:59 - [TEST_STEP][PASSED] - callTestCase(findTestCase("Mobile/Page/Run App/Run App byID"), [:], STOP_ON_FAILURE): Call Test Case 'Test Cases/Mobile/Page/Run App/Run App byID' successfully

2022-02-22 20:40:59 - [TEST_CASE][PASSED] - Test Cases/Mobile/Page/Run App/Run App byID: Test Cases/Mobile/Page/Run App/Run App byID

2022-02-22 20:40:59 - [TEST_STEP][PASSED] - startApp.OpenApp.startApplication("id.co.miraeasset.sageclub"): startApp.OpenApp.startApplication is PASSED

2022-02-22 20:41:19 - [MESSAGE][PASSED] - Starting app with application ID: 'id.co.miraeasset.sageclub'

2022-02-22 20:41:19 - [MESSAGE][PASSED] - startApp.OpenApp.startApplication is PASSED

2022-02-22 20:41:19 - [MESSAGE][PASSED] - Call Test Case 'Test Cases/Mobile/Page/Run App/Run App byID' successfully

2022-02-22 20:41:19 - [TEST_STEP][PASSED] - callTestCase(findTestCase("Mobile/Page/Portfolio/Portfolio"), ["tab":"summary", "action":"perf_daily", "action2":"idr"], CONTINUE_ON_FAILURE): Call Test Case 'Test Cases/Mobile/Page/Portfolio/Portfolio' successfully

2022-02-22 20:41:19 - [TEST_CASE][PASSED] - Test Cases/Mobile/Page/Portfolio/Portfolio: Test Cases/Mobile/Page/Portfolio/Portfolio

2022-02-22 20:41:19 - [TEST_STEP][PASSED] - callTestCase(findTestCase("Mobile/Page/CheckLogin"), [:], CONTINUE_ON_FAILURE): Call Test Case 'Test Cases/Mobile/Page/CheckLogin' successfully

2022-02-22 20:41:19 - [TEST_CASE][PASSED] - Test Cases/Mobile/Page/CheckLogin: Test Cases/Mobile/Page/CheckLogin

2022-02-22 20:41:19 - [TEST_STEP][PASSED] - loginCheck = verifyElementExist(LOGN_BtnLogin, 5, CONTINUE_ON_FAILURE): Element 'Object Repository/Mobile/Page/Login/Button - Login' is exist

2022-02-22 20:41:21 - [MESSAGE][PASSED] - Element 'Object Repository/Mobile/Page/Login/Button - Login' is exist

2022-02-22 20:41:21 - [TEST_STEP][PASSED] - if (loginCheck): Call Test Case 'Test Cases/Mobile/Page/Login/Login' successfully

2022-02-22 20:41:21 - [TEST_STEP][PASSED] - callTestCase(findTestCase("Mobile/Page/Login/Login"), ["action":"username"], CONTINUE_ON_FAILURE): Call Test Case 'Test Cases/Mobile/Page/Login/Login' successfully

2022-02-22 20:41:21 - [TEST_CASE][PASSED] - Test Cases/Mobile/Page/Login/Login: Test Cases/Mobile/Page/Login/Login

2022-02-22 20:41:21 - [TEST_STEP][PASSED] - delay(2): Delayed 2 second(s)

2022-02-22 20:41:23 - [MESSAGE][PASSED] - Delayed 2 second(s)

2022-02-22 20:41:23 - [TEST_STEP][PASSED] - for ([i = 0, i < 1, (i++)]): null

2022-02-22 20:41:23 - [TEST_STEP][PASSED] - if (action == "username"): null

2022-02-22 20:41:23 - [TEST_STEP][PASSED] - tap(LOGN_EdtUserID, 0): Tapped on element 'Object Repository/Mobile/Page/Login/Input - UserID'

2022-02-22 20:41:23 - [MESSAGE][WARNING] - Timeout '0' is invalid. Using default page load timeout: '60'

2022-02-22 20:41:23 - [MESSAGE][PASSED] - Tapped on element 'Object Repository/Mobile/Page/Login/Input - UserID'

2022-02-22 20:41:23 - [TEST_STEP][PASSED] - delay(1): Delayed 1 second(s)

2022-02-22 20:41:24 - [MESSAGE][PASSED] - Delayed 1 second(s)

2022-02-22 20:41:24 - [TEST_STEP][PASSED] - setText(LOGN_EdtRdyUserID, "anggaaditya", 0): Text 'anggaaditya' has been set to element 'Object Repository/Mobile/Page/Login/Input Rdy - UserID'

2022-02-22 20:41:24 - [MESSAGE][WARNING] - Timeout '0' is invalid. Using default page load timeout: '60'

2022-02-22 20:41:25 - [MESSAGE][PASSED] - Text 'anggaaditya' has been set to element 'Object Repository/Mobile/Page/Login/Input Rdy - UserID'

2022-02-22 20:41:25 - [TEST_STEP][PASSED] - delay(1): Delayed 1 second(s)

2022-02-22 20:41:26 - [MESSAGE][PASSED] - Delayed 1 second(s)

2022-02-22 20:41:26 - [TEST_STEP][PASSED] - hideKeyboard(): Keyboard is hidden

2022-02-22 20:41:30 - [MESSAGE][PASSED] - Keyboard is hidden

2022-02-22 20:41:30 - [TEST_STEP][PASSED] - tap(LOGN_EdtPassword, 0): Tapped on element 'Object Repository/Mobile/Page/Login/Input - Password'

2022-02-22 20:41:30 - [MESSAGE][WARNING] - Timeout '0' is invalid. Using default page load timeout: '60'

2022-02-22 20:41:31 - [MESSAGE][PASSED] - Tapped on element 'Object Repository/Mobile/Page/Login/Input - Password'

2022-02-22 20:41:31 - [TEST_STEP][PASSED] - delay(1): Delayed 1 second(s)

2022-02-22 20:41:32 - [MESSAGE][PASSED] - Delayed 1 second(s)

2022-02-22 20:41:32 - [TEST_STEP][PASSED] - setText(LOGN_EdtRdyPassword, "Shalawa18", 0): Text 'Shalawa18' has been set to element 'Object Repository/Mobile/Page/Login/Input Rdy - Password'

2022-02-22 20:41:32 - [MESSAGE][WARNING] - Timeout '0' is invalid. Using default page load timeout: '60'

2022-02-22 20:41:32 - [MESSAGE][PASSED] - Text 'Shalawa18' has been set to element 'Object Repository/Mobile/Page/Login/Input Rdy - Password'

2022-02-22 20:41:32 - [TEST_STEP][PASSED] - delay(1): Delayed 1 second(s)

2022-02-22 20:41:33 - [MESSAGE][PASSED] - Delayed 1 second(s)

2022-02-22 20:41:33 - [TEST_STEP][PASSED] - hideKeyboard(): Keyboard is hidden

2022-02-22 20:41:40 - [MESSAGE][PASSED] - Keyboard is hidden

2022-02-22 20:41:40 - [TEST_STEP][PASSED] - tap(LOGN_BtnLogin, 0): Tapped on element 'Object Repository/Mobile/Page/Login/Button - Login'

2022-02-22 20:41:40 - [MESSAGE][WARNING] - Timeout '0' is invalid. Using default page load timeout: '60'

2022-02-22 20:41:41 - [MESSAGE][PASSED] - Tapped on element 'Object Repository/Mobile/Page/Login/Button - Login'

2022-02-22 20:41:41 - [TEST_STEP][PASSED] - delay(2): Delayed 2 second(s)

2022-02-22 20:41:43 - [MESSAGE][PASSED] - Delayed 2 second(s)

2022-02-22 20:41:43 - [TEST_STEP][PASSED] - break: null

2022-02-22 20:41:43 - [MESSAGE][PASSED] - Call Test Case 'Test Cases/Mobile/Page/Login/Login' successfully

2022-02-22 20:41:43 - [MESSAGE][PASSED] - Call Test Case 'Test Cases/Mobile/Page/CheckLogin' successfully

2022-02-22 20:41:43 - [TEST_STEP][PASSED] - tap(HOME_MenubarPortfolio, 0): Tapped on element 'Object Repository/Mobile/Page/Home/Menubar - Portfolio'

2022-02-22 20:41:43 - [MESSAGE][WARNING] - Timeout '0' is invalid. Using default page load timeout: '60'

2022-02-22 20:41:45 - [MESSAGE][PASSED] - Tapped on element 'Object Repository/Mobile/Page/Home/Menubar - Portfolio'

2022-02-22 20:41:45 - [TEST_STEP][PASSED] - delay(1): Delayed 1 second(s)

2022-02-22 20:41:46 - [MESSAGE][PASSED] - Delayed 1 second(s)

2022-02-22 20:41:46 - [TEST_STEP][PASSED] - for ([i = 0, i < 1, (i++)]): Delayed 3 second(s)

2022-02-22 20:41:46 - [TEST_STEP][PASSED] - if (tab == "summary"): Delayed 3 second(s)

2022-02-22 20:41:46 - [TEST_STEP][PASSED] - idr = PORT_BtnIDR: null

2022-02-22 20:41:46 - [TEST_STEP][PASSED] - persen = PORT_BtnPersen: null

2022-02-22 20:41:46 - [TEST_STEP][PASSED] - if (action == "summary"): null

2022-02-22 20:41:46 - [TEST_STEP][PASSED] - else if (action == "perf_daily"): scroll.scroll.scrollScreenBottomToTop is PASSED

2022-02-22 20:41:46 - [TEST_STEP][PASSED] - scroll.scroll.scrollScreenBottomToTop(): scroll.scroll.scrollScreenBottomToTop is PASSED

2022-02-22 20:41:46 - [MESSAGE][PASSED] - Current device physical height is 1423

2022-02-22 20:41:47 - [MESSAGE][PASSED] - Current device physical width is 720

2022-02-22 20:41:48 - [MESSAGE][PASSED] - Swiped from 360,1,138 to 360,284

2022-02-22 20:41:48 - [MESSAGE][PASSED] - scroll.scroll.scrollScreenBottomToTop is PASSED

2022-02-22 20:41:48 - [TEST_STEP][PASSED] - if (action != "summary"): Delayed 3 second(s)

2022-02-22 20:41:48 - [TEST_STEP][PASSED] - delay(1): Delayed 1 second(s)

2022-02-22 20:41:49 - [MESSAGE][PASSED] - Delayed 1 second(s)

2022-02-22 20:41:49 - [TEST_STEP][PASSED] - scroll.scroll.scrollScreenBottomToTop(): scroll.scroll.scrollScreenBottomToTop is PASSED

2022-02-22 20:41:50 - [MESSAGE][PASSED] - Current device physical height is 1423

2022-02-22 20:41:51 - [MESSAGE][PASSED] - Current device physical width is 720

2022-02-22 20:41:52 - [MESSAGE][PASSED] - Swiped from 360,1,138 to 360,284

2022-02-22 20:41:52 - [MESSAGE][PASSED] - scroll.scroll.scrollScreenBottomToTop is PASSED

2022-02-22 20:41:52 - [TEST_STEP][PASSED] - scroll.scroll.scrollScreenBottomToTop(): scroll.scroll.scrollScreenBottomToTop is PASSED

2022-02-22 20:41:52 - [MESSAGE][PASSED] - Current device physical height is 1423

2022-02-22 20:41:53 - [MESSAGE][PASSED] - Current device physical width is 720

2022-02-22 20:41:54 - [MESSAGE][PASSED] - Swiped from 360,1,138 to 360,284

2022-02-22 20:41:54 - [MESSAGE][PASSED] - scroll.scroll.scrollScreenBottomToTop is PASSED

2022-02-22 20:41:54 - [TEST_STEP][PASSED] - delay(3): Delayed 3 second(s)

2022-02-22 20:41:57 - [MESSAGE][PASSED] - Delayed 3 second(s)

2022-02-22 20:41:57 - [TEST_STEP][PASSED] - if (action2 == "idr"): Delayed 3 second(s)

2022-02-22 20:41:57 - [TEST_STEP][PASSED] - tap(idr, 10): Tapped on element 'Object Repository/Mobile/Page/Portfolio/Button - IDR'

2022-02-22 20:41:58 - [MESSAGE][PASSED] - Tapped on element 'Object Repository/Mobile/Page/Portfolio/Button - IDR'

2022-02-22 20:41:58 - [TEST_STEP][PASSED] - delay(3): Delayed 3 second(s)

2022-02-22 20:42:01 - [MESSAGE][PASSED] - Delayed 3 second(s)

2022-02-22 20:42:01 - [MESSAGE][PASSED] - Call Test Case 'Test Cases/Mobile/Page/Portfolio/Portfolio' successfully

2022-02-22 20:42:01 - [TEST_STEP][PASSED] - callTestCase(findTestCase("Mobile/Page/Run App/Terminate App"), [:], STOP_ON_FAILURE): Call Test Case 'Test Cases/Mobile/Page/Run App/Terminate App' successfully

2022-02-22 20:42:01 - [TEST_CASE][PASSED] - Test Cases/Mobile/Page/Run App/Terminate App: Test Cases/Mobile/Page/Run App/Terminate App

2022-02-22 20:42:01 - [TEST_STEP][PASSED] - startApp.OpenApp.terminateApplication(): startApp.OpenApp.terminateApplication is PASSED

2022-02-22 20:42:04 - [MESSAGE][PASSED] - Delayed 3 second(s)

2022-02-22 20:42:05 - [MESSAGE][PASSED] - Current device physical width is 720

2022-02-22 20:42:05 - [MESSAGE][PASSED] - Current device physical height is 1423

2022-02-22 20:42:07 - [MESSAGE][PASSED] - Swiped from 360,853 to 360,142

2022-02-22 20:42:08 - [MESSAGE][PASSED] - Delayed 1 second(s)

2022-02-22 20:42:09 - [MESSAGE][PASSED] - Swiped from 360,853 to 360,142

2022-02-22 20:42:12 - [MESSAGE][PASSED] - Delayed 3 second(s)

2022-02-22 20:42:12 - [MESSAGE][PASSED] - startApp.OpenApp.terminateApplication is PASSED

2022-02-22 20:42:12 - [MESSAGE][PASSED] - Call Test Case 'Test Cases/Mobile/Page/Run App/Terminate App' successfully]]></system-out>
         <system-err><![CDATA[]]></system-err>
      </testcase>
      <testcase name="Test Cases/Mobile/Scenario/Portfolio/003 - Portfolio Performance Month to Date IDR" time="76.093" classname="Test Cases/Mobile/Scenario/Portfolio/003 - Portfolio Performance Month to Date IDR" status="PASSED">
         <system-out><![CDATA[2022-02-22 20:42:12 - [TEST_CASE][PASSED] - Test Cases/Mobile/Scenario/Portfolio/003 - Portfolio Performance Month to Date IDR: Test Cases/Mobile/Scenario/Portfolio/003 - Portfolio Performance Month to Date IDR

2022-02-22 20:42:13 - [TEST_STEP][PASSED] - callTestCase(findTestCase("Mobile/Page/Run App/Run App byID"), [:], STOP_ON_FAILURE): Call Test Case 'Test Cases/Mobile/Page/Run App/Run App byID' successfully

2022-02-22 20:42:13 - [TEST_CASE][PASSED] - Test Cases/Mobile/Page/Run App/Run App byID: Test Cases/Mobile/Page/Run App/Run App byID

2022-02-22 20:42:13 - [TEST_STEP][PASSED] - startApp.OpenApp.startApplication("id.co.miraeasset.sageclub"): startApp.OpenApp.startApplication is PASSED

2022-02-22 20:42:33 - [MESSAGE][PASSED] - Starting app with application ID: 'id.co.miraeasset.sageclub'

2022-02-22 20:42:33 - [MESSAGE][PASSED] - startApp.OpenApp.startApplication is PASSED

2022-02-22 20:42:33 - [MESSAGE][PASSED] - Call Test Case 'Test Cases/Mobile/Page/Run App/Run App byID' successfully

2022-02-22 20:42:33 - [TEST_STEP][PASSED] - callTestCase(findTestCase("Mobile/Page/Portfolio/Portfolio"), ["tab":"summary", "action":"perf_month", "action2":"idr"], CONTINUE_ON_FAILURE): Call Test Case 'Test Cases/Mobile/Page/Portfolio/Portfolio' successfully

2022-02-22 20:42:33 - [TEST_CASE][PASSED] - Test Cases/Mobile/Page/Portfolio/Portfolio: Test Cases/Mobile/Page/Portfolio/Portfolio

2022-02-22 20:42:33 - [TEST_STEP][PASSED] - callTestCase(findTestCase("Mobile/Page/CheckLogin"), [:], CONTINUE_ON_FAILURE): Call Test Case 'Test Cases/Mobile/Page/CheckLogin' successfully

2022-02-22 20:42:33 - [TEST_CASE][PASSED] - Test Cases/Mobile/Page/CheckLogin: Test Cases/Mobile/Page/CheckLogin

2022-02-22 20:42:33 - [TEST_STEP][PASSED] - loginCheck = verifyElementExist(LOGN_BtnLogin, 5, CONTINUE_ON_FAILURE): Element 'Object Repository/Mobile/Page/Login/Button - Login' is exist

2022-02-22 20:42:34 - [MESSAGE][PASSED] - Element 'Object Repository/Mobile/Page/Login/Button - Login' is exist

2022-02-22 20:42:34 - [TEST_STEP][PASSED] - if (loginCheck): Call Test Case 'Test Cases/Mobile/Page/Login/Login' successfully

2022-02-22 20:42:34 - [TEST_STEP][PASSED] - callTestCase(findTestCase("Mobile/Page/Login/Login"), ["action":"username"], CONTINUE_ON_FAILURE): Call Test Case 'Test Cases/Mobile/Page/Login/Login' successfully

2022-02-22 20:42:35 - [TEST_CASE][PASSED] - Test Cases/Mobile/Page/Login/Login: Test Cases/Mobile/Page/Login/Login

2022-02-22 20:42:35 - [TEST_STEP][PASSED] - delay(2): Delayed 2 second(s)

2022-02-22 20:42:37 - [MESSAGE][PASSED] - Delayed 2 second(s)

2022-02-22 20:42:37 - [TEST_STEP][PASSED] - for ([i = 0, i < 1, (i++)]): null

2022-02-22 20:42:37 - [TEST_STEP][PASSED] - if (action == "username"): null

2022-02-22 20:42:37 - [TEST_STEP][PASSED] - tap(LOGN_EdtUserID, 0): Tapped on element 'Object Repository/Mobile/Page/Login/Input - UserID'

2022-02-22 20:42:37 - [MESSAGE][WARNING] - Timeout '0' is invalid. Using default page load timeout: '60'

2022-02-22 20:42:37 - [MESSAGE][PASSED] - Tapped on element 'Object Repository/Mobile/Page/Login/Input - UserID'

2022-02-22 20:42:37 - [TEST_STEP][PASSED] - delay(1): Delayed 1 second(s)

2022-02-22 20:42:38 - [MESSAGE][PASSED] - Delayed 1 second(s)

2022-02-22 20:42:38 - [TEST_STEP][PASSED] - setText(LOGN_EdtRdyUserID, "anggaaditya", 0): Text 'anggaaditya' has been set to element 'Object Repository/Mobile/Page/Login/Input Rdy - UserID'

2022-02-22 20:42:38 - [MESSAGE][WARNING] - Timeout '0' is invalid. Using default page load timeout: '60'

2022-02-22 20:42:39 - [MESSAGE][PASSED] - Text 'anggaaditya' has been set to element 'Object Repository/Mobile/Page/Login/Input Rdy - UserID'

2022-02-22 20:42:39 - [TEST_STEP][PASSED] - delay(1): Delayed 1 second(s)

2022-02-22 20:42:40 - [MESSAGE][PASSED] - Delayed 1 second(s)

2022-02-22 20:42:40 - [TEST_STEP][PASSED] - hideKeyboard(): Keyboard is hidden

2022-02-22 20:42:44 - [MESSAGE][PASSED] - Keyboard is hidden

2022-02-22 20:42:44 - [TEST_STEP][PASSED] - tap(LOGN_EdtPassword, 0): Tapped on element 'Object Repository/Mobile/Page/Login/Input - Password'

2022-02-22 20:42:44 - [MESSAGE][WARNING] - Timeout '0' is invalid. Using default page load timeout: '60'

2022-02-22 20:42:44 - [MESSAGE][PASSED] - Tapped on element 'Object Repository/Mobile/Page/Login/Input - Password'

2022-02-22 20:42:44 - [TEST_STEP][PASSED] - delay(1): Delayed 1 second(s)

2022-02-22 20:42:45 - [MESSAGE][PASSED] - Delayed 1 second(s)

2022-02-22 20:42:45 - [TEST_STEP][PASSED] - setText(LOGN_EdtRdyPassword, "Shalawa18", 0): Text 'Shalawa18' has been set to element 'Object Repository/Mobile/Page/Login/Input Rdy - Password'

2022-02-22 20:42:45 - [MESSAGE][WARNING] - Timeout '0' is invalid. Using default page load timeout: '60'

2022-02-22 20:42:46 - [MESSAGE][PASSED] - Text 'Shalawa18' has been set to element 'Object Repository/Mobile/Page/Login/Input Rdy - Password'

2022-02-22 20:42:46 - [TEST_STEP][PASSED] - delay(1): Delayed 1 second(s)

2022-02-22 20:42:47 - [MESSAGE][PASSED] - Delayed 1 second(s)

2022-02-22 20:42:47 - [TEST_STEP][PASSED] - hideKeyboard(): Keyboard is hidden

2022-02-22 20:42:54 - [MESSAGE][PASSED] - Keyboard is hidden

2022-02-22 20:42:54 - [TEST_STEP][PASSED] - tap(LOGN_BtnLogin, 0): Tapped on element 'Object Repository/Mobile/Page/Login/Button - Login'

2022-02-22 20:42:54 - [MESSAGE][WARNING] - Timeout '0' is invalid. Using default page load timeout: '60'

2022-02-22 20:42:55 - [MESSAGE][PASSED] - Tapped on element 'Object Repository/Mobile/Page/Login/Button - Login'

2022-02-22 20:42:55 - [TEST_STEP][PASSED] - delay(2): Delayed 2 second(s)

2022-02-22 20:42:57 - [MESSAGE][PASSED] - Delayed 2 second(s)

2022-02-22 20:42:57 - [TEST_STEP][PASSED] - break: null

2022-02-22 20:42:57 - [MESSAGE][PASSED] - Call Test Case 'Test Cases/Mobile/Page/Login/Login' successfully

2022-02-22 20:42:57 - [MESSAGE][PASSED] - Call Test Case 'Test Cases/Mobile/Page/CheckLogin' successfully

2022-02-22 20:42:57 - [TEST_STEP][PASSED] - tap(HOME_MenubarPortfolio, 0): Tapped on element 'Object Repository/Mobile/Page/Home/Menubar - Portfolio'

2022-02-22 20:42:57 - [MESSAGE][WARNING] - Timeout '0' is invalid. Using default page load timeout: '60'

2022-02-22 20:43:00 - [MESSAGE][PASSED] - Tapped on element 'Object Repository/Mobile/Page/Home/Menubar - Portfolio'

2022-02-22 20:43:00 - [TEST_STEP][PASSED] - delay(1): Delayed 1 second(s)

2022-02-22 20:43:01 - [MESSAGE][PASSED] - Delayed 1 second(s)

2022-02-22 20:43:01 - [TEST_STEP][PASSED] - for ([i = 0, i < 1, (i++)]): Delayed 3 second(s)

2022-02-22 20:43:01 - [TEST_STEP][PASSED] - if (tab == "summary"): Delayed 3 second(s)

2022-02-22 20:43:01 - [TEST_STEP][PASSED] - idr = PORT_BtnIDR: null

2022-02-22 20:43:01 - [TEST_STEP][PASSED] - persen = PORT_BtnPersen: null

2022-02-22 20:43:01 - [TEST_STEP][PASSED] - if (action == "summary"): null

2022-02-22 20:43:01 - [TEST_STEP][PASSED] - else if (action == "perf_daily"): null

2022-02-22 20:43:01 - [TEST_STEP][PASSED] - else if (action == "perf_month"): Tapped on element 'Object Repository/Mobile/Page/Portfolio/Tab - Summary Month to Date'

2022-02-22 20:43:01 - [TEST_STEP][PASSED] - scroll.scroll.scrollScreenBottomToTop(): scroll.scroll.scrollScreenBottomToTop is PASSED

2022-02-22 20:43:01 - [MESSAGE][PASSED] - Current device physical height is 1423

2022-02-22 20:43:02 - [MESSAGE][PASSED] - Current device physical width is 720

2022-02-22 20:43:03 - [MESSAGE][PASSED] - Swiped from 360,1,138 to 360,284

2022-02-22 20:43:03 - [MESSAGE][PASSED] - scroll.scroll.scrollScreenBottomToTop is PASSED

2022-02-22 20:43:03 - [TEST_STEP][PASSED] - delay(1): Delayed 1 second(s)

2022-02-22 20:43:04 - [MESSAGE][PASSED] - Delayed 1 second(s)

2022-02-22 20:43:04 - [TEST_STEP][PASSED] - tap(PORT_TabSummaryMonth, 0): Tapped on element 'Object Repository/Mobile/Page/Portfolio/Tab - Summary Month to Date'

2022-02-22 20:43:04 - [MESSAGE][WARNING] - Timeout '0' is invalid. Using default page load timeout: '60'

2022-02-22 20:43:05 - [MESSAGE][PASSED] - Tapped on element 'Object Repository/Mobile/Page/Portfolio/Tab - Summary Month to Date'

2022-02-22 20:43:05 - [TEST_STEP][PASSED] - if (action != "summary"): Delayed 3 second(s)

2022-02-22 20:43:05 - [TEST_STEP][PASSED] - delay(1): Delayed 1 second(s)

2022-02-22 20:43:06 - [MESSAGE][PASSED] - Delayed 1 second(s)

2022-02-22 20:43:06 - [TEST_STEP][PASSED] - scroll.scroll.scrollScreenBottomToTop(): scroll.scroll.scrollScreenBottomToTop is PASSED

2022-02-22 20:43:07 - [MESSAGE][PASSED] - Current device physical height is 1423

2022-02-22 20:43:07 - [MESSAGE][PASSED] - Current device physical width is 720

2022-02-22 20:43:08 - [MESSAGE][PASSED] - Swiped from 360,1,138 to 360,284

2022-02-22 20:43:08 - [MESSAGE][PASSED] - scroll.scroll.scrollScreenBottomToTop is PASSED

2022-02-22 20:43:08 - [TEST_STEP][PASSED] - scroll.scroll.scrollScreenBottomToTop(): scroll.scroll.scrollScreenBottomToTop is PASSED

2022-02-22 20:43:09 - [MESSAGE][PASSED] - Current device physical height is 1423

2022-02-22 20:43:09 - [MESSAGE][PASSED] - Current device physical width is 720

2022-02-22 20:43:11 - [MESSAGE][PASSED] - Swiped from 360,1,138 to 360,284

2022-02-22 20:43:11 - [MESSAGE][PASSED] - scroll.scroll.scrollScreenBottomToTop is PASSED

2022-02-22 20:43:11 - [TEST_STEP][PASSED] - delay(3): Delayed 3 second(s)

2022-02-22 20:43:14 - [MESSAGE][PASSED] - Delayed 3 second(s)

2022-02-22 20:43:14 - [TEST_STEP][PASSED] - if (action2 == "idr"): Delayed 3 second(s)

2022-02-22 20:43:14 - [TEST_STEP][PASSED] - tap(idr, 10): Tapped on element 'Object Repository/Mobile/Page/Portfolio/Button - IDR'

2022-02-22 20:43:14 - [MESSAGE][PASSED] - Tapped on element 'Object Repository/Mobile/Page/Portfolio/Button - IDR'

2022-02-22 20:43:14 - [TEST_STEP][PASSED] - delay(3): Delayed 3 second(s)

2022-02-22 20:43:17 - [MESSAGE][PASSED] - Delayed 3 second(s)

2022-02-22 20:43:17 - [MESSAGE][PASSED] - Call Test Case 'Test Cases/Mobile/Page/Portfolio/Portfolio' successfully

2022-02-22 20:43:17 - [TEST_STEP][PASSED] - callTestCase(findTestCase("Mobile/Page/Run App/Terminate App"), [:], STOP_ON_FAILURE): Call Test Case 'Test Cases/Mobile/Page/Run App/Terminate App' successfully

2022-02-22 20:43:17 - [TEST_CASE][PASSED] - Test Cases/Mobile/Page/Run App/Terminate App: Test Cases/Mobile/Page/Run App/Terminate App

2022-02-22 20:43:17 - [TEST_STEP][PASSED] - startApp.OpenApp.terminateApplication(): startApp.OpenApp.terminateApplication is PASSED

2022-02-22 20:43:20 - [MESSAGE][PASSED] - Delayed 3 second(s)

2022-02-22 20:43:21 - [MESSAGE][PASSED] - Current device physical width is 720

2022-02-22 20:43:21 - [MESSAGE][PASSED] - Current device physical height is 1423

2022-02-22 20:43:23 - [MESSAGE][PASSED] - Swiped from 360,853 to 360,142

2022-02-22 20:43:24 - [MESSAGE][PASSED] - Delayed 1 second(s)

2022-02-22 20:43:25 - [MESSAGE][PASSED] - Swiped from 360,853 to 360,142

2022-02-22 20:43:28 - [MESSAGE][PASSED] - Delayed 3 second(s)

2022-02-22 20:43:28 - [MESSAGE][PASSED] - startApp.OpenApp.terminateApplication is PASSED

2022-02-22 20:43:28 - [MESSAGE][PASSED] - Call Test Case 'Test Cases/Mobile/Page/Run App/Terminate App' successfully]]></system-out>
         <system-err><![CDATA[]]></system-err>
      </testcase>
      <testcase name="Test Cases/Mobile/Scenario/Portfolio/004 - Portfolio Performance Quarter to Date IDR" time="76.067" classname="Test Cases/Mobile/Scenario/Portfolio/004 - Portfolio Performance Quarter to Date IDR" status="PASSED">
         <system-out><![CDATA[2022-02-22 20:43:28 - [TEST_CASE][PASSED] - Test Cases/Mobile/Scenario/Portfolio/004 - Portfolio Performance Quarter to Date IDR: Test Cases/Mobile/Scenario/Portfolio/004 - Portfolio Performance Quarter to Date IDR

2022-02-22 20:43:29 - [TEST_STEP][PASSED] - callTestCase(findTestCase("Mobile/Page/Run App/Run App byID"), [:], STOP_ON_FAILURE): Call Test Case 'Test Cases/Mobile/Page/Run App/Run App byID' successfully

2022-02-22 20:43:29 - [TEST_CASE][PASSED] - Test Cases/Mobile/Page/Run App/Run App byID: Test Cases/Mobile/Page/Run App/Run App byID

2022-02-22 20:43:29 - [TEST_STEP][PASSED] - startApp.OpenApp.startApplication("id.co.miraeasset.sageclub"): startApp.OpenApp.startApplication is PASSED

2022-02-22 20:43:49 - [MESSAGE][PASSED] - Starting app with application ID: 'id.co.miraeasset.sageclub'

2022-02-22 20:43:49 - [MESSAGE][PASSED] - startApp.OpenApp.startApplication is PASSED

2022-02-22 20:43:49 - [MESSAGE][PASSED] - Call Test Case 'Test Cases/Mobile/Page/Run App/Run App byID' successfully

2022-02-22 20:43:49 - [TEST_STEP][PASSED] - callTestCase(findTestCase("Mobile/Page/Portfolio/Portfolio"), ["tab":"summary", "action":"perf_quarter", "action2":"idr"], CONTINUE_ON_FAILURE): Call Test Case 'Test Cases/Mobile/Page/Portfolio/Portfolio' successfully

2022-02-22 20:43:49 - [TEST_CASE][PASSED] - Test Cases/Mobile/Page/Portfolio/Portfolio: Test Cases/Mobile/Page/Portfolio/Portfolio

2022-02-22 20:43:49 - [TEST_STEP][PASSED] - callTestCase(findTestCase("Mobile/Page/CheckLogin"), [:], CONTINUE_ON_FAILURE): Call Test Case 'Test Cases/Mobile/Page/CheckLogin' successfully

2022-02-22 20:43:49 - [TEST_CASE][PASSED] - Test Cases/Mobile/Page/CheckLogin: Test Cases/Mobile/Page/CheckLogin

2022-02-22 20:43:49 - [TEST_STEP][PASSED] - loginCheck = verifyElementExist(LOGN_BtnLogin, 5, CONTINUE_ON_FAILURE): Element 'Object Repository/Mobile/Page/Login/Button - Login' is exist

2022-02-22 20:43:51 - [MESSAGE][PASSED] - Element 'Object Repository/Mobile/Page/Login/Button - Login' is exist

2022-02-22 20:43:51 - [TEST_STEP][PASSED] - if (loginCheck): Call Test Case 'Test Cases/Mobile/Page/Login/Login' successfully

2022-02-22 20:43:51 - [TEST_STEP][PASSED] - callTestCase(findTestCase("Mobile/Page/Login/Login"), ["action":"username"], CONTINUE_ON_FAILURE): Call Test Case 'Test Cases/Mobile/Page/Login/Login' successfully

2022-02-22 20:43:51 - [TEST_CASE][PASSED] - Test Cases/Mobile/Page/Login/Login: Test Cases/Mobile/Page/Login/Login

2022-02-22 20:43:51 - [TEST_STEP][PASSED] - delay(2): Delayed 2 second(s)

2022-02-22 20:43:53 - [MESSAGE][PASSED] - Delayed 2 second(s)

2022-02-22 20:43:53 - [TEST_STEP][PASSED] - for ([i = 0, i < 1, (i++)]): null

2022-02-22 20:43:53 - [TEST_STEP][PASSED] - if (action == "username"): null

2022-02-22 20:43:53 - [TEST_STEP][PASSED] - tap(LOGN_EdtUserID, 0): Tapped on element 'Object Repository/Mobile/Page/Login/Input - UserID'

2022-02-22 20:43:53 - [MESSAGE][WARNING] - Timeout '0' is invalid. Using default page load timeout: '60'

2022-02-22 20:43:54 - [MESSAGE][PASSED] - Tapped on element 'Object Repository/Mobile/Page/Login/Input - UserID'

2022-02-22 20:43:54 - [TEST_STEP][PASSED] - delay(1): Delayed 1 second(s)

2022-02-22 20:43:55 - [MESSAGE][PASSED] - Delayed 1 second(s)

2022-02-22 20:43:55 - [TEST_STEP][PASSED] - setText(LOGN_EdtRdyUserID, "anggaaditya", 0): Text 'anggaaditya' has been set to element 'Object Repository/Mobile/Page/Login/Input Rdy - UserID'

2022-02-22 20:43:55 - [MESSAGE][WARNING] - Timeout '0' is invalid. Using default page load timeout: '60'

2022-02-22 20:43:56 - [MESSAGE][PASSED] - Text 'anggaaditya' has been set to element 'Object Repository/Mobile/Page/Login/Input Rdy - UserID'

2022-02-22 20:43:56 - [TEST_STEP][PASSED] - delay(1): Delayed 1 second(s)

2022-02-22 20:43:57 - [MESSAGE][PASSED] - Delayed 1 second(s)

2022-02-22 20:43:57 - [TEST_STEP][PASSED] - hideKeyboard(): Keyboard is hidden

2022-02-22 20:44:01 - [MESSAGE][PASSED] - Keyboard is hidden

2022-02-22 20:44:01 - [TEST_STEP][PASSED] - tap(LOGN_EdtPassword, 0): Tapped on element 'Object Repository/Mobile/Page/Login/Input - Password'

2022-02-22 20:44:01 - [MESSAGE][WARNING] - Timeout '0' is invalid. Using default page load timeout: '60'

2022-02-22 20:44:02 - [MESSAGE][PASSED] - Tapped on element 'Object Repository/Mobile/Page/Login/Input - Password'

2022-02-22 20:44:02 - [TEST_STEP][PASSED] - delay(1): Delayed 1 second(s)

2022-02-22 20:44:03 - [MESSAGE][PASSED] - Delayed 1 second(s)

2022-02-22 20:44:03 - [TEST_STEP][PASSED] - setText(LOGN_EdtRdyPassword, "Shalawa18", 0): Text 'Shalawa18' has been set to element 'Object Repository/Mobile/Page/Login/Input Rdy - Password'

2022-02-22 20:44:03 - [MESSAGE][WARNING] - Timeout '0' is invalid. Using default page load timeout: '60'

2022-02-22 20:44:03 - [MESSAGE][PASSED] - Text 'Shalawa18' has been set to element 'Object Repository/Mobile/Page/Login/Input Rdy - Password'

2022-02-22 20:44:03 - [TEST_STEP][PASSED] - delay(1): Delayed 1 second(s)

2022-02-22 20:44:04 - [MESSAGE][PASSED] - Delayed 1 second(s)

2022-02-22 20:44:04 - [TEST_STEP][PASSED] - hideKeyboard(): Keyboard is hidden

2022-02-22 20:44:12 - [MESSAGE][PASSED] - Keyboard is hidden

2022-02-22 20:44:12 - [TEST_STEP][PASSED] - tap(LOGN_BtnLogin, 0): Tapped on element 'Object Repository/Mobile/Page/Login/Button - Login'

2022-02-22 20:44:12 - [MESSAGE][WARNING] - Timeout '0' is invalid. Using default page load timeout: '60'

2022-02-22 20:44:13 - [MESSAGE][PASSED] - Tapped on element 'Object Repository/Mobile/Page/Login/Button - Login'

2022-02-22 20:44:13 - [TEST_STEP][PASSED] - delay(2): Delayed 2 second(s)

2022-02-22 20:44:15 - [MESSAGE][PASSED] - Delayed 2 second(s)

2022-02-22 20:44:15 - [TEST_STEP][PASSED] - break: null

2022-02-22 20:44:15 - [MESSAGE][PASSED] - Call Test Case 'Test Cases/Mobile/Page/Login/Login' successfully

2022-02-22 20:44:15 - [MESSAGE][PASSED] - Call Test Case 'Test Cases/Mobile/Page/CheckLogin' successfully

2022-02-22 20:44:15 - [TEST_STEP][PASSED] - tap(HOME_MenubarPortfolio, 0): Tapped on element 'Object Repository/Mobile/Page/Home/Menubar - Portfolio'

2022-02-22 20:44:15 - [MESSAGE][WARNING] - Timeout '0' is invalid. Using default page load timeout: '60'

2022-02-22 20:44:16 - [MESSAGE][PASSED] - Tapped on element 'Object Repository/Mobile/Page/Home/Menubar - Portfolio'

2022-02-22 20:44:16 - [TEST_STEP][PASSED] - delay(1): Delayed 1 second(s)

2022-02-22 20:44:17 - [MESSAGE][PASSED] - Delayed 1 second(s)

2022-02-22 20:44:17 - [TEST_STEP][PASSED] - for ([i = 0, i < 1, (i++)]): Delayed 3 second(s)

2022-02-22 20:44:17 - [TEST_STEP][PASSED] - if (tab == "summary"): Delayed 3 second(s)

2022-02-22 20:44:17 - [TEST_STEP][PASSED] - idr = PORT_BtnIDR: null

2022-02-22 20:44:17 - [TEST_STEP][PASSED] - persen = PORT_BtnPersen: null

2022-02-22 20:44:17 - [TEST_STEP][PASSED] - if (action == "summary"): null

2022-02-22 20:44:17 - [TEST_STEP][PASSED] - else if (action == "perf_daily"): null

2022-02-22 20:44:17 - [TEST_STEP][PASSED] - else if (action == "perf_month"): null

2022-02-22 20:44:17 - [TEST_STEP][PASSED] - else if (action == "perf_quarter"): Tapped on element 'Object Repository/Mobile/Page/Portfolio/Tab - Summary Quarter to Date'

2022-02-22 20:44:17 - [TEST_STEP][PASSED] - scroll.scroll.scrollScreenBottomToTop(): scroll.scroll.scrollScreenBottomToTop is PASSED

2022-02-22 20:44:18 - [MESSAGE][PASSED] - Current device physical height is 1423

2022-02-22 20:44:18 - [MESSAGE][PASSED] - Current device physical width is 720

2022-02-22 20:44:19 - [MESSAGE][PASSED] - Swiped from 360,1,138 to 360,284

2022-02-22 20:44:19 - [MESSAGE][PASSED] - scroll.scroll.scrollScreenBottomToTop is PASSED

2022-02-22 20:44:19 - [TEST_STEP][PASSED] - delay(1): Delayed 1 second(s)

2022-02-22 20:44:20 - [MESSAGE][PASSED] - Delayed 1 second(s)

2022-02-22 20:44:20 - [TEST_STEP][PASSED] - tap(PORT_TabSummaryQuarter, 0): Tapped on element 'Object Repository/Mobile/Page/Portfolio/Tab - Summary Quarter to Date'

2022-02-22 20:44:20 - [MESSAGE][WARNING] - Timeout '0' is invalid. Using default page load timeout: '60'

2022-02-22 20:44:21 - [MESSAGE][PASSED] - Tapped on element 'Object Repository/Mobile/Page/Portfolio/Tab - Summary Quarter to Date'

2022-02-22 20:44:21 - [TEST_STEP][PASSED] - if (action != "summary"): Delayed 3 second(s)

2022-02-22 20:44:21 - [TEST_STEP][PASSED] - delay(1): Delayed 1 second(s)

2022-02-22 20:44:22 - [MESSAGE][PASSED] - Delayed 1 second(s)

2022-02-22 20:44:22 - [TEST_STEP][PASSED] - scroll.scroll.scrollScreenBottomToTop(): scroll.scroll.scrollScreenBottomToTop is PASSED

2022-02-22 20:44:22 - [MESSAGE][PASSED] - Current device physical height is 1423

2022-02-22 20:44:23 - [MESSAGE][PASSED] - Current device physical width is 720

2022-02-22 20:44:24 - [MESSAGE][PASSED] - Swiped from 360,1,138 to 360,284

2022-02-22 20:44:24 - [MESSAGE][PASSED] - scroll.scroll.scrollScreenBottomToTop is PASSED

2022-02-22 20:44:24 - [TEST_STEP][PASSED] - scroll.scroll.scrollScreenBottomToTop(): scroll.scroll.scrollScreenBottomToTop is PASSED

2022-02-22 20:44:25 - [MESSAGE][PASSED] - Current device physical height is 1423

2022-02-22 20:44:25 - [MESSAGE][PASSED] - Current device physical width is 720

2022-02-22 20:44:27 - [MESSAGE][PASSED] - Swiped from 360,1,138 to 360,284

2022-02-22 20:44:27 - [MESSAGE][PASSED] - scroll.scroll.scrollScreenBottomToTop is PASSED

2022-02-22 20:44:27 - [TEST_STEP][PASSED] - delay(3): Delayed 3 second(s)

2022-02-22 20:44:30 - [MESSAGE][PASSED] - Delayed 3 second(s)

2022-02-22 20:44:30 - [TEST_STEP][PASSED] - if (action2 == "idr"): Delayed 3 second(s)

2022-02-22 20:44:30 - [TEST_STEP][PASSED] - tap(idr, 10): Tapped on element 'Object Repository/Mobile/Page/Portfolio/Button - IDR'

2022-02-22 20:44:30 - [MESSAGE][PASSED] - Tapped on element 'Object Repository/Mobile/Page/Portfolio/Button - IDR'

2022-02-22 20:44:30 - [TEST_STEP][PASSED] - delay(3): Delayed 3 second(s)

2022-02-22 20:44:33 - [MESSAGE][PASSED] - Delayed 3 second(s)

2022-02-22 20:44:33 - [MESSAGE][PASSED] - Call Test Case 'Test Cases/Mobile/Page/Portfolio/Portfolio' successfully

2022-02-22 20:44:33 - [TEST_STEP][PASSED] - callTestCase(findTestCase("Mobile/Page/Run App/Terminate App"), [:], STOP_ON_FAILURE): Call Test Case 'Test Cases/Mobile/Page/Run App/Terminate App' successfully

2022-02-22 20:44:33 - [TEST_CASE][PASSED] - Test Cases/Mobile/Page/Run App/Terminate App: Test Cases/Mobile/Page/Run App/Terminate App

2022-02-22 20:44:33 - [TEST_STEP][PASSED] - startApp.OpenApp.terminateApplication(): startApp.OpenApp.terminateApplication is PASSED

2022-02-22 20:44:36 - [MESSAGE][PASSED] - Delayed 3 second(s)

2022-02-22 20:44:37 - [MESSAGE][PASSED] - Current device physical width is 720

2022-02-22 20:44:37 - [MESSAGE][PASSED] - Current device physical height is 1423

2022-02-22 20:44:39 - [MESSAGE][PASSED] - Swiped from 360,853 to 360,142

2022-02-22 20:44:40 - [MESSAGE][PASSED] - Delayed 1 second(s)

2022-02-22 20:44:41 - [MESSAGE][PASSED] - Swiped from 360,853 to 360,142

2022-02-22 20:44:44 - [MESSAGE][PASSED] - Delayed 3 second(s)

2022-02-22 20:44:44 - [MESSAGE][PASSED] - startApp.OpenApp.terminateApplication is PASSED

2022-02-22 20:44:44 - [MESSAGE][PASSED] - Call Test Case 'Test Cases/Mobile/Page/Run App/Terminate App' successfully]]></system-out>
         <system-err><![CDATA[]]></system-err>
      </testcase>
      <testcase name="Test Cases/Mobile/Scenario/Portfolio/005 - Portfolio Performance Year to Date IDR" time="77.306" classname="Test Cases/Mobile/Scenario/Portfolio/005 - Portfolio Performance Year to Date IDR" status="PASSED">
         <system-out><![CDATA[2022-02-22 20:44:44 - [TEST_CASE][PASSED] - Test Cases/Mobile/Scenario/Portfolio/005 - Portfolio Performance Year to Date IDR: Test Cases/Mobile/Scenario/Portfolio/005 - Portfolio Performance Year to Date IDR

2022-02-22 20:44:45 - [TEST_STEP][PASSED] - callTestCase(findTestCase("Mobile/Page/Run App/Run App byID"), [:], STOP_ON_FAILURE): Call Test Case 'Test Cases/Mobile/Page/Run App/Run App byID' successfully

2022-02-22 20:44:45 - [TEST_CASE][PASSED] - Test Cases/Mobile/Page/Run App/Run App byID: Test Cases/Mobile/Page/Run App/Run App byID

2022-02-22 20:44:45 - [TEST_STEP][PASSED] - startApp.OpenApp.startApplication("id.co.miraeasset.sageclub"): startApp.OpenApp.startApplication is PASSED

2022-02-22 20:45:04 - [MESSAGE][PASSED] - Starting app with application ID: 'id.co.miraeasset.sageclub'

2022-02-22 20:45:04 - [MESSAGE][PASSED] - startApp.OpenApp.startApplication is PASSED

2022-02-22 20:45:04 - [MESSAGE][PASSED] - Call Test Case 'Test Cases/Mobile/Page/Run App/Run App byID' successfully

2022-02-22 20:45:04 - [TEST_STEP][PASSED] - callTestCase(findTestCase("Mobile/Page/Portfolio/Portfolio"), ["tab":"summary", "action":"perf_year", "action2":"idr"], CONTINUE_ON_FAILURE): Call Test Case 'Test Cases/Mobile/Page/Portfolio/Portfolio' successfully

2022-02-22 20:45:04 - [TEST_CASE][PASSED] - Test Cases/Mobile/Page/Portfolio/Portfolio: Test Cases/Mobile/Page/Portfolio/Portfolio

2022-02-22 20:45:04 - [TEST_STEP][PASSED] - callTestCase(findTestCase("Mobile/Page/CheckLogin"), [:], CONTINUE_ON_FAILURE): Call Test Case 'Test Cases/Mobile/Page/CheckLogin' successfully

2022-02-22 20:45:04 - [TEST_CASE][PASSED] - Test Cases/Mobile/Page/CheckLogin: Test Cases/Mobile/Page/CheckLogin

2022-02-22 20:45:04 - [TEST_STEP][PASSED] - loginCheck = verifyElementExist(LOGN_BtnLogin, 5, CONTINUE_ON_FAILURE): Element 'Object Repository/Mobile/Page/Login/Button - Login' is exist

2022-02-22 20:45:06 - [MESSAGE][PASSED] - Element 'Object Repository/Mobile/Page/Login/Button - Login' is exist

2022-02-22 20:45:06 - [TEST_STEP][PASSED] - if (loginCheck): Call Test Case 'Test Cases/Mobile/Page/Login/Login' successfully

2022-02-22 20:45:06 - [TEST_STEP][PASSED] - callTestCase(findTestCase("Mobile/Page/Login/Login"), ["action":"username"], CONTINUE_ON_FAILURE): Call Test Case 'Test Cases/Mobile/Page/Login/Login' successfully

2022-02-22 20:45:06 - [TEST_CASE][PASSED] - Test Cases/Mobile/Page/Login/Login: Test Cases/Mobile/Page/Login/Login

2022-02-22 20:45:06 - [TEST_STEP][PASSED] - delay(2): Delayed 2 second(s)

2022-02-22 20:45:08 - [MESSAGE][PASSED] - Delayed 2 second(s)

2022-02-22 20:45:08 - [TEST_STEP][PASSED] - for ([i = 0, i < 1, (i++)]): null

2022-02-22 20:45:08 - [TEST_STEP][PASSED] - if (action == "username"): null

2022-02-22 20:45:08 - [TEST_STEP][PASSED] - tap(LOGN_EdtUserID, 0): Tapped on element 'Object Repository/Mobile/Page/Login/Input - UserID'

2022-02-22 20:45:08 - [MESSAGE][WARNING] - Timeout '0' is invalid. Using default page load timeout: '60'

2022-02-22 20:45:09 - [MESSAGE][PASSED] - Tapped on element 'Object Repository/Mobile/Page/Login/Input - UserID'

2022-02-22 20:45:09 - [TEST_STEP][PASSED] - delay(1): Delayed 1 second(s)

2022-02-22 20:45:10 - [MESSAGE][PASSED] - Delayed 1 second(s)

2022-02-22 20:45:10 - [TEST_STEP][PASSED] - setText(LOGN_EdtRdyUserID, "anggaaditya", 0): Text 'anggaaditya' has been set to element 'Object Repository/Mobile/Page/Login/Input Rdy - UserID'

2022-02-22 20:45:10 - [MESSAGE][WARNING] - Timeout '0' is invalid. Using default page load timeout: '60'

2022-02-22 20:45:10 - [MESSAGE][PASSED] - Text 'anggaaditya' has been set to element 'Object Repository/Mobile/Page/Login/Input Rdy - UserID'

2022-02-22 20:45:10 - [TEST_STEP][PASSED] - delay(1): Delayed 1 second(s)

2022-02-22 20:45:11 - [MESSAGE][PASSED] - Delayed 1 second(s)

2022-02-22 20:45:11 - [TEST_STEP][PASSED] - hideKeyboard(): Keyboard is hidden

2022-02-22 20:45:16 - [MESSAGE][PASSED] - Keyboard is hidden

2022-02-22 20:45:16 - [TEST_STEP][PASSED] - tap(LOGN_EdtPassword, 0): Tapped on element 'Object Repository/Mobile/Page/Login/Input - Password'

2022-02-22 20:45:16 - [MESSAGE][WARNING] - Timeout '0' is invalid. Using default page load timeout: '60'

2022-02-22 20:45:17 - [MESSAGE][PASSED] - Tapped on element 'Object Repository/Mobile/Page/Login/Input - Password'

2022-02-22 20:45:17 - [TEST_STEP][PASSED] - delay(1): Delayed 1 second(s)

2022-02-22 20:45:18 - [MESSAGE][PASSED] - Delayed 1 second(s)

2022-02-22 20:45:18 - [TEST_STEP][PASSED] - setText(LOGN_EdtRdyPassword, "Shalawa18", 0): Text 'Shalawa18' has been set to element 'Object Repository/Mobile/Page/Login/Input Rdy - Password'

2022-02-22 20:45:18 - [MESSAGE][WARNING] - Timeout '0' is invalid. Using default page load timeout: '60'

2022-02-22 20:45:18 - [MESSAGE][PASSED] - Text 'Shalawa18' has been set to element 'Object Repository/Mobile/Page/Login/Input Rdy - Password'

2022-02-22 20:45:18 - [TEST_STEP][PASSED] - delay(1): Delayed 1 second(s)

2022-02-22 20:45:19 - [MESSAGE][PASSED] - Delayed 1 second(s)

2022-02-22 20:45:19 - [TEST_STEP][PASSED] - hideKeyboard(): Keyboard is hidden

2022-02-22 20:45:27 - [MESSAGE][PASSED] - Keyboard is hidden

2022-02-22 20:45:27 - [TEST_STEP][PASSED] - tap(LOGN_BtnLogin, 0): Tapped on element 'Object Repository/Mobile/Page/Login/Button - Login'

2022-02-22 20:45:27 - [MESSAGE][WARNING] - Timeout '0' is invalid. Using default page load timeout: '60'

2022-02-22 20:45:28 - [MESSAGE][PASSED] - Tapped on element 'Object Repository/Mobile/Page/Login/Button - Login'

2022-02-22 20:45:28 - [TEST_STEP][PASSED] - delay(2): Delayed 2 second(s)

2022-02-22 20:45:30 - [MESSAGE][PASSED] - Delayed 2 second(s)

2022-02-22 20:45:30 - [TEST_STEP][PASSED] - break: null

2022-02-22 20:45:30 - [MESSAGE][PASSED] - Call Test Case 'Test Cases/Mobile/Page/Login/Login' successfully

2022-02-22 20:45:30 - [MESSAGE][PASSED] - Call Test Case 'Test Cases/Mobile/Page/CheckLogin' successfully

2022-02-22 20:45:30 - [TEST_STEP][PASSED] - tap(HOME_MenubarPortfolio, 0): Tapped on element 'Object Repository/Mobile/Page/Home/Menubar - Portfolio'

2022-02-22 20:45:30 - [MESSAGE][WARNING] - Timeout '0' is invalid. Using default page load timeout: '60'

2022-02-22 20:45:33 - [MESSAGE][PASSED] - Tapped on element 'Object Repository/Mobile/Page/Home/Menubar - Portfolio'

2022-02-22 20:45:33 - [TEST_STEP][PASSED] - delay(1): Delayed 1 second(s)

2022-02-22 20:45:34 - [MESSAGE][PASSED] - Delayed 1 second(s)

2022-02-22 20:45:34 - [TEST_STEP][PASSED] - for ([i = 0, i < 1, (i++)]): Delayed 3 second(s)

2022-02-22 20:45:34 - [TEST_STEP][PASSED] - if (tab == "summary"): Delayed 3 second(s)

2022-02-22 20:45:34 - [TEST_STEP][PASSED] - idr = PORT_BtnIDR: null

2022-02-22 20:45:34 - [TEST_STEP][PASSED] - persen = PORT_BtnPersen: null

2022-02-22 20:45:34 - [TEST_STEP][PASSED] - if (action == "summary"): null

2022-02-22 20:45:34 - [TEST_STEP][PASSED] - else if (action == "perf_daily"): null

2022-02-22 20:45:34 - [TEST_STEP][PASSED] - else if (action == "perf_month"): null

2022-02-22 20:45:34 - [TEST_STEP][PASSED] - else if (action == "perf_quarter"): null

2022-02-22 20:45:34 - [TEST_STEP][PASSED] - else if (action == "perf_year"): Tapped on element 'Object Repository/Mobile/Page/Portfolio/Tab - Summary Year to Date'

2022-02-22 20:45:34 - [TEST_STEP][PASSED] - scroll.scroll.scrollScreenBottomToTop(): scroll.scroll.scrollScreenBottomToTop is PASSED

2022-02-22 20:45:34 - [MESSAGE][PASSED] - Current device physical height is 1423

2022-02-22 20:45:35 - [MESSAGE][PASSED] - Current device physical width is 720

2022-02-22 20:45:36 - [MESSAGE][PASSED] - Swiped from 360,1,138 to 360,284

2022-02-22 20:45:36 - [MESSAGE][PASSED] - scroll.scroll.scrollScreenBottomToTop is PASSED

2022-02-22 20:45:36 - [TEST_STEP][PASSED] - delay(1): Delayed 1 second(s)

2022-02-22 20:45:37 - [MESSAGE][PASSED] - Delayed 1 second(s)

2022-02-22 20:45:37 - [TEST_STEP][PASSED] - tap(PORT_TabSummaryYear, 0): Tapped on element 'Object Repository/Mobile/Page/Portfolio/Tab - Summary Year to Date'

2022-02-22 20:45:37 - [MESSAGE][WARNING] - Timeout '0' is invalid. Using default page load timeout: '60'

2022-02-22 20:45:38 - [MESSAGE][PASSED] - Tapped on element 'Object Repository/Mobile/Page/Portfolio/Tab - Summary Year to Date'

2022-02-22 20:45:38 - [TEST_STEP][PASSED] - if (action != "summary"): Delayed 3 second(s)

2022-02-22 20:45:38 - [TEST_STEP][PASSED] - delay(1): Delayed 1 second(s)

2022-02-22 20:45:39 - [MESSAGE][PASSED] - Delayed 1 second(s)

2022-02-22 20:45:39 - [TEST_STEP][PASSED] - scroll.scroll.scrollScreenBottomToTop(): scroll.scroll.scrollScreenBottomToTop is PASSED

2022-02-22 20:45:39 - [MESSAGE][PASSED] - Current device physical height is 1423

2022-02-22 20:45:40 - [MESSAGE][PASSED] - Current device physical width is 720

2022-02-22 20:45:41 - [MESSAGE][PASSED] - Swiped from 360,1,138 to 360,284

2022-02-22 20:45:41 - [MESSAGE][PASSED] - scroll.scroll.scrollScreenBottomToTop is PASSED

2022-02-22 20:45:41 - [TEST_STEP][PASSED] - scroll.scroll.scrollScreenBottomToTop(): scroll.scroll.scrollScreenBottomToTop is PASSED

2022-02-22 20:45:42 - [MESSAGE][PASSED] - Current device physical height is 1423

2022-02-22 20:45:42 - [MESSAGE][PASSED] - Current device physical width is 720

2022-02-22 20:45:44 - [MESSAGE][PASSED] - Swiped from 360,1,138 to 360,284

2022-02-22 20:45:44 - [MESSAGE][PASSED] - scroll.scroll.scrollScreenBottomToTop is PASSED

2022-02-22 20:45:44 - [TEST_STEP][PASSED] - delay(3): Delayed 3 second(s)

2022-02-22 20:45:47 - [MESSAGE][PASSED] - Delayed 3 second(s)

2022-02-22 20:45:47 - [TEST_STEP][PASSED] - if (action2 == "idr"): Delayed 3 second(s)

2022-02-22 20:45:47 - [TEST_STEP][PASSED] - tap(idr, 10): Tapped on element 'Object Repository/Mobile/Page/Portfolio/Button - IDR'

2022-02-22 20:45:47 - [MESSAGE][PASSED] - Tapped on element 'Object Repository/Mobile/Page/Portfolio/Button - IDR'

2022-02-22 20:45:47 - [TEST_STEP][PASSED] - delay(3): Delayed 3 second(s)

2022-02-22 20:45:50 - [MESSAGE][PASSED] - Delayed 3 second(s)

2022-02-22 20:45:50 - [MESSAGE][PASSED] - Call Test Case 'Test Cases/Mobile/Page/Portfolio/Portfolio' successfully

2022-02-22 20:45:50 - [TEST_STEP][PASSED] - callTestCase(findTestCase("Mobile/Page/Run App/Terminate App"), [:], STOP_ON_FAILURE): Call Test Case 'Test Cases/Mobile/Page/Run App/Terminate App' successfully

2022-02-22 20:45:50 - [TEST_CASE][PASSED] - Test Cases/Mobile/Page/Run App/Terminate App: Test Cases/Mobile/Page/Run App/Terminate App

2022-02-22 20:45:50 - [TEST_STEP][PASSED] - startApp.OpenApp.terminateApplication(): startApp.OpenApp.terminateApplication is PASSED

2022-02-22 20:45:53 - [MESSAGE][PASSED] - Delayed 3 second(s)

2022-02-22 20:45:54 - [MESSAGE][PASSED] - Current device physical width is 720

2022-02-22 20:45:54 - [MESSAGE][PASSED] - Current device physical height is 1423

2022-02-22 20:45:56 - [MESSAGE][PASSED] - Swiped from 360,853 to 360,142

2022-02-22 20:45:57 - [MESSAGE][PASSED] - Delayed 1 second(s)

2022-02-22 20:45:59 - [MESSAGE][PASSED] - Swiped from 360,853 to 360,142

2022-02-22 20:46:02 - [MESSAGE][PASSED] - Delayed 3 second(s)

2022-02-22 20:46:02 - [MESSAGE][PASSED] - startApp.OpenApp.terminateApplication is PASSED

2022-02-22 20:46:02 - [MESSAGE][PASSED] - Call Test Case 'Test Cases/Mobile/Page/Run App/Terminate App' successfully]]></system-out>
         <system-err><![CDATA[]]></system-err>
      </testcase>
      <testcase name="Test Cases/Mobile/Scenario/Portfolio/006 - Portfolio Performance Daily Persen" time="73.226" classname="Test Cases/Mobile/Scenario/Portfolio/006 - Portfolio Performance Daily Persen" status="PASSED">
         <system-out><![CDATA[2022-02-22 20:46:02 - [TEST_CASE][PASSED] - Test Cases/Mobile/Scenario/Portfolio/006 - Portfolio Performance Daily Persen: Test Cases/Mobile/Scenario/Portfolio/006 - Portfolio Performance Daily Persen

2022-02-22 20:46:02 - [TEST_STEP][PASSED] - callTestCase(findTestCase("Mobile/Page/Run App/Run App byID"), [:], STOP_ON_FAILURE): Call Test Case 'Test Cases/Mobile/Page/Run App/Run App byID' successfully

2022-02-22 20:46:02 - [TEST_CASE][PASSED] - Test Cases/Mobile/Page/Run App/Run App byID: Test Cases/Mobile/Page/Run App/Run App byID

2022-02-22 20:46:02 - [TEST_STEP][PASSED] - startApp.OpenApp.startApplication("id.co.miraeasset.sageclub"): startApp.OpenApp.startApplication is PASSED

2022-02-22 20:46:22 - [MESSAGE][PASSED] - Starting app with application ID: 'id.co.miraeasset.sageclub'

2022-02-22 20:46:22 - [MESSAGE][PASSED] - startApp.OpenApp.startApplication is PASSED

2022-02-22 20:46:22 - [MESSAGE][PASSED] - Call Test Case 'Test Cases/Mobile/Page/Run App/Run App byID' successfully

2022-02-22 20:46:22 - [TEST_STEP][PASSED] - callTestCase(findTestCase("Mobile/Page/Portfolio/Portfolio"), ["tab":"summary", "action":"perf_daily", "action2":"persen"], CONTINUE_ON_FAILURE): Call Test Case 'Test Cases/Mobile/Page/Portfolio/Portfolio' successfully

2022-02-22 20:46:22 - [TEST_CASE][PASSED] - Test Cases/Mobile/Page/Portfolio/Portfolio: Test Cases/Mobile/Page/Portfolio/Portfolio

2022-02-22 20:46:22 - [TEST_STEP][PASSED] - callTestCase(findTestCase("Mobile/Page/CheckLogin"), [:], CONTINUE_ON_FAILURE): Call Test Case 'Test Cases/Mobile/Page/CheckLogin' successfully

2022-02-22 20:46:22 - [TEST_CASE][PASSED] - Test Cases/Mobile/Page/CheckLogin: Test Cases/Mobile/Page/CheckLogin

2022-02-22 20:46:22 - [TEST_STEP][PASSED] - loginCheck = verifyElementExist(LOGN_BtnLogin, 5, CONTINUE_ON_FAILURE): Element 'Object Repository/Mobile/Page/Login/Button - Login' is exist

2022-02-22 20:46:24 - [MESSAGE][PASSED] - Element 'Object Repository/Mobile/Page/Login/Button - Login' is exist

2022-02-22 20:46:24 - [TEST_STEP][PASSED] - if (loginCheck): Call Test Case 'Test Cases/Mobile/Page/Login/Login' successfully

2022-02-22 20:46:24 - [TEST_STEP][PASSED] - callTestCase(findTestCase("Mobile/Page/Login/Login"), ["action":"username"], CONTINUE_ON_FAILURE): Call Test Case 'Test Cases/Mobile/Page/Login/Login' successfully

2022-02-22 20:46:24 - [TEST_CASE][PASSED] - Test Cases/Mobile/Page/Login/Login: Test Cases/Mobile/Page/Login/Login

2022-02-22 20:46:24 - [TEST_STEP][PASSED] - delay(2): Delayed 2 second(s)

2022-02-22 20:46:26 - [MESSAGE][PASSED] - Delayed 2 second(s)

2022-02-22 20:46:26 - [TEST_STEP][PASSED] - for ([i = 0, i < 1, (i++)]): null

2022-02-22 20:46:26 - [TEST_STEP][PASSED] - if (action == "username"): null

2022-02-22 20:46:26 - [TEST_STEP][PASSED] - tap(LOGN_EdtUserID, 0): Tapped on element 'Object Repository/Mobile/Page/Login/Input - UserID'

2022-02-22 20:46:26 - [MESSAGE][WARNING] - Timeout '0' is invalid. Using default page load timeout: '60'

2022-02-22 20:46:26 - [MESSAGE][PASSED] - Tapped on element 'Object Repository/Mobile/Page/Login/Input - UserID'

2022-02-22 20:46:26 - [TEST_STEP][PASSED] - delay(1): Delayed 1 second(s)

2022-02-22 20:46:27 - [MESSAGE][PASSED] - Delayed 1 second(s)

2022-02-22 20:46:27 - [TEST_STEP][PASSED] - setText(LOGN_EdtRdyUserID, "anggaaditya", 0): Text 'anggaaditya' has been set to element 'Object Repository/Mobile/Page/Login/Input Rdy - UserID'

2022-02-22 20:46:27 - [MESSAGE][WARNING] - Timeout '0' is invalid. Using default page load timeout: '60'

2022-02-22 20:46:28 - [MESSAGE][PASSED] - Text 'anggaaditya' has been set to element 'Object Repository/Mobile/Page/Login/Input Rdy - UserID'

2022-02-22 20:46:28 - [TEST_STEP][PASSED] - delay(1): Delayed 1 second(s)

2022-02-22 20:46:29 - [MESSAGE][PASSED] - Delayed 1 second(s)

2022-02-22 20:46:29 - [TEST_STEP][PASSED] - hideKeyboard(): Keyboard is hidden

2022-02-22 20:46:34 - [MESSAGE][PASSED] - Keyboard is hidden

2022-02-22 20:46:34 - [TEST_STEP][PASSED] - tap(LOGN_EdtPassword, 0): Tapped on element 'Object Repository/Mobile/Page/Login/Input - Password'

2022-02-22 20:46:34 - [MESSAGE][WARNING] - Timeout '0' is invalid. Using default page load timeout: '60'

2022-02-22 20:46:34 - [MESSAGE][PASSED] - Tapped on element 'Object Repository/Mobile/Page/Login/Input - Password'

2022-02-22 20:46:34 - [TEST_STEP][PASSED] - delay(1): Delayed 1 second(s)

2022-02-22 20:46:35 - [MESSAGE][PASSED] - Delayed 1 second(s)

2022-02-22 20:46:35 - [TEST_STEP][PASSED] - setText(LOGN_EdtRdyPassword, "Shalawa18", 0): Text 'Shalawa18' has been set to element 'Object Repository/Mobile/Page/Login/Input Rdy - Password'

2022-02-22 20:46:35 - [MESSAGE][WARNING] - Timeout '0' is invalid. Using default page load timeout: '60'

2022-02-22 20:46:36 - [MESSAGE][PASSED] - Text 'Shalawa18' has been set to element 'Object Repository/Mobile/Page/Login/Input Rdy - Password'

2022-02-22 20:46:36 - [TEST_STEP][PASSED] - delay(1): Delayed 1 second(s)

2022-02-22 20:46:37 - [MESSAGE][PASSED] - Delayed 1 second(s)

2022-02-22 20:46:37 - [TEST_STEP][PASSED] - hideKeyboard(): Keyboard is hidden

2022-02-22 20:46:43 - [MESSAGE][PASSED] - Keyboard is hidden

2022-02-22 20:46:43 - [TEST_STEP][PASSED] - tap(LOGN_BtnLogin, 0): Tapped on element 'Object Repository/Mobile/Page/Login/Button - Login'

2022-02-22 20:46:43 - [MESSAGE][WARNING] - Timeout '0' is invalid. Using default page load timeout: '60'

2022-02-22 20:46:44 - [MESSAGE][PASSED] - Tapped on element 'Object Repository/Mobile/Page/Login/Button - Login'

2022-02-22 20:46:44 - [TEST_STEP][PASSED] - delay(2): Delayed 2 second(s)

2022-02-22 20:46:46 - [MESSAGE][PASSED] - Delayed 2 second(s)

2022-02-22 20:46:46 - [TEST_STEP][PASSED] - break: null

2022-02-22 20:46:46 - [MESSAGE][PASSED] - Call Test Case 'Test Cases/Mobile/Page/Login/Login' successfully

2022-02-22 20:46:46 - [MESSAGE][PASSED] - Call Test Case 'Test Cases/Mobile/Page/CheckLogin' successfully

2022-02-22 20:46:46 - [TEST_STEP][PASSED] - tap(HOME_MenubarPortfolio, 0): Tapped on element 'Object Repository/Mobile/Page/Home/Menubar - Portfolio'

2022-02-22 20:46:46 - [MESSAGE][WARNING] - Timeout '0' is invalid. Using default page load timeout: '60'

2022-02-22 20:46:48 - [MESSAGE][PASSED] - Tapped on element 'Object Repository/Mobile/Page/Home/Menubar - Portfolio'

2022-02-22 20:46:48 - [TEST_STEP][PASSED] - delay(1): Delayed 1 second(s)

2022-02-22 20:46:49 - [MESSAGE][PASSED] - Delayed 1 second(s)

2022-02-22 20:46:49 - [TEST_STEP][PASSED] - for ([i = 0, i < 1, (i++)]): Delayed 3 second(s)

2022-02-22 20:46:49 - [TEST_STEP][PASSED] - if (tab == "summary"): Delayed 3 second(s)

2022-02-22 20:46:49 - [TEST_STEP][PASSED] - idr = PORT_BtnIDR: null

2022-02-22 20:46:49 - [TEST_STEP][PASSED] - persen = PORT_BtnPersen: null

2022-02-22 20:46:49 - [TEST_STEP][PASSED] - if (action == "summary"): null

2022-02-22 20:46:49 - [TEST_STEP][PASSED] - else if (action == "perf_daily"): scroll.scroll.scrollScreenBottomToTop is PASSED

2022-02-22 20:46:49 - [TEST_STEP][PASSED] - scroll.scroll.scrollScreenBottomToTop(): scroll.scroll.scrollScreenBottomToTop is PASSED

2022-02-22 20:46:50 - [MESSAGE][PASSED] - Current device physical height is 1423

2022-02-22 20:46:50 - [MESSAGE][PASSED] - Current device physical width is 720

2022-02-22 20:46:52 - [MESSAGE][PASSED] - Swiped from 360,1,138 to 360,284

2022-02-22 20:46:52 - [MESSAGE][PASSED] - scroll.scroll.scrollScreenBottomToTop is PASSED

2022-02-22 20:46:52 - [TEST_STEP][PASSED] - if (action != "summary"): Delayed 3 second(s)

2022-02-22 20:46:52 - [TEST_STEP][PASSED] - delay(1): Delayed 1 second(s)

2022-02-22 20:46:53 - [MESSAGE][PASSED] - Delayed 1 second(s)

2022-02-22 20:46:53 - [TEST_STEP][PASSED] - scroll.scroll.scrollScreenBottomToTop(): scroll.scroll.scrollScreenBottomToTop is PASSED

2022-02-22 20:46:53 - [MESSAGE][PASSED] - Current device physical height is 1423

2022-02-22 20:46:53 - [MESSAGE][PASSED] - Current device physical width is 720

2022-02-22 20:46:55 - [MESSAGE][PASSED] - Swiped from 360,1,138 to 360,284

2022-02-22 20:46:55 - [MESSAGE][PASSED] - scroll.scroll.scrollScreenBottomToTop is PASSED

2022-02-22 20:46:55 - [TEST_STEP][PASSED] - scroll.scroll.scrollScreenBottomToTop(): scroll.scroll.scrollScreenBottomToTop is PASSED

2022-02-22 20:46:55 - [MESSAGE][PASSED] - Current device physical height is 1423

2022-02-22 20:46:56 - [MESSAGE][PASSED] - Current device physical width is 720

2022-02-22 20:46:57 - [MESSAGE][PASSED] - Swiped from 360,1,138 to 360,284

2022-02-22 20:46:57 - [MESSAGE][PASSED] - scroll.scroll.scrollScreenBottomToTop is PASSED

2022-02-22 20:46:57 - [TEST_STEP][PASSED] - delay(3): Delayed 3 second(s)

2022-02-22 20:47:00 - [MESSAGE][PASSED] - Delayed 3 second(s)

2022-02-22 20:47:00 - [TEST_STEP][PASSED] - if (action2 == "idr"): null

2022-02-22 20:47:00 - [TEST_STEP][PASSED] - else if (action2 == "persen"): Delayed 3 second(s)

2022-02-22 20:47:00 - [TEST_STEP][PASSED] - tap(persen, 10): Tapped on element 'Object Repository/Mobile/Page/Portfolio/Button - Persen'

2022-02-22 20:47:00 - [MESSAGE][PASSED] - Tapped on element 'Object Repository/Mobile/Page/Portfolio/Button - Persen'

2022-02-22 20:47:00 - [TEST_STEP][PASSED] - delay(3): Delayed 3 second(s)

2022-02-22 20:47:04 - [MESSAGE][PASSED] - Delayed 3 second(s)

2022-02-22 20:47:04 - [MESSAGE][PASSED] - Call Test Case 'Test Cases/Mobile/Page/Portfolio/Portfolio' successfully

2022-02-22 20:47:04 - [TEST_STEP][PASSED] - callTestCase(findTestCase("Mobile/Page/Run App/Terminate App"), [:], STOP_ON_FAILURE): Call Test Case 'Test Cases/Mobile/Page/Run App/Terminate App' successfully

2022-02-22 20:47:04 - [TEST_CASE][PASSED] - Test Cases/Mobile/Page/Run App/Terminate App: Test Cases/Mobile/Page/Run App/Terminate App

2022-02-22 20:47:04 - [TEST_STEP][PASSED] - startApp.OpenApp.terminateApplication(): startApp.OpenApp.terminateApplication is PASSED

2022-02-22 20:47:07 - [MESSAGE][PASSED] - Delayed 3 second(s)

2022-02-22 20:47:07 - [MESSAGE][PASSED] - Current device physical width is 720

2022-02-22 20:47:08 - [MESSAGE][PASSED] - Current device physical height is 1423

2022-02-22 20:47:09 - [MESSAGE][PASSED] - Swiped from 360,853 to 360,142

2022-02-22 20:47:10 - [MESSAGE][PASSED] - Delayed 1 second(s)

2022-02-22 20:47:12 - [MESSAGE][PASSED] - Swiped from 360,853 to 360,142

2022-02-22 20:47:15 - [MESSAGE][PASSED] - Delayed 3 second(s)

2022-02-22 20:47:15 - [MESSAGE][PASSED] - startApp.OpenApp.terminateApplication is PASSED

2022-02-22 20:47:15 - [MESSAGE][PASSED] - Call Test Case 'Test Cases/Mobile/Page/Run App/Terminate App' successfully]]></system-out>
         <system-err><![CDATA[]]></system-err>
      </testcase>
      <testcase name="Test Cases/Mobile/Scenario/Portfolio/007 - Portfolio Performance Month to Date Persen" time="76.635" classname="Test Cases/Mobile/Scenario/Portfolio/007 - Portfolio Performance Month to Date Persen" status="PASSED">
         <system-out><![CDATA[2022-02-22 20:47:15 - [TEST_CASE][PASSED] - Test Cases/Mobile/Scenario/Portfolio/007 - Portfolio Performance Month to Date Persen: Test Cases/Mobile/Scenario/Portfolio/007 - Portfolio Performance Month to Date Persen

2022-02-22 20:47:15 - [TEST_STEP][PASSED] - callTestCase(findTestCase("Mobile/Page/Run App/Run App byID"), [:], STOP_ON_FAILURE): Call Test Case 'Test Cases/Mobile/Page/Run App/Run App byID' successfully

2022-02-22 20:47:15 - [TEST_CASE][PASSED] - Test Cases/Mobile/Page/Run App/Run App byID: Test Cases/Mobile/Page/Run App/Run App byID

2022-02-22 20:47:15 - [TEST_STEP][PASSED] - startApp.OpenApp.startApplication("id.co.miraeasset.sageclub"): startApp.OpenApp.startApplication is PASSED

2022-02-22 20:47:36 - [MESSAGE][PASSED] - Starting app with application ID: 'id.co.miraeasset.sageclub'

2022-02-22 20:47:36 - [MESSAGE][PASSED] - startApp.OpenApp.startApplication is PASSED

2022-02-22 20:47:36 - [MESSAGE][PASSED] - Call Test Case 'Test Cases/Mobile/Page/Run App/Run App byID' successfully

2022-02-22 20:47:36 - [TEST_STEP][PASSED] - callTestCase(findTestCase("Mobile/Page/Portfolio/Portfolio"), ["tab":"summary", "action":"perf_month", "action2":"persen"], CONTINUE_ON_FAILURE): Call Test Case 'Test Cases/Mobile/Page/Portfolio/Portfolio' successfully

2022-02-22 20:47:36 - [TEST_CASE][PASSED] - Test Cases/Mobile/Page/Portfolio/Portfolio: Test Cases/Mobile/Page/Portfolio/Portfolio

2022-02-22 20:47:36 - [TEST_STEP][PASSED] - callTestCase(findTestCase("Mobile/Page/CheckLogin"), [:], CONTINUE_ON_FAILURE): Call Test Case 'Test Cases/Mobile/Page/CheckLogin' successfully

2022-02-22 20:47:36 - [TEST_CASE][PASSED] - Test Cases/Mobile/Page/CheckLogin: Test Cases/Mobile/Page/CheckLogin

2022-02-22 20:47:36 - [TEST_STEP][PASSED] - loginCheck = verifyElementExist(LOGN_BtnLogin, 5, CONTINUE_ON_FAILURE): Element 'Object Repository/Mobile/Page/Login/Button - Login' is exist

2022-02-22 20:47:38 - [MESSAGE][PASSED] - Element 'Object Repository/Mobile/Page/Login/Button - Login' is exist

2022-02-22 20:47:38 - [TEST_STEP][PASSED] - if (loginCheck): Call Test Case 'Test Cases/Mobile/Page/Login/Login' successfully

2022-02-22 20:47:38 - [TEST_STEP][PASSED] - callTestCase(findTestCase("Mobile/Page/Login/Login"), ["action":"username"], CONTINUE_ON_FAILURE): Call Test Case 'Test Cases/Mobile/Page/Login/Login' successfully

2022-02-22 20:47:38 - [TEST_CASE][PASSED] - Test Cases/Mobile/Page/Login/Login: Test Cases/Mobile/Page/Login/Login

2022-02-22 20:47:38 - [TEST_STEP][PASSED] - delay(2): Delayed 2 second(s)

2022-02-22 20:47:40 - [MESSAGE][PASSED] - Delayed 2 second(s)

2022-02-22 20:47:40 - [TEST_STEP][PASSED] - for ([i = 0, i < 1, (i++)]): null

2022-02-22 20:47:40 - [TEST_STEP][PASSED] - if (action == "username"): null

2022-02-22 20:47:40 - [TEST_STEP][PASSED] - tap(LOGN_EdtUserID, 0): Tapped on element 'Object Repository/Mobile/Page/Login/Input - UserID'

2022-02-22 20:47:40 - [MESSAGE][WARNING] - Timeout '0' is invalid. Using default page load timeout: '60'

2022-02-22 20:47:40 - [MESSAGE][PASSED] - Tapped on element 'Object Repository/Mobile/Page/Login/Input - UserID'

2022-02-22 20:47:40 - [TEST_STEP][PASSED] - delay(1): Delayed 1 second(s)

2022-02-22 20:47:41 - [MESSAGE][PASSED] - Delayed 1 second(s)

2022-02-22 20:47:41 - [TEST_STEP][PASSED] - setText(LOGN_EdtRdyUserID, "anggaaditya", 0): Text 'anggaaditya' has been set to element 'Object Repository/Mobile/Page/Login/Input Rdy - UserID'

2022-02-22 20:47:41 - [MESSAGE][WARNING] - Timeout '0' is invalid. Using default page load timeout: '60'

2022-02-22 20:47:42 - [MESSAGE][PASSED] - Text 'anggaaditya' has been set to element 'Object Repository/Mobile/Page/Login/Input Rdy - UserID'

2022-02-22 20:47:42 - [TEST_STEP][PASSED] - delay(1): Delayed 1 second(s)

2022-02-22 20:47:43 - [MESSAGE][PASSED] - Delayed 1 second(s)

2022-02-22 20:47:43 - [TEST_STEP][PASSED] - hideKeyboard(): Keyboard is hidden

2022-02-22 20:47:47 - [MESSAGE][PASSED] - Keyboard is hidden

2022-02-22 20:47:47 - [TEST_STEP][PASSED] - tap(LOGN_EdtPassword, 0): Tapped on element 'Object Repository/Mobile/Page/Login/Input - Password'

2022-02-22 20:47:47 - [MESSAGE][WARNING] - Timeout '0' is invalid. Using default page load timeout: '60'

2022-02-22 20:47:48 - [MESSAGE][PASSED] - Tapped on element 'Object Repository/Mobile/Page/Login/Input - Password'

2022-02-22 20:47:48 - [TEST_STEP][PASSED] - delay(1): Delayed 1 second(s)

2022-02-22 20:47:49 - [MESSAGE][PASSED] - Delayed 1 second(s)

2022-02-22 20:47:49 - [TEST_STEP][PASSED] - setText(LOGN_EdtRdyPassword, "Shalawa18", 0): Text 'Shalawa18' has been set to element 'Object Repository/Mobile/Page/Login/Input Rdy - Password'

2022-02-22 20:47:49 - [MESSAGE][WARNING] - Timeout '0' is invalid. Using default page load timeout: '60'

2022-02-22 20:47:50 - [MESSAGE][PASSED] - Text 'Shalawa18' has been set to element 'Object Repository/Mobile/Page/Login/Input Rdy - Password'

2022-02-22 20:47:50 - [TEST_STEP][PASSED] - delay(1): Delayed 1 second(s)

2022-02-22 20:47:51 - [MESSAGE][PASSED] - Delayed 1 second(s)

2022-02-22 20:47:51 - [TEST_STEP][PASSED] - hideKeyboard(): Keyboard is hidden

2022-02-22 20:47:58 - [MESSAGE][PASSED] - Keyboard is hidden

2022-02-22 20:47:58 - [TEST_STEP][PASSED] - tap(LOGN_BtnLogin, 0): Tapped on element 'Object Repository/Mobile/Page/Login/Button - Login'

2022-02-22 20:47:58 - [MESSAGE][WARNING] - Timeout '0' is invalid. Using default page load timeout: '60'

2022-02-22 20:47:59 - [MESSAGE][PASSED] - Tapped on element 'Object Repository/Mobile/Page/Login/Button - Login'

2022-02-22 20:47:59 - [TEST_STEP][PASSED] - delay(2): Delayed 2 second(s)

2022-02-22 20:48:01 - [MESSAGE][PASSED] - Delayed 2 second(s)

2022-02-22 20:48:01 - [TEST_STEP][PASSED] - break: null

2022-02-22 20:48:01 - [MESSAGE][PASSED] - Call Test Case 'Test Cases/Mobile/Page/Login/Login' successfully

2022-02-22 20:48:01 - [MESSAGE][PASSED] - Call Test Case 'Test Cases/Mobile/Page/CheckLogin' successfully

2022-02-22 20:48:01 - [TEST_STEP][PASSED] - tap(HOME_MenubarPortfolio, 0): Tapped on element 'Object Repository/Mobile/Page/Home/Menubar - Portfolio'

2022-02-22 20:48:01 - [MESSAGE][WARNING] - Timeout '0' is invalid. Using default page load timeout: '60'

2022-02-22 20:48:03 - [MESSAGE][PASSED] - Tapped on element 'Object Repository/Mobile/Page/Home/Menubar - Portfolio'

2022-02-22 20:48:03 - [TEST_STEP][PASSED] - delay(1): Delayed 1 second(s)

2022-02-22 20:48:04 - [MESSAGE][PASSED] - Delayed 1 second(s)

2022-02-22 20:48:04 - [TEST_STEP][PASSED] - for ([i = 0, i < 1, (i++)]): Delayed 3 second(s)

2022-02-22 20:48:04 - [TEST_STEP][PASSED] - if (tab == "summary"): Delayed 3 second(s)

2022-02-22 20:48:04 - [TEST_STEP][PASSED] - idr = PORT_BtnIDR: null

2022-02-22 20:48:04 - [TEST_STEP][PASSED] - persen = PORT_BtnPersen: null

2022-02-22 20:48:04 - [TEST_STEP][PASSED] - if (action == "summary"): null

2022-02-22 20:48:04 - [TEST_STEP][PASSED] - else if (action == "perf_daily"): null

2022-02-22 20:48:04 - [TEST_STEP][PASSED] - else if (action == "perf_month"): Tapped on element 'Object Repository/Mobile/Page/Portfolio/Tab - Summary Month to Date'

2022-02-22 20:48:04 - [TEST_STEP][PASSED] - scroll.scroll.scrollScreenBottomToTop(): scroll.scroll.scrollScreenBottomToTop is PASSED

2022-02-22 20:48:05 - [MESSAGE][PASSED] - Current device physical height is 1423

2022-02-22 20:48:05 - [MESSAGE][PASSED] - Current device physical width is 720

2022-02-22 20:48:07 - [MESSAGE][PASSED] - Swiped from 360,1,138 to 360,284

2022-02-22 20:48:07 - [MESSAGE][PASSED] - scroll.scroll.scrollScreenBottomToTop is PASSED

2022-02-22 20:48:07 - [TEST_STEP][PASSED] - delay(1): Delayed 1 second(s)

2022-02-22 20:48:08 - [MESSAGE][PASSED] - Delayed 1 second(s)

2022-02-22 20:48:08 - [TEST_STEP][PASSED] - tap(PORT_TabSummaryMonth, 0): Tapped on element 'Object Repository/Mobile/Page/Portfolio/Tab - Summary Month to Date'

2022-02-22 20:48:08 - [MESSAGE][WARNING] - Timeout '0' is invalid. Using default page load timeout: '60'

2022-02-22 20:48:08 - [MESSAGE][PASSED] - Tapped on element 'Object Repository/Mobile/Page/Portfolio/Tab - Summary Month to Date'

2022-02-22 20:48:08 - [TEST_STEP][PASSED] - if (action != "summary"): Delayed 3 second(s)

2022-02-22 20:48:08 - [TEST_STEP][PASSED] - delay(1): Delayed 1 second(s)

2022-02-22 20:48:09 - [MESSAGE][PASSED] - Delayed 1 second(s)

2022-02-22 20:48:09 - [TEST_STEP][PASSED] - scroll.scroll.scrollScreenBottomToTop(): scroll.scroll.scrollScreenBottomToTop is PASSED

2022-02-22 20:48:10 - [MESSAGE][PASSED] - Current device physical height is 1423

2022-02-22 20:48:10 - [MESSAGE][PASSED] - Current device physical width is 720

2022-02-22 20:48:12 - [MESSAGE][PASSED] - Swiped from 360,1,138 to 360,284

2022-02-22 20:48:12 - [MESSAGE][PASSED] - scroll.scroll.scrollScreenBottomToTop is PASSED

2022-02-22 20:48:12 - [TEST_STEP][PASSED] - scroll.scroll.scrollScreenBottomToTop(): scroll.scroll.scrollScreenBottomToTop is PASSED

2022-02-22 20:48:12 - [MESSAGE][PASSED] - Current device physical height is 1423

2022-02-22 20:48:12 - [MESSAGE][PASSED] - Current device physical width is 720

2022-02-22 20:48:14 - [MESSAGE][PASSED] - Swiped from 360,1,138 to 360,284

2022-02-22 20:48:14 - [MESSAGE][PASSED] - scroll.scroll.scrollScreenBottomToTop is PASSED

2022-02-22 20:48:14 - [TEST_STEP][PASSED] - delay(3): Delayed 3 second(s)

2022-02-22 20:48:17 - [MESSAGE][PASSED] - Delayed 3 second(s)

2022-02-22 20:48:17 - [TEST_STEP][PASSED] - if (action2 == "idr"): null

2022-02-22 20:48:17 - [TEST_STEP][PASSED] - else if (action2 == "persen"): Delayed 3 second(s)

2022-02-22 20:48:17 - [TEST_STEP][PASSED] - tap(persen, 10): Tapped on element 'Object Repository/Mobile/Page/Portfolio/Button - Persen'

2022-02-22 20:48:17 - [MESSAGE][PASSED] - Tapped on element 'Object Repository/Mobile/Page/Portfolio/Button - Persen'

2022-02-22 20:48:17 - [TEST_STEP][PASSED] - delay(3): Delayed 3 second(s)

2022-02-22 20:48:20 - [MESSAGE][PASSED] - Delayed 3 second(s)

2022-02-22 20:48:20 - [MESSAGE][PASSED] - Call Test Case 'Test Cases/Mobile/Page/Portfolio/Portfolio' successfully

2022-02-22 20:48:20 - [TEST_STEP][PASSED] - callTestCase(findTestCase("Mobile/Page/Run App/Terminate App"), [:], STOP_ON_FAILURE): Call Test Case 'Test Cases/Mobile/Page/Run App/Terminate App' successfully

2022-02-22 20:48:20 - [TEST_CASE][PASSED] - Test Cases/Mobile/Page/Run App/Terminate App: Test Cases/Mobile/Page/Run App/Terminate App

2022-02-22 20:48:20 - [TEST_STEP][PASSED] - startApp.OpenApp.terminateApplication(): startApp.OpenApp.terminateApplication is PASSED

2022-02-22 20:48:23 - [MESSAGE][PASSED] - Delayed 3 second(s)

2022-02-22 20:48:24 - [MESSAGE][PASSED] - Current device physical width is 720

2022-02-22 20:48:24 - [MESSAGE][PASSED] - Current device physical height is 1423

2022-02-22 20:48:26 - [MESSAGE][PASSED] - Swiped from 360,853 to 360,142

2022-02-22 20:48:27 - [MESSAGE][PASSED] - Delayed 1 second(s)

2022-02-22 20:48:28 - [MESSAGE][PASSED] - Swiped from 360,853 to 360,142

2022-02-22 20:48:31 - [MESSAGE][PASSED] - Delayed 3 second(s)

2022-02-22 20:48:31 - [MESSAGE][PASSED] - startApp.OpenApp.terminateApplication is PASSED

2022-02-22 20:48:31 - [MESSAGE][PASSED] - Call Test Case 'Test Cases/Mobile/Page/Run App/Terminate App' successfully]]></system-out>
         <system-err><![CDATA[]]></system-err>
      </testcase>
      <testcase name="Test Cases/Mobile/Scenario/Portfolio/008 - Portfolio Performance Quarter to Date Persen" time="75.347" classname="Test Cases/Mobile/Scenario/Portfolio/008 - Portfolio Performance Quarter to Date Persen" status="PASSED">
         <system-out><![CDATA[2022-02-22 20:48:31 - [TEST_CASE][PASSED] - Test Cases/Mobile/Scenario/Portfolio/008 - Portfolio Performance Quarter to Date Persen: Test Cases/Mobile/Scenario/Portfolio/008 - Portfolio Performance Quarter to Date Persen

2022-02-22 20:48:32 - [TEST_STEP][PASSED] - callTestCase(findTestCase("Mobile/Page/Run App/Run App byID"), [:], STOP_ON_FAILURE): Call Test Case 'Test Cases/Mobile/Page/Run App/Run App byID' successfully

2022-02-22 20:48:32 - [TEST_CASE][PASSED] - Test Cases/Mobile/Page/Run App/Run App byID: Test Cases/Mobile/Page/Run App/Run App byID

2022-02-22 20:48:32 - [TEST_STEP][PASSED] - startApp.OpenApp.startApplication("id.co.miraeasset.sageclub"): startApp.OpenApp.startApplication is PASSED

2022-02-22 20:48:52 - [MESSAGE][PASSED] - Starting app with application ID: 'id.co.miraeasset.sageclub'

2022-02-22 20:48:52 - [MESSAGE][PASSED] - startApp.OpenApp.startApplication is PASSED

2022-02-22 20:48:52 - [MESSAGE][PASSED] - Call Test Case 'Test Cases/Mobile/Page/Run App/Run App byID' successfully

2022-02-22 20:48:52 - [TEST_STEP][PASSED] - callTestCase(findTestCase("Mobile/Page/Portfolio/Portfolio"), ["tab":"summary", "action":"perf_quarter", "action2":"persen"], CONTINUE_ON_FAILURE): Call Test Case 'Test Cases/Mobile/Page/Portfolio/Portfolio' successfully

2022-02-22 20:48:52 - [TEST_CASE][PASSED] - Test Cases/Mobile/Page/Portfolio/Portfolio: Test Cases/Mobile/Page/Portfolio/Portfolio

2022-02-22 20:48:52 - [TEST_STEP][PASSED] - callTestCase(findTestCase("Mobile/Page/CheckLogin"), [:], CONTINUE_ON_FAILURE): Call Test Case 'Test Cases/Mobile/Page/CheckLogin' successfully

2022-02-22 20:48:52 - [TEST_CASE][PASSED] - Test Cases/Mobile/Page/CheckLogin: Test Cases/Mobile/Page/CheckLogin

2022-02-22 20:48:52 - [TEST_STEP][PASSED] - loginCheck = verifyElementExist(LOGN_BtnLogin, 5, CONTINUE_ON_FAILURE): Element 'Object Repository/Mobile/Page/Login/Button - Login' is exist

2022-02-22 20:48:54 - [MESSAGE][PASSED] - Element 'Object Repository/Mobile/Page/Login/Button - Login' is exist

2022-02-22 20:48:54 - [TEST_STEP][PASSED] - if (loginCheck): Call Test Case 'Test Cases/Mobile/Page/Login/Login' successfully

2022-02-22 20:48:54 - [TEST_STEP][PASSED] - callTestCase(findTestCase("Mobile/Page/Login/Login"), ["action":"username"], CONTINUE_ON_FAILURE): Call Test Case 'Test Cases/Mobile/Page/Login/Login' successfully

2022-02-22 20:48:54 - [TEST_CASE][PASSED] - Test Cases/Mobile/Page/Login/Login: Test Cases/Mobile/Page/Login/Login

2022-02-22 20:48:54 - [TEST_STEP][PASSED] - delay(2): Delayed 2 second(s)

2022-02-22 20:48:56 - [MESSAGE][PASSED] - Delayed 2 second(s)

2022-02-22 20:48:56 - [TEST_STEP][PASSED] - for ([i = 0, i < 1, (i++)]): null

2022-02-22 20:48:56 - [TEST_STEP][PASSED] - if (action == "username"): null

2022-02-22 20:48:56 - [TEST_STEP][PASSED] - tap(LOGN_EdtUserID, 0): Tapped on element 'Object Repository/Mobile/Page/Login/Input - UserID'

2022-02-22 20:48:56 - [MESSAGE][WARNING] - Timeout '0' is invalid. Using default page load timeout: '60'

2022-02-22 20:48:56 - [MESSAGE][PASSED] - Tapped on element 'Object Repository/Mobile/Page/Login/Input - UserID'

2022-02-22 20:48:56 - [TEST_STEP][PASSED] - delay(1): Delayed 1 second(s)

2022-02-22 20:48:57 - [MESSAGE][PASSED] - Delayed 1 second(s)

2022-02-22 20:48:57 - [TEST_STEP][PASSED] - setText(LOGN_EdtRdyUserID, "anggaaditya", 0): Text 'anggaaditya' has been set to element 'Object Repository/Mobile/Page/Login/Input Rdy - UserID'

2022-02-22 20:48:57 - [MESSAGE][WARNING] - Timeout '0' is invalid. Using default page load timeout: '60'

2022-02-22 20:48:58 - [MESSAGE][PASSED] - Text 'anggaaditya' has been set to element 'Object Repository/Mobile/Page/Login/Input Rdy - UserID'

2022-02-22 20:48:58 - [TEST_STEP][PASSED] - delay(1): Delayed 1 second(s)

2022-02-22 20:48:59 - [MESSAGE][PASSED] - Delayed 1 second(s)

2022-02-22 20:48:59 - [TEST_STEP][PASSED] - hideKeyboard(): Keyboard is hidden

2022-02-22 20:49:03 - [MESSAGE][PASSED] - Keyboard is hidden

2022-02-22 20:49:03 - [TEST_STEP][PASSED] - tap(LOGN_EdtPassword, 0): Tapped on element 'Object Repository/Mobile/Page/Login/Input - Password'

2022-02-22 20:49:03 - [MESSAGE][WARNING] - Timeout '0' is invalid. Using default page load timeout: '60'

2022-02-22 20:49:04 - [MESSAGE][PASSED] - Tapped on element 'Object Repository/Mobile/Page/Login/Input - Password'

2022-02-22 20:49:04 - [TEST_STEP][PASSED] - delay(1): Delayed 1 second(s)

2022-02-22 20:49:05 - [MESSAGE][PASSED] - Delayed 1 second(s)

2022-02-22 20:49:05 - [TEST_STEP][PASSED] - setText(LOGN_EdtRdyPassword, "Shalawa18", 0): Text 'Shalawa18' has been set to element 'Object Repository/Mobile/Page/Login/Input Rdy - Password'

2022-02-22 20:49:05 - [MESSAGE][WARNING] - Timeout '0' is invalid. Using default page load timeout: '60'

2022-02-22 20:49:05 - [MESSAGE][PASSED] - Text 'Shalawa18' has been set to element 'Object Repository/Mobile/Page/Login/Input Rdy - Password'

2022-02-22 20:49:05 - [TEST_STEP][PASSED] - delay(1): Delayed 1 second(s)

2022-02-22 20:49:06 - [MESSAGE][PASSED] - Delayed 1 second(s)

2022-02-22 20:49:06 - [TEST_STEP][PASSED] - hideKeyboard(): Keyboard is hidden

2022-02-22 20:49:14 - [MESSAGE][PASSED] - Keyboard is hidden

2022-02-22 20:49:14 - [TEST_STEP][PASSED] - tap(LOGN_BtnLogin, 0): Tapped on element 'Object Repository/Mobile/Page/Login/Button - Login'

2022-02-22 20:49:14 - [MESSAGE][WARNING] - Timeout '0' is invalid. Using default page load timeout: '60'

2022-02-22 20:49:15 - [MESSAGE][PASSED] - Tapped on element 'Object Repository/Mobile/Page/Login/Button - Login'

2022-02-22 20:49:15 - [TEST_STEP][PASSED] - delay(2): Delayed 2 second(s)

2022-02-22 20:49:17 - [MESSAGE][PASSED] - Delayed 2 second(s)

2022-02-22 20:49:17 - [TEST_STEP][PASSED] - break: null

2022-02-22 20:49:17 - [MESSAGE][PASSED] - Call Test Case 'Test Cases/Mobile/Page/Login/Login' successfully

2022-02-22 20:49:17 - [MESSAGE][PASSED] - Call Test Case 'Test Cases/Mobile/Page/CheckLogin' successfully

2022-02-22 20:49:17 - [TEST_STEP][PASSED] - tap(HOME_MenubarPortfolio, 0): Tapped on element 'Object Repository/Mobile/Page/Home/Menubar - Portfolio'

2022-02-22 20:49:17 - [MESSAGE][WARNING] - Timeout '0' is invalid. Using default page load timeout: '60'

2022-02-22 20:49:19 - [MESSAGE][PASSED] - Tapped on element 'Object Repository/Mobile/Page/Home/Menubar - Portfolio'

2022-02-22 20:49:19 - [TEST_STEP][PASSED] - delay(1): Delayed 1 second(s)

2022-02-22 20:49:20 - [MESSAGE][PASSED] - Delayed 1 second(s)

2022-02-22 20:49:20 - [TEST_STEP][PASSED] - for ([i = 0, i < 1, (i++)]): Delayed 3 second(s)

2022-02-22 20:49:20 - [TEST_STEP][PASSED] - if (tab == "summary"): Delayed 3 second(s)

2022-02-22 20:49:20 - [TEST_STEP][PASSED] - idr = PORT_BtnIDR: null

2022-02-22 20:49:20 - [TEST_STEP][PASSED] - persen = PORT_BtnPersen: null

2022-02-22 20:49:20 - [TEST_STEP][PASSED] - if (action == "summary"): null

2022-02-22 20:49:20 - [TEST_STEP][PASSED] - else if (action == "perf_daily"): null

2022-02-22 20:49:20 - [TEST_STEP][PASSED] - else if (action == "perf_month"): null

2022-02-22 20:49:20 - [TEST_STEP][PASSED] - else if (action == "perf_quarter"): Tapped on element 'Object Repository/Mobile/Page/Portfolio/Tab - Summary Quarter to Date'

2022-02-22 20:49:20 - [TEST_STEP][PASSED] - scroll.scroll.scrollScreenBottomToTop(): scroll.scroll.scrollScreenBottomToTop is PASSED

2022-02-22 20:49:20 - [MESSAGE][PASSED] - Current device physical height is 1423

2022-02-22 20:49:21 - [MESSAGE][PASSED] - Current device physical width is 720

2022-02-22 20:49:22 - [MESSAGE][PASSED] - Swiped from 360,1,138 to 360,284

2022-02-22 20:49:22 - [MESSAGE][PASSED] - scroll.scroll.scrollScreenBottomToTop is PASSED

2022-02-22 20:49:22 - [TEST_STEP][PASSED] - delay(1): Delayed 1 second(s)

2022-02-22 20:49:23 - [MESSAGE][PASSED] - Delayed 1 second(s)

2022-02-22 20:49:23 - [TEST_STEP][PASSED] - tap(PORT_TabSummaryQuarter, 0): Tapped on element 'Object Repository/Mobile/Page/Portfolio/Tab - Summary Quarter to Date'

2022-02-22 20:49:23 - [MESSAGE][WARNING] - Timeout '0' is invalid. Using default page load timeout: '60'

2022-02-22 20:49:24 - [MESSAGE][PASSED] - Tapped on element 'Object Repository/Mobile/Page/Portfolio/Tab - Summary Quarter to Date'

2022-02-22 20:49:24 - [TEST_STEP][PASSED] - if (action != "summary"): Delayed 3 second(s)

2022-02-22 20:49:24 - [TEST_STEP][PASSED] - delay(1): Delayed 1 second(s)

2022-02-22 20:49:25 - [MESSAGE][PASSED] - Delayed 1 second(s)

2022-02-22 20:49:25 - [TEST_STEP][PASSED] - scroll.scroll.scrollScreenBottomToTop(): scroll.scroll.scrollScreenBottomToTop is PASSED

2022-02-22 20:49:25 - [MESSAGE][PASSED] - Current device physical height is 1423

2022-02-22 20:49:26 - [MESSAGE][PASSED] - Current device physical width is 720

2022-02-22 20:49:27 - [MESSAGE][PASSED] - Swiped from 360,1,138 to 360,284

2022-02-22 20:49:27 - [MESSAGE][PASSED] - scroll.scroll.scrollScreenBottomToTop is PASSED

2022-02-22 20:49:27 - [TEST_STEP][PASSED] - scroll.scroll.scrollScreenBottomToTop(): scroll.scroll.scrollScreenBottomToTop is PASSED

2022-02-22 20:49:27 - [MESSAGE][PASSED] - Current device physical height is 1423

2022-02-22 20:49:28 - [MESSAGE][PASSED] - Current device physical width is 720

2022-02-22 20:49:29 - [MESSAGE][PASSED] - Swiped from 360,1,138 to 360,284

2022-02-22 20:49:29 - [MESSAGE][PASSED] - scroll.scroll.scrollScreenBottomToTop is PASSED

2022-02-22 20:49:29 - [TEST_STEP][PASSED] - delay(3): Delayed 3 second(s)

2022-02-22 20:49:32 - [MESSAGE][PASSED] - Delayed 3 second(s)

2022-02-22 20:49:32 - [TEST_STEP][PASSED] - if (action2 == "idr"): null

2022-02-22 20:49:32 - [TEST_STEP][PASSED] - else if (action2 == "persen"): Delayed 3 second(s)

2022-02-22 20:49:32 - [TEST_STEP][PASSED] - tap(persen, 10): Tapped on element 'Object Repository/Mobile/Page/Portfolio/Button - Persen'

2022-02-22 20:49:33 - [MESSAGE][PASSED] - Tapped on element 'Object Repository/Mobile/Page/Portfolio/Button - Persen'

2022-02-22 20:49:33 - [TEST_STEP][PASSED] - delay(3): Delayed 3 second(s)

2022-02-22 20:49:36 - [MESSAGE][PASSED] - Delayed 3 second(s)

2022-02-22 20:49:36 - [MESSAGE][PASSED] - Call Test Case 'Test Cases/Mobile/Page/Portfolio/Portfolio' successfully

2022-02-22 20:49:36 - [TEST_STEP][PASSED] - callTestCase(findTestCase("Mobile/Page/Run App/Terminate App"), [:], STOP_ON_FAILURE): Call Test Case 'Test Cases/Mobile/Page/Run App/Terminate App' successfully

2022-02-22 20:49:36 - [TEST_CASE][PASSED] - Test Cases/Mobile/Page/Run App/Terminate App: Test Cases/Mobile/Page/Run App/Terminate App

2022-02-22 20:49:36 - [TEST_STEP][PASSED] - startApp.OpenApp.terminateApplication(): startApp.OpenApp.terminateApplication is PASSED

2022-02-22 20:49:39 - [MESSAGE][PASSED] - Delayed 3 second(s)

2022-02-22 20:49:39 - [MESSAGE][PASSED] - Current device physical width is 720

2022-02-22 20:49:40 - [MESSAGE][PASSED] - Current device physical height is 1423

2022-02-22 20:49:41 - [MESSAGE][PASSED] - Swiped from 360,853 to 360,142

2022-02-22 20:49:42 - [MESSAGE][PASSED] - Delayed 1 second(s)

2022-02-22 20:49:44 - [MESSAGE][PASSED] - Swiped from 360,853 to 360,142

2022-02-22 20:49:47 - [MESSAGE][PASSED] - Delayed 3 second(s)

2022-02-22 20:49:47 - [MESSAGE][PASSED] - startApp.OpenApp.terminateApplication is PASSED

2022-02-22 20:49:47 - [MESSAGE][PASSED] - Call Test Case 'Test Cases/Mobile/Page/Run App/Terminate App' successfully]]></system-out>
         <system-err><![CDATA[]]></system-err>
      </testcase>
      <testcase name="Test Cases/Mobile/Scenario/Portfolio/009 - Portfolio Performance Year to Date Persen" time="74.142" classname="Test Cases/Mobile/Scenario/Portfolio/009 - Portfolio Performance Year to Date Persen" status="PASSED">
         <system-out><![CDATA[2022-02-22 20:49:47 - [TEST_CASE][PASSED] - Test Cases/Mobile/Scenario/Portfolio/009 - Portfolio Performance Year to Date Persen: Test Cases/Mobile/Scenario/Portfolio/009 - Portfolio Performance Year to Date Persen

2022-02-22 20:49:47 - [TEST_STEP][PASSED] - callTestCase(findTestCase("Mobile/Page/Run App/Run App byID"), [:], STOP_ON_FAILURE): Call Test Case 'Test Cases/Mobile/Page/Run App/Run App byID' successfully

2022-02-22 20:49:47 - [TEST_CASE][PASSED] - Test Cases/Mobile/Page/Run App/Run App byID: Test Cases/Mobile/Page/Run App/Run App byID

2022-02-22 20:49:47 - [TEST_STEP][PASSED] - startApp.OpenApp.startApplication("id.co.miraeasset.sageclub"): startApp.OpenApp.startApplication is PASSED

2022-02-22 20:50:06 - [MESSAGE][PASSED] - Starting app with application ID: 'id.co.miraeasset.sageclub'

2022-02-22 20:50:06 - [MESSAGE][PASSED] - startApp.OpenApp.startApplication is PASSED

2022-02-22 20:50:06 - [MESSAGE][PASSED] - Call Test Case 'Test Cases/Mobile/Page/Run App/Run App byID' successfully

2022-02-22 20:50:06 - [TEST_STEP][PASSED] - callTestCase(findTestCase("Mobile/Page/Portfolio/Portfolio"), ["tab":"summary", "action":"perf_year", "action2":"persen"], CONTINUE_ON_FAILURE): Call Test Case 'Test Cases/Mobile/Page/Portfolio/Portfolio' successfully

2022-02-22 20:50:07 - [TEST_CASE][PASSED] - Test Cases/Mobile/Page/Portfolio/Portfolio: Test Cases/Mobile/Page/Portfolio/Portfolio

2022-02-22 20:50:07 - [TEST_STEP][PASSED] - callTestCase(findTestCase("Mobile/Page/CheckLogin"), [:], CONTINUE_ON_FAILURE): Call Test Case 'Test Cases/Mobile/Page/CheckLogin' successfully

2022-02-22 20:50:07 - [TEST_CASE][PASSED] - Test Cases/Mobile/Page/CheckLogin: Test Cases/Mobile/Page/CheckLogin

2022-02-22 20:50:07 - [TEST_STEP][PASSED] - loginCheck = verifyElementExist(LOGN_BtnLogin, 5, CONTINUE_ON_FAILURE): Element 'Object Repository/Mobile/Page/Login/Button - Login' is exist

2022-02-22 20:50:08 - [MESSAGE][PASSED] - Element 'Object Repository/Mobile/Page/Login/Button - Login' is exist

2022-02-22 20:50:08 - [TEST_STEP][PASSED] - if (loginCheck): Call Test Case 'Test Cases/Mobile/Page/Login/Login' successfully

2022-02-22 20:50:08 - [TEST_STEP][PASSED] - callTestCase(findTestCase("Mobile/Page/Login/Login"), ["action":"username"], CONTINUE_ON_FAILURE): Call Test Case 'Test Cases/Mobile/Page/Login/Login' successfully

2022-02-22 20:50:08 - [TEST_CASE][PASSED] - Test Cases/Mobile/Page/Login/Login: Test Cases/Mobile/Page/Login/Login

2022-02-22 20:50:08 - [TEST_STEP][PASSED] - delay(2): Delayed 2 second(s)

2022-02-22 20:50:10 - [MESSAGE][PASSED] - Delayed 2 second(s)

2022-02-22 20:50:10 - [TEST_STEP][PASSED] - for ([i = 0, i < 1, (i++)]): null

2022-02-22 20:50:10 - [TEST_STEP][PASSED] - if (action == "username"): null

2022-02-22 20:50:10 - [TEST_STEP][PASSED] - tap(LOGN_EdtUserID, 0): Tapped on element 'Object Repository/Mobile/Page/Login/Input - UserID'

2022-02-22 20:50:10 - [MESSAGE][WARNING] - Timeout '0' is invalid. Using default page load timeout: '60'

2022-02-22 20:50:11 - [MESSAGE][PASSED] - Tapped on element 'Object Repository/Mobile/Page/Login/Input - UserID'

2022-02-22 20:50:11 - [TEST_STEP][PASSED] - delay(1): Delayed 1 second(s)

2022-02-22 20:50:12 - [MESSAGE][PASSED] - Delayed 1 second(s)

2022-02-22 20:50:12 - [TEST_STEP][PASSED] - setText(LOGN_EdtRdyUserID, "anggaaditya", 0): Text 'anggaaditya' has been set to element 'Object Repository/Mobile/Page/Login/Input Rdy - UserID'

2022-02-22 20:50:12 - [MESSAGE][WARNING] - Timeout '0' is invalid. Using default page load timeout: '60'

2022-02-22 20:50:13 - [MESSAGE][PASSED] - Text 'anggaaditya' has been set to element 'Object Repository/Mobile/Page/Login/Input Rdy - UserID'

2022-02-22 20:50:13 - [TEST_STEP][PASSED] - delay(1): Delayed 1 second(s)

2022-02-22 20:50:14 - [MESSAGE][PASSED] - Delayed 1 second(s)

2022-02-22 20:50:14 - [TEST_STEP][PASSED] - hideKeyboard(): Keyboard is hidden

2022-02-22 20:50:18 - [MESSAGE][PASSED] - Keyboard is hidden

2022-02-22 20:50:18 - [TEST_STEP][PASSED] - tap(LOGN_EdtPassword, 0): Tapped on element 'Object Repository/Mobile/Page/Login/Input - Password'

2022-02-22 20:50:18 - [MESSAGE][WARNING] - Timeout '0' is invalid. Using default page load timeout: '60'

2022-02-22 20:50:18 - [MESSAGE][PASSED] - Tapped on element 'Object Repository/Mobile/Page/Login/Input - Password'

2022-02-22 20:50:18 - [TEST_STEP][PASSED] - delay(1): Delayed 1 second(s)

2022-02-22 20:50:19 - [MESSAGE][PASSED] - Delayed 1 second(s)

2022-02-22 20:50:19 - [TEST_STEP][PASSED] - setText(LOGN_EdtRdyPassword, "Shalawa18", 0): Text 'Shalawa18' has been set to element 'Object Repository/Mobile/Page/Login/Input Rdy - Password'

2022-02-22 20:50:19 - [MESSAGE][WARNING] - Timeout '0' is invalid. Using default page load timeout: '60'

2022-02-22 20:50:20 - [MESSAGE][PASSED] - Text 'Shalawa18' has been set to element 'Object Repository/Mobile/Page/Login/Input Rdy - Password'

2022-02-22 20:50:20 - [TEST_STEP][PASSED] - delay(1): Delayed 1 second(s)

2022-02-22 20:50:21 - [MESSAGE][PASSED] - Delayed 1 second(s)

2022-02-22 20:50:21 - [TEST_STEP][PASSED] - hideKeyboard(): Keyboard is hidden

2022-02-22 20:50:28 - [MESSAGE][PASSED] - Keyboard is hidden

2022-02-22 20:50:28 - [TEST_STEP][PASSED] - tap(LOGN_BtnLogin, 0): Tapped on element 'Object Repository/Mobile/Page/Login/Button - Login'

2022-02-22 20:50:28 - [MESSAGE][WARNING] - Timeout '0' is invalid. Using default page load timeout: '60'

2022-02-22 20:50:29 - [MESSAGE][PASSED] - Tapped on element 'Object Repository/Mobile/Page/Login/Button - Login'

2022-02-22 20:50:29 - [TEST_STEP][PASSED] - delay(2): Delayed 2 second(s)

2022-02-22 20:50:31 - [MESSAGE][PASSED] - Delayed 2 second(s)

2022-02-22 20:50:31 - [TEST_STEP][PASSED] - break: null

2022-02-22 20:50:31 - [MESSAGE][PASSED] - Call Test Case 'Test Cases/Mobile/Page/Login/Login' successfully

2022-02-22 20:50:31 - [MESSAGE][PASSED] - Call Test Case 'Test Cases/Mobile/Page/CheckLogin' successfully

2022-02-22 20:50:31 - [TEST_STEP][PASSED] - tap(HOME_MenubarPortfolio, 0): Tapped on element 'Object Repository/Mobile/Page/Home/Menubar - Portfolio'

2022-02-22 20:50:31 - [MESSAGE][WARNING] - Timeout '0' is invalid. Using default page load timeout: '60'

2022-02-22 20:50:33 - [MESSAGE][PASSED] - Tapped on element 'Object Repository/Mobile/Page/Home/Menubar - Portfolio'

2022-02-22 20:50:33 - [TEST_STEP][PASSED] - delay(1): Delayed 1 second(s)

2022-02-22 20:50:34 - [MESSAGE][PASSED] - Delayed 1 second(s)

2022-02-22 20:50:34 - [TEST_STEP][PASSED] - for ([i = 0, i < 1, (i++)]): Delayed 3 second(s)

2022-02-22 20:50:34 - [TEST_STEP][PASSED] - if (tab == "summary"): Delayed 3 second(s)

2022-02-22 20:50:34 - [TEST_STEP][PASSED] - idr = PORT_BtnIDR: null

2022-02-22 20:50:34 - [TEST_STEP][PASSED] - persen = PORT_BtnPersen: null

2022-02-22 20:50:34 - [TEST_STEP][PASSED] - if (action == "summary"): null

2022-02-22 20:50:34 - [TEST_STEP][PASSED] - else if (action == "perf_daily"): null

2022-02-22 20:50:34 - [TEST_STEP][PASSED] - else if (action == "perf_month"): null

2022-02-22 20:50:34 - [TEST_STEP][PASSED] - else if (action == "perf_quarter"): null

2022-02-22 20:50:34 - [TEST_STEP][PASSED] - else if (action == "perf_year"): Tapped on element 'Object Repository/Mobile/Page/Portfolio/Tab - Summary Year to Date'

2022-02-22 20:50:34 - [TEST_STEP][PASSED] - scroll.scroll.scrollScreenBottomToTop(): scroll.scroll.scrollScreenBottomToTop is PASSED

2022-02-22 20:50:34 - [MESSAGE][PASSED] - Current device physical height is 1423

2022-02-22 20:50:35 - [MESSAGE][PASSED] - Current device physical width is 720

2022-02-22 20:50:36 - [MESSAGE][PASSED] - Swiped from 360,1,138 to 360,284

2022-02-22 20:50:36 - [MESSAGE][PASSED] - scroll.scroll.scrollScreenBottomToTop is PASSED

2022-02-22 20:50:36 - [TEST_STEP][PASSED] - delay(1): Delayed 1 second(s)

2022-02-22 20:50:37 - [MESSAGE][PASSED] - Delayed 1 second(s)

2022-02-22 20:50:37 - [TEST_STEP][PASSED] - tap(PORT_TabSummaryYear, 0): Tapped on element 'Object Repository/Mobile/Page/Portfolio/Tab - Summary Year to Date'

2022-02-22 20:50:37 - [MESSAGE][WARNING] - Timeout '0' is invalid. Using default page load timeout: '60'

2022-02-22 20:50:38 - [MESSAGE][PASSED] - Tapped on element 'Object Repository/Mobile/Page/Portfolio/Tab - Summary Year to Date'

2022-02-22 20:50:38 - [TEST_STEP][PASSED] - if (action != "summary"): Delayed 3 second(s)

2022-02-22 20:50:38 - [TEST_STEP][PASSED] - delay(1): Delayed 1 second(s)

2022-02-22 20:50:39 - [MESSAGE][PASSED] - Delayed 1 second(s)

2022-02-22 20:50:39 - [TEST_STEP][PASSED] - scroll.scroll.scrollScreenBottomToTop(): scroll.scroll.scrollScreenBottomToTop is PASSED

2022-02-22 20:50:39 - [MESSAGE][PASSED] - Current device physical height is 1423

2022-02-22 20:50:40 - [MESSAGE][PASSED] - Current device physical width is 720

2022-02-22 20:50:41 - [MESSAGE][PASSED] - Swiped from 360,1,138 to 360,284

2022-02-22 20:50:41 - [MESSAGE][PASSED] - scroll.scroll.scrollScreenBottomToTop is PASSED

2022-02-22 20:50:41 - [TEST_STEP][PASSED] - scroll.scroll.scrollScreenBottomToTop(): scroll.scroll.scrollScreenBottomToTop is PASSED

2022-02-22 20:50:42 - [MESSAGE][PASSED] - Current device physical height is 1423

2022-02-22 20:50:42 - [MESSAGE][PASSED] - Current device physical width is 720

2022-02-22 20:50:43 - [MESSAGE][PASSED] - Swiped from 360,1,138 to 360,284

2022-02-22 20:50:43 - [MESSAGE][PASSED] - scroll.scroll.scrollScreenBottomToTop is PASSED

2022-02-22 20:50:43 - [TEST_STEP][PASSED] - delay(3): Delayed 3 second(s)

2022-02-22 20:50:46 - [MESSAGE][PASSED] - Delayed 3 second(s)

2022-02-22 20:50:46 - [TEST_STEP][PASSED] - if (action2 == "idr"): null

2022-02-22 20:50:46 - [TEST_STEP][PASSED] - else if (action2 == "persen"): Delayed 3 second(s)

2022-02-22 20:50:46 - [TEST_STEP][PASSED] - tap(persen, 10): Tapped on element 'Object Repository/Mobile/Page/Portfolio/Button - Persen'

2022-02-22 20:50:47 - [MESSAGE][PASSED] - Tapped on element 'Object Repository/Mobile/Page/Portfolio/Button - Persen'

2022-02-22 20:50:47 - [TEST_STEP][PASSED] - delay(3): Delayed 3 second(s)

2022-02-22 20:50:50 - [MESSAGE][PASSED] - Delayed 3 second(s)

2022-02-22 20:50:50 - [MESSAGE][PASSED] - Call Test Case 'Test Cases/Mobile/Page/Portfolio/Portfolio' successfully

2022-02-22 20:50:50 - [TEST_STEP][PASSED] - callTestCase(findTestCase("Mobile/Page/Run App/Terminate App"), [:], STOP_ON_FAILURE): Call Test Case 'Test Cases/Mobile/Page/Run App/Terminate App' successfully

2022-02-22 20:50:50 - [TEST_CASE][PASSED] - Test Cases/Mobile/Page/Run App/Terminate App: Test Cases/Mobile/Page/Run App/Terminate App

2022-02-22 20:50:50 - [TEST_STEP][PASSED] - startApp.OpenApp.terminateApplication(): startApp.OpenApp.terminateApplication is PASSED

2022-02-22 20:50:53 - [MESSAGE][PASSED] - Delayed 3 second(s)

2022-02-22 20:50:53 - [MESSAGE][PASSED] - Current device physical width is 720

2022-02-22 20:50:54 - [MESSAGE][PASSED] - Current device physical height is 1423

2022-02-22 20:50:55 - [MESSAGE][PASSED] - Swiped from 360,853 to 360,142

2022-02-22 20:50:56 - [MESSAGE][PASSED] - Delayed 1 second(s)

2022-02-22 20:50:58 - [MESSAGE][PASSED] - Swiped from 360,853 to 360,142

2022-02-22 20:51:01 - [MESSAGE][PASSED] - Delayed 3 second(s)

2022-02-22 20:51:01 - [MESSAGE][PASSED] - startApp.OpenApp.terminateApplication is PASSED

2022-02-22 20:51:01 - [MESSAGE][PASSED] - Call Test Case 'Test Cases/Mobile/Page/Run App/Terminate App' successfully]]></system-out>
         <system-err><![CDATA[]]></system-err>
      </testcase>
      <testcase name="Test Cases/Mobile/Scenario/Portfolio/010 - Melihat list stock" time="66.305" classname="Test Cases/Mobile/Scenario/Portfolio/010 - Melihat list stock" status="PASSED">
         <system-out><![CDATA[2022-02-22 20:51:01 - [TEST_CASE][PASSED] - Test Cases/Mobile/Scenario/Portfolio/010 - Melihat list stock: Test Cases/Mobile/Scenario/Portfolio/010 - Melihat list stock

2022-02-22 20:51:01 - [TEST_STEP][PASSED] - callTestCase(findTestCase("Mobile/Page/Run App/Run App byID"), [:], STOP_ON_FAILURE): Call Test Case 'Test Cases/Mobile/Page/Run App/Run App byID' successfully

2022-02-22 20:51:01 - [TEST_CASE][PASSED] - Test Cases/Mobile/Page/Run App/Run App byID: Test Cases/Mobile/Page/Run App/Run App byID

2022-02-22 20:51:01 - [TEST_STEP][PASSED] - startApp.OpenApp.startApplication("id.co.miraeasset.sageclub"): startApp.OpenApp.startApplication is PASSED

2022-02-22 20:51:21 - [MESSAGE][PASSED] - Starting app with application ID: 'id.co.miraeasset.sageclub'

2022-02-22 20:51:21 - [MESSAGE][PASSED] - startApp.OpenApp.startApplication is PASSED

2022-02-22 20:51:21 - [MESSAGE][PASSED] - Call Test Case 'Test Cases/Mobile/Page/Run App/Run App byID' successfully

2022-02-22 20:51:21 - [TEST_STEP][PASSED] - callTestCase(findTestCase("Mobile/Page/Portfolio/Portfolio"), ["tab":"stock"], CONTINUE_ON_FAILURE): Call Test Case 'Test Cases/Mobile/Page/Portfolio/Portfolio' successfully

2022-02-22 20:51:21 - [TEST_CASE][PASSED] - Test Cases/Mobile/Page/Portfolio/Portfolio: Test Cases/Mobile/Page/Portfolio/Portfolio

2022-02-22 20:51:21 - [TEST_STEP][PASSED] - callTestCase(findTestCase("Mobile/Page/CheckLogin"), [:], CONTINUE_ON_FAILURE): Call Test Case 'Test Cases/Mobile/Page/CheckLogin' successfully

2022-02-22 20:51:21 - [TEST_CASE][PASSED] - Test Cases/Mobile/Page/CheckLogin: Test Cases/Mobile/Page/CheckLogin

2022-02-22 20:51:21 - [TEST_STEP][PASSED] - loginCheck = verifyElementExist(LOGN_BtnLogin, 5, CONTINUE_ON_FAILURE): Element 'Object Repository/Mobile/Page/Login/Button - Login' is exist

2022-02-22 20:51:23 - [MESSAGE][PASSED] - Element 'Object Repository/Mobile/Page/Login/Button - Login' is exist

2022-02-22 20:51:23 - [TEST_STEP][PASSED] - if (loginCheck): Call Test Case 'Test Cases/Mobile/Page/Login/Login' successfully

2022-02-22 20:51:23 - [TEST_STEP][PASSED] - callTestCase(findTestCase("Mobile/Page/Login/Login"), ["action":"username"], CONTINUE_ON_FAILURE): Call Test Case 'Test Cases/Mobile/Page/Login/Login' successfully

2022-02-22 20:51:23 - [TEST_CASE][PASSED] - Test Cases/Mobile/Page/Login/Login: Test Cases/Mobile/Page/Login/Login

2022-02-22 20:51:23 - [TEST_STEP][PASSED] - delay(2): Delayed 2 second(s)

2022-02-22 20:51:25 - [MESSAGE][PASSED] - Delayed 2 second(s)

2022-02-22 20:51:25 - [TEST_STEP][PASSED] - for ([i = 0, i < 1, (i++)]): null

2022-02-22 20:51:25 - [TEST_STEP][PASSED] - if (action == "username"): null

2022-02-22 20:51:25 - [TEST_STEP][PASSED] - tap(LOGN_EdtUserID, 0): Tapped on element 'Object Repository/Mobile/Page/Login/Input - UserID'

2022-02-22 20:51:25 - [MESSAGE][WARNING] - Timeout '0' is invalid. Using default page load timeout: '60'

2022-02-22 20:51:26 - [MESSAGE][PASSED] - Tapped on element 'Object Repository/Mobile/Page/Login/Input - UserID'

2022-02-22 20:51:26 - [TEST_STEP][PASSED] - delay(1): Delayed 1 second(s)

2022-02-22 20:51:27 - [MESSAGE][PASSED] - Delayed 1 second(s)

2022-02-22 20:51:27 - [TEST_STEP][PASSED] - setText(LOGN_EdtRdyUserID, "anggaaditya", 0): Text 'anggaaditya' has been set to element 'Object Repository/Mobile/Page/Login/Input Rdy - UserID'

2022-02-22 20:51:27 - [MESSAGE][WARNING] - Timeout '0' is invalid. Using default page load timeout: '60'

2022-02-22 20:51:27 - [MESSAGE][PASSED] - Text 'anggaaditya' has been set to element 'Object Repository/Mobile/Page/Login/Input Rdy - UserID'

2022-02-22 20:51:27 - [TEST_STEP][PASSED] - delay(1): Delayed 1 second(s)

2022-02-22 20:51:28 - [MESSAGE][PASSED] - Delayed 1 second(s)

2022-02-22 20:51:28 - [TEST_STEP][PASSED] - hideKeyboard(): Keyboard is hidden

2022-02-22 20:51:33 - [MESSAGE][PASSED] - Keyboard is hidden

2022-02-22 20:51:33 - [TEST_STEP][PASSED] - tap(LOGN_EdtPassword, 0): Tapped on element 'Object Repository/Mobile/Page/Login/Input - Password'

2022-02-22 20:51:33 - [MESSAGE][WARNING] - Timeout '0' is invalid. Using default page load timeout: '60'

2022-02-22 20:51:33 - [MESSAGE][PASSED] - Tapped on element 'Object Repository/Mobile/Page/Login/Input - Password'

2022-02-22 20:51:33 - [TEST_STEP][PASSED] - delay(1): Delayed 1 second(s)

2022-02-22 20:51:34 - [MESSAGE][PASSED] - Delayed 1 second(s)

2022-02-22 20:51:34 - [TEST_STEP][PASSED] - setText(LOGN_EdtRdyPassword, "Shalawa18", 0): Text 'Shalawa18' has been set to element 'Object Repository/Mobile/Page/Login/Input Rdy - Password'

2022-02-22 20:51:34 - [MESSAGE][WARNING] - Timeout '0' is invalid. Using default page load timeout: '60'

2022-02-22 20:51:35 - [MESSAGE][PASSED] - Text 'Shalawa18' has been set to element 'Object Repository/Mobile/Page/Login/Input Rdy - Password'

2022-02-22 20:51:35 - [TEST_STEP][PASSED] - delay(1): Delayed 1 second(s)

2022-02-22 20:51:36 - [MESSAGE][PASSED] - Delayed 1 second(s)

2022-02-22 20:51:36 - [TEST_STEP][PASSED] - hideKeyboard(): Keyboard is hidden

2022-02-22 20:51:43 - [MESSAGE][PASSED] - Keyboard is hidden

2022-02-22 20:51:43 - [TEST_STEP][PASSED] - tap(LOGN_BtnLogin, 0): Tapped on element 'Object Repository/Mobile/Page/Login/Button - Login'

2022-02-22 20:51:43 - [MESSAGE][WARNING] - Timeout '0' is invalid. Using default page load timeout: '60'

2022-02-22 20:51:43 - [MESSAGE][PASSED] - Tapped on element 'Object Repository/Mobile/Page/Login/Button - Login'

2022-02-22 20:51:43 - [TEST_STEP][PASSED] - delay(2): Delayed 2 second(s)

2022-02-22 20:51:46 - [MESSAGE][PASSED] - Delayed 2 second(s)

2022-02-22 20:51:46 - [TEST_STEP][PASSED] - break: null

2022-02-22 20:51:46 - [MESSAGE][PASSED] - Call Test Case 'Test Cases/Mobile/Page/Login/Login' successfully

2022-02-22 20:51:46 - [MESSAGE][PASSED] - Call Test Case 'Test Cases/Mobile/Page/CheckLogin' successfully

2022-02-22 20:51:46 - [TEST_STEP][PASSED] - tap(HOME_MenubarPortfolio, 0): Tapped on element 'Object Repository/Mobile/Page/Home/Menubar - Portfolio'

2022-02-22 20:51:46 - [MESSAGE][WARNING] - Timeout '0' is invalid. Using default page load timeout: '60'

2022-02-22 20:51:48 - [MESSAGE][PASSED] - Tapped on element 'Object Repository/Mobile/Page/Home/Menubar - Portfolio'

2022-02-22 20:51:48 - [TEST_STEP][PASSED] - delay(1): Delayed 1 second(s)

2022-02-22 20:51:49 - [MESSAGE][PASSED] - Delayed 1 second(s)

2022-02-22 20:51:49 - [TEST_STEP][PASSED] - for ([i = 0, i < 1, (i++)]): Delayed 3 second(s)

2022-02-22 20:51:49 - [TEST_STEP][PASSED] - if (tab == "summary"): null

2022-02-22 20:51:49 - [TEST_STEP][PASSED] - else if (tab == "stock"): Delayed 3 second(s)

2022-02-22 20:51:49 - [TEST_STEP][PASSED] - tap(PORT_TabStock, 0): Tapped on element 'Object Repository/Mobile/Page/Portfolio/Tab - Stock'

2022-02-22 20:51:49 - [MESSAGE][WARNING] - Timeout '0' is invalid. Using default page load timeout: '60'

2022-02-22 20:51:51 - [MESSAGE][PASSED] - Tapped on element 'Object Repository/Mobile/Page/Portfolio/Tab - Stock'

2022-02-22 20:51:51 - [TEST_STEP][PASSED] - scroll.scroll.scrollScreenBottomToTop(): scroll.scroll.scrollScreenBottomToTop is PASSED

2022-02-22 20:51:51 - [MESSAGE][PASSED] - Current device physical height is 1423

2022-02-22 20:51:52 - [MESSAGE][PASSED] - Current device physical width is 720

2022-02-22 20:51:53 - [MESSAGE][PASSED] - Swiped from 360,1,138 to 360,284

2022-02-22 20:51:53 - [MESSAGE][PASSED] - scroll.scroll.scrollScreenBottomToTop is PASSED

2022-02-22 20:51:53 - [TEST_STEP][PASSED] - delay(3): Delayed 3 second(s)

2022-02-22 20:51:56 - [MESSAGE][PASSED] - Delayed 3 second(s)

2022-02-22 20:51:56 - [MESSAGE][PASSED] - Call Test Case 'Test Cases/Mobile/Page/Portfolio/Portfolio' successfully

2022-02-22 20:51:56 - [TEST_STEP][PASSED] - callTestCase(findTestCase("Mobile/Page/Run App/Terminate App"), [:], STOP_ON_FAILURE): Call Test Case 'Test Cases/Mobile/Page/Run App/Terminate App' successfully

2022-02-22 20:51:56 - [TEST_CASE][PASSED] - Test Cases/Mobile/Page/Run App/Terminate App: Test Cases/Mobile/Page/Run App/Terminate App

2022-02-22 20:51:56 - [TEST_STEP][PASSED] - startApp.OpenApp.terminateApplication(): startApp.OpenApp.terminateApplication is PASSED

2022-02-22 20:51:59 - [MESSAGE][PASSED] - Delayed 3 second(s)

2022-02-22 20:52:00 - [MESSAGE][PASSED] - Current device physical width is 720

2022-02-22 20:52:00 - [MESSAGE][PASSED] - Current device physical height is 1423

2022-02-22 20:52:02 - [MESSAGE][PASSED] - Swiped from 360,853 to 360,142

2022-02-22 20:52:03 - [MESSAGE][PASSED] - Delayed 1 second(s)

2022-02-22 20:52:04 - [MESSAGE][PASSED] - Swiped from 360,853 to 360,142

2022-02-22 20:52:07 - [MESSAGE][PASSED] - Delayed 3 second(s)

2022-02-22 20:52:07 - [MESSAGE][PASSED] - startApp.OpenApp.terminateApplication is PASSED

2022-02-22 20:52:07 - [MESSAGE][PASSED] - Call Test Case 'Test Cases/Mobile/Page/Run App/Terminate App' successfully]]></system-out>
         <system-err><![CDATA[]]></system-err>
      </testcase>
      <testcase name="Test Cases/Mobile/Scenario/Portfolio/011 - Melihat list mutual fund" time="73.022" classname="Test Cases/Mobile/Scenario/Portfolio/011 - Melihat list mutual fund" status="PASSED">
         <system-out><![CDATA[2022-02-22 20:52:07 - [TEST_CASE][PASSED] - Test Cases/Mobile/Scenario/Portfolio/011 - Melihat list mutual fund: Test Cases/Mobile/Scenario/Portfolio/011 - Melihat list mutual fund

2022-02-22 20:52:08 - [TEST_STEP][PASSED] - callTestCase(findTestCase("Mobile/Page/Run App/Run App byID"), [:], STOP_ON_FAILURE): Call Test Case 'Test Cases/Mobile/Page/Run App/Run App byID' successfully

2022-02-22 20:52:08 - [TEST_CASE][PASSED] - Test Cases/Mobile/Page/Run App/Run App byID: Test Cases/Mobile/Page/Run App/Run App byID

2022-02-22 20:52:08 - [TEST_STEP][PASSED] - startApp.OpenApp.startApplication("id.co.miraeasset.sageclub"): startApp.OpenApp.startApplication is PASSED

2022-02-22 20:52:29 - [MESSAGE][PASSED] - Starting app with application ID: 'id.co.miraeasset.sageclub'

2022-02-22 20:52:29 - [MESSAGE][PASSED] - startApp.OpenApp.startApplication is PASSED

2022-02-22 20:52:29 - [MESSAGE][PASSED] - Call Test Case 'Test Cases/Mobile/Page/Run App/Run App byID' successfully

2022-02-22 20:52:29 - [TEST_STEP][PASSED] - callTestCase(findTestCase("Mobile/Page/Portfolio/Portfolio"), ["tab":"mutualfund", "action2":"none"], CONTINUE_ON_FAILURE): Call Test Case 'Test Cases/Mobile/Page/Portfolio/Portfolio' successfully

2022-02-22 20:52:29 - [TEST_CASE][PASSED] - Test Cases/Mobile/Page/Portfolio/Portfolio: Test Cases/Mobile/Page/Portfolio/Portfolio

2022-02-22 20:52:29 - [TEST_STEP][PASSED] - callTestCase(findTestCase("Mobile/Page/CheckLogin"), [:], CONTINUE_ON_FAILURE): Call Test Case 'Test Cases/Mobile/Page/CheckLogin' successfully

2022-02-22 20:52:29 - [TEST_CASE][PASSED] - Test Cases/Mobile/Page/CheckLogin: Test Cases/Mobile/Page/CheckLogin

2022-02-22 20:52:29 - [TEST_STEP][PASSED] - loginCheck = verifyElementExist(LOGN_BtnLogin, 5, CONTINUE_ON_FAILURE): Element 'Object Repository/Mobile/Page/Login/Button - Login' is exist

2022-02-22 20:52:31 - [MESSAGE][PASSED] - Element 'Object Repository/Mobile/Page/Login/Button - Login' is exist

2022-02-22 20:52:31 - [TEST_STEP][PASSED] - if (loginCheck): Call Test Case 'Test Cases/Mobile/Page/Login/Login' successfully

2022-02-22 20:52:31 - [TEST_STEP][PASSED] - callTestCase(findTestCase("Mobile/Page/Login/Login"), ["action":"username"], CONTINUE_ON_FAILURE): Call Test Case 'Test Cases/Mobile/Page/Login/Login' successfully

2022-02-22 20:52:31 - [TEST_CASE][PASSED] - Test Cases/Mobile/Page/Login/Login: Test Cases/Mobile/Page/Login/Login

2022-02-22 20:52:31 - [TEST_STEP][PASSED] - delay(2): Delayed 2 second(s)

2022-02-22 20:52:33 - [MESSAGE][PASSED] - Delayed 2 second(s)

2022-02-22 20:52:33 - [TEST_STEP][PASSED] - for ([i = 0, i < 1, (i++)]): null

2022-02-22 20:52:33 - [TEST_STEP][PASSED] - if (action == "username"): null

2022-02-22 20:52:33 - [TEST_STEP][PASSED] - tap(LOGN_EdtUserID, 0): Tapped on element 'Object Repository/Mobile/Page/Login/Input - UserID'

2022-02-22 20:52:33 - [MESSAGE][WARNING] - Timeout '0' is invalid. Using default page load timeout: '60'

2022-02-22 20:52:33 - [MESSAGE][PASSED] - Tapped on element 'Object Repository/Mobile/Page/Login/Input - UserID'

2022-02-22 20:52:33 - [TEST_STEP][PASSED] - delay(1): Delayed 1 second(s)

2022-02-22 20:52:34 - [MESSAGE][PASSED] - Delayed 1 second(s)

2022-02-22 20:52:34 - [TEST_STEP][PASSED] - setText(LOGN_EdtRdyUserID, "anggaaditya", 0): Text 'anggaaditya' has been set to element 'Object Repository/Mobile/Page/Login/Input Rdy - UserID'

2022-02-22 20:52:34 - [MESSAGE][WARNING] - Timeout '0' is invalid. Using default page load timeout: '60'

2022-02-22 20:52:35 - [MESSAGE][PASSED] - Text 'anggaaditya' has been set to element 'Object Repository/Mobile/Page/Login/Input Rdy - UserID'

2022-02-22 20:52:35 - [TEST_STEP][PASSED] - delay(1): Delayed 1 second(s)

2022-02-22 20:52:36 - [MESSAGE][PASSED] - Delayed 1 second(s)

2022-02-22 20:52:36 - [TEST_STEP][PASSED] - hideKeyboard(): Keyboard is hidden

2022-02-22 20:52:40 - [MESSAGE][PASSED] - Keyboard is hidden

2022-02-22 20:52:40 - [TEST_STEP][PASSED] - tap(LOGN_EdtPassword, 0): Tapped on element 'Object Repository/Mobile/Page/Login/Input - Password'

2022-02-22 20:52:40 - [MESSAGE][WARNING] - Timeout '0' is invalid. Using default page load timeout: '60'

2022-02-22 20:52:41 - [MESSAGE][PASSED] - Tapped on element 'Object Repository/Mobile/Page/Login/Input - Password'

2022-02-22 20:52:41 - [TEST_STEP][PASSED] - delay(1): Delayed 1 second(s)

2022-02-22 20:52:42 - [MESSAGE][PASSED] - Delayed 1 second(s)

2022-02-22 20:52:42 - [TEST_STEP][PASSED] - setText(LOGN_EdtRdyPassword, "Shalawa18", 0): Text 'Shalawa18' has been set to element 'Object Repository/Mobile/Page/Login/Input Rdy - Password'

2022-02-22 20:52:42 - [MESSAGE][WARNING] - Timeout '0' is invalid. Using default page load timeout: '60'

2022-02-22 20:52:42 - [MESSAGE][PASSED] - Text 'Shalawa18' has been set to element 'Object Repository/Mobile/Page/Login/Input Rdy - Password'

2022-02-22 20:52:42 - [TEST_STEP][PASSED] - delay(1): Delayed 1 second(s)

2022-02-22 20:52:43 - [MESSAGE][PASSED] - Delayed 1 second(s)

2022-02-22 20:52:43 - [TEST_STEP][PASSED] - hideKeyboard(): Keyboard is hidden

2022-02-22 20:52:51 - [MESSAGE][PASSED] - Keyboard is hidden

2022-02-22 20:52:51 - [TEST_STEP][PASSED] - tap(LOGN_BtnLogin, 0): Tapped on element 'Object Repository/Mobile/Page/Login/Button - Login'

2022-02-22 20:52:51 - [MESSAGE][WARNING] - Timeout '0' is invalid. Using default page load timeout: '60'

2022-02-22 20:52:52 - [MESSAGE][PASSED] - Tapped on element 'Object Repository/Mobile/Page/Login/Button - Login'

2022-02-22 20:52:52 - [TEST_STEP][PASSED] - delay(2): Delayed 2 second(s)

2022-02-22 20:52:54 - [MESSAGE][PASSED] - Delayed 2 second(s)

2022-02-22 20:52:54 - [TEST_STEP][PASSED] - break: null

2022-02-22 20:52:54 - [MESSAGE][PASSED] - Call Test Case 'Test Cases/Mobile/Page/Login/Login' successfully

2022-02-22 20:52:54 - [MESSAGE][PASSED] - Call Test Case 'Test Cases/Mobile/Page/CheckLogin' successfully

2022-02-22 20:52:54 - [TEST_STEP][PASSED] - tap(HOME_MenubarPortfolio, 0): Tapped on element 'Object Repository/Mobile/Page/Home/Menubar - Portfolio'

2022-02-22 20:52:54 - [MESSAGE][WARNING] - Timeout '0' is invalid. Using default page load timeout: '60'

2022-02-22 20:52:56 - [MESSAGE][PASSED] - Tapped on element 'Object Repository/Mobile/Page/Home/Menubar - Portfolio'

2022-02-22 20:52:56 - [TEST_STEP][PASSED] - delay(1): Delayed 1 second(s)

2022-02-22 20:52:57 - [MESSAGE][PASSED] - Delayed 1 second(s)

2022-02-22 20:52:57 - [TEST_STEP][PASSED] - for ([i = 0, i < 1, (i++)]): scroll.scroll.scrollScreenBottomToTop is PASSED

2022-02-22 20:52:57 - [TEST_STEP][PASSED] - if (tab == "summary"): null

2022-02-22 20:52:57 - [TEST_STEP][PASSED] - else if (tab == "stock"): null

2022-02-22 20:52:57 - [TEST_STEP][PASSED] - else if (tab == "mutualfund"): scroll.scroll.scrollScreenBottomToTop is PASSED

2022-02-22 20:52:57 - [TEST_STEP][PASSED] - tap(PORT_TabMutualFund, 0): Tapped on element 'Object Repository/Mobile/Page/Portfolio/Tab - Mutual Fund'

2022-02-22 20:52:57 - [MESSAGE][WARNING] - Timeout '0' is invalid. Using default page load timeout: '60'

2022-02-22 20:52:58 - [MESSAGE][PASSED] - Tapped on element 'Object Repository/Mobile/Page/Portfolio/Tab - Mutual Fund'

2022-02-22 20:52:58 - [TEST_STEP][PASSED] - delay(1): Delayed 1 second(s)

2022-02-22 20:52:59 - [MESSAGE][PASSED] - Delayed 1 second(s)

2022-02-22 20:52:59 - [TEST_STEP][PASSED] - try: scroll.scroll.scrollScreenBottomToTop is PASSED

2022-02-22 20:52:59 - [TEST_STEP][PASSED] - tapAndHold(PORT_ItemTopMutualFund, 1, 10): Tapped and held on element 'Object Repository/Mobile/Page/Portfolio/Item - Top Mutual Fund' with duration 1

2022-02-22 20:53:02 - [MESSAGE][PASSED] - Tapped and held on element 'Object Repository/Mobile/Page/Portfolio/Item - Top Mutual Fund' with duration 1

2022-02-22 20:53:02 - [TEST_STEP][PASSED] - delay(2): Delayed 2 second(s)

2022-02-22 20:53:04 - [MESSAGE][PASSED] - Delayed 2 second(s)

2022-02-22 20:53:04 - [TEST_STEP][PASSED] - switch (action2): null

2022-02-22 20:53:04 - [TEST_STEP][PASSED] - delay(3): Delayed 3 second(s)

2022-02-22 20:53:07 - [MESSAGE][PASSED] - Delayed 3 second(s)

2022-02-22 20:53:07 - [TEST_STEP][PASSED] - scroll.scroll.scrollScreenBottomToTop(): scroll.scroll.scrollScreenBottomToTop is PASSED

2022-02-22 20:53:08 - [MESSAGE][PASSED] - Current device physical height is 1423

2022-02-22 20:53:08 - [MESSAGE][PASSED] - Current device physical width is 720

2022-02-22 20:53:09 - [MESSAGE][PASSED] - Swiped from 360,1,138 to 360,284

2022-02-22 20:53:09 - [MESSAGE][PASSED] - scroll.scroll.scrollScreenBottomToTop is PASSED

2022-02-22 20:53:09 - [MESSAGE][PASSED] - Call Test Case 'Test Cases/Mobile/Page/Portfolio/Portfolio' successfully

2022-02-22 20:53:09 - [TEST_STEP][PASSED] - callTestCase(findTestCase("Mobile/Page/Run App/Terminate App"), [:], STOP_ON_FAILURE): Call Test Case 'Test Cases/Mobile/Page/Run App/Terminate App' successfully

2022-02-22 20:53:09 - [TEST_CASE][PASSED] - Test Cases/Mobile/Page/Run App/Terminate App: Test Cases/Mobile/Page/Run App/Terminate App

2022-02-22 20:53:09 - [TEST_STEP][PASSED] - startApp.OpenApp.terminateApplication(): startApp.OpenApp.terminateApplication is PASSED

2022-02-22 20:53:12 - [MESSAGE][PASSED] - Delayed 3 second(s)

2022-02-22 20:53:13 - [MESSAGE][PASSED] - Current device physical width is 720

2022-02-22 20:53:13 - [MESSAGE][PASSED] - Current device physical height is 1423

2022-02-22 20:53:15 - [MESSAGE][PASSED] - Swiped from 360,853 to 360,142

2022-02-22 20:53:16 - [MESSAGE][PASSED] - Delayed 1 second(s)

2022-02-22 20:53:17 - [MESSAGE][PASSED] - Swiped from 360,853 to 360,142

2022-02-22 20:53:20 - [MESSAGE][PASSED] - Delayed 3 second(s)

2022-02-22 20:53:20 - [MESSAGE][PASSED] - startApp.OpenApp.terminateApplication is PASSED

2022-02-22 20:53:20 - [MESSAGE][PASSED] - Call Test Case 'Test Cases/Mobile/Page/Run App/Terminate App' successfully]]></system-out>
         <system-err><![CDATA[]]></system-err>
      </testcase>
      <testcase name="Test Cases/Mobile/Scenario/Portfolio/012 - Melihat list bond" time="73.635" classname="Test Cases/Mobile/Scenario/Portfolio/012 - Melihat list bond" status="PASSED">
         <system-out><![CDATA[2022-02-22 20:53:20 - [TEST_CASE][PASSED] - Test Cases/Mobile/Scenario/Portfolio/012 - Melihat list bond: Test Cases/Mobile/Scenario/Portfolio/012 - Melihat list bond

2022-02-22 20:53:21 - [TEST_STEP][PASSED] - callTestCase(findTestCase("Mobile/Page/Run App/Run App byID"), [:], STOP_ON_FAILURE): Call Test Case 'Test Cases/Mobile/Page/Run App/Run App byID' successfully

2022-02-22 20:53:21 - [TEST_CASE][PASSED] - Test Cases/Mobile/Page/Run App/Run App byID: Test Cases/Mobile/Page/Run App/Run App byID

2022-02-22 20:53:21 - [TEST_STEP][PASSED] - startApp.OpenApp.startApplication("id.co.miraeasset.sageclub"): startApp.OpenApp.startApplication is PASSED

2022-02-22 20:53:42 - [MESSAGE][PASSED] - Starting app with application ID: 'id.co.miraeasset.sageclub'

2022-02-22 20:53:42 - [MESSAGE][PASSED] - startApp.OpenApp.startApplication is PASSED

2022-02-22 20:53:42 - [MESSAGE][PASSED] - Call Test Case 'Test Cases/Mobile/Page/Run App/Run App byID' successfully

2022-02-22 20:53:42 - [TEST_STEP][PASSED] - callTestCase(findTestCase("Mobile/Page/Portfolio/Portfolio"), ["tab":"stock", "action":"none"], CONTINUE_ON_FAILURE): Call Test Case 'Test Cases/Mobile/Page/Portfolio/Portfolio' successfully

2022-02-22 20:53:42 - [TEST_CASE][PASSED] - Test Cases/Mobile/Page/Portfolio/Portfolio: Test Cases/Mobile/Page/Portfolio/Portfolio

2022-02-22 20:53:42 - [TEST_STEP][PASSED] - callTestCase(findTestCase("Mobile/Page/CheckLogin"), [:], CONTINUE_ON_FAILURE): Call Test Case 'Test Cases/Mobile/Page/CheckLogin' successfully

2022-02-22 20:53:42 - [TEST_CASE][PASSED] - Test Cases/Mobile/Page/CheckLogin: Test Cases/Mobile/Page/CheckLogin

2022-02-22 20:53:42 - [TEST_STEP][PASSED] - loginCheck = verifyElementExist(LOGN_BtnLogin, 5, CONTINUE_ON_FAILURE): Element 'Object Repository/Mobile/Page/Login/Button - Login' is exist

2022-02-22 20:53:44 - [MESSAGE][PASSED] - Element 'Object Repository/Mobile/Page/Login/Button - Login' is exist

2022-02-22 20:53:44 - [TEST_STEP][PASSED] - if (loginCheck): Call Test Case 'Test Cases/Mobile/Page/Login/Login' successfully

2022-02-22 20:53:44 - [TEST_STEP][PASSED] - callTestCase(findTestCase("Mobile/Page/Login/Login"), ["action":"username"], CONTINUE_ON_FAILURE): Call Test Case 'Test Cases/Mobile/Page/Login/Login' successfully

2022-02-22 20:53:44 - [TEST_CASE][PASSED] - Test Cases/Mobile/Page/Login/Login: Test Cases/Mobile/Page/Login/Login

2022-02-22 20:53:44 - [TEST_STEP][PASSED] - delay(2): Delayed 2 second(s)

2022-02-22 20:53:46 - [MESSAGE][PASSED] - Delayed 2 second(s)

2022-02-22 20:53:46 - [TEST_STEP][PASSED] - for ([i = 0, i < 1, (i++)]): null

2022-02-22 20:53:46 - [TEST_STEP][PASSED] - if (action == "username"): null

2022-02-22 20:53:46 - [TEST_STEP][PASSED] - tap(LOGN_EdtUserID, 0): Tapped on element 'Object Repository/Mobile/Page/Login/Input - UserID'

2022-02-22 20:53:46 - [MESSAGE][WARNING] - Timeout '0' is invalid. Using default page load timeout: '60'

2022-02-22 20:53:46 - [MESSAGE][PASSED] - Tapped on element 'Object Repository/Mobile/Page/Login/Input - UserID'

2022-02-22 20:53:46 - [TEST_STEP][PASSED] - delay(1): Delayed 1 second(s)

2022-02-22 20:53:47 - [MESSAGE][PASSED] - Delayed 1 second(s)

2022-02-22 20:53:47 - [TEST_STEP][PASSED] - setText(LOGN_EdtRdyUserID, "anggaaditya", 0): Text 'anggaaditya' has been set to element 'Object Repository/Mobile/Page/Login/Input Rdy - UserID'

2022-02-22 20:53:47 - [MESSAGE][WARNING] - Timeout '0' is invalid. Using default page load timeout: '60'

2022-02-22 20:53:48 - [MESSAGE][PASSED] - Text 'anggaaditya' has been set to element 'Object Repository/Mobile/Page/Login/Input Rdy - UserID'

2022-02-22 20:53:48 - [TEST_STEP][PASSED] - delay(1): Delayed 1 second(s)

2022-02-22 20:53:49 - [MESSAGE][PASSED] - Delayed 1 second(s)

2022-02-22 20:53:49 - [TEST_STEP][PASSED] - hideKeyboard(): Keyboard is hidden

2022-02-22 20:53:58 - [MESSAGE][PASSED] - Keyboard is hidden

2022-02-22 20:53:58 - [TEST_STEP][PASSED] - tap(LOGN_EdtPassword, 0): Tapped on element 'Object Repository/Mobile/Page/Login/Input - Password'

2022-02-22 20:53:58 - [MESSAGE][WARNING] - Timeout '0' is invalid. Using default page load timeout: '60'

2022-02-22 20:54:00 - [MESSAGE][PASSED] - Tapped on element 'Object Repository/Mobile/Page/Login/Input - Password'

2022-02-22 20:54:00 - [TEST_STEP][PASSED] - delay(1): Delayed 1 second(s)

2022-02-22 20:54:01 - [MESSAGE][PASSED] - Delayed 1 second(s)

2022-02-22 20:54:01 - [TEST_STEP][PASSED] - setText(LOGN_EdtRdyPassword, "Shalawa18", 0): Text 'Shalawa18' has been set to element 'Object Repository/Mobile/Page/Login/Input Rdy - Password'

2022-02-22 20:54:01 - [MESSAGE][WARNING] - Timeout '0' is invalid. Using default page load timeout: '60'

2022-02-22 20:54:01 - [MESSAGE][PASSED] - Text 'Shalawa18' has been set to element 'Object Repository/Mobile/Page/Login/Input Rdy - Password'

2022-02-22 20:54:01 - [TEST_STEP][PASSED] - delay(1): Delayed 1 second(s)

2022-02-22 20:54:02 - [MESSAGE][PASSED] - Delayed 1 second(s)

2022-02-22 20:54:02 - [TEST_STEP][PASSED] - hideKeyboard(): Keyboard is hidden

2022-02-22 20:54:10 - [MESSAGE][PASSED] - Keyboard is hidden

2022-02-22 20:54:10 - [TEST_STEP][PASSED] - tap(LOGN_BtnLogin, 0): Tapped on element 'Object Repository/Mobile/Page/Login/Button - Login'

2022-02-22 20:54:10 - [MESSAGE][WARNING] - Timeout '0' is invalid. Using default page load timeout: '60'

2022-02-22 20:54:11 - [MESSAGE][PASSED] - Tapped on element 'Object Repository/Mobile/Page/Login/Button - Login'

2022-02-22 20:54:11 - [TEST_STEP][PASSED] - delay(2): Delayed 2 second(s)

2022-02-22 20:54:13 - [MESSAGE][PASSED] - Delayed 2 second(s)

2022-02-22 20:54:13 - [TEST_STEP][PASSED] - break: null

2022-02-22 20:54:13 - [MESSAGE][PASSED] - Call Test Case 'Test Cases/Mobile/Page/Login/Login' successfully

2022-02-22 20:54:13 - [MESSAGE][PASSED] - Call Test Case 'Test Cases/Mobile/Page/CheckLogin' successfully

2022-02-22 20:54:13 - [TEST_STEP][PASSED] - tap(HOME_MenubarPortfolio, 0): Tapped on element 'Object Repository/Mobile/Page/Home/Menubar - Portfolio'

2022-02-22 20:54:13 - [MESSAGE][WARNING] - Timeout '0' is invalid. Using default page load timeout: '60'

2022-02-22 20:54:15 - [MESSAGE][PASSED] - Tapped on element 'Object Repository/Mobile/Page/Home/Menubar - Portfolio'

2022-02-22 20:54:15 - [TEST_STEP][PASSED] - delay(1): Delayed 1 second(s)

2022-02-22 20:54:16 - [MESSAGE][PASSED] - Delayed 1 second(s)

2022-02-22 20:54:16 - [TEST_STEP][PASSED] - for ([i = 0, i < 1, (i++)]): Delayed 3 second(s)

2022-02-22 20:54:16 - [TEST_STEP][PASSED] - if (tab == "summary"): null

2022-02-22 20:54:16 - [TEST_STEP][PASSED] - else if (tab == "stock"): Delayed 3 second(s)

2022-02-22 20:54:16 - [TEST_STEP][PASSED] - tap(PORT_TabStock, 0): Tapped on element 'Object Repository/Mobile/Page/Portfolio/Tab - Stock'

2022-02-22 20:54:16 - [MESSAGE][WARNING] - Timeout '0' is invalid. Using default page load timeout: '60'

2022-02-22 20:54:17 - [MESSAGE][PASSED] - Tapped on element 'Object Repository/Mobile/Page/Portfolio/Tab - Stock'

2022-02-22 20:54:17 - [TEST_STEP][PASSED] - scroll.scroll.scrollScreenBottomToTop(): scroll.scroll.scrollScreenBottomToTop is PASSED

2022-02-22 20:54:18 - [MESSAGE][PASSED] - Current device physical height is 1423

2022-02-22 20:54:18 - [MESSAGE][PASSED] - Current device physical width is 720

2022-02-22 20:54:20 - [MESSAGE][PASSED] - Swiped from 360,1,138 to 360,284

2022-02-22 20:54:20 - [MESSAGE][PASSED] - scroll.scroll.scrollScreenBottomToTop is PASSED

2022-02-22 20:54:20 - [TEST_STEP][PASSED] - delay(3): Delayed 3 second(s)

2022-02-22 20:54:23 - [MESSAGE][PASSED] - Delayed 3 second(s)

2022-02-22 20:54:23 - [MESSAGE][PASSED] - Call Test Case 'Test Cases/Mobile/Page/Portfolio/Portfolio' successfully

2022-02-22 20:54:23 - [TEST_STEP][PASSED] - callTestCase(findTestCase("Mobile/Page/Run App/Terminate App"), [:], STOP_ON_FAILURE): Call Test Case 'Test Cases/Mobile/Page/Run App/Terminate App' successfully

2022-02-22 20:54:23 - [TEST_CASE][PASSED] - Test Cases/Mobile/Page/Run App/Terminate App: Test Cases/Mobile/Page/Run App/Terminate App

2022-02-22 20:54:23 - [TEST_STEP][PASSED] - startApp.OpenApp.terminateApplication(): startApp.OpenApp.terminateApplication is PASSED

2022-02-22 20:54:26 - [MESSAGE][PASSED] - Delayed 3 second(s)

2022-02-22 20:54:26 - [MESSAGE][PASSED] - Current device physical width is 720

2022-02-22 20:54:27 - [MESSAGE][PASSED] - Current device physical height is 1423

2022-02-22 20:54:28 - [MESSAGE][PASSED] - Swiped from 360,853 to 360,142

2022-02-22 20:54:29 - [MESSAGE][PASSED] - Delayed 1 second(s)

2022-02-22 20:54:31 - [MESSAGE][PASSED] - Swiped from 360,853 to 360,142

2022-02-22 20:54:34 - [MESSAGE][PASSED] - Delayed 3 second(s)

2022-02-22 20:54:34 - [MESSAGE][PASSED] - startApp.OpenApp.terminateApplication is PASSED

2022-02-22 20:54:34 - [MESSAGE][PASSED] - Call Test Case 'Test Cases/Mobile/Page/Run App/Terminate App' successfully]]></system-out>
         <system-err><![CDATA[]]></system-err>
      </testcase>
      <testcase name="Test Cases/Mobile/Scenario/Portfolio/013 - Melihat detail mutual fund 1 month" time="76.506" classname="Test Cases/Mobile/Scenario/Portfolio/013 - Melihat detail mutual fund 1 month" status="PASSED">
         <system-out><![CDATA[2022-02-22 20:54:34 - [TEST_CASE][PASSED] - Test Cases/Mobile/Scenario/Portfolio/013 - Melihat detail mutual fund 1 month: Test Cases/Mobile/Scenario/Portfolio/013 - Melihat detail mutual fund 1 month

2022-02-22 20:54:35 - [TEST_STEP][PASSED] - callTestCase(findTestCase("Mobile/Page/Run App/Run App byID"), [:], STOP_ON_FAILURE): Call Test Case 'Test Cases/Mobile/Page/Run App/Run App byID' successfully

2022-02-22 20:54:35 - [TEST_CASE][PASSED] - Test Cases/Mobile/Page/Run App/Run App byID: Test Cases/Mobile/Page/Run App/Run App byID

2022-02-22 20:54:35 - [TEST_STEP][PASSED] - startApp.OpenApp.startApplication("id.co.miraeasset.sageclub"): startApp.OpenApp.startApplication is PASSED

2022-02-22 20:54:55 - [MESSAGE][PASSED] - Starting app with application ID: 'id.co.miraeasset.sageclub'

2022-02-22 20:54:55 - [MESSAGE][PASSED] - startApp.OpenApp.startApplication is PASSED

2022-02-22 20:54:55 - [MESSAGE][PASSED] - Call Test Case 'Test Cases/Mobile/Page/Run App/Run App byID' successfully

2022-02-22 20:54:55 - [TEST_STEP][PASSED] - callTestCase(findTestCase("Mobile/Page/Portfolio/Portfolio"), ["tab":"mutualfund", "action2":"1 month"], CONTINUE_ON_FAILURE): Call Test Case 'Test Cases/Mobile/Page/Portfolio/Portfolio' successfully

2022-02-22 20:54:55 - [TEST_CASE][PASSED] - Test Cases/Mobile/Page/Portfolio/Portfolio: Test Cases/Mobile/Page/Portfolio/Portfolio

2022-02-22 20:54:55 - [TEST_STEP][PASSED] - callTestCase(findTestCase("Mobile/Page/CheckLogin"), [:], CONTINUE_ON_FAILURE): Call Test Case 'Test Cases/Mobile/Page/CheckLogin' successfully

2022-02-22 20:54:55 - [TEST_CASE][PASSED] - Test Cases/Mobile/Page/CheckLogin: Test Cases/Mobile/Page/CheckLogin

2022-02-22 20:54:55 - [TEST_STEP][PASSED] - loginCheck = verifyElementExist(LOGN_BtnLogin, 5, CONTINUE_ON_FAILURE): Element 'Object Repository/Mobile/Page/Login/Button - Login' is exist

2022-02-22 20:54:56 - [MESSAGE][PASSED] - Element 'Object Repository/Mobile/Page/Login/Button - Login' is exist

2022-02-22 20:54:56 - [TEST_STEP][PASSED] - if (loginCheck): Call Test Case 'Test Cases/Mobile/Page/Login/Login' successfully

2022-02-22 20:54:56 - [TEST_STEP][PASSED] - callTestCase(findTestCase("Mobile/Page/Login/Login"), ["action":"username"], CONTINUE_ON_FAILURE): Call Test Case 'Test Cases/Mobile/Page/Login/Login' successfully

2022-02-22 20:54:56 - [TEST_CASE][PASSED] - Test Cases/Mobile/Page/Login/Login: Test Cases/Mobile/Page/Login/Login

2022-02-22 20:54:56 - [TEST_STEP][PASSED] - delay(2): Delayed 2 second(s)

2022-02-22 20:54:58 - [MESSAGE][PASSED] - Delayed 2 second(s)

2022-02-22 20:54:58 - [TEST_STEP][PASSED] - for ([i = 0, i < 1, (i++)]): null

2022-02-22 20:54:58 - [TEST_STEP][PASSED] - if (action == "username"): null

2022-02-22 20:54:58 - [TEST_STEP][PASSED] - tap(LOGN_EdtUserID, 0): Tapped on element 'Object Repository/Mobile/Page/Login/Input - UserID'

2022-02-22 20:54:59 - [MESSAGE][WARNING] - Timeout '0' is invalid. Using default page load timeout: '60'

2022-02-22 20:55:00 - [MESSAGE][PASSED] - Tapped on element 'Object Repository/Mobile/Page/Login/Input - UserID'

2022-02-22 20:55:00 - [TEST_STEP][PASSED] - delay(1): Delayed 1 second(s)

2022-02-22 20:55:01 - [MESSAGE][PASSED] - Delayed 1 second(s)

2022-02-22 20:55:01 - [TEST_STEP][PASSED] - setText(LOGN_EdtRdyUserID, "anggaaditya", 0): Text 'anggaaditya' has been set to element 'Object Repository/Mobile/Page/Login/Input Rdy - UserID'

2022-02-22 20:55:01 - [MESSAGE][WARNING] - Timeout '0' is invalid. Using default page load timeout: '60'

2022-02-22 20:55:02 - [MESSAGE][PASSED] - Text 'anggaaditya' has been set to element 'Object Repository/Mobile/Page/Login/Input Rdy - UserID'

2022-02-22 20:55:02 - [TEST_STEP][PASSED] - delay(1): Delayed 1 second(s)

2022-02-22 20:55:03 - [MESSAGE][PASSED] - Delayed 1 second(s)

2022-02-22 20:55:03 - [TEST_STEP][PASSED] - hideKeyboard(): Keyboard is hidden

2022-02-22 20:55:07 - [MESSAGE][PASSED] - Keyboard is hidden

2022-02-22 20:55:07 - [TEST_STEP][PASSED] - tap(LOGN_EdtPassword, 0): Tapped on element 'Object Repository/Mobile/Page/Login/Input - Password'

2022-02-22 20:55:07 - [MESSAGE][WARNING] - Timeout '0' is invalid. Using default page load timeout: '60'

2022-02-22 20:55:08 - [MESSAGE][PASSED] - Tapped on element 'Object Repository/Mobile/Page/Login/Input - Password'

2022-02-22 20:55:08 - [TEST_STEP][PASSED] - delay(1): Delayed 1 second(s)

2022-02-22 20:55:09 - [MESSAGE][PASSED] - Delayed 1 second(s)

2022-02-22 20:55:09 - [TEST_STEP][PASSED] - setText(LOGN_EdtRdyPassword, "Shalawa18", 0): Text 'Shalawa18' has been set to element 'Object Repository/Mobile/Page/Login/Input Rdy - Password'

2022-02-22 20:55:09 - [MESSAGE][WARNING] - Timeout '0' is invalid. Using default page load timeout: '60'

2022-02-22 20:55:09 - [MESSAGE][PASSED] - Text 'Shalawa18' has been set to element 'Object Repository/Mobile/Page/Login/Input Rdy - Password'

2022-02-22 20:55:09 - [TEST_STEP][PASSED] - delay(1): Delayed 1 second(s)

2022-02-22 20:55:10 - [MESSAGE][PASSED] - Delayed 1 second(s)

2022-02-22 20:55:10 - [TEST_STEP][PASSED] - hideKeyboard(): Keyboard is hidden

2022-02-22 20:55:18 - [MESSAGE][PASSED] - Keyboard is hidden

2022-02-22 20:55:18 - [TEST_STEP][PASSED] - tap(LOGN_BtnLogin, 0): Tapped on element 'Object Repository/Mobile/Page/Login/Button - Login'

2022-02-22 20:55:18 - [MESSAGE][WARNING] - Timeout '0' is invalid. Using default page load timeout: '60'

2022-02-22 20:55:19 - [MESSAGE][PASSED] - Tapped on element 'Object Repository/Mobile/Page/Login/Button - Login'

2022-02-22 20:55:19 - [TEST_STEP][PASSED] - delay(2): Delayed 2 second(s)

2022-02-22 20:55:21 - [MESSAGE][PASSED] - Delayed 2 second(s)

2022-02-22 20:55:21 - [TEST_STEP][PASSED] - break: null

2022-02-22 20:55:21 - [MESSAGE][PASSED] - Call Test Case 'Test Cases/Mobile/Page/Login/Login' successfully

2022-02-22 20:55:21 - [MESSAGE][PASSED] - Call Test Case 'Test Cases/Mobile/Page/CheckLogin' successfully

2022-02-22 20:55:21 - [TEST_STEP][PASSED] - tap(HOME_MenubarPortfolio, 0): Tapped on element 'Object Repository/Mobile/Page/Home/Menubar - Portfolio'

2022-02-22 20:55:21 - [MESSAGE][WARNING] - Timeout '0' is invalid. Using default page load timeout: '60'

2022-02-22 20:55:22 - [MESSAGE][PASSED] - Tapped on element 'Object Repository/Mobile/Page/Home/Menubar - Portfolio'

2022-02-22 20:55:22 - [TEST_STEP][PASSED] - delay(1): Delayed 1 second(s)

2022-02-22 20:55:23 - [MESSAGE][PASSED] - Delayed 1 second(s)

2022-02-22 20:55:23 - [TEST_STEP][PASSED] - for ([i = 0, i < 1, (i++)]): scroll.scroll.scrollScreenBottomToTop is PASSED

2022-02-22 20:55:23 - [TEST_STEP][PASSED] - if (tab == "summary"): null

2022-02-22 20:55:23 - [TEST_STEP][PASSED] - else if (tab == "stock"): null

2022-02-22 20:55:23 - [TEST_STEP][PASSED] - else if (tab == "mutualfund"): scroll.scroll.scrollScreenBottomToTop is PASSED

2022-02-22 20:55:23 - [TEST_STEP][PASSED] - tap(PORT_TabMutualFund, 0): Tapped on element 'Object Repository/Mobile/Page/Portfolio/Tab - Mutual Fund'

2022-02-22 20:55:23 - [MESSAGE][WARNING] - Timeout '0' is invalid. Using default page load timeout: '60'

2022-02-22 20:55:25 - [MESSAGE][PASSED] - Tapped on element 'Object Repository/Mobile/Page/Portfolio/Tab - Mutual Fund'

2022-02-22 20:55:25 - [TEST_STEP][PASSED] - delay(1): Delayed 1 second(s)

2022-02-22 20:55:26 - [MESSAGE][PASSED] - Delayed 1 second(s)

2022-02-22 20:55:26 - [TEST_STEP][PASSED] - try: scroll.scroll.scrollScreenBottomToTop is PASSED

2022-02-22 20:55:26 - [TEST_STEP][PASSED] - tapAndHold(PORT_ItemTopMutualFund, 1, 10): Tapped and held on element 'Object Repository/Mobile/Page/Portfolio/Item - Top Mutual Fund' with duration 1

2022-02-22 20:55:29 - [MESSAGE][PASSED] - Tapped and held on element 'Object Repository/Mobile/Page/Portfolio/Item - Top Mutual Fund' with duration 1

2022-02-22 20:55:29 - [TEST_STEP][PASSED] - delay(2): Delayed 2 second(s)

2022-02-22 20:55:31 - [MESSAGE][PASSED] - Delayed 2 second(s)

2022-02-22 20:55:31 - [TEST_STEP][PASSED] - switch (action2): null

2022-02-22 20:55:31 - [TEST_STEP][PASSED] - case "1 month":: null

2022-02-22 20:55:31 - [TEST_STEP][PASSED] - tapAndHold(PORT_DETL_Btn1Month, 1, 0): Tapped and held on element 'Object Repository/Mobile/Page/Portfolio/Detail Mutual Funds/Button - 1 Month' with duration 1

2022-02-22 20:55:31 - [MESSAGE][WARNING] - Timeout '0' is invalid. Using default page load timeout: '60'

2022-02-22 20:55:34 - [MESSAGE][PASSED] - Tapped and held on element 'Object Repository/Mobile/Page/Portfolio/Detail Mutual Funds/Button - 1 Month' with duration 1

2022-02-22 20:55:34 - [TEST_STEP][PASSED] - break: null

2022-02-22 20:55:34 - [TEST_STEP][PASSED] - delay(3): Delayed 3 second(s)

2022-02-22 20:55:37 - [MESSAGE][PASSED] - Delayed 3 second(s)

2022-02-22 20:55:37 - [TEST_STEP][PASSED] - scroll.scroll.scrollScreenBottomToTop(): scroll.scroll.scrollScreenBottomToTop is PASSED

2022-02-22 20:55:37 - [MESSAGE][PASSED] - Current device physical height is 1423

2022-02-22 20:55:38 - [MESSAGE][PASSED] - Current device physical width is 720

2022-02-22 20:55:39 - [MESSAGE][PASSED] - Swiped from 360,1,138 to 360,284

2022-02-22 20:55:39 - [MESSAGE][PASSED] - scroll.scroll.scrollScreenBottomToTop is PASSED

2022-02-22 20:55:39 - [MESSAGE][PASSED] - Call Test Case 'Test Cases/Mobile/Page/Portfolio/Portfolio' successfully

2022-02-22 20:55:39 - [TEST_STEP][PASSED] - callTestCase(findTestCase("Mobile/Page/Run App/Terminate App"), [:], STOP_ON_FAILURE): Call Test Case 'Test Cases/Mobile/Page/Run App/Terminate App' successfully

2022-02-22 20:55:39 - [TEST_CASE][PASSED] - Test Cases/Mobile/Page/Run App/Terminate App: Test Cases/Mobile/Page/Run App/Terminate App

2022-02-22 20:55:39 - [TEST_STEP][PASSED] - startApp.OpenApp.terminateApplication(): startApp.OpenApp.terminateApplication is PASSED

2022-02-22 20:55:42 - [MESSAGE][PASSED] - Delayed 3 second(s)

2022-02-22 20:55:43 - [MESSAGE][PASSED] - Current device physical width is 720

2022-02-22 20:55:43 - [MESSAGE][PASSED] - Current device physical height is 1423

2022-02-22 20:55:45 - [MESSAGE][PASSED] - Swiped from 360,853 to 360,142

2022-02-22 20:55:46 - [MESSAGE][PASSED] - Delayed 1 second(s)

2022-02-22 20:55:47 - [MESSAGE][PASSED] - Swiped from 360,853 to 360,142

2022-02-22 20:55:50 - [MESSAGE][PASSED] - Delayed 3 second(s)

2022-02-22 20:55:50 - [MESSAGE][PASSED] - startApp.OpenApp.terminateApplication is PASSED

2022-02-22 20:55:50 - [MESSAGE][PASSED] - Call Test Case 'Test Cases/Mobile/Page/Run App/Terminate App' successfully]]></system-out>
         <system-err><![CDATA[]]></system-err>
      </testcase>
      <testcase name="Test Cases/Mobile/Scenario/Portfolio/014 - Melihat detail mutual fund 3 month" time="75.06" classname="Test Cases/Mobile/Scenario/Portfolio/014 - Melihat detail mutual fund 3 month" status="PASSED">
         <system-out><![CDATA[2022-02-22 20:55:50 - [TEST_CASE][PASSED] - Test Cases/Mobile/Scenario/Portfolio/014 - Melihat detail mutual fund 3 month: Test Cases/Mobile/Scenario/Portfolio/014 - Melihat detail mutual fund 3 month

2022-02-22 20:55:51 - [TEST_STEP][PASSED] - callTestCase(findTestCase("Mobile/Page/Run App/Run App byID"), [:], STOP_ON_FAILURE): Call Test Case 'Test Cases/Mobile/Page/Run App/Run App byID' successfully

2022-02-22 20:55:51 - [TEST_CASE][PASSED] - Test Cases/Mobile/Page/Run App/Run App byID: Test Cases/Mobile/Page/Run App/Run App byID

2022-02-22 20:55:51 - [TEST_STEP][PASSED] - startApp.OpenApp.startApplication("id.co.miraeasset.sageclub"): startApp.OpenApp.startApplication is PASSED

2022-02-22 20:56:12 - [MESSAGE][PASSED] - Starting app with application ID: 'id.co.miraeasset.sageclub'

2022-02-22 20:56:12 - [MESSAGE][PASSED] - startApp.OpenApp.startApplication is PASSED

2022-02-22 20:56:12 - [MESSAGE][PASSED] - Call Test Case 'Test Cases/Mobile/Page/Run App/Run App byID' successfully

2022-02-22 20:56:12 - [TEST_STEP][PASSED] - callTestCase(findTestCase("Mobile/Page/Portfolio/Portfolio"), ["tab":"mutualfund", "action2":"3 month"], CONTINUE_ON_FAILURE): Call Test Case 'Test Cases/Mobile/Page/Portfolio/Portfolio' successfully

2022-02-22 20:56:12 - [TEST_CASE][PASSED] - Test Cases/Mobile/Page/Portfolio/Portfolio: Test Cases/Mobile/Page/Portfolio/Portfolio

2022-02-22 20:56:12 - [TEST_STEP][PASSED] - callTestCase(findTestCase("Mobile/Page/CheckLogin"), [:], CONTINUE_ON_FAILURE): Call Test Case 'Test Cases/Mobile/Page/CheckLogin' successfully

2022-02-22 20:56:12 - [TEST_CASE][PASSED] - Test Cases/Mobile/Page/CheckLogin: Test Cases/Mobile/Page/CheckLogin

2022-02-22 20:56:12 - [TEST_STEP][PASSED] - loginCheck = verifyElementExist(LOGN_BtnLogin, 5, CONTINUE_ON_FAILURE): Element 'Object Repository/Mobile/Page/Login/Button - Login' is exist

2022-02-22 20:56:14 - [MESSAGE][PASSED] - Element 'Object Repository/Mobile/Page/Login/Button - Login' is exist

2022-02-22 20:56:14 - [TEST_STEP][PASSED] - if (loginCheck): Call Test Case 'Test Cases/Mobile/Page/Login/Login' successfully

2022-02-22 20:56:14 - [TEST_STEP][PASSED] - callTestCase(findTestCase("Mobile/Page/Login/Login"), ["action":"username"], CONTINUE_ON_FAILURE): Call Test Case 'Test Cases/Mobile/Page/Login/Login' successfully

2022-02-22 20:56:14 - [TEST_CASE][PASSED] - Test Cases/Mobile/Page/Login/Login: Test Cases/Mobile/Page/Login/Login

2022-02-22 20:56:14 - [TEST_STEP][PASSED] - delay(2): Delayed 2 second(s)

2022-02-22 20:56:16 - [MESSAGE][PASSED] - Delayed 2 second(s)

2022-02-22 20:56:16 - [TEST_STEP][PASSED] - for ([i = 0, i < 1, (i++)]): null

2022-02-22 20:56:16 - [TEST_STEP][PASSED] - if (action == "username"): null

2022-02-22 20:56:16 - [TEST_STEP][PASSED] - tap(LOGN_EdtUserID, 0): Tapped on element 'Object Repository/Mobile/Page/Login/Input - UserID'

2022-02-22 20:56:16 - [MESSAGE][WARNING] - Timeout '0' is invalid. Using default page load timeout: '60'

2022-02-22 20:56:17 - [MESSAGE][PASSED] - Tapped on element 'Object Repository/Mobile/Page/Login/Input - UserID'

2022-02-22 20:56:17 - [TEST_STEP][PASSED] - delay(1): Delayed 1 second(s)

2022-02-22 20:56:18 - [MESSAGE][PASSED] - Delayed 1 second(s)

2022-02-22 20:56:18 - [TEST_STEP][PASSED] - setText(LOGN_EdtRdyUserID, "anggaaditya", 0): Text 'anggaaditya' has been set to element 'Object Repository/Mobile/Page/Login/Input Rdy - UserID'

2022-02-22 20:56:18 - [MESSAGE][WARNING] - Timeout '0' is invalid. Using default page load timeout: '60'

2022-02-22 20:56:18 - [MESSAGE][PASSED] - Text 'anggaaditya' has been set to element 'Object Repository/Mobile/Page/Login/Input Rdy - UserID'

2022-02-22 20:56:18 - [TEST_STEP][PASSED] - delay(1): Delayed 1 second(s)

2022-02-22 20:56:19 - [MESSAGE][PASSED] - Delayed 1 second(s)

2022-02-22 20:56:19 - [TEST_STEP][PASSED] - hideKeyboard(): Keyboard is hidden

2022-02-22 20:56:24 - [MESSAGE][PASSED] - Keyboard is hidden

2022-02-22 20:56:24 - [TEST_STEP][PASSED] - tap(LOGN_EdtPassword, 0): Tapped on element 'Object Repository/Mobile/Page/Login/Input - Password'

2022-02-22 20:56:24 - [MESSAGE][WARNING] - Timeout '0' is invalid. Using default page load timeout: '60'

2022-02-22 20:56:24 - [MESSAGE][PASSED] - Tapped on element 'Object Repository/Mobile/Page/Login/Input - Password'

2022-02-22 20:56:24 - [TEST_STEP][PASSED] - delay(1): Delayed 1 second(s)

2022-02-22 20:56:25 - [MESSAGE][PASSED] - Delayed 1 second(s)

2022-02-22 20:56:25 - [TEST_STEP][PASSED] - setText(LOGN_EdtRdyPassword, "Shalawa18", 0): Text 'Shalawa18' has been set to element 'Object Repository/Mobile/Page/Login/Input Rdy - Password'

2022-02-22 20:56:25 - [MESSAGE][WARNING] - Timeout '0' is invalid. Using default page load timeout: '60'

2022-02-22 20:56:26 - [MESSAGE][PASSED] - Text 'Shalawa18' has been set to element 'Object Repository/Mobile/Page/Login/Input Rdy - Password'

2022-02-22 20:56:26 - [TEST_STEP][PASSED] - delay(1): Delayed 1 second(s)

2022-02-22 20:56:27 - [MESSAGE][PASSED] - Delayed 1 second(s)

2022-02-22 20:56:27 - [TEST_STEP][PASSED] - hideKeyboard(): Keyboard is hidden

2022-02-22 20:56:33 - [MESSAGE][PASSED] - Keyboard is hidden

2022-02-22 20:56:33 - [TEST_STEP][PASSED] - tap(LOGN_BtnLogin, 0): Tapped on element 'Object Repository/Mobile/Page/Login/Button - Login'

2022-02-22 20:56:33 - [MESSAGE][WARNING] - Timeout '0' is invalid. Using default page load timeout: '60'

2022-02-22 20:56:34 - [MESSAGE][PASSED] - Tapped on element 'Object Repository/Mobile/Page/Login/Button - Login'

2022-02-22 20:56:34 - [TEST_STEP][PASSED] - delay(2): Delayed 2 second(s)

2022-02-22 20:56:36 - [MESSAGE][PASSED] - Delayed 2 second(s)

2022-02-22 20:56:36 - [TEST_STEP][PASSED] - break: null

2022-02-22 20:56:36 - [MESSAGE][PASSED] - Call Test Case 'Test Cases/Mobile/Page/Login/Login' successfully

2022-02-22 20:56:36 - [MESSAGE][PASSED] - Call Test Case 'Test Cases/Mobile/Page/CheckLogin' successfully

2022-02-22 20:56:36 - [TEST_STEP][PASSED] - tap(HOME_MenubarPortfolio, 0): Tapped on element 'Object Repository/Mobile/Page/Home/Menubar - Portfolio'

2022-02-22 20:56:36 - [MESSAGE][WARNING] - Timeout '0' is invalid. Using default page load timeout: '60'

2022-02-22 20:56:38 - [MESSAGE][PASSED] - Tapped on element 'Object Repository/Mobile/Page/Home/Menubar - Portfolio'

2022-02-22 20:56:38 - [TEST_STEP][PASSED] - delay(1): Delayed 1 second(s)

2022-02-22 20:56:39 - [MESSAGE][PASSED] - Delayed 1 second(s)

2022-02-22 20:56:39 - [TEST_STEP][PASSED] - for ([i = 0, i < 1, (i++)]): scroll.scroll.scrollScreenBottomToTop is PASSED

2022-02-22 20:56:39 - [TEST_STEP][PASSED] - if (tab == "summary"): null

2022-02-22 20:56:39 - [TEST_STEP][PASSED] - else if (tab == "stock"): null

2022-02-22 20:56:39 - [TEST_STEP][PASSED] - else if (tab == "mutualfund"): scroll.scroll.scrollScreenBottomToTop is PASSED

2022-02-22 20:56:39 - [TEST_STEP][PASSED] - tap(PORT_TabMutualFund, 0): Tapped on element 'Object Repository/Mobile/Page/Portfolio/Tab - Mutual Fund'

2022-02-22 20:56:39 - [MESSAGE][WARNING] - Timeout '0' is invalid. Using default page load timeout: '60'

2022-02-22 20:56:40 - [MESSAGE][PASSED] - Tapped on element 'Object Repository/Mobile/Page/Portfolio/Tab - Mutual Fund'

2022-02-22 20:56:40 - [TEST_STEP][PASSED] - delay(1): Delayed 1 second(s)

2022-02-22 20:56:41 - [MESSAGE][PASSED] - Delayed 1 second(s)

2022-02-22 20:56:41 - [TEST_STEP][PASSED] - try: scroll.scroll.scrollScreenBottomToTop is PASSED

2022-02-22 20:56:41 - [TEST_STEP][PASSED] - tapAndHold(PORT_ItemTopMutualFund, 1, 10): Tapped and held on element 'Object Repository/Mobile/Page/Portfolio/Item - Top Mutual Fund' with duration 1

2022-02-22 20:56:44 - [MESSAGE][PASSED] - Tapped and held on element 'Object Repository/Mobile/Page/Portfolio/Item - Top Mutual Fund' with duration 1

2022-02-22 20:56:44 - [TEST_STEP][PASSED] - delay(2): Delayed 2 second(s)

2022-02-22 20:56:46 - [MESSAGE][PASSED] - Delayed 2 second(s)

2022-02-22 20:56:46 - [TEST_STEP][PASSED] - switch (action2): null

2022-02-22 20:56:46 - [TEST_STEP][PASSED] - case "3 month":: null

2022-02-22 20:56:46 - [TEST_STEP][PASSED] - tapAndHold(PORT_DETL_Btn3Month, 1, 0): Tapped and held on element 'Object Repository/Mobile/Page/Portfolio/Detail Mutual Funds/Button - 3 Month' with duration 1

2022-02-22 20:56:46 - [MESSAGE][WARNING] - Timeout '0' is invalid. Using default page load timeout: '60'

2022-02-22 20:56:49 - [MESSAGE][PASSED] - Tapped and held on element 'Object Repository/Mobile/Page/Portfolio/Detail Mutual Funds/Button - 3 Month' with duration 1

2022-02-22 20:56:49 - [TEST_STEP][PASSED] - break: null

2022-02-22 20:56:49 - [TEST_STEP][PASSED] - delay(3): Delayed 3 second(s)

2022-02-22 20:56:52 - [MESSAGE][PASSED] - Delayed 3 second(s)

2022-02-22 20:56:52 - [TEST_STEP][PASSED] - scroll.scroll.scrollScreenBottomToTop(): scroll.scroll.scrollScreenBottomToTop is PASSED

2022-02-22 20:56:53 - [MESSAGE][PASSED] - Current device physical height is 1423

2022-02-22 20:56:53 - [MESSAGE][PASSED] - Current device physical width is 720

2022-02-22 20:56:54 - [MESSAGE][PASSED] - Swiped from 360,1,138 to 360,284

2022-02-22 20:56:54 - [MESSAGE][PASSED] - scroll.scroll.scrollScreenBottomToTop is PASSED

2022-02-22 20:56:54 - [MESSAGE][PASSED] - Call Test Case 'Test Cases/Mobile/Page/Portfolio/Portfolio' successfully

2022-02-22 20:56:54 - [TEST_STEP][PASSED] - callTestCase(findTestCase("Mobile/Page/Run App/Terminate App"), [:], STOP_ON_FAILURE): Call Test Case 'Test Cases/Mobile/Page/Run App/Terminate App' successfully

2022-02-22 20:56:55 - [TEST_CASE][PASSED] - Test Cases/Mobile/Page/Run App/Terminate App: Test Cases/Mobile/Page/Run App/Terminate App

2022-02-22 20:56:55 - [TEST_STEP][PASSED] - startApp.OpenApp.terminateApplication(): startApp.OpenApp.terminateApplication is PASSED

2022-02-22 20:56:58 - [MESSAGE][PASSED] - Delayed 3 second(s)

2022-02-22 20:56:58 - [MESSAGE][PASSED] - Current device physical width is 720

2022-02-22 20:56:59 - [MESSAGE][PASSED] - Current device physical height is 1423

2022-02-22 20:57:00 - [MESSAGE][PASSED] - Swiped from 360,853 to 360,142

2022-02-22 20:57:01 - [MESSAGE][PASSED] - Delayed 1 second(s)

2022-02-22 20:57:02 - [MESSAGE][PASSED] - Swiped from 360,853 to 360,142

2022-02-22 20:57:05 - [MESSAGE][PASSED] - Delayed 3 second(s)

2022-02-22 20:57:05 - [MESSAGE][PASSED] - startApp.OpenApp.terminateApplication is PASSED

2022-02-22 20:57:05 - [MESSAGE][PASSED] - Call Test Case 'Test Cases/Mobile/Page/Run App/Terminate App' successfully]]></system-out>
         <system-err><![CDATA[]]></system-err>
      </testcase>
      <testcase name="Test Cases/Mobile/Scenario/Portfolio/015 - Melihat detail mutual fund 6 month" time="74.785" classname="Test Cases/Mobile/Scenario/Portfolio/015 - Melihat detail mutual fund 6 month" status="PASSED">
         <system-out><![CDATA[2022-02-22 20:57:05 - [TEST_CASE][PASSED] - Test Cases/Mobile/Scenario/Portfolio/015 - Melihat detail mutual fund 6 month: Test Cases/Mobile/Scenario/Portfolio/015 - Melihat detail mutual fund 6 month

2022-02-22 20:57:06 - [TEST_STEP][PASSED] - callTestCase(findTestCase("Mobile/Page/Run App/Run App byID"), [:], STOP_ON_FAILURE): Call Test Case 'Test Cases/Mobile/Page/Run App/Run App byID' successfully

2022-02-22 20:57:06 - [TEST_CASE][PASSED] - Test Cases/Mobile/Page/Run App/Run App byID: Test Cases/Mobile/Page/Run App/Run App byID

2022-02-22 20:57:06 - [TEST_STEP][PASSED] - startApp.OpenApp.startApplication("id.co.miraeasset.sageclub"): startApp.OpenApp.startApplication is PASSED

2022-02-22 20:57:26 - [MESSAGE][PASSED] - Starting app with application ID: 'id.co.miraeasset.sageclub'

2022-02-22 20:57:26 - [MESSAGE][PASSED] - startApp.OpenApp.startApplication is PASSED

2022-02-22 20:57:26 - [MESSAGE][PASSED] - Call Test Case 'Test Cases/Mobile/Page/Run App/Run App byID' successfully

2022-02-22 20:57:26 - [TEST_STEP][PASSED] - callTestCase(findTestCase("Mobile/Page/Portfolio/Portfolio"), ["tab":"mutualfund", "action2":"6 month"], CONTINUE_ON_FAILURE): Call Test Case 'Test Cases/Mobile/Page/Portfolio/Portfolio' successfully

2022-02-22 20:57:26 - [TEST_CASE][PASSED] - Test Cases/Mobile/Page/Portfolio/Portfolio: Test Cases/Mobile/Page/Portfolio/Portfolio

2022-02-22 20:57:26 - [TEST_STEP][PASSED] - callTestCase(findTestCase("Mobile/Page/CheckLogin"), [:], CONTINUE_ON_FAILURE): Call Test Case 'Test Cases/Mobile/Page/CheckLogin' successfully

2022-02-22 20:57:26 - [TEST_CASE][PASSED] - Test Cases/Mobile/Page/CheckLogin: Test Cases/Mobile/Page/CheckLogin

2022-02-22 20:57:26 - [TEST_STEP][PASSED] - loginCheck = verifyElementExist(LOGN_BtnLogin, 5, CONTINUE_ON_FAILURE): Element 'Object Repository/Mobile/Page/Login/Button - Login' is exist

2022-02-22 20:57:28 - [MESSAGE][PASSED] - Element 'Object Repository/Mobile/Page/Login/Button - Login' is exist

2022-02-22 20:57:28 - [TEST_STEP][PASSED] - if (loginCheck): Call Test Case 'Test Cases/Mobile/Page/Login/Login' successfully

2022-02-22 20:57:28 - [TEST_STEP][PASSED] - callTestCase(findTestCase("Mobile/Page/Login/Login"), ["action":"username"], CONTINUE_ON_FAILURE): Call Test Case 'Test Cases/Mobile/Page/Login/Login' successfully

2022-02-22 20:57:28 - [TEST_CASE][PASSED] - Test Cases/Mobile/Page/Login/Login: Test Cases/Mobile/Page/Login/Login

2022-02-22 20:57:28 - [TEST_STEP][PASSED] - delay(2): Delayed 2 second(s)

2022-02-22 20:57:30 - [MESSAGE][PASSED] - Delayed 2 second(s)

2022-02-22 20:57:30 - [TEST_STEP][PASSED] - for ([i = 0, i < 1, (i++)]): null

2022-02-22 20:57:30 - [TEST_STEP][PASSED] - if (action == "username"): null

2022-02-22 20:57:30 - [TEST_STEP][PASSED] - tap(LOGN_EdtUserID, 0): Tapped on element 'Object Repository/Mobile/Page/Login/Input - UserID'

2022-02-22 20:57:30 - [MESSAGE][WARNING] - Timeout '0' is invalid. Using default page load timeout: '60'

2022-02-22 20:57:31 - [MESSAGE][PASSED] - Tapped on element 'Object Repository/Mobile/Page/Login/Input - UserID'

2022-02-22 20:57:31 - [TEST_STEP][PASSED] - delay(1): Delayed 1 second(s)

2022-02-22 20:57:32 - [MESSAGE][PASSED] - Delayed 1 second(s)

2022-02-22 20:57:32 - [TEST_STEP][PASSED] - setText(LOGN_EdtRdyUserID, "anggaaditya", 0): Text 'anggaaditya' has been set to element 'Object Repository/Mobile/Page/Login/Input Rdy - UserID'

2022-02-22 20:57:32 - [MESSAGE][WARNING] - Timeout '0' is invalid. Using default page load timeout: '60'

2022-02-22 20:57:32 - [MESSAGE][PASSED] - Text 'anggaaditya' has been set to element 'Object Repository/Mobile/Page/Login/Input Rdy - UserID'

2022-02-22 20:57:32 - [TEST_STEP][PASSED] - delay(1): Delayed 1 second(s)

2022-02-22 20:57:33 - [MESSAGE][PASSED] - Delayed 1 second(s)

2022-02-22 20:57:33 - [TEST_STEP][PASSED] - hideKeyboard(): Keyboard is hidden

2022-02-22 20:57:37 - [MESSAGE][PASSED] - Keyboard is hidden

2022-02-22 20:57:37 - [TEST_STEP][PASSED] - tap(LOGN_EdtPassword, 0): Tapped on element 'Object Repository/Mobile/Page/Login/Input - Password'

2022-02-22 20:57:37 - [MESSAGE][WARNING] - Timeout '0' is invalid. Using default page load timeout: '60'

2022-02-22 20:57:38 - [MESSAGE][PASSED] - Tapped on element 'Object Repository/Mobile/Page/Login/Input - Password'

2022-02-22 20:57:38 - [TEST_STEP][PASSED] - delay(1): Delayed 1 second(s)

2022-02-22 20:57:39 - [MESSAGE][PASSED] - Delayed 1 second(s)

2022-02-22 20:57:39 - [TEST_STEP][PASSED] - setText(LOGN_EdtRdyPassword, "Shalawa18", 0): Text 'Shalawa18' has been set to element 'Object Repository/Mobile/Page/Login/Input Rdy - Password'

2022-02-22 20:57:39 - [MESSAGE][WARNING] - Timeout '0' is invalid. Using default page load timeout: '60'

2022-02-22 20:57:39 - [MESSAGE][PASSED] - Text 'Shalawa18' has been set to element 'Object Repository/Mobile/Page/Login/Input Rdy - Password'

2022-02-22 20:57:39 - [TEST_STEP][PASSED] - delay(1): Delayed 1 second(s)

2022-02-22 20:57:40 - [MESSAGE][PASSED] - Delayed 1 second(s)

2022-02-22 20:57:40 - [TEST_STEP][PASSED] - hideKeyboard(): Keyboard is hidden

2022-02-22 20:57:48 - [MESSAGE][PASSED] - Keyboard is hidden

2022-02-22 20:57:48 - [TEST_STEP][PASSED] - tap(LOGN_BtnLogin, 0): Tapped on element 'Object Repository/Mobile/Page/Login/Button - Login'

2022-02-22 20:57:48 - [MESSAGE][WARNING] - Timeout '0' is invalid. Using default page load timeout: '60'

2022-02-22 20:57:49 - [MESSAGE][PASSED] - Tapped on element 'Object Repository/Mobile/Page/Login/Button - Login'

2022-02-22 20:57:49 - [TEST_STEP][PASSED] - delay(2): Delayed 2 second(s)

2022-02-22 20:57:51 - [MESSAGE][PASSED] - Delayed 2 second(s)

2022-02-22 20:57:51 - [TEST_STEP][PASSED] - break: null

2022-02-22 20:57:51 - [MESSAGE][PASSED] - Call Test Case 'Test Cases/Mobile/Page/Login/Login' successfully

2022-02-22 20:57:51 - [MESSAGE][PASSED] - Call Test Case 'Test Cases/Mobile/Page/CheckLogin' successfully

2022-02-22 20:57:51 - [TEST_STEP][PASSED] - tap(HOME_MenubarPortfolio, 0): Tapped on element 'Object Repository/Mobile/Page/Home/Menubar - Portfolio'

2022-02-22 20:57:51 - [MESSAGE][WARNING] - Timeout '0' is invalid. Using default page load timeout: '60'

2022-02-22 20:57:52 - [MESSAGE][PASSED] - Tapped on element 'Object Repository/Mobile/Page/Home/Menubar - Portfolio'

2022-02-22 20:57:52 - [TEST_STEP][PASSED] - delay(1): Delayed 1 second(s)

2022-02-22 20:57:53 - [MESSAGE][PASSED] - Delayed 1 second(s)

2022-02-22 20:57:53 - [TEST_STEP][PASSED] - for ([i = 0, i < 1, (i++)]): scroll.scroll.scrollScreenBottomToTop is PASSED

2022-02-22 20:57:53 - [TEST_STEP][PASSED] - if (tab == "summary"): null

2022-02-22 20:57:53 - [TEST_STEP][PASSED] - else if (tab == "stock"): null

2022-02-22 20:57:53 - [TEST_STEP][PASSED] - else if (tab == "mutualfund"): scroll.scroll.scrollScreenBottomToTop is PASSED

2022-02-22 20:57:53 - [TEST_STEP][PASSED] - tap(PORT_TabMutualFund, 0): Tapped on element 'Object Repository/Mobile/Page/Portfolio/Tab - Mutual Fund'

2022-02-22 20:57:53 - [MESSAGE][WARNING] - Timeout '0' is invalid. Using default page load timeout: '60'

2022-02-22 20:57:55 - [MESSAGE][PASSED] - Tapped on element 'Object Repository/Mobile/Page/Portfolio/Tab - Mutual Fund'

2022-02-22 20:57:55 - [TEST_STEP][PASSED] - delay(1): Delayed 1 second(s)

2022-02-22 20:57:56 - [MESSAGE][PASSED] - Delayed 1 second(s)

2022-02-22 20:57:56 - [TEST_STEP][PASSED] - try: scroll.scroll.scrollScreenBottomToTop is PASSED

2022-02-22 20:57:56 - [TEST_STEP][PASSED] - tapAndHold(PORT_ItemTopMutualFund, 1, 10): Tapped and held on element 'Object Repository/Mobile/Page/Portfolio/Item - Top Mutual Fund' with duration 1

2022-02-22 20:57:59 - [MESSAGE][PASSED] - Tapped and held on element 'Object Repository/Mobile/Page/Portfolio/Item - Top Mutual Fund' with duration 1

2022-02-22 20:57:59 - [TEST_STEP][PASSED] - delay(2): Delayed 2 second(s)

2022-02-22 20:58:01 - [MESSAGE][PASSED] - Delayed 2 second(s)

2022-02-22 20:58:01 - [TEST_STEP][PASSED] - switch (action2): null

2022-02-22 20:58:01 - [TEST_STEP][PASSED] - case "6 month":: null

2022-02-22 20:58:01 - [TEST_STEP][PASSED] - tapAndHold(PORT_DETL_Btn6Month, 1, 0): Tapped and held on element 'Object Repository/Mobile/Page/Portfolio/Detail Mutual Funds/Button - 6 Month' with duration 1

2022-02-22 20:58:01 - [MESSAGE][WARNING] - Timeout '0' is invalid. Using default page load timeout: '60'

2022-02-22 20:58:04 - [MESSAGE][PASSED] - Tapped and held on element 'Object Repository/Mobile/Page/Portfolio/Detail Mutual Funds/Button - 6 Month' with duration 1

2022-02-22 20:58:04 - [TEST_STEP][PASSED] - break: null

2022-02-22 20:58:04 - [TEST_STEP][PASSED] - delay(3): Delayed 3 second(s)

2022-02-22 20:58:07 - [MESSAGE][PASSED] - Delayed 3 second(s)

2022-02-22 20:58:07 - [TEST_STEP][PASSED] - scroll.scroll.scrollScreenBottomToTop(): scroll.scroll.scrollScreenBottomToTop is PASSED

2022-02-22 20:58:07 - [MESSAGE][PASSED] - Current device physical height is 1423

2022-02-22 20:58:08 - [MESSAGE][PASSED] - Current device physical width is 720

2022-02-22 20:58:09 - [MESSAGE][PASSED] - Swiped from 360,1,138 to 360,284

2022-02-22 20:58:09 - [MESSAGE][PASSED] - scroll.scroll.scrollScreenBottomToTop is PASSED

2022-02-22 20:58:09 - [MESSAGE][PASSED] - Call Test Case 'Test Cases/Mobile/Page/Portfolio/Portfolio' successfully

2022-02-22 20:58:09 - [TEST_STEP][PASSED] - callTestCase(findTestCase("Mobile/Page/Run App/Terminate App"), [:], STOP_ON_FAILURE): Call Test Case 'Test Cases/Mobile/Page/Run App/Terminate App' successfully

2022-02-22 20:58:09 - [TEST_CASE][PASSED] - Test Cases/Mobile/Page/Run App/Terminate App: Test Cases/Mobile/Page/Run App/Terminate App

2022-02-22 20:58:09 - [TEST_STEP][PASSED] - startApp.OpenApp.terminateApplication(): startApp.OpenApp.terminateApplication is PASSED

2022-02-22 20:58:12 - [MESSAGE][PASSED] - Delayed 3 second(s)

2022-02-22 20:58:13 - [MESSAGE][PASSED] - Current device physical width is 720

2022-02-22 20:58:13 - [MESSAGE][PASSED] - Current device physical height is 1423

2022-02-22 20:58:15 - [MESSAGE][PASSED] - Swiped from 360,853 to 360,142

2022-02-22 20:58:16 - [MESSAGE][PASSED] - Delayed 1 second(s)

2022-02-22 20:58:17 - [MESSAGE][PASSED] - Swiped from 360,853 to 360,142

2022-02-22 20:58:20 - [MESSAGE][PASSED] - Delayed 3 second(s)

2022-02-22 20:58:20 - [MESSAGE][PASSED] - startApp.OpenApp.terminateApplication is PASSED

2022-02-22 20:58:20 - [MESSAGE][PASSED] - Call Test Case 'Test Cases/Mobile/Page/Run App/Terminate App' successfully]]></system-out>
         <system-err><![CDATA[]]></system-err>
      </testcase>
      <testcase name="Test Cases/Mobile/Scenario/Portfolio/016 - Melihat detail mutual fund 1 year" time="75.684" classname="Test Cases/Mobile/Scenario/Portfolio/016 - Melihat detail mutual fund 1 year" status="PASSED">
         <system-out><![CDATA[2022-02-22 20:58:20 - [TEST_CASE][PASSED] - Test Cases/Mobile/Scenario/Portfolio/016 - Melihat detail mutual fund 1 year: Test Cases/Mobile/Scenario/Portfolio/016 - Melihat detail mutual fund 1 year

2022-02-22 20:58:21 - [TEST_STEP][PASSED] - callTestCase(findTestCase("Mobile/Page/Run App/Run App byID"), [:], STOP_ON_FAILURE): Call Test Case 'Test Cases/Mobile/Page/Run App/Run App byID' successfully

2022-02-22 20:58:21 - [TEST_CASE][PASSED] - Test Cases/Mobile/Page/Run App/Run App byID: Test Cases/Mobile/Page/Run App/Run App byID

2022-02-22 20:58:21 - [TEST_STEP][PASSED] - startApp.OpenApp.startApplication("id.co.miraeasset.sageclub"): startApp.OpenApp.startApplication is PASSED

2022-02-22 20:58:40 - [MESSAGE][PASSED] - Starting app with application ID: 'id.co.miraeasset.sageclub'

2022-02-22 20:58:40 - [MESSAGE][PASSED] - startApp.OpenApp.startApplication is PASSED

2022-02-22 20:58:40 - [MESSAGE][PASSED] - Call Test Case 'Test Cases/Mobile/Page/Run App/Run App byID' successfully

2022-02-22 20:58:40 - [TEST_STEP][PASSED] - callTestCase(findTestCase("Mobile/Page/Portfolio/Portfolio"), ["tab":"mutualfund", "action2":"1 year"], CONTINUE_ON_FAILURE): Call Test Case 'Test Cases/Mobile/Page/Portfolio/Portfolio' successfully

2022-02-22 20:58:40 - [TEST_CASE][PASSED] - Test Cases/Mobile/Page/Portfolio/Portfolio: Test Cases/Mobile/Page/Portfolio/Portfolio

2022-02-22 20:58:40 - [TEST_STEP][PASSED] - callTestCase(findTestCase("Mobile/Page/CheckLogin"), [:], CONTINUE_ON_FAILURE): Call Test Case 'Test Cases/Mobile/Page/CheckLogin' successfully

2022-02-22 20:58:40 - [TEST_CASE][PASSED] - Test Cases/Mobile/Page/CheckLogin: Test Cases/Mobile/Page/CheckLogin

2022-02-22 20:58:40 - [TEST_STEP][PASSED] - loginCheck = verifyElementExist(LOGN_BtnLogin, 5, CONTINUE_ON_FAILURE): Element 'Object Repository/Mobile/Page/Login/Button - Login' is exist

2022-02-22 20:58:42 - [MESSAGE][PASSED] - Element 'Object Repository/Mobile/Page/Login/Button - Login' is exist

2022-02-22 20:58:42 - [TEST_STEP][PASSED] - if (loginCheck): Call Test Case 'Test Cases/Mobile/Page/Login/Login' successfully

2022-02-22 20:58:42 - [TEST_STEP][PASSED] - callTestCase(findTestCase("Mobile/Page/Login/Login"), ["action":"username"], CONTINUE_ON_FAILURE): Call Test Case 'Test Cases/Mobile/Page/Login/Login' successfully

2022-02-22 20:58:42 - [TEST_CASE][PASSED] - Test Cases/Mobile/Page/Login/Login: Test Cases/Mobile/Page/Login/Login

2022-02-22 20:58:42 - [TEST_STEP][PASSED] - delay(2): Delayed 2 second(s)

2022-02-22 20:58:44 - [MESSAGE][PASSED] - Delayed 2 second(s)

2022-02-22 20:58:44 - [TEST_STEP][PASSED] - for ([i = 0, i < 1, (i++)]): null

2022-02-22 20:58:44 - [TEST_STEP][PASSED] - if (action == "username"): null

2022-02-22 20:58:44 - [TEST_STEP][PASSED] - tap(LOGN_EdtUserID, 0): Tapped on element 'Object Repository/Mobile/Page/Login/Input - UserID'

2022-02-22 20:58:44 - [MESSAGE][WARNING] - Timeout '0' is invalid. Using default page load timeout: '60'

2022-02-22 20:58:44 - [MESSAGE][PASSED] - Tapped on element 'Object Repository/Mobile/Page/Login/Input - UserID'

2022-02-22 20:58:44 - [TEST_STEP][PASSED] - delay(1): Delayed 1 second(s)

2022-02-22 20:58:45 - [MESSAGE][PASSED] - Delayed 1 second(s)

2022-02-22 20:58:45 - [TEST_STEP][PASSED] - setText(LOGN_EdtRdyUserID, "anggaaditya", 0): Text 'anggaaditya' has been set to element 'Object Repository/Mobile/Page/Login/Input Rdy - UserID'

2022-02-22 20:58:45 - [MESSAGE][WARNING] - Timeout '0' is invalid. Using default page load timeout: '60'

2022-02-22 20:58:46 - [MESSAGE][PASSED] - Text 'anggaaditya' has been set to element 'Object Repository/Mobile/Page/Login/Input Rdy - UserID'

2022-02-22 20:58:46 - [TEST_STEP][PASSED] - delay(1): Delayed 1 second(s)

2022-02-22 20:58:47 - [MESSAGE][PASSED] - Delayed 1 second(s)

2022-02-22 20:58:47 - [TEST_STEP][PASSED] - hideKeyboard(): Keyboard is hidden

2022-02-22 20:58:52 - [MESSAGE][PASSED] - Keyboard is hidden

2022-02-22 20:58:52 - [TEST_STEP][PASSED] - tap(LOGN_EdtPassword, 0): Tapped on element 'Object Repository/Mobile/Page/Login/Input - Password'

2022-02-22 20:58:52 - [MESSAGE][WARNING] - Timeout '0' is invalid. Using default page load timeout: '60'

2022-02-22 20:58:52 - [MESSAGE][PASSED] - Tapped on element 'Object Repository/Mobile/Page/Login/Input - Password'

2022-02-22 20:58:52 - [TEST_STEP][PASSED] - delay(1): Delayed 1 second(s)

2022-02-22 20:58:53 - [MESSAGE][PASSED] - Delayed 1 second(s)

2022-02-22 20:58:53 - [TEST_STEP][PASSED] - setText(LOGN_EdtRdyPassword, "Shalawa18", 0): Text 'Shalawa18' has been set to element 'Object Repository/Mobile/Page/Login/Input Rdy - Password'

2022-02-22 20:58:53 - [MESSAGE][WARNING] - Timeout '0' is invalid. Using default page load timeout: '60'

2022-02-22 20:58:54 - [MESSAGE][PASSED] - Text 'Shalawa18' has been set to element 'Object Repository/Mobile/Page/Login/Input Rdy - Password'

2022-02-22 20:58:54 - [TEST_STEP][PASSED] - delay(1): Delayed 1 second(s)

2022-02-22 20:58:55 - [MESSAGE][PASSED] - Delayed 1 second(s)

2022-02-22 20:58:55 - [TEST_STEP][PASSED] - hideKeyboard(): Keyboard is hidden

2022-02-22 20:59:03 - [MESSAGE][PASSED] - Keyboard is hidden

2022-02-22 20:59:03 - [TEST_STEP][PASSED] - tap(LOGN_BtnLogin, 0): Tapped on element 'Object Repository/Mobile/Page/Login/Button - Login'

2022-02-22 20:59:03 - [MESSAGE][WARNING] - Timeout '0' is invalid. Using default page load timeout: '60'

2022-02-22 20:59:04 - [MESSAGE][PASSED] - Tapped on element 'Object Repository/Mobile/Page/Login/Button - Login'

2022-02-22 20:59:04 - [TEST_STEP][PASSED] - delay(2): Delayed 2 second(s)

2022-02-22 20:59:06 - [MESSAGE][PASSED] - Delayed 2 second(s)

2022-02-22 20:59:06 - [TEST_STEP][PASSED] - break: null

2022-02-22 20:59:06 - [MESSAGE][PASSED] - Call Test Case 'Test Cases/Mobile/Page/Login/Login' successfully

2022-02-22 20:59:06 - [MESSAGE][PASSED] - Call Test Case 'Test Cases/Mobile/Page/CheckLogin' successfully

2022-02-22 20:59:06 - [TEST_STEP][PASSED] - tap(HOME_MenubarPortfolio, 0): Tapped on element 'Object Repository/Mobile/Page/Home/Menubar - Portfolio'

2022-02-22 20:59:06 - [MESSAGE][WARNING] - Timeout '0' is invalid. Using default page load timeout: '60'

2022-02-22 20:59:08 - [MESSAGE][PASSED] - Tapped on element 'Object Repository/Mobile/Page/Home/Menubar - Portfolio'

2022-02-22 20:59:08 - [TEST_STEP][PASSED] - delay(1): Delayed 1 second(s)

2022-02-22 20:59:09 - [MESSAGE][PASSED] - Delayed 1 second(s)

2022-02-22 20:59:09 - [TEST_STEP][PASSED] - for ([i = 0, i < 1, (i++)]): scroll.scroll.scrollScreenBottomToTop is PASSED

2022-02-22 20:59:09 - [TEST_STEP][PASSED] - if (tab == "summary"): null

2022-02-22 20:59:09 - [TEST_STEP][PASSED] - else if (tab == "stock"): null

2022-02-22 20:59:09 - [TEST_STEP][PASSED] - else if (tab == "mutualfund"): scroll.scroll.scrollScreenBottomToTop is PASSED

2022-02-22 20:59:09 - [TEST_STEP][PASSED] - tap(PORT_TabMutualFund, 0): Tapped on element 'Object Repository/Mobile/Page/Portfolio/Tab - Mutual Fund'

2022-02-22 20:59:09 - [MESSAGE][WARNING] - Timeout '0' is invalid. Using default page load timeout: '60'

2022-02-22 20:59:10 - [MESSAGE][PASSED] - Tapped on element 'Object Repository/Mobile/Page/Portfolio/Tab - Mutual Fund'

2022-02-22 20:59:10 - [TEST_STEP][PASSED] - delay(1): Delayed 1 second(s)

2022-02-22 20:59:11 - [MESSAGE][PASSED] - Delayed 1 second(s)

2022-02-22 20:59:11 - [TEST_STEP][PASSED] - try: scroll.scroll.scrollScreenBottomToTop is PASSED

2022-02-22 20:59:11 - [TEST_STEP][PASSED] - tapAndHold(PORT_ItemTopMutualFund, 1, 10): Tapped and held on element 'Object Repository/Mobile/Page/Portfolio/Item - Top Mutual Fund' with duration 1

2022-02-22 20:59:14 - [MESSAGE][PASSED] - Tapped and held on element 'Object Repository/Mobile/Page/Portfolio/Item - Top Mutual Fund' with duration 1

2022-02-22 20:59:14 - [TEST_STEP][PASSED] - delay(2): Delayed 2 second(s)

2022-02-22 20:59:16 - [MESSAGE][PASSED] - Delayed 2 second(s)

2022-02-22 20:59:16 - [TEST_STEP][PASSED] - switch (action2): null

2022-02-22 20:59:16 - [TEST_STEP][PASSED] - case "1 year":: null

2022-02-22 20:59:16 - [TEST_STEP][PASSED] - tapAndHold(PORT_DETL_Btn1Year, 1, 0): Tapped and held on element 'Object Repository/Mobile/Page/Portfolio/Detail Mutual Funds/Button - 1 Year' with duration 1

2022-02-22 20:59:16 - [MESSAGE][WARNING] - Timeout '0' is invalid. Using default page load timeout: '60'

2022-02-22 20:59:20 - [MESSAGE][PASSED] - Tapped and held on element 'Object Repository/Mobile/Page/Portfolio/Detail Mutual Funds/Button - 1 Year' with duration 1

2022-02-22 20:59:20 - [TEST_STEP][PASSED] - break: null

2022-02-22 20:59:20 - [TEST_STEP][PASSED] - delay(3): Delayed 3 second(s)

2022-02-22 20:59:23 - [MESSAGE][PASSED] - Delayed 3 second(s)

2022-02-22 20:59:23 - [TEST_STEP][PASSED] - scroll.scroll.scrollScreenBottomToTop(): scroll.scroll.scrollScreenBottomToTop is PASSED

2022-02-22 20:59:23 - [MESSAGE][PASSED] - Current device physical height is 1423

2022-02-22 20:59:23 - [MESSAGE][PASSED] - Current device physical width is 720

2022-02-22 20:59:25 - [MESSAGE][PASSED] - Swiped from 360,1,138 to 360,284

2022-02-22 20:59:25 - [MESSAGE][PASSED] - scroll.scroll.scrollScreenBottomToTop is PASSED

2022-02-22 20:59:25 - [MESSAGE][PASSED] - Call Test Case 'Test Cases/Mobile/Page/Portfolio/Portfolio' successfully

2022-02-22 20:59:25 - [TEST_STEP][PASSED] - callTestCase(findTestCase("Mobile/Page/Run App/Terminate App"), [:], STOP_ON_FAILURE): Call Test Case 'Test Cases/Mobile/Page/Run App/Terminate App' successfully

2022-02-22 20:59:25 - [TEST_CASE][PASSED] - Test Cases/Mobile/Page/Run App/Terminate App: Test Cases/Mobile/Page/Run App/Terminate App

2022-02-22 20:59:25 - [TEST_STEP][PASSED] - startApp.OpenApp.terminateApplication(): startApp.OpenApp.terminateApplication is PASSED

2022-02-22 20:59:28 - [MESSAGE][PASSED] - Delayed 3 second(s)

2022-02-22 20:59:28 - [MESSAGE][PASSED] - Current device physical width is 720

2022-02-22 20:59:29 - [MESSAGE][PASSED] - Current device physical height is 1423

2022-02-22 20:59:30 - [MESSAGE][PASSED] - Swiped from 360,853 to 360,142

2022-02-22 20:59:31 - [MESSAGE][PASSED] - Delayed 1 second(s)

2022-02-22 20:59:33 - [MESSAGE][PASSED] - Swiped from 360,853 to 360,142

2022-02-22 20:59:36 - [MESSAGE][PASSED] - Delayed 3 second(s)

2022-02-22 20:59:36 - [MESSAGE][PASSED] - startApp.OpenApp.terminateApplication is PASSED

2022-02-22 20:59:36 - [MESSAGE][PASSED] - Call Test Case 'Test Cases/Mobile/Page/Run App/Terminate App' successfully]]></system-out>
         <system-err><![CDATA[]]></system-err>
      </testcase>
      <testcase name="Test Cases/Mobile/Scenario/Portfolio/017 - Melihat detail mutual fund 3 year" time="75.422" classname="Test Cases/Mobile/Scenario/Portfolio/017 - Melihat detail mutual fund 3 year" status="PASSED">
         <system-out><![CDATA[2022-02-22 20:59:36 - [TEST_CASE][PASSED] - Test Cases/Mobile/Scenario/Portfolio/017 - Melihat detail mutual fund 3 year: Test Cases/Mobile/Scenario/Portfolio/017 - Melihat detail mutual fund 3 year

2022-02-22 20:59:36 - [TEST_STEP][PASSED] - callTestCase(findTestCase("Mobile/Page/Run App/Run App byID"), [:], STOP_ON_FAILURE): Call Test Case 'Test Cases/Mobile/Page/Run App/Run App byID' successfully

2022-02-22 20:59:36 - [TEST_CASE][PASSED] - Test Cases/Mobile/Page/Run App/Run App byID: Test Cases/Mobile/Page/Run App/Run App byID

2022-02-22 20:59:36 - [TEST_STEP][PASSED] - startApp.OpenApp.startApplication("id.co.miraeasset.sageclub"): startApp.OpenApp.startApplication is PASSED

2022-02-22 20:59:57 - [MESSAGE][PASSED] - Starting app with application ID: 'id.co.miraeasset.sageclub'

2022-02-22 20:59:57 - [MESSAGE][PASSED] - startApp.OpenApp.startApplication is PASSED

2022-02-22 20:59:57 - [MESSAGE][PASSED] - Call Test Case 'Test Cases/Mobile/Page/Run App/Run App byID' successfully

2022-02-22 20:59:57 - [TEST_STEP][PASSED] - callTestCase(findTestCase("Mobile/Page/Portfolio/Portfolio"), ["tab":"mutualfund", "action2":"3 year"], CONTINUE_ON_FAILURE): Call Test Case 'Test Cases/Mobile/Page/Portfolio/Portfolio' successfully

2022-02-22 20:59:57 - [TEST_CASE][PASSED] - Test Cases/Mobile/Page/Portfolio/Portfolio: Test Cases/Mobile/Page/Portfolio/Portfolio

2022-02-22 20:59:57 - [TEST_STEP][PASSED] - callTestCase(findTestCase("Mobile/Page/CheckLogin"), [:], CONTINUE_ON_FAILURE): Call Test Case 'Test Cases/Mobile/Page/CheckLogin' successfully

2022-02-22 20:59:57 - [TEST_CASE][PASSED] - Test Cases/Mobile/Page/CheckLogin: Test Cases/Mobile/Page/CheckLogin

2022-02-22 20:59:57 - [TEST_STEP][PASSED] - loginCheck = verifyElementExist(LOGN_BtnLogin, 5, CONTINUE_ON_FAILURE): Element 'Object Repository/Mobile/Page/Login/Button - Login' is exist

2022-02-22 20:59:59 - [MESSAGE][PASSED] - Element 'Object Repository/Mobile/Page/Login/Button - Login' is exist

2022-02-22 20:59:59 - [TEST_STEP][PASSED] - if (loginCheck): Call Test Case 'Test Cases/Mobile/Page/Login/Login' successfully

2022-02-22 20:59:59 - [TEST_STEP][PASSED] - callTestCase(findTestCase("Mobile/Page/Login/Login"), ["action":"username"], CONTINUE_ON_FAILURE): Call Test Case 'Test Cases/Mobile/Page/Login/Login' successfully

2022-02-22 20:59:59 - [TEST_CASE][PASSED] - Test Cases/Mobile/Page/Login/Login: Test Cases/Mobile/Page/Login/Login

2022-02-22 20:59:59 - [TEST_STEP][PASSED] - delay(2): Delayed 2 second(s)

2022-02-22 21:00:01 - [MESSAGE][PASSED] - Delayed 2 second(s)

2022-02-22 21:00:01 - [TEST_STEP][PASSED] - for ([i = 0, i < 1, (i++)]): null

2022-02-22 21:00:01 - [TEST_STEP][PASSED] - if (action == "username"): null

2022-02-22 21:00:01 - [TEST_STEP][PASSED] - tap(LOGN_EdtUserID, 0): Tapped on element 'Object Repository/Mobile/Page/Login/Input - UserID'

2022-02-22 21:00:01 - [MESSAGE][WARNING] - Timeout '0' is invalid. Using default page load timeout: '60'

2022-02-22 21:00:01 - [MESSAGE][PASSED] - Tapped on element 'Object Repository/Mobile/Page/Login/Input - UserID'

2022-02-22 21:00:01 - [TEST_STEP][PASSED] - delay(1): Delayed 1 second(s)

2022-02-22 21:00:02 - [MESSAGE][PASSED] - Delayed 1 second(s)

2022-02-22 21:00:02 - [TEST_STEP][PASSED] - setText(LOGN_EdtRdyUserID, "anggaaditya", 0): Text 'anggaaditya' has been set to element 'Object Repository/Mobile/Page/Login/Input Rdy - UserID'

2022-02-22 21:00:02 - [MESSAGE][WARNING] - Timeout '0' is invalid. Using default page load timeout: '60'

2022-02-22 21:00:03 - [MESSAGE][PASSED] - Text 'anggaaditya' has been set to element 'Object Repository/Mobile/Page/Login/Input Rdy - UserID'

2022-02-22 21:00:03 - [TEST_STEP][PASSED] - delay(1): Delayed 1 second(s)

2022-02-22 21:00:04 - [MESSAGE][PASSED] - Delayed 1 second(s)

2022-02-22 21:00:04 - [TEST_STEP][PASSED] - hideKeyboard(): Keyboard is hidden

2022-02-22 21:00:09 - [MESSAGE][PASSED] - Keyboard is hidden

2022-02-22 21:00:09 - [TEST_STEP][PASSED] - tap(LOGN_EdtPassword, 0): Tapped on element 'Object Repository/Mobile/Page/Login/Input - Password'

2022-02-22 21:00:09 - [MESSAGE][WARNING] - Timeout '0' is invalid. Using default page load timeout: '60'

2022-02-22 21:00:09 - [MESSAGE][PASSED] - Tapped on element 'Object Repository/Mobile/Page/Login/Input - Password'

2022-02-22 21:00:09 - [TEST_STEP][PASSED] - delay(1): Delayed 1 second(s)

2022-02-22 21:00:10 - [MESSAGE][PASSED] - Delayed 1 second(s)

2022-02-22 21:00:10 - [TEST_STEP][PASSED] - setText(LOGN_EdtRdyPassword, "Shalawa18", 0): Text 'Shalawa18' has been set to element 'Object Repository/Mobile/Page/Login/Input Rdy - Password'

2022-02-22 21:00:10 - [MESSAGE][WARNING] - Timeout '0' is invalid. Using default page load timeout: '60'

2022-02-22 21:00:11 - [MESSAGE][PASSED] - Text 'Shalawa18' has been set to element 'Object Repository/Mobile/Page/Login/Input Rdy - Password'

2022-02-22 21:00:11 - [TEST_STEP][PASSED] - delay(1): Delayed 1 second(s)

2022-02-22 21:00:12 - [MESSAGE][PASSED] - Delayed 1 second(s)

2022-02-22 21:00:12 - [TEST_STEP][PASSED] - hideKeyboard(): Keyboard is hidden

2022-02-22 21:00:18 - [MESSAGE][PASSED] - Keyboard is hidden

2022-02-22 21:00:18 - [TEST_STEP][PASSED] - tap(LOGN_BtnLogin, 0): Tapped on element 'Object Repository/Mobile/Page/Login/Button - Login'

2022-02-22 21:00:18 - [MESSAGE][WARNING] - Timeout '0' is invalid. Using default page load timeout: '60'

2022-02-22 21:00:19 - [MESSAGE][PASSED] - Tapped on element 'Object Repository/Mobile/Page/Login/Button - Login'

2022-02-22 21:00:19 - [TEST_STEP][PASSED] - delay(2): Delayed 2 second(s)

2022-02-22 21:00:21 - [MESSAGE][PASSED] - Delayed 2 second(s)

2022-02-22 21:00:21 - [TEST_STEP][PASSED] - break: null

2022-02-22 21:00:21 - [MESSAGE][PASSED] - Call Test Case 'Test Cases/Mobile/Page/Login/Login' successfully

2022-02-22 21:00:21 - [MESSAGE][PASSED] - Call Test Case 'Test Cases/Mobile/Page/CheckLogin' successfully

2022-02-22 21:00:21 - [TEST_STEP][PASSED] - tap(HOME_MenubarPortfolio, 0): Tapped on element 'Object Repository/Mobile/Page/Home/Menubar - Portfolio'

2022-02-22 21:00:21 - [MESSAGE][WARNING] - Timeout '0' is invalid. Using default page load timeout: '60'

2022-02-22 21:00:23 - [MESSAGE][PASSED] - Tapped on element 'Object Repository/Mobile/Page/Home/Menubar - Portfolio'

2022-02-22 21:00:23 - [TEST_STEP][PASSED] - delay(1): Delayed 1 second(s)

2022-02-22 21:00:24 - [MESSAGE][PASSED] - Delayed 1 second(s)

2022-02-22 21:00:24 - [TEST_STEP][PASSED] - for ([i = 0, i < 1, (i++)]): scroll.scroll.scrollScreenBottomToTop is PASSED

2022-02-22 21:00:24 - [TEST_STEP][PASSED] - if (tab == "summary"): null

2022-02-22 21:00:24 - [TEST_STEP][PASSED] - else if (tab == "stock"): null

2022-02-22 21:00:24 - [TEST_STEP][PASSED] - else if (tab == "mutualfund"): scroll.scroll.scrollScreenBottomToTop is PASSED

2022-02-22 21:00:24 - [TEST_STEP][PASSED] - tap(PORT_TabMutualFund, 0): Tapped on element 'Object Repository/Mobile/Page/Portfolio/Tab - Mutual Fund'

2022-02-22 21:00:24 - [MESSAGE][WARNING] - Timeout '0' is invalid. Using default page load timeout: '60'

2022-02-22 21:00:26 - [MESSAGE][PASSED] - Tapped on element 'Object Repository/Mobile/Page/Portfolio/Tab - Mutual Fund'

2022-02-22 21:00:26 - [TEST_STEP][PASSED] - delay(1): Delayed 1 second(s)

2022-02-22 21:00:27 - [MESSAGE][PASSED] - Delayed 1 second(s)

2022-02-22 21:00:27 - [TEST_STEP][PASSED] - try: scroll.scroll.scrollScreenBottomToTop is PASSED

2022-02-22 21:00:27 - [TEST_STEP][PASSED] - tapAndHold(PORT_ItemTopMutualFund, 1, 10): Tapped and held on element 'Object Repository/Mobile/Page/Portfolio/Item - Top Mutual Fund' with duration 1

2022-02-22 21:00:30 - [MESSAGE][PASSED] - Tapped and held on element 'Object Repository/Mobile/Page/Portfolio/Item - Top Mutual Fund' with duration 1

2022-02-22 21:00:30 - [TEST_STEP][PASSED] - delay(2): Delayed 2 second(s)

2022-02-22 21:00:32 - [MESSAGE][PASSED] - Delayed 2 second(s)

2022-02-22 21:00:32 - [TEST_STEP][PASSED] - switch (action2): null

2022-02-22 21:00:32 - [TEST_STEP][PASSED] - case "3 year":: null

2022-02-22 21:00:32 - [TEST_STEP][PASSED] - tapAndHold(PORT_DETL_Btn3Year, 1, 0): Tapped and held on element 'Object Repository/Mobile/Page/Portfolio/Detail Mutual Funds/Button - 3 Year' with duration 1

2022-02-22 21:00:32 - [MESSAGE][WARNING] - Timeout '0' is invalid. Using default page load timeout: '60'

2022-02-22 21:00:35 - [MESSAGE][PASSED] - Tapped and held on element 'Object Repository/Mobile/Page/Portfolio/Detail Mutual Funds/Button - 3 Year' with duration 1

2022-02-22 21:00:35 - [TEST_STEP][PASSED] - break: null

2022-02-22 21:00:35 - [TEST_STEP][PASSED] - delay(3): Delayed 3 second(s)

2022-02-22 21:00:38 - [MESSAGE][PASSED] - Delayed 3 second(s)

2022-02-22 21:00:38 - [TEST_STEP][PASSED] - scroll.scroll.scrollScreenBottomToTop(): scroll.scroll.scrollScreenBottomToTop is PASSED

2022-02-22 21:00:38 - [MESSAGE][PASSED] - Current device physical height is 1423

2022-02-22 21:00:39 - [MESSAGE][PASSED] - Current device physical width is 720

2022-02-22 21:00:40 - [MESSAGE][PASSED] - Swiped from 360,1,138 to 360,284

2022-02-22 21:00:40 - [MESSAGE][PASSED] - scroll.scroll.scrollScreenBottomToTop is PASSED

2022-02-22 21:00:40 - [MESSAGE][PASSED] - Call Test Case 'Test Cases/Mobile/Page/Portfolio/Portfolio' successfully

2022-02-22 21:00:40 - [TEST_STEP][PASSED] - callTestCase(findTestCase("Mobile/Page/Run App/Terminate App"), [:], STOP_ON_FAILURE): Call Test Case 'Test Cases/Mobile/Page/Run App/Terminate App' successfully

2022-02-22 21:00:40 - [TEST_CASE][PASSED] - Test Cases/Mobile/Page/Run App/Terminate App: Test Cases/Mobile/Page/Run App/Terminate App

2022-02-22 21:00:40 - [TEST_STEP][PASSED] - startApp.OpenApp.terminateApplication(): startApp.OpenApp.terminateApplication is PASSED

2022-02-22 21:00:43 - [MESSAGE][PASSED] - Delayed 3 second(s)

2022-02-22 21:00:44 - [MESSAGE][PASSED] - Current device physical width is 720

2022-02-22 21:00:44 - [MESSAGE][PASSED] - Current device physical height is 1423

2022-02-22 21:00:46 - [MESSAGE][PASSED] - Swiped from 360,853 to 360,142

2022-02-22 21:00:47 - [MESSAGE][PASSED] - Delayed 1 second(s)

2022-02-22 21:00:48 - [MESSAGE][PASSED] - Swiped from 360,853 to 360,142

2022-02-22 21:00:51 - [MESSAGE][PASSED] - Delayed 3 second(s)

2022-02-22 21:00:51 - [MESSAGE][PASSED] - startApp.OpenApp.terminateApplication is PASSED

2022-02-22 21:00:51 - [MESSAGE][PASSED] - Call Test Case 'Test Cases/Mobile/Page/Run App/Terminate App' successfully]]></system-out>
         <system-err><![CDATA[]]></system-err>
      </testcase>
      <testcase name="Test Cases/Mobile/Scenario/Portfolio/018 - Melihat detail mutual fund 5 year" time="75.993" classname="Test Cases/Mobile/Scenario/Portfolio/018 - Melihat detail mutual fund 5 year" status="PASSED">
         <system-out><![CDATA[2022-02-22 21:00:51 - [TEST_CASE][PASSED] - Test Cases/Mobile/Scenario/Portfolio/018 - Melihat detail mutual fund 5 year: Test Cases/Mobile/Scenario/Portfolio/018 - Melihat detail mutual fund 5 year

2022-02-22 21:00:52 - [TEST_STEP][PASSED] - callTestCase(findTestCase("Mobile/Page/Run App/Run App byID"), [:], STOP_ON_FAILURE): Call Test Case 'Test Cases/Mobile/Page/Run App/Run App byID' successfully

2022-02-22 21:00:52 - [TEST_CASE][PASSED] - Test Cases/Mobile/Page/Run App/Run App byID: Test Cases/Mobile/Page/Run App/Run App byID

2022-02-22 21:00:52 - [TEST_STEP][PASSED] - startApp.OpenApp.startApplication("id.co.miraeasset.sageclub"): startApp.OpenApp.startApplication is PASSED

2022-02-22 21:01:12 - [MESSAGE][PASSED] - Starting app with application ID: 'id.co.miraeasset.sageclub'

2022-02-22 21:01:12 - [MESSAGE][PASSED] - startApp.OpenApp.startApplication is PASSED

2022-02-22 21:01:12 - [MESSAGE][PASSED] - Call Test Case 'Test Cases/Mobile/Page/Run App/Run App byID' successfully

2022-02-22 21:01:12 - [TEST_STEP][PASSED] - callTestCase(findTestCase("Mobile/Page/Portfolio/Portfolio"), ["tab":"mutualfund", "action2":"5 year"], CONTINUE_ON_FAILURE): Call Test Case 'Test Cases/Mobile/Page/Portfolio/Portfolio' successfully

2022-02-22 21:01:12 - [TEST_CASE][PASSED] - Test Cases/Mobile/Page/Portfolio/Portfolio: Test Cases/Mobile/Page/Portfolio/Portfolio

2022-02-22 21:01:12 - [TEST_STEP][PASSED] - callTestCase(findTestCase("Mobile/Page/CheckLogin"), [:], CONTINUE_ON_FAILURE): Call Test Case 'Test Cases/Mobile/Page/CheckLogin' successfully

2022-02-22 21:01:12 - [TEST_CASE][PASSED] - Test Cases/Mobile/Page/CheckLogin: Test Cases/Mobile/Page/CheckLogin

2022-02-22 21:01:12 - [TEST_STEP][PASSED] - loginCheck = verifyElementExist(LOGN_BtnLogin, 5, CONTINUE_ON_FAILURE): Element 'Object Repository/Mobile/Page/Login/Button - Login' is exist

2022-02-22 21:01:14 - [MESSAGE][PASSED] - Element 'Object Repository/Mobile/Page/Login/Button - Login' is exist

2022-02-22 21:01:14 - [TEST_STEP][PASSED] - if (loginCheck): Call Test Case 'Test Cases/Mobile/Page/Login/Login' successfully

2022-02-22 21:01:14 - [TEST_STEP][PASSED] - callTestCase(findTestCase("Mobile/Page/Login/Login"), ["action":"username"], CONTINUE_ON_FAILURE): Call Test Case 'Test Cases/Mobile/Page/Login/Login' successfully

2022-02-22 21:01:14 - [TEST_CASE][PASSED] - Test Cases/Mobile/Page/Login/Login: Test Cases/Mobile/Page/Login/Login

2022-02-22 21:01:14 - [TEST_STEP][PASSED] - delay(2): Delayed 2 second(s)

2022-02-22 21:01:16 - [MESSAGE][PASSED] - Delayed 2 second(s)

2022-02-22 21:01:16 - [TEST_STEP][PASSED] - for ([i = 0, i < 1, (i++)]): null

2022-02-22 21:01:16 - [TEST_STEP][PASSED] - if (action == "username"): null

2022-02-22 21:01:16 - [TEST_STEP][PASSED] - tap(LOGN_EdtUserID, 0): Tapped on element 'Object Repository/Mobile/Page/Login/Input - UserID'

2022-02-22 21:01:16 - [MESSAGE][WARNING] - Timeout '0' is invalid. Using default page load timeout: '60'

2022-02-22 21:01:17 - [MESSAGE][PASSED] - Tapped on element 'Object Repository/Mobile/Page/Login/Input - UserID'

2022-02-22 21:01:17 - [TEST_STEP][PASSED] - delay(1): Delayed 1 second(s)

2022-02-22 21:01:18 - [MESSAGE][PASSED] - Delayed 1 second(s)

2022-02-22 21:01:18 - [TEST_STEP][PASSED] - setText(LOGN_EdtRdyUserID, "anggaaditya", 0): Text 'anggaaditya' has been set to element 'Object Repository/Mobile/Page/Login/Input Rdy - UserID'

2022-02-22 21:01:18 - [MESSAGE][WARNING] - Timeout '0' is invalid. Using default page load timeout: '60'

2022-02-22 21:01:18 - [MESSAGE][PASSED] - Text 'anggaaditya' has been set to element 'Object Repository/Mobile/Page/Login/Input Rdy - UserID'

2022-02-22 21:01:18 - [TEST_STEP][PASSED] - delay(1): Delayed 1 second(s)

2022-02-22 21:01:19 - [MESSAGE][PASSED] - Delayed 1 second(s)

2022-02-22 21:01:19 - [TEST_STEP][PASSED] - hideKeyboard(): Keyboard is hidden

2022-02-22 21:01:24 - [MESSAGE][PASSED] - Keyboard is hidden

2022-02-22 21:01:24 - [TEST_STEP][PASSED] - tap(LOGN_EdtPassword, 0): Tapped on element 'Object Repository/Mobile/Page/Login/Input - Password'

2022-02-22 21:01:24 - [MESSAGE][WARNING] - Timeout '0' is invalid. Using default page load timeout: '60'

2022-02-22 21:01:24 - [MESSAGE][PASSED] - Tapped on element 'Object Repository/Mobile/Page/Login/Input - Password'

2022-02-22 21:01:24 - [TEST_STEP][PASSED] - delay(1): Delayed 1 second(s)

2022-02-22 21:01:25 - [MESSAGE][PASSED] - Delayed 1 second(s)

2022-02-22 21:01:25 - [TEST_STEP][PASSED] - setText(LOGN_EdtRdyPassword, "Shalawa18", 0): Text 'Shalawa18' has been set to element 'Object Repository/Mobile/Page/Login/Input Rdy - Password'

2022-02-22 21:01:25 - [MESSAGE][WARNING] - Timeout '0' is invalid. Using default page load timeout: '60'

2022-02-22 21:01:26 - [MESSAGE][PASSED] - Text 'Shalawa18' has been set to element 'Object Repository/Mobile/Page/Login/Input Rdy - Password'

2022-02-22 21:01:26 - [TEST_STEP][PASSED] - delay(1): Delayed 1 second(s)

2022-02-22 21:01:27 - [MESSAGE][PASSED] - Delayed 1 second(s)

2022-02-22 21:01:27 - [TEST_STEP][PASSED] - hideKeyboard(): Keyboard is hidden

2022-02-22 21:01:34 - [MESSAGE][PASSED] - Keyboard is hidden

2022-02-22 21:01:34 - [TEST_STEP][PASSED] - tap(LOGN_BtnLogin, 0): Tapped on element 'Object Repository/Mobile/Page/Login/Button - Login'

2022-02-22 21:01:34 - [MESSAGE][WARNING] - Timeout '0' is invalid. Using default page load timeout: '60'

2022-02-22 21:01:35 - [MESSAGE][PASSED] - Tapped on element 'Object Repository/Mobile/Page/Login/Button - Login'

2022-02-22 21:01:35 - [TEST_STEP][PASSED] - delay(2): Delayed 2 second(s)

2022-02-22 21:01:37 - [MESSAGE][PASSED] - Delayed 2 second(s)

2022-02-22 21:01:37 - [TEST_STEP][PASSED] - break: null

2022-02-22 21:01:37 - [MESSAGE][PASSED] - Call Test Case 'Test Cases/Mobile/Page/Login/Login' successfully

2022-02-22 21:01:37 - [MESSAGE][PASSED] - Call Test Case 'Test Cases/Mobile/Page/CheckLogin' successfully

2022-02-22 21:01:37 - [TEST_STEP][PASSED] - tap(HOME_MenubarPortfolio, 0): Tapped on element 'Object Repository/Mobile/Page/Home/Menubar - Portfolio'

2022-02-22 21:01:37 - [MESSAGE][WARNING] - Timeout '0' is invalid. Using default page load timeout: '60'

2022-02-22 21:01:39 - [MESSAGE][PASSED] - Tapped on element 'Object Repository/Mobile/Page/Home/Menubar - Portfolio'

2022-02-22 21:01:39 - [TEST_STEP][PASSED] - delay(1): Delayed 1 second(s)

2022-02-22 21:01:40 - [MESSAGE][PASSED] - Delayed 1 second(s)

2022-02-22 21:01:40 - [TEST_STEP][PASSED] - for ([i = 0, i < 1, (i++)]): scroll.scroll.scrollScreenBottomToTop is PASSED

2022-02-22 21:01:40 - [TEST_STEP][PASSED] - if (tab == "summary"): null

2022-02-22 21:01:40 - [TEST_STEP][PASSED] - else if (tab == "stock"): null

2022-02-22 21:01:40 - [TEST_STEP][PASSED] - else if (tab == "mutualfund"): scroll.scroll.scrollScreenBottomToTop is PASSED

2022-02-22 21:01:40 - [TEST_STEP][PASSED] - tap(PORT_TabMutualFund, 0): Tapped on element 'Object Repository/Mobile/Page/Portfolio/Tab - Mutual Fund'

2022-02-22 21:01:40 - [MESSAGE][WARNING] - Timeout '0' is invalid. Using default page load timeout: '60'

2022-02-22 21:01:42 - [MESSAGE][PASSED] - Tapped on element 'Object Repository/Mobile/Page/Portfolio/Tab - Mutual Fund'

2022-02-22 21:01:42 - [TEST_STEP][PASSED] - delay(1): Delayed 1 second(s)

2022-02-22 21:01:43 - [MESSAGE][PASSED] - Delayed 1 second(s)

2022-02-22 21:01:43 - [TEST_STEP][PASSED] - try: scroll.scroll.scrollScreenBottomToTop is PASSED

2022-02-22 21:01:43 - [TEST_STEP][PASSED] - tapAndHold(PORT_ItemTopMutualFund, 1, 10): Tapped and held on element 'Object Repository/Mobile/Page/Portfolio/Item - Top Mutual Fund' with duration 1

2022-02-22 21:01:46 - [MESSAGE][PASSED] - Tapped and held on element 'Object Repository/Mobile/Page/Portfolio/Item - Top Mutual Fund' with duration 1

2022-02-22 21:01:46 - [TEST_STEP][PASSED] - delay(2): Delayed 2 second(s)

2022-02-22 21:01:48 - [MESSAGE][PASSED] - Delayed 2 second(s)

2022-02-22 21:01:48 - [TEST_STEP][PASSED] - switch (action2): null

2022-02-22 21:01:48 - [TEST_STEP][PASSED] - case "5 year":: null

2022-02-22 21:01:48 - [TEST_STEP][PASSED] - tapAndHold(PORT_DETL_Btn5Year, 1, 0): Tapped and held on element 'Object Repository/Mobile/Page/Portfolio/Detail Mutual Funds/Button - 5 Year' with duration 1

2022-02-22 21:01:48 - [MESSAGE][WARNING] - Timeout '0' is invalid. Using default page load timeout: '60'

2022-02-22 21:01:51 - [MESSAGE][PASSED] - Tapped and held on element 'Object Repository/Mobile/Page/Portfolio/Detail Mutual Funds/Button - 5 Year' with duration 1

2022-02-22 21:01:51 - [TEST_STEP][PASSED] - break: null

2022-02-22 21:01:51 - [TEST_STEP][PASSED] - delay(3): Delayed 3 second(s)

2022-02-22 21:01:54 - [MESSAGE][PASSED] - Delayed 3 second(s)

2022-02-22 21:01:54 - [TEST_STEP][PASSED] - scroll.scroll.scrollScreenBottomToTop(): scroll.scroll.scrollScreenBottomToTop is PASSED

2022-02-22 21:01:54 - [MESSAGE][PASSED] - Current device physical height is 1423

2022-02-22 21:01:55 - [MESSAGE][PASSED] - Current device physical width is 720

2022-02-22 21:01:56 - [MESSAGE][PASSED] - Swiped from 360,1,138 to 360,284

2022-02-22 21:01:56 - [MESSAGE][PASSED] - scroll.scroll.scrollScreenBottomToTop is PASSED

2022-02-22 21:01:56 - [MESSAGE][PASSED] - Call Test Case 'Test Cases/Mobile/Page/Portfolio/Portfolio' successfully

2022-02-22 21:01:56 - [TEST_STEP][PASSED] - callTestCase(findTestCase("Mobile/Page/Run App/Terminate App"), [:], STOP_ON_FAILURE): Call Test Case 'Test Cases/Mobile/Page/Run App/Terminate App' successfully

2022-02-22 21:01:56 - [TEST_CASE][PASSED] - Test Cases/Mobile/Page/Run App/Terminate App: Test Cases/Mobile/Page/Run App/Terminate App

2022-02-22 21:01:56 - [TEST_STEP][PASSED] - startApp.OpenApp.terminateApplication(): startApp.OpenApp.terminateApplication is PASSED

2022-02-22 21:01:59 - [MESSAGE][PASSED] - Delayed 3 second(s)

2022-02-22 21:02:00 - [MESSAGE][PASSED] - Current device physical width is 720

2022-02-22 21:02:00 - [MESSAGE][PASSED] - Current device physical height is 1423

2022-02-22 21:02:02 - [MESSAGE][PASSED] - Swiped from 360,853 to 360,142

2022-02-22 21:02:03 - [MESSAGE][PASSED] - Delayed 1 second(s)

2022-02-22 21:02:04 - [MESSAGE][PASSED] - Swiped from 360,853 to 360,142

2022-02-22 21:02:07 - [MESSAGE][PASSED] - Delayed 3 second(s)

2022-02-22 21:02:07 - [MESSAGE][PASSED] - startApp.OpenApp.terminateApplication is PASSED

2022-02-22 21:02:07 - [MESSAGE][PASSED] - Call Test Case 'Test Cases/Mobile/Page/Run App/Terminate App' successfully]]></system-out>
         <system-err><![CDATA[]]></system-err>
      </testcase>
      <testcase name="Test Cases/Mobile/Scenario/Portfolio/019 - Melihat detail mutual fund 10 year" time="76.542" classname="Test Cases/Mobile/Scenario/Portfolio/019 - Melihat detail mutual fund 10 year" status="PASSED">
         <system-out><![CDATA[2022-02-22 21:02:07 - [TEST_CASE][PASSED] - Test Cases/Mobile/Scenario/Portfolio/019 - Melihat detail mutual fund 10 year: Test Cases/Mobile/Scenario/Portfolio/019 - Melihat detail mutual fund 10 year

2022-02-22 21:02:08 - [TEST_STEP][PASSED] - callTestCase(findTestCase("Mobile/Page/Run App/Run App byID"), [:], STOP_ON_FAILURE): Call Test Case 'Test Cases/Mobile/Page/Run App/Run App byID' successfully

2022-02-22 21:02:08 - [TEST_CASE][PASSED] - Test Cases/Mobile/Page/Run App/Run App byID: Test Cases/Mobile/Page/Run App/Run App byID

2022-02-22 21:02:08 - [TEST_STEP][PASSED] - startApp.OpenApp.startApplication("id.co.miraeasset.sageclub"): startApp.OpenApp.startApplication is PASSED

2022-02-22 21:02:29 - [MESSAGE][PASSED] - Starting app with application ID: 'id.co.miraeasset.sageclub'

2022-02-22 21:02:29 - [MESSAGE][PASSED] - startApp.OpenApp.startApplication is PASSED

2022-02-22 21:02:29 - [MESSAGE][PASSED] - Call Test Case 'Test Cases/Mobile/Page/Run App/Run App byID' successfully

2022-02-22 21:02:29 - [TEST_STEP][PASSED] - callTestCase(findTestCase("Mobile/Page/Portfolio/Portfolio"), ["tab":"mutualfund", "action2":"10 year"], CONTINUE_ON_FAILURE): Call Test Case 'Test Cases/Mobile/Page/Portfolio/Portfolio' successfully

2022-02-22 21:02:29 - [TEST_CASE][PASSED] - Test Cases/Mobile/Page/Portfolio/Portfolio: Test Cases/Mobile/Page/Portfolio/Portfolio

2022-02-22 21:02:29 - [TEST_STEP][PASSED] - callTestCase(findTestCase("Mobile/Page/CheckLogin"), [:], CONTINUE_ON_FAILURE): Call Test Case 'Test Cases/Mobile/Page/CheckLogin' successfully

2022-02-22 21:02:29 - [TEST_CASE][PASSED] - Test Cases/Mobile/Page/CheckLogin: Test Cases/Mobile/Page/CheckLogin

2022-02-22 21:02:29 - [TEST_STEP][PASSED] - loginCheck = verifyElementExist(LOGN_BtnLogin, 5, CONTINUE_ON_FAILURE): Element 'Object Repository/Mobile/Page/Login/Button - Login' is exist

2022-02-22 21:02:31 - [MESSAGE][PASSED] - Element 'Object Repository/Mobile/Page/Login/Button - Login' is exist

2022-02-22 21:02:31 - [TEST_STEP][PASSED] - if (loginCheck): Call Test Case 'Test Cases/Mobile/Page/Login/Login' successfully

2022-02-22 21:02:31 - [TEST_STEP][PASSED] - callTestCase(findTestCase("Mobile/Page/Login/Login"), ["action":"username"], CONTINUE_ON_FAILURE): Call Test Case 'Test Cases/Mobile/Page/Login/Login' successfully

2022-02-22 21:02:31 - [TEST_CASE][PASSED] - Test Cases/Mobile/Page/Login/Login: Test Cases/Mobile/Page/Login/Login

2022-02-22 21:02:31 - [TEST_STEP][PASSED] - delay(2): Delayed 2 second(s)

2022-02-22 21:02:33 - [MESSAGE][PASSED] - Delayed 2 second(s)

2022-02-22 21:02:33 - [TEST_STEP][PASSED] - for ([i = 0, i < 1, (i++)]): null

2022-02-22 21:02:33 - [TEST_STEP][PASSED] - if (action == "username"): null

2022-02-22 21:02:33 - [TEST_STEP][PASSED] - tap(LOGN_EdtUserID, 0): Tapped on element 'Object Repository/Mobile/Page/Login/Input - UserID'

2022-02-22 21:02:33 - [MESSAGE][WARNING] - Timeout '0' is invalid. Using default page load timeout: '60'

2022-02-22 21:02:33 - [MESSAGE][PASSED] - Tapped on element 'Object Repository/Mobile/Page/Login/Input - UserID'

2022-02-22 21:02:33 - [TEST_STEP][PASSED] - delay(1): Delayed 1 second(s)

2022-02-22 21:02:34 - [MESSAGE][PASSED] - Delayed 1 second(s)

2022-02-22 21:02:34 - [TEST_STEP][PASSED] - setText(LOGN_EdtRdyUserID, "anggaaditya", 0): Text 'anggaaditya' has been set to element 'Object Repository/Mobile/Page/Login/Input Rdy - UserID'

2022-02-22 21:02:34 - [MESSAGE][WARNING] - Timeout '0' is invalid. Using default page load timeout: '60'

2022-02-22 21:02:35 - [MESSAGE][PASSED] - Text 'anggaaditya' has been set to element 'Object Repository/Mobile/Page/Login/Input Rdy - UserID'

2022-02-22 21:02:35 - [TEST_STEP][PASSED] - delay(1): Delayed 1 second(s)

2022-02-22 21:02:36 - [MESSAGE][PASSED] - Delayed 1 second(s)

2022-02-22 21:02:36 - [TEST_STEP][PASSED] - hideKeyboard(): Keyboard is hidden

2022-02-22 21:02:40 - [MESSAGE][PASSED] - Keyboard is hidden

2022-02-22 21:02:40 - [TEST_STEP][PASSED] - tap(LOGN_EdtPassword, 0): Tapped on element 'Object Repository/Mobile/Page/Login/Input - Password'

2022-02-22 21:02:40 - [MESSAGE][WARNING] - Timeout '0' is invalid. Using default page load timeout: '60'

2022-02-22 21:02:41 - [MESSAGE][PASSED] - Tapped on element 'Object Repository/Mobile/Page/Login/Input - Password'

2022-02-22 21:02:41 - [TEST_STEP][PASSED] - delay(1): Delayed 1 second(s)

2022-02-22 21:02:42 - [MESSAGE][PASSED] - Delayed 1 second(s)

2022-02-22 21:02:42 - [TEST_STEP][PASSED] - setText(LOGN_EdtRdyPassword, "Shalawa18", 0): Text 'Shalawa18' has been set to element 'Object Repository/Mobile/Page/Login/Input Rdy - Password'

2022-02-22 21:02:42 - [MESSAGE][WARNING] - Timeout '0' is invalid. Using default page load timeout: '60'

2022-02-22 21:02:42 - [MESSAGE][PASSED] - Text 'Shalawa18' has been set to element 'Object Repository/Mobile/Page/Login/Input Rdy - Password'

2022-02-22 21:02:42 - [TEST_STEP][PASSED] - delay(1): Delayed 1 second(s)

2022-02-22 21:02:43 - [MESSAGE][PASSED] - Delayed 1 second(s)

2022-02-22 21:02:43 - [TEST_STEP][PASSED] - hideKeyboard(): Keyboard is hidden

2022-02-22 21:02:51 - [MESSAGE][PASSED] - Keyboard is hidden

2022-02-22 21:02:51 - [TEST_STEP][PASSED] - tap(LOGN_BtnLogin, 0): Tapped on element 'Object Repository/Mobile/Page/Login/Button - Login'

2022-02-22 21:02:51 - [MESSAGE][WARNING] - Timeout '0' is invalid. Using default page load timeout: '60'

2022-02-22 21:02:52 - [MESSAGE][PASSED] - Tapped on element 'Object Repository/Mobile/Page/Login/Button - Login'

2022-02-22 21:02:52 - [TEST_STEP][PASSED] - delay(2): Delayed 2 second(s)

2022-02-22 21:02:54 - [MESSAGE][PASSED] - Delayed 2 second(s)

2022-02-22 21:02:54 - [TEST_STEP][PASSED] - break: null

2022-02-22 21:02:54 - [MESSAGE][PASSED] - Call Test Case 'Test Cases/Mobile/Page/Login/Login' successfully

2022-02-22 21:02:54 - [MESSAGE][PASSED] - Call Test Case 'Test Cases/Mobile/Page/CheckLogin' successfully

2022-02-22 21:02:54 - [TEST_STEP][PASSED] - tap(HOME_MenubarPortfolio, 0): Tapped on element 'Object Repository/Mobile/Page/Home/Menubar - Portfolio'

2022-02-22 21:02:54 - [MESSAGE][WARNING] - Timeout '0' is invalid. Using default page load timeout: '60'

2022-02-22 21:02:57 - [MESSAGE][PASSED] - Tapped on element 'Object Repository/Mobile/Page/Home/Menubar - Portfolio'

2022-02-22 21:02:57 - [TEST_STEP][PASSED] - delay(1): Delayed 1 second(s)

2022-02-22 21:02:58 - [MESSAGE][PASSED] - Delayed 1 second(s)

2022-02-22 21:02:58 - [TEST_STEP][PASSED] - for ([i = 0, i < 1, (i++)]): scroll.scroll.scrollScreenBottomToTop is PASSED

2022-02-22 21:02:58 - [TEST_STEP][PASSED] - if (tab == "summary"): null

2022-02-22 21:02:58 - [TEST_STEP][PASSED] - else if (tab == "stock"): null

2022-02-22 21:02:58 - [TEST_STEP][PASSED] - else if (tab == "mutualfund"): scroll.scroll.scrollScreenBottomToTop is PASSED

2022-02-22 21:02:58 - [TEST_STEP][PASSED] - tap(PORT_TabMutualFund, 0): Tapped on element 'Object Repository/Mobile/Page/Portfolio/Tab - Mutual Fund'

2022-02-22 21:02:58 - [MESSAGE][WARNING] - Timeout '0' is invalid. Using default page load timeout: '60'

2022-02-22 21:02:59 - [MESSAGE][PASSED] - Tapped on element 'Object Repository/Mobile/Page/Portfolio/Tab - Mutual Fund'

2022-02-22 21:02:59 - [TEST_STEP][PASSED] - delay(1): Delayed 1 second(s)

2022-02-22 21:03:00 - [MESSAGE][PASSED] - Delayed 1 second(s)

2022-02-22 21:03:00 - [TEST_STEP][PASSED] - try: scroll.scroll.scrollScreenBottomToTop is PASSED

2022-02-22 21:03:00 - [TEST_STEP][PASSED] - tapAndHold(PORT_ItemTopMutualFund, 1, 10): Tapped and held on element 'Object Repository/Mobile/Page/Portfolio/Item - Top Mutual Fund' with duration 1

2022-02-22 21:03:03 - [MESSAGE][PASSED] - Tapped and held on element 'Object Repository/Mobile/Page/Portfolio/Item - Top Mutual Fund' with duration 1

2022-02-22 21:03:03 - [TEST_STEP][PASSED] - delay(2): Delayed 2 second(s)

2022-02-22 21:03:05 - [MESSAGE][PASSED] - Delayed 2 second(s)

2022-02-22 21:03:05 - [TEST_STEP][PASSED] - switch (action2): null

2022-02-22 21:03:05 - [TEST_STEP][PASSED] - case "10 year":: null

2022-02-22 21:03:05 - [TEST_STEP][PASSED] - tapAndHold(PORT_DETL_Btn10Year, 1, 0): Tapped and held on element 'Object Repository/Mobile/Page/Portfolio/Detail Mutual Funds/Button - 10 Year' with duration 1

2022-02-22 21:03:05 - [MESSAGE][WARNING] - Timeout '0' is invalid. Using default page load timeout: '60'

2022-02-22 21:03:07 - [MESSAGE][PASSED] - Tapped and held on element 'Object Repository/Mobile/Page/Portfolio/Detail Mutual Funds/Button - 10 Year' with duration 1

2022-02-22 21:03:07 - [TEST_STEP][PASSED] - break: null

2022-02-22 21:03:07 - [TEST_STEP][PASSED] - delay(3): Delayed 3 second(s)

2022-02-22 21:03:10 - [MESSAGE][PASSED] - Delayed 3 second(s)

2022-02-22 21:03:10 - [TEST_STEP][PASSED] - scroll.scroll.scrollScreenBottomToTop(): scroll.scroll.scrollScreenBottomToTop is PASSED

2022-02-22 21:03:11 - [MESSAGE][PASSED] - Current device physical height is 1423

2022-02-22 21:03:11 - [MESSAGE][PASSED] - Current device physical width is 720

2022-02-22 21:03:13 - [MESSAGE][PASSED] - Swiped from 360,1,138 to 360,284

2022-02-22 21:03:13 - [MESSAGE][PASSED] - scroll.scroll.scrollScreenBottomToTop is PASSED

2022-02-22 21:03:13 - [MESSAGE][PASSED] - Call Test Case 'Test Cases/Mobile/Page/Portfolio/Portfolio' successfully

2022-02-22 21:03:13 - [TEST_STEP][PASSED] - callTestCase(findTestCase("Mobile/Page/Run App/Terminate App"), [:], STOP_ON_FAILURE): Call Test Case 'Test Cases/Mobile/Page/Run App/Terminate App' successfully

2022-02-22 21:03:13 - [TEST_CASE][PASSED] - Test Cases/Mobile/Page/Run App/Terminate App: Test Cases/Mobile/Page/Run App/Terminate App

2022-02-22 21:03:13 - [TEST_STEP][PASSED] - startApp.OpenApp.terminateApplication(): startApp.OpenApp.terminateApplication is PASSED

2022-02-22 21:03:16 - [MESSAGE][PASSED] - Delayed 3 second(s)

2022-02-22 21:03:16 - [MESSAGE][PASSED] - Current device physical width is 720

2022-02-22 21:03:17 - [MESSAGE][PASSED] - Current device physical height is 1423

2022-02-22 21:03:18 - [MESSAGE][PASSED] - Swiped from 360,853 to 360,142

2022-02-22 21:03:19 - [MESSAGE][PASSED] - Delayed 1 second(s)

2022-02-22 21:03:21 - [MESSAGE][PASSED] - Swiped from 360,853 to 360,142

2022-02-22 21:03:24 - [MESSAGE][PASSED] - Delayed 3 second(s)

2022-02-22 21:03:24 - [MESSAGE][PASSED] - startApp.OpenApp.terminateApplication is PASSED

2022-02-22 21:03:24 - [MESSAGE][PASSED] - Call Test Case 'Test Cases/Mobile/Page/Run App/Terminate App' successfully]]></system-out>
         <system-err><![CDATA[]]></system-err>
      </testcase>
      <system-out><![CDATA[2022-02-22 20:39:13 - [TEST_SUITE][PASSED] - portfolio: Test Cases/Mobile/Scenario/Portfolio/019 - Melihat detail mutual fund 10 year]]></system-out>
      <system-err><![CDATA[]]></system-err>
   </testsuite>
</testsuites>
