<?xml version="1.0" encoding="UTF-8"?>
<testsuites name="news" time="330.046" tests="5" failures="0" skips="0" errors="0">
   <testsuite name="news" tests="5" failures="0" errors="0" time="330.046" skips="0" timestamp="2021-12-22 15:07:01" hostname="Owner - aldy-tft" id="Test Suites/news">
      <properties>
         <property name="deviceName" value="samsung SM-A205F (Android 11)"/>
         <property name="devicePlatform" value=""/>
         <property name="logFolder" value="C:\\Users\\Owner\\Documents\\kerjaan\\KatalonProject\\qa_katalon_pwm\\qa_katalon_pwm\\Reports\\20211222_144624\\news\\20211222_144635"/>
         <property name="logFiles" value="C:\\Users\\Owner\\Documents\\kerjaan\\KatalonProject\\qa_katalon_pwm\\qa_katalon_pwm\\Reports\\20211222_144624\\news\\20211222_144635\\appium.log, C:\\Users\\Owner\\Documents\\kerjaan\\KatalonProject\\qa_katalon_pwm\\qa_katalon_pwm\\Reports\\20211222_144624\\news\\20211222_144635\\execution0.log"/>
         <property name="attachments" value=""/>
         <property name="hostName" value="Owner - aldy-tft"/>
         <property name="os" value="Windows 10 64bit"/>
         <property name="appiumServerStatus" value="{&quot;value&quot;:{&quot;build&quot;:{&quot;version&quot;:&quot;1.22.0&quot;}},&quot;sessionId&quot;:null,&quot;status&quot;:0}"/>
         <property name="katalonVersion" value="7.9.1.208"/>
         <property name="deviceOS" value="Android"/>
         <property name="appiumVersion" value="1.22.0"/>
         <property name="deviceModel" value="SM-A205F"/>
         <property name="hostAddress" value="192.168.100.13"/>
         <property name="deviceManufacturer" value="samsung"/>
         <property name="deviceId" value="RR8M40C9AXE"/>
         <property name="deviceName" value="samsung SM-A205F (Android 11)"/>
         <property name="deviceOSVersion" value="11"/>
      </properties>
      <testcase name="Test Cases/Mobile/Scenario/News/001 - News World Indices" time="74.823" classname="Test Cases/Mobile/Scenario/News/001 - News World Indices" status="PASSED">
         <system-out><![CDATA[2021-12-22 15:07:02 - [TEST_CASE][PASSED] - Test Cases/Mobile/Scenario/News/001 - News World Indices: Test Cases/Mobile/Scenario/News/001 - News World Indices

2021-12-22 15:07:03 - [TEST_STEP][PASSED] - callTestCase(findTestCase("Mobile/Page/Run App/Run App byID"), [:], STOP_ON_FAILURE): Call Test Case 'Test Cases/Mobile/Page/Run App/Run App byID' successfully

2021-12-22 15:07:03 - [TEST_CASE][PASSED] - Test Cases/Mobile/Page/Run App/Run App byID: Test Cases/Mobile/Page/Run App/Run App byID

2021-12-22 15:07:03 - [TEST_STEP][PASSED] - startApp.OpenApp.startApplication("id.co.miraeasset.sageclub"): startApp.OpenApp.startApplication is PASSED

2021-12-22 15:07:05 - [MESSAGE][INFO] - Appium server started on port 54,521

2021-12-22 15:07:20 - [MESSAGE][PASSED] - Starting app with application ID: 'id.co.miraeasset.sageclub'

2021-12-22 15:07:20 - [MESSAGE][PASSED] - startApp.OpenApp.startApplication is PASSED

2021-12-22 15:07:20 - [MESSAGE][PASSED] - Call Test Case 'Test Cases/Mobile/Page/Run App/Run App byID' successfully

2021-12-22 15:07:20 - [TEST_STEP][PASSED] - callTestCase(findTestCase("Mobile/Page/News/News"), ["tab":"worldindices"], CONTINUE_ON_FAILURE): Call Test Case 'Test Cases/Mobile/Page/News/News' successfully

2021-12-22 15:07:20 - [TEST_CASE][PASSED] - Test Cases/Mobile/Page/News/News: Test Cases/Mobile/Page/News/News

2021-12-22 15:07:21 - [TEST_STEP][PASSED] - callTestCase(findTestCase("Mobile/Page/CheckLogin"), [:], CONTINUE_ON_FAILURE): Call Test Case 'Test Cases/Mobile/Page/CheckLogin' successfully

2021-12-22 15:07:21 - [TEST_CASE][PASSED] - Test Cases/Mobile/Page/CheckLogin: Test Cases/Mobile/Page/CheckLogin

2021-12-22 15:07:21 - [TEST_STEP][PASSED] - loginCheck = verifyElementExist(findTestObject("Mobile/Page/Login/Button - Login"), 5, CONTINUE_ON_FAILURE): Element 'Object Repository/Mobile/Page/Login/Button - Login' is exist

2021-12-22 15:07:22 - [MESSAGE][PASSED] - Element 'Object Repository/Mobile/Page/Login/Button - Login' is exist

2021-12-22 15:07:22 - [TEST_STEP][PASSED] - if (loginCheck): Call Test Case 'Test Cases/Mobile/Page/Login/Login' successfully

2021-12-22 15:07:22 - [TEST_STEP][PASSED] - callTestCase(findTestCase("Mobile/Page/Login/Login"), [:], CONTINUE_ON_FAILURE): Call Test Case 'Test Cases/Mobile/Page/Login/Login' successfully

2021-12-22 15:07:22 - [TEST_CASE][PASSED] - Test Cases/Mobile/Page/Login/Login: Test Cases/Mobile/Page/Login/Login

2021-12-22 15:07:23 - [TEST_STEP][PASSED] - delay(2): Delayed 2 second(s)

2021-12-22 15:07:25 - [MESSAGE][PASSED] - Delayed 2 second(s)

2021-12-22 15:07:25 - [TEST_STEP][PASSED] - tap(findTestObject("Mobile/Page/Login/Input - UserID"), 0): Tapped on element 'Object Repository/Mobile/Page/Login/Input - UserID'

2021-12-22 15:07:25 - [MESSAGE][WARNING] - Timeout '0' is invalid. Using default page load timeout: '60'

2021-12-22 15:07:25 - [MESSAGE][PASSED] - Tapped on element 'Object Repository/Mobile/Page/Login/Input - UserID'

2021-12-22 15:07:25 - [TEST_STEP][PASSED] - delay(1): Delayed 1 second(s)

2021-12-22 15:07:26 - [MESSAGE][PASSED] - Delayed 1 second(s)

2021-12-22 15:07:26 - [TEST_STEP][PASSED] - setText(findTestObject("Mobile/Page/Login/Input Rdy - UserID"), "anggaaditya", 0): Text 'anggaaditya' has been set to element 'Object Repository/Mobile/Page/Login/Input Rdy - UserID'

2021-12-22 15:07:26 - [MESSAGE][WARNING] - Timeout '0' is invalid. Using default page load timeout: '60'

2021-12-22 15:07:27 - [MESSAGE][PASSED] - Text 'anggaaditya' has been set to element 'Object Repository/Mobile/Page/Login/Input Rdy - UserID'

2021-12-22 15:07:27 - [TEST_STEP][PASSED] - delay(1): Delayed 1 second(s)

2021-12-22 15:07:28 - [MESSAGE][PASSED] - Delayed 1 second(s)

2021-12-22 15:07:28 - [TEST_STEP][PASSED] - hideKeyboard(): Keyboard is hidden

2021-12-22 15:07:34 - [MESSAGE][PASSED] - Keyboard is hidden

2021-12-22 15:07:34 - [TEST_STEP][PASSED] - tap(findTestObject("Mobile/Page/Login/Input - Password"), 0): Tapped on element 'Object Repository/Mobile/Page/Login/Input - Password'

2021-12-22 15:07:34 - [MESSAGE][WARNING] - Timeout '0' is invalid. Using default page load timeout: '60'

2021-12-22 15:07:34 - [MESSAGE][PASSED] - Tapped on element 'Object Repository/Mobile/Page/Login/Input - Password'

2021-12-22 15:07:34 - [TEST_STEP][PASSED] - delay(1): Delayed 1 second(s)

2021-12-22 15:07:35 - [MESSAGE][PASSED] - Delayed 1 second(s)

2021-12-22 15:07:35 - [TEST_STEP][PASSED] - setText(findTestObject("Mobile/Page/Login/Input Rdy - Password"), "Shalawa18", 0): Text 'Shalawa18' has been set to element 'Object Repository/Mobile/Page/Login/Input Rdy - Password'

2021-12-22 15:07:35 - [MESSAGE][WARNING] - Timeout '0' is invalid. Using default page load timeout: '60'

2021-12-22 15:07:36 - [MESSAGE][PASSED] - Text 'Shalawa18' has been set to element 'Object Repository/Mobile/Page/Login/Input Rdy - Password'

2021-12-22 15:07:36 - [TEST_STEP][PASSED] - delay(1): Delayed 1 second(s)

2021-12-22 15:07:37 - [MESSAGE][PASSED] - Delayed 1 second(s)

2021-12-22 15:07:37 - [TEST_STEP][PASSED] - hideKeyboard(): Keyboard is hidden

2021-12-22 15:07:43 - [MESSAGE][PASSED] - Keyboard is hidden

2021-12-22 15:07:43 - [TEST_STEP][PASSED] - tap(findTestObject("Mobile/Page/Login/Button - Login"), 0): Tapped on element 'Object Repository/Mobile/Page/Login/Button - Login'

2021-12-22 15:07:44 - [MESSAGE][WARNING] - Timeout '0' is invalid. Using default page load timeout: '60'

2021-12-22 15:07:45 - [MESSAGE][PASSED] - Tapped on element 'Object Repository/Mobile/Page/Login/Button - Login'

2021-12-22 15:07:45 - [TEST_STEP][PASSED] - delay(2): Delayed 2 second(s)

2021-12-22 15:07:47 - [MESSAGE][PASSED] - Delayed 2 second(s)

2021-12-22 15:07:47 - [MESSAGE][PASSED] - Call Test Case 'Test Cases/Mobile/Page/Login/Login' successfully

2021-12-22 15:07:47 - [MESSAGE][PASSED] - Call Test Case 'Test Cases/Mobile/Page/CheckLogin' successfully

2021-12-22 15:07:47 - [TEST_STEP][PASSED] - tap(findTestObject("Mobile/Page/Home/Menubar - News"), 0): Tapped on element 'Object Repository/Mobile/Page/Home/Menubar - News'

2021-12-22 15:07:47 - [MESSAGE][WARNING] - Timeout '0' is invalid. Using default page load timeout: '60'

2021-12-22 15:07:47 - [MESSAGE][PASSED] - Tapped on element 'Object Repository/Mobile/Page/Home/Menubar - News'

2021-12-22 15:07:47 - [TEST_STEP][PASSED] - delay(1): Delayed 1 second(s)

2021-12-22 15:07:48 - [MESSAGE][PASSED] - Delayed 1 second(s)

2021-12-22 15:07:48 - [TEST_STEP][PASSED] - for ([i = 0, i < 1, (i++)]): null

2021-12-22 15:07:48 - [TEST_STEP][PASSED] - if (tab == "macronews"): null

2021-12-22 15:07:48 - [TEST_STEP][PASSED] - else if (tab == "stocknews"): null

2021-12-22 15:07:48 - [TEST_STEP][PASSED] - else if (tab == "fundnews"): null

2021-12-22 15:07:48 - [TEST_STEP][PASSED] - else if (tab == "bondnews"): null

2021-12-22 15:07:48 - [TEST_STEP][PASSED] - else if (tab == "worldindices"): Delayed 3 second(s)

2021-12-22 15:07:48 - [TEST_STEP][PASSED] - scroll.scroll.scrollScreenRightToLeft(findTestObject("Object Repository/Mobile/Page/News/Tab - Macro")): scroll.scroll.scrollScreenRightToLeft is PASSED

2021-12-22 15:07:48 - [MESSAGE][WARNING] - Timeout '0' is invalid. Using default page load timeout: '60'

2021-12-22 15:07:49 - [MESSAGE][PASSED] - Object 'Object Repository/Mobile/Page/News/Tab - Macro' has left position '14'

2021-12-22 15:07:49 - [MESSAGE][WARNING] - Timeout '0' is invalid. Using default page load timeout: '60'

2021-12-22 15:07:49 - [MESSAGE][PASSED] - Object 'Object Repository/Mobile/Page/News/Tab - Macro' has top position '262'

2021-12-22 15:07:49 - [MESSAGE][WARNING] - Timeout '0' is invalid. Using default page load timeout: '60'

2021-12-22 15:07:49 - [MESSAGE][PASSED] - Object 'Object Repository/Mobile/Page/News/Tab - Macro' has width: '215'

2021-12-22 15:07:49 - [MESSAGE][WARNING] - Timeout '0' is invalid. Using default page load timeout: '60'

2021-12-22 15:07:49 - [MESSAGE][PASSED] - Object 'Object Repository/Mobile/Page/News/Tab - Macro' has height: '84'

2021-12-22 15:07:49 - [MESSAGE][PASSED] - Current device physical width is 720

2021-12-22 15:07:51 - [MESSAGE][PASSED] - Swiped from 620,304 to 100,304

2021-12-22 15:07:51 - [MESSAGE][PASSED] - scroll.scroll.scrollScreenRightToLeft is PASSED

2021-12-22 15:07:51 - [TEST_STEP][PASSED] - delay(1): Delayed 1 second(s)

2021-12-22 15:07:52 - [MESSAGE][PASSED] - Delayed 1 second(s)

2021-12-22 15:07:52 - [TEST_STEP][PASSED] - tap(findTestObject("Mobile/Page/News/Tab - World Indices"), 0): Tapped on element 'Object Repository/Mobile/Page/News/Tab - World Indices'

2021-12-22 15:07:52 - [MESSAGE][WARNING] - Timeout '0' is invalid. Using default page load timeout: '60'

2021-12-22 15:07:52 - [MESSAGE][PASSED] - Tapped on element 'Object Repository/Mobile/Page/News/Tab - World Indices'

2021-12-22 15:07:52 - [TEST_STEP][PASSED] - delay(1): Delayed 1 second(s)

2021-12-22 15:07:53 - [MESSAGE][PASSED] - Delayed 1 second(s)

2021-12-22 15:07:53 - [TEST_STEP][PASSED] - tap(findTestObject("Mobile/Page/News/Button - Indices"), 0): Tapped on element 'Object Repository/Mobile/Page/News/Button - Indices'

2021-12-22 15:07:53 - [MESSAGE][WARNING] - Timeout '0' is invalid. Using default page load timeout: '60'

2021-12-22 15:07:54 - [MESSAGE][PASSED] - Tapped on element 'Object Repository/Mobile/Page/News/Button - Indices'

2021-12-22 15:07:54 - [TEST_STEP][PASSED] - delay(3): Delayed 3 second(s)

2021-12-22 15:07:57 - [MESSAGE][PASSED] - Delayed 3 second(s)

2021-12-22 15:07:57 - [TEST_STEP][PASSED] - tap(findTestObject("Mobile/Page/News/Button - Currencies"), 0): Tapped on element 'Object Repository/Mobile/Page/News/Button - Currencies'

2021-12-22 15:07:57 - [MESSAGE][WARNING] - Timeout '0' is invalid. Using default page load timeout: '60'

2021-12-22 15:07:58 - [MESSAGE][PASSED] - Tapped on element 'Object Repository/Mobile/Page/News/Button - Currencies'

2021-12-22 15:07:58 - [TEST_STEP][PASSED] - delay(3): Delayed 3 second(s)

2021-12-22 15:08:01 - [MESSAGE][PASSED] - Delayed 3 second(s)

2021-12-22 15:08:01 - [TEST_STEP][PASSED] - tap(findTestObject("Mobile/Page/News/Button - Commodities"), 0): Tapped on element 'Object Repository/Mobile/Page/News/Button - Commodities'

2021-12-22 15:08:01 - [MESSAGE][WARNING] - Timeout '0' is invalid. Using default page load timeout: '60'

2021-12-22 15:08:02 - [MESSAGE][PASSED] - Tapped on element 'Object Repository/Mobile/Page/News/Button - Commodities'

2021-12-22 15:08:02 - [TEST_STEP][PASSED] - delay(3): Delayed 3 second(s)

2021-12-22 15:08:05 - [MESSAGE][PASSED] - Delayed 3 second(s)

2021-12-22 15:08:05 - [TEST_STEP][PASSED] - delay(1): Delayed 1 second(s)

2021-12-22 15:08:06 - [MESSAGE][PASSED] - Delayed 1 second(s)

2021-12-22 15:08:06 - [TEST_STEP][PASSED] - if (tab != "worldindices"): null

2021-12-22 15:08:06 - [MESSAGE][PASSED] - Call Test Case 'Test Cases/Mobile/Page/News/News' successfully

2021-12-22 15:08:06 - [TEST_STEP][PASSED] - callTestCase(findTestCase("Mobile/Page/Run App/Terminate App"), [:], STOP_ON_FAILURE): Call Test Case 'Test Cases/Mobile/Page/Run App/Terminate App' successfully

2021-12-22 15:08:06 - [TEST_CASE][PASSED] - Test Cases/Mobile/Page/Run App/Terminate App: Test Cases/Mobile/Page/Run App/Terminate App

2021-12-22 15:08:07 - [TEST_STEP][PASSED] - startApp.OpenApp.terminateApplication(): startApp.OpenApp.terminateApplication is PASSED

2021-12-22 15:08:10 - [MESSAGE][PASSED] - Delayed 3 second(s)

2021-12-22 15:08:10 - [MESSAGE][PASSED] - Current device physical width is 720

2021-12-22 15:08:10 - [MESSAGE][PASSED] - Current device physical height is 1423

2021-12-22 15:08:12 - [MESSAGE][PASSED] - Swiped from 360,853 to 360,142

2021-12-22 15:08:13 - [MESSAGE][PASSED] - Delayed 1 second(s)

2021-12-22 15:08:14 - [MESSAGE][PASSED] - Swiped from 360,853 to 360,142

2021-12-22 15:08:17 - [MESSAGE][PASSED] - Delayed 3 second(s)

2021-12-22 15:08:17 - [MESSAGE][PASSED] - startApp.OpenApp.terminateApplication is PASSED

2021-12-22 15:08:17 - [MESSAGE][PASSED] - Call Test Case 'Test Cases/Mobile/Page/Run App/Terminate App' successfully]]></system-out>
         <system-err><![CDATA[]]></system-err>
      </testcase>
      <testcase name="Test Cases/Mobile/Scenario/News/002 - News Stock" time="67.576" classname="Test Cases/Mobile/Scenario/News/002 - News Stock" status="PASSED">
         <system-out><![CDATA[2021-12-22 15:08:17 - [TEST_CASE][PASSED] - Test Cases/Mobile/Scenario/News/002 - News Stock: Test Cases/Mobile/Scenario/News/002 - News Stock

2021-12-22 15:08:17 - [TEST_STEP][PASSED] - callTestCase(findTestCase("Mobile/Page/Run App/Run App byID"), [:], STOP_ON_FAILURE): Call Test Case 'Test Cases/Mobile/Page/Run App/Run App byID' successfully

2021-12-22 15:08:17 - [TEST_CASE][PASSED] - Test Cases/Mobile/Page/Run App/Run App byID: Test Cases/Mobile/Page/Run App/Run App byID

2021-12-22 15:08:17 - [TEST_STEP][PASSED] - startApp.OpenApp.startApplication("id.co.miraeasset.sageclub"): startApp.OpenApp.startApplication is PASSED

2021-12-22 15:08:35 - [MESSAGE][PASSED] - Starting app with application ID: 'id.co.miraeasset.sageclub'

2021-12-22 15:08:35 - [MESSAGE][PASSED] - startApp.OpenApp.startApplication is PASSED

2021-12-22 15:08:35 - [MESSAGE][PASSED] - Call Test Case 'Test Cases/Mobile/Page/Run App/Run App byID' successfully

2021-12-22 15:08:35 - [TEST_STEP][PASSED] - callTestCase(findTestCase("Mobile/Page/News/News"), ["tab":"stocknews"], CONTINUE_ON_FAILURE): Call Test Case 'Test Cases/Mobile/Page/News/News' successfully

2021-12-22 15:08:35 - [TEST_CASE][PASSED] - Test Cases/Mobile/Page/News/News: Test Cases/Mobile/Page/News/News

2021-12-22 15:08:35 - [TEST_STEP][PASSED] - callTestCase(findTestCase("Mobile/Page/CheckLogin"), [:], CONTINUE_ON_FAILURE): Call Test Case 'Test Cases/Mobile/Page/CheckLogin' successfully

2021-12-22 15:08:35 - [TEST_CASE][PASSED] - Test Cases/Mobile/Page/CheckLogin: Test Cases/Mobile/Page/CheckLogin

2021-12-22 15:08:35 - [TEST_STEP][PASSED] - loginCheck = verifyElementExist(findTestObject("Mobile/Page/Login/Button - Login"), 5, CONTINUE_ON_FAILURE): Element 'Object Repository/Mobile/Page/Login/Button - Login' is exist

2021-12-22 15:08:37 - [MESSAGE][PASSED] - Element 'Object Repository/Mobile/Page/Login/Button - Login' is exist

2021-12-22 15:08:37 - [TEST_STEP][PASSED] - if (loginCheck): Call Test Case 'Test Cases/Mobile/Page/Login/Login' successfully

2021-12-22 15:08:37 - [TEST_STEP][PASSED] - callTestCase(findTestCase("Mobile/Page/Login/Login"), [:], CONTINUE_ON_FAILURE): Call Test Case 'Test Cases/Mobile/Page/Login/Login' successfully

2021-12-22 15:08:37 - [TEST_CASE][PASSED] - Test Cases/Mobile/Page/Login/Login: Test Cases/Mobile/Page/Login/Login

2021-12-22 15:08:37 - [TEST_STEP][PASSED] - delay(2): Delayed 2 second(s)

2021-12-22 15:08:39 - [MESSAGE][PASSED] - Delayed 2 second(s)

2021-12-22 15:08:39 - [TEST_STEP][PASSED] - tap(findTestObject("Mobile/Page/Login/Input - UserID"), 0): Tapped on element 'Object Repository/Mobile/Page/Login/Input - UserID'

2021-12-22 15:08:39 - [MESSAGE][WARNING] - Timeout '0' is invalid. Using default page load timeout: '60'

2021-12-22 15:08:40 - [MESSAGE][PASSED] - Tapped on element 'Object Repository/Mobile/Page/Login/Input - UserID'

2021-12-22 15:08:40 - [TEST_STEP][PASSED] - delay(1): Delayed 1 second(s)

2021-12-22 15:08:41 - [MESSAGE][PASSED] - Delayed 1 second(s)

2021-12-22 15:08:41 - [TEST_STEP][PASSED] - setText(findTestObject("Mobile/Page/Login/Input Rdy - UserID"), "anggaaditya", 0): Text 'anggaaditya' has been set to element 'Object Repository/Mobile/Page/Login/Input Rdy - UserID'

2021-12-22 15:08:41 - [MESSAGE][WARNING] - Timeout '0' is invalid. Using default page load timeout: '60'

2021-12-22 15:08:42 - [MESSAGE][PASSED] - Text 'anggaaditya' has been set to element 'Object Repository/Mobile/Page/Login/Input Rdy - UserID'

2021-12-22 15:08:42 - [TEST_STEP][PASSED] - delay(1): Delayed 1 second(s)

2021-12-22 15:08:43 - [MESSAGE][PASSED] - Delayed 1 second(s)

2021-12-22 15:08:43 - [TEST_STEP][PASSED] - hideKeyboard(): Keyboard is hidden

2021-12-22 15:08:47 - [MESSAGE][PASSED] - Keyboard is hidden

2021-12-22 15:08:47 - [TEST_STEP][PASSED] - tap(findTestObject("Mobile/Page/Login/Input - Password"), 0): Tapped on element 'Object Repository/Mobile/Page/Login/Input - Password'

2021-12-22 15:08:47 - [MESSAGE][WARNING] - Timeout '0' is invalid. Using default page load timeout: '60'

2021-12-22 15:08:48 - [MESSAGE][PASSED] - Tapped on element 'Object Repository/Mobile/Page/Login/Input - Password'

2021-12-22 15:08:48 - [TEST_STEP][PASSED] - delay(1): Delayed 1 second(s)

2021-12-22 15:08:49 - [MESSAGE][PASSED] - Delayed 1 second(s)

2021-12-22 15:08:49 - [TEST_STEP][PASSED] - setText(findTestObject("Mobile/Page/Login/Input Rdy - Password"), "Shalawa18", 0): Text 'Shalawa18' has been set to element 'Object Repository/Mobile/Page/Login/Input Rdy - Password'

2021-12-22 15:08:49 - [MESSAGE][WARNING] - Timeout '0' is invalid. Using default page load timeout: '60'

2021-12-22 15:08:49 - [MESSAGE][PASSED] - Text 'Shalawa18' has been set to element 'Object Repository/Mobile/Page/Login/Input Rdy - Password'

2021-12-22 15:08:49 - [TEST_STEP][PASSED] - delay(1): Delayed 1 second(s)

2021-12-22 15:08:50 - [MESSAGE][PASSED] - Delayed 1 second(s)

2021-12-22 15:08:50 - [TEST_STEP][PASSED] - hideKeyboard(): Keyboard is hidden

2021-12-22 15:08:58 - [MESSAGE][PASSED] - Keyboard is hidden

2021-12-22 15:08:58 - [TEST_STEP][PASSED] - tap(findTestObject("Mobile/Page/Login/Button - Login"), 0): Tapped on element 'Object Repository/Mobile/Page/Login/Button - Login'

2021-12-22 15:08:58 - [MESSAGE][WARNING] - Timeout '0' is invalid. Using default page load timeout: '60'

2021-12-22 15:08:59 - [MESSAGE][PASSED] - Tapped on element 'Object Repository/Mobile/Page/Login/Button - Login'

2021-12-22 15:08:59 - [TEST_STEP][PASSED] - delay(2): Delayed 2 second(s)

2021-12-22 15:09:01 - [MESSAGE][PASSED] - Delayed 2 second(s)

2021-12-22 15:09:01 - [MESSAGE][PASSED] - Call Test Case 'Test Cases/Mobile/Page/Login/Login' successfully

2021-12-22 15:09:01 - [MESSAGE][PASSED] - Call Test Case 'Test Cases/Mobile/Page/CheckLogin' successfully

2021-12-22 15:09:01 - [TEST_STEP][PASSED] - tap(findTestObject("Mobile/Page/Home/Menubar - News"), 0): Tapped on element 'Object Repository/Mobile/Page/Home/Menubar - News'

2021-12-22 15:09:01 - [MESSAGE][WARNING] - Timeout '0' is invalid. Using default page load timeout: '60'

2021-12-22 15:09:02 - [MESSAGE][PASSED] - Tapped on element 'Object Repository/Mobile/Page/Home/Menubar - News'

2021-12-22 15:09:02 - [TEST_STEP][PASSED] - delay(1): Delayed 1 second(s)

2021-12-22 15:09:03 - [MESSAGE][PASSED] - Delayed 1 second(s)

2021-12-22 15:09:03 - [TEST_STEP][PASSED] - for ([i = 0, i < 1, (i++)]): Delayed 3 second(s)

2021-12-22 15:09:03 - [TEST_STEP][PASSED] - if (tab == "macronews"): null

2021-12-22 15:09:03 - [TEST_STEP][PASSED] - else if (tab == "stocknews"): Tapped on element 'Object Repository/Mobile/Page/News/Tab - Stock'

2021-12-22 15:09:03 - [TEST_STEP][PASSED] - tap(findTestObject("Object Repository/Mobile/Page/News/Tab - Stock"), 0): Tapped on element 'Object Repository/Mobile/Page/News/Tab - Stock'

2021-12-22 15:09:03 - [MESSAGE][WARNING] - Timeout '0' is invalid. Using default page load timeout: '60'

2021-12-22 15:09:05 - [MESSAGE][PASSED] - Tapped on element 'Object Repository/Mobile/Page/News/Tab - Stock'

2021-12-22 15:09:05 - [TEST_STEP][PASSED] - delay(1): Delayed 1 second(s)

2021-12-22 15:09:06 - [MESSAGE][PASSED] - Delayed 1 second(s)

2021-12-22 15:09:06 - [TEST_STEP][PASSED] - if (tab != "worldindices"): Delayed 3 second(s)

2021-12-22 15:09:06 - [TEST_STEP][PASSED] - try: Delayed 3 second(s)

2021-12-22 15:09:06 - [TEST_STEP][PASSED] - tapAndHold(findTestObject("Mobile/Page/News/Item - Top News"), 1, 10): Tapped and held on element 'Object Repository/Mobile/Page/News/Item - Top News' with duration 1

2021-12-22 15:09:08 - [MESSAGE][PASSED] - Tapped and held on element 'Object Repository/Mobile/Page/News/Item - Top News' with duration 1

2021-12-22 15:09:08 - [TEST_STEP][PASSED] - delay(1): Delayed 1 second(s)

2021-12-22 15:09:09 - [MESSAGE][PASSED] - Delayed 1 second(s)

2021-12-22 15:09:10 - [TEST_STEP][PASSED] - scroll.scroll.scrollScreenBottomToTop(): scroll.scroll.scrollScreenBottomToTop is PASSED

2021-12-22 15:09:10 - [MESSAGE][PASSED] - Current device physical height is 1423

2021-12-22 15:09:10 - [MESSAGE][PASSED] - Current device physical width is 720

2021-12-22 15:09:11 - [MESSAGE][PASSED] - Swiped from 360,1,138 to 360,284

2021-12-22 15:09:11 - [MESSAGE][PASSED] - scroll.scroll.scrollScreenBottomToTop is PASSED

2021-12-22 15:09:11 - [TEST_STEP][PASSED] - delay(3): Delayed 3 second(s)

2021-12-22 15:09:14 - [MESSAGE][PASSED] - Delayed 3 second(s)

2021-12-22 15:09:14 - [MESSAGE][PASSED] - Call Test Case 'Test Cases/Mobile/Page/News/News' successfully

2021-12-22 15:09:14 - [TEST_STEP][PASSED] - callTestCase(findTestCase("Mobile/Page/Run App/Terminate App"), [:], STOP_ON_FAILURE): Call Test Case 'Test Cases/Mobile/Page/Run App/Terminate App' successfully

2021-12-22 15:09:14 - [TEST_CASE][PASSED] - Test Cases/Mobile/Page/Run App/Terminate App: Test Cases/Mobile/Page/Run App/Terminate App

2021-12-22 15:09:14 - [TEST_STEP][PASSED] - startApp.OpenApp.terminateApplication(): startApp.OpenApp.terminateApplication is PASSED

2021-12-22 15:09:17 - [MESSAGE][PASSED] - Delayed 3 second(s)

2021-12-22 15:09:18 - [MESSAGE][PASSED] - Current device physical width is 720

2021-12-22 15:09:18 - [MESSAGE][PASSED] - Current device physical height is 1423

2021-12-22 15:09:19 - [MESSAGE][PASSED] - Swiped from 360,853 to 360,142

2021-12-22 15:09:20 - [MESSAGE][PASSED] - Delayed 1 second(s)

2021-12-22 15:09:22 - [MESSAGE][PASSED] - Swiped from 360,853 to 360,142

2021-12-22 15:09:25 - [MESSAGE][PASSED] - Delayed 3 second(s)

2021-12-22 15:09:25 - [MESSAGE][PASSED] - startApp.OpenApp.terminateApplication is PASSED

2021-12-22 15:09:25 - [MESSAGE][PASSED] - Call Test Case 'Test Cases/Mobile/Page/Run App/Terminate App' successfully]]></system-out>
         <system-err><![CDATA[]]></system-err>
      </testcase>
      <testcase name="Test Cases/Mobile/Scenario/News/003 - News Fund" time="61.831" classname="Test Cases/Mobile/Scenario/News/003 - News Fund" status="PASSED">
         <system-out><![CDATA[2021-12-22 15:09:25 - [TEST_CASE][PASSED] - Test Cases/Mobile/Scenario/News/003 - News Fund: Test Cases/Mobile/Scenario/News/003 - News Fund

2021-12-22 15:09:25 - [TEST_STEP][PASSED] - callTestCase(findTestCase("Mobile/Page/Run App/Run App byID"), [:], STOP_ON_FAILURE): Call Test Case 'Test Cases/Mobile/Page/Run App/Run App byID' successfully

2021-12-22 15:09:25 - [TEST_CASE][PASSED] - Test Cases/Mobile/Page/Run App/Run App byID: Test Cases/Mobile/Page/Run App/Run App byID

2021-12-22 15:09:25 - [TEST_STEP][PASSED] - startApp.OpenApp.startApplication("id.co.miraeasset.sageclub"): startApp.OpenApp.startApplication is PASSED

2021-12-22 15:09:38 - [MESSAGE][PASSED] - Starting app with application ID: 'id.co.miraeasset.sageclub'

2021-12-22 15:09:38 - [MESSAGE][PASSED] - startApp.OpenApp.startApplication is PASSED

2021-12-22 15:09:38 - [MESSAGE][PASSED] - Call Test Case 'Test Cases/Mobile/Page/Run App/Run App byID' successfully

2021-12-22 15:09:38 - [TEST_STEP][PASSED] - callTestCase(findTestCase("Mobile/Page/News/News"), ["tab":"fundnews"], CONTINUE_ON_FAILURE): Call Test Case 'Test Cases/Mobile/Page/News/News' successfully

2021-12-22 15:09:38 - [TEST_CASE][PASSED] - Test Cases/Mobile/Page/News/News: Test Cases/Mobile/Page/News/News

2021-12-22 15:09:38 - [TEST_STEP][PASSED] - callTestCase(findTestCase("Mobile/Page/CheckLogin"), [:], CONTINUE_ON_FAILURE): Call Test Case 'Test Cases/Mobile/Page/CheckLogin' successfully

2021-12-22 15:09:38 - [TEST_CASE][PASSED] - Test Cases/Mobile/Page/CheckLogin: Test Cases/Mobile/Page/CheckLogin

2021-12-22 15:09:38 - [TEST_STEP][PASSED] - loginCheck = verifyElementExist(findTestObject("Mobile/Page/Login/Button - Login"), 5, CONTINUE_ON_FAILURE): Element 'Object Repository/Mobile/Page/Login/Button - Login' is exist

2021-12-22 15:09:40 - [MESSAGE][PASSED] - Element 'Object Repository/Mobile/Page/Login/Button - Login' is exist

2021-12-22 15:09:40 - [TEST_STEP][PASSED] - if (loginCheck): Call Test Case 'Test Cases/Mobile/Page/Login/Login' successfully

2021-12-22 15:09:40 - [TEST_STEP][PASSED] - callTestCase(findTestCase("Mobile/Page/Login/Login"), [:], CONTINUE_ON_FAILURE): Call Test Case 'Test Cases/Mobile/Page/Login/Login' successfully

2021-12-22 15:09:40 - [TEST_CASE][PASSED] - Test Cases/Mobile/Page/Login/Login: Test Cases/Mobile/Page/Login/Login

2021-12-22 15:09:40 - [TEST_STEP][PASSED] - delay(2): Delayed 2 second(s)

2021-12-22 15:09:42 - [MESSAGE][PASSED] - Delayed 2 second(s)

2021-12-22 15:09:42 - [TEST_STEP][PASSED] - tap(findTestObject("Mobile/Page/Login/Input - UserID"), 0): Tapped on element 'Object Repository/Mobile/Page/Login/Input - UserID'

2021-12-22 15:09:42 - [MESSAGE][WARNING] - Timeout '0' is invalid. Using default page load timeout: '60'

2021-12-22 15:09:43 - [MESSAGE][PASSED] - Tapped on element 'Object Repository/Mobile/Page/Login/Input - UserID'

2021-12-22 15:09:43 - [TEST_STEP][PASSED] - delay(1): Delayed 1 second(s)

2021-12-22 15:09:44 - [MESSAGE][PASSED] - Delayed 1 second(s)

2021-12-22 15:09:44 - [TEST_STEP][PASSED] - setText(findTestObject("Mobile/Page/Login/Input Rdy - UserID"), "anggaaditya", 0): Text 'anggaaditya' has been set to element 'Object Repository/Mobile/Page/Login/Input Rdy - UserID'

2021-12-22 15:09:44 - [MESSAGE][WARNING] - Timeout '0' is invalid. Using default page load timeout: '60'

2021-12-22 15:09:44 - [MESSAGE][PASSED] - Text 'anggaaditya' has been set to element 'Object Repository/Mobile/Page/Login/Input Rdy - UserID'

2021-12-22 15:09:44 - [TEST_STEP][PASSED] - delay(1): Delayed 1 second(s)

2021-12-22 15:09:45 - [MESSAGE][PASSED] - Delayed 1 second(s)

2021-12-22 15:09:45 - [TEST_STEP][PASSED] - hideKeyboard(): Keyboard is hidden

2021-12-22 15:09:51 - [MESSAGE][PASSED] - Keyboard is hidden

2021-12-22 15:09:51 - [TEST_STEP][PASSED] - tap(findTestObject("Mobile/Page/Login/Input - Password"), 0): Tapped on element 'Object Repository/Mobile/Page/Login/Input - Password'

2021-12-22 15:09:51 - [MESSAGE][WARNING] - Timeout '0' is invalid. Using default page load timeout: '60'

2021-12-22 15:09:52 - [MESSAGE][PASSED] - Tapped on element 'Object Repository/Mobile/Page/Login/Input - Password'

2021-12-22 15:09:52 - [TEST_STEP][PASSED] - delay(1): Delayed 1 second(s)

2021-12-22 15:09:53 - [MESSAGE][PASSED] - Delayed 1 second(s)

2021-12-22 15:09:53 - [TEST_STEP][PASSED] - setText(findTestObject("Mobile/Page/Login/Input Rdy - Password"), "Shalawa18", 0): Text 'Shalawa18' has been set to element 'Object Repository/Mobile/Page/Login/Input Rdy - Password'

2021-12-22 15:09:53 - [MESSAGE][WARNING] - Timeout '0' is invalid. Using default page load timeout: '60'

2021-12-22 15:09:54 - [MESSAGE][PASSED] - Text 'Shalawa18' has been set to element 'Object Repository/Mobile/Page/Login/Input Rdy - Password'

2021-12-22 15:09:54 - [TEST_STEP][PASSED] - delay(1): Delayed 1 second(s)

2021-12-22 15:09:55 - [MESSAGE][PASSED] - Delayed 1 second(s)

2021-12-22 15:09:55 - [TEST_STEP][PASSED] - hideKeyboard(): Keyboard is hidden

2021-12-22 15:10:01 - [MESSAGE][PASSED] - Keyboard is hidden

2021-12-22 15:10:01 - [TEST_STEP][PASSED] - tap(findTestObject("Mobile/Page/Login/Button - Login"), 0): Tapped on element 'Object Repository/Mobile/Page/Login/Button - Login'

2021-12-22 15:10:01 - [MESSAGE][WARNING] - Timeout '0' is invalid. Using default page load timeout: '60'

2021-12-22 15:10:02 - [MESSAGE][PASSED] - Tapped on element 'Object Repository/Mobile/Page/Login/Button - Login'

2021-12-22 15:10:02 - [TEST_STEP][PASSED] - delay(2): Delayed 2 second(s)

2021-12-22 15:10:04 - [MESSAGE][PASSED] - Delayed 2 second(s)

2021-12-22 15:10:04 - [MESSAGE][PASSED] - Call Test Case 'Test Cases/Mobile/Page/Login/Login' successfully

2021-12-22 15:10:04 - [MESSAGE][PASSED] - Call Test Case 'Test Cases/Mobile/Page/CheckLogin' successfully

2021-12-22 15:10:04 - [TEST_STEP][PASSED] - tap(findTestObject("Mobile/Page/Home/Menubar - News"), 0): Tapped on element 'Object Repository/Mobile/Page/Home/Menubar - News'

2021-12-22 15:10:04 - [MESSAGE][WARNING] - Timeout '0' is invalid. Using default page load timeout: '60'

2021-12-22 15:10:05 - [MESSAGE][PASSED] - Tapped on element 'Object Repository/Mobile/Page/Home/Menubar - News'

2021-12-22 15:10:05 - [TEST_STEP][PASSED] - delay(1): Delayed 1 second(s)

2021-12-22 15:10:06 - [MESSAGE][PASSED] - Delayed 1 second(s)

2021-12-22 15:10:06 - [TEST_STEP][PASSED] - for ([i = 0, i < 1, (i++)]): Delayed 3 second(s)

2021-12-22 15:10:06 - [TEST_STEP][PASSED] - if (tab == "macronews"): null

2021-12-22 15:10:06 - [TEST_STEP][PASSED] - else if (tab == "stocknews"): null

2021-12-22 15:10:06 - [TEST_STEP][PASSED] - else if (tab == "fundnews"): Tapped on element 'Object Repository/Mobile/Page/News/Tab - Fund'

2021-12-22 15:10:06 - [TEST_STEP][PASSED] - tap(findTestObject("Object Repository/Mobile/Page/News/Tab - Fund"), 0): Tapped on element 'Object Repository/Mobile/Page/News/Tab - Fund'

2021-12-22 15:10:06 - [MESSAGE][WARNING] - Timeout '0' is invalid. Using default page load timeout: '60'

2021-12-22 15:10:06 - [MESSAGE][PASSED] - Tapped on element 'Object Repository/Mobile/Page/News/Tab - Fund'

2021-12-22 15:10:06 - [TEST_STEP][PASSED] - delay(1): Delayed 1 second(s)

2021-12-22 15:10:07 - [MESSAGE][PASSED] - Delayed 1 second(s)

2021-12-22 15:10:07 - [TEST_STEP][PASSED] - if (tab != "worldindices"): Delayed 3 second(s)

2021-12-22 15:10:07 - [TEST_STEP][PASSED] - try: Delayed 3 second(s)

2021-12-22 15:10:07 - [TEST_STEP][PASSED] - tapAndHold(findTestObject("Mobile/Page/News/Item - Top News"), 1, 10): Tapped and held on element 'Object Repository/Mobile/Page/News/Item - Top News' with duration 1

2021-12-22 15:10:10 - [MESSAGE][PASSED] - Tapped and held on element 'Object Repository/Mobile/Page/News/Item - Top News' with duration 1

2021-12-22 15:10:10 - [TEST_STEP][PASSED] - delay(1): Delayed 1 second(s)

2021-12-22 15:10:11 - [MESSAGE][PASSED] - Delayed 1 second(s)

2021-12-22 15:10:11 - [TEST_STEP][PASSED] - scroll.scroll.scrollScreenBottomToTop(): scroll.scroll.scrollScreenBottomToTop is PASSED

2021-12-22 15:10:12 - [MESSAGE][PASSED] - Current device physical height is 1423

2021-12-22 15:10:12 - [MESSAGE][PASSED] - Current device physical width is 720

2021-12-22 15:10:13 - [MESSAGE][PASSED] - Swiped from 360,1,138 to 360,284

2021-12-22 15:10:13 - [MESSAGE][PASSED] - scroll.scroll.scrollScreenBottomToTop is PASSED

2021-12-22 15:10:13 - [TEST_STEP][PASSED] - delay(3): Delayed 3 second(s)

2021-12-22 15:10:16 - [MESSAGE][PASSED] - Delayed 3 second(s)

2021-12-22 15:10:16 - [MESSAGE][PASSED] - Call Test Case 'Test Cases/Mobile/Page/News/News' successfully

2021-12-22 15:10:16 - [TEST_STEP][PASSED] - callTestCase(findTestCase("Mobile/Page/Run App/Terminate App"), [:], STOP_ON_FAILURE): Call Test Case 'Test Cases/Mobile/Page/Run App/Terminate App' successfully

2021-12-22 15:10:16 - [TEST_CASE][PASSED] - Test Cases/Mobile/Page/Run App/Terminate App: Test Cases/Mobile/Page/Run App/Terminate App

2021-12-22 15:10:16 - [TEST_STEP][PASSED] - startApp.OpenApp.terminateApplication(): startApp.OpenApp.terminateApplication is PASSED

2021-12-22 15:10:19 - [MESSAGE][PASSED] - Delayed 3 second(s)

2021-12-22 15:10:20 - [MESSAGE][PASSED] - Current device physical width is 720

2021-12-22 15:10:20 - [MESSAGE][PASSED] - Current device physical height is 1423

2021-12-22 15:10:21 - [MESSAGE][PASSED] - Swiped from 360,853 to 360,142

2021-12-22 15:10:22 - [MESSAGE][PASSED] - Delayed 1 second(s)

2021-12-22 15:10:23 - [MESSAGE][PASSED] - Swiped from 360,853 to 360,142

2021-12-22 15:10:26 - [MESSAGE][PASSED] - Delayed 3 second(s)

2021-12-22 15:10:26 - [MESSAGE][PASSED] - startApp.OpenApp.terminateApplication is PASSED

2021-12-22 15:10:26 - [MESSAGE][PASSED] - Call Test Case 'Test Cases/Mobile/Page/Run App/Terminate App' successfully]]></system-out>
         <system-err><![CDATA[]]></system-err>
      </testcase>
      <testcase name="Test Cases/Mobile/Scenario/News/004 - Bond News" time="62.82" classname="Test Cases/Mobile/Scenario/News/004 - Bond News" status="PASSED">
         <system-out><![CDATA[2021-12-22 15:10:26 - [TEST_CASE][PASSED] - Test Cases/Mobile/Scenario/News/004 - Bond News: Test Cases/Mobile/Scenario/News/004 - Bond News

2021-12-22 15:10:27 - [TEST_STEP][PASSED] - callTestCase(findTestCase("Mobile/Page/Run App/Run App byID"), [:], STOP_ON_FAILURE): Call Test Case 'Test Cases/Mobile/Page/Run App/Run App byID' successfully

2021-12-22 15:10:27 - [TEST_CASE][PASSED] - Test Cases/Mobile/Page/Run App/Run App byID: Test Cases/Mobile/Page/Run App/Run App byID

2021-12-22 15:10:27 - [TEST_STEP][PASSED] - startApp.OpenApp.startApplication("id.co.miraeasset.sageclub"): startApp.OpenApp.startApplication is PASSED

2021-12-22 15:10:40 - [MESSAGE][PASSED] - Starting app with application ID: 'id.co.miraeasset.sageclub'

2021-12-22 15:10:40 - [MESSAGE][PASSED] - startApp.OpenApp.startApplication is PASSED

2021-12-22 15:10:40 - [MESSAGE][PASSED] - Call Test Case 'Test Cases/Mobile/Page/Run App/Run App byID' successfully

2021-12-22 15:10:40 - [TEST_STEP][PASSED] - callTestCase(findTestCase("Mobile/Page/News/News"), ["tab":"bondnews"], CONTINUE_ON_FAILURE): Call Test Case 'Test Cases/Mobile/Page/News/News' successfully

2021-12-22 15:10:40 - [TEST_CASE][PASSED] - Test Cases/Mobile/Page/News/News: Test Cases/Mobile/Page/News/News

2021-12-22 15:10:40 - [TEST_STEP][PASSED] - callTestCase(findTestCase("Mobile/Page/CheckLogin"), [:], CONTINUE_ON_FAILURE): Call Test Case 'Test Cases/Mobile/Page/CheckLogin' successfully

2021-12-22 15:10:40 - [TEST_CASE][PASSED] - Test Cases/Mobile/Page/CheckLogin: Test Cases/Mobile/Page/CheckLogin

2021-12-22 15:10:40 - [TEST_STEP][PASSED] - loginCheck = verifyElementExist(findTestObject("Mobile/Page/Login/Button - Login"), 5, CONTINUE_ON_FAILURE): Element 'Object Repository/Mobile/Page/Login/Button - Login' is exist

2021-12-22 15:10:42 - [MESSAGE][PASSED] - Element 'Object Repository/Mobile/Page/Login/Button - Login' is exist

2021-12-22 15:10:42 - [TEST_STEP][PASSED] - if (loginCheck): Call Test Case 'Test Cases/Mobile/Page/Login/Login' successfully

2021-12-22 15:10:42 - [TEST_STEP][PASSED] - callTestCase(findTestCase("Mobile/Page/Login/Login"), [:], CONTINUE_ON_FAILURE): Call Test Case 'Test Cases/Mobile/Page/Login/Login' successfully

2021-12-22 15:10:42 - [TEST_CASE][PASSED] - Test Cases/Mobile/Page/Login/Login: Test Cases/Mobile/Page/Login/Login

2021-12-22 15:10:42 - [TEST_STEP][PASSED] - delay(2): Delayed 2 second(s)

2021-12-22 15:10:44 - [MESSAGE][PASSED] - Delayed 2 second(s)

2021-12-22 15:10:44 - [TEST_STEP][PASSED] - tap(findTestObject("Mobile/Page/Login/Input - UserID"), 0): Tapped on element 'Object Repository/Mobile/Page/Login/Input - UserID'

2021-12-22 15:10:44 - [MESSAGE][WARNING] - Timeout '0' is invalid. Using default page load timeout: '60'

2021-12-22 15:10:45 - [MESSAGE][PASSED] - Tapped on element 'Object Repository/Mobile/Page/Login/Input - UserID'

2021-12-22 15:10:45 - [TEST_STEP][PASSED] - delay(1): Delayed 1 second(s)

2021-12-22 15:10:46 - [MESSAGE][PASSED] - Delayed 1 second(s)

2021-12-22 15:10:46 - [TEST_STEP][PASSED] - setText(findTestObject("Mobile/Page/Login/Input Rdy - UserID"), "anggaaditya", 0): Text 'anggaaditya' has been set to element 'Object Repository/Mobile/Page/Login/Input Rdy - UserID'

2021-12-22 15:10:46 - [MESSAGE][WARNING] - Timeout '0' is invalid. Using default page load timeout: '60'

2021-12-22 15:10:47 - [MESSAGE][PASSED] - Text 'anggaaditya' has been set to element 'Object Repository/Mobile/Page/Login/Input Rdy - UserID'

2021-12-22 15:10:47 - [TEST_STEP][PASSED] - delay(1): Delayed 1 second(s)

2021-12-22 15:10:48 - [MESSAGE][PASSED] - Delayed 1 second(s)

2021-12-22 15:10:48 - [TEST_STEP][PASSED] - hideKeyboard(): Keyboard is hidden

2021-12-22 15:10:52 - [MESSAGE][PASSED] - Keyboard is hidden

2021-12-22 15:10:52 - [TEST_STEP][PASSED] - tap(findTestObject("Mobile/Page/Login/Input - Password"), 0): Tapped on element 'Object Repository/Mobile/Page/Login/Input - Password'

2021-12-22 15:10:52 - [MESSAGE][WARNING] - Timeout '0' is invalid. Using default page load timeout: '60'

2021-12-22 15:10:53 - [MESSAGE][PASSED] - Tapped on element 'Object Repository/Mobile/Page/Login/Input - Password'

2021-12-22 15:10:53 - [TEST_STEP][PASSED] - delay(1): Delayed 1 second(s)

2021-12-22 15:10:54 - [MESSAGE][PASSED] - Delayed 1 second(s)

2021-12-22 15:10:54 - [TEST_STEP][PASSED] - setText(findTestObject("Mobile/Page/Login/Input Rdy - Password"), "Shalawa18", 0): Text 'Shalawa18' has been set to element 'Object Repository/Mobile/Page/Login/Input Rdy - Password'

2021-12-22 15:10:54 - [MESSAGE][WARNING] - Timeout '0' is invalid. Using default page load timeout: '60'

2021-12-22 15:10:54 - [MESSAGE][PASSED] - Text 'Shalawa18' has been set to element 'Object Repository/Mobile/Page/Login/Input Rdy - Password'

2021-12-22 15:10:54 - [TEST_STEP][PASSED] - delay(1): Delayed 1 second(s)

2021-12-22 15:10:55 - [MESSAGE][PASSED] - Delayed 1 second(s)

2021-12-22 15:10:55 - [TEST_STEP][PASSED] - hideKeyboard(): Keyboard is hidden

2021-12-22 15:11:03 - [MESSAGE][PASSED] - Keyboard is hidden

2021-12-22 15:11:03 - [TEST_STEP][PASSED] - tap(findTestObject("Mobile/Page/Login/Button - Login"), 0): Tapped on element 'Object Repository/Mobile/Page/Login/Button - Login'

2021-12-22 15:11:03 - [MESSAGE][WARNING] - Timeout '0' is invalid. Using default page load timeout: '60'

2021-12-22 15:11:04 - [MESSAGE][PASSED] - Tapped on element 'Object Repository/Mobile/Page/Login/Button - Login'

2021-12-22 15:11:04 - [TEST_STEP][PASSED] - delay(2): Delayed 2 second(s)

2021-12-22 15:11:06 - [MESSAGE][PASSED] - Delayed 2 second(s)

2021-12-22 15:11:06 - [MESSAGE][PASSED] - Call Test Case 'Test Cases/Mobile/Page/Login/Login' successfully

2021-12-22 15:11:06 - [MESSAGE][PASSED] - Call Test Case 'Test Cases/Mobile/Page/CheckLogin' successfully

2021-12-22 15:11:06 - [TEST_STEP][PASSED] - tap(findTestObject("Mobile/Page/Home/Menubar - News"), 0): Tapped on element 'Object Repository/Mobile/Page/Home/Menubar - News'

2021-12-22 15:11:06 - [MESSAGE][WARNING] - Timeout '0' is invalid. Using default page load timeout: '60'

2021-12-22 15:11:07 - [MESSAGE][PASSED] - Tapped on element 'Object Repository/Mobile/Page/Home/Menubar - News'

2021-12-22 15:11:07 - [TEST_STEP][PASSED] - delay(1): Delayed 1 second(s)

2021-12-22 15:11:08 - [MESSAGE][PASSED] - Delayed 1 second(s)

2021-12-22 15:11:08 - [TEST_STEP][PASSED] - for ([i = 0, i < 1, (i++)]): Delayed 3 second(s)

2021-12-22 15:11:08 - [TEST_STEP][PASSED] - if (tab == "macronews"): null

2021-12-22 15:11:08 - [TEST_STEP][PASSED] - else if (tab == "stocknews"): null

2021-12-22 15:11:08 - [TEST_STEP][PASSED] - else if (tab == "fundnews"): null

2021-12-22 15:11:08 - [TEST_STEP][PASSED] - else if (tab == "bondnews"): Tapped on element 'Object Repository/Mobile/Page/News/Tab - Bond'

2021-12-22 15:11:08 - [TEST_STEP][PASSED] - tap(findTestObject("Object Repository/Mobile/Page/News/Tab - Bond"), 0): Tapped on element 'Object Repository/Mobile/Page/News/Tab - Bond'

2021-12-22 15:11:08 - [MESSAGE][WARNING] - Timeout '0' is invalid. Using default page load timeout: '60'

2021-12-22 15:11:09 - [MESSAGE][PASSED] - Tapped on element 'Object Repository/Mobile/Page/News/Tab - Bond'

2021-12-22 15:11:09 - [TEST_STEP][PASSED] - delay(1): Delayed 1 second(s)

2021-12-22 15:11:10 - [MESSAGE][PASSED] - Delayed 1 second(s)

2021-12-22 15:11:10 - [TEST_STEP][PASSED] - if (tab != "worldindices"): Delayed 3 second(s)

2021-12-22 15:11:10 - [TEST_STEP][PASSED] - try: Delayed 3 second(s)

2021-12-22 15:11:10 - [TEST_STEP][PASSED] - tapAndHold(findTestObject("Mobile/Page/News/Item - Top News"), 1, 10): Tapped and held on element 'Object Repository/Mobile/Page/News/Item - Top News' with duration 1

2021-12-22 15:11:13 - [MESSAGE][PASSED] - Tapped and held on element 'Object Repository/Mobile/Page/News/Item - Top News' with duration 1

2021-12-22 15:11:13 - [TEST_STEP][PASSED] - delay(1): Delayed 1 second(s)

2021-12-22 15:11:14 - [MESSAGE][PASSED] - Delayed 1 second(s)

2021-12-22 15:11:14 - [TEST_STEP][PASSED] - scroll.scroll.scrollScreenBottomToTop(): scroll.scroll.scrollScreenBottomToTop is PASSED

2021-12-22 15:11:15 - [MESSAGE][PASSED] - Current device physical height is 1423

2021-12-22 15:11:15 - [MESSAGE][PASSED] - Current device physical width is 720

2021-12-22 15:11:16 - [MESSAGE][PASSED] - Swiped from 360,1,138 to 360,284

2021-12-22 15:11:16 - [MESSAGE][PASSED] - scroll.scroll.scrollScreenBottomToTop is PASSED

2021-12-22 15:11:16 - [TEST_STEP][PASSED] - delay(3): Delayed 3 second(s)

2021-12-22 15:11:19 - [MESSAGE][PASSED] - Delayed 3 second(s)

2021-12-22 15:11:19 - [MESSAGE][PASSED] - Call Test Case 'Test Cases/Mobile/Page/News/News' successfully

2021-12-22 15:11:19 - [TEST_STEP][PASSED] - callTestCase(findTestCase("Mobile/Page/Run App/Terminate App"), [:], STOP_ON_FAILURE): Call Test Case 'Test Cases/Mobile/Page/Run App/Terminate App' successfully

2021-12-22 15:11:19 - [TEST_CASE][PASSED] - Test Cases/Mobile/Page/Run App/Terminate App: Test Cases/Mobile/Page/Run App/Terminate App

2021-12-22 15:11:19 - [TEST_STEP][PASSED] - startApp.OpenApp.terminateApplication(): startApp.OpenApp.terminateApplication is PASSED

2021-12-22 15:11:22 - [MESSAGE][PASSED] - Delayed 3 second(s)

2021-12-22 15:11:22 - [MESSAGE][PASSED] - Current device physical width is 720

2021-12-22 15:11:23 - [MESSAGE][PASSED] - Current device physical height is 1423

2021-12-22 15:11:24 - [MESSAGE][PASSED] - Swiped from 360,853 to 360,142

2021-12-22 15:11:25 - [MESSAGE][PASSED] - Delayed 1 second(s)

2021-12-22 15:11:26 - [MESSAGE][PASSED] - Swiped from 360,853 to 360,142

2021-12-22 15:11:29 - [MESSAGE][PASSED] - Delayed 3 second(s)

2021-12-22 15:11:29 - [MESSAGE][PASSED] - startApp.OpenApp.terminateApplication is PASSED

2021-12-22 15:11:29 - [MESSAGE][PASSED] - Call Test Case 'Test Cases/Mobile/Page/Run App/Terminate App' successfully]]></system-out>
         <system-err><![CDATA[]]></system-err>
      </testcase>
      <testcase name="Test Cases/Mobile/Scenario/News/005 - Macro News" time="62.063" classname="Test Cases/Mobile/Scenario/News/005 - Macro News" status="PASSED">
         <system-out><![CDATA[2021-12-22 15:11:29 - [TEST_CASE][PASSED] - Test Cases/Mobile/Scenario/News/005 - Macro News: Test Cases/Mobile/Scenario/News/005 - Macro News

2021-12-22 15:11:29 - [TEST_STEP][PASSED] - callTestCase(findTestCase("Mobile/Page/Run App/Run App byID"), [:], STOP_ON_FAILURE): Call Test Case 'Test Cases/Mobile/Page/Run App/Run App byID' successfully

2021-12-22 15:11:30 - [TEST_CASE][PASSED] - Test Cases/Mobile/Page/Run App/Run App byID: Test Cases/Mobile/Page/Run App/Run App byID

2021-12-22 15:11:30 - [TEST_STEP][PASSED] - startApp.OpenApp.startApplication("id.co.miraeasset.sageclub"): startApp.OpenApp.startApplication is PASSED

2021-12-22 15:11:43 - [MESSAGE][PASSED] - Starting app with application ID: 'id.co.miraeasset.sageclub'

2021-12-22 15:11:43 - [MESSAGE][PASSED] - startApp.OpenApp.startApplication is PASSED

2021-12-22 15:11:43 - [MESSAGE][PASSED] - Call Test Case 'Test Cases/Mobile/Page/Run App/Run App byID' successfully

2021-12-22 15:11:43 - [TEST_STEP][PASSED] - callTestCase(findTestCase("Mobile/Page/News/News"), ["tab":"macronews"], CONTINUE_ON_FAILURE): Call Test Case 'Test Cases/Mobile/Page/News/News' successfully

2021-12-22 15:11:43 - [TEST_CASE][PASSED] - Test Cases/Mobile/Page/News/News: Test Cases/Mobile/Page/News/News

2021-12-22 15:11:43 - [TEST_STEP][PASSED] - callTestCase(findTestCase("Mobile/Page/CheckLogin"), [:], CONTINUE_ON_FAILURE): Call Test Case 'Test Cases/Mobile/Page/CheckLogin' successfully

2021-12-22 15:11:43 - [TEST_CASE][PASSED] - Test Cases/Mobile/Page/CheckLogin: Test Cases/Mobile/Page/CheckLogin

2021-12-22 15:11:43 - [TEST_STEP][PASSED] - loginCheck = verifyElementExist(findTestObject("Mobile/Page/Login/Button - Login"), 5, CONTINUE_ON_FAILURE): Element 'Object Repository/Mobile/Page/Login/Button - Login' is exist

2021-12-22 15:11:45 - [MESSAGE][PASSED] - Element 'Object Repository/Mobile/Page/Login/Button - Login' is exist

2021-12-22 15:11:45 - [TEST_STEP][PASSED] - if (loginCheck): Call Test Case 'Test Cases/Mobile/Page/Login/Login' successfully

2021-12-22 15:11:45 - [TEST_STEP][PASSED] - callTestCase(findTestCase("Mobile/Page/Login/Login"), [:], CONTINUE_ON_FAILURE): Call Test Case 'Test Cases/Mobile/Page/Login/Login' successfully

2021-12-22 15:11:45 - [TEST_CASE][PASSED] - Test Cases/Mobile/Page/Login/Login: Test Cases/Mobile/Page/Login/Login

2021-12-22 15:11:45 - [TEST_STEP][PASSED] - delay(2): Delayed 2 second(s)

2021-12-22 15:11:47 - [MESSAGE][PASSED] - Delayed 2 second(s)

2021-12-22 15:11:47 - [TEST_STEP][PASSED] - tap(findTestObject("Mobile/Page/Login/Input - UserID"), 0): Tapped on element 'Object Repository/Mobile/Page/Login/Input - UserID'

2021-12-22 15:11:47 - [MESSAGE][WARNING] - Timeout '0' is invalid. Using default page load timeout: '60'

2021-12-22 15:11:48 - [MESSAGE][PASSED] - Tapped on element 'Object Repository/Mobile/Page/Login/Input - UserID'

2021-12-22 15:11:48 - [TEST_STEP][PASSED] - delay(1): Delayed 1 second(s)

2021-12-22 15:11:49 - [MESSAGE][PASSED] - Delayed 1 second(s)

2021-12-22 15:11:49 - [TEST_STEP][PASSED] - setText(findTestObject("Mobile/Page/Login/Input Rdy - UserID"), "anggaaditya", 0): Text 'anggaaditya' has been set to element 'Object Repository/Mobile/Page/Login/Input Rdy - UserID'

2021-12-22 15:11:49 - [MESSAGE][WARNING] - Timeout '0' is invalid. Using default page load timeout: '60'

2021-12-22 15:11:50 - [MESSAGE][PASSED] - Text 'anggaaditya' has been set to element 'Object Repository/Mobile/Page/Login/Input Rdy - UserID'

2021-12-22 15:11:50 - [TEST_STEP][PASSED] - delay(1): Delayed 1 second(s)

2021-12-22 15:11:51 - [MESSAGE][PASSED] - Delayed 1 second(s)

2021-12-22 15:11:51 - [TEST_STEP][PASSED] - hideKeyboard(): Keyboard is hidden

2021-12-22 15:11:56 - [MESSAGE][PASSED] - Keyboard is hidden

2021-12-22 15:11:56 - [TEST_STEP][PASSED] - tap(findTestObject("Mobile/Page/Login/Input - Password"), 0): Tapped on element 'Object Repository/Mobile/Page/Login/Input - Password'

2021-12-22 15:11:56 - [MESSAGE][WARNING] - Timeout '0' is invalid. Using default page load timeout: '60'

2021-12-22 15:11:56 - [MESSAGE][PASSED] - Tapped on element 'Object Repository/Mobile/Page/Login/Input - Password'

2021-12-22 15:11:56 - [TEST_STEP][PASSED] - delay(1): Delayed 1 second(s)

2021-12-22 15:11:57 - [MESSAGE][PASSED] - Delayed 1 second(s)

2021-12-22 15:11:57 - [TEST_STEP][PASSED] - setText(findTestObject("Mobile/Page/Login/Input Rdy - Password"), "Shalawa18", 0): Text 'Shalawa18' has been set to element 'Object Repository/Mobile/Page/Login/Input Rdy - Password'

2021-12-22 15:11:57 - [MESSAGE][WARNING] - Timeout '0' is invalid. Using default page load timeout: '60'

2021-12-22 15:11:58 - [MESSAGE][PASSED] - Text 'Shalawa18' has been set to element 'Object Repository/Mobile/Page/Login/Input Rdy - Password'

2021-12-22 15:11:58 - [TEST_STEP][PASSED] - delay(1): Delayed 1 second(s)

2021-12-22 15:11:59 - [MESSAGE][PASSED] - Delayed 1 second(s)

2021-12-22 15:11:59 - [TEST_STEP][PASSED] - hideKeyboard(): Keyboard is hidden

2021-12-22 15:12:05 - [MESSAGE][PASSED] - Keyboard is hidden

2021-12-22 15:12:05 - [TEST_STEP][PASSED] - tap(findTestObject("Mobile/Page/Login/Button - Login"), 0): Tapped on element 'Object Repository/Mobile/Page/Login/Button - Login'

2021-12-22 15:12:05 - [MESSAGE][WARNING] - Timeout '0' is invalid. Using default page load timeout: '60'

2021-12-22 15:12:06 - [MESSAGE][PASSED] - Tapped on element 'Object Repository/Mobile/Page/Login/Button - Login'

2021-12-22 15:12:06 - [TEST_STEP][PASSED] - delay(2): Delayed 2 second(s)

2021-12-22 15:12:08 - [MESSAGE][PASSED] - Delayed 2 second(s)

2021-12-22 15:12:08 - [MESSAGE][PASSED] - Call Test Case 'Test Cases/Mobile/Page/Login/Login' successfully

2021-12-22 15:12:08 - [MESSAGE][PASSED] - Call Test Case 'Test Cases/Mobile/Page/CheckLogin' successfully

2021-12-22 15:12:08 - [TEST_STEP][PASSED] - tap(findTestObject("Mobile/Page/Home/Menubar - News"), 0): Tapped on element 'Object Repository/Mobile/Page/Home/Menubar - News'

2021-12-22 15:12:08 - [MESSAGE][WARNING] - Timeout '0' is invalid. Using default page load timeout: '60'

2021-12-22 15:12:09 - [MESSAGE][PASSED] - Tapped on element 'Object Repository/Mobile/Page/Home/Menubar - News'

2021-12-22 15:12:09 - [TEST_STEP][PASSED] - delay(1): Delayed 1 second(s)

2021-12-22 15:12:10 - [MESSAGE][PASSED] - Delayed 1 second(s)

2021-12-22 15:12:10 - [TEST_STEP][PASSED] - for ([i = 0, i < 1, (i++)]): Delayed 3 second(s)

2021-12-22 15:12:10 - [TEST_STEP][PASSED] - if (tab == "macronews"): Tapped on element 'Object Repository/Mobile/Page/News/Tab - Macro'

2021-12-22 15:12:10 - [TEST_STEP][PASSED] - tap(findTestObject("Object Repository/Mobile/Page/News/Tab - Macro"), 0): Tapped on element 'Object Repository/Mobile/Page/News/Tab - Macro'

2021-12-22 15:12:10 - [MESSAGE][WARNING] - Timeout '0' is invalid. Using default page load timeout: '60'

2021-12-22 15:12:11 - [MESSAGE][PASSED] - Tapped on element 'Object Repository/Mobile/Page/News/Tab - Macro'

2021-12-22 15:12:11 - [TEST_STEP][PASSED] - delay(1): Delayed 1 second(s)

2021-12-22 15:12:12 - [MESSAGE][PASSED] - Delayed 1 second(s)

2021-12-22 15:12:12 - [TEST_STEP][PASSED] - if (tab != "worldindices"): Delayed 3 second(s)

2021-12-22 15:12:12 - [TEST_STEP][PASSED] - try: Delayed 3 second(s)

2021-12-22 15:12:12 - [TEST_STEP][PASSED] - tapAndHold(findTestObject("Mobile/Page/News/Item - Top News"), 1, 10): Tapped and held on element 'Object Repository/Mobile/Page/News/Item - Top News' with duration 1

2021-12-22 15:12:15 - [MESSAGE][PASSED] - Tapped and held on element 'Object Repository/Mobile/Page/News/Item - Top News' with duration 1

2021-12-22 15:12:15 - [TEST_STEP][PASSED] - delay(1): Delayed 1 second(s)

2021-12-22 15:12:16 - [MESSAGE][PASSED] - Delayed 1 second(s)

2021-12-22 15:12:16 - [TEST_STEP][PASSED] - scroll.scroll.scrollScreenBottomToTop(): scroll.scroll.scrollScreenBottomToTop is PASSED

2021-12-22 15:12:17 - [MESSAGE][PASSED] - Current device physical height is 1423

2021-12-22 15:12:17 - [MESSAGE][PASSED] - Current device physical width is 720

2021-12-22 15:12:18 - [MESSAGE][PASSED] - Swiped from 360,1,138 to 360,284

2021-12-22 15:12:18 - [MESSAGE][PASSED] - scroll.scroll.scrollScreenBottomToTop is PASSED

2021-12-22 15:12:18 - [TEST_STEP][PASSED] - delay(3): Delayed 3 second(s)

2021-12-22 15:12:21 - [MESSAGE][PASSED] - Delayed 3 second(s)

2021-12-22 15:12:21 - [MESSAGE][PASSED] - Call Test Case 'Test Cases/Mobile/Page/News/News' successfully

2021-12-22 15:12:21 - [TEST_STEP][PASSED] - callTestCase(findTestCase("Mobile/Page/Run App/Terminate App"), [:], STOP_ON_FAILURE): Call Test Case 'Test Cases/Mobile/Page/Run App/Terminate App' successfully

2021-12-22 15:12:21 - [TEST_CASE][PASSED] - Test Cases/Mobile/Page/Run App/Terminate App: Test Cases/Mobile/Page/Run App/Terminate App

2021-12-22 15:12:21 - [TEST_STEP][PASSED] - startApp.OpenApp.terminateApplication(): startApp.OpenApp.terminateApplication is PASSED

2021-12-22 15:12:24 - [MESSAGE][PASSED] - Delayed 3 second(s)

2021-12-22 15:12:24 - [MESSAGE][PASSED] - Current device physical width is 720

2021-12-22 15:12:25 - [MESSAGE][PASSED] - Current device physical height is 1423

2021-12-22 15:12:26 - [MESSAGE][PASSED] - Swiped from 360,853 to 360,142

2021-12-22 15:12:27 - [MESSAGE][PASSED] - Delayed 1 second(s)

2021-12-22 15:12:28 - [MESSAGE][PASSED] - Swiped from 360,853 to 360,142

2021-12-22 15:12:31 - [MESSAGE][PASSED] - Delayed 3 second(s)

2021-12-22 15:12:31 - [MESSAGE][PASSED] - startApp.OpenApp.terminateApplication is PASSED

2021-12-22 15:12:31 - [MESSAGE][PASSED] - Call Test Case 'Test Cases/Mobile/Page/Run App/Terminate App' successfully]]></system-out>
         <system-err><![CDATA[]]></system-err>
      </testcase>
      <system-out><![CDATA[2021-12-22 15:07:01 - [TEST_SUITE][PASSED] - news: Test Cases/Mobile/Scenario/News/005 - Macro News]]></system-out>
      <system-err><![CDATA[]]></system-err>
   </testsuite>
</testsuites>
