<?xml version="1.0" encoding="UTF-8"?>
<testsuites name="portfolio" time="513.14" tests="8" failures="0" skips="0" errors="0">
   <testsuite name="portfolio" tests="8" failures="0" errors="0" time="513.14" skips="0" timestamp="2021-12-06 08:37:53" hostname="Owner - aldy-tft" id="Test Suites/portfolio">
      <properties>
         <property name="deviceName" value="samsung SM-A205F (Android 11)"/>
         <property name="devicePlatform" value=""/>
         <property name="logFolder" value="C:\\Users\\Owner\\Documents\\kerjaan\\KatalonProject\\qa-katalon-maxfund2\\Reports\\20211206_083746\\portfolio\\20211206_083746"/>
         <property name="logFiles" value="C:\\Users\\Owner\\Documents\\kerjaan\\KatalonProject\\qa-katalon-maxfund2\\Reports\\20211206_083746\\portfolio\\20211206_083746\\appium.log, C:\\Users\\Owner\\Documents\\kerjaan\\KatalonProject\\qa-katalon-maxfund2\\Reports\\20211206_083746\\portfolio\\20211206_083746\\execution0.log"/>
         <property name="attachments" value=""/>
         <property name="hostName" value="Owner - aldy-tft"/>
         <property name="os" value="Windows 10 64bit"/>
         <property name="appiumServerStatus" value="{&quot;value&quot;:{&quot;build&quot;:{&quot;version&quot;:&quot;1.22.0&quot;}},&quot;sessionId&quot;:null,&quot;status&quot;:0}"/>
         <property name="katalonVersion" value="7.9.1.208"/>
         <property name="deviceOS" value="Android"/>
         <property name="appiumVersion" value="1.22.0"/>
         <property name="deviceModel" value="SM-A205F"/>
         <property name="hostAddress" value="10.0.30.38"/>
         <property name="deviceManufacturer" value="samsung"/>
         <property name="deviceId" value="RR8M40C9AXE"/>
         <property name="deviceName" value="samsung SM-A205F (Android 11)"/>
         <property name="deviceOSVersion" value="11"/>
      </properties>
      <testcase name="Test Cases/Mobile/Scenario/Portfolio/001 - Summary" time="58.255" classname="Test Cases/Mobile/Scenario/Portfolio/001 - Summary" status="PASSED">
         <system-out><![CDATA[2021-12-06 08:37:53 - [TEST_CASE][PASSED] - Test Cases/Mobile/Scenario/Portfolio/001 - Summary: Test Cases/Mobile/Scenario/Portfolio/001 - Summary

2021-12-06 08:37:54 - [TEST_STEP][PASSED] - callTestCase(findTestCase("Mobile/Page/Run App/Run App byID"), [:], STOP_ON_FAILURE): Call Test Case 'Test Cases/Mobile/Page/Run App/Run App byID' successfully

2021-12-06 08:37:54 - [TEST_CASE][PASSED] - Test Cases/Mobile/Page/Run App/Run App byID: Test Cases/Mobile/Page/Run App/Run App byID

2021-12-06 08:37:54 - [TEST_STEP][PASSED] - startApp.OpenApp.startApplication("id.co.miraeasset.sageclub"): startApp.OpenApp.startApplication is PASSED

2021-12-06 08:37:56 - [MESSAGE][INFO] - Appium server started on port 56,735

2021-12-06 08:38:10 - [MESSAGE][PASSED] - Starting app with application ID: 'id.co.miraeasset.sageclub'

2021-12-06 08:38:10 - [MESSAGE][PASSED] - startApp.OpenApp.startApplication is PASSED

2021-12-06 08:38:10 - [MESSAGE][PASSED] - Call Test Case 'Test Cases/Mobile/Page/Run App/Run App byID' successfully

2021-12-06 08:38:10 - [TEST_STEP][PASSED] - callTestCase(findTestCase("Mobile/Page/Portfolio/Portfolio"), ["tab":"summary", "action":"summary"], CONTINUE_ON_FAILURE): Call Test Case 'Test Cases/Mobile/Page/Portfolio/Portfolio' successfully

2021-12-06 08:38:10 - [TEST_CASE][PASSED] - Test Cases/Mobile/Page/Portfolio/Portfolio: Test Cases/Mobile/Page/Portfolio/Portfolio

2021-12-06 08:38:11 - [TEST_STEP][PASSED] - loginCheck = verifyElementExist(findTestObject("Object Repository/Mobile/Page/Login/Button - Login"), 2, CONTINUE_ON_FAILURE): Element 'Object Repository/Mobile/Page/Login/Button - Login' is exist

2021-12-06 08:38:12 - [MESSAGE][PASSED] - Element 'Object Repository/Mobile/Page/Login/Button - Login' is exist

2021-12-06 08:38:12 - [TEST_STEP][PASSED] - if (loginCheck): Call Test Case 'Test Cases/Mobile/Page/Login/Login' successfully

2021-12-06 08:38:12 - [TEST_STEP][PASSED] - callTestCase(findTestCase("Mobile/Page/Login/Login"), [:], CONTINUE_ON_FAILURE): Call Test Case 'Test Cases/Mobile/Page/Login/Login' successfully

2021-12-06 08:38:12 - [TEST_CASE][PASSED] - Test Cases/Mobile/Page/Login/Login: Test Cases/Mobile/Page/Login/Login

2021-12-06 08:38:13 - [TEST_STEP][PASSED] - delay(2): Delayed 2 second(s)

2021-12-06 08:38:15 - [MESSAGE][PASSED] - Delayed 2 second(s)

2021-12-06 08:38:15 - [TEST_STEP][PASSED] - tap(findTestObject("Object Repository/Mobile/Page/Login/Input - UserID"), 0): Tapped on element 'Object Repository/Mobile/Page/Login/Input - UserID'

2021-12-06 08:38:15 - [MESSAGE][WARNING] - Timeout '0' is invalid. Using default page load timeout: '60'

2021-12-06 08:38:15 - [MESSAGE][PASSED] - Tapped on element 'Object Repository/Mobile/Page/Login/Input - UserID'

2021-12-06 08:38:15 - [TEST_STEP][PASSED] - delay(1): Delayed 1 second(s)

2021-12-06 08:38:16 - [MESSAGE][PASSED] - Delayed 1 second(s)

2021-12-06 08:38:16 - [TEST_STEP][PASSED] - setText(findTestObject("Object Repository/Mobile/Page/Login/Input Rdy - UserID"), "anggaaditya", 0): Text 'anggaaditya' has been set to element 'Object Repository/Mobile/Page/Login/Input Rdy - UserID'

2021-12-06 08:38:16 - [MESSAGE][WARNING] - Timeout '0' is invalid. Using default page load timeout: '60'

2021-12-06 08:38:17 - [MESSAGE][PASSED] - Text 'anggaaditya' has been set to element 'Object Repository/Mobile/Page/Login/Input Rdy - UserID'

2021-12-06 08:38:17 - [TEST_STEP][PASSED] - delay(1): Delayed 1 second(s)

2021-12-06 08:38:18 - [MESSAGE][PASSED] - Delayed 1 second(s)

2021-12-06 08:38:18 - [TEST_STEP][PASSED] - hideKeyboard(): Keyboard is hidden

2021-12-06 08:38:24 - [MESSAGE][PASSED] - Keyboard is hidden

2021-12-06 08:38:24 - [TEST_STEP][PASSED] - tap(findTestObject("Object Repository/Mobile/Page/Login/Input - Password"), 0): Tapped on element 'Object Repository/Mobile/Page/Login/Input - Password'

2021-12-06 08:38:24 - [MESSAGE][WARNING] - Timeout '0' is invalid. Using default page load timeout: '60'

2021-12-06 08:38:24 - [MESSAGE][PASSED] - Tapped on element 'Object Repository/Mobile/Page/Login/Input - Password'

2021-12-06 08:38:24 - [TEST_STEP][PASSED] - delay(1): Delayed 1 second(s)

2021-12-06 08:38:25 - [MESSAGE][PASSED] - Delayed 1 second(s)

2021-12-06 08:38:25 - [TEST_STEP][PASSED] - setText(findTestObject("Object Repository/Mobile/Page/Login/Input Rdy - Password"), "Shalawa18", 0): Text 'Shalawa18' has been set to element 'Object Repository/Mobile/Page/Login/Input Rdy - Password'

2021-12-06 08:38:25 - [MESSAGE][WARNING] - Timeout '0' is invalid. Using default page load timeout: '60'

2021-12-06 08:38:26 - [MESSAGE][PASSED] - Text 'Shalawa18' has been set to element 'Object Repository/Mobile/Page/Login/Input Rdy - Password'

2021-12-06 08:38:26 - [TEST_STEP][PASSED] - delay(1): Delayed 1 second(s)

2021-12-06 08:38:27 - [MESSAGE][PASSED] - Delayed 1 second(s)

2021-12-06 08:38:27 - [TEST_STEP][PASSED] - hideKeyboard(): Keyboard is hidden

2021-12-06 08:38:33 - [MESSAGE][PASSED] - Keyboard is hidden

2021-12-06 08:38:33 - [TEST_STEP][PASSED] - tap(findTestObject("Object Repository/Mobile/Page/Login/Button - Login"), 0): Tapped on element 'Object Repository/Mobile/Page/Login/Button - Login'

2021-12-06 08:38:33 - [MESSAGE][WARNING] - Timeout '0' is invalid. Using default page load timeout: '60'

2021-12-06 08:38:34 - [MESSAGE][PASSED] - Tapped on element 'Object Repository/Mobile/Page/Login/Button - Login'

2021-12-06 08:38:34 - [TEST_STEP][PASSED] - delay(2): Delayed 2 second(s)

2021-12-06 08:38:36 - [MESSAGE][PASSED] - Delayed 2 second(s)

2021-12-06 08:38:36 - [MESSAGE][PASSED] - Call Test Case 'Test Cases/Mobile/Page/Login/Login' successfully

2021-12-06 08:38:36 - [TEST_STEP][PASSED] - tap(findTestObject("Object Repository/Mobile/Page/Home/Menubar - Portfolio"), 0): Tapped on element 'Object Repository/Mobile/Page/Home/Menubar - Portfolio'

2021-12-06 08:38:36 - [MESSAGE][WARNING] - Timeout '0' is invalid. Using default page load timeout: '60'

2021-12-06 08:38:37 - [MESSAGE][PASSED] - Tapped on element 'Object Repository/Mobile/Page/Home/Menubar - Portfolio'

2021-12-06 08:38:37 - [TEST_STEP][PASSED] - delay(1): Delayed 1 second(s)

2021-12-06 08:38:38 - [MESSAGE][PASSED] - Delayed 1 second(s)

2021-12-06 08:38:38 - [TEST_STEP][PASSED] - for ([i = 0, i < 1, (i++)]): Delayed 3 second(s)

2021-12-06 08:38:38 - [TEST_STEP][PASSED] - if (tab == "summary"): Delayed 3 second(s)

2021-12-06 08:38:38 - [TEST_STEP][PASSED] - if (action == "summary"): Delayed 3 second(s)

2021-12-06 08:38:38 - [TEST_STEP][PASSED] - delay(3): Delayed 3 second(s)

2021-12-06 08:38:41 - [MESSAGE][PASSED] - Delayed 3 second(s)

2021-12-06 08:38:41 - [MESSAGE][PASSED] - Call Test Case 'Test Cases/Mobile/Page/Portfolio/Portfolio' successfully

2021-12-06 08:38:41 - [TEST_STEP][PASSED] - callTestCase(findTestCase("Mobile/Page/Run App/Terminate App"), [:], STOP_ON_FAILURE): Call Test Case 'Test Cases/Mobile/Page/Run App/Terminate App' successfully

2021-12-06 08:38:41 - [TEST_CASE][PASSED] - Test Cases/Mobile/Page/Run App/Terminate App: Test Cases/Mobile/Page/Run App/Terminate App

2021-12-06 08:38:41 - [TEST_STEP][PASSED] - startApp.OpenApp.terminateApplication(): startApp.OpenApp.terminateApplication is PASSED

2021-12-06 08:38:45 - [MESSAGE][PASSED] - Delayed 3 second(s)

2021-12-06 08:38:45 - [MESSAGE][PASSED] - Current device physical width is 720

2021-12-06 08:38:45 - [MESSAGE][PASSED] - Current device physical height is 1423

2021-12-06 08:38:46 - [MESSAGE][PASSED] - Swiped from 360,853 to 360,142

2021-12-06 08:38:47 - [MESSAGE][PASSED] - Delayed 1 second(s)

2021-12-06 08:38:49 - [MESSAGE][PASSED] - Swiped from 360,853 to 360,142

2021-12-06 08:38:52 - [MESSAGE][PASSED] - Delayed 3 second(s)

2021-12-06 08:38:52 - [MESSAGE][PASSED] - startApp.OpenApp.terminateApplication is PASSED

2021-12-06 08:38:52 - [MESSAGE][PASSED] - Call Test Case 'Test Cases/Mobile/Page/Run App/Terminate App' successfully]]></system-out>
         <system-err><![CDATA[]]></system-err>
      </testcase>
      <testcase name="Test Cases/Mobile/Scenario/Portfolio/002 - Portfolio Performance Daily" time="60.273" classname="Test Cases/Mobile/Scenario/Portfolio/002 - Portfolio Performance Daily" status="PASSED">
         <system-out><![CDATA[2021-12-06 08:38:52 - [TEST_CASE][PASSED] - Test Cases/Mobile/Scenario/Portfolio/002 - Portfolio Performance Daily: Test Cases/Mobile/Scenario/Portfolio/002 - Portfolio Performance Daily

2021-12-06 08:38:52 - [TEST_STEP][PASSED] - callTestCase(findTestCase("Mobile/Page/Run App/Run App byID"), [:], STOP_ON_FAILURE): Call Test Case 'Test Cases/Mobile/Page/Run App/Run App byID' successfully

2021-12-06 08:38:52 - [TEST_CASE][PASSED] - Test Cases/Mobile/Page/Run App/Run App byID: Test Cases/Mobile/Page/Run App/Run App byID

2021-12-06 08:38:52 - [TEST_STEP][PASSED] - startApp.OpenApp.startApplication("id.co.miraeasset.sageclub"): startApp.OpenApp.startApplication is PASSED

2021-12-06 08:39:05 - [MESSAGE][PASSED] - Starting app with application ID: 'id.co.miraeasset.sageclub'

2021-12-06 08:39:05 - [MESSAGE][PASSED] - startApp.OpenApp.startApplication is PASSED

2021-12-06 08:39:05 - [MESSAGE][PASSED] - Call Test Case 'Test Cases/Mobile/Page/Run App/Run App byID' successfully

2021-12-06 08:39:05 - [TEST_STEP][PASSED] - callTestCase(findTestCase("Mobile/Page/Portfolio/Portfolio"), ["tab":"summary", "action":"perf_daily"], CONTINUE_ON_FAILURE): Call Test Case 'Test Cases/Mobile/Page/Portfolio/Portfolio' successfully

2021-12-06 08:39:05 - [TEST_CASE][PASSED] - Test Cases/Mobile/Page/Portfolio/Portfolio: Test Cases/Mobile/Page/Portfolio/Portfolio

2021-12-06 08:39:05 - [TEST_STEP][PASSED] - loginCheck = verifyElementExist(findTestObject("Object Repository/Mobile/Page/Login/Button - Login"), 2, CONTINUE_ON_FAILURE): Element 'Object Repository/Mobile/Page/Login/Button - Login' is exist

2021-12-06 08:39:07 - [MESSAGE][PASSED] - Element 'Object Repository/Mobile/Page/Login/Button - Login' is exist

2021-12-06 08:39:07 - [TEST_STEP][PASSED] - if (loginCheck): Call Test Case 'Test Cases/Mobile/Page/Login/Login' successfully

2021-12-06 08:39:07 - [TEST_STEP][PASSED] - callTestCase(findTestCase("Mobile/Page/Login/Login"), [:], CONTINUE_ON_FAILURE): Call Test Case 'Test Cases/Mobile/Page/Login/Login' successfully

2021-12-06 08:39:07 - [TEST_CASE][PASSED] - Test Cases/Mobile/Page/Login/Login: Test Cases/Mobile/Page/Login/Login

2021-12-06 08:39:07 - [TEST_STEP][PASSED] - delay(2): Delayed 2 second(s)

2021-12-06 08:39:09 - [MESSAGE][PASSED] - Delayed 2 second(s)

2021-12-06 08:39:09 - [TEST_STEP][PASSED] - tap(findTestObject("Object Repository/Mobile/Page/Login/Input - UserID"), 0): Tapped on element 'Object Repository/Mobile/Page/Login/Input - UserID'

2021-12-06 08:39:09 - [MESSAGE][WARNING] - Timeout '0' is invalid. Using default page load timeout: '60'

2021-12-06 08:39:10 - [MESSAGE][PASSED] - Tapped on element 'Object Repository/Mobile/Page/Login/Input - UserID'

2021-12-06 08:39:10 - [TEST_STEP][PASSED] - delay(1): Delayed 1 second(s)

2021-12-06 08:39:11 - [MESSAGE][PASSED] - Delayed 1 second(s)

2021-12-06 08:39:11 - [TEST_STEP][PASSED] - setText(findTestObject("Object Repository/Mobile/Page/Login/Input Rdy - UserID"), "anggaaditya", 0): Text 'anggaaditya' has been set to element 'Object Repository/Mobile/Page/Login/Input Rdy - UserID'

2021-12-06 08:39:11 - [MESSAGE][WARNING] - Timeout '0' is invalid. Using default page load timeout: '60'

2021-12-06 08:39:12 - [MESSAGE][PASSED] - Text 'anggaaditya' has been set to element 'Object Repository/Mobile/Page/Login/Input Rdy - UserID'

2021-12-06 08:39:12 - [TEST_STEP][PASSED] - delay(1): Delayed 1 second(s)

2021-12-06 08:39:13 - [MESSAGE][PASSED] - Delayed 1 second(s)

2021-12-06 08:39:13 - [TEST_STEP][PASSED] - hideKeyboard(): Keyboard is hidden

2021-12-06 08:39:16 - [MESSAGE][PASSED] - Keyboard is hidden

2021-12-06 08:39:16 - [TEST_STEP][PASSED] - tap(findTestObject("Object Repository/Mobile/Page/Login/Input - Password"), 0): Tapped on element 'Object Repository/Mobile/Page/Login/Input - Password'

2021-12-06 08:39:16 - [MESSAGE][WARNING] - Timeout '0' is invalid. Using default page load timeout: '60'

2021-12-06 08:39:17 - [MESSAGE][PASSED] - Tapped on element 'Object Repository/Mobile/Page/Login/Input - Password'

2021-12-06 08:39:17 - [TEST_STEP][PASSED] - delay(1): Delayed 1 second(s)

2021-12-06 08:39:18 - [MESSAGE][PASSED] - Delayed 1 second(s)

2021-12-06 08:39:18 - [TEST_STEP][PASSED] - setText(findTestObject("Object Repository/Mobile/Page/Login/Input Rdy - Password"), "Shalawa18", 0): Text 'Shalawa18' has been set to element 'Object Repository/Mobile/Page/Login/Input Rdy - Password'

2021-12-06 08:39:18 - [MESSAGE][WARNING] - Timeout '0' is invalid. Using default page load timeout: '60'

2021-12-06 08:39:18 - [MESSAGE][PASSED] - Text 'Shalawa18' has been set to element 'Object Repository/Mobile/Page/Login/Input Rdy - Password'

2021-12-06 08:39:18 - [TEST_STEP][PASSED] - delay(1): Delayed 1 second(s)

2021-12-06 08:39:19 - [MESSAGE][PASSED] - Delayed 1 second(s)

2021-12-06 08:39:19 - [TEST_STEP][PASSED] - hideKeyboard(): Keyboard is hidden

2021-12-06 08:39:25 - [MESSAGE][PASSED] - Keyboard is hidden

2021-12-06 08:39:25 - [TEST_STEP][PASSED] - tap(findTestObject("Object Repository/Mobile/Page/Login/Button - Login"), 0): Tapped on element 'Object Repository/Mobile/Page/Login/Button - Login'

2021-12-06 08:39:25 - [MESSAGE][WARNING] - Timeout '0' is invalid. Using default page load timeout: '60'

2021-12-06 08:39:26 - [MESSAGE][PASSED] - Tapped on element 'Object Repository/Mobile/Page/Login/Button - Login'

2021-12-06 08:39:26 - [TEST_STEP][PASSED] - delay(2): Delayed 2 second(s)

2021-12-06 08:39:28 - [MESSAGE][PASSED] - Delayed 2 second(s)

2021-12-06 08:39:28 - [MESSAGE][PASSED] - Call Test Case 'Test Cases/Mobile/Page/Login/Login' successfully

2021-12-06 08:39:28 - [TEST_STEP][PASSED] - tap(findTestObject("Object Repository/Mobile/Page/Home/Menubar - Portfolio"), 0): Tapped on element 'Object Repository/Mobile/Page/Home/Menubar - Portfolio'

2021-12-06 08:39:28 - [MESSAGE][WARNING] - Timeout '0' is invalid. Using default page load timeout: '60'

2021-12-06 08:39:31 - [MESSAGE][PASSED] - Tapped on element 'Object Repository/Mobile/Page/Home/Menubar - Portfolio'

2021-12-06 08:39:31 - [TEST_STEP][PASSED] - delay(1): Delayed 1 second(s)

2021-12-06 08:39:32 - [MESSAGE][PASSED] - Delayed 1 second(s)

2021-12-06 08:39:32 - [TEST_STEP][PASSED] - for ([i = 0, i < 1, (i++)]): Delayed 3 second(s)

2021-12-06 08:39:32 - [TEST_STEP][PASSED] - if (tab == "summary"): Delayed 3 second(s)

2021-12-06 08:39:32 - [TEST_STEP][PASSED] - if (action == "summary"): null

2021-12-06 08:39:32 - [TEST_STEP][PASSED] - else if (action == "perf_daily"): Delayed 3 second(s)

2021-12-06 08:39:32 - [TEST_STEP][PASSED] - scroll.scroll.scrollScreenBottomToTop(): scroll.scroll.scrollScreenBottomToTop is PASSED

2021-12-06 08:39:32 - [MESSAGE][PASSED] - Current device physical height is 1423

2021-12-06 08:39:32 - [MESSAGE][PASSED] - Current device physical width is 720

2021-12-06 08:39:34 - [MESSAGE][PASSED] - Swiped from 360,1,138 to 360,284

2021-12-06 08:39:34 - [MESSAGE][PASSED] - scroll.scroll.scrollScreenBottomToTop is PASSED

2021-12-06 08:39:34 - [TEST_STEP][PASSED] - delay(1): Delayed 1 second(s)

2021-12-06 08:39:35 - [MESSAGE][PASSED] - Delayed 1 second(s)

2021-12-06 08:39:35 - [TEST_STEP][PASSED] - tap(findTestObject("Mobile/Page/Portfolio/Button - IDR"), 0): Tapped on element 'Object Repository/Mobile/Page/Portfolio/Button - IDR'

2021-12-06 08:39:35 - [MESSAGE][WARNING] - Timeout '0' is invalid. Using default page load timeout: '60'

2021-12-06 08:39:35 - [MESSAGE][PASSED] - Tapped on element 'Object Repository/Mobile/Page/Portfolio/Button - IDR'

2021-12-06 08:39:35 - [TEST_STEP][PASSED] - delay(3): Delayed 3 second(s)

2021-12-06 08:39:38 - [MESSAGE][PASSED] - Delayed 3 second(s)

2021-12-06 08:39:38 - [TEST_STEP][PASSED] - tap(findTestObject("Mobile/Page/Portfolio/Button - Persen"), 0): Tapped on element 'Object Repository/Mobile/Page/Portfolio/Button - Persen'

2021-12-06 08:39:38 - [MESSAGE][WARNING] - Timeout '0' is invalid. Using default page load timeout: '60'

2021-12-06 08:39:39 - [MESSAGE][PASSED] - Tapped on element 'Object Repository/Mobile/Page/Portfolio/Button - Persen'

2021-12-06 08:39:39 - [TEST_STEP][PASSED] - delay(3): Delayed 3 second(s)

2021-12-06 08:39:42 - [MESSAGE][PASSED] - Delayed 3 second(s)

2021-12-06 08:39:42 - [MESSAGE][PASSED] - Call Test Case 'Test Cases/Mobile/Page/Portfolio/Portfolio' successfully

2021-12-06 08:39:42 - [TEST_STEP][PASSED] - callTestCase(findTestCase("Mobile/Page/Run App/Terminate App"), [:], STOP_ON_FAILURE): Call Test Case 'Test Cases/Mobile/Page/Run App/Terminate App' successfully

2021-12-06 08:39:42 - [TEST_CASE][PASSED] - Test Cases/Mobile/Page/Run App/Terminate App: Test Cases/Mobile/Page/Run App/Terminate App

2021-12-06 08:39:42 - [TEST_STEP][PASSED] - startApp.OpenApp.terminateApplication(): startApp.OpenApp.terminateApplication is PASSED

2021-12-06 08:39:45 - [MESSAGE][PASSED] - Delayed 3 second(s)

2021-12-06 08:39:45 - [MESSAGE][PASSED] - Current device physical width is 720

2021-12-06 08:39:45 - [MESSAGE][PASSED] - Current device physical height is 1423

2021-12-06 08:39:47 - [MESSAGE][PASSED] - Swiped from 360,853 to 360,142

2021-12-06 08:39:48 - [MESSAGE][PASSED] - Delayed 1 second(s)

2021-12-06 08:39:49 - [MESSAGE][PASSED] - Swiped from 360,853 to 360,142

2021-12-06 08:39:52 - [MESSAGE][PASSED] - Delayed 3 second(s)

2021-12-06 08:39:52 - [MESSAGE][PASSED] - startApp.OpenApp.terminateApplication is PASSED

2021-12-06 08:39:52 - [MESSAGE][PASSED] - Call Test Case 'Test Cases/Mobile/Page/Run App/Terminate App' successfully]]></system-out>
         <system-err><![CDATA[]]></system-err>
      </testcase>
      <testcase name="Test Cases/Mobile/Scenario/Portfolio/003 - Portfolio Performance Month" time="59.479" classname="Test Cases/Mobile/Scenario/Portfolio/003 - Portfolio Performance Month" status="PASSED">
         <system-out><![CDATA[2021-12-06 08:39:52 - [TEST_CASE][PASSED] - Test Cases/Mobile/Scenario/Portfolio/003 - Portfolio Performance Month: Test Cases/Mobile/Scenario/Portfolio/003 - Portfolio Performance Month

2021-12-06 08:39:52 - [TEST_STEP][PASSED] - callTestCase(findTestCase("Mobile/Page/Run App/Run App byID"), [:], STOP_ON_FAILURE): Call Test Case 'Test Cases/Mobile/Page/Run App/Run App byID' successfully

2021-12-06 08:39:52 - [TEST_CASE][PASSED] - Test Cases/Mobile/Page/Run App/Run App byID: Test Cases/Mobile/Page/Run App/Run App byID

2021-12-06 08:39:52 - [TEST_STEP][PASSED] - startApp.OpenApp.startApplication("id.co.miraeasset.sageclub"): startApp.OpenApp.startApplication is PASSED

2021-12-06 08:40:04 - [MESSAGE][PASSED] - Starting app with application ID: 'id.co.miraeasset.sageclub'

2021-12-06 08:40:04 - [MESSAGE][PASSED] - startApp.OpenApp.startApplication is PASSED

2021-12-06 08:40:04 - [MESSAGE][PASSED] - Call Test Case 'Test Cases/Mobile/Page/Run App/Run App byID' successfully

2021-12-06 08:40:04 - [TEST_STEP][PASSED] - callTestCase(findTestCase("Mobile/Page/Portfolio/Portfolio"), ["tab":"summary", "action":"perf_month"], CONTINUE_ON_FAILURE): Call Test Case 'Test Cases/Mobile/Page/Portfolio/Portfolio' successfully

2021-12-06 08:40:04 - [TEST_CASE][PASSED] - Test Cases/Mobile/Page/Portfolio/Portfolio: Test Cases/Mobile/Page/Portfolio/Portfolio

2021-12-06 08:40:04 - [TEST_STEP][PASSED] - loginCheck = verifyElementExist(findTestObject("Object Repository/Mobile/Page/Login/Button - Login"), 2, CONTINUE_ON_FAILURE): Element 'Object Repository/Mobile/Page/Login/Button - Login' is exist

2021-12-06 08:40:06 - [MESSAGE][PASSED] - Element 'Object Repository/Mobile/Page/Login/Button - Login' is exist

2021-12-06 08:40:06 - [TEST_STEP][PASSED] - if (loginCheck): Call Test Case 'Test Cases/Mobile/Page/Login/Login' successfully

2021-12-06 08:40:06 - [TEST_STEP][PASSED] - callTestCase(findTestCase("Mobile/Page/Login/Login"), [:], CONTINUE_ON_FAILURE): Call Test Case 'Test Cases/Mobile/Page/Login/Login' successfully

2021-12-06 08:40:06 - [TEST_CASE][PASSED] - Test Cases/Mobile/Page/Login/Login: Test Cases/Mobile/Page/Login/Login

2021-12-06 08:40:06 - [TEST_STEP][PASSED] - delay(2): Delayed 2 second(s)

2021-12-06 08:40:08 - [MESSAGE][PASSED] - Delayed 2 second(s)

2021-12-06 08:40:08 - [TEST_STEP][PASSED] - tap(findTestObject("Object Repository/Mobile/Page/Login/Input - UserID"), 0): Tapped on element 'Object Repository/Mobile/Page/Login/Input - UserID'

2021-12-06 08:40:08 - [MESSAGE][WARNING] - Timeout '0' is invalid. Using default page load timeout: '60'

2021-12-06 08:40:09 - [MESSAGE][PASSED] - Tapped on element 'Object Repository/Mobile/Page/Login/Input - UserID'

2021-12-06 08:40:09 - [TEST_STEP][PASSED] - delay(1): Delayed 1 second(s)

2021-12-06 08:40:10 - [MESSAGE][PASSED] - Delayed 1 second(s)

2021-12-06 08:40:10 - [TEST_STEP][PASSED] - setText(findTestObject("Object Repository/Mobile/Page/Login/Input Rdy - UserID"), "anggaaditya", 0): Text 'anggaaditya' has been set to element 'Object Repository/Mobile/Page/Login/Input Rdy - UserID'

2021-12-06 08:40:10 - [MESSAGE][WARNING] - Timeout '0' is invalid. Using default page load timeout: '60'

2021-12-06 08:40:11 - [MESSAGE][PASSED] - Text 'anggaaditya' has been set to element 'Object Repository/Mobile/Page/Login/Input Rdy - UserID'

2021-12-06 08:40:11 - [TEST_STEP][PASSED] - delay(1): Delayed 1 second(s)

2021-12-06 08:40:12 - [MESSAGE][PASSED] - Delayed 1 second(s)

2021-12-06 08:40:12 - [TEST_STEP][PASSED] - hideKeyboard(): Keyboard is hidden

2021-12-06 08:40:15 - [MESSAGE][PASSED] - Keyboard is hidden

2021-12-06 08:40:15 - [TEST_STEP][PASSED] - tap(findTestObject("Object Repository/Mobile/Page/Login/Input - Password"), 0): Tapped on element 'Object Repository/Mobile/Page/Login/Input - Password'

2021-12-06 08:40:15 - [MESSAGE][WARNING] - Timeout '0' is invalid. Using default page load timeout: '60'

2021-12-06 08:40:15 - [MESSAGE][PASSED] - Tapped on element 'Object Repository/Mobile/Page/Login/Input - Password'

2021-12-06 08:40:15 - [TEST_STEP][PASSED] - delay(1): Delayed 1 second(s)

2021-12-06 08:40:16 - [MESSAGE][PASSED] - Delayed 1 second(s)

2021-12-06 08:40:16 - [TEST_STEP][PASSED] - setText(findTestObject("Object Repository/Mobile/Page/Login/Input Rdy - Password"), "Shalawa18", 0): Text 'Shalawa18' has been set to element 'Object Repository/Mobile/Page/Login/Input Rdy - Password'

2021-12-06 08:40:17 - [MESSAGE][WARNING] - Timeout '0' is invalid. Using default page load timeout: '60'

2021-12-06 08:40:17 - [MESSAGE][PASSED] - Text 'Shalawa18' has been set to element 'Object Repository/Mobile/Page/Login/Input Rdy - Password'

2021-12-06 08:40:17 - [TEST_STEP][PASSED] - delay(1): Delayed 1 second(s)

2021-12-06 08:40:18 - [MESSAGE][PASSED] - Delayed 1 second(s)

2021-12-06 08:40:18 - [TEST_STEP][PASSED] - hideKeyboard(): Keyboard is hidden

2021-12-06 08:40:24 - [MESSAGE][PASSED] - Keyboard is hidden

2021-12-06 08:40:24 - [TEST_STEP][PASSED] - tap(findTestObject("Object Repository/Mobile/Page/Login/Button - Login"), 0): Tapped on element 'Object Repository/Mobile/Page/Login/Button - Login'

2021-12-06 08:40:24 - [MESSAGE][WARNING] - Timeout '0' is invalid. Using default page load timeout: '60'

2021-12-06 08:40:25 - [MESSAGE][PASSED] - Tapped on element 'Object Repository/Mobile/Page/Login/Button - Login'

2021-12-06 08:40:25 - [TEST_STEP][PASSED] - delay(2): Delayed 2 second(s)

2021-12-06 08:40:27 - [MESSAGE][PASSED] - Delayed 2 second(s)

2021-12-06 08:40:27 - [MESSAGE][PASSED] - Call Test Case 'Test Cases/Mobile/Page/Login/Login' successfully

2021-12-06 08:40:27 - [TEST_STEP][PASSED] - tap(findTestObject("Object Repository/Mobile/Page/Home/Menubar - Portfolio"), 0): Tapped on element 'Object Repository/Mobile/Page/Home/Menubar - Portfolio'

2021-12-06 08:40:27 - [MESSAGE][WARNING] - Timeout '0' is invalid. Using default page load timeout: '60'

2021-12-06 08:40:29 - [MESSAGE][PASSED] - Tapped on element 'Object Repository/Mobile/Page/Home/Menubar - Portfolio'

2021-12-06 08:40:29 - [TEST_STEP][PASSED] - delay(1): Delayed 1 second(s)

2021-12-06 08:40:30 - [MESSAGE][PASSED] - Delayed 1 second(s)

2021-12-06 08:40:30 - [TEST_STEP][PASSED] - for ([i = 0, i < 1, (i++)]): Delayed 3 second(s)

2021-12-06 08:40:30 - [TEST_STEP][PASSED] - if (tab == "summary"): Delayed 3 second(s)

2021-12-06 08:40:30 - [TEST_STEP][PASSED] - if (action == "summary"): null

2021-12-06 08:40:30 - [TEST_STEP][PASSED] - else if (action == "perf_daily"): null

2021-12-06 08:40:30 - [TEST_STEP][PASSED] - else if (action == "perf_month"): Delayed 3 second(s)

2021-12-06 08:40:30 - [TEST_STEP][PASSED] - scroll.scroll.scrollScreenBottomToTop(): scroll.scroll.scrollScreenBottomToTop is PASSED

2021-12-06 08:40:30 - [MESSAGE][PASSED] - Current device physical height is 1423

2021-12-06 08:40:30 - [MESSAGE][PASSED] - Current device physical width is 720

2021-12-06 08:40:32 - [MESSAGE][PASSED] - Swiped from 360,1,138 to 360,284

2021-12-06 08:40:32 - [MESSAGE][PASSED] - scroll.scroll.scrollScreenBottomToTop is PASSED

2021-12-06 08:40:32 - [TEST_STEP][PASSED] - delay(1): Delayed 1 second(s)

2021-12-06 08:40:33 - [MESSAGE][PASSED] - Delayed 1 second(s)

2021-12-06 08:40:33 - [TEST_STEP][PASSED] - tap(findTestObject("Object Repository/Mobile/Page/Portfolio/Button - Tab Month to Date"), 0): Tapped on element 'Object Repository/Mobile/Page/Portfolio/Button - Tab Month to Date'

2021-12-06 08:40:33 - [MESSAGE][WARNING] - Timeout '0' is invalid. Using default page load timeout: '60'

2021-12-06 08:40:33 - [MESSAGE][PASSED] - Tapped on element 'Object Repository/Mobile/Page/Portfolio/Button - Tab Month to Date'

2021-12-06 08:40:33 - [TEST_STEP][PASSED] - delay(1): Delayed 1 second(s)

2021-12-06 08:40:34 - [MESSAGE][PASSED] - Delayed 1 second(s)

2021-12-06 08:40:34 - [TEST_STEP][PASSED] - tap(findTestObject("Mobile/Page/Portfolio/Button - IDR"), 0): Tapped on element 'Object Repository/Mobile/Page/Portfolio/Button - IDR'

2021-12-06 08:40:34 - [MESSAGE][WARNING] - Timeout '0' is invalid. Using default page load timeout: '60'

2021-12-06 08:40:35 - [MESSAGE][PASSED] - Tapped on element 'Object Repository/Mobile/Page/Portfolio/Button - IDR'

2021-12-06 08:40:35 - [TEST_STEP][PASSED] - delay(3): Delayed 3 second(s)

2021-12-06 08:40:38 - [MESSAGE][PASSED] - Delayed 3 second(s)

2021-12-06 08:40:38 - [TEST_STEP][PASSED] - tap(findTestObject("Mobile/Page/Portfolio/Button - Persen"), 0): Tapped on element 'Object Repository/Mobile/Page/Portfolio/Button - Persen'

2021-12-06 08:40:38 - [MESSAGE][WARNING] - Timeout '0' is invalid. Using default page load timeout: '60'

2021-12-06 08:40:38 - [MESSAGE][PASSED] - Tapped on element 'Object Repository/Mobile/Page/Portfolio/Button - Persen'

2021-12-06 08:40:38 - [TEST_STEP][PASSED] - delay(3): Delayed 3 second(s)

2021-12-06 08:40:41 - [MESSAGE][PASSED] - Delayed 3 second(s)

2021-12-06 08:40:41 - [MESSAGE][PASSED] - Call Test Case 'Test Cases/Mobile/Page/Portfolio/Portfolio' successfully

2021-12-06 08:40:41 - [TEST_STEP][PASSED] - callTestCase(findTestCase("Mobile/Page/Run App/Terminate App"), [:], STOP_ON_FAILURE): Call Test Case 'Test Cases/Mobile/Page/Run App/Terminate App' successfully

2021-12-06 08:40:41 - [TEST_CASE][PASSED] - Test Cases/Mobile/Page/Run App/Terminate App: Test Cases/Mobile/Page/Run App/Terminate App

2021-12-06 08:40:41 - [TEST_STEP][PASSED] - startApp.OpenApp.terminateApplication(): startApp.OpenApp.terminateApplication is PASSED

2021-12-06 08:40:44 - [MESSAGE][PASSED] - Delayed 3 second(s)

2021-12-06 08:40:45 - [MESSAGE][PASSED] - Current device physical width is 720

2021-12-06 08:40:45 - [MESSAGE][PASSED] - Current device physical height is 1423

2021-12-06 08:40:46 - [MESSAGE][PASSED] - Swiped from 360,853 to 360,142

2021-12-06 08:40:47 - [MESSAGE][PASSED] - Delayed 1 second(s)

2021-12-06 08:40:48 - [MESSAGE][PASSED] - Swiped from 360,853 to 360,142

2021-12-06 08:40:51 - [MESSAGE][PASSED] - Delayed 3 second(s)

2021-12-06 08:40:51 - [MESSAGE][PASSED] - startApp.OpenApp.terminateApplication is PASSED

2021-12-06 08:40:51 - [MESSAGE][PASSED] - Call Test Case 'Test Cases/Mobile/Page/Run App/Terminate App' successfully]]></system-out>
         <system-err><![CDATA[]]></system-err>
      </testcase>
      <testcase name="Test Cases/Mobile/Scenario/Portfolio/004 - Portfolio Performance Quarter" time="59.012" classname="Test Cases/Mobile/Scenario/Portfolio/004 - Portfolio Performance Quarter" status="PASSED">
         <system-out><![CDATA[2021-12-06 08:40:51 - [TEST_CASE][PASSED] - Test Cases/Mobile/Scenario/Portfolio/004 - Portfolio Performance Quarter: Test Cases/Mobile/Scenario/Portfolio/004 - Portfolio Performance Quarter

2021-12-06 08:40:52 - [TEST_STEP][PASSED] - callTestCase(findTestCase("Mobile/Page/Run App/Run App byID"), [:], STOP_ON_FAILURE): Call Test Case 'Test Cases/Mobile/Page/Run App/Run App byID' successfully

2021-12-06 08:40:52 - [TEST_CASE][PASSED] - Test Cases/Mobile/Page/Run App/Run App byID: Test Cases/Mobile/Page/Run App/Run App byID

2021-12-06 08:40:52 - [TEST_STEP][PASSED] - startApp.OpenApp.startApplication("id.co.miraeasset.sageclub"): startApp.OpenApp.startApplication is PASSED

2021-12-06 08:41:03 - [MESSAGE][PASSED] - Starting app with application ID: 'id.co.miraeasset.sageclub'

2021-12-06 08:41:03 - [MESSAGE][PASSED] - startApp.OpenApp.startApplication is PASSED

2021-12-06 08:41:03 - [MESSAGE][PASSED] - Call Test Case 'Test Cases/Mobile/Page/Run App/Run App byID' successfully

2021-12-06 08:41:03 - [TEST_STEP][PASSED] - callTestCase(findTestCase("Mobile/Page/Portfolio/Portfolio"), ["tab":"summary", "action":"perf_quarter"], CONTINUE_ON_FAILURE): Call Test Case 'Test Cases/Mobile/Page/Portfolio/Portfolio' successfully

2021-12-06 08:41:04 - [TEST_CASE][PASSED] - Test Cases/Mobile/Page/Portfolio/Portfolio: Test Cases/Mobile/Page/Portfolio/Portfolio

2021-12-06 08:41:04 - [TEST_STEP][PASSED] - loginCheck = verifyElementExist(findTestObject("Object Repository/Mobile/Page/Login/Button - Login"), 2, CONTINUE_ON_FAILURE): Element 'Object Repository/Mobile/Page/Login/Button - Login' is exist

2021-12-06 08:41:05 - [MESSAGE][PASSED] - Element 'Object Repository/Mobile/Page/Login/Button - Login' is exist

2021-12-06 08:41:05 - [TEST_STEP][PASSED] - if (loginCheck): Call Test Case 'Test Cases/Mobile/Page/Login/Login' successfully

2021-12-06 08:41:05 - [TEST_STEP][PASSED] - callTestCase(findTestCase("Mobile/Page/Login/Login"), [:], CONTINUE_ON_FAILURE): Call Test Case 'Test Cases/Mobile/Page/Login/Login' successfully

2021-12-06 08:41:06 - [TEST_CASE][PASSED] - Test Cases/Mobile/Page/Login/Login: Test Cases/Mobile/Page/Login/Login

2021-12-06 08:41:06 - [TEST_STEP][PASSED] - delay(2): Delayed 2 second(s)

2021-12-06 08:41:08 - [MESSAGE][PASSED] - Delayed 2 second(s)

2021-12-06 08:41:08 - [TEST_STEP][PASSED] - tap(findTestObject("Object Repository/Mobile/Page/Login/Input - UserID"), 0): Tapped on element 'Object Repository/Mobile/Page/Login/Input - UserID'

2021-12-06 08:41:08 - [MESSAGE][WARNING] - Timeout '0' is invalid. Using default page load timeout: '60'

2021-12-06 08:41:08 - [MESSAGE][PASSED] - Tapped on element 'Object Repository/Mobile/Page/Login/Input - UserID'

2021-12-06 08:41:08 - [TEST_STEP][PASSED] - delay(1): Delayed 1 second(s)

2021-12-06 08:41:09 - [MESSAGE][PASSED] - Delayed 1 second(s)

2021-12-06 08:41:09 - [TEST_STEP][PASSED] - setText(findTestObject("Object Repository/Mobile/Page/Login/Input Rdy - UserID"), "anggaaditya", 0): Text 'anggaaditya' has been set to element 'Object Repository/Mobile/Page/Login/Input Rdy - UserID'

2021-12-06 08:41:09 - [MESSAGE][WARNING] - Timeout '0' is invalid. Using default page load timeout: '60'

2021-12-06 08:41:10 - [MESSAGE][PASSED] - Text 'anggaaditya' has been set to element 'Object Repository/Mobile/Page/Login/Input Rdy - UserID'

2021-12-06 08:41:10 - [TEST_STEP][PASSED] - delay(1): Delayed 1 second(s)

2021-12-06 08:41:11 - [MESSAGE][PASSED] - Delayed 1 second(s)

2021-12-06 08:41:11 - [TEST_STEP][PASSED] - hideKeyboard(): Keyboard is hidden

2021-12-06 08:41:14 - [MESSAGE][PASSED] - Keyboard is hidden

2021-12-06 08:41:14 - [TEST_STEP][PASSED] - tap(findTestObject("Object Repository/Mobile/Page/Login/Input - Password"), 0): Tapped on element 'Object Repository/Mobile/Page/Login/Input - Password'

2021-12-06 08:41:14 - [MESSAGE][WARNING] - Timeout '0' is invalid. Using default page load timeout: '60'

2021-12-06 08:41:15 - [MESSAGE][PASSED] - Tapped on element 'Object Repository/Mobile/Page/Login/Input - Password'

2021-12-06 08:41:15 - [TEST_STEP][PASSED] - delay(1): Delayed 1 second(s)

2021-12-06 08:41:16 - [MESSAGE][PASSED] - Delayed 1 second(s)

2021-12-06 08:41:16 - [TEST_STEP][PASSED] - setText(findTestObject("Object Repository/Mobile/Page/Login/Input Rdy - Password"), "Shalawa18", 0): Text 'Shalawa18' has been set to element 'Object Repository/Mobile/Page/Login/Input Rdy - Password'

2021-12-06 08:41:16 - [MESSAGE][WARNING] - Timeout '0' is invalid. Using default page load timeout: '60'

2021-12-06 08:41:17 - [MESSAGE][PASSED] - Text 'Shalawa18' has been set to element 'Object Repository/Mobile/Page/Login/Input Rdy - Password'

2021-12-06 08:41:17 - [TEST_STEP][PASSED] - delay(1): Delayed 1 second(s)

2021-12-06 08:41:18 - [MESSAGE][PASSED] - Delayed 1 second(s)

2021-12-06 08:41:18 - [TEST_STEP][PASSED] - hideKeyboard(): Keyboard is hidden

2021-12-06 08:41:24 - [MESSAGE][PASSED] - Keyboard is hidden

2021-12-06 08:41:24 - [TEST_STEP][PASSED] - tap(findTestObject("Object Repository/Mobile/Page/Login/Button - Login"), 0): Tapped on element 'Object Repository/Mobile/Page/Login/Button - Login'

2021-12-06 08:41:24 - [MESSAGE][WARNING] - Timeout '0' is invalid. Using default page load timeout: '60'

2021-12-06 08:41:25 - [MESSAGE][PASSED] - Tapped on element 'Object Repository/Mobile/Page/Login/Button - Login'

2021-12-06 08:41:25 - [TEST_STEP][PASSED] - delay(2): Delayed 2 second(s)

2021-12-06 08:41:27 - [MESSAGE][PASSED] - Delayed 2 second(s)

2021-12-06 08:41:27 - [MESSAGE][PASSED] - Call Test Case 'Test Cases/Mobile/Page/Login/Login' successfully

2021-12-06 08:41:27 - [TEST_STEP][PASSED] - tap(findTestObject("Object Repository/Mobile/Page/Home/Menubar - Portfolio"), 0): Tapped on element 'Object Repository/Mobile/Page/Home/Menubar - Portfolio'

2021-12-06 08:41:27 - [MESSAGE][WARNING] - Timeout '0' is invalid. Using default page load timeout: '60'

2021-12-06 08:41:28 - [MESSAGE][PASSED] - Tapped on element 'Object Repository/Mobile/Page/Home/Menubar - Portfolio'

2021-12-06 08:41:28 - [TEST_STEP][PASSED] - delay(1): Delayed 1 second(s)

2021-12-06 08:41:29 - [MESSAGE][PASSED] - Delayed 1 second(s)

2021-12-06 08:41:29 - [TEST_STEP][PASSED] - for ([i = 0, i < 1, (i++)]): Delayed 3 second(s)

2021-12-06 08:41:29 - [TEST_STEP][PASSED] - if (tab == "summary"): Delayed 3 second(s)

2021-12-06 08:41:29 - [TEST_STEP][PASSED] - if (action == "summary"): null

2021-12-06 08:41:29 - [TEST_STEP][PASSED] - else if (action == "perf_daily"): null

2021-12-06 08:41:29 - [TEST_STEP][PASSED] - else if (action == "perf_month"): null

2021-12-06 08:41:29 - [TEST_STEP][PASSED] - else if (action == "perf_quarter"): Delayed 3 second(s)

2021-12-06 08:41:29 - [TEST_STEP][PASSED] - scroll.scroll.scrollScreenBottomToTop(): scroll.scroll.scrollScreenBottomToTop is PASSED

2021-12-06 08:41:29 - [MESSAGE][PASSED] - Current device physical height is 1423

2021-12-06 08:41:29 - [MESSAGE][PASSED] - Current device physical width is 720

2021-12-06 08:41:30 - [MESSAGE][PASSED] - Swiped from 360,1,138 to 360,284

2021-12-06 08:41:30 - [MESSAGE][PASSED] - scroll.scroll.scrollScreenBottomToTop is PASSED

2021-12-06 08:41:30 - [TEST_STEP][PASSED] - delay(1): Delayed 1 second(s)

2021-12-06 08:41:31 - [MESSAGE][PASSED] - Delayed 1 second(s)

2021-12-06 08:41:31 - [TEST_STEP][PASSED] - tap(findTestObject("Object Repository/Mobile/Page/Portfolio/Button - Tab Quarter to Date"), 0): Tapped on element 'Object Repository/Mobile/Page/Portfolio/Button - Tab Quarter to Date'

2021-12-06 08:41:31 - [MESSAGE][WARNING] - Timeout '0' is invalid. Using default page load timeout: '60'

2021-12-06 08:41:32 - [MESSAGE][PASSED] - Tapped on element 'Object Repository/Mobile/Page/Portfolio/Button - Tab Quarter to Date'

2021-12-06 08:41:32 - [TEST_STEP][PASSED] - delay(1): Delayed 1 second(s)

2021-12-06 08:41:33 - [MESSAGE][PASSED] - Delayed 1 second(s)

2021-12-06 08:41:33 - [TEST_STEP][PASSED] - tap(findTestObject("Mobile/Page/Portfolio/Button - IDR"), 0): Tapped on element 'Object Repository/Mobile/Page/Portfolio/Button - IDR'

2021-12-06 08:41:33 - [MESSAGE][WARNING] - Timeout '0' is invalid. Using default page load timeout: '60'

2021-12-06 08:41:34 - [MESSAGE][PASSED] - Tapped on element 'Object Repository/Mobile/Page/Portfolio/Button - IDR'

2021-12-06 08:41:34 - [TEST_STEP][PASSED] - delay(3): Delayed 3 second(s)

2021-12-06 08:41:37 - [MESSAGE][PASSED] - Delayed 3 second(s)

2021-12-06 08:41:37 - [TEST_STEP][PASSED] - tap(findTestObject("Mobile/Page/Portfolio/Button - Persen"), 0): Tapped on element 'Object Repository/Mobile/Page/Portfolio/Button - Persen'

2021-12-06 08:41:37 - [MESSAGE][WARNING] - Timeout '0' is invalid. Using default page load timeout: '60'

2021-12-06 08:41:37 - [MESSAGE][PASSED] - Tapped on element 'Object Repository/Mobile/Page/Portfolio/Button - Persen'

2021-12-06 08:41:37 - [TEST_STEP][PASSED] - delay(3): Delayed 3 second(s)

2021-12-06 08:41:40 - [MESSAGE][PASSED] - Delayed 3 second(s)

2021-12-06 08:41:40 - [MESSAGE][PASSED] - Call Test Case 'Test Cases/Mobile/Page/Portfolio/Portfolio' successfully

2021-12-06 08:41:40 - [TEST_STEP][PASSED] - callTestCase(findTestCase("Mobile/Page/Run App/Terminate App"), [:], STOP_ON_FAILURE): Call Test Case 'Test Cases/Mobile/Page/Run App/Terminate App' successfully

2021-12-06 08:41:40 - [TEST_CASE][PASSED] - Test Cases/Mobile/Page/Run App/Terminate App: Test Cases/Mobile/Page/Run App/Terminate App

2021-12-06 08:41:40 - [TEST_STEP][PASSED] - startApp.OpenApp.terminateApplication(): startApp.OpenApp.terminateApplication is PASSED

2021-12-06 08:41:43 - [MESSAGE][PASSED] - Delayed 3 second(s)

2021-12-06 08:41:44 - [MESSAGE][PASSED] - Current device physical width is 720

2021-12-06 08:41:44 - [MESSAGE][PASSED] - Current device physical height is 1423

2021-12-06 08:41:45 - [MESSAGE][PASSED] - Swiped from 360,853 to 360,142

2021-12-06 08:41:46 - [MESSAGE][PASSED] - Delayed 1 second(s)

2021-12-06 08:41:47 - [MESSAGE][PASSED] - Swiped from 360,853 to 360,142

2021-12-06 08:41:50 - [MESSAGE][PASSED] - Delayed 3 second(s)

2021-12-06 08:41:50 - [MESSAGE][PASSED] - startApp.OpenApp.terminateApplication is PASSED

2021-12-06 08:41:50 - [MESSAGE][PASSED] - Call Test Case 'Test Cases/Mobile/Page/Run App/Terminate App' successfully]]></system-out>
         <system-err><![CDATA[]]></system-err>
      </testcase>
      <testcase name="Test Cases/Mobile/Scenario/Portfolio/005 - Portfolio Performance Year" time="58.285" classname="Test Cases/Mobile/Scenario/Portfolio/005 - Portfolio Performance Year" status="PASSED">
         <system-out><![CDATA[2021-12-06 08:41:51 - [TEST_CASE][PASSED] - Test Cases/Mobile/Scenario/Portfolio/005 - Portfolio Performance Year: Test Cases/Mobile/Scenario/Portfolio/005 - Portfolio Performance Year

2021-12-06 08:41:51 - [TEST_STEP][PASSED] - callTestCase(findTestCase("Mobile/Page/Run App/Run App byID"), [:], STOP_ON_FAILURE): Call Test Case 'Test Cases/Mobile/Page/Run App/Run App byID' successfully

2021-12-06 08:41:51 - [TEST_CASE][PASSED] - Test Cases/Mobile/Page/Run App/Run App byID: Test Cases/Mobile/Page/Run App/Run App byID

2021-12-06 08:41:51 - [TEST_STEP][PASSED] - startApp.OpenApp.startApplication("id.co.miraeasset.sageclub"): startApp.OpenApp.startApplication is PASSED

2021-12-06 08:42:03 - [MESSAGE][PASSED] - Starting app with application ID: 'id.co.miraeasset.sageclub'

2021-12-06 08:42:03 - [MESSAGE][PASSED] - startApp.OpenApp.startApplication is PASSED

2021-12-06 08:42:03 - [MESSAGE][PASSED] - Call Test Case 'Test Cases/Mobile/Page/Run App/Run App byID' successfully

2021-12-06 08:42:03 - [TEST_STEP][PASSED] - callTestCase(findTestCase("Mobile/Page/Portfolio/Portfolio"), ["tab":"summary", "action":"perf_year"], CONTINUE_ON_FAILURE): Call Test Case 'Test Cases/Mobile/Page/Portfolio/Portfolio' successfully

2021-12-06 08:42:03 - [TEST_CASE][PASSED] - Test Cases/Mobile/Page/Portfolio/Portfolio: Test Cases/Mobile/Page/Portfolio/Portfolio

2021-12-06 08:42:03 - [TEST_STEP][PASSED] - loginCheck = verifyElementExist(findTestObject("Object Repository/Mobile/Page/Login/Button - Login"), 2, CONTINUE_ON_FAILURE): Element 'Object Repository/Mobile/Page/Login/Button - Login' is exist

2021-12-06 08:42:05 - [MESSAGE][PASSED] - Element 'Object Repository/Mobile/Page/Login/Button - Login' is exist

2021-12-06 08:42:05 - [TEST_STEP][PASSED] - if (loginCheck): Call Test Case 'Test Cases/Mobile/Page/Login/Login' successfully

2021-12-06 08:42:05 - [TEST_STEP][PASSED] - callTestCase(findTestCase("Mobile/Page/Login/Login"), [:], CONTINUE_ON_FAILURE): Call Test Case 'Test Cases/Mobile/Page/Login/Login' successfully

2021-12-06 08:42:05 - [TEST_CASE][PASSED] - Test Cases/Mobile/Page/Login/Login: Test Cases/Mobile/Page/Login/Login

2021-12-06 08:42:05 - [TEST_STEP][PASSED] - delay(2): Delayed 2 second(s)

2021-12-06 08:42:07 - [MESSAGE][PASSED] - Delayed 2 second(s)

2021-12-06 08:42:07 - [TEST_STEP][PASSED] - tap(findTestObject("Object Repository/Mobile/Page/Login/Input - UserID"), 0): Tapped on element 'Object Repository/Mobile/Page/Login/Input - UserID'

2021-12-06 08:42:07 - [MESSAGE][WARNING] - Timeout '0' is invalid. Using default page load timeout: '60'

2021-12-06 08:42:07 - [MESSAGE][PASSED] - Tapped on element 'Object Repository/Mobile/Page/Login/Input - UserID'

2021-12-06 08:42:07 - [TEST_STEP][PASSED] - delay(1): Delayed 1 second(s)

2021-12-06 08:42:08 - [MESSAGE][PASSED] - Delayed 1 second(s)

2021-12-06 08:42:08 - [TEST_STEP][PASSED] - setText(findTestObject("Object Repository/Mobile/Page/Login/Input Rdy - UserID"), "anggaaditya", 0): Text 'anggaaditya' has been set to element 'Object Repository/Mobile/Page/Login/Input Rdy - UserID'

2021-12-06 08:42:08 - [MESSAGE][WARNING] - Timeout '0' is invalid. Using default page load timeout: '60'

2021-12-06 08:42:09 - [MESSAGE][PASSED] - Text 'anggaaditya' has been set to element 'Object Repository/Mobile/Page/Login/Input Rdy - UserID'

2021-12-06 08:42:09 - [TEST_STEP][PASSED] - delay(1): Delayed 1 second(s)

2021-12-06 08:42:10 - [MESSAGE][PASSED] - Delayed 1 second(s)

2021-12-06 08:42:10 - [TEST_STEP][PASSED] - hideKeyboard(): Keyboard is hidden

2021-12-06 08:42:13 - [MESSAGE][PASSED] - Keyboard is hidden

2021-12-06 08:42:13 - [TEST_STEP][PASSED] - tap(findTestObject("Object Repository/Mobile/Page/Login/Input - Password"), 0): Tapped on element 'Object Repository/Mobile/Page/Login/Input - Password'

2021-12-06 08:42:13 - [MESSAGE][WARNING] - Timeout '0' is invalid. Using default page load timeout: '60'

2021-12-06 08:42:14 - [MESSAGE][PASSED] - Tapped on element 'Object Repository/Mobile/Page/Login/Input - Password'

2021-12-06 08:42:14 - [TEST_STEP][PASSED] - delay(1): Delayed 1 second(s)

2021-12-06 08:42:15 - [MESSAGE][PASSED] - Delayed 1 second(s)

2021-12-06 08:42:15 - [TEST_STEP][PASSED] - setText(findTestObject("Object Repository/Mobile/Page/Login/Input Rdy - Password"), "Shalawa18", 0): Text 'Shalawa18' has been set to element 'Object Repository/Mobile/Page/Login/Input Rdy - Password'

2021-12-06 08:42:15 - [MESSAGE][WARNING] - Timeout '0' is invalid. Using default page load timeout: '60'

2021-12-06 08:42:16 - [MESSAGE][PASSED] - Text 'Shalawa18' has been set to element 'Object Repository/Mobile/Page/Login/Input Rdy - Password'

2021-12-06 08:42:16 - [TEST_STEP][PASSED] - delay(1): Delayed 1 second(s)

2021-12-06 08:42:17 - [MESSAGE][PASSED] - Delayed 1 second(s)

2021-12-06 08:42:17 - [TEST_STEP][PASSED] - hideKeyboard(): Keyboard is hidden

2021-12-06 08:42:22 - [MESSAGE][PASSED] - Keyboard is hidden

2021-12-06 08:42:22 - [TEST_STEP][PASSED] - tap(findTestObject("Object Repository/Mobile/Page/Login/Button - Login"), 0): Tapped on element 'Object Repository/Mobile/Page/Login/Button - Login'

2021-12-06 08:42:23 - [MESSAGE][WARNING] - Timeout '0' is invalid. Using default page load timeout: '60'

2021-12-06 08:42:23 - [MESSAGE][PASSED] - Tapped on element 'Object Repository/Mobile/Page/Login/Button - Login'

2021-12-06 08:42:23 - [TEST_STEP][PASSED] - delay(2): Delayed 2 second(s)

2021-12-06 08:42:26 - [MESSAGE][PASSED] - Delayed 2 second(s)

2021-12-06 08:42:26 - [MESSAGE][PASSED] - Call Test Case 'Test Cases/Mobile/Page/Login/Login' successfully

2021-12-06 08:42:26 - [TEST_STEP][PASSED] - tap(findTestObject("Object Repository/Mobile/Page/Home/Menubar - Portfolio"), 0): Tapped on element 'Object Repository/Mobile/Page/Home/Menubar - Portfolio'

2021-12-06 08:42:26 - [MESSAGE][WARNING] - Timeout '0' is invalid. Using default page load timeout: '60'

2021-12-06 08:42:26 - [MESSAGE][PASSED] - Tapped on element 'Object Repository/Mobile/Page/Home/Menubar - Portfolio'

2021-12-06 08:42:26 - [TEST_STEP][PASSED] - delay(1): Delayed 1 second(s)

2021-12-06 08:42:27 - [MESSAGE][PASSED] - Delayed 1 second(s)

2021-12-06 08:42:27 - [TEST_STEP][PASSED] - for ([i = 0, i < 1, (i++)]): Delayed 3 second(s)

2021-12-06 08:42:27 - [TEST_STEP][PASSED] - if (tab == "summary"): Delayed 3 second(s)

2021-12-06 08:42:27 - [TEST_STEP][PASSED] - if (action == "summary"): null

2021-12-06 08:42:27 - [TEST_STEP][PASSED] - else if (action == "perf_daily"): null

2021-12-06 08:42:27 - [TEST_STEP][PASSED] - else if (action == "perf_month"): null

2021-12-06 08:42:27 - [TEST_STEP][PASSED] - else if (action == "perf_quarter"): null

2021-12-06 08:42:27 - [TEST_STEP][PASSED] - else if (action == "perf_year"): Delayed 3 second(s)

2021-12-06 08:42:27 - [TEST_STEP][PASSED] - scroll.scroll.scrollScreenBottomToTop(): scroll.scroll.scrollScreenBottomToTop is PASSED

2021-12-06 08:42:27 - [MESSAGE][PASSED] - Current device physical height is 1423

2021-12-06 08:42:28 - [MESSAGE][PASSED] - Current device physical width is 720

2021-12-06 08:42:29 - [MESSAGE][PASSED] - Swiped from 360,1,138 to 360,284

2021-12-06 08:42:29 - [MESSAGE][PASSED] - scroll.scroll.scrollScreenBottomToTop is PASSED

2021-12-06 08:42:29 - [TEST_STEP][PASSED] - delay(1): Delayed 1 second(s)

2021-12-06 08:42:30 - [MESSAGE][PASSED] - Delayed 1 second(s)

2021-12-06 08:42:30 - [TEST_STEP][PASSED] - tap(findTestObject("Object Repository/Mobile/Page/Portfolio/Button - Tab Year to Date"), 0): Tapped on element 'Object Repository/Mobile/Page/Portfolio/Button - Tab Year to Date'

2021-12-06 08:42:30 - [MESSAGE][WARNING] - Timeout '0' is invalid. Using default page load timeout: '60'

2021-12-06 08:42:30 - [MESSAGE][PASSED] - Tapped on element 'Object Repository/Mobile/Page/Portfolio/Button - Tab Year to Date'

2021-12-06 08:42:30 - [TEST_STEP][PASSED] - delay(1): Delayed 1 second(s)

2021-12-06 08:42:31 - [MESSAGE][PASSED] - Delayed 1 second(s)

2021-12-06 08:42:31 - [TEST_STEP][PASSED] - tap(findTestObject("Mobile/Page/Portfolio/Button - IDR"), 0): Tapped on element 'Object Repository/Mobile/Page/Portfolio/Button - IDR'

2021-12-06 08:42:31 - [MESSAGE][WARNING] - Timeout '0' is invalid. Using default page load timeout: '60'

2021-12-06 08:42:32 - [MESSAGE][PASSED] - Tapped on element 'Object Repository/Mobile/Page/Portfolio/Button - IDR'

2021-12-06 08:42:32 - [TEST_STEP][PASSED] - delay(3): Delayed 3 second(s)

2021-12-06 08:42:35 - [MESSAGE][PASSED] - Delayed 3 second(s)

2021-12-06 08:42:35 - [TEST_STEP][PASSED] - tap(findTestObject("Mobile/Page/Portfolio/Button - Persen"), 0): Tapped on element 'Object Repository/Mobile/Page/Portfolio/Button - Persen'

2021-12-06 08:42:35 - [MESSAGE][WARNING] - Timeout '0' is invalid. Using default page load timeout: '60'

2021-12-06 08:42:35 - [MESSAGE][PASSED] - Tapped on element 'Object Repository/Mobile/Page/Portfolio/Button - Persen'

2021-12-06 08:42:35 - [TEST_STEP][PASSED] - delay(3): Delayed 3 second(s)

2021-12-06 08:42:39 - [MESSAGE][PASSED] - Delayed 3 second(s)

2021-12-06 08:42:39 - [MESSAGE][PASSED] - Call Test Case 'Test Cases/Mobile/Page/Portfolio/Portfolio' successfully

2021-12-06 08:42:39 - [TEST_STEP][PASSED] - callTestCase(findTestCase("Mobile/Page/Run App/Terminate App"), [:], STOP_ON_FAILURE): Call Test Case 'Test Cases/Mobile/Page/Run App/Terminate App' successfully

2021-12-06 08:42:39 - [TEST_CASE][PASSED] - Test Cases/Mobile/Page/Run App/Terminate App: Test Cases/Mobile/Page/Run App/Terminate App

2021-12-06 08:42:39 - [TEST_STEP][PASSED] - startApp.OpenApp.terminateApplication(): startApp.OpenApp.terminateApplication is PASSED

2021-12-06 08:42:42 - [MESSAGE][PASSED] - Delayed 3 second(s)

2021-12-06 08:42:42 - [MESSAGE][PASSED] - Current device physical width is 720

2021-12-06 08:42:42 - [MESSAGE][PASSED] - Current device physical height is 1423

2021-12-06 08:42:43 - [MESSAGE][PASSED] - Swiped from 360,853 to 360,142

2021-12-06 08:42:44 - [MESSAGE][PASSED] - Delayed 1 second(s)

2021-12-06 08:42:46 - [MESSAGE][PASSED] - Swiped from 360,853 to 360,142

2021-12-06 08:42:49 - [MESSAGE][PASSED] - Delayed 3 second(s)

2021-12-06 08:42:49 - [MESSAGE][PASSED] - startApp.OpenApp.terminateApplication is PASSED

2021-12-06 08:42:49 - [MESSAGE][PASSED] - Call Test Case 'Test Cases/Mobile/Page/Run App/Terminate App' successfully]]></system-out>
         <system-err><![CDATA[]]></system-err>
      </testcase>
      <testcase name="Test Cases/Mobile/Scenario/Portfolio/006 - Portfolio Stock" time="54.603" classname="Test Cases/Mobile/Scenario/Portfolio/006 - Portfolio Stock" status="PASSED">
         <system-out><![CDATA[2021-12-06 08:42:49 - [TEST_CASE][PASSED] - Test Cases/Mobile/Scenario/Portfolio/006 - Portfolio Stock: Test Cases/Mobile/Scenario/Portfolio/006 - Portfolio Stock

2021-12-06 08:42:49 - [TEST_STEP][PASSED] - callTestCase(findTestCase("Mobile/Page/Run App/Run App byID"), [:], STOP_ON_FAILURE): Call Test Case 'Test Cases/Mobile/Page/Run App/Run App byID' successfully

2021-12-06 08:42:49 - [TEST_CASE][PASSED] - Test Cases/Mobile/Page/Run App/Run App byID: Test Cases/Mobile/Page/Run App/Run App byID

2021-12-06 08:42:49 - [TEST_STEP][PASSED] - startApp.OpenApp.startApplication("id.co.miraeasset.sageclub"): startApp.OpenApp.startApplication is PASSED

2021-12-06 08:43:01 - [MESSAGE][PASSED] - Starting app with application ID: 'id.co.miraeasset.sageclub'

2021-12-06 08:43:01 - [MESSAGE][PASSED] - startApp.OpenApp.startApplication is PASSED

2021-12-06 08:43:01 - [MESSAGE][PASSED] - Call Test Case 'Test Cases/Mobile/Page/Run App/Run App byID' successfully

2021-12-06 08:43:01 - [TEST_STEP][PASSED] - callTestCase(findTestCase("Mobile/Page/Portfolio/Portfolio"), ["tab":"stock", "action":"none"], CONTINUE_ON_FAILURE): Call Test Case 'Test Cases/Mobile/Page/Portfolio/Portfolio' successfully

2021-12-06 08:43:01 - [TEST_CASE][PASSED] - Test Cases/Mobile/Page/Portfolio/Portfolio: Test Cases/Mobile/Page/Portfolio/Portfolio

2021-12-06 08:43:01 - [TEST_STEP][PASSED] - loginCheck = verifyElementExist(findTestObject("Object Repository/Mobile/Page/Login/Button - Login"), 2, CONTINUE_ON_FAILURE): Element 'Object Repository/Mobile/Page/Login/Button - Login' is exist

2021-12-06 08:43:03 - [MESSAGE][PASSED] - Element 'Object Repository/Mobile/Page/Login/Button - Login' is exist

2021-12-06 08:43:03 - [TEST_STEP][PASSED] - if (loginCheck): Call Test Case 'Test Cases/Mobile/Page/Login/Login' successfully

2021-12-06 08:43:03 - [TEST_STEP][PASSED] - callTestCase(findTestCase("Mobile/Page/Login/Login"), [:], CONTINUE_ON_FAILURE): Call Test Case 'Test Cases/Mobile/Page/Login/Login' successfully

2021-12-06 08:43:03 - [TEST_CASE][PASSED] - Test Cases/Mobile/Page/Login/Login: Test Cases/Mobile/Page/Login/Login

2021-12-06 08:43:03 - [TEST_STEP][PASSED] - delay(2): Delayed 2 second(s)

2021-12-06 08:43:05 - [MESSAGE][PASSED] - Delayed 2 second(s)

2021-12-06 08:43:05 - [TEST_STEP][PASSED] - tap(findTestObject("Object Repository/Mobile/Page/Login/Input - UserID"), 0): Tapped on element 'Object Repository/Mobile/Page/Login/Input - UserID'

2021-12-06 08:43:05 - [MESSAGE][WARNING] - Timeout '0' is invalid. Using default page load timeout: '60'

2021-12-06 08:43:05 - [MESSAGE][PASSED] - Tapped on element 'Object Repository/Mobile/Page/Login/Input - UserID'

2021-12-06 08:43:05 - [TEST_STEP][PASSED] - delay(1): Delayed 1 second(s)

2021-12-06 08:43:06 - [MESSAGE][PASSED] - Delayed 1 second(s)

2021-12-06 08:43:06 - [TEST_STEP][PASSED] - setText(findTestObject("Object Repository/Mobile/Page/Login/Input Rdy - UserID"), "anggaaditya", 0): Text 'anggaaditya' has been set to element 'Object Repository/Mobile/Page/Login/Input Rdy - UserID'

2021-12-06 08:43:06 - [MESSAGE][WARNING] - Timeout '0' is invalid. Using default page load timeout: '60'

2021-12-06 08:43:09 - [MESSAGE][PASSED] - Text 'anggaaditya' has been set to element 'Object Repository/Mobile/Page/Login/Input Rdy - UserID'

2021-12-06 08:43:09 - [TEST_STEP][PASSED] - delay(1): Delayed 1 second(s)

2021-12-06 08:43:10 - [MESSAGE][PASSED] - Delayed 1 second(s)

2021-12-06 08:43:10 - [TEST_STEP][PASSED] - hideKeyboard(): Keyboard is hidden

2021-12-06 08:43:13 - [MESSAGE][PASSED] - Keyboard is hidden

2021-12-06 08:43:13 - [TEST_STEP][PASSED] - tap(findTestObject("Object Repository/Mobile/Page/Login/Input - Password"), 0): Tapped on element 'Object Repository/Mobile/Page/Login/Input - Password'

2021-12-06 08:43:13 - [MESSAGE][WARNING] - Timeout '0' is invalid. Using default page load timeout: '60'

2021-12-06 08:43:14 - [MESSAGE][PASSED] - Tapped on element 'Object Repository/Mobile/Page/Login/Input - Password'

2021-12-06 08:43:14 - [TEST_STEP][PASSED] - delay(1): Delayed 1 second(s)

2021-12-06 08:43:15 - [MESSAGE][PASSED] - Delayed 1 second(s)

2021-12-06 08:43:15 - [TEST_STEP][PASSED] - setText(findTestObject("Object Repository/Mobile/Page/Login/Input Rdy - Password"), "Shalawa18", 0): Text 'Shalawa18' has been set to element 'Object Repository/Mobile/Page/Login/Input Rdy - Password'

2021-12-06 08:43:15 - [MESSAGE][WARNING] - Timeout '0' is invalid. Using default page load timeout: '60'

2021-12-06 08:43:15 - [MESSAGE][PASSED] - Text 'Shalawa18' has been set to element 'Object Repository/Mobile/Page/Login/Input Rdy - Password'

2021-12-06 08:43:15 - [TEST_STEP][PASSED] - delay(1): Delayed 1 second(s)

2021-12-06 08:43:16 - [MESSAGE][PASSED] - Delayed 1 second(s)

2021-12-06 08:43:16 - [TEST_STEP][PASSED] - hideKeyboard(): Keyboard is hidden

2021-12-06 08:43:22 - [MESSAGE][PASSED] - Keyboard is hidden

2021-12-06 08:43:22 - [TEST_STEP][PASSED] - tap(findTestObject("Object Repository/Mobile/Page/Login/Button - Login"), 0): Tapped on element 'Object Repository/Mobile/Page/Login/Button - Login'

2021-12-06 08:43:22 - [MESSAGE][WARNING] - Timeout '0' is invalid. Using default page load timeout: '60'

2021-12-06 08:43:23 - [MESSAGE][PASSED] - Tapped on element 'Object Repository/Mobile/Page/Login/Button - Login'

2021-12-06 08:43:23 - [TEST_STEP][PASSED] - delay(2): Delayed 2 second(s)

2021-12-06 08:43:25 - [MESSAGE][PASSED] - Delayed 2 second(s)

2021-12-06 08:43:25 - [MESSAGE][PASSED] - Call Test Case 'Test Cases/Mobile/Page/Login/Login' successfully

2021-12-06 08:43:25 - [TEST_STEP][PASSED] - tap(findTestObject("Object Repository/Mobile/Page/Home/Menubar - Portfolio"), 0): Tapped on element 'Object Repository/Mobile/Page/Home/Menubar - Portfolio'

2021-12-06 08:43:25 - [MESSAGE][WARNING] - Timeout '0' is invalid. Using default page load timeout: '60'

2021-12-06 08:43:26 - [MESSAGE][PASSED] - Tapped on element 'Object Repository/Mobile/Page/Home/Menubar - Portfolio'

2021-12-06 08:43:26 - [TEST_STEP][PASSED] - delay(1): Delayed 1 second(s)

2021-12-06 08:43:27 - [MESSAGE][PASSED] - Delayed 1 second(s)

2021-12-06 08:43:27 - [TEST_STEP][PASSED] - for ([i = 0, i < 1, (i++)]): Delayed 3 second(s)

2021-12-06 08:43:27 - [TEST_STEP][PASSED] - if (tab == "summary"): null

2021-12-06 08:43:27 - [TEST_STEP][PASSED] - else if (tab == "stock"): Delayed 3 second(s)

2021-12-06 08:43:27 - [TEST_STEP][PASSED] - tap(findTestObject("Object Repository/Mobile/Page/Portfolio/Tab - Stock"), 0): Tapped on element 'Object Repository/Mobile/Page/Portfolio/Tab - Stock'

2021-12-06 08:43:27 - [MESSAGE][WARNING] - Timeout '0' is invalid. Using default page load timeout: '60'

2021-12-06 08:43:28 - [MESSAGE][PASSED] - Tapped on element 'Object Repository/Mobile/Page/Portfolio/Tab - Stock'

2021-12-06 08:43:28 - [TEST_STEP][PASSED] - scroll.scroll.scrollScreenBottomToTop(): scroll.scroll.scrollScreenBottomToTop is PASSED

2021-12-06 08:43:29 - [MESSAGE][PASSED] - Current device physical height is 1423

2021-12-06 08:43:29 - [MESSAGE][PASSED] - Current device physical width is 720

2021-12-06 08:43:30 - [MESSAGE][PASSED] - Swiped from 360,1,138 to 360,284

2021-12-06 08:43:30 - [MESSAGE][PASSED] - scroll.scroll.scrollScreenBottomToTop is PASSED

2021-12-06 08:43:30 - [TEST_STEP][PASSED] - delay(3): Delayed 3 second(s)

2021-12-06 08:43:33 - [MESSAGE][PASSED] - Delayed 3 second(s)

2021-12-06 08:43:33 - [MESSAGE][PASSED] - Call Test Case 'Test Cases/Mobile/Page/Portfolio/Portfolio' successfully

2021-12-06 08:43:33 - [TEST_STEP][PASSED] - callTestCase(findTestCase("Mobile/Page/Run App/Terminate App"), [:], STOP_ON_FAILURE): Call Test Case 'Test Cases/Mobile/Page/Run App/Terminate App' successfully

2021-12-06 08:43:33 - [TEST_CASE][PASSED] - Test Cases/Mobile/Page/Run App/Terminate App: Test Cases/Mobile/Page/Run App/Terminate App

2021-12-06 08:43:33 - [TEST_STEP][PASSED] - startApp.OpenApp.terminateApplication(): startApp.OpenApp.terminateApplication is PASSED

2021-12-06 08:43:36 - [MESSAGE][PASSED] - Delayed 3 second(s)

2021-12-06 08:43:36 - [MESSAGE][PASSED] - Current device physical width is 720

2021-12-06 08:43:37 - [MESSAGE][PASSED] - Current device physical height is 1423

2021-12-06 08:43:38 - [MESSAGE][PASSED] - Swiped from 360,853 to 360,142

2021-12-06 08:43:39 - [MESSAGE][PASSED] - Delayed 1 second(s)

2021-12-06 08:43:40 - [MESSAGE][PASSED] - Swiped from 360,853 to 360,142

2021-12-06 08:43:43 - [MESSAGE][PASSED] - Delayed 3 second(s)

2021-12-06 08:43:43 - [MESSAGE][PASSED] - startApp.OpenApp.terminateApplication is PASSED

2021-12-06 08:43:43 - [MESSAGE][PASSED] - Call Test Case 'Test Cases/Mobile/Page/Run App/Terminate App' successfully]]></system-out>
         <system-err><![CDATA[]]></system-err>
      </testcase>
      <testcase name="Test Cases/Mobile/Scenario/Portfolio/007 - Portfolio Mutual Fund" time="107.377" classname="Test Cases/Mobile/Scenario/Portfolio/007 - Portfolio Mutual Fund" status="PASSED">
         <system-out><![CDATA[2021-12-06 08:43:43 - [TEST_CASE][PASSED] - Test Cases/Mobile/Scenario/Portfolio/007 - Portfolio Mutual Fund: Test Cases/Mobile/Scenario/Portfolio/007 - Portfolio Mutual Fund

2021-12-06 08:43:44 - [TEST_STEP][PASSED] - callTestCase(findTestCase("Mobile/Page/Run App/Run App byID"), [:], STOP_ON_FAILURE): Call Test Case 'Test Cases/Mobile/Page/Run App/Run App byID' successfully

2021-12-06 08:43:44 - [TEST_CASE][PASSED] - Test Cases/Mobile/Page/Run App/Run App byID: Test Cases/Mobile/Page/Run App/Run App byID

2021-12-06 08:43:44 - [TEST_STEP][PASSED] - startApp.OpenApp.startApplication("id.co.miraeasset.sageclub"): startApp.OpenApp.startApplication is PASSED

2021-12-06 08:43:55 - [MESSAGE][PASSED] - Starting app with application ID: 'id.co.miraeasset.sageclub'

2021-12-06 08:43:55 - [MESSAGE][PASSED] - startApp.OpenApp.startApplication is PASSED

2021-12-06 08:43:55 - [MESSAGE][PASSED] - Call Test Case 'Test Cases/Mobile/Page/Run App/Run App byID' successfully

2021-12-06 08:43:55 - [TEST_STEP][PASSED] - callTestCase(findTestCase("Mobile/Page/Portfolio/Portfolio"), ["tab":"mutualfund", "action":"none"], STOP_ON_FAILURE): Call Test Case 'Test Cases/Mobile/Page/Portfolio/Portfolio' successfully

2021-12-06 08:43:55 - [TEST_CASE][PASSED] - Test Cases/Mobile/Page/Portfolio/Portfolio: Test Cases/Mobile/Page/Portfolio/Portfolio

2021-12-06 08:43:55 - [TEST_STEP][PASSED] - loginCheck = verifyElementExist(findTestObject("Object Repository/Mobile/Page/Login/Button - Login"), 2, CONTINUE_ON_FAILURE): Element 'Object Repository/Mobile/Page/Login/Button - Login' is exist

2021-12-06 08:43:57 - [MESSAGE][PASSED] - Element 'Object Repository/Mobile/Page/Login/Button - Login' is exist

2021-12-06 08:43:57 - [TEST_STEP][PASSED] - if (loginCheck): Call Test Case 'Test Cases/Mobile/Page/Login/Login' successfully

2021-12-06 08:43:57 - [TEST_STEP][PASSED] - callTestCase(findTestCase("Mobile/Page/Login/Login"), [:], CONTINUE_ON_FAILURE): Call Test Case 'Test Cases/Mobile/Page/Login/Login' successfully

2021-12-06 08:43:58 - [TEST_CASE][PASSED] - Test Cases/Mobile/Page/Login/Login: Test Cases/Mobile/Page/Login/Login

2021-12-06 08:43:58 - [TEST_STEP][PASSED] - delay(2): Delayed 2 second(s)

2021-12-06 08:44:00 - [MESSAGE][PASSED] - Delayed 2 second(s)

2021-12-06 08:44:00 - [TEST_STEP][PASSED] - tap(findTestObject("Object Repository/Mobile/Page/Login/Input - UserID"), 0): Tapped on element 'Object Repository/Mobile/Page/Login/Input - UserID'

2021-12-06 08:44:00 - [MESSAGE][WARNING] - Timeout '0' is invalid. Using default page load timeout: '60'

2021-12-06 08:44:00 - [MESSAGE][PASSED] - Tapped on element 'Object Repository/Mobile/Page/Login/Input - UserID'

2021-12-06 08:44:00 - [TEST_STEP][PASSED] - delay(1): Delayed 1 second(s)

2021-12-06 08:44:01 - [MESSAGE][PASSED] - Delayed 1 second(s)

2021-12-06 08:44:01 - [TEST_STEP][PASSED] - setText(findTestObject("Object Repository/Mobile/Page/Login/Input Rdy - UserID"), "anggaaditya", 0): Text 'anggaaditya' has been set to element 'Object Repository/Mobile/Page/Login/Input Rdy - UserID'

2021-12-06 08:44:01 - [MESSAGE][WARNING] - Timeout '0' is invalid. Using default page load timeout: '60'

2021-12-06 08:44:02 - [MESSAGE][PASSED] - Text 'anggaaditya' has been set to element 'Object Repository/Mobile/Page/Login/Input Rdy - UserID'

2021-12-06 08:44:02 - [TEST_STEP][PASSED] - delay(1): Delayed 1 second(s)

2021-12-06 08:44:03 - [MESSAGE][PASSED] - Delayed 1 second(s)

2021-12-06 08:44:03 - [TEST_STEP][PASSED] - hideKeyboard(): Keyboard is hidden

2021-12-06 08:44:06 - [MESSAGE][PASSED] - Keyboard is hidden

2021-12-06 08:44:06 - [TEST_STEP][PASSED] - tap(findTestObject("Object Repository/Mobile/Page/Login/Input - Password"), 0): Tapped on element 'Object Repository/Mobile/Page/Login/Input - Password'

2021-12-06 08:44:06 - [MESSAGE][WARNING] - Timeout '0' is invalid. Using default page load timeout: '60'

2021-12-06 08:44:07 - [MESSAGE][PASSED] - Tapped on element 'Object Repository/Mobile/Page/Login/Input - Password'

2021-12-06 08:44:07 - [TEST_STEP][PASSED] - delay(1): Delayed 1 second(s)

2021-12-06 08:44:08 - [MESSAGE][PASSED] - Delayed 1 second(s)

2021-12-06 08:44:08 - [TEST_STEP][PASSED] - setText(findTestObject("Object Repository/Mobile/Page/Login/Input Rdy - Password"), "Shalawa18", 0): Text 'Shalawa18' has been set to element 'Object Repository/Mobile/Page/Login/Input Rdy - Password'

2021-12-06 08:44:08 - [MESSAGE][WARNING] - Timeout '0' is invalid. Using default page load timeout: '60'

2021-12-06 08:44:08 - [MESSAGE][PASSED] - Text 'Shalawa18' has been set to element 'Object Repository/Mobile/Page/Login/Input Rdy - Password'

2021-12-06 08:44:08 - [TEST_STEP][PASSED] - delay(1): Delayed 1 second(s)

2021-12-06 08:44:09 - [MESSAGE][PASSED] - Delayed 1 second(s)

2021-12-06 08:44:09 - [TEST_STEP][PASSED] - hideKeyboard(): Keyboard is hidden

2021-12-06 08:44:16 - [MESSAGE][PASSED] - Keyboard is hidden

2021-12-06 08:44:16 - [TEST_STEP][PASSED] - tap(findTestObject("Object Repository/Mobile/Page/Login/Button - Login"), 0): Tapped on element 'Object Repository/Mobile/Page/Login/Button - Login'

2021-12-06 08:44:16 - [MESSAGE][WARNING] - Timeout '0' is invalid. Using default page load timeout: '60'

2021-12-06 08:44:17 - [MESSAGE][PASSED] - Tapped on element 'Object Repository/Mobile/Page/Login/Button - Login'

2021-12-06 08:44:17 - [TEST_STEP][PASSED] - delay(2): Delayed 2 second(s)

2021-12-06 08:44:19 - [MESSAGE][PASSED] - Delayed 2 second(s)

2021-12-06 08:44:19 - [MESSAGE][PASSED] - Call Test Case 'Test Cases/Mobile/Page/Login/Login' successfully

2021-12-06 08:44:19 - [TEST_STEP][PASSED] - tap(findTestObject("Object Repository/Mobile/Page/Home/Menubar - Portfolio"), 0): Tapped on element 'Object Repository/Mobile/Page/Home/Menubar - Portfolio'

2021-12-06 08:44:19 - [MESSAGE][WARNING] - Timeout '0' is invalid. Using default page load timeout: '60'

2021-12-06 08:44:19 - [MESSAGE][PASSED] - Tapped on element 'Object Repository/Mobile/Page/Home/Menubar - Portfolio'

2021-12-06 08:44:19 - [TEST_STEP][PASSED] - delay(1): Delayed 1 second(s)

2021-12-06 08:44:20 - [MESSAGE][PASSED] - Delayed 1 second(s)

2021-12-06 08:44:20 - [TEST_STEP][PASSED] - for ([i = 0, i < 1, (i++)]): scroll.scroll.scrollScreenBottomToTop is PASSED

2021-12-06 08:44:20 - [TEST_STEP][PASSED] - if (tab == "summary"): null

2021-12-06 08:44:20 - [TEST_STEP][PASSED] - else if (tab == "stock"): null

2021-12-06 08:44:20 - [TEST_STEP][PASSED] - else if (tab == "mutualfund"): scroll.scroll.scrollScreenBottomToTop is PASSED

2021-12-06 08:44:20 - [TEST_STEP][PASSED] - tap(findTestObject("Object Repository/Mobile/Page/Portfolio/Tab - Mutual Fund"), 0): Tapped on element 'Object Repository/Mobile/Page/Portfolio/Tab - Mutual Fund'

2021-12-06 08:44:20 - [MESSAGE][WARNING] - Timeout '0' is invalid. Using default page load timeout: '60'

2021-12-06 08:44:21 - [MESSAGE][PASSED] - Tapped on element 'Object Repository/Mobile/Page/Portfolio/Tab - Mutual Fund'

2021-12-06 08:44:21 - [TEST_STEP][PASSED] - delay(1): Delayed 1 second(s)

2021-12-06 08:44:22 - [MESSAGE][PASSED] - Delayed 1 second(s)

2021-12-06 08:44:22 - [TEST_STEP][PASSED] - tapAndHold(findTestObject("Object Repository/Mobile/Page/Portfolio/Item - Top Mutual Fund"), 1, 0): Tapped and held on element 'Object Repository/Mobile/Page/Portfolio/Item - Top Mutual Fund' with duration 1

2021-12-06 08:44:22 - [MESSAGE][WARNING] - Timeout '0' is invalid. Using default page load timeout: '60'

2021-12-06 08:44:25 - [MESSAGE][PASSED] - Tapped and held on element 'Object Repository/Mobile/Page/Portfolio/Item - Top Mutual Fund' with duration 1

2021-12-06 08:44:25 - [TEST_STEP][PASSED] - delay(2): Delayed 2 second(s)

2021-12-06 08:44:27 - [MESSAGE][PASSED] - Delayed 2 second(s)

2021-12-06 08:44:27 - [TEST_STEP][PASSED] - tapAndHold(findTestObject("Object Repository/Mobile/Page/Portfolio/Detail Mutual Funds/Button - 1 Month"), 1, 0): Tapped and held on element 'Object Repository/Mobile/Page/Portfolio/Detail Mutual Funds/Button - 1 Month' with duration 1

2021-12-06 08:44:27 - [MESSAGE][WARNING] - Timeout '0' is invalid. Using default page load timeout: '60'

2021-12-06 08:44:30 - [MESSAGE][PASSED] - Tapped and held on element 'Object Repository/Mobile/Page/Portfolio/Detail Mutual Funds/Button - 1 Month' with duration 1

2021-12-06 08:44:30 - [TEST_STEP][PASSED] - delay(3): Delayed 3 second(s)

2021-12-06 08:44:33 - [MESSAGE][PASSED] - Delayed 3 second(s)

2021-12-06 08:44:33 - [TEST_STEP][PASSED] - scroll.scroll.scrollScreenBottomToTop(): scroll.scroll.scrollScreenBottomToTop is PASSED

2021-12-06 08:44:33 - [MESSAGE][PASSED] - Current device physical height is 1423

2021-12-06 08:44:34 - [MESSAGE][PASSED] - Current device physical width is 720

2021-12-06 08:44:35 - [MESSAGE][PASSED] - Swiped from 360,1,138 to 360,284

2021-12-06 08:44:35 - [MESSAGE][PASSED] - scroll.scroll.scrollScreenBottomToTop is PASSED

2021-12-06 08:44:35 - [TEST_STEP][PASSED] - tapAndHold(findTestObject("Object Repository/Mobile/Page/Portfolio/Detail Mutual Funds/Button - 3 Month"), 1, 0): Tapped and held on element 'Object Repository/Mobile/Page/Portfolio/Detail Mutual Funds/Button - 3 Month' with duration 1

2021-12-06 08:44:35 - [MESSAGE][WARNING] - Timeout '0' is invalid. Using default page load timeout: '60'

2021-12-06 08:44:38 - [MESSAGE][PASSED] - Tapped and held on element 'Object Repository/Mobile/Page/Portfolio/Detail Mutual Funds/Button - 3 Month' with duration 1

2021-12-06 08:44:38 - [TEST_STEP][PASSED] - delay(3): Delayed 3 second(s)

2021-12-06 08:44:41 - [MESSAGE][PASSED] - Delayed 3 second(s)

2021-12-06 08:44:41 - [TEST_STEP][PASSED] - scroll.scroll.scrollScreenBottomToTop(): scroll.scroll.scrollScreenBottomToTop is PASSED

2021-12-06 08:44:41 - [MESSAGE][PASSED] - Current device physical height is 1423

2021-12-06 08:44:41 - [MESSAGE][PASSED] - Current device physical width is 720

2021-12-06 08:44:42 - [MESSAGE][PASSED] - Swiped from 360,1,138 to 360,284

2021-12-06 08:44:42 - [MESSAGE][PASSED] - scroll.scroll.scrollScreenBottomToTop is PASSED

2021-12-06 08:44:42 - [TEST_STEP][PASSED] - tapAndHold(findTestObject("Object Repository/Mobile/Page/Portfolio/Detail Mutual Funds/Button - 6 Month"), 1, 0): Tapped and held on element 'Object Repository/Mobile/Page/Portfolio/Detail Mutual Funds/Button - 6 Month' with duration 1

2021-12-06 08:44:42 - [MESSAGE][WARNING] - Timeout '0' is invalid. Using default page load timeout: '60'

2021-12-06 08:44:45 - [MESSAGE][PASSED] - Tapped and held on element 'Object Repository/Mobile/Page/Portfolio/Detail Mutual Funds/Button - 6 Month' with duration 1

2021-12-06 08:44:45 - [TEST_STEP][PASSED] - delay(3): Delayed 3 second(s)

2021-12-06 08:44:48 - [MESSAGE][PASSED] - Delayed 3 second(s)

2021-12-06 08:44:48 - [TEST_STEP][PASSED] - scroll.scroll.scrollScreenBottomToTop(): scroll.scroll.scrollScreenBottomToTop is PASSED

2021-12-06 08:44:48 - [MESSAGE][PASSED] - Current device physical height is 1423

2021-12-06 08:44:49 - [MESSAGE][PASSED] - Current device physical width is 720

2021-12-06 08:44:50 - [MESSAGE][PASSED] - Swiped from 360,1,138 to 360,284

2021-12-06 08:44:50 - [MESSAGE][PASSED] - scroll.scroll.scrollScreenBottomToTop is PASSED

2021-12-06 08:44:50 - [TEST_STEP][PASSED] - tapAndHold(findTestObject("Object Repository/Mobile/Page/Portfolio/Detail Mutual Funds/Button - 1 Year"), 1, 0): Tapped and held on element 'Object Repository/Mobile/Page/Portfolio/Detail Mutual Funds/Button - 1 Year' with duration 1

2021-12-06 08:44:50 - [MESSAGE][WARNING] - Timeout '0' is invalid. Using default page load timeout: '60'

2021-12-06 08:44:53 - [MESSAGE][PASSED] - Tapped and held on element 'Object Repository/Mobile/Page/Portfolio/Detail Mutual Funds/Button - 1 Year' with duration 1

2021-12-06 08:44:53 - [TEST_STEP][PASSED] - delay(3): Delayed 3 second(s)

2021-12-06 08:44:56 - [MESSAGE][PASSED] - Delayed 3 second(s)

2021-12-06 08:44:56 - [TEST_STEP][PASSED] - scroll.scroll.scrollScreenBottomToTop(): scroll.scroll.scrollScreenBottomToTop is PASSED

2021-12-06 08:44:56 - [MESSAGE][PASSED] - Current device physical height is 1423

2021-12-06 08:44:56 - [MESSAGE][PASSED] - Current device physical width is 720

2021-12-06 08:44:57 - [MESSAGE][PASSED] - Swiped from 360,1,138 to 360,284

2021-12-06 08:44:57 - [MESSAGE][PASSED] - scroll.scroll.scrollScreenBottomToTop is PASSED

2021-12-06 08:44:57 - [TEST_STEP][PASSED] - tapAndHold(findTestObject("Object Repository/Mobile/Page/Portfolio/Detail Mutual Funds/Button - 3 Year"), 1, 0): Tapped and held on element 'Object Repository/Mobile/Page/Portfolio/Detail Mutual Funds/Button - 3 Year' with duration 1

2021-12-06 08:44:57 - [MESSAGE][WARNING] - Timeout '0' is invalid. Using default page load timeout: '60'

2021-12-06 08:45:01 - [MESSAGE][PASSED] - Tapped and held on element 'Object Repository/Mobile/Page/Portfolio/Detail Mutual Funds/Button - 3 Year' with duration 1

2021-12-06 08:45:01 - [TEST_STEP][PASSED] - delay(3): Delayed 3 second(s)

2021-12-06 08:45:04 - [MESSAGE][PASSED] - Delayed 3 second(s)

2021-12-06 08:45:04 - [TEST_STEP][PASSED] - scroll.scroll.scrollScreenBottomToTop(): scroll.scroll.scrollScreenBottomToTop is PASSED

2021-12-06 08:45:04 - [MESSAGE][PASSED] - Current device physical height is 1423

2021-12-06 08:45:05 - [MESSAGE][PASSED] - Current device physical width is 720

2021-12-06 08:45:06 - [MESSAGE][PASSED] - Swiped from 360,1,138 to 360,284

2021-12-06 08:45:06 - [MESSAGE][PASSED] - scroll.scroll.scrollScreenBottomToTop is PASSED

2021-12-06 08:45:06 - [TEST_STEP][PASSED] - tapAndHold(findTestObject("Object Repository/Mobile/Page/Portfolio/Detail Mutual Funds/Button - 5 Year"), 1, 0): Tapped and held on element 'Object Repository/Mobile/Page/Portfolio/Detail Mutual Funds/Button - 5 Year' with duration 1

2021-12-06 08:45:06 - [MESSAGE][WARNING] - Timeout '0' is invalid. Using default page load timeout: '60'

2021-12-06 08:45:09 - [MESSAGE][PASSED] - Tapped and held on element 'Object Repository/Mobile/Page/Portfolio/Detail Mutual Funds/Button - 5 Year' with duration 1

2021-12-06 08:45:09 - [TEST_STEP][PASSED] - delay(3): Delayed 3 second(s)

2021-12-06 08:45:12 - [MESSAGE][PASSED] - Delayed 3 second(s)

2021-12-06 08:45:12 - [TEST_STEP][PASSED] - scroll.scroll.scrollScreenBottomToTop(): scroll.scroll.scrollScreenBottomToTop is PASSED

2021-12-06 08:45:12 - [MESSAGE][PASSED] - Current device physical height is 1423

2021-12-06 08:45:12 - [MESSAGE][PASSED] - Current device physical width is 720

2021-12-06 08:45:13 - [MESSAGE][PASSED] - Swiped from 360,1,138 to 360,284

2021-12-06 08:45:13 - [MESSAGE][PASSED] - scroll.scroll.scrollScreenBottomToTop is PASSED

2021-12-06 08:45:13 - [TEST_STEP][PASSED] - tapAndHold(findTestObject("Object Repository/Mobile/Page/Portfolio/Detail Mutual Funds/Button - 10 Year"), 1, 0): Tapped and held on element 'Object Repository/Mobile/Page/Portfolio/Detail Mutual Funds/Button - 10 Year' with duration 1

2021-12-06 08:45:13 - [MESSAGE][WARNING] - Timeout '0' is invalid. Using default page load timeout: '60'

2021-12-06 08:45:16 - [MESSAGE][PASSED] - Tapped and held on element 'Object Repository/Mobile/Page/Portfolio/Detail Mutual Funds/Button - 10 Year' with duration 1

2021-12-06 08:45:16 - [TEST_STEP][PASSED] - delay(3): Delayed 3 second(s)

2021-12-06 08:45:19 - [MESSAGE][PASSED] - Delayed 3 second(s)

2021-12-06 08:45:19 - [TEST_STEP][PASSED] - scroll.scroll.scrollScreenBottomToTop(): scroll.scroll.scrollScreenBottomToTop is PASSED

2021-12-06 08:45:19 - [MESSAGE][PASSED] - Current device physical height is 1423

2021-12-06 08:45:19 - [MESSAGE][PASSED] - Current device physical width is 720

2021-12-06 08:45:21 - [MESSAGE][PASSED] - Swiped from 360,1,138 to 360,284

2021-12-06 08:45:21 - [MESSAGE][PASSED] - scroll.scroll.scrollScreenBottomToTop is PASSED

2021-12-06 08:45:21 - [MESSAGE][PASSED] - Call Test Case 'Test Cases/Mobile/Page/Portfolio/Portfolio' successfully

2021-12-06 08:45:21 - [TEST_STEP][PASSED] - callTestCase(findTestCase("Mobile/Page/Run App/Terminate App"), [:], STOP_ON_FAILURE): Call Test Case 'Test Cases/Mobile/Page/Run App/Terminate App' successfully

2021-12-06 08:45:21 - [TEST_CASE][PASSED] - Test Cases/Mobile/Page/Run App/Terminate App: Test Cases/Mobile/Page/Run App/Terminate App

2021-12-06 08:45:21 - [TEST_STEP][PASSED] - startApp.OpenApp.terminateApplication(): startApp.OpenApp.terminateApplication is PASSED

2021-12-06 08:45:24 - [MESSAGE][PASSED] - Delayed 3 second(s)

2021-12-06 08:45:24 - [MESSAGE][PASSED] - Current device physical width is 720

2021-12-06 08:45:24 - [MESSAGE][PASSED] - Current device physical height is 1423

2021-12-06 08:45:25 - [MESSAGE][PASSED] - Swiped from 360,853 to 360,142

2021-12-06 08:45:26 - [MESSAGE][PASSED] - Delayed 1 second(s)

2021-12-06 08:45:28 - [MESSAGE][PASSED] - Swiped from 360,853 to 360,142

2021-12-06 08:45:31 - [MESSAGE][PASSED] - Delayed 3 second(s)

2021-12-06 08:45:31 - [MESSAGE][PASSED] - startApp.OpenApp.terminateApplication is PASSED

2021-12-06 08:45:31 - [MESSAGE][PASSED] - Call Test Case 'Test Cases/Mobile/Page/Run App/Terminate App' successfully]]></system-out>
         <system-err><![CDATA[]]></system-err>
      </testcase>
      <testcase name="Test Cases/Mobile/Scenario/Portfolio/008 - Portfolio Bond" time="54.885" classname="Test Cases/Mobile/Scenario/Portfolio/008 - Portfolio Bond" status="PASSED">
         <system-out><![CDATA[2021-12-06 08:45:31 - [TEST_CASE][PASSED] - Test Cases/Mobile/Scenario/Portfolio/008 - Portfolio Bond: Test Cases/Mobile/Scenario/Portfolio/008 - Portfolio Bond

2021-12-06 08:45:31 - [TEST_STEP][PASSED] - callTestCase(findTestCase("Mobile/Page/Run App/Run App byID"), [:], STOP_ON_FAILURE): Call Test Case 'Test Cases/Mobile/Page/Run App/Run App byID' successfully

2021-12-06 08:45:31 - [TEST_CASE][PASSED] - Test Cases/Mobile/Page/Run App/Run App byID: Test Cases/Mobile/Page/Run App/Run App byID

2021-12-06 08:45:31 - [TEST_STEP][PASSED] - startApp.OpenApp.startApplication("id.co.miraeasset.sageclub"): startApp.OpenApp.startApplication is PASSED

2021-12-06 08:45:43 - [MESSAGE][PASSED] - Starting app with application ID: 'id.co.miraeasset.sageclub'

2021-12-06 08:45:43 - [MESSAGE][PASSED] - startApp.OpenApp.startApplication is PASSED

2021-12-06 08:45:43 - [MESSAGE][PASSED] - Call Test Case 'Test Cases/Mobile/Page/Run App/Run App byID' successfully

2021-12-06 08:45:43 - [TEST_STEP][PASSED] - callTestCase(findTestCase("Mobile/Page/Portfolio/Portfolio"), ["tab":"bond", "action":"none"], CONTINUE_ON_FAILURE): Call Test Case 'Test Cases/Mobile/Page/Portfolio/Portfolio' successfully

2021-12-06 08:45:43 - [TEST_CASE][PASSED] - Test Cases/Mobile/Page/Portfolio/Portfolio: Test Cases/Mobile/Page/Portfolio/Portfolio

2021-12-06 08:45:43 - [TEST_STEP][PASSED] - loginCheck = verifyElementExist(findTestObject("Object Repository/Mobile/Page/Login/Button - Login"), 2, CONTINUE_ON_FAILURE): Element 'Object Repository/Mobile/Page/Login/Button - Login' is exist

2021-12-06 08:45:45 - [MESSAGE][PASSED] - Element 'Object Repository/Mobile/Page/Login/Button - Login' is exist

2021-12-06 08:45:45 - [TEST_STEP][PASSED] - if (loginCheck): Call Test Case 'Test Cases/Mobile/Page/Login/Login' successfully

2021-12-06 08:45:45 - [TEST_STEP][PASSED] - callTestCase(findTestCase("Mobile/Page/Login/Login"), [:], CONTINUE_ON_FAILURE): Call Test Case 'Test Cases/Mobile/Page/Login/Login' successfully

2021-12-06 08:45:45 - [TEST_CASE][PASSED] - Test Cases/Mobile/Page/Login/Login: Test Cases/Mobile/Page/Login/Login

2021-12-06 08:45:45 - [TEST_STEP][PASSED] - delay(2): Delayed 2 second(s)

2021-12-06 08:45:47 - [MESSAGE][PASSED] - Delayed 2 second(s)

2021-12-06 08:45:47 - [TEST_STEP][PASSED] - tap(findTestObject("Object Repository/Mobile/Page/Login/Input - UserID"), 0): Tapped on element 'Object Repository/Mobile/Page/Login/Input - UserID'

2021-12-06 08:45:47 - [MESSAGE][WARNING] - Timeout '0' is invalid. Using default page load timeout: '60'

2021-12-06 08:45:47 - [MESSAGE][PASSED] - Tapped on element 'Object Repository/Mobile/Page/Login/Input - UserID'

2021-12-06 08:45:47 - [TEST_STEP][PASSED] - delay(1): Delayed 1 second(s)

2021-12-06 08:45:48 - [MESSAGE][PASSED] - Delayed 1 second(s)

2021-12-06 08:45:48 - [TEST_STEP][PASSED] - setText(findTestObject("Object Repository/Mobile/Page/Login/Input Rdy - UserID"), "anggaaditya", 0): Text 'anggaaditya' has been set to element 'Object Repository/Mobile/Page/Login/Input Rdy - UserID'

2021-12-06 08:45:48 - [MESSAGE][WARNING] - Timeout '0' is invalid. Using default page load timeout: '60'

2021-12-06 08:45:49 - [MESSAGE][PASSED] - Text 'anggaaditya' has been set to element 'Object Repository/Mobile/Page/Login/Input Rdy - UserID'

2021-12-06 08:45:49 - [TEST_STEP][PASSED] - delay(1): Delayed 1 second(s)

2021-12-06 08:45:50 - [MESSAGE][PASSED] - Delayed 1 second(s)

2021-12-06 08:45:50 - [TEST_STEP][PASSED] - hideKeyboard(): Keyboard is hidden

2021-12-06 08:45:55 - [MESSAGE][PASSED] - Keyboard is hidden

2021-12-06 08:45:55 - [TEST_STEP][PASSED] - tap(findTestObject("Object Repository/Mobile/Page/Login/Input - Password"), 0): Tapped on element 'Object Repository/Mobile/Page/Login/Input - Password'

2021-12-06 08:45:55 - [MESSAGE][WARNING] - Timeout '0' is invalid. Using default page load timeout: '60'

2021-12-06 08:45:55 - [MESSAGE][PASSED] - Tapped on element 'Object Repository/Mobile/Page/Login/Input - Password'

2021-12-06 08:45:55 - [TEST_STEP][PASSED] - delay(1): Delayed 1 second(s)

2021-12-06 08:45:56 - [MESSAGE][PASSED] - Delayed 1 second(s)

2021-12-06 08:45:56 - [TEST_STEP][PASSED] - setText(findTestObject("Object Repository/Mobile/Page/Login/Input Rdy - Password"), "Shalawa18", 0): Text 'Shalawa18' has been set to element 'Object Repository/Mobile/Page/Login/Input Rdy - Password'

2021-12-06 08:45:56 - [MESSAGE][WARNING] - Timeout '0' is invalid. Using default page load timeout: '60'

2021-12-06 08:45:57 - [MESSAGE][PASSED] - Text 'Shalawa18' has been set to element 'Object Repository/Mobile/Page/Login/Input Rdy - Password'

2021-12-06 08:45:57 - [TEST_STEP][PASSED] - delay(1): Delayed 1 second(s)

2021-12-06 08:45:58 - [MESSAGE][PASSED] - Delayed 1 second(s)

2021-12-06 08:45:58 - [TEST_STEP][PASSED] - hideKeyboard(): Keyboard is hidden

2021-12-06 08:46:04 - [MESSAGE][PASSED] - Keyboard is hidden

2021-12-06 08:46:04 - [TEST_STEP][PASSED] - tap(findTestObject("Object Repository/Mobile/Page/Login/Button - Login"), 0): Tapped on element 'Object Repository/Mobile/Page/Login/Button - Login'

2021-12-06 08:46:04 - [MESSAGE][WARNING] - Timeout '0' is invalid. Using default page load timeout: '60'

2021-12-06 08:46:05 - [MESSAGE][PASSED] - Tapped on element 'Object Repository/Mobile/Page/Login/Button - Login'

2021-12-06 08:46:05 - [TEST_STEP][PASSED] - delay(2): Delayed 2 second(s)

2021-12-06 08:46:07 - [MESSAGE][PASSED] - Delayed 2 second(s)

2021-12-06 08:46:07 - [MESSAGE][PASSED] - Call Test Case 'Test Cases/Mobile/Page/Login/Login' successfully

2021-12-06 08:46:07 - [TEST_STEP][PASSED] - tap(findTestObject("Object Repository/Mobile/Page/Home/Menubar - Portfolio"), 0): Tapped on element 'Object Repository/Mobile/Page/Home/Menubar - Portfolio'

2021-12-06 08:46:07 - [MESSAGE][WARNING] - Timeout '0' is invalid. Using default page load timeout: '60'

2021-12-06 08:46:08 - [MESSAGE][PASSED] - Tapped on element 'Object Repository/Mobile/Page/Home/Menubar - Portfolio'

2021-12-06 08:46:08 - [TEST_STEP][PASSED] - delay(1): Delayed 1 second(s)

2021-12-06 08:46:09 - [MESSAGE][PASSED] - Delayed 1 second(s)

2021-12-06 08:46:09 - [TEST_STEP][PASSED] - for ([i = 0, i < 1, (i++)]): Delayed 3 second(s)

2021-12-06 08:46:09 - [TEST_STEP][PASSED] - if (tab == "summary"): null

2021-12-06 08:46:09 - [TEST_STEP][PASSED] - else if (tab == "stock"): null

2021-12-06 08:46:09 - [TEST_STEP][PASSED] - else if (tab == "mutualfund"): null

2021-12-06 08:46:09 - [TEST_STEP][PASSED] - else if (tab == "bond"): Delayed 3 second(s)

2021-12-06 08:46:09 - [TEST_STEP][PASSED] - tap(findTestObject("Object Repository/Mobile/Page/Portfolio/Tab - Bond"), 0): Tapped on element 'Object Repository/Mobile/Page/Portfolio/Tab - Bond'

2021-12-06 08:46:09 - [MESSAGE][WARNING] - Timeout '0' is invalid. Using default page load timeout: '60'

2021-12-06 08:46:11 - [MESSAGE][PASSED] - Tapped on element 'Object Repository/Mobile/Page/Portfolio/Tab - Bond'

2021-12-06 08:46:11 - [TEST_STEP][PASSED] - scroll.scroll.scrollScreenBottomToTop(): scroll.scroll.scrollScreenBottomToTop is PASSED

2021-12-06 08:46:11 - [MESSAGE][PASSED] - Current device physical height is 1423

2021-12-06 08:46:11 - [MESSAGE][PASSED] - Current device physical width is 720

2021-12-06 08:46:12 - [MESSAGE][PASSED] - Swiped from 360,1,138 to 360,284

2021-12-06 08:46:12 - [MESSAGE][PASSED] - scroll.scroll.scrollScreenBottomToTop is PASSED

2021-12-06 08:46:12 - [TEST_STEP][PASSED] - delay(3): Delayed 3 second(s)

2021-12-06 08:46:15 - [MESSAGE][PASSED] - Delayed 3 second(s)

2021-12-06 08:46:15 - [MESSAGE][PASSED] - Call Test Case 'Test Cases/Mobile/Page/Portfolio/Portfolio' successfully

2021-12-06 08:46:15 - [TEST_STEP][PASSED] - callTestCase(findTestCase("Mobile/Page/Run App/Terminate App"), [:], STOP_ON_FAILURE): Call Test Case 'Test Cases/Mobile/Page/Run App/Terminate App' successfully

2021-12-06 08:46:15 - [TEST_CASE][PASSED] - Test Cases/Mobile/Page/Run App/Terminate App: Test Cases/Mobile/Page/Run App/Terminate App

2021-12-06 08:46:15 - [TEST_STEP][PASSED] - startApp.OpenApp.terminateApplication(): startApp.OpenApp.terminateApplication is PASSED

2021-12-06 08:46:19 - [MESSAGE][PASSED] - Delayed 3 second(s)

2021-12-06 08:46:19 - [MESSAGE][PASSED] - Current device physical width is 720

2021-12-06 08:46:19 - [MESSAGE][PASSED] - Current device physical height is 1423

2021-12-06 08:46:20 - [MESSAGE][PASSED] - Swiped from 360,853 to 360,142

2021-12-06 08:46:21 - [MESSAGE][PASSED] - Delayed 1 second(s)

2021-12-06 08:46:23 - [MESSAGE][PASSED] - Swiped from 360,853 to 360,142

2021-12-06 08:46:26 - [MESSAGE][PASSED] - Delayed 3 second(s)

2021-12-06 08:46:26 - [MESSAGE][PASSED] - startApp.OpenApp.terminateApplication is PASSED

2021-12-06 08:46:26 - [MESSAGE][PASSED] - Call Test Case 'Test Cases/Mobile/Page/Run App/Terminate App' successfully]]></system-out>
         <system-err><![CDATA[]]></system-err>
      </testcase>
      <system-out><![CDATA[2021-12-06 08:37:53 - [TEST_SUITE][PASSED] - portfolio: Test Cases/Mobile/Scenario/Portfolio/008 - Portfolio Bond]]></system-out>
      <system-err><![CDATA[]]></system-err>
   </testsuite>
</testsuites>
