<?xml version="1.0" encoding="UTF-8"?>
<testsuites name="portfolio" time="1288.827" tests="19" failures="0" skips="0" errors="0">
   <testsuite name="portfolio" tests="19" failures="0" errors="0" time="1288.827" skips="0" timestamp="2022-01-04 09:35:57" hostname="Owner - aldy-tft" id="Test Suites/portfolio">
      <properties>
         <property name="deviceName" value="samsung SM-A205F (Android 11)"/>
         <property name="devicePlatform" value=""/>
         <property name="logFolder" value="C:\\Users\\Owner\\Documents\\kerjaan\\KatalonProject\\qa_katalon_pwm\\qa_katalon_pwm\\Reports\\20220104_093546\\portfolio\\20220104_093548"/>
         <property name="logFiles" value="C:\\Users\\Owner\\Documents\\kerjaan\\KatalonProject\\qa_katalon_pwm\\qa_katalon_pwm\\Reports\\20220104_093546\\portfolio\\20220104_093548\\appium.log, C:\\Users\\Owner\\Documents\\kerjaan\\KatalonProject\\qa_katalon_pwm\\qa_katalon_pwm\\Reports\\20220104_093546\\portfolio\\20220104_093548\\execution0.log"/>
         <property name="attachments" value=""/>
         <property name="hostName" value="Owner - aldy-tft"/>
         <property name="os" value="Windows 10 64bit"/>
         <property name="appiumServerStatus" value="{&quot;value&quot;:{&quot;build&quot;:{&quot;version&quot;:&quot;1.22.0&quot;}},&quot;sessionId&quot;:null,&quot;status&quot;:0}"/>
         <property name="katalonVersion" value="7.9.1.208"/>
         <property name="deviceOS" value="Android"/>
         <property name="appiumVersion" value="1.22.0"/>
         <property name="deviceModel" value="SM-A205F"/>
         <property name="hostAddress" value="10.0.30.143"/>
         <property name="deviceManufacturer" value="samsung"/>
         <property name="deviceId" value="RR8M40C9AXE"/>
         <property name="deviceName" value="samsung SM-A205F (Android 11)"/>
         <property name="deviceOSVersion" value="11"/>
      </properties>
      <testcase name="Test Cases/Mobile/Scenario/Portfolio/001 - Summary" time="74.604" classname="Test Cases/Mobile/Scenario/Portfolio/001 - Summary" status="PASSED">
         <system-out><![CDATA[2022-01-04 09:35:58 - [TEST_CASE][PASSED] - Test Cases/Mobile/Scenario/Portfolio/001 - Summary: Test Cases/Mobile/Scenario/Portfolio/001 - Summary

2022-01-04 09:35:58 - [TEST_STEP][PASSED] - callTestCase(findTestCase("Mobile/Page/Run App/Run App byID"), [:], STOP_ON_FAILURE): Call Test Case 'Test Cases/Mobile/Page/Run App/Run App byID' successfully

2022-01-04 09:35:58 - [TEST_CASE][PASSED] - Test Cases/Mobile/Page/Run App/Run App byID: Test Cases/Mobile/Page/Run App/Run App byID

2022-01-04 09:35:59 - [TEST_STEP][PASSED] - startApp.OpenApp.startApplication("id.co.miraeasset.sageclub"): startApp.OpenApp.startApplication is PASSED

2022-01-04 09:36:00 - [MESSAGE][INFO] - Appium server started on port 53,892

2022-01-04 09:36:17 - [MESSAGE][PASSED] - Starting app with application ID: 'id.co.miraeasset.sageclub'

2022-01-04 09:36:17 - [MESSAGE][PASSED] - startApp.OpenApp.startApplication is PASSED

2022-01-04 09:36:17 - [MESSAGE][PASSED] - Call Test Case 'Test Cases/Mobile/Page/Run App/Run App byID' successfully

2022-01-04 09:36:17 - [TEST_STEP][PASSED] - callTestCase(findTestCase("Mobile/Page/Portfolio/Portfolio"), ["tab":"summary", "action":"summary"], CONTINUE_ON_FAILURE): Call Test Case 'Test Cases/Mobile/Page/Portfolio/Portfolio' successfully

2022-01-04 09:36:17 - [TEST_CASE][PASSED] - Test Cases/Mobile/Page/Portfolio/Portfolio: Test Cases/Mobile/Page/Portfolio/Portfolio

2022-01-04 09:36:18 - [TEST_STEP][PASSED] - callTestCase(findTestCase("Mobile/Page/CheckLogin"), [:], CONTINUE_ON_FAILURE): Call Test Case 'Test Cases/Mobile/Page/CheckLogin' successfully

2022-01-04 09:36:18 - [TEST_CASE][PASSED] - Test Cases/Mobile/Page/CheckLogin: Test Cases/Mobile/Page/CheckLogin

2022-01-04 09:36:18 - [TEST_STEP][PASSED] - loginCheck = verifyElementExist(LOGN_BtnLogin, 5, CONTINUE_ON_FAILURE): Element 'Object Repository/Mobile/Page/Login/Button - Login' is exist

2022-01-04 09:36:33 - [MESSAGE][PASSED] - Element 'Object Repository/Mobile/Page/Login/Button - Login' is exist

2022-01-04 09:36:33 - [TEST_STEP][PASSED] - if (loginCheck): Call Test Case 'Test Cases/Mobile/Page/Login/Login' successfully

2022-01-04 09:36:33 - [TEST_STEP][PASSED] - callTestCase(findTestCase("Mobile/Page/Login/Login"), ["action":"username"], CONTINUE_ON_FAILURE): Call Test Case 'Test Cases/Mobile/Page/Login/Login' successfully

2022-01-04 09:36:33 - [TEST_CASE][PASSED] - Test Cases/Mobile/Page/Login/Login: Test Cases/Mobile/Page/Login/Login

2022-01-04 09:36:33 - [TEST_STEP][PASSED] - delay(2): Delayed 2 second(s)

2022-01-04 09:36:35 - [MESSAGE][PASSED] - Delayed 2 second(s)

2022-01-04 09:36:35 - [TEST_STEP][PASSED] - for ([i = 0, i < 1, (i++)]): null

2022-01-04 09:36:35 - [TEST_STEP][PASSED] - if (action == "username"): null

2022-01-04 09:36:35 - [TEST_STEP][PASSED] - tap(LOGN_EdtUserID, 0): Tapped on element 'Object Repository/Mobile/Page/Login/Input - UserID'

2022-01-04 09:36:35 - [MESSAGE][WARNING] - Timeout '0' is invalid. Using default page load timeout: '60'

2022-01-04 09:36:35 - [MESSAGE][PASSED] - Tapped on element 'Object Repository/Mobile/Page/Login/Input - UserID'

2022-01-04 09:36:35 - [TEST_STEP][PASSED] - delay(1): Delayed 1 second(s)

2022-01-04 09:36:36 - [MESSAGE][PASSED] - Delayed 1 second(s)

2022-01-04 09:36:36 - [TEST_STEP][PASSED] - setText(LOGN_EdtRdyUserID, "anggaaditya", 0): Text 'anggaaditya' has been set to element 'Object Repository/Mobile/Page/Login/Input Rdy - UserID'

2022-01-04 09:36:36 - [MESSAGE][WARNING] - Timeout '0' is invalid. Using default page load timeout: '60'

2022-01-04 09:36:37 - [MESSAGE][PASSED] - Text 'anggaaditya' has been set to element 'Object Repository/Mobile/Page/Login/Input Rdy - UserID'

2022-01-04 09:36:37 - [TEST_STEP][PASSED] - delay(1): Delayed 1 second(s)

2022-01-04 09:36:38 - [MESSAGE][PASSED] - Delayed 1 second(s)

2022-01-04 09:36:38 - [TEST_STEP][PASSED] - hideKeyboard(): Keyboard is hidden

2022-01-04 09:36:43 - [MESSAGE][PASSED] - Keyboard is hidden

2022-01-04 09:36:43 - [TEST_STEP][PASSED] - tap(LOGN_EdtPassword, 0): Tapped on element 'Object Repository/Mobile/Page/Login/Input - Password'

2022-01-04 09:36:43 - [MESSAGE][WARNING] - Timeout '0' is invalid. Using default page load timeout: '60'

2022-01-04 09:36:43 - [MESSAGE][PASSED] - Tapped on element 'Object Repository/Mobile/Page/Login/Input - Password'

2022-01-04 09:36:43 - [TEST_STEP][PASSED] - delay(1): Delayed 1 second(s)

2022-01-04 09:36:44 - [MESSAGE][PASSED] - Delayed 1 second(s)

2022-01-04 09:36:44 - [TEST_STEP][PASSED] - setText(LOGN_EdtRdyPassword, "Shalawa18", 0): Text 'Shalawa18' has been set to element 'Object Repository/Mobile/Page/Login/Input Rdy - Password'

2022-01-04 09:36:44 - [MESSAGE][WARNING] - Timeout '0' is invalid. Using default page load timeout: '60'

2022-01-04 09:36:45 - [MESSAGE][PASSED] - Text 'Shalawa18' has been set to element 'Object Repository/Mobile/Page/Login/Input Rdy - Password'

2022-01-04 09:36:45 - [TEST_STEP][PASSED] - delay(1): Delayed 1 second(s)

2022-01-04 09:36:46 - [MESSAGE][PASSED] - Delayed 1 second(s)

2022-01-04 09:36:46 - [TEST_STEP][PASSED] - hideKeyboard(): Keyboard is hidden

2022-01-04 09:36:53 - [MESSAGE][PASSED] - Keyboard is hidden

2022-01-04 09:36:53 - [TEST_STEP][PASSED] - tap(LOGN_BtnLogin, 0): Tapped on element 'Object Repository/Mobile/Page/Login/Button - Login'

2022-01-04 09:36:53 - [MESSAGE][WARNING] - Timeout '0' is invalid. Using default page load timeout: '60'

2022-01-04 09:36:54 - [MESSAGE][PASSED] - Tapped on element 'Object Repository/Mobile/Page/Login/Button - Login'

2022-01-04 09:36:54 - [TEST_STEP][PASSED] - delay(2): Delayed 2 second(s)

2022-01-04 09:36:56 - [MESSAGE][PASSED] - Delayed 2 second(s)

2022-01-04 09:36:56 - [TEST_STEP][PASSED] - break: null

2022-01-04 09:36:56 - [MESSAGE][PASSED] - Call Test Case 'Test Cases/Mobile/Page/Login/Login' successfully

2022-01-04 09:36:56 - [MESSAGE][PASSED] - Call Test Case 'Test Cases/Mobile/Page/CheckLogin' successfully

2022-01-04 09:36:56 - [TEST_STEP][PASSED] - tap(HOME_MenubarPortfolio, 0): Tapped on element 'Object Repository/Mobile/Page/Home/Menubar - Portfolio'

2022-01-04 09:36:56 - [MESSAGE][WARNING] - Timeout '0' is invalid. Using default page load timeout: '60'

2022-01-04 09:36:58 - [MESSAGE][PASSED] - Tapped on element 'Object Repository/Mobile/Page/Home/Menubar - Portfolio'

2022-01-04 09:36:58 - [TEST_STEP][PASSED] - delay(1): Delayed 1 second(s)

2022-01-04 09:36:59 - [MESSAGE][PASSED] - Delayed 1 second(s)

2022-01-04 09:36:59 - [TEST_STEP][PASSED] - for ([i = 0, i < 1, (i++)]): null

2022-01-04 09:36:59 - [TEST_STEP][PASSED] - if (tab == "summary"): null

2022-01-04 09:36:59 - [TEST_STEP][PASSED] - idr = PORT_BtnIDR: null

2022-01-04 09:36:59 - [TEST_STEP][PASSED] - persen = PORT_BtnPersen: null

2022-01-04 09:36:59 - [TEST_STEP][PASSED] - if (action == "summary"): Delayed 3 second(s)

2022-01-04 09:36:59 - [TEST_STEP][PASSED] - delay(3): Delayed 3 second(s)

2022-01-04 09:37:02 - [MESSAGE][PASSED] - Delayed 3 second(s)

2022-01-04 09:37:02 - [TEST_STEP][PASSED] - if (action != "summary"): null

2022-01-04 09:37:02 - [MESSAGE][PASSED] - Call Test Case 'Test Cases/Mobile/Page/Portfolio/Portfolio' successfully

2022-01-04 09:37:02 - [TEST_STEP][PASSED] - callTestCase(findTestCase("Mobile/Page/Run App/Terminate App"), [:], STOP_ON_FAILURE): Call Test Case 'Test Cases/Mobile/Page/Run App/Terminate App' successfully

2022-01-04 09:37:02 - [TEST_CASE][PASSED] - Test Cases/Mobile/Page/Run App/Terminate App: Test Cases/Mobile/Page/Run App/Terminate App

2022-01-04 09:37:02 - [TEST_STEP][PASSED] - startApp.OpenApp.terminateApplication(): startApp.OpenApp.terminateApplication is PASSED

2022-01-04 09:37:05 - [MESSAGE][PASSED] - Delayed 3 second(s)

2022-01-04 09:37:05 - [MESSAGE][PASSED] - Current device physical width is 720

2022-01-04 09:37:06 - [MESSAGE][PASSED] - Current device physical height is 1423

2022-01-04 09:37:07 - [MESSAGE][PASSED] - Swiped from 360,853 to 360,142

2022-01-04 09:37:08 - [MESSAGE][PASSED] - Delayed 1 second(s)

2022-01-04 09:37:09 - [MESSAGE][PASSED] - Swiped from 360,853 to 360,142

2022-01-04 09:37:12 - [MESSAGE][PASSED] - Delayed 3 second(s)

2022-01-04 09:37:12 - [MESSAGE][PASSED] - startApp.OpenApp.terminateApplication is PASSED

2022-01-04 09:37:12 - [MESSAGE][PASSED] - Call Test Case 'Test Cases/Mobile/Page/Run App/Terminate App' successfully]]></system-out>
         <system-err><![CDATA[]]></system-err>
      </testcase>
      <testcase name="Test Cases/Mobile/Scenario/Portfolio/002 - Portfolio Performance Daily IDR" time="69.491" classname="Test Cases/Mobile/Scenario/Portfolio/002 - Portfolio Performance Daily IDR" status="PASSED">
         <system-out><![CDATA[2022-01-04 09:37:12 - [TEST_CASE][PASSED] - Test Cases/Mobile/Scenario/Portfolio/002 - Portfolio Performance Daily IDR: Test Cases/Mobile/Scenario/Portfolio/002 - Portfolio Performance Daily IDR

2022-01-04 09:37:13 - [TEST_STEP][PASSED] - callTestCase(findTestCase("Mobile/Page/Run App/Run App byID"), [:], STOP_ON_FAILURE): Call Test Case 'Test Cases/Mobile/Page/Run App/Run App byID' successfully

2022-01-04 09:37:13 - [TEST_CASE][PASSED] - Test Cases/Mobile/Page/Run App/Run App byID: Test Cases/Mobile/Page/Run App/Run App byID

2022-01-04 09:37:13 - [TEST_STEP][PASSED] - startApp.OpenApp.startApplication("id.co.miraeasset.sageclub"): startApp.OpenApp.startApplication is PASSED

2022-01-04 09:37:27 - [MESSAGE][PASSED] - Starting app with application ID: 'id.co.miraeasset.sageclub'

2022-01-04 09:37:27 - [MESSAGE][PASSED] - startApp.OpenApp.startApplication is PASSED

2022-01-04 09:37:27 - [MESSAGE][PASSED] - Call Test Case 'Test Cases/Mobile/Page/Run App/Run App byID' successfully

2022-01-04 09:37:27 - [TEST_STEP][PASSED] - callTestCase(findTestCase("Mobile/Page/Portfolio/Portfolio"), ["tab":"summary", "action":"perf_daily", "action2":"idr"], CONTINUE_ON_FAILURE): Call Test Case 'Test Cases/Mobile/Page/Portfolio/Portfolio' successfully

2022-01-04 09:37:27 - [TEST_CASE][PASSED] - Test Cases/Mobile/Page/Portfolio/Portfolio: Test Cases/Mobile/Page/Portfolio/Portfolio

2022-01-04 09:37:27 - [TEST_STEP][PASSED] - callTestCase(findTestCase("Mobile/Page/CheckLogin"), [:], CONTINUE_ON_FAILURE): Call Test Case 'Test Cases/Mobile/Page/CheckLogin' successfully

2022-01-04 09:37:27 - [TEST_CASE][PASSED] - Test Cases/Mobile/Page/CheckLogin: Test Cases/Mobile/Page/CheckLogin

2022-01-04 09:37:27 - [TEST_STEP][PASSED] - loginCheck = verifyElementExist(LOGN_BtnLogin, 5, CONTINUE_ON_FAILURE): Element 'Object Repository/Mobile/Page/Login/Button - Login' is exist

2022-01-04 09:37:30 - [MESSAGE][PASSED] - Element 'Object Repository/Mobile/Page/Login/Button - Login' is exist

2022-01-04 09:37:30 - [TEST_STEP][PASSED] - if (loginCheck): Call Test Case 'Test Cases/Mobile/Page/Login/Login' successfully

2022-01-04 09:37:30 - [TEST_STEP][PASSED] - callTestCase(findTestCase("Mobile/Page/Login/Login"), ["action":"username"], CONTINUE_ON_FAILURE): Call Test Case 'Test Cases/Mobile/Page/Login/Login' successfully

2022-01-04 09:37:30 - [TEST_CASE][PASSED] - Test Cases/Mobile/Page/Login/Login: Test Cases/Mobile/Page/Login/Login

2022-01-04 09:37:30 - [TEST_STEP][PASSED] - delay(2): Delayed 2 second(s)

2022-01-04 09:37:32 - [MESSAGE][PASSED] - Delayed 2 second(s)

2022-01-04 09:37:32 - [TEST_STEP][PASSED] - for ([i = 0, i < 1, (i++)]): null

2022-01-04 09:37:32 - [TEST_STEP][PASSED] - if (action == "username"): null

2022-01-04 09:37:32 - [TEST_STEP][PASSED] - tap(LOGN_EdtUserID, 0): Tapped on element 'Object Repository/Mobile/Page/Login/Input - UserID'

2022-01-04 09:37:32 - [MESSAGE][WARNING] - Timeout '0' is invalid. Using default page load timeout: '60'

2022-01-04 09:37:32 - [MESSAGE][PASSED] - Tapped on element 'Object Repository/Mobile/Page/Login/Input - UserID'

2022-01-04 09:37:32 - [TEST_STEP][PASSED] - delay(1): Delayed 1 second(s)

2022-01-04 09:37:33 - [MESSAGE][PASSED] - Delayed 1 second(s)

2022-01-04 09:37:33 - [TEST_STEP][PASSED] - setText(LOGN_EdtRdyUserID, "anggaaditya", 0): Text 'anggaaditya' has been set to element 'Object Repository/Mobile/Page/Login/Input Rdy - UserID'

2022-01-04 09:37:33 - [MESSAGE][WARNING] - Timeout '0' is invalid. Using default page load timeout: '60'

2022-01-04 09:37:34 - [MESSAGE][PASSED] - Text 'anggaaditya' has been set to element 'Object Repository/Mobile/Page/Login/Input Rdy - UserID'

2022-01-04 09:37:34 - [TEST_STEP][PASSED] - delay(1): Delayed 1 second(s)

2022-01-04 09:37:35 - [MESSAGE][PASSED] - Delayed 1 second(s)

2022-01-04 09:37:35 - [TEST_STEP][PASSED] - hideKeyboard(): Keyboard is hidden

2022-01-04 09:37:40 - [MESSAGE][PASSED] - Keyboard is hidden

2022-01-04 09:37:40 - [TEST_STEP][PASSED] - tap(LOGN_EdtPassword, 0): Tapped on element 'Object Repository/Mobile/Page/Login/Input - Password'

2022-01-04 09:37:40 - [MESSAGE][WARNING] - Timeout '0' is invalid. Using default page load timeout: '60'

2022-01-04 09:37:40 - [MESSAGE][PASSED] - Tapped on element 'Object Repository/Mobile/Page/Login/Input - Password'

2022-01-04 09:37:40 - [TEST_STEP][PASSED] - delay(1): Delayed 1 second(s)

2022-01-04 09:37:41 - [MESSAGE][PASSED] - Delayed 1 second(s)

2022-01-04 09:37:41 - [TEST_STEP][PASSED] - setText(LOGN_EdtRdyPassword, "Shalawa18", 0): Text 'Shalawa18' has been set to element 'Object Repository/Mobile/Page/Login/Input Rdy - Password'

2022-01-04 09:37:41 - [MESSAGE][WARNING] - Timeout '0' is invalid. Using default page load timeout: '60'

2022-01-04 09:37:42 - [MESSAGE][PASSED] - Text 'Shalawa18' has been set to element 'Object Repository/Mobile/Page/Login/Input Rdy - Password'

2022-01-04 09:37:42 - [TEST_STEP][PASSED] - delay(1): Delayed 1 second(s)

2022-01-04 09:37:43 - [MESSAGE][PASSED] - Delayed 1 second(s)

2022-01-04 09:37:43 - [TEST_STEP][PASSED] - hideKeyboard(): Keyboard is hidden

2022-01-04 09:37:54 - [MESSAGE][PASSED] - Keyboard is hidden

2022-01-04 09:37:54 - [TEST_STEP][PASSED] - tap(LOGN_BtnLogin, 0): Tapped on element 'Object Repository/Mobile/Page/Login/Button - Login'

2022-01-04 09:37:54 - [MESSAGE][WARNING] - Timeout '0' is invalid. Using default page load timeout: '60'

2022-01-04 09:37:55 - [MESSAGE][PASSED] - Tapped on element 'Object Repository/Mobile/Page/Login/Button - Login'

2022-01-04 09:37:55 - [TEST_STEP][PASSED] - delay(2): Delayed 2 second(s)

2022-01-04 09:37:57 - [MESSAGE][PASSED] - Delayed 2 second(s)

2022-01-04 09:37:57 - [TEST_STEP][PASSED] - break: null

2022-01-04 09:37:57 - [MESSAGE][PASSED] - Call Test Case 'Test Cases/Mobile/Page/Login/Login' successfully

2022-01-04 09:37:57 - [MESSAGE][PASSED] - Call Test Case 'Test Cases/Mobile/Page/CheckLogin' successfully

2022-01-04 09:37:57 - [TEST_STEP][PASSED] - tap(HOME_MenubarPortfolio, 0): Tapped on element 'Object Repository/Mobile/Page/Home/Menubar - Portfolio'

2022-01-04 09:37:57 - [MESSAGE][WARNING] - Timeout '0' is invalid. Using default page load timeout: '60'

2022-01-04 09:37:59 - [MESSAGE][PASSED] - Tapped on element 'Object Repository/Mobile/Page/Home/Menubar - Portfolio'

2022-01-04 09:37:59 - [TEST_STEP][PASSED] - delay(1): Delayed 1 second(s)

2022-01-04 09:38:00 - [MESSAGE][PASSED] - Delayed 1 second(s)

2022-01-04 09:38:00 - [TEST_STEP][PASSED] - for ([i = 0, i < 1, (i++)]): Delayed 3 second(s)

2022-01-04 09:38:00 - [TEST_STEP][PASSED] - if (tab == "summary"): Delayed 3 second(s)

2022-01-04 09:38:00 - [TEST_STEP][PASSED] - idr = PORT_BtnIDR: null

2022-01-04 09:38:00 - [TEST_STEP][PASSED] - persen = PORT_BtnPersen: null

2022-01-04 09:38:00 - [TEST_STEP][PASSED] - if (action == "summary"): null

2022-01-04 09:38:00 - [TEST_STEP][PASSED] - else if (action == "perf_daily"): scroll.scroll.scrollScreenBottomToTop is PASSED

2022-01-04 09:38:00 - [TEST_STEP][PASSED] - scroll.scroll.scrollScreenBottomToTop(): scroll.scroll.scrollScreenBottomToTop is PASSED

2022-01-04 09:38:01 - [MESSAGE][PASSED] - Current device physical height is 1423

2022-01-04 09:38:01 - [MESSAGE][PASSED] - Current device physical width is 720

2022-01-04 09:38:02 - [MESSAGE][PASSED] - Swiped from 360,1,138 to 360,284

2022-01-04 09:38:02 - [MESSAGE][PASSED] - scroll.scroll.scrollScreenBottomToTop is PASSED

2022-01-04 09:38:02 - [TEST_STEP][PASSED] - if (action != "summary"): Delayed 3 second(s)

2022-01-04 09:38:02 - [TEST_STEP][PASSED] - delay(1): Delayed 1 second(s)

2022-01-04 09:38:03 - [MESSAGE][PASSED] - Delayed 1 second(s)

2022-01-04 09:38:03 - [TEST_STEP][PASSED] - scroll.scroll.scrollScreenBottomToTop(): scroll.scroll.scrollScreenBottomToTop is PASSED

2022-01-04 09:38:03 - [MESSAGE][PASSED] - Current device physical height is 1423

2022-01-04 09:38:04 - [MESSAGE][PASSED] - Current device physical width is 720

2022-01-04 09:38:05 - [MESSAGE][PASSED] - Swiped from 360,1,138 to 360,284

2022-01-04 09:38:05 - [MESSAGE][PASSED] - scroll.scroll.scrollScreenBottomToTop is PASSED

2022-01-04 09:38:05 - [TEST_STEP][PASSED] - delay(3): Delayed 3 second(s)

2022-01-04 09:38:08 - [MESSAGE][PASSED] - Delayed 3 second(s)

2022-01-04 09:38:08 - [TEST_STEP][PASSED] - if (action2 == "idr"): Delayed 3 second(s)

2022-01-04 09:38:08 - [TEST_STEP][PASSED] - tap(idr, 10): Tapped on element 'Object Repository/Mobile/Page/Portfolio/Button - IDR'

2022-01-04 09:38:08 - [MESSAGE][PASSED] - Tapped on element 'Object Repository/Mobile/Page/Portfolio/Button - IDR'

2022-01-04 09:38:08 - [TEST_STEP][PASSED] - delay(3): Delayed 3 second(s)

2022-01-04 09:38:11 - [MESSAGE][PASSED] - Delayed 3 second(s)

2022-01-04 09:38:11 - [MESSAGE][PASSED] - Call Test Case 'Test Cases/Mobile/Page/Portfolio/Portfolio' successfully

2022-01-04 09:38:11 - [TEST_STEP][PASSED] - callTestCase(findTestCase("Mobile/Page/Run App/Terminate App"), [:], STOP_ON_FAILURE): Call Test Case 'Test Cases/Mobile/Page/Run App/Terminate App' successfully

2022-01-04 09:38:11 - [TEST_CASE][PASSED] - Test Cases/Mobile/Page/Run App/Terminate App: Test Cases/Mobile/Page/Run App/Terminate App

2022-01-04 09:38:11 - [TEST_STEP][PASSED] - startApp.OpenApp.terminateApplication(): startApp.OpenApp.terminateApplication is PASSED

2022-01-04 09:38:15 - [MESSAGE][PASSED] - Delayed 3 second(s)

2022-01-04 09:38:15 - [MESSAGE][PASSED] - Current device physical width is 720

2022-01-04 09:38:15 - [MESSAGE][PASSED] - Current device physical height is 1423

2022-01-04 09:38:16 - [MESSAGE][PASSED] - Swiped from 360,853 to 360,142

2022-01-04 09:38:17 - [MESSAGE][PASSED] - Delayed 1 second(s)

2022-01-04 09:38:19 - [MESSAGE][PASSED] - Swiped from 360,853 to 360,142

2022-01-04 09:38:22 - [MESSAGE][PASSED] - Delayed 3 second(s)

2022-01-04 09:38:22 - [MESSAGE][PASSED] - startApp.OpenApp.terminateApplication is PASSED

2022-01-04 09:38:22 - [MESSAGE][PASSED] - Call Test Case 'Test Cases/Mobile/Page/Run App/Terminate App' successfully]]></system-out>
         <system-err><![CDATA[]]></system-err>
      </testcase>
      <testcase name="Test Cases/Mobile/Scenario/Portfolio/003 - Portfolio Performance Month to Date IDR" time="73.506" classname="Test Cases/Mobile/Scenario/Portfolio/003 - Portfolio Performance Month to Date IDR" status="PASSED">
         <system-out><![CDATA[2022-01-04 09:38:22 - [TEST_CASE][PASSED] - Test Cases/Mobile/Scenario/Portfolio/003 - Portfolio Performance Month to Date IDR: Test Cases/Mobile/Scenario/Portfolio/003 - Portfolio Performance Month to Date IDR

2022-01-04 09:38:22 - [TEST_STEP][PASSED] - callTestCase(findTestCase("Mobile/Page/Run App/Run App byID"), [:], STOP_ON_FAILURE): Call Test Case 'Test Cases/Mobile/Page/Run App/Run App byID' successfully

2022-01-04 09:38:22 - [TEST_CASE][PASSED] - Test Cases/Mobile/Page/Run App/Run App byID: Test Cases/Mobile/Page/Run App/Run App byID

2022-01-04 09:38:22 - [TEST_STEP][PASSED] - startApp.OpenApp.startApplication("id.co.miraeasset.sageclub"): startApp.OpenApp.startApplication is PASSED

2022-01-04 09:38:37 - [MESSAGE][PASSED] - Starting app with application ID: 'id.co.miraeasset.sageclub'

2022-01-04 09:38:37 - [MESSAGE][PASSED] - startApp.OpenApp.startApplication is PASSED

2022-01-04 09:38:37 - [MESSAGE][PASSED] - Call Test Case 'Test Cases/Mobile/Page/Run App/Run App byID' successfully

2022-01-04 09:38:37 - [TEST_STEP][PASSED] - callTestCase(findTestCase("Mobile/Page/Portfolio/Portfolio"), ["tab":"summary", "action":"perf_month", "action2":"idr"], CONTINUE_ON_FAILURE): Call Test Case 'Test Cases/Mobile/Page/Portfolio/Portfolio' successfully

2022-01-04 09:38:38 - [TEST_CASE][PASSED] - Test Cases/Mobile/Page/Portfolio/Portfolio: Test Cases/Mobile/Page/Portfolio/Portfolio

2022-01-04 09:38:38 - [TEST_STEP][PASSED] - callTestCase(findTestCase("Mobile/Page/CheckLogin"), [:], CONTINUE_ON_FAILURE): Call Test Case 'Test Cases/Mobile/Page/CheckLogin' successfully

2022-01-04 09:38:38 - [TEST_CASE][PASSED] - Test Cases/Mobile/Page/CheckLogin: Test Cases/Mobile/Page/CheckLogin

2022-01-04 09:38:38 - [TEST_STEP][PASSED] - loginCheck = verifyElementExist(LOGN_BtnLogin, 5, CONTINUE_ON_FAILURE): Element 'Object Repository/Mobile/Page/Login/Button - Login' is exist

2022-01-04 09:38:40 - [MESSAGE][PASSED] - Element 'Object Repository/Mobile/Page/Login/Button - Login' is exist

2022-01-04 09:38:40 - [TEST_STEP][PASSED] - if (loginCheck): Call Test Case 'Test Cases/Mobile/Page/Login/Login' successfully

2022-01-04 09:38:40 - [TEST_STEP][PASSED] - callTestCase(findTestCase("Mobile/Page/Login/Login"), ["action":"username"], CONTINUE_ON_FAILURE): Call Test Case 'Test Cases/Mobile/Page/Login/Login' successfully

2022-01-04 09:38:40 - [TEST_CASE][PASSED] - Test Cases/Mobile/Page/Login/Login: Test Cases/Mobile/Page/Login/Login

2022-01-04 09:38:40 - [TEST_STEP][PASSED] - delay(2): Delayed 2 second(s)

2022-01-04 09:38:42 - [MESSAGE][PASSED] - Delayed 2 second(s)

2022-01-04 09:38:42 - [TEST_STEP][PASSED] - for ([i = 0, i < 1, (i++)]): null

2022-01-04 09:38:42 - [TEST_STEP][PASSED] - if (action == "username"): null

2022-01-04 09:38:42 - [TEST_STEP][PASSED] - tap(LOGN_EdtUserID, 0): Tapped on element 'Object Repository/Mobile/Page/Login/Input - UserID'

2022-01-04 09:38:42 - [MESSAGE][WARNING] - Timeout '0' is invalid. Using default page load timeout: '60'

2022-01-04 09:38:43 - [MESSAGE][PASSED] - Tapped on element 'Object Repository/Mobile/Page/Login/Input - UserID'

2022-01-04 09:38:43 - [TEST_STEP][PASSED] - delay(1): Delayed 1 second(s)

2022-01-04 09:38:44 - [MESSAGE][PASSED] - Delayed 1 second(s)

2022-01-04 09:38:44 - [TEST_STEP][PASSED] - setText(LOGN_EdtRdyUserID, "anggaaditya", 0): Text 'anggaaditya' has been set to element 'Object Repository/Mobile/Page/Login/Input Rdy - UserID'

2022-01-04 09:38:44 - [MESSAGE][WARNING] - Timeout '0' is invalid. Using default page load timeout: '60'

2022-01-04 09:38:45 - [MESSAGE][PASSED] - Text 'anggaaditya' has been set to element 'Object Repository/Mobile/Page/Login/Input Rdy - UserID'

2022-01-04 09:38:45 - [TEST_STEP][PASSED] - delay(1): Delayed 1 second(s)

2022-01-04 09:38:46 - [MESSAGE][PASSED] - Delayed 1 second(s)

2022-01-04 09:38:46 - [TEST_STEP][PASSED] - hideKeyboard(): Keyboard is hidden

2022-01-04 09:38:52 - [MESSAGE][PASSED] - Keyboard is hidden

2022-01-04 09:38:52 - [TEST_STEP][PASSED] - tap(LOGN_EdtPassword, 0): Tapped on element 'Object Repository/Mobile/Page/Login/Input - Password'

2022-01-04 09:38:52 - [MESSAGE][WARNING] - Timeout '0' is invalid. Using default page load timeout: '60'

2022-01-04 09:38:52 - [MESSAGE][PASSED] - Tapped on element 'Object Repository/Mobile/Page/Login/Input - Password'

2022-01-04 09:38:52 - [TEST_STEP][PASSED] - delay(1): Delayed 1 second(s)

2022-01-04 09:38:53 - [MESSAGE][PASSED] - Delayed 1 second(s)

2022-01-04 09:38:53 - [TEST_STEP][PASSED] - setText(LOGN_EdtRdyPassword, "Shalawa18", 0): Text 'Shalawa18' has been set to element 'Object Repository/Mobile/Page/Login/Input Rdy - Password'

2022-01-04 09:38:53 - [MESSAGE][WARNING] - Timeout '0' is invalid. Using default page load timeout: '60'

2022-01-04 09:38:54 - [MESSAGE][PASSED] - Text 'Shalawa18' has been set to element 'Object Repository/Mobile/Page/Login/Input Rdy - Password'

2022-01-04 09:38:54 - [TEST_STEP][PASSED] - delay(1): Delayed 1 second(s)

2022-01-04 09:38:55 - [MESSAGE][PASSED] - Delayed 1 second(s)

2022-01-04 09:38:55 - [TEST_STEP][PASSED] - hideKeyboard(): Keyboard is hidden

2022-01-04 09:39:05 - [MESSAGE][PASSED] - Keyboard is hidden

2022-01-04 09:39:05 - [TEST_STEP][PASSED] - tap(LOGN_BtnLogin, 0): Tapped on element 'Object Repository/Mobile/Page/Login/Button - Login'

2022-01-04 09:39:05 - [MESSAGE][WARNING] - Timeout '0' is invalid. Using default page load timeout: '60'

2022-01-04 09:39:06 - [MESSAGE][PASSED] - Tapped on element 'Object Repository/Mobile/Page/Login/Button - Login'

2022-01-04 09:39:06 - [TEST_STEP][PASSED] - delay(2): Delayed 2 second(s)

2022-01-04 09:39:08 - [MESSAGE][PASSED] - Delayed 2 second(s)

2022-01-04 09:39:08 - [TEST_STEP][PASSED] - break: null

2022-01-04 09:39:08 - [MESSAGE][PASSED] - Call Test Case 'Test Cases/Mobile/Page/Login/Login' successfully

2022-01-04 09:39:08 - [MESSAGE][PASSED] - Call Test Case 'Test Cases/Mobile/Page/CheckLogin' successfully

2022-01-04 09:39:08 - [TEST_STEP][PASSED] - tap(HOME_MenubarPortfolio, 0): Tapped on element 'Object Repository/Mobile/Page/Home/Menubar - Portfolio'

2022-01-04 09:39:08 - [MESSAGE][WARNING] - Timeout '0' is invalid. Using default page load timeout: '60'

2022-01-04 09:39:10 - [MESSAGE][PASSED] - Tapped on element 'Object Repository/Mobile/Page/Home/Menubar - Portfolio'

2022-01-04 09:39:10 - [TEST_STEP][PASSED] - delay(1): Delayed 1 second(s)

2022-01-04 09:39:11 - [MESSAGE][PASSED] - Delayed 1 second(s)

2022-01-04 09:39:11 - [TEST_STEP][PASSED] - for ([i = 0, i < 1, (i++)]): Delayed 3 second(s)

2022-01-04 09:39:11 - [TEST_STEP][PASSED] - if (tab == "summary"): Delayed 3 second(s)

2022-01-04 09:39:11 - [TEST_STEP][PASSED] - idr = PORT_BtnIDR: null

2022-01-04 09:39:11 - [TEST_STEP][PASSED] - persen = PORT_BtnPersen: null

2022-01-04 09:39:11 - [TEST_STEP][PASSED] - if (action == "summary"): null

2022-01-04 09:39:11 - [TEST_STEP][PASSED] - else if (action == "perf_daily"): null

2022-01-04 09:39:11 - [TEST_STEP][PASSED] - else if (action == "perf_month"): Tapped on element 'Object Repository/Mobile/Page/Portfolio/Tab - Summary Month to Date'

2022-01-04 09:39:11 - [TEST_STEP][PASSED] - scroll.scroll.scrollScreenBottomToTop(): scroll.scroll.scrollScreenBottomToTop is PASSED

2022-01-04 09:39:11 - [MESSAGE][PASSED] - Current device physical height is 1423

2022-01-04 09:39:12 - [MESSAGE][PASSED] - Current device physical width is 720

2022-01-04 09:39:13 - [MESSAGE][PASSED] - Swiped from 360,1,138 to 360,284

2022-01-04 09:39:13 - [MESSAGE][PASSED] - scroll.scroll.scrollScreenBottomToTop is PASSED

2022-01-04 09:39:13 - [TEST_STEP][PASSED] - delay(1): Delayed 1 second(s)

2022-01-04 09:39:14 - [MESSAGE][PASSED] - Delayed 1 second(s)

2022-01-04 09:39:14 - [TEST_STEP][PASSED] - tap(PORT_TabSummaryMonth, 0): Tapped on element 'Object Repository/Mobile/Page/Portfolio/Tab - Summary Month to Date'

2022-01-04 09:39:14 - [MESSAGE][WARNING] - Timeout '0' is invalid. Using default page load timeout: '60'

2022-01-04 09:39:14 - [MESSAGE][PASSED] - Tapped on element 'Object Repository/Mobile/Page/Portfolio/Tab - Summary Month to Date'

2022-01-04 09:39:14 - [TEST_STEP][PASSED] - if (action != "summary"): Delayed 3 second(s)

2022-01-04 09:39:14 - [TEST_STEP][PASSED] - delay(1): Delayed 1 second(s)

2022-01-04 09:39:16 - [MESSAGE][PASSED] - Delayed 1 second(s)

2022-01-04 09:39:16 - [TEST_STEP][PASSED] - scroll.scroll.scrollScreenBottomToTop(): scroll.scroll.scrollScreenBottomToTop is PASSED

2022-01-04 09:39:16 - [MESSAGE][PASSED] - Current device physical height is 1423

2022-01-04 09:39:16 - [MESSAGE][PASSED] - Current device physical width is 720

2022-01-04 09:39:17 - [MESSAGE][PASSED] - Swiped from 360,1,138 to 360,284

2022-01-04 09:39:17 - [MESSAGE][PASSED] - scroll.scroll.scrollScreenBottomToTop is PASSED

2022-01-04 09:39:17 - [TEST_STEP][PASSED] - delay(3): Delayed 3 second(s)

2022-01-04 09:39:20 - [MESSAGE][PASSED] - Delayed 3 second(s)

2022-01-04 09:39:20 - [TEST_STEP][PASSED] - if (action2 == "idr"): Delayed 3 second(s)

2022-01-04 09:39:20 - [TEST_STEP][PASSED] - tap(idr, 10): Tapped on element 'Object Repository/Mobile/Page/Portfolio/Button - IDR'

2022-01-04 09:39:22 - [MESSAGE][PASSED] - Tapped on element 'Object Repository/Mobile/Page/Portfolio/Button - IDR'

2022-01-04 09:39:22 - [TEST_STEP][PASSED] - delay(3): Delayed 3 second(s)

2022-01-04 09:39:25 - [MESSAGE][PASSED] - Delayed 3 second(s)

2022-01-04 09:39:25 - [MESSAGE][PASSED] - Call Test Case 'Test Cases/Mobile/Page/Portfolio/Portfolio' successfully

2022-01-04 09:39:25 - [TEST_STEP][PASSED] - callTestCase(findTestCase("Mobile/Page/Run App/Terminate App"), [:], STOP_ON_FAILURE): Call Test Case 'Test Cases/Mobile/Page/Run App/Terminate App' successfully

2022-01-04 09:39:25 - [TEST_CASE][PASSED] - Test Cases/Mobile/Page/Run App/Terminate App: Test Cases/Mobile/Page/Run App/Terminate App

2022-01-04 09:39:25 - [TEST_STEP][PASSED] - startApp.OpenApp.terminateApplication(): startApp.OpenApp.terminateApplication is PASSED

2022-01-04 09:39:28 - [MESSAGE][PASSED] - Delayed 3 second(s)

2022-01-04 09:39:28 - [MESSAGE][PASSED] - Current device physical width is 720

2022-01-04 09:39:28 - [MESSAGE][PASSED] - Current device physical height is 1423

2022-01-04 09:39:30 - [MESSAGE][PASSED] - Swiped from 360,853 to 360,142

2022-01-04 09:39:31 - [MESSAGE][PASSED] - Delayed 1 second(s)

2022-01-04 09:39:32 - [MESSAGE][PASSED] - Swiped from 360,853 to 360,142

2022-01-04 09:39:35 - [MESSAGE][PASSED] - Delayed 3 second(s)

2022-01-04 09:39:35 - [MESSAGE][PASSED] - startApp.OpenApp.terminateApplication is PASSED

2022-01-04 09:39:35 - [MESSAGE][PASSED] - Call Test Case 'Test Cases/Mobile/Page/Run App/Terminate App' successfully]]></system-out>
         <system-err><![CDATA[]]></system-err>
      </testcase>
      <testcase name="Test Cases/Mobile/Scenario/Portfolio/004 - Portfolio Performance Quarter to Date IDR" time="68.87" classname="Test Cases/Mobile/Scenario/Portfolio/004 - Portfolio Performance Quarter to Date IDR" status="PASSED">
         <system-out><![CDATA[2022-01-04 09:39:35 - [TEST_CASE][PASSED] - Test Cases/Mobile/Scenario/Portfolio/004 - Portfolio Performance Quarter to Date IDR: Test Cases/Mobile/Scenario/Portfolio/004 - Portfolio Performance Quarter to Date IDR

2022-01-04 09:39:36 - [TEST_STEP][PASSED] - callTestCase(findTestCase("Mobile/Page/Run App/Run App byID"), [:], STOP_ON_FAILURE): Call Test Case 'Test Cases/Mobile/Page/Run App/Run App byID' successfully

2022-01-04 09:39:36 - [TEST_CASE][PASSED] - Test Cases/Mobile/Page/Run App/Run App byID: Test Cases/Mobile/Page/Run App/Run App byID

2022-01-04 09:39:36 - [TEST_STEP][PASSED] - startApp.OpenApp.startApplication("id.co.miraeasset.sageclub"): startApp.OpenApp.startApplication is PASSED

2022-01-04 09:39:51 - [MESSAGE][PASSED] - Starting app with application ID: 'id.co.miraeasset.sageclub'

2022-01-04 09:39:51 - [MESSAGE][PASSED] - startApp.OpenApp.startApplication is PASSED

2022-01-04 09:39:51 - [MESSAGE][PASSED] - Call Test Case 'Test Cases/Mobile/Page/Run App/Run App byID' successfully

2022-01-04 09:39:51 - [TEST_STEP][PASSED] - callTestCase(findTestCase("Mobile/Page/Portfolio/Portfolio"), ["tab":"summary", "action":"perf_quarter", "action2":"idr"], CONTINUE_ON_FAILURE): Call Test Case 'Test Cases/Mobile/Page/Portfolio/Portfolio' successfully

2022-01-04 09:39:51 - [TEST_CASE][PASSED] - Test Cases/Mobile/Page/Portfolio/Portfolio: Test Cases/Mobile/Page/Portfolio/Portfolio

2022-01-04 09:39:51 - [TEST_STEP][PASSED] - callTestCase(findTestCase("Mobile/Page/CheckLogin"), [:], CONTINUE_ON_FAILURE): Call Test Case 'Test Cases/Mobile/Page/CheckLogin' successfully

2022-01-04 09:39:51 - [TEST_CASE][PASSED] - Test Cases/Mobile/Page/CheckLogin: Test Cases/Mobile/Page/CheckLogin

2022-01-04 09:39:51 - [TEST_STEP][PASSED] - loginCheck = verifyElementExist(LOGN_BtnLogin, 5, CONTINUE_ON_FAILURE): Element 'Object Repository/Mobile/Page/Login/Button - Login' is exist

2022-01-04 09:39:54 - [MESSAGE][PASSED] - Element 'Object Repository/Mobile/Page/Login/Button - Login' is exist

2022-01-04 09:39:54 - [TEST_STEP][PASSED] - if (loginCheck): Call Test Case 'Test Cases/Mobile/Page/Login/Login' successfully

2022-01-04 09:39:54 - [TEST_STEP][PASSED] - callTestCase(findTestCase("Mobile/Page/Login/Login"), ["action":"username"], CONTINUE_ON_FAILURE): Call Test Case 'Test Cases/Mobile/Page/Login/Login' successfully

2022-01-04 09:39:54 - [TEST_CASE][PASSED] - Test Cases/Mobile/Page/Login/Login: Test Cases/Mobile/Page/Login/Login

2022-01-04 09:39:54 - [TEST_STEP][PASSED] - delay(2): Delayed 2 second(s)

2022-01-04 09:39:56 - [MESSAGE][PASSED] - Delayed 2 second(s)

2022-01-04 09:39:56 - [TEST_STEP][PASSED] - for ([i = 0, i < 1, (i++)]): null

2022-01-04 09:39:56 - [TEST_STEP][PASSED] - if (action == "username"): null

2022-01-04 09:39:56 - [TEST_STEP][PASSED] - tap(LOGN_EdtUserID, 0): Tapped on element 'Object Repository/Mobile/Page/Login/Input - UserID'

2022-01-04 09:39:56 - [MESSAGE][WARNING] - Timeout '0' is invalid. Using default page load timeout: '60'

2022-01-04 09:39:56 - [MESSAGE][PASSED] - Tapped on element 'Object Repository/Mobile/Page/Login/Input - UserID'

2022-01-04 09:39:56 - [TEST_STEP][PASSED] - delay(1): Delayed 1 second(s)

2022-01-04 09:39:57 - [MESSAGE][PASSED] - Delayed 1 second(s)

2022-01-04 09:39:57 - [TEST_STEP][PASSED] - setText(LOGN_EdtRdyUserID, "anggaaditya", 0): Text 'anggaaditya' has been set to element 'Object Repository/Mobile/Page/Login/Input Rdy - UserID'

2022-01-04 09:39:57 - [MESSAGE][WARNING] - Timeout '0' is invalid. Using default page load timeout: '60'

2022-01-04 09:39:59 - [MESSAGE][PASSED] - Text 'anggaaditya' has been set to element 'Object Repository/Mobile/Page/Login/Input Rdy - UserID'

2022-01-04 09:39:59 - [TEST_STEP][PASSED] - delay(1): Delayed 1 second(s)

2022-01-04 09:40:00 - [MESSAGE][PASSED] - Delayed 1 second(s)

2022-01-04 09:40:00 - [TEST_STEP][PASSED] - hideKeyboard(): Keyboard is hidden

2022-01-04 09:40:05 - [MESSAGE][PASSED] - Keyboard is hidden

2022-01-04 09:40:05 - [TEST_STEP][PASSED] - tap(LOGN_EdtPassword, 0): Tapped on element 'Object Repository/Mobile/Page/Login/Input - Password'

2022-01-04 09:40:05 - [MESSAGE][WARNING] - Timeout '0' is invalid. Using default page load timeout: '60'

2022-01-04 09:40:06 - [MESSAGE][PASSED] - Tapped on element 'Object Repository/Mobile/Page/Login/Input - Password'

2022-01-04 09:40:06 - [TEST_STEP][PASSED] - delay(1): Delayed 1 second(s)

2022-01-04 09:40:07 - [MESSAGE][PASSED] - Delayed 1 second(s)

2022-01-04 09:40:07 - [TEST_STEP][PASSED] - setText(LOGN_EdtRdyPassword, "Shalawa18", 0): Text 'Shalawa18' has been set to element 'Object Repository/Mobile/Page/Login/Input Rdy - Password'

2022-01-04 09:40:07 - [MESSAGE][WARNING] - Timeout '0' is invalid. Using default page load timeout: '60'

2022-01-04 09:40:08 - [MESSAGE][PASSED] - Text 'Shalawa18' has been set to element 'Object Repository/Mobile/Page/Login/Input Rdy - Password'

2022-01-04 09:40:08 - [TEST_STEP][PASSED] - delay(1): Delayed 1 second(s)

2022-01-04 09:40:09 - [MESSAGE][PASSED] - Delayed 1 second(s)

2022-01-04 09:40:09 - [TEST_STEP][PASSED] - hideKeyboard(): Keyboard is hidden

2022-01-04 09:40:16 - [MESSAGE][PASSED] - Keyboard is hidden

2022-01-04 09:40:16 - [TEST_STEP][PASSED] - tap(LOGN_BtnLogin, 0): Tapped on element 'Object Repository/Mobile/Page/Login/Button - Login'

2022-01-04 09:40:16 - [MESSAGE][WARNING] - Timeout '0' is invalid. Using default page load timeout: '60'

2022-01-04 09:40:16 - [MESSAGE][PASSED] - Tapped on element 'Object Repository/Mobile/Page/Login/Button - Login'

2022-01-04 09:40:16 - [TEST_STEP][PASSED] - delay(2): Delayed 2 second(s)

2022-01-04 09:40:18 - [MESSAGE][PASSED] - Delayed 2 second(s)

2022-01-04 09:40:18 - [TEST_STEP][PASSED] - break: null

2022-01-04 09:40:18 - [MESSAGE][PASSED] - Call Test Case 'Test Cases/Mobile/Page/Login/Login' successfully

2022-01-04 09:40:18 - [MESSAGE][PASSED] - Call Test Case 'Test Cases/Mobile/Page/CheckLogin' successfully

2022-01-04 09:40:19 - [TEST_STEP][PASSED] - tap(HOME_MenubarPortfolio, 0): Tapped on element 'Object Repository/Mobile/Page/Home/Menubar - Portfolio'

2022-01-04 09:40:19 - [MESSAGE][WARNING] - Timeout '0' is invalid. Using default page load timeout: '60'

2022-01-04 09:40:20 - [MESSAGE][PASSED] - Tapped on element 'Object Repository/Mobile/Page/Home/Menubar - Portfolio'

2022-01-04 09:40:20 - [TEST_STEP][PASSED] - delay(1): Delayed 1 second(s)

2022-01-04 09:40:21 - [MESSAGE][PASSED] - Delayed 1 second(s)

2022-01-04 09:40:21 - [TEST_STEP][PASSED] - for ([i = 0, i < 1, (i++)]): Delayed 3 second(s)

2022-01-04 09:40:21 - [TEST_STEP][PASSED] - if (tab == "summary"): Delayed 3 second(s)

2022-01-04 09:40:21 - [TEST_STEP][PASSED] - idr = PORT_BtnIDR: null

2022-01-04 09:40:21 - [TEST_STEP][PASSED] - persen = PORT_BtnPersen: null

2022-01-04 09:40:21 - [TEST_STEP][PASSED] - if (action == "summary"): null

2022-01-04 09:40:21 - [TEST_STEP][PASSED] - else if (action == "perf_daily"): null

2022-01-04 09:40:21 - [TEST_STEP][PASSED] - else if (action == "perf_month"): null

2022-01-04 09:40:21 - [TEST_STEP][PASSED] - else if (action == "perf_quarter"): Tapped on element 'Object Repository/Mobile/Page/Portfolio/Tab - Summary Quarter to Date'

2022-01-04 09:40:21 - [TEST_STEP][PASSED] - scroll.scroll.scrollScreenBottomToTop(): scroll.scroll.scrollScreenBottomToTop is PASSED

2022-01-04 09:40:21 - [MESSAGE][PASSED] - Current device physical height is 1423

2022-01-04 09:40:21 - [MESSAGE][PASSED] - Current device physical width is 720

2022-01-04 09:40:23 - [MESSAGE][PASSED] - Swiped from 360,1,138 to 360,284

2022-01-04 09:40:23 - [MESSAGE][PASSED] - scroll.scroll.scrollScreenBottomToTop is PASSED

2022-01-04 09:40:23 - [TEST_STEP][PASSED] - delay(1): Delayed 1 second(s)

2022-01-04 09:40:24 - [MESSAGE][PASSED] - Delayed 1 second(s)

2022-01-04 09:40:24 - [TEST_STEP][PASSED] - tap(PORT_TabSummaryQuarter, 0): Tapped on element 'Object Repository/Mobile/Page/Portfolio/Tab - Summary Quarter to Date'

2022-01-04 09:40:24 - [MESSAGE][WARNING] - Timeout '0' is invalid. Using default page load timeout: '60'

2022-01-04 09:40:24 - [MESSAGE][PASSED] - Tapped on element 'Object Repository/Mobile/Page/Portfolio/Tab - Summary Quarter to Date'

2022-01-04 09:40:24 - [TEST_STEP][PASSED] - if (action != "summary"): Delayed 3 second(s)

2022-01-04 09:40:24 - [TEST_STEP][PASSED] - delay(1): Delayed 1 second(s)

2022-01-04 09:40:25 - [MESSAGE][PASSED] - Delayed 1 second(s)

2022-01-04 09:40:25 - [TEST_STEP][PASSED] - scroll.scroll.scrollScreenBottomToTop(): scroll.scroll.scrollScreenBottomToTop is PASSED

2022-01-04 09:40:26 - [MESSAGE][PASSED] - Current device physical height is 1423

2022-01-04 09:40:26 - [MESSAGE][PASSED] - Current device physical width is 720

2022-01-04 09:40:27 - [MESSAGE][PASSED] - Swiped from 360,1,138 to 360,284

2022-01-04 09:40:27 - [MESSAGE][PASSED] - scroll.scroll.scrollScreenBottomToTop is PASSED

2022-01-04 09:40:27 - [TEST_STEP][PASSED] - delay(3): Delayed 3 second(s)

2022-01-04 09:40:30 - [MESSAGE][PASSED] - Delayed 3 second(s)

2022-01-04 09:40:30 - [TEST_STEP][PASSED] - if (action2 == "idr"): Delayed 3 second(s)

2022-01-04 09:40:30 - [TEST_STEP][PASSED] - tap(idr, 10): Tapped on element 'Object Repository/Mobile/Page/Portfolio/Button - IDR'

2022-01-04 09:40:31 - [MESSAGE][PASSED] - Tapped on element 'Object Repository/Mobile/Page/Portfolio/Button - IDR'

2022-01-04 09:40:31 - [TEST_STEP][PASSED] - delay(3): Delayed 3 second(s)

2022-01-04 09:40:34 - [MESSAGE][PASSED] - Delayed 3 second(s)

2022-01-04 09:40:34 - [MESSAGE][PASSED] - Call Test Case 'Test Cases/Mobile/Page/Portfolio/Portfolio' successfully

2022-01-04 09:40:34 - [TEST_STEP][PASSED] - callTestCase(findTestCase("Mobile/Page/Run App/Terminate App"), [:], STOP_ON_FAILURE): Call Test Case 'Test Cases/Mobile/Page/Run App/Terminate App' successfully

2022-01-04 09:40:34 - [TEST_CASE][PASSED] - Test Cases/Mobile/Page/Run App/Terminate App: Test Cases/Mobile/Page/Run App/Terminate App

2022-01-04 09:40:34 - [TEST_STEP][PASSED] - startApp.OpenApp.terminateApplication(): startApp.OpenApp.terminateApplication is PASSED

2022-01-04 09:40:37 - [MESSAGE][PASSED] - Delayed 3 second(s)

2022-01-04 09:40:37 - [MESSAGE][PASSED] - Current device physical width is 720

2022-01-04 09:40:37 - [MESSAGE][PASSED] - Current device physical height is 1423

2022-01-04 09:40:39 - [MESSAGE][PASSED] - Swiped from 360,853 to 360,142

2022-01-04 09:40:40 - [MESSAGE][PASSED] - Delayed 1 second(s)

2022-01-04 09:40:41 - [MESSAGE][PASSED] - Swiped from 360,853 to 360,142

2022-01-04 09:40:44 - [MESSAGE][PASSED] - Delayed 3 second(s)

2022-01-04 09:40:44 - [MESSAGE][PASSED] - startApp.OpenApp.terminateApplication is PASSED

2022-01-04 09:40:44 - [MESSAGE][PASSED] - Call Test Case 'Test Cases/Mobile/Page/Run App/Terminate App' successfully]]></system-out>
         <system-err><![CDATA[]]></system-err>
      </testcase>
      <testcase name="Test Cases/Mobile/Scenario/Portfolio/005 - Portfolio Performance Year to Date IDR" time="68.741" classname="Test Cases/Mobile/Scenario/Portfolio/005 - Portfolio Performance Year to Date IDR" status="PASSED">
         <system-out><![CDATA[2022-01-04 09:40:44 - [TEST_CASE][PASSED] - Test Cases/Mobile/Scenario/Portfolio/005 - Portfolio Performance Year to Date IDR: Test Cases/Mobile/Scenario/Portfolio/005 - Portfolio Performance Year to Date IDR

2022-01-04 09:40:44 - [TEST_STEP][PASSED] - callTestCase(findTestCase("Mobile/Page/Run App/Run App byID"), [:], STOP_ON_FAILURE): Call Test Case 'Test Cases/Mobile/Page/Run App/Run App byID' successfully

2022-01-04 09:40:45 - [TEST_CASE][PASSED] - Test Cases/Mobile/Page/Run App/Run App byID: Test Cases/Mobile/Page/Run App/Run App byID

2022-01-04 09:40:45 - [TEST_STEP][PASSED] - startApp.OpenApp.startApplication("id.co.miraeasset.sageclub"): startApp.OpenApp.startApplication is PASSED

2022-01-04 09:41:00 - [MESSAGE][PASSED] - Starting app with application ID: 'id.co.miraeasset.sageclub'

2022-01-04 09:41:00 - [MESSAGE][PASSED] - startApp.OpenApp.startApplication is PASSED

2022-01-04 09:41:00 - [MESSAGE][PASSED] - Call Test Case 'Test Cases/Mobile/Page/Run App/Run App byID' successfully

2022-01-04 09:41:00 - [TEST_STEP][PASSED] - callTestCase(findTestCase("Mobile/Page/Portfolio/Portfolio"), ["tab":"summary", "action":"perf_year", "action2":"idr"], CONTINUE_ON_FAILURE): Call Test Case 'Test Cases/Mobile/Page/Portfolio/Portfolio' successfully

2022-01-04 09:41:00 - [TEST_CASE][PASSED] - Test Cases/Mobile/Page/Portfolio/Portfolio: Test Cases/Mobile/Page/Portfolio/Portfolio

2022-01-04 09:41:00 - [TEST_STEP][PASSED] - callTestCase(findTestCase("Mobile/Page/CheckLogin"), [:], CONTINUE_ON_FAILURE): Call Test Case 'Test Cases/Mobile/Page/CheckLogin' successfully

2022-01-04 09:41:00 - [TEST_CASE][PASSED] - Test Cases/Mobile/Page/CheckLogin: Test Cases/Mobile/Page/CheckLogin

2022-01-04 09:41:00 - [TEST_STEP][PASSED] - loginCheck = verifyElementExist(LOGN_BtnLogin, 5, CONTINUE_ON_FAILURE): Element 'Object Repository/Mobile/Page/Login/Button - Login' is exist

2022-01-04 09:41:02 - [MESSAGE][PASSED] - Element 'Object Repository/Mobile/Page/Login/Button - Login' is exist

2022-01-04 09:41:02 - [TEST_STEP][PASSED] - if (loginCheck): Call Test Case 'Test Cases/Mobile/Page/Login/Login' successfully

2022-01-04 09:41:02 - [TEST_STEP][PASSED] - callTestCase(findTestCase("Mobile/Page/Login/Login"), ["action":"username"], CONTINUE_ON_FAILURE): Call Test Case 'Test Cases/Mobile/Page/Login/Login' successfully

2022-01-04 09:41:02 - [TEST_CASE][PASSED] - Test Cases/Mobile/Page/Login/Login: Test Cases/Mobile/Page/Login/Login

2022-01-04 09:41:02 - [TEST_STEP][PASSED] - delay(2): Delayed 2 second(s)

2022-01-04 09:41:04 - [MESSAGE][PASSED] - Delayed 2 second(s)

2022-01-04 09:41:04 - [TEST_STEP][PASSED] - for ([i = 0, i < 1, (i++)]): null

2022-01-04 09:41:04 - [TEST_STEP][PASSED] - if (action == "username"): null

2022-01-04 09:41:04 - [TEST_STEP][PASSED] - tap(LOGN_EdtUserID, 0): Tapped on element 'Object Repository/Mobile/Page/Login/Input - UserID'

2022-01-04 09:41:04 - [MESSAGE][WARNING] - Timeout '0' is invalid. Using default page load timeout: '60'

2022-01-04 09:41:04 - [MESSAGE][PASSED] - Tapped on element 'Object Repository/Mobile/Page/Login/Input - UserID'

2022-01-04 09:41:04 - [TEST_STEP][PASSED] - delay(1): Delayed 1 second(s)

2022-01-04 09:41:05 - [MESSAGE][PASSED] - Delayed 1 second(s)

2022-01-04 09:41:05 - [TEST_STEP][PASSED] - setText(LOGN_EdtRdyUserID, "anggaaditya", 0): Text 'anggaaditya' has been set to element 'Object Repository/Mobile/Page/Login/Input Rdy - UserID'

2022-01-04 09:41:05 - [MESSAGE][WARNING] - Timeout '0' is invalid. Using default page load timeout: '60'

2022-01-04 09:41:06 - [MESSAGE][PASSED] - Text 'anggaaditya' has been set to element 'Object Repository/Mobile/Page/Login/Input Rdy - UserID'

2022-01-04 09:41:06 - [TEST_STEP][PASSED] - delay(1): Delayed 1 second(s)

2022-01-04 09:41:07 - [MESSAGE][PASSED] - Delayed 1 second(s)

2022-01-04 09:41:07 - [TEST_STEP][PASSED] - hideKeyboard(): Keyboard is hidden

2022-01-04 09:41:13 - [MESSAGE][PASSED] - Keyboard is hidden

2022-01-04 09:41:13 - [TEST_STEP][PASSED] - tap(LOGN_EdtPassword, 0): Tapped on element 'Object Repository/Mobile/Page/Login/Input - Password'

2022-01-04 09:41:13 - [MESSAGE][WARNING] - Timeout '0' is invalid. Using default page load timeout: '60'

2022-01-04 09:41:13 - [MESSAGE][PASSED] - Tapped on element 'Object Repository/Mobile/Page/Login/Input - Password'

2022-01-04 09:41:13 - [TEST_STEP][PASSED] - delay(1): Delayed 1 second(s)

2022-01-04 09:41:14 - [MESSAGE][PASSED] - Delayed 1 second(s)

2022-01-04 09:41:14 - [TEST_STEP][PASSED] - setText(LOGN_EdtRdyPassword, "Shalawa18", 0): Text 'Shalawa18' has been set to element 'Object Repository/Mobile/Page/Login/Input Rdy - Password'

2022-01-04 09:41:14 - [MESSAGE][WARNING] - Timeout '0' is invalid. Using default page load timeout: '60'

2022-01-04 09:41:15 - [MESSAGE][PASSED] - Text 'Shalawa18' has been set to element 'Object Repository/Mobile/Page/Login/Input Rdy - Password'

2022-01-04 09:41:15 - [TEST_STEP][PASSED] - delay(1): Delayed 1 second(s)

2022-01-04 09:41:16 - [MESSAGE][PASSED] - Delayed 1 second(s)

2022-01-04 09:41:16 - [TEST_STEP][PASSED] - hideKeyboard(): Keyboard is hidden

2022-01-04 09:41:23 - [MESSAGE][PASSED] - Keyboard is hidden

2022-01-04 09:41:23 - [TEST_STEP][PASSED] - tap(LOGN_BtnLogin, 0): Tapped on element 'Object Repository/Mobile/Page/Login/Button - Login'

2022-01-04 09:41:23 - [MESSAGE][WARNING] - Timeout '0' is invalid. Using default page load timeout: '60'

2022-01-04 09:41:24 - [MESSAGE][PASSED] - Tapped on element 'Object Repository/Mobile/Page/Login/Button - Login'

2022-01-04 09:41:24 - [TEST_STEP][PASSED] - delay(2): Delayed 2 second(s)

2022-01-04 09:41:26 - [MESSAGE][PASSED] - Delayed 2 second(s)

2022-01-04 09:41:26 - [TEST_STEP][PASSED] - break: null

2022-01-04 09:41:26 - [MESSAGE][PASSED] - Call Test Case 'Test Cases/Mobile/Page/Login/Login' successfully

2022-01-04 09:41:26 - [MESSAGE][PASSED] - Call Test Case 'Test Cases/Mobile/Page/CheckLogin' successfully

2022-01-04 09:41:26 - [TEST_STEP][PASSED] - tap(HOME_MenubarPortfolio, 0): Tapped on element 'Object Repository/Mobile/Page/Home/Menubar - Portfolio'

2022-01-04 09:41:26 - [MESSAGE][WARNING] - Timeout '0' is invalid. Using default page load timeout: '60'

2022-01-04 09:41:29 - [MESSAGE][PASSED] - Tapped on element 'Object Repository/Mobile/Page/Home/Menubar - Portfolio'

2022-01-04 09:41:29 - [TEST_STEP][PASSED] - delay(1): Delayed 1 second(s)

2022-01-04 09:41:30 - [MESSAGE][PASSED] - Delayed 1 second(s)

2022-01-04 09:41:30 - [TEST_STEP][PASSED] - for ([i = 0, i < 1, (i++)]): Delayed 3 second(s)

2022-01-04 09:41:30 - [TEST_STEP][PASSED] - if (tab == "summary"): Delayed 3 second(s)

2022-01-04 09:41:30 - [TEST_STEP][PASSED] - idr = PORT_BtnIDR: null

2022-01-04 09:41:30 - [TEST_STEP][PASSED] - persen = PORT_BtnPersen: null

2022-01-04 09:41:30 - [TEST_STEP][PASSED] - if (action == "summary"): null

2022-01-04 09:41:30 - [TEST_STEP][PASSED] - else if (action == "perf_daily"): null

2022-01-04 09:41:30 - [TEST_STEP][PASSED] - else if (action == "perf_month"): null

2022-01-04 09:41:30 - [TEST_STEP][PASSED] - else if (action == "perf_quarter"): null

2022-01-04 09:41:30 - [TEST_STEP][PASSED] - else if (action == "perf_year"): Tapped on element 'Object Repository/Mobile/Page/Portfolio/Tab - Summary Year to Date'

2022-01-04 09:41:30 - [TEST_STEP][PASSED] - scroll.scroll.scrollScreenBottomToTop(): scroll.scroll.scrollScreenBottomToTop is PASSED

2022-01-04 09:41:30 - [MESSAGE][PASSED] - Current device physical height is 1423

2022-01-04 09:41:30 - [MESSAGE][PASSED] - Current device physical width is 720

2022-01-04 09:41:32 - [MESSAGE][PASSED] - Swiped from 360,1,138 to 360,284

2022-01-04 09:41:32 - [MESSAGE][PASSED] - scroll.scroll.scrollScreenBottomToTop is PASSED

2022-01-04 09:41:32 - [TEST_STEP][PASSED] - delay(1): Delayed 1 second(s)

2022-01-04 09:41:33 - [MESSAGE][PASSED] - Delayed 1 second(s)

2022-01-04 09:41:33 - [TEST_STEP][PASSED] - tap(PORT_TabSummaryYear, 0): Tapped on element 'Object Repository/Mobile/Page/Portfolio/Tab - Summary Year to Date'

2022-01-04 09:41:33 - [MESSAGE][WARNING] - Timeout '0' is invalid. Using default page load timeout: '60'

2022-01-04 09:41:33 - [MESSAGE][PASSED] - Tapped on element 'Object Repository/Mobile/Page/Portfolio/Tab - Summary Year to Date'

2022-01-04 09:41:33 - [TEST_STEP][PASSED] - if (action != "summary"): Delayed 3 second(s)

2022-01-04 09:41:33 - [TEST_STEP][PASSED] - delay(1): Delayed 1 second(s)

2022-01-04 09:41:34 - [MESSAGE][PASSED] - Delayed 1 second(s)

2022-01-04 09:41:34 - [TEST_STEP][PASSED] - scroll.scroll.scrollScreenBottomToTop(): scroll.scroll.scrollScreenBottomToTop is PASSED

2022-01-04 09:41:34 - [MESSAGE][PASSED] - Current device physical height is 1423

2022-01-04 09:41:35 - [MESSAGE][PASSED] - Current device physical width is 720

2022-01-04 09:41:36 - [MESSAGE][PASSED] - Swiped from 360,1,138 to 360,284

2022-01-04 09:41:36 - [MESSAGE][PASSED] - scroll.scroll.scrollScreenBottomToTop is PASSED

2022-01-04 09:41:36 - [TEST_STEP][PASSED] - delay(3): Delayed 3 second(s)

2022-01-04 09:41:39 - [MESSAGE][PASSED] - Delayed 3 second(s)

2022-01-04 09:41:39 - [TEST_STEP][PASSED] - if (action2 == "idr"): Delayed 3 second(s)

2022-01-04 09:41:39 - [TEST_STEP][PASSED] - tap(idr, 10): Tapped on element 'Object Repository/Mobile/Page/Portfolio/Button - IDR'

2022-01-04 09:41:39 - [MESSAGE][PASSED] - Tapped on element 'Object Repository/Mobile/Page/Portfolio/Button - IDR'

2022-01-04 09:41:39 - [TEST_STEP][PASSED] - delay(3): Delayed 3 second(s)

2022-01-04 09:41:42 - [MESSAGE][PASSED] - Delayed 3 second(s)

2022-01-04 09:41:42 - [MESSAGE][PASSED] - Call Test Case 'Test Cases/Mobile/Page/Portfolio/Portfolio' successfully

2022-01-04 09:41:42 - [TEST_STEP][PASSED] - callTestCase(findTestCase("Mobile/Page/Run App/Terminate App"), [:], STOP_ON_FAILURE): Call Test Case 'Test Cases/Mobile/Page/Run App/Terminate App' successfully

2022-01-04 09:41:43 - [TEST_CASE][PASSED] - Test Cases/Mobile/Page/Run App/Terminate App: Test Cases/Mobile/Page/Run App/Terminate App

2022-01-04 09:41:43 - [TEST_STEP][PASSED] - startApp.OpenApp.terminateApplication(): startApp.OpenApp.terminateApplication is PASSED

2022-01-04 09:41:46 - [MESSAGE][PASSED] - Delayed 3 second(s)

2022-01-04 09:41:46 - [MESSAGE][PASSED] - Current device physical width is 720

2022-01-04 09:41:46 - [MESSAGE][PASSED] - Current device physical height is 1423

2022-01-04 09:41:48 - [MESSAGE][PASSED] - Swiped from 360,853 to 360,142

2022-01-04 09:41:49 - [MESSAGE][PASSED] - Delayed 1 second(s)

2022-01-04 09:41:50 - [MESSAGE][PASSED] - Swiped from 360,853 to 360,142

2022-01-04 09:41:53 - [MESSAGE][PASSED] - Delayed 3 second(s)

2022-01-04 09:41:53 - [MESSAGE][PASSED] - startApp.OpenApp.terminateApplication is PASSED

2022-01-04 09:41:53 - [MESSAGE][PASSED] - Call Test Case 'Test Cases/Mobile/Page/Run App/Terminate App' successfully]]></system-out>
         <system-err><![CDATA[]]></system-err>
      </testcase>
      <testcase name="Test Cases/Mobile/Scenario/Portfolio/006 - Portfolio Performance Daily Persen" time="63.683" classname="Test Cases/Mobile/Scenario/Portfolio/006 - Portfolio Performance Daily Persen" status="PASSED">
         <system-out><![CDATA[2022-01-04 09:41:53 - [TEST_CASE][PASSED] - Test Cases/Mobile/Scenario/Portfolio/006 - Portfolio Performance Daily Persen: Test Cases/Mobile/Scenario/Portfolio/006 - Portfolio Performance Daily Persen

2022-01-04 09:41:53 - [TEST_STEP][PASSED] - callTestCase(findTestCase("Mobile/Page/Run App/Run App byID"), [:], STOP_ON_FAILURE): Call Test Case 'Test Cases/Mobile/Page/Run App/Run App byID' successfully

2022-01-04 09:41:53 - [TEST_CASE][PASSED] - Test Cases/Mobile/Page/Run App/Run App byID: Test Cases/Mobile/Page/Run App/Run App byID

2022-01-04 09:41:53 - [TEST_STEP][PASSED] - startApp.OpenApp.startApplication("id.co.miraeasset.sageclub"): startApp.OpenApp.startApplication is PASSED

2022-01-04 09:42:08 - [MESSAGE][PASSED] - Starting app with application ID: 'id.co.miraeasset.sageclub'

2022-01-04 09:42:08 - [MESSAGE][PASSED] - startApp.OpenApp.startApplication is PASSED

2022-01-04 09:42:08 - [MESSAGE][PASSED] - Call Test Case 'Test Cases/Mobile/Page/Run App/Run App byID' successfully

2022-01-04 09:42:08 - [TEST_STEP][PASSED] - callTestCase(findTestCase("Mobile/Page/Portfolio/Portfolio"), ["tab":"summary", "action":"perf_daily", "action2":"persen"], CONTINUE_ON_FAILURE): Call Test Case 'Test Cases/Mobile/Page/Portfolio/Portfolio' successfully

2022-01-04 09:42:08 - [TEST_CASE][PASSED] - Test Cases/Mobile/Page/Portfolio/Portfolio: Test Cases/Mobile/Page/Portfolio/Portfolio

2022-01-04 09:42:08 - [TEST_STEP][PASSED] - callTestCase(findTestCase("Mobile/Page/CheckLogin"), [:], CONTINUE_ON_FAILURE): Call Test Case 'Test Cases/Mobile/Page/CheckLogin' successfully

2022-01-04 09:42:08 - [TEST_CASE][PASSED] - Test Cases/Mobile/Page/CheckLogin: Test Cases/Mobile/Page/CheckLogin

2022-01-04 09:42:08 - [TEST_STEP][PASSED] - loginCheck = verifyElementExist(LOGN_BtnLogin, 5, CONTINUE_ON_FAILURE): Element 'Object Repository/Mobile/Page/Login/Button - Login' is exist

2022-01-04 09:42:10 - [MESSAGE][PASSED] - Element 'Object Repository/Mobile/Page/Login/Button - Login' is exist

2022-01-04 09:42:10 - [TEST_STEP][PASSED] - if (loginCheck): Call Test Case 'Test Cases/Mobile/Page/Login/Login' successfully

2022-01-04 09:42:10 - [TEST_STEP][PASSED] - callTestCase(findTestCase("Mobile/Page/Login/Login"), ["action":"username"], CONTINUE_ON_FAILURE): Call Test Case 'Test Cases/Mobile/Page/Login/Login' successfully

2022-01-04 09:42:10 - [TEST_CASE][PASSED] - Test Cases/Mobile/Page/Login/Login: Test Cases/Mobile/Page/Login/Login

2022-01-04 09:42:10 - [TEST_STEP][PASSED] - delay(2): Delayed 2 second(s)

2022-01-04 09:42:12 - [MESSAGE][PASSED] - Delayed 2 second(s)

2022-01-04 09:42:12 - [TEST_STEP][PASSED] - for ([i = 0, i < 1, (i++)]): null

2022-01-04 09:42:12 - [TEST_STEP][PASSED] - if (action == "username"): null

2022-01-04 09:42:12 - [TEST_STEP][PASSED] - tap(LOGN_EdtUserID, 0): Tapped on element 'Object Repository/Mobile/Page/Login/Input - UserID'

2022-01-04 09:42:12 - [MESSAGE][WARNING] - Timeout '0' is invalid. Using default page load timeout: '60'

2022-01-04 09:42:13 - [MESSAGE][PASSED] - Tapped on element 'Object Repository/Mobile/Page/Login/Input - UserID'

2022-01-04 09:42:13 - [TEST_STEP][PASSED] - delay(1): Delayed 1 second(s)

2022-01-04 09:42:14 - [MESSAGE][PASSED] - Delayed 1 second(s)

2022-01-04 09:42:14 - [TEST_STEP][PASSED] - setText(LOGN_EdtRdyUserID, "anggaaditya", 0): Text 'anggaaditya' has been set to element 'Object Repository/Mobile/Page/Login/Input Rdy - UserID'

2022-01-04 09:42:14 - [MESSAGE][WARNING] - Timeout '0' is invalid. Using default page load timeout: '60'

2022-01-04 09:42:15 - [MESSAGE][PASSED] - Text 'anggaaditya' has been set to element 'Object Repository/Mobile/Page/Login/Input Rdy - UserID'

2022-01-04 09:42:15 - [TEST_STEP][PASSED] - delay(1): Delayed 1 second(s)

2022-01-04 09:42:16 - [MESSAGE][PASSED] - Delayed 1 second(s)

2022-01-04 09:42:16 - [TEST_STEP][PASSED] - hideKeyboard(): Keyboard is hidden

2022-01-04 09:42:20 - [MESSAGE][PASSED] - Keyboard is hidden

2022-01-04 09:42:20 - [TEST_STEP][PASSED] - tap(LOGN_EdtPassword, 0): Tapped on element 'Object Repository/Mobile/Page/Login/Input - Password'

2022-01-04 09:42:20 - [MESSAGE][WARNING] - Timeout '0' is invalid. Using default page load timeout: '60'

2022-01-04 09:42:20 - [MESSAGE][PASSED] - Tapped on element 'Object Repository/Mobile/Page/Login/Input - Password'

2022-01-04 09:42:20 - [TEST_STEP][PASSED] - delay(1): Delayed 1 second(s)

2022-01-04 09:42:21 - [MESSAGE][PASSED] - Delayed 1 second(s)

2022-01-04 09:42:21 - [TEST_STEP][PASSED] - setText(LOGN_EdtRdyPassword, "Shalawa18", 0): Text 'Shalawa18' has been set to element 'Object Repository/Mobile/Page/Login/Input Rdy - Password'

2022-01-04 09:42:21 - [MESSAGE][WARNING] - Timeout '0' is invalid. Using default page load timeout: '60'

2022-01-04 09:42:22 - [MESSAGE][PASSED] - Text 'Shalawa18' has been set to element 'Object Repository/Mobile/Page/Login/Input Rdy - Password'

2022-01-04 09:42:22 - [TEST_STEP][PASSED] - delay(1): Delayed 1 second(s)

2022-01-04 09:42:23 - [MESSAGE][PASSED] - Delayed 1 second(s)

2022-01-04 09:42:23 - [TEST_STEP][PASSED] - hideKeyboard(): Keyboard is hidden

2022-01-04 09:42:29 - [MESSAGE][PASSED] - Keyboard is hidden

2022-01-04 09:42:29 - [TEST_STEP][PASSED] - tap(LOGN_BtnLogin, 0): Tapped on element 'Object Repository/Mobile/Page/Login/Button - Login'

2022-01-04 09:42:29 - [MESSAGE][WARNING] - Timeout '0' is invalid. Using default page load timeout: '60'

2022-01-04 09:42:30 - [MESSAGE][PASSED] - Tapped on element 'Object Repository/Mobile/Page/Login/Button - Login'

2022-01-04 09:42:30 - [TEST_STEP][PASSED] - delay(2): Delayed 2 second(s)

2022-01-04 09:42:32 - [MESSAGE][PASSED] - Delayed 2 second(s)

2022-01-04 09:42:32 - [TEST_STEP][PASSED] - break: null

2022-01-04 09:42:32 - [MESSAGE][PASSED] - Call Test Case 'Test Cases/Mobile/Page/Login/Login' successfully

2022-01-04 09:42:32 - [MESSAGE][PASSED] - Call Test Case 'Test Cases/Mobile/Page/CheckLogin' successfully

2022-01-04 09:42:32 - [TEST_STEP][PASSED] - tap(HOME_MenubarPortfolio, 0): Tapped on element 'Object Repository/Mobile/Page/Home/Menubar - Portfolio'

2022-01-04 09:42:32 - [MESSAGE][WARNING] - Timeout '0' is invalid. Using default page load timeout: '60'

2022-01-04 09:42:34 - [MESSAGE][PASSED] - Tapped on element 'Object Repository/Mobile/Page/Home/Menubar - Portfolio'

2022-01-04 09:42:34 - [TEST_STEP][PASSED] - delay(1): Delayed 1 second(s)

2022-01-04 09:42:35 - [MESSAGE][PASSED] - Delayed 1 second(s)

2022-01-04 09:42:35 - [TEST_STEP][PASSED] - for ([i = 0, i < 1, (i++)]): Delayed 3 second(s)

2022-01-04 09:42:35 - [TEST_STEP][PASSED] - if (tab == "summary"): Delayed 3 second(s)

2022-01-04 09:42:35 - [TEST_STEP][PASSED] - idr = PORT_BtnIDR: null

2022-01-04 09:42:35 - [TEST_STEP][PASSED] - persen = PORT_BtnPersen: null

2022-01-04 09:42:35 - [TEST_STEP][PASSED] - if (action == "summary"): null

2022-01-04 09:42:35 - [TEST_STEP][PASSED] - else if (action == "perf_daily"): scroll.scroll.scrollScreenBottomToTop is PASSED

2022-01-04 09:42:35 - [TEST_STEP][PASSED] - scroll.scroll.scrollScreenBottomToTop(): scroll.scroll.scrollScreenBottomToTop is PASSED

2022-01-04 09:42:35 - [MESSAGE][PASSED] - Current device physical height is 1423

2022-01-04 09:42:35 - [MESSAGE][PASSED] - Current device physical width is 720

2022-01-04 09:42:37 - [MESSAGE][PASSED] - Swiped from 360,1,138 to 360,284

2022-01-04 09:42:37 - [MESSAGE][PASSED] - scroll.scroll.scrollScreenBottomToTop is PASSED

2022-01-04 09:42:37 - [TEST_STEP][PASSED] - if (action != "summary"): Delayed 3 second(s)

2022-01-04 09:42:37 - [TEST_STEP][PASSED] - delay(1): Delayed 1 second(s)

2022-01-04 09:42:38 - [MESSAGE][PASSED] - Delayed 1 second(s)

2022-01-04 09:42:38 - [TEST_STEP][PASSED] - scroll.scroll.scrollScreenBottomToTop(): scroll.scroll.scrollScreenBottomToTop is PASSED

2022-01-04 09:42:38 - [MESSAGE][PASSED] - Current device physical height is 1423

2022-01-04 09:42:38 - [MESSAGE][PASSED] - Current device physical width is 720

2022-01-04 09:42:40 - [MESSAGE][PASSED] - Swiped from 360,1,138 to 360,284

2022-01-04 09:42:40 - [MESSAGE][PASSED] - scroll.scroll.scrollScreenBottomToTop is PASSED

2022-01-04 09:42:40 - [TEST_STEP][PASSED] - delay(3): Delayed 3 second(s)

2022-01-04 09:42:43 - [MESSAGE][PASSED] - Delayed 3 second(s)

2022-01-04 09:42:43 - [TEST_STEP][PASSED] - if (action2 == "idr"): null

2022-01-04 09:42:43 - [TEST_STEP][PASSED] - else if (action2 == "persen"): Delayed 3 second(s)

2022-01-04 09:42:43 - [TEST_STEP][PASSED] - tap(persen, 10): Tapped on element 'Object Repository/Mobile/Page/Portfolio/Button - Persen'

2022-01-04 09:42:43 - [MESSAGE][PASSED] - Tapped on element 'Object Repository/Mobile/Page/Portfolio/Button - Persen'

2022-01-04 09:42:43 - [TEST_STEP][PASSED] - delay(3): Delayed 3 second(s)

2022-01-04 09:42:46 - [MESSAGE][PASSED] - Delayed 3 second(s)

2022-01-04 09:42:46 - [MESSAGE][PASSED] - Call Test Case 'Test Cases/Mobile/Page/Portfolio/Portfolio' successfully

2022-01-04 09:42:46 - [TEST_STEP][PASSED] - callTestCase(findTestCase("Mobile/Page/Run App/Terminate App"), [:], STOP_ON_FAILURE): Call Test Case 'Test Cases/Mobile/Page/Run App/Terminate App' successfully

2022-01-04 09:42:46 - [TEST_CASE][PASSED] - Test Cases/Mobile/Page/Run App/Terminate App: Test Cases/Mobile/Page/Run App/Terminate App

2022-01-04 09:42:46 - [TEST_STEP][PASSED] - startApp.OpenApp.terminateApplication(): startApp.OpenApp.terminateApplication is PASSED

2022-01-04 09:42:49 - [MESSAGE][PASSED] - Delayed 3 second(s)

2022-01-04 09:42:50 - [MESSAGE][PASSED] - Current device physical width is 720

2022-01-04 09:42:50 - [MESSAGE][PASSED] - Current device physical height is 1423

2022-01-04 09:42:51 - [MESSAGE][PASSED] - Swiped from 360,853 to 360,142

2022-01-04 09:42:52 - [MESSAGE][PASSED] - Delayed 1 second(s)

2022-01-04 09:42:54 - [MESSAGE][PASSED] - Swiped from 360,853 to 360,142

2022-01-04 09:42:57 - [MESSAGE][PASSED] - Delayed 3 second(s)

2022-01-04 09:42:57 - [MESSAGE][PASSED] - startApp.OpenApp.terminateApplication is PASSED

2022-01-04 09:42:57 - [MESSAGE][PASSED] - Call Test Case 'Test Cases/Mobile/Page/Run App/Terminate App' successfully]]></system-out>
         <system-err><![CDATA[]]></system-err>
      </testcase>
      <testcase name="Test Cases/Mobile/Scenario/Portfolio/007 - Portfolio Performance Month to Date Persen" time="69.93" classname="Test Cases/Mobile/Scenario/Portfolio/007 - Portfolio Performance Month to Date Persen" status="PASSED">
         <system-out><![CDATA[2022-01-04 09:42:57 - [TEST_CASE][PASSED] - Test Cases/Mobile/Scenario/Portfolio/007 - Portfolio Performance Month to Date Persen: Test Cases/Mobile/Scenario/Portfolio/007 - Portfolio Performance Month to Date Persen

2022-01-04 09:42:57 - [TEST_STEP][PASSED] - callTestCase(findTestCase("Mobile/Page/Run App/Run App byID"), [:], STOP_ON_FAILURE): Call Test Case 'Test Cases/Mobile/Page/Run App/Run App byID' successfully

2022-01-04 09:42:57 - [TEST_CASE][PASSED] - Test Cases/Mobile/Page/Run App/Run App byID: Test Cases/Mobile/Page/Run App/Run App byID

2022-01-04 09:42:57 - [TEST_STEP][PASSED] - startApp.OpenApp.startApplication("id.co.miraeasset.sageclub"): startApp.OpenApp.startApplication is PASSED

2022-01-04 09:43:12 - [MESSAGE][PASSED] - Starting app with application ID: 'id.co.miraeasset.sageclub'

2022-01-04 09:43:12 - [MESSAGE][PASSED] - startApp.OpenApp.startApplication is PASSED

2022-01-04 09:43:12 - [MESSAGE][PASSED] - Call Test Case 'Test Cases/Mobile/Page/Run App/Run App byID' successfully

2022-01-04 09:43:12 - [TEST_STEP][PASSED] - callTestCase(findTestCase("Mobile/Page/Portfolio/Portfolio"), ["tab":"summary", "action":"perf_month", "action2":"persen"], CONTINUE_ON_FAILURE): Call Test Case 'Test Cases/Mobile/Page/Portfolio/Portfolio' successfully

2022-01-04 09:43:12 - [TEST_CASE][PASSED] - Test Cases/Mobile/Page/Portfolio/Portfolio: Test Cases/Mobile/Page/Portfolio/Portfolio

2022-01-04 09:43:12 - [TEST_STEP][PASSED] - callTestCase(findTestCase("Mobile/Page/CheckLogin"), [:], CONTINUE_ON_FAILURE): Call Test Case 'Test Cases/Mobile/Page/CheckLogin' successfully

2022-01-04 09:43:12 - [TEST_CASE][PASSED] - Test Cases/Mobile/Page/CheckLogin: Test Cases/Mobile/Page/CheckLogin

2022-01-04 09:43:12 - [TEST_STEP][PASSED] - loginCheck = verifyElementExist(LOGN_BtnLogin, 5, CONTINUE_ON_FAILURE): Element 'Object Repository/Mobile/Page/Login/Button - Login' is exist

2022-01-04 09:43:14 - [MESSAGE][PASSED] - Element 'Object Repository/Mobile/Page/Login/Button - Login' is exist

2022-01-04 09:43:14 - [TEST_STEP][PASSED] - if (loginCheck): Call Test Case 'Test Cases/Mobile/Page/Login/Login' successfully

2022-01-04 09:43:14 - [TEST_STEP][PASSED] - callTestCase(findTestCase("Mobile/Page/Login/Login"), ["action":"username"], CONTINUE_ON_FAILURE): Call Test Case 'Test Cases/Mobile/Page/Login/Login' successfully

2022-01-04 09:43:14 - [TEST_CASE][PASSED] - Test Cases/Mobile/Page/Login/Login: Test Cases/Mobile/Page/Login/Login

2022-01-04 09:43:14 - [TEST_STEP][PASSED] - delay(2): Delayed 2 second(s)

2022-01-04 09:43:16 - [MESSAGE][PASSED] - Delayed 2 second(s)

2022-01-04 09:43:16 - [TEST_STEP][PASSED] - for ([i = 0, i < 1, (i++)]): null

2022-01-04 09:43:16 - [TEST_STEP][PASSED] - if (action == "username"): null

2022-01-04 09:43:16 - [TEST_STEP][PASSED] - tap(LOGN_EdtUserID, 0): Tapped on element 'Object Repository/Mobile/Page/Login/Input - UserID'

2022-01-04 09:43:16 - [MESSAGE][WARNING] - Timeout '0' is invalid. Using default page load timeout: '60'

2022-01-04 09:43:16 - [MESSAGE][PASSED] - Tapped on element 'Object Repository/Mobile/Page/Login/Input - UserID'

2022-01-04 09:43:16 - [TEST_STEP][PASSED] - delay(1): Delayed 1 second(s)

2022-01-04 09:43:17 - [MESSAGE][PASSED] - Delayed 1 second(s)

2022-01-04 09:43:17 - [TEST_STEP][PASSED] - setText(LOGN_EdtRdyUserID, "anggaaditya", 0): Text 'anggaaditya' has been set to element 'Object Repository/Mobile/Page/Login/Input Rdy - UserID'

2022-01-04 09:43:17 - [MESSAGE][WARNING] - Timeout '0' is invalid. Using default page load timeout: '60'

2022-01-04 09:43:18 - [MESSAGE][PASSED] - Text 'anggaaditya' has been set to element 'Object Repository/Mobile/Page/Login/Input Rdy - UserID'

2022-01-04 09:43:18 - [TEST_STEP][PASSED] - delay(1): Delayed 1 second(s)

2022-01-04 09:43:19 - [MESSAGE][PASSED] - Delayed 1 second(s)

2022-01-04 09:43:19 - [TEST_STEP][PASSED] - hideKeyboard(): Keyboard is hidden

2022-01-04 09:43:25 - [MESSAGE][PASSED] - Keyboard is hidden

2022-01-04 09:43:25 - [TEST_STEP][PASSED] - tap(LOGN_EdtPassword, 0): Tapped on element 'Object Repository/Mobile/Page/Login/Input - Password'

2022-01-04 09:43:25 - [MESSAGE][WARNING] - Timeout '0' is invalid. Using default page load timeout: '60'

2022-01-04 09:43:25 - [MESSAGE][PASSED] - Tapped on element 'Object Repository/Mobile/Page/Login/Input - Password'

2022-01-04 09:43:25 - [TEST_STEP][PASSED] - delay(1): Delayed 1 second(s)

2022-01-04 09:43:26 - [MESSAGE][PASSED] - Delayed 1 second(s)

2022-01-04 09:43:26 - [TEST_STEP][PASSED] - setText(LOGN_EdtRdyPassword, "Shalawa18", 0): Text 'Shalawa18' has been set to element 'Object Repository/Mobile/Page/Login/Input Rdy - Password'

2022-01-04 09:43:26 - [MESSAGE][WARNING] - Timeout '0' is invalid. Using default page load timeout: '60'

2022-01-04 09:43:28 - [MESSAGE][PASSED] - Text 'Shalawa18' has been set to element 'Object Repository/Mobile/Page/Login/Input Rdy - Password'

2022-01-04 09:43:28 - [TEST_STEP][PASSED] - delay(1): Delayed 1 second(s)

2022-01-04 09:43:29 - [MESSAGE][PASSED] - Delayed 1 second(s)

2022-01-04 09:43:29 - [TEST_STEP][PASSED] - hideKeyboard(): Keyboard is hidden

2022-01-04 09:43:36 - [MESSAGE][PASSED] - Keyboard is hidden

2022-01-04 09:43:36 - [TEST_STEP][PASSED] - tap(LOGN_BtnLogin, 0): Tapped on element 'Object Repository/Mobile/Page/Login/Button - Login'

2022-01-04 09:43:36 - [MESSAGE][WARNING] - Timeout '0' is invalid. Using default page load timeout: '60'

2022-01-04 09:43:37 - [MESSAGE][PASSED] - Tapped on element 'Object Repository/Mobile/Page/Login/Button - Login'

2022-01-04 09:43:37 - [TEST_STEP][PASSED] - delay(2): Delayed 2 second(s)

2022-01-04 09:43:39 - [MESSAGE][PASSED] - Delayed 2 second(s)

2022-01-04 09:43:39 - [TEST_STEP][PASSED] - break: null

2022-01-04 09:43:39 - [MESSAGE][PASSED] - Call Test Case 'Test Cases/Mobile/Page/Login/Login' successfully

2022-01-04 09:43:39 - [MESSAGE][PASSED] - Call Test Case 'Test Cases/Mobile/Page/CheckLogin' successfully

2022-01-04 09:43:39 - [TEST_STEP][PASSED] - tap(HOME_MenubarPortfolio, 0): Tapped on element 'Object Repository/Mobile/Page/Home/Menubar - Portfolio'

2022-01-04 09:43:39 - [MESSAGE][WARNING] - Timeout '0' is invalid. Using default page load timeout: '60'

2022-01-04 09:43:42 - [MESSAGE][PASSED] - Tapped on element 'Object Repository/Mobile/Page/Home/Menubar - Portfolio'

2022-01-04 09:43:42 - [TEST_STEP][PASSED] - delay(1): Delayed 1 second(s)

2022-01-04 09:43:43 - [MESSAGE][PASSED] - Delayed 1 second(s)

2022-01-04 09:43:43 - [TEST_STEP][PASSED] - for ([i = 0, i < 1, (i++)]): Delayed 3 second(s)

2022-01-04 09:43:43 - [TEST_STEP][PASSED] - if (tab == "summary"): Delayed 3 second(s)

2022-01-04 09:43:43 - [TEST_STEP][PASSED] - idr = PORT_BtnIDR: null

2022-01-04 09:43:43 - [TEST_STEP][PASSED] - persen = PORT_BtnPersen: null

2022-01-04 09:43:43 - [TEST_STEP][PASSED] - if (action == "summary"): null

2022-01-04 09:43:43 - [TEST_STEP][PASSED] - else if (action == "perf_daily"): null

2022-01-04 09:43:43 - [TEST_STEP][PASSED] - else if (action == "perf_month"): Tapped on element 'Object Repository/Mobile/Page/Portfolio/Tab - Summary Month to Date'

2022-01-04 09:43:43 - [TEST_STEP][PASSED] - scroll.scroll.scrollScreenBottomToTop(): scroll.scroll.scrollScreenBottomToTop is PASSED

2022-01-04 09:43:44 - [MESSAGE][PASSED] - Current device physical height is 1423

2022-01-04 09:43:44 - [MESSAGE][PASSED] - Current device physical width is 720

2022-01-04 09:43:45 - [MESSAGE][PASSED] - Swiped from 360,1,138 to 360,284

2022-01-04 09:43:45 - [MESSAGE][PASSED] - scroll.scroll.scrollScreenBottomToTop is PASSED

2022-01-04 09:43:45 - [TEST_STEP][PASSED] - delay(1): Delayed 1 second(s)

2022-01-04 09:43:46 - [MESSAGE][PASSED] - Delayed 1 second(s)

2022-01-04 09:43:46 - [TEST_STEP][PASSED] - tap(PORT_TabSummaryMonth, 0): Tapped on element 'Object Repository/Mobile/Page/Portfolio/Tab - Summary Month to Date'

2022-01-04 09:43:46 - [MESSAGE][WARNING] - Timeout '0' is invalid. Using default page load timeout: '60'

2022-01-04 09:43:47 - [MESSAGE][PASSED] - Tapped on element 'Object Repository/Mobile/Page/Portfolio/Tab - Summary Month to Date'

2022-01-04 09:43:47 - [TEST_STEP][PASSED] - if (action != "summary"): Delayed 3 second(s)

2022-01-04 09:43:47 - [TEST_STEP][PASSED] - delay(1): Delayed 1 second(s)

2022-01-04 09:43:48 - [MESSAGE][PASSED] - Delayed 1 second(s)

2022-01-04 09:43:48 - [TEST_STEP][PASSED] - scroll.scroll.scrollScreenBottomToTop(): scroll.scroll.scrollScreenBottomToTop is PASSED

2022-01-04 09:43:48 - [MESSAGE][PASSED] - Current device physical height is 1423

2022-01-04 09:43:48 - [MESSAGE][PASSED] - Current device physical width is 720

2022-01-04 09:43:50 - [MESSAGE][PASSED] - Swiped from 360,1,138 to 360,284

2022-01-04 09:43:50 - [MESSAGE][PASSED] - scroll.scroll.scrollScreenBottomToTop is PASSED

2022-01-04 09:43:50 - [TEST_STEP][PASSED] - delay(3): Delayed 3 second(s)

2022-01-04 09:43:53 - [MESSAGE][PASSED] - Delayed 3 second(s)

2022-01-04 09:43:53 - [TEST_STEP][PASSED] - if (action2 == "idr"): null

2022-01-04 09:43:53 - [TEST_STEP][PASSED] - else if (action2 == "persen"): Delayed 3 second(s)

2022-01-04 09:43:53 - [TEST_STEP][PASSED] - tap(persen, 10): Tapped on element 'Object Repository/Mobile/Page/Portfolio/Button - Persen'

2022-01-04 09:43:53 - [MESSAGE][PASSED] - Tapped on element 'Object Repository/Mobile/Page/Portfolio/Button - Persen'

2022-01-04 09:43:53 - [TEST_STEP][PASSED] - delay(3): Delayed 3 second(s)

2022-01-04 09:43:56 - [MESSAGE][PASSED] - Delayed 3 second(s)

2022-01-04 09:43:56 - [MESSAGE][PASSED] - Call Test Case 'Test Cases/Mobile/Page/Portfolio/Portfolio' successfully

2022-01-04 09:43:56 - [TEST_STEP][PASSED] - callTestCase(findTestCase("Mobile/Page/Run App/Terminate App"), [:], STOP_ON_FAILURE): Call Test Case 'Test Cases/Mobile/Page/Run App/Terminate App' successfully

2022-01-04 09:43:56 - [TEST_CASE][PASSED] - Test Cases/Mobile/Page/Run App/Terminate App: Test Cases/Mobile/Page/Run App/Terminate App

2022-01-04 09:43:56 - [TEST_STEP][PASSED] - startApp.OpenApp.terminateApplication(): startApp.OpenApp.terminateApplication is PASSED

2022-01-04 09:43:59 - [MESSAGE][PASSED] - Delayed 3 second(s)

2022-01-04 09:43:59 - [MESSAGE][PASSED] - Current device physical width is 720

2022-01-04 09:44:00 - [MESSAGE][PASSED] - Current device physical height is 1423

2022-01-04 09:44:01 - [MESSAGE][PASSED] - Swiped from 360,853 to 360,142

2022-01-04 09:44:02 - [MESSAGE][PASSED] - Delayed 1 second(s)

2022-01-04 09:44:04 - [MESSAGE][PASSED] - Swiped from 360,853 to 360,142

2022-01-04 09:44:07 - [MESSAGE][PASSED] - Delayed 3 second(s)

2022-01-04 09:44:07 - [MESSAGE][PASSED] - startApp.OpenApp.terminateApplication is PASSED

2022-01-04 09:44:07 - [MESSAGE][PASSED] - Call Test Case 'Test Cases/Mobile/Page/Run App/Terminate App' successfully]]></system-out>
         <system-err><![CDATA[]]></system-err>
      </testcase>
      <testcase name="Test Cases/Mobile/Scenario/Portfolio/008 - Portfolio Performance Quarter to Date Persen" time="68.203" classname="Test Cases/Mobile/Scenario/Portfolio/008 - Portfolio Performance Quarter to Date Persen" status="PASSED">
         <system-out><![CDATA[2022-01-04 09:44:07 - [TEST_CASE][PASSED] - Test Cases/Mobile/Scenario/Portfolio/008 - Portfolio Performance Quarter to Date Persen: Test Cases/Mobile/Scenario/Portfolio/008 - Portfolio Performance Quarter to Date Persen

2022-01-04 09:44:07 - [TEST_STEP][PASSED] - callTestCase(findTestCase("Mobile/Page/Run App/Run App byID"), [:], STOP_ON_FAILURE): Call Test Case 'Test Cases/Mobile/Page/Run App/Run App byID' successfully

2022-01-04 09:44:07 - [TEST_CASE][PASSED] - Test Cases/Mobile/Page/Run App/Run App byID: Test Cases/Mobile/Page/Run App/Run App byID

2022-01-04 09:44:07 - [TEST_STEP][PASSED] - startApp.OpenApp.startApplication("id.co.miraeasset.sageclub"): startApp.OpenApp.startApplication is PASSED

2022-01-04 09:44:22 - [MESSAGE][PASSED] - Starting app with application ID: 'id.co.miraeasset.sageclub'

2022-01-04 09:44:22 - [MESSAGE][PASSED] - startApp.OpenApp.startApplication is PASSED

2022-01-04 09:44:22 - [MESSAGE][PASSED] - Call Test Case 'Test Cases/Mobile/Page/Run App/Run App byID' successfully

2022-01-04 09:44:22 - [TEST_STEP][PASSED] - callTestCase(findTestCase("Mobile/Page/Portfolio/Portfolio"), ["tab":"summary", "action":"perf_quarter", "action2":"persen"], CONTINUE_ON_FAILURE): Call Test Case 'Test Cases/Mobile/Page/Portfolio/Portfolio' successfully

2022-01-04 09:44:22 - [TEST_CASE][PASSED] - Test Cases/Mobile/Page/Portfolio/Portfolio: Test Cases/Mobile/Page/Portfolio/Portfolio

2022-01-04 09:44:22 - [TEST_STEP][PASSED] - callTestCase(findTestCase("Mobile/Page/CheckLogin"), [:], CONTINUE_ON_FAILURE): Call Test Case 'Test Cases/Mobile/Page/CheckLogin' successfully

2022-01-04 09:44:22 - [TEST_CASE][PASSED] - Test Cases/Mobile/Page/CheckLogin: Test Cases/Mobile/Page/CheckLogin

2022-01-04 09:44:22 - [TEST_STEP][PASSED] - loginCheck = verifyElementExist(LOGN_BtnLogin, 5, CONTINUE_ON_FAILURE): Element 'Object Repository/Mobile/Page/Login/Button - Login' is exist

2022-01-04 09:44:24 - [MESSAGE][PASSED] - Element 'Object Repository/Mobile/Page/Login/Button - Login' is exist

2022-01-04 09:44:24 - [TEST_STEP][PASSED] - if (loginCheck): Call Test Case 'Test Cases/Mobile/Page/Login/Login' successfully

2022-01-04 09:44:24 - [TEST_STEP][PASSED] - callTestCase(findTestCase("Mobile/Page/Login/Login"), ["action":"username"], CONTINUE_ON_FAILURE): Call Test Case 'Test Cases/Mobile/Page/Login/Login' successfully

2022-01-04 09:44:24 - [TEST_CASE][PASSED] - Test Cases/Mobile/Page/Login/Login: Test Cases/Mobile/Page/Login/Login

2022-01-04 09:44:24 - [TEST_STEP][PASSED] - delay(2): Delayed 2 second(s)

2022-01-04 09:44:26 - [MESSAGE][PASSED] - Delayed 2 second(s)

2022-01-04 09:44:26 - [TEST_STEP][PASSED] - for ([i = 0, i < 1, (i++)]): null

2022-01-04 09:44:26 - [TEST_STEP][PASSED] - if (action == "username"): null

2022-01-04 09:44:26 - [TEST_STEP][PASSED] - tap(LOGN_EdtUserID, 0): Tapped on element 'Object Repository/Mobile/Page/Login/Input - UserID'

2022-01-04 09:44:26 - [MESSAGE][WARNING] - Timeout '0' is invalid. Using default page load timeout: '60'

2022-01-04 09:44:27 - [MESSAGE][PASSED] - Tapped on element 'Object Repository/Mobile/Page/Login/Input - UserID'

2022-01-04 09:44:27 - [TEST_STEP][PASSED] - delay(1): Delayed 1 second(s)

2022-01-04 09:44:28 - [MESSAGE][PASSED] - Delayed 1 second(s)

2022-01-04 09:44:28 - [TEST_STEP][PASSED] - setText(LOGN_EdtRdyUserID, "anggaaditya", 0): Text 'anggaaditya' has been set to element 'Object Repository/Mobile/Page/Login/Input Rdy - UserID'

2022-01-04 09:44:28 - [MESSAGE][WARNING] - Timeout '0' is invalid. Using default page load timeout: '60'

2022-01-04 09:44:28 - [MESSAGE][PASSED] - Text 'anggaaditya' has been set to element 'Object Repository/Mobile/Page/Login/Input Rdy - UserID'

2022-01-04 09:44:28 - [TEST_STEP][PASSED] - delay(1): Delayed 1 second(s)

2022-01-04 09:44:29 - [MESSAGE][PASSED] - Delayed 1 second(s)

2022-01-04 09:44:29 - [TEST_STEP][PASSED] - hideKeyboard(): Keyboard is hidden

2022-01-04 09:44:35 - [MESSAGE][PASSED] - Keyboard is hidden

2022-01-04 09:44:35 - [TEST_STEP][PASSED] - tap(LOGN_EdtPassword, 0): Tapped on element 'Object Repository/Mobile/Page/Login/Input - Password'

2022-01-04 09:44:35 - [MESSAGE][WARNING] - Timeout '0' is invalid. Using default page load timeout: '60'

2022-01-04 09:44:36 - [MESSAGE][PASSED] - Tapped on element 'Object Repository/Mobile/Page/Login/Input - Password'

2022-01-04 09:44:36 - [TEST_STEP][PASSED] - delay(1): Delayed 1 second(s)

2022-01-04 09:44:37 - [MESSAGE][PASSED] - Delayed 1 second(s)

2022-01-04 09:44:37 - [TEST_STEP][PASSED] - setText(LOGN_EdtRdyPassword, "Shalawa18", 0): Text 'Shalawa18' has been set to element 'Object Repository/Mobile/Page/Login/Input Rdy - Password'

2022-01-04 09:44:37 - [MESSAGE][WARNING] - Timeout '0' is invalid. Using default page load timeout: '60'

2022-01-04 09:44:38 - [MESSAGE][PASSED] - Text 'Shalawa18' has been set to element 'Object Repository/Mobile/Page/Login/Input Rdy - Password'

2022-01-04 09:44:38 - [TEST_STEP][PASSED] - delay(1): Delayed 1 second(s)

2022-01-04 09:44:39 - [MESSAGE][PASSED] - Delayed 1 second(s)

2022-01-04 09:44:39 - [TEST_STEP][PASSED] - hideKeyboard(): Keyboard is hidden

2022-01-04 09:44:46 - [MESSAGE][PASSED] - Keyboard is hidden

2022-01-04 09:44:46 - [TEST_STEP][PASSED] - tap(LOGN_BtnLogin, 0): Tapped on element 'Object Repository/Mobile/Page/Login/Button - Login'

2022-01-04 09:44:46 - [MESSAGE][WARNING] - Timeout '0' is invalid. Using default page load timeout: '60'

2022-01-04 09:44:47 - [MESSAGE][PASSED] - Tapped on element 'Object Repository/Mobile/Page/Login/Button - Login'

2022-01-04 09:44:47 - [TEST_STEP][PASSED] - delay(2): Delayed 2 second(s)

2022-01-04 09:44:49 - [MESSAGE][PASSED] - Delayed 2 second(s)

2022-01-04 09:44:49 - [TEST_STEP][PASSED] - break: null

2022-01-04 09:44:49 - [MESSAGE][PASSED] - Call Test Case 'Test Cases/Mobile/Page/Login/Login' successfully

2022-01-04 09:44:49 - [MESSAGE][PASSED] - Call Test Case 'Test Cases/Mobile/Page/CheckLogin' successfully

2022-01-04 09:44:49 - [TEST_STEP][PASSED] - tap(HOME_MenubarPortfolio, 0): Tapped on element 'Object Repository/Mobile/Page/Home/Menubar - Portfolio'

2022-01-04 09:44:49 - [MESSAGE][WARNING] - Timeout '0' is invalid. Using default page load timeout: '60'

2022-01-04 09:44:50 - [MESSAGE][PASSED] - Tapped on element 'Object Repository/Mobile/Page/Home/Menubar - Portfolio'

2022-01-04 09:44:50 - [TEST_STEP][PASSED] - delay(1): Delayed 1 second(s)

2022-01-04 09:44:51 - [MESSAGE][PASSED] - Delayed 1 second(s)

2022-01-04 09:44:51 - [TEST_STEP][PASSED] - for ([i = 0, i < 1, (i++)]): Delayed 3 second(s)

2022-01-04 09:44:51 - [TEST_STEP][PASSED] - if (tab == "summary"): Delayed 3 second(s)

2022-01-04 09:44:51 - [TEST_STEP][PASSED] - idr = PORT_BtnIDR: null

2022-01-04 09:44:51 - [TEST_STEP][PASSED] - persen = PORT_BtnPersen: null

2022-01-04 09:44:51 - [TEST_STEP][PASSED] - if (action == "summary"): null

2022-01-04 09:44:51 - [TEST_STEP][PASSED] - else if (action == "perf_daily"): null

2022-01-04 09:44:51 - [TEST_STEP][PASSED] - else if (action == "perf_month"): null

2022-01-04 09:44:51 - [TEST_STEP][PASSED] - else if (action == "perf_quarter"): Tapped on element 'Object Repository/Mobile/Page/Portfolio/Tab - Summary Quarter to Date'

2022-01-04 09:44:51 - [TEST_STEP][PASSED] - scroll.scroll.scrollScreenBottomToTop(): scroll.scroll.scrollScreenBottomToTop is PASSED

2022-01-04 09:44:52 - [MESSAGE][PASSED] - Current device physical height is 1423

2022-01-04 09:44:52 - [MESSAGE][PASSED] - Current device physical width is 720

2022-01-04 09:44:53 - [MESSAGE][PASSED] - Swiped from 360,1,138 to 360,284

2022-01-04 09:44:53 - [MESSAGE][PASSED] - scroll.scroll.scrollScreenBottomToTop is PASSED

2022-01-04 09:44:53 - [TEST_STEP][PASSED] - delay(1): Delayed 1 second(s)

2022-01-04 09:44:54 - [MESSAGE][PASSED] - Delayed 1 second(s)

2022-01-04 09:44:54 - [TEST_STEP][PASSED] - tap(PORT_TabSummaryQuarter, 0): Tapped on element 'Object Repository/Mobile/Page/Portfolio/Tab - Summary Quarter to Date'

2022-01-04 09:44:54 - [MESSAGE][WARNING] - Timeout '0' is invalid. Using default page load timeout: '60'

2022-01-04 09:44:55 - [MESSAGE][PASSED] - Tapped on element 'Object Repository/Mobile/Page/Portfolio/Tab - Summary Quarter to Date'

2022-01-04 09:44:55 - [TEST_STEP][PASSED] - if (action != "summary"): Delayed 3 second(s)

2022-01-04 09:44:55 - [TEST_STEP][PASSED] - delay(1): Delayed 1 second(s)

2022-01-04 09:44:56 - [MESSAGE][PASSED] - Delayed 1 second(s)

2022-01-04 09:44:56 - [TEST_STEP][PASSED] - scroll.scroll.scrollScreenBottomToTop(): scroll.scroll.scrollScreenBottomToTop is PASSED

2022-01-04 09:44:56 - [MESSAGE][PASSED] - Current device physical height is 1423

2022-01-04 09:44:56 - [MESSAGE][PASSED] - Current device physical width is 720

2022-01-04 09:44:58 - [MESSAGE][PASSED] - Swiped from 360,1,138 to 360,284

2022-01-04 09:44:58 - [MESSAGE][PASSED] - scroll.scroll.scrollScreenBottomToTop is PASSED

2022-01-04 09:44:58 - [TEST_STEP][PASSED] - delay(3): Delayed 3 second(s)

2022-01-04 09:45:01 - [MESSAGE][PASSED] - Delayed 3 second(s)

2022-01-04 09:45:01 - [TEST_STEP][PASSED] - if (action2 == "idr"): null

2022-01-04 09:45:01 - [TEST_STEP][PASSED] - else if (action2 == "persen"): Delayed 3 second(s)

2022-01-04 09:45:01 - [TEST_STEP][PASSED] - tap(persen, 10): Tapped on element 'Object Repository/Mobile/Page/Portfolio/Button - Persen'

2022-01-04 09:45:01 - [MESSAGE][PASSED] - Tapped on element 'Object Repository/Mobile/Page/Portfolio/Button - Persen'

2022-01-04 09:45:01 - [TEST_STEP][PASSED] - delay(3): Delayed 3 second(s)

2022-01-04 09:45:04 - [MESSAGE][PASSED] - Delayed 3 second(s)

2022-01-04 09:45:04 - [MESSAGE][PASSED] - Call Test Case 'Test Cases/Mobile/Page/Portfolio/Portfolio' successfully

2022-01-04 09:45:04 - [TEST_STEP][PASSED] - callTestCase(findTestCase("Mobile/Page/Run App/Terminate App"), [:], STOP_ON_FAILURE): Call Test Case 'Test Cases/Mobile/Page/Run App/Terminate App' successfully

2022-01-04 09:45:04 - [TEST_CASE][PASSED] - Test Cases/Mobile/Page/Run App/Terminate App: Test Cases/Mobile/Page/Run App/Terminate App

2022-01-04 09:45:04 - [TEST_STEP][PASSED] - startApp.OpenApp.terminateApplication(): startApp.OpenApp.terminateApplication is PASSED

2022-01-04 09:45:07 - [MESSAGE][PASSED] - Delayed 3 second(s)

2022-01-04 09:45:08 - [MESSAGE][PASSED] - Current device physical width is 720

2022-01-04 09:45:08 - [MESSAGE][PASSED] - Current device physical height is 1423

2022-01-04 09:45:09 - [MESSAGE][PASSED] - Swiped from 360,853 to 360,142

2022-01-04 09:45:10 - [MESSAGE][PASSED] - Delayed 1 second(s)

2022-01-04 09:45:12 - [MESSAGE][PASSED] - Swiped from 360,853 to 360,142

2022-01-04 09:45:15 - [MESSAGE][PASSED] - Delayed 3 second(s)

2022-01-04 09:45:15 - [MESSAGE][PASSED] - startApp.OpenApp.terminateApplication is PASSED

2022-01-04 09:45:15 - [MESSAGE][PASSED] - Call Test Case 'Test Cases/Mobile/Page/Run App/Terminate App' successfully]]></system-out>
         <system-err><![CDATA[]]></system-err>
      </testcase>
      <testcase name="Test Cases/Mobile/Scenario/Portfolio/009 - Portfolio Performance Year to Date Persen" time="67.556" classname="Test Cases/Mobile/Scenario/Portfolio/009 - Portfolio Performance Year to Date Persen" status="PASSED">
         <system-out><![CDATA[2022-01-04 09:45:15 - [TEST_CASE][PASSED] - Test Cases/Mobile/Scenario/Portfolio/009 - Portfolio Performance Year to Date Persen: Test Cases/Mobile/Scenario/Portfolio/009 - Portfolio Performance Year to Date Persen

2022-01-04 09:45:15 - [TEST_STEP][PASSED] - callTestCase(findTestCase("Mobile/Page/Run App/Run App byID"), [:], STOP_ON_FAILURE): Call Test Case 'Test Cases/Mobile/Page/Run App/Run App byID' successfully

2022-01-04 09:45:15 - [TEST_CASE][PASSED] - Test Cases/Mobile/Page/Run App/Run App byID: Test Cases/Mobile/Page/Run App/Run App byID

2022-01-04 09:45:15 - [TEST_STEP][PASSED] - startApp.OpenApp.startApplication("id.co.miraeasset.sageclub"): startApp.OpenApp.startApplication is PASSED

2022-01-04 09:45:32 - [MESSAGE][PASSED] - Starting app with application ID: 'id.co.miraeasset.sageclub'

2022-01-04 09:45:32 - [MESSAGE][PASSED] - startApp.OpenApp.startApplication is PASSED

2022-01-04 09:45:32 - [MESSAGE][PASSED] - Call Test Case 'Test Cases/Mobile/Page/Run App/Run App byID' successfully

2022-01-04 09:45:32 - [TEST_STEP][PASSED] - callTestCase(findTestCase("Mobile/Page/Portfolio/Portfolio"), ["tab":"summary", "action":"perf_year", "action2":"persen"], CONTINUE_ON_FAILURE): Call Test Case 'Test Cases/Mobile/Page/Portfolio/Portfolio' successfully

2022-01-04 09:45:32 - [TEST_CASE][PASSED] - Test Cases/Mobile/Page/Portfolio/Portfolio: Test Cases/Mobile/Page/Portfolio/Portfolio

2022-01-04 09:45:32 - [TEST_STEP][PASSED] - callTestCase(findTestCase("Mobile/Page/CheckLogin"), [:], CONTINUE_ON_FAILURE): Call Test Case 'Test Cases/Mobile/Page/CheckLogin' successfully

2022-01-04 09:45:32 - [TEST_CASE][PASSED] - Test Cases/Mobile/Page/CheckLogin: Test Cases/Mobile/Page/CheckLogin

2022-01-04 09:45:32 - [TEST_STEP][PASSED] - loginCheck = verifyElementExist(LOGN_BtnLogin, 5, CONTINUE_ON_FAILURE): Element 'Object Repository/Mobile/Page/Login/Button - Login' is exist

2022-01-04 09:45:33 - [MESSAGE][PASSED] - Element 'Object Repository/Mobile/Page/Login/Button - Login' is exist

2022-01-04 09:45:33 - [TEST_STEP][PASSED] - if (loginCheck): Call Test Case 'Test Cases/Mobile/Page/Login/Login' successfully

2022-01-04 09:45:33 - [TEST_STEP][PASSED] - callTestCase(findTestCase("Mobile/Page/Login/Login"), ["action":"username"], CONTINUE_ON_FAILURE): Call Test Case 'Test Cases/Mobile/Page/Login/Login' successfully

2022-01-04 09:45:33 - [TEST_CASE][PASSED] - Test Cases/Mobile/Page/Login/Login: Test Cases/Mobile/Page/Login/Login

2022-01-04 09:45:33 - [TEST_STEP][PASSED] - delay(2): Delayed 2 second(s)

2022-01-04 09:45:35 - [MESSAGE][PASSED] - Delayed 2 second(s)

2022-01-04 09:45:35 - [TEST_STEP][PASSED] - for ([i = 0, i < 1, (i++)]): null

2022-01-04 09:45:35 - [TEST_STEP][PASSED] - if (action == "username"): null

2022-01-04 09:45:35 - [TEST_STEP][PASSED] - tap(LOGN_EdtUserID, 0): Tapped on element 'Object Repository/Mobile/Page/Login/Input - UserID'

2022-01-04 09:45:35 - [MESSAGE][WARNING] - Timeout '0' is invalid. Using default page load timeout: '60'

2022-01-04 09:45:36 - [MESSAGE][PASSED] - Tapped on element 'Object Repository/Mobile/Page/Login/Input - UserID'

2022-01-04 09:45:36 - [TEST_STEP][PASSED] - delay(1): Delayed 1 second(s)

2022-01-04 09:45:37 - [MESSAGE][PASSED] - Delayed 1 second(s)

2022-01-04 09:45:37 - [TEST_STEP][PASSED] - setText(LOGN_EdtRdyUserID, "anggaaditya", 0): Text 'anggaaditya' has been set to element 'Object Repository/Mobile/Page/Login/Input Rdy - UserID'

2022-01-04 09:45:37 - [MESSAGE][WARNING] - Timeout '0' is invalid. Using default page load timeout: '60'

2022-01-04 09:45:38 - [MESSAGE][PASSED] - Text 'anggaaditya' has been set to element 'Object Repository/Mobile/Page/Login/Input Rdy - UserID'

2022-01-04 09:45:38 - [TEST_STEP][PASSED] - delay(1): Delayed 1 second(s)

2022-01-04 09:45:39 - [MESSAGE][PASSED] - Delayed 1 second(s)

2022-01-04 09:45:39 - [TEST_STEP][PASSED] - hideKeyboard(): Keyboard is hidden

2022-01-04 09:45:43 - [MESSAGE][PASSED] - Keyboard is hidden

2022-01-04 09:45:43 - [TEST_STEP][PASSED] - tap(LOGN_EdtPassword, 0): Tapped on element 'Object Repository/Mobile/Page/Login/Input - Password'

2022-01-04 09:45:43 - [MESSAGE][WARNING] - Timeout '0' is invalid. Using default page load timeout: '60'

2022-01-04 09:45:44 - [MESSAGE][PASSED] - Tapped on element 'Object Repository/Mobile/Page/Login/Input - Password'

2022-01-04 09:45:44 - [TEST_STEP][PASSED] - delay(1): Delayed 1 second(s)

2022-01-04 09:45:45 - [MESSAGE][PASSED] - Delayed 1 second(s)

2022-01-04 09:45:45 - [TEST_STEP][PASSED] - setText(LOGN_EdtRdyPassword, "Shalawa18", 0): Text 'Shalawa18' has been set to element 'Object Repository/Mobile/Page/Login/Input Rdy - Password'

2022-01-04 09:45:45 - [MESSAGE][WARNING] - Timeout '0' is invalid. Using default page load timeout: '60'

2022-01-04 09:45:45 - [MESSAGE][PASSED] - Text 'Shalawa18' has been set to element 'Object Repository/Mobile/Page/Login/Input Rdy - Password'

2022-01-04 09:45:45 - [TEST_STEP][PASSED] - delay(1): Delayed 1 second(s)

2022-01-04 09:45:46 - [MESSAGE][PASSED] - Delayed 1 second(s)

2022-01-04 09:45:46 - [TEST_STEP][PASSED] - hideKeyboard(): Keyboard is hidden

2022-01-04 09:45:53 - [MESSAGE][PASSED] - Keyboard is hidden

2022-01-04 09:45:53 - [TEST_STEP][PASSED] - tap(LOGN_BtnLogin, 0): Tapped on element 'Object Repository/Mobile/Page/Login/Button - Login'

2022-01-04 09:45:53 - [MESSAGE][WARNING] - Timeout '0' is invalid. Using default page load timeout: '60'

2022-01-04 09:45:54 - [MESSAGE][PASSED] - Tapped on element 'Object Repository/Mobile/Page/Login/Button - Login'

2022-01-04 09:45:54 - [TEST_STEP][PASSED] - delay(2): Delayed 2 second(s)

2022-01-04 09:45:56 - [MESSAGE][PASSED] - Delayed 2 second(s)

2022-01-04 09:45:56 - [TEST_STEP][PASSED] - break: null

2022-01-04 09:45:56 - [MESSAGE][PASSED] - Call Test Case 'Test Cases/Mobile/Page/Login/Login' successfully

2022-01-04 09:45:56 - [MESSAGE][PASSED] - Call Test Case 'Test Cases/Mobile/Page/CheckLogin' successfully

2022-01-04 09:45:56 - [TEST_STEP][PASSED] - tap(HOME_MenubarPortfolio, 0): Tapped on element 'Object Repository/Mobile/Page/Home/Menubar - Portfolio'

2022-01-04 09:45:56 - [MESSAGE][WARNING] - Timeout '0' is invalid. Using default page load timeout: '60'

2022-01-04 09:45:58 - [MESSAGE][PASSED] - Tapped on element 'Object Repository/Mobile/Page/Home/Menubar - Portfolio'

2022-01-04 09:45:58 - [TEST_STEP][PASSED] - delay(1): Delayed 1 second(s)

2022-01-04 09:45:59 - [MESSAGE][PASSED] - Delayed 1 second(s)

2022-01-04 09:45:59 - [TEST_STEP][PASSED] - for ([i = 0, i < 1, (i++)]): Delayed 3 second(s)

2022-01-04 09:45:59 - [TEST_STEP][PASSED] - if (tab == "summary"): Delayed 3 second(s)

2022-01-04 09:45:59 - [TEST_STEP][PASSED] - idr = PORT_BtnIDR: null

2022-01-04 09:45:59 - [TEST_STEP][PASSED] - persen = PORT_BtnPersen: null

2022-01-04 09:45:59 - [TEST_STEP][PASSED] - if (action == "summary"): null

2022-01-04 09:45:59 - [TEST_STEP][PASSED] - else if (action == "perf_daily"): null

2022-01-04 09:45:59 - [TEST_STEP][PASSED] - else if (action == "perf_month"): null

2022-01-04 09:45:59 - [TEST_STEP][PASSED] - else if (action == "perf_quarter"): null

2022-01-04 09:45:59 - [TEST_STEP][PASSED] - else if (action == "perf_year"): Tapped on element 'Object Repository/Mobile/Page/Portfolio/Tab - Summary Year to Date'

2022-01-04 09:45:59 - [TEST_STEP][PASSED] - scroll.scroll.scrollScreenBottomToTop(): scroll.scroll.scrollScreenBottomToTop is PASSED

2022-01-04 09:45:59 - [MESSAGE][PASSED] - Current device physical height is 1423

2022-01-04 09:46:00 - [MESSAGE][PASSED] - Current device physical width is 720

2022-01-04 09:46:01 - [MESSAGE][PASSED] - Swiped from 360,1,138 to 360,284

2022-01-04 09:46:01 - [MESSAGE][PASSED] - scroll.scroll.scrollScreenBottomToTop is PASSED

2022-01-04 09:46:01 - [TEST_STEP][PASSED] - delay(1): Delayed 1 second(s)

2022-01-04 09:46:02 - [MESSAGE][PASSED] - Delayed 1 second(s)

2022-01-04 09:46:02 - [TEST_STEP][PASSED] - tap(PORT_TabSummaryYear, 0): Tapped on element 'Object Repository/Mobile/Page/Portfolio/Tab - Summary Year to Date'

2022-01-04 09:46:02 - [MESSAGE][WARNING] - Timeout '0' is invalid. Using default page load timeout: '60'

2022-01-04 09:46:02 - [MESSAGE][PASSED] - Tapped on element 'Object Repository/Mobile/Page/Portfolio/Tab - Summary Year to Date'

2022-01-04 09:46:02 - [TEST_STEP][PASSED] - if (action != "summary"): Delayed 3 second(s)

2022-01-04 09:46:02 - [TEST_STEP][PASSED] - delay(1): Delayed 1 second(s)

2022-01-04 09:46:03 - [MESSAGE][PASSED] - Delayed 1 second(s)

2022-01-04 09:46:03 - [TEST_STEP][PASSED] - scroll.scroll.scrollScreenBottomToTop(): scroll.scroll.scrollScreenBottomToTop is PASSED

2022-01-04 09:46:04 - [MESSAGE][PASSED] - Current device physical height is 1423

2022-01-04 09:46:04 - [MESSAGE][PASSED] - Current device physical width is 720

2022-01-04 09:46:05 - [MESSAGE][PASSED] - Swiped from 360,1,138 to 360,284

2022-01-04 09:46:05 - [MESSAGE][PASSED] - scroll.scroll.scrollScreenBottomToTop is PASSED

2022-01-04 09:46:05 - [TEST_STEP][PASSED] - delay(3): Delayed 3 second(s)

2022-01-04 09:46:08 - [MESSAGE][PASSED] - Delayed 3 second(s)

2022-01-04 09:46:08 - [TEST_STEP][PASSED] - if (action2 == "idr"): null

2022-01-04 09:46:08 - [TEST_STEP][PASSED] - else if (action2 == "persen"): Delayed 3 second(s)

2022-01-04 09:46:08 - [TEST_STEP][PASSED] - tap(persen, 10): Tapped on element 'Object Repository/Mobile/Page/Portfolio/Button - Persen'

2022-01-04 09:46:09 - [MESSAGE][PASSED] - Tapped on element 'Object Repository/Mobile/Page/Portfolio/Button - Persen'

2022-01-04 09:46:09 - [TEST_STEP][PASSED] - delay(3): Delayed 3 second(s)

2022-01-04 09:46:12 - [MESSAGE][PASSED] - Delayed 3 second(s)

2022-01-04 09:46:12 - [MESSAGE][PASSED] - Call Test Case 'Test Cases/Mobile/Page/Portfolio/Portfolio' successfully

2022-01-04 09:46:12 - [TEST_STEP][PASSED] - callTestCase(findTestCase("Mobile/Page/Run App/Terminate App"), [:], STOP_ON_FAILURE): Call Test Case 'Test Cases/Mobile/Page/Run App/Terminate App' successfully

2022-01-04 09:46:12 - [TEST_CASE][PASSED] - Test Cases/Mobile/Page/Run App/Terminate App: Test Cases/Mobile/Page/Run App/Terminate App

2022-01-04 09:46:12 - [TEST_STEP][PASSED] - startApp.OpenApp.terminateApplication(): startApp.OpenApp.terminateApplication is PASSED

2022-01-04 09:46:15 - [MESSAGE][PASSED] - Delayed 3 second(s)

2022-01-04 09:46:15 - [MESSAGE][PASSED] - Current device physical width is 720

2022-01-04 09:46:16 - [MESSAGE][PASSED] - Current device physical height is 1423

2022-01-04 09:46:17 - [MESSAGE][PASSED] - Swiped from 360,853 to 360,142

2022-01-04 09:46:18 - [MESSAGE][PASSED] - Delayed 1 second(s)

2022-01-04 09:46:19 - [MESSAGE][PASSED] - Swiped from 360,853 to 360,142

2022-01-04 09:46:22 - [MESSAGE][PASSED] - Delayed 3 second(s)

2022-01-04 09:46:22 - [MESSAGE][PASSED] - startApp.OpenApp.terminateApplication is PASSED

2022-01-04 09:46:22 - [MESSAGE][PASSED] - Call Test Case 'Test Cases/Mobile/Page/Run App/Terminate App' successfully]]></system-out>
         <system-err><![CDATA[]]></system-err>
      </testcase>
      <testcase name="Test Cases/Mobile/Scenario/Portfolio/010 - Melihat list stock" time="59.408" classname="Test Cases/Mobile/Scenario/Portfolio/010 - Melihat list stock" status="PASSED">
         <system-out><![CDATA[2022-01-04 09:46:22 - [TEST_CASE][PASSED] - Test Cases/Mobile/Scenario/Portfolio/010 - Melihat list stock: Test Cases/Mobile/Scenario/Portfolio/010 - Melihat list stock

2022-01-04 09:46:23 - [TEST_STEP][PASSED] - callTestCase(findTestCase("Mobile/Page/Run App/Run App byID"), [:], STOP_ON_FAILURE): Call Test Case 'Test Cases/Mobile/Page/Run App/Run App byID' successfully

2022-01-04 09:46:23 - [TEST_CASE][PASSED] - Test Cases/Mobile/Page/Run App/Run App byID: Test Cases/Mobile/Page/Run App/Run App byID

2022-01-04 09:46:23 - [TEST_STEP][PASSED] - startApp.OpenApp.startApplication("id.co.miraeasset.sageclub"): startApp.OpenApp.startApplication is PASSED

2022-01-04 09:46:37 - [MESSAGE][PASSED] - Starting app with application ID: 'id.co.miraeasset.sageclub'

2022-01-04 09:46:37 - [MESSAGE][PASSED] - startApp.OpenApp.startApplication is PASSED

2022-01-04 09:46:37 - [MESSAGE][PASSED] - Call Test Case 'Test Cases/Mobile/Page/Run App/Run App byID' successfully

2022-01-04 09:46:37 - [TEST_STEP][PASSED] - callTestCase(findTestCase("Mobile/Page/Portfolio/Portfolio"), ["tab":"stock"], CONTINUE_ON_FAILURE): Call Test Case 'Test Cases/Mobile/Page/Portfolio/Portfolio' successfully

2022-01-04 09:46:37 - [TEST_CASE][PASSED] - Test Cases/Mobile/Page/Portfolio/Portfolio: Test Cases/Mobile/Page/Portfolio/Portfolio

2022-01-04 09:46:37 - [TEST_STEP][PASSED] - callTestCase(findTestCase("Mobile/Page/CheckLogin"), [:], CONTINUE_ON_FAILURE): Call Test Case 'Test Cases/Mobile/Page/CheckLogin' successfully

2022-01-04 09:46:37 - [TEST_CASE][PASSED] - Test Cases/Mobile/Page/CheckLogin: Test Cases/Mobile/Page/CheckLogin

2022-01-04 09:46:37 - [TEST_STEP][PASSED] - loginCheck = verifyElementExist(LOGN_BtnLogin, 5, CONTINUE_ON_FAILURE): Element 'Object Repository/Mobile/Page/Login/Button - Login' is exist

2022-01-04 09:46:38 - [MESSAGE][PASSED] - Element 'Object Repository/Mobile/Page/Login/Button - Login' is exist

2022-01-04 09:46:38 - [TEST_STEP][PASSED] - if (loginCheck): Call Test Case 'Test Cases/Mobile/Page/Login/Login' successfully

2022-01-04 09:46:38 - [TEST_STEP][PASSED] - callTestCase(findTestCase("Mobile/Page/Login/Login"), ["action":"username"], CONTINUE_ON_FAILURE): Call Test Case 'Test Cases/Mobile/Page/Login/Login' successfully

2022-01-04 09:46:38 - [TEST_CASE][PASSED] - Test Cases/Mobile/Page/Login/Login: Test Cases/Mobile/Page/Login/Login

2022-01-04 09:46:38 - [TEST_STEP][PASSED] - delay(2): Delayed 2 second(s)

2022-01-04 09:46:41 - [MESSAGE][PASSED] - Delayed 2 second(s)

2022-01-04 09:46:41 - [TEST_STEP][PASSED] - for ([i = 0, i < 1, (i++)]): null

2022-01-04 09:46:41 - [TEST_STEP][PASSED] - if (action == "username"): null

2022-01-04 09:46:41 - [TEST_STEP][PASSED] - tap(LOGN_EdtUserID, 0): Tapped on element 'Object Repository/Mobile/Page/Login/Input - UserID'

2022-01-04 09:46:41 - [MESSAGE][WARNING] - Timeout '0' is invalid. Using default page load timeout: '60'

2022-01-04 09:46:41 - [MESSAGE][PASSED] - Tapped on element 'Object Repository/Mobile/Page/Login/Input - UserID'

2022-01-04 09:46:41 - [TEST_STEP][PASSED] - delay(1): Delayed 1 second(s)

2022-01-04 09:46:42 - [MESSAGE][PASSED] - Delayed 1 second(s)

2022-01-04 09:46:42 - [TEST_STEP][PASSED] - setText(LOGN_EdtRdyUserID, "anggaaditya", 0): Text 'anggaaditya' has been set to element 'Object Repository/Mobile/Page/Login/Input Rdy - UserID'

2022-01-04 09:46:42 - [MESSAGE][WARNING] - Timeout '0' is invalid. Using default page load timeout: '60'

2022-01-04 09:46:43 - [MESSAGE][PASSED] - Text 'anggaaditya' has been set to element 'Object Repository/Mobile/Page/Login/Input Rdy - UserID'

2022-01-04 09:46:43 - [TEST_STEP][PASSED] - delay(1): Delayed 1 second(s)

2022-01-04 09:46:44 - [MESSAGE][PASSED] - Delayed 1 second(s)

2022-01-04 09:46:44 - [TEST_STEP][PASSED] - hideKeyboard(): Keyboard is hidden

2022-01-04 09:46:49 - [MESSAGE][PASSED] - Keyboard is hidden

2022-01-04 09:46:49 - [TEST_STEP][PASSED] - tap(LOGN_EdtPassword, 0): Tapped on element 'Object Repository/Mobile/Page/Login/Input - Password'

2022-01-04 09:46:49 - [MESSAGE][WARNING] - Timeout '0' is invalid. Using default page load timeout: '60'

2022-01-04 09:46:49 - [MESSAGE][PASSED] - Tapped on element 'Object Repository/Mobile/Page/Login/Input - Password'

2022-01-04 09:46:49 - [TEST_STEP][PASSED] - delay(1): Delayed 1 second(s)

2022-01-04 09:46:50 - [MESSAGE][PASSED] - Delayed 1 second(s)

2022-01-04 09:46:50 - [TEST_STEP][PASSED] - setText(LOGN_EdtRdyPassword, "Shalawa18", 0): Text 'Shalawa18' has been set to element 'Object Repository/Mobile/Page/Login/Input Rdy - Password'

2022-01-04 09:46:50 - [MESSAGE][WARNING] - Timeout '0' is invalid. Using default page load timeout: '60'

2022-01-04 09:46:51 - [MESSAGE][PASSED] - Text 'Shalawa18' has been set to element 'Object Repository/Mobile/Page/Login/Input Rdy - Password'

2022-01-04 09:46:51 - [TEST_STEP][PASSED] - delay(1): Delayed 1 second(s)

2022-01-04 09:46:52 - [MESSAGE][PASSED] - Delayed 1 second(s)

2022-01-04 09:46:52 - [TEST_STEP][PASSED] - hideKeyboard(): Keyboard is hidden

2022-01-04 09:47:00 - [MESSAGE][PASSED] - Keyboard is hidden

2022-01-04 09:47:00 - [TEST_STEP][PASSED] - tap(LOGN_BtnLogin, 0): Tapped on element 'Object Repository/Mobile/Page/Login/Button - Login'

2022-01-04 09:47:00 - [MESSAGE][WARNING] - Timeout '0' is invalid. Using default page load timeout: '60'

2022-01-04 09:47:01 - [MESSAGE][PASSED] - Tapped on element 'Object Repository/Mobile/Page/Login/Button - Login'

2022-01-04 09:47:01 - [TEST_STEP][PASSED] - delay(2): Delayed 2 second(s)

2022-01-04 09:47:03 - [MESSAGE][PASSED] - Delayed 2 second(s)

2022-01-04 09:47:03 - [TEST_STEP][PASSED] - break: null

2022-01-04 09:47:03 - [MESSAGE][PASSED] - Call Test Case 'Test Cases/Mobile/Page/Login/Login' successfully

2022-01-04 09:47:03 - [MESSAGE][PASSED] - Call Test Case 'Test Cases/Mobile/Page/CheckLogin' successfully

2022-01-04 09:47:03 - [TEST_STEP][PASSED] - tap(HOME_MenubarPortfolio, 0): Tapped on element 'Object Repository/Mobile/Page/Home/Menubar - Portfolio'

2022-01-04 09:47:03 - [MESSAGE][WARNING] - Timeout '0' is invalid. Using default page load timeout: '60'

2022-01-04 09:47:04 - [MESSAGE][PASSED] - Tapped on element 'Object Repository/Mobile/Page/Home/Menubar - Portfolio'

2022-01-04 09:47:04 - [TEST_STEP][PASSED] - delay(1): Delayed 1 second(s)

2022-01-04 09:47:05 - [MESSAGE][PASSED] - Delayed 1 second(s)

2022-01-04 09:47:05 - [TEST_STEP][PASSED] - for ([i = 0, i < 1, (i++)]): Delayed 3 second(s)

2022-01-04 09:47:05 - [TEST_STEP][PASSED] - if (tab == "summary"): null

2022-01-04 09:47:05 - [TEST_STEP][PASSED] - else if (tab == "stock"): Delayed 3 second(s)

2022-01-04 09:47:05 - [TEST_STEP][PASSED] - tap(PORT_TabStock, 0): Tapped on element 'Object Repository/Mobile/Page/Portfolio/Tab - Stock'

2022-01-04 09:47:05 - [MESSAGE][WARNING] - Timeout '0' is invalid. Using default page load timeout: '60'

2022-01-04 09:47:06 - [MESSAGE][PASSED] - Tapped on element 'Object Repository/Mobile/Page/Portfolio/Tab - Stock'

2022-01-04 09:47:06 - [TEST_STEP][PASSED] - scroll.scroll.scrollScreenBottomToTop(): scroll.scroll.scrollScreenBottomToTop is PASSED

2022-01-04 09:47:07 - [MESSAGE][PASSED] - Current device physical height is 1423

2022-01-04 09:47:07 - [MESSAGE][PASSED] - Current device physical width is 720

2022-01-04 09:47:08 - [MESSAGE][PASSED] - Swiped from 360,1,138 to 360,284

2022-01-04 09:47:08 - [MESSAGE][PASSED] - scroll.scroll.scrollScreenBottomToTop is PASSED

2022-01-04 09:47:08 - [TEST_STEP][PASSED] - delay(3): Delayed 3 second(s)

2022-01-04 09:47:11 - [MESSAGE][PASSED] - Delayed 3 second(s)

2022-01-04 09:47:11 - [MESSAGE][PASSED] - Call Test Case 'Test Cases/Mobile/Page/Portfolio/Portfolio' successfully

2022-01-04 09:47:11 - [TEST_STEP][PASSED] - callTestCase(findTestCase("Mobile/Page/Run App/Terminate App"), [:], STOP_ON_FAILURE): Call Test Case 'Test Cases/Mobile/Page/Run App/Terminate App' successfully

2022-01-04 09:47:11 - [TEST_CASE][PASSED] - Test Cases/Mobile/Page/Run App/Terminate App: Test Cases/Mobile/Page/Run App/Terminate App

2022-01-04 09:47:11 - [TEST_STEP][PASSED] - startApp.OpenApp.terminateApplication(): startApp.OpenApp.terminateApplication is PASSED

2022-01-04 09:47:14 - [MESSAGE][PASSED] - Delayed 3 second(s)

2022-01-04 09:47:15 - [MESSAGE][PASSED] - Current device physical width is 720

2022-01-04 09:47:15 - [MESSAGE][PASSED] - Current device physical height is 1423

2022-01-04 09:47:16 - [MESSAGE][PASSED] - Swiped from 360,853 to 360,142

2022-01-04 09:47:17 - [MESSAGE][PASSED] - Delayed 1 second(s)

2022-01-04 09:47:19 - [MESSAGE][PASSED] - Swiped from 360,853 to 360,142

2022-01-04 09:47:22 - [MESSAGE][PASSED] - Delayed 3 second(s)

2022-01-04 09:47:22 - [MESSAGE][PASSED] - startApp.OpenApp.terminateApplication is PASSED

2022-01-04 09:47:22 - [MESSAGE][PASSED] - Call Test Case 'Test Cases/Mobile/Page/Run App/Terminate App' successfully]]></system-out>
         <system-err><![CDATA[]]></system-err>
      </testcase>
      <testcase name="Test Cases/Mobile/Scenario/Portfolio/011 - Melihat list mutual fund" time="63.942" classname="Test Cases/Mobile/Scenario/Portfolio/011 - Melihat list mutual fund" status="PASSED">
         <system-out><![CDATA[2022-01-04 09:47:22 - [TEST_CASE][PASSED] - Test Cases/Mobile/Scenario/Portfolio/011 - Melihat list mutual fund: Test Cases/Mobile/Scenario/Portfolio/011 - Melihat list mutual fund

2022-01-04 09:47:22 - [TEST_STEP][PASSED] - callTestCase(findTestCase("Mobile/Page/Run App/Run App byID"), [:], STOP_ON_FAILURE): Call Test Case 'Test Cases/Mobile/Page/Run App/Run App byID' successfully

2022-01-04 09:47:22 - [TEST_CASE][PASSED] - Test Cases/Mobile/Page/Run App/Run App byID: Test Cases/Mobile/Page/Run App/Run App byID

2022-01-04 09:47:22 - [TEST_STEP][PASSED] - startApp.OpenApp.startApplication("id.co.miraeasset.sageclub"): startApp.OpenApp.startApplication is PASSED

2022-01-04 09:47:36 - [MESSAGE][PASSED] - Starting app with application ID: 'id.co.miraeasset.sageclub'

2022-01-04 09:47:36 - [MESSAGE][PASSED] - startApp.OpenApp.startApplication is PASSED

2022-01-04 09:47:36 - [MESSAGE][PASSED] - Call Test Case 'Test Cases/Mobile/Page/Run App/Run App byID' successfully

2022-01-04 09:47:36 - [TEST_STEP][PASSED] - callTestCase(findTestCase("Mobile/Page/Portfolio/Portfolio"), ["tab":"mutualfund", "action2":"none"], CONTINUE_ON_FAILURE): Call Test Case 'Test Cases/Mobile/Page/Portfolio/Portfolio' successfully

2022-01-04 09:47:36 - [TEST_CASE][PASSED] - Test Cases/Mobile/Page/Portfolio/Portfolio: Test Cases/Mobile/Page/Portfolio/Portfolio

2022-01-04 09:47:36 - [TEST_STEP][PASSED] - callTestCase(findTestCase("Mobile/Page/CheckLogin"), [:], CONTINUE_ON_FAILURE): Call Test Case 'Test Cases/Mobile/Page/CheckLogin' successfully

2022-01-04 09:47:36 - [TEST_CASE][PASSED] - Test Cases/Mobile/Page/CheckLogin: Test Cases/Mobile/Page/CheckLogin

2022-01-04 09:47:36 - [TEST_STEP][PASSED] - loginCheck = verifyElementExist(LOGN_BtnLogin, 5, CONTINUE_ON_FAILURE): Element 'Object Repository/Mobile/Page/Login/Button - Login' is exist

2022-01-04 09:47:38 - [MESSAGE][PASSED] - Element 'Object Repository/Mobile/Page/Login/Button - Login' is exist

2022-01-04 09:47:38 - [TEST_STEP][PASSED] - if (loginCheck): Call Test Case 'Test Cases/Mobile/Page/Login/Login' successfully

2022-01-04 09:47:38 - [TEST_STEP][PASSED] - callTestCase(findTestCase("Mobile/Page/Login/Login"), ["action":"username"], CONTINUE_ON_FAILURE): Call Test Case 'Test Cases/Mobile/Page/Login/Login' successfully

2022-01-04 09:47:38 - [TEST_CASE][PASSED] - Test Cases/Mobile/Page/Login/Login: Test Cases/Mobile/Page/Login/Login

2022-01-04 09:47:38 - [TEST_STEP][PASSED] - delay(2): Delayed 2 second(s)

2022-01-04 09:47:40 - [MESSAGE][PASSED] - Delayed 2 second(s)

2022-01-04 09:47:40 - [TEST_STEP][PASSED] - for ([i = 0, i < 1, (i++)]): null

2022-01-04 09:47:40 - [TEST_STEP][PASSED] - if (action == "username"): null

2022-01-04 09:47:40 - [TEST_STEP][PASSED] - tap(LOGN_EdtUserID, 0): Tapped on element 'Object Repository/Mobile/Page/Login/Input - UserID'

2022-01-04 09:47:40 - [MESSAGE][WARNING] - Timeout '0' is invalid. Using default page load timeout: '60'

2022-01-04 09:47:40 - [MESSAGE][PASSED] - Tapped on element 'Object Repository/Mobile/Page/Login/Input - UserID'

2022-01-04 09:47:40 - [TEST_STEP][PASSED] - delay(1): Delayed 1 second(s)

2022-01-04 09:47:41 - [MESSAGE][PASSED] - Delayed 1 second(s)

2022-01-04 09:47:41 - [TEST_STEP][PASSED] - setText(LOGN_EdtRdyUserID, "anggaaditya", 0): Text 'anggaaditya' has been set to element 'Object Repository/Mobile/Page/Login/Input Rdy - UserID'

2022-01-04 09:47:41 - [MESSAGE][WARNING] - Timeout '0' is invalid. Using default page load timeout: '60'

2022-01-04 09:47:42 - [MESSAGE][PASSED] - Text 'anggaaditya' has been set to element 'Object Repository/Mobile/Page/Login/Input Rdy - UserID'

2022-01-04 09:47:42 - [TEST_STEP][PASSED] - delay(1): Delayed 1 second(s)

2022-01-04 09:47:43 - [MESSAGE][PASSED] - Delayed 1 second(s)

2022-01-04 09:47:43 - [TEST_STEP][PASSED] - hideKeyboard(): Keyboard is hidden

2022-01-04 09:47:48 - [MESSAGE][PASSED] - Keyboard is hidden

2022-01-04 09:47:48 - [TEST_STEP][PASSED] - tap(LOGN_EdtPassword, 0): Tapped on element 'Object Repository/Mobile/Page/Login/Input - Password'

2022-01-04 09:47:48 - [MESSAGE][WARNING] - Timeout '0' is invalid. Using default page load timeout: '60'

2022-01-04 09:47:48 - [MESSAGE][PASSED] - Tapped on element 'Object Repository/Mobile/Page/Login/Input - Password'

2022-01-04 09:47:48 - [TEST_STEP][PASSED] - delay(1): Delayed 1 second(s)

2022-01-04 09:47:49 - [MESSAGE][PASSED] - Delayed 1 second(s)

2022-01-04 09:47:49 - [TEST_STEP][PASSED] - setText(LOGN_EdtRdyPassword, "Shalawa18", 0): Text 'Shalawa18' has been set to element 'Object Repository/Mobile/Page/Login/Input Rdy - Password'

2022-01-04 09:47:49 - [MESSAGE][WARNING] - Timeout '0' is invalid. Using default page load timeout: '60'

2022-01-04 09:47:50 - [MESSAGE][PASSED] - Text 'Shalawa18' has been set to element 'Object Repository/Mobile/Page/Login/Input Rdy - Password'

2022-01-04 09:47:50 - [TEST_STEP][PASSED] - delay(1): Delayed 1 second(s)

2022-01-04 09:47:51 - [MESSAGE][PASSED] - Delayed 1 second(s)

2022-01-04 09:47:51 - [TEST_STEP][PASSED] - hideKeyboard(): Keyboard is hidden

2022-01-04 09:47:58 - [MESSAGE][PASSED] - Keyboard is hidden

2022-01-04 09:47:58 - [TEST_STEP][PASSED] - tap(LOGN_BtnLogin, 0): Tapped on element 'Object Repository/Mobile/Page/Login/Button - Login'

2022-01-04 09:47:58 - [MESSAGE][WARNING] - Timeout '0' is invalid. Using default page load timeout: '60'

2022-01-04 09:47:59 - [MESSAGE][PASSED] - Tapped on element 'Object Repository/Mobile/Page/Login/Button - Login'

2022-01-04 09:47:59 - [TEST_STEP][PASSED] - delay(2): Delayed 2 second(s)

2022-01-04 09:48:01 - [MESSAGE][PASSED] - Delayed 2 second(s)

2022-01-04 09:48:01 - [TEST_STEP][PASSED] - break: null

2022-01-04 09:48:01 - [MESSAGE][PASSED] - Call Test Case 'Test Cases/Mobile/Page/Login/Login' successfully

2022-01-04 09:48:01 - [MESSAGE][PASSED] - Call Test Case 'Test Cases/Mobile/Page/CheckLogin' successfully

2022-01-04 09:48:01 - [TEST_STEP][PASSED] - tap(HOME_MenubarPortfolio, 0): Tapped on element 'Object Repository/Mobile/Page/Home/Menubar - Portfolio'

2022-01-04 09:48:01 - [MESSAGE][WARNING] - Timeout '0' is invalid. Using default page load timeout: '60'

2022-01-04 09:48:02 - [MESSAGE][PASSED] - Tapped on element 'Object Repository/Mobile/Page/Home/Menubar - Portfolio'

2022-01-04 09:48:02 - [TEST_STEP][PASSED] - delay(1): Delayed 1 second(s)

2022-01-04 09:48:03 - [MESSAGE][PASSED] - Delayed 1 second(s)

2022-01-04 09:48:03 - [TEST_STEP][PASSED] - for ([i = 0, i < 1, (i++)]): scroll.scroll.scrollScreenBottomToTop is PASSED

2022-01-04 09:48:03 - [TEST_STEP][PASSED] - if (tab == "summary"): null

2022-01-04 09:48:03 - [TEST_STEP][PASSED] - else if (tab == "stock"): null

2022-01-04 09:48:03 - [TEST_STEP][PASSED] - else if (tab == "mutualfund"): scroll.scroll.scrollScreenBottomToTop is PASSED

2022-01-04 09:48:03 - [TEST_STEP][PASSED] - tap(PORT_TabMutualFund, 0): Tapped on element 'Object Repository/Mobile/Page/Portfolio/Tab - Mutual Fund'

2022-01-04 09:48:03 - [MESSAGE][WARNING] - Timeout '0' is invalid. Using default page load timeout: '60'

2022-01-04 09:48:05 - [MESSAGE][PASSED] - Tapped on element 'Object Repository/Mobile/Page/Portfolio/Tab - Mutual Fund'

2022-01-04 09:48:05 - [TEST_STEP][PASSED] - delay(1): Delayed 1 second(s)

2022-01-04 09:48:06 - [MESSAGE][PASSED] - Delayed 1 second(s)

2022-01-04 09:48:06 - [TEST_STEP][PASSED] - try: scroll.scroll.scrollScreenBottomToTop is PASSED

2022-01-04 09:48:06 - [TEST_STEP][PASSED] - tapAndHold(PORT_ItemTopMutualFund, 1, 10): Tapped and held on element 'Object Repository/Mobile/Page/Portfolio/Item - Top Mutual Fund' with duration 1

2022-01-04 09:48:09 - [MESSAGE][PASSED] - Tapped and held on element 'Object Repository/Mobile/Page/Portfolio/Item - Top Mutual Fund' with duration 1

2022-01-04 09:48:09 - [TEST_STEP][PASSED] - delay(2): Delayed 2 second(s)

2022-01-04 09:48:11 - [MESSAGE][PASSED] - Delayed 2 second(s)

2022-01-04 09:48:11 - [TEST_STEP][PASSED] - switch (action2): null

2022-01-04 09:48:11 - [TEST_STEP][PASSED] - delay(3): Delayed 3 second(s)

2022-01-04 09:48:14 - [MESSAGE][PASSED] - Delayed 3 second(s)

2022-01-04 09:48:14 - [TEST_STEP][PASSED] - scroll.scroll.scrollScreenBottomToTop(): scroll.scroll.scrollScreenBottomToTop is PASSED

2022-01-04 09:48:14 - [MESSAGE][PASSED] - Current device physical height is 1423

2022-01-04 09:48:14 - [MESSAGE][PASSED] - Current device physical width is 720

2022-01-04 09:48:15 - [MESSAGE][PASSED] - Swiped from 360,1,138 to 360,284

2022-01-04 09:48:15 - [MESSAGE][PASSED] - scroll.scroll.scrollScreenBottomToTop is PASSED

2022-01-04 09:48:15 - [MESSAGE][PASSED] - Call Test Case 'Test Cases/Mobile/Page/Portfolio/Portfolio' successfully

2022-01-04 09:48:15 - [TEST_STEP][PASSED] - callTestCase(findTestCase("Mobile/Page/Run App/Terminate App"), [:], STOP_ON_FAILURE): Call Test Case 'Test Cases/Mobile/Page/Run App/Terminate App' successfully

2022-01-04 09:48:15 - [TEST_CASE][PASSED] - Test Cases/Mobile/Page/Run App/Terminate App: Test Cases/Mobile/Page/Run App/Terminate App

2022-01-04 09:48:15 - [TEST_STEP][PASSED] - startApp.OpenApp.terminateApplication(): startApp.OpenApp.terminateApplication is PASSED

2022-01-04 09:48:19 - [MESSAGE][PASSED] - Delayed 3 second(s)

2022-01-04 09:48:19 - [MESSAGE][PASSED] - Current device physical width is 720

2022-01-04 09:48:19 - [MESSAGE][PASSED] - Current device physical height is 1423

2022-01-04 09:48:20 - [MESSAGE][PASSED] - Swiped from 360,853 to 360,142

2022-01-04 09:48:21 - [MESSAGE][PASSED] - Delayed 1 second(s)

2022-01-04 09:48:23 - [MESSAGE][PASSED] - Swiped from 360,853 to 360,142

2022-01-04 09:48:26 - [MESSAGE][PASSED] - Delayed 3 second(s)

2022-01-04 09:48:26 - [MESSAGE][PASSED] - startApp.OpenApp.terminateApplication is PASSED

2022-01-04 09:48:26 - [MESSAGE][PASSED] - Call Test Case 'Test Cases/Mobile/Page/Run App/Terminate App' successfully]]></system-out>
         <system-err><![CDATA[]]></system-err>
      </testcase>
      <testcase name="Test Cases/Mobile/Scenario/Portfolio/012 - Melihat list bond" time="57.685" classname="Test Cases/Mobile/Scenario/Portfolio/012 - Melihat list bond" status="PASSED">
         <system-out><![CDATA[2022-01-04 09:48:26 - [TEST_CASE][PASSED] - Test Cases/Mobile/Scenario/Portfolio/012 - Melihat list bond: Test Cases/Mobile/Scenario/Portfolio/012 - Melihat list bond

2022-01-04 09:48:26 - [TEST_STEP][PASSED] - callTestCase(findTestCase("Mobile/Page/Run App/Run App byID"), [:], STOP_ON_FAILURE): Call Test Case 'Test Cases/Mobile/Page/Run App/Run App byID' successfully

2022-01-04 09:48:26 - [TEST_CASE][PASSED] - Test Cases/Mobile/Page/Run App/Run App byID: Test Cases/Mobile/Page/Run App/Run App byID

2022-01-04 09:48:26 - [TEST_STEP][PASSED] - startApp.OpenApp.startApplication("id.co.miraeasset.sageclub"): startApp.OpenApp.startApplication is PASSED

2022-01-04 09:48:40 - [MESSAGE][PASSED] - Starting app with application ID: 'id.co.miraeasset.sageclub'

2022-01-04 09:48:40 - [MESSAGE][PASSED] - startApp.OpenApp.startApplication is PASSED

2022-01-04 09:48:40 - [MESSAGE][PASSED] - Call Test Case 'Test Cases/Mobile/Page/Run App/Run App byID' successfully

2022-01-04 09:48:40 - [TEST_STEP][PASSED] - callTestCase(findTestCase("Mobile/Page/Portfolio/Portfolio"), ["tab":"stock", "action":"none"], CONTINUE_ON_FAILURE): Call Test Case 'Test Cases/Mobile/Page/Portfolio/Portfolio' successfully

2022-01-04 09:48:40 - [TEST_CASE][PASSED] - Test Cases/Mobile/Page/Portfolio/Portfolio: Test Cases/Mobile/Page/Portfolio/Portfolio

2022-01-04 09:48:40 - [TEST_STEP][PASSED] - callTestCase(findTestCase("Mobile/Page/CheckLogin"), [:], CONTINUE_ON_FAILURE): Call Test Case 'Test Cases/Mobile/Page/CheckLogin' successfully

2022-01-04 09:48:40 - [TEST_CASE][PASSED] - Test Cases/Mobile/Page/CheckLogin: Test Cases/Mobile/Page/CheckLogin

2022-01-04 09:48:40 - [TEST_STEP][PASSED] - loginCheck = verifyElementExist(LOGN_BtnLogin, 5, CONTINUE_ON_FAILURE): Element 'Object Repository/Mobile/Page/Login/Button - Login' is exist

2022-01-04 09:48:42 - [MESSAGE][PASSED] - Element 'Object Repository/Mobile/Page/Login/Button - Login' is exist

2022-01-04 09:48:42 - [TEST_STEP][PASSED] - if (loginCheck): Call Test Case 'Test Cases/Mobile/Page/Login/Login' successfully

2022-01-04 09:48:42 - [TEST_STEP][PASSED] - callTestCase(findTestCase("Mobile/Page/Login/Login"), ["action":"username"], CONTINUE_ON_FAILURE): Call Test Case 'Test Cases/Mobile/Page/Login/Login' successfully

2022-01-04 09:48:42 - [TEST_CASE][PASSED] - Test Cases/Mobile/Page/Login/Login: Test Cases/Mobile/Page/Login/Login

2022-01-04 09:48:42 - [TEST_STEP][PASSED] - delay(2): Delayed 2 second(s)

2022-01-04 09:48:44 - [MESSAGE][PASSED] - Delayed 2 second(s)

2022-01-04 09:48:44 - [TEST_STEP][PASSED] - for ([i = 0, i < 1, (i++)]): null

2022-01-04 09:48:44 - [TEST_STEP][PASSED] - if (action == "username"): null

2022-01-04 09:48:44 - [TEST_STEP][PASSED] - tap(LOGN_EdtUserID, 0): Tapped on element 'Object Repository/Mobile/Page/Login/Input - UserID'

2022-01-04 09:48:44 - [MESSAGE][WARNING] - Timeout '0' is invalid. Using default page load timeout: '60'

2022-01-04 09:48:44 - [MESSAGE][PASSED] - Tapped on element 'Object Repository/Mobile/Page/Login/Input - UserID'

2022-01-04 09:48:44 - [TEST_STEP][PASSED] - delay(1): Delayed 1 second(s)

2022-01-04 09:48:45 - [MESSAGE][PASSED] - Delayed 1 second(s)

2022-01-04 09:48:45 - [TEST_STEP][PASSED] - setText(LOGN_EdtRdyUserID, "anggaaditya", 0): Text 'anggaaditya' has been set to element 'Object Repository/Mobile/Page/Login/Input Rdy - UserID'

2022-01-04 09:48:45 - [MESSAGE][WARNING] - Timeout '0' is invalid. Using default page load timeout: '60'

2022-01-04 09:48:46 - [MESSAGE][PASSED] - Text 'anggaaditya' has been set to element 'Object Repository/Mobile/Page/Login/Input Rdy - UserID'

2022-01-04 09:48:46 - [TEST_STEP][PASSED] - delay(1): Delayed 1 second(s)

2022-01-04 09:48:47 - [MESSAGE][PASSED] - Delayed 1 second(s)

2022-01-04 09:48:47 - [TEST_STEP][PASSED] - hideKeyboard(): Keyboard is hidden

2022-01-04 09:48:52 - [MESSAGE][PASSED] - Keyboard is hidden

2022-01-04 09:48:52 - [TEST_STEP][PASSED] - tap(LOGN_EdtPassword, 0): Tapped on element 'Object Repository/Mobile/Page/Login/Input - Password'

2022-01-04 09:48:52 - [MESSAGE][WARNING] - Timeout '0' is invalid. Using default page load timeout: '60'

2022-01-04 09:48:52 - [MESSAGE][PASSED] - Tapped on element 'Object Repository/Mobile/Page/Login/Input - Password'

2022-01-04 09:48:52 - [TEST_STEP][PASSED] - delay(1): Delayed 1 second(s)

2022-01-04 09:48:53 - [MESSAGE][PASSED] - Delayed 1 second(s)

2022-01-04 09:48:53 - [TEST_STEP][PASSED] - setText(LOGN_EdtRdyPassword, "Shalawa18", 0): Text 'Shalawa18' has been set to element 'Object Repository/Mobile/Page/Login/Input Rdy - Password'

2022-01-04 09:48:53 - [MESSAGE][WARNING] - Timeout '0' is invalid. Using default page load timeout: '60'

2022-01-04 09:48:54 - [MESSAGE][PASSED] - Text 'Shalawa18' has been set to element 'Object Repository/Mobile/Page/Login/Input Rdy - Password'

2022-01-04 09:48:54 - [TEST_STEP][PASSED] - delay(1): Delayed 1 second(s)

2022-01-04 09:48:55 - [MESSAGE][PASSED] - Delayed 1 second(s)

2022-01-04 09:48:55 - [TEST_STEP][PASSED] - hideKeyboard(): Keyboard is hidden

2022-01-04 09:49:02 - [MESSAGE][PASSED] - Keyboard is hidden

2022-01-04 09:49:02 - [TEST_STEP][PASSED] - tap(LOGN_BtnLogin, 0): Tapped on element 'Object Repository/Mobile/Page/Login/Button - Login'

2022-01-04 09:49:02 - [MESSAGE][WARNING] - Timeout '0' is invalid. Using default page load timeout: '60'

2022-01-04 09:49:03 - [MESSAGE][PASSED] - Tapped on element 'Object Repository/Mobile/Page/Login/Button - Login'

2022-01-04 09:49:03 - [TEST_STEP][PASSED] - delay(2): Delayed 2 second(s)

2022-01-04 09:49:05 - [MESSAGE][PASSED] - Delayed 2 second(s)

2022-01-04 09:49:05 - [TEST_STEP][PASSED] - break: null

2022-01-04 09:49:05 - [MESSAGE][PASSED] - Call Test Case 'Test Cases/Mobile/Page/Login/Login' successfully

2022-01-04 09:49:05 - [MESSAGE][PASSED] - Call Test Case 'Test Cases/Mobile/Page/CheckLogin' successfully

2022-01-04 09:49:05 - [TEST_STEP][PASSED] - tap(HOME_MenubarPortfolio, 0): Tapped on element 'Object Repository/Mobile/Page/Home/Menubar - Portfolio'

2022-01-04 09:49:05 - [MESSAGE][WARNING] - Timeout '0' is invalid. Using default page load timeout: '60'

2022-01-04 09:49:06 - [MESSAGE][PASSED] - Tapped on element 'Object Repository/Mobile/Page/Home/Menubar - Portfolio'

2022-01-04 09:49:06 - [TEST_STEP][PASSED] - delay(1): Delayed 1 second(s)

2022-01-04 09:49:07 - [MESSAGE][PASSED] - Delayed 1 second(s)

2022-01-04 09:49:07 - [TEST_STEP][PASSED] - for ([i = 0, i < 1, (i++)]): Delayed 3 second(s)

2022-01-04 09:49:07 - [TEST_STEP][PASSED] - if (tab == "summary"): null

2022-01-04 09:49:07 - [TEST_STEP][PASSED] - else if (tab == "stock"): Delayed 3 second(s)

2022-01-04 09:49:07 - [TEST_STEP][PASSED] - tap(PORT_TabStock, 0): Tapped on element 'Object Repository/Mobile/Page/Portfolio/Tab - Stock'

2022-01-04 09:49:07 - [MESSAGE][WARNING] - Timeout '0' is invalid. Using default page load timeout: '60'

2022-01-04 09:49:08 - [MESSAGE][PASSED] - Tapped on element 'Object Repository/Mobile/Page/Portfolio/Tab - Stock'

2022-01-04 09:49:08 - [TEST_STEP][PASSED] - scroll.scroll.scrollScreenBottomToTop(): scroll.scroll.scrollScreenBottomToTop is PASSED

2022-01-04 09:49:08 - [MESSAGE][PASSED] - Current device physical height is 1423

2022-01-04 09:49:09 - [MESSAGE][PASSED] - Current device physical width is 720

2022-01-04 09:49:10 - [MESSAGE][PASSED] - Swiped from 360,1,138 to 360,284

2022-01-04 09:49:10 - [MESSAGE][PASSED] - scroll.scroll.scrollScreenBottomToTop is PASSED

2022-01-04 09:49:10 - [TEST_STEP][PASSED] - delay(3): Delayed 3 second(s)

2022-01-04 09:49:13 - [MESSAGE][PASSED] - Delayed 3 second(s)

2022-01-04 09:49:13 - [MESSAGE][PASSED] - Call Test Case 'Test Cases/Mobile/Page/Portfolio/Portfolio' successfully

2022-01-04 09:49:13 - [TEST_STEP][PASSED] - callTestCase(findTestCase("Mobile/Page/Run App/Terminate App"), [:], STOP_ON_FAILURE): Call Test Case 'Test Cases/Mobile/Page/Run App/Terminate App' successfully

2022-01-04 09:49:13 - [TEST_CASE][PASSED] - Test Cases/Mobile/Page/Run App/Terminate App: Test Cases/Mobile/Page/Run App/Terminate App

2022-01-04 09:49:13 - [TEST_STEP][PASSED] - startApp.OpenApp.terminateApplication(): startApp.OpenApp.terminateApplication is PASSED

2022-01-04 09:49:16 - [MESSAGE][PASSED] - Delayed 3 second(s)

2022-01-04 09:49:16 - [MESSAGE][PASSED] - Current device physical width is 720

2022-01-04 09:49:17 - [MESSAGE][PASSED] - Current device physical height is 1423

2022-01-04 09:49:18 - [MESSAGE][PASSED] - Swiped from 360,853 to 360,142

2022-01-04 09:49:19 - [MESSAGE][PASSED] - Delayed 1 second(s)

2022-01-04 09:49:20 - [MESSAGE][PASSED] - Swiped from 360,853 to 360,142

2022-01-04 09:49:23 - [MESSAGE][PASSED] - Delayed 3 second(s)

2022-01-04 09:49:23 - [MESSAGE][PASSED] - startApp.OpenApp.terminateApplication is PASSED

2022-01-04 09:49:23 - [MESSAGE][PASSED] - Call Test Case 'Test Cases/Mobile/Page/Run App/Terminate App' successfully]]></system-out>
         <system-err><![CDATA[]]></system-err>
      </testcase>
      <testcase name="Test Cases/Mobile/Scenario/Portfolio/013 - Melihat detail mutual fund 1 month" time="65.752" classname="Test Cases/Mobile/Scenario/Portfolio/013 - Melihat detail mutual fund 1 month" status="PASSED">
         <system-out><![CDATA[2022-01-04 09:49:23 - [TEST_CASE][PASSED] - Test Cases/Mobile/Scenario/Portfolio/013 - Melihat detail mutual fund 1 month: Test Cases/Mobile/Scenario/Portfolio/013 - Melihat detail mutual fund 1 month

2022-01-04 09:49:24 - [TEST_STEP][PASSED] - callTestCase(findTestCase("Mobile/Page/Run App/Run App byID"), [:], STOP_ON_FAILURE): Call Test Case 'Test Cases/Mobile/Page/Run App/Run App byID' successfully

2022-01-04 09:49:24 - [TEST_CASE][PASSED] - Test Cases/Mobile/Page/Run App/Run App byID: Test Cases/Mobile/Page/Run App/Run App byID

2022-01-04 09:49:24 - [TEST_STEP][PASSED] - startApp.OpenApp.startApplication("id.co.miraeasset.sageclub"): startApp.OpenApp.startApplication is PASSED

2022-01-04 09:49:38 - [MESSAGE][PASSED] - Starting app with application ID: 'id.co.miraeasset.sageclub'

2022-01-04 09:49:38 - [MESSAGE][PASSED] - startApp.OpenApp.startApplication is PASSED

2022-01-04 09:49:38 - [MESSAGE][PASSED] - Call Test Case 'Test Cases/Mobile/Page/Run App/Run App byID' successfully

2022-01-04 09:49:38 - [TEST_STEP][PASSED] - callTestCase(findTestCase("Mobile/Page/Portfolio/Portfolio"), ["tab":"mutualfund", "action2":"1 month"], CONTINUE_ON_FAILURE): Call Test Case 'Test Cases/Mobile/Page/Portfolio/Portfolio' successfully

2022-01-04 09:49:38 - [TEST_CASE][PASSED] - Test Cases/Mobile/Page/Portfolio/Portfolio: Test Cases/Mobile/Page/Portfolio/Portfolio

2022-01-04 09:49:38 - [TEST_STEP][PASSED] - callTestCase(findTestCase("Mobile/Page/CheckLogin"), [:], CONTINUE_ON_FAILURE): Call Test Case 'Test Cases/Mobile/Page/CheckLogin' successfully

2022-01-04 09:49:38 - [TEST_CASE][PASSED] - Test Cases/Mobile/Page/CheckLogin: Test Cases/Mobile/Page/CheckLogin

2022-01-04 09:49:38 - [TEST_STEP][PASSED] - loginCheck = verifyElementExist(LOGN_BtnLogin, 5, CONTINUE_ON_FAILURE): Element 'Object Repository/Mobile/Page/Login/Button - Login' is exist

2022-01-04 09:49:40 - [MESSAGE][PASSED] - Element 'Object Repository/Mobile/Page/Login/Button - Login' is exist

2022-01-04 09:49:40 - [TEST_STEP][PASSED] - if (loginCheck): Call Test Case 'Test Cases/Mobile/Page/Login/Login' successfully

2022-01-04 09:49:40 - [TEST_STEP][PASSED] - callTestCase(findTestCase("Mobile/Page/Login/Login"), ["action":"username"], CONTINUE_ON_FAILURE): Call Test Case 'Test Cases/Mobile/Page/Login/Login' successfully

2022-01-04 09:49:40 - [TEST_CASE][PASSED] - Test Cases/Mobile/Page/Login/Login: Test Cases/Mobile/Page/Login/Login

2022-01-04 09:49:40 - [TEST_STEP][PASSED] - delay(2): Delayed 2 second(s)

2022-01-04 09:49:42 - [MESSAGE][PASSED] - Delayed 2 second(s)

2022-01-04 09:49:42 - [TEST_STEP][PASSED] - for ([i = 0, i < 1, (i++)]): null

2022-01-04 09:49:42 - [TEST_STEP][PASSED] - if (action == "username"): null

2022-01-04 09:49:42 - [TEST_STEP][PASSED] - tap(LOGN_EdtUserID, 0): Tapped on element 'Object Repository/Mobile/Page/Login/Input - UserID'

2022-01-04 09:49:42 - [MESSAGE][WARNING] - Timeout '0' is invalid. Using default page load timeout: '60'

2022-01-04 09:49:42 - [MESSAGE][PASSED] - Tapped on element 'Object Repository/Mobile/Page/Login/Input - UserID'

2022-01-04 09:49:42 - [TEST_STEP][PASSED] - delay(1): Delayed 1 second(s)

2022-01-04 09:49:43 - [MESSAGE][PASSED] - Delayed 1 second(s)

2022-01-04 09:49:43 - [TEST_STEP][PASSED] - setText(LOGN_EdtRdyUserID, "anggaaditya", 0): Text 'anggaaditya' has been set to element 'Object Repository/Mobile/Page/Login/Input Rdy - UserID'

2022-01-04 09:49:43 - [MESSAGE][WARNING] - Timeout '0' is invalid. Using default page load timeout: '60'

2022-01-04 09:49:44 - [MESSAGE][PASSED] - Text 'anggaaditya' has been set to element 'Object Repository/Mobile/Page/Login/Input Rdy - UserID'

2022-01-04 09:49:44 - [TEST_STEP][PASSED] - delay(1): Delayed 1 second(s)

2022-01-04 09:49:45 - [MESSAGE][PASSED] - Delayed 1 second(s)

2022-01-04 09:49:45 - [TEST_STEP][PASSED] - hideKeyboard(): Keyboard is hidden

2022-01-04 09:49:49 - [MESSAGE][PASSED] - Keyboard is hidden

2022-01-04 09:49:49 - [TEST_STEP][PASSED] - tap(LOGN_EdtPassword, 0): Tapped on element 'Object Repository/Mobile/Page/Login/Input - Password'

2022-01-04 09:49:49 - [MESSAGE][WARNING] - Timeout '0' is invalid. Using default page load timeout: '60'

2022-01-04 09:49:49 - [MESSAGE][PASSED] - Tapped on element 'Object Repository/Mobile/Page/Login/Input - Password'

2022-01-04 09:49:49 - [TEST_STEP][PASSED] - delay(1): Delayed 1 second(s)

2022-01-04 09:49:50 - [MESSAGE][PASSED] - Delayed 1 second(s)

2022-01-04 09:49:50 - [TEST_STEP][PASSED] - setText(LOGN_EdtRdyPassword, "Shalawa18", 0): Text 'Shalawa18' has been set to element 'Object Repository/Mobile/Page/Login/Input Rdy - Password'

2022-01-04 09:49:50 - [MESSAGE][WARNING] - Timeout '0' is invalid. Using default page load timeout: '60'

2022-01-04 09:49:51 - [MESSAGE][PASSED] - Text 'Shalawa18' has been set to element 'Object Repository/Mobile/Page/Login/Input Rdy - Password'

2022-01-04 09:49:51 - [TEST_STEP][PASSED] - delay(1): Delayed 1 second(s)

2022-01-04 09:49:52 - [MESSAGE][PASSED] - Delayed 1 second(s)

2022-01-04 09:49:52 - [TEST_STEP][PASSED] - hideKeyboard(): Keyboard is hidden

2022-01-04 09:49:59 - [MESSAGE][PASSED] - Keyboard is hidden

2022-01-04 09:49:59 - [TEST_STEP][PASSED] - tap(LOGN_BtnLogin, 0): Tapped on element 'Object Repository/Mobile/Page/Login/Button - Login'

2022-01-04 09:49:59 - [MESSAGE][WARNING] - Timeout '0' is invalid. Using default page load timeout: '60'

2022-01-04 09:50:00 - [MESSAGE][PASSED] - Tapped on element 'Object Repository/Mobile/Page/Login/Button - Login'

2022-01-04 09:50:00 - [TEST_STEP][PASSED] - delay(2): Delayed 2 second(s)

2022-01-04 09:50:02 - [MESSAGE][PASSED] - Delayed 2 second(s)

2022-01-04 09:50:02 - [TEST_STEP][PASSED] - break: null

2022-01-04 09:50:02 - [MESSAGE][PASSED] - Call Test Case 'Test Cases/Mobile/Page/Login/Login' successfully

2022-01-04 09:50:02 - [MESSAGE][PASSED] - Call Test Case 'Test Cases/Mobile/Page/CheckLogin' successfully

2022-01-04 09:50:02 - [TEST_STEP][PASSED] - tap(HOME_MenubarPortfolio, 0): Tapped on element 'Object Repository/Mobile/Page/Home/Menubar - Portfolio'

2022-01-04 09:50:02 - [MESSAGE][WARNING] - Timeout '0' is invalid. Using default page load timeout: '60'

2022-01-04 09:50:03 - [MESSAGE][PASSED] - Tapped on element 'Object Repository/Mobile/Page/Home/Menubar - Portfolio'

2022-01-04 09:50:03 - [TEST_STEP][PASSED] - delay(1): Delayed 1 second(s)

2022-01-04 09:50:04 - [MESSAGE][PASSED] - Delayed 1 second(s)

2022-01-04 09:50:04 - [TEST_STEP][PASSED] - for ([i = 0, i < 1, (i++)]): scroll.scroll.scrollScreenBottomToTop is PASSED

2022-01-04 09:50:04 - [TEST_STEP][PASSED] - if (tab == "summary"): null

2022-01-04 09:50:04 - [TEST_STEP][PASSED] - else if (tab == "stock"): null

2022-01-04 09:50:04 - [TEST_STEP][PASSED] - else if (tab == "mutualfund"): scroll.scroll.scrollScreenBottomToTop is PASSED

2022-01-04 09:50:04 - [TEST_STEP][PASSED] - tap(PORT_TabMutualFund, 0): Tapped on element 'Object Repository/Mobile/Page/Portfolio/Tab - Mutual Fund'

2022-01-04 09:50:04 - [MESSAGE][WARNING] - Timeout '0' is invalid. Using default page load timeout: '60'

2022-01-04 09:50:05 - [MESSAGE][PASSED] - Tapped on element 'Object Repository/Mobile/Page/Portfolio/Tab - Mutual Fund'

2022-01-04 09:50:05 - [TEST_STEP][PASSED] - delay(1): Delayed 1 second(s)

2022-01-04 09:50:06 - [MESSAGE][PASSED] - Delayed 1 second(s)

2022-01-04 09:50:06 - [TEST_STEP][PASSED] - try: scroll.scroll.scrollScreenBottomToTop is PASSED

2022-01-04 09:50:06 - [TEST_STEP][PASSED] - tapAndHold(PORT_ItemTopMutualFund, 1, 10): Tapped and held on element 'Object Repository/Mobile/Page/Portfolio/Item - Top Mutual Fund' with duration 1

2022-01-04 09:50:09 - [MESSAGE][PASSED] - Tapped and held on element 'Object Repository/Mobile/Page/Portfolio/Item - Top Mutual Fund' with duration 1

2022-01-04 09:50:09 - [TEST_STEP][PASSED] - delay(2): Delayed 2 second(s)

2022-01-04 09:50:11 - [MESSAGE][PASSED] - Delayed 2 second(s)

2022-01-04 09:50:11 - [TEST_STEP][PASSED] - switch (action2): null

2022-01-04 09:50:11 - [TEST_STEP][PASSED] - case "1 month":: null

2022-01-04 09:50:11 - [TEST_STEP][PASSED] - tapAndHold(PORT_DETL_Btn1Month, 1, 0): Tapped and held on element 'Object Repository/Mobile/Page/Portfolio/Detail Mutual Funds/Button - 1 Month' with duration 1

2022-01-04 09:50:11 - [MESSAGE][WARNING] - Timeout '0' is invalid. Using default page load timeout: '60'

2022-01-04 09:50:14 - [MESSAGE][PASSED] - Tapped and held on element 'Object Repository/Mobile/Page/Portfolio/Detail Mutual Funds/Button - 1 Month' with duration 1

2022-01-04 09:50:14 - [TEST_STEP][PASSED] - break: null

2022-01-04 09:50:14 - [TEST_STEP][PASSED] - delay(3): Delayed 3 second(s)

2022-01-04 09:50:17 - [MESSAGE][PASSED] - Delayed 3 second(s)

2022-01-04 09:50:17 - [TEST_STEP][PASSED] - scroll.scroll.scrollScreenBottomToTop(): scroll.scroll.scrollScreenBottomToTop is PASSED

2022-01-04 09:50:17 - [MESSAGE][PASSED] - Current device physical height is 1423

2022-01-04 09:50:18 - [MESSAGE][PASSED] - Current device physical width is 720

2022-01-04 09:50:19 - [MESSAGE][PASSED] - Swiped from 360,1,138 to 360,284

2022-01-04 09:50:19 - [MESSAGE][PASSED] - scroll.scroll.scrollScreenBottomToTop is PASSED

2022-01-04 09:50:19 - [MESSAGE][PASSED] - Call Test Case 'Test Cases/Mobile/Page/Portfolio/Portfolio' successfully

2022-01-04 09:50:19 - [TEST_STEP][PASSED] - callTestCase(findTestCase("Mobile/Page/Run App/Terminate App"), [:], STOP_ON_FAILURE): Call Test Case 'Test Cases/Mobile/Page/Run App/Terminate App' successfully

2022-01-04 09:50:19 - [TEST_CASE][PASSED] - Test Cases/Mobile/Page/Run App/Terminate App: Test Cases/Mobile/Page/Run App/Terminate App

2022-01-04 09:50:19 - [TEST_STEP][PASSED] - startApp.OpenApp.terminateApplication(): startApp.OpenApp.terminateApplication is PASSED

2022-01-04 09:50:22 - [MESSAGE][PASSED] - Delayed 3 second(s)

2022-01-04 09:50:22 - [MESSAGE][PASSED] - Current device physical width is 720

2022-01-04 09:50:22 - [MESSAGE][PASSED] - Current device physical height is 1423

2022-01-04 09:50:24 - [MESSAGE][PASSED] - Swiped from 360,853 to 360,142

2022-01-04 09:50:25 - [MESSAGE][PASSED] - Delayed 1 second(s)

2022-01-04 09:50:26 - [MESSAGE][PASSED] - Swiped from 360,853 to 360,142

2022-01-04 09:50:29 - [MESSAGE][PASSED] - Delayed 3 second(s)

2022-01-04 09:50:29 - [MESSAGE][PASSED] - startApp.OpenApp.terminateApplication is PASSED

2022-01-04 09:50:29 - [MESSAGE][PASSED] - Call Test Case 'Test Cases/Mobile/Page/Run App/Terminate App' successfully]]></system-out>
         <system-err><![CDATA[]]></system-err>
      </testcase>
      <testcase name="Test Cases/Mobile/Scenario/Portfolio/014 - Melihat detail mutual fund 3 month" time="64.938" classname="Test Cases/Mobile/Scenario/Portfolio/014 - Melihat detail mutual fund 3 month" status="PASSED">
         <system-out><![CDATA[2022-01-04 09:50:29 - [TEST_CASE][PASSED] - Test Cases/Mobile/Scenario/Portfolio/014 - Melihat detail mutual fund 3 month: Test Cases/Mobile/Scenario/Portfolio/014 - Melihat detail mutual fund 3 month

2022-01-04 09:50:29 - [TEST_STEP][PASSED] - callTestCase(findTestCase("Mobile/Page/Run App/Run App byID"), [:], STOP_ON_FAILURE): Call Test Case 'Test Cases/Mobile/Page/Run App/Run App byID' successfully

2022-01-04 09:50:29 - [TEST_CASE][PASSED] - Test Cases/Mobile/Page/Run App/Run App byID: Test Cases/Mobile/Page/Run App/Run App byID

2022-01-04 09:50:29 - [TEST_STEP][PASSED] - startApp.OpenApp.startApplication("id.co.miraeasset.sageclub"): startApp.OpenApp.startApplication is PASSED

2022-01-04 09:50:43 - [MESSAGE][PASSED] - Starting app with application ID: 'id.co.miraeasset.sageclub'

2022-01-04 09:50:43 - [MESSAGE][PASSED] - startApp.OpenApp.startApplication is PASSED

2022-01-04 09:50:43 - [MESSAGE][PASSED] - Call Test Case 'Test Cases/Mobile/Page/Run App/Run App byID' successfully

2022-01-04 09:50:43 - [TEST_STEP][PASSED] - callTestCase(findTestCase("Mobile/Page/Portfolio/Portfolio"), ["tab":"mutualfund", "action2":"3 month"], CONTINUE_ON_FAILURE): Call Test Case 'Test Cases/Mobile/Page/Portfolio/Portfolio' successfully

2022-01-04 09:50:43 - [TEST_CASE][PASSED] - Test Cases/Mobile/Page/Portfolio/Portfolio: Test Cases/Mobile/Page/Portfolio/Portfolio

2022-01-04 09:50:43 - [TEST_STEP][PASSED] - callTestCase(findTestCase("Mobile/Page/CheckLogin"), [:], CONTINUE_ON_FAILURE): Call Test Case 'Test Cases/Mobile/Page/CheckLogin' successfully

2022-01-04 09:50:43 - [TEST_CASE][PASSED] - Test Cases/Mobile/Page/CheckLogin: Test Cases/Mobile/Page/CheckLogin

2022-01-04 09:50:43 - [TEST_STEP][PASSED] - loginCheck = verifyElementExist(LOGN_BtnLogin, 5, CONTINUE_ON_FAILURE): Element 'Object Repository/Mobile/Page/Login/Button - Login' is exist

2022-01-04 09:50:45 - [MESSAGE][PASSED] - Element 'Object Repository/Mobile/Page/Login/Button - Login' is exist

2022-01-04 09:50:45 - [TEST_STEP][PASSED] - if (loginCheck): Call Test Case 'Test Cases/Mobile/Page/Login/Login' successfully

2022-01-04 09:50:45 - [TEST_STEP][PASSED] - callTestCase(findTestCase("Mobile/Page/Login/Login"), ["action":"username"], CONTINUE_ON_FAILURE): Call Test Case 'Test Cases/Mobile/Page/Login/Login' successfully

2022-01-04 09:50:45 - [TEST_CASE][PASSED] - Test Cases/Mobile/Page/Login/Login: Test Cases/Mobile/Page/Login/Login

2022-01-04 09:50:45 - [TEST_STEP][PASSED] - delay(2): Delayed 2 second(s)

2022-01-04 09:50:47 - [MESSAGE][PASSED] - Delayed 2 second(s)

2022-01-04 09:50:47 - [TEST_STEP][PASSED] - for ([i = 0, i < 1, (i++)]): null

2022-01-04 09:50:47 - [TEST_STEP][PASSED] - if (action == "username"): null

2022-01-04 09:50:47 - [TEST_STEP][PASSED] - tap(LOGN_EdtUserID, 0): Tapped on element 'Object Repository/Mobile/Page/Login/Input - UserID'

2022-01-04 09:50:47 - [MESSAGE][WARNING] - Timeout '0' is invalid. Using default page load timeout: '60'

2022-01-04 09:50:48 - [MESSAGE][PASSED] - Tapped on element 'Object Repository/Mobile/Page/Login/Input - UserID'

2022-01-04 09:50:48 - [TEST_STEP][PASSED] - delay(1): Delayed 1 second(s)

2022-01-04 09:50:49 - [MESSAGE][PASSED] - Delayed 1 second(s)

2022-01-04 09:50:49 - [TEST_STEP][PASSED] - setText(LOGN_EdtRdyUserID, "anggaaditya", 0): Text 'anggaaditya' has been set to element 'Object Repository/Mobile/Page/Login/Input Rdy - UserID'

2022-01-04 09:50:49 - [MESSAGE][WARNING] - Timeout '0' is invalid. Using default page load timeout: '60'

2022-01-04 09:50:50 - [MESSAGE][PASSED] - Text 'anggaaditya' has been set to element 'Object Repository/Mobile/Page/Login/Input Rdy - UserID'

2022-01-04 09:50:50 - [TEST_STEP][PASSED] - delay(1): Delayed 1 second(s)

2022-01-04 09:50:51 - [MESSAGE][PASSED] - Delayed 1 second(s)

2022-01-04 09:50:51 - [TEST_STEP][PASSED] - hideKeyboard(): Keyboard is hidden

2022-01-04 09:50:54 - [MESSAGE][PASSED] - Keyboard is hidden

2022-01-04 09:50:54 - [TEST_STEP][PASSED] - tap(LOGN_EdtPassword, 0): Tapped on element 'Object Repository/Mobile/Page/Login/Input - Password'

2022-01-04 09:50:54 - [MESSAGE][WARNING] - Timeout '0' is invalid. Using default page load timeout: '60'

2022-01-04 09:50:55 - [MESSAGE][PASSED] - Tapped on element 'Object Repository/Mobile/Page/Login/Input - Password'

2022-01-04 09:50:55 - [TEST_STEP][PASSED] - delay(1): Delayed 1 second(s)

2022-01-04 09:50:56 - [MESSAGE][PASSED] - Delayed 1 second(s)

2022-01-04 09:50:56 - [TEST_STEP][PASSED] - setText(LOGN_EdtRdyPassword, "Shalawa18", 0): Text 'Shalawa18' has been set to element 'Object Repository/Mobile/Page/Login/Input Rdy - Password'

2022-01-04 09:50:56 - [MESSAGE][WARNING] - Timeout '0' is invalid. Using default page load timeout: '60'

2022-01-04 09:50:56 - [MESSAGE][PASSED] - Text 'Shalawa18' has been set to element 'Object Repository/Mobile/Page/Login/Input Rdy - Password'

2022-01-04 09:50:56 - [TEST_STEP][PASSED] - delay(1): Delayed 1 second(s)

2022-01-04 09:50:57 - [MESSAGE][PASSED] - Delayed 1 second(s)

2022-01-04 09:50:57 - [TEST_STEP][PASSED] - hideKeyboard(): Keyboard is hidden

2022-01-04 09:51:04 - [MESSAGE][PASSED] - Keyboard is hidden

2022-01-04 09:51:04 - [TEST_STEP][PASSED] - tap(LOGN_BtnLogin, 0): Tapped on element 'Object Repository/Mobile/Page/Login/Button - Login'

2022-01-04 09:51:04 - [MESSAGE][WARNING] - Timeout '0' is invalid. Using default page load timeout: '60'

2022-01-04 09:51:05 - [MESSAGE][PASSED] - Tapped on element 'Object Repository/Mobile/Page/Login/Button - Login'

2022-01-04 09:51:05 - [TEST_STEP][PASSED] - delay(2): Delayed 2 second(s)

2022-01-04 09:51:07 - [MESSAGE][PASSED] - Delayed 2 second(s)

2022-01-04 09:51:07 - [TEST_STEP][PASSED] - break: null

2022-01-04 09:51:07 - [MESSAGE][PASSED] - Call Test Case 'Test Cases/Mobile/Page/Login/Login' successfully

2022-01-04 09:51:07 - [MESSAGE][PASSED] - Call Test Case 'Test Cases/Mobile/Page/CheckLogin' successfully

2022-01-04 09:51:07 - [TEST_STEP][PASSED] - tap(HOME_MenubarPortfolio, 0): Tapped on element 'Object Repository/Mobile/Page/Home/Menubar - Portfolio'

2022-01-04 09:51:07 - [MESSAGE][WARNING] - Timeout '0' is invalid. Using default page load timeout: '60'

2022-01-04 09:51:08 - [MESSAGE][PASSED] - Tapped on element 'Object Repository/Mobile/Page/Home/Menubar - Portfolio'

2022-01-04 09:51:08 - [TEST_STEP][PASSED] - delay(1): Delayed 1 second(s)

2022-01-04 09:51:09 - [MESSAGE][PASSED] - Delayed 1 second(s)

2022-01-04 09:51:09 - [TEST_STEP][PASSED] - for ([i = 0, i < 1, (i++)]): scroll.scroll.scrollScreenBottomToTop is PASSED

2022-01-04 09:51:09 - [TEST_STEP][PASSED] - if (tab == "summary"): null

2022-01-04 09:51:09 - [TEST_STEP][PASSED] - else if (tab == "stock"): null

2022-01-04 09:51:09 - [TEST_STEP][PASSED] - else if (tab == "mutualfund"): scroll.scroll.scrollScreenBottomToTop is PASSED

2022-01-04 09:51:09 - [TEST_STEP][PASSED] - tap(PORT_TabMutualFund, 0): Tapped on element 'Object Repository/Mobile/Page/Portfolio/Tab - Mutual Fund'

2022-01-04 09:51:09 - [MESSAGE][WARNING] - Timeout '0' is invalid. Using default page load timeout: '60'

2022-01-04 09:51:10 - [MESSAGE][PASSED] - Tapped on element 'Object Repository/Mobile/Page/Portfolio/Tab - Mutual Fund'

2022-01-04 09:51:10 - [TEST_STEP][PASSED] - delay(1): Delayed 1 second(s)

2022-01-04 09:51:11 - [MESSAGE][PASSED] - Delayed 1 second(s)

2022-01-04 09:51:11 - [TEST_STEP][PASSED] - try: scroll.scroll.scrollScreenBottomToTop is PASSED

2022-01-04 09:51:11 - [TEST_STEP][PASSED] - tapAndHold(PORT_ItemTopMutualFund, 1, 10): Tapped and held on element 'Object Repository/Mobile/Page/Portfolio/Item - Top Mutual Fund' with duration 1

2022-01-04 09:51:14 - [MESSAGE][PASSED] - Tapped and held on element 'Object Repository/Mobile/Page/Portfolio/Item - Top Mutual Fund' with duration 1

2022-01-04 09:51:14 - [TEST_STEP][PASSED] - delay(2): Delayed 2 second(s)

2022-01-04 09:51:16 - [MESSAGE][PASSED] - Delayed 2 second(s)

2022-01-04 09:51:16 - [TEST_STEP][PASSED] - switch (action2): null

2022-01-04 09:51:16 - [TEST_STEP][PASSED] - case "3 month":: null

2022-01-04 09:51:16 - [TEST_STEP][PASSED] - tapAndHold(PORT_DETL_Btn3Month, 1, 0): Tapped and held on element 'Object Repository/Mobile/Page/Portfolio/Detail Mutual Funds/Button - 3 Month' with duration 1

2022-01-04 09:51:16 - [MESSAGE][WARNING] - Timeout '0' is invalid. Using default page load timeout: '60'

2022-01-04 09:51:19 - [MESSAGE][PASSED] - Tapped and held on element 'Object Repository/Mobile/Page/Portfolio/Detail Mutual Funds/Button - 3 Month' with duration 1

2022-01-04 09:51:19 - [TEST_STEP][PASSED] - break: null

2022-01-04 09:51:19 - [TEST_STEP][PASSED] - delay(3): Delayed 3 second(s)

2022-01-04 09:51:22 - [MESSAGE][PASSED] - Delayed 3 second(s)

2022-01-04 09:51:22 - [TEST_STEP][PASSED] - scroll.scroll.scrollScreenBottomToTop(): scroll.scroll.scrollScreenBottomToTop is PASSED

2022-01-04 09:51:22 - [MESSAGE][PASSED] - Current device physical height is 1423

2022-01-04 09:51:22 - [MESSAGE][PASSED] - Current device physical width is 720

2022-01-04 09:51:24 - [MESSAGE][PASSED] - Swiped from 360,1,138 to 360,284

2022-01-04 09:51:24 - [MESSAGE][PASSED] - scroll.scroll.scrollScreenBottomToTop is PASSED

2022-01-04 09:51:24 - [MESSAGE][PASSED] - Call Test Case 'Test Cases/Mobile/Page/Portfolio/Portfolio' successfully

2022-01-04 09:51:24 - [TEST_STEP][PASSED] - callTestCase(findTestCase("Mobile/Page/Run App/Terminate App"), [:], STOP_ON_FAILURE): Call Test Case 'Test Cases/Mobile/Page/Run App/Terminate App' successfully

2022-01-04 09:51:24 - [TEST_CASE][PASSED] - Test Cases/Mobile/Page/Run App/Terminate App: Test Cases/Mobile/Page/Run App/Terminate App

2022-01-04 09:51:24 - [TEST_STEP][PASSED] - startApp.OpenApp.terminateApplication(): startApp.OpenApp.terminateApplication is PASSED

2022-01-04 09:51:27 - [MESSAGE][PASSED] - Delayed 3 second(s)

2022-01-04 09:51:27 - [MESSAGE][PASSED] - Current device physical width is 720

2022-01-04 09:51:27 - [MESSAGE][PASSED] - Current device physical height is 1423

2022-01-04 09:51:29 - [MESSAGE][PASSED] - Swiped from 360,853 to 360,142

2022-01-04 09:51:30 - [MESSAGE][PASSED] - Delayed 1 second(s)

2022-01-04 09:51:31 - [MESSAGE][PASSED] - Swiped from 360,853 to 360,142

2022-01-04 09:51:34 - [MESSAGE][PASSED] - Delayed 3 second(s)

2022-01-04 09:51:34 - [MESSAGE][PASSED] - startApp.OpenApp.terminateApplication is PASSED

2022-01-04 09:51:34 - [MESSAGE][PASSED] - Call Test Case 'Test Cases/Mobile/Page/Run App/Terminate App' successfully]]></system-out>
         <system-err><![CDATA[]]></system-err>
      </testcase>
      <testcase name="Test Cases/Mobile/Scenario/Portfolio/015 - Melihat detail mutual fund 6 month" time="73.509" classname="Test Cases/Mobile/Scenario/Portfolio/015 - Melihat detail mutual fund 6 month" status="PASSED">
         <system-out><![CDATA[2022-01-04 09:51:34 - [TEST_CASE][PASSED] - Test Cases/Mobile/Scenario/Portfolio/015 - Melihat detail mutual fund 6 month: Test Cases/Mobile/Scenario/Portfolio/015 - Melihat detail mutual fund 6 month

2022-01-04 09:51:34 - [TEST_STEP][PASSED] - callTestCase(findTestCase("Mobile/Page/Run App/Run App byID"), [:], STOP_ON_FAILURE): Call Test Case 'Test Cases/Mobile/Page/Run App/Run App byID' successfully

2022-01-04 09:51:34 - [TEST_CASE][PASSED] - Test Cases/Mobile/Page/Run App/Run App byID: Test Cases/Mobile/Page/Run App/Run App byID

2022-01-04 09:51:34 - [TEST_STEP][PASSED] - startApp.OpenApp.startApplication("id.co.miraeasset.sageclub"): startApp.OpenApp.startApplication is PASSED

2022-01-04 09:51:50 - [MESSAGE][PASSED] - Starting app with application ID: 'id.co.miraeasset.sageclub'

2022-01-04 09:51:50 - [MESSAGE][PASSED] - startApp.OpenApp.startApplication is PASSED

2022-01-04 09:51:50 - [MESSAGE][PASSED] - Call Test Case 'Test Cases/Mobile/Page/Run App/Run App byID' successfully

2022-01-04 09:51:50 - [TEST_STEP][PASSED] - callTestCase(findTestCase("Mobile/Page/Portfolio/Portfolio"), ["tab":"mutualfund", "action2":"6 month"], CONTINUE_ON_FAILURE): Call Test Case 'Test Cases/Mobile/Page/Portfolio/Portfolio' successfully

2022-01-04 09:51:50 - [TEST_CASE][PASSED] - Test Cases/Mobile/Page/Portfolio/Portfolio: Test Cases/Mobile/Page/Portfolio/Portfolio

2022-01-04 09:51:51 - [TEST_STEP][PASSED] - callTestCase(findTestCase("Mobile/Page/CheckLogin"), [:], CONTINUE_ON_FAILURE): Call Test Case 'Test Cases/Mobile/Page/CheckLogin' successfully

2022-01-04 09:51:51 - [TEST_CASE][PASSED] - Test Cases/Mobile/Page/CheckLogin: Test Cases/Mobile/Page/CheckLogin

2022-01-04 09:51:51 - [TEST_STEP][PASSED] - loginCheck = verifyElementExist(LOGN_BtnLogin, 5, CONTINUE_ON_FAILURE): Element 'Object Repository/Mobile/Page/Login/Button - Login' is exist

2022-01-04 09:51:52 - [MESSAGE][PASSED] - Element 'Object Repository/Mobile/Page/Login/Button - Login' is exist

2022-01-04 09:51:52 - [TEST_STEP][PASSED] - if (loginCheck): Call Test Case 'Test Cases/Mobile/Page/Login/Login' successfully

2022-01-04 09:51:52 - [TEST_STEP][PASSED] - callTestCase(findTestCase("Mobile/Page/Login/Login"), ["action":"username"], CONTINUE_ON_FAILURE): Call Test Case 'Test Cases/Mobile/Page/Login/Login' successfully

2022-01-04 09:51:52 - [TEST_CASE][PASSED] - Test Cases/Mobile/Page/Login/Login: Test Cases/Mobile/Page/Login/Login

2022-01-04 09:51:52 - [TEST_STEP][PASSED] - delay(2): Delayed 2 second(s)

2022-01-04 09:51:54 - [MESSAGE][PASSED] - Delayed 2 second(s)

2022-01-04 09:51:54 - [TEST_STEP][PASSED] - for ([i = 0, i < 1, (i++)]): null

2022-01-04 09:51:54 - [TEST_STEP][PASSED] - if (action == "username"): null

2022-01-04 09:51:54 - [TEST_STEP][PASSED] - tap(LOGN_EdtUserID, 0): Tapped on element 'Object Repository/Mobile/Page/Login/Input - UserID'

2022-01-04 09:51:54 - [MESSAGE][WARNING] - Timeout '0' is invalid. Using default page load timeout: '60'

2022-01-04 09:51:55 - [MESSAGE][PASSED] - Tapped on element 'Object Repository/Mobile/Page/Login/Input - UserID'

2022-01-04 09:51:55 - [TEST_STEP][PASSED] - delay(1): Delayed 1 second(s)

2022-01-04 09:51:56 - [MESSAGE][PASSED] - Delayed 1 second(s)

2022-01-04 09:51:56 - [TEST_STEP][PASSED] - setText(LOGN_EdtRdyUserID, "anggaaditya", 0): Text 'anggaaditya' has been set to element 'Object Repository/Mobile/Page/Login/Input Rdy - UserID'

2022-01-04 09:51:56 - [MESSAGE][WARNING] - Timeout '0' is invalid. Using default page load timeout: '60'

2022-01-04 09:51:57 - [MESSAGE][PASSED] - Text 'anggaaditya' has been set to element 'Object Repository/Mobile/Page/Login/Input Rdy - UserID'

2022-01-04 09:51:57 - [TEST_STEP][PASSED] - delay(1): Delayed 1 second(s)

2022-01-04 09:51:58 - [MESSAGE][PASSED] - Delayed 1 second(s)

2022-01-04 09:51:58 - [TEST_STEP][PASSED] - hideKeyboard(): Keyboard is hidden

2022-01-04 09:52:05 - [MESSAGE][PASSED] - Keyboard is hidden

2022-01-04 09:52:05 - [TEST_STEP][PASSED] - tap(LOGN_EdtPassword, 0): Tapped on element 'Object Repository/Mobile/Page/Login/Input - Password'

2022-01-04 09:52:05 - [MESSAGE][WARNING] - Timeout '0' is invalid. Using default page load timeout: '60'

2022-01-04 09:52:06 - [MESSAGE][PASSED] - Tapped on element 'Object Repository/Mobile/Page/Login/Input - Password'

2022-01-04 09:52:06 - [TEST_STEP][PASSED] - delay(1): Delayed 1 second(s)

2022-01-04 09:52:07 - [MESSAGE][PASSED] - Delayed 1 second(s)

2022-01-04 09:52:07 - [TEST_STEP][PASSED] - setText(LOGN_EdtRdyPassword, "Shalawa18", 0): Text 'Shalawa18' has been set to element 'Object Repository/Mobile/Page/Login/Input Rdy - Password'

2022-01-04 09:52:07 - [MESSAGE][WARNING] - Timeout '0' is invalid. Using default page load timeout: '60'

2022-01-04 09:52:08 - [MESSAGE][PASSED] - Text 'Shalawa18' has been set to element 'Object Repository/Mobile/Page/Login/Input Rdy - Password'

2022-01-04 09:52:08 - [TEST_STEP][PASSED] - delay(1): Delayed 1 second(s)

2022-01-04 09:52:09 - [MESSAGE][PASSED] - Delayed 1 second(s)

2022-01-04 09:52:09 - [TEST_STEP][PASSED] - hideKeyboard(): Keyboard is hidden

2022-01-04 09:52:17 - [MESSAGE][PASSED] - Keyboard is hidden

2022-01-04 09:52:17 - [TEST_STEP][PASSED] - tap(LOGN_BtnLogin, 0): Tapped on element 'Object Repository/Mobile/Page/Login/Button - Login'

2022-01-04 09:52:17 - [MESSAGE][WARNING] - Timeout '0' is invalid. Using default page load timeout: '60'

2022-01-04 09:52:18 - [MESSAGE][PASSED] - Tapped on element 'Object Repository/Mobile/Page/Login/Button - Login'

2022-01-04 09:52:18 - [TEST_STEP][PASSED] - delay(2): Delayed 2 second(s)

2022-01-04 09:52:20 - [MESSAGE][PASSED] - Delayed 2 second(s)

2022-01-04 09:52:20 - [TEST_STEP][PASSED] - break: null

2022-01-04 09:52:20 - [MESSAGE][PASSED] - Call Test Case 'Test Cases/Mobile/Page/Login/Login' successfully

2022-01-04 09:52:20 - [MESSAGE][PASSED] - Call Test Case 'Test Cases/Mobile/Page/CheckLogin' successfully

2022-01-04 09:52:20 - [TEST_STEP][PASSED] - tap(HOME_MenubarPortfolio, 0): Tapped on element 'Object Repository/Mobile/Page/Home/Menubar - Portfolio'

2022-01-04 09:52:20 - [MESSAGE][WARNING] - Timeout '0' is invalid. Using default page load timeout: '60'

2022-01-04 09:52:22 - [MESSAGE][PASSED] - Tapped on element 'Object Repository/Mobile/Page/Home/Menubar - Portfolio'

2022-01-04 09:52:22 - [TEST_STEP][PASSED] - delay(1): Delayed 1 second(s)

2022-01-04 09:52:23 - [MESSAGE][PASSED] - Delayed 1 second(s)

2022-01-04 09:52:23 - [TEST_STEP][PASSED] - for ([i = 0, i < 1, (i++)]): scroll.scroll.scrollScreenBottomToTop is PASSED

2022-01-04 09:52:23 - [TEST_STEP][PASSED] - if (tab == "summary"): null

2022-01-04 09:52:23 - [TEST_STEP][PASSED] - else if (tab == "stock"): null

2022-01-04 09:52:23 - [TEST_STEP][PASSED] - else if (tab == "mutualfund"): scroll.scroll.scrollScreenBottomToTop is PASSED

2022-01-04 09:52:23 - [TEST_STEP][PASSED] - tap(PORT_TabMutualFund, 0): Tapped on element 'Object Repository/Mobile/Page/Portfolio/Tab - Mutual Fund'

2022-01-04 09:52:23 - [MESSAGE][WARNING] - Timeout '0' is invalid. Using default page load timeout: '60'

2022-01-04 09:52:23 - [MESSAGE][PASSED] - Tapped on element 'Object Repository/Mobile/Page/Portfolio/Tab - Mutual Fund'

2022-01-04 09:52:23 - [TEST_STEP][PASSED] - delay(1): Delayed 1 second(s)

2022-01-04 09:52:24 - [MESSAGE][PASSED] - Delayed 1 second(s)

2022-01-04 09:52:24 - [TEST_STEP][PASSED] - try: scroll.scroll.scrollScreenBottomToTop is PASSED

2022-01-04 09:52:24 - [TEST_STEP][PASSED] - tapAndHold(PORT_ItemTopMutualFund, 1, 10): Tapped and held on element 'Object Repository/Mobile/Page/Portfolio/Item - Top Mutual Fund' with duration 1

2022-01-04 09:52:27 - [MESSAGE][PASSED] - Tapped and held on element 'Object Repository/Mobile/Page/Portfolio/Item - Top Mutual Fund' with duration 1

2022-01-04 09:52:27 - [TEST_STEP][PASSED] - delay(2): Delayed 2 second(s)

2022-01-04 09:52:29 - [MESSAGE][PASSED] - Delayed 2 second(s)

2022-01-04 09:52:29 - [TEST_STEP][PASSED] - switch (action2): null

2022-01-04 09:52:29 - [TEST_STEP][PASSED] - case "6 month":: null

2022-01-04 09:52:29 - [TEST_STEP][PASSED] - tapAndHold(PORT_DETL_Btn6Month, 1, 0): Tapped and held on element 'Object Repository/Mobile/Page/Portfolio/Detail Mutual Funds/Button - 6 Month' with duration 1

2022-01-04 09:52:29 - [MESSAGE][WARNING] - Timeout '0' is invalid. Using default page load timeout: '60'

2022-01-04 09:52:32 - [MESSAGE][PASSED] - Tapped and held on element 'Object Repository/Mobile/Page/Portfolio/Detail Mutual Funds/Button - 6 Month' with duration 1

2022-01-04 09:52:32 - [TEST_STEP][PASSED] - break: null

2022-01-04 09:52:32 - [TEST_STEP][PASSED] - delay(3): Delayed 3 second(s)

2022-01-04 09:52:35 - [MESSAGE][PASSED] - Delayed 3 second(s)

2022-01-04 09:52:35 - [TEST_STEP][PASSED] - scroll.scroll.scrollScreenBottomToTop(): scroll.scroll.scrollScreenBottomToTop is PASSED

2022-01-04 09:52:36 - [MESSAGE][PASSED] - Current device physical height is 1423

2022-01-04 09:52:36 - [MESSAGE][PASSED] - Current device physical width is 720

2022-01-04 09:52:37 - [MESSAGE][PASSED] - Swiped from 360,1,138 to 360,284

2022-01-04 09:52:37 - [MESSAGE][PASSED] - scroll.scroll.scrollScreenBottomToTop is PASSED

2022-01-04 09:52:37 - [MESSAGE][PASSED] - Call Test Case 'Test Cases/Mobile/Page/Portfolio/Portfolio' successfully

2022-01-04 09:52:37 - [TEST_STEP][PASSED] - callTestCase(findTestCase("Mobile/Page/Run App/Terminate App"), [:], STOP_ON_FAILURE): Call Test Case 'Test Cases/Mobile/Page/Run App/Terminate App' successfully

2022-01-04 09:52:37 - [TEST_CASE][PASSED] - Test Cases/Mobile/Page/Run App/Terminate App: Test Cases/Mobile/Page/Run App/Terminate App

2022-01-04 09:52:37 - [TEST_STEP][PASSED] - startApp.OpenApp.terminateApplication(): startApp.OpenApp.terminateApplication is PASSED

2022-01-04 09:52:40 - [MESSAGE][PASSED] - Delayed 3 second(s)

2022-01-04 09:52:41 - [MESSAGE][PASSED] - Current device physical width is 720

2022-01-04 09:52:41 - [MESSAGE][PASSED] - Current device physical height is 1423

2022-01-04 09:52:42 - [MESSAGE][PASSED] - Swiped from 360,853 to 360,142

2022-01-04 09:52:43 - [MESSAGE][PASSED] - Delayed 1 second(s)

2022-01-04 09:52:45 - [MESSAGE][PASSED] - Swiped from 360,853 to 360,142

2022-01-04 09:52:48 - [MESSAGE][PASSED] - Delayed 3 second(s)

2022-01-04 09:52:48 - [MESSAGE][PASSED] - startApp.OpenApp.terminateApplication is PASSED

2022-01-04 09:52:48 - [MESSAGE][PASSED] - Call Test Case 'Test Cases/Mobile/Page/Run App/Terminate App' successfully]]></system-out>
         <system-err><![CDATA[]]></system-err>
      </testcase>
      <testcase name="Test Cases/Mobile/Scenario/Portfolio/016 - Melihat detail mutual fund 1 year" time="72.235" classname="Test Cases/Mobile/Scenario/Portfolio/016 - Melihat detail mutual fund 1 year" status="PASSED">
         <system-out><![CDATA[2022-01-04 09:52:48 - [TEST_CASE][PASSED] - Test Cases/Mobile/Scenario/Portfolio/016 - Melihat detail mutual fund 1 year: Test Cases/Mobile/Scenario/Portfolio/016 - Melihat detail mutual fund 1 year

2022-01-04 09:52:48 - [TEST_STEP][PASSED] - callTestCase(findTestCase("Mobile/Page/Run App/Run App byID"), [:], STOP_ON_FAILURE): Call Test Case 'Test Cases/Mobile/Page/Run App/Run App byID' successfully

2022-01-04 09:52:48 - [TEST_CASE][PASSED] - Test Cases/Mobile/Page/Run App/Run App byID: Test Cases/Mobile/Page/Run App/Run App byID

2022-01-04 09:52:48 - [TEST_STEP][PASSED] - startApp.OpenApp.startApplication("id.co.miraeasset.sageclub"): startApp.OpenApp.startApplication is PASSED

2022-01-04 09:53:05 - [MESSAGE][PASSED] - Starting app with application ID: 'id.co.miraeasset.sageclub'

2022-01-04 09:53:05 - [MESSAGE][PASSED] - startApp.OpenApp.startApplication is PASSED

2022-01-04 09:53:05 - [MESSAGE][PASSED] - Call Test Case 'Test Cases/Mobile/Page/Run App/Run App byID' successfully

2022-01-04 09:53:05 - [TEST_STEP][PASSED] - callTestCase(findTestCase("Mobile/Page/Portfolio/Portfolio"), ["tab":"mutualfund", "action2":"1 year"], CONTINUE_ON_FAILURE): Call Test Case 'Test Cases/Mobile/Page/Portfolio/Portfolio' successfully

2022-01-04 09:53:05 - [TEST_CASE][PASSED] - Test Cases/Mobile/Page/Portfolio/Portfolio: Test Cases/Mobile/Page/Portfolio/Portfolio

2022-01-04 09:53:05 - [TEST_STEP][PASSED] - callTestCase(findTestCase("Mobile/Page/CheckLogin"), [:], CONTINUE_ON_FAILURE): Call Test Case 'Test Cases/Mobile/Page/CheckLogin' successfully

2022-01-04 09:53:05 - [TEST_CASE][PASSED] - Test Cases/Mobile/Page/CheckLogin: Test Cases/Mobile/Page/CheckLogin

2022-01-04 09:53:05 - [TEST_STEP][PASSED] - loginCheck = verifyElementExist(LOGN_BtnLogin, 5, CONTINUE_ON_FAILURE): Element 'Object Repository/Mobile/Page/Login/Button - Login' is exist

2022-01-04 09:53:07 - [MESSAGE][PASSED] - Element 'Object Repository/Mobile/Page/Login/Button - Login' is exist

2022-01-04 09:53:07 - [TEST_STEP][PASSED] - if (loginCheck): Call Test Case 'Test Cases/Mobile/Page/Login/Login' successfully

2022-01-04 09:53:07 - [TEST_STEP][PASSED] - callTestCase(findTestCase("Mobile/Page/Login/Login"), ["action":"username"], CONTINUE_ON_FAILURE): Call Test Case 'Test Cases/Mobile/Page/Login/Login' successfully

2022-01-04 09:53:07 - [TEST_CASE][PASSED] - Test Cases/Mobile/Page/Login/Login: Test Cases/Mobile/Page/Login/Login

2022-01-04 09:53:07 - [TEST_STEP][PASSED] - delay(2): Delayed 2 second(s)

2022-01-04 09:53:09 - [MESSAGE][PASSED] - Delayed 2 second(s)

2022-01-04 09:53:09 - [TEST_STEP][PASSED] - for ([i = 0, i < 1, (i++)]): null

2022-01-04 09:53:09 - [TEST_STEP][PASSED] - if (action == "username"): null

2022-01-04 09:53:09 - [TEST_STEP][PASSED] - tap(LOGN_EdtUserID, 0): Tapped on element 'Object Repository/Mobile/Page/Login/Input - UserID'

2022-01-04 09:53:09 - [MESSAGE][WARNING] - Timeout '0' is invalid. Using default page load timeout: '60'

2022-01-04 09:53:09 - [MESSAGE][PASSED] - Tapped on element 'Object Repository/Mobile/Page/Login/Input - UserID'

2022-01-04 09:53:09 - [TEST_STEP][PASSED] - delay(1): Delayed 1 second(s)

2022-01-04 09:53:10 - [MESSAGE][PASSED] - Delayed 1 second(s)

2022-01-04 09:53:10 - [TEST_STEP][PASSED] - setText(LOGN_EdtRdyUserID, "anggaaditya", 0): Text 'anggaaditya' has been set to element 'Object Repository/Mobile/Page/Login/Input Rdy - UserID'

2022-01-04 09:53:10 - [MESSAGE][WARNING] - Timeout '0' is invalid. Using default page load timeout: '60'

2022-01-04 09:53:11 - [MESSAGE][PASSED] - Text 'anggaaditya' has been set to element 'Object Repository/Mobile/Page/Login/Input Rdy - UserID'

2022-01-04 09:53:11 - [TEST_STEP][PASSED] - delay(1): Delayed 1 second(s)

2022-01-04 09:53:12 - [MESSAGE][PASSED] - Delayed 1 second(s)

2022-01-04 09:53:12 - [TEST_STEP][PASSED] - hideKeyboard(): Keyboard is hidden

2022-01-04 09:53:20 - [MESSAGE][PASSED] - Keyboard is hidden

2022-01-04 09:53:20 - [TEST_STEP][PASSED] - tap(LOGN_EdtPassword, 0): Tapped on element 'Object Repository/Mobile/Page/Login/Input - Password'

2022-01-04 09:53:20 - [MESSAGE][WARNING] - Timeout '0' is invalid. Using default page load timeout: '60'

2022-01-04 09:53:20 - [MESSAGE][PASSED] - Tapped on element 'Object Repository/Mobile/Page/Login/Input - Password'

2022-01-04 09:53:20 - [TEST_STEP][PASSED] - delay(1): Delayed 1 second(s)

2022-01-04 09:53:21 - [MESSAGE][PASSED] - Delayed 1 second(s)

2022-01-04 09:53:21 - [TEST_STEP][PASSED] - setText(LOGN_EdtRdyPassword, "Shalawa18", 0): Text 'Shalawa18' has been set to element 'Object Repository/Mobile/Page/Login/Input Rdy - Password'

2022-01-04 09:53:21 - [MESSAGE][WARNING] - Timeout '0' is invalid. Using default page load timeout: '60'

2022-01-04 09:53:22 - [MESSAGE][PASSED] - Text 'Shalawa18' has been set to element 'Object Repository/Mobile/Page/Login/Input Rdy - Password'

2022-01-04 09:53:22 - [TEST_STEP][PASSED] - delay(1): Delayed 1 second(s)

2022-01-04 09:53:23 - [MESSAGE][PASSED] - Delayed 1 second(s)

2022-01-04 09:53:23 - [TEST_STEP][PASSED] - hideKeyboard(): Keyboard is hidden

2022-01-04 09:53:30 - [MESSAGE][PASSED] - Keyboard is hidden

2022-01-04 09:53:30 - [TEST_STEP][PASSED] - tap(LOGN_BtnLogin, 0): Tapped on element 'Object Repository/Mobile/Page/Login/Button - Login'

2022-01-04 09:53:30 - [MESSAGE][WARNING] - Timeout '0' is invalid. Using default page load timeout: '60'

2022-01-04 09:53:30 - [MESSAGE][PASSED] - Tapped on element 'Object Repository/Mobile/Page/Login/Button - Login'

2022-01-04 09:53:30 - [TEST_STEP][PASSED] - delay(2): Delayed 2 second(s)

2022-01-04 09:53:32 - [MESSAGE][PASSED] - Delayed 2 second(s)

2022-01-04 09:53:32 - [TEST_STEP][PASSED] - break: null

2022-01-04 09:53:32 - [MESSAGE][PASSED] - Call Test Case 'Test Cases/Mobile/Page/Login/Login' successfully

2022-01-04 09:53:32 - [MESSAGE][PASSED] - Call Test Case 'Test Cases/Mobile/Page/CheckLogin' successfully

2022-01-04 09:53:32 - [TEST_STEP][PASSED] - tap(HOME_MenubarPortfolio, 0): Tapped on element 'Object Repository/Mobile/Page/Home/Menubar - Portfolio'

2022-01-04 09:53:32 - [MESSAGE][WARNING] - Timeout '0' is invalid. Using default page load timeout: '60'

2022-01-04 09:53:34 - [MESSAGE][PASSED] - Tapped on element 'Object Repository/Mobile/Page/Home/Menubar - Portfolio'

2022-01-04 09:53:34 - [TEST_STEP][PASSED] - delay(1): Delayed 1 second(s)

2022-01-04 09:53:35 - [MESSAGE][PASSED] - Delayed 1 second(s)

2022-01-04 09:53:35 - [TEST_STEP][PASSED] - for ([i = 0, i < 1, (i++)]): scroll.scroll.scrollScreenBottomToTop is PASSED

2022-01-04 09:53:35 - [TEST_STEP][PASSED] - if (tab == "summary"): null

2022-01-04 09:53:35 - [TEST_STEP][PASSED] - else if (tab == "stock"): null

2022-01-04 09:53:35 - [TEST_STEP][PASSED] - else if (tab == "mutualfund"): scroll.scroll.scrollScreenBottomToTop is PASSED

2022-01-04 09:53:35 - [TEST_STEP][PASSED] - tap(PORT_TabMutualFund, 0): Tapped on element 'Object Repository/Mobile/Page/Portfolio/Tab - Mutual Fund'

2022-01-04 09:53:35 - [MESSAGE][WARNING] - Timeout '0' is invalid. Using default page load timeout: '60'

2022-01-04 09:53:36 - [MESSAGE][PASSED] - Tapped on element 'Object Repository/Mobile/Page/Portfolio/Tab - Mutual Fund'

2022-01-04 09:53:36 - [TEST_STEP][PASSED] - delay(1): Delayed 1 second(s)

2022-01-04 09:53:37 - [MESSAGE][PASSED] - Delayed 1 second(s)

2022-01-04 09:53:37 - [TEST_STEP][PASSED] - try: scroll.scroll.scrollScreenBottomToTop is PASSED

2022-01-04 09:53:37 - [TEST_STEP][PASSED] - tapAndHold(PORT_ItemTopMutualFund, 1, 10): Tapped and held on element 'Object Repository/Mobile/Page/Portfolio/Item - Top Mutual Fund' with duration 1

2022-01-04 09:53:40 - [MESSAGE][PASSED] - Tapped and held on element 'Object Repository/Mobile/Page/Portfolio/Item - Top Mutual Fund' with duration 1

2022-01-04 09:53:40 - [TEST_STEP][PASSED] - delay(2): Delayed 2 second(s)

2022-01-04 09:53:42 - [MESSAGE][PASSED] - Delayed 2 second(s)

2022-01-04 09:53:42 - [TEST_STEP][PASSED] - switch (action2): null

2022-01-04 09:53:42 - [TEST_STEP][PASSED] - case "1 year":: null

2022-01-04 09:53:42 - [TEST_STEP][PASSED] - tapAndHold(PORT_DETL_Btn1Year, 1, 0): Tapped and held on element 'Object Repository/Mobile/Page/Portfolio/Detail Mutual Funds/Button - 1 Year' with duration 1

2022-01-04 09:53:42 - [MESSAGE][WARNING] - Timeout '0' is invalid. Using default page load timeout: '60'

2022-01-04 09:53:45 - [MESSAGE][PASSED] - Tapped and held on element 'Object Repository/Mobile/Page/Portfolio/Detail Mutual Funds/Button - 1 Year' with duration 1

2022-01-04 09:53:45 - [TEST_STEP][PASSED] - break: null

2022-01-04 09:53:45 - [TEST_STEP][PASSED] - delay(3): Delayed 3 second(s)

2022-01-04 09:53:48 - [MESSAGE][PASSED] - Delayed 3 second(s)

2022-01-04 09:53:48 - [TEST_STEP][PASSED] - scroll.scroll.scrollScreenBottomToTop(): scroll.scroll.scrollScreenBottomToTop is PASSED

2022-01-04 09:53:48 - [MESSAGE][PASSED] - Current device physical height is 1423

2022-01-04 09:53:48 - [MESSAGE][PASSED] - Current device physical width is 720

2022-01-04 09:53:49 - [MESSAGE][PASSED] - Swiped from 360,1,138 to 360,284

2022-01-04 09:53:49 - [MESSAGE][PASSED] - scroll.scroll.scrollScreenBottomToTop is PASSED

2022-01-04 09:53:49 - [MESSAGE][PASSED] - Call Test Case 'Test Cases/Mobile/Page/Portfolio/Portfolio' successfully

2022-01-04 09:53:49 - [TEST_STEP][PASSED] - callTestCase(findTestCase("Mobile/Page/Run App/Terminate App"), [:], STOP_ON_FAILURE): Call Test Case 'Test Cases/Mobile/Page/Run App/Terminate App' successfully

2022-01-04 09:53:49 - [TEST_CASE][PASSED] - Test Cases/Mobile/Page/Run App/Terminate App: Test Cases/Mobile/Page/Run App/Terminate App

2022-01-04 09:53:49 - [TEST_STEP][PASSED] - startApp.OpenApp.terminateApplication(): startApp.OpenApp.terminateApplication is PASSED

2022-01-04 09:53:53 - [MESSAGE][PASSED] - Delayed 3 second(s)

2022-01-04 09:53:53 - [MESSAGE][PASSED] - Current device physical width is 720

2022-01-04 09:53:53 - [MESSAGE][PASSED] - Current device physical height is 1423

2022-01-04 09:53:54 - [MESSAGE][PASSED] - Swiped from 360,853 to 360,142

2022-01-04 09:53:55 - [MESSAGE][PASSED] - Delayed 1 second(s)

2022-01-04 09:53:57 - [MESSAGE][PASSED] - Swiped from 360,853 to 360,142

2022-01-04 09:54:00 - [MESSAGE][PASSED] - Delayed 3 second(s)

2022-01-04 09:54:00 - [MESSAGE][PASSED] - startApp.OpenApp.terminateApplication is PASSED

2022-01-04 09:54:00 - [MESSAGE][PASSED] - Call Test Case 'Test Cases/Mobile/Page/Run App/Terminate App' successfully]]></system-out>
         <system-err><![CDATA[]]></system-err>
      </testcase>
      <testcase name="Test Cases/Mobile/Scenario/Portfolio/017 - Melihat detail mutual fund 3 year" time="69.291" classname="Test Cases/Mobile/Scenario/Portfolio/017 - Melihat detail mutual fund 3 year" status="PASSED">
         <system-out><![CDATA[2022-01-04 09:54:00 - [TEST_CASE][PASSED] - Test Cases/Mobile/Scenario/Portfolio/017 - Melihat detail mutual fund 3 year: Test Cases/Mobile/Scenario/Portfolio/017 - Melihat detail mutual fund 3 year

2022-01-04 09:54:00 - [TEST_STEP][PASSED] - callTestCase(findTestCase("Mobile/Page/Run App/Run App byID"), [:], STOP_ON_FAILURE): Call Test Case 'Test Cases/Mobile/Page/Run App/Run App byID' successfully

2022-01-04 09:54:00 - [TEST_CASE][PASSED] - Test Cases/Mobile/Page/Run App/Run App byID: Test Cases/Mobile/Page/Run App/Run App byID

2022-01-04 09:54:00 - [TEST_STEP][PASSED] - startApp.OpenApp.startApplication("id.co.miraeasset.sageclub"): startApp.OpenApp.startApplication is PASSED

2022-01-04 09:54:15 - [MESSAGE][PASSED] - Starting app with application ID: 'id.co.miraeasset.sageclub'

2022-01-04 09:54:15 - [MESSAGE][PASSED] - startApp.OpenApp.startApplication is PASSED

2022-01-04 09:54:15 - [MESSAGE][PASSED] - Call Test Case 'Test Cases/Mobile/Page/Run App/Run App byID' successfully

2022-01-04 09:54:15 - [TEST_STEP][PASSED] - callTestCase(findTestCase("Mobile/Page/Portfolio/Portfolio"), ["tab":"mutualfund", "action2":"3 year"], CONTINUE_ON_FAILURE): Call Test Case 'Test Cases/Mobile/Page/Portfolio/Portfolio' successfully

2022-01-04 09:54:15 - [TEST_CASE][PASSED] - Test Cases/Mobile/Page/Portfolio/Portfolio: Test Cases/Mobile/Page/Portfolio/Portfolio

2022-01-04 09:54:15 - [TEST_STEP][PASSED] - callTestCase(findTestCase("Mobile/Page/CheckLogin"), [:], CONTINUE_ON_FAILURE): Call Test Case 'Test Cases/Mobile/Page/CheckLogin' successfully

2022-01-04 09:54:15 - [TEST_CASE][PASSED] - Test Cases/Mobile/Page/CheckLogin: Test Cases/Mobile/Page/CheckLogin

2022-01-04 09:54:15 - [TEST_STEP][PASSED] - loginCheck = verifyElementExist(LOGN_BtnLogin, 5, CONTINUE_ON_FAILURE): Element 'Object Repository/Mobile/Page/Login/Button - Login' is exist

2022-01-04 09:54:17 - [MESSAGE][PASSED] - Element 'Object Repository/Mobile/Page/Login/Button - Login' is exist

2022-01-04 09:54:17 - [TEST_STEP][PASSED] - if (loginCheck): Call Test Case 'Test Cases/Mobile/Page/Login/Login' successfully

2022-01-04 09:54:17 - [TEST_STEP][PASSED] - callTestCase(findTestCase("Mobile/Page/Login/Login"), ["action":"username"], CONTINUE_ON_FAILURE): Call Test Case 'Test Cases/Mobile/Page/Login/Login' successfully

2022-01-04 09:54:17 - [TEST_CASE][PASSED] - Test Cases/Mobile/Page/Login/Login: Test Cases/Mobile/Page/Login/Login

2022-01-04 09:54:17 - [TEST_STEP][PASSED] - delay(2): Delayed 2 second(s)

2022-01-04 09:54:19 - [MESSAGE][PASSED] - Delayed 2 second(s)

2022-01-04 09:54:19 - [TEST_STEP][PASSED] - for ([i = 0, i < 1, (i++)]): null

2022-01-04 09:54:19 - [TEST_STEP][PASSED] - if (action == "username"): null

2022-01-04 09:54:19 - [TEST_STEP][PASSED] - tap(LOGN_EdtUserID, 0): Tapped on element 'Object Repository/Mobile/Page/Login/Input - UserID'

2022-01-04 09:54:19 - [MESSAGE][WARNING] - Timeout '0' is invalid. Using default page load timeout: '60'

2022-01-04 09:54:19 - [MESSAGE][PASSED] - Tapped on element 'Object Repository/Mobile/Page/Login/Input - UserID'

2022-01-04 09:54:19 - [TEST_STEP][PASSED] - delay(1): Delayed 1 second(s)

2022-01-04 09:54:20 - [MESSAGE][PASSED] - Delayed 1 second(s)

2022-01-04 09:54:20 - [TEST_STEP][PASSED] - setText(LOGN_EdtRdyUserID, "anggaaditya", 0): Text 'anggaaditya' has been set to element 'Object Repository/Mobile/Page/Login/Input Rdy - UserID'

2022-01-04 09:54:20 - [MESSAGE][WARNING] - Timeout '0' is invalid. Using default page load timeout: '60'

2022-01-04 09:54:21 - [MESSAGE][PASSED] - Text 'anggaaditya' has been set to element 'Object Repository/Mobile/Page/Login/Input Rdy - UserID'

2022-01-04 09:54:21 - [TEST_STEP][PASSED] - delay(1): Delayed 1 second(s)

2022-01-04 09:54:22 - [MESSAGE][PASSED] - Delayed 1 second(s)

2022-01-04 09:54:22 - [TEST_STEP][PASSED] - hideKeyboard(): Keyboard is hidden

2022-01-04 09:54:27 - [MESSAGE][PASSED] - Keyboard is hidden

2022-01-04 09:54:27 - [TEST_STEP][PASSED] - tap(LOGN_EdtPassword, 0): Tapped on element 'Object Repository/Mobile/Page/Login/Input - Password'

2022-01-04 09:54:27 - [MESSAGE][WARNING] - Timeout '0' is invalid. Using default page load timeout: '60'

2022-01-04 09:54:28 - [MESSAGE][PASSED] - Tapped on element 'Object Repository/Mobile/Page/Login/Input - Password'

2022-01-04 09:54:28 - [TEST_STEP][PASSED] - delay(1): Delayed 1 second(s)

2022-01-04 09:54:29 - [MESSAGE][PASSED] - Delayed 1 second(s)

2022-01-04 09:54:29 - [TEST_STEP][PASSED] - setText(LOGN_EdtRdyPassword, "Shalawa18", 0): Text 'Shalawa18' has been set to element 'Object Repository/Mobile/Page/Login/Input Rdy - Password'

2022-01-04 09:54:29 - [MESSAGE][WARNING] - Timeout '0' is invalid. Using default page load timeout: '60'

2022-01-04 09:54:30 - [MESSAGE][PASSED] - Text 'Shalawa18' has been set to element 'Object Repository/Mobile/Page/Login/Input Rdy - Password'

2022-01-04 09:54:30 - [TEST_STEP][PASSED] - delay(1): Delayed 1 second(s)

2022-01-04 09:54:31 - [MESSAGE][PASSED] - Delayed 1 second(s)

2022-01-04 09:54:31 - [TEST_STEP][PASSED] - hideKeyboard(): Keyboard is hidden

2022-01-04 09:54:38 - [MESSAGE][PASSED] - Keyboard is hidden

2022-01-04 09:54:38 - [TEST_STEP][PASSED] - tap(LOGN_BtnLogin, 0): Tapped on element 'Object Repository/Mobile/Page/Login/Button - Login'

2022-01-04 09:54:38 - [MESSAGE][WARNING] - Timeout '0' is invalid. Using default page load timeout: '60'

2022-01-04 09:54:39 - [MESSAGE][PASSED] - Tapped on element 'Object Repository/Mobile/Page/Login/Button - Login'

2022-01-04 09:54:39 - [TEST_STEP][PASSED] - delay(2): Delayed 2 second(s)

2022-01-04 09:54:41 - [MESSAGE][PASSED] - Delayed 2 second(s)

2022-01-04 09:54:41 - [TEST_STEP][PASSED] - break: null

2022-01-04 09:54:41 - [MESSAGE][PASSED] - Call Test Case 'Test Cases/Mobile/Page/Login/Login' successfully

2022-01-04 09:54:41 - [MESSAGE][PASSED] - Call Test Case 'Test Cases/Mobile/Page/CheckLogin' successfully

2022-01-04 09:54:41 - [TEST_STEP][PASSED] - tap(HOME_MenubarPortfolio, 0): Tapped on element 'Object Repository/Mobile/Page/Home/Menubar - Portfolio'

2022-01-04 09:54:41 - [MESSAGE][WARNING] - Timeout '0' is invalid. Using default page load timeout: '60'

2022-01-04 09:54:42 - [MESSAGE][PASSED] - Tapped on element 'Object Repository/Mobile/Page/Home/Menubar - Portfolio'

2022-01-04 09:54:42 - [TEST_STEP][PASSED] - delay(1): Delayed 1 second(s)

2022-01-04 09:54:43 - [MESSAGE][PASSED] - Delayed 1 second(s)

2022-01-04 09:54:43 - [TEST_STEP][PASSED] - for ([i = 0, i < 1, (i++)]): scroll.scroll.scrollScreenBottomToTop is PASSED

2022-01-04 09:54:43 - [TEST_STEP][PASSED] - if (tab == "summary"): null

2022-01-04 09:54:43 - [TEST_STEP][PASSED] - else if (tab == "stock"): null

2022-01-04 09:54:43 - [TEST_STEP][PASSED] - else if (tab == "mutualfund"): scroll.scroll.scrollScreenBottomToTop is PASSED

2022-01-04 09:54:43 - [TEST_STEP][PASSED] - tap(PORT_TabMutualFund, 0): Tapped on element 'Object Repository/Mobile/Page/Portfolio/Tab - Mutual Fund'

2022-01-04 09:54:43 - [MESSAGE][WARNING] - Timeout '0' is invalid. Using default page load timeout: '60'

2022-01-04 09:54:45 - [MESSAGE][PASSED] - Tapped on element 'Object Repository/Mobile/Page/Portfolio/Tab - Mutual Fund'

2022-01-04 09:54:45 - [TEST_STEP][PASSED] - delay(1): Delayed 1 second(s)

2022-01-04 09:54:46 - [MESSAGE][PASSED] - Delayed 1 second(s)

2022-01-04 09:54:46 - [TEST_STEP][PASSED] - try: scroll.scroll.scrollScreenBottomToTop is PASSED

2022-01-04 09:54:46 - [TEST_STEP][PASSED] - tapAndHold(PORT_ItemTopMutualFund, 1, 10): Tapped and held on element 'Object Repository/Mobile/Page/Portfolio/Item - Top Mutual Fund' with duration 1

2022-01-04 09:54:49 - [MESSAGE][PASSED] - Tapped and held on element 'Object Repository/Mobile/Page/Portfolio/Item - Top Mutual Fund' with duration 1

2022-01-04 09:54:49 - [TEST_STEP][PASSED] - delay(2): Delayed 2 second(s)

2022-01-04 09:54:51 - [MESSAGE][PASSED] - Delayed 2 second(s)

2022-01-04 09:54:51 - [TEST_STEP][PASSED] - switch (action2): null

2022-01-04 09:54:51 - [TEST_STEP][PASSED] - case "3 year":: null

2022-01-04 09:54:51 - [TEST_STEP][PASSED] - tapAndHold(PORT_DETL_Btn3Year, 1, 0): Tapped and held on element 'Object Repository/Mobile/Page/Portfolio/Detail Mutual Funds/Button - 3 Year' with duration 1

2022-01-04 09:54:51 - [MESSAGE][WARNING] - Timeout '0' is invalid. Using default page load timeout: '60'

2022-01-04 09:54:54 - [MESSAGE][PASSED] - Tapped and held on element 'Object Repository/Mobile/Page/Portfolio/Detail Mutual Funds/Button - 3 Year' with duration 1

2022-01-04 09:54:54 - [TEST_STEP][PASSED] - break: null

2022-01-04 09:54:54 - [TEST_STEP][PASSED] - delay(3): Delayed 3 second(s)

2022-01-04 09:54:57 - [MESSAGE][PASSED] - Delayed 3 second(s)

2022-01-04 09:54:57 - [TEST_STEP][PASSED] - scroll.scroll.scrollScreenBottomToTop(): scroll.scroll.scrollScreenBottomToTop is PASSED

2022-01-04 09:54:57 - [MESSAGE][PASSED] - Current device physical height is 1423

2022-01-04 09:54:57 - [MESSAGE][PASSED] - Current device physical width is 720

2022-01-04 09:54:59 - [MESSAGE][PASSED] - Swiped from 360,1,138 to 360,284

2022-01-04 09:54:59 - [MESSAGE][PASSED] - scroll.scroll.scrollScreenBottomToTop is PASSED

2022-01-04 09:54:59 - [MESSAGE][PASSED] - Call Test Case 'Test Cases/Mobile/Page/Portfolio/Portfolio' successfully

2022-01-04 09:54:59 - [TEST_STEP][PASSED] - callTestCase(findTestCase("Mobile/Page/Run App/Terminate App"), [:], STOP_ON_FAILURE): Call Test Case 'Test Cases/Mobile/Page/Run App/Terminate App' successfully

2022-01-04 09:54:59 - [TEST_CASE][PASSED] - Test Cases/Mobile/Page/Run App/Terminate App: Test Cases/Mobile/Page/Run App/Terminate App

2022-01-04 09:54:59 - [TEST_STEP][PASSED] - startApp.OpenApp.terminateApplication(): startApp.OpenApp.terminateApplication is PASSED

2022-01-04 09:55:02 - [MESSAGE][PASSED] - Delayed 3 second(s)

2022-01-04 09:55:02 - [MESSAGE][PASSED] - Current device physical width is 720

2022-01-04 09:55:02 - [MESSAGE][PASSED] - Current device physical height is 1423

2022-01-04 09:55:04 - [MESSAGE][PASSED] - Swiped from 360,853 to 360,142

2022-01-04 09:55:05 - [MESSAGE][PASSED] - Delayed 1 second(s)

2022-01-04 09:55:06 - [MESSAGE][PASSED] - Swiped from 360,853 to 360,142

2022-01-04 09:55:09 - [MESSAGE][PASSED] - Delayed 3 second(s)

2022-01-04 09:55:09 - [MESSAGE][PASSED] - startApp.OpenApp.terminateApplication is PASSED

2022-01-04 09:55:09 - [MESSAGE][PASSED] - Call Test Case 'Test Cases/Mobile/Page/Run App/Terminate App' successfully]]></system-out>
         <system-err><![CDATA[]]></system-err>
      </testcase>
      <testcase name="Test Cases/Mobile/Scenario/Portfolio/018 - Melihat detail mutual fund 5 year" time="68.881" classname="Test Cases/Mobile/Scenario/Portfolio/018 - Melihat detail mutual fund 5 year" status="PASSED">
         <system-out><![CDATA[2022-01-04 09:55:09 - [TEST_CASE][PASSED] - Test Cases/Mobile/Scenario/Portfolio/018 - Melihat detail mutual fund 5 year: Test Cases/Mobile/Scenario/Portfolio/018 - Melihat detail mutual fund 5 year

2022-01-04 09:55:09 - [TEST_STEP][PASSED] - callTestCase(findTestCase("Mobile/Page/Run App/Run App byID"), [:], STOP_ON_FAILURE): Call Test Case 'Test Cases/Mobile/Page/Run App/Run App byID' successfully

2022-01-04 09:55:09 - [TEST_CASE][PASSED] - Test Cases/Mobile/Page/Run App/Run App byID: Test Cases/Mobile/Page/Run App/Run App byID

2022-01-04 09:55:09 - [TEST_STEP][PASSED] - startApp.OpenApp.startApplication("id.co.miraeasset.sageclub"): startApp.OpenApp.startApplication is PASSED

2022-01-04 09:55:25 - [MESSAGE][PASSED] - Starting app with application ID: 'id.co.miraeasset.sageclub'

2022-01-04 09:55:25 - [MESSAGE][PASSED] - startApp.OpenApp.startApplication is PASSED

2022-01-04 09:55:25 - [MESSAGE][PASSED] - Call Test Case 'Test Cases/Mobile/Page/Run App/Run App byID' successfully

2022-01-04 09:55:25 - [TEST_STEP][PASSED] - callTestCase(findTestCase("Mobile/Page/Portfolio/Portfolio"), ["tab":"mutualfund", "action2":"5 year"], CONTINUE_ON_FAILURE): Call Test Case 'Test Cases/Mobile/Page/Portfolio/Portfolio' successfully

2022-01-04 09:55:25 - [TEST_CASE][PASSED] - Test Cases/Mobile/Page/Portfolio/Portfolio: Test Cases/Mobile/Page/Portfolio/Portfolio

2022-01-04 09:55:25 - [TEST_STEP][PASSED] - callTestCase(findTestCase("Mobile/Page/CheckLogin"), [:], CONTINUE_ON_FAILURE): Call Test Case 'Test Cases/Mobile/Page/CheckLogin' successfully

2022-01-04 09:55:25 - [TEST_CASE][PASSED] - Test Cases/Mobile/Page/CheckLogin: Test Cases/Mobile/Page/CheckLogin

2022-01-04 09:55:25 - [TEST_STEP][PASSED] - loginCheck = verifyElementExist(LOGN_BtnLogin, 5, CONTINUE_ON_FAILURE): Element 'Object Repository/Mobile/Page/Login/Button - Login' is exist

2022-01-04 09:55:27 - [MESSAGE][PASSED] - Element 'Object Repository/Mobile/Page/Login/Button - Login' is exist

2022-01-04 09:55:27 - [TEST_STEP][PASSED] - if (loginCheck): Call Test Case 'Test Cases/Mobile/Page/Login/Login' successfully

2022-01-04 09:55:27 - [TEST_STEP][PASSED] - callTestCase(findTestCase("Mobile/Page/Login/Login"), ["action":"username"], CONTINUE_ON_FAILURE): Call Test Case 'Test Cases/Mobile/Page/Login/Login' successfully

2022-01-04 09:55:27 - [TEST_CASE][PASSED] - Test Cases/Mobile/Page/Login/Login: Test Cases/Mobile/Page/Login/Login

2022-01-04 09:55:27 - [TEST_STEP][PASSED] - delay(2): Delayed 2 second(s)

2022-01-04 09:55:29 - [MESSAGE][PASSED] - Delayed 2 second(s)

2022-01-04 09:55:29 - [TEST_STEP][PASSED] - for ([i = 0, i < 1, (i++)]): null

2022-01-04 09:55:29 - [TEST_STEP][PASSED] - if (action == "username"): null

2022-01-04 09:55:29 - [TEST_STEP][PASSED] - tap(LOGN_EdtUserID, 0): Tapped on element 'Object Repository/Mobile/Page/Login/Input - UserID'

2022-01-04 09:55:29 - [MESSAGE][WARNING] - Timeout '0' is invalid. Using default page load timeout: '60'

2022-01-04 09:55:30 - [MESSAGE][PASSED] - Tapped on element 'Object Repository/Mobile/Page/Login/Input - UserID'

2022-01-04 09:55:30 - [TEST_STEP][PASSED] - delay(1): Delayed 1 second(s)

2022-01-04 09:55:31 - [MESSAGE][PASSED] - Delayed 1 second(s)

2022-01-04 09:55:31 - [TEST_STEP][PASSED] - setText(LOGN_EdtRdyUserID, "anggaaditya", 0): Text 'anggaaditya' has been set to element 'Object Repository/Mobile/Page/Login/Input Rdy - UserID'

2022-01-04 09:55:31 - [MESSAGE][WARNING] - Timeout '0' is invalid. Using default page load timeout: '60'

2022-01-04 09:55:31 - [MESSAGE][PASSED] - Text 'anggaaditya' has been set to element 'Object Repository/Mobile/Page/Login/Input Rdy - UserID'

2022-01-04 09:55:31 - [TEST_STEP][PASSED] - delay(1): Delayed 1 second(s)

2022-01-04 09:55:32 - [MESSAGE][PASSED] - Delayed 1 second(s)

2022-01-04 09:55:32 - [TEST_STEP][PASSED] - hideKeyboard(): Keyboard is hidden

2022-01-04 09:55:38 - [MESSAGE][PASSED] - Keyboard is hidden

2022-01-04 09:55:38 - [TEST_STEP][PASSED] - tap(LOGN_EdtPassword, 0): Tapped on element 'Object Repository/Mobile/Page/Login/Input - Password'

2022-01-04 09:55:38 - [MESSAGE][WARNING] - Timeout '0' is invalid. Using default page load timeout: '60'

2022-01-04 09:55:38 - [MESSAGE][PASSED] - Tapped on element 'Object Repository/Mobile/Page/Login/Input - Password'

2022-01-04 09:55:38 - [TEST_STEP][PASSED] - delay(1): Delayed 1 second(s)

2022-01-04 09:55:39 - [MESSAGE][PASSED] - Delayed 1 second(s)

2022-01-04 09:55:39 - [TEST_STEP][PASSED] - setText(LOGN_EdtRdyPassword, "Shalawa18", 0): Text 'Shalawa18' has been set to element 'Object Repository/Mobile/Page/Login/Input Rdy - Password'

2022-01-04 09:55:39 - [MESSAGE][WARNING] - Timeout '0' is invalid. Using default page load timeout: '60'

2022-01-04 09:55:40 - [MESSAGE][PASSED] - Text 'Shalawa18' has been set to element 'Object Repository/Mobile/Page/Login/Input Rdy - Password'

2022-01-04 09:55:40 - [TEST_STEP][PASSED] - delay(1): Delayed 1 second(s)

2022-01-04 09:55:41 - [MESSAGE][PASSED] - Delayed 1 second(s)

2022-01-04 09:55:41 - [TEST_STEP][PASSED] - hideKeyboard(): Keyboard is hidden

2022-01-04 09:55:47 - [MESSAGE][PASSED] - Keyboard is hidden

2022-01-04 09:55:47 - [TEST_STEP][PASSED] - tap(LOGN_BtnLogin, 0): Tapped on element 'Object Repository/Mobile/Page/Login/Button - Login'

2022-01-04 09:55:47 - [MESSAGE][WARNING] - Timeout '0' is invalid. Using default page load timeout: '60'

2022-01-04 09:55:48 - [MESSAGE][PASSED] - Tapped on element 'Object Repository/Mobile/Page/Login/Button - Login'

2022-01-04 09:55:48 - [TEST_STEP][PASSED] - delay(2): Delayed 2 second(s)

2022-01-04 09:55:50 - [MESSAGE][PASSED] - Delayed 2 second(s)

2022-01-04 09:55:50 - [TEST_STEP][PASSED] - break: null

2022-01-04 09:55:50 - [MESSAGE][PASSED] - Call Test Case 'Test Cases/Mobile/Page/Login/Login' successfully

2022-01-04 09:55:50 - [MESSAGE][PASSED] - Call Test Case 'Test Cases/Mobile/Page/CheckLogin' successfully

2022-01-04 09:55:50 - [TEST_STEP][PASSED] - tap(HOME_MenubarPortfolio, 0): Tapped on element 'Object Repository/Mobile/Page/Home/Menubar - Portfolio'

2022-01-04 09:55:50 - [MESSAGE][WARNING] - Timeout '0' is invalid. Using default page load timeout: '60'

2022-01-04 09:55:52 - [MESSAGE][PASSED] - Tapped on element 'Object Repository/Mobile/Page/Home/Menubar - Portfolio'

2022-01-04 09:55:52 - [TEST_STEP][PASSED] - delay(1): Delayed 1 second(s)

2022-01-04 09:55:53 - [MESSAGE][PASSED] - Delayed 1 second(s)

2022-01-04 09:55:53 - [TEST_STEP][PASSED] - for ([i = 0, i < 1, (i++)]): scroll.scroll.scrollScreenBottomToTop is PASSED

2022-01-04 09:55:53 - [TEST_STEP][PASSED] - if (tab == "summary"): null

2022-01-04 09:55:53 - [TEST_STEP][PASSED] - else if (tab == "stock"): null

2022-01-04 09:55:53 - [TEST_STEP][PASSED] - else if (tab == "mutualfund"): scroll.scroll.scrollScreenBottomToTop is PASSED

2022-01-04 09:55:53 - [TEST_STEP][PASSED] - tap(PORT_TabMutualFund, 0): Tapped on element 'Object Repository/Mobile/Page/Portfolio/Tab - Mutual Fund'

2022-01-04 09:55:53 - [MESSAGE][WARNING] - Timeout '0' is invalid. Using default page load timeout: '60'

2022-01-04 09:55:54 - [MESSAGE][PASSED] - Tapped on element 'Object Repository/Mobile/Page/Portfolio/Tab - Mutual Fund'

2022-01-04 09:55:54 - [TEST_STEP][PASSED] - delay(1): Delayed 1 second(s)

2022-01-04 09:55:55 - [MESSAGE][PASSED] - Delayed 1 second(s)

2022-01-04 09:55:55 - [TEST_STEP][PASSED] - try: scroll.scroll.scrollScreenBottomToTop is PASSED

2022-01-04 09:55:55 - [TEST_STEP][PASSED] - tapAndHold(PORT_ItemTopMutualFund, 1, 10): Tapped and held on element 'Object Repository/Mobile/Page/Portfolio/Item - Top Mutual Fund' with duration 1

2022-01-04 09:55:58 - [MESSAGE][PASSED] - Tapped and held on element 'Object Repository/Mobile/Page/Portfolio/Item - Top Mutual Fund' with duration 1

2022-01-04 09:55:58 - [TEST_STEP][PASSED] - delay(2): Delayed 2 second(s)

2022-01-04 09:56:00 - [MESSAGE][PASSED] - Delayed 2 second(s)

2022-01-04 09:56:00 - [TEST_STEP][PASSED] - switch (action2): null

2022-01-04 09:56:00 - [TEST_STEP][PASSED] - case "5 year":: null

2022-01-04 09:56:00 - [TEST_STEP][PASSED] - tapAndHold(PORT_DETL_Btn5Year, 1, 0): Tapped and held on element 'Object Repository/Mobile/Page/Portfolio/Detail Mutual Funds/Button - 5 Year' with duration 1

2022-01-04 09:56:00 - [MESSAGE][WARNING] - Timeout '0' is invalid. Using default page load timeout: '60'

2022-01-04 09:56:03 - [MESSAGE][PASSED] - Tapped and held on element 'Object Repository/Mobile/Page/Portfolio/Detail Mutual Funds/Button - 5 Year' with duration 1

2022-01-04 09:56:03 - [TEST_STEP][PASSED] - break: null

2022-01-04 09:56:03 - [TEST_STEP][PASSED] - delay(3): Delayed 3 second(s)

2022-01-04 09:56:06 - [MESSAGE][PASSED] - Delayed 3 second(s)

2022-01-04 09:56:06 - [TEST_STEP][PASSED] - scroll.scroll.scrollScreenBottomToTop(): scroll.scroll.scrollScreenBottomToTop is PASSED

2022-01-04 09:56:06 - [MESSAGE][PASSED] - Current device physical height is 1423

2022-01-04 09:56:06 - [MESSAGE][PASSED] - Current device physical width is 720

2022-01-04 09:56:08 - [MESSAGE][PASSED] - Swiped from 360,1,138 to 360,284

2022-01-04 09:56:08 - [MESSAGE][PASSED] - scroll.scroll.scrollScreenBottomToTop is PASSED

2022-01-04 09:56:08 - [MESSAGE][PASSED] - Call Test Case 'Test Cases/Mobile/Page/Portfolio/Portfolio' successfully

2022-01-04 09:56:08 - [TEST_STEP][PASSED] - callTestCase(findTestCase("Mobile/Page/Run App/Terminate App"), [:], STOP_ON_FAILURE): Call Test Case 'Test Cases/Mobile/Page/Run App/Terminate App' successfully

2022-01-04 09:56:08 - [TEST_CASE][PASSED] - Test Cases/Mobile/Page/Run App/Terminate App: Test Cases/Mobile/Page/Run App/Terminate App

2022-01-04 09:56:08 - [TEST_STEP][PASSED] - startApp.OpenApp.terminateApplication(): startApp.OpenApp.terminateApplication is PASSED

2022-01-04 09:56:11 - [MESSAGE][PASSED] - Delayed 3 second(s)

2022-01-04 09:56:11 - [MESSAGE][PASSED] - Current device physical width is 720

2022-01-04 09:56:11 - [MESSAGE][PASSED] - Current device physical height is 1423

2022-01-04 09:56:13 - [MESSAGE][PASSED] - Swiped from 360,853 to 360,142

2022-01-04 09:56:14 - [MESSAGE][PASSED] - Delayed 1 second(s)

2022-01-04 09:56:15 - [MESSAGE][PASSED] - Swiped from 360,853 to 360,142

2022-01-04 09:56:18 - [MESSAGE][PASSED] - Delayed 3 second(s)

2022-01-04 09:56:18 - [MESSAGE][PASSED] - startApp.OpenApp.terminateApplication is PASSED

2022-01-04 09:56:18 - [MESSAGE][PASSED] - Call Test Case 'Test Cases/Mobile/Page/Run App/Terminate App' successfully]]></system-out>
         <system-err><![CDATA[]]></system-err>
      </testcase>
      <testcase name="Test Cases/Mobile/Scenario/Portfolio/019 - Melihat detail mutual fund 10 year" time="67.526" classname="Test Cases/Mobile/Scenario/Portfolio/019 - Melihat detail mutual fund 10 year" status="PASSED">
         <system-out><![CDATA[2022-01-04 09:56:18 - [TEST_CASE][PASSED] - Test Cases/Mobile/Scenario/Portfolio/019 - Melihat detail mutual fund 10 year: Test Cases/Mobile/Scenario/Portfolio/019 - Melihat detail mutual fund 10 year

2022-01-04 09:56:18 - [TEST_STEP][PASSED] - callTestCase(findTestCase("Mobile/Page/Run App/Run App byID"), [:], STOP_ON_FAILURE): Call Test Case 'Test Cases/Mobile/Page/Run App/Run App byID' successfully

2022-01-04 09:56:18 - [TEST_CASE][PASSED] - Test Cases/Mobile/Page/Run App/Run App byID: Test Cases/Mobile/Page/Run App/Run App byID

2022-01-04 09:56:18 - [TEST_STEP][PASSED] - startApp.OpenApp.startApplication("id.co.miraeasset.sageclub"): startApp.OpenApp.startApplication is PASSED

2022-01-04 09:56:33 - [MESSAGE][PASSED] - Starting app with application ID: 'id.co.miraeasset.sageclub'

2022-01-04 09:56:33 - [MESSAGE][PASSED] - startApp.OpenApp.startApplication is PASSED

2022-01-04 09:56:33 - [MESSAGE][PASSED] - Call Test Case 'Test Cases/Mobile/Page/Run App/Run App byID' successfully

2022-01-04 09:56:33 - [TEST_STEP][PASSED] - callTestCase(findTestCase("Mobile/Page/Portfolio/Portfolio"), ["tab":"mutualfund", "action2":"10 year"], CONTINUE_ON_FAILURE): Call Test Case 'Test Cases/Mobile/Page/Portfolio/Portfolio' successfully

2022-01-04 09:56:33 - [TEST_CASE][PASSED] - Test Cases/Mobile/Page/Portfolio/Portfolio: Test Cases/Mobile/Page/Portfolio/Portfolio

2022-01-04 09:56:33 - [TEST_STEP][PASSED] - callTestCase(findTestCase("Mobile/Page/CheckLogin"), [:], CONTINUE_ON_FAILURE): Call Test Case 'Test Cases/Mobile/Page/CheckLogin' successfully

2022-01-04 09:56:33 - [TEST_CASE][PASSED] - Test Cases/Mobile/Page/CheckLogin: Test Cases/Mobile/Page/CheckLogin

2022-01-04 09:56:33 - [TEST_STEP][PASSED] - loginCheck = verifyElementExist(LOGN_BtnLogin, 5, CONTINUE_ON_FAILURE): Element 'Object Repository/Mobile/Page/Login/Button - Login' is exist

2022-01-04 09:56:35 - [MESSAGE][PASSED] - Element 'Object Repository/Mobile/Page/Login/Button - Login' is exist

2022-01-04 09:56:35 - [TEST_STEP][PASSED] - if (loginCheck): Call Test Case 'Test Cases/Mobile/Page/Login/Login' successfully

2022-01-04 09:56:35 - [TEST_STEP][PASSED] - callTestCase(findTestCase("Mobile/Page/Login/Login"), ["action":"username"], CONTINUE_ON_FAILURE): Call Test Case 'Test Cases/Mobile/Page/Login/Login' successfully

2022-01-04 09:56:36 - [TEST_CASE][PASSED] - Test Cases/Mobile/Page/Login/Login: Test Cases/Mobile/Page/Login/Login

2022-01-04 09:56:36 - [TEST_STEP][PASSED] - delay(2): Delayed 2 second(s)

2022-01-04 09:56:38 - [MESSAGE][PASSED] - Delayed 2 second(s)

2022-01-04 09:56:38 - [TEST_STEP][PASSED] - for ([i = 0, i < 1, (i++)]): null

2022-01-04 09:56:38 - [TEST_STEP][PASSED] - if (action == "username"): null

2022-01-04 09:56:38 - [TEST_STEP][PASSED] - tap(LOGN_EdtUserID, 0): Tapped on element 'Object Repository/Mobile/Page/Login/Input - UserID'

2022-01-04 09:56:38 - [MESSAGE][WARNING] - Timeout '0' is invalid. Using default page load timeout: '60'

2022-01-04 09:56:38 - [MESSAGE][PASSED] - Tapped on element 'Object Repository/Mobile/Page/Login/Input - UserID'

2022-01-04 09:56:38 - [TEST_STEP][PASSED] - delay(1): Delayed 1 second(s)

2022-01-04 09:56:39 - [MESSAGE][PASSED] - Delayed 1 second(s)

2022-01-04 09:56:39 - [TEST_STEP][PASSED] - setText(LOGN_EdtRdyUserID, "anggaaditya", 0): Text 'anggaaditya' has been set to element 'Object Repository/Mobile/Page/Login/Input Rdy - UserID'

2022-01-04 09:56:39 - [MESSAGE][WARNING] - Timeout '0' is invalid. Using default page load timeout: '60'

2022-01-04 09:56:40 - [MESSAGE][PASSED] - Text 'anggaaditya' has been set to element 'Object Repository/Mobile/Page/Login/Input Rdy - UserID'

2022-01-04 09:56:40 - [TEST_STEP][PASSED] - delay(1): Delayed 1 second(s)

2022-01-04 09:56:41 - [MESSAGE][PASSED] - Delayed 1 second(s)

2022-01-04 09:56:41 - [TEST_STEP][PASSED] - hideKeyboard(): Keyboard is hidden

2022-01-04 09:56:45 - [MESSAGE][PASSED] - Keyboard is hidden

2022-01-04 09:56:45 - [TEST_STEP][PASSED] - tap(LOGN_EdtPassword, 0): Tapped on element 'Object Repository/Mobile/Page/Login/Input - Password'

2022-01-04 09:56:45 - [MESSAGE][WARNING] - Timeout '0' is invalid. Using default page load timeout: '60'

2022-01-04 09:56:45 - [MESSAGE][PASSED] - Tapped on element 'Object Repository/Mobile/Page/Login/Input - Password'

2022-01-04 09:56:45 - [TEST_STEP][PASSED] - delay(1): Delayed 1 second(s)

2022-01-04 09:56:46 - [MESSAGE][PASSED] - Delayed 1 second(s)

2022-01-04 09:56:46 - [TEST_STEP][PASSED] - setText(LOGN_EdtRdyPassword, "Shalawa18", 0): Text 'Shalawa18' has been set to element 'Object Repository/Mobile/Page/Login/Input Rdy - Password'

2022-01-04 09:56:46 - [MESSAGE][WARNING] - Timeout '0' is invalid. Using default page load timeout: '60'

2022-01-04 09:56:47 - [MESSAGE][PASSED] - Text 'Shalawa18' has been set to element 'Object Repository/Mobile/Page/Login/Input Rdy - Password'

2022-01-04 09:56:47 - [TEST_STEP][PASSED] - delay(1): Delayed 1 second(s)

2022-01-04 09:56:48 - [MESSAGE][PASSED] - Delayed 1 second(s)

2022-01-04 09:56:48 - [TEST_STEP][PASSED] - hideKeyboard(): Keyboard is hidden

2022-01-04 09:56:54 - [MESSAGE][PASSED] - Keyboard is hidden

2022-01-04 09:56:54 - [TEST_STEP][PASSED] - tap(LOGN_BtnLogin, 0): Tapped on element 'Object Repository/Mobile/Page/Login/Button - Login'

2022-01-04 09:56:54 - [MESSAGE][WARNING] - Timeout '0' is invalid. Using default page load timeout: '60'

2022-01-04 09:56:55 - [MESSAGE][PASSED] - Tapped on element 'Object Repository/Mobile/Page/Login/Button - Login'

2022-01-04 09:56:55 - [TEST_STEP][PASSED] - delay(2): Delayed 2 second(s)

2022-01-04 09:56:57 - [MESSAGE][PASSED] - Delayed 2 second(s)

2022-01-04 09:56:57 - [TEST_STEP][PASSED] - break: null

2022-01-04 09:56:57 - [MESSAGE][PASSED] - Call Test Case 'Test Cases/Mobile/Page/Login/Login' successfully

2022-01-04 09:56:57 - [MESSAGE][PASSED] - Call Test Case 'Test Cases/Mobile/Page/CheckLogin' successfully

2022-01-04 09:56:57 - [TEST_STEP][PASSED] - tap(HOME_MenubarPortfolio, 0): Tapped on element 'Object Repository/Mobile/Page/Home/Menubar - Portfolio'

2022-01-04 09:56:57 - [MESSAGE][WARNING] - Timeout '0' is invalid. Using default page load timeout: '60'

2022-01-04 09:56:59 - [MESSAGE][PASSED] - Tapped on element 'Object Repository/Mobile/Page/Home/Menubar - Portfolio'

2022-01-04 09:56:59 - [TEST_STEP][PASSED] - delay(1): Delayed 1 second(s)

2022-01-04 09:57:00 - [MESSAGE][PASSED] - Delayed 1 second(s)

2022-01-04 09:57:00 - [TEST_STEP][PASSED] - for ([i = 0, i < 1, (i++)]): scroll.scroll.scrollScreenBottomToTop is PASSED

2022-01-04 09:57:00 - [TEST_STEP][PASSED] - if (tab == "summary"): null

2022-01-04 09:57:00 - [TEST_STEP][PASSED] - else if (tab == "stock"): null

2022-01-04 09:57:00 - [TEST_STEP][PASSED] - else if (tab == "mutualfund"): scroll.scroll.scrollScreenBottomToTop is PASSED

2022-01-04 09:57:00 - [TEST_STEP][PASSED] - tap(PORT_TabMutualFund, 0): Tapped on element 'Object Repository/Mobile/Page/Portfolio/Tab - Mutual Fund'

2022-01-04 09:57:00 - [MESSAGE][WARNING] - Timeout '0' is invalid. Using default page load timeout: '60'

2022-01-04 09:57:01 - [MESSAGE][PASSED] - Tapped on element 'Object Repository/Mobile/Page/Portfolio/Tab - Mutual Fund'

2022-01-04 09:57:01 - [TEST_STEP][PASSED] - delay(1): Delayed 1 second(s)

2022-01-04 09:57:02 - [MESSAGE][PASSED] - Delayed 1 second(s)

2022-01-04 09:57:02 - [TEST_STEP][PASSED] - try: scroll.scroll.scrollScreenBottomToTop is PASSED

2022-01-04 09:57:02 - [TEST_STEP][PASSED] - tapAndHold(PORT_ItemTopMutualFund, 1, 10): Tapped and held on element 'Object Repository/Mobile/Page/Portfolio/Item - Top Mutual Fund' with duration 1

2022-01-04 09:57:05 - [MESSAGE][PASSED] - Tapped and held on element 'Object Repository/Mobile/Page/Portfolio/Item - Top Mutual Fund' with duration 1

2022-01-04 09:57:05 - [TEST_STEP][PASSED] - delay(2): Delayed 2 second(s)

2022-01-04 09:57:07 - [MESSAGE][PASSED] - Delayed 2 second(s)

2022-01-04 09:57:07 - [TEST_STEP][PASSED] - switch (action2): null

2022-01-04 09:57:07 - [TEST_STEP][PASSED] - case "10 year":: null

2022-01-04 09:57:07 - [TEST_STEP][PASSED] - tapAndHold(PORT_DETL_Btn10Year, 1, 0): Tapped and held on element 'Object Repository/Mobile/Page/Portfolio/Detail Mutual Funds/Button - 10 Year' with duration 1

2022-01-04 09:57:07 - [MESSAGE][WARNING] - Timeout '0' is invalid. Using default page load timeout: '60'

2022-01-04 09:57:10 - [MESSAGE][PASSED] - Tapped and held on element 'Object Repository/Mobile/Page/Portfolio/Detail Mutual Funds/Button - 10 Year' with duration 1

2022-01-04 09:57:10 - [TEST_STEP][PASSED] - break: null

2022-01-04 09:57:10 - [TEST_STEP][PASSED] - delay(3): Delayed 3 second(s)

2022-01-04 09:57:13 - [MESSAGE][PASSED] - Delayed 3 second(s)

2022-01-04 09:57:13 - [TEST_STEP][PASSED] - scroll.scroll.scrollScreenBottomToTop(): scroll.scroll.scrollScreenBottomToTop is PASSED

2022-01-04 09:57:14 - [MESSAGE][PASSED] - Current device physical height is 1423

2022-01-04 09:57:14 - [MESSAGE][PASSED] - Current device physical width is 720

2022-01-04 09:57:15 - [MESSAGE][PASSED] - Swiped from 360,1,138 to 360,284

2022-01-04 09:57:15 - [MESSAGE][PASSED] - scroll.scroll.scrollScreenBottomToTop is PASSED

2022-01-04 09:57:15 - [MESSAGE][PASSED] - Call Test Case 'Test Cases/Mobile/Page/Portfolio/Portfolio' successfully

2022-01-04 09:57:15 - [TEST_STEP][PASSED] - callTestCase(findTestCase("Mobile/Page/Run App/Terminate App"), [:], STOP_ON_FAILURE): Call Test Case 'Test Cases/Mobile/Page/Run App/Terminate App' successfully

2022-01-04 09:57:15 - [TEST_CASE][PASSED] - Test Cases/Mobile/Page/Run App/Terminate App: Test Cases/Mobile/Page/Run App/Terminate App

2022-01-04 09:57:15 - [TEST_STEP][PASSED] - startApp.OpenApp.terminateApplication(): startApp.OpenApp.terminateApplication is PASSED

2022-01-04 09:57:18 - [MESSAGE][PASSED] - Delayed 3 second(s)

2022-01-04 09:57:18 - [MESSAGE][PASSED] - Current device physical width is 720

2022-01-04 09:57:19 - [MESSAGE][PASSED] - Current device physical height is 1423

2022-01-04 09:57:20 - [MESSAGE][PASSED] - Swiped from 360,853 to 360,142

2022-01-04 09:57:21 - [MESSAGE][PASSED] - Delayed 1 second(s)

2022-01-04 09:57:23 - [MESSAGE][PASSED] - Swiped from 360,853 to 360,142

2022-01-04 09:57:26 - [MESSAGE][PASSED] - Delayed 3 second(s)

2022-01-04 09:57:26 - [MESSAGE][PASSED] - startApp.OpenApp.terminateApplication is PASSED

2022-01-04 09:57:26 - [MESSAGE][PASSED] - Call Test Case 'Test Cases/Mobile/Page/Run App/Terminate App' successfully]]></system-out>
         <system-err><![CDATA[]]></system-err>
      </testcase>
      <system-out><![CDATA[2022-01-04 09:35:57 - [TEST_SUITE][PASSED] - portfolio: Test Cases/Mobile/Scenario/Portfolio/019 - Melihat detail mutual fund 10 year]]></system-out>
      <system-err><![CDATA[]]></system-err>
   </testsuite>
</testsuites>
