<?xml version="1.0" encoding="UTF-8"?>
<testsuites name="login" time="265.792" tests="5" failures="0" skips="0" errors="0">
   <testsuite name="login" tests="5" failures="0" errors="0" time="265.792" skips="0" timestamp="2022-03-09 08:31:10" hostname="Owner - aldy-tft" id="Test Suites/login">
      <properties>
         <property name="deviceName" value="samsung SM-A205F (Android 11)"/>
         <property name="devicePlatform" value=""/>
         <property name="logFolder" value="C:\\Users\\Owner\\Documents\\kerjaan\\KatalonProject\\qa_katalon_pwm\\qa_katalon_pwm\\Reports\\20220309_082234\\login\\20220309_082239"/>
         <property name="logFiles" value="C:\\Users\\Owner\\Documents\\kerjaan\\KatalonProject\\qa_katalon_pwm\\qa_katalon_pwm\\Reports\\20220309_082234\\login\\20220309_082239\\appium.log, C:\\Users\\Owner\\Documents\\kerjaan\\KatalonProject\\qa_katalon_pwm\\qa_katalon_pwm\\Reports\\20220309_082234\\login\\20220309_082239\\execution0.log"/>
         <property name="attachments" value=""/>
         <property name="hostName" value="Owner - aldy-tft"/>
         <property name="os" value="Windows 10 64bit"/>
         <property name="appiumServerStatus" value="{&quot;value&quot;:{&quot;build&quot;:{&quot;version&quot;:&quot;1.22.0&quot;}},&quot;sessionId&quot;:null,&quot;status&quot;:0}"/>
         <property name="katalonVersion" value="7.9.1.208"/>
         <property name="deviceOS" value="Android"/>
         <property name="appiumVersion" value="1.22.0"/>
         <property name="deviceModel" value="SM-A205F"/>
         <property name="hostAddress" value="192.168.116.52"/>
         <property name="deviceManufacturer" value="samsung"/>
         <property name="deviceId" value="RR8M40C9AXE"/>
         <property name="deviceName" value="samsung SM-A205F (Android 11)"/>
         <property name="deviceOSVersion" value="11"/>
      </properties>
      <testcase name="Test Cases/Mobile/Scenario/Login/001 - Login dengan username" time="64.579" classname="Test Cases/Mobile/Scenario/Login/001 - Login dengan username" status="PASSED">
         <system-out><![CDATA[2022-03-09 08:31:11 - [TEST_CASE][PASSED] - Test Cases/Mobile/Scenario/Login/001 - Login dengan username: Test Cases/Mobile/Scenario/Login/001 - Login dengan username

2022-03-09 08:31:11 - [TEST_STEP][PASSED] - callTestCase(findTestCase("Mobile/Page/Run App/Run App byID"), [:], STOP_ON_FAILURE): Call Test Case 'Test Cases/Mobile/Page/Run App/Run App byID' successfully

2022-03-09 08:31:11 - [TEST_CASE][PASSED] - Test Cases/Mobile/Page/Run App/Run App byID: Test Cases/Mobile/Page/Run App/Run App byID

2022-03-09 08:31:12 - [TEST_STEP][PASSED] - startApp.OpenApp.startApplication("id.co.miraeasset.sageclub"): startApp.OpenApp.startApplication is PASSED

2022-03-09 08:31:13 - [MESSAGE][INFO] - Appium server started on port 60,532

2022-03-09 08:31:29 - [MESSAGE][PASSED] - Starting app with application ID: 'id.co.miraeasset.sageclub'

2022-03-09 08:31:29 - [MESSAGE][PASSED] - startApp.OpenApp.startApplication is PASSED

2022-03-09 08:31:29 - [MESSAGE][PASSED] - Call Test Case 'Test Cases/Mobile/Page/Run App/Run App byID' successfully

2022-03-09 08:31:29 - [TEST_STEP][PASSED] - callTestCase(findTestCase("Mobile/Page/Login/Login"), ["action":"username"], CONTINUE_ON_FAILURE): Call Test Case 'Test Cases/Mobile/Page/Login/Login' successfully

2022-03-09 08:31:29 - [TEST_CASE][PASSED] - Test Cases/Mobile/Page/Login/Login: Test Cases/Mobile/Page/Login/Login

2022-03-09 08:31:29 - [TEST_STEP][PASSED] - delay(2): Delayed 2 second(s)

2022-03-09 08:31:31 - [MESSAGE][PASSED] - Delayed 2 second(s)

2022-03-09 08:31:31 - [TEST_STEP][PASSED] - for ([i = 0, i < 1, (i++)]): null

2022-03-09 08:31:31 - [TEST_STEP][PASSED] - if (action == "username"): null

2022-03-09 08:31:31 - [TEST_STEP][PASSED] - tap(LOGN_EdtUserID, 0): Tapped on element 'Object Repository/Mobile/Page/Login/Input - UserID'

2022-03-09 08:31:31 - [MESSAGE][WARNING] - Test object with id 'Object Repository/Mobile/Page/Analysis/Button - Open With Just Once' does not exist

2022-03-09 08:31:31 - [MESSAGE][WARNING] - Test object with id 'Object Repository/Mobile/Page/Analysis/Button - Search' does not exist

2022-03-09 08:31:33 - [MESSAGE][WARNING] - Test object with id 'Object Repository/Mobile/Page/Home/Button -  Add Watchlist' does not exist

2022-03-09 08:31:33 - [MESSAGE][WARNING] - Test object with id 'Object Repository/Mobile/Page/Home/Button - Open with Just Once' does not exist

2022-03-09 08:31:33 - [MESSAGE][WARNING] - Test object with id 'Object Repository/Mobile/Page/Home/Container - Notification' does not exist

2022-03-09 08:31:33 - [MESSAGE][WARNING] - Test object with id 'Object Repository/Mobile/Page/Home/Watchlist/Input - Search' does not exist

2022-03-09 08:31:33 - [MESSAGE][WARNING] - Test object with id 'Object Repository/Mobile/Page/Home/Watchlist/Item - Top Search' does not exist

2022-03-09 08:31:34 - [MESSAGE][WARNING] - Test object with id 'Object Repository/Mobile/Page/Home/Watchlist/Detail Watchlist/Input - Expiry Date' does not exist

2022-03-09 08:31:34 - [MESSAGE][WARNING] - Test object with id 'Object Repository/Mobile/Page/Home/Watchlist/Detail Watchlist/Item - Watchlist' does not exist

2022-03-09 08:31:34 - [MESSAGE][WARNING] - Test object with id 'Object Repository/Mobile/Page/NavigationMenu/Button - Open Just Once' does not exist

2022-03-09 08:31:35 - [MESSAGE][WARNING] - Test object with id 'Object Repository/Mobile/Page/NavigationMenu/Container - Logout' does not exist

2022-03-09 08:31:38 - [MESSAGE][WARNING] - Test object with id 'Object Repository/Mobile/Page/Analysis/Button - Open With Just Once' does not exist

2022-03-09 08:31:38 - [MESSAGE][WARNING] - Test object with id 'Object Repository/Mobile/Page/Analysis/Button - Search' does not exist

2022-03-09 08:31:39 - [MESSAGE][WARNING] - Test object with id 'Object Repository/Mobile/Page/Home/Button -  Add Watchlist' does not exist

2022-03-09 08:31:39 - [MESSAGE][WARNING] - Test object with id 'Object Repository/Mobile/Page/Home/Button - Open with Just Once' does not exist

2022-03-09 08:31:39 - [MESSAGE][WARNING] - Test object with id 'Object Repository/Mobile/Page/Home/Container - Notification' does not exist

2022-03-09 08:31:40 - [MESSAGE][WARNING] - Test object with id 'Object Repository/Mobile/Page/Home/Watchlist/Input - Search' does not exist

2022-03-09 08:31:40 - [MESSAGE][WARNING] - Test object with id 'Object Repository/Mobile/Page/Home/Watchlist/Item - Top Search' does not exist

2022-03-09 08:31:40 - [MESSAGE][WARNING] - Test object with id 'Object Repository/Mobile/Page/Home/Watchlist/Detail Watchlist/Input - Expiry Date' does not exist

2022-03-09 08:31:40 - [MESSAGE][WARNING] - Test object with id 'Object Repository/Mobile/Page/Home/Watchlist/Detail Watchlist/Item - Watchlist' does not exist

2022-03-09 08:31:41 - [MESSAGE][WARNING] - Test object with id 'Object Repository/Mobile/Page/NavigationMenu/Button - Open Just Once' does not exist

2022-03-09 08:31:41 - [MESSAGE][WARNING] - Test object with id 'Object Repository/Mobile/Page/NavigationMenu/Container - Logout' does not exist

2022-03-09 08:31:45 - [MESSAGE][WARNING] - Timeout '0' is invalid. Using default page load timeout: '60'

2022-03-09 08:31:45 - [MESSAGE][PASSED] - Tapped on element 'Object Repository/Mobile/Page/Login/Input - UserID'

2022-03-09 08:31:45 - [TEST_STEP][PASSED] - delay(1): Delayed 1 second(s)

2022-03-09 08:31:46 - [MESSAGE][PASSED] - Delayed 1 second(s)

2022-03-09 08:31:46 - [TEST_STEP][PASSED] - setText(LOGN_EdtRdyUserID, "anggaaditya", 0): Text 'anggaaditya' has been set to element 'Object Repository/Mobile/Page/Login/Input Rdy - UserID'

2022-03-09 08:31:46 - [MESSAGE][WARNING] - Timeout '0' is invalid. Using default page load timeout: '60'

2022-03-09 08:31:47 - [MESSAGE][PASSED] - Text 'anggaaditya' has been set to element 'Object Repository/Mobile/Page/Login/Input Rdy - UserID'

2022-03-09 08:31:47 - [TEST_STEP][PASSED] - delay(1): Delayed 1 second(s)

2022-03-09 08:31:48 - [MESSAGE][PASSED] - Delayed 1 second(s)

2022-03-09 08:31:48 - [TEST_STEP][PASSED] - hideKeyboard(): Keyboard is hidden

2022-03-09 08:31:51 - [MESSAGE][PASSED] - Keyboard is hidden

2022-03-09 08:31:51 - [TEST_STEP][PASSED] - tap(LOGN_EdtPassword, 0): Tapped on element 'Object Repository/Mobile/Page/Login/Input - Password'

2022-03-09 08:31:51 - [MESSAGE][WARNING] - Timeout '0' is invalid. Using default page load timeout: '60'

2022-03-09 08:31:52 - [MESSAGE][PASSED] - Tapped on element 'Object Repository/Mobile/Page/Login/Input - Password'

2022-03-09 08:31:52 - [TEST_STEP][PASSED] - delay(1): Delayed 1 second(s)

2022-03-09 08:31:53 - [MESSAGE][PASSED] - Delayed 1 second(s)

2022-03-09 08:31:53 - [TEST_STEP][PASSED] - setText(LOGN_EdtRdyPassword, "Shalawa18", 0): Text 'Shalawa18' has been set to element 'Object Repository/Mobile/Page/Login/Input Rdy - Password'

2022-03-09 08:31:53 - [MESSAGE][WARNING] - Timeout '0' is invalid. Using default page load timeout: '60'

2022-03-09 08:31:54 - [MESSAGE][PASSED] - Text 'Shalawa18' has been set to element 'Object Repository/Mobile/Page/Login/Input Rdy - Password'

2022-03-09 08:31:54 - [TEST_STEP][PASSED] - delay(1): Delayed 1 second(s)

2022-03-09 08:31:55 - [MESSAGE][PASSED] - Delayed 1 second(s)

2022-03-09 08:31:55 - [TEST_STEP][PASSED] - hideKeyboard(): Keyboard is hidden

2022-03-09 08:32:01 - [MESSAGE][PASSED] - Keyboard is hidden

2022-03-09 08:32:01 - [TEST_STEP][PASSED] - tap(LOGN_BtnLogin, 0): Tapped on element 'Object Repository/Mobile/Page/Login/Button - Login'

2022-03-09 08:32:01 - [MESSAGE][WARNING] - Timeout '0' is invalid. Using default page load timeout: '60'

2022-03-09 08:32:02 - [MESSAGE][PASSED] - Tapped on element 'Object Repository/Mobile/Page/Login/Button - Login'

2022-03-09 08:32:02 - [TEST_STEP][PASSED] - delay(2): Delayed 2 second(s)

2022-03-09 08:32:04 - [MESSAGE][PASSED] - Delayed 2 second(s)

2022-03-09 08:32:04 - [TEST_STEP][PASSED] - break: null

2022-03-09 08:32:04 - [MESSAGE][PASSED] - Call Test Case 'Test Cases/Mobile/Page/Login/Login' successfully

2022-03-09 08:32:04 - [TEST_STEP][PASSED] - callTestCase(findTestCase("Mobile/Page/Run App/Terminate App"), [:], STOP_ON_FAILURE): Call Test Case 'Test Cases/Mobile/Page/Run App/Terminate App' successfully

2022-03-09 08:32:04 - [TEST_CASE][PASSED] - Test Cases/Mobile/Page/Run App/Terminate App: Test Cases/Mobile/Page/Run App/Terminate App

2022-03-09 08:32:04 - [TEST_STEP][PASSED] - startApp.OpenApp.terminateApplication(): startApp.OpenApp.terminateApplication is PASSED

2022-03-09 08:32:08 - [MESSAGE][PASSED] - Delayed 3 second(s)

2022-03-09 08:32:09 - [MESSAGE][PASSED] - Current device physical width is 720

2022-03-09 08:32:09 - [MESSAGE][PASSED] - Current device physical height is 1423

2022-03-09 08:32:10 - [MESSAGE][PASSED] - Swiped from 360,853 to 360,142

2022-03-09 08:32:11 - [MESSAGE][PASSED] - Delayed 1 second(s)

2022-03-09 08:32:12 - [MESSAGE][PASSED] - Swiped from 360,853 to 360,142

2022-03-09 08:32:15 - [MESSAGE][PASSED] - Delayed 3 second(s)

2022-03-09 08:32:15 - [MESSAGE][PASSED] - startApp.OpenApp.terminateApplication is PASSED

2022-03-09 08:32:15 - [MESSAGE][PASSED] - Call Test Case 'Test Cases/Mobile/Page/Run App/Terminate App' successfully]]></system-out>
         <system-err><![CDATA[]]></system-err>
      </testcase>
      <testcase name="Test Cases/Mobile/Scenario/Login/002 - Login dengan password salah" time="44.568" classname="Test Cases/Mobile/Scenario/Login/002 - Login dengan password salah" status="PASSED">
         <system-out><![CDATA[2022-03-09 08:32:15 - [TEST_CASE][PASSED] - Test Cases/Mobile/Scenario/Login/002 - Login dengan password salah: Test Cases/Mobile/Scenario/Login/002 - Login dengan password salah

2022-03-09 08:32:16 - [TEST_STEP][PASSED] - callTestCase(findTestCase("Mobile/Page/Run App/Run App byID"), [:], STOP_ON_FAILURE): Call Test Case 'Test Cases/Mobile/Page/Run App/Run App byID' successfully

2022-03-09 08:32:16 - [TEST_CASE][PASSED] - Test Cases/Mobile/Page/Run App/Run App byID: Test Cases/Mobile/Page/Run App/Run App byID

2022-03-09 08:32:16 - [TEST_STEP][PASSED] - startApp.OpenApp.startApplication("id.co.miraeasset.sageclub"): startApp.OpenApp.startApplication is PASSED

2022-03-09 08:32:28 - [MESSAGE][PASSED] - Starting app with application ID: 'id.co.miraeasset.sageclub'

2022-03-09 08:32:28 - [MESSAGE][PASSED] - startApp.OpenApp.startApplication is PASSED

2022-03-09 08:32:28 - [MESSAGE][PASSED] - Call Test Case 'Test Cases/Mobile/Page/Run App/Run App byID' successfully

2022-03-09 08:32:28 - [TEST_STEP][PASSED] - callTestCase(findTestCase("Mobile/Page/Login/Login"), ["action":"wrongpassword"], CONTINUE_ON_FAILURE): Call Test Case 'Test Cases/Mobile/Page/Login/Login' successfully

2022-03-09 08:32:28 - [TEST_CASE][PASSED] - Test Cases/Mobile/Page/Login/Login: Test Cases/Mobile/Page/Login/Login

2022-03-09 08:32:29 - [TEST_STEP][PASSED] - delay(2): Delayed 2 second(s)

2022-03-09 08:32:31 - [MESSAGE][PASSED] - Delayed 2 second(s)

2022-03-09 08:32:31 - [TEST_STEP][PASSED] - for ([i = 0, i < 1, (i++)]): null

2022-03-09 08:32:31 - [TEST_STEP][PASSED] - if (action == "username"): null

2022-03-09 08:32:31 - [TEST_STEP][PASSED] - else if (action == "wrongpassword"): null

2022-03-09 08:32:31 - [TEST_STEP][PASSED] - tap(LOGN_EdtUserID, 0): Tapped on element 'Object Repository/Mobile/Page/Login/Input - UserID'

2022-03-09 08:32:31 - [MESSAGE][WARNING] - Timeout '0' is invalid. Using default page load timeout: '60'

2022-03-09 08:32:31 - [MESSAGE][PASSED] - Tapped on element 'Object Repository/Mobile/Page/Login/Input - UserID'

2022-03-09 08:32:31 - [TEST_STEP][PASSED] - delay(1): Delayed 1 second(s)

2022-03-09 08:32:32 - [MESSAGE][PASSED] - Delayed 1 second(s)

2022-03-09 08:32:32 - [TEST_STEP][PASSED] - setText(LOGN_EdtRdyUserID, "anggaaditya", 0): Text 'anggaaditya' has been set to element 'Object Repository/Mobile/Page/Login/Input Rdy - UserID'

2022-03-09 08:32:32 - [MESSAGE][WARNING] - Timeout '0' is invalid. Using default page load timeout: '60'

2022-03-09 08:32:33 - [MESSAGE][PASSED] - Text 'anggaaditya' has been set to element 'Object Repository/Mobile/Page/Login/Input Rdy - UserID'

2022-03-09 08:32:33 - [TEST_STEP][PASSED] - delay(1): Delayed 1 second(s)

2022-03-09 08:32:34 - [MESSAGE][PASSED] - Delayed 1 second(s)

2022-03-09 08:32:34 - [TEST_STEP][PASSED] - hideKeyboard(): Keyboard is hidden

2022-03-09 08:32:37 - [MESSAGE][PASSED] - Keyboard is hidden

2022-03-09 08:32:37 - [TEST_STEP][PASSED] - tap(LOGN_EdtPassword, 0): Tapped on element 'Object Repository/Mobile/Page/Login/Input - Password'

2022-03-09 08:32:37 - [MESSAGE][WARNING] - Timeout '0' is invalid. Using default page load timeout: '60'

2022-03-09 08:32:38 - [MESSAGE][PASSED] - Tapped on element 'Object Repository/Mobile/Page/Login/Input - Password'

2022-03-09 08:32:38 - [TEST_STEP][PASSED] - delay(1): Delayed 1 second(s)

2022-03-09 08:32:39 - [MESSAGE][PASSED] - Delayed 1 second(s)

2022-03-09 08:32:39 - [TEST_STEP][PASSED] - setText(LOGN_EdtRdyPassword, "Shalawa181", 0): Text 'Shalawa181' has been set to element 'Object Repository/Mobile/Page/Login/Input Rdy - Password'

2022-03-09 08:32:39 - [MESSAGE][WARNING] - Timeout '0' is invalid. Using default page load timeout: '60'

2022-03-09 08:32:40 - [MESSAGE][PASSED] - Text 'Shalawa181' has been set to element 'Object Repository/Mobile/Page/Login/Input Rdy - Password'

2022-03-09 08:32:40 - [TEST_STEP][PASSED] - delay(1): Delayed 1 second(s)

2022-03-09 08:32:41 - [MESSAGE][PASSED] - Delayed 1 second(s)

2022-03-09 08:32:41 - [TEST_STEP][PASSED] - hideKeyboard(): Keyboard is hidden

2022-03-09 08:32:47 - [MESSAGE][PASSED] - Keyboard is hidden

2022-03-09 08:32:47 - [TEST_STEP][PASSED] - tap(LOGN_BtnLogin, 0): Tapped on element 'Object Repository/Mobile/Page/Login/Button - Login'

2022-03-09 08:32:47 - [MESSAGE][WARNING] - Timeout '0' is invalid. Using default page load timeout: '60'

2022-03-09 08:32:48 - [MESSAGE][PASSED] - Tapped on element 'Object Repository/Mobile/Page/Login/Button - Login'

2022-03-09 08:32:48 - [TEST_STEP][PASSED] - delay(2): Delayed 2 second(s)

2022-03-09 08:32:50 - [MESSAGE][PASSED] - Delayed 2 second(s)

2022-03-09 08:32:50 - [TEST_STEP][PASSED] - verify = verifyElementExist(LOGN_AlertInvalidCredentials, 5, STOP_ON_FAILURE): Element 'Object Repository/Mobile/Page/Login/Alert - Invalid credentials' is exist

2022-03-09 08:32:50 - [MESSAGE][PASSED] - Element 'Object Repository/Mobile/Page/Login/Alert - Invalid credentials' is exist

2022-03-09 08:32:50 - [TEST_STEP][PASSED] - break: null

2022-03-09 08:32:50 - [MESSAGE][PASSED] - Call Test Case 'Test Cases/Mobile/Page/Login/Login' successfully

2022-03-09 08:32:50 - [TEST_STEP][PASSED] - callTestCase(findTestCase("Mobile/Page/Run App/Terminate App"), [:], STOP_ON_FAILURE): Call Test Case 'Test Cases/Mobile/Page/Run App/Terminate App' successfully

2022-03-09 08:32:50 - [TEST_CASE][PASSED] - Test Cases/Mobile/Page/Run App/Terminate App: Test Cases/Mobile/Page/Run App/Terminate App

2022-03-09 08:32:50 - [TEST_STEP][PASSED] - startApp.OpenApp.terminateApplication(): startApp.OpenApp.terminateApplication is PASSED

2022-03-09 08:32:53 - [MESSAGE][PASSED] - Delayed 3 second(s)

2022-03-09 08:32:53 - [MESSAGE][PASSED] - Current device physical width is 720

2022-03-09 08:32:53 - [MESSAGE][PASSED] - Current device physical height is 1423

2022-03-09 08:32:55 - [MESSAGE][PASSED] - Swiped from 360,853 to 360,142

2022-03-09 08:32:56 - [MESSAGE][PASSED] - Delayed 1 second(s)

2022-03-09 08:32:57 - [MESSAGE][PASSED] - Swiped from 360,853 to 360,142

2022-03-09 08:33:00 - [MESSAGE][PASSED] - Delayed 3 second(s)

2022-03-09 08:33:00 - [MESSAGE][PASSED] - startApp.OpenApp.terminateApplication is PASSED

2022-03-09 08:33:00 - [MESSAGE][PASSED] - Call Test Case 'Test Cases/Mobile/Page/Run App/Terminate App' successfully]]></system-out>
         <system-err><![CDATA[]]></system-err>
      </testcase>
      <testcase name="Test Cases/Mobile/Scenario/Login/003 - Login tanpa internet" time="57.939" classname="Test Cases/Mobile/Scenario/Login/003 - Login tanpa internet" status="PASSED">
         <system-out><![CDATA[2022-03-09 08:33:00 - [TEST_CASE][PASSED] - Test Cases/Mobile/Scenario/Login/003 - Login tanpa internet: Test Cases/Mobile/Scenario/Login/003 - Login tanpa internet

2022-03-09 08:33:00 - [TEST_STEP][PASSED] - callTestCase(findTestCase("Mobile/Page/Run App/Run App byID"), [:], STOP_ON_FAILURE): Call Test Case 'Test Cases/Mobile/Page/Run App/Run App byID' successfully

2022-03-09 08:33:00 - [TEST_CASE][PASSED] - Test Cases/Mobile/Page/Run App/Run App byID: Test Cases/Mobile/Page/Run App/Run App byID

2022-03-09 08:33:00 - [TEST_STEP][PASSED] - startApp.OpenApp.startApplication("id.co.miraeasset.sageclub"): startApp.OpenApp.startApplication is PASSED

2022-03-09 08:33:13 - [MESSAGE][PASSED] - Starting app with application ID: 'id.co.miraeasset.sageclub'

2022-03-09 08:33:13 - [MESSAGE][PASSED] - startApp.OpenApp.startApplication is PASSED

2022-03-09 08:33:13 - [MESSAGE][PASSED] - Call Test Case 'Test Cases/Mobile/Page/Run App/Run App byID' successfully

2022-03-09 08:33:13 - [TEST_STEP][PASSED] - callTestCase(findTestCase("Mobile/Page/Login/Login"), ["action":"nointernet"], CONTINUE_ON_FAILURE): Call Test Case 'Test Cases/Mobile/Page/Login/Login' successfully

2022-03-09 08:33:13 - [TEST_CASE][PASSED] - Test Cases/Mobile/Page/Login/Login: Test Cases/Mobile/Page/Login/Login

2022-03-09 08:33:13 - [TEST_STEP][PASSED] - delay(2): Delayed 2 second(s)

2022-03-09 08:33:15 - [MESSAGE][PASSED] - Delayed 2 second(s)

2022-03-09 08:33:15 - [TEST_STEP][PASSED] - for ([i = 0, i < 1, (i++)]): null

2022-03-09 08:33:15 - [TEST_STEP][PASSED] - if (action == "username"): null

2022-03-09 08:33:15 - [TEST_STEP][PASSED] - else if (action == "wrongpassword"): null

2022-03-09 08:33:15 - [TEST_STEP][PASSED] - else if (action == "nointernet"): null

2022-03-09 08:33:15 - [TEST_STEP][PASSED] - scroll.scroll.scrollNotificationBar(): scroll.scroll.scrollNotificationBar is PASSED

2022-03-09 08:33:15 - [MESSAGE][PASSED] - Current device physical height is 1423

2022-03-09 08:33:17 - [MESSAGE][PASSED] - Swiped from 50,50 to 50,1,138

2022-03-09 08:33:17 - [MESSAGE][PASSED] - scroll.scroll.scrollNotificationBar is PASSED

2022-03-09 08:33:17 - [TEST_STEP][PASSED] - delay(1): Delayed 1 second(s)

2022-03-09 08:33:18 - [MESSAGE][PASSED] - Delayed 1 second(s)

2022-03-09 08:33:18 - [TEST_STEP][PASSED] - tap(OTHR_BtnWifi, 0): Tapped on element 'Object Repository/Mobile/Page/Others/Button - Wifi'

2022-03-09 08:33:18 - [MESSAGE][WARNING] - Timeout '0' is invalid. Using default page load timeout: '60'

2022-03-09 08:33:19 - [MESSAGE][PASSED] - Tapped on element 'Object Repository/Mobile/Page/Others/Button - Wifi'

2022-03-09 08:33:19 - [TEST_STEP][PASSED] - delay(1): Delayed 1 second(s)

2022-03-09 08:33:20 - [MESSAGE][PASSED] - Delayed 1 second(s)

2022-03-09 08:33:20 - [TEST_STEP][PASSED] - pressBack(): Press back button successfully

2022-03-09 08:33:21 - [MESSAGE][PASSED] - Press back button successfully

2022-03-09 08:33:21 - [TEST_STEP][PASSED] - tap(LOGN_EdtUserID, 0): Tapped on element 'Object Repository/Mobile/Page/Login/Input - UserID'

2022-03-09 08:33:21 - [MESSAGE][WARNING] - Timeout '0' is invalid. Using default page load timeout: '60'

2022-03-09 08:33:23 - [MESSAGE][PASSED] - Tapped on element 'Object Repository/Mobile/Page/Login/Input - UserID'

2022-03-09 08:33:23 - [TEST_STEP][PASSED] - delay(1): Delayed 1 second(s)

2022-03-09 08:33:24 - [MESSAGE][PASSED] - Delayed 1 second(s)

2022-03-09 08:33:24 - [TEST_STEP][PASSED] - setText(LOGN_EdtRdyUserID, "anggaaditya", 0): Text 'anggaaditya' has been set to element 'Object Repository/Mobile/Page/Login/Input Rdy - UserID'

2022-03-09 08:33:24 - [MESSAGE][WARNING] - Timeout '0' is invalid. Using default page load timeout: '60'

2022-03-09 08:33:24 - [MESSAGE][PASSED] - Text 'anggaaditya' has been set to element 'Object Repository/Mobile/Page/Login/Input Rdy - UserID'

2022-03-09 08:33:24 - [TEST_STEP][PASSED] - delay(1): Delayed 1 second(s)

2022-03-09 08:33:25 - [MESSAGE][PASSED] - Delayed 1 second(s)

2022-03-09 08:33:25 - [TEST_STEP][PASSED] - hideKeyboard(): Keyboard is hidden

2022-03-09 08:33:29 - [MESSAGE][PASSED] - Keyboard is hidden

2022-03-09 08:33:29 - [TEST_STEP][PASSED] - tap(LOGN_EdtPassword, 0): Tapped on element 'Object Repository/Mobile/Page/Login/Input - Password'

2022-03-09 08:33:29 - [MESSAGE][WARNING] - Timeout '0' is invalid. Using default page load timeout: '60'

2022-03-09 08:33:29 - [MESSAGE][PASSED] - Tapped on element 'Object Repository/Mobile/Page/Login/Input - Password'

2022-03-09 08:33:29 - [TEST_STEP][PASSED] - delay(1): Delayed 1 second(s)

2022-03-09 08:33:30 - [MESSAGE][PASSED] - Delayed 1 second(s)

2022-03-09 08:33:30 - [TEST_STEP][PASSED] - setText(LOGN_EdtRdyPassword, "Shalawa18", 0): Text 'Shalawa18' has been set to element 'Object Repository/Mobile/Page/Login/Input Rdy - Password'

2022-03-09 08:33:30 - [MESSAGE][WARNING] - Timeout '0' is invalid. Using default page load timeout: '60'

2022-03-09 08:33:31 - [MESSAGE][PASSED] - Text 'Shalawa18' has been set to element 'Object Repository/Mobile/Page/Login/Input Rdy - Password'

2022-03-09 08:33:31 - [TEST_STEP][PASSED] - delay(1): Delayed 1 second(s)

2022-03-09 08:33:32 - [MESSAGE][PASSED] - Delayed 1 second(s)

2022-03-09 08:33:32 - [TEST_STEP][PASSED] - hideKeyboard(): Keyboard is hidden

2022-03-09 08:33:38 - [MESSAGE][PASSED] - Keyboard is hidden

2022-03-09 08:33:38 - [TEST_STEP][PASSED] - tap(LOGN_BtnLogin, 0): Tapped on element 'Object Repository/Mobile/Page/Login/Button - Login'

2022-03-09 08:33:38 - [MESSAGE][WARNING] - Timeout '0' is invalid. Using default page load timeout: '60'

2022-03-09 08:33:39 - [MESSAGE][PASSED] - Tapped on element 'Object Repository/Mobile/Page/Login/Button - Login'

2022-03-09 08:33:39 - [TEST_STEP][PASSED] - delay(2): Delayed 2 second(s)

2022-03-09 08:33:41 - [MESSAGE][PASSED] - Delayed 2 second(s)

2022-03-09 08:33:41 - [TEST_STEP][PASSED] - verify = verifyElementExist(LOGN_AlertCheckYourNetwork, 5, STOP_ON_FAILURE): Element 'Object Repository/Mobile/Page/Login/Alert - Check your network' is exist

2022-03-09 08:33:41 - [MESSAGE][PASSED] - Element 'Object Repository/Mobile/Page/Login/Alert - Check your network' is exist

2022-03-09 08:33:41 - [TEST_STEP][PASSED] - scroll.scroll.scrollNotificationBar(): scroll.scroll.scrollNotificationBar is PASSED

2022-03-09 08:33:41 - [MESSAGE][PASSED] - Current device physical height is 1423

2022-03-09 08:33:43 - [MESSAGE][PASSED] - Swiped from 50,50 to 50,1,138

2022-03-09 08:33:43 - [MESSAGE][PASSED] - scroll.scroll.scrollNotificationBar is PASSED

2022-03-09 08:33:43 - [TEST_STEP][PASSED] - delay(1): Delayed 1 second(s)

2022-03-09 08:33:44 - [MESSAGE][PASSED] - Delayed 1 second(s)

2022-03-09 08:33:44 - [TEST_STEP][PASSED] - tap(OTHR_BtnWifi, 0): Tapped on element 'Object Repository/Mobile/Page/Others/Button - Wifi'

2022-03-09 08:33:44 - [MESSAGE][WARNING] - Timeout '0' is invalid. Using default page load timeout: '60'

2022-03-09 08:33:45 - [MESSAGE][PASSED] - Tapped on element 'Object Repository/Mobile/Page/Others/Button - Wifi'

2022-03-09 08:33:45 - [TEST_STEP][PASSED] - delay(1): Delayed 1 second(s)

2022-03-09 08:33:46 - [MESSAGE][PASSED] - Delayed 1 second(s)

2022-03-09 08:33:46 - [TEST_STEP][PASSED] - pressBack(): Press back button successfully

2022-03-09 08:33:47 - [MESSAGE][PASSED] - Press back button successfully

2022-03-09 08:33:47 - [TEST_STEP][PASSED] - break: null

2022-03-09 08:33:47 - [MESSAGE][PASSED] - Call Test Case 'Test Cases/Mobile/Page/Login/Login' successfully

2022-03-09 08:33:47 - [TEST_STEP][PASSED] - callTestCase(findTestCase("Mobile/Page/Run App/Terminate App"), [:], STOP_ON_FAILURE): Call Test Case 'Test Cases/Mobile/Page/Run App/Terminate App' successfully

2022-03-09 08:33:47 - [TEST_CASE][PASSED] - Test Cases/Mobile/Page/Run App/Terminate App: Test Cases/Mobile/Page/Run App/Terminate App

2022-03-09 08:33:47 - [TEST_STEP][PASSED] - startApp.OpenApp.terminateApplication(): startApp.OpenApp.terminateApplication is PASSED

2022-03-09 08:33:51 - [MESSAGE][PASSED] - Delayed 3 second(s)

2022-03-09 08:33:51 - [MESSAGE][PASSED] - Current device physical width is 720

2022-03-09 08:33:51 - [MESSAGE][PASSED] - Current device physical height is 1423

2022-03-09 08:33:53 - [MESSAGE][PASSED] - Swiped from 360,853 to 360,142

2022-03-09 08:33:54 - [MESSAGE][PASSED] - Delayed 1 second(s)

2022-03-09 08:33:55 - [MESSAGE][PASSED] - Swiped from 360,853 to 360,142

2022-03-09 08:33:58 - [MESSAGE][PASSED] - Delayed 3 second(s)

2022-03-09 08:33:58 - [MESSAGE][PASSED] - startApp.OpenApp.terminateApplication is PASSED

2022-03-09 08:33:58 - [MESSAGE][PASSED] - Call Test Case 'Test Cases/Mobile/Page/Run App/Terminate App' successfully]]></system-out>
         <system-err><![CDATA[]]></system-err>
      </testcase>
      <testcase name="Test Cases/Mobile/Scenario/Login/004 - Login dengan mengaktifkan visible password" time="47.025" classname="Test Cases/Mobile/Scenario/Login/004 - Login dengan mengaktifkan visible password" status="PASSED">
         <system-out><![CDATA[2022-03-09 08:33:58 - [TEST_CASE][PASSED] - Test Cases/Mobile/Scenario/Login/004 - Login dengan mengaktifkan visible password: Test Cases/Mobile/Scenario/Login/004 - Login dengan mengaktifkan visible password

2022-03-09 08:33:58 - [TEST_STEP][PASSED] - callTestCase(findTestCase("Mobile/Page/Run App/Run App byID"), [:], STOP_ON_FAILURE): Call Test Case 'Test Cases/Mobile/Page/Run App/Run App byID' successfully

2022-03-09 08:33:58 - [TEST_CASE][PASSED] - Test Cases/Mobile/Page/Run App/Run App byID: Test Cases/Mobile/Page/Run App/Run App byID

2022-03-09 08:33:58 - [TEST_STEP][PASSED] - startApp.OpenApp.startApplication("id.co.miraeasset.sageclub"): startApp.OpenApp.startApplication is PASSED

2022-03-09 08:34:12 - [MESSAGE][PASSED] - Starting app with application ID: 'id.co.miraeasset.sageclub'

2022-03-09 08:34:12 - [MESSAGE][PASSED] - startApp.OpenApp.startApplication is PASSED

2022-03-09 08:34:12 - [MESSAGE][PASSED] - Call Test Case 'Test Cases/Mobile/Page/Run App/Run App byID' successfully

2022-03-09 08:34:12 - [TEST_STEP][PASSED] - callTestCase(findTestCase("Mobile/Page/Login/Login"), ["action":"visiblepassword"], CONTINUE_ON_FAILURE): Call Test Case 'Test Cases/Mobile/Page/Login/Login' successfully

2022-03-09 08:34:12 - [TEST_CASE][PASSED] - Test Cases/Mobile/Page/Login/Login: Test Cases/Mobile/Page/Login/Login

2022-03-09 08:34:12 - [TEST_STEP][PASSED] - delay(2): Delayed 2 second(s)

2022-03-09 08:34:14 - [MESSAGE][PASSED] - Delayed 2 second(s)

2022-03-09 08:34:14 - [TEST_STEP][PASSED] - for ([i = 0, i < 1, (i++)]): null

2022-03-09 08:34:14 - [TEST_STEP][PASSED] - if (action == "username"): null

2022-03-09 08:34:14 - [TEST_STEP][PASSED] - else if (action == "wrongpassword"): null

2022-03-09 08:34:14 - [TEST_STEP][PASSED] - else if (action == "nointernet"): null

2022-03-09 08:34:14 - [TEST_STEP][PASSED] - else if (action == "visiblepassword"): null

2022-03-09 08:34:14 - [TEST_STEP][PASSED] - tap(LOGN_EdtUserID, 0): Tapped on element 'Object Repository/Mobile/Page/Login/Input - UserID'

2022-03-09 08:34:14 - [MESSAGE][WARNING] - Timeout '0' is invalid. Using default page load timeout: '60'

2022-03-09 08:34:15 - [MESSAGE][PASSED] - Tapped on element 'Object Repository/Mobile/Page/Login/Input - UserID'

2022-03-09 08:34:15 - [TEST_STEP][PASSED] - delay(1): Delayed 1 second(s)

2022-03-09 08:34:16 - [MESSAGE][PASSED] - Delayed 1 second(s)

2022-03-09 08:34:16 - [TEST_STEP][PASSED] - setText(LOGN_EdtRdyUserID, "anggaaditya", 0): Text 'anggaaditya' has been set to element 'Object Repository/Mobile/Page/Login/Input Rdy - UserID'

2022-03-09 08:34:16 - [MESSAGE][WARNING] - Timeout '0' is invalid. Using default page load timeout: '60'

2022-03-09 08:34:16 - [MESSAGE][PASSED] - Text 'anggaaditya' has been set to element 'Object Repository/Mobile/Page/Login/Input Rdy - UserID'

2022-03-09 08:34:16 - [TEST_STEP][PASSED] - delay(1): Delayed 1 second(s)

2022-03-09 08:34:17 - [MESSAGE][PASSED] - Delayed 1 second(s)

2022-03-09 08:34:17 - [TEST_STEP][PASSED] - hideKeyboard(): Keyboard is hidden

2022-03-09 08:34:21 - [MESSAGE][PASSED] - Keyboard is hidden

2022-03-09 08:34:21 - [TEST_STEP][PASSED] - top = getElementTopPosition(LOGN_EdtPassword, 0): Object 'Object Repository/Mobile/Page/Login/Input - Password' has top position '842'

2022-03-09 08:34:21 - [MESSAGE][WARNING] - Timeout '0' is invalid. Using default page load timeout: '60'

2022-03-09 08:34:22 - [MESSAGE][PASSED] - Object 'Object Repository/Mobile/Page/Login/Input - Password' has top position '842'

2022-03-09 08:34:22 - [TEST_STEP][PASSED] - left = getElementLeftPosition(LOGN_EdtPassword, 0): Object 'Object Repository/Mobile/Page/Login/Input - Password' has left position '32'

2022-03-09 08:34:22 - [MESSAGE][WARNING] - Timeout '0' is invalid. Using default page load timeout: '60'

2022-03-09 08:34:22 - [MESSAGE][PASSED] - Object 'Object Repository/Mobile/Page/Login/Input - Password' has left position '32'

2022-03-09 08:34:22 - [TEST_STEP][PASSED] - x = left + getElementWidth(LOGN_EdtPassword, 0) * 0.9: Object 'Object Repository/Mobile/Page/Login/Input - Password' has width: '657'

2022-03-09 08:34:22 - [MESSAGE][WARNING] - Timeout '0' is invalid. Using default page load timeout: '60'

2022-03-09 08:34:22 - [MESSAGE][PASSED] - Object 'Object Repository/Mobile/Page/Login/Input - Password' has width: '657'

2022-03-09 08:34:22 - [TEST_STEP][PASSED] - y = top + getElementHeight(LOGN_EdtPassword, 0) / 2: Object 'Object Repository/Mobile/Page/Login/Input - Password' has height: '84'

2022-03-09 08:34:22 - [MESSAGE][WARNING] - Timeout '0' is invalid. Using default page load timeout: '60'

2022-03-09 08:34:22 - [MESSAGE][PASSED] - Object 'Object Repository/Mobile/Page/Login/Input - Password' has height: '84'

2022-03-09 08:34:22 - [TEST_STEP][PASSED] - tapAtPosition(x, y): Tapped at [623, 884]

2022-03-09 08:34:23 - [MESSAGE][PASSED] - Tapped at [623, 884]

2022-03-09 08:34:23 - [TEST_STEP][PASSED] - delay(1): Delayed 1 second(s)

2022-03-09 08:34:24 - [MESSAGE][PASSED] - Delayed 1 second(s)

2022-03-09 08:34:24 - [TEST_STEP][PASSED] - tap(LOGN_EdtPassword, 0): Tapped on element 'Object Repository/Mobile/Page/Login/Input - Password'

2022-03-09 08:34:24 - [MESSAGE][WARNING] - Timeout '0' is invalid. Using default page load timeout: '60'

2022-03-09 08:34:24 - [MESSAGE][PASSED] - Tapped on element 'Object Repository/Mobile/Page/Login/Input - Password'

2022-03-09 08:34:24 - [TEST_STEP][PASSED] - delay(1): Delayed 1 second(s)

2022-03-09 08:34:25 - [MESSAGE][PASSED] - Delayed 1 second(s)

2022-03-09 08:34:25 - [TEST_STEP][PASSED] - setText(LOGN_EdtRdyPassword, "Shalawa18", 0): Text 'Shalawa18' has been set to element 'Object Repository/Mobile/Page/Login/Input Rdy - Password'

2022-03-09 08:34:25 - [MESSAGE][WARNING] - Timeout '0' is invalid. Using default page load timeout: '60'

2022-03-09 08:34:26 - [MESSAGE][PASSED] - Text 'Shalawa18' has been set to element 'Object Repository/Mobile/Page/Login/Input Rdy - Password'

2022-03-09 08:34:26 - [TEST_STEP][PASSED] - delay(1): Delayed 1 second(s)

2022-03-09 08:34:27 - [MESSAGE][PASSED] - Delayed 1 second(s)

2022-03-09 08:34:27 - [TEST_STEP][PASSED] - hideKeyboard(): Keyboard is hidden

2022-03-09 08:34:31 - [MESSAGE][PASSED] - Keyboard is hidden

2022-03-09 08:34:31 - [TEST_STEP][PASSED] - tap(LOGN_BtnLogin, 0): Tapped on element 'Object Repository/Mobile/Page/Login/Button - Login'

2022-03-09 08:34:31 - [MESSAGE][WARNING] - Timeout '0' is invalid. Using default page load timeout: '60'

2022-03-09 08:34:31 - [MESSAGE][PASSED] - Tapped on element 'Object Repository/Mobile/Page/Login/Button - Login'

2022-03-09 08:34:31 - [TEST_STEP][PASSED] - delay(2): Delayed 2 second(s)

2022-03-09 08:34:33 - [MESSAGE][PASSED] - Delayed 2 second(s)

2022-03-09 08:34:33 - [TEST_STEP][PASSED] - break: null

2022-03-09 08:34:33 - [MESSAGE][PASSED] - Call Test Case 'Test Cases/Mobile/Page/Login/Login' successfully

2022-03-09 08:34:33 - [TEST_STEP][PASSED] - callTestCase(findTestCase("Mobile/Page/Run App/Terminate App"), [:], STOP_ON_FAILURE): Call Test Case 'Test Cases/Mobile/Page/Run App/Terminate App' successfully

2022-03-09 08:34:34 - [TEST_CASE][PASSED] - Test Cases/Mobile/Page/Run App/Terminate App: Test Cases/Mobile/Page/Run App/Terminate App

2022-03-09 08:34:34 - [TEST_STEP][PASSED] - startApp.OpenApp.terminateApplication(): startApp.OpenApp.terminateApplication is PASSED

2022-03-09 08:34:38 - [MESSAGE][PASSED] - Delayed 3 second(s)

2022-03-09 08:34:38 - [MESSAGE][PASSED] - Current device physical width is 720

2022-03-09 08:34:38 - [MESSAGE][PASSED] - Current device physical height is 1423

2022-03-09 08:34:40 - [MESSAGE][PASSED] - Swiped from 360,853 to 360,142

2022-03-09 08:34:41 - [MESSAGE][PASSED] - Delayed 1 second(s)

2022-03-09 08:34:42 - [MESSAGE][PASSED] - Swiped from 360,853 to 360,142

2022-03-09 08:34:45 - [MESSAGE][PASSED] - Delayed 3 second(s)

2022-03-09 08:34:45 - [MESSAGE][PASSED] - startApp.OpenApp.terminateApplication is PASSED

2022-03-09 08:34:45 - [MESSAGE][PASSED] - Call Test Case 'Test Cases/Mobile/Page/Run App/Terminate App' successfully]]></system-out>
         <system-err><![CDATA[]]></system-err>
      </testcase>
      <testcase name="Test Cases/Mobile/Scenario/Login/005 - Login menggunakan username dengan membatalkan fingerprint" time="50.726" classname="Test Cases/Mobile/Scenario/Login/005 - Login menggunakan username dengan membatalkan fingerprint" status="PASSED">
         <system-out><![CDATA[2022-03-09 08:34:45 - [TEST_CASE][PASSED] - Test Cases/Mobile/Scenario/Login/005 - Login menggunakan username dengan membatalkan fingerprint: Test Cases/Mobile/Scenario/Login/005 - Login menggunakan username dengan membatalkan fingerprint

2022-03-09 08:34:45 - [TEST_STEP][PASSED] - callTestCase(findTestCase("Mobile/Page/Run App/Run App byID"), [:], STOP_ON_FAILURE): Call Test Case 'Test Cases/Mobile/Page/Run App/Run App byID' successfully

2022-03-09 08:34:45 - [TEST_CASE][PASSED] - Test Cases/Mobile/Page/Run App/Run App byID: Test Cases/Mobile/Page/Run App/Run App byID

2022-03-09 08:34:45 - [TEST_STEP][PASSED] - startApp.OpenApp.startApplication("id.co.miraeasset.sageclub"): startApp.OpenApp.startApplication is PASSED

2022-03-09 08:34:58 - [MESSAGE][PASSED] - Starting app with application ID: 'id.co.miraeasset.sageclub'

2022-03-09 08:34:58 - [MESSAGE][PASSED] - startApp.OpenApp.startApplication is PASSED

2022-03-09 08:34:58 - [MESSAGE][PASSED] - Call Test Case 'Test Cases/Mobile/Page/Run App/Run App byID' successfully

2022-03-09 08:34:58 - [TEST_STEP][PASSED] - callTestCase(findTestCase("Mobile/Page/Login/Login"), ["action":"cancelfingerprint"], CONTINUE_ON_FAILURE): Call Test Case 'Test Cases/Mobile/Page/Login/Login' successfully

2022-03-09 08:34:58 - [TEST_CASE][PASSED] - Test Cases/Mobile/Page/Login/Login: Test Cases/Mobile/Page/Login/Login

2022-03-09 08:34:58 - [TEST_STEP][PASSED] - delay(2): Delayed 2 second(s)

2022-03-09 08:35:00 - [MESSAGE][PASSED] - Delayed 2 second(s)

2022-03-09 08:35:00 - [TEST_STEP][PASSED] - for ([i = 0, i < 1, (i++)]): Delayed 2 second(s)

2022-03-09 08:35:00 - [TEST_STEP][PASSED] - if (action == "username"): null

2022-03-09 08:35:00 - [TEST_STEP][PASSED] - else if (action == "wrongpassword"): null

2022-03-09 08:35:00 - [TEST_STEP][PASSED] - else if (action == "nointernet"): null

2022-03-09 08:35:00 - [TEST_STEP][PASSED] - else if (action == "visiblepassword"): null

2022-03-09 08:35:00 - [TEST_STEP][PASSED] - else if (action == "cancelfingerprint"): Delayed 2 second(s)

2022-03-09 08:35:00 - [TEST_STEP][PASSED] - tap(LOGN_BtnFingerprint, 0): Tapped on element 'Object Repository/Mobile/Page/Login/Button - Fingerprint'

2022-03-09 08:35:00 - [MESSAGE][WARNING] - Timeout '0' is invalid. Using default page load timeout: '60'

2022-03-09 08:35:02 - [MESSAGE][PASSED] - Tapped on element 'Object Repository/Mobile/Page/Login/Button - Fingerprint'

2022-03-09 08:35:02 - [TEST_STEP][PASSED] - delay(1): Delayed 1 second(s)

2022-03-09 08:35:03 - [MESSAGE][PASSED] - Delayed 1 second(s)

2022-03-09 08:35:03 - [TEST_STEP][PASSED] - pressBack(): Press back button successfully

2022-03-09 08:35:04 - [MESSAGE][PASSED] - Press back button successfully

2022-03-09 08:35:04 - [TEST_STEP][PASSED] - delay(1): Delayed 1 second(s)

2022-03-09 08:35:05 - [MESSAGE][PASSED] - Delayed 1 second(s)

2022-03-09 08:35:05 - [TEST_STEP][PASSED] - tap(LOGN_EdtUserID, 0): Tapped on element 'Object Repository/Mobile/Page/Login/Input - UserID'

2022-03-09 08:35:05 - [MESSAGE][WARNING] - Timeout '0' is invalid. Using default page load timeout: '60'

2022-03-09 08:35:05 - [MESSAGE][PASSED] - Tapped on element 'Object Repository/Mobile/Page/Login/Input - UserID'

2022-03-09 08:35:05 - [TEST_STEP][PASSED] - delay(1): Delayed 1 second(s)

2022-03-09 08:35:06 - [MESSAGE][PASSED] - Delayed 1 second(s)

2022-03-09 08:35:06 - [TEST_STEP][PASSED] - setText(LOGN_EdtRdyUserID, "anggaaditya", 0): Text 'anggaaditya' has been set to element 'Object Repository/Mobile/Page/Login/Input Rdy - UserID'

2022-03-09 08:35:06 - [MESSAGE][WARNING] - Timeout '0' is invalid. Using default page load timeout: '60'

2022-03-09 08:35:07 - [MESSAGE][PASSED] - Text 'anggaaditya' has been set to element 'Object Repository/Mobile/Page/Login/Input Rdy - UserID'

2022-03-09 08:35:07 - [TEST_STEP][PASSED] - delay(1): Delayed 1 second(s)

2022-03-09 08:35:08 - [MESSAGE][PASSED] - Delayed 1 second(s)

2022-03-09 08:35:08 - [TEST_STEP][PASSED] - hideKeyboard(): Keyboard is hidden

2022-03-09 08:35:11 - [MESSAGE][PASSED] - Keyboard is hidden

2022-03-09 08:35:12 - [TEST_STEP][PASSED] - tap(LOGN_EdtPassword, 0): Tapped on element 'Object Repository/Mobile/Page/Login/Input - Password'

2022-03-09 08:35:12 - [MESSAGE][WARNING] - Timeout '0' is invalid. Using default page load timeout: '60'

2022-03-09 08:35:12 - [MESSAGE][PASSED] - Tapped on element 'Object Repository/Mobile/Page/Login/Input - Password'

2022-03-09 08:35:12 - [TEST_STEP][PASSED] - delay(1): Delayed 1 second(s)

2022-03-09 08:35:13 - [MESSAGE][PASSED] - Delayed 1 second(s)

2022-03-09 08:35:13 - [TEST_STEP][PASSED] - setText(LOGN_EdtRdyPassword, "Shalawa18", 0): Text 'Shalawa18' has been set to element 'Object Repository/Mobile/Page/Login/Input Rdy - Password'

2022-03-09 08:35:13 - [MESSAGE][WARNING] - Timeout '0' is invalid. Using default page load timeout: '60'

2022-03-09 08:35:14 - [MESSAGE][PASSED] - Text 'Shalawa18' has been set to element 'Object Repository/Mobile/Page/Login/Input Rdy - Password'

2022-03-09 08:35:14 - [TEST_STEP][PASSED] - delay(1): Delayed 1 second(s)

2022-03-09 08:35:15 - [MESSAGE][PASSED] - Delayed 1 second(s)

2022-03-09 08:35:15 - [TEST_STEP][PASSED] - hideKeyboard(): Keyboard is hidden

2022-03-09 08:35:21 - [MESSAGE][PASSED] - Keyboard is hidden

2022-03-09 08:35:21 - [TEST_STEP][PASSED] - tap(LOGN_BtnLogin, 0): Tapped on element 'Object Repository/Mobile/Page/Login/Button - Login'

2022-03-09 08:35:21 - [MESSAGE][WARNING] - Timeout '0' is invalid. Using default page load timeout: '60'

2022-03-09 08:35:22 - [MESSAGE][PASSED] - Tapped on element 'Object Repository/Mobile/Page/Login/Button - Login'

2022-03-09 08:35:22 - [TEST_STEP][PASSED] - delay(2): Delayed 2 second(s)

2022-03-09 08:35:24 - [MESSAGE][PASSED] - Delayed 2 second(s)

2022-03-09 08:35:24 - [MESSAGE][PASSED] - Call Test Case 'Test Cases/Mobile/Page/Login/Login' successfully

2022-03-09 08:35:24 - [TEST_STEP][PASSED] - callTestCase(findTestCase("Mobile/Page/Run App/Terminate App"), [:], STOP_ON_FAILURE): Call Test Case 'Test Cases/Mobile/Page/Run App/Terminate App' successfully

2022-03-09 08:35:24 - [TEST_CASE][PASSED] - Test Cases/Mobile/Page/Run App/Terminate App: Test Cases/Mobile/Page/Run App/Terminate App

2022-03-09 08:35:24 - [TEST_STEP][PASSED] - startApp.OpenApp.terminateApplication(): startApp.OpenApp.terminateApplication is PASSED

2022-03-09 08:35:29 - [MESSAGE][PASSED] - Delayed 3 second(s)

2022-03-09 08:35:29 - [MESSAGE][PASSED] - Current device physical width is 720

2022-03-09 08:35:29 - [MESSAGE][PASSED] - Current device physical height is 1423

2022-03-09 08:35:30 - [MESSAGE][PASSED] - Swiped from 360,853 to 360,142

2022-03-09 08:35:31 - [MESSAGE][PASSED] - Delayed 1 second(s)

2022-03-09 08:35:33 - [MESSAGE][PASSED] - Swiped from 360,853 to 360,142

2022-03-09 08:35:36 - [MESSAGE][PASSED] - Delayed 3 second(s)

2022-03-09 08:35:36 - [MESSAGE][PASSED] - startApp.OpenApp.terminateApplication is PASSED

2022-03-09 08:35:36 - [MESSAGE][PASSED] - Call Test Case 'Test Cases/Mobile/Page/Run App/Terminate App' successfully]]></system-out>
         <system-err><![CDATA[]]></system-err>
      </testcase>
      <system-out><![CDATA[2022-03-09 08:31:10 - [TEST_SUITE][PASSED] - login: Test Cases/Mobile/Scenario/Login/005 - Login menggunakan username dengan membatalkan fingerprint]]></system-out>
      <system-err><![CDATA[]]></system-err>
   </testsuite>
</testsuites>
