<?xml version="1.0" encoding="UTF-8"?>
<testsuites name="portfolio" time="177.98" tests="2" failures="0" skips="0" errors="0">
   <testsuite name="portfolio" tests="2" failures="0" errors="0" time="177.98" skips="0" timestamp="2021-12-21 10:14:49" hostname="Owner - aldy-tft" id="Test Suites/portfolio">
      <properties>
         <property name="deviceName" value="samsung SM-A205F (Android 11)"/>
         <property name="devicePlatform" value=""/>
         <property name="logFolder" value="C:\\Users\\Owner\\Documents\\kerjaan\\KatalonProject\\qa_katalon_pwm\\qa_katalon_pwm\\Reports\\20211221_101442\\portfolio\\20211221_101442"/>
         <property name="logFiles" value="C:\\Users\\Owner\\Documents\\kerjaan\\KatalonProject\\qa_katalon_pwm\\qa_katalon_pwm\\Reports\\20211221_101442\\portfolio\\20211221_101442\\appium.log, C:\\Users\\Owner\\Documents\\kerjaan\\KatalonProject\\qa_katalon_pwm\\qa_katalon_pwm\\Reports\\20211221_101442\\portfolio\\20211221_101442\\execution0.log"/>
         <property name="attachments" value=""/>
         <property name="hostName" value="Owner - aldy-tft"/>
         <property name="os" value="Windows 10 64bit"/>
         <property name="appiumServerStatus" value="{&quot;value&quot;:{&quot;build&quot;:{&quot;version&quot;:&quot;1.22.0&quot;}},&quot;sessionId&quot;:null,&quot;status&quot;:0}"/>
         <property name="katalonVersion" value="7.9.1.208"/>
         <property name="deviceOS" value="Android"/>
         <property name="appiumVersion" value="1.22.0"/>
         <property name="deviceModel" value="SM-A205F"/>
         <property name="hostAddress" value="192.168.100.29"/>
         <property name="deviceManufacturer" value="samsung"/>
         <property name="deviceId" value="RR8M40C9AXE"/>
         <property name="deviceName" value="samsung SM-A205F (Android 11)"/>
         <property name="deviceOSVersion" value="11"/>
      </properties>
      <testcase name="Test Cases/Mobile/Scenario/Portfolio/007 - Portfolio Mutual Fund" time="120.938" classname="Test Cases/Mobile/Scenario/Portfolio/007 - Portfolio Mutual Fund" status="PASSED">
         <system-out><![CDATA[2021-12-21 10:14:50 - [TEST_CASE][PASSED] - Test Cases/Mobile/Scenario/Portfolio/007 - Portfolio Mutual Fund: Test Cases/Mobile/Scenario/Portfolio/007 - Portfolio Mutual Fund

2021-12-21 10:14:50 - [TEST_STEP][PASSED] - callTestCase(findTestCase("Mobile/Page/Run App/Run App byID"), [:], STOP_ON_FAILURE): Call Test Case 'Test Cases/Mobile/Page/Run App/Run App byID' successfully

2021-12-21 10:14:50 - [TEST_CASE][PASSED] - Test Cases/Mobile/Page/Run App/Run App byID: Test Cases/Mobile/Page/Run App/Run App byID

2021-12-21 10:14:51 - [TEST_STEP][PASSED] - startApp.OpenApp.startApplication("id.co.miraeasset.sageclub"): startApp.OpenApp.startApplication is PASSED

2021-12-21 10:14:52 - [MESSAGE][INFO] - Appium server started on port 60,182

2021-12-21 10:15:09 - [MESSAGE][PASSED] - Starting app with application ID: 'id.co.miraeasset.sageclub'

2021-12-21 10:15:09 - [MESSAGE][PASSED] - startApp.OpenApp.startApplication is PASSED

2021-12-21 10:15:09 - [MESSAGE][PASSED] - Call Test Case 'Test Cases/Mobile/Page/Run App/Run App byID' successfully

2021-12-21 10:15:09 - [TEST_STEP][PASSED] - callTestCase(findTestCase("Mobile/Page/Portfolio/Portfolio"), ["tab":"mutualfund", "action":"none"], CONTINUE_ON_FAILURE): Call Test Case 'Test Cases/Mobile/Page/Portfolio/Portfolio' successfully

2021-12-21 10:15:09 - [TEST_CASE][PASSED] - Test Cases/Mobile/Page/Portfolio/Portfolio: Test Cases/Mobile/Page/Portfolio/Portfolio

2021-12-21 10:15:10 - [TEST_STEP][PASSED] - callTestCase(findTestCase("Mobile/Page/CheckLogin"), [:], CONTINUE_ON_FAILURE): Call Test Case 'Test Cases/Mobile/Page/CheckLogin' successfully

2021-12-21 10:15:10 - [TEST_CASE][PASSED] - Test Cases/Mobile/Page/CheckLogin: Test Cases/Mobile/Page/CheckLogin

2021-12-21 10:15:10 - [TEST_STEP][PASSED] - loginCheck = verifyElementExist(findTestObject("Mobile/Page/Login/Button - Login"), 2, CONTINUE_ON_FAILURE): Element 'Object Repository/Mobile/Page/Login/Button - Login' is exist

2021-12-21 10:15:11 - [MESSAGE][PASSED] - Element 'Object Repository/Mobile/Page/Login/Button - Login' is exist

2021-12-21 10:15:11 - [TEST_STEP][PASSED] - if (loginCheck): Call Test Case 'Test Cases/Mobile/Page/Login/Login' successfully

2021-12-21 10:15:11 - [TEST_STEP][PASSED] - callTestCase(findTestCase("Mobile/Page/Login/Login"), [:], CONTINUE_ON_FAILURE): Call Test Case 'Test Cases/Mobile/Page/Login/Login' successfully

2021-12-21 10:15:11 - [TEST_CASE][PASSED] - Test Cases/Mobile/Page/Login/Login: Test Cases/Mobile/Page/Login/Login

2021-12-21 10:15:12 - [TEST_STEP][PASSED] - delay(2): Delayed 2 second(s)

2021-12-21 10:15:14 - [MESSAGE][PASSED] - Delayed 2 second(s)

2021-12-21 10:15:14 - [TEST_STEP][PASSED] - tap(findTestObject("Mobile/Page/Login/Input - UserID"), 0): Tapped on element 'Object Repository/Mobile/Page/Login/Input - UserID'

2021-12-21 10:15:14 - [MESSAGE][WARNING] - Timeout '0' is invalid. Using default page load timeout: '60'

2021-12-21 10:15:14 - [MESSAGE][PASSED] - Tapped on element 'Object Repository/Mobile/Page/Login/Input - UserID'

2021-12-21 10:15:14 - [TEST_STEP][PASSED] - delay(1): Delayed 1 second(s)

2021-12-21 10:15:15 - [MESSAGE][PASSED] - Delayed 1 second(s)

2021-12-21 10:15:15 - [TEST_STEP][PASSED] - setText(findTestObject("Mobile/Page/Login/Input Rdy - UserID"), "anggaaditya", 0): Text 'anggaaditya' has been set to element 'Object Repository/Mobile/Page/Login/Input Rdy - UserID'

2021-12-21 10:15:16 - [MESSAGE][WARNING] - Timeout '0' is invalid. Using default page load timeout: '60'

2021-12-21 10:15:16 - [MESSAGE][PASSED] - Text 'anggaaditya' has been set to element 'Object Repository/Mobile/Page/Login/Input Rdy - UserID'

2021-12-21 10:15:16 - [TEST_STEP][PASSED] - delay(1): Delayed 1 second(s)

2021-12-21 10:15:17 - [MESSAGE][PASSED] - Delayed 1 second(s)

2021-12-21 10:15:17 - [TEST_STEP][PASSED] - hideKeyboard(): Keyboard is hidden

2021-12-21 10:15:24 - [MESSAGE][PASSED] - Keyboard is hidden

2021-12-21 10:15:24 - [TEST_STEP][PASSED] - tap(findTestObject("Mobile/Page/Login/Input - Password"), 0): Tapped on element 'Object Repository/Mobile/Page/Login/Input - Password'

2021-12-21 10:15:24 - [MESSAGE][WARNING] - Timeout '0' is invalid. Using default page load timeout: '60'

2021-12-21 10:15:24 - [MESSAGE][PASSED] - Tapped on element 'Object Repository/Mobile/Page/Login/Input - Password'

2021-12-21 10:15:24 - [TEST_STEP][PASSED] - delay(1): Delayed 1 second(s)

2021-12-21 10:15:25 - [MESSAGE][PASSED] - Delayed 1 second(s)

2021-12-21 10:15:25 - [TEST_STEP][PASSED] - setText(findTestObject("Mobile/Page/Login/Input Rdy - Password"), "Shalawa18", 0): Text 'Shalawa18' has been set to element 'Object Repository/Mobile/Page/Login/Input Rdy - Password'

2021-12-21 10:15:25 - [MESSAGE][WARNING] - Timeout '0' is invalid. Using default page load timeout: '60'

2021-12-21 10:15:26 - [MESSAGE][PASSED] - Text 'Shalawa18' has been set to element 'Object Repository/Mobile/Page/Login/Input Rdy - Password'

2021-12-21 10:15:26 - [TEST_STEP][PASSED] - delay(1): Delayed 1 second(s)

2021-12-21 10:15:27 - [MESSAGE][PASSED] - Delayed 1 second(s)

2021-12-21 10:15:27 - [TEST_STEP][PASSED] - hideKeyboard(): Keyboard is hidden

2021-12-21 10:15:34 - [MESSAGE][PASSED] - Keyboard is hidden

2021-12-21 10:15:34 - [TEST_STEP][PASSED] - tap(findTestObject("Mobile/Page/Login/Button - Login"), 0): Tapped on element 'Object Repository/Mobile/Page/Login/Button - Login'

2021-12-21 10:15:34 - [MESSAGE][WARNING] - Timeout '0' is invalid. Using default page load timeout: '60'

2021-12-21 10:15:34 - [MESSAGE][PASSED] - Tapped on element 'Object Repository/Mobile/Page/Login/Button - Login'

2021-12-21 10:15:34 - [TEST_STEP][PASSED] - delay(2): Delayed 2 second(s)

2021-12-21 10:15:36 - [MESSAGE][PASSED] - Delayed 2 second(s)

2021-12-21 10:15:36 - [MESSAGE][PASSED] - Call Test Case 'Test Cases/Mobile/Page/Login/Login' successfully

2021-12-21 10:15:36 - [MESSAGE][PASSED] - Call Test Case 'Test Cases/Mobile/Page/CheckLogin' successfully

2021-12-21 10:15:36 - [TEST_STEP][PASSED] - tap(findTestObject("Mobile/Page/Home/Menubar - Portfolio"), 0): Tapped on element 'Object Repository/Mobile/Page/Home/Menubar - Portfolio'

2021-12-21 10:15:36 - [MESSAGE][WARNING] - Timeout '0' is invalid. Using default page load timeout: '60'

2021-12-21 10:15:37 - [MESSAGE][PASSED] - Tapped on element 'Object Repository/Mobile/Page/Home/Menubar - Portfolio'

2021-12-21 10:15:37 - [TEST_STEP][PASSED] - delay(1): Delayed 1 second(s)

2021-12-21 10:15:38 - [MESSAGE][PASSED] - Delayed 1 second(s)

2021-12-21 10:15:38 - [TEST_STEP][PASSED] - for ([i = 0, i < 1, (i++)]): scroll.scroll.scrollScreenBottomToTop is PASSED

2021-12-21 10:15:38 - [TEST_STEP][PASSED] - if (tab == "summary"): null

2021-12-21 10:15:38 - [TEST_STEP][PASSED] - else if (tab == "stock"): null

2021-12-21 10:15:38 - [TEST_STEP][PASSED] - else if (tab == "mutualfund"): scroll.scroll.scrollScreenBottomToTop is PASSED

2021-12-21 10:15:38 - [TEST_STEP][PASSED] - tap(findTestObject("Mobile/Page/Portfolio/Tab - Mutual Fund"), 0): Tapped on element 'Object Repository/Mobile/Page/Portfolio/Tab - Mutual Fund'

2021-12-21 10:15:39 - [MESSAGE][WARNING] - Timeout '0' is invalid. Using default page load timeout: '60'

2021-12-21 10:15:40 - [MESSAGE][PASSED] - Tapped on element 'Object Repository/Mobile/Page/Portfolio/Tab - Mutual Fund'

2021-12-21 10:15:40 - [TEST_STEP][PASSED] - delay(1): Delayed 1 second(s)

2021-12-21 10:15:41 - [MESSAGE][PASSED] - Delayed 1 second(s)

2021-12-21 10:15:41 - [TEST_STEP][PASSED] - try: scroll.scroll.scrollScreenBottomToTop is PASSED

2021-12-21 10:15:41 - [TEST_STEP][PASSED] - tapAndHold(findTestObject("Mobile/Page/Portfolio/Item - Top Mutual Fund"), 1, 10): Tapped and held on element 'Object Repository/Mobile/Page/Portfolio/Item - Top Mutual Fund' with duration 1

2021-12-21 10:15:44 - [MESSAGE][PASSED] - Tapped and held on element 'Object Repository/Mobile/Page/Portfolio/Item - Top Mutual Fund' with duration 1

2021-12-21 10:15:44 - [TEST_STEP][PASSED] - delay(2): Delayed 2 second(s)

2021-12-21 10:15:46 - [MESSAGE][PASSED] - Delayed 2 second(s)

2021-12-21 10:15:46 - [TEST_STEP][PASSED] - tapAndHold(findTestObject("Object Repository/Mobile/Page/Portfolio/Detail Mutual Funds/Button - 1 Month"), 1, 0): Tapped and held on element 'Object Repository/Mobile/Page/Portfolio/Detail Mutual Funds/Button - 1 Month' with duration 1

2021-12-21 10:15:46 - [MESSAGE][WARNING] - Timeout '0' is invalid. Using default page load timeout: '60'

2021-12-21 10:15:49 - [MESSAGE][PASSED] - Tapped and held on element 'Object Repository/Mobile/Page/Portfolio/Detail Mutual Funds/Button - 1 Month' with duration 1

2021-12-21 10:15:49 - [TEST_STEP][PASSED] - delay(3): Delayed 3 second(s)

2021-12-21 10:15:52 - [MESSAGE][PASSED] - Delayed 3 second(s)

2021-12-21 10:15:52 - [TEST_STEP][PASSED] - scroll.scroll.scrollScreenBottomToTop(): scroll.scroll.scrollScreenBottomToTop is PASSED

2021-12-21 10:15:53 - [MESSAGE][PASSED] - Current device physical height is 1423

2021-12-21 10:15:53 - [MESSAGE][PASSED] - Current device physical width is 720

2021-12-21 10:15:54 - [MESSAGE][PASSED] - Swiped from 360,1,138 to 360,284

2021-12-21 10:15:54 - [MESSAGE][PASSED] - scroll.scroll.scrollScreenBottomToTop is PASSED

2021-12-21 10:15:54 - [TEST_STEP][PASSED] - tapAndHold(findTestObject("Object Repository/Mobile/Page/Portfolio/Detail Mutual Funds/Button - 3 Month"), 1, 0): Tapped and held on element 'Object Repository/Mobile/Page/Portfolio/Detail Mutual Funds/Button - 3 Month' with duration 1

2021-12-21 10:15:54 - [MESSAGE][WARNING] - Timeout '0' is invalid. Using default page load timeout: '60'

2021-12-21 10:15:57 - [MESSAGE][PASSED] - Tapped and held on element 'Object Repository/Mobile/Page/Portfolio/Detail Mutual Funds/Button - 3 Month' with duration 1

2021-12-21 10:15:57 - [TEST_STEP][PASSED] - delay(3): Delayed 3 second(s)

2021-12-21 10:16:00 - [MESSAGE][PASSED] - Delayed 3 second(s)

2021-12-21 10:16:00 - [TEST_STEP][PASSED] - scroll.scroll.scrollScreenBottomToTop(): scroll.scroll.scrollScreenBottomToTop is PASSED

2021-12-21 10:16:00 - [MESSAGE][PASSED] - Current device physical height is 1423

2021-12-21 10:16:00 - [MESSAGE][PASSED] - Current device physical width is 720

2021-12-21 10:16:02 - [MESSAGE][PASSED] - Swiped from 360,1,138 to 360,284

2021-12-21 10:16:02 - [MESSAGE][PASSED] - scroll.scroll.scrollScreenBottomToTop is PASSED

2021-12-21 10:16:02 - [TEST_STEP][PASSED] - tapAndHold(findTestObject("Object Repository/Mobile/Page/Portfolio/Detail Mutual Funds/Button - 6 Month"), 1, 0): Tapped and held on element 'Object Repository/Mobile/Page/Portfolio/Detail Mutual Funds/Button - 6 Month' with duration 1

2021-12-21 10:16:02 - [MESSAGE][WARNING] - Timeout '0' is invalid. Using default page load timeout: '60'

2021-12-21 10:16:05 - [MESSAGE][PASSED] - Tapped and held on element 'Object Repository/Mobile/Page/Portfolio/Detail Mutual Funds/Button - 6 Month' with duration 1

2021-12-21 10:16:05 - [TEST_STEP][PASSED] - delay(3): Delayed 3 second(s)

2021-12-21 10:16:08 - [MESSAGE][PASSED] - Delayed 3 second(s)

2021-12-21 10:16:08 - [TEST_STEP][PASSED] - scroll.scroll.scrollScreenBottomToTop(): scroll.scroll.scrollScreenBottomToTop is PASSED

2021-12-21 10:16:09 - [MESSAGE][PASSED] - Current device physical height is 1423

2021-12-21 10:16:09 - [MESSAGE][PASSED] - Current device physical width is 720

2021-12-21 10:16:10 - [MESSAGE][PASSED] - Swiped from 360,1,138 to 360,284

2021-12-21 10:16:10 - [MESSAGE][PASSED] - scroll.scroll.scrollScreenBottomToTop is PASSED

2021-12-21 10:16:10 - [TEST_STEP][PASSED] - tapAndHold(findTestObject("Object Repository/Mobile/Page/Portfolio/Detail Mutual Funds/Button - 1 Year"), 1, 0): Tapped and held on element 'Object Repository/Mobile/Page/Portfolio/Detail Mutual Funds/Button - 1 Year' with duration 1

2021-12-21 10:16:10 - [MESSAGE][WARNING] - Timeout '0' is invalid. Using default page load timeout: '60'

2021-12-21 10:16:13 - [MESSAGE][PASSED] - Tapped and held on element 'Object Repository/Mobile/Page/Portfolio/Detail Mutual Funds/Button - 1 Year' with duration 1

2021-12-21 10:16:13 - [TEST_STEP][PASSED] - delay(3): Delayed 3 second(s)

2021-12-21 10:16:16 - [MESSAGE][PASSED] - Delayed 3 second(s)

2021-12-21 10:16:16 - [TEST_STEP][PASSED] - scroll.scroll.scrollScreenBottomToTop(): scroll.scroll.scrollScreenBottomToTop is PASSED

2021-12-21 10:16:16 - [MESSAGE][PASSED] - Current device physical height is 1423

2021-12-21 10:16:16 - [MESSAGE][PASSED] - Current device physical width is 720

2021-12-21 10:16:18 - [MESSAGE][PASSED] - Swiped from 360,1,138 to 360,284

2021-12-21 10:16:18 - [MESSAGE][PASSED] - scroll.scroll.scrollScreenBottomToTop is PASSED

2021-12-21 10:16:18 - [TEST_STEP][PASSED] - tapAndHold(findTestObject("Object Repository/Mobile/Page/Portfolio/Detail Mutual Funds/Button - 3 Year"), 1, 0): Tapped and held on element 'Object Repository/Mobile/Page/Portfolio/Detail Mutual Funds/Button - 3 Year' with duration 1

2021-12-21 10:16:18 - [MESSAGE][WARNING] - Timeout '0' is invalid. Using default page load timeout: '60'

2021-12-21 10:16:21 - [MESSAGE][PASSED] - Tapped and held on element 'Object Repository/Mobile/Page/Portfolio/Detail Mutual Funds/Button - 3 Year' with duration 1

2021-12-21 10:16:21 - [TEST_STEP][PASSED] - delay(3): Delayed 3 second(s)

2021-12-21 10:16:24 - [MESSAGE][PASSED] - Delayed 3 second(s)

2021-12-21 10:16:24 - [TEST_STEP][PASSED] - scroll.scroll.scrollScreenBottomToTop(): scroll.scroll.scrollScreenBottomToTop is PASSED

2021-12-21 10:16:24 - [MESSAGE][PASSED] - Current device physical height is 1423

2021-12-21 10:16:24 - [MESSAGE][PASSED] - Current device physical width is 720

2021-12-21 10:16:25 - [MESSAGE][PASSED] - Swiped from 360,1,138 to 360,284

2021-12-21 10:16:25 - [MESSAGE][PASSED] - scroll.scroll.scrollScreenBottomToTop is PASSED

2021-12-21 10:16:25 - [TEST_STEP][PASSED] - tapAndHold(findTestObject("Object Repository/Mobile/Page/Portfolio/Detail Mutual Funds/Button - 5 Year"), 1, 0): Tapped and held on element 'Object Repository/Mobile/Page/Portfolio/Detail Mutual Funds/Button - 5 Year' with duration 1

2021-12-21 10:16:25 - [MESSAGE][WARNING] - Timeout '0' is invalid. Using default page load timeout: '60'

2021-12-21 10:16:28 - [MESSAGE][PASSED] - Tapped and held on element 'Object Repository/Mobile/Page/Portfolio/Detail Mutual Funds/Button - 5 Year' with duration 1

2021-12-21 10:16:28 - [TEST_STEP][PASSED] - delay(3): Delayed 3 second(s)

2021-12-21 10:16:31 - [MESSAGE][PASSED] - Delayed 3 second(s)

2021-12-21 10:16:31 - [TEST_STEP][PASSED] - scroll.scroll.scrollScreenBottomToTop(): scroll.scroll.scrollScreenBottomToTop is PASSED

2021-12-21 10:16:31 - [MESSAGE][PASSED] - Current device physical height is 1423

2021-12-21 10:16:32 - [MESSAGE][PASSED] - Current device physical width is 720

2021-12-21 10:16:33 - [MESSAGE][PASSED] - Swiped from 360,1,138 to 360,284

2021-12-21 10:16:33 - [MESSAGE][PASSED] - scroll.scroll.scrollScreenBottomToTop is PASSED

2021-12-21 10:16:33 - [TEST_STEP][PASSED] - tapAndHold(findTestObject("Object Repository/Mobile/Page/Portfolio/Detail Mutual Funds/Button - 10 Year"), 1, 0): Tapped and held on element 'Object Repository/Mobile/Page/Portfolio/Detail Mutual Funds/Button - 10 Year' with duration 1

2021-12-21 10:16:33 - [MESSAGE][WARNING] - Timeout '0' is invalid. Using default page load timeout: '60'

2021-12-21 10:16:36 - [MESSAGE][PASSED] - Tapped and held on element 'Object Repository/Mobile/Page/Portfolio/Detail Mutual Funds/Button - 10 Year' with duration 1

2021-12-21 10:16:36 - [TEST_STEP][PASSED] - delay(3): Delayed 3 second(s)

2021-12-21 10:16:39 - [MESSAGE][PASSED] - Delayed 3 second(s)

2021-12-21 10:16:39 - [TEST_STEP][PASSED] - scroll.scroll.scrollScreenBottomToTop(): scroll.scroll.scrollScreenBottomToTop is PASSED

2021-12-21 10:16:39 - [MESSAGE][PASSED] - Current device physical height is 1423

2021-12-21 10:16:39 - [MESSAGE][PASSED] - Current device physical width is 720

2021-12-21 10:16:40 - [MESSAGE][PASSED] - Swiped from 360,1,138 to 360,284

2021-12-21 10:16:40 - [MESSAGE][PASSED] - scroll.scroll.scrollScreenBottomToTop is PASSED

2021-12-21 10:16:40 - [MESSAGE][PASSED] - Call Test Case 'Test Cases/Mobile/Page/Portfolio/Portfolio' successfully

2021-12-21 10:16:40 - [TEST_STEP][PASSED] - callTestCase(findTestCase("Mobile/Page/Run App/Terminate App"), [:], STOP_ON_FAILURE): Call Test Case 'Test Cases/Mobile/Page/Run App/Terminate App' successfully

2021-12-21 10:16:40 - [TEST_CASE][PASSED] - Test Cases/Mobile/Page/Run App/Terminate App: Test Cases/Mobile/Page/Run App/Terminate App

2021-12-21 10:16:41 - [TEST_STEP][PASSED] - startApp.OpenApp.terminateApplication(): startApp.OpenApp.terminateApplication is PASSED

2021-12-21 10:16:44 - [MESSAGE][PASSED] - Delayed 3 second(s)

2021-12-21 10:16:44 - [MESSAGE][PASSED] - Current device physical width is 720

2021-12-21 10:16:44 - [MESSAGE][PASSED] - Current device physical height is 1423

2021-12-21 10:16:45 - [MESSAGE][PASSED] - Swiped from 360,853 to 360,142

2021-12-21 10:16:47 - [MESSAGE][PASSED] - Delayed 1 second(s)

2021-12-21 10:16:48 - [MESSAGE][PASSED] - Swiped from 360,853 to 360,142

2021-12-21 10:16:51 - [MESSAGE][PASSED] - Delayed 3 second(s)

2021-12-21 10:16:51 - [MESSAGE][PASSED] - startApp.OpenApp.terminateApplication is PASSED

2021-12-21 10:16:51 - [MESSAGE][PASSED] - Call Test Case 'Test Cases/Mobile/Page/Run App/Terminate App' successfully]]></system-out>
         <system-err><![CDATA[]]></system-err>
      </testcase>
      <testcase name="Test Cases/Mobile/Scenario/Portfolio/008 - Portfolio Bond" time="56.037" classname="Test Cases/Mobile/Scenario/Portfolio/008 - Portfolio Bond" status="PASSED">
         <system-out><![CDATA[2021-12-21 10:16:51 - [TEST_CASE][PASSED] - Test Cases/Mobile/Scenario/Portfolio/008 - Portfolio Bond: Test Cases/Mobile/Scenario/Portfolio/008 - Portfolio Bond

2021-12-21 10:16:51 - [TEST_STEP][PASSED] - callTestCase(findTestCase("Mobile/Page/Run App/Run App byID"), [:], STOP_ON_FAILURE): Call Test Case 'Test Cases/Mobile/Page/Run App/Run App byID' successfully

2021-12-21 10:16:51 - [TEST_CASE][PASSED] - Test Cases/Mobile/Page/Run App/Run App byID: Test Cases/Mobile/Page/Run App/Run App byID

2021-12-21 10:16:51 - [TEST_STEP][PASSED] - startApp.OpenApp.startApplication("id.co.miraeasset.sageclub"): startApp.OpenApp.startApplication is PASSED

2021-12-21 10:17:03 - [MESSAGE][PASSED] - Starting app with application ID: 'id.co.miraeasset.sageclub'

2021-12-21 10:17:03 - [MESSAGE][PASSED] - startApp.OpenApp.startApplication is PASSED

2021-12-21 10:17:03 - [MESSAGE][PASSED] - Call Test Case 'Test Cases/Mobile/Page/Run App/Run App byID' successfully

2021-12-21 10:17:03 - [TEST_STEP][PASSED] - callTestCase(findTestCase("Mobile/Page/Portfolio/Portfolio"), ["tab":"bond", "action":"none"], CONTINUE_ON_FAILURE): Call Test Case 'Test Cases/Mobile/Page/Portfolio/Portfolio' successfully

2021-12-21 10:17:03 - [TEST_CASE][PASSED] - Test Cases/Mobile/Page/Portfolio/Portfolio: Test Cases/Mobile/Page/Portfolio/Portfolio

2021-12-21 10:17:03 - [TEST_STEP][PASSED] - callTestCase(findTestCase("Mobile/Page/CheckLogin"), [:], CONTINUE_ON_FAILURE): Call Test Case 'Test Cases/Mobile/Page/CheckLogin' successfully

2021-12-21 10:17:03 - [TEST_CASE][PASSED] - Test Cases/Mobile/Page/CheckLogin: Test Cases/Mobile/Page/CheckLogin

2021-12-21 10:17:03 - [TEST_STEP][PASSED] - loginCheck = verifyElementExist(findTestObject("Mobile/Page/Login/Button - Login"), 2, CONTINUE_ON_FAILURE): Element 'Object Repository/Mobile/Page/Login/Button - Login' is exist

2021-12-21 10:17:05 - [MESSAGE][PASSED] - Element 'Object Repository/Mobile/Page/Login/Button - Login' is exist

2021-12-21 10:17:05 - [TEST_STEP][PASSED] - if (loginCheck): Call Test Case 'Test Cases/Mobile/Page/Login/Login' successfully

2021-12-21 10:17:05 - [TEST_STEP][PASSED] - callTestCase(findTestCase("Mobile/Page/Login/Login"), [:], CONTINUE_ON_FAILURE): Call Test Case 'Test Cases/Mobile/Page/Login/Login' successfully

2021-12-21 10:17:05 - [TEST_CASE][PASSED] - Test Cases/Mobile/Page/Login/Login: Test Cases/Mobile/Page/Login/Login

2021-12-21 10:17:05 - [TEST_STEP][PASSED] - delay(2): Delayed 2 second(s)

2021-12-21 10:17:07 - [MESSAGE][PASSED] - Delayed 2 second(s)

2021-12-21 10:17:07 - [TEST_STEP][PASSED] - tap(findTestObject("Mobile/Page/Login/Input - UserID"), 0): Tapped on element 'Object Repository/Mobile/Page/Login/Input - UserID'

2021-12-21 10:17:07 - [MESSAGE][WARNING] - Timeout '0' is invalid. Using default page load timeout: '60'

2021-12-21 10:17:08 - [MESSAGE][PASSED] - Tapped on element 'Object Repository/Mobile/Page/Login/Input - UserID'

2021-12-21 10:17:08 - [TEST_STEP][PASSED] - delay(1): Delayed 1 second(s)

2021-12-21 10:17:09 - [MESSAGE][PASSED] - Delayed 1 second(s)

2021-12-21 10:17:09 - [TEST_STEP][PASSED] - setText(findTestObject("Mobile/Page/Login/Input Rdy - UserID"), "anggaaditya", 0): Text 'anggaaditya' has been set to element 'Object Repository/Mobile/Page/Login/Input Rdy - UserID'

2021-12-21 10:17:09 - [MESSAGE][WARNING] - Timeout '0' is invalid. Using default page load timeout: '60'

2021-12-21 10:17:10 - [MESSAGE][PASSED] - Text 'anggaaditya' has been set to element 'Object Repository/Mobile/Page/Login/Input Rdy - UserID'

2021-12-21 10:17:10 - [TEST_STEP][PASSED] - delay(1): Delayed 1 second(s)

2021-12-21 10:17:11 - [MESSAGE][PASSED] - Delayed 1 second(s)

2021-12-21 10:17:11 - [TEST_STEP][PASSED] - hideKeyboard(): Keyboard is hidden

2021-12-21 10:17:15 - [MESSAGE][PASSED] - Keyboard is hidden

2021-12-21 10:17:15 - [TEST_STEP][PASSED] - tap(findTestObject("Mobile/Page/Login/Input - Password"), 0): Tapped on element 'Object Repository/Mobile/Page/Login/Input - Password'

2021-12-21 10:17:15 - [MESSAGE][WARNING] - Timeout '0' is invalid. Using default page load timeout: '60'

2021-12-21 10:17:16 - [MESSAGE][PASSED] - Tapped on element 'Object Repository/Mobile/Page/Login/Input - Password'

2021-12-21 10:17:16 - [TEST_STEP][PASSED] - delay(1): Delayed 1 second(s)

2021-12-21 10:17:17 - [MESSAGE][PASSED] - Delayed 1 second(s)

2021-12-21 10:17:17 - [TEST_STEP][PASSED] - setText(findTestObject("Mobile/Page/Login/Input Rdy - Password"), "Shalawa18", 0): Text 'Shalawa18' has been set to element 'Object Repository/Mobile/Page/Login/Input Rdy - Password'

2021-12-21 10:17:17 - [MESSAGE][WARNING] - Timeout '0' is invalid. Using default page load timeout: '60'

2021-12-21 10:17:17 - [MESSAGE][PASSED] - Text 'Shalawa18' has been set to element 'Object Repository/Mobile/Page/Login/Input Rdy - Password'

2021-12-21 10:17:17 - [TEST_STEP][PASSED] - delay(1): Delayed 1 second(s)

2021-12-21 10:17:18 - [MESSAGE][PASSED] - Delayed 1 second(s)

2021-12-21 10:17:18 - [TEST_STEP][PASSED] - hideKeyboard(): Keyboard is hidden

2021-12-21 10:17:25 - [MESSAGE][PASSED] - Keyboard is hidden

2021-12-21 10:17:25 - [TEST_STEP][PASSED] - tap(findTestObject("Mobile/Page/Login/Button - Login"), 0): Tapped on element 'Object Repository/Mobile/Page/Login/Button - Login'

2021-12-21 10:17:25 - [MESSAGE][WARNING] - Timeout '0' is invalid. Using default page load timeout: '60'

2021-12-21 10:17:26 - [MESSAGE][PASSED] - Tapped on element 'Object Repository/Mobile/Page/Login/Button - Login'

2021-12-21 10:17:26 - [TEST_STEP][PASSED] - delay(2): Delayed 2 second(s)

2021-12-21 10:17:28 - [MESSAGE][PASSED] - Delayed 2 second(s)

2021-12-21 10:17:28 - [MESSAGE][PASSED] - Call Test Case 'Test Cases/Mobile/Page/Login/Login' successfully

2021-12-21 10:17:28 - [MESSAGE][PASSED] - Call Test Case 'Test Cases/Mobile/Page/CheckLogin' successfully

2021-12-21 10:17:28 - [TEST_STEP][PASSED] - tap(findTestObject("Mobile/Page/Home/Menubar - Portfolio"), 0): Tapped on element 'Object Repository/Mobile/Page/Home/Menubar - Portfolio'

2021-12-21 10:17:28 - [MESSAGE][WARNING] - Timeout '0' is invalid. Using default page load timeout: '60'

2021-12-21 10:17:29 - [MESSAGE][PASSED] - Tapped on element 'Object Repository/Mobile/Page/Home/Menubar - Portfolio'

2021-12-21 10:17:29 - [TEST_STEP][PASSED] - delay(1): Delayed 1 second(s)

2021-12-21 10:17:30 - [MESSAGE][PASSED] - Delayed 1 second(s)

2021-12-21 10:17:30 - [TEST_STEP][PASSED] - for ([i = 0, i < 1, (i++)]): Delayed 3 second(s)

2021-12-21 10:17:30 - [TEST_STEP][PASSED] - if (tab == "summary"): null

2021-12-21 10:17:30 - [TEST_STEP][PASSED] - else if (tab == "stock"): null

2021-12-21 10:17:30 - [TEST_STEP][PASSED] - else if (tab == "mutualfund"): null

2021-12-21 10:17:30 - [TEST_STEP][PASSED] - else if (tab == "bond"): Delayed 3 second(s)

2021-12-21 10:17:30 - [TEST_STEP][PASSED] - tap(findTestObject("Mobile/Page/Portfolio/Tab - Bond"), 0): Tapped on element 'Object Repository/Mobile/Page/Portfolio/Tab - Bond'

2021-12-21 10:17:30 - [MESSAGE][WARNING] - Timeout '0' is invalid. Using default page load timeout: '60'

2021-12-21 10:17:32 - [MESSAGE][PASSED] - Tapped on element 'Object Repository/Mobile/Page/Portfolio/Tab - Bond'

2021-12-21 10:17:32 - [TEST_STEP][PASSED] - scroll.scroll.scrollScreenBottomToTop(): scroll.scroll.scrollScreenBottomToTop is PASSED

2021-12-21 10:17:32 - [MESSAGE][PASSED] - Current device physical height is 1423

2021-12-21 10:17:32 - [MESSAGE][PASSED] - Current device physical width is 720

2021-12-21 10:17:33 - [MESSAGE][PASSED] - Swiped from 360,1,138 to 360,284

2021-12-21 10:17:33 - [MESSAGE][PASSED] - scroll.scroll.scrollScreenBottomToTop is PASSED

2021-12-21 10:17:33 - [TEST_STEP][PASSED] - delay(3): Delayed 3 second(s)

2021-12-21 10:17:37 - [MESSAGE][PASSED] - Delayed 3 second(s)

2021-12-21 10:17:37 - [MESSAGE][PASSED] - Call Test Case 'Test Cases/Mobile/Page/Portfolio/Portfolio' successfully

2021-12-21 10:17:37 - [TEST_STEP][PASSED] - callTestCase(findTestCase("Mobile/Page/Run App/Terminate App"), [:], STOP_ON_FAILURE): Call Test Case 'Test Cases/Mobile/Page/Run App/Terminate App' successfully

2021-12-21 10:17:37 - [TEST_CASE][PASSED] - Test Cases/Mobile/Page/Run App/Terminate App: Test Cases/Mobile/Page/Run App/Terminate App

2021-12-21 10:17:37 - [TEST_STEP][PASSED] - startApp.OpenApp.terminateApplication(): startApp.OpenApp.terminateApplication is PASSED

2021-12-21 10:17:40 - [MESSAGE][PASSED] - Delayed 3 second(s)

2021-12-21 10:17:40 - [MESSAGE][PASSED] - Current device physical width is 720

2021-12-21 10:17:40 - [MESSAGE][PASSED] - Current device physical height is 1423

2021-12-21 10:17:41 - [MESSAGE][PASSED] - Swiped from 360,853 to 360,142

2021-12-21 10:17:43 - [MESSAGE][PASSED] - Delayed 1 second(s)

2021-12-21 10:17:44 - [MESSAGE][PASSED] - Swiped from 360,853 to 360,142

2021-12-21 10:17:47 - [MESSAGE][PASSED] - Delayed 3 second(s)

2021-12-21 10:17:47 - [MESSAGE][PASSED] - startApp.OpenApp.terminateApplication is PASSED

2021-12-21 10:17:47 - [MESSAGE][PASSED] - Call Test Case 'Test Cases/Mobile/Page/Run App/Terminate App' successfully]]></system-out>
         <system-err><![CDATA[]]></system-err>
      </testcase>
      <system-out><![CDATA[2021-12-21 10:14:49 - [TEST_SUITE][PASSED] - portfolio: Test Cases/Mobile/Scenario/Portfolio/008 - Portfolio Bond]]></system-out>
      <system-err><![CDATA[]]></system-err>
   </testsuite>
</testsuites>
