<?xml version="1.0" encoding="UTF-8"?>
<testsuites name="news" time="367.758" tests="5" failures="0" skips="0" errors="0">
   <testsuite name="news" tests="5" failures="0" errors="0" time="367.758" skips="0" timestamp="2022-01-03 08:21:38" hostname="Owner - aldy-tft" id="Test Suites/news">
      <properties>
         <property name="deviceName" value="samsung SM-A205F (Android 11)"/>
         <property name="devicePlatform" value=""/>
         <property name="logFolder" value="C:\\Users\\Owner\\Documents\\kerjaan\\KatalonProject\\qa_katalon_pwm\\qa_katalon_pwm\\Reports\\20220103_074849\\news\\20220103_074905"/>
         <property name="logFiles" value="C:\\Users\\Owner\\Documents\\kerjaan\\KatalonProject\\qa_katalon_pwm\\qa_katalon_pwm\\Reports\\20220103_074849\\news\\20220103_074905\\appium.log, C:\\Users\\Owner\\Documents\\kerjaan\\KatalonProject\\qa_katalon_pwm\\qa_katalon_pwm\\Reports\\20220103_074849\\news\\20220103_074905\\execution0.log"/>
         <property name="attachments" value=""/>
         <property name="hostName" value="Owner - aldy-tft"/>
         <property name="os" value="Windows 10 64bit"/>
         <property name="appiumServerStatus" value="{&quot;value&quot;:{&quot;build&quot;:{&quot;version&quot;:&quot;1.22.0&quot;}},&quot;sessionId&quot;:null,&quot;status&quot;:0}"/>
         <property name="katalonVersion" value="7.9.1.208"/>
         <property name="deviceOS" value="Android"/>
         <property name="appiumVersion" value="1.22.0"/>
         <property name="deviceModel" value="SM-A205F"/>
         <property name="hostAddress" value="10.0.30.143"/>
         <property name="deviceManufacturer" value="samsung"/>
         <property name="deviceId" value="RR8M40C9AXE"/>
         <property name="deviceName" value="samsung SM-A205F (Android 11)"/>
         <property name="deviceOSVersion" value="11"/>
      </properties>
      <testcase name="Test Cases/Mobile/Scenario/News/001 - News World Indices" time="95.936" classname="Test Cases/Mobile/Scenario/News/001 - News World Indices" status="PASSED">
         <system-out><![CDATA[2022-01-03 08:21:39 - [TEST_CASE][PASSED] - Test Cases/Mobile/Scenario/News/001 - News World Indices: Test Cases/Mobile/Scenario/News/001 - News World Indices

2022-01-03 08:21:39 - [TEST_STEP][PASSED] - callTestCase(findTestCase("Mobile/Page/Run App/Run App byID"), [:], STOP_ON_FAILURE): Call Test Case 'Test Cases/Mobile/Page/Run App/Run App byID' successfully

2022-01-03 08:21:39 - [TEST_CASE][PASSED] - Test Cases/Mobile/Page/Run App/Run App byID: Test Cases/Mobile/Page/Run App/Run App byID

2022-01-03 08:21:40 - [TEST_STEP][PASSED] - startApp.OpenApp.startApplication("id.co.miraeasset.sageclub"): startApp.OpenApp.startApplication is PASSED

2022-01-03 08:21:41 - [MESSAGE][INFO] - Appium server started on port 54,273

2022-01-03 08:21:58 - [MESSAGE][PASSED] - Starting app with application ID: 'id.co.miraeasset.sageclub'

2022-01-03 08:21:58 - [MESSAGE][PASSED] - startApp.OpenApp.startApplication is PASSED

2022-01-03 08:21:58 - [MESSAGE][PASSED] - Call Test Case 'Test Cases/Mobile/Page/Run App/Run App byID' successfully

2022-01-03 08:21:58 - [TEST_STEP][PASSED] - callTestCase(findTestCase("Mobile/Page/News/News"), ["tab":"worldindices"], CONTINUE_ON_FAILURE): Call Test Case 'Test Cases/Mobile/Page/News/News' successfully

2022-01-03 08:21:58 - [TEST_CASE][PASSED] - Test Cases/Mobile/Page/News/News: Test Cases/Mobile/Page/News/News

2022-01-03 08:21:59 - [TEST_STEP][PASSED] - callTestCase(findTestCase("Mobile/Page/CheckLogin"), [:], CONTINUE_ON_FAILURE): Call Test Case 'Test Cases/Mobile/Page/CheckLogin' successfully

2022-01-03 08:21:59 - [TEST_CASE][PASSED] - Test Cases/Mobile/Page/CheckLogin: Test Cases/Mobile/Page/CheckLogin

2022-01-03 08:21:59 - [TEST_STEP][PASSED] - loginCheck = verifyElementExist(LOGN_BtnLogin, 5, CONTINUE_ON_FAILURE): Element 'Object Repository/Mobile/Page/Login/Button - Login' is exist

2022-01-03 08:22:19 - [MESSAGE][PASSED] - Element 'Object Repository/Mobile/Page/Login/Button - Login' is exist

2022-01-03 08:22:19 - [TEST_STEP][PASSED] - if (loginCheck): Call Test Case 'Test Cases/Mobile/Page/Login/Login' successfully

2022-01-03 08:22:19 - [TEST_STEP][PASSED] - callTestCase(findTestCase("Mobile/Page/Login/Login"), ["action":"username"], CONTINUE_ON_FAILURE): Call Test Case 'Test Cases/Mobile/Page/Login/Login' successfully

2022-01-03 08:22:19 - [TEST_CASE][PASSED] - Test Cases/Mobile/Page/Login/Login: Test Cases/Mobile/Page/Login/Login

2022-01-03 08:22:19 - [TEST_STEP][PASSED] - delay(2): Delayed 2 second(s)

2022-01-03 08:22:21 - [MESSAGE][PASSED] - Delayed 2 second(s)

2022-01-03 08:22:21 - [TEST_STEP][PASSED] - for ([i = 0, i < 1, (i++)]): null

2022-01-03 08:22:21 - [TEST_STEP][PASSED] - if (action == "username"): null

2022-01-03 08:22:21 - [TEST_STEP][PASSED] - tap(LOGN_EdtUserID, 0): Tapped on element 'Object Repository/Mobile/Page/Login/Input - UserID'

2022-01-03 08:22:21 - [MESSAGE][WARNING] - Timeout '0' is invalid. Using default page load timeout: '60'

2022-01-03 08:22:22 - [MESSAGE][PASSED] - Tapped on element 'Object Repository/Mobile/Page/Login/Input - UserID'

2022-01-03 08:22:22 - [TEST_STEP][PASSED] - delay(1): Delayed 1 second(s)

2022-01-03 08:22:23 - [MESSAGE][PASSED] - Delayed 1 second(s)

2022-01-03 08:22:23 - [TEST_STEP][PASSED] - setText(LOGN_EdtRdyUserID, "anggaaditya", 0): Text 'anggaaditya' has been set to element 'Object Repository/Mobile/Page/Login/Input Rdy - UserID'

2022-01-03 08:22:23 - [MESSAGE][WARNING] - Timeout '0' is invalid. Using default page load timeout: '60'

2022-01-03 08:22:24 - [MESSAGE][PASSED] - Text 'anggaaditya' has been set to element 'Object Repository/Mobile/Page/Login/Input Rdy - UserID'

2022-01-03 08:22:24 - [TEST_STEP][PASSED] - delay(1): Delayed 1 second(s)

2022-01-03 08:22:25 - [MESSAGE][PASSED] - Delayed 1 second(s)

2022-01-03 08:22:25 - [TEST_STEP][PASSED] - hideKeyboard(): Keyboard is hidden

2022-01-03 08:22:30 - [MESSAGE][PASSED] - Keyboard is hidden

2022-01-03 08:22:30 - [TEST_STEP][PASSED] - tap(LOGN_EdtPassword, 0): Tapped on element 'Object Repository/Mobile/Page/Login/Input - Password'

2022-01-03 08:22:30 - [MESSAGE][WARNING] - Timeout '0' is invalid. Using default page load timeout: '60'

2022-01-03 08:22:31 - [MESSAGE][PASSED] - Tapped on element 'Object Repository/Mobile/Page/Login/Input - Password'

2022-01-03 08:22:31 - [TEST_STEP][PASSED] - delay(1): Delayed 1 second(s)

2022-01-03 08:22:32 - [MESSAGE][PASSED] - Delayed 1 second(s)

2022-01-03 08:22:32 - [TEST_STEP][PASSED] - setText(LOGN_EdtRdyPassword, "Shalawa18", 0): Text 'Shalawa18' has been set to element 'Object Repository/Mobile/Page/Login/Input Rdy - Password'

2022-01-03 08:22:32 - [MESSAGE][WARNING] - Timeout '0' is invalid. Using default page load timeout: '60'

2022-01-03 08:22:33 - [MESSAGE][PASSED] - Text 'Shalawa18' has been set to element 'Object Repository/Mobile/Page/Login/Input Rdy - Password'

2022-01-03 08:22:33 - [TEST_STEP][PASSED] - delay(1): Delayed 1 second(s)

2022-01-03 08:22:34 - [MESSAGE][PASSED] - Delayed 1 second(s)

2022-01-03 08:22:34 - [TEST_STEP][PASSED] - hideKeyboard(): Keyboard is hidden

2022-01-03 08:22:40 - [MESSAGE][PASSED] - Keyboard is hidden

2022-01-03 08:22:40 - [TEST_STEP][PASSED] - tap(LOGN_BtnLogin, 0): Tapped on element 'Object Repository/Mobile/Page/Login/Button - Login'

2022-01-03 08:22:40 - [MESSAGE][WARNING] - Timeout '0' is invalid. Using default page load timeout: '60'

2022-01-03 08:22:41 - [MESSAGE][PASSED] - Tapped on element 'Object Repository/Mobile/Page/Login/Button - Login'

2022-01-03 08:22:41 - [TEST_STEP][PASSED] - delay(2): Delayed 2 second(s)

2022-01-03 08:22:43 - [MESSAGE][PASSED] - Delayed 2 second(s)

2022-01-03 08:22:43 - [TEST_STEP][PASSED] - break: null

2022-01-03 08:22:43 - [MESSAGE][PASSED] - Call Test Case 'Test Cases/Mobile/Page/Login/Login' successfully

2022-01-03 08:22:43 - [MESSAGE][PASSED] - Call Test Case 'Test Cases/Mobile/Page/CheckLogin' successfully

2022-01-03 08:22:43 - [TEST_STEP][PASSED] - tap(HOME_MenubarNews, 0): Tapped on element 'Object Repository/Mobile/Page/Home/Menubar - News'

2022-01-03 08:22:43 - [MESSAGE][WARNING] - Timeout '0' is invalid. Using default page load timeout: '60'

2022-01-03 08:22:45 - [MESSAGE][PASSED] - Tapped on element 'Object Repository/Mobile/Page/Home/Menubar - News'

2022-01-03 08:22:45 - [TEST_STEP][PASSED] - delay(1): Delayed 1 second(s)

2022-01-03 08:22:46 - [MESSAGE][PASSED] - Delayed 1 second(s)

2022-01-03 08:22:46 - [TEST_STEP][PASSED] - for ([i = 0, i < 1, (i++)]): null

2022-01-03 08:22:46 - [TEST_STEP][PASSED] - if (tab == "macronews"): null

2022-01-03 08:22:46 - [TEST_STEP][PASSED] - else if (tab == "stocknews"): null

2022-01-03 08:22:46 - [TEST_STEP][PASSED] - else if (tab == "fundnews"): null

2022-01-03 08:22:46 - [TEST_STEP][PASSED] - else if (tab == "bondnews"): null

2022-01-03 08:22:46 - [TEST_STEP][PASSED] - else if (tab == "worldindices"): Delayed 3 second(s)

2022-01-03 08:22:46 - [TEST_STEP][PASSED] - scroll.scroll.scrollScreenRightToLeft(NEWS_TabMacro): scroll.scroll.scrollScreenRightToLeft is PASSED

2022-01-03 08:22:46 - [MESSAGE][WARNING] - Timeout '0' is invalid. Using default page load timeout: '60'

2022-01-03 08:22:46 - [MESSAGE][PASSED] - Object 'Object Repository/Mobile/Page/News/Tab - Macro' has left position '14'

2022-01-03 08:22:46 - [MESSAGE][WARNING] - Timeout '0' is invalid. Using default page load timeout: '60'

2022-01-03 08:22:46 - [MESSAGE][PASSED] - Object 'Object Repository/Mobile/Page/News/Tab - Macro' has top position '262'

2022-01-03 08:22:46 - [MESSAGE][WARNING] - Timeout '0' is invalid. Using default page load timeout: '60'

2022-01-03 08:22:46 - [MESSAGE][PASSED] - Object 'Object Repository/Mobile/Page/News/Tab - Macro' has width: '215'

2022-01-03 08:22:46 - [MESSAGE][WARNING] - Timeout '0' is invalid. Using default page load timeout: '60'

2022-01-03 08:22:47 - [MESSAGE][PASSED] - Object 'Object Repository/Mobile/Page/News/Tab - Macro' has height: '84'

2022-01-03 08:22:47 - [MESSAGE][PASSED] - Current device physical width is 720

2022-01-03 08:22:48 - [MESSAGE][PASSED] - Swiped from 620,304 to 100,304

2022-01-03 08:22:48 - [MESSAGE][PASSED] - scroll.scroll.scrollScreenRightToLeft is PASSED

2022-01-03 08:22:48 - [TEST_STEP][PASSED] - delay(1): Delayed 1 second(s)

2022-01-03 08:22:49 - [MESSAGE][PASSED] - Delayed 1 second(s)

2022-01-03 08:22:49 - [TEST_STEP][PASSED] - tap(NEWS_TabWorldIndices, 0): Tapped on element 'Object Repository/Mobile/Page/News/Tab - World Indices'

2022-01-03 08:22:49 - [MESSAGE][WARNING] - Timeout '0' is invalid. Using default page load timeout: '60'

2022-01-03 08:22:50 - [MESSAGE][PASSED] - Tapped on element 'Object Repository/Mobile/Page/News/Tab - World Indices'

2022-01-03 08:22:50 - [TEST_STEP][PASSED] - delay(1): Delayed 1 second(s)

2022-01-03 08:22:51 - [MESSAGE][PASSED] - Delayed 1 second(s)

2022-01-03 08:22:51 - [TEST_STEP][PASSED] - tap(NEWS_BtnIndices, 0): Tapped on element 'Object Repository/Mobile/Page/News/Button - Indices'

2022-01-03 08:22:51 - [MESSAGE][WARNING] - Timeout '0' is invalid. Using default page load timeout: '60'

2022-01-03 08:22:51 - [MESSAGE][PASSED] - Tapped on element 'Object Repository/Mobile/Page/News/Button - Indices'

2022-01-03 08:22:51 - [TEST_STEP][PASSED] - delay(3): Delayed 3 second(s)

2022-01-03 08:22:54 - [MESSAGE][PASSED] - Delayed 3 second(s)

2022-01-03 08:22:54 - [TEST_STEP][PASSED] - tap(NEWS_BtnCurrencies, 0): Tapped on element 'Object Repository/Mobile/Page/News/Button - Currencies'

2022-01-03 08:22:54 - [MESSAGE][WARNING] - Timeout '0' is invalid. Using default page load timeout: '60'

2022-01-03 08:22:55 - [MESSAGE][PASSED] - Tapped on element 'Object Repository/Mobile/Page/News/Button - Currencies'

2022-01-03 08:22:55 - [TEST_STEP][PASSED] - delay(3): Delayed 3 second(s)

2022-01-03 08:22:58 - [MESSAGE][PASSED] - Delayed 3 second(s)

2022-01-03 08:22:58 - [TEST_STEP][PASSED] - tap(NEWS_BtnCommodities, 0): Tapped on element 'Object Repository/Mobile/Page/News/Button - Commodities'

2022-01-03 08:22:58 - [MESSAGE][WARNING] - Timeout '0' is invalid. Using default page load timeout: '60'

2022-01-03 08:23:00 - [MESSAGE][PASSED] - Tapped on element 'Object Repository/Mobile/Page/News/Button - Commodities'

2022-01-03 08:23:00 - [TEST_STEP][PASSED] - delay(3): Delayed 3 second(s)

2022-01-03 08:23:03 - [MESSAGE][PASSED] - Delayed 3 second(s)

2022-01-03 08:23:03 - [TEST_STEP][PASSED] - delay(1): Delayed 1 second(s)

2022-01-03 08:23:04 - [MESSAGE][PASSED] - Delayed 1 second(s)

2022-01-03 08:23:04 - [TEST_STEP][PASSED] - if (tab != "worldindices"): null

2022-01-03 08:23:04 - [MESSAGE][PASSED] - Call Test Case 'Test Cases/Mobile/Page/News/News' successfully

2022-01-03 08:23:04 - [TEST_STEP][PASSED] - callTestCase(findTestCase("Mobile/Page/Run App/Terminate App"), [:], STOP_ON_FAILURE): Call Test Case 'Test Cases/Mobile/Page/Run App/Terminate App' successfully

2022-01-03 08:23:04 - [TEST_CASE][PASSED] - Test Cases/Mobile/Page/Run App/Terminate App: Test Cases/Mobile/Page/Run App/Terminate App

2022-01-03 08:23:04 - [TEST_STEP][PASSED] - startApp.OpenApp.terminateApplication(): startApp.OpenApp.terminateApplication is PASSED

2022-01-03 08:23:07 - [MESSAGE][PASSED] - Delayed 3 second(s)

2022-01-03 08:23:08 - [MESSAGE][PASSED] - Current device physical width is 720

2022-01-03 08:23:08 - [MESSAGE][PASSED] - Current device physical height is 1423

2022-01-03 08:23:09 - [MESSAGE][PASSED] - Swiped from 360,853 to 360,142

2022-01-03 08:23:10 - [MESSAGE][PASSED] - Delayed 1 second(s)

2022-01-03 08:23:12 - [MESSAGE][PASSED] - Swiped from 360,853 to 360,142

2022-01-03 08:23:15 - [MESSAGE][PASSED] - Delayed 3 second(s)

2022-01-03 08:23:15 - [MESSAGE][PASSED] - startApp.OpenApp.terminateApplication is PASSED

2022-01-03 08:23:15 - [MESSAGE][PASSED] - Call Test Case 'Test Cases/Mobile/Page/Run App/Terminate App' successfully]]></system-out>
         <system-err><![CDATA[]]></system-err>
      </testcase>
      <testcase name="Test Cases/Mobile/Scenario/News/002 - News Stock" time="68.959" classname="Test Cases/Mobile/Scenario/News/002 - News Stock" status="PASSED">
         <system-out><![CDATA[2022-01-03 08:23:15 - [TEST_CASE][PASSED] - Test Cases/Mobile/Scenario/News/002 - News Stock: Test Cases/Mobile/Scenario/News/002 - News Stock

2022-01-03 08:23:15 - [TEST_STEP][PASSED] - callTestCase(findTestCase("Mobile/Page/Run App/Run App byID"), [:], STOP_ON_FAILURE): Call Test Case 'Test Cases/Mobile/Page/Run App/Run App byID' successfully

2022-01-03 08:23:15 - [TEST_CASE][PASSED] - Test Cases/Mobile/Page/Run App/Run App byID: Test Cases/Mobile/Page/Run App/Run App byID

2022-01-03 08:23:15 - [TEST_STEP][PASSED] - startApp.OpenApp.startApplication("id.co.miraeasset.sageclub"): startApp.OpenApp.startApplication is PASSED

2022-01-03 08:23:29 - [MESSAGE][PASSED] - Starting app with application ID: 'id.co.miraeasset.sageclub'

2022-01-03 08:23:29 - [MESSAGE][PASSED] - startApp.OpenApp.startApplication is PASSED

2022-01-03 08:23:29 - [MESSAGE][PASSED] - Call Test Case 'Test Cases/Mobile/Page/Run App/Run App byID' successfully

2022-01-03 08:23:29 - [TEST_STEP][PASSED] - callTestCase(findTestCase("Mobile/Page/News/News"), ["tab":"stocknews"], CONTINUE_ON_FAILURE): Call Test Case 'Test Cases/Mobile/Page/News/News' successfully

2022-01-03 08:23:29 - [TEST_CASE][PASSED] - Test Cases/Mobile/Page/News/News: Test Cases/Mobile/Page/News/News

2022-01-03 08:23:29 - [TEST_STEP][PASSED] - callTestCase(findTestCase("Mobile/Page/CheckLogin"), [:], CONTINUE_ON_FAILURE): Call Test Case 'Test Cases/Mobile/Page/CheckLogin' successfully

2022-01-03 08:23:29 - [TEST_CASE][PASSED] - Test Cases/Mobile/Page/CheckLogin: Test Cases/Mobile/Page/CheckLogin

2022-01-03 08:23:29 - [TEST_STEP][PASSED] - loginCheck = verifyElementExist(LOGN_BtnLogin, 5, CONTINUE_ON_FAILURE): Element 'Object Repository/Mobile/Page/Login/Button - Login' is exist

2022-01-03 08:23:32 - [MESSAGE][PASSED] - Element 'Object Repository/Mobile/Page/Login/Button - Login' is exist

2022-01-03 08:23:32 - [TEST_STEP][PASSED] - if (loginCheck): Call Test Case 'Test Cases/Mobile/Page/Login/Login' successfully

2022-01-03 08:23:32 - [TEST_STEP][PASSED] - callTestCase(findTestCase("Mobile/Page/Login/Login"), ["action":"username"], CONTINUE_ON_FAILURE): Call Test Case 'Test Cases/Mobile/Page/Login/Login' successfully

2022-01-03 08:23:32 - [TEST_CASE][PASSED] - Test Cases/Mobile/Page/Login/Login: Test Cases/Mobile/Page/Login/Login

2022-01-03 08:23:32 - [TEST_STEP][PASSED] - delay(2): Delayed 2 second(s)

2022-01-03 08:23:34 - [MESSAGE][PASSED] - Delayed 2 second(s)

2022-01-03 08:23:34 - [TEST_STEP][PASSED] - for ([i = 0, i < 1, (i++)]): null

2022-01-03 08:23:34 - [TEST_STEP][PASSED] - if (action == "username"): null

2022-01-03 08:23:34 - [TEST_STEP][PASSED] - tap(LOGN_EdtUserID, 0): Tapped on element 'Object Repository/Mobile/Page/Login/Input - UserID'

2022-01-03 08:23:34 - [MESSAGE][WARNING] - Timeout '0' is invalid. Using default page load timeout: '60'

2022-01-03 08:23:35 - [MESSAGE][PASSED] - Tapped on element 'Object Repository/Mobile/Page/Login/Input - UserID'

2022-01-03 08:23:35 - [TEST_STEP][PASSED] - delay(1): Delayed 1 second(s)

2022-01-03 08:23:36 - [MESSAGE][PASSED] - Delayed 1 second(s)

2022-01-03 08:23:36 - [TEST_STEP][PASSED] - setText(LOGN_EdtRdyUserID, "anggaaditya", 0): Text 'anggaaditya' has been set to element 'Object Repository/Mobile/Page/Login/Input Rdy - UserID'

2022-01-03 08:23:36 - [MESSAGE][WARNING] - Timeout '0' is invalid. Using default page load timeout: '60'

2022-01-03 08:23:37 - [MESSAGE][PASSED] - Text 'anggaaditya' has been set to element 'Object Repository/Mobile/Page/Login/Input Rdy - UserID'

2022-01-03 08:23:37 - [TEST_STEP][PASSED] - delay(1): Delayed 1 second(s)

2022-01-03 08:23:38 - [MESSAGE][PASSED] - Delayed 1 second(s)

2022-01-03 08:23:38 - [TEST_STEP][PASSED] - hideKeyboard(): Keyboard is hidden

2022-01-03 08:23:45 - [MESSAGE][PASSED] - Keyboard is hidden

2022-01-03 08:23:45 - [TEST_STEP][PASSED] - tap(LOGN_EdtPassword, 0): Tapped on element 'Object Repository/Mobile/Page/Login/Input - Password'

2022-01-03 08:23:45 - [MESSAGE][WARNING] - Timeout '0' is invalid. Using default page load timeout: '60'

2022-01-03 08:23:46 - [MESSAGE][PASSED] - Tapped on element 'Object Repository/Mobile/Page/Login/Input - Password'

2022-01-03 08:23:46 - [TEST_STEP][PASSED] - delay(1): Delayed 1 second(s)

2022-01-03 08:23:47 - [MESSAGE][PASSED] - Delayed 1 second(s)

2022-01-03 08:23:47 - [TEST_STEP][PASSED] - setText(LOGN_EdtRdyPassword, "Shalawa18", 0): Text 'Shalawa18' has been set to element 'Object Repository/Mobile/Page/Login/Input Rdy - Password'

2022-01-03 08:23:47 - [MESSAGE][WARNING] - Timeout '0' is invalid. Using default page load timeout: '60'

2022-01-03 08:23:48 - [MESSAGE][PASSED] - Text 'Shalawa18' has been set to element 'Object Repository/Mobile/Page/Login/Input Rdy - Password'

2022-01-03 08:23:48 - [TEST_STEP][PASSED] - delay(1): Delayed 1 second(s)

2022-01-03 08:23:49 - [MESSAGE][PASSED] - Delayed 1 second(s)

2022-01-03 08:23:49 - [TEST_STEP][PASSED] - hideKeyboard(): Keyboard is hidden

2022-01-03 08:23:57 - [MESSAGE][PASSED] - Keyboard is hidden

2022-01-03 08:23:57 - [TEST_STEP][PASSED] - tap(LOGN_BtnLogin, 0): Tapped on element 'Object Repository/Mobile/Page/Login/Button - Login'

2022-01-03 08:23:57 - [MESSAGE][WARNING] - Timeout '0' is invalid. Using default page load timeout: '60'

2022-01-03 08:23:58 - [MESSAGE][PASSED] - Tapped on element 'Object Repository/Mobile/Page/Login/Button - Login'

2022-01-03 08:23:58 - [TEST_STEP][PASSED] - delay(2): Delayed 2 second(s)

2022-01-03 08:24:00 - [MESSAGE][PASSED] - Delayed 2 second(s)

2022-01-03 08:24:00 - [TEST_STEP][PASSED] - break: null

2022-01-03 08:24:00 - [MESSAGE][PASSED] - Call Test Case 'Test Cases/Mobile/Page/Login/Login' successfully

2022-01-03 08:24:00 - [MESSAGE][PASSED] - Call Test Case 'Test Cases/Mobile/Page/CheckLogin' successfully

2022-01-03 08:24:00 - [TEST_STEP][PASSED] - tap(HOME_MenubarNews, 0): Tapped on element 'Object Repository/Mobile/Page/Home/Menubar - News'

2022-01-03 08:24:00 - [MESSAGE][WARNING] - Timeout '0' is invalid. Using default page load timeout: '60'

2022-01-03 08:24:01 - [MESSAGE][PASSED] - Tapped on element 'Object Repository/Mobile/Page/Home/Menubar - News'

2022-01-03 08:24:01 - [TEST_STEP][PASSED] - delay(1): Delayed 1 second(s)

2022-01-03 08:24:02 - [MESSAGE][PASSED] - Delayed 1 second(s)

2022-01-03 08:24:02 - [TEST_STEP][PASSED] - for ([i = 0, i < 1, (i++)]): Delayed 3 second(s)

2022-01-03 08:24:02 - [TEST_STEP][PASSED] - if (tab == "macronews"): null

2022-01-03 08:24:02 - [TEST_STEP][PASSED] - else if (tab == "stocknews"): Tapped on element 'Object Repository/Mobile/Page/News/Tab - Stock'

2022-01-03 08:24:02 - [TEST_STEP][PASSED] - tap(NEWS_TabStock, 0): Tapped on element 'Object Repository/Mobile/Page/News/Tab - Stock'

2022-01-03 08:24:02 - [MESSAGE][WARNING] - Timeout '0' is invalid. Using default page load timeout: '60'

2022-01-03 08:24:03 - [MESSAGE][PASSED] - Tapped on element 'Object Repository/Mobile/Page/News/Tab - Stock'

2022-01-03 08:24:03 - [TEST_STEP][PASSED] - delay(1): Delayed 1 second(s)

2022-01-03 08:24:04 - [MESSAGE][PASSED] - Delayed 1 second(s)

2022-01-03 08:24:04 - [TEST_STEP][PASSED] - if (tab != "worldindices"): Delayed 3 second(s)

2022-01-03 08:24:04 - [TEST_STEP][PASSED] - try: Delayed 3 second(s)

2022-01-03 08:24:04 - [TEST_STEP][PASSED] - tapAndHold(NEWS_ItemTopNews, 1, 10): Tapped and held on element 'Object Repository/Mobile/Page/News/Item - Top News' with duration 1

2022-01-03 08:24:07 - [MESSAGE][PASSED] - Tapped and held on element 'Object Repository/Mobile/Page/News/Item - Top News' with duration 1

2022-01-03 08:24:07 - [TEST_STEP][PASSED] - delay(1): Delayed 1 second(s)

2022-01-03 08:24:08 - [MESSAGE][PASSED] - Delayed 1 second(s)

2022-01-03 08:24:08 - [TEST_STEP][PASSED] - scroll.scroll.scrollScreenBottomToTop(): scroll.scroll.scrollScreenBottomToTop is PASSED

2022-01-03 08:24:09 - [MESSAGE][PASSED] - Current device physical height is 1423

2022-01-03 08:24:09 - [MESSAGE][PASSED] - Current device physical width is 720

2022-01-03 08:24:10 - [MESSAGE][PASSED] - Swiped from 360,1,138 to 360,284

2022-01-03 08:24:10 - [MESSAGE][PASSED] - scroll.scroll.scrollScreenBottomToTop is PASSED

2022-01-03 08:24:10 - [TEST_STEP][PASSED] - delay(3): Delayed 3 second(s)

2022-01-03 08:24:13 - [MESSAGE][PASSED] - Delayed 3 second(s)

2022-01-03 08:24:13 - [MESSAGE][PASSED] - Call Test Case 'Test Cases/Mobile/Page/News/News' successfully

2022-01-03 08:24:13 - [TEST_STEP][PASSED] - callTestCase(findTestCase("Mobile/Page/Run App/Terminate App"), [:], STOP_ON_FAILURE): Call Test Case 'Test Cases/Mobile/Page/Run App/Terminate App' successfully

2022-01-03 08:24:13 - [TEST_CASE][PASSED] - Test Cases/Mobile/Page/Run App/Terminate App: Test Cases/Mobile/Page/Run App/Terminate App

2022-01-03 08:24:13 - [TEST_STEP][PASSED] - startApp.OpenApp.terminateApplication(): startApp.OpenApp.terminateApplication is PASSED

2022-01-03 08:24:16 - [MESSAGE][PASSED] - Delayed 3 second(s)

2022-01-03 08:24:17 - [MESSAGE][PASSED] - Current device physical width is 720

2022-01-03 08:24:17 - [MESSAGE][PASSED] - Current device physical height is 1423

2022-01-03 08:24:18 - [MESSAGE][PASSED] - Swiped from 360,853 to 360,142

2022-01-03 08:24:19 - [MESSAGE][PASSED] - Delayed 1 second(s)

2022-01-03 08:24:21 - [MESSAGE][PASSED] - Swiped from 360,853 to 360,142

2022-01-03 08:24:24 - [MESSAGE][PASSED] - Delayed 3 second(s)

2022-01-03 08:24:24 - [MESSAGE][PASSED] - startApp.OpenApp.terminateApplication is PASSED

2022-01-03 08:24:24 - [MESSAGE][PASSED] - Call Test Case 'Test Cases/Mobile/Page/Run App/Terminate App' successfully]]></system-out>
         <system-err><![CDATA[]]></system-err>
      </testcase>
      <testcase name="Test Cases/Mobile/Scenario/News/003 - News Fund" time="65.256" classname="Test Cases/Mobile/Scenario/News/003 - News Fund" status="PASSED">
         <system-out><![CDATA[2022-01-03 08:24:24 - [TEST_CASE][PASSED] - Test Cases/Mobile/Scenario/News/003 - News Fund: Test Cases/Mobile/Scenario/News/003 - News Fund

2022-01-03 08:24:24 - [TEST_STEP][PASSED] - callTestCase(findTestCase("Mobile/Page/Run App/Run App byID"), [:], STOP_ON_FAILURE): Call Test Case 'Test Cases/Mobile/Page/Run App/Run App byID' successfully

2022-01-03 08:24:24 - [TEST_CASE][PASSED] - Test Cases/Mobile/Page/Run App/Run App byID: Test Cases/Mobile/Page/Run App/Run App byID

2022-01-03 08:24:24 - [TEST_STEP][PASSED] - startApp.OpenApp.startApplication("id.co.miraeasset.sageclub"): startApp.OpenApp.startApplication is PASSED

2022-01-03 08:24:39 - [MESSAGE][PASSED] - Starting app with application ID: 'id.co.miraeasset.sageclub'

2022-01-03 08:24:39 - [MESSAGE][PASSED] - startApp.OpenApp.startApplication is PASSED

2022-01-03 08:24:39 - [MESSAGE][PASSED] - Call Test Case 'Test Cases/Mobile/Page/Run App/Run App byID' successfully

2022-01-03 08:24:39 - [TEST_STEP][PASSED] - callTestCase(findTestCase("Mobile/Page/News/News"), ["tab":"fundnews"], CONTINUE_ON_FAILURE): Call Test Case 'Test Cases/Mobile/Page/News/News' successfully

2022-01-03 08:24:39 - [TEST_CASE][PASSED] - Test Cases/Mobile/Page/News/News: Test Cases/Mobile/Page/News/News

2022-01-03 08:24:39 - [TEST_STEP][PASSED] - callTestCase(findTestCase("Mobile/Page/CheckLogin"), [:], CONTINUE_ON_FAILURE): Call Test Case 'Test Cases/Mobile/Page/CheckLogin' successfully

2022-01-03 08:24:39 - [TEST_CASE][PASSED] - Test Cases/Mobile/Page/CheckLogin: Test Cases/Mobile/Page/CheckLogin

2022-01-03 08:24:39 - [TEST_STEP][PASSED] - loginCheck = verifyElementExist(LOGN_BtnLogin, 5, CONTINUE_ON_FAILURE): Element 'Object Repository/Mobile/Page/Login/Button - Login' is exist

2022-01-03 08:24:41 - [MESSAGE][PASSED] - Element 'Object Repository/Mobile/Page/Login/Button - Login' is exist

2022-01-03 08:24:41 - [TEST_STEP][PASSED] - if (loginCheck): Call Test Case 'Test Cases/Mobile/Page/Login/Login' successfully

2022-01-03 08:24:41 - [TEST_STEP][PASSED] - callTestCase(findTestCase("Mobile/Page/Login/Login"), ["action":"username"], CONTINUE_ON_FAILURE): Call Test Case 'Test Cases/Mobile/Page/Login/Login' successfully

2022-01-03 08:24:42 - [TEST_CASE][PASSED] - Test Cases/Mobile/Page/Login/Login: Test Cases/Mobile/Page/Login/Login

2022-01-03 08:24:42 - [TEST_STEP][PASSED] - delay(2): Delayed 2 second(s)

2022-01-03 08:24:44 - [MESSAGE][PASSED] - Delayed 2 second(s)

2022-01-03 08:24:44 - [TEST_STEP][PASSED] - for ([i = 0, i < 1, (i++)]): null

2022-01-03 08:24:44 - [TEST_STEP][PASSED] - if (action == "username"): null

2022-01-03 08:24:44 - [TEST_STEP][PASSED] - tap(LOGN_EdtUserID, 0): Tapped on element 'Object Repository/Mobile/Page/Login/Input - UserID'

2022-01-03 08:24:44 - [MESSAGE][WARNING] - Timeout '0' is invalid. Using default page load timeout: '60'

2022-01-03 08:24:44 - [MESSAGE][PASSED] - Tapped on element 'Object Repository/Mobile/Page/Login/Input - UserID'

2022-01-03 08:24:44 - [TEST_STEP][PASSED] - delay(1): Delayed 1 second(s)

2022-01-03 08:24:45 - [MESSAGE][PASSED] - Delayed 1 second(s)

2022-01-03 08:24:45 - [TEST_STEP][PASSED] - setText(LOGN_EdtRdyUserID, "anggaaditya", 0): Text 'anggaaditya' has been set to element 'Object Repository/Mobile/Page/Login/Input Rdy - UserID'

2022-01-03 08:24:45 - [MESSAGE][WARNING] - Timeout '0' is invalid. Using default page load timeout: '60'

2022-01-03 08:24:46 - [MESSAGE][PASSED] - Text 'anggaaditya' has been set to element 'Object Repository/Mobile/Page/Login/Input Rdy - UserID'

2022-01-03 08:24:46 - [TEST_STEP][PASSED] - delay(1): Delayed 1 second(s)

2022-01-03 08:24:47 - [MESSAGE][PASSED] - Delayed 1 second(s)

2022-01-03 08:24:47 - [TEST_STEP][PASSED] - hideKeyboard(): Keyboard is hidden

2022-01-03 08:24:52 - [MESSAGE][PASSED] - Keyboard is hidden

2022-01-03 08:24:52 - [TEST_STEP][PASSED] - tap(LOGN_EdtPassword, 0): Tapped on element 'Object Repository/Mobile/Page/Login/Input - Password'

2022-01-03 08:24:52 - [MESSAGE][WARNING] - Timeout '0' is invalid. Using default page load timeout: '60'

2022-01-03 08:24:53 - [MESSAGE][PASSED] - Tapped on element 'Object Repository/Mobile/Page/Login/Input - Password'

2022-01-03 08:24:53 - [TEST_STEP][PASSED] - delay(1): Delayed 1 second(s)

2022-01-03 08:24:54 - [MESSAGE][PASSED] - Delayed 1 second(s)

2022-01-03 08:24:54 - [TEST_STEP][PASSED] - setText(LOGN_EdtRdyPassword, "Shalawa18", 0): Text 'Shalawa18' has been set to element 'Object Repository/Mobile/Page/Login/Input Rdy - Password'

2022-01-03 08:24:54 - [MESSAGE][WARNING] - Timeout '0' is invalid. Using default page load timeout: '60'

2022-01-03 08:24:54 - [MESSAGE][PASSED] - Text 'Shalawa18' has been set to element 'Object Repository/Mobile/Page/Login/Input Rdy - Password'

2022-01-03 08:24:54 - [TEST_STEP][PASSED] - delay(1): Delayed 1 second(s)

2022-01-03 08:24:55 - [MESSAGE][PASSED] - Delayed 1 second(s)

2022-01-03 08:24:55 - [TEST_STEP][PASSED] - hideKeyboard(): Keyboard is hidden

2022-01-03 08:25:02 - [MESSAGE][PASSED] - Keyboard is hidden

2022-01-03 08:25:02 - [TEST_STEP][PASSED] - tap(LOGN_BtnLogin, 0): Tapped on element 'Object Repository/Mobile/Page/Login/Button - Login'

2022-01-03 08:25:02 - [MESSAGE][WARNING] - Timeout '0' is invalid. Using default page load timeout: '60'

2022-01-03 08:25:03 - [MESSAGE][PASSED] - Tapped on element 'Object Repository/Mobile/Page/Login/Button - Login'

2022-01-03 08:25:03 - [TEST_STEP][PASSED] - delay(2): Delayed 2 second(s)

2022-01-03 08:25:05 - [MESSAGE][PASSED] - Delayed 2 second(s)

2022-01-03 08:25:05 - [TEST_STEP][PASSED] - break: null

2022-01-03 08:25:05 - [MESSAGE][PASSED] - Call Test Case 'Test Cases/Mobile/Page/Login/Login' successfully

2022-01-03 08:25:05 - [MESSAGE][PASSED] - Call Test Case 'Test Cases/Mobile/Page/CheckLogin' successfully

2022-01-03 08:25:05 - [TEST_STEP][PASSED] - tap(HOME_MenubarNews, 0): Tapped on element 'Object Repository/Mobile/Page/Home/Menubar - News'

2022-01-03 08:25:05 - [MESSAGE][WARNING] - Timeout '0' is invalid. Using default page load timeout: '60'

2022-01-03 08:25:06 - [MESSAGE][PASSED] - Tapped on element 'Object Repository/Mobile/Page/Home/Menubar - News'

2022-01-03 08:25:06 - [TEST_STEP][PASSED] - delay(1): Delayed 1 second(s)

2022-01-03 08:25:07 - [MESSAGE][PASSED] - Delayed 1 second(s)

2022-01-03 08:25:07 - [TEST_STEP][PASSED] - for ([i = 0, i < 1, (i++)]): Delayed 3 second(s)

2022-01-03 08:25:07 - [TEST_STEP][PASSED] - if (tab == "macronews"): null

2022-01-03 08:25:07 - [TEST_STEP][PASSED] - else if (tab == "stocknews"): null

2022-01-03 08:25:07 - [TEST_STEP][PASSED] - else if (tab == "fundnews"): Tapped on element 'Object Repository/Mobile/Page/News/Tab - Fund'

2022-01-03 08:25:07 - [TEST_STEP][PASSED] - tap(NEWS_TabFund, 0): Tapped on element 'Object Repository/Mobile/Page/News/Tab - Fund'

2022-01-03 08:25:07 - [MESSAGE][WARNING] - Timeout '0' is invalid. Using default page load timeout: '60'

2022-01-03 08:25:09 - [MESSAGE][PASSED] - Tapped on element 'Object Repository/Mobile/Page/News/Tab - Fund'

2022-01-03 08:25:09 - [TEST_STEP][PASSED] - delay(1): Delayed 1 second(s)

2022-01-03 08:25:10 - [MESSAGE][PASSED] - Delayed 1 second(s)

2022-01-03 08:25:10 - [TEST_STEP][PASSED] - if (tab != "worldindices"): Delayed 3 second(s)

2022-01-03 08:25:10 - [TEST_STEP][PASSED] - try: Delayed 3 second(s)

2022-01-03 08:25:10 - [TEST_STEP][PASSED] - tapAndHold(NEWS_ItemTopNews, 1, 10): Tapped and held on element 'Object Repository/Mobile/Page/News/Item - Top News' with duration 1

2022-01-03 08:25:12 - [MESSAGE][PASSED] - Tapped and held on element 'Object Repository/Mobile/Page/News/Item - Top News' with duration 1

2022-01-03 08:25:12 - [TEST_STEP][PASSED] - delay(1): Delayed 1 second(s)

2022-01-03 08:25:14 - [MESSAGE][PASSED] - Delayed 1 second(s)

2022-01-03 08:25:14 - [TEST_STEP][PASSED] - scroll.scroll.scrollScreenBottomToTop(): scroll.scroll.scrollScreenBottomToTop is PASSED

2022-01-03 08:25:14 - [MESSAGE][PASSED] - Current device physical height is 1423

2022-01-03 08:25:14 - [MESSAGE][PASSED] - Current device physical width is 720

2022-01-03 08:25:16 - [MESSAGE][PASSED] - Swiped from 360,1,138 to 360,284

2022-01-03 08:25:16 - [MESSAGE][PASSED] - scroll.scroll.scrollScreenBottomToTop is PASSED

2022-01-03 08:25:16 - [TEST_STEP][PASSED] - delay(3): Delayed 3 second(s)

2022-01-03 08:25:19 - [MESSAGE][PASSED] - Delayed 3 second(s)

2022-01-03 08:25:19 - [MESSAGE][PASSED] - Call Test Case 'Test Cases/Mobile/Page/News/News' successfully

2022-01-03 08:25:19 - [TEST_STEP][PASSED] - callTestCase(findTestCase("Mobile/Page/Run App/Terminate App"), [:], STOP_ON_FAILURE): Call Test Case 'Test Cases/Mobile/Page/Run App/Terminate App' successfully

2022-01-03 08:25:19 - [TEST_CASE][PASSED] - Test Cases/Mobile/Page/Run App/Terminate App: Test Cases/Mobile/Page/Run App/Terminate App

2022-01-03 08:25:19 - [TEST_STEP][PASSED] - startApp.OpenApp.terminateApplication(): startApp.OpenApp.terminateApplication is PASSED

2022-01-03 08:25:22 - [MESSAGE][PASSED] - Delayed 3 second(s)

2022-01-03 08:25:22 - [MESSAGE][PASSED] - Current device physical width is 720

2022-01-03 08:25:22 - [MESSAGE][PASSED] - Current device physical height is 1423

2022-01-03 08:25:24 - [MESSAGE][PASSED] - Swiped from 360,853 to 360,142

2022-01-03 08:25:25 - [MESSAGE][PASSED] - Delayed 1 second(s)

2022-01-03 08:25:26 - [MESSAGE][PASSED] - Swiped from 360,853 to 360,142

2022-01-03 08:25:29 - [MESSAGE][PASSED] - Delayed 3 second(s)

2022-01-03 08:25:29 - [MESSAGE][PASSED] - startApp.OpenApp.terminateApplication is PASSED

2022-01-03 08:25:29 - [MESSAGE][PASSED] - Call Test Case 'Test Cases/Mobile/Page/Run App/Terminate App' successfully]]></system-out>
         <system-err><![CDATA[]]></system-err>
      </testcase>
      <testcase name="Test Cases/Mobile/Scenario/News/004 - Bond News" time="71.854" classname="Test Cases/Mobile/Scenario/News/004 - Bond News" status="PASSED">
         <system-out><![CDATA[2022-01-03 08:25:29 - [TEST_CASE][PASSED] - Test Cases/Mobile/Scenario/News/004 - Bond News: Test Cases/Mobile/Scenario/News/004 - Bond News

2022-01-03 08:25:29 - [TEST_STEP][PASSED] - callTestCase(findTestCase("Mobile/Page/Run App/Run App byID"), [:], STOP_ON_FAILURE): Call Test Case 'Test Cases/Mobile/Page/Run App/Run App byID' successfully

2022-01-03 08:25:29 - [TEST_CASE][PASSED] - Test Cases/Mobile/Page/Run App/Run App byID: Test Cases/Mobile/Page/Run App/Run App byID

2022-01-03 08:25:29 - [TEST_STEP][PASSED] - startApp.OpenApp.startApplication("id.co.miraeasset.sageclub"): startApp.OpenApp.startApplication is PASSED

2022-01-03 08:25:45 - [MESSAGE][PASSED] - Starting app with application ID: 'id.co.miraeasset.sageclub'

2022-01-03 08:25:45 - [MESSAGE][PASSED] - startApp.OpenApp.startApplication is PASSED

2022-01-03 08:25:45 - [MESSAGE][PASSED] - Call Test Case 'Test Cases/Mobile/Page/Run App/Run App byID' successfully

2022-01-03 08:25:45 - [TEST_STEP][PASSED] - callTestCase(findTestCase("Mobile/Page/News/News"), ["tab":"bondnews"], CONTINUE_ON_FAILURE): Call Test Case 'Test Cases/Mobile/Page/News/News' successfully

2022-01-03 08:25:46 - [TEST_CASE][PASSED] - Test Cases/Mobile/Page/News/News: Test Cases/Mobile/Page/News/News

2022-01-03 08:25:46 - [TEST_STEP][PASSED] - callTestCase(findTestCase("Mobile/Page/CheckLogin"), [:], CONTINUE_ON_FAILURE): Call Test Case 'Test Cases/Mobile/Page/CheckLogin' successfully

2022-01-03 08:25:46 - [TEST_CASE][PASSED] - Test Cases/Mobile/Page/CheckLogin: Test Cases/Mobile/Page/CheckLogin

2022-01-03 08:25:46 - [TEST_STEP][PASSED] - loginCheck = verifyElementExist(LOGN_BtnLogin, 5, CONTINUE_ON_FAILURE): Element 'Object Repository/Mobile/Page/Login/Button - Login' is exist

2022-01-03 08:25:48 - [MESSAGE][PASSED] - Element 'Object Repository/Mobile/Page/Login/Button - Login' is exist

2022-01-03 08:25:48 - [TEST_STEP][PASSED] - if (loginCheck): Call Test Case 'Test Cases/Mobile/Page/Login/Login' successfully

2022-01-03 08:25:48 - [TEST_STEP][PASSED] - callTestCase(findTestCase("Mobile/Page/Login/Login"), ["action":"username"], CONTINUE_ON_FAILURE): Call Test Case 'Test Cases/Mobile/Page/Login/Login' successfully

2022-01-03 08:25:48 - [TEST_CASE][PASSED] - Test Cases/Mobile/Page/Login/Login: Test Cases/Mobile/Page/Login/Login

2022-01-03 08:25:48 - [TEST_STEP][PASSED] - delay(2): Delayed 2 second(s)

2022-01-03 08:25:50 - [MESSAGE][PASSED] - Delayed 2 second(s)

2022-01-03 08:25:50 - [TEST_STEP][PASSED] - for ([i = 0, i < 1, (i++)]): null

2022-01-03 08:25:50 - [TEST_STEP][PASSED] - if (action == "username"): null

2022-01-03 08:25:50 - [TEST_STEP][PASSED] - tap(LOGN_EdtUserID, 0): Tapped on element 'Object Repository/Mobile/Page/Login/Input - UserID'

2022-01-03 08:25:50 - [MESSAGE][WARNING] - Timeout '0' is invalid. Using default page load timeout: '60'

2022-01-03 08:25:51 - [MESSAGE][PASSED] - Tapped on element 'Object Repository/Mobile/Page/Login/Input - UserID'

2022-01-03 08:25:51 - [TEST_STEP][PASSED] - delay(1): Delayed 1 second(s)

2022-01-03 08:25:52 - [MESSAGE][PASSED] - Delayed 1 second(s)

2022-01-03 08:25:52 - [TEST_STEP][PASSED] - setText(LOGN_EdtRdyUserID, "anggaaditya", 0): Text 'anggaaditya' has been set to element 'Object Repository/Mobile/Page/Login/Input Rdy - UserID'

2022-01-03 08:25:52 - [MESSAGE][WARNING] - Timeout '0' is invalid. Using default page load timeout: '60'

2022-01-03 08:25:53 - [MESSAGE][PASSED] - Text 'anggaaditya' has been set to element 'Object Repository/Mobile/Page/Login/Input Rdy - UserID'

2022-01-03 08:25:53 - [TEST_STEP][PASSED] - delay(1): Delayed 1 second(s)

2022-01-03 08:25:54 - [MESSAGE][PASSED] - Delayed 1 second(s)

2022-01-03 08:25:54 - [TEST_STEP][PASSED] - hideKeyboard(): Keyboard is hidden

2022-01-03 08:26:03 - [MESSAGE][PASSED] - Keyboard is hidden

2022-01-03 08:26:03 - [TEST_STEP][PASSED] - tap(LOGN_EdtPassword, 0): Tapped on element 'Object Repository/Mobile/Page/Login/Input - Password'

2022-01-03 08:26:03 - [MESSAGE][WARNING] - Timeout '0' is invalid. Using default page load timeout: '60'

2022-01-03 08:26:03 - [MESSAGE][PASSED] - Tapped on element 'Object Repository/Mobile/Page/Login/Input - Password'

2022-01-03 08:26:03 - [TEST_STEP][PASSED] - delay(1): Delayed 1 second(s)

2022-01-03 08:26:04 - [MESSAGE][PASSED] - Delayed 1 second(s)

2022-01-03 08:26:04 - [TEST_STEP][PASSED] - setText(LOGN_EdtRdyPassword, "Shalawa18", 0): Text 'Shalawa18' has been set to element 'Object Repository/Mobile/Page/Login/Input Rdy - Password'

2022-01-03 08:26:04 - [MESSAGE][WARNING] - Timeout '0' is invalid. Using default page load timeout: '60'

2022-01-03 08:26:05 - [MESSAGE][PASSED] - Text 'Shalawa18' has been set to element 'Object Repository/Mobile/Page/Login/Input Rdy - Password'

2022-01-03 08:26:05 - [TEST_STEP][PASSED] - delay(1): Delayed 1 second(s)

2022-01-03 08:26:06 - [MESSAGE][PASSED] - Delayed 1 second(s)

2022-01-03 08:26:06 - [TEST_STEP][PASSED] - hideKeyboard(): Keyboard is hidden

2022-01-03 08:26:15 - [MESSAGE][PASSED] - Keyboard is hidden

2022-01-03 08:26:15 - [TEST_STEP][PASSED] - tap(LOGN_BtnLogin, 0): Tapped on element 'Object Repository/Mobile/Page/Login/Button - Login'

2022-01-03 08:26:15 - [MESSAGE][WARNING] - Timeout '0' is invalid. Using default page load timeout: '60'

2022-01-03 08:26:15 - [MESSAGE][PASSED] - Tapped on element 'Object Repository/Mobile/Page/Login/Button - Login'

2022-01-03 08:26:15 - [TEST_STEP][PASSED] - delay(2): Delayed 2 second(s)

2022-01-03 08:26:17 - [MESSAGE][PASSED] - Delayed 2 second(s)

2022-01-03 08:26:17 - [TEST_STEP][PASSED] - break: null

2022-01-03 08:26:17 - [MESSAGE][PASSED] - Call Test Case 'Test Cases/Mobile/Page/Login/Login' successfully

2022-01-03 08:26:17 - [MESSAGE][PASSED] - Call Test Case 'Test Cases/Mobile/Page/CheckLogin' successfully

2022-01-03 08:26:17 - [TEST_STEP][PASSED] - tap(HOME_MenubarNews, 0): Tapped on element 'Object Repository/Mobile/Page/Home/Menubar - News'

2022-01-03 08:26:17 - [MESSAGE][WARNING] - Timeout '0' is invalid. Using default page load timeout: '60'

2022-01-03 08:26:19 - [MESSAGE][PASSED] - Tapped on element 'Object Repository/Mobile/Page/Home/Menubar - News'

2022-01-03 08:26:19 - [TEST_STEP][PASSED] - delay(1): Delayed 1 second(s)

2022-01-03 08:26:20 - [MESSAGE][PASSED] - Delayed 1 second(s)

2022-01-03 08:26:20 - [TEST_STEP][PASSED] - for ([i = 0, i < 1, (i++)]): Delayed 3 second(s)

2022-01-03 08:26:20 - [TEST_STEP][PASSED] - if (tab == "macronews"): null

2022-01-03 08:26:20 - [TEST_STEP][PASSED] - else if (tab == "stocknews"): null

2022-01-03 08:26:20 - [TEST_STEP][PASSED] - else if (tab == "fundnews"): null

2022-01-03 08:26:20 - [TEST_STEP][PASSED] - else if (tab == "bondnews"): Tapped on element 'Object Repository/Mobile/Page/News/Tab - Bond'

2022-01-03 08:26:20 - [TEST_STEP][PASSED] - tap(NEWS_TabBond, 0): Tapped on element 'Object Repository/Mobile/Page/News/Tab - Bond'

2022-01-03 08:26:20 - [MESSAGE][WARNING] - Timeout '0' is invalid. Using default page load timeout: '60'

2022-01-03 08:26:20 - [MESSAGE][PASSED] - Tapped on element 'Object Repository/Mobile/Page/News/Tab - Bond'

2022-01-03 08:26:20 - [TEST_STEP][PASSED] - delay(1): Delayed 1 second(s)

2022-01-03 08:26:21 - [MESSAGE][PASSED] - Delayed 1 second(s)

2022-01-03 08:26:21 - [TEST_STEP][PASSED] - if (tab != "worldindices"): Delayed 3 second(s)

2022-01-03 08:26:21 - [TEST_STEP][PASSED] - try: Delayed 3 second(s)

2022-01-03 08:26:21 - [TEST_STEP][PASSED] - tapAndHold(NEWS_ItemTopNews, 1, 10): Tapped and held on element 'Object Repository/Mobile/Page/News/Item - Top News' with duration 1

2022-01-03 08:26:24 - [MESSAGE][PASSED] - Tapped and held on element 'Object Repository/Mobile/Page/News/Item - Top News' with duration 1

2022-01-03 08:26:24 - [TEST_STEP][PASSED] - delay(1): Delayed 1 second(s)

2022-01-03 08:26:25 - [MESSAGE][PASSED] - Delayed 1 second(s)

2022-01-03 08:26:25 - [TEST_STEP][PASSED] - scroll.scroll.scrollScreenBottomToTop(): scroll.scroll.scrollScreenBottomToTop is PASSED

2022-01-03 08:26:26 - [MESSAGE][PASSED] - Current device physical height is 1423

2022-01-03 08:26:26 - [MESSAGE][PASSED] - Current device physical width is 720

2022-01-03 08:26:27 - [MESSAGE][PASSED] - Swiped from 360,1,138 to 360,284

2022-01-03 08:26:27 - [MESSAGE][PASSED] - scroll.scroll.scrollScreenBottomToTop is PASSED

2022-01-03 08:26:27 - [TEST_STEP][PASSED] - delay(3): Delayed 3 second(s)

2022-01-03 08:26:30 - [MESSAGE][PASSED] - Delayed 3 second(s)

2022-01-03 08:26:30 - [MESSAGE][PASSED] - Call Test Case 'Test Cases/Mobile/Page/News/News' successfully

2022-01-03 08:26:30 - [TEST_STEP][PASSED] - callTestCase(findTestCase("Mobile/Page/Run App/Terminate App"), [:], STOP_ON_FAILURE): Call Test Case 'Test Cases/Mobile/Page/Run App/Terminate App' successfully

2022-01-03 08:26:30 - [TEST_CASE][PASSED] - Test Cases/Mobile/Page/Run App/Terminate App: Test Cases/Mobile/Page/Run App/Terminate App

2022-01-03 08:26:30 - [TEST_STEP][PASSED] - startApp.OpenApp.terminateApplication(): startApp.OpenApp.terminateApplication is PASSED

2022-01-03 08:26:34 - [MESSAGE][PASSED] - Delayed 3 second(s)

2022-01-03 08:26:34 - [MESSAGE][PASSED] - Current device physical width is 720

2022-01-03 08:26:34 - [MESSAGE][PASSED] - Current device physical height is 1423

2022-01-03 08:26:35 - [MESSAGE][PASSED] - Swiped from 360,853 to 360,142

2022-01-03 08:26:36 - [MESSAGE][PASSED] - Delayed 1 second(s)

2022-01-03 08:26:38 - [MESSAGE][PASSED] - Swiped from 360,853 to 360,142

2022-01-03 08:26:41 - [MESSAGE][PASSED] - Delayed 3 second(s)

2022-01-03 08:26:41 - [MESSAGE][PASSED] - startApp.OpenApp.terminateApplication is PASSED

2022-01-03 08:26:41 - [MESSAGE][PASSED] - Call Test Case 'Test Cases/Mobile/Page/Run App/Terminate App' successfully]]></system-out>
         <system-err><![CDATA[]]></system-err>
      </testcase>
      <testcase name="Test Cases/Mobile/Scenario/News/005 - Macro News" time="64.79" classname="Test Cases/Mobile/Scenario/News/005 - Macro News" status="PASSED">
         <system-out><![CDATA[2022-01-03 08:26:41 - [TEST_CASE][PASSED] - Test Cases/Mobile/Scenario/News/005 - Macro News: Test Cases/Mobile/Scenario/News/005 - Macro News

2022-01-03 08:26:41 - [TEST_STEP][PASSED] - callTestCase(findTestCase("Mobile/Page/Run App/Run App byID"), [:], STOP_ON_FAILURE): Call Test Case 'Test Cases/Mobile/Page/Run App/Run App byID' successfully

2022-01-03 08:26:41 - [TEST_CASE][PASSED] - Test Cases/Mobile/Page/Run App/Run App byID: Test Cases/Mobile/Page/Run App/Run App byID

2022-01-03 08:26:41 - [TEST_STEP][PASSED] - startApp.OpenApp.startApplication("id.co.miraeasset.sageclub"): startApp.OpenApp.startApplication is PASSED

2022-01-03 08:26:56 - [MESSAGE][PASSED] - Starting app with application ID: 'id.co.miraeasset.sageclub'

2022-01-03 08:26:56 - [MESSAGE][PASSED] - startApp.OpenApp.startApplication is PASSED

2022-01-03 08:26:56 - [MESSAGE][PASSED] - Call Test Case 'Test Cases/Mobile/Page/Run App/Run App byID' successfully

2022-01-03 08:26:56 - [TEST_STEP][PASSED] - callTestCase(findTestCase("Mobile/Page/News/News"), ["tab":"macronews"], CONTINUE_ON_FAILURE): Call Test Case 'Test Cases/Mobile/Page/News/News' successfully

2022-01-03 08:26:56 - [TEST_CASE][PASSED] - Test Cases/Mobile/Page/News/News: Test Cases/Mobile/Page/News/News

2022-01-03 08:26:56 - [TEST_STEP][PASSED] - callTestCase(findTestCase("Mobile/Page/CheckLogin"), [:], CONTINUE_ON_FAILURE): Call Test Case 'Test Cases/Mobile/Page/CheckLogin' successfully

2022-01-03 08:26:56 - [TEST_CASE][PASSED] - Test Cases/Mobile/Page/CheckLogin: Test Cases/Mobile/Page/CheckLogin

2022-01-03 08:26:56 - [TEST_STEP][PASSED] - loginCheck = verifyElementExist(LOGN_BtnLogin, 5, CONTINUE_ON_FAILURE): Element 'Object Repository/Mobile/Page/Login/Button - Login' is exist

2022-01-03 08:26:58 - [MESSAGE][PASSED] - Element 'Object Repository/Mobile/Page/Login/Button - Login' is exist

2022-01-03 08:26:58 - [TEST_STEP][PASSED] - if (loginCheck): Call Test Case 'Test Cases/Mobile/Page/Login/Login' successfully

2022-01-03 08:26:58 - [TEST_STEP][PASSED] - callTestCase(findTestCase("Mobile/Page/Login/Login"), ["action":"username"], CONTINUE_ON_FAILURE): Call Test Case 'Test Cases/Mobile/Page/Login/Login' successfully

2022-01-03 08:26:58 - [TEST_CASE][PASSED] - Test Cases/Mobile/Page/Login/Login: Test Cases/Mobile/Page/Login/Login

2022-01-03 08:26:58 - [TEST_STEP][PASSED] - delay(2): Delayed 2 second(s)

2022-01-03 08:27:00 - [MESSAGE][PASSED] - Delayed 2 second(s)

2022-01-03 08:27:00 - [TEST_STEP][PASSED] - for ([i = 0, i < 1, (i++)]): null

2022-01-03 08:27:00 - [TEST_STEP][PASSED] - if (action == "username"): null

2022-01-03 08:27:00 - [TEST_STEP][PASSED] - tap(LOGN_EdtUserID, 0): Tapped on element 'Object Repository/Mobile/Page/Login/Input - UserID'

2022-01-03 08:27:00 - [MESSAGE][WARNING] - Timeout '0' is invalid. Using default page load timeout: '60'

2022-01-03 08:27:01 - [MESSAGE][PASSED] - Tapped on element 'Object Repository/Mobile/Page/Login/Input - UserID'

2022-01-03 08:27:01 - [TEST_STEP][PASSED] - delay(1): Delayed 1 second(s)

2022-01-03 08:27:02 - [MESSAGE][PASSED] - Delayed 1 second(s)

2022-01-03 08:27:02 - [TEST_STEP][PASSED] - setText(LOGN_EdtRdyUserID, "anggaaditya", 0): Text 'anggaaditya' has been set to element 'Object Repository/Mobile/Page/Login/Input Rdy - UserID'

2022-01-03 08:27:02 - [MESSAGE][WARNING] - Timeout '0' is invalid. Using default page load timeout: '60'

2022-01-03 08:27:03 - [MESSAGE][PASSED] - Text 'anggaaditya' has been set to element 'Object Repository/Mobile/Page/Login/Input Rdy - UserID'

2022-01-03 08:27:03 - [TEST_STEP][PASSED] - delay(1): Delayed 1 second(s)

2022-01-03 08:27:04 - [MESSAGE][PASSED] - Delayed 1 second(s)

2022-01-03 08:27:04 - [TEST_STEP][PASSED] - hideKeyboard(): Keyboard is hidden

2022-01-03 08:27:09 - [MESSAGE][PASSED] - Keyboard is hidden

2022-01-03 08:27:09 - [TEST_STEP][PASSED] - tap(LOGN_EdtPassword, 0): Tapped on element 'Object Repository/Mobile/Page/Login/Input - Password'

2022-01-03 08:27:09 - [MESSAGE][WARNING] - Timeout '0' is invalid. Using default page load timeout: '60'

2022-01-03 08:27:09 - [MESSAGE][PASSED] - Tapped on element 'Object Repository/Mobile/Page/Login/Input - Password'

2022-01-03 08:27:09 - [TEST_STEP][PASSED] - delay(1): Delayed 1 second(s)

2022-01-03 08:27:10 - [MESSAGE][PASSED] - Delayed 1 second(s)

2022-01-03 08:27:10 - [TEST_STEP][PASSED] - setText(LOGN_EdtRdyPassword, "Shalawa18", 0): Text 'Shalawa18' has been set to element 'Object Repository/Mobile/Page/Login/Input Rdy - Password'

2022-01-03 08:27:10 - [MESSAGE][WARNING] - Timeout '0' is invalid. Using default page load timeout: '60'

2022-01-03 08:27:11 - [MESSAGE][PASSED] - Text 'Shalawa18' has been set to element 'Object Repository/Mobile/Page/Login/Input Rdy - Password'

2022-01-03 08:27:11 - [TEST_STEP][PASSED] - delay(1): Delayed 1 second(s)

2022-01-03 08:27:12 - [MESSAGE][PASSED] - Delayed 1 second(s)

2022-01-03 08:27:12 - [TEST_STEP][PASSED] - hideKeyboard(): Keyboard is hidden

2022-01-03 08:27:19 - [MESSAGE][PASSED] - Keyboard is hidden

2022-01-03 08:27:19 - [TEST_STEP][PASSED] - tap(LOGN_BtnLogin, 0): Tapped on element 'Object Repository/Mobile/Page/Login/Button - Login'

2022-01-03 08:27:19 - [MESSAGE][WARNING] - Timeout '0' is invalid. Using default page load timeout: '60'

2022-01-03 08:27:20 - [MESSAGE][PASSED] - Tapped on element 'Object Repository/Mobile/Page/Login/Button - Login'

2022-01-03 08:27:20 - [TEST_STEP][PASSED] - delay(2): Delayed 2 second(s)

2022-01-03 08:27:22 - [MESSAGE][PASSED] - Delayed 2 second(s)

2022-01-03 08:27:22 - [TEST_STEP][PASSED] - break: null

2022-01-03 08:27:22 - [MESSAGE][PASSED] - Call Test Case 'Test Cases/Mobile/Page/Login/Login' successfully

2022-01-03 08:27:22 - [MESSAGE][PASSED] - Call Test Case 'Test Cases/Mobile/Page/CheckLogin' successfully

2022-01-03 08:27:22 - [TEST_STEP][PASSED] - tap(HOME_MenubarNews, 0): Tapped on element 'Object Repository/Mobile/Page/Home/Menubar - News'

2022-01-03 08:27:22 - [MESSAGE][WARNING] - Timeout '0' is invalid. Using default page load timeout: '60'

2022-01-03 08:27:23 - [MESSAGE][PASSED] - Tapped on element 'Object Repository/Mobile/Page/Home/Menubar - News'

2022-01-03 08:27:23 - [TEST_STEP][PASSED] - delay(1): Delayed 1 second(s)

2022-01-03 08:27:24 - [MESSAGE][PASSED] - Delayed 1 second(s)

2022-01-03 08:27:24 - [TEST_STEP][PASSED] - for ([i = 0, i < 1, (i++)]): Delayed 3 second(s)

2022-01-03 08:27:24 - [TEST_STEP][PASSED] - if (tab == "macronews"): Tapped on element 'Object Repository/Mobile/Page/News/Tab - Macro'

2022-01-03 08:27:24 - [TEST_STEP][PASSED] - tap(NEWS_TabMacro, 0): Tapped on element 'Object Repository/Mobile/Page/News/Tab - Macro'

2022-01-03 08:27:24 - [MESSAGE][WARNING] - Timeout '0' is invalid. Using default page load timeout: '60'

2022-01-03 08:27:25 - [MESSAGE][PASSED] - Tapped on element 'Object Repository/Mobile/Page/News/Tab - Macro'

2022-01-03 08:27:25 - [TEST_STEP][PASSED] - delay(1): Delayed 1 second(s)

2022-01-03 08:27:26 - [MESSAGE][PASSED] - Delayed 1 second(s)

2022-01-03 08:27:26 - [TEST_STEP][PASSED] - if (tab != "worldindices"): Delayed 3 second(s)

2022-01-03 08:27:26 - [TEST_STEP][PASSED] - try: Delayed 3 second(s)

2022-01-03 08:27:26 - [TEST_STEP][PASSED] - tapAndHold(NEWS_ItemTopNews, 1, 10): Tapped and held on element 'Object Repository/Mobile/Page/News/Item - Top News' with duration 1

2022-01-03 08:27:29 - [MESSAGE][PASSED] - Tapped and held on element 'Object Repository/Mobile/Page/News/Item - Top News' with duration 1

2022-01-03 08:27:29 - [TEST_STEP][PASSED] - delay(1): Delayed 1 second(s)

2022-01-03 08:27:30 - [MESSAGE][PASSED] - Delayed 1 second(s)

2022-01-03 08:27:30 - [TEST_STEP][PASSED] - scroll.scroll.scrollScreenBottomToTop(): scroll.scroll.scrollScreenBottomToTop is PASSED

2022-01-03 08:27:31 - [MESSAGE][PASSED] - Current device physical height is 1423

2022-01-03 08:27:31 - [MESSAGE][PASSED] - Current device physical width is 720

2022-01-03 08:27:32 - [MESSAGE][PASSED] - Swiped from 360,1,138 to 360,284

2022-01-03 08:27:32 - [MESSAGE][PASSED] - scroll.scroll.scrollScreenBottomToTop is PASSED

2022-01-03 08:27:32 - [TEST_STEP][PASSED] - delay(3): Delayed 3 second(s)

2022-01-03 08:27:35 - [MESSAGE][PASSED] - Delayed 3 second(s)

2022-01-03 08:27:35 - [MESSAGE][PASSED] - Call Test Case 'Test Cases/Mobile/Page/News/News' successfully

2022-01-03 08:27:35 - [TEST_STEP][PASSED] - callTestCase(findTestCase("Mobile/Page/Run App/Terminate App"), [:], STOP_ON_FAILURE): Call Test Case 'Test Cases/Mobile/Page/Run App/Terminate App' successfully

2022-01-03 08:27:35 - [TEST_CASE][PASSED] - Test Cases/Mobile/Page/Run App/Terminate App: Test Cases/Mobile/Page/Run App/Terminate App

2022-01-03 08:27:35 - [TEST_STEP][PASSED] - startApp.OpenApp.terminateApplication(): startApp.OpenApp.terminateApplication is PASSED

2022-01-03 08:27:38 - [MESSAGE][PASSED] - Delayed 3 second(s)

2022-01-03 08:27:39 - [MESSAGE][PASSED] - Current device physical width is 720

2022-01-03 08:27:39 - [MESSAGE][PASSED] - Current device physical height is 1423

2022-01-03 08:27:40 - [MESSAGE][PASSED] - Swiped from 360,853 to 360,142

2022-01-03 08:27:41 - [MESSAGE][PASSED] - Delayed 1 second(s)

2022-01-03 08:27:43 - [MESSAGE][PASSED] - Swiped from 360,853 to 360,142

2022-01-03 08:27:46 - [MESSAGE][PASSED] - Delayed 3 second(s)

2022-01-03 08:27:46 - [MESSAGE][PASSED] - startApp.OpenApp.terminateApplication is PASSED

2022-01-03 08:27:46 - [MESSAGE][PASSED] - Call Test Case 'Test Cases/Mobile/Page/Run App/Terminate App' successfully]]></system-out>
         <system-err><![CDATA[]]></system-err>
      </testcase>
      <system-out><![CDATA[2022-01-03 08:21:38 - [TEST_SUITE][PASSED] - news: Test Cases/Mobile/Scenario/News/005 - Macro News]]></system-out>
      <system-err><![CDATA[]]></system-err>
   </testsuite>
</testsuites>
