<?xml version="1.0" encoding="UTF-8"?>
<testsuites name="portfolio" time="1338.979" tests="19" failures="0" skips="0" errors="0">
   <testsuite name="portfolio" tests="19" failures="0" errors="0" time="1338.979" skips="0" timestamp="2022-01-05 08:19:34" hostname="Owner - aldy-tft" id="Test Suites/portfolio">
      <properties>
         <property name="deviceName" value="samsung SM-A205F (Android 11)"/>
         <property name="devicePlatform" value=""/>
         <property name="logFolder" value="C:\\Users\\Owner\\Documents\\kerjaan\\KatalonProject\\qa_katalon_pwm\\qa_katalon_pwm\\Reports\\20220105_074137\\portfolio\\20220105_074154"/>
         <property name="logFiles" value="C:\\Users\\Owner\\Documents\\kerjaan\\KatalonProject\\qa_katalon_pwm\\qa_katalon_pwm\\Reports\\20220105_074137\\portfolio\\20220105_074154\\appium.log, C:\\Users\\Owner\\Documents\\kerjaan\\KatalonProject\\qa_katalon_pwm\\qa_katalon_pwm\\Reports\\20220105_074137\\portfolio\\20220105_074154\\execution0.log"/>
         <property name="attachments" value=""/>
         <property name="hostName" value="Owner - aldy-tft"/>
         <property name="os" value="Windows 10 64bit"/>
         <property name="appiumServerStatus" value="{&quot;value&quot;:{&quot;build&quot;:{&quot;version&quot;:&quot;1.22.0&quot;}},&quot;sessionId&quot;:null,&quot;status&quot;:0}"/>
         <property name="katalonVersion" value="7.9.1.208"/>
         <property name="deviceOS" value="Android"/>
         <property name="appiumVersion" value="1.22.0"/>
         <property name="deviceModel" value="SM-A205F"/>
         <property name="hostAddress" value="10.0.30.191"/>
         <property name="deviceManufacturer" value="samsung"/>
         <property name="deviceId" value="RR8M40C9AXE"/>
         <property name="deviceName" value="samsung SM-A205F (Android 11)"/>
         <property name="deviceOSVersion" value="11"/>
      </properties>
      <testcase name="Test Cases/Mobile/Scenario/Portfolio/001 - Summary" time="104.775" classname="Test Cases/Mobile/Scenario/Portfolio/001 - Summary" status="PASSED">
         <system-out><![CDATA[2022-01-05 08:19:34 - [TEST_CASE][PASSED] - Test Cases/Mobile/Scenario/Portfolio/001 - Summary: Test Cases/Mobile/Scenario/Portfolio/001 - Summary

2022-01-05 08:19:35 - [TEST_STEP][PASSED] - callTestCase(findTestCase("Mobile/Page/Run App/Run App byID"), [:], STOP_ON_FAILURE): Call Test Case 'Test Cases/Mobile/Page/Run App/Run App byID' successfully

2022-01-05 08:19:35 - [TEST_CASE][PASSED] - Test Cases/Mobile/Page/Run App/Run App byID: Test Cases/Mobile/Page/Run App/Run App byID

2022-01-05 08:19:35 - [TEST_STEP][PASSED] - startApp.OpenApp.startApplication("id.co.miraeasset.sageclub"): startApp.OpenApp.startApplication is PASSED

2022-01-05 08:19:37 - [MESSAGE][INFO] - Appium server started on port 59,029

2022-01-05 08:19:55 - [MESSAGE][PASSED] - Starting app with application ID: 'id.co.miraeasset.sageclub'

2022-01-05 08:19:55 - [MESSAGE][PASSED] - startApp.OpenApp.startApplication is PASSED

2022-01-05 08:19:55 - [MESSAGE][PASSED] - Call Test Case 'Test Cases/Mobile/Page/Run App/Run App byID' successfully

2022-01-05 08:19:55 - [TEST_STEP][PASSED] - callTestCase(findTestCase("Mobile/Page/Portfolio/Portfolio"), ["tab":"summary", "action":"summary"], CONTINUE_ON_FAILURE): Call Test Case 'Test Cases/Mobile/Page/Portfolio/Portfolio' successfully

2022-01-05 08:19:55 - [TEST_CASE][PASSED] - Test Cases/Mobile/Page/Portfolio/Portfolio: Test Cases/Mobile/Page/Portfolio/Portfolio

2022-01-05 08:19:56 - [TEST_STEP][PASSED] - callTestCase(findTestCase("Mobile/Page/CheckLogin"), [:], CONTINUE_ON_FAILURE): Call Test Case 'Test Cases/Mobile/Page/CheckLogin' successfully

2022-01-05 08:19:56 - [TEST_CASE][PASSED] - Test Cases/Mobile/Page/CheckLogin: Test Cases/Mobile/Page/CheckLogin

2022-01-05 08:19:57 - [TEST_STEP][PASSED] - loginCheck = verifyElementExist(LOGN_BtnLogin, 5, CONTINUE_ON_FAILURE): Element 'Object Repository/Mobile/Page/Login/Button - Login' is exist

2022-01-05 08:20:38 - [MESSAGE][PASSED] - Element 'Object Repository/Mobile/Page/Login/Button - Login' is exist

2022-01-05 08:20:38 - [TEST_STEP][PASSED] - if (loginCheck): Call Test Case 'Test Cases/Mobile/Page/Login/Login' successfully

2022-01-05 08:20:38 - [TEST_STEP][PASSED] - callTestCase(findTestCase("Mobile/Page/Login/Login"), ["action":"username"], CONTINUE_ON_FAILURE): Call Test Case 'Test Cases/Mobile/Page/Login/Login' successfully

2022-01-05 08:20:38 - [TEST_CASE][PASSED] - Test Cases/Mobile/Page/Login/Login: Test Cases/Mobile/Page/Login/Login

2022-01-05 08:20:39 - [TEST_STEP][PASSED] - delay(2): Delayed 2 second(s)

2022-01-05 08:20:41 - [MESSAGE][PASSED] - Delayed 2 second(s)

2022-01-05 08:20:41 - [TEST_STEP][PASSED] - for ([i = 0, i < 1, (i++)]): null

2022-01-05 08:20:41 - [TEST_STEP][PASSED] - if (action == "username"): null

2022-01-05 08:20:41 - [TEST_STEP][PASSED] - tap(LOGN_EdtUserID, 0): Tapped on element 'Object Repository/Mobile/Page/Login/Input - UserID'

2022-01-05 08:20:41 - [MESSAGE][WARNING] - Timeout '0' is invalid. Using default page load timeout: '60'

2022-01-05 08:20:42 - [MESSAGE][PASSED] - Tapped on element 'Object Repository/Mobile/Page/Login/Input - UserID'

2022-01-05 08:20:42 - [TEST_STEP][PASSED] - delay(1): Delayed 1 second(s)

2022-01-05 08:20:43 - [MESSAGE][PASSED] - Delayed 1 second(s)

2022-01-05 08:20:43 - [TEST_STEP][PASSED] - setText(LOGN_EdtRdyUserID, "anggaaditya", 0): Text 'anggaaditya' has been set to element 'Object Repository/Mobile/Page/Login/Input Rdy - UserID'

2022-01-05 08:20:43 - [MESSAGE][WARNING] - Timeout '0' is invalid. Using default page load timeout: '60'

2022-01-05 08:20:44 - [MESSAGE][PASSED] - Text 'anggaaditya' has been set to element 'Object Repository/Mobile/Page/Login/Input Rdy - UserID'

2022-01-05 08:20:44 - [TEST_STEP][PASSED] - delay(1): Delayed 1 second(s)

2022-01-05 08:20:45 - [MESSAGE][PASSED] - Delayed 1 second(s)

2022-01-05 08:20:45 - [TEST_STEP][PASSED] - hideKeyboard(): Keyboard is hidden

2022-01-05 08:20:48 - [MESSAGE][PASSED] - Keyboard is hidden

2022-01-05 08:20:48 - [TEST_STEP][PASSED] - tap(LOGN_EdtPassword, 0): Tapped on element 'Object Repository/Mobile/Page/Login/Input - Password'

2022-01-05 08:20:48 - [MESSAGE][WARNING] - Timeout '0' is invalid. Using default page load timeout: '60'

2022-01-05 08:20:49 - [MESSAGE][PASSED] - Tapped on element 'Object Repository/Mobile/Page/Login/Input - Password'

2022-01-05 08:20:49 - [TEST_STEP][PASSED] - delay(1): Delayed 1 second(s)

2022-01-05 08:20:50 - [MESSAGE][PASSED] - Delayed 1 second(s)

2022-01-05 08:20:50 - [TEST_STEP][PASSED] - setText(LOGN_EdtRdyPassword, "Shalawa18", 0): Text 'Shalawa18' has been set to element 'Object Repository/Mobile/Page/Login/Input Rdy - Password'

2022-01-05 08:20:50 - [MESSAGE][WARNING] - Timeout '0' is invalid. Using default page load timeout: '60'

2022-01-05 08:20:51 - [MESSAGE][PASSED] - Text 'Shalawa18' has been set to element 'Object Repository/Mobile/Page/Login/Input Rdy - Password'

2022-01-05 08:20:51 - [TEST_STEP][PASSED] - delay(1): Delayed 1 second(s)

2022-01-05 08:20:52 - [MESSAGE][PASSED] - Delayed 1 second(s)

2022-01-05 08:20:52 - [TEST_STEP][PASSED] - hideKeyboard(): Keyboard is hidden

2022-01-05 08:20:58 - [MESSAGE][PASSED] - Keyboard is hidden

2022-01-05 08:20:58 - [TEST_STEP][PASSED] - tap(LOGN_BtnLogin, 0): Tapped on element 'Object Repository/Mobile/Page/Login/Button - Login'

2022-01-05 08:20:58 - [MESSAGE][WARNING] - Timeout '0' is invalid. Using default page load timeout: '60'

2022-01-05 08:20:59 - [MESSAGE][PASSED] - Tapped on element 'Object Repository/Mobile/Page/Login/Button - Login'

2022-01-05 08:20:59 - [TEST_STEP][PASSED] - delay(2): Delayed 2 second(s)

2022-01-05 08:21:01 - [MESSAGE][PASSED] - Delayed 2 second(s)

2022-01-05 08:21:01 - [TEST_STEP][PASSED] - break: null

2022-01-05 08:21:01 - [MESSAGE][PASSED] - Call Test Case 'Test Cases/Mobile/Page/Login/Login' successfully

2022-01-05 08:21:01 - [MESSAGE][PASSED] - Call Test Case 'Test Cases/Mobile/Page/CheckLogin' successfully

2022-01-05 08:21:01 - [TEST_STEP][PASSED] - tap(HOME_MenubarPortfolio, 0): Tapped on element 'Object Repository/Mobile/Page/Home/Menubar - Portfolio'

2022-01-05 08:21:01 - [MESSAGE][WARNING] - Timeout '0' is invalid. Using default page load timeout: '60'

2022-01-05 08:21:04 - [MESSAGE][PASSED] - Tapped on element 'Object Repository/Mobile/Page/Home/Menubar - Portfolio'

2022-01-05 08:21:04 - [TEST_STEP][PASSED] - delay(1): Delayed 1 second(s)

2022-01-05 08:21:05 - [MESSAGE][PASSED] - Delayed 1 second(s)

2022-01-05 08:21:05 - [TEST_STEP][PASSED] - for ([i = 0, i < 1, (i++)]): null

2022-01-05 08:21:05 - [TEST_STEP][PASSED] - if (tab == "summary"): null

2022-01-05 08:21:05 - [TEST_STEP][PASSED] - idr = PORT_BtnIDR: null

2022-01-05 08:21:05 - [TEST_STEP][PASSED] - persen = PORT_BtnPersen: null

2022-01-05 08:21:05 - [TEST_STEP][PASSED] - if (action == "summary"): Delayed 3 second(s)

2022-01-05 08:21:05 - [TEST_STEP][PASSED] - delay(3): Delayed 3 second(s)

2022-01-05 08:21:08 - [MESSAGE][PASSED] - Delayed 3 second(s)

2022-01-05 08:21:08 - [TEST_STEP][PASSED] - if (action != "summary"): null

2022-01-05 08:21:08 - [MESSAGE][PASSED] - Call Test Case 'Test Cases/Mobile/Page/Portfolio/Portfolio' successfully

2022-01-05 08:21:08 - [TEST_STEP][PASSED] - callTestCase(findTestCase("Mobile/Page/Run App/Terminate App"), [:], STOP_ON_FAILURE): Call Test Case 'Test Cases/Mobile/Page/Run App/Terminate App' successfully

2022-01-05 08:21:08 - [TEST_CASE][PASSED] - Test Cases/Mobile/Page/Run App/Terminate App: Test Cases/Mobile/Page/Run App/Terminate App

2022-01-05 08:21:09 - [TEST_STEP][PASSED] - startApp.OpenApp.terminateApplication(): startApp.OpenApp.terminateApplication is PASSED

2022-01-05 08:21:12 - [MESSAGE][PASSED] - Delayed 3 second(s)

2022-01-05 08:21:12 - [MESSAGE][PASSED] - Current device physical width is 720

2022-01-05 08:21:12 - [MESSAGE][PASSED] - Current device physical height is 1423

2022-01-05 08:21:14 - [MESSAGE][PASSED] - Swiped from 360,853 to 360,142

2022-01-05 08:21:15 - [MESSAGE][PASSED] - Delayed 1 second(s)

2022-01-05 08:21:16 - [MESSAGE][PASSED] - Swiped from 360,853 to 360,142

2022-01-05 08:21:19 - [MESSAGE][PASSED] - Delayed 3 second(s)

2022-01-05 08:21:19 - [MESSAGE][PASSED] - startApp.OpenApp.terminateApplication is PASSED

2022-01-05 08:21:19 - [MESSAGE][PASSED] - Call Test Case 'Test Cases/Mobile/Page/Run App/Terminate App' successfully]]></system-out>
         <system-err><![CDATA[]]></system-err>
      </testcase>
      <testcase name="Test Cases/Mobile/Scenario/Portfolio/002 - Portfolio Performance Daily IDR" time="63.218" classname="Test Cases/Mobile/Scenario/Portfolio/002 - Portfolio Performance Daily IDR" status="PASSED">
         <system-out><![CDATA[2022-01-05 08:21:19 - [TEST_CASE][PASSED] - Test Cases/Mobile/Scenario/Portfolio/002 - Portfolio Performance Daily IDR: Test Cases/Mobile/Scenario/Portfolio/002 - Portfolio Performance Daily IDR

2022-01-05 08:21:20 - [TEST_STEP][PASSED] - callTestCase(findTestCase("Mobile/Page/Run App/Run App byID"), [:], STOP_ON_FAILURE): Call Test Case 'Test Cases/Mobile/Page/Run App/Run App byID' successfully

2022-01-05 08:21:20 - [TEST_CASE][PASSED] - Test Cases/Mobile/Page/Run App/Run App byID: Test Cases/Mobile/Page/Run App/Run App byID

2022-01-05 08:21:20 - [TEST_STEP][PASSED] - startApp.OpenApp.startApplication("id.co.miraeasset.sageclub"): startApp.OpenApp.startApplication is PASSED

2022-01-05 08:21:33 - [MESSAGE][PASSED] - Starting app with application ID: 'id.co.miraeasset.sageclub'

2022-01-05 08:21:33 - [MESSAGE][PASSED] - startApp.OpenApp.startApplication is PASSED

2022-01-05 08:21:33 - [MESSAGE][PASSED] - Call Test Case 'Test Cases/Mobile/Page/Run App/Run App byID' successfully

2022-01-05 08:21:33 - [TEST_STEP][PASSED] - callTestCase(findTestCase("Mobile/Page/Portfolio/Portfolio"), ["tab":"summary", "action":"perf_daily", "action2":"idr"], CONTINUE_ON_FAILURE): Call Test Case 'Test Cases/Mobile/Page/Portfolio/Portfolio' successfully

2022-01-05 08:21:33 - [TEST_CASE][PASSED] - Test Cases/Mobile/Page/Portfolio/Portfolio: Test Cases/Mobile/Page/Portfolio/Portfolio

2022-01-05 08:21:33 - [TEST_STEP][PASSED] - callTestCase(findTestCase("Mobile/Page/CheckLogin"), [:], CONTINUE_ON_FAILURE): Call Test Case 'Test Cases/Mobile/Page/CheckLogin' successfully

2022-01-05 08:21:34 - [TEST_CASE][PASSED] - Test Cases/Mobile/Page/CheckLogin: Test Cases/Mobile/Page/CheckLogin

2022-01-05 08:21:34 - [TEST_STEP][PASSED] - loginCheck = verifyElementExist(LOGN_BtnLogin, 5, CONTINUE_ON_FAILURE): Element 'Object Repository/Mobile/Page/Login/Button - Login' is exist

2022-01-05 08:21:36 - [MESSAGE][PASSED] - Element 'Object Repository/Mobile/Page/Login/Button - Login' is exist

2022-01-05 08:21:36 - [TEST_STEP][PASSED] - if (loginCheck): Call Test Case 'Test Cases/Mobile/Page/Login/Login' successfully

2022-01-05 08:21:36 - [TEST_STEP][PASSED] - callTestCase(findTestCase("Mobile/Page/Login/Login"), ["action":"username"], CONTINUE_ON_FAILURE): Call Test Case 'Test Cases/Mobile/Page/Login/Login' successfully

2022-01-05 08:21:36 - [TEST_CASE][PASSED] - Test Cases/Mobile/Page/Login/Login: Test Cases/Mobile/Page/Login/Login

2022-01-05 08:21:36 - [TEST_STEP][PASSED] - delay(2): Delayed 2 second(s)

2022-01-05 08:21:38 - [MESSAGE][PASSED] - Delayed 2 second(s)

2022-01-05 08:21:38 - [TEST_STEP][PASSED] - for ([i = 0, i < 1, (i++)]): null

2022-01-05 08:21:38 - [TEST_STEP][PASSED] - if (action == "username"): null

2022-01-05 08:21:38 - [TEST_STEP][PASSED] - tap(LOGN_EdtUserID, 0): Tapped on element 'Object Repository/Mobile/Page/Login/Input - UserID'

2022-01-05 08:21:38 - [MESSAGE][WARNING] - Timeout '0' is invalid. Using default page load timeout: '60'

2022-01-05 08:21:38 - [MESSAGE][PASSED] - Tapped on element 'Object Repository/Mobile/Page/Login/Input - UserID'

2022-01-05 08:21:38 - [TEST_STEP][PASSED] - delay(1): Delayed 1 second(s)

2022-01-05 08:21:39 - [MESSAGE][PASSED] - Delayed 1 second(s)

2022-01-05 08:21:39 - [TEST_STEP][PASSED] - setText(LOGN_EdtRdyUserID, "anggaaditya", 0): Text 'anggaaditya' has been set to element 'Object Repository/Mobile/Page/Login/Input Rdy - UserID'

2022-01-05 08:21:39 - [MESSAGE][WARNING] - Timeout '0' is invalid. Using default page load timeout: '60'

2022-01-05 08:21:40 - [MESSAGE][PASSED] - Text 'anggaaditya' has been set to element 'Object Repository/Mobile/Page/Login/Input Rdy - UserID'

2022-01-05 08:21:40 - [TEST_STEP][PASSED] - delay(1): Delayed 1 second(s)

2022-01-05 08:21:41 - [MESSAGE][PASSED] - Delayed 1 second(s)

2022-01-05 08:21:41 - [TEST_STEP][PASSED] - hideKeyboard(): Keyboard is hidden

2022-01-05 08:21:45 - [MESSAGE][PASSED] - Keyboard is hidden

2022-01-05 08:21:45 - [TEST_STEP][PASSED] - tap(LOGN_EdtPassword, 0): Tapped on element 'Object Repository/Mobile/Page/Login/Input - Password'

2022-01-05 08:21:45 - [MESSAGE][WARNING] - Timeout '0' is invalid. Using default page load timeout: '60'

2022-01-05 08:21:46 - [MESSAGE][PASSED] - Tapped on element 'Object Repository/Mobile/Page/Login/Input - Password'

2022-01-05 08:21:46 - [TEST_STEP][PASSED] - delay(1): Delayed 1 second(s)

2022-01-05 08:21:47 - [MESSAGE][PASSED] - Delayed 1 second(s)

2022-01-05 08:21:47 - [TEST_STEP][PASSED] - setText(LOGN_EdtRdyPassword, "Shalawa18", 0): Text 'Shalawa18' has been set to element 'Object Repository/Mobile/Page/Login/Input Rdy - Password'

2022-01-05 08:21:47 - [MESSAGE][WARNING] - Timeout '0' is invalid. Using default page load timeout: '60'

2022-01-05 08:21:48 - [MESSAGE][PASSED] - Text 'Shalawa18' has been set to element 'Object Repository/Mobile/Page/Login/Input Rdy - Password'

2022-01-05 08:21:48 - [TEST_STEP][PASSED] - delay(1): Delayed 1 second(s)

2022-01-05 08:21:49 - [MESSAGE][PASSED] - Delayed 1 second(s)

2022-01-05 08:21:49 - [TEST_STEP][PASSED] - hideKeyboard(): Keyboard is hidden

2022-01-05 08:21:55 - [MESSAGE][PASSED] - Keyboard is hidden

2022-01-05 08:21:55 - [TEST_STEP][PASSED] - tap(LOGN_BtnLogin, 0): Tapped on element 'Object Repository/Mobile/Page/Login/Button - Login'

2022-01-05 08:21:55 - [MESSAGE][WARNING] - Timeout '0' is invalid. Using default page load timeout: '60'

2022-01-05 08:21:56 - [MESSAGE][PASSED] - Tapped on element 'Object Repository/Mobile/Page/Login/Button - Login'

2022-01-05 08:21:56 - [TEST_STEP][PASSED] - delay(2): Delayed 2 second(s)

2022-01-05 08:21:58 - [MESSAGE][PASSED] - Delayed 2 second(s)

2022-01-05 08:21:58 - [TEST_STEP][PASSED] - break: null

2022-01-05 08:21:58 - [MESSAGE][PASSED] - Call Test Case 'Test Cases/Mobile/Page/Login/Login' successfully

2022-01-05 08:21:58 - [MESSAGE][PASSED] - Call Test Case 'Test Cases/Mobile/Page/CheckLogin' successfully

2022-01-05 08:21:58 - [TEST_STEP][PASSED] - tap(HOME_MenubarPortfolio, 0): Tapped on element 'Object Repository/Mobile/Page/Home/Menubar - Portfolio'

2022-01-05 08:21:58 - [MESSAGE][WARNING] - Timeout '0' is invalid. Using default page load timeout: '60'

2022-01-05 08:21:59 - [MESSAGE][PASSED] - Tapped on element 'Object Repository/Mobile/Page/Home/Menubar - Portfolio'

2022-01-05 08:21:59 - [TEST_STEP][PASSED] - delay(1): Delayed 1 second(s)

2022-01-05 08:22:00 - [MESSAGE][PASSED] - Delayed 1 second(s)

2022-01-05 08:22:00 - [TEST_STEP][PASSED] - for ([i = 0, i < 1, (i++)]): Delayed 3 second(s)

2022-01-05 08:22:00 - [TEST_STEP][PASSED] - if (tab == "summary"): Delayed 3 second(s)

2022-01-05 08:22:00 - [TEST_STEP][PASSED] - idr = PORT_BtnIDR: null

2022-01-05 08:22:00 - [TEST_STEP][PASSED] - persen = PORT_BtnPersen: null

2022-01-05 08:22:00 - [TEST_STEP][PASSED] - if (action == "summary"): null

2022-01-05 08:22:00 - [TEST_STEP][PASSED] - else if (action == "perf_daily"): scroll.scroll.scrollScreenBottomToTop is PASSED

2022-01-05 08:22:00 - [TEST_STEP][PASSED] - scroll.scroll.scrollScreenBottomToTop(): scroll.scroll.scrollScreenBottomToTop is PASSED

2022-01-05 08:22:01 - [MESSAGE][PASSED] - Current device physical height is 1423

2022-01-05 08:22:01 - [MESSAGE][PASSED] - Current device physical width is 720

2022-01-05 08:22:02 - [MESSAGE][PASSED] - Swiped from 360,1,138 to 360,284

2022-01-05 08:22:02 - [MESSAGE][PASSED] - scroll.scroll.scrollScreenBottomToTop is PASSED

2022-01-05 08:22:02 - [TEST_STEP][PASSED] - if (action != "summary"): Delayed 3 second(s)

2022-01-05 08:22:02 - [TEST_STEP][PASSED] - delay(1): Delayed 1 second(s)

2022-01-05 08:22:03 - [MESSAGE][PASSED] - Delayed 1 second(s)

2022-01-05 08:22:03 - [TEST_STEP][PASSED] - scroll.scroll.scrollScreenBottomToTop(): scroll.scroll.scrollScreenBottomToTop is PASSED

2022-01-05 08:22:04 - [MESSAGE][PASSED] - Current device physical height is 1423

2022-01-05 08:22:04 - [MESSAGE][PASSED] - Current device physical width is 720

2022-01-05 08:22:05 - [MESSAGE][PASSED] - Swiped from 360,1,138 to 360,284

2022-01-05 08:22:05 - [MESSAGE][PASSED] - scroll.scroll.scrollScreenBottomToTop is PASSED

2022-01-05 08:22:05 - [TEST_STEP][PASSED] - delay(3): Delayed 3 second(s)

2022-01-05 08:22:08 - [MESSAGE][PASSED] - Delayed 3 second(s)

2022-01-05 08:22:08 - [TEST_STEP][PASSED] - if (action2 == "idr"): Delayed 3 second(s)

2022-01-05 08:22:08 - [TEST_STEP][PASSED] - tap(idr, 10): Tapped on element 'Object Repository/Mobile/Page/Portfolio/Button - IDR'

2022-01-05 08:22:09 - [MESSAGE][PASSED] - Tapped on element 'Object Repository/Mobile/Page/Portfolio/Button - IDR'

2022-01-05 08:22:09 - [TEST_STEP][PASSED] - delay(3): Delayed 3 second(s)

2022-01-05 08:22:12 - [MESSAGE][PASSED] - Delayed 3 second(s)

2022-01-05 08:22:12 - [MESSAGE][PASSED] - Call Test Case 'Test Cases/Mobile/Page/Portfolio/Portfolio' successfully

2022-01-05 08:22:12 - [TEST_STEP][PASSED] - callTestCase(findTestCase("Mobile/Page/Run App/Terminate App"), [:], STOP_ON_FAILURE): Call Test Case 'Test Cases/Mobile/Page/Run App/Terminate App' successfully

2022-01-05 08:22:12 - [TEST_CASE][PASSED] - Test Cases/Mobile/Page/Run App/Terminate App: Test Cases/Mobile/Page/Run App/Terminate App

2022-01-05 08:22:12 - [TEST_STEP][PASSED] - startApp.OpenApp.terminateApplication(): startApp.OpenApp.terminateApplication is PASSED

2022-01-05 08:22:15 - [MESSAGE][PASSED] - Delayed 3 second(s)

2022-01-05 08:22:15 - [MESSAGE][PASSED] - Current device physical width is 720

2022-01-05 08:22:16 - [MESSAGE][PASSED] - Current device physical height is 1423

2022-01-05 08:22:17 - [MESSAGE][PASSED] - Swiped from 360,853 to 360,142

2022-01-05 08:22:18 - [MESSAGE][PASSED] - Delayed 1 second(s)

2022-01-05 08:22:19 - [MESSAGE][PASSED] - Swiped from 360,853 to 360,142

2022-01-05 08:22:22 - [MESSAGE][PASSED] - Delayed 3 second(s)

2022-01-05 08:22:22 - [MESSAGE][PASSED] - startApp.OpenApp.terminateApplication is PASSED

2022-01-05 08:22:22 - [MESSAGE][PASSED] - Call Test Case 'Test Cases/Mobile/Page/Run App/Terminate App' successfully]]></system-out>
         <system-err><![CDATA[]]></system-err>
      </testcase>
      <testcase name="Test Cases/Mobile/Scenario/Portfolio/003 - Portfolio Performance Month to Date IDR" time="110.159" classname="Test Cases/Mobile/Scenario/Portfolio/003 - Portfolio Performance Month to Date IDR" status="PASSED">
         <system-out><![CDATA[2022-01-05 08:22:22 - [TEST_CASE][PASSED] - Test Cases/Mobile/Scenario/Portfolio/003 - Portfolio Performance Month to Date IDR: Test Cases/Mobile/Scenario/Portfolio/003 - Portfolio Performance Month to Date IDR

2022-01-05 08:22:23 - [TEST_STEP][PASSED] - callTestCase(findTestCase("Mobile/Page/Run App/Run App byID"), [:], STOP_ON_FAILURE): Call Test Case 'Test Cases/Mobile/Page/Run App/Run App byID' successfully

2022-01-05 08:22:23 - [TEST_CASE][PASSED] - Test Cases/Mobile/Page/Run App/Run App byID: Test Cases/Mobile/Page/Run App/Run App byID

2022-01-05 08:22:23 - [TEST_STEP][PASSED] - startApp.OpenApp.startApplication("id.co.miraeasset.sageclub"): startApp.OpenApp.startApplication is PASSED

2022-01-05 08:22:39 - [MESSAGE][PASSED] - Starting app with application ID: 'id.co.miraeasset.sageclub'

2022-01-05 08:22:39 - [MESSAGE][PASSED] - startApp.OpenApp.startApplication is PASSED

2022-01-05 08:22:39 - [MESSAGE][PASSED] - Call Test Case 'Test Cases/Mobile/Page/Run App/Run App byID' successfully

2022-01-05 08:22:39 - [TEST_STEP][PASSED] - callTestCase(findTestCase("Mobile/Page/Portfolio/Portfolio"), ["tab":"summary", "action":"perf_month", "action2":"idr"], CONTINUE_ON_FAILURE): Call Test Case 'Test Cases/Mobile/Page/Portfolio/Portfolio' successfully

2022-01-05 08:22:39 - [TEST_CASE][PASSED] - Test Cases/Mobile/Page/Portfolio/Portfolio: Test Cases/Mobile/Page/Portfolio/Portfolio

2022-01-05 08:22:39 - [TEST_STEP][PASSED] - callTestCase(findTestCase("Mobile/Page/CheckLogin"), [:], CONTINUE_ON_FAILURE): Call Test Case 'Test Cases/Mobile/Page/CheckLogin' successfully

2022-01-05 08:22:39 - [TEST_CASE][PASSED] - Test Cases/Mobile/Page/CheckLogin: Test Cases/Mobile/Page/CheckLogin

2022-01-05 08:22:39 - [TEST_STEP][PASSED] - loginCheck = verifyElementExist(LOGN_BtnLogin, 5, CONTINUE_ON_FAILURE): Element 'Object Repository/Mobile/Page/Login/Button - Login' is exist

2022-01-05 08:22:42 - [MESSAGE][PASSED] - Element 'Object Repository/Mobile/Page/Login/Button - Login' is exist

2022-01-05 08:22:42 - [TEST_STEP][PASSED] - if (loginCheck): Call Test Case 'Test Cases/Mobile/Page/Login/Login' successfully

2022-01-05 08:22:42 - [TEST_STEP][PASSED] - callTestCase(findTestCase("Mobile/Page/Login/Login"), ["action":"username"], CONTINUE_ON_FAILURE): Call Test Case 'Test Cases/Mobile/Page/Login/Login' successfully

2022-01-05 08:22:42 - [TEST_CASE][PASSED] - Test Cases/Mobile/Page/Login/Login: Test Cases/Mobile/Page/Login/Login

2022-01-05 08:22:42 - [TEST_STEP][PASSED] - delay(2): Delayed 2 second(s)

2022-01-05 08:22:44 - [MESSAGE][PASSED] - Delayed 2 second(s)

2022-01-05 08:22:44 - [TEST_STEP][PASSED] - for ([i = 0, i < 1, (i++)]): null

2022-01-05 08:22:44 - [TEST_STEP][PASSED] - if (action == "username"): null

2022-01-05 08:22:44 - [TEST_STEP][PASSED] - tap(LOGN_EdtUserID, 0): Tapped on element 'Object Repository/Mobile/Page/Login/Input - UserID'

2022-01-05 08:22:44 - [MESSAGE][WARNING] - Timeout '0' is invalid. Using default page load timeout: '60'

2022-01-05 08:22:44 - [MESSAGE][PASSED] - Tapped on element 'Object Repository/Mobile/Page/Login/Input - UserID'

2022-01-05 08:22:44 - [TEST_STEP][PASSED] - delay(1): Delayed 1 second(s)

2022-01-05 08:22:45 - [MESSAGE][PASSED] - Delayed 1 second(s)

2022-01-05 08:22:45 - [TEST_STEP][PASSED] - setText(LOGN_EdtRdyUserID, "anggaaditya", 0): Text 'anggaaditya' has been set to element 'Object Repository/Mobile/Page/Login/Input Rdy - UserID'

2022-01-05 08:22:45 - [MESSAGE][WARNING] - Timeout '0' is invalid. Using default page load timeout: '60'

2022-01-05 08:22:46 - [MESSAGE][PASSED] - Text 'anggaaditya' has been set to element 'Object Repository/Mobile/Page/Login/Input Rdy - UserID'

2022-01-05 08:22:46 - [TEST_STEP][PASSED] - delay(1): Delayed 1 second(s)

2022-01-05 08:22:47 - [MESSAGE][PASSED] - Delayed 1 second(s)

2022-01-05 08:22:47 - [TEST_STEP][PASSED] - hideKeyboard(): Keyboard is hidden

2022-01-05 08:22:51 - [MESSAGE][PASSED] - Keyboard is hidden

2022-01-05 08:22:51 - [TEST_STEP][PASSED] - tap(LOGN_EdtPassword, 0): Tapped on element 'Object Repository/Mobile/Page/Login/Input - Password'

2022-01-05 08:22:51 - [MESSAGE][WARNING] - Timeout '0' is invalid. Using default page load timeout: '60'

2022-01-05 08:22:52 - [MESSAGE][PASSED] - Tapped on element 'Object Repository/Mobile/Page/Login/Input - Password'

2022-01-05 08:22:52 - [TEST_STEP][PASSED] - delay(1): Delayed 1 second(s)

2022-01-05 08:22:53 - [MESSAGE][PASSED] - Delayed 1 second(s)

2022-01-05 08:22:53 - [TEST_STEP][PASSED] - setText(LOGN_EdtRdyPassword, "Shalawa18", 0): Text 'Shalawa18' has been set to element 'Object Repository/Mobile/Page/Login/Input Rdy - Password'

2022-01-05 08:22:53 - [MESSAGE][WARNING] - Timeout '0' is invalid. Using default page load timeout: '60'

2022-01-05 08:22:54 - [MESSAGE][PASSED] - Text 'Shalawa18' has been set to element 'Object Repository/Mobile/Page/Login/Input Rdy - Password'

2022-01-05 08:22:54 - [TEST_STEP][PASSED] - delay(1): Delayed 1 second(s)

2022-01-05 08:22:55 - [MESSAGE][PASSED] - Delayed 1 second(s)

2022-01-05 08:22:55 - [TEST_STEP][PASSED] - hideKeyboard(): Keyboard is hidden

2022-01-05 08:23:01 - [MESSAGE][PASSED] - Keyboard is hidden

2022-01-05 08:23:01 - [TEST_STEP][PASSED] - tap(LOGN_BtnLogin, 0): Tapped on element 'Object Repository/Mobile/Page/Login/Button - Login'

2022-01-05 08:23:01 - [MESSAGE][WARNING] - Timeout '0' is invalid. Using default page load timeout: '60'

2022-01-05 08:23:02 - [MESSAGE][PASSED] - Tapped on element 'Object Repository/Mobile/Page/Login/Button - Login'

2022-01-05 08:23:02 - [TEST_STEP][PASSED] - delay(2): Delayed 2 second(s)

2022-01-05 08:23:04 - [MESSAGE][PASSED] - Delayed 2 second(s)

2022-01-05 08:23:04 - [TEST_STEP][PASSED] - break: null

2022-01-05 08:23:04 - [MESSAGE][PASSED] - Call Test Case 'Test Cases/Mobile/Page/Login/Login' successfully

2022-01-05 08:23:04 - [MESSAGE][PASSED] - Call Test Case 'Test Cases/Mobile/Page/CheckLogin' successfully

2022-01-05 08:23:04 - [TEST_STEP][PASSED] - tap(HOME_MenubarPortfolio, 0): Tapped on element 'Object Repository/Mobile/Page/Home/Menubar - Portfolio'

2022-01-05 08:23:04 - [MESSAGE][WARNING] - Timeout '0' is invalid. Using default page load timeout: '60'

2022-01-05 08:23:49 - [MESSAGE][PASSED] - Tapped on element 'Object Repository/Mobile/Page/Home/Menubar - Portfolio'

2022-01-05 08:23:49 - [TEST_STEP][PASSED] - delay(1): Delayed 1 second(s)

2022-01-05 08:23:50 - [MESSAGE][PASSED] - Delayed 1 second(s)

2022-01-05 08:23:50 - [TEST_STEP][PASSED] - for ([i = 0, i < 1, (i++)]): Delayed 3 second(s)

2022-01-05 08:23:50 - [TEST_STEP][PASSED] - if (tab == "summary"): Delayed 3 second(s)

2022-01-05 08:23:50 - [TEST_STEP][PASSED] - idr = PORT_BtnIDR: null

2022-01-05 08:23:50 - [TEST_STEP][PASSED] - persen = PORT_BtnPersen: null

2022-01-05 08:23:50 - [TEST_STEP][PASSED] - if (action == "summary"): null

2022-01-05 08:23:50 - [TEST_STEP][PASSED] - else if (action == "perf_daily"): null

2022-01-05 08:23:50 - [TEST_STEP][PASSED] - else if (action == "perf_month"): Tapped on element 'Object Repository/Mobile/Page/Portfolio/Tab - Summary Month to Date'

2022-01-05 08:23:50 - [TEST_STEP][PASSED] - scroll.scroll.scrollScreenBottomToTop(): scroll.scroll.scrollScreenBottomToTop is PASSED

2022-01-05 08:23:50 - [MESSAGE][PASSED] - Current device physical height is 1423

2022-01-05 08:23:50 - [MESSAGE][PASSED] - Current device physical width is 720

2022-01-05 08:23:51 - [MESSAGE][PASSED] - Swiped from 360,1,138 to 360,284

2022-01-05 08:23:51 - [MESSAGE][PASSED] - scroll.scroll.scrollScreenBottomToTop is PASSED

2022-01-05 08:23:51 - [TEST_STEP][PASSED] - delay(1): Delayed 1 second(s)

2022-01-05 08:23:52 - [MESSAGE][PASSED] - Delayed 1 second(s)

2022-01-05 08:23:52 - [TEST_STEP][PASSED] - tap(PORT_TabSummaryMonth, 0): Tapped on element 'Object Repository/Mobile/Page/Portfolio/Tab - Summary Month to Date'

2022-01-05 08:23:52 - [MESSAGE][WARNING] - Timeout '0' is invalid. Using default page load timeout: '60'

2022-01-05 08:23:53 - [MESSAGE][PASSED] - Tapped on element 'Object Repository/Mobile/Page/Portfolio/Tab - Summary Month to Date'

2022-01-05 08:23:53 - [TEST_STEP][PASSED] - if (action != "summary"): Delayed 3 second(s)

2022-01-05 08:23:53 - [TEST_STEP][PASSED] - delay(1): Delayed 1 second(s)

2022-01-05 08:23:54 - [MESSAGE][PASSED] - Delayed 1 second(s)

2022-01-05 08:23:54 - [TEST_STEP][PASSED] - scroll.scroll.scrollScreenBottomToTop(): scroll.scroll.scrollScreenBottomToTop is PASSED

2022-01-05 08:23:54 - [MESSAGE][PASSED] - Current device physical height is 1423

2022-01-05 08:23:54 - [MESSAGE][PASSED] - Current device physical width is 720

2022-01-05 08:23:56 - [MESSAGE][PASSED] - Swiped from 360,1,138 to 360,284

2022-01-05 08:23:56 - [MESSAGE][PASSED] - scroll.scroll.scrollScreenBottomToTop is PASSED

2022-01-05 08:23:56 - [TEST_STEP][PASSED] - delay(3): Delayed 3 second(s)

2022-01-05 08:23:59 - [MESSAGE][PASSED] - Delayed 3 second(s)

2022-01-05 08:23:59 - [TEST_STEP][PASSED] - if (action2 == "idr"): Delayed 3 second(s)

2022-01-05 08:23:59 - [TEST_STEP][PASSED] - tap(idr, 10): Tapped on element 'Object Repository/Mobile/Page/Portfolio/Button - IDR'

2022-01-05 08:23:59 - [MESSAGE][PASSED] - Tapped on element 'Object Repository/Mobile/Page/Portfolio/Button - IDR'

2022-01-05 08:23:59 - [TEST_STEP][PASSED] - delay(3): Delayed 3 second(s)

2022-01-05 08:24:02 - [MESSAGE][PASSED] - Delayed 3 second(s)

2022-01-05 08:24:02 - [MESSAGE][PASSED] - Call Test Case 'Test Cases/Mobile/Page/Portfolio/Portfolio' successfully

2022-01-05 08:24:02 - [TEST_STEP][PASSED] - callTestCase(findTestCase("Mobile/Page/Run App/Terminate App"), [:], STOP_ON_FAILURE): Call Test Case 'Test Cases/Mobile/Page/Run App/Terminate App' successfully

2022-01-05 08:24:02 - [TEST_CASE][PASSED] - Test Cases/Mobile/Page/Run App/Terminate App: Test Cases/Mobile/Page/Run App/Terminate App

2022-01-05 08:24:02 - [TEST_STEP][PASSED] - startApp.OpenApp.terminateApplication(): startApp.OpenApp.terminateApplication is PASSED

2022-01-05 08:24:05 - [MESSAGE][PASSED] - Delayed 3 second(s)

2022-01-05 08:24:06 - [MESSAGE][PASSED] - Current device physical width is 720

2022-01-05 08:24:06 - [MESSAGE][PASSED] - Current device physical height is 1423

2022-01-05 08:24:07 - [MESSAGE][PASSED] - Swiped from 360,853 to 360,142

2022-01-05 08:24:08 - [MESSAGE][PASSED] - Delayed 1 second(s)

2022-01-05 08:24:09 - [MESSAGE][PASSED] - Swiped from 360,853 to 360,142

2022-01-05 08:24:12 - [MESSAGE][PASSED] - Delayed 3 second(s)

2022-01-05 08:24:12 - [MESSAGE][PASSED] - startApp.OpenApp.terminateApplication is PASSED

2022-01-05 08:24:12 - [MESSAGE][PASSED] - Call Test Case 'Test Cases/Mobile/Page/Run App/Terminate App' successfully]]></system-out>
         <system-err><![CDATA[]]></system-err>
      </testcase>
      <testcase name="Test Cases/Mobile/Scenario/Portfolio/004 - Portfolio Performance Quarter to Date IDR" time="64.1" classname="Test Cases/Mobile/Scenario/Portfolio/004 - Portfolio Performance Quarter to Date IDR" status="PASSED">
         <system-out><![CDATA[2022-01-05 08:24:13 - [TEST_CASE][PASSED] - Test Cases/Mobile/Scenario/Portfolio/004 - Portfolio Performance Quarter to Date IDR: Test Cases/Mobile/Scenario/Portfolio/004 - Portfolio Performance Quarter to Date IDR

2022-01-05 08:24:13 - [TEST_STEP][PASSED] - callTestCase(findTestCase("Mobile/Page/Run App/Run App byID"), [:], STOP_ON_FAILURE): Call Test Case 'Test Cases/Mobile/Page/Run App/Run App byID' successfully

2022-01-05 08:24:13 - [TEST_CASE][PASSED] - Test Cases/Mobile/Page/Run App/Run App byID: Test Cases/Mobile/Page/Run App/Run App byID

2022-01-05 08:24:13 - [TEST_STEP][PASSED] - startApp.OpenApp.startApplication("id.co.miraeasset.sageclub"): startApp.OpenApp.startApplication is PASSED

2022-01-05 08:24:26 - [MESSAGE][PASSED] - Starting app with application ID: 'id.co.miraeasset.sageclub'

2022-01-05 08:24:26 - [MESSAGE][PASSED] - startApp.OpenApp.startApplication is PASSED

2022-01-05 08:24:26 - [MESSAGE][PASSED] - Call Test Case 'Test Cases/Mobile/Page/Run App/Run App byID' successfully

2022-01-05 08:24:26 - [TEST_STEP][PASSED] - callTestCase(findTestCase("Mobile/Page/Portfolio/Portfolio"), ["tab":"summary", "action":"perf_quarter", "action2":"idr"], CONTINUE_ON_FAILURE): Call Test Case 'Test Cases/Mobile/Page/Portfolio/Portfolio' successfully

2022-01-05 08:24:26 - [TEST_CASE][PASSED] - Test Cases/Mobile/Page/Portfolio/Portfolio: Test Cases/Mobile/Page/Portfolio/Portfolio

2022-01-05 08:24:26 - [TEST_STEP][PASSED] - callTestCase(findTestCase("Mobile/Page/CheckLogin"), [:], CONTINUE_ON_FAILURE): Call Test Case 'Test Cases/Mobile/Page/CheckLogin' successfully

2022-01-05 08:24:26 - [TEST_CASE][PASSED] - Test Cases/Mobile/Page/CheckLogin: Test Cases/Mobile/Page/CheckLogin

2022-01-05 08:24:26 - [TEST_STEP][PASSED] - loginCheck = verifyElementExist(LOGN_BtnLogin, 5, CONTINUE_ON_FAILURE): Element 'Object Repository/Mobile/Page/Login/Button - Login' is exist

2022-01-05 08:24:29 - [MESSAGE][PASSED] - Element 'Object Repository/Mobile/Page/Login/Button - Login' is exist

2022-01-05 08:24:29 - [TEST_STEP][PASSED] - if (loginCheck): Call Test Case 'Test Cases/Mobile/Page/Login/Login' successfully

2022-01-05 08:24:29 - [TEST_STEP][PASSED] - callTestCase(findTestCase("Mobile/Page/Login/Login"), ["action":"username"], CONTINUE_ON_FAILURE): Call Test Case 'Test Cases/Mobile/Page/Login/Login' successfully

2022-01-05 08:24:29 - [TEST_CASE][PASSED] - Test Cases/Mobile/Page/Login/Login: Test Cases/Mobile/Page/Login/Login

2022-01-05 08:24:29 - [TEST_STEP][PASSED] - delay(2): Delayed 2 second(s)

2022-01-05 08:24:31 - [MESSAGE][PASSED] - Delayed 2 second(s)

2022-01-05 08:24:31 - [TEST_STEP][PASSED] - for ([i = 0, i < 1, (i++)]): null

2022-01-05 08:24:31 - [TEST_STEP][PASSED] - if (action == "username"): null

2022-01-05 08:24:31 - [TEST_STEP][PASSED] - tap(LOGN_EdtUserID, 0): Tapped on element 'Object Repository/Mobile/Page/Login/Input - UserID'

2022-01-05 08:24:31 - [MESSAGE][WARNING] - Timeout '0' is invalid. Using default page load timeout: '60'

2022-01-05 08:24:31 - [MESSAGE][PASSED] - Tapped on element 'Object Repository/Mobile/Page/Login/Input - UserID'

2022-01-05 08:24:31 - [TEST_STEP][PASSED] - delay(1): Delayed 1 second(s)

2022-01-05 08:24:32 - [MESSAGE][PASSED] - Delayed 1 second(s)

2022-01-05 08:24:32 - [TEST_STEP][PASSED] - setText(LOGN_EdtRdyUserID, "anggaaditya", 0): Text 'anggaaditya' has been set to element 'Object Repository/Mobile/Page/Login/Input Rdy - UserID'

2022-01-05 08:24:32 - [MESSAGE][WARNING] - Timeout '0' is invalid. Using default page load timeout: '60'

2022-01-05 08:24:33 - [MESSAGE][PASSED] - Text 'anggaaditya' has been set to element 'Object Repository/Mobile/Page/Login/Input Rdy - UserID'

2022-01-05 08:24:33 - [TEST_STEP][PASSED] - delay(1): Delayed 1 second(s)

2022-01-05 08:24:34 - [MESSAGE][PASSED] - Delayed 1 second(s)

2022-01-05 08:24:34 - [TEST_STEP][PASSED] - hideKeyboard(): Keyboard is hidden

2022-01-05 08:24:38 - [MESSAGE][PASSED] - Keyboard is hidden

2022-01-05 08:24:38 - [TEST_STEP][PASSED] - tap(LOGN_EdtPassword, 0): Tapped on element 'Object Repository/Mobile/Page/Login/Input - Password'

2022-01-05 08:24:38 - [MESSAGE][WARNING] - Timeout '0' is invalid. Using default page load timeout: '60'

2022-01-05 08:24:39 - [MESSAGE][PASSED] - Tapped on element 'Object Repository/Mobile/Page/Login/Input - Password'

2022-01-05 08:24:39 - [TEST_STEP][PASSED] - delay(1): Delayed 1 second(s)

2022-01-05 08:24:40 - [MESSAGE][PASSED] - Delayed 1 second(s)

2022-01-05 08:24:40 - [TEST_STEP][PASSED] - setText(LOGN_EdtRdyPassword, "Shalawa18", 0): Text 'Shalawa18' has been set to element 'Object Repository/Mobile/Page/Login/Input Rdy - Password'

2022-01-05 08:24:40 - [MESSAGE][WARNING] - Timeout '0' is invalid. Using default page load timeout: '60'

2022-01-05 08:24:41 - [MESSAGE][PASSED] - Text 'Shalawa18' has been set to element 'Object Repository/Mobile/Page/Login/Input Rdy - Password'

2022-01-05 08:24:41 - [TEST_STEP][PASSED] - delay(1): Delayed 1 second(s)

2022-01-05 08:24:42 - [MESSAGE][PASSED] - Delayed 1 second(s)

2022-01-05 08:24:42 - [TEST_STEP][PASSED] - hideKeyboard(): Keyboard is hidden

2022-01-05 08:24:48 - [MESSAGE][PASSED] - Keyboard is hidden

2022-01-05 08:24:48 - [TEST_STEP][PASSED] - tap(LOGN_BtnLogin, 0): Tapped on element 'Object Repository/Mobile/Page/Login/Button - Login'

2022-01-05 08:24:48 - [MESSAGE][WARNING] - Timeout '0' is invalid. Using default page load timeout: '60'

2022-01-05 08:24:49 - [MESSAGE][PASSED] - Tapped on element 'Object Repository/Mobile/Page/Login/Button - Login'

2022-01-05 08:24:49 - [TEST_STEP][PASSED] - delay(2): Delayed 2 second(s)

2022-01-05 08:24:51 - [MESSAGE][PASSED] - Delayed 2 second(s)

2022-01-05 08:24:51 - [TEST_STEP][PASSED] - break: null

2022-01-05 08:24:51 - [MESSAGE][PASSED] - Call Test Case 'Test Cases/Mobile/Page/Login/Login' successfully

2022-01-05 08:24:51 - [MESSAGE][PASSED] - Call Test Case 'Test Cases/Mobile/Page/CheckLogin' successfully

2022-01-05 08:24:51 - [TEST_STEP][PASSED] - tap(HOME_MenubarPortfolio, 0): Tapped on element 'Object Repository/Mobile/Page/Home/Menubar - Portfolio'

2022-01-05 08:24:51 - [MESSAGE][WARNING] - Timeout '0' is invalid. Using default page load timeout: '60'

2022-01-05 08:24:52 - [MESSAGE][PASSED] - Tapped on element 'Object Repository/Mobile/Page/Home/Menubar - Portfolio'

2022-01-05 08:24:52 - [TEST_STEP][PASSED] - delay(1): Delayed 1 second(s)

2022-01-05 08:24:53 - [MESSAGE][PASSED] - Delayed 1 second(s)

2022-01-05 08:24:53 - [TEST_STEP][PASSED] - for ([i = 0, i < 1, (i++)]): Delayed 3 second(s)

2022-01-05 08:24:53 - [TEST_STEP][PASSED] - if (tab == "summary"): Delayed 3 second(s)

2022-01-05 08:24:53 - [TEST_STEP][PASSED] - idr = PORT_BtnIDR: null

2022-01-05 08:24:53 - [TEST_STEP][PASSED] - persen = PORT_BtnPersen: null

2022-01-05 08:24:53 - [TEST_STEP][PASSED] - if (action == "summary"): null

2022-01-05 08:24:53 - [TEST_STEP][PASSED] - else if (action == "perf_daily"): null

2022-01-05 08:24:53 - [TEST_STEP][PASSED] - else if (action == "perf_month"): null

2022-01-05 08:24:53 - [TEST_STEP][PASSED] - else if (action == "perf_quarter"): Tapped on element 'Object Repository/Mobile/Page/Portfolio/Tab - Summary Quarter to Date'

2022-01-05 08:24:53 - [TEST_STEP][PASSED] - scroll.scroll.scrollScreenBottomToTop(): scroll.scroll.scrollScreenBottomToTop is PASSED

2022-01-05 08:24:54 - [MESSAGE][PASSED] - Current device physical height is 1423

2022-01-05 08:24:54 - [MESSAGE][PASSED] - Current device physical width is 720

2022-01-05 08:24:55 - [MESSAGE][PASSED] - Swiped from 360,1,138 to 360,284

2022-01-05 08:24:55 - [MESSAGE][PASSED] - scroll.scroll.scrollScreenBottomToTop is PASSED

2022-01-05 08:24:55 - [TEST_STEP][PASSED] - delay(1): Delayed 1 second(s)

2022-01-05 08:24:56 - [MESSAGE][PASSED] - Delayed 1 second(s)

2022-01-05 08:24:56 - [TEST_STEP][PASSED] - tap(PORT_TabSummaryQuarter, 0): Tapped on element 'Object Repository/Mobile/Page/Portfolio/Tab - Summary Quarter to Date'

2022-01-05 08:24:56 - [MESSAGE][WARNING] - Timeout '0' is invalid. Using default page load timeout: '60'

2022-01-05 08:24:57 - [MESSAGE][PASSED] - Tapped on element 'Object Repository/Mobile/Page/Portfolio/Tab - Summary Quarter to Date'

2022-01-05 08:24:57 - [TEST_STEP][PASSED] - if (action != "summary"): Delayed 3 second(s)

2022-01-05 08:24:57 - [TEST_STEP][PASSED] - delay(1): Delayed 1 second(s)

2022-01-05 08:24:58 - [MESSAGE][PASSED] - Delayed 1 second(s)

2022-01-05 08:24:58 - [TEST_STEP][PASSED] - scroll.scroll.scrollScreenBottomToTop(): scroll.scroll.scrollScreenBottomToTop is PASSED

2022-01-05 08:24:58 - [MESSAGE][PASSED] - Current device physical height is 1423

2022-01-05 08:24:58 - [MESSAGE][PASSED] - Current device physical width is 720

2022-01-05 08:25:00 - [MESSAGE][PASSED] - Swiped from 360,1,138 to 360,284

2022-01-05 08:25:00 - [MESSAGE][PASSED] - scroll.scroll.scrollScreenBottomToTop is PASSED

2022-01-05 08:25:00 - [TEST_STEP][PASSED] - delay(3): Delayed 3 second(s)

2022-01-05 08:25:03 - [MESSAGE][PASSED] - Delayed 3 second(s)

2022-01-05 08:25:03 - [TEST_STEP][PASSED] - if (action2 == "idr"): Delayed 3 second(s)

2022-01-05 08:25:03 - [TEST_STEP][PASSED] - tap(idr, 10): Tapped on element 'Object Repository/Mobile/Page/Portfolio/Button - IDR'

2022-01-05 08:25:03 - [MESSAGE][PASSED] - Tapped on element 'Object Repository/Mobile/Page/Portfolio/Button - IDR'

2022-01-05 08:25:03 - [TEST_STEP][PASSED] - delay(3): Delayed 3 second(s)

2022-01-05 08:25:06 - [MESSAGE][PASSED] - Delayed 3 second(s)

2022-01-05 08:25:06 - [MESSAGE][PASSED] - Call Test Case 'Test Cases/Mobile/Page/Portfolio/Portfolio' successfully

2022-01-05 08:25:06 - [TEST_STEP][PASSED] - callTestCase(findTestCase("Mobile/Page/Run App/Terminate App"), [:], STOP_ON_FAILURE): Call Test Case 'Test Cases/Mobile/Page/Run App/Terminate App' successfully

2022-01-05 08:25:06 - [TEST_CASE][PASSED] - Test Cases/Mobile/Page/Run App/Terminate App: Test Cases/Mobile/Page/Run App/Terminate App

2022-01-05 08:25:06 - [TEST_STEP][PASSED] - startApp.OpenApp.terminateApplication(): startApp.OpenApp.terminateApplication is PASSED

2022-01-05 08:25:09 - [MESSAGE][PASSED] - Delayed 3 second(s)

2022-01-05 08:25:10 - [MESSAGE][PASSED] - Current device physical width is 720

2022-01-05 08:25:10 - [MESSAGE][PASSED] - Current device physical height is 1423

2022-01-05 08:25:11 - [MESSAGE][PASSED] - Swiped from 360,853 to 360,142

2022-01-05 08:25:12 - [MESSAGE][PASSED] - Delayed 1 second(s)

2022-01-05 08:25:14 - [MESSAGE][PASSED] - Swiped from 360,853 to 360,142

2022-01-05 08:25:17 - [MESSAGE][PASSED] - Delayed 3 second(s)

2022-01-05 08:25:17 - [MESSAGE][PASSED] - startApp.OpenApp.terminateApplication is PASSED

2022-01-05 08:25:17 - [MESSAGE][PASSED] - Call Test Case 'Test Cases/Mobile/Page/Run App/Terminate App' successfully]]></system-out>
         <system-err><![CDATA[]]></system-err>
      </testcase>
      <testcase name="Test Cases/Mobile/Scenario/Portfolio/005 - Portfolio Performance Year to Date IDR" time="66.276" classname="Test Cases/Mobile/Scenario/Portfolio/005 - Portfolio Performance Year to Date IDR" status="PASSED">
         <system-out><![CDATA[2022-01-05 08:25:17 - [TEST_CASE][PASSED] - Test Cases/Mobile/Scenario/Portfolio/005 - Portfolio Performance Year to Date IDR: Test Cases/Mobile/Scenario/Portfolio/005 - Portfolio Performance Year to Date IDR

2022-01-05 08:25:17 - [TEST_STEP][PASSED] - callTestCase(findTestCase("Mobile/Page/Run App/Run App byID"), [:], STOP_ON_FAILURE): Call Test Case 'Test Cases/Mobile/Page/Run App/Run App byID' successfully

2022-01-05 08:25:17 - [TEST_CASE][PASSED] - Test Cases/Mobile/Page/Run App/Run App byID: Test Cases/Mobile/Page/Run App/Run App byID

2022-01-05 08:25:17 - [TEST_STEP][PASSED] - startApp.OpenApp.startApplication("id.co.miraeasset.sageclub"): startApp.OpenApp.startApplication is PASSED

2022-01-05 08:25:30 - [MESSAGE][PASSED] - Starting app with application ID: 'id.co.miraeasset.sageclub'

2022-01-05 08:25:30 - [MESSAGE][PASSED] - startApp.OpenApp.startApplication is PASSED

2022-01-05 08:25:30 - [MESSAGE][PASSED] - Call Test Case 'Test Cases/Mobile/Page/Run App/Run App byID' successfully

2022-01-05 08:25:30 - [TEST_STEP][PASSED] - callTestCase(findTestCase("Mobile/Page/Portfolio/Portfolio"), ["tab":"summary", "action":"perf_year", "action2":"idr"], CONTINUE_ON_FAILURE): Call Test Case 'Test Cases/Mobile/Page/Portfolio/Portfolio' successfully

2022-01-05 08:25:30 - [TEST_CASE][PASSED] - Test Cases/Mobile/Page/Portfolio/Portfolio: Test Cases/Mobile/Page/Portfolio/Portfolio

2022-01-05 08:25:30 - [TEST_STEP][PASSED] - callTestCase(findTestCase("Mobile/Page/CheckLogin"), [:], CONTINUE_ON_FAILURE): Call Test Case 'Test Cases/Mobile/Page/CheckLogin' successfully

2022-01-05 08:25:30 - [TEST_CASE][PASSED] - Test Cases/Mobile/Page/CheckLogin: Test Cases/Mobile/Page/CheckLogin

2022-01-05 08:25:30 - [TEST_STEP][PASSED] - loginCheck = verifyElementExist(LOGN_BtnLogin, 5, CONTINUE_ON_FAILURE): Element 'Object Repository/Mobile/Page/Login/Button - Login' is exist

2022-01-05 08:25:32 - [MESSAGE][PASSED] - Element 'Object Repository/Mobile/Page/Login/Button - Login' is exist

2022-01-05 08:25:32 - [TEST_STEP][PASSED] - if (loginCheck): Call Test Case 'Test Cases/Mobile/Page/Login/Login' successfully

2022-01-05 08:25:32 - [TEST_STEP][PASSED] - callTestCase(findTestCase("Mobile/Page/Login/Login"), ["action":"username"], CONTINUE_ON_FAILURE): Call Test Case 'Test Cases/Mobile/Page/Login/Login' successfully

2022-01-05 08:25:32 - [TEST_CASE][PASSED] - Test Cases/Mobile/Page/Login/Login: Test Cases/Mobile/Page/Login/Login

2022-01-05 08:25:32 - [TEST_STEP][PASSED] - delay(2): Delayed 2 second(s)

2022-01-05 08:25:34 - [MESSAGE][PASSED] - Delayed 2 second(s)

2022-01-05 08:25:34 - [TEST_STEP][PASSED] - for ([i = 0, i < 1, (i++)]): null

2022-01-05 08:25:34 - [TEST_STEP][PASSED] - if (action == "username"): null

2022-01-05 08:25:34 - [TEST_STEP][PASSED] - tap(LOGN_EdtUserID, 0): Tapped on element 'Object Repository/Mobile/Page/Login/Input - UserID'

2022-01-05 08:25:34 - [MESSAGE][WARNING] - Timeout '0' is invalid. Using default page load timeout: '60'

2022-01-05 08:25:34 - [MESSAGE][PASSED] - Tapped on element 'Object Repository/Mobile/Page/Login/Input - UserID'

2022-01-05 08:25:34 - [TEST_STEP][PASSED] - delay(1): Delayed 1 second(s)

2022-01-05 08:25:35 - [MESSAGE][PASSED] - Delayed 1 second(s)

2022-01-05 08:25:35 - [TEST_STEP][PASSED] - setText(LOGN_EdtRdyUserID, "anggaaditya", 0): Text 'anggaaditya' has been set to element 'Object Repository/Mobile/Page/Login/Input Rdy - UserID'

2022-01-05 08:25:35 - [MESSAGE][WARNING] - Timeout '0' is invalid. Using default page load timeout: '60'

2022-01-05 08:25:38 - [MESSAGE][PASSED] - Text 'anggaaditya' has been set to element 'Object Repository/Mobile/Page/Login/Input Rdy - UserID'

2022-01-05 08:25:38 - [TEST_STEP][PASSED] - delay(1): Delayed 1 second(s)

2022-01-05 08:25:39 - [MESSAGE][PASSED] - Delayed 1 second(s)

2022-01-05 08:25:39 - [TEST_STEP][PASSED] - hideKeyboard(): Keyboard is hidden

2022-01-05 08:25:44 - [MESSAGE][PASSED] - Keyboard is hidden

2022-01-05 08:25:44 - [TEST_STEP][PASSED] - tap(LOGN_EdtPassword, 0): Tapped on element 'Object Repository/Mobile/Page/Login/Input - Password'

2022-01-05 08:25:44 - [MESSAGE][WARNING] - Timeout '0' is invalid. Using default page load timeout: '60'

2022-01-05 08:25:45 - [MESSAGE][PASSED] - Tapped on element 'Object Repository/Mobile/Page/Login/Input - Password'

2022-01-05 08:25:45 - [TEST_STEP][PASSED] - delay(1): Delayed 1 second(s)

2022-01-05 08:25:46 - [MESSAGE][PASSED] - Delayed 1 second(s)

2022-01-05 08:25:46 - [TEST_STEP][PASSED] - setText(LOGN_EdtRdyPassword, "Shalawa18", 0): Text 'Shalawa18' has been set to element 'Object Repository/Mobile/Page/Login/Input Rdy - Password'

2022-01-05 08:25:46 - [MESSAGE][WARNING] - Timeout '0' is invalid. Using default page load timeout: '60'

2022-01-05 08:25:47 - [MESSAGE][PASSED] - Text 'Shalawa18' has been set to element 'Object Repository/Mobile/Page/Login/Input Rdy - Password'

2022-01-05 08:25:47 - [TEST_STEP][PASSED] - delay(1): Delayed 1 second(s)

2022-01-05 08:25:48 - [MESSAGE][PASSED] - Delayed 1 second(s)

2022-01-05 08:25:48 - [TEST_STEP][PASSED] - hideKeyboard(): Keyboard is hidden

2022-01-05 08:25:54 - [MESSAGE][PASSED] - Keyboard is hidden

2022-01-05 08:25:54 - [TEST_STEP][PASSED] - tap(LOGN_BtnLogin, 0): Tapped on element 'Object Repository/Mobile/Page/Login/Button - Login'

2022-01-05 08:25:54 - [MESSAGE][WARNING] - Timeout '0' is invalid. Using default page load timeout: '60'

2022-01-05 08:25:55 - [MESSAGE][PASSED] - Tapped on element 'Object Repository/Mobile/Page/Login/Button - Login'

2022-01-05 08:25:55 - [TEST_STEP][PASSED] - delay(2): Delayed 2 second(s)

2022-01-05 08:25:57 - [MESSAGE][PASSED] - Delayed 2 second(s)

2022-01-05 08:25:57 - [TEST_STEP][PASSED] - break: null

2022-01-05 08:25:57 - [MESSAGE][PASSED] - Call Test Case 'Test Cases/Mobile/Page/Login/Login' successfully

2022-01-05 08:25:57 - [MESSAGE][PASSED] - Call Test Case 'Test Cases/Mobile/Page/CheckLogin' successfully

2022-01-05 08:25:57 - [TEST_STEP][PASSED] - tap(HOME_MenubarPortfolio, 0): Tapped on element 'Object Repository/Mobile/Page/Home/Menubar - Portfolio'

2022-01-05 08:25:57 - [MESSAGE][WARNING] - Timeout '0' is invalid. Using default page load timeout: '60'

2022-01-05 08:25:59 - [MESSAGE][PASSED] - Tapped on element 'Object Repository/Mobile/Page/Home/Menubar - Portfolio'

2022-01-05 08:25:59 - [TEST_STEP][PASSED] - delay(1): Delayed 1 second(s)

2022-01-05 08:26:00 - [MESSAGE][PASSED] - Delayed 1 second(s)

2022-01-05 08:26:00 - [TEST_STEP][PASSED] - for ([i = 0, i < 1, (i++)]): Delayed 3 second(s)

2022-01-05 08:26:00 - [TEST_STEP][PASSED] - if (tab == "summary"): Delayed 3 second(s)

2022-01-05 08:26:00 - [TEST_STEP][PASSED] - idr = PORT_BtnIDR: null

2022-01-05 08:26:00 - [TEST_STEP][PASSED] - persen = PORT_BtnPersen: null

2022-01-05 08:26:00 - [TEST_STEP][PASSED] - if (action == "summary"): null

2022-01-05 08:26:00 - [TEST_STEP][PASSED] - else if (action == "perf_daily"): null

2022-01-05 08:26:00 - [TEST_STEP][PASSED] - else if (action == "perf_month"): null

2022-01-05 08:26:00 - [TEST_STEP][PASSED] - else if (action == "perf_quarter"): null

2022-01-05 08:26:00 - [TEST_STEP][PASSED] - else if (action == "perf_year"): Tapped on element 'Object Repository/Mobile/Page/Portfolio/Tab - Summary Year to Date'

2022-01-05 08:26:00 - [TEST_STEP][PASSED] - scroll.scroll.scrollScreenBottomToTop(): scroll.scroll.scrollScreenBottomToTop is PASSED

2022-01-05 08:26:00 - [MESSAGE][PASSED] - Current device physical height is 1423

2022-01-05 08:26:00 - [MESSAGE][PASSED] - Current device physical width is 720

2022-01-05 08:26:01 - [MESSAGE][PASSED] - Swiped from 360,1,138 to 360,284

2022-01-05 08:26:01 - [MESSAGE][PASSED] - scroll.scroll.scrollScreenBottomToTop is PASSED

2022-01-05 08:26:01 - [TEST_STEP][PASSED] - delay(1): Delayed 1 second(s)

2022-01-05 08:26:02 - [MESSAGE][PASSED] - Delayed 1 second(s)

2022-01-05 08:26:02 - [TEST_STEP][PASSED] - tap(PORT_TabSummaryYear, 0): Tapped on element 'Object Repository/Mobile/Page/Portfolio/Tab - Summary Year to Date'

2022-01-05 08:26:02 - [MESSAGE][WARNING] - Timeout '0' is invalid. Using default page load timeout: '60'

2022-01-05 08:26:03 - [MESSAGE][PASSED] - Tapped on element 'Object Repository/Mobile/Page/Portfolio/Tab - Summary Year to Date'

2022-01-05 08:26:03 - [TEST_STEP][PASSED] - if (action != "summary"): Delayed 3 second(s)

2022-01-05 08:26:03 - [TEST_STEP][PASSED] - delay(1): Delayed 1 second(s)

2022-01-05 08:26:04 - [MESSAGE][PASSED] - Delayed 1 second(s)

2022-01-05 08:26:04 - [TEST_STEP][PASSED] - scroll.scroll.scrollScreenBottomToTop(): scroll.scroll.scrollScreenBottomToTop is PASSED

2022-01-05 08:26:04 - [MESSAGE][PASSED] - Current device physical height is 1423

2022-01-05 08:26:05 - [MESSAGE][PASSED] - Current device physical width is 720

2022-01-05 08:26:06 - [MESSAGE][PASSED] - Swiped from 360,1,138 to 360,284

2022-01-05 08:26:06 - [MESSAGE][PASSED] - scroll.scroll.scrollScreenBottomToTop is PASSED

2022-01-05 08:26:06 - [TEST_STEP][PASSED] - delay(3): Delayed 3 second(s)

2022-01-05 08:26:09 - [MESSAGE][PASSED] - Delayed 3 second(s)

2022-01-05 08:26:09 - [TEST_STEP][PASSED] - if (action2 == "idr"): Delayed 3 second(s)

2022-01-05 08:26:09 - [TEST_STEP][PASSED] - tap(idr, 10): Tapped on element 'Object Repository/Mobile/Page/Portfolio/Button - IDR'

2022-01-05 08:26:09 - [MESSAGE][PASSED] - Tapped on element 'Object Repository/Mobile/Page/Portfolio/Button - IDR'

2022-01-05 08:26:09 - [TEST_STEP][PASSED] - delay(3): Delayed 3 second(s)

2022-01-05 08:26:12 - [MESSAGE][PASSED] - Delayed 3 second(s)

2022-01-05 08:26:12 - [MESSAGE][PASSED] - Call Test Case 'Test Cases/Mobile/Page/Portfolio/Portfolio' successfully

2022-01-05 08:26:12 - [TEST_STEP][PASSED] - callTestCase(findTestCase("Mobile/Page/Run App/Terminate App"), [:], STOP_ON_FAILURE): Call Test Case 'Test Cases/Mobile/Page/Run App/Terminate App' successfully

2022-01-05 08:26:13 - [TEST_CASE][PASSED] - Test Cases/Mobile/Page/Run App/Terminate App: Test Cases/Mobile/Page/Run App/Terminate App

2022-01-05 08:26:13 - [TEST_STEP][PASSED] - startApp.OpenApp.terminateApplication(): startApp.OpenApp.terminateApplication is PASSED

2022-01-05 08:26:16 - [MESSAGE][PASSED] - Delayed 3 second(s)

2022-01-05 08:26:16 - [MESSAGE][PASSED] - Current device physical width is 720

2022-01-05 08:26:16 - [MESSAGE][PASSED] - Current device physical height is 1423

2022-01-05 08:26:17 - [MESSAGE][PASSED] - Swiped from 360,853 to 360,142

2022-01-05 08:26:19 - [MESSAGE][PASSED] - Delayed 1 second(s)

2022-01-05 08:26:20 - [MESSAGE][PASSED] - Swiped from 360,853 to 360,142

2022-01-05 08:26:23 - [MESSAGE][PASSED] - Delayed 3 second(s)

2022-01-05 08:26:23 - [MESSAGE][PASSED] - startApp.OpenApp.terminateApplication is PASSED

2022-01-05 08:26:23 - [MESSAGE][PASSED] - Call Test Case 'Test Cases/Mobile/Page/Run App/Terminate App' successfully]]></system-out>
         <system-err><![CDATA[]]></system-err>
      </testcase>
      <testcase name="Test Cases/Mobile/Scenario/Portfolio/006 - Portfolio Performance Daily Persen" time="64.155" classname="Test Cases/Mobile/Scenario/Portfolio/006 - Portfolio Performance Daily Persen" status="PASSED">
         <system-out><![CDATA[2022-01-05 08:26:23 - [TEST_CASE][PASSED] - Test Cases/Mobile/Scenario/Portfolio/006 - Portfolio Performance Daily Persen: Test Cases/Mobile/Scenario/Portfolio/006 - Portfolio Performance Daily Persen

2022-01-05 08:26:24 - [TEST_STEP][PASSED] - callTestCase(findTestCase("Mobile/Page/Run App/Run App byID"), [:], STOP_ON_FAILURE): Call Test Case 'Test Cases/Mobile/Page/Run App/Run App byID' successfully

2022-01-05 08:26:24 - [TEST_CASE][PASSED] - Test Cases/Mobile/Page/Run App/Run App byID: Test Cases/Mobile/Page/Run App/Run App byID

2022-01-05 08:26:24 - [TEST_STEP][PASSED] - startApp.OpenApp.startApplication("id.co.miraeasset.sageclub"): startApp.OpenApp.startApplication is PASSED

2022-01-05 08:26:38 - [MESSAGE][PASSED] - Starting app with application ID: 'id.co.miraeasset.sageclub'

2022-01-05 08:26:38 - [MESSAGE][PASSED] - startApp.OpenApp.startApplication is PASSED

2022-01-05 08:26:38 - [MESSAGE][PASSED] - Call Test Case 'Test Cases/Mobile/Page/Run App/Run App byID' successfully

2022-01-05 08:26:38 - [TEST_STEP][PASSED] - callTestCase(findTestCase("Mobile/Page/Portfolio/Portfolio"), ["tab":"summary", "action":"perf_daily", "action2":"persen"], CONTINUE_ON_FAILURE): Call Test Case 'Test Cases/Mobile/Page/Portfolio/Portfolio' successfully

2022-01-05 08:26:38 - [TEST_CASE][PASSED] - Test Cases/Mobile/Page/Portfolio/Portfolio: Test Cases/Mobile/Page/Portfolio/Portfolio

2022-01-05 08:26:38 - [TEST_STEP][PASSED] - callTestCase(findTestCase("Mobile/Page/CheckLogin"), [:], CONTINUE_ON_FAILURE): Call Test Case 'Test Cases/Mobile/Page/CheckLogin' successfully

2022-01-05 08:26:38 - [TEST_CASE][PASSED] - Test Cases/Mobile/Page/CheckLogin: Test Cases/Mobile/Page/CheckLogin

2022-01-05 08:26:38 - [TEST_STEP][PASSED] - loginCheck = verifyElementExist(LOGN_BtnLogin, 5, CONTINUE_ON_FAILURE): Element 'Object Repository/Mobile/Page/Login/Button - Login' is exist

2022-01-05 08:26:40 - [MESSAGE][PASSED] - Element 'Object Repository/Mobile/Page/Login/Button - Login' is exist

2022-01-05 08:26:40 - [TEST_STEP][PASSED] - if (loginCheck): Call Test Case 'Test Cases/Mobile/Page/Login/Login' successfully

2022-01-05 08:26:41 - [TEST_STEP][PASSED] - callTestCase(findTestCase("Mobile/Page/Login/Login"), ["action":"username"], CONTINUE_ON_FAILURE): Call Test Case 'Test Cases/Mobile/Page/Login/Login' successfully

2022-01-05 08:26:41 - [TEST_CASE][PASSED] - Test Cases/Mobile/Page/Login/Login: Test Cases/Mobile/Page/Login/Login

2022-01-05 08:26:41 - [TEST_STEP][PASSED] - delay(2): Delayed 2 second(s)

2022-01-05 08:26:43 - [MESSAGE][PASSED] - Delayed 2 second(s)

2022-01-05 08:26:43 - [TEST_STEP][PASSED] - for ([i = 0, i < 1, (i++)]): null

2022-01-05 08:26:43 - [TEST_STEP][PASSED] - if (action == "username"): null

2022-01-05 08:26:43 - [TEST_STEP][PASSED] - tap(LOGN_EdtUserID, 0): Tapped on element 'Object Repository/Mobile/Page/Login/Input - UserID'

2022-01-05 08:26:43 - [MESSAGE][WARNING] - Timeout '0' is invalid. Using default page load timeout: '60'

2022-01-05 08:26:43 - [MESSAGE][PASSED] - Tapped on element 'Object Repository/Mobile/Page/Login/Input - UserID'

2022-01-05 08:26:43 - [TEST_STEP][PASSED] - delay(1): Delayed 1 second(s)

2022-01-05 08:26:44 - [MESSAGE][PASSED] - Delayed 1 second(s)

2022-01-05 08:26:44 - [TEST_STEP][PASSED] - setText(LOGN_EdtRdyUserID, "anggaaditya", 0): Text 'anggaaditya' has been set to element 'Object Repository/Mobile/Page/Login/Input Rdy - UserID'

2022-01-05 08:26:44 - [MESSAGE][WARNING] - Timeout '0' is invalid. Using default page load timeout: '60'

2022-01-05 08:26:45 - [MESSAGE][PASSED] - Text 'anggaaditya' has been set to element 'Object Repository/Mobile/Page/Login/Input Rdy - UserID'

2022-01-05 08:26:45 - [TEST_STEP][PASSED] - delay(1): Delayed 1 second(s)

2022-01-05 08:26:46 - [MESSAGE][PASSED] - Delayed 1 second(s)

2022-01-05 08:26:46 - [TEST_STEP][PASSED] - hideKeyboard(): Keyboard is hidden

2022-01-05 08:26:50 - [MESSAGE][PASSED] - Keyboard is hidden

2022-01-05 08:26:50 - [TEST_STEP][PASSED] - tap(LOGN_EdtPassword, 0): Tapped on element 'Object Repository/Mobile/Page/Login/Input - Password'

2022-01-05 08:26:50 - [MESSAGE][WARNING] - Timeout '0' is invalid. Using default page load timeout: '60'

2022-01-05 08:26:50 - [MESSAGE][PASSED] - Tapped on element 'Object Repository/Mobile/Page/Login/Input - Password'

2022-01-05 08:26:50 - [TEST_STEP][PASSED] - delay(1): Delayed 1 second(s)

2022-01-05 08:26:51 - [MESSAGE][PASSED] - Delayed 1 second(s)

2022-01-05 08:26:51 - [TEST_STEP][PASSED] - setText(LOGN_EdtRdyPassword, "Shalawa18", 0): Text 'Shalawa18' has been set to element 'Object Repository/Mobile/Page/Login/Input Rdy - Password'

2022-01-05 08:26:51 - [MESSAGE][WARNING] - Timeout '0' is invalid. Using default page load timeout: '60'

2022-01-05 08:26:52 - [MESSAGE][PASSED] - Text 'Shalawa18' has been set to element 'Object Repository/Mobile/Page/Login/Input Rdy - Password'

2022-01-05 08:26:52 - [TEST_STEP][PASSED] - delay(1): Delayed 1 second(s)

2022-01-05 08:26:53 - [MESSAGE][PASSED] - Delayed 1 second(s)

2022-01-05 08:26:53 - [TEST_STEP][PASSED] - hideKeyboard(): Keyboard is hidden

2022-01-05 08:27:00 - [MESSAGE][PASSED] - Keyboard is hidden

2022-01-05 08:27:00 - [TEST_STEP][PASSED] - tap(LOGN_BtnLogin, 0): Tapped on element 'Object Repository/Mobile/Page/Login/Button - Login'

2022-01-05 08:27:00 - [MESSAGE][WARNING] - Timeout '0' is invalid. Using default page load timeout: '60'

2022-01-05 08:27:01 - [MESSAGE][PASSED] - Tapped on element 'Object Repository/Mobile/Page/Login/Button - Login'

2022-01-05 08:27:01 - [TEST_STEP][PASSED] - delay(2): Delayed 2 second(s)

2022-01-05 08:27:03 - [MESSAGE][PASSED] - Delayed 2 second(s)

2022-01-05 08:27:03 - [TEST_STEP][PASSED] - break: null

2022-01-05 08:27:03 - [MESSAGE][PASSED] - Call Test Case 'Test Cases/Mobile/Page/Login/Login' successfully

2022-01-05 08:27:03 - [MESSAGE][PASSED] - Call Test Case 'Test Cases/Mobile/Page/CheckLogin' successfully

2022-01-05 08:27:03 - [TEST_STEP][PASSED] - tap(HOME_MenubarPortfolio, 0): Tapped on element 'Object Repository/Mobile/Page/Home/Menubar - Portfolio'

2022-01-05 08:27:03 - [MESSAGE][WARNING] - Timeout '0' is invalid. Using default page load timeout: '60'

2022-01-05 08:27:04 - [MESSAGE][PASSED] - Tapped on element 'Object Repository/Mobile/Page/Home/Menubar - Portfolio'

2022-01-05 08:27:04 - [TEST_STEP][PASSED] - delay(1): Delayed 1 second(s)

2022-01-05 08:27:05 - [MESSAGE][PASSED] - Delayed 1 second(s)

2022-01-05 08:27:05 - [TEST_STEP][PASSED] - for ([i = 0, i < 1, (i++)]): Delayed 3 second(s)

2022-01-05 08:27:05 - [TEST_STEP][PASSED] - if (tab == "summary"): Delayed 3 second(s)

2022-01-05 08:27:05 - [TEST_STEP][PASSED] - idr = PORT_BtnIDR: null

2022-01-05 08:27:05 - [TEST_STEP][PASSED] - persen = PORT_BtnPersen: null

2022-01-05 08:27:05 - [TEST_STEP][PASSED] - if (action == "summary"): null

2022-01-05 08:27:05 - [TEST_STEP][PASSED] - else if (action == "perf_daily"): scroll.scroll.scrollScreenBottomToTop is PASSED

2022-01-05 08:27:05 - [TEST_STEP][PASSED] - scroll.scroll.scrollScreenBottomToTop(): scroll.scroll.scrollScreenBottomToTop is PASSED

2022-01-05 08:27:06 - [MESSAGE][PASSED] - Current device physical height is 1423

2022-01-05 08:27:06 - [MESSAGE][PASSED] - Current device physical width is 720

2022-01-05 08:27:07 - [MESSAGE][PASSED] - Swiped from 360,1,138 to 360,284

2022-01-05 08:27:07 - [MESSAGE][PASSED] - scroll.scroll.scrollScreenBottomToTop is PASSED

2022-01-05 08:27:07 - [TEST_STEP][PASSED] - if (action != "summary"): Delayed 3 second(s)

2022-01-05 08:27:07 - [TEST_STEP][PASSED] - delay(1): Delayed 1 second(s)

2022-01-05 08:27:08 - [MESSAGE][PASSED] - Delayed 1 second(s)

2022-01-05 08:27:08 - [TEST_STEP][PASSED] - scroll.scroll.scrollScreenBottomToTop(): scroll.scroll.scrollScreenBottomToTop is PASSED

2022-01-05 08:27:08 - [MESSAGE][PASSED] - Current device physical height is 1423

2022-01-05 08:27:09 - [MESSAGE][PASSED] - Current device physical width is 720

2022-01-05 08:27:10 - [MESSAGE][PASSED] - Swiped from 360,1,138 to 360,284

2022-01-05 08:27:10 - [MESSAGE][PASSED] - scroll.scroll.scrollScreenBottomToTop is PASSED

2022-01-05 08:27:10 - [TEST_STEP][PASSED] - delay(3): Delayed 3 second(s)

2022-01-05 08:27:13 - [MESSAGE][PASSED] - Delayed 3 second(s)

2022-01-05 08:27:13 - [TEST_STEP][PASSED] - if (action2 == "idr"): null

2022-01-05 08:27:13 - [TEST_STEP][PASSED] - else if (action2 == "persen"): Delayed 3 second(s)

2022-01-05 08:27:13 - [TEST_STEP][PASSED] - tap(persen, 10): Tapped on element 'Object Repository/Mobile/Page/Portfolio/Button - Persen'

2022-01-05 08:27:14 - [MESSAGE][PASSED] - Tapped on element 'Object Repository/Mobile/Page/Portfolio/Button - Persen'

2022-01-05 08:27:14 - [TEST_STEP][PASSED] - delay(3): Delayed 3 second(s)

2022-01-05 08:27:17 - [MESSAGE][PASSED] - Delayed 3 second(s)

2022-01-05 08:27:17 - [MESSAGE][PASSED] - Call Test Case 'Test Cases/Mobile/Page/Portfolio/Portfolio' successfully

2022-01-05 08:27:17 - [TEST_STEP][PASSED] - callTestCase(findTestCase("Mobile/Page/Run App/Terminate App"), [:], STOP_ON_FAILURE): Call Test Case 'Test Cases/Mobile/Page/Run App/Terminate App' successfully

2022-01-05 08:27:17 - [TEST_CASE][PASSED] - Test Cases/Mobile/Page/Run App/Terminate App: Test Cases/Mobile/Page/Run App/Terminate App

2022-01-05 08:27:17 - [TEST_STEP][PASSED] - startApp.OpenApp.terminateApplication(): startApp.OpenApp.terminateApplication is PASSED

2022-01-05 08:27:20 - [MESSAGE][PASSED] - Delayed 3 second(s)

2022-01-05 08:27:20 - [MESSAGE][PASSED] - Current device physical width is 720

2022-01-05 08:27:20 - [MESSAGE][PASSED] - Current device physical height is 1423

2022-01-05 08:27:22 - [MESSAGE][PASSED] - Swiped from 360,853 to 360,142

2022-01-05 08:27:23 - [MESSAGE][PASSED] - Delayed 1 second(s)

2022-01-05 08:27:24 - [MESSAGE][PASSED] - Swiped from 360,853 to 360,142

2022-01-05 08:27:27 - [MESSAGE][PASSED] - Delayed 3 second(s)

2022-01-05 08:27:27 - [MESSAGE][PASSED] - startApp.OpenApp.terminateApplication is PASSED

2022-01-05 08:27:27 - [MESSAGE][PASSED] - Call Test Case 'Test Cases/Mobile/Page/Run App/Terminate App' successfully]]></system-out>
         <system-err><![CDATA[]]></system-err>
      </testcase>
      <testcase name="Test Cases/Mobile/Scenario/Portfolio/007 - Portfolio Performance Month to Date Persen" time="65.595" classname="Test Cases/Mobile/Scenario/Portfolio/007 - Portfolio Performance Month to Date Persen" status="PASSED">
         <system-out><![CDATA[2022-01-05 08:27:27 - [TEST_CASE][PASSED] - Test Cases/Mobile/Scenario/Portfolio/007 - Portfolio Performance Month to Date Persen: Test Cases/Mobile/Scenario/Portfolio/007 - Portfolio Performance Month to Date Persen

2022-01-05 08:27:28 - [TEST_STEP][PASSED] - callTestCase(findTestCase("Mobile/Page/Run App/Run App byID"), [:], STOP_ON_FAILURE): Call Test Case 'Test Cases/Mobile/Page/Run App/Run App byID' successfully

2022-01-05 08:27:28 - [TEST_CASE][PASSED] - Test Cases/Mobile/Page/Run App/Run App byID: Test Cases/Mobile/Page/Run App/Run App byID

2022-01-05 08:27:28 - [TEST_STEP][PASSED] - startApp.OpenApp.startApplication("id.co.miraeasset.sageclub"): startApp.OpenApp.startApplication is PASSED

2022-01-05 08:27:41 - [MESSAGE][PASSED] - Starting app with application ID: 'id.co.miraeasset.sageclub'

2022-01-05 08:27:41 - [MESSAGE][PASSED] - startApp.OpenApp.startApplication is PASSED

2022-01-05 08:27:41 - [MESSAGE][PASSED] - Call Test Case 'Test Cases/Mobile/Page/Run App/Run App byID' successfully

2022-01-05 08:27:41 - [TEST_STEP][PASSED] - callTestCase(findTestCase("Mobile/Page/Portfolio/Portfolio"), ["tab":"summary", "action":"perf_month", "action2":"persen"], CONTINUE_ON_FAILURE): Call Test Case 'Test Cases/Mobile/Page/Portfolio/Portfolio' successfully

2022-01-05 08:27:41 - [TEST_CASE][PASSED] - Test Cases/Mobile/Page/Portfolio/Portfolio: Test Cases/Mobile/Page/Portfolio/Portfolio

2022-01-05 08:27:41 - [TEST_STEP][PASSED] - callTestCase(findTestCase("Mobile/Page/CheckLogin"), [:], CONTINUE_ON_FAILURE): Call Test Case 'Test Cases/Mobile/Page/CheckLogin' successfully

2022-01-05 08:27:41 - [TEST_CASE][PASSED] - Test Cases/Mobile/Page/CheckLogin: Test Cases/Mobile/Page/CheckLogin

2022-01-05 08:27:41 - [TEST_STEP][PASSED] - loginCheck = verifyElementExist(LOGN_BtnLogin, 5, CONTINUE_ON_FAILURE): Element 'Object Repository/Mobile/Page/Login/Button - Login' is exist

2022-01-05 08:27:43 - [MESSAGE][PASSED] - Element 'Object Repository/Mobile/Page/Login/Button - Login' is exist

2022-01-05 08:27:43 - [TEST_STEP][PASSED] - if (loginCheck): Call Test Case 'Test Cases/Mobile/Page/Login/Login' successfully

2022-01-05 08:27:43 - [TEST_STEP][PASSED] - callTestCase(findTestCase("Mobile/Page/Login/Login"), ["action":"username"], CONTINUE_ON_FAILURE): Call Test Case 'Test Cases/Mobile/Page/Login/Login' successfully

2022-01-05 08:27:43 - [TEST_CASE][PASSED] - Test Cases/Mobile/Page/Login/Login: Test Cases/Mobile/Page/Login/Login

2022-01-05 08:27:43 - [TEST_STEP][PASSED] - delay(2): Delayed 2 second(s)

2022-01-05 08:27:45 - [MESSAGE][PASSED] - Delayed 2 second(s)

2022-01-05 08:27:45 - [TEST_STEP][PASSED] - for ([i = 0, i < 1, (i++)]): null

2022-01-05 08:27:45 - [TEST_STEP][PASSED] - if (action == "username"): null

2022-01-05 08:27:45 - [TEST_STEP][PASSED] - tap(LOGN_EdtUserID, 0): Tapped on element 'Object Repository/Mobile/Page/Login/Input - UserID'

2022-01-05 08:27:45 - [MESSAGE][WARNING] - Timeout '0' is invalid. Using default page load timeout: '60'

2022-01-05 08:27:45 - [MESSAGE][PASSED] - Tapped on element 'Object Repository/Mobile/Page/Login/Input - UserID'

2022-01-05 08:27:45 - [TEST_STEP][PASSED] - delay(1): Delayed 1 second(s)

2022-01-05 08:27:46 - [MESSAGE][PASSED] - Delayed 1 second(s)

2022-01-05 08:27:46 - [TEST_STEP][PASSED] - setText(LOGN_EdtRdyUserID, "anggaaditya", 0): Text 'anggaaditya' has been set to element 'Object Repository/Mobile/Page/Login/Input Rdy - UserID'

2022-01-05 08:27:46 - [MESSAGE][WARNING] - Timeout '0' is invalid. Using default page load timeout: '60'

2022-01-05 08:27:47 - [MESSAGE][PASSED] - Text 'anggaaditya' has been set to element 'Object Repository/Mobile/Page/Login/Input Rdy - UserID'

2022-01-05 08:27:47 - [TEST_STEP][PASSED] - delay(1): Delayed 1 second(s)

2022-01-05 08:27:48 - [MESSAGE][PASSED] - Delayed 1 second(s)

2022-01-05 08:27:48 - [TEST_STEP][PASSED] - hideKeyboard(): Keyboard is hidden

2022-01-05 08:27:53 - [MESSAGE][PASSED] - Keyboard is hidden

2022-01-05 08:27:53 - [TEST_STEP][PASSED] - tap(LOGN_EdtPassword, 0): Tapped on element 'Object Repository/Mobile/Page/Login/Input - Password'

2022-01-05 08:27:53 - [MESSAGE][WARNING] - Timeout '0' is invalid. Using default page load timeout: '60'

2022-01-05 08:27:54 - [MESSAGE][PASSED] - Tapped on element 'Object Repository/Mobile/Page/Login/Input - Password'

2022-01-05 08:27:54 - [TEST_STEP][PASSED] - delay(1): Delayed 1 second(s)

2022-01-05 08:27:55 - [MESSAGE][PASSED] - Delayed 1 second(s)

2022-01-05 08:27:55 - [TEST_STEP][PASSED] - setText(LOGN_EdtRdyPassword, "Shalawa18", 0): Text 'Shalawa18' has been set to element 'Object Repository/Mobile/Page/Login/Input Rdy - Password'

2022-01-05 08:27:55 - [MESSAGE][WARNING] - Timeout '0' is invalid. Using default page load timeout: '60'

2022-01-05 08:27:56 - [MESSAGE][PASSED] - Text 'Shalawa18' has been set to element 'Object Repository/Mobile/Page/Login/Input Rdy - Password'

2022-01-05 08:27:56 - [TEST_STEP][PASSED] - delay(1): Delayed 1 second(s)

2022-01-05 08:27:57 - [MESSAGE][PASSED] - Delayed 1 second(s)

2022-01-05 08:27:57 - [TEST_STEP][PASSED] - hideKeyboard(): Keyboard is hidden

2022-01-05 08:28:04 - [MESSAGE][PASSED] - Keyboard is hidden

2022-01-05 08:28:04 - [TEST_STEP][PASSED] - tap(LOGN_BtnLogin, 0): Tapped on element 'Object Repository/Mobile/Page/Login/Button - Login'

2022-01-05 08:28:04 - [MESSAGE][WARNING] - Timeout '0' is invalid. Using default page load timeout: '60'

2022-01-05 08:28:05 - [MESSAGE][PASSED] - Tapped on element 'Object Repository/Mobile/Page/Login/Button - Login'

2022-01-05 08:28:05 - [TEST_STEP][PASSED] - delay(2): Delayed 2 second(s)

2022-01-05 08:28:07 - [MESSAGE][PASSED] - Delayed 2 second(s)

2022-01-05 08:28:07 - [TEST_STEP][PASSED] - break: null

2022-01-05 08:28:07 - [MESSAGE][PASSED] - Call Test Case 'Test Cases/Mobile/Page/Login/Login' successfully

2022-01-05 08:28:07 - [MESSAGE][PASSED] - Call Test Case 'Test Cases/Mobile/Page/CheckLogin' successfully

2022-01-05 08:28:07 - [TEST_STEP][PASSED] - tap(HOME_MenubarPortfolio, 0): Tapped on element 'Object Repository/Mobile/Page/Home/Menubar - Portfolio'

2022-01-05 08:28:07 - [MESSAGE][WARNING] - Timeout '0' is invalid. Using default page load timeout: '60'

2022-01-05 08:28:08 - [MESSAGE][PASSED] - Tapped on element 'Object Repository/Mobile/Page/Home/Menubar - Portfolio'

2022-01-05 08:28:08 - [TEST_STEP][PASSED] - delay(1): Delayed 1 second(s)

2022-01-05 08:28:09 - [MESSAGE][PASSED] - Delayed 1 second(s)

2022-01-05 08:28:09 - [TEST_STEP][PASSED] - for ([i = 0, i < 1, (i++)]): Delayed 3 second(s)

2022-01-05 08:28:09 - [TEST_STEP][PASSED] - if (tab == "summary"): Delayed 3 second(s)

2022-01-05 08:28:09 - [TEST_STEP][PASSED] - idr = PORT_BtnIDR: null

2022-01-05 08:28:09 - [TEST_STEP][PASSED] - persen = PORT_BtnPersen: null

2022-01-05 08:28:09 - [TEST_STEP][PASSED] - if (action == "summary"): null

2022-01-05 08:28:09 - [TEST_STEP][PASSED] - else if (action == "perf_daily"): null

2022-01-05 08:28:09 - [TEST_STEP][PASSED] - else if (action == "perf_month"): Tapped on element 'Object Repository/Mobile/Page/Portfolio/Tab - Summary Month to Date'

2022-01-05 08:28:09 - [TEST_STEP][PASSED] - scroll.scroll.scrollScreenBottomToTop(): scroll.scroll.scrollScreenBottomToTop is PASSED

2022-01-05 08:28:10 - [MESSAGE][PASSED] - Current device physical height is 1423

2022-01-05 08:28:10 - [MESSAGE][PASSED] - Current device physical width is 720

2022-01-05 08:28:11 - [MESSAGE][PASSED] - Swiped from 360,1,138 to 360,284

2022-01-05 08:28:11 - [MESSAGE][PASSED] - scroll.scroll.scrollScreenBottomToTop is PASSED

2022-01-05 08:28:11 - [TEST_STEP][PASSED] - delay(1): Delayed 1 second(s)

2022-01-05 08:28:12 - [MESSAGE][PASSED] - Delayed 1 second(s)

2022-01-05 08:28:12 - [TEST_STEP][PASSED] - tap(PORT_TabSummaryMonth, 0): Tapped on element 'Object Repository/Mobile/Page/Portfolio/Tab - Summary Month to Date'

2022-01-05 08:28:12 - [MESSAGE][WARNING] - Timeout '0' is invalid. Using default page load timeout: '60'

2022-01-05 08:28:13 - [MESSAGE][PASSED] - Tapped on element 'Object Repository/Mobile/Page/Portfolio/Tab - Summary Month to Date'

2022-01-05 08:28:13 - [TEST_STEP][PASSED] - if (action != "summary"): Delayed 3 second(s)

2022-01-05 08:28:13 - [TEST_STEP][PASSED] - delay(1): Delayed 1 second(s)

2022-01-05 08:28:14 - [MESSAGE][PASSED] - Delayed 1 second(s)

2022-01-05 08:28:14 - [TEST_STEP][PASSED] - scroll.scroll.scrollScreenBottomToTop(): scroll.scroll.scrollScreenBottomToTop is PASSED

2022-01-05 08:28:14 - [MESSAGE][PASSED] - Current device physical height is 1423

2022-01-05 08:28:14 - [MESSAGE][PASSED] - Current device physical width is 720

2022-01-05 08:28:16 - [MESSAGE][PASSED] - Swiped from 360,1,138 to 360,284

2022-01-05 08:28:16 - [MESSAGE][PASSED] - scroll.scroll.scrollScreenBottomToTop is PASSED

2022-01-05 08:28:16 - [TEST_STEP][PASSED] - delay(3): Delayed 3 second(s)

2022-01-05 08:28:19 - [MESSAGE][PASSED] - Delayed 3 second(s)

2022-01-05 08:28:19 - [TEST_STEP][PASSED] - if (action2 == "idr"): null

2022-01-05 08:28:19 - [TEST_STEP][PASSED] - else if (action2 == "persen"): Delayed 3 second(s)

2022-01-05 08:28:19 - [TEST_STEP][PASSED] - tap(persen, 10): Tapped on element 'Object Repository/Mobile/Page/Portfolio/Button - Persen'

2022-01-05 08:28:19 - [MESSAGE][PASSED] - Tapped on element 'Object Repository/Mobile/Page/Portfolio/Button - Persen'

2022-01-05 08:28:19 - [TEST_STEP][PASSED] - delay(3): Delayed 3 second(s)

2022-01-05 08:28:22 - [MESSAGE][PASSED] - Delayed 3 second(s)

2022-01-05 08:28:22 - [MESSAGE][PASSED] - Call Test Case 'Test Cases/Mobile/Page/Portfolio/Portfolio' successfully

2022-01-05 08:28:22 - [TEST_STEP][PASSED] - callTestCase(findTestCase("Mobile/Page/Run App/Terminate App"), [:], STOP_ON_FAILURE): Call Test Case 'Test Cases/Mobile/Page/Run App/Terminate App' successfully

2022-01-05 08:28:22 - [TEST_CASE][PASSED] - Test Cases/Mobile/Page/Run App/Terminate App: Test Cases/Mobile/Page/Run App/Terminate App

2022-01-05 08:28:22 - [TEST_STEP][PASSED] - startApp.OpenApp.terminateApplication(): startApp.OpenApp.terminateApplication is PASSED

2022-01-05 08:28:25 - [MESSAGE][PASSED] - Delayed 3 second(s)

2022-01-05 08:28:26 - [MESSAGE][PASSED] - Current device physical width is 720

2022-01-05 08:28:26 - [MESSAGE][PASSED] - Current device physical height is 1423

2022-01-05 08:28:27 - [MESSAGE][PASSED] - Swiped from 360,853 to 360,142

2022-01-05 08:28:28 - [MESSAGE][PASSED] - Delayed 1 second(s)

2022-01-05 08:28:30 - [MESSAGE][PASSED] - Swiped from 360,853 to 360,142

2022-01-05 08:28:33 - [MESSAGE][PASSED] - Delayed 3 second(s)

2022-01-05 08:28:33 - [MESSAGE][PASSED] - startApp.OpenApp.terminateApplication is PASSED

2022-01-05 08:28:33 - [MESSAGE][PASSED] - Call Test Case 'Test Cases/Mobile/Page/Run App/Terminate App' successfully]]></system-out>
         <system-err><![CDATA[]]></system-err>
      </testcase>
      <testcase name="Test Cases/Mobile/Scenario/Portfolio/008 - Portfolio Performance Quarter to Date Persen" time="64.431" classname="Test Cases/Mobile/Scenario/Portfolio/008 - Portfolio Performance Quarter to Date Persen" status="PASSED">
         <system-out><![CDATA[2022-01-05 08:28:33 - [TEST_CASE][PASSED] - Test Cases/Mobile/Scenario/Portfolio/008 - Portfolio Performance Quarter to Date Persen: Test Cases/Mobile/Scenario/Portfolio/008 - Portfolio Performance Quarter to Date Persen

2022-01-05 08:28:33 - [TEST_STEP][PASSED] - callTestCase(findTestCase("Mobile/Page/Run App/Run App byID"), [:], STOP_ON_FAILURE): Call Test Case 'Test Cases/Mobile/Page/Run App/Run App byID' successfully

2022-01-05 08:28:33 - [TEST_CASE][PASSED] - Test Cases/Mobile/Page/Run App/Run App byID: Test Cases/Mobile/Page/Run App/Run App byID

2022-01-05 08:28:33 - [TEST_STEP][PASSED] - startApp.OpenApp.startApplication("id.co.miraeasset.sageclub"): startApp.OpenApp.startApplication is PASSED

2022-01-05 08:28:47 - [MESSAGE][PASSED] - Starting app with application ID: 'id.co.miraeasset.sageclub'

2022-01-05 08:28:47 - [MESSAGE][PASSED] - startApp.OpenApp.startApplication is PASSED

2022-01-05 08:28:47 - [MESSAGE][PASSED] - Call Test Case 'Test Cases/Mobile/Page/Run App/Run App byID' successfully

2022-01-05 08:28:47 - [TEST_STEP][PASSED] - callTestCase(findTestCase("Mobile/Page/Portfolio/Portfolio"), ["tab":"summary", "action":"perf_quarter", "action2":"persen"], CONTINUE_ON_FAILURE): Call Test Case 'Test Cases/Mobile/Page/Portfolio/Portfolio' successfully

2022-01-05 08:28:47 - [TEST_CASE][PASSED] - Test Cases/Mobile/Page/Portfolio/Portfolio: Test Cases/Mobile/Page/Portfolio/Portfolio

2022-01-05 08:28:47 - [TEST_STEP][PASSED] - callTestCase(findTestCase("Mobile/Page/CheckLogin"), [:], CONTINUE_ON_FAILURE): Call Test Case 'Test Cases/Mobile/Page/CheckLogin' successfully

2022-01-05 08:28:47 - [TEST_CASE][PASSED] - Test Cases/Mobile/Page/CheckLogin: Test Cases/Mobile/Page/CheckLogin

2022-01-05 08:28:47 - [TEST_STEP][PASSED] - loginCheck = verifyElementExist(LOGN_BtnLogin, 5, CONTINUE_ON_FAILURE): Element 'Object Repository/Mobile/Page/Login/Button - Login' is exist

2022-01-05 08:28:49 - [MESSAGE][PASSED] - Element 'Object Repository/Mobile/Page/Login/Button - Login' is exist

2022-01-05 08:28:49 - [TEST_STEP][PASSED] - if (loginCheck): Call Test Case 'Test Cases/Mobile/Page/Login/Login' successfully

2022-01-05 08:28:49 - [TEST_STEP][PASSED] - callTestCase(findTestCase("Mobile/Page/Login/Login"), ["action":"username"], CONTINUE_ON_FAILURE): Call Test Case 'Test Cases/Mobile/Page/Login/Login' successfully

2022-01-05 08:28:49 - [TEST_CASE][PASSED] - Test Cases/Mobile/Page/Login/Login: Test Cases/Mobile/Page/Login/Login

2022-01-05 08:28:49 - [TEST_STEP][PASSED] - delay(2): Delayed 2 second(s)

2022-01-05 08:28:51 - [MESSAGE][PASSED] - Delayed 2 second(s)

2022-01-05 08:28:51 - [TEST_STEP][PASSED] - for ([i = 0, i < 1, (i++)]): null

2022-01-05 08:28:51 - [TEST_STEP][PASSED] - if (action == "username"): null

2022-01-05 08:28:51 - [TEST_STEP][PASSED] - tap(LOGN_EdtUserID, 0): Tapped on element 'Object Repository/Mobile/Page/Login/Input - UserID'

2022-01-05 08:28:51 - [MESSAGE][WARNING] - Timeout '0' is invalid. Using default page load timeout: '60'

2022-01-05 08:28:51 - [MESSAGE][PASSED] - Tapped on element 'Object Repository/Mobile/Page/Login/Input - UserID'

2022-01-05 08:28:51 - [TEST_STEP][PASSED] - delay(1): Delayed 1 second(s)

2022-01-05 08:28:52 - [MESSAGE][PASSED] - Delayed 1 second(s)

2022-01-05 08:28:52 - [TEST_STEP][PASSED] - setText(LOGN_EdtRdyUserID, "anggaaditya", 0): Text 'anggaaditya' has been set to element 'Object Repository/Mobile/Page/Login/Input Rdy - UserID'

2022-01-05 08:28:52 - [MESSAGE][WARNING] - Timeout '0' is invalid. Using default page load timeout: '60'

2022-01-05 08:28:53 - [MESSAGE][PASSED] - Text 'anggaaditya' has been set to element 'Object Repository/Mobile/Page/Login/Input Rdy - UserID'

2022-01-05 08:28:53 - [TEST_STEP][PASSED] - delay(1): Delayed 1 second(s)

2022-01-05 08:28:54 - [MESSAGE][PASSED] - Delayed 1 second(s)

2022-01-05 08:28:54 - [TEST_STEP][PASSED] - hideKeyboard(): Keyboard is hidden

2022-01-05 08:28:58 - [MESSAGE][PASSED] - Keyboard is hidden

2022-01-05 08:28:58 - [TEST_STEP][PASSED] - tap(LOGN_EdtPassword, 0): Tapped on element 'Object Repository/Mobile/Page/Login/Input - Password'

2022-01-05 08:28:58 - [MESSAGE][WARNING] - Timeout '0' is invalid. Using default page load timeout: '60'

2022-01-05 08:28:59 - [MESSAGE][PASSED] - Tapped on element 'Object Repository/Mobile/Page/Login/Input - Password'

2022-01-05 08:28:59 - [TEST_STEP][PASSED] - delay(1): Delayed 1 second(s)

2022-01-05 08:29:00 - [MESSAGE][PASSED] - Delayed 1 second(s)

2022-01-05 08:29:00 - [TEST_STEP][PASSED] - setText(LOGN_EdtRdyPassword, "Shalawa18", 0): Text 'Shalawa18' has been set to element 'Object Repository/Mobile/Page/Login/Input Rdy - Password'

2022-01-05 08:29:00 - [MESSAGE][WARNING] - Timeout '0' is invalid. Using default page load timeout: '60'

2022-01-05 08:29:01 - [MESSAGE][PASSED] - Text 'Shalawa18' has been set to element 'Object Repository/Mobile/Page/Login/Input Rdy - Password'

2022-01-05 08:29:01 - [TEST_STEP][PASSED] - delay(1): Delayed 1 second(s)

2022-01-05 08:29:02 - [MESSAGE][PASSED] - Delayed 1 second(s)

2022-01-05 08:29:02 - [TEST_STEP][PASSED] - hideKeyboard(): Keyboard is hidden

2022-01-05 08:29:08 - [MESSAGE][PASSED] - Keyboard is hidden

2022-01-05 08:29:08 - [TEST_STEP][PASSED] - tap(LOGN_BtnLogin, 0): Tapped on element 'Object Repository/Mobile/Page/Login/Button - Login'

2022-01-05 08:29:08 - [MESSAGE][WARNING] - Timeout '0' is invalid. Using default page load timeout: '60'

2022-01-05 08:29:09 - [MESSAGE][PASSED] - Tapped on element 'Object Repository/Mobile/Page/Login/Button - Login'

2022-01-05 08:29:09 - [TEST_STEP][PASSED] - delay(2): Delayed 2 second(s)

2022-01-05 08:29:11 - [MESSAGE][PASSED] - Delayed 2 second(s)

2022-01-05 08:29:11 - [TEST_STEP][PASSED] - break: null

2022-01-05 08:29:11 - [MESSAGE][PASSED] - Call Test Case 'Test Cases/Mobile/Page/Login/Login' successfully

2022-01-05 08:29:11 - [MESSAGE][PASSED] - Call Test Case 'Test Cases/Mobile/Page/CheckLogin' successfully

2022-01-05 08:29:11 - [TEST_STEP][PASSED] - tap(HOME_MenubarPortfolio, 0): Tapped on element 'Object Repository/Mobile/Page/Home/Menubar - Portfolio'

2022-01-05 08:29:11 - [MESSAGE][WARNING] - Timeout '0' is invalid. Using default page load timeout: '60'

2022-01-05 08:29:12 - [MESSAGE][PASSED] - Tapped on element 'Object Repository/Mobile/Page/Home/Menubar - Portfolio'

2022-01-05 08:29:12 - [TEST_STEP][PASSED] - delay(1): Delayed 1 second(s)

2022-01-05 08:29:13 - [MESSAGE][PASSED] - Delayed 1 second(s)

2022-01-05 08:29:13 - [TEST_STEP][PASSED] - for ([i = 0, i < 1, (i++)]): Delayed 3 second(s)

2022-01-05 08:29:13 - [TEST_STEP][PASSED] - if (tab == "summary"): Delayed 3 second(s)

2022-01-05 08:29:13 - [TEST_STEP][PASSED] - idr = PORT_BtnIDR: null

2022-01-05 08:29:13 - [TEST_STEP][PASSED] - persen = PORT_BtnPersen: null

2022-01-05 08:29:13 - [TEST_STEP][PASSED] - if (action == "summary"): null

2022-01-05 08:29:13 - [TEST_STEP][PASSED] - else if (action == "perf_daily"): null

2022-01-05 08:29:13 - [TEST_STEP][PASSED] - else if (action == "perf_month"): null

2022-01-05 08:29:13 - [TEST_STEP][PASSED] - else if (action == "perf_quarter"): Tapped on element 'Object Repository/Mobile/Page/Portfolio/Tab - Summary Quarter to Date'

2022-01-05 08:29:13 - [TEST_STEP][PASSED] - scroll.scroll.scrollScreenBottomToTop(): scroll.scroll.scrollScreenBottomToTop is PASSED

2022-01-05 08:29:14 - [MESSAGE][PASSED] - Current device physical height is 1423

2022-01-05 08:29:14 - [MESSAGE][PASSED] - Current device physical width is 720

2022-01-05 08:29:15 - [MESSAGE][PASSED] - Swiped from 360,1,138 to 360,284

2022-01-05 08:29:15 - [MESSAGE][PASSED] - scroll.scroll.scrollScreenBottomToTop is PASSED

2022-01-05 08:29:15 - [TEST_STEP][PASSED] - delay(1): Delayed 1 second(s)

2022-01-05 08:29:17 - [MESSAGE][PASSED] - Delayed 1 second(s)

2022-01-05 08:29:17 - [TEST_STEP][PASSED] - tap(PORT_TabSummaryQuarter, 0): Tapped on element 'Object Repository/Mobile/Page/Portfolio/Tab - Summary Quarter to Date'

2022-01-05 08:29:17 - [MESSAGE][WARNING] - Timeout '0' is invalid. Using default page load timeout: '60'

2022-01-05 08:29:17 - [MESSAGE][PASSED] - Tapped on element 'Object Repository/Mobile/Page/Portfolio/Tab - Summary Quarter to Date'

2022-01-05 08:29:17 - [TEST_STEP][PASSED] - if (action != "summary"): Delayed 3 second(s)

2022-01-05 08:29:17 - [TEST_STEP][PASSED] - delay(1): Delayed 1 second(s)

2022-01-05 08:29:18 - [MESSAGE][PASSED] - Delayed 1 second(s)

2022-01-05 08:29:18 - [TEST_STEP][PASSED] - scroll.scroll.scrollScreenBottomToTop(): scroll.scroll.scrollScreenBottomToTop is PASSED

2022-01-05 08:29:18 - [MESSAGE][PASSED] - Current device physical height is 1423

2022-01-05 08:29:19 - [MESSAGE][PASSED] - Current device physical width is 720

2022-01-05 08:29:20 - [MESSAGE][PASSED] - Swiped from 360,1,138 to 360,284

2022-01-05 08:29:20 - [MESSAGE][PASSED] - scroll.scroll.scrollScreenBottomToTop is PASSED

2022-01-05 08:29:20 - [TEST_STEP][PASSED] - delay(3): Delayed 3 second(s)

2022-01-05 08:29:23 - [MESSAGE][PASSED] - Delayed 3 second(s)

2022-01-05 08:29:23 - [TEST_STEP][PASSED] - if (action2 == "idr"): null

2022-01-05 08:29:23 - [TEST_STEP][PASSED] - else if (action2 == "persen"): Delayed 3 second(s)

2022-01-05 08:29:23 - [TEST_STEP][PASSED] - tap(persen, 10): Tapped on element 'Object Repository/Mobile/Page/Portfolio/Button - Persen'

2022-01-05 08:29:24 - [MESSAGE][PASSED] - Tapped on element 'Object Repository/Mobile/Page/Portfolio/Button - Persen'

2022-01-05 08:29:24 - [TEST_STEP][PASSED] - delay(3): Delayed 3 second(s)

2022-01-05 08:29:27 - [MESSAGE][PASSED] - Delayed 3 second(s)

2022-01-05 08:29:27 - [MESSAGE][PASSED] - Call Test Case 'Test Cases/Mobile/Page/Portfolio/Portfolio' successfully

2022-01-05 08:29:27 - [TEST_STEP][PASSED] - callTestCase(findTestCase("Mobile/Page/Run App/Terminate App"), [:], STOP_ON_FAILURE): Call Test Case 'Test Cases/Mobile/Page/Run App/Terminate App' successfully

2022-01-05 08:29:27 - [TEST_CASE][PASSED] - Test Cases/Mobile/Page/Run App/Terminate App: Test Cases/Mobile/Page/Run App/Terminate App

2022-01-05 08:29:27 - [TEST_STEP][PASSED] - startApp.OpenApp.terminateApplication(): startApp.OpenApp.terminateApplication is PASSED

2022-01-05 08:29:30 - [MESSAGE][PASSED] - Delayed 3 second(s)

2022-01-05 08:29:30 - [MESSAGE][PASSED] - Current device physical width is 720

2022-01-05 08:29:30 - [MESSAGE][PASSED] - Current device physical height is 1423

2022-01-05 08:29:32 - [MESSAGE][PASSED] - Swiped from 360,853 to 360,142

2022-01-05 08:29:33 - [MESSAGE][PASSED] - Delayed 1 second(s)

2022-01-05 08:29:34 - [MESSAGE][PASSED] - Swiped from 360,853 to 360,142

2022-01-05 08:29:37 - [MESSAGE][PASSED] - Delayed 3 second(s)

2022-01-05 08:29:37 - [MESSAGE][PASSED] - startApp.OpenApp.terminateApplication is PASSED

2022-01-05 08:29:37 - [MESSAGE][PASSED] - Call Test Case 'Test Cases/Mobile/Page/Run App/Terminate App' successfully]]></system-out>
         <system-err><![CDATA[]]></system-err>
      </testcase>
      <testcase name="Test Cases/Mobile/Scenario/Portfolio/009 - Portfolio Performance Year to Date Persen" time="65.436" classname="Test Cases/Mobile/Scenario/Portfolio/009 - Portfolio Performance Year to Date Persen" status="PASSED">
         <system-out><![CDATA[2022-01-05 08:29:37 - [TEST_CASE][PASSED] - Test Cases/Mobile/Scenario/Portfolio/009 - Portfolio Performance Year to Date Persen: Test Cases/Mobile/Scenario/Portfolio/009 - Portfolio Performance Year to Date Persen

2022-01-05 08:29:38 - [TEST_STEP][PASSED] - callTestCase(findTestCase("Mobile/Page/Run App/Run App byID"), [:], STOP_ON_FAILURE): Call Test Case 'Test Cases/Mobile/Page/Run App/Run App byID' successfully

2022-01-05 08:29:38 - [TEST_CASE][PASSED] - Test Cases/Mobile/Page/Run App/Run App byID: Test Cases/Mobile/Page/Run App/Run App byID

2022-01-05 08:29:38 - [TEST_STEP][PASSED] - startApp.OpenApp.startApplication("id.co.miraeasset.sageclub"): startApp.OpenApp.startApplication is PASSED

2022-01-05 08:29:51 - [MESSAGE][PASSED] - Starting app with application ID: 'id.co.miraeasset.sageclub'

2022-01-05 08:29:51 - [MESSAGE][PASSED] - startApp.OpenApp.startApplication is PASSED

2022-01-05 08:29:51 - [MESSAGE][PASSED] - Call Test Case 'Test Cases/Mobile/Page/Run App/Run App byID' successfully

2022-01-05 08:29:51 - [TEST_STEP][PASSED] - callTestCase(findTestCase("Mobile/Page/Portfolio/Portfolio"), ["tab":"summary", "action":"perf_year", "action2":"persen"], CONTINUE_ON_FAILURE): Call Test Case 'Test Cases/Mobile/Page/Portfolio/Portfolio' successfully

2022-01-05 08:29:51 - [TEST_CASE][PASSED] - Test Cases/Mobile/Page/Portfolio/Portfolio: Test Cases/Mobile/Page/Portfolio/Portfolio

2022-01-05 08:29:51 - [TEST_STEP][PASSED] - callTestCase(findTestCase("Mobile/Page/CheckLogin"), [:], CONTINUE_ON_FAILURE): Call Test Case 'Test Cases/Mobile/Page/CheckLogin' successfully

2022-01-05 08:29:51 - [TEST_CASE][PASSED] - Test Cases/Mobile/Page/CheckLogin: Test Cases/Mobile/Page/CheckLogin

2022-01-05 08:29:51 - [TEST_STEP][PASSED] - loginCheck = verifyElementExist(LOGN_BtnLogin, 5, CONTINUE_ON_FAILURE): Element 'Object Repository/Mobile/Page/Login/Button - Login' is exist

2022-01-05 08:29:53 - [MESSAGE][PASSED] - Element 'Object Repository/Mobile/Page/Login/Button - Login' is exist

2022-01-05 08:29:53 - [TEST_STEP][PASSED] - if (loginCheck): Call Test Case 'Test Cases/Mobile/Page/Login/Login' successfully

2022-01-05 08:29:53 - [TEST_STEP][PASSED] - callTestCase(findTestCase("Mobile/Page/Login/Login"), ["action":"username"], CONTINUE_ON_FAILURE): Call Test Case 'Test Cases/Mobile/Page/Login/Login' successfully

2022-01-05 08:29:53 - [TEST_CASE][PASSED] - Test Cases/Mobile/Page/Login/Login: Test Cases/Mobile/Page/Login/Login

2022-01-05 08:29:53 - [TEST_STEP][PASSED] - delay(2): Delayed 2 second(s)

2022-01-05 08:29:55 - [MESSAGE][PASSED] - Delayed 2 second(s)

2022-01-05 08:29:55 - [TEST_STEP][PASSED] - for ([i = 0, i < 1, (i++)]): null

2022-01-05 08:29:55 - [TEST_STEP][PASSED] - if (action == "username"): null

2022-01-05 08:29:55 - [TEST_STEP][PASSED] - tap(LOGN_EdtUserID, 0): Tapped on element 'Object Repository/Mobile/Page/Login/Input - UserID'

2022-01-05 08:29:55 - [MESSAGE][WARNING] - Timeout '0' is invalid. Using default page load timeout: '60'

2022-01-05 08:29:57 - [MESSAGE][PASSED] - Tapped on element 'Object Repository/Mobile/Page/Login/Input - UserID'

2022-01-05 08:29:57 - [TEST_STEP][PASSED] - delay(1): Delayed 1 second(s)

2022-01-05 08:29:58 - [MESSAGE][PASSED] - Delayed 1 second(s)

2022-01-05 08:29:58 - [TEST_STEP][PASSED] - setText(LOGN_EdtRdyUserID, "anggaaditya", 0): Text 'anggaaditya' has been set to element 'Object Repository/Mobile/Page/Login/Input Rdy - UserID'

2022-01-05 08:29:58 - [MESSAGE][WARNING] - Timeout '0' is invalid. Using default page load timeout: '60'

2022-01-05 08:29:59 - [MESSAGE][PASSED] - Text 'anggaaditya' has been set to element 'Object Repository/Mobile/Page/Login/Input Rdy - UserID'

2022-01-05 08:29:59 - [TEST_STEP][PASSED] - delay(1): Delayed 1 second(s)

2022-01-05 08:30:00 - [MESSAGE][PASSED] - Delayed 1 second(s)

2022-01-05 08:30:00 - [TEST_STEP][PASSED] - hideKeyboard(): Keyboard is hidden

2022-01-05 08:30:04 - [MESSAGE][PASSED] - Keyboard is hidden

2022-01-05 08:30:04 - [TEST_STEP][PASSED] - tap(LOGN_EdtPassword, 0): Tapped on element 'Object Repository/Mobile/Page/Login/Input - Password'

2022-01-05 08:30:04 - [MESSAGE][WARNING] - Timeout '0' is invalid. Using default page load timeout: '60'

2022-01-05 08:30:05 - [MESSAGE][PASSED] - Tapped on element 'Object Repository/Mobile/Page/Login/Input - Password'

2022-01-05 08:30:05 - [TEST_STEP][PASSED] - delay(1): Delayed 1 second(s)

2022-01-05 08:30:06 - [MESSAGE][PASSED] - Delayed 1 second(s)

2022-01-05 08:30:06 - [TEST_STEP][PASSED] - setText(LOGN_EdtRdyPassword, "Shalawa18", 0): Text 'Shalawa18' has been set to element 'Object Repository/Mobile/Page/Login/Input Rdy - Password'

2022-01-05 08:30:06 - [MESSAGE][WARNING] - Timeout '0' is invalid. Using default page load timeout: '60'

2022-01-05 08:30:06 - [MESSAGE][PASSED] - Text 'Shalawa18' has been set to element 'Object Repository/Mobile/Page/Login/Input Rdy - Password'

2022-01-05 08:30:06 - [TEST_STEP][PASSED] - delay(1): Delayed 1 second(s)

2022-01-05 08:30:07 - [MESSAGE][PASSED] - Delayed 1 second(s)

2022-01-05 08:30:07 - [TEST_STEP][PASSED] - hideKeyboard(): Keyboard is hidden

2022-01-05 08:30:14 - [MESSAGE][PASSED] - Keyboard is hidden

2022-01-05 08:30:14 - [TEST_STEP][PASSED] - tap(LOGN_BtnLogin, 0): Tapped on element 'Object Repository/Mobile/Page/Login/Button - Login'

2022-01-05 08:30:14 - [MESSAGE][WARNING] - Timeout '0' is invalid. Using default page load timeout: '60'

2022-01-05 08:30:15 - [MESSAGE][PASSED] - Tapped on element 'Object Repository/Mobile/Page/Login/Button - Login'

2022-01-05 08:30:15 - [TEST_STEP][PASSED] - delay(2): Delayed 2 second(s)

2022-01-05 08:30:17 - [MESSAGE][PASSED] - Delayed 2 second(s)

2022-01-05 08:30:17 - [TEST_STEP][PASSED] - break: null

2022-01-05 08:30:17 - [MESSAGE][PASSED] - Call Test Case 'Test Cases/Mobile/Page/Login/Login' successfully

2022-01-05 08:30:17 - [MESSAGE][PASSED] - Call Test Case 'Test Cases/Mobile/Page/CheckLogin' successfully

2022-01-05 08:30:17 - [TEST_STEP][PASSED] - tap(HOME_MenubarPortfolio, 0): Tapped on element 'Object Repository/Mobile/Page/Home/Menubar - Portfolio'

2022-01-05 08:30:17 - [MESSAGE][WARNING] - Timeout '0' is invalid. Using default page load timeout: '60'

2022-01-05 08:30:18 - [MESSAGE][PASSED] - Tapped on element 'Object Repository/Mobile/Page/Home/Menubar - Portfolio'

2022-01-05 08:30:18 - [TEST_STEP][PASSED] - delay(1): Delayed 1 second(s)

2022-01-05 08:30:19 - [MESSAGE][PASSED] - Delayed 1 second(s)

2022-01-05 08:30:19 - [TEST_STEP][PASSED] - for ([i = 0, i < 1, (i++)]): Delayed 3 second(s)

2022-01-05 08:30:19 - [TEST_STEP][PASSED] - if (tab == "summary"): Delayed 3 second(s)

2022-01-05 08:30:19 - [TEST_STEP][PASSED] - idr = PORT_BtnIDR: null

2022-01-05 08:30:19 - [TEST_STEP][PASSED] - persen = PORT_BtnPersen: null

2022-01-05 08:30:19 - [TEST_STEP][PASSED] - if (action == "summary"): null

2022-01-05 08:30:19 - [TEST_STEP][PASSED] - else if (action == "perf_daily"): null

2022-01-05 08:30:19 - [TEST_STEP][PASSED] - else if (action == "perf_month"): null

2022-01-05 08:30:19 - [TEST_STEP][PASSED] - else if (action == "perf_quarter"): null

2022-01-05 08:30:19 - [TEST_STEP][PASSED] - else if (action == "perf_year"): Tapped on element 'Object Repository/Mobile/Page/Portfolio/Tab - Summary Year to Date'

2022-01-05 08:30:19 - [TEST_STEP][PASSED] - scroll.scroll.scrollScreenBottomToTop(): scroll.scroll.scrollScreenBottomToTop is PASSED

2022-01-05 08:30:19 - [MESSAGE][PASSED] - Current device physical height is 1423

2022-01-05 08:30:20 - [MESSAGE][PASSED] - Current device physical width is 720

2022-01-05 08:30:21 - [MESSAGE][PASSED] - Swiped from 360,1,138 to 360,284

2022-01-05 08:30:21 - [MESSAGE][PASSED] - scroll.scroll.scrollScreenBottomToTop is PASSED

2022-01-05 08:30:21 - [TEST_STEP][PASSED] - delay(1): Delayed 1 second(s)

2022-01-05 08:30:22 - [MESSAGE][PASSED] - Delayed 1 second(s)

2022-01-05 08:30:22 - [TEST_STEP][PASSED] - tap(PORT_TabSummaryYear, 0): Tapped on element 'Object Repository/Mobile/Page/Portfolio/Tab - Summary Year to Date'

2022-01-05 08:30:22 - [MESSAGE][WARNING] - Timeout '0' is invalid. Using default page load timeout: '60'

2022-01-05 08:30:22 - [MESSAGE][PASSED] - Tapped on element 'Object Repository/Mobile/Page/Portfolio/Tab - Summary Year to Date'

2022-01-05 08:30:22 - [TEST_STEP][PASSED] - if (action != "summary"): Delayed 3 second(s)

2022-01-05 08:30:22 - [TEST_STEP][PASSED] - delay(1): Delayed 1 second(s)

2022-01-05 08:30:23 - [MESSAGE][PASSED] - Delayed 1 second(s)

2022-01-05 08:30:23 - [TEST_STEP][PASSED] - scroll.scroll.scrollScreenBottomToTop(): scroll.scroll.scrollScreenBottomToTop is PASSED

2022-01-05 08:30:24 - [MESSAGE][PASSED] - Current device physical height is 1423

2022-01-05 08:30:24 - [MESSAGE][PASSED] - Current device physical width is 720

2022-01-05 08:30:25 - [MESSAGE][PASSED] - Swiped from 360,1,138 to 360,284

2022-01-05 08:30:25 - [MESSAGE][PASSED] - scroll.scroll.scrollScreenBottomToTop is PASSED

2022-01-05 08:30:25 - [TEST_STEP][PASSED] - delay(3): Delayed 3 second(s)

2022-01-05 08:30:28 - [MESSAGE][PASSED] - Delayed 3 second(s)

2022-01-05 08:30:28 - [TEST_STEP][PASSED] - if (action2 == "idr"): null

2022-01-05 08:30:28 - [TEST_STEP][PASSED] - else if (action2 == "persen"): Delayed 3 second(s)

2022-01-05 08:30:28 - [TEST_STEP][PASSED] - tap(persen, 10): Tapped on element 'Object Repository/Mobile/Page/Portfolio/Button - Persen'

2022-01-05 08:30:29 - [MESSAGE][PASSED] - Tapped on element 'Object Repository/Mobile/Page/Portfolio/Button - Persen'

2022-01-05 08:30:29 - [TEST_STEP][PASSED] - delay(3): Delayed 3 second(s)

2022-01-05 08:30:32 - [MESSAGE][PASSED] - Delayed 3 second(s)

2022-01-05 08:30:32 - [MESSAGE][PASSED] - Call Test Case 'Test Cases/Mobile/Page/Portfolio/Portfolio' successfully

2022-01-05 08:30:32 - [TEST_STEP][PASSED] - callTestCase(findTestCase("Mobile/Page/Run App/Terminate App"), [:], STOP_ON_FAILURE): Call Test Case 'Test Cases/Mobile/Page/Run App/Terminate App' successfully

2022-01-05 08:30:32 - [TEST_CASE][PASSED] - Test Cases/Mobile/Page/Run App/Terminate App: Test Cases/Mobile/Page/Run App/Terminate App

2022-01-05 08:30:32 - [TEST_STEP][PASSED] - startApp.OpenApp.terminateApplication(): startApp.OpenApp.terminateApplication is PASSED

2022-01-05 08:30:35 - [MESSAGE][PASSED] - Delayed 3 second(s)

2022-01-05 08:30:35 - [MESSAGE][PASSED] - Current device physical width is 720

2022-01-05 08:30:36 - [MESSAGE][PASSED] - Current device physical height is 1423

2022-01-05 08:30:37 - [MESSAGE][PASSED] - Swiped from 360,853 to 360,142

2022-01-05 08:30:38 - [MESSAGE][PASSED] - Delayed 1 second(s)

2022-01-05 08:30:40 - [MESSAGE][PASSED] - Swiped from 360,853 to 360,142

2022-01-05 08:30:43 - [MESSAGE][PASSED] - Delayed 3 second(s)

2022-01-05 08:30:43 - [MESSAGE][PASSED] - startApp.OpenApp.terminateApplication is PASSED

2022-01-05 08:30:43 - [MESSAGE][PASSED] - Call Test Case 'Test Cases/Mobile/Page/Run App/Terminate App' successfully]]></system-out>
         <system-err><![CDATA[]]></system-err>
      </testcase>
      <testcase name="Test Cases/Mobile/Scenario/Portfolio/010 - Melihat list stock" time="59.997" classname="Test Cases/Mobile/Scenario/Portfolio/010 - Melihat list stock" status="PASSED">
         <system-out><![CDATA[2022-01-05 08:30:43 - [TEST_CASE][PASSED] - Test Cases/Mobile/Scenario/Portfolio/010 - Melihat list stock: Test Cases/Mobile/Scenario/Portfolio/010 - Melihat list stock

2022-01-05 08:30:43 - [TEST_STEP][PASSED] - callTestCase(findTestCase("Mobile/Page/Run App/Run App byID"), [:], STOP_ON_FAILURE): Call Test Case 'Test Cases/Mobile/Page/Run App/Run App byID' successfully

2022-01-05 08:30:43 - [TEST_CASE][PASSED] - Test Cases/Mobile/Page/Run App/Run App byID: Test Cases/Mobile/Page/Run App/Run App byID

2022-01-05 08:30:43 - [TEST_STEP][PASSED] - startApp.OpenApp.startApplication("id.co.miraeasset.sageclub"): startApp.OpenApp.startApplication is PASSED

2022-01-05 08:30:58 - [MESSAGE][PASSED] - Starting app with application ID: 'id.co.miraeasset.sageclub'

2022-01-05 08:30:58 - [MESSAGE][PASSED] - startApp.OpenApp.startApplication is PASSED

2022-01-05 08:30:58 - [MESSAGE][PASSED] - Call Test Case 'Test Cases/Mobile/Page/Run App/Run App byID' successfully

2022-01-05 08:30:58 - [TEST_STEP][PASSED] - callTestCase(findTestCase("Mobile/Page/Portfolio/Portfolio"), ["tab":"stock"], CONTINUE_ON_FAILURE): Call Test Case 'Test Cases/Mobile/Page/Portfolio/Portfolio' successfully

2022-01-05 08:30:58 - [TEST_CASE][PASSED] - Test Cases/Mobile/Page/Portfolio/Portfolio: Test Cases/Mobile/Page/Portfolio/Portfolio

2022-01-05 08:30:58 - [TEST_STEP][PASSED] - callTestCase(findTestCase("Mobile/Page/CheckLogin"), [:], CONTINUE_ON_FAILURE): Call Test Case 'Test Cases/Mobile/Page/CheckLogin' successfully

2022-01-05 08:30:58 - [TEST_CASE][PASSED] - Test Cases/Mobile/Page/CheckLogin: Test Cases/Mobile/Page/CheckLogin

2022-01-05 08:30:58 - [TEST_STEP][PASSED] - loginCheck = verifyElementExist(LOGN_BtnLogin, 5, CONTINUE_ON_FAILURE): Element 'Object Repository/Mobile/Page/Login/Button - Login' is exist

2022-01-05 08:31:00 - [MESSAGE][PASSED] - Element 'Object Repository/Mobile/Page/Login/Button - Login' is exist

2022-01-05 08:31:00 - [TEST_STEP][PASSED] - if (loginCheck): Call Test Case 'Test Cases/Mobile/Page/Login/Login' successfully

2022-01-05 08:31:00 - [TEST_STEP][PASSED] - callTestCase(findTestCase("Mobile/Page/Login/Login"), ["action":"username"], CONTINUE_ON_FAILURE): Call Test Case 'Test Cases/Mobile/Page/Login/Login' successfully

2022-01-05 08:31:00 - [TEST_CASE][PASSED] - Test Cases/Mobile/Page/Login/Login: Test Cases/Mobile/Page/Login/Login

2022-01-05 08:31:00 - [TEST_STEP][PASSED] - delay(2): Delayed 2 second(s)

2022-01-05 08:31:02 - [MESSAGE][PASSED] - Delayed 2 second(s)

2022-01-05 08:31:02 - [TEST_STEP][PASSED] - for ([i = 0, i < 1, (i++)]): null

2022-01-05 08:31:02 - [TEST_STEP][PASSED] - if (action == "username"): null

2022-01-05 08:31:02 - [TEST_STEP][PASSED] - tap(LOGN_EdtUserID, 0): Tapped on element 'Object Repository/Mobile/Page/Login/Input - UserID'

2022-01-05 08:31:02 - [MESSAGE][WARNING] - Timeout '0' is invalid. Using default page load timeout: '60'

2022-01-05 08:31:03 - [MESSAGE][PASSED] - Tapped on element 'Object Repository/Mobile/Page/Login/Input - UserID'

2022-01-05 08:31:03 - [TEST_STEP][PASSED] - delay(1): Delayed 1 second(s)

2022-01-05 08:31:04 - [MESSAGE][PASSED] - Delayed 1 second(s)

2022-01-05 08:31:04 - [TEST_STEP][PASSED] - setText(LOGN_EdtRdyUserID, "anggaaditya", 0): Text 'anggaaditya' has been set to element 'Object Repository/Mobile/Page/Login/Input Rdy - UserID'

2022-01-05 08:31:04 - [MESSAGE][WARNING] - Timeout '0' is invalid. Using default page load timeout: '60'

2022-01-05 08:31:05 - [MESSAGE][PASSED] - Text 'anggaaditya' has been set to element 'Object Repository/Mobile/Page/Login/Input Rdy - UserID'

2022-01-05 08:31:05 - [TEST_STEP][PASSED] - delay(1): Delayed 1 second(s)

2022-01-05 08:31:06 - [MESSAGE][PASSED] - Delayed 1 second(s)

2022-01-05 08:31:06 - [TEST_STEP][PASSED] - hideKeyboard(): Keyboard is hidden

2022-01-05 08:31:10 - [MESSAGE][PASSED] - Keyboard is hidden

2022-01-05 08:31:10 - [TEST_STEP][PASSED] - tap(LOGN_EdtPassword, 0): Tapped on element 'Object Repository/Mobile/Page/Login/Input - Password'

2022-01-05 08:31:10 - [MESSAGE][WARNING] - Timeout '0' is invalid. Using default page load timeout: '60'

2022-01-05 08:31:10 - [MESSAGE][PASSED] - Tapped on element 'Object Repository/Mobile/Page/Login/Input - Password'

2022-01-05 08:31:10 - [TEST_STEP][PASSED] - delay(1): Delayed 1 second(s)

2022-01-05 08:31:11 - [MESSAGE][PASSED] - Delayed 1 second(s)

2022-01-05 08:31:11 - [TEST_STEP][PASSED] - setText(LOGN_EdtRdyPassword, "Shalawa18", 0): Text 'Shalawa18' has been set to element 'Object Repository/Mobile/Page/Login/Input Rdy - Password'

2022-01-05 08:31:11 - [MESSAGE][WARNING] - Timeout '0' is invalid. Using default page load timeout: '60'

2022-01-05 08:31:12 - [MESSAGE][PASSED] - Text 'Shalawa18' has been set to element 'Object Repository/Mobile/Page/Login/Input Rdy - Password'

2022-01-05 08:31:12 - [TEST_STEP][PASSED] - delay(1): Delayed 1 second(s)

2022-01-05 08:31:13 - [MESSAGE][PASSED] - Delayed 1 second(s)

2022-01-05 08:31:13 - [TEST_STEP][PASSED] - hideKeyboard(): Keyboard is hidden

2022-01-05 08:31:20 - [MESSAGE][PASSED] - Keyboard is hidden

2022-01-05 08:31:20 - [TEST_STEP][PASSED] - tap(LOGN_BtnLogin, 0): Tapped on element 'Object Repository/Mobile/Page/Login/Button - Login'

2022-01-05 08:31:20 - [MESSAGE][WARNING] - Timeout '0' is invalid. Using default page load timeout: '60'

2022-01-05 08:31:21 - [MESSAGE][PASSED] - Tapped on element 'Object Repository/Mobile/Page/Login/Button - Login'

2022-01-05 08:31:21 - [TEST_STEP][PASSED] - delay(2): Delayed 2 second(s)

2022-01-05 08:31:23 - [MESSAGE][PASSED] - Delayed 2 second(s)

2022-01-05 08:31:23 - [TEST_STEP][PASSED] - break: null

2022-01-05 08:31:23 - [MESSAGE][PASSED] - Call Test Case 'Test Cases/Mobile/Page/Login/Login' successfully

2022-01-05 08:31:23 - [MESSAGE][PASSED] - Call Test Case 'Test Cases/Mobile/Page/CheckLogin' successfully

2022-01-05 08:31:23 - [TEST_STEP][PASSED] - tap(HOME_MenubarPortfolio, 0): Tapped on element 'Object Repository/Mobile/Page/Home/Menubar - Portfolio'

2022-01-05 08:31:23 - [MESSAGE][WARNING] - Timeout '0' is invalid. Using default page load timeout: '60'

2022-01-05 08:31:25 - [MESSAGE][PASSED] - Tapped on element 'Object Repository/Mobile/Page/Home/Menubar - Portfolio'

2022-01-05 08:31:25 - [TEST_STEP][PASSED] - delay(1): Delayed 1 second(s)

2022-01-05 08:31:26 - [MESSAGE][PASSED] - Delayed 1 second(s)

2022-01-05 08:31:26 - [TEST_STEP][PASSED] - for ([i = 0, i < 1, (i++)]): Delayed 3 second(s)

2022-01-05 08:31:26 - [TEST_STEP][PASSED] - if (tab == "summary"): null

2022-01-05 08:31:26 - [TEST_STEP][PASSED] - else if (tab == "stock"): Delayed 3 second(s)

2022-01-05 08:31:26 - [TEST_STEP][PASSED] - tap(PORT_TabStock, 0): Tapped on element 'Object Repository/Mobile/Page/Portfolio/Tab - Stock'

2022-01-05 08:31:26 - [MESSAGE][WARNING] - Timeout '0' is invalid. Using default page load timeout: '60'

2022-01-05 08:31:27 - [MESSAGE][PASSED] - Tapped on element 'Object Repository/Mobile/Page/Portfolio/Tab - Stock'

2022-01-05 08:31:27 - [TEST_STEP][PASSED] - scroll.scroll.scrollScreenBottomToTop(): scroll.scroll.scrollScreenBottomToTop is PASSED

2022-01-05 08:31:27 - [MESSAGE][PASSED] - Current device physical height is 1423

2022-01-05 08:31:28 - [MESSAGE][PASSED] - Current device physical width is 720

2022-01-05 08:31:29 - [MESSAGE][PASSED] - Swiped from 360,1,138 to 360,284

2022-01-05 08:31:29 - [MESSAGE][PASSED] - scroll.scroll.scrollScreenBottomToTop is PASSED

2022-01-05 08:31:29 - [TEST_STEP][PASSED] - delay(3): Delayed 3 second(s)

2022-01-05 08:31:32 - [MESSAGE][PASSED] - Delayed 3 second(s)

2022-01-05 08:31:32 - [MESSAGE][PASSED] - Call Test Case 'Test Cases/Mobile/Page/Portfolio/Portfolio' successfully

2022-01-05 08:31:32 - [TEST_STEP][PASSED] - callTestCase(findTestCase("Mobile/Page/Run App/Terminate App"), [:], STOP_ON_FAILURE): Call Test Case 'Test Cases/Mobile/Page/Run App/Terminate App' successfully

2022-01-05 08:31:32 - [TEST_CASE][PASSED] - Test Cases/Mobile/Page/Run App/Terminate App: Test Cases/Mobile/Page/Run App/Terminate App

2022-01-05 08:31:32 - [TEST_STEP][PASSED] - startApp.OpenApp.terminateApplication(): startApp.OpenApp.terminateApplication is PASSED

2022-01-05 08:31:35 - [MESSAGE][PASSED] - Delayed 3 second(s)

2022-01-05 08:31:35 - [MESSAGE][PASSED] - Current device physical width is 720

2022-01-05 08:31:36 - [MESSAGE][PASSED] - Current device physical height is 1423

2022-01-05 08:31:37 - [MESSAGE][PASSED] - Swiped from 360,853 to 360,142

2022-01-05 08:31:38 - [MESSAGE][PASSED] - Delayed 1 second(s)

2022-01-05 08:31:40 - [MESSAGE][PASSED] - Swiped from 360,853 to 360,142

2022-01-05 08:31:43 - [MESSAGE][PASSED] - Delayed 3 second(s)

2022-01-05 08:31:43 - [MESSAGE][PASSED] - startApp.OpenApp.terminateApplication is PASSED

2022-01-05 08:31:43 - [MESSAGE][PASSED] - Call Test Case 'Test Cases/Mobile/Page/Run App/Terminate App' successfully]]></system-out>
         <system-err><![CDATA[]]></system-err>
      </testcase>
      <testcase name="Test Cases/Mobile/Scenario/Portfolio/011 - Melihat list mutual fund" time="64.868" classname="Test Cases/Mobile/Scenario/Portfolio/011 - Melihat list mutual fund" status="PASSED">
         <system-out><![CDATA[2022-01-05 08:31:43 - [TEST_CASE][PASSED] - Test Cases/Mobile/Scenario/Portfolio/011 - Melihat list mutual fund: Test Cases/Mobile/Scenario/Portfolio/011 - Melihat list mutual fund

2022-01-05 08:31:43 - [TEST_STEP][PASSED] - callTestCase(findTestCase("Mobile/Page/Run App/Run App byID"), [:], STOP_ON_FAILURE): Call Test Case 'Test Cases/Mobile/Page/Run App/Run App byID' successfully

2022-01-05 08:31:43 - [TEST_CASE][PASSED] - Test Cases/Mobile/Page/Run App/Run App byID: Test Cases/Mobile/Page/Run App/Run App byID

2022-01-05 08:31:43 - [TEST_STEP][PASSED] - startApp.OpenApp.startApplication("id.co.miraeasset.sageclub"): startApp.OpenApp.startApplication is PASSED

2022-01-05 08:31:57 - [MESSAGE][PASSED] - Starting app with application ID: 'id.co.miraeasset.sageclub'

2022-01-05 08:31:57 - [MESSAGE][PASSED] - startApp.OpenApp.startApplication is PASSED

2022-01-05 08:31:57 - [MESSAGE][PASSED] - Call Test Case 'Test Cases/Mobile/Page/Run App/Run App byID' successfully

2022-01-05 08:31:57 - [TEST_STEP][PASSED] - callTestCase(findTestCase("Mobile/Page/Portfolio/Portfolio"), ["tab":"mutualfund", "action2":"none"], CONTINUE_ON_FAILURE): Call Test Case 'Test Cases/Mobile/Page/Portfolio/Portfolio' successfully

2022-01-05 08:31:58 - [TEST_CASE][PASSED] - Test Cases/Mobile/Page/Portfolio/Portfolio: Test Cases/Mobile/Page/Portfolio/Portfolio

2022-01-05 08:31:58 - [TEST_STEP][PASSED] - callTestCase(findTestCase("Mobile/Page/CheckLogin"), [:], CONTINUE_ON_FAILURE): Call Test Case 'Test Cases/Mobile/Page/CheckLogin' successfully

2022-01-05 08:31:58 - [TEST_CASE][PASSED] - Test Cases/Mobile/Page/CheckLogin: Test Cases/Mobile/Page/CheckLogin

2022-01-05 08:31:58 - [TEST_STEP][PASSED] - loginCheck = verifyElementExist(LOGN_BtnLogin, 5, CONTINUE_ON_FAILURE): Element 'Object Repository/Mobile/Page/Login/Button - Login' is exist

2022-01-05 08:31:59 - [MESSAGE][PASSED] - Element 'Object Repository/Mobile/Page/Login/Button - Login' is exist

2022-01-05 08:31:59 - [TEST_STEP][PASSED] - if (loginCheck): Call Test Case 'Test Cases/Mobile/Page/Login/Login' successfully

2022-01-05 08:31:59 - [TEST_STEP][PASSED] - callTestCase(findTestCase("Mobile/Page/Login/Login"), ["action":"username"], CONTINUE_ON_FAILURE): Call Test Case 'Test Cases/Mobile/Page/Login/Login' successfully

2022-01-05 08:31:59 - [TEST_CASE][PASSED] - Test Cases/Mobile/Page/Login/Login: Test Cases/Mobile/Page/Login/Login

2022-01-05 08:31:59 - [TEST_STEP][PASSED] - delay(2): Delayed 2 second(s)

2022-01-05 08:32:01 - [MESSAGE][PASSED] - Delayed 2 second(s)

2022-01-05 08:32:01 - [TEST_STEP][PASSED] - for ([i = 0, i < 1, (i++)]): null

2022-01-05 08:32:01 - [TEST_STEP][PASSED] - if (action == "username"): null

2022-01-05 08:32:01 - [TEST_STEP][PASSED] - tap(LOGN_EdtUserID, 0): Tapped on element 'Object Repository/Mobile/Page/Login/Input - UserID'

2022-01-05 08:32:01 - [MESSAGE][WARNING] - Timeout '0' is invalid. Using default page load timeout: '60'

2022-01-05 08:32:02 - [MESSAGE][PASSED] - Tapped on element 'Object Repository/Mobile/Page/Login/Input - UserID'

2022-01-05 08:32:02 - [TEST_STEP][PASSED] - delay(1): Delayed 1 second(s)

2022-01-05 08:32:03 - [MESSAGE][PASSED] - Delayed 1 second(s)

2022-01-05 08:32:03 - [TEST_STEP][PASSED] - setText(LOGN_EdtRdyUserID, "anggaaditya", 0): Text 'anggaaditya' has been set to element 'Object Repository/Mobile/Page/Login/Input Rdy - UserID'

2022-01-05 08:32:03 - [MESSAGE][WARNING] - Timeout '0' is invalid. Using default page load timeout: '60'

2022-01-05 08:32:04 - [MESSAGE][PASSED] - Text 'anggaaditya' has been set to element 'Object Repository/Mobile/Page/Login/Input Rdy - UserID'

2022-01-05 08:32:04 - [TEST_STEP][PASSED] - delay(1): Delayed 1 second(s)

2022-01-05 08:32:05 - [MESSAGE][PASSED] - Delayed 1 second(s)

2022-01-05 08:32:05 - [TEST_STEP][PASSED] - hideKeyboard(): Keyboard is hidden

2022-01-05 08:32:09 - [MESSAGE][PASSED] - Keyboard is hidden

2022-01-05 08:32:09 - [TEST_STEP][PASSED] - tap(LOGN_EdtPassword, 0): Tapped on element 'Object Repository/Mobile/Page/Login/Input - Password'

2022-01-05 08:32:09 - [MESSAGE][WARNING] - Timeout '0' is invalid. Using default page load timeout: '60'

2022-01-05 08:32:10 - [MESSAGE][PASSED] - Tapped on element 'Object Repository/Mobile/Page/Login/Input - Password'

2022-01-05 08:32:10 - [TEST_STEP][PASSED] - delay(1): Delayed 1 second(s)

2022-01-05 08:32:11 - [MESSAGE][PASSED] - Delayed 1 second(s)

2022-01-05 08:32:11 - [TEST_STEP][PASSED] - setText(LOGN_EdtRdyPassword, "Shalawa18", 0): Text 'Shalawa18' has been set to element 'Object Repository/Mobile/Page/Login/Input Rdy - Password'

2022-01-05 08:32:11 - [MESSAGE][WARNING] - Timeout '0' is invalid. Using default page load timeout: '60'

2022-01-05 08:32:12 - [MESSAGE][PASSED] - Text 'Shalawa18' has been set to element 'Object Repository/Mobile/Page/Login/Input Rdy - Password'

2022-01-05 08:32:12 - [TEST_STEP][PASSED] - delay(1): Delayed 1 second(s)

2022-01-05 08:32:13 - [MESSAGE][PASSED] - Delayed 1 second(s)

2022-01-05 08:32:13 - [TEST_STEP][PASSED] - hideKeyboard(): Keyboard is hidden

2022-01-05 08:32:19 - [MESSAGE][PASSED] - Keyboard is hidden

2022-01-05 08:32:19 - [TEST_STEP][PASSED] - tap(LOGN_BtnLogin, 0): Tapped on element 'Object Repository/Mobile/Page/Login/Button - Login'

2022-01-05 08:32:19 - [MESSAGE][WARNING] - Timeout '0' is invalid. Using default page load timeout: '60'

2022-01-05 08:32:21 - [MESSAGE][PASSED] - Tapped on element 'Object Repository/Mobile/Page/Login/Button - Login'

2022-01-05 08:32:21 - [TEST_STEP][PASSED] - delay(2): Delayed 2 second(s)

2022-01-05 08:32:23 - [MESSAGE][PASSED] - Delayed 2 second(s)

2022-01-05 08:32:23 - [TEST_STEP][PASSED] - break: null

2022-01-05 08:32:23 - [MESSAGE][PASSED] - Call Test Case 'Test Cases/Mobile/Page/Login/Login' successfully

2022-01-05 08:32:23 - [MESSAGE][PASSED] - Call Test Case 'Test Cases/Mobile/Page/CheckLogin' successfully

2022-01-05 08:32:23 - [TEST_STEP][PASSED] - tap(HOME_MenubarPortfolio, 0): Tapped on element 'Object Repository/Mobile/Page/Home/Menubar - Portfolio'

2022-01-05 08:32:23 - [MESSAGE][WARNING] - Timeout '0' is invalid. Using default page load timeout: '60'

2022-01-05 08:32:24 - [MESSAGE][PASSED] - Tapped on element 'Object Repository/Mobile/Page/Home/Menubar - Portfolio'

2022-01-05 08:32:24 - [TEST_STEP][PASSED] - delay(1): Delayed 1 second(s)

2022-01-05 08:32:25 - [MESSAGE][PASSED] - Delayed 1 second(s)

2022-01-05 08:32:25 - [TEST_STEP][PASSED] - for ([i = 0, i < 1, (i++)]): scroll.scroll.scrollScreenBottomToTop is PASSED

2022-01-05 08:32:25 - [TEST_STEP][PASSED] - if (tab == "summary"): null

2022-01-05 08:32:25 - [TEST_STEP][PASSED] - else if (tab == "stock"): null

2022-01-05 08:32:25 - [TEST_STEP][PASSED] - else if (tab == "mutualfund"): scroll.scroll.scrollScreenBottomToTop is PASSED

2022-01-05 08:32:25 - [TEST_STEP][PASSED] - tap(PORT_TabMutualFund, 0): Tapped on element 'Object Repository/Mobile/Page/Portfolio/Tab - Mutual Fund'

2022-01-05 08:32:25 - [MESSAGE][WARNING] - Timeout '0' is invalid. Using default page load timeout: '60'

2022-01-05 08:32:26 - [MESSAGE][PASSED] - Tapped on element 'Object Repository/Mobile/Page/Portfolio/Tab - Mutual Fund'

2022-01-05 08:32:26 - [TEST_STEP][PASSED] - delay(1): Delayed 1 second(s)

2022-01-05 08:32:27 - [MESSAGE][PASSED] - Delayed 1 second(s)

2022-01-05 08:32:27 - [TEST_STEP][PASSED] - try: scroll.scroll.scrollScreenBottomToTop is PASSED

2022-01-05 08:32:27 - [TEST_STEP][PASSED] - tapAndHold(PORT_ItemTopMutualFund, 1, 10): Tapped and held on element 'Object Repository/Mobile/Page/Portfolio/Item - Top Mutual Fund' with duration 1

2022-01-05 08:32:30 - [MESSAGE][PASSED] - Tapped and held on element 'Object Repository/Mobile/Page/Portfolio/Item - Top Mutual Fund' with duration 1

2022-01-05 08:32:30 - [TEST_STEP][PASSED] - delay(2): Delayed 2 second(s)

2022-01-05 08:32:32 - [MESSAGE][PASSED] - Delayed 2 second(s)

2022-01-05 08:32:32 - [TEST_STEP][PASSED] - switch (action2): null

2022-01-05 08:32:32 - [TEST_STEP][PASSED] - delay(3): Delayed 3 second(s)

2022-01-05 08:32:35 - [MESSAGE][PASSED] - Delayed 3 second(s)

2022-01-05 08:32:35 - [TEST_STEP][PASSED] - scroll.scroll.scrollScreenBottomToTop(): scroll.scroll.scrollScreenBottomToTop is PASSED

2022-01-05 08:32:35 - [MESSAGE][PASSED] - Current device physical height is 1423

2022-01-05 08:32:36 - [MESSAGE][PASSED] - Current device physical width is 720

2022-01-05 08:32:37 - [MESSAGE][PASSED] - Swiped from 360,1,138 to 360,284

2022-01-05 08:32:37 - [MESSAGE][PASSED] - scroll.scroll.scrollScreenBottomToTop is PASSED

2022-01-05 08:32:37 - [MESSAGE][PASSED] - Call Test Case 'Test Cases/Mobile/Page/Portfolio/Portfolio' successfully

2022-01-05 08:32:37 - [TEST_STEP][PASSED] - callTestCase(findTestCase("Mobile/Page/Run App/Terminate App"), [:], STOP_ON_FAILURE): Call Test Case 'Test Cases/Mobile/Page/Run App/Terminate App' successfully

2022-01-05 08:32:37 - [TEST_CASE][PASSED] - Test Cases/Mobile/Page/Run App/Terminate App: Test Cases/Mobile/Page/Run App/Terminate App

2022-01-05 08:32:37 - [TEST_STEP][PASSED] - startApp.OpenApp.terminateApplication(): startApp.OpenApp.terminateApplication is PASSED

2022-01-05 08:32:40 - [MESSAGE][PASSED] - Delayed 3 second(s)

2022-01-05 08:32:40 - [MESSAGE][PASSED] - Current device physical width is 720

2022-01-05 08:32:41 - [MESSAGE][PASSED] - Current device physical height is 1423

2022-01-05 08:32:42 - [MESSAGE][PASSED] - Swiped from 360,853 to 360,142

2022-01-05 08:32:43 - [MESSAGE][PASSED] - Delayed 1 second(s)

2022-01-05 08:32:44 - [MESSAGE][PASSED] - Swiped from 360,853 to 360,142

2022-01-05 08:32:47 - [MESSAGE][PASSED] - Delayed 3 second(s)

2022-01-05 08:32:47 - [MESSAGE][PASSED] - startApp.OpenApp.terminateApplication is PASSED

2022-01-05 08:32:47 - [MESSAGE][PASSED] - Call Test Case 'Test Cases/Mobile/Page/Run App/Terminate App' successfully]]></system-out>
         <system-err><![CDATA[]]></system-err>
      </testcase>
      <testcase name="Test Cases/Mobile/Scenario/Portfolio/012 - Melihat list bond" time="61.013" classname="Test Cases/Mobile/Scenario/Portfolio/012 - Melihat list bond" status="PASSED">
         <system-out><![CDATA[2022-01-05 08:32:47 - [TEST_CASE][PASSED] - Test Cases/Mobile/Scenario/Portfolio/012 - Melihat list bond: Test Cases/Mobile/Scenario/Portfolio/012 - Melihat list bond

2022-01-05 08:32:48 - [TEST_STEP][PASSED] - callTestCase(findTestCase("Mobile/Page/Run App/Run App byID"), [:], STOP_ON_FAILURE): Call Test Case 'Test Cases/Mobile/Page/Run App/Run App byID' successfully

2022-01-05 08:32:48 - [TEST_CASE][PASSED] - Test Cases/Mobile/Page/Run App/Run App byID: Test Cases/Mobile/Page/Run App/Run App byID

2022-01-05 08:32:48 - [TEST_STEP][PASSED] - startApp.OpenApp.startApplication("id.co.miraeasset.sageclub"): startApp.OpenApp.startApplication is PASSED

2022-01-05 08:33:02 - [MESSAGE][PASSED] - Starting app with application ID: 'id.co.miraeasset.sageclub'

2022-01-05 08:33:02 - [MESSAGE][PASSED] - startApp.OpenApp.startApplication is PASSED

2022-01-05 08:33:02 - [MESSAGE][PASSED] - Call Test Case 'Test Cases/Mobile/Page/Run App/Run App byID' successfully

2022-01-05 08:33:02 - [TEST_STEP][PASSED] - callTestCase(findTestCase("Mobile/Page/Portfolio/Portfolio"), ["tab":"stock", "action":"none"], CONTINUE_ON_FAILURE): Call Test Case 'Test Cases/Mobile/Page/Portfolio/Portfolio' successfully

2022-01-05 08:33:02 - [TEST_CASE][PASSED] - Test Cases/Mobile/Page/Portfolio/Portfolio: Test Cases/Mobile/Page/Portfolio/Portfolio

2022-01-05 08:33:02 - [TEST_STEP][PASSED] - callTestCase(findTestCase("Mobile/Page/CheckLogin"), [:], CONTINUE_ON_FAILURE): Call Test Case 'Test Cases/Mobile/Page/CheckLogin' successfully

2022-01-05 08:33:02 - [TEST_CASE][PASSED] - Test Cases/Mobile/Page/CheckLogin: Test Cases/Mobile/Page/CheckLogin

2022-01-05 08:33:02 - [TEST_STEP][PASSED] - loginCheck = verifyElementExist(LOGN_BtnLogin, 5, CONTINUE_ON_FAILURE): Element 'Object Repository/Mobile/Page/Login/Button - Login' is exist

2022-01-05 08:33:04 - [MESSAGE][PASSED] - Element 'Object Repository/Mobile/Page/Login/Button - Login' is exist

2022-01-05 08:33:04 - [TEST_STEP][PASSED] - if (loginCheck): Call Test Case 'Test Cases/Mobile/Page/Login/Login' successfully

2022-01-05 08:33:04 - [TEST_STEP][PASSED] - callTestCase(findTestCase("Mobile/Page/Login/Login"), ["action":"username"], CONTINUE_ON_FAILURE): Call Test Case 'Test Cases/Mobile/Page/Login/Login' successfully

2022-01-05 08:33:04 - [TEST_CASE][PASSED] - Test Cases/Mobile/Page/Login/Login: Test Cases/Mobile/Page/Login/Login

2022-01-05 08:33:04 - [TEST_STEP][PASSED] - delay(2): Delayed 2 second(s)

2022-01-05 08:33:06 - [MESSAGE][PASSED] - Delayed 2 second(s)

2022-01-05 08:33:06 - [TEST_STEP][PASSED] - for ([i = 0, i < 1, (i++)]): null

2022-01-05 08:33:06 - [TEST_STEP][PASSED] - if (action == "username"): null

2022-01-05 08:33:06 - [TEST_STEP][PASSED] - tap(LOGN_EdtUserID, 0): Tapped on element 'Object Repository/Mobile/Page/Login/Input - UserID'

2022-01-05 08:33:06 - [MESSAGE][WARNING] - Timeout '0' is invalid. Using default page load timeout: '60'

2022-01-05 08:33:07 - [MESSAGE][PASSED] - Tapped on element 'Object Repository/Mobile/Page/Login/Input - UserID'

2022-01-05 08:33:07 - [TEST_STEP][PASSED] - delay(1): Delayed 1 second(s)

2022-01-05 08:33:08 - [MESSAGE][PASSED] - Delayed 1 second(s)

2022-01-05 08:33:08 - [TEST_STEP][PASSED] - setText(LOGN_EdtRdyUserID, "anggaaditya", 0): Text 'anggaaditya' has been set to element 'Object Repository/Mobile/Page/Login/Input Rdy - UserID'

2022-01-05 08:33:08 - [MESSAGE][WARNING] - Timeout '0' is invalid. Using default page load timeout: '60'

2022-01-05 08:33:09 - [MESSAGE][PASSED] - Text 'anggaaditya' has been set to element 'Object Repository/Mobile/Page/Login/Input Rdy - UserID'

2022-01-05 08:33:09 - [TEST_STEP][PASSED] - delay(1): Delayed 1 second(s)

2022-01-05 08:33:10 - [MESSAGE][PASSED] - Delayed 1 second(s)

2022-01-05 08:33:10 - [TEST_STEP][PASSED] - hideKeyboard(): Keyboard is hidden

2022-01-05 08:33:14 - [MESSAGE][PASSED] - Keyboard is hidden

2022-01-05 08:33:14 - [TEST_STEP][PASSED] - tap(LOGN_EdtPassword, 0): Tapped on element 'Object Repository/Mobile/Page/Login/Input - Password'

2022-01-05 08:33:14 - [MESSAGE][WARNING] - Timeout '0' is invalid. Using default page load timeout: '60'

2022-01-05 08:33:15 - [MESSAGE][PASSED] - Tapped on element 'Object Repository/Mobile/Page/Login/Input - Password'

2022-01-05 08:33:15 - [TEST_STEP][PASSED] - delay(1): Delayed 1 second(s)

2022-01-05 08:33:16 - [MESSAGE][PASSED] - Delayed 1 second(s)

2022-01-05 08:33:16 - [TEST_STEP][PASSED] - setText(LOGN_EdtRdyPassword, "Shalawa18", 0): Text 'Shalawa18' has been set to element 'Object Repository/Mobile/Page/Login/Input Rdy - Password'

2022-01-05 08:33:16 - [MESSAGE][WARNING] - Timeout '0' is invalid. Using default page load timeout: '60'

2022-01-05 08:33:17 - [MESSAGE][PASSED] - Text 'Shalawa18' has been set to element 'Object Repository/Mobile/Page/Login/Input Rdy - Password'

2022-01-05 08:33:17 - [TEST_STEP][PASSED] - delay(1): Delayed 1 second(s)

2022-01-05 08:33:18 - [MESSAGE][PASSED] - Delayed 1 second(s)

2022-01-05 08:33:18 - [TEST_STEP][PASSED] - hideKeyboard(): Keyboard is hidden

2022-01-05 08:33:25 - [MESSAGE][PASSED] - Keyboard is hidden

2022-01-05 08:33:25 - [TEST_STEP][PASSED] - tap(LOGN_BtnLogin, 0): Tapped on element 'Object Repository/Mobile/Page/Login/Button - Login'

2022-01-05 08:33:25 - [MESSAGE][WARNING] - Timeout '0' is invalid. Using default page load timeout: '60'

2022-01-05 08:33:26 - [MESSAGE][PASSED] - Tapped on element 'Object Repository/Mobile/Page/Login/Button - Login'

2022-01-05 08:33:26 - [TEST_STEP][PASSED] - delay(2): Delayed 2 second(s)

2022-01-05 08:33:28 - [MESSAGE][PASSED] - Delayed 2 second(s)

2022-01-05 08:33:28 - [TEST_STEP][PASSED] - break: null

2022-01-05 08:33:28 - [MESSAGE][PASSED] - Call Test Case 'Test Cases/Mobile/Page/Login/Login' successfully

2022-01-05 08:33:28 - [MESSAGE][PASSED] - Call Test Case 'Test Cases/Mobile/Page/CheckLogin' successfully

2022-01-05 08:33:28 - [TEST_STEP][PASSED] - tap(HOME_MenubarPortfolio, 0): Tapped on element 'Object Repository/Mobile/Page/Home/Menubar - Portfolio'

2022-01-05 08:33:28 - [MESSAGE][WARNING] - Timeout '0' is invalid. Using default page load timeout: '60'

2022-01-05 08:33:30 - [MESSAGE][PASSED] - Tapped on element 'Object Repository/Mobile/Page/Home/Menubar - Portfolio'

2022-01-05 08:33:30 - [TEST_STEP][PASSED] - delay(1): Delayed 1 second(s)

2022-01-05 08:33:31 - [MESSAGE][PASSED] - Delayed 1 second(s)

2022-01-05 08:33:31 - [TEST_STEP][PASSED] - for ([i = 0, i < 1, (i++)]): Delayed 3 second(s)

2022-01-05 08:33:31 - [TEST_STEP][PASSED] - if (tab == "summary"): null

2022-01-05 08:33:31 - [TEST_STEP][PASSED] - else if (tab == "stock"): Delayed 3 second(s)

2022-01-05 08:33:31 - [TEST_STEP][PASSED] - tap(PORT_TabStock, 0): Tapped on element 'Object Repository/Mobile/Page/Portfolio/Tab - Stock'

2022-01-05 08:33:31 - [MESSAGE][WARNING] - Timeout '0' is invalid. Using default page load timeout: '60'

2022-01-05 08:33:33 - [MESSAGE][PASSED] - Tapped on element 'Object Repository/Mobile/Page/Portfolio/Tab - Stock'

2022-01-05 08:33:33 - [TEST_STEP][PASSED] - scroll.scroll.scrollScreenBottomToTop(): scroll.scroll.scrollScreenBottomToTop is PASSED

2022-01-05 08:33:33 - [MESSAGE][PASSED] - Current device physical height is 1423

2022-01-05 08:33:34 - [MESSAGE][PASSED] - Current device physical width is 720

2022-01-05 08:33:35 - [MESSAGE][PASSED] - Swiped from 360,1,138 to 360,284

2022-01-05 08:33:35 - [MESSAGE][PASSED] - scroll.scroll.scrollScreenBottomToTop is PASSED

2022-01-05 08:33:35 - [TEST_STEP][PASSED] - delay(3): Delayed 3 second(s)

2022-01-05 08:33:38 - [MESSAGE][PASSED] - Delayed 3 second(s)

2022-01-05 08:33:38 - [MESSAGE][PASSED] - Call Test Case 'Test Cases/Mobile/Page/Portfolio/Portfolio' successfully

2022-01-05 08:33:38 - [TEST_STEP][PASSED] - callTestCase(findTestCase("Mobile/Page/Run App/Terminate App"), [:], STOP_ON_FAILURE): Call Test Case 'Test Cases/Mobile/Page/Run App/Terminate App' successfully

2022-01-05 08:33:38 - [TEST_CASE][PASSED] - Test Cases/Mobile/Page/Run App/Terminate App: Test Cases/Mobile/Page/Run App/Terminate App

2022-01-05 08:33:38 - [TEST_STEP][PASSED] - startApp.OpenApp.terminateApplication(): startApp.OpenApp.terminateApplication is PASSED

2022-01-05 08:33:41 - [MESSAGE][PASSED] - Delayed 3 second(s)

2022-01-05 08:33:41 - [MESSAGE][PASSED] - Current device physical width is 720

2022-01-05 08:33:42 - [MESSAGE][PASSED] - Current device physical height is 1423

2022-01-05 08:33:43 - [MESSAGE][PASSED] - Swiped from 360,853 to 360,142

2022-01-05 08:33:44 - [MESSAGE][PASSED] - Delayed 1 second(s)

2022-01-05 08:33:45 - [MESSAGE][PASSED] - Swiped from 360,853 to 360,142

2022-01-05 08:33:48 - [MESSAGE][PASSED] - Delayed 3 second(s)

2022-01-05 08:33:48 - [MESSAGE][PASSED] - startApp.OpenApp.terminateApplication is PASSED

2022-01-05 08:33:48 - [MESSAGE][PASSED] - Call Test Case 'Test Cases/Mobile/Page/Run App/Terminate App' successfully]]></system-out>
         <system-err><![CDATA[]]></system-err>
      </testcase>
      <testcase name="Test Cases/Mobile/Scenario/Portfolio/013 - Melihat detail mutual fund 1 month" time="68.524" classname="Test Cases/Mobile/Scenario/Portfolio/013 - Melihat detail mutual fund 1 month" status="PASSED">
         <system-out><![CDATA[2022-01-05 08:33:48 - [TEST_CASE][PASSED] - Test Cases/Mobile/Scenario/Portfolio/013 - Melihat detail mutual fund 1 month: Test Cases/Mobile/Scenario/Portfolio/013 - Melihat detail mutual fund 1 month

2022-01-05 08:33:49 - [TEST_STEP][PASSED] - callTestCase(findTestCase("Mobile/Page/Run App/Run App byID"), [:], STOP_ON_FAILURE): Call Test Case 'Test Cases/Mobile/Page/Run App/Run App byID' successfully

2022-01-05 08:33:49 - [TEST_CASE][PASSED] - Test Cases/Mobile/Page/Run App/Run App byID: Test Cases/Mobile/Page/Run App/Run App byID

2022-01-05 08:33:49 - [TEST_STEP][PASSED] - startApp.OpenApp.startApplication("id.co.miraeasset.sageclub"): startApp.OpenApp.startApplication is PASSED

2022-01-05 08:34:03 - [MESSAGE][PASSED] - Starting app with application ID: 'id.co.miraeasset.sageclub'

2022-01-05 08:34:03 - [MESSAGE][PASSED] - startApp.OpenApp.startApplication is PASSED

2022-01-05 08:34:03 - [MESSAGE][PASSED] - Call Test Case 'Test Cases/Mobile/Page/Run App/Run App byID' successfully

2022-01-05 08:34:03 - [TEST_STEP][PASSED] - callTestCase(findTestCase("Mobile/Page/Portfolio/Portfolio"), ["tab":"mutualfund", "action2":"1 month"], CONTINUE_ON_FAILURE): Call Test Case 'Test Cases/Mobile/Page/Portfolio/Portfolio' successfully

2022-01-05 08:34:03 - [TEST_CASE][PASSED] - Test Cases/Mobile/Page/Portfolio/Portfolio: Test Cases/Mobile/Page/Portfolio/Portfolio

2022-01-05 08:34:03 - [TEST_STEP][PASSED] - callTestCase(findTestCase("Mobile/Page/CheckLogin"), [:], CONTINUE_ON_FAILURE): Call Test Case 'Test Cases/Mobile/Page/CheckLogin' successfully

2022-01-05 08:34:03 - [TEST_CASE][PASSED] - Test Cases/Mobile/Page/CheckLogin: Test Cases/Mobile/Page/CheckLogin

2022-01-05 08:34:03 - [TEST_STEP][PASSED] - loginCheck = verifyElementExist(LOGN_BtnLogin, 5, CONTINUE_ON_FAILURE): Element 'Object Repository/Mobile/Page/Login/Button - Login' is exist

2022-01-05 08:34:05 - [MESSAGE][PASSED] - Element 'Object Repository/Mobile/Page/Login/Button - Login' is exist

2022-01-05 08:34:05 - [TEST_STEP][PASSED] - if (loginCheck): Call Test Case 'Test Cases/Mobile/Page/Login/Login' successfully

2022-01-05 08:34:05 - [TEST_STEP][PASSED] - callTestCase(findTestCase("Mobile/Page/Login/Login"), ["action":"username"], CONTINUE_ON_FAILURE): Call Test Case 'Test Cases/Mobile/Page/Login/Login' successfully

2022-01-05 08:34:05 - [TEST_CASE][PASSED] - Test Cases/Mobile/Page/Login/Login: Test Cases/Mobile/Page/Login/Login

2022-01-05 08:34:05 - [TEST_STEP][PASSED] - delay(2): Delayed 2 second(s)

2022-01-05 08:34:07 - [MESSAGE][PASSED] - Delayed 2 second(s)

2022-01-05 08:34:07 - [TEST_STEP][PASSED] - for ([i = 0, i < 1, (i++)]): null

2022-01-05 08:34:07 - [TEST_STEP][PASSED] - if (action == "username"): null

2022-01-05 08:34:07 - [TEST_STEP][PASSED] - tap(LOGN_EdtUserID, 0): Tapped on element 'Object Repository/Mobile/Page/Login/Input - UserID'

2022-01-05 08:34:07 - [MESSAGE][WARNING] - Timeout '0' is invalid. Using default page load timeout: '60'

2022-01-05 08:34:08 - [MESSAGE][PASSED] - Tapped on element 'Object Repository/Mobile/Page/Login/Input - UserID'

2022-01-05 08:34:08 - [TEST_STEP][PASSED] - delay(1): Delayed 1 second(s)

2022-01-05 08:34:09 - [MESSAGE][PASSED] - Delayed 1 second(s)

2022-01-05 08:34:09 - [TEST_STEP][PASSED] - setText(LOGN_EdtRdyUserID, "anggaaditya", 0): Text 'anggaaditya' has been set to element 'Object Repository/Mobile/Page/Login/Input Rdy - UserID'

2022-01-05 08:34:09 - [MESSAGE][WARNING] - Timeout '0' is invalid. Using default page load timeout: '60'

2022-01-05 08:34:10 - [MESSAGE][PASSED] - Text 'anggaaditya' has been set to element 'Object Repository/Mobile/Page/Login/Input Rdy - UserID'

2022-01-05 08:34:10 - [TEST_STEP][PASSED] - delay(1): Delayed 1 second(s)

2022-01-05 08:34:11 - [MESSAGE][PASSED] - Delayed 1 second(s)

2022-01-05 08:34:11 - [TEST_STEP][PASSED] - hideKeyboard(): Keyboard is hidden

2022-01-05 08:34:15 - [MESSAGE][PASSED] - Keyboard is hidden

2022-01-05 08:34:15 - [TEST_STEP][PASSED] - tap(LOGN_EdtPassword, 0): Tapped on element 'Object Repository/Mobile/Page/Login/Input - Password'

2022-01-05 08:34:15 - [MESSAGE][WARNING] - Timeout '0' is invalid. Using default page load timeout: '60'

2022-01-05 08:34:15 - [MESSAGE][PASSED] - Tapped on element 'Object Repository/Mobile/Page/Login/Input - Password'

2022-01-05 08:34:15 - [TEST_STEP][PASSED] - delay(1): Delayed 1 second(s)

2022-01-05 08:34:16 - [MESSAGE][PASSED] - Delayed 1 second(s)

2022-01-05 08:34:16 - [TEST_STEP][PASSED] - setText(LOGN_EdtRdyPassword, "Shalawa18", 0): Text 'Shalawa18' has been set to element 'Object Repository/Mobile/Page/Login/Input Rdy - Password'

2022-01-05 08:34:16 - [MESSAGE][WARNING] - Timeout '0' is invalid. Using default page load timeout: '60'

2022-01-05 08:34:17 - [MESSAGE][PASSED] - Text 'Shalawa18' has been set to element 'Object Repository/Mobile/Page/Login/Input Rdy - Password'

2022-01-05 08:34:17 - [TEST_STEP][PASSED] - delay(1): Delayed 1 second(s)

2022-01-05 08:34:18 - [MESSAGE][PASSED] - Delayed 1 second(s)

2022-01-05 08:34:18 - [TEST_STEP][PASSED] - hideKeyboard(): Keyboard is hidden

2022-01-05 08:34:25 - [MESSAGE][PASSED] - Keyboard is hidden

2022-01-05 08:34:25 - [TEST_STEP][PASSED] - tap(LOGN_BtnLogin, 0): Tapped on element 'Object Repository/Mobile/Page/Login/Button - Login'

2022-01-05 08:34:25 - [MESSAGE][WARNING] - Timeout '0' is invalid. Using default page load timeout: '60'

2022-01-05 08:34:26 - [MESSAGE][PASSED] - Tapped on element 'Object Repository/Mobile/Page/Login/Button - Login'

2022-01-05 08:34:26 - [TEST_STEP][PASSED] - delay(2): Delayed 2 second(s)

2022-01-05 08:34:28 - [MESSAGE][PASSED] - Delayed 2 second(s)

2022-01-05 08:34:28 - [TEST_STEP][PASSED] - break: null

2022-01-05 08:34:28 - [MESSAGE][PASSED] - Call Test Case 'Test Cases/Mobile/Page/Login/Login' successfully

2022-01-05 08:34:28 - [MESSAGE][PASSED] - Call Test Case 'Test Cases/Mobile/Page/CheckLogin' successfully

2022-01-05 08:34:28 - [TEST_STEP][PASSED] - tap(HOME_MenubarPortfolio, 0): Tapped on element 'Object Repository/Mobile/Page/Home/Menubar - Portfolio'

2022-01-05 08:34:28 - [MESSAGE][WARNING] - Timeout '0' is invalid. Using default page load timeout: '60'

2022-01-05 08:34:29 - [MESSAGE][PASSED] - Tapped on element 'Object Repository/Mobile/Page/Home/Menubar - Portfolio'

2022-01-05 08:34:29 - [TEST_STEP][PASSED] - delay(1): Delayed 1 second(s)

2022-01-05 08:34:30 - [MESSAGE][PASSED] - Delayed 1 second(s)

2022-01-05 08:34:30 - [TEST_STEP][PASSED] - for ([i = 0, i < 1, (i++)]): scroll.scroll.scrollScreenBottomToTop is PASSED

2022-01-05 08:34:30 - [TEST_STEP][PASSED] - if (tab == "summary"): null

2022-01-05 08:34:30 - [TEST_STEP][PASSED] - else if (tab == "stock"): null

2022-01-05 08:34:30 - [TEST_STEP][PASSED] - else if (tab == "mutualfund"): scroll.scroll.scrollScreenBottomToTop is PASSED

2022-01-05 08:34:30 - [TEST_STEP][PASSED] - tap(PORT_TabMutualFund, 0): Tapped on element 'Object Repository/Mobile/Page/Portfolio/Tab - Mutual Fund'

2022-01-05 08:34:30 - [MESSAGE][WARNING] - Timeout '0' is invalid. Using default page load timeout: '60'

2022-01-05 08:34:32 - [MESSAGE][PASSED] - Tapped on element 'Object Repository/Mobile/Page/Portfolio/Tab - Mutual Fund'

2022-01-05 08:34:32 - [TEST_STEP][PASSED] - delay(1): Delayed 1 second(s)

2022-01-05 08:34:33 - [MESSAGE][PASSED] - Delayed 1 second(s)

2022-01-05 08:34:33 - [TEST_STEP][PASSED] - try: scroll.scroll.scrollScreenBottomToTop is PASSED

2022-01-05 08:34:33 - [TEST_STEP][PASSED] - tapAndHold(PORT_ItemTopMutualFund, 1, 10): Tapped and held on element 'Object Repository/Mobile/Page/Portfolio/Item - Top Mutual Fund' with duration 1

2022-01-05 08:34:37 - [MESSAGE][PASSED] - Tapped and held on element 'Object Repository/Mobile/Page/Portfolio/Item - Top Mutual Fund' with duration 1

2022-01-05 08:34:37 - [TEST_STEP][PASSED] - delay(2): Delayed 2 second(s)

2022-01-05 08:34:39 - [MESSAGE][PASSED] - Delayed 2 second(s)

2022-01-05 08:34:39 - [TEST_STEP][PASSED] - switch (action2): null

2022-01-05 08:34:39 - [TEST_STEP][PASSED] - case "1 month":: null

2022-01-05 08:34:39 - [TEST_STEP][PASSED] - tapAndHold(PORT_DETL_Btn1Month, 1, 0): Tapped and held on element 'Object Repository/Mobile/Page/Portfolio/Detail Mutual Funds/Button - 1 Month' with duration 1

2022-01-05 08:34:39 - [MESSAGE][WARNING] - Timeout '0' is invalid. Using default page load timeout: '60'

2022-01-05 08:34:42 - [MESSAGE][PASSED] - Tapped and held on element 'Object Repository/Mobile/Page/Portfolio/Detail Mutual Funds/Button - 1 Month' with duration 1

2022-01-05 08:34:42 - [TEST_STEP][PASSED] - break: null

2022-01-05 08:34:42 - [TEST_STEP][PASSED] - delay(3): Delayed 3 second(s)

2022-01-05 08:34:45 - [MESSAGE][PASSED] - Delayed 3 second(s)

2022-01-05 08:34:45 - [TEST_STEP][PASSED] - scroll.scroll.scrollScreenBottomToTop(): scroll.scroll.scrollScreenBottomToTop is PASSED

2022-01-05 08:34:45 - [MESSAGE][PASSED] - Current device physical height is 1423

2022-01-05 08:34:45 - [MESSAGE][PASSED] - Current device physical width is 720

2022-01-05 08:34:47 - [MESSAGE][PASSED] - Swiped from 360,1,138 to 360,284

2022-01-05 08:34:47 - [MESSAGE][PASSED] - scroll.scroll.scrollScreenBottomToTop is PASSED

2022-01-05 08:34:47 - [MESSAGE][PASSED] - Call Test Case 'Test Cases/Mobile/Page/Portfolio/Portfolio' successfully

2022-01-05 08:34:47 - [TEST_STEP][PASSED] - callTestCase(findTestCase("Mobile/Page/Run App/Terminate App"), [:], STOP_ON_FAILURE): Call Test Case 'Test Cases/Mobile/Page/Run App/Terminate App' successfully

2022-01-05 08:34:47 - [TEST_CASE][PASSED] - Test Cases/Mobile/Page/Run App/Terminate App: Test Cases/Mobile/Page/Run App/Terminate App

2022-01-05 08:34:47 - [TEST_STEP][PASSED] - startApp.OpenApp.terminateApplication(): startApp.OpenApp.terminateApplication is PASSED

2022-01-05 08:34:50 - [MESSAGE][PASSED] - Delayed 3 second(s)

2022-01-05 08:34:50 - [MESSAGE][PASSED] - Current device physical width is 720

2022-01-05 08:34:50 - [MESSAGE][PASSED] - Current device physical height is 1423

2022-01-05 08:34:52 - [MESSAGE][PASSED] - Swiped from 360,853 to 360,142

2022-01-05 08:34:53 - [MESSAGE][PASSED] - Delayed 1 second(s)

2022-01-05 08:34:54 - [MESSAGE][PASSED] - Swiped from 360,853 to 360,142

2022-01-05 08:34:57 - [MESSAGE][PASSED] - Delayed 3 second(s)

2022-01-05 08:34:57 - [MESSAGE][PASSED] - startApp.OpenApp.terminateApplication is PASSED

2022-01-05 08:34:57 - [MESSAGE][PASSED] - Call Test Case 'Test Cases/Mobile/Page/Run App/Terminate App' successfully]]></system-out>
         <system-err><![CDATA[]]></system-err>
      </testcase>
      <testcase name="Test Cases/Mobile/Scenario/Portfolio/014 - Melihat detail mutual fund 3 month" time="66.06" classname="Test Cases/Mobile/Scenario/Portfolio/014 - Melihat detail mutual fund 3 month" status="PASSED">
         <system-out><![CDATA[2022-01-05 08:34:57 - [TEST_CASE][PASSED] - Test Cases/Mobile/Scenario/Portfolio/014 - Melihat detail mutual fund 3 month: Test Cases/Mobile/Scenario/Portfolio/014 - Melihat detail mutual fund 3 month

2022-01-05 08:34:58 - [TEST_STEP][PASSED] - callTestCase(findTestCase("Mobile/Page/Run App/Run App byID"), [:], STOP_ON_FAILURE): Call Test Case 'Test Cases/Mobile/Page/Run App/Run App byID' successfully

2022-01-05 08:34:58 - [TEST_CASE][PASSED] - Test Cases/Mobile/Page/Run App/Run App byID: Test Cases/Mobile/Page/Run App/Run App byID

2022-01-05 08:34:58 - [TEST_STEP][PASSED] - startApp.OpenApp.startApplication("id.co.miraeasset.sageclub"): startApp.OpenApp.startApplication is PASSED

2022-01-05 08:35:11 - [MESSAGE][PASSED] - Starting app with application ID: 'id.co.miraeasset.sageclub'

2022-01-05 08:35:11 - [MESSAGE][PASSED] - startApp.OpenApp.startApplication is PASSED

2022-01-05 08:35:11 - [MESSAGE][PASSED] - Call Test Case 'Test Cases/Mobile/Page/Run App/Run App byID' successfully

2022-01-05 08:35:11 - [TEST_STEP][PASSED] - callTestCase(findTestCase("Mobile/Page/Portfolio/Portfolio"), ["tab":"mutualfund", "action2":"3 month"], CONTINUE_ON_FAILURE): Call Test Case 'Test Cases/Mobile/Page/Portfolio/Portfolio' successfully

2022-01-05 08:35:11 - [TEST_CASE][PASSED] - Test Cases/Mobile/Page/Portfolio/Portfolio: Test Cases/Mobile/Page/Portfolio/Portfolio

2022-01-05 08:35:11 - [TEST_STEP][PASSED] - callTestCase(findTestCase("Mobile/Page/CheckLogin"), [:], CONTINUE_ON_FAILURE): Call Test Case 'Test Cases/Mobile/Page/CheckLogin' successfully

2022-01-05 08:35:12 - [TEST_CASE][PASSED] - Test Cases/Mobile/Page/CheckLogin: Test Cases/Mobile/Page/CheckLogin

2022-01-05 08:35:12 - [TEST_STEP][PASSED] - loginCheck = verifyElementExist(LOGN_BtnLogin, 5, CONTINUE_ON_FAILURE): Element 'Object Repository/Mobile/Page/Login/Button - Login' is exist

2022-01-05 08:35:13 - [MESSAGE][PASSED] - Element 'Object Repository/Mobile/Page/Login/Button - Login' is exist

2022-01-05 08:35:13 - [TEST_STEP][PASSED] - if (loginCheck): Call Test Case 'Test Cases/Mobile/Page/Login/Login' successfully

2022-01-05 08:35:13 - [TEST_STEP][PASSED] - callTestCase(findTestCase("Mobile/Page/Login/Login"), ["action":"username"], CONTINUE_ON_FAILURE): Call Test Case 'Test Cases/Mobile/Page/Login/Login' successfully

2022-01-05 08:35:13 - [TEST_CASE][PASSED] - Test Cases/Mobile/Page/Login/Login: Test Cases/Mobile/Page/Login/Login

2022-01-05 08:35:13 - [TEST_STEP][PASSED] - delay(2): Delayed 2 second(s)

2022-01-05 08:35:15 - [MESSAGE][PASSED] - Delayed 2 second(s)

2022-01-05 08:35:15 - [TEST_STEP][PASSED] - for ([i = 0, i < 1, (i++)]): null

2022-01-05 08:35:15 - [TEST_STEP][PASSED] - if (action == "username"): null

2022-01-05 08:35:15 - [TEST_STEP][PASSED] - tap(LOGN_EdtUserID, 0): Tapped on element 'Object Repository/Mobile/Page/Login/Input - UserID'

2022-01-05 08:35:15 - [MESSAGE][WARNING] - Timeout '0' is invalid. Using default page load timeout: '60'

2022-01-05 08:35:16 - [MESSAGE][PASSED] - Tapped on element 'Object Repository/Mobile/Page/Login/Input - UserID'

2022-01-05 08:35:16 - [TEST_STEP][PASSED] - delay(1): Delayed 1 second(s)

2022-01-05 08:35:17 - [MESSAGE][PASSED] - Delayed 1 second(s)

2022-01-05 08:35:17 - [TEST_STEP][PASSED] - setText(LOGN_EdtRdyUserID, "anggaaditya", 0): Text 'anggaaditya' has been set to element 'Object Repository/Mobile/Page/Login/Input Rdy - UserID'

2022-01-05 08:35:17 - [MESSAGE][WARNING] - Timeout '0' is invalid. Using default page load timeout: '60'

2022-01-05 08:35:18 - [MESSAGE][PASSED] - Text 'anggaaditya' has been set to element 'Object Repository/Mobile/Page/Login/Input Rdy - UserID'

2022-01-05 08:35:18 - [TEST_STEP][PASSED] - delay(1): Delayed 1 second(s)

2022-01-05 08:35:19 - [MESSAGE][PASSED] - Delayed 1 second(s)

2022-01-05 08:35:19 - [TEST_STEP][PASSED] - hideKeyboard(): Keyboard is hidden

2022-01-05 08:35:22 - [MESSAGE][PASSED] - Keyboard is hidden

2022-01-05 08:35:22 - [TEST_STEP][PASSED] - tap(LOGN_EdtPassword, 0): Tapped on element 'Object Repository/Mobile/Page/Login/Input - Password'

2022-01-05 08:35:22 - [MESSAGE][WARNING] - Timeout '0' is invalid. Using default page load timeout: '60'

2022-01-05 08:35:23 - [MESSAGE][PASSED] - Tapped on element 'Object Repository/Mobile/Page/Login/Input - Password'

2022-01-05 08:35:23 - [TEST_STEP][PASSED] - delay(1): Delayed 1 second(s)

2022-01-05 08:35:24 - [MESSAGE][PASSED] - Delayed 1 second(s)

2022-01-05 08:35:24 - [TEST_STEP][PASSED] - setText(LOGN_EdtRdyPassword, "Shalawa18", 0): Text 'Shalawa18' has been set to element 'Object Repository/Mobile/Page/Login/Input Rdy - Password'

2022-01-05 08:35:24 - [MESSAGE][WARNING] - Timeout '0' is invalid. Using default page load timeout: '60'

2022-01-05 08:35:24 - [MESSAGE][PASSED] - Text 'Shalawa18' has been set to element 'Object Repository/Mobile/Page/Login/Input Rdy - Password'

2022-01-05 08:35:24 - [TEST_STEP][PASSED] - delay(1): Delayed 1 second(s)

2022-01-05 08:35:25 - [MESSAGE][PASSED] - Delayed 1 second(s)

2022-01-05 08:35:25 - [TEST_STEP][PASSED] - hideKeyboard(): Keyboard is hidden

2022-01-05 08:35:32 - [MESSAGE][PASSED] - Keyboard is hidden

2022-01-05 08:35:32 - [TEST_STEP][PASSED] - tap(LOGN_BtnLogin, 0): Tapped on element 'Object Repository/Mobile/Page/Login/Button - Login'

2022-01-05 08:35:32 - [MESSAGE][WARNING] - Timeout '0' is invalid. Using default page load timeout: '60'

2022-01-05 08:35:33 - [MESSAGE][PASSED] - Tapped on element 'Object Repository/Mobile/Page/Login/Button - Login'

2022-01-05 08:35:33 - [TEST_STEP][PASSED] - delay(2): Delayed 2 second(s)

2022-01-05 08:35:35 - [MESSAGE][PASSED] - Delayed 2 second(s)

2022-01-05 08:35:35 - [TEST_STEP][PASSED] - break: null

2022-01-05 08:35:35 - [MESSAGE][PASSED] - Call Test Case 'Test Cases/Mobile/Page/Login/Login' successfully

2022-01-05 08:35:35 - [MESSAGE][PASSED] - Call Test Case 'Test Cases/Mobile/Page/CheckLogin' successfully

2022-01-05 08:35:35 - [TEST_STEP][PASSED] - tap(HOME_MenubarPortfolio, 0): Tapped on element 'Object Repository/Mobile/Page/Home/Menubar - Portfolio'

2022-01-05 08:35:35 - [MESSAGE][WARNING] - Timeout '0' is invalid. Using default page load timeout: '60'

2022-01-05 08:35:36 - [MESSAGE][PASSED] - Tapped on element 'Object Repository/Mobile/Page/Home/Menubar - Portfolio'

2022-01-05 08:35:36 - [TEST_STEP][PASSED] - delay(1): Delayed 1 second(s)

2022-01-05 08:35:37 - [MESSAGE][PASSED] - Delayed 1 second(s)

2022-01-05 08:35:37 - [TEST_STEP][PASSED] - for ([i = 0, i < 1, (i++)]): scroll.scroll.scrollScreenBottomToTop is PASSED

2022-01-05 08:35:37 - [TEST_STEP][PASSED] - if (tab == "summary"): null

2022-01-05 08:35:37 - [TEST_STEP][PASSED] - else if (tab == "stock"): null

2022-01-05 08:35:37 - [TEST_STEP][PASSED] - else if (tab == "mutualfund"): scroll.scroll.scrollScreenBottomToTop is PASSED

2022-01-05 08:35:37 - [TEST_STEP][PASSED] - tap(PORT_TabMutualFund, 0): Tapped on element 'Object Repository/Mobile/Page/Portfolio/Tab - Mutual Fund'

2022-01-05 08:35:37 - [MESSAGE][WARNING] - Timeout '0' is invalid. Using default page load timeout: '60'

2022-01-05 08:35:39 - [MESSAGE][PASSED] - Tapped on element 'Object Repository/Mobile/Page/Portfolio/Tab - Mutual Fund'

2022-01-05 08:35:39 - [TEST_STEP][PASSED] - delay(1): Delayed 1 second(s)

2022-01-05 08:35:40 - [MESSAGE][PASSED] - Delayed 1 second(s)

2022-01-05 08:35:40 - [TEST_STEP][PASSED] - try: scroll.scroll.scrollScreenBottomToTop is PASSED

2022-01-05 08:35:40 - [TEST_STEP][PASSED] - tapAndHold(PORT_ItemTopMutualFund, 1, 10): Tapped and held on element 'Object Repository/Mobile/Page/Portfolio/Item - Top Mutual Fund' with duration 1

2022-01-05 08:35:43 - [MESSAGE][PASSED] - Tapped and held on element 'Object Repository/Mobile/Page/Portfolio/Item - Top Mutual Fund' with duration 1

2022-01-05 08:35:43 - [TEST_STEP][PASSED] - delay(2): Delayed 2 second(s)

2022-01-05 08:35:45 - [MESSAGE][PASSED] - Delayed 2 second(s)

2022-01-05 08:35:45 - [TEST_STEP][PASSED] - switch (action2): null

2022-01-05 08:35:45 - [TEST_STEP][PASSED] - case "3 month":: null

2022-01-05 08:35:45 - [TEST_STEP][PASSED] - tapAndHold(PORT_DETL_Btn3Month, 1, 0): Tapped and held on element 'Object Repository/Mobile/Page/Portfolio/Detail Mutual Funds/Button - 3 Month' with duration 1

2022-01-05 08:35:45 - [MESSAGE][WARNING] - Timeout '0' is invalid. Using default page load timeout: '60'

2022-01-05 08:35:48 - [MESSAGE][PASSED] - Tapped and held on element 'Object Repository/Mobile/Page/Portfolio/Detail Mutual Funds/Button - 3 Month' with duration 1

2022-01-05 08:35:48 - [TEST_STEP][PASSED] - break: null

2022-01-05 08:35:48 - [TEST_STEP][PASSED] - delay(3): Delayed 3 second(s)

2022-01-05 08:35:51 - [MESSAGE][PASSED] - Delayed 3 second(s)

2022-01-05 08:35:51 - [TEST_STEP][PASSED] - scroll.scroll.scrollScreenBottomToTop(): scroll.scroll.scrollScreenBottomToTop is PASSED

2022-01-05 08:35:51 - [MESSAGE][PASSED] - Current device physical height is 1423

2022-01-05 08:35:51 - [MESSAGE][PASSED] - Current device physical width is 720

2022-01-05 08:35:53 - [MESSAGE][PASSED] - Swiped from 360,1,138 to 360,284

2022-01-05 08:35:53 - [MESSAGE][PASSED] - scroll.scroll.scrollScreenBottomToTop is PASSED

2022-01-05 08:35:53 - [MESSAGE][PASSED] - Call Test Case 'Test Cases/Mobile/Page/Portfolio/Portfolio' successfully

2022-01-05 08:35:53 - [TEST_STEP][PASSED] - callTestCase(findTestCase("Mobile/Page/Run App/Terminate App"), [:], STOP_ON_FAILURE): Call Test Case 'Test Cases/Mobile/Page/Run App/Terminate App' successfully

2022-01-05 08:35:53 - [TEST_CASE][PASSED] - Test Cases/Mobile/Page/Run App/Terminate App: Test Cases/Mobile/Page/Run App/Terminate App

2022-01-05 08:35:53 - [TEST_STEP][PASSED] - startApp.OpenApp.terminateApplication(): startApp.OpenApp.terminateApplication is PASSED

2022-01-05 08:35:56 - [MESSAGE][PASSED] - Delayed 3 second(s)

2022-01-05 08:35:56 - [MESSAGE][PASSED] - Current device physical width is 720

2022-01-05 08:35:56 - [MESSAGE][PASSED] - Current device physical height is 1423

2022-01-05 08:35:58 - [MESSAGE][PASSED] - Swiped from 360,853 to 360,142

2022-01-05 08:35:59 - [MESSAGE][PASSED] - Delayed 1 second(s)

2022-01-05 08:36:00 - [MESSAGE][PASSED] - Swiped from 360,853 to 360,142

2022-01-05 08:36:03 - [MESSAGE][PASSED] - Delayed 3 second(s)

2022-01-05 08:36:03 - [MESSAGE][PASSED] - startApp.OpenApp.terminateApplication is PASSED

2022-01-05 08:36:03 - [MESSAGE][PASSED] - Call Test Case 'Test Cases/Mobile/Page/Run App/Terminate App' successfully]]></system-out>
         <system-err><![CDATA[]]></system-err>
      </testcase>
      <testcase name="Test Cases/Mobile/Scenario/Portfolio/015 - Melihat detail mutual fund 6 month" time="65.857" classname="Test Cases/Mobile/Scenario/Portfolio/015 - Melihat detail mutual fund 6 month" status="PASSED">
         <system-out><![CDATA[2022-01-05 08:36:03 - [TEST_CASE][PASSED] - Test Cases/Mobile/Scenario/Portfolio/015 - Melihat detail mutual fund 6 month: Test Cases/Mobile/Scenario/Portfolio/015 - Melihat detail mutual fund 6 month

2022-01-05 08:36:04 - [TEST_STEP][PASSED] - callTestCase(findTestCase("Mobile/Page/Run App/Run App byID"), [:], STOP_ON_FAILURE): Call Test Case 'Test Cases/Mobile/Page/Run App/Run App byID' successfully

2022-01-05 08:36:04 - [TEST_CASE][PASSED] - Test Cases/Mobile/Page/Run App/Run App byID: Test Cases/Mobile/Page/Run App/Run App byID

2022-01-05 08:36:04 - [TEST_STEP][PASSED] - startApp.OpenApp.startApplication("id.co.miraeasset.sageclub"): startApp.OpenApp.startApplication is PASSED

2022-01-05 08:36:18 - [MESSAGE][PASSED] - Starting app with application ID: 'id.co.miraeasset.sageclub'

2022-01-05 08:36:18 - [MESSAGE][PASSED] - startApp.OpenApp.startApplication is PASSED

2022-01-05 08:36:18 - [MESSAGE][PASSED] - Call Test Case 'Test Cases/Mobile/Page/Run App/Run App byID' successfully

2022-01-05 08:36:18 - [TEST_STEP][PASSED] - callTestCase(findTestCase("Mobile/Page/Portfolio/Portfolio"), ["tab":"mutualfund", "action2":"6 month"], CONTINUE_ON_FAILURE): Call Test Case 'Test Cases/Mobile/Page/Portfolio/Portfolio' successfully

2022-01-05 08:36:18 - [TEST_CASE][PASSED] - Test Cases/Mobile/Page/Portfolio/Portfolio: Test Cases/Mobile/Page/Portfolio/Portfolio

2022-01-05 08:36:18 - [TEST_STEP][PASSED] - callTestCase(findTestCase("Mobile/Page/CheckLogin"), [:], CONTINUE_ON_FAILURE): Call Test Case 'Test Cases/Mobile/Page/CheckLogin' successfully

2022-01-05 08:36:18 - [TEST_CASE][PASSED] - Test Cases/Mobile/Page/CheckLogin: Test Cases/Mobile/Page/CheckLogin

2022-01-05 08:36:18 - [TEST_STEP][PASSED] - loginCheck = verifyElementExist(LOGN_BtnLogin, 5, CONTINUE_ON_FAILURE): Element 'Object Repository/Mobile/Page/Login/Button - Login' is exist

2022-01-05 08:36:20 - [MESSAGE][PASSED] - Element 'Object Repository/Mobile/Page/Login/Button - Login' is exist

2022-01-05 08:36:20 - [TEST_STEP][PASSED] - if (loginCheck): Call Test Case 'Test Cases/Mobile/Page/Login/Login' successfully

2022-01-05 08:36:20 - [TEST_STEP][PASSED] - callTestCase(findTestCase("Mobile/Page/Login/Login"), ["action":"username"], CONTINUE_ON_FAILURE): Call Test Case 'Test Cases/Mobile/Page/Login/Login' successfully

2022-01-05 08:36:20 - [TEST_CASE][PASSED] - Test Cases/Mobile/Page/Login/Login: Test Cases/Mobile/Page/Login/Login

2022-01-05 08:36:20 - [TEST_STEP][PASSED] - delay(2): Delayed 2 second(s)

2022-01-05 08:36:22 - [MESSAGE][PASSED] - Delayed 2 second(s)

2022-01-05 08:36:22 - [TEST_STEP][PASSED] - for ([i = 0, i < 1, (i++)]): null

2022-01-05 08:36:22 - [TEST_STEP][PASSED] - if (action == "username"): null

2022-01-05 08:36:22 - [TEST_STEP][PASSED] - tap(LOGN_EdtUserID, 0): Tapped on element 'Object Repository/Mobile/Page/Login/Input - UserID'

2022-01-05 08:36:22 - [MESSAGE][WARNING] - Timeout '0' is invalid. Using default page load timeout: '60'

2022-01-05 08:36:22 - [MESSAGE][PASSED] - Tapped on element 'Object Repository/Mobile/Page/Login/Input - UserID'

2022-01-05 08:36:22 - [TEST_STEP][PASSED] - delay(1): Delayed 1 second(s)

2022-01-05 08:36:23 - [MESSAGE][PASSED] - Delayed 1 second(s)

2022-01-05 08:36:23 - [TEST_STEP][PASSED] - setText(LOGN_EdtRdyUserID, "anggaaditya", 0): Text 'anggaaditya' has been set to element 'Object Repository/Mobile/Page/Login/Input Rdy - UserID'

2022-01-05 08:36:23 - [MESSAGE][WARNING] - Timeout '0' is invalid. Using default page load timeout: '60'

2022-01-05 08:36:24 - [MESSAGE][PASSED] - Text 'anggaaditya' has been set to element 'Object Repository/Mobile/Page/Login/Input Rdy - UserID'

2022-01-05 08:36:24 - [TEST_STEP][PASSED] - delay(1): Delayed 1 second(s)

2022-01-05 08:36:25 - [MESSAGE][PASSED] - Delayed 1 second(s)

2022-01-05 08:36:25 - [TEST_STEP][PASSED] - hideKeyboard(): Keyboard is hidden

2022-01-05 08:36:29 - [MESSAGE][PASSED] - Keyboard is hidden

2022-01-05 08:36:29 - [TEST_STEP][PASSED] - tap(LOGN_EdtPassword, 0): Tapped on element 'Object Repository/Mobile/Page/Login/Input - Password'

2022-01-05 08:36:29 - [MESSAGE][WARNING] - Timeout '0' is invalid. Using default page load timeout: '60'

2022-01-05 08:36:29 - [MESSAGE][PASSED] - Tapped on element 'Object Repository/Mobile/Page/Login/Input - Password'

2022-01-05 08:36:29 - [TEST_STEP][PASSED] - delay(1): Delayed 1 second(s)

2022-01-05 08:36:30 - [MESSAGE][PASSED] - Delayed 1 second(s)

2022-01-05 08:36:30 - [TEST_STEP][PASSED] - setText(LOGN_EdtRdyPassword, "Shalawa18", 0): Text 'Shalawa18' has been set to element 'Object Repository/Mobile/Page/Login/Input Rdy - Password'

2022-01-05 08:36:30 - [MESSAGE][WARNING] - Timeout '0' is invalid. Using default page load timeout: '60'

2022-01-05 08:36:31 - [MESSAGE][PASSED] - Text 'Shalawa18' has been set to element 'Object Repository/Mobile/Page/Login/Input Rdy - Password'

2022-01-05 08:36:31 - [TEST_STEP][PASSED] - delay(1): Delayed 1 second(s)

2022-01-05 08:36:32 - [MESSAGE][PASSED] - Delayed 1 second(s)

2022-01-05 08:36:32 - [TEST_STEP][PASSED] - hideKeyboard(): Keyboard is hidden

2022-01-05 08:36:39 - [MESSAGE][PASSED] - Keyboard is hidden

2022-01-05 08:36:39 - [TEST_STEP][PASSED] - tap(LOGN_BtnLogin, 0): Tapped on element 'Object Repository/Mobile/Page/Login/Button - Login'

2022-01-05 08:36:39 - [MESSAGE][WARNING] - Timeout '0' is invalid. Using default page load timeout: '60'

2022-01-05 08:36:40 - [MESSAGE][PASSED] - Tapped on element 'Object Repository/Mobile/Page/Login/Button - Login'

2022-01-05 08:36:40 - [TEST_STEP][PASSED] - delay(2): Delayed 2 second(s)

2022-01-05 08:36:42 - [MESSAGE][PASSED] - Delayed 2 second(s)

2022-01-05 08:36:42 - [TEST_STEP][PASSED] - break: null

2022-01-05 08:36:42 - [MESSAGE][PASSED] - Call Test Case 'Test Cases/Mobile/Page/Login/Login' successfully

2022-01-05 08:36:42 - [MESSAGE][PASSED] - Call Test Case 'Test Cases/Mobile/Page/CheckLogin' successfully

2022-01-05 08:36:42 - [TEST_STEP][PASSED] - tap(HOME_MenubarPortfolio, 0): Tapped on element 'Object Repository/Mobile/Page/Home/Menubar - Portfolio'

2022-01-05 08:36:42 - [MESSAGE][WARNING] - Timeout '0' is invalid. Using default page load timeout: '60'

2022-01-05 08:36:43 - [MESSAGE][PASSED] - Tapped on element 'Object Repository/Mobile/Page/Home/Menubar - Portfolio'

2022-01-05 08:36:43 - [TEST_STEP][PASSED] - delay(1): Delayed 1 second(s)

2022-01-05 08:36:44 - [MESSAGE][PASSED] - Delayed 1 second(s)

2022-01-05 08:36:44 - [TEST_STEP][PASSED] - for ([i = 0, i < 1, (i++)]): scroll.scroll.scrollScreenBottomToTop is PASSED

2022-01-05 08:36:44 - [TEST_STEP][PASSED] - if (tab == "summary"): null

2022-01-05 08:36:44 - [TEST_STEP][PASSED] - else if (tab == "stock"): null

2022-01-05 08:36:44 - [TEST_STEP][PASSED] - else if (tab == "mutualfund"): scroll.scroll.scrollScreenBottomToTop is PASSED

2022-01-05 08:36:44 - [TEST_STEP][PASSED] - tap(PORT_TabMutualFund, 0): Tapped on element 'Object Repository/Mobile/Page/Portfolio/Tab - Mutual Fund'

2022-01-05 08:36:44 - [MESSAGE][WARNING] - Timeout '0' is invalid. Using default page load timeout: '60'

2022-01-05 08:36:45 - [MESSAGE][PASSED] - Tapped on element 'Object Repository/Mobile/Page/Portfolio/Tab - Mutual Fund'

2022-01-05 08:36:45 - [TEST_STEP][PASSED] - delay(1): Delayed 1 second(s)

2022-01-05 08:36:46 - [MESSAGE][PASSED] - Delayed 1 second(s)

2022-01-05 08:36:46 - [TEST_STEP][PASSED] - try: scroll.scroll.scrollScreenBottomToTop is PASSED

2022-01-05 08:36:46 - [TEST_STEP][PASSED] - tapAndHold(PORT_ItemTopMutualFund, 1, 10): Tapped and held on element 'Object Repository/Mobile/Page/Portfolio/Item - Top Mutual Fund' with duration 1

2022-01-05 08:36:49 - [MESSAGE][PASSED] - Tapped and held on element 'Object Repository/Mobile/Page/Portfolio/Item - Top Mutual Fund' with duration 1

2022-01-05 08:36:49 - [TEST_STEP][PASSED] - delay(2): Delayed 2 second(s)

2022-01-05 08:36:51 - [MESSAGE][PASSED] - Delayed 2 second(s)

2022-01-05 08:36:51 - [TEST_STEP][PASSED] - switch (action2): null

2022-01-05 08:36:51 - [TEST_STEP][PASSED] - case "6 month":: null

2022-01-05 08:36:51 - [TEST_STEP][PASSED] - tapAndHold(PORT_DETL_Btn6Month, 1, 0): Tapped and held on element 'Object Repository/Mobile/Page/Portfolio/Detail Mutual Funds/Button - 6 Month' with duration 1

2022-01-05 08:36:51 - [MESSAGE][WARNING] - Timeout '0' is invalid. Using default page load timeout: '60'

2022-01-05 08:36:54 - [MESSAGE][PASSED] - Tapped and held on element 'Object Repository/Mobile/Page/Portfolio/Detail Mutual Funds/Button - 6 Month' with duration 1

2022-01-05 08:36:54 - [TEST_STEP][PASSED] - break: null

2022-01-05 08:36:54 - [TEST_STEP][PASSED] - delay(3): Delayed 3 second(s)

2022-01-05 08:36:57 - [MESSAGE][PASSED] - Delayed 3 second(s)

2022-01-05 08:36:57 - [TEST_STEP][PASSED] - scroll.scroll.scrollScreenBottomToTop(): scroll.scroll.scrollScreenBottomToTop is PASSED

2022-01-05 08:36:57 - [MESSAGE][PASSED] - Current device physical height is 1423

2022-01-05 08:36:57 - [MESSAGE][PASSED] - Current device physical width is 720

2022-01-05 08:36:58 - [MESSAGE][PASSED] - Swiped from 360,1,138 to 360,284

2022-01-05 08:36:58 - [MESSAGE][PASSED] - scroll.scroll.scrollScreenBottomToTop is PASSED

2022-01-05 08:36:58 - [MESSAGE][PASSED] - Call Test Case 'Test Cases/Mobile/Page/Portfolio/Portfolio' successfully

2022-01-05 08:36:58 - [TEST_STEP][PASSED] - callTestCase(findTestCase("Mobile/Page/Run App/Terminate App"), [:], STOP_ON_FAILURE): Call Test Case 'Test Cases/Mobile/Page/Run App/Terminate App' successfully

2022-01-05 08:36:58 - [TEST_CASE][PASSED] - Test Cases/Mobile/Page/Run App/Terminate App: Test Cases/Mobile/Page/Run App/Terminate App

2022-01-05 08:36:59 - [TEST_STEP][PASSED] - startApp.OpenApp.terminateApplication(): startApp.OpenApp.terminateApplication is PASSED

2022-01-05 08:37:02 - [MESSAGE][PASSED] - Delayed 3 second(s)

2022-01-05 08:37:02 - [MESSAGE][PASSED] - Current device physical width is 720

2022-01-05 08:37:02 - [MESSAGE][PASSED] - Current device physical height is 1423

2022-01-05 08:37:04 - [MESSAGE][PASSED] - Swiped from 360,853 to 360,142

2022-01-05 08:37:05 - [MESSAGE][PASSED] - Delayed 1 second(s)

2022-01-05 08:37:06 - [MESSAGE][PASSED] - Swiped from 360,853 to 360,142

2022-01-05 08:37:09 - [MESSAGE][PASSED] - Delayed 3 second(s)

2022-01-05 08:37:09 - [MESSAGE][PASSED] - startApp.OpenApp.terminateApplication is PASSED

2022-01-05 08:37:09 - [MESSAGE][PASSED] - Call Test Case 'Test Cases/Mobile/Page/Run App/Terminate App' successfully]]></system-out>
         <system-err><![CDATA[]]></system-err>
      </testcase>
      <testcase name="Test Cases/Mobile/Scenario/Portfolio/016 - Melihat detail mutual fund 1 year" time="68.599" classname="Test Cases/Mobile/Scenario/Portfolio/016 - Melihat detail mutual fund 1 year" status="PASSED">
         <system-out><![CDATA[2022-01-05 08:37:09 - [TEST_CASE][PASSED] - Test Cases/Mobile/Scenario/Portfolio/016 - Melihat detail mutual fund 1 year: Test Cases/Mobile/Scenario/Portfolio/016 - Melihat detail mutual fund 1 year

2022-01-05 08:37:10 - [TEST_STEP][PASSED] - callTestCase(findTestCase("Mobile/Page/Run App/Run App byID"), [:], STOP_ON_FAILURE): Call Test Case 'Test Cases/Mobile/Page/Run App/Run App byID' successfully

2022-01-05 08:37:10 - [TEST_CASE][PASSED] - Test Cases/Mobile/Page/Run App/Run App byID: Test Cases/Mobile/Page/Run App/Run App byID

2022-01-05 08:37:10 - [TEST_STEP][PASSED] - startApp.OpenApp.startApplication("id.co.miraeasset.sageclub"): startApp.OpenApp.startApplication is PASSED

2022-01-05 08:37:23 - [MESSAGE][PASSED] - Starting app with application ID: 'id.co.miraeasset.sageclub'

2022-01-05 08:37:23 - [MESSAGE][PASSED] - startApp.OpenApp.startApplication is PASSED

2022-01-05 08:37:23 - [MESSAGE][PASSED] - Call Test Case 'Test Cases/Mobile/Page/Run App/Run App byID' successfully

2022-01-05 08:37:23 - [TEST_STEP][PASSED] - callTestCase(findTestCase("Mobile/Page/Portfolio/Portfolio"), ["tab":"mutualfund", "action2":"1 year"], CONTINUE_ON_FAILURE): Call Test Case 'Test Cases/Mobile/Page/Portfolio/Portfolio' successfully

2022-01-05 08:37:23 - [TEST_CASE][PASSED] - Test Cases/Mobile/Page/Portfolio/Portfolio: Test Cases/Mobile/Page/Portfolio/Portfolio

2022-01-05 08:37:23 - [TEST_STEP][PASSED] - callTestCase(findTestCase("Mobile/Page/CheckLogin"), [:], CONTINUE_ON_FAILURE): Call Test Case 'Test Cases/Mobile/Page/CheckLogin' successfully

2022-01-05 08:37:23 - [TEST_CASE][PASSED] - Test Cases/Mobile/Page/CheckLogin: Test Cases/Mobile/Page/CheckLogin

2022-01-05 08:37:23 - [TEST_STEP][PASSED] - loginCheck = verifyElementExist(LOGN_BtnLogin, 5, CONTINUE_ON_FAILURE): Element 'Object Repository/Mobile/Page/Login/Button - Login' is exist

2022-01-05 08:37:25 - [MESSAGE][PASSED] - Element 'Object Repository/Mobile/Page/Login/Button - Login' is exist

2022-01-05 08:37:25 - [TEST_STEP][PASSED] - if (loginCheck): Call Test Case 'Test Cases/Mobile/Page/Login/Login' successfully

2022-01-05 08:37:25 - [TEST_STEP][PASSED] - callTestCase(findTestCase("Mobile/Page/Login/Login"), ["action":"username"], CONTINUE_ON_FAILURE): Call Test Case 'Test Cases/Mobile/Page/Login/Login' successfully

2022-01-05 08:37:25 - [TEST_CASE][PASSED] - Test Cases/Mobile/Page/Login/Login: Test Cases/Mobile/Page/Login/Login

2022-01-05 08:37:25 - [TEST_STEP][PASSED] - delay(2): Delayed 2 second(s)

2022-01-05 08:37:27 - [MESSAGE][PASSED] - Delayed 2 second(s)

2022-01-05 08:37:27 - [TEST_STEP][PASSED] - for ([i = 0, i < 1, (i++)]): null

2022-01-05 08:37:27 - [TEST_STEP][PASSED] - if (action == "username"): null

2022-01-05 08:37:27 - [TEST_STEP][PASSED] - tap(LOGN_EdtUserID, 0): Tapped on element 'Object Repository/Mobile/Page/Login/Input - UserID'

2022-01-05 08:37:27 - [MESSAGE][WARNING] - Timeout '0' is invalid. Using default page load timeout: '60'

2022-01-05 08:37:27 - [MESSAGE][PASSED] - Tapped on element 'Object Repository/Mobile/Page/Login/Input - UserID'

2022-01-05 08:37:27 - [TEST_STEP][PASSED] - delay(1): Delayed 1 second(s)

2022-01-05 08:37:28 - [MESSAGE][PASSED] - Delayed 1 second(s)

2022-01-05 08:37:28 - [TEST_STEP][PASSED] - setText(LOGN_EdtRdyUserID, "anggaaditya", 0): Text 'anggaaditya' has been set to element 'Object Repository/Mobile/Page/Login/Input Rdy - UserID'

2022-01-05 08:37:28 - [MESSAGE][WARNING] - Timeout '0' is invalid. Using default page load timeout: '60'

2022-01-05 08:37:29 - [MESSAGE][PASSED] - Text 'anggaaditya' has been set to element 'Object Repository/Mobile/Page/Login/Input Rdy - UserID'

2022-01-05 08:37:29 - [TEST_STEP][PASSED] - delay(1): Delayed 1 second(s)

2022-01-05 08:37:30 - [MESSAGE][PASSED] - Delayed 1 second(s)

2022-01-05 08:37:30 - [TEST_STEP][PASSED] - hideKeyboard(): Keyboard is hidden

2022-01-05 08:37:34 - [MESSAGE][PASSED] - Keyboard is hidden

2022-01-05 08:37:34 - [TEST_STEP][PASSED] - tap(LOGN_EdtPassword, 0): Tapped on element 'Object Repository/Mobile/Page/Login/Input - Password'

2022-01-05 08:37:34 - [MESSAGE][WARNING] - Timeout '0' is invalid. Using default page load timeout: '60'

2022-01-05 08:37:34 - [MESSAGE][PASSED] - Tapped on element 'Object Repository/Mobile/Page/Login/Input - Password'

2022-01-05 08:37:34 - [TEST_STEP][PASSED] - delay(1): Delayed 1 second(s)

2022-01-05 08:37:35 - [MESSAGE][PASSED] - Delayed 1 second(s)

2022-01-05 08:37:35 - [TEST_STEP][PASSED] - setText(LOGN_EdtRdyPassword, "Shalawa18", 0): Text 'Shalawa18' has been set to element 'Object Repository/Mobile/Page/Login/Input Rdy - Password'

2022-01-05 08:37:35 - [MESSAGE][WARNING] - Timeout '0' is invalid. Using default page load timeout: '60'

2022-01-05 08:37:37 - [MESSAGE][PASSED] - Text 'Shalawa18' has been set to element 'Object Repository/Mobile/Page/Login/Input Rdy - Password'

2022-01-05 08:37:37 - [TEST_STEP][PASSED] - delay(1): Delayed 1 second(s)

2022-01-05 08:37:38 - [MESSAGE][PASSED] - Delayed 1 second(s)

2022-01-05 08:37:38 - [TEST_STEP][PASSED] - hideKeyboard(): Keyboard is hidden

2022-01-05 08:37:44 - [MESSAGE][PASSED] - Keyboard is hidden

2022-01-05 08:37:44 - [TEST_STEP][PASSED] - tap(LOGN_BtnLogin, 0): Tapped on element 'Object Repository/Mobile/Page/Login/Button - Login'

2022-01-05 08:37:44 - [MESSAGE][WARNING] - Timeout '0' is invalid. Using default page load timeout: '60'

2022-01-05 08:37:45 - [MESSAGE][PASSED] - Tapped on element 'Object Repository/Mobile/Page/Login/Button - Login'

2022-01-05 08:37:45 - [TEST_STEP][PASSED] - delay(2): Delayed 2 second(s)

2022-01-05 08:37:47 - [MESSAGE][PASSED] - Delayed 2 second(s)

2022-01-05 08:37:47 - [TEST_STEP][PASSED] - break: null

2022-01-05 08:37:47 - [MESSAGE][PASSED] - Call Test Case 'Test Cases/Mobile/Page/Login/Login' successfully

2022-01-05 08:37:47 - [MESSAGE][PASSED] - Call Test Case 'Test Cases/Mobile/Page/CheckLogin' successfully

2022-01-05 08:37:47 - [TEST_STEP][PASSED] - tap(HOME_MenubarPortfolio, 0): Tapped on element 'Object Repository/Mobile/Page/Home/Menubar - Portfolio'

2022-01-05 08:37:47 - [MESSAGE][WARNING] - Timeout '0' is invalid. Using default page load timeout: '60'

2022-01-05 08:37:49 - [MESSAGE][PASSED] - Tapped on element 'Object Repository/Mobile/Page/Home/Menubar - Portfolio'

2022-01-05 08:37:49 - [TEST_STEP][PASSED] - delay(1): Delayed 1 second(s)

2022-01-05 08:37:50 - [MESSAGE][PASSED] - Delayed 1 second(s)

2022-01-05 08:37:50 - [TEST_STEP][PASSED] - for ([i = 0, i < 1, (i++)]): scroll.scroll.scrollScreenBottomToTop is PASSED

2022-01-05 08:37:50 - [TEST_STEP][PASSED] - if (tab == "summary"): null

2022-01-05 08:37:50 - [TEST_STEP][PASSED] - else if (tab == "stock"): null

2022-01-05 08:37:50 - [TEST_STEP][PASSED] - else if (tab == "mutualfund"): scroll.scroll.scrollScreenBottomToTop is PASSED

2022-01-05 08:37:50 - [TEST_STEP][PASSED] - tap(PORT_TabMutualFund, 0): Tapped on element 'Object Repository/Mobile/Page/Portfolio/Tab - Mutual Fund'

2022-01-05 08:37:50 - [MESSAGE][WARNING] - Timeout '0' is invalid. Using default page load timeout: '60'

2022-01-05 08:37:53 - [MESSAGE][PASSED] - Tapped on element 'Object Repository/Mobile/Page/Portfolio/Tab - Mutual Fund'

2022-01-05 08:37:53 - [TEST_STEP][PASSED] - delay(1): Delayed 1 second(s)

2022-01-05 08:37:54 - [MESSAGE][PASSED] - Delayed 1 second(s)

2022-01-05 08:37:54 - [TEST_STEP][PASSED] - try: scroll.scroll.scrollScreenBottomToTop is PASSED

2022-01-05 08:37:54 - [TEST_STEP][PASSED] - tapAndHold(PORT_ItemTopMutualFund, 1, 10): Tapped and held on element 'Object Repository/Mobile/Page/Portfolio/Item - Top Mutual Fund' with duration 1

2022-01-05 08:37:57 - [MESSAGE][PASSED] - Tapped and held on element 'Object Repository/Mobile/Page/Portfolio/Item - Top Mutual Fund' with duration 1

2022-01-05 08:37:57 - [TEST_STEP][PASSED] - delay(2): Delayed 2 second(s)

2022-01-05 08:37:59 - [MESSAGE][PASSED] - Delayed 2 second(s)

2022-01-05 08:37:59 - [TEST_STEP][PASSED] - switch (action2): null

2022-01-05 08:37:59 - [TEST_STEP][PASSED] - case "1 year":: null

2022-01-05 08:37:59 - [TEST_STEP][PASSED] - tapAndHold(PORT_DETL_Btn1Year, 1, 0): Tapped and held on element 'Object Repository/Mobile/Page/Portfolio/Detail Mutual Funds/Button - 1 Year' with duration 1

2022-01-05 08:37:59 - [MESSAGE][WARNING] - Timeout '0' is invalid. Using default page load timeout: '60'

2022-01-05 08:38:02 - [MESSAGE][PASSED] - Tapped and held on element 'Object Repository/Mobile/Page/Portfolio/Detail Mutual Funds/Button - 1 Year' with duration 1

2022-01-05 08:38:02 - [TEST_STEP][PASSED] - break: null

2022-01-05 08:38:02 - [TEST_STEP][PASSED] - delay(3): Delayed 3 second(s)

2022-01-05 08:38:05 - [MESSAGE][PASSED] - Delayed 3 second(s)

2022-01-05 08:38:05 - [TEST_STEP][PASSED] - scroll.scroll.scrollScreenBottomToTop(): scroll.scroll.scrollScreenBottomToTop is PASSED

2022-01-05 08:38:06 - [MESSAGE][PASSED] - Current device physical height is 1423

2022-01-05 08:38:06 - [MESSAGE][PASSED] - Current device physical width is 720

2022-01-05 08:38:07 - [MESSAGE][PASSED] - Swiped from 360,1,138 to 360,284

2022-01-05 08:38:07 - [MESSAGE][PASSED] - scroll.scroll.scrollScreenBottomToTop is PASSED

2022-01-05 08:38:07 - [MESSAGE][PASSED] - Call Test Case 'Test Cases/Mobile/Page/Portfolio/Portfolio' successfully

2022-01-05 08:38:07 - [TEST_STEP][PASSED] - callTestCase(findTestCase("Mobile/Page/Run App/Terminate App"), [:], STOP_ON_FAILURE): Call Test Case 'Test Cases/Mobile/Page/Run App/Terminate App' successfully

2022-01-05 08:38:07 - [TEST_CASE][PASSED] - Test Cases/Mobile/Page/Run App/Terminate App: Test Cases/Mobile/Page/Run App/Terminate App

2022-01-05 08:38:07 - [TEST_STEP][PASSED] - startApp.OpenApp.terminateApplication(): startApp.OpenApp.terminateApplication is PASSED

2022-01-05 08:38:10 - [MESSAGE][PASSED] - Delayed 3 second(s)

2022-01-05 08:38:11 - [MESSAGE][PASSED] - Current device physical width is 720

2022-01-05 08:38:11 - [MESSAGE][PASSED] - Current device physical height is 1423

2022-01-05 08:38:12 - [MESSAGE][PASSED] - Swiped from 360,853 to 360,142

2022-01-05 08:38:13 - [MESSAGE][PASSED] - Delayed 1 second(s)

2022-01-05 08:38:14 - [MESSAGE][PASSED] - Swiped from 360,853 to 360,142

2022-01-05 08:38:18 - [MESSAGE][PASSED] - Delayed 3 second(s)

2022-01-05 08:38:18 - [MESSAGE][PASSED] - startApp.OpenApp.terminateApplication is PASSED

2022-01-05 08:38:18 - [MESSAGE][PASSED] - Call Test Case 'Test Cases/Mobile/Page/Run App/Terminate App' successfully]]></system-out>
         <system-err><![CDATA[]]></system-err>
      </testcase>
      <testcase name="Test Cases/Mobile/Scenario/Portfolio/017 - Melihat detail mutual fund 3 year" time="67.223" classname="Test Cases/Mobile/Scenario/Portfolio/017 - Melihat detail mutual fund 3 year" status="PASSED">
         <system-out><![CDATA[2022-01-05 08:38:18 - [TEST_CASE][PASSED] - Test Cases/Mobile/Scenario/Portfolio/017 - Melihat detail mutual fund 3 year: Test Cases/Mobile/Scenario/Portfolio/017 - Melihat detail mutual fund 3 year

2022-01-05 08:38:18 - [TEST_STEP][PASSED] - callTestCase(findTestCase("Mobile/Page/Run App/Run App byID"), [:], STOP_ON_FAILURE): Call Test Case 'Test Cases/Mobile/Page/Run App/Run App byID' successfully

2022-01-05 08:38:18 - [TEST_CASE][PASSED] - Test Cases/Mobile/Page/Run App/Run App byID: Test Cases/Mobile/Page/Run App/Run App byID

2022-01-05 08:38:18 - [TEST_STEP][PASSED] - startApp.OpenApp.startApplication("id.co.miraeasset.sageclub"): startApp.OpenApp.startApplication is PASSED

2022-01-05 08:38:30 - [MESSAGE][PASSED] - Starting app with application ID: 'id.co.miraeasset.sageclub'

2022-01-05 08:38:30 - [MESSAGE][PASSED] - startApp.OpenApp.startApplication is PASSED

2022-01-05 08:38:30 - [MESSAGE][PASSED] - Call Test Case 'Test Cases/Mobile/Page/Run App/Run App byID' successfully

2022-01-05 08:38:30 - [TEST_STEP][PASSED] - callTestCase(findTestCase("Mobile/Page/Portfolio/Portfolio"), ["tab":"mutualfund", "action2":"3 year"], CONTINUE_ON_FAILURE): Call Test Case 'Test Cases/Mobile/Page/Portfolio/Portfolio' successfully

2022-01-05 08:38:30 - [TEST_CASE][PASSED] - Test Cases/Mobile/Page/Portfolio/Portfolio: Test Cases/Mobile/Page/Portfolio/Portfolio

2022-01-05 08:38:30 - [TEST_STEP][PASSED] - callTestCase(findTestCase("Mobile/Page/CheckLogin"), [:], CONTINUE_ON_FAILURE): Call Test Case 'Test Cases/Mobile/Page/CheckLogin' successfully

2022-01-05 08:38:31 - [TEST_CASE][PASSED] - Test Cases/Mobile/Page/CheckLogin: Test Cases/Mobile/Page/CheckLogin

2022-01-05 08:38:31 - [TEST_STEP][PASSED] - loginCheck = verifyElementExist(LOGN_BtnLogin, 5, CONTINUE_ON_FAILURE): Element 'Object Repository/Mobile/Page/Login/Button - Login' is exist

2022-01-05 08:38:33 - [MESSAGE][PASSED] - Element 'Object Repository/Mobile/Page/Login/Button - Login' is exist

2022-01-05 08:38:33 - [TEST_STEP][PASSED] - if (loginCheck): Call Test Case 'Test Cases/Mobile/Page/Login/Login' successfully

2022-01-05 08:38:33 - [TEST_STEP][PASSED] - callTestCase(findTestCase("Mobile/Page/Login/Login"), ["action":"username"], CONTINUE_ON_FAILURE): Call Test Case 'Test Cases/Mobile/Page/Login/Login' successfully

2022-01-05 08:38:33 - [TEST_CASE][PASSED] - Test Cases/Mobile/Page/Login/Login: Test Cases/Mobile/Page/Login/Login

2022-01-05 08:38:33 - [TEST_STEP][PASSED] - delay(2): Delayed 2 second(s)

2022-01-05 08:38:35 - [MESSAGE][PASSED] - Delayed 2 second(s)

2022-01-05 08:38:35 - [TEST_STEP][PASSED] - for ([i = 0, i < 1, (i++)]): null

2022-01-05 08:38:35 - [TEST_STEP][PASSED] - if (action == "username"): null

2022-01-05 08:38:35 - [TEST_STEP][PASSED] - tap(LOGN_EdtUserID, 0): Tapped on element 'Object Repository/Mobile/Page/Login/Input - UserID'

2022-01-05 08:38:35 - [MESSAGE][WARNING] - Timeout '0' is invalid. Using default page load timeout: '60'

2022-01-05 08:38:35 - [MESSAGE][PASSED] - Tapped on element 'Object Repository/Mobile/Page/Login/Input - UserID'

2022-01-05 08:38:35 - [TEST_STEP][PASSED] - delay(1): Delayed 1 second(s)

2022-01-05 08:38:36 - [MESSAGE][PASSED] - Delayed 1 second(s)

2022-01-05 08:38:36 - [TEST_STEP][PASSED] - setText(LOGN_EdtRdyUserID, "anggaaditya", 0): Text 'anggaaditya' has been set to element 'Object Repository/Mobile/Page/Login/Input Rdy - UserID'

2022-01-05 08:38:36 - [MESSAGE][WARNING] - Timeout '0' is invalid. Using default page load timeout: '60'

2022-01-05 08:38:37 - [MESSAGE][PASSED] - Text 'anggaaditya' has been set to element 'Object Repository/Mobile/Page/Login/Input Rdy - UserID'

2022-01-05 08:38:37 - [TEST_STEP][PASSED] - delay(1): Delayed 1 second(s)

2022-01-05 08:38:38 - [MESSAGE][PASSED] - Delayed 1 second(s)

2022-01-05 08:38:38 - [TEST_STEP][PASSED] - hideKeyboard(): Keyboard is hidden

2022-01-05 08:38:42 - [MESSAGE][PASSED] - Keyboard is hidden

2022-01-05 08:38:42 - [TEST_STEP][PASSED] - tap(LOGN_EdtPassword, 0): Tapped on element 'Object Repository/Mobile/Page/Login/Input - Password'

2022-01-05 08:38:42 - [MESSAGE][WARNING] - Timeout '0' is invalid. Using default page load timeout: '60'

2022-01-05 08:38:44 - [MESSAGE][PASSED] - Tapped on element 'Object Repository/Mobile/Page/Login/Input - Password'

2022-01-05 08:38:44 - [TEST_STEP][PASSED] - delay(1): Delayed 1 second(s)

2022-01-05 08:38:45 - [MESSAGE][PASSED] - Delayed 1 second(s)

2022-01-05 08:38:45 - [TEST_STEP][PASSED] - setText(LOGN_EdtRdyPassword, "Shalawa18", 0): Text 'Shalawa18' has been set to element 'Object Repository/Mobile/Page/Login/Input Rdy - Password'

2022-01-05 08:38:45 - [MESSAGE][WARNING] - Timeout '0' is invalid. Using default page load timeout: '60'

2022-01-05 08:38:46 - [MESSAGE][PASSED] - Text 'Shalawa18' has been set to element 'Object Repository/Mobile/Page/Login/Input Rdy - Password'

2022-01-05 08:38:46 - [TEST_STEP][PASSED] - delay(1): Delayed 1 second(s)

2022-01-05 08:38:47 - [MESSAGE][PASSED] - Delayed 1 second(s)

2022-01-05 08:38:47 - [TEST_STEP][PASSED] - hideKeyboard(): Keyboard is hidden

2022-01-05 08:38:53 - [MESSAGE][PASSED] - Keyboard is hidden

2022-01-05 08:38:53 - [TEST_STEP][PASSED] - tap(LOGN_BtnLogin, 0): Tapped on element 'Object Repository/Mobile/Page/Login/Button - Login'

2022-01-05 08:38:53 - [MESSAGE][WARNING] - Timeout '0' is invalid. Using default page load timeout: '60'

2022-01-05 08:38:54 - [MESSAGE][PASSED] - Tapped on element 'Object Repository/Mobile/Page/Login/Button - Login'

2022-01-05 08:38:54 - [TEST_STEP][PASSED] - delay(2): Delayed 2 second(s)

2022-01-05 08:38:57 - [MESSAGE][PASSED] - Delayed 2 second(s)

2022-01-05 08:38:57 - [TEST_STEP][PASSED] - break: null

2022-01-05 08:38:57 - [MESSAGE][PASSED] - Call Test Case 'Test Cases/Mobile/Page/Login/Login' successfully

2022-01-05 08:38:57 - [MESSAGE][PASSED] - Call Test Case 'Test Cases/Mobile/Page/CheckLogin' successfully

2022-01-05 08:38:57 - [TEST_STEP][PASSED] - tap(HOME_MenubarPortfolio, 0): Tapped on element 'Object Repository/Mobile/Page/Home/Menubar - Portfolio'

2022-01-05 08:38:57 - [MESSAGE][WARNING] - Timeout '0' is invalid. Using default page load timeout: '60'

2022-01-05 08:38:58 - [MESSAGE][PASSED] - Tapped on element 'Object Repository/Mobile/Page/Home/Menubar - Portfolio'

2022-01-05 08:38:58 - [TEST_STEP][PASSED] - delay(1): Delayed 1 second(s)

2022-01-05 08:38:59 - [MESSAGE][PASSED] - Delayed 1 second(s)

2022-01-05 08:38:59 - [TEST_STEP][PASSED] - for ([i = 0, i < 1, (i++)]): scroll.scroll.scrollScreenBottomToTop is PASSED

2022-01-05 08:38:59 - [TEST_STEP][PASSED] - if (tab == "summary"): null

2022-01-05 08:38:59 - [TEST_STEP][PASSED] - else if (tab == "stock"): null

2022-01-05 08:38:59 - [TEST_STEP][PASSED] - else if (tab == "mutualfund"): scroll.scroll.scrollScreenBottomToTop is PASSED

2022-01-05 08:38:59 - [TEST_STEP][PASSED] - tap(PORT_TabMutualFund, 0): Tapped on element 'Object Repository/Mobile/Page/Portfolio/Tab - Mutual Fund'

2022-01-05 08:38:59 - [MESSAGE][WARNING] - Timeout '0' is invalid. Using default page load timeout: '60'

2022-01-05 08:39:00 - [MESSAGE][PASSED] - Tapped on element 'Object Repository/Mobile/Page/Portfolio/Tab - Mutual Fund'

2022-01-05 08:39:00 - [TEST_STEP][PASSED] - delay(1): Delayed 1 second(s)

2022-01-05 08:39:01 - [MESSAGE][PASSED] - Delayed 1 second(s)

2022-01-05 08:39:01 - [TEST_STEP][PASSED] - try: scroll.scroll.scrollScreenBottomToTop is PASSED

2022-01-05 08:39:01 - [TEST_STEP][PASSED] - tapAndHold(PORT_ItemTopMutualFund, 1, 10): Tapped and held on element 'Object Repository/Mobile/Page/Portfolio/Item - Top Mutual Fund' with duration 1

2022-01-05 08:39:05 - [MESSAGE][PASSED] - Tapped and held on element 'Object Repository/Mobile/Page/Portfolio/Item - Top Mutual Fund' with duration 1

2022-01-05 08:39:05 - [TEST_STEP][PASSED] - delay(2): Delayed 2 second(s)

2022-01-05 08:39:07 - [MESSAGE][PASSED] - Delayed 2 second(s)

2022-01-05 08:39:07 - [TEST_STEP][PASSED] - switch (action2): null

2022-01-05 08:39:07 - [TEST_STEP][PASSED] - case "3 year":: null

2022-01-05 08:39:07 - [TEST_STEP][PASSED] - tapAndHold(PORT_DETL_Btn3Year, 1, 0): Tapped and held on element 'Object Repository/Mobile/Page/Portfolio/Detail Mutual Funds/Button - 3 Year' with duration 1

2022-01-05 08:39:07 - [MESSAGE][WARNING] - Timeout '0' is invalid. Using default page load timeout: '60'

2022-01-05 08:39:10 - [MESSAGE][PASSED] - Tapped and held on element 'Object Repository/Mobile/Page/Portfolio/Detail Mutual Funds/Button - 3 Year' with duration 1

2022-01-05 08:39:10 - [TEST_STEP][PASSED] - break: null

2022-01-05 08:39:10 - [TEST_STEP][PASSED] - delay(3): Delayed 3 second(s)

2022-01-05 08:39:13 - [MESSAGE][PASSED] - Delayed 3 second(s)

2022-01-05 08:39:13 - [TEST_STEP][PASSED] - scroll.scroll.scrollScreenBottomToTop(): scroll.scroll.scrollScreenBottomToTop is PASSED

2022-01-05 08:39:13 - [MESSAGE][PASSED] - Current device physical height is 1423

2022-01-05 08:39:13 - [MESSAGE][PASSED] - Current device physical width is 720

2022-01-05 08:39:14 - [MESSAGE][PASSED] - Swiped from 360,1,138 to 360,284

2022-01-05 08:39:14 - [MESSAGE][PASSED] - scroll.scroll.scrollScreenBottomToTop is PASSED

2022-01-05 08:39:14 - [MESSAGE][PASSED] - Call Test Case 'Test Cases/Mobile/Page/Portfolio/Portfolio' successfully

2022-01-05 08:39:14 - [TEST_STEP][PASSED] - callTestCase(findTestCase("Mobile/Page/Run App/Terminate App"), [:], STOP_ON_FAILURE): Call Test Case 'Test Cases/Mobile/Page/Run App/Terminate App' successfully

2022-01-05 08:39:14 - [TEST_CASE][PASSED] - Test Cases/Mobile/Page/Run App/Terminate App: Test Cases/Mobile/Page/Run App/Terminate App

2022-01-05 08:39:14 - [TEST_STEP][PASSED] - startApp.OpenApp.terminateApplication(): startApp.OpenApp.terminateApplication is PASSED

2022-01-05 08:39:17 - [MESSAGE][PASSED] - Delayed 3 second(s)

2022-01-05 08:39:18 - [MESSAGE][PASSED] - Current device physical width is 720

2022-01-05 08:39:18 - [MESSAGE][PASSED] - Current device physical height is 1423

2022-01-05 08:39:19 - [MESSAGE][PASSED] - Swiped from 360,853 to 360,142

2022-01-05 08:39:20 - [MESSAGE][PASSED] - Delayed 1 second(s)

2022-01-05 08:39:22 - [MESSAGE][PASSED] - Swiped from 360,853 to 360,142

2022-01-05 08:39:25 - [MESSAGE][PASSED] - Delayed 3 second(s)

2022-01-05 08:39:25 - [MESSAGE][PASSED] - startApp.OpenApp.terminateApplication is PASSED

2022-01-05 08:39:25 - [MESSAGE][PASSED] - Call Test Case 'Test Cases/Mobile/Page/Run App/Terminate App' successfully]]></system-out>
         <system-err><![CDATA[]]></system-err>
      </testcase>
      <testcase name="Test Cases/Mobile/Scenario/Portfolio/018 - Melihat detail mutual fund 5 year" time="72.948" classname="Test Cases/Mobile/Scenario/Portfolio/018 - Melihat detail mutual fund 5 year" status="PASSED">
         <system-out><![CDATA[2022-01-05 08:39:25 - [TEST_CASE][PASSED] - Test Cases/Mobile/Scenario/Portfolio/018 - Melihat detail mutual fund 5 year: Test Cases/Mobile/Scenario/Portfolio/018 - Melihat detail mutual fund 5 year

2022-01-05 08:39:25 - [TEST_STEP][PASSED] - callTestCase(findTestCase("Mobile/Page/Run App/Run App byID"), [:], STOP_ON_FAILURE): Call Test Case 'Test Cases/Mobile/Page/Run App/Run App byID' successfully

2022-01-05 08:39:25 - [TEST_CASE][PASSED] - Test Cases/Mobile/Page/Run App/Run App byID: Test Cases/Mobile/Page/Run App/Run App byID

2022-01-05 08:39:25 - [TEST_STEP][PASSED] - startApp.OpenApp.startApplication("id.co.miraeasset.sageclub"): startApp.OpenApp.startApplication is PASSED

2022-01-05 08:39:39 - [MESSAGE][PASSED] - Starting app with application ID: 'id.co.miraeasset.sageclub'

2022-01-05 08:39:39 - [MESSAGE][PASSED] - startApp.OpenApp.startApplication is PASSED

2022-01-05 08:39:39 - [MESSAGE][PASSED] - Call Test Case 'Test Cases/Mobile/Page/Run App/Run App byID' successfully

2022-01-05 08:39:39 - [TEST_STEP][PASSED] - callTestCase(findTestCase("Mobile/Page/Portfolio/Portfolio"), ["tab":"mutualfund", "action2":"5 year"], CONTINUE_ON_FAILURE): Call Test Case 'Test Cases/Mobile/Page/Portfolio/Portfolio' successfully

2022-01-05 08:39:39 - [TEST_CASE][PASSED] - Test Cases/Mobile/Page/Portfolio/Portfolio: Test Cases/Mobile/Page/Portfolio/Portfolio

2022-01-05 08:39:39 - [TEST_STEP][PASSED] - callTestCase(findTestCase("Mobile/Page/CheckLogin"), [:], CONTINUE_ON_FAILURE): Call Test Case 'Test Cases/Mobile/Page/CheckLogin' successfully

2022-01-05 08:39:39 - [TEST_CASE][PASSED] - Test Cases/Mobile/Page/CheckLogin: Test Cases/Mobile/Page/CheckLogin

2022-01-05 08:39:39 - [TEST_STEP][PASSED] - loginCheck = verifyElementExist(LOGN_BtnLogin, 5, CONTINUE_ON_FAILURE): Element 'Object Repository/Mobile/Page/Login/Button - Login' is exist

2022-01-05 08:39:41 - [MESSAGE][PASSED] - Element 'Object Repository/Mobile/Page/Login/Button - Login' is exist

2022-01-05 08:39:41 - [TEST_STEP][PASSED] - if (loginCheck): Call Test Case 'Test Cases/Mobile/Page/Login/Login' successfully

2022-01-05 08:39:41 - [TEST_STEP][PASSED] - callTestCase(findTestCase("Mobile/Page/Login/Login"), ["action":"username"], CONTINUE_ON_FAILURE): Call Test Case 'Test Cases/Mobile/Page/Login/Login' successfully

2022-01-05 08:39:41 - [TEST_CASE][PASSED] - Test Cases/Mobile/Page/Login/Login: Test Cases/Mobile/Page/Login/Login

2022-01-05 08:39:41 - [TEST_STEP][PASSED] - delay(2): Delayed 2 second(s)

2022-01-05 08:39:43 - [MESSAGE][PASSED] - Delayed 2 second(s)

2022-01-05 08:39:43 - [TEST_STEP][PASSED] - for ([i = 0, i < 1, (i++)]): null

2022-01-05 08:39:43 - [TEST_STEP][PASSED] - if (action == "username"): null

2022-01-05 08:39:43 - [TEST_STEP][PASSED] - tap(LOGN_EdtUserID, 0): Tapped on element 'Object Repository/Mobile/Page/Login/Input - UserID'

2022-01-05 08:39:43 - [MESSAGE][WARNING] - Timeout '0' is invalid. Using default page load timeout: '60'

2022-01-05 08:39:44 - [MESSAGE][PASSED] - Tapped on element 'Object Repository/Mobile/Page/Login/Input - UserID'

2022-01-05 08:39:44 - [TEST_STEP][PASSED] - delay(1): Delayed 1 second(s)

2022-01-05 08:39:45 - [MESSAGE][PASSED] - Delayed 1 second(s)

2022-01-05 08:39:45 - [TEST_STEP][PASSED] - setText(LOGN_EdtRdyUserID, "anggaaditya", 0): Text 'anggaaditya' has been set to element 'Object Repository/Mobile/Page/Login/Input Rdy - UserID'

2022-01-05 08:39:45 - [MESSAGE][WARNING] - Timeout '0' is invalid. Using default page load timeout: '60'

2022-01-05 08:39:45 - [MESSAGE][PASSED] - Text 'anggaaditya' has been set to element 'Object Repository/Mobile/Page/Login/Input Rdy - UserID'

2022-01-05 08:39:45 - [TEST_STEP][PASSED] - delay(1): Delayed 1 second(s)

2022-01-05 08:39:46 - [MESSAGE][PASSED] - Delayed 1 second(s)

2022-01-05 08:39:46 - [TEST_STEP][PASSED] - hideKeyboard(): Keyboard is hidden

2022-01-05 08:39:50 - [MESSAGE][PASSED] - Keyboard is hidden

2022-01-05 08:39:50 - [TEST_STEP][PASSED] - tap(LOGN_EdtPassword, 0): Tapped on element 'Object Repository/Mobile/Page/Login/Input - Password'

2022-01-05 08:39:50 - [MESSAGE][WARNING] - Timeout '0' is invalid. Using default page load timeout: '60'

2022-01-05 08:39:51 - [MESSAGE][PASSED] - Tapped on element 'Object Repository/Mobile/Page/Login/Input - Password'

2022-01-05 08:39:51 - [TEST_STEP][PASSED] - delay(1): Delayed 1 second(s)

2022-01-05 08:39:52 - [MESSAGE][PASSED] - Delayed 1 second(s)

2022-01-05 08:39:52 - [TEST_STEP][PASSED] - setText(LOGN_EdtRdyPassword, "Shalawa18", 0): Text 'Shalawa18' has been set to element 'Object Repository/Mobile/Page/Login/Input Rdy - Password'

2022-01-05 08:39:52 - [MESSAGE][WARNING] - Timeout '0' is invalid. Using default page load timeout: '60'

2022-01-05 08:39:53 - [MESSAGE][PASSED] - Text 'Shalawa18' has been set to element 'Object Repository/Mobile/Page/Login/Input Rdy - Password'

2022-01-05 08:39:53 - [TEST_STEP][PASSED] - delay(1): Delayed 1 second(s)

2022-01-05 08:39:54 - [MESSAGE][PASSED] - Delayed 1 second(s)

2022-01-05 08:39:54 - [TEST_STEP][PASSED] - hideKeyboard(): Keyboard is hidden

2022-01-05 08:40:04 - [MESSAGE][PASSED] - Keyboard is hidden

2022-01-05 08:40:04 - [TEST_STEP][PASSED] - tap(LOGN_BtnLogin, 0): Tapped on element 'Object Repository/Mobile/Page/Login/Button - Login'

2022-01-05 08:40:04 - [MESSAGE][WARNING] - Timeout '0' is invalid. Using default page load timeout: '60'

2022-01-05 08:40:05 - [MESSAGE][PASSED] - Tapped on element 'Object Repository/Mobile/Page/Login/Button - Login'

2022-01-05 08:40:05 - [TEST_STEP][PASSED] - delay(2): Delayed 2 second(s)

2022-01-05 08:40:07 - [MESSAGE][PASSED] - Delayed 2 second(s)

2022-01-05 08:40:07 - [TEST_STEP][PASSED] - break: null

2022-01-05 08:40:07 - [MESSAGE][PASSED] - Call Test Case 'Test Cases/Mobile/Page/Login/Login' successfully

2022-01-05 08:40:07 - [MESSAGE][PASSED] - Call Test Case 'Test Cases/Mobile/Page/CheckLogin' successfully

2022-01-05 08:40:07 - [TEST_STEP][PASSED] - tap(HOME_MenubarPortfolio, 0): Tapped on element 'Object Repository/Mobile/Page/Home/Menubar - Portfolio'

2022-01-05 08:40:07 - [MESSAGE][WARNING] - Timeout '0' is invalid. Using default page load timeout: '60'

2022-01-05 08:40:10 - [MESSAGE][PASSED] - Tapped on element 'Object Repository/Mobile/Page/Home/Menubar - Portfolio'

2022-01-05 08:40:10 - [TEST_STEP][PASSED] - delay(1): Delayed 1 second(s)

2022-01-05 08:40:11 - [MESSAGE][PASSED] - Delayed 1 second(s)

2022-01-05 08:40:11 - [TEST_STEP][PASSED] - for ([i = 0, i < 1, (i++)]): scroll.scroll.scrollScreenBottomToTop is PASSED

2022-01-05 08:40:11 - [TEST_STEP][PASSED] - if (tab == "summary"): null

2022-01-05 08:40:11 - [TEST_STEP][PASSED] - else if (tab == "stock"): null

2022-01-05 08:40:11 - [TEST_STEP][PASSED] - else if (tab == "mutualfund"): scroll.scroll.scrollScreenBottomToTop is PASSED

2022-01-05 08:40:11 - [TEST_STEP][PASSED] - tap(PORT_TabMutualFund, 0): Tapped on element 'Object Repository/Mobile/Page/Portfolio/Tab - Mutual Fund'

2022-01-05 08:40:11 - [MESSAGE][WARNING] - Timeout '0' is invalid. Using default page load timeout: '60'

2022-01-05 08:40:13 - [MESSAGE][PASSED] - Tapped on element 'Object Repository/Mobile/Page/Portfolio/Tab - Mutual Fund'

2022-01-05 08:40:13 - [TEST_STEP][PASSED] - delay(1): Delayed 1 second(s)

2022-01-05 08:40:14 - [MESSAGE][PASSED] - Delayed 1 second(s)

2022-01-05 08:40:14 - [TEST_STEP][PASSED] - try: scroll.scroll.scrollScreenBottomToTop is PASSED

2022-01-05 08:40:14 - [TEST_STEP][PASSED] - tapAndHold(PORT_ItemTopMutualFund, 1, 10): Tapped and held on element 'Object Repository/Mobile/Page/Portfolio/Item - Top Mutual Fund' with duration 1

2022-01-05 08:40:17 - [MESSAGE][PASSED] - Tapped and held on element 'Object Repository/Mobile/Page/Portfolio/Item - Top Mutual Fund' with duration 1

2022-01-05 08:40:17 - [TEST_STEP][PASSED] - delay(2): Delayed 2 second(s)

2022-01-05 08:40:19 - [MESSAGE][PASSED] - Delayed 2 second(s)

2022-01-05 08:40:19 - [TEST_STEP][PASSED] - switch (action2): null

2022-01-05 08:40:19 - [TEST_STEP][PASSED] - case "5 year":: null

2022-01-05 08:40:19 - [TEST_STEP][PASSED] - tapAndHold(PORT_DETL_Btn5Year, 1, 0): Tapped and held on element 'Object Repository/Mobile/Page/Portfolio/Detail Mutual Funds/Button - 5 Year' with duration 1

2022-01-05 08:40:19 - [MESSAGE][WARNING] - Timeout '0' is invalid. Using default page load timeout: '60'

2022-01-05 08:40:22 - [MESSAGE][PASSED] - Tapped and held on element 'Object Repository/Mobile/Page/Portfolio/Detail Mutual Funds/Button - 5 Year' with duration 1

2022-01-05 08:40:22 - [TEST_STEP][PASSED] - break: null

2022-01-05 08:40:22 - [TEST_STEP][PASSED] - delay(3): Delayed 3 second(s)

2022-01-05 08:40:25 - [MESSAGE][PASSED] - Delayed 3 second(s)

2022-01-05 08:40:25 - [TEST_STEP][PASSED] - scroll.scroll.scrollScreenBottomToTop(): scroll.scroll.scrollScreenBottomToTop is PASSED

2022-01-05 08:40:25 - [MESSAGE][PASSED] - Current device physical height is 1423

2022-01-05 08:40:25 - [MESSAGE][PASSED] - Current device physical width is 720

2022-01-05 08:40:27 - [MESSAGE][PASSED] - Swiped from 360,1,138 to 360,284

2022-01-05 08:40:27 - [MESSAGE][PASSED] - scroll.scroll.scrollScreenBottomToTop is PASSED

2022-01-05 08:40:27 - [MESSAGE][PASSED] - Call Test Case 'Test Cases/Mobile/Page/Portfolio/Portfolio' successfully

2022-01-05 08:40:27 - [TEST_STEP][PASSED] - callTestCase(findTestCase("Mobile/Page/Run App/Terminate App"), [:], STOP_ON_FAILURE): Call Test Case 'Test Cases/Mobile/Page/Run App/Terminate App' successfully

2022-01-05 08:40:27 - [TEST_CASE][PASSED] - Test Cases/Mobile/Page/Run App/Terminate App: Test Cases/Mobile/Page/Run App/Terminate App

2022-01-05 08:40:27 - [TEST_STEP][PASSED] - startApp.OpenApp.terminateApplication(): startApp.OpenApp.terminateApplication is PASSED

2022-01-05 08:40:30 - [MESSAGE][PASSED] - Delayed 3 second(s)

2022-01-05 08:40:30 - [MESSAGE][PASSED] - Current device physical width is 720

2022-01-05 08:40:31 - [MESSAGE][PASSED] - Current device physical height is 1423

2022-01-05 08:40:32 - [MESSAGE][PASSED] - Swiped from 360,853 to 360,142

2022-01-05 08:40:33 - [MESSAGE][PASSED] - Delayed 1 second(s)

2022-01-05 08:40:35 - [MESSAGE][PASSED] - Swiped from 360,853 to 360,142

2022-01-05 08:40:38 - [MESSAGE][PASSED] - Delayed 3 second(s)

2022-01-05 08:40:38 - [MESSAGE][PASSED] - startApp.OpenApp.terminateApplication is PASSED

2022-01-05 08:40:38 - [MESSAGE][PASSED] - Call Test Case 'Test Cases/Mobile/Page/Run App/Terminate App' successfully]]></system-out>
         <system-err><![CDATA[]]></system-err>
      </testcase>
      <testcase name="Test Cases/Mobile/Scenario/Portfolio/019 - Melihat detail mutual fund 10 year" time="74.071" classname="Test Cases/Mobile/Scenario/Portfolio/019 - Melihat detail mutual fund 10 year" status="PASSED">
         <system-out><![CDATA[2022-01-05 08:40:38 - [TEST_CASE][PASSED] - Test Cases/Mobile/Scenario/Portfolio/019 - Melihat detail mutual fund 10 year: Test Cases/Mobile/Scenario/Portfolio/019 - Melihat detail mutual fund 10 year

2022-01-05 08:40:38 - [TEST_STEP][PASSED] - callTestCase(findTestCase("Mobile/Page/Run App/Run App byID"), [:], STOP_ON_FAILURE): Call Test Case 'Test Cases/Mobile/Page/Run App/Run App byID' successfully

2022-01-05 08:40:38 - [TEST_CASE][PASSED] - Test Cases/Mobile/Page/Run App/Run App byID: Test Cases/Mobile/Page/Run App/Run App byID

2022-01-05 08:40:38 - [TEST_STEP][PASSED] - startApp.OpenApp.startApplication("id.co.miraeasset.sageclub"): startApp.OpenApp.startApplication is PASSED

2022-01-05 08:40:55 - [MESSAGE][PASSED] - Starting app with application ID: 'id.co.miraeasset.sageclub'

2022-01-05 08:40:55 - [MESSAGE][PASSED] - startApp.OpenApp.startApplication is PASSED

2022-01-05 08:40:55 - [MESSAGE][PASSED] - Call Test Case 'Test Cases/Mobile/Page/Run App/Run App byID' successfully

2022-01-05 08:40:55 - [TEST_STEP][PASSED] - callTestCase(findTestCase("Mobile/Page/Portfolio/Portfolio"), ["tab":"mutualfund", "action2":"10 year"], CONTINUE_ON_FAILURE): Call Test Case 'Test Cases/Mobile/Page/Portfolio/Portfolio' successfully

2022-01-05 08:40:55 - [TEST_CASE][PASSED] - Test Cases/Mobile/Page/Portfolio/Portfolio: Test Cases/Mobile/Page/Portfolio/Portfolio

2022-01-05 08:40:55 - [TEST_STEP][PASSED] - callTestCase(findTestCase("Mobile/Page/CheckLogin"), [:], CONTINUE_ON_FAILURE): Call Test Case 'Test Cases/Mobile/Page/CheckLogin' successfully

2022-01-05 08:40:55 - [TEST_CASE][PASSED] - Test Cases/Mobile/Page/CheckLogin: Test Cases/Mobile/Page/CheckLogin

2022-01-05 08:40:55 - [TEST_STEP][PASSED] - loginCheck = verifyElementExist(LOGN_BtnLogin, 5, CONTINUE_ON_FAILURE): Element 'Object Repository/Mobile/Page/Login/Button - Login' is exist

2022-01-05 08:40:58 - [MESSAGE][PASSED] - Element 'Object Repository/Mobile/Page/Login/Button - Login' is exist

2022-01-05 08:40:58 - [TEST_STEP][PASSED] - if (loginCheck): Call Test Case 'Test Cases/Mobile/Page/Login/Login' successfully

2022-01-05 08:40:58 - [TEST_STEP][PASSED] - callTestCase(findTestCase("Mobile/Page/Login/Login"), ["action":"username"], CONTINUE_ON_FAILURE): Call Test Case 'Test Cases/Mobile/Page/Login/Login' successfully

2022-01-05 08:40:58 - [TEST_CASE][PASSED] - Test Cases/Mobile/Page/Login/Login: Test Cases/Mobile/Page/Login/Login

2022-01-05 08:40:58 - [TEST_STEP][PASSED] - delay(2): Delayed 2 second(s)

2022-01-05 08:41:00 - [MESSAGE][PASSED] - Delayed 2 second(s)

2022-01-05 08:41:00 - [TEST_STEP][PASSED] - for ([i = 0, i < 1, (i++)]): null

2022-01-05 08:41:00 - [TEST_STEP][PASSED] - if (action == "username"): null

2022-01-05 08:41:00 - [TEST_STEP][PASSED] - tap(LOGN_EdtUserID, 0): Tapped on element 'Object Repository/Mobile/Page/Login/Input - UserID'

2022-01-05 08:41:00 - [MESSAGE][WARNING] - Timeout '0' is invalid. Using default page load timeout: '60'

2022-01-05 08:41:01 - [MESSAGE][PASSED] - Tapped on element 'Object Repository/Mobile/Page/Login/Input - UserID'

2022-01-05 08:41:01 - [TEST_STEP][PASSED] - delay(1): Delayed 1 second(s)

2022-01-05 08:41:02 - [MESSAGE][PASSED] - Delayed 1 second(s)

2022-01-05 08:41:02 - [TEST_STEP][PASSED] - setText(LOGN_EdtRdyUserID, "anggaaditya", 0): Text 'anggaaditya' has been set to element 'Object Repository/Mobile/Page/Login/Input Rdy - UserID'

2022-01-05 08:41:02 - [MESSAGE][WARNING] - Timeout '0' is invalid. Using default page load timeout: '60'

2022-01-05 08:41:03 - [MESSAGE][PASSED] - Text 'anggaaditya' has been set to element 'Object Repository/Mobile/Page/Login/Input Rdy - UserID'

2022-01-05 08:41:03 - [TEST_STEP][PASSED] - delay(1): Delayed 1 second(s)

2022-01-05 08:41:04 - [MESSAGE][PASSED] - Delayed 1 second(s)

2022-01-05 08:41:04 - [TEST_STEP][PASSED] - hideKeyboard(): Keyboard is hidden

2022-01-05 08:41:10 - [MESSAGE][PASSED] - Keyboard is hidden

2022-01-05 08:41:10 - [TEST_STEP][PASSED] - tap(LOGN_EdtPassword, 0): Tapped on element 'Object Repository/Mobile/Page/Login/Input - Password'

2022-01-05 08:41:10 - [MESSAGE][WARNING] - Timeout '0' is invalid. Using default page load timeout: '60'

2022-01-05 08:41:10 - [MESSAGE][PASSED] - Tapped on element 'Object Repository/Mobile/Page/Login/Input - Password'

2022-01-05 08:41:10 - [TEST_STEP][PASSED] - delay(1): Delayed 1 second(s)

2022-01-05 08:41:11 - [MESSAGE][PASSED] - Delayed 1 second(s)

2022-01-05 08:41:11 - [TEST_STEP][PASSED] - setText(LOGN_EdtRdyPassword, "Shalawa18", 0): Text 'Shalawa18' has been set to element 'Object Repository/Mobile/Page/Login/Input Rdy - Password'

2022-01-05 08:41:11 - [MESSAGE][WARNING] - Timeout '0' is invalid. Using default page load timeout: '60'

2022-01-05 08:41:12 - [MESSAGE][PASSED] - Text 'Shalawa18' has been set to element 'Object Repository/Mobile/Page/Login/Input Rdy - Password'

2022-01-05 08:41:12 - [TEST_STEP][PASSED] - delay(1): Delayed 1 second(s)

2022-01-05 08:41:13 - [MESSAGE][PASSED] - Delayed 1 second(s)

2022-01-05 08:41:13 - [TEST_STEP][PASSED] - hideKeyboard(): Keyboard is hidden

2022-01-05 08:41:20 - [MESSAGE][PASSED] - Keyboard is hidden

2022-01-05 08:41:20 - [TEST_STEP][PASSED] - tap(LOGN_BtnLogin, 0): Tapped on element 'Object Repository/Mobile/Page/Login/Button - Login'

2022-01-05 08:41:20 - [MESSAGE][WARNING] - Timeout '0' is invalid. Using default page load timeout: '60'

2022-01-05 08:41:21 - [MESSAGE][PASSED] - Tapped on element 'Object Repository/Mobile/Page/Login/Button - Login'

2022-01-05 08:41:21 - [TEST_STEP][PASSED] - delay(2): Delayed 2 second(s)

2022-01-05 08:41:23 - [MESSAGE][PASSED] - Delayed 2 second(s)

2022-01-05 08:41:23 - [TEST_STEP][PASSED] - break: null

2022-01-05 08:41:23 - [MESSAGE][PASSED] - Call Test Case 'Test Cases/Mobile/Page/Login/Login' successfully

2022-01-05 08:41:23 - [MESSAGE][PASSED] - Call Test Case 'Test Cases/Mobile/Page/CheckLogin' successfully

2022-01-05 08:41:23 - [TEST_STEP][PASSED] - tap(HOME_MenubarPortfolio, 0): Tapped on element 'Object Repository/Mobile/Page/Home/Menubar - Portfolio'

2022-01-05 08:41:23 - [MESSAGE][WARNING] - Timeout '0' is invalid. Using default page load timeout: '60'

2022-01-05 08:41:25 - [MESSAGE][PASSED] - Tapped on element 'Object Repository/Mobile/Page/Home/Menubar - Portfolio'

2022-01-05 08:41:25 - [TEST_STEP][PASSED] - delay(1): Delayed 1 second(s)

2022-01-05 08:41:26 - [MESSAGE][PASSED] - Delayed 1 second(s)

2022-01-05 08:41:26 - [TEST_STEP][PASSED] - for ([i = 0, i < 1, (i++)]): scroll.scroll.scrollScreenBottomToTop is PASSED

2022-01-05 08:41:26 - [TEST_STEP][PASSED] - if (tab == "summary"): null

2022-01-05 08:41:26 - [TEST_STEP][PASSED] - else if (tab == "stock"): null

2022-01-05 08:41:26 - [TEST_STEP][PASSED] - else if (tab == "mutualfund"): scroll.scroll.scrollScreenBottomToTop is PASSED

2022-01-05 08:41:26 - [TEST_STEP][PASSED] - tap(PORT_TabMutualFund, 0): Tapped on element 'Object Repository/Mobile/Page/Portfolio/Tab - Mutual Fund'

2022-01-05 08:41:26 - [MESSAGE][WARNING] - Timeout '0' is invalid. Using default page load timeout: '60'

2022-01-05 08:41:27 - [MESSAGE][PASSED] - Tapped on element 'Object Repository/Mobile/Page/Portfolio/Tab - Mutual Fund'

2022-01-05 08:41:27 - [TEST_STEP][PASSED] - delay(1): Delayed 1 second(s)

2022-01-05 08:41:28 - [MESSAGE][PASSED] - Delayed 1 second(s)

2022-01-05 08:41:28 - [TEST_STEP][PASSED] - try: scroll.scroll.scrollScreenBottomToTop is PASSED

2022-01-05 08:41:28 - [TEST_STEP][PASSED] - tapAndHold(PORT_ItemTopMutualFund, 1, 10): Tapped and held on element 'Object Repository/Mobile/Page/Portfolio/Item - Top Mutual Fund' with duration 1

2022-01-05 08:41:31 - [MESSAGE][PASSED] - Tapped and held on element 'Object Repository/Mobile/Page/Portfolio/Item - Top Mutual Fund' with duration 1

2022-01-05 08:41:31 - [TEST_STEP][PASSED] - delay(2): Delayed 2 second(s)

2022-01-05 08:41:33 - [MESSAGE][PASSED] - Delayed 2 second(s)

2022-01-05 08:41:33 - [TEST_STEP][PASSED] - switch (action2): null

2022-01-05 08:41:33 - [TEST_STEP][PASSED] - case "10 year":: null

2022-01-05 08:41:33 - [TEST_STEP][PASSED] - tapAndHold(PORT_DETL_Btn10Year, 1, 0): Tapped and held on element 'Object Repository/Mobile/Page/Portfolio/Detail Mutual Funds/Button - 10 Year' with duration 1

2022-01-05 08:41:33 - [MESSAGE][WARNING] - Timeout '0' is invalid. Using default page load timeout: '60'

2022-01-05 08:41:36 - [MESSAGE][PASSED] - Tapped and held on element 'Object Repository/Mobile/Page/Portfolio/Detail Mutual Funds/Button - 10 Year' with duration 1

2022-01-05 08:41:36 - [TEST_STEP][PASSED] - break: null

2022-01-05 08:41:36 - [TEST_STEP][PASSED] - delay(3): Delayed 3 second(s)

2022-01-05 08:41:39 - [MESSAGE][PASSED] - Delayed 3 second(s)

2022-01-05 08:41:39 - [TEST_STEP][PASSED] - scroll.scroll.scrollScreenBottomToTop(): scroll.scroll.scrollScreenBottomToTop is PASSED

2022-01-05 08:41:40 - [MESSAGE][PASSED] - Current device physical height is 1423

2022-01-05 08:41:40 - [MESSAGE][PASSED] - Current device physical width is 720

2022-01-05 08:41:41 - [MESSAGE][PASSED] - Swiped from 360,1,138 to 360,284

2022-01-05 08:41:41 - [MESSAGE][PASSED] - scroll.scroll.scrollScreenBottomToTop is PASSED

2022-01-05 08:41:41 - [MESSAGE][PASSED] - Call Test Case 'Test Cases/Mobile/Page/Portfolio/Portfolio' successfully

2022-01-05 08:41:41 - [TEST_STEP][PASSED] - callTestCase(findTestCase("Mobile/Page/Run App/Terminate App"), [:], STOP_ON_FAILURE): Call Test Case 'Test Cases/Mobile/Page/Run App/Terminate App' successfully

2022-01-05 08:41:41 - [TEST_CASE][PASSED] - Test Cases/Mobile/Page/Run App/Terminate App: Test Cases/Mobile/Page/Run App/Terminate App

2022-01-05 08:41:41 - [TEST_STEP][PASSED] - startApp.OpenApp.terminateApplication(): startApp.OpenApp.terminateApplication is PASSED

2022-01-05 08:41:44 - [MESSAGE][PASSED] - Delayed 3 second(s)

2022-01-05 08:41:45 - [MESSAGE][PASSED] - Current device physical width is 720

2022-01-05 08:41:45 - [MESSAGE][PASSED] - Current device physical height is 1423

2022-01-05 08:41:46 - [MESSAGE][PASSED] - Swiped from 360,853 to 360,142

2022-01-05 08:41:47 - [MESSAGE][PASSED] - Delayed 1 second(s)

2022-01-05 08:41:49 - [MESSAGE][PASSED] - Swiped from 360,853 to 360,142

2022-01-05 08:41:52 - [MESSAGE][PASSED] - Delayed 3 second(s)

2022-01-05 08:41:52 - [MESSAGE][PASSED] - startApp.OpenApp.terminateApplication is PASSED

2022-01-05 08:41:52 - [MESSAGE][PASSED] - Call Test Case 'Test Cases/Mobile/Page/Run App/Terminate App' successfully]]></system-out>
         <system-err><![CDATA[]]></system-err>
      </testcase>
      <system-out><![CDATA[2022-01-05 08:19:34 - [TEST_SUITE][PASSED] - portfolio: Test Cases/Mobile/Scenario/Portfolio/019 - Melihat detail mutual fund 10 year]]></system-out>
      <system-err><![CDATA[]]></system-err>
   </testsuite>
</testsuites>
