<?xml version="1.0" encoding="UTF-8"?>
<testsuites name="login" time="301.78" tests="5" failures="0" skips="0" errors="0">
   <testsuite name="login" tests="5" failures="0" errors="0" time="301.78" skips="0" timestamp="2022-03-07 10:34:44" hostname="Owner - aldy-tft" id="Test Suites/login">
      <properties>
         <property name="deviceName" value="samsung SM-A205F (Android 11)"/>
         <property name="devicePlatform" value=""/>
         <property name="logFolder" value="C:\\Users\\Owner\\Documents\\kerjaan\\KatalonProject\\qa_katalon_pwm\\qa_katalon_pwm\\Reports\\20220307_102334\\login\\20220307_102341"/>
         <property name="logFiles" value="C:\\Users\\Owner\\Documents\\kerjaan\\KatalonProject\\qa_katalon_pwm\\qa_katalon_pwm\\Reports\\20220307_102334\\login\\20220307_102341\\appium.log, C:\\Users\\Owner\\Documents\\kerjaan\\KatalonProject\\qa_katalon_pwm\\qa_katalon_pwm\\Reports\\20220307_102334\\login\\20220307_102341\\execution0.log"/>
         <property name="attachments" value=""/>
         <property name="hostName" value="Owner - aldy-tft"/>
         <property name="os" value="Windows 10 64bit"/>
         <property name="appiumServerStatus" value="{&quot;value&quot;:{&quot;build&quot;:{&quot;version&quot;:&quot;1.22.0&quot;}},&quot;sessionId&quot;:null,&quot;status&quot;:0}"/>
         <property name="katalonVersion" value="7.9.1.208"/>
         <property name="deviceOS" value="Android"/>
         <property name="appiumVersion" value="1.22.0"/>
         <property name="deviceModel" value="SM-A205F"/>
         <property name="hostAddress" value="192.168.116.52"/>
         <property name="deviceManufacturer" value="samsung"/>
         <property name="deviceId" value="RR8M40C9AXE"/>
         <property name="deviceName" value="samsung SM-A205F (Android 11)"/>
         <property name="deviceOSVersion" value="11"/>
      </properties>
      <testcase name="Test Cases/Mobile/Scenario/Login/001 - Login dengan username" time="91.934" classname="Test Cases/Mobile/Scenario/Login/001 - Login dengan username" status="PASSED">
         <system-out><![CDATA[2022-03-07 10:34:44 - [TEST_CASE][PASSED] - Test Cases/Mobile/Scenario/Login/001 - Login dengan username: Test Cases/Mobile/Scenario/Login/001 - Login dengan username

2022-03-07 10:34:45 - [TEST_STEP][PASSED] - callTestCase(findTestCase("Mobile/Page/Run App/Run App byID"), [:], STOP_ON_FAILURE): Call Test Case 'Test Cases/Mobile/Page/Run App/Run App byID' successfully

2022-03-07 10:34:45 - [TEST_CASE][PASSED] - Test Cases/Mobile/Page/Run App/Run App byID: Test Cases/Mobile/Page/Run App/Run App byID

2022-03-07 10:34:45 - [TEST_STEP][PASSED] - startApp.OpenApp.startApplication("id.co.miraeasset.sageclub"): startApp.OpenApp.startApplication is PASSED

2022-03-07 10:34:47 - [MESSAGE][INFO] - Appium server started on port 62,703

2022-03-07 10:35:03 - [MESSAGE][PASSED] - Starting app with application ID: 'id.co.miraeasset.sageclub'

2022-03-07 10:35:03 - [MESSAGE][PASSED] - startApp.OpenApp.startApplication is PASSED

2022-03-07 10:35:03 - [MESSAGE][PASSED] - Call Test Case 'Test Cases/Mobile/Page/Run App/Run App byID' successfully

2022-03-07 10:35:03 - [TEST_STEP][PASSED] - callTestCase(findTestCase("Mobile/Page/Login/Login"), ["action":"username"], CONTINUE_ON_FAILURE): Call Test Case 'Test Cases/Mobile/Page/Login/Login' successfully

2022-03-07 10:35:03 - [TEST_CASE][PASSED] - Test Cases/Mobile/Page/Login/Login: Test Cases/Mobile/Page/Login/Login

2022-03-07 10:35:05 - [TEST_STEP][PASSED] - delay(2): Delayed 2 second(s)

2022-03-07 10:35:07 - [MESSAGE][PASSED] - Delayed 2 second(s)

2022-03-07 10:35:07 - [TEST_STEP][PASSED] - for ([i = 0, i < 1, (i++)]): null

2022-03-07 10:35:07 - [TEST_STEP][PASSED] - if (action == "username"): null

2022-03-07 10:35:07 - [TEST_STEP][PASSED] - tap(LOGN_EdtUserID, 0): Tapped on element 'Object Repository/Mobile/Page/Login/Input - UserID'

2022-03-07 10:35:07 - [MESSAGE][WARNING] - Test object with id 'Object Repository/Mobile/Page/Analysis/Button - Open With Just Once' does not exist

2022-03-07 10:35:07 - [MESSAGE][WARNING] - Test object with id 'Object Repository/Mobile/Page/Analysis/Button - Search' does not exist

2022-03-07 10:35:11 - [MESSAGE][WARNING] - Test object with id 'Object Repository/Mobile/Page/Home/Button -  Add Watchlist' does not exist

2022-03-07 10:35:11 - [MESSAGE][WARNING] - Test object with id 'Object Repository/Mobile/Page/Home/Button - Open with Just Once' does not exist

2022-03-07 10:35:12 - [MESSAGE][WARNING] - Test object with id 'Object Repository/Mobile/Page/Home/Container - Notification' does not exist

2022-03-07 10:35:13 - [MESSAGE][WARNING] - Test object with id 'Object Repository/Mobile/Page/Home/Watchlist/Input - Search' does not exist

2022-03-07 10:35:13 - [MESSAGE][WARNING] - Test object with id 'Object Repository/Mobile/Page/Home/Watchlist/Item - Top Search' does not exist

2022-03-07 10:35:14 - [MESSAGE][WARNING] - Test object with id 'Object Repository/Mobile/Page/Home/Watchlist/Detail Watchlist/Input - Expiry Date' does not exist

2022-03-07 10:35:14 - [MESSAGE][WARNING] - Test object with id 'Object Repository/Mobile/Page/Home/Watchlist/Detail Watchlist/Item - Watchlist' does not exist

2022-03-07 10:35:16 - [MESSAGE][WARNING] - Test object with id 'Object Repository/Mobile/Page/NavigationMenu/Button - Open Just Once' does not exist

2022-03-07 10:35:16 - [MESSAGE][WARNING] - Test object with id 'Object Repository/Mobile/Page/NavigationMenu/Container - Logout' does not exist

2022-03-07 10:35:26 - [MESSAGE][WARNING] - Test object with id 'Object Repository/Mobile/Page/Analysis/Button - Open With Just Once' does not exist

2022-03-07 10:35:26 - [MESSAGE][WARNING] - Test object with id 'Object Repository/Mobile/Page/Analysis/Button - Search' does not exist

2022-03-07 10:35:30 - [MESSAGE][WARNING] - Test object with id 'Object Repository/Mobile/Page/Home/Button -  Add Watchlist' does not exist

2022-03-07 10:35:30 - [MESSAGE][WARNING] - Test object with id 'Object Repository/Mobile/Page/Home/Button - Open with Just Once' does not exist

2022-03-07 10:35:30 - [MESSAGE][WARNING] - Test object with id 'Object Repository/Mobile/Page/Home/Container - Notification' does not exist

2022-03-07 10:35:31 - [MESSAGE][WARNING] - Test object with id 'Object Repository/Mobile/Page/Home/Watchlist/Input - Search' does not exist

2022-03-07 10:35:31 - [MESSAGE][WARNING] - Test object with id 'Object Repository/Mobile/Page/Home/Watchlist/Item - Top Search' does not exist

2022-03-07 10:35:32 - [MESSAGE][WARNING] - Test object with id 'Object Repository/Mobile/Page/Home/Watchlist/Detail Watchlist/Input - Expiry Date' does not exist

2022-03-07 10:35:32 - [MESSAGE][WARNING] - Test object with id 'Object Repository/Mobile/Page/Home/Watchlist/Detail Watchlist/Item - Watchlist' does not exist

2022-03-07 10:35:34 - [MESSAGE][WARNING] - Test object with id 'Object Repository/Mobile/Page/NavigationMenu/Button - Open Just Once' does not exist

2022-03-07 10:35:34 - [MESSAGE][WARNING] - Test object with id 'Object Repository/Mobile/Page/NavigationMenu/Container - Logout' does not exist

2022-03-07 10:35:44 - [MESSAGE][WARNING] - Timeout '0' is invalid. Using default page load timeout: '60'

2022-03-07 10:35:45 - [MESSAGE][PASSED] - Tapped on element 'Object Repository/Mobile/Page/Login/Input - UserID'

2022-03-07 10:35:45 - [TEST_STEP][PASSED] - delay(1): Delayed 1 second(s)

2022-03-07 10:35:46 - [MESSAGE][PASSED] - Delayed 1 second(s)

2022-03-07 10:35:46 - [TEST_STEP][PASSED] - setText(LOGN_EdtRdyUserID, "anggaaditya", 0): Text 'anggaaditya' has been set to element 'Object Repository/Mobile/Page/Login/Input Rdy - UserID'

2022-03-07 10:35:46 - [MESSAGE][WARNING] - Timeout '0' is invalid. Using default page load timeout: '60'

2022-03-07 10:35:46 - [MESSAGE][PASSED] - Text 'anggaaditya' has been set to element 'Object Repository/Mobile/Page/Login/Input Rdy - UserID'

2022-03-07 10:35:46 - [TEST_STEP][PASSED] - delay(1): Delayed 1 second(s)

2022-03-07 10:35:47 - [MESSAGE][PASSED] - Delayed 1 second(s)

2022-03-07 10:35:47 - [TEST_STEP][PASSED] - hideKeyboard(): Keyboard is hidden

2022-03-07 10:35:51 - [MESSAGE][PASSED] - Keyboard is hidden

2022-03-07 10:35:51 - [TEST_STEP][PASSED] - tap(LOGN_EdtPassword, 0): Tapped on element 'Object Repository/Mobile/Page/Login/Input - Password'

2022-03-07 10:35:51 - [MESSAGE][WARNING] - Timeout '0' is invalid. Using default page load timeout: '60'

2022-03-07 10:35:52 - [MESSAGE][PASSED] - Tapped on element 'Object Repository/Mobile/Page/Login/Input - Password'

2022-03-07 10:35:52 - [TEST_STEP][PASSED] - delay(1): Delayed 1 second(s)

2022-03-07 10:35:53 - [MESSAGE][PASSED] - Delayed 1 second(s)

2022-03-07 10:35:53 - [TEST_STEP][PASSED] - setText(LOGN_EdtRdyPassword, "Shalawa18", 0): Text 'Shalawa18' has been set to element 'Object Repository/Mobile/Page/Login/Input Rdy - Password'

2022-03-07 10:35:53 - [MESSAGE][WARNING] - Timeout '0' is invalid. Using default page load timeout: '60'

2022-03-07 10:35:54 - [MESSAGE][PASSED] - Text 'Shalawa18' has been set to element 'Object Repository/Mobile/Page/Login/Input Rdy - Password'

2022-03-07 10:35:54 - [TEST_STEP][PASSED] - delay(1): Delayed 1 second(s)

2022-03-07 10:35:55 - [MESSAGE][PASSED] - Delayed 1 second(s)

2022-03-07 10:35:55 - [TEST_STEP][PASSED] - hideKeyboard(): Keyboard is hidden

2022-03-07 10:36:01 - [MESSAGE][PASSED] - Keyboard is hidden

2022-03-07 10:36:01 - [TEST_STEP][PASSED] - tap(LOGN_BtnLogin, 0): Tapped on element 'Object Repository/Mobile/Page/Login/Button - Login'

2022-03-07 10:36:01 - [MESSAGE][WARNING] - Timeout '0' is invalid. Using default page load timeout: '60'

2022-03-07 10:36:02 - [MESSAGE][PASSED] - Tapped on element 'Object Repository/Mobile/Page/Login/Button - Login'

2022-03-07 10:36:02 - [TEST_STEP][PASSED] - delay(2): Delayed 2 second(s)

2022-03-07 10:36:04 - [MESSAGE][PASSED] - Delayed 2 second(s)

2022-03-07 10:36:04 - [TEST_STEP][PASSED] - break: null

2022-03-07 10:36:04 - [MESSAGE][PASSED] - Call Test Case 'Test Cases/Mobile/Page/Login/Login' successfully

2022-03-07 10:36:04 - [TEST_STEP][PASSED] - callTestCase(findTestCase("Mobile/Page/Run App/Terminate App"), [:], STOP_ON_FAILURE): Call Test Case 'Test Cases/Mobile/Page/Run App/Terminate App' successfully

2022-03-07 10:36:04 - [TEST_CASE][PASSED] - Test Cases/Mobile/Page/Run App/Terminate App: Test Cases/Mobile/Page/Run App/Terminate App

2022-03-07 10:36:05 - [TEST_STEP][PASSED] - startApp.OpenApp.terminateApplication(): startApp.OpenApp.terminateApplication is PASSED

2022-03-07 10:36:09 - [MESSAGE][PASSED] - Delayed 3 second(s)

2022-03-07 10:36:09 - [MESSAGE][PASSED] - Current device physical width is 720

2022-03-07 10:36:09 - [MESSAGE][PASSED] - Current device physical height is 1423

2022-03-07 10:36:11 - [MESSAGE][PASSED] - Swiped from 360,853 to 360,142

2022-03-07 10:36:12 - [MESSAGE][PASSED] - Delayed 1 second(s)

2022-03-07 10:36:13 - [MESSAGE][PASSED] - Swiped from 360,853 to 360,142

2022-03-07 10:36:16 - [MESSAGE][PASSED] - Delayed 3 second(s)

2022-03-07 10:36:16 - [MESSAGE][PASSED] - startApp.OpenApp.terminateApplication is PASSED

2022-03-07 10:36:16 - [MESSAGE][PASSED] - Call Test Case 'Test Cases/Mobile/Page/Run App/Terminate App' successfully]]></system-out>
         <system-err><![CDATA[]]></system-err>
      </testcase>
      <testcase name="Test Cases/Mobile/Scenario/Login/002 - Login dengan password salah" time="48.374" classname="Test Cases/Mobile/Scenario/Login/002 - Login dengan password salah" status="PASSED">
         <system-out><![CDATA[2022-03-07 10:36:16 - [TEST_CASE][PASSED] - Test Cases/Mobile/Scenario/Login/002 - Login dengan password salah: Test Cases/Mobile/Scenario/Login/002 - Login dengan password salah

2022-03-07 10:36:17 - [TEST_STEP][PASSED] - callTestCase(findTestCase("Mobile/Page/Run App/Run App byID"), [:], STOP_ON_FAILURE): Call Test Case 'Test Cases/Mobile/Page/Run App/Run App byID' successfully

2022-03-07 10:36:17 - [TEST_CASE][PASSED] - Test Cases/Mobile/Page/Run App/Run App byID: Test Cases/Mobile/Page/Run App/Run App byID

2022-03-07 10:36:17 - [TEST_STEP][PASSED] - startApp.OpenApp.startApplication("id.co.miraeasset.sageclub"): startApp.OpenApp.startApplication is PASSED

2022-03-07 10:36:31 - [MESSAGE][PASSED] - Starting app with application ID: 'id.co.miraeasset.sageclub'

2022-03-07 10:36:31 - [MESSAGE][PASSED] - startApp.OpenApp.startApplication is PASSED

2022-03-07 10:36:31 - [MESSAGE][PASSED] - Call Test Case 'Test Cases/Mobile/Page/Run App/Run App byID' successfully

2022-03-07 10:36:31 - [TEST_STEP][PASSED] - callTestCase(findTestCase("Mobile/Page/Login/Login"), ["action":"wrongpassword"], CONTINUE_ON_FAILURE): Call Test Case 'Test Cases/Mobile/Page/Login/Login' successfully

2022-03-07 10:36:32 - [TEST_CASE][PASSED] - Test Cases/Mobile/Page/Login/Login: Test Cases/Mobile/Page/Login/Login

2022-03-07 10:36:32 - [TEST_STEP][PASSED] - delay(2): Delayed 2 second(s)

2022-03-07 10:36:34 - [MESSAGE][PASSED] - Delayed 2 second(s)

2022-03-07 10:36:34 - [TEST_STEP][PASSED] - for ([i = 0, i < 1, (i++)]): null

2022-03-07 10:36:34 - [TEST_STEP][PASSED] - if (action == "username"): null

2022-03-07 10:36:34 - [TEST_STEP][PASSED] - else if (action == "wrongpassword"): null

2022-03-07 10:36:34 - [TEST_STEP][PASSED] - tap(LOGN_EdtUserID, 0): Tapped on element 'Object Repository/Mobile/Page/Login/Input - UserID'

2022-03-07 10:36:34 - [MESSAGE][WARNING] - Timeout '0' is invalid. Using default page load timeout: '60'

2022-03-07 10:36:35 - [MESSAGE][PASSED] - Tapped on element 'Object Repository/Mobile/Page/Login/Input - UserID'

2022-03-07 10:36:35 - [TEST_STEP][PASSED] - delay(1): Delayed 1 second(s)

2022-03-07 10:36:36 - [MESSAGE][PASSED] - Delayed 1 second(s)

2022-03-07 10:36:36 - [TEST_STEP][PASSED] - setText(LOGN_EdtRdyUserID, "anggaaditya", 0): Text 'anggaaditya' has been set to element 'Object Repository/Mobile/Page/Login/Input Rdy - UserID'

2022-03-07 10:36:36 - [MESSAGE][WARNING] - Timeout '0' is invalid. Using default page load timeout: '60'

2022-03-07 10:36:36 - [MESSAGE][PASSED] - Text 'anggaaditya' has been set to element 'Object Repository/Mobile/Page/Login/Input Rdy - UserID'

2022-03-07 10:36:36 - [TEST_STEP][PASSED] - delay(1): Delayed 1 second(s)

2022-03-07 10:36:37 - [MESSAGE][PASSED] - Delayed 1 second(s)

2022-03-07 10:36:37 - [TEST_STEP][PASSED] - hideKeyboard(): Keyboard is hidden

2022-03-07 10:36:41 - [MESSAGE][PASSED] - Keyboard is hidden

2022-03-07 10:36:41 - [TEST_STEP][PASSED] - tap(LOGN_EdtPassword, 0): Tapped on element 'Object Repository/Mobile/Page/Login/Input - Password'

2022-03-07 10:36:41 - [MESSAGE][WARNING] - Timeout '0' is invalid. Using default page load timeout: '60'

2022-03-07 10:36:42 - [MESSAGE][PASSED] - Tapped on element 'Object Repository/Mobile/Page/Login/Input - Password'

2022-03-07 10:36:42 - [TEST_STEP][PASSED] - delay(1): Delayed 1 second(s)

2022-03-07 10:36:43 - [MESSAGE][PASSED] - Delayed 1 second(s)

2022-03-07 10:36:43 - [TEST_STEP][PASSED] - setText(LOGN_EdtRdyPassword, "Shalawa181", 0): Text 'Shalawa181' has been set to element 'Object Repository/Mobile/Page/Login/Input Rdy - Password'

2022-03-07 10:36:43 - [MESSAGE][WARNING] - Timeout '0' is invalid. Using default page load timeout: '60'

2022-03-07 10:36:43 - [MESSAGE][PASSED] - Text 'Shalawa181' has been set to element 'Object Repository/Mobile/Page/Login/Input Rdy - Password'

2022-03-07 10:36:43 - [TEST_STEP][PASSED] - delay(1): Delayed 1 second(s)

2022-03-07 10:36:44 - [MESSAGE][PASSED] - Delayed 1 second(s)

2022-03-07 10:36:44 - [TEST_STEP][PASSED] - hideKeyboard(): Keyboard is hidden

2022-03-07 10:36:51 - [MESSAGE][PASSED] - Keyboard is hidden

2022-03-07 10:36:51 - [TEST_STEP][PASSED] - tap(LOGN_BtnLogin, 0): Tapped on element 'Object Repository/Mobile/Page/Login/Button - Login'

2022-03-07 10:36:51 - [MESSAGE][WARNING] - Timeout '0' is invalid. Using default page load timeout: '60'

2022-03-07 10:36:52 - [MESSAGE][PASSED] - Tapped on element 'Object Repository/Mobile/Page/Login/Button - Login'

2022-03-07 10:36:52 - [TEST_STEP][PASSED] - delay(2): Delayed 2 second(s)

2022-03-07 10:36:54 - [MESSAGE][PASSED] - Delayed 2 second(s)

2022-03-07 10:36:54 - [TEST_STEP][PASSED] - verify = verifyElementExist(LOGN_AlertInvalidCredentials, 5, STOP_ON_FAILURE): Element 'Object Repository/Mobile/Page/Login/Alert - Invalid credentials' is exist

2022-03-07 10:36:54 - [MESSAGE][PASSED] - Element 'Object Repository/Mobile/Page/Login/Alert - Invalid credentials' is exist

2022-03-07 10:36:54 - [TEST_STEP][PASSED] - break: null

2022-03-07 10:36:54 - [MESSAGE][PASSED] - Call Test Case 'Test Cases/Mobile/Page/Login/Login' successfully

2022-03-07 10:36:54 - [TEST_STEP][PASSED] - callTestCase(findTestCase("Mobile/Page/Run App/Terminate App"), [:], STOP_ON_FAILURE): Call Test Case 'Test Cases/Mobile/Page/Run App/Terminate App' successfully

2022-03-07 10:36:54 - [TEST_CASE][PASSED] - Test Cases/Mobile/Page/Run App/Terminate App: Test Cases/Mobile/Page/Run App/Terminate App

2022-03-07 10:36:54 - [TEST_STEP][PASSED] - startApp.OpenApp.terminateApplication(): startApp.OpenApp.terminateApplication is PASSED

2022-03-07 10:36:57 - [MESSAGE][PASSED] - Delayed 3 second(s)

2022-03-07 10:36:58 - [MESSAGE][PASSED] - Current device physical width is 720

2022-03-07 10:36:58 - [MESSAGE][PASSED] - Current device physical height is 1423

2022-03-07 10:36:59 - [MESSAGE][PASSED] - Swiped from 360,853 to 360,142

2022-03-07 10:37:00 - [MESSAGE][PASSED] - Delayed 1 second(s)

2022-03-07 10:37:02 - [MESSAGE][PASSED] - Swiped from 360,853 to 360,142

2022-03-07 10:37:05 - [MESSAGE][PASSED] - Delayed 3 second(s)

2022-03-07 10:37:05 - [MESSAGE][PASSED] - startApp.OpenApp.terminateApplication is PASSED

2022-03-07 10:37:05 - [MESSAGE][PASSED] - Call Test Case 'Test Cases/Mobile/Page/Run App/Terminate App' successfully]]></system-out>
         <system-err><![CDATA[]]></system-err>
      </testcase>
      <testcase name="Test Cases/Mobile/Scenario/Login/003 - Login tanpa internet" time="59.594" classname="Test Cases/Mobile/Scenario/Login/003 - Login tanpa internet" status="PASSED">
         <system-out><![CDATA[2022-03-07 10:37:05 - [TEST_CASE][PASSED] - Test Cases/Mobile/Scenario/Login/003 - Login tanpa internet: Test Cases/Mobile/Scenario/Login/003 - Login tanpa internet

2022-03-07 10:37:05 - [TEST_STEP][PASSED] - callTestCase(findTestCase("Mobile/Page/Run App/Run App byID"), [:], STOP_ON_FAILURE): Call Test Case 'Test Cases/Mobile/Page/Run App/Run App byID' successfully

2022-03-07 10:37:05 - [TEST_CASE][PASSED] - Test Cases/Mobile/Page/Run App/Run App byID: Test Cases/Mobile/Page/Run App/Run App byID

2022-03-07 10:37:05 - [TEST_STEP][PASSED] - startApp.OpenApp.startApplication("id.co.miraeasset.sageclub"): startApp.OpenApp.startApplication is PASSED

2022-03-07 10:37:19 - [MESSAGE][PASSED] - Starting app with application ID: 'id.co.miraeasset.sageclub'

2022-03-07 10:37:19 - [MESSAGE][PASSED] - startApp.OpenApp.startApplication is PASSED

2022-03-07 10:37:19 - [MESSAGE][PASSED] - Call Test Case 'Test Cases/Mobile/Page/Run App/Run App byID' successfully

2022-03-07 10:37:19 - [TEST_STEP][PASSED] - callTestCase(findTestCase("Mobile/Page/Login/Login"), ["action":"nointernet"], CONTINUE_ON_FAILURE): Call Test Case 'Test Cases/Mobile/Page/Login/Login' successfully

2022-03-07 10:37:19 - [TEST_CASE][PASSED] - Test Cases/Mobile/Page/Login/Login: Test Cases/Mobile/Page/Login/Login

2022-03-07 10:37:19 - [TEST_STEP][PASSED] - delay(2): Delayed 2 second(s)

2022-03-07 10:37:21 - [MESSAGE][PASSED] - Delayed 2 second(s)

2022-03-07 10:37:21 - [TEST_STEP][PASSED] - for ([i = 0, i < 1, (i++)]): null

2022-03-07 10:37:21 - [TEST_STEP][PASSED] - if (action == "username"): null

2022-03-07 10:37:21 - [TEST_STEP][PASSED] - else if (action == "wrongpassword"): null

2022-03-07 10:37:21 - [TEST_STEP][PASSED] - else if (action == "nointernet"): null

2022-03-07 10:37:21 - [TEST_STEP][PASSED] - scroll.scroll.scrollNotificationBar(): scroll.scroll.scrollNotificationBar is PASSED

2022-03-07 10:37:21 - [MESSAGE][PASSED] - Current device physical height is 1423

2022-03-07 10:37:23 - [MESSAGE][PASSED] - Swiped from 50,50 to 50,1,138

2022-03-07 10:37:23 - [MESSAGE][PASSED] - scroll.scroll.scrollNotificationBar is PASSED

2022-03-07 10:37:23 - [TEST_STEP][PASSED] - delay(1): Delayed 1 second(s)

2022-03-07 10:37:24 - [MESSAGE][PASSED] - Delayed 1 second(s)

2022-03-07 10:37:24 - [TEST_STEP][PASSED] - tap(OTHR_BtnWifi, 0): Tapped on element 'Object Repository/Mobile/Page/Others/Button - Wifi'

2022-03-07 10:37:24 - [MESSAGE][WARNING] - Timeout '0' is invalid. Using default page load timeout: '60'

2022-03-07 10:37:25 - [MESSAGE][PASSED] - Tapped on element 'Object Repository/Mobile/Page/Others/Button - Wifi'

2022-03-07 10:37:25 - [TEST_STEP][PASSED] - delay(1): Delayed 1 second(s)

2022-03-07 10:37:26 - [MESSAGE][PASSED] - Delayed 1 second(s)

2022-03-07 10:37:26 - [TEST_STEP][PASSED] - pressBack(): Press back button successfully

2022-03-07 10:37:27 - [MESSAGE][PASSED] - Press back button successfully

2022-03-07 10:37:27 - [TEST_STEP][PASSED] - tap(LOGN_EdtUserID, 0): Tapped on element 'Object Repository/Mobile/Page/Login/Input - UserID'

2022-03-07 10:37:27 - [MESSAGE][WARNING] - Timeout '0' is invalid. Using default page load timeout: '60'

2022-03-07 10:37:28 - [MESSAGE][PASSED] - Tapped on element 'Object Repository/Mobile/Page/Login/Input - UserID'

2022-03-07 10:37:28 - [TEST_STEP][PASSED] - delay(1): Delayed 1 second(s)

2022-03-07 10:37:29 - [MESSAGE][PASSED] - Delayed 1 second(s)

2022-03-07 10:37:29 - [TEST_STEP][PASSED] - setText(LOGN_EdtRdyUserID, "anggaaditya", 0): Text 'anggaaditya' has been set to element 'Object Repository/Mobile/Page/Login/Input Rdy - UserID'

2022-03-07 10:37:29 - [MESSAGE][WARNING] - Timeout '0' is invalid. Using default page load timeout: '60'

2022-03-07 10:37:30 - [MESSAGE][PASSED] - Text 'anggaaditya' has been set to element 'Object Repository/Mobile/Page/Login/Input Rdy - UserID'

2022-03-07 10:37:30 - [TEST_STEP][PASSED] - delay(1): Delayed 1 second(s)

2022-03-07 10:37:31 - [MESSAGE][PASSED] - Delayed 1 second(s)

2022-03-07 10:37:31 - [TEST_STEP][PASSED] - hideKeyboard(): Keyboard is hidden

2022-03-07 10:37:35 - [MESSAGE][PASSED] - Keyboard is hidden

2022-03-07 10:37:35 - [TEST_STEP][PASSED] - tap(LOGN_EdtPassword, 0): Tapped on element 'Object Repository/Mobile/Page/Login/Input - Password'

2022-03-07 10:37:35 - [MESSAGE][WARNING] - Timeout '0' is invalid. Using default page load timeout: '60'

2022-03-07 10:37:35 - [MESSAGE][PASSED] - Tapped on element 'Object Repository/Mobile/Page/Login/Input - Password'

2022-03-07 10:37:35 - [TEST_STEP][PASSED] - delay(1): Delayed 1 second(s)

2022-03-07 10:37:36 - [MESSAGE][PASSED] - Delayed 1 second(s)

2022-03-07 10:37:36 - [TEST_STEP][PASSED] - setText(LOGN_EdtRdyPassword, "Shalawa18", 0): Text 'Shalawa18' has been set to element 'Object Repository/Mobile/Page/Login/Input Rdy - Password'

2022-03-07 10:37:36 - [MESSAGE][WARNING] - Timeout '0' is invalid. Using default page load timeout: '60'

2022-03-07 10:37:37 - [MESSAGE][PASSED] - Text 'Shalawa18' has been set to element 'Object Repository/Mobile/Page/Login/Input Rdy - Password'

2022-03-07 10:37:37 - [TEST_STEP][PASSED] - delay(1): Delayed 1 second(s)

2022-03-07 10:37:38 - [MESSAGE][PASSED] - Delayed 1 second(s)

2022-03-07 10:37:38 - [TEST_STEP][PASSED] - hideKeyboard(): Keyboard is hidden

2022-03-07 10:37:44 - [MESSAGE][PASSED] - Keyboard is hidden

2022-03-07 10:37:44 - [TEST_STEP][PASSED] - tap(LOGN_BtnLogin, 0): Tapped on element 'Object Repository/Mobile/Page/Login/Button - Login'

2022-03-07 10:37:44 - [MESSAGE][WARNING] - Timeout '0' is invalid. Using default page load timeout: '60'

2022-03-07 10:37:45 - [MESSAGE][PASSED] - Tapped on element 'Object Repository/Mobile/Page/Login/Button - Login'

2022-03-07 10:37:45 - [TEST_STEP][PASSED] - delay(2): Delayed 2 second(s)

2022-03-07 10:37:47 - [MESSAGE][PASSED] - Delayed 2 second(s)

2022-03-07 10:37:47 - [TEST_STEP][PASSED] - verify = verifyElementExist(LOGN_AlertCheckYourNetwork, 5, STOP_ON_FAILURE): Element 'Object Repository/Mobile/Page/Login/Alert - Check your network' is exist

2022-03-07 10:37:48 - [MESSAGE][PASSED] - Element 'Object Repository/Mobile/Page/Login/Alert - Check your network' is exist

2022-03-07 10:37:48 - [TEST_STEP][PASSED] - scroll.scroll.scrollNotificationBar(): scroll.scroll.scrollNotificationBar is PASSED

2022-03-07 10:37:48 - [MESSAGE][PASSED] - Current device physical height is 1423

2022-03-07 10:37:50 - [MESSAGE][PASSED] - Swiped from 50,50 to 50,1,138

2022-03-07 10:37:50 - [MESSAGE][PASSED] - scroll.scroll.scrollNotificationBar is PASSED

2022-03-07 10:37:50 - [TEST_STEP][PASSED] - delay(1): Delayed 1 second(s)

2022-03-07 10:37:51 - [MESSAGE][PASSED] - Delayed 1 second(s)

2022-03-07 10:37:51 - [TEST_STEP][PASSED] - tap(OTHR_BtnWifi, 0): Tapped on element 'Object Repository/Mobile/Page/Others/Button - Wifi'

2022-03-07 10:37:51 - [MESSAGE][WARNING] - Timeout '0' is invalid. Using default page load timeout: '60'

2022-03-07 10:37:51 - [MESSAGE][PASSED] - Tapped on element 'Object Repository/Mobile/Page/Others/Button - Wifi'

2022-03-07 10:37:51 - [TEST_STEP][PASSED] - delay(1): Delayed 1 second(s)

2022-03-07 10:37:52 - [MESSAGE][PASSED] - Delayed 1 second(s)

2022-03-07 10:37:52 - [TEST_STEP][PASSED] - pressBack(): Press back button successfully

2022-03-07 10:37:53 - [MESSAGE][PASSED] - Press back button successfully

2022-03-07 10:37:53 - [TEST_STEP][PASSED] - break: null

2022-03-07 10:37:53 - [MESSAGE][PASSED] - Call Test Case 'Test Cases/Mobile/Page/Login/Login' successfully

2022-03-07 10:37:53 - [TEST_STEP][PASSED] - callTestCase(findTestCase("Mobile/Page/Run App/Terminate App"), [:], STOP_ON_FAILURE): Call Test Case 'Test Cases/Mobile/Page/Run App/Terminate App' successfully

2022-03-07 10:37:53 - [TEST_CASE][PASSED] - Test Cases/Mobile/Page/Run App/Terminate App: Test Cases/Mobile/Page/Run App/Terminate App

2022-03-07 10:37:53 - [TEST_STEP][PASSED] - startApp.OpenApp.terminateApplication(): startApp.OpenApp.terminateApplication is PASSED

2022-03-07 10:37:57 - [MESSAGE][PASSED] - Delayed 3 second(s)

2022-03-07 10:37:57 - [MESSAGE][PASSED] - Current device physical width is 720

2022-03-07 10:37:57 - [MESSAGE][PASSED] - Current device physical height is 1423

2022-03-07 10:37:59 - [MESSAGE][PASSED] - Swiped from 360,853 to 360,142

2022-03-07 10:38:00 - [MESSAGE][PASSED] - Delayed 1 second(s)

2022-03-07 10:38:01 - [MESSAGE][PASSED] - Swiped from 360,853 to 360,142

2022-03-07 10:38:04 - [MESSAGE][PASSED] - Delayed 3 second(s)

2022-03-07 10:38:04 - [MESSAGE][PASSED] - startApp.OpenApp.terminateApplication is PASSED

2022-03-07 10:38:04 - [MESSAGE][PASSED] - Call Test Case 'Test Cases/Mobile/Page/Run App/Terminate App' successfully]]></system-out>
         <system-err><![CDATA[]]></system-err>
      </testcase>
      <testcase name="Test Cases/Mobile/Scenario/Login/004 - Login dengan mengaktifkan visible password" time="48.733" classname="Test Cases/Mobile/Scenario/Login/004 - Login dengan mengaktifkan visible password" status="PASSED">
         <system-out><![CDATA[2022-03-07 10:38:04 - [TEST_CASE][PASSED] - Test Cases/Mobile/Scenario/Login/004 - Login dengan mengaktifkan visible password: Test Cases/Mobile/Scenario/Login/004 - Login dengan mengaktifkan visible password

2022-03-07 10:38:05 - [TEST_STEP][PASSED] - callTestCase(findTestCase("Mobile/Page/Run App/Run App byID"), [:], STOP_ON_FAILURE): Call Test Case 'Test Cases/Mobile/Page/Run App/Run App byID' successfully

2022-03-07 10:38:05 - [TEST_CASE][PASSED] - Test Cases/Mobile/Page/Run App/Run App byID: Test Cases/Mobile/Page/Run App/Run App byID

2022-03-07 10:38:05 - [TEST_STEP][PASSED] - startApp.OpenApp.startApplication("id.co.miraeasset.sageclub"): startApp.OpenApp.startApplication is PASSED

2022-03-07 10:38:18 - [MESSAGE][PASSED] - Starting app with application ID: 'id.co.miraeasset.sageclub'

2022-03-07 10:38:18 - [MESSAGE][PASSED] - startApp.OpenApp.startApplication is PASSED

2022-03-07 10:38:19 - [MESSAGE][PASSED] - Call Test Case 'Test Cases/Mobile/Page/Run App/Run App byID' successfully

2022-03-07 10:38:19 - [TEST_STEP][PASSED] - callTestCase(findTestCase("Mobile/Page/Login/Login"), ["action":"visiblepassword"], CONTINUE_ON_FAILURE): Call Test Case 'Test Cases/Mobile/Page/Login/Login' successfully

2022-03-07 10:38:19 - [TEST_CASE][PASSED] - Test Cases/Mobile/Page/Login/Login: Test Cases/Mobile/Page/Login/Login

2022-03-07 10:38:19 - [TEST_STEP][PASSED] - delay(2): Delayed 2 second(s)

2022-03-07 10:38:21 - [MESSAGE][PASSED] - Delayed 2 second(s)

2022-03-07 10:38:21 - [TEST_STEP][PASSED] - for ([i = 0, i < 1, (i++)]): null

2022-03-07 10:38:21 - [TEST_STEP][PASSED] - if (action == "username"): null

2022-03-07 10:38:21 - [TEST_STEP][PASSED] - else if (action == "wrongpassword"): null

2022-03-07 10:38:21 - [TEST_STEP][PASSED] - else if (action == "nointernet"): null

2022-03-07 10:38:21 - [TEST_STEP][PASSED] - else if (action == "visiblepassword"): null

2022-03-07 10:38:21 - [TEST_STEP][PASSED] - tap(LOGN_EdtUserID, 0): Tapped on element 'Object Repository/Mobile/Page/Login/Input - UserID'

2022-03-07 10:38:21 - [MESSAGE][WARNING] - Timeout '0' is invalid. Using default page load timeout: '60'

2022-03-07 10:38:21 - [MESSAGE][PASSED] - Tapped on element 'Object Repository/Mobile/Page/Login/Input - UserID'

2022-03-07 10:38:22 - [TEST_STEP][PASSED] - delay(1): Delayed 1 second(s)

2022-03-07 10:38:23 - [MESSAGE][PASSED] - Delayed 1 second(s)

2022-03-07 10:38:23 - [TEST_STEP][PASSED] - setText(LOGN_EdtRdyUserID, "anggaaditya", 0): Text 'anggaaditya' has been set to element 'Object Repository/Mobile/Page/Login/Input Rdy - UserID'

2022-03-07 10:38:23 - [MESSAGE][WARNING] - Timeout '0' is invalid. Using default page load timeout: '60'

2022-03-07 10:38:23 - [MESSAGE][PASSED] - Text 'anggaaditya' has been set to element 'Object Repository/Mobile/Page/Login/Input Rdy - UserID'

2022-03-07 10:38:23 - [TEST_STEP][PASSED] - delay(1): Delayed 1 second(s)

2022-03-07 10:38:24 - [MESSAGE][PASSED] - Delayed 1 second(s)

2022-03-07 10:38:24 - [TEST_STEP][PASSED] - hideKeyboard(): Keyboard is hidden

2022-03-07 10:38:31 - [MESSAGE][PASSED] - Keyboard is hidden

2022-03-07 10:38:31 - [TEST_STEP][PASSED] - top = getElementTopPosition(LOGN_EdtPassword, 0): Object 'Object Repository/Mobile/Page/Login/Input - Password' has top position '842'

2022-03-07 10:38:31 - [MESSAGE][WARNING] - Timeout '0' is invalid. Using default page load timeout: '60'

2022-03-07 10:38:31 - [MESSAGE][PASSED] - Object 'Object Repository/Mobile/Page/Login/Input - Password' has top position '842'

2022-03-07 10:38:31 - [TEST_STEP][PASSED] - left = getElementLeftPosition(LOGN_EdtPassword, 0): Object 'Object Repository/Mobile/Page/Login/Input - Password' has left position '32'

2022-03-07 10:38:31 - [MESSAGE][WARNING] - Timeout '0' is invalid. Using default page load timeout: '60'

2022-03-07 10:38:31 - [MESSAGE][PASSED] - Object 'Object Repository/Mobile/Page/Login/Input - Password' has left position '32'

2022-03-07 10:38:31 - [TEST_STEP][PASSED] - x = left + getElementWidth(LOGN_EdtPassword, 0) * 0.9: Object 'Object Repository/Mobile/Page/Login/Input - Password' has width: '657'

2022-03-07 10:38:31 - [MESSAGE][WARNING] - Timeout '0' is invalid. Using default page load timeout: '60'

2022-03-07 10:38:31 - [MESSAGE][PASSED] - Object 'Object Repository/Mobile/Page/Login/Input - Password' has width: '657'

2022-03-07 10:38:31 - [TEST_STEP][PASSED] - y = top + getElementHeight(LOGN_EdtPassword, 0) / 2: Object 'Object Repository/Mobile/Page/Login/Input - Password' has height: '84'

2022-03-07 10:38:31 - [MESSAGE][WARNING] - Timeout '0' is invalid. Using default page load timeout: '60'

2022-03-07 10:38:32 - [MESSAGE][PASSED] - Object 'Object Repository/Mobile/Page/Login/Input - Password' has height: '84'

2022-03-07 10:38:32 - [TEST_STEP][PASSED] - tapAtPosition(x, y): Tapped at [623, 884]

2022-03-07 10:38:32 - [MESSAGE][PASSED] - Tapped at [623, 884]

2022-03-07 10:38:32 - [TEST_STEP][PASSED] - delay(1): Delayed 1 second(s)

2022-03-07 10:38:33 - [MESSAGE][PASSED] - Delayed 1 second(s)

2022-03-07 10:38:33 - [TEST_STEP][PASSED] - tap(LOGN_EdtPassword, 0): Tapped on element 'Object Repository/Mobile/Page/Login/Input - Password'

2022-03-07 10:38:33 - [MESSAGE][WARNING] - Timeout '0' is invalid. Using default page load timeout: '60'

2022-03-07 10:38:33 - [MESSAGE][PASSED] - Tapped on element 'Object Repository/Mobile/Page/Login/Input - Password'

2022-03-07 10:38:33 - [TEST_STEP][PASSED] - delay(1): Delayed 1 second(s)

2022-03-07 10:38:34 - [MESSAGE][PASSED] - Delayed 1 second(s)

2022-03-07 10:38:34 - [TEST_STEP][PASSED] - setText(LOGN_EdtRdyPassword, "Shalawa18", 0): Text 'Shalawa18' has been set to element 'Object Repository/Mobile/Page/Login/Input Rdy - Password'

2022-03-07 10:38:34 - [MESSAGE][WARNING] - Timeout '0' is invalid. Using default page load timeout: '60'

2022-03-07 10:38:35 - [MESSAGE][PASSED] - Text 'Shalawa18' has been set to element 'Object Repository/Mobile/Page/Login/Input Rdy - Password'

2022-03-07 10:38:35 - [TEST_STEP][PASSED] - delay(1): Delayed 1 second(s)

2022-03-07 10:38:36 - [MESSAGE][PASSED] - Delayed 1 second(s)

2022-03-07 10:38:36 - [TEST_STEP][PASSED] - hideKeyboard(): Keyboard is hidden

2022-03-07 10:38:40 - [MESSAGE][PASSED] - Keyboard is hidden

2022-03-07 10:38:40 - [TEST_STEP][PASSED] - tap(LOGN_BtnLogin, 0): Tapped on element 'Object Repository/Mobile/Page/Login/Button - Login'

2022-03-07 10:38:40 - [MESSAGE][WARNING] - Timeout '0' is invalid. Using default page load timeout: '60'

2022-03-07 10:38:41 - [MESSAGE][PASSED] - Tapped on element 'Object Repository/Mobile/Page/Login/Button - Login'

2022-03-07 10:38:41 - [TEST_STEP][PASSED] - delay(2): Delayed 2 second(s)

2022-03-07 10:38:43 - [MESSAGE][PASSED] - Delayed 2 second(s)

2022-03-07 10:38:43 - [TEST_STEP][PASSED] - break: null

2022-03-07 10:38:43 - [MESSAGE][PASSED] - Call Test Case 'Test Cases/Mobile/Page/Login/Login' successfully

2022-03-07 10:38:43 - [TEST_STEP][PASSED] - callTestCase(findTestCase("Mobile/Page/Run App/Terminate App"), [:], STOP_ON_FAILURE): Call Test Case 'Test Cases/Mobile/Page/Run App/Terminate App' successfully

2022-03-07 10:38:43 - [TEST_CASE][PASSED] - Test Cases/Mobile/Page/Run App/Terminate App: Test Cases/Mobile/Page/Run App/Terminate App

2022-03-07 10:38:43 - [TEST_STEP][PASSED] - startApp.OpenApp.terminateApplication(): startApp.OpenApp.terminateApplication is PASSED

2022-03-07 10:38:46 - [MESSAGE][PASSED] - Delayed 3 second(s)

2022-03-07 10:38:46 - [MESSAGE][PASSED] - Current device physical width is 720

2022-03-07 10:38:46 - [MESSAGE][PASSED] - Current device physical height is 1423

2022-03-07 10:38:48 - [MESSAGE][PASSED] - Swiped from 360,853 to 360,142

2022-03-07 10:38:49 - [MESSAGE][PASSED] - Delayed 1 second(s)

2022-03-07 10:38:50 - [MESSAGE][PASSED] - Swiped from 360,853 to 360,142

2022-03-07 10:38:53 - [MESSAGE][PASSED] - Delayed 3 second(s)

2022-03-07 10:38:53 - [MESSAGE][PASSED] - startApp.OpenApp.terminateApplication is PASSED

2022-03-07 10:38:53 - [MESSAGE][PASSED] - Call Test Case 'Test Cases/Mobile/Page/Run App/Terminate App' successfully]]></system-out>
         <system-err><![CDATA[]]></system-err>
      </testcase>
      <testcase name="Test Cases/Mobile/Scenario/Login/005 - Login menggunakan username dengan membatalkan fingerprint" time="51.909" classname="Test Cases/Mobile/Scenario/Login/005 - Login menggunakan username dengan membatalkan fingerprint" status="PASSED">
         <system-out><![CDATA[2022-03-07 10:38:53 - [TEST_CASE][PASSED] - Test Cases/Mobile/Scenario/Login/005 - Login menggunakan username dengan membatalkan fingerprint: Test Cases/Mobile/Scenario/Login/005 - Login menggunakan username dengan membatalkan fingerprint

2022-03-07 10:38:54 - [TEST_STEP][PASSED] - callTestCase(findTestCase("Mobile/Page/Run App/Run App byID"), [:], STOP_ON_FAILURE): Call Test Case 'Test Cases/Mobile/Page/Run App/Run App byID' successfully

2022-03-07 10:38:54 - [TEST_CASE][PASSED] - Test Cases/Mobile/Page/Run App/Run App byID: Test Cases/Mobile/Page/Run App/Run App byID

2022-03-07 10:38:54 - [TEST_STEP][PASSED] - startApp.OpenApp.startApplication("id.co.miraeasset.sageclub"): startApp.OpenApp.startApplication is PASSED

2022-03-07 10:39:08 - [MESSAGE][PASSED] - Starting app with application ID: 'id.co.miraeasset.sageclub'

2022-03-07 10:39:08 - [MESSAGE][PASSED] - startApp.OpenApp.startApplication is PASSED

2022-03-07 10:39:08 - [MESSAGE][PASSED] - Call Test Case 'Test Cases/Mobile/Page/Run App/Run App byID' successfully

2022-03-07 10:39:08 - [TEST_STEP][PASSED] - callTestCase(findTestCase("Mobile/Page/Login/Login"), ["action":"cancelfingerprint"], CONTINUE_ON_FAILURE): Call Test Case 'Test Cases/Mobile/Page/Login/Login' successfully

2022-03-07 10:39:08 - [TEST_CASE][PASSED] - Test Cases/Mobile/Page/Login/Login: Test Cases/Mobile/Page/Login/Login

2022-03-07 10:39:09 - [TEST_STEP][PASSED] - delay(2): Delayed 2 second(s)

2022-03-07 10:39:11 - [MESSAGE][PASSED] - Delayed 2 second(s)

2022-03-07 10:39:11 - [TEST_STEP][PASSED] - for ([i = 0, i < 1, (i++)]): Delayed 2 second(s)

2022-03-07 10:39:11 - [TEST_STEP][PASSED] - if (action == "username"): null

2022-03-07 10:39:11 - [TEST_STEP][PASSED] - else if (action == "wrongpassword"): null

2022-03-07 10:39:11 - [TEST_STEP][PASSED] - else if (action == "nointernet"): null

2022-03-07 10:39:11 - [TEST_STEP][PASSED] - else if (action == "visiblepassword"): null

2022-03-07 10:39:11 - [TEST_STEP][PASSED] - else if (action == "cancelfingerprint"): Delayed 2 second(s)

2022-03-07 10:39:11 - [TEST_STEP][PASSED] - tap(LOGN_BtnFingerprint, 0): Tapped on element 'Object Repository/Mobile/Page/Login/Button - Fingerprint'

2022-03-07 10:39:11 - [MESSAGE][WARNING] - Timeout '0' is invalid. Using default page load timeout: '60'

2022-03-07 10:39:12 - [MESSAGE][PASSED] - Tapped on element 'Object Repository/Mobile/Page/Login/Button - Fingerprint'

2022-03-07 10:39:12 - [TEST_STEP][PASSED] - delay(1): Delayed 1 second(s)

2022-03-07 10:39:13 - [MESSAGE][PASSED] - Delayed 1 second(s)

2022-03-07 10:39:13 - [TEST_STEP][PASSED] - pressBack(): Press back button successfully

2022-03-07 10:39:14 - [MESSAGE][PASSED] - Press back button successfully

2022-03-07 10:39:14 - [TEST_STEP][PASSED] - delay(1): Delayed 1 second(s)

2022-03-07 10:39:15 - [MESSAGE][PASSED] - Delayed 1 second(s)

2022-03-07 10:39:15 - [TEST_STEP][PASSED] - tap(LOGN_EdtUserID, 0): Tapped on element 'Object Repository/Mobile/Page/Login/Input - UserID'

2022-03-07 10:39:15 - [MESSAGE][WARNING] - Timeout '0' is invalid. Using default page load timeout: '60'

2022-03-07 10:39:15 - [MESSAGE][PASSED] - Tapped on element 'Object Repository/Mobile/Page/Login/Input - UserID'

2022-03-07 10:39:15 - [TEST_STEP][PASSED] - delay(1): Delayed 1 second(s)

2022-03-07 10:39:16 - [MESSAGE][PASSED] - Delayed 1 second(s)

2022-03-07 10:39:16 - [TEST_STEP][PASSED] - setText(LOGN_EdtRdyUserID, "anggaaditya", 0): Text 'anggaaditya' has been set to element 'Object Repository/Mobile/Page/Login/Input Rdy - UserID'

2022-03-07 10:39:16 - [MESSAGE][WARNING] - Timeout '0' is invalid. Using default page load timeout: '60'

2022-03-07 10:39:17 - [MESSAGE][PASSED] - Text 'anggaaditya' has been set to element 'Object Repository/Mobile/Page/Login/Input Rdy - UserID'

2022-03-07 10:39:17 - [TEST_STEP][PASSED] - delay(1): Delayed 1 second(s)

2022-03-07 10:39:18 - [MESSAGE][PASSED] - Delayed 1 second(s)

2022-03-07 10:39:18 - [TEST_STEP][PASSED] - hideKeyboard(): Keyboard is hidden

2022-03-07 10:39:22 - [MESSAGE][PASSED] - Keyboard is hidden

2022-03-07 10:39:22 - [TEST_STEP][PASSED] - tap(LOGN_EdtPassword, 0): Tapped on element 'Object Repository/Mobile/Page/Login/Input - Password'

2022-03-07 10:39:22 - [MESSAGE][WARNING] - Timeout '0' is invalid. Using default page load timeout: '60'

2022-03-07 10:39:22 - [MESSAGE][PASSED] - Tapped on element 'Object Repository/Mobile/Page/Login/Input - Password'

2022-03-07 10:39:22 - [TEST_STEP][PASSED] - delay(1): Delayed 1 second(s)

2022-03-07 10:39:23 - [MESSAGE][PASSED] - Delayed 1 second(s)

2022-03-07 10:39:23 - [TEST_STEP][PASSED] - setText(LOGN_EdtRdyPassword, "Shalawa18", 0): Text 'Shalawa18' has been set to element 'Object Repository/Mobile/Page/Login/Input Rdy - Password'

2022-03-07 10:39:23 - [MESSAGE][WARNING] - Timeout '0' is invalid. Using default page load timeout: '60'

2022-03-07 10:39:24 - [MESSAGE][PASSED] - Text 'Shalawa18' has been set to element 'Object Repository/Mobile/Page/Login/Input Rdy - Password'

2022-03-07 10:39:24 - [TEST_STEP][PASSED] - delay(1): Delayed 1 second(s)

2022-03-07 10:39:25 - [MESSAGE][PASSED] - Delayed 1 second(s)

2022-03-07 10:39:25 - [TEST_STEP][PASSED] - hideKeyboard(): Keyboard is hidden

2022-03-07 10:39:31 - [MESSAGE][PASSED] - Keyboard is hidden

2022-03-07 10:39:31 - [TEST_STEP][PASSED] - tap(LOGN_BtnLogin, 0): Tapped on element 'Object Repository/Mobile/Page/Login/Button - Login'

2022-03-07 10:39:31 - [MESSAGE][WARNING] - Timeout '0' is invalid. Using default page load timeout: '60'

2022-03-07 10:39:32 - [MESSAGE][PASSED] - Tapped on element 'Object Repository/Mobile/Page/Login/Button - Login'

2022-03-07 10:39:32 - [TEST_STEP][PASSED] - delay(2): Delayed 2 second(s)

2022-03-07 10:39:34 - [MESSAGE][PASSED] - Delayed 2 second(s)

2022-03-07 10:39:34 - [MESSAGE][PASSED] - Call Test Case 'Test Cases/Mobile/Page/Login/Login' successfully

2022-03-07 10:39:34 - [TEST_STEP][PASSED] - callTestCase(findTestCase("Mobile/Page/Run App/Terminate App"), [:], STOP_ON_FAILURE): Call Test Case 'Test Cases/Mobile/Page/Run App/Terminate App' successfully

2022-03-07 10:39:35 - [TEST_CASE][PASSED] - Test Cases/Mobile/Page/Run App/Terminate App: Test Cases/Mobile/Page/Run App/Terminate App

2022-03-07 10:39:35 - [TEST_STEP][PASSED] - startApp.OpenApp.terminateApplication(): startApp.OpenApp.terminateApplication is PASSED

2022-03-07 10:39:38 - [MESSAGE][PASSED] - Delayed 3 second(s)

2022-03-07 10:39:38 - [MESSAGE][PASSED] - Current device physical width is 720

2022-03-07 10:39:38 - [MESSAGE][PASSED] - Current device physical height is 1423

2022-03-07 10:39:40 - [MESSAGE][PASSED] - Swiped from 360,853 to 360,142

2022-03-07 10:39:41 - [MESSAGE][PASSED] - Delayed 1 second(s)

2022-03-07 10:39:42 - [MESSAGE][PASSED] - Swiped from 360,853 to 360,142

2022-03-07 10:39:45 - [MESSAGE][PASSED] - Delayed 3 second(s)

2022-03-07 10:39:45 - [MESSAGE][PASSED] - startApp.OpenApp.terminateApplication is PASSED

2022-03-07 10:39:45 - [MESSAGE][PASSED] - Call Test Case 'Test Cases/Mobile/Page/Run App/Terminate App' successfully]]></system-out>
         <system-err><![CDATA[]]></system-err>
      </testcase>
      <system-out><![CDATA[2022-03-07 10:34:44 - [TEST_SUITE][PASSED] - login: Test Cases/Mobile/Scenario/Login/005 - Login menggunakan username dengan membatalkan fingerprint]]></system-out>
      <system-err><![CDATA[]]></system-err>
   </testsuite>
</testsuites>
