<?xml version="1.0" encoding="UTF-8"?>
<testsuites name="news" time="404.16" tests="5" failures="0" skips="0" errors="0">
   <testsuite name="news" tests="5" failures="0" errors="0" time="404.16" skips="0" timestamp="2022-01-13 08:41:01" hostname="Owner - aldy-tft" id="Test Suites/news">
      <properties>
         <property name="deviceName" value="samsung SM-A205F (Android 11)"/>
         <property name="devicePlatform" value=""/>
         <property name="logFolder" value="C:\\Users\\Owner\\Documents\\kerjaan\\KatalonProject\\qa_katalon_pwm\\qa_katalon_pwm\\Reports\\20220113_080456\\news\\20220113_080524"/>
         <property name="logFiles" value="C:\\Users\\Owner\\Documents\\kerjaan\\KatalonProject\\qa_katalon_pwm\\qa_katalon_pwm\\Reports\\20220113_080456\\news\\20220113_080524\\appium.log, C:\\Users\\Owner\\Documents\\kerjaan\\KatalonProject\\qa_katalon_pwm\\qa_katalon_pwm\\Reports\\20220113_080456\\news\\20220113_080524\\execution0.log"/>
         <property name="attachments" value=""/>
         <property name="hostName" value="Owner - aldy-tft"/>
         <property name="os" value="Windows 10 64bit"/>
         <property name="appiumServerStatus" value="{&quot;value&quot;:{&quot;build&quot;:{&quot;version&quot;:&quot;1.22.0&quot;}},&quot;sessionId&quot;:null,&quot;status&quot;:0}"/>
         <property name="katalonVersion" value="7.9.1.208"/>
         <property name="deviceOS" value="Android"/>
         <property name="appiumVersion" value="1.22.0"/>
         <property name="deviceModel" value="SM-A205F"/>
         <property name="hostAddress" value="10.0.30.144"/>
         <property name="deviceManufacturer" value="samsung"/>
         <property name="deviceId" value="RR8M40C9AXE"/>
         <property name="deviceName" value="samsung SM-A205F (Android 11)"/>
         <property name="deviceOSVersion" value="11"/>
      </properties>
      <testcase name="Test Cases/Mobile/Scenario/News/001 - News World Indices" time="130.228" classname="Test Cases/Mobile/Scenario/News/001 - News World Indices" status="PASSED">
         <system-out><![CDATA[2022-01-13 08:41:02 - [TEST_CASE][PASSED] - Test Cases/Mobile/Scenario/News/001 - News World Indices: Test Cases/Mobile/Scenario/News/001 - News World Indices

2022-01-13 08:41:03 - [TEST_STEP][PASSED] - callTestCase(findTestCase("Mobile/Page/Run App/Run App byID"), [:], STOP_ON_FAILURE): Call Test Case 'Test Cases/Mobile/Page/Run App/Run App byID' successfully

2022-01-13 08:41:03 - [TEST_CASE][PASSED] - Test Cases/Mobile/Page/Run App/Run App byID: Test Cases/Mobile/Page/Run App/Run App byID

2022-01-13 08:41:04 - [TEST_STEP][PASSED] - startApp.OpenApp.startApplication("id.co.miraeasset.sageclub"): startApp.OpenApp.startApplication is PASSED

2022-01-13 08:41:06 - [MESSAGE][INFO] - Appium server started on port 51,608

2022-01-13 08:41:28 - [MESSAGE][PASSED] - Starting app with application ID: 'id.co.miraeasset.sageclub'

2022-01-13 08:41:28 - [MESSAGE][PASSED] - startApp.OpenApp.startApplication is PASSED

2022-01-13 08:41:28 - [MESSAGE][PASSED] - Call Test Case 'Test Cases/Mobile/Page/Run App/Run App byID' successfully

2022-01-13 08:41:28 - [TEST_STEP][PASSED] - callTestCase(findTestCase("Mobile/Page/News/News"), ["tab":"worldindices"], CONTINUE_ON_FAILURE): Call Test Case 'Test Cases/Mobile/Page/News/News' successfully

2022-01-13 08:41:28 - [TEST_CASE][PASSED] - Test Cases/Mobile/Page/News/News: Test Cases/Mobile/Page/News/News

2022-01-13 08:41:29 - [TEST_STEP][PASSED] - callTestCase(findTestCase("Mobile/Page/CheckLogin"), [:], CONTINUE_ON_FAILURE): Call Test Case 'Test Cases/Mobile/Page/CheckLogin' successfully

2022-01-13 08:41:29 - [TEST_CASE][PASSED] - Test Cases/Mobile/Page/CheckLogin: Test Cases/Mobile/Page/CheckLogin

2022-01-13 08:41:30 - [TEST_STEP][PASSED] - loginCheck = verifyElementExist(LOGN_BtnLogin, 5, CONTINUE_ON_FAILURE): Element 'Object Repository/Mobile/Page/Login/Button - Login' is exist

2022-01-13 08:42:12 - [MESSAGE][PASSED] - Element 'Object Repository/Mobile/Page/Login/Button - Login' is exist

2022-01-13 08:42:12 - [TEST_STEP][PASSED] - if (loginCheck): Call Test Case 'Test Cases/Mobile/Page/Login/Login' successfully

2022-01-13 08:42:12 - [TEST_STEP][PASSED] - callTestCase(findTestCase("Mobile/Page/Login/Login"), ["action":"username"], CONTINUE_ON_FAILURE): Call Test Case 'Test Cases/Mobile/Page/Login/Login' successfully

2022-01-13 08:42:12 - [TEST_CASE][PASSED] - Test Cases/Mobile/Page/Login/Login: Test Cases/Mobile/Page/Login/Login

2022-01-13 08:42:13 - [TEST_STEP][PASSED] - delay(2): Delayed 2 second(s)

2022-01-13 08:42:15 - [MESSAGE][PASSED] - Delayed 2 second(s)

2022-01-13 08:42:15 - [TEST_STEP][PASSED] - for ([i = 0, i < 1, (i++)]): null

2022-01-13 08:42:15 - [TEST_STEP][PASSED] - if (action == "username"): null

2022-01-13 08:42:15 - [TEST_STEP][PASSED] - tap(LOGN_EdtUserID, 0): Tapped on element 'Object Repository/Mobile/Page/Login/Input - UserID'

2022-01-13 08:42:15 - [MESSAGE][WARNING] - Timeout '0' is invalid. Using default page load timeout: '60'

2022-01-13 08:42:16 - [MESSAGE][PASSED] - Tapped on element 'Object Repository/Mobile/Page/Login/Input - UserID'

2022-01-13 08:42:16 - [TEST_STEP][PASSED] - delay(1): Delayed 1 second(s)

2022-01-13 08:42:17 - [MESSAGE][PASSED] - Delayed 1 second(s)

2022-01-13 08:42:17 - [TEST_STEP][PASSED] - setText(LOGN_EdtRdyUserID, "anggaaditya", 0): Text 'anggaaditya' has been set to element 'Object Repository/Mobile/Page/Login/Input Rdy - UserID'

2022-01-13 08:42:17 - [MESSAGE][WARNING] - Timeout '0' is invalid. Using default page load timeout: '60'

2022-01-13 08:42:18 - [MESSAGE][PASSED] - Text 'anggaaditya' has been set to element 'Object Repository/Mobile/Page/Login/Input Rdy - UserID'

2022-01-13 08:42:18 - [TEST_STEP][PASSED] - delay(1): Delayed 1 second(s)

2022-01-13 08:42:19 - [MESSAGE][PASSED] - Delayed 1 second(s)

2022-01-13 08:42:19 - [TEST_STEP][PASSED] - hideKeyboard(): Keyboard is hidden

2022-01-13 08:42:23 - [MESSAGE][PASSED] - Keyboard is hidden

2022-01-13 08:42:23 - [TEST_STEP][PASSED] - tap(LOGN_EdtPassword, 0): Tapped on element 'Object Repository/Mobile/Page/Login/Input - Password'

2022-01-13 08:42:23 - [MESSAGE][WARNING] - Timeout '0' is invalid. Using default page load timeout: '60'

2022-01-13 08:42:24 - [MESSAGE][PASSED] - Tapped on element 'Object Repository/Mobile/Page/Login/Input - Password'

2022-01-13 08:42:24 - [TEST_STEP][PASSED] - delay(1): Delayed 1 second(s)

2022-01-13 08:42:25 - [MESSAGE][PASSED] - Delayed 1 second(s)

2022-01-13 08:42:25 - [TEST_STEP][PASSED] - setText(LOGN_EdtRdyPassword, "Shalawa18", 0): Text 'Shalawa18' has been set to element 'Object Repository/Mobile/Page/Login/Input Rdy - Password'

2022-01-13 08:42:25 - [MESSAGE][WARNING] - Timeout '0' is invalid. Using default page load timeout: '60'

2022-01-13 08:42:25 - [MESSAGE][PASSED] - Text 'Shalawa18' has been set to element 'Object Repository/Mobile/Page/Login/Input Rdy - Password'

2022-01-13 08:42:25 - [TEST_STEP][PASSED] - delay(1): Delayed 1 second(s)

2022-01-13 08:42:26 - [MESSAGE][PASSED] - Delayed 1 second(s)

2022-01-13 08:42:26 - [TEST_STEP][PASSED] - hideKeyboard(): Keyboard is hidden

2022-01-13 08:42:34 - [MESSAGE][PASSED] - Keyboard is hidden

2022-01-13 08:42:34 - [TEST_STEP][PASSED] - tap(LOGN_BtnLogin, 0): Tapped on element 'Object Repository/Mobile/Page/Login/Button - Login'

2022-01-13 08:42:34 - [MESSAGE][WARNING] - Timeout '0' is invalid. Using default page load timeout: '60'

2022-01-13 08:42:35 - [MESSAGE][PASSED] - Tapped on element 'Object Repository/Mobile/Page/Login/Button - Login'

2022-01-13 08:42:35 - [TEST_STEP][PASSED] - delay(2): Delayed 2 second(s)

2022-01-13 08:42:37 - [MESSAGE][PASSED] - Delayed 2 second(s)

2022-01-13 08:42:37 - [TEST_STEP][PASSED] - break: null

2022-01-13 08:42:37 - [MESSAGE][PASSED] - Call Test Case 'Test Cases/Mobile/Page/Login/Login' successfully

2022-01-13 08:42:37 - [MESSAGE][PASSED] - Call Test Case 'Test Cases/Mobile/Page/CheckLogin' successfully

2022-01-13 08:42:37 - [TEST_STEP][PASSED] - tap(HOME_MenubarNews, 0): Tapped on element 'Object Repository/Mobile/Page/Home/Menubar - News'

2022-01-13 08:42:37 - [MESSAGE][WARNING] - Timeout '0' is invalid. Using default page load timeout: '60'

2022-01-13 08:42:39 - [MESSAGE][PASSED] - Tapped on element 'Object Repository/Mobile/Page/Home/Menubar - News'

2022-01-13 08:42:39 - [TEST_STEP][PASSED] - delay(1): Delayed 1 second(s)

2022-01-13 08:42:40 - [MESSAGE][PASSED] - Delayed 1 second(s)

2022-01-13 08:42:40 - [TEST_STEP][PASSED] - for ([i = 0, i < 1, (i++)]): null

2022-01-13 08:42:40 - [TEST_STEP][PASSED] - if (tab == "macronews"): null

2022-01-13 08:42:40 - [TEST_STEP][PASSED] - else if (tab == "stocknews"): null

2022-01-13 08:42:40 - [TEST_STEP][PASSED] - else if (tab == "fundnews"): null

2022-01-13 08:42:40 - [TEST_STEP][PASSED] - else if (tab == "bondnews"): null

2022-01-13 08:42:40 - [TEST_STEP][PASSED] - else if (tab == "worldindices"): Delayed 3 second(s)

2022-01-13 08:42:40 - [TEST_STEP][PASSED] - scroll.scroll.scrollScreenRightToLeft(NEWS_TabMacro): scroll.scroll.scrollScreenRightToLeft is PASSED

2022-01-13 08:42:40 - [MESSAGE][WARNING] - Timeout '0' is invalid. Using default page load timeout: '60'

2022-01-13 08:42:41 - [MESSAGE][PASSED] - Object 'Object Repository/Mobile/Page/News/Tab - Macro' has left position '14'

2022-01-13 08:42:41 - [MESSAGE][WARNING] - Timeout '0' is invalid. Using default page load timeout: '60'

2022-01-13 08:42:42 - [MESSAGE][PASSED] - Object 'Object Repository/Mobile/Page/News/Tab - Macro' has top position '262'

2022-01-13 08:42:42 - [MESSAGE][WARNING] - Timeout '0' is invalid. Using default page load timeout: '60'

2022-01-13 08:42:42 - [MESSAGE][PASSED] - Object 'Object Repository/Mobile/Page/News/Tab - Macro' has width: '215'

2022-01-13 08:42:42 - [MESSAGE][WARNING] - Timeout '0' is invalid. Using default page load timeout: '60'

2022-01-13 08:42:42 - [MESSAGE][PASSED] - Object 'Object Repository/Mobile/Page/News/Tab - Macro' has height: '84'

2022-01-13 08:42:42 - [MESSAGE][PASSED] - Current device physical width is 720

2022-01-13 08:42:44 - [MESSAGE][PASSED] - Swiped from 620,304 to 100,304

2022-01-13 08:42:44 - [MESSAGE][PASSED] - scroll.scroll.scrollScreenRightToLeft is PASSED

2022-01-13 08:42:44 - [TEST_STEP][PASSED] - delay(1): Delayed 1 second(s)

2022-01-13 08:42:45 - [MESSAGE][PASSED] - Delayed 1 second(s)

2022-01-13 08:42:45 - [TEST_STEP][PASSED] - tap(NEWS_TabWorldIndices, 0): Tapped on element 'Object Repository/Mobile/Page/News/Tab - World Indices'

2022-01-13 08:42:45 - [MESSAGE][WARNING] - Timeout '0' is invalid. Using default page load timeout: '60'

2022-01-13 08:42:46 - [MESSAGE][PASSED] - Tapped on element 'Object Repository/Mobile/Page/News/Tab - World Indices'

2022-01-13 08:42:46 - [TEST_STEP][PASSED] - delay(1): Delayed 1 second(s)

2022-01-13 08:42:47 - [MESSAGE][PASSED] - Delayed 1 second(s)

2022-01-13 08:42:47 - [TEST_STEP][PASSED] - tap(NEWS_BtnIndices, 0): Tapped on element 'Object Repository/Mobile/Page/News/Button - Indices'

2022-01-13 08:42:47 - [MESSAGE][WARNING] - Timeout '0' is invalid. Using default page load timeout: '60'

2022-01-13 08:42:48 - [MESSAGE][PASSED] - Tapped on element 'Object Repository/Mobile/Page/News/Button - Indices'

2022-01-13 08:42:48 - [TEST_STEP][PASSED] - delay(3): Delayed 3 second(s)

2022-01-13 08:42:51 - [MESSAGE][PASSED] - Delayed 3 second(s)

2022-01-13 08:42:51 - [TEST_STEP][PASSED] - tap(NEWS_BtnCurrencies, 0): Tapped on element 'Object Repository/Mobile/Page/News/Button - Currencies'

2022-01-13 08:42:51 - [MESSAGE][WARNING] - Timeout '0' is invalid. Using default page load timeout: '60'

2022-01-13 08:42:52 - [MESSAGE][PASSED] - Tapped on element 'Object Repository/Mobile/Page/News/Button - Currencies'

2022-01-13 08:42:52 - [TEST_STEP][PASSED] - delay(3): Delayed 3 second(s)

2022-01-13 08:42:55 - [MESSAGE][PASSED] - Delayed 3 second(s)

2022-01-13 08:42:55 - [TEST_STEP][PASSED] - tap(NEWS_BtnCommodities, 0): Tapped on element 'Object Repository/Mobile/Page/News/Button - Commodities'

2022-01-13 08:42:55 - [MESSAGE][WARNING] - Timeout '0' is invalid. Using default page load timeout: '60'

2022-01-13 08:42:56 - [MESSAGE][PASSED] - Tapped on element 'Object Repository/Mobile/Page/News/Button - Commodities'

2022-01-13 08:42:56 - [TEST_STEP][PASSED] - delay(3): Delayed 3 second(s)

2022-01-13 08:42:59 - [MESSAGE][PASSED] - Delayed 3 second(s)

2022-01-13 08:42:59 - [TEST_STEP][PASSED] - delay(1): Delayed 1 second(s)

2022-01-13 08:43:00 - [MESSAGE][PASSED] - Delayed 1 second(s)

2022-01-13 08:43:00 - [TEST_STEP][PASSED] - if (tab != "worldindices"): null

2022-01-13 08:43:00 - [MESSAGE][PASSED] - Call Test Case 'Test Cases/Mobile/Page/News/News' successfully

2022-01-13 08:43:00 - [TEST_STEP][PASSED] - callTestCase(findTestCase("Mobile/Page/Run App/Terminate App"), [:], STOP_ON_FAILURE): Call Test Case 'Test Cases/Mobile/Page/Run App/Terminate App' successfully

2022-01-13 08:43:01 - [TEST_CASE][PASSED] - Test Cases/Mobile/Page/Run App/Terminate App: Test Cases/Mobile/Page/Run App/Terminate App

2022-01-13 08:43:01 - [TEST_STEP][PASSED] - startApp.OpenApp.terminateApplication(): startApp.OpenApp.terminateApplication is PASSED

2022-01-13 08:43:04 - [MESSAGE][PASSED] - Delayed 3 second(s)

2022-01-13 08:43:05 - [MESSAGE][PASSED] - Current device physical width is 720

2022-01-13 08:43:05 - [MESSAGE][PASSED] - Current device physical height is 1423

2022-01-13 08:43:07 - [MESSAGE][PASSED] - Swiped from 360,853 to 360,142

2022-01-13 08:43:08 - [MESSAGE][PASSED] - Delayed 1 second(s)

2022-01-13 08:43:09 - [MESSAGE][PASSED] - Swiped from 360,853 to 360,142

2022-01-13 08:43:12 - [MESSAGE][PASSED] - Delayed 3 second(s)

2022-01-13 08:43:12 - [MESSAGE][PASSED] - startApp.OpenApp.terminateApplication is PASSED

2022-01-13 08:43:12 - [MESSAGE][PASSED] - Call Test Case 'Test Cases/Mobile/Page/Run App/Terminate App' successfully]]></system-out>
         <system-err><![CDATA[]]></system-err>
      </testcase>
      <testcase name="Test Cases/Mobile/Scenario/News/002 - News Stock" time="68.005" classname="Test Cases/Mobile/Scenario/News/002 - News Stock" status="PASSED">
         <system-out><![CDATA[2022-01-13 08:43:12 - [TEST_CASE][PASSED] - Test Cases/Mobile/Scenario/News/002 - News Stock: Test Cases/Mobile/Scenario/News/002 - News Stock

2022-01-13 08:43:13 - [TEST_STEP][PASSED] - callTestCase(findTestCase("Mobile/Page/Run App/Run App byID"), [:], STOP_ON_FAILURE): Call Test Case 'Test Cases/Mobile/Page/Run App/Run App byID' successfully

2022-01-13 08:43:13 - [TEST_CASE][PASSED] - Test Cases/Mobile/Page/Run App/Run App byID: Test Cases/Mobile/Page/Run App/Run App byID

2022-01-13 08:43:13 - [TEST_STEP][PASSED] - startApp.OpenApp.startApplication("id.co.miraeasset.sageclub"): startApp.OpenApp.startApplication is PASSED

2022-01-13 08:43:30 - [MESSAGE][PASSED] - Starting app with application ID: 'id.co.miraeasset.sageclub'

2022-01-13 08:43:30 - [MESSAGE][PASSED] - startApp.OpenApp.startApplication is PASSED

2022-01-13 08:43:30 - [MESSAGE][PASSED] - Call Test Case 'Test Cases/Mobile/Page/Run App/Run App byID' successfully

2022-01-13 08:43:30 - [TEST_STEP][PASSED] - callTestCase(findTestCase("Mobile/Page/News/News"), ["tab":"stocknews"], CONTINUE_ON_FAILURE): Call Test Case 'Test Cases/Mobile/Page/News/News' successfully

2022-01-13 08:43:30 - [TEST_CASE][PASSED] - Test Cases/Mobile/Page/News/News: Test Cases/Mobile/Page/News/News

2022-01-13 08:43:30 - [TEST_STEP][PASSED] - callTestCase(findTestCase("Mobile/Page/CheckLogin"), [:], CONTINUE_ON_FAILURE): Call Test Case 'Test Cases/Mobile/Page/CheckLogin' successfully

2022-01-13 08:43:30 - [TEST_CASE][PASSED] - Test Cases/Mobile/Page/CheckLogin: Test Cases/Mobile/Page/CheckLogin

2022-01-13 08:43:30 - [TEST_STEP][PASSED] - loginCheck = verifyElementExist(LOGN_BtnLogin, 5, CONTINUE_ON_FAILURE): Element 'Object Repository/Mobile/Page/Login/Button - Login' is exist

2022-01-13 08:43:33 - [MESSAGE][PASSED] - Element 'Object Repository/Mobile/Page/Login/Button - Login' is exist

2022-01-13 08:43:33 - [TEST_STEP][PASSED] - if (loginCheck): Call Test Case 'Test Cases/Mobile/Page/Login/Login' successfully

2022-01-13 08:43:33 - [TEST_STEP][PASSED] - callTestCase(findTestCase("Mobile/Page/Login/Login"), ["action":"username"], CONTINUE_ON_FAILURE): Call Test Case 'Test Cases/Mobile/Page/Login/Login' successfully

2022-01-13 08:43:33 - [TEST_CASE][PASSED] - Test Cases/Mobile/Page/Login/Login: Test Cases/Mobile/Page/Login/Login

2022-01-13 08:43:33 - [TEST_STEP][PASSED] - delay(2): Delayed 2 second(s)

2022-01-13 08:43:35 - [MESSAGE][PASSED] - Delayed 2 second(s)

2022-01-13 08:43:35 - [TEST_STEP][PASSED] - for ([i = 0, i < 1, (i++)]): null

2022-01-13 08:43:35 - [TEST_STEP][PASSED] - if (action == "username"): null

2022-01-13 08:43:35 - [TEST_STEP][PASSED] - tap(LOGN_EdtUserID, 0): Tapped on element 'Object Repository/Mobile/Page/Login/Input - UserID'

2022-01-13 08:43:35 - [MESSAGE][WARNING] - Timeout '0' is invalid. Using default page load timeout: '60'

2022-01-13 08:43:35 - [MESSAGE][PASSED] - Tapped on element 'Object Repository/Mobile/Page/Login/Input - UserID'

2022-01-13 08:43:35 - [TEST_STEP][PASSED] - delay(1): Delayed 1 second(s)

2022-01-13 08:43:36 - [MESSAGE][PASSED] - Delayed 1 second(s)

2022-01-13 08:43:36 - [TEST_STEP][PASSED] - setText(LOGN_EdtRdyUserID, "anggaaditya", 0): Text 'anggaaditya' has been set to element 'Object Repository/Mobile/Page/Login/Input Rdy - UserID'

2022-01-13 08:43:36 - [MESSAGE][WARNING] - Timeout '0' is invalid. Using default page load timeout: '60'

2022-01-13 08:43:37 - [MESSAGE][PASSED] - Text 'anggaaditya' has been set to element 'Object Repository/Mobile/Page/Login/Input Rdy - UserID'

2022-01-13 08:43:37 - [TEST_STEP][PASSED] - delay(1): Delayed 1 second(s)

2022-01-13 08:43:38 - [MESSAGE][PASSED] - Delayed 1 second(s)

2022-01-13 08:43:38 - [TEST_STEP][PASSED] - hideKeyboard(): Keyboard is hidden

2022-01-13 08:43:42 - [MESSAGE][PASSED] - Keyboard is hidden

2022-01-13 08:43:42 - [TEST_STEP][PASSED] - tap(LOGN_EdtPassword, 0): Tapped on element 'Object Repository/Mobile/Page/Login/Input - Password'

2022-01-13 08:43:42 - [MESSAGE][WARNING] - Timeout '0' is invalid. Using default page load timeout: '60'

2022-01-13 08:43:43 - [MESSAGE][PASSED] - Tapped on element 'Object Repository/Mobile/Page/Login/Input - Password'

2022-01-13 08:43:43 - [TEST_STEP][PASSED] - delay(1): Delayed 1 second(s)

2022-01-13 08:43:44 - [MESSAGE][PASSED] - Delayed 1 second(s)

2022-01-13 08:43:44 - [TEST_STEP][PASSED] - setText(LOGN_EdtRdyPassword, "Shalawa18", 0): Text 'Shalawa18' has been set to element 'Object Repository/Mobile/Page/Login/Input Rdy - Password'

2022-01-13 08:43:44 - [MESSAGE][WARNING] - Timeout '0' is invalid. Using default page load timeout: '60'

2022-01-13 08:43:44 - [MESSAGE][PASSED] - Text 'Shalawa18' has been set to element 'Object Repository/Mobile/Page/Login/Input Rdy - Password'

2022-01-13 08:43:44 - [TEST_STEP][PASSED] - delay(1): Delayed 1 second(s)

2022-01-13 08:43:45 - [MESSAGE][PASSED] - Delayed 1 second(s)

2022-01-13 08:43:45 - [TEST_STEP][PASSED] - hideKeyboard(): Keyboard is hidden

2022-01-13 08:43:52 - [MESSAGE][PASSED] - Keyboard is hidden

2022-01-13 08:43:52 - [TEST_STEP][PASSED] - tap(LOGN_BtnLogin, 0): Tapped on element 'Object Repository/Mobile/Page/Login/Button - Login'

2022-01-13 08:43:52 - [MESSAGE][WARNING] - Timeout '0' is invalid. Using default page load timeout: '60'

2022-01-13 08:43:53 - [MESSAGE][PASSED] - Tapped on element 'Object Repository/Mobile/Page/Login/Button - Login'

2022-01-13 08:43:53 - [TEST_STEP][PASSED] - delay(2): Delayed 2 second(s)

2022-01-13 08:43:55 - [MESSAGE][PASSED] - Delayed 2 second(s)

2022-01-13 08:43:55 - [TEST_STEP][PASSED] - break: null

2022-01-13 08:43:55 - [MESSAGE][PASSED] - Call Test Case 'Test Cases/Mobile/Page/Login/Login' successfully

2022-01-13 08:43:55 - [MESSAGE][PASSED] - Call Test Case 'Test Cases/Mobile/Page/CheckLogin' successfully

2022-01-13 08:43:55 - [TEST_STEP][PASSED] - tap(HOME_MenubarNews, 0): Tapped on element 'Object Repository/Mobile/Page/Home/Menubar - News'

2022-01-13 08:43:55 - [MESSAGE][WARNING] - Timeout '0' is invalid. Using default page load timeout: '60'

2022-01-13 08:43:56 - [MESSAGE][PASSED] - Tapped on element 'Object Repository/Mobile/Page/Home/Menubar - News'

2022-01-13 08:43:56 - [TEST_STEP][PASSED] - delay(1): Delayed 1 second(s)

2022-01-13 08:43:57 - [MESSAGE][PASSED] - Delayed 1 second(s)

2022-01-13 08:43:57 - [TEST_STEP][PASSED] - for ([i = 0, i < 1, (i++)]): Delayed 3 second(s)

2022-01-13 08:43:57 - [TEST_STEP][PASSED] - if (tab == "macronews"): null

2022-01-13 08:43:57 - [TEST_STEP][PASSED] - else if (tab == "stocknews"): Tapped on element 'Object Repository/Mobile/Page/News/Tab - Stock'

2022-01-13 08:43:57 - [TEST_STEP][PASSED] - tap(NEWS_TabStock, 0): Tapped on element 'Object Repository/Mobile/Page/News/Tab - Stock'

2022-01-13 08:43:57 - [MESSAGE][WARNING] - Timeout '0' is invalid. Using default page load timeout: '60'

2022-01-13 08:43:59 - [MESSAGE][PASSED] - Tapped on element 'Object Repository/Mobile/Page/News/Tab - Stock'

2022-01-13 08:43:59 - [TEST_STEP][PASSED] - delay(1): Delayed 1 second(s)

2022-01-13 08:44:00 - [MESSAGE][PASSED] - Delayed 1 second(s)

2022-01-13 08:44:00 - [TEST_STEP][PASSED] - if (tab != "worldindices"): Delayed 3 second(s)

2022-01-13 08:44:00 - [TEST_STEP][PASSED] - try: Delayed 3 second(s)

2022-01-13 08:44:00 - [TEST_STEP][PASSED] - tapAndHold(NEWS_ItemTopNews, 1, 10): Tapped and held on element 'Object Repository/Mobile/Page/News/Item - Top News' with duration 1

2022-01-13 08:44:03 - [MESSAGE][PASSED] - Tapped and held on element 'Object Repository/Mobile/Page/News/Item - Top News' with duration 1

2022-01-13 08:44:03 - [TEST_STEP][PASSED] - delay(1): Delayed 1 second(s)

2022-01-13 08:44:04 - [MESSAGE][PASSED] - Delayed 1 second(s)

2022-01-13 08:44:04 - [TEST_STEP][PASSED] - scroll.scroll.scrollScreenBottomToTop(): scroll.scroll.scrollScreenBottomToTop is PASSED

2022-01-13 08:44:05 - [MESSAGE][PASSED] - Current device physical height is 1423

2022-01-13 08:44:05 - [MESSAGE][PASSED] - Current device physical width is 720

2022-01-13 08:44:06 - [MESSAGE][PASSED] - Swiped from 360,1,138 to 360,284

2022-01-13 08:44:06 - [MESSAGE][PASSED] - scroll.scroll.scrollScreenBottomToTop is PASSED

2022-01-13 08:44:06 - [TEST_STEP][PASSED] - delay(3): Delayed 3 second(s)

2022-01-13 08:44:09 - [MESSAGE][PASSED] - Delayed 3 second(s)

2022-01-13 08:44:09 - [MESSAGE][PASSED] - Call Test Case 'Test Cases/Mobile/Page/News/News' successfully

2022-01-13 08:44:09 - [TEST_STEP][PASSED] - callTestCase(findTestCase("Mobile/Page/Run App/Terminate App"), [:], STOP_ON_FAILURE): Call Test Case 'Test Cases/Mobile/Page/Run App/Terminate App' successfully

2022-01-13 08:44:09 - [TEST_CASE][PASSED] - Test Cases/Mobile/Page/Run App/Terminate App: Test Cases/Mobile/Page/Run App/Terminate App

2022-01-13 08:44:09 - [TEST_STEP][PASSED] - startApp.OpenApp.terminateApplication(): startApp.OpenApp.terminateApplication is PASSED

2022-01-13 08:44:13 - [MESSAGE][PASSED] - Delayed 3 second(s)

2022-01-13 08:44:13 - [MESSAGE][PASSED] - Current device physical width is 720

2022-01-13 08:44:13 - [MESSAGE][PASSED] - Current device physical height is 1423

2022-01-13 08:44:15 - [MESSAGE][PASSED] - Swiped from 360,853 to 360,142

2022-01-13 08:44:16 - [MESSAGE][PASSED] - Delayed 1 second(s)

2022-01-13 08:44:17 - [MESSAGE][PASSED] - Swiped from 360,853 to 360,142

2022-01-13 08:44:20 - [MESSAGE][PASSED] - Delayed 3 second(s)

2022-01-13 08:44:20 - [MESSAGE][PASSED] - startApp.OpenApp.terminateApplication is PASSED

2022-01-13 08:44:20 - [MESSAGE][PASSED] - Call Test Case 'Test Cases/Mobile/Page/Run App/Terminate App' successfully]]></system-out>
         <system-err><![CDATA[]]></system-err>
      </testcase>
      <testcase name="Test Cases/Mobile/Scenario/News/003 - News Fund" time="69.525" classname="Test Cases/Mobile/Scenario/News/003 - News Fund" status="PASSED">
         <system-out><![CDATA[2022-01-13 08:44:20 - [TEST_CASE][PASSED] - Test Cases/Mobile/Scenario/News/003 - News Fund: Test Cases/Mobile/Scenario/News/003 - News Fund

2022-01-13 08:44:21 - [TEST_STEP][PASSED] - callTestCase(findTestCase("Mobile/Page/Run App/Run App byID"), [:], STOP_ON_FAILURE): Call Test Case 'Test Cases/Mobile/Page/Run App/Run App byID' successfully

2022-01-13 08:44:21 - [TEST_CASE][PASSED] - Test Cases/Mobile/Page/Run App/Run App byID: Test Cases/Mobile/Page/Run App/Run App byID

2022-01-13 08:44:21 - [TEST_STEP][PASSED] - startApp.OpenApp.startApplication("id.co.miraeasset.sageclub"): startApp.OpenApp.startApplication is PASSED

2022-01-13 08:44:38 - [MESSAGE][PASSED] - Starting app with application ID: 'id.co.miraeasset.sageclub'

2022-01-13 08:44:38 - [MESSAGE][PASSED] - startApp.OpenApp.startApplication is PASSED

2022-01-13 08:44:38 - [MESSAGE][PASSED] - Call Test Case 'Test Cases/Mobile/Page/Run App/Run App byID' successfully

2022-01-13 08:44:38 - [TEST_STEP][PASSED] - callTestCase(findTestCase("Mobile/Page/News/News"), ["tab":"fundnews"], CONTINUE_ON_FAILURE): Call Test Case 'Test Cases/Mobile/Page/News/News' successfully

2022-01-13 08:44:38 - [TEST_CASE][PASSED] - Test Cases/Mobile/Page/News/News: Test Cases/Mobile/Page/News/News

2022-01-13 08:44:38 - [TEST_STEP][PASSED] - callTestCase(findTestCase("Mobile/Page/CheckLogin"), [:], CONTINUE_ON_FAILURE): Call Test Case 'Test Cases/Mobile/Page/CheckLogin' successfully

2022-01-13 08:44:38 - [TEST_CASE][PASSED] - Test Cases/Mobile/Page/CheckLogin: Test Cases/Mobile/Page/CheckLogin

2022-01-13 08:44:38 - [TEST_STEP][PASSED] - loginCheck = verifyElementExist(LOGN_BtnLogin, 5, CONTINUE_ON_FAILURE): Element 'Object Repository/Mobile/Page/Login/Button - Login' is exist

2022-01-13 08:44:40 - [MESSAGE][PASSED] - Element 'Object Repository/Mobile/Page/Login/Button - Login' is exist

2022-01-13 08:44:40 - [TEST_STEP][PASSED] - if (loginCheck): Call Test Case 'Test Cases/Mobile/Page/Login/Login' successfully

2022-01-13 08:44:40 - [TEST_STEP][PASSED] - callTestCase(findTestCase("Mobile/Page/Login/Login"), ["action":"username"], CONTINUE_ON_FAILURE): Call Test Case 'Test Cases/Mobile/Page/Login/Login' successfully

2022-01-13 08:44:41 - [TEST_CASE][PASSED] - Test Cases/Mobile/Page/Login/Login: Test Cases/Mobile/Page/Login/Login

2022-01-13 08:44:41 - [TEST_STEP][PASSED] - delay(2): Delayed 2 second(s)

2022-01-13 08:44:43 - [MESSAGE][PASSED] - Delayed 2 second(s)

2022-01-13 08:44:43 - [TEST_STEP][PASSED] - for ([i = 0, i < 1, (i++)]): null

2022-01-13 08:44:43 - [TEST_STEP][PASSED] - if (action == "username"): null

2022-01-13 08:44:43 - [TEST_STEP][PASSED] - tap(LOGN_EdtUserID, 0): Tapped on element 'Object Repository/Mobile/Page/Login/Input - UserID'

2022-01-13 08:44:43 - [MESSAGE][WARNING] - Timeout '0' is invalid. Using default page load timeout: '60'

2022-01-13 08:44:43 - [MESSAGE][PASSED] - Tapped on element 'Object Repository/Mobile/Page/Login/Input - UserID'

2022-01-13 08:44:43 - [TEST_STEP][PASSED] - delay(1): Delayed 1 second(s)

2022-01-13 08:44:44 - [MESSAGE][PASSED] - Delayed 1 second(s)

2022-01-13 08:44:44 - [TEST_STEP][PASSED] - setText(LOGN_EdtRdyUserID, "anggaaditya", 0): Text 'anggaaditya' has been set to element 'Object Repository/Mobile/Page/Login/Input Rdy - UserID'

2022-01-13 08:44:44 - [MESSAGE][WARNING] - Timeout '0' is invalid. Using default page load timeout: '60'

2022-01-13 08:44:45 - [MESSAGE][PASSED] - Text 'anggaaditya' has been set to element 'Object Repository/Mobile/Page/Login/Input Rdy - UserID'

2022-01-13 08:44:45 - [TEST_STEP][PASSED] - delay(1): Delayed 1 second(s)

2022-01-13 08:44:46 - [MESSAGE][PASSED] - Delayed 1 second(s)

2022-01-13 08:44:46 - [TEST_STEP][PASSED] - hideKeyboard(): Keyboard is hidden

2022-01-13 08:44:50 - [MESSAGE][PASSED] - Keyboard is hidden

2022-01-13 08:44:50 - [TEST_STEP][PASSED] - tap(LOGN_EdtPassword, 0): Tapped on element 'Object Repository/Mobile/Page/Login/Input - Password'

2022-01-13 08:44:50 - [MESSAGE][WARNING] - Timeout '0' is invalid. Using default page load timeout: '60'

2022-01-13 08:44:51 - [MESSAGE][PASSED] - Tapped on element 'Object Repository/Mobile/Page/Login/Input - Password'

2022-01-13 08:44:51 - [TEST_STEP][PASSED] - delay(1): Delayed 1 second(s)

2022-01-13 08:44:52 - [MESSAGE][PASSED] - Delayed 1 second(s)

2022-01-13 08:44:52 - [TEST_STEP][PASSED] - setText(LOGN_EdtRdyPassword, "Shalawa18", 0): Text 'Shalawa18' has been set to element 'Object Repository/Mobile/Page/Login/Input Rdy - Password'

2022-01-13 08:44:52 - [MESSAGE][WARNING] - Timeout '0' is invalid. Using default page load timeout: '60'

2022-01-13 08:44:53 - [MESSAGE][PASSED] - Text 'Shalawa18' has been set to element 'Object Repository/Mobile/Page/Login/Input Rdy - Password'

2022-01-13 08:44:53 - [TEST_STEP][PASSED] - delay(1): Delayed 1 second(s)

2022-01-13 08:44:54 - [MESSAGE][PASSED] - Delayed 1 second(s)

2022-01-13 08:44:54 - [TEST_STEP][PASSED] - hideKeyboard(): Keyboard is hidden

2022-01-13 08:45:01 - [MESSAGE][PASSED] - Keyboard is hidden

2022-01-13 08:45:01 - [TEST_STEP][PASSED] - tap(LOGN_BtnLogin, 0): Tapped on element 'Object Repository/Mobile/Page/Login/Button - Login'

2022-01-13 08:45:01 - [MESSAGE][WARNING] - Timeout '0' is invalid. Using default page load timeout: '60'

2022-01-13 08:45:02 - [MESSAGE][PASSED] - Tapped on element 'Object Repository/Mobile/Page/Login/Button - Login'

2022-01-13 08:45:02 - [TEST_STEP][PASSED] - delay(2): Delayed 2 second(s)

2022-01-13 08:45:04 - [MESSAGE][PASSED] - Delayed 2 second(s)

2022-01-13 08:45:04 - [TEST_STEP][PASSED] - break: null

2022-01-13 08:45:04 - [MESSAGE][PASSED] - Call Test Case 'Test Cases/Mobile/Page/Login/Login' successfully

2022-01-13 08:45:05 - [MESSAGE][PASSED] - Call Test Case 'Test Cases/Mobile/Page/CheckLogin' successfully

2022-01-13 08:45:05 - [TEST_STEP][PASSED] - tap(HOME_MenubarNews, 0): Tapped on element 'Object Repository/Mobile/Page/Home/Menubar - News'

2022-01-13 08:45:05 - [MESSAGE][WARNING] - Timeout '0' is invalid. Using default page load timeout: '60'

2022-01-13 08:45:06 - [MESSAGE][PASSED] - Tapped on element 'Object Repository/Mobile/Page/Home/Menubar - News'

2022-01-13 08:45:06 - [TEST_STEP][PASSED] - delay(1): Delayed 1 second(s)

2022-01-13 08:45:07 - [MESSAGE][PASSED] - Delayed 1 second(s)

2022-01-13 08:45:07 - [TEST_STEP][PASSED] - for ([i = 0, i < 1, (i++)]): Delayed 3 second(s)

2022-01-13 08:45:07 - [TEST_STEP][PASSED] - if (tab == "macronews"): null

2022-01-13 08:45:07 - [TEST_STEP][PASSED] - else if (tab == "stocknews"): null

2022-01-13 08:45:07 - [TEST_STEP][PASSED] - else if (tab == "fundnews"): Tapped on element 'Object Repository/Mobile/Page/News/Tab - Fund'

2022-01-13 08:45:07 - [TEST_STEP][PASSED] - tap(NEWS_TabFund, 0): Tapped on element 'Object Repository/Mobile/Page/News/Tab - Fund'

2022-01-13 08:45:07 - [MESSAGE][WARNING] - Timeout '0' is invalid. Using default page load timeout: '60'

2022-01-13 08:45:09 - [MESSAGE][PASSED] - Tapped on element 'Object Repository/Mobile/Page/News/Tab - Fund'

2022-01-13 08:45:09 - [TEST_STEP][PASSED] - delay(1): Delayed 1 second(s)

2022-01-13 08:45:10 - [MESSAGE][PASSED] - Delayed 1 second(s)

2022-01-13 08:45:10 - [TEST_STEP][PASSED] - if (tab != "worldindices"): Delayed 3 second(s)

2022-01-13 08:45:10 - [TEST_STEP][PASSED] - try: Delayed 3 second(s)

2022-01-13 08:45:10 - [TEST_STEP][PASSED] - tapAndHold(NEWS_ItemTopNews, 1, 10): Tapped and held on element 'Object Repository/Mobile/Page/News/Item - Top News' with duration 1

2022-01-13 08:45:13 - [MESSAGE][PASSED] - Tapped and held on element 'Object Repository/Mobile/Page/News/Item - Top News' with duration 1

2022-01-13 08:45:13 - [TEST_STEP][PASSED] - delay(1): Delayed 1 second(s)

2022-01-13 08:45:14 - [MESSAGE][PASSED] - Delayed 1 second(s)

2022-01-13 08:45:14 - [TEST_STEP][PASSED] - scroll.scroll.scrollScreenBottomToTop(): scroll.scroll.scrollScreenBottomToTop is PASSED

2022-01-13 08:45:14 - [MESSAGE][PASSED] - Current device physical height is 1423

2022-01-13 08:45:15 - [MESSAGE][PASSED] - Current device physical width is 720

2022-01-13 08:45:16 - [MESSAGE][PASSED] - Swiped from 360,1,138 to 360,284

2022-01-13 08:45:16 - [MESSAGE][PASSED] - scroll.scroll.scrollScreenBottomToTop is PASSED

2022-01-13 08:45:16 - [TEST_STEP][PASSED] - delay(3): Delayed 3 second(s)

2022-01-13 08:45:19 - [MESSAGE][PASSED] - Delayed 3 second(s)

2022-01-13 08:45:19 - [MESSAGE][PASSED] - Call Test Case 'Test Cases/Mobile/Page/News/News' successfully

2022-01-13 08:45:19 - [TEST_STEP][PASSED] - callTestCase(findTestCase("Mobile/Page/Run App/Terminate App"), [:], STOP_ON_FAILURE): Call Test Case 'Test Cases/Mobile/Page/Run App/Terminate App' successfully

2022-01-13 08:45:19 - [TEST_CASE][PASSED] - Test Cases/Mobile/Page/Run App/Terminate App: Test Cases/Mobile/Page/Run App/Terminate App

2022-01-13 08:45:19 - [TEST_STEP][PASSED] - startApp.OpenApp.terminateApplication(): startApp.OpenApp.terminateApplication is PASSED

2022-01-13 08:45:22 - [MESSAGE][PASSED] - Delayed 3 second(s)

2022-01-13 08:45:23 - [MESSAGE][PASSED] - Current device physical width is 720

2022-01-13 08:45:23 - [MESSAGE][PASSED] - Current device physical height is 1423

2022-01-13 08:45:24 - [MESSAGE][PASSED] - Swiped from 360,853 to 360,142

2022-01-13 08:45:25 - [MESSAGE][PASSED] - Delayed 1 second(s)

2022-01-13 08:45:27 - [MESSAGE][PASSED] - Swiped from 360,853 to 360,142

2022-01-13 08:45:30 - [MESSAGE][PASSED] - Delayed 3 second(s)

2022-01-13 08:45:30 - [MESSAGE][PASSED] - startApp.OpenApp.terminateApplication is PASSED

2022-01-13 08:45:30 - [MESSAGE][PASSED] - Call Test Case 'Test Cases/Mobile/Page/Run App/Terminate App' successfully]]></system-out>
         <system-err><![CDATA[]]></system-err>
      </testcase>
      <testcase name="Test Cases/Mobile/Scenario/News/004 - Bond News" time="67.697" classname="Test Cases/Mobile/Scenario/News/004 - Bond News" status="PASSED">
         <system-out><![CDATA[2022-01-13 08:45:30 - [TEST_CASE][PASSED] - Test Cases/Mobile/Scenario/News/004 - Bond News: Test Cases/Mobile/Scenario/News/004 - Bond News

2022-01-13 08:45:31 - [TEST_STEP][PASSED] - callTestCase(findTestCase("Mobile/Page/Run App/Run App byID"), [:], STOP_ON_FAILURE): Call Test Case 'Test Cases/Mobile/Page/Run App/Run App byID' successfully

2022-01-13 08:45:31 - [TEST_CASE][PASSED] - Test Cases/Mobile/Page/Run App/Run App byID: Test Cases/Mobile/Page/Run App/Run App byID

2022-01-13 08:45:31 - [TEST_STEP][PASSED] - startApp.OpenApp.startApplication("id.co.miraeasset.sageclub"): startApp.OpenApp.startApplication is PASSED

2022-01-13 08:45:47 - [MESSAGE][PASSED] - Starting app with application ID: 'id.co.miraeasset.sageclub'

2022-01-13 08:45:47 - [MESSAGE][PASSED] - startApp.OpenApp.startApplication is PASSED

2022-01-13 08:45:47 - [MESSAGE][PASSED] - Call Test Case 'Test Cases/Mobile/Page/Run App/Run App byID' successfully

2022-01-13 08:45:47 - [TEST_STEP][PASSED] - callTestCase(findTestCase("Mobile/Page/News/News"), ["tab":"bondnews"], CONTINUE_ON_FAILURE): Call Test Case 'Test Cases/Mobile/Page/News/News' successfully

2022-01-13 08:45:47 - [TEST_CASE][PASSED] - Test Cases/Mobile/Page/News/News: Test Cases/Mobile/Page/News/News

2022-01-13 08:45:47 - [TEST_STEP][PASSED] - callTestCase(findTestCase("Mobile/Page/CheckLogin"), [:], CONTINUE_ON_FAILURE): Call Test Case 'Test Cases/Mobile/Page/CheckLogin' successfully

2022-01-13 08:45:47 - [TEST_CASE][PASSED] - Test Cases/Mobile/Page/CheckLogin: Test Cases/Mobile/Page/CheckLogin

2022-01-13 08:45:47 - [TEST_STEP][PASSED] - loginCheck = verifyElementExist(LOGN_BtnLogin, 5, CONTINUE_ON_FAILURE): Element 'Object Repository/Mobile/Page/Login/Button - Login' is exist

2022-01-13 08:45:49 - [MESSAGE][PASSED] - Element 'Object Repository/Mobile/Page/Login/Button - Login' is exist

2022-01-13 08:45:49 - [TEST_STEP][PASSED] - if (loginCheck): Call Test Case 'Test Cases/Mobile/Page/Login/Login' successfully

2022-01-13 08:45:49 - [TEST_STEP][PASSED] - callTestCase(findTestCase("Mobile/Page/Login/Login"), ["action":"username"], CONTINUE_ON_FAILURE): Call Test Case 'Test Cases/Mobile/Page/Login/Login' successfully

2022-01-13 08:45:49 - [TEST_CASE][PASSED] - Test Cases/Mobile/Page/Login/Login: Test Cases/Mobile/Page/Login/Login

2022-01-13 08:45:49 - [TEST_STEP][PASSED] - delay(2): Delayed 2 second(s)

2022-01-13 08:45:51 - [MESSAGE][PASSED] - Delayed 2 second(s)

2022-01-13 08:45:51 - [TEST_STEP][PASSED] - for ([i = 0, i < 1, (i++)]): null

2022-01-13 08:45:51 - [TEST_STEP][PASSED] - if (action == "username"): null

2022-01-13 08:45:51 - [TEST_STEP][PASSED] - tap(LOGN_EdtUserID, 0): Tapped on element 'Object Repository/Mobile/Page/Login/Input - UserID'

2022-01-13 08:45:51 - [MESSAGE][WARNING] - Timeout '0' is invalid. Using default page load timeout: '60'

2022-01-13 08:45:51 - [MESSAGE][PASSED] - Tapped on element 'Object Repository/Mobile/Page/Login/Input - UserID'

2022-01-13 08:45:51 - [TEST_STEP][PASSED] - delay(1): Delayed 1 second(s)

2022-01-13 08:45:52 - [MESSAGE][PASSED] - Delayed 1 second(s)

2022-01-13 08:45:52 - [TEST_STEP][PASSED] - setText(LOGN_EdtRdyUserID, "anggaaditya", 0): Text 'anggaaditya' has been set to element 'Object Repository/Mobile/Page/Login/Input Rdy - UserID'

2022-01-13 08:45:52 - [MESSAGE][WARNING] - Timeout '0' is invalid. Using default page load timeout: '60'

2022-01-13 08:45:53 - [MESSAGE][PASSED] - Text 'anggaaditya' has been set to element 'Object Repository/Mobile/Page/Login/Input Rdy - UserID'

2022-01-13 08:45:53 - [TEST_STEP][PASSED] - delay(1): Delayed 1 second(s)

2022-01-13 08:45:54 - [MESSAGE][PASSED] - Delayed 1 second(s)

2022-01-13 08:45:54 - [TEST_STEP][PASSED] - hideKeyboard(): Keyboard is hidden

2022-01-13 08:45:58 - [MESSAGE][PASSED] - Keyboard is hidden

2022-01-13 08:45:58 - [TEST_STEP][PASSED] - tap(LOGN_EdtPassword, 0): Tapped on element 'Object Repository/Mobile/Page/Login/Input - Password'

2022-01-13 08:45:58 - [MESSAGE][WARNING] - Timeout '0' is invalid. Using default page load timeout: '60'

2022-01-13 08:45:59 - [MESSAGE][PASSED] - Tapped on element 'Object Repository/Mobile/Page/Login/Input - Password'

2022-01-13 08:45:59 - [TEST_STEP][PASSED] - delay(1): Delayed 1 second(s)

2022-01-13 08:46:00 - [MESSAGE][PASSED] - Delayed 1 second(s)

2022-01-13 08:46:00 - [TEST_STEP][PASSED] - setText(LOGN_EdtRdyPassword, "Shalawa18", 0): Text 'Shalawa18' has been set to element 'Object Repository/Mobile/Page/Login/Input Rdy - Password'

2022-01-13 08:46:00 - [MESSAGE][WARNING] - Timeout '0' is invalid. Using default page load timeout: '60'

2022-01-13 08:46:01 - [MESSAGE][PASSED] - Text 'Shalawa18' has been set to element 'Object Repository/Mobile/Page/Login/Input Rdy - Password'

2022-01-13 08:46:01 - [TEST_STEP][PASSED] - delay(1): Delayed 1 second(s)

2022-01-13 08:46:02 - [MESSAGE][PASSED] - Delayed 1 second(s)

2022-01-13 08:46:02 - [TEST_STEP][PASSED] - hideKeyboard(): Keyboard is hidden

2022-01-13 08:46:09 - [MESSAGE][PASSED] - Keyboard is hidden

2022-01-13 08:46:09 - [TEST_STEP][PASSED] - tap(LOGN_BtnLogin, 0): Tapped on element 'Object Repository/Mobile/Page/Login/Button - Login'

2022-01-13 08:46:09 - [MESSAGE][WARNING] - Timeout '0' is invalid. Using default page load timeout: '60'

2022-01-13 08:46:10 - [MESSAGE][PASSED] - Tapped on element 'Object Repository/Mobile/Page/Login/Button - Login'

2022-01-13 08:46:10 - [TEST_STEP][PASSED] - delay(2): Delayed 2 second(s)

2022-01-13 08:46:12 - [MESSAGE][PASSED] - Delayed 2 second(s)

2022-01-13 08:46:12 - [TEST_STEP][PASSED] - break: null

2022-01-13 08:46:12 - [MESSAGE][PASSED] - Call Test Case 'Test Cases/Mobile/Page/Login/Login' successfully

2022-01-13 08:46:12 - [MESSAGE][PASSED] - Call Test Case 'Test Cases/Mobile/Page/CheckLogin' successfully

2022-01-13 08:46:12 - [TEST_STEP][PASSED] - tap(HOME_MenubarNews, 0): Tapped on element 'Object Repository/Mobile/Page/Home/Menubar - News'

2022-01-13 08:46:12 - [MESSAGE][WARNING] - Timeout '0' is invalid. Using default page load timeout: '60'

2022-01-13 08:46:14 - [MESSAGE][PASSED] - Tapped on element 'Object Repository/Mobile/Page/Home/Menubar - News'

2022-01-13 08:46:14 - [TEST_STEP][PASSED] - delay(1): Delayed 1 second(s)

2022-01-13 08:46:15 - [MESSAGE][PASSED] - Delayed 1 second(s)

2022-01-13 08:46:15 - [TEST_STEP][PASSED] - for ([i = 0, i < 1, (i++)]): Delayed 3 second(s)

2022-01-13 08:46:15 - [TEST_STEP][PASSED] - if (tab == "macronews"): null

2022-01-13 08:46:15 - [TEST_STEP][PASSED] - else if (tab == "stocknews"): null

2022-01-13 08:46:15 - [TEST_STEP][PASSED] - else if (tab == "fundnews"): null

2022-01-13 08:46:15 - [TEST_STEP][PASSED] - else if (tab == "bondnews"): Tapped on element 'Object Repository/Mobile/Page/News/Tab - Bond'

2022-01-13 08:46:15 - [TEST_STEP][PASSED] - tap(NEWS_TabBond, 0): Tapped on element 'Object Repository/Mobile/Page/News/Tab - Bond'

2022-01-13 08:46:15 - [MESSAGE][WARNING] - Timeout '0' is invalid. Using default page load timeout: '60'

2022-01-13 08:46:17 - [MESSAGE][PASSED] - Tapped on element 'Object Repository/Mobile/Page/News/Tab - Bond'

2022-01-13 08:46:17 - [TEST_STEP][PASSED] - delay(1): Delayed 1 second(s)

2022-01-13 08:46:18 - [MESSAGE][PASSED] - Delayed 1 second(s)

2022-01-13 08:46:18 - [TEST_STEP][PASSED] - if (tab != "worldindices"): Delayed 3 second(s)

2022-01-13 08:46:18 - [TEST_STEP][PASSED] - try: Delayed 3 second(s)

2022-01-13 08:46:18 - [TEST_STEP][PASSED] - tapAndHold(NEWS_ItemTopNews, 1, 10): Tapped and held on element 'Object Repository/Mobile/Page/News/Item - Top News' with duration 1

2022-01-13 08:46:21 - [MESSAGE][PASSED] - Tapped and held on element 'Object Repository/Mobile/Page/News/Item - Top News' with duration 1

2022-01-13 08:46:21 - [TEST_STEP][PASSED] - delay(1): Delayed 1 second(s)

2022-01-13 08:46:22 - [MESSAGE][PASSED] - Delayed 1 second(s)

2022-01-13 08:46:22 - [TEST_STEP][PASSED] - scroll.scroll.scrollScreenBottomToTop(): scroll.scroll.scrollScreenBottomToTop is PASSED

2022-01-13 08:46:22 - [MESSAGE][PASSED] - Current device physical height is 1423

2022-01-13 08:46:22 - [MESSAGE][PASSED] - Current device physical width is 720

2022-01-13 08:46:24 - [MESSAGE][PASSED] - Swiped from 360,1,138 to 360,284

2022-01-13 08:46:24 - [MESSAGE][PASSED] - scroll.scroll.scrollScreenBottomToTop is PASSED

2022-01-13 08:46:24 - [TEST_STEP][PASSED] - delay(3): Delayed 3 second(s)

2022-01-13 08:46:27 - [MESSAGE][PASSED] - Delayed 3 second(s)

2022-01-13 08:46:27 - [MESSAGE][PASSED] - Call Test Case 'Test Cases/Mobile/Page/News/News' successfully

2022-01-13 08:46:27 - [TEST_STEP][PASSED] - callTestCase(findTestCase("Mobile/Page/Run App/Terminate App"), [:], STOP_ON_FAILURE): Call Test Case 'Test Cases/Mobile/Page/Run App/Terminate App' successfully

2022-01-13 08:46:27 - [TEST_CASE][PASSED] - Test Cases/Mobile/Page/Run App/Terminate App: Test Cases/Mobile/Page/Run App/Terminate App

2022-01-13 08:46:27 - [TEST_STEP][PASSED] - startApp.OpenApp.terminateApplication(): startApp.OpenApp.terminateApplication is PASSED

2022-01-13 08:46:30 - [MESSAGE][PASSED] - Delayed 3 second(s)

2022-01-13 08:46:30 - [MESSAGE][PASSED] - Current device physical width is 720

2022-01-13 08:46:30 - [MESSAGE][PASSED] - Current device physical height is 1423

2022-01-13 08:46:32 - [MESSAGE][PASSED] - Swiped from 360,853 to 360,142

2022-01-13 08:46:33 - [MESSAGE][PASSED] - Delayed 1 second(s)

2022-01-13 08:46:34 - [MESSAGE][PASSED] - Swiped from 360,853 to 360,142

2022-01-13 08:46:37 - [MESSAGE][PASSED] - Delayed 3 second(s)

2022-01-13 08:46:37 - [MESSAGE][PASSED] - startApp.OpenApp.terminateApplication is PASSED

2022-01-13 08:46:37 - [MESSAGE][PASSED] - Call Test Case 'Test Cases/Mobile/Page/Run App/Terminate App' successfully]]></system-out>
         <system-err><![CDATA[]]></system-err>
      </testcase>
      <testcase name="Test Cases/Mobile/Scenario/News/005 - Macro News" time="66.942" classname="Test Cases/Mobile/Scenario/News/005 - Macro News" status="PASSED">
         <system-out><![CDATA[2022-01-13 08:46:37 - [TEST_CASE][PASSED] - Test Cases/Mobile/Scenario/News/005 - Macro News: Test Cases/Mobile/Scenario/News/005 - Macro News

2022-01-13 08:46:38 - [TEST_STEP][PASSED] - callTestCase(findTestCase("Mobile/Page/Run App/Run App byID"), [:], STOP_ON_FAILURE): Call Test Case 'Test Cases/Mobile/Page/Run App/Run App byID' successfully

2022-01-13 08:46:38 - [TEST_CASE][PASSED] - Test Cases/Mobile/Page/Run App/Run App byID: Test Cases/Mobile/Page/Run App/Run App byID

2022-01-13 08:46:38 - [TEST_STEP][PASSED] - startApp.OpenApp.startApplication("id.co.miraeasset.sageclub"): startApp.OpenApp.startApplication is PASSED

2022-01-13 08:46:54 - [MESSAGE][PASSED] - Starting app with application ID: 'id.co.miraeasset.sageclub'

2022-01-13 08:46:54 - [MESSAGE][PASSED] - startApp.OpenApp.startApplication is PASSED

2022-01-13 08:46:54 - [MESSAGE][PASSED] - Call Test Case 'Test Cases/Mobile/Page/Run App/Run App byID' successfully

2022-01-13 08:46:54 - [TEST_STEP][PASSED] - callTestCase(findTestCase("Mobile/Page/News/News"), ["tab":"macronews"], CONTINUE_ON_FAILURE): Call Test Case 'Test Cases/Mobile/Page/News/News' successfully

2022-01-13 08:46:54 - [TEST_CASE][PASSED] - Test Cases/Mobile/Page/News/News: Test Cases/Mobile/Page/News/News

2022-01-13 08:46:54 - [TEST_STEP][PASSED] - callTestCase(findTestCase("Mobile/Page/CheckLogin"), [:], CONTINUE_ON_FAILURE): Call Test Case 'Test Cases/Mobile/Page/CheckLogin' successfully

2022-01-13 08:46:55 - [TEST_CASE][PASSED] - Test Cases/Mobile/Page/CheckLogin: Test Cases/Mobile/Page/CheckLogin

2022-01-13 08:46:55 - [TEST_STEP][PASSED] - loginCheck = verifyElementExist(LOGN_BtnLogin, 5, CONTINUE_ON_FAILURE): Element 'Object Repository/Mobile/Page/Login/Button - Login' is exist

2022-01-13 08:46:56 - [MESSAGE][PASSED] - Element 'Object Repository/Mobile/Page/Login/Button - Login' is exist

2022-01-13 08:46:56 - [TEST_STEP][PASSED] - if (loginCheck): Call Test Case 'Test Cases/Mobile/Page/Login/Login' successfully

2022-01-13 08:46:56 - [TEST_STEP][PASSED] - callTestCase(findTestCase("Mobile/Page/Login/Login"), ["action":"username"], CONTINUE_ON_FAILURE): Call Test Case 'Test Cases/Mobile/Page/Login/Login' successfully

2022-01-13 08:46:56 - [TEST_CASE][PASSED] - Test Cases/Mobile/Page/Login/Login: Test Cases/Mobile/Page/Login/Login

2022-01-13 08:46:56 - [TEST_STEP][PASSED] - delay(2): Delayed 2 second(s)

2022-01-13 08:46:58 - [MESSAGE][PASSED] - Delayed 2 second(s)

2022-01-13 08:46:58 - [TEST_STEP][PASSED] - for ([i = 0, i < 1, (i++)]): null

2022-01-13 08:46:58 - [TEST_STEP][PASSED] - if (action == "username"): null

2022-01-13 08:46:58 - [TEST_STEP][PASSED] - tap(LOGN_EdtUserID, 0): Tapped on element 'Object Repository/Mobile/Page/Login/Input - UserID'

2022-01-13 08:46:58 - [MESSAGE][WARNING] - Timeout '0' is invalid. Using default page load timeout: '60'

2022-01-13 08:46:59 - [MESSAGE][PASSED] - Tapped on element 'Object Repository/Mobile/Page/Login/Input - UserID'

2022-01-13 08:46:59 - [TEST_STEP][PASSED] - delay(1): Delayed 1 second(s)

2022-01-13 08:47:00 - [MESSAGE][PASSED] - Delayed 1 second(s)

2022-01-13 08:47:00 - [TEST_STEP][PASSED] - setText(LOGN_EdtRdyUserID, "anggaaditya", 0): Text 'anggaaditya' has been set to element 'Object Repository/Mobile/Page/Login/Input Rdy - UserID'

2022-01-13 08:47:00 - [MESSAGE][WARNING] - Timeout '0' is invalid. Using default page load timeout: '60'

2022-01-13 08:47:01 - [MESSAGE][PASSED] - Text 'anggaaditya' has been set to element 'Object Repository/Mobile/Page/Login/Input Rdy - UserID'

2022-01-13 08:47:01 - [TEST_STEP][PASSED] - delay(1): Delayed 1 second(s)

2022-01-13 08:47:02 - [MESSAGE][PASSED] - Delayed 1 second(s)

2022-01-13 08:47:02 - [TEST_STEP][PASSED] - hideKeyboard(): Keyboard is hidden

2022-01-13 08:47:06 - [MESSAGE][PASSED] - Keyboard is hidden

2022-01-13 08:47:06 - [TEST_STEP][PASSED] - tap(LOGN_EdtPassword, 0): Tapped on element 'Object Repository/Mobile/Page/Login/Input - Password'

2022-01-13 08:47:06 - [MESSAGE][WARNING] - Timeout '0' is invalid. Using default page load timeout: '60'

2022-01-13 08:47:06 - [MESSAGE][PASSED] - Tapped on element 'Object Repository/Mobile/Page/Login/Input - Password'

2022-01-13 08:47:06 - [TEST_STEP][PASSED] - delay(1): Delayed 1 second(s)

2022-01-13 08:47:07 - [MESSAGE][PASSED] - Delayed 1 second(s)

2022-01-13 08:47:07 - [TEST_STEP][PASSED] - setText(LOGN_EdtRdyPassword, "Shalawa18", 0): Text 'Shalawa18' has been set to element 'Object Repository/Mobile/Page/Login/Input Rdy - Password'

2022-01-13 08:47:07 - [MESSAGE][WARNING] - Timeout '0' is invalid. Using default page load timeout: '60'

2022-01-13 08:47:08 - [MESSAGE][PASSED] - Text 'Shalawa18' has been set to element 'Object Repository/Mobile/Page/Login/Input Rdy - Password'

2022-01-13 08:47:08 - [TEST_STEP][PASSED] - delay(1): Delayed 1 second(s)

2022-01-13 08:47:09 - [MESSAGE][PASSED] - Delayed 1 second(s)

2022-01-13 08:47:09 - [TEST_STEP][PASSED] - hideKeyboard(): Keyboard is hidden

2022-01-13 08:47:16 - [MESSAGE][PASSED] - Keyboard is hidden

2022-01-13 08:47:16 - [TEST_STEP][PASSED] - tap(LOGN_BtnLogin, 0): Tapped on element 'Object Repository/Mobile/Page/Login/Button - Login'

2022-01-13 08:47:16 - [MESSAGE][WARNING] - Timeout '0' is invalid. Using default page load timeout: '60'

2022-01-13 08:47:17 - [MESSAGE][PASSED] - Tapped on element 'Object Repository/Mobile/Page/Login/Button - Login'

2022-01-13 08:47:17 - [TEST_STEP][PASSED] - delay(2): Delayed 2 second(s)

2022-01-13 08:47:19 - [MESSAGE][PASSED] - Delayed 2 second(s)

2022-01-13 08:47:19 - [TEST_STEP][PASSED] - break: null

2022-01-13 08:47:19 - [MESSAGE][PASSED] - Call Test Case 'Test Cases/Mobile/Page/Login/Login' successfully

2022-01-13 08:47:19 - [MESSAGE][PASSED] - Call Test Case 'Test Cases/Mobile/Page/CheckLogin' successfully

2022-01-13 08:47:19 - [TEST_STEP][PASSED] - tap(HOME_MenubarNews, 0): Tapped on element 'Object Repository/Mobile/Page/Home/Menubar - News'

2022-01-13 08:47:19 - [MESSAGE][WARNING] - Timeout '0' is invalid. Using default page load timeout: '60'

2022-01-13 08:47:20 - [MESSAGE][PASSED] - Tapped on element 'Object Repository/Mobile/Page/Home/Menubar - News'

2022-01-13 08:47:20 - [TEST_STEP][PASSED] - delay(1): Delayed 1 second(s)

2022-01-13 08:47:21 - [MESSAGE][PASSED] - Delayed 1 second(s)

2022-01-13 08:47:21 - [TEST_STEP][PASSED] - for ([i = 0, i < 1, (i++)]): Delayed 3 second(s)

2022-01-13 08:47:21 - [TEST_STEP][PASSED] - if (tab == "macronews"): Tapped on element 'Object Repository/Mobile/Page/News/Tab - Macro'

2022-01-13 08:47:21 - [TEST_STEP][PASSED] - tap(NEWS_TabMacro, 0): Tapped on element 'Object Repository/Mobile/Page/News/Tab - Macro'

2022-01-13 08:47:21 - [MESSAGE][WARNING] - Timeout '0' is invalid. Using default page load timeout: '60'

2022-01-13 08:47:23 - [MESSAGE][PASSED] - Tapped on element 'Object Repository/Mobile/Page/News/Tab - Macro'

2022-01-13 08:47:23 - [TEST_STEP][PASSED] - delay(1): Delayed 1 second(s)

2022-01-13 08:47:24 - [MESSAGE][PASSED] - Delayed 1 second(s)

2022-01-13 08:47:24 - [TEST_STEP][PASSED] - if (tab != "worldindices"): Delayed 3 second(s)

2022-01-13 08:47:24 - [TEST_STEP][PASSED] - try: Delayed 3 second(s)

2022-01-13 08:47:24 - [TEST_STEP][PASSED] - tapAndHold(NEWS_ItemTopNews, 1, 10): Tapped and held on element 'Object Repository/Mobile/Page/News/Item - Top News' with duration 1

2022-01-13 08:47:27 - [MESSAGE][PASSED] - Tapped and held on element 'Object Repository/Mobile/Page/News/Item - Top News' with duration 1

2022-01-13 08:47:27 - [TEST_STEP][PASSED] - delay(1): Delayed 1 second(s)

2022-01-13 08:47:28 - [MESSAGE][PASSED] - Delayed 1 second(s)

2022-01-13 08:47:28 - [TEST_STEP][PASSED] - scroll.scroll.scrollScreenBottomToTop(): scroll.scroll.scrollScreenBottomToTop is PASSED

2022-01-13 08:47:29 - [MESSAGE][PASSED] - Current device physical height is 1423

2022-01-13 08:47:29 - [MESSAGE][PASSED] - Current device physical width is 720

2022-01-13 08:47:30 - [MESSAGE][PASSED] - Swiped from 360,1,138 to 360,284

2022-01-13 08:47:30 - [MESSAGE][PASSED] - scroll.scroll.scrollScreenBottomToTop is PASSED

2022-01-13 08:47:30 - [TEST_STEP][PASSED] - delay(3): Delayed 3 second(s)

2022-01-13 08:47:34 - [MESSAGE][PASSED] - Delayed 3 second(s)

2022-01-13 08:47:34 - [MESSAGE][PASSED] - Call Test Case 'Test Cases/Mobile/Page/News/News' successfully

2022-01-13 08:47:34 - [TEST_STEP][PASSED] - callTestCase(findTestCase("Mobile/Page/Run App/Terminate App"), [:], STOP_ON_FAILURE): Call Test Case 'Test Cases/Mobile/Page/Run App/Terminate App' successfully

2022-01-13 08:47:34 - [TEST_CASE][PASSED] - Test Cases/Mobile/Page/Run App/Terminate App: Test Cases/Mobile/Page/Run App/Terminate App

2022-01-13 08:47:34 - [TEST_STEP][PASSED] - startApp.OpenApp.terminateApplication(): startApp.OpenApp.terminateApplication is PASSED

2022-01-13 08:47:37 - [MESSAGE][PASSED] - Delayed 3 second(s)

2022-01-13 08:47:37 - [MESSAGE][PASSED] - Current device physical width is 720

2022-01-13 08:47:37 - [MESSAGE][PASSED] - Current device physical height is 1423

2022-01-13 08:47:39 - [MESSAGE][PASSED] - Swiped from 360,853 to 360,142

2022-01-13 08:47:40 - [MESSAGE][PASSED] - Delayed 1 second(s)

2022-01-13 08:47:41 - [MESSAGE][PASSED] - Swiped from 360,853 to 360,142

2022-01-13 08:47:44 - [MESSAGE][PASSED] - Delayed 3 second(s)

2022-01-13 08:47:44 - [MESSAGE][PASSED] - startApp.OpenApp.terminateApplication is PASSED

2022-01-13 08:47:44 - [MESSAGE][PASSED] - Call Test Case 'Test Cases/Mobile/Page/Run App/Terminate App' successfully]]></system-out>
         <system-err><![CDATA[]]></system-err>
      </testcase>
      <system-out><![CDATA[2022-01-13 08:41:01 - [TEST_SUITE][PASSED] - news: Test Cases/Mobile/Scenario/News/005 - Macro News]]></system-out>
      <system-err><![CDATA[]]></system-err>
   </testsuite>
</testsuites>
