<?xml version="1.0" encoding="UTF-8"?>
<testsuites name="analysis" time="291.149" tests="4" failures="0" skips="0" errors="0">
   <testsuite name="analysis" tests="4" failures="0" errors="0" time="291.149" skips="0" timestamp="2021-12-02 18:08:37" hostname="Owner - aldy-tft" id="Test Suites/analysis">
      <properties>
         <property name="deviceName" value="samsung SM-A205F (Android 11)"/>
         <property name="devicePlatform" value=""/>
         <property name="logFolder" value="C:\\Users\\Owner\\Documents\\kerjaan\\KatalonProject\\qa-katalon-maxfund2\\Reports\\20211202_180828\\analysis\\20211202_180828"/>
         <property name="logFiles" value="C:\\Users\\Owner\\Documents\\kerjaan\\KatalonProject\\qa-katalon-maxfund2\\Reports\\20211202_180828\\analysis\\20211202_180828\\appium.log, C:\\Users\\Owner\\Documents\\kerjaan\\KatalonProject\\qa-katalon-maxfund2\\Reports\\20211202_180828\\analysis\\20211202_180828\\execution0.log"/>
         <property name="attachments" value=""/>
         <property name="hostName" value="Owner - aldy-tft"/>
         <property name="os" value="Windows 10 64bit"/>
         <property name="appiumServerStatus" value="{&quot;value&quot;:{&quot;build&quot;:{&quot;version&quot;:&quot;1.22.0&quot;}},&quot;sessionId&quot;:null,&quot;status&quot;:0}"/>
         <property name="katalonVersion" value="7.9.1.208"/>
         <property name="deviceOS" value="Android"/>
         <property name="appiumVersion" value="1.22.0"/>
         <property name="deviceModel" value="SM-A205F"/>
         <property name="hostAddress" value="192.168.100.35"/>
         <property name="deviceManufacturer" value="samsung"/>
         <property name="deviceId" value="RR8M40C9AXE"/>
         <property name="deviceName" value="samsung SM-A205F (Android 11)"/>
         <property name="deviceOSVersion" value="11"/>
      </properties>
      <testcase name="Test Cases/Mobile/Scenario/Analysis/001 - User akses techincal analysis" time="80.246" classname="Test Cases/Mobile/Scenario/Analysis/001 - User akses techincal analysis" status="PASSED">
         <system-out><![CDATA[2021-12-02 18:08:38 - [TEST_CASE][PASSED] - Test Cases/Mobile/Scenario/Analysis/001 - User akses techincal analysis: Test Cases/Mobile/Scenario/Analysis/001 - User akses techincal analysis

2021-12-02 18:08:39 - [TEST_STEP][PASSED] - callTestCase(findTestCase("Mobile/Page/Run App/Run App byID"), [:], STOP_ON_FAILURE): Call Test Case 'Test Cases/Mobile/Page/Run App/Run App byID' successfully

2021-12-02 18:08:39 - [TEST_CASE][PASSED] - Test Cases/Mobile/Page/Run App/Run App byID: Test Cases/Mobile/Page/Run App/Run App byID

2021-12-02 18:08:39 - [TEST_STEP][PASSED] - startApp.OpenApp.startApplication("id.co.miraeasset.sageclub"): startApp.OpenApp.startApplication is PASSED

2021-12-02 18:08:42 - [MESSAGE][INFO] - Appium server started on port 51,952

2021-12-02 18:08:58 - [MESSAGE][PASSED] - Starting app with application ID: 'id.co.miraeasset.sageclub'

2021-12-02 18:08:58 - [MESSAGE][PASSED] - startApp.OpenApp.startApplication is PASSED

2021-12-02 18:08:58 - [MESSAGE][PASSED] - Call Test Case 'Test Cases/Mobile/Page/Run App/Run App byID' successfully

2021-12-02 18:08:58 - [TEST_STEP][PASSED] - callTestCase(findTestCase("Mobile/Page/Analysis/Analysis"), ["action":"technicalsearch"], CONTINUE_ON_FAILURE): Call Test Case 'Test Cases/Mobile/Page/Analysis/Analysis' successfully

2021-12-02 18:08:58 - [TEST_CASE][PASSED] - Test Cases/Mobile/Page/Analysis/Analysis: Test Cases/Mobile/Page/Analysis/Analysis

2021-12-02 18:08:59 - [TEST_STEP][PASSED] - loginCheck = verifyElementExist(findTestObject("Object Repository/Mobile/Page/Login/Button - Login"), 2, CONTINUE_ON_FAILURE): Element 'Object Repository/Mobile/Page/Login/Button - Login' is exist

2021-12-02 18:09:01 - [MESSAGE][PASSED] - Element 'Object Repository/Mobile/Page/Login/Button - Login' is exist

2021-12-02 18:09:01 - [TEST_STEP][PASSED] - if (loginCheck): Call Test Case 'Test Cases/Mobile/Page/Login/Login' successfully

2021-12-02 18:09:01 - [TEST_STEP][PASSED] - callTestCase(findTestCase("Mobile/Page/Login/Login"), [:], CONTINUE_ON_FAILURE): Call Test Case 'Test Cases/Mobile/Page/Login/Login' successfully

2021-12-02 18:09:01 - [TEST_CASE][PASSED] - Test Cases/Mobile/Page/Login/Login: Test Cases/Mobile/Page/Login/Login

2021-12-02 18:09:01 - [TEST_STEP][PASSED] - delay(2): Delayed 2 second(s)

2021-12-02 18:09:03 - [MESSAGE][PASSED] - Delayed 2 second(s)

2021-12-02 18:09:03 - [TEST_STEP][PASSED] - tap(findTestObject("Object Repository/Mobile/Page/Login/Input - UserID"), 0): Tapped on element 'Object Repository/Mobile/Page/Login/Input - UserID'

2021-12-02 18:09:04 - [MESSAGE][WARNING] - Timeout '0' is invalid. Using default page load timeout: '60'

2021-12-02 18:09:04 - [MESSAGE][PASSED] - Tapped on element 'Object Repository/Mobile/Page/Login/Input - UserID'

2021-12-02 18:09:04 - [TEST_STEP][PASSED] - delay(1): Delayed 1 second(s)

2021-12-02 18:09:05 - [MESSAGE][PASSED] - Delayed 1 second(s)

2021-12-02 18:09:05 - [TEST_STEP][PASSED] - setText(findTestObject("Object Repository/Mobile/Page/Login/Input Rdy - UserID"), "anggaaditya", 0): Text 'anggaaditya' has been set to element 'Object Repository/Mobile/Page/Login/Input Rdy - UserID'

2021-12-02 18:09:05 - [MESSAGE][WARNING] - Timeout '0' is invalid. Using default page load timeout: '60'

2021-12-02 18:09:06 - [MESSAGE][PASSED] - Text 'anggaaditya' has been set to element 'Object Repository/Mobile/Page/Login/Input Rdy - UserID'

2021-12-02 18:09:06 - [TEST_STEP][PASSED] - delay(1): Delayed 1 second(s)

2021-12-02 18:09:07 - [MESSAGE][PASSED] - Delayed 1 second(s)

2021-12-02 18:09:07 - [TEST_STEP][PASSED] - hideKeyboard(): Keyboard is hidden

2021-12-02 18:09:10 - [MESSAGE][PASSED] - Keyboard is hidden

2021-12-02 18:09:10 - [TEST_STEP][PASSED] - tap(findTestObject("Object Repository/Mobile/Page/Login/Input - Password"), 0): Tapped on element 'Object Repository/Mobile/Page/Login/Input - Password'

2021-12-02 18:09:10 - [MESSAGE][WARNING] - Timeout '0' is invalid. Using default page load timeout: '60'

2021-12-02 18:09:11 - [MESSAGE][PASSED] - Tapped on element 'Object Repository/Mobile/Page/Login/Input - Password'

2021-12-02 18:09:11 - [TEST_STEP][PASSED] - delay(1): Delayed 1 second(s)

2021-12-02 18:09:12 - [MESSAGE][PASSED] - Delayed 1 second(s)

2021-12-02 18:09:12 - [TEST_STEP][PASSED] - setText(findTestObject("Object Repository/Mobile/Page/Login/Input Rdy - Password"), "Shalawa18", 0): Text 'Shalawa18' has been set to element 'Object Repository/Mobile/Page/Login/Input Rdy - Password'

2021-12-02 18:09:12 - [MESSAGE][WARNING] - Timeout '0' is invalid. Using default page load timeout: '60'

2021-12-02 18:09:12 - [MESSAGE][PASSED] - Text 'Shalawa18' has been set to element 'Object Repository/Mobile/Page/Login/Input Rdy - Password'

2021-12-02 18:09:12 - [TEST_STEP][PASSED] - delay(1): Delayed 1 second(s)

2021-12-02 18:09:13 - [MESSAGE][PASSED] - Delayed 1 second(s)

2021-12-02 18:09:13 - [TEST_STEP][PASSED] - hideKeyboard(): Keyboard is hidden

2021-12-02 18:09:20 - [MESSAGE][PASSED] - Keyboard is hidden

2021-12-02 18:09:20 - [TEST_STEP][PASSED] - tap(findTestObject("Object Repository/Mobile/Page/Login/Button - Login"), 0): Tapped on element 'Object Repository/Mobile/Page/Login/Button - Login'

2021-12-02 18:09:20 - [MESSAGE][WARNING] - Timeout '0' is invalid. Using default page load timeout: '60'

2021-12-02 18:09:20 - [MESSAGE][PASSED] - Tapped on element 'Object Repository/Mobile/Page/Login/Button - Login'

2021-12-02 18:09:20 - [TEST_STEP][PASSED] - delay(2): Delayed 2 second(s)

2021-12-02 18:09:22 - [MESSAGE][PASSED] - Delayed 2 second(s)

2021-12-02 18:09:22 - [MESSAGE][PASSED] - Call Test Case 'Test Cases/Mobile/Page/Login/Login' successfully

2021-12-02 18:09:22 - [TEST_STEP][PASSED] - tap(findTestObject("Object Repository/Mobile/Page/Home/Menubar - Analysis"), 0): Tapped on element 'Object Repository/Mobile/Page/Home/Menubar - Analysis'

2021-12-02 18:09:22 - [MESSAGE][WARNING] - Timeout '0' is invalid. Using default page load timeout: '60'

2021-12-02 18:09:24 - [MESSAGE][PASSED] - Tapped on element 'Object Repository/Mobile/Page/Home/Menubar - Analysis'

2021-12-02 18:09:24 - [TEST_STEP][PASSED] - delay(1): Delayed 1 second(s)

2021-12-02 18:09:25 - [MESSAGE][PASSED] - Delayed 1 second(s)

2021-12-02 18:09:25 - [TEST_STEP][PASSED] - for ([i = 0, i < 1, (i++)]): Delayed 2 second(s)

2021-12-02 18:09:25 - [TEST_STEP][PASSED] - if (action == "technicalsearch"): Delayed 2 second(s)

2021-12-02 18:09:25 - [TEST_STEP][PASSED] - tap(findTestObject("Object Repository/Mobile/Page/Analysis/Dropdown - Technical Indicator"), 0): Tapped on element 'Object Repository/Mobile/Page/Analysis/Dropdown - Technical Indicator'

2021-12-02 18:09:25 - [MESSAGE][WARNING] - Timeout '0' is invalid. Using default page load timeout: '60'

2021-12-02 18:09:26 - [MESSAGE][PASSED] - Tapped on element 'Object Repository/Mobile/Page/Analysis/Dropdown - Technical Indicator'

2021-12-02 18:09:26 - [TEST_STEP][PASSED] - delay(1): Delayed 1 second(s)

2021-12-02 18:09:27 - [MESSAGE][PASSED] - Delayed 1 second(s)

2021-12-02 18:09:27 - [TEST_STEP][PASSED] - tap(findTestObject("Object Repository/Mobile/Page/Analysis/Option Technical Indicator - All"), 0): Tapped on element 'Object Repository/Mobile/Page/Analysis/Option Technical Indicator - All'

2021-12-02 18:09:27 - [MESSAGE][WARNING] - Timeout '0' is invalid. Using default page load timeout: '60'

2021-12-02 18:09:28 - [MESSAGE][PASSED] - Tapped on element 'Object Repository/Mobile/Page/Analysis/Option Technical Indicator - All'

2021-12-02 18:09:28 - [TEST_STEP][PASSED] - delay(1): Delayed 1 second(s)

2021-12-02 18:09:29 - [MESSAGE][PASSED] - Delayed 1 second(s)

2021-12-02 18:09:29 - [TEST_STEP][PASSED] - tap(findTestObject("Object Repository/Mobile/Page/Analysis/Dropdown - Market Cap"), 0): Tapped on element 'Object Repository/Mobile/Page/Analysis/Dropdown - Market Cap'

2021-12-02 18:09:29 - [MESSAGE][WARNING] - Timeout '0' is invalid. Using default page load timeout: '60'

2021-12-02 18:09:31 - [MESSAGE][PASSED] - Tapped on element 'Object Repository/Mobile/Page/Analysis/Dropdown - Market Cap'

2021-12-02 18:09:31 - [TEST_STEP][PASSED] - delay(1): Delayed 1 second(s)

2021-12-02 18:09:32 - [MESSAGE][PASSED] - Delayed 1 second(s)

2021-12-02 18:09:32 - [TEST_STEP][PASSED] - tap(findTestObject("Object Repository/Mobile/Page/Analysis/Option Market Cap - 1 Trillion"), 0): Tapped on element 'Object Repository/Mobile/Page/Analysis/Option Market Cap - 1 Trillion'

2021-12-02 18:09:32 - [MESSAGE][WARNING] - Timeout '0' is invalid. Using default page load timeout: '60'

2021-12-02 18:09:33 - [MESSAGE][PASSED] - Tapped on element 'Object Repository/Mobile/Page/Analysis/Option Market Cap - 1 Trillion'

2021-12-02 18:09:33 - [TEST_STEP][PASSED] - delay(1): Delayed 1 second(s)

2021-12-02 18:09:34 - [MESSAGE][PASSED] - Delayed 1 second(s)

2021-12-02 18:09:34 - [TEST_STEP][PASSED] - tap(findTestObject("Object Repository/Mobile/Page/Analysis/Dropdown - Transaction"), 0): Tapped on element 'Object Repository/Mobile/Page/Analysis/Dropdown - Transaction'

2021-12-02 18:09:34 - [MESSAGE][WARNING] - Timeout '0' is invalid. Using default page load timeout: '60'

2021-12-02 18:09:34 - [MESSAGE][PASSED] - Tapped on element 'Object Repository/Mobile/Page/Analysis/Dropdown - Transaction'

2021-12-02 18:09:34 - [TEST_STEP][PASSED] - delay(1): Delayed 1 second(s)

2021-12-02 18:09:35 - [MESSAGE][PASSED] - Delayed 1 second(s)

2021-12-02 18:09:35 - [TEST_STEP][PASSED] - tap(findTestObject("Object Repository/Mobile/Page/Analysis/Option Transaction - 1 Billion"), 0): Tapped on element 'Object Repository/Mobile/Page/Analysis/Option Transaction - 1 Billion'

2021-12-02 18:09:35 - [MESSAGE][WARNING] - Timeout '0' is invalid. Using default page load timeout: '60'

2021-12-02 18:09:36 - [MESSAGE][PASSED] - Tapped on element 'Object Repository/Mobile/Page/Analysis/Option Transaction - 1 Billion'

2021-12-02 18:09:36 - [TEST_STEP][PASSED] - delay(1): Delayed 1 second(s)

2021-12-02 18:09:37 - [MESSAGE][PASSED] - Delayed 1 second(s)

2021-12-02 18:09:37 - [TEST_STEP][PASSED] - tap(findTestObject("Object Repository/Mobile/Page/Analysis/Dropdown - Time Frame"), 0): Tapped on element 'Object Repository/Mobile/Page/Analysis/Dropdown - Time Frame'

2021-12-02 18:09:37 - [MESSAGE][WARNING] - Timeout '0' is invalid. Using default page load timeout: '60'

2021-12-02 18:09:38 - [MESSAGE][PASSED] - Tapped on element 'Object Repository/Mobile/Page/Analysis/Dropdown - Time Frame'

2021-12-02 18:09:38 - [TEST_STEP][PASSED] - delay(1): Delayed 1 second(s)

2021-12-02 18:09:39 - [MESSAGE][PASSED] - Delayed 1 second(s)

2021-12-02 18:09:39 - [TEST_STEP][PASSED] - tap(findTestObject("Object Repository/Mobile/Page/Analysis/Option Time Frame - Daily"), 0): Tapped on element 'Object Repository/Mobile/Page/Analysis/Option Time Frame - Daily'

2021-12-02 18:09:39 - [MESSAGE][WARNING] - Timeout '0' is invalid. Using default page load timeout: '60'

2021-12-02 18:09:40 - [MESSAGE][PASSED] - Tapped on element 'Object Repository/Mobile/Page/Analysis/Option Time Frame - Daily'

2021-12-02 18:09:40 - [TEST_STEP][PASSED] - delay(1): Delayed 1 second(s)

2021-12-02 18:09:41 - [MESSAGE][PASSED] - Delayed 1 second(s)

2021-12-02 18:09:41 - [TEST_STEP][PASSED] - tap(findTestObject("Object Repository/Mobile/Page/Analysis/Dropdown - Index"), 0): Tapped on element 'Object Repository/Mobile/Page/Analysis/Dropdown - Index'

2021-12-02 18:09:41 - [MESSAGE][WARNING] - Timeout '0' is invalid. Using default page load timeout: '60'

2021-12-02 18:09:43 - [MESSAGE][PASSED] - Tapped on element 'Object Repository/Mobile/Page/Analysis/Dropdown - Index'

2021-12-02 18:09:43 - [TEST_STEP][PASSED] - delay(1): Delayed 1 second(s)

2021-12-02 18:09:44 - [MESSAGE][PASSED] - Delayed 1 second(s)

2021-12-02 18:09:44 - [TEST_STEP][PASSED] - tap(findTestObject("Object Repository/Mobile/Page/Analysis/Option Index - Idx30"), 0): Tapped on element 'Object Repository/Mobile/Page/Analysis/Option Index - Idx30'

2021-12-02 18:09:44 - [MESSAGE][WARNING] - Timeout '0' is invalid. Using default page load timeout: '60'

2021-12-02 18:09:45 - [MESSAGE][PASSED] - Tapped on element 'Object Repository/Mobile/Page/Analysis/Option Index - Idx30'

2021-12-02 18:09:45 - [TEST_STEP][PASSED] - delay(2): Delayed 2 second(s)

2021-12-02 18:09:47 - [MESSAGE][PASSED] - Delayed 2 second(s)

2021-12-02 18:09:47 - [MESSAGE][PASSED] - Call Test Case 'Test Cases/Mobile/Page/Analysis/Analysis' successfully

2021-12-02 18:09:47 - [TEST_STEP][PASSED] - callTestCase(findTestCase("Mobile/Page/Run App/Terminate App"), [:], STOP_ON_FAILURE): Call Test Case 'Test Cases/Mobile/Page/Run App/Terminate App' successfully

2021-12-02 18:09:47 - [TEST_CASE][PASSED] - Test Cases/Mobile/Page/Run App/Terminate App: Test Cases/Mobile/Page/Run App/Terminate App

2021-12-02 18:09:47 - [TEST_STEP][PASSED] - startApp.OpenApp.terminateApplication(): startApp.OpenApp.terminateApplication is PASSED

2021-12-02 18:09:51 - [MESSAGE][PASSED] - Delayed 3 second(s)

2021-12-02 18:09:51 - [MESSAGE][PASSED] - Current device physical width is 720

2021-12-02 18:09:51 - [MESSAGE][PASSED] - Current device physical height is 1423

2021-12-02 18:09:53 - [MESSAGE][PASSED] - Swiped from 360,853 to 360,142

2021-12-02 18:09:54 - [MESSAGE][PASSED] - Delayed 1 second(s)

2021-12-02 18:09:55 - [MESSAGE][PASSED] - Swiped from 360,853 to 360,142

2021-12-02 18:09:58 - [MESSAGE][PASSED] - Delayed 3 second(s)

2021-12-02 18:09:58 - [MESSAGE][PASSED] - startApp.OpenApp.terminateApplication is PASSED

2021-12-02 18:09:58 - [MESSAGE][PASSED] - Call Test Case 'Test Cases/Mobile/Page/Run App/Terminate App' successfully]]></system-out>
         <system-err><![CDATA[]]></system-err>
      </testcase>
      <testcase name="Test Cases/Mobile/Scenario/Analysis/002 - User memilih salah satu saham (chart)" time="67.425" classname="Test Cases/Mobile/Scenario/Analysis/002 - User memilih salah satu saham (chart)" status="PASSED">
         <system-out><![CDATA[2021-12-02 18:09:58 - [TEST_CASE][PASSED] - Test Cases/Mobile/Scenario/Analysis/002 - User memilih salah satu saham (chart): Test Cases/Mobile/Scenario/Analysis/002 - User memilih salah satu saham (chart)

2021-12-02 18:09:59 - [TEST_STEP][PASSED] - callTestCase(findTestCase("Mobile/Page/Run App/Run App byID"), [:], STOP_ON_FAILURE): Call Test Case 'Test Cases/Mobile/Page/Run App/Run App byID' successfully

2021-12-02 18:09:59 - [TEST_CASE][PASSED] - Test Cases/Mobile/Page/Run App/Run App byID: Test Cases/Mobile/Page/Run App/Run App byID

2021-12-02 18:09:59 - [TEST_STEP][PASSED] - startApp.OpenApp.startApplication("id.co.miraeasset.sageclub"): startApp.OpenApp.startApplication is PASSED

2021-12-02 18:10:11 - [MESSAGE][PASSED] - Starting app with application ID: 'id.co.miraeasset.sageclub'

2021-12-02 18:10:11 - [MESSAGE][PASSED] - startApp.OpenApp.startApplication is PASSED

2021-12-02 18:10:11 - [MESSAGE][PASSED] - Call Test Case 'Test Cases/Mobile/Page/Run App/Run App byID' successfully

2021-12-02 18:10:11 - [TEST_STEP][PASSED] - callTestCase(findTestCase("Mobile/Page/Analysis/Analysis"), ["action":"technicaldetail"], CONTINUE_ON_FAILURE): Call Test Case 'Test Cases/Mobile/Page/Analysis/Analysis' successfully

2021-12-02 18:10:11 - [TEST_CASE][PASSED] - Test Cases/Mobile/Page/Analysis/Analysis: Test Cases/Mobile/Page/Analysis/Analysis

2021-12-02 18:10:11 - [TEST_STEP][PASSED] - loginCheck = verifyElementExist(findTestObject("Object Repository/Mobile/Page/Login/Button - Login"), 2, CONTINUE_ON_FAILURE): Element 'Object Repository/Mobile/Page/Login/Button - Login' is exist

2021-12-02 18:10:13 - [MESSAGE][PASSED] - Element 'Object Repository/Mobile/Page/Login/Button - Login' is exist

2021-12-02 18:10:13 - [TEST_STEP][PASSED] - if (loginCheck): Call Test Case 'Test Cases/Mobile/Page/Login/Login' successfully

2021-12-02 18:10:13 - [TEST_STEP][PASSED] - callTestCase(findTestCase("Mobile/Page/Login/Login"), [:], CONTINUE_ON_FAILURE): Call Test Case 'Test Cases/Mobile/Page/Login/Login' successfully

2021-12-02 18:10:13 - [TEST_CASE][PASSED] - Test Cases/Mobile/Page/Login/Login: Test Cases/Mobile/Page/Login/Login

2021-12-02 18:10:13 - [TEST_STEP][PASSED] - delay(2): Delayed 2 second(s)

2021-12-02 18:10:15 - [MESSAGE][PASSED] - Delayed 2 second(s)

2021-12-02 18:10:15 - [TEST_STEP][PASSED] - tap(findTestObject("Object Repository/Mobile/Page/Login/Input - UserID"), 0): Tapped on element 'Object Repository/Mobile/Page/Login/Input - UserID'

2021-12-02 18:10:15 - [MESSAGE][WARNING] - Timeout '0' is invalid. Using default page load timeout: '60'

2021-12-02 18:10:16 - [MESSAGE][PASSED] - Tapped on element 'Object Repository/Mobile/Page/Login/Input - UserID'

2021-12-02 18:10:16 - [TEST_STEP][PASSED] - delay(1): Delayed 1 second(s)

2021-12-02 18:10:17 - [MESSAGE][PASSED] - Delayed 1 second(s)

2021-12-02 18:10:17 - [TEST_STEP][PASSED] - setText(findTestObject("Object Repository/Mobile/Page/Login/Input Rdy - UserID"), "anggaaditya", 0): Text 'anggaaditya' has been set to element 'Object Repository/Mobile/Page/Login/Input Rdy - UserID'

2021-12-02 18:10:17 - [MESSAGE][WARNING] - Timeout '0' is invalid. Using default page load timeout: '60'

2021-12-02 18:10:17 - [MESSAGE][PASSED] - Text 'anggaaditya' has been set to element 'Object Repository/Mobile/Page/Login/Input Rdy - UserID'

2021-12-02 18:10:17 - [TEST_STEP][PASSED] - delay(1): Delayed 1 second(s)

2021-12-02 18:10:18 - [MESSAGE][PASSED] - Delayed 1 second(s)

2021-12-02 18:10:18 - [TEST_STEP][PASSED] - hideKeyboard(): Keyboard is hidden

2021-12-02 18:10:22 - [MESSAGE][PASSED] - Keyboard is hidden

2021-12-02 18:10:22 - [TEST_STEP][PASSED] - tap(findTestObject("Object Repository/Mobile/Page/Login/Input - Password"), 0): Tapped on element 'Object Repository/Mobile/Page/Login/Input - Password'

2021-12-02 18:10:22 - [MESSAGE][WARNING] - Timeout '0' is invalid. Using default page load timeout: '60'

2021-12-02 18:10:22 - [MESSAGE][PASSED] - Tapped on element 'Object Repository/Mobile/Page/Login/Input - Password'

2021-12-02 18:10:22 - [TEST_STEP][PASSED] - delay(1): Delayed 1 second(s)

2021-12-02 18:10:23 - [MESSAGE][PASSED] - Delayed 1 second(s)

2021-12-02 18:10:23 - [TEST_STEP][PASSED] - setText(findTestObject("Object Repository/Mobile/Page/Login/Input Rdy - Password"), "Shalawa18", 0): Text 'Shalawa18' has been set to element 'Object Repository/Mobile/Page/Login/Input Rdy - Password'

2021-12-02 18:10:24 - [MESSAGE][WARNING] - Timeout '0' is invalid. Using default page load timeout: '60'

2021-12-02 18:10:24 - [MESSAGE][PASSED] - Text 'Shalawa18' has been set to element 'Object Repository/Mobile/Page/Login/Input Rdy - Password'

2021-12-02 18:10:24 - [TEST_STEP][PASSED] - delay(1): Delayed 1 second(s)

2021-12-02 18:10:25 - [MESSAGE][PASSED] - Delayed 1 second(s)

2021-12-02 18:10:25 - [TEST_STEP][PASSED] - hideKeyboard(): Keyboard is hidden

2021-12-02 18:10:31 - [MESSAGE][PASSED] - Keyboard is hidden

2021-12-02 18:10:31 - [TEST_STEP][PASSED] - tap(findTestObject("Object Repository/Mobile/Page/Login/Button - Login"), 0): Tapped on element 'Object Repository/Mobile/Page/Login/Button - Login'

2021-12-02 18:10:31 - [MESSAGE][WARNING] - Timeout '0' is invalid. Using default page load timeout: '60'

2021-12-02 18:10:32 - [MESSAGE][PASSED] - Tapped on element 'Object Repository/Mobile/Page/Login/Button - Login'

2021-12-02 18:10:32 - [TEST_STEP][PASSED] - delay(2): Delayed 2 second(s)

2021-12-02 18:10:34 - [MESSAGE][PASSED] - Delayed 2 second(s)

2021-12-02 18:10:34 - [MESSAGE][PASSED] - Call Test Case 'Test Cases/Mobile/Page/Login/Login' successfully

2021-12-02 18:10:34 - [TEST_STEP][PASSED] - tap(findTestObject("Object Repository/Mobile/Page/Home/Menubar - Analysis"), 0): Tapped on element 'Object Repository/Mobile/Page/Home/Menubar - Analysis'

2021-12-02 18:10:34 - [MESSAGE][WARNING] - Timeout '0' is invalid. Using default page load timeout: '60'

2021-12-02 18:10:35 - [MESSAGE][PASSED] - Tapped on element 'Object Repository/Mobile/Page/Home/Menubar - Analysis'

2021-12-02 18:10:35 - [TEST_STEP][PASSED] - delay(1): Delayed 1 second(s)

2021-12-02 18:10:36 - [MESSAGE][PASSED] - Delayed 1 second(s)

2021-12-02 18:10:36 - [TEST_STEP][PASSED] - for ([i = 0, i < 1, (i++)]): Delayed 2 second(s)

2021-12-02 18:10:36 - [TEST_STEP][PASSED] - if (action == "technicalsearch"): null

2021-12-02 18:10:36 - [TEST_STEP][PASSED] - else if (action == "technicaldetail"): Delayed 2 second(s)

2021-12-02 18:10:36 - [TEST_STEP][PASSED] - tap(findTestObject("Object Repository/Mobile/Page/Analysis/Item - Top Technical"), 0): Tapped on element 'Object Repository/Mobile/Page/Analysis/Item - Top Technical'

2021-12-02 18:10:36 - [MESSAGE][WARNING] - Timeout '0' is invalid. Using default page load timeout: '60'

2021-12-02 18:10:38 - [MESSAGE][PASSED] - Tapped on element 'Object Repository/Mobile/Page/Analysis/Item - Top Technical'

2021-12-02 18:10:38 - [TEST_STEP][PASSED] - delay(3): Delayed 3 second(s)

2021-12-02 18:10:41 - [MESSAGE][PASSED] - Delayed 3 second(s)

2021-12-02 18:10:41 - [TEST_STEP][PASSED] - tap(findTestObject("Object Repository/Mobile/Page/Analysis/Detail/Button - D"), 0): Tapped on element 'Object Repository/Mobile/Page/Analysis/Detail/Button - D'

2021-12-02 18:10:41 - [MESSAGE][WARNING] - Timeout '0' is invalid. Using default page load timeout: '60'

2021-12-02 18:10:42 - [MESSAGE][PASSED] - Tapped on element 'Object Repository/Mobile/Page/Analysis/Detail/Button - D'

2021-12-02 18:10:42 - [TEST_STEP][PASSED] - delay(2): Delayed 2 second(s)

2021-12-02 18:10:44 - [MESSAGE][PASSED] - Delayed 2 second(s)

2021-12-02 18:10:44 - [TEST_STEP][PASSED] - tap(findTestObject("Object Repository/Mobile/Page/Analysis/Detail/Button - W"), 0): Tapped on element 'Object Repository/Mobile/Page/Analysis/Detail/Button - W'

2021-12-02 18:10:44 - [MESSAGE][WARNING] - Timeout '0' is invalid. Using default page load timeout: '60'

2021-12-02 18:10:46 - [MESSAGE][PASSED] - Tapped on element 'Object Repository/Mobile/Page/Analysis/Detail/Button - W'

2021-12-02 18:10:46 - [TEST_STEP][PASSED] - delay(2): Delayed 2 second(s)

2021-12-02 18:10:48 - [MESSAGE][PASSED] - Delayed 2 second(s)

2021-12-02 18:10:48 - [TEST_STEP][PASSED] - tap(findTestObject("Object Repository/Mobile/Page/Analysis/Detail/Button - M"), 0): Tapped on element 'Object Repository/Mobile/Page/Analysis/Detail/Button - M'

2021-12-02 18:10:48 - [MESSAGE][WARNING] - Timeout '0' is invalid. Using default page load timeout: '60'

2021-12-02 18:10:49 - [MESSAGE][PASSED] - Tapped on element 'Object Repository/Mobile/Page/Analysis/Detail/Button - M'

2021-12-02 18:10:49 - [TEST_STEP][PASSED] - delay(2): Delayed 2 second(s)

2021-12-02 18:10:51 - [MESSAGE][PASSED] - Delayed 2 second(s)

2021-12-02 18:10:51 - [TEST_STEP][PASSED] - tap(findTestObject("Object Repository/Mobile/Page/Analysis/Detail/Button - Y"), 0): Tapped on element 'Object Repository/Mobile/Page/Analysis/Detail/Button - Y'

2021-12-02 18:10:51 - [MESSAGE][WARNING] - Timeout '0' is invalid. Using default page load timeout: '60'

2021-12-02 18:10:52 - [MESSAGE][PASSED] - Tapped on element 'Object Repository/Mobile/Page/Analysis/Detail/Button - Y'

2021-12-02 18:10:52 - [TEST_STEP][PASSED] - delay(2): Delayed 2 second(s)

2021-12-02 18:10:54 - [MESSAGE][PASSED] - Delayed 2 second(s)

2021-12-02 18:10:54 - [MESSAGE][PASSED] - Call Test Case 'Test Cases/Mobile/Page/Analysis/Analysis' successfully

2021-12-02 18:10:54 - [TEST_STEP][PASSED] - callTestCase(findTestCase("Mobile/Page/Run App/Terminate App"), [:], STOP_ON_FAILURE): Call Test Case 'Test Cases/Mobile/Page/Run App/Terminate App' successfully

2021-12-02 18:10:54 - [TEST_CASE][PASSED] - Test Cases/Mobile/Page/Run App/Terminate App: Test Cases/Mobile/Page/Run App/Terminate App

2021-12-02 18:10:54 - [TEST_STEP][PASSED] - startApp.OpenApp.terminateApplication(): startApp.OpenApp.terminateApplication is PASSED

2021-12-02 18:10:58 - [MESSAGE][PASSED] - Delayed 3 second(s)

2021-12-02 18:10:59 - [MESSAGE][PASSED] - Current device physical width is 720

2021-12-02 18:10:59 - [MESSAGE][PASSED] - Current device physical height is 1423

2021-12-02 18:11:00 - [MESSAGE][PASSED] - Swiped from 360,853 to 360,142

2021-12-02 18:11:01 - [MESSAGE][PASSED] - Delayed 1 second(s)

2021-12-02 18:11:02 - [MESSAGE][PASSED] - Swiped from 360,853 to 360,142

2021-12-02 18:11:06 - [MESSAGE][PASSED] - Delayed 3 second(s)

2021-12-02 18:11:06 - [MESSAGE][PASSED] - startApp.OpenApp.terminateApplication is PASSED

2021-12-02 18:11:06 - [MESSAGE][PASSED] - Call Test Case 'Test Cases/Mobile/Page/Run App/Terminate App' successfully]]></system-out>
         <system-err><![CDATA[]]></system-err>
      </testcase>
      <testcase name="Test Cases/Mobile/Scenario/Analysis/003 - User memilh Research Report" time="67.176" classname="Test Cases/Mobile/Scenario/Analysis/003 - User memilh Research Report" status="PASSED">
         <system-out><![CDATA[2021-12-02 18:11:06 - [TEST_CASE][PASSED] - Test Cases/Mobile/Scenario/Analysis/003 - User memilh Research Report: Test Cases/Mobile/Scenario/Analysis/003 - User memilh Research Report

2021-12-02 18:11:06 - [TEST_STEP][PASSED] - callTestCase(findTestCase("Mobile/Page/Run App/Run App byID"), [:], STOP_ON_FAILURE): Call Test Case 'Test Cases/Mobile/Page/Run App/Run App byID' successfully

2021-12-02 18:11:06 - [TEST_CASE][PASSED] - Test Cases/Mobile/Page/Run App/Run App byID: Test Cases/Mobile/Page/Run App/Run App byID

2021-12-02 18:11:06 - [TEST_STEP][PASSED] - startApp.OpenApp.startApplication("id.co.miraeasset.sageclub"): startApp.OpenApp.startApplication is PASSED

2021-12-02 18:11:19 - [MESSAGE][PASSED] - Starting app with application ID: 'id.co.miraeasset.sageclub'

2021-12-02 18:11:19 - [MESSAGE][PASSED] - startApp.OpenApp.startApplication is PASSED

2021-12-02 18:11:19 - [MESSAGE][PASSED] - Call Test Case 'Test Cases/Mobile/Page/Run App/Run App byID' successfully

2021-12-02 18:11:19 - [TEST_STEP][PASSED] - callTestCase(findTestCase("Mobile/Page/Analysis/Analysis"), ["action":"researchdetail"], CONTINUE_ON_FAILURE): Call Test Case 'Test Cases/Mobile/Page/Analysis/Analysis' successfully

2021-12-02 18:11:19 - [TEST_CASE][PASSED] - Test Cases/Mobile/Page/Analysis/Analysis: Test Cases/Mobile/Page/Analysis/Analysis

2021-12-02 18:11:19 - [TEST_STEP][PASSED] - loginCheck = verifyElementExist(findTestObject("Object Repository/Mobile/Page/Login/Button - Login"), 2, CONTINUE_ON_FAILURE): Element 'Object Repository/Mobile/Page/Login/Button - Login' is exist

2021-12-02 18:11:21 - [MESSAGE][PASSED] - Element 'Object Repository/Mobile/Page/Login/Button - Login' is exist

2021-12-02 18:11:21 - [TEST_STEP][PASSED] - if (loginCheck): Call Test Case 'Test Cases/Mobile/Page/Login/Login' successfully

2021-12-02 18:11:21 - [TEST_STEP][PASSED] - callTestCase(findTestCase("Mobile/Page/Login/Login"), [:], CONTINUE_ON_FAILURE): Call Test Case 'Test Cases/Mobile/Page/Login/Login' successfully

2021-12-02 18:11:21 - [TEST_CASE][PASSED] - Test Cases/Mobile/Page/Login/Login: Test Cases/Mobile/Page/Login/Login

2021-12-02 18:11:21 - [TEST_STEP][PASSED] - delay(2): Delayed 2 second(s)

2021-12-02 18:11:23 - [MESSAGE][PASSED] - Delayed 2 second(s)

2021-12-02 18:11:23 - [TEST_STEP][PASSED] - tap(findTestObject("Object Repository/Mobile/Page/Login/Input - UserID"), 0): Tapped on element 'Object Repository/Mobile/Page/Login/Input - UserID'

2021-12-02 18:11:23 - [MESSAGE][WARNING] - Timeout '0' is invalid. Using default page load timeout: '60'

2021-12-02 18:11:23 - [MESSAGE][PASSED] - Tapped on element 'Object Repository/Mobile/Page/Login/Input - UserID'

2021-12-02 18:11:23 - [TEST_STEP][PASSED] - delay(1): Delayed 1 second(s)

2021-12-02 18:11:24 - [MESSAGE][PASSED] - Delayed 1 second(s)

2021-12-02 18:11:24 - [TEST_STEP][PASSED] - setText(findTestObject("Object Repository/Mobile/Page/Login/Input Rdy - UserID"), "anggaaditya", 0): Text 'anggaaditya' has been set to element 'Object Repository/Mobile/Page/Login/Input Rdy - UserID'

2021-12-02 18:11:24 - [MESSAGE][WARNING] - Timeout '0' is invalid. Using default page load timeout: '60'

2021-12-02 18:11:25 - [MESSAGE][PASSED] - Text 'anggaaditya' has been set to element 'Object Repository/Mobile/Page/Login/Input Rdy - UserID'

2021-12-02 18:11:25 - [TEST_STEP][PASSED] - delay(1): Delayed 1 second(s)

2021-12-02 18:11:26 - [MESSAGE][PASSED] - Delayed 1 second(s)

2021-12-02 18:11:26 - [TEST_STEP][PASSED] - hideKeyboard(): Keyboard is hidden

2021-12-02 18:11:32 - [MESSAGE][PASSED] - Keyboard is hidden

2021-12-02 18:11:32 - [TEST_STEP][PASSED] - tap(findTestObject("Object Repository/Mobile/Page/Login/Input - Password"), 0): Tapped on element 'Object Repository/Mobile/Page/Login/Input - Password'

2021-12-02 18:11:32 - [MESSAGE][WARNING] - Timeout '0' is invalid. Using default page load timeout: '60'

2021-12-02 18:11:33 - [MESSAGE][PASSED] - Tapped on element 'Object Repository/Mobile/Page/Login/Input - Password'

2021-12-02 18:11:33 - [TEST_STEP][PASSED] - delay(1): Delayed 1 second(s)

2021-12-02 18:11:34 - [MESSAGE][PASSED] - Delayed 1 second(s)

2021-12-02 18:11:34 - [TEST_STEP][PASSED] - setText(findTestObject("Object Repository/Mobile/Page/Login/Input Rdy - Password"), "Shalawa18", 0): Text 'Shalawa18' has been set to element 'Object Repository/Mobile/Page/Login/Input Rdy - Password'

2021-12-02 18:11:34 - [MESSAGE][WARNING] - Timeout '0' is invalid. Using default page load timeout: '60'

2021-12-02 18:11:34 - [MESSAGE][PASSED] - Text 'Shalawa18' has been set to element 'Object Repository/Mobile/Page/Login/Input Rdy - Password'

2021-12-02 18:11:34 - [TEST_STEP][PASSED] - delay(1): Delayed 1 second(s)

2021-12-02 18:11:36 - [MESSAGE][PASSED] - Delayed 1 second(s)

2021-12-02 18:11:36 - [TEST_STEP][PASSED] - hideKeyboard(): Keyboard is hidden

2021-12-02 18:11:43 - [MESSAGE][PASSED] - Keyboard is hidden

2021-12-02 18:11:43 - [TEST_STEP][PASSED] - tap(findTestObject("Object Repository/Mobile/Page/Login/Button - Login"), 0): Tapped on element 'Object Repository/Mobile/Page/Login/Button - Login'

2021-12-02 18:11:43 - [MESSAGE][WARNING] - Timeout '0' is invalid. Using default page load timeout: '60'

2021-12-02 18:11:44 - [MESSAGE][PASSED] - Tapped on element 'Object Repository/Mobile/Page/Login/Button - Login'

2021-12-02 18:11:44 - [TEST_STEP][PASSED] - delay(2): Delayed 2 second(s)

2021-12-02 18:11:46 - [MESSAGE][PASSED] - Delayed 2 second(s)

2021-12-02 18:11:46 - [MESSAGE][PASSED] - Call Test Case 'Test Cases/Mobile/Page/Login/Login' successfully

2021-12-02 18:11:46 - [TEST_STEP][PASSED] - tap(findTestObject("Object Repository/Mobile/Page/Home/Menubar - Analysis"), 0): Tapped on element 'Object Repository/Mobile/Page/Home/Menubar - Analysis'

2021-12-02 18:11:46 - [MESSAGE][WARNING] - Timeout '0' is invalid. Using default page load timeout: '60'

2021-12-02 18:11:48 - [MESSAGE][PASSED] - Tapped on element 'Object Repository/Mobile/Page/Home/Menubar - Analysis'

2021-12-02 18:11:48 - [TEST_STEP][PASSED] - delay(1): Delayed 1 second(s)

2021-12-02 18:11:49 - [MESSAGE][PASSED] - Delayed 1 second(s)

2021-12-02 18:11:49 - [TEST_STEP][PASSED] - for ([i = 0, i < 1, (i++)]): Press back button successfully

2021-12-02 18:11:49 - [TEST_STEP][PASSED] - if (action == "technicalsearch"): null

2021-12-02 18:11:49 - [TEST_STEP][PASSED] - else if (action == "technicaldetail"): null

2021-12-02 18:11:49 - [TEST_STEP][PASSED] - else if (action == "researchdetail"): Press back button successfully

2021-12-02 18:11:49 - [TEST_STEP][PASSED] - tap(findTestObject("Object Repository/Mobile/Page/Analysis/Tab - Research Report"), 0): Tapped on element 'Object Repository/Mobile/Page/Analysis/Tab - Research Report'

2021-12-02 18:11:49 - [MESSAGE][WARNING] - Timeout '0' is invalid. Using default page load timeout: '60'

2021-12-02 18:11:51 - [MESSAGE][PASSED] - Tapped on element 'Object Repository/Mobile/Page/Analysis/Tab - Research Report'

2021-12-02 18:11:51 - [TEST_STEP][PASSED] - delay(1): Delayed 1 second(s)

2021-12-02 18:11:52 - [MESSAGE][PASSED] - Delayed 1 second(s)

2021-12-02 18:11:52 - [TEST_STEP][PASSED] - tapAndHold(findTestObject("Object Repository/Mobile/Page/Analysis/Item - Top Search"), 1, 0): Tapped and held on element 'Object Repository/Mobile/Page/Analysis/Item - Top Search' with duration 1

2021-12-02 18:11:52 - [MESSAGE][WARNING] - Timeout '0' is invalid. Using default page load timeout: '60'

2021-12-02 18:11:54 - [MESSAGE][PASSED] - Tapped and held on element 'Object Repository/Mobile/Page/Analysis/Item - Top Search' with duration 1

2021-12-02 18:11:54 - [TEST_STEP][PASSED] - delay(3): Delayed 3 second(s)

2021-12-02 18:11:57 - [MESSAGE][PASSED] - Delayed 3 second(s)

2021-12-02 18:11:57 - [TEST_STEP][PASSED] - tap(findTestObject("Object Repository/Mobile/Page/Analysis/Button - Open With Just Once"), 0): Tapped on element 'Object Repository/Mobile/Page/Analysis/Button - Open With Just Once'

2021-12-02 18:11:58 - [MESSAGE][WARNING] - Timeout '0' is invalid. Using default page load timeout: '60'

2021-12-02 18:11:58 - [MESSAGE][PASSED] - Tapped on element 'Object Repository/Mobile/Page/Analysis/Button - Open With Just Once'

2021-12-02 18:11:58 - [TEST_STEP][PASSED] - delay(3): Delayed 3 second(s)

2021-12-02 18:12:01 - [MESSAGE][PASSED] - Delayed 3 second(s)

2021-12-02 18:12:01 - [TEST_STEP][PASSED] - pressBack(): Press back button successfully

2021-12-02 18:12:02 - [MESSAGE][PASSED] - Press back button successfully

2021-12-02 18:12:02 - [MESSAGE][PASSED] - Call Test Case 'Test Cases/Mobile/Page/Analysis/Analysis' successfully

2021-12-02 18:12:02 - [TEST_STEP][PASSED] - callTestCase(findTestCase("Mobile/Page/Run App/Terminate App"), [:], STOP_ON_FAILURE): Call Test Case 'Test Cases/Mobile/Page/Run App/Terminate App' successfully

2021-12-02 18:12:02 - [TEST_CASE][PASSED] - Test Cases/Mobile/Page/Run App/Terminate App: Test Cases/Mobile/Page/Run App/Terminate App

2021-12-02 18:12:02 - [TEST_STEP][PASSED] - startApp.OpenApp.terminateApplication(): startApp.OpenApp.terminateApplication is PASSED

2021-12-02 18:12:05 - [MESSAGE][PASSED] - Delayed 3 second(s)

2021-12-02 18:12:06 - [MESSAGE][PASSED] - Current device physical width is 720

2021-12-02 18:12:06 - [MESSAGE][PASSED] - Current device physical height is 1423

2021-12-02 18:12:07 - [MESSAGE][PASSED] - Swiped from 360,853 to 360,142

2021-12-02 18:12:08 - [MESSAGE][PASSED] - Delayed 1 second(s)

2021-12-02 18:12:10 - [MESSAGE][PASSED] - Swiped from 360,853 to 360,142

2021-12-02 18:12:13 - [MESSAGE][PASSED] - Delayed 3 second(s)

2021-12-02 18:12:13 - [MESSAGE][PASSED] - startApp.OpenApp.terminateApplication is PASSED

2021-12-02 18:12:13 - [MESSAGE][PASSED] - Call Test Case 'Test Cases/Mobile/Page/Run App/Terminate App' successfully]]></system-out>
         <system-err><![CDATA[]]></system-err>
      </testcase>
      <testcase name="Test Cases/Mobile/Scenario/Analysis/004 - User mencari research report" time="74.793" classname="Test Cases/Mobile/Scenario/Analysis/004 - User mencari research report" status="PASSED">
         <system-out><![CDATA[2021-12-02 18:12:13 - [TEST_CASE][PASSED] - Test Cases/Mobile/Scenario/Analysis/004 - User mencari research report: Test Cases/Mobile/Scenario/Analysis/004 - User mencari research report

2021-12-02 18:12:13 - [TEST_STEP][PASSED] - callTestCase(findTestCase("Mobile/Page/Run App/Run App byID"), [:], STOP_ON_FAILURE): Call Test Case 'Test Cases/Mobile/Page/Run App/Run App byID' successfully

2021-12-02 18:12:13 - [TEST_CASE][PASSED] - Test Cases/Mobile/Page/Run App/Run App byID: Test Cases/Mobile/Page/Run App/Run App byID

2021-12-02 18:12:13 - [TEST_STEP][PASSED] - startApp.OpenApp.startApplication("id.co.miraeasset.sageclub"): startApp.OpenApp.startApplication is PASSED

2021-12-02 18:12:28 - [MESSAGE][PASSED] - Starting app with application ID: 'id.co.miraeasset.sageclub'

2021-12-02 18:12:28 - [MESSAGE][PASSED] - startApp.OpenApp.startApplication is PASSED

2021-12-02 18:12:28 - [MESSAGE][PASSED] - Call Test Case 'Test Cases/Mobile/Page/Run App/Run App byID' successfully

2021-12-02 18:12:28 - [TEST_STEP][PASSED] - callTestCase(findTestCase("Mobile/Page/Analysis/Analysis"), ["action":"researchsearch"], CONTINUE_ON_FAILURE): Call Test Case 'Test Cases/Mobile/Page/Analysis/Analysis' successfully

2021-12-02 18:12:28 - [TEST_CASE][PASSED] - Test Cases/Mobile/Page/Analysis/Analysis: Test Cases/Mobile/Page/Analysis/Analysis

2021-12-02 18:12:28 - [TEST_STEP][PASSED] - loginCheck = verifyElementExist(findTestObject("Object Repository/Mobile/Page/Login/Button - Login"), 2, CONTINUE_ON_FAILURE): Element 'Object Repository/Mobile/Page/Login/Button - Login' is exist

2021-12-02 18:12:30 - [MESSAGE][PASSED] - Element 'Object Repository/Mobile/Page/Login/Button - Login' is exist

2021-12-02 18:12:30 - [TEST_STEP][PASSED] - if (loginCheck): Call Test Case 'Test Cases/Mobile/Page/Login/Login' successfully

2021-12-02 18:12:30 - [TEST_STEP][PASSED] - callTestCase(findTestCase("Mobile/Page/Login/Login"), [:], CONTINUE_ON_FAILURE): Call Test Case 'Test Cases/Mobile/Page/Login/Login' successfully

2021-12-02 18:12:30 - [TEST_CASE][PASSED] - Test Cases/Mobile/Page/Login/Login: Test Cases/Mobile/Page/Login/Login

2021-12-02 18:12:30 - [TEST_STEP][PASSED] - delay(2): Delayed 2 second(s)

2021-12-02 18:12:32 - [MESSAGE][PASSED] - Delayed 2 second(s)

2021-12-02 18:12:32 - [TEST_STEP][PASSED] - tap(findTestObject("Object Repository/Mobile/Page/Login/Input - UserID"), 0): Tapped on element 'Object Repository/Mobile/Page/Login/Input - UserID'

2021-12-02 18:12:33 - [MESSAGE][WARNING] - Timeout '0' is invalid. Using default page load timeout: '60'

2021-12-02 18:12:33 - [MESSAGE][PASSED] - Tapped on element 'Object Repository/Mobile/Page/Login/Input - UserID'

2021-12-02 18:12:33 - [TEST_STEP][PASSED] - delay(1): Delayed 1 second(s)

2021-12-02 18:12:34 - [MESSAGE][PASSED] - Delayed 1 second(s)

2021-12-02 18:12:34 - [TEST_STEP][PASSED] - setText(findTestObject("Object Repository/Mobile/Page/Login/Input Rdy - UserID"), "anggaaditya", 0): Text 'anggaaditya' has been set to element 'Object Repository/Mobile/Page/Login/Input Rdy - UserID'

2021-12-02 18:12:34 - [MESSAGE][WARNING] - Timeout '0' is invalid. Using default page load timeout: '60'

2021-12-02 18:12:35 - [MESSAGE][PASSED] - Text 'anggaaditya' has been set to element 'Object Repository/Mobile/Page/Login/Input Rdy - UserID'

2021-12-02 18:12:35 - [TEST_STEP][PASSED] - delay(1): Delayed 1 second(s)

2021-12-02 18:12:36 - [MESSAGE][PASSED] - Delayed 1 second(s)

2021-12-02 18:12:36 - [TEST_STEP][PASSED] - hideKeyboard(): Keyboard is hidden

2021-12-02 18:12:42 - [MESSAGE][PASSED] - Keyboard is hidden

2021-12-02 18:12:42 - [TEST_STEP][PASSED] - tap(findTestObject("Object Repository/Mobile/Page/Login/Input - Password"), 0): Tapped on element 'Object Repository/Mobile/Page/Login/Input - Password'

2021-12-02 18:12:42 - [MESSAGE][WARNING] - Timeout '0' is invalid. Using default page load timeout: '60'

2021-12-02 18:12:42 - [MESSAGE][PASSED] - Tapped on element 'Object Repository/Mobile/Page/Login/Input - Password'

2021-12-02 18:12:42 - [TEST_STEP][PASSED] - delay(1): Delayed 1 second(s)

2021-12-02 18:12:43 - [MESSAGE][PASSED] - Delayed 1 second(s)

2021-12-02 18:12:43 - [TEST_STEP][PASSED] - setText(findTestObject("Object Repository/Mobile/Page/Login/Input Rdy - Password"), "Shalawa18", 0): Text 'Shalawa18' has been set to element 'Object Repository/Mobile/Page/Login/Input Rdy - Password'

2021-12-02 18:12:43 - [MESSAGE][WARNING] - Timeout '0' is invalid. Using default page load timeout: '60'

2021-12-02 18:12:44 - [MESSAGE][PASSED] - Text 'Shalawa18' has been set to element 'Object Repository/Mobile/Page/Login/Input Rdy - Password'

2021-12-02 18:12:44 - [TEST_STEP][PASSED] - delay(1): Delayed 1 second(s)

2021-12-02 18:12:45 - [MESSAGE][PASSED] - Delayed 1 second(s)

2021-12-02 18:12:45 - [TEST_STEP][PASSED] - hideKeyboard(): Keyboard is hidden

2021-12-02 18:12:52 - [MESSAGE][PASSED] - Keyboard is hidden

2021-12-02 18:12:52 - [TEST_STEP][PASSED] - tap(findTestObject("Object Repository/Mobile/Page/Login/Button - Login"), 0): Tapped on element 'Object Repository/Mobile/Page/Login/Button - Login'

2021-12-02 18:12:52 - [MESSAGE][WARNING] - Timeout '0' is invalid. Using default page load timeout: '60'

2021-12-02 18:12:53 - [MESSAGE][PASSED] - Tapped on element 'Object Repository/Mobile/Page/Login/Button - Login'

2021-12-02 18:12:53 - [TEST_STEP][PASSED] - delay(2): Delayed 2 second(s)

2021-12-02 18:12:55 - [MESSAGE][PASSED] - Delayed 2 second(s)

2021-12-02 18:12:55 - [MESSAGE][PASSED] - Call Test Case 'Test Cases/Mobile/Page/Login/Login' successfully

2021-12-02 18:12:55 - [TEST_STEP][PASSED] - tap(findTestObject("Object Repository/Mobile/Page/Home/Menubar - Analysis"), 0): Tapped on element 'Object Repository/Mobile/Page/Home/Menubar - Analysis'

2021-12-02 18:12:55 - [MESSAGE][WARNING] - Timeout '0' is invalid. Using default page load timeout: '60'

2021-12-02 18:12:56 - [MESSAGE][PASSED] - Tapped on element 'Object Repository/Mobile/Page/Home/Menubar - Analysis'

2021-12-02 18:12:56 - [TEST_STEP][PASSED] - delay(1): Delayed 1 second(s)

2021-12-02 18:12:57 - [MESSAGE][PASSED] - Delayed 1 second(s)

2021-12-02 18:12:57 - [TEST_STEP][PASSED] - for ([i = 0, i < 1, (i++)]): Press back button successfully

2021-12-02 18:12:57 - [TEST_STEP][PASSED] - if (action == "technicalsearch"): null

2021-12-02 18:12:57 - [TEST_STEP][PASSED] - else if (action == "technicaldetail"): null

2021-12-02 18:12:57 - [TEST_STEP][PASSED] - else if (action == "researchdetail"): null

2021-12-02 18:12:57 - [TEST_STEP][PASSED] - else if (action == "researchsearch"): Press back button successfully

2021-12-02 18:12:57 - [TEST_STEP][PASSED] - tap(findTestObject("Object Repository/Mobile/Page/Analysis/Tab - Research Report"), 0): Tapped on element 'Object Repository/Mobile/Page/Analysis/Tab - Research Report'

2021-12-02 18:12:57 - [MESSAGE][WARNING] - Timeout '0' is invalid. Using default page load timeout: '60'

2021-12-02 18:12:59 - [MESSAGE][PASSED] - Tapped on element 'Object Repository/Mobile/Page/Analysis/Tab - Research Report'

2021-12-02 18:12:59 - [TEST_STEP][PASSED] - delay(1): Delayed 1 second(s)

2021-12-02 18:13:00 - [MESSAGE][PASSED] - Delayed 1 second(s)

2021-12-02 18:13:00 - [TEST_STEP][PASSED] - tap(findTestObject("Object Repository/Mobile/Page/Analysis/Input - Search"), 0): Tapped on element 'Object Repository/Mobile/Page/Analysis/Input - Search'

2021-12-02 18:13:00 - [MESSAGE][WARNING] - Timeout '0' is invalid. Using default page load timeout: '60'

2021-12-02 18:13:00 - [MESSAGE][PASSED] - Tapped on element 'Object Repository/Mobile/Page/Analysis/Input - Search'

2021-12-02 18:13:00 - [TEST_STEP][PASSED] - delay(1): Delayed 1 second(s)

2021-12-02 18:13:01 - [MESSAGE][PASSED] - Delayed 1 second(s)

2021-12-02 18:13:01 - [TEST_STEP][PASSED] - setText(findTestObject("Object Repository/Mobile/Page/Analysis/Input - Search"), "surya", 0): Text 'surya' has been set to element 'Object Repository/Mobile/Page/Analysis/Input - Search'

2021-12-02 18:13:01 - [MESSAGE][WARNING] - Timeout '0' is invalid. Using default page load timeout: '60'

2021-12-02 18:13:02 - [MESSAGE][PASSED] - Text 'surya' has been set to element 'Object Repository/Mobile/Page/Analysis/Input - Search'

2021-12-02 18:13:02 - [TEST_STEP][PASSED] - hideKeyboard(): Keyboard is hidden

2021-12-02 18:13:05 - [MESSAGE][PASSED] - Keyboard is hidden

2021-12-02 18:13:06 - [TEST_STEP][PASSED] - tapAndHold(findTestObject("Object Repository/Mobile/Page/Analysis/Item - Top Search"), 1, 0): Tapped and held on element 'Object Repository/Mobile/Page/Analysis/Item - Top Search' with duration 1

2021-12-02 18:13:06 - [MESSAGE][WARNING] - Timeout '0' is invalid. Using default page load timeout: '60'

2021-12-02 18:13:08 - [MESSAGE][PASSED] - Tapped and held on element 'Object Repository/Mobile/Page/Analysis/Item - Top Search' with duration 1

2021-12-02 18:13:08 - [TEST_STEP][PASSED] - delay(3): Delayed 3 second(s)

2021-12-02 18:13:11 - [MESSAGE][PASSED] - Delayed 3 second(s)

2021-12-02 18:13:11 - [TEST_STEP][PASSED] - tap(findTestObject("Object Repository/Mobile/Page/Analysis/Button - Open With Just Once"), 0): Tapped on element 'Object Repository/Mobile/Page/Analysis/Button - Open With Just Once'

2021-12-02 18:13:11 - [MESSAGE][WARNING] - Timeout '0' is invalid. Using default page load timeout: '60'

2021-12-02 18:13:12 - [MESSAGE][PASSED] - Tapped on element 'Object Repository/Mobile/Page/Analysis/Button - Open With Just Once'

2021-12-02 18:13:12 - [TEST_STEP][PASSED] - delay(3): Delayed 3 second(s)

2021-12-02 18:13:15 - [MESSAGE][PASSED] - Delayed 3 second(s)

2021-12-02 18:13:15 - [TEST_STEP][PASSED] - pressBack(): Press back button successfully

2021-12-02 18:13:17 - [MESSAGE][PASSED] - Press back button successfully

2021-12-02 18:13:17 - [MESSAGE][PASSED] - Call Test Case 'Test Cases/Mobile/Page/Analysis/Analysis' successfully

2021-12-02 18:13:17 - [TEST_STEP][PASSED] - callTestCase(findTestCase("Mobile/Page/Run App/Terminate App"), [:], STOP_ON_FAILURE): Call Test Case 'Test Cases/Mobile/Page/Run App/Terminate App' successfully

2021-12-02 18:13:17 - [TEST_CASE][PASSED] - Test Cases/Mobile/Page/Run App/Terminate App: Test Cases/Mobile/Page/Run App/Terminate App

2021-12-02 18:13:17 - [TEST_STEP][PASSED] - startApp.OpenApp.terminateApplication(): startApp.OpenApp.terminateApplication is PASSED

2021-12-02 18:13:20 - [MESSAGE][PASSED] - Delayed 3 second(s)

2021-12-02 18:13:21 - [MESSAGE][PASSED] - Current device physical width is 720

2021-12-02 18:13:21 - [MESSAGE][PASSED] - Current device physical height is 1423

2021-12-02 18:13:22 - [MESSAGE][PASSED] - Swiped from 360,853 to 360,142

2021-12-02 18:13:23 - [MESSAGE][PASSED] - Delayed 1 second(s)

2021-12-02 18:13:24 - [MESSAGE][PASSED] - Swiped from 360,853 to 360,142

2021-12-02 18:13:28 - [MESSAGE][PASSED] - Delayed 3 second(s)

2021-12-02 18:13:28 - [MESSAGE][PASSED] - startApp.OpenApp.terminateApplication is PASSED

2021-12-02 18:13:28 - [MESSAGE][PASSED] - Call Test Case 'Test Cases/Mobile/Page/Run App/Terminate App' successfully]]></system-out>
         <system-err><![CDATA[]]></system-err>
      </testcase>
      <system-out><![CDATA[2021-12-02 18:08:37 - [TEST_SUITE][PASSED] - analysis: Test Cases/Mobile/Scenario/Analysis/004 - User mencari research report]]></system-out>
      <system-err><![CDATA[]]></system-err>
   </testsuite>
</testsuites>
