<?xml version="1.0" encoding="UTF-8"?>
<testsuites name="analysis" time="440.829" tests="7" failures="0" skips="0" errors="0">
   <testsuite name="analysis" tests="7" failures="0" errors="0" time="440.829" skips="0" timestamp="2022-01-02 16:38:11" hostname="Owner - aldy-tft" id="Test Suites/analysis">
      <properties>
         <property name="deviceName" value="samsung SM-A205F (Android 11)"/>
         <property name="devicePlatform" value=""/>
         <property name="logFolder" value="C:\\Users\\Owner\\Documents\\kerjaan\\KatalonProject\\qa_katalon_pwm\\qa_katalon_pwm\\Reports\\20220102_163804\\analysis\\20220102_163804"/>
         <property name="logFiles" value="C:\\Users\\Owner\\Documents\\kerjaan\\KatalonProject\\qa_katalon_pwm\\qa_katalon_pwm\\Reports\\20220102_163804\\analysis\\20220102_163804\\appium.log, C:\\Users\\Owner\\Documents\\kerjaan\\KatalonProject\\qa_katalon_pwm\\qa_katalon_pwm\\Reports\\20220102_163804\\analysis\\20220102_163804\\execution0.log"/>
         <property name="attachments" value=""/>
         <property name="hostName" value="Owner - aldy-tft"/>
         <property name="os" value="Windows 10 64bit"/>
         <property name="appiumServerStatus" value="{&quot;value&quot;:{&quot;build&quot;:{&quot;version&quot;:&quot;1.22.0&quot;}},&quot;sessionId&quot;:null,&quot;status&quot;:0}"/>
         <property name="katalonVersion" value="7.9.1.208"/>
         <property name="deviceOS" value="Android"/>
         <property name="appiumVersion" value="1.22.0"/>
         <property name="deviceModel" value="SM-A205F"/>
         <property name="hostAddress" value="192.168.100.34"/>
         <property name="deviceManufacturer" value="samsung"/>
         <property name="deviceId" value="RR8M40C9AXE"/>
         <property name="deviceName" value="samsung SM-A205F (Android 11)"/>
         <property name="deviceOSVersion" value="11"/>
      </properties>
      <testcase name="Test Cases/Mobile/Scenario/Analysis/001 - Melihat list stock technical analysis" time="92.686" classname="Test Cases/Mobile/Scenario/Analysis/001 - Melihat list stock technical analysis" status="PASSED">
         <system-out><![CDATA[2022-01-02 16:38:11 - [TEST_CASE][PASSED] - Test Cases/Mobile/Scenario/Analysis/001 - Melihat list stock technical analysis: Test Cases/Mobile/Scenario/Analysis/001 - Melihat list stock technical analysis

2022-01-02 16:38:12 - [TEST_STEP][PASSED] - callTestCase(findTestCase("Mobile/Page/Run App/Run App byID"), [:], STOP_ON_FAILURE): Call Test Case 'Test Cases/Mobile/Page/Run App/Run App byID' successfully

2022-01-02 16:38:12 - [TEST_CASE][PASSED] - Test Cases/Mobile/Page/Run App/Run App byID: Test Cases/Mobile/Page/Run App/Run App byID

2022-01-02 16:38:12 - [TEST_STEP][PASSED] - startApp.OpenApp.startApplication("id.co.miraeasset.sageclub"): startApp.OpenApp.startApplication is PASSED

2022-01-02 16:38:14 - [MESSAGE][INFO] - Appium server started on port 64,718

2022-01-02 16:38:32 - [MESSAGE][PASSED] - Starting app with application ID: 'id.co.miraeasset.sageclub'

2022-01-02 16:38:32 - [MESSAGE][PASSED] - startApp.OpenApp.startApplication is PASSED

2022-01-02 16:38:33 - [MESSAGE][PASSED] - Call Test Case 'Test Cases/Mobile/Page/Run App/Run App byID' successfully

2022-01-02 16:38:33 - [TEST_STEP][PASSED] - callTestCase(findTestCase("Mobile/Page/Analysis/Analysis"), ["action":"technicalsearch"], CONTINUE_ON_FAILURE): Call Test Case 'Test Cases/Mobile/Page/Analysis/Analysis' successfully

2022-01-02 16:38:33 - [TEST_CASE][PASSED] - Test Cases/Mobile/Page/Analysis/Analysis: Test Cases/Mobile/Page/Analysis/Analysis

2022-01-02 16:38:33 - [TEST_STEP][PASSED] - callTestCase(findTestCase("Mobile/Page/CheckLogin"), [:], CONTINUE_ON_FAILURE): Call Test Case 'Test Cases/Mobile/Page/CheckLogin' successfully

2022-01-02 16:38:33 - [TEST_CASE][PASSED] - Test Cases/Mobile/Page/CheckLogin: Test Cases/Mobile/Page/CheckLogin

2022-01-02 16:38:33 - [TEST_STEP][PASSED] - loginCheck = verifyElementExist(LOGN_BtnLogin, 5, CONTINUE_ON_FAILURE): Element 'Object Repository/Mobile/Page/Login/Button - Login' is exist

2022-01-02 16:38:47 - [MESSAGE][PASSED] - Element 'Object Repository/Mobile/Page/Login/Button - Login' is exist

2022-01-02 16:38:47 - [TEST_STEP][PASSED] - if (loginCheck): Call Test Case 'Test Cases/Mobile/Page/Login/Login' successfully

2022-01-02 16:38:47 - [TEST_STEP][PASSED] - callTestCase(findTestCase("Mobile/Page/Login/Login"), ["action":"username"], CONTINUE_ON_FAILURE): Call Test Case 'Test Cases/Mobile/Page/Login/Login' successfully

2022-01-02 16:38:47 - [TEST_CASE][PASSED] - Test Cases/Mobile/Page/Login/Login: Test Cases/Mobile/Page/Login/Login

2022-01-02 16:38:47 - [TEST_STEP][PASSED] - delay(2): Delayed 2 second(s)

2022-01-02 16:38:49 - [MESSAGE][PASSED] - Delayed 2 second(s)

2022-01-02 16:38:49 - [TEST_STEP][PASSED] - for ([i = 0, i < 1, (i++)]): null

2022-01-02 16:38:49 - [TEST_STEP][PASSED] - if (action == "username"): null

2022-01-02 16:38:49 - [TEST_STEP][PASSED] - tap(LOGN_EdtUserID, 0): Tapped on element 'Object Repository/Mobile/Page/Login/Input - UserID'

2022-01-02 16:38:49 - [MESSAGE][WARNING] - Timeout '0' is invalid. Using default page load timeout: '60'

2022-01-02 16:38:50 - [MESSAGE][PASSED] - Tapped on element 'Object Repository/Mobile/Page/Login/Input - UserID'

2022-01-02 16:38:50 - [TEST_STEP][PASSED] - delay(1): Delayed 1 second(s)

2022-01-02 16:38:51 - [MESSAGE][PASSED] - Delayed 1 second(s)

2022-01-02 16:38:51 - [TEST_STEP][PASSED] - setText(LOGN_EdtRdyUserID, "anggaaditya", 0): Text 'anggaaditya' has been set to element 'Object Repository/Mobile/Page/Login/Input Rdy - UserID'

2022-01-02 16:38:51 - [MESSAGE][WARNING] - Timeout '0' is invalid. Using default page load timeout: '60'

2022-01-02 16:38:52 - [MESSAGE][PASSED] - Text 'anggaaditya' has been set to element 'Object Repository/Mobile/Page/Login/Input Rdy - UserID'

2022-01-02 16:38:52 - [TEST_STEP][PASSED] - delay(1): Delayed 1 second(s)

2022-01-02 16:38:53 - [MESSAGE][PASSED] - Delayed 1 second(s)

2022-01-02 16:38:53 - [TEST_STEP][PASSED] - hideKeyboard(): Keyboard is hidden

2022-01-02 16:38:57 - [MESSAGE][PASSED] - Keyboard is hidden

2022-01-02 16:38:57 - [TEST_STEP][PASSED] - tap(LOGN_EdtPassword, 0): Tapped on element 'Object Repository/Mobile/Page/Login/Input - Password'

2022-01-02 16:38:57 - [MESSAGE][WARNING] - Timeout '0' is invalid. Using default page load timeout: '60'

2022-01-02 16:38:58 - [MESSAGE][PASSED] - Tapped on element 'Object Repository/Mobile/Page/Login/Input - Password'

2022-01-02 16:38:58 - [TEST_STEP][PASSED] - delay(1): Delayed 1 second(s)

2022-01-02 16:38:59 - [MESSAGE][PASSED] - Delayed 1 second(s)

2022-01-02 16:38:59 - [TEST_STEP][PASSED] - setText(LOGN_EdtRdyPassword, "Shalawa18", 0): Text 'Shalawa18' has been set to element 'Object Repository/Mobile/Page/Login/Input Rdy - Password'

2022-01-02 16:38:59 - [MESSAGE][WARNING] - Timeout '0' is invalid. Using default page load timeout: '60'

2022-01-02 16:38:59 - [MESSAGE][PASSED] - Text 'Shalawa18' has been set to element 'Object Repository/Mobile/Page/Login/Input Rdy - Password'

2022-01-02 16:38:59 - [TEST_STEP][PASSED] - delay(1): Delayed 1 second(s)

2022-01-02 16:39:00 - [MESSAGE][PASSED] - Delayed 1 second(s)

2022-01-02 16:39:00 - [TEST_STEP][PASSED] - hideKeyboard(): Keyboard is hidden

2022-01-02 16:39:07 - [MESSAGE][PASSED] - Keyboard is hidden

2022-01-02 16:39:07 - [TEST_STEP][PASSED] - tap(LOGN_BtnLogin, 0): Tapped on element 'Object Repository/Mobile/Page/Login/Button - Login'

2022-01-02 16:39:07 - [MESSAGE][WARNING] - Timeout '0' is invalid. Using default page load timeout: '60'

2022-01-02 16:39:08 - [MESSAGE][PASSED] - Tapped on element 'Object Repository/Mobile/Page/Login/Button - Login'

2022-01-02 16:39:08 - [TEST_STEP][PASSED] - delay(2): Delayed 2 second(s)

2022-01-02 16:39:10 - [MESSAGE][PASSED] - Delayed 2 second(s)

2022-01-02 16:39:10 - [TEST_STEP][PASSED] - break: null

2022-01-02 16:39:10 - [MESSAGE][PASSED] - Call Test Case 'Test Cases/Mobile/Page/Login/Login' successfully

2022-01-02 16:39:10 - [MESSAGE][PASSED] - Call Test Case 'Test Cases/Mobile/Page/CheckLogin' successfully

2022-01-02 16:39:10 - [TEST_STEP][PASSED] - tap(HOME_MenubarAnalysis, 0): Tapped on element 'Object Repository/Mobile/Page/Home/Menubar - Analysis'

2022-01-02 16:39:10 - [MESSAGE][WARNING] - Timeout '0' is invalid. Using default page load timeout: '60'

2022-01-02 16:39:10 - [MESSAGE][PASSED] - Tapped on element 'Object Repository/Mobile/Page/Home/Menubar - Analysis'

2022-01-02 16:39:10 - [TEST_STEP][PASSED] - delay(1): Delayed 1 second(s)

2022-01-02 16:39:11 - [MESSAGE][PASSED] - Delayed 1 second(s)

2022-01-02 16:39:11 - [TEST_STEP][PASSED] - for ([i = 0, i < 1, (i++)]): Delayed 2 second(s)

2022-01-02 16:39:11 - [TEST_STEP][PASSED] - if (action == "technicalsearch"): Delayed 2 second(s)

2022-01-02 16:39:11 - [TEST_STEP][PASSED] - tap(ANAL_DropTechIndicator, 0): Tapped on element 'Object Repository/Mobile/Page/Analysis/Dropdown - Technical Indicator'

2022-01-02 16:39:11 - [MESSAGE][WARNING] - Timeout '0' is invalid. Using default page load timeout: '60'

2022-01-02 16:39:13 - [MESSAGE][PASSED] - Tapped on element 'Object Repository/Mobile/Page/Analysis/Dropdown - Technical Indicator'

2022-01-02 16:39:13 - [TEST_STEP][PASSED] - delay(1): Delayed 1 second(s)

2022-01-02 16:39:14 - [MESSAGE][PASSED] - Delayed 1 second(s)

2022-01-02 16:39:14 - [TEST_STEP][PASSED] - tap(ANAL_OptTechIndicatorAll, 0): Tapped on element 'Object Repository/Mobile/Page/Analysis/Option Technical Indicator - All'

2022-01-02 16:39:14 - [MESSAGE][WARNING] - Timeout '0' is invalid. Using default page load timeout: '60'

2022-01-02 16:39:15 - [MESSAGE][PASSED] - Tapped on element 'Object Repository/Mobile/Page/Analysis/Option Technical Indicator - All'

2022-01-02 16:39:15 - [TEST_STEP][PASSED] - delay(1): Delayed 1 second(s)

2022-01-02 16:39:16 - [MESSAGE][PASSED] - Delayed 1 second(s)

2022-01-02 16:39:16 - [TEST_STEP][PASSED] - tap(ANAL_DropMarketCap, 0): Tapped on element 'Object Repository/Mobile/Page/Analysis/Dropdown - Market Cap'

2022-01-02 16:39:16 - [MESSAGE][WARNING] - Timeout '0' is invalid. Using default page load timeout: '60'

2022-01-02 16:39:17 - [MESSAGE][PASSED] - Tapped on element 'Object Repository/Mobile/Page/Analysis/Dropdown - Market Cap'

2022-01-02 16:39:17 - [TEST_STEP][PASSED] - delay(1): Delayed 1 second(s)

2022-01-02 16:39:18 - [MESSAGE][PASSED] - Delayed 1 second(s)

2022-01-02 16:39:18 - [TEST_STEP][PASSED] - tap(ANAL_OptMarketCap1T, 0): Tapped on element 'Object Repository/Mobile/Page/Analysis/Option Market Cap - 1 Trillion'

2022-01-02 16:39:18 - [MESSAGE][WARNING] - Timeout '0' is invalid. Using default page load timeout: '60'

2022-01-02 16:39:19 - [MESSAGE][PASSED] - Tapped on element 'Object Repository/Mobile/Page/Analysis/Option Market Cap - 1 Trillion'

2022-01-02 16:39:20 - [TEST_STEP][PASSED] - delay(1): Delayed 1 second(s)

2022-01-02 16:39:21 - [MESSAGE][PASSED] - Delayed 1 second(s)

2022-01-02 16:39:21 - [TEST_STEP][PASSED] - tap(ANAL_DropTransaction, 0): Tapped on element 'Object Repository/Mobile/Page/Analysis/Dropdown - Transaction'

2022-01-02 16:39:21 - [MESSAGE][WARNING] - Timeout '0' is invalid. Using default page load timeout: '60'

2022-01-02 16:39:22 - [MESSAGE][PASSED] - Tapped on element 'Object Repository/Mobile/Page/Analysis/Dropdown - Transaction'

2022-01-02 16:39:22 - [TEST_STEP][PASSED] - delay(1): Delayed 1 second(s)

2022-01-02 16:39:23 - [MESSAGE][PASSED] - Delayed 1 second(s)

2022-01-02 16:39:23 - [TEST_STEP][PASSED] - tap(ANAL_OptTransaction1B, 0): Tapped on element 'Object Repository/Mobile/Page/Analysis/Option Transaction - 1 Billion'

2022-01-02 16:39:23 - [MESSAGE][WARNING] - Timeout '0' is invalid. Using default page load timeout: '60'

2022-01-02 16:39:24 - [MESSAGE][PASSED] - Tapped on element 'Object Repository/Mobile/Page/Analysis/Option Transaction - 1 Billion'

2022-01-02 16:39:24 - [TEST_STEP][PASSED] - delay(1): Delayed 1 second(s)

2022-01-02 16:39:25 - [MESSAGE][PASSED] - Delayed 1 second(s)

2022-01-02 16:39:25 - [TEST_STEP][PASSED] - tap(ANAL_DropTimeFrame, 0): Tapped on element 'Object Repository/Mobile/Page/Analysis/Dropdown - Time Frame'

2022-01-02 16:39:25 - [MESSAGE][WARNING] - Timeout '0' is invalid. Using default page load timeout: '60'

2022-01-02 16:39:26 - [MESSAGE][PASSED] - Tapped on element 'Object Repository/Mobile/Page/Analysis/Dropdown - Time Frame'

2022-01-02 16:39:26 - [TEST_STEP][PASSED] - delay(1): Delayed 1 second(s)

2022-01-02 16:39:27 - [MESSAGE][PASSED] - Delayed 1 second(s)

2022-01-02 16:39:27 - [TEST_STEP][PASSED] - tap(ANAL_OptTimeFrameDaily, 0): Tapped on element 'Object Repository/Mobile/Page/Analysis/Option Time Frame - Daily'

2022-01-02 16:39:27 - [MESSAGE][WARNING] - Timeout '0' is invalid. Using default page load timeout: '60'

2022-01-02 16:39:27 - [MESSAGE][PASSED] - Tapped on element 'Object Repository/Mobile/Page/Analysis/Option Time Frame - Daily'

2022-01-02 16:39:27 - [TEST_STEP][PASSED] - delay(1): Delayed 1 second(s)

2022-01-02 16:39:28 - [MESSAGE][PASSED] - Delayed 1 second(s)

2022-01-02 16:39:28 - [TEST_STEP][PASSED] - tap(ANAL_DropIndex, 0): Tapped on element 'Object Repository/Mobile/Page/Analysis/Dropdown - Index'

2022-01-02 16:39:28 - [MESSAGE][WARNING] - Timeout '0' is invalid. Using default page load timeout: '60'

2022-01-02 16:39:29 - [MESSAGE][PASSED] - Tapped on element 'Object Repository/Mobile/Page/Analysis/Dropdown - Index'

2022-01-02 16:39:29 - [TEST_STEP][PASSED] - delay(1): Delayed 1 second(s)

2022-01-02 16:39:30 - [MESSAGE][PASSED] - Delayed 1 second(s)

2022-01-02 16:39:30 - [TEST_STEP][PASSED] - tap(ANAL_OptIndexIdx30, 0): Tapped on element 'Object Repository/Mobile/Page/Analysis/Option Index - Idx30'

2022-01-02 16:39:30 - [MESSAGE][WARNING] - Timeout '0' is invalid. Using default page load timeout: '60'

2022-01-02 16:39:31 - [MESSAGE][PASSED] - Tapped on element 'Object Repository/Mobile/Page/Analysis/Option Index - Idx30'

2022-01-02 16:39:31 - [TEST_STEP][PASSED] - delay(2): Delayed 2 second(s)

2022-01-02 16:39:33 - [MESSAGE][PASSED] - Delayed 2 second(s)

2022-01-02 16:39:33 - [MESSAGE][PASSED] - Call Test Case 'Test Cases/Mobile/Page/Analysis/Analysis' successfully

2022-01-02 16:39:33 - [TEST_STEP][PASSED] - callTestCase(findTestCase("Mobile/Page/Run App/Terminate App"), [:], STOP_ON_FAILURE): Call Test Case 'Test Cases/Mobile/Page/Run App/Terminate App' successfully

2022-01-02 16:39:34 - [TEST_CASE][PASSED] - Test Cases/Mobile/Page/Run App/Terminate App: Test Cases/Mobile/Page/Run App/Terminate App

2022-01-02 16:39:34 - [TEST_STEP][PASSED] - startApp.OpenApp.terminateApplication(): startApp.OpenApp.terminateApplication is PASSED

2022-01-02 16:39:37 - [MESSAGE][PASSED] - Delayed 3 second(s)

2022-01-02 16:39:37 - [MESSAGE][PASSED] - Current device physical width is 720

2022-01-02 16:39:37 - [MESSAGE][PASSED] - Current device physical height is 1423

2022-01-02 16:39:39 - [MESSAGE][PASSED] - Swiped from 360,853 to 360,142

2022-01-02 16:39:40 - [MESSAGE][PASSED] - Delayed 1 second(s)

2022-01-02 16:39:41 - [MESSAGE][PASSED] - Swiped from 360,853 to 360,142

2022-01-02 16:39:44 - [MESSAGE][PASSED] - Delayed 3 second(s)

2022-01-02 16:39:44 - [MESSAGE][PASSED] - startApp.OpenApp.terminateApplication is PASSED

2022-01-02 16:39:44 - [MESSAGE][PASSED] - Call Test Case 'Test Cases/Mobile/Page/Run App/Terminate App' successfully]]></system-out>
         <system-err><![CDATA[]]></system-err>
      </testcase>
      <testcase name="Test Cases/Mobile/Scenario/Analysis/002 - Melihat detail stock kategori day" time="57.769" classname="Test Cases/Mobile/Scenario/Analysis/002 - Melihat detail stock kategori day" status="PASSED">
         <system-out><![CDATA[2022-01-02 16:39:44 - [TEST_CASE][PASSED] - Test Cases/Mobile/Scenario/Analysis/002 - Melihat detail stock kategori day: Test Cases/Mobile/Scenario/Analysis/002 - Melihat detail stock kategori day

2022-01-02 16:39:44 - [TEST_STEP][PASSED] - callTestCase(findTestCase("Mobile/Page/Run App/Run App byID"), [:], STOP_ON_FAILURE): Call Test Case 'Test Cases/Mobile/Page/Run App/Run App byID' successfully

2022-01-02 16:39:44 - [TEST_CASE][PASSED] - Test Cases/Mobile/Page/Run App/Run App byID: Test Cases/Mobile/Page/Run App/Run App byID

2022-01-02 16:39:44 - [TEST_STEP][PASSED] - startApp.OpenApp.startApplication("id.co.miraeasset.sageclub"): startApp.OpenApp.startApplication is PASSED

2022-01-02 16:39:58 - [MESSAGE][PASSED] - Starting app with application ID: 'id.co.miraeasset.sageclub'

2022-01-02 16:39:58 - [MESSAGE][PASSED] - startApp.OpenApp.startApplication is PASSED

2022-01-02 16:39:58 - [MESSAGE][PASSED] - Call Test Case 'Test Cases/Mobile/Page/Run App/Run App byID' successfully

2022-01-02 16:39:58 - [TEST_STEP][PASSED] - callTestCase(findTestCase("Mobile/Page/Analysis/Analysis"), ["action":"technicaldetail", "action2":"day"], CONTINUE_ON_FAILURE): Call Test Case 'Test Cases/Mobile/Page/Analysis/Analysis' successfully

2022-01-02 16:39:58 - [TEST_CASE][PASSED] - Test Cases/Mobile/Page/Analysis/Analysis: Test Cases/Mobile/Page/Analysis/Analysis

2022-01-02 16:39:58 - [TEST_STEP][PASSED] - callTestCase(findTestCase("Mobile/Page/CheckLogin"), [:], CONTINUE_ON_FAILURE): Call Test Case 'Test Cases/Mobile/Page/CheckLogin' successfully

2022-01-02 16:39:58 - [TEST_CASE][PASSED] - Test Cases/Mobile/Page/CheckLogin: Test Cases/Mobile/Page/CheckLogin

2022-01-02 16:39:58 - [TEST_STEP][PASSED] - loginCheck = verifyElementExist(LOGN_BtnLogin, 5, CONTINUE_ON_FAILURE): Element 'Object Repository/Mobile/Page/Login/Button - Login' is exist

2022-01-02 16:40:00 - [MESSAGE][PASSED] - Element 'Object Repository/Mobile/Page/Login/Button - Login' is exist

2022-01-02 16:40:00 - [TEST_STEP][PASSED] - if (loginCheck): Call Test Case 'Test Cases/Mobile/Page/Login/Login' successfully

2022-01-02 16:40:00 - [TEST_STEP][PASSED] - callTestCase(findTestCase("Mobile/Page/Login/Login"), ["action":"username"], CONTINUE_ON_FAILURE): Call Test Case 'Test Cases/Mobile/Page/Login/Login' successfully

2022-01-02 16:40:00 - [TEST_CASE][PASSED] - Test Cases/Mobile/Page/Login/Login: Test Cases/Mobile/Page/Login/Login

2022-01-02 16:40:00 - [TEST_STEP][PASSED] - delay(2): Delayed 2 second(s)

2022-01-02 16:40:02 - [MESSAGE][PASSED] - Delayed 2 second(s)

2022-01-02 16:40:02 - [TEST_STEP][PASSED] - for ([i = 0, i < 1, (i++)]): null

2022-01-02 16:40:02 - [TEST_STEP][PASSED] - if (action == "username"): null

2022-01-02 16:40:02 - [TEST_STEP][PASSED] - tap(LOGN_EdtUserID, 0): Tapped on element 'Object Repository/Mobile/Page/Login/Input - UserID'

2022-01-02 16:40:02 - [MESSAGE][WARNING] - Timeout '0' is invalid. Using default page load timeout: '60'

2022-01-02 16:40:03 - [MESSAGE][PASSED] - Tapped on element 'Object Repository/Mobile/Page/Login/Input - UserID'

2022-01-02 16:40:03 - [TEST_STEP][PASSED] - delay(1): Delayed 1 second(s)

2022-01-02 16:40:04 - [MESSAGE][PASSED] - Delayed 1 second(s)

2022-01-02 16:40:04 - [TEST_STEP][PASSED] - setText(LOGN_EdtRdyUserID, "anggaaditya", 0): Text 'anggaaditya' has been set to element 'Object Repository/Mobile/Page/Login/Input Rdy - UserID'

2022-01-02 16:40:04 - [MESSAGE][WARNING] - Timeout '0' is invalid. Using default page load timeout: '60'

2022-01-02 16:40:05 - [MESSAGE][PASSED] - Text 'anggaaditya' has been set to element 'Object Repository/Mobile/Page/Login/Input Rdy - UserID'

2022-01-02 16:40:05 - [TEST_STEP][PASSED] - delay(1): Delayed 1 second(s)

2022-01-02 16:40:06 - [MESSAGE][PASSED] - Delayed 1 second(s)

2022-01-02 16:40:06 - [TEST_STEP][PASSED] - hideKeyboard(): Keyboard is hidden

2022-01-02 16:40:10 - [MESSAGE][PASSED] - Keyboard is hidden

2022-01-02 16:40:10 - [TEST_STEP][PASSED] - tap(LOGN_EdtPassword, 0): Tapped on element 'Object Repository/Mobile/Page/Login/Input - Password'

2022-01-02 16:40:10 - [MESSAGE][WARNING] - Timeout '0' is invalid. Using default page load timeout: '60'

2022-01-02 16:40:10 - [MESSAGE][PASSED] - Tapped on element 'Object Repository/Mobile/Page/Login/Input - Password'

2022-01-02 16:40:10 - [TEST_STEP][PASSED] - delay(1): Delayed 1 second(s)

2022-01-02 16:40:11 - [MESSAGE][PASSED] - Delayed 1 second(s)

2022-01-02 16:40:11 - [TEST_STEP][PASSED] - setText(LOGN_EdtRdyPassword, "Shalawa18", 0): Text 'Shalawa18' has been set to element 'Object Repository/Mobile/Page/Login/Input Rdy - Password'

2022-01-02 16:40:11 - [MESSAGE][WARNING] - Timeout '0' is invalid. Using default page load timeout: '60'

2022-01-02 16:40:12 - [MESSAGE][PASSED] - Text 'Shalawa18' has been set to element 'Object Repository/Mobile/Page/Login/Input Rdy - Password'

2022-01-02 16:40:12 - [TEST_STEP][PASSED] - delay(1): Delayed 1 second(s)

2022-01-02 16:40:13 - [MESSAGE][PASSED] - Delayed 1 second(s)

2022-01-02 16:40:13 - [TEST_STEP][PASSED] - hideKeyboard(): Keyboard is hidden

2022-01-02 16:40:19 - [MESSAGE][PASSED] - Keyboard is hidden

2022-01-02 16:40:19 - [TEST_STEP][PASSED] - tap(LOGN_BtnLogin, 0): Tapped on element 'Object Repository/Mobile/Page/Login/Button - Login'

2022-01-02 16:40:19 - [MESSAGE][WARNING] - Timeout '0' is invalid. Using default page load timeout: '60'

2022-01-02 16:40:20 - [MESSAGE][PASSED] - Tapped on element 'Object Repository/Mobile/Page/Login/Button - Login'

2022-01-02 16:40:20 - [TEST_STEP][PASSED] - delay(2): Delayed 2 second(s)

2022-01-02 16:40:22 - [MESSAGE][PASSED] - Delayed 2 second(s)

2022-01-02 16:40:22 - [TEST_STEP][PASSED] - break: null

2022-01-02 16:40:22 - [MESSAGE][PASSED] - Call Test Case 'Test Cases/Mobile/Page/Login/Login' successfully

2022-01-02 16:40:22 - [MESSAGE][PASSED] - Call Test Case 'Test Cases/Mobile/Page/CheckLogin' successfully

2022-01-02 16:40:22 - [TEST_STEP][PASSED] - tap(HOME_MenubarAnalysis, 0): Tapped on element 'Object Repository/Mobile/Page/Home/Menubar - Analysis'

2022-01-02 16:40:22 - [MESSAGE][WARNING] - Timeout '0' is invalid. Using default page load timeout: '60'

2022-01-02 16:40:23 - [MESSAGE][PASSED] - Tapped on element 'Object Repository/Mobile/Page/Home/Menubar - Analysis'

2022-01-02 16:40:23 - [TEST_STEP][PASSED] - delay(1): Delayed 1 second(s)

2022-01-02 16:40:24 - [MESSAGE][PASSED] - Delayed 1 second(s)

2022-01-02 16:40:24 - [TEST_STEP][PASSED] - for ([i = 0, i < 1, (i++)]): Delayed 2 second(s)

2022-01-02 16:40:24 - [TEST_STEP][PASSED] - if (action == "technicalsearch"): null

2022-01-02 16:40:24 - [TEST_STEP][PASSED] - else if (action == "technicaldetail"): Delayed 2 second(s)

2022-01-02 16:40:24 - [TEST_STEP][PASSED] - tap(ANAL_ItemTopResultTech, 0): Tapped on element 'Object Repository/Mobile/Page/Analysis/Item - Top Technical'

2022-01-02 16:40:24 - [MESSAGE][WARNING] - Timeout '0' is invalid. Using default page load timeout: '60'

2022-01-02 16:40:26 - [MESSAGE][PASSED] - Tapped on element 'Object Repository/Mobile/Page/Analysis/Item - Top Technical'

2022-01-02 16:40:26 - [TEST_STEP][PASSED] - delay(3): Delayed 3 second(s)

2022-01-02 16:40:29 - [MESSAGE][PASSED] - Delayed 3 second(s)

2022-01-02 16:40:29 - [TEST_STEP][PASSED] - switch (action2): null

2022-01-02 16:40:29 - [TEST_STEP][PASSED] - case "day":: null

2022-01-02 16:40:29 - [TEST_STEP][PASSED] - tap(ANAL_DETL_BtnD, 0): Tapped on element 'Object Repository/Mobile/Page/Analysis/Detail/Button - D'

2022-01-02 16:40:29 - [MESSAGE][WARNING] - Timeout '0' is invalid. Using default page load timeout: '60'

2022-01-02 16:40:30 - [MESSAGE][PASSED] - Tapped on element 'Object Repository/Mobile/Page/Analysis/Detail/Button - D'

2022-01-02 16:40:30 - [TEST_STEP][PASSED] - break: null

2022-01-02 16:40:30 - [TEST_STEP][PASSED] - delay(2): Delayed 2 second(s)

2022-01-02 16:40:32 - [MESSAGE][PASSED] - Delayed 2 second(s)

2022-01-02 16:40:32 - [MESSAGE][PASSED] - Call Test Case 'Test Cases/Mobile/Page/Analysis/Analysis' successfully

2022-01-02 16:40:32 - [TEST_STEP][PASSED] - callTestCase(findTestCase("Mobile/Page/Run App/Terminate App"), [:], STOP_ON_FAILURE): Call Test Case 'Test Cases/Mobile/Page/Run App/Terminate App' successfully

2022-01-02 16:40:32 - [TEST_CASE][PASSED] - Test Cases/Mobile/Page/Run App/Terminate App: Test Cases/Mobile/Page/Run App/Terminate App

2022-01-02 16:40:32 - [TEST_STEP][PASSED] - startApp.OpenApp.terminateApplication(): startApp.OpenApp.terminateApplication is PASSED

2022-01-02 16:40:35 - [MESSAGE][PASSED] - Delayed 3 second(s)

2022-01-02 16:40:35 - [MESSAGE][PASSED] - Current device physical width is 720

2022-01-02 16:40:35 - [MESSAGE][PASSED] - Current device physical height is 1423

2022-01-02 16:40:37 - [MESSAGE][PASSED] - Swiped from 360,853 to 360,142

2022-01-02 16:40:38 - [MESSAGE][PASSED] - Delayed 1 second(s)

2022-01-02 16:40:39 - [MESSAGE][PASSED] - Swiped from 360,853 to 360,142

2022-01-02 16:40:42 - [MESSAGE][PASSED] - Delayed 3 second(s)

2022-01-02 16:40:42 - [MESSAGE][PASSED] - startApp.OpenApp.terminateApplication is PASSED

2022-01-02 16:40:42 - [MESSAGE][PASSED] - Call Test Case 'Test Cases/Mobile/Page/Run App/Terminate App' successfully]]></system-out>
         <system-err><![CDATA[]]></system-err>
      </testcase>
      <testcase name="Test Cases/Mobile/Scenario/Analysis/003 - Melihat detail stock kategori week" time="58.409" classname="Test Cases/Mobile/Scenario/Analysis/003 - Melihat detail stock kategori week" status="PASSED">
         <system-out><![CDATA[2022-01-02 16:40:42 - [TEST_CASE][PASSED] - Test Cases/Mobile/Scenario/Analysis/003 - Melihat detail stock kategori week: Test Cases/Mobile/Scenario/Analysis/003 - Melihat detail stock kategori week

2022-01-02 16:40:42 - [TEST_STEP][PASSED] - callTestCase(findTestCase("Mobile/Page/Run App/Run App byID"), [:], STOP_ON_FAILURE): Call Test Case 'Test Cases/Mobile/Page/Run App/Run App byID' successfully

2022-01-02 16:40:42 - [TEST_CASE][PASSED] - Test Cases/Mobile/Page/Run App/Run App byID: Test Cases/Mobile/Page/Run App/Run App byID

2022-01-02 16:40:42 - [TEST_STEP][PASSED] - startApp.OpenApp.startApplication("id.co.miraeasset.sageclub"): startApp.OpenApp.startApplication is PASSED

2022-01-02 16:40:56 - [MESSAGE][PASSED] - Starting app with application ID: 'id.co.miraeasset.sageclub'

2022-01-02 16:40:56 - [MESSAGE][PASSED] - startApp.OpenApp.startApplication is PASSED

2022-01-02 16:40:56 - [MESSAGE][PASSED] - Call Test Case 'Test Cases/Mobile/Page/Run App/Run App byID' successfully

2022-01-02 16:40:56 - [TEST_STEP][PASSED] - callTestCase(findTestCase("Mobile/Page/Analysis/Analysis"), ["action":"technicaldetail", "action2":"week"], CONTINUE_ON_FAILURE): Call Test Case 'Test Cases/Mobile/Page/Analysis/Analysis' successfully

2022-01-02 16:40:56 - [TEST_CASE][PASSED] - Test Cases/Mobile/Page/Analysis/Analysis: Test Cases/Mobile/Page/Analysis/Analysis

2022-01-02 16:40:56 - [TEST_STEP][PASSED] - callTestCase(findTestCase("Mobile/Page/CheckLogin"), [:], CONTINUE_ON_FAILURE): Call Test Case 'Test Cases/Mobile/Page/CheckLogin' successfully

2022-01-02 16:40:56 - [TEST_CASE][PASSED] - Test Cases/Mobile/Page/CheckLogin: Test Cases/Mobile/Page/CheckLogin

2022-01-02 16:40:56 - [TEST_STEP][PASSED] - loginCheck = verifyElementExist(LOGN_BtnLogin, 5, CONTINUE_ON_FAILURE): Element 'Object Repository/Mobile/Page/Login/Button - Login' is exist

2022-01-02 16:40:58 - [MESSAGE][PASSED] - Element 'Object Repository/Mobile/Page/Login/Button - Login' is exist

2022-01-02 16:40:58 - [TEST_STEP][PASSED] - if (loginCheck): Call Test Case 'Test Cases/Mobile/Page/Login/Login' successfully

2022-01-02 16:40:58 - [TEST_STEP][PASSED] - callTestCase(findTestCase("Mobile/Page/Login/Login"), ["action":"username"], CONTINUE_ON_FAILURE): Call Test Case 'Test Cases/Mobile/Page/Login/Login' successfully

2022-01-02 16:40:58 - [TEST_CASE][PASSED] - Test Cases/Mobile/Page/Login/Login: Test Cases/Mobile/Page/Login/Login

2022-01-02 16:40:58 - [TEST_STEP][PASSED] - delay(2): Delayed 2 second(s)

2022-01-02 16:41:00 - [MESSAGE][PASSED] - Delayed 2 second(s)

2022-01-02 16:41:00 - [TEST_STEP][PASSED] - for ([i = 0, i < 1, (i++)]): null

2022-01-02 16:41:00 - [TEST_STEP][PASSED] - if (action == "username"): null

2022-01-02 16:41:00 - [TEST_STEP][PASSED] - tap(LOGN_EdtUserID, 0): Tapped on element 'Object Repository/Mobile/Page/Login/Input - UserID'

2022-01-02 16:41:00 - [MESSAGE][WARNING] - Timeout '0' is invalid. Using default page load timeout: '60'

2022-01-02 16:41:01 - [MESSAGE][PASSED] - Tapped on element 'Object Repository/Mobile/Page/Login/Input - UserID'

2022-01-02 16:41:01 - [TEST_STEP][PASSED] - delay(1): Delayed 1 second(s)

2022-01-02 16:41:02 - [MESSAGE][PASSED] - Delayed 1 second(s)

2022-01-02 16:41:02 - [TEST_STEP][PASSED] - setText(LOGN_EdtRdyUserID, "anggaaditya", 0): Text 'anggaaditya' has been set to element 'Object Repository/Mobile/Page/Login/Input Rdy - UserID'

2022-01-02 16:41:02 - [MESSAGE][WARNING] - Timeout '0' is invalid. Using default page load timeout: '60'

2022-01-02 16:41:02 - [MESSAGE][PASSED] - Text 'anggaaditya' has been set to element 'Object Repository/Mobile/Page/Login/Input Rdy - UserID'

2022-01-02 16:41:02 - [TEST_STEP][PASSED] - delay(1): Delayed 1 second(s)

2022-01-02 16:41:03 - [MESSAGE][PASSED] - Delayed 1 second(s)

2022-01-02 16:41:03 - [TEST_STEP][PASSED] - hideKeyboard(): Keyboard is hidden

2022-01-02 16:41:07 - [MESSAGE][PASSED] - Keyboard is hidden

2022-01-02 16:41:07 - [TEST_STEP][PASSED] - tap(LOGN_EdtPassword, 0): Tapped on element 'Object Repository/Mobile/Page/Login/Input - Password'

2022-01-02 16:41:07 - [MESSAGE][WARNING] - Timeout '0' is invalid. Using default page load timeout: '60'

2022-01-02 16:41:08 - [MESSAGE][PASSED] - Tapped on element 'Object Repository/Mobile/Page/Login/Input - Password'

2022-01-02 16:41:08 - [TEST_STEP][PASSED] - delay(1): Delayed 1 second(s)

2022-01-02 16:41:09 - [MESSAGE][PASSED] - Delayed 1 second(s)

2022-01-02 16:41:09 - [TEST_STEP][PASSED] - setText(LOGN_EdtRdyPassword, "Shalawa18", 0): Text 'Shalawa18' has been set to element 'Object Repository/Mobile/Page/Login/Input Rdy - Password'

2022-01-02 16:41:09 - [MESSAGE][WARNING] - Timeout '0' is invalid. Using default page load timeout: '60'

2022-01-02 16:41:09 - [MESSAGE][PASSED] - Text 'Shalawa18' has been set to element 'Object Repository/Mobile/Page/Login/Input Rdy - Password'

2022-01-02 16:41:09 - [TEST_STEP][PASSED] - delay(1): Delayed 1 second(s)

2022-01-02 16:41:10 - [MESSAGE][PASSED] - Delayed 1 second(s)

2022-01-02 16:41:10 - [TEST_STEP][PASSED] - hideKeyboard(): Keyboard is hidden

2022-01-02 16:41:18 - [MESSAGE][PASSED] - Keyboard is hidden

2022-01-02 16:41:18 - [TEST_STEP][PASSED] - tap(LOGN_BtnLogin, 0): Tapped on element 'Object Repository/Mobile/Page/Login/Button - Login'

2022-01-02 16:41:18 - [MESSAGE][WARNING] - Timeout '0' is invalid. Using default page load timeout: '60'

2022-01-02 16:41:18 - [MESSAGE][PASSED] - Tapped on element 'Object Repository/Mobile/Page/Login/Button - Login'

2022-01-02 16:41:18 - [TEST_STEP][PASSED] - delay(2): Delayed 2 second(s)

2022-01-02 16:41:20 - [MESSAGE][PASSED] - Delayed 2 second(s)

2022-01-02 16:41:20 - [TEST_STEP][PASSED] - break: null

2022-01-02 16:41:20 - [MESSAGE][PASSED] - Call Test Case 'Test Cases/Mobile/Page/Login/Login' successfully

2022-01-02 16:41:20 - [MESSAGE][PASSED] - Call Test Case 'Test Cases/Mobile/Page/CheckLogin' successfully

2022-01-02 16:41:20 - [TEST_STEP][PASSED] - tap(HOME_MenubarAnalysis, 0): Tapped on element 'Object Repository/Mobile/Page/Home/Menubar - Analysis'

2022-01-02 16:41:20 - [MESSAGE][WARNING] - Timeout '0' is invalid. Using default page load timeout: '60'

2022-01-02 16:41:21 - [MESSAGE][PASSED] - Tapped on element 'Object Repository/Mobile/Page/Home/Menubar - Analysis'

2022-01-02 16:41:21 - [TEST_STEP][PASSED] - delay(1): Delayed 1 second(s)

2022-01-02 16:41:22 - [MESSAGE][PASSED] - Delayed 1 second(s)

2022-01-02 16:41:22 - [TEST_STEP][PASSED] - for ([i = 0, i < 1, (i++)]): Delayed 2 second(s)

2022-01-02 16:41:22 - [TEST_STEP][PASSED] - if (action == "technicalsearch"): null

2022-01-02 16:41:22 - [TEST_STEP][PASSED] - else if (action == "technicaldetail"): Delayed 2 second(s)

2022-01-02 16:41:22 - [TEST_STEP][PASSED] - tap(ANAL_ItemTopResultTech, 0): Tapped on element 'Object Repository/Mobile/Page/Analysis/Item - Top Technical'

2022-01-02 16:41:22 - [MESSAGE][WARNING] - Timeout '0' is invalid. Using default page load timeout: '60'

2022-01-02 16:41:24 - [MESSAGE][PASSED] - Tapped on element 'Object Repository/Mobile/Page/Analysis/Item - Top Technical'

2022-01-02 16:41:24 - [TEST_STEP][PASSED] - delay(3): Delayed 3 second(s)

2022-01-02 16:41:27 - [MESSAGE][PASSED] - Delayed 3 second(s)

2022-01-02 16:41:27 - [TEST_STEP][PASSED] - switch (action2): null

2022-01-02 16:41:27 - [TEST_STEP][PASSED] - case "week":: null

2022-01-02 16:41:27 - [TEST_STEP][PASSED] - tap(ANAL_DETL_BtnW, 0): Tapped on element 'Object Repository/Mobile/Page/Analysis/Detail/Button - W'

2022-01-02 16:41:27 - [MESSAGE][WARNING] - Timeout '0' is invalid. Using default page load timeout: '60'

2022-01-02 16:41:28 - [MESSAGE][PASSED] - Tapped on element 'Object Repository/Mobile/Page/Analysis/Detail/Button - W'

2022-01-02 16:41:28 - [TEST_STEP][PASSED] - break: null

2022-01-02 16:41:28 - [TEST_STEP][PASSED] - delay(2): Delayed 2 second(s)

2022-01-02 16:41:30 - [MESSAGE][PASSED] - Delayed 2 second(s)

2022-01-02 16:41:30 - [MESSAGE][PASSED] - Call Test Case 'Test Cases/Mobile/Page/Analysis/Analysis' successfully

2022-01-02 16:41:30 - [TEST_STEP][PASSED] - callTestCase(findTestCase("Mobile/Page/Run App/Terminate App"), [:], STOP_ON_FAILURE): Call Test Case 'Test Cases/Mobile/Page/Run App/Terminate App' successfully

2022-01-02 16:41:30 - [TEST_CASE][PASSED] - Test Cases/Mobile/Page/Run App/Terminate App: Test Cases/Mobile/Page/Run App/Terminate App

2022-01-02 16:41:30 - [TEST_STEP][PASSED] - startApp.OpenApp.terminateApplication(): startApp.OpenApp.terminateApplication is PASSED

2022-01-02 16:41:33 - [MESSAGE][PASSED] - Delayed 3 second(s)

2022-01-02 16:41:33 - [MESSAGE][PASSED] - Current device physical width is 720

2022-01-02 16:41:34 - [MESSAGE][PASSED] - Current device physical height is 1423

2022-01-02 16:41:35 - [MESSAGE][PASSED] - Swiped from 360,853 to 360,142

2022-01-02 16:41:36 - [MESSAGE][PASSED] - Delayed 1 second(s)

2022-01-02 16:41:37 - [MESSAGE][PASSED] - Swiped from 360,853 to 360,142

2022-01-02 16:41:40 - [MESSAGE][PASSED] - Delayed 3 second(s)

2022-01-02 16:41:40 - [MESSAGE][PASSED] - startApp.OpenApp.terminateApplication is PASSED

2022-01-02 16:41:40 - [MESSAGE][PASSED] - Call Test Case 'Test Cases/Mobile/Page/Run App/Terminate App' successfully]]></system-out>
         <system-err><![CDATA[]]></system-err>
      </testcase>
      <testcase name="Test Cases/Mobile/Scenario/Analysis/004 - Melihat detail stock kategori month" time="57.007" classname="Test Cases/Mobile/Scenario/Analysis/004 - Melihat detail stock kategori month" status="PASSED">
         <system-out><![CDATA[2022-01-02 16:41:40 - [TEST_CASE][PASSED] - Test Cases/Mobile/Scenario/Analysis/004 - Melihat detail stock kategori month: Test Cases/Mobile/Scenario/Analysis/004 - Melihat detail stock kategori month

2022-01-02 16:41:41 - [TEST_STEP][PASSED] - callTestCase(findTestCase("Mobile/Page/Run App/Run App byID"), [:], STOP_ON_FAILURE): Call Test Case 'Test Cases/Mobile/Page/Run App/Run App byID' successfully

2022-01-02 16:41:41 - [TEST_CASE][PASSED] - Test Cases/Mobile/Page/Run App/Run App byID: Test Cases/Mobile/Page/Run App/Run App byID

2022-01-02 16:41:41 - [TEST_STEP][PASSED] - startApp.OpenApp.startApplication("id.co.miraeasset.sageclub"): startApp.OpenApp.startApplication is PASSED

2022-01-02 16:41:55 - [MESSAGE][PASSED] - Starting app with application ID: 'id.co.miraeasset.sageclub'

2022-01-02 16:41:55 - [MESSAGE][PASSED] - startApp.OpenApp.startApplication is PASSED

2022-01-02 16:41:55 - [MESSAGE][PASSED] - Call Test Case 'Test Cases/Mobile/Page/Run App/Run App byID' successfully

2022-01-02 16:41:55 - [TEST_STEP][PASSED] - callTestCase(findTestCase("Mobile/Page/Analysis/Analysis"), ["action":"technicaldetail", "action2":"month"], CONTINUE_ON_FAILURE): Call Test Case 'Test Cases/Mobile/Page/Analysis/Analysis' successfully

2022-01-02 16:41:55 - [TEST_CASE][PASSED] - Test Cases/Mobile/Page/Analysis/Analysis: Test Cases/Mobile/Page/Analysis/Analysis

2022-01-02 16:41:55 - [TEST_STEP][PASSED] - callTestCase(findTestCase("Mobile/Page/CheckLogin"), [:], CONTINUE_ON_FAILURE): Call Test Case 'Test Cases/Mobile/Page/CheckLogin' successfully

2022-01-02 16:41:55 - [TEST_CASE][PASSED] - Test Cases/Mobile/Page/CheckLogin: Test Cases/Mobile/Page/CheckLogin

2022-01-02 16:41:55 - [TEST_STEP][PASSED] - loginCheck = verifyElementExist(LOGN_BtnLogin, 5, CONTINUE_ON_FAILURE): Element 'Object Repository/Mobile/Page/Login/Button - Login' is exist

2022-01-02 16:41:57 - [MESSAGE][PASSED] - Element 'Object Repository/Mobile/Page/Login/Button - Login' is exist

2022-01-02 16:41:57 - [TEST_STEP][PASSED] - if (loginCheck): Call Test Case 'Test Cases/Mobile/Page/Login/Login' successfully

2022-01-02 16:41:57 - [TEST_STEP][PASSED] - callTestCase(findTestCase("Mobile/Page/Login/Login"), ["action":"username"], CONTINUE_ON_FAILURE): Call Test Case 'Test Cases/Mobile/Page/Login/Login' successfully

2022-01-02 16:41:57 - [TEST_CASE][PASSED] - Test Cases/Mobile/Page/Login/Login: Test Cases/Mobile/Page/Login/Login

2022-01-02 16:41:57 - [TEST_STEP][PASSED] - delay(2): Delayed 2 second(s)

2022-01-02 16:41:59 - [MESSAGE][PASSED] - Delayed 2 second(s)

2022-01-02 16:41:59 - [TEST_STEP][PASSED] - for ([i = 0, i < 1, (i++)]): null

2022-01-02 16:41:59 - [TEST_STEP][PASSED] - if (action == "username"): null

2022-01-02 16:41:59 - [TEST_STEP][PASSED] - tap(LOGN_EdtUserID, 0): Tapped on element 'Object Repository/Mobile/Page/Login/Input - UserID'

2022-01-02 16:41:59 - [MESSAGE][WARNING] - Timeout '0' is invalid. Using default page load timeout: '60'

2022-01-02 16:41:59 - [MESSAGE][PASSED] - Tapped on element 'Object Repository/Mobile/Page/Login/Input - UserID'

2022-01-02 16:41:59 - [TEST_STEP][PASSED] - delay(1): Delayed 1 second(s)

2022-01-02 16:42:00 - [MESSAGE][PASSED] - Delayed 1 second(s)

2022-01-02 16:42:00 - [TEST_STEP][PASSED] - setText(LOGN_EdtRdyUserID, "anggaaditya", 0): Text 'anggaaditya' has been set to element 'Object Repository/Mobile/Page/Login/Input Rdy - UserID'

2022-01-02 16:42:00 - [MESSAGE][WARNING] - Timeout '0' is invalid. Using default page load timeout: '60'

2022-01-02 16:42:01 - [MESSAGE][PASSED] - Text 'anggaaditya' has been set to element 'Object Repository/Mobile/Page/Login/Input Rdy - UserID'

2022-01-02 16:42:01 - [TEST_STEP][PASSED] - delay(1): Delayed 1 second(s)

2022-01-02 16:42:02 - [MESSAGE][PASSED] - Delayed 1 second(s)

2022-01-02 16:42:02 - [TEST_STEP][PASSED] - hideKeyboard(): Keyboard is hidden

2022-01-02 16:42:06 - [MESSAGE][PASSED] - Keyboard is hidden

2022-01-02 16:42:06 - [TEST_STEP][PASSED] - tap(LOGN_EdtPassword, 0): Tapped on element 'Object Repository/Mobile/Page/Login/Input - Password'

2022-01-02 16:42:06 - [MESSAGE][WARNING] - Timeout '0' is invalid. Using default page load timeout: '60'

2022-01-02 16:42:06 - [MESSAGE][PASSED] - Tapped on element 'Object Repository/Mobile/Page/Login/Input - Password'

2022-01-02 16:42:06 - [TEST_STEP][PASSED] - delay(1): Delayed 1 second(s)

2022-01-02 16:42:07 - [MESSAGE][PASSED] - Delayed 1 second(s)

2022-01-02 16:42:07 - [TEST_STEP][PASSED] - setText(LOGN_EdtRdyPassword, "Shalawa18", 0): Text 'Shalawa18' has been set to element 'Object Repository/Mobile/Page/Login/Input Rdy - Password'

2022-01-02 16:42:07 - [MESSAGE][WARNING] - Timeout '0' is invalid. Using default page load timeout: '60'

2022-01-02 16:42:08 - [MESSAGE][PASSED] - Text 'Shalawa18' has been set to element 'Object Repository/Mobile/Page/Login/Input Rdy - Password'

2022-01-02 16:42:08 - [TEST_STEP][PASSED] - delay(1): Delayed 1 second(s)

2022-01-02 16:42:09 - [MESSAGE][PASSED] - Delayed 1 second(s)

2022-01-02 16:42:09 - [TEST_STEP][PASSED] - hideKeyboard(): Keyboard is hidden

2022-01-02 16:42:15 - [MESSAGE][PASSED] - Keyboard is hidden

2022-01-02 16:42:15 - [TEST_STEP][PASSED] - tap(LOGN_BtnLogin, 0): Tapped on element 'Object Repository/Mobile/Page/Login/Button - Login'

2022-01-02 16:42:15 - [MESSAGE][WARNING] - Timeout '0' is invalid. Using default page load timeout: '60'

2022-01-02 16:42:16 - [MESSAGE][PASSED] - Tapped on element 'Object Repository/Mobile/Page/Login/Button - Login'

2022-01-02 16:42:16 - [TEST_STEP][PASSED] - delay(2): Delayed 2 second(s)

2022-01-02 16:42:18 - [MESSAGE][PASSED] - Delayed 2 second(s)

2022-01-02 16:42:18 - [TEST_STEP][PASSED] - break: null

2022-01-02 16:42:18 - [MESSAGE][PASSED] - Call Test Case 'Test Cases/Mobile/Page/Login/Login' successfully

2022-01-02 16:42:18 - [MESSAGE][PASSED] - Call Test Case 'Test Cases/Mobile/Page/CheckLogin' successfully

2022-01-02 16:42:18 - [TEST_STEP][PASSED] - tap(HOME_MenubarAnalysis, 0): Tapped on element 'Object Repository/Mobile/Page/Home/Menubar - Analysis'

2022-01-02 16:42:18 - [MESSAGE][WARNING] - Timeout '0' is invalid. Using default page load timeout: '60'

2022-01-02 16:42:20 - [MESSAGE][PASSED] - Tapped on element 'Object Repository/Mobile/Page/Home/Menubar - Analysis'

2022-01-02 16:42:20 - [TEST_STEP][PASSED] - delay(1): Delayed 1 second(s)

2022-01-02 16:42:21 - [MESSAGE][PASSED] - Delayed 1 second(s)

2022-01-02 16:42:21 - [TEST_STEP][PASSED] - for ([i = 0, i < 1, (i++)]): Delayed 2 second(s)

2022-01-02 16:42:21 - [TEST_STEP][PASSED] - if (action == "technicalsearch"): null

2022-01-02 16:42:21 - [TEST_STEP][PASSED] - else if (action == "technicaldetail"): Delayed 2 second(s)

2022-01-02 16:42:21 - [TEST_STEP][PASSED] - tap(ANAL_ItemTopResultTech, 0): Tapped on element 'Object Repository/Mobile/Page/Analysis/Item - Top Technical'

2022-01-02 16:42:21 - [MESSAGE][WARNING] - Timeout '0' is invalid. Using default page load timeout: '60'

2022-01-02 16:42:21 - [MESSAGE][PASSED] - Tapped on element 'Object Repository/Mobile/Page/Analysis/Item - Top Technical'

2022-01-02 16:42:21 - [TEST_STEP][PASSED] - delay(3): Delayed 3 second(s)

2022-01-02 16:42:24 - [MESSAGE][PASSED] - Delayed 3 second(s)

2022-01-02 16:42:24 - [TEST_STEP][PASSED] - switch (action2): null

2022-01-02 16:42:24 - [TEST_STEP][PASSED] - case "month":: null

2022-01-02 16:42:24 - [TEST_STEP][PASSED] - tap(ANAL_DETL_BtnM, 0): Tapped on element 'Object Repository/Mobile/Page/Analysis/Detail/Button - M'

2022-01-02 16:42:24 - [MESSAGE][WARNING] - Timeout '0' is invalid. Using default page load timeout: '60'

2022-01-02 16:42:25 - [MESSAGE][PASSED] - Tapped on element 'Object Repository/Mobile/Page/Analysis/Detail/Button - M'

2022-01-02 16:42:25 - [TEST_STEP][PASSED] - break: null

2022-01-02 16:42:25 - [TEST_STEP][PASSED] - delay(2): Delayed 2 second(s)

2022-01-02 16:42:27 - [MESSAGE][PASSED] - Delayed 2 second(s)

2022-01-02 16:42:27 - [MESSAGE][PASSED] - Call Test Case 'Test Cases/Mobile/Page/Analysis/Analysis' successfully

2022-01-02 16:42:27 - [TEST_STEP][PASSED] - callTestCase(findTestCase("Mobile/Page/Run App/Terminate App"), [:], STOP_ON_FAILURE): Call Test Case 'Test Cases/Mobile/Page/Run App/Terminate App' successfully

2022-01-02 16:42:27 - [TEST_CASE][PASSED] - Test Cases/Mobile/Page/Run App/Terminate App: Test Cases/Mobile/Page/Run App/Terminate App

2022-01-02 16:42:27 - [TEST_STEP][PASSED] - startApp.OpenApp.terminateApplication(): startApp.OpenApp.terminateApplication is PASSED

2022-01-02 16:42:30 - [MESSAGE][PASSED] - Delayed 3 second(s)

2022-01-02 16:42:30 - [MESSAGE][PASSED] - Current device physical width is 720

2022-01-02 16:42:31 - [MESSAGE][PASSED] - Current device physical height is 1423

2022-01-02 16:42:32 - [MESSAGE][PASSED] - Swiped from 360,853 to 360,142

2022-01-02 16:42:33 - [MESSAGE][PASSED] - Delayed 1 second(s)

2022-01-02 16:42:34 - [MESSAGE][PASSED] - Swiped from 360,853 to 360,142

2022-01-02 16:42:37 - [MESSAGE][PASSED] - Delayed 3 second(s)

2022-01-02 16:42:37 - [MESSAGE][PASSED] - startApp.OpenApp.terminateApplication is PASSED

2022-01-02 16:42:37 - [MESSAGE][PASSED] - Call Test Case 'Test Cases/Mobile/Page/Run App/Terminate App' successfully]]></system-out>
         <system-err><![CDATA[]]></system-err>
      </testcase>
      <testcase name="Test Cases/Mobile/Scenario/Analysis/005 - Melihat detail stock kategori year" time="55.001" classname="Test Cases/Mobile/Scenario/Analysis/005 - Melihat detail stock kategori year" status="PASSED">
         <system-out><![CDATA[2022-01-02 16:42:37 - [TEST_CASE][PASSED] - Test Cases/Mobile/Scenario/Analysis/005 - Melihat detail stock kategori year: Test Cases/Mobile/Scenario/Analysis/005 - Melihat detail stock kategori year

2022-01-02 16:42:38 - [TEST_STEP][PASSED] - callTestCase(findTestCase("Mobile/Page/Run App/Run App byID"), [:], STOP_ON_FAILURE): Call Test Case 'Test Cases/Mobile/Page/Run App/Run App byID' successfully

2022-01-02 16:42:38 - [TEST_CASE][PASSED] - Test Cases/Mobile/Page/Run App/Run App byID: Test Cases/Mobile/Page/Run App/Run App byID

2022-01-02 16:42:38 - [TEST_STEP][PASSED] - startApp.OpenApp.startApplication("id.co.miraeasset.sageclub"): startApp.OpenApp.startApplication is PASSED

2022-01-02 16:42:50 - [MESSAGE][PASSED] - Starting app with application ID: 'id.co.miraeasset.sageclub'

2022-01-02 16:42:50 - [MESSAGE][PASSED] - startApp.OpenApp.startApplication is PASSED

2022-01-02 16:42:50 - [MESSAGE][PASSED] - Call Test Case 'Test Cases/Mobile/Page/Run App/Run App byID' successfully

2022-01-02 16:42:50 - [TEST_STEP][PASSED] - callTestCase(findTestCase("Mobile/Page/Analysis/Analysis"), ["action":"technicaldetail", "action2":"year"], CONTINUE_ON_FAILURE): Call Test Case 'Test Cases/Mobile/Page/Analysis/Analysis' successfully

2022-01-02 16:42:50 - [TEST_CASE][PASSED] - Test Cases/Mobile/Page/Analysis/Analysis: Test Cases/Mobile/Page/Analysis/Analysis

2022-01-02 16:42:50 - [TEST_STEP][PASSED] - callTestCase(findTestCase("Mobile/Page/CheckLogin"), [:], CONTINUE_ON_FAILURE): Call Test Case 'Test Cases/Mobile/Page/CheckLogin' successfully

2022-01-02 16:42:50 - [TEST_CASE][PASSED] - Test Cases/Mobile/Page/CheckLogin: Test Cases/Mobile/Page/CheckLogin

2022-01-02 16:42:50 - [TEST_STEP][PASSED] - loginCheck = verifyElementExist(LOGN_BtnLogin, 5, CONTINUE_ON_FAILURE): Element 'Object Repository/Mobile/Page/Login/Button - Login' is exist

2022-01-02 16:42:52 - [MESSAGE][PASSED] - Element 'Object Repository/Mobile/Page/Login/Button - Login' is exist

2022-01-02 16:42:52 - [TEST_STEP][PASSED] - if (loginCheck): Call Test Case 'Test Cases/Mobile/Page/Login/Login' successfully

2022-01-02 16:42:52 - [TEST_STEP][PASSED] - callTestCase(findTestCase("Mobile/Page/Login/Login"), ["action":"username"], CONTINUE_ON_FAILURE): Call Test Case 'Test Cases/Mobile/Page/Login/Login' successfully

2022-01-02 16:42:52 - [TEST_CASE][PASSED] - Test Cases/Mobile/Page/Login/Login: Test Cases/Mobile/Page/Login/Login

2022-01-02 16:42:52 - [TEST_STEP][PASSED] - delay(2): Delayed 2 second(s)

2022-01-02 16:42:54 - [MESSAGE][PASSED] - Delayed 2 second(s)

2022-01-02 16:42:54 - [TEST_STEP][PASSED] - for ([i = 0, i < 1, (i++)]): null

2022-01-02 16:42:54 - [TEST_STEP][PASSED] - if (action == "username"): null

2022-01-02 16:42:54 - [TEST_STEP][PASSED] - tap(LOGN_EdtUserID, 0): Tapped on element 'Object Repository/Mobile/Page/Login/Input - UserID'

2022-01-02 16:42:54 - [MESSAGE][WARNING] - Timeout '0' is invalid. Using default page load timeout: '60'

2022-01-02 16:42:55 - [MESSAGE][PASSED] - Tapped on element 'Object Repository/Mobile/Page/Login/Input - UserID'

2022-01-02 16:42:55 - [TEST_STEP][PASSED] - delay(1): Delayed 1 second(s)

2022-01-02 16:42:56 - [MESSAGE][PASSED] - Delayed 1 second(s)

2022-01-02 16:42:56 - [TEST_STEP][PASSED] - setText(LOGN_EdtRdyUserID, "anggaaditya", 0): Text 'anggaaditya' has been set to element 'Object Repository/Mobile/Page/Login/Input Rdy - UserID'

2022-01-02 16:42:56 - [MESSAGE][WARNING] - Timeout '0' is invalid. Using default page load timeout: '60'

2022-01-02 16:42:56 - [MESSAGE][PASSED] - Text 'anggaaditya' has been set to element 'Object Repository/Mobile/Page/Login/Input Rdy - UserID'

2022-01-02 16:42:56 - [TEST_STEP][PASSED] - delay(1): Delayed 1 second(s)

2022-01-02 16:42:58 - [MESSAGE][PASSED] - Delayed 1 second(s)

2022-01-02 16:42:58 - [TEST_STEP][PASSED] - hideKeyboard(): Keyboard is hidden

2022-01-02 16:43:01 - [MESSAGE][PASSED] - Keyboard is hidden

2022-01-02 16:43:01 - [TEST_STEP][PASSED] - tap(LOGN_EdtPassword, 0): Tapped on element 'Object Repository/Mobile/Page/Login/Input - Password'

2022-01-02 16:43:01 - [MESSAGE][WARNING] - Timeout '0' is invalid. Using default page load timeout: '60'

2022-01-02 16:43:02 - [MESSAGE][PASSED] - Tapped on element 'Object Repository/Mobile/Page/Login/Input - Password'

2022-01-02 16:43:02 - [TEST_STEP][PASSED] - delay(1): Delayed 1 second(s)

2022-01-02 16:43:03 - [MESSAGE][PASSED] - Delayed 1 second(s)

2022-01-02 16:43:03 - [TEST_STEP][PASSED] - setText(LOGN_EdtRdyPassword, "Shalawa18", 0): Text 'Shalawa18' has been set to element 'Object Repository/Mobile/Page/Login/Input Rdy - Password'

2022-01-02 16:43:03 - [MESSAGE][WARNING] - Timeout '0' is invalid. Using default page load timeout: '60'

2022-01-02 16:43:03 - [MESSAGE][PASSED] - Text 'Shalawa18' has been set to element 'Object Repository/Mobile/Page/Login/Input Rdy - Password'

2022-01-02 16:43:03 - [TEST_STEP][PASSED] - delay(1): Delayed 1 second(s)

2022-01-02 16:43:04 - [MESSAGE][PASSED] - Delayed 1 second(s)

2022-01-02 16:43:04 - [TEST_STEP][PASSED] - hideKeyboard(): Keyboard is hidden

2022-01-02 16:43:11 - [MESSAGE][PASSED] - Keyboard is hidden

2022-01-02 16:43:11 - [TEST_STEP][PASSED] - tap(LOGN_BtnLogin, 0): Tapped on element 'Object Repository/Mobile/Page/Login/Button - Login'

2022-01-02 16:43:11 - [MESSAGE][WARNING] - Timeout '0' is invalid. Using default page load timeout: '60'

2022-01-02 16:43:12 - [MESSAGE][PASSED] - Tapped on element 'Object Repository/Mobile/Page/Login/Button - Login'

2022-01-02 16:43:12 - [TEST_STEP][PASSED] - delay(2): Delayed 2 second(s)

2022-01-02 16:43:14 - [MESSAGE][PASSED] - Delayed 2 second(s)

2022-01-02 16:43:14 - [TEST_STEP][PASSED] - break: null

2022-01-02 16:43:14 - [MESSAGE][PASSED] - Call Test Case 'Test Cases/Mobile/Page/Login/Login' successfully

2022-01-02 16:43:14 - [MESSAGE][PASSED] - Call Test Case 'Test Cases/Mobile/Page/CheckLogin' successfully

2022-01-02 16:43:14 - [TEST_STEP][PASSED] - tap(HOME_MenubarAnalysis, 0): Tapped on element 'Object Repository/Mobile/Page/Home/Menubar - Analysis'

2022-01-02 16:43:14 - [MESSAGE][WARNING] - Timeout '0' is invalid. Using default page load timeout: '60'

2022-01-02 16:43:14 - [MESSAGE][PASSED] - Tapped on element 'Object Repository/Mobile/Page/Home/Menubar - Analysis'

2022-01-02 16:43:14 - [TEST_STEP][PASSED] - delay(1): Delayed 1 second(s)

2022-01-02 16:43:15 - [MESSAGE][PASSED] - Delayed 1 second(s)

2022-01-02 16:43:15 - [TEST_STEP][PASSED] - for ([i = 0, i < 1, (i++)]): Delayed 2 second(s)

2022-01-02 16:43:15 - [TEST_STEP][PASSED] - if (action == "technicalsearch"): null

2022-01-02 16:43:15 - [TEST_STEP][PASSED] - else if (action == "technicaldetail"): Delayed 2 second(s)

2022-01-02 16:43:15 - [TEST_STEP][PASSED] - tap(ANAL_ItemTopResultTech, 0): Tapped on element 'Object Repository/Mobile/Page/Analysis/Item - Top Technical'

2022-01-02 16:43:15 - [MESSAGE][WARNING] - Timeout '0' is invalid. Using default page load timeout: '60'

2022-01-02 16:43:16 - [MESSAGE][PASSED] - Tapped on element 'Object Repository/Mobile/Page/Analysis/Item - Top Technical'

2022-01-02 16:43:16 - [TEST_STEP][PASSED] - delay(3): Delayed 3 second(s)

2022-01-02 16:43:19 - [MESSAGE][PASSED] - Delayed 3 second(s)

2022-01-02 16:43:19 - [TEST_STEP][PASSED] - switch (action2): null

2022-01-02 16:43:19 - [TEST_STEP][PASSED] - case "year":: null

2022-01-02 16:43:19 - [TEST_STEP][PASSED] - tap(ANAL_DETL_BtnY, 0): Tapped on element 'Object Repository/Mobile/Page/Analysis/Detail/Button - Y'

2022-01-02 16:43:19 - [MESSAGE][WARNING] - Timeout '0' is invalid. Using default page load timeout: '60'

2022-01-02 16:43:20 - [MESSAGE][PASSED] - Tapped on element 'Object Repository/Mobile/Page/Analysis/Detail/Button - Y'

2022-01-02 16:43:20 - [TEST_STEP][PASSED] - break: null

2022-01-02 16:43:20 - [TEST_STEP][PASSED] - delay(2): Delayed 2 second(s)

2022-01-02 16:43:22 - [MESSAGE][PASSED] - Delayed 2 second(s)

2022-01-02 16:43:22 - [MESSAGE][PASSED] - Call Test Case 'Test Cases/Mobile/Page/Analysis/Analysis' successfully

2022-01-02 16:43:22 - [TEST_STEP][PASSED] - callTestCase(findTestCase("Mobile/Page/Run App/Terminate App"), [:], STOP_ON_FAILURE): Call Test Case 'Test Cases/Mobile/Page/Run App/Terminate App' successfully

2022-01-02 16:43:22 - [TEST_CASE][PASSED] - Test Cases/Mobile/Page/Run App/Terminate App: Test Cases/Mobile/Page/Run App/Terminate App

2022-01-02 16:43:22 - [TEST_STEP][PASSED] - startApp.OpenApp.terminateApplication(): startApp.OpenApp.terminateApplication is PASSED

2022-01-02 16:43:25 - [MESSAGE][PASSED] - Delayed 3 second(s)

2022-01-02 16:43:25 - [MESSAGE][PASSED] - Current device physical width is 720

2022-01-02 16:43:26 - [MESSAGE][PASSED] - Current device physical height is 1423

2022-01-02 16:43:27 - [MESSAGE][PASSED] - Swiped from 360,853 to 360,142

2022-01-02 16:43:28 - [MESSAGE][PASSED] - Delayed 1 second(s)

2022-01-02 16:43:29 - [MESSAGE][PASSED] - Swiped from 360,853 to 360,142

2022-01-02 16:43:32 - [MESSAGE][PASSED] - Delayed 3 second(s)

2022-01-02 16:43:32 - [MESSAGE][PASSED] - startApp.OpenApp.terminateApplication is PASSED

2022-01-02 16:43:32 - [MESSAGE][PASSED] - Call Test Case 'Test Cases/Mobile/Page/Run App/Terminate App' successfully]]></system-out>
         <system-err><![CDATA[]]></system-err>
      </testcase>
      <testcase name="Test Cases/Mobile/Scenario/Analysis/006 - Melihat Research Report" time="58.088" classname="Test Cases/Mobile/Scenario/Analysis/006 - Melihat Research Report" status="PASSED">
         <system-out><![CDATA[2022-01-02 16:43:32 - [TEST_CASE][PASSED] - Test Cases/Mobile/Scenario/Analysis/006 - Melihat Research Report: Test Cases/Mobile/Scenario/Analysis/006 - Melihat Research Report

2022-01-02 16:43:33 - [TEST_STEP][PASSED] - callTestCase(findTestCase("Mobile/Page/Run App/Run App byID"), [:], STOP_ON_FAILURE): Call Test Case 'Test Cases/Mobile/Page/Run App/Run App byID' successfully

2022-01-02 16:43:33 - [TEST_CASE][PASSED] - Test Cases/Mobile/Page/Run App/Run App byID: Test Cases/Mobile/Page/Run App/Run App byID

2022-01-02 16:43:33 - [TEST_STEP][PASSED] - startApp.OpenApp.startApplication("id.co.miraeasset.sageclub"): startApp.OpenApp.startApplication is PASSED

2022-01-02 16:43:45 - [MESSAGE][PASSED] - Starting app with application ID: 'id.co.miraeasset.sageclub'

2022-01-02 16:43:45 - [MESSAGE][PASSED] - startApp.OpenApp.startApplication is PASSED

2022-01-02 16:43:45 - [MESSAGE][PASSED] - Call Test Case 'Test Cases/Mobile/Page/Run App/Run App byID' successfully

2022-01-02 16:43:45 - [TEST_STEP][PASSED] - callTestCase(findTestCase("Mobile/Page/Analysis/Analysis"), ["action":"researchdetail"], CONTINUE_ON_FAILURE): Call Test Case 'Test Cases/Mobile/Page/Analysis/Analysis' successfully

2022-01-02 16:43:45 - [TEST_CASE][PASSED] - Test Cases/Mobile/Page/Analysis/Analysis: Test Cases/Mobile/Page/Analysis/Analysis

2022-01-02 16:43:45 - [TEST_STEP][PASSED] - callTestCase(findTestCase("Mobile/Page/CheckLogin"), [:], CONTINUE_ON_FAILURE): Call Test Case 'Test Cases/Mobile/Page/CheckLogin' successfully

2022-01-02 16:43:45 - [TEST_CASE][PASSED] - Test Cases/Mobile/Page/CheckLogin: Test Cases/Mobile/Page/CheckLogin

2022-01-02 16:43:45 - [TEST_STEP][PASSED] - loginCheck = verifyElementExist(LOGN_BtnLogin, 5, CONTINUE_ON_FAILURE): Element 'Object Repository/Mobile/Page/Login/Button - Login' is exist

2022-01-02 16:43:47 - [MESSAGE][PASSED] - Element 'Object Repository/Mobile/Page/Login/Button - Login' is exist

2022-01-02 16:43:47 - [TEST_STEP][PASSED] - if (loginCheck): Call Test Case 'Test Cases/Mobile/Page/Login/Login' successfully

2022-01-02 16:43:47 - [TEST_STEP][PASSED] - callTestCase(findTestCase("Mobile/Page/Login/Login"), ["action":"username"], CONTINUE_ON_FAILURE): Call Test Case 'Test Cases/Mobile/Page/Login/Login' successfully

2022-01-02 16:43:47 - [TEST_CASE][PASSED] - Test Cases/Mobile/Page/Login/Login: Test Cases/Mobile/Page/Login/Login

2022-01-02 16:43:47 - [TEST_STEP][PASSED] - delay(2): Delayed 2 second(s)

2022-01-02 16:43:49 - [MESSAGE][PASSED] - Delayed 2 second(s)

2022-01-02 16:43:49 - [TEST_STEP][PASSED] - for ([i = 0, i < 1, (i++)]): null

2022-01-02 16:43:49 - [TEST_STEP][PASSED] - if (action == "username"): null

2022-01-02 16:43:49 - [TEST_STEP][PASSED] - tap(LOGN_EdtUserID, 0): Tapped on element 'Object Repository/Mobile/Page/Login/Input - UserID'

2022-01-02 16:43:49 - [MESSAGE][WARNING] - Timeout '0' is invalid. Using default page load timeout: '60'

2022-01-02 16:43:50 - [MESSAGE][PASSED] - Tapped on element 'Object Repository/Mobile/Page/Login/Input - UserID'

2022-01-02 16:43:50 - [TEST_STEP][PASSED] - delay(1): Delayed 1 second(s)

2022-01-02 16:43:51 - [MESSAGE][PASSED] - Delayed 1 second(s)

2022-01-02 16:43:51 - [TEST_STEP][PASSED] - setText(LOGN_EdtRdyUserID, "anggaaditya", 0): Text 'anggaaditya' has been set to element 'Object Repository/Mobile/Page/Login/Input Rdy - UserID'

2022-01-02 16:43:51 - [MESSAGE][WARNING] - Timeout '0' is invalid. Using default page load timeout: '60'

2022-01-02 16:43:51 - [MESSAGE][PASSED] - Text 'anggaaditya' has been set to element 'Object Repository/Mobile/Page/Login/Input Rdy - UserID'

2022-01-02 16:43:51 - [TEST_STEP][PASSED] - delay(1): Delayed 1 second(s)

2022-01-02 16:43:52 - [MESSAGE][PASSED] - Delayed 1 second(s)

2022-01-02 16:43:52 - [TEST_STEP][PASSED] - hideKeyboard(): Keyboard is hidden

2022-01-02 16:43:56 - [MESSAGE][PASSED] - Keyboard is hidden

2022-01-02 16:43:56 - [TEST_STEP][PASSED] - tap(LOGN_EdtPassword, 0): Tapped on element 'Object Repository/Mobile/Page/Login/Input - Password'

2022-01-02 16:43:56 - [MESSAGE][WARNING] - Timeout '0' is invalid. Using default page load timeout: '60'

2022-01-02 16:43:56 - [MESSAGE][PASSED] - Tapped on element 'Object Repository/Mobile/Page/Login/Input - Password'

2022-01-02 16:43:56 - [TEST_STEP][PASSED] - delay(1): Delayed 1 second(s)

2022-01-02 16:43:57 - [MESSAGE][PASSED] - Delayed 1 second(s)

2022-01-02 16:43:57 - [TEST_STEP][PASSED] - setText(LOGN_EdtRdyPassword, "Shalawa18", 0): Text 'Shalawa18' has been set to element 'Object Repository/Mobile/Page/Login/Input Rdy - Password'

2022-01-02 16:43:57 - [MESSAGE][WARNING] - Timeout '0' is invalid. Using default page load timeout: '60'

2022-01-02 16:43:58 - [MESSAGE][PASSED] - Text 'Shalawa18' has been set to element 'Object Repository/Mobile/Page/Login/Input Rdy - Password'

2022-01-02 16:43:58 - [TEST_STEP][PASSED] - delay(1): Delayed 1 second(s)

2022-01-02 16:43:59 - [MESSAGE][PASSED] - Delayed 1 second(s)

2022-01-02 16:43:59 - [TEST_STEP][PASSED] - hideKeyboard(): Keyboard is hidden

2022-01-02 16:44:05 - [MESSAGE][PASSED] - Keyboard is hidden

2022-01-02 16:44:05 - [TEST_STEP][PASSED] - tap(LOGN_BtnLogin, 0): Tapped on element 'Object Repository/Mobile/Page/Login/Button - Login'

2022-01-02 16:44:05 - [MESSAGE][WARNING] - Timeout '0' is invalid. Using default page load timeout: '60'

2022-01-02 16:44:06 - [MESSAGE][PASSED] - Tapped on element 'Object Repository/Mobile/Page/Login/Button - Login'

2022-01-02 16:44:06 - [TEST_STEP][PASSED] - delay(2): Delayed 2 second(s)

2022-01-02 16:44:08 - [MESSAGE][PASSED] - Delayed 2 second(s)

2022-01-02 16:44:08 - [TEST_STEP][PASSED] - break: null

2022-01-02 16:44:08 - [MESSAGE][PASSED] - Call Test Case 'Test Cases/Mobile/Page/Login/Login' successfully

2022-01-02 16:44:08 - [MESSAGE][PASSED] - Call Test Case 'Test Cases/Mobile/Page/CheckLogin' successfully

2022-01-02 16:44:08 - [TEST_STEP][PASSED] - tap(HOME_MenubarAnalysis, 0): Tapped on element 'Object Repository/Mobile/Page/Home/Menubar - Analysis'

2022-01-02 16:44:08 - [MESSAGE][WARNING] - Timeout '0' is invalid. Using default page load timeout: '60'

2022-01-02 16:44:09 - [MESSAGE][PASSED] - Tapped on element 'Object Repository/Mobile/Page/Home/Menubar - Analysis'

2022-01-02 16:44:09 - [TEST_STEP][PASSED] - delay(1): Delayed 1 second(s)

2022-01-02 16:44:10 - [MESSAGE][PASSED] - Delayed 1 second(s)

2022-01-02 16:44:10 - [TEST_STEP][PASSED] - for ([i = 0, i < 1, (i++)]): Press back button successfully

2022-01-02 16:44:10 - [TEST_STEP][PASSED] - if (action == "technicalsearch"): null

2022-01-02 16:44:10 - [TEST_STEP][PASSED] - else if (action == "technicaldetail"): null

2022-01-02 16:44:10 - [TEST_STEP][PASSED] - else if (action == "researchdetail"): Press back button successfully

2022-01-02 16:44:10 - [TEST_STEP][PASSED] - tap(ANAL_TabResearchReport, 0): Tapped on element 'Object Repository/Mobile/Page/Analysis/Tab - Research Report'

2022-01-02 16:44:10 - [MESSAGE][WARNING] - Timeout '0' is invalid. Using default page load timeout: '60'

2022-01-02 16:44:12 - [MESSAGE][PASSED] - Tapped on element 'Object Repository/Mobile/Page/Analysis/Tab - Research Report'

2022-01-02 16:44:12 - [TEST_STEP][PASSED] - delay(1): Delayed 1 second(s)

2022-01-02 16:44:13 - [MESSAGE][PASSED] - Delayed 1 second(s)

2022-01-02 16:44:13 - [TEST_STEP][PASSED] - tapAndHold(ANAL_ItemTopSearch, 1, 0): Tapped and held on element 'Object Repository/Mobile/Page/Analysis/Item - Top Search' with duration 1

2022-01-02 16:44:13 - [MESSAGE][WARNING] - Timeout '0' is invalid. Using default page load timeout: '60'

2022-01-02 16:44:16 - [MESSAGE][PASSED] - Tapped and held on element 'Object Repository/Mobile/Page/Analysis/Item - Top Search' with duration 1

2022-01-02 16:44:16 - [TEST_STEP][PASSED] - delay(3): Delayed 3 second(s)

2022-01-02 16:44:19 - [MESSAGE][PASSED] - Delayed 3 second(s)

2022-01-02 16:44:19 - [TEST_STEP][PASSED] - pressBack(): Press back button successfully

2022-01-02 16:44:19 - [MESSAGE][PASSED] - Press back button successfully

2022-01-02 16:44:19 - [MESSAGE][PASSED] - Call Test Case 'Test Cases/Mobile/Page/Analysis/Analysis' successfully

2022-01-02 16:44:19 - [TEST_STEP][PASSED] - callTestCase(findTestCase("Mobile/Page/Run App/Terminate App"), [:], STOP_ON_FAILURE): Call Test Case 'Test Cases/Mobile/Page/Run App/Terminate App' successfully

2022-01-02 16:44:19 - [TEST_CASE][PASSED] - Test Cases/Mobile/Page/Run App/Terminate App: Test Cases/Mobile/Page/Run App/Terminate App

2022-01-02 16:44:19 - [TEST_STEP][PASSED] - startApp.OpenApp.terminateApplication(): startApp.OpenApp.terminateApplication is PASSED

2022-01-02 16:44:23 - [MESSAGE][PASSED] - Delayed 3 second(s)

2022-01-02 16:44:23 - [MESSAGE][PASSED] - Current device physical width is 720

2022-01-02 16:44:24 - [MESSAGE][PASSED] - Current device physical height is 1423

2022-01-02 16:44:25 - [MESSAGE][PASSED] - Swiped from 360,853 to 360,142

2022-01-02 16:44:26 - [MESSAGE][PASSED] - Delayed 1 second(s)

2022-01-02 16:44:27 - [MESSAGE][PASSED] - Swiped from 360,853 to 360,142

2022-01-02 16:44:30 - [MESSAGE][PASSED] - Delayed 3 second(s)

2022-01-02 16:44:30 - [MESSAGE][PASSED] - startApp.OpenApp.terminateApplication is PASSED

2022-01-02 16:44:30 - [MESSAGE][PASSED] - Call Test Case 'Test Cases/Mobile/Page/Run App/Terminate App' successfully]]></system-out>
         <system-err><![CDATA[]]></system-err>
      </testcase>
      <testcase name="Test Cases/Mobile/Scenario/Analysis/007 - Mencari research report" time="60.922" classname="Test Cases/Mobile/Scenario/Analysis/007 - Mencari research report" status="PASSED">
         <system-out><![CDATA[2022-01-02 16:44:30 - [TEST_CASE][PASSED] - Test Cases/Mobile/Scenario/Analysis/007 - Mencari research report: Test Cases/Mobile/Scenario/Analysis/007 - Mencari research report

2022-01-02 16:44:31 - [TEST_STEP][PASSED] - callTestCase(findTestCase("Mobile/Page/Run App/Run App byID"), [:], STOP_ON_FAILURE): Call Test Case 'Test Cases/Mobile/Page/Run App/Run App byID' successfully

2022-01-02 16:44:31 - [TEST_CASE][PASSED] - Test Cases/Mobile/Page/Run App/Run App byID: Test Cases/Mobile/Page/Run App/Run App byID

2022-01-02 16:44:31 - [TEST_STEP][PASSED] - startApp.OpenApp.startApplication("id.co.miraeasset.sageclub"): startApp.OpenApp.startApplication is PASSED

2022-01-02 16:44:43 - [MESSAGE][PASSED] - Starting app with application ID: 'id.co.miraeasset.sageclub'

2022-01-02 16:44:43 - [MESSAGE][PASSED] - startApp.OpenApp.startApplication is PASSED

2022-01-02 16:44:43 - [MESSAGE][PASSED] - Call Test Case 'Test Cases/Mobile/Page/Run App/Run App byID' successfully

2022-01-02 16:44:43 - [TEST_STEP][PASSED] - callTestCase(findTestCase("Mobile/Page/Analysis/Analysis"), ["action":"researchsearch"], CONTINUE_ON_FAILURE): Call Test Case 'Test Cases/Mobile/Page/Analysis/Analysis' successfully

2022-01-02 16:44:44 - [TEST_CASE][PASSED] - Test Cases/Mobile/Page/Analysis/Analysis: Test Cases/Mobile/Page/Analysis/Analysis

2022-01-02 16:44:44 - [TEST_STEP][PASSED] - callTestCase(findTestCase("Mobile/Page/CheckLogin"), [:], CONTINUE_ON_FAILURE): Call Test Case 'Test Cases/Mobile/Page/CheckLogin' successfully

2022-01-02 16:44:44 - [TEST_CASE][PASSED] - Test Cases/Mobile/Page/CheckLogin: Test Cases/Mobile/Page/CheckLogin

2022-01-02 16:44:44 - [TEST_STEP][PASSED] - loginCheck = verifyElementExist(LOGN_BtnLogin, 5, CONTINUE_ON_FAILURE): Element 'Object Repository/Mobile/Page/Login/Button - Login' is exist

2022-01-02 16:44:45 - [MESSAGE][PASSED] - Element 'Object Repository/Mobile/Page/Login/Button - Login' is exist

2022-01-02 16:44:45 - [TEST_STEP][PASSED] - if (loginCheck): Call Test Case 'Test Cases/Mobile/Page/Login/Login' successfully

2022-01-02 16:44:45 - [TEST_STEP][PASSED] - callTestCase(findTestCase("Mobile/Page/Login/Login"), ["action":"username"], CONTINUE_ON_FAILURE): Call Test Case 'Test Cases/Mobile/Page/Login/Login' successfully

2022-01-02 16:44:45 - [TEST_CASE][PASSED] - Test Cases/Mobile/Page/Login/Login: Test Cases/Mobile/Page/Login/Login

2022-01-02 16:44:45 - [TEST_STEP][PASSED] - delay(2): Delayed 2 second(s)

2022-01-02 16:44:47 - [MESSAGE][PASSED] - Delayed 2 second(s)

2022-01-02 16:44:47 - [TEST_STEP][PASSED] - for ([i = 0, i < 1, (i++)]): null

2022-01-02 16:44:47 - [TEST_STEP][PASSED] - if (action == "username"): null

2022-01-02 16:44:47 - [TEST_STEP][PASSED] - tap(LOGN_EdtUserID, 0): Tapped on element 'Object Repository/Mobile/Page/Login/Input - UserID'

2022-01-02 16:44:47 - [MESSAGE][WARNING] - Timeout '0' is invalid. Using default page load timeout: '60'

2022-01-02 16:44:48 - [MESSAGE][PASSED] - Tapped on element 'Object Repository/Mobile/Page/Login/Input - UserID'

2022-01-02 16:44:48 - [TEST_STEP][PASSED] - delay(1): Delayed 1 second(s)

2022-01-02 16:44:49 - [MESSAGE][PASSED] - Delayed 1 second(s)

2022-01-02 16:44:49 - [TEST_STEP][PASSED] - setText(LOGN_EdtRdyUserID, "anggaaditya", 0): Text 'anggaaditya' has been set to element 'Object Repository/Mobile/Page/Login/Input Rdy - UserID'

2022-01-02 16:44:49 - [MESSAGE][WARNING] - Timeout '0' is invalid. Using default page load timeout: '60'

2022-01-02 16:44:50 - [MESSAGE][PASSED] - Text 'anggaaditya' has been set to element 'Object Repository/Mobile/Page/Login/Input Rdy - UserID'

2022-01-02 16:44:50 - [TEST_STEP][PASSED] - delay(1): Delayed 1 second(s)

2022-01-02 16:44:51 - [MESSAGE][PASSED] - Delayed 1 second(s)

2022-01-02 16:44:51 - [TEST_STEP][PASSED] - hideKeyboard(): Keyboard is hidden

2022-01-02 16:44:54 - [MESSAGE][PASSED] - Keyboard is hidden

2022-01-02 16:44:54 - [TEST_STEP][PASSED] - tap(LOGN_EdtPassword, 0): Tapped on element 'Object Repository/Mobile/Page/Login/Input - Password'

2022-01-02 16:44:54 - [MESSAGE][WARNING] - Timeout '0' is invalid. Using default page load timeout: '60'

2022-01-02 16:44:55 - [MESSAGE][PASSED] - Tapped on element 'Object Repository/Mobile/Page/Login/Input - Password'

2022-01-02 16:44:55 - [TEST_STEP][PASSED] - delay(1): Delayed 1 second(s)

2022-01-02 16:44:56 - [MESSAGE][PASSED] - Delayed 1 second(s)

2022-01-02 16:44:56 - [TEST_STEP][PASSED] - setText(LOGN_EdtRdyPassword, "Shalawa18", 0): Text 'Shalawa18' has been set to element 'Object Repository/Mobile/Page/Login/Input Rdy - Password'

2022-01-02 16:44:56 - [MESSAGE][WARNING] - Timeout '0' is invalid. Using default page load timeout: '60'

2022-01-02 16:44:56 - [MESSAGE][PASSED] - Text 'Shalawa18' has been set to element 'Object Repository/Mobile/Page/Login/Input Rdy - Password'

2022-01-02 16:44:56 - [TEST_STEP][PASSED] - delay(1): Delayed 1 second(s)

2022-01-02 16:44:57 - [MESSAGE][PASSED] - Delayed 1 second(s)

2022-01-02 16:44:57 - [TEST_STEP][PASSED] - hideKeyboard(): Keyboard is hidden

2022-01-02 16:45:03 - [MESSAGE][PASSED] - Keyboard is hidden

2022-01-02 16:45:03 - [TEST_STEP][PASSED] - tap(LOGN_BtnLogin, 0): Tapped on element 'Object Repository/Mobile/Page/Login/Button - Login'

2022-01-02 16:45:03 - [MESSAGE][WARNING] - Timeout '0' is invalid. Using default page load timeout: '60'

2022-01-02 16:45:04 - [MESSAGE][PASSED] - Tapped on element 'Object Repository/Mobile/Page/Login/Button - Login'

2022-01-02 16:45:04 - [TEST_STEP][PASSED] - delay(2): Delayed 2 second(s)

2022-01-02 16:45:06 - [MESSAGE][PASSED] - Delayed 2 second(s)

2022-01-02 16:45:06 - [TEST_STEP][PASSED] - break: null

2022-01-02 16:45:06 - [MESSAGE][PASSED] - Call Test Case 'Test Cases/Mobile/Page/Login/Login' successfully

2022-01-02 16:45:06 - [MESSAGE][PASSED] - Call Test Case 'Test Cases/Mobile/Page/CheckLogin' successfully

2022-01-02 16:45:06 - [TEST_STEP][PASSED] - tap(HOME_MenubarAnalysis, 0): Tapped on element 'Object Repository/Mobile/Page/Home/Menubar - Analysis'

2022-01-02 16:45:06 - [MESSAGE][WARNING] - Timeout '0' is invalid. Using default page load timeout: '60'

2022-01-02 16:45:07 - [MESSAGE][PASSED] - Tapped on element 'Object Repository/Mobile/Page/Home/Menubar - Analysis'

2022-01-02 16:45:07 - [TEST_STEP][PASSED] - delay(1): Delayed 1 second(s)

2022-01-02 16:45:08 - [MESSAGE][PASSED] - Delayed 1 second(s)

2022-01-02 16:45:08 - [TEST_STEP][PASSED] - for ([i = 0, i < 1, (i++)]): Press back button successfully

2022-01-02 16:45:08 - [TEST_STEP][PASSED] - if (action == "technicalsearch"): null

2022-01-02 16:45:08 - [TEST_STEP][PASSED] - else if (action == "technicaldetail"): null

2022-01-02 16:45:08 - [TEST_STEP][PASSED] - else if (action == "researchdetail"): null

2022-01-02 16:45:08 - [TEST_STEP][PASSED] - else if (action == "researchsearch"): Press back button successfully

2022-01-02 16:45:08 - [TEST_STEP][PASSED] - tap(ANAL_TabResearchReport, 0): Tapped on element 'Object Repository/Mobile/Page/Analysis/Tab - Research Report'

2022-01-02 16:45:08 - [MESSAGE][WARNING] - Timeout '0' is invalid. Using default page load timeout: '60'

2022-01-02 16:45:09 - [MESSAGE][PASSED] - Tapped on element 'Object Repository/Mobile/Page/Analysis/Tab - Research Report'

2022-01-02 16:45:09 - [TEST_STEP][PASSED] - delay(1): Delayed 1 second(s)

2022-01-02 16:45:10 - [MESSAGE][PASSED] - Delayed 1 second(s)

2022-01-02 16:45:10 - [TEST_STEP][PASSED] - tap(ANAL_EdtSearch, 0): Tapped on element 'Object Repository/Mobile/Page/Analysis/Input - Search'

2022-01-02 16:45:10 - [MESSAGE][WARNING] - Timeout '0' is invalid. Using default page load timeout: '60'

2022-01-02 16:45:11 - [MESSAGE][PASSED] - Tapped on element 'Object Repository/Mobile/Page/Analysis/Input - Search'

2022-01-02 16:45:11 - [TEST_STEP][PASSED] - delay(1): Delayed 1 second(s)

2022-01-02 16:45:12 - [MESSAGE][PASSED] - Delayed 1 second(s)

2022-01-02 16:45:12 - [TEST_STEP][PASSED] - setText(ANAL_EdtSearch, "surya", 0): Text 'surya' has been set to element 'Object Repository/Mobile/Page/Analysis/Input - Search'

2022-01-02 16:45:12 - [MESSAGE][WARNING] - Timeout '0' is invalid. Using default page load timeout: '60'

2022-01-02 16:45:12 - [MESSAGE][PASSED] - Text 'surya' has been set to element 'Object Repository/Mobile/Page/Analysis/Input - Search'

2022-01-02 16:45:12 - [TEST_STEP][PASSED] - hideKeyboard(): Keyboard is hidden

2022-01-02 16:45:14 - [MESSAGE][PASSED] - Keyboard is hidden

2022-01-02 16:45:14 - [TEST_STEP][PASSED] - tapAndHold(ANAL_ItemTopSearch, 1, 0): Tapped and held on element 'Object Repository/Mobile/Page/Analysis/Item - Top Search' with duration 1

2022-01-02 16:45:14 - [MESSAGE][WARNING] - Timeout '0' is invalid. Using default page load timeout: '60'

2022-01-02 16:45:17 - [MESSAGE][PASSED] - Tapped and held on element 'Object Repository/Mobile/Page/Analysis/Item - Top Search' with duration 1

2022-01-02 16:45:17 - [TEST_STEP][PASSED] - delay(3): Delayed 3 second(s)

2022-01-02 16:45:20 - [MESSAGE][PASSED] - Delayed 3 second(s)

2022-01-02 16:45:20 - [TEST_STEP][PASSED] - pressBack(): Press back button successfully

2022-01-02 16:45:20 - [MESSAGE][PASSED] - Press back button successfully

2022-01-02 16:45:20 - [MESSAGE][PASSED] - Call Test Case 'Test Cases/Mobile/Page/Analysis/Analysis' successfully

2022-01-02 16:45:20 - [TEST_STEP][PASSED] - callTestCase(findTestCase("Mobile/Page/Run App/Terminate App"), [:], STOP_ON_FAILURE): Call Test Case 'Test Cases/Mobile/Page/Run App/Terminate App' successfully

2022-01-02 16:45:20 - [TEST_CASE][PASSED] - Test Cases/Mobile/Page/Run App/Terminate App: Test Cases/Mobile/Page/Run App/Terminate App

2022-01-02 16:45:20 - [TEST_STEP][PASSED] - startApp.OpenApp.terminateApplication(): startApp.OpenApp.terminateApplication is PASSED

2022-01-02 16:45:24 - [MESSAGE][PASSED] - Delayed 3 second(s)

2022-01-02 16:45:24 - [MESSAGE][PASSED] - Current device physical width is 720

2022-01-02 16:45:25 - [MESSAGE][PASSED] - Current device physical height is 1423

2022-01-02 16:45:26 - [MESSAGE][PASSED] - Swiped from 360,853 to 360,142

2022-01-02 16:45:27 - [MESSAGE][PASSED] - Delayed 1 second(s)

2022-01-02 16:45:28 - [MESSAGE][PASSED] - Swiped from 360,853 to 360,142

2022-01-02 16:45:31 - [MESSAGE][PASSED] - Delayed 3 second(s)

2022-01-02 16:45:31 - [MESSAGE][PASSED] - startApp.OpenApp.terminateApplication is PASSED

2022-01-02 16:45:31 - [MESSAGE][PASSED] - Call Test Case 'Test Cases/Mobile/Page/Run App/Terminate App' successfully]]></system-out>
         <system-err><![CDATA[]]></system-err>
      </testcase>
      <system-out><![CDATA[2022-01-02 16:38:11 - [TEST_SUITE][PASSED] - analysis: Test Cases/Mobile/Scenario/Analysis/007 - Mencari research report]]></system-out>
      <system-err><![CDATA[]]></system-err>
   </testsuite>
</testsuites>
