<?xml version="1.0" encoding="UTF-8"?>
<testsuites name="portfolio" time="1242.944" tests="19" failures="0" skips="0" errors="0">
   <testsuite name="portfolio" tests="19" failures="0" errors="0" time="1242.944" skips="0" timestamp="2022-03-07 11:10:28" hostname="Owner - aldy-tft" id="Test Suites/portfolio">
      <properties>
         <property name="deviceName" value="samsung SM-A205F (Android 11)"/>
         <property name="devicePlatform" value=""/>
         <property name="logFolder" value="C:\\Users\\Owner\\Documents\\kerjaan\\KatalonProject\\qa_katalon_pwm\\qa_katalon_pwm\\Reports\\20220307_102334\\portfolio\\20220307_102356"/>
         <property name="logFiles" value="C:\\Users\\Owner\\Documents\\kerjaan\\KatalonProject\\qa_katalon_pwm\\qa_katalon_pwm\\Reports\\20220307_102334\\portfolio\\20220307_102356\\appium.log, C:\\Users\\Owner\\Documents\\kerjaan\\KatalonProject\\qa_katalon_pwm\\qa_katalon_pwm\\Reports\\20220307_102334\\portfolio\\20220307_102356\\execution0.log"/>
         <property name="attachments" value=""/>
         <property name="hostName" value="Owner - aldy-tft"/>
         <property name="os" value="Windows 10 64bit"/>
         <property name="appiumServerStatus" value="{&quot;value&quot;:{&quot;build&quot;:{&quot;version&quot;:&quot;1.22.0&quot;}},&quot;sessionId&quot;:null,&quot;status&quot;:0}"/>
         <property name="katalonVersion" value="7.9.1.208"/>
         <property name="deviceOS" value="Android"/>
         <property name="appiumVersion" value="1.22.0"/>
         <property name="deviceModel" value="SM-A205F"/>
         <property name="hostAddress" value="192.168.116.52"/>
         <property name="deviceManufacturer" value="samsung"/>
         <property name="deviceId" value="RR8M40C9AXE"/>
         <property name="deviceName" value="samsung SM-A205F (Android 11)"/>
         <property name="deviceOSVersion" value="11"/>
      </properties>
      <testcase name="Test Cases/Mobile/Scenario/Portfolio/001 - Summary" time="78.996" classname="Test Cases/Mobile/Scenario/Portfolio/001 - Summary" status="PASSED">
         <system-out><![CDATA[2022-03-07 11:10:30 - [TEST_CASE][PASSED] - Test Cases/Mobile/Scenario/Portfolio/001 - Summary: Test Cases/Mobile/Scenario/Portfolio/001 - Summary

2022-03-07 11:10:31 - [TEST_STEP][PASSED] - callTestCase(findTestCase("Mobile/Page/Run App/Run App byID"), [:], STOP_ON_FAILURE): Call Test Case 'Test Cases/Mobile/Page/Run App/Run App byID' successfully

2022-03-07 11:10:31 - [TEST_CASE][PASSED] - Test Cases/Mobile/Page/Run App/Run App byID: Test Cases/Mobile/Page/Run App/Run App byID

2022-03-07 11:10:32 - [TEST_STEP][PASSED] - startApp.OpenApp.startApplication("id.co.miraeasset.sageclub"): startApp.OpenApp.startApplication is PASSED

2022-03-07 11:10:34 - [MESSAGE][INFO] - Appium server started on port 59,295

2022-03-07 11:10:51 - [MESSAGE][PASSED] - Starting app with application ID: 'id.co.miraeasset.sageclub'

2022-03-07 11:10:51 - [MESSAGE][PASSED] - startApp.OpenApp.startApplication is PASSED

2022-03-07 11:10:51 - [MESSAGE][PASSED] - Call Test Case 'Test Cases/Mobile/Page/Run App/Run App byID' successfully

2022-03-07 11:10:51 - [TEST_STEP][PASSED] - callTestCase(findTestCase("Mobile/Page/Portfolio/Portfolio"), ["tab":"summary", "action":"summary"], CONTINUE_ON_FAILURE): Call Test Case 'Test Cases/Mobile/Page/Portfolio/Portfolio' successfully

2022-03-07 11:10:51 - [TEST_CASE][PASSED] - Test Cases/Mobile/Page/Portfolio/Portfolio: Test Cases/Mobile/Page/Portfolio/Portfolio

2022-03-07 11:10:52 - [TEST_STEP][PASSED] - callTestCase(findTestCase("Mobile/Page/CheckLogin"), [:], CONTINUE_ON_FAILURE): Call Test Case 'Test Cases/Mobile/Page/CheckLogin' successfully

2022-03-07 11:10:52 - [TEST_CASE][PASSED] - Test Cases/Mobile/Page/CheckLogin: Test Cases/Mobile/Page/CheckLogin

2022-03-07 11:10:52 - [TEST_STEP][PASSED] - loginCheck = verifyElementExist(LOGN_BtnLogin, 5, CONTINUE_ON_FAILURE): Element 'Object Repository/Mobile/Page/Login/Button - Login' is exist

2022-03-07 11:10:53 - [MESSAGE][WARNING] - Test object with id 'Object Repository/Mobile/Page/Analysis/Button - Open With Just Once' does not exist

2022-03-07 11:10:53 - [MESSAGE][WARNING] - Test object with id 'Object Repository/Mobile/Page/Analysis/Button - Search' does not exist

2022-03-07 11:10:55 - [MESSAGE][WARNING] - Test object with id 'Object Repository/Mobile/Page/Home/Button -  Add Watchlist' does not exist

2022-03-07 11:10:55 - [MESSAGE][WARNING] - Test object with id 'Object Repository/Mobile/Page/Home/Button - Open with Just Once' does not exist

2022-03-07 11:10:55 - [MESSAGE][WARNING] - Test object with id 'Object Repository/Mobile/Page/Home/Container - Notification' does not exist

2022-03-07 11:10:56 - [MESSAGE][WARNING] - Test object with id 'Object Repository/Mobile/Page/Home/Watchlist/Input - Search' does not exist

2022-03-07 11:10:56 - [MESSAGE][WARNING] - Test object with id 'Object Repository/Mobile/Page/Home/Watchlist/Item - Top Search' does not exist

2022-03-07 11:10:57 - [MESSAGE][WARNING] - Test object with id 'Object Repository/Mobile/Page/Home/Watchlist/Detail Watchlist/Input - Expiry Date' does not exist

2022-03-07 11:10:57 - [MESSAGE][WARNING] - Test object with id 'Object Repository/Mobile/Page/Home/Watchlist/Detail Watchlist/Item - Watchlist' does not exist

2022-03-07 11:10:58 - [MESSAGE][WARNING] - Test object with id 'Object Repository/Mobile/Page/NavigationMenu/Button - Open Just Once' does not exist

2022-03-07 11:10:58 - [MESSAGE][WARNING] - Test object with id 'Object Repository/Mobile/Page/NavigationMenu/Container - Logout' does not exist

2022-03-07 11:11:02 - [MESSAGE][WARNING] - Test object with id 'Object Repository/Mobile/Page/Analysis/Button - Open With Just Once' does not exist

2022-03-07 11:11:02 - [MESSAGE][WARNING] - Test object with id 'Object Repository/Mobile/Page/Analysis/Button - Search' does not exist

2022-03-07 11:11:03 - [MESSAGE][WARNING] - Test object with id 'Object Repository/Mobile/Page/Home/Button -  Add Watchlist' does not exist

2022-03-07 11:11:03 - [MESSAGE][WARNING] - Test object with id 'Object Repository/Mobile/Page/Home/Button - Open with Just Once' does not exist

2022-03-07 11:11:03 - [MESSAGE][WARNING] - Test object with id 'Object Repository/Mobile/Page/Home/Container - Notification' does not exist

2022-03-07 11:11:04 - [MESSAGE][WARNING] - Test object with id 'Object Repository/Mobile/Page/Home/Watchlist/Input - Search' does not exist

2022-03-07 11:11:04 - [MESSAGE][WARNING] - Test object with id 'Object Repository/Mobile/Page/Home/Watchlist/Item - Top Search' does not exist

2022-03-07 11:11:04 - [MESSAGE][WARNING] - Test object with id 'Object Repository/Mobile/Page/Home/Watchlist/Detail Watchlist/Input - Expiry Date' does not exist

2022-03-07 11:11:04 - [MESSAGE][WARNING] - Test object with id 'Object Repository/Mobile/Page/Home/Watchlist/Detail Watchlist/Item - Watchlist' does not exist

2022-03-07 11:11:05 - [MESSAGE][WARNING] - Test object with id 'Object Repository/Mobile/Page/NavigationMenu/Button - Open Just Once' does not exist

2022-03-07 11:11:05 - [MESSAGE][WARNING] - Test object with id 'Object Repository/Mobile/Page/NavigationMenu/Container - Logout' does not exist

2022-03-07 11:11:10 - [MESSAGE][PASSED] - Element 'Object Repository/Mobile/Page/Login/Button - Login' is exist

2022-03-07 11:11:10 - [TEST_STEP][PASSED] - if (loginCheck): Call Test Case 'Test Cases/Mobile/Page/Login/Login' successfully

2022-03-07 11:11:10 - [TEST_STEP][PASSED] - callTestCase(findTestCase("Mobile/Page/Login/Login"), ["action":"username"], CONTINUE_ON_FAILURE): Call Test Case 'Test Cases/Mobile/Page/Login/Login' successfully

2022-03-07 11:11:10 - [TEST_CASE][PASSED] - Test Cases/Mobile/Page/Login/Login: Test Cases/Mobile/Page/Login/Login

2022-03-07 11:11:10 - [TEST_STEP][PASSED] - delay(2): Delayed 2 second(s)

2022-03-07 11:11:12 - [MESSAGE][PASSED] - Delayed 2 second(s)

2022-03-07 11:11:12 - [TEST_STEP][PASSED] - for ([i = 0, i < 1, (i++)]): null

2022-03-07 11:11:12 - [TEST_STEP][PASSED] - if (action == "username"): null

2022-03-07 11:11:12 - [TEST_STEP][PASSED] - tap(LOGN_EdtUserID, 0): Tapped on element 'Object Repository/Mobile/Page/Login/Input - UserID'

2022-03-07 11:11:12 - [MESSAGE][WARNING] - Timeout '0' is invalid. Using default page load timeout: '60'

2022-03-07 11:11:13 - [MESSAGE][PASSED] - Tapped on element 'Object Repository/Mobile/Page/Login/Input - UserID'

2022-03-07 11:11:13 - [TEST_STEP][PASSED] - delay(1): Delayed 1 second(s)

2022-03-07 11:11:14 - [MESSAGE][PASSED] - Delayed 1 second(s)

2022-03-07 11:11:14 - [TEST_STEP][PASSED] - setText(LOGN_EdtRdyUserID, "anggaaditya", 0): Text 'anggaaditya' has been set to element 'Object Repository/Mobile/Page/Login/Input Rdy - UserID'

2022-03-07 11:11:14 - [MESSAGE][WARNING] - Timeout '0' is invalid. Using default page load timeout: '60'

2022-03-07 11:11:14 - [MESSAGE][PASSED] - Text 'anggaaditya' has been set to element 'Object Repository/Mobile/Page/Login/Input Rdy - UserID'

2022-03-07 11:11:14 - [TEST_STEP][PASSED] - delay(1): Delayed 1 second(s)

2022-03-07 11:11:15 - [MESSAGE][PASSED] - Delayed 1 second(s)

2022-03-07 11:11:15 - [TEST_STEP][PASSED] - hideKeyboard(): Keyboard is hidden

2022-03-07 11:11:19 - [MESSAGE][PASSED] - Keyboard is hidden

2022-03-07 11:11:19 - [TEST_STEP][PASSED] - tap(LOGN_EdtPassword, 0): Tapped on element 'Object Repository/Mobile/Page/Login/Input - Password'

2022-03-07 11:11:19 - [MESSAGE][WARNING] - Timeout '0' is invalid. Using default page load timeout: '60'

2022-03-07 11:11:19 - [MESSAGE][PASSED] - Tapped on element 'Object Repository/Mobile/Page/Login/Input - Password'

2022-03-07 11:11:19 - [TEST_STEP][PASSED] - delay(1): Delayed 1 second(s)

2022-03-07 11:11:20 - [MESSAGE][PASSED] - Delayed 1 second(s)

2022-03-07 11:11:20 - [TEST_STEP][PASSED] - setText(LOGN_EdtRdyPassword, "Shalawa18", 0): Text 'Shalawa18' has been set to element 'Object Repository/Mobile/Page/Login/Input Rdy - Password'

2022-03-07 11:11:20 - [MESSAGE][WARNING] - Timeout '0' is invalid. Using default page load timeout: '60'

2022-03-07 11:11:21 - [MESSAGE][PASSED] - Text 'Shalawa18' has been set to element 'Object Repository/Mobile/Page/Login/Input Rdy - Password'

2022-03-07 11:11:21 - [TEST_STEP][PASSED] - delay(1): Delayed 1 second(s)

2022-03-07 11:11:22 - [MESSAGE][PASSED] - Delayed 1 second(s)

2022-03-07 11:11:22 - [TEST_STEP][PASSED] - hideKeyboard(): Keyboard is hidden

2022-03-07 11:11:28 - [MESSAGE][PASSED] - Keyboard is hidden

2022-03-07 11:11:28 - [TEST_STEP][PASSED] - tap(LOGN_BtnLogin, 0): Tapped on element 'Object Repository/Mobile/Page/Login/Button - Login'

2022-03-07 11:11:28 - [MESSAGE][WARNING] - Timeout '0' is invalid. Using default page load timeout: '60'

2022-03-07 11:11:29 - [MESSAGE][PASSED] - Tapped on element 'Object Repository/Mobile/Page/Login/Button - Login'

2022-03-07 11:11:29 - [TEST_STEP][PASSED] - delay(2): Delayed 2 second(s)

2022-03-07 11:11:31 - [MESSAGE][PASSED] - Delayed 2 second(s)

2022-03-07 11:11:31 - [TEST_STEP][PASSED] - break: null

2022-03-07 11:11:31 - [MESSAGE][PASSED] - Call Test Case 'Test Cases/Mobile/Page/Login/Login' successfully

2022-03-07 11:11:31 - [MESSAGE][PASSED] - Call Test Case 'Test Cases/Mobile/Page/CheckLogin' successfully

2022-03-07 11:11:31 - [TEST_STEP][PASSED] - tap(HOME_MenubarPortfolio, 0): Tapped on element 'Object Repository/Mobile/Page/Home/Menubar - Portfolio'

2022-03-07 11:11:31 - [MESSAGE][WARNING] - Timeout '0' is invalid. Using default page load timeout: '60'

2022-03-07 11:11:33 - [MESSAGE][PASSED] - Tapped on element 'Object Repository/Mobile/Page/Home/Menubar - Portfolio'

2022-03-07 11:11:33 - [TEST_STEP][PASSED] - delay(1): Delayed 1 second(s)

2022-03-07 11:11:34 - [MESSAGE][PASSED] - Delayed 1 second(s)

2022-03-07 11:11:34 - [TEST_STEP][PASSED] - for ([i = 0, i < 1, (i++)]): null

2022-03-07 11:11:34 - [TEST_STEP][PASSED] - if (tab == "summary"): null

2022-03-07 11:11:34 - [TEST_STEP][PASSED] - idr = PORT_BtnIDR: null

2022-03-07 11:11:34 - [TEST_STEP][PASSED] - persen = PORT_BtnPersen: null

2022-03-07 11:11:34 - [TEST_STEP][PASSED] - if (action == "summary"): Delayed 3 second(s)

2022-03-07 11:11:34 - [TEST_STEP][PASSED] - delay(3): Delayed 3 second(s)

2022-03-07 11:11:37 - [MESSAGE][PASSED] - Delayed 3 second(s)

2022-03-07 11:11:37 - [TEST_STEP][PASSED] - if (action != "summary"): null

2022-03-07 11:11:37 - [MESSAGE][PASSED] - Call Test Case 'Test Cases/Mobile/Page/Portfolio/Portfolio' successfully

2022-03-07 11:11:37 - [TEST_STEP][PASSED] - callTestCase(findTestCase("Mobile/Page/Run App/Terminate App"), [:], STOP_ON_FAILURE): Call Test Case 'Test Cases/Mobile/Page/Run App/Terminate App' successfully

2022-03-07 11:11:37 - [TEST_CASE][PASSED] - Test Cases/Mobile/Page/Run App/Terminate App: Test Cases/Mobile/Page/Run App/Terminate App

2022-03-07 11:11:37 - [TEST_STEP][PASSED] - startApp.OpenApp.terminateApplication(): startApp.OpenApp.terminateApplication is PASSED

2022-03-07 11:11:42 - [MESSAGE][PASSED] - Delayed 3 second(s)

2022-03-07 11:11:42 - [MESSAGE][PASSED] - Current device physical width is 720

2022-03-07 11:11:42 - [MESSAGE][PASSED] - Current device physical height is 1423

2022-03-07 11:11:44 - [MESSAGE][PASSED] - Swiped from 360,853 to 360,142

2022-03-07 11:11:45 - [MESSAGE][PASSED] - Delayed 1 second(s)

2022-03-07 11:11:46 - [MESSAGE][PASSED] - Swiped from 360,853 to 360,142

2022-03-07 11:11:49 - [MESSAGE][PASSED] - Delayed 3 second(s)

2022-03-07 11:11:49 - [MESSAGE][PASSED] - startApp.OpenApp.terminateApplication is PASSED

2022-03-07 11:11:49 - [MESSAGE][PASSED] - Call Test Case 'Test Cases/Mobile/Page/Run App/Terminate App' successfully]]></system-out>
         <system-err><![CDATA[]]></system-err>
      </testcase>
      <testcase name="Test Cases/Mobile/Scenario/Portfolio/002 - Portfolio Performance Daily IDR" time="62.615" classname="Test Cases/Mobile/Scenario/Portfolio/002 - Portfolio Performance Daily IDR" status="PASSED">
         <system-out><![CDATA[2022-03-07 11:11:49 - [TEST_CASE][PASSED] - Test Cases/Mobile/Scenario/Portfolio/002 - Portfolio Performance Daily IDR: Test Cases/Mobile/Scenario/Portfolio/002 - Portfolio Performance Daily IDR

2022-03-07 11:11:49 - [TEST_STEP][PASSED] - callTestCase(findTestCase("Mobile/Page/Run App/Run App byID"), [:], STOP_ON_FAILURE): Call Test Case 'Test Cases/Mobile/Page/Run App/Run App byID' successfully

2022-03-07 11:11:49 - [TEST_CASE][PASSED] - Test Cases/Mobile/Page/Run App/Run App byID: Test Cases/Mobile/Page/Run App/Run App byID

2022-03-07 11:11:49 - [TEST_STEP][PASSED] - startApp.OpenApp.startApplication("id.co.miraeasset.sageclub"): startApp.OpenApp.startApplication is PASSED

2022-03-07 11:12:02 - [MESSAGE][PASSED] - Starting app with application ID: 'id.co.miraeasset.sageclub'

2022-03-07 11:12:02 - [MESSAGE][PASSED] - startApp.OpenApp.startApplication is PASSED

2022-03-07 11:12:02 - [MESSAGE][PASSED] - Call Test Case 'Test Cases/Mobile/Page/Run App/Run App byID' successfully

2022-03-07 11:12:02 - [TEST_STEP][PASSED] - callTestCase(findTestCase("Mobile/Page/Portfolio/Portfolio"), ["tab":"summary", "action":"perf_daily", "action2":"idr"], CONTINUE_ON_FAILURE): Call Test Case 'Test Cases/Mobile/Page/Portfolio/Portfolio' successfully

2022-03-07 11:12:03 - [TEST_CASE][PASSED] - Test Cases/Mobile/Page/Portfolio/Portfolio: Test Cases/Mobile/Page/Portfolio/Portfolio

2022-03-07 11:12:03 - [TEST_STEP][PASSED] - callTestCase(findTestCase("Mobile/Page/CheckLogin"), [:], CONTINUE_ON_FAILURE): Call Test Case 'Test Cases/Mobile/Page/CheckLogin' successfully

2022-03-07 11:12:03 - [TEST_CASE][PASSED] - Test Cases/Mobile/Page/CheckLogin: Test Cases/Mobile/Page/CheckLogin

2022-03-07 11:12:03 - [TEST_STEP][PASSED] - loginCheck = verifyElementExist(LOGN_BtnLogin, 5, CONTINUE_ON_FAILURE): Element 'Object Repository/Mobile/Page/Login/Button - Login' is exist

2022-03-07 11:12:05 - [MESSAGE][PASSED] - Element 'Object Repository/Mobile/Page/Login/Button - Login' is exist

2022-03-07 11:12:05 - [TEST_STEP][PASSED] - if (loginCheck): Call Test Case 'Test Cases/Mobile/Page/Login/Login' successfully

2022-03-07 11:12:05 - [TEST_STEP][PASSED] - callTestCase(findTestCase("Mobile/Page/Login/Login"), ["action":"username"], CONTINUE_ON_FAILURE): Call Test Case 'Test Cases/Mobile/Page/Login/Login' successfully

2022-03-07 11:12:05 - [TEST_CASE][PASSED] - Test Cases/Mobile/Page/Login/Login: Test Cases/Mobile/Page/Login/Login

2022-03-07 11:12:05 - [TEST_STEP][PASSED] - delay(2): Delayed 2 second(s)

2022-03-07 11:12:07 - [MESSAGE][PASSED] - Delayed 2 second(s)

2022-03-07 11:12:07 - [TEST_STEP][PASSED] - for ([i = 0, i < 1, (i++)]): null

2022-03-07 11:12:07 - [TEST_STEP][PASSED] - if (action == "username"): null

2022-03-07 11:12:07 - [TEST_STEP][PASSED] - tap(LOGN_EdtUserID, 0): Tapped on element 'Object Repository/Mobile/Page/Login/Input - UserID'

2022-03-07 11:12:07 - [MESSAGE][WARNING] - Timeout '0' is invalid. Using default page load timeout: '60'

2022-03-07 11:12:07 - [MESSAGE][PASSED] - Tapped on element 'Object Repository/Mobile/Page/Login/Input - UserID'

2022-03-07 11:12:07 - [TEST_STEP][PASSED] - delay(1): Delayed 1 second(s)

2022-03-07 11:12:08 - [MESSAGE][PASSED] - Delayed 1 second(s)

2022-03-07 11:12:08 - [TEST_STEP][PASSED] - setText(LOGN_EdtRdyUserID, "anggaaditya", 0): Text 'anggaaditya' has been set to element 'Object Repository/Mobile/Page/Login/Input Rdy - UserID'

2022-03-07 11:12:08 - [MESSAGE][WARNING] - Timeout '0' is invalid. Using default page load timeout: '60'

2022-03-07 11:12:09 - [MESSAGE][PASSED] - Text 'anggaaditya' has been set to element 'Object Repository/Mobile/Page/Login/Input Rdy - UserID'

2022-03-07 11:12:09 - [TEST_STEP][PASSED] - delay(1): Delayed 1 second(s)

2022-03-07 11:12:10 - [MESSAGE][PASSED] - Delayed 1 second(s)

2022-03-07 11:12:10 - [TEST_STEP][PASSED] - hideKeyboard(): Keyboard is hidden

2022-03-07 11:12:13 - [MESSAGE][PASSED] - Keyboard is hidden

2022-03-07 11:12:13 - [TEST_STEP][PASSED] - tap(LOGN_EdtPassword, 0): Tapped on element 'Object Repository/Mobile/Page/Login/Input - Password'

2022-03-07 11:12:13 - [MESSAGE][WARNING] - Timeout '0' is invalid. Using default page load timeout: '60'

2022-03-07 11:12:14 - [MESSAGE][PASSED] - Tapped on element 'Object Repository/Mobile/Page/Login/Input - Password'

2022-03-07 11:12:14 - [TEST_STEP][PASSED] - delay(1): Delayed 1 second(s)

2022-03-07 11:12:15 - [MESSAGE][PASSED] - Delayed 1 second(s)

2022-03-07 11:12:15 - [TEST_STEP][PASSED] - setText(LOGN_EdtRdyPassword, "Shalawa18", 0): Text 'Shalawa18' has been set to element 'Object Repository/Mobile/Page/Login/Input Rdy - Password'

2022-03-07 11:12:15 - [MESSAGE][WARNING] - Timeout '0' is invalid. Using default page load timeout: '60'

2022-03-07 11:12:16 - [MESSAGE][PASSED] - Text 'Shalawa18' has been set to element 'Object Repository/Mobile/Page/Login/Input Rdy - Password'

2022-03-07 11:12:16 - [TEST_STEP][PASSED] - delay(1): Delayed 1 second(s)

2022-03-07 11:12:17 - [MESSAGE][PASSED] - Delayed 1 second(s)

2022-03-07 11:12:17 - [TEST_STEP][PASSED] - hideKeyboard(): Keyboard is hidden

2022-03-07 11:12:23 - [MESSAGE][PASSED] - Keyboard is hidden

2022-03-07 11:12:23 - [TEST_STEP][PASSED] - tap(LOGN_BtnLogin, 0): Tapped on element 'Object Repository/Mobile/Page/Login/Button - Login'

2022-03-07 11:12:23 - [MESSAGE][WARNING] - Timeout '0' is invalid. Using default page load timeout: '60'

2022-03-07 11:12:24 - [MESSAGE][PASSED] - Tapped on element 'Object Repository/Mobile/Page/Login/Button - Login'

2022-03-07 11:12:24 - [TEST_STEP][PASSED] - delay(2): Delayed 2 second(s)

2022-03-07 11:12:26 - [MESSAGE][PASSED] - Delayed 2 second(s)

2022-03-07 11:12:26 - [TEST_STEP][PASSED] - break: null

2022-03-07 11:12:26 - [MESSAGE][PASSED] - Call Test Case 'Test Cases/Mobile/Page/Login/Login' successfully

2022-03-07 11:12:26 - [MESSAGE][PASSED] - Call Test Case 'Test Cases/Mobile/Page/CheckLogin' successfully

2022-03-07 11:12:26 - [TEST_STEP][PASSED] - tap(HOME_MenubarPortfolio, 0): Tapped on element 'Object Repository/Mobile/Page/Home/Menubar - Portfolio'

2022-03-07 11:12:26 - [MESSAGE][WARNING] - Timeout '0' is invalid. Using default page load timeout: '60'

2022-03-07 11:12:28 - [MESSAGE][PASSED] - Tapped on element 'Object Repository/Mobile/Page/Home/Menubar - Portfolio'

2022-03-07 11:12:28 - [TEST_STEP][PASSED] - delay(1): Delayed 1 second(s)

2022-03-07 11:12:29 - [MESSAGE][PASSED] - Delayed 1 second(s)

2022-03-07 11:12:29 - [TEST_STEP][PASSED] - for ([i = 0, i < 1, (i++)]): Delayed 3 second(s)

2022-03-07 11:12:29 - [TEST_STEP][PASSED] - if (tab == "summary"): Delayed 3 second(s)

2022-03-07 11:12:29 - [TEST_STEP][PASSED] - idr = PORT_BtnIDR: null

2022-03-07 11:12:29 - [TEST_STEP][PASSED] - persen = PORT_BtnPersen: null

2022-03-07 11:12:29 - [TEST_STEP][PASSED] - if (action == "summary"): null

2022-03-07 11:12:29 - [TEST_STEP][PASSED] - else if (action == "perf_daily"): scroll.scroll.scrollScreenBottomToTop is PASSED

2022-03-07 11:12:29 - [TEST_STEP][PASSED] - scroll.scroll.scrollScreenBottomToTop(): scroll.scroll.scrollScreenBottomToTop is PASSED

2022-03-07 11:12:29 - [MESSAGE][PASSED] - Current device physical height is 1423

2022-03-07 11:12:29 - [MESSAGE][PASSED] - Current device physical width is 720

2022-03-07 11:12:31 - [MESSAGE][PASSED] - Swiped from 360,1,138 to 360,284

2022-03-07 11:12:31 - [MESSAGE][PASSED] - scroll.scroll.scrollScreenBottomToTop is PASSED

2022-03-07 11:12:31 - [TEST_STEP][PASSED] - if (action != "summary"): Delayed 3 second(s)

2022-03-07 11:12:31 - [TEST_STEP][PASSED] - delay(1): Delayed 1 second(s)

2022-03-07 11:12:32 - [MESSAGE][PASSED] - Delayed 1 second(s)

2022-03-07 11:12:32 - [TEST_STEP][PASSED] - scroll.scroll.scrollScreenBottomToTop(): scroll.scroll.scrollScreenBottomToTop is PASSED

2022-03-07 11:12:32 - [MESSAGE][PASSED] - Current device physical height is 1423

2022-03-07 11:12:32 - [MESSAGE][PASSED] - Current device physical width is 720

2022-03-07 11:12:33 - [MESSAGE][PASSED] - Swiped from 360,1,138 to 360,284

2022-03-07 11:12:33 - [MESSAGE][PASSED] - scroll.scroll.scrollScreenBottomToTop is PASSED

2022-03-07 11:12:33 - [TEST_STEP][PASSED] - scroll.scroll.scrollScreenBottomToTop(): scroll.scroll.scrollScreenBottomToTop is PASSED

2022-03-07 11:12:33 - [MESSAGE][PASSED] - Current device physical height is 1423

2022-03-07 11:12:34 - [MESSAGE][PASSED] - Current device physical width is 720

2022-03-07 11:12:35 - [MESSAGE][PASSED] - Swiped from 360,1,138 to 360,284

2022-03-07 11:12:35 - [MESSAGE][PASSED] - scroll.scroll.scrollScreenBottomToTop is PASSED

2022-03-07 11:12:35 - [TEST_STEP][PASSED] - delay(3): Delayed 3 second(s)

2022-03-07 11:12:38 - [MESSAGE][PASSED] - Delayed 3 second(s)

2022-03-07 11:12:38 - [TEST_STEP][PASSED] - if (action2 == "idr"): Delayed 3 second(s)

2022-03-07 11:12:38 - [TEST_STEP][PASSED] - tap(idr, 10): Tapped on element 'Object Repository/Mobile/Page/Portfolio/Button - IDR'

2022-03-07 11:12:38 - [MESSAGE][PASSED] - Tapped on element 'Object Repository/Mobile/Page/Portfolio/Button - IDR'

2022-03-07 11:12:38 - [TEST_STEP][PASSED] - delay(3): Delayed 3 second(s)

2022-03-07 11:12:41 - [MESSAGE][PASSED] - Delayed 3 second(s)

2022-03-07 11:12:41 - [MESSAGE][PASSED] - Call Test Case 'Test Cases/Mobile/Page/Portfolio/Portfolio' successfully

2022-03-07 11:12:41 - [TEST_STEP][PASSED] - callTestCase(findTestCase("Mobile/Page/Run App/Terminate App"), [:], STOP_ON_FAILURE): Call Test Case 'Test Cases/Mobile/Page/Run App/Terminate App' successfully

2022-03-07 11:12:41 - [TEST_CASE][PASSED] - Test Cases/Mobile/Page/Run App/Terminate App: Test Cases/Mobile/Page/Run App/Terminate App

2022-03-07 11:12:41 - [TEST_STEP][PASSED] - startApp.OpenApp.terminateApplication(): startApp.OpenApp.terminateApplication is PASSED

2022-03-07 11:12:45 - [MESSAGE][PASSED] - Delayed 3 second(s)

2022-03-07 11:12:45 - [MESSAGE][PASSED] - Current device physical width is 720

2022-03-07 11:12:45 - [MESSAGE][PASSED] - Current device physical height is 1423

2022-03-07 11:12:46 - [MESSAGE][PASSED] - Swiped from 360,853 to 360,142

2022-03-07 11:12:47 - [MESSAGE][PASSED] - Delayed 1 second(s)

2022-03-07 11:12:49 - [MESSAGE][PASSED] - Swiped from 360,853 to 360,142

2022-03-07 11:12:52 - [MESSAGE][PASSED] - Delayed 3 second(s)

2022-03-07 11:12:52 - [MESSAGE][PASSED] - startApp.OpenApp.terminateApplication is PASSED

2022-03-07 11:12:52 - [MESSAGE][PASSED] - Call Test Case 'Test Cases/Mobile/Page/Run App/Terminate App' successfully]]></system-out>
         <system-err><![CDATA[]]></system-err>
      </testcase>
      <testcase name="Test Cases/Mobile/Scenario/Portfolio/003 - Portfolio Performance Month to Date IDR" time="62.662" classname="Test Cases/Mobile/Scenario/Portfolio/003 - Portfolio Performance Month to Date IDR" status="PASSED">
         <system-out><![CDATA[2022-03-07 11:12:52 - [TEST_CASE][PASSED] - Test Cases/Mobile/Scenario/Portfolio/003 - Portfolio Performance Month to Date IDR: Test Cases/Mobile/Scenario/Portfolio/003 - Portfolio Performance Month to Date IDR

2022-03-07 11:12:52 - [TEST_STEP][PASSED] - callTestCase(findTestCase("Mobile/Page/Run App/Run App byID"), [:], STOP_ON_FAILURE): Call Test Case 'Test Cases/Mobile/Page/Run App/Run App byID' successfully

2022-03-07 11:12:52 - [TEST_CASE][PASSED] - Test Cases/Mobile/Page/Run App/Run App byID: Test Cases/Mobile/Page/Run App/Run App byID

2022-03-07 11:12:52 - [TEST_STEP][PASSED] - startApp.OpenApp.startApplication("id.co.miraeasset.sageclub"): startApp.OpenApp.startApplication is PASSED

2022-03-07 11:13:04 - [MESSAGE][PASSED] - Starting app with application ID: 'id.co.miraeasset.sageclub'

2022-03-07 11:13:04 - [MESSAGE][PASSED] - startApp.OpenApp.startApplication is PASSED

2022-03-07 11:13:04 - [MESSAGE][PASSED] - Call Test Case 'Test Cases/Mobile/Page/Run App/Run App byID' successfully

2022-03-07 11:13:04 - [TEST_STEP][PASSED] - callTestCase(findTestCase("Mobile/Page/Portfolio/Portfolio"), ["tab":"summary", "action":"perf_month", "action2":"idr"], CONTINUE_ON_FAILURE): Call Test Case 'Test Cases/Mobile/Page/Portfolio/Portfolio' successfully

2022-03-07 11:13:04 - [TEST_CASE][PASSED] - Test Cases/Mobile/Page/Portfolio/Portfolio: Test Cases/Mobile/Page/Portfolio/Portfolio

2022-03-07 11:13:04 - [TEST_STEP][PASSED] - callTestCase(findTestCase("Mobile/Page/CheckLogin"), [:], CONTINUE_ON_FAILURE): Call Test Case 'Test Cases/Mobile/Page/CheckLogin' successfully

2022-03-07 11:13:04 - [TEST_CASE][PASSED] - Test Cases/Mobile/Page/CheckLogin: Test Cases/Mobile/Page/CheckLogin

2022-03-07 11:13:04 - [TEST_STEP][PASSED] - loginCheck = verifyElementExist(LOGN_BtnLogin, 5, CONTINUE_ON_FAILURE): Element 'Object Repository/Mobile/Page/Login/Button - Login' is exist

2022-03-07 11:13:06 - [MESSAGE][PASSED] - Element 'Object Repository/Mobile/Page/Login/Button - Login' is exist

2022-03-07 11:13:06 - [TEST_STEP][PASSED] - if (loginCheck): Call Test Case 'Test Cases/Mobile/Page/Login/Login' successfully

2022-03-07 11:13:06 - [TEST_STEP][PASSED] - callTestCase(findTestCase("Mobile/Page/Login/Login"), ["action":"username"], CONTINUE_ON_FAILURE): Call Test Case 'Test Cases/Mobile/Page/Login/Login' successfully

2022-03-07 11:13:06 - [TEST_CASE][PASSED] - Test Cases/Mobile/Page/Login/Login: Test Cases/Mobile/Page/Login/Login

2022-03-07 11:13:06 - [TEST_STEP][PASSED] - delay(2): Delayed 2 second(s)

2022-03-07 11:13:08 - [MESSAGE][PASSED] - Delayed 2 second(s)

2022-03-07 11:13:08 - [TEST_STEP][PASSED] - for ([i = 0, i < 1, (i++)]): null

2022-03-07 11:13:08 - [TEST_STEP][PASSED] - if (action == "username"): null

2022-03-07 11:13:08 - [TEST_STEP][PASSED] - tap(LOGN_EdtUserID, 0): Tapped on element 'Object Repository/Mobile/Page/Login/Input - UserID'

2022-03-07 11:13:08 - [MESSAGE][WARNING] - Timeout '0' is invalid. Using default page load timeout: '60'

2022-03-07 11:13:09 - [MESSAGE][PASSED] - Tapped on element 'Object Repository/Mobile/Page/Login/Input - UserID'

2022-03-07 11:13:09 - [TEST_STEP][PASSED] - delay(1): Delayed 1 second(s)

2022-03-07 11:13:10 - [MESSAGE][PASSED] - Delayed 1 second(s)

2022-03-07 11:13:10 - [TEST_STEP][PASSED] - setText(LOGN_EdtRdyUserID, "anggaaditya", 0): Text 'anggaaditya' has been set to element 'Object Repository/Mobile/Page/Login/Input Rdy - UserID'

2022-03-07 11:13:10 - [MESSAGE][WARNING] - Timeout '0' is invalid. Using default page load timeout: '60'

2022-03-07 11:13:10 - [MESSAGE][PASSED] - Text 'anggaaditya' has been set to element 'Object Repository/Mobile/Page/Login/Input Rdy - UserID'

2022-03-07 11:13:10 - [TEST_STEP][PASSED] - delay(1): Delayed 1 second(s)

2022-03-07 11:13:11 - [MESSAGE][PASSED] - Delayed 1 second(s)

2022-03-07 11:13:11 - [TEST_STEP][PASSED] - hideKeyboard(): Keyboard is hidden

2022-03-07 11:13:15 - [MESSAGE][PASSED] - Keyboard is hidden

2022-03-07 11:13:15 - [TEST_STEP][PASSED] - tap(LOGN_EdtPassword, 0): Tapped on element 'Object Repository/Mobile/Page/Login/Input - Password'

2022-03-07 11:13:15 - [MESSAGE][WARNING] - Timeout '0' is invalid. Using default page load timeout: '60'

2022-03-07 11:13:16 - [MESSAGE][PASSED] - Tapped on element 'Object Repository/Mobile/Page/Login/Input - Password'

2022-03-07 11:13:16 - [TEST_STEP][PASSED] - delay(1): Delayed 1 second(s)

2022-03-07 11:13:17 - [MESSAGE][PASSED] - Delayed 1 second(s)

2022-03-07 11:13:17 - [TEST_STEP][PASSED] - setText(LOGN_EdtRdyPassword, "Shalawa18", 0): Text 'Shalawa18' has been set to element 'Object Repository/Mobile/Page/Login/Input Rdy - Password'

2022-03-07 11:13:17 - [MESSAGE][WARNING] - Timeout '0' is invalid. Using default page load timeout: '60'

2022-03-07 11:13:17 - [MESSAGE][PASSED] - Text 'Shalawa18' has been set to element 'Object Repository/Mobile/Page/Login/Input Rdy - Password'

2022-03-07 11:13:17 - [TEST_STEP][PASSED] - delay(1): Delayed 1 second(s)

2022-03-07 11:13:18 - [MESSAGE][PASSED] - Delayed 1 second(s)

2022-03-07 11:13:18 - [TEST_STEP][PASSED] - hideKeyboard(): Keyboard is hidden

2022-03-07 11:13:24 - [MESSAGE][PASSED] - Keyboard is hidden

2022-03-07 11:13:24 - [TEST_STEP][PASSED] - tap(LOGN_BtnLogin, 0): Tapped on element 'Object Repository/Mobile/Page/Login/Button - Login'

2022-03-07 11:13:24 - [MESSAGE][WARNING] - Timeout '0' is invalid. Using default page load timeout: '60'

2022-03-07 11:13:25 - [MESSAGE][PASSED] - Tapped on element 'Object Repository/Mobile/Page/Login/Button - Login'

2022-03-07 11:13:25 - [TEST_STEP][PASSED] - delay(2): Delayed 2 second(s)

2022-03-07 11:13:27 - [MESSAGE][PASSED] - Delayed 2 second(s)

2022-03-07 11:13:27 - [TEST_STEP][PASSED] - break: null

2022-03-07 11:13:27 - [MESSAGE][PASSED] - Call Test Case 'Test Cases/Mobile/Page/Login/Login' successfully

2022-03-07 11:13:27 - [MESSAGE][PASSED] - Call Test Case 'Test Cases/Mobile/Page/CheckLogin' successfully

2022-03-07 11:13:27 - [TEST_STEP][PASSED] - tap(HOME_MenubarPortfolio, 0): Tapped on element 'Object Repository/Mobile/Page/Home/Menubar - Portfolio'

2022-03-07 11:13:27 - [MESSAGE][WARNING] - Timeout '0' is invalid. Using default page load timeout: '60'

2022-03-07 11:13:29 - [MESSAGE][PASSED] - Tapped on element 'Object Repository/Mobile/Page/Home/Menubar - Portfolio'

2022-03-07 11:13:29 - [TEST_STEP][PASSED] - delay(1): Delayed 1 second(s)

2022-03-07 11:13:30 - [MESSAGE][PASSED] - Delayed 1 second(s)

2022-03-07 11:13:30 - [TEST_STEP][PASSED] - for ([i = 0, i < 1, (i++)]): Delayed 3 second(s)

2022-03-07 11:13:30 - [TEST_STEP][PASSED] - if (tab == "summary"): Delayed 3 second(s)

2022-03-07 11:13:30 - [TEST_STEP][PASSED] - idr = PORT_BtnIDR: null

2022-03-07 11:13:30 - [TEST_STEP][PASSED] - persen = PORT_BtnPersen: null

2022-03-07 11:13:30 - [TEST_STEP][PASSED] - if (action == "summary"): null

2022-03-07 11:13:30 - [TEST_STEP][PASSED] - else if (action == "perf_daily"): null

2022-03-07 11:13:30 - [TEST_STEP][PASSED] - else if (action == "perf_month"): Tapped on element 'Object Repository/Mobile/Page/Portfolio/Tab - Summary Month to Date'

2022-03-07 11:13:30 - [TEST_STEP][PASSED] - scroll.scroll.scrollScreenBottomToTop(): scroll.scroll.scrollScreenBottomToTop is PASSED

2022-03-07 11:13:30 - [MESSAGE][PASSED] - Current device physical height is 1423

2022-03-07 11:13:30 - [MESSAGE][PASSED] - Current device physical width is 720

2022-03-07 11:13:32 - [MESSAGE][PASSED] - Swiped from 360,1,138 to 360,284

2022-03-07 11:13:32 - [MESSAGE][PASSED] - scroll.scroll.scrollScreenBottomToTop is PASSED

2022-03-07 11:13:32 - [TEST_STEP][PASSED] - delay(1): Delayed 1 second(s)

2022-03-07 11:13:33 - [MESSAGE][PASSED] - Delayed 1 second(s)

2022-03-07 11:13:33 - [TEST_STEP][PASSED] - tap(PORT_TabSummaryMonth, 0): Tapped on element 'Object Repository/Mobile/Page/Portfolio/Tab - Summary Month to Date'

2022-03-07 11:13:33 - [MESSAGE][WARNING] - Timeout '0' is invalid. Using default page load timeout: '60'

2022-03-07 11:13:33 - [MESSAGE][PASSED] - Tapped on element 'Object Repository/Mobile/Page/Portfolio/Tab - Summary Month to Date'

2022-03-07 11:13:33 - [TEST_STEP][PASSED] - if (action != "summary"): Delayed 3 second(s)

2022-03-07 11:13:33 - [TEST_STEP][PASSED] - delay(1): Delayed 1 second(s)

2022-03-07 11:13:34 - [MESSAGE][PASSED] - Delayed 1 second(s)

2022-03-07 11:13:34 - [TEST_STEP][PASSED] - scroll.scroll.scrollScreenBottomToTop(): scroll.scroll.scrollScreenBottomToTop is PASSED

2022-03-07 11:13:34 - [MESSAGE][PASSED] - Current device physical height is 1423

2022-03-07 11:13:35 - [MESSAGE][PASSED] - Current device physical width is 720

2022-03-07 11:13:36 - [MESSAGE][PASSED] - Swiped from 360,1,138 to 360,284

2022-03-07 11:13:36 - [MESSAGE][PASSED] - scroll.scroll.scrollScreenBottomToTop is PASSED

2022-03-07 11:13:36 - [TEST_STEP][PASSED] - scroll.scroll.scrollScreenBottomToTop(): scroll.scroll.scrollScreenBottomToTop is PASSED

2022-03-07 11:13:36 - [MESSAGE][PASSED] - Current device physical height is 1423

2022-03-07 11:13:36 - [MESSAGE][PASSED] - Current device physical width is 720

2022-03-07 11:13:37 - [MESSAGE][PASSED] - Swiped from 360,1,138 to 360,284

2022-03-07 11:13:37 - [MESSAGE][PASSED] - scroll.scroll.scrollScreenBottomToTop is PASSED

2022-03-07 11:13:37 - [TEST_STEP][PASSED] - delay(3): Delayed 3 second(s)

2022-03-07 11:13:40 - [MESSAGE][PASSED] - Delayed 3 second(s)

2022-03-07 11:13:40 - [TEST_STEP][PASSED] - if (action2 == "idr"): Delayed 3 second(s)

2022-03-07 11:13:40 - [TEST_STEP][PASSED] - tap(idr, 10): Tapped on element 'Object Repository/Mobile/Page/Portfolio/Button - IDR'

2022-03-07 11:13:41 - [MESSAGE][PASSED] - Tapped on element 'Object Repository/Mobile/Page/Portfolio/Button - IDR'

2022-03-07 11:13:41 - [TEST_STEP][PASSED] - delay(3): Delayed 3 second(s)

2022-03-07 11:13:44 - [MESSAGE][PASSED] - Delayed 3 second(s)

2022-03-07 11:13:44 - [MESSAGE][PASSED] - Call Test Case 'Test Cases/Mobile/Page/Portfolio/Portfolio' successfully

2022-03-07 11:13:44 - [TEST_STEP][PASSED] - callTestCase(findTestCase("Mobile/Page/Run App/Terminate App"), [:], STOP_ON_FAILURE): Call Test Case 'Test Cases/Mobile/Page/Run App/Terminate App' successfully

2022-03-07 11:13:44 - [TEST_CASE][PASSED] - Test Cases/Mobile/Page/Run App/Terminate App: Test Cases/Mobile/Page/Run App/Terminate App

2022-03-07 11:13:44 - [TEST_STEP][PASSED] - startApp.OpenApp.terminateApplication(): startApp.OpenApp.terminateApplication is PASSED

2022-03-07 11:13:47 - [MESSAGE][PASSED] - Delayed 3 second(s)

2022-03-07 11:13:47 - [MESSAGE][PASSED] - Current device physical width is 720

2022-03-07 11:13:48 - [MESSAGE][PASSED] - Current device physical height is 1423

2022-03-07 11:13:49 - [MESSAGE][PASSED] - Swiped from 360,853 to 360,142

2022-03-07 11:13:50 - [MESSAGE][PASSED] - Delayed 1 second(s)

2022-03-07 11:13:51 - [MESSAGE][PASSED] - Swiped from 360,853 to 360,142

2022-03-07 11:13:54 - [MESSAGE][PASSED] - Delayed 3 second(s)

2022-03-07 11:13:54 - [MESSAGE][PASSED] - startApp.OpenApp.terminateApplication is PASSED

2022-03-07 11:13:54 - [MESSAGE][PASSED] - Call Test Case 'Test Cases/Mobile/Page/Run App/Terminate App' successfully]]></system-out>
         <system-err><![CDATA[]]></system-err>
      </testcase>
      <testcase name="Test Cases/Mobile/Scenario/Portfolio/004 - Portfolio Performance Quarter to Date IDR" time="66.244" classname="Test Cases/Mobile/Scenario/Portfolio/004 - Portfolio Performance Quarter to Date IDR" status="PASSED">
         <system-out><![CDATA[2022-03-07 11:13:54 - [TEST_CASE][PASSED] - Test Cases/Mobile/Scenario/Portfolio/004 - Portfolio Performance Quarter to Date IDR: Test Cases/Mobile/Scenario/Portfolio/004 - Portfolio Performance Quarter to Date IDR

2022-03-07 11:13:55 - [TEST_STEP][PASSED] - callTestCase(findTestCase("Mobile/Page/Run App/Run App byID"), [:], STOP_ON_FAILURE): Call Test Case 'Test Cases/Mobile/Page/Run App/Run App byID' successfully

2022-03-07 11:13:55 - [TEST_CASE][PASSED] - Test Cases/Mobile/Page/Run App/Run App byID: Test Cases/Mobile/Page/Run App/Run App byID

2022-03-07 11:13:55 - [TEST_STEP][PASSED] - startApp.OpenApp.startApplication("id.co.miraeasset.sageclub"): startApp.OpenApp.startApplication is PASSED

2022-03-07 11:14:07 - [MESSAGE][PASSED] - Starting app with application ID: 'id.co.miraeasset.sageclub'

2022-03-07 11:14:07 - [MESSAGE][PASSED] - startApp.OpenApp.startApplication is PASSED

2022-03-07 11:14:07 - [MESSAGE][PASSED] - Call Test Case 'Test Cases/Mobile/Page/Run App/Run App byID' successfully

2022-03-07 11:14:07 - [TEST_STEP][PASSED] - callTestCase(findTestCase("Mobile/Page/Portfolio/Portfolio"), ["tab":"summary", "action":"perf_quarter", "action2":"idr"], CONTINUE_ON_FAILURE): Call Test Case 'Test Cases/Mobile/Page/Portfolio/Portfolio' successfully

2022-03-07 11:14:07 - [TEST_CASE][PASSED] - Test Cases/Mobile/Page/Portfolio/Portfolio: Test Cases/Mobile/Page/Portfolio/Portfolio

2022-03-07 11:14:07 - [TEST_STEP][PASSED] - callTestCase(findTestCase("Mobile/Page/CheckLogin"), [:], CONTINUE_ON_FAILURE): Call Test Case 'Test Cases/Mobile/Page/CheckLogin' successfully

2022-03-07 11:14:07 - [TEST_CASE][PASSED] - Test Cases/Mobile/Page/CheckLogin: Test Cases/Mobile/Page/CheckLogin

2022-03-07 11:14:07 - [TEST_STEP][PASSED] - loginCheck = verifyElementExist(LOGN_BtnLogin, 5, CONTINUE_ON_FAILURE): Element 'Object Repository/Mobile/Page/Login/Button - Login' is exist

2022-03-07 11:14:09 - [MESSAGE][PASSED] - Element 'Object Repository/Mobile/Page/Login/Button - Login' is exist

2022-03-07 11:14:09 - [TEST_STEP][PASSED] - if (loginCheck): Call Test Case 'Test Cases/Mobile/Page/Login/Login' successfully

2022-03-07 11:14:09 - [TEST_STEP][PASSED] - callTestCase(findTestCase("Mobile/Page/Login/Login"), ["action":"username"], CONTINUE_ON_FAILURE): Call Test Case 'Test Cases/Mobile/Page/Login/Login' successfully

2022-03-07 11:14:09 - [TEST_CASE][PASSED] - Test Cases/Mobile/Page/Login/Login: Test Cases/Mobile/Page/Login/Login

2022-03-07 11:14:09 - [TEST_STEP][PASSED] - delay(2): Delayed 2 second(s)

2022-03-07 11:14:11 - [MESSAGE][PASSED] - Delayed 2 second(s)

2022-03-07 11:14:11 - [TEST_STEP][PASSED] - for ([i = 0, i < 1, (i++)]): null

2022-03-07 11:14:11 - [TEST_STEP][PASSED] - if (action == "username"): null

2022-03-07 11:14:11 - [TEST_STEP][PASSED] - tap(LOGN_EdtUserID, 0): Tapped on element 'Object Repository/Mobile/Page/Login/Input - UserID'

2022-03-07 11:14:11 - [MESSAGE][WARNING] - Timeout '0' is invalid. Using default page load timeout: '60'

2022-03-07 11:14:13 - [MESSAGE][PASSED] - Tapped on element 'Object Repository/Mobile/Page/Login/Input - UserID'

2022-03-07 11:14:13 - [TEST_STEP][PASSED] - delay(1): Delayed 1 second(s)

2022-03-07 11:14:14 - [MESSAGE][PASSED] - Delayed 1 second(s)

2022-03-07 11:14:14 - [TEST_STEP][PASSED] - setText(LOGN_EdtRdyUserID, "anggaaditya", 0): Text 'anggaaditya' has been set to element 'Object Repository/Mobile/Page/Login/Input Rdy - UserID'

2022-03-07 11:14:14 - [MESSAGE][WARNING] - Timeout '0' is invalid. Using default page load timeout: '60'

2022-03-07 11:14:14 - [MESSAGE][PASSED] - Text 'anggaaditya' has been set to element 'Object Repository/Mobile/Page/Login/Input Rdy - UserID'

2022-03-07 11:14:14 - [TEST_STEP][PASSED] - delay(1): Delayed 1 second(s)

2022-03-07 11:14:15 - [MESSAGE][PASSED] - Delayed 1 second(s)

2022-03-07 11:14:15 - [TEST_STEP][PASSED] - hideKeyboard(): Keyboard is hidden

2022-03-07 11:14:19 - [MESSAGE][PASSED] - Keyboard is hidden

2022-03-07 11:14:19 - [TEST_STEP][PASSED] - tap(LOGN_EdtPassword, 0): Tapped on element 'Object Repository/Mobile/Page/Login/Input - Password'

2022-03-07 11:14:19 - [MESSAGE][WARNING] - Timeout '0' is invalid. Using default page load timeout: '60'

2022-03-07 11:14:19 - [MESSAGE][PASSED] - Tapped on element 'Object Repository/Mobile/Page/Login/Input - Password'

2022-03-07 11:14:19 - [TEST_STEP][PASSED] - delay(1): Delayed 1 second(s)

2022-03-07 11:14:20 - [MESSAGE][PASSED] - Delayed 1 second(s)

2022-03-07 11:14:20 - [TEST_STEP][PASSED] - setText(LOGN_EdtRdyPassword, "Shalawa18", 0): Text 'Shalawa18' has been set to element 'Object Repository/Mobile/Page/Login/Input Rdy - Password'

2022-03-07 11:14:20 - [MESSAGE][WARNING] - Timeout '0' is invalid. Using default page load timeout: '60'

2022-03-07 11:14:21 - [MESSAGE][PASSED] - Text 'Shalawa18' has been set to element 'Object Repository/Mobile/Page/Login/Input Rdy - Password'

2022-03-07 11:14:21 - [TEST_STEP][PASSED] - delay(1): Delayed 1 second(s)

2022-03-07 11:14:22 - [MESSAGE][PASSED] - Delayed 1 second(s)

2022-03-07 11:14:22 - [TEST_STEP][PASSED] - hideKeyboard(): Keyboard is hidden

2022-03-07 11:14:28 - [MESSAGE][PASSED] - Keyboard is hidden

2022-03-07 11:14:28 - [TEST_STEP][PASSED] - tap(LOGN_BtnLogin, 0): Tapped on element 'Object Repository/Mobile/Page/Login/Button - Login'

2022-03-07 11:14:28 - [MESSAGE][WARNING] - Timeout '0' is invalid. Using default page load timeout: '60'

2022-03-07 11:14:29 - [MESSAGE][PASSED] - Tapped on element 'Object Repository/Mobile/Page/Login/Button - Login'

2022-03-07 11:14:29 - [TEST_STEP][PASSED] - delay(2): Delayed 2 second(s)

2022-03-07 11:14:31 - [MESSAGE][PASSED] - Delayed 2 second(s)

2022-03-07 11:14:31 - [TEST_STEP][PASSED] - break: null

2022-03-07 11:14:31 - [MESSAGE][PASSED] - Call Test Case 'Test Cases/Mobile/Page/Login/Login' successfully

2022-03-07 11:14:31 - [MESSAGE][PASSED] - Call Test Case 'Test Cases/Mobile/Page/CheckLogin' successfully

2022-03-07 11:14:31 - [TEST_STEP][PASSED] - tap(HOME_MenubarPortfolio, 0): Tapped on element 'Object Repository/Mobile/Page/Home/Menubar - Portfolio'

2022-03-07 11:14:31 - [MESSAGE][WARNING] - Timeout '0' is invalid. Using default page load timeout: '60'

2022-03-07 11:14:35 - [MESSAGE][PASSED] - Tapped on element 'Object Repository/Mobile/Page/Home/Menubar - Portfolio'

2022-03-07 11:14:35 - [TEST_STEP][PASSED] - delay(1): Delayed 1 second(s)

2022-03-07 11:14:36 - [MESSAGE][PASSED] - Delayed 1 second(s)

2022-03-07 11:14:36 - [TEST_STEP][PASSED] - for ([i = 0, i < 1, (i++)]): Delayed 3 second(s)

2022-03-07 11:14:36 - [TEST_STEP][PASSED] - if (tab == "summary"): Delayed 3 second(s)

2022-03-07 11:14:36 - [TEST_STEP][PASSED] - idr = PORT_BtnIDR: null

2022-03-07 11:14:36 - [TEST_STEP][PASSED] - persen = PORT_BtnPersen: null

2022-03-07 11:14:36 - [TEST_STEP][PASSED] - if (action == "summary"): null

2022-03-07 11:14:36 - [TEST_STEP][PASSED] - else if (action == "perf_daily"): null

2022-03-07 11:14:36 - [TEST_STEP][PASSED] - else if (action == "perf_month"): null

2022-03-07 11:14:36 - [TEST_STEP][PASSED] - else if (action == "perf_quarter"): Tapped on element 'Object Repository/Mobile/Page/Portfolio/Tab - Summary Quarter to Date'

2022-03-07 11:14:36 - [TEST_STEP][PASSED] - scroll.scroll.scrollScreenBottomToTop(): scroll.scroll.scrollScreenBottomToTop is PASSED

2022-03-07 11:14:36 - [MESSAGE][PASSED] - Current device physical height is 1423

2022-03-07 11:14:37 - [MESSAGE][PASSED] - Current device physical width is 720

2022-03-07 11:14:38 - [MESSAGE][PASSED] - Swiped from 360,1,138 to 360,284

2022-03-07 11:14:38 - [MESSAGE][PASSED] - scroll.scroll.scrollScreenBottomToTop is PASSED

2022-03-07 11:14:38 - [TEST_STEP][PASSED] - delay(1): Delayed 1 second(s)

2022-03-07 11:14:39 - [MESSAGE][PASSED] - Delayed 1 second(s)

2022-03-07 11:14:39 - [TEST_STEP][PASSED] - tap(PORT_TabSummaryQuarter, 0): Tapped on element 'Object Repository/Mobile/Page/Portfolio/Tab - Summary Quarter to Date'

2022-03-07 11:14:39 - [MESSAGE][WARNING] - Timeout '0' is invalid. Using default page load timeout: '60'

2022-03-07 11:14:40 - [MESSAGE][PASSED] - Tapped on element 'Object Repository/Mobile/Page/Portfolio/Tab - Summary Quarter to Date'

2022-03-07 11:14:40 - [TEST_STEP][PASSED] - if (action != "summary"): Delayed 3 second(s)

2022-03-07 11:14:40 - [TEST_STEP][PASSED] - delay(1): Delayed 1 second(s)

2022-03-07 11:14:41 - [MESSAGE][PASSED] - Delayed 1 second(s)

2022-03-07 11:14:41 - [TEST_STEP][PASSED] - scroll.scroll.scrollScreenBottomToTop(): scroll.scroll.scrollScreenBottomToTop is PASSED

2022-03-07 11:14:41 - [MESSAGE][PASSED] - Current device physical height is 1423

2022-03-07 11:14:41 - [MESSAGE][PASSED] - Current device physical width is 720

2022-03-07 11:14:42 - [MESSAGE][PASSED] - Swiped from 360,1,138 to 360,284

2022-03-07 11:14:42 - [MESSAGE][PASSED] - scroll.scroll.scrollScreenBottomToTop is PASSED

2022-03-07 11:14:42 - [TEST_STEP][PASSED] - scroll.scroll.scrollScreenBottomToTop(): scroll.scroll.scrollScreenBottomToTop is PASSED

2022-03-07 11:14:42 - [MESSAGE][PASSED] - Current device physical height is 1423

2022-03-07 11:14:43 - [MESSAGE][PASSED] - Current device physical width is 720

2022-03-07 11:14:44 - [MESSAGE][PASSED] - Swiped from 360,1,138 to 360,284

2022-03-07 11:14:44 - [MESSAGE][PASSED] - scroll.scroll.scrollScreenBottomToTop is PASSED

2022-03-07 11:14:44 - [TEST_STEP][PASSED] - delay(3): Delayed 3 second(s)

2022-03-07 11:14:47 - [MESSAGE][PASSED] - Delayed 3 second(s)

2022-03-07 11:14:47 - [TEST_STEP][PASSED] - if (action2 == "idr"): Delayed 3 second(s)

2022-03-07 11:14:47 - [TEST_STEP][PASSED] - tap(idr, 10): Tapped on element 'Object Repository/Mobile/Page/Portfolio/Button - IDR'

2022-03-07 11:14:47 - [MESSAGE][PASSED] - Tapped on element 'Object Repository/Mobile/Page/Portfolio/Button - IDR'

2022-03-07 11:14:47 - [TEST_STEP][PASSED] - delay(3): Delayed 3 second(s)

2022-03-07 11:14:50 - [MESSAGE][PASSED] - Delayed 3 second(s)

2022-03-07 11:14:50 - [MESSAGE][PASSED] - Call Test Case 'Test Cases/Mobile/Page/Portfolio/Portfolio' successfully

2022-03-07 11:14:50 - [TEST_STEP][PASSED] - callTestCase(findTestCase("Mobile/Page/Run App/Terminate App"), [:], STOP_ON_FAILURE): Call Test Case 'Test Cases/Mobile/Page/Run App/Terminate App' successfully

2022-03-07 11:14:50 - [TEST_CASE][PASSED] - Test Cases/Mobile/Page/Run App/Terminate App: Test Cases/Mobile/Page/Run App/Terminate App

2022-03-07 11:14:50 - [TEST_STEP][PASSED] - startApp.OpenApp.terminateApplication(): startApp.OpenApp.terminateApplication is PASSED

2022-03-07 11:14:53 - [MESSAGE][PASSED] - Delayed 3 second(s)

2022-03-07 11:14:54 - [MESSAGE][PASSED] - Current device physical width is 720

2022-03-07 11:14:54 - [MESSAGE][PASSED] - Current device physical height is 1423

2022-03-07 11:14:55 - [MESSAGE][PASSED] - Swiped from 360,853 to 360,142

2022-03-07 11:14:56 - [MESSAGE][PASSED] - Delayed 1 second(s)

2022-03-07 11:14:58 - [MESSAGE][PASSED] - Swiped from 360,853 to 360,142

2022-03-07 11:15:01 - [MESSAGE][PASSED] - Delayed 3 second(s)

2022-03-07 11:15:01 - [MESSAGE][PASSED] - startApp.OpenApp.terminateApplication is PASSED

2022-03-07 11:15:01 - [MESSAGE][PASSED] - Call Test Case 'Test Cases/Mobile/Page/Run App/Terminate App' successfully]]></system-out>
         <system-err><![CDATA[]]></system-err>
      </testcase>
      <testcase name="Test Cases/Mobile/Scenario/Portfolio/005 - Portfolio Performance Year to Date IDR" time="62.585" classname="Test Cases/Mobile/Scenario/Portfolio/005 - Portfolio Performance Year to Date IDR" status="PASSED">
         <system-out><![CDATA[2022-03-07 11:15:01 - [TEST_CASE][PASSED] - Test Cases/Mobile/Scenario/Portfolio/005 - Portfolio Performance Year to Date IDR: Test Cases/Mobile/Scenario/Portfolio/005 - Portfolio Performance Year to Date IDR

2022-03-07 11:15:01 - [TEST_STEP][PASSED] - callTestCase(findTestCase("Mobile/Page/Run App/Run App byID"), [:], STOP_ON_FAILURE): Call Test Case 'Test Cases/Mobile/Page/Run App/Run App byID' successfully

2022-03-07 11:15:01 - [TEST_CASE][PASSED] - Test Cases/Mobile/Page/Run App/Run App byID: Test Cases/Mobile/Page/Run App/Run App byID

2022-03-07 11:15:01 - [TEST_STEP][PASSED] - startApp.OpenApp.startApplication("id.co.miraeasset.sageclub"): startApp.OpenApp.startApplication is PASSED

2022-03-07 11:15:13 - [MESSAGE][PASSED] - Starting app with application ID: 'id.co.miraeasset.sageclub'

2022-03-07 11:15:13 - [MESSAGE][PASSED] - startApp.OpenApp.startApplication is PASSED

2022-03-07 11:15:13 - [MESSAGE][PASSED] - Call Test Case 'Test Cases/Mobile/Page/Run App/Run App byID' successfully

2022-03-07 11:15:13 - [TEST_STEP][PASSED] - callTestCase(findTestCase("Mobile/Page/Portfolio/Portfolio"), ["tab":"summary", "action":"perf_year", "action2":"idr"], CONTINUE_ON_FAILURE): Call Test Case 'Test Cases/Mobile/Page/Portfolio/Portfolio' successfully

2022-03-07 11:15:13 - [TEST_CASE][PASSED] - Test Cases/Mobile/Page/Portfolio/Portfolio: Test Cases/Mobile/Page/Portfolio/Portfolio

2022-03-07 11:15:13 - [TEST_STEP][PASSED] - callTestCase(findTestCase("Mobile/Page/CheckLogin"), [:], CONTINUE_ON_FAILURE): Call Test Case 'Test Cases/Mobile/Page/CheckLogin' successfully

2022-03-07 11:15:13 - [TEST_CASE][PASSED] - Test Cases/Mobile/Page/CheckLogin: Test Cases/Mobile/Page/CheckLogin

2022-03-07 11:15:13 - [TEST_STEP][PASSED] - loginCheck = verifyElementExist(LOGN_BtnLogin, 5, CONTINUE_ON_FAILURE): Element 'Object Repository/Mobile/Page/Login/Button - Login' is exist

2022-03-07 11:15:15 - [MESSAGE][PASSED] - Element 'Object Repository/Mobile/Page/Login/Button - Login' is exist

2022-03-07 11:15:15 - [TEST_STEP][PASSED] - if (loginCheck): Call Test Case 'Test Cases/Mobile/Page/Login/Login' successfully

2022-03-07 11:15:15 - [TEST_STEP][PASSED] - callTestCase(findTestCase("Mobile/Page/Login/Login"), ["action":"username"], CONTINUE_ON_FAILURE): Call Test Case 'Test Cases/Mobile/Page/Login/Login' successfully

2022-03-07 11:15:15 - [TEST_CASE][PASSED] - Test Cases/Mobile/Page/Login/Login: Test Cases/Mobile/Page/Login/Login

2022-03-07 11:15:15 - [TEST_STEP][PASSED] - delay(2): Delayed 2 second(s)

2022-03-07 11:15:17 - [MESSAGE][PASSED] - Delayed 2 second(s)

2022-03-07 11:15:17 - [TEST_STEP][PASSED] - for ([i = 0, i < 1, (i++)]): null

2022-03-07 11:15:17 - [TEST_STEP][PASSED] - if (action == "username"): null

2022-03-07 11:15:17 - [TEST_STEP][PASSED] - tap(LOGN_EdtUserID, 0): Tapped on element 'Object Repository/Mobile/Page/Login/Input - UserID'

2022-03-07 11:15:17 - [MESSAGE][WARNING] - Timeout '0' is invalid. Using default page load timeout: '60'

2022-03-07 11:15:18 - [MESSAGE][PASSED] - Tapped on element 'Object Repository/Mobile/Page/Login/Input - UserID'

2022-03-07 11:15:18 - [TEST_STEP][PASSED] - delay(1): Delayed 1 second(s)

2022-03-07 11:15:19 - [MESSAGE][PASSED] - Delayed 1 second(s)

2022-03-07 11:15:19 - [TEST_STEP][PASSED] - setText(LOGN_EdtRdyUserID, "anggaaditya", 0): Text 'anggaaditya' has been set to element 'Object Repository/Mobile/Page/Login/Input Rdy - UserID'

2022-03-07 11:15:19 - [MESSAGE][WARNING] - Timeout '0' is invalid. Using default page load timeout: '60'

2022-03-07 11:15:19 - [MESSAGE][PASSED] - Text 'anggaaditya' has been set to element 'Object Repository/Mobile/Page/Login/Input Rdy - UserID'

2022-03-07 11:15:19 - [TEST_STEP][PASSED] - delay(1): Delayed 1 second(s)

2022-03-07 11:15:20 - [MESSAGE][PASSED] - Delayed 1 second(s)

2022-03-07 11:15:20 - [TEST_STEP][PASSED] - hideKeyboard(): Keyboard is hidden

2022-03-07 11:15:24 - [MESSAGE][PASSED] - Keyboard is hidden

2022-03-07 11:15:24 - [TEST_STEP][PASSED] - tap(LOGN_EdtPassword, 0): Tapped on element 'Object Repository/Mobile/Page/Login/Input - Password'

2022-03-07 11:15:24 - [MESSAGE][WARNING] - Timeout '0' is invalid. Using default page load timeout: '60'

2022-03-07 11:15:24 - [MESSAGE][PASSED] - Tapped on element 'Object Repository/Mobile/Page/Login/Input - Password'

2022-03-07 11:15:24 - [TEST_STEP][PASSED] - delay(1): Delayed 1 second(s)

2022-03-07 11:15:25 - [MESSAGE][PASSED] - Delayed 1 second(s)

2022-03-07 11:15:25 - [TEST_STEP][PASSED] - setText(LOGN_EdtRdyPassword, "Shalawa18", 0): Text 'Shalawa18' has been set to element 'Object Repository/Mobile/Page/Login/Input Rdy - Password'

2022-03-07 11:15:25 - [MESSAGE][WARNING] - Timeout '0' is invalid. Using default page load timeout: '60'

2022-03-07 11:15:26 - [MESSAGE][PASSED] - Text 'Shalawa18' has been set to element 'Object Repository/Mobile/Page/Login/Input Rdy - Password'

2022-03-07 11:15:26 - [TEST_STEP][PASSED] - delay(1): Delayed 1 second(s)

2022-03-07 11:15:27 - [MESSAGE][PASSED] - Delayed 1 second(s)

2022-03-07 11:15:27 - [TEST_STEP][PASSED] - hideKeyboard(): Keyboard is hidden

2022-03-07 11:15:33 - [MESSAGE][PASSED] - Keyboard is hidden

2022-03-07 11:15:33 - [TEST_STEP][PASSED] - tap(LOGN_BtnLogin, 0): Tapped on element 'Object Repository/Mobile/Page/Login/Button - Login'

2022-03-07 11:15:33 - [MESSAGE][WARNING] - Timeout '0' is invalid. Using default page load timeout: '60'

2022-03-07 11:15:34 - [MESSAGE][PASSED] - Tapped on element 'Object Repository/Mobile/Page/Login/Button - Login'

2022-03-07 11:15:34 - [TEST_STEP][PASSED] - delay(2): Delayed 2 second(s)

2022-03-07 11:15:36 - [MESSAGE][PASSED] - Delayed 2 second(s)

2022-03-07 11:15:36 - [TEST_STEP][PASSED] - break: null

2022-03-07 11:15:36 - [MESSAGE][PASSED] - Call Test Case 'Test Cases/Mobile/Page/Login/Login' successfully

2022-03-07 11:15:36 - [MESSAGE][PASSED] - Call Test Case 'Test Cases/Mobile/Page/CheckLogin' successfully

2022-03-07 11:15:36 - [TEST_STEP][PASSED] - tap(HOME_MenubarPortfolio, 0): Tapped on element 'Object Repository/Mobile/Page/Home/Menubar - Portfolio'

2022-03-07 11:15:36 - [MESSAGE][WARNING] - Timeout '0' is invalid. Using default page load timeout: '60'

2022-03-07 11:15:38 - [MESSAGE][PASSED] - Tapped on element 'Object Repository/Mobile/Page/Home/Menubar - Portfolio'

2022-03-07 11:15:38 - [TEST_STEP][PASSED] - delay(1): Delayed 1 second(s)

2022-03-07 11:15:39 - [MESSAGE][PASSED] - Delayed 1 second(s)

2022-03-07 11:15:39 - [TEST_STEP][PASSED] - for ([i = 0, i < 1, (i++)]): Delayed 3 second(s)

2022-03-07 11:15:39 - [TEST_STEP][PASSED] - if (tab == "summary"): Delayed 3 second(s)

2022-03-07 11:15:39 - [TEST_STEP][PASSED] - idr = PORT_BtnIDR: null

2022-03-07 11:15:39 - [TEST_STEP][PASSED] - persen = PORT_BtnPersen: null

2022-03-07 11:15:39 - [TEST_STEP][PASSED] - if (action == "summary"): null

2022-03-07 11:15:39 - [TEST_STEP][PASSED] - else if (action == "perf_daily"): null

2022-03-07 11:15:39 - [TEST_STEP][PASSED] - else if (action == "perf_month"): null

2022-03-07 11:15:39 - [TEST_STEP][PASSED] - else if (action == "perf_quarter"): null

2022-03-07 11:15:39 - [TEST_STEP][PASSED] - else if (action == "perf_year"): Tapped on element 'Object Repository/Mobile/Page/Portfolio/Tab - Summary Year to Date'

2022-03-07 11:15:39 - [TEST_STEP][PASSED] - scroll.scroll.scrollScreenBottomToTop(): scroll.scroll.scrollScreenBottomToTop is PASSED

2022-03-07 11:15:39 - [MESSAGE][PASSED] - Current device physical height is 1423

2022-03-07 11:15:39 - [MESSAGE][PASSED] - Current device physical width is 720

2022-03-07 11:15:41 - [MESSAGE][PASSED] - Swiped from 360,1,138 to 360,284

2022-03-07 11:15:41 - [MESSAGE][PASSED] - scroll.scroll.scrollScreenBottomToTop is PASSED

2022-03-07 11:15:41 - [TEST_STEP][PASSED] - delay(1): Delayed 1 second(s)

2022-03-07 11:15:42 - [MESSAGE][PASSED] - Delayed 1 second(s)

2022-03-07 11:15:42 - [TEST_STEP][PASSED] - tap(PORT_TabSummaryYear, 0): Tapped on element 'Object Repository/Mobile/Page/Portfolio/Tab - Summary Year to Date'

2022-03-07 11:15:42 - [MESSAGE][WARNING] - Timeout '0' is invalid. Using default page load timeout: '60'

2022-03-07 11:15:42 - [MESSAGE][PASSED] - Tapped on element 'Object Repository/Mobile/Page/Portfolio/Tab - Summary Year to Date'

2022-03-07 11:15:42 - [TEST_STEP][PASSED] - if (action != "summary"): Delayed 3 second(s)

2022-03-07 11:15:42 - [TEST_STEP][PASSED] - delay(1): Delayed 1 second(s)

2022-03-07 11:15:43 - [MESSAGE][PASSED] - Delayed 1 second(s)

2022-03-07 11:15:43 - [TEST_STEP][PASSED] - scroll.scroll.scrollScreenBottomToTop(): scroll.scroll.scrollScreenBottomToTop is PASSED

2022-03-07 11:15:43 - [MESSAGE][PASSED] - Current device physical height is 1423

2022-03-07 11:15:44 - [MESSAGE][PASSED] - Current device physical width is 720

2022-03-07 11:15:45 - [MESSAGE][PASSED] - Swiped from 360,1,138 to 360,284

2022-03-07 11:15:45 - [MESSAGE][PASSED] - scroll.scroll.scrollScreenBottomToTop is PASSED

2022-03-07 11:15:45 - [TEST_STEP][PASSED] - scroll.scroll.scrollScreenBottomToTop(): scroll.scroll.scrollScreenBottomToTop is PASSED

2022-03-07 11:15:45 - [MESSAGE][PASSED] - Current device physical height is 1423

2022-03-07 11:15:45 - [MESSAGE][PASSED] - Current device physical width is 720

2022-03-07 11:15:46 - [MESSAGE][PASSED] - Swiped from 360,1,138 to 360,284

2022-03-07 11:15:46 - [MESSAGE][PASSED] - scroll.scroll.scrollScreenBottomToTop is PASSED

2022-03-07 11:15:46 - [TEST_STEP][PASSED] - delay(3): Delayed 3 second(s)

2022-03-07 11:15:49 - [MESSAGE][PASSED] - Delayed 3 second(s)

2022-03-07 11:15:49 - [TEST_STEP][PASSED] - if (action2 == "idr"): Delayed 3 second(s)

2022-03-07 11:15:49 - [TEST_STEP][PASSED] - tap(idr, 10): Tapped on element 'Object Repository/Mobile/Page/Portfolio/Button - IDR'

2022-03-07 11:15:50 - [MESSAGE][PASSED] - Tapped on element 'Object Repository/Mobile/Page/Portfolio/Button - IDR'

2022-03-07 11:15:50 - [TEST_STEP][PASSED] - delay(3): Delayed 3 second(s)

2022-03-07 11:15:53 - [MESSAGE][PASSED] - Delayed 3 second(s)

2022-03-07 11:15:53 - [MESSAGE][PASSED] - Call Test Case 'Test Cases/Mobile/Page/Portfolio/Portfolio' successfully

2022-03-07 11:15:53 - [TEST_STEP][PASSED] - callTestCase(findTestCase("Mobile/Page/Run App/Terminate App"), [:], STOP_ON_FAILURE): Call Test Case 'Test Cases/Mobile/Page/Run App/Terminate App' successfully

2022-03-07 11:15:53 - [TEST_CASE][PASSED] - Test Cases/Mobile/Page/Run App/Terminate App: Test Cases/Mobile/Page/Run App/Terminate App

2022-03-07 11:15:53 - [TEST_STEP][PASSED] - startApp.OpenApp.terminateApplication(): startApp.OpenApp.terminateApplication is PASSED

2022-03-07 11:15:56 - [MESSAGE][PASSED] - Delayed 3 second(s)

2022-03-07 11:15:56 - [MESSAGE][PASSED] - Current device physical width is 720

2022-03-07 11:15:57 - [MESSAGE][PASSED] - Current device physical height is 1423

2022-03-07 11:15:58 - [MESSAGE][PASSED] - Swiped from 360,853 to 360,142

2022-03-07 11:15:59 - [MESSAGE][PASSED] - Delayed 1 second(s)

2022-03-07 11:16:00 - [MESSAGE][PASSED] - Swiped from 360,853 to 360,142

2022-03-07 11:16:03 - [MESSAGE][PASSED] - Delayed 3 second(s)

2022-03-07 11:16:03 - [MESSAGE][PASSED] - startApp.OpenApp.terminateApplication is PASSED

2022-03-07 11:16:03 - [MESSAGE][PASSED] - Call Test Case 'Test Cases/Mobile/Page/Run App/Terminate App' successfully]]></system-out>
         <system-err><![CDATA[]]></system-err>
      </testcase>
      <testcase name="Test Cases/Mobile/Scenario/Portfolio/006 - Portfolio Performance Daily Persen" time="60.978" classname="Test Cases/Mobile/Scenario/Portfolio/006 - Portfolio Performance Daily Persen" status="PASSED">
         <system-out><![CDATA[2022-03-07 11:16:03 - [TEST_CASE][PASSED] - Test Cases/Mobile/Scenario/Portfolio/006 - Portfolio Performance Daily Persen: Test Cases/Mobile/Scenario/Portfolio/006 - Portfolio Performance Daily Persen

2022-03-07 11:16:03 - [TEST_STEP][PASSED] - callTestCase(findTestCase("Mobile/Page/Run App/Run App byID"), [:], STOP_ON_FAILURE): Call Test Case 'Test Cases/Mobile/Page/Run App/Run App byID' successfully

2022-03-07 11:16:03 - [TEST_CASE][PASSED] - Test Cases/Mobile/Page/Run App/Run App byID: Test Cases/Mobile/Page/Run App/Run App byID

2022-03-07 11:16:03 - [TEST_STEP][PASSED] - startApp.OpenApp.startApplication("id.co.miraeasset.sageclub"): startApp.OpenApp.startApplication is PASSED

2022-03-07 11:16:15 - [MESSAGE][PASSED] - Starting app with application ID: 'id.co.miraeasset.sageclub'

2022-03-07 11:16:15 - [MESSAGE][PASSED] - startApp.OpenApp.startApplication is PASSED

2022-03-07 11:16:15 - [MESSAGE][PASSED] - Call Test Case 'Test Cases/Mobile/Page/Run App/Run App byID' successfully

2022-03-07 11:16:15 - [TEST_STEP][PASSED] - callTestCase(findTestCase("Mobile/Page/Portfolio/Portfolio"), ["tab":"summary", "action":"perf_daily", "action2":"persen"], CONTINUE_ON_FAILURE): Call Test Case 'Test Cases/Mobile/Page/Portfolio/Portfolio' successfully

2022-03-07 11:16:16 - [TEST_CASE][PASSED] - Test Cases/Mobile/Page/Portfolio/Portfolio: Test Cases/Mobile/Page/Portfolio/Portfolio

2022-03-07 11:16:16 - [TEST_STEP][PASSED] - callTestCase(findTestCase("Mobile/Page/CheckLogin"), [:], CONTINUE_ON_FAILURE): Call Test Case 'Test Cases/Mobile/Page/CheckLogin' successfully

2022-03-07 11:16:16 - [TEST_CASE][PASSED] - Test Cases/Mobile/Page/CheckLogin: Test Cases/Mobile/Page/CheckLogin

2022-03-07 11:16:16 - [TEST_STEP][PASSED] - loginCheck = verifyElementExist(LOGN_BtnLogin, 5, CONTINUE_ON_FAILURE): Element 'Object Repository/Mobile/Page/Login/Button - Login' is exist

2022-03-07 11:16:17 - [MESSAGE][PASSED] - Element 'Object Repository/Mobile/Page/Login/Button - Login' is exist

2022-03-07 11:16:17 - [TEST_STEP][PASSED] - if (loginCheck): Call Test Case 'Test Cases/Mobile/Page/Login/Login' successfully

2022-03-07 11:16:17 - [TEST_STEP][PASSED] - callTestCase(findTestCase("Mobile/Page/Login/Login"), ["action":"username"], CONTINUE_ON_FAILURE): Call Test Case 'Test Cases/Mobile/Page/Login/Login' successfully

2022-03-07 11:16:18 - [TEST_CASE][PASSED] - Test Cases/Mobile/Page/Login/Login: Test Cases/Mobile/Page/Login/Login

2022-03-07 11:16:18 - [TEST_STEP][PASSED] - delay(2): Delayed 2 second(s)

2022-03-07 11:16:20 - [MESSAGE][PASSED] - Delayed 2 second(s)

2022-03-07 11:16:20 - [TEST_STEP][PASSED] - for ([i = 0, i < 1, (i++)]): null

2022-03-07 11:16:20 - [TEST_STEP][PASSED] - if (action == "username"): null

2022-03-07 11:16:20 - [TEST_STEP][PASSED] - tap(LOGN_EdtUserID, 0): Tapped on element 'Object Repository/Mobile/Page/Login/Input - UserID'

2022-03-07 11:16:20 - [MESSAGE][WARNING] - Timeout '0' is invalid. Using default page load timeout: '60'

2022-03-07 11:16:20 - [MESSAGE][PASSED] - Tapped on element 'Object Repository/Mobile/Page/Login/Input - UserID'

2022-03-07 11:16:20 - [TEST_STEP][PASSED] - delay(1): Delayed 1 second(s)

2022-03-07 11:16:21 - [MESSAGE][PASSED] - Delayed 1 second(s)

2022-03-07 11:16:21 - [TEST_STEP][PASSED] - setText(LOGN_EdtRdyUserID, "anggaaditya", 0): Text 'anggaaditya' has been set to element 'Object Repository/Mobile/Page/Login/Input Rdy - UserID'

2022-03-07 11:16:21 - [MESSAGE][WARNING] - Timeout '0' is invalid. Using default page load timeout: '60'

2022-03-07 11:16:22 - [MESSAGE][PASSED] - Text 'anggaaditya' has been set to element 'Object Repository/Mobile/Page/Login/Input Rdy - UserID'

2022-03-07 11:16:22 - [TEST_STEP][PASSED] - delay(1): Delayed 1 second(s)

2022-03-07 11:16:23 - [MESSAGE][PASSED] - Delayed 1 second(s)

2022-03-07 11:16:23 - [TEST_STEP][PASSED] - hideKeyboard(): Keyboard is hidden

2022-03-07 11:16:26 - [MESSAGE][PASSED] - Keyboard is hidden

2022-03-07 11:16:26 - [TEST_STEP][PASSED] - tap(LOGN_EdtPassword, 0): Tapped on element 'Object Repository/Mobile/Page/Login/Input - Password'

2022-03-07 11:16:26 - [MESSAGE][WARNING] - Timeout '0' is invalid. Using default page load timeout: '60'

2022-03-07 11:16:27 - [MESSAGE][PASSED] - Tapped on element 'Object Repository/Mobile/Page/Login/Input - Password'

2022-03-07 11:16:27 - [TEST_STEP][PASSED] - delay(1): Delayed 1 second(s)

2022-03-07 11:16:28 - [MESSAGE][PASSED] - Delayed 1 second(s)

2022-03-07 11:16:28 - [TEST_STEP][PASSED] - setText(LOGN_EdtRdyPassword, "Shalawa18", 0): Text 'Shalawa18' has been set to element 'Object Repository/Mobile/Page/Login/Input Rdy - Password'

2022-03-07 11:16:28 - [MESSAGE][WARNING] - Timeout '0' is invalid. Using default page load timeout: '60'

2022-03-07 11:16:28 - [MESSAGE][PASSED] - Text 'Shalawa18' has been set to element 'Object Repository/Mobile/Page/Login/Input Rdy - Password'

2022-03-07 11:16:28 - [TEST_STEP][PASSED] - delay(1): Delayed 1 second(s)

2022-03-07 11:16:29 - [MESSAGE][PASSED] - Delayed 1 second(s)

2022-03-07 11:16:29 - [TEST_STEP][PASSED] - hideKeyboard(): Keyboard is hidden

2022-03-07 11:16:36 - [MESSAGE][PASSED] - Keyboard is hidden

2022-03-07 11:16:36 - [TEST_STEP][PASSED] - tap(LOGN_BtnLogin, 0): Tapped on element 'Object Repository/Mobile/Page/Login/Button - Login'

2022-03-07 11:16:36 - [MESSAGE][WARNING] - Timeout '0' is invalid. Using default page load timeout: '60'

2022-03-07 11:16:37 - [MESSAGE][PASSED] - Tapped on element 'Object Repository/Mobile/Page/Login/Button - Login'

2022-03-07 11:16:37 - [TEST_STEP][PASSED] - delay(2): Delayed 2 second(s)

2022-03-07 11:16:39 - [MESSAGE][PASSED] - Delayed 2 second(s)

2022-03-07 11:16:39 - [TEST_STEP][PASSED] - break: null

2022-03-07 11:16:39 - [MESSAGE][PASSED] - Call Test Case 'Test Cases/Mobile/Page/Login/Login' successfully

2022-03-07 11:16:39 - [MESSAGE][PASSED] - Call Test Case 'Test Cases/Mobile/Page/CheckLogin' successfully

2022-03-07 11:16:39 - [TEST_STEP][PASSED] - tap(HOME_MenubarPortfolio, 0): Tapped on element 'Object Repository/Mobile/Page/Home/Menubar - Portfolio'

2022-03-07 11:16:39 - [MESSAGE][WARNING] - Timeout '0' is invalid. Using default page load timeout: '60'

2022-03-07 11:16:40 - [MESSAGE][PASSED] - Tapped on element 'Object Repository/Mobile/Page/Home/Menubar - Portfolio'

2022-03-07 11:16:40 - [TEST_STEP][PASSED] - delay(1): Delayed 1 second(s)

2022-03-07 11:16:41 - [MESSAGE][PASSED] - Delayed 1 second(s)

2022-03-07 11:16:41 - [TEST_STEP][PASSED] - for ([i = 0, i < 1, (i++)]): Delayed 3 second(s)

2022-03-07 11:16:41 - [TEST_STEP][PASSED] - if (tab == "summary"): Delayed 3 second(s)

2022-03-07 11:16:41 - [TEST_STEP][PASSED] - idr = PORT_BtnIDR: null

2022-03-07 11:16:41 - [TEST_STEP][PASSED] - persen = PORT_BtnPersen: null

2022-03-07 11:16:41 - [TEST_STEP][PASSED] - if (action == "summary"): null

2022-03-07 11:16:41 - [TEST_STEP][PASSED] - else if (action == "perf_daily"): scroll.scroll.scrollScreenBottomToTop is PASSED

2022-03-07 11:16:41 - [TEST_STEP][PASSED] - scroll.scroll.scrollScreenBottomToTop(): scroll.scroll.scrollScreenBottomToTop is PASSED

2022-03-07 11:16:42 - [MESSAGE][PASSED] - Current device physical height is 1423

2022-03-07 11:16:42 - [MESSAGE][PASSED] - Current device physical width is 720

2022-03-07 11:16:43 - [MESSAGE][PASSED] - Swiped from 360,1,138 to 360,284

2022-03-07 11:16:43 - [MESSAGE][PASSED] - scroll.scroll.scrollScreenBottomToTop is PASSED

2022-03-07 11:16:43 - [TEST_STEP][PASSED] - if (action != "summary"): Delayed 3 second(s)

2022-03-07 11:16:43 - [TEST_STEP][PASSED] - delay(1): Delayed 1 second(s)

2022-03-07 11:16:44 - [MESSAGE][PASSED] - Delayed 1 second(s)

2022-03-07 11:16:44 - [TEST_STEP][PASSED] - scroll.scroll.scrollScreenBottomToTop(): scroll.scroll.scrollScreenBottomToTop is PASSED

2022-03-07 11:16:44 - [MESSAGE][PASSED] - Current device physical height is 1423

2022-03-07 11:16:44 - [MESSAGE][PASSED] - Current device physical width is 720

2022-03-07 11:16:46 - [MESSAGE][PASSED] - Swiped from 360,1,138 to 360,284

2022-03-07 11:16:46 - [MESSAGE][PASSED] - scroll.scroll.scrollScreenBottomToTop is PASSED

2022-03-07 11:16:46 - [TEST_STEP][PASSED] - scroll.scroll.scrollScreenBottomToTop(): scroll.scroll.scrollScreenBottomToTop is PASSED

2022-03-07 11:16:46 - [MESSAGE][PASSED] - Current device physical height is 1423

2022-03-07 11:16:46 - [MESSAGE][PASSED] - Current device physical width is 720

2022-03-07 11:16:47 - [MESSAGE][PASSED] - Swiped from 360,1,138 to 360,284

2022-03-07 11:16:47 - [MESSAGE][PASSED] - scroll.scroll.scrollScreenBottomToTop is PASSED

2022-03-07 11:16:47 - [TEST_STEP][PASSED] - delay(3): Delayed 3 second(s)

2022-03-07 11:16:50 - [MESSAGE][PASSED] - Delayed 3 second(s)

2022-03-07 11:16:50 - [TEST_STEP][PASSED] - if (action2 == "idr"): null

2022-03-07 11:16:50 - [TEST_STEP][PASSED] - else if (action2 == "persen"): Delayed 3 second(s)

2022-03-07 11:16:50 - [TEST_STEP][PASSED] - tap(persen, 10): Tapped on element 'Object Repository/Mobile/Page/Portfolio/Button - Persen'

2022-03-07 11:16:51 - [MESSAGE][PASSED] - Tapped on element 'Object Repository/Mobile/Page/Portfolio/Button - Persen'

2022-03-07 11:16:51 - [TEST_STEP][PASSED] - delay(3): Delayed 3 second(s)

2022-03-07 11:16:54 - [MESSAGE][PASSED] - Delayed 3 second(s)

2022-03-07 11:16:54 - [MESSAGE][PASSED] - Call Test Case 'Test Cases/Mobile/Page/Portfolio/Portfolio' successfully

2022-03-07 11:16:54 - [TEST_STEP][PASSED] - callTestCase(findTestCase("Mobile/Page/Run App/Terminate App"), [:], STOP_ON_FAILURE): Call Test Case 'Test Cases/Mobile/Page/Run App/Terminate App' successfully

2022-03-07 11:16:54 - [TEST_CASE][PASSED] - Test Cases/Mobile/Page/Run App/Terminate App: Test Cases/Mobile/Page/Run App/Terminate App

2022-03-07 11:16:54 - [TEST_STEP][PASSED] - startApp.OpenApp.terminateApplication(): startApp.OpenApp.terminateApplication is PASSED

2022-03-07 11:16:57 - [MESSAGE][PASSED] - Delayed 3 second(s)

2022-03-07 11:16:57 - [MESSAGE][PASSED] - Current device physical width is 720

2022-03-07 11:16:57 - [MESSAGE][PASSED] - Current device physical height is 1423

2022-03-07 11:16:59 - [MESSAGE][PASSED] - Swiped from 360,853 to 360,142

2022-03-07 11:17:00 - [MESSAGE][PASSED] - Delayed 1 second(s)

2022-03-07 11:17:01 - [MESSAGE][PASSED] - Swiped from 360,853 to 360,142

2022-03-07 11:17:04 - [MESSAGE][PASSED] - Delayed 3 second(s)

2022-03-07 11:17:04 - [MESSAGE][PASSED] - startApp.OpenApp.terminateApplication is PASSED

2022-03-07 11:17:04 - [MESSAGE][PASSED] - Call Test Case 'Test Cases/Mobile/Page/Run App/Terminate App' successfully]]></system-out>
         <system-err><![CDATA[]]></system-err>
      </testcase>
      <testcase name="Test Cases/Mobile/Scenario/Portfolio/007 - Portfolio Performance Month to Date Persen" time="62.091" classname="Test Cases/Mobile/Scenario/Portfolio/007 - Portfolio Performance Month to Date Persen" status="PASSED">
         <system-out><![CDATA[2022-03-07 11:17:04 - [TEST_CASE][PASSED] - Test Cases/Mobile/Scenario/Portfolio/007 - Portfolio Performance Month to Date Persen: Test Cases/Mobile/Scenario/Portfolio/007 - Portfolio Performance Month to Date Persen

2022-03-07 11:17:04 - [TEST_STEP][PASSED] - callTestCase(findTestCase("Mobile/Page/Run App/Run App byID"), [:], STOP_ON_FAILURE): Call Test Case 'Test Cases/Mobile/Page/Run App/Run App byID' successfully

2022-03-07 11:17:04 - [TEST_CASE][PASSED] - Test Cases/Mobile/Page/Run App/Run App byID: Test Cases/Mobile/Page/Run App/Run App byID

2022-03-07 11:17:04 - [TEST_STEP][PASSED] - startApp.OpenApp.startApplication("id.co.miraeasset.sageclub"): startApp.OpenApp.startApplication is PASSED

2022-03-07 11:17:17 - [MESSAGE][PASSED] - Starting app with application ID: 'id.co.miraeasset.sageclub'

2022-03-07 11:17:17 - [MESSAGE][PASSED] - startApp.OpenApp.startApplication is PASSED

2022-03-07 11:17:17 - [MESSAGE][PASSED] - Call Test Case 'Test Cases/Mobile/Page/Run App/Run App byID' successfully

2022-03-07 11:17:17 - [TEST_STEP][PASSED] - callTestCase(findTestCase("Mobile/Page/Portfolio/Portfolio"), ["tab":"summary", "action":"perf_month", "action2":"persen"], CONTINUE_ON_FAILURE): Call Test Case 'Test Cases/Mobile/Page/Portfolio/Portfolio' successfully

2022-03-07 11:17:17 - [TEST_CASE][PASSED] - Test Cases/Mobile/Page/Portfolio/Portfolio: Test Cases/Mobile/Page/Portfolio/Portfolio

2022-03-07 11:17:17 - [TEST_STEP][PASSED] - callTestCase(findTestCase("Mobile/Page/CheckLogin"), [:], CONTINUE_ON_FAILURE): Call Test Case 'Test Cases/Mobile/Page/CheckLogin' successfully

2022-03-07 11:17:17 - [TEST_CASE][PASSED] - Test Cases/Mobile/Page/CheckLogin: Test Cases/Mobile/Page/CheckLogin

2022-03-07 11:17:17 - [TEST_STEP][PASSED] - loginCheck = verifyElementExist(LOGN_BtnLogin, 5, CONTINUE_ON_FAILURE): Element 'Object Repository/Mobile/Page/Login/Button - Login' is exist

2022-03-07 11:17:19 - [MESSAGE][PASSED] - Element 'Object Repository/Mobile/Page/Login/Button - Login' is exist

2022-03-07 11:17:19 - [TEST_STEP][PASSED] - if (loginCheck): Call Test Case 'Test Cases/Mobile/Page/Login/Login' successfully

2022-03-07 11:17:19 - [TEST_STEP][PASSED] - callTestCase(findTestCase("Mobile/Page/Login/Login"), ["action":"username"], CONTINUE_ON_FAILURE): Call Test Case 'Test Cases/Mobile/Page/Login/Login' successfully

2022-03-07 11:17:19 - [TEST_CASE][PASSED] - Test Cases/Mobile/Page/Login/Login: Test Cases/Mobile/Page/Login/Login

2022-03-07 11:17:19 - [TEST_STEP][PASSED] - delay(2): Delayed 2 second(s)

2022-03-07 11:17:21 - [MESSAGE][PASSED] - Delayed 2 second(s)

2022-03-07 11:17:21 - [TEST_STEP][PASSED] - for ([i = 0, i < 1, (i++)]): null

2022-03-07 11:17:21 - [TEST_STEP][PASSED] - if (action == "username"): null

2022-03-07 11:17:21 - [TEST_STEP][PASSED] - tap(LOGN_EdtUserID, 0): Tapped on element 'Object Repository/Mobile/Page/Login/Input - UserID'

2022-03-07 11:17:21 - [MESSAGE][WARNING] - Timeout '0' is invalid. Using default page load timeout: '60'

2022-03-07 11:17:21 - [MESSAGE][PASSED] - Tapped on element 'Object Repository/Mobile/Page/Login/Input - UserID'

2022-03-07 11:17:21 - [TEST_STEP][PASSED] - delay(1): Delayed 1 second(s)

2022-03-07 11:17:22 - [MESSAGE][PASSED] - Delayed 1 second(s)

2022-03-07 11:17:22 - [TEST_STEP][PASSED] - setText(LOGN_EdtRdyUserID, "anggaaditya", 0): Text 'anggaaditya' has been set to element 'Object Repository/Mobile/Page/Login/Input Rdy - UserID'

2022-03-07 11:17:22 - [MESSAGE][WARNING] - Timeout '0' is invalid. Using default page load timeout: '60'

2022-03-07 11:17:23 - [MESSAGE][PASSED] - Text 'anggaaditya' has been set to element 'Object Repository/Mobile/Page/Login/Input Rdy - UserID'

2022-03-07 11:17:23 - [TEST_STEP][PASSED] - delay(1): Delayed 1 second(s)

2022-03-07 11:17:24 - [MESSAGE][PASSED] - Delayed 1 second(s)

2022-03-07 11:17:24 - [TEST_STEP][PASSED] - hideKeyboard(): Keyboard is hidden

2022-03-07 11:17:28 - [MESSAGE][PASSED] - Keyboard is hidden

2022-03-07 11:17:28 - [TEST_STEP][PASSED] - tap(LOGN_EdtPassword, 0): Tapped on element 'Object Repository/Mobile/Page/Login/Input - Password'

2022-03-07 11:17:28 - [MESSAGE][WARNING] - Timeout '0' is invalid. Using default page load timeout: '60'

2022-03-07 11:17:28 - [MESSAGE][PASSED] - Tapped on element 'Object Repository/Mobile/Page/Login/Input - Password'

2022-03-07 11:17:28 - [TEST_STEP][PASSED] - delay(1): Delayed 1 second(s)

2022-03-07 11:17:29 - [MESSAGE][PASSED] - Delayed 1 second(s)

2022-03-07 11:17:29 - [TEST_STEP][PASSED] - setText(LOGN_EdtRdyPassword, "Shalawa18", 0): Text 'Shalawa18' has been set to element 'Object Repository/Mobile/Page/Login/Input Rdy - Password'

2022-03-07 11:17:29 - [MESSAGE][WARNING] - Timeout '0' is invalid. Using default page load timeout: '60'

2022-03-07 11:17:30 - [MESSAGE][PASSED] - Text 'Shalawa18' has been set to element 'Object Repository/Mobile/Page/Login/Input Rdy - Password'

2022-03-07 11:17:30 - [TEST_STEP][PASSED] - delay(1): Delayed 1 second(s)

2022-03-07 11:17:31 - [MESSAGE][PASSED] - Delayed 1 second(s)

2022-03-07 11:17:31 - [TEST_STEP][PASSED] - hideKeyboard(): Keyboard is hidden

2022-03-07 11:17:37 - [MESSAGE][PASSED] - Keyboard is hidden

2022-03-07 11:17:37 - [TEST_STEP][PASSED] - tap(LOGN_BtnLogin, 0): Tapped on element 'Object Repository/Mobile/Page/Login/Button - Login'

2022-03-07 11:17:37 - [MESSAGE][WARNING] - Timeout '0' is invalid. Using default page load timeout: '60'

2022-03-07 11:17:38 - [MESSAGE][PASSED] - Tapped on element 'Object Repository/Mobile/Page/Login/Button - Login'

2022-03-07 11:17:38 - [TEST_STEP][PASSED] - delay(2): Delayed 2 second(s)

2022-03-07 11:17:40 - [MESSAGE][PASSED] - Delayed 2 second(s)

2022-03-07 11:17:40 - [TEST_STEP][PASSED] - break: null

2022-03-07 11:17:40 - [MESSAGE][PASSED] - Call Test Case 'Test Cases/Mobile/Page/Login/Login' successfully

2022-03-07 11:17:40 - [MESSAGE][PASSED] - Call Test Case 'Test Cases/Mobile/Page/CheckLogin' successfully

2022-03-07 11:17:40 - [TEST_STEP][PASSED] - tap(HOME_MenubarPortfolio, 0): Tapped on element 'Object Repository/Mobile/Page/Home/Menubar - Portfolio'

2022-03-07 11:17:40 - [MESSAGE][WARNING] - Timeout '0' is invalid. Using default page load timeout: '60'

2022-03-07 11:17:41 - [MESSAGE][PASSED] - Tapped on element 'Object Repository/Mobile/Page/Home/Menubar - Portfolio'

2022-03-07 11:17:41 - [TEST_STEP][PASSED] - delay(1): Delayed 1 second(s)

2022-03-07 11:17:42 - [MESSAGE][PASSED] - Delayed 1 second(s)

2022-03-07 11:17:42 - [TEST_STEP][PASSED] - for ([i = 0, i < 1, (i++)]): Delayed 3 second(s)

2022-03-07 11:17:42 - [TEST_STEP][PASSED] - if (tab == "summary"): Delayed 3 second(s)

2022-03-07 11:17:42 - [TEST_STEP][PASSED] - idr = PORT_BtnIDR: null

2022-03-07 11:17:42 - [TEST_STEP][PASSED] - persen = PORT_BtnPersen: null

2022-03-07 11:17:42 - [TEST_STEP][PASSED] - if (action == "summary"): null

2022-03-07 11:17:42 - [TEST_STEP][PASSED] - else if (action == "perf_daily"): null

2022-03-07 11:17:42 - [TEST_STEP][PASSED] - else if (action == "perf_month"): Tapped on element 'Object Repository/Mobile/Page/Portfolio/Tab - Summary Month to Date'

2022-03-07 11:17:42 - [TEST_STEP][PASSED] - scroll.scroll.scrollScreenBottomToTop(): scroll.scroll.scrollScreenBottomToTop is PASSED

2022-03-07 11:17:42 - [MESSAGE][PASSED] - Current device physical height is 1423

2022-03-07 11:17:43 - [MESSAGE][PASSED] - Current device physical width is 720

2022-03-07 11:17:44 - [MESSAGE][PASSED] - Swiped from 360,1,138 to 360,284

2022-03-07 11:17:44 - [MESSAGE][PASSED] - scroll.scroll.scrollScreenBottomToTop is PASSED

2022-03-07 11:17:44 - [TEST_STEP][PASSED] - delay(1): Delayed 1 second(s)

2022-03-07 11:17:45 - [MESSAGE][PASSED] - Delayed 1 second(s)

2022-03-07 11:17:45 - [TEST_STEP][PASSED] - tap(PORT_TabSummaryMonth, 0): Tapped on element 'Object Repository/Mobile/Page/Portfolio/Tab - Summary Month to Date'

2022-03-07 11:17:45 - [MESSAGE][WARNING] - Timeout '0' is invalid. Using default page load timeout: '60'

2022-03-07 11:17:45 - [MESSAGE][PASSED] - Tapped on element 'Object Repository/Mobile/Page/Portfolio/Tab - Summary Month to Date'

2022-03-07 11:17:45 - [TEST_STEP][PASSED] - if (action != "summary"): Delayed 3 second(s)

2022-03-07 11:17:45 - [TEST_STEP][PASSED] - delay(1): Delayed 1 second(s)

2022-03-07 11:17:46 - [MESSAGE][PASSED] - Delayed 1 second(s)

2022-03-07 11:17:46 - [TEST_STEP][PASSED] - scroll.scroll.scrollScreenBottomToTop(): scroll.scroll.scrollScreenBottomToTop is PASSED

2022-03-07 11:17:46 - [MESSAGE][PASSED] - Current device physical height is 1423

2022-03-07 11:17:47 - [MESSAGE][PASSED] - Current device physical width is 720

2022-03-07 11:17:48 - [MESSAGE][PASSED] - Swiped from 360,1,138 to 360,284

2022-03-07 11:17:48 - [MESSAGE][PASSED] - scroll.scroll.scrollScreenBottomToTop is PASSED

2022-03-07 11:17:48 - [TEST_STEP][PASSED] - scroll.scroll.scrollScreenBottomToTop(): scroll.scroll.scrollScreenBottomToTop is PASSED

2022-03-07 11:17:48 - [MESSAGE][PASSED] - Current device physical height is 1423

2022-03-07 11:17:48 - [MESSAGE][PASSED] - Current device physical width is 720

2022-03-07 11:17:50 - [MESSAGE][PASSED] - Swiped from 360,1,138 to 360,284

2022-03-07 11:17:50 - [MESSAGE][PASSED] - scroll.scroll.scrollScreenBottomToTop is PASSED

2022-03-07 11:17:50 - [TEST_STEP][PASSED] - delay(3): Delayed 3 second(s)

2022-03-07 11:17:53 - [MESSAGE][PASSED] - Delayed 3 second(s)

2022-03-07 11:17:53 - [TEST_STEP][PASSED] - if (action2 == "idr"): null

2022-03-07 11:17:53 - [TEST_STEP][PASSED] - else if (action2 == "persen"): Delayed 3 second(s)

2022-03-07 11:17:53 - [TEST_STEP][PASSED] - tap(persen, 10): Tapped on element 'Object Repository/Mobile/Page/Portfolio/Button - Persen'

2022-03-07 11:17:53 - [MESSAGE][PASSED] - Tapped on element 'Object Repository/Mobile/Page/Portfolio/Button - Persen'

2022-03-07 11:17:53 - [TEST_STEP][PASSED] - delay(3): Delayed 3 second(s)

2022-03-07 11:17:56 - [MESSAGE][PASSED] - Delayed 3 second(s)

2022-03-07 11:17:56 - [MESSAGE][PASSED] - Call Test Case 'Test Cases/Mobile/Page/Portfolio/Portfolio' successfully

2022-03-07 11:17:56 - [TEST_STEP][PASSED] - callTestCase(findTestCase("Mobile/Page/Run App/Terminate App"), [:], STOP_ON_FAILURE): Call Test Case 'Test Cases/Mobile/Page/Run App/Terminate App' successfully

2022-03-07 11:17:56 - [TEST_CASE][PASSED] - Test Cases/Mobile/Page/Run App/Terminate App: Test Cases/Mobile/Page/Run App/Terminate App

2022-03-07 11:17:56 - [TEST_STEP][PASSED] - startApp.OpenApp.terminateApplication(): startApp.OpenApp.terminateApplication is PASSED

2022-03-07 11:17:59 - [MESSAGE][PASSED] - Delayed 3 second(s)

2022-03-07 11:17:59 - [MESSAGE][PASSED] - Current device physical width is 720

2022-03-07 11:18:00 - [MESSAGE][PASSED] - Current device physical height is 1423

2022-03-07 11:18:01 - [MESSAGE][PASSED] - Swiped from 360,853 to 360,142

2022-03-07 11:18:02 - [MESSAGE][PASSED] - Delayed 1 second(s)

2022-03-07 11:18:03 - [MESSAGE][PASSED] - Swiped from 360,853 to 360,142

2022-03-07 11:18:06 - [MESSAGE][PASSED] - Delayed 3 second(s)

2022-03-07 11:18:06 - [MESSAGE][PASSED] - startApp.OpenApp.terminateApplication is PASSED

2022-03-07 11:18:06 - [MESSAGE][PASSED] - Call Test Case 'Test Cases/Mobile/Page/Run App/Terminate App' successfully]]></system-out>
         <system-err><![CDATA[]]></system-err>
      </testcase>
      <testcase name="Test Cases/Mobile/Scenario/Portfolio/008 - Portfolio Performance Quarter to Date Persen" time="85.776" classname="Test Cases/Mobile/Scenario/Portfolio/008 - Portfolio Performance Quarter to Date Persen" status="PASSED">
         <system-out><![CDATA[2022-03-07 11:18:06 - [TEST_CASE][PASSED] - Test Cases/Mobile/Scenario/Portfolio/008 - Portfolio Performance Quarter to Date Persen: Test Cases/Mobile/Scenario/Portfolio/008 - Portfolio Performance Quarter to Date Persen

2022-03-07 11:18:06 - [TEST_STEP][PASSED] - callTestCase(findTestCase("Mobile/Page/Run App/Run App byID"), [:], STOP_ON_FAILURE): Call Test Case 'Test Cases/Mobile/Page/Run App/Run App byID' successfully

2022-03-07 11:18:07 - [TEST_CASE][PASSED] - Test Cases/Mobile/Page/Run App/Run App byID: Test Cases/Mobile/Page/Run App/Run App byID

2022-03-07 11:18:07 - [TEST_STEP][PASSED] - startApp.OpenApp.startApplication("id.co.miraeasset.sageclub"): startApp.OpenApp.startApplication is PASSED

2022-03-07 11:18:19 - [MESSAGE][PASSED] - Starting app with application ID: 'id.co.miraeasset.sageclub'

2022-03-07 11:18:19 - [MESSAGE][PASSED] - startApp.OpenApp.startApplication is PASSED

2022-03-07 11:18:19 - [MESSAGE][PASSED] - Call Test Case 'Test Cases/Mobile/Page/Run App/Run App byID' successfully

2022-03-07 11:18:19 - [TEST_STEP][PASSED] - callTestCase(findTestCase("Mobile/Page/Portfolio/Portfolio"), ["tab":"summary", "action":"perf_quarter", "action2":"persen"], CONTINUE_ON_FAILURE): Call Test Case 'Test Cases/Mobile/Page/Portfolio/Portfolio' successfully

2022-03-07 11:18:19 - [TEST_CASE][PASSED] - Test Cases/Mobile/Page/Portfolio/Portfolio: Test Cases/Mobile/Page/Portfolio/Portfolio

2022-03-07 11:18:19 - [TEST_STEP][PASSED] - callTestCase(findTestCase("Mobile/Page/CheckLogin"), [:], CONTINUE_ON_FAILURE): Call Test Case 'Test Cases/Mobile/Page/CheckLogin' successfully

2022-03-07 11:18:19 - [TEST_CASE][PASSED] - Test Cases/Mobile/Page/CheckLogin: Test Cases/Mobile/Page/CheckLogin

2022-03-07 11:18:19 - [TEST_STEP][PASSED] - loginCheck = verifyElementExist(LOGN_BtnLogin, 5, CONTINUE_ON_FAILURE): Element 'Object Repository/Mobile/Page/Login/Button - Login' is exist

2022-03-07 11:18:21 - [MESSAGE][PASSED] - Element 'Object Repository/Mobile/Page/Login/Button - Login' is exist

2022-03-07 11:18:21 - [TEST_STEP][PASSED] - if (loginCheck): Call Test Case 'Test Cases/Mobile/Page/Login/Login' successfully

2022-03-07 11:18:21 - [TEST_STEP][PASSED] - callTestCase(findTestCase("Mobile/Page/Login/Login"), ["action":"username"], CONTINUE_ON_FAILURE): Call Test Case 'Test Cases/Mobile/Page/Login/Login' successfully

2022-03-07 11:18:21 - [TEST_CASE][PASSED] - Test Cases/Mobile/Page/Login/Login: Test Cases/Mobile/Page/Login/Login

2022-03-07 11:18:21 - [TEST_STEP][PASSED] - delay(2): Delayed 2 second(s)

2022-03-07 11:18:23 - [MESSAGE][PASSED] - Delayed 2 second(s)

2022-03-07 11:18:23 - [TEST_STEP][PASSED] - for ([i = 0, i < 1, (i++)]): null

2022-03-07 11:18:23 - [TEST_STEP][PASSED] - if (action == "username"): null

2022-03-07 11:18:23 - [TEST_STEP][PASSED] - tap(LOGN_EdtUserID, 0): Tapped on element 'Object Repository/Mobile/Page/Login/Input - UserID'

2022-03-07 11:18:23 - [MESSAGE][WARNING] - Timeout '0' is invalid. Using default page load timeout: '60'

2022-03-07 11:18:23 - [MESSAGE][PASSED] - Tapped on element 'Object Repository/Mobile/Page/Login/Input - UserID'

2022-03-07 11:18:23 - [TEST_STEP][PASSED] - delay(1): Delayed 1 second(s)

2022-03-07 11:18:24 - [MESSAGE][PASSED] - Delayed 1 second(s)

2022-03-07 11:18:24 - [TEST_STEP][PASSED] - setText(LOGN_EdtRdyUserID, "anggaaditya", 0): Text 'anggaaditya' has been set to element 'Object Repository/Mobile/Page/Login/Input Rdy - UserID'

2022-03-07 11:18:24 - [MESSAGE][WARNING] - Timeout '0' is invalid. Using default page load timeout: '60'

2022-03-07 11:18:25 - [MESSAGE][PASSED] - Text 'anggaaditya' has been set to element 'Object Repository/Mobile/Page/Login/Input Rdy - UserID'

2022-03-07 11:18:25 - [TEST_STEP][PASSED] - delay(1): Delayed 1 second(s)

2022-03-07 11:18:26 - [MESSAGE][PASSED] - Delayed 1 second(s)

2022-03-07 11:18:26 - [TEST_STEP][PASSED] - hideKeyboard(): Keyboard is hidden

2022-03-07 11:18:30 - [MESSAGE][PASSED] - Keyboard is hidden

2022-03-07 11:18:30 - [TEST_STEP][PASSED] - tap(LOGN_EdtPassword, 0): Tapped on element 'Object Repository/Mobile/Page/Login/Input - Password'

2022-03-07 11:18:30 - [MESSAGE][WARNING] - Timeout '0' is invalid. Using default page load timeout: '60'

2022-03-07 11:18:30 - [MESSAGE][PASSED] - Tapped on element 'Object Repository/Mobile/Page/Login/Input - Password'

2022-03-07 11:18:30 - [TEST_STEP][PASSED] - delay(1): Delayed 1 second(s)

2022-03-07 11:18:31 - [MESSAGE][PASSED] - Delayed 1 second(s)

2022-03-07 11:18:31 - [TEST_STEP][PASSED] - setText(LOGN_EdtRdyPassword, "Shalawa18", 0): Text 'Shalawa18' has been set to element 'Object Repository/Mobile/Page/Login/Input Rdy - Password'

2022-03-07 11:18:31 - [MESSAGE][WARNING] - Timeout '0' is invalid. Using default page load timeout: '60'

2022-03-07 11:18:32 - [MESSAGE][PASSED] - Text 'Shalawa18' has been set to element 'Object Repository/Mobile/Page/Login/Input Rdy - Password'

2022-03-07 11:18:32 - [TEST_STEP][PASSED] - delay(1): Delayed 1 second(s)

2022-03-07 11:18:33 - [MESSAGE][PASSED] - Delayed 1 second(s)

2022-03-07 11:18:33 - [TEST_STEP][PASSED] - hideKeyboard(): Keyboard is hidden

2022-03-07 11:18:39 - [MESSAGE][PASSED] - Keyboard is hidden

2022-03-07 11:18:39 - [TEST_STEP][PASSED] - tap(LOGN_BtnLogin, 0): Tapped on element 'Object Repository/Mobile/Page/Login/Button - Login'

2022-03-07 11:18:39 - [MESSAGE][WARNING] - Timeout '0' is invalid. Using default page load timeout: '60'

2022-03-07 11:18:40 - [MESSAGE][PASSED] - Tapped on element 'Object Repository/Mobile/Page/Login/Button - Login'

2022-03-07 11:18:40 - [TEST_STEP][PASSED] - delay(2): Delayed 2 second(s)

2022-03-07 11:18:42 - [MESSAGE][PASSED] - Delayed 2 second(s)

2022-03-07 11:18:42 - [TEST_STEP][PASSED] - break: null

2022-03-07 11:18:42 - [MESSAGE][PASSED] - Call Test Case 'Test Cases/Mobile/Page/Login/Login' successfully

2022-03-07 11:18:42 - [MESSAGE][PASSED] - Call Test Case 'Test Cases/Mobile/Page/CheckLogin' successfully

2022-03-07 11:18:42 - [TEST_STEP][PASSED] - tap(HOME_MenubarPortfolio, 0): Tapped on element 'Object Repository/Mobile/Page/Home/Menubar - Portfolio'

2022-03-07 11:18:42 - [MESSAGE][WARNING] - Timeout '0' is invalid. Using default page load timeout: '60'

2022-03-07 11:19:07 - [MESSAGE][PASSED] - Tapped on element 'Object Repository/Mobile/Page/Home/Menubar - Portfolio'

2022-03-07 11:19:07 - [TEST_STEP][PASSED] - delay(1): Delayed 1 second(s)

2022-03-07 11:19:08 - [MESSAGE][PASSED] - Delayed 1 second(s)

2022-03-07 11:19:08 - [TEST_STEP][PASSED] - for ([i = 0, i < 1, (i++)]): Delayed 3 second(s)

2022-03-07 11:19:08 - [TEST_STEP][PASSED] - if (tab == "summary"): Delayed 3 second(s)

2022-03-07 11:19:08 - [TEST_STEP][PASSED] - idr = PORT_BtnIDR: null

2022-03-07 11:19:08 - [TEST_STEP][PASSED] - persen = PORT_BtnPersen: null

2022-03-07 11:19:08 - [TEST_STEP][PASSED] - if (action == "summary"): null

2022-03-07 11:19:08 - [TEST_STEP][PASSED] - else if (action == "perf_daily"): null

2022-03-07 11:19:08 - [TEST_STEP][PASSED] - else if (action == "perf_month"): null

2022-03-07 11:19:08 - [TEST_STEP][PASSED] - else if (action == "perf_quarter"): Tapped on element 'Object Repository/Mobile/Page/Portfolio/Tab - Summary Quarter to Date'

2022-03-07 11:19:08 - [TEST_STEP][PASSED] - scroll.scroll.scrollScreenBottomToTop(): scroll.scroll.scrollScreenBottomToTop is PASSED

2022-03-07 11:19:08 - [MESSAGE][PASSED] - Current device physical height is 1423

2022-03-07 11:19:09 - [MESSAGE][PASSED] - Current device physical width is 720

2022-03-07 11:19:10 - [MESSAGE][PASSED] - Swiped from 360,1,138 to 360,284

2022-03-07 11:19:10 - [MESSAGE][PASSED] - scroll.scroll.scrollScreenBottomToTop is PASSED

2022-03-07 11:19:10 - [TEST_STEP][PASSED] - delay(1): Delayed 1 second(s)

2022-03-07 11:19:11 - [MESSAGE][PASSED] - Delayed 1 second(s)

2022-03-07 11:19:11 - [TEST_STEP][PASSED] - tap(PORT_TabSummaryQuarter, 0): Tapped on element 'Object Repository/Mobile/Page/Portfolio/Tab - Summary Quarter to Date'

2022-03-07 11:19:11 - [MESSAGE][WARNING] - Timeout '0' is invalid. Using default page load timeout: '60'

2022-03-07 11:19:11 - [MESSAGE][PASSED] - Tapped on element 'Object Repository/Mobile/Page/Portfolio/Tab - Summary Quarter to Date'

2022-03-07 11:19:11 - [TEST_STEP][PASSED] - if (action != "summary"): Delayed 3 second(s)

2022-03-07 11:19:11 - [TEST_STEP][PASSED] - delay(1): Delayed 1 second(s)

2022-03-07 11:19:12 - [MESSAGE][PASSED] - Delayed 1 second(s)

2022-03-07 11:19:12 - [TEST_STEP][PASSED] - scroll.scroll.scrollScreenBottomToTop(): scroll.scroll.scrollScreenBottomToTop is PASSED

2022-03-07 11:19:12 - [MESSAGE][PASSED] - Current device physical height is 1423

2022-03-07 11:19:13 - [MESSAGE][PASSED] - Current device physical width is 720

2022-03-07 11:19:14 - [MESSAGE][PASSED] - Swiped from 360,1,138 to 360,284

2022-03-07 11:19:14 - [MESSAGE][PASSED] - scroll.scroll.scrollScreenBottomToTop is PASSED

2022-03-07 11:19:14 - [TEST_STEP][PASSED] - scroll.scroll.scrollScreenBottomToTop(): scroll.scroll.scrollScreenBottomToTop is PASSED

2022-03-07 11:19:14 - [MESSAGE][PASSED] - Current device physical height is 1423

2022-03-07 11:19:14 - [MESSAGE][PASSED] - Current device physical width is 720

2022-03-07 11:19:15 - [MESSAGE][PASSED] - Swiped from 360,1,138 to 360,284

2022-03-07 11:19:15 - [MESSAGE][PASSED] - scroll.scroll.scrollScreenBottomToTop is PASSED

2022-03-07 11:19:15 - [TEST_STEP][PASSED] - delay(3): Delayed 3 second(s)

2022-03-07 11:19:18 - [MESSAGE][PASSED] - Delayed 3 second(s)

2022-03-07 11:19:18 - [TEST_STEP][PASSED] - if (action2 == "idr"): null

2022-03-07 11:19:18 - [TEST_STEP][PASSED] - else if (action2 == "persen"): Delayed 3 second(s)

2022-03-07 11:19:18 - [TEST_STEP][PASSED] - tap(persen, 10): Tapped on element 'Object Repository/Mobile/Page/Portfolio/Button - Persen'

2022-03-07 11:19:19 - [MESSAGE][PASSED] - Tapped on element 'Object Repository/Mobile/Page/Portfolio/Button - Persen'

2022-03-07 11:19:19 - [TEST_STEP][PASSED] - delay(3): Delayed 3 second(s)

2022-03-07 11:19:22 - [MESSAGE][PASSED] - Delayed 3 second(s)

2022-03-07 11:19:22 - [MESSAGE][PASSED] - Call Test Case 'Test Cases/Mobile/Page/Portfolio/Portfolio' successfully

2022-03-07 11:19:22 - [TEST_STEP][PASSED] - callTestCase(findTestCase("Mobile/Page/Run App/Terminate App"), [:], STOP_ON_FAILURE): Call Test Case 'Test Cases/Mobile/Page/Run App/Terminate App' successfully

2022-03-07 11:19:22 - [TEST_CASE][PASSED] - Test Cases/Mobile/Page/Run App/Terminate App: Test Cases/Mobile/Page/Run App/Terminate App

2022-03-07 11:19:22 - [TEST_STEP][PASSED] - startApp.OpenApp.terminateApplication(): startApp.OpenApp.terminateApplication is PASSED

2022-03-07 11:19:25 - [MESSAGE][PASSED] - Delayed 3 second(s)

2022-03-07 11:19:25 - [MESSAGE][PASSED] - Current device physical width is 720

2022-03-07 11:19:25 - [MESSAGE][PASSED] - Current device physical height is 1423

2022-03-07 11:19:27 - [MESSAGE][PASSED] - Swiped from 360,853 to 360,142

2022-03-07 11:19:28 - [MESSAGE][PASSED] - Delayed 1 second(s)

2022-03-07 11:19:29 - [MESSAGE][PASSED] - Swiped from 360,853 to 360,142

2022-03-07 11:19:32 - [MESSAGE][PASSED] - Delayed 3 second(s)

2022-03-07 11:19:32 - [MESSAGE][PASSED] - startApp.OpenApp.terminateApplication is PASSED

2022-03-07 11:19:32 - [MESSAGE][PASSED] - Call Test Case 'Test Cases/Mobile/Page/Run App/Terminate App' successfully]]></system-out>
         <system-err><![CDATA[]]></system-err>
      </testcase>
      <testcase name="Test Cases/Mobile/Scenario/Portfolio/009 - Portfolio Performance Year to Date Persen" time="65.464" classname="Test Cases/Mobile/Scenario/Portfolio/009 - Portfolio Performance Year to Date Persen" status="PASSED">
         <system-out><![CDATA[2022-03-07 11:19:32 - [TEST_CASE][PASSED] - Test Cases/Mobile/Scenario/Portfolio/009 - Portfolio Performance Year to Date Persen: Test Cases/Mobile/Scenario/Portfolio/009 - Portfolio Performance Year to Date Persen

2022-03-07 11:19:32 - [TEST_STEP][PASSED] - callTestCase(findTestCase("Mobile/Page/Run App/Run App byID"), [:], STOP_ON_FAILURE): Call Test Case 'Test Cases/Mobile/Page/Run App/Run App byID' successfully

2022-03-07 11:19:32 - [TEST_CASE][PASSED] - Test Cases/Mobile/Page/Run App/Run App byID: Test Cases/Mobile/Page/Run App/Run App byID

2022-03-07 11:19:32 - [TEST_STEP][PASSED] - startApp.OpenApp.startApplication("id.co.miraeasset.sageclub"): startApp.OpenApp.startApplication is PASSED

2022-03-07 11:19:45 - [MESSAGE][PASSED] - Starting app with application ID: 'id.co.miraeasset.sageclub'

2022-03-07 11:19:45 - [MESSAGE][PASSED] - startApp.OpenApp.startApplication is PASSED

2022-03-07 11:19:45 - [MESSAGE][PASSED] - Call Test Case 'Test Cases/Mobile/Page/Run App/Run App byID' successfully

2022-03-07 11:19:45 - [TEST_STEP][PASSED] - callTestCase(findTestCase("Mobile/Page/Portfolio/Portfolio"), ["tab":"summary", "action":"perf_year", "action2":"persen"], CONTINUE_ON_FAILURE): Call Test Case 'Test Cases/Mobile/Page/Portfolio/Portfolio' successfully

2022-03-07 11:19:45 - [TEST_CASE][PASSED] - Test Cases/Mobile/Page/Portfolio/Portfolio: Test Cases/Mobile/Page/Portfolio/Portfolio

2022-03-07 11:19:45 - [TEST_STEP][PASSED] - callTestCase(findTestCase("Mobile/Page/CheckLogin"), [:], CONTINUE_ON_FAILURE): Call Test Case 'Test Cases/Mobile/Page/CheckLogin' successfully

2022-03-07 11:19:45 - [TEST_CASE][PASSED] - Test Cases/Mobile/Page/CheckLogin: Test Cases/Mobile/Page/CheckLogin

2022-03-07 11:19:45 - [TEST_STEP][PASSED] - loginCheck = verifyElementExist(LOGN_BtnLogin, 5, CONTINUE_ON_FAILURE): Element 'Object Repository/Mobile/Page/Login/Button - Login' is exist

2022-03-07 11:19:47 - [MESSAGE][PASSED] - Element 'Object Repository/Mobile/Page/Login/Button - Login' is exist

2022-03-07 11:19:47 - [TEST_STEP][PASSED] - if (loginCheck): Call Test Case 'Test Cases/Mobile/Page/Login/Login' successfully

2022-03-07 11:19:47 - [TEST_STEP][PASSED] - callTestCase(findTestCase("Mobile/Page/Login/Login"), ["action":"username"], CONTINUE_ON_FAILURE): Call Test Case 'Test Cases/Mobile/Page/Login/Login' successfully

2022-03-07 11:19:48 - [TEST_CASE][PASSED] - Test Cases/Mobile/Page/Login/Login: Test Cases/Mobile/Page/Login/Login

2022-03-07 11:19:48 - [TEST_STEP][PASSED] - delay(2): Delayed 2 second(s)

2022-03-07 11:19:50 - [MESSAGE][PASSED] - Delayed 2 second(s)

2022-03-07 11:19:50 - [TEST_STEP][PASSED] - for ([i = 0, i < 1, (i++)]): null

2022-03-07 11:19:50 - [TEST_STEP][PASSED] - if (action == "username"): null

2022-03-07 11:19:50 - [TEST_STEP][PASSED] - tap(LOGN_EdtUserID, 0): Tapped on element 'Object Repository/Mobile/Page/Login/Input - UserID'

2022-03-07 11:19:50 - [MESSAGE][WARNING] - Timeout '0' is invalid. Using default page load timeout: '60'

2022-03-07 11:19:50 - [MESSAGE][PASSED] - Tapped on element 'Object Repository/Mobile/Page/Login/Input - UserID'

2022-03-07 11:19:50 - [TEST_STEP][PASSED] - delay(1): Delayed 1 second(s)

2022-03-07 11:19:51 - [MESSAGE][PASSED] - Delayed 1 second(s)

2022-03-07 11:19:51 - [TEST_STEP][PASSED] - setText(LOGN_EdtRdyUserID, "anggaaditya", 0): Text 'anggaaditya' has been set to element 'Object Repository/Mobile/Page/Login/Input Rdy - UserID'

2022-03-07 11:19:51 - [MESSAGE][WARNING] - Timeout '0' is invalid. Using default page load timeout: '60'

2022-03-07 11:19:52 - [MESSAGE][PASSED] - Text 'anggaaditya' has been set to element 'Object Repository/Mobile/Page/Login/Input Rdy - UserID'

2022-03-07 11:19:52 - [TEST_STEP][PASSED] - delay(1): Delayed 1 second(s)

2022-03-07 11:19:53 - [MESSAGE][PASSED] - Delayed 1 second(s)

2022-03-07 11:19:53 - [TEST_STEP][PASSED] - hideKeyboard(): Keyboard is hidden

2022-03-07 11:19:57 - [MESSAGE][PASSED] - Keyboard is hidden

2022-03-07 11:19:57 - [TEST_STEP][PASSED] - tap(LOGN_EdtPassword, 0): Tapped on element 'Object Repository/Mobile/Page/Login/Input - Password'

2022-03-07 11:19:57 - [MESSAGE][WARNING] - Timeout '0' is invalid. Using default page load timeout: '60'

2022-03-07 11:19:58 - [MESSAGE][PASSED] - Tapped on element 'Object Repository/Mobile/Page/Login/Input - Password'

2022-03-07 11:19:58 - [TEST_STEP][PASSED] - delay(1): Delayed 1 second(s)

2022-03-07 11:19:59 - [MESSAGE][PASSED] - Delayed 1 second(s)

2022-03-07 11:19:59 - [TEST_STEP][PASSED] - setText(LOGN_EdtRdyPassword, "Shalawa18", 0): Text 'Shalawa18' has been set to element 'Object Repository/Mobile/Page/Login/Input Rdy - Password'

2022-03-07 11:19:59 - [MESSAGE][WARNING] - Timeout '0' is invalid. Using default page load timeout: '60'

2022-03-07 11:20:00 - [MESSAGE][PASSED] - Text 'Shalawa18' has been set to element 'Object Repository/Mobile/Page/Login/Input Rdy - Password'

2022-03-07 11:20:00 - [TEST_STEP][PASSED] - delay(1): Delayed 1 second(s)

2022-03-07 11:20:01 - [MESSAGE][PASSED] - Delayed 1 second(s)

2022-03-07 11:20:01 - [TEST_STEP][PASSED] - hideKeyboard(): Keyboard is hidden

2022-03-07 11:20:07 - [MESSAGE][PASSED] - Keyboard is hidden

2022-03-07 11:20:07 - [TEST_STEP][PASSED] - tap(LOGN_BtnLogin, 0): Tapped on element 'Object Repository/Mobile/Page/Login/Button - Login'

2022-03-07 11:20:07 - [MESSAGE][WARNING] - Timeout '0' is invalid. Using default page load timeout: '60'

2022-03-07 11:20:08 - [MESSAGE][PASSED] - Tapped on element 'Object Repository/Mobile/Page/Login/Button - Login'

2022-03-07 11:20:08 - [TEST_STEP][PASSED] - delay(2): Delayed 2 second(s)

2022-03-07 11:20:10 - [MESSAGE][PASSED] - Delayed 2 second(s)

2022-03-07 11:20:10 - [TEST_STEP][PASSED] - break: null

2022-03-07 11:20:10 - [MESSAGE][PASSED] - Call Test Case 'Test Cases/Mobile/Page/Login/Login' successfully

2022-03-07 11:20:10 - [MESSAGE][PASSED] - Call Test Case 'Test Cases/Mobile/Page/CheckLogin' successfully

2022-03-07 11:20:10 - [TEST_STEP][PASSED] - tap(HOME_MenubarPortfolio, 0): Tapped on element 'Object Repository/Mobile/Page/Home/Menubar - Portfolio'

2022-03-07 11:20:10 - [MESSAGE][WARNING] - Timeout '0' is invalid. Using default page load timeout: '60'

2022-03-07 11:20:12 - [MESSAGE][PASSED] - Tapped on element 'Object Repository/Mobile/Page/Home/Menubar - Portfolio'

2022-03-07 11:20:12 - [TEST_STEP][PASSED] - delay(1): Delayed 1 second(s)

2022-03-07 11:20:13 - [MESSAGE][PASSED] - Delayed 1 second(s)

2022-03-07 11:20:13 - [TEST_STEP][PASSED] - for ([i = 0, i < 1, (i++)]): Delayed 3 second(s)

2022-03-07 11:20:13 - [TEST_STEP][PASSED] - if (tab == "summary"): Delayed 3 second(s)

2022-03-07 11:20:13 - [TEST_STEP][PASSED] - idr = PORT_BtnIDR: null

2022-03-07 11:20:13 - [TEST_STEP][PASSED] - persen = PORT_BtnPersen: null

2022-03-07 11:20:13 - [TEST_STEP][PASSED] - if (action == "summary"): null

2022-03-07 11:20:13 - [TEST_STEP][PASSED] - else if (action == "perf_daily"): null

2022-03-07 11:20:13 - [TEST_STEP][PASSED] - else if (action == "perf_month"): null

2022-03-07 11:20:13 - [TEST_STEP][PASSED] - else if (action == "perf_quarter"): null

2022-03-07 11:20:13 - [TEST_STEP][PASSED] - else if (action == "perf_year"): Tapped on element 'Object Repository/Mobile/Page/Portfolio/Tab - Summary Year to Date'

2022-03-07 11:20:13 - [TEST_STEP][PASSED] - scroll.scroll.scrollScreenBottomToTop(): scroll.scroll.scrollScreenBottomToTop is PASSED

2022-03-07 11:20:13 - [MESSAGE][PASSED] - Current device physical height is 1423

2022-03-07 11:20:13 - [MESSAGE][PASSED] - Current device physical width is 720

2022-03-07 11:20:15 - [MESSAGE][PASSED] - Swiped from 360,1,138 to 360,284

2022-03-07 11:20:15 - [MESSAGE][PASSED] - scroll.scroll.scrollScreenBottomToTop is PASSED

2022-03-07 11:20:15 - [TEST_STEP][PASSED] - delay(1): Delayed 1 second(s)

2022-03-07 11:20:16 - [MESSAGE][PASSED] - Delayed 1 second(s)

2022-03-07 11:20:16 - [TEST_STEP][PASSED] - tap(PORT_TabSummaryYear, 0): Tapped on element 'Object Repository/Mobile/Page/Portfolio/Tab - Summary Year to Date'

2022-03-07 11:20:16 - [MESSAGE][WARNING] - Timeout '0' is invalid. Using default page load timeout: '60'

2022-03-07 11:20:17 - [MESSAGE][PASSED] - Tapped on element 'Object Repository/Mobile/Page/Portfolio/Tab - Summary Year to Date'

2022-03-07 11:20:17 - [TEST_STEP][PASSED] - if (action != "summary"): Delayed 3 second(s)

2022-03-07 11:20:17 - [TEST_STEP][PASSED] - delay(1): Delayed 1 second(s)

2022-03-07 11:20:18 - [MESSAGE][PASSED] - Delayed 1 second(s)

2022-03-07 11:20:18 - [TEST_STEP][PASSED] - scroll.scroll.scrollScreenBottomToTop(): scroll.scroll.scrollScreenBottomToTop is PASSED

2022-03-07 11:20:18 - [MESSAGE][PASSED] - Current device physical height is 1423

2022-03-07 11:20:18 - [MESSAGE][PASSED] - Current device physical width is 720

2022-03-07 11:20:19 - [MESSAGE][PASSED] - Swiped from 360,1,138 to 360,284

2022-03-07 11:20:19 - [MESSAGE][PASSED] - scroll.scroll.scrollScreenBottomToTop is PASSED

2022-03-07 11:20:19 - [TEST_STEP][PASSED] - scroll.scroll.scrollScreenBottomToTop(): scroll.scroll.scrollScreenBottomToTop is PASSED

2022-03-07 11:20:19 - [MESSAGE][PASSED] - Current device physical height is 1423

2022-03-07 11:20:20 - [MESSAGE][PASSED] - Current device physical width is 720

2022-03-07 11:20:21 - [MESSAGE][PASSED] - Swiped from 360,1,138 to 360,284

2022-03-07 11:20:21 - [MESSAGE][PASSED] - scroll.scroll.scrollScreenBottomToTop is PASSED

2022-03-07 11:20:21 - [TEST_STEP][PASSED] - delay(3): Delayed 3 second(s)

2022-03-07 11:20:24 - [MESSAGE][PASSED] - Delayed 3 second(s)

2022-03-07 11:20:24 - [TEST_STEP][PASSED] - if (action2 == "idr"): null

2022-03-07 11:20:24 - [TEST_STEP][PASSED] - else if (action2 == "persen"): Delayed 3 second(s)

2022-03-07 11:20:24 - [TEST_STEP][PASSED] - tap(persen, 10): Tapped on element 'Object Repository/Mobile/Page/Portfolio/Button - Persen'

2022-03-07 11:20:24 - [MESSAGE][PASSED] - Tapped on element 'Object Repository/Mobile/Page/Portfolio/Button - Persen'

2022-03-07 11:20:24 - [TEST_STEP][PASSED] - delay(3): Delayed 3 second(s)

2022-03-07 11:20:27 - [MESSAGE][PASSED] - Delayed 3 second(s)

2022-03-07 11:20:27 - [MESSAGE][PASSED] - Call Test Case 'Test Cases/Mobile/Page/Portfolio/Portfolio' successfully

2022-03-07 11:20:27 - [TEST_STEP][PASSED] - callTestCase(findTestCase("Mobile/Page/Run App/Terminate App"), [:], STOP_ON_FAILURE): Call Test Case 'Test Cases/Mobile/Page/Run App/Terminate App' successfully

2022-03-07 11:20:27 - [TEST_CASE][PASSED] - Test Cases/Mobile/Page/Run App/Terminate App: Test Cases/Mobile/Page/Run App/Terminate App

2022-03-07 11:20:27 - [TEST_STEP][PASSED] - startApp.OpenApp.terminateApplication(): startApp.OpenApp.terminateApplication is PASSED

2022-03-07 11:20:30 - [MESSAGE][PASSED] - Delayed 3 second(s)

2022-03-07 11:20:31 - [MESSAGE][PASSED] - Current device physical width is 720

2022-03-07 11:20:31 - [MESSAGE][PASSED] - Current device physical height is 1423

2022-03-07 11:20:32 - [MESSAGE][PASSED] - Swiped from 360,853 to 360,142

2022-03-07 11:20:33 - [MESSAGE][PASSED] - Delayed 1 second(s)

2022-03-07 11:20:34 - [MESSAGE][PASSED] - Swiped from 360,853 to 360,142

2022-03-07 11:20:37 - [MESSAGE][PASSED] - Delayed 3 second(s)

2022-03-07 11:20:37 - [MESSAGE][PASSED] - startApp.OpenApp.terminateApplication is PASSED

2022-03-07 11:20:37 - [MESSAGE][PASSED] - Call Test Case 'Test Cases/Mobile/Page/Run App/Terminate App' successfully]]></system-out>
         <system-err><![CDATA[]]></system-err>
      </testcase>
      <testcase name="Test Cases/Mobile/Scenario/Portfolio/010 - Melihat list stock" time="55.221" classname="Test Cases/Mobile/Scenario/Portfolio/010 - Melihat list stock" status="PASSED">
         <system-out><![CDATA[2022-03-07 11:20:37 - [TEST_CASE][PASSED] - Test Cases/Mobile/Scenario/Portfolio/010 - Melihat list stock: Test Cases/Mobile/Scenario/Portfolio/010 - Melihat list stock

2022-03-07 11:20:38 - [TEST_STEP][PASSED] - callTestCase(findTestCase("Mobile/Page/Run App/Run App byID"), [:], STOP_ON_FAILURE): Call Test Case 'Test Cases/Mobile/Page/Run App/Run App byID' successfully

2022-03-07 11:20:38 - [TEST_CASE][PASSED] - Test Cases/Mobile/Page/Run App/Run App byID: Test Cases/Mobile/Page/Run App/Run App byID

2022-03-07 11:20:38 - [TEST_STEP][PASSED] - startApp.OpenApp.startApplication("id.co.miraeasset.sageclub"): startApp.OpenApp.startApplication is PASSED

2022-03-07 11:20:50 - [MESSAGE][PASSED] - Starting app with application ID: 'id.co.miraeasset.sageclub'

2022-03-07 11:20:50 - [MESSAGE][PASSED] - startApp.OpenApp.startApplication is PASSED

2022-03-07 11:20:50 - [MESSAGE][PASSED] - Call Test Case 'Test Cases/Mobile/Page/Run App/Run App byID' successfully

2022-03-07 11:20:50 - [TEST_STEP][PASSED] - callTestCase(findTestCase("Mobile/Page/Portfolio/Portfolio"), ["tab":"stock"], CONTINUE_ON_FAILURE): Call Test Case 'Test Cases/Mobile/Page/Portfolio/Portfolio' successfully

2022-03-07 11:20:50 - [TEST_CASE][PASSED] - Test Cases/Mobile/Page/Portfolio/Portfolio: Test Cases/Mobile/Page/Portfolio/Portfolio

2022-03-07 11:20:50 - [TEST_STEP][PASSED] - callTestCase(findTestCase("Mobile/Page/CheckLogin"), [:], CONTINUE_ON_FAILURE): Call Test Case 'Test Cases/Mobile/Page/CheckLogin' successfully

2022-03-07 11:20:50 - [TEST_CASE][PASSED] - Test Cases/Mobile/Page/CheckLogin: Test Cases/Mobile/Page/CheckLogin

2022-03-07 11:20:50 - [TEST_STEP][PASSED] - loginCheck = verifyElementExist(LOGN_BtnLogin, 5, CONTINUE_ON_FAILURE): Element 'Object Repository/Mobile/Page/Login/Button - Login' is exist

2022-03-07 11:20:52 - [MESSAGE][PASSED] - Element 'Object Repository/Mobile/Page/Login/Button - Login' is exist

2022-03-07 11:20:52 - [TEST_STEP][PASSED] - if (loginCheck): Call Test Case 'Test Cases/Mobile/Page/Login/Login' successfully

2022-03-07 11:20:52 - [TEST_STEP][PASSED] - callTestCase(findTestCase("Mobile/Page/Login/Login"), ["action":"username"], CONTINUE_ON_FAILURE): Call Test Case 'Test Cases/Mobile/Page/Login/Login' successfully

2022-03-07 11:20:52 - [TEST_CASE][PASSED] - Test Cases/Mobile/Page/Login/Login: Test Cases/Mobile/Page/Login/Login

2022-03-07 11:20:52 - [TEST_STEP][PASSED] - delay(2): Delayed 2 second(s)

2022-03-07 11:20:54 - [MESSAGE][PASSED] - Delayed 2 second(s)

2022-03-07 11:20:54 - [TEST_STEP][PASSED] - for ([i = 0, i < 1, (i++)]): null

2022-03-07 11:20:54 - [TEST_STEP][PASSED] - if (action == "username"): null

2022-03-07 11:20:54 - [TEST_STEP][PASSED] - tap(LOGN_EdtUserID, 0): Tapped on element 'Object Repository/Mobile/Page/Login/Input - UserID'

2022-03-07 11:20:54 - [MESSAGE][WARNING] - Timeout '0' is invalid. Using default page load timeout: '60'

2022-03-07 11:20:55 - [MESSAGE][PASSED] - Tapped on element 'Object Repository/Mobile/Page/Login/Input - UserID'

2022-03-07 11:20:55 - [TEST_STEP][PASSED] - delay(1): Delayed 1 second(s)

2022-03-07 11:20:56 - [MESSAGE][PASSED] - Delayed 1 second(s)

2022-03-07 11:20:56 - [TEST_STEP][PASSED] - setText(LOGN_EdtRdyUserID, "anggaaditya", 0): Text 'anggaaditya' has been set to element 'Object Repository/Mobile/Page/Login/Input Rdy - UserID'

2022-03-07 11:20:56 - [MESSAGE][WARNING] - Timeout '0' is invalid. Using default page load timeout: '60'

2022-03-07 11:20:56 - [MESSAGE][PASSED] - Text 'anggaaditya' has been set to element 'Object Repository/Mobile/Page/Login/Input Rdy - UserID'

2022-03-07 11:20:56 - [TEST_STEP][PASSED] - delay(1): Delayed 1 second(s)

2022-03-07 11:20:57 - [MESSAGE][PASSED] - Delayed 1 second(s)

2022-03-07 11:20:57 - [TEST_STEP][PASSED] - hideKeyboard(): Keyboard is hidden

2022-03-07 11:21:01 - [MESSAGE][PASSED] - Keyboard is hidden

2022-03-07 11:21:01 - [TEST_STEP][PASSED] - tap(LOGN_EdtPassword, 0): Tapped on element 'Object Repository/Mobile/Page/Login/Input - Password'

2022-03-07 11:21:01 - [MESSAGE][WARNING] - Timeout '0' is invalid. Using default page load timeout: '60'

2022-03-07 11:21:01 - [MESSAGE][PASSED] - Tapped on element 'Object Repository/Mobile/Page/Login/Input - Password'

2022-03-07 11:21:01 - [TEST_STEP][PASSED] - delay(1): Delayed 1 second(s)

2022-03-07 11:21:02 - [MESSAGE][PASSED] - Delayed 1 second(s)

2022-03-07 11:21:02 - [TEST_STEP][PASSED] - setText(LOGN_EdtRdyPassword, "Shalawa18", 0): Text 'Shalawa18' has been set to element 'Object Repository/Mobile/Page/Login/Input Rdy - Password'

2022-03-07 11:21:02 - [MESSAGE][WARNING] - Timeout '0' is invalid. Using default page load timeout: '60'

2022-03-07 11:21:03 - [MESSAGE][PASSED] - Text 'Shalawa18' has been set to element 'Object Repository/Mobile/Page/Login/Input Rdy - Password'

2022-03-07 11:21:03 - [TEST_STEP][PASSED] - delay(1): Delayed 1 second(s)

2022-03-07 11:21:04 - [MESSAGE][PASSED] - Delayed 1 second(s)

2022-03-07 11:21:04 - [TEST_STEP][PASSED] - hideKeyboard(): Keyboard is hidden

2022-03-07 11:21:10 - [MESSAGE][PASSED] - Keyboard is hidden

2022-03-07 11:21:10 - [TEST_STEP][PASSED] - tap(LOGN_BtnLogin, 0): Tapped on element 'Object Repository/Mobile/Page/Login/Button - Login'

2022-03-07 11:21:10 - [MESSAGE][WARNING] - Timeout '0' is invalid. Using default page load timeout: '60'

2022-03-07 11:21:11 - [MESSAGE][PASSED] - Tapped on element 'Object Repository/Mobile/Page/Login/Button - Login'

2022-03-07 11:21:11 - [TEST_STEP][PASSED] - delay(2): Delayed 2 second(s)

2022-03-07 11:21:13 - [MESSAGE][PASSED] - Delayed 2 second(s)

2022-03-07 11:21:13 - [TEST_STEP][PASSED] - break: null

2022-03-07 11:21:13 - [MESSAGE][PASSED] - Call Test Case 'Test Cases/Mobile/Page/Login/Login' successfully

2022-03-07 11:21:13 - [MESSAGE][PASSED] - Call Test Case 'Test Cases/Mobile/Page/CheckLogin' successfully

2022-03-07 11:21:13 - [TEST_STEP][PASSED] - tap(HOME_MenubarPortfolio, 0): Tapped on element 'Object Repository/Mobile/Page/Home/Menubar - Portfolio'

2022-03-07 11:21:13 - [MESSAGE][WARNING] - Timeout '0' is invalid. Using default page load timeout: '60'

2022-03-07 11:21:16 - [MESSAGE][PASSED] - Tapped on element 'Object Repository/Mobile/Page/Home/Menubar - Portfolio'

2022-03-07 11:21:16 - [TEST_STEP][PASSED] - delay(1): Delayed 1 second(s)

2022-03-07 11:21:17 - [MESSAGE][PASSED] - Delayed 1 second(s)

2022-03-07 11:21:17 - [TEST_STEP][PASSED] - for ([i = 0, i < 1, (i++)]): Delayed 3 second(s)

2022-03-07 11:21:17 - [TEST_STEP][PASSED] - if (tab == "summary"): null

2022-03-07 11:21:17 - [TEST_STEP][PASSED] - else if (tab == "stock"): Delayed 3 second(s)

2022-03-07 11:21:17 - [TEST_STEP][PASSED] - tap(PORT_TabStock, 0): Tapped on element 'Object Repository/Mobile/Page/Portfolio/Tab - Stock'

2022-03-07 11:21:17 - [MESSAGE][WARNING] - Timeout '0' is invalid. Using default page load timeout: '60'

2022-03-07 11:21:18 - [MESSAGE][PASSED] - Tapped on element 'Object Repository/Mobile/Page/Portfolio/Tab - Stock'

2022-03-07 11:21:18 - [TEST_STEP][PASSED] - scroll.scroll.scrollScreenBottomToTop(): scroll.scroll.scrollScreenBottomToTop is PASSED

2022-03-07 11:21:18 - [MESSAGE][PASSED] - Current device physical height is 1423

2022-03-07 11:21:18 - [MESSAGE][PASSED] - Current device physical width is 720

2022-03-07 11:21:19 - [MESSAGE][PASSED] - Swiped from 360,1,138 to 360,284

2022-03-07 11:21:19 - [MESSAGE][PASSED] - scroll.scroll.scrollScreenBottomToTop is PASSED

2022-03-07 11:21:19 - [TEST_STEP][PASSED] - delay(3): Delayed 3 second(s)

2022-03-07 11:21:22 - [MESSAGE][PASSED] - Delayed 3 second(s)

2022-03-07 11:21:22 - [MESSAGE][PASSED] - Call Test Case 'Test Cases/Mobile/Page/Portfolio/Portfolio' successfully

2022-03-07 11:21:22 - [TEST_STEP][PASSED] - callTestCase(findTestCase("Mobile/Page/Run App/Terminate App"), [:], STOP_ON_FAILURE): Call Test Case 'Test Cases/Mobile/Page/Run App/Terminate App' successfully

2022-03-07 11:21:23 - [TEST_CASE][PASSED] - Test Cases/Mobile/Page/Run App/Terminate App: Test Cases/Mobile/Page/Run App/Terminate App

2022-03-07 11:21:23 - [TEST_STEP][PASSED] - startApp.OpenApp.terminateApplication(): startApp.OpenApp.terminateApplication is PASSED

2022-03-07 11:21:26 - [MESSAGE][PASSED] - Delayed 3 second(s)

2022-03-07 11:21:26 - [MESSAGE][PASSED] - Current device physical width is 720

2022-03-07 11:21:26 - [MESSAGE][PASSED] - Current device physical height is 1423

2022-03-07 11:21:27 - [MESSAGE][PASSED] - Swiped from 360,853 to 360,142

2022-03-07 11:21:28 - [MESSAGE][PASSED] - Delayed 1 second(s)

2022-03-07 11:21:30 - [MESSAGE][PASSED] - Swiped from 360,853 to 360,142

2022-03-07 11:21:33 - [MESSAGE][PASSED] - Delayed 3 second(s)

2022-03-07 11:21:33 - [MESSAGE][PASSED] - startApp.OpenApp.terminateApplication is PASSED

2022-03-07 11:21:33 - [MESSAGE][PASSED] - Call Test Case 'Test Cases/Mobile/Page/Run App/Terminate App' successfully]]></system-out>
         <system-err><![CDATA[]]></system-err>
      </testcase>
      <testcase name="Test Cases/Mobile/Scenario/Portfolio/011 - Melihat list mutual fund" time="64.931" classname="Test Cases/Mobile/Scenario/Portfolio/011 - Melihat list mutual fund" status="PASSED">
         <system-out><![CDATA[2022-03-07 11:21:33 - [TEST_CASE][PASSED] - Test Cases/Mobile/Scenario/Portfolio/011 - Melihat list mutual fund: Test Cases/Mobile/Scenario/Portfolio/011 - Melihat list mutual fund

2022-03-07 11:21:33 - [TEST_STEP][PASSED] - callTestCase(findTestCase("Mobile/Page/Run App/Run App byID"), [:], STOP_ON_FAILURE): Call Test Case 'Test Cases/Mobile/Page/Run App/Run App byID' successfully

2022-03-07 11:21:33 - [TEST_CASE][PASSED] - Test Cases/Mobile/Page/Run App/Run App byID: Test Cases/Mobile/Page/Run App/Run App byID

2022-03-07 11:21:33 - [TEST_STEP][PASSED] - startApp.OpenApp.startApplication("id.co.miraeasset.sageclub"): startApp.OpenApp.startApplication is PASSED

2022-03-07 11:21:46 - [MESSAGE][PASSED] - Starting app with application ID: 'id.co.miraeasset.sageclub'

2022-03-07 11:21:46 - [MESSAGE][PASSED] - startApp.OpenApp.startApplication is PASSED

2022-03-07 11:21:46 - [MESSAGE][PASSED] - Call Test Case 'Test Cases/Mobile/Page/Run App/Run App byID' successfully

2022-03-07 11:21:46 - [TEST_STEP][PASSED] - callTestCase(findTestCase("Mobile/Page/Portfolio/Portfolio"), ["tab":"mutualfund", "action2":"none"], CONTINUE_ON_FAILURE): Call Test Case 'Test Cases/Mobile/Page/Portfolio/Portfolio' successfully

2022-03-07 11:21:47 - [TEST_CASE][PASSED] - Test Cases/Mobile/Page/Portfolio/Portfolio: Test Cases/Mobile/Page/Portfolio/Portfolio

2022-03-07 11:21:47 - [TEST_STEP][PASSED] - callTestCase(findTestCase("Mobile/Page/CheckLogin"), [:], CONTINUE_ON_FAILURE): Call Test Case 'Test Cases/Mobile/Page/CheckLogin' successfully

2022-03-07 11:21:47 - [TEST_CASE][PASSED] - Test Cases/Mobile/Page/CheckLogin: Test Cases/Mobile/Page/CheckLogin

2022-03-07 11:21:47 - [TEST_STEP][PASSED] - loginCheck = verifyElementExist(LOGN_BtnLogin, 5, CONTINUE_ON_FAILURE): Element 'Object Repository/Mobile/Page/Login/Button - Login' is exist

2022-03-07 11:21:49 - [MESSAGE][PASSED] - Element 'Object Repository/Mobile/Page/Login/Button - Login' is exist

2022-03-07 11:21:49 - [TEST_STEP][PASSED] - if (loginCheck): Call Test Case 'Test Cases/Mobile/Page/Login/Login' successfully

2022-03-07 11:21:49 - [TEST_STEP][PASSED] - callTestCase(findTestCase("Mobile/Page/Login/Login"), ["action":"username"], CONTINUE_ON_FAILURE): Call Test Case 'Test Cases/Mobile/Page/Login/Login' successfully

2022-03-07 11:21:49 - [TEST_CASE][PASSED] - Test Cases/Mobile/Page/Login/Login: Test Cases/Mobile/Page/Login/Login

2022-03-07 11:21:49 - [TEST_STEP][PASSED] - delay(2): Delayed 2 second(s)

2022-03-07 11:21:51 - [MESSAGE][PASSED] - Delayed 2 second(s)

2022-03-07 11:21:51 - [TEST_STEP][PASSED] - for ([i = 0, i < 1, (i++)]): null

2022-03-07 11:21:51 - [TEST_STEP][PASSED] - if (action == "username"): null

2022-03-07 11:21:51 - [TEST_STEP][PASSED] - tap(LOGN_EdtUserID, 0): Tapped on element 'Object Repository/Mobile/Page/Login/Input - UserID'

2022-03-07 11:21:51 - [MESSAGE][WARNING] - Timeout '0' is invalid. Using default page load timeout: '60'

2022-03-07 11:21:51 - [MESSAGE][PASSED] - Tapped on element 'Object Repository/Mobile/Page/Login/Input - UserID'

2022-03-07 11:21:51 - [TEST_STEP][PASSED] - delay(1): Delayed 1 second(s)

2022-03-07 11:21:52 - [MESSAGE][PASSED] - Delayed 1 second(s)

2022-03-07 11:21:52 - [TEST_STEP][PASSED] - setText(LOGN_EdtRdyUserID, "anggaaditya", 0): Text 'anggaaditya' has been set to element 'Object Repository/Mobile/Page/Login/Input Rdy - UserID'

2022-03-07 11:21:52 - [MESSAGE][WARNING] - Timeout '0' is invalid. Using default page load timeout: '60'

2022-03-07 11:21:53 - [MESSAGE][PASSED] - Text 'anggaaditya' has been set to element 'Object Repository/Mobile/Page/Login/Input Rdy - UserID'

2022-03-07 11:21:53 - [TEST_STEP][PASSED] - delay(1): Delayed 1 second(s)

2022-03-07 11:21:54 - [MESSAGE][PASSED] - Delayed 1 second(s)

2022-03-07 11:21:54 - [TEST_STEP][PASSED] - hideKeyboard(): Keyboard is hidden

2022-03-07 11:21:59 - [MESSAGE][PASSED] - Keyboard is hidden

2022-03-07 11:21:59 - [TEST_STEP][PASSED] - tap(LOGN_EdtPassword, 0): Tapped on element 'Object Repository/Mobile/Page/Login/Input - Password'

2022-03-07 11:21:59 - [MESSAGE][WARNING] - Timeout '0' is invalid. Using default page load timeout: '60'

2022-03-07 11:22:00 - [MESSAGE][PASSED] - Tapped on element 'Object Repository/Mobile/Page/Login/Input - Password'

2022-03-07 11:22:00 - [TEST_STEP][PASSED] - delay(1): Delayed 1 second(s)

2022-03-07 11:22:01 - [MESSAGE][PASSED] - Delayed 1 second(s)

2022-03-07 11:22:01 - [TEST_STEP][PASSED] - setText(LOGN_EdtRdyPassword, "Shalawa18", 0): Text 'Shalawa18' has been set to element 'Object Repository/Mobile/Page/Login/Input Rdy - Password'

2022-03-07 11:22:01 - [MESSAGE][WARNING] - Timeout '0' is invalid. Using default page load timeout: '60'

2022-03-07 11:22:01 - [MESSAGE][PASSED] - Text 'Shalawa18' has been set to element 'Object Repository/Mobile/Page/Login/Input Rdy - Password'

2022-03-07 11:22:01 - [TEST_STEP][PASSED] - delay(1): Delayed 1 second(s)

2022-03-07 11:22:02 - [MESSAGE][PASSED] - Delayed 1 second(s)

2022-03-07 11:22:02 - [TEST_STEP][PASSED] - hideKeyboard(): Keyboard is hidden

2022-03-07 11:22:09 - [MESSAGE][PASSED] - Keyboard is hidden

2022-03-07 11:22:09 - [TEST_STEP][PASSED] - tap(LOGN_BtnLogin, 0): Tapped on element 'Object Repository/Mobile/Page/Login/Button - Login'

2022-03-07 11:22:09 - [MESSAGE][WARNING] - Timeout '0' is invalid. Using default page load timeout: '60'

2022-03-07 11:22:10 - [MESSAGE][PASSED] - Tapped on element 'Object Repository/Mobile/Page/Login/Button - Login'

2022-03-07 11:22:10 - [TEST_STEP][PASSED] - delay(2): Delayed 2 second(s)

2022-03-07 11:22:12 - [MESSAGE][PASSED] - Delayed 2 second(s)

2022-03-07 11:22:12 - [TEST_STEP][PASSED] - break: null

2022-03-07 11:22:12 - [MESSAGE][PASSED] - Call Test Case 'Test Cases/Mobile/Page/Login/Login' successfully

2022-03-07 11:22:12 - [MESSAGE][PASSED] - Call Test Case 'Test Cases/Mobile/Page/CheckLogin' successfully

2022-03-07 11:22:12 - [TEST_STEP][PASSED] - tap(HOME_MenubarPortfolio, 0): Tapped on element 'Object Repository/Mobile/Page/Home/Menubar - Portfolio'

2022-03-07 11:22:12 - [MESSAGE][WARNING] - Timeout '0' is invalid. Using default page load timeout: '60'

2022-03-07 11:22:15 - [MESSAGE][PASSED] - Tapped on element 'Object Repository/Mobile/Page/Home/Menubar - Portfolio'

2022-03-07 11:22:15 - [TEST_STEP][PASSED] - delay(1): Delayed 1 second(s)

2022-03-07 11:22:16 - [MESSAGE][PASSED] - Delayed 1 second(s)

2022-03-07 11:22:16 - [TEST_STEP][PASSED] - for ([i = 0, i < 1, (i++)]): scroll.scroll.scrollScreenBottomToTop is PASSED

2022-03-07 11:22:16 - [TEST_STEP][PASSED] - if (tab == "summary"): null

2022-03-07 11:22:16 - [TEST_STEP][PASSED] - else if (tab == "stock"): null

2022-03-07 11:22:16 - [TEST_STEP][PASSED] - else if (tab == "mutualfund"): scroll.scroll.scrollScreenBottomToTop is PASSED

2022-03-07 11:22:16 - [TEST_STEP][PASSED] - tap(PORT_TabMutualFund, 0): Tapped on element 'Object Repository/Mobile/Page/Portfolio/Tab - Mutual Fund'

2022-03-07 11:22:16 - [MESSAGE][WARNING] - Timeout '0' is invalid. Using default page load timeout: '60'

2022-03-07 11:22:17 - [MESSAGE][PASSED] - Tapped on element 'Object Repository/Mobile/Page/Portfolio/Tab - Mutual Fund'

2022-03-07 11:22:17 - [TEST_STEP][PASSED] - delay(1): Delayed 1 second(s)

2022-03-07 11:22:18 - [MESSAGE][PASSED] - Delayed 1 second(s)

2022-03-07 11:22:18 - [TEST_STEP][PASSED] - try: scroll.scroll.scrollScreenBottomToTop is PASSED

2022-03-07 11:22:18 - [TEST_STEP][PASSED] - tapAndHold(PORT_ItemTopMutualFund, 1, 10): Tapped and held on element 'Object Repository/Mobile/Page/Portfolio/Item - Top Mutual Fund' with duration 1

2022-03-07 11:22:21 - [MESSAGE][PASSED] - Tapped and held on element 'Object Repository/Mobile/Page/Portfolio/Item - Top Mutual Fund' with duration 1

2022-03-07 11:22:21 - [TEST_STEP][PASSED] - delay(2): Delayed 2 second(s)

2022-03-07 11:22:23 - [MESSAGE][PASSED] - Delayed 2 second(s)

2022-03-07 11:22:23 - [TEST_STEP][PASSED] - switch (action2): null

2022-03-07 11:22:23 - [TEST_STEP][PASSED] - delay(3): Delayed 3 second(s)

2022-03-07 11:22:26 - [MESSAGE][PASSED] - Delayed 3 second(s)

2022-03-07 11:22:26 - [TEST_STEP][PASSED] - scroll.scroll.scrollScreenBottomToTop(): scroll.scroll.scrollScreenBottomToTop is PASSED

2022-03-07 11:22:26 - [MESSAGE][PASSED] - Current device physical height is 1423

2022-03-07 11:22:26 - [MESSAGE][PASSED] - Current device physical width is 720

2022-03-07 11:22:27 - [MESSAGE][PASSED] - Swiped from 360,1,138 to 360,284

2022-03-07 11:22:27 - [MESSAGE][PASSED] - scroll.scroll.scrollScreenBottomToTop is PASSED

2022-03-07 11:22:27 - [MESSAGE][PASSED] - Call Test Case 'Test Cases/Mobile/Page/Portfolio/Portfolio' successfully

2022-03-07 11:22:27 - [TEST_STEP][PASSED] - callTestCase(findTestCase("Mobile/Page/Run App/Terminate App"), [:], STOP_ON_FAILURE): Call Test Case 'Test Cases/Mobile/Page/Run App/Terminate App' successfully

2022-03-07 11:22:28 - [TEST_CASE][PASSED] - Test Cases/Mobile/Page/Run App/Terminate App: Test Cases/Mobile/Page/Run App/Terminate App

2022-03-07 11:22:28 - [TEST_STEP][PASSED] - startApp.OpenApp.terminateApplication(): startApp.OpenApp.terminateApplication is PASSED

2022-03-07 11:22:31 - [MESSAGE][PASSED] - Delayed 3 second(s)

2022-03-07 11:22:31 - [MESSAGE][PASSED] - Current device physical width is 720

2022-03-07 11:22:31 - [MESSAGE][PASSED] - Current device physical height is 1423

2022-03-07 11:22:32 - [MESSAGE][PASSED] - Swiped from 360,853 to 360,142

2022-03-07 11:22:33 - [MESSAGE][PASSED] - Delayed 1 second(s)

2022-03-07 11:22:35 - [MESSAGE][PASSED] - Swiped from 360,853 to 360,142

2022-03-07 11:22:38 - [MESSAGE][PASSED] - Delayed 3 second(s)

2022-03-07 11:22:38 - [MESSAGE][PASSED] - startApp.OpenApp.terminateApplication is PASSED

2022-03-07 11:22:38 - [MESSAGE][PASSED] - Call Test Case 'Test Cases/Mobile/Page/Run App/Terminate App' successfully]]></system-out>
         <system-err><![CDATA[]]></system-err>
      </testcase>
      <testcase name="Test Cases/Mobile/Scenario/Portfolio/012 - Melihat list bond" time="57.316" classname="Test Cases/Mobile/Scenario/Portfolio/012 - Melihat list bond" status="PASSED">
         <system-out><![CDATA[2022-03-07 11:22:38 - [TEST_CASE][PASSED] - Test Cases/Mobile/Scenario/Portfolio/012 - Melihat list bond: Test Cases/Mobile/Scenario/Portfolio/012 - Melihat list bond

2022-03-07 11:22:38 - [TEST_STEP][PASSED] - callTestCase(findTestCase("Mobile/Page/Run App/Run App byID"), [:], STOP_ON_FAILURE): Call Test Case 'Test Cases/Mobile/Page/Run App/Run App byID' successfully

2022-03-07 11:22:38 - [TEST_CASE][PASSED] - Test Cases/Mobile/Page/Run App/Run App byID: Test Cases/Mobile/Page/Run App/Run App byID

2022-03-07 11:22:38 - [TEST_STEP][PASSED] - startApp.OpenApp.startApplication("id.co.miraeasset.sageclub"): startApp.OpenApp.startApplication is PASSED

2022-03-07 11:22:51 - [MESSAGE][PASSED] - Starting app with application ID: 'id.co.miraeasset.sageclub'

2022-03-07 11:22:51 - [MESSAGE][PASSED] - startApp.OpenApp.startApplication is PASSED

2022-03-07 11:22:51 - [MESSAGE][PASSED] - Call Test Case 'Test Cases/Mobile/Page/Run App/Run App byID' successfully

2022-03-07 11:22:51 - [TEST_STEP][PASSED] - callTestCase(findTestCase("Mobile/Page/Portfolio/Portfolio"), ["tab":"stock", "action":"none"], CONTINUE_ON_FAILURE): Call Test Case 'Test Cases/Mobile/Page/Portfolio/Portfolio' successfully

2022-03-07 11:22:52 - [TEST_CASE][PASSED] - Test Cases/Mobile/Page/Portfolio/Portfolio: Test Cases/Mobile/Page/Portfolio/Portfolio

2022-03-07 11:22:52 - [TEST_STEP][PASSED] - callTestCase(findTestCase("Mobile/Page/CheckLogin"), [:], CONTINUE_ON_FAILURE): Call Test Case 'Test Cases/Mobile/Page/CheckLogin' successfully

2022-03-07 11:22:52 - [TEST_CASE][PASSED] - Test Cases/Mobile/Page/CheckLogin: Test Cases/Mobile/Page/CheckLogin

2022-03-07 11:22:52 - [TEST_STEP][PASSED] - loginCheck = verifyElementExist(LOGN_BtnLogin, 5, CONTINUE_ON_FAILURE): Element 'Object Repository/Mobile/Page/Login/Button - Login' is exist

2022-03-07 11:22:53 - [MESSAGE][PASSED] - Element 'Object Repository/Mobile/Page/Login/Button - Login' is exist

2022-03-07 11:22:53 - [TEST_STEP][PASSED] - if (loginCheck): Call Test Case 'Test Cases/Mobile/Page/Login/Login' successfully

2022-03-07 11:22:53 - [TEST_STEP][PASSED] - callTestCase(findTestCase("Mobile/Page/Login/Login"), ["action":"username"], CONTINUE_ON_FAILURE): Call Test Case 'Test Cases/Mobile/Page/Login/Login' successfully

2022-03-07 11:22:54 - [TEST_CASE][PASSED] - Test Cases/Mobile/Page/Login/Login: Test Cases/Mobile/Page/Login/Login

2022-03-07 11:22:54 - [TEST_STEP][PASSED] - delay(2): Delayed 2 second(s)

2022-03-07 11:22:56 - [MESSAGE][PASSED] - Delayed 2 second(s)

2022-03-07 11:22:56 - [TEST_STEP][PASSED] - for ([i = 0, i < 1, (i++)]): null

2022-03-07 11:22:56 - [TEST_STEP][PASSED] - if (action == "username"): null

2022-03-07 11:22:56 - [TEST_STEP][PASSED] - tap(LOGN_EdtUserID, 0): Tapped on element 'Object Repository/Mobile/Page/Login/Input - UserID'

2022-03-07 11:22:56 - [MESSAGE][WARNING] - Timeout '0' is invalid. Using default page load timeout: '60'

2022-03-07 11:22:56 - [MESSAGE][PASSED] - Tapped on element 'Object Repository/Mobile/Page/Login/Input - UserID'

2022-03-07 11:22:56 - [TEST_STEP][PASSED] - delay(1): Delayed 1 second(s)

2022-03-07 11:22:57 - [MESSAGE][PASSED] - Delayed 1 second(s)

2022-03-07 11:22:57 - [TEST_STEP][PASSED] - setText(LOGN_EdtRdyUserID, "anggaaditya", 0): Text 'anggaaditya' has been set to element 'Object Repository/Mobile/Page/Login/Input Rdy - UserID'

2022-03-07 11:22:57 - [MESSAGE][WARNING] - Timeout '0' is invalid. Using default page load timeout: '60'

2022-03-07 11:22:58 - [MESSAGE][PASSED] - Text 'anggaaditya' has been set to element 'Object Repository/Mobile/Page/Login/Input Rdy - UserID'

2022-03-07 11:22:58 - [TEST_STEP][PASSED] - delay(1): Delayed 1 second(s)

2022-03-07 11:22:59 - [MESSAGE][PASSED] - Delayed 1 second(s)

2022-03-07 11:22:59 - [TEST_STEP][PASSED] - hideKeyboard(): Keyboard is hidden

2022-03-07 11:23:03 - [MESSAGE][PASSED] - Keyboard is hidden

2022-03-07 11:23:03 - [TEST_STEP][PASSED] - tap(LOGN_EdtPassword, 0): Tapped on element 'Object Repository/Mobile/Page/Login/Input - Password'

2022-03-07 11:23:03 - [MESSAGE][WARNING] - Timeout '0' is invalid. Using default page load timeout: '60'

2022-03-07 11:23:03 - [MESSAGE][PASSED] - Tapped on element 'Object Repository/Mobile/Page/Login/Input - Password'

2022-03-07 11:23:03 - [TEST_STEP][PASSED] - delay(1): Delayed 1 second(s)

2022-03-07 11:23:04 - [MESSAGE][PASSED] - Delayed 1 second(s)

2022-03-07 11:23:04 - [TEST_STEP][PASSED] - setText(LOGN_EdtRdyPassword, "Shalawa18", 0): Text 'Shalawa18' has been set to element 'Object Repository/Mobile/Page/Login/Input Rdy - Password'

2022-03-07 11:23:04 - [MESSAGE][WARNING] - Timeout '0' is invalid. Using default page load timeout: '60'

2022-03-07 11:23:05 - [MESSAGE][PASSED] - Text 'Shalawa18' has been set to element 'Object Repository/Mobile/Page/Login/Input Rdy - Password'

2022-03-07 11:23:05 - [TEST_STEP][PASSED] - delay(1): Delayed 1 second(s)

2022-03-07 11:23:06 - [MESSAGE][PASSED] - Delayed 1 second(s)

2022-03-07 11:23:06 - [TEST_STEP][PASSED] - hideKeyboard(): Keyboard is hidden

2022-03-07 11:23:13 - [MESSAGE][PASSED] - Keyboard is hidden

2022-03-07 11:23:13 - [TEST_STEP][PASSED] - tap(LOGN_BtnLogin, 0): Tapped on element 'Object Repository/Mobile/Page/Login/Button - Login'

2022-03-07 11:23:13 - [MESSAGE][WARNING] - Timeout '0' is invalid. Using default page load timeout: '60'

2022-03-07 11:23:14 - [MESSAGE][PASSED] - Tapped on element 'Object Repository/Mobile/Page/Login/Button - Login'

2022-03-07 11:23:14 - [TEST_STEP][PASSED] - delay(2): Delayed 2 second(s)

2022-03-07 11:23:16 - [MESSAGE][PASSED] - Delayed 2 second(s)

2022-03-07 11:23:16 - [TEST_STEP][PASSED] - break: null

2022-03-07 11:23:16 - [MESSAGE][PASSED] - Call Test Case 'Test Cases/Mobile/Page/Login/Login' successfully

2022-03-07 11:23:16 - [MESSAGE][PASSED] - Call Test Case 'Test Cases/Mobile/Page/CheckLogin' successfully

2022-03-07 11:23:16 - [TEST_STEP][PASSED] - tap(HOME_MenubarPortfolio, 0): Tapped on element 'Object Repository/Mobile/Page/Home/Menubar - Portfolio'

2022-03-07 11:23:16 - [MESSAGE][WARNING] - Timeout '0' is invalid. Using default page load timeout: '60'

2022-03-07 11:23:18 - [MESSAGE][PASSED] - Tapped on element 'Object Repository/Mobile/Page/Home/Menubar - Portfolio'

2022-03-07 11:23:18 - [TEST_STEP][PASSED] - delay(1): Delayed 1 second(s)

2022-03-07 11:23:19 - [MESSAGE][PASSED] - Delayed 1 second(s)

2022-03-07 11:23:19 - [TEST_STEP][PASSED] - for ([i = 0, i < 1, (i++)]): Delayed 3 second(s)

2022-03-07 11:23:19 - [TEST_STEP][PASSED] - if (tab == "summary"): null

2022-03-07 11:23:19 - [TEST_STEP][PASSED] - else if (tab == "stock"): Delayed 3 second(s)

2022-03-07 11:23:19 - [TEST_STEP][PASSED] - tap(PORT_TabStock, 0): Tapped on element 'Object Repository/Mobile/Page/Portfolio/Tab - Stock'

2022-03-07 11:23:19 - [MESSAGE][WARNING] - Timeout '0' is invalid. Using default page load timeout: '60'

2022-03-07 11:23:20 - [MESSAGE][PASSED] - Tapped on element 'Object Repository/Mobile/Page/Portfolio/Tab - Stock'

2022-03-07 11:23:20 - [TEST_STEP][PASSED] - scroll.scroll.scrollScreenBottomToTop(): scroll.scroll.scrollScreenBottomToTop is PASSED

2022-03-07 11:23:20 - [MESSAGE][PASSED] - Current device physical height is 1423

2022-03-07 11:23:20 - [MESSAGE][PASSED] - Current device physical width is 720

2022-03-07 11:23:22 - [MESSAGE][PASSED] - Swiped from 360,1,138 to 360,284

2022-03-07 11:23:22 - [MESSAGE][PASSED] - scroll.scroll.scrollScreenBottomToTop is PASSED

2022-03-07 11:23:22 - [TEST_STEP][PASSED] - delay(3): Delayed 3 second(s)

2022-03-07 11:23:25 - [MESSAGE][PASSED] - Delayed 3 second(s)

2022-03-07 11:23:25 - [MESSAGE][PASSED] - Call Test Case 'Test Cases/Mobile/Page/Portfolio/Portfolio' successfully

2022-03-07 11:23:25 - [TEST_STEP][PASSED] - callTestCase(findTestCase("Mobile/Page/Run App/Terminate App"), [:], STOP_ON_FAILURE): Call Test Case 'Test Cases/Mobile/Page/Run App/Terminate App' successfully

2022-03-07 11:23:25 - [TEST_CASE][PASSED] - Test Cases/Mobile/Page/Run App/Terminate App: Test Cases/Mobile/Page/Run App/Terminate App

2022-03-07 11:23:25 - [TEST_STEP][PASSED] - startApp.OpenApp.terminateApplication(): startApp.OpenApp.terminateApplication is PASSED

2022-03-07 11:23:28 - [MESSAGE][PASSED] - Delayed 3 second(s)

2022-03-07 11:23:28 - [MESSAGE][PASSED] - Current device physical width is 720

2022-03-07 11:23:28 - [MESSAGE][PASSED] - Current device physical height is 1423

2022-03-07 11:23:30 - [MESSAGE][PASSED] - Swiped from 360,853 to 360,142

2022-03-07 11:23:31 - [MESSAGE][PASSED] - Delayed 1 second(s)

2022-03-07 11:23:32 - [MESSAGE][PASSED] - Swiped from 360,853 to 360,142

2022-03-07 11:23:35 - [MESSAGE][PASSED] - Delayed 3 second(s)

2022-03-07 11:23:35 - [MESSAGE][PASSED] - startApp.OpenApp.terminateApplication is PASSED

2022-03-07 11:23:35 - [MESSAGE][PASSED] - Call Test Case 'Test Cases/Mobile/Page/Run App/Terminate App' successfully]]></system-out>
         <system-err><![CDATA[]]></system-err>
      </testcase>
      <testcase name="Test Cases/Mobile/Scenario/Portfolio/013 - Melihat detail mutual fund 1 month" time="67.692" classname="Test Cases/Mobile/Scenario/Portfolio/013 - Melihat detail mutual fund 1 month" status="PASSED">
         <system-out><![CDATA[2022-03-07 11:23:35 - [TEST_CASE][PASSED] - Test Cases/Mobile/Scenario/Portfolio/013 - Melihat detail mutual fund 1 month: Test Cases/Mobile/Scenario/Portfolio/013 - Melihat detail mutual fund 1 month

2022-03-07 11:23:35 - [TEST_STEP][PASSED] - callTestCase(findTestCase("Mobile/Page/Run App/Run App byID"), [:], STOP_ON_FAILURE): Call Test Case 'Test Cases/Mobile/Page/Run App/Run App byID' successfully

2022-03-07 11:23:35 - [TEST_CASE][PASSED] - Test Cases/Mobile/Page/Run App/Run App byID: Test Cases/Mobile/Page/Run App/Run App byID

2022-03-07 11:23:35 - [TEST_STEP][PASSED] - startApp.OpenApp.startApplication("id.co.miraeasset.sageclub"): startApp.OpenApp.startApplication is PASSED

2022-03-07 11:23:49 - [MESSAGE][PASSED] - Starting app with application ID: 'id.co.miraeasset.sageclub'

2022-03-07 11:23:49 - [MESSAGE][PASSED] - startApp.OpenApp.startApplication is PASSED

2022-03-07 11:23:49 - [MESSAGE][PASSED] - Call Test Case 'Test Cases/Mobile/Page/Run App/Run App byID' successfully

2022-03-07 11:23:49 - [TEST_STEP][PASSED] - callTestCase(findTestCase("Mobile/Page/Portfolio/Portfolio"), ["tab":"mutualfund", "action2":"1 month"], CONTINUE_ON_FAILURE): Call Test Case 'Test Cases/Mobile/Page/Portfolio/Portfolio' successfully

2022-03-07 11:23:49 - [TEST_CASE][PASSED] - Test Cases/Mobile/Page/Portfolio/Portfolio: Test Cases/Mobile/Page/Portfolio/Portfolio

2022-03-07 11:23:49 - [TEST_STEP][PASSED] - callTestCase(findTestCase("Mobile/Page/CheckLogin"), [:], CONTINUE_ON_FAILURE): Call Test Case 'Test Cases/Mobile/Page/CheckLogin' successfully

2022-03-07 11:23:49 - [TEST_CASE][PASSED] - Test Cases/Mobile/Page/CheckLogin: Test Cases/Mobile/Page/CheckLogin

2022-03-07 11:23:49 - [TEST_STEP][PASSED] - loginCheck = verifyElementExist(LOGN_BtnLogin, 5, CONTINUE_ON_FAILURE): Element 'Object Repository/Mobile/Page/Login/Button - Login' is exist

2022-03-07 11:23:51 - [MESSAGE][PASSED] - Element 'Object Repository/Mobile/Page/Login/Button - Login' is exist

2022-03-07 11:23:51 - [TEST_STEP][PASSED] - if (loginCheck): Call Test Case 'Test Cases/Mobile/Page/Login/Login' successfully

2022-03-07 11:23:51 - [TEST_STEP][PASSED] - callTestCase(findTestCase("Mobile/Page/Login/Login"), ["action":"username"], CONTINUE_ON_FAILURE): Call Test Case 'Test Cases/Mobile/Page/Login/Login' successfully

2022-03-07 11:23:51 - [TEST_CASE][PASSED] - Test Cases/Mobile/Page/Login/Login: Test Cases/Mobile/Page/Login/Login

2022-03-07 11:23:51 - [TEST_STEP][PASSED] - delay(2): Delayed 2 second(s)

2022-03-07 11:23:53 - [MESSAGE][PASSED] - Delayed 2 second(s)

2022-03-07 11:23:53 - [TEST_STEP][PASSED] - for ([i = 0, i < 1, (i++)]): null

2022-03-07 11:23:53 - [TEST_STEP][PASSED] - if (action == "username"): null

2022-03-07 11:23:53 - [TEST_STEP][PASSED] - tap(LOGN_EdtUserID, 0): Tapped on element 'Object Repository/Mobile/Page/Login/Input - UserID'

2022-03-07 11:23:53 - [MESSAGE][WARNING] - Timeout '0' is invalid. Using default page load timeout: '60'

2022-03-07 11:23:54 - [MESSAGE][PASSED] - Tapped on element 'Object Repository/Mobile/Page/Login/Input - UserID'

2022-03-07 11:23:54 - [TEST_STEP][PASSED] - delay(1): Delayed 1 second(s)

2022-03-07 11:23:55 - [MESSAGE][PASSED] - Delayed 1 second(s)

2022-03-07 11:23:55 - [TEST_STEP][PASSED] - setText(LOGN_EdtRdyUserID, "anggaaditya", 0): Text 'anggaaditya' has been set to element 'Object Repository/Mobile/Page/Login/Input Rdy - UserID'

2022-03-07 11:23:55 - [MESSAGE][WARNING] - Timeout '0' is invalid. Using default page load timeout: '60'

2022-03-07 11:23:55 - [MESSAGE][PASSED] - Text 'anggaaditya' has been set to element 'Object Repository/Mobile/Page/Login/Input Rdy - UserID'

2022-03-07 11:23:55 - [TEST_STEP][PASSED] - delay(1): Delayed 1 second(s)

2022-03-07 11:23:56 - [MESSAGE][PASSED] - Delayed 1 second(s)

2022-03-07 11:23:56 - [TEST_STEP][PASSED] - hideKeyboard(): Keyboard is hidden

2022-03-07 11:24:01 - [MESSAGE][PASSED] - Keyboard is hidden

2022-03-07 11:24:01 - [TEST_STEP][PASSED] - tap(LOGN_EdtPassword, 0): Tapped on element 'Object Repository/Mobile/Page/Login/Input - Password'

2022-03-07 11:24:01 - [MESSAGE][WARNING] - Timeout '0' is invalid. Using default page load timeout: '60'

2022-03-07 11:24:02 - [MESSAGE][PASSED] - Tapped on element 'Object Repository/Mobile/Page/Login/Input - Password'

2022-03-07 11:24:02 - [TEST_STEP][PASSED] - delay(1): Delayed 1 second(s)

2022-03-07 11:24:03 - [MESSAGE][PASSED] - Delayed 1 second(s)

2022-03-07 11:24:03 - [TEST_STEP][PASSED] - setText(LOGN_EdtRdyPassword, "Shalawa18", 0): Text 'Shalawa18' has been set to element 'Object Repository/Mobile/Page/Login/Input Rdy - Password'

2022-03-07 11:24:03 - [MESSAGE][WARNING] - Timeout '0' is invalid. Using default page load timeout: '60'

2022-03-07 11:24:03 - [MESSAGE][PASSED] - Text 'Shalawa18' has been set to element 'Object Repository/Mobile/Page/Login/Input Rdy - Password'

2022-03-07 11:24:03 - [TEST_STEP][PASSED] - delay(1): Delayed 1 second(s)

2022-03-07 11:24:04 - [MESSAGE][PASSED] - Delayed 1 second(s)

2022-03-07 11:24:04 - [TEST_STEP][PASSED] - hideKeyboard(): Keyboard is hidden

2022-03-07 11:24:12 - [MESSAGE][PASSED] - Keyboard is hidden

2022-03-07 11:24:12 - [TEST_STEP][PASSED] - tap(LOGN_BtnLogin, 0): Tapped on element 'Object Repository/Mobile/Page/Login/Button - Login'

2022-03-07 11:24:12 - [MESSAGE][WARNING] - Timeout '0' is invalid. Using default page load timeout: '60'

2022-03-07 11:24:12 - [MESSAGE][PASSED] - Tapped on element 'Object Repository/Mobile/Page/Login/Button - Login'

2022-03-07 11:24:12 - [TEST_STEP][PASSED] - delay(2): Delayed 2 second(s)

2022-03-07 11:24:14 - [MESSAGE][PASSED] - Delayed 2 second(s)

2022-03-07 11:24:14 - [TEST_STEP][PASSED] - break: null

2022-03-07 11:24:14 - [MESSAGE][PASSED] - Call Test Case 'Test Cases/Mobile/Page/Login/Login' successfully

2022-03-07 11:24:14 - [MESSAGE][PASSED] - Call Test Case 'Test Cases/Mobile/Page/CheckLogin' successfully

2022-03-07 11:24:14 - [TEST_STEP][PASSED] - tap(HOME_MenubarPortfolio, 0): Tapped on element 'Object Repository/Mobile/Page/Home/Menubar - Portfolio'

2022-03-07 11:24:14 - [MESSAGE][WARNING] - Timeout '0' is invalid. Using default page load timeout: '60'

2022-03-07 11:24:17 - [MESSAGE][PASSED] - Tapped on element 'Object Repository/Mobile/Page/Home/Menubar - Portfolio'

2022-03-07 11:24:17 - [TEST_STEP][PASSED] - delay(1): Delayed 1 second(s)

2022-03-07 11:24:18 - [MESSAGE][PASSED] - Delayed 1 second(s)

2022-03-07 11:24:18 - [TEST_STEP][PASSED] - for ([i = 0, i < 1, (i++)]): scroll.scroll.scrollScreenBottomToTop is PASSED

2022-03-07 11:24:18 - [TEST_STEP][PASSED] - if (tab == "summary"): null

2022-03-07 11:24:18 - [TEST_STEP][PASSED] - else if (tab == "stock"): null

2022-03-07 11:24:18 - [TEST_STEP][PASSED] - else if (tab == "mutualfund"): scroll.scroll.scrollScreenBottomToTop is PASSED

2022-03-07 11:24:18 - [TEST_STEP][PASSED] - tap(PORT_TabMutualFund, 0): Tapped on element 'Object Repository/Mobile/Page/Portfolio/Tab - Mutual Fund'

2022-03-07 11:24:18 - [MESSAGE][WARNING] - Timeout '0' is invalid. Using default page load timeout: '60'

2022-03-07 11:24:19 - [MESSAGE][PASSED] - Tapped on element 'Object Repository/Mobile/Page/Portfolio/Tab - Mutual Fund'

2022-03-07 11:24:19 - [TEST_STEP][PASSED] - delay(1): Delayed 1 second(s)

2022-03-07 11:24:20 - [MESSAGE][PASSED] - Delayed 1 second(s)

2022-03-07 11:24:20 - [TEST_STEP][PASSED] - try: scroll.scroll.scrollScreenBottomToTop is PASSED

2022-03-07 11:24:20 - [TEST_STEP][PASSED] - tapAndHold(PORT_ItemTopMutualFund, 1, 10): Tapped and held on element 'Object Repository/Mobile/Page/Portfolio/Item - Top Mutual Fund' with duration 1

2022-03-07 11:24:23 - [MESSAGE][PASSED] - Tapped and held on element 'Object Repository/Mobile/Page/Portfolio/Item - Top Mutual Fund' with duration 1

2022-03-07 11:24:23 - [TEST_STEP][PASSED] - delay(2): Delayed 2 second(s)

2022-03-07 11:24:25 - [MESSAGE][PASSED] - Delayed 2 second(s)

2022-03-07 11:24:25 - [TEST_STEP][PASSED] - switch (action2): null

2022-03-07 11:24:25 - [TEST_STEP][PASSED] - case "1 month":: null

2022-03-07 11:24:25 - [TEST_STEP][PASSED] - tapAndHold(PORT_DETL_Btn1Month, 1, 0): Tapped and held on element 'Object Repository/Mobile/Page/Portfolio/Detail Mutual Funds/Button - 1 Month' with duration 1

2022-03-07 11:24:25 - [MESSAGE][WARNING] - Timeout '0' is invalid. Using default page load timeout: '60'

2022-03-07 11:24:28 - [MESSAGE][PASSED] - Tapped and held on element 'Object Repository/Mobile/Page/Portfolio/Detail Mutual Funds/Button - 1 Month' with duration 1

2022-03-07 11:24:28 - [TEST_STEP][PASSED] - break: null

2022-03-07 11:24:28 - [TEST_STEP][PASSED] - delay(3): Delayed 3 second(s)

2022-03-07 11:24:31 - [MESSAGE][PASSED] - Delayed 3 second(s)

2022-03-07 11:24:31 - [TEST_STEP][PASSED] - scroll.scroll.scrollScreenBottomToTop(): scroll.scroll.scrollScreenBottomToTop is PASSED

2022-03-07 11:24:31 - [MESSAGE][PASSED] - Current device physical height is 1423

2022-03-07 11:24:31 - [MESSAGE][PASSED] - Current device physical width is 720

2022-03-07 11:24:32 - [MESSAGE][PASSED] - Swiped from 360,1,138 to 360,284

2022-03-07 11:24:32 - [MESSAGE][PASSED] - scroll.scroll.scrollScreenBottomToTop is PASSED

2022-03-07 11:24:32 - [MESSAGE][PASSED] - Call Test Case 'Test Cases/Mobile/Page/Portfolio/Portfolio' successfully

2022-03-07 11:24:32 - [TEST_STEP][PASSED] - callTestCase(findTestCase("Mobile/Page/Run App/Terminate App"), [:], STOP_ON_FAILURE): Call Test Case 'Test Cases/Mobile/Page/Run App/Terminate App' successfully

2022-03-07 11:24:32 - [TEST_CASE][PASSED] - Test Cases/Mobile/Page/Run App/Terminate App: Test Cases/Mobile/Page/Run App/Terminate App

2022-03-07 11:24:32 - [TEST_STEP][PASSED] - startApp.OpenApp.terminateApplication(): startApp.OpenApp.terminateApplication is PASSED

2022-03-07 11:24:36 - [MESSAGE][PASSED] - Delayed 3 second(s)

2022-03-07 11:24:36 - [MESSAGE][PASSED] - Current device physical width is 720

2022-03-07 11:24:36 - [MESSAGE][PASSED] - Current device physical height is 1423

2022-03-07 11:24:37 - [MESSAGE][PASSED] - Swiped from 360,853 to 360,142

2022-03-07 11:24:38 - [MESSAGE][PASSED] - Delayed 1 second(s)

2022-03-07 11:24:40 - [MESSAGE][PASSED] - Swiped from 360,853 to 360,142

2022-03-07 11:24:43 - [MESSAGE][PASSED] - Delayed 3 second(s)

2022-03-07 11:24:43 - [MESSAGE][PASSED] - startApp.OpenApp.terminateApplication is PASSED

2022-03-07 11:24:43 - [MESSAGE][PASSED] - Call Test Case 'Test Cases/Mobile/Page/Run App/Terminate App' successfully]]></system-out>
         <system-err><![CDATA[]]></system-err>
      </testcase>
      <testcase name="Test Cases/Mobile/Scenario/Portfolio/014 - Melihat detail mutual fund 3 month" time="64.087" classname="Test Cases/Mobile/Scenario/Portfolio/014 - Melihat detail mutual fund 3 month" status="PASSED">
         <system-out><![CDATA[2022-03-07 11:24:43 - [TEST_CASE][PASSED] - Test Cases/Mobile/Scenario/Portfolio/014 - Melihat detail mutual fund 3 month: Test Cases/Mobile/Scenario/Portfolio/014 - Melihat detail mutual fund 3 month

2022-03-07 11:24:43 - [TEST_STEP][PASSED] - callTestCase(findTestCase("Mobile/Page/Run App/Run App byID"), [:], STOP_ON_FAILURE): Call Test Case 'Test Cases/Mobile/Page/Run App/Run App byID' successfully

2022-03-07 11:24:43 - [TEST_CASE][PASSED] - Test Cases/Mobile/Page/Run App/Run App byID: Test Cases/Mobile/Page/Run App/Run App byID

2022-03-07 11:24:43 - [TEST_STEP][PASSED] - startApp.OpenApp.startApplication("id.co.miraeasset.sageclub"): startApp.OpenApp.startApplication is PASSED

2022-03-07 11:24:55 - [MESSAGE][PASSED] - Starting app with application ID: 'id.co.miraeasset.sageclub'

2022-03-07 11:24:55 - [MESSAGE][PASSED] - startApp.OpenApp.startApplication is PASSED

2022-03-07 11:24:55 - [MESSAGE][PASSED] - Call Test Case 'Test Cases/Mobile/Page/Run App/Run App byID' successfully

2022-03-07 11:24:55 - [TEST_STEP][PASSED] - callTestCase(findTestCase("Mobile/Page/Portfolio/Portfolio"), ["tab":"mutualfund", "action2":"3 month"], CONTINUE_ON_FAILURE): Call Test Case 'Test Cases/Mobile/Page/Portfolio/Portfolio' successfully

2022-03-07 11:24:55 - [TEST_CASE][PASSED] - Test Cases/Mobile/Page/Portfolio/Portfolio: Test Cases/Mobile/Page/Portfolio/Portfolio

2022-03-07 11:24:55 - [TEST_STEP][PASSED] - callTestCase(findTestCase("Mobile/Page/CheckLogin"), [:], CONTINUE_ON_FAILURE): Call Test Case 'Test Cases/Mobile/Page/CheckLogin' successfully

2022-03-07 11:24:55 - [TEST_CASE][PASSED] - Test Cases/Mobile/Page/CheckLogin: Test Cases/Mobile/Page/CheckLogin

2022-03-07 11:24:55 - [TEST_STEP][PASSED] - loginCheck = verifyElementExist(LOGN_BtnLogin, 5, CONTINUE_ON_FAILURE): Element 'Object Repository/Mobile/Page/Login/Button - Login' is exist

2022-03-07 11:24:57 - [MESSAGE][PASSED] - Element 'Object Repository/Mobile/Page/Login/Button - Login' is exist

2022-03-07 11:24:57 - [TEST_STEP][PASSED] - if (loginCheck): Call Test Case 'Test Cases/Mobile/Page/Login/Login' successfully

2022-03-07 11:24:57 - [TEST_STEP][PASSED] - callTestCase(findTestCase("Mobile/Page/Login/Login"), ["action":"username"], CONTINUE_ON_FAILURE): Call Test Case 'Test Cases/Mobile/Page/Login/Login' successfully

2022-03-07 11:24:57 - [TEST_CASE][PASSED] - Test Cases/Mobile/Page/Login/Login: Test Cases/Mobile/Page/Login/Login

2022-03-07 11:24:57 - [TEST_STEP][PASSED] - delay(2): Delayed 2 second(s)

2022-03-07 11:24:59 - [MESSAGE][PASSED] - Delayed 2 second(s)

2022-03-07 11:24:59 - [TEST_STEP][PASSED] - for ([i = 0, i < 1, (i++)]): null

2022-03-07 11:24:59 - [TEST_STEP][PASSED] - if (action == "username"): null

2022-03-07 11:24:59 - [TEST_STEP][PASSED] - tap(LOGN_EdtUserID, 0): Tapped on element 'Object Repository/Mobile/Page/Login/Input - UserID'

2022-03-07 11:24:59 - [MESSAGE][WARNING] - Timeout '0' is invalid. Using default page load timeout: '60'

2022-03-07 11:25:00 - [MESSAGE][PASSED] - Tapped on element 'Object Repository/Mobile/Page/Login/Input - UserID'

2022-03-07 11:25:00 - [TEST_STEP][PASSED] - delay(1): Delayed 1 second(s)

2022-03-07 11:25:01 - [MESSAGE][PASSED] - Delayed 1 second(s)

2022-03-07 11:25:01 - [TEST_STEP][PASSED] - setText(LOGN_EdtRdyUserID, "anggaaditya", 0): Text 'anggaaditya' has been set to element 'Object Repository/Mobile/Page/Login/Input Rdy - UserID'

2022-03-07 11:25:01 - [MESSAGE][WARNING] - Timeout '0' is invalid. Using default page load timeout: '60'

2022-03-07 11:25:02 - [MESSAGE][PASSED] - Text 'anggaaditya' has been set to element 'Object Repository/Mobile/Page/Login/Input Rdy - UserID'

2022-03-07 11:25:02 - [TEST_STEP][PASSED] - delay(1): Delayed 1 second(s)

2022-03-07 11:25:03 - [MESSAGE][PASSED] - Delayed 1 second(s)

2022-03-07 11:25:03 - [TEST_STEP][PASSED] - hideKeyboard(): Keyboard is hidden

2022-03-07 11:25:07 - [MESSAGE][PASSED] - Keyboard is hidden

2022-03-07 11:25:07 - [TEST_STEP][PASSED] - tap(LOGN_EdtPassword, 0): Tapped on element 'Object Repository/Mobile/Page/Login/Input - Password'

2022-03-07 11:25:07 - [MESSAGE][WARNING] - Timeout '0' is invalid. Using default page load timeout: '60'

2022-03-07 11:25:07 - [MESSAGE][PASSED] - Tapped on element 'Object Repository/Mobile/Page/Login/Input - Password'

2022-03-07 11:25:07 - [TEST_STEP][PASSED] - delay(1): Delayed 1 second(s)

2022-03-07 11:25:08 - [MESSAGE][PASSED] - Delayed 1 second(s)

2022-03-07 11:25:08 - [TEST_STEP][PASSED] - setText(LOGN_EdtRdyPassword, "Shalawa18", 0): Text 'Shalawa18' has been set to element 'Object Repository/Mobile/Page/Login/Input Rdy - Password'

2022-03-07 11:25:08 - [MESSAGE][WARNING] - Timeout '0' is invalid. Using default page load timeout: '60'

2022-03-07 11:25:09 - [MESSAGE][PASSED] - Text 'Shalawa18' has been set to element 'Object Repository/Mobile/Page/Login/Input Rdy - Password'

2022-03-07 11:25:09 - [TEST_STEP][PASSED] - delay(1): Delayed 1 second(s)

2022-03-07 11:25:10 - [MESSAGE][PASSED] - Delayed 1 second(s)

2022-03-07 11:25:10 - [TEST_STEP][PASSED] - hideKeyboard(): Keyboard is hidden

2022-03-07 11:25:16 - [MESSAGE][PASSED] - Keyboard is hidden

2022-03-07 11:25:16 - [TEST_STEP][PASSED] - tap(LOGN_BtnLogin, 0): Tapped on element 'Object Repository/Mobile/Page/Login/Button - Login'

2022-03-07 11:25:16 - [MESSAGE][WARNING] - Timeout '0' is invalid. Using default page load timeout: '60'

2022-03-07 11:25:17 - [MESSAGE][PASSED] - Tapped on element 'Object Repository/Mobile/Page/Login/Button - Login'

2022-03-07 11:25:17 - [TEST_STEP][PASSED] - delay(2): Delayed 2 second(s)

2022-03-07 11:25:19 - [MESSAGE][PASSED] - Delayed 2 second(s)

2022-03-07 11:25:19 - [TEST_STEP][PASSED] - break: null

2022-03-07 11:25:19 - [MESSAGE][PASSED] - Call Test Case 'Test Cases/Mobile/Page/Login/Login' successfully

2022-03-07 11:25:19 - [MESSAGE][PASSED] - Call Test Case 'Test Cases/Mobile/Page/CheckLogin' successfully

2022-03-07 11:25:19 - [TEST_STEP][PASSED] - tap(HOME_MenubarPortfolio, 0): Tapped on element 'Object Repository/Mobile/Page/Home/Menubar - Portfolio'

2022-03-07 11:25:19 - [MESSAGE][WARNING] - Timeout '0' is invalid. Using default page load timeout: '60'

2022-03-07 11:25:21 - [MESSAGE][PASSED] - Tapped on element 'Object Repository/Mobile/Page/Home/Menubar - Portfolio'

2022-03-07 11:25:21 - [TEST_STEP][PASSED] - delay(1): Delayed 1 second(s)

2022-03-07 11:25:22 - [MESSAGE][PASSED] - Delayed 1 second(s)

2022-03-07 11:25:22 - [TEST_STEP][PASSED] - for ([i = 0, i < 1, (i++)]): scroll.scroll.scrollScreenBottomToTop is PASSED

2022-03-07 11:25:22 - [TEST_STEP][PASSED] - if (tab == "summary"): null

2022-03-07 11:25:22 - [TEST_STEP][PASSED] - else if (tab == "stock"): null

2022-03-07 11:25:22 - [TEST_STEP][PASSED] - else if (tab == "mutualfund"): scroll.scroll.scrollScreenBottomToTop is PASSED

2022-03-07 11:25:22 - [TEST_STEP][PASSED] - tap(PORT_TabMutualFund, 0): Tapped on element 'Object Repository/Mobile/Page/Portfolio/Tab - Mutual Fund'

2022-03-07 11:25:22 - [MESSAGE][WARNING] - Timeout '0' is invalid. Using default page load timeout: '60'

2022-03-07 11:25:23 - [MESSAGE][PASSED] - Tapped on element 'Object Repository/Mobile/Page/Portfolio/Tab - Mutual Fund'

2022-03-07 11:25:23 - [TEST_STEP][PASSED] - delay(1): Delayed 1 second(s)

2022-03-07 11:25:24 - [MESSAGE][PASSED] - Delayed 1 second(s)

2022-03-07 11:25:24 - [TEST_STEP][PASSED] - try: scroll.scroll.scrollScreenBottomToTop is PASSED

2022-03-07 11:25:24 - [TEST_STEP][PASSED] - tapAndHold(PORT_ItemTopMutualFund, 1, 10): Tapped and held on element 'Object Repository/Mobile/Page/Portfolio/Item - Top Mutual Fund' with duration 1

2022-03-07 11:25:27 - [MESSAGE][PASSED] - Tapped and held on element 'Object Repository/Mobile/Page/Portfolio/Item - Top Mutual Fund' with duration 1

2022-03-07 11:25:27 - [TEST_STEP][PASSED] - delay(2): Delayed 2 second(s)

2022-03-07 11:25:29 - [MESSAGE][PASSED] - Delayed 2 second(s)

2022-03-07 11:25:29 - [TEST_STEP][PASSED] - switch (action2): null

2022-03-07 11:25:29 - [TEST_STEP][PASSED] - case "3 month":: null

2022-03-07 11:25:29 - [TEST_STEP][PASSED] - tapAndHold(PORT_DETL_Btn3Month, 1, 0): Tapped and held on element 'Object Repository/Mobile/Page/Portfolio/Detail Mutual Funds/Button - 3 Month' with duration 1

2022-03-07 11:25:29 - [MESSAGE][WARNING] - Timeout '0' is invalid. Using default page load timeout: '60'

2022-03-07 11:25:32 - [MESSAGE][PASSED] - Tapped and held on element 'Object Repository/Mobile/Page/Portfolio/Detail Mutual Funds/Button - 3 Month' with duration 1

2022-03-07 11:25:32 - [TEST_STEP][PASSED] - break: null

2022-03-07 11:25:32 - [TEST_STEP][PASSED] - delay(3): Delayed 3 second(s)

2022-03-07 11:25:35 - [MESSAGE][PASSED] - Delayed 3 second(s)

2022-03-07 11:25:35 - [TEST_STEP][PASSED] - scroll.scroll.scrollScreenBottomToTop(): scroll.scroll.scrollScreenBottomToTop is PASSED

2022-03-07 11:25:35 - [MESSAGE][PASSED] - Current device physical height is 1423

2022-03-07 11:25:35 - [MESSAGE][PASSED] - Current device physical width is 720

2022-03-07 11:25:37 - [MESSAGE][PASSED] - Swiped from 360,1,138 to 360,284

2022-03-07 11:25:37 - [MESSAGE][PASSED] - scroll.scroll.scrollScreenBottomToTop is PASSED

2022-03-07 11:25:37 - [MESSAGE][PASSED] - Call Test Case 'Test Cases/Mobile/Page/Portfolio/Portfolio' successfully

2022-03-07 11:25:37 - [TEST_STEP][PASSED] - callTestCase(findTestCase("Mobile/Page/Run App/Terminate App"), [:], STOP_ON_FAILURE): Call Test Case 'Test Cases/Mobile/Page/Run App/Terminate App' successfully

2022-03-07 11:25:37 - [TEST_CASE][PASSED] - Test Cases/Mobile/Page/Run App/Terminate App: Test Cases/Mobile/Page/Run App/Terminate App

2022-03-07 11:25:37 - [TEST_STEP][PASSED] - startApp.OpenApp.terminateApplication(): startApp.OpenApp.terminateApplication is PASSED

2022-03-07 11:25:40 - [MESSAGE][PASSED] - Delayed 3 second(s)

2022-03-07 11:25:40 - [MESSAGE][PASSED] - Current device physical width is 720

2022-03-07 11:25:40 - [MESSAGE][PASSED] - Current device physical height is 1423

2022-03-07 11:25:41 - [MESSAGE][PASSED] - Swiped from 360,853 to 360,142

2022-03-07 11:25:42 - [MESSAGE][PASSED] - Delayed 1 second(s)

2022-03-07 11:25:44 - [MESSAGE][PASSED] - Swiped from 360,853 to 360,142

2022-03-07 11:25:47 - [MESSAGE][PASSED] - Delayed 3 second(s)

2022-03-07 11:25:47 - [MESSAGE][PASSED] - startApp.OpenApp.terminateApplication is PASSED

2022-03-07 11:25:47 - [MESSAGE][PASSED] - Call Test Case 'Test Cases/Mobile/Page/Run App/Terminate App' successfully]]></system-out>
         <system-err><![CDATA[]]></system-err>
      </testcase>
      <testcase name="Test Cases/Mobile/Scenario/Portfolio/015 - Melihat detail mutual fund 6 month" time="64.641" classname="Test Cases/Mobile/Scenario/Portfolio/015 - Melihat detail mutual fund 6 month" status="PASSED">
         <system-out><![CDATA[2022-03-07 11:25:47 - [TEST_CASE][PASSED] - Test Cases/Mobile/Scenario/Portfolio/015 - Melihat detail mutual fund 6 month: Test Cases/Mobile/Scenario/Portfolio/015 - Melihat detail mutual fund 6 month

2022-03-07 11:25:47 - [TEST_STEP][PASSED] - callTestCase(findTestCase("Mobile/Page/Run App/Run App byID"), [:], STOP_ON_FAILURE): Call Test Case 'Test Cases/Mobile/Page/Run App/Run App byID' successfully

2022-03-07 11:25:47 - [TEST_CASE][PASSED] - Test Cases/Mobile/Page/Run App/Run App byID: Test Cases/Mobile/Page/Run App/Run App byID

2022-03-07 11:25:47 - [TEST_STEP][PASSED] - startApp.OpenApp.startApplication("id.co.miraeasset.sageclub"): startApp.OpenApp.startApplication is PASSED

2022-03-07 11:26:00 - [MESSAGE][PASSED] - Starting app with application ID: 'id.co.miraeasset.sageclub'

2022-03-07 11:26:00 - [MESSAGE][PASSED] - startApp.OpenApp.startApplication is PASSED

2022-03-07 11:26:00 - [MESSAGE][PASSED] - Call Test Case 'Test Cases/Mobile/Page/Run App/Run App byID' successfully

2022-03-07 11:26:00 - [TEST_STEP][PASSED] - callTestCase(findTestCase("Mobile/Page/Portfolio/Portfolio"), ["tab":"mutualfund", "action2":"6 month"], CONTINUE_ON_FAILURE): Call Test Case 'Test Cases/Mobile/Page/Portfolio/Portfolio' successfully

2022-03-07 11:26:00 - [TEST_CASE][PASSED] - Test Cases/Mobile/Page/Portfolio/Portfolio: Test Cases/Mobile/Page/Portfolio/Portfolio

2022-03-07 11:26:00 - [TEST_STEP][PASSED] - callTestCase(findTestCase("Mobile/Page/CheckLogin"), [:], CONTINUE_ON_FAILURE): Call Test Case 'Test Cases/Mobile/Page/CheckLogin' successfully

2022-03-07 11:26:00 - [TEST_CASE][PASSED] - Test Cases/Mobile/Page/CheckLogin: Test Cases/Mobile/Page/CheckLogin

2022-03-07 11:26:00 - [TEST_STEP][PASSED] - loginCheck = verifyElementExist(LOGN_BtnLogin, 5, CONTINUE_ON_FAILURE): Element 'Object Repository/Mobile/Page/Login/Button - Login' is exist

2022-03-07 11:26:02 - [MESSAGE][PASSED] - Element 'Object Repository/Mobile/Page/Login/Button - Login' is exist

2022-03-07 11:26:02 - [TEST_STEP][PASSED] - if (loginCheck): Call Test Case 'Test Cases/Mobile/Page/Login/Login' successfully

2022-03-07 11:26:02 - [TEST_STEP][PASSED] - callTestCase(findTestCase("Mobile/Page/Login/Login"), ["action":"username"], CONTINUE_ON_FAILURE): Call Test Case 'Test Cases/Mobile/Page/Login/Login' successfully

2022-03-07 11:26:03 - [TEST_CASE][PASSED] - Test Cases/Mobile/Page/Login/Login: Test Cases/Mobile/Page/Login/Login

2022-03-07 11:26:03 - [TEST_STEP][PASSED] - delay(2): Delayed 2 second(s)

2022-03-07 11:26:05 - [MESSAGE][PASSED] - Delayed 2 second(s)

2022-03-07 11:26:05 - [TEST_STEP][PASSED] - for ([i = 0, i < 1, (i++)]): null

2022-03-07 11:26:05 - [TEST_STEP][PASSED] - if (action == "username"): null

2022-03-07 11:26:05 - [TEST_STEP][PASSED] - tap(LOGN_EdtUserID, 0): Tapped on element 'Object Repository/Mobile/Page/Login/Input - UserID'

2022-03-07 11:26:05 - [MESSAGE][WARNING] - Timeout '0' is invalid. Using default page load timeout: '60'

2022-03-07 11:26:05 - [MESSAGE][PASSED] - Tapped on element 'Object Repository/Mobile/Page/Login/Input - UserID'

2022-03-07 11:26:05 - [TEST_STEP][PASSED] - delay(1): Delayed 1 second(s)

2022-03-07 11:26:06 - [MESSAGE][PASSED] - Delayed 1 second(s)

2022-03-07 11:26:06 - [TEST_STEP][PASSED] - setText(LOGN_EdtRdyUserID, "anggaaditya", 0): Text 'anggaaditya' has been set to element 'Object Repository/Mobile/Page/Login/Input Rdy - UserID'

2022-03-07 11:26:06 - [MESSAGE][WARNING] - Timeout '0' is invalid. Using default page load timeout: '60'

2022-03-07 11:26:07 - [MESSAGE][PASSED] - Text 'anggaaditya' has been set to element 'Object Repository/Mobile/Page/Login/Input Rdy - UserID'

2022-03-07 11:26:07 - [TEST_STEP][PASSED] - delay(1): Delayed 1 second(s)

2022-03-07 11:26:08 - [MESSAGE][PASSED] - Delayed 1 second(s)

2022-03-07 11:26:08 - [TEST_STEP][PASSED] - hideKeyboard(): Keyboard is hidden

2022-03-07 11:26:12 - [MESSAGE][PASSED] - Keyboard is hidden

2022-03-07 11:26:12 - [TEST_STEP][PASSED] - tap(LOGN_EdtPassword, 0): Tapped on element 'Object Repository/Mobile/Page/Login/Input - Password'

2022-03-07 11:26:12 - [MESSAGE][WARNING] - Timeout '0' is invalid. Using default page load timeout: '60'

2022-03-07 11:26:12 - [MESSAGE][PASSED] - Tapped on element 'Object Repository/Mobile/Page/Login/Input - Password'

2022-03-07 11:26:12 - [TEST_STEP][PASSED] - delay(1): Delayed 1 second(s)

2022-03-07 11:26:13 - [MESSAGE][PASSED] - Delayed 1 second(s)

2022-03-07 11:26:13 - [TEST_STEP][PASSED] - setText(LOGN_EdtRdyPassword, "Shalawa18", 0): Text 'Shalawa18' has been set to element 'Object Repository/Mobile/Page/Login/Input Rdy - Password'

2022-03-07 11:26:13 - [MESSAGE][WARNING] - Timeout '0' is invalid. Using default page load timeout: '60'

2022-03-07 11:26:14 - [MESSAGE][PASSED] - Text 'Shalawa18' has been set to element 'Object Repository/Mobile/Page/Login/Input Rdy - Password'

2022-03-07 11:26:14 - [TEST_STEP][PASSED] - delay(1): Delayed 1 second(s)

2022-03-07 11:26:15 - [MESSAGE][PASSED] - Delayed 1 second(s)

2022-03-07 11:26:15 - [TEST_STEP][PASSED] - hideKeyboard(): Keyboard is hidden

2022-03-07 11:26:21 - [MESSAGE][PASSED] - Keyboard is hidden

2022-03-07 11:26:21 - [TEST_STEP][PASSED] - tap(LOGN_BtnLogin, 0): Tapped on element 'Object Repository/Mobile/Page/Login/Button - Login'

2022-03-07 11:26:21 - [MESSAGE][WARNING] - Timeout '0' is invalid. Using default page load timeout: '60'

2022-03-07 11:26:22 - [MESSAGE][PASSED] - Tapped on element 'Object Repository/Mobile/Page/Login/Button - Login'

2022-03-07 11:26:22 - [TEST_STEP][PASSED] - delay(2): Delayed 2 second(s)

2022-03-07 11:26:24 - [MESSAGE][PASSED] - Delayed 2 second(s)

2022-03-07 11:26:24 - [TEST_STEP][PASSED] - break: null

2022-03-07 11:26:24 - [MESSAGE][PASSED] - Call Test Case 'Test Cases/Mobile/Page/Login/Login' successfully

2022-03-07 11:26:24 - [MESSAGE][PASSED] - Call Test Case 'Test Cases/Mobile/Page/CheckLogin' successfully

2022-03-07 11:26:24 - [TEST_STEP][PASSED] - tap(HOME_MenubarPortfolio, 0): Tapped on element 'Object Repository/Mobile/Page/Home/Menubar - Portfolio'

2022-03-07 11:26:24 - [MESSAGE][WARNING] - Timeout '0' is invalid. Using default page load timeout: '60'

2022-03-07 11:26:26 - [MESSAGE][PASSED] - Tapped on element 'Object Repository/Mobile/Page/Home/Menubar - Portfolio'

2022-03-07 11:26:26 - [TEST_STEP][PASSED] - delay(1): Delayed 1 second(s)

2022-03-07 11:26:27 - [MESSAGE][PASSED] - Delayed 1 second(s)

2022-03-07 11:26:27 - [TEST_STEP][PASSED] - for ([i = 0, i < 1, (i++)]): scroll.scroll.scrollScreenBottomToTop is PASSED

2022-03-07 11:26:27 - [TEST_STEP][PASSED] - if (tab == "summary"): null

2022-03-07 11:26:27 - [TEST_STEP][PASSED] - else if (tab == "stock"): null

2022-03-07 11:26:27 - [TEST_STEP][PASSED] - else if (tab == "mutualfund"): scroll.scroll.scrollScreenBottomToTop is PASSED

2022-03-07 11:26:27 - [TEST_STEP][PASSED] - tap(PORT_TabMutualFund, 0): Tapped on element 'Object Repository/Mobile/Page/Portfolio/Tab - Mutual Fund'

2022-03-07 11:26:27 - [MESSAGE][WARNING] - Timeout '0' is invalid. Using default page load timeout: '60'

2022-03-07 11:26:28 - [MESSAGE][PASSED] - Tapped on element 'Object Repository/Mobile/Page/Portfolio/Tab - Mutual Fund'

2022-03-07 11:26:28 - [TEST_STEP][PASSED] - delay(1): Delayed 1 second(s)

2022-03-07 11:26:29 - [MESSAGE][PASSED] - Delayed 1 second(s)

2022-03-07 11:26:29 - [TEST_STEP][PASSED] - try: scroll.scroll.scrollScreenBottomToTop is PASSED

2022-03-07 11:26:29 - [TEST_STEP][PASSED] - tapAndHold(PORT_ItemTopMutualFund, 1, 10): Tapped and held on element 'Object Repository/Mobile/Page/Portfolio/Item - Top Mutual Fund' with duration 1

2022-03-07 11:26:32 - [MESSAGE][PASSED] - Tapped and held on element 'Object Repository/Mobile/Page/Portfolio/Item - Top Mutual Fund' with duration 1

2022-03-07 11:26:32 - [TEST_STEP][PASSED] - delay(2): Delayed 2 second(s)

2022-03-07 11:26:34 - [MESSAGE][PASSED] - Delayed 2 second(s)

2022-03-07 11:26:34 - [TEST_STEP][PASSED] - switch (action2): null

2022-03-07 11:26:34 - [TEST_STEP][PASSED] - case "6 month":: null

2022-03-07 11:26:34 - [TEST_STEP][PASSED] - tapAndHold(PORT_DETL_Btn6Month, 1, 0): Tapped and held on element 'Object Repository/Mobile/Page/Portfolio/Detail Mutual Funds/Button - 6 Month' with duration 1

2022-03-07 11:26:34 - [MESSAGE][WARNING] - Timeout '0' is invalid. Using default page load timeout: '60'

2022-03-07 11:26:36 - [MESSAGE][PASSED] - Tapped and held on element 'Object Repository/Mobile/Page/Portfolio/Detail Mutual Funds/Button - 6 Month' with duration 1

2022-03-07 11:26:36 - [TEST_STEP][PASSED] - break: null

2022-03-07 11:26:36 - [TEST_STEP][PASSED] - delay(3): Delayed 3 second(s)

2022-03-07 11:26:39 - [MESSAGE][PASSED] - Delayed 3 second(s)

2022-03-07 11:26:39 - [TEST_STEP][PASSED] - scroll.scroll.scrollScreenBottomToTop(): scroll.scroll.scrollScreenBottomToTop is PASSED

2022-03-07 11:26:40 - [MESSAGE][PASSED] - Current device physical height is 1423

2022-03-07 11:26:40 - [MESSAGE][PASSED] - Current device physical width is 720

2022-03-07 11:26:41 - [MESSAGE][PASSED] - Swiped from 360,1,138 to 360,284

2022-03-07 11:26:41 - [MESSAGE][PASSED] - scroll.scroll.scrollScreenBottomToTop is PASSED

2022-03-07 11:26:41 - [MESSAGE][PASSED] - Call Test Case 'Test Cases/Mobile/Page/Portfolio/Portfolio' successfully

2022-03-07 11:26:41 - [TEST_STEP][PASSED] - callTestCase(findTestCase("Mobile/Page/Run App/Terminate App"), [:], STOP_ON_FAILURE): Call Test Case 'Test Cases/Mobile/Page/Run App/Terminate App' successfully

2022-03-07 11:26:41 - [TEST_CASE][PASSED] - Test Cases/Mobile/Page/Run App/Terminate App: Test Cases/Mobile/Page/Run App/Terminate App

2022-03-07 11:26:41 - [TEST_STEP][PASSED] - startApp.OpenApp.terminateApplication(): startApp.OpenApp.terminateApplication is PASSED

2022-03-07 11:26:44 - [MESSAGE][PASSED] - Delayed 3 second(s)

2022-03-07 11:26:44 - [MESSAGE][PASSED] - Current device physical width is 720

2022-03-07 11:26:45 - [MESSAGE][PASSED] - Current device physical height is 1423

2022-03-07 11:26:46 - [MESSAGE][PASSED] - Swiped from 360,853 to 360,142

2022-03-07 11:26:47 - [MESSAGE][PASSED] - Delayed 1 second(s)

2022-03-07 11:26:48 - [MESSAGE][PASSED] - Swiped from 360,853 to 360,142

2022-03-07 11:26:51 - [MESSAGE][PASSED] - Delayed 3 second(s)

2022-03-07 11:26:51 - [MESSAGE][PASSED] - startApp.OpenApp.terminateApplication is PASSED

2022-03-07 11:26:51 - [MESSAGE][PASSED] - Call Test Case 'Test Cases/Mobile/Page/Run App/Terminate App' successfully]]></system-out>
         <system-err><![CDATA[]]></system-err>
      </testcase>
      <testcase name="Test Cases/Mobile/Scenario/Portfolio/016 - Melihat detail mutual fund 1 year" time="64.726" classname="Test Cases/Mobile/Scenario/Portfolio/016 - Melihat detail mutual fund 1 year" status="PASSED">
         <system-out><![CDATA[2022-03-07 11:26:51 - [TEST_CASE][PASSED] - Test Cases/Mobile/Scenario/Portfolio/016 - Melihat detail mutual fund 1 year: Test Cases/Mobile/Scenario/Portfolio/016 - Melihat detail mutual fund 1 year

2022-03-07 11:26:52 - [TEST_STEP][PASSED] - callTestCase(findTestCase("Mobile/Page/Run App/Run App byID"), [:], STOP_ON_FAILURE): Call Test Case 'Test Cases/Mobile/Page/Run App/Run App byID' successfully

2022-03-07 11:26:52 - [TEST_CASE][PASSED] - Test Cases/Mobile/Page/Run App/Run App byID: Test Cases/Mobile/Page/Run App/Run App byID

2022-03-07 11:26:52 - [TEST_STEP][PASSED] - startApp.OpenApp.startApplication("id.co.miraeasset.sageclub"): startApp.OpenApp.startApplication is PASSED

2022-03-07 11:27:04 - [MESSAGE][PASSED] - Starting app with application ID: 'id.co.miraeasset.sageclub'

2022-03-07 11:27:04 - [MESSAGE][PASSED] - startApp.OpenApp.startApplication is PASSED

2022-03-07 11:27:04 - [MESSAGE][PASSED] - Call Test Case 'Test Cases/Mobile/Page/Run App/Run App byID' successfully

2022-03-07 11:27:04 - [TEST_STEP][PASSED] - callTestCase(findTestCase("Mobile/Page/Portfolio/Portfolio"), ["tab":"mutualfund", "action2":"1 year"], CONTINUE_ON_FAILURE): Call Test Case 'Test Cases/Mobile/Page/Portfolio/Portfolio' successfully

2022-03-07 11:27:04 - [TEST_CASE][PASSED] - Test Cases/Mobile/Page/Portfolio/Portfolio: Test Cases/Mobile/Page/Portfolio/Portfolio

2022-03-07 11:27:04 - [TEST_STEP][PASSED] - callTestCase(findTestCase("Mobile/Page/CheckLogin"), [:], CONTINUE_ON_FAILURE): Call Test Case 'Test Cases/Mobile/Page/CheckLogin' successfully

2022-03-07 11:27:04 - [TEST_CASE][PASSED] - Test Cases/Mobile/Page/CheckLogin: Test Cases/Mobile/Page/CheckLogin

2022-03-07 11:27:04 - [TEST_STEP][PASSED] - loginCheck = verifyElementExist(LOGN_BtnLogin, 5, CONTINUE_ON_FAILURE): Element 'Object Repository/Mobile/Page/Login/Button - Login' is exist

2022-03-07 11:27:06 - [MESSAGE][PASSED] - Element 'Object Repository/Mobile/Page/Login/Button - Login' is exist

2022-03-07 11:27:06 - [TEST_STEP][PASSED] - if (loginCheck): Call Test Case 'Test Cases/Mobile/Page/Login/Login' successfully

2022-03-07 11:27:06 - [TEST_STEP][PASSED] - callTestCase(findTestCase("Mobile/Page/Login/Login"), ["action":"username"], CONTINUE_ON_FAILURE): Call Test Case 'Test Cases/Mobile/Page/Login/Login' successfully

2022-03-07 11:27:06 - [TEST_CASE][PASSED] - Test Cases/Mobile/Page/Login/Login: Test Cases/Mobile/Page/Login/Login

2022-03-07 11:27:06 - [TEST_STEP][PASSED] - delay(2): Delayed 2 second(s)

2022-03-07 11:27:08 - [MESSAGE][PASSED] - Delayed 2 second(s)

2022-03-07 11:27:08 - [TEST_STEP][PASSED] - for ([i = 0, i < 1, (i++)]): null

2022-03-07 11:27:08 - [TEST_STEP][PASSED] - if (action == "username"): null

2022-03-07 11:27:08 - [TEST_STEP][PASSED] - tap(LOGN_EdtUserID, 0): Tapped on element 'Object Repository/Mobile/Page/Login/Input - UserID'

2022-03-07 11:27:08 - [MESSAGE][WARNING] - Timeout '0' is invalid. Using default page load timeout: '60'

2022-03-07 11:27:08 - [MESSAGE][PASSED] - Tapped on element 'Object Repository/Mobile/Page/Login/Input - UserID'

2022-03-07 11:27:08 - [TEST_STEP][PASSED] - delay(1): Delayed 1 second(s)

2022-03-07 11:27:10 - [MESSAGE][PASSED] - Delayed 1 second(s)

2022-03-07 11:27:10 - [TEST_STEP][PASSED] - setText(LOGN_EdtRdyUserID, "anggaaditya", 0): Text 'anggaaditya' has been set to element 'Object Repository/Mobile/Page/Login/Input Rdy - UserID'

2022-03-07 11:27:10 - [MESSAGE][WARNING] - Timeout '0' is invalid. Using default page load timeout: '60'

2022-03-07 11:27:10 - [MESSAGE][PASSED] - Text 'anggaaditya' has been set to element 'Object Repository/Mobile/Page/Login/Input Rdy - UserID'

2022-03-07 11:27:10 - [TEST_STEP][PASSED] - delay(1): Delayed 1 second(s)

2022-03-07 11:27:11 - [MESSAGE][PASSED] - Delayed 1 second(s)

2022-03-07 11:27:11 - [TEST_STEP][PASSED] - hideKeyboard(): Keyboard is hidden

2022-03-07 11:27:15 - [MESSAGE][PASSED] - Keyboard is hidden

2022-03-07 11:27:15 - [TEST_STEP][PASSED] - tap(LOGN_EdtPassword, 0): Tapped on element 'Object Repository/Mobile/Page/Login/Input - Password'

2022-03-07 11:27:15 - [MESSAGE][WARNING] - Timeout '0' is invalid. Using default page load timeout: '60'

2022-03-07 11:27:15 - [MESSAGE][PASSED] - Tapped on element 'Object Repository/Mobile/Page/Login/Input - Password'

2022-03-07 11:27:15 - [TEST_STEP][PASSED] - delay(1): Delayed 1 second(s)

2022-03-07 11:27:16 - [MESSAGE][PASSED] - Delayed 1 second(s)

2022-03-07 11:27:16 - [TEST_STEP][PASSED] - setText(LOGN_EdtRdyPassword, "Shalawa18", 0): Text 'Shalawa18' has been set to element 'Object Repository/Mobile/Page/Login/Input Rdy - Password'

2022-03-07 11:27:16 - [MESSAGE][WARNING] - Timeout '0' is invalid. Using default page load timeout: '60'

2022-03-07 11:27:17 - [MESSAGE][PASSED] - Text 'Shalawa18' has been set to element 'Object Repository/Mobile/Page/Login/Input Rdy - Password'

2022-03-07 11:27:17 - [TEST_STEP][PASSED] - delay(1): Delayed 1 second(s)

2022-03-07 11:27:18 - [MESSAGE][PASSED] - Delayed 1 second(s)

2022-03-07 11:27:18 - [TEST_STEP][PASSED] - hideKeyboard(): Keyboard is hidden

2022-03-07 11:27:26 - [MESSAGE][PASSED] - Keyboard is hidden

2022-03-07 11:27:26 - [TEST_STEP][PASSED] - tap(LOGN_BtnLogin, 0): Tapped on element 'Object Repository/Mobile/Page/Login/Button - Login'

2022-03-07 11:27:26 - [MESSAGE][WARNING] - Timeout '0' is invalid. Using default page load timeout: '60'

2022-03-07 11:27:27 - [MESSAGE][PASSED] - Tapped on element 'Object Repository/Mobile/Page/Login/Button - Login'

2022-03-07 11:27:27 - [TEST_STEP][PASSED] - delay(2): Delayed 2 second(s)

2022-03-07 11:27:29 - [MESSAGE][PASSED] - Delayed 2 second(s)

2022-03-07 11:27:29 - [TEST_STEP][PASSED] - break: null

2022-03-07 11:27:29 - [MESSAGE][PASSED] - Call Test Case 'Test Cases/Mobile/Page/Login/Login' successfully

2022-03-07 11:27:29 - [MESSAGE][PASSED] - Call Test Case 'Test Cases/Mobile/Page/CheckLogin' successfully

2022-03-07 11:27:29 - [TEST_STEP][PASSED] - tap(HOME_MenubarPortfolio, 0): Tapped on element 'Object Repository/Mobile/Page/Home/Menubar - Portfolio'

2022-03-07 11:27:29 - [MESSAGE][WARNING] - Timeout '0' is invalid. Using default page load timeout: '60'

2022-03-07 11:27:31 - [MESSAGE][PASSED] - Tapped on element 'Object Repository/Mobile/Page/Home/Menubar - Portfolio'

2022-03-07 11:27:31 - [TEST_STEP][PASSED] - delay(1): Delayed 1 second(s)

2022-03-07 11:27:32 - [MESSAGE][PASSED] - Delayed 1 second(s)

2022-03-07 11:27:32 - [TEST_STEP][PASSED] - for ([i = 0, i < 1, (i++)]): scroll.scroll.scrollScreenBottomToTop is PASSED

2022-03-07 11:27:32 - [TEST_STEP][PASSED] - if (tab == "summary"): null

2022-03-07 11:27:32 - [TEST_STEP][PASSED] - else if (tab == "stock"): null

2022-03-07 11:27:32 - [TEST_STEP][PASSED] - else if (tab == "mutualfund"): scroll.scroll.scrollScreenBottomToTop is PASSED

2022-03-07 11:27:32 - [TEST_STEP][PASSED] - tap(PORT_TabMutualFund, 0): Tapped on element 'Object Repository/Mobile/Page/Portfolio/Tab - Mutual Fund'

2022-03-07 11:27:32 - [MESSAGE][WARNING] - Timeout '0' is invalid. Using default page load timeout: '60'

2022-03-07 11:27:32 - [MESSAGE][PASSED] - Tapped on element 'Object Repository/Mobile/Page/Portfolio/Tab - Mutual Fund'

2022-03-07 11:27:32 - [TEST_STEP][PASSED] - delay(1): Delayed 1 second(s)

2022-03-07 11:27:33 - [MESSAGE][PASSED] - Delayed 1 second(s)

2022-03-07 11:27:33 - [TEST_STEP][PASSED] - try: scroll.scroll.scrollScreenBottomToTop is PASSED

2022-03-07 11:27:33 - [TEST_STEP][PASSED] - tapAndHold(PORT_ItemTopMutualFund, 1, 10): Tapped and held on element 'Object Repository/Mobile/Page/Portfolio/Item - Top Mutual Fund' with duration 1

2022-03-07 11:27:36 - [MESSAGE][PASSED] - Tapped and held on element 'Object Repository/Mobile/Page/Portfolio/Item - Top Mutual Fund' with duration 1

2022-03-07 11:27:36 - [TEST_STEP][PASSED] - delay(2): Delayed 2 second(s)

2022-03-07 11:27:38 - [MESSAGE][PASSED] - Delayed 2 second(s)

2022-03-07 11:27:38 - [TEST_STEP][PASSED] - switch (action2): null

2022-03-07 11:27:38 - [TEST_STEP][PASSED] - case "1 year":: null

2022-03-07 11:27:38 - [TEST_STEP][PASSED] - tapAndHold(PORT_DETL_Btn1Year, 1, 0): Tapped and held on element 'Object Repository/Mobile/Page/Portfolio/Detail Mutual Funds/Button - 1 Year' with duration 1

2022-03-07 11:27:38 - [MESSAGE][WARNING] - Timeout '0' is invalid. Using default page load timeout: '60'

2022-03-07 11:27:41 - [MESSAGE][PASSED] - Tapped and held on element 'Object Repository/Mobile/Page/Portfolio/Detail Mutual Funds/Button - 1 Year' with duration 1

2022-03-07 11:27:41 - [TEST_STEP][PASSED] - break: null

2022-03-07 11:27:41 - [TEST_STEP][PASSED] - delay(3): Delayed 3 second(s)

2022-03-07 11:27:44 - [MESSAGE][PASSED] - Delayed 3 second(s)

2022-03-07 11:27:44 - [TEST_STEP][PASSED] - scroll.scroll.scrollScreenBottomToTop(): scroll.scroll.scrollScreenBottomToTop is PASSED

2022-03-07 11:27:44 - [MESSAGE][PASSED] - Current device physical height is 1423

2022-03-07 11:27:45 - [MESSAGE][PASSED] - Current device physical width is 720

2022-03-07 11:27:46 - [MESSAGE][PASSED] - Swiped from 360,1,138 to 360,284

2022-03-07 11:27:46 - [MESSAGE][PASSED] - scroll.scroll.scrollScreenBottomToTop is PASSED

2022-03-07 11:27:46 - [MESSAGE][PASSED] - Call Test Case 'Test Cases/Mobile/Page/Portfolio/Portfolio' successfully

2022-03-07 11:27:46 - [TEST_STEP][PASSED] - callTestCase(findTestCase("Mobile/Page/Run App/Terminate App"), [:], STOP_ON_FAILURE): Call Test Case 'Test Cases/Mobile/Page/Run App/Terminate App' successfully

2022-03-07 11:27:46 - [TEST_CASE][PASSED] - Test Cases/Mobile/Page/Run App/Terminate App: Test Cases/Mobile/Page/Run App/Terminate App

2022-03-07 11:27:46 - [TEST_STEP][PASSED] - startApp.OpenApp.terminateApplication(): startApp.OpenApp.terminateApplication is PASSED

2022-03-07 11:27:49 - [MESSAGE][PASSED] - Delayed 3 second(s)

2022-03-07 11:27:49 - [MESSAGE][PASSED] - Current device physical width is 720

2022-03-07 11:27:50 - [MESSAGE][PASSED] - Current device physical height is 1423

2022-03-07 11:27:51 - [MESSAGE][PASSED] - Swiped from 360,853 to 360,142

2022-03-07 11:27:52 - [MESSAGE][PASSED] - Delayed 1 second(s)

2022-03-07 11:27:53 - [MESSAGE][PASSED] - Swiped from 360,853 to 360,142

2022-03-07 11:27:56 - [MESSAGE][PASSED] - Delayed 3 second(s)

2022-03-07 11:27:56 - [MESSAGE][PASSED] - startApp.OpenApp.terminateApplication is PASSED

2022-03-07 11:27:56 - [MESSAGE][PASSED] - Call Test Case 'Test Cases/Mobile/Page/Run App/Terminate App' successfully]]></system-out>
         <system-err><![CDATA[]]></system-err>
      </testcase>
      <testcase name="Test Cases/Mobile/Scenario/Portfolio/017 - Melihat detail mutual fund 3 year" time="67.211" classname="Test Cases/Mobile/Scenario/Portfolio/017 - Melihat detail mutual fund 3 year" status="PASSED">
         <system-out><![CDATA[2022-03-07 11:27:56 - [TEST_CASE][PASSED] - Test Cases/Mobile/Scenario/Portfolio/017 - Melihat detail mutual fund 3 year: Test Cases/Mobile/Scenario/Portfolio/017 - Melihat detail mutual fund 3 year

2022-03-07 11:27:56 - [TEST_STEP][PASSED] - callTestCase(findTestCase("Mobile/Page/Run App/Run App byID"), [:], STOP_ON_FAILURE): Call Test Case 'Test Cases/Mobile/Page/Run App/Run App byID' successfully

2022-03-07 11:27:56 - [TEST_CASE][PASSED] - Test Cases/Mobile/Page/Run App/Run App byID: Test Cases/Mobile/Page/Run App/Run App byID

2022-03-07 11:27:56 - [TEST_STEP][PASSED] - startApp.OpenApp.startApplication("id.co.miraeasset.sageclub"): startApp.OpenApp.startApplication is PASSED

2022-03-07 11:28:11 - [MESSAGE][PASSED] - Starting app with application ID: 'id.co.miraeasset.sageclub'

2022-03-07 11:28:11 - [MESSAGE][PASSED] - startApp.OpenApp.startApplication is PASSED

2022-03-07 11:28:11 - [MESSAGE][PASSED] - Call Test Case 'Test Cases/Mobile/Page/Run App/Run App byID' successfully

2022-03-07 11:28:11 - [TEST_STEP][PASSED] - callTestCase(findTestCase("Mobile/Page/Portfolio/Portfolio"), ["tab":"mutualfund", "action2":"3 year"], CONTINUE_ON_FAILURE): Call Test Case 'Test Cases/Mobile/Page/Portfolio/Portfolio' successfully

2022-03-07 11:28:11 - [TEST_CASE][PASSED] - Test Cases/Mobile/Page/Portfolio/Portfolio: Test Cases/Mobile/Page/Portfolio/Portfolio

2022-03-07 11:28:11 - [TEST_STEP][PASSED] - callTestCase(findTestCase("Mobile/Page/CheckLogin"), [:], CONTINUE_ON_FAILURE): Call Test Case 'Test Cases/Mobile/Page/CheckLogin' successfully

2022-03-07 11:28:11 - [TEST_CASE][PASSED] - Test Cases/Mobile/Page/CheckLogin: Test Cases/Mobile/Page/CheckLogin

2022-03-07 11:28:11 - [TEST_STEP][PASSED] - loginCheck = verifyElementExist(LOGN_BtnLogin, 5, CONTINUE_ON_FAILURE): Element 'Object Repository/Mobile/Page/Login/Button - Login' is exist

2022-03-07 11:28:13 - [MESSAGE][PASSED] - Element 'Object Repository/Mobile/Page/Login/Button - Login' is exist

2022-03-07 11:28:13 - [TEST_STEP][PASSED] - if (loginCheck): Call Test Case 'Test Cases/Mobile/Page/Login/Login' successfully

2022-03-07 11:28:13 - [TEST_STEP][PASSED] - callTestCase(findTestCase("Mobile/Page/Login/Login"), ["action":"username"], CONTINUE_ON_FAILURE): Call Test Case 'Test Cases/Mobile/Page/Login/Login' successfully

2022-03-07 11:28:13 - [TEST_CASE][PASSED] - Test Cases/Mobile/Page/Login/Login: Test Cases/Mobile/Page/Login/Login

2022-03-07 11:28:13 - [TEST_STEP][PASSED] - delay(2): Delayed 2 second(s)

2022-03-07 11:28:15 - [MESSAGE][PASSED] - Delayed 2 second(s)

2022-03-07 11:28:15 - [TEST_STEP][PASSED] - for ([i = 0, i < 1, (i++)]): null

2022-03-07 11:28:15 - [TEST_STEP][PASSED] - if (action == "username"): null

2022-03-07 11:28:15 - [TEST_STEP][PASSED] - tap(LOGN_EdtUserID, 0): Tapped on element 'Object Repository/Mobile/Page/Login/Input - UserID'

2022-03-07 11:28:15 - [MESSAGE][WARNING] - Timeout '0' is invalid. Using default page load timeout: '60'

2022-03-07 11:28:16 - [MESSAGE][PASSED] - Tapped on element 'Object Repository/Mobile/Page/Login/Input - UserID'

2022-03-07 11:28:16 - [TEST_STEP][PASSED] - delay(1): Delayed 1 second(s)

2022-03-07 11:28:17 - [MESSAGE][PASSED] - Delayed 1 second(s)

2022-03-07 11:28:17 - [TEST_STEP][PASSED] - setText(LOGN_EdtRdyUserID, "anggaaditya", 0): Text 'anggaaditya' has been set to element 'Object Repository/Mobile/Page/Login/Input Rdy - UserID'

2022-03-07 11:28:17 - [MESSAGE][WARNING] - Timeout '0' is invalid. Using default page load timeout: '60'

2022-03-07 11:28:17 - [MESSAGE][PASSED] - Text 'anggaaditya' has been set to element 'Object Repository/Mobile/Page/Login/Input Rdy - UserID'

2022-03-07 11:28:17 - [TEST_STEP][PASSED] - delay(1): Delayed 1 second(s)

2022-03-07 11:28:18 - [MESSAGE][PASSED] - Delayed 1 second(s)

2022-03-07 11:28:18 - [TEST_STEP][PASSED] - hideKeyboard(): Keyboard is hidden

2022-03-07 11:28:22 - [MESSAGE][PASSED] - Keyboard is hidden

2022-03-07 11:28:22 - [TEST_STEP][PASSED] - tap(LOGN_EdtPassword, 0): Tapped on element 'Object Repository/Mobile/Page/Login/Input - Password'

2022-03-07 11:28:22 - [MESSAGE][WARNING] - Timeout '0' is invalid. Using default page load timeout: '60'

2022-03-07 11:28:22 - [MESSAGE][PASSED] - Tapped on element 'Object Repository/Mobile/Page/Login/Input - Password'

2022-03-07 11:28:22 - [TEST_STEP][PASSED] - delay(1): Delayed 1 second(s)

2022-03-07 11:28:23 - [MESSAGE][PASSED] - Delayed 1 second(s)

2022-03-07 11:28:23 - [TEST_STEP][PASSED] - setText(LOGN_EdtRdyPassword, "Shalawa18", 0): Text 'Shalawa18' has been set to element 'Object Repository/Mobile/Page/Login/Input Rdy - Password'

2022-03-07 11:28:23 - [MESSAGE][WARNING] - Timeout '0' is invalid. Using default page load timeout: '60'

2022-03-07 11:28:24 - [MESSAGE][PASSED] - Text 'Shalawa18' has been set to element 'Object Repository/Mobile/Page/Login/Input Rdy - Password'

2022-03-07 11:28:24 - [TEST_STEP][PASSED] - delay(1): Delayed 1 second(s)

2022-03-07 11:28:25 - [MESSAGE][PASSED] - Delayed 1 second(s)

2022-03-07 11:28:25 - [TEST_STEP][PASSED] - hideKeyboard(): Keyboard is hidden

2022-03-07 11:28:33 - [MESSAGE][PASSED] - Keyboard is hidden

2022-03-07 11:28:33 - [TEST_STEP][PASSED] - tap(LOGN_BtnLogin, 0): Tapped on element 'Object Repository/Mobile/Page/Login/Button - Login'

2022-03-07 11:28:33 - [MESSAGE][WARNING] - Timeout '0' is invalid. Using default page load timeout: '60'

2022-03-07 11:28:34 - [MESSAGE][PASSED] - Tapped on element 'Object Repository/Mobile/Page/Login/Button - Login'

2022-03-07 11:28:34 - [TEST_STEP][PASSED] - delay(2): Delayed 2 second(s)

2022-03-07 11:28:36 - [MESSAGE][PASSED] - Delayed 2 second(s)

2022-03-07 11:28:36 - [TEST_STEP][PASSED] - break: null

2022-03-07 11:28:36 - [MESSAGE][PASSED] - Call Test Case 'Test Cases/Mobile/Page/Login/Login' successfully

2022-03-07 11:28:36 - [MESSAGE][PASSED] - Call Test Case 'Test Cases/Mobile/Page/CheckLogin' successfully

2022-03-07 11:28:36 - [TEST_STEP][PASSED] - tap(HOME_MenubarPortfolio, 0): Tapped on element 'Object Repository/Mobile/Page/Home/Menubar - Portfolio'

2022-03-07 11:28:36 - [MESSAGE][WARNING] - Timeout '0' is invalid. Using default page load timeout: '60'

2022-03-07 11:28:38 - [MESSAGE][PASSED] - Tapped on element 'Object Repository/Mobile/Page/Home/Menubar - Portfolio'

2022-03-07 11:28:38 - [TEST_STEP][PASSED] - delay(1): Delayed 1 second(s)

2022-03-07 11:28:39 - [MESSAGE][PASSED] - Delayed 1 second(s)

2022-03-07 11:28:39 - [TEST_STEP][PASSED] - for ([i = 0, i < 1, (i++)]): scroll.scroll.scrollScreenBottomToTop is PASSED

2022-03-07 11:28:39 - [TEST_STEP][PASSED] - if (tab == "summary"): null

2022-03-07 11:28:39 - [TEST_STEP][PASSED] - else if (tab == "stock"): null

2022-03-07 11:28:39 - [TEST_STEP][PASSED] - else if (tab == "mutualfund"): scroll.scroll.scrollScreenBottomToTop is PASSED

2022-03-07 11:28:39 - [TEST_STEP][PASSED] - tap(PORT_TabMutualFund, 0): Tapped on element 'Object Repository/Mobile/Page/Portfolio/Tab - Mutual Fund'

2022-03-07 11:28:39 - [MESSAGE][WARNING] - Timeout '0' is invalid. Using default page load timeout: '60'

2022-03-07 11:28:40 - [MESSAGE][PASSED] - Tapped on element 'Object Repository/Mobile/Page/Portfolio/Tab - Mutual Fund'

2022-03-07 11:28:40 - [TEST_STEP][PASSED] - delay(1): Delayed 1 second(s)

2022-03-07 11:28:41 - [MESSAGE][PASSED] - Delayed 1 second(s)

2022-03-07 11:28:41 - [TEST_STEP][PASSED] - try: scroll.scroll.scrollScreenBottomToTop is PASSED

2022-03-07 11:28:41 - [TEST_STEP][PASSED] - tapAndHold(PORT_ItemTopMutualFund, 1, 10): Tapped and held on element 'Object Repository/Mobile/Page/Portfolio/Item - Top Mutual Fund' with duration 1

2022-03-07 11:28:44 - [MESSAGE][PASSED] - Tapped and held on element 'Object Repository/Mobile/Page/Portfolio/Item - Top Mutual Fund' with duration 1

2022-03-07 11:28:44 - [TEST_STEP][PASSED] - delay(2): Delayed 2 second(s)

2022-03-07 11:28:46 - [MESSAGE][PASSED] - Delayed 2 second(s)

2022-03-07 11:28:46 - [TEST_STEP][PASSED] - switch (action2): null

2022-03-07 11:28:46 - [TEST_STEP][PASSED] - case "3 year":: null

2022-03-07 11:28:46 - [TEST_STEP][PASSED] - tapAndHold(PORT_DETL_Btn3Year, 1, 0): Tapped and held on element 'Object Repository/Mobile/Page/Portfolio/Detail Mutual Funds/Button - 3 Year' with duration 1

2022-03-07 11:28:46 - [MESSAGE][WARNING] - Timeout '0' is invalid. Using default page load timeout: '60'

2022-03-07 11:28:49 - [MESSAGE][PASSED] - Tapped and held on element 'Object Repository/Mobile/Page/Portfolio/Detail Mutual Funds/Button - 3 Year' with duration 1

2022-03-07 11:28:49 - [TEST_STEP][PASSED] - break: null

2022-03-07 11:28:49 - [TEST_STEP][PASSED] - delay(3): Delayed 3 second(s)

2022-03-07 11:28:52 - [MESSAGE][PASSED] - Delayed 3 second(s)

2022-03-07 11:28:52 - [TEST_STEP][PASSED] - scroll.scroll.scrollScreenBottomToTop(): scroll.scroll.scrollScreenBottomToTop is PASSED

2022-03-07 11:28:52 - [MESSAGE][PASSED] - Current device physical height is 1423

2022-03-07 11:28:52 - [MESSAGE][PASSED] - Current device physical width is 720

2022-03-07 11:28:53 - [MESSAGE][PASSED] - Swiped from 360,1,138 to 360,284

2022-03-07 11:28:53 - [MESSAGE][PASSED] - scroll.scroll.scrollScreenBottomToTop is PASSED

2022-03-07 11:28:53 - [MESSAGE][PASSED] - Call Test Case 'Test Cases/Mobile/Page/Portfolio/Portfolio' successfully

2022-03-07 11:28:53 - [TEST_STEP][PASSED] - callTestCase(findTestCase("Mobile/Page/Run App/Terminate App"), [:], STOP_ON_FAILURE): Call Test Case 'Test Cases/Mobile/Page/Run App/Terminate App' successfully

2022-03-07 11:28:53 - [TEST_CASE][PASSED] - Test Cases/Mobile/Page/Run App/Terminate App: Test Cases/Mobile/Page/Run App/Terminate App

2022-03-07 11:28:53 - [TEST_STEP][PASSED] - startApp.OpenApp.terminateApplication(): startApp.OpenApp.terminateApplication is PASSED

2022-03-07 11:28:56 - [MESSAGE][PASSED] - Delayed 3 second(s)

2022-03-07 11:28:56 - [MESSAGE][PASSED] - Current device physical width is 720

2022-03-07 11:28:57 - [MESSAGE][PASSED] - Current device physical height is 1423

2022-03-07 11:28:58 - [MESSAGE][PASSED] - Swiped from 360,853 to 360,142

2022-03-07 11:28:59 - [MESSAGE][PASSED] - Delayed 1 second(s)

2022-03-07 11:29:00 - [MESSAGE][PASSED] - Swiped from 360,853 to 360,142

2022-03-07 11:29:03 - [MESSAGE][PASSED] - Delayed 3 second(s)

2022-03-07 11:29:03 - [MESSAGE][PASSED] - startApp.OpenApp.terminateApplication is PASSED

2022-03-07 11:29:03 - [MESSAGE][PASSED] - Call Test Case 'Test Cases/Mobile/Page/Run App/Terminate App' successfully]]></system-out>
         <system-err><![CDATA[]]></system-err>
      </testcase>
      <testcase name="Test Cases/Mobile/Scenario/Portfolio/018 - Melihat detail mutual fund 5 year" time="63.422" classname="Test Cases/Mobile/Scenario/Portfolio/018 - Melihat detail mutual fund 5 year" status="PASSED">
         <system-out><![CDATA[2022-03-07 11:29:03 - [TEST_CASE][PASSED] - Test Cases/Mobile/Scenario/Portfolio/018 - Melihat detail mutual fund 5 year: Test Cases/Mobile/Scenario/Portfolio/018 - Melihat detail mutual fund 5 year

2022-03-07 11:29:04 - [TEST_STEP][PASSED] - callTestCase(findTestCase("Mobile/Page/Run App/Run App byID"), [:], STOP_ON_FAILURE): Call Test Case 'Test Cases/Mobile/Page/Run App/Run App byID' successfully

2022-03-07 11:29:04 - [TEST_CASE][PASSED] - Test Cases/Mobile/Page/Run App/Run App byID: Test Cases/Mobile/Page/Run App/Run App byID

2022-03-07 11:29:04 - [TEST_STEP][PASSED] - startApp.OpenApp.startApplication("id.co.miraeasset.sageclub"): startApp.OpenApp.startApplication is PASSED

2022-03-07 11:29:16 - [MESSAGE][PASSED] - Starting app with application ID: 'id.co.miraeasset.sageclub'

2022-03-07 11:29:16 - [MESSAGE][PASSED] - startApp.OpenApp.startApplication is PASSED

2022-03-07 11:29:16 - [MESSAGE][PASSED] - Call Test Case 'Test Cases/Mobile/Page/Run App/Run App byID' successfully

2022-03-07 11:29:16 - [TEST_STEP][PASSED] - callTestCase(findTestCase("Mobile/Page/Portfolio/Portfolio"), ["tab":"mutualfund", "action2":"5 year"], CONTINUE_ON_FAILURE): Call Test Case 'Test Cases/Mobile/Page/Portfolio/Portfolio' successfully

2022-03-07 11:29:16 - [TEST_CASE][PASSED] - Test Cases/Mobile/Page/Portfolio/Portfolio: Test Cases/Mobile/Page/Portfolio/Portfolio

2022-03-07 11:29:16 - [TEST_STEP][PASSED] - callTestCase(findTestCase("Mobile/Page/CheckLogin"), [:], CONTINUE_ON_FAILURE): Call Test Case 'Test Cases/Mobile/Page/CheckLogin' successfully

2022-03-07 11:29:16 - [TEST_CASE][PASSED] - Test Cases/Mobile/Page/CheckLogin: Test Cases/Mobile/Page/CheckLogin

2022-03-07 11:29:16 - [TEST_STEP][PASSED] - loginCheck = verifyElementExist(LOGN_BtnLogin, 5, CONTINUE_ON_FAILURE): Element 'Object Repository/Mobile/Page/Login/Button - Login' is exist

2022-03-07 11:29:18 - [MESSAGE][PASSED] - Element 'Object Repository/Mobile/Page/Login/Button - Login' is exist

2022-03-07 11:29:18 - [TEST_STEP][PASSED] - if (loginCheck): Call Test Case 'Test Cases/Mobile/Page/Login/Login' successfully

2022-03-07 11:29:18 - [TEST_STEP][PASSED] - callTestCase(findTestCase("Mobile/Page/Login/Login"), ["action":"username"], CONTINUE_ON_FAILURE): Call Test Case 'Test Cases/Mobile/Page/Login/Login' successfully

2022-03-07 11:29:18 - [TEST_CASE][PASSED] - Test Cases/Mobile/Page/Login/Login: Test Cases/Mobile/Page/Login/Login

2022-03-07 11:29:18 - [TEST_STEP][PASSED] - delay(2): Delayed 2 second(s)

2022-03-07 11:29:20 - [MESSAGE][PASSED] - Delayed 2 second(s)

2022-03-07 11:29:20 - [TEST_STEP][PASSED] - for ([i = 0, i < 1, (i++)]): null

2022-03-07 11:29:20 - [TEST_STEP][PASSED] - if (action == "username"): null

2022-03-07 11:29:20 - [TEST_STEP][PASSED] - tap(LOGN_EdtUserID, 0): Tapped on element 'Object Repository/Mobile/Page/Login/Input - UserID'

2022-03-07 11:29:20 - [MESSAGE][WARNING] - Timeout '0' is invalid. Using default page load timeout: '60'

2022-03-07 11:29:20 - [MESSAGE][PASSED] - Tapped on element 'Object Repository/Mobile/Page/Login/Input - UserID'

2022-03-07 11:29:20 - [TEST_STEP][PASSED] - delay(1): Delayed 1 second(s)

2022-03-07 11:29:21 - [MESSAGE][PASSED] - Delayed 1 second(s)

2022-03-07 11:29:21 - [TEST_STEP][PASSED] - setText(LOGN_EdtRdyUserID, "anggaaditya", 0): Text 'anggaaditya' has been set to element 'Object Repository/Mobile/Page/Login/Input Rdy - UserID'

2022-03-07 11:29:21 - [MESSAGE][WARNING] - Timeout '0' is invalid. Using default page load timeout: '60'

2022-03-07 11:29:22 - [MESSAGE][PASSED] - Text 'anggaaditya' has been set to element 'Object Repository/Mobile/Page/Login/Input Rdy - UserID'

2022-03-07 11:29:22 - [TEST_STEP][PASSED] - delay(1): Delayed 1 second(s)

2022-03-07 11:29:23 - [MESSAGE][PASSED] - Delayed 1 second(s)

2022-03-07 11:29:23 - [TEST_STEP][PASSED] - hideKeyboard(): Keyboard is hidden

2022-03-07 11:29:27 - [MESSAGE][PASSED] - Keyboard is hidden

2022-03-07 11:29:27 - [TEST_STEP][PASSED] - tap(LOGN_EdtPassword, 0): Tapped on element 'Object Repository/Mobile/Page/Login/Input - Password'

2022-03-07 11:29:27 - [MESSAGE][WARNING] - Timeout '0' is invalid. Using default page load timeout: '60'

2022-03-07 11:29:27 - [MESSAGE][PASSED] - Tapped on element 'Object Repository/Mobile/Page/Login/Input - Password'

2022-03-07 11:29:27 - [TEST_STEP][PASSED] - delay(1): Delayed 1 second(s)

2022-03-07 11:29:28 - [MESSAGE][PASSED] - Delayed 1 second(s)

2022-03-07 11:29:28 - [TEST_STEP][PASSED] - setText(LOGN_EdtRdyPassword, "Shalawa18", 0): Text 'Shalawa18' has been set to element 'Object Repository/Mobile/Page/Login/Input Rdy - Password'

2022-03-07 11:29:28 - [MESSAGE][WARNING] - Timeout '0' is invalid. Using default page load timeout: '60'

2022-03-07 11:29:29 - [MESSAGE][PASSED] - Text 'Shalawa18' has been set to element 'Object Repository/Mobile/Page/Login/Input Rdy - Password'

2022-03-07 11:29:29 - [TEST_STEP][PASSED] - delay(1): Delayed 1 second(s)

2022-03-07 11:29:30 - [MESSAGE][PASSED] - Delayed 1 second(s)

2022-03-07 11:29:30 - [TEST_STEP][PASSED] - hideKeyboard(): Keyboard is hidden

2022-03-07 11:29:36 - [MESSAGE][PASSED] - Keyboard is hidden

2022-03-07 11:29:36 - [TEST_STEP][PASSED] - tap(LOGN_BtnLogin, 0): Tapped on element 'Object Repository/Mobile/Page/Login/Button - Login'

2022-03-07 11:29:36 - [MESSAGE][WARNING] - Timeout '0' is invalid. Using default page load timeout: '60'

2022-03-07 11:29:37 - [MESSAGE][PASSED] - Tapped on element 'Object Repository/Mobile/Page/Login/Button - Login'

2022-03-07 11:29:37 - [TEST_STEP][PASSED] - delay(2): Delayed 2 second(s)

2022-03-07 11:29:39 - [MESSAGE][PASSED] - Delayed 2 second(s)

2022-03-07 11:29:39 - [TEST_STEP][PASSED] - break: null

2022-03-07 11:29:39 - [MESSAGE][PASSED] - Call Test Case 'Test Cases/Mobile/Page/Login/Login' successfully

2022-03-07 11:29:39 - [MESSAGE][PASSED] - Call Test Case 'Test Cases/Mobile/Page/CheckLogin' successfully

2022-03-07 11:29:39 - [TEST_STEP][PASSED] - tap(HOME_MenubarPortfolio, 0): Tapped on element 'Object Repository/Mobile/Page/Home/Menubar - Portfolio'

2022-03-07 11:29:39 - [MESSAGE][WARNING] - Timeout '0' is invalid. Using default page load timeout: '60'

2022-03-07 11:29:42 - [MESSAGE][PASSED] - Tapped on element 'Object Repository/Mobile/Page/Home/Menubar - Portfolio'

2022-03-07 11:29:42 - [TEST_STEP][PASSED] - delay(1): Delayed 1 second(s)

2022-03-07 11:29:43 - [MESSAGE][PASSED] - Delayed 1 second(s)

2022-03-07 11:29:43 - [TEST_STEP][PASSED] - for ([i = 0, i < 1, (i++)]): scroll.scroll.scrollScreenBottomToTop is PASSED

2022-03-07 11:29:43 - [TEST_STEP][PASSED] - if (tab == "summary"): null

2022-03-07 11:29:43 - [TEST_STEP][PASSED] - else if (tab == "stock"): null

2022-03-07 11:29:43 - [TEST_STEP][PASSED] - else if (tab == "mutualfund"): scroll.scroll.scrollScreenBottomToTop is PASSED

2022-03-07 11:29:43 - [TEST_STEP][PASSED] - tap(PORT_TabMutualFund, 0): Tapped on element 'Object Repository/Mobile/Page/Portfolio/Tab - Mutual Fund'

2022-03-07 11:29:43 - [MESSAGE][WARNING] - Timeout '0' is invalid. Using default page load timeout: '60'

2022-03-07 11:29:43 - [MESSAGE][PASSED] - Tapped on element 'Object Repository/Mobile/Page/Portfolio/Tab - Mutual Fund'

2022-03-07 11:29:43 - [TEST_STEP][PASSED] - delay(1): Delayed 1 second(s)

2022-03-07 11:29:44 - [MESSAGE][PASSED] - Delayed 1 second(s)

2022-03-07 11:29:44 - [TEST_STEP][PASSED] - try: scroll.scroll.scrollScreenBottomToTop is PASSED

2022-03-07 11:29:44 - [TEST_STEP][PASSED] - tapAndHold(PORT_ItemTopMutualFund, 1, 10): Tapped and held on element 'Object Repository/Mobile/Page/Portfolio/Item - Top Mutual Fund' with duration 1

2022-03-07 11:29:47 - [MESSAGE][PASSED] - Tapped and held on element 'Object Repository/Mobile/Page/Portfolio/Item - Top Mutual Fund' with duration 1

2022-03-07 11:29:47 - [TEST_STEP][PASSED] - delay(2): Delayed 2 second(s)

2022-03-07 11:29:49 - [MESSAGE][PASSED] - Delayed 2 second(s)

2022-03-07 11:29:49 - [TEST_STEP][PASSED] - switch (action2): null

2022-03-07 11:29:49 - [TEST_STEP][PASSED] - case "5 year":: null

2022-03-07 11:29:49 - [TEST_STEP][PASSED] - tapAndHold(PORT_DETL_Btn5Year, 1, 0): Tapped and held on element 'Object Repository/Mobile/Page/Portfolio/Detail Mutual Funds/Button - 5 Year' with duration 1

2022-03-07 11:29:49 - [MESSAGE][WARNING] - Timeout '0' is invalid. Using default page load timeout: '60'

2022-03-07 11:29:52 - [MESSAGE][PASSED] - Tapped and held on element 'Object Repository/Mobile/Page/Portfolio/Detail Mutual Funds/Button - 5 Year' with duration 1

2022-03-07 11:29:52 - [TEST_STEP][PASSED] - break: null

2022-03-07 11:29:52 - [TEST_STEP][PASSED] - delay(3): Delayed 3 second(s)

2022-03-07 11:29:55 - [MESSAGE][PASSED] - Delayed 3 second(s)

2022-03-07 11:29:55 - [TEST_STEP][PASSED] - scroll.scroll.scrollScreenBottomToTop(): scroll.scroll.scrollScreenBottomToTop is PASSED

2022-03-07 11:29:55 - [MESSAGE][PASSED] - Current device physical height is 1423

2022-03-07 11:29:55 - [MESSAGE][PASSED] - Current device physical width is 720

2022-03-07 11:29:57 - [MESSAGE][PASSED] - Swiped from 360,1,138 to 360,284

2022-03-07 11:29:57 - [MESSAGE][PASSED] - scroll.scroll.scrollScreenBottomToTop is PASSED

2022-03-07 11:29:57 - [MESSAGE][PASSED] - Call Test Case 'Test Cases/Mobile/Page/Portfolio/Portfolio' successfully

2022-03-07 11:29:57 - [TEST_STEP][PASSED] - callTestCase(findTestCase("Mobile/Page/Run App/Terminate App"), [:], STOP_ON_FAILURE): Call Test Case 'Test Cases/Mobile/Page/Run App/Terminate App' successfully

2022-03-07 11:29:57 - [TEST_CASE][PASSED] - Test Cases/Mobile/Page/Run App/Terminate App: Test Cases/Mobile/Page/Run App/Terminate App

2022-03-07 11:29:57 - [TEST_STEP][PASSED] - startApp.OpenApp.terminateApplication(): startApp.OpenApp.terminateApplication is PASSED

2022-03-07 11:30:00 - [MESSAGE][PASSED] - Delayed 3 second(s)

2022-03-07 11:30:00 - [MESSAGE][PASSED] - Current device physical width is 720

2022-03-07 11:30:00 - [MESSAGE][PASSED] - Current device physical height is 1423

2022-03-07 11:30:01 - [MESSAGE][PASSED] - Swiped from 360,853 to 360,142

2022-03-07 11:30:02 - [MESSAGE][PASSED] - Delayed 1 second(s)

2022-03-07 11:30:04 - [MESSAGE][PASSED] - Swiped from 360,853 to 360,142

2022-03-07 11:30:07 - [MESSAGE][PASSED] - Delayed 3 second(s)

2022-03-07 11:30:07 - [MESSAGE][PASSED] - startApp.OpenApp.terminateApplication is PASSED

2022-03-07 11:30:07 - [MESSAGE][PASSED] - Call Test Case 'Test Cases/Mobile/Page/Run App/Terminate App' successfully]]></system-out>
         <system-err><![CDATA[]]></system-err>
      </testcase>
      <testcase name="Test Cases/Mobile/Scenario/Portfolio/019 - Melihat detail mutual fund 10 year" time="64.386" classname="Test Cases/Mobile/Scenario/Portfolio/019 - Melihat detail mutual fund 10 year" status="PASSED">
         <system-out><![CDATA[2022-03-07 11:30:07 - [TEST_CASE][PASSED] - Test Cases/Mobile/Scenario/Portfolio/019 - Melihat detail mutual fund 10 year: Test Cases/Mobile/Scenario/Portfolio/019 - Melihat detail mutual fund 10 year

2022-03-07 11:30:07 - [TEST_STEP][PASSED] - callTestCase(findTestCase("Mobile/Page/Run App/Run App byID"), [:], STOP_ON_FAILURE): Call Test Case 'Test Cases/Mobile/Page/Run App/Run App byID' successfully

2022-03-07 11:30:07 - [TEST_CASE][PASSED] - Test Cases/Mobile/Page/Run App/Run App byID: Test Cases/Mobile/Page/Run App/Run App byID

2022-03-07 11:30:07 - [TEST_STEP][PASSED] - startApp.OpenApp.startApplication("id.co.miraeasset.sageclub"): startApp.OpenApp.startApplication is PASSED

2022-03-07 11:30:19 - [MESSAGE][PASSED] - Starting app with application ID: 'id.co.miraeasset.sageclub'

2022-03-07 11:30:19 - [MESSAGE][PASSED] - startApp.OpenApp.startApplication is PASSED

2022-03-07 11:30:19 - [MESSAGE][PASSED] - Call Test Case 'Test Cases/Mobile/Page/Run App/Run App byID' successfully

2022-03-07 11:30:19 - [TEST_STEP][PASSED] - callTestCase(findTestCase("Mobile/Page/Portfolio/Portfolio"), ["tab":"mutualfund", "action2":"10 year"], CONTINUE_ON_FAILURE): Call Test Case 'Test Cases/Mobile/Page/Portfolio/Portfolio' successfully

2022-03-07 11:30:19 - [TEST_CASE][PASSED] - Test Cases/Mobile/Page/Portfolio/Portfolio: Test Cases/Mobile/Page/Portfolio/Portfolio

2022-03-07 11:30:19 - [TEST_STEP][PASSED] - callTestCase(findTestCase("Mobile/Page/CheckLogin"), [:], CONTINUE_ON_FAILURE): Call Test Case 'Test Cases/Mobile/Page/CheckLogin' successfully

2022-03-07 11:30:19 - [TEST_CASE][PASSED] - Test Cases/Mobile/Page/CheckLogin: Test Cases/Mobile/Page/CheckLogin

2022-03-07 11:30:19 - [TEST_STEP][PASSED] - loginCheck = verifyElementExist(LOGN_BtnLogin, 5, CONTINUE_ON_FAILURE): Element 'Object Repository/Mobile/Page/Login/Button - Login' is exist

2022-03-07 11:30:21 - [MESSAGE][PASSED] - Element 'Object Repository/Mobile/Page/Login/Button - Login' is exist

2022-03-07 11:30:21 - [TEST_STEP][PASSED] - if (loginCheck): Call Test Case 'Test Cases/Mobile/Page/Login/Login' successfully

2022-03-07 11:30:21 - [TEST_STEP][PASSED] - callTestCase(findTestCase("Mobile/Page/Login/Login"), ["action":"username"], CONTINUE_ON_FAILURE): Call Test Case 'Test Cases/Mobile/Page/Login/Login' successfully

2022-03-07 11:30:21 - [TEST_CASE][PASSED] - Test Cases/Mobile/Page/Login/Login: Test Cases/Mobile/Page/Login/Login

2022-03-07 11:30:21 - [TEST_STEP][PASSED] - delay(2): Delayed 2 second(s)

2022-03-07 11:30:23 - [MESSAGE][PASSED] - Delayed 2 second(s)

2022-03-07 11:30:23 - [TEST_STEP][PASSED] - for ([i = 0, i < 1, (i++)]): null

2022-03-07 11:30:23 - [TEST_STEP][PASSED] - if (action == "username"): null

2022-03-07 11:30:23 - [TEST_STEP][PASSED] - tap(LOGN_EdtUserID, 0): Tapped on element 'Object Repository/Mobile/Page/Login/Input - UserID'

2022-03-07 11:30:23 - [MESSAGE][WARNING] - Timeout '0' is invalid. Using default page load timeout: '60'

2022-03-07 11:30:24 - [MESSAGE][PASSED] - Tapped on element 'Object Repository/Mobile/Page/Login/Input - UserID'

2022-03-07 11:30:24 - [TEST_STEP][PASSED] - delay(1): Delayed 1 second(s)

2022-03-07 11:30:25 - [MESSAGE][PASSED] - Delayed 1 second(s)

2022-03-07 11:30:25 - [TEST_STEP][PASSED] - setText(LOGN_EdtRdyUserID, "anggaaditya", 0): Text 'anggaaditya' has been set to element 'Object Repository/Mobile/Page/Login/Input Rdy - UserID'

2022-03-07 11:30:25 - [MESSAGE][WARNING] - Timeout '0' is invalid. Using default page load timeout: '60'

2022-03-07 11:30:26 - [MESSAGE][PASSED] - Text 'anggaaditya' has been set to element 'Object Repository/Mobile/Page/Login/Input Rdy - UserID'

2022-03-07 11:30:26 - [TEST_STEP][PASSED] - delay(1): Delayed 1 second(s)

2022-03-07 11:30:27 - [MESSAGE][PASSED] - Delayed 1 second(s)

2022-03-07 11:30:27 - [TEST_STEP][PASSED] - hideKeyboard(): Keyboard is hidden

2022-03-07 11:30:30 - [MESSAGE][PASSED] - Keyboard is hidden

2022-03-07 11:30:30 - [TEST_STEP][PASSED] - tap(LOGN_EdtPassword, 0): Tapped on element 'Object Repository/Mobile/Page/Login/Input - Password'

2022-03-07 11:30:30 - [MESSAGE][WARNING] - Timeout '0' is invalid. Using default page load timeout: '60'

2022-03-07 11:30:31 - [MESSAGE][PASSED] - Tapped on element 'Object Repository/Mobile/Page/Login/Input - Password'

2022-03-07 11:30:31 - [TEST_STEP][PASSED] - delay(1): Delayed 1 second(s)

2022-03-07 11:30:32 - [MESSAGE][PASSED] - Delayed 1 second(s)

2022-03-07 11:30:32 - [TEST_STEP][PASSED] - setText(LOGN_EdtRdyPassword, "Shalawa18", 0): Text 'Shalawa18' has been set to element 'Object Repository/Mobile/Page/Login/Input Rdy - Password'

2022-03-07 11:30:32 - [MESSAGE][WARNING] - Timeout '0' is invalid. Using default page load timeout: '60'

2022-03-07 11:30:32 - [MESSAGE][PASSED] - Text 'Shalawa18' has been set to element 'Object Repository/Mobile/Page/Login/Input Rdy - Password'

2022-03-07 11:30:32 - [TEST_STEP][PASSED] - delay(1): Delayed 1 second(s)

2022-03-07 11:30:33 - [MESSAGE][PASSED] - Delayed 1 second(s)

2022-03-07 11:30:33 - [TEST_STEP][PASSED] - hideKeyboard(): Keyboard is hidden

2022-03-07 11:30:40 - [MESSAGE][PASSED] - Keyboard is hidden

2022-03-07 11:30:40 - [TEST_STEP][PASSED] - tap(LOGN_BtnLogin, 0): Tapped on element 'Object Repository/Mobile/Page/Login/Button - Login'

2022-03-07 11:30:40 - [MESSAGE][WARNING] - Timeout '0' is invalid. Using default page load timeout: '60'

2022-03-07 11:30:41 - [MESSAGE][PASSED] - Tapped on element 'Object Repository/Mobile/Page/Login/Button - Login'

2022-03-07 11:30:41 - [TEST_STEP][PASSED] - delay(2): Delayed 2 second(s)

2022-03-07 11:30:43 - [MESSAGE][PASSED] - Delayed 2 second(s)

2022-03-07 11:30:43 - [TEST_STEP][PASSED] - break: null

2022-03-07 11:30:43 - [MESSAGE][PASSED] - Call Test Case 'Test Cases/Mobile/Page/Login/Login' successfully

2022-03-07 11:30:43 - [MESSAGE][PASSED] - Call Test Case 'Test Cases/Mobile/Page/CheckLogin' successfully

2022-03-07 11:30:43 - [TEST_STEP][PASSED] - tap(HOME_MenubarPortfolio, 0): Tapped on element 'Object Repository/Mobile/Page/Home/Menubar - Portfolio'

2022-03-07 11:30:43 - [MESSAGE][WARNING] - Timeout '0' is invalid. Using default page load timeout: '60'

2022-03-07 11:30:45 - [MESSAGE][PASSED] - Tapped on element 'Object Repository/Mobile/Page/Home/Menubar - Portfolio'

2022-03-07 11:30:45 - [TEST_STEP][PASSED] - delay(1): Delayed 1 second(s)

2022-03-07 11:30:46 - [MESSAGE][PASSED] - Delayed 1 second(s)

2022-03-07 11:30:46 - [TEST_STEP][PASSED] - for ([i = 0, i < 1, (i++)]): scroll.scroll.scrollScreenBottomToTop is PASSED

2022-03-07 11:30:46 - [TEST_STEP][PASSED] - if (tab == "summary"): null

2022-03-07 11:30:46 - [TEST_STEP][PASSED] - else if (tab == "stock"): null

2022-03-07 11:30:46 - [TEST_STEP][PASSED] - else if (tab == "mutualfund"): scroll.scroll.scrollScreenBottomToTop is PASSED

2022-03-07 11:30:46 - [TEST_STEP][PASSED] - tap(PORT_TabMutualFund, 0): Tapped on element 'Object Repository/Mobile/Page/Portfolio/Tab - Mutual Fund'

2022-03-07 11:30:46 - [MESSAGE][WARNING] - Timeout '0' is invalid. Using default page load timeout: '60'

2022-03-07 11:30:47 - [MESSAGE][PASSED] - Tapped on element 'Object Repository/Mobile/Page/Portfolio/Tab - Mutual Fund'

2022-03-07 11:30:47 - [TEST_STEP][PASSED] - delay(1): Delayed 1 second(s)

2022-03-07 11:30:48 - [MESSAGE][PASSED] - Delayed 1 second(s)

2022-03-07 11:30:48 - [TEST_STEP][PASSED] - try: scroll.scroll.scrollScreenBottomToTop is PASSED

2022-03-07 11:30:48 - [TEST_STEP][PASSED] - tapAndHold(PORT_ItemTopMutualFund, 1, 10): Tapped and held on element 'Object Repository/Mobile/Page/Portfolio/Item - Top Mutual Fund' with duration 1

2022-03-07 11:30:51 - [MESSAGE][PASSED] - Tapped and held on element 'Object Repository/Mobile/Page/Portfolio/Item - Top Mutual Fund' with duration 1

2022-03-07 11:30:51 - [TEST_STEP][PASSED] - delay(2): Delayed 2 second(s)

2022-03-07 11:30:53 - [MESSAGE][PASSED] - Delayed 2 second(s)

2022-03-07 11:30:53 - [TEST_STEP][PASSED] - switch (action2): null

2022-03-07 11:30:53 - [TEST_STEP][PASSED] - case "10 year":: null

2022-03-07 11:30:53 - [TEST_STEP][PASSED] - tapAndHold(PORT_DETL_Btn10Year, 1, 0): Tapped and held on element 'Object Repository/Mobile/Page/Portfolio/Detail Mutual Funds/Button - 10 Year' with duration 1

2022-03-07 11:30:53 - [MESSAGE][WARNING] - Timeout '0' is invalid. Using default page load timeout: '60'

2022-03-07 11:30:56 - [MESSAGE][PASSED] - Tapped and held on element 'Object Repository/Mobile/Page/Portfolio/Detail Mutual Funds/Button - 10 Year' with duration 1

2022-03-07 11:30:56 - [TEST_STEP][PASSED] - break: null

2022-03-07 11:30:56 - [TEST_STEP][PASSED] - delay(3): Delayed 3 second(s)

2022-03-07 11:30:59 - [MESSAGE][PASSED] - Delayed 3 second(s)

2022-03-07 11:30:59 - [TEST_STEP][PASSED] - scroll.scroll.scrollScreenBottomToTop(): scroll.scroll.scrollScreenBottomToTop is PASSED

2022-03-07 11:30:59 - [MESSAGE][PASSED] - Current device physical height is 1423

2022-03-07 11:31:00 - [MESSAGE][PASSED] - Current device physical width is 720

2022-03-07 11:31:01 - [MESSAGE][PASSED] - Swiped from 360,1,138 to 360,284

2022-03-07 11:31:01 - [MESSAGE][PASSED] - scroll.scroll.scrollScreenBottomToTop is PASSED

2022-03-07 11:31:01 - [MESSAGE][PASSED] - Call Test Case 'Test Cases/Mobile/Page/Portfolio/Portfolio' successfully

2022-03-07 11:31:01 - [TEST_STEP][PASSED] - callTestCase(findTestCase("Mobile/Page/Run App/Terminate App"), [:], STOP_ON_FAILURE): Call Test Case 'Test Cases/Mobile/Page/Run App/Terminate App' successfully

2022-03-07 11:31:01 - [TEST_CASE][PASSED] - Test Cases/Mobile/Page/Run App/Terminate App: Test Cases/Mobile/Page/Run App/Terminate App

2022-03-07 11:31:01 - [TEST_STEP][PASSED] - startApp.OpenApp.terminateApplication(): startApp.OpenApp.terminateApplication is PASSED

2022-03-07 11:31:04 - [MESSAGE][PASSED] - Delayed 3 second(s)

2022-03-07 11:31:04 - [MESSAGE][PASSED] - Current device physical width is 720

2022-03-07 11:31:04 - [MESSAGE][PASSED] - Current device physical height is 1423

2022-03-07 11:31:06 - [MESSAGE][PASSED] - Swiped from 360,853 to 360,142

2022-03-07 11:31:07 - [MESSAGE][PASSED] - Delayed 1 second(s)

2022-03-07 11:31:08 - [MESSAGE][PASSED] - Swiped from 360,853 to 360,142

2022-03-07 11:31:11 - [MESSAGE][PASSED] - Delayed 3 second(s)

2022-03-07 11:31:11 - [MESSAGE][PASSED] - startApp.OpenApp.terminateApplication is PASSED

2022-03-07 11:31:11 - [MESSAGE][PASSED] - Call Test Case 'Test Cases/Mobile/Page/Run App/Terminate App' successfully]]></system-out>
         <system-err><![CDATA[]]></system-err>
      </testcase>
      <system-out><![CDATA[2022-03-07 11:10:28 - [TEST_SUITE][PASSED] - portfolio: Test Cases/Mobile/Scenario/Portfolio/019 - Melihat detail mutual fund 10 year]]></system-out>
      <system-err><![CDATA[]]></system-err>
   </testsuite>
</testsuites>
