<?xml version="1.0" encoding="UTF-8"?>
<testsuites name="portfolio" time="1220.548" tests="19" failures="0" skips="0" errors="0">
   <testsuite name="portfolio" tests="19" failures="0" errors="0" time="1220.548" skips="0" timestamp="2022-03-02 20:34:15" hostname="Owner - aldy-tft" id="Test Suites/portfolio">
      <properties>
         <property name="deviceName" value="samsung SM-A205F (Android 11)"/>
         <property name="devicePlatform" value=""/>
         <property name="logFolder" value="C:\\Users\\Owner\\Documents\\kerjaan\\KatalonProject\\qa_katalon_pwm\\qa_katalon_pwm\\Reports\\20220302_200300\\portfolio\\20220302_200320"/>
         <property name="logFiles" value="C:\\Users\\Owner\\Documents\\kerjaan\\KatalonProject\\qa_katalon_pwm\\qa_katalon_pwm\\Reports\\20220302_200300\\portfolio\\20220302_200320\\appium.log, C:\\Users\\Owner\\Documents\\kerjaan\\KatalonProject\\qa_katalon_pwm\\qa_katalon_pwm\\Reports\\20220302_200300\\portfolio\\20220302_200320\\execution0.log"/>
         <property name="attachments" value=""/>
         <property name="hostName" value="Owner - aldy-tft"/>
         <property name="os" value="Windows 10 64bit"/>
         <property name="appiumServerStatus" value="{&quot;value&quot;:{&quot;build&quot;:{&quot;version&quot;:&quot;1.22.0&quot;}},&quot;sessionId&quot;:null,&quot;status&quot;:0}"/>
         <property name="katalonVersion" value="7.9.1.208"/>
         <property name="deviceOS" value="Android"/>
         <property name="appiumVersion" value="1.22.0"/>
         <property name="deviceModel" value="SM-A205F"/>
         <property name="hostAddress" value="192.168.100.14"/>
         <property name="deviceManufacturer" value="samsung"/>
         <property name="deviceId" value="RR8M40C9AXE"/>
         <property name="deviceName" value="samsung SM-A205F (Android 11)"/>
         <property name="deviceOSVersion" value="11"/>
      </properties>
      <testcase name="Test Cases/Mobile/Scenario/Portfolio/001 - Summary" time="72.226" classname="Test Cases/Mobile/Scenario/Portfolio/001 - Summary" status="PASSED">
         <system-out><![CDATA[2022-03-02 20:34:15 - [TEST_CASE][PASSED] - Test Cases/Mobile/Scenario/Portfolio/001 - Summary: Test Cases/Mobile/Scenario/Portfolio/001 - Summary

2022-03-02 20:34:16 - [TEST_STEP][PASSED] - callTestCase(findTestCase("Mobile/Page/Run App/Run App byID"), [:], STOP_ON_FAILURE): Call Test Case 'Test Cases/Mobile/Page/Run App/Run App byID' successfully

2022-03-02 20:34:16 - [TEST_CASE][PASSED] - Test Cases/Mobile/Page/Run App/Run App byID: Test Cases/Mobile/Page/Run App/Run App byID

2022-03-02 20:34:16 - [TEST_STEP][PASSED] - startApp.OpenApp.startApplication("id.co.miraeasset.sageclub"): startApp.OpenApp.startApplication is PASSED

2022-03-02 20:34:18 - [MESSAGE][INFO] - Appium server started on port 60,712

2022-03-02 20:34:33 - [MESSAGE][PASSED] - Starting app with application ID: 'id.co.miraeasset.sageclub'

2022-03-02 20:34:33 - [MESSAGE][PASSED] - startApp.OpenApp.startApplication is PASSED

2022-03-02 20:34:33 - [MESSAGE][PASSED] - Call Test Case 'Test Cases/Mobile/Page/Run App/Run App byID' successfully

2022-03-02 20:34:33 - [TEST_STEP][PASSED] - callTestCase(findTestCase("Mobile/Page/Portfolio/Portfolio"), ["tab":"summary", "action":"summary"], CONTINUE_ON_FAILURE): Call Test Case 'Test Cases/Mobile/Page/Portfolio/Portfolio' successfully

2022-03-02 20:34:33 - [TEST_CASE][PASSED] - Test Cases/Mobile/Page/Portfolio/Portfolio: Test Cases/Mobile/Page/Portfolio/Portfolio

2022-03-02 20:34:33 - [TEST_STEP][PASSED] - callTestCase(findTestCase("Mobile/Page/CheckLogin"), [:], CONTINUE_ON_FAILURE): Call Test Case 'Test Cases/Mobile/Page/CheckLogin' successfully

2022-03-02 20:34:34 - [TEST_CASE][PASSED] - Test Cases/Mobile/Page/CheckLogin: Test Cases/Mobile/Page/CheckLogin

2022-03-02 20:34:34 - [TEST_STEP][PASSED] - loginCheck = verifyElementExist(LOGN_BtnLogin, 5, CONTINUE_ON_FAILURE): Element 'Object Repository/Mobile/Page/Login/Button - Login' is exist

2022-03-02 20:34:34 - [MESSAGE][WARNING] - Test object with id 'Object Repository/Mobile/Page/Analysis/Button - Open With Just Once' does not exist

2022-03-02 20:34:34 - [MESSAGE][WARNING] - Test object with id 'Object Repository/Mobile/Page/Analysis/Button - Search' does not exist

2022-03-02 20:34:35 - [MESSAGE][WARNING] - Test object with id 'Object Repository/Mobile/Page/Home/Button -  Add Watchlist' does not exist

2022-03-02 20:34:35 - [MESSAGE][WARNING] - Test object with id 'Object Repository/Mobile/Page/Home/Button - Open with Just Once' does not exist

2022-03-02 20:34:35 - [MESSAGE][WARNING] - Test object with id 'Object Repository/Mobile/Page/Home/Container - Notification' does not exist

2022-03-02 20:34:36 - [MESSAGE][WARNING] - Test object with id 'Object Repository/Mobile/Page/Home/Watchlist/Input - Search' does not exist

2022-03-02 20:34:36 - [MESSAGE][WARNING] - Test object with id 'Object Repository/Mobile/Page/Home/Watchlist/Item - Top Search' does not exist

2022-03-02 20:34:36 - [MESSAGE][WARNING] - Test object with id 'Object Repository/Mobile/Page/Home/Watchlist/Detail Watchlist/Input - Expiry Date' does not exist

2022-03-02 20:34:36 - [MESSAGE][WARNING] - Test object with id 'Object Repository/Mobile/Page/Home/Watchlist/Detail Watchlist/Item - Watchlist' does not exist

2022-03-02 20:34:37 - [MESSAGE][WARNING] - Test object with id 'Object Repository/Mobile/Page/NavigationMenu/Button - Open Just Once' does not exist

2022-03-02 20:34:37 - [MESSAGE][WARNING] - Test object with id 'Object Repository/Mobile/Page/NavigationMenu/Container - Logout' does not exist

2022-03-02 20:34:41 - [MESSAGE][WARNING] - Test object with id 'Object Repository/Mobile/Page/Analysis/Button - Open With Just Once' does not exist

2022-03-02 20:34:41 - [MESSAGE][WARNING] - Test object with id 'Object Repository/Mobile/Page/Analysis/Button - Search' does not exist

2022-03-02 20:34:43 - [MESSAGE][WARNING] - Test object with id 'Object Repository/Mobile/Page/Home/Button -  Add Watchlist' does not exist

2022-03-02 20:34:43 - [MESSAGE][WARNING] - Test object with id 'Object Repository/Mobile/Page/Home/Button - Open with Just Once' does not exist

2022-03-02 20:34:43 - [MESSAGE][WARNING] - Test object with id 'Object Repository/Mobile/Page/Home/Container - Notification' does not exist

2022-03-02 20:34:44 - [MESSAGE][WARNING] - Test object with id 'Object Repository/Mobile/Page/Home/Watchlist/Input - Search' does not exist

2022-03-02 20:34:44 - [MESSAGE][WARNING] - Test object with id 'Object Repository/Mobile/Page/Home/Watchlist/Item - Top Search' does not exist

2022-03-02 20:34:44 - [MESSAGE][WARNING] - Test object with id 'Object Repository/Mobile/Page/Home/Watchlist/Detail Watchlist/Input - Expiry Date' does not exist

2022-03-02 20:34:44 - [MESSAGE][WARNING] - Test object with id 'Object Repository/Mobile/Page/Home/Watchlist/Detail Watchlist/Item - Watchlist' does not exist

2022-03-02 20:34:45 - [MESSAGE][WARNING] - Test object with id 'Object Repository/Mobile/Page/NavigationMenu/Button - Open Just Once' does not exist

2022-03-02 20:34:45 - [MESSAGE][WARNING] - Test object with id 'Object Repository/Mobile/Page/NavigationMenu/Container - Logout' does not exist

2022-03-02 20:34:50 - [MESSAGE][PASSED] - Element 'Object Repository/Mobile/Page/Login/Button - Login' is exist

2022-03-02 20:34:50 - [TEST_STEP][PASSED] - if (loginCheck): Call Test Case 'Test Cases/Mobile/Page/Login/Login' successfully

2022-03-02 20:34:50 - [TEST_STEP][PASSED] - callTestCase(findTestCase("Mobile/Page/Login/Login"), ["action":"username"], CONTINUE_ON_FAILURE): Call Test Case 'Test Cases/Mobile/Page/Login/Login' successfully

2022-03-02 20:34:50 - [TEST_CASE][PASSED] - Test Cases/Mobile/Page/Login/Login: Test Cases/Mobile/Page/Login/Login

2022-03-02 20:34:50 - [TEST_STEP][PASSED] - delay(2): Delayed 2 second(s)

2022-03-02 20:34:52 - [MESSAGE][PASSED] - Delayed 2 second(s)

2022-03-02 20:34:52 - [TEST_STEP][PASSED] - for ([i = 0, i < 1, (i++)]): null

2022-03-02 20:34:52 - [TEST_STEP][PASSED] - if (action == "username"): null

2022-03-02 20:34:52 - [TEST_STEP][PASSED] - tap(LOGN_EdtUserID, 0): Tapped on element 'Object Repository/Mobile/Page/Login/Input - UserID'

2022-03-02 20:34:52 - [MESSAGE][WARNING] - Timeout '0' is invalid. Using default page load timeout: '60'

2022-03-02 20:34:53 - [MESSAGE][PASSED] - Tapped on element 'Object Repository/Mobile/Page/Login/Input - UserID'

2022-03-02 20:34:53 - [TEST_STEP][PASSED] - delay(1): Delayed 1 second(s)

2022-03-02 20:34:54 - [MESSAGE][PASSED] - Delayed 1 second(s)

2022-03-02 20:34:54 - [TEST_STEP][PASSED] - setText(LOGN_EdtRdyUserID, "anggaaditya", 0): Text 'anggaaditya' has been set to element 'Object Repository/Mobile/Page/Login/Input Rdy - UserID'

2022-03-02 20:34:54 - [MESSAGE][WARNING] - Timeout '0' is invalid. Using default page load timeout: '60'

2022-03-02 20:34:54 - [MESSAGE][PASSED] - Text 'anggaaditya' has been set to element 'Object Repository/Mobile/Page/Login/Input Rdy - UserID'

2022-03-02 20:34:54 - [TEST_STEP][PASSED] - delay(1): Delayed 1 second(s)

2022-03-02 20:34:55 - [MESSAGE][PASSED] - Delayed 1 second(s)

2022-03-02 20:34:55 - [TEST_STEP][PASSED] - hideKeyboard(): Keyboard is hidden

2022-03-02 20:34:59 - [MESSAGE][PASSED] - Keyboard is hidden

2022-03-02 20:34:59 - [TEST_STEP][PASSED] - tap(LOGN_EdtPassword, 0): Tapped on element 'Object Repository/Mobile/Page/Login/Input - Password'

2022-03-02 20:34:59 - [MESSAGE][WARNING] - Timeout '0' is invalid. Using default page load timeout: '60'

2022-03-02 20:34:59 - [MESSAGE][PASSED] - Tapped on element 'Object Repository/Mobile/Page/Login/Input - Password'

2022-03-02 20:34:59 - [TEST_STEP][PASSED] - delay(1): Delayed 1 second(s)

2022-03-02 20:35:00 - [MESSAGE][PASSED] - Delayed 1 second(s)

2022-03-02 20:35:00 - [TEST_STEP][PASSED] - setText(LOGN_EdtRdyPassword, "Shalawa18", 0): Text 'Shalawa18' has been set to element 'Object Repository/Mobile/Page/Login/Input Rdy - Password'

2022-03-02 20:35:00 - [MESSAGE][WARNING] - Timeout '0' is invalid. Using default page load timeout: '60'

2022-03-02 20:35:01 - [MESSAGE][PASSED] - Text 'Shalawa18' has been set to element 'Object Repository/Mobile/Page/Login/Input Rdy - Password'

2022-03-02 20:35:01 - [TEST_STEP][PASSED] - delay(1): Delayed 1 second(s)

2022-03-02 20:35:02 - [MESSAGE][PASSED] - Delayed 1 second(s)

2022-03-02 20:35:02 - [TEST_STEP][PASSED] - hideKeyboard(): Keyboard is hidden

2022-03-02 20:35:08 - [MESSAGE][PASSED] - Keyboard is hidden

2022-03-02 20:35:08 - [TEST_STEP][PASSED] - tap(LOGN_BtnLogin, 0): Tapped on element 'Object Repository/Mobile/Page/Login/Button - Login'

2022-03-02 20:35:08 - [MESSAGE][WARNING] - Timeout '0' is invalid. Using default page load timeout: '60'

2022-03-02 20:35:09 - [MESSAGE][PASSED] - Tapped on element 'Object Repository/Mobile/Page/Login/Button - Login'

2022-03-02 20:35:09 - [TEST_STEP][PASSED] - delay(2): Delayed 2 second(s)

2022-03-02 20:35:11 - [MESSAGE][PASSED] - Delayed 2 second(s)

2022-03-02 20:35:11 - [TEST_STEP][PASSED] - break: null

2022-03-02 20:35:11 - [MESSAGE][PASSED] - Call Test Case 'Test Cases/Mobile/Page/Login/Login' successfully

2022-03-02 20:35:11 - [MESSAGE][PASSED] - Call Test Case 'Test Cases/Mobile/Page/CheckLogin' successfully

2022-03-02 20:35:11 - [TEST_STEP][PASSED] - tap(HOME_MenubarPortfolio, 0): Tapped on element 'Object Repository/Mobile/Page/Home/Menubar - Portfolio'

2022-03-02 20:35:11 - [MESSAGE][WARNING] - Timeout '0' is invalid. Using default page load timeout: '60'

2022-03-02 20:35:13 - [MESSAGE][PASSED] - Tapped on element 'Object Repository/Mobile/Page/Home/Menubar - Portfolio'

2022-03-02 20:35:13 - [TEST_STEP][PASSED] - delay(1): Delayed 1 second(s)

2022-03-02 20:35:14 - [MESSAGE][PASSED] - Delayed 1 second(s)

2022-03-02 20:35:14 - [TEST_STEP][PASSED] - for ([i = 0, i < 1, (i++)]): null

2022-03-02 20:35:14 - [TEST_STEP][PASSED] - if (tab == "summary"): null

2022-03-02 20:35:14 - [TEST_STEP][PASSED] - idr = PORT_BtnIDR: null

2022-03-02 20:35:14 - [TEST_STEP][PASSED] - persen = PORT_BtnPersen: null

2022-03-02 20:35:14 - [TEST_STEP][PASSED] - if (action == "summary"): Delayed 3 second(s)

2022-03-02 20:35:14 - [TEST_STEP][PASSED] - delay(3): Delayed 3 second(s)

2022-03-02 20:35:17 - [MESSAGE][PASSED] - Delayed 3 second(s)

2022-03-02 20:35:17 - [TEST_STEP][PASSED] - if (action != "summary"): null

2022-03-02 20:35:17 - [MESSAGE][PASSED] - Call Test Case 'Test Cases/Mobile/Page/Portfolio/Portfolio' successfully

2022-03-02 20:35:17 - [TEST_STEP][PASSED] - callTestCase(findTestCase("Mobile/Page/Run App/Terminate App"), [:], STOP_ON_FAILURE): Call Test Case 'Test Cases/Mobile/Page/Run App/Terminate App' successfully

2022-03-02 20:35:17 - [TEST_CASE][PASSED] - Test Cases/Mobile/Page/Run App/Terminate App: Test Cases/Mobile/Page/Run App/Terminate App

2022-03-02 20:35:17 - [TEST_STEP][PASSED] - startApp.OpenApp.terminateApplication(): startApp.OpenApp.terminateApplication is PASSED

2022-03-02 20:35:21 - [MESSAGE][PASSED] - Delayed 3 second(s)

2022-03-02 20:35:21 - [MESSAGE][PASSED] - Current device physical width is 720

2022-03-02 20:35:21 - [MESSAGE][PASSED] - Current device physical height is 1423

2022-03-02 20:35:22 - [MESSAGE][PASSED] - Swiped from 360,853 to 360,142

2022-03-02 20:35:23 - [MESSAGE][PASSED] - Delayed 1 second(s)

2022-03-02 20:35:25 - [MESSAGE][PASSED] - Swiped from 360,853 to 360,142

2022-03-02 20:35:28 - [MESSAGE][PASSED] - Delayed 3 second(s)

2022-03-02 20:35:28 - [MESSAGE][PASSED] - startApp.OpenApp.terminateApplication is PASSED

2022-03-02 20:35:28 - [MESSAGE][PASSED] - Call Test Case 'Test Cases/Mobile/Page/Run App/Terminate App' successfully]]></system-out>
         <system-err><![CDATA[]]></system-err>
      </testcase>
      <testcase name="Test Cases/Mobile/Scenario/Portfolio/002 - Portfolio Performance Daily IDR" time="61.788" classname="Test Cases/Mobile/Scenario/Portfolio/002 - Portfolio Performance Daily IDR" status="PASSED">
         <system-out><![CDATA[2022-03-02 20:35:28 - [TEST_CASE][PASSED] - Test Cases/Mobile/Scenario/Portfolio/002 - Portfolio Performance Daily IDR: Test Cases/Mobile/Scenario/Portfolio/002 - Portfolio Performance Daily IDR

2022-03-02 20:35:28 - [TEST_STEP][PASSED] - callTestCase(findTestCase("Mobile/Page/Run App/Run App byID"), [:], STOP_ON_FAILURE): Call Test Case 'Test Cases/Mobile/Page/Run App/Run App byID' successfully

2022-03-02 20:35:28 - [TEST_CASE][PASSED] - Test Cases/Mobile/Page/Run App/Run App byID: Test Cases/Mobile/Page/Run App/Run App byID

2022-03-02 20:35:28 - [TEST_STEP][PASSED] - startApp.OpenApp.startApplication("id.co.miraeasset.sageclub"): startApp.OpenApp.startApplication is PASSED

2022-03-02 20:35:41 - [MESSAGE][PASSED] - Starting app with application ID: 'id.co.miraeasset.sageclub'

2022-03-02 20:35:41 - [MESSAGE][PASSED] - startApp.OpenApp.startApplication is PASSED

2022-03-02 20:35:41 - [MESSAGE][PASSED] - Call Test Case 'Test Cases/Mobile/Page/Run App/Run App byID' successfully

2022-03-02 20:35:41 - [TEST_STEP][PASSED] - callTestCase(findTestCase("Mobile/Page/Portfolio/Portfolio"), ["tab":"summary", "action":"perf_daily", "action2":"idr"], CONTINUE_ON_FAILURE): Call Test Case 'Test Cases/Mobile/Page/Portfolio/Portfolio' successfully

2022-03-02 20:35:41 - [TEST_CASE][PASSED] - Test Cases/Mobile/Page/Portfolio/Portfolio: Test Cases/Mobile/Page/Portfolio/Portfolio

2022-03-02 20:35:41 - [TEST_STEP][PASSED] - callTestCase(findTestCase("Mobile/Page/CheckLogin"), [:], CONTINUE_ON_FAILURE): Call Test Case 'Test Cases/Mobile/Page/CheckLogin' successfully

2022-03-02 20:35:41 - [TEST_CASE][PASSED] - Test Cases/Mobile/Page/CheckLogin: Test Cases/Mobile/Page/CheckLogin

2022-03-02 20:35:41 - [TEST_STEP][PASSED] - loginCheck = verifyElementExist(LOGN_BtnLogin, 5, CONTINUE_ON_FAILURE): Element 'Object Repository/Mobile/Page/Login/Button - Login' is exist

2022-03-02 20:35:43 - [MESSAGE][PASSED] - Element 'Object Repository/Mobile/Page/Login/Button - Login' is exist

2022-03-02 20:35:43 - [TEST_STEP][PASSED] - if (loginCheck): Call Test Case 'Test Cases/Mobile/Page/Login/Login' successfully

2022-03-02 20:35:43 - [TEST_STEP][PASSED] - callTestCase(findTestCase("Mobile/Page/Login/Login"), ["action":"username"], CONTINUE_ON_FAILURE): Call Test Case 'Test Cases/Mobile/Page/Login/Login' successfully

2022-03-02 20:35:43 - [TEST_CASE][PASSED] - Test Cases/Mobile/Page/Login/Login: Test Cases/Mobile/Page/Login/Login

2022-03-02 20:35:43 - [TEST_STEP][PASSED] - delay(2): Delayed 2 second(s)

2022-03-02 20:35:45 - [MESSAGE][PASSED] - Delayed 2 second(s)

2022-03-02 20:35:45 - [TEST_STEP][PASSED] - for ([i = 0, i < 1, (i++)]): null

2022-03-02 20:35:45 - [TEST_STEP][PASSED] - if (action == "username"): null

2022-03-02 20:35:45 - [TEST_STEP][PASSED] - tap(LOGN_EdtUserID, 0): Tapped on element 'Object Repository/Mobile/Page/Login/Input - UserID'

2022-03-02 20:35:45 - [MESSAGE][WARNING] - Timeout '0' is invalid. Using default page load timeout: '60'

2022-03-02 20:35:45 - [MESSAGE][PASSED] - Tapped on element 'Object Repository/Mobile/Page/Login/Input - UserID'

2022-03-02 20:35:45 - [TEST_STEP][PASSED] - delay(1): Delayed 1 second(s)

2022-03-02 20:35:46 - [MESSAGE][PASSED] - Delayed 1 second(s)

2022-03-02 20:35:46 - [TEST_STEP][PASSED] - setText(LOGN_EdtRdyUserID, "anggaaditya", 0): Text 'anggaaditya' has been set to element 'Object Repository/Mobile/Page/Login/Input Rdy - UserID'

2022-03-02 20:35:46 - [MESSAGE][WARNING] - Timeout '0' is invalid. Using default page load timeout: '60'

2022-03-02 20:35:47 - [MESSAGE][PASSED] - Text 'anggaaditya' has been set to element 'Object Repository/Mobile/Page/Login/Input Rdy - UserID'

2022-03-02 20:35:47 - [TEST_STEP][PASSED] - delay(1): Delayed 1 second(s)

2022-03-02 20:35:48 - [MESSAGE][PASSED] - Delayed 1 second(s)

2022-03-02 20:35:48 - [TEST_STEP][PASSED] - hideKeyboard(): Keyboard is hidden

2022-03-02 20:35:52 - [MESSAGE][PASSED] - Keyboard is hidden

2022-03-02 20:35:52 - [TEST_STEP][PASSED] - tap(LOGN_EdtPassword, 0): Tapped on element 'Object Repository/Mobile/Page/Login/Input - Password'

2022-03-02 20:35:52 - [MESSAGE][WARNING] - Timeout '0' is invalid. Using default page load timeout: '60'

2022-03-02 20:35:52 - [MESSAGE][PASSED] - Tapped on element 'Object Repository/Mobile/Page/Login/Input - Password'

2022-03-02 20:35:52 - [TEST_STEP][PASSED] - delay(1): Delayed 1 second(s)

2022-03-02 20:35:53 - [MESSAGE][PASSED] - Delayed 1 second(s)

2022-03-02 20:35:53 - [TEST_STEP][PASSED] - setText(LOGN_EdtRdyPassword, "Shalawa18", 0): Text 'Shalawa18' has been set to element 'Object Repository/Mobile/Page/Login/Input Rdy - Password'

2022-03-02 20:35:53 - [MESSAGE][WARNING] - Timeout '0' is invalid. Using default page load timeout: '60'

2022-03-02 20:35:53 - [MESSAGE][PASSED] - Text 'Shalawa18' has been set to element 'Object Repository/Mobile/Page/Login/Input Rdy - Password'

2022-03-02 20:35:53 - [TEST_STEP][PASSED] - delay(1): Delayed 1 second(s)

2022-03-02 20:35:55 - [MESSAGE][PASSED] - Delayed 1 second(s)

2022-03-02 20:35:55 - [TEST_STEP][PASSED] - hideKeyboard(): Keyboard is hidden

2022-03-02 20:36:01 - [MESSAGE][PASSED] - Keyboard is hidden

2022-03-02 20:36:01 - [TEST_STEP][PASSED] - tap(LOGN_BtnLogin, 0): Tapped on element 'Object Repository/Mobile/Page/Login/Button - Login'

2022-03-02 20:36:01 - [MESSAGE][WARNING] - Timeout '0' is invalid. Using default page load timeout: '60'

2022-03-02 20:36:02 - [MESSAGE][PASSED] - Tapped on element 'Object Repository/Mobile/Page/Login/Button - Login'

2022-03-02 20:36:02 - [TEST_STEP][PASSED] - delay(2): Delayed 2 second(s)

2022-03-02 20:36:04 - [MESSAGE][PASSED] - Delayed 2 second(s)

2022-03-02 20:36:04 - [TEST_STEP][PASSED] - break: null

2022-03-02 20:36:04 - [MESSAGE][PASSED] - Call Test Case 'Test Cases/Mobile/Page/Login/Login' successfully

2022-03-02 20:36:04 - [MESSAGE][PASSED] - Call Test Case 'Test Cases/Mobile/Page/CheckLogin' successfully

2022-03-02 20:36:04 - [TEST_STEP][PASSED] - tap(HOME_MenubarPortfolio, 0): Tapped on element 'Object Repository/Mobile/Page/Home/Menubar - Portfolio'

2022-03-02 20:36:04 - [MESSAGE][WARNING] - Timeout '0' is invalid. Using default page load timeout: '60'

2022-03-02 20:36:06 - [MESSAGE][PASSED] - Tapped on element 'Object Repository/Mobile/Page/Home/Menubar - Portfolio'

2022-03-02 20:36:06 - [TEST_STEP][PASSED] - delay(1): Delayed 1 second(s)

2022-03-02 20:36:07 - [MESSAGE][PASSED] - Delayed 1 second(s)

2022-03-02 20:36:07 - [TEST_STEP][PASSED] - for ([i = 0, i < 1, (i++)]): Delayed 3 second(s)

2022-03-02 20:36:07 - [TEST_STEP][PASSED] - if (tab == "summary"): Delayed 3 second(s)

2022-03-02 20:36:07 - [TEST_STEP][PASSED] - idr = PORT_BtnIDR: null

2022-03-02 20:36:07 - [TEST_STEP][PASSED] - persen = PORT_BtnPersen: null

2022-03-02 20:36:07 - [TEST_STEP][PASSED] - if (action == "summary"): null

2022-03-02 20:36:07 - [TEST_STEP][PASSED] - else if (action == "perf_daily"): scroll.scroll.scrollScreenBottomToTop is PASSED

2022-03-02 20:36:07 - [TEST_STEP][PASSED] - scroll.scroll.scrollScreenBottomToTop(): scroll.scroll.scrollScreenBottomToTop is PASSED

2022-03-02 20:36:07 - [MESSAGE][PASSED] - Current device physical height is 1423

2022-03-02 20:36:07 - [MESSAGE][PASSED] - Current device physical width is 720

2022-03-02 20:36:08 - [MESSAGE][PASSED] - Swiped from 360,1,138 to 360,284

2022-03-02 20:36:08 - [MESSAGE][PASSED] - scroll.scroll.scrollScreenBottomToTop is PASSED

2022-03-02 20:36:08 - [TEST_STEP][PASSED] - if (action != "summary"): Delayed 3 second(s)

2022-03-02 20:36:08 - [TEST_STEP][PASSED] - delay(1): Delayed 1 second(s)

2022-03-02 20:36:09 - [MESSAGE][PASSED] - Delayed 1 second(s)

2022-03-02 20:36:09 - [TEST_STEP][PASSED] - scroll.scroll.scrollScreenBottomToTop(): scroll.scroll.scrollScreenBottomToTop is PASSED

2022-03-02 20:36:10 - [MESSAGE][PASSED] - Current device physical height is 1423

2022-03-02 20:36:10 - [MESSAGE][PASSED] - Current device physical width is 720

2022-03-02 20:36:11 - [MESSAGE][PASSED] - Swiped from 360,1,138 to 360,284

2022-03-02 20:36:11 - [MESSAGE][PASSED] - scroll.scroll.scrollScreenBottomToTop is PASSED

2022-03-02 20:36:11 - [TEST_STEP][PASSED] - scroll.scroll.scrollScreenBottomToTop(): scroll.scroll.scrollScreenBottomToTop is PASSED

2022-03-02 20:36:11 - [MESSAGE][PASSED] - Current device physical height is 1423

2022-03-02 20:36:11 - [MESSAGE][PASSED] - Current device physical width is 720

2022-03-02 20:36:13 - [MESSAGE][PASSED] - Swiped from 360,1,138 to 360,284

2022-03-02 20:36:13 - [MESSAGE][PASSED] - scroll.scroll.scrollScreenBottomToTop is PASSED

2022-03-02 20:36:13 - [TEST_STEP][PASSED] - delay(3): Delayed 3 second(s)

2022-03-02 20:36:16 - [MESSAGE][PASSED] - Delayed 3 second(s)

2022-03-02 20:36:16 - [TEST_STEP][PASSED] - if (action2 == "idr"): Delayed 3 second(s)

2022-03-02 20:36:16 - [TEST_STEP][PASSED] - tap(idr, 10): Tapped on element 'Object Repository/Mobile/Page/Portfolio/Button - IDR'

2022-03-02 20:36:16 - [MESSAGE][PASSED] - Tapped on element 'Object Repository/Mobile/Page/Portfolio/Button - IDR'

2022-03-02 20:36:16 - [TEST_STEP][PASSED] - delay(3): Delayed 3 second(s)

2022-03-02 20:36:19 - [MESSAGE][PASSED] - Delayed 3 second(s)

2022-03-02 20:36:19 - [MESSAGE][PASSED] - Call Test Case 'Test Cases/Mobile/Page/Portfolio/Portfolio' successfully

2022-03-02 20:36:19 - [TEST_STEP][PASSED] - callTestCase(findTestCase("Mobile/Page/Run App/Terminate App"), [:], STOP_ON_FAILURE): Call Test Case 'Test Cases/Mobile/Page/Run App/Terminate App' successfully

2022-03-02 20:36:19 - [TEST_CASE][PASSED] - Test Cases/Mobile/Page/Run App/Terminate App: Test Cases/Mobile/Page/Run App/Terminate App

2022-03-02 20:36:19 - [TEST_STEP][PASSED] - startApp.OpenApp.terminateApplication(): startApp.OpenApp.terminateApplication is PASSED

2022-03-02 20:36:22 - [MESSAGE][PASSED] - Delayed 3 second(s)

2022-03-02 20:36:23 - [MESSAGE][PASSED] - Current device physical width is 720

2022-03-02 20:36:23 - [MESSAGE][PASSED] - Current device physical height is 1423

2022-03-02 20:36:24 - [MESSAGE][PASSED] - Swiped from 360,853 to 360,142

2022-03-02 20:36:25 - [MESSAGE][PASSED] - Delayed 1 second(s)

2022-03-02 20:36:26 - [MESSAGE][PASSED] - Swiped from 360,853 to 360,142

2022-03-02 20:36:29 - [MESSAGE][PASSED] - Delayed 3 second(s)

2022-03-02 20:36:29 - [MESSAGE][PASSED] - startApp.OpenApp.terminateApplication is PASSED

2022-03-02 20:36:29 - [MESSAGE][PASSED] - Call Test Case 'Test Cases/Mobile/Page/Run App/Terminate App' successfully]]></system-out>
         <system-err><![CDATA[]]></system-err>
      </testcase>
      <testcase name="Test Cases/Mobile/Scenario/Portfolio/003 - Portfolio Performance Month to Date IDR" time="62.403" classname="Test Cases/Mobile/Scenario/Portfolio/003 - Portfolio Performance Month to Date IDR" status="PASSED">
         <system-out><![CDATA[2022-03-02 20:36:29 - [TEST_CASE][PASSED] - Test Cases/Mobile/Scenario/Portfolio/003 - Portfolio Performance Month to Date IDR: Test Cases/Mobile/Scenario/Portfolio/003 - Portfolio Performance Month to Date IDR

2022-03-02 20:36:30 - [TEST_STEP][PASSED] - callTestCase(findTestCase("Mobile/Page/Run App/Run App byID"), [:], STOP_ON_FAILURE): Call Test Case 'Test Cases/Mobile/Page/Run App/Run App byID' successfully

2022-03-02 20:36:30 - [TEST_CASE][PASSED] - Test Cases/Mobile/Page/Run App/Run App byID: Test Cases/Mobile/Page/Run App/Run App byID

2022-03-02 20:36:30 - [TEST_STEP][PASSED] - startApp.OpenApp.startApplication("id.co.miraeasset.sageclub"): startApp.OpenApp.startApplication is PASSED

2022-03-02 20:36:42 - [MESSAGE][PASSED] - Starting app with application ID: 'id.co.miraeasset.sageclub'

2022-03-02 20:36:42 - [MESSAGE][PASSED] - startApp.OpenApp.startApplication is PASSED

2022-03-02 20:36:42 - [MESSAGE][PASSED] - Call Test Case 'Test Cases/Mobile/Page/Run App/Run App byID' successfully

2022-03-02 20:36:42 - [TEST_STEP][PASSED] - callTestCase(findTestCase("Mobile/Page/Portfolio/Portfolio"), ["tab":"summary", "action":"perf_month", "action2":"idr"], CONTINUE_ON_FAILURE): Call Test Case 'Test Cases/Mobile/Page/Portfolio/Portfolio' successfully

2022-03-02 20:36:42 - [TEST_CASE][PASSED] - Test Cases/Mobile/Page/Portfolio/Portfolio: Test Cases/Mobile/Page/Portfolio/Portfolio

2022-03-02 20:36:42 - [TEST_STEP][PASSED] - callTestCase(findTestCase("Mobile/Page/CheckLogin"), [:], CONTINUE_ON_FAILURE): Call Test Case 'Test Cases/Mobile/Page/CheckLogin' successfully

2022-03-02 20:36:42 - [TEST_CASE][PASSED] - Test Cases/Mobile/Page/CheckLogin: Test Cases/Mobile/Page/CheckLogin

2022-03-02 20:36:42 - [TEST_STEP][PASSED] - loginCheck = verifyElementExist(LOGN_BtnLogin, 5, CONTINUE_ON_FAILURE): Element 'Object Repository/Mobile/Page/Login/Button - Login' is exist

2022-03-02 20:36:44 - [MESSAGE][PASSED] - Element 'Object Repository/Mobile/Page/Login/Button - Login' is exist

2022-03-02 20:36:44 - [TEST_STEP][PASSED] - if (loginCheck): Call Test Case 'Test Cases/Mobile/Page/Login/Login' successfully

2022-03-02 20:36:44 - [TEST_STEP][PASSED] - callTestCase(findTestCase("Mobile/Page/Login/Login"), ["action":"username"], CONTINUE_ON_FAILURE): Call Test Case 'Test Cases/Mobile/Page/Login/Login' successfully

2022-03-02 20:36:44 - [TEST_CASE][PASSED] - Test Cases/Mobile/Page/Login/Login: Test Cases/Mobile/Page/Login/Login

2022-03-02 20:36:44 - [TEST_STEP][PASSED] - delay(2): Delayed 2 second(s)

2022-03-02 20:36:46 - [MESSAGE][PASSED] - Delayed 2 second(s)

2022-03-02 20:36:46 - [TEST_STEP][PASSED] - for ([i = 0, i < 1, (i++)]): null

2022-03-02 20:36:46 - [TEST_STEP][PASSED] - if (action == "username"): null

2022-03-02 20:36:46 - [TEST_STEP][PASSED] - tap(LOGN_EdtUserID, 0): Tapped on element 'Object Repository/Mobile/Page/Login/Input - UserID'

2022-03-02 20:36:46 - [MESSAGE][WARNING] - Timeout '0' is invalid. Using default page load timeout: '60'

2022-03-02 20:36:46 - [MESSAGE][PASSED] - Tapped on element 'Object Repository/Mobile/Page/Login/Input - UserID'

2022-03-02 20:36:46 - [TEST_STEP][PASSED] - delay(1): Delayed 1 second(s)

2022-03-02 20:36:47 - [MESSAGE][PASSED] - Delayed 1 second(s)

2022-03-02 20:36:47 - [TEST_STEP][PASSED] - setText(LOGN_EdtRdyUserID, "anggaaditya", 0): Text 'anggaaditya' has been set to element 'Object Repository/Mobile/Page/Login/Input Rdy - UserID'

2022-03-02 20:36:47 - [MESSAGE][WARNING] - Timeout '0' is invalid. Using default page load timeout: '60'

2022-03-02 20:36:48 - [MESSAGE][PASSED] - Text 'anggaaditya' has been set to element 'Object Repository/Mobile/Page/Login/Input Rdy - UserID'

2022-03-02 20:36:48 - [TEST_STEP][PASSED] - delay(1): Delayed 1 second(s)

2022-03-02 20:36:49 - [MESSAGE][PASSED] - Delayed 1 second(s)

2022-03-02 20:36:49 - [TEST_STEP][PASSED] - hideKeyboard(): Keyboard is hidden

2022-03-02 20:36:52 - [MESSAGE][PASSED] - Keyboard is hidden

2022-03-02 20:36:52 - [TEST_STEP][PASSED] - tap(LOGN_EdtPassword, 0): Tapped on element 'Object Repository/Mobile/Page/Login/Input - Password'

2022-03-02 20:36:52 - [MESSAGE][WARNING] - Timeout '0' is invalid. Using default page load timeout: '60'

2022-03-02 20:36:53 - [MESSAGE][PASSED] - Tapped on element 'Object Repository/Mobile/Page/Login/Input - Password'

2022-03-02 20:36:53 - [TEST_STEP][PASSED] - delay(1): Delayed 1 second(s)

2022-03-02 20:36:54 - [MESSAGE][PASSED] - Delayed 1 second(s)

2022-03-02 20:36:54 - [TEST_STEP][PASSED] - setText(LOGN_EdtRdyPassword, "Shalawa18", 0): Text 'Shalawa18' has been set to element 'Object Repository/Mobile/Page/Login/Input Rdy - Password'

2022-03-02 20:36:54 - [MESSAGE][WARNING] - Timeout '0' is invalid. Using default page load timeout: '60'

2022-03-02 20:36:54 - [MESSAGE][PASSED] - Text 'Shalawa18' has been set to element 'Object Repository/Mobile/Page/Login/Input Rdy - Password'

2022-03-02 20:36:54 - [TEST_STEP][PASSED] - delay(1): Delayed 1 second(s)

2022-03-02 20:36:55 - [MESSAGE][PASSED] - Delayed 1 second(s)

2022-03-02 20:36:55 - [TEST_STEP][PASSED] - hideKeyboard(): Keyboard is hidden

2022-03-02 20:37:02 - [MESSAGE][PASSED] - Keyboard is hidden

2022-03-02 20:37:02 - [TEST_STEP][PASSED] - tap(LOGN_BtnLogin, 0): Tapped on element 'Object Repository/Mobile/Page/Login/Button - Login'

2022-03-02 20:37:02 - [MESSAGE][WARNING] - Timeout '0' is invalid. Using default page load timeout: '60'

2022-03-02 20:37:03 - [MESSAGE][PASSED] - Tapped on element 'Object Repository/Mobile/Page/Login/Button - Login'

2022-03-02 20:37:03 - [TEST_STEP][PASSED] - delay(2): Delayed 2 second(s)

2022-03-02 20:37:05 - [MESSAGE][PASSED] - Delayed 2 second(s)

2022-03-02 20:37:05 - [TEST_STEP][PASSED] - break: null

2022-03-02 20:37:05 - [MESSAGE][PASSED] - Call Test Case 'Test Cases/Mobile/Page/Login/Login' successfully

2022-03-02 20:37:05 - [MESSAGE][PASSED] - Call Test Case 'Test Cases/Mobile/Page/CheckLogin' successfully

2022-03-02 20:37:05 - [TEST_STEP][PASSED] - tap(HOME_MenubarPortfolio, 0): Tapped on element 'Object Repository/Mobile/Page/Home/Menubar - Portfolio'

2022-03-02 20:37:05 - [MESSAGE][WARNING] - Timeout '0' is invalid. Using default page load timeout: '60'

2022-03-02 20:37:07 - [MESSAGE][PASSED] - Tapped on element 'Object Repository/Mobile/Page/Home/Menubar - Portfolio'

2022-03-02 20:37:07 - [TEST_STEP][PASSED] - delay(1): Delayed 1 second(s)

2022-03-02 20:37:08 - [MESSAGE][PASSED] - Delayed 1 second(s)

2022-03-02 20:37:08 - [TEST_STEP][PASSED] - for ([i = 0, i < 1, (i++)]): Delayed 3 second(s)

2022-03-02 20:37:08 - [TEST_STEP][PASSED] - if (tab == "summary"): Delayed 3 second(s)

2022-03-02 20:37:08 - [TEST_STEP][PASSED] - idr = PORT_BtnIDR: null

2022-03-02 20:37:08 - [TEST_STEP][PASSED] - persen = PORT_BtnPersen: null

2022-03-02 20:37:08 - [TEST_STEP][PASSED] - if (action == "summary"): null

2022-03-02 20:37:08 - [TEST_STEP][PASSED] - else if (action == "perf_daily"): null

2022-03-02 20:37:08 - [TEST_STEP][PASSED] - else if (action == "perf_month"): Tapped on element 'Object Repository/Mobile/Page/Portfolio/Tab - Summary Month to Date'

2022-03-02 20:37:08 - [TEST_STEP][PASSED] - scroll.scroll.scrollScreenBottomToTop(): scroll.scroll.scrollScreenBottomToTop is PASSED

2022-03-02 20:37:08 - [MESSAGE][PASSED] - Current device physical height is 1423

2022-03-02 20:37:08 - [MESSAGE][PASSED] - Current device physical width is 720

2022-03-02 20:37:09 - [MESSAGE][PASSED] - Swiped from 360,1,138 to 360,284

2022-03-02 20:37:09 - [MESSAGE][PASSED] - scroll.scroll.scrollScreenBottomToTop is PASSED

2022-03-02 20:37:09 - [TEST_STEP][PASSED] - delay(1): Delayed 1 second(s)

2022-03-02 20:37:10 - [MESSAGE][PASSED] - Delayed 1 second(s)

2022-03-02 20:37:10 - [TEST_STEP][PASSED] - tap(PORT_TabSummaryMonth, 0): Tapped on element 'Object Repository/Mobile/Page/Portfolio/Tab - Summary Month to Date'

2022-03-02 20:37:10 - [MESSAGE][WARNING] - Timeout '0' is invalid. Using default page load timeout: '60'

2022-03-02 20:37:11 - [MESSAGE][PASSED] - Tapped on element 'Object Repository/Mobile/Page/Portfolio/Tab - Summary Month to Date'

2022-03-02 20:37:11 - [TEST_STEP][PASSED] - if (action != "summary"): Delayed 3 second(s)

2022-03-02 20:37:11 - [TEST_STEP][PASSED] - delay(1): Delayed 1 second(s)

2022-03-02 20:37:12 - [MESSAGE][PASSED] - Delayed 1 second(s)

2022-03-02 20:37:12 - [TEST_STEP][PASSED] - scroll.scroll.scrollScreenBottomToTop(): scroll.scroll.scrollScreenBottomToTop is PASSED

2022-03-02 20:37:12 - [MESSAGE][PASSED] - Current device physical height is 1423

2022-03-02 20:37:12 - [MESSAGE][PASSED] - Current device physical width is 720

2022-03-02 20:37:13 - [MESSAGE][PASSED] - Swiped from 360,1,138 to 360,284

2022-03-02 20:37:13 - [MESSAGE][PASSED] - scroll.scroll.scrollScreenBottomToTop is PASSED

2022-03-02 20:37:13 - [TEST_STEP][PASSED] - scroll.scroll.scrollScreenBottomToTop(): scroll.scroll.scrollScreenBottomToTop is PASSED

2022-03-02 20:37:14 - [MESSAGE][PASSED] - Current device physical height is 1423

2022-03-02 20:37:14 - [MESSAGE][PASSED] - Current device physical width is 720

2022-03-02 20:37:15 - [MESSAGE][PASSED] - Swiped from 360,1,138 to 360,284

2022-03-02 20:37:15 - [MESSAGE][PASSED] - scroll.scroll.scrollScreenBottomToTop is PASSED

2022-03-02 20:37:15 - [TEST_STEP][PASSED] - delay(3): Delayed 3 second(s)

2022-03-02 20:37:18 - [MESSAGE][PASSED] - Delayed 3 second(s)

2022-03-02 20:37:18 - [TEST_STEP][PASSED] - if (action2 == "idr"): Delayed 3 second(s)

2022-03-02 20:37:18 - [TEST_STEP][PASSED] - tap(idr, 10): Tapped on element 'Object Repository/Mobile/Page/Portfolio/Button - IDR'

2022-03-02 20:37:18 - [MESSAGE][PASSED] - Tapped on element 'Object Repository/Mobile/Page/Portfolio/Button - IDR'

2022-03-02 20:37:18 - [TEST_STEP][PASSED] - delay(3): Delayed 3 second(s)

2022-03-02 20:37:21 - [MESSAGE][PASSED] - Delayed 3 second(s)

2022-03-02 20:37:21 - [MESSAGE][PASSED] - Call Test Case 'Test Cases/Mobile/Page/Portfolio/Portfolio' successfully

2022-03-02 20:37:21 - [TEST_STEP][PASSED] - callTestCase(findTestCase("Mobile/Page/Run App/Terminate App"), [:], STOP_ON_FAILURE): Call Test Case 'Test Cases/Mobile/Page/Run App/Terminate App' successfully

2022-03-02 20:37:21 - [TEST_CASE][PASSED] - Test Cases/Mobile/Page/Run App/Terminate App: Test Cases/Mobile/Page/Run App/Terminate App

2022-03-02 20:37:21 - [TEST_STEP][PASSED] - startApp.OpenApp.terminateApplication(): startApp.OpenApp.terminateApplication is PASSED

2022-03-02 20:37:25 - [MESSAGE][PASSED] - Delayed 3 second(s)

2022-03-02 20:37:25 - [MESSAGE][PASSED] - Current device physical width is 720

2022-03-02 20:37:25 - [MESSAGE][PASSED] - Current device physical height is 1423

2022-03-02 20:37:27 - [MESSAGE][PASSED] - Swiped from 360,853 to 360,142

2022-03-02 20:37:28 - [MESSAGE][PASSED] - Delayed 1 second(s)

2022-03-02 20:37:29 - [MESSAGE][PASSED] - Swiped from 360,853 to 360,142

2022-03-02 20:37:32 - [MESSAGE][PASSED] - Delayed 3 second(s)

2022-03-02 20:37:32 - [MESSAGE][PASSED] - startApp.OpenApp.terminateApplication is PASSED

2022-03-02 20:37:32 - [MESSAGE][PASSED] - Call Test Case 'Test Cases/Mobile/Page/Run App/Terminate App' successfully]]></system-out>
         <system-err><![CDATA[]]></system-err>
      </testcase>
      <testcase name="Test Cases/Mobile/Scenario/Portfolio/004 - Portfolio Performance Quarter to Date IDR" time="62.375" classname="Test Cases/Mobile/Scenario/Portfolio/004 - Portfolio Performance Quarter to Date IDR" status="PASSED">
         <system-out><![CDATA[2022-03-02 20:37:32 - [TEST_CASE][PASSED] - Test Cases/Mobile/Scenario/Portfolio/004 - Portfolio Performance Quarter to Date IDR: Test Cases/Mobile/Scenario/Portfolio/004 - Portfolio Performance Quarter to Date IDR

2022-03-02 20:37:32 - [TEST_STEP][PASSED] - callTestCase(findTestCase("Mobile/Page/Run App/Run App byID"), [:], STOP_ON_FAILURE): Call Test Case 'Test Cases/Mobile/Page/Run App/Run App byID' successfully

2022-03-02 20:37:32 - [TEST_CASE][PASSED] - Test Cases/Mobile/Page/Run App/Run App byID: Test Cases/Mobile/Page/Run App/Run App byID

2022-03-02 20:37:32 - [TEST_STEP][PASSED] - startApp.OpenApp.startApplication("id.co.miraeasset.sageclub"): startApp.OpenApp.startApplication is PASSED

2022-03-02 20:37:44 - [MESSAGE][PASSED] - Starting app with application ID: 'id.co.miraeasset.sageclub'

2022-03-02 20:37:44 - [MESSAGE][PASSED] - startApp.OpenApp.startApplication is PASSED

2022-03-02 20:37:44 - [MESSAGE][PASSED] - Call Test Case 'Test Cases/Mobile/Page/Run App/Run App byID' successfully

2022-03-02 20:37:44 - [TEST_STEP][PASSED] - callTestCase(findTestCase("Mobile/Page/Portfolio/Portfolio"), ["tab":"summary", "action":"perf_quarter", "action2":"idr"], CONTINUE_ON_FAILURE): Call Test Case 'Test Cases/Mobile/Page/Portfolio/Portfolio' successfully

2022-03-02 20:37:44 - [TEST_CASE][PASSED] - Test Cases/Mobile/Page/Portfolio/Portfolio: Test Cases/Mobile/Page/Portfolio/Portfolio

2022-03-02 20:37:44 - [TEST_STEP][PASSED] - callTestCase(findTestCase("Mobile/Page/CheckLogin"), [:], CONTINUE_ON_FAILURE): Call Test Case 'Test Cases/Mobile/Page/CheckLogin' successfully

2022-03-02 20:37:44 - [TEST_CASE][PASSED] - Test Cases/Mobile/Page/CheckLogin: Test Cases/Mobile/Page/CheckLogin

2022-03-02 20:37:44 - [TEST_STEP][PASSED] - loginCheck = verifyElementExist(LOGN_BtnLogin, 5, CONTINUE_ON_FAILURE): Element 'Object Repository/Mobile/Page/Login/Button - Login' is exist

2022-03-02 20:37:46 - [MESSAGE][PASSED] - Element 'Object Repository/Mobile/Page/Login/Button - Login' is exist

2022-03-02 20:37:46 - [TEST_STEP][PASSED] - if (loginCheck): Call Test Case 'Test Cases/Mobile/Page/Login/Login' successfully

2022-03-02 20:37:46 - [TEST_STEP][PASSED] - callTestCase(findTestCase("Mobile/Page/Login/Login"), ["action":"username"], CONTINUE_ON_FAILURE): Call Test Case 'Test Cases/Mobile/Page/Login/Login' successfully

2022-03-02 20:37:46 - [TEST_CASE][PASSED] - Test Cases/Mobile/Page/Login/Login: Test Cases/Mobile/Page/Login/Login

2022-03-02 20:37:46 - [TEST_STEP][PASSED] - delay(2): Delayed 2 second(s)

2022-03-02 20:37:48 - [MESSAGE][PASSED] - Delayed 2 second(s)

2022-03-02 20:37:48 - [TEST_STEP][PASSED] - for ([i = 0, i < 1, (i++)]): null

2022-03-02 20:37:48 - [TEST_STEP][PASSED] - if (action == "username"): null

2022-03-02 20:37:48 - [TEST_STEP][PASSED] - tap(LOGN_EdtUserID, 0): Tapped on element 'Object Repository/Mobile/Page/Login/Input - UserID'

2022-03-02 20:37:49 - [MESSAGE][WARNING] - Timeout '0' is invalid. Using default page load timeout: '60'

2022-03-02 20:37:49 - [MESSAGE][PASSED] - Tapped on element 'Object Repository/Mobile/Page/Login/Input - UserID'

2022-03-02 20:37:49 - [TEST_STEP][PASSED] - delay(1): Delayed 1 second(s)

2022-03-02 20:37:50 - [MESSAGE][PASSED] - Delayed 1 second(s)

2022-03-02 20:37:50 - [TEST_STEP][PASSED] - setText(LOGN_EdtRdyUserID, "anggaaditya", 0): Text 'anggaaditya' has been set to element 'Object Repository/Mobile/Page/Login/Input Rdy - UserID'

2022-03-02 20:37:50 - [MESSAGE][WARNING] - Timeout '0' is invalid. Using default page load timeout: '60'

2022-03-02 20:37:51 - [MESSAGE][PASSED] - Text 'anggaaditya' has been set to element 'Object Repository/Mobile/Page/Login/Input Rdy - UserID'

2022-03-02 20:37:51 - [TEST_STEP][PASSED] - delay(1): Delayed 1 second(s)

2022-03-02 20:37:52 - [MESSAGE][PASSED] - Delayed 1 second(s)

2022-03-02 20:37:52 - [TEST_STEP][PASSED] - hideKeyboard(): Keyboard is hidden

2022-03-02 20:37:55 - [MESSAGE][PASSED] - Keyboard is hidden

2022-03-02 20:37:55 - [TEST_STEP][PASSED] - tap(LOGN_EdtPassword, 0): Tapped on element 'Object Repository/Mobile/Page/Login/Input - Password'

2022-03-02 20:37:55 - [MESSAGE][WARNING] - Timeout '0' is invalid. Using default page load timeout: '60'

2022-03-02 20:37:55 - [MESSAGE][PASSED] - Tapped on element 'Object Repository/Mobile/Page/Login/Input - Password'

2022-03-02 20:37:55 - [TEST_STEP][PASSED] - delay(1): Delayed 1 second(s)

2022-03-02 20:37:56 - [MESSAGE][PASSED] - Delayed 1 second(s)

2022-03-02 20:37:56 - [TEST_STEP][PASSED] - setText(LOGN_EdtRdyPassword, "Shalawa18", 0): Text 'Shalawa18' has been set to element 'Object Repository/Mobile/Page/Login/Input Rdy - Password'

2022-03-02 20:37:56 - [MESSAGE][WARNING] - Timeout '0' is invalid. Using default page load timeout: '60'

2022-03-02 20:37:57 - [MESSAGE][PASSED] - Text 'Shalawa18' has been set to element 'Object Repository/Mobile/Page/Login/Input Rdy - Password'

2022-03-02 20:37:57 - [TEST_STEP][PASSED] - delay(1): Delayed 1 second(s)

2022-03-02 20:37:58 - [MESSAGE][PASSED] - Delayed 1 second(s)

2022-03-02 20:37:58 - [TEST_STEP][PASSED] - hideKeyboard(): Keyboard is hidden

2022-03-02 20:38:04 - [MESSAGE][PASSED] - Keyboard is hidden

2022-03-02 20:38:04 - [TEST_STEP][PASSED] - tap(LOGN_BtnLogin, 0): Tapped on element 'Object Repository/Mobile/Page/Login/Button - Login'

2022-03-02 20:38:04 - [MESSAGE][WARNING] - Timeout '0' is invalid. Using default page load timeout: '60'

2022-03-02 20:38:05 - [MESSAGE][PASSED] - Tapped on element 'Object Repository/Mobile/Page/Login/Button - Login'

2022-03-02 20:38:05 - [TEST_STEP][PASSED] - delay(2): Delayed 2 second(s)

2022-03-02 20:38:07 - [MESSAGE][PASSED] - Delayed 2 second(s)

2022-03-02 20:38:07 - [TEST_STEP][PASSED] - break: null

2022-03-02 20:38:07 - [MESSAGE][PASSED] - Call Test Case 'Test Cases/Mobile/Page/Login/Login' successfully

2022-03-02 20:38:07 - [MESSAGE][PASSED] - Call Test Case 'Test Cases/Mobile/Page/CheckLogin' successfully

2022-03-02 20:38:07 - [TEST_STEP][PASSED] - tap(HOME_MenubarPortfolio, 0): Tapped on element 'Object Repository/Mobile/Page/Home/Menubar - Portfolio'

2022-03-02 20:38:07 - [MESSAGE][WARNING] - Timeout '0' is invalid. Using default page load timeout: '60'

2022-03-02 20:38:09 - [MESSAGE][PASSED] - Tapped on element 'Object Repository/Mobile/Page/Home/Menubar - Portfolio'

2022-03-02 20:38:09 - [TEST_STEP][PASSED] - delay(1): Delayed 1 second(s)

2022-03-02 20:38:10 - [MESSAGE][PASSED] - Delayed 1 second(s)

2022-03-02 20:38:10 - [TEST_STEP][PASSED] - for ([i = 0, i < 1, (i++)]): Delayed 3 second(s)

2022-03-02 20:38:10 - [TEST_STEP][PASSED] - if (tab == "summary"): Delayed 3 second(s)

2022-03-02 20:38:10 - [TEST_STEP][PASSED] - idr = PORT_BtnIDR: null

2022-03-02 20:38:10 - [TEST_STEP][PASSED] - persen = PORT_BtnPersen: null

2022-03-02 20:38:10 - [TEST_STEP][PASSED] - if (action == "summary"): null

2022-03-02 20:38:10 - [TEST_STEP][PASSED] - else if (action == "perf_daily"): null

2022-03-02 20:38:10 - [TEST_STEP][PASSED] - else if (action == "perf_month"): null

2022-03-02 20:38:10 - [TEST_STEP][PASSED] - else if (action == "perf_quarter"): Tapped on element 'Object Repository/Mobile/Page/Portfolio/Tab - Summary Quarter to Date'

2022-03-02 20:38:10 - [TEST_STEP][PASSED] - scroll.scroll.scrollScreenBottomToTop(): scroll.scroll.scrollScreenBottomToTop is PASSED

2022-03-02 20:38:10 - [MESSAGE][PASSED] - Current device physical height is 1423

2022-03-02 20:38:10 - [MESSAGE][PASSED] - Current device physical width is 720

2022-03-02 20:38:11 - [MESSAGE][PASSED] - Swiped from 360,1,138 to 360,284

2022-03-02 20:38:12 - [MESSAGE][PASSED] - scroll.scroll.scrollScreenBottomToTop is PASSED

2022-03-02 20:38:12 - [TEST_STEP][PASSED] - delay(1): Delayed 1 second(s)

2022-03-02 20:38:13 - [MESSAGE][PASSED] - Delayed 1 second(s)

2022-03-02 20:38:13 - [TEST_STEP][PASSED] - tap(PORT_TabSummaryQuarter, 0): Tapped on element 'Object Repository/Mobile/Page/Portfolio/Tab - Summary Quarter to Date'

2022-03-02 20:38:13 - [MESSAGE][WARNING] - Timeout '0' is invalid. Using default page load timeout: '60'

2022-03-02 20:38:13 - [MESSAGE][PASSED] - Tapped on element 'Object Repository/Mobile/Page/Portfolio/Tab - Summary Quarter to Date'

2022-03-02 20:38:13 - [TEST_STEP][PASSED] - if (action != "summary"): Delayed 3 second(s)

2022-03-02 20:38:13 - [TEST_STEP][PASSED] - delay(1): Delayed 1 second(s)

2022-03-02 20:38:14 - [MESSAGE][PASSED] - Delayed 1 second(s)

2022-03-02 20:38:14 - [TEST_STEP][PASSED] - scroll.scroll.scrollScreenBottomToTop(): scroll.scroll.scrollScreenBottomToTop is PASSED

2022-03-02 20:38:15 - [MESSAGE][PASSED] - Current device physical height is 1423

2022-03-02 20:38:15 - [MESSAGE][PASSED] - Current device physical width is 720

2022-03-02 20:38:16 - [MESSAGE][PASSED] - Swiped from 360,1,138 to 360,284

2022-03-02 20:38:16 - [MESSAGE][PASSED] - scroll.scroll.scrollScreenBottomToTop is PASSED

2022-03-02 20:38:16 - [TEST_STEP][PASSED] - scroll.scroll.scrollScreenBottomToTop(): scroll.scroll.scrollScreenBottomToTop is PASSED

2022-03-02 20:38:16 - [MESSAGE][PASSED] - Current device physical height is 1423

2022-03-02 20:38:16 - [MESSAGE][PASSED] - Current device physical width is 720

2022-03-02 20:38:18 - [MESSAGE][PASSED] - Swiped from 360,1,138 to 360,284

2022-03-02 20:38:18 - [MESSAGE][PASSED] - scroll.scroll.scrollScreenBottomToTop is PASSED

2022-03-02 20:38:18 - [TEST_STEP][PASSED] - delay(3): Delayed 3 second(s)

2022-03-02 20:38:21 - [MESSAGE][PASSED] - Delayed 3 second(s)

2022-03-02 20:38:21 - [TEST_STEP][PASSED] - if (action2 == "idr"): Delayed 3 second(s)

2022-03-02 20:38:21 - [TEST_STEP][PASSED] - tap(idr, 10): Tapped on element 'Object Repository/Mobile/Page/Portfolio/Button - IDR'

2022-03-02 20:38:21 - [MESSAGE][PASSED] - Tapped on element 'Object Repository/Mobile/Page/Portfolio/Button - IDR'

2022-03-02 20:38:21 - [TEST_STEP][PASSED] - delay(3): Delayed 3 second(s)

2022-03-02 20:38:24 - [MESSAGE][PASSED] - Delayed 3 second(s)

2022-03-02 20:38:24 - [MESSAGE][PASSED] - Call Test Case 'Test Cases/Mobile/Page/Portfolio/Portfolio' successfully

2022-03-02 20:38:24 - [TEST_STEP][PASSED] - callTestCase(findTestCase("Mobile/Page/Run App/Terminate App"), [:], STOP_ON_FAILURE): Call Test Case 'Test Cases/Mobile/Page/Run App/Terminate App' successfully

2022-03-02 20:38:24 - [TEST_CASE][PASSED] - Test Cases/Mobile/Page/Run App/Terminate App: Test Cases/Mobile/Page/Run App/Terminate App

2022-03-02 20:38:24 - [TEST_STEP][PASSED] - startApp.OpenApp.terminateApplication(): startApp.OpenApp.terminateApplication is PASSED

2022-03-02 20:38:27 - [MESSAGE][PASSED] - Delayed 3 second(s)

2022-03-02 20:38:27 - [MESSAGE][PASSED] - Current device physical width is 720

2022-03-02 20:38:28 - [MESSAGE][PASSED] - Current device physical height is 1423

2022-03-02 20:38:29 - [MESSAGE][PASSED] - Swiped from 360,853 to 360,142

2022-03-02 20:38:30 - [MESSAGE][PASSED] - Delayed 1 second(s)

2022-03-02 20:38:31 - [MESSAGE][PASSED] - Swiped from 360,853 to 360,142

2022-03-02 20:38:34 - [MESSAGE][PASSED] - Delayed 3 second(s)

2022-03-02 20:38:34 - [MESSAGE][PASSED] - startApp.OpenApp.terminateApplication is PASSED

2022-03-02 20:38:34 - [MESSAGE][PASSED] - Call Test Case 'Test Cases/Mobile/Page/Run App/Terminate App' successfully]]></system-out>
         <system-err><![CDATA[]]></system-err>
      </testcase>
      <testcase name="Test Cases/Mobile/Scenario/Portfolio/005 - Portfolio Performance Year to Date IDR" time="65.899" classname="Test Cases/Mobile/Scenario/Portfolio/005 - Portfolio Performance Year to Date IDR" status="PASSED">
         <system-out><![CDATA[2022-03-02 20:38:34 - [TEST_CASE][PASSED] - Test Cases/Mobile/Scenario/Portfolio/005 - Portfolio Performance Year to Date IDR: Test Cases/Mobile/Scenario/Portfolio/005 - Portfolio Performance Year to Date IDR

2022-03-02 20:38:35 - [TEST_STEP][PASSED] - callTestCase(findTestCase("Mobile/Page/Run App/Run App byID"), [:], STOP_ON_FAILURE): Call Test Case 'Test Cases/Mobile/Page/Run App/Run App byID' successfully

2022-03-02 20:38:35 - [TEST_CASE][PASSED] - Test Cases/Mobile/Page/Run App/Run App byID: Test Cases/Mobile/Page/Run App/Run App byID

2022-03-02 20:38:35 - [TEST_STEP][PASSED] - startApp.OpenApp.startApplication("id.co.miraeasset.sageclub"): startApp.OpenApp.startApplication is PASSED

2022-03-02 20:38:47 - [MESSAGE][PASSED] - Starting app with application ID: 'id.co.miraeasset.sageclub'

2022-03-02 20:38:47 - [MESSAGE][PASSED] - startApp.OpenApp.startApplication is PASSED

2022-03-02 20:38:47 - [MESSAGE][PASSED] - Call Test Case 'Test Cases/Mobile/Page/Run App/Run App byID' successfully

2022-03-02 20:38:47 - [TEST_STEP][PASSED] - callTestCase(findTestCase("Mobile/Page/Portfolio/Portfolio"), ["tab":"summary", "action":"perf_year", "action2":"idr"], CONTINUE_ON_FAILURE): Call Test Case 'Test Cases/Mobile/Page/Portfolio/Portfolio' successfully

2022-03-02 20:38:47 - [TEST_CASE][PASSED] - Test Cases/Mobile/Page/Portfolio/Portfolio: Test Cases/Mobile/Page/Portfolio/Portfolio

2022-03-02 20:38:47 - [TEST_STEP][PASSED] - callTestCase(findTestCase("Mobile/Page/CheckLogin"), [:], CONTINUE_ON_FAILURE): Call Test Case 'Test Cases/Mobile/Page/CheckLogin' successfully

2022-03-02 20:38:47 - [TEST_CASE][PASSED] - Test Cases/Mobile/Page/CheckLogin: Test Cases/Mobile/Page/CheckLogin

2022-03-02 20:38:47 - [TEST_STEP][PASSED] - loginCheck = verifyElementExist(LOGN_BtnLogin, 5, CONTINUE_ON_FAILURE): Element 'Object Repository/Mobile/Page/Login/Button - Login' is exist

2022-03-02 20:38:49 - [MESSAGE][PASSED] - Element 'Object Repository/Mobile/Page/Login/Button - Login' is exist

2022-03-02 20:38:49 - [TEST_STEP][PASSED] - if (loginCheck): Call Test Case 'Test Cases/Mobile/Page/Login/Login' successfully

2022-03-02 20:38:49 - [TEST_STEP][PASSED] - callTestCase(findTestCase("Mobile/Page/Login/Login"), ["action":"username"], CONTINUE_ON_FAILURE): Call Test Case 'Test Cases/Mobile/Page/Login/Login' successfully

2022-03-02 20:38:49 - [TEST_CASE][PASSED] - Test Cases/Mobile/Page/Login/Login: Test Cases/Mobile/Page/Login/Login

2022-03-02 20:38:49 - [TEST_STEP][PASSED] - delay(2): Delayed 2 second(s)

2022-03-02 20:38:51 - [MESSAGE][PASSED] - Delayed 2 second(s)

2022-03-02 20:38:51 - [TEST_STEP][PASSED] - for ([i = 0, i < 1, (i++)]): null

2022-03-02 20:38:51 - [TEST_STEP][PASSED] - if (action == "username"): null

2022-03-02 20:38:51 - [TEST_STEP][PASSED] - tap(LOGN_EdtUserID, 0): Tapped on element 'Object Repository/Mobile/Page/Login/Input - UserID'

2022-03-02 20:38:51 - [MESSAGE][WARNING] - Timeout '0' is invalid. Using default page load timeout: '60'

2022-03-02 20:38:51 - [MESSAGE][PASSED] - Tapped on element 'Object Repository/Mobile/Page/Login/Input - UserID'

2022-03-02 20:38:51 - [TEST_STEP][PASSED] - delay(1): Delayed 1 second(s)

2022-03-02 20:38:52 - [MESSAGE][PASSED] - Delayed 1 second(s)

2022-03-02 20:38:52 - [TEST_STEP][PASSED] - setText(LOGN_EdtRdyUserID, "anggaaditya", 0): Text 'anggaaditya' has been set to element 'Object Repository/Mobile/Page/Login/Input Rdy - UserID'

2022-03-02 20:38:52 - [MESSAGE][WARNING] - Timeout '0' is invalid. Using default page load timeout: '60'

2022-03-02 20:38:53 - [MESSAGE][PASSED] - Text 'anggaaditya' has been set to element 'Object Repository/Mobile/Page/Login/Input Rdy - UserID'

2022-03-02 20:38:53 - [TEST_STEP][PASSED] - delay(1): Delayed 1 second(s)

2022-03-02 20:38:54 - [MESSAGE][PASSED] - Delayed 1 second(s)

2022-03-02 20:38:54 - [TEST_STEP][PASSED] - hideKeyboard(): Keyboard is hidden

2022-03-02 20:38:58 - [MESSAGE][PASSED] - Keyboard is hidden

2022-03-02 20:38:58 - [TEST_STEP][PASSED] - tap(LOGN_EdtPassword, 0): Tapped on element 'Object Repository/Mobile/Page/Login/Input - Password'

2022-03-02 20:38:58 - [MESSAGE][WARNING] - Timeout '0' is invalid. Using default page load timeout: '60'

2022-03-02 20:38:59 - [MESSAGE][PASSED] - Tapped on element 'Object Repository/Mobile/Page/Login/Input - Password'

2022-03-02 20:38:59 - [TEST_STEP][PASSED] - delay(1): Delayed 1 second(s)

2022-03-02 20:39:00 - [MESSAGE][PASSED] - Delayed 1 second(s)

2022-03-02 20:39:00 - [TEST_STEP][PASSED] - setText(LOGN_EdtRdyPassword, "Shalawa18", 0): Text 'Shalawa18' has been set to element 'Object Repository/Mobile/Page/Login/Input Rdy - Password'

2022-03-02 20:39:00 - [MESSAGE][WARNING] - Timeout '0' is invalid. Using default page load timeout: '60'

2022-03-02 20:39:01 - [MESSAGE][PASSED] - Text 'Shalawa18' has been set to element 'Object Repository/Mobile/Page/Login/Input Rdy - Password'

2022-03-02 20:39:01 - [TEST_STEP][PASSED] - delay(1): Delayed 1 second(s)

2022-03-02 20:39:02 - [MESSAGE][PASSED] - Delayed 1 second(s)

2022-03-02 20:39:02 - [TEST_STEP][PASSED] - hideKeyboard(): Keyboard is hidden

2022-03-02 20:39:08 - [MESSAGE][PASSED] - Keyboard is hidden

2022-03-02 20:39:08 - [TEST_STEP][PASSED] - tap(LOGN_BtnLogin, 0): Tapped on element 'Object Repository/Mobile/Page/Login/Button - Login'

2022-03-02 20:39:08 - [MESSAGE][WARNING] - Timeout '0' is invalid. Using default page load timeout: '60'

2022-03-02 20:39:09 - [MESSAGE][PASSED] - Tapped on element 'Object Repository/Mobile/Page/Login/Button - Login'

2022-03-02 20:39:09 - [TEST_STEP][PASSED] - delay(2): Delayed 2 second(s)

2022-03-02 20:39:11 - [MESSAGE][PASSED] - Delayed 2 second(s)

2022-03-02 20:39:11 - [TEST_STEP][PASSED] - break: null

2022-03-02 20:39:11 - [MESSAGE][PASSED] - Call Test Case 'Test Cases/Mobile/Page/Login/Login' successfully

2022-03-02 20:39:11 - [MESSAGE][PASSED] - Call Test Case 'Test Cases/Mobile/Page/CheckLogin' successfully

2022-03-02 20:39:11 - [TEST_STEP][PASSED] - tap(HOME_MenubarPortfolio, 0): Tapped on element 'Object Repository/Mobile/Page/Home/Menubar - Portfolio'

2022-03-02 20:39:11 - [MESSAGE][WARNING] - Timeout '0' is invalid. Using default page load timeout: '60'

2022-03-02 20:39:15 - [MESSAGE][PASSED] - Tapped on element 'Object Repository/Mobile/Page/Home/Menubar - Portfolio'

2022-03-02 20:39:15 - [TEST_STEP][PASSED] - delay(1): Delayed 1 second(s)

2022-03-02 20:39:16 - [MESSAGE][PASSED] - Delayed 1 second(s)

2022-03-02 20:39:16 - [TEST_STEP][PASSED] - for ([i = 0, i < 1, (i++)]): Delayed 3 second(s)

2022-03-02 20:39:16 - [TEST_STEP][PASSED] - if (tab == "summary"): Delayed 3 second(s)

2022-03-02 20:39:16 - [TEST_STEP][PASSED] - idr = PORT_BtnIDR: null

2022-03-02 20:39:16 - [TEST_STEP][PASSED] - persen = PORT_BtnPersen: null

2022-03-02 20:39:16 - [TEST_STEP][PASSED] - if (action == "summary"): null

2022-03-02 20:39:16 - [TEST_STEP][PASSED] - else if (action == "perf_daily"): null

2022-03-02 20:39:16 - [TEST_STEP][PASSED] - else if (action == "perf_month"): null

2022-03-02 20:39:16 - [TEST_STEP][PASSED] - else if (action == "perf_quarter"): null

2022-03-02 20:39:16 - [TEST_STEP][PASSED] - else if (action == "perf_year"): Tapped on element 'Object Repository/Mobile/Page/Portfolio/Tab - Summary Year to Date'

2022-03-02 20:39:16 - [TEST_STEP][PASSED] - scroll.scroll.scrollScreenBottomToTop(): scroll.scroll.scrollScreenBottomToTop is PASSED

2022-03-02 20:39:16 - [MESSAGE][PASSED] - Current device physical height is 1423

2022-03-02 20:39:16 - [MESSAGE][PASSED] - Current device physical width is 720

2022-03-02 20:39:18 - [MESSAGE][PASSED] - Swiped from 360,1,138 to 360,284

2022-03-02 20:39:18 - [MESSAGE][PASSED] - scroll.scroll.scrollScreenBottomToTop is PASSED

2022-03-02 20:39:18 - [TEST_STEP][PASSED] - delay(1): Delayed 1 second(s)

2022-03-02 20:39:19 - [MESSAGE][PASSED] - Delayed 1 second(s)

2022-03-02 20:39:19 - [TEST_STEP][PASSED] - tap(PORT_TabSummaryYear, 0): Tapped on element 'Object Repository/Mobile/Page/Portfolio/Tab - Summary Year to Date'

2022-03-02 20:39:19 - [MESSAGE][WARNING] - Timeout '0' is invalid. Using default page load timeout: '60'

2022-03-02 20:39:19 - [MESSAGE][PASSED] - Tapped on element 'Object Repository/Mobile/Page/Portfolio/Tab - Summary Year to Date'

2022-03-02 20:39:19 - [TEST_STEP][PASSED] - if (action != "summary"): Delayed 3 second(s)

2022-03-02 20:39:19 - [TEST_STEP][PASSED] - delay(1): Delayed 1 second(s)

2022-03-02 20:39:20 - [MESSAGE][PASSED] - Delayed 1 second(s)

2022-03-02 20:39:20 - [TEST_STEP][PASSED] - scroll.scroll.scrollScreenBottomToTop(): scroll.scroll.scrollScreenBottomToTop is PASSED

2022-03-02 20:39:20 - [MESSAGE][PASSED] - Current device physical height is 1423

2022-03-02 20:39:21 - [MESSAGE][PASSED] - Current device physical width is 720

2022-03-02 20:39:22 - [MESSAGE][PASSED] - Swiped from 360,1,138 to 360,284

2022-03-02 20:39:22 - [MESSAGE][PASSED] - scroll.scroll.scrollScreenBottomToTop is PASSED

2022-03-02 20:39:22 - [TEST_STEP][PASSED] - scroll.scroll.scrollScreenBottomToTop(): scroll.scroll.scrollScreenBottomToTop is PASSED

2022-03-02 20:39:22 - [MESSAGE][PASSED] - Current device physical height is 1423

2022-03-02 20:39:22 - [MESSAGE][PASSED] - Current device physical width is 720

2022-03-02 20:39:23 - [MESSAGE][PASSED] - Swiped from 360,1,138 to 360,284

2022-03-02 20:39:23 - [MESSAGE][PASSED] - scroll.scroll.scrollScreenBottomToTop is PASSED

2022-03-02 20:39:23 - [TEST_STEP][PASSED] - delay(3): Delayed 3 second(s)

2022-03-02 20:39:26 - [MESSAGE][PASSED] - Delayed 3 second(s)

2022-03-02 20:39:26 - [TEST_STEP][PASSED] - if (action2 == "idr"): Delayed 3 second(s)

2022-03-02 20:39:26 - [TEST_STEP][PASSED] - tap(idr, 10): Tapped on element 'Object Repository/Mobile/Page/Portfolio/Button - IDR'

2022-03-02 20:39:27 - [MESSAGE][PASSED] - Tapped on element 'Object Repository/Mobile/Page/Portfolio/Button - IDR'

2022-03-02 20:39:27 - [TEST_STEP][PASSED] - delay(3): Delayed 3 second(s)

2022-03-02 20:39:30 - [MESSAGE][PASSED] - Delayed 3 second(s)

2022-03-02 20:39:30 - [MESSAGE][PASSED] - Call Test Case 'Test Cases/Mobile/Page/Portfolio/Portfolio' successfully

2022-03-02 20:39:30 - [TEST_STEP][PASSED] - callTestCase(findTestCase("Mobile/Page/Run App/Terminate App"), [:], STOP_ON_FAILURE): Call Test Case 'Test Cases/Mobile/Page/Run App/Terminate App' successfully

2022-03-02 20:39:30 - [TEST_CASE][PASSED] - Test Cases/Mobile/Page/Run App/Terminate App: Test Cases/Mobile/Page/Run App/Terminate App

2022-03-02 20:39:30 - [TEST_STEP][PASSED] - startApp.OpenApp.terminateApplication(): startApp.OpenApp.terminateApplication is PASSED

2022-03-02 20:39:33 - [MESSAGE][PASSED] - Delayed 3 second(s)

2022-03-02 20:39:33 - [MESSAGE][PASSED] - Current device physical width is 720

2022-03-02 20:39:34 - [MESSAGE][PASSED] - Current device physical height is 1423

2022-03-02 20:39:35 - [MESSAGE][PASSED] - Swiped from 360,853 to 360,142

2022-03-02 20:39:36 - [MESSAGE][PASSED] - Delayed 1 second(s)

2022-03-02 20:39:37 - [MESSAGE][PASSED] - Swiped from 360,853 to 360,142

2022-03-02 20:39:40 - [MESSAGE][PASSED] - Delayed 3 second(s)

2022-03-02 20:39:40 - [MESSAGE][PASSED] - startApp.OpenApp.terminateApplication is PASSED

2022-03-02 20:39:40 - [MESSAGE][PASSED] - Call Test Case 'Test Cases/Mobile/Page/Run App/Terminate App' successfully]]></system-out>
         <system-err><![CDATA[]]></system-err>
      </testcase>
      <testcase name="Test Cases/Mobile/Scenario/Portfolio/006 - Portfolio Performance Daily Persen" time="61.93" classname="Test Cases/Mobile/Scenario/Portfolio/006 - Portfolio Performance Daily Persen" status="PASSED">
         <system-out><![CDATA[2022-03-02 20:39:40 - [TEST_CASE][PASSED] - Test Cases/Mobile/Scenario/Portfolio/006 - Portfolio Performance Daily Persen: Test Cases/Mobile/Scenario/Portfolio/006 - Portfolio Performance Daily Persen

2022-03-02 20:39:40 - [TEST_STEP][PASSED] - callTestCase(findTestCase("Mobile/Page/Run App/Run App byID"), [:], STOP_ON_FAILURE): Call Test Case 'Test Cases/Mobile/Page/Run App/Run App byID' successfully

2022-03-02 20:39:40 - [TEST_CASE][PASSED] - Test Cases/Mobile/Page/Run App/Run App byID: Test Cases/Mobile/Page/Run App/Run App byID

2022-03-02 20:39:40 - [TEST_STEP][PASSED] - startApp.OpenApp.startApplication("id.co.miraeasset.sageclub"): startApp.OpenApp.startApplication is PASSED

2022-03-02 20:39:53 - [MESSAGE][PASSED] - Starting app with application ID: 'id.co.miraeasset.sageclub'

2022-03-02 20:39:53 - [MESSAGE][PASSED] - startApp.OpenApp.startApplication is PASSED

2022-03-02 20:39:53 - [MESSAGE][PASSED] - Call Test Case 'Test Cases/Mobile/Page/Run App/Run App byID' successfully

2022-03-02 20:39:53 - [TEST_STEP][PASSED] - callTestCase(findTestCase("Mobile/Page/Portfolio/Portfolio"), ["tab":"summary", "action":"perf_daily", "action2":"persen"], CONTINUE_ON_FAILURE): Call Test Case 'Test Cases/Mobile/Page/Portfolio/Portfolio' successfully

2022-03-02 20:39:53 - [TEST_CASE][PASSED] - Test Cases/Mobile/Page/Portfolio/Portfolio: Test Cases/Mobile/Page/Portfolio/Portfolio

2022-03-02 20:39:53 - [TEST_STEP][PASSED] - callTestCase(findTestCase("Mobile/Page/CheckLogin"), [:], CONTINUE_ON_FAILURE): Call Test Case 'Test Cases/Mobile/Page/CheckLogin' successfully

2022-03-02 20:39:53 - [TEST_CASE][PASSED] - Test Cases/Mobile/Page/CheckLogin: Test Cases/Mobile/Page/CheckLogin

2022-03-02 20:39:53 - [TEST_STEP][PASSED] - loginCheck = verifyElementExist(LOGN_BtnLogin, 5, CONTINUE_ON_FAILURE): Element 'Object Repository/Mobile/Page/Login/Button - Login' is exist

2022-03-02 20:39:56 - [MESSAGE][PASSED] - Element 'Object Repository/Mobile/Page/Login/Button - Login' is exist

2022-03-02 20:39:56 - [TEST_STEP][PASSED] - if (loginCheck): Call Test Case 'Test Cases/Mobile/Page/Login/Login' successfully

2022-03-02 20:39:56 - [TEST_STEP][PASSED] - callTestCase(findTestCase("Mobile/Page/Login/Login"), ["action":"username"], CONTINUE_ON_FAILURE): Call Test Case 'Test Cases/Mobile/Page/Login/Login' successfully

2022-03-02 20:39:56 - [TEST_CASE][PASSED] - Test Cases/Mobile/Page/Login/Login: Test Cases/Mobile/Page/Login/Login

2022-03-02 20:39:56 - [TEST_STEP][PASSED] - delay(2): Delayed 2 second(s)

2022-03-02 20:39:58 - [MESSAGE][PASSED] - Delayed 2 second(s)

2022-03-02 20:39:58 - [TEST_STEP][PASSED] - for ([i = 0, i < 1, (i++)]): null

2022-03-02 20:39:58 - [TEST_STEP][PASSED] - if (action == "username"): null

2022-03-02 20:39:58 - [TEST_STEP][PASSED] - tap(LOGN_EdtUserID, 0): Tapped on element 'Object Repository/Mobile/Page/Login/Input - UserID'

2022-03-02 20:39:58 - [MESSAGE][WARNING] - Timeout '0' is invalid. Using default page load timeout: '60'

2022-03-02 20:39:58 - [MESSAGE][PASSED] - Tapped on element 'Object Repository/Mobile/Page/Login/Input - UserID'

2022-03-02 20:39:58 - [TEST_STEP][PASSED] - delay(1): Delayed 1 second(s)

2022-03-02 20:39:59 - [MESSAGE][PASSED] - Delayed 1 second(s)

2022-03-02 20:39:59 - [TEST_STEP][PASSED] - setText(LOGN_EdtRdyUserID, "anggaaditya", 0): Text 'anggaaditya' has been set to element 'Object Repository/Mobile/Page/Login/Input Rdy - UserID'

2022-03-02 20:39:59 - [MESSAGE][WARNING] - Timeout '0' is invalid. Using default page load timeout: '60'

2022-03-02 20:40:00 - [MESSAGE][PASSED] - Text 'anggaaditya' has been set to element 'Object Repository/Mobile/Page/Login/Input Rdy - UserID'

2022-03-02 20:40:00 - [TEST_STEP][PASSED] - delay(1): Delayed 1 second(s)

2022-03-02 20:40:01 - [MESSAGE][PASSED] - Delayed 1 second(s)

2022-03-02 20:40:01 - [TEST_STEP][PASSED] - hideKeyboard(): Keyboard is hidden

2022-03-02 20:40:04 - [MESSAGE][PASSED] - Keyboard is hidden

2022-03-02 20:40:04 - [TEST_STEP][PASSED] - tap(LOGN_EdtPassword, 0): Tapped on element 'Object Repository/Mobile/Page/Login/Input - Password'

2022-03-02 20:40:04 - [MESSAGE][WARNING] - Timeout '0' is invalid. Using default page load timeout: '60'

2022-03-02 20:40:05 - [MESSAGE][PASSED] - Tapped on element 'Object Repository/Mobile/Page/Login/Input - Password'

2022-03-02 20:40:05 - [TEST_STEP][PASSED] - delay(1): Delayed 1 second(s)

2022-03-02 20:40:06 - [MESSAGE][PASSED] - Delayed 1 second(s)

2022-03-02 20:40:06 - [TEST_STEP][PASSED] - setText(LOGN_EdtRdyPassword, "Shalawa18", 0): Text 'Shalawa18' has been set to element 'Object Repository/Mobile/Page/Login/Input Rdy - Password'

2022-03-02 20:40:06 - [MESSAGE][WARNING] - Timeout '0' is invalid. Using default page load timeout: '60'

2022-03-02 20:40:06 - [MESSAGE][PASSED] - Text 'Shalawa18' has been set to element 'Object Repository/Mobile/Page/Login/Input Rdy - Password'

2022-03-02 20:40:06 - [TEST_STEP][PASSED] - delay(1): Delayed 1 second(s)

2022-03-02 20:40:07 - [MESSAGE][PASSED] - Delayed 1 second(s)

2022-03-02 20:40:07 - [TEST_STEP][PASSED] - hideKeyboard(): Keyboard is hidden

2022-03-02 20:40:14 - [MESSAGE][PASSED] - Keyboard is hidden

2022-03-02 20:40:14 - [TEST_STEP][PASSED] - tap(LOGN_BtnLogin, 0): Tapped on element 'Object Repository/Mobile/Page/Login/Button - Login'

2022-03-02 20:40:14 - [MESSAGE][WARNING] - Timeout '0' is invalid. Using default page load timeout: '60'

2022-03-02 20:40:15 - [MESSAGE][PASSED] - Tapped on element 'Object Repository/Mobile/Page/Login/Button - Login'

2022-03-02 20:40:15 - [TEST_STEP][PASSED] - delay(2): Delayed 2 second(s)

2022-03-02 20:40:17 - [MESSAGE][PASSED] - Delayed 2 second(s)

2022-03-02 20:40:17 - [TEST_STEP][PASSED] - break: null

2022-03-02 20:40:17 - [MESSAGE][PASSED] - Call Test Case 'Test Cases/Mobile/Page/Login/Login' successfully

2022-03-02 20:40:17 - [MESSAGE][PASSED] - Call Test Case 'Test Cases/Mobile/Page/CheckLogin' successfully

2022-03-02 20:40:17 - [TEST_STEP][PASSED] - tap(HOME_MenubarPortfolio, 0): Tapped on element 'Object Repository/Mobile/Page/Home/Menubar - Portfolio'

2022-03-02 20:40:17 - [MESSAGE][WARNING] - Timeout '0' is invalid. Using default page load timeout: '60'

2022-03-02 20:40:19 - [MESSAGE][PASSED] - Tapped on element 'Object Repository/Mobile/Page/Home/Menubar - Portfolio'

2022-03-02 20:40:19 - [TEST_STEP][PASSED] - delay(1): Delayed 1 second(s)

2022-03-02 20:40:20 - [MESSAGE][PASSED] - Delayed 1 second(s)

2022-03-02 20:40:20 - [TEST_STEP][PASSED] - for ([i = 0, i < 1, (i++)]): Delayed 3 second(s)

2022-03-02 20:40:20 - [TEST_STEP][PASSED] - if (tab == "summary"): Delayed 3 second(s)

2022-03-02 20:40:20 - [TEST_STEP][PASSED] - idr = PORT_BtnIDR: null

2022-03-02 20:40:20 - [TEST_STEP][PASSED] - persen = PORT_BtnPersen: null

2022-03-02 20:40:20 - [TEST_STEP][PASSED] - if (action == "summary"): null

2022-03-02 20:40:20 - [TEST_STEP][PASSED] - else if (action == "perf_daily"): scroll.scroll.scrollScreenBottomToTop is PASSED

2022-03-02 20:40:20 - [TEST_STEP][PASSED] - scroll.scroll.scrollScreenBottomToTop(): scroll.scroll.scrollScreenBottomToTop is PASSED

2022-03-02 20:40:20 - [MESSAGE][PASSED] - Current device physical height is 1423

2022-03-02 20:40:20 - [MESSAGE][PASSED] - Current device physical width is 720

2022-03-02 20:40:21 - [MESSAGE][PASSED] - Swiped from 360,1,138 to 360,284

2022-03-02 20:40:21 - [MESSAGE][PASSED] - scroll.scroll.scrollScreenBottomToTop is PASSED

2022-03-02 20:40:21 - [TEST_STEP][PASSED] - if (action != "summary"): Delayed 3 second(s)

2022-03-02 20:40:21 - [TEST_STEP][PASSED] - delay(1): Delayed 1 second(s)

2022-03-02 20:40:22 - [MESSAGE][PASSED] - Delayed 1 second(s)

2022-03-02 20:40:22 - [TEST_STEP][PASSED] - scroll.scroll.scrollScreenBottomToTop(): scroll.scroll.scrollScreenBottomToTop is PASSED

2022-03-02 20:40:22 - [MESSAGE][PASSED] - Current device physical height is 1423

2022-03-02 20:40:23 - [MESSAGE][PASSED] - Current device physical width is 720

2022-03-02 20:40:24 - [MESSAGE][PASSED] - Swiped from 360,1,138 to 360,284

2022-03-02 20:40:24 - [MESSAGE][PASSED] - scroll.scroll.scrollScreenBottomToTop is PASSED

2022-03-02 20:40:24 - [TEST_STEP][PASSED] - scroll.scroll.scrollScreenBottomToTop(): scroll.scroll.scrollScreenBottomToTop is PASSED

2022-03-02 20:40:24 - [MESSAGE][PASSED] - Current device physical height is 1423

2022-03-02 20:40:24 - [MESSAGE][PASSED] - Current device physical width is 720

2022-03-02 20:40:25 - [MESSAGE][PASSED] - Swiped from 360,1,138 to 360,284

2022-03-02 20:40:25 - [MESSAGE][PASSED] - scroll.scroll.scrollScreenBottomToTop is PASSED

2022-03-02 20:40:25 - [TEST_STEP][PASSED] - delay(3): Delayed 3 second(s)

2022-03-02 20:40:28 - [MESSAGE][PASSED] - Delayed 3 second(s)

2022-03-02 20:40:28 - [TEST_STEP][PASSED] - if (action2 == "idr"): null

2022-03-02 20:40:28 - [TEST_STEP][PASSED] - else if (action2 == "persen"): Delayed 3 second(s)

2022-03-02 20:40:28 - [TEST_STEP][PASSED] - tap(persen, 10): Tapped on element 'Object Repository/Mobile/Page/Portfolio/Button - Persen'

2022-03-02 20:40:29 - [MESSAGE][PASSED] - Tapped on element 'Object Repository/Mobile/Page/Portfolio/Button - Persen'

2022-03-02 20:40:29 - [TEST_STEP][PASSED] - delay(3): Delayed 3 second(s)

2022-03-02 20:40:32 - [MESSAGE][PASSED] - Delayed 3 second(s)

2022-03-02 20:40:32 - [MESSAGE][PASSED] - Call Test Case 'Test Cases/Mobile/Page/Portfolio/Portfolio' successfully

2022-03-02 20:40:32 - [TEST_STEP][PASSED] - callTestCase(findTestCase("Mobile/Page/Run App/Terminate App"), [:], STOP_ON_FAILURE): Call Test Case 'Test Cases/Mobile/Page/Run App/Terminate App' successfully

2022-03-02 20:40:32 - [TEST_CASE][PASSED] - Test Cases/Mobile/Page/Run App/Terminate App: Test Cases/Mobile/Page/Run App/Terminate App

2022-03-02 20:40:32 - [TEST_STEP][PASSED] - startApp.OpenApp.terminateApplication(): startApp.OpenApp.terminateApplication is PASSED

2022-03-02 20:40:35 - [MESSAGE][PASSED] - Delayed 3 second(s)

2022-03-02 20:40:35 - [MESSAGE][PASSED] - Current device physical width is 720

2022-03-02 20:40:35 - [MESSAGE][PASSED] - Current device physical height is 1423

2022-03-02 20:40:37 - [MESSAGE][PASSED] - Swiped from 360,853 to 360,142

2022-03-02 20:40:38 - [MESSAGE][PASSED] - Delayed 1 second(s)

2022-03-02 20:40:39 - [MESSAGE][PASSED] - Swiped from 360,853 to 360,142

2022-03-02 20:40:42 - [MESSAGE][PASSED] - Delayed 3 second(s)

2022-03-02 20:40:42 - [MESSAGE][PASSED] - startApp.OpenApp.terminateApplication is PASSED

2022-03-02 20:40:42 - [MESSAGE][PASSED] - Call Test Case 'Test Cases/Mobile/Page/Run App/Terminate App' successfully]]></system-out>
         <system-err><![CDATA[]]></system-err>
      </testcase>
      <testcase name="Test Cases/Mobile/Scenario/Portfolio/007 - Portfolio Performance Month to Date Persen" time="64.377" classname="Test Cases/Mobile/Scenario/Portfolio/007 - Portfolio Performance Month to Date Persen" status="PASSED">
         <system-out><![CDATA[2022-03-02 20:40:42 - [TEST_CASE][PASSED] - Test Cases/Mobile/Scenario/Portfolio/007 - Portfolio Performance Month to Date Persen: Test Cases/Mobile/Scenario/Portfolio/007 - Portfolio Performance Month to Date Persen

2022-03-02 20:40:42 - [TEST_STEP][PASSED] - callTestCase(findTestCase("Mobile/Page/Run App/Run App byID"), [:], STOP_ON_FAILURE): Call Test Case 'Test Cases/Mobile/Page/Run App/Run App byID' successfully

2022-03-02 20:40:42 - [TEST_CASE][PASSED] - Test Cases/Mobile/Page/Run App/Run App byID: Test Cases/Mobile/Page/Run App/Run App byID

2022-03-02 20:40:42 - [TEST_STEP][PASSED] - startApp.OpenApp.startApplication("id.co.miraeasset.sageclub"): startApp.OpenApp.startApplication is PASSED

2022-03-02 20:40:55 - [MESSAGE][PASSED] - Starting app with application ID: 'id.co.miraeasset.sageclub'

2022-03-02 20:40:55 - [MESSAGE][PASSED] - startApp.OpenApp.startApplication is PASSED

2022-03-02 20:40:55 - [MESSAGE][PASSED] - Call Test Case 'Test Cases/Mobile/Page/Run App/Run App byID' successfully

2022-03-02 20:40:55 - [TEST_STEP][PASSED] - callTestCase(findTestCase("Mobile/Page/Portfolio/Portfolio"), ["tab":"summary", "action":"perf_month", "action2":"persen"], CONTINUE_ON_FAILURE): Call Test Case 'Test Cases/Mobile/Page/Portfolio/Portfolio' successfully

2022-03-02 20:40:55 - [TEST_CASE][PASSED] - Test Cases/Mobile/Page/Portfolio/Portfolio: Test Cases/Mobile/Page/Portfolio/Portfolio

2022-03-02 20:40:55 - [TEST_STEP][PASSED] - callTestCase(findTestCase("Mobile/Page/CheckLogin"), [:], CONTINUE_ON_FAILURE): Call Test Case 'Test Cases/Mobile/Page/CheckLogin' successfully

2022-03-02 20:40:55 - [TEST_CASE][PASSED] - Test Cases/Mobile/Page/CheckLogin: Test Cases/Mobile/Page/CheckLogin

2022-03-02 20:40:55 - [TEST_STEP][PASSED] - loginCheck = verifyElementExist(LOGN_BtnLogin, 5, CONTINUE_ON_FAILURE): Element 'Object Repository/Mobile/Page/Login/Button - Login' is exist

2022-03-02 20:40:57 - [MESSAGE][PASSED] - Element 'Object Repository/Mobile/Page/Login/Button - Login' is exist

2022-03-02 20:40:57 - [TEST_STEP][PASSED] - if (loginCheck): Call Test Case 'Test Cases/Mobile/Page/Login/Login' successfully

2022-03-02 20:40:57 - [TEST_STEP][PASSED] - callTestCase(findTestCase("Mobile/Page/Login/Login"), ["action":"username"], CONTINUE_ON_FAILURE): Call Test Case 'Test Cases/Mobile/Page/Login/Login' successfully

2022-03-02 20:40:57 - [TEST_CASE][PASSED] - Test Cases/Mobile/Page/Login/Login: Test Cases/Mobile/Page/Login/Login

2022-03-02 20:40:57 - [TEST_STEP][PASSED] - delay(2): Delayed 2 second(s)

2022-03-02 20:40:59 - [MESSAGE][PASSED] - Delayed 2 second(s)

2022-03-02 20:40:59 - [TEST_STEP][PASSED] - for ([i = 0, i < 1, (i++)]): null

2022-03-02 20:40:59 - [TEST_STEP][PASSED] - if (action == "username"): null

2022-03-02 20:40:59 - [TEST_STEP][PASSED] - tap(LOGN_EdtUserID, 0): Tapped on element 'Object Repository/Mobile/Page/Login/Input - UserID'

2022-03-02 20:40:59 - [MESSAGE][WARNING] - Timeout '0' is invalid. Using default page load timeout: '60'

2022-03-02 20:41:01 - [MESSAGE][PASSED] - Tapped on element 'Object Repository/Mobile/Page/Login/Input - UserID'

2022-03-02 20:41:01 - [TEST_STEP][PASSED] - delay(1): Delayed 1 second(s)

2022-03-02 20:41:02 - [MESSAGE][PASSED] - Delayed 1 second(s)

2022-03-02 20:41:02 - [TEST_STEP][PASSED] - setText(LOGN_EdtRdyUserID, "anggaaditya", 0): Text 'anggaaditya' has been set to element 'Object Repository/Mobile/Page/Login/Input Rdy - UserID'

2022-03-02 20:41:02 - [MESSAGE][WARNING] - Timeout '0' is invalid. Using default page load timeout: '60'

2022-03-02 20:41:02 - [MESSAGE][PASSED] - Text 'anggaaditya' has been set to element 'Object Repository/Mobile/Page/Login/Input Rdy - UserID'

2022-03-02 20:41:02 - [TEST_STEP][PASSED] - delay(1): Delayed 1 second(s)

2022-03-02 20:41:03 - [MESSAGE][PASSED] - Delayed 1 second(s)

2022-03-02 20:41:03 - [TEST_STEP][PASSED] - hideKeyboard(): Keyboard is hidden

2022-03-02 20:41:07 - [MESSAGE][PASSED] - Keyboard is hidden

2022-03-02 20:41:07 - [TEST_STEP][PASSED] - tap(LOGN_EdtPassword, 0): Tapped on element 'Object Repository/Mobile/Page/Login/Input - Password'

2022-03-02 20:41:07 - [MESSAGE][WARNING] - Timeout '0' is invalid. Using default page load timeout: '60'

2022-03-02 20:41:08 - [MESSAGE][PASSED] - Tapped on element 'Object Repository/Mobile/Page/Login/Input - Password'

2022-03-02 20:41:08 - [TEST_STEP][PASSED] - delay(1): Delayed 1 second(s)

2022-03-02 20:41:09 - [MESSAGE][PASSED] - Delayed 1 second(s)

2022-03-02 20:41:09 - [TEST_STEP][PASSED] - setText(LOGN_EdtRdyPassword, "Shalawa18", 0): Text 'Shalawa18' has been set to element 'Object Repository/Mobile/Page/Login/Input Rdy - Password'

2022-03-02 20:41:09 - [MESSAGE][WARNING] - Timeout '0' is invalid. Using default page load timeout: '60'

2022-03-02 20:41:09 - [MESSAGE][PASSED] - Text 'Shalawa18' has been set to element 'Object Repository/Mobile/Page/Login/Input Rdy - Password'

2022-03-02 20:41:09 - [TEST_STEP][PASSED] - delay(1): Delayed 1 second(s)

2022-03-02 20:41:10 - [MESSAGE][PASSED] - Delayed 1 second(s)

2022-03-02 20:41:10 - [TEST_STEP][PASSED] - hideKeyboard(): Keyboard is hidden

2022-03-02 20:41:17 - [MESSAGE][PASSED] - Keyboard is hidden

2022-03-02 20:41:17 - [TEST_STEP][PASSED] - tap(LOGN_BtnLogin, 0): Tapped on element 'Object Repository/Mobile/Page/Login/Button - Login'

2022-03-02 20:41:17 - [MESSAGE][WARNING] - Timeout '0' is invalid. Using default page load timeout: '60'

2022-03-02 20:41:18 - [MESSAGE][PASSED] - Tapped on element 'Object Repository/Mobile/Page/Login/Button - Login'

2022-03-02 20:41:18 - [TEST_STEP][PASSED] - delay(2): Delayed 2 second(s)

2022-03-02 20:41:20 - [MESSAGE][PASSED] - Delayed 2 second(s)

2022-03-02 20:41:20 - [TEST_STEP][PASSED] - break: null

2022-03-02 20:41:20 - [MESSAGE][PASSED] - Call Test Case 'Test Cases/Mobile/Page/Login/Login' successfully

2022-03-02 20:41:20 - [MESSAGE][PASSED] - Call Test Case 'Test Cases/Mobile/Page/CheckLogin' successfully

2022-03-02 20:41:20 - [TEST_STEP][PASSED] - tap(HOME_MenubarPortfolio, 0): Tapped on element 'Object Repository/Mobile/Page/Home/Menubar - Portfolio'

2022-03-02 20:41:20 - [MESSAGE][WARNING] - Timeout '0' is invalid. Using default page load timeout: '60'

2022-03-02 20:41:21 - [MESSAGE][PASSED] - Tapped on element 'Object Repository/Mobile/Page/Home/Menubar - Portfolio'

2022-03-02 20:41:21 - [TEST_STEP][PASSED] - delay(1): Delayed 1 second(s)

2022-03-02 20:41:22 - [MESSAGE][PASSED] - Delayed 1 second(s)

2022-03-02 20:41:22 - [TEST_STEP][PASSED] - for ([i = 0, i < 1, (i++)]): Delayed 3 second(s)

2022-03-02 20:41:22 - [TEST_STEP][PASSED] - if (tab == "summary"): Delayed 3 second(s)

2022-03-02 20:41:22 - [TEST_STEP][PASSED] - idr = PORT_BtnIDR: null

2022-03-02 20:41:22 - [TEST_STEP][PASSED] - persen = PORT_BtnPersen: null

2022-03-02 20:41:22 - [TEST_STEP][PASSED] - if (action == "summary"): null

2022-03-02 20:41:22 - [TEST_STEP][PASSED] - else if (action == "perf_daily"): null

2022-03-02 20:41:22 - [TEST_STEP][PASSED] - else if (action == "perf_month"): Tapped on element 'Object Repository/Mobile/Page/Portfolio/Tab - Summary Month to Date'

2022-03-02 20:41:22 - [TEST_STEP][PASSED] - scroll.scroll.scrollScreenBottomToTop(): scroll.scroll.scrollScreenBottomToTop is PASSED

2022-03-02 20:41:23 - [MESSAGE][PASSED] - Current device physical height is 1423

2022-03-02 20:41:23 - [MESSAGE][PASSED] - Current device physical width is 720

2022-03-02 20:41:24 - [MESSAGE][PASSED] - Swiped from 360,1,138 to 360,284

2022-03-02 20:41:24 - [MESSAGE][PASSED] - scroll.scroll.scrollScreenBottomToTop is PASSED

2022-03-02 20:41:24 - [TEST_STEP][PASSED] - delay(1): Delayed 1 second(s)

2022-03-02 20:41:25 - [MESSAGE][PASSED] - Delayed 1 second(s)

2022-03-02 20:41:25 - [TEST_STEP][PASSED] - tap(PORT_TabSummaryMonth, 0): Tapped on element 'Object Repository/Mobile/Page/Portfolio/Tab - Summary Month to Date'

2022-03-02 20:41:25 - [MESSAGE][WARNING] - Timeout '0' is invalid. Using default page load timeout: '60'

2022-03-02 20:41:25 - [MESSAGE][PASSED] - Tapped on element 'Object Repository/Mobile/Page/Portfolio/Tab - Summary Month to Date'

2022-03-02 20:41:25 - [TEST_STEP][PASSED] - if (action != "summary"): Delayed 3 second(s)

2022-03-02 20:41:25 - [TEST_STEP][PASSED] - delay(1): Delayed 1 second(s)

2022-03-02 20:41:26 - [MESSAGE][PASSED] - Delayed 1 second(s)

2022-03-02 20:41:26 - [TEST_STEP][PASSED] - scroll.scroll.scrollScreenBottomToTop(): scroll.scroll.scrollScreenBottomToTop is PASSED

2022-03-02 20:41:27 - [MESSAGE][PASSED] - Current device physical height is 1423

2022-03-02 20:41:27 - [MESSAGE][PASSED] - Current device physical width is 720

2022-03-02 20:41:28 - [MESSAGE][PASSED] - Swiped from 360,1,138 to 360,284

2022-03-02 20:41:28 - [MESSAGE][PASSED] - scroll.scroll.scrollScreenBottomToTop is PASSED

2022-03-02 20:41:28 - [TEST_STEP][PASSED] - scroll.scroll.scrollScreenBottomToTop(): scroll.scroll.scrollScreenBottomToTop is PASSED

2022-03-02 20:41:28 - [MESSAGE][PASSED] - Current device physical height is 1423

2022-03-02 20:41:29 - [MESSAGE][PASSED] - Current device physical width is 720

2022-03-02 20:41:30 - [MESSAGE][PASSED] - Swiped from 360,1,138 to 360,284

2022-03-02 20:41:30 - [MESSAGE][PASSED] - scroll.scroll.scrollScreenBottomToTop is PASSED

2022-03-02 20:41:30 - [TEST_STEP][PASSED] - delay(3): Delayed 3 second(s)

2022-03-02 20:41:33 - [MESSAGE][PASSED] - Delayed 3 second(s)

2022-03-02 20:41:33 - [TEST_STEP][PASSED] - if (action2 == "idr"): null

2022-03-02 20:41:33 - [TEST_STEP][PASSED] - else if (action2 == "persen"): Delayed 3 second(s)

2022-03-02 20:41:33 - [TEST_STEP][PASSED] - tap(persen, 10): Tapped on element 'Object Repository/Mobile/Page/Portfolio/Button - Persen'

2022-03-02 20:41:33 - [MESSAGE][PASSED] - Tapped on element 'Object Repository/Mobile/Page/Portfolio/Button - Persen'

2022-03-02 20:41:33 - [TEST_STEP][PASSED] - delay(3): Delayed 3 second(s)

2022-03-02 20:41:36 - [MESSAGE][PASSED] - Delayed 3 second(s)

2022-03-02 20:41:36 - [MESSAGE][PASSED] - Call Test Case 'Test Cases/Mobile/Page/Portfolio/Portfolio' successfully

2022-03-02 20:41:36 - [TEST_STEP][PASSED] - callTestCase(findTestCase("Mobile/Page/Run App/Terminate App"), [:], STOP_ON_FAILURE): Call Test Case 'Test Cases/Mobile/Page/Run App/Terminate App' successfully

2022-03-02 20:41:36 - [TEST_CASE][PASSED] - Test Cases/Mobile/Page/Run App/Terminate App: Test Cases/Mobile/Page/Run App/Terminate App

2022-03-02 20:41:36 - [TEST_STEP][PASSED] - startApp.OpenApp.terminateApplication(): startApp.OpenApp.terminateApplication is PASSED

2022-03-02 20:41:39 - [MESSAGE][PASSED] - Delayed 3 second(s)

2022-03-02 20:41:40 - [MESSAGE][PASSED] - Current device physical width is 720

2022-03-02 20:41:40 - [MESSAGE][PASSED] - Current device physical height is 1423

2022-03-02 20:41:41 - [MESSAGE][PASSED] - Swiped from 360,853 to 360,142

2022-03-02 20:41:42 - [MESSAGE][PASSED] - Delayed 1 second(s)

2022-03-02 20:41:43 - [MESSAGE][PASSED] - Swiped from 360,853 to 360,142

2022-03-02 20:41:46 - [MESSAGE][PASSED] - Delayed 3 second(s)

2022-03-02 20:41:46 - [MESSAGE][PASSED] - startApp.OpenApp.terminateApplication is PASSED

2022-03-02 20:41:46 - [MESSAGE][PASSED] - Call Test Case 'Test Cases/Mobile/Page/Run App/Terminate App' successfully]]></system-out>
         <system-err><![CDATA[]]></system-err>
      </testcase>
      <testcase name="Test Cases/Mobile/Scenario/Portfolio/008 - Portfolio Performance Quarter to Date Persen" time="62.544" classname="Test Cases/Mobile/Scenario/Portfolio/008 - Portfolio Performance Quarter to Date Persen" status="PASSED">
         <system-out><![CDATA[2022-03-02 20:41:46 - [TEST_CASE][PASSED] - Test Cases/Mobile/Scenario/Portfolio/008 - Portfolio Performance Quarter to Date Persen: Test Cases/Mobile/Scenario/Portfolio/008 - Portfolio Performance Quarter to Date Persen

2022-03-02 20:41:47 - [TEST_STEP][PASSED] - callTestCase(findTestCase("Mobile/Page/Run App/Run App byID"), [:], STOP_ON_FAILURE): Call Test Case 'Test Cases/Mobile/Page/Run App/Run App byID' successfully

2022-03-02 20:41:47 - [TEST_CASE][PASSED] - Test Cases/Mobile/Page/Run App/Run App byID: Test Cases/Mobile/Page/Run App/Run App byID

2022-03-02 20:41:47 - [TEST_STEP][PASSED] - startApp.OpenApp.startApplication("id.co.miraeasset.sageclub"): startApp.OpenApp.startApplication is PASSED

2022-03-02 20:41:59 - [MESSAGE][PASSED] - Starting app with application ID: 'id.co.miraeasset.sageclub'

2022-03-02 20:41:59 - [MESSAGE][PASSED] - startApp.OpenApp.startApplication is PASSED

2022-03-02 20:41:59 - [MESSAGE][PASSED] - Call Test Case 'Test Cases/Mobile/Page/Run App/Run App byID' successfully

2022-03-02 20:41:59 - [TEST_STEP][PASSED] - callTestCase(findTestCase("Mobile/Page/Portfolio/Portfolio"), ["tab":"summary", "action":"perf_quarter", "action2":"persen"], CONTINUE_ON_FAILURE): Call Test Case 'Test Cases/Mobile/Page/Portfolio/Portfolio' successfully

2022-03-02 20:41:59 - [TEST_CASE][PASSED] - Test Cases/Mobile/Page/Portfolio/Portfolio: Test Cases/Mobile/Page/Portfolio/Portfolio

2022-03-02 20:41:59 - [TEST_STEP][PASSED] - callTestCase(findTestCase("Mobile/Page/CheckLogin"), [:], CONTINUE_ON_FAILURE): Call Test Case 'Test Cases/Mobile/Page/CheckLogin' successfully

2022-03-02 20:41:59 - [TEST_CASE][PASSED] - Test Cases/Mobile/Page/CheckLogin: Test Cases/Mobile/Page/CheckLogin

2022-03-02 20:41:59 - [TEST_STEP][PASSED] - loginCheck = verifyElementExist(LOGN_BtnLogin, 5, CONTINUE_ON_FAILURE): Element 'Object Repository/Mobile/Page/Login/Button - Login' is exist

2022-03-02 20:42:01 - [MESSAGE][PASSED] - Element 'Object Repository/Mobile/Page/Login/Button - Login' is exist

2022-03-02 20:42:01 - [TEST_STEP][PASSED] - if (loginCheck): Call Test Case 'Test Cases/Mobile/Page/Login/Login' successfully

2022-03-02 20:42:01 - [TEST_STEP][PASSED] - callTestCase(findTestCase("Mobile/Page/Login/Login"), ["action":"username"], CONTINUE_ON_FAILURE): Call Test Case 'Test Cases/Mobile/Page/Login/Login' successfully

2022-03-02 20:42:01 - [TEST_CASE][PASSED] - Test Cases/Mobile/Page/Login/Login: Test Cases/Mobile/Page/Login/Login

2022-03-02 20:42:01 - [TEST_STEP][PASSED] - delay(2): Delayed 2 second(s)

2022-03-02 20:42:03 - [MESSAGE][PASSED] - Delayed 2 second(s)

2022-03-02 20:42:03 - [TEST_STEP][PASSED] - for ([i = 0, i < 1, (i++)]): null

2022-03-02 20:42:03 - [TEST_STEP][PASSED] - if (action == "username"): null

2022-03-02 20:42:03 - [TEST_STEP][PASSED] - tap(LOGN_EdtUserID, 0): Tapped on element 'Object Repository/Mobile/Page/Login/Input - UserID'

2022-03-02 20:42:03 - [MESSAGE][WARNING] - Timeout '0' is invalid. Using default page load timeout: '60'

2022-03-02 20:42:04 - [MESSAGE][PASSED] - Tapped on element 'Object Repository/Mobile/Page/Login/Input - UserID'

2022-03-02 20:42:04 - [TEST_STEP][PASSED] - delay(1): Delayed 1 second(s)

2022-03-02 20:42:05 - [MESSAGE][PASSED] - Delayed 1 second(s)

2022-03-02 20:42:05 - [TEST_STEP][PASSED] - setText(LOGN_EdtRdyUserID, "anggaaditya", 0): Text 'anggaaditya' has been set to element 'Object Repository/Mobile/Page/Login/Input Rdy - UserID'

2022-03-02 20:42:05 - [MESSAGE][WARNING] - Timeout '0' is invalid. Using default page load timeout: '60'

2022-03-02 20:42:05 - [MESSAGE][PASSED] - Text 'anggaaditya' has been set to element 'Object Repository/Mobile/Page/Login/Input Rdy - UserID'

2022-03-02 20:42:05 - [TEST_STEP][PASSED] - delay(1): Delayed 1 second(s)

2022-03-02 20:42:06 - [MESSAGE][PASSED] - Delayed 1 second(s)

2022-03-02 20:42:06 - [TEST_STEP][PASSED] - hideKeyboard(): Keyboard is hidden

2022-03-02 20:42:10 - [MESSAGE][PASSED] - Keyboard is hidden

2022-03-02 20:42:10 - [TEST_STEP][PASSED] - tap(LOGN_EdtPassword, 0): Tapped on element 'Object Repository/Mobile/Page/Login/Input - Password'

2022-03-02 20:42:10 - [MESSAGE][WARNING] - Timeout '0' is invalid. Using default page load timeout: '60'

2022-03-02 20:42:10 - [MESSAGE][PASSED] - Tapped on element 'Object Repository/Mobile/Page/Login/Input - Password'

2022-03-02 20:42:10 - [TEST_STEP][PASSED] - delay(1): Delayed 1 second(s)

2022-03-02 20:42:11 - [MESSAGE][PASSED] - Delayed 1 second(s)

2022-03-02 20:42:11 - [TEST_STEP][PASSED] - setText(LOGN_EdtRdyPassword, "Shalawa18", 0): Text 'Shalawa18' has been set to element 'Object Repository/Mobile/Page/Login/Input Rdy - Password'

2022-03-02 20:42:11 - [MESSAGE][WARNING] - Timeout '0' is invalid. Using default page load timeout: '60'

2022-03-02 20:42:11 - [MESSAGE][PASSED] - Text 'Shalawa18' has been set to element 'Object Repository/Mobile/Page/Login/Input Rdy - Password'

2022-03-02 20:42:11 - [TEST_STEP][PASSED] - delay(1): Delayed 1 second(s)

2022-03-02 20:42:12 - [MESSAGE][PASSED] - Delayed 1 second(s)

2022-03-02 20:42:12 - [TEST_STEP][PASSED] - hideKeyboard(): Keyboard is hidden

2022-03-02 20:42:19 - [MESSAGE][PASSED] - Keyboard is hidden

2022-03-02 20:42:19 - [TEST_STEP][PASSED] - tap(LOGN_BtnLogin, 0): Tapped on element 'Object Repository/Mobile/Page/Login/Button - Login'

2022-03-02 20:42:19 - [MESSAGE][WARNING] - Timeout '0' is invalid. Using default page load timeout: '60'

2022-03-02 20:42:20 - [MESSAGE][PASSED] - Tapped on element 'Object Repository/Mobile/Page/Login/Button - Login'

2022-03-02 20:42:20 - [TEST_STEP][PASSED] - delay(2): Delayed 2 second(s)

2022-03-02 20:42:22 - [MESSAGE][PASSED] - Delayed 2 second(s)

2022-03-02 20:42:22 - [TEST_STEP][PASSED] - break: null

2022-03-02 20:42:22 - [MESSAGE][PASSED] - Call Test Case 'Test Cases/Mobile/Page/Login/Login' successfully

2022-03-02 20:42:22 - [MESSAGE][PASSED] - Call Test Case 'Test Cases/Mobile/Page/CheckLogin' successfully

2022-03-02 20:42:22 - [TEST_STEP][PASSED] - tap(HOME_MenubarPortfolio, 0): Tapped on element 'Object Repository/Mobile/Page/Home/Menubar - Portfolio'

2022-03-02 20:42:22 - [MESSAGE][WARNING] - Timeout '0' is invalid. Using default page load timeout: '60'

2022-03-02 20:42:24 - [MESSAGE][PASSED] - Tapped on element 'Object Repository/Mobile/Page/Home/Menubar - Portfolio'

2022-03-02 20:42:24 - [TEST_STEP][PASSED] - delay(1): Delayed 1 second(s)

2022-03-02 20:42:25 - [MESSAGE][PASSED] - Delayed 1 second(s)

2022-03-02 20:42:25 - [TEST_STEP][PASSED] - for ([i = 0, i < 1, (i++)]): Delayed 3 second(s)

2022-03-02 20:42:25 - [TEST_STEP][PASSED] - if (tab == "summary"): Delayed 3 second(s)

2022-03-02 20:42:25 - [TEST_STEP][PASSED] - idr = PORT_BtnIDR: null

2022-03-02 20:42:25 - [TEST_STEP][PASSED] - persen = PORT_BtnPersen: null

2022-03-02 20:42:25 - [TEST_STEP][PASSED] - if (action == "summary"): null

2022-03-02 20:42:25 - [TEST_STEP][PASSED] - else if (action == "perf_daily"): null

2022-03-02 20:42:25 - [TEST_STEP][PASSED] - else if (action == "perf_month"): null

2022-03-02 20:42:25 - [TEST_STEP][PASSED] - else if (action == "perf_quarter"): Tapped on element 'Object Repository/Mobile/Page/Portfolio/Tab - Summary Quarter to Date'

2022-03-02 20:42:25 - [TEST_STEP][PASSED] - scroll.scroll.scrollScreenBottomToTop(): scroll.scroll.scrollScreenBottomToTop is PASSED

2022-03-02 20:42:25 - [MESSAGE][PASSED] - Current device physical height is 1423

2022-03-02 20:42:25 - [MESSAGE][PASSED] - Current device physical width is 720

2022-03-02 20:42:27 - [MESSAGE][PASSED] - Swiped from 360,1,138 to 360,284

2022-03-02 20:42:27 - [MESSAGE][PASSED] - scroll.scroll.scrollScreenBottomToTop is PASSED

2022-03-02 20:42:27 - [TEST_STEP][PASSED] - delay(1): Delayed 1 second(s)

2022-03-02 20:42:28 - [MESSAGE][PASSED] - Delayed 1 second(s)

2022-03-02 20:42:28 - [TEST_STEP][PASSED] - tap(PORT_TabSummaryQuarter, 0): Tapped on element 'Object Repository/Mobile/Page/Portfolio/Tab - Summary Quarter to Date'

2022-03-02 20:42:28 - [MESSAGE][WARNING] - Timeout '0' is invalid. Using default page load timeout: '60'

2022-03-02 20:42:28 - [MESSAGE][PASSED] - Tapped on element 'Object Repository/Mobile/Page/Portfolio/Tab - Summary Quarter to Date'

2022-03-02 20:42:28 - [TEST_STEP][PASSED] - if (action != "summary"): Delayed 3 second(s)

2022-03-02 20:42:28 - [TEST_STEP][PASSED] - delay(1): Delayed 1 second(s)

2022-03-02 20:42:29 - [MESSAGE][PASSED] - Delayed 1 second(s)

2022-03-02 20:42:29 - [TEST_STEP][PASSED] - scroll.scroll.scrollScreenBottomToTop(): scroll.scroll.scrollScreenBottomToTop is PASSED

2022-03-02 20:42:29 - [MESSAGE][PASSED] - Current device physical height is 1423

2022-03-02 20:42:29 - [MESSAGE][PASSED] - Current device physical width is 720

2022-03-02 20:42:31 - [MESSAGE][PASSED] - Swiped from 360,1,138 to 360,284

2022-03-02 20:42:31 - [MESSAGE][PASSED] - scroll.scroll.scrollScreenBottomToTop is PASSED

2022-03-02 20:42:31 - [TEST_STEP][PASSED] - scroll.scroll.scrollScreenBottomToTop(): scroll.scroll.scrollScreenBottomToTop is PASSED

2022-03-02 20:42:31 - [MESSAGE][PASSED] - Current device physical height is 1423

2022-03-02 20:42:31 - [MESSAGE][PASSED] - Current device physical width is 720

2022-03-02 20:42:32 - [MESSAGE][PASSED] - Swiped from 360,1,138 to 360,284

2022-03-02 20:42:32 - [MESSAGE][PASSED] - scroll.scroll.scrollScreenBottomToTop is PASSED

2022-03-02 20:42:32 - [TEST_STEP][PASSED] - delay(3): Delayed 3 second(s)

2022-03-02 20:42:35 - [MESSAGE][PASSED] - Delayed 3 second(s)

2022-03-02 20:42:35 - [TEST_STEP][PASSED] - if (action2 == "idr"): null

2022-03-02 20:42:35 - [TEST_STEP][PASSED] - else if (action2 == "persen"): Delayed 3 second(s)

2022-03-02 20:42:35 - [TEST_STEP][PASSED] - tap(persen, 10): Tapped on element 'Object Repository/Mobile/Page/Portfolio/Button - Persen'

2022-03-02 20:42:36 - [MESSAGE][PASSED] - Tapped on element 'Object Repository/Mobile/Page/Portfolio/Button - Persen'

2022-03-02 20:42:36 - [TEST_STEP][PASSED] - delay(3): Delayed 3 second(s)

2022-03-02 20:42:39 - [MESSAGE][PASSED] - Delayed 3 second(s)

2022-03-02 20:42:39 - [MESSAGE][PASSED] - Call Test Case 'Test Cases/Mobile/Page/Portfolio/Portfolio' successfully

2022-03-02 20:42:39 - [TEST_STEP][PASSED] - callTestCase(findTestCase("Mobile/Page/Run App/Terminate App"), [:], STOP_ON_FAILURE): Call Test Case 'Test Cases/Mobile/Page/Run App/Terminate App' successfully

2022-03-02 20:42:39 - [TEST_CASE][PASSED] - Test Cases/Mobile/Page/Run App/Terminate App: Test Cases/Mobile/Page/Run App/Terminate App

2022-03-02 20:42:39 - [TEST_STEP][PASSED] - startApp.OpenApp.terminateApplication(): startApp.OpenApp.terminateApplication is PASSED

2022-03-02 20:42:42 - [MESSAGE][PASSED] - Delayed 3 second(s)

2022-03-02 20:42:42 - [MESSAGE][PASSED] - Current device physical width is 720

2022-03-02 20:42:42 - [MESSAGE][PASSED] - Current device physical height is 1423

2022-03-02 20:42:44 - [MESSAGE][PASSED] - Swiped from 360,853 to 360,142

2022-03-02 20:42:45 - [MESSAGE][PASSED] - Delayed 1 second(s)

2022-03-02 20:42:46 - [MESSAGE][PASSED] - Swiped from 360,853 to 360,142

2022-03-02 20:42:49 - [MESSAGE][PASSED] - Delayed 3 second(s)

2022-03-02 20:42:49 - [MESSAGE][PASSED] - startApp.OpenApp.terminateApplication is PASSED

2022-03-02 20:42:49 - [MESSAGE][PASSED] - Call Test Case 'Test Cases/Mobile/Page/Run App/Terminate App' successfully]]></system-out>
         <system-err><![CDATA[]]></system-err>
      </testcase>
      <testcase name="Test Cases/Mobile/Scenario/Portfolio/009 - Portfolio Performance Year to Date Persen" time="63.196" classname="Test Cases/Mobile/Scenario/Portfolio/009 - Portfolio Performance Year to Date Persen" status="PASSED">
         <system-out><![CDATA[2022-03-02 20:42:49 - [TEST_CASE][PASSED] - Test Cases/Mobile/Scenario/Portfolio/009 - Portfolio Performance Year to Date Persen: Test Cases/Mobile/Scenario/Portfolio/009 - Portfolio Performance Year to Date Persen

2022-03-02 20:42:49 - [TEST_STEP][PASSED] - callTestCase(findTestCase("Mobile/Page/Run App/Run App byID"), [:], STOP_ON_FAILURE): Call Test Case 'Test Cases/Mobile/Page/Run App/Run App byID' successfully

2022-03-02 20:42:49 - [TEST_CASE][PASSED] - Test Cases/Mobile/Page/Run App/Run App byID: Test Cases/Mobile/Page/Run App/Run App byID

2022-03-02 20:42:49 - [TEST_STEP][PASSED] - startApp.OpenApp.startApplication("id.co.miraeasset.sageclub"): startApp.OpenApp.startApplication is PASSED

2022-03-02 20:43:02 - [MESSAGE][PASSED] - Starting app with application ID: 'id.co.miraeasset.sageclub'

2022-03-02 20:43:02 - [MESSAGE][PASSED] - startApp.OpenApp.startApplication is PASSED

2022-03-02 20:43:02 - [MESSAGE][PASSED] - Call Test Case 'Test Cases/Mobile/Page/Run App/Run App byID' successfully

2022-03-02 20:43:02 - [TEST_STEP][PASSED] - callTestCase(findTestCase("Mobile/Page/Portfolio/Portfolio"), ["tab":"summary", "action":"perf_year", "action2":"persen"], CONTINUE_ON_FAILURE): Call Test Case 'Test Cases/Mobile/Page/Portfolio/Portfolio' successfully

2022-03-02 20:43:02 - [TEST_CASE][PASSED] - Test Cases/Mobile/Page/Portfolio/Portfolio: Test Cases/Mobile/Page/Portfolio/Portfolio

2022-03-02 20:43:02 - [TEST_STEP][PASSED] - callTestCase(findTestCase("Mobile/Page/CheckLogin"), [:], CONTINUE_ON_FAILURE): Call Test Case 'Test Cases/Mobile/Page/CheckLogin' successfully

2022-03-02 20:43:02 - [TEST_CASE][PASSED] - Test Cases/Mobile/Page/CheckLogin: Test Cases/Mobile/Page/CheckLogin

2022-03-02 20:43:02 - [TEST_STEP][PASSED] - loginCheck = verifyElementExist(LOGN_BtnLogin, 5, CONTINUE_ON_FAILURE): Element 'Object Repository/Mobile/Page/Login/Button - Login' is exist

2022-03-02 20:43:03 - [MESSAGE][PASSED] - Element 'Object Repository/Mobile/Page/Login/Button - Login' is exist

2022-03-02 20:43:03 - [TEST_STEP][PASSED] - if (loginCheck): Call Test Case 'Test Cases/Mobile/Page/Login/Login' successfully

2022-03-02 20:43:03 - [TEST_STEP][PASSED] - callTestCase(findTestCase("Mobile/Page/Login/Login"), ["action":"username"], CONTINUE_ON_FAILURE): Call Test Case 'Test Cases/Mobile/Page/Login/Login' successfully

2022-03-02 20:43:03 - [TEST_CASE][PASSED] - Test Cases/Mobile/Page/Login/Login: Test Cases/Mobile/Page/Login/Login

2022-03-02 20:43:03 - [TEST_STEP][PASSED] - delay(2): Delayed 2 second(s)

2022-03-02 20:43:05 - [MESSAGE][PASSED] - Delayed 2 second(s)

2022-03-02 20:43:05 - [TEST_STEP][PASSED] - for ([i = 0, i < 1, (i++)]): null

2022-03-02 20:43:05 - [TEST_STEP][PASSED] - if (action == "username"): null

2022-03-02 20:43:05 - [TEST_STEP][PASSED] - tap(LOGN_EdtUserID, 0): Tapped on element 'Object Repository/Mobile/Page/Login/Input - UserID'

2022-03-02 20:43:05 - [MESSAGE][WARNING] - Timeout '0' is invalid. Using default page load timeout: '60'

2022-03-02 20:43:06 - [MESSAGE][PASSED] - Tapped on element 'Object Repository/Mobile/Page/Login/Input - UserID'

2022-03-02 20:43:06 - [TEST_STEP][PASSED] - delay(1): Delayed 1 second(s)

2022-03-02 20:43:07 - [MESSAGE][PASSED] - Delayed 1 second(s)

2022-03-02 20:43:07 - [TEST_STEP][PASSED] - setText(LOGN_EdtRdyUserID, "anggaaditya", 0): Text 'anggaaditya' has been set to element 'Object Repository/Mobile/Page/Login/Input Rdy - UserID'

2022-03-02 20:43:07 - [MESSAGE][WARNING] - Timeout '0' is invalid. Using default page load timeout: '60'

2022-03-02 20:43:08 - [MESSAGE][PASSED] - Text 'anggaaditya' has been set to element 'Object Repository/Mobile/Page/Login/Input Rdy - UserID'

2022-03-02 20:43:08 - [TEST_STEP][PASSED] - delay(1): Delayed 1 second(s)

2022-03-02 20:43:09 - [MESSAGE][PASSED] - Delayed 1 second(s)

2022-03-02 20:43:09 - [TEST_STEP][PASSED] - hideKeyboard(): Keyboard is hidden

2022-03-02 20:43:13 - [MESSAGE][PASSED] - Keyboard is hidden

2022-03-02 20:43:13 - [TEST_STEP][PASSED] - tap(LOGN_EdtPassword, 0): Tapped on element 'Object Repository/Mobile/Page/Login/Input - Password'

2022-03-02 20:43:13 - [MESSAGE][WARNING] - Timeout '0' is invalid. Using default page load timeout: '60'

2022-03-02 20:43:13 - [MESSAGE][PASSED] - Tapped on element 'Object Repository/Mobile/Page/Login/Input - Password'

2022-03-02 20:43:13 - [TEST_STEP][PASSED] - delay(1): Delayed 1 second(s)

2022-03-02 20:43:14 - [MESSAGE][PASSED] - Delayed 1 second(s)

2022-03-02 20:43:14 - [TEST_STEP][PASSED] - setText(LOGN_EdtRdyPassword, "Shalawa18", 0): Text 'Shalawa18' has been set to element 'Object Repository/Mobile/Page/Login/Input Rdy - Password'

2022-03-02 20:43:14 - [MESSAGE][WARNING] - Timeout '0' is invalid. Using default page load timeout: '60'

2022-03-02 20:43:15 - [MESSAGE][PASSED] - Text 'Shalawa18' has been set to element 'Object Repository/Mobile/Page/Login/Input Rdy - Password'

2022-03-02 20:43:15 - [TEST_STEP][PASSED] - delay(1): Delayed 1 second(s)

2022-03-02 20:43:16 - [MESSAGE][PASSED] - Delayed 1 second(s)

2022-03-02 20:43:16 - [TEST_STEP][PASSED] - hideKeyboard(): Keyboard is hidden

2022-03-02 20:43:22 - [MESSAGE][PASSED] - Keyboard is hidden

2022-03-02 20:43:22 - [TEST_STEP][PASSED] - tap(LOGN_BtnLogin, 0): Tapped on element 'Object Repository/Mobile/Page/Login/Button - Login'

2022-03-02 20:43:22 - [MESSAGE][WARNING] - Timeout '0' is invalid. Using default page load timeout: '60'

2022-03-02 20:43:23 - [MESSAGE][PASSED] - Tapped on element 'Object Repository/Mobile/Page/Login/Button - Login'

2022-03-02 20:43:23 - [TEST_STEP][PASSED] - delay(2): Delayed 2 second(s)

2022-03-02 20:43:25 - [MESSAGE][PASSED] - Delayed 2 second(s)

2022-03-02 20:43:25 - [TEST_STEP][PASSED] - break: null

2022-03-02 20:43:25 - [MESSAGE][PASSED] - Call Test Case 'Test Cases/Mobile/Page/Login/Login' successfully

2022-03-02 20:43:25 - [MESSAGE][PASSED] - Call Test Case 'Test Cases/Mobile/Page/CheckLogin' successfully

2022-03-02 20:43:25 - [TEST_STEP][PASSED] - tap(HOME_MenubarPortfolio, 0): Tapped on element 'Object Repository/Mobile/Page/Home/Menubar - Portfolio'

2022-03-02 20:43:25 - [MESSAGE][WARNING] - Timeout '0' is invalid. Using default page load timeout: '60'

2022-03-02 20:43:27 - [MESSAGE][PASSED] - Tapped on element 'Object Repository/Mobile/Page/Home/Menubar - Portfolio'

2022-03-02 20:43:27 - [TEST_STEP][PASSED] - delay(1): Delayed 1 second(s)

2022-03-02 20:43:28 - [MESSAGE][PASSED] - Delayed 1 second(s)

2022-03-02 20:43:28 - [TEST_STEP][PASSED] - for ([i = 0, i < 1, (i++)]): Delayed 3 second(s)

2022-03-02 20:43:28 - [TEST_STEP][PASSED] - if (tab == "summary"): Delayed 3 second(s)

2022-03-02 20:43:28 - [TEST_STEP][PASSED] - idr = PORT_BtnIDR: null

2022-03-02 20:43:28 - [TEST_STEP][PASSED] - persen = PORT_BtnPersen: null

2022-03-02 20:43:28 - [TEST_STEP][PASSED] - if (action == "summary"): null

2022-03-02 20:43:28 - [TEST_STEP][PASSED] - else if (action == "perf_daily"): null

2022-03-02 20:43:28 - [TEST_STEP][PASSED] - else if (action == "perf_month"): null

2022-03-02 20:43:28 - [TEST_STEP][PASSED] - else if (action == "perf_quarter"): null

2022-03-02 20:43:28 - [TEST_STEP][PASSED] - else if (action == "perf_year"): Tapped on element 'Object Repository/Mobile/Page/Portfolio/Tab - Summary Year to Date'

2022-03-02 20:43:28 - [TEST_STEP][PASSED] - scroll.scroll.scrollScreenBottomToTop(): scroll.scroll.scrollScreenBottomToTop is PASSED

2022-03-02 20:43:28 - [MESSAGE][PASSED] - Current device physical height is 1423

2022-03-02 20:43:29 - [MESSAGE][PASSED] - Current device physical width is 720

2022-03-02 20:43:30 - [MESSAGE][PASSED] - Swiped from 360,1,138 to 360,284

2022-03-02 20:43:30 - [MESSAGE][PASSED] - scroll.scroll.scrollScreenBottomToTop is PASSED

2022-03-02 20:43:30 - [TEST_STEP][PASSED] - delay(1): Delayed 1 second(s)

2022-03-02 20:43:31 - [MESSAGE][PASSED] - Delayed 1 second(s)

2022-03-02 20:43:31 - [TEST_STEP][PASSED] - tap(PORT_TabSummaryYear, 0): Tapped on element 'Object Repository/Mobile/Page/Portfolio/Tab - Summary Year to Date'

2022-03-02 20:43:31 - [MESSAGE][WARNING] - Timeout '0' is invalid. Using default page load timeout: '60'

2022-03-02 20:43:31 - [MESSAGE][PASSED] - Tapped on element 'Object Repository/Mobile/Page/Portfolio/Tab - Summary Year to Date'

2022-03-02 20:43:31 - [TEST_STEP][PASSED] - if (action != "summary"): Delayed 3 second(s)

2022-03-02 20:43:31 - [TEST_STEP][PASSED] - delay(1): Delayed 1 second(s)

2022-03-02 20:43:32 - [MESSAGE][PASSED] - Delayed 1 second(s)

2022-03-02 20:43:32 - [TEST_STEP][PASSED] - scroll.scroll.scrollScreenBottomToTop(): scroll.scroll.scrollScreenBottomToTop is PASSED

2022-03-02 20:43:33 - [MESSAGE][PASSED] - Current device physical height is 1423

2022-03-02 20:43:33 - [MESSAGE][PASSED] - Current device physical width is 720

2022-03-02 20:43:34 - [MESSAGE][PASSED] - Swiped from 360,1,138 to 360,284

2022-03-02 20:43:34 - [MESSAGE][PASSED] - scroll.scroll.scrollScreenBottomToTop is PASSED

2022-03-02 20:43:34 - [TEST_STEP][PASSED] - scroll.scroll.scrollScreenBottomToTop(): scroll.scroll.scrollScreenBottomToTop is PASSED

2022-03-02 20:43:34 - [MESSAGE][PASSED] - Current device physical height is 1423

2022-03-02 20:43:34 - [MESSAGE][PASSED] - Current device physical width is 720

2022-03-02 20:43:36 - [MESSAGE][PASSED] - Swiped from 360,1,138 to 360,284

2022-03-02 20:43:36 - [MESSAGE][PASSED] - scroll.scroll.scrollScreenBottomToTop is PASSED

2022-03-02 20:43:36 - [TEST_STEP][PASSED] - delay(3): Delayed 3 second(s)

2022-03-02 20:43:39 - [MESSAGE][PASSED] - Delayed 3 second(s)

2022-03-02 20:43:39 - [TEST_STEP][PASSED] - if (action2 == "idr"): null

2022-03-02 20:43:39 - [TEST_STEP][PASSED] - else if (action2 == "persen"): Delayed 3 second(s)

2022-03-02 20:43:39 - [TEST_STEP][PASSED] - tap(persen, 10): Tapped on element 'Object Repository/Mobile/Page/Portfolio/Button - Persen'

2022-03-02 20:43:39 - [MESSAGE][PASSED] - Tapped on element 'Object Repository/Mobile/Page/Portfolio/Button - Persen'

2022-03-02 20:43:39 - [TEST_STEP][PASSED] - delay(3): Delayed 3 second(s)

2022-03-02 20:43:42 - [MESSAGE][PASSED] - Delayed 3 second(s)

2022-03-02 20:43:42 - [MESSAGE][PASSED] - Call Test Case 'Test Cases/Mobile/Page/Portfolio/Portfolio' successfully

2022-03-02 20:43:42 - [TEST_STEP][PASSED] - callTestCase(findTestCase("Mobile/Page/Run App/Terminate App"), [:], STOP_ON_FAILURE): Call Test Case 'Test Cases/Mobile/Page/Run App/Terminate App' successfully

2022-03-02 20:43:42 - [TEST_CASE][PASSED] - Test Cases/Mobile/Page/Run App/Terminate App: Test Cases/Mobile/Page/Run App/Terminate App

2022-03-02 20:43:42 - [TEST_STEP][PASSED] - startApp.OpenApp.terminateApplication(): startApp.OpenApp.terminateApplication is PASSED

2022-03-02 20:43:45 - [MESSAGE][PASSED] - Delayed 3 second(s)

2022-03-02 20:43:45 - [MESSAGE][PASSED] - Current device physical width is 720

2022-03-02 20:43:46 - [MESSAGE][PASSED] - Current device physical height is 1423

2022-03-02 20:43:47 - [MESSAGE][PASSED] - Swiped from 360,853 to 360,142

2022-03-02 20:43:48 - [MESSAGE][PASSED] - Delayed 1 second(s)

2022-03-02 20:43:49 - [MESSAGE][PASSED] - Swiped from 360,853 to 360,142

2022-03-02 20:43:52 - [MESSAGE][PASSED] - Delayed 3 second(s)

2022-03-02 20:43:52 - [MESSAGE][PASSED] - startApp.OpenApp.terminateApplication is PASSED

2022-03-02 20:43:52 - [MESSAGE][PASSED] - Call Test Case 'Test Cases/Mobile/Page/Run App/Terminate App' successfully]]></system-out>
         <system-err><![CDATA[]]></system-err>
      </testcase>
      <testcase name="Test Cases/Mobile/Scenario/Portfolio/010 - Melihat list stock" time="55.155" classname="Test Cases/Mobile/Scenario/Portfolio/010 - Melihat list stock" status="PASSED">
         <system-out><![CDATA[2022-03-02 20:43:52 - [TEST_CASE][PASSED] - Test Cases/Mobile/Scenario/Portfolio/010 - Melihat list stock: Test Cases/Mobile/Scenario/Portfolio/010 - Melihat list stock

2022-03-02 20:43:52 - [TEST_STEP][PASSED] - callTestCase(findTestCase("Mobile/Page/Run App/Run App byID"), [:], STOP_ON_FAILURE): Call Test Case 'Test Cases/Mobile/Page/Run App/Run App byID' successfully

2022-03-02 20:43:53 - [TEST_CASE][PASSED] - Test Cases/Mobile/Page/Run App/Run App byID: Test Cases/Mobile/Page/Run App/Run App byID

2022-03-02 20:43:53 - [TEST_STEP][PASSED] - startApp.OpenApp.startApplication("id.co.miraeasset.sageclub"): startApp.OpenApp.startApplication is PASSED

2022-03-02 20:44:05 - [MESSAGE][PASSED] - Starting app with application ID: 'id.co.miraeasset.sageclub'

2022-03-02 20:44:05 - [MESSAGE][PASSED] - startApp.OpenApp.startApplication is PASSED

2022-03-02 20:44:05 - [MESSAGE][PASSED] - Call Test Case 'Test Cases/Mobile/Page/Run App/Run App byID' successfully

2022-03-02 20:44:05 - [TEST_STEP][PASSED] - callTestCase(findTestCase("Mobile/Page/Portfolio/Portfolio"), ["tab":"stock"], CONTINUE_ON_FAILURE): Call Test Case 'Test Cases/Mobile/Page/Portfolio/Portfolio' successfully

2022-03-02 20:44:05 - [TEST_CASE][PASSED] - Test Cases/Mobile/Page/Portfolio/Portfolio: Test Cases/Mobile/Page/Portfolio/Portfolio

2022-03-02 20:44:05 - [TEST_STEP][PASSED] - callTestCase(findTestCase("Mobile/Page/CheckLogin"), [:], CONTINUE_ON_FAILURE): Call Test Case 'Test Cases/Mobile/Page/CheckLogin' successfully

2022-03-02 20:44:05 - [TEST_CASE][PASSED] - Test Cases/Mobile/Page/CheckLogin: Test Cases/Mobile/Page/CheckLogin

2022-03-02 20:44:05 - [TEST_STEP][PASSED] - loginCheck = verifyElementExist(LOGN_BtnLogin, 5, CONTINUE_ON_FAILURE): Element 'Object Repository/Mobile/Page/Login/Button - Login' is exist

2022-03-02 20:44:07 - [MESSAGE][PASSED] - Element 'Object Repository/Mobile/Page/Login/Button - Login' is exist

2022-03-02 20:44:07 - [TEST_STEP][PASSED] - if (loginCheck): Call Test Case 'Test Cases/Mobile/Page/Login/Login' successfully

2022-03-02 20:44:07 - [TEST_STEP][PASSED] - callTestCase(findTestCase("Mobile/Page/Login/Login"), ["action":"username"], CONTINUE_ON_FAILURE): Call Test Case 'Test Cases/Mobile/Page/Login/Login' successfully

2022-03-02 20:44:07 - [TEST_CASE][PASSED] - Test Cases/Mobile/Page/Login/Login: Test Cases/Mobile/Page/Login/Login

2022-03-02 20:44:07 - [TEST_STEP][PASSED] - delay(2): Delayed 2 second(s)

2022-03-02 20:44:09 - [MESSAGE][PASSED] - Delayed 2 second(s)

2022-03-02 20:44:09 - [TEST_STEP][PASSED] - for ([i = 0, i < 1, (i++)]): null

2022-03-02 20:44:09 - [TEST_STEP][PASSED] - if (action == "username"): null

2022-03-02 20:44:09 - [TEST_STEP][PASSED] - tap(LOGN_EdtUserID, 0): Tapped on element 'Object Repository/Mobile/Page/Login/Input - UserID'

2022-03-02 20:44:09 - [MESSAGE][WARNING] - Timeout '0' is invalid. Using default page load timeout: '60'

2022-03-02 20:44:09 - [MESSAGE][PASSED] - Tapped on element 'Object Repository/Mobile/Page/Login/Input - UserID'

2022-03-02 20:44:09 - [TEST_STEP][PASSED] - delay(1): Delayed 1 second(s)

2022-03-02 20:44:10 - [MESSAGE][PASSED] - Delayed 1 second(s)

2022-03-02 20:44:10 - [TEST_STEP][PASSED] - setText(LOGN_EdtRdyUserID, "anggaaditya", 0): Text 'anggaaditya' has been set to element 'Object Repository/Mobile/Page/Login/Input Rdy - UserID'

2022-03-02 20:44:10 - [MESSAGE][WARNING] - Timeout '0' is invalid. Using default page load timeout: '60'

2022-03-02 20:44:11 - [MESSAGE][PASSED] - Text 'anggaaditya' has been set to element 'Object Repository/Mobile/Page/Login/Input Rdy - UserID'

2022-03-02 20:44:11 - [TEST_STEP][PASSED] - delay(1): Delayed 1 second(s)

2022-03-02 20:44:12 - [MESSAGE][PASSED] - Delayed 1 second(s)

2022-03-02 20:44:12 - [TEST_STEP][PASSED] - hideKeyboard(): Keyboard is hidden

2022-03-02 20:44:16 - [MESSAGE][PASSED] - Keyboard is hidden

2022-03-02 20:44:16 - [TEST_STEP][PASSED] - tap(LOGN_EdtPassword, 0): Tapped on element 'Object Repository/Mobile/Page/Login/Input - Password'

2022-03-02 20:44:16 - [MESSAGE][WARNING] - Timeout '0' is invalid. Using default page load timeout: '60'

2022-03-02 20:44:16 - [MESSAGE][PASSED] - Tapped on element 'Object Repository/Mobile/Page/Login/Input - Password'

2022-03-02 20:44:16 - [TEST_STEP][PASSED] - delay(1): Delayed 1 second(s)

2022-03-02 20:44:17 - [MESSAGE][PASSED] - Delayed 1 second(s)

2022-03-02 20:44:17 - [TEST_STEP][PASSED] - setText(LOGN_EdtRdyPassword, "Shalawa18", 0): Text 'Shalawa18' has been set to element 'Object Repository/Mobile/Page/Login/Input Rdy - Password'

2022-03-02 20:44:17 - [MESSAGE][WARNING] - Timeout '0' is invalid. Using default page load timeout: '60'

2022-03-02 20:44:18 - [MESSAGE][PASSED] - Text 'Shalawa18' has been set to element 'Object Repository/Mobile/Page/Login/Input Rdy - Password'

2022-03-02 20:44:18 - [TEST_STEP][PASSED] - delay(1): Delayed 1 second(s)

2022-03-02 20:44:19 - [MESSAGE][PASSED] - Delayed 1 second(s)

2022-03-02 20:44:19 - [TEST_STEP][PASSED] - hideKeyboard(): Keyboard is hidden

2022-03-02 20:44:25 - [MESSAGE][PASSED] - Keyboard is hidden

2022-03-02 20:44:25 - [TEST_STEP][PASSED] - tap(LOGN_BtnLogin, 0): Tapped on element 'Object Repository/Mobile/Page/Login/Button - Login'

2022-03-02 20:44:25 - [MESSAGE][WARNING] - Timeout '0' is invalid. Using default page load timeout: '60'

2022-03-02 20:44:26 - [MESSAGE][PASSED] - Tapped on element 'Object Repository/Mobile/Page/Login/Button - Login'

2022-03-02 20:44:26 - [TEST_STEP][PASSED] - delay(2): Delayed 2 second(s)

2022-03-02 20:44:28 - [MESSAGE][PASSED] - Delayed 2 second(s)

2022-03-02 20:44:28 - [TEST_STEP][PASSED] - break: null

2022-03-02 20:44:28 - [MESSAGE][PASSED] - Call Test Case 'Test Cases/Mobile/Page/Login/Login' successfully

2022-03-02 20:44:28 - [MESSAGE][PASSED] - Call Test Case 'Test Cases/Mobile/Page/CheckLogin' successfully

2022-03-02 20:44:28 - [TEST_STEP][PASSED] - tap(HOME_MenubarPortfolio, 0): Tapped on element 'Object Repository/Mobile/Page/Home/Menubar - Portfolio'

2022-03-02 20:44:28 - [MESSAGE][WARNING] - Timeout '0' is invalid. Using default page load timeout: '60'

2022-03-02 20:44:30 - [MESSAGE][PASSED] - Tapped on element 'Object Repository/Mobile/Page/Home/Menubar - Portfolio'

2022-03-02 20:44:30 - [TEST_STEP][PASSED] - delay(1): Delayed 1 second(s)

2022-03-02 20:44:31 - [MESSAGE][PASSED] - Delayed 1 second(s)

2022-03-02 20:44:31 - [TEST_STEP][PASSED] - for ([i = 0, i < 1, (i++)]): Delayed 3 second(s)

2022-03-02 20:44:31 - [TEST_STEP][PASSED] - if (tab == "summary"): null

2022-03-02 20:44:31 - [TEST_STEP][PASSED] - else if (tab == "stock"): Delayed 3 second(s)

2022-03-02 20:44:31 - [TEST_STEP][PASSED] - tap(PORT_TabStock, 0): Tapped on element 'Object Repository/Mobile/Page/Portfolio/Tab - Stock'

2022-03-02 20:44:31 - [MESSAGE][WARNING] - Timeout '0' is invalid. Using default page load timeout: '60'

2022-03-02 20:44:32 - [MESSAGE][PASSED] - Tapped on element 'Object Repository/Mobile/Page/Portfolio/Tab - Stock'

2022-03-02 20:44:32 - [TEST_STEP][PASSED] - scroll.scroll.scrollScreenBottomToTop(): scroll.scroll.scrollScreenBottomToTop is PASSED

2022-03-02 20:44:33 - [MESSAGE][PASSED] - Current device physical height is 1423

2022-03-02 20:44:33 - [MESSAGE][PASSED] - Current device physical width is 720

2022-03-02 20:44:34 - [MESSAGE][PASSED] - Swiped from 360,1,138 to 360,284

2022-03-02 20:44:34 - [MESSAGE][PASSED] - scroll.scroll.scrollScreenBottomToTop is PASSED

2022-03-02 20:44:34 - [TEST_STEP][PASSED] - delay(3): Delayed 3 second(s)

2022-03-02 20:44:37 - [MESSAGE][PASSED] - Delayed 3 second(s)

2022-03-02 20:44:37 - [MESSAGE][PASSED] - Call Test Case 'Test Cases/Mobile/Page/Portfolio/Portfolio' successfully

2022-03-02 20:44:37 - [TEST_STEP][PASSED] - callTestCase(findTestCase("Mobile/Page/Run App/Terminate App"), [:], STOP_ON_FAILURE): Call Test Case 'Test Cases/Mobile/Page/Run App/Terminate App' successfully

2022-03-02 20:44:37 - [TEST_CASE][PASSED] - Test Cases/Mobile/Page/Run App/Terminate App: Test Cases/Mobile/Page/Run App/Terminate App

2022-03-02 20:44:37 - [TEST_STEP][PASSED] - startApp.OpenApp.terminateApplication(): startApp.OpenApp.terminateApplication is PASSED

2022-03-02 20:44:40 - [MESSAGE][PASSED] - Delayed 3 second(s)

2022-03-02 20:44:41 - [MESSAGE][PASSED] - Current device physical width is 720

2022-03-02 20:44:41 - [MESSAGE][PASSED] - Current device physical height is 1423

2022-03-02 20:44:42 - [MESSAGE][PASSED] - Swiped from 360,853 to 360,142

2022-03-02 20:44:43 - [MESSAGE][PASSED] - Delayed 1 second(s)

2022-03-02 20:44:44 - [MESSAGE][PASSED] - Swiped from 360,853 to 360,142

2022-03-02 20:44:47 - [MESSAGE][PASSED] - Delayed 3 second(s)

2022-03-02 20:44:47 - [MESSAGE][PASSED] - startApp.OpenApp.terminateApplication is PASSED

2022-03-02 20:44:47 - [MESSAGE][PASSED] - Call Test Case 'Test Cases/Mobile/Page/Run App/Terminate App' successfully]]></system-out>
         <system-err><![CDATA[]]></system-err>
      </testcase>
      <testcase name="Test Cases/Mobile/Scenario/Portfolio/011 - Melihat list mutual fund" time="62.775" classname="Test Cases/Mobile/Scenario/Portfolio/011 - Melihat list mutual fund" status="PASSED">
         <system-out><![CDATA[2022-03-02 20:44:47 - [TEST_CASE][PASSED] - Test Cases/Mobile/Scenario/Portfolio/011 - Melihat list mutual fund: Test Cases/Mobile/Scenario/Portfolio/011 - Melihat list mutual fund

2022-03-02 20:44:48 - [TEST_STEP][PASSED] - callTestCase(findTestCase("Mobile/Page/Run App/Run App byID"), [:], STOP_ON_FAILURE): Call Test Case 'Test Cases/Mobile/Page/Run App/Run App byID' successfully

2022-03-02 20:44:48 - [TEST_CASE][PASSED] - Test Cases/Mobile/Page/Run App/Run App byID: Test Cases/Mobile/Page/Run App/Run App byID

2022-03-02 20:44:48 - [TEST_STEP][PASSED] - startApp.OpenApp.startApplication("id.co.miraeasset.sageclub"): startApp.OpenApp.startApplication is PASSED

2022-03-02 20:45:00 - [MESSAGE][PASSED] - Starting app with application ID: 'id.co.miraeasset.sageclub'

2022-03-02 20:45:00 - [MESSAGE][PASSED] - startApp.OpenApp.startApplication is PASSED

2022-03-02 20:45:00 - [MESSAGE][PASSED] - Call Test Case 'Test Cases/Mobile/Page/Run App/Run App byID' successfully

2022-03-02 20:45:00 - [TEST_STEP][PASSED] - callTestCase(findTestCase("Mobile/Page/Portfolio/Portfolio"), ["tab":"mutualfund", "action2":"none"], CONTINUE_ON_FAILURE): Call Test Case 'Test Cases/Mobile/Page/Portfolio/Portfolio' successfully

2022-03-02 20:45:00 - [TEST_CASE][PASSED] - Test Cases/Mobile/Page/Portfolio/Portfolio: Test Cases/Mobile/Page/Portfolio/Portfolio

2022-03-02 20:45:00 - [TEST_STEP][PASSED] - callTestCase(findTestCase("Mobile/Page/CheckLogin"), [:], CONTINUE_ON_FAILURE): Call Test Case 'Test Cases/Mobile/Page/CheckLogin' successfully

2022-03-02 20:45:00 - [TEST_CASE][PASSED] - Test Cases/Mobile/Page/CheckLogin: Test Cases/Mobile/Page/CheckLogin

2022-03-02 20:45:00 - [TEST_STEP][PASSED] - loginCheck = verifyElementExist(LOGN_BtnLogin, 5, CONTINUE_ON_FAILURE): Element 'Object Repository/Mobile/Page/Login/Button - Login' is exist

2022-03-02 20:45:02 - [MESSAGE][PASSED] - Element 'Object Repository/Mobile/Page/Login/Button - Login' is exist

2022-03-02 20:45:02 - [TEST_STEP][PASSED] - if (loginCheck): Call Test Case 'Test Cases/Mobile/Page/Login/Login' successfully

2022-03-02 20:45:02 - [TEST_STEP][PASSED] - callTestCase(findTestCase("Mobile/Page/Login/Login"), ["action":"username"], CONTINUE_ON_FAILURE): Call Test Case 'Test Cases/Mobile/Page/Login/Login' successfully

2022-03-02 20:45:02 - [TEST_CASE][PASSED] - Test Cases/Mobile/Page/Login/Login: Test Cases/Mobile/Page/Login/Login

2022-03-02 20:45:02 - [TEST_STEP][PASSED] - delay(2): Delayed 2 second(s)

2022-03-02 20:45:04 - [MESSAGE][PASSED] - Delayed 2 second(s)

2022-03-02 20:45:04 - [TEST_STEP][PASSED] - for ([i = 0, i < 1, (i++)]): null

2022-03-02 20:45:04 - [TEST_STEP][PASSED] - if (action == "username"): null

2022-03-02 20:45:04 - [TEST_STEP][PASSED] - tap(LOGN_EdtUserID, 0): Tapped on element 'Object Repository/Mobile/Page/Login/Input - UserID'

2022-03-02 20:45:04 - [MESSAGE][WARNING] - Timeout '0' is invalid. Using default page load timeout: '60'

2022-03-02 20:45:04 - [MESSAGE][PASSED] - Tapped on element 'Object Repository/Mobile/Page/Login/Input - UserID'

2022-03-02 20:45:04 - [TEST_STEP][PASSED] - delay(1): Delayed 1 second(s)

2022-03-02 20:45:05 - [MESSAGE][PASSED] - Delayed 1 second(s)

2022-03-02 20:45:05 - [TEST_STEP][PASSED] - setText(LOGN_EdtRdyUserID, "anggaaditya", 0): Text 'anggaaditya' has been set to element 'Object Repository/Mobile/Page/Login/Input Rdy - UserID'

2022-03-02 20:45:05 - [MESSAGE][WARNING] - Timeout '0' is invalid. Using default page load timeout: '60'

2022-03-02 20:45:06 - [MESSAGE][PASSED] - Text 'anggaaditya' has been set to element 'Object Repository/Mobile/Page/Login/Input Rdy - UserID'

2022-03-02 20:45:06 - [TEST_STEP][PASSED] - delay(1): Delayed 1 second(s)

2022-03-02 20:45:07 - [MESSAGE][PASSED] - Delayed 1 second(s)

2022-03-02 20:45:07 - [TEST_STEP][PASSED] - hideKeyboard(): Keyboard is hidden

2022-03-02 20:45:11 - [MESSAGE][PASSED] - Keyboard is hidden

2022-03-02 20:45:11 - [TEST_STEP][PASSED] - tap(LOGN_EdtPassword, 0): Tapped on element 'Object Repository/Mobile/Page/Login/Input - Password'

2022-03-02 20:45:11 - [MESSAGE][WARNING] - Timeout '0' is invalid. Using default page load timeout: '60'

2022-03-02 20:45:11 - [MESSAGE][PASSED] - Tapped on element 'Object Repository/Mobile/Page/Login/Input - Password'

2022-03-02 20:45:11 - [TEST_STEP][PASSED] - delay(1): Delayed 1 second(s)

2022-03-02 20:45:12 - [MESSAGE][PASSED] - Delayed 1 second(s)

2022-03-02 20:45:12 - [TEST_STEP][PASSED] - setText(LOGN_EdtRdyPassword, "Shalawa18", 0): Text 'Shalawa18' has been set to element 'Object Repository/Mobile/Page/Login/Input Rdy - Password'

2022-03-02 20:45:12 - [MESSAGE][WARNING] - Timeout '0' is invalid. Using default page load timeout: '60'

2022-03-02 20:45:13 - [MESSAGE][PASSED] - Text 'Shalawa18' has been set to element 'Object Repository/Mobile/Page/Login/Input Rdy - Password'

2022-03-02 20:45:13 - [TEST_STEP][PASSED] - delay(1): Delayed 1 second(s)

2022-03-02 20:45:14 - [MESSAGE][PASSED] - Delayed 1 second(s)

2022-03-02 20:45:14 - [TEST_STEP][PASSED] - hideKeyboard(): Keyboard is hidden

2022-03-02 20:45:21 - [MESSAGE][PASSED] - Keyboard is hidden

2022-03-02 20:45:21 - [TEST_STEP][PASSED] - tap(LOGN_BtnLogin, 0): Tapped on element 'Object Repository/Mobile/Page/Login/Button - Login'

2022-03-02 20:45:21 - [MESSAGE][WARNING] - Timeout '0' is invalid. Using default page load timeout: '60'

2022-03-02 20:45:22 - [MESSAGE][PASSED] - Tapped on element 'Object Repository/Mobile/Page/Login/Button - Login'

2022-03-02 20:45:22 - [TEST_STEP][PASSED] - delay(2): Delayed 2 second(s)

2022-03-02 20:45:24 - [MESSAGE][PASSED] - Delayed 2 second(s)

2022-03-02 20:45:24 - [TEST_STEP][PASSED] - break: null

2022-03-02 20:45:24 - [MESSAGE][PASSED] - Call Test Case 'Test Cases/Mobile/Page/Login/Login' successfully

2022-03-02 20:45:24 - [MESSAGE][PASSED] - Call Test Case 'Test Cases/Mobile/Page/CheckLogin' successfully

2022-03-02 20:45:24 - [TEST_STEP][PASSED] - tap(HOME_MenubarPortfolio, 0): Tapped on element 'Object Repository/Mobile/Page/Home/Menubar - Portfolio'

2022-03-02 20:45:24 - [MESSAGE][WARNING] - Timeout '0' is invalid. Using default page load timeout: '60'

2022-03-02 20:45:26 - [MESSAGE][PASSED] - Tapped on element 'Object Repository/Mobile/Page/Home/Menubar - Portfolio'

2022-03-02 20:45:26 - [TEST_STEP][PASSED] - delay(1): Delayed 1 second(s)

2022-03-02 20:45:27 - [MESSAGE][PASSED] - Delayed 1 second(s)

2022-03-02 20:45:27 - [TEST_STEP][PASSED] - for ([i = 0, i < 1, (i++)]): scroll.scroll.scrollScreenBottomToTop is PASSED

2022-03-02 20:45:27 - [TEST_STEP][PASSED] - if (tab == "summary"): null

2022-03-02 20:45:27 - [TEST_STEP][PASSED] - else if (tab == "stock"): null

2022-03-02 20:45:27 - [TEST_STEP][PASSED] - else if (tab == "mutualfund"): scroll.scroll.scrollScreenBottomToTop is PASSED

2022-03-02 20:45:27 - [TEST_STEP][PASSED] - tap(PORT_TabMutualFund, 0): Tapped on element 'Object Repository/Mobile/Page/Portfolio/Tab - Mutual Fund'

2022-03-02 20:45:27 - [MESSAGE][WARNING] - Timeout '0' is invalid. Using default page load timeout: '60'

2022-03-02 20:45:29 - [MESSAGE][PASSED] - Tapped on element 'Object Repository/Mobile/Page/Portfolio/Tab - Mutual Fund'

2022-03-02 20:45:29 - [TEST_STEP][PASSED] - delay(1): Delayed 1 second(s)

2022-03-02 20:45:30 - [MESSAGE][PASSED] - Delayed 1 second(s)

2022-03-02 20:45:30 - [TEST_STEP][PASSED] - try: scroll.scroll.scrollScreenBottomToTop is PASSED

2022-03-02 20:45:30 - [TEST_STEP][PASSED] - tapAndHold(PORT_ItemTopMutualFund, 1, 10): Tapped and held on element 'Object Repository/Mobile/Page/Portfolio/Item - Top Mutual Fund' with duration 1

2022-03-02 20:45:33 - [MESSAGE][PASSED] - Tapped and held on element 'Object Repository/Mobile/Page/Portfolio/Item - Top Mutual Fund' with duration 1

2022-03-02 20:45:33 - [TEST_STEP][PASSED] - delay(2): Delayed 2 second(s)

2022-03-02 20:45:35 - [MESSAGE][PASSED] - Delayed 2 second(s)

2022-03-02 20:45:35 - [TEST_STEP][PASSED] - switch (action2): null

2022-03-02 20:45:35 - [TEST_STEP][PASSED] - delay(3): Delayed 3 second(s)

2022-03-02 20:45:38 - [MESSAGE][PASSED] - Delayed 3 second(s)

2022-03-02 20:45:38 - [TEST_STEP][PASSED] - scroll.scroll.scrollScreenBottomToTop(): scroll.scroll.scrollScreenBottomToTop is PASSED

2022-03-02 20:45:39 - [MESSAGE][PASSED] - Current device physical height is 1423

2022-03-02 20:45:39 - [MESSAGE][PASSED] - Current device physical width is 720

2022-03-02 20:45:40 - [MESSAGE][PASSED] - Swiped from 360,1,138 to 360,284

2022-03-02 20:45:40 - [MESSAGE][PASSED] - scroll.scroll.scrollScreenBottomToTop is PASSED

2022-03-02 20:45:40 - [MESSAGE][PASSED] - Call Test Case 'Test Cases/Mobile/Page/Portfolio/Portfolio' successfully

2022-03-02 20:45:40 - [TEST_STEP][PASSED] - callTestCase(findTestCase("Mobile/Page/Run App/Terminate App"), [:], STOP_ON_FAILURE): Call Test Case 'Test Cases/Mobile/Page/Run App/Terminate App' successfully

2022-03-02 20:45:40 - [TEST_CASE][PASSED] - Test Cases/Mobile/Page/Run App/Terminate App: Test Cases/Mobile/Page/Run App/Terminate App

2022-03-02 20:45:40 - [TEST_STEP][PASSED] - startApp.OpenApp.terminateApplication(): startApp.OpenApp.terminateApplication is PASSED

2022-03-02 20:45:43 - [MESSAGE][PASSED] - Delayed 3 second(s)

2022-03-02 20:45:43 - [MESSAGE][PASSED] - Current device physical width is 720

2022-03-02 20:45:44 - [MESSAGE][PASSED] - Current device physical height is 1423

2022-03-02 20:45:45 - [MESSAGE][PASSED] - Swiped from 360,853 to 360,142

2022-03-02 20:45:46 - [MESSAGE][PASSED] - Delayed 1 second(s)

2022-03-02 20:45:47 - [MESSAGE][PASSED] - Swiped from 360,853 to 360,142

2022-03-02 20:45:50 - [MESSAGE][PASSED] - Delayed 3 second(s)

2022-03-02 20:45:50 - [MESSAGE][PASSED] - startApp.OpenApp.terminateApplication is PASSED

2022-03-02 20:45:50 - [MESSAGE][PASSED] - Call Test Case 'Test Cases/Mobile/Page/Run App/Terminate App' successfully]]></system-out>
         <system-err><![CDATA[]]></system-err>
      </testcase>
      <testcase name="Test Cases/Mobile/Scenario/Portfolio/012 - Melihat list bond" time="60.109" classname="Test Cases/Mobile/Scenario/Portfolio/012 - Melihat list bond" status="PASSED">
         <system-out><![CDATA[2022-03-02 20:45:50 - [TEST_CASE][PASSED] - Test Cases/Mobile/Scenario/Portfolio/012 - Melihat list bond: Test Cases/Mobile/Scenario/Portfolio/012 - Melihat list bond

2022-03-02 20:45:50 - [TEST_STEP][PASSED] - callTestCase(findTestCase("Mobile/Page/Run App/Run App byID"), [:], STOP_ON_FAILURE): Call Test Case 'Test Cases/Mobile/Page/Run App/Run App byID' successfully

2022-03-02 20:45:50 - [TEST_CASE][PASSED] - Test Cases/Mobile/Page/Run App/Run App byID: Test Cases/Mobile/Page/Run App/Run App byID

2022-03-02 20:45:50 - [TEST_STEP][PASSED] - startApp.OpenApp.startApplication("id.co.miraeasset.sageclub"): startApp.OpenApp.startApplication is PASSED

2022-03-02 20:46:06 - [MESSAGE][PASSED] - Starting app with application ID: 'id.co.miraeasset.sageclub'

2022-03-02 20:46:06 - [MESSAGE][PASSED] - startApp.OpenApp.startApplication is PASSED

2022-03-02 20:46:06 - [MESSAGE][PASSED] - Call Test Case 'Test Cases/Mobile/Page/Run App/Run App byID' successfully

2022-03-02 20:46:06 - [TEST_STEP][PASSED] - callTestCase(findTestCase("Mobile/Page/Portfolio/Portfolio"), ["tab":"stock", "action":"none"], CONTINUE_ON_FAILURE): Call Test Case 'Test Cases/Mobile/Page/Portfolio/Portfolio' successfully

2022-03-02 20:46:07 - [TEST_CASE][PASSED] - Test Cases/Mobile/Page/Portfolio/Portfolio: Test Cases/Mobile/Page/Portfolio/Portfolio

2022-03-02 20:46:07 - [TEST_STEP][PASSED] - callTestCase(findTestCase("Mobile/Page/CheckLogin"), [:], CONTINUE_ON_FAILURE): Call Test Case 'Test Cases/Mobile/Page/CheckLogin' successfully

2022-03-02 20:46:07 - [TEST_CASE][PASSED] - Test Cases/Mobile/Page/CheckLogin: Test Cases/Mobile/Page/CheckLogin

2022-03-02 20:46:07 - [TEST_STEP][PASSED] - loginCheck = verifyElementExist(LOGN_BtnLogin, 5, CONTINUE_ON_FAILURE): Element 'Object Repository/Mobile/Page/Login/Button - Login' is exist

2022-03-02 20:46:09 - [MESSAGE][PASSED] - Element 'Object Repository/Mobile/Page/Login/Button - Login' is exist

2022-03-02 20:46:09 - [TEST_STEP][PASSED] - if (loginCheck): Call Test Case 'Test Cases/Mobile/Page/Login/Login' successfully

2022-03-02 20:46:09 - [TEST_STEP][PASSED] - callTestCase(findTestCase("Mobile/Page/Login/Login"), ["action":"username"], CONTINUE_ON_FAILURE): Call Test Case 'Test Cases/Mobile/Page/Login/Login' successfully

2022-03-02 20:46:09 - [TEST_CASE][PASSED] - Test Cases/Mobile/Page/Login/Login: Test Cases/Mobile/Page/Login/Login

2022-03-02 20:46:09 - [TEST_STEP][PASSED] - delay(2): Delayed 2 second(s)

2022-03-02 20:46:11 - [MESSAGE][PASSED] - Delayed 2 second(s)

2022-03-02 20:46:11 - [TEST_STEP][PASSED] - for ([i = 0, i < 1, (i++)]): null

2022-03-02 20:46:11 - [TEST_STEP][PASSED] - if (action == "username"): null

2022-03-02 20:46:11 - [TEST_STEP][PASSED] - tap(LOGN_EdtUserID, 0): Tapped on element 'Object Repository/Mobile/Page/Login/Input - UserID'

2022-03-02 20:46:11 - [MESSAGE][WARNING] - Timeout '0' is invalid. Using default page load timeout: '60'

2022-03-02 20:46:11 - [MESSAGE][PASSED] - Tapped on element 'Object Repository/Mobile/Page/Login/Input - UserID'

2022-03-02 20:46:11 - [TEST_STEP][PASSED] - delay(1): Delayed 1 second(s)

2022-03-02 20:46:12 - [MESSAGE][PASSED] - Delayed 1 second(s)

2022-03-02 20:46:12 - [TEST_STEP][PASSED] - setText(LOGN_EdtRdyUserID, "anggaaditya", 0): Text 'anggaaditya' has been set to element 'Object Repository/Mobile/Page/Login/Input Rdy - UserID'

2022-03-02 20:46:12 - [MESSAGE][WARNING] - Timeout '0' is invalid. Using default page load timeout: '60'

2022-03-02 20:46:13 - [MESSAGE][PASSED] - Text 'anggaaditya' has been set to element 'Object Repository/Mobile/Page/Login/Input Rdy - UserID'

2022-03-02 20:46:13 - [TEST_STEP][PASSED] - delay(1): Delayed 1 second(s)

2022-03-02 20:46:14 - [MESSAGE][PASSED] - Delayed 1 second(s)

2022-03-02 20:46:14 - [TEST_STEP][PASSED] - hideKeyboard(): Keyboard is hidden

2022-03-02 20:46:18 - [MESSAGE][PASSED] - Keyboard is hidden

2022-03-02 20:46:18 - [TEST_STEP][PASSED] - tap(LOGN_EdtPassword, 0): Tapped on element 'Object Repository/Mobile/Page/Login/Input - Password'

2022-03-02 20:46:18 - [MESSAGE][WARNING] - Timeout '0' is invalid. Using default page load timeout: '60'

2022-03-02 20:46:19 - [MESSAGE][PASSED] - Tapped on element 'Object Repository/Mobile/Page/Login/Input - Password'

2022-03-02 20:46:19 - [TEST_STEP][PASSED] - delay(1): Delayed 1 second(s)

2022-03-02 20:46:20 - [MESSAGE][PASSED] - Delayed 1 second(s)

2022-03-02 20:46:20 - [TEST_STEP][PASSED] - setText(LOGN_EdtRdyPassword, "Shalawa18", 0): Text 'Shalawa18' has been set to element 'Object Repository/Mobile/Page/Login/Input Rdy - Password'

2022-03-02 20:46:20 - [MESSAGE][WARNING] - Timeout '0' is invalid. Using default page load timeout: '60'

2022-03-02 20:46:20 - [MESSAGE][PASSED] - Text 'Shalawa18' has been set to element 'Object Repository/Mobile/Page/Login/Input Rdy - Password'

2022-03-02 20:46:20 - [TEST_STEP][PASSED] - delay(1): Delayed 1 second(s)

2022-03-02 20:46:21 - [MESSAGE][PASSED] - Delayed 1 second(s)

2022-03-02 20:46:21 - [TEST_STEP][PASSED] - hideKeyboard(): Keyboard is hidden

2022-03-02 20:46:28 - [MESSAGE][PASSED] - Keyboard is hidden

2022-03-02 20:46:28 - [TEST_STEP][PASSED] - tap(LOGN_BtnLogin, 0): Tapped on element 'Object Repository/Mobile/Page/Login/Button - Login'

2022-03-02 20:46:28 - [MESSAGE][WARNING] - Timeout '0' is invalid. Using default page load timeout: '60'

2022-03-02 20:46:29 - [MESSAGE][PASSED] - Tapped on element 'Object Repository/Mobile/Page/Login/Button - Login'

2022-03-02 20:46:29 - [TEST_STEP][PASSED] - delay(2): Delayed 2 second(s)

2022-03-02 20:46:31 - [MESSAGE][PASSED] - Delayed 2 second(s)

2022-03-02 20:46:31 - [TEST_STEP][PASSED] - break: null

2022-03-02 20:46:31 - [MESSAGE][PASSED] - Call Test Case 'Test Cases/Mobile/Page/Login/Login' successfully

2022-03-02 20:46:31 - [MESSAGE][PASSED] - Call Test Case 'Test Cases/Mobile/Page/CheckLogin' successfully

2022-03-02 20:46:31 - [TEST_STEP][PASSED] - tap(HOME_MenubarPortfolio, 0): Tapped on element 'Object Repository/Mobile/Page/Home/Menubar - Portfolio'

2022-03-02 20:46:31 - [MESSAGE][WARNING] - Timeout '0' is invalid. Using default page load timeout: '60'

2022-03-02 20:46:32 - [MESSAGE][PASSED] - Tapped on element 'Object Repository/Mobile/Page/Home/Menubar - Portfolio'

2022-03-02 20:46:32 - [TEST_STEP][PASSED] - delay(1): Delayed 1 second(s)

2022-03-02 20:46:33 - [MESSAGE][PASSED] - Delayed 1 second(s)

2022-03-02 20:46:33 - [TEST_STEP][PASSED] - for ([i = 0, i < 1, (i++)]): Delayed 3 second(s)

2022-03-02 20:46:33 - [TEST_STEP][PASSED] - if (tab == "summary"): null

2022-03-02 20:46:33 - [TEST_STEP][PASSED] - else if (tab == "stock"): Delayed 3 second(s)

2022-03-02 20:46:33 - [TEST_STEP][PASSED] - tap(PORT_TabStock, 0): Tapped on element 'Object Repository/Mobile/Page/Portfolio/Tab - Stock'

2022-03-02 20:46:33 - [MESSAGE][WARNING] - Timeout '0' is invalid. Using default page load timeout: '60'

2022-03-02 20:46:35 - [MESSAGE][PASSED] - Tapped on element 'Object Repository/Mobile/Page/Portfolio/Tab - Stock'

2022-03-02 20:46:35 - [TEST_STEP][PASSED] - scroll.scroll.scrollScreenBottomToTop(): scroll.scroll.scrollScreenBottomToTop is PASSED

2022-03-02 20:46:36 - [MESSAGE][PASSED] - Current device physical height is 1423

2022-03-02 20:46:36 - [MESSAGE][PASSED] - Current device physical width is 720

2022-03-02 20:46:37 - [MESSAGE][PASSED] - Swiped from 360,1,138 to 360,284

2022-03-02 20:46:37 - [MESSAGE][PASSED] - scroll.scroll.scrollScreenBottomToTop is PASSED

2022-03-02 20:46:37 - [TEST_STEP][PASSED] - delay(3): Delayed 3 second(s)

2022-03-02 20:46:40 - [MESSAGE][PASSED] - Delayed 3 second(s)

2022-03-02 20:46:40 - [MESSAGE][PASSED] - Call Test Case 'Test Cases/Mobile/Page/Portfolio/Portfolio' successfully

2022-03-02 20:46:40 - [TEST_STEP][PASSED] - callTestCase(findTestCase("Mobile/Page/Run App/Terminate App"), [:], STOP_ON_FAILURE): Call Test Case 'Test Cases/Mobile/Page/Run App/Terminate App' successfully

2022-03-02 20:46:40 - [TEST_CASE][PASSED] - Test Cases/Mobile/Page/Run App/Terminate App: Test Cases/Mobile/Page/Run App/Terminate App

2022-03-02 20:46:40 - [TEST_STEP][PASSED] - startApp.OpenApp.terminateApplication(): startApp.OpenApp.terminateApplication is PASSED

2022-03-02 20:46:43 - [MESSAGE][PASSED] - Delayed 3 second(s)

2022-03-02 20:46:43 - [MESSAGE][PASSED] - Current device physical width is 720

2022-03-02 20:46:44 - [MESSAGE][PASSED] - Current device physical height is 1423

2022-03-02 20:46:45 - [MESSAGE][PASSED] - Swiped from 360,853 to 360,142

2022-03-02 20:46:46 - [MESSAGE][PASSED] - Delayed 1 second(s)

2022-03-02 20:46:47 - [MESSAGE][PASSED] - Swiped from 360,853 to 360,142

2022-03-02 20:46:50 - [MESSAGE][PASSED] - Delayed 3 second(s)

2022-03-02 20:46:50 - [MESSAGE][PASSED] - startApp.OpenApp.terminateApplication is PASSED

2022-03-02 20:46:50 - [MESSAGE][PASSED] - Call Test Case 'Test Cases/Mobile/Page/Run App/Terminate App' successfully]]></system-out>
         <system-err><![CDATA[]]></system-err>
      </testcase>
      <testcase name="Test Cases/Mobile/Scenario/Portfolio/013 - Melihat detail mutual fund 1 month" time="66.139" classname="Test Cases/Mobile/Scenario/Portfolio/013 - Melihat detail mutual fund 1 month" status="PASSED">
         <system-out><![CDATA[2022-03-02 20:46:50 - [TEST_CASE][PASSED] - Test Cases/Mobile/Scenario/Portfolio/013 - Melihat detail mutual fund 1 month: Test Cases/Mobile/Scenario/Portfolio/013 - Melihat detail mutual fund 1 month

2022-03-02 20:46:51 - [TEST_STEP][PASSED] - callTestCase(findTestCase("Mobile/Page/Run App/Run App byID"), [:], STOP_ON_FAILURE): Call Test Case 'Test Cases/Mobile/Page/Run App/Run App byID' successfully

2022-03-02 20:46:51 - [TEST_CASE][PASSED] - Test Cases/Mobile/Page/Run App/Run App byID: Test Cases/Mobile/Page/Run App/Run App byID

2022-03-02 20:46:51 - [TEST_STEP][PASSED] - startApp.OpenApp.startApplication("id.co.miraeasset.sageclub"): startApp.OpenApp.startApplication is PASSED

2022-03-02 20:47:04 - [MESSAGE][PASSED] - Starting app with application ID: 'id.co.miraeasset.sageclub'

2022-03-02 20:47:04 - [MESSAGE][PASSED] - startApp.OpenApp.startApplication is PASSED

2022-03-02 20:47:04 - [MESSAGE][PASSED] - Call Test Case 'Test Cases/Mobile/Page/Run App/Run App byID' successfully

2022-03-02 20:47:04 - [TEST_STEP][PASSED] - callTestCase(findTestCase("Mobile/Page/Portfolio/Portfolio"), ["tab":"mutualfund", "action2":"1 month"], CONTINUE_ON_FAILURE): Call Test Case 'Test Cases/Mobile/Page/Portfolio/Portfolio' successfully

2022-03-02 20:47:04 - [TEST_CASE][PASSED] - Test Cases/Mobile/Page/Portfolio/Portfolio: Test Cases/Mobile/Page/Portfolio/Portfolio

2022-03-02 20:47:04 - [TEST_STEP][PASSED] - callTestCase(findTestCase("Mobile/Page/CheckLogin"), [:], CONTINUE_ON_FAILURE): Call Test Case 'Test Cases/Mobile/Page/CheckLogin' successfully

2022-03-02 20:47:04 - [TEST_CASE][PASSED] - Test Cases/Mobile/Page/CheckLogin: Test Cases/Mobile/Page/CheckLogin

2022-03-02 20:47:04 - [TEST_STEP][PASSED] - loginCheck = verifyElementExist(LOGN_BtnLogin, 5, CONTINUE_ON_FAILURE): Element 'Object Repository/Mobile/Page/Login/Button - Login' is exist

2022-03-02 20:47:07 - [MESSAGE][PASSED] - Element 'Object Repository/Mobile/Page/Login/Button - Login' is exist

2022-03-02 20:47:07 - [TEST_STEP][PASSED] - if (loginCheck): Call Test Case 'Test Cases/Mobile/Page/Login/Login' successfully

2022-03-02 20:47:07 - [TEST_STEP][PASSED] - callTestCase(findTestCase("Mobile/Page/Login/Login"), ["action":"username"], CONTINUE_ON_FAILURE): Call Test Case 'Test Cases/Mobile/Page/Login/Login' successfully

2022-03-02 20:47:07 - [TEST_CASE][PASSED] - Test Cases/Mobile/Page/Login/Login: Test Cases/Mobile/Page/Login/Login

2022-03-02 20:47:07 - [TEST_STEP][PASSED] - delay(2): Delayed 2 second(s)

2022-03-02 20:47:09 - [MESSAGE][PASSED] - Delayed 2 second(s)

2022-03-02 20:47:09 - [TEST_STEP][PASSED] - for ([i = 0, i < 1, (i++)]): null

2022-03-02 20:47:09 - [TEST_STEP][PASSED] - if (action == "username"): null

2022-03-02 20:47:09 - [TEST_STEP][PASSED] - tap(LOGN_EdtUserID, 0): Tapped on element 'Object Repository/Mobile/Page/Login/Input - UserID'

2022-03-02 20:47:09 - [MESSAGE][WARNING] - Timeout '0' is invalid. Using default page load timeout: '60'

2022-03-02 20:47:09 - [MESSAGE][PASSED] - Tapped on element 'Object Repository/Mobile/Page/Login/Input - UserID'

2022-03-02 20:47:09 - [TEST_STEP][PASSED] - delay(1): Delayed 1 second(s)

2022-03-02 20:47:10 - [MESSAGE][PASSED] - Delayed 1 second(s)

2022-03-02 20:47:10 - [TEST_STEP][PASSED] - setText(LOGN_EdtRdyUserID, "anggaaditya", 0): Text 'anggaaditya' has been set to element 'Object Repository/Mobile/Page/Login/Input Rdy - UserID'

2022-03-02 20:47:10 - [MESSAGE][WARNING] - Timeout '0' is invalid. Using default page load timeout: '60'

2022-03-02 20:47:11 - [MESSAGE][PASSED] - Text 'anggaaditya' has been set to element 'Object Repository/Mobile/Page/Login/Input Rdy - UserID'

2022-03-02 20:47:11 - [TEST_STEP][PASSED] - delay(1): Delayed 1 second(s)

2022-03-02 20:47:12 - [MESSAGE][PASSED] - Delayed 1 second(s)

2022-03-02 20:47:12 - [TEST_STEP][PASSED] - hideKeyboard(): Keyboard is hidden

2022-03-02 20:47:15 - [MESSAGE][PASSED] - Keyboard is hidden

2022-03-02 20:47:15 - [TEST_STEP][PASSED] - tap(LOGN_EdtPassword, 0): Tapped on element 'Object Repository/Mobile/Page/Login/Input - Password'

2022-03-02 20:47:15 - [MESSAGE][WARNING] - Timeout '0' is invalid. Using default page load timeout: '60'

2022-03-02 20:47:16 - [MESSAGE][PASSED] - Tapped on element 'Object Repository/Mobile/Page/Login/Input - Password'

2022-03-02 20:47:16 - [TEST_STEP][PASSED] - delay(1): Delayed 1 second(s)

2022-03-02 20:47:17 - [MESSAGE][PASSED] - Delayed 1 second(s)

2022-03-02 20:47:17 - [TEST_STEP][PASSED] - setText(LOGN_EdtRdyPassword, "Shalawa18", 0): Text 'Shalawa18' has been set to element 'Object Repository/Mobile/Page/Login/Input Rdy - Password'

2022-03-02 20:47:17 - [MESSAGE][WARNING] - Timeout '0' is invalid. Using default page load timeout: '60'

2022-03-02 20:47:17 - [MESSAGE][PASSED] - Text 'Shalawa18' has been set to element 'Object Repository/Mobile/Page/Login/Input Rdy - Password'

2022-03-02 20:47:17 - [TEST_STEP][PASSED] - delay(1): Delayed 1 second(s)

2022-03-02 20:47:18 - [MESSAGE][PASSED] - Delayed 1 second(s)

2022-03-02 20:47:18 - [TEST_STEP][PASSED] - hideKeyboard(): Keyboard is hidden

2022-03-02 20:47:25 - [MESSAGE][PASSED] - Keyboard is hidden

2022-03-02 20:47:25 - [TEST_STEP][PASSED] - tap(LOGN_BtnLogin, 0): Tapped on element 'Object Repository/Mobile/Page/Login/Button - Login'

2022-03-02 20:47:25 - [MESSAGE][WARNING] - Timeout '0' is invalid. Using default page load timeout: '60'

2022-03-02 20:47:27 - [MESSAGE][PASSED] - Tapped on element 'Object Repository/Mobile/Page/Login/Button - Login'

2022-03-02 20:47:27 - [TEST_STEP][PASSED] - delay(2): Delayed 2 second(s)

2022-03-02 20:47:29 - [MESSAGE][PASSED] - Delayed 2 second(s)

2022-03-02 20:47:29 - [TEST_STEP][PASSED] - break: null

2022-03-02 20:47:29 - [MESSAGE][PASSED] - Call Test Case 'Test Cases/Mobile/Page/Login/Login' successfully

2022-03-02 20:47:29 - [MESSAGE][PASSED] - Call Test Case 'Test Cases/Mobile/Page/CheckLogin' successfully

2022-03-02 20:47:29 - [TEST_STEP][PASSED] - tap(HOME_MenubarPortfolio, 0): Tapped on element 'Object Repository/Mobile/Page/Home/Menubar - Portfolio'

2022-03-02 20:47:29 - [MESSAGE][WARNING] - Timeout '0' is invalid. Using default page load timeout: '60'

2022-03-02 20:47:30 - [MESSAGE][PASSED] - Tapped on element 'Object Repository/Mobile/Page/Home/Menubar - Portfolio'

2022-03-02 20:47:30 - [TEST_STEP][PASSED] - delay(1): Delayed 1 second(s)

2022-03-02 20:47:31 - [MESSAGE][PASSED] - Delayed 1 second(s)

2022-03-02 20:47:31 - [TEST_STEP][PASSED] - for ([i = 0, i < 1, (i++)]): scroll.scroll.scrollScreenBottomToTop is PASSED

2022-03-02 20:47:31 - [TEST_STEP][PASSED] - if (tab == "summary"): null

2022-03-02 20:47:31 - [TEST_STEP][PASSED] - else if (tab == "stock"): null

2022-03-02 20:47:31 - [TEST_STEP][PASSED] - else if (tab == "mutualfund"): scroll.scroll.scrollScreenBottomToTop is PASSED

2022-03-02 20:47:31 - [TEST_STEP][PASSED] - tap(PORT_TabMutualFund, 0): Tapped on element 'Object Repository/Mobile/Page/Portfolio/Tab - Mutual Fund'

2022-03-02 20:47:31 - [MESSAGE][WARNING] - Timeout '0' is invalid. Using default page load timeout: '60'

2022-03-02 20:47:33 - [MESSAGE][PASSED] - Tapped on element 'Object Repository/Mobile/Page/Portfolio/Tab - Mutual Fund'

2022-03-02 20:47:33 - [TEST_STEP][PASSED] - delay(1): Delayed 1 second(s)

2022-03-02 20:47:34 - [MESSAGE][PASSED] - Delayed 1 second(s)

2022-03-02 20:47:34 - [TEST_STEP][PASSED] - try: scroll.scroll.scrollScreenBottomToTop is PASSED

2022-03-02 20:47:34 - [TEST_STEP][PASSED] - tapAndHold(PORT_ItemTopMutualFund, 1, 10): Tapped and held on element 'Object Repository/Mobile/Page/Portfolio/Item - Top Mutual Fund' with duration 1

2022-03-02 20:47:37 - [MESSAGE][PASSED] - Tapped and held on element 'Object Repository/Mobile/Page/Portfolio/Item - Top Mutual Fund' with duration 1

2022-03-02 20:47:37 - [TEST_STEP][PASSED] - delay(2): Delayed 2 second(s)

2022-03-02 20:47:39 - [MESSAGE][PASSED] - Delayed 2 second(s)

2022-03-02 20:47:39 - [TEST_STEP][PASSED] - switch (action2): null

2022-03-02 20:47:39 - [TEST_STEP][PASSED] - case "1 month":: null

2022-03-02 20:47:39 - [TEST_STEP][PASSED] - tapAndHold(PORT_DETL_Btn1Month, 1, 0): Tapped and held on element 'Object Repository/Mobile/Page/Portfolio/Detail Mutual Funds/Button - 1 Month' with duration 1

2022-03-02 20:47:39 - [MESSAGE][WARNING] - Timeout '0' is invalid. Using default page load timeout: '60'

2022-03-02 20:47:42 - [MESSAGE][PASSED] - Tapped and held on element 'Object Repository/Mobile/Page/Portfolio/Detail Mutual Funds/Button - 1 Month' with duration 1

2022-03-02 20:47:42 - [TEST_STEP][PASSED] - break: null

2022-03-02 20:47:42 - [TEST_STEP][PASSED] - delay(3): Delayed 3 second(s)

2022-03-02 20:47:45 - [MESSAGE][PASSED] - Delayed 3 second(s)

2022-03-02 20:47:45 - [TEST_STEP][PASSED] - scroll.scroll.scrollScreenBottomToTop(): scroll.scroll.scrollScreenBottomToTop is PASSED

2022-03-02 20:47:45 - [MESSAGE][PASSED] - Current device physical height is 1423

2022-03-02 20:47:45 - [MESSAGE][PASSED] - Current device physical width is 720

2022-03-02 20:47:46 - [MESSAGE][PASSED] - Swiped from 360,1,138 to 360,284

2022-03-02 20:47:46 - [MESSAGE][PASSED] - scroll.scroll.scrollScreenBottomToTop is PASSED

2022-03-02 20:47:46 - [MESSAGE][PASSED] - Call Test Case 'Test Cases/Mobile/Page/Portfolio/Portfolio' successfully

2022-03-02 20:47:46 - [TEST_STEP][PASSED] - callTestCase(findTestCase("Mobile/Page/Run App/Terminate App"), [:], STOP_ON_FAILURE): Call Test Case 'Test Cases/Mobile/Page/Run App/Terminate App' successfully

2022-03-02 20:47:46 - [TEST_CASE][PASSED] - Test Cases/Mobile/Page/Run App/Terminate App: Test Cases/Mobile/Page/Run App/Terminate App

2022-03-02 20:47:46 - [TEST_STEP][PASSED] - startApp.OpenApp.terminateApplication(): startApp.OpenApp.terminateApplication is PASSED

2022-03-02 20:47:49 - [MESSAGE][PASSED] - Delayed 3 second(s)

2022-03-02 20:47:50 - [MESSAGE][PASSED] - Current device physical width is 720

2022-03-02 20:47:50 - [MESSAGE][PASSED] - Current device physical height is 1423

2022-03-02 20:47:51 - [MESSAGE][PASSED] - Swiped from 360,853 to 360,142

2022-03-02 20:47:52 - [MESSAGE][PASSED] - Delayed 1 second(s)

2022-03-02 20:47:53 - [MESSAGE][PASSED] - Swiped from 360,853 to 360,142

2022-03-02 20:47:56 - [MESSAGE][PASSED] - Delayed 3 second(s)

2022-03-02 20:47:56 - [MESSAGE][PASSED] - startApp.OpenApp.terminateApplication is PASSED

2022-03-02 20:47:56 - [MESSAGE][PASSED] - Call Test Case 'Test Cases/Mobile/Page/Run App/Terminate App' successfully]]></system-out>
         <system-err><![CDATA[]]></system-err>
      </testcase>
      <testcase name="Test Cases/Mobile/Scenario/Portfolio/014 - Melihat detail mutual fund 3 month" time="73.181" classname="Test Cases/Mobile/Scenario/Portfolio/014 - Melihat detail mutual fund 3 month" status="PASSED">
         <system-out><![CDATA[2022-03-02 20:47:56 - [TEST_CASE][PASSED] - Test Cases/Mobile/Scenario/Portfolio/014 - Melihat detail mutual fund 3 month: Test Cases/Mobile/Scenario/Portfolio/014 - Melihat detail mutual fund 3 month

2022-03-02 20:47:57 - [TEST_STEP][PASSED] - callTestCase(findTestCase("Mobile/Page/Run App/Run App byID"), [:], STOP_ON_FAILURE): Call Test Case 'Test Cases/Mobile/Page/Run App/Run App byID' successfully

2022-03-02 20:47:57 - [TEST_CASE][PASSED] - Test Cases/Mobile/Page/Run App/Run App byID: Test Cases/Mobile/Page/Run App/Run App byID

2022-03-02 20:47:57 - [TEST_STEP][PASSED] - startApp.OpenApp.startApplication("id.co.miraeasset.sageclub"): startApp.OpenApp.startApplication is PASSED

2022-03-02 20:48:14 - [MESSAGE][PASSED] - Starting app with application ID: 'id.co.miraeasset.sageclub'

2022-03-02 20:48:14 - [MESSAGE][PASSED] - startApp.OpenApp.startApplication is PASSED

2022-03-02 20:48:14 - [MESSAGE][PASSED] - Call Test Case 'Test Cases/Mobile/Page/Run App/Run App byID' successfully

2022-03-02 20:48:14 - [TEST_STEP][PASSED] - callTestCase(findTestCase("Mobile/Page/Portfolio/Portfolio"), ["tab":"mutualfund", "action2":"3 month"], CONTINUE_ON_FAILURE): Call Test Case 'Test Cases/Mobile/Page/Portfolio/Portfolio' successfully

2022-03-02 20:48:14 - [TEST_CASE][PASSED] - Test Cases/Mobile/Page/Portfolio/Portfolio: Test Cases/Mobile/Page/Portfolio/Portfolio

2022-03-02 20:48:14 - [TEST_STEP][PASSED] - callTestCase(findTestCase("Mobile/Page/CheckLogin"), [:], CONTINUE_ON_FAILURE): Call Test Case 'Test Cases/Mobile/Page/CheckLogin' successfully

2022-03-02 20:48:14 - [TEST_CASE][PASSED] - Test Cases/Mobile/Page/CheckLogin: Test Cases/Mobile/Page/CheckLogin

2022-03-02 20:48:14 - [TEST_STEP][PASSED] - loginCheck = verifyElementExist(LOGN_BtnLogin, 5, CONTINUE_ON_FAILURE): Element 'Object Repository/Mobile/Page/Login/Button - Login' is exist

2022-03-02 20:48:17 - [MESSAGE][PASSED] - Element 'Object Repository/Mobile/Page/Login/Button - Login' is exist

2022-03-02 20:48:17 - [TEST_STEP][PASSED] - if (loginCheck): Call Test Case 'Test Cases/Mobile/Page/Login/Login' successfully

2022-03-02 20:48:17 - [TEST_STEP][PASSED] - callTestCase(findTestCase("Mobile/Page/Login/Login"), ["action":"username"], CONTINUE_ON_FAILURE): Call Test Case 'Test Cases/Mobile/Page/Login/Login' successfully

2022-03-02 20:48:17 - [TEST_CASE][PASSED] - Test Cases/Mobile/Page/Login/Login: Test Cases/Mobile/Page/Login/Login

2022-03-02 20:48:17 - [TEST_STEP][PASSED] - delay(2): Delayed 2 second(s)

2022-03-02 20:48:19 - [MESSAGE][PASSED] - Delayed 2 second(s)

2022-03-02 20:48:19 - [TEST_STEP][PASSED] - for ([i = 0, i < 1, (i++)]): null

2022-03-02 20:48:19 - [TEST_STEP][PASSED] - if (action == "username"): null

2022-03-02 20:48:19 - [TEST_STEP][PASSED] - tap(LOGN_EdtUserID, 0): Tapped on element 'Object Repository/Mobile/Page/Login/Input - UserID'

2022-03-02 20:48:19 - [MESSAGE][WARNING] - Timeout '0' is invalid. Using default page load timeout: '60'

2022-03-02 20:48:19 - [MESSAGE][PASSED] - Tapped on element 'Object Repository/Mobile/Page/Login/Input - UserID'

2022-03-02 20:48:19 - [TEST_STEP][PASSED] - delay(1): Delayed 1 second(s)

2022-03-02 20:48:20 - [MESSAGE][PASSED] - Delayed 1 second(s)

2022-03-02 20:48:20 - [TEST_STEP][PASSED] - setText(LOGN_EdtRdyUserID, "anggaaditya", 0): Text 'anggaaditya' has been set to element 'Object Repository/Mobile/Page/Login/Input Rdy - UserID'

2022-03-02 20:48:20 - [MESSAGE][WARNING] - Timeout '0' is invalid. Using default page load timeout: '60'

2022-03-02 20:48:21 - [MESSAGE][PASSED] - Text 'anggaaditya' has been set to element 'Object Repository/Mobile/Page/Login/Input Rdy - UserID'

2022-03-02 20:48:21 - [TEST_STEP][PASSED] - delay(1): Delayed 1 second(s)

2022-03-02 20:48:22 - [MESSAGE][PASSED] - Delayed 1 second(s)

2022-03-02 20:48:22 - [TEST_STEP][PASSED] - hideKeyboard(): Keyboard is hidden

2022-03-02 20:48:29 - [MESSAGE][PASSED] - Keyboard is hidden

2022-03-02 20:48:29 - [TEST_STEP][PASSED] - tap(LOGN_EdtPassword, 0): Tapped on element 'Object Repository/Mobile/Page/Login/Input - Password'

2022-03-02 20:48:29 - [MESSAGE][WARNING] - Timeout '0' is invalid. Using default page load timeout: '60'

2022-03-02 20:48:29 - [MESSAGE][PASSED] - Tapped on element 'Object Repository/Mobile/Page/Login/Input - Password'

2022-03-02 20:48:29 - [TEST_STEP][PASSED] - delay(1): Delayed 1 second(s)

2022-03-02 20:48:30 - [MESSAGE][PASSED] - Delayed 1 second(s)

2022-03-02 20:48:30 - [TEST_STEP][PASSED] - setText(LOGN_EdtRdyPassword, "Shalawa18", 0): Text 'Shalawa18' has been set to element 'Object Repository/Mobile/Page/Login/Input Rdy - Password'

2022-03-02 20:48:30 - [MESSAGE][WARNING] - Timeout '0' is invalid. Using default page load timeout: '60'

2022-03-02 20:48:31 - [MESSAGE][PASSED] - Text 'Shalawa18' has been set to element 'Object Repository/Mobile/Page/Login/Input Rdy - Password'

2022-03-02 20:48:31 - [TEST_STEP][PASSED] - delay(1): Delayed 1 second(s)

2022-03-02 20:48:32 - [MESSAGE][PASSED] - Delayed 1 second(s)

2022-03-02 20:48:32 - [TEST_STEP][PASSED] - hideKeyboard(): Keyboard is hidden

2022-03-02 20:48:38 - [MESSAGE][PASSED] - Keyboard is hidden

2022-03-02 20:48:38 - [TEST_STEP][PASSED] - tap(LOGN_BtnLogin, 0): Tapped on element 'Object Repository/Mobile/Page/Login/Button - Login'

2022-03-02 20:48:38 - [MESSAGE][WARNING] - Timeout '0' is invalid. Using default page load timeout: '60'

2022-03-02 20:48:39 - [MESSAGE][PASSED] - Tapped on element 'Object Repository/Mobile/Page/Login/Button - Login'

2022-03-02 20:48:39 - [TEST_STEP][PASSED] - delay(2): Delayed 2 second(s)

2022-03-02 20:48:41 - [MESSAGE][PASSED] - Delayed 2 second(s)

2022-03-02 20:48:41 - [TEST_STEP][PASSED] - break: null

2022-03-02 20:48:41 - [MESSAGE][PASSED] - Call Test Case 'Test Cases/Mobile/Page/Login/Login' successfully

2022-03-02 20:48:41 - [MESSAGE][PASSED] - Call Test Case 'Test Cases/Mobile/Page/CheckLogin' successfully

2022-03-02 20:48:41 - [TEST_STEP][PASSED] - tap(HOME_MenubarPortfolio, 0): Tapped on element 'Object Repository/Mobile/Page/Home/Menubar - Portfolio'

2022-03-02 20:48:41 - [MESSAGE][WARNING] - Timeout '0' is invalid. Using default page load timeout: '60'

2022-03-02 20:48:44 - [MESSAGE][PASSED] - Tapped on element 'Object Repository/Mobile/Page/Home/Menubar - Portfolio'

2022-03-02 20:48:44 - [TEST_STEP][PASSED] - delay(1): Delayed 1 second(s)

2022-03-02 20:48:45 - [MESSAGE][PASSED] - Delayed 1 second(s)

2022-03-02 20:48:45 - [TEST_STEP][PASSED] - for ([i = 0, i < 1, (i++)]): scroll.scroll.scrollScreenBottomToTop is PASSED

2022-03-02 20:48:45 - [TEST_STEP][PASSED] - if (tab == "summary"): null

2022-03-02 20:48:45 - [TEST_STEP][PASSED] - else if (tab == "stock"): null

2022-03-02 20:48:45 - [TEST_STEP][PASSED] - else if (tab == "mutualfund"): scroll.scroll.scrollScreenBottomToTop is PASSED

2022-03-02 20:48:45 - [TEST_STEP][PASSED] - tap(PORT_TabMutualFund, 0): Tapped on element 'Object Repository/Mobile/Page/Portfolio/Tab - Mutual Fund'

2022-03-02 20:48:45 - [MESSAGE][WARNING] - Timeout '0' is invalid. Using default page load timeout: '60'

2022-03-02 20:48:46 - [MESSAGE][PASSED] - Tapped on element 'Object Repository/Mobile/Page/Portfolio/Tab - Mutual Fund'

2022-03-02 20:48:46 - [TEST_STEP][PASSED] - delay(1): Delayed 1 second(s)

2022-03-02 20:48:47 - [MESSAGE][PASSED] - Delayed 1 second(s)

2022-03-02 20:48:47 - [TEST_STEP][PASSED] - try: scroll.scroll.scrollScreenBottomToTop is PASSED

2022-03-02 20:48:47 - [TEST_STEP][PASSED] - tapAndHold(PORT_ItemTopMutualFund, 1, 10): Tapped and held on element 'Object Repository/Mobile/Page/Portfolio/Item - Top Mutual Fund' with duration 1

2022-03-02 20:48:50 - [MESSAGE][PASSED] - Tapped and held on element 'Object Repository/Mobile/Page/Portfolio/Item - Top Mutual Fund' with duration 1

2022-03-02 20:48:50 - [TEST_STEP][PASSED] - delay(2): Delayed 2 second(s)

2022-03-02 20:48:52 - [MESSAGE][PASSED] - Delayed 2 second(s)

2022-03-02 20:48:52 - [TEST_STEP][PASSED] - switch (action2): null

2022-03-02 20:48:52 - [TEST_STEP][PASSED] - case "3 month":: null

2022-03-02 20:48:52 - [TEST_STEP][PASSED] - tapAndHold(PORT_DETL_Btn3Month, 1, 0): Tapped and held on element 'Object Repository/Mobile/Page/Portfolio/Detail Mutual Funds/Button - 3 Month' with duration 1

2022-03-02 20:48:52 - [MESSAGE][WARNING] - Timeout '0' is invalid. Using default page load timeout: '60'

2022-03-02 20:48:55 - [MESSAGE][PASSED] - Tapped and held on element 'Object Repository/Mobile/Page/Portfolio/Detail Mutual Funds/Button - 3 Month' with duration 1

2022-03-02 20:48:55 - [TEST_STEP][PASSED] - break: null

2022-03-02 20:48:55 - [TEST_STEP][PASSED] - delay(3): Delayed 3 second(s)

2022-03-02 20:48:58 - [MESSAGE][PASSED] - Delayed 3 second(s)

2022-03-02 20:48:58 - [TEST_STEP][PASSED] - scroll.scroll.scrollScreenBottomToTop(): scroll.scroll.scrollScreenBottomToTop is PASSED

2022-03-02 20:48:58 - [MESSAGE][PASSED] - Current device physical height is 1423

2022-03-02 20:48:58 - [MESSAGE][PASSED] - Current device physical width is 720

2022-03-02 20:48:59 - [MESSAGE][PASSED] - Swiped from 360,1,138 to 360,284

2022-03-02 20:48:59 - [MESSAGE][PASSED] - scroll.scroll.scrollScreenBottomToTop is PASSED

2022-03-02 20:48:59 - [MESSAGE][PASSED] - Call Test Case 'Test Cases/Mobile/Page/Portfolio/Portfolio' successfully

2022-03-02 20:48:59 - [TEST_STEP][PASSED] - callTestCase(findTestCase("Mobile/Page/Run App/Terminate App"), [:], STOP_ON_FAILURE): Call Test Case 'Test Cases/Mobile/Page/Run App/Terminate App' successfully

2022-03-02 20:48:59 - [TEST_CASE][PASSED] - Test Cases/Mobile/Page/Run App/Terminate App: Test Cases/Mobile/Page/Run App/Terminate App

2022-03-02 20:48:59 - [TEST_STEP][PASSED] - startApp.OpenApp.terminateApplication(): startApp.OpenApp.terminateApplication is PASSED

2022-03-02 20:49:03 - [MESSAGE][PASSED] - Delayed 3 second(s)

2022-03-02 20:49:03 - [MESSAGE][PASSED] - Current device physical width is 720

2022-03-02 20:49:03 - [MESSAGE][PASSED] - Current device physical height is 1423

2022-03-02 20:49:04 - [MESSAGE][PASSED] - Swiped from 360,853 to 360,142

2022-03-02 20:49:05 - [MESSAGE][PASSED] - Delayed 1 second(s)

2022-03-02 20:49:07 - [MESSAGE][PASSED] - Swiped from 360,853 to 360,142

2022-03-02 20:49:10 - [MESSAGE][PASSED] - Delayed 3 second(s)

2022-03-02 20:49:10 - [MESSAGE][PASSED] - startApp.OpenApp.terminateApplication is PASSED

2022-03-02 20:49:10 - [MESSAGE][PASSED] - Call Test Case 'Test Cases/Mobile/Page/Run App/Terminate App' successfully]]></system-out>
         <system-err><![CDATA[]]></system-err>
      </testcase>
      <testcase name="Test Cases/Mobile/Scenario/Portfolio/015 - Melihat detail mutual fund 6 month" time="66.094" classname="Test Cases/Mobile/Scenario/Portfolio/015 - Melihat detail mutual fund 6 month" status="PASSED">
         <system-out><![CDATA[2022-03-02 20:49:10 - [TEST_CASE][PASSED] - Test Cases/Mobile/Scenario/Portfolio/015 - Melihat detail mutual fund 6 month: Test Cases/Mobile/Scenario/Portfolio/015 - Melihat detail mutual fund 6 month

2022-03-02 20:49:10 - [TEST_STEP][PASSED] - callTestCase(findTestCase("Mobile/Page/Run App/Run App byID"), [:], STOP_ON_FAILURE): Call Test Case 'Test Cases/Mobile/Page/Run App/Run App byID' successfully

2022-03-02 20:49:10 - [TEST_CASE][PASSED] - Test Cases/Mobile/Page/Run App/Run App byID: Test Cases/Mobile/Page/Run App/Run App byID

2022-03-02 20:49:10 - [TEST_STEP][PASSED] - startApp.OpenApp.startApplication("id.co.miraeasset.sageclub"): startApp.OpenApp.startApplication is PASSED

2022-03-02 20:49:24 - [MESSAGE][PASSED] - Starting app with application ID: 'id.co.miraeasset.sageclub'

2022-03-02 20:49:24 - [MESSAGE][PASSED] - startApp.OpenApp.startApplication is PASSED

2022-03-02 20:49:24 - [MESSAGE][PASSED] - Call Test Case 'Test Cases/Mobile/Page/Run App/Run App byID' successfully

2022-03-02 20:49:24 - [TEST_STEP][PASSED] - callTestCase(findTestCase("Mobile/Page/Portfolio/Portfolio"), ["tab":"mutualfund", "action2":"6 month"], CONTINUE_ON_FAILURE): Call Test Case 'Test Cases/Mobile/Page/Portfolio/Portfolio' successfully

2022-03-02 20:49:24 - [TEST_CASE][PASSED] - Test Cases/Mobile/Page/Portfolio/Portfolio: Test Cases/Mobile/Page/Portfolio/Portfolio

2022-03-02 20:49:24 - [TEST_STEP][PASSED] - callTestCase(findTestCase("Mobile/Page/CheckLogin"), [:], CONTINUE_ON_FAILURE): Call Test Case 'Test Cases/Mobile/Page/CheckLogin' successfully

2022-03-02 20:49:24 - [TEST_CASE][PASSED] - Test Cases/Mobile/Page/CheckLogin: Test Cases/Mobile/Page/CheckLogin

2022-03-02 20:49:24 - [TEST_STEP][PASSED] - loginCheck = verifyElementExist(LOGN_BtnLogin, 5, CONTINUE_ON_FAILURE): Element 'Object Repository/Mobile/Page/Login/Button - Login' is exist

2022-03-02 20:49:26 - [MESSAGE][PASSED] - Element 'Object Repository/Mobile/Page/Login/Button - Login' is exist

2022-03-02 20:49:26 - [TEST_STEP][PASSED] - if (loginCheck): Call Test Case 'Test Cases/Mobile/Page/Login/Login' successfully

2022-03-02 20:49:26 - [TEST_STEP][PASSED] - callTestCase(findTestCase("Mobile/Page/Login/Login"), ["action":"username"], CONTINUE_ON_FAILURE): Call Test Case 'Test Cases/Mobile/Page/Login/Login' successfully

2022-03-02 20:49:26 - [TEST_CASE][PASSED] - Test Cases/Mobile/Page/Login/Login: Test Cases/Mobile/Page/Login/Login

2022-03-02 20:49:26 - [TEST_STEP][PASSED] - delay(2): Delayed 2 second(s)

2022-03-02 20:49:28 - [MESSAGE][PASSED] - Delayed 2 second(s)

2022-03-02 20:49:28 - [TEST_STEP][PASSED] - for ([i = 0, i < 1, (i++)]): null

2022-03-02 20:49:28 - [TEST_STEP][PASSED] - if (action == "username"): null

2022-03-02 20:49:28 - [TEST_STEP][PASSED] - tap(LOGN_EdtUserID, 0): Tapped on element 'Object Repository/Mobile/Page/Login/Input - UserID'

2022-03-02 20:49:28 - [MESSAGE][WARNING] - Timeout '0' is invalid. Using default page load timeout: '60'

2022-03-02 20:49:29 - [MESSAGE][PASSED] - Tapped on element 'Object Repository/Mobile/Page/Login/Input - UserID'

2022-03-02 20:49:29 - [TEST_STEP][PASSED] - delay(1): Delayed 1 second(s)

2022-03-02 20:49:30 - [MESSAGE][PASSED] - Delayed 1 second(s)

2022-03-02 20:49:30 - [TEST_STEP][PASSED] - setText(LOGN_EdtRdyUserID, "anggaaditya", 0): Text 'anggaaditya' has been set to element 'Object Repository/Mobile/Page/Login/Input Rdy - UserID'

2022-03-02 20:49:30 - [MESSAGE][WARNING] - Timeout '0' is invalid. Using default page load timeout: '60'

2022-03-02 20:49:30 - [MESSAGE][PASSED] - Text 'anggaaditya' has been set to element 'Object Repository/Mobile/Page/Login/Input Rdy - UserID'

2022-03-02 20:49:30 - [TEST_STEP][PASSED] - delay(1): Delayed 1 second(s)

2022-03-02 20:49:31 - [MESSAGE][PASSED] - Delayed 1 second(s)

2022-03-02 20:49:31 - [TEST_STEP][PASSED] - hideKeyboard(): Keyboard is hidden

2022-03-02 20:49:35 - [MESSAGE][PASSED] - Keyboard is hidden

2022-03-02 20:49:35 - [TEST_STEP][PASSED] - tap(LOGN_EdtPassword, 0): Tapped on element 'Object Repository/Mobile/Page/Login/Input - Password'

2022-03-02 20:49:35 - [MESSAGE][WARNING] - Timeout '0' is invalid. Using default page load timeout: '60'

2022-03-02 20:49:35 - [MESSAGE][PASSED] - Tapped on element 'Object Repository/Mobile/Page/Login/Input - Password'

2022-03-02 20:49:35 - [TEST_STEP][PASSED] - delay(1): Delayed 1 second(s)

2022-03-02 20:49:36 - [MESSAGE][PASSED] - Delayed 1 second(s)

2022-03-02 20:49:36 - [TEST_STEP][PASSED] - setText(LOGN_EdtRdyPassword, "Shalawa18", 0): Text 'Shalawa18' has been set to element 'Object Repository/Mobile/Page/Login/Input Rdy - Password'

2022-03-02 20:49:36 - [MESSAGE][WARNING] - Timeout '0' is invalid. Using default page load timeout: '60'

2022-03-02 20:49:37 - [MESSAGE][PASSED] - Text 'Shalawa18' has been set to element 'Object Repository/Mobile/Page/Login/Input Rdy - Password'

2022-03-02 20:49:37 - [TEST_STEP][PASSED] - delay(1): Delayed 1 second(s)

2022-03-02 20:49:38 - [MESSAGE][PASSED] - Delayed 1 second(s)

2022-03-02 20:49:38 - [TEST_STEP][PASSED] - hideKeyboard(): Keyboard is hidden

2022-03-02 20:49:44 - [MESSAGE][PASSED] - Keyboard is hidden

2022-03-02 20:49:44 - [TEST_STEP][PASSED] - tap(LOGN_BtnLogin, 0): Tapped on element 'Object Repository/Mobile/Page/Login/Button - Login'

2022-03-02 20:49:44 - [MESSAGE][WARNING] - Timeout '0' is invalid. Using default page load timeout: '60'

2022-03-02 20:49:45 - [MESSAGE][PASSED] - Tapped on element 'Object Repository/Mobile/Page/Login/Button - Login'

2022-03-02 20:49:45 - [TEST_STEP][PASSED] - delay(2): Delayed 2 second(s)

2022-03-02 20:49:47 - [MESSAGE][PASSED] - Delayed 2 second(s)

2022-03-02 20:49:47 - [TEST_STEP][PASSED] - break: null

2022-03-02 20:49:47 - [MESSAGE][PASSED] - Call Test Case 'Test Cases/Mobile/Page/Login/Login' successfully

2022-03-02 20:49:47 - [MESSAGE][PASSED] - Call Test Case 'Test Cases/Mobile/Page/CheckLogin' successfully

2022-03-02 20:49:47 - [TEST_STEP][PASSED] - tap(HOME_MenubarPortfolio, 0): Tapped on element 'Object Repository/Mobile/Page/Home/Menubar - Portfolio'

2022-03-02 20:49:47 - [MESSAGE][WARNING] - Timeout '0' is invalid. Using default page load timeout: '60'

2022-03-02 20:49:49 - [MESSAGE][PASSED] - Tapped on element 'Object Repository/Mobile/Page/Home/Menubar - Portfolio'

2022-03-02 20:49:49 - [TEST_STEP][PASSED] - delay(1): Delayed 1 second(s)

2022-03-02 20:49:50 - [MESSAGE][PASSED] - Delayed 1 second(s)

2022-03-02 20:49:50 - [TEST_STEP][PASSED] - for ([i = 0, i < 1, (i++)]): scroll.scroll.scrollScreenBottomToTop is PASSED

2022-03-02 20:49:50 - [TEST_STEP][PASSED] - if (tab == "summary"): null

2022-03-02 20:49:50 - [TEST_STEP][PASSED] - else if (tab == "stock"): null

2022-03-02 20:49:50 - [TEST_STEP][PASSED] - else if (tab == "mutualfund"): scroll.scroll.scrollScreenBottomToTop is PASSED

2022-03-02 20:49:50 - [TEST_STEP][PASSED] - tap(PORT_TabMutualFund, 0): Tapped on element 'Object Repository/Mobile/Page/Portfolio/Tab - Mutual Fund'

2022-03-02 20:49:50 - [MESSAGE][WARNING] - Timeout '0' is invalid. Using default page load timeout: '60'

2022-03-02 20:49:52 - [MESSAGE][PASSED] - Tapped on element 'Object Repository/Mobile/Page/Portfolio/Tab - Mutual Fund'

2022-03-02 20:49:52 - [TEST_STEP][PASSED] - delay(1): Delayed 1 second(s)

2022-03-02 20:49:53 - [MESSAGE][PASSED] - Delayed 1 second(s)

2022-03-02 20:49:53 - [TEST_STEP][PASSED] - try: scroll.scroll.scrollScreenBottomToTop is PASSED

2022-03-02 20:49:53 - [TEST_STEP][PASSED] - tapAndHold(PORT_ItemTopMutualFund, 1, 10): Tapped and held on element 'Object Repository/Mobile/Page/Portfolio/Item - Top Mutual Fund' with duration 1

2022-03-02 20:49:56 - [MESSAGE][PASSED] - Tapped and held on element 'Object Repository/Mobile/Page/Portfolio/Item - Top Mutual Fund' with duration 1

2022-03-02 20:49:56 - [TEST_STEP][PASSED] - delay(2): Delayed 2 second(s)

2022-03-02 20:49:58 - [MESSAGE][PASSED] - Delayed 2 second(s)

2022-03-02 20:49:58 - [TEST_STEP][PASSED] - switch (action2): null

2022-03-02 20:49:58 - [TEST_STEP][PASSED] - case "6 month":: null

2022-03-02 20:49:58 - [TEST_STEP][PASSED] - tapAndHold(PORT_DETL_Btn6Month, 1, 0): Tapped and held on element 'Object Repository/Mobile/Page/Portfolio/Detail Mutual Funds/Button - 6 Month' with duration 1

2022-03-02 20:49:58 - [MESSAGE][WARNING] - Timeout '0' is invalid. Using default page load timeout: '60'

2022-03-02 20:50:01 - [MESSAGE][PASSED] - Tapped and held on element 'Object Repository/Mobile/Page/Portfolio/Detail Mutual Funds/Button - 6 Month' with duration 1

2022-03-02 20:50:01 - [TEST_STEP][PASSED] - break: null

2022-03-02 20:50:01 - [TEST_STEP][PASSED] - delay(3): Delayed 3 second(s)

2022-03-02 20:50:04 - [MESSAGE][PASSED] - Delayed 3 second(s)

2022-03-02 20:50:04 - [TEST_STEP][PASSED] - scroll.scroll.scrollScreenBottomToTop(): scroll.scroll.scrollScreenBottomToTop is PASSED

2022-03-02 20:50:04 - [MESSAGE][PASSED] - Current device physical height is 1423

2022-03-02 20:50:04 - [MESSAGE][PASSED] - Current device physical width is 720

2022-03-02 20:50:05 - [MESSAGE][PASSED] - Swiped from 360,1,138 to 360,284

2022-03-02 20:50:05 - [MESSAGE][PASSED] - scroll.scroll.scrollScreenBottomToTop is PASSED

2022-03-02 20:50:05 - [MESSAGE][PASSED] - Call Test Case 'Test Cases/Mobile/Page/Portfolio/Portfolio' successfully

2022-03-02 20:50:05 - [TEST_STEP][PASSED] - callTestCase(findTestCase("Mobile/Page/Run App/Terminate App"), [:], STOP_ON_FAILURE): Call Test Case 'Test Cases/Mobile/Page/Run App/Terminate App' successfully

2022-03-02 20:50:05 - [TEST_CASE][PASSED] - Test Cases/Mobile/Page/Run App/Terminate App: Test Cases/Mobile/Page/Run App/Terminate App

2022-03-02 20:50:05 - [TEST_STEP][PASSED] - startApp.OpenApp.terminateApplication(): startApp.OpenApp.terminateApplication is PASSED

2022-03-02 20:50:09 - [MESSAGE][PASSED] - Delayed 3 second(s)

2022-03-02 20:50:09 - [MESSAGE][PASSED] - Current device physical width is 720

2022-03-02 20:50:09 - [MESSAGE][PASSED] - Current device physical height is 1423

2022-03-02 20:50:10 - [MESSAGE][PASSED] - Swiped from 360,853 to 360,142

2022-03-02 20:50:11 - [MESSAGE][PASSED] - Delayed 1 second(s)

2022-03-02 20:50:13 - [MESSAGE][PASSED] - Swiped from 360,853 to 360,142

2022-03-02 20:50:16 - [MESSAGE][PASSED] - Delayed 3 second(s)

2022-03-02 20:50:16 - [MESSAGE][PASSED] - startApp.OpenApp.terminateApplication is PASSED

2022-03-02 20:50:16 - [MESSAGE][PASSED] - Call Test Case 'Test Cases/Mobile/Page/Run App/Terminate App' successfully]]></system-out>
         <system-err><![CDATA[]]></system-err>
      </testcase>
      <testcase name="Test Cases/Mobile/Scenario/Portfolio/016 - Melihat detail mutual fund 1 year" time="64.337" classname="Test Cases/Mobile/Scenario/Portfolio/016 - Melihat detail mutual fund 1 year" status="PASSED">
         <system-out><![CDATA[2022-03-02 20:50:16 - [TEST_CASE][PASSED] - Test Cases/Mobile/Scenario/Portfolio/016 - Melihat detail mutual fund 1 year: Test Cases/Mobile/Scenario/Portfolio/016 - Melihat detail mutual fund 1 year

2022-03-02 20:50:16 - [TEST_STEP][PASSED] - callTestCase(findTestCase("Mobile/Page/Run App/Run App byID"), [:], STOP_ON_FAILURE): Call Test Case 'Test Cases/Mobile/Page/Run App/Run App byID' successfully

2022-03-02 20:50:16 - [TEST_CASE][PASSED] - Test Cases/Mobile/Page/Run App/Run App byID: Test Cases/Mobile/Page/Run App/Run App byID

2022-03-02 20:50:16 - [TEST_STEP][PASSED] - startApp.OpenApp.startApplication("id.co.miraeasset.sageclub"): startApp.OpenApp.startApplication is PASSED

2022-03-02 20:50:29 - [MESSAGE][PASSED] - Starting app with application ID: 'id.co.miraeasset.sageclub'

2022-03-02 20:50:29 - [MESSAGE][PASSED] - startApp.OpenApp.startApplication is PASSED

2022-03-02 20:50:29 - [MESSAGE][PASSED] - Call Test Case 'Test Cases/Mobile/Page/Run App/Run App byID' successfully

2022-03-02 20:50:29 - [TEST_STEP][PASSED] - callTestCase(findTestCase("Mobile/Page/Portfolio/Portfolio"), ["tab":"mutualfund", "action2":"1 year"], CONTINUE_ON_FAILURE): Call Test Case 'Test Cases/Mobile/Page/Portfolio/Portfolio' successfully

2022-03-02 20:50:29 - [TEST_CASE][PASSED] - Test Cases/Mobile/Page/Portfolio/Portfolio: Test Cases/Mobile/Page/Portfolio/Portfolio

2022-03-02 20:50:29 - [TEST_STEP][PASSED] - callTestCase(findTestCase("Mobile/Page/CheckLogin"), [:], CONTINUE_ON_FAILURE): Call Test Case 'Test Cases/Mobile/Page/CheckLogin' successfully

2022-03-02 20:50:29 - [TEST_CASE][PASSED] - Test Cases/Mobile/Page/CheckLogin: Test Cases/Mobile/Page/CheckLogin

2022-03-02 20:50:29 - [TEST_STEP][PASSED] - loginCheck = verifyElementExist(LOGN_BtnLogin, 5, CONTINUE_ON_FAILURE): Element 'Object Repository/Mobile/Page/Login/Button - Login' is exist

2022-03-02 20:50:32 - [MESSAGE][PASSED] - Element 'Object Repository/Mobile/Page/Login/Button - Login' is exist

2022-03-02 20:50:32 - [TEST_STEP][PASSED] - if (loginCheck): Call Test Case 'Test Cases/Mobile/Page/Login/Login' successfully

2022-03-02 20:50:32 - [TEST_STEP][PASSED] - callTestCase(findTestCase("Mobile/Page/Login/Login"), ["action":"username"], CONTINUE_ON_FAILURE): Call Test Case 'Test Cases/Mobile/Page/Login/Login' successfully

2022-03-02 20:50:32 - [TEST_CASE][PASSED] - Test Cases/Mobile/Page/Login/Login: Test Cases/Mobile/Page/Login/Login

2022-03-02 20:50:32 - [TEST_STEP][PASSED] - delay(2): Delayed 2 second(s)

2022-03-02 20:50:34 - [MESSAGE][PASSED] - Delayed 2 second(s)

2022-03-02 20:50:34 - [TEST_STEP][PASSED] - for ([i = 0, i < 1, (i++)]): null

2022-03-02 20:50:34 - [TEST_STEP][PASSED] - if (action == "username"): null

2022-03-02 20:50:34 - [TEST_STEP][PASSED] - tap(LOGN_EdtUserID, 0): Tapped on element 'Object Repository/Mobile/Page/Login/Input - UserID'

2022-03-02 20:50:34 - [MESSAGE][WARNING] - Timeout '0' is invalid. Using default page load timeout: '60'

2022-03-02 20:50:34 - [MESSAGE][PASSED] - Tapped on element 'Object Repository/Mobile/Page/Login/Input - UserID'

2022-03-02 20:50:34 - [TEST_STEP][PASSED] - delay(1): Delayed 1 second(s)

2022-03-02 20:50:35 - [MESSAGE][PASSED] - Delayed 1 second(s)

2022-03-02 20:50:35 - [TEST_STEP][PASSED] - setText(LOGN_EdtRdyUserID, "anggaaditya", 0): Text 'anggaaditya' has been set to element 'Object Repository/Mobile/Page/Login/Input Rdy - UserID'

2022-03-02 20:50:35 - [MESSAGE][WARNING] - Timeout '0' is invalid. Using default page load timeout: '60'

2022-03-02 20:50:36 - [MESSAGE][PASSED] - Text 'anggaaditya' has been set to element 'Object Repository/Mobile/Page/Login/Input Rdy - UserID'

2022-03-02 20:50:36 - [TEST_STEP][PASSED] - delay(1): Delayed 1 second(s)

2022-03-02 20:50:37 - [MESSAGE][PASSED] - Delayed 1 second(s)

2022-03-02 20:50:37 - [TEST_STEP][PASSED] - hideKeyboard(): Keyboard is hidden

2022-03-02 20:50:40 - [MESSAGE][PASSED] - Keyboard is hidden

2022-03-02 20:50:40 - [TEST_STEP][PASSED] - tap(LOGN_EdtPassword, 0): Tapped on element 'Object Repository/Mobile/Page/Login/Input - Password'

2022-03-02 20:50:40 - [MESSAGE][WARNING] - Timeout '0' is invalid. Using default page load timeout: '60'

2022-03-02 20:50:41 - [MESSAGE][PASSED] - Tapped on element 'Object Repository/Mobile/Page/Login/Input - Password'

2022-03-02 20:50:41 - [TEST_STEP][PASSED] - delay(1): Delayed 1 second(s)

2022-03-02 20:50:42 - [MESSAGE][PASSED] - Delayed 1 second(s)

2022-03-02 20:50:42 - [TEST_STEP][PASSED] - setText(LOGN_EdtRdyPassword, "Shalawa18", 0): Text 'Shalawa18' has been set to element 'Object Repository/Mobile/Page/Login/Input Rdy - Password'

2022-03-02 20:50:42 - [MESSAGE][WARNING] - Timeout '0' is invalid. Using default page load timeout: '60'

2022-03-02 20:50:42 - [MESSAGE][PASSED] - Text 'Shalawa18' has been set to element 'Object Repository/Mobile/Page/Login/Input Rdy - Password'

2022-03-02 20:50:42 - [TEST_STEP][PASSED] - delay(1): Delayed 1 second(s)

2022-03-02 20:50:43 - [MESSAGE][PASSED] - Delayed 1 second(s)

2022-03-02 20:50:43 - [TEST_STEP][PASSED] - hideKeyboard(): Keyboard is hidden

2022-03-02 20:50:50 - [MESSAGE][PASSED] - Keyboard is hidden

2022-03-02 20:50:50 - [TEST_STEP][PASSED] - tap(LOGN_BtnLogin, 0): Tapped on element 'Object Repository/Mobile/Page/Login/Button - Login'

2022-03-02 20:50:50 - [MESSAGE][WARNING] - Timeout '0' is invalid. Using default page load timeout: '60'

2022-03-02 20:50:51 - [MESSAGE][PASSED] - Tapped on element 'Object Repository/Mobile/Page/Login/Button - Login'

2022-03-02 20:50:51 - [TEST_STEP][PASSED] - delay(2): Delayed 2 second(s)

2022-03-02 20:50:53 - [MESSAGE][PASSED] - Delayed 2 second(s)

2022-03-02 20:50:53 - [TEST_STEP][PASSED] - break: null

2022-03-02 20:50:53 - [MESSAGE][PASSED] - Call Test Case 'Test Cases/Mobile/Page/Login/Login' successfully

2022-03-02 20:50:53 - [MESSAGE][PASSED] - Call Test Case 'Test Cases/Mobile/Page/CheckLogin' successfully

2022-03-02 20:50:53 - [TEST_STEP][PASSED] - tap(HOME_MenubarPortfolio, 0): Tapped on element 'Object Repository/Mobile/Page/Home/Menubar - Portfolio'

2022-03-02 20:50:53 - [MESSAGE][WARNING] - Timeout '0' is invalid. Using default page load timeout: '60'

2022-03-02 20:50:54 - [MESSAGE][PASSED] - Tapped on element 'Object Repository/Mobile/Page/Home/Menubar - Portfolio'

2022-03-02 20:50:54 - [TEST_STEP][PASSED] - delay(1): Delayed 1 second(s)

2022-03-02 20:50:55 - [MESSAGE][PASSED] - Delayed 1 second(s)

2022-03-02 20:50:55 - [TEST_STEP][PASSED] - for ([i = 0, i < 1, (i++)]): scroll.scroll.scrollScreenBottomToTop is PASSED

2022-03-02 20:50:55 - [TEST_STEP][PASSED] - if (tab == "summary"): null

2022-03-02 20:50:55 - [TEST_STEP][PASSED] - else if (tab == "stock"): null

2022-03-02 20:50:55 - [TEST_STEP][PASSED] - else if (tab == "mutualfund"): scroll.scroll.scrollScreenBottomToTop is PASSED

2022-03-02 20:50:55 - [TEST_STEP][PASSED] - tap(PORT_TabMutualFund, 0): Tapped on element 'Object Repository/Mobile/Page/Portfolio/Tab - Mutual Fund'

2022-03-02 20:50:55 - [MESSAGE][WARNING] - Timeout '0' is invalid. Using default page load timeout: '60'

2022-03-02 20:50:56 - [MESSAGE][PASSED] - Tapped on element 'Object Repository/Mobile/Page/Portfolio/Tab - Mutual Fund'

2022-03-02 20:50:56 - [TEST_STEP][PASSED] - delay(1): Delayed 1 second(s)

2022-03-02 20:50:57 - [MESSAGE][PASSED] - Delayed 1 second(s)

2022-03-02 20:50:57 - [TEST_STEP][PASSED] - try: scroll.scroll.scrollScreenBottomToTop is PASSED

2022-03-02 20:50:57 - [TEST_STEP][PASSED] - tapAndHold(PORT_ItemTopMutualFund, 1, 10): Tapped and held on element 'Object Repository/Mobile/Page/Portfolio/Item - Top Mutual Fund' with duration 1

2022-03-02 20:51:00 - [MESSAGE][PASSED] - Tapped and held on element 'Object Repository/Mobile/Page/Portfolio/Item - Top Mutual Fund' with duration 1

2022-03-02 20:51:00 - [TEST_STEP][PASSED] - delay(2): Delayed 2 second(s)

2022-03-02 20:51:02 - [MESSAGE][PASSED] - Delayed 2 second(s)

2022-03-02 20:51:02 - [TEST_STEP][PASSED] - switch (action2): null

2022-03-02 20:51:02 - [TEST_STEP][PASSED] - case "1 year":: null

2022-03-02 20:51:02 - [TEST_STEP][PASSED] - tapAndHold(PORT_DETL_Btn1Year, 1, 0): Tapped and held on element 'Object Repository/Mobile/Page/Portfolio/Detail Mutual Funds/Button - 1 Year' with duration 1

2022-03-02 20:51:02 - [MESSAGE][WARNING] - Timeout '0' is invalid. Using default page load timeout: '60'

2022-03-02 20:51:05 - [MESSAGE][PASSED] - Tapped and held on element 'Object Repository/Mobile/Page/Portfolio/Detail Mutual Funds/Button - 1 Year' with duration 1

2022-03-02 20:51:05 - [TEST_STEP][PASSED] - break: null

2022-03-02 20:51:05 - [TEST_STEP][PASSED] - delay(3): Delayed 3 second(s)

2022-03-02 20:51:08 - [MESSAGE][PASSED] - Delayed 3 second(s)

2022-03-02 20:51:08 - [TEST_STEP][PASSED] - scroll.scroll.scrollScreenBottomToTop(): scroll.scroll.scrollScreenBottomToTop is PASSED

2022-03-02 20:51:08 - [MESSAGE][PASSED] - Current device physical height is 1423

2022-03-02 20:51:08 - [MESSAGE][PASSED] - Current device physical width is 720

2022-03-02 20:51:10 - [MESSAGE][PASSED] - Swiped from 360,1,138 to 360,284

2022-03-02 20:51:10 - [MESSAGE][PASSED] - scroll.scroll.scrollScreenBottomToTop is PASSED

2022-03-02 20:51:10 - [MESSAGE][PASSED] - Call Test Case 'Test Cases/Mobile/Page/Portfolio/Portfolio' successfully

2022-03-02 20:51:10 - [TEST_STEP][PASSED] - callTestCase(findTestCase("Mobile/Page/Run App/Terminate App"), [:], STOP_ON_FAILURE): Call Test Case 'Test Cases/Mobile/Page/Run App/Terminate App' successfully

2022-03-02 20:51:10 - [TEST_CASE][PASSED] - Test Cases/Mobile/Page/Run App/Terminate App: Test Cases/Mobile/Page/Run App/Terminate App

2022-03-02 20:51:10 - [TEST_STEP][PASSED] - startApp.OpenApp.terminateApplication(): startApp.OpenApp.terminateApplication is PASSED

2022-03-02 20:51:13 - [MESSAGE][PASSED] - Delayed 3 second(s)

2022-03-02 20:51:13 - [MESSAGE][PASSED] - Current device physical width is 720

2022-03-02 20:51:13 - [MESSAGE][PASSED] - Current device physical height is 1423

2022-03-02 20:51:15 - [MESSAGE][PASSED] - Swiped from 360,853 to 360,142

2022-03-02 20:51:16 - [MESSAGE][PASSED] - Delayed 1 second(s)

2022-03-02 20:51:17 - [MESSAGE][PASSED] - Swiped from 360,853 to 360,142

2022-03-02 20:51:20 - [MESSAGE][PASSED] - Delayed 3 second(s)

2022-03-02 20:51:20 - [MESSAGE][PASSED] - startApp.OpenApp.terminateApplication is PASSED

2022-03-02 20:51:20 - [MESSAGE][PASSED] - Call Test Case 'Test Cases/Mobile/Page/Run App/Terminate App' successfully]]></system-out>
         <system-err><![CDATA[]]></system-err>
      </testcase>
      <testcase name="Test Cases/Mobile/Scenario/Portfolio/017 - Melihat detail mutual fund 3 year" time="65.205" classname="Test Cases/Mobile/Scenario/Portfolio/017 - Melihat detail mutual fund 3 year" status="PASSED">
         <system-out><![CDATA[2022-03-02 20:51:20 - [TEST_CASE][PASSED] - Test Cases/Mobile/Scenario/Portfolio/017 - Melihat detail mutual fund 3 year: Test Cases/Mobile/Scenario/Portfolio/017 - Melihat detail mutual fund 3 year

2022-03-02 20:51:20 - [TEST_STEP][PASSED] - callTestCase(findTestCase("Mobile/Page/Run App/Run App byID"), [:], STOP_ON_FAILURE): Call Test Case 'Test Cases/Mobile/Page/Run App/Run App byID' successfully

2022-03-02 20:51:20 - [TEST_CASE][PASSED] - Test Cases/Mobile/Page/Run App/Run App byID: Test Cases/Mobile/Page/Run App/Run App byID

2022-03-02 20:51:20 - [TEST_STEP][PASSED] - startApp.OpenApp.startApplication("id.co.miraeasset.sageclub"): startApp.OpenApp.startApplication is PASSED

2022-03-02 20:51:33 - [MESSAGE][PASSED] - Starting app with application ID: 'id.co.miraeasset.sageclub'

2022-03-02 20:51:33 - [MESSAGE][PASSED] - startApp.OpenApp.startApplication is PASSED

2022-03-02 20:51:33 - [MESSAGE][PASSED] - Call Test Case 'Test Cases/Mobile/Page/Run App/Run App byID' successfully

2022-03-02 20:51:33 - [TEST_STEP][PASSED] - callTestCase(findTestCase("Mobile/Page/Portfolio/Portfolio"), ["tab":"mutualfund", "action2":"3 year"], CONTINUE_ON_FAILURE): Call Test Case 'Test Cases/Mobile/Page/Portfolio/Portfolio' successfully

2022-03-02 20:51:33 - [TEST_CASE][PASSED] - Test Cases/Mobile/Page/Portfolio/Portfolio: Test Cases/Mobile/Page/Portfolio/Portfolio

2022-03-02 20:51:33 - [TEST_STEP][PASSED] - callTestCase(findTestCase("Mobile/Page/CheckLogin"), [:], CONTINUE_ON_FAILURE): Call Test Case 'Test Cases/Mobile/Page/CheckLogin' successfully

2022-03-02 20:51:33 - [TEST_CASE][PASSED] - Test Cases/Mobile/Page/CheckLogin: Test Cases/Mobile/Page/CheckLogin

2022-03-02 20:51:33 - [TEST_STEP][PASSED] - loginCheck = verifyElementExist(LOGN_BtnLogin, 5, CONTINUE_ON_FAILURE): Element 'Object Repository/Mobile/Page/Login/Button - Login' is exist

2022-03-02 20:51:35 - [MESSAGE][PASSED] - Element 'Object Repository/Mobile/Page/Login/Button - Login' is exist

2022-03-02 20:51:35 - [TEST_STEP][PASSED] - if (loginCheck): Call Test Case 'Test Cases/Mobile/Page/Login/Login' successfully

2022-03-02 20:51:35 - [TEST_STEP][PASSED] - callTestCase(findTestCase("Mobile/Page/Login/Login"), ["action":"username"], CONTINUE_ON_FAILURE): Call Test Case 'Test Cases/Mobile/Page/Login/Login' successfully

2022-03-02 20:51:35 - [TEST_CASE][PASSED] - Test Cases/Mobile/Page/Login/Login: Test Cases/Mobile/Page/Login/Login

2022-03-02 20:51:35 - [TEST_STEP][PASSED] - delay(2): Delayed 2 second(s)

2022-03-02 20:51:37 - [MESSAGE][PASSED] - Delayed 2 second(s)

2022-03-02 20:51:37 - [TEST_STEP][PASSED] - for ([i = 0, i < 1, (i++)]): null

2022-03-02 20:51:37 - [TEST_STEP][PASSED] - if (action == "username"): null

2022-03-02 20:51:37 - [TEST_STEP][PASSED] - tap(LOGN_EdtUserID, 0): Tapped on element 'Object Repository/Mobile/Page/Login/Input - UserID'

2022-03-02 20:51:37 - [MESSAGE][WARNING] - Timeout '0' is invalid. Using default page load timeout: '60'

2022-03-02 20:51:38 - [MESSAGE][PASSED] - Tapped on element 'Object Repository/Mobile/Page/Login/Input - UserID'

2022-03-02 20:51:38 - [TEST_STEP][PASSED] - delay(1): Delayed 1 second(s)

2022-03-02 20:51:39 - [MESSAGE][PASSED] - Delayed 1 second(s)

2022-03-02 20:51:39 - [TEST_STEP][PASSED] - setText(LOGN_EdtRdyUserID, "anggaaditya", 0): Text 'anggaaditya' has been set to element 'Object Repository/Mobile/Page/Login/Input Rdy - UserID'

2022-03-02 20:51:39 - [MESSAGE][WARNING] - Timeout '0' is invalid. Using default page load timeout: '60'

2022-03-02 20:51:39 - [MESSAGE][PASSED] - Text 'anggaaditya' has been set to element 'Object Repository/Mobile/Page/Login/Input Rdy - UserID'

2022-03-02 20:51:39 - [TEST_STEP][PASSED] - delay(1): Delayed 1 second(s)

2022-03-02 20:51:40 - [MESSAGE][PASSED] - Delayed 1 second(s)

2022-03-02 20:51:40 - [TEST_STEP][PASSED] - hideKeyboard(): Keyboard is hidden

2022-03-02 20:51:44 - [MESSAGE][PASSED] - Keyboard is hidden

2022-03-02 20:51:44 - [TEST_STEP][PASSED] - tap(LOGN_EdtPassword, 0): Tapped on element 'Object Repository/Mobile/Page/Login/Input - Password'

2022-03-02 20:51:44 - [MESSAGE][WARNING] - Timeout '0' is invalid. Using default page load timeout: '60'

2022-03-02 20:51:45 - [MESSAGE][PASSED] - Tapped on element 'Object Repository/Mobile/Page/Login/Input - Password'

2022-03-02 20:51:45 - [TEST_STEP][PASSED] - delay(1): Delayed 1 second(s)

2022-03-02 20:51:46 - [MESSAGE][PASSED] - Delayed 1 second(s)

2022-03-02 20:51:46 - [TEST_STEP][PASSED] - setText(LOGN_EdtRdyPassword, "Shalawa18", 0): Text 'Shalawa18' has been set to element 'Object Repository/Mobile/Page/Login/Input Rdy - Password'

2022-03-02 20:51:46 - [MESSAGE][WARNING] - Timeout '0' is invalid. Using default page load timeout: '60'

2022-03-02 20:51:46 - [MESSAGE][PASSED] - Text 'Shalawa18' has been set to element 'Object Repository/Mobile/Page/Login/Input Rdy - Password'

2022-03-02 20:51:46 - [TEST_STEP][PASSED] - delay(1): Delayed 1 second(s)

2022-03-02 20:51:47 - [MESSAGE][PASSED] - Delayed 1 second(s)

2022-03-02 20:51:47 - [TEST_STEP][PASSED] - hideKeyboard(): Keyboard is hidden

2022-03-02 20:51:54 - [MESSAGE][PASSED] - Keyboard is hidden

2022-03-02 20:51:54 - [TEST_STEP][PASSED] - tap(LOGN_BtnLogin, 0): Tapped on element 'Object Repository/Mobile/Page/Login/Button - Login'

2022-03-02 20:51:54 - [MESSAGE][WARNING] - Timeout '0' is invalid. Using default page load timeout: '60'

2022-03-02 20:51:55 - [MESSAGE][PASSED] - Tapped on element 'Object Repository/Mobile/Page/Login/Button - Login'

2022-03-02 20:51:55 - [TEST_STEP][PASSED] - delay(2): Delayed 2 second(s)

2022-03-02 20:51:57 - [MESSAGE][PASSED] - Delayed 2 second(s)

2022-03-02 20:51:57 - [TEST_STEP][PASSED] - break: null

2022-03-02 20:51:57 - [MESSAGE][PASSED] - Call Test Case 'Test Cases/Mobile/Page/Login/Login' successfully

2022-03-02 20:51:57 - [MESSAGE][PASSED] - Call Test Case 'Test Cases/Mobile/Page/CheckLogin' successfully

2022-03-02 20:51:57 - [TEST_STEP][PASSED] - tap(HOME_MenubarPortfolio, 0): Tapped on element 'Object Repository/Mobile/Page/Home/Menubar - Portfolio'

2022-03-02 20:51:57 - [MESSAGE][WARNING] - Timeout '0' is invalid. Using default page load timeout: '60'

2022-03-02 20:51:59 - [MESSAGE][PASSED] - Tapped on element 'Object Repository/Mobile/Page/Home/Menubar - Portfolio'

2022-03-02 20:51:59 - [TEST_STEP][PASSED] - delay(1): Delayed 1 second(s)

2022-03-02 20:52:00 - [MESSAGE][PASSED] - Delayed 1 second(s)

2022-03-02 20:52:00 - [TEST_STEP][PASSED] - for ([i = 0, i < 1, (i++)]): scroll.scroll.scrollScreenBottomToTop is PASSED

2022-03-02 20:52:00 - [TEST_STEP][PASSED] - if (tab == "summary"): null

2022-03-02 20:52:00 - [TEST_STEP][PASSED] - else if (tab == "stock"): null

2022-03-02 20:52:00 - [TEST_STEP][PASSED] - else if (tab == "mutualfund"): scroll.scroll.scrollScreenBottomToTop is PASSED

2022-03-02 20:52:00 - [TEST_STEP][PASSED] - tap(PORT_TabMutualFund, 0): Tapped on element 'Object Repository/Mobile/Page/Portfolio/Tab - Mutual Fund'

2022-03-02 20:52:00 - [MESSAGE][WARNING] - Timeout '0' is invalid. Using default page load timeout: '60'

2022-03-02 20:52:02 - [MESSAGE][PASSED] - Tapped on element 'Object Repository/Mobile/Page/Portfolio/Tab - Mutual Fund'

2022-03-02 20:52:02 - [TEST_STEP][PASSED] - delay(1): Delayed 1 second(s)

2022-03-02 20:52:03 - [MESSAGE][PASSED] - Delayed 1 second(s)

2022-03-02 20:52:03 - [TEST_STEP][PASSED] - try: scroll.scroll.scrollScreenBottomToTop is PASSED

2022-03-02 20:52:03 - [TEST_STEP][PASSED] - tapAndHold(PORT_ItemTopMutualFund, 1, 10): Tapped and held on element 'Object Repository/Mobile/Page/Portfolio/Item - Top Mutual Fund' with duration 1

2022-03-02 20:52:05 - [MESSAGE][PASSED] - Tapped and held on element 'Object Repository/Mobile/Page/Portfolio/Item - Top Mutual Fund' with duration 1

2022-03-02 20:52:05 - [TEST_STEP][PASSED] - delay(2): Delayed 2 second(s)

2022-03-02 20:52:07 - [MESSAGE][PASSED] - Delayed 2 second(s)

2022-03-02 20:52:07 - [TEST_STEP][PASSED] - switch (action2): null

2022-03-02 20:52:07 - [TEST_STEP][PASSED] - case "3 year":: null

2022-03-02 20:52:07 - [TEST_STEP][PASSED] - tapAndHold(PORT_DETL_Btn3Year, 1, 0): Tapped and held on element 'Object Repository/Mobile/Page/Portfolio/Detail Mutual Funds/Button - 3 Year' with duration 1

2022-03-02 20:52:07 - [MESSAGE][WARNING] - Timeout '0' is invalid. Using default page load timeout: '60'

2022-03-02 20:52:10 - [MESSAGE][PASSED] - Tapped and held on element 'Object Repository/Mobile/Page/Portfolio/Detail Mutual Funds/Button - 3 Year' with duration 1

2022-03-02 20:52:10 - [TEST_STEP][PASSED] - break: null

2022-03-02 20:52:10 - [TEST_STEP][PASSED] - delay(3): Delayed 3 second(s)

2022-03-02 20:52:13 - [MESSAGE][PASSED] - Delayed 3 second(s)

2022-03-02 20:52:13 - [TEST_STEP][PASSED] - scroll.scroll.scrollScreenBottomToTop(): scroll.scroll.scrollScreenBottomToTop is PASSED

2022-03-02 20:52:14 - [MESSAGE][PASSED] - Current device physical height is 1423

2022-03-02 20:52:14 - [MESSAGE][PASSED] - Current device physical width is 720

2022-03-02 20:52:15 - [MESSAGE][PASSED] - Swiped from 360,1,138 to 360,284

2022-03-02 20:52:15 - [MESSAGE][PASSED] - scroll.scroll.scrollScreenBottomToTop is PASSED

2022-03-02 20:52:15 - [MESSAGE][PASSED] - Call Test Case 'Test Cases/Mobile/Page/Portfolio/Portfolio' successfully

2022-03-02 20:52:15 - [TEST_STEP][PASSED] - callTestCase(findTestCase("Mobile/Page/Run App/Terminate App"), [:], STOP_ON_FAILURE): Call Test Case 'Test Cases/Mobile/Page/Run App/Terminate App' successfully

2022-03-02 20:52:15 - [TEST_CASE][PASSED] - Test Cases/Mobile/Page/Run App/Terminate App: Test Cases/Mobile/Page/Run App/Terminate App

2022-03-02 20:52:15 - [TEST_STEP][PASSED] - startApp.OpenApp.terminateApplication(): startApp.OpenApp.terminateApplication is PASSED

2022-03-02 20:52:18 - [MESSAGE][PASSED] - Delayed 3 second(s)

2022-03-02 20:52:18 - [MESSAGE][PASSED] - Current device physical width is 720

2022-03-02 20:52:19 - [MESSAGE][PASSED] - Current device physical height is 1423

2022-03-02 20:52:20 - [MESSAGE][PASSED] - Swiped from 360,853 to 360,142

2022-03-02 20:52:21 - [MESSAGE][PASSED] - Delayed 1 second(s)

2022-03-02 20:52:22 - [MESSAGE][PASSED] - Swiped from 360,853 to 360,142

2022-03-02 20:52:25 - [MESSAGE][PASSED] - Delayed 3 second(s)

2022-03-02 20:52:25 - [MESSAGE][PASSED] - startApp.OpenApp.terminateApplication is PASSED

2022-03-02 20:52:25 - [MESSAGE][PASSED] - Call Test Case 'Test Cases/Mobile/Page/Run App/Terminate App' successfully]]></system-out>
         <system-err><![CDATA[]]></system-err>
      </testcase>
      <testcase name="Test Cases/Mobile/Scenario/Portfolio/018 - Melihat detail mutual fund 5 year" time="64.965" classname="Test Cases/Mobile/Scenario/Portfolio/018 - Melihat detail mutual fund 5 year" status="PASSED">
         <system-out><![CDATA[2022-03-02 20:52:25 - [TEST_CASE][PASSED] - Test Cases/Mobile/Scenario/Portfolio/018 - Melihat detail mutual fund 5 year: Test Cases/Mobile/Scenario/Portfolio/018 - Melihat detail mutual fund 5 year

2022-03-02 20:52:26 - [TEST_STEP][PASSED] - callTestCase(findTestCase("Mobile/Page/Run App/Run App byID"), [:], STOP_ON_FAILURE): Call Test Case 'Test Cases/Mobile/Page/Run App/Run App byID' successfully

2022-03-02 20:52:26 - [TEST_CASE][PASSED] - Test Cases/Mobile/Page/Run App/Run App byID: Test Cases/Mobile/Page/Run App/Run App byID

2022-03-02 20:52:26 - [TEST_STEP][PASSED] - startApp.OpenApp.startApplication("id.co.miraeasset.sageclub"): startApp.OpenApp.startApplication is PASSED

2022-03-02 20:52:38 - [MESSAGE][PASSED] - Starting app with application ID: 'id.co.miraeasset.sageclub'

2022-03-02 20:52:38 - [MESSAGE][PASSED] - startApp.OpenApp.startApplication is PASSED

2022-03-02 20:52:38 - [MESSAGE][PASSED] - Call Test Case 'Test Cases/Mobile/Page/Run App/Run App byID' successfully

2022-03-02 20:52:38 - [TEST_STEP][PASSED] - callTestCase(findTestCase("Mobile/Page/Portfolio/Portfolio"), ["tab":"mutualfund", "action2":"5 year"], CONTINUE_ON_FAILURE): Call Test Case 'Test Cases/Mobile/Page/Portfolio/Portfolio' successfully

2022-03-02 20:52:38 - [TEST_CASE][PASSED] - Test Cases/Mobile/Page/Portfolio/Portfolio: Test Cases/Mobile/Page/Portfolio/Portfolio

2022-03-02 20:52:38 - [TEST_STEP][PASSED] - callTestCase(findTestCase("Mobile/Page/CheckLogin"), [:], CONTINUE_ON_FAILURE): Call Test Case 'Test Cases/Mobile/Page/CheckLogin' successfully

2022-03-02 20:52:38 - [TEST_CASE][PASSED] - Test Cases/Mobile/Page/CheckLogin: Test Cases/Mobile/Page/CheckLogin

2022-03-02 20:52:38 - [TEST_STEP][PASSED] - loginCheck = verifyElementExist(LOGN_BtnLogin, 5, CONTINUE_ON_FAILURE): Element 'Object Repository/Mobile/Page/Login/Button - Login' is exist

2022-03-02 20:52:40 - [MESSAGE][PASSED] - Element 'Object Repository/Mobile/Page/Login/Button - Login' is exist

2022-03-02 20:52:40 - [TEST_STEP][PASSED] - if (loginCheck): Call Test Case 'Test Cases/Mobile/Page/Login/Login' successfully

2022-03-02 20:52:40 - [TEST_STEP][PASSED] - callTestCase(findTestCase("Mobile/Page/Login/Login"), ["action":"username"], CONTINUE_ON_FAILURE): Call Test Case 'Test Cases/Mobile/Page/Login/Login' successfully

2022-03-02 20:52:40 - [TEST_CASE][PASSED] - Test Cases/Mobile/Page/Login/Login: Test Cases/Mobile/Page/Login/Login

2022-03-02 20:52:40 - [TEST_STEP][PASSED] - delay(2): Delayed 2 second(s)

2022-03-02 20:52:42 - [MESSAGE][PASSED] - Delayed 2 second(s)

2022-03-02 20:52:42 - [TEST_STEP][PASSED] - for ([i = 0, i < 1, (i++)]): null

2022-03-02 20:52:42 - [TEST_STEP][PASSED] - if (action == "username"): null

2022-03-02 20:52:42 - [TEST_STEP][PASSED] - tap(LOGN_EdtUserID, 0): Tapped on element 'Object Repository/Mobile/Page/Login/Input - UserID'

2022-03-02 20:52:42 - [MESSAGE][WARNING] - Timeout '0' is invalid. Using default page load timeout: '60'

2022-03-02 20:52:43 - [MESSAGE][PASSED] - Tapped on element 'Object Repository/Mobile/Page/Login/Input - UserID'

2022-03-02 20:52:43 - [TEST_STEP][PASSED] - delay(1): Delayed 1 second(s)

2022-03-02 20:52:44 - [MESSAGE][PASSED] - Delayed 1 second(s)

2022-03-02 20:52:44 - [TEST_STEP][PASSED] - setText(LOGN_EdtRdyUserID, "anggaaditya", 0): Text 'anggaaditya' has been set to element 'Object Repository/Mobile/Page/Login/Input Rdy - UserID'

2022-03-02 20:52:44 - [MESSAGE][WARNING] - Timeout '0' is invalid. Using default page load timeout: '60'

2022-03-02 20:52:45 - [MESSAGE][PASSED] - Text 'anggaaditya' has been set to element 'Object Repository/Mobile/Page/Login/Input Rdy - UserID'

2022-03-02 20:52:45 - [TEST_STEP][PASSED] - delay(1): Delayed 1 second(s)

2022-03-02 20:52:46 - [MESSAGE][PASSED] - Delayed 1 second(s)

2022-03-02 20:52:46 - [TEST_STEP][PASSED] - hideKeyboard(): Keyboard is hidden

2022-03-02 20:52:50 - [MESSAGE][PASSED] - Keyboard is hidden

2022-03-02 20:52:50 - [TEST_STEP][PASSED] - tap(LOGN_EdtPassword, 0): Tapped on element 'Object Repository/Mobile/Page/Login/Input - Password'

2022-03-02 20:52:50 - [MESSAGE][WARNING] - Timeout '0' is invalid. Using default page load timeout: '60'

2022-03-02 20:52:50 - [MESSAGE][PASSED] - Tapped on element 'Object Repository/Mobile/Page/Login/Input - Password'

2022-03-02 20:52:50 - [TEST_STEP][PASSED] - delay(1): Delayed 1 second(s)

2022-03-02 20:52:51 - [MESSAGE][PASSED] - Delayed 1 second(s)

2022-03-02 20:52:51 - [TEST_STEP][PASSED] - setText(LOGN_EdtRdyPassword, "Shalawa18", 0): Text 'Shalawa18' has been set to element 'Object Repository/Mobile/Page/Login/Input Rdy - Password'

2022-03-02 20:52:51 - [MESSAGE][WARNING] - Timeout '0' is invalid. Using default page load timeout: '60'

2022-03-02 20:52:52 - [MESSAGE][PASSED] - Text 'Shalawa18' has been set to element 'Object Repository/Mobile/Page/Login/Input Rdy - Password'

2022-03-02 20:52:52 - [TEST_STEP][PASSED] - delay(1): Delayed 1 second(s)

2022-03-02 20:52:53 - [MESSAGE][PASSED] - Delayed 1 second(s)

2022-03-02 20:52:53 - [TEST_STEP][PASSED] - hideKeyboard(): Keyboard is hidden

2022-03-02 20:52:59 - [MESSAGE][PASSED] - Keyboard is hidden

2022-03-02 20:52:59 - [TEST_STEP][PASSED] - tap(LOGN_BtnLogin, 0): Tapped on element 'Object Repository/Mobile/Page/Login/Button - Login'

2022-03-02 20:52:59 - [MESSAGE][WARNING] - Timeout '0' is invalid. Using default page load timeout: '60'

2022-03-02 20:53:00 - [MESSAGE][PASSED] - Tapped on element 'Object Repository/Mobile/Page/Login/Button - Login'

2022-03-02 20:53:00 - [TEST_STEP][PASSED] - delay(2): Delayed 2 second(s)

2022-03-02 20:53:02 - [MESSAGE][PASSED] - Delayed 2 second(s)

2022-03-02 20:53:02 - [TEST_STEP][PASSED] - break: null

2022-03-02 20:53:02 - [MESSAGE][PASSED] - Call Test Case 'Test Cases/Mobile/Page/Login/Login' successfully

2022-03-02 20:53:02 - [MESSAGE][PASSED] - Call Test Case 'Test Cases/Mobile/Page/CheckLogin' successfully

2022-03-02 20:53:02 - [TEST_STEP][PASSED] - tap(HOME_MenubarPortfolio, 0): Tapped on element 'Object Repository/Mobile/Page/Home/Menubar - Portfolio'

2022-03-02 20:53:02 - [MESSAGE][WARNING] - Timeout '0' is invalid. Using default page load timeout: '60'

2022-03-02 20:53:04 - [MESSAGE][PASSED] - Tapped on element 'Object Repository/Mobile/Page/Home/Menubar - Portfolio'

2022-03-02 20:53:04 - [TEST_STEP][PASSED] - delay(1): Delayed 1 second(s)

2022-03-02 20:53:05 - [MESSAGE][PASSED] - Delayed 1 second(s)

2022-03-02 20:53:05 - [TEST_STEP][PASSED] - for ([i = 0, i < 1, (i++)]): scroll.scroll.scrollScreenBottomToTop is PASSED

2022-03-02 20:53:05 - [TEST_STEP][PASSED] - if (tab == "summary"): null

2022-03-02 20:53:05 - [TEST_STEP][PASSED] - else if (tab == "stock"): null

2022-03-02 20:53:05 - [TEST_STEP][PASSED] - else if (tab == "mutualfund"): scroll.scroll.scrollScreenBottomToTop is PASSED

2022-03-02 20:53:05 - [TEST_STEP][PASSED] - tap(PORT_TabMutualFund, 0): Tapped on element 'Object Repository/Mobile/Page/Portfolio/Tab - Mutual Fund'

2022-03-02 20:53:05 - [MESSAGE][WARNING] - Timeout '0' is invalid. Using default page load timeout: '60'

2022-03-02 20:53:07 - [MESSAGE][PASSED] - Tapped on element 'Object Repository/Mobile/Page/Portfolio/Tab - Mutual Fund'

2022-03-02 20:53:07 - [TEST_STEP][PASSED] - delay(1): Delayed 1 second(s)

2022-03-02 20:53:08 - [MESSAGE][PASSED] - Delayed 1 second(s)

2022-03-02 20:53:08 - [TEST_STEP][PASSED] - try: scroll.scroll.scrollScreenBottomToTop is PASSED

2022-03-02 20:53:08 - [TEST_STEP][PASSED] - tapAndHold(PORT_ItemTopMutualFund, 1, 10): Tapped and held on element 'Object Repository/Mobile/Page/Portfolio/Item - Top Mutual Fund' with duration 1

2022-03-02 20:53:10 - [MESSAGE][PASSED] - Tapped and held on element 'Object Repository/Mobile/Page/Portfolio/Item - Top Mutual Fund' with duration 1

2022-03-02 20:53:10 - [TEST_STEP][PASSED] - delay(2): Delayed 2 second(s)

2022-03-02 20:53:12 - [MESSAGE][PASSED] - Delayed 2 second(s)

2022-03-02 20:53:12 - [TEST_STEP][PASSED] - switch (action2): null

2022-03-02 20:53:12 - [TEST_STEP][PASSED] - case "5 year":: null

2022-03-02 20:53:12 - [TEST_STEP][PASSED] - tapAndHold(PORT_DETL_Btn5Year, 1, 0): Tapped and held on element 'Object Repository/Mobile/Page/Portfolio/Detail Mutual Funds/Button - 5 Year' with duration 1

2022-03-02 20:53:12 - [MESSAGE][WARNING] - Timeout '0' is invalid. Using default page load timeout: '60'

2022-03-02 20:53:15 - [MESSAGE][PASSED] - Tapped and held on element 'Object Repository/Mobile/Page/Portfolio/Detail Mutual Funds/Button - 5 Year' with duration 1

2022-03-02 20:53:15 - [TEST_STEP][PASSED] - break: null

2022-03-02 20:53:15 - [TEST_STEP][PASSED] - delay(3): Delayed 3 second(s)

2022-03-02 20:53:18 - [MESSAGE][PASSED] - Delayed 3 second(s)

2022-03-02 20:53:18 - [TEST_STEP][PASSED] - scroll.scroll.scrollScreenBottomToTop(): scroll.scroll.scrollScreenBottomToTop is PASSED

2022-03-02 20:53:19 - [MESSAGE][PASSED] - Current device physical height is 1423

2022-03-02 20:53:19 - [MESSAGE][PASSED] - Current device physical width is 720

2022-03-02 20:53:20 - [MESSAGE][PASSED] - Swiped from 360,1,138 to 360,284

2022-03-02 20:53:20 - [MESSAGE][PASSED] - scroll.scroll.scrollScreenBottomToTop is PASSED

2022-03-02 20:53:20 - [MESSAGE][PASSED] - Call Test Case 'Test Cases/Mobile/Page/Portfolio/Portfolio' successfully

2022-03-02 20:53:20 - [TEST_STEP][PASSED] - callTestCase(findTestCase("Mobile/Page/Run App/Terminate App"), [:], STOP_ON_FAILURE): Call Test Case 'Test Cases/Mobile/Page/Run App/Terminate App' successfully

2022-03-02 20:53:20 - [TEST_CASE][PASSED] - Test Cases/Mobile/Page/Run App/Terminate App: Test Cases/Mobile/Page/Run App/Terminate App

2022-03-02 20:53:20 - [TEST_STEP][PASSED] - startApp.OpenApp.terminateApplication(): startApp.OpenApp.terminateApplication is PASSED

2022-03-02 20:53:23 - [MESSAGE][PASSED] - Delayed 3 second(s)

2022-03-02 20:53:23 - [MESSAGE][PASSED] - Current device physical width is 720

2022-03-02 20:53:24 - [MESSAGE][PASSED] - Current device physical height is 1423

2022-03-02 20:53:25 - [MESSAGE][PASSED] - Swiped from 360,853 to 360,142

2022-03-02 20:53:26 - [MESSAGE][PASSED] - Delayed 1 second(s)

2022-03-02 20:53:27 - [MESSAGE][PASSED] - Swiped from 360,853 to 360,142

2022-03-02 20:53:30 - [MESSAGE][PASSED] - Delayed 3 second(s)

2022-03-02 20:53:30 - [MESSAGE][PASSED] - startApp.OpenApp.terminateApplication is PASSED

2022-03-02 20:53:30 - [MESSAGE][PASSED] - Call Test Case 'Test Cases/Mobile/Page/Run App/Terminate App' successfully]]></system-out>
         <system-err><![CDATA[]]></system-err>
      </testcase>
      <testcase name="Test Cases/Mobile/Scenario/Portfolio/019 - Melihat detail mutual fund 10 year" time="64.744" classname="Test Cases/Mobile/Scenario/Portfolio/019 - Melihat detail mutual fund 10 year" status="PASSED">
         <system-out><![CDATA[2022-03-02 20:53:30 - [TEST_CASE][PASSED] - Test Cases/Mobile/Scenario/Portfolio/019 - Melihat detail mutual fund 10 year: Test Cases/Mobile/Scenario/Portfolio/019 - Melihat detail mutual fund 10 year

2022-03-02 20:53:30 - [TEST_STEP][PASSED] - callTestCase(findTestCase("Mobile/Page/Run App/Run App byID"), [:], STOP_ON_FAILURE): Call Test Case 'Test Cases/Mobile/Page/Run App/Run App byID' successfully

2022-03-02 20:53:31 - [TEST_CASE][PASSED] - Test Cases/Mobile/Page/Run App/Run App byID: Test Cases/Mobile/Page/Run App/Run App byID

2022-03-02 20:53:31 - [TEST_STEP][PASSED] - startApp.OpenApp.startApplication("id.co.miraeasset.sageclub"): startApp.OpenApp.startApplication is PASSED

2022-03-02 20:53:43 - [MESSAGE][PASSED] - Starting app with application ID: 'id.co.miraeasset.sageclub'

2022-03-02 20:53:43 - [MESSAGE][PASSED] - startApp.OpenApp.startApplication is PASSED

2022-03-02 20:53:43 - [MESSAGE][PASSED] - Call Test Case 'Test Cases/Mobile/Page/Run App/Run App byID' successfully

2022-03-02 20:53:43 - [TEST_STEP][PASSED] - callTestCase(findTestCase("Mobile/Page/Portfolio/Portfolio"), ["tab":"mutualfund", "action2":"10 year"], CONTINUE_ON_FAILURE): Call Test Case 'Test Cases/Mobile/Page/Portfolio/Portfolio' successfully

2022-03-02 20:53:43 - [TEST_CASE][PASSED] - Test Cases/Mobile/Page/Portfolio/Portfolio: Test Cases/Mobile/Page/Portfolio/Portfolio

2022-03-02 20:53:43 - [TEST_STEP][PASSED] - callTestCase(findTestCase("Mobile/Page/CheckLogin"), [:], CONTINUE_ON_FAILURE): Call Test Case 'Test Cases/Mobile/Page/CheckLogin' successfully

2022-03-02 20:53:43 - [TEST_CASE][PASSED] - Test Cases/Mobile/Page/CheckLogin: Test Cases/Mobile/Page/CheckLogin

2022-03-02 20:53:43 - [TEST_STEP][PASSED] - loginCheck = verifyElementExist(LOGN_BtnLogin, 5, CONTINUE_ON_FAILURE): Element 'Object Repository/Mobile/Page/Login/Button - Login' is exist

2022-03-02 20:53:45 - [MESSAGE][PASSED] - Element 'Object Repository/Mobile/Page/Login/Button - Login' is exist

2022-03-02 20:53:45 - [TEST_STEP][PASSED] - if (loginCheck): Call Test Case 'Test Cases/Mobile/Page/Login/Login' successfully

2022-03-02 20:53:45 - [TEST_STEP][PASSED] - callTestCase(findTestCase("Mobile/Page/Login/Login"), ["action":"username"], CONTINUE_ON_FAILURE): Call Test Case 'Test Cases/Mobile/Page/Login/Login' successfully

2022-03-02 20:53:45 - [TEST_CASE][PASSED] - Test Cases/Mobile/Page/Login/Login: Test Cases/Mobile/Page/Login/Login

2022-03-02 20:53:45 - [TEST_STEP][PASSED] - delay(2): Delayed 2 second(s)

2022-03-02 20:53:47 - [MESSAGE][PASSED] - Delayed 2 second(s)

2022-03-02 20:53:47 - [TEST_STEP][PASSED] - for ([i = 0, i < 1, (i++)]): null

2022-03-02 20:53:47 - [TEST_STEP][PASSED] - if (action == "username"): null

2022-03-02 20:53:47 - [TEST_STEP][PASSED] - tap(LOGN_EdtUserID, 0): Tapped on element 'Object Repository/Mobile/Page/Login/Input - UserID'

2022-03-02 20:53:47 - [MESSAGE][WARNING] - Timeout '0' is invalid. Using default page load timeout: '60'

2022-03-02 20:53:48 - [MESSAGE][PASSED] - Tapped on element 'Object Repository/Mobile/Page/Login/Input - UserID'

2022-03-02 20:53:48 - [TEST_STEP][PASSED] - delay(1): Delayed 1 second(s)

2022-03-02 20:53:49 - [MESSAGE][PASSED] - Delayed 1 second(s)

2022-03-02 20:53:49 - [TEST_STEP][PASSED] - setText(LOGN_EdtRdyUserID, "anggaaditya", 0): Text 'anggaaditya' has been set to element 'Object Repository/Mobile/Page/Login/Input Rdy - UserID'

2022-03-02 20:53:49 - [MESSAGE][WARNING] - Timeout '0' is invalid. Using default page load timeout: '60'

2022-03-02 20:53:49 - [MESSAGE][PASSED] - Text 'anggaaditya' has been set to element 'Object Repository/Mobile/Page/Login/Input Rdy - UserID'

2022-03-02 20:53:49 - [TEST_STEP][PASSED] - delay(1): Delayed 1 second(s)

2022-03-02 20:53:50 - [MESSAGE][PASSED] - Delayed 1 second(s)

2022-03-02 20:53:50 - [TEST_STEP][PASSED] - hideKeyboard(): Keyboard is hidden

2022-03-02 20:53:54 - [MESSAGE][PASSED] - Keyboard is hidden

2022-03-02 20:53:54 - [TEST_STEP][PASSED] - tap(LOGN_EdtPassword, 0): Tapped on element 'Object Repository/Mobile/Page/Login/Input - Password'

2022-03-02 20:53:54 - [MESSAGE][WARNING] - Timeout '0' is invalid. Using default page load timeout: '60'

2022-03-02 20:53:55 - [MESSAGE][PASSED] - Tapped on element 'Object Repository/Mobile/Page/Login/Input - Password'

2022-03-02 20:53:55 - [TEST_STEP][PASSED] - delay(1): Delayed 1 second(s)

2022-03-02 20:53:56 - [MESSAGE][PASSED] - Delayed 1 second(s)

2022-03-02 20:53:56 - [TEST_STEP][PASSED] - setText(LOGN_EdtRdyPassword, "Shalawa18", 0): Text 'Shalawa18' has been set to element 'Object Repository/Mobile/Page/Login/Input Rdy - Password'

2022-03-02 20:53:56 - [MESSAGE][WARNING] - Timeout '0' is invalid. Using default page load timeout: '60'

2022-03-02 20:53:57 - [MESSAGE][PASSED] - Text 'Shalawa18' has been set to element 'Object Repository/Mobile/Page/Login/Input Rdy - Password'

2022-03-02 20:53:57 - [TEST_STEP][PASSED] - delay(1): Delayed 1 second(s)

2022-03-02 20:53:58 - [MESSAGE][PASSED] - Delayed 1 second(s)

2022-03-02 20:53:58 - [TEST_STEP][PASSED] - hideKeyboard(): Keyboard is hidden

2022-03-02 20:54:04 - [MESSAGE][PASSED] - Keyboard is hidden

2022-03-02 20:54:04 - [TEST_STEP][PASSED] - tap(LOGN_BtnLogin, 0): Tapped on element 'Object Repository/Mobile/Page/Login/Button - Login'

2022-03-02 20:54:04 - [MESSAGE][WARNING] - Timeout '0' is invalid. Using default page load timeout: '60'

2022-03-02 20:54:05 - [MESSAGE][PASSED] - Tapped on element 'Object Repository/Mobile/Page/Login/Button - Login'

2022-03-02 20:54:05 - [TEST_STEP][PASSED] - delay(2): Delayed 2 second(s)

2022-03-02 20:54:07 - [MESSAGE][PASSED] - Delayed 2 second(s)

2022-03-02 20:54:07 - [TEST_STEP][PASSED] - break: null

2022-03-02 20:54:07 - [MESSAGE][PASSED] - Call Test Case 'Test Cases/Mobile/Page/Login/Login' successfully

2022-03-02 20:54:07 - [MESSAGE][PASSED] - Call Test Case 'Test Cases/Mobile/Page/CheckLogin' successfully

2022-03-02 20:54:07 - [TEST_STEP][PASSED] - tap(HOME_MenubarPortfolio, 0): Tapped on element 'Object Repository/Mobile/Page/Home/Menubar - Portfolio'

2022-03-02 20:54:07 - [MESSAGE][WARNING] - Timeout '0' is invalid. Using default page load timeout: '60'

2022-03-02 20:54:09 - [MESSAGE][PASSED] - Tapped on element 'Object Repository/Mobile/Page/Home/Menubar - Portfolio'

2022-03-02 20:54:09 - [TEST_STEP][PASSED] - delay(1): Delayed 1 second(s)

2022-03-02 20:54:10 - [MESSAGE][PASSED] - Delayed 1 second(s)

2022-03-02 20:54:10 - [TEST_STEP][PASSED] - for ([i = 0, i < 1, (i++)]): scroll.scroll.scrollScreenBottomToTop is PASSED

2022-03-02 20:54:10 - [TEST_STEP][PASSED] - if (tab == "summary"): null

2022-03-02 20:54:10 - [TEST_STEP][PASSED] - else if (tab == "stock"): null

2022-03-02 20:54:10 - [TEST_STEP][PASSED] - else if (tab == "mutualfund"): scroll.scroll.scrollScreenBottomToTop is PASSED

2022-03-02 20:54:10 - [TEST_STEP][PASSED] - tap(PORT_TabMutualFund, 0): Tapped on element 'Object Repository/Mobile/Page/Portfolio/Tab - Mutual Fund'

2022-03-02 20:54:10 - [MESSAGE][WARNING] - Timeout '0' is invalid. Using default page load timeout: '60'

2022-03-02 20:54:11 - [MESSAGE][PASSED] - Tapped on element 'Object Repository/Mobile/Page/Portfolio/Tab - Mutual Fund'

2022-03-02 20:54:11 - [TEST_STEP][PASSED] - delay(1): Delayed 1 second(s)

2022-03-02 20:54:12 - [MESSAGE][PASSED] - Delayed 1 second(s)

2022-03-02 20:54:12 - [TEST_STEP][PASSED] - try: scroll.scroll.scrollScreenBottomToTop is PASSED

2022-03-02 20:54:12 - [TEST_STEP][PASSED] - tapAndHold(PORT_ItemTopMutualFund, 1, 10): Tapped and held on element 'Object Repository/Mobile/Page/Portfolio/Item - Top Mutual Fund' with duration 1

2022-03-02 20:54:15 - [MESSAGE][PASSED] - Tapped and held on element 'Object Repository/Mobile/Page/Portfolio/Item - Top Mutual Fund' with duration 1

2022-03-02 20:54:15 - [TEST_STEP][PASSED] - delay(2): Delayed 2 second(s)

2022-03-02 20:54:17 - [MESSAGE][PASSED] - Delayed 2 second(s)

2022-03-02 20:54:17 - [TEST_STEP][PASSED] - switch (action2): null

2022-03-02 20:54:17 - [TEST_STEP][PASSED] - case "10 year":: null

2022-03-02 20:54:17 - [TEST_STEP][PASSED] - tapAndHold(PORT_DETL_Btn10Year, 1, 0): Tapped and held on element 'Object Repository/Mobile/Page/Portfolio/Detail Mutual Funds/Button - 10 Year' with duration 1

2022-03-02 20:54:17 - [MESSAGE][WARNING] - Timeout '0' is invalid. Using default page load timeout: '60'

2022-03-02 20:54:20 - [MESSAGE][PASSED] - Tapped and held on element 'Object Repository/Mobile/Page/Portfolio/Detail Mutual Funds/Button - 10 Year' with duration 1

2022-03-02 20:54:20 - [TEST_STEP][PASSED] - break: null

2022-03-02 20:54:20 - [TEST_STEP][PASSED] - delay(3): Delayed 3 second(s)

2022-03-02 20:54:23 - [MESSAGE][PASSED] - Delayed 3 second(s)

2022-03-02 20:54:23 - [TEST_STEP][PASSED] - scroll.scroll.scrollScreenBottomToTop(): scroll.scroll.scrollScreenBottomToTop is PASSED

2022-03-02 20:54:23 - [MESSAGE][PASSED] - Current device physical height is 1423

2022-03-02 20:54:24 - [MESSAGE][PASSED] - Current device physical width is 720

2022-03-02 20:54:25 - [MESSAGE][PASSED] - Swiped from 360,1,138 to 360,284

2022-03-02 20:54:25 - [MESSAGE][PASSED] - scroll.scroll.scrollScreenBottomToTop is PASSED

2022-03-02 20:54:25 - [MESSAGE][PASSED] - Call Test Case 'Test Cases/Mobile/Page/Portfolio/Portfolio' successfully

2022-03-02 20:54:25 - [TEST_STEP][PASSED] - callTestCase(findTestCase("Mobile/Page/Run App/Terminate App"), [:], STOP_ON_FAILURE): Call Test Case 'Test Cases/Mobile/Page/Run App/Terminate App' successfully

2022-03-02 20:54:25 - [TEST_CASE][PASSED] - Test Cases/Mobile/Page/Run App/Terminate App: Test Cases/Mobile/Page/Run App/Terminate App

2022-03-02 20:54:25 - [TEST_STEP][PASSED] - startApp.OpenApp.terminateApplication(): startApp.OpenApp.terminateApplication is PASSED

2022-03-02 20:54:28 - [MESSAGE][PASSED] - Delayed 3 second(s)

2022-03-02 20:54:28 - [MESSAGE][PASSED] - Current device physical width is 720

2022-03-02 20:54:28 - [MESSAGE][PASSED] - Current device physical height is 1423

2022-03-02 20:54:30 - [MESSAGE][PASSED] - Swiped from 360,853 to 360,142

2022-03-02 20:54:31 - [MESSAGE][PASSED] - Delayed 1 second(s)

2022-03-02 20:54:32 - [MESSAGE][PASSED] - Swiped from 360,853 to 360,142

2022-03-02 20:54:35 - [MESSAGE][PASSED] - Delayed 3 second(s)

2022-03-02 20:54:35 - [MESSAGE][PASSED] - startApp.OpenApp.terminateApplication is PASSED

2022-03-02 20:54:35 - [MESSAGE][PASSED] - Call Test Case 'Test Cases/Mobile/Page/Run App/Terminate App' successfully]]></system-out>
         <system-err><![CDATA[]]></system-err>
      </testcase>
      <system-out><![CDATA[2022-03-02 20:34:15 - [TEST_SUITE][PASSED] - portfolio: Test Cases/Mobile/Scenario/Portfolio/019 - Melihat detail mutual fund 10 year]]></system-out>
      <system-err><![CDATA[]]></system-err>
   </testsuite>
</testsuites>
