<?xml version="1.0" encoding="UTF-8"?>
<testsuites name="analysis" time="518.684" tests="7" failures="0" skips="0" errors="0">
   <testsuite name="analysis" tests="7" failures="0" errors="0" time="518.684" skips="0" timestamp="2022-01-06 09:17:19" hostname="Owner - aldy-tft" id="Test Suites/analysis">
      <properties>
         <property name="deviceName" value="samsung SM-A205F (Android 11)"/>
         <property name="devicePlatform" value=""/>
         <property name="logFolder" value="C:\\Users\\Owner\\Documents\\kerjaan\\KatalonProject\\qa_katalon_pwm\\qa_katalon_pwm\\Reports\\20220106_091711\\analysis\\20220106_091711"/>
         <property name="logFiles" value="C:\\Users\\Owner\\Documents\\kerjaan\\KatalonProject\\qa_katalon_pwm\\qa_katalon_pwm\\Reports\\20220106_091711\\analysis\\20220106_091711\\appium.log, C:\\Users\\Owner\\Documents\\kerjaan\\KatalonProject\\qa_katalon_pwm\\qa_katalon_pwm\\Reports\\20220106_091711\\analysis\\20220106_091711\\execution0.log"/>
         <property name="attachments" value=""/>
         <property name="hostName" value="Owner - aldy-tft"/>
         <property name="os" value="Windows 10 64bit"/>
         <property name="appiumServerStatus" value="{&quot;value&quot;:{&quot;build&quot;:{&quot;version&quot;:&quot;1.22.0&quot;}},&quot;sessionId&quot;:null,&quot;status&quot;:0}"/>
         <property name="katalonVersion" value="7.9.1.208"/>
         <property name="deviceOS" value="Android"/>
         <property name="appiumVersion" value="1.22.0"/>
         <property name="deviceModel" value="SM-A205F"/>
         <property name="hostAddress" value="10.0.30.68"/>
         <property name="deviceManufacturer" value="samsung"/>
         <property name="deviceId" value="RR8M40C9AXE"/>
         <property name="deviceName" value="samsung SM-A205F (Android 11)"/>
         <property name="deviceOSVersion" value="11"/>
      </properties>
      <testcase name="Test Cases/Mobile/Scenario/Analysis/001 - Melihat list stock technical analysis" time="119.714" classname="Test Cases/Mobile/Scenario/Analysis/001 - Melihat list stock technical analysis" status="PASSED">
         <system-out><![CDATA[2022-01-06 09:17:20 - [TEST_CASE][PASSED] - Test Cases/Mobile/Scenario/Analysis/001 - Melihat list stock technical analysis: Test Cases/Mobile/Scenario/Analysis/001 - Melihat list stock technical analysis

2022-01-06 09:17:21 - [TEST_STEP][PASSED] - callTestCase(findTestCase("Mobile/Page/Run App/Run App byID"), [:], STOP_ON_FAILURE): Call Test Case 'Test Cases/Mobile/Page/Run App/Run App byID' successfully

2022-01-06 09:17:21 - [TEST_CASE][PASSED] - Test Cases/Mobile/Page/Run App/Run App byID: Test Cases/Mobile/Page/Run App/Run App byID

2022-01-06 09:17:22 - [TEST_STEP][PASSED] - startApp.OpenApp.startApplication("id.co.miraeasset.sageclub"): startApp.OpenApp.startApplication is PASSED

2022-01-06 09:17:24 - [MESSAGE][INFO] - Appium server started on port 55,185

2022-01-06 09:17:42 - [MESSAGE][PASSED] - Starting app with application ID: 'id.co.miraeasset.sageclub'

2022-01-06 09:17:42 - [MESSAGE][PASSED] - startApp.OpenApp.startApplication is PASSED

2022-01-06 09:17:42 - [MESSAGE][PASSED] - Call Test Case 'Test Cases/Mobile/Page/Run App/Run App byID' successfully

2022-01-06 09:17:42 - [TEST_STEP][PASSED] - callTestCase(findTestCase("Mobile/Page/Analysis/Analysis"), ["action":"technicalsearch"], CONTINUE_ON_FAILURE): Call Test Case 'Test Cases/Mobile/Page/Analysis/Analysis' successfully

2022-01-06 09:17:42 - [TEST_CASE][PASSED] - Test Cases/Mobile/Page/Analysis/Analysis: Test Cases/Mobile/Page/Analysis/Analysis

2022-01-06 09:17:42 - [TEST_STEP][PASSED] - callTestCase(findTestCase("Mobile/Page/CheckLogin"), [:], CONTINUE_ON_FAILURE): Call Test Case 'Test Cases/Mobile/Page/CheckLogin' successfully

2022-01-06 09:17:43 - [TEST_CASE][PASSED] - Test Cases/Mobile/Page/CheckLogin: Test Cases/Mobile/Page/CheckLogin

2022-01-06 09:17:43 - [TEST_STEP][PASSED] - loginCheck = verifyElementExist(LOGN_BtnLogin, 5, CONTINUE_ON_FAILURE): Element 'Object Repository/Mobile/Page/Login/Button - Login' is exist

2022-01-06 09:18:20 - [MESSAGE][PASSED] - Element 'Object Repository/Mobile/Page/Login/Button - Login' is exist

2022-01-06 09:18:20 - [TEST_STEP][PASSED] - if (loginCheck): Call Test Case 'Test Cases/Mobile/Page/Login/Login' successfully

2022-01-06 09:18:20 - [TEST_STEP][PASSED] - callTestCase(findTestCase("Mobile/Page/Login/Login"), ["action":"username"], CONTINUE_ON_FAILURE): Call Test Case 'Test Cases/Mobile/Page/Login/Login' successfully

2022-01-06 09:18:20 - [TEST_CASE][PASSED] - Test Cases/Mobile/Page/Login/Login: Test Cases/Mobile/Page/Login/Login

2022-01-06 09:18:20 - [TEST_STEP][PASSED] - delay(2): Delayed 2 second(s)

2022-01-06 09:18:22 - [MESSAGE][PASSED] - Delayed 2 second(s)

2022-01-06 09:18:22 - [TEST_STEP][PASSED] - for ([i = 0, i < 1, (i++)]): null

2022-01-06 09:18:22 - [TEST_STEP][PASSED] - if (action == "username"): null

2022-01-06 09:18:22 - [TEST_STEP][PASSED] - tap(LOGN_EdtUserID, 0): Tapped on element 'Object Repository/Mobile/Page/Login/Input - UserID'

2022-01-06 09:18:22 - [MESSAGE][WARNING] - Timeout '0' is invalid. Using default page load timeout: '60'

2022-01-06 09:18:23 - [MESSAGE][PASSED] - Tapped on element 'Object Repository/Mobile/Page/Login/Input - UserID'

2022-01-06 09:18:23 - [TEST_STEP][PASSED] - delay(1): Delayed 1 second(s)

2022-01-06 09:18:24 - [MESSAGE][PASSED] - Delayed 1 second(s)

2022-01-06 09:18:24 - [TEST_STEP][PASSED] - setText(LOGN_EdtRdyUserID, "anggaaditya", 0): Text 'anggaaditya' has been set to element 'Object Repository/Mobile/Page/Login/Input Rdy - UserID'

2022-01-06 09:18:24 - [MESSAGE][WARNING] - Timeout '0' is invalid. Using default page load timeout: '60'

2022-01-06 09:18:25 - [MESSAGE][PASSED] - Text 'anggaaditya' has been set to element 'Object Repository/Mobile/Page/Login/Input Rdy - UserID'

2022-01-06 09:18:25 - [TEST_STEP][PASSED] - delay(1): Delayed 1 second(s)

2022-01-06 09:18:26 - [MESSAGE][PASSED] - Delayed 1 second(s)

2022-01-06 09:18:26 - [TEST_STEP][PASSED] - hideKeyboard(): Keyboard is hidden

2022-01-06 09:18:30 - [MESSAGE][PASSED] - Keyboard is hidden

2022-01-06 09:18:30 - [TEST_STEP][PASSED] - tap(LOGN_EdtPassword, 0): Tapped on element 'Object Repository/Mobile/Page/Login/Input - Password'

2022-01-06 09:18:30 - [MESSAGE][WARNING] - Timeout '0' is invalid. Using default page load timeout: '60'

2022-01-06 09:18:31 - [MESSAGE][PASSED] - Tapped on element 'Object Repository/Mobile/Page/Login/Input - Password'

2022-01-06 09:18:31 - [TEST_STEP][PASSED] - delay(1): Delayed 1 second(s)

2022-01-06 09:18:32 - [MESSAGE][PASSED] - Delayed 1 second(s)

2022-01-06 09:18:32 - [TEST_STEP][PASSED] - setText(LOGN_EdtRdyPassword, "Shalawa18", 0): Text 'Shalawa18' has been set to element 'Object Repository/Mobile/Page/Login/Input Rdy - Password'

2022-01-06 09:18:32 - [MESSAGE][WARNING] - Timeout '0' is invalid. Using default page load timeout: '60'

2022-01-06 09:18:33 - [MESSAGE][PASSED] - Text 'Shalawa18' has been set to element 'Object Repository/Mobile/Page/Login/Input Rdy - Password'

2022-01-06 09:18:33 - [TEST_STEP][PASSED] - delay(1): Delayed 1 second(s)

2022-01-06 09:18:34 - [MESSAGE][PASSED] - Delayed 1 second(s)

2022-01-06 09:18:34 - [TEST_STEP][PASSED] - hideKeyboard(): Keyboard is hidden

2022-01-06 09:18:40 - [MESSAGE][PASSED] - Keyboard is hidden

2022-01-06 09:18:40 - [TEST_STEP][PASSED] - tap(LOGN_BtnLogin, 0): Tapped on element 'Object Repository/Mobile/Page/Login/Button - Login'

2022-01-06 09:18:40 - [MESSAGE][WARNING] - Timeout '0' is invalid. Using default page load timeout: '60'

2022-01-06 09:18:41 - [MESSAGE][PASSED] - Tapped on element 'Object Repository/Mobile/Page/Login/Button - Login'

2022-01-06 09:18:41 - [TEST_STEP][PASSED] - delay(2): Delayed 2 second(s)

2022-01-06 09:18:43 - [MESSAGE][PASSED] - Delayed 2 second(s)

2022-01-06 09:18:43 - [TEST_STEP][PASSED] - break: null

2022-01-06 09:18:43 - [MESSAGE][PASSED] - Call Test Case 'Test Cases/Mobile/Page/Login/Login' successfully

2022-01-06 09:18:43 - [MESSAGE][PASSED] - Call Test Case 'Test Cases/Mobile/Page/CheckLogin' successfully

2022-01-06 09:18:43 - [TEST_STEP][PASSED] - tap(HOME_MenubarAnalysis, 0): Tapped on element 'Object Repository/Mobile/Page/Home/Menubar - Analysis'

2022-01-06 09:18:43 - [MESSAGE][WARNING] - Timeout '0' is invalid. Using default page load timeout: '60'

2022-01-06 09:18:44 - [MESSAGE][PASSED] - Tapped on element 'Object Repository/Mobile/Page/Home/Menubar - Analysis'

2022-01-06 09:18:44 - [TEST_STEP][PASSED] - delay(1): Delayed 1 second(s)

2022-01-06 09:18:45 - [MESSAGE][PASSED] - Delayed 1 second(s)

2022-01-06 09:18:45 - [TEST_STEP][PASSED] - for ([i = 0, i < 1, (i++)]): Delayed 2 second(s)

2022-01-06 09:18:45 - [TEST_STEP][PASSED] - if (action == "technicalsearch"): Delayed 2 second(s)

2022-01-06 09:18:45 - [TEST_STEP][PASSED] - tap(ANAL_DropTechIndicator, 0): Tapped on element 'Object Repository/Mobile/Page/Analysis/Dropdown - Technical Indicator'

2022-01-06 09:18:45 - [MESSAGE][WARNING] - Timeout '0' is invalid. Using default page load timeout: '60'

2022-01-06 09:18:47 - [MESSAGE][PASSED] - Tapped on element 'Object Repository/Mobile/Page/Analysis/Dropdown - Technical Indicator'

2022-01-06 09:18:47 - [TEST_STEP][PASSED] - delay(1): Delayed 1 second(s)

2022-01-06 09:18:48 - [MESSAGE][PASSED] - Delayed 1 second(s)

2022-01-06 09:18:48 - [TEST_STEP][PASSED] - tap(ANAL_OptTechIndicatorAll, 0): Tapped on element 'Object Repository/Mobile/Page/Analysis/Option Technical Indicator - All'

2022-01-06 09:18:48 - [MESSAGE][WARNING] - Timeout '0' is invalid. Using default page load timeout: '60'

2022-01-06 09:18:49 - [MESSAGE][PASSED] - Tapped on element 'Object Repository/Mobile/Page/Analysis/Option Technical Indicator - All'

2022-01-06 09:18:49 - [TEST_STEP][PASSED] - delay(1): Delayed 1 second(s)

2022-01-06 09:18:50 - [MESSAGE][PASSED] - Delayed 1 second(s)

2022-01-06 09:18:50 - [TEST_STEP][PASSED] - tap(ANAL_DropMarketCap, 0): Tapped on element 'Object Repository/Mobile/Page/Analysis/Dropdown - Market Cap'

2022-01-06 09:18:50 - [MESSAGE][WARNING] - Timeout '0' is invalid. Using default page load timeout: '60'

2022-01-06 09:18:50 - [MESSAGE][PASSED] - Tapped on element 'Object Repository/Mobile/Page/Analysis/Dropdown - Market Cap'

2022-01-06 09:18:50 - [TEST_STEP][PASSED] - delay(1): Delayed 1 second(s)

2022-01-06 09:18:51 - [MESSAGE][PASSED] - Delayed 1 second(s)

2022-01-06 09:18:51 - [TEST_STEP][PASSED] - tap(ANAL_OptMarketCap1T, 0): Tapped on element 'Object Repository/Mobile/Page/Analysis/Option Market Cap - 1 Trillion'

2022-01-06 09:18:51 - [MESSAGE][WARNING] - Timeout '0' is invalid. Using default page load timeout: '60'

2022-01-06 09:18:53 - [MESSAGE][PASSED] - Tapped on element 'Object Repository/Mobile/Page/Analysis/Option Market Cap - 1 Trillion'

2022-01-06 09:18:53 - [TEST_STEP][PASSED] - delay(1): Delayed 1 second(s)

2022-01-06 09:18:54 - [MESSAGE][PASSED] - Delayed 1 second(s)

2022-01-06 09:18:54 - [TEST_STEP][PASSED] - tap(ANAL_DropTransaction, 0): Tapped on element 'Object Repository/Mobile/Page/Analysis/Dropdown - Transaction'

2022-01-06 09:18:54 - [MESSAGE][WARNING] - Timeout '0' is invalid. Using default page load timeout: '60'

2022-01-06 09:18:55 - [MESSAGE][PASSED] - Tapped on element 'Object Repository/Mobile/Page/Analysis/Dropdown - Transaction'

2022-01-06 09:18:55 - [TEST_STEP][PASSED] - delay(1): Delayed 1 second(s)

2022-01-06 09:18:56 - [MESSAGE][PASSED] - Delayed 1 second(s)

2022-01-06 09:18:56 - [TEST_STEP][PASSED] - tap(ANAL_OptTransaction1B, 0): Tapped on element 'Object Repository/Mobile/Page/Analysis/Option Transaction - 1 Billion'

2022-01-06 09:18:56 - [MESSAGE][WARNING] - Timeout '0' is invalid. Using default page load timeout: '60'

2022-01-06 09:18:57 - [MESSAGE][PASSED] - Tapped on element 'Object Repository/Mobile/Page/Analysis/Option Transaction - 1 Billion'

2022-01-06 09:18:57 - [TEST_STEP][PASSED] - delay(1): Delayed 1 second(s)

2022-01-06 09:18:58 - [MESSAGE][PASSED] - Delayed 1 second(s)

2022-01-06 09:18:58 - [TEST_STEP][PASSED] - tap(ANAL_DropTimeFrame, 0): Tapped on element 'Object Repository/Mobile/Page/Analysis/Dropdown - Time Frame'

2022-01-06 09:18:58 - [MESSAGE][WARNING] - Timeout '0' is invalid. Using default page load timeout: '60'

2022-01-06 09:18:59 - [MESSAGE][PASSED] - Tapped on element 'Object Repository/Mobile/Page/Analysis/Dropdown - Time Frame'

2022-01-06 09:18:59 - [TEST_STEP][PASSED] - delay(1): Delayed 1 second(s)

2022-01-06 09:19:00 - [MESSAGE][PASSED] - Delayed 1 second(s)

2022-01-06 09:19:00 - [TEST_STEP][PASSED] - tap(ANAL_OptTimeFrameDaily, 0): Tapped on element 'Object Repository/Mobile/Page/Analysis/Option Time Frame - Daily'

2022-01-06 09:19:00 - [MESSAGE][WARNING] - Timeout '0' is invalid. Using default page load timeout: '60'

2022-01-06 09:19:02 - [MESSAGE][PASSED] - Tapped on element 'Object Repository/Mobile/Page/Analysis/Option Time Frame - Daily'

2022-01-06 09:19:02 - [TEST_STEP][PASSED] - delay(1): Delayed 1 second(s)

2022-01-06 09:19:03 - [MESSAGE][PASSED] - Delayed 1 second(s)

2022-01-06 09:19:03 - [TEST_STEP][PASSED] - tap(ANAL_DropIndex, 0): Tapped on element 'Object Repository/Mobile/Page/Analysis/Dropdown - Index'

2022-01-06 09:19:03 - [MESSAGE][WARNING] - Timeout '0' is invalid. Using default page load timeout: '60'

2022-01-06 09:19:04 - [MESSAGE][PASSED] - Tapped on element 'Object Repository/Mobile/Page/Analysis/Dropdown - Index'

2022-01-06 09:19:04 - [TEST_STEP][PASSED] - delay(1): Delayed 1 second(s)

2022-01-06 09:19:05 - [MESSAGE][PASSED] - Delayed 1 second(s)

2022-01-06 09:19:05 - [TEST_STEP][PASSED] - tap(ANAL_OptIndexIdx30, 0): Tapped on element 'Object Repository/Mobile/Page/Analysis/Option Index - Idx30'

2022-01-06 09:19:05 - [MESSAGE][WARNING] - Timeout '0' is invalid. Using default page load timeout: '60'

2022-01-06 09:19:06 - [MESSAGE][PASSED] - Tapped on element 'Object Repository/Mobile/Page/Analysis/Option Index - Idx30'

2022-01-06 09:19:06 - [TEST_STEP][PASSED] - delay(2): Delayed 2 second(s)

2022-01-06 09:19:08 - [MESSAGE][PASSED] - Delayed 2 second(s)

2022-01-06 09:19:08 - [MESSAGE][PASSED] - Call Test Case 'Test Cases/Mobile/Page/Analysis/Analysis' successfully

2022-01-06 09:19:08 - [TEST_STEP][PASSED] - callTestCase(findTestCase("Mobile/Page/Run App/Terminate App"), [:], STOP_ON_FAILURE): Call Test Case 'Test Cases/Mobile/Page/Run App/Terminate App' successfully

2022-01-06 09:19:08 - [TEST_CASE][PASSED] - Test Cases/Mobile/Page/Run App/Terminate App: Test Cases/Mobile/Page/Run App/Terminate App

2022-01-06 09:19:09 - [TEST_STEP][PASSED] - startApp.OpenApp.terminateApplication(): startApp.OpenApp.terminateApplication is PASSED

2022-01-06 09:19:12 - [MESSAGE][PASSED] - Delayed 3 second(s)

2022-01-06 09:19:12 - [MESSAGE][PASSED] - Current device physical width is 720

2022-01-06 09:19:13 - [MESSAGE][PASSED] - Current device physical height is 1423

2022-01-06 09:19:14 - [MESSAGE][PASSED] - Swiped from 360,853 to 360,142

2022-01-06 09:19:15 - [MESSAGE][PASSED] - Delayed 1 second(s)

2022-01-06 09:19:16 - [MESSAGE][PASSED] - Swiped from 360,853 to 360,142

2022-01-06 09:19:19 - [MESSAGE][PASSED] - Delayed 3 second(s)

2022-01-06 09:19:19 - [MESSAGE][PASSED] - startApp.OpenApp.terminateApplication is PASSED

2022-01-06 09:19:19 - [MESSAGE][PASSED] - Call Test Case 'Test Cases/Mobile/Page/Run App/Terminate App' successfully]]></system-out>
         <system-err><![CDATA[]]></system-err>
      </testcase>
      <testcase name="Test Cases/Mobile/Scenario/Analysis/002 - Melihat detail stock kategori day" time="69.112" classname="Test Cases/Mobile/Scenario/Analysis/002 - Melihat detail stock kategori day" status="PASSED">
         <system-out><![CDATA[2022-01-06 09:19:19 - [TEST_CASE][PASSED] - Test Cases/Mobile/Scenario/Analysis/002 - Melihat detail stock kategori day: Test Cases/Mobile/Scenario/Analysis/002 - Melihat detail stock kategori day

2022-01-06 09:19:20 - [TEST_STEP][PASSED] - callTestCase(findTestCase("Mobile/Page/Run App/Run App byID"), [:], STOP_ON_FAILURE): Call Test Case 'Test Cases/Mobile/Page/Run App/Run App byID' successfully

2022-01-06 09:19:20 - [TEST_CASE][PASSED] - Test Cases/Mobile/Page/Run App/Run App byID: Test Cases/Mobile/Page/Run App/Run App byID

2022-01-06 09:19:20 - [TEST_STEP][PASSED] - startApp.OpenApp.startApplication("id.co.miraeasset.sageclub"): startApp.OpenApp.startApplication is PASSED

2022-01-06 09:19:33 - [MESSAGE][PASSED] - Starting app with application ID: 'id.co.miraeasset.sageclub'

2022-01-06 09:19:33 - [MESSAGE][PASSED] - startApp.OpenApp.startApplication is PASSED

2022-01-06 09:19:33 - [MESSAGE][PASSED] - Call Test Case 'Test Cases/Mobile/Page/Run App/Run App byID' successfully

2022-01-06 09:19:33 - [TEST_STEP][PASSED] - callTestCase(findTestCase("Mobile/Page/Analysis/Analysis"), ["action":"technicaldetail", "action2":"day"], CONTINUE_ON_FAILURE): Call Test Case 'Test Cases/Mobile/Page/Analysis/Analysis' successfully

2022-01-06 09:19:33 - [TEST_CASE][PASSED] - Test Cases/Mobile/Page/Analysis/Analysis: Test Cases/Mobile/Page/Analysis/Analysis

2022-01-06 09:19:33 - [TEST_STEP][PASSED] - callTestCase(findTestCase("Mobile/Page/CheckLogin"), [:], CONTINUE_ON_FAILURE): Call Test Case 'Test Cases/Mobile/Page/CheckLogin' successfully

2022-01-06 09:19:34 - [TEST_CASE][PASSED] - Test Cases/Mobile/Page/CheckLogin: Test Cases/Mobile/Page/CheckLogin

2022-01-06 09:19:34 - [TEST_STEP][PASSED] - loginCheck = verifyElementExist(LOGN_BtnLogin, 5, CONTINUE_ON_FAILURE): Element 'Object Repository/Mobile/Page/Login/Button - Login' is exist

2022-01-06 09:19:36 - [MESSAGE][PASSED] - Element 'Object Repository/Mobile/Page/Login/Button - Login' is exist

2022-01-06 09:19:36 - [TEST_STEP][PASSED] - if (loginCheck): Call Test Case 'Test Cases/Mobile/Page/Login/Login' successfully

2022-01-06 09:19:36 - [TEST_STEP][PASSED] - callTestCase(findTestCase("Mobile/Page/Login/Login"), ["action":"username"], CONTINUE_ON_FAILURE): Call Test Case 'Test Cases/Mobile/Page/Login/Login' successfully

2022-01-06 09:19:36 - [TEST_CASE][PASSED] - Test Cases/Mobile/Page/Login/Login: Test Cases/Mobile/Page/Login/Login

2022-01-06 09:19:36 - [TEST_STEP][PASSED] - delay(2): Delayed 2 second(s)

2022-01-06 09:19:38 - [MESSAGE][PASSED] - Delayed 2 second(s)

2022-01-06 09:19:38 - [TEST_STEP][PASSED] - for ([i = 0, i < 1, (i++)]): null

2022-01-06 09:19:38 - [TEST_STEP][PASSED] - if (action == "username"): null

2022-01-06 09:19:38 - [TEST_STEP][PASSED] - tap(LOGN_EdtUserID, 0): Tapped on element 'Object Repository/Mobile/Page/Login/Input - UserID'

2022-01-06 09:19:38 - [MESSAGE][WARNING] - Timeout '0' is invalid. Using default page load timeout: '60'

2022-01-06 09:19:38 - [MESSAGE][PASSED] - Tapped on element 'Object Repository/Mobile/Page/Login/Input - UserID'

2022-01-06 09:19:38 - [TEST_STEP][PASSED] - delay(1): Delayed 1 second(s)

2022-01-06 09:19:39 - [MESSAGE][PASSED] - Delayed 1 second(s)

2022-01-06 09:19:39 - [TEST_STEP][PASSED] - setText(LOGN_EdtRdyUserID, "anggaaditya", 0): Text 'anggaaditya' has been set to element 'Object Repository/Mobile/Page/Login/Input Rdy - UserID'

2022-01-06 09:19:39 - [MESSAGE][WARNING] - Timeout '0' is invalid. Using default page load timeout: '60'

2022-01-06 09:19:40 - [MESSAGE][PASSED] - Text 'anggaaditya' has been set to element 'Object Repository/Mobile/Page/Login/Input Rdy - UserID'

2022-01-06 09:19:40 - [TEST_STEP][PASSED] - delay(1): Delayed 1 second(s)

2022-01-06 09:19:41 - [MESSAGE][PASSED] - Delayed 1 second(s)

2022-01-06 09:19:41 - [TEST_STEP][PASSED] - hideKeyboard(): Keyboard is hidden

2022-01-06 09:19:51 - [MESSAGE][PASSED] - Keyboard is hidden

2022-01-06 09:19:51 - [TEST_STEP][PASSED] - tap(LOGN_EdtPassword, 0): Tapped on element 'Object Repository/Mobile/Page/Login/Input - Password'

2022-01-06 09:19:51 - [MESSAGE][WARNING] - Timeout '0' is invalid. Using default page load timeout: '60'

2022-01-06 09:19:52 - [MESSAGE][PASSED] - Tapped on element 'Object Repository/Mobile/Page/Login/Input - Password'

2022-01-06 09:19:52 - [TEST_STEP][PASSED] - delay(1): Delayed 1 second(s)

2022-01-06 09:19:53 - [MESSAGE][PASSED] - Delayed 1 second(s)

2022-01-06 09:19:53 - [TEST_STEP][PASSED] - setText(LOGN_EdtRdyPassword, "Shalawa18", 0): Text 'Shalawa18' has been set to element 'Object Repository/Mobile/Page/Login/Input Rdy - Password'

2022-01-06 09:19:53 - [MESSAGE][WARNING] - Timeout '0' is invalid. Using default page load timeout: '60'

2022-01-06 09:19:54 - [MESSAGE][PASSED] - Text 'Shalawa18' has been set to element 'Object Repository/Mobile/Page/Login/Input Rdy - Password'

2022-01-06 09:19:54 - [TEST_STEP][PASSED] - delay(1): Delayed 1 second(s)

2022-01-06 09:19:55 - [MESSAGE][PASSED] - Delayed 1 second(s)

2022-01-06 09:19:55 - [TEST_STEP][PASSED] - hideKeyboard(): Keyboard is hidden

2022-01-06 09:20:05 - [MESSAGE][PASSED] - Keyboard is hidden

2022-01-06 09:20:05 - [TEST_STEP][PASSED] - tap(LOGN_BtnLogin, 0): Tapped on element 'Object Repository/Mobile/Page/Login/Button - Login'

2022-01-06 09:20:05 - [MESSAGE][WARNING] - Timeout '0' is invalid. Using default page load timeout: '60'

2022-01-06 09:20:05 - [MESSAGE][PASSED] - Tapped on element 'Object Repository/Mobile/Page/Login/Button - Login'

2022-01-06 09:20:05 - [TEST_STEP][PASSED] - delay(2): Delayed 2 second(s)

2022-01-06 09:20:07 - [MESSAGE][PASSED] - Delayed 2 second(s)

2022-01-06 09:20:07 - [TEST_STEP][PASSED] - break: null

2022-01-06 09:20:07 - [MESSAGE][PASSED] - Call Test Case 'Test Cases/Mobile/Page/Login/Login' successfully

2022-01-06 09:20:07 - [MESSAGE][PASSED] - Call Test Case 'Test Cases/Mobile/Page/CheckLogin' successfully

2022-01-06 09:20:07 - [TEST_STEP][PASSED] - tap(HOME_MenubarAnalysis, 0): Tapped on element 'Object Repository/Mobile/Page/Home/Menubar - Analysis'

2022-01-06 09:20:07 - [MESSAGE][WARNING] - Timeout '0' is invalid. Using default page load timeout: '60'

2022-01-06 09:20:09 - [MESSAGE][PASSED] - Tapped on element 'Object Repository/Mobile/Page/Home/Menubar - Analysis'

2022-01-06 09:20:09 - [TEST_STEP][PASSED] - delay(1): Delayed 1 second(s)

2022-01-06 09:20:10 - [MESSAGE][PASSED] - Delayed 1 second(s)

2022-01-06 09:20:10 - [TEST_STEP][PASSED] - for ([i = 0, i < 1, (i++)]): Delayed 2 second(s)

2022-01-06 09:20:10 - [TEST_STEP][PASSED] - if (action == "technicalsearch"): null

2022-01-06 09:20:10 - [TEST_STEP][PASSED] - else if (action == "technicaldetail"): Delayed 2 second(s)

2022-01-06 09:20:10 - [TEST_STEP][PASSED] - tap(ANAL_ItemTopResultTech, 0): Tapped on element 'Object Repository/Mobile/Page/Analysis/Item - Top Technical'

2022-01-06 09:20:10 - [MESSAGE][WARNING] - Timeout '0' is invalid. Using default page load timeout: '60'

2022-01-06 09:20:11 - [MESSAGE][PASSED] - Tapped on element 'Object Repository/Mobile/Page/Analysis/Item - Top Technical'

2022-01-06 09:20:11 - [TEST_STEP][PASSED] - delay(3): Delayed 3 second(s)

2022-01-06 09:20:14 - [MESSAGE][PASSED] - Delayed 3 second(s)

2022-01-06 09:20:14 - [TEST_STEP][PASSED] - switch (action2): null

2022-01-06 09:20:14 - [TEST_STEP][PASSED] - case "day":: null

2022-01-06 09:20:14 - [TEST_STEP][PASSED] - tap(ANAL_DETL_BtnD, 0): Tapped on element 'Object Repository/Mobile/Page/Analysis/Detail/Button - D'

2022-01-06 09:20:14 - [MESSAGE][WARNING] - Timeout '0' is invalid. Using default page load timeout: '60'

2022-01-06 09:20:16 - [MESSAGE][PASSED] - Tapped on element 'Object Repository/Mobile/Page/Analysis/Detail/Button - D'

2022-01-06 09:20:16 - [TEST_STEP][PASSED] - break: null

2022-01-06 09:20:16 - [TEST_STEP][PASSED] - delay(2): Delayed 2 second(s)

2022-01-06 09:20:18 - [MESSAGE][PASSED] - Delayed 2 second(s)

2022-01-06 09:20:18 - [MESSAGE][PASSED] - Call Test Case 'Test Cases/Mobile/Page/Analysis/Analysis' successfully

2022-01-06 09:20:18 - [TEST_STEP][PASSED] - callTestCase(findTestCase("Mobile/Page/Run App/Terminate App"), [:], STOP_ON_FAILURE): Call Test Case 'Test Cases/Mobile/Page/Run App/Terminate App' successfully

2022-01-06 09:20:18 - [TEST_CASE][PASSED] - Test Cases/Mobile/Page/Run App/Terminate App: Test Cases/Mobile/Page/Run App/Terminate App

2022-01-06 09:20:18 - [TEST_STEP][PASSED] - startApp.OpenApp.terminateApplication(): startApp.OpenApp.terminateApplication is PASSED

2022-01-06 09:20:21 - [MESSAGE][PASSED] - Delayed 3 second(s)

2022-01-06 09:20:21 - [MESSAGE][PASSED] - Current device physical width is 720

2022-01-06 09:20:22 - [MESSAGE][PASSED] - Current device physical height is 1423

2022-01-06 09:20:23 - [MESSAGE][PASSED] - Swiped from 360,853 to 360,142

2022-01-06 09:20:24 - [MESSAGE][PASSED] - Delayed 1 second(s)

2022-01-06 09:20:26 - [MESSAGE][PASSED] - Swiped from 360,853 to 360,142

2022-01-06 09:20:29 - [MESSAGE][PASSED] - Delayed 3 second(s)

2022-01-06 09:20:29 - [MESSAGE][PASSED] - startApp.OpenApp.terminateApplication is PASSED

2022-01-06 09:20:29 - [MESSAGE][PASSED] - Call Test Case 'Test Cases/Mobile/Page/Run App/Terminate App' successfully]]></system-out>
         <system-err><![CDATA[]]></system-err>
      </testcase>
      <testcase name="Test Cases/Mobile/Scenario/Analysis/003 - Melihat detail stock kategori week" time="72.406" classname="Test Cases/Mobile/Scenario/Analysis/003 - Melihat detail stock kategori week" status="PASSED">
         <system-out><![CDATA[2022-01-06 09:20:29 - [TEST_CASE][PASSED] - Test Cases/Mobile/Scenario/Analysis/003 - Melihat detail stock kategori week: Test Cases/Mobile/Scenario/Analysis/003 - Melihat detail stock kategori week

2022-01-06 09:20:29 - [TEST_STEP][PASSED] - callTestCase(findTestCase("Mobile/Page/Run App/Run App byID"), [:], STOP_ON_FAILURE): Call Test Case 'Test Cases/Mobile/Page/Run App/Run App byID' successfully

2022-01-06 09:20:29 - [TEST_CASE][PASSED] - Test Cases/Mobile/Page/Run App/Run App byID: Test Cases/Mobile/Page/Run App/Run App byID

2022-01-06 09:20:29 - [TEST_STEP][PASSED] - startApp.OpenApp.startApplication("id.co.miraeasset.sageclub"): startApp.OpenApp.startApplication is PASSED

2022-01-06 09:20:45 - [MESSAGE][PASSED] - Starting app with application ID: 'id.co.miraeasset.sageclub'

2022-01-06 09:20:45 - [MESSAGE][PASSED] - startApp.OpenApp.startApplication is PASSED

2022-01-06 09:20:45 - [MESSAGE][PASSED] - Call Test Case 'Test Cases/Mobile/Page/Run App/Run App byID' successfully

2022-01-06 09:20:45 - [TEST_STEP][PASSED] - callTestCase(findTestCase("Mobile/Page/Analysis/Analysis"), ["action":"technicaldetail", "action2":"week"], CONTINUE_ON_FAILURE): Call Test Case 'Test Cases/Mobile/Page/Analysis/Analysis' successfully

2022-01-06 09:20:45 - [TEST_CASE][PASSED] - Test Cases/Mobile/Page/Analysis/Analysis: Test Cases/Mobile/Page/Analysis/Analysis

2022-01-06 09:20:45 - [TEST_STEP][PASSED] - callTestCase(findTestCase("Mobile/Page/CheckLogin"), [:], CONTINUE_ON_FAILURE): Call Test Case 'Test Cases/Mobile/Page/CheckLogin' successfully

2022-01-06 09:20:46 - [TEST_CASE][PASSED] - Test Cases/Mobile/Page/CheckLogin: Test Cases/Mobile/Page/CheckLogin

2022-01-06 09:20:46 - [TEST_STEP][PASSED] - loginCheck = verifyElementExist(LOGN_BtnLogin, 5, CONTINUE_ON_FAILURE): Element 'Object Repository/Mobile/Page/Login/Button - Login' is exist

2022-01-06 09:20:48 - [MESSAGE][PASSED] - Element 'Object Repository/Mobile/Page/Login/Button - Login' is exist

2022-01-06 09:20:48 - [TEST_STEP][PASSED] - if (loginCheck): Call Test Case 'Test Cases/Mobile/Page/Login/Login' successfully

2022-01-06 09:20:48 - [TEST_STEP][PASSED] - callTestCase(findTestCase("Mobile/Page/Login/Login"), ["action":"username"], CONTINUE_ON_FAILURE): Call Test Case 'Test Cases/Mobile/Page/Login/Login' successfully

2022-01-06 09:20:48 - [TEST_CASE][PASSED] - Test Cases/Mobile/Page/Login/Login: Test Cases/Mobile/Page/Login/Login

2022-01-06 09:20:48 - [TEST_STEP][PASSED] - delay(2): Delayed 2 second(s)

2022-01-06 09:20:50 - [MESSAGE][PASSED] - Delayed 2 second(s)

2022-01-06 09:20:50 - [TEST_STEP][PASSED] - for ([i = 0, i < 1, (i++)]): null

2022-01-06 09:20:50 - [TEST_STEP][PASSED] - if (action == "username"): null

2022-01-06 09:20:50 - [TEST_STEP][PASSED] - tap(LOGN_EdtUserID, 0): Tapped on element 'Object Repository/Mobile/Page/Login/Input - UserID'

2022-01-06 09:20:50 - [MESSAGE][WARNING] - Timeout '0' is invalid. Using default page load timeout: '60'

2022-01-06 09:20:51 - [MESSAGE][PASSED] - Tapped on element 'Object Repository/Mobile/Page/Login/Input - UserID'

2022-01-06 09:20:51 - [TEST_STEP][PASSED] - delay(1): Delayed 1 second(s)

2022-01-06 09:20:52 - [MESSAGE][PASSED] - Delayed 1 second(s)

2022-01-06 09:20:52 - [TEST_STEP][PASSED] - setText(LOGN_EdtRdyUserID, "anggaaditya", 0): Text 'anggaaditya' has been set to element 'Object Repository/Mobile/Page/Login/Input Rdy - UserID'

2022-01-06 09:20:52 - [MESSAGE][WARNING] - Timeout '0' is invalid. Using default page load timeout: '60'

2022-01-06 09:20:53 - [MESSAGE][PASSED] - Text 'anggaaditya' has been set to element 'Object Repository/Mobile/Page/Login/Input Rdy - UserID'

2022-01-06 09:20:53 - [TEST_STEP][PASSED] - delay(1): Delayed 1 second(s)

2022-01-06 09:20:54 - [MESSAGE][PASSED] - Delayed 1 second(s)

2022-01-06 09:20:54 - [TEST_STEP][PASSED] - hideKeyboard(): Keyboard is hidden

2022-01-06 09:21:02 - [MESSAGE][PASSED] - Keyboard is hidden

2022-01-06 09:21:02 - [TEST_STEP][PASSED] - tap(LOGN_EdtPassword, 0): Tapped on element 'Object Repository/Mobile/Page/Login/Input - Password'

2022-01-06 09:21:02 - [MESSAGE][WARNING] - Timeout '0' is invalid. Using default page load timeout: '60'

2022-01-06 09:21:03 - [MESSAGE][PASSED] - Tapped on element 'Object Repository/Mobile/Page/Login/Input - Password'

2022-01-06 09:21:03 - [TEST_STEP][PASSED] - delay(1): Delayed 1 second(s)

2022-01-06 09:21:04 - [MESSAGE][PASSED] - Delayed 1 second(s)

2022-01-06 09:21:04 - [TEST_STEP][PASSED] - setText(LOGN_EdtRdyPassword, "Shalawa18", 0): Text 'Shalawa18' has been set to element 'Object Repository/Mobile/Page/Login/Input Rdy - Password'

2022-01-06 09:21:04 - [MESSAGE][WARNING] - Timeout '0' is invalid. Using default page load timeout: '60'

2022-01-06 09:21:05 - [MESSAGE][PASSED] - Text 'Shalawa18' has been set to element 'Object Repository/Mobile/Page/Login/Input Rdy - Password'

2022-01-06 09:21:05 - [TEST_STEP][PASSED] - delay(1): Delayed 1 second(s)

2022-01-06 09:21:06 - [MESSAGE][PASSED] - Delayed 1 second(s)

2022-01-06 09:21:06 - [TEST_STEP][PASSED] - hideKeyboard(): Keyboard is hidden

2022-01-06 09:21:17 - [MESSAGE][PASSED] - Keyboard is hidden

2022-01-06 09:21:17 - [TEST_STEP][PASSED] - tap(LOGN_BtnLogin, 0): Tapped on element 'Object Repository/Mobile/Page/Login/Button - Login'

2022-01-06 09:21:17 - [MESSAGE][WARNING] - Timeout '0' is invalid. Using default page load timeout: '60'

2022-01-06 09:21:17 - [MESSAGE][PASSED] - Tapped on element 'Object Repository/Mobile/Page/Login/Button - Login'

2022-01-06 09:21:17 - [TEST_STEP][PASSED] - delay(2): Delayed 2 second(s)

2022-01-06 09:21:19 - [MESSAGE][PASSED] - Delayed 2 second(s)

2022-01-06 09:21:19 - [TEST_STEP][PASSED] - break: null

2022-01-06 09:21:19 - [MESSAGE][PASSED] - Call Test Case 'Test Cases/Mobile/Page/Login/Login' successfully

2022-01-06 09:21:19 - [MESSAGE][PASSED] - Call Test Case 'Test Cases/Mobile/Page/CheckLogin' successfully

2022-01-06 09:21:19 - [TEST_STEP][PASSED] - tap(HOME_MenubarAnalysis, 0): Tapped on element 'Object Repository/Mobile/Page/Home/Menubar - Analysis'

2022-01-06 09:21:19 - [MESSAGE][WARNING] - Timeout '0' is invalid. Using default page load timeout: '60'

2022-01-06 09:21:22 - [MESSAGE][PASSED] - Tapped on element 'Object Repository/Mobile/Page/Home/Menubar - Analysis'

2022-01-06 09:21:22 - [TEST_STEP][PASSED] - delay(1): Delayed 1 second(s)

2022-01-06 09:21:23 - [MESSAGE][PASSED] - Delayed 1 second(s)

2022-01-06 09:21:23 - [TEST_STEP][PASSED] - for ([i = 0, i < 1, (i++)]): Delayed 2 second(s)

2022-01-06 09:21:23 - [TEST_STEP][PASSED] - if (action == "technicalsearch"): null

2022-01-06 09:21:23 - [TEST_STEP][PASSED] - else if (action == "technicaldetail"): Delayed 2 second(s)

2022-01-06 09:21:23 - [TEST_STEP][PASSED] - tap(ANAL_ItemTopResultTech, 0): Tapped on element 'Object Repository/Mobile/Page/Analysis/Item - Top Technical'

2022-01-06 09:21:23 - [MESSAGE][WARNING] - Timeout '0' is invalid. Using default page load timeout: '60'

2022-01-06 09:21:24 - [MESSAGE][PASSED] - Tapped on element 'Object Repository/Mobile/Page/Analysis/Item - Top Technical'

2022-01-06 09:21:24 - [TEST_STEP][PASSED] - delay(3): Delayed 3 second(s)

2022-01-06 09:21:27 - [MESSAGE][PASSED] - Delayed 3 second(s)

2022-01-06 09:21:27 - [TEST_STEP][PASSED] - switch (action2): null

2022-01-06 09:21:27 - [TEST_STEP][PASSED] - case "week":: null

2022-01-06 09:21:27 - [TEST_STEP][PASSED] - tap(ANAL_DETL_BtnW, 0): Tapped on element 'Object Repository/Mobile/Page/Analysis/Detail/Button - W'

2022-01-06 09:21:27 - [MESSAGE][WARNING] - Timeout '0' is invalid. Using default page load timeout: '60'

2022-01-06 09:21:28 - [MESSAGE][PASSED] - Tapped on element 'Object Repository/Mobile/Page/Analysis/Detail/Button - W'

2022-01-06 09:21:28 - [TEST_STEP][PASSED] - break: null

2022-01-06 09:21:28 - [TEST_STEP][PASSED] - delay(2): Delayed 2 second(s)

2022-01-06 09:21:30 - [MESSAGE][PASSED] - Delayed 2 second(s)

2022-01-06 09:21:30 - [MESSAGE][PASSED] - Call Test Case 'Test Cases/Mobile/Page/Analysis/Analysis' successfully

2022-01-06 09:21:30 - [TEST_STEP][PASSED] - callTestCase(findTestCase("Mobile/Page/Run App/Terminate App"), [:], STOP_ON_FAILURE): Call Test Case 'Test Cases/Mobile/Page/Run App/Terminate App' successfully

2022-01-06 09:21:30 - [TEST_CASE][PASSED] - Test Cases/Mobile/Page/Run App/Terminate App: Test Cases/Mobile/Page/Run App/Terminate App

2022-01-06 09:21:30 - [TEST_STEP][PASSED] - startApp.OpenApp.terminateApplication(): startApp.OpenApp.terminateApplication is PASSED

2022-01-06 09:21:34 - [MESSAGE][PASSED] - Delayed 3 second(s)

2022-01-06 09:21:34 - [MESSAGE][PASSED] - Current device physical width is 720

2022-01-06 09:21:34 - [MESSAGE][PASSED] - Current device physical height is 1423

2022-01-06 09:21:36 - [MESSAGE][PASSED] - Swiped from 360,853 to 360,142

2022-01-06 09:21:37 - [MESSAGE][PASSED] - Delayed 1 second(s)

2022-01-06 09:21:38 - [MESSAGE][PASSED] - Swiped from 360,853 to 360,142

2022-01-06 09:21:41 - [MESSAGE][PASSED] - Delayed 3 second(s)

2022-01-06 09:21:41 - [MESSAGE][PASSED] - startApp.OpenApp.terminateApplication is PASSED

2022-01-06 09:21:41 - [MESSAGE][PASSED] - Call Test Case 'Test Cases/Mobile/Page/Run App/Terminate App' successfully]]></system-out>
         <system-err><![CDATA[]]></system-err>
      </testcase>
      <testcase name="Test Cases/Mobile/Scenario/Analysis/004 - Melihat detail stock kategori month" time="65.176" classname="Test Cases/Mobile/Scenario/Analysis/004 - Melihat detail stock kategori month" status="PASSED">
         <system-out><![CDATA[2022-01-06 09:21:41 - [TEST_CASE][PASSED] - Test Cases/Mobile/Scenario/Analysis/004 - Melihat detail stock kategori month: Test Cases/Mobile/Scenario/Analysis/004 - Melihat detail stock kategori month

2022-01-06 09:21:42 - [TEST_STEP][PASSED] - callTestCase(findTestCase("Mobile/Page/Run App/Run App byID"), [:], STOP_ON_FAILURE): Call Test Case 'Test Cases/Mobile/Page/Run App/Run App byID' successfully

2022-01-06 09:21:42 - [TEST_CASE][PASSED] - Test Cases/Mobile/Page/Run App/Run App byID: Test Cases/Mobile/Page/Run App/Run App byID

2022-01-06 09:21:42 - [TEST_STEP][PASSED] - startApp.OpenApp.startApplication("id.co.miraeasset.sageclub"): startApp.OpenApp.startApplication is PASSED

2022-01-06 09:21:58 - [MESSAGE][PASSED] - Starting app with application ID: 'id.co.miraeasset.sageclub'

2022-01-06 09:21:58 - [MESSAGE][PASSED] - startApp.OpenApp.startApplication is PASSED

2022-01-06 09:21:58 - [MESSAGE][PASSED] - Call Test Case 'Test Cases/Mobile/Page/Run App/Run App byID' successfully

2022-01-06 09:21:58 - [TEST_STEP][PASSED] - callTestCase(findTestCase("Mobile/Page/Analysis/Analysis"), ["action":"technicaldetail", "action2":"month"], CONTINUE_ON_FAILURE): Call Test Case 'Test Cases/Mobile/Page/Analysis/Analysis' successfully

2022-01-06 09:21:58 - [TEST_CASE][PASSED] - Test Cases/Mobile/Page/Analysis/Analysis: Test Cases/Mobile/Page/Analysis/Analysis

2022-01-06 09:21:58 - [TEST_STEP][PASSED] - callTestCase(findTestCase("Mobile/Page/CheckLogin"), [:], CONTINUE_ON_FAILURE): Call Test Case 'Test Cases/Mobile/Page/CheckLogin' successfully

2022-01-06 09:21:59 - [TEST_CASE][PASSED] - Test Cases/Mobile/Page/CheckLogin: Test Cases/Mobile/Page/CheckLogin

2022-01-06 09:21:59 - [TEST_STEP][PASSED] - loginCheck = verifyElementExist(LOGN_BtnLogin, 5, CONTINUE_ON_FAILURE): Element 'Object Repository/Mobile/Page/Login/Button - Login' is exist

2022-01-06 09:22:01 - [MESSAGE][PASSED] - Element 'Object Repository/Mobile/Page/Login/Button - Login' is exist

2022-01-06 09:22:01 - [TEST_STEP][PASSED] - if (loginCheck): Call Test Case 'Test Cases/Mobile/Page/Login/Login' successfully

2022-01-06 09:22:01 - [TEST_STEP][PASSED] - callTestCase(findTestCase("Mobile/Page/Login/Login"), ["action":"username"], CONTINUE_ON_FAILURE): Call Test Case 'Test Cases/Mobile/Page/Login/Login' successfully

2022-01-06 09:22:01 - [TEST_CASE][PASSED] - Test Cases/Mobile/Page/Login/Login: Test Cases/Mobile/Page/Login/Login

2022-01-06 09:22:01 - [TEST_STEP][PASSED] - delay(2): Delayed 2 second(s)

2022-01-06 09:22:03 - [MESSAGE][PASSED] - Delayed 2 second(s)

2022-01-06 09:22:03 - [TEST_STEP][PASSED] - for ([i = 0, i < 1, (i++)]): null

2022-01-06 09:22:03 - [TEST_STEP][PASSED] - if (action == "username"): null

2022-01-06 09:22:03 - [TEST_STEP][PASSED] - tap(LOGN_EdtUserID, 0): Tapped on element 'Object Repository/Mobile/Page/Login/Input - UserID'

2022-01-06 09:22:03 - [MESSAGE][WARNING] - Timeout '0' is invalid. Using default page load timeout: '60'

2022-01-06 09:22:03 - [MESSAGE][PASSED] - Tapped on element 'Object Repository/Mobile/Page/Login/Input - UserID'

2022-01-06 09:22:03 - [TEST_STEP][PASSED] - delay(1): Delayed 1 second(s)

2022-01-06 09:22:04 - [MESSAGE][PASSED] - Delayed 1 second(s)

2022-01-06 09:22:04 - [TEST_STEP][PASSED] - setText(LOGN_EdtRdyUserID, "anggaaditya", 0): Text 'anggaaditya' has been set to element 'Object Repository/Mobile/Page/Login/Input Rdy - UserID'

2022-01-06 09:22:04 - [MESSAGE][WARNING] - Timeout '0' is invalid. Using default page load timeout: '60'

2022-01-06 09:22:06 - [MESSAGE][PASSED] - Text 'anggaaditya' has been set to element 'Object Repository/Mobile/Page/Login/Input Rdy - UserID'

2022-01-06 09:22:06 - [TEST_STEP][PASSED] - delay(1): Delayed 1 second(s)

2022-01-06 09:22:07 - [MESSAGE][PASSED] - Delayed 1 second(s)

2022-01-06 09:22:07 - [TEST_STEP][PASSED] - hideKeyboard(): Keyboard is hidden

2022-01-06 09:22:13 - [MESSAGE][PASSED] - Keyboard is hidden

2022-01-06 09:22:13 - [TEST_STEP][PASSED] - tap(LOGN_EdtPassword, 0): Tapped on element 'Object Repository/Mobile/Page/Login/Input - Password'

2022-01-06 09:22:13 - [MESSAGE][WARNING] - Timeout '0' is invalid. Using default page load timeout: '60'

2022-01-06 09:22:13 - [MESSAGE][PASSED] - Tapped on element 'Object Repository/Mobile/Page/Login/Input - Password'

2022-01-06 09:22:13 - [TEST_STEP][PASSED] - delay(1): Delayed 1 second(s)

2022-01-06 09:22:14 - [MESSAGE][PASSED] - Delayed 1 second(s)

2022-01-06 09:22:14 - [TEST_STEP][PASSED] - setText(LOGN_EdtRdyPassword, "Shalawa18", 0): Text 'Shalawa18' has been set to element 'Object Repository/Mobile/Page/Login/Input Rdy - Password'

2022-01-06 09:22:14 - [MESSAGE][WARNING] - Timeout '0' is invalid. Using default page load timeout: '60'

2022-01-06 09:22:15 - [MESSAGE][PASSED] - Text 'Shalawa18' has been set to element 'Object Repository/Mobile/Page/Login/Input Rdy - Password'

2022-01-06 09:22:15 - [TEST_STEP][PASSED] - delay(1): Delayed 1 second(s)

2022-01-06 09:22:16 - [MESSAGE][PASSED] - Delayed 1 second(s)

2022-01-06 09:22:16 - [TEST_STEP][PASSED] - hideKeyboard(): Keyboard is hidden

2022-01-06 09:22:23 - [MESSAGE][PASSED] - Keyboard is hidden

2022-01-06 09:22:23 - [TEST_STEP][PASSED] - tap(LOGN_BtnLogin, 0): Tapped on element 'Object Repository/Mobile/Page/Login/Button - Login'

2022-01-06 09:22:23 - [MESSAGE][WARNING] - Timeout '0' is invalid. Using default page load timeout: '60'

2022-01-06 09:22:23 - [MESSAGE][PASSED] - Tapped on element 'Object Repository/Mobile/Page/Login/Button - Login'

2022-01-06 09:22:23 - [TEST_STEP][PASSED] - delay(2): Delayed 2 second(s)

2022-01-06 09:22:25 - [MESSAGE][PASSED] - Delayed 2 second(s)

2022-01-06 09:22:25 - [TEST_STEP][PASSED] - break: null

2022-01-06 09:22:25 - [MESSAGE][PASSED] - Call Test Case 'Test Cases/Mobile/Page/Login/Login' successfully

2022-01-06 09:22:25 - [MESSAGE][PASSED] - Call Test Case 'Test Cases/Mobile/Page/CheckLogin' successfully

2022-01-06 09:22:25 - [TEST_STEP][PASSED] - tap(HOME_MenubarAnalysis, 0): Tapped on element 'Object Repository/Mobile/Page/Home/Menubar - Analysis'

2022-01-06 09:22:25 - [MESSAGE][WARNING] - Timeout '0' is invalid. Using default page load timeout: '60'

2022-01-06 09:22:27 - [MESSAGE][PASSED] - Tapped on element 'Object Repository/Mobile/Page/Home/Menubar - Analysis'

2022-01-06 09:22:27 - [TEST_STEP][PASSED] - delay(1): Delayed 1 second(s)

2022-01-06 09:22:28 - [MESSAGE][PASSED] - Delayed 1 second(s)

2022-01-06 09:22:28 - [TEST_STEP][PASSED] - for ([i = 0, i < 1, (i++)]): Delayed 2 second(s)

2022-01-06 09:22:28 - [TEST_STEP][PASSED] - if (action == "technicalsearch"): null

2022-01-06 09:22:28 - [TEST_STEP][PASSED] - else if (action == "technicaldetail"): Delayed 2 second(s)

2022-01-06 09:22:28 - [TEST_STEP][PASSED] - tap(ANAL_ItemTopResultTech, 0): Tapped on element 'Object Repository/Mobile/Page/Analysis/Item - Top Technical'

2022-01-06 09:22:28 - [MESSAGE][WARNING] - Timeout '0' is invalid. Using default page load timeout: '60'

2022-01-06 09:22:29 - [MESSAGE][PASSED] - Tapped on element 'Object Repository/Mobile/Page/Analysis/Item - Top Technical'

2022-01-06 09:22:29 - [TEST_STEP][PASSED] - delay(3): Delayed 3 second(s)

2022-01-06 09:22:32 - [MESSAGE][PASSED] - Delayed 3 second(s)

2022-01-06 09:22:32 - [TEST_STEP][PASSED] - switch (action2): null

2022-01-06 09:22:32 - [TEST_STEP][PASSED] - case "month":: null

2022-01-06 09:22:32 - [TEST_STEP][PASSED] - tap(ANAL_DETL_BtnM, 0): Tapped on element 'Object Repository/Mobile/Page/Analysis/Detail/Button - M'

2022-01-06 09:22:32 - [MESSAGE][WARNING] - Timeout '0' is invalid. Using default page load timeout: '60'

2022-01-06 09:22:33 - [MESSAGE][PASSED] - Tapped on element 'Object Repository/Mobile/Page/Analysis/Detail/Button - M'

2022-01-06 09:22:33 - [TEST_STEP][PASSED] - break: null

2022-01-06 09:22:33 - [TEST_STEP][PASSED] - delay(2): Delayed 2 second(s)

2022-01-06 09:22:35 - [MESSAGE][PASSED] - Delayed 2 second(s)

2022-01-06 09:22:35 - [MESSAGE][PASSED] - Call Test Case 'Test Cases/Mobile/Page/Analysis/Analysis' successfully

2022-01-06 09:22:35 - [TEST_STEP][PASSED] - callTestCase(findTestCase("Mobile/Page/Run App/Terminate App"), [:], STOP_ON_FAILURE): Call Test Case 'Test Cases/Mobile/Page/Run App/Terminate App' successfully

2022-01-06 09:22:35 - [TEST_CASE][PASSED] - Test Cases/Mobile/Page/Run App/Terminate App: Test Cases/Mobile/Page/Run App/Terminate App

2022-01-06 09:22:35 - [TEST_STEP][PASSED] - startApp.OpenApp.terminateApplication(): startApp.OpenApp.terminateApplication is PASSED

2022-01-06 09:22:39 - [MESSAGE][PASSED] - Delayed 3 second(s)

2022-01-06 09:22:39 - [MESSAGE][PASSED] - Current device physical width is 720

2022-01-06 09:22:39 - [MESSAGE][PASSED] - Current device physical height is 1423

2022-01-06 09:22:41 - [MESSAGE][PASSED] - Swiped from 360,853 to 360,142

2022-01-06 09:22:42 - [MESSAGE][PASSED] - Delayed 1 second(s)

2022-01-06 09:22:43 - [MESSAGE][PASSED] - Swiped from 360,853 to 360,142

2022-01-06 09:22:46 - [MESSAGE][PASSED] - Delayed 3 second(s)

2022-01-06 09:22:46 - [MESSAGE][PASSED] - startApp.OpenApp.terminateApplication is PASSED

2022-01-06 09:22:46 - [MESSAGE][PASSED] - Call Test Case 'Test Cases/Mobile/Page/Run App/Terminate App' successfully]]></system-out>
         <system-err><![CDATA[]]></system-err>
      </testcase>
      <testcase name="Test Cases/Mobile/Scenario/Analysis/005 - Melihat detail stock kategori year" time="62.681" classname="Test Cases/Mobile/Scenario/Analysis/005 - Melihat detail stock kategori year" status="PASSED">
         <system-out><![CDATA[2022-01-06 09:22:46 - [TEST_CASE][PASSED] - Test Cases/Mobile/Scenario/Analysis/005 - Melihat detail stock kategori year: Test Cases/Mobile/Scenario/Analysis/005 - Melihat detail stock kategori year

2022-01-06 09:22:47 - [TEST_STEP][PASSED] - callTestCase(findTestCase("Mobile/Page/Run App/Run App byID"), [:], STOP_ON_FAILURE): Call Test Case 'Test Cases/Mobile/Page/Run App/Run App byID' successfully

2022-01-06 09:22:47 - [TEST_CASE][PASSED] - Test Cases/Mobile/Page/Run App/Run App byID: Test Cases/Mobile/Page/Run App/Run App byID

2022-01-06 09:22:47 - [TEST_STEP][PASSED] - startApp.OpenApp.startApplication("id.co.miraeasset.sageclub"): startApp.OpenApp.startApplication is PASSED

2022-01-06 09:23:01 - [MESSAGE][PASSED] - Starting app with application ID: 'id.co.miraeasset.sageclub'

2022-01-06 09:23:01 - [MESSAGE][PASSED] - startApp.OpenApp.startApplication is PASSED

2022-01-06 09:23:01 - [MESSAGE][PASSED] - Call Test Case 'Test Cases/Mobile/Page/Run App/Run App byID' successfully

2022-01-06 09:23:01 - [TEST_STEP][PASSED] - callTestCase(findTestCase("Mobile/Page/Analysis/Analysis"), ["action":"technicaldetail", "action2":"year"], CONTINUE_ON_FAILURE): Call Test Case 'Test Cases/Mobile/Page/Analysis/Analysis' successfully

2022-01-06 09:23:01 - [TEST_CASE][PASSED] - Test Cases/Mobile/Page/Analysis/Analysis: Test Cases/Mobile/Page/Analysis/Analysis

2022-01-06 09:23:01 - [TEST_STEP][PASSED] - callTestCase(findTestCase("Mobile/Page/CheckLogin"), [:], CONTINUE_ON_FAILURE): Call Test Case 'Test Cases/Mobile/Page/CheckLogin' successfully

2022-01-06 09:23:01 - [TEST_CASE][PASSED] - Test Cases/Mobile/Page/CheckLogin: Test Cases/Mobile/Page/CheckLogin

2022-01-06 09:23:01 - [TEST_STEP][PASSED] - loginCheck = verifyElementExist(LOGN_BtnLogin, 5, CONTINUE_ON_FAILURE): Element 'Object Repository/Mobile/Page/Login/Button - Login' is exist

2022-01-06 09:23:04 - [MESSAGE][PASSED] - Element 'Object Repository/Mobile/Page/Login/Button - Login' is exist

2022-01-06 09:23:04 - [TEST_STEP][PASSED] - if (loginCheck): Call Test Case 'Test Cases/Mobile/Page/Login/Login' successfully

2022-01-06 09:23:04 - [TEST_STEP][PASSED] - callTestCase(findTestCase("Mobile/Page/Login/Login"), ["action":"username"], CONTINUE_ON_FAILURE): Call Test Case 'Test Cases/Mobile/Page/Login/Login' successfully

2022-01-06 09:23:04 - [TEST_CASE][PASSED] - Test Cases/Mobile/Page/Login/Login: Test Cases/Mobile/Page/Login/Login

2022-01-06 09:23:04 - [TEST_STEP][PASSED] - delay(2): Delayed 2 second(s)

2022-01-06 09:23:06 - [MESSAGE][PASSED] - Delayed 2 second(s)

2022-01-06 09:23:06 - [TEST_STEP][PASSED] - for ([i = 0, i < 1, (i++)]): null

2022-01-06 09:23:06 - [TEST_STEP][PASSED] - if (action == "username"): null

2022-01-06 09:23:06 - [TEST_STEP][PASSED] - tap(LOGN_EdtUserID, 0): Tapped on element 'Object Repository/Mobile/Page/Login/Input - UserID'

2022-01-06 09:23:06 - [MESSAGE][WARNING] - Timeout '0' is invalid. Using default page load timeout: '60'

2022-01-06 09:23:07 - [MESSAGE][PASSED] - Tapped on element 'Object Repository/Mobile/Page/Login/Input - UserID'

2022-01-06 09:23:07 - [TEST_STEP][PASSED] - delay(1): Delayed 1 second(s)

2022-01-06 09:23:08 - [MESSAGE][PASSED] - Delayed 1 second(s)

2022-01-06 09:23:08 - [TEST_STEP][PASSED] - setText(LOGN_EdtRdyUserID, "anggaaditya", 0): Text 'anggaaditya' has been set to element 'Object Repository/Mobile/Page/Login/Input Rdy - UserID'

2022-01-06 09:23:08 - [MESSAGE][WARNING] - Timeout '0' is invalid. Using default page load timeout: '60'

2022-01-06 09:23:09 - [MESSAGE][PASSED] - Text 'anggaaditya' has been set to element 'Object Repository/Mobile/Page/Login/Input Rdy - UserID'

2022-01-06 09:23:09 - [TEST_STEP][PASSED] - delay(1): Delayed 1 second(s)

2022-01-06 09:23:10 - [MESSAGE][PASSED] - Delayed 1 second(s)

2022-01-06 09:23:10 - [TEST_STEP][PASSED] - hideKeyboard(): Keyboard is hidden

2022-01-06 09:23:13 - [MESSAGE][PASSED] - Keyboard is hidden

2022-01-06 09:23:13 - [TEST_STEP][PASSED] - tap(LOGN_EdtPassword, 0): Tapped on element 'Object Repository/Mobile/Page/Login/Input - Password'

2022-01-06 09:23:13 - [MESSAGE][WARNING] - Timeout '0' is invalid. Using default page load timeout: '60'

2022-01-06 09:23:14 - [MESSAGE][PASSED] - Tapped on element 'Object Repository/Mobile/Page/Login/Input - Password'

2022-01-06 09:23:14 - [TEST_STEP][PASSED] - delay(1): Delayed 1 second(s)

2022-01-06 09:23:15 - [MESSAGE][PASSED] - Delayed 1 second(s)

2022-01-06 09:23:15 - [TEST_STEP][PASSED] - setText(LOGN_EdtRdyPassword, "Shalawa18", 0): Text 'Shalawa18' has been set to element 'Object Repository/Mobile/Page/Login/Input Rdy - Password'

2022-01-06 09:23:15 - [MESSAGE][WARNING] - Timeout '0' is invalid. Using default page load timeout: '60'

2022-01-06 09:23:16 - [MESSAGE][PASSED] - Text 'Shalawa18' has been set to element 'Object Repository/Mobile/Page/Login/Input Rdy - Password'

2022-01-06 09:23:16 - [TEST_STEP][PASSED] - delay(1): Delayed 1 second(s)

2022-01-06 09:23:17 - [MESSAGE][PASSED] - Delayed 1 second(s)

2022-01-06 09:23:17 - [TEST_STEP][PASSED] - hideKeyboard(): Keyboard is hidden

2022-01-06 09:23:25 - [MESSAGE][PASSED] - Keyboard is hidden

2022-01-06 09:23:25 - [TEST_STEP][PASSED] - tap(LOGN_BtnLogin, 0): Tapped on element 'Object Repository/Mobile/Page/Login/Button - Login'

2022-01-06 09:23:25 - [MESSAGE][WARNING] - Timeout '0' is invalid. Using default page load timeout: '60'

2022-01-06 09:23:26 - [MESSAGE][PASSED] - Tapped on element 'Object Repository/Mobile/Page/Login/Button - Login'

2022-01-06 09:23:26 - [TEST_STEP][PASSED] - delay(2): Delayed 2 second(s)

2022-01-06 09:23:28 - [MESSAGE][PASSED] - Delayed 2 second(s)

2022-01-06 09:23:28 - [TEST_STEP][PASSED] - break: null

2022-01-06 09:23:28 - [MESSAGE][PASSED] - Call Test Case 'Test Cases/Mobile/Page/Login/Login' successfully

2022-01-06 09:23:28 - [MESSAGE][PASSED] - Call Test Case 'Test Cases/Mobile/Page/CheckLogin' successfully

2022-01-06 09:23:28 - [TEST_STEP][PASSED] - tap(HOME_MenubarAnalysis, 0): Tapped on element 'Object Repository/Mobile/Page/Home/Menubar - Analysis'

2022-01-06 09:23:28 - [MESSAGE][WARNING] - Timeout '0' is invalid. Using default page load timeout: '60'

2022-01-06 09:23:29 - [MESSAGE][PASSED] - Tapped on element 'Object Repository/Mobile/Page/Home/Menubar - Analysis'

2022-01-06 09:23:29 - [TEST_STEP][PASSED] - delay(1): Delayed 1 second(s)

2022-01-06 09:23:30 - [MESSAGE][PASSED] - Delayed 1 second(s)

2022-01-06 09:23:30 - [TEST_STEP][PASSED] - for ([i = 0, i < 1, (i++)]): Delayed 2 second(s)

2022-01-06 09:23:30 - [TEST_STEP][PASSED] - if (action == "technicalsearch"): null

2022-01-06 09:23:30 - [TEST_STEP][PASSED] - else if (action == "technicaldetail"): Delayed 2 second(s)

2022-01-06 09:23:30 - [TEST_STEP][PASSED] - tap(ANAL_ItemTopResultTech, 0): Tapped on element 'Object Repository/Mobile/Page/Analysis/Item - Top Technical'

2022-01-06 09:23:30 - [MESSAGE][WARNING] - Timeout '0' is invalid. Using default page load timeout: '60'

2022-01-06 09:23:32 - [MESSAGE][PASSED] - Tapped on element 'Object Repository/Mobile/Page/Analysis/Item - Top Technical'

2022-01-06 09:23:32 - [TEST_STEP][PASSED] - delay(3): Delayed 3 second(s)

2022-01-06 09:23:35 - [MESSAGE][PASSED] - Delayed 3 second(s)

2022-01-06 09:23:35 - [TEST_STEP][PASSED] - switch (action2): null

2022-01-06 09:23:35 - [TEST_STEP][PASSED] - case "year":: null

2022-01-06 09:23:35 - [TEST_STEP][PASSED] - tap(ANAL_DETL_BtnY, 0): Tapped on element 'Object Repository/Mobile/Page/Analysis/Detail/Button - Y'

2022-01-06 09:23:35 - [MESSAGE][WARNING] - Timeout '0' is invalid. Using default page load timeout: '60'

2022-01-06 09:23:36 - [MESSAGE][PASSED] - Tapped on element 'Object Repository/Mobile/Page/Analysis/Detail/Button - Y'

2022-01-06 09:23:36 - [TEST_STEP][PASSED] - break: null

2022-01-06 09:23:36 - [TEST_STEP][PASSED] - delay(2): Delayed 2 second(s)

2022-01-06 09:23:38 - [MESSAGE][PASSED] - Delayed 2 second(s)

2022-01-06 09:23:38 - [MESSAGE][PASSED] - Call Test Case 'Test Cases/Mobile/Page/Analysis/Analysis' successfully

2022-01-06 09:23:38 - [TEST_STEP][PASSED] - callTestCase(findTestCase("Mobile/Page/Run App/Terminate App"), [:], STOP_ON_FAILURE): Call Test Case 'Test Cases/Mobile/Page/Run App/Terminate App' successfully

2022-01-06 09:23:38 - [TEST_CASE][PASSED] - Test Cases/Mobile/Page/Run App/Terminate App: Test Cases/Mobile/Page/Run App/Terminate App

2022-01-06 09:23:38 - [TEST_STEP][PASSED] - startApp.OpenApp.terminateApplication(): startApp.OpenApp.terminateApplication is PASSED

2022-01-06 09:23:42 - [MESSAGE][PASSED] - Delayed 3 second(s)

2022-01-06 09:23:42 - [MESSAGE][PASSED] - Current device physical width is 720

2022-01-06 09:23:42 - [MESSAGE][PASSED] - Current device physical height is 1423

2022-01-06 09:23:43 - [MESSAGE][PASSED] - Swiped from 360,853 to 360,142

2022-01-06 09:23:44 - [MESSAGE][PASSED] - Delayed 1 second(s)

2022-01-06 09:23:46 - [MESSAGE][PASSED] - Swiped from 360,853 to 360,142

2022-01-06 09:23:49 - [MESSAGE][PASSED] - Delayed 3 second(s)

2022-01-06 09:23:49 - [MESSAGE][PASSED] - startApp.OpenApp.terminateApplication is PASSED

2022-01-06 09:23:49 - [MESSAGE][PASSED] - Call Test Case 'Test Cases/Mobile/Page/Run App/Terminate App' successfully]]></system-out>
         <system-err><![CDATA[]]></system-err>
      </testcase>
      <testcase name="Test Cases/Mobile/Scenario/Analysis/006 - Melihat Research Report" time="62.948" classname="Test Cases/Mobile/Scenario/Analysis/006 - Melihat Research Report" status="PASSED">
         <system-out><![CDATA[2022-01-06 09:23:49 - [TEST_CASE][PASSED] - Test Cases/Mobile/Scenario/Analysis/006 - Melihat Research Report: Test Cases/Mobile/Scenario/Analysis/006 - Melihat Research Report

2022-01-06 09:23:50 - [TEST_STEP][PASSED] - callTestCase(findTestCase("Mobile/Page/Run App/Run App byID"), [:], STOP_ON_FAILURE): Call Test Case 'Test Cases/Mobile/Page/Run App/Run App byID' successfully

2022-01-06 09:23:50 - [TEST_CASE][PASSED] - Test Cases/Mobile/Page/Run App/Run App byID: Test Cases/Mobile/Page/Run App/Run App byID

2022-01-06 09:23:50 - [TEST_STEP][PASSED] - startApp.OpenApp.startApplication("id.co.miraeasset.sageclub"): startApp.OpenApp.startApplication is PASSED

2022-01-06 09:24:04 - [MESSAGE][PASSED] - Starting app with application ID: 'id.co.miraeasset.sageclub'

2022-01-06 09:24:04 - [MESSAGE][PASSED] - startApp.OpenApp.startApplication is PASSED

2022-01-06 09:24:04 - [MESSAGE][PASSED] - Call Test Case 'Test Cases/Mobile/Page/Run App/Run App byID' successfully

2022-01-06 09:24:04 - [TEST_STEP][PASSED] - callTestCase(findTestCase("Mobile/Page/Analysis/Analysis"), ["action":"researchdetail"], CONTINUE_ON_FAILURE): Call Test Case 'Test Cases/Mobile/Page/Analysis/Analysis' successfully

2022-01-06 09:24:04 - [TEST_CASE][PASSED] - Test Cases/Mobile/Page/Analysis/Analysis: Test Cases/Mobile/Page/Analysis/Analysis

2022-01-06 09:24:04 - [TEST_STEP][PASSED] - callTestCase(findTestCase("Mobile/Page/CheckLogin"), [:], CONTINUE_ON_FAILURE): Call Test Case 'Test Cases/Mobile/Page/CheckLogin' successfully

2022-01-06 09:24:04 - [TEST_CASE][PASSED] - Test Cases/Mobile/Page/CheckLogin: Test Cases/Mobile/Page/CheckLogin

2022-01-06 09:24:04 - [TEST_STEP][PASSED] - loginCheck = verifyElementExist(LOGN_BtnLogin, 5, CONTINUE_ON_FAILURE): Element 'Object Repository/Mobile/Page/Login/Button - Login' is exist

2022-01-06 09:24:06 - [MESSAGE][PASSED] - Element 'Object Repository/Mobile/Page/Login/Button - Login' is exist

2022-01-06 09:24:06 - [TEST_STEP][PASSED] - if (loginCheck): Call Test Case 'Test Cases/Mobile/Page/Login/Login' successfully

2022-01-06 09:24:06 - [TEST_STEP][PASSED] - callTestCase(findTestCase("Mobile/Page/Login/Login"), ["action":"username"], CONTINUE_ON_FAILURE): Call Test Case 'Test Cases/Mobile/Page/Login/Login' successfully

2022-01-06 09:24:06 - [TEST_CASE][PASSED] - Test Cases/Mobile/Page/Login/Login: Test Cases/Mobile/Page/Login/Login

2022-01-06 09:24:06 - [TEST_STEP][PASSED] - delay(2): Delayed 2 second(s)

2022-01-06 09:24:08 - [MESSAGE][PASSED] - Delayed 2 second(s)

2022-01-06 09:24:08 - [TEST_STEP][PASSED] - for ([i = 0, i < 1, (i++)]): null

2022-01-06 09:24:08 - [TEST_STEP][PASSED] - if (action == "username"): null

2022-01-06 09:24:08 - [TEST_STEP][PASSED] - tap(LOGN_EdtUserID, 0): Tapped on element 'Object Repository/Mobile/Page/Login/Input - UserID'

2022-01-06 09:24:08 - [MESSAGE][WARNING] - Timeout '0' is invalid. Using default page load timeout: '60'

2022-01-06 09:24:09 - [MESSAGE][PASSED] - Tapped on element 'Object Repository/Mobile/Page/Login/Input - UserID'

2022-01-06 09:24:09 - [TEST_STEP][PASSED] - delay(1): Delayed 1 second(s)

2022-01-06 09:24:10 - [MESSAGE][PASSED] - Delayed 1 second(s)

2022-01-06 09:24:10 - [TEST_STEP][PASSED] - setText(LOGN_EdtRdyUserID, "anggaaditya", 0): Text 'anggaaditya' has been set to element 'Object Repository/Mobile/Page/Login/Input Rdy - UserID'

2022-01-06 09:24:10 - [MESSAGE][WARNING] - Timeout '0' is invalid. Using default page load timeout: '60'

2022-01-06 09:24:11 - [MESSAGE][PASSED] - Text 'anggaaditya' has been set to element 'Object Repository/Mobile/Page/Login/Input Rdy - UserID'

2022-01-06 09:24:11 - [TEST_STEP][PASSED] - delay(1): Delayed 1 second(s)

2022-01-06 09:24:12 - [MESSAGE][PASSED] - Delayed 1 second(s)

2022-01-06 09:24:12 - [TEST_STEP][PASSED] - hideKeyboard(): Keyboard is hidden

2022-01-06 09:24:16 - [MESSAGE][PASSED] - Keyboard is hidden

2022-01-06 09:24:16 - [TEST_STEP][PASSED] - tap(LOGN_EdtPassword, 0): Tapped on element 'Object Repository/Mobile/Page/Login/Input - Password'

2022-01-06 09:24:16 - [MESSAGE][WARNING] - Timeout '0' is invalid. Using default page load timeout: '60'

2022-01-06 09:24:16 - [MESSAGE][PASSED] - Tapped on element 'Object Repository/Mobile/Page/Login/Input - Password'

2022-01-06 09:24:16 - [TEST_STEP][PASSED] - delay(1): Delayed 1 second(s)

2022-01-06 09:24:17 - [MESSAGE][PASSED] - Delayed 1 second(s)

2022-01-06 09:24:17 - [TEST_STEP][PASSED] - setText(LOGN_EdtRdyPassword, "Shalawa18", 0): Text 'Shalawa18' has been set to element 'Object Repository/Mobile/Page/Login/Input Rdy - Password'

2022-01-06 09:24:17 - [MESSAGE][WARNING] - Timeout '0' is invalid. Using default page load timeout: '60'

2022-01-06 09:24:18 - [MESSAGE][PASSED] - Text 'Shalawa18' has been set to element 'Object Repository/Mobile/Page/Login/Input Rdy - Password'

2022-01-06 09:24:18 - [TEST_STEP][PASSED] - delay(1): Delayed 1 second(s)

2022-01-06 09:24:19 - [MESSAGE][PASSED] - Delayed 1 second(s)

2022-01-06 09:24:19 - [TEST_STEP][PASSED] - hideKeyboard(): Keyboard is hidden

2022-01-06 09:24:26 - [MESSAGE][PASSED] - Keyboard is hidden

2022-01-06 09:24:26 - [TEST_STEP][PASSED] - tap(LOGN_BtnLogin, 0): Tapped on element 'Object Repository/Mobile/Page/Login/Button - Login'

2022-01-06 09:24:26 - [MESSAGE][WARNING] - Timeout '0' is invalid. Using default page load timeout: '60'

2022-01-06 09:24:27 - [MESSAGE][PASSED] - Tapped on element 'Object Repository/Mobile/Page/Login/Button - Login'

2022-01-06 09:24:27 - [TEST_STEP][PASSED] - delay(2): Delayed 2 second(s)

2022-01-06 09:24:29 - [MESSAGE][PASSED] - Delayed 2 second(s)

2022-01-06 09:24:29 - [TEST_STEP][PASSED] - break: null

2022-01-06 09:24:29 - [MESSAGE][PASSED] - Call Test Case 'Test Cases/Mobile/Page/Login/Login' successfully

2022-01-06 09:24:29 - [MESSAGE][PASSED] - Call Test Case 'Test Cases/Mobile/Page/CheckLogin' successfully

2022-01-06 09:24:29 - [TEST_STEP][PASSED] - tap(HOME_MenubarAnalysis, 0): Tapped on element 'Object Repository/Mobile/Page/Home/Menubar - Analysis'

2022-01-06 09:24:29 - [MESSAGE][WARNING] - Timeout '0' is invalid. Using default page load timeout: '60'

2022-01-06 09:24:31 - [MESSAGE][PASSED] - Tapped on element 'Object Repository/Mobile/Page/Home/Menubar - Analysis'

2022-01-06 09:24:31 - [TEST_STEP][PASSED] - delay(1): Delayed 1 second(s)

2022-01-06 09:24:32 - [MESSAGE][PASSED] - Delayed 1 second(s)

2022-01-06 09:24:32 - [TEST_STEP][PASSED] - for ([i = 0, i < 1, (i++)]): Press back button successfully

2022-01-06 09:24:32 - [TEST_STEP][PASSED] - if (action == "technicalsearch"): null

2022-01-06 09:24:32 - [TEST_STEP][PASSED] - else if (action == "technicaldetail"): null

2022-01-06 09:24:32 - [TEST_STEP][PASSED] - else if (action == "researchdetail"): Press back button successfully

2022-01-06 09:24:32 - [TEST_STEP][PASSED] - tap(ANAL_TabResearchReport, 0): Tapped on element 'Object Repository/Mobile/Page/Analysis/Tab - Research Report'

2022-01-06 09:24:32 - [MESSAGE][WARNING] - Timeout '0' is invalid. Using default page load timeout: '60'

2022-01-06 09:24:33 - [MESSAGE][PASSED] - Tapped on element 'Object Repository/Mobile/Page/Analysis/Tab - Research Report'

2022-01-06 09:24:33 - [TEST_STEP][PASSED] - delay(1): Delayed 1 second(s)

2022-01-06 09:24:34 - [MESSAGE][PASSED] - Delayed 1 second(s)

2022-01-06 09:24:34 - [TEST_STEP][PASSED] - tapAndHold(ANAL_ItemTopSearch, 1, 0): Tapped and held on element 'Object Repository/Mobile/Page/Analysis/Item - Top Search' with duration 1

2022-01-06 09:24:34 - [MESSAGE][WARNING] - Timeout '0' is invalid. Using default page load timeout: '60'

2022-01-06 09:24:37 - [MESSAGE][PASSED] - Tapped and held on element 'Object Repository/Mobile/Page/Analysis/Item - Top Search' with duration 1

2022-01-06 09:24:37 - [TEST_STEP][PASSED] - delay(3): Delayed 3 second(s)

2022-01-06 09:24:40 - [MESSAGE][PASSED] - Delayed 3 second(s)

2022-01-06 09:24:40 - [TEST_STEP][PASSED] - pressBack(): Press back button successfully

2022-01-06 09:24:41 - [MESSAGE][PASSED] - Press back button successfully

2022-01-06 09:24:41 - [MESSAGE][PASSED] - Call Test Case 'Test Cases/Mobile/Page/Analysis/Analysis' successfully

2022-01-06 09:24:41 - [TEST_STEP][PASSED] - callTestCase(findTestCase("Mobile/Page/Run App/Terminate App"), [:], STOP_ON_FAILURE): Call Test Case 'Test Cases/Mobile/Page/Run App/Terminate App' successfully

2022-01-06 09:24:41 - [TEST_CASE][PASSED] - Test Cases/Mobile/Page/Run App/Terminate App: Test Cases/Mobile/Page/Run App/Terminate App

2022-01-06 09:24:41 - [TEST_STEP][PASSED] - startApp.OpenApp.terminateApplication(): startApp.OpenApp.terminateApplication is PASSED

2022-01-06 09:24:45 - [MESSAGE][PASSED] - Delayed 3 second(s)

2022-01-06 09:24:45 - [MESSAGE][PASSED] - Current device physical width is 720

2022-01-06 09:24:45 - [MESSAGE][PASSED] - Current device physical height is 1423

2022-01-06 09:24:46 - [MESSAGE][PASSED] - Swiped from 360,853 to 360,142

2022-01-06 09:24:47 - [MESSAGE][PASSED] - Delayed 1 second(s)

2022-01-06 09:24:49 - [MESSAGE][PASSED] - Swiped from 360,853 to 360,142

2022-01-06 09:24:52 - [MESSAGE][PASSED] - Delayed 3 second(s)

2022-01-06 09:24:52 - [MESSAGE][PASSED] - startApp.OpenApp.terminateApplication is PASSED

2022-01-06 09:24:52 - [MESSAGE][PASSED] - Call Test Case 'Test Cases/Mobile/Page/Run App/Terminate App' successfully]]></system-out>
         <system-err><![CDATA[]]></system-err>
      </testcase>
      <testcase name="Test Cases/Mobile/Scenario/Analysis/007 - Mencari research report" time="65.091" classname="Test Cases/Mobile/Scenario/Analysis/007 - Mencari research report" status="PASSED">
         <system-out><![CDATA[2022-01-06 09:24:52 - [TEST_CASE][PASSED] - Test Cases/Mobile/Scenario/Analysis/007 - Mencari research report: Test Cases/Mobile/Scenario/Analysis/007 - Mencari research report

2022-01-06 09:24:53 - [TEST_STEP][PASSED] - callTestCase(findTestCase("Mobile/Page/Run App/Run App byID"), [:], STOP_ON_FAILURE): Call Test Case 'Test Cases/Mobile/Page/Run App/Run App byID' successfully

2022-01-06 09:24:53 - [TEST_CASE][PASSED] - Test Cases/Mobile/Page/Run App/Run App byID: Test Cases/Mobile/Page/Run App/Run App byID

2022-01-06 09:24:53 - [TEST_STEP][PASSED] - startApp.OpenApp.startApplication("id.co.miraeasset.sageclub"): startApp.OpenApp.startApplication is PASSED

2022-01-06 09:25:06 - [MESSAGE][PASSED] - Starting app with application ID: 'id.co.miraeasset.sageclub'

2022-01-06 09:25:06 - [MESSAGE][PASSED] - startApp.OpenApp.startApplication is PASSED

2022-01-06 09:25:06 - [MESSAGE][PASSED] - Call Test Case 'Test Cases/Mobile/Page/Run App/Run App byID' successfully

2022-01-06 09:25:06 - [TEST_STEP][PASSED] - callTestCase(findTestCase("Mobile/Page/Analysis/Analysis"), ["action":"researchsearch"], CONTINUE_ON_FAILURE): Call Test Case 'Test Cases/Mobile/Page/Analysis/Analysis' successfully

2022-01-06 09:25:06 - [TEST_CASE][PASSED] - Test Cases/Mobile/Page/Analysis/Analysis: Test Cases/Mobile/Page/Analysis/Analysis

2022-01-06 09:25:06 - [TEST_STEP][PASSED] - callTestCase(findTestCase("Mobile/Page/CheckLogin"), [:], CONTINUE_ON_FAILURE): Call Test Case 'Test Cases/Mobile/Page/CheckLogin' successfully

2022-01-06 09:25:06 - [TEST_CASE][PASSED] - Test Cases/Mobile/Page/CheckLogin: Test Cases/Mobile/Page/CheckLogin

2022-01-06 09:25:06 - [TEST_STEP][PASSED] - loginCheck = verifyElementExist(LOGN_BtnLogin, 5, CONTINUE_ON_FAILURE): Element 'Object Repository/Mobile/Page/Login/Button - Login' is exist

2022-01-06 09:25:08 - [MESSAGE][PASSED] - Element 'Object Repository/Mobile/Page/Login/Button - Login' is exist

2022-01-06 09:25:08 - [TEST_STEP][PASSED] - if (loginCheck): Call Test Case 'Test Cases/Mobile/Page/Login/Login' successfully

2022-01-06 09:25:08 - [TEST_STEP][PASSED] - callTestCase(findTestCase("Mobile/Page/Login/Login"), ["action":"username"], CONTINUE_ON_FAILURE): Call Test Case 'Test Cases/Mobile/Page/Login/Login' successfully

2022-01-06 09:25:08 - [TEST_CASE][PASSED] - Test Cases/Mobile/Page/Login/Login: Test Cases/Mobile/Page/Login/Login

2022-01-06 09:25:08 - [TEST_STEP][PASSED] - delay(2): Delayed 2 second(s)

2022-01-06 09:25:10 - [MESSAGE][PASSED] - Delayed 2 second(s)

2022-01-06 09:25:10 - [TEST_STEP][PASSED] - for ([i = 0, i < 1, (i++)]): null

2022-01-06 09:25:10 - [TEST_STEP][PASSED] - if (action == "username"): null

2022-01-06 09:25:10 - [TEST_STEP][PASSED] - tap(LOGN_EdtUserID, 0): Tapped on element 'Object Repository/Mobile/Page/Login/Input - UserID'

2022-01-06 09:25:10 - [MESSAGE][WARNING] - Timeout '0' is invalid. Using default page load timeout: '60'

2022-01-06 09:25:11 - [MESSAGE][PASSED] - Tapped on element 'Object Repository/Mobile/Page/Login/Input - UserID'

2022-01-06 09:25:11 - [TEST_STEP][PASSED] - delay(1): Delayed 1 second(s)

2022-01-06 09:25:12 - [MESSAGE][PASSED] - Delayed 1 second(s)

2022-01-06 09:25:12 - [TEST_STEP][PASSED] - setText(LOGN_EdtRdyUserID, "anggaaditya", 0): Text 'anggaaditya' has been set to element 'Object Repository/Mobile/Page/Login/Input Rdy - UserID'

2022-01-06 09:25:12 - [MESSAGE][WARNING] - Timeout '0' is invalid. Using default page load timeout: '60'

2022-01-06 09:25:13 - [MESSAGE][PASSED] - Text 'anggaaditya' has been set to element 'Object Repository/Mobile/Page/Login/Input Rdy - UserID'

2022-01-06 09:25:13 - [TEST_STEP][PASSED] - delay(1): Delayed 1 second(s)

2022-01-06 09:25:14 - [MESSAGE][PASSED] - Delayed 1 second(s)

2022-01-06 09:25:14 - [TEST_STEP][PASSED] - hideKeyboard(): Keyboard is hidden

2022-01-06 09:25:17 - [MESSAGE][PASSED] - Keyboard is hidden

2022-01-06 09:25:17 - [TEST_STEP][PASSED] - tap(LOGN_EdtPassword, 0): Tapped on element 'Object Repository/Mobile/Page/Login/Input - Password'

2022-01-06 09:25:17 - [MESSAGE][WARNING] - Timeout '0' is invalid. Using default page load timeout: '60'

2022-01-06 09:25:18 - [MESSAGE][PASSED] - Tapped on element 'Object Repository/Mobile/Page/Login/Input - Password'

2022-01-06 09:25:18 - [TEST_STEP][PASSED] - delay(1): Delayed 1 second(s)

2022-01-06 09:25:19 - [MESSAGE][PASSED] - Delayed 1 second(s)

2022-01-06 09:25:19 - [TEST_STEP][PASSED] - setText(LOGN_EdtRdyPassword, "Shalawa18", 0): Text 'Shalawa18' has been set to element 'Object Repository/Mobile/Page/Login/Input Rdy - Password'

2022-01-06 09:25:19 - [MESSAGE][WARNING] - Timeout '0' is invalid. Using default page load timeout: '60'

2022-01-06 09:25:20 - [MESSAGE][PASSED] - Text 'Shalawa18' has been set to element 'Object Repository/Mobile/Page/Login/Input Rdy - Password'

2022-01-06 09:25:20 - [TEST_STEP][PASSED] - delay(1): Delayed 1 second(s)

2022-01-06 09:25:21 - [MESSAGE][PASSED] - Delayed 1 second(s)

2022-01-06 09:25:21 - [TEST_STEP][PASSED] - hideKeyboard(): Keyboard is hidden

2022-01-06 09:25:27 - [MESSAGE][PASSED] - Keyboard is hidden

2022-01-06 09:25:27 - [TEST_STEP][PASSED] - tap(LOGN_BtnLogin, 0): Tapped on element 'Object Repository/Mobile/Page/Login/Button - Login'

2022-01-06 09:25:27 - [MESSAGE][WARNING] - Timeout '0' is invalid. Using default page load timeout: '60'

2022-01-06 09:25:28 - [MESSAGE][PASSED] - Tapped on element 'Object Repository/Mobile/Page/Login/Button - Login'

2022-01-06 09:25:28 - [TEST_STEP][PASSED] - delay(2): Delayed 2 second(s)

2022-01-06 09:25:30 - [MESSAGE][PASSED] - Delayed 2 second(s)

2022-01-06 09:25:30 - [TEST_STEP][PASSED] - break: null

2022-01-06 09:25:30 - [MESSAGE][PASSED] - Call Test Case 'Test Cases/Mobile/Page/Login/Login' successfully

2022-01-06 09:25:30 - [MESSAGE][PASSED] - Call Test Case 'Test Cases/Mobile/Page/CheckLogin' successfully

2022-01-06 09:25:30 - [TEST_STEP][PASSED] - tap(HOME_MenubarAnalysis, 0): Tapped on element 'Object Repository/Mobile/Page/Home/Menubar - Analysis'

2022-01-06 09:25:30 - [MESSAGE][WARNING] - Timeout '0' is invalid. Using default page load timeout: '60'

2022-01-06 09:25:32 - [MESSAGE][PASSED] - Tapped on element 'Object Repository/Mobile/Page/Home/Menubar - Analysis'

2022-01-06 09:25:32 - [TEST_STEP][PASSED] - delay(1): Delayed 1 second(s)

2022-01-06 09:25:33 - [MESSAGE][PASSED] - Delayed 1 second(s)

2022-01-06 09:25:33 - [TEST_STEP][PASSED] - for ([i = 0, i < 1, (i++)]): Press back button successfully

2022-01-06 09:25:33 - [TEST_STEP][PASSED] - if (action == "technicalsearch"): null

2022-01-06 09:25:33 - [TEST_STEP][PASSED] - else if (action == "technicaldetail"): null

2022-01-06 09:25:33 - [TEST_STEP][PASSED] - else if (action == "researchdetail"): null

2022-01-06 09:25:33 - [TEST_STEP][PASSED] - else if (action == "researchsearch"): Press back button successfully

2022-01-06 09:25:33 - [TEST_STEP][PASSED] - tap(ANAL_TabResearchReport, 0): Tapped on element 'Object Repository/Mobile/Page/Analysis/Tab - Research Report'

2022-01-06 09:25:33 - [MESSAGE][WARNING] - Timeout '0' is invalid. Using default page load timeout: '60'

2022-01-06 09:25:35 - [MESSAGE][PASSED] - Tapped on element 'Object Repository/Mobile/Page/Analysis/Tab - Research Report'

2022-01-06 09:25:35 - [TEST_STEP][PASSED] - delay(1): Delayed 1 second(s)

2022-01-06 09:25:36 - [MESSAGE][PASSED] - Delayed 1 second(s)

2022-01-06 09:25:36 - [TEST_STEP][PASSED] - tap(ANAL_EdtSearch, 0): Tapped on element 'Object Repository/Mobile/Page/Analysis/Input - Search'

2022-01-06 09:25:36 - [MESSAGE][WARNING] - Timeout '0' is invalid. Using default page load timeout: '60'

2022-01-06 09:25:36 - [MESSAGE][PASSED] - Tapped on element 'Object Repository/Mobile/Page/Analysis/Input - Search'

2022-01-06 09:25:36 - [TEST_STEP][PASSED] - delay(1): Delayed 1 second(s)

2022-01-06 09:25:37 - [MESSAGE][PASSED] - Delayed 1 second(s)

2022-01-06 09:25:37 - [TEST_STEP][PASSED] - setText(ANAL_EdtSearch, "surya", 0): Text 'surya' has been set to element 'Object Repository/Mobile/Page/Analysis/Input - Search'

2022-01-06 09:25:37 - [MESSAGE][WARNING] - Timeout '0' is invalid. Using default page load timeout: '60'

2022-01-06 09:25:37 - [MESSAGE][PASSED] - Text 'surya' has been set to element 'Object Repository/Mobile/Page/Analysis/Input - Search'

2022-01-06 09:25:37 - [TEST_STEP][PASSED] - hideKeyboard(): Keyboard is hidden

2022-01-06 09:25:39 - [MESSAGE][PASSED] - Keyboard is hidden

2022-01-06 09:25:39 - [TEST_STEP][PASSED] - tapAndHold(ANAL_ItemTopSearch, 1, 0): Tapped and held on element 'Object Repository/Mobile/Page/Analysis/Item - Top Search' with duration 1

2022-01-06 09:25:39 - [MESSAGE][WARNING] - Timeout '0' is invalid. Using default page load timeout: '60'

2022-01-06 09:25:42 - [MESSAGE][PASSED] - Tapped and held on element 'Object Repository/Mobile/Page/Analysis/Item - Top Search' with duration 1

2022-01-06 09:25:42 - [TEST_STEP][PASSED] - delay(3): Delayed 3 second(s)

2022-01-06 09:25:45 - [MESSAGE][PASSED] - Delayed 3 second(s)

2022-01-06 09:25:45 - [TEST_STEP][PASSED] - pressBack(): Press back button successfully

2022-01-06 09:25:46 - [MESSAGE][PASSED] - Press back button successfully

2022-01-06 09:25:46 - [MESSAGE][PASSED] - Call Test Case 'Test Cases/Mobile/Page/Analysis/Analysis' successfully

2022-01-06 09:25:46 - [TEST_STEP][PASSED] - callTestCase(findTestCase("Mobile/Page/Run App/Terminate App"), [:], STOP_ON_FAILURE): Call Test Case 'Test Cases/Mobile/Page/Run App/Terminate App' successfully

2022-01-06 09:25:46 - [TEST_CASE][PASSED] - Test Cases/Mobile/Page/Run App/Terminate App: Test Cases/Mobile/Page/Run App/Terminate App

2022-01-06 09:25:46 - [TEST_STEP][PASSED] - startApp.OpenApp.terminateApplication(): startApp.OpenApp.terminateApplication is PASSED

2022-01-06 09:25:50 - [MESSAGE][PASSED] - Delayed 3 second(s)

2022-01-06 09:25:50 - [MESSAGE][PASSED] - Current device physical width is 720

2022-01-06 09:25:50 - [MESSAGE][PASSED] - Current device physical height is 1423

2022-01-06 09:25:52 - [MESSAGE][PASSED] - Swiped from 360,853 to 360,142

2022-01-06 09:25:53 - [MESSAGE][PASSED] - Delayed 1 second(s)

2022-01-06 09:25:54 - [MESSAGE][PASSED] - Swiped from 360,853 to 360,142

2022-01-06 09:25:57 - [MESSAGE][PASSED] - Delayed 3 second(s)

2022-01-06 09:25:57 - [MESSAGE][PASSED] - startApp.OpenApp.terminateApplication is PASSED

2022-01-06 09:25:57 - [MESSAGE][PASSED] - Call Test Case 'Test Cases/Mobile/Page/Run App/Terminate App' successfully]]></system-out>
         <system-err><![CDATA[]]></system-err>
      </testcase>
      <system-out><![CDATA[2022-01-06 09:17:19 - [TEST_SUITE][PASSED] - analysis: Test Cases/Mobile/Scenario/Analysis/007 - Mencari research report]]></system-out>
      <system-err><![CDATA[]]></system-err>
   </testsuite>
</testsuites>
