<?xml version="1.0" encoding="UTF-8"?>
<testsuites name="Transaction" time="1436.008" tests="20" failures="2" skips="0" errors="0">
   <testsuite name="Transaction" tests="20" failures="2" errors="0" time="1436.008" skips="0" timestamp="2021-11-18 08:08:44" hostname="Owner - aldy-tft" id="Test Suites/Transaction">
      <properties>
         <property name="deviceName" value="samsung SM-A205F (Android 11)"/>
         <property name="devicePlatform" value=""/>
         <property name="logFolder" value="C:\\Users\\Owner\\Documents\\kerjaan\\KatalonProject\\qa-katalon-maxfund\\Reports\\20211118_080835\\Transaction\\20211118_080835"/>
         <property name="logFiles" value="C:\\Users\\Owner\\Documents\\kerjaan\\KatalonProject\\qa-katalon-maxfund\\Reports\\20211118_080835\\Transaction\\20211118_080835\\appium.log, C:\\Users\\Owner\\Documents\\kerjaan\\KatalonProject\\qa-katalon-maxfund\\Reports\\20211118_080835\\Transaction\\20211118_080835\\execution0.log"/>
         <property name="attachments" value="C:\\Users\\Owner\\Documents\\kerjaan\\KatalonProject\\qa-katalon-maxfund\\Reports\\20211118_080835\\Transaction\\20211118_080835\\1637197817025.png, C:\\Users\\Owner\\Documents\\kerjaan\\KatalonProject\\qa-katalon-maxfund\\Reports\\20211118_080835\\Transaction\\20211118_080835\\1637199159542.png"/>
         <property name="hostName" value="Owner - aldy-tft"/>
         <property name="os" value="Windows 10 64bit"/>
         <property name="appiumServerStatus" value="{&quot;value&quot;:{&quot;build&quot;:{&quot;version&quot;:&quot;1.22.0&quot;}},&quot;sessionId&quot;:null,&quot;status&quot;:0}"/>
         <property name="katalonVersion" value="7.9.1.208"/>
         <property name="deviceOS" value="Android"/>
         <property name="appiumVersion" value="1.22.0"/>
         <property name="deviceModel" value="SM-A205F"/>
         <property name="hostAddress" value="10.0.30.193"/>
         <property name="deviceManufacturer" value="samsung"/>
         <property name="deviceId" value="RR8M40C9AXE"/>
         <property name="deviceName" value="samsung SM-A205F (Android 11)"/>
         <property name="deviceOSVersion" value="11"/>
      </properties>
      <testcase name="Test Cases/Mobile/Scenario/Transaction/001 - Melihat daftar Transaction" time="69.527" classname="Test Cases/Mobile/Scenario/Transaction/001 - Melihat daftar Transaction" status="PASSED">
         <system-out><![CDATA[2021-11-18 08:08:45 - [TEST_CASE][PASSED] - Test Cases/Mobile/Scenario/Transaction/001 - Melihat daftar Transaction: Test Cases/Mobile/Scenario/Transaction/001 - Melihat daftar Transaction

2021-11-18 08:08:45 - [TEST_STEP][PASSED] - callTestCase(findTestCase("Mobile/Page/Run App/Run App byID"), [:], STOP_ON_FAILURE): Call Test Case 'Test Cases/Mobile/Page/Run App/Run App byID' successfully

2021-11-18 08:08:46 - [TEST_CASE][PASSED] - Test Cases/Mobile/Page/Run App/Run App byID: Test Cases/Mobile/Page/Run App/Run App byID

2021-11-18 08:08:46 - [TEST_STEP][PASSED] - startApp.OpenApp.startApplication("id.co.miraeasset.navi"): startApp.OpenApp.startApplication is PASSED

2021-11-18 08:08:48 - [MESSAGE][INFO] - Appium server started on port 58,895

2021-11-18 08:09:03 - [MESSAGE][PASSED] - Starting app with application ID: 'id.co.miraeasset.navi'

2021-11-18 08:09:03 - [MESSAGE][PASSED] - startApp.OpenApp.startApplication is PASSED

2021-11-18 08:09:03 - [MESSAGE][PASSED] - Call Test Case 'Test Cases/Mobile/Page/Run App/Run App byID' successfully

2021-11-18 08:09:03 - [TEST_STEP][PASSED] - callTestCase(findTestCase("Mobile/Page/Transaction/Transaction"), ["page":"onprocess", "tab":"none", "action":"none"], CONTINUE_ON_FAILURE): Call Test Case 'Test Cases/Mobile/Page/Transaction/Transaction' successfully

2021-11-18 08:09:03 - [TEST_CASE][PASSED] - Test Cases/Mobile/Page/Transaction/Transaction: Test Cases/Mobile/Page/Transaction/Transaction

2021-11-18 08:09:04 - [TEST_STEP][PASSED] - delay(5): Delayed 5 second(s)

2021-11-18 08:09:09 - [MESSAGE][PASSED] - Delayed 5 second(s)

2021-11-18 08:09:09 - [TEST_STEP][PASSED] - loginCheck = verifyElementExist(findTestObject("Object Repository/Mobile/Page/Dashboard/Button - Login"), 2, CONTINUE_ON_FAILURE): Element 'Object Repository/Mobile/Page/Dashboard/Button - Login' is exist

2021-11-18 08:09:10 - [MESSAGE][PASSED] - Element 'Object Repository/Mobile/Page/Dashboard/Button - Login' is exist

2021-11-18 08:09:10 - [TEST_STEP][PASSED] - if (loginCheck): Call Test Case 'Test Cases/Mobile/Page/Login/Login' successfully

2021-11-18 08:09:10 - [TEST_STEP][PASSED] - callTestCase(findTestCase("Mobile/Page/Login/Login"), ["isLogin":0]): Call Test Case 'Test Cases/Mobile/Page/Login/Login' successfully

2021-11-18 08:09:10 - [TEST_CASE][PASSED] - Test Cases/Mobile/Page/Login/Login: Test Cases/Mobile/Page/Login/Login

2021-11-18 08:09:11 - [TEST_STEP][PASSED] - if (isLogin == 0): Tapped on element 'Object Repository/Mobile/Page/Dashboard/Button - Login'

2021-11-18 08:09:11 - [TEST_STEP][PASSED] - tap(findTestObject("Mobile/Page/Dashboard/Button - Login"), 0): Tapped on element 'Object Repository/Mobile/Page/Dashboard/Button - Login'

2021-11-18 08:09:11 - [MESSAGE][WARNING] - Timeout '0' is invalid. Using default page load timeout: '60'

2021-11-18 08:09:13 - [MESSAGE][PASSED] - Tapped on element 'Object Repository/Mobile/Page/Dashboard/Button - Login'

2021-11-18 08:09:13 - [TEST_STEP][PASSED] - tap(findTestObject("Mobile/Page/Login/Tap - UserID or Email"), 0): Tapped on element 'Object Repository/Mobile/Page/Login/Tap - UserID or Email'

2021-11-18 08:09:13 - [MESSAGE][WARNING] - Timeout '0' is invalid. Using default page load timeout: '60'

2021-11-18 08:09:14 - [MESSAGE][PASSED] - Tapped on element 'Object Repository/Mobile/Page/Login/Tap - UserID or Email'

2021-11-18 08:09:14 - [TEST_STEP][PASSED] - delay(3): Delayed 3 second(s)

2021-11-18 08:09:17 - [MESSAGE][PASSED] - Delayed 3 second(s)

2021-11-18 08:09:17 - [TEST_STEP][PASSED] - setText(findTestObject("Mobile/Page/Login/Input - UserID or Email"), "ady.pangerang@gmail.com", 0): Text 'ady.pangerang@gmail.com' has been set to element 'Object Repository/Mobile/Page/Login/Input - UserID or Email'

2021-11-18 08:09:17 - [MESSAGE][WARNING] - Timeout '0' is invalid. Using default page load timeout: '60'

2021-11-18 08:09:18 - [MESSAGE][PASSED] - Text 'ady.pangerang@gmail.com' has been set to element 'Object Repository/Mobile/Page/Login/Input - UserID or Email'

2021-11-18 08:09:18 - [TEST_STEP][PASSED] - delay(1): Delayed 1 second(s)

2021-11-18 08:09:19 - [MESSAGE][PASSED] - Delayed 1 second(s)

2021-11-18 08:09:19 - [TEST_STEP][PASSED] - hideKeyboard(): Keyboard is hidden

2021-11-18 08:09:23 - [MESSAGE][PASSED] - Keyboard is hidden

2021-11-18 08:09:23 - [TEST_STEP][PASSED] - delay(1): Delayed 1 second(s)

2021-11-18 08:09:25 - [MESSAGE][PASSED] - Delayed 1 second(s)

2021-11-18 08:09:25 - [TEST_STEP][PASSED] - tap(findTestObject("Mobile/Page/Login/Tap - Password 2"), 0): Tapped on element 'Object Repository/Mobile/Page/Login/Tap - Password 2'

2021-11-18 08:09:25 - [MESSAGE][WARNING] - Timeout '0' is invalid. Using default page load timeout: '60'

2021-11-18 08:09:25 - [MESSAGE][PASSED] - Tapped on element 'Object Repository/Mobile/Page/Login/Tap - Password 2'

2021-11-18 08:09:25 - [TEST_STEP][PASSED] - delay(3): Delayed 3 second(s)

2021-11-18 08:09:28 - [MESSAGE][PASSED] - Delayed 3 second(s)

2021-11-18 08:09:28 - [TEST_STEP][PASSED] - setText(findTestObject("Mobile/Page/Login/Tap - Password 2"), "Mirae1234", 0): Text 'Mirae1234' has been set to element 'Object Repository/Mobile/Page/Login/Tap - Password 2'

2021-11-18 08:09:28 - [MESSAGE][WARNING] - Timeout '0' is invalid. Using default page load timeout: '60'

2021-11-18 08:09:29 - [MESSAGE][PASSED] - Text 'Mirae1234' has been set to element 'Object Repository/Mobile/Page/Login/Tap - Password 2'

2021-11-18 08:09:29 - [TEST_STEP][PASSED] - delay(1): Delayed 1 second(s)

2021-11-18 08:09:30 - [MESSAGE][PASSED] - Delayed 1 second(s)

2021-11-18 08:09:30 - [TEST_STEP][PASSED] - hideKeyboard(): Keyboard is hidden

2021-11-18 08:09:36 - [MESSAGE][PASSED] - Keyboard is hidden

2021-11-18 08:09:36 - [TEST_STEP][PASSED] - delay(1): Delayed 1 second(s)

2021-11-18 08:09:37 - [MESSAGE][PASSED] - Delayed 1 second(s)

2021-11-18 08:09:37 - [TEST_STEP][PASSED] - tap(findTestObject("Mobile/Page/Login/Button - Sign In"), 0): Tapped on element 'Object Repository/Mobile/Page/Login/Button - Sign In'

2021-11-18 08:09:37 - [MESSAGE][WARNING] - Timeout '0' is invalid. Using default page load timeout: '60'

2021-11-18 08:09:38 - [MESSAGE][PASSED] - Tapped on element 'Object Repository/Mobile/Page/Login/Button - Sign In'

2021-11-18 08:09:38 - [MESSAGE][PASSED] - Call Test Case 'Test Cases/Mobile/Page/Login/Login' successfully

2021-11-18 08:09:38 - [TEST_STEP][PASSED] - if (page == "cart"): null

2021-11-18 08:09:38 - [TEST_STEP][PASSED] - tap(findTestObject("Object Repository/Mobile/Page/Transaction/Button - Menubar Transaction"), 0): Tapped on element 'Object Repository/Mobile/Page/Transaction/Button - Menubar Transaction'

2021-11-18 08:09:38 - [MESSAGE][WARNING] - Timeout '0' is invalid. Using default page load timeout: '60'

2021-11-18 08:09:40 - [MESSAGE][PASSED] - Tapped on element 'Object Repository/Mobile/Page/Transaction/Button - Menubar Transaction'

2021-11-18 08:09:40 - [TEST_STEP][PASSED] - delay(1): Delayed 1 second(s)

2021-11-18 08:09:41 - [MESSAGE][PASSED] - Delayed 1 second(s)

2021-11-18 08:09:41 - [TEST_STEP][PASSED] - if (page == "onprocess"): Delayed 1 second(s)

2021-11-18 08:09:41 - [TEST_STEP][PASSED] - if (tab == "subscription"): null

2021-11-18 08:09:41 - [TEST_STEP][PASSED] - if (action == "detail"): null

2021-11-18 08:09:41 - [TEST_STEP][PASSED] - delay(1): Delayed 1 second(s)

2021-11-18 08:09:42 - [MESSAGE][PASSED] - Delayed 1 second(s)

2021-11-18 08:09:42 - [MESSAGE][PASSED] - Call Test Case 'Test Cases/Mobile/Page/Transaction/Transaction' successfully

2021-11-18 08:09:42 - [TEST_STEP][PASSED] - callTestCase(findTestCase("Mobile/Page/Run App/Terminate App"), [:], STOP_ON_FAILURE): Call Test Case 'Test Cases/Mobile/Page/Run App/Terminate App' successfully

2021-11-18 08:09:42 - [TEST_CASE][PASSED] - Test Cases/Mobile/Page/Run App/Terminate App: Test Cases/Mobile/Page/Run App/Terminate App

2021-11-18 08:09:43 - [TEST_STEP][PASSED] - startApp.OpenApp.terminateApplication(): startApp.OpenApp.terminateApplication is PASSED

2021-11-18 08:09:47 - [MESSAGE][PASSED] - Delayed 3 second(s)

2021-11-18 08:09:47 - [MESSAGE][PASSED] - Current device physical width is 720

2021-11-18 08:09:48 - [MESSAGE][PASSED] - Current device physical height is 1423

2021-11-18 08:09:49 - [MESSAGE][PASSED] - Swiped from 360,853 to 360,142

2021-11-18 08:09:50 - [MESSAGE][PASSED] - Delayed 1 second(s)

2021-11-18 08:09:51 - [MESSAGE][PASSED] - Swiped from 360,853 to 360,142

2021-11-18 08:09:55 - [MESSAGE][PASSED] - Delayed 3 second(s)

2021-11-18 08:09:55 - [MESSAGE][PASSED] - startApp.OpenApp.terminateApplication is PASSED

2021-11-18 08:09:55 - [MESSAGE][PASSED] - Call Test Case 'Test Cases/Mobile/Page/Run App/Terminate App' successfully]]></system-out>
         <system-err><![CDATA[]]></system-err>
      </testcase>
      <testcase name="Test Cases/Mobile/Scenario/Transaction/002 - Melihat Transaction berdasarkan ketegori On Process dan Subcription" time="37.148" classname="Test Cases/Mobile/Scenario/Transaction/002 - Melihat Transaction berdasarkan ketegori On Process dan Subcription" status="FAILED">
         <failure type="FAILED" message="Test Cases/Mobile/Scenario/Transaction/002 - Melihat Transaction berdasarkan ketegori On Process dan Subcription FAILED.
Reason:
com.kms.katalon.core.exception.StepFailedException: Unable to call Test Case 'Test Cases/Mobile/Page/Transaction/Transaction' (Root cause: com.kms.katalon.core.exception.StepFailedException: Call Test Case 'Test Cases/Mobile/Page/Transaction/Transaction' failed
	at com.kms.katalon.core.keyword.builtin.CallTestCaseKeyword$_callTestCase_closure1.doCall(CallTestCaseKeyword.groovy:63)
	at com.kms.katalon.core.keyword.builtin.CallTestCaseKeyword$_callTestCase_closure1.call(CallTestCaseKeyword.groovy)
	at com.kms.katalon.core.keyword.internal.KeywordMain.runKeyword(KeywordMain.groovy:68)
	at com.kms.katalon.core.keyword.builtin.CallTestCaseKeyword.callTestCase(CallTestCaseKeyword.groovy:81)
	at com.kms.katalon.core.keyword.builtin.CallTestCaseKeyword.execute(CallTestCaseKeyword.groovy:44)
	at com.kms.katalon.core.keyword.internal.KeywordExecutor.executeKeywordForPlatform(KeywordExecutor.groovy:73)
	at com.kms.katalon.core.keyword.BuiltinKeywords.callTestCase(BuiltinKeywords.groovy:334)
	at 002 - Melihat Transaction berdasarkan ketegori On Process dan Subcription.run(002 - Melihat Transaction berdasarkan ketegori On Process dan Subcription:22)
	at com.kms.katalon.core.main.ScriptEngine.run(ScriptEngine.java:194)
	at com.kms.katalon.core.main.ScriptEngine.runScriptAsRawText(ScriptEngine.java:119)
	at com.kms.katalon.core.main.TestCaseExecutor.runScript(TestCaseExecutor.java:398)
	at com.kms.katalon.core.main.TestCaseExecutor.doExecute(TestCaseExecutor.java:389)
	at com.kms.katalon.core.main.TestCaseExecutor.processExecutionPhase(TestCaseExecutor.java:368)
	at com.kms.katalon.core.main.TestCaseExecutor.accessMainPhase(TestCaseExecutor.java:360)
	at com.kms.katalon.core.main.TestCaseExecutor.execute(TestCaseExecutor.java:255)
	at com.kms.katalon.core.main.TestSuiteExecutor.accessTestCaseMainPhase(TestSuiteExecutor.java:203)
	at com.kms.katalon.core.main.TestSuiteExecutor.accessTestSuiteMainPhase(TestSuiteExecutor.java:152)
	at com.kms.katalon.core.main.TestSuiteExecutor.execute(TestSuiteExecutor.java:95)
	at com.kms.katalon.core.main.TestCaseMain.startTestSuite(TestCaseMain.java:157)
	at com.kms.katalon.core.main.TestCaseMain$startTestSuite$0.call(Unknown Source)
	at TempTestSuite1637197715028.run(TempTestSuite1637197715028.groovy:39)
Caused by: com.kms.katalon.core.exception.StepFailedException: Element 'Object Repository/Mobile/Page/Dashboard/Button - Login' not found
	at com.kms.katalon.core.keyword.internal.KeywordMain.stepFailed(KeywordMain.groovy:39)
	at com.kms.katalon.core.mobile.keyword.internal.MobileKeywordMain.stepFailed(MobileKeywordMain.groovy:40)
	at com.kms.katalon.core.mobile.keyword.builtin.VerifyElementExistKeyword$_verifyElementExist_closure1.doCall(VerifyElementExistKeyword.groovy:77)
	at com.kms.katalon.core.mobile.keyword.builtin.VerifyElementExistKeyword$_verifyElementExist_closure1.call(VerifyElementExistKeyword.groovy)
	at com.kms.katalon.core.mobile.keyword.internal.MobileKeywordMain.runKeyword(MobileKeywordMain.groovy:21)
	at com.kms.katalon.core.mobile.keyword.builtin.VerifyElementExistKeyword.verifyElementExist(VerifyElementExistKeyword.groovy:80)
	at com.kms.katalon.core.mobile.keyword.builtin.VerifyElementExistKeyword.execute(VerifyElementExistKeyword.groovy:64)
	at com.kms.katalon.core.keyword.internal.KeywordExecutor.executeKeywordForPlatform(KeywordExecutor.groovy:73)
	at com.kms.katalon.core.mobile.keyword.MobileBuiltInKeywords.verifyElementExist(MobileBuiltInKeywords.groovy:1570)
	at com.kms.katalon.core.mobile.keyword.MobileBuiltInKeywords$verifyElementExist$0.call(Unknown Source)
	at Transaction.run(Transaction:22)
	at com.kms.katalon.core.main.ScriptEngine.run(ScriptEngine.java:194)
	at com.kms.katalon.core.main.ScriptEngine.runScriptAsRawText(ScriptEngine.java:119)
	at com.kms.katalon.core.main.TestCaseExecutor.runScript(TestCaseExecutor.java:398)
	at com.kms.katalon.core.main.TestCaseExecutor.doExecute(TestCaseExecutor.java:389)
	at com.kms.katalon.core.main.TestCaseExecutor.processExecutionPhase(TestCaseExecutor.java:368)
	at com.kms.katalon.core.main.TestCaseExecutor.accessMainPhase(TestCaseExecutor.java:360)
	at com.kms.katalon.core.main.TestCaseExecutor.execute(TestCaseExecutor.java:255)
	at com.kms.katalon.core.main.TestCaseMain.runTestCase(TestCaseMain.java:114)
	at com.kms.katalon.core.keyword.builtin.CallTestCaseKeyword$_callTestCase_closure1.doCall(CallTestCaseKeyword.groovy:59)
	... 20 more
)
	at com.kms.katalon.core.keyword.internal.KeywordMain.stepFailed(KeywordMain.groovy:39)
	at com.kms.katalon.core.keyword.internal.KeywordMain.stepFailed(KeywordMain.groovy)
	at com.kms.katalon.core.keyword.internal.KeywordMain.runKeyword(KeywordMain.groovy:70)
	at com.kms.katalon.core.keyword.builtin.CallTestCaseKeyword.callTestCase(CallTestCaseKeyword.groovy:81)
	at com.kms.katalon.core.keyword.builtin.CallTestCaseKeyword.execute(CallTestCaseKeyword.groovy:44)
	at com.kms.katalon.core.keyword.internal.KeywordExecutor.executeKeywordForPlatform(KeywordExecutor.groovy:73)
	at com.kms.katalon.core.keyword.BuiltinKeywords.callTestCase(BuiltinKeywords.groovy:334)
	at 002 - Melihat Transaction berdasarkan ketegori On Process dan Subcription.run(002 - Melihat Transaction berdasarkan ketegori On Process dan Subcription:22)
	at com.kms.katalon.core.main.ScriptEngine.run(ScriptEngine.java:194)
	at com.kms.katalon.core.main.ScriptEngine.runScriptAsRawText(ScriptEngine.java:119)
	at com.kms.katalon.core.main.TestCaseExecutor.runScript(TestCaseExecutor.java:398)
	at com.kms.katalon.core.main.TestCaseExecutor.doExecute(TestCaseExecutor.java:389)
	at com.kms.katalon.core.main.TestCaseExecutor.processExecutionPhase(TestCaseExecutor.java:368)
	at com.kms.katalon.core.main.TestCaseExecutor.accessMainPhase(TestCaseExecutor.java:360)
	at com.kms.katalon.core.main.TestCaseExecutor.execute(TestCaseExecutor.java:255)
	at com.kms.katalon.core.main.TestSuiteExecutor.accessTestCaseMainPhase(TestSuiteExecutor.java:203)
	at com.kms.katalon.core.main.TestSuiteExecutor.accessTestSuiteMainPhase(TestSuiteExecutor.java:152)
	at com.kms.katalon.core.main.TestSuiteExecutor.execute(TestSuiteExecutor.java:95)
	at com.kms.katalon.core.main.TestCaseMain.startTestSuite(TestCaseMain.java:157)
	at com.kms.katalon.core.main.TestCaseMain$startTestSuite$0.call(Unknown Source)
	at TempTestSuite1637197715028.run(TempTestSuite1637197715028.groovy:39)
Caused by: com.kms.katalon.core.exception.StepFailedException: Call Test Case 'Test Cases/Mobile/Page/Transaction/Transaction' failed
	at com.kms.katalon.core.keyword.builtin.CallTestCaseKeyword$_callTestCase_closure1.doCall(CallTestCaseKeyword.groovy:63)
	at com.kms.katalon.core.keyword.builtin.CallTestCaseKeyword$_callTestCase_closure1.call(CallTestCaseKeyword.groovy)
	at com.kms.katalon.core.keyword.internal.KeywordMain.runKeyword(KeywordMain.groovy:68)
	... 18 more
Caused by: com.kms.katalon.core.exception.StepFailedException: Element 'Object Repository/Mobile/Page/Dashboard/Button - Login' not found
	at com.kms.katalon.core.keyword.internal.KeywordMain.stepFailed(KeywordMain.groovy:39)
	at com.kms.katalon.core.mobile.keyword.internal.MobileKeywordMain.stepFailed(MobileKeywordMain.groovy:40)
	at com.kms.katalon.core.mobile.keyword.builtin.VerifyElementExistKeyword$_verifyElementExist_closure1.doCall(VerifyElementExistKeyword.groovy:77)
	at com.kms.katalon.core.mobile.keyword.builtin.VerifyElementExistKeyword$_verifyElementExist_closure1.call(VerifyElementExistKeyword.groovy)
	at com.kms.katalon.core.mobile.keyword.internal.MobileKeywordMain.runKeyword(MobileKeywordMain.groovy:21)
	at com.kms.katalon.core.mobile.keyword.builtin.VerifyElementExistKeyword.verifyElementExist(VerifyElementExistKeyword.groovy:80)
	at com.kms.katalon.core.mobile.keyword.builtin.VerifyElementExistKeyword.execute(VerifyElementExistKeyword.groovy:64)
	at com.kms.katalon.core.keyword.internal.KeywordExecutor.executeKeywordForPlatform(KeywordExecutor.groovy:73)
	at com.kms.katalon.core.mobile.keyword.MobileBuiltInKeywords.verifyElementExist(MobileBuiltInKeywords.groovy:1570)
	at com.kms.katalon.core.mobile.keyword.MobileBuiltInKeywords$verifyElementExist$0.call(Unknown Source)
	at Transaction.run(Transaction:22)
	at com.kms.katalon.core.main.ScriptEngine.run(ScriptEngine.java:194)
	at com.kms.katalon.core.main.ScriptEngine.runScriptAsRawText(ScriptEngine.java:119)
	at com.kms.katalon.core.main.TestCaseExecutor.runScript(TestCaseExecutor.java:398)
	at com.kms.katalon.core.main.TestCaseExecutor.doExecute(TestCaseExecutor.java:389)
	at com.kms.katalon.core.main.TestCaseExecutor.processExecutionPhase(TestCaseExecutor.java:368)
	at com.kms.katalon.core.main.TestCaseExecutor.accessMainPhase(TestCaseExecutor.java:360)
	at com.kms.katalon.core.main.TestCaseExecutor.execute(TestCaseExecutor.java:255)
	at com.kms.katalon.core.main.TestCaseMain.runTestCase(TestCaseMain.java:114)
	at com.kms.katalon.core.keyword.builtin.CallTestCaseKeyword$_callTestCase_closure1.doCall(CallTestCaseKeyword.groovy:59)
	... 20 more
"/>
         <system-out><![CDATA[2021-11-18 08:09:55 - [TEST_CASE][FAILED] - Test Cases/Mobile/Scenario/Transaction/002 - Melihat Transaction berdasarkan ketegori On Process dan Subcription: Test Cases/Mobile/Scenario/Transaction/002 - Melihat Transaction berdasarkan ketegori On Process dan Subcription FAILED.
Reason:
com.kms.katalon.core.exception.StepFailedException: Unable to call Test Case 'Test Cases/Mobile/Page/Transaction/Transaction' (Root cause: com.kms.katalon.core.exception.StepFailedException: Call Test Case 'Test Cases/Mobile/Page/Transaction/Transaction' failed
	at com.kms.katalon.core.keyword.builtin.CallTestCaseKeyword$_callTestCase_closure1.doCall(CallTestCaseKeyword.groovy:63)
	at com.kms.katalon.core.keyword.builtin.CallTestCaseKeyword$_callTestCase_closure1.call(CallTestCaseKeyword.groovy)
	at com.kms.katalon.core.keyword.internal.KeywordMain.runKeyword(KeywordMain.groovy:68)
	at com.kms.katalon.core.keyword.builtin.CallTestCaseKeyword.callTestCase(CallTestCaseKeyword.groovy:81)
	at com.kms.katalon.core.keyword.builtin.CallTestCaseKeyword.execute(CallTestCaseKeyword.groovy:44)
	at com.kms.katalon.core.keyword.internal.KeywordExecutor.executeKeywordForPlatform(KeywordExecutor.groovy:73)
	at com.kms.katalon.core.keyword.BuiltinKeywords.callTestCase(BuiltinKeywords.groovy:334)
	at 002 - Melihat Transaction berdasarkan ketegori On Process dan Subcription.run(002 - Melihat Transaction berdasarkan ketegori On Process dan Subcription:22)
	at com.kms.katalon.core.main.ScriptEngine.run(ScriptEngine.java:194)
	at com.kms.katalon.core.main.ScriptEngine.runScriptAsRawText(ScriptEngine.java:119)
	at com.kms.katalon.core.main.TestCaseExecutor.runScript(TestCaseExecutor.java:398)
	at com.kms.katalon.core.main.TestCaseExecutor.doExecute(TestCaseExecutor.java:389)
	at com.kms.katalon.core.main.TestCaseExecutor.processExecutionPhase(TestCaseExecutor.java:368)
	at com.kms.katalon.core.main.TestCaseExecutor.accessMainPhase(TestCaseExecutor.java:360)
	at com.kms.katalon.core.main.TestCaseExecutor.execute(TestCaseExecutor.java:255)
	at com.kms.katalon.core.main.TestSuiteExecutor.accessTestCaseMainPhase(TestSuiteExecutor.java:203)
	at com.kms.katalon.core.main.TestSuiteExecutor.accessTestSuiteMainPhase(TestSuiteExecutor.java:152)
	at com.kms.katalon.core.main.TestSuiteExecutor.execute(TestSuiteExecutor.java:95)
	at com.kms.katalon.core.main.TestCaseMain.startTestSuite(TestCaseMain.java:157)
	at com.kms.katalon.core.main.TestCaseMain$startTestSuite$0.call(Unknown Source)
	at TempTestSuite1637197715028.run(TempTestSuite1637197715028.groovy:39)
Caused by: com.kms.katalon.core.exception.StepFailedException: Element 'Object Repository/Mobile/Page/Dashboard/Button - Login' not found
	at com.kms.katalon.core.keyword.internal.KeywordMain.stepFailed(KeywordMain.groovy:39)
	at com.kms.katalon.core.mobile.keyword.internal.MobileKeywordMain.stepFailed(MobileKeywordMain.groovy:40)
	at com.kms.katalon.core.mobile.keyword.builtin.VerifyElementExistKeyword$_verifyElementExist_closure1.doCall(VerifyElementExistKeyword.groovy:77)
	at com.kms.katalon.core.mobile.keyword.builtin.VerifyElementExistKeyword$_verifyElementExist_closure1.call(VerifyElementExistKeyword.groovy)
	at com.kms.katalon.core.mobile.keyword.internal.MobileKeywordMain.runKeyword(MobileKeywordMain.groovy:21)
	at com.kms.katalon.core.mobile.keyword.builtin.VerifyElementExistKeyword.verifyElementExist(VerifyElementExistKeyword.groovy:80)
	at com.kms.katalon.core.mobile.keyword.builtin.VerifyElementExistKeyword.execute(VerifyElementExistKeyword.groovy:64)
	at com.kms.katalon.core.keyword.internal.KeywordExecutor.executeKeywordForPlatform(KeywordExecutor.groovy:73)
	at com.kms.katalon.core.mobile.keyword.MobileBuiltInKeywords.verifyElementExist(MobileBuiltInKeywords.groovy:1570)
	at com.kms.katalon.core.mobile.keyword.MobileBuiltInKeywords$verifyElementExist$0.call(Unknown Source)
	at Transaction.run(Transaction:22)
	at com.kms.katalon.core.main.ScriptEngine.run(ScriptEngine.java:194)
	at com.kms.katalon.core.main.ScriptEngine.runScriptAsRawText(ScriptEngine.java:119)
	at com.kms.katalon.core.main.TestCaseExecutor.runScript(TestCaseExecutor.java:398)
	at com.kms.katalon.core.main.TestCaseExecutor.doExecute(TestCaseExecutor.java:389)
	at com.kms.katalon.core.main.TestCaseExecutor.processExecutionPhase(TestCaseExecutor.java:368)
	at com.kms.katalon.core.main.TestCaseExecutor.accessMainPhase(TestCaseExecutor.java:360)
	at com.kms.katalon.core.main.TestCaseExecutor.execute(TestCaseExecutor.java:255)
	at com.kms.katalon.core.main.TestCaseMain.runTestCase(TestCaseMain.java:114)
	at com.kms.katalon.core.keyword.builtin.CallTestCaseKeyword$_callTestCase_closure1.doCall(CallTestCaseKeyword.groovy:59)
	... 20 more
)
	at com.kms.katalon.core.keyword.internal.KeywordMain.stepFailed(KeywordMain.groovy:39)
	at com.kms.katalon.core.keyword.internal.KeywordMain.stepFailed(KeywordMain.groovy)
	at com.kms.katalon.core.keyword.internal.KeywordMain.runKeyword(KeywordMain.groovy:70)
	at com.kms.katalon.core.keyword.builtin.CallTestCaseKeyword.callTestCase(CallTestCaseKeyword.groovy:81)
	at com.kms.katalon.core.keyword.builtin.CallTestCaseKeyword.execute(CallTestCaseKeyword.groovy:44)
	at com.kms.katalon.core.keyword.internal.KeywordExecutor.executeKeywordForPlatform(KeywordExecutor.groovy:73)
	at com.kms.katalon.core.keyword.BuiltinKeywords.callTestCase(BuiltinKeywords.groovy:334)
	at 002 - Melihat Transaction berdasarkan ketegori On Process dan Subcription.run(002 - Melihat Transaction berdasarkan ketegori On Process dan Subcription:22)
	at com.kms.katalon.core.main.ScriptEngine.run(ScriptEngine.java:194)
	at com.kms.katalon.core.main.ScriptEngine.runScriptAsRawText(ScriptEngine.java:119)
	at com.kms.katalon.core.main.TestCaseExecutor.runScript(TestCaseExecutor.java:398)
	at com.kms.katalon.core.main.TestCaseExecutor.doExecute(TestCaseExecutor.java:389)
	at com.kms.katalon.core.main.TestCaseExecutor.processExecutionPhase(TestCaseExecutor.java:368)
	at com.kms.katalon.core.main.TestCaseExecutor.accessMainPhase(TestCaseExecutor.java:360)
	at com.kms.katalon.core.main.TestCaseExecutor.execute(TestCaseExecutor.java:255)
	at com.kms.katalon.core.main.TestSuiteExecutor.accessTestCaseMainPhase(TestSuiteExecutor.java:203)
	at com.kms.katalon.core.main.TestSuiteExecutor.accessTestSuiteMainPhase(TestSuiteExecutor.java:152)
	at com.kms.katalon.core.main.TestSuiteExecutor.execute(TestSuiteExecutor.java:95)
	at com.kms.katalon.core.main.TestCaseMain.startTestSuite(TestCaseMain.java:157)
	at com.kms.katalon.core.main.TestCaseMain$startTestSuite$0.call(Unknown Source)
	at TempTestSuite1637197715028.run(TempTestSuite1637197715028.groovy:39)
Caused by: com.kms.katalon.core.exception.StepFailedException: Call Test Case 'Test Cases/Mobile/Page/Transaction/Transaction' failed
	at com.kms.katalon.core.keyword.builtin.CallTestCaseKeyword$_callTestCase_closure1.doCall(CallTestCaseKeyword.groovy:63)
	at com.kms.katalon.core.keyword.builtin.CallTestCaseKeyword$_callTestCase_closure1.call(CallTestCaseKeyword.groovy)
	at com.kms.katalon.core.keyword.internal.KeywordMain.runKeyword(KeywordMain.groovy:68)
	... 18 more
Caused by: com.kms.katalon.core.exception.StepFailedException: Element 'Object Repository/Mobile/Page/Dashboard/Button - Login' not found
	at com.kms.katalon.core.keyword.internal.KeywordMain.stepFailed(KeywordMain.groovy:39)
	at com.kms.katalon.core.mobile.keyword.internal.MobileKeywordMain.stepFailed(MobileKeywordMain.groovy:40)
	at com.kms.katalon.core.mobile.keyword.builtin.VerifyElementExistKeyword$_verifyElementExist_closure1.doCall(VerifyElementExistKeyword.groovy:77)
	at com.kms.katalon.core.mobile.keyword.builtin.VerifyElementExistKeyword$_verifyElementExist_closure1.call(VerifyElementExistKeyword.groovy)
	at com.kms.katalon.core.mobile.keyword.internal.MobileKeywordMain.runKeyword(MobileKeywordMain.groovy:21)
	at com.kms.katalon.core.mobile.keyword.builtin.VerifyElementExistKeyword.verifyElementExist(VerifyElementExistKeyword.groovy:80)
	at com.kms.katalon.core.mobile.keyword.builtin.VerifyElementExistKeyword.execute(VerifyElementExistKeyword.groovy:64)
	at com.kms.katalon.core.keyword.internal.KeywordExecutor.executeKeywordForPlatform(KeywordExecutor.groovy:73)
	at com.kms.katalon.core.mobile.keyword.MobileBuiltInKeywords.verifyElementExist(MobileBuiltInKeywords.groovy:1570)
	at com.kms.katalon.core.mobile.keyword.MobileBuiltInKeywords$verifyElementExist$0.call(Unknown Source)
	at Transaction.run(Transaction:22)
	at com.kms.katalon.core.main.ScriptEngine.run(ScriptEngine.java:194)
	at com.kms.katalon.core.main.ScriptEngine.runScriptAsRawText(ScriptEngine.java:119)
	at com.kms.katalon.core.main.TestCaseExecutor.runScript(TestCaseExecutor.java:398)
	at com.kms.katalon.core.main.TestCaseExecutor.doExecute(TestCaseExecutor.java:389)
	at com.kms.katalon.core.main.TestCaseExecutor.processExecutionPhase(TestCaseExecutor.java:368)
	at com.kms.katalon.core.main.TestCaseExecutor.accessMainPhase(TestCaseExecutor.java:360)
	at com.kms.katalon.core.main.TestCaseExecutor.execute(TestCaseExecutor.java:255)
	at com.kms.katalon.core.main.TestCaseMain.runTestCase(TestCaseMain.java:114)
	at com.kms.katalon.core.keyword.builtin.CallTestCaseKeyword$_callTestCase_closure1.doCall(CallTestCaseKeyword.groovy:59)
	... 20 more


2021-11-18 08:09:55 - [TEST_STEP][PASSED] - callTestCase(findTestCase("Mobile/Page/Run App/Run App byID"), [:], STOP_ON_FAILURE): Call Test Case 'Test Cases/Mobile/Page/Run App/Run App byID' successfully

2021-11-18 08:09:55 - [TEST_CASE][PASSED] - Test Cases/Mobile/Page/Run App/Run App byID: Test Cases/Mobile/Page/Run App/Run App byID

2021-11-18 08:09:55 - [TEST_STEP][PASSED] - startApp.OpenApp.startApplication("id.co.miraeasset.navi"): startApp.OpenApp.startApplication is PASSED

2021-11-18 08:10:09 - [MESSAGE][PASSED] - Starting app with application ID: 'id.co.miraeasset.navi'

2021-11-18 08:10:09 - [MESSAGE][PASSED] - startApp.OpenApp.startApplication is PASSED

2021-11-18 08:10:09 - [MESSAGE][PASSED] - Call Test Case 'Test Cases/Mobile/Page/Run App/Run App byID' successfully

2021-11-18 08:10:09 - [TEST_STEP][FAILED] - callTestCase(findTestCase("Mobile/Page/Transaction/Transaction"), ["page":"onprocess", "tab":"subscription", "action":"none"], CONTINUE_ON_FAILURE): Unable to call Test Case 'Test Cases/Mobile/Page/Transaction/Transaction' (Root cause: com.kms.katalon.core.exception.StepFailedException: Call Test Case 'Test Cases/Mobile/Page/Transaction/Transaction' failed
	at com.kms.katalon.core.keyword.builtin.CallTestCaseKeyword$_callTestCase_closure1.doCall(CallTestCaseKeyword.groovy:63)
	at com.kms.katalon.core.keyword.builtin.CallTestCaseKeyword$_callTestCase_closure1.call(CallTestCaseKeyword.groovy)
	at com.kms.katalon.core.keyword.internal.KeywordMain.runKeyword(KeywordMain.groovy:68)
	at com.kms.katalon.core.keyword.builtin.CallTestCaseKeyword.callTestCase(CallTestCaseKeyword.groovy:81)
	at com.kms.katalon.core.keyword.builtin.CallTestCaseKeyword.execute(CallTestCaseKeyword.groovy:44)
	at com.kms.katalon.core.keyword.internal.KeywordExecutor.executeKeywordForPlatform(KeywordExecutor.groovy:73)
	at com.kms.katalon.core.keyword.BuiltinKeywords.callTestCase(BuiltinKeywords.groovy:334)
	at 002 - Melihat Transaction berdasarkan ketegori On Process dan Subcription.run(002 - Melihat Transaction berdasarkan ketegori On Process dan Subcription:22)
	at com.kms.katalon.core.main.ScriptEngine.run(ScriptEngine.java:194)
	at com.kms.katalon.core.main.ScriptEngine.runScriptAsRawText(ScriptEngine.java:119)
	at com.kms.katalon.core.main.TestCaseExecutor.runScript(TestCaseExecutor.java:398)
	at com.kms.katalon.core.main.TestCaseExecutor.doExecute(TestCaseExecutor.java:389)
	at com.kms.katalon.core.main.TestCaseExecutor.processExecutionPhase(TestCaseExecutor.java:368)
	at com.kms.katalon.core.main.TestCaseExecutor.accessMainPhase(TestCaseExecutor.java:360)
	at com.kms.katalon.core.main.TestCaseExecutor.execute(TestCaseExecutor.java:255)
	at com.kms.katalon.core.main.TestSuiteExecutor.accessTestCaseMainPhase(TestSuiteExecutor.java:203)
	at com.kms.katalon.core.main.TestSuiteExecutor.accessTestSuiteMainPhase(TestSuiteExecutor.java:152)
	at com.kms.katalon.core.main.TestSuiteExecutor.execute(TestSuiteExecutor.java:95)
	at com.kms.katalon.core.main.TestCaseMain.startTestSuite(TestCaseMain.java:157)
	at com.kms.katalon.core.main.TestCaseMain$startTestSuite$0.call(Unknown Source)
	at TempTestSuite1637197715028.run(TempTestSuite1637197715028.groovy:39)
Caused by: com.kms.katalon.core.exception.StepFailedException: Element 'Object Repository/Mobile/Page/Dashboard/Button - Login' not found
	at com.kms.katalon.core.keyword.internal.KeywordMain.stepFailed(KeywordMain.groovy:39)
	at com.kms.katalon.core.mobile.keyword.internal.MobileKeywordMain.stepFailed(MobileKeywordMain.groovy:40)
	at com.kms.katalon.core.mobile.keyword.builtin.VerifyElementExistKeyword$_verifyElementExist_closure1.doCall(VerifyElementExistKeyword.groovy:77)
	at com.kms.katalon.core.mobile.keyword.builtin.VerifyElementExistKeyword$_verifyElementExist_closure1.call(VerifyElementExistKeyword.groovy)
	at com.kms.katalon.core.mobile.keyword.internal.MobileKeywordMain.runKeyword(MobileKeywordMain.groovy:21)
	at com.kms.katalon.core.mobile.keyword.builtin.VerifyElementExistKeyword.verifyElementExist(VerifyElementExistKeyword.groovy:80)
	at com.kms.katalon.core.mobile.keyword.builtin.VerifyElementExistKeyword.execute(VerifyElementExistKeyword.groovy:64)
	at com.kms.katalon.core.keyword.internal.KeywordExecutor.executeKeywordForPlatform(KeywordExecutor.groovy:73)
	at com.kms.katalon.core.mobile.keyword.MobileBuiltInKeywords.verifyElementExist(MobileBuiltInKeywords.groovy:1570)
	at com.kms.katalon.core.mobile.keyword.MobileBuiltInKeywords$verifyElementExist$0.call(Unknown Source)
	at Transaction.run(Transaction:22)
	at com.kms.katalon.core.main.ScriptEngine.run(ScriptEngine.java:194)
	at com.kms.katalon.core.main.ScriptEngine.runScriptAsRawText(ScriptEngine.java:119)
	at com.kms.katalon.core.main.TestCaseExecutor.runScript(TestCaseExecutor.java:398)
	at com.kms.katalon.core.main.TestCaseExecutor.doExecute(TestCaseExecutor.java:389)
	at com.kms.katalon.core.main.TestCaseExecutor.processExecutionPhase(TestCaseExecutor.java:368)
	at com.kms.katalon.core.main.TestCaseExecutor.accessMainPhase(TestCaseExecutor.java:360)
	at com.kms.katalon.core.main.TestCaseExecutor.execute(TestCaseExecutor.java:255)
	at com.kms.katalon.core.main.TestCaseMain.runTestCase(TestCaseMain.java:114)
	at com.kms.katalon.core.keyword.builtin.CallTestCaseKeyword$_callTestCase_closure1.doCall(CallTestCaseKeyword.groovy:59)
	... 20 more
)

2021-11-18 08:10:09 - [TEST_CASE][FAILED] - Test Cases/Mobile/Page/Transaction/Transaction: Test Cases/Mobile/Page/Transaction/Transaction FAILED.
Reason:
com.kms.katalon.core.exception.StepFailedException: Element 'Object Repository/Mobile/Page/Dashboard/Button - Login' not found
	at com.kms.katalon.core.keyword.internal.KeywordMain.stepFailed(KeywordMain.groovy:39)
	at com.kms.katalon.core.mobile.keyword.internal.MobileKeywordMain.stepFailed(MobileKeywordMain.groovy:40)
	at com.kms.katalon.core.mobile.keyword.builtin.VerifyElementExistKeyword$_verifyElementExist_closure1.doCall(VerifyElementExistKeyword.groovy:77)
	at com.kms.katalon.core.mobile.keyword.builtin.VerifyElementExistKeyword$_verifyElementExist_closure1.call(VerifyElementExistKeyword.groovy)
	at com.kms.katalon.core.mobile.keyword.internal.MobileKeywordMain.runKeyword(MobileKeywordMain.groovy:21)
	at com.kms.katalon.core.mobile.keyword.builtin.VerifyElementExistKeyword.verifyElementExist(VerifyElementExistKeyword.groovy:80)
	at com.kms.katalon.core.mobile.keyword.builtin.VerifyElementExistKeyword.execute(VerifyElementExistKeyword.groovy:64)
	at com.kms.katalon.core.keyword.internal.KeywordExecutor.executeKeywordForPlatform(KeywordExecutor.groovy:73)
	at com.kms.katalon.core.mobile.keyword.MobileBuiltInKeywords.verifyElementExist(MobileBuiltInKeywords.groovy:1570)
	at com.kms.katalon.core.mobile.keyword.MobileBuiltInKeywords$verifyElementExist$0.call(Unknown Source)
	at Transaction.run(Transaction:22)
	at com.kms.katalon.core.main.ScriptEngine.run(ScriptEngine.java:194)
	at com.kms.katalon.core.main.ScriptEngine.runScriptAsRawText(ScriptEngine.java:119)
	at com.kms.katalon.core.main.TestCaseExecutor.runScript(TestCaseExecutor.java:398)
	at com.kms.katalon.core.main.TestCaseExecutor.doExecute(TestCaseExecutor.java:389)
	at com.kms.katalon.core.main.TestCaseExecutor.processExecutionPhase(TestCaseExecutor.java:368)
	at com.kms.katalon.core.main.TestCaseExecutor.accessMainPhase(TestCaseExecutor.java:360)
	at com.kms.katalon.core.main.TestCaseExecutor.execute(TestCaseExecutor.java:255)
	at com.kms.katalon.core.main.TestCaseMain.runTestCase(TestCaseMain.java:114)
	at com.kms.katalon.core.keyword.builtin.CallTestCaseKeyword$_callTestCase_closure1.doCall(CallTestCaseKeyword.groovy:59)
	at com.kms.katalon.core.keyword.builtin.CallTestCaseKeyword$_callTestCase_closure1.call(CallTestCaseKeyword.groovy)
	at com.kms.katalon.core.keyword.internal.KeywordMain.runKeyword(KeywordMain.groovy:68)
	at com.kms.katalon.core.keyword.builtin.CallTestCaseKeyword.callTestCase(CallTestCaseKeyword.groovy:81)
	at com.kms.katalon.core.keyword.builtin.CallTestCaseKeyword.execute(CallTestCaseKeyword.groovy:44)
	at com.kms.katalon.core.keyword.internal.KeywordExecutor.executeKeywordForPlatform(KeywordExecutor.groovy:73)
	at com.kms.katalon.core.keyword.BuiltinKeywords.callTestCase(BuiltinKeywords.groovy:334)
	at 002 - Melihat Transaction berdasarkan ketegori On Process dan Subcription.run(002 - Melihat Transaction berdasarkan ketegori On Process dan Subcription:22)
	at com.kms.katalon.core.main.ScriptEngine.run(ScriptEngine.java:194)
	at com.kms.katalon.core.main.ScriptEngine.runScriptAsRawText(ScriptEngine.java:119)
	at com.kms.katalon.core.main.TestCaseExecutor.runScript(TestCaseExecutor.java:398)
	at com.kms.katalon.core.main.TestCaseExecutor.doExecute(TestCaseExecutor.java:389)
	at com.kms.katalon.core.main.TestCaseExecutor.processExecutionPhase(TestCaseExecutor.java:368)
	at com.kms.katalon.core.main.TestCaseExecutor.accessMainPhase(TestCaseExecutor.java:360)
	at com.kms.katalon.core.main.TestCaseExecutor.execute(TestCaseExecutor.java:255)
	at com.kms.katalon.core.main.TestSuiteExecutor.accessTestCaseMainPhase(TestSuiteExecutor.java:203)
	at com.kms.katalon.core.main.TestSuiteExecutor.accessTestSuiteMainPhase(TestSuiteExecutor.java:152)
	at com.kms.katalon.core.main.TestSuiteExecutor.execute(TestSuiteExecutor.java:95)
	at com.kms.katalon.core.main.TestCaseMain.startTestSuite(TestCaseMain.java:157)
	at com.kms.katalon.core.main.TestCaseMain$startTestSuite$0.call(Unknown Source)
	at TempTestSuite1637197715028.run(TempTestSuite1637197715028.groovy:39)


2021-11-18 08:10:09 - [TEST_STEP][PASSED] - delay(5): Delayed 5 second(s)

2021-11-18 08:10:14 - [MESSAGE][PASSED] - Delayed 5 second(s)

2021-11-18 08:10:14 - [TEST_STEP][FAILED] - loginCheck = verifyElementExist(findTestObject("Object Repository/Mobile/Page/Dashboard/Button - Login"), 2, CONTINUE_ON_FAILURE): Element 'Object Repository/Mobile/Page/Dashboard/Button - Login' not found

2021-11-18 08:10:17 - [MESSAGE][FAILED] - Element 'Object Repository/Mobile/Page/Dashboard/Button - Login' not found
[[ATTACHMENT|C:\\Users\\Owner\\Documents\\kerjaan\\KatalonProject\\qa-katalon-maxfund\\Reports\\20211118_080835\\Transaction\\20211118_080835\\1637197817025.png]]

2021-11-18 08:10:17 - [TEST_STEP][PASSED] - if (loginCheck): null

2021-11-18 08:10:17 - [TEST_STEP][PASSED] - if (page == "cart"): null

2021-11-18 08:10:17 - [TEST_STEP][PASSED] - tap(findTestObject("Object Repository/Mobile/Page/Transaction/Button - Menubar Transaction"), 0): Tapped on element 'Object Repository/Mobile/Page/Transaction/Button - Menubar Transaction'

2021-11-18 08:10:18 - [MESSAGE][WARNING] - Timeout '0' is invalid. Using default page load timeout: '60'

2021-11-18 08:10:19 - [MESSAGE][PASSED] - Tapped on element 'Object Repository/Mobile/Page/Transaction/Button - Menubar Transaction'

2021-11-18 08:10:19 - [TEST_STEP][PASSED] - delay(1): Delayed 1 second(s)

2021-11-18 08:10:20 - [MESSAGE][PASSED] - Delayed 1 second(s)

2021-11-18 08:10:20 - [TEST_STEP][PASSED] - if (page == "onprocess"): Delayed 1 second(s)

2021-11-18 08:10:20 - [TEST_STEP][PASSED] - if (tab == "subscription"): Tapped on element 'Object Repository/Mobile/Page/Transaction/On Process/Tab - Subscription'

2021-11-18 08:10:20 - [TEST_STEP][PASSED] - tap(findTestObject("Object Repository/Mobile/Page/Transaction/On Process/Tab - Subscription"), 0): Tapped on element 'Object Repository/Mobile/Page/Transaction/On Process/Tab - Subscription'

2021-11-18 08:10:20 - [MESSAGE][WARNING] - Timeout '0' is invalid. Using default page load timeout: '60'

2021-11-18 08:10:20 - [MESSAGE][PASSED] - Tapped on element 'Object Repository/Mobile/Page/Transaction/On Process/Tab - Subscription'

2021-11-18 08:10:20 - [TEST_STEP][PASSED] - if (action == "detail"): null

2021-11-18 08:10:20 - [TEST_STEP][PASSED] - delay(1): Delayed 1 second(s)

2021-11-18 08:10:21 - [MESSAGE][PASSED] - Delayed 1 second(s)

2021-11-18 08:10:21 - [MESSAGE][FAILED] - Unable to call Test Case 'Test Cases/Mobile/Page/Transaction/Transaction' (Root cause: com.kms.katalon.core.exception.StepFailedException: Call Test Case 'Test Cases/Mobile/Page/Transaction/Transaction' failed
	at com.kms.katalon.core.keyword.builtin.CallTestCaseKeyword$_callTestCase_closure1.doCall(CallTestCaseKeyword.groovy:63)
	at com.kms.katalon.core.keyword.builtin.CallTestCaseKeyword$_callTestCase_closure1.call(CallTestCaseKeyword.groovy)
	at com.kms.katalon.core.keyword.internal.KeywordMain.runKeyword(KeywordMain.groovy:68)
	at com.kms.katalon.core.keyword.builtin.CallTestCaseKeyword.callTestCase(CallTestCaseKeyword.groovy:81)
	at com.kms.katalon.core.keyword.builtin.CallTestCaseKeyword.execute(CallTestCaseKeyword.groovy:44)
	at com.kms.katalon.core.keyword.internal.KeywordExecutor.executeKeywordForPlatform(KeywordExecutor.groovy:73)
	at com.kms.katalon.core.keyword.BuiltinKeywords.callTestCase(BuiltinKeywords.groovy:334)
	at 002 - Melihat Transaction berdasarkan ketegori On Process dan Subcription.run(002 - Melihat Transaction berdasarkan ketegori On Process dan Subcription:22)
	at com.kms.katalon.core.main.ScriptEngine.run(ScriptEngine.java:194)
	at com.kms.katalon.core.main.ScriptEngine.runScriptAsRawText(ScriptEngine.java:119)
	at com.kms.katalon.core.main.TestCaseExecutor.runScript(TestCaseExecutor.java:398)
	at com.kms.katalon.core.main.TestCaseExecutor.doExecute(TestCaseExecutor.java:389)
	at com.kms.katalon.core.main.TestCaseExecutor.processExecutionPhase(TestCaseExecutor.java:368)
	at com.kms.katalon.core.main.TestCaseExecutor.accessMainPhase(TestCaseExecutor.java:360)
	at com.kms.katalon.core.main.TestCaseExecutor.execute(TestCaseExecutor.java:255)
	at com.kms.katalon.core.main.TestSuiteExecutor.accessTestCaseMainPhase(TestSuiteExecutor.java:203)
	at com.kms.katalon.core.main.TestSuiteExecutor.accessTestSuiteMainPhase(TestSuiteExecutor.java:152)
	at com.kms.katalon.core.main.TestSuiteExecutor.execute(TestSuiteExecutor.java:95)
	at com.kms.katalon.core.main.TestCaseMain.startTestSuite(TestCaseMain.java:157)
	at com.kms.katalon.core.main.TestCaseMain$startTestSuite$0.call(Unknown Source)
	at TempTestSuite1637197715028.run(TempTestSuite1637197715028.groovy:39)
Caused by: com.kms.katalon.core.exception.StepFailedException: Element 'Object Repository/Mobile/Page/Dashboard/Button - Login' not found
	at com.kms.katalon.core.keyword.internal.KeywordMain.stepFailed(KeywordMain.groovy:39)
	at com.kms.katalon.core.mobile.keyword.internal.MobileKeywordMain.stepFailed(MobileKeywordMain.groovy:40)
	at com.kms.katalon.core.mobile.keyword.builtin.VerifyElementExistKeyword$_verifyElementExist_closure1.doCall(VerifyElementExistKeyword.groovy:77)
	at com.kms.katalon.core.mobile.keyword.builtin.VerifyElementExistKeyword$_verifyElementExist_closure1.call(VerifyElementExistKeyword.groovy)
	at com.kms.katalon.core.mobile.keyword.internal.MobileKeywordMain.runKeyword(MobileKeywordMain.groovy:21)
	at com.kms.katalon.core.mobile.keyword.builtin.VerifyElementExistKeyword.verifyElementExist(VerifyElementExistKeyword.groovy:80)
	at com.kms.katalon.core.mobile.keyword.builtin.VerifyElementExistKeyword.execute(VerifyElementExistKeyword.groovy:64)
	at com.kms.katalon.core.keyword.internal.KeywordExecutor.executeKeywordForPlatform(KeywordExecutor.groovy:73)
	at com.kms.katalon.core.mobile.keyword.MobileBuiltInKeywords.verifyElementExist(MobileBuiltInKeywords.groovy:1570)
	at com.kms.katalon.core.mobile.keyword.MobileBuiltInKeywords$verifyElementExist$0.call(Unknown Source)
	at Transaction.run(Transaction:22)
	at com.kms.katalon.core.main.ScriptEngine.run(ScriptEngine.java:194)
	at com.kms.katalon.core.main.ScriptEngine.runScriptAsRawText(ScriptEngine.java:119)
	at com.kms.katalon.core.main.TestCaseExecutor.runScript(TestCaseExecutor.java:398)
	at com.kms.katalon.core.main.TestCaseExecutor.doExecute(TestCaseExecutor.java:389)
	at com.kms.katalon.core.main.TestCaseExecutor.processExecutionPhase(TestCaseExecutor.java:368)
	at com.kms.katalon.core.main.TestCaseExecutor.accessMainPhase(TestCaseExecutor.java:360)
	at com.kms.katalon.core.main.TestCaseExecutor.execute(TestCaseExecutor.java:255)
	at com.kms.katalon.core.main.TestCaseMain.runTestCase(TestCaseMain.java:114)
	at com.kms.katalon.core.keyword.builtin.CallTestCaseKeyword$_callTestCase_closure1.doCall(CallTestCaseKeyword.groovy:59)
	... 20 more
)

2021-11-18 08:10:21 - [TEST_STEP][PASSED] - callTestCase(findTestCase("Mobile/Page/Run App/Terminate App"), [:], STOP_ON_FAILURE): Call Test Case 'Test Cases/Mobile/Page/Run App/Terminate App' successfully

2021-11-18 08:10:21 - [TEST_CASE][PASSED] - Test Cases/Mobile/Page/Run App/Terminate App: Test Cases/Mobile/Page/Run App/Terminate App

2021-11-18 08:10:21 - [TEST_STEP][PASSED] - startApp.OpenApp.terminateApplication(): startApp.OpenApp.terminateApplication is PASSED

2021-11-18 08:10:24 - [MESSAGE][PASSED] - Delayed 3 second(s)

2021-11-18 08:10:25 - [MESSAGE][PASSED] - Current device physical width is 720

2021-11-18 08:10:25 - [MESSAGE][PASSED] - Current device physical height is 1423

2021-11-18 08:10:26 - [MESSAGE][PASSED] - Swiped from 360,853 to 360,142

2021-11-18 08:10:27 - [MESSAGE][PASSED] - Delayed 1 second(s)

2021-11-18 08:10:29 - [MESSAGE][PASSED] - Swiped from 360,853 to 360,142

2021-11-18 08:10:32 - [MESSAGE][PASSED] - Delayed 3 second(s)

2021-11-18 08:10:32 - [MESSAGE][PASSED] - startApp.OpenApp.terminateApplication is PASSED

2021-11-18 08:10:32 - [MESSAGE][PASSED] - Call Test Case 'Test Cases/Mobile/Page/Run App/Terminate App' successfully]]></system-out>
         <system-err><![CDATA[2021-11-18 08:09:55 - [TEST_CASE][FAILED] - Test Cases/Mobile/Scenario/Transaction/002 - Melihat Transaction berdasarkan ketegori On Process dan Subcription: Test Cases/Mobile/Scenario/Transaction/002 - Melihat Transaction berdasarkan ketegori On Process dan Subcription FAILED.
Reason:
com.kms.katalon.core.exception.StepFailedException: Unable to call Test Case 'Test Cases/Mobile/Page/Transaction/Transaction' (Root cause: com.kms.katalon.core.exception.StepFailedException: Call Test Case 'Test Cases/Mobile/Page/Transaction/Transaction' failed
	at com.kms.katalon.core.keyword.builtin.CallTestCaseKeyword$_callTestCase_closure1.doCall(CallTestCaseKeyword.groovy:63)
	at com.kms.katalon.core.keyword.builtin.CallTestCaseKeyword$_callTestCase_closure1.call(CallTestCaseKeyword.groovy)
	at com.kms.katalon.core.keyword.internal.KeywordMain.runKeyword(KeywordMain.groovy:68)
	at com.kms.katalon.core.keyword.builtin.CallTestCaseKeyword.callTestCase(CallTestCaseKeyword.groovy:81)
	at com.kms.katalon.core.keyword.builtin.CallTestCaseKeyword.execute(CallTestCaseKeyword.groovy:44)
	at com.kms.katalon.core.keyword.internal.KeywordExecutor.executeKeywordForPlatform(KeywordExecutor.groovy:73)
	at com.kms.katalon.core.keyword.BuiltinKeywords.callTestCase(BuiltinKeywords.groovy:334)
	at 002 - Melihat Transaction berdasarkan ketegori On Process dan Subcription.run(002 - Melihat Transaction berdasarkan ketegori On Process dan Subcription:22)
	at com.kms.katalon.core.main.ScriptEngine.run(ScriptEngine.java:194)
	at com.kms.katalon.core.main.ScriptEngine.runScriptAsRawText(ScriptEngine.java:119)
	at com.kms.katalon.core.main.TestCaseExecutor.runScript(TestCaseExecutor.java:398)
	at com.kms.katalon.core.main.TestCaseExecutor.doExecute(TestCaseExecutor.java:389)
	at com.kms.katalon.core.main.TestCaseExecutor.processExecutionPhase(TestCaseExecutor.java:368)
	at com.kms.katalon.core.main.TestCaseExecutor.accessMainPhase(TestCaseExecutor.java:360)
	at com.kms.katalon.core.main.TestCaseExecutor.execute(TestCaseExecutor.java:255)
	at com.kms.katalon.core.main.TestSuiteExecutor.accessTestCaseMainPhase(TestSuiteExecutor.java:203)
	at com.kms.katalon.core.main.TestSuiteExecutor.accessTestSuiteMainPhase(TestSuiteExecutor.java:152)
	at com.kms.katalon.core.main.TestSuiteExecutor.execute(TestSuiteExecutor.java:95)
	at com.kms.katalon.core.main.TestCaseMain.startTestSuite(TestCaseMain.java:157)
	at com.kms.katalon.core.main.TestCaseMain$startTestSuite$0.call(Unknown Source)
	at TempTestSuite1637197715028.run(TempTestSuite1637197715028.groovy:39)
Caused by: com.kms.katalon.core.exception.StepFailedException: Element 'Object Repository/Mobile/Page/Dashboard/Button - Login' not found
	at com.kms.katalon.core.keyword.internal.KeywordMain.stepFailed(KeywordMain.groovy:39)
	at com.kms.katalon.core.mobile.keyword.internal.MobileKeywordMain.stepFailed(MobileKeywordMain.groovy:40)
	at com.kms.katalon.core.mobile.keyword.builtin.VerifyElementExistKeyword$_verifyElementExist_closure1.doCall(VerifyElementExistKeyword.groovy:77)
	at com.kms.katalon.core.mobile.keyword.builtin.VerifyElementExistKeyword$_verifyElementExist_closure1.call(VerifyElementExistKeyword.groovy)
	at com.kms.katalon.core.mobile.keyword.internal.MobileKeywordMain.runKeyword(MobileKeywordMain.groovy:21)
	at com.kms.katalon.core.mobile.keyword.builtin.VerifyElementExistKeyword.verifyElementExist(VerifyElementExistKeyword.groovy:80)
	at com.kms.katalon.core.mobile.keyword.builtin.VerifyElementExistKeyword.execute(VerifyElementExistKeyword.groovy:64)
	at com.kms.katalon.core.keyword.internal.KeywordExecutor.executeKeywordForPlatform(KeywordExecutor.groovy:73)
	at com.kms.katalon.core.mobile.keyword.MobileBuiltInKeywords.verifyElementExist(MobileBuiltInKeywords.groovy:1570)
	at com.kms.katalon.core.mobile.keyword.MobileBuiltInKeywords$verifyElementExist$0.call(Unknown Source)
	at Transaction.run(Transaction:22)
	at com.kms.katalon.core.main.ScriptEngine.run(ScriptEngine.java:194)
	at com.kms.katalon.core.main.ScriptEngine.runScriptAsRawText(ScriptEngine.java:119)
	at com.kms.katalon.core.main.TestCaseExecutor.runScript(TestCaseExecutor.java:398)
	at com.kms.katalon.core.main.TestCaseExecutor.doExecute(TestCaseExecutor.java:389)
	at com.kms.katalon.core.main.TestCaseExecutor.processExecutionPhase(TestCaseExecutor.java:368)
	at com.kms.katalon.core.main.TestCaseExecutor.accessMainPhase(TestCaseExecutor.java:360)
	at com.kms.katalon.core.main.TestCaseExecutor.execute(TestCaseExecutor.java:255)
	at com.kms.katalon.core.main.TestCaseMain.runTestCase(TestCaseMain.java:114)
	at com.kms.katalon.core.keyword.builtin.CallTestCaseKeyword$_callTestCase_closure1.doCall(CallTestCaseKeyword.groovy:59)
	... 20 more
)
	at com.kms.katalon.core.keyword.internal.KeywordMain.stepFailed(KeywordMain.groovy:39)
	at com.kms.katalon.core.keyword.internal.KeywordMain.stepFailed(KeywordMain.groovy)
	at com.kms.katalon.core.keyword.internal.KeywordMain.runKeyword(KeywordMain.groovy:70)
	at com.kms.katalon.core.keyword.builtin.CallTestCaseKeyword.callTestCase(CallTestCaseKeyword.groovy:81)
	at com.kms.katalon.core.keyword.builtin.CallTestCaseKeyword.execute(CallTestCaseKeyword.groovy:44)
	at com.kms.katalon.core.keyword.internal.KeywordExecutor.executeKeywordForPlatform(KeywordExecutor.groovy:73)
	at com.kms.katalon.core.keyword.BuiltinKeywords.callTestCase(BuiltinKeywords.groovy:334)
	at 002 - Melihat Transaction berdasarkan ketegori On Process dan Subcription.run(002 - Melihat Transaction berdasarkan ketegori On Process dan Subcription:22)
	at com.kms.katalon.core.main.ScriptEngine.run(ScriptEngine.java:194)
	at com.kms.katalon.core.main.ScriptEngine.runScriptAsRawText(ScriptEngine.java:119)
	at com.kms.katalon.core.main.TestCaseExecutor.runScript(TestCaseExecutor.java:398)
	at com.kms.katalon.core.main.TestCaseExecutor.doExecute(TestCaseExecutor.java:389)
	at com.kms.katalon.core.main.TestCaseExecutor.processExecutionPhase(TestCaseExecutor.java:368)
	at com.kms.katalon.core.main.TestCaseExecutor.accessMainPhase(TestCaseExecutor.java:360)
	at com.kms.katalon.core.main.TestCaseExecutor.execute(TestCaseExecutor.java:255)
	at com.kms.katalon.core.main.TestSuiteExecutor.accessTestCaseMainPhase(TestSuiteExecutor.java:203)
	at com.kms.katalon.core.main.TestSuiteExecutor.accessTestSuiteMainPhase(TestSuiteExecutor.java:152)
	at com.kms.katalon.core.main.TestSuiteExecutor.execute(TestSuiteExecutor.java:95)
	at com.kms.katalon.core.main.TestCaseMain.startTestSuite(TestCaseMain.java:157)
	at com.kms.katalon.core.main.TestCaseMain$startTestSuite$0.call(Unknown Source)
	at TempTestSuite1637197715028.run(TempTestSuite1637197715028.groovy:39)
Caused by: com.kms.katalon.core.exception.StepFailedException: Call Test Case 'Test Cases/Mobile/Page/Transaction/Transaction' failed
	at com.kms.katalon.core.keyword.builtin.CallTestCaseKeyword$_callTestCase_closure1.doCall(CallTestCaseKeyword.groovy:63)
	at com.kms.katalon.core.keyword.builtin.CallTestCaseKeyword$_callTestCase_closure1.call(CallTestCaseKeyword.groovy)
	at com.kms.katalon.core.keyword.internal.KeywordMain.runKeyword(KeywordMain.groovy:68)
	... 18 more
Caused by: com.kms.katalon.core.exception.StepFailedException: Element 'Object Repository/Mobile/Page/Dashboard/Button - Login' not found
	at com.kms.katalon.core.keyword.internal.KeywordMain.stepFailed(KeywordMain.groovy:39)
	at com.kms.katalon.core.mobile.keyword.internal.MobileKeywordMain.stepFailed(MobileKeywordMain.groovy:40)
	at com.kms.katalon.core.mobile.keyword.builtin.VerifyElementExistKeyword$_verifyElementExist_closure1.doCall(VerifyElementExistKeyword.groovy:77)
	at com.kms.katalon.core.mobile.keyword.builtin.VerifyElementExistKeyword$_verifyElementExist_closure1.call(VerifyElementExistKeyword.groovy)
	at com.kms.katalon.core.mobile.keyword.internal.MobileKeywordMain.runKeyword(MobileKeywordMain.groovy:21)
	at com.kms.katalon.core.mobile.keyword.builtin.VerifyElementExistKeyword.verifyElementExist(VerifyElementExistKeyword.groovy:80)
	at com.kms.katalon.core.mobile.keyword.builtin.VerifyElementExistKeyword.execute(VerifyElementExistKeyword.groovy:64)
	at com.kms.katalon.core.keyword.internal.KeywordExecutor.executeKeywordForPlatform(KeywordExecutor.groovy:73)
	at com.kms.katalon.core.mobile.keyword.MobileBuiltInKeywords.verifyElementExist(MobileBuiltInKeywords.groovy:1570)
	at com.kms.katalon.core.mobile.keyword.MobileBuiltInKeywords$verifyElementExist$0.call(Unknown Source)
	at Transaction.run(Transaction:22)
	at com.kms.katalon.core.main.ScriptEngine.run(ScriptEngine.java:194)
	at com.kms.katalon.core.main.ScriptEngine.runScriptAsRawText(ScriptEngine.java:119)
	at com.kms.katalon.core.main.TestCaseExecutor.runScript(TestCaseExecutor.java:398)
	at com.kms.katalon.core.main.TestCaseExecutor.doExecute(TestCaseExecutor.java:389)
	at com.kms.katalon.core.main.TestCaseExecutor.processExecutionPhase(TestCaseExecutor.java:368)
	at com.kms.katalon.core.main.TestCaseExecutor.accessMainPhase(TestCaseExecutor.java:360)
	at com.kms.katalon.core.main.TestCaseExecutor.execute(TestCaseExecutor.java:255)
	at com.kms.katalon.core.main.TestCaseMain.runTestCase(TestCaseMain.java:114)
	at com.kms.katalon.core.keyword.builtin.CallTestCaseKeyword$_callTestCase_closure1.doCall(CallTestCaseKeyword.groovy:59)
	... 20 more]]></system-err>
      </testcase>
      <testcase name="Test Cases/Mobile/Scenario/Transaction/003 - Melihat Transaction berdasarkan ketegori On Process dan Redemption" time="61.118" classname="Test Cases/Mobile/Scenario/Transaction/003 - Melihat Transaction berdasarkan ketegori On Process dan Redemption" status="PASSED">
         <system-out><![CDATA[2021-11-18 08:10:32 - [TEST_CASE][PASSED] - Test Cases/Mobile/Scenario/Transaction/003 - Melihat Transaction berdasarkan ketegori On Process dan Redemption: Test Cases/Mobile/Scenario/Transaction/003 - Melihat Transaction berdasarkan ketegori On Process dan Redemption

2021-11-18 08:10:32 - [TEST_STEP][PASSED] - callTestCase(findTestCase("Mobile/Page/Run App/Run App byID"), [:], STOP_ON_FAILURE): Call Test Case 'Test Cases/Mobile/Page/Run App/Run App byID' successfully

2021-11-18 08:10:33 - [TEST_CASE][PASSED] - Test Cases/Mobile/Page/Run App/Run App byID: Test Cases/Mobile/Page/Run App/Run App byID

2021-11-18 08:10:33 - [TEST_STEP][PASSED] - startApp.OpenApp.startApplication("id.co.miraeasset.navi"): startApp.OpenApp.startApplication is PASSED

2021-11-18 08:10:45 - [MESSAGE][PASSED] - Starting app with application ID: 'id.co.miraeasset.navi'

2021-11-18 08:10:45 - [MESSAGE][PASSED] - startApp.OpenApp.startApplication is PASSED

2021-11-18 08:10:45 - [MESSAGE][PASSED] - Call Test Case 'Test Cases/Mobile/Page/Run App/Run App byID' successfully

2021-11-18 08:10:45 - [TEST_STEP][PASSED] - callTestCase(findTestCase("Mobile/Page/Transaction/Transaction"), ["page":"onprocess", "tab":"redemption", "action":"none"], CONTINUE_ON_FAILURE): Call Test Case 'Test Cases/Mobile/Page/Transaction/Transaction' successfully

2021-11-18 08:10:46 - [TEST_CASE][PASSED] - Test Cases/Mobile/Page/Transaction/Transaction: Test Cases/Mobile/Page/Transaction/Transaction

2021-11-18 08:10:46 - [TEST_STEP][PASSED] - delay(5): Delayed 5 second(s)

2021-11-18 08:10:51 - [MESSAGE][PASSED] - Delayed 5 second(s)

2021-11-18 08:10:51 - [TEST_STEP][PASSED] - loginCheck = verifyElementExist(findTestObject("Object Repository/Mobile/Page/Dashboard/Button - Login"), 2, CONTINUE_ON_FAILURE): Element 'Object Repository/Mobile/Page/Dashboard/Button - Login' is exist

2021-11-18 08:10:51 - [MESSAGE][PASSED] - Element 'Object Repository/Mobile/Page/Dashboard/Button - Login' is exist

2021-11-18 08:10:51 - [TEST_STEP][PASSED] - if (loginCheck): Call Test Case 'Test Cases/Mobile/Page/Login/Login' successfully

2021-11-18 08:10:51 - [TEST_STEP][PASSED] - callTestCase(findTestCase("Mobile/Page/Login/Login"), ["isLogin":0]): Call Test Case 'Test Cases/Mobile/Page/Login/Login' successfully

2021-11-18 08:10:51 - [TEST_CASE][PASSED] - Test Cases/Mobile/Page/Login/Login: Test Cases/Mobile/Page/Login/Login

2021-11-18 08:10:51 - [TEST_STEP][PASSED] - if (isLogin == 0): Tapped on element 'Object Repository/Mobile/Page/Dashboard/Button - Login'

2021-11-18 08:10:51 - [TEST_STEP][PASSED] - tap(findTestObject("Mobile/Page/Dashboard/Button - Login"), 0): Tapped on element 'Object Repository/Mobile/Page/Dashboard/Button - Login'

2021-11-18 08:10:51 - [MESSAGE][WARNING] - Timeout '0' is invalid. Using default page load timeout: '60'

2021-11-18 08:10:52 - [MESSAGE][PASSED] - Tapped on element 'Object Repository/Mobile/Page/Dashboard/Button - Login'

2021-11-18 08:10:52 - [TEST_STEP][PASSED] - tap(findTestObject("Mobile/Page/Login/Tap - UserID or Email"), 0): Tapped on element 'Object Repository/Mobile/Page/Login/Tap - UserID or Email'

2021-11-18 08:10:52 - [MESSAGE][WARNING] - Timeout '0' is invalid. Using default page load timeout: '60'

2021-11-18 08:10:54 - [MESSAGE][PASSED] - Tapped on element 'Object Repository/Mobile/Page/Login/Tap - UserID or Email'

2021-11-18 08:10:54 - [TEST_STEP][PASSED] - delay(3): Delayed 3 second(s)

2021-11-18 08:10:57 - [MESSAGE][PASSED] - Delayed 3 second(s)

2021-11-18 08:10:57 - [TEST_STEP][PASSED] - setText(findTestObject("Mobile/Page/Login/Input - UserID or Email"), "ady.pangerang@gmail.com", 0): Text 'ady.pangerang@gmail.com' has been set to element 'Object Repository/Mobile/Page/Login/Input - UserID or Email'

2021-11-18 08:10:57 - [MESSAGE][WARNING] - Timeout '0' is invalid. Using default page load timeout: '60'

2021-11-18 08:10:57 - [MESSAGE][PASSED] - Text 'ady.pangerang@gmail.com' has been set to element 'Object Repository/Mobile/Page/Login/Input - UserID or Email'

2021-11-18 08:10:57 - [TEST_STEP][PASSED] - delay(1): Delayed 1 second(s)

2021-11-18 08:10:59 - [MESSAGE][PASSED] - Delayed 1 second(s)

2021-11-18 08:10:59 - [TEST_STEP][PASSED] - hideKeyboard(): Keyboard is hidden

2021-11-18 08:11:03 - [MESSAGE][PASSED] - Keyboard is hidden

2021-11-18 08:11:03 - [TEST_STEP][PASSED] - delay(1): Delayed 1 second(s)

2021-11-18 08:11:04 - [MESSAGE][PASSED] - Delayed 1 second(s)

2021-11-18 08:11:04 - [TEST_STEP][PASSED] - tap(findTestObject("Mobile/Page/Login/Tap - Password 2"), 0): Tapped on element 'Object Repository/Mobile/Page/Login/Tap - Password 2'

2021-11-18 08:11:04 - [MESSAGE][WARNING] - Timeout '0' is invalid. Using default page load timeout: '60'

2021-11-18 08:11:04 - [MESSAGE][PASSED] - Tapped on element 'Object Repository/Mobile/Page/Login/Tap - Password 2'

2021-11-18 08:11:04 - [TEST_STEP][PASSED] - delay(3): Delayed 3 second(s)

2021-11-18 08:11:07 - [MESSAGE][PASSED] - Delayed 3 second(s)

2021-11-18 08:11:07 - [TEST_STEP][PASSED] - setText(findTestObject("Mobile/Page/Login/Tap - Password 2"), "Mirae1234", 0): Text 'Mirae1234' has been set to element 'Object Repository/Mobile/Page/Login/Tap - Password 2'

2021-11-18 08:11:07 - [MESSAGE][WARNING] - Timeout '0' is invalid. Using default page load timeout: '60'

2021-11-18 08:11:08 - [MESSAGE][PASSED] - Text 'Mirae1234' has been set to element 'Object Repository/Mobile/Page/Login/Tap - Password 2'

2021-11-18 08:11:08 - [TEST_STEP][PASSED] - delay(1): Delayed 1 second(s)

2021-11-18 08:11:09 - [MESSAGE][PASSED] - Delayed 1 second(s)

2021-11-18 08:11:09 - [TEST_STEP][PASSED] - hideKeyboard(): Keyboard is hidden

2021-11-18 08:11:15 - [MESSAGE][PASSED] - Keyboard is hidden

2021-11-18 08:11:15 - [TEST_STEP][PASSED] - delay(1): Delayed 1 second(s)

2021-11-18 08:11:16 - [MESSAGE][PASSED] - Delayed 1 second(s)

2021-11-18 08:11:16 - [TEST_STEP][PASSED] - tap(findTestObject("Mobile/Page/Login/Button - Sign In"), 0): Tapped on element 'Object Repository/Mobile/Page/Login/Button - Sign In'

2021-11-18 08:11:16 - [MESSAGE][WARNING] - Timeout '0' is invalid. Using default page load timeout: '60'

2021-11-18 08:11:17 - [MESSAGE][PASSED] - Tapped on element 'Object Repository/Mobile/Page/Login/Button - Sign In'

2021-11-18 08:11:17 - [MESSAGE][PASSED] - Call Test Case 'Test Cases/Mobile/Page/Login/Login' successfully

2021-11-18 08:11:17 - [TEST_STEP][PASSED] - if (page == "cart"): null

2021-11-18 08:11:17 - [TEST_STEP][PASSED] - tap(findTestObject("Object Repository/Mobile/Page/Transaction/Button - Menubar Transaction"), 0): Tapped on element 'Object Repository/Mobile/Page/Transaction/Button - Menubar Transaction'

2021-11-18 08:11:17 - [MESSAGE][WARNING] - Timeout '0' is invalid. Using default page load timeout: '60'

2021-11-18 08:11:19 - [MESSAGE][PASSED] - Tapped on element 'Object Repository/Mobile/Page/Transaction/Button - Menubar Transaction'

2021-11-18 08:11:19 - [TEST_STEP][PASSED] - delay(1): Delayed 1 second(s)

2021-11-18 08:11:20 - [MESSAGE][PASSED] - Delayed 1 second(s)

2021-11-18 08:11:20 - [TEST_STEP][PASSED] - if (page == "onprocess"): Delayed 1 second(s)

2021-11-18 08:11:20 - [TEST_STEP][PASSED] - if (tab == "subscription"): null

2021-11-18 08:11:20 - [TEST_STEP][PASSED] - else if (tab == "redemption"): Tapped on element 'Object Repository/Mobile/Page/Transaction/On Process/Tab - Redemption'

2021-11-18 08:11:20 - [TEST_STEP][PASSED] - tap(findTestObject("Object Repository/Mobile/Page/Transaction/On Process/Tab - Redemption"), 0): Tapped on element 'Object Repository/Mobile/Page/Transaction/On Process/Tab - Redemption'

2021-11-18 08:11:20 - [MESSAGE][WARNING] - Timeout '0' is invalid. Using default page load timeout: '60'

2021-11-18 08:11:21 - [MESSAGE][PASSED] - Tapped on element 'Object Repository/Mobile/Page/Transaction/On Process/Tab - Redemption'

2021-11-18 08:11:21 - [TEST_STEP][PASSED] - if (action == "detail"): null

2021-11-18 08:11:21 - [TEST_STEP][PASSED] - delay(1): Delayed 1 second(s)

2021-11-18 08:11:22 - [MESSAGE][PASSED] - Delayed 1 second(s)

2021-11-18 08:11:22 - [MESSAGE][PASSED] - Call Test Case 'Test Cases/Mobile/Page/Transaction/Transaction' successfully

2021-11-18 08:11:22 - [TEST_STEP][PASSED] - callTestCase(findTestCase("Mobile/Page/Run App/Terminate App"), [:], STOP_ON_FAILURE): Call Test Case 'Test Cases/Mobile/Page/Run App/Terminate App' successfully

2021-11-18 08:11:22 - [TEST_CASE][PASSED] - Test Cases/Mobile/Page/Run App/Terminate App: Test Cases/Mobile/Page/Run App/Terminate App

2021-11-18 08:11:22 - [TEST_STEP][PASSED] - startApp.OpenApp.terminateApplication(): startApp.OpenApp.terminateApplication is PASSED

2021-11-18 08:11:25 - [MESSAGE][PASSED] - Delayed 3 second(s)

2021-11-18 08:11:26 - [MESSAGE][PASSED] - Current device physical width is 720

2021-11-18 08:11:26 - [MESSAGE][PASSED] - Current device physical height is 1423

2021-11-18 08:11:27 - [MESSAGE][PASSED] - Swiped from 360,853 to 360,142

2021-11-18 08:11:28 - [MESSAGE][PASSED] - Delayed 1 second(s)

2021-11-18 08:11:30 - [MESSAGE][PASSED] - Swiped from 360,853 to 360,142

2021-11-18 08:11:33 - [MESSAGE][PASSED] - Delayed 3 second(s)

2021-11-18 08:11:33 - [MESSAGE][PASSED] - startApp.OpenApp.terminateApplication is PASSED

2021-11-18 08:11:33 - [MESSAGE][PASSED] - Call Test Case 'Test Cases/Mobile/Page/Run App/Terminate App' successfully]]></system-out>
         <system-err><![CDATA[]]></system-err>
      </testcase>
      <testcase name="Test Cases/Mobile/Scenario/Transaction/004 - Melihat Transaction berdasarkan ketegori On Process dan Switching" time="62.816" classname="Test Cases/Mobile/Scenario/Transaction/004 - Melihat Transaction berdasarkan ketegori On Process dan Switching" status="PASSED">
         <system-out><![CDATA[2021-11-18 08:11:33 - [TEST_CASE][PASSED] - Test Cases/Mobile/Scenario/Transaction/004 - Melihat Transaction berdasarkan ketegori On Process dan Switching: Test Cases/Mobile/Scenario/Transaction/004 - Melihat Transaction berdasarkan ketegori On Process dan Switching

2021-11-18 08:11:33 - [TEST_STEP][PASSED] - callTestCase(findTestCase("Mobile/Page/Run App/Run App byID"), [:], STOP_ON_FAILURE): Call Test Case 'Test Cases/Mobile/Page/Run App/Run App byID' successfully

2021-11-18 08:11:34 - [TEST_CASE][PASSED] - Test Cases/Mobile/Page/Run App/Run App byID: Test Cases/Mobile/Page/Run App/Run App byID

2021-11-18 08:11:34 - [TEST_STEP][PASSED] - startApp.OpenApp.startApplication("id.co.miraeasset.navi"): startApp.OpenApp.startApplication is PASSED

2021-11-18 08:11:47 - [MESSAGE][PASSED] - Starting app with application ID: 'id.co.miraeasset.navi'

2021-11-18 08:11:47 - [MESSAGE][PASSED] - startApp.OpenApp.startApplication is PASSED

2021-11-18 08:11:47 - [MESSAGE][PASSED] - Call Test Case 'Test Cases/Mobile/Page/Run App/Run App byID' successfully

2021-11-18 08:11:47 - [TEST_STEP][PASSED] - callTestCase(findTestCase("Mobile/Page/Transaction/Transaction"), ["page":"onprocess", "tab":"switching", "action":"none"], STOP_ON_FAILURE): Call Test Case 'Test Cases/Mobile/Page/Transaction/Transaction' successfully

2021-11-18 08:11:47 - [TEST_CASE][PASSED] - Test Cases/Mobile/Page/Transaction/Transaction: Test Cases/Mobile/Page/Transaction/Transaction

2021-11-18 08:11:47 - [TEST_STEP][PASSED] - delay(5): Delayed 5 second(s)

2021-11-18 08:11:52 - [MESSAGE][PASSED] - Delayed 5 second(s)

2021-11-18 08:11:52 - [TEST_STEP][PASSED] - loginCheck = verifyElementExist(findTestObject("Object Repository/Mobile/Page/Dashboard/Button - Login"), 2, CONTINUE_ON_FAILURE): Element 'Object Repository/Mobile/Page/Dashboard/Button - Login' is exist

2021-11-18 08:11:52 - [MESSAGE][PASSED] - Element 'Object Repository/Mobile/Page/Dashboard/Button - Login' is exist

2021-11-18 08:11:52 - [TEST_STEP][PASSED] - if (loginCheck): Call Test Case 'Test Cases/Mobile/Page/Login/Login' successfully

2021-11-18 08:11:52 - [TEST_STEP][PASSED] - callTestCase(findTestCase("Mobile/Page/Login/Login"), ["isLogin":0]): Call Test Case 'Test Cases/Mobile/Page/Login/Login' successfully

2021-11-18 08:11:52 - [TEST_CASE][PASSED] - Test Cases/Mobile/Page/Login/Login: Test Cases/Mobile/Page/Login/Login

2021-11-18 08:11:52 - [TEST_STEP][PASSED] - if (isLogin == 0): Tapped on element 'Object Repository/Mobile/Page/Dashboard/Button - Login'

2021-11-18 08:11:52 - [TEST_STEP][PASSED] - tap(findTestObject("Mobile/Page/Dashboard/Button - Login"), 0): Tapped on element 'Object Repository/Mobile/Page/Dashboard/Button - Login'

2021-11-18 08:11:52 - [MESSAGE][WARNING] - Timeout '0' is invalid. Using default page load timeout: '60'

2021-11-18 08:11:53 - [MESSAGE][PASSED] - Tapped on element 'Object Repository/Mobile/Page/Dashboard/Button - Login'

2021-11-18 08:11:53 - [TEST_STEP][PASSED] - tap(findTestObject("Mobile/Page/Login/Tap - UserID or Email"), 0): Tapped on element 'Object Repository/Mobile/Page/Login/Tap - UserID or Email'

2021-11-18 08:11:53 - [MESSAGE][WARNING] - Timeout '0' is invalid. Using default page load timeout: '60'

2021-11-18 08:11:54 - [MESSAGE][PASSED] - Tapped on element 'Object Repository/Mobile/Page/Login/Tap - UserID or Email'

2021-11-18 08:11:54 - [TEST_STEP][PASSED] - delay(3): Delayed 3 second(s)

2021-11-18 08:11:57 - [MESSAGE][PASSED] - Delayed 3 second(s)

2021-11-18 08:11:57 - [TEST_STEP][PASSED] - setText(findTestObject("Mobile/Page/Login/Input - UserID or Email"), "ady.pangerang@gmail.com", 0): Text 'ady.pangerang@gmail.com' has been set to element 'Object Repository/Mobile/Page/Login/Input - UserID or Email'

2021-11-18 08:11:57 - [MESSAGE][WARNING] - Timeout '0' is invalid. Using default page load timeout: '60'

2021-11-18 08:11:58 - [MESSAGE][PASSED] - Text 'ady.pangerang@gmail.com' has been set to element 'Object Repository/Mobile/Page/Login/Input - UserID or Email'

2021-11-18 08:11:58 - [TEST_STEP][PASSED] - delay(1): Delayed 1 second(s)

2021-11-18 08:11:59 - [MESSAGE][PASSED] - Delayed 1 second(s)

2021-11-18 08:11:59 - [TEST_STEP][PASSED] - hideKeyboard(): Keyboard is hidden

2021-11-18 08:12:03 - [MESSAGE][PASSED] - Keyboard is hidden

2021-11-18 08:12:03 - [TEST_STEP][PASSED] - delay(1): Delayed 1 second(s)

2021-11-18 08:12:04 - [MESSAGE][PASSED] - Delayed 1 second(s)

2021-11-18 08:12:04 - [TEST_STEP][PASSED] - tap(findTestObject("Mobile/Page/Login/Tap - Password 2"), 0): Tapped on element 'Object Repository/Mobile/Page/Login/Tap - Password 2'

2021-11-18 08:12:04 - [MESSAGE][WARNING] - Timeout '0' is invalid. Using default page load timeout: '60'

2021-11-18 08:12:04 - [MESSAGE][PASSED] - Tapped on element 'Object Repository/Mobile/Page/Login/Tap - Password 2'

2021-11-18 08:12:04 - [TEST_STEP][PASSED] - delay(3): Delayed 3 second(s)

2021-11-18 08:12:07 - [MESSAGE][PASSED] - Delayed 3 second(s)

2021-11-18 08:12:07 - [TEST_STEP][PASSED] - setText(findTestObject("Mobile/Page/Login/Tap - Password 2"), "Mirae1234", 0): Text 'Mirae1234' has been set to element 'Object Repository/Mobile/Page/Login/Tap - Password 2'

2021-11-18 08:12:07 - [MESSAGE][WARNING] - Timeout '0' is invalid. Using default page load timeout: '60'

2021-11-18 08:12:08 - [MESSAGE][PASSED] - Text 'Mirae1234' has been set to element 'Object Repository/Mobile/Page/Login/Tap - Password 2'

2021-11-18 08:12:08 - [TEST_STEP][PASSED] - delay(1): Delayed 1 second(s)

2021-11-18 08:12:09 - [MESSAGE][PASSED] - Delayed 1 second(s)

2021-11-18 08:12:09 - [TEST_STEP][PASSED] - hideKeyboard(): Keyboard is hidden

2021-11-18 08:12:15 - [MESSAGE][PASSED] - Keyboard is hidden

2021-11-18 08:12:15 - [TEST_STEP][PASSED] - delay(1): Delayed 1 second(s)

2021-11-18 08:12:16 - [MESSAGE][PASSED] - Delayed 1 second(s)

2021-11-18 08:12:16 - [TEST_STEP][PASSED] - tap(findTestObject("Mobile/Page/Login/Button - Sign In"), 0): Tapped on element 'Object Repository/Mobile/Page/Login/Button - Sign In'

2021-11-18 08:12:16 - [MESSAGE][WARNING] - Timeout '0' is invalid. Using default page load timeout: '60'

2021-11-18 08:12:18 - [MESSAGE][PASSED] - Tapped on element 'Object Repository/Mobile/Page/Login/Button - Sign In'

2021-11-18 08:12:18 - [MESSAGE][PASSED] - Call Test Case 'Test Cases/Mobile/Page/Login/Login' successfully

2021-11-18 08:12:18 - [TEST_STEP][PASSED] - if (page == "cart"): null

2021-11-18 08:12:18 - [TEST_STEP][PASSED] - tap(findTestObject("Object Repository/Mobile/Page/Transaction/Button - Menubar Transaction"), 0): Tapped on element 'Object Repository/Mobile/Page/Transaction/Button - Menubar Transaction'

2021-11-18 08:12:19 - [MESSAGE][WARNING] - Timeout '0' is invalid. Using default page load timeout: '60'

2021-11-18 08:12:20 - [MESSAGE][PASSED] - Tapped on element 'Object Repository/Mobile/Page/Transaction/Button - Menubar Transaction'

2021-11-18 08:12:20 - [TEST_STEP][PASSED] - delay(1): Delayed 1 second(s)

2021-11-18 08:12:21 - [MESSAGE][PASSED] - Delayed 1 second(s)

2021-11-18 08:12:21 - [TEST_STEP][PASSED] - if (page == "onprocess"): Delayed 1 second(s)

2021-11-18 08:12:21 - [TEST_STEP][PASSED] - if (tab == "subscription"): null

2021-11-18 08:12:21 - [TEST_STEP][PASSED] - else if (tab == "redemption"): null

2021-11-18 08:12:21 - [TEST_STEP][PASSED] - else if (tab == "switching"): Tapped on element 'Object Repository/Mobile/Page/Transaction/On Process/Tab - Switching'

2021-11-18 08:12:21 - [TEST_STEP][PASSED] - element = findTestObject("Object Repository/Mobile/Page/Transaction/On Process/Tab - All"): null

2021-11-18 08:12:21 - [TEST_STEP][PASSED] - scroll.scroll.scrollRightToLeft(element): scroll.scroll.scrollRightToLeft is PASSED

2021-11-18 08:12:21 - [MESSAGE][WARNING] - Timeout '0' is invalid. Using default page load timeout: '60'

2021-11-18 08:12:21 - [MESSAGE][PASSED] - Object 'Object Repository/Mobile/Page/Transaction/On Process/Tab - All' has left position '31'

2021-11-18 08:12:21 - [MESSAGE][WARNING] - Timeout '0' is invalid. Using default page load timeout: '60'

2021-11-18 08:12:21 - [MESSAGE][PASSED] - Object 'Object Repository/Mobile/Page/Transaction/On Process/Tab - All' has top position '255'

2021-11-18 08:12:21 - [MESSAGE][WARNING] - Timeout '0' is invalid. Using default page load timeout: '60'

2021-11-18 08:12:22 - [MESSAGE][PASSED] - Object 'Object Repository/Mobile/Page/Transaction/On Process/Tab - All' has width: '207'

2021-11-18 08:12:22 - [MESSAGE][WARNING] - Timeout '0' is invalid. Using default page load timeout: '60'

2021-11-18 08:12:22 - [MESSAGE][PASSED] - Object 'Object Repository/Mobile/Page/Transaction/On Process/Tab - All' has height: '44'

2021-11-18 08:12:23 - [MESSAGE][PASSED] - Swiped from 196,277 to 72,277

2021-11-18 08:12:23 - [MESSAGE][PASSED] - scroll.scroll.scrollRightToLeft is PASSED

2021-11-18 08:12:23 - [TEST_STEP][PASSED] - tap(findTestObject("Object Repository/Mobile/Page/Transaction/On Process/Tab - Switching"), 0): Tapped on element 'Object Repository/Mobile/Page/Transaction/On Process/Tab - Switching'

2021-11-18 08:12:23 - [MESSAGE][WARNING] - Timeout '0' is invalid. Using default page load timeout: '60'

2021-11-18 08:12:24 - [MESSAGE][PASSED] - Tapped on element 'Object Repository/Mobile/Page/Transaction/On Process/Tab - Switching'

2021-11-18 08:12:24 - [TEST_STEP][PASSED] - if (action == "detail"): null

2021-11-18 08:12:24 - [TEST_STEP][PASSED] - delay(1): Delayed 1 second(s)

2021-11-18 08:12:25 - [MESSAGE][PASSED] - Delayed 1 second(s)

2021-11-18 08:12:25 - [MESSAGE][PASSED] - Call Test Case 'Test Cases/Mobile/Page/Transaction/Transaction' successfully

2021-11-18 08:12:25 - [TEST_STEP][PASSED] - callTestCase(findTestCase("Mobile/Page/Run App/Terminate App"), [:], STOP_ON_FAILURE): Call Test Case 'Test Cases/Mobile/Page/Run App/Terminate App' successfully

2021-11-18 08:12:25 - [TEST_CASE][PASSED] - Test Cases/Mobile/Page/Run App/Terminate App: Test Cases/Mobile/Page/Run App/Terminate App

2021-11-18 08:12:25 - [TEST_STEP][PASSED] - startApp.OpenApp.terminateApplication(): startApp.OpenApp.terminateApplication is PASSED

2021-11-18 08:12:28 - [MESSAGE][PASSED] - Delayed 3 second(s)

2021-11-18 08:12:28 - [MESSAGE][PASSED] - Current device physical width is 720

2021-11-18 08:12:29 - [MESSAGE][PASSED] - Current device physical height is 1423

2021-11-18 08:12:30 - [MESSAGE][PASSED] - Swiped from 360,853 to 360,142

2021-11-18 08:12:31 - [MESSAGE][PASSED] - Delayed 1 second(s)

2021-11-18 08:12:33 - [MESSAGE][PASSED] - Swiped from 360,853 to 360,142

2021-11-18 08:12:36 - [MESSAGE][PASSED] - Delayed 3 second(s)

2021-11-18 08:12:36 - [MESSAGE][PASSED] - startApp.OpenApp.terminateApplication is PASSED

2021-11-18 08:12:36 - [MESSAGE][PASSED] - Call Test Case 'Test Cases/Mobile/Page/Run App/Terminate App' successfully]]></system-out>
         <system-err><![CDATA[]]></system-err>
      </testcase>
      <testcase name="Test Cases/Mobile/Scenario/Transaction/005 - Melihat Transaction berdasarkan kategori History" time="63.271" classname="Test Cases/Mobile/Scenario/Transaction/005 - Melihat Transaction berdasarkan kategori History" status="PASSED">
         <system-out><![CDATA[2021-11-18 08:12:36 - [TEST_CASE][PASSED] - Test Cases/Mobile/Scenario/Transaction/005 - Melihat Transaction berdasarkan kategori History: Test Cases/Mobile/Scenario/Transaction/005 - Melihat Transaction berdasarkan kategori History

2021-11-18 08:12:36 - [TEST_STEP][PASSED] - callTestCase(findTestCase("Mobile/Page/Run App/Run App byID"), [:], STOP_ON_FAILURE): Call Test Case 'Test Cases/Mobile/Page/Run App/Run App byID' successfully

2021-11-18 08:12:36 - [TEST_CASE][PASSED] - Test Cases/Mobile/Page/Run App/Run App byID: Test Cases/Mobile/Page/Run App/Run App byID

2021-11-18 08:12:36 - [TEST_STEP][PASSED] - startApp.OpenApp.startApplication("id.co.miraeasset.navi"): startApp.OpenApp.startApplication is PASSED

2021-11-18 08:12:49 - [MESSAGE][PASSED] - Starting app with application ID: 'id.co.miraeasset.navi'

2021-11-18 08:12:49 - [MESSAGE][PASSED] - startApp.OpenApp.startApplication is PASSED

2021-11-18 08:12:49 - [MESSAGE][PASSED] - Call Test Case 'Test Cases/Mobile/Page/Run App/Run App byID' successfully

2021-11-18 08:12:49 - [TEST_STEP][PASSED] - callTestCase(findTestCase("Mobile/Page/Transaction/Transaction"), ["page":"history", "tab":"none", "action":"none"], CONTINUE_ON_FAILURE): Call Test Case 'Test Cases/Mobile/Page/Transaction/Transaction' successfully

2021-11-18 08:12:50 - [TEST_CASE][PASSED] - Test Cases/Mobile/Page/Transaction/Transaction: Test Cases/Mobile/Page/Transaction/Transaction

2021-11-18 08:12:50 - [TEST_STEP][PASSED] - delay(5): Delayed 5 second(s)

2021-11-18 08:12:55 - [MESSAGE][PASSED] - Delayed 5 second(s)

2021-11-18 08:12:55 - [TEST_STEP][PASSED] - loginCheck = verifyElementExist(findTestObject("Object Repository/Mobile/Page/Dashboard/Button - Login"), 2, CONTINUE_ON_FAILURE): Element 'Object Repository/Mobile/Page/Dashboard/Button - Login' is exist

2021-11-18 08:12:55 - [MESSAGE][PASSED] - Element 'Object Repository/Mobile/Page/Dashboard/Button - Login' is exist

2021-11-18 08:12:55 - [TEST_STEP][PASSED] - if (loginCheck): Call Test Case 'Test Cases/Mobile/Page/Login/Login' successfully

2021-11-18 08:12:55 - [TEST_STEP][PASSED] - callTestCase(findTestCase("Mobile/Page/Login/Login"), ["isLogin":0]): Call Test Case 'Test Cases/Mobile/Page/Login/Login' successfully

2021-11-18 08:12:55 - [TEST_CASE][PASSED] - Test Cases/Mobile/Page/Login/Login: Test Cases/Mobile/Page/Login/Login

2021-11-18 08:12:55 - [TEST_STEP][PASSED] - if (isLogin == 0): Tapped on element 'Object Repository/Mobile/Page/Dashboard/Button - Login'

2021-11-18 08:12:55 - [TEST_STEP][PASSED] - tap(findTestObject("Mobile/Page/Dashboard/Button - Login"), 0): Tapped on element 'Object Repository/Mobile/Page/Dashboard/Button - Login'

2021-11-18 08:12:55 - [MESSAGE][WARNING] - Timeout '0' is invalid. Using default page load timeout: '60'

2021-11-18 08:12:56 - [MESSAGE][PASSED] - Tapped on element 'Object Repository/Mobile/Page/Dashboard/Button - Login'

2021-11-18 08:12:56 - [TEST_STEP][PASSED] - tap(findTestObject("Mobile/Page/Login/Tap - UserID or Email"), 0): Tapped on element 'Object Repository/Mobile/Page/Login/Tap - UserID or Email'

2021-11-18 08:12:56 - [MESSAGE][WARNING] - Timeout '0' is invalid. Using default page load timeout: '60'

2021-11-18 08:12:59 - [MESSAGE][PASSED] - Tapped on element 'Object Repository/Mobile/Page/Login/Tap - UserID or Email'

2021-11-18 08:12:59 - [TEST_STEP][PASSED] - delay(3): Delayed 3 second(s)

2021-11-18 08:13:02 - [MESSAGE][PASSED] - Delayed 3 second(s)

2021-11-18 08:13:02 - [TEST_STEP][PASSED] - setText(findTestObject("Mobile/Page/Login/Input - UserID or Email"), "ady.pangerang@gmail.com", 0): Text 'ady.pangerang@gmail.com' has been set to element 'Object Repository/Mobile/Page/Login/Input - UserID or Email'

2021-11-18 08:13:02 - [MESSAGE][WARNING] - Timeout '0' is invalid. Using default page load timeout: '60'

2021-11-18 08:13:03 - [MESSAGE][PASSED] - Text 'ady.pangerang@gmail.com' has been set to element 'Object Repository/Mobile/Page/Login/Input - UserID or Email'

2021-11-18 08:13:03 - [TEST_STEP][PASSED] - delay(1): Delayed 1 second(s)

2021-11-18 08:13:04 - [MESSAGE][PASSED] - Delayed 1 second(s)

2021-11-18 08:13:04 - [TEST_STEP][PASSED] - hideKeyboard(): Keyboard is hidden

2021-11-18 08:13:07 - [MESSAGE][PASSED] - Keyboard is hidden

2021-11-18 08:13:07 - [TEST_STEP][PASSED] - delay(1): Delayed 1 second(s)

2021-11-18 08:13:08 - [MESSAGE][PASSED] - Delayed 1 second(s)

2021-11-18 08:13:08 - [TEST_STEP][PASSED] - tap(findTestObject("Mobile/Page/Login/Tap - Password 2"), 0): Tapped on element 'Object Repository/Mobile/Page/Login/Tap - Password 2'

2021-11-18 08:13:08 - [MESSAGE][WARNING] - Timeout '0' is invalid. Using default page load timeout: '60'

2021-11-18 08:13:10 - [MESSAGE][PASSED] - Tapped on element 'Object Repository/Mobile/Page/Login/Tap - Password 2'

2021-11-18 08:13:10 - [TEST_STEP][PASSED] - delay(3): Delayed 3 second(s)

2021-11-18 08:13:13 - [MESSAGE][PASSED] - Delayed 3 second(s)

2021-11-18 08:13:13 - [TEST_STEP][PASSED] - setText(findTestObject("Mobile/Page/Login/Tap - Password 2"), "Mirae1234", 0): Text 'Mirae1234' has been set to element 'Object Repository/Mobile/Page/Login/Tap - Password 2'

2021-11-18 08:13:13 - [MESSAGE][WARNING] - Timeout '0' is invalid. Using default page load timeout: '60'

2021-11-18 08:13:14 - [MESSAGE][PASSED] - Text 'Mirae1234' has been set to element 'Object Repository/Mobile/Page/Login/Tap - Password 2'

2021-11-18 08:13:14 - [TEST_STEP][PASSED] - delay(1): Delayed 1 second(s)

2021-11-18 08:13:15 - [MESSAGE][PASSED] - Delayed 1 second(s)

2021-11-18 08:13:15 - [TEST_STEP][PASSED] - hideKeyboard(): Keyboard is hidden

2021-11-18 08:13:21 - [MESSAGE][PASSED] - Keyboard is hidden

2021-11-18 08:13:21 - [TEST_STEP][PASSED] - delay(1): Delayed 1 second(s)

2021-11-18 08:13:22 - [MESSAGE][PASSED] - Delayed 1 second(s)

2021-11-18 08:13:22 - [TEST_STEP][PASSED] - tap(findTestObject("Mobile/Page/Login/Button - Sign In"), 0): Tapped on element 'Object Repository/Mobile/Page/Login/Button - Sign In'

2021-11-18 08:13:22 - [MESSAGE][WARNING] - Timeout '0' is invalid. Using default page load timeout: '60'

2021-11-18 08:13:23 - [MESSAGE][PASSED] - Tapped on element 'Object Repository/Mobile/Page/Login/Button - Sign In'

2021-11-18 08:13:23 - [MESSAGE][PASSED] - Call Test Case 'Test Cases/Mobile/Page/Login/Login' successfully

2021-11-18 08:13:23 - [TEST_STEP][PASSED] - if (page == "cart"): null

2021-11-18 08:13:23 - [TEST_STEP][PASSED] - tap(findTestObject("Object Repository/Mobile/Page/Transaction/Button - Menubar Transaction"), 0): Tapped on element 'Object Repository/Mobile/Page/Transaction/Button - Menubar Transaction'

2021-11-18 08:13:23 - [MESSAGE][WARNING] - Timeout '0' is invalid. Using default page load timeout: '60'

2021-11-18 08:13:26 - [MESSAGE][PASSED] - Tapped on element 'Object Repository/Mobile/Page/Transaction/Button - Menubar Transaction'

2021-11-18 08:13:26 - [TEST_STEP][PASSED] - delay(1): Delayed 1 second(s)

2021-11-18 08:13:27 - [MESSAGE][PASSED] - Delayed 1 second(s)

2021-11-18 08:13:27 - [TEST_STEP][PASSED] - if (page == "onprocess"): null

2021-11-18 08:13:27 - [TEST_STEP][PASSED] - else if (page == "history"): Delayed 1 second(s)

2021-11-18 08:13:27 - [TEST_STEP][PASSED] - tap(findTestObject("Object Repository/Mobile/Page/Transaction/Tab - History"), 0): Tapped on element 'Object Repository/Mobile/Page/Transaction/Tab - History'

2021-11-18 08:13:27 - [MESSAGE][WARNING] - Timeout '0' is invalid. Using default page load timeout: '60'

2021-11-18 08:13:27 - [MESSAGE][PASSED] - Tapped on element 'Object Repository/Mobile/Page/Transaction/Tab - History'

2021-11-18 08:13:27 - [TEST_STEP][PASSED] - if (action == "detail"): null

2021-11-18 08:13:27 - [TEST_STEP][PASSED] - delay(1): Delayed 1 second(s)

2021-11-18 08:13:28 - [MESSAGE][PASSED] - Delayed 1 second(s)

2021-11-18 08:13:28 - [MESSAGE][PASSED] - Call Test Case 'Test Cases/Mobile/Page/Transaction/Transaction' successfully

2021-11-18 08:13:28 - [TEST_STEP][PASSED] - callTestCase(findTestCase("Mobile/Page/Run App/Terminate App"), [:], STOP_ON_FAILURE): Call Test Case 'Test Cases/Mobile/Page/Run App/Terminate App' successfully

2021-11-18 08:13:28 - [TEST_CASE][PASSED] - Test Cases/Mobile/Page/Run App/Terminate App: Test Cases/Mobile/Page/Run App/Terminate App

2021-11-18 08:13:28 - [TEST_STEP][PASSED] - startApp.OpenApp.terminateApplication(): startApp.OpenApp.terminateApplication is PASSED

2021-11-18 08:13:32 - [MESSAGE][PASSED] - Delayed 3 second(s)

2021-11-18 08:13:32 - [MESSAGE][PASSED] - Current device physical width is 720

2021-11-18 08:13:32 - [MESSAGE][PASSED] - Current device physical height is 1423

2021-11-18 08:13:34 - [MESSAGE][PASSED] - Swiped from 360,853 to 360,142

2021-11-18 08:13:35 - [MESSAGE][PASSED] - Delayed 1 second(s)

2021-11-18 08:13:36 - [MESSAGE][PASSED] - Swiped from 360,853 to 360,142

2021-11-18 08:13:39 - [MESSAGE][PASSED] - Delayed 3 second(s)

2021-11-18 08:13:39 - [MESSAGE][PASSED] - startApp.OpenApp.terminateApplication is PASSED

2021-11-18 08:13:39 - [MESSAGE][PASSED] - Call Test Case 'Test Cases/Mobile/Page/Run App/Terminate App' successfully]]></system-out>
         <system-err><![CDATA[]]></system-err>
      </testcase>
      <testcase name="Test Cases/Mobile/Scenario/Transaction/006 - Melihat detail Transaction" time="72.171" classname="Test Cases/Mobile/Scenario/Transaction/006 - Melihat detail Transaction" status="PASSED">
         <system-out><![CDATA[2021-11-18 08:13:39 - [TEST_CASE][PASSED] - Test Cases/Mobile/Scenario/Transaction/006 - Melihat detail Transaction: Test Cases/Mobile/Scenario/Transaction/006 - Melihat detail Transaction

2021-11-18 08:13:40 - [TEST_STEP][PASSED] - callTestCase(findTestCase("Mobile/Page/Run App/Run App byID"), [:], STOP_ON_FAILURE): Call Test Case 'Test Cases/Mobile/Page/Run App/Run App byID' successfully

2021-11-18 08:13:40 - [TEST_CASE][PASSED] - Test Cases/Mobile/Page/Run App/Run App byID: Test Cases/Mobile/Page/Run App/Run App byID

2021-11-18 08:13:40 - [TEST_STEP][PASSED] - startApp.OpenApp.startApplication("id.co.miraeasset.navi"): startApp.OpenApp.startApplication is PASSED

2021-11-18 08:13:54 - [MESSAGE][PASSED] - Starting app with application ID: 'id.co.miraeasset.navi'

2021-11-18 08:13:54 - [MESSAGE][PASSED] - startApp.OpenApp.startApplication is PASSED

2021-11-18 08:13:54 - [MESSAGE][PASSED] - Call Test Case 'Test Cases/Mobile/Page/Run App/Run App byID' successfully

2021-11-18 08:13:54 - [TEST_STEP][PASSED] - callTestCase(findTestCase("Mobile/Page/Transaction/Transaction"), ["page":"onprocess", "tab":"none", "action":"detail"], CONTINUE_ON_FAILURE): Call Test Case 'Test Cases/Mobile/Page/Transaction/Transaction' successfully

2021-11-18 08:13:54 - [TEST_CASE][PASSED] - Test Cases/Mobile/Page/Transaction/Transaction: Test Cases/Mobile/Page/Transaction/Transaction

2021-11-18 08:13:54 - [TEST_STEP][PASSED] - delay(5): Delayed 5 second(s)

2021-11-18 08:13:59 - [MESSAGE][PASSED] - Delayed 5 second(s)

2021-11-18 08:13:59 - [TEST_STEP][PASSED] - loginCheck = verifyElementExist(findTestObject("Object Repository/Mobile/Page/Dashboard/Button - Login"), 2, CONTINUE_ON_FAILURE): Element 'Object Repository/Mobile/Page/Dashboard/Button - Login' is exist

2021-11-18 08:13:59 - [MESSAGE][PASSED] - Element 'Object Repository/Mobile/Page/Dashboard/Button - Login' is exist

2021-11-18 08:13:59 - [TEST_STEP][PASSED] - if (loginCheck): Call Test Case 'Test Cases/Mobile/Page/Login/Login' successfully

2021-11-18 08:13:59 - [TEST_STEP][PASSED] - callTestCase(findTestCase("Mobile/Page/Login/Login"), ["isLogin":0]): Call Test Case 'Test Cases/Mobile/Page/Login/Login' successfully

2021-11-18 08:13:59 - [TEST_CASE][PASSED] - Test Cases/Mobile/Page/Login/Login: Test Cases/Mobile/Page/Login/Login

2021-11-18 08:13:59 - [TEST_STEP][PASSED] - if (isLogin == 0): Tapped on element 'Object Repository/Mobile/Page/Dashboard/Button - Login'

2021-11-18 08:13:59 - [TEST_STEP][PASSED] - tap(findTestObject("Mobile/Page/Dashboard/Button - Login"), 0): Tapped on element 'Object Repository/Mobile/Page/Dashboard/Button - Login'

2021-11-18 08:13:59 - [MESSAGE][WARNING] - Timeout '0' is invalid. Using default page load timeout: '60'

2021-11-18 08:14:00 - [MESSAGE][PASSED] - Tapped on element 'Object Repository/Mobile/Page/Dashboard/Button - Login'

2021-11-18 08:14:00 - [TEST_STEP][PASSED] - tap(findTestObject("Mobile/Page/Login/Tap - UserID or Email"), 0): Tapped on element 'Object Repository/Mobile/Page/Login/Tap - UserID or Email'

2021-11-18 08:14:00 - [MESSAGE][WARNING] - Timeout '0' is invalid. Using default page load timeout: '60'

2021-11-18 08:14:02 - [MESSAGE][PASSED] - Tapped on element 'Object Repository/Mobile/Page/Login/Tap - UserID or Email'

2021-11-18 08:14:02 - [TEST_STEP][PASSED] - delay(3): Delayed 3 second(s)

2021-11-18 08:14:05 - [MESSAGE][PASSED] - Delayed 3 second(s)

2021-11-18 08:14:05 - [TEST_STEP][PASSED] - setText(findTestObject("Mobile/Page/Login/Input - UserID or Email"), "ady.pangerang@gmail.com", 0): Text 'ady.pangerang@gmail.com' has been set to element 'Object Repository/Mobile/Page/Login/Input - UserID or Email'

2021-11-18 08:14:05 - [MESSAGE][WARNING] - Timeout '0' is invalid. Using default page load timeout: '60'

2021-11-18 08:14:06 - [MESSAGE][PASSED] - Text 'ady.pangerang@gmail.com' has been set to element 'Object Repository/Mobile/Page/Login/Input - UserID or Email'

2021-11-18 08:14:06 - [TEST_STEP][PASSED] - delay(1): Delayed 1 second(s)

2021-11-18 08:14:07 - [MESSAGE][PASSED] - Delayed 1 second(s)

2021-11-18 08:14:07 - [TEST_STEP][PASSED] - hideKeyboard(): Keyboard is hidden

2021-11-18 08:14:11 - [MESSAGE][PASSED] - Keyboard is hidden

2021-11-18 08:14:11 - [TEST_STEP][PASSED] - delay(1): Delayed 1 second(s)

2021-11-18 08:14:12 - [MESSAGE][PASSED] - Delayed 1 second(s)

2021-11-18 08:14:12 - [TEST_STEP][PASSED] - tap(findTestObject("Mobile/Page/Login/Tap - Password 2"), 0): Tapped on element 'Object Repository/Mobile/Page/Login/Tap - Password 2'

2021-11-18 08:14:12 - [MESSAGE][WARNING] - Timeout '0' is invalid. Using default page load timeout: '60'

2021-11-18 08:14:13 - [MESSAGE][PASSED] - Tapped on element 'Object Repository/Mobile/Page/Login/Tap - Password 2'

2021-11-18 08:14:13 - [TEST_STEP][PASSED] - delay(3): Delayed 3 second(s)

2021-11-18 08:14:16 - [MESSAGE][PASSED] - Delayed 3 second(s)

2021-11-18 08:14:16 - [TEST_STEP][PASSED] - setText(findTestObject("Mobile/Page/Login/Tap - Password 2"), "Mirae1234", 0): Text 'Mirae1234' has been set to element 'Object Repository/Mobile/Page/Login/Tap - Password 2'

2021-11-18 08:14:16 - [MESSAGE][WARNING] - Timeout '0' is invalid. Using default page load timeout: '60'

2021-11-18 08:14:16 - [MESSAGE][PASSED] - Text 'Mirae1234' has been set to element 'Object Repository/Mobile/Page/Login/Tap - Password 2'

2021-11-18 08:14:16 - [TEST_STEP][PASSED] - delay(1): Delayed 1 second(s)

2021-11-18 08:14:17 - [MESSAGE][PASSED] - Delayed 1 second(s)

2021-11-18 08:14:17 - [TEST_STEP][PASSED] - hideKeyboard(): Keyboard is hidden

2021-11-18 08:14:24 - [MESSAGE][PASSED] - Keyboard is hidden

2021-11-18 08:14:24 - [TEST_STEP][PASSED] - delay(1): Delayed 1 second(s)

2021-11-18 08:14:25 - [MESSAGE][PASSED] - Delayed 1 second(s)

2021-11-18 08:14:25 - [TEST_STEP][PASSED] - tap(findTestObject("Mobile/Page/Login/Button - Sign In"), 0): Tapped on element 'Object Repository/Mobile/Page/Login/Button - Sign In'

2021-11-18 08:14:25 - [MESSAGE][WARNING] - Timeout '0' is invalid. Using default page load timeout: '60'

2021-11-18 08:14:26 - [MESSAGE][PASSED] - Tapped on element 'Object Repository/Mobile/Page/Login/Button - Sign In'

2021-11-18 08:14:26 - [MESSAGE][PASSED] - Call Test Case 'Test Cases/Mobile/Page/Login/Login' successfully

2021-11-18 08:14:26 - [TEST_STEP][PASSED] - if (page == "cart"): null

2021-11-18 08:14:26 - [TEST_STEP][PASSED] - tap(findTestObject("Object Repository/Mobile/Page/Transaction/Button - Menubar Transaction"), 0): Tapped on element 'Object Repository/Mobile/Page/Transaction/Button - Menubar Transaction'

2021-11-18 08:14:26 - [MESSAGE][WARNING] - Timeout '0' is invalid. Using default page load timeout: '60'

2021-11-18 08:14:29 - [MESSAGE][PASSED] - Tapped on element 'Object Repository/Mobile/Page/Transaction/Button - Menubar Transaction'

2021-11-18 08:14:29 - [TEST_STEP][PASSED] - delay(1): Delayed 1 second(s)

2021-11-18 08:14:30 - [MESSAGE][PASSED] - Delayed 1 second(s)

2021-11-18 08:14:30 - [TEST_STEP][PASSED] - if (page == "onprocess"): Delayed 1 second(s)

2021-11-18 08:14:30 - [TEST_STEP][PASSED] - if (tab == "subscription"): null

2021-11-18 08:14:30 - [TEST_STEP][PASSED] - if (action == "detail"): scroll.scroll.scrollBottomToTop is PASSED

2021-11-18 08:14:30 - [TEST_STEP][PASSED] - delay(4): Delayed 4 second(s)

2021-11-18 08:14:34 - [MESSAGE][PASSED] - Delayed 4 second(s)

2021-11-18 08:14:34 - [TEST_STEP][PASSED] - if (tab == "subscription"): null

2021-11-18 08:14:34 - [TEST_STEP][PASSED] - else if (tab == "redemption"): null

2021-11-18 08:14:34 - [TEST_STEP][PASSED] - else if (tab == "switching"): null

2021-11-18 08:14:34 - [TEST_STEP][PASSED] - else: Tapped and held on element 'Object Repository/Mobile/Page/Transaction/On Process/Top Item - All' with duration 1

2021-11-18 08:14:34 - [TEST_STEP][PASSED] - tapAndHold(findTestObject("Mobile/Page/Transaction/On Process/Top Item - All"), 1, 0): Tapped and held on element 'Object Repository/Mobile/Page/Transaction/On Process/Top Item - All' with duration 1

2021-11-18 08:14:34 - [MESSAGE][WARNING] - Timeout '0' is invalid. Using default page load timeout: '60'

2021-11-18 08:14:37 - [MESSAGE][PASSED] - Tapped and held on element 'Object Repository/Mobile/Page/Transaction/On Process/Top Item - All' with duration 1

2021-11-18 08:14:37 - [TEST_STEP][PASSED] - delay(1): Delayed 1 second(s)

2021-11-18 08:14:38 - [MESSAGE][PASSED] - Delayed 1 second(s)

2021-11-18 08:14:38 - [TEST_STEP][PASSED] - scroll.scroll.scrollBottomToTop(): scroll.scroll.scrollBottomToTop is PASSED

2021-11-18 08:14:38 - [MESSAGE][PASSED] - Current device physical height is 1423

2021-11-18 08:14:38 - [MESSAGE][PASSED] - Current device physical width is 720

2021-11-18 08:14:40 - [MESSAGE][PASSED] - Swiped from 360,1,138 to 360,284

2021-11-18 08:14:40 - [MESSAGE][PASSED] - scroll.scroll.scrollBottomToTop is PASSED

2021-11-18 08:14:40 - [TEST_STEP][PASSED] - delay(1): Delayed 1 second(s)

2021-11-18 08:14:41 - [MESSAGE][PASSED] - Delayed 1 second(s)

2021-11-18 08:14:41 - [MESSAGE][PASSED] - Call Test Case 'Test Cases/Mobile/Page/Transaction/Transaction' successfully

2021-11-18 08:14:41 - [TEST_STEP][PASSED] - callTestCase(findTestCase("Mobile/Page/Run App/Terminate App"), [:], STOP_ON_FAILURE): Call Test Case 'Test Cases/Mobile/Page/Run App/Terminate App' successfully

2021-11-18 08:14:41 - [TEST_CASE][PASSED] - Test Cases/Mobile/Page/Run App/Terminate App: Test Cases/Mobile/Page/Run App/Terminate App

2021-11-18 08:14:41 - [TEST_STEP][PASSED] - startApp.OpenApp.terminateApplication(): startApp.OpenApp.terminateApplication is PASSED

2021-11-18 08:14:44 - [MESSAGE][PASSED] - Delayed 3 second(s)

2021-11-18 08:14:44 - [MESSAGE][PASSED] - Current device physical width is 720

2021-11-18 08:14:44 - [MESSAGE][PASSED] - Current device physical height is 1423

2021-11-18 08:14:46 - [MESSAGE][PASSED] - Swiped from 360,853 to 360,142

2021-11-18 08:14:47 - [MESSAGE][PASSED] - Delayed 1 second(s)

2021-11-18 08:14:48 - [MESSAGE][PASSED] - Swiped from 360,853 to 360,142

2021-11-18 08:14:51 - [MESSAGE][PASSED] - Delayed 3 second(s)

2021-11-18 08:14:51 - [MESSAGE][PASSED] - startApp.OpenApp.terminateApplication is PASSED

2021-11-18 08:14:51 - [MESSAGE][PASSED] - Call Test Case 'Test Cases/Mobile/Page/Run App/Terminate App' successfully]]></system-out>
         <system-err><![CDATA[]]></system-err>
      </testcase>
      <testcase name="Test Cases/Mobile/Scenario/Transaction/007 - Melihat detail Transaction berdasarkan ketegori On Process dan Subcription" time="72.6" classname="Test Cases/Mobile/Scenario/Transaction/007 - Melihat detail Transaction berdasarkan ketegori On Process dan Subcription" status="PASSED">
         <system-out><![CDATA[2021-11-18 08:14:51 - [TEST_CASE][PASSED] - Test Cases/Mobile/Scenario/Transaction/007 - Melihat detail Transaction berdasarkan ketegori On Process dan Subcription: Test Cases/Mobile/Scenario/Transaction/007 - Melihat detail Transaction berdasarkan ketegori On Process dan Subcription

2021-11-18 08:14:52 - [TEST_STEP][PASSED] - callTestCase(findTestCase("Mobile/Page/Run App/Run App byID"), [:], STOP_ON_FAILURE): Call Test Case 'Test Cases/Mobile/Page/Run App/Run App byID' successfully

2021-11-18 08:14:52 - [TEST_CASE][PASSED] - Test Cases/Mobile/Page/Run App/Run App byID: Test Cases/Mobile/Page/Run App/Run App byID

2021-11-18 08:14:52 - [TEST_STEP][PASSED] - startApp.OpenApp.startApplication("id.co.miraeasset.navi"): startApp.OpenApp.startApplication is PASSED

2021-11-18 08:15:06 - [MESSAGE][PASSED] - Starting app with application ID: 'id.co.miraeasset.navi'

2021-11-18 08:15:06 - [MESSAGE][PASSED] - startApp.OpenApp.startApplication is PASSED

2021-11-18 08:15:06 - [MESSAGE][PASSED] - Call Test Case 'Test Cases/Mobile/Page/Run App/Run App byID' successfully

2021-11-18 08:15:06 - [TEST_STEP][PASSED] - callTestCase(findTestCase("Mobile/Page/Transaction/Transaction"), ["page":"onprocess", "tab":"subscription", "action":"detail"], CONTINUE_ON_FAILURE): Call Test Case 'Test Cases/Mobile/Page/Transaction/Transaction' successfully

2021-11-18 08:15:06 - [TEST_CASE][PASSED] - Test Cases/Mobile/Page/Transaction/Transaction: Test Cases/Mobile/Page/Transaction/Transaction

2021-11-18 08:15:06 - [TEST_STEP][PASSED] - delay(5): Delayed 5 second(s)

2021-11-18 08:15:11 - [MESSAGE][PASSED] - Delayed 5 second(s)

2021-11-18 08:15:11 - [TEST_STEP][PASSED] - loginCheck = verifyElementExist(findTestObject("Object Repository/Mobile/Page/Dashboard/Button - Login"), 2, CONTINUE_ON_FAILURE): Element 'Object Repository/Mobile/Page/Dashboard/Button - Login' is exist

2021-11-18 08:15:12 - [MESSAGE][PASSED] - Element 'Object Repository/Mobile/Page/Dashboard/Button - Login' is exist

2021-11-18 08:15:12 - [TEST_STEP][PASSED] - if (loginCheck): Call Test Case 'Test Cases/Mobile/Page/Login/Login' successfully

2021-11-18 08:15:12 - [TEST_STEP][PASSED] - callTestCase(findTestCase("Mobile/Page/Login/Login"), ["isLogin":0]): Call Test Case 'Test Cases/Mobile/Page/Login/Login' successfully

2021-11-18 08:15:12 - [TEST_CASE][PASSED] - Test Cases/Mobile/Page/Login/Login: Test Cases/Mobile/Page/Login/Login

2021-11-18 08:15:12 - [TEST_STEP][PASSED] - if (isLogin == 0): Tapped on element 'Object Repository/Mobile/Page/Dashboard/Button - Login'

2021-11-18 08:15:12 - [TEST_STEP][PASSED] - tap(findTestObject("Mobile/Page/Dashboard/Button - Login"), 0): Tapped on element 'Object Repository/Mobile/Page/Dashboard/Button - Login'

2021-11-18 08:15:12 - [MESSAGE][WARNING] - Timeout '0' is invalid. Using default page load timeout: '60'

2021-11-18 08:15:14 - [MESSAGE][PASSED] - Tapped on element 'Object Repository/Mobile/Page/Dashboard/Button - Login'

2021-11-18 08:15:14 - [TEST_STEP][PASSED] - tap(findTestObject("Mobile/Page/Login/Tap - UserID or Email"), 0): Tapped on element 'Object Repository/Mobile/Page/Login/Tap - UserID or Email'

2021-11-18 08:15:14 - [MESSAGE][WARNING] - Timeout '0' is invalid. Using default page load timeout: '60'

2021-11-18 08:15:14 - [MESSAGE][PASSED] - Tapped on element 'Object Repository/Mobile/Page/Login/Tap - UserID or Email'

2021-11-18 08:15:14 - [TEST_STEP][PASSED] - delay(3): Delayed 3 second(s)

2021-11-18 08:15:17 - [MESSAGE][PASSED] - Delayed 3 second(s)

2021-11-18 08:15:17 - [TEST_STEP][PASSED] - setText(findTestObject("Mobile/Page/Login/Input - UserID or Email"), "ady.pangerang@gmail.com", 0): Text 'ady.pangerang@gmail.com' has been set to element 'Object Repository/Mobile/Page/Login/Input - UserID or Email'

2021-11-18 08:15:17 - [MESSAGE][WARNING] - Timeout '0' is invalid. Using default page load timeout: '60'

2021-11-18 08:15:18 - [MESSAGE][PASSED] - Text 'ady.pangerang@gmail.com' has been set to element 'Object Repository/Mobile/Page/Login/Input - UserID or Email'

2021-11-18 08:15:18 - [TEST_STEP][PASSED] - delay(1): Delayed 1 second(s)

2021-11-18 08:15:19 - [MESSAGE][PASSED] - Delayed 1 second(s)

2021-11-18 08:15:19 - [TEST_STEP][PASSED] - hideKeyboard(): Keyboard is hidden

2021-11-18 08:15:23 - [MESSAGE][PASSED] - Keyboard is hidden

2021-11-18 08:15:23 - [TEST_STEP][PASSED] - delay(1): Delayed 1 second(s)

2021-11-18 08:15:24 - [MESSAGE][PASSED] - Delayed 1 second(s)

2021-11-18 08:15:24 - [TEST_STEP][PASSED] - tap(findTestObject("Mobile/Page/Login/Tap - Password 2"), 0): Tapped on element 'Object Repository/Mobile/Page/Login/Tap - Password 2'

2021-11-18 08:15:24 - [MESSAGE][WARNING] - Timeout '0' is invalid. Using default page load timeout: '60'

2021-11-18 08:15:25 - [MESSAGE][PASSED] - Tapped on element 'Object Repository/Mobile/Page/Login/Tap - Password 2'

2021-11-18 08:15:25 - [TEST_STEP][PASSED] - delay(3): Delayed 3 second(s)

2021-11-18 08:15:28 - [MESSAGE][PASSED] - Delayed 3 second(s)

2021-11-18 08:15:28 - [TEST_STEP][PASSED] - setText(findTestObject("Mobile/Page/Login/Tap - Password 2"), "Mirae1234", 0): Text 'Mirae1234' has been set to element 'Object Repository/Mobile/Page/Login/Tap - Password 2'

2021-11-18 08:15:28 - [MESSAGE][WARNING] - Timeout '0' is invalid. Using default page load timeout: '60'

2021-11-18 08:15:28 - [MESSAGE][PASSED] - Text 'Mirae1234' has been set to element 'Object Repository/Mobile/Page/Login/Tap - Password 2'

2021-11-18 08:15:28 - [TEST_STEP][PASSED] - delay(1): Delayed 1 second(s)

2021-11-18 08:15:29 - [MESSAGE][PASSED] - Delayed 1 second(s)

2021-11-18 08:15:29 - [TEST_STEP][PASSED] - hideKeyboard(): Keyboard is hidden

2021-11-18 08:15:35 - [MESSAGE][PASSED] - Keyboard is hidden

2021-11-18 08:15:35 - [TEST_STEP][PASSED] - delay(1): Delayed 1 second(s)

2021-11-18 08:15:36 - [MESSAGE][PASSED] - Delayed 1 second(s)

2021-11-18 08:15:36 - [TEST_STEP][PASSED] - tap(findTestObject("Mobile/Page/Login/Button - Sign In"), 0): Tapped on element 'Object Repository/Mobile/Page/Login/Button - Sign In'

2021-11-18 08:15:37 - [MESSAGE][WARNING] - Timeout '0' is invalid. Using default page load timeout: '60'

2021-11-18 08:15:38 - [MESSAGE][PASSED] - Tapped on element 'Object Repository/Mobile/Page/Login/Button - Sign In'

2021-11-18 08:15:38 - [MESSAGE][PASSED] - Call Test Case 'Test Cases/Mobile/Page/Login/Login' successfully

2021-11-18 08:15:38 - [TEST_STEP][PASSED] - if (page == "cart"): null

2021-11-18 08:15:38 - [TEST_STEP][PASSED] - tap(findTestObject("Object Repository/Mobile/Page/Transaction/Button - Menubar Transaction"), 0): Tapped on element 'Object Repository/Mobile/Page/Transaction/Button - Menubar Transaction'

2021-11-18 08:15:38 - [MESSAGE][WARNING] - Timeout '0' is invalid. Using default page load timeout: '60'

2021-11-18 08:15:40 - [MESSAGE][PASSED] - Tapped on element 'Object Repository/Mobile/Page/Transaction/Button - Menubar Transaction'

2021-11-18 08:15:40 - [TEST_STEP][PASSED] - delay(1): Delayed 1 second(s)

2021-11-18 08:15:41 - [MESSAGE][PASSED] - Delayed 1 second(s)

2021-11-18 08:15:41 - [TEST_STEP][PASSED] - if (page == "onprocess"): Delayed 1 second(s)

2021-11-18 08:15:41 - [TEST_STEP][PASSED] - if (tab == "subscription"): Tapped on element 'Object Repository/Mobile/Page/Transaction/On Process/Tab - Subscription'

2021-11-18 08:15:41 - [TEST_STEP][PASSED] - tap(findTestObject("Object Repository/Mobile/Page/Transaction/On Process/Tab - Subscription"), 0): Tapped on element 'Object Repository/Mobile/Page/Transaction/On Process/Tab - Subscription'

2021-11-18 08:15:41 - [MESSAGE][WARNING] - Timeout '0' is invalid. Using default page load timeout: '60'

2021-11-18 08:15:42 - [MESSAGE][PASSED] - Tapped on element 'Object Repository/Mobile/Page/Transaction/On Process/Tab - Subscription'

2021-11-18 08:15:42 - [TEST_STEP][PASSED] - if (action == "detail"): scroll.scroll.scrollBottomToTop is PASSED

2021-11-18 08:15:42 - [TEST_STEP][PASSED] - delay(4): Delayed 4 second(s)

2021-11-18 08:15:46 - [MESSAGE][PASSED] - Delayed 4 second(s)

2021-11-18 08:15:46 - [TEST_STEP][PASSED] - if (tab == "subscription"): Tapped and held on element 'Object Repository/Mobile/Page/Transaction/On Process/Top Item - Subscription' with duration 1

2021-11-18 08:15:46 - [TEST_STEP][PASSED] - tapAndHold(findTestObject("Mobile/Page/Transaction/On Process/Top Item - Subscription"), 1, 0): Tapped and held on element 'Object Repository/Mobile/Page/Transaction/On Process/Top Item - Subscription' with duration 1

2021-11-18 08:15:46 - [MESSAGE][WARNING] - Timeout '0' is invalid. Using default page load timeout: '60'

2021-11-18 08:15:49 - [MESSAGE][PASSED] - Tapped and held on element 'Object Repository/Mobile/Page/Transaction/On Process/Top Item - Subscription' with duration 1

2021-11-18 08:15:49 - [TEST_STEP][PASSED] - delay(1): Delayed 1 second(s)

2021-11-18 08:15:50 - [MESSAGE][PASSED] - Delayed 1 second(s)

2021-11-18 08:15:50 - [TEST_STEP][PASSED] - scroll.scroll.scrollBottomToTop(): scroll.scroll.scrollBottomToTop is PASSED

2021-11-18 08:15:50 - [MESSAGE][PASSED] - Current device physical height is 1423

2021-11-18 08:15:51 - [MESSAGE][PASSED] - Current device physical width is 720

2021-11-18 08:15:52 - [MESSAGE][PASSED] - Swiped from 360,1,138 to 360,284

2021-11-18 08:15:52 - [MESSAGE][PASSED] - scroll.scroll.scrollBottomToTop is PASSED

2021-11-18 08:15:52 - [TEST_STEP][PASSED] - delay(1): Delayed 1 second(s)

2021-11-18 08:15:53 - [MESSAGE][PASSED] - Delayed 1 second(s)

2021-11-18 08:15:53 - [MESSAGE][PASSED] - Call Test Case 'Test Cases/Mobile/Page/Transaction/Transaction' successfully

2021-11-18 08:15:53 - [TEST_STEP][PASSED] - callTestCase(findTestCase("Mobile/Page/Run App/Terminate App"), [:], STOP_ON_FAILURE): Call Test Case 'Test Cases/Mobile/Page/Run App/Terminate App' successfully

2021-11-18 08:15:53 - [TEST_CASE][PASSED] - Test Cases/Mobile/Page/Run App/Terminate App: Test Cases/Mobile/Page/Run App/Terminate App

2021-11-18 08:15:53 - [TEST_STEP][PASSED] - startApp.OpenApp.terminateApplication(): startApp.OpenApp.terminateApplication is PASSED

2021-11-18 08:15:56 - [MESSAGE][PASSED] - Delayed 3 second(s)

2021-11-18 08:15:57 - [MESSAGE][PASSED] - Current device physical width is 720

2021-11-18 08:15:57 - [MESSAGE][PASSED] - Current device physical height is 1423

2021-11-18 08:15:58 - [MESSAGE][PASSED] - Swiped from 360,853 to 360,142

2021-11-18 08:15:59 - [MESSAGE][PASSED] - Delayed 1 second(s)

2021-11-18 08:16:01 - [MESSAGE][PASSED] - Swiped from 360,853 to 360,142

2021-11-18 08:16:04 - [MESSAGE][PASSED] - Delayed 3 second(s)

2021-11-18 08:16:04 - [MESSAGE][PASSED] - startApp.OpenApp.terminateApplication is PASSED

2021-11-18 08:16:04 - [MESSAGE][PASSED] - Call Test Case 'Test Cases/Mobile/Page/Run App/Terminate App' successfully]]></system-out>
         <system-err><![CDATA[]]></system-err>
      </testcase>
      <testcase name="Test Cases/Mobile/Scenario/Transaction/008 - Melihat detail Transaction berdasarkan ketegori On Process dan Redemption" time="70.166" classname="Test Cases/Mobile/Scenario/Transaction/008 - Melihat detail Transaction berdasarkan ketegori On Process dan Redemption" status="PASSED">
         <system-out><![CDATA[2021-11-18 08:16:04 - [TEST_CASE][PASSED] - Test Cases/Mobile/Scenario/Transaction/008 - Melihat detail Transaction berdasarkan ketegori On Process dan Redemption: Test Cases/Mobile/Scenario/Transaction/008 - Melihat detail Transaction berdasarkan ketegori On Process dan Redemption

2021-11-18 08:16:04 - [TEST_STEP][PASSED] - callTestCase(findTestCase("Mobile/Page/Run App/Run App byID"), [:], STOP_ON_FAILURE): Call Test Case 'Test Cases/Mobile/Page/Run App/Run App byID' successfully

2021-11-18 08:16:04 - [TEST_CASE][PASSED] - Test Cases/Mobile/Page/Run App/Run App byID: Test Cases/Mobile/Page/Run App/Run App byID

2021-11-18 08:16:04 - [TEST_STEP][PASSED] - startApp.OpenApp.startApplication("id.co.miraeasset.navi"): startApp.OpenApp.startApplication is PASSED

2021-11-18 08:16:18 - [MESSAGE][PASSED] - Starting app with application ID: 'id.co.miraeasset.navi'

2021-11-18 08:16:18 - [MESSAGE][PASSED] - startApp.OpenApp.startApplication is PASSED

2021-11-18 08:16:18 - [MESSAGE][PASSED] - Call Test Case 'Test Cases/Mobile/Page/Run App/Run App byID' successfully

2021-11-18 08:16:18 - [TEST_STEP][PASSED] - callTestCase(findTestCase("Mobile/Page/Transaction/Transaction"), ["page":"onprocess", "tab":"redemption", "action":"detail"], CONTINUE_ON_FAILURE): Call Test Case 'Test Cases/Mobile/Page/Transaction/Transaction' successfully

2021-11-18 08:16:18 - [TEST_CASE][PASSED] - Test Cases/Mobile/Page/Transaction/Transaction: Test Cases/Mobile/Page/Transaction/Transaction

2021-11-18 08:16:18 - [TEST_STEP][PASSED] - delay(5): Delayed 5 second(s)

2021-11-18 08:16:23 - [MESSAGE][PASSED] - Delayed 5 second(s)

2021-11-18 08:16:23 - [TEST_STEP][PASSED] - loginCheck = verifyElementExist(findTestObject("Object Repository/Mobile/Page/Dashboard/Button - Login"), 2, CONTINUE_ON_FAILURE): Element 'Object Repository/Mobile/Page/Dashboard/Button - Login' is exist

2021-11-18 08:16:23 - [MESSAGE][PASSED] - Element 'Object Repository/Mobile/Page/Dashboard/Button - Login' is exist

2021-11-18 08:16:23 - [TEST_STEP][PASSED] - if (loginCheck): Call Test Case 'Test Cases/Mobile/Page/Login/Login' successfully

2021-11-18 08:16:23 - [TEST_STEP][PASSED] - callTestCase(findTestCase("Mobile/Page/Login/Login"), ["isLogin":0]): Call Test Case 'Test Cases/Mobile/Page/Login/Login' successfully

2021-11-18 08:16:23 - [TEST_CASE][PASSED] - Test Cases/Mobile/Page/Login/Login: Test Cases/Mobile/Page/Login/Login

2021-11-18 08:16:23 - [TEST_STEP][PASSED] - if (isLogin == 0): Tapped on element 'Object Repository/Mobile/Page/Dashboard/Button - Login'

2021-11-18 08:16:23 - [TEST_STEP][PASSED] - tap(findTestObject("Mobile/Page/Dashboard/Button - Login"), 0): Tapped on element 'Object Repository/Mobile/Page/Dashboard/Button - Login'

2021-11-18 08:16:23 - [MESSAGE][WARNING] - Timeout '0' is invalid. Using default page load timeout: '60'

2021-11-18 08:16:25 - [MESSAGE][PASSED] - Tapped on element 'Object Repository/Mobile/Page/Dashboard/Button - Login'

2021-11-18 08:16:25 - [TEST_STEP][PASSED] - tap(findTestObject("Mobile/Page/Login/Tap - UserID or Email"), 0): Tapped on element 'Object Repository/Mobile/Page/Login/Tap - UserID or Email'

2021-11-18 08:16:25 - [MESSAGE][WARNING] - Timeout '0' is invalid. Using default page load timeout: '60'

2021-11-18 08:16:25 - [MESSAGE][PASSED] - Tapped on element 'Object Repository/Mobile/Page/Login/Tap - UserID or Email'

2021-11-18 08:16:25 - [TEST_STEP][PASSED] - delay(3): Delayed 3 second(s)

2021-11-18 08:16:28 - [MESSAGE][PASSED] - Delayed 3 second(s)

2021-11-18 08:16:28 - [TEST_STEP][PASSED] - setText(findTestObject("Mobile/Page/Login/Input - UserID or Email"), "ady.pangerang@gmail.com", 0): Text 'ady.pangerang@gmail.com' has been set to element 'Object Repository/Mobile/Page/Login/Input - UserID or Email'

2021-11-18 08:16:28 - [MESSAGE][WARNING] - Timeout '0' is invalid. Using default page load timeout: '60'

2021-11-18 08:16:29 - [MESSAGE][PASSED] - Text 'ady.pangerang@gmail.com' has been set to element 'Object Repository/Mobile/Page/Login/Input - UserID or Email'

2021-11-18 08:16:29 - [TEST_STEP][PASSED] - delay(1): Delayed 1 second(s)

2021-11-18 08:16:30 - [MESSAGE][PASSED] - Delayed 1 second(s)

2021-11-18 08:16:30 - [TEST_STEP][PASSED] - hideKeyboard(): Keyboard is hidden

2021-11-18 08:16:34 - [MESSAGE][PASSED] - Keyboard is hidden

2021-11-18 08:16:34 - [TEST_STEP][PASSED] - delay(1): Delayed 1 second(s)

2021-11-18 08:16:35 - [MESSAGE][PASSED] - Delayed 1 second(s)

2021-11-18 08:16:35 - [TEST_STEP][PASSED] - tap(findTestObject("Mobile/Page/Login/Tap - Password 2"), 0): Tapped on element 'Object Repository/Mobile/Page/Login/Tap - Password 2'

2021-11-18 08:16:35 - [MESSAGE][WARNING] - Timeout '0' is invalid. Using default page load timeout: '60'

2021-11-18 08:16:36 - [MESSAGE][PASSED] - Tapped on element 'Object Repository/Mobile/Page/Login/Tap - Password 2'

2021-11-18 08:16:36 - [TEST_STEP][PASSED] - delay(3): Delayed 3 second(s)

2021-11-18 08:16:39 - [MESSAGE][PASSED] - Delayed 3 second(s)

2021-11-18 08:16:39 - [TEST_STEP][PASSED] - setText(findTestObject("Mobile/Page/Login/Tap - Password 2"), "Mirae1234", 0): Text 'Mirae1234' has been set to element 'Object Repository/Mobile/Page/Login/Tap - Password 2'

2021-11-18 08:16:39 - [MESSAGE][WARNING] - Timeout '0' is invalid. Using default page load timeout: '60'

2021-11-18 08:16:39 - [MESSAGE][PASSED] - Text 'Mirae1234' has been set to element 'Object Repository/Mobile/Page/Login/Tap - Password 2'

2021-11-18 08:16:39 - [TEST_STEP][PASSED] - delay(1): Delayed 1 second(s)

2021-11-18 08:16:40 - [MESSAGE][PASSED] - Delayed 1 second(s)

2021-11-18 08:16:40 - [TEST_STEP][PASSED] - hideKeyboard(): Keyboard is hidden

2021-11-18 08:16:47 - [MESSAGE][PASSED] - Keyboard is hidden

2021-11-18 08:16:47 - [TEST_STEP][PASSED] - delay(1): Delayed 1 second(s)

2021-11-18 08:16:48 - [MESSAGE][PASSED] - Delayed 1 second(s)

2021-11-18 08:16:48 - [TEST_STEP][PASSED] - tap(findTestObject("Mobile/Page/Login/Button - Sign In"), 0): Tapped on element 'Object Repository/Mobile/Page/Login/Button - Sign In'

2021-11-18 08:16:48 - [MESSAGE][WARNING] - Timeout '0' is invalid. Using default page load timeout: '60'

2021-11-18 08:16:49 - [MESSAGE][PASSED] - Tapped on element 'Object Repository/Mobile/Page/Login/Button - Sign In'

2021-11-18 08:16:49 - [MESSAGE][PASSED] - Call Test Case 'Test Cases/Mobile/Page/Login/Login' successfully

2021-11-18 08:16:49 - [TEST_STEP][PASSED] - if (page == "cart"): null

2021-11-18 08:16:49 - [TEST_STEP][PASSED] - tap(findTestObject("Object Repository/Mobile/Page/Transaction/Button - Menubar Transaction"), 0): Tapped on element 'Object Repository/Mobile/Page/Transaction/Button - Menubar Transaction'

2021-11-18 08:16:49 - [MESSAGE][WARNING] - Timeout '0' is invalid. Using default page load timeout: '60'

2021-11-18 08:16:51 - [MESSAGE][PASSED] - Tapped on element 'Object Repository/Mobile/Page/Transaction/Button - Menubar Transaction'

2021-11-18 08:16:51 - [TEST_STEP][PASSED] - delay(1): Delayed 1 second(s)

2021-11-18 08:16:52 - [MESSAGE][PASSED] - Delayed 1 second(s)

2021-11-18 08:16:52 - [TEST_STEP][PASSED] - if (page == "onprocess"): Delayed 1 second(s)

2021-11-18 08:16:52 - [TEST_STEP][PASSED] - if (tab == "subscription"): null

2021-11-18 08:16:52 - [TEST_STEP][PASSED] - else if (tab == "redemption"): Tapped on element 'Object Repository/Mobile/Page/Transaction/On Process/Tab - Redemption'

2021-11-18 08:16:52 - [TEST_STEP][PASSED] - tap(findTestObject("Object Repository/Mobile/Page/Transaction/On Process/Tab - Redemption"), 0): Tapped on element 'Object Repository/Mobile/Page/Transaction/On Process/Tab - Redemption'

2021-11-18 08:16:52 - [MESSAGE][WARNING] - Timeout '0' is invalid. Using default page load timeout: '60'

2021-11-18 08:16:52 - [MESSAGE][PASSED] - Tapped on element 'Object Repository/Mobile/Page/Transaction/On Process/Tab - Redemption'

2021-11-18 08:16:52 - [TEST_STEP][PASSED] - if (action == "detail"): scroll.scroll.scrollBottomToTop is PASSED

2021-11-18 08:16:52 - [TEST_STEP][PASSED] - delay(4): Delayed 4 second(s)

2021-11-18 08:16:56 - [MESSAGE][PASSED] - Delayed 4 second(s)

2021-11-18 08:16:56 - [TEST_STEP][PASSED] - if (tab == "subscription"): null

2021-11-18 08:16:56 - [TEST_STEP][PASSED] - else if (tab == "redemption"): Tapped and held on element 'Object Repository/Mobile/Page/Transaction/On Process/Top Item - Redemption' with duration 1

2021-11-18 08:16:56 - [TEST_STEP][PASSED] - tapAndHold(findTestObject("Mobile/Page/Transaction/On Process/Top Item - Redemption"), 1, 0): Tapped and held on element 'Object Repository/Mobile/Page/Transaction/On Process/Top Item - Redemption' with duration 1

2021-11-18 08:16:57 - [MESSAGE][WARNING] - Timeout '0' is invalid. Using default page load timeout: '60'

2021-11-18 08:16:59 - [MESSAGE][PASSED] - Tapped and held on element 'Object Repository/Mobile/Page/Transaction/On Process/Top Item - Redemption' with duration 1

2021-11-18 08:16:59 - [TEST_STEP][PASSED] - delay(1): Delayed 1 second(s)

2021-11-18 08:17:01 - [MESSAGE][PASSED] - Delayed 1 second(s)

2021-11-18 08:17:01 - [TEST_STEP][PASSED] - scroll.scroll.scrollBottomToTop(): scroll.scroll.scrollBottomToTop is PASSED

2021-11-18 08:17:01 - [MESSAGE][PASSED] - Current device physical height is 1423

2021-11-18 08:17:01 - [MESSAGE][PASSED] - Current device physical width is 720

2021-11-18 08:17:02 - [MESSAGE][PASSED] - Swiped from 360,1,138 to 360,284

2021-11-18 08:17:02 - [MESSAGE][PASSED] - scroll.scroll.scrollBottomToTop is PASSED

2021-11-18 08:17:02 - [TEST_STEP][PASSED] - delay(1): Delayed 1 second(s)

2021-11-18 08:17:03 - [MESSAGE][PASSED] - Delayed 1 second(s)

2021-11-18 08:17:03 - [MESSAGE][PASSED] - Call Test Case 'Test Cases/Mobile/Page/Transaction/Transaction' successfully

2021-11-18 08:17:03 - [TEST_STEP][PASSED] - callTestCase(findTestCase("Mobile/Page/Run App/Terminate App"), [:], STOP_ON_FAILURE): Call Test Case 'Test Cases/Mobile/Page/Run App/Terminate App' successfully

2021-11-18 08:17:03 - [TEST_CASE][PASSED] - Test Cases/Mobile/Page/Run App/Terminate App: Test Cases/Mobile/Page/Run App/Terminate App

2021-11-18 08:17:04 - [TEST_STEP][PASSED] - startApp.OpenApp.terminateApplication(): startApp.OpenApp.terminateApplication is PASSED

2021-11-18 08:17:07 - [MESSAGE][PASSED] - Delayed 3 second(s)

2021-11-18 08:17:07 - [MESSAGE][PASSED] - Current device physical width is 720

2021-11-18 08:17:07 - [MESSAGE][PASSED] - Current device physical height is 1423

2021-11-18 08:17:09 - [MESSAGE][PASSED] - Swiped from 360,853 to 360,142

2021-11-18 08:17:10 - [MESSAGE][PASSED] - Delayed 1 second(s)

2021-11-18 08:17:11 - [MESSAGE][PASSED] - Swiped from 360,853 to 360,142

2021-11-18 08:17:14 - [MESSAGE][PASSED] - Delayed 3 second(s)

2021-11-18 08:17:14 - [MESSAGE][PASSED] - startApp.OpenApp.terminateApplication is PASSED

2021-11-18 08:17:14 - [MESSAGE][PASSED] - Call Test Case 'Test Cases/Mobile/Page/Run App/Terminate App' successfully]]></system-out>
         <system-err><![CDATA[]]></system-err>
      </testcase>
      <testcase name="Test Cases/Mobile/Scenario/Transaction/009 - Melihat detail Transaction berdasarkan ketegori On Process dan Switching" time="76.312" classname="Test Cases/Mobile/Scenario/Transaction/009 - Melihat detail Transaction berdasarkan ketegori On Process dan Switching" status="PASSED">
         <system-out><![CDATA[2021-11-18 08:17:14 - [TEST_CASE][PASSED] - Test Cases/Mobile/Scenario/Transaction/009 - Melihat detail Transaction berdasarkan ketegori On Process dan Switching: Test Cases/Mobile/Scenario/Transaction/009 - Melihat detail Transaction berdasarkan ketegori On Process dan Switching

2021-11-18 08:17:15 - [TEST_STEP][PASSED] - callTestCase(findTestCase("Mobile/Page/Run App/Run App byID"), [:], STOP_ON_FAILURE): Call Test Case 'Test Cases/Mobile/Page/Run App/Run App byID' successfully

2021-11-18 08:17:15 - [TEST_CASE][PASSED] - Test Cases/Mobile/Page/Run App/Run App byID: Test Cases/Mobile/Page/Run App/Run App byID

2021-11-18 08:17:15 - [TEST_STEP][PASSED] - startApp.OpenApp.startApplication("id.co.miraeasset.navi"): startApp.OpenApp.startApplication is PASSED

2021-11-18 08:17:28 - [MESSAGE][PASSED] - Starting app with application ID: 'id.co.miraeasset.navi'

2021-11-18 08:17:28 - [MESSAGE][PASSED] - startApp.OpenApp.startApplication is PASSED

2021-11-18 08:17:28 - [MESSAGE][PASSED] - Call Test Case 'Test Cases/Mobile/Page/Run App/Run App byID' successfully

2021-11-18 08:17:28 - [TEST_STEP][PASSED] - callTestCase(findTestCase("Mobile/Page/Transaction/Transaction"), ["page":"onprocess", "tab":"switching", "action":"detail"], CONTINUE_ON_FAILURE): Call Test Case 'Test Cases/Mobile/Page/Transaction/Transaction' successfully

2021-11-18 08:17:28 - [TEST_CASE][PASSED] - Test Cases/Mobile/Page/Transaction/Transaction: Test Cases/Mobile/Page/Transaction/Transaction

2021-11-18 08:17:28 - [TEST_STEP][PASSED] - delay(5): Delayed 5 second(s)

2021-11-18 08:17:33 - [MESSAGE][PASSED] - Delayed 5 second(s)

2021-11-18 08:17:33 - [TEST_STEP][PASSED] - loginCheck = verifyElementExist(findTestObject("Object Repository/Mobile/Page/Dashboard/Button - Login"), 2, CONTINUE_ON_FAILURE): Element 'Object Repository/Mobile/Page/Dashboard/Button - Login' is exist

2021-11-18 08:17:33 - [MESSAGE][PASSED] - Element 'Object Repository/Mobile/Page/Dashboard/Button - Login' is exist

2021-11-18 08:17:33 - [TEST_STEP][PASSED] - if (loginCheck): Call Test Case 'Test Cases/Mobile/Page/Login/Login' successfully

2021-11-18 08:17:33 - [TEST_STEP][PASSED] - callTestCase(findTestCase("Mobile/Page/Login/Login"), ["isLogin":0]): Call Test Case 'Test Cases/Mobile/Page/Login/Login' successfully

2021-11-18 08:17:33 - [TEST_CASE][PASSED] - Test Cases/Mobile/Page/Login/Login: Test Cases/Mobile/Page/Login/Login

2021-11-18 08:17:33 - [TEST_STEP][PASSED] - if (isLogin == 0): Tapped on element 'Object Repository/Mobile/Page/Dashboard/Button - Login'

2021-11-18 08:17:33 - [TEST_STEP][PASSED] - tap(findTestObject("Mobile/Page/Dashboard/Button - Login"), 0): Tapped on element 'Object Repository/Mobile/Page/Dashboard/Button - Login'

2021-11-18 08:17:33 - [MESSAGE][WARNING] - Timeout '0' is invalid. Using default page load timeout: '60'

2021-11-18 08:17:34 - [MESSAGE][PASSED] - Tapped on element 'Object Repository/Mobile/Page/Dashboard/Button - Login'

2021-11-18 08:17:34 - [TEST_STEP][PASSED] - tap(findTestObject("Mobile/Page/Login/Tap - UserID or Email"), 0): Tapped on element 'Object Repository/Mobile/Page/Login/Tap - UserID or Email'

2021-11-18 08:17:34 - [MESSAGE][WARNING] - Timeout '0' is invalid. Using default page load timeout: '60'

2021-11-18 08:17:36 - [MESSAGE][PASSED] - Tapped on element 'Object Repository/Mobile/Page/Login/Tap - UserID or Email'

2021-11-18 08:17:36 - [TEST_STEP][PASSED] - delay(3): Delayed 3 second(s)

2021-11-18 08:17:39 - [MESSAGE][PASSED] - Delayed 3 second(s)

2021-11-18 08:17:39 - [TEST_STEP][PASSED] - setText(findTestObject("Mobile/Page/Login/Input - UserID or Email"), "ady.pangerang@gmail.com", 0): Text 'ady.pangerang@gmail.com' has been set to element 'Object Repository/Mobile/Page/Login/Input - UserID or Email'

2021-11-18 08:17:39 - [MESSAGE][WARNING] - Timeout '0' is invalid. Using default page load timeout: '60'

2021-11-18 08:17:40 - [MESSAGE][PASSED] - Text 'ady.pangerang@gmail.com' has been set to element 'Object Repository/Mobile/Page/Login/Input - UserID or Email'

2021-11-18 08:17:40 - [TEST_STEP][PASSED] - delay(1): Delayed 1 second(s)

2021-11-18 08:17:41 - [MESSAGE][PASSED] - Delayed 1 second(s)

2021-11-18 08:17:41 - [TEST_STEP][PASSED] - hideKeyboard(): Keyboard is hidden

2021-11-18 08:17:45 - [MESSAGE][PASSED] - Keyboard is hidden

2021-11-18 08:17:45 - [TEST_STEP][PASSED] - delay(1): Delayed 1 second(s)

2021-11-18 08:17:46 - [MESSAGE][PASSED] - Delayed 1 second(s)

2021-11-18 08:17:46 - [TEST_STEP][PASSED] - tap(findTestObject("Mobile/Page/Login/Tap - Password 2"), 0): Tapped on element 'Object Repository/Mobile/Page/Login/Tap - Password 2'

2021-11-18 08:17:46 - [MESSAGE][WARNING] - Timeout '0' is invalid. Using default page load timeout: '60'

2021-11-18 08:17:47 - [MESSAGE][PASSED] - Tapped on element 'Object Repository/Mobile/Page/Login/Tap - Password 2'

2021-11-18 08:17:47 - [TEST_STEP][PASSED] - delay(3): Delayed 3 second(s)

2021-11-18 08:17:50 - [MESSAGE][PASSED] - Delayed 3 second(s)

2021-11-18 08:17:50 - [TEST_STEP][PASSED] - setText(findTestObject("Mobile/Page/Login/Tap - Password 2"), "Mirae1234", 0): Text 'Mirae1234' has been set to element 'Object Repository/Mobile/Page/Login/Tap - Password 2'

2021-11-18 08:17:50 - [MESSAGE][WARNING] - Timeout '0' is invalid. Using default page load timeout: '60'

2021-11-18 08:17:50 - [MESSAGE][PASSED] - Text 'Mirae1234' has been set to element 'Object Repository/Mobile/Page/Login/Tap - Password 2'

2021-11-18 08:17:50 - [TEST_STEP][PASSED] - delay(1): Delayed 1 second(s)

2021-11-18 08:17:51 - [MESSAGE][PASSED] - Delayed 1 second(s)

2021-11-18 08:17:51 - [TEST_STEP][PASSED] - hideKeyboard(): Keyboard is hidden

2021-11-18 08:17:58 - [MESSAGE][PASSED] - Keyboard is hidden

2021-11-18 08:17:58 - [TEST_STEP][PASSED] - delay(1): Delayed 1 second(s)

2021-11-18 08:17:59 - [MESSAGE][PASSED] - Delayed 1 second(s)

2021-11-18 08:17:59 - [TEST_STEP][PASSED] - tap(findTestObject("Mobile/Page/Login/Button - Sign In"), 0): Tapped on element 'Object Repository/Mobile/Page/Login/Button - Sign In'

2021-11-18 08:17:59 - [MESSAGE][WARNING] - Timeout '0' is invalid. Using default page load timeout: '60'

2021-11-18 08:18:00 - [MESSAGE][PASSED] - Tapped on element 'Object Repository/Mobile/Page/Login/Button - Sign In'

2021-11-18 08:18:00 - [MESSAGE][PASSED] - Call Test Case 'Test Cases/Mobile/Page/Login/Login' successfully

2021-11-18 08:18:00 - [TEST_STEP][PASSED] - if (page == "cart"): null

2021-11-18 08:18:00 - [TEST_STEP][PASSED] - tap(findTestObject("Object Repository/Mobile/Page/Transaction/Button - Menubar Transaction"), 0): Tapped on element 'Object Repository/Mobile/Page/Transaction/Button - Menubar Transaction'

2021-11-18 08:18:00 - [MESSAGE][WARNING] - Timeout '0' is invalid. Using default page load timeout: '60'

2021-11-18 08:18:03 - [MESSAGE][PASSED] - Tapped on element 'Object Repository/Mobile/Page/Transaction/Button - Menubar Transaction'

2021-11-18 08:18:03 - [TEST_STEP][PASSED] - delay(1): Delayed 1 second(s)

2021-11-18 08:18:04 - [MESSAGE][PASSED] - Delayed 1 second(s)

2021-11-18 08:18:04 - [TEST_STEP][PASSED] - if (page == "onprocess"): Delayed 1 second(s)

2021-11-18 08:18:04 - [TEST_STEP][PASSED] - if (tab == "subscription"): null

2021-11-18 08:18:04 - [TEST_STEP][PASSED] - else if (tab == "redemption"): null

2021-11-18 08:18:04 - [TEST_STEP][PASSED] - else if (tab == "switching"): Tapped on element 'Object Repository/Mobile/Page/Transaction/On Process/Tab - Switching'

2021-11-18 08:18:04 - [TEST_STEP][PASSED] - element = findTestObject("Object Repository/Mobile/Page/Transaction/On Process/Tab - All"): null

2021-11-18 08:18:04 - [TEST_STEP][PASSED] - scroll.scroll.scrollRightToLeft(element): scroll.scroll.scrollRightToLeft is PASSED

2021-11-18 08:18:04 - [MESSAGE][WARNING] - Timeout '0' is invalid. Using default page load timeout: '60'

2021-11-18 08:18:05 - [MESSAGE][PASSED] - Object 'Object Repository/Mobile/Page/Transaction/On Process/Tab - All' has left position '31'

2021-11-18 08:18:05 - [MESSAGE][WARNING] - Timeout '0' is invalid. Using default page load timeout: '60'

2021-11-18 08:18:05 - [MESSAGE][PASSED] - Object 'Object Repository/Mobile/Page/Transaction/On Process/Tab - All' has top position '255'

2021-11-18 08:18:05 - [MESSAGE][WARNING] - Timeout '0' is invalid. Using default page load timeout: '60'

2021-11-18 08:18:05 - [MESSAGE][PASSED] - Object 'Object Repository/Mobile/Page/Transaction/On Process/Tab - All' has width: '207'

2021-11-18 08:18:05 - [MESSAGE][WARNING] - Timeout '0' is invalid. Using default page load timeout: '60'

2021-11-18 08:18:05 - [MESSAGE][PASSED] - Object 'Object Repository/Mobile/Page/Transaction/On Process/Tab - All' has height: '44'

2021-11-18 08:18:06 - [MESSAGE][PASSED] - Swiped from 196,277 to 72,277

2021-11-18 08:18:06 - [MESSAGE][PASSED] - scroll.scroll.scrollRightToLeft is PASSED

2021-11-18 08:18:06 - [TEST_STEP][PASSED] - tap(findTestObject("Object Repository/Mobile/Page/Transaction/On Process/Tab - Switching"), 0): Tapped on element 'Object Repository/Mobile/Page/Transaction/On Process/Tab - Switching'

2021-11-18 08:18:07 - [MESSAGE][WARNING] - Timeout '0' is invalid. Using default page load timeout: '60'

2021-11-18 08:18:08 - [MESSAGE][PASSED] - Tapped on element 'Object Repository/Mobile/Page/Transaction/On Process/Tab - Switching'

2021-11-18 08:18:08 - [TEST_STEP][PASSED] - if (action == "detail"): scroll.scroll.scrollBottomToTop is PASSED

2021-11-18 08:18:08 - [TEST_STEP][PASSED] - delay(4): Delayed 4 second(s)

2021-11-18 08:18:12 - [MESSAGE][PASSED] - Delayed 4 second(s)

2021-11-18 08:18:12 - [TEST_STEP][PASSED] - if (tab == "subscription"): null

2021-11-18 08:18:12 - [TEST_STEP][PASSED] - else if (tab == "redemption"): null

2021-11-18 08:18:12 - [TEST_STEP][PASSED] - else if (tab == "switching"): Tapped and held on element 'Object Repository/Mobile/Page/Transaction/On Process/Top Item - Switching' with duration 1

2021-11-18 08:18:12 - [TEST_STEP][PASSED] - tapAndHold(findTestObject("Mobile/Page/Transaction/On Process/Top Item - Switching"), 1, 0): Tapped and held on element 'Object Repository/Mobile/Page/Transaction/On Process/Top Item - Switching' with duration 1

2021-11-18 08:18:12 - [MESSAGE][WARNING] - Timeout '0' is invalid. Using default page load timeout: '60'

2021-11-18 08:18:16 - [MESSAGE][PASSED] - Tapped and held on element 'Object Repository/Mobile/Page/Transaction/On Process/Top Item - Switching' with duration 1

2021-11-18 08:18:16 - [TEST_STEP][PASSED] - delay(1): Delayed 1 second(s)

2021-11-18 08:18:17 - [MESSAGE][PASSED] - Delayed 1 second(s)

2021-11-18 08:18:17 - [TEST_STEP][PASSED] - scroll.scroll.scrollBottomToTop(): scroll.scroll.scrollBottomToTop is PASSED

2021-11-18 08:18:17 - [MESSAGE][PASSED] - Current device physical height is 1423

2021-11-18 08:18:17 - [MESSAGE][PASSED] - Current device physical width is 720

2021-11-18 08:18:19 - [MESSAGE][PASSED] - Swiped from 360,1,138 to 360,284

2021-11-18 08:18:19 - [MESSAGE][PASSED] - scroll.scroll.scrollBottomToTop is PASSED

2021-11-18 08:18:19 - [TEST_STEP][PASSED] - delay(1): Delayed 1 second(s)

2021-11-18 08:18:20 - [MESSAGE][PASSED] - Delayed 1 second(s)

2021-11-18 08:18:20 - [MESSAGE][PASSED] - Call Test Case 'Test Cases/Mobile/Page/Transaction/Transaction' successfully

2021-11-18 08:18:20 - [TEST_STEP][PASSED] - callTestCase(findTestCase("Mobile/Page/Run App/Terminate App"), [:], STOP_ON_FAILURE): Call Test Case 'Test Cases/Mobile/Page/Run App/Terminate App' successfully

2021-11-18 08:18:20 - [TEST_CASE][PASSED] - Test Cases/Mobile/Page/Run App/Terminate App: Test Cases/Mobile/Page/Run App/Terminate App

2021-11-18 08:18:20 - [TEST_STEP][PASSED] - startApp.OpenApp.terminateApplication(): startApp.OpenApp.terminateApplication is PASSED

2021-11-18 08:18:23 - [MESSAGE][PASSED] - Delayed 3 second(s)

2021-11-18 08:18:23 - [MESSAGE][PASSED] - Current device physical width is 720

2021-11-18 08:18:23 - [MESSAGE][PASSED] - Current device physical height is 1423

2021-11-18 08:18:25 - [MESSAGE][PASSED] - Swiped from 360,853 to 360,142

2021-11-18 08:18:26 - [MESSAGE][PASSED] - Delayed 1 second(s)

2021-11-18 08:18:27 - [MESSAGE][PASSED] - Swiped from 360,853 to 360,142

2021-11-18 08:18:30 - [MESSAGE][PASSED] - Delayed 3 second(s)

2021-11-18 08:18:30 - [MESSAGE][PASSED] - startApp.OpenApp.terminateApplication is PASSED

2021-11-18 08:18:30 - [MESSAGE][PASSED] - Call Test Case 'Test Cases/Mobile/Page/Run App/Terminate App' successfully]]></system-out>
         <system-err><![CDATA[]]></system-err>
      </testcase>
      <testcase name="Test Cases/Mobile/Scenario/Transaction/010 - Melihat detail Transaction berdasarkan kategori History" time="68.963" classname="Test Cases/Mobile/Scenario/Transaction/010 - Melihat detail Transaction berdasarkan kategori History" status="PASSED">
         <system-out><![CDATA[2021-11-18 08:18:30 - [TEST_CASE][PASSED] - Test Cases/Mobile/Scenario/Transaction/010 - Melihat detail Transaction berdasarkan kategori History: Test Cases/Mobile/Scenario/Transaction/010 - Melihat detail Transaction berdasarkan kategori History

2021-11-18 08:18:31 - [TEST_STEP][PASSED] - callTestCase(findTestCase("Mobile/Page/Run App/Run App byID"), [:], STOP_ON_FAILURE): Call Test Case 'Test Cases/Mobile/Page/Run App/Run App byID' successfully

2021-11-18 08:18:31 - [TEST_CASE][PASSED] - Test Cases/Mobile/Page/Run App/Run App byID: Test Cases/Mobile/Page/Run App/Run App byID

2021-11-18 08:18:31 - [TEST_STEP][PASSED] - startApp.OpenApp.startApplication("id.co.miraeasset.navi"): startApp.OpenApp.startApplication is PASSED

2021-11-18 08:18:44 - [MESSAGE][PASSED] - Starting app with application ID: 'id.co.miraeasset.navi'

2021-11-18 08:18:44 - [MESSAGE][PASSED] - startApp.OpenApp.startApplication is PASSED

2021-11-18 08:18:44 - [MESSAGE][PASSED] - Call Test Case 'Test Cases/Mobile/Page/Run App/Run App byID' successfully

2021-11-18 08:18:44 - [TEST_STEP][PASSED] - callTestCase(findTestCase("Mobile/Page/Transaction/Transaction"), ["page":"history", "tab":"none", "action":"detail"], CONTINUE_ON_FAILURE): Call Test Case 'Test Cases/Mobile/Page/Transaction/Transaction' successfully

2021-11-18 08:18:44 - [TEST_CASE][PASSED] - Test Cases/Mobile/Page/Transaction/Transaction: Test Cases/Mobile/Page/Transaction/Transaction

2021-11-18 08:18:44 - [TEST_STEP][PASSED] - delay(5): Delayed 5 second(s)

2021-11-18 08:18:49 - [MESSAGE][PASSED] - Delayed 5 second(s)

2021-11-18 08:18:49 - [TEST_STEP][PASSED] - loginCheck = verifyElementExist(findTestObject("Object Repository/Mobile/Page/Dashboard/Button - Login"), 2, CONTINUE_ON_FAILURE): Element 'Object Repository/Mobile/Page/Dashboard/Button - Login' is exist

2021-11-18 08:18:49 - [MESSAGE][PASSED] - Element 'Object Repository/Mobile/Page/Dashboard/Button - Login' is exist

2021-11-18 08:18:49 - [TEST_STEP][PASSED] - if (loginCheck): Call Test Case 'Test Cases/Mobile/Page/Login/Login' successfully

2021-11-18 08:18:49 - [TEST_STEP][PASSED] - callTestCase(findTestCase("Mobile/Page/Login/Login"), ["isLogin":0]): Call Test Case 'Test Cases/Mobile/Page/Login/Login' successfully

2021-11-18 08:18:49 - [TEST_CASE][PASSED] - Test Cases/Mobile/Page/Login/Login: Test Cases/Mobile/Page/Login/Login

2021-11-18 08:18:49 - [TEST_STEP][PASSED] - if (isLogin == 0): Tapped on element 'Object Repository/Mobile/Page/Dashboard/Button - Login'

2021-11-18 08:18:49 - [TEST_STEP][PASSED] - tap(findTestObject("Mobile/Page/Dashboard/Button - Login"), 0): Tapped on element 'Object Repository/Mobile/Page/Dashboard/Button - Login'

2021-11-18 08:18:50 - [MESSAGE][WARNING] - Timeout '0' is invalid. Using default page load timeout: '60'

2021-11-18 08:18:50 - [MESSAGE][PASSED] - Tapped on element 'Object Repository/Mobile/Page/Dashboard/Button - Login'

2021-11-18 08:18:50 - [TEST_STEP][PASSED] - tap(findTestObject("Mobile/Page/Login/Tap - UserID or Email"), 0): Tapped on element 'Object Repository/Mobile/Page/Login/Tap - UserID or Email'

2021-11-18 08:18:50 - [MESSAGE][WARNING] - Timeout '0' is invalid. Using default page load timeout: '60'

2021-11-18 08:18:54 - [MESSAGE][PASSED] - Tapped on element 'Object Repository/Mobile/Page/Login/Tap - UserID or Email'

2021-11-18 08:18:54 - [TEST_STEP][PASSED] - delay(3): Delayed 3 second(s)

2021-11-18 08:18:57 - [MESSAGE][PASSED] - Delayed 3 second(s)

2021-11-18 08:18:57 - [TEST_STEP][PASSED] - setText(findTestObject("Mobile/Page/Login/Input - UserID or Email"), "ady.pangerang@gmail.com", 0): Text 'ady.pangerang@gmail.com' has been set to element 'Object Repository/Mobile/Page/Login/Input - UserID or Email'

2021-11-18 08:18:57 - [MESSAGE][WARNING] - Timeout '0' is invalid. Using default page load timeout: '60'

2021-11-18 08:18:57 - [MESSAGE][PASSED] - Text 'ady.pangerang@gmail.com' has been set to element 'Object Repository/Mobile/Page/Login/Input - UserID or Email'

2021-11-18 08:18:57 - [TEST_STEP][PASSED] - delay(1): Delayed 1 second(s)

2021-11-18 08:18:58 - [MESSAGE][PASSED] - Delayed 1 second(s)

2021-11-18 08:18:58 - [TEST_STEP][PASSED] - hideKeyboard(): Keyboard is hidden

2021-11-18 08:19:02 - [MESSAGE][PASSED] - Keyboard is hidden

2021-11-18 08:19:02 - [TEST_STEP][PASSED] - delay(1): Delayed 1 second(s)

2021-11-18 08:19:03 - [MESSAGE][PASSED] - Delayed 1 second(s)

2021-11-18 08:19:03 - [TEST_STEP][PASSED] - tap(findTestObject("Mobile/Page/Login/Tap - Password 2"), 0): Tapped on element 'Object Repository/Mobile/Page/Login/Tap - Password 2'

2021-11-18 08:19:03 - [MESSAGE][WARNING] - Timeout '0' is invalid. Using default page load timeout: '60'

2021-11-18 08:19:03 - [MESSAGE][PASSED] - Tapped on element 'Object Repository/Mobile/Page/Login/Tap - Password 2'

2021-11-18 08:19:03 - [TEST_STEP][PASSED] - delay(3): Delayed 3 second(s)

2021-11-18 08:19:06 - [MESSAGE][PASSED] - Delayed 3 second(s)

2021-11-18 08:19:06 - [TEST_STEP][PASSED] - setText(findTestObject("Mobile/Page/Login/Tap - Password 2"), "Mirae1234", 0): Text 'Mirae1234' has been set to element 'Object Repository/Mobile/Page/Login/Tap - Password 2'

2021-11-18 08:19:06 - [MESSAGE][WARNING] - Timeout '0' is invalid. Using default page load timeout: '60'

2021-11-18 08:19:07 - [MESSAGE][PASSED] - Text 'Mirae1234' has been set to element 'Object Repository/Mobile/Page/Login/Tap - Password 2'

2021-11-18 08:19:07 - [TEST_STEP][PASSED] - delay(1): Delayed 1 second(s)

2021-11-18 08:19:08 - [MESSAGE][PASSED] - Delayed 1 second(s)

2021-11-18 08:19:08 - [TEST_STEP][PASSED] - hideKeyboard(): Keyboard is hidden

2021-11-18 08:19:14 - [MESSAGE][PASSED] - Keyboard is hidden

2021-11-18 08:19:14 - [TEST_STEP][PASSED] - delay(1): Delayed 1 second(s)

2021-11-18 08:19:15 - [MESSAGE][PASSED] - Delayed 1 second(s)

2021-11-18 08:19:15 - [TEST_STEP][PASSED] - tap(findTestObject("Mobile/Page/Login/Button - Sign In"), 0): Tapped on element 'Object Repository/Mobile/Page/Login/Button - Sign In'

2021-11-18 08:19:15 - [MESSAGE][WARNING] - Timeout '0' is invalid. Using default page load timeout: '60'

2021-11-18 08:19:16 - [MESSAGE][PASSED] - Tapped on element 'Object Repository/Mobile/Page/Login/Button - Sign In'

2021-11-18 08:19:16 - [MESSAGE][PASSED] - Call Test Case 'Test Cases/Mobile/Page/Login/Login' successfully

2021-11-18 08:19:16 - [TEST_STEP][PASSED] - if (page == "cart"): null

2021-11-18 08:19:16 - [TEST_STEP][PASSED] - tap(findTestObject("Object Repository/Mobile/Page/Transaction/Button - Menubar Transaction"), 0): Tapped on element 'Object Repository/Mobile/Page/Transaction/Button - Menubar Transaction'

2021-11-18 08:19:16 - [MESSAGE][WARNING] - Timeout '0' is invalid. Using default page load timeout: '60'

2021-11-18 08:19:20 - [MESSAGE][PASSED] - Tapped on element 'Object Repository/Mobile/Page/Transaction/Button - Menubar Transaction'

2021-11-18 08:19:20 - [TEST_STEP][PASSED] - delay(1): Delayed 1 second(s)

2021-11-18 08:19:21 - [MESSAGE][PASSED] - Delayed 1 second(s)

2021-11-18 08:19:21 - [TEST_STEP][PASSED] - if (page == "onprocess"): null

2021-11-18 08:19:21 - [TEST_STEP][PASSED] - else if (page == "history"): Delayed 1 second(s)

2021-11-18 08:19:21 - [TEST_STEP][PASSED] - tap(findTestObject("Object Repository/Mobile/Page/Transaction/Tab - History"), 0): Tapped on element 'Object Repository/Mobile/Page/Transaction/Tab - History'

2021-11-18 08:19:21 - [MESSAGE][WARNING] - Timeout '0' is invalid. Using default page load timeout: '60'

2021-11-18 08:19:22 - [MESSAGE][PASSED] - Tapped on element 'Object Repository/Mobile/Page/Transaction/Tab - History'

2021-11-18 08:19:22 - [TEST_STEP][PASSED] - if (action == "detail"): scroll.scroll.scrollBottomToTop is PASSED

2021-11-18 08:19:22 - [TEST_STEP][PASSED] - tapAndHold(findTestObject("Object Repository/Mobile/Page/Transaction/History/Top Item"), 1, 0): Tapped and held on element 'Object Repository/Mobile/Page/Transaction/History/Top Item' with duration 1

2021-11-18 08:19:22 - [MESSAGE][WARNING] - Timeout '0' is invalid. Using default page load timeout: '60'

2021-11-18 08:19:26 - [MESSAGE][PASSED] - Tapped and held on element 'Object Repository/Mobile/Page/Transaction/History/Top Item' with duration 1

2021-11-18 08:19:26 - [TEST_STEP][PASSED] - scroll.scroll.scrollBottomToTop(): scroll.scroll.scrollBottomToTop is PASSED

2021-11-18 08:19:26 - [MESSAGE][PASSED] - Current device physical height is 1423

2021-11-18 08:19:26 - [MESSAGE][PASSED] - Current device physical width is 720

2021-11-18 08:19:28 - [MESSAGE][PASSED] - Swiped from 360,1,138 to 360,284

2021-11-18 08:19:28 - [MESSAGE][PASSED] - scroll.scroll.scrollBottomToTop is PASSED

2021-11-18 08:19:28 - [TEST_STEP][PASSED] - delay(1): Delayed 1 second(s)

2021-11-18 08:19:29 - [MESSAGE][PASSED] - Delayed 1 second(s)

2021-11-18 08:19:29 - [MESSAGE][PASSED] - Call Test Case 'Test Cases/Mobile/Page/Transaction/Transaction' successfully

2021-11-18 08:19:29 - [TEST_STEP][PASSED] - callTestCase(findTestCase("Mobile/Page/Run App/Terminate App"), [:], STOP_ON_FAILURE): Call Test Case 'Test Cases/Mobile/Page/Run App/Terminate App' successfully

2021-11-18 08:19:29 - [TEST_CASE][PASSED] - Test Cases/Mobile/Page/Run App/Terminate App: Test Cases/Mobile/Page/Run App/Terminate App

2021-11-18 08:19:29 - [TEST_STEP][PASSED] - startApp.OpenApp.terminateApplication(): startApp.OpenApp.terminateApplication is PASSED

2021-11-18 08:19:32 - [MESSAGE][PASSED] - Delayed 3 second(s)

2021-11-18 08:19:32 - [MESSAGE][PASSED] - Current device physical width is 720

2021-11-18 08:19:32 - [MESSAGE][PASSED] - Current device physical height is 1423

2021-11-18 08:19:34 - [MESSAGE][PASSED] - Swiped from 360,853 to 360,142

2021-11-18 08:19:35 - [MESSAGE][PASSED] - Delayed 1 second(s)

2021-11-18 08:19:36 - [MESSAGE][PASSED] - Swiped from 360,853 to 360,142

2021-11-18 08:19:39 - [MESSAGE][PASSED] - Delayed 3 second(s)

2021-11-18 08:19:39 - [MESSAGE][PASSED] - startApp.OpenApp.terminateApplication is PASSED

2021-11-18 08:19:39 - [MESSAGE][PASSED] - Call Test Case 'Test Cases/Mobile/Page/Run App/Terminate App' successfully]]></system-out>
         <system-err><![CDATA[]]></system-err>
      </testcase>
      <testcase name="Test Cases/Mobile/Scenario/Transaction/011 - Melihat keranjang" time="82.516" classname="Test Cases/Mobile/Scenario/Transaction/011 - Melihat keranjang" status="PASSED">
         <system-out><![CDATA[2021-11-18 08:19:39 - [TEST_CASE][PASSED] - Test Cases/Mobile/Scenario/Transaction/011 - Melihat keranjang: Test Cases/Mobile/Scenario/Transaction/011 - Melihat keranjang

2021-11-18 08:19:40 - [TEST_STEP][PASSED] - callTestCase(findTestCase("Mobile/Page/Run App/Run App byID"), [:], STOP_ON_FAILURE): Call Test Case 'Test Cases/Mobile/Page/Run App/Run App byID' successfully

2021-11-18 08:19:40 - [TEST_CASE][PASSED] - Test Cases/Mobile/Page/Run App/Run App byID: Test Cases/Mobile/Page/Run App/Run App byID

2021-11-18 08:19:40 - [TEST_STEP][PASSED] - startApp.OpenApp.startApplication("id.co.miraeasset.navi"): startApp.OpenApp.startApplication is PASSED

2021-11-18 08:19:53 - [MESSAGE][PASSED] - Starting app with application ID: 'id.co.miraeasset.navi'

2021-11-18 08:19:53 - [MESSAGE][PASSED] - startApp.OpenApp.startApplication is PASSED

2021-11-18 08:19:53 - [MESSAGE][PASSED] - Call Test Case 'Test Cases/Mobile/Page/Run App/Run App byID' successfully

2021-11-18 08:19:53 - [TEST_STEP][PASSED] - callTestCase(findTestCase("Mobile/Page/Transaction/Transaction"), ["page":"cart", "tab":"none", "action":"none"], CONTINUE_ON_FAILURE): Call Test Case 'Test Cases/Mobile/Page/Transaction/Transaction' successfully

2021-11-18 08:19:53 - [TEST_CASE][PASSED] - Test Cases/Mobile/Page/Transaction/Transaction: Test Cases/Mobile/Page/Transaction/Transaction

2021-11-18 08:19:53 - [TEST_STEP][PASSED] - delay(5): Delayed 5 second(s)

2021-11-18 08:19:58 - [MESSAGE][PASSED] - Delayed 5 second(s)

2021-11-18 08:19:58 - [TEST_STEP][PASSED] - loginCheck = verifyElementExist(findTestObject("Object Repository/Mobile/Page/Dashboard/Button - Login"), 2, CONTINUE_ON_FAILURE): Element 'Object Repository/Mobile/Page/Dashboard/Button - Login' is exist

2021-11-18 08:19:59 - [MESSAGE][PASSED] - Element 'Object Repository/Mobile/Page/Dashboard/Button - Login' is exist

2021-11-18 08:19:59 - [TEST_STEP][PASSED] - if (loginCheck): Call Test Case 'Test Cases/Mobile/Page/Login/Login' successfully

2021-11-18 08:19:59 - [TEST_STEP][PASSED] - callTestCase(findTestCase("Mobile/Page/Login/Login"), ["isLogin":0]): Call Test Case 'Test Cases/Mobile/Page/Login/Login' successfully

2021-11-18 08:19:59 - [TEST_CASE][PASSED] - Test Cases/Mobile/Page/Login/Login: Test Cases/Mobile/Page/Login/Login

2021-11-18 08:19:59 - [TEST_STEP][PASSED] - if (isLogin == 0): Tapped on element 'Object Repository/Mobile/Page/Dashboard/Button - Login'

2021-11-18 08:19:59 - [TEST_STEP][PASSED] - tap(findTestObject("Mobile/Page/Dashboard/Button - Login"), 0): Tapped on element 'Object Repository/Mobile/Page/Dashboard/Button - Login'

2021-11-18 08:19:59 - [MESSAGE][WARNING] - Timeout '0' is invalid. Using default page load timeout: '60'

2021-11-18 08:20:00 - [MESSAGE][PASSED] - Tapped on element 'Object Repository/Mobile/Page/Dashboard/Button - Login'

2021-11-18 08:20:00 - [TEST_STEP][PASSED] - tap(findTestObject("Mobile/Page/Login/Tap - UserID or Email"), 0): Tapped on element 'Object Repository/Mobile/Page/Login/Tap - UserID or Email'

2021-11-18 08:20:00 - [MESSAGE][WARNING] - Timeout '0' is invalid. Using default page load timeout: '60'

2021-11-18 08:20:02 - [MESSAGE][PASSED] - Tapped on element 'Object Repository/Mobile/Page/Login/Tap - UserID or Email'

2021-11-18 08:20:02 - [TEST_STEP][PASSED] - delay(3): Delayed 3 second(s)

2021-11-18 08:20:05 - [MESSAGE][PASSED] - Delayed 3 second(s)

2021-11-18 08:20:05 - [TEST_STEP][PASSED] - setText(findTestObject("Mobile/Page/Login/Input - UserID or Email"), "ady.pangerang@gmail.com", 0): Text 'ady.pangerang@gmail.com' has been set to element 'Object Repository/Mobile/Page/Login/Input - UserID or Email'

2021-11-18 08:20:05 - [MESSAGE][WARNING] - Timeout '0' is invalid. Using default page load timeout: '60'

2021-11-18 08:20:05 - [MESSAGE][PASSED] - Text 'ady.pangerang@gmail.com' has been set to element 'Object Repository/Mobile/Page/Login/Input - UserID or Email'

2021-11-18 08:20:05 - [TEST_STEP][PASSED] - delay(1): Delayed 1 second(s)

2021-11-18 08:20:06 - [MESSAGE][PASSED] - Delayed 1 second(s)

2021-11-18 08:20:06 - [TEST_STEP][PASSED] - hideKeyboard(): Keyboard is hidden

2021-11-18 08:20:10 - [MESSAGE][PASSED] - Keyboard is hidden

2021-11-18 08:20:10 - [TEST_STEP][PASSED] - delay(1): Delayed 1 second(s)

2021-11-18 08:20:11 - [MESSAGE][PASSED] - Delayed 1 second(s)

2021-11-18 08:20:11 - [TEST_STEP][PASSED] - tap(findTestObject("Mobile/Page/Login/Tap - Password 2"), 0): Tapped on element 'Object Repository/Mobile/Page/Login/Tap - Password 2'

2021-11-18 08:20:11 - [MESSAGE][WARNING] - Timeout '0' is invalid. Using default page load timeout: '60'

2021-11-18 08:20:12 - [MESSAGE][PASSED] - Tapped on element 'Object Repository/Mobile/Page/Login/Tap - Password 2'

2021-11-18 08:20:12 - [TEST_STEP][PASSED] - delay(3): Delayed 3 second(s)

2021-11-18 08:20:15 - [MESSAGE][PASSED] - Delayed 3 second(s)

2021-11-18 08:20:15 - [TEST_STEP][PASSED] - setText(findTestObject("Mobile/Page/Login/Tap - Password 2"), "Mirae1234", 0): Text 'Mirae1234' has been set to element 'Object Repository/Mobile/Page/Login/Tap - Password 2'

2021-11-18 08:20:15 - [MESSAGE][WARNING] - Timeout '0' is invalid. Using default page load timeout: '60'

2021-11-18 08:20:15 - [MESSAGE][PASSED] - Text 'Mirae1234' has been set to element 'Object Repository/Mobile/Page/Login/Tap - Password 2'

2021-11-18 08:20:15 - [TEST_STEP][PASSED] - delay(1): Delayed 1 second(s)

2021-11-18 08:20:16 - [MESSAGE][PASSED] - Delayed 1 second(s)

2021-11-18 08:20:16 - [TEST_STEP][PASSED] - hideKeyboard(): Keyboard is hidden

2021-11-18 08:20:22 - [MESSAGE][PASSED] - Keyboard is hidden

2021-11-18 08:20:22 - [TEST_STEP][PASSED] - delay(1): Delayed 1 second(s)

2021-11-18 08:20:23 - [MESSAGE][PASSED] - Delayed 1 second(s)

2021-11-18 08:20:23 - [TEST_STEP][PASSED] - tap(findTestObject("Mobile/Page/Login/Button - Sign In"), 0): Tapped on element 'Object Repository/Mobile/Page/Login/Button - Sign In'

2021-11-18 08:20:23 - [MESSAGE][WARNING] - Timeout '0' is invalid. Using default page load timeout: '60'

2021-11-18 08:20:24 - [MESSAGE][PASSED] - Tapped on element 'Object Repository/Mobile/Page/Login/Button - Sign In'

2021-11-18 08:20:24 - [MESSAGE][PASSED] - Call Test Case 'Test Cases/Mobile/Page/Login/Login' successfully

2021-11-18 08:20:24 - [TEST_STEP][PASSED] - if (page == "cart"): Call Test Case 'Test Cases/Mobile/Scenario/Transaction/Add Product to Cart' successfully

2021-11-18 08:20:24 - [TEST_STEP][PASSED] - callTestCase(findTestCase("Mobile/Scenario/Transaction/Add Product to Cart"), [:], STOP_ON_FAILURE): Call Test Case 'Test Cases/Mobile/Scenario/Transaction/Add Product to Cart' successfully

2021-11-18 08:20:24 - [TEST_CASE][PASSED] - Test Cases/Mobile/Scenario/Transaction/Add Product to Cart: Test Cases/Mobile/Scenario/Transaction/Add Product to Cart

2021-11-18 08:20:25 - [TEST_STEP][PASSED] - tap(findTestObject("Object Repository/Mobile/Page/Home/Button - Product"), 0): Tapped on element 'Object Repository/Mobile/Page/Home/Button - Product'

2021-11-18 08:20:25 - [MESSAGE][WARNING] - Timeout '0' is invalid. Using default page load timeout: '60'

2021-11-18 08:20:26 - [MESSAGE][PASSED] - Tapped on element 'Object Repository/Mobile/Page/Home/Button - Product'

2021-11-18 08:20:26 - [TEST_STEP][PASSED] - delay(3): Delayed 3 second(s)

2021-11-18 08:20:29 - [MESSAGE][PASSED] - Delayed 3 second(s)

2021-11-18 08:20:29 - [TEST_STEP][PASSED] - tap(findTestObject("Object Repository/Mobile/Page/Transaction/Object for Add to Cart/Button - Buy Top Item"), 0): Tapped on element 'Object Repository/Mobile/Page/Transaction/Object for Add to Cart/Button - Buy Top Item'

2021-11-18 08:20:29 - [MESSAGE][WARNING] - Timeout '0' is invalid. Using default page load timeout: '60'

2021-11-18 08:20:29 - [MESSAGE][PASSED] - Tapped on element 'Object Repository/Mobile/Page/Transaction/Object for Add to Cart/Button - Buy Top Item'

2021-11-18 08:20:29 - [TEST_STEP][PASSED] - delay(3): Delayed 3 second(s)

2021-11-18 08:20:32 - [MESSAGE][PASSED] - Delayed 3 second(s)

2021-11-18 08:20:32 - [TEST_STEP][PASSED] - tap(findTestObject("Object Repository/Mobile/Page/Transaction/Object for Add to Cart/Button - Purchase Amount 500k"), 0): Tapped on element 'Object Repository/Mobile/Page/Transaction/Object for Add to Cart/Button - Purchase Amount 500k'

2021-11-18 08:20:32 - [MESSAGE][WARNING] - Timeout '0' is invalid. Using default page load timeout: '60'

2021-11-18 08:20:34 - [MESSAGE][PASSED] - Tapped on element 'Object Repository/Mobile/Page/Transaction/Object for Add to Cart/Button - Purchase Amount 500k'

2021-11-18 08:20:34 - [TEST_STEP][PASSED] - element = findTestObject("Object Repository/Mobile/Page/Transaction/Object for Add to Cart/Checkbox - Agreement Prospectus"): null

2021-11-18 08:20:34 - [TEST_STEP][PASSED] - left_position = getElementLeftPosition(element, 0): Object 'Object Repository/Mobile/Page/Transaction/Object for Add to Cart/Checkbox - Agreement Prospectus' has left position '0'

2021-11-18 08:20:34 - [MESSAGE][WARNING] - Timeout '0' is invalid. Using default page load timeout: '60'

2021-11-18 08:20:34 - [MESSAGE][PASSED] - Object 'Object Repository/Mobile/Page/Transaction/Object for Add to Cart/Checkbox - Agreement Prospectus' has left position '0'

2021-11-18 08:20:34 - [TEST_STEP][PASSED] - top_position = getElementTopPosition(element, 0): Object 'Object Repository/Mobile/Page/Transaction/Object for Add to Cart/Checkbox - Agreement Prospectus' has top position '1,128'

2021-11-18 08:20:34 - [MESSAGE][WARNING] - Timeout '0' is invalid. Using default page load timeout: '60'

2021-11-18 08:20:34 - [MESSAGE][PASSED] - Object 'Object Repository/Mobile/Page/Transaction/Object for Add to Cart/Checkbox - Agreement Prospectus' has top position '1,128'

2021-11-18 08:20:34 - [TEST_STEP][PASSED] - height = getElementHeight(element, 0): Object 'Object Repository/Mobile/Page/Transaction/Object for Add to Cart/Checkbox - Agreement Prospectus' has height: '145'

2021-11-18 08:20:34 - [MESSAGE][WARNING] - Timeout '0' is invalid. Using default page load timeout: '60'

2021-11-18 08:20:34 - [MESSAGE][PASSED] - Object 'Object Repository/Mobile/Page/Transaction/Object for Add to Cart/Checkbox - Agreement Prospectus' has height: '145'

2021-11-18 08:20:34 - [TEST_STEP][PASSED] - y = top_position + height / 2: null

2021-11-18 08:20:34 - [TEST_STEP][PASSED] - x = getDeviceWidth() * 0.085: Current device physical width is 720

2021-11-18 08:20:34 - [MESSAGE][PASSED] - Current device physical width is 720

2021-11-18 08:20:34 - [TEST_STEP][PASSED] - tapAtPosition(x, y): Tapped at [61, 1,200]

2021-11-18 08:20:35 - [MESSAGE][PASSED] - Tapped at [61, 1,200]

2021-11-18 08:20:35 - [TEST_STEP][PASSED] - scroll.scroll.scrollBottomToTop(): scroll.scroll.scrollBottomToTop is PASSED

2021-11-18 08:20:36 - [MESSAGE][PASSED] - Current device physical height is 1423

2021-11-18 08:20:36 - [MESSAGE][PASSED] - Current device physical width is 720

2021-11-18 08:20:37 - [MESSAGE][PASSED] - Swiped from 360,1,138 to 360,284

2021-11-18 08:20:37 - [MESSAGE][PASSED] - scroll.scroll.scrollBottomToTop is PASSED

2021-11-18 08:20:37 - [TEST_STEP][PASSED] - tap(findTestObject("Object Repository/Mobile/Page/Transaction/Object for Add to Cart/Button - Add to Cart"), 0): Tapped on element 'Object Repository/Mobile/Page/Transaction/Object for Add to Cart/Button - Add to Cart'

2021-11-18 08:20:37 - [MESSAGE][WARNING] - Timeout '0' is invalid. Using default page load timeout: '60'

2021-11-18 08:20:37 - [MESSAGE][PASSED] - Tapped on element 'Object Repository/Mobile/Page/Transaction/Object for Add to Cart/Button - Add to Cart'

2021-11-18 08:20:37 - [TEST_STEP][PASSED] - delay(2): Delayed 2 second(s)

2021-11-18 08:20:39 - [MESSAGE][PASSED] - Delayed 2 second(s)

2021-11-18 08:20:39 - [TEST_STEP][PASSED] - tap(findTestObject("Object Repository/Mobile/Page/Transaction/Object for Add to Cart/Button - View Cart"), 0): Tapped on element 'Object Repository/Mobile/Page/Transaction/Object for Add to Cart/Button - View Cart'

2021-11-18 08:20:39 - [MESSAGE][WARNING] - Timeout '0' is invalid. Using default page load timeout: '60'

2021-11-18 08:20:41 - [MESSAGE][PASSED] - Tapped on element 'Object Repository/Mobile/Page/Transaction/Object for Add to Cart/Button - View Cart'

2021-11-18 08:20:41 - [TEST_STEP][PASSED] - delay(3): Delayed 3 second(s)

2021-11-18 08:20:44 - [MESSAGE][PASSED] - Delayed 3 second(s)

2021-11-18 08:20:44 - [TEST_STEP][PASSED] - pressBack(): Press back button successfully

2021-11-18 08:20:44 - [MESSAGE][PASSED] - Press back button successfully

2021-11-18 08:20:44 - [TEST_STEP][PASSED] - delay(1): Delayed 1 second(s)

2021-11-18 08:20:45 - [MESSAGE][PASSED] - Delayed 1 second(s)

2021-11-18 08:20:45 - [MESSAGE][PASSED] - Call Test Case 'Test Cases/Mobile/Scenario/Transaction/Add Product to Cart' successfully

2021-11-18 08:20:45 - [TEST_STEP][PASSED] - tap(findTestObject("Object Repository/Mobile/Page/Transaction/Button - Menubar Transaction"), 0): Tapped on element 'Object Repository/Mobile/Page/Transaction/Button - Menubar Transaction'

2021-11-18 08:20:45 - [MESSAGE][WARNING] - Timeout '0' is invalid. Using default page load timeout: '60'

2021-11-18 08:20:46 - [MESSAGE][PASSED] - Tapped on element 'Object Repository/Mobile/Page/Transaction/Button - Menubar Transaction'

2021-11-18 08:20:46 - [TEST_STEP][PASSED] - delay(1): Delayed 1 second(s)

2021-11-18 08:20:47 - [MESSAGE][PASSED] - Delayed 1 second(s)

2021-11-18 08:20:47 - [TEST_STEP][PASSED] - if (page == "onprocess"): null

2021-11-18 08:20:47 - [TEST_STEP][PASSED] - else if (page == "history"): null

2021-11-18 08:20:47 - [TEST_STEP][PASSED] - else if (page == "cart"): Delayed 1 second(s)

2021-11-18 08:20:47 - [TEST_STEP][PASSED] - tapAndHold(findTestObject("Object Repository/Mobile/Page/Transaction/Button - Icon Cart"), 1, 0): Tapped and held on element 'Object Repository/Mobile/Page/Transaction/Button - Icon Cart' with duration 1

2021-11-18 08:20:47 - [MESSAGE][WARNING] - Timeout '0' is invalid. Using default page load timeout: '60'

2021-11-18 08:20:50 - [MESSAGE][PASSED] - Tapped and held on element 'Object Repository/Mobile/Page/Transaction/Button - Icon Cart' with duration 1

2021-11-18 08:20:50 - [TEST_STEP][PASSED] - if (action == "deleteitem"): null

2021-11-18 08:20:50 - [TEST_STEP][PASSED] - delay(1): Delayed 1 second(s)

2021-11-18 08:20:51 - [MESSAGE][PASSED] - Delayed 1 second(s)

2021-11-18 08:20:51 - [MESSAGE][PASSED] - Call Test Case 'Test Cases/Mobile/Page/Transaction/Transaction' successfully

2021-11-18 08:20:51 - [TEST_STEP][PASSED] - callTestCase(findTestCase("Mobile/Page/Run App/Terminate App"), [:], STOP_ON_FAILURE): Call Test Case 'Test Cases/Mobile/Page/Run App/Terminate App' successfully

2021-11-18 08:20:51 - [TEST_CASE][PASSED] - Test Cases/Mobile/Page/Run App/Terminate App: Test Cases/Mobile/Page/Run App/Terminate App

2021-11-18 08:20:51 - [TEST_STEP][PASSED] - startApp.OpenApp.terminateApplication(): startApp.OpenApp.terminateApplication is PASSED

2021-11-18 08:20:54 - [MESSAGE][PASSED] - Delayed 3 second(s)

2021-11-18 08:20:55 - [MESSAGE][PASSED] - Current device physical width is 720

2021-11-18 08:20:55 - [MESSAGE][PASSED] - Current device physical height is 1423

2021-11-18 08:20:56 - [MESSAGE][PASSED] - Swiped from 360,853 to 360,142

2021-11-18 08:20:57 - [MESSAGE][PASSED] - Delayed 1 second(s)

2021-11-18 08:20:59 - [MESSAGE][PASSED] - Swiped from 360,853 to 360,142

2021-11-18 08:21:02 - [MESSAGE][PASSED] - Delayed 3 second(s)

2021-11-18 08:21:02 - [MESSAGE][PASSED] - startApp.OpenApp.terminateApplication is PASSED

2021-11-18 08:21:02 - [MESSAGE][PASSED] - Call Test Case 'Test Cases/Mobile/Page/Run App/Terminate App' successfully]]></system-out>
         <system-err><![CDATA[]]></system-err>
      </testcase>
      <testcase name="Test Cases/Mobile/Scenario/Transaction/012 - Melihat notifikasi" time="64.558" classname="Test Cases/Mobile/Scenario/Transaction/012 - Melihat notifikasi" status="PASSED">
         <system-out><![CDATA[2021-11-18 08:21:02 - [TEST_CASE][PASSED] - Test Cases/Mobile/Scenario/Transaction/012 - Melihat notifikasi: Test Cases/Mobile/Scenario/Transaction/012 - Melihat notifikasi

2021-11-18 08:21:02 - [TEST_STEP][PASSED] - callTestCase(findTestCase("Mobile/Page/Run App/Run App byID"), [:], STOP_ON_FAILURE): Call Test Case 'Test Cases/Mobile/Page/Run App/Run App byID' successfully

2021-11-18 08:21:02 - [TEST_CASE][PASSED] - Test Cases/Mobile/Page/Run App/Run App byID: Test Cases/Mobile/Page/Run App/Run App byID

2021-11-18 08:21:02 - [TEST_STEP][PASSED] - startApp.OpenApp.startApplication("id.co.miraeasset.navi"): startApp.OpenApp.startApplication is PASSED

2021-11-18 08:21:15 - [MESSAGE][PASSED] - Starting app with application ID: 'id.co.miraeasset.navi'

2021-11-18 08:21:15 - [MESSAGE][PASSED] - startApp.OpenApp.startApplication is PASSED

2021-11-18 08:21:15 - [MESSAGE][PASSED] - Call Test Case 'Test Cases/Mobile/Page/Run App/Run App byID' successfully

2021-11-18 08:21:15 - [TEST_STEP][PASSED] - callTestCase(findTestCase("Mobile/Page/Transaction/Transaction"), ["page":"notification", "tab":"none", "action":"none"], CONTINUE_ON_FAILURE): Call Test Case 'Test Cases/Mobile/Page/Transaction/Transaction' successfully

2021-11-18 08:21:15 - [TEST_CASE][PASSED] - Test Cases/Mobile/Page/Transaction/Transaction: Test Cases/Mobile/Page/Transaction/Transaction

2021-11-18 08:21:15 - [TEST_STEP][PASSED] - delay(5): Delayed 5 second(s)

2021-11-18 08:21:20 - [MESSAGE][PASSED] - Delayed 5 second(s)

2021-11-18 08:21:20 - [TEST_STEP][PASSED] - loginCheck = verifyElementExist(findTestObject("Object Repository/Mobile/Page/Dashboard/Button - Login"), 2, CONTINUE_ON_FAILURE): Element 'Object Repository/Mobile/Page/Dashboard/Button - Login' is exist

2021-11-18 08:21:20 - [MESSAGE][PASSED] - Element 'Object Repository/Mobile/Page/Dashboard/Button - Login' is exist

2021-11-18 08:21:20 - [TEST_STEP][PASSED] - if (loginCheck): Call Test Case 'Test Cases/Mobile/Page/Login/Login' successfully

2021-11-18 08:21:20 - [TEST_STEP][PASSED] - callTestCase(findTestCase("Mobile/Page/Login/Login"), ["isLogin":0]): Call Test Case 'Test Cases/Mobile/Page/Login/Login' successfully

2021-11-18 08:21:21 - [TEST_CASE][PASSED] - Test Cases/Mobile/Page/Login/Login: Test Cases/Mobile/Page/Login/Login

2021-11-18 08:21:21 - [TEST_STEP][PASSED] - if (isLogin == 0): Tapped on element 'Object Repository/Mobile/Page/Dashboard/Button - Login'

2021-11-18 08:21:21 - [TEST_STEP][PASSED] - tap(findTestObject("Mobile/Page/Dashboard/Button - Login"), 0): Tapped on element 'Object Repository/Mobile/Page/Dashboard/Button - Login'

2021-11-18 08:21:21 - [MESSAGE][WARNING] - Timeout '0' is invalid. Using default page load timeout: '60'

2021-11-18 08:21:21 - [MESSAGE][PASSED] - Tapped on element 'Object Repository/Mobile/Page/Dashboard/Button - Login'

2021-11-18 08:21:21 - [TEST_STEP][PASSED] - tap(findTestObject("Mobile/Page/Login/Tap - UserID or Email"), 0): Tapped on element 'Object Repository/Mobile/Page/Login/Tap - UserID or Email'

2021-11-18 08:21:21 - [MESSAGE][WARNING] - Timeout '0' is invalid. Using default page load timeout: '60'

2021-11-18 08:21:23 - [MESSAGE][PASSED] - Tapped on element 'Object Repository/Mobile/Page/Login/Tap - UserID or Email'

2021-11-18 08:21:23 - [TEST_STEP][PASSED] - delay(3): Delayed 3 second(s)

2021-11-18 08:21:26 - [MESSAGE][PASSED] - Delayed 3 second(s)

2021-11-18 08:21:26 - [TEST_STEP][PASSED] - setText(findTestObject("Mobile/Page/Login/Input - UserID or Email"), "ady.pangerang@gmail.com", 0): Text 'ady.pangerang@gmail.com' has been set to element 'Object Repository/Mobile/Page/Login/Input - UserID or Email'

2021-11-18 08:21:26 - [MESSAGE][WARNING] - Timeout '0' is invalid. Using default page load timeout: '60'

2021-11-18 08:21:27 - [MESSAGE][PASSED] - Text 'ady.pangerang@gmail.com' has been set to element 'Object Repository/Mobile/Page/Login/Input - UserID or Email'

2021-11-18 08:21:27 - [TEST_STEP][PASSED] - delay(1): Delayed 1 second(s)

2021-11-18 08:21:28 - [MESSAGE][PASSED] - Delayed 1 second(s)

2021-11-18 08:21:28 - [TEST_STEP][PASSED] - hideKeyboard(): Keyboard is hidden

2021-11-18 08:21:32 - [MESSAGE][PASSED] - Keyboard is hidden

2021-11-18 08:21:32 - [TEST_STEP][PASSED] - delay(1): Delayed 1 second(s)

2021-11-18 08:21:33 - [MESSAGE][PASSED] - Delayed 1 second(s)

2021-11-18 08:21:33 - [TEST_STEP][PASSED] - tap(findTestObject("Mobile/Page/Login/Tap - Password 2"), 0): Tapped on element 'Object Repository/Mobile/Page/Login/Tap - Password 2'

2021-11-18 08:21:33 - [MESSAGE][WARNING] - Timeout '0' is invalid. Using default page load timeout: '60'

2021-11-18 08:21:33 - [MESSAGE][PASSED] - Tapped on element 'Object Repository/Mobile/Page/Login/Tap - Password 2'

2021-11-18 08:21:33 - [TEST_STEP][PASSED] - delay(3): Delayed 3 second(s)

2021-11-18 08:21:36 - [MESSAGE][PASSED] - Delayed 3 second(s)

2021-11-18 08:21:36 - [TEST_STEP][PASSED] - setText(findTestObject("Mobile/Page/Login/Tap - Password 2"), "Mirae1234", 0): Text 'Mirae1234' has been set to element 'Object Repository/Mobile/Page/Login/Tap - Password 2'

2021-11-18 08:21:36 - [MESSAGE][WARNING] - Timeout '0' is invalid. Using default page load timeout: '60'

2021-11-18 08:21:37 - [MESSAGE][PASSED] - Text 'Mirae1234' has been set to element 'Object Repository/Mobile/Page/Login/Tap - Password 2'

2021-11-18 08:21:37 - [TEST_STEP][PASSED] - delay(1): Delayed 1 second(s)

2021-11-18 08:21:38 - [MESSAGE][PASSED] - Delayed 1 second(s)

2021-11-18 08:21:38 - [TEST_STEP][PASSED] - hideKeyboard(): Keyboard is hidden

2021-11-18 08:21:44 - [MESSAGE][PASSED] - Keyboard is hidden

2021-11-18 08:21:44 - [TEST_STEP][PASSED] - delay(1): Delayed 1 second(s)

2021-11-18 08:21:45 - [MESSAGE][PASSED] - Delayed 1 second(s)

2021-11-18 08:21:45 - [TEST_STEP][PASSED] - tap(findTestObject("Mobile/Page/Login/Button - Sign In"), 0): Tapped on element 'Object Repository/Mobile/Page/Login/Button - Sign In'

2021-11-18 08:21:45 - [MESSAGE][WARNING] - Timeout '0' is invalid. Using default page load timeout: '60'

2021-11-18 08:21:46 - [MESSAGE][PASSED] - Tapped on element 'Object Repository/Mobile/Page/Login/Button - Sign In'

2021-11-18 08:21:46 - [MESSAGE][PASSED] - Call Test Case 'Test Cases/Mobile/Page/Login/Login' successfully

2021-11-18 08:21:46 - [TEST_STEP][PASSED] - if (page == "cart"): null

2021-11-18 08:21:46 - [TEST_STEP][PASSED] - tap(findTestObject("Object Repository/Mobile/Page/Transaction/Button - Menubar Transaction"), 0): Tapped on element 'Object Repository/Mobile/Page/Transaction/Button - Menubar Transaction'

2021-11-18 08:21:46 - [MESSAGE][WARNING] - Timeout '0' is invalid. Using default page load timeout: '60'

2021-11-18 08:21:48 - [MESSAGE][PASSED] - Tapped on element 'Object Repository/Mobile/Page/Transaction/Button - Menubar Transaction'

2021-11-18 08:21:48 - [TEST_STEP][PASSED] - delay(1): Delayed 1 second(s)

2021-11-18 08:21:49 - [MESSAGE][PASSED] - Delayed 1 second(s)

2021-11-18 08:21:49 - [TEST_STEP][PASSED] - if (page == "onprocess"): null

2021-11-18 08:21:49 - [TEST_STEP][PASSED] - else if (page == "history"): null

2021-11-18 08:21:49 - [TEST_STEP][PASSED] - else if (page == "cart"): null

2021-11-18 08:21:49 - [TEST_STEP][PASSED] - else if (page == "notification"): Delayed 1 second(s)

2021-11-18 08:21:49 - [TEST_STEP][PASSED] - tapAndHold(findTestObject("Mobile/Page/Transaction/Button - Icon Notification"), 1, 0): Tapped and held on element 'Object Repository/Mobile/Page/Transaction/Button - Icon Notification' with duration 1

2021-11-18 08:21:49 - [MESSAGE][WARNING] - Timeout '0' is invalid. Using default page load timeout: '60'

2021-11-18 08:21:52 - [MESSAGE][PASSED] - Tapped and held on element 'Object Repository/Mobile/Page/Transaction/Button - Icon Notification' with duration 1

2021-11-18 08:21:52 - [TEST_STEP][PASSED] - delay(3): Delayed 3 second(s)

2021-11-18 08:21:55 - [MESSAGE][PASSED] - Delayed 3 second(s)

2021-11-18 08:21:55 - [TEST_STEP][PASSED] - if (action == "profile"): null

2021-11-18 08:21:55 - [TEST_STEP][PASSED] - delay(1): Delayed 1 second(s)

2021-11-18 08:21:56 - [MESSAGE][PASSED] - Delayed 1 second(s)

2021-11-18 08:21:56 - [MESSAGE][PASSED] - Call Test Case 'Test Cases/Mobile/Page/Transaction/Transaction' successfully

2021-11-18 08:21:56 - [TEST_STEP][PASSED] - callTestCase(findTestCase("Mobile/Page/Run App/Terminate App"), [:], STOP_ON_FAILURE): Call Test Case 'Test Cases/Mobile/Page/Run App/Terminate App' successfully

2021-11-18 08:21:56 - [TEST_CASE][PASSED] - Test Cases/Mobile/Page/Run App/Terminate App: Test Cases/Mobile/Page/Run App/Terminate App

2021-11-18 08:21:56 - [TEST_STEP][PASSED] - startApp.OpenApp.terminateApplication(): startApp.OpenApp.terminateApplication is PASSED

2021-11-18 08:21:59 - [MESSAGE][PASSED] - Delayed 3 second(s)

2021-11-18 08:21:59 - [MESSAGE][PASSED] - Current device physical width is 720

2021-11-18 08:22:00 - [MESSAGE][PASSED] - Current device physical height is 1423

2021-11-18 08:22:01 - [MESSAGE][PASSED] - Swiped from 360,853 to 360,142

2021-11-18 08:22:02 - [MESSAGE][PASSED] - Delayed 1 second(s)

2021-11-18 08:22:03 - [MESSAGE][PASSED] - Swiped from 360,853 to 360,142

2021-11-18 08:22:06 - [MESSAGE][PASSED] - Delayed 3 second(s)

2021-11-18 08:22:06 - [MESSAGE][PASSED] - startApp.OpenApp.terminateApplication is PASSED

2021-11-18 08:22:06 - [MESSAGE][PASSED] - Call Test Case 'Test Cases/Mobile/Page/Run App/Terminate App' successfully]]></system-out>
         <system-err><![CDATA[]]></system-err>
      </testcase>
      <testcase name="Test Cases/Mobile/Scenario/Transaction/013 - Menghapus item di keranjang" time="86.718" classname="Test Cases/Mobile/Scenario/Transaction/013 - Menghapus item di keranjang" status="PASSED">
         <system-out><![CDATA[2021-11-18 08:22:06 - [TEST_CASE][PASSED] - Test Cases/Mobile/Scenario/Transaction/013 - Menghapus item di keranjang: Test Cases/Mobile/Scenario/Transaction/013 - Menghapus item di keranjang

2021-11-18 08:22:07 - [TEST_STEP][PASSED] - callTestCase(findTestCase("Mobile/Page/Run App/Run App byID"), [:], STOP_ON_FAILURE): Call Test Case 'Test Cases/Mobile/Page/Run App/Run App byID' successfully

2021-11-18 08:22:07 - [TEST_CASE][PASSED] - Test Cases/Mobile/Page/Run App/Run App byID: Test Cases/Mobile/Page/Run App/Run App byID

2021-11-18 08:22:07 - [TEST_STEP][PASSED] - startApp.OpenApp.startApplication("id.co.miraeasset.navi"): startApp.OpenApp.startApplication is PASSED

2021-11-18 08:22:19 - [MESSAGE][PASSED] - Starting app with application ID: 'id.co.miraeasset.navi'

2021-11-18 08:22:19 - [MESSAGE][PASSED] - startApp.OpenApp.startApplication is PASSED

2021-11-18 08:22:19 - [MESSAGE][PASSED] - Call Test Case 'Test Cases/Mobile/Page/Run App/Run App byID' successfully

2021-11-18 08:22:19 - [TEST_STEP][PASSED] - callTestCase(findTestCase("Mobile/Page/Transaction/Transaction"), ["page":"cart", "tab":"none", "action":"deleteitem"], CONTINUE_ON_FAILURE): Call Test Case 'Test Cases/Mobile/Page/Transaction/Transaction' successfully

2021-11-18 08:22:20 - [TEST_CASE][PASSED] - Test Cases/Mobile/Page/Transaction/Transaction: Test Cases/Mobile/Page/Transaction/Transaction

2021-11-18 08:22:20 - [TEST_STEP][PASSED] - delay(5): Delayed 5 second(s)

2021-11-18 08:22:25 - [MESSAGE][PASSED] - Delayed 5 second(s)

2021-11-18 08:22:25 - [TEST_STEP][PASSED] - loginCheck = verifyElementExist(findTestObject("Object Repository/Mobile/Page/Dashboard/Button - Login"), 2, CONTINUE_ON_FAILURE): Element 'Object Repository/Mobile/Page/Dashboard/Button - Login' is exist

2021-11-18 08:22:25 - [MESSAGE][PASSED] - Element 'Object Repository/Mobile/Page/Dashboard/Button - Login' is exist

2021-11-18 08:22:25 - [TEST_STEP][PASSED] - if (loginCheck): Call Test Case 'Test Cases/Mobile/Page/Login/Login' successfully

2021-11-18 08:22:25 - [TEST_STEP][PASSED] - callTestCase(findTestCase("Mobile/Page/Login/Login"), ["isLogin":0]): Call Test Case 'Test Cases/Mobile/Page/Login/Login' successfully

2021-11-18 08:22:25 - [TEST_CASE][PASSED] - Test Cases/Mobile/Page/Login/Login: Test Cases/Mobile/Page/Login/Login

2021-11-18 08:22:25 - [TEST_STEP][PASSED] - if (isLogin == 0): Tapped on element 'Object Repository/Mobile/Page/Dashboard/Button - Login'

2021-11-18 08:22:25 - [TEST_STEP][PASSED] - tap(findTestObject("Mobile/Page/Dashboard/Button - Login"), 0): Tapped on element 'Object Repository/Mobile/Page/Dashboard/Button - Login'

2021-11-18 08:22:25 - [MESSAGE][WARNING] - Timeout '0' is invalid. Using default page load timeout: '60'

2021-11-18 08:22:26 - [MESSAGE][PASSED] - Tapped on element 'Object Repository/Mobile/Page/Dashboard/Button - Login'

2021-11-18 08:22:26 - [TEST_STEP][PASSED] - tap(findTestObject("Mobile/Page/Login/Tap - UserID or Email"), 0): Tapped on element 'Object Repository/Mobile/Page/Login/Tap - UserID or Email'

2021-11-18 08:22:26 - [MESSAGE][WARNING] - Timeout '0' is invalid. Using default page load timeout: '60'

2021-11-18 08:22:31 - [MESSAGE][PASSED] - Tapped on element 'Object Repository/Mobile/Page/Login/Tap - UserID or Email'

2021-11-18 08:22:31 - [TEST_STEP][PASSED] - delay(3): Delayed 3 second(s)

2021-11-18 08:22:34 - [MESSAGE][PASSED] - Delayed 3 second(s)

2021-11-18 08:22:34 - [TEST_STEP][PASSED] - setText(findTestObject("Mobile/Page/Login/Input - UserID or Email"), "ady.pangerang@gmail.com", 0): Text 'ady.pangerang@gmail.com' has been set to element 'Object Repository/Mobile/Page/Login/Input - UserID or Email'

2021-11-18 08:22:34 - [MESSAGE][WARNING] - Timeout '0' is invalid. Using default page load timeout: '60'

2021-11-18 08:22:34 - [MESSAGE][PASSED] - Text 'ady.pangerang@gmail.com' has been set to element 'Object Repository/Mobile/Page/Login/Input - UserID or Email'

2021-11-18 08:22:34 - [TEST_STEP][PASSED] - delay(1): Delayed 1 second(s)

2021-11-18 08:22:35 - [MESSAGE][PASSED] - Delayed 1 second(s)

2021-11-18 08:22:35 - [TEST_STEP][PASSED] - hideKeyboard(): Keyboard is hidden

2021-11-18 08:22:39 - [MESSAGE][PASSED] - Keyboard is hidden

2021-11-18 08:22:39 - [TEST_STEP][PASSED] - delay(1): Delayed 1 second(s)

2021-11-18 08:22:40 - [MESSAGE][PASSED] - Delayed 1 second(s)

2021-11-18 08:22:40 - [TEST_STEP][PASSED] - tap(findTestObject("Mobile/Page/Login/Tap - Password 2"), 0): Tapped on element 'Object Repository/Mobile/Page/Login/Tap - Password 2'

2021-11-18 08:22:40 - [MESSAGE][WARNING] - Timeout '0' is invalid. Using default page load timeout: '60'

2021-11-18 08:22:40 - [MESSAGE][PASSED] - Tapped on element 'Object Repository/Mobile/Page/Login/Tap - Password 2'

2021-11-18 08:22:40 - [TEST_STEP][PASSED] - delay(3): Delayed 3 second(s)

2021-11-18 08:22:43 - [MESSAGE][PASSED] - Delayed 3 second(s)

2021-11-18 08:22:43 - [TEST_STEP][PASSED] - setText(findTestObject("Mobile/Page/Login/Tap - Password 2"), "Mirae1234", 0): Text 'Mirae1234' has been set to element 'Object Repository/Mobile/Page/Login/Tap - Password 2'

2021-11-18 08:22:43 - [MESSAGE][WARNING] - Timeout '0' is invalid. Using default page load timeout: '60'

2021-11-18 08:22:44 - [MESSAGE][PASSED] - Text 'Mirae1234' has been set to element 'Object Repository/Mobile/Page/Login/Tap - Password 2'

2021-11-18 08:22:44 - [TEST_STEP][PASSED] - delay(1): Delayed 1 second(s)

2021-11-18 08:22:45 - [MESSAGE][PASSED] - Delayed 1 second(s)

2021-11-18 08:22:45 - [TEST_STEP][PASSED] - hideKeyboard(): Keyboard is hidden

2021-11-18 08:22:51 - [MESSAGE][PASSED] - Keyboard is hidden

2021-11-18 08:22:51 - [TEST_STEP][PASSED] - delay(1): Delayed 1 second(s)

2021-11-18 08:22:52 - [MESSAGE][PASSED] - Delayed 1 second(s)

2021-11-18 08:22:52 - [TEST_STEP][PASSED] - tap(findTestObject("Mobile/Page/Login/Button - Sign In"), 0): Tapped on element 'Object Repository/Mobile/Page/Login/Button - Sign In'

2021-11-18 08:22:52 - [MESSAGE][WARNING] - Timeout '0' is invalid. Using default page load timeout: '60'

2021-11-18 08:22:53 - [MESSAGE][PASSED] - Tapped on element 'Object Repository/Mobile/Page/Login/Button - Sign In'

2021-11-18 08:22:53 - [MESSAGE][PASSED] - Call Test Case 'Test Cases/Mobile/Page/Login/Login' successfully

2021-11-18 08:22:53 - [TEST_STEP][PASSED] - if (page == "cart"): Call Test Case 'Test Cases/Mobile/Scenario/Transaction/Add Product to Cart' successfully

2021-11-18 08:22:53 - [TEST_STEP][PASSED] - callTestCase(findTestCase("Mobile/Scenario/Transaction/Add Product to Cart"), [:], STOP_ON_FAILURE): Call Test Case 'Test Cases/Mobile/Scenario/Transaction/Add Product to Cart' successfully

2021-11-18 08:22:53 - [TEST_CASE][PASSED] - Test Cases/Mobile/Scenario/Transaction/Add Product to Cart: Test Cases/Mobile/Scenario/Transaction/Add Product to Cart

2021-11-18 08:22:53 - [TEST_STEP][PASSED] - tap(findTestObject("Object Repository/Mobile/Page/Home/Button - Product"), 0): Tapped on element 'Object Repository/Mobile/Page/Home/Button - Product'

2021-11-18 08:22:53 - [MESSAGE][WARNING] - Timeout '0' is invalid. Using default page load timeout: '60'

2021-11-18 08:22:55 - [MESSAGE][PASSED] - Tapped on element 'Object Repository/Mobile/Page/Home/Button - Product'

2021-11-18 08:22:55 - [TEST_STEP][PASSED] - delay(3): Delayed 3 second(s)

2021-11-18 08:22:58 - [MESSAGE][PASSED] - Delayed 3 second(s)

2021-11-18 08:22:58 - [TEST_STEP][PASSED] - tap(findTestObject("Object Repository/Mobile/Page/Transaction/Object for Add to Cart/Button - Buy Top Item"), 0): Tapped on element 'Object Repository/Mobile/Page/Transaction/Object for Add to Cart/Button - Buy Top Item'

2021-11-18 08:22:58 - [MESSAGE][WARNING] - Timeout '0' is invalid. Using default page load timeout: '60'

2021-11-18 08:22:58 - [MESSAGE][PASSED] - Tapped on element 'Object Repository/Mobile/Page/Transaction/Object for Add to Cart/Button - Buy Top Item'

2021-11-18 08:22:58 - [TEST_STEP][PASSED] - delay(3): Delayed 3 second(s)

2021-11-18 08:23:01 - [MESSAGE][PASSED] - Delayed 3 second(s)

2021-11-18 08:23:01 - [TEST_STEP][PASSED] - tap(findTestObject("Object Repository/Mobile/Page/Transaction/Object for Add to Cart/Button - Purchase Amount 500k"), 0): Tapped on element 'Object Repository/Mobile/Page/Transaction/Object for Add to Cart/Button - Purchase Amount 500k'

2021-11-18 08:23:01 - [MESSAGE][WARNING] - Timeout '0' is invalid. Using default page load timeout: '60'

2021-11-18 08:23:03 - [MESSAGE][PASSED] - Tapped on element 'Object Repository/Mobile/Page/Transaction/Object for Add to Cart/Button - Purchase Amount 500k'

2021-11-18 08:23:03 - [TEST_STEP][PASSED] - element = findTestObject("Object Repository/Mobile/Page/Transaction/Object for Add to Cart/Checkbox - Agreement Prospectus"): null

2021-11-18 08:23:03 - [TEST_STEP][PASSED] - left_position = getElementLeftPosition(element, 0): Object 'Object Repository/Mobile/Page/Transaction/Object for Add to Cart/Checkbox - Agreement Prospectus' has left position '0'

2021-11-18 08:23:03 - [MESSAGE][WARNING] - Timeout '0' is invalid. Using default page load timeout: '60'

2021-11-18 08:23:03 - [MESSAGE][PASSED] - Object 'Object Repository/Mobile/Page/Transaction/Object for Add to Cart/Checkbox - Agreement Prospectus' has left position '0'

2021-11-18 08:23:03 - [TEST_STEP][PASSED] - top_position = getElementTopPosition(element, 0): Object 'Object Repository/Mobile/Page/Transaction/Object for Add to Cart/Checkbox - Agreement Prospectus' has top position '1,128'

2021-11-18 08:23:03 - [MESSAGE][WARNING] - Timeout '0' is invalid. Using default page load timeout: '60'

2021-11-18 08:23:03 - [MESSAGE][PASSED] - Object 'Object Repository/Mobile/Page/Transaction/Object for Add to Cart/Checkbox - Agreement Prospectus' has top position '1,128'

2021-11-18 08:23:03 - [TEST_STEP][PASSED] - height = getElementHeight(element, 0): Object 'Object Repository/Mobile/Page/Transaction/Object for Add to Cart/Checkbox - Agreement Prospectus' has height: '145'

2021-11-18 08:23:03 - [MESSAGE][WARNING] - Timeout '0' is invalid. Using default page load timeout: '60'

2021-11-18 08:23:03 - [MESSAGE][PASSED] - Object 'Object Repository/Mobile/Page/Transaction/Object for Add to Cart/Checkbox - Agreement Prospectus' has height: '145'

2021-11-18 08:23:03 - [TEST_STEP][PASSED] - y = top_position + height / 2: null

2021-11-18 08:23:03 - [TEST_STEP][PASSED] - x = getDeviceWidth() * 0.085: Current device physical width is 720

2021-11-18 08:23:03 - [MESSAGE][PASSED] - Current device physical width is 720

2021-11-18 08:23:03 - [TEST_STEP][PASSED] - tapAtPosition(x, y): Tapped at [61, 1,200]

2021-11-18 08:23:04 - [MESSAGE][PASSED] - Tapped at [61, 1,200]

2021-11-18 08:23:04 - [TEST_STEP][PASSED] - scroll.scroll.scrollBottomToTop(): scroll.scroll.scrollBottomToTop is PASSED

2021-11-18 08:23:05 - [MESSAGE][PASSED] - Current device physical height is 1423

2021-11-18 08:23:05 - [MESSAGE][PASSED] - Current device physical width is 720

2021-11-18 08:23:06 - [MESSAGE][PASSED] - Swiped from 360,1,138 to 360,284

2021-11-18 08:23:06 - [MESSAGE][PASSED] - scroll.scroll.scrollBottomToTop is PASSED

2021-11-18 08:23:06 - [TEST_STEP][PASSED] - tap(findTestObject("Object Repository/Mobile/Page/Transaction/Object for Add to Cart/Button - Add to Cart"), 0): Tapped on element 'Object Repository/Mobile/Page/Transaction/Object for Add to Cart/Button - Add to Cart'

2021-11-18 08:23:06 - [MESSAGE][WARNING] - Timeout '0' is invalid. Using default page load timeout: '60'

2021-11-18 08:23:07 - [MESSAGE][PASSED] - Tapped on element 'Object Repository/Mobile/Page/Transaction/Object for Add to Cart/Button - Add to Cart'

2021-11-18 08:23:07 - [TEST_STEP][PASSED] - delay(2): Delayed 2 second(s)

2021-11-18 08:23:09 - [MESSAGE][PASSED] - Delayed 2 second(s)

2021-11-18 08:23:09 - [TEST_STEP][PASSED] - tap(findTestObject("Object Repository/Mobile/Page/Transaction/Object for Add to Cart/Button - View Cart"), 0): Tapped on element 'Object Repository/Mobile/Page/Transaction/Object for Add to Cart/Button - View Cart'

2021-11-18 08:23:09 - [MESSAGE][WARNING] - Timeout '0' is invalid. Using default page load timeout: '60'

2021-11-18 08:23:11 - [MESSAGE][PASSED] - Tapped on element 'Object Repository/Mobile/Page/Transaction/Object for Add to Cart/Button - View Cart'

2021-11-18 08:23:11 - [TEST_STEP][PASSED] - delay(3): Delayed 3 second(s)

2021-11-18 08:23:14 - [MESSAGE][PASSED] - Delayed 3 second(s)

2021-11-18 08:23:14 - [TEST_STEP][PASSED] - pressBack(): Press back button successfully

2021-11-18 08:23:15 - [MESSAGE][PASSED] - Press back button successfully

2021-11-18 08:23:15 - [TEST_STEP][PASSED] - delay(1): Delayed 1 second(s)

2021-11-18 08:23:16 - [MESSAGE][PASSED] - Delayed 1 second(s)

2021-11-18 08:23:16 - [MESSAGE][PASSED] - Call Test Case 'Test Cases/Mobile/Scenario/Transaction/Add Product to Cart' successfully

2021-11-18 08:23:16 - [TEST_STEP][PASSED] - tap(findTestObject("Object Repository/Mobile/Page/Transaction/Button - Menubar Transaction"), 0): Tapped on element 'Object Repository/Mobile/Page/Transaction/Button - Menubar Transaction'

2021-11-18 08:23:16 - [MESSAGE][WARNING] - Timeout '0' is invalid. Using default page load timeout: '60'

2021-11-18 08:23:16 - [MESSAGE][PASSED] - Tapped on element 'Object Repository/Mobile/Page/Transaction/Button - Menubar Transaction'

2021-11-18 08:23:16 - [TEST_STEP][PASSED] - delay(1): Delayed 1 second(s)

2021-11-18 08:23:17 - [MESSAGE][PASSED] - Delayed 1 second(s)

2021-11-18 08:23:17 - [TEST_STEP][PASSED] - if (page == "onprocess"): null

2021-11-18 08:23:17 - [TEST_STEP][PASSED] - else if (page == "history"): null

2021-11-18 08:23:17 - [TEST_STEP][PASSED] - else if (page == "cart"): Delayed 1 second(s)

2021-11-18 08:23:17 - [TEST_STEP][PASSED] - tapAndHold(findTestObject("Object Repository/Mobile/Page/Transaction/Button - Icon Cart"), 1, 0): Tapped and held on element 'Object Repository/Mobile/Page/Transaction/Button - Icon Cart' with duration 1

2021-11-18 08:23:17 - [MESSAGE][WARNING] - Timeout '0' is invalid. Using default page load timeout: '60'

2021-11-18 08:23:20 - [MESSAGE][PASSED] - Tapped and held on element 'Object Repository/Mobile/Page/Transaction/Button - Icon Cart' with duration 1

2021-11-18 08:23:20 - [TEST_STEP][PASSED] - if (action == "deleteitem"): Tapped on element 'Object Repository/Mobile/Page/Keranjang/Button - Delete Item'

2021-11-18 08:23:20 - [TEST_STEP][PASSED] - tap(findTestObject("Object Repository/Mobile/Page/Keranjang/Button - Delete Item"), 0): Tapped on element 'Object Repository/Mobile/Page/Keranjang/Button - Delete Item'

2021-11-18 08:23:20 - [MESSAGE][WARNING] - Timeout '0' is invalid. Using default page load timeout: '60'

2021-11-18 08:23:22 - [MESSAGE][PASSED] - Tapped on element 'Object Repository/Mobile/Page/Keranjang/Button - Delete Item'

2021-11-18 08:23:22 - [TEST_STEP][PASSED] - delay(1): Delayed 1 second(s)

2021-11-18 08:23:23 - [MESSAGE][PASSED] - Delayed 1 second(s)

2021-11-18 08:23:23 - [MESSAGE][PASSED] - Call Test Case 'Test Cases/Mobile/Page/Transaction/Transaction' successfully

2021-11-18 08:23:23 - [TEST_STEP][PASSED] - callTestCase(findTestCase("Mobile/Page/Run App/Terminate App"), [:], STOP_ON_FAILURE): Call Test Case 'Test Cases/Mobile/Page/Run App/Terminate App' successfully

2021-11-18 08:23:23 - [TEST_CASE][PASSED] - Test Cases/Mobile/Page/Run App/Terminate App: Test Cases/Mobile/Page/Run App/Terminate App

2021-11-18 08:23:23 - [TEST_STEP][PASSED] - startApp.OpenApp.terminateApplication(): startApp.OpenApp.terminateApplication is PASSED

2021-11-18 08:23:26 - [MESSAGE][PASSED] - Delayed 3 second(s)

2021-11-18 08:23:26 - [MESSAGE][PASSED] - Current device physical width is 720

2021-11-18 08:23:26 - [MESSAGE][PASSED] - Current device physical height is 1423

2021-11-18 08:23:28 - [MESSAGE][PASSED] - Swiped from 360,853 to 360,142

2021-11-18 08:23:29 - [MESSAGE][PASSED] - Delayed 1 second(s)

2021-11-18 08:23:30 - [MESSAGE][PASSED] - Swiped from 360,853 to 360,142

2021-11-18 08:23:33 - [MESSAGE][PASSED] - Delayed 3 second(s)

2021-11-18 08:23:33 - [MESSAGE][PASSED] - startApp.OpenApp.terminateApplication is PASSED

2021-11-18 08:23:33 - [MESSAGE][PASSED] - Call Test Case 'Test Cases/Mobile/Page/Run App/Terminate App' successfully]]></system-out>
         <system-err><![CDATA[]]></system-err>
      </testcase>
      <testcase name="Test Cases/Mobile/Scenario/Transaction/014 - Melihat notifikasi berdasarkan kategori Profile" time="67.729" classname="Test Cases/Mobile/Scenario/Transaction/014 - Melihat notifikasi berdasarkan kategori Profile" status="PASSED">
         <system-out><![CDATA[2021-11-18 08:23:33 - [TEST_CASE][PASSED] - Test Cases/Mobile/Scenario/Transaction/014 - Melihat notifikasi berdasarkan kategori Profile: Test Cases/Mobile/Scenario/Transaction/014 - Melihat notifikasi berdasarkan kategori Profile

2021-11-18 08:23:33 - [TEST_STEP][PASSED] - callTestCase(findTestCase("Mobile/Page/Run App/Run App byID"), [:], STOP_ON_FAILURE): Call Test Case 'Test Cases/Mobile/Page/Run App/Run App byID' successfully

2021-11-18 08:23:33 - [TEST_CASE][PASSED] - Test Cases/Mobile/Page/Run App/Run App byID: Test Cases/Mobile/Page/Run App/Run App byID

2021-11-18 08:23:33 - [TEST_STEP][PASSED] - startApp.OpenApp.startApplication("id.co.miraeasset.navi"): startApp.OpenApp.startApplication is PASSED

2021-11-18 08:23:47 - [MESSAGE][PASSED] - Starting app with application ID: 'id.co.miraeasset.navi'

2021-11-18 08:23:47 - [MESSAGE][PASSED] - startApp.OpenApp.startApplication is PASSED

2021-11-18 08:23:47 - [MESSAGE][PASSED] - Call Test Case 'Test Cases/Mobile/Page/Run App/Run App byID' successfully

2021-11-18 08:23:47 - [TEST_STEP][PASSED] - callTestCase(findTestCase("Mobile/Page/Transaction/Transaction"), ["page":"notification", "tab":"profile", "action":"detail"], CONTINUE_ON_FAILURE): Call Test Case 'Test Cases/Mobile/Page/Transaction/Transaction' successfully

2021-11-18 08:23:47 - [TEST_CASE][PASSED] - Test Cases/Mobile/Page/Transaction/Transaction: Test Cases/Mobile/Page/Transaction/Transaction

2021-11-18 08:23:47 - [TEST_STEP][PASSED] - delay(5): Delayed 5 second(s)

2021-11-18 08:23:52 - [MESSAGE][PASSED] - Delayed 5 second(s)

2021-11-18 08:23:52 - [TEST_STEP][PASSED] - loginCheck = verifyElementExist(findTestObject("Object Repository/Mobile/Page/Dashboard/Button - Login"), 2, CONTINUE_ON_FAILURE): Element 'Object Repository/Mobile/Page/Dashboard/Button - Login' is exist

2021-11-18 08:23:52 - [MESSAGE][PASSED] - Element 'Object Repository/Mobile/Page/Dashboard/Button - Login' is exist

2021-11-18 08:23:52 - [TEST_STEP][PASSED] - if (loginCheck): Call Test Case 'Test Cases/Mobile/Page/Login/Login' successfully

2021-11-18 08:23:52 - [TEST_STEP][PASSED] - callTestCase(findTestCase("Mobile/Page/Login/Login"), ["isLogin":0]): Call Test Case 'Test Cases/Mobile/Page/Login/Login' successfully

2021-11-18 08:23:52 - [TEST_CASE][PASSED] - Test Cases/Mobile/Page/Login/Login: Test Cases/Mobile/Page/Login/Login

2021-11-18 08:23:52 - [TEST_STEP][PASSED] - if (isLogin == 0): Tapped on element 'Object Repository/Mobile/Page/Dashboard/Button - Login'

2021-11-18 08:23:52 - [TEST_STEP][PASSED] - tap(findTestObject("Mobile/Page/Dashboard/Button - Login"), 0): Tapped on element 'Object Repository/Mobile/Page/Dashboard/Button - Login'

2021-11-18 08:23:52 - [MESSAGE][WARNING] - Timeout '0' is invalid. Using default page load timeout: '60'

2021-11-18 08:23:53 - [MESSAGE][PASSED] - Tapped on element 'Object Repository/Mobile/Page/Dashboard/Button - Login'

2021-11-18 08:23:53 - [TEST_STEP][PASSED] - tap(findTestObject("Mobile/Page/Login/Tap - UserID or Email"), 0): Tapped on element 'Object Repository/Mobile/Page/Login/Tap - UserID or Email'

2021-11-18 08:23:53 - [MESSAGE][WARNING] - Timeout '0' is invalid. Using default page load timeout: '60'

2021-11-18 08:23:54 - [MESSAGE][PASSED] - Tapped on element 'Object Repository/Mobile/Page/Login/Tap - UserID or Email'

2021-11-18 08:23:54 - [TEST_STEP][PASSED] - delay(3): Delayed 3 second(s)

2021-11-18 08:23:57 - [MESSAGE][PASSED] - Delayed 3 second(s)

2021-11-18 08:23:57 - [TEST_STEP][PASSED] - setText(findTestObject("Mobile/Page/Login/Input - UserID or Email"), "ady.pangerang@gmail.com", 0): Text 'ady.pangerang@gmail.com' has been set to element 'Object Repository/Mobile/Page/Login/Input - UserID or Email'

2021-11-18 08:23:57 - [MESSAGE][WARNING] - Timeout '0' is invalid. Using default page load timeout: '60'

2021-11-18 08:23:59 - [MESSAGE][PASSED] - Text 'ady.pangerang@gmail.com' has been set to element 'Object Repository/Mobile/Page/Login/Input - UserID or Email'

2021-11-18 08:23:59 - [TEST_STEP][PASSED] - delay(1): Delayed 1 second(s)

2021-11-18 08:24:00 - [MESSAGE][PASSED] - Delayed 1 second(s)

2021-11-18 08:24:00 - [TEST_STEP][PASSED] - hideKeyboard(): Keyboard is hidden

2021-11-18 08:24:05 - [MESSAGE][PASSED] - Keyboard is hidden

2021-11-18 08:24:05 - [TEST_STEP][PASSED] - delay(1): Delayed 1 second(s)

2021-11-18 08:24:06 - [MESSAGE][PASSED] - Delayed 1 second(s)

2021-11-18 08:24:06 - [TEST_STEP][PASSED] - tap(findTestObject("Mobile/Page/Login/Tap - Password 2"), 0): Tapped on element 'Object Repository/Mobile/Page/Login/Tap - Password 2'

2021-11-18 08:24:06 - [MESSAGE][WARNING] - Timeout '0' is invalid. Using default page load timeout: '60'

2021-11-18 08:24:07 - [MESSAGE][PASSED] - Tapped on element 'Object Repository/Mobile/Page/Login/Tap - Password 2'

2021-11-18 08:24:07 - [TEST_STEP][PASSED] - delay(3): Delayed 3 second(s)

2021-11-18 08:24:10 - [MESSAGE][PASSED] - Delayed 3 second(s)

2021-11-18 08:24:10 - [TEST_STEP][PASSED] - setText(findTestObject("Mobile/Page/Login/Tap - Password 2"), "Mirae1234", 0): Text 'Mirae1234' has been set to element 'Object Repository/Mobile/Page/Login/Tap - Password 2'

2021-11-18 08:24:10 - [MESSAGE][WARNING] - Timeout '0' is invalid. Using default page load timeout: '60'

2021-11-18 08:24:10 - [MESSAGE][PASSED] - Text 'Mirae1234' has been set to element 'Object Repository/Mobile/Page/Login/Tap - Password 2'

2021-11-18 08:24:10 - [TEST_STEP][PASSED] - delay(1): Delayed 1 second(s)

2021-11-18 08:24:11 - [MESSAGE][PASSED] - Delayed 1 second(s)

2021-11-18 08:24:11 - [TEST_STEP][PASSED] - hideKeyboard(): Keyboard is hidden

2021-11-18 08:24:18 - [MESSAGE][PASSED] - Keyboard is hidden

2021-11-18 08:24:18 - [TEST_STEP][PASSED] - delay(1): Delayed 1 second(s)

2021-11-18 08:24:19 - [MESSAGE][PASSED] - Delayed 1 second(s)

2021-11-18 08:24:19 - [TEST_STEP][PASSED] - tap(findTestObject("Mobile/Page/Login/Button - Sign In"), 0): Tapped on element 'Object Repository/Mobile/Page/Login/Button - Sign In'

2021-11-18 08:24:19 - [MESSAGE][WARNING] - Timeout '0' is invalid. Using default page load timeout: '60'

2021-11-18 08:24:20 - [MESSAGE][PASSED] - Tapped on element 'Object Repository/Mobile/Page/Login/Button - Sign In'

2021-11-18 08:24:20 - [MESSAGE][PASSED] - Call Test Case 'Test Cases/Mobile/Page/Login/Login' successfully

2021-11-18 08:24:20 - [TEST_STEP][PASSED] - if (page == "cart"): null

2021-11-18 08:24:20 - [TEST_STEP][PASSED] - tap(findTestObject("Object Repository/Mobile/Page/Transaction/Button - Menubar Transaction"), 0): Tapped on element 'Object Repository/Mobile/Page/Transaction/Button - Menubar Transaction'

2021-11-18 08:24:20 - [MESSAGE][WARNING] - Timeout '0' is invalid. Using default page load timeout: '60'

2021-11-18 08:24:22 - [MESSAGE][PASSED] - Tapped on element 'Object Repository/Mobile/Page/Transaction/Button - Menubar Transaction'

2021-11-18 08:24:22 - [TEST_STEP][PASSED] - delay(1): Delayed 1 second(s)

2021-11-18 08:24:23 - [MESSAGE][PASSED] - Delayed 1 second(s)

2021-11-18 08:24:23 - [TEST_STEP][PASSED] - if (page == "onprocess"): null

2021-11-18 08:24:23 - [TEST_STEP][PASSED] - else if (page == "history"): null

2021-11-18 08:24:23 - [TEST_STEP][PASSED] - else if (page == "cart"): null

2021-11-18 08:24:23 - [TEST_STEP][PASSED] - else if (page == "notification"): Delayed 1 second(s)

2021-11-18 08:24:23 - [TEST_STEP][PASSED] - tapAndHold(findTestObject("Mobile/Page/Transaction/Button - Icon Notification"), 1, 0): Tapped and held on element 'Object Repository/Mobile/Page/Transaction/Button - Icon Notification' with duration 1

2021-11-18 08:24:23 - [MESSAGE][WARNING] - Timeout '0' is invalid. Using default page load timeout: '60'

2021-11-18 08:24:26 - [MESSAGE][PASSED] - Tapped and held on element 'Object Repository/Mobile/Page/Transaction/Button - Icon Notification' with duration 1

2021-11-18 08:24:26 - [TEST_STEP][PASSED] - delay(3): Delayed 3 second(s)

2021-11-18 08:24:29 - [MESSAGE][PASSED] - Delayed 3 second(s)

2021-11-18 08:24:29 - [TEST_STEP][PASSED] - if (action == "profile"): null

2021-11-18 08:24:29 - [TEST_STEP][PASSED] - delay(1): Delayed 1 second(s)

2021-11-18 08:24:30 - [MESSAGE][PASSED] - Delayed 1 second(s)

2021-11-18 08:24:30 - [MESSAGE][PASSED] - Call Test Case 'Test Cases/Mobile/Page/Transaction/Transaction' successfully

2021-11-18 08:24:30 - [TEST_STEP][PASSED] - callTestCase(findTestCase("Mobile/Page/Run App/Terminate App"), [:], STOP_ON_FAILURE): Call Test Case 'Test Cases/Mobile/Page/Run App/Terminate App' successfully

2021-11-18 08:24:30 - [TEST_CASE][PASSED] - Test Cases/Mobile/Page/Run App/Terminate App: Test Cases/Mobile/Page/Run App/Terminate App

2021-11-18 08:24:30 - [TEST_STEP][PASSED] - startApp.OpenApp.terminateApplication(): startApp.OpenApp.terminateApplication is PASSED

2021-11-18 08:24:33 - [MESSAGE][PASSED] - Delayed 3 second(s)

2021-11-18 08:24:34 - [MESSAGE][PASSED] - Current device physical width is 720

2021-11-18 08:24:34 - [MESSAGE][PASSED] - Current device physical height is 1423

2021-11-18 08:24:35 - [MESSAGE][PASSED] - Swiped from 360,853 to 360,142

2021-11-18 08:24:36 - [MESSAGE][PASSED] - Delayed 1 second(s)

2021-11-18 08:24:38 - [MESSAGE][PASSED] - Swiped from 360,853 to 360,142

2021-11-18 08:24:41 - [MESSAGE][PASSED] - Delayed 3 second(s)

2021-11-18 08:24:41 - [MESSAGE][PASSED] - startApp.OpenApp.terminateApplication is PASSED

2021-11-18 08:24:41 - [MESSAGE][PASSED] - Call Test Case 'Test Cases/Mobile/Page/Run App/Terminate App' successfully]]></system-out>
         <system-err><![CDATA[]]></system-err>
      </testcase>
      <testcase name="Test Cases/Mobile/Scenario/Transaction/015 - Melihat notifikasi berdasarkan kategori System" time="67.62" classname="Test Cases/Mobile/Scenario/Transaction/015 - Melihat notifikasi berdasarkan kategori System" status="PASSED">
         <system-out><![CDATA[2021-11-18 08:24:41 - [TEST_CASE][PASSED] - Test Cases/Mobile/Scenario/Transaction/015 - Melihat notifikasi berdasarkan kategori System: Test Cases/Mobile/Scenario/Transaction/015 - Melihat notifikasi berdasarkan kategori System

2021-11-18 08:24:41 - [TEST_STEP][PASSED] - callTestCase(findTestCase("Mobile/Page/Run App/Run App byID"), [:], STOP_ON_FAILURE): Call Test Case 'Test Cases/Mobile/Page/Run App/Run App byID' successfully

2021-11-18 08:24:41 - [TEST_CASE][PASSED] - Test Cases/Mobile/Page/Run App/Run App byID: Test Cases/Mobile/Page/Run App/Run App byID

2021-11-18 08:24:41 - [TEST_STEP][PASSED] - startApp.OpenApp.startApplication("id.co.miraeasset.navi"): startApp.OpenApp.startApplication is PASSED

2021-11-18 08:24:55 - [MESSAGE][PASSED] - Starting app with application ID: 'id.co.miraeasset.navi'

2021-11-18 08:24:55 - [MESSAGE][PASSED] - startApp.OpenApp.startApplication is PASSED

2021-11-18 08:24:55 - [MESSAGE][PASSED] - Call Test Case 'Test Cases/Mobile/Page/Run App/Run App byID' successfully

2021-11-18 08:24:55 - [TEST_STEP][PASSED] - callTestCase(findTestCase("Mobile/Page/Transaction/Transaction"), ["page":"notification", "tab":"system", "action":"detail"], CONTINUE_ON_FAILURE): Call Test Case 'Test Cases/Mobile/Page/Transaction/Transaction' successfully

2021-11-18 08:24:55 - [TEST_CASE][PASSED] - Test Cases/Mobile/Page/Transaction/Transaction: Test Cases/Mobile/Page/Transaction/Transaction

2021-11-18 08:24:55 - [TEST_STEP][PASSED] - delay(5): Delayed 5 second(s)

2021-11-18 08:25:00 - [MESSAGE][PASSED] - Delayed 5 second(s)

2021-11-18 08:25:00 - [TEST_STEP][PASSED] - loginCheck = verifyElementExist(findTestObject("Object Repository/Mobile/Page/Dashboard/Button - Login"), 2, CONTINUE_ON_FAILURE): Element 'Object Repository/Mobile/Page/Dashboard/Button - Login' is exist

2021-11-18 08:25:01 - [MESSAGE][PASSED] - Element 'Object Repository/Mobile/Page/Dashboard/Button - Login' is exist

2021-11-18 08:25:01 - [TEST_STEP][PASSED] - if (loginCheck): Call Test Case 'Test Cases/Mobile/Page/Login/Login' successfully

2021-11-18 08:25:01 - [TEST_STEP][PASSED] - callTestCase(findTestCase("Mobile/Page/Login/Login"), ["isLogin":0]): Call Test Case 'Test Cases/Mobile/Page/Login/Login' successfully

2021-11-18 08:25:01 - [TEST_CASE][PASSED] - Test Cases/Mobile/Page/Login/Login: Test Cases/Mobile/Page/Login/Login

2021-11-18 08:25:01 - [TEST_STEP][PASSED] - if (isLogin == 0): Tapped on element 'Object Repository/Mobile/Page/Dashboard/Button - Login'

2021-11-18 08:25:01 - [TEST_STEP][PASSED] - tap(findTestObject("Mobile/Page/Dashboard/Button - Login"), 0): Tapped on element 'Object Repository/Mobile/Page/Dashboard/Button - Login'

2021-11-18 08:25:01 - [MESSAGE][WARNING] - Timeout '0' is invalid. Using default page load timeout: '60'

2021-11-18 08:25:02 - [MESSAGE][PASSED] - Tapped on element 'Object Repository/Mobile/Page/Dashboard/Button - Login'

2021-11-18 08:25:02 - [TEST_STEP][PASSED] - tap(findTestObject("Mobile/Page/Login/Tap - UserID or Email"), 0): Tapped on element 'Object Repository/Mobile/Page/Login/Tap - UserID or Email'

2021-11-18 08:25:02 - [MESSAGE][WARNING] - Timeout '0' is invalid. Using default page load timeout: '60'

2021-11-18 08:25:05 - [MESSAGE][PASSED] - Tapped on element 'Object Repository/Mobile/Page/Login/Tap - UserID or Email'

2021-11-18 08:25:05 - [TEST_STEP][PASSED] - delay(3): Delayed 3 second(s)

2021-11-18 08:25:08 - [MESSAGE][PASSED] - Delayed 3 second(s)

2021-11-18 08:25:08 - [TEST_STEP][PASSED] - setText(findTestObject("Mobile/Page/Login/Input - UserID or Email"), "ady.pangerang@gmail.com", 0): Text 'ady.pangerang@gmail.com' has been set to element 'Object Repository/Mobile/Page/Login/Input - UserID or Email'

2021-11-18 08:25:08 - [MESSAGE][WARNING] - Timeout '0' is invalid. Using default page load timeout: '60'

2021-11-18 08:25:09 - [MESSAGE][PASSED] - Text 'ady.pangerang@gmail.com' has been set to element 'Object Repository/Mobile/Page/Login/Input - UserID or Email'

2021-11-18 08:25:09 - [TEST_STEP][PASSED] - delay(1): Delayed 1 second(s)

2021-11-18 08:25:10 - [MESSAGE][PASSED] - Delayed 1 second(s)

2021-11-18 08:25:10 - [TEST_STEP][PASSED] - hideKeyboard(): Keyboard is hidden

2021-11-18 08:25:13 - [MESSAGE][PASSED] - Keyboard is hidden

2021-11-18 08:25:13 - [TEST_STEP][PASSED] - delay(1): Delayed 1 second(s)

2021-11-18 08:25:14 - [MESSAGE][PASSED] - Delayed 1 second(s)

2021-11-18 08:25:14 - [TEST_STEP][PASSED] - tap(findTestObject("Mobile/Page/Login/Tap - Password 2"), 0): Tapped on element 'Object Repository/Mobile/Page/Login/Tap - Password 2'

2021-11-18 08:25:14 - [MESSAGE][WARNING] - Timeout '0' is invalid. Using default page load timeout: '60'

2021-11-18 08:25:15 - [MESSAGE][PASSED] - Tapped on element 'Object Repository/Mobile/Page/Login/Tap - Password 2'

2021-11-18 08:25:15 - [TEST_STEP][PASSED] - delay(3): Delayed 3 second(s)

2021-11-18 08:25:18 - [MESSAGE][PASSED] - Delayed 3 second(s)

2021-11-18 08:25:18 - [TEST_STEP][PASSED] - setText(findTestObject("Mobile/Page/Login/Tap - Password 2"), "Mirae1234", 0): Text 'Mirae1234' has been set to element 'Object Repository/Mobile/Page/Login/Tap - Password 2'

2021-11-18 08:25:18 - [MESSAGE][WARNING] - Timeout '0' is invalid. Using default page load timeout: '60'

2021-11-18 08:25:18 - [MESSAGE][PASSED] - Text 'Mirae1234' has been set to element 'Object Repository/Mobile/Page/Login/Tap - Password 2'

2021-11-18 08:25:18 - [TEST_STEP][PASSED] - delay(1): Delayed 1 second(s)

2021-11-18 08:25:19 - [MESSAGE][PASSED] - Delayed 1 second(s)

2021-11-18 08:25:19 - [TEST_STEP][PASSED] - hideKeyboard(): Keyboard is hidden

2021-11-18 08:25:26 - [MESSAGE][PASSED] - Keyboard is hidden

2021-11-18 08:25:26 - [TEST_STEP][PASSED] - delay(1): Delayed 1 second(s)

2021-11-18 08:25:27 - [MESSAGE][PASSED] - Delayed 1 second(s)

2021-11-18 08:25:27 - [TEST_STEP][PASSED] - tap(findTestObject("Mobile/Page/Login/Button - Sign In"), 0): Tapped on element 'Object Repository/Mobile/Page/Login/Button - Sign In'

2021-11-18 08:25:27 - [MESSAGE][WARNING] - Timeout '0' is invalid. Using default page load timeout: '60'

2021-11-18 08:25:28 - [MESSAGE][PASSED] - Tapped on element 'Object Repository/Mobile/Page/Login/Button - Sign In'

2021-11-18 08:25:28 - [MESSAGE][PASSED] - Call Test Case 'Test Cases/Mobile/Page/Login/Login' successfully

2021-11-18 08:25:28 - [TEST_STEP][PASSED] - if (page == "cart"): null

2021-11-18 08:25:28 - [TEST_STEP][PASSED] - tap(findTestObject("Object Repository/Mobile/Page/Transaction/Button - Menubar Transaction"), 0): Tapped on element 'Object Repository/Mobile/Page/Transaction/Button - Menubar Transaction'

2021-11-18 08:25:28 - [MESSAGE][WARNING] - Timeout '0' is invalid. Using default page load timeout: '60'

2021-11-18 08:25:30 - [MESSAGE][PASSED] - Tapped on element 'Object Repository/Mobile/Page/Transaction/Button - Menubar Transaction'

2021-11-18 08:25:30 - [TEST_STEP][PASSED] - delay(1): Delayed 1 second(s)

2021-11-18 08:25:31 - [MESSAGE][PASSED] - Delayed 1 second(s)

2021-11-18 08:25:31 - [TEST_STEP][PASSED] - if (page == "onprocess"): null

2021-11-18 08:25:31 - [TEST_STEP][PASSED] - else if (page == "history"): null

2021-11-18 08:25:31 - [TEST_STEP][PASSED] - else if (page == "cart"): null

2021-11-18 08:25:31 - [TEST_STEP][PASSED] - else if (page == "notification"): Delayed 1 second(s)

2021-11-18 08:25:31 - [TEST_STEP][PASSED] - tapAndHold(findTestObject("Mobile/Page/Transaction/Button - Icon Notification"), 1, 0): Tapped and held on element 'Object Repository/Mobile/Page/Transaction/Button - Icon Notification' with duration 1

2021-11-18 08:25:31 - [MESSAGE][WARNING] - Timeout '0' is invalid. Using default page load timeout: '60'

2021-11-18 08:25:34 - [MESSAGE][PASSED] - Tapped and held on element 'Object Repository/Mobile/Page/Transaction/Button - Icon Notification' with duration 1

2021-11-18 08:25:34 - [TEST_STEP][PASSED] - delay(3): Delayed 3 second(s)

2021-11-18 08:25:37 - [MESSAGE][PASSED] - Delayed 3 second(s)

2021-11-18 08:25:37 - [TEST_STEP][PASSED] - if (action == "profile"): null

2021-11-18 08:25:37 - [TEST_STEP][PASSED] - delay(1): Delayed 1 second(s)

2021-11-18 08:25:38 - [MESSAGE][PASSED] - Delayed 1 second(s)

2021-11-18 08:25:38 - [MESSAGE][PASSED] - Call Test Case 'Test Cases/Mobile/Page/Transaction/Transaction' successfully

2021-11-18 08:25:38 - [TEST_STEP][PASSED] - callTestCase(findTestCase("Mobile/Page/Run App/Terminate App"), [:], STOP_ON_FAILURE): Call Test Case 'Test Cases/Mobile/Page/Run App/Terminate App' successfully

2021-11-18 08:25:38 - [TEST_CASE][PASSED] - Test Cases/Mobile/Page/Run App/Terminate App: Test Cases/Mobile/Page/Run App/Terminate App

2021-11-18 08:25:38 - [TEST_STEP][PASSED] - startApp.OpenApp.terminateApplication(): startApp.OpenApp.terminateApplication is PASSED

2021-11-18 08:25:41 - [MESSAGE][PASSED] - Delayed 3 second(s)

2021-11-18 08:25:41 - [MESSAGE][PASSED] - Current device physical width is 720

2021-11-18 08:25:42 - [MESSAGE][PASSED] - Current device physical height is 1423

2021-11-18 08:25:43 - [MESSAGE][PASSED] - Swiped from 360,853 to 360,142

2021-11-18 08:25:44 - [MESSAGE][PASSED] - Delayed 1 second(s)

2021-11-18 08:25:45 - [MESSAGE][PASSED] - Swiped from 360,853 to 360,142

2021-11-18 08:25:48 - [MESSAGE][PASSED] - Delayed 3 second(s)

2021-11-18 08:25:48 - [MESSAGE][PASSED] - startApp.OpenApp.terminateApplication is PASSED

2021-11-18 08:25:48 - [MESSAGE][PASSED] - Call Test Case 'Test Cases/Mobile/Page/Run App/Terminate App' successfully]]></system-out>
         <system-err><![CDATA[]]></system-err>
      </testcase>
      <testcase name="Test Cases/Mobile/Scenario/Transaction/016 - Melihat notifikasi berdasarkan kategori Transaksi" time="64.595" classname="Test Cases/Mobile/Scenario/Transaction/016 - Melihat notifikasi berdasarkan kategori Transaksi" status="PASSED">
         <system-out><![CDATA[2021-11-18 08:25:48 - [TEST_CASE][PASSED] - Test Cases/Mobile/Scenario/Transaction/016 - Melihat notifikasi berdasarkan kategori Transaksi: Test Cases/Mobile/Scenario/Transaction/016 - Melihat notifikasi berdasarkan kategori Transaksi

2021-11-18 08:25:49 - [TEST_STEP][PASSED] - callTestCase(findTestCase("Mobile/Page/Run App/Run App byID"), [:], STOP_ON_FAILURE): Call Test Case 'Test Cases/Mobile/Page/Run App/Run App byID' successfully

2021-11-18 08:25:49 - [TEST_CASE][PASSED] - Test Cases/Mobile/Page/Run App/Run App byID: Test Cases/Mobile/Page/Run App/Run App byID

2021-11-18 08:25:49 - [TEST_STEP][PASSED] - startApp.OpenApp.startApplication("id.co.miraeasset.navi"): startApp.OpenApp.startApplication is PASSED

2021-11-18 08:26:02 - [MESSAGE][PASSED] - Starting app with application ID: 'id.co.miraeasset.navi'

2021-11-18 08:26:02 - [MESSAGE][PASSED] - startApp.OpenApp.startApplication is PASSED

2021-11-18 08:26:02 - [MESSAGE][PASSED] - Call Test Case 'Test Cases/Mobile/Page/Run App/Run App byID' successfully

2021-11-18 08:26:02 - [TEST_STEP][PASSED] - callTestCase(findTestCase("Mobile/Page/Transaction/Transaction"), ["page":"notification", "tab":"transaction", "action":"detail"], CONTINUE_ON_FAILURE): Call Test Case 'Test Cases/Mobile/Page/Transaction/Transaction' successfully

2021-11-18 08:26:02 - [TEST_CASE][PASSED] - Test Cases/Mobile/Page/Transaction/Transaction: Test Cases/Mobile/Page/Transaction/Transaction

2021-11-18 08:26:02 - [TEST_STEP][PASSED] - delay(5): Delayed 5 second(s)

2021-11-18 08:26:07 - [MESSAGE][PASSED] - Delayed 5 second(s)

2021-11-18 08:26:07 - [TEST_STEP][PASSED] - loginCheck = verifyElementExist(findTestObject("Object Repository/Mobile/Page/Dashboard/Button - Login"), 2, CONTINUE_ON_FAILURE): Element 'Object Repository/Mobile/Page/Dashboard/Button - Login' is exist

2021-11-18 08:26:07 - [MESSAGE][PASSED] - Element 'Object Repository/Mobile/Page/Dashboard/Button - Login' is exist

2021-11-18 08:26:07 - [TEST_STEP][PASSED] - if (loginCheck): Call Test Case 'Test Cases/Mobile/Page/Login/Login' successfully

2021-11-18 08:26:07 - [TEST_STEP][PASSED] - callTestCase(findTestCase("Mobile/Page/Login/Login"), ["isLogin":0]): Call Test Case 'Test Cases/Mobile/Page/Login/Login' successfully

2021-11-18 08:26:07 - [TEST_CASE][PASSED] - Test Cases/Mobile/Page/Login/Login: Test Cases/Mobile/Page/Login/Login

2021-11-18 08:26:07 - [TEST_STEP][PASSED] - if (isLogin == 0): Tapped on element 'Object Repository/Mobile/Page/Dashboard/Button - Login'

2021-11-18 08:26:07 - [TEST_STEP][PASSED] - tap(findTestObject("Mobile/Page/Dashboard/Button - Login"), 0): Tapped on element 'Object Repository/Mobile/Page/Dashboard/Button - Login'

2021-11-18 08:26:07 - [MESSAGE][WARNING] - Timeout '0' is invalid. Using default page load timeout: '60'

2021-11-18 08:26:07 - [MESSAGE][PASSED] - Tapped on element 'Object Repository/Mobile/Page/Dashboard/Button - Login'

2021-11-18 08:26:07 - [TEST_STEP][PASSED] - tap(findTestObject("Mobile/Page/Login/Tap - UserID or Email"), 0): Tapped on element 'Object Repository/Mobile/Page/Login/Tap - UserID or Email'

2021-11-18 08:26:08 - [MESSAGE][WARNING] - Timeout '0' is invalid. Using default page load timeout: '60'

2021-11-18 08:26:10 - [MESSAGE][PASSED] - Tapped on element 'Object Repository/Mobile/Page/Login/Tap - UserID or Email'

2021-11-18 08:26:10 - [TEST_STEP][PASSED] - delay(3): Delayed 3 second(s)

2021-11-18 08:26:13 - [MESSAGE][PASSED] - Delayed 3 second(s)

2021-11-18 08:26:13 - [TEST_STEP][PASSED] - setText(findTestObject("Mobile/Page/Login/Input - UserID or Email"), "ady.pangerang@gmail.com", 0): Text 'ady.pangerang@gmail.com' has been set to element 'Object Repository/Mobile/Page/Login/Input - UserID or Email'

2021-11-18 08:26:13 - [MESSAGE][WARNING] - Timeout '0' is invalid. Using default page load timeout: '60'

2021-11-18 08:26:14 - [MESSAGE][PASSED] - Text 'ady.pangerang@gmail.com' has been set to element 'Object Repository/Mobile/Page/Login/Input - UserID or Email'

2021-11-18 08:26:14 - [TEST_STEP][PASSED] - delay(1): Delayed 1 second(s)

2021-11-18 08:26:15 - [MESSAGE][PASSED] - Delayed 1 second(s)

2021-11-18 08:26:15 - [TEST_STEP][PASSED] - hideKeyboard(): Keyboard is hidden

2021-11-18 08:26:18 - [MESSAGE][PASSED] - Keyboard is hidden

2021-11-18 08:26:19 - [TEST_STEP][PASSED] - delay(1): Delayed 1 second(s)

2021-11-18 08:26:20 - [MESSAGE][PASSED] - Delayed 1 second(s)

2021-11-18 08:26:20 - [TEST_STEP][PASSED] - tap(findTestObject("Mobile/Page/Login/Tap - Password 2"), 0): Tapped on element 'Object Repository/Mobile/Page/Login/Tap - Password 2'

2021-11-18 08:26:20 - [MESSAGE][WARNING] - Timeout '0' is invalid. Using default page load timeout: '60'

2021-11-18 08:26:20 - [MESSAGE][PASSED] - Tapped on element 'Object Repository/Mobile/Page/Login/Tap - Password 2'

2021-11-18 08:26:20 - [TEST_STEP][PASSED] - delay(3): Delayed 3 second(s)

2021-11-18 08:26:23 - [MESSAGE][PASSED] - Delayed 3 second(s)

2021-11-18 08:26:23 - [TEST_STEP][PASSED] - setText(findTestObject("Mobile/Page/Login/Tap - Password 2"), "Mirae1234", 0): Text 'Mirae1234' has been set to element 'Object Repository/Mobile/Page/Login/Tap - Password 2'

2021-11-18 08:26:23 - [MESSAGE][WARNING] - Timeout '0' is invalid. Using default page load timeout: '60'

2021-11-18 08:26:24 - [MESSAGE][PASSED] - Text 'Mirae1234' has been set to element 'Object Repository/Mobile/Page/Login/Tap - Password 2'

2021-11-18 08:26:24 - [TEST_STEP][PASSED] - delay(1): Delayed 1 second(s)

2021-11-18 08:26:25 - [MESSAGE][PASSED] - Delayed 1 second(s)

2021-11-18 08:26:25 - [TEST_STEP][PASSED] - hideKeyboard(): Keyboard is hidden

2021-11-18 08:26:31 - [MESSAGE][PASSED] - Keyboard is hidden

2021-11-18 08:26:31 - [TEST_STEP][PASSED] - delay(1): Delayed 1 second(s)

2021-11-18 08:26:32 - [MESSAGE][PASSED] - Delayed 1 second(s)

2021-11-18 08:26:32 - [TEST_STEP][PASSED] - tap(findTestObject("Mobile/Page/Login/Button - Sign In"), 0): Tapped on element 'Object Repository/Mobile/Page/Login/Button - Sign In'

2021-11-18 08:26:32 - [MESSAGE][WARNING] - Timeout '0' is invalid. Using default page load timeout: '60'

2021-11-18 08:26:33 - [MESSAGE][PASSED] - Tapped on element 'Object Repository/Mobile/Page/Login/Button - Sign In'

2021-11-18 08:26:33 - [MESSAGE][PASSED] - Call Test Case 'Test Cases/Mobile/Page/Login/Login' successfully

2021-11-18 08:26:33 - [TEST_STEP][PASSED] - if (page == "cart"): null

2021-11-18 08:26:33 - [TEST_STEP][PASSED] - tap(findTestObject("Object Repository/Mobile/Page/Transaction/Button - Menubar Transaction"), 0): Tapped on element 'Object Repository/Mobile/Page/Transaction/Button - Menubar Transaction'

2021-11-18 08:26:33 - [MESSAGE][WARNING] - Timeout '0' is invalid. Using default page load timeout: '60'

2021-11-18 08:26:34 - [MESSAGE][PASSED] - Tapped on element 'Object Repository/Mobile/Page/Transaction/Button - Menubar Transaction'

2021-11-18 08:26:34 - [TEST_STEP][PASSED] - delay(1): Delayed 1 second(s)

2021-11-18 08:26:35 - [MESSAGE][PASSED] - Delayed 1 second(s)

2021-11-18 08:26:35 - [TEST_STEP][PASSED] - if (page == "onprocess"): null

2021-11-18 08:26:35 - [TEST_STEP][PASSED] - else if (page == "history"): null

2021-11-18 08:26:35 - [TEST_STEP][PASSED] - else if (page == "cart"): null

2021-11-18 08:26:35 - [TEST_STEP][PASSED] - else if (page == "notification"): Delayed 1 second(s)

2021-11-18 08:26:35 - [TEST_STEP][PASSED] - tapAndHold(findTestObject("Mobile/Page/Transaction/Button - Icon Notification"), 1, 0): Tapped and held on element 'Object Repository/Mobile/Page/Transaction/Button - Icon Notification' with duration 1

2021-11-18 08:26:35 - [MESSAGE][WARNING] - Timeout '0' is invalid. Using default page load timeout: '60'

2021-11-18 08:26:38 - [MESSAGE][PASSED] - Tapped and held on element 'Object Repository/Mobile/Page/Transaction/Button - Icon Notification' with duration 1

2021-11-18 08:26:38 - [TEST_STEP][PASSED] - delay(3): Delayed 3 second(s)

2021-11-18 08:26:41 - [MESSAGE][PASSED] - Delayed 3 second(s)

2021-11-18 08:26:41 - [TEST_STEP][PASSED] - if (action == "profile"): null

2021-11-18 08:26:41 - [TEST_STEP][PASSED] - delay(1): Delayed 1 second(s)

2021-11-18 08:26:42 - [MESSAGE][PASSED] - Delayed 1 second(s)

2021-11-18 08:26:42 - [MESSAGE][PASSED] - Call Test Case 'Test Cases/Mobile/Page/Transaction/Transaction' successfully

2021-11-18 08:26:42 - [TEST_STEP][PASSED] - callTestCase(findTestCase("Mobile/Page/Run App/Terminate App"), [:], STOP_ON_FAILURE): Call Test Case 'Test Cases/Mobile/Page/Run App/Terminate App' successfully

2021-11-18 08:26:42 - [TEST_CASE][PASSED] - Test Cases/Mobile/Page/Run App/Terminate App: Test Cases/Mobile/Page/Run App/Terminate App

2021-11-18 08:26:43 - [TEST_STEP][PASSED] - startApp.OpenApp.terminateApplication(): startApp.OpenApp.terminateApplication is PASSED

2021-11-18 08:26:46 - [MESSAGE][PASSED] - Delayed 3 second(s)

2021-11-18 08:26:46 - [MESSAGE][PASSED] - Current device physical width is 720

2021-11-18 08:26:46 - [MESSAGE][PASSED] - Current device physical height is 1423

2021-11-18 08:26:48 - [MESSAGE][PASSED] - Swiped from 360,853 to 360,142

2021-11-18 08:26:49 - [MESSAGE][PASSED] - Delayed 1 second(s)

2021-11-18 08:26:50 - [MESSAGE][PASSED] - Swiped from 360,853 to 360,142

2021-11-18 08:26:53 - [MESSAGE][PASSED] - Delayed 3 second(s)

2021-11-18 08:26:53 - [MESSAGE][PASSED] - startApp.OpenApp.terminateApplication is PASSED

2021-11-18 08:26:53 - [MESSAGE][PASSED] - Call Test Case 'Test Cases/Mobile/Page/Run App/Terminate App' successfully]]></system-out>
         <system-err><![CDATA[]]></system-err>
      </testcase>
      <testcase name="Test Cases/Mobile/Scenario/Transaction/017 - Melihat notifikasi berdasarkan kategori Promo" time="66.992" classname="Test Cases/Mobile/Scenario/Transaction/017 - Melihat notifikasi berdasarkan kategori Promo" status="PASSED">
         <system-out><![CDATA[2021-11-18 08:26:53 - [TEST_CASE][PASSED] - Test Cases/Mobile/Scenario/Transaction/017 - Melihat notifikasi berdasarkan kategori Promo: Test Cases/Mobile/Scenario/Transaction/017 - Melihat notifikasi berdasarkan kategori Promo

2021-11-18 08:26:53 - [TEST_STEP][PASSED] - callTestCase(findTestCase("Mobile/Page/Run App/Run App byID"), [:], STOP_ON_FAILURE): Call Test Case 'Test Cases/Mobile/Page/Run App/Run App byID' successfully

2021-11-18 08:26:53 - [TEST_CASE][PASSED] - Test Cases/Mobile/Page/Run App/Run App byID: Test Cases/Mobile/Page/Run App/Run App byID

2021-11-18 08:26:53 - [TEST_STEP][PASSED] - startApp.OpenApp.startApplication("id.co.miraeasset.navi"): startApp.OpenApp.startApplication is PASSED

2021-11-18 08:27:06 - [MESSAGE][PASSED] - Starting app with application ID: 'id.co.miraeasset.navi'

2021-11-18 08:27:06 - [MESSAGE][PASSED] - startApp.OpenApp.startApplication is PASSED

2021-11-18 08:27:06 - [MESSAGE][PASSED] - Call Test Case 'Test Cases/Mobile/Page/Run App/Run App byID' successfully

2021-11-18 08:27:06 - [TEST_STEP][PASSED] - callTestCase(findTestCase("Mobile/Page/Transaction/Transaction"), ["page":"notification", "tab":"promo", "action":"detail"], CONTINUE_ON_FAILURE): Call Test Case 'Test Cases/Mobile/Page/Transaction/Transaction' successfully

2021-11-18 08:27:06 - [TEST_CASE][PASSED] - Test Cases/Mobile/Page/Transaction/Transaction: Test Cases/Mobile/Page/Transaction/Transaction

2021-11-18 08:27:06 - [TEST_STEP][PASSED] - delay(5): Delayed 5 second(s)

2021-11-18 08:27:11 - [MESSAGE][PASSED] - Delayed 5 second(s)

2021-11-18 08:27:11 - [TEST_STEP][PASSED] - loginCheck = verifyElementExist(findTestObject("Object Repository/Mobile/Page/Dashboard/Button - Login"), 2, CONTINUE_ON_FAILURE): Element 'Object Repository/Mobile/Page/Dashboard/Button - Login' is exist

2021-11-18 08:27:12 - [MESSAGE][PASSED] - Element 'Object Repository/Mobile/Page/Dashboard/Button - Login' is exist

2021-11-18 08:27:12 - [TEST_STEP][PASSED] - if (loginCheck): Call Test Case 'Test Cases/Mobile/Page/Login/Login' successfully

2021-11-18 08:27:12 - [TEST_STEP][PASSED] - callTestCase(findTestCase("Mobile/Page/Login/Login"), ["isLogin":0]): Call Test Case 'Test Cases/Mobile/Page/Login/Login' successfully

2021-11-18 08:27:12 - [TEST_CASE][PASSED] - Test Cases/Mobile/Page/Login/Login: Test Cases/Mobile/Page/Login/Login

2021-11-18 08:27:12 - [TEST_STEP][PASSED] - if (isLogin == 0): Tapped on element 'Object Repository/Mobile/Page/Dashboard/Button - Login'

2021-11-18 08:27:12 - [TEST_STEP][PASSED] - tap(findTestObject("Mobile/Page/Dashboard/Button - Login"), 0): Tapped on element 'Object Repository/Mobile/Page/Dashboard/Button - Login'

2021-11-18 08:27:12 - [MESSAGE][WARNING] - Timeout '0' is invalid. Using default page load timeout: '60'

2021-11-18 08:27:13 - [MESSAGE][PASSED] - Tapped on element 'Object Repository/Mobile/Page/Dashboard/Button - Login'

2021-11-18 08:27:13 - [TEST_STEP][PASSED] - tap(findTestObject("Mobile/Page/Login/Tap - UserID or Email"), 0): Tapped on element 'Object Repository/Mobile/Page/Login/Tap - UserID or Email'

2021-11-18 08:27:13 - [MESSAGE][WARNING] - Timeout '0' is invalid. Using default page load timeout: '60'

2021-11-18 08:27:15 - [MESSAGE][PASSED] - Tapped on element 'Object Repository/Mobile/Page/Login/Tap - UserID or Email'

2021-11-18 08:27:15 - [TEST_STEP][PASSED] - delay(3): Delayed 3 second(s)

2021-11-18 08:27:18 - [MESSAGE][PASSED] - Delayed 3 second(s)

2021-11-18 08:27:18 - [TEST_STEP][PASSED] - setText(findTestObject("Mobile/Page/Login/Input - UserID or Email"), "ady.pangerang@gmail.com", 0): Text 'ady.pangerang@gmail.com' has been set to element 'Object Repository/Mobile/Page/Login/Input - UserID or Email'

2021-11-18 08:27:18 - [MESSAGE][WARNING] - Timeout '0' is invalid. Using default page load timeout: '60'

2021-11-18 08:27:19 - [MESSAGE][PASSED] - Text 'ady.pangerang@gmail.com' has been set to element 'Object Repository/Mobile/Page/Login/Input - UserID or Email'

2021-11-18 08:27:19 - [TEST_STEP][PASSED] - delay(1): Delayed 1 second(s)

2021-11-18 08:27:20 - [MESSAGE][PASSED] - Delayed 1 second(s)

2021-11-18 08:27:20 - [TEST_STEP][PASSED] - hideKeyboard(): Keyboard is hidden

2021-11-18 08:27:24 - [MESSAGE][PASSED] - Keyboard is hidden

2021-11-18 08:27:24 - [TEST_STEP][PASSED] - delay(1): Delayed 1 second(s)

2021-11-18 08:27:25 - [MESSAGE][PASSED] - Delayed 1 second(s)

2021-11-18 08:27:25 - [TEST_STEP][PASSED] - tap(findTestObject("Mobile/Page/Login/Tap - Password 2"), 0): Tapped on element 'Object Repository/Mobile/Page/Login/Tap - Password 2'

2021-11-18 08:27:25 - [MESSAGE][WARNING] - Timeout '0' is invalid. Using default page load timeout: '60'

2021-11-18 08:27:25 - [MESSAGE][PASSED] - Tapped on element 'Object Repository/Mobile/Page/Login/Tap - Password 2'

2021-11-18 08:27:25 - [TEST_STEP][PASSED] - delay(3): Delayed 3 second(s)

2021-11-18 08:27:28 - [MESSAGE][PASSED] - Delayed 3 second(s)

2021-11-18 08:27:28 - [TEST_STEP][PASSED] - setText(findTestObject("Mobile/Page/Login/Tap - Password 2"), "Mirae1234", 0): Text 'Mirae1234' has been set to element 'Object Repository/Mobile/Page/Login/Tap - Password 2'

2021-11-18 08:27:28 - [MESSAGE][WARNING] - Timeout '0' is invalid. Using default page load timeout: '60'

2021-11-18 08:27:29 - [MESSAGE][PASSED] - Text 'Mirae1234' has been set to element 'Object Repository/Mobile/Page/Login/Tap - Password 2'

2021-11-18 08:27:29 - [TEST_STEP][PASSED] - delay(1): Delayed 1 second(s)

2021-11-18 08:27:30 - [MESSAGE][PASSED] - Delayed 1 second(s)

2021-11-18 08:27:30 - [TEST_STEP][PASSED] - hideKeyboard(): Keyboard is hidden

2021-11-18 08:27:36 - [MESSAGE][PASSED] - Keyboard is hidden

2021-11-18 08:27:36 - [TEST_STEP][PASSED] - delay(1): Delayed 1 second(s)

2021-11-18 08:27:37 - [MESSAGE][PASSED] - Delayed 1 second(s)

2021-11-18 08:27:37 - [TEST_STEP][PASSED] - tap(findTestObject("Mobile/Page/Login/Button - Sign In"), 0): Tapped on element 'Object Repository/Mobile/Page/Login/Button - Sign In'

2021-11-18 08:27:37 - [MESSAGE][WARNING] - Timeout '0' is invalid. Using default page load timeout: '60'

2021-11-18 08:27:38 - [MESSAGE][PASSED] - Tapped on element 'Object Repository/Mobile/Page/Login/Button - Sign In'

2021-11-18 08:27:38 - [MESSAGE][PASSED] - Call Test Case 'Test Cases/Mobile/Page/Login/Login' successfully

2021-11-18 08:27:38 - [TEST_STEP][PASSED] - if (page == "cart"): null

2021-11-18 08:27:38 - [TEST_STEP][PASSED] - tap(findTestObject("Object Repository/Mobile/Page/Transaction/Button - Menubar Transaction"), 0): Tapped on element 'Object Repository/Mobile/Page/Transaction/Button - Menubar Transaction'

2021-11-18 08:27:38 - [MESSAGE][WARNING] - Timeout '0' is invalid. Using default page load timeout: '60'

2021-11-18 08:27:40 - [MESSAGE][PASSED] - Tapped on element 'Object Repository/Mobile/Page/Transaction/Button - Menubar Transaction'

2021-11-18 08:27:40 - [TEST_STEP][PASSED] - delay(1): Delayed 1 second(s)

2021-11-18 08:27:41 - [MESSAGE][PASSED] - Delayed 1 second(s)

2021-11-18 08:27:41 - [TEST_STEP][PASSED] - if (page == "onprocess"): null

2021-11-18 08:27:41 - [TEST_STEP][PASSED] - else if (page == "history"): null

2021-11-18 08:27:41 - [TEST_STEP][PASSED] - else if (page == "cart"): null

2021-11-18 08:27:41 - [TEST_STEP][PASSED] - else if (page == "notification"): Delayed 1 second(s)

2021-11-18 08:27:41 - [TEST_STEP][PASSED] - tapAndHold(findTestObject("Mobile/Page/Transaction/Button - Icon Notification"), 1, 0): Tapped and held on element 'Object Repository/Mobile/Page/Transaction/Button - Icon Notification' with duration 1

2021-11-18 08:27:41 - [MESSAGE][WARNING] - Timeout '0' is invalid. Using default page load timeout: '60'

2021-11-18 08:27:44 - [MESSAGE][PASSED] - Tapped and held on element 'Object Repository/Mobile/Page/Transaction/Button - Icon Notification' with duration 1

2021-11-18 08:27:44 - [TEST_STEP][PASSED] - delay(3): Delayed 3 second(s)

2021-11-18 08:27:47 - [MESSAGE][PASSED] - Delayed 3 second(s)

2021-11-18 08:27:47 - [TEST_STEP][PASSED] - if (action == "profile"): null

2021-11-18 08:27:47 - [TEST_STEP][PASSED] - delay(1): Delayed 1 second(s)

2021-11-18 08:27:48 - [MESSAGE][PASSED] - Delayed 1 second(s)

2021-11-18 08:27:48 - [MESSAGE][PASSED] - Call Test Case 'Test Cases/Mobile/Page/Transaction/Transaction' successfully

2021-11-18 08:27:48 - [TEST_STEP][PASSED] - callTestCase(findTestCase("Mobile/Page/Run App/Terminate App"), [:], STOP_ON_FAILURE): Call Test Case 'Test Cases/Mobile/Page/Run App/Terminate App' successfully

2021-11-18 08:27:48 - [TEST_CASE][PASSED] - Test Cases/Mobile/Page/Run App/Terminate App: Test Cases/Mobile/Page/Run App/Terminate App

2021-11-18 08:27:48 - [TEST_STEP][PASSED] - startApp.OpenApp.terminateApplication(): startApp.OpenApp.terminateApplication is PASSED

2021-11-18 08:27:52 - [MESSAGE][PASSED] - Delayed 3 second(s)

2021-11-18 08:27:53 - [MESSAGE][PASSED] - Current device physical width is 720

2021-11-18 08:27:53 - [MESSAGE][PASSED] - Current device physical height is 1423

2021-11-18 08:27:55 - [MESSAGE][PASSED] - Swiped from 360,853 to 360,142

2021-11-18 08:27:56 - [MESSAGE][PASSED] - Delayed 1 second(s)

2021-11-18 08:27:57 - [MESSAGE][PASSED] - Swiped from 360,853 to 360,142

2021-11-18 08:28:00 - [MESSAGE][PASSED] - Delayed 3 second(s)

2021-11-18 08:28:00 - [MESSAGE][PASSED] - startApp.OpenApp.terminateApplication is PASSED

2021-11-18 08:28:00 - [MESSAGE][PASSED] - Call Test Case 'Test Cases/Mobile/Page/Run App/Terminate App' successfully]]></system-out>
         <system-err><![CDATA[]]></system-err>
      </testcase>
      <testcase name="Test Cases/Mobile/Scenario/Transaction/018 - Melihat notifikasi berdasarkan kategori Event" time="65.307" classname="Test Cases/Mobile/Scenario/Transaction/018 - Melihat notifikasi berdasarkan kategori Event" status="PASSED">
         <system-out><![CDATA[2021-11-18 08:28:00 - [TEST_CASE][PASSED] - Test Cases/Mobile/Scenario/Transaction/018 - Melihat notifikasi berdasarkan kategori Event: Test Cases/Mobile/Scenario/Transaction/018 - Melihat notifikasi berdasarkan kategori Event

2021-11-18 08:28:00 - [TEST_STEP][PASSED] - callTestCase(findTestCase("Mobile/Page/Run App/Run App byID"), [:], STOP_ON_FAILURE): Call Test Case 'Test Cases/Mobile/Page/Run App/Run App byID' successfully

2021-11-18 08:28:00 - [TEST_CASE][PASSED] - Test Cases/Mobile/Page/Run App/Run App byID: Test Cases/Mobile/Page/Run App/Run App byID

2021-11-18 08:28:00 - [TEST_STEP][PASSED] - startApp.OpenApp.startApplication("id.co.miraeasset.navi"): startApp.OpenApp.startApplication is PASSED

2021-11-18 08:28:13 - [MESSAGE][PASSED] - Starting app with application ID: 'id.co.miraeasset.navi'

2021-11-18 08:28:13 - [MESSAGE][PASSED] - startApp.OpenApp.startApplication is PASSED

2021-11-18 08:28:13 - [MESSAGE][PASSED] - Call Test Case 'Test Cases/Mobile/Page/Run App/Run App byID' successfully

2021-11-18 08:28:13 - [TEST_STEP][PASSED] - callTestCase(findTestCase("Mobile/Page/Transaction/Transaction"), ["page":"notification", "tab":"event", "action":"detail"], CONTINUE_ON_FAILURE): Call Test Case 'Test Cases/Mobile/Page/Transaction/Transaction' successfully

2021-11-18 08:28:14 - [TEST_CASE][PASSED] - Test Cases/Mobile/Page/Transaction/Transaction: Test Cases/Mobile/Page/Transaction/Transaction

2021-11-18 08:28:14 - [TEST_STEP][PASSED] - delay(5): Delayed 5 second(s)

2021-11-18 08:28:19 - [MESSAGE][PASSED] - Delayed 5 second(s)

2021-11-18 08:28:19 - [TEST_STEP][PASSED] - loginCheck = verifyElementExist(findTestObject("Object Repository/Mobile/Page/Dashboard/Button - Login"), 2, CONTINUE_ON_FAILURE): Element 'Object Repository/Mobile/Page/Dashboard/Button - Login' is exist

2021-11-18 08:28:19 - [MESSAGE][PASSED] - Element 'Object Repository/Mobile/Page/Dashboard/Button - Login' is exist

2021-11-18 08:28:19 - [TEST_STEP][PASSED] - if (loginCheck): Call Test Case 'Test Cases/Mobile/Page/Login/Login' successfully

2021-11-18 08:28:19 - [TEST_STEP][PASSED] - callTestCase(findTestCase("Mobile/Page/Login/Login"), ["isLogin":0]): Call Test Case 'Test Cases/Mobile/Page/Login/Login' successfully

2021-11-18 08:28:19 - [TEST_CASE][PASSED] - Test Cases/Mobile/Page/Login/Login: Test Cases/Mobile/Page/Login/Login

2021-11-18 08:28:19 - [TEST_STEP][PASSED] - if (isLogin == 0): Tapped on element 'Object Repository/Mobile/Page/Dashboard/Button - Login'

2021-11-18 08:28:19 - [TEST_STEP][PASSED] - tap(findTestObject("Mobile/Page/Dashboard/Button - Login"), 0): Tapped on element 'Object Repository/Mobile/Page/Dashboard/Button - Login'

2021-11-18 08:28:19 - [MESSAGE][WARNING] - Timeout '0' is invalid. Using default page load timeout: '60'

2021-11-18 08:28:19 - [MESSAGE][PASSED] - Tapped on element 'Object Repository/Mobile/Page/Dashboard/Button - Login'

2021-11-18 08:28:19 - [TEST_STEP][PASSED] - tap(findTestObject("Mobile/Page/Login/Tap - UserID or Email"), 0): Tapped on element 'Object Repository/Mobile/Page/Login/Tap - UserID or Email'

2021-11-18 08:28:19 - [MESSAGE][WARNING] - Timeout '0' is invalid. Using default page load timeout: '60'

2021-11-18 08:28:21 - [MESSAGE][PASSED] - Tapped on element 'Object Repository/Mobile/Page/Login/Tap - UserID or Email'

2021-11-18 08:28:21 - [TEST_STEP][PASSED] - delay(3): Delayed 3 second(s)

2021-11-18 08:28:24 - [MESSAGE][PASSED] - Delayed 3 second(s)

2021-11-18 08:28:24 - [TEST_STEP][PASSED] - setText(findTestObject("Mobile/Page/Login/Input - UserID or Email"), "ady.pangerang@gmail.com", 0): Text 'ady.pangerang@gmail.com' has been set to element 'Object Repository/Mobile/Page/Login/Input - UserID or Email'

2021-11-18 08:28:24 - [MESSAGE][WARNING] - Timeout '0' is invalid. Using default page load timeout: '60'

2021-11-18 08:28:25 - [MESSAGE][PASSED] - Text 'ady.pangerang@gmail.com' has been set to element 'Object Repository/Mobile/Page/Login/Input - UserID or Email'

2021-11-18 08:28:25 - [TEST_STEP][PASSED] - delay(1): Delayed 1 second(s)

2021-11-18 08:28:26 - [MESSAGE][PASSED] - Delayed 1 second(s)

2021-11-18 08:28:26 - [TEST_STEP][PASSED] - hideKeyboard(): Keyboard is hidden

2021-11-18 08:28:30 - [MESSAGE][PASSED] - Keyboard is hidden

2021-11-18 08:28:30 - [TEST_STEP][PASSED] - delay(1): Delayed 1 second(s)

2021-11-18 08:28:31 - [MESSAGE][PASSED] - Delayed 1 second(s)

2021-11-18 08:28:31 - [TEST_STEP][PASSED] - tap(findTestObject("Mobile/Page/Login/Tap - Password 2"), 0): Tapped on element 'Object Repository/Mobile/Page/Login/Tap - Password 2'

2021-11-18 08:28:31 - [MESSAGE][WARNING] - Timeout '0' is invalid. Using default page load timeout: '60'

2021-11-18 08:28:32 - [MESSAGE][PASSED] - Tapped on element 'Object Repository/Mobile/Page/Login/Tap - Password 2'

2021-11-18 08:28:32 - [TEST_STEP][PASSED] - delay(3): Delayed 3 second(s)

2021-11-18 08:28:35 - [MESSAGE][PASSED] - Delayed 3 second(s)

2021-11-18 08:28:35 - [TEST_STEP][PASSED] - setText(findTestObject("Mobile/Page/Login/Tap - Password 2"), "Mirae1234", 0): Text 'Mirae1234' has been set to element 'Object Repository/Mobile/Page/Login/Tap - Password 2'

2021-11-18 08:28:35 - [MESSAGE][WARNING] - Timeout '0' is invalid. Using default page load timeout: '60'

2021-11-18 08:28:35 - [MESSAGE][PASSED] - Text 'Mirae1234' has been set to element 'Object Repository/Mobile/Page/Login/Tap - Password 2'

2021-11-18 08:28:35 - [TEST_STEP][PASSED] - delay(1): Delayed 1 second(s)

2021-11-18 08:28:36 - [MESSAGE][PASSED] - Delayed 1 second(s)

2021-11-18 08:28:36 - [TEST_STEP][PASSED] - hideKeyboard(): Keyboard is hidden

2021-11-18 08:28:42 - [MESSAGE][PASSED] - Keyboard is hidden

2021-11-18 08:28:42 - [TEST_STEP][PASSED] - delay(1): Delayed 1 second(s)

2021-11-18 08:28:43 - [MESSAGE][PASSED] - Delayed 1 second(s)

2021-11-18 08:28:43 - [TEST_STEP][PASSED] - tap(findTestObject("Mobile/Page/Login/Button - Sign In"), 0): Tapped on element 'Object Repository/Mobile/Page/Login/Button - Sign In'

2021-11-18 08:28:44 - [MESSAGE][WARNING] - Timeout '0' is invalid. Using default page load timeout: '60'

2021-11-18 08:28:44 - [MESSAGE][PASSED] - Tapped on element 'Object Repository/Mobile/Page/Login/Button - Sign In'

2021-11-18 08:28:44 - [MESSAGE][PASSED] - Call Test Case 'Test Cases/Mobile/Page/Login/Login' successfully

2021-11-18 08:28:44 - [TEST_STEP][PASSED] - if (page == "cart"): null

2021-11-18 08:28:44 - [TEST_STEP][PASSED] - tap(findTestObject("Object Repository/Mobile/Page/Transaction/Button - Menubar Transaction"), 0): Tapped on element 'Object Repository/Mobile/Page/Transaction/Button - Menubar Transaction'

2021-11-18 08:28:45 - [MESSAGE][WARNING] - Timeout '0' is invalid. Using default page load timeout: '60'

2021-11-18 08:28:46 - [MESSAGE][PASSED] - Tapped on element 'Object Repository/Mobile/Page/Transaction/Button - Menubar Transaction'

2021-11-18 08:28:46 - [TEST_STEP][PASSED] - delay(1): Delayed 1 second(s)

2021-11-18 08:28:47 - [MESSAGE][PASSED] - Delayed 1 second(s)

2021-11-18 08:28:47 - [TEST_STEP][PASSED] - if (page == "onprocess"): null

2021-11-18 08:28:47 - [TEST_STEP][PASSED] - else if (page == "history"): null

2021-11-18 08:28:47 - [TEST_STEP][PASSED] - else if (page == "cart"): null

2021-11-18 08:28:47 - [TEST_STEP][PASSED] - else if (page == "notification"): Delayed 1 second(s)

2021-11-18 08:28:47 - [TEST_STEP][PASSED] - tapAndHold(findTestObject("Mobile/Page/Transaction/Button - Icon Notification"), 1, 0): Tapped and held on element 'Object Repository/Mobile/Page/Transaction/Button - Icon Notification' with duration 1

2021-11-18 08:28:48 - [MESSAGE][WARNING] - Timeout '0' is invalid. Using default page load timeout: '60'

2021-11-18 08:28:50 - [MESSAGE][PASSED] - Tapped and held on element 'Object Repository/Mobile/Page/Transaction/Button - Icon Notification' with duration 1

2021-11-18 08:28:50 - [TEST_STEP][PASSED] - delay(3): Delayed 3 second(s)

2021-11-18 08:28:53 - [MESSAGE][PASSED] - Delayed 3 second(s)

2021-11-18 08:28:53 - [TEST_STEP][PASSED] - if (action == "profile"): null

2021-11-18 08:28:53 - [TEST_STEP][PASSED] - delay(1): Delayed 1 second(s)

2021-11-18 08:28:54 - [MESSAGE][PASSED] - Delayed 1 second(s)

2021-11-18 08:28:54 - [MESSAGE][PASSED] - Call Test Case 'Test Cases/Mobile/Page/Transaction/Transaction' successfully

2021-11-18 08:28:54 - [TEST_STEP][PASSED] - callTestCase(findTestCase("Mobile/Page/Run App/Terminate App"), [:], STOP_ON_FAILURE): Call Test Case 'Test Cases/Mobile/Page/Run App/Terminate App' successfully

2021-11-18 08:28:55 - [TEST_CASE][PASSED] - Test Cases/Mobile/Page/Run App/Terminate App: Test Cases/Mobile/Page/Run App/Terminate App

2021-11-18 08:28:55 - [TEST_STEP][PASSED] - startApp.OpenApp.terminateApplication(): startApp.OpenApp.terminateApplication is PASSED

2021-11-18 08:28:58 - [MESSAGE][PASSED] - Delayed 3 second(s)

2021-11-18 08:28:58 - [MESSAGE][PASSED] - Current device physical width is 720

2021-11-18 08:28:58 - [MESSAGE][PASSED] - Current device physical height is 1423

2021-11-18 08:29:00 - [MESSAGE][PASSED] - Swiped from 360,853 to 360,142

2021-11-18 08:29:01 - [MESSAGE][PASSED] - Delayed 1 second(s)

2021-11-18 08:29:02 - [MESSAGE][PASSED] - Swiped from 360,853 to 360,142

2021-11-18 08:29:05 - [MESSAGE][PASSED] - Delayed 3 second(s)

2021-11-18 08:29:05 - [MESSAGE][PASSED] - startApp.OpenApp.terminateApplication is PASSED

2021-11-18 08:29:05 - [MESSAGE][PASSED] - Call Test Case 'Test Cases/Mobile/Page/Run App/Terminate App' successfully]]></system-out>
         <system-err><![CDATA[]]></system-err>
      </testcase>
      <testcase name="Test Cases/Mobile/Scenario/Transaction/019 - Melihat notifikasi berdasarkan kategori Tips" time="74.056" classname="Test Cases/Mobile/Scenario/Transaction/019 - Melihat notifikasi berdasarkan kategori Tips" status="PASSED">
         <system-out><![CDATA[2021-11-18 08:29:05 - [TEST_CASE][PASSED] - Test Cases/Mobile/Scenario/Transaction/019 - Melihat notifikasi berdasarkan kategori Tips: Test Cases/Mobile/Scenario/Transaction/019 - Melihat notifikasi berdasarkan kategori Tips

2021-11-18 08:29:06 - [TEST_STEP][PASSED] - callTestCase(findTestCase("Mobile/Page/Run App/Run App byID"), [:], STOP_ON_FAILURE): Call Test Case 'Test Cases/Mobile/Page/Run App/Run App byID' successfully

2021-11-18 08:29:06 - [TEST_CASE][PASSED] - Test Cases/Mobile/Page/Run App/Run App byID: Test Cases/Mobile/Page/Run App/Run App byID

2021-11-18 08:29:06 - [TEST_STEP][PASSED] - startApp.OpenApp.startApplication("id.co.miraeasset.navi"): startApp.OpenApp.startApplication is PASSED

2021-11-18 08:29:22 - [MESSAGE][PASSED] - Starting app with application ID: 'id.co.miraeasset.navi'

2021-11-18 08:29:22 - [MESSAGE][PASSED] - startApp.OpenApp.startApplication is PASSED

2021-11-18 08:29:22 - [MESSAGE][PASSED] - Call Test Case 'Test Cases/Mobile/Page/Run App/Run App byID' successfully

2021-11-18 08:29:22 - [TEST_STEP][PASSED] - callTestCase(findTestCase("Mobile/Page/Transaction/Transaction"), ["page":"notification", "tab":"tips", "action":"detail"], CONTINUE_ON_FAILURE): Call Test Case 'Test Cases/Mobile/Page/Transaction/Transaction' successfully

2021-11-18 08:29:22 - [TEST_CASE][PASSED] - Test Cases/Mobile/Page/Transaction/Transaction: Test Cases/Mobile/Page/Transaction/Transaction

2021-11-18 08:29:22 - [TEST_STEP][PASSED] - delay(5): Delayed 5 second(s)

2021-11-18 08:29:27 - [MESSAGE][PASSED] - Delayed 5 second(s)

2021-11-18 08:29:27 - [TEST_STEP][PASSED] - loginCheck = verifyElementExist(findTestObject("Object Repository/Mobile/Page/Dashboard/Button - Login"), 2, CONTINUE_ON_FAILURE): Element 'Object Repository/Mobile/Page/Dashboard/Button - Login' is exist

2021-11-18 08:29:27 - [MESSAGE][PASSED] - Element 'Object Repository/Mobile/Page/Dashboard/Button - Login' is exist

2021-11-18 08:29:27 - [TEST_STEP][PASSED] - if (loginCheck): Call Test Case 'Test Cases/Mobile/Page/Login/Login' successfully

2021-11-18 08:29:27 - [TEST_STEP][PASSED] - callTestCase(findTestCase("Mobile/Page/Login/Login"), ["isLogin":0]): Call Test Case 'Test Cases/Mobile/Page/Login/Login' successfully

2021-11-18 08:29:27 - [TEST_CASE][PASSED] - Test Cases/Mobile/Page/Login/Login: Test Cases/Mobile/Page/Login/Login

2021-11-18 08:29:27 - [TEST_STEP][PASSED] - if (isLogin == 0): Tapped on element 'Object Repository/Mobile/Page/Dashboard/Button - Login'

2021-11-18 08:29:27 - [TEST_STEP][PASSED] - tap(findTestObject("Mobile/Page/Dashboard/Button - Login"), 0): Tapped on element 'Object Repository/Mobile/Page/Dashboard/Button - Login'

2021-11-18 08:29:27 - [MESSAGE][WARNING] - Timeout '0' is invalid. Using default page load timeout: '60'

2021-11-18 08:29:28 - [MESSAGE][PASSED] - Tapped on element 'Object Repository/Mobile/Page/Dashboard/Button - Login'

2021-11-18 08:29:28 - [TEST_STEP][PASSED] - tap(findTestObject("Mobile/Page/Login/Tap - UserID or Email"), 0): Tapped on element 'Object Repository/Mobile/Page/Login/Tap - UserID or Email'

2021-11-18 08:29:28 - [MESSAGE][WARNING] - Timeout '0' is invalid. Using default page load timeout: '60'

2021-11-18 08:29:30 - [MESSAGE][PASSED] - Tapped on element 'Object Repository/Mobile/Page/Login/Tap - UserID or Email'

2021-11-18 08:29:30 - [TEST_STEP][PASSED] - delay(3): Delayed 3 second(s)

2021-11-18 08:29:34 - [MESSAGE][PASSED] - Delayed 3 second(s)

2021-11-18 08:29:34 - [TEST_STEP][PASSED] - setText(findTestObject("Mobile/Page/Login/Input - UserID or Email"), "ady.pangerang@gmail.com", 0): Text 'ady.pangerang@gmail.com' has been set to element 'Object Repository/Mobile/Page/Login/Input - UserID or Email'

2021-11-18 08:29:34 - [MESSAGE][WARNING] - Timeout '0' is invalid. Using default page load timeout: '60'

2021-11-18 08:29:35 - [MESSAGE][PASSED] - Text 'ady.pangerang@gmail.com' has been set to element 'Object Repository/Mobile/Page/Login/Input - UserID or Email'

2021-11-18 08:29:35 - [TEST_STEP][PASSED] - delay(1): Delayed 1 second(s)

2021-11-18 08:29:36 - [MESSAGE][PASSED] - Delayed 1 second(s)

2021-11-18 08:29:36 - [TEST_STEP][PASSED] - hideKeyboard(): Keyboard is hidden

2021-11-18 08:29:41 - [MESSAGE][PASSED] - Keyboard is hidden

2021-11-18 08:29:41 - [TEST_STEP][PASSED] - delay(1): Delayed 1 second(s)

2021-11-18 08:29:42 - [MESSAGE][PASSED] - Delayed 1 second(s)

2021-11-18 08:29:42 - [TEST_STEP][PASSED] - tap(findTestObject("Mobile/Page/Login/Tap - Password 2"), 0): Tapped on element 'Object Repository/Mobile/Page/Login/Tap - Password 2'

2021-11-18 08:29:42 - [MESSAGE][WARNING] - Timeout '0' is invalid. Using default page load timeout: '60'

2021-11-18 08:29:42 - [MESSAGE][PASSED] - Tapped on element 'Object Repository/Mobile/Page/Login/Tap - Password 2'

2021-11-18 08:29:42 - [TEST_STEP][PASSED] - delay(3): Delayed 3 second(s)

2021-11-18 08:29:45 - [MESSAGE][PASSED] - Delayed 3 second(s)

2021-11-18 08:29:45 - [TEST_STEP][PASSED] - setText(findTestObject("Mobile/Page/Login/Tap - Password 2"), "Mirae1234", 0): Text 'Mirae1234' has been set to element 'Object Repository/Mobile/Page/Login/Tap - Password 2'

2021-11-18 08:29:45 - [MESSAGE][WARNING] - Timeout '0' is invalid. Using default page load timeout: '60'

2021-11-18 08:29:46 - [MESSAGE][PASSED] - Text 'Mirae1234' has been set to element 'Object Repository/Mobile/Page/Login/Tap - Password 2'

2021-11-18 08:29:46 - [TEST_STEP][PASSED] - delay(1): Delayed 1 second(s)

2021-11-18 08:29:47 - [MESSAGE][PASSED] - Delayed 1 second(s)

2021-11-18 08:29:47 - [TEST_STEP][PASSED] - hideKeyboard(): Keyboard is hidden

2021-11-18 08:29:53 - [MESSAGE][PASSED] - Keyboard is hidden

2021-11-18 08:29:53 - [TEST_STEP][PASSED] - delay(1): Delayed 1 second(s)

2021-11-18 08:29:54 - [MESSAGE][PASSED] - Delayed 1 second(s)

2021-11-18 08:29:54 - [TEST_STEP][PASSED] - tap(findTestObject("Mobile/Page/Login/Button - Sign In"), 0): Tapped on element 'Object Repository/Mobile/Page/Login/Button - Sign In'

2021-11-18 08:29:54 - [MESSAGE][WARNING] - Timeout '0' is invalid. Using default page load timeout: '60'

2021-11-18 08:29:56 - [MESSAGE][PASSED] - Tapped on element 'Object Repository/Mobile/Page/Login/Button - Sign In'

2021-11-18 08:29:56 - [MESSAGE][PASSED] - Call Test Case 'Test Cases/Mobile/Page/Login/Login' successfully

2021-11-18 08:29:56 - [TEST_STEP][PASSED] - if (page == "cart"): null

2021-11-18 08:29:56 - [TEST_STEP][PASSED] - tap(findTestObject("Object Repository/Mobile/Page/Transaction/Button - Menubar Transaction"), 0): Tapped on element 'Object Repository/Mobile/Page/Transaction/Button - Menubar Transaction'

2021-11-18 08:29:56 - [MESSAGE][WARNING] - Timeout '0' is invalid. Using default page load timeout: '60'

2021-11-18 08:30:01 - [MESSAGE][PASSED] - Tapped on element 'Object Repository/Mobile/Page/Transaction/Button - Menubar Transaction'

2021-11-18 08:30:01 - [TEST_STEP][PASSED] - delay(1): Delayed 1 second(s)

2021-11-18 08:30:02 - [MESSAGE][PASSED] - Delayed 1 second(s)

2021-11-18 08:30:02 - [TEST_STEP][PASSED] - if (page == "onprocess"): null

2021-11-18 08:30:02 - [TEST_STEP][PASSED] - else if (page == "history"): null

2021-11-18 08:30:02 - [TEST_STEP][PASSED] - else if (page == "cart"): null

2021-11-18 08:30:02 - [TEST_STEP][PASSED] - else if (page == "notification"): Delayed 1 second(s)

2021-11-18 08:30:02 - [TEST_STEP][PASSED] - tapAndHold(findTestObject("Mobile/Page/Transaction/Button - Icon Notification"), 1, 0): Tapped and held on element 'Object Repository/Mobile/Page/Transaction/Button - Icon Notification' with duration 1

2021-11-18 08:30:02 - [MESSAGE][WARNING] - Timeout '0' is invalid. Using default page load timeout: '60'

2021-11-18 08:30:05 - [MESSAGE][PASSED] - Tapped and held on element 'Object Repository/Mobile/Page/Transaction/Button - Icon Notification' with duration 1

2021-11-18 08:30:05 - [TEST_STEP][PASSED] - delay(3): Delayed 3 second(s)

2021-11-18 08:30:08 - [MESSAGE][PASSED] - Delayed 3 second(s)

2021-11-18 08:30:08 - [TEST_STEP][PASSED] - if (action == "profile"): null

2021-11-18 08:30:08 - [TEST_STEP][PASSED] - delay(1): Delayed 1 second(s)

2021-11-18 08:30:09 - [MESSAGE][PASSED] - Delayed 1 second(s)

2021-11-18 08:30:09 - [MESSAGE][PASSED] - Call Test Case 'Test Cases/Mobile/Page/Transaction/Transaction' successfully

2021-11-18 08:30:09 - [TEST_STEP][PASSED] - callTestCase(findTestCase("Mobile/Page/Run App/Terminate App"), [:], STOP_ON_FAILURE): Call Test Case 'Test Cases/Mobile/Page/Run App/Terminate App' successfully

2021-11-18 08:30:09 - [TEST_CASE][PASSED] - Test Cases/Mobile/Page/Run App/Terminate App: Test Cases/Mobile/Page/Run App/Terminate App

2021-11-18 08:30:09 - [TEST_STEP][PASSED] - startApp.OpenApp.terminateApplication(): startApp.OpenApp.terminateApplication is PASSED

2021-11-18 08:30:12 - [MESSAGE][PASSED] - Delayed 3 second(s)

2021-11-18 08:30:12 - [MESSAGE][PASSED] - Current device physical width is 720

2021-11-18 08:30:12 - [MESSAGE][PASSED] - Current device physical height is 1423

2021-11-18 08:30:14 - [MESSAGE][PASSED] - Swiped from 360,853 to 360,142

2021-11-18 08:30:15 - [MESSAGE][PASSED] - Delayed 1 second(s)

2021-11-18 08:30:16 - [MESSAGE][PASSED] - Swiped from 360,853 to 360,142

2021-11-18 08:30:19 - [MESSAGE][PASSED] - Delayed 3 second(s)

2021-11-18 08:30:19 - [MESSAGE][PASSED] - startApp.OpenApp.terminateApplication is PASSED

2021-11-18 08:30:19 - [MESSAGE][PASSED] - Call Test Case 'Test Cases/Mobile/Page/Run App/Terminate App' successfully]]></system-out>
         <system-err><![CDATA[]]></system-err>
      </testcase>
      <testcase name="Test Cases/Mobile/Scenario/Transaction/020 - Beli reksa dana melalui keranjang menggunakan Rekening Data Nasabah" time="140.489" classname="Test Cases/Mobile/Scenario/Transaction/020 - Beli reksa dana melalui keranjang menggunakan Rekening Data Nasabah" status="FAILED">
         <failure type="FAILED" message="Test Cases/Mobile/Scenario/Transaction/020 - Beli reksa dana melalui keranjang menggunakan Rekening Data Nasabah FAILED.
Reason:
com.kms.katalon.core.exception.StepFailedException: Call Test Case 'Test Cases/Mobile/Page/Transaction/Transaction' failed
	at com.kms.katalon.core.keyword.builtin.CallTestCaseKeyword$_callTestCase_closure1.doCall(CallTestCaseKeyword.groovy:63)
	at com.kms.katalon.core.keyword.builtin.CallTestCaseKeyword$_callTestCase_closure1.call(CallTestCaseKeyword.groovy)
	at com.kms.katalon.core.keyword.internal.KeywordMain.runKeyword(KeywordMain.groovy:68)
	at com.kms.katalon.core.keyword.builtin.CallTestCaseKeyword.callTestCase(CallTestCaseKeyword.groovy:81)
	at com.kms.katalon.core.keyword.builtin.CallTestCaseKeyword.execute(CallTestCaseKeyword.groovy:44)
	at com.kms.katalon.core.keyword.internal.KeywordExecutor.executeKeywordForPlatform(KeywordExecutor.groovy:73)
	at com.kms.katalon.core.keyword.BuiltinKeywords.callTestCase(BuiltinKeywords.groovy:334)
	at 020 - Beli reksa dana melalui keranjang menggunakan Rekening Data Nasabah.run(020 - Beli reksa dana melalui keranjang menggunakan Rekening Data Nasabah:22)
	at com.kms.katalon.core.main.ScriptEngine.run(ScriptEngine.java:194)
	at com.kms.katalon.core.main.ScriptEngine.runScriptAsRawText(ScriptEngine.java:119)
	at com.kms.katalon.core.main.TestCaseExecutor.runScript(TestCaseExecutor.java:398)
	at com.kms.katalon.core.main.TestCaseExecutor.doExecute(TestCaseExecutor.java:389)
	at com.kms.katalon.core.main.TestCaseExecutor.processExecutionPhase(TestCaseExecutor.java:368)
	at com.kms.katalon.core.main.TestCaseExecutor.accessMainPhase(TestCaseExecutor.java:360)
	at com.kms.katalon.core.main.TestCaseExecutor.execute(TestCaseExecutor.java:255)
	at com.kms.katalon.core.main.TestSuiteExecutor.accessTestCaseMainPhase(TestSuiteExecutor.java:203)
	at com.kms.katalon.core.main.TestSuiteExecutor.accessTestSuiteMainPhase(TestSuiteExecutor.java:152)
	at com.kms.katalon.core.main.TestSuiteExecutor.execute(TestSuiteExecutor.java:95)
	at com.kms.katalon.core.main.TestCaseMain.startTestSuite(TestCaseMain.java:157)
	at com.kms.katalon.core.main.TestCaseMain$startTestSuite$0.call(Unknown Source)
	at TempTestSuite1637197715028.run(TempTestSuite1637197715028.groovy:39)
Caused by: com.kms.katalon.core.exception.StepFailedException: Call Test Case 'Test Cases/Mobile/Page/Metode Pembayaran/Metode Pembayaran' failed
	at com.kms.katalon.core.keyword.builtin.CallTestCaseKeyword$_callTestCase_closure1.doCall(CallTestCaseKeyword.groovy:63)
	at com.kms.katalon.core.keyword.builtin.CallTestCaseKeyword$_callTestCase_closure1.call(CallTestCaseKeyword.groovy)
	at com.kms.katalon.core.keyword.internal.KeywordMain.runKeyword(KeywordMain.groovy:68)
	at com.kms.katalon.core.keyword.builtin.CallTestCaseKeyword.callTestCase(CallTestCaseKeyword.groovy:81)
	at com.kms.katalon.core.keyword.builtin.CallTestCaseKeyword.execute(CallTestCaseKeyword.groovy:44)
	at com.kms.katalon.core.keyword.internal.KeywordExecutor.executeKeywordForPlatform(KeywordExecutor.groovy:73)
	at com.kms.katalon.core.keyword.BuiltinKeywords.callTestCase(BuiltinKeywords.groovy:350)
	at Transaction.run(Transaction:102)
	at com.kms.katalon.core.main.ScriptEngine.run(ScriptEngine.java:194)
	at com.kms.katalon.core.main.ScriptEngine.runScriptAsRawText(ScriptEngine.java:119)
	at com.kms.katalon.core.main.TestCaseExecutor.runScript(TestCaseExecutor.java:398)
	at com.kms.katalon.core.main.TestCaseExecutor.doExecute(TestCaseExecutor.java:389)
	at com.kms.katalon.core.main.TestCaseExecutor.processExecutionPhase(TestCaseExecutor.java:368)
	at com.kms.katalon.core.main.TestCaseExecutor.accessMainPhase(TestCaseExecutor.java:360)
	at com.kms.katalon.core.main.TestCaseExecutor.execute(TestCaseExecutor.java:255)
	at com.kms.katalon.core.main.TestCaseMain.runTestCase(TestCaseMain.java:114)
	at com.kms.katalon.core.keyword.builtin.CallTestCaseKeyword$_callTestCase_closure1.doCall(CallTestCaseKeyword.groovy:59)
	... 20 more
Caused by: com.kms.katalon.core.exception.StepFailedException: Object Object Repository/Mobile/Page/Metode Pembayaran/Radio Button - Rekening Dana Nasabah not found
	at com.kms.katalon.core.mobile.helper.MobileElementCommonHelper.findElementWithCheck(MobileElementCommonHelper.java:159)
	at com.kms.katalon.core.mobile.helper.MobileElementCommonHelper.getElementTopPosition(MobileElementCommonHelper.java:357)
	at com.kms.katalon.core.mobile.keyword.builtin.GetElementTopPositionKeyword$_getElementTopPosition_closure1.doCall(GetElementTopPositionKeyword.groovy:70)
	at com.kms.katalon.core.mobile.keyword.builtin.GetElementTopPositionKeyword$_getElementTopPosition_closure1.call(GetElementTopPositionKeyword.groovy)
	at com.kms.katalon.core.mobile.keyword.internal.MobileKeywordMain.runKeywordAndReturnInt(MobileKeywordMain.groovy:30)
	at com.kms.katalon.core.mobile.keyword.builtin.GetElementTopPositionKeyword.getElementTopPosition(GetElementTopPositionKeyword.groovy:71)
	at com.kms.katalon.core.mobile.keyword.builtin.GetElementTopPositionKeyword.execute(GetElementTopPositionKeyword.groovy:64)
	at com.kms.katalon.core.keyword.internal.KeywordExecutor.executeKeywordForPlatform(KeywordExecutor.groovy:73)
	at com.kms.katalon.core.mobile.keyword.MobileBuiltInKeywords.getElementTopPosition(MobileBuiltInKeywords.groovy:2600)
	at com.kms.katalon.core.mobile.keyword.MobileBuiltInKeywords$getElementTopPosition$8.call(Unknown Source)
	at Metode Pembayaran.run(Metode Pembayaran:24)
	at com.kms.katalon.core.main.ScriptEngine.run(ScriptEngine.java:194)
	at com.kms.katalon.core.main.ScriptEngine.runScriptAsRawText(ScriptEngine.java:119)
	at com.kms.katalon.core.main.TestCaseExecutor.runScript(TestCaseExecutor.java:398)
	at com.kms.katalon.core.main.TestCaseExecutor.doExecute(TestCaseExecutor.java:389)
	at com.kms.katalon.core.main.TestCaseExecutor.processExecutionPhase(TestCaseExecutor.java:368)
	at com.kms.katalon.core.main.TestCaseExecutor.accessMainPhase(TestCaseExecutor.java:360)
	at com.kms.katalon.core.main.TestCaseExecutor.execute(TestCaseExecutor.java:255)
	at com.kms.katalon.core.main.TestCaseMain.runTestCase(TestCaseMain.java:114)
	at com.kms.katalon.core.keyword.builtin.CallTestCaseKeyword$_callTestCase_closure1.doCall(CallTestCaseKeyword.groovy:59)
	... 36 more
"/>
         <system-out><![CDATA[2021-11-18 08:30:19 - [TEST_CASE][FAILED] - Test Cases/Mobile/Scenario/Transaction/020 - Beli reksa dana melalui keranjang menggunakan Rekening Data Nasabah: Test Cases/Mobile/Scenario/Transaction/020 - Beli reksa dana melalui keranjang menggunakan Rekening Data Nasabah FAILED.
Reason:
com.kms.katalon.core.exception.StepFailedException: Call Test Case 'Test Cases/Mobile/Page/Transaction/Transaction' failed
	at com.kms.katalon.core.keyword.builtin.CallTestCaseKeyword$_callTestCase_closure1.doCall(CallTestCaseKeyword.groovy:63)
	at com.kms.katalon.core.keyword.builtin.CallTestCaseKeyword$_callTestCase_closure1.call(CallTestCaseKeyword.groovy)
	at com.kms.katalon.core.keyword.internal.KeywordMain.runKeyword(KeywordMain.groovy:68)
	at com.kms.katalon.core.keyword.builtin.CallTestCaseKeyword.callTestCase(CallTestCaseKeyword.groovy:81)
	at com.kms.katalon.core.keyword.builtin.CallTestCaseKeyword.execute(CallTestCaseKeyword.groovy:44)
	at com.kms.katalon.core.keyword.internal.KeywordExecutor.executeKeywordForPlatform(KeywordExecutor.groovy:73)
	at com.kms.katalon.core.keyword.BuiltinKeywords.callTestCase(BuiltinKeywords.groovy:334)
	at 020 - Beli reksa dana melalui keranjang menggunakan Rekening Data Nasabah.run(020 - Beli reksa dana melalui keranjang menggunakan Rekening Data Nasabah:22)
	at com.kms.katalon.core.main.ScriptEngine.run(ScriptEngine.java:194)
	at com.kms.katalon.core.main.ScriptEngine.runScriptAsRawText(ScriptEngine.java:119)
	at com.kms.katalon.core.main.TestCaseExecutor.runScript(TestCaseExecutor.java:398)
	at com.kms.katalon.core.main.TestCaseExecutor.doExecute(TestCaseExecutor.java:389)
	at com.kms.katalon.core.main.TestCaseExecutor.processExecutionPhase(TestCaseExecutor.java:368)
	at com.kms.katalon.core.main.TestCaseExecutor.accessMainPhase(TestCaseExecutor.java:360)
	at com.kms.katalon.core.main.TestCaseExecutor.execute(TestCaseExecutor.java:255)
	at com.kms.katalon.core.main.TestSuiteExecutor.accessTestCaseMainPhase(TestSuiteExecutor.java:203)
	at com.kms.katalon.core.main.TestSuiteExecutor.accessTestSuiteMainPhase(TestSuiteExecutor.java:152)
	at com.kms.katalon.core.main.TestSuiteExecutor.execute(TestSuiteExecutor.java:95)
	at com.kms.katalon.core.main.TestCaseMain.startTestSuite(TestCaseMain.java:157)
	at com.kms.katalon.core.main.TestCaseMain$startTestSuite$0.call(Unknown Source)
	at TempTestSuite1637197715028.run(TempTestSuite1637197715028.groovy:39)
Caused by: com.kms.katalon.core.exception.StepFailedException: Call Test Case 'Test Cases/Mobile/Page/Metode Pembayaran/Metode Pembayaran' failed
	at com.kms.katalon.core.keyword.builtin.CallTestCaseKeyword$_callTestCase_closure1.doCall(CallTestCaseKeyword.groovy:63)
	at com.kms.katalon.core.keyword.builtin.CallTestCaseKeyword$_callTestCase_closure1.call(CallTestCaseKeyword.groovy)
	at com.kms.katalon.core.keyword.internal.KeywordMain.runKeyword(KeywordMain.groovy:68)
	at com.kms.katalon.core.keyword.builtin.CallTestCaseKeyword.callTestCase(CallTestCaseKeyword.groovy:81)
	at com.kms.katalon.core.keyword.builtin.CallTestCaseKeyword.execute(CallTestCaseKeyword.groovy:44)
	at com.kms.katalon.core.keyword.internal.KeywordExecutor.executeKeywordForPlatform(KeywordExecutor.groovy:73)
	at com.kms.katalon.core.keyword.BuiltinKeywords.callTestCase(BuiltinKeywords.groovy:350)
	at Transaction.run(Transaction:102)
	at com.kms.katalon.core.main.ScriptEngine.run(ScriptEngine.java:194)
	at com.kms.katalon.core.main.ScriptEngine.runScriptAsRawText(ScriptEngine.java:119)
	at com.kms.katalon.core.main.TestCaseExecutor.runScript(TestCaseExecutor.java:398)
	at com.kms.katalon.core.main.TestCaseExecutor.doExecute(TestCaseExecutor.java:389)
	at com.kms.katalon.core.main.TestCaseExecutor.processExecutionPhase(TestCaseExecutor.java:368)
	at com.kms.katalon.core.main.TestCaseExecutor.accessMainPhase(TestCaseExecutor.java:360)
	at com.kms.katalon.core.main.TestCaseExecutor.execute(TestCaseExecutor.java:255)
	at com.kms.katalon.core.main.TestCaseMain.runTestCase(TestCaseMain.java:114)
	at com.kms.katalon.core.keyword.builtin.CallTestCaseKeyword$_callTestCase_closure1.doCall(CallTestCaseKeyword.groovy:59)
	... 20 more
Caused by: com.kms.katalon.core.exception.StepFailedException: Object Object Repository/Mobile/Page/Metode Pembayaran/Radio Button - Rekening Dana Nasabah not found
	at com.kms.katalon.core.mobile.helper.MobileElementCommonHelper.findElementWithCheck(MobileElementCommonHelper.java:159)
	at com.kms.katalon.core.mobile.helper.MobileElementCommonHelper.getElementTopPosition(MobileElementCommonHelper.java:357)
	at com.kms.katalon.core.mobile.keyword.builtin.GetElementTopPositionKeyword$_getElementTopPosition_closure1.doCall(GetElementTopPositionKeyword.groovy:70)
	at com.kms.katalon.core.mobile.keyword.builtin.GetElementTopPositionKeyword$_getElementTopPosition_closure1.call(GetElementTopPositionKeyword.groovy)
	at com.kms.katalon.core.mobile.keyword.internal.MobileKeywordMain.runKeywordAndReturnInt(MobileKeywordMain.groovy:30)
	at com.kms.katalon.core.mobile.keyword.builtin.GetElementTopPositionKeyword.getElementTopPosition(GetElementTopPositionKeyword.groovy:71)
	at com.kms.katalon.core.mobile.keyword.builtin.GetElementTopPositionKeyword.execute(GetElementTopPositionKeyword.groovy:64)
	at com.kms.katalon.core.keyword.internal.KeywordExecutor.executeKeywordForPlatform(KeywordExecutor.groovy:73)
	at com.kms.katalon.core.mobile.keyword.MobileBuiltInKeywords.getElementTopPosition(MobileBuiltInKeywords.groovy:2600)
	at com.kms.katalon.core.mobile.keyword.MobileBuiltInKeywords$getElementTopPosition$8.call(Unknown Source)
	at Metode Pembayaran.run(Metode Pembayaran:24)
	at com.kms.katalon.core.main.ScriptEngine.run(ScriptEngine.java:194)
	at com.kms.katalon.core.main.ScriptEngine.runScriptAsRawText(ScriptEngine.java:119)
	at com.kms.katalon.core.main.TestCaseExecutor.runScript(TestCaseExecutor.java:398)
	at com.kms.katalon.core.main.TestCaseExecutor.doExecute(TestCaseExecutor.java:389)
	at com.kms.katalon.core.main.TestCaseExecutor.processExecutionPhase(TestCaseExecutor.java:368)
	at com.kms.katalon.core.main.TestCaseExecutor.accessMainPhase(TestCaseExecutor.java:360)
	at com.kms.katalon.core.main.TestCaseExecutor.execute(TestCaseExecutor.java:255)
	at com.kms.katalon.core.main.TestCaseMain.runTestCase(TestCaseMain.java:114)
	at com.kms.katalon.core.keyword.builtin.CallTestCaseKeyword$_callTestCase_closure1.doCall(CallTestCaseKeyword.groovy:59)
	... 36 more


2021-11-18 08:30:20 - [TEST_STEP][PASSED] - callTestCase(findTestCase("Mobile/Page/Run App/Run App byID"), [:], STOP_ON_FAILURE): Call Test Case 'Test Cases/Mobile/Page/Run App/Run App byID' successfully

2021-11-18 08:30:20 - [TEST_CASE][PASSED] - Test Cases/Mobile/Page/Run App/Run App byID: Test Cases/Mobile/Page/Run App/Run App byID

2021-11-18 08:30:20 - [TEST_STEP][PASSED] - startApp.OpenApp.startApplication("id.co.miraeasset.navi"): startApp.OpenApp.startApplication is PASSED

2021-11-18 08:30:34 - [MESSAGE][PASSED] - Starting app with application ID: 'id.co.miraeasset.navi'

2021-11-18 08:30:34 - [MESSAGE][PASSED] - startApp.OpenApp.startApplication is PASSED

2021-11-18 08:30:34 - [MESSAGE][PASSED] - Call Test Case 'Test Cases/Mobile/Page/Run App/Run App byID' successfully

2021-11-18 08:30:34 - [TEST_STEP][FAILED] - callTestCase(findTestCase("Mobile/Page/Transaction/Transaction"), ["page":"cart", "tab":"none", "action":"buyitem", "buymethod":"rdn"], STOP_ON_FAILURE): Unable to call Test Case 'Test Cases/Mobile/Page/Transaction/Transaction' (Root cause: com.kms.katalon.core.exception.StepFailedException: Call Test Case 'Test Cases/Mobile/Page/Transaction/Transaction' failed
	at com.kms.katalon.core.keyword.builtin.CallTestCaseKeyword$_callTestCase_closure1.doCall(CallTestCaseKeyword.groovy:63)
	at com.kms.katalon.core.keyword.builtin.CallTestCaseKeyword$_callTestCase_closure1.call(CallTestCaseKeyword.groovy)
	at com.kms.katalon.core.keyword.internal.KeywordMain.runKeyword(KeywordMain.groovy:68)
	at com.kms.katalon.core.keyword.builtin.CallTestCaseKeyword.callTestCase(CallTestCaseKeyword.groovy:81)
	at com.kms.katalon.core.keyword.builtin.CallTestCaseKeyword.execute(CallTestCaseKeyword.groovy:44)
	at com.kms.katalon.core.keyword.internal.KeywordExecutor.executeKeywordForPlatform(KeywordExecutor.groovy:73)
	at com.kms.katalon.core.keyword.BuiltinKeywords.callTestCase(BuiltinKeywords.groovy:334)
	at 020 - Beli reksa dana melalui keranjang menggunakan Rekening Data Nasabah.run(020 - Beli reksa dana melalui keranjang menggunakan Rekening Data Nasabah:22)
	at com.kms.katalon.core.main.ScriptEngine.run(ScriptEngine.java:194)
	at com.kms.katalon.core.main.ScriptEngine.runScriptAsRawText(ScriptEngine.java:119)
	at com.kms.katalon.core.main.TestCaseExecutor.runScript(TestCaseExecutor.java:398)
	at com.kms.katalon.core.main.TestCaseExecutor.doExecute(TestCaseExecutor.java:389)
	at com.kms.katalon.core.main.TestCaseExecutor.processExecutionPhase(TestCaseExecutor.java:368)
	at com.kms.katalon.core.main.TestCaseExecutor.accessMainPhase(TestCaseExecutor.java:360)
	at com.kms.katalon.core.main.TestCaseExecutor.execute(TestCaseExecutor.java:255)
	at com.kms.katalon.core.main.TestSuiteExecutor.accessTestCaseMainPhase(TestSuiteExecutor.java:203)
	at com.kms.katalon.core.main.TestSuiteExecutor.accessTestSuiteMainPhase(TestSuiteExecutor.java:152)
	at com.kms.katalon.core.main.TestSuiteExecutor.execute(TestSuiteExecutor.java:95)
	at com.kms.katalon.core.main.TestCaseMain.startTestSuite(TestCaseMain.java:157)
	at com.kms.katalon.core.main.TestCaseMain$startTestSuite$0.call(Unknown Source)
	at TempTestSuite1637197715028.run(TempTestSuite1637197715028.groovy:39)
Caused by: com.kms.katalon.core.exception.StepFailedException: Call Test Case 'Test Cases/Mobile/Page/Metode Pembayaran/Metode Pembayaran' failed
	at com.kms.katalon.core.keyword.builtin.CallTestCaseKeyword$_callTestCase_closure1.doCall(CallTestCaseKeyword.groovy:63)
	at com.kms.katalon.core.keyword.builtin.CallTestCaseKeyword$_callTestCase_closure1.call(CallTestCaseKeyword.groovy)
	at com.kms.katalon.core.keyword.internal.KeywordMain.runKeyword(KeywordMain.groovy:68)
	at com.kms.katalon.core.keyword.builtin.CallTestCaseKeyword.callTestCase(CallTestCaseKeyword.groovy:81)
	at com.kms.katalon.core.keyword.builtin.CallTestCaseKeyword.execute(CallTestCaseKeyword.groovy:44)
	at com.kms.katalon.core.keyword.internal.KeywordExecutor.executeKeywordForPlatform(KeywordExecutor.groovy:73)
	at com.kms.katalon.core.keyword.BuiltinKeywords.callTestCase(BuiltinKeywords.groovy:350)
	at Transaction.run(Transaction:102)
	at com.kms.katalon.core.main.ScriptEngine.run(ScriptEngine.java:194)
	at com.kms.katalon.core.main.ScriptEngine.runScriptAsRawText(ScriptEngine.java:119)
	at com.kms.katalon.core.main.TestCaseExecutor.runScript(TestCaseExecutor.java:398)
	at com.kms.katalon.core.main.TestCaseExecutor.doExecute(TestCaseExecutor.java:389)
	at com.kms.katalon.core.main.TestCaseExecutor.processExecutionPhase(TestCaseExecutor.java:368)
	at com.kms.katalon.core.main.TestCaseExecutor.accessMainPhase(TestCaseExecutor.java:360)
	at com.kms.katalon.core.main.TestCaseExecutor.execute(TestCaseExecutor.java:255)
	at com.kms.katalon.core.main.TestCaseMain.runTestCase(TestCaseMain.java:114)
	at com.kms.katalon.core.keyword.builtin.CallTestCaseKeyword$_callTestCase_closure1.doCall(CallTestCaseKeyword.groovy:59)
	... 20 more
Caused by: com.kms.katalon.core.exception.StepFailedException: Object Object Repository/Mobile/Page/Metode Pembayaran/Radio Button - Rekening Dana Nasabah not found
	at com.kms.katalon.core.mobile.helper.MobileElementCommonHelper.findElementWithCheck(MobileElementCommonHelper.java:159)
	at com.kms.katalon.core.mobile.helper.MobileElementCommonHelper.getElementTopPosition(MobileElementCommonHelper.java:357)
	at com.kms.katalon.core.mobile.keyword.builtin.GetElementTopPositionKeyword$_getElementTopPosition_closure1.doCall(GetElementTopPositionKeyword.groovy:70)
	at com.kms.katalon.core.mobile.keyword.builtin.GetElementTopPositionKeyword$_getElementTopPosition_closure1.call(GetElementTopPositionKeyword.groovy)
	at com.kms.katalon.core.mobile.keyword.internal.MobileKeywordMain.runKeywordAndReturnInt(MobileKeywordMain.groovy:30)
	at com.kms.katalon.core.mobile.keyword.builtin.GetElementTopPositionKeyword.getElementTopPosition(GetElementTopPositionKeyword.groovy:71)
	at com.kms.katalon.core.mobile.keyword.builtin.GetElementTopPositionKeyword.execute(GetElementTopPositionKeyword.groovy:64)
	at com.kms.katalon.core.keyword.internal.KeywordExecutor.executeKeywordForPlatform(KeywordExecutor.groovy:73)
	at com.kms.katalon.core.mobile.keyword.MobileBuiltInKeywords.getElementTopPosition(MobileBuiltInKeywords.groovy:2600)
	at com.kms.katalon.core.mobile.keyword.MobileBuiltInKeywords$getElementTopPosition$8.call(Unknown Source)
	at Metode Pembayaran.run(Metode Pembayaran:24)
	at com.kms.katalon.core.main.ScriptEngine.run(ScriptEngine.java:194)
	at com.kms.katalon.core.main.ScriptEngine.runScriptAsRawText(ScriptEngine.java:119)
	at com.kms.katalon.core.main.TestCaseExecutor.runScript(TestCaseExecutor.java:398)
	at com.kms.katalon.core.main.TestCaseExecutor.doExecute(TestCaseExecutor.java:389)
	at com.kms.katalon.core.main.TestCaseExecutor.processExecutionPhase(TestCaseExecutor.java:368)
	at com.kms.katalon.core.main.TestCaseExecutor.accessMainPhase(TestCaseExecutor.java:360)
	at com.kms.katalon.core.main.TestCaseExecutor.execute(TestCaseExecutor.java:255)
	at com.kms.katalon.core.main.TestCaseMain.runTestCase(TestCaseMain.java:114)
	at com.kms.katalon.core.keyword.builtin.CallTestCaseKeyword$_callTestCase_closure1.doCall(CallTestCaseKeyword.groovy:59)
	... 36 more
)

2021-11-18 08:30:34 - [TEST_CASE][FAILED] - Test Cases/Mobile/Page/Transaction/Transaction: Test Cases/Mobile/Page/Transaction/Transaction FAILED.
Reason:
com.kms.katalon.core.exception.StepFailedException: Call Test Case 'Test Cases/Mobile/Page/Metode Pembayaran/Metode Pembayaran' failed
	at com.kms.katalon.core.keyword.builtin.CallTestCaseKeyword$_callTestCase_closure1.doCall(CallTestCaseKeyword.groovy:63)
	at com.kms.katalon.core.keyword.builtin.CallTestCaseKeyword$_callTestCase_closure1.call(CallTestCaseKeyword.groovy)
	at com.kms.katalon.core.keyword.internal.KeywordMain.runKeyword(KeywordMain.groovy:68)
	at com.kms.katalon.core.keyword.builtin.CallTestCaseKeyword.callTestCase(CallTestCaseKeyword.groovy:81)
	at com.kms.katalon.core.keyword.builtin.CallTestCaseKeyword.execute(CallTestCaseKeyword.groovy:44)
	at com.kms.katalon.core.keyword.internal.KeywordExecutor.executeKeywordForPlatform(KeywordExecutor.groovy:73)
	at com.kms.katalon.core.keyword.BuiltinKeywords.callTestCase(BuiltinKeywords.groovy:350)
	at Transaction.run(Transaction:102)
	at com.kms.katalon.core.main.ScriptEngine.run(ScriptEngine.java:194)
	at com.kms.katalon.core.main.ScriptEngine.runScriptAsRawText(ScriptEngine.java:119)
	at com.kms.katalon.core.main.TestCaseExecutor.runScript(TestCaseExecutor.java:398)
	at com.kms.katalon.core.main.TestCaseExecutor.doExecute(TestCaseExecutor.java:389)
	at com.kms.katalon.core.main.TestCaseExecutor.processExecutionPhase(TestCaseExecutor.java:368)
	at com.kms.katalon.core.main.TestCaseExecutor.accessMainPhase(TestCaseExecutor.java:360)
	at com.kms.katalon.core.main.TestCaseExecutor.execute(TestCaseExecutor.java:255)
	at com.kms.katalon.core.main.TestCaseMain.runTestCase(TestCaseMain.java:114)
	at com.kms.katalon.core.keyword.builtin.CallTestCaseKeyword$_callTestCase_closure1.doCall(CallTestCaseKeyword.groovy:59)
	at com.kms.katalon.core.keyword.builtin.CallTestCaseKeyword$_callTestCase_closure1.call(CallTestCaseKeyword.groovy)
	at com.kms.katalon.core.keyword.internal.KeywordMain.runKeyword(KeywordMain.groovy:68)
	at com.kms.katalon.core.keyword.builtin.CallTestCaseKeyword.callTestCase(CallTestCaseKeyword.groovy:81)
	at com.kms.katalon.core.keyword.builtin.CallTestCaseKeyword.execute(CallTestCaseKeyword.groovy:44)
	at com.kms.katalon.core.keyword.internal.KeywordExecutor.executeKeywordForPlatform(KeywordExecutor.groovy:73)
	at com.kms.katalon.core.keyword.BuiltinKeywords.callTestCase(BuiltinKeywords.groovy:334)
	at 020 - Beli reksa dana melalui keranjang menggunakan Rekening Data Nasabah.run(020 - Beli reksa dana melalui keranjang menggunakan Rekening Data Nasabah:22)
	at com.kms.katalon.core.main.ScriptEngine.run(ScriptEngine.java:194)
	at com.kms.katalon.core.main.ScriptEngine.runScriptAsRawText(ScriptEngine.java:119)
	at com.kms.katalon.core.main.TestCaseExecutor.runScript(TestCaseExecutor.java:398)
	at com.kms.katalon.core.main.TestCaseExecutor.doExecute(TestCaseExecutor.java:389)
	at com.kms.katalon.core.main.TestCaseExecutor.processExecutionPhase(TestCaseExecutor.java:368)
	at com.kms.katalon.core.main.TestCaseExecutor.accessMainPhase(TestCaseExecutor.java:360)
	at com.kms.katalon.core.main.TestCaseExecutor.execute(TestCaseExecutor.java:255)
	at com.kms.katalon.core.main.TestSuiteExecutor.accessTestCaseMainPhase(TestSuiteExecutor.java:203)
	at com.kms.katalon.core.main.TestSuiteExecutor.accessTestSuiteMainPhase(TestSuiteExecutor.java:152)
	at com.kms.katalon.core.main.TestSuiteExecutor.execute(TestSuiteExecutor.java:95)
	at com.kms.katalon.core.main.TestCaseMain.startTestSuite(TestCaseMain.java:157)
	at com.kms.katalon.core.main.TestCaseMain$startTestSuite$0.call(Unknown Source)
	at TempTestSuite1637197715028.run(TempTestSuite1637197715028.groovy:39)
Caused by: com.kms.katalon.core.exception.StepFailedException: Object Object Repository/Mobile/Page/Metode Pembayaran/Radio Button - Rekening Dana Nasabah not found
	at com.kms.katalon.core.mobile.helper.MobileElementCommonHelper.findElementWithCheck(MobileElementCommonHelper.java:159)
	at com.kms.katalon.core.mobile.helper.MobileElementCommonHelper.getElementTopPosition(MobileElementCommonHelper.java:357)
	at com.kms.katalon.core.mobile.keyword.builtin.GetElementTopPositionKeyword$_getElementTopPosition_closure1.doCall(GetElementTopPositionKeyword.groovy:70)
	at com.kms.katalon.core.mobile.keyword.builtin.GetElementTopPositionKeyword$_getElementTopPosition_closure1.call(GetElementTopPositionKeyword.groovy)
	at com.kms.katalon.core.mobile.keyword.internal.MobileKeywordMain.runKeywordAndReturnInt(MobileKeywordMain.groovy:30)
	at com.kms.katalon.core.mobile.keyword.builtin.GetElementTopPositionKeyword.getElementTopPosition(GetElementTopPositionKeyword.groovy:71)
	at com.kms.katalon.core.mobile.keyword.builtin.GetElementTopPositionKeyword.execute(GetElementTopPositionKeyword.groovy:64)
	at com.kms.katalon.core.keyword.internal.KeywordExecutor.executeKeywordForPlatform(KeywordExecutor.groovy:73)
	at com.kms.katalon.core.mobile.keyword.MobileBuiltInKeywords.getElementTopPosition(MobileBuiltInKeywords.groovy:2600)
	at com.kms.katalon.core.mobile.keyword.MobileBuiltInKeywords$getElementTopPosition$8.call(Unknown Source)
	at Metode Pembayaran.run(Metode Pembayaran:24)
	at com.kms.katalon.core.main.ScriptEngine.run(ScriptEngine.java:194)
	at com.kms.katalon.core.main.ScriptEngine.runScriptAsRawText(ScriptEngine.java:119)
	at com.kms.katalon.core.main.TestCaseExecutor.runScript(TestCaseExecutor.java:398)
	at com.kms.katalon.core.main.TestCaseExecutor.doExecute(TestCaseExecutor.java:389)
	at com.kms.katalon.core.main.TestCaseExecutor.processExecutionPhase(TestCaseExecutor.java:368)
	at com.kms.katalon.core.main.TestCaseExecutor.accessMainPhase(TestCaseExecutor.java:360)
	at com.kms.katalon.core.main.TestCaseExecutor.execute(TestCaseExecutor.java:255)
	at com.kms.katalon.core.main.TestCaseMain.runTestCase(TestCaseMain.java:114)
	at com.kms.katalon.core.keyword.builtin.CallTestCaseKeyword$_callTestCase_closure1.doCall(CallTestCaseKeyword.groovy:59)
	... 36 more


2021-11-18 08:30:34 - [TEST_STEP][PASSED] - delay(5): Delayed 5 second(s)

2021-11-18 08:30:39 - [MESSAGE][PASSED] - Delayed 5 second(s)

2021-11-18 08:30:39 - [TEST_STEP][PASSED] - loginCheck = verifyElementExist(findTestObject("Object Repository/Mobile/Page/Dashboard/Button - Login"), 2, CONTINUE_ON_FAILURE): Element 'Object Repository/Mobile/Page/Dashboard/Button - Login' is exist

2021-11-18 08:30:40 - [MESSAGE][PASSED] - Element 'Object Repository/Mobile/Page/Dashboard/Button - Login' is exist

2021-11-18 08:30:40 - [TEST_STEP][PASSED] - if (loginCheck): Call Test Case 'Test Cases/Mobile/Page/Login/Login' successfully

2021-11-18 08:30:40 - [TEST_STEP][PASSED] - callTestCase(findTestCase("Mobile/Page/Login/Login"), ["isLogin":0]): Call Test Case 'Test Cases/Mobile/Page/Login/Login' successfully

2021-11-18 08:30:40 - [TEST_CASE][PASSED] - Test Cases/Mobile/Page/Login/Login: Test Cases/Mobile/Page/Login/Login

2021-11-18 08:30:40 - [TEST_STEP][PASSED] - if (isLogin == 0): Tapped on element 'Object Repository/Mobile/Page/Dashboard/Button - Login'

2021-11-18 08:30:40 - [TEST_STEP][PASSED] - tap(findTestObject("Mobile/Page/Dashboard/Button - Login"), 0): Tapped on element 'Object Repository/Mobile/Page/Dashboard/Button - Login'

2021-11-18 08:30:40 - [MESSAGE][WARNING] - Timeout '0' is invalid. Using default page load timeout: '60'

2021-11-18 08:30:40 - [MESSAGE][PASSED] - Tapped on element 'Object Repository/Mobile/Page/Dashboard/Button - Login'

2021-11-18 08:30:40 - [TEST_STEP][PASSED] - tap(findTestObject("Mobile/Page/Login/Tap - UserID or Email"), 0): Tapped on element 'Object Repository/Mobile/Page/Login/Tap - UserID or Email'

2021-11-18 08:30:40 - [MESSAGE][WARNING] - Timeout '0' is invalid. Using default page load timeout: '60'

2021-11-18 08:30:42 - [MESSAGE][PASSED] - Tapped on element 'Object Repository/Mobile/Page/Login/Tap - UserID or Email'

2021-11-18 08:30:42 - [TEST_STEP][PASSED] - delay(3): Delayed 3 second(s)

2021-11-18 08:30:45 - [MESSAGE][PASSED] - Delayed 3 second(s)

2021-11-18 08:30:45 - [TEST_STEP][PASSED] - setText(findTestObject("Mobile/Page/Login/Input - UserID or Email"), "ady.pangerang@gmail.com", 0): Text 'ady.pangerang@gmail.com' has been set to element 'Object Repository/Mobile/Page/Login/Input - UserID or Email'

2021-11-18 08:30:45 - [MESSAGE][WARNING] - Timeout '0' is invalid. Using default page load timeout: '60'

2021-11-18 08:30:46 - [MESSAGE][PASSED] - Text 'ady.pangerang@gmail.com' has been set to element 'Object Repository/Mobile/Page/Login/Input - UserID or Email'

2021-11-18 08:30:46 - [TEST_STEP][PASSED] - delay(1): Delayed 1 second(s)

2021-11-18 08:30:47 - [MESSAGE][PASSED] - Delayed 1 second(s)

2021-11-18 08:30:47 - [TEST_STEP][PASSED] - hideKeyboard(): Keyboard is hidden

2021-11-18 08:30:51 - [MESSAGE][PASSED] - Keyboard is hidden

2021-11-18 08:30:51 - [TEST_STEP][PASSED] - delay(1): Delayed 1 second(s)

2021-11-18 08:30:52 - [MESSAGE][PASSED] - Delayed 1 second(s)

2021-11-18 08:30:52 - [TEST_STEP][PASSED] - tap(findTestObject("Mobile/Page/Login/Tap - Password 2"), 0): Tapped on element 'Object Repository/Mobile/Page/Login/Tap - Password 2'

2021-11-18 08:30:52 - [MESSAGE][WARNING] - Timeout '0' is invalid. Using default page load timeout: '60'

2021-11-18 08:30:53 - [MESSAGE][PASSED] - Tapped on element 'Object Repository/Mobile/Page/Login/Tap - Password 2'

2021-11-18 08:30:53 - [TEST_STEP][PASSED] - delay(3): Delayed 3 second(s)

2021-11-18 08:30:56 - [MESSAGE][PASSED] - Delayed 3 second(s)

2021-11-18 08:30:56 - [TEST_STEP][PASSED] - setText(findTestObject("Mobile/Page/Login/Tap - Password 2"), "Mirae1234", 0): Text 'Mirae1234' has been set to element 'Object Repository/Mobile/Page/Login/Tap - Password 2'

2021-11-18 08:30:56 - [MESSAGE][WARNING] - Timeout '0' is invalid. Using default page load timeout: '60'

2021-11-18 08:30:57 - [MESSAGE][PASSED] - Text 'Mirae1234' has been set to element 'Object Repository/Mobile/Page/Login/Tap - Password 2'

2021-11-18 08:30:57 - [TEST_STEP][PASSED] - delay(1): Delayed 1 second(s)

2021-11-18 08:30:58 - [MESSAGE][PASSED] - Delayed 1 second(s)

2021-11-18 08:30:58 - [TEST_STEP][PASSED] - hideKeyboard(): Keyboard is hidden

2021-11-18 08:31:04 - [MESSAGE][PASSED] - Keyboard is hidden

2021-11-18 08:31:04 - [TEST_STEP][PASSED] - delay(1): Delayed 1 second(s)

2021-11-18 08:31:05 - [MESSAGE][PASSED] - Delayed 1 second(s)

2021-11-18 08:31:05 - [TEST_STEP][PASSED] - tap(findTestObject("Mobile/Page/Login/Button - Sign In"), 0): Tapped on element 'Object Repository/Mobile/Page/Login/Button - Sign In'

2021-11-18 08:31:05 - [MESSAGE][WARNING] - Timeout '0' is invalid. Using default page load timeout: '60'

2021-11-18 08:31:07 - [MESSAGE][PASSED] - Tapped on element 'Object Repository/Mobile/Page/Login/Button - Sign In'

2021-11-18 08:31:07 - [MESSAGE][PASSED] - Call Test Case 'Test Cases/Mobile/Page/Login/Login' successfully

2021-11-18 08:31:07 - [TEST_STEP][PASSED] - if (page == "cart"): Call Test Case 'Test Cases/Mobile/Scenario/Transaction/Add Product to Cart' successfully

2021-11-18 08:31:07 - [TEST_STEP][PASSED] - callTestCase(findTestCase("Mobile/Scenario/Transaction/Add Product to Cart"), [:], STOP_ON_FAILURE): Call Test Case 'Test Cases/Mobile/Scenario/Transaction/Add Product to Cart' successfully

2021-11-18 08:31:07 - [TEST_CASE][PASSED] - Test Cases/Mobile/Scenario/Transaction/Add Product to Cart: Test Cases/Mobile/Scenario/Transaction/Add Product to Cart

2021-11-18 08:31:07 - [TEST_STEP][PASSED] - tap(findTestObject("Object Repository/Mobile/Page/Home/Button - Product"), 0): Tapped on element 'Object Repository/Mobile/Page/Home/Button - Product'

2021-11-18 08:31:07 - [MESSAGE][WARNING] - Timeout '0' is invalid. Using default page load timeout: '60'

2021-11-18 08:31:09 - [MESSAGE][PASSED] - Tapped on element 'Object Repository/Mobile/Page/Home/Button - Product'

2021-11-18 08:31:09 - [TEST_STEP][PASSED] - delay(3): Delayed 3 second(s)

2021-11-18 08:31:12 - [MESSAGE][PASSED] - Delayed 3 second(s)

2021-11-18 08:31:12 - [TEST_STEP][PASSED] - tap(findTestObject("Object Repository/Mobile/Page/Transaction/Object for Add to Cart/Button - Buy Top Item"), 0): Tapped on element 'Object Repository/Mobile/Page/Transaction/Object for Add to Cart/Button - Buy Top Item'

2021-11-18 08:31:12 - [MESSAGE][WARNING] - Timeout '0' is invalid. Using default page load timeout: '60'

2021-11-18 08:31:12 - [MESSAGE][PASSED] - Tapped on element 'Object Repository/Mobile/Page/Transaction/Object for Add to Cart/Button - Buy Top Item'

2021-11-18 08:31:12 - [TEST_STEP][PASSED] - delay(3): Delayed 3 second(s)

2021-11-18 08:31:15 - [MESSAGE][PASSED] - Delayed 3 second(s)

2021-11-18 08:31:15 - [TEST_STEP][PASSED] - tap(findTestObject("Object Repository/Mobile/Page/Transaction/Object for Add to Cart/Button - Purchase Amount 500k"), 0): Tapped on element 'Object Repository/Mobile/Page/Transaction/Object for Add to Cart/Button - Purchase Amount 500k'

2021-11-18 08:31:15 - [MESSAGE][WARNING] - Timeout '0' is invalid. Using default page load timeout: '60'

2021-11-18 08:31:16 - [MESSAGE][PASSED] - Tapped on element 'Object Repository/Mobile/Page/Transaction/Object for Add to Cart/Button - Purchase Amount 500k'

2021-11-18 08:31:16 - [TEST_STEP][PASSED] - element = findTestObject("Object Repository/Mobile/Page/Transaction/Object for Add to Cart/Checkbox - Agreement Prospectus"): null

2021-11-18 08:31:16 - [TEST_STEP][PASSED] - left_position = getElementLeftPosition(element, 0): Object 'Object Repository/Mobile/Page/Transaction/Object for Add to Cart/Checkbox - Agreement Prospectus' has left position '0'

2021-11-18 08:31:16 - [MESSAGE][WARNING] - Timeout '0' is invalid. Using default page load timeout: '60'

2021-11-18 08:31:17 - [MESSAGE][PASSED] - Object 'Object Repository/Mobile/Page/Transaction/Object for Add to Cart/Checkbox - Agreement Prospectus' has left position '0'

2021-11-18 08:31:17 - [TEST_STEP][PASSED] - top_position = getElementTopPosition(element, 0): Object 'Object Repository/Mobile/Page/Transaction/Object for Add to Cart/Checkbox - Agreement Prospectus' has top position '1,128'

2021-11-18 08:31:17 - [MESSAGE][WARNING] - Timeout '0' is invalid. Using default page load timeout: '60'

2021-11-18 08:31:17 - [MESSAGE][PASSED] - Object 'Object Repository/Mobile/Page/Transaction/Object for Add to Cart/Checkbox - Agreement Prospectus' has top position '1,128'

2021-11-18 08:31:17 - [TEST_STEP][PASSED] - height = getElementHeight(element, 0): Object 'Object Repository/Mobile/Page/Transaction/Object for Add to Cart/Checkbox - Agreement Prospectus' has height: '145'

2021-11-18 08:31:17 - [MESSAGE][WARNING] - Timeout '0' is invalid. Using default page load timeout: '60'

2021-11-18 08:31:17 - [MESSAGE][PASSED] - Object 'Object Repository/Mobile/Page/Transaction/Object for Add to Cart/Checkbox - Agreement Prospectus' has height: '145'

2021-11-18 08:31:17 - [TEST_STEP][PASSED] - y = top_position + height / 2: null

2021-11-18 08:31:17 - [TEST_STEP][PASSED] - x = getDeviceWidth() * 0.085: Current device physical width is 720

2021-11-18 08:31:18 - [MESSAGE][PASSED] - Current device physical width is 720

2021-11-18 08:31:18 - [TEST_STEP][PASSED] - tapAtPosition(x, y): Tapped at [61, 1,200]

2021-11-18 08:31:18 - [MESSAGE][PASSED] - Tapped at [61, 1,200]

2021-11-18 08:31:18 - [TEST_STEP][PASSED] - scroll.scroll.scrollBottomToTop(): scroll.scroll.scrollBottomToTop is PASSED

2021-11-18 08:31:19 - [MESSAGE][PASSED] - Current device physical height is 1423

2021-11-18 08:31:19 - [MESSAGE][PASSED] - Current device physical width is 720

2021-11-18 08:31:20 - [MESSAGE][PASSED] - Swiped from 360,1,138 to 360,284

2021-11-18 08:31:20 - [MESSAGE][PASSED] - scroll.scroll.scrollBottomToTop is PASSED

2021-11-18 08:31:20 - [TEST_STEP][PASSED] - tap(findTestObject("Object Repository/Mobile/Page/Transaction/Object for Add to Cart/Button - Add to Cart"), 0): Tapped on element 'Object Repository/Mobile/Page/Transaction/Object for Add to Cart/Button - Add to Cart'

2021-11-18 08:31:20 - [MESSAGE][WARNING] - Timeout '0' is invalid. Using default page load timeout: '60'

2021-11-18 08:31:21 - [MESSAGE][PASSED] - Tapped on element 'Object Repository/Mobile/Page/Transaction/Object for Add to Cart/Button - Add to Cart'

2021-11-18 08:31:21 - [TEST_STEP][PASSED] - delay(2): Delayed 2 second(s)

2021-11-18 08:31:23 - [MESSAGE][PASSED] - Delayed 2 second(s)

2021-11-18 08:31:23 - [TEST_STEP][PASSED] - tap(findTestObject("Object Repository/Mobile/Page/Transaction/Object for Add to Cart/Button - View Cart"), 0): Tapped on element 'Object Repository/Mobile/Page/Transaction/Object for Add to Cart/Button - View Cart'

2021-11-18 08:31:23 - [MESSAGE][WARNING] - Timeout '0' is invalid. Using default page load timeout: '60'

2021-11-18 08:31:24 - [MESSAGE][PASSED] - Tapped on element 'Object Repository/Mobile/Page/Transaction/Object for Add to Cart/Button - View Cart'

2021-11-18 08:31:24 - [TEST_STEP][PASSED] - delay(3): Delayed 3 second(s)

2021-11-18 08:31:27 - [MESSAGE][PASSED] - Delayed 3 second(s)

2021-11-18 08:31:27 - [TEST_STEP][PASSED] - pressBack(): Press back button successfully

2021-11-18 08:31:27 - [MESSAGE][PASSED] - Press back button successfully

2021-11-18 08:31:27 - [TEST_STEP][PASSED] - delay(1): Delayed 1 second(s)

2021-11-18 08:31:28 - [MESSAGE][PASSED] - Delayed 1 second(s)

2021-11-18 08:31:28 - [MESSAGE][PASSED] - Call Test Case 'Test Cases/Mobile/Scenario/Transaction/Add Product to Cart' successfully

2021-11-18 08:31:28 - [TEST_STEP][PASSED] - tap(findTestObject("Object Repository/Mobile/Page/Transaction/Button - Menubar Transaction"), 0): Tapped on element 'Object Repository/Mobile/Page/Transaction/Button - Menubar Transaction'

2021-11-18 08:31:28 - [MESSAGE][WARNING] - Timeout '0' is invalid. Using default page load timeout: '60'

2021-11-18 08:31:30 - [MESSAGE][PASSED] - Tapped on element 'Object Repository/Mobile/Page/Transaction/Button - Menubar Transaction'

2021-11-18 08:31:30 - [TEST_STEP][PASSED] - delay(1): Delayed 1 second(s)

2021-11-18 08:31:31 - [MESSAGE][PASSED] - Delayed 1 second(s)

2021-11-18 08:31:31 - [TEST_STEP][PASSED] - if (page == "onprocess"): null

2021-11-18 08:31:31 - [TEST_STEP][PASSED] - else if (page == "history"): null

2021-11-18 08:31:31 - [TEST_STEP][FAILED] - else if (page == "cart"): Unable to call Test Case 'Test Cases/Mobile/Page/Metode Pembayaran/Metode Pembayaran' (Root cause: com.kms.katalon.core.exception.StepFailedException: Call Test Case 'Test Cases/Mobile/Page/Metode Pembayaran/Metode Pembayaran' failed
	at com.kms.katalon.core.keyword.builtin.CallTestCaseKeyword$_callTestCase_closure1.doCall(CallTestCaseKeyword.groovy:63)
	at com.kms.katalon.core.keyword.builtin.CallTestCaseKeyword$_callTestCase_closure1.call(CallTestCaseKeyword.groovy)
	at com.kms.katalon.core.keyword.internal.KeywordMain.runKeyword(KeywordMain.groovy:68)
	at com.kms.katalon.core.keyword.builtin.CallTestCaseKeyword.callTestCase(CallTestCaseKeyword.groovy:81)
	at com.kms.katalon.core.keyword.builtin.CallTestCaseKeyword.execute(CallTestCaseKeyword.groovy:44)
	at com.kms.katalon.core.keyword.internal.KeywordExecutor.executeKeywordForPlatform(KeywordExecutor.groovy:73)
	at com.kms.katalon.core.keyword.BuiltinKeywords.callTestCase(BuiltinKeywords.groovy:350)
	at Transaction.run(Transaction:102)
	at com.kms.katalon.core.main.ScriptEngine.run(ScriptEngine.java:194)
	at com.kms.katalon.core.main.ScriptEngine.runScriptAsRawText(ScriptEngine.java:119)
	at com.kms.katalon.core.main.TestCaseExecutor.runScript(TestCaseExecutor.java:398)
	at com.kms.katalon.core.main.TestCaseExecutor.doExecute(TestCaseExecutor.java:389)
	at com.kms.katalon.core.main.TestCaseExecutor.processExecutionPhase(TestCaseExecutor.java:368)
	at com.kms.katalon.core.main.TestCaseExecutor.accessMainPhase(TestCaseExecutor.java:360)
	at com.kms.katalon.core.main.TestCaseExecutor.execute(TestCaseExecutor.java:255)
	at com.kms.katalon.core.main.TestCaseMain.runTestCase(TestCaseMain.java:114)
	at com.kms.katalon.core.keyword.builtin.CallTestCaseKeyword$_callTestCase_closure1.doCall(CallTestCaseKeyword.groovy:59)
	at com.kms.katalon.core.keyword.builtin.CallTestCaseKeyword$_callTestCase_closure1.call(CallTestCaseKeyword.groovy)
	at com.kms.katalon.core.keyword.internal.KeywordMain.runKeyword(KeywordMain.groovy:68)
	at com.kms.katalon.core.keyword.builtin.CallTestCaseKeyword.callTestCase(CallTestCaseKeyword.groovy:81)
	at com.kms.katalon.core.keyword.builtin.CallTestCaseKeyword.execute(CallTestCaseKeyword.groovy:44)
	at com.kms.katalon.core.keyword.internal.KeywordExecutor.executeKeywordForPlatform(KeywordExecutor.groovy:73)
	at com.kms.katalon.core.keyword.BuiltinKeywords.callTestCase(BuiltinKeywords.groovy:334)
	at 020 - Beli reksa dana melalui keranjang menggunakan Rekening Data Nasabah.run(020 - Beli reksa dana melalui keranjang menggunakan Rekening Data Nasabah:22)
	at com.kms.katalon.core.main.ScriptEngine.run(ScriptEngine.java:194)
	at com.kms.katalon.core.main.ScriptEngine.runScriptAsRawText(ScriptEngine.java:119)
	at com.kms.katalon.core.main.TestCaseExecutor.runScript(TestCaseExecutor.java:398)
	at com.kms.katalon.core.main.TestCaseExecutor.doExecute(TestCaseExecutor.java:389)
	at com.kms.katalon.core.main.TestCaseExecutor.processExecutionPhase(TestCaseExecutor.java:368)
	at com.kms.katalon.core.main.TestCaseExecutor.accessMainPhase(TestCaseExecutor.java:360)
	at com.kms.katalon.core.main.TestCaseExecutor.execute(TestCaseExecutor.java:255)
	at com.kms.katalon.core.main.TestSuiteExecutor.accessTestCaseMainPhase(TestSuiteExecutor.java:203)
	at com.kms.katalon.core.main.TestSuiteExecutor.accessTestSuiteMainPhase(TestSuiteExecutor.java:152)
	at com.kms.katalon.core.main.TestSuiteExecutor.execute(TestSuiteExecutor.java:95)
	at com.kms.katalon.core.main.TestCaseMain.startTestSuite(TestCaseMain.java:157)
	at com.kms.katalon.core.main.TestCaseMain$startTestSuite$0.call(Unknown Source)
	at TempTestSuite1637197715028.run(TempTestSuite1637197715028.groovy:39)
Caused by: com.kms.katalon.core.exception.StepFailedException: Object Object Repository/Mobile/Page/Metode Pembayaran/Radio Button - Rekening Dana Nasabah not found
	at com.kms.katalon.core.mobile.helper.MobileElementCommonHelper.findElementWithCheck(MobileElementCommonHelper.java:159)
	at com.kms.katalon.core.mobile.helper.MobileElementCommonHelper.getElementTopPosition(MobileElementCommonHelper.java:357)
	at com.kms.katalon.core.mobile.keyword.builtin.GetElementTopPositionKeyword$_getElementTopPosition_closure1.doCall(GetElementTopPositionKeyword.groovy:70)
	at com.kms.katalon.core.mobile.keyword.builtin.GetElementTopPositionKeyword$_getElementTopPosition_closure1.call(GetElementTopPositionKeyword.groovy)
	at com.kms.katalon.core.mobile.keyword.internal.MobileKeywordMain.runKeywordAndReturnInt(MobileKeywordMain.groovy:30)
	at com.kms.katalon.core.mobile.keyword.builtin.GetElementTopPositionKeyword.getElementTopPosition(GetElementTopPositionKeyword.groovy:71)
	at com.kms.katalon.core.mobile.keyword.builtin.GetElementTopPositionKeyword.execute(GetElementTopPositionKeyword.groovy:64)
	at com.kms.katalon.core.keyword.internal.KeywordExecutor.executeKeywordForPlatform(KeywordExecutor.groovy:73)
	at com.kms.katalon.core.mobile.keyword.MobileBuiltInKeywords.getElementTopPosition(MobileBuiltInKeywords.groovy:2600)
	at com.kms.katalon.core.mobile.keyword.MobileBuiltInKeywords$getElementTopPosition$8.call(Unknown Source)
	at Metode Pembayaran.run(Metode Pembayaran:24)
	at com.kms.katalon.core.main.ScriptEngine.run(ScriptEngine.java:194)
	at com.kms.katalon.core.main.ScriptEngine.runScriptAsRawText(ScriptEngine.java:119)
	at com.kms.katalon.core.main.TestCaseExecutor.runScript(TestCaseExecutor.java:398)
	at com.kms.katalon.core.main.TestCaseExecutor.doExecute(TestCaseExecutor.java:389)
	at com.kms.katalon.core.main.TestCaseExecutor.processExecutionPhase(TestCaseExecutor.java:368)
	at com.kms.katalon.core.main.TestCaseExecutor.accessMainPhase(TestCaseExecutor.java:360)
	at com.kms.katalon.core.main.TestCaseExecutor.execute(TestCaseExecutor.java:255)
	at com.kms.katalon.core.main.TestCaseMain.runTestCase(TestCaseMain.java:114)
	at com.kms.katalon.core.keyword.builtin.CallTestCaseKeyword$_callTestCase_closure1.doCall(CallTestCaseKeyword.groovy:59)
	... 36 more
)

2021-11-18 08:31:31 - [TEST_STEP][PASSED] - tapAndHold(findTestObject("Object Repository/Mobile/Page/Transaction/Button - Icon Cart"), 1, 0): Tapped and held on element 'Object Repository/Mobile/Page/Transaction/Button - Icon Cart' with duration 1

2021-11-18 08:31:31 - [MESSAGE][WARNING] - Timeout '0' is invalid. Using default page load timeout: '60'

2021-11-18 08:31:34 - [MESSAGE][PASSED] - Tapped and held on element 'Object Repository/Mobile/Page/Transaction/Button - Icon Cart' with duration 1

2021-11-18 08:31:34 - [TEST_STEP][PASSED] - if (action == "deleteitem"): null

2021-11-18 08:31:34 - [TEST_STEP][FAILED] - else if (action == "buyitem"): Unable to call Test Case 'Test Cases/Mobile/Page/Metode Pembayaran/Metode Pembayaran' (Root cause: com.kms.katalon.core.exception.StepFailedException: Call Test Case 'Test Cases/Mobile/Page/Metode Pembayaran/Metode Pembayaran' failed
	at com.kms.katalon.core.keyword.builtin.CallTestCaseKeyword$_callTestCase_closure1.doCall(CallTestCaseKeyword.groovy:63)
	at com.kms.katalon.core.keyword.builtin.CallTestCaseKeyword$_callTestCase_closure1.call(CallTestCaseKeyword.groovy)
	at com.kms.katalon.core.keyword.internal.KeywordMain.runKeyword(KeywordMain.groovy:68)
	at com.kms.katalon.core.keyword.builtin.CallTestCaseKeyword.callTestCase(CallTestCaseKeyword.groovy:81)
	at com.kms.katalon.core.keyword.builtin.CallTestCaseKeyword.execute(CallTestCaseKeyword.groovy:44)
	at com.kms.katalon.core.keyword.internal.KeywordExecutor.executeKeywordForPlatform(KeywordExecutor.groovy:73)
	at com.kms.katalon.core.keyword.BuiltinKeywords.callTestCase(BuiltinKeywords.groovy:350)
	at Transaction.run(Transaction:102)
	at com.kms.katalon.core.main.ScriptEngine.run(ScriptEngine.java:194)
	at com.kms.katalon.core.main.ScriptEngine.runScriptAsRawText(ScriptEngine.java:119)
	at com.kms.katalon.core.main.TestCaseExecutor.runScript(TestCaseExecutor.java:398)
	at com.kms.katalon.core.main.TestCaseExecutor.doExecute(TestCaseExecutor.java:389)
	at com.kms.katalon.core.main.TestCaseExecutor.processExecutionPhase(TestCaseExecutor.java:368)
	at com.kms.katalon.core.main.TestCaseExecutor.accessMainPhase(TestCaseExecutor.java:360)
	at com.kms.katalon.core.main.TestCaseExecutor.execute(TestCaseExecutor.java:255)
	at com.kms.katalon.core.main.TestCaseMain.runTestCase(TestCaseMain.java:114)
	at com.kms.katalon.core.keyword.builtin.CallTestCaseKeyword$_callTestCase_closure1.doCall(CallTestCaseKeyword.groovy:59)
	at com.kms.katalon.core.keyword.builtin.CallTestCaseKeyword$_callTestCase_closure1.call(CallTestCaseKeyword.groovy)
	at com.kms.katalon.core.keyword.internal.KeywordMain.runKeyword(KeywordMain.groovy:68)
	at com.kms.katalon.core.keyword.builtin.CallTestCaseKeyword.callTestCase(CallTestCaseKeyword.groovy:81)
	at com.kms.katalon.core.keyword.builtin.CallTestCaseKeyword.execute(CallTestCaseKeyword.groovy:44)
	at com.kms.katalon.core.keyword.internal.KeywordExecutor.executeKeywordForPlatform(KeywordExecutor.groovy:73)
	at com.kms.katalon.core.keyword.BuiltinKeywords.callTestCase(BuiltinKeywords.groovy:334)
	at 020 - Beli reksa dana melalui keranjang menggunakan Rekening Data Nasabah.run(020 - Beli reksa dana melalui keranjang menggunakan Rekening Data Nasabah:22)
	at com.kms.katalon.core.main.ScriptEngine.run(ScriptEngine.java:194)
	at com.kms.katalon.core.main.ScriptEngine.runScriptAsRawText(ScriptEngine.java:119)
	at com.kms.katalon.core.main.TestCaseExecutor.runScript(TestCaseExecutor.java:398)
	at com.kms.katalon.core.main.TestCaseExecutor.doExecute(TestCaseExecutor.java:389)
	at com.kms.katalon.core.main.TestCaseExecutor.processExecutionPhase(TestCaseExecutor.java:368)
	at com.kms.katalon.core.main.TestCaseExecutor.accessMainPhase(TestCaseExecutor.java:360)
	at com.kms.katalon.core.main.TestCaseExecutor.execute(TestCaseExecutor.java:255)
	at com.kms.katalon.core.main.TestSuiteExecutor.accessTestCaseMainPhase(TestSuiteExecutor.java:203)
	at com.kms.katalon.core.main.TestSuiteExecutor.accessTestSuiteMainPhase(TestSuiteExecutor.java:152)
	at com.kms.katalon.core.main.TestSuiteExecutor.execute(TestSuiteExecutor.java:95)
	at com.kms.katalon.core.main.TestCaseMain.startTestSuite(TestCaseMain.java:157)
	at com.kms.katalon.core.main.TestCaseMain$startTestSuite$0.call(Unknown Source)
	at TempTestSuite1637197715028.run(TempTestSuite1637197715028.groovy:39)
Caused by: com.kms.katalon.core.exception.StepFailedException: Object Object Repository/Mobile/Page/Metode Pembayaran/Radio Button - Rekening Dana Nasabah not found
	at com.kms.katalon.core.mobile.helper.MobileElementCommonHelper.findElementWithCheck(MobileElementCommonHelper.java:159)
	at com.kms.katalon.core.mobile.helper.MobileElementCommonHelper.getElementTopPosition(MobileElementCommonHelper.java:357)
	at com.kms.katalon.core.mobile.keyword.builtin.GetElementTopPositionKeyword$_getElementTopPosition_closure1.doCall(GetElementTopPositionKeyword.groovy:70)
	at com.kms.katalon.core.mobile.keyword.builtin.GetElementTopPositionKeyword$_getElementTopPosition_closure1.call(GetElementTopPositionKeyword.groovy)
	at com.kms.katalon.core.mobile.keyword.internal.MobileKeywordMain.runKeywordAndReturnInt(MobileKeywordMain.groovy:30)
	at com.kms.katalon.core.mobile.keyword.builtin.GetElementTopPositionKeyword.getElementTopPosition(GetElementTopPositionKeyword.groovy:71)
	at com.kms.katalon.core.mobile.keyword.builtin.GetElementTopPositionKeyword.execute(GetElementTopPositionKeyword.groovy:64)
	at com.kms.katalon.core.keyword.internal.KeywordExecutor.executeKeywordForPlatform(KeywordExecutor.groovy:73)
	at com.kms.katalon.core.mobile.keyword.MobileBuiltInKeywords.getElementTopPosition(MobileBuiltInKeywords.groovy:2600)
	at com.kms.katalon.core.mobile.keyword.MobileBuiltInKeywords$getElementTopPosition$8.call(Unknown Source)
	at Metode Pembayaran.run(Metode Pembayaran:24)
	at com.kms.katalon.core.main.ScriptEngine.run(ScriptEngine.java:194)
	at com.kms.katalon.core.main.ScriptEngine.runScriptAsRawText(ScriptEngine.java:119)
	at com.kms.katalon.core.main.TestCaseExecutor.runScript(TestCaseExecutor.java:398)
	at com.kms.katalon.core.main.TestCaseExecutor.doExecute(TestCaseExecutor.java:389)
	at com.kms.katalon.core.main.TestCaseExecutor.processExecutionPhase(TestCaseExecutor.java:368)
	at com.kms.katalon.core.main.TestCaseExecutor.accessMainPhase(TestCaseExecutor.java:360)
	at com.kms.katalon.core.main.TestCaseExecutor.execute(TestCaseExecutor.java:255)
	at com.kms.katalon.core.main.TestCaseMain.runTestCase(TestCaseMain.java:114)
	at com.kms.katalon.core.keyword.builtin.CallTestCaseKeyword$_callTestCase_closure1.doCall(CallTestCaseKeyword.groovy:59)
	... 36 more
)

2021-11-18 08:31:34 - [TEST_STEP][PASSED] - tap(findTestObject("Mobile/Page/Keranjang/Check Box - Product Checked"), 0): Tapped on element 'Object Repository/Mobile/Page/Keranjang/Check Box - Product Checked'

2021-11-18 08:31:34 - [MESSAGE][WARNING] - Timeout '0' is invalid. Using default page load timeout: '60'

2021-11-18 08:31:35 - [MESSAGE][PASSED] - Tapped on element 'Object Repository/Mobile/Page/Keranjang/Check Box - Product Checked'

2021-11-18 08:31:35 - [TEST_STEP][PASSED] - tap(findTestObject("Mobile/Page/Keranjang/Check Box - Product Uncheck"), 0): Tapped on element 'Object Repository/Mobile/Page/Keranjang/Check Box - Product Uncheck'

2021-11-18 08:31:35 - [MESSAGE][WARNING] - Timeout '0' is invalid. Using default page load timeout: '60'

2021-11-18 08:31:36 - [MESSAGE][PASSED] - Tapped on element 'Object Repository/Mobile/Page/Keranjang/Check Box - Product Uncheck'

2021-11-18 08:31:36 - [TEST_STEP][PASSED] - tap(findTestObject("Mobile/Page/Keranjang/Button - Beli"), 0): Tapped on element 'Object Repository/Mobile/Page/Keranjang/Button - Beli'

2021-11-18 08:31:36 - [MESSAGE][WARNING] - Timeout '0' is invalid. Using default page load timeout: '60'

2021-11-18 08:31:37 - [MESSAGE][PASSED] - Tapped on element 'Object Repository/Mobile/Page/Keranjang/Button - Beli'

2021-11-18 08:31:37 - [TEST_STEP][PASSED] - delay(1): Delayed 1 second(s)

2021-11-18 08:31:38 - [MESSAGE][PASSED] - Delayed 1 second(s)

2021-11-18 08:31:38 - [TEST_STEP][FAILED] - if (buymethod == "rdn"): Unable to call Test Case 'Test Cases/Mobile/Page/Metode Pembayaran/Metode Pembayaran' (Root cause: com.kms.katalon.core.exception.StepFailedException: Call Test Case 'Test Cases/Mobile/Page/Metode Pembayaran/Metode Pembayaran' failed
	at com.kms.katalon.core.keyword.builtin.CallTestCaseKeyword$_callTestCase_closure1.doCall(CallTestCaseKeyword.groovy:63)
	at com.kms.katalon.core.keyword.builtin.CallTestCaseKeyword$_callTestCase_closure1.call(CallTestCaseKeyword.groovy)
	at com.kms.katalon.core.keyword.internal.KeywordMain.runKeyword(KeywordMain.groovy:68)
	at com.kms.katalon.core.keyword.builtin.CallTestCaseKeyword.callTestCase(CallTestCaseKeyword.groovy:81)
	at com.kms.katalon.core.keyword.builtin.CallTestCaseKeyword.execute(CallTestCaseKeyword.groovy:44)
	at com.kms.katalon.core.keyword.internal.KeywordExecutor.executeKeywordForPlatform(KeywordExecutor.groovy:73)
	at com.kms.katalon.core.keyword.BuiltinKeywords.callTestCase(BuiltinKeywords.groovy:350)
	at Transaction.run(Transaction:102)
	at com.kms.katalon.core.main.ScriptEngine.run(ScriptEngine.java:194)
	at com.kms.katalon.core.main.ScriptEngine.runScriptAsRawText(ScriptEngine.java:119)
	at com.kms.katalon.core.main.TestCaseExecutor.runScript(TestCaseExecutor.java:398)
	at com.kms.katalon.core.main.TestCaseExecutor.doExecute(TestCaseExecutor.java:389)
	at com.kms.katalon.core.main.TestCaseExecutor.processExecutionPhase(TestCaseExecutor.java:368)
	at com.kms.katalon.core.main.TestCaseExecutor.accessMainPhase(TestCaseExecutor.java:360)
	at com.kms.katalon.core.main.TestCaseExecutor.execute(TestCaseExecutor.java:255)
	at com.kms.katalon.core.main.TestCaseMain.runTestCase(TestCaseMain.java:114)
	at com.kms.katalon.core.keyword.builtin.CallTestCaseKeyword$_callTestCase_closure1.doCall(CallTestCaseKeyword.groovy:59)
	at com.kms.katalon.core.keyword.builtin.CallTestCaseKeyword$_callTestCase_closure1.call(CallTestCaseKeyword.groovy)
	at com.kms.katalon.core.keyword.internal.KeywordMain.runKeyword(KeywordMain.groovy:68)
	at com.kms.katalon.core.keyword.builtin.CallTestCaseKeyword.callTestCase(CallTestCaseKeyword.groovy:81)
	at com.kms.katalon.core.keyword.builtin.CallTestCaseKeyword.execute(CallTestCaseKeyword.groovy:44)
	at com.kms.katalon.core.keyword.internal.KeywordExecutor.executeKeywordForPlatform(KeywordExecutor.groovy:73)
	at com.kms.katalon.core.keyword.BuiltinKeywords.callTestCase(BuiltinKeywords.groovy:334)
	at 020 - Beli reksa dana melalui keranjang menggunakan Rekening Data Nasabah.run(020 - Beli reksa dana melalui keranjang menggunakan Rekening Data Nasabah:22)
	at com.kms.katalon.core.main.ScriptEngine.run(ScriptEngine.java:194)
	at com.kms.katalon.core.main.ScriptEngine.runScriptAsRawText(ScriptEngine.java:119)
	at com.kms.katalon.core.main.TestCaseExecutor.runScript(TestCaseExecutor.java:398)
	at com.kms.katalon.core.main.TestCaseExecutor.doExecute(TestCaseExecutor.java:389)
	at com.kms.katalon.core.main.TestCaseExecutor.processExecutionPhase(TestCaseExecutor.java:368)
	at com.kms.katalon.core.main.TestCaseExecutor.accessMainPhase(TestCaseExecutor.java:360)
	at com.kms.katalon.core.main.TestCaseExecutor.execute(TestCaseExecutor.java:255)
	at com.kms.katalon.core.main.TestSuiteExecutor.accessTestCaseMainPhase(TestSuiteExecutor.java:203)
	at com.kms.katalon.core.main.TestSuiteExecutor.accessTestSuiteMainPhase(TestSuiteExecutor.java:152)
	at com.kms.katalon.core.main.TestSuiteExecutor.execute(TestSuiteExecutor.java:95)
	at com.kms.katalon.core.main.TestCaseMain.startTestSuite(TestCaseMain.java:157)
	at com.kms.katalon.core.main.TestCaseMain$startTestSuite$0.call(Unknown Source)
	at TempTestSuite1637197715028.run(TempTestSuite1637197715028.groovy:39)
Caused by: com.kms.katalon.core.exception.StepFailedException: Object Object Repository/Mobile/Page/Metode Pembayaran/Radio Button - Rekening Dana Nasabah not found
	at com.kms.katalon.core.mobile.helper.MobileElementCommonHelper.findElementWithCheck(MobileElementCommonHelper.java:159)
	at com.kms.katalon.core.mobile.helper.MobileElementCommonHelper.getElementTopPosition(MobileElementCommonHelper.java:357)
	at com.kms.katalon.core.mobile.keyword.builtin.GetElementTopPositionKeyword$_getElementTopPosition_closure1.doCall(GetElementTopPositionKeyword.groovy:70)
	at com.kms.katalon.core.mobile.keyword.builtin.GetElementTopPositionKeyword$_getElementTopPosition_closure1.call(GetElementTopPositionKeyword.groovy)
	at com.kms.katalon.core.mobile.keyword.internal.MobileKeywordMain.runKeywordAndReturnInt(MobileKeywordMain.groovy:30)
	at com.kms.katalon.core.mobile.keyword.builtin.GetElementTopPositionKeyword.getElementTopPosition(GetElementTopPositionKeyword.groovy:71)
	at com.kms.katalon.core.mobile.keyword.builtin.GetElementTopPositionKeyword.execute(GetElementTopPositionKeyword.groovy:64)
	at com.kms.katalon.core.keyword.internal.KeywordExecutor.executeKeywordForPlatform(KeywordExecutor.groovy:73)
	at com.kms.katalon.core.mobile.keyword.MobileBuiltInKeywords.getElementTopPosition(MobileBuiltInKeywords.groovy:2600)
	at com.kms.katalon.core.mobile.keyword.MobileBuiltInKeywords$getElementTopPosition$8.call(Unknown Source)
	at Metode Pembayaran.run(Metode Pembayaran:24)
	at com.kms.katalon.core.main.ScriptEngine.run(ScriptEngine.java:194)
	at com.kms.katalon.core.main.ScriptEngine.runScriptAsRawText(ScriptEngine.java:119)
	at com.kms.katalon.core.main.TestCaseExecutor.runScript(TestCaseExecutor.java:398)
	at com.kms.katalon.core.main.TestCaseExecutor.doExecute(TestCaseExecutor.java:389)
	at com.kms.katalon.core.main.TestCaseExecutor.processExecutionPhase(TestCaseExecutor.java:368)
	at com.kms.katalon.core.main.TestCaseExecutor.accessMainPhase(TestCaseExecutor.java:360)
	at com.kms.katalon.core.main.TestCaseExecutor.execute(TestCaseExecutor.java:255)
	at com.kms.katalon.core.main.TestCaseMain.runTestCase(TestCaseMain.java:114)
	at com.kms.katalon.core.keyword.builtin.CallTestCaseKeyword$_callTestCase_closure1.doCall(CallTestCaseKeyword.groovy:59)
	... 36 more
)

2021-11-18 08:31:38 - [TEST_STEP][FAILED] - callTestCase(findTestCase("Mobile/Page/Metode Pembayaran/Metode Pembayaran"), ["metodePembayaran":"Rekening Dana Nasabah"]): Unable to call Test Case 'Test Cases/Mobile/Page/Metode Pembayaran/Metode Pembayaran' (Root cause: com.kms.katalon.core.exception.StepFailedException: Call Test Case 'Test Cases/Mobile/Page/Metode Pembayaran/Metode Pembayaran' failed
	at com.kms.katalon.core.keyword.builtin.CallTestCaseKeyword$_callTestCase_closure1.doCall(CallTestCaseKeyword.groovy:63)
	at com.kms.katalon.core.keyword.builtin.CallTestCaseKeyword$_callTestCase_closure1.call(CallTestCaseKeyword.groovy)
	at com.kms.katalon.core.keyword.internal.KeywordMain.runKeyword(KeywordMain.groovy:68)
	at com.kms.katalon.core.keyword.builtin.CallTestCaseKeyword.callTestCase(CallTestCaseKeyword.groovy:81)
	at com.kms.katalon.core.keyword.builtin.CallTestCaseKeyword.execute(CallTestCaseKeyword.groovy:44)
	at com.kms.katalon.core.keyword.internal.KeywordExecutor.executeKeywordForPlatform(KeywordExecutor.groovy:73)
	at com.kms.katalon.core.keyword.BuiltinKeywords.callTestCase(BuiltinKeywords.groovy:350)
	at Transaction.run(Transaction:102)
	at com.kms.katalon.core.main.ScriptEngine.run(ScriptEngine.java:194)
	at com.kms.katalon.core.main.ScriptEngine.runScriptAsRawText(ScriptEngine.java:119)
	at com.kms.katalon.core.main.TestCaseExecutor.runScript(TestCaseExecutor.java:398)
	at com.kms.katalon.core.main.TestCaseExecutor.doExecute(TestCaseExecutor.java:389)
	at com.kms.katalon.core.main.TestCaseExecutor.processExecutionPhase(TestCaseExecutor.java:368)
	at com.kms.katalon.core.main.TestCaseExecutor.accessMainPhase(TestCaseExecutor.java:360)
	at com.kms.katalon.core.main.TestCaseExecutor.execute(TestCaseExecutor.java:255)
	at com.kms.katalon.core.main.TestCaseMain.runTestCase(TestCaseMain.java:114)
	at com.kms.katalon.core.keyword.builtin.CallTestCaseKeyword$_callTestCase_closure1.doCall(CallTestCaseKeyword.groovy:59)
	at com.kms.katalon.core.keyword.builtin.CallTestCaseKeyword$_callTestCase_closure1.call(CallTestCaseKeyword.groovy)
	at com.kms.katalon.core.keyword.internal.KeywordMain.runKeyword(KeywordMain.groovy:68)
	at com.kms.katalon.core.keyword.builtin.CallTestCaseKeyword.callTestCase(CallTestCaseKeyword.groovy:81)
	at com.kms.katalon.core.keyword.builtin.CallTestCaseKeyword.execute(CallTestCaseKeyword.groovy:44)
	at com.kms.katalon.core.keyword.internal.KeywordExecutor.executeKeywordForPlatform(KeywordExecutor.groovy:73)
	at com.kms.katalon.core.keyword.BuiltinKeywords.callTestCase(BuiltinKeywords.groovy:334)
	at 020 - Beli reksa dana melalui keranjang menggunakan Rekening Data Nasabah.run(020 - Beli reksa dana melalui keranjang menggunakan Rekening Data Nasabah:22)
	at com.kms.katalon.core.main.ScriptEngine.run(ScriptEngine.java:194)
	at com.kms.katalon.core.main.ScriptEngine.runScriptAsRawText(ScriptEngine.java:119)
	at com.kms.katalon.core.main.TestCaseExecutor.runScript(TestCaseExecutor.java:398)
	at com.kms.katalon.core.main.TestCaseExecutor.doExecute(TestCaseExecutor.java:389)
	at com.kms.katalon.core.main.TestCaseExecutor.processExecutionPhase(TestCaseExecutor.java:368)
	at com.kms.katalon.core.main.TestCaseExecutor.accessMainPhase(TestCaseExecutor.java:360)
	at com.kms.katalon.core.main.TestCaseExecutor.execute(TestCaseExecutor.java:255)
	at com.kms.katalon.core.main.TestSuiteExecutor.accessTestCaseMainPhase(TestSuiteExecutor.java:203)
	at com.kms.katalon.core.main.TestSuiteExecutor.accessTestSuiteMainPhase(TestSuiteExecutor.java:152)
	at com.kms.katalon.core.main.TestSuiteExecutor.execute(TestSuiteExecutor.java:95)
	at com.kms.katalon.core.main.TestCaseMain.startTestSuite(TestCaseMain.java:157)
	at com.kms.katalon.core.main.TestCaseMain$startTestSuite$0.call(Unknown Source)
	at TempTestSuite1637197715028.run(TempTestSuite1637197715028.groovy:39)
Caused by: com.kms.katalon.core.exception.StepFailedException: Object Object Repository/Mobile/Page/Metode Pembayaran/Radio Button - Rekening Dana Nasabah not found
	at com.kms.katalon.core.mobile.helper.MobileElementCommonHelper.findElementWithCheck(MobileElementCommonHelper.java:159)
	at com.kms.katalon.core.mobile.helper.MobileElementCommonHelper.getElementTopPosition(MobileElementCommonHelper.java:357)
	at com.kms.katalon.core.mobile.keyword.builtin.GetElementTopPositionKeyword$_getElementTopPosition_closure1.doCall(GetElementTopPositionKeyword.groovy:70)
	at com.kms.katalon.core.mobile.keyword.builtin.GetElementTopPositionKeyword$_getElementTopPosition_closure1.call(GetElementTopPositionKeyword.groovy)
	at com.kms.katalon.core.mobile.keyword.internal.MobileKeywordMain.runKeywordAndReturnInt(MobileKeywordMain.groovy:30)
	at com.kms.katalon.core.mobile.keyword.builtin.GetElementTopPositionKeyword.getElementTopPosition(GetElementTopPositionKeyword.groovy:71)
	at com.kms.katalon.core.mobile.keyword.builtin.GetElementTopPositionKeyword.execute(GetElementTopPositionKeyword.groovy:64)
	at com.kms.katalon.core.keyword.internal.KeywordExecutor.executeKeywordForPlatform(KeywordExecutor.groovy:73)
	at com.kms.katalon.core.mobile.keyword.MobileBuiltInKeywords.getElementTopPosition(MobileBuiltInKeywords.groovy:2600)
	at com.kms.katalon.core.mobile.keyword.MobileBuiltInKeywords$getElementTopPosition$8.call(Unknown Source)
	at Metode Pembayaran.run(Metode Pembayaran:24)
	at com.kms.katalon.core.main.ScriptEngine.run(ScriptEngine.java:194)
	at com.kms.katalon.core.main.ScriptEngine.runScriptAsRawText(ScriptEngine.java:119)
	at com.kms.katalon.core.main.TestCaseExecutor.runScript(TestCaseExecutor.java:398)
	at com.kms.katalon.core.main.TestCaseExecutor.doExecute(TestCaseExecutor.java:389)
	at com.kms.katalon.core.main.TestCaseExecutor.processExecutionPhase(TestCaseExecutor.java:368)
	at com.kms.katalon.core.main.TestCaseExecutor.accessMainPhase(TestCaseExecutor.java:360)
	at com.kms.katalon.core.main.TestCaseExecutor.execute(TestCaseExecutor.java:255)
	at com.kms.katalon.core.main.TestCaseMain.runTestCase(TestCaseMain.java:114)
	at com.kms.katalon.core.keyword.builtin.CallTestCaseKeyword$_callTestCase_closure1.doCall(CallTestCaseKeyword.groovy:59)
	... 36 more
)

2021-11-18 08:31:38 - [TEST_CASE][FAILED] - Test Cases/Mobile/Page/Metode Pembayaran/Metode Pembayaran: Test Cases/Mobile/Page/Metode Pembayaran/Metode Pembayaran FAILED.
Reason:
com.kms.katalon.core.exception.StepFailedException: Object Object Repository/Mobile/Page/Metode Pembayaran/Radio Button - Rekening Dana Nasabah not found
	at com.kms.katalon.core.mobile.helper.MobileElementCommonHelper.findElementWithCheck(MobileElementCommonHelper.java:159)
	at com.kms.katalon.core.mobile.helper.MobileElementCommonHelper.getElementTopPosition(MobileElementCommonHelper.java:357)
	at com.kms.katalon.core.mobile.keyword.builtin.GetElementTopPositionKeyword$_getElementTopPosition_closure1.doCall(GetElementTopPositionKeyword.groovy:70)
	at com.kms.katalon.core.mobile.keyword.builtin.GetElementTopPositionKeyword$_getElementTopPosition_closure1.call(GetElementTopPositionKeyword.groovy)
	at com.kms.katalon.core.mobile.keyword.internal.MobileKeywordMain.runKeywordAndReturnInt(MobileKeywordMain.groovy:30)
	at com.kms.katalon.core.mobile.keyword.builtin.GetElementTopPositionKeyword.getElementTopPosition(GetElementTopPositionKeyword.groovy:71)
	at com.kms.katalon.core.mobile.keyword.builtin.GetElementTopPositionKeyword.execute(GetElementTopPositionKeyword.groovy:64)
	at com.kms.katalon.core.keyword.internal.KeywordExecutor.executeKeywordForPlatform(KeywordExecutor.groovy:73)
	at com.kms.katalon.core.mobile.keyword.MobileBuiltInKeywords.getElementTopPosition(MobileBuiltInKeywords.groovy:2600)
	at com.kms.katalon.core.mobile.keyword.MobileBuiltInKeywords$getElementTopPosition$8.call(Unknown Source)
	at Metode Pembayaran.run(Metode Pembayaran:24)
	at com.kms.katalon.core.main.ScriptEngine.run(ScriptEngine.java:194)
	at com.kms.katalon.core.main.ScriptEngine.runScriptAsRawText(ScriptEngine.java:119)
	at com.kms.katalon.core.main.TestCaseExecutor.runScript(TestCaseExecutor.java:398)
	at com.kms.katalon.core.main.TestCaseExecutor.doExecute(TestCaseExecutor.java:389)
	at com.kms.katalon.core.main.TestCaseExecutor.processExecutionPhase(TestCaseExecutor.java:368)
	at com.kms.katalon.core.main.TestCaseExecutor.accessMainPhase(TestCaseExecutor.java:360)
	at com.kms.katalon.core.main.TestCaseExecutor.execute(TestCaseExecutor.java:255)
	at com.kms.katalon.core.main.TestCaseMain.runTestCase(TestCaseMain.java:114)
	at com.kms.katalon.core.keyword.builtin.CallTestCaseKeyword$_callTestCase_closure1.doCall(CallTestCaseKeyword.groovy:59)
	at com.kms.katalon.core.keyword.builtin.CallTestCaseKeyword$_callTestCase_closure1.call(CallTestCaseKeyword.groovy)
	at com.kms.katalon.core.keyword.internal.KeywordMain.runKeyword(KeywordMain.groovy:68)
	at com.kms.katalon.core.keyword.builtin.CallTestCaseKeyword.callTestCase(CallTestCaseKeyword.groovy:81)
	at com.kms.katalon.core.keyword.builtin.CallTestCaseKeyword.execute(CallTestCaseKeyword.groovy:44)
	at com.kms.katalon.core.keyword.internal.KeywordExecutor.executeKeywordForPlatform(KeywordExecutor.groovy:73)
	at com.kms.katalon.core.keyword.BuiltinKeywords.callTestCase(BuiltinKeywords.groovy:350)
	at Transaction.run(Transaction:102)
	at com.kms.katalon.core.main.ScriptEngine.run(ScriptEngine.java:194)
	at com.kms.katalon.core.main.ScriptEngine.runScriptAsRawText(ScriptEngine.java:119)
	at com.kms.katalon.core.main.TestCaseExecutor.runScript(TestCaseExecutor.java:398)
	at com.kms.katalon.core.main.TestCaseExecutor.doExecute(TestCaseExecutor.java:389)
	at com.kms.katalon.core.main.TestCaseExecutor.processExecutionPhase(TestCaseExecutor.java:368)
	at com.kms.katalon.core.main.TestCaseExecutor.accessMainPhase(TestCaseExecutor.java:360)
	at com.kms.katalon.core.main.TestCaseExecutor.execute(TestCaseExecutor.java:255)
	at com.kms.katalon.core.main.TestCaseMain.runTestCase(TestCaseMain.java:114)
	at com.kms.katalon.core.keyword.builtin.CallTestCaseKeyword$_callTestCase_closure1.doCall(CallTestCaseKeyword.groovy:59)
	at com.kms.katalon.core.keyword.builtin.CallTestCaseKeyword$_callTestCase_closure1.call(CallTestCaseKeyword.groovy)
	at com.kms.katalon.core.keyword.internal.KeywordMain.runKeyword(KeywordMain.groovy:68)
	at com.kms.katalon.core.keyword.builtin.CallTestCaseKeyword.callTestCase(CallTestCaseKeyword.groovy:81)
	at com.kms.katalon.core.keyword.builtin.CallTestCaseKeyword.execute(CallTestCaseKeyword.groovy:44)
	at com.kms.katalon.core.keyword.internal.KeywordExecutor.executeKeywordForPlatform(KeywordExecutor.groovy:73)
	at com.kms.katalon.core.keyword.BuiltinKeywords.callTestCase(BuiltinKeywords.groovy:334)
	at 020 - Beli reksa dana melalui keranjang menggunakan Rekening Data Nasabah.run(020 - Beli reksa dana melalui keranjang menggunakan Rekening Data Nasabah:22)
	at com.kms.katalon.core.main.ScriptEngine.run(ScriptEngine.java:194)
	at com.kms.katalon.core.main.ScriptEngine.runScriptAsRawText(ScriptEngine.java:119)
	at com.kms.katalon.core.main.TestCaseExecutor.runScript(TestCaseExecutor.java:398)
	at com.kms.katalon.core.main.TestCaseExecutor.doExecute(TestCaseExecutor.java:389)
	at com.kms.katalon.core.main.TestCaseExecutor.processExecutionPhase(TestCaseExecutor.java:368)
	at com.kms.katalon.core.main.TestCaseExecutor.accessMainPhase(TestCaseExecutor.java:360)
	at com.kms.katalon.core.main.TestCaseExecutor.execute(TestCaseExecutor.java:255)
	at com.kms.katalon.core.main.TestSuiteExecutor.accessTestCaseMainPhase(TestSuiteExecutor.java:203)
	at com.kms.katalon.core.main.TestSuiteExecutor.accessTestSuiteMainPhase(TestSuiteExecutor.java:152)
	at com.kms.katalon.core.main.TestSuiteExecutor.execute(TestSuiteExecutor.java:95)
	at com.kms.katalon.core.main.TestCaseMain.startTestSuite(TestCaseMain.java:157)
	at com.kms.katalon.core.main.TestCaseMain$startTestSuite$0.call(Unknown Source)
	at TempTestSuite1637197715028.run(TempTestSuite1637197715028.groovy:39)


2021-11-18 08:31:39 - [TEST_STEP][FAILED] - switch (metodePembayaran): Failed to get top position of element 'Object Repository/Mobile/Page/Metode Pembayaran/Radio Button - Rekening Dana Nasabah' (Root cause: com.kms.katalon.core.exception.StepFailedException: Object Object Repository/Mobile/Page/Metode Pembayaran/Radio Button - Rekening Dana Nasabah not found
	at com.kms.katalon.core.mobile.helper.MobileElementCommonHelper.findElementWithCheck(MobileElementCommonHelper.java:159)
	at com.kms.katalon.core.mobile.helper.MobileElementCommonHelper.getElementTopPosition(MobileElementCommonHelper.java:357)
	at com.kms.katalon.core.mobile.keyword.builtin.GetElementTopPositionKeyword$_getElementTopPosition_closure1.doCall(GetElementTopPositionKeyword.groovy:70)
	at com.kms.katalon.core.mobile.keyword.builtin.GetElementTopPositionKeyword$_getElementTopPosition_closure1.call(GetElementTopPositionKeyword.groovy)
	at com.kms.katalon.core.mobile.keyword.internal.MobileKeywordMain.runKeywordAndReturnInt(MobileKeywordMain.groovy:30)
	at com.kms.katalon.core.mobile.keyword.builtin.GetElementTopPositionKeyword.getElementTopPosition(GetElementTopPositionKeyword.groovy:71)
	at com.kms.katalon.core.mobile.keyword.builtin.GetElementTopPositionKeyword.execute(GetElementTopPositionKeyword.groovy:64)
	at com.kms.katalon.core.keyword.internal.KeywordExecutor.executeKeywordForPlatform(KeywordExecutor.groovy:73)
	at com.kms.katalon.core.mobile.keyword.MobileBuiltInKeywords.getElementTopPosition(MobileBuiltInKeywords.groovy:2600)
	at com.kms.katalon.core.mobile.keyword.MobileBuiltInKeywords$getElementTopPosition$8.call(Unknown Source)
	at Metode Pembayaran.run(Metode Pembayaran:24)
	at com.kms.katalon.core.main.ScriptEngine.run(ScriptEngine.java:194)
	at com.kms.katalon.core.main.ScriptEngine.runScriptAsRawText(ScriptEngine.java:119)
	at com.kms.katalon.core.main.TestCaseExecutor.runScript(TestCaseExecutor.java:398)
	at com.kms.katalon.core.main.TestCaseExecutor.doExecute(TestCaseExecutor.java:389)
	at com.kms.katalon.core.main.TestCaseExecutor.processExecutionPhase(TestCaseExecutor.java:368)
	at com.kms.katalon.core.main.TestCaseExecutor.accessMainPhase(TestCaseExecutor.java:360)
	at com.kms.katalon.core.main.TestCaseExecutor.execute(TestCaseExecutor.java:255)
	at com.kms.katalon.core.main.TestCaseMain.runTestCase(TestCaseMain.java:114)
	at com.kms.katalon.core.keyword.builtin.CallTestCaseKeyword$_callTestCase_closure1.doCall(CallTestCaseKeyword.groovy:59)
	at com.kms.katalon.core.keyword.builtin.CallTestCaseKeyword$_callTestCase_closure1.call(CallTestCaseKeyword.groovy)
	at com.kms.katalon.core.keyword.internal.KeywordMain.runKeyword(KeywordMain.groovy:68)
	at com.kms.katalon.core.keyword.builtin.CallTestCaseKeyword.callTestCase(CallTestCaseKeyword.groovy:81)
	at com.kms.katalon.core.keyword.builtin.CallTestCaseKeyword.execute(CallTestCaseKeyword.groovy:44)
	at com.kms.katalon.core.keyword.internal.KeywordExecutor.executeKeywordForPlatform(KeywordExecutor.groovy:73)
	at com.kms.katalon.core.keyword.BuiltinKeywords.callTestCase(BuiltinKeywords.groovy:350)
	at Transaction.run(Transaction:102)
	at com.kms.katalon.core.main.ScriptEngine.run(ScriptEngine.java:194)
	at com.kms.katalon.core.main.ScriptEngine.runScriptAsRawText(ScriptEngine.java:119)
	at com.kms.katalon.core.main.TestCaseExecutor.runScript(TestCaseExecutor.java:398)
	at com.kms.katalon.core.main.TestCaseExecutor.doExecute(TestCaseExecutor.java:389)
	at com.kms.katalon.core.main.TestCaseExecutor.processExecutionPhase(TestCaseExecutor.java:368)
	at com.kms.katalon.core.main.TestCaseExecutor.accessMainPhase(TestCaseExecutor.java:360)
	at com.kms.katalon.core.main.TestCaseExecutor.execute(TestCaseExecutor.java:255)
	at com.kms.katalon.core.main.TestCaseMain.runTestCase(TestCaseMain.java:114)
	at com.kms.katalon.core.keyword.builtin.CallTestCaseKeyword$_callTestCase_closure1.doCall(CallTestCaseKeyword.groovy:59)
	at com.kms.katalon.core.keyword.builtin.CallTestCaseKeyword$_callTestCase_closure1.call(CallTestCaseKeyword.groovy)
	at com.kms.katalon.core.keyword.internal.KeywordMain.runKeyword(KeywordMain.groovy:68)
	at com.kms.katalon.core.keyword.builtin.CallTestCaseKeyword.callTestCase(CallTestCaseKeyword.groovy:81)
	at com.kms.katalon.core.keyword.builtin.CallTestCaseKeyword.execute(CallTestCaseKeyword.groovy:44)
	at com.kms.katalon.core.keyword.internal.KeywordExecutor.executeKeywordForPlatform(KeywordExecutor.groovy:73)
	at com.kms.katalon.core.keyword.BuiltinKeywords.callTestCase(BuiltinKeywords.groovy:334)
	at 020 - Beli reksa dana melalui keranjang menggunakan Rekening Data Nasabah.run(020 - Beli reksa dana melalui keranjang menggunakan Rekening Data Nasabah:22)
	at com.kms.katalon.core.main.ScriptEngine.run(ScriptEngine.java:194)
	at com.kms.katalon.core.main.ScriptEngine.runScriptAsRawText(ScriptEngine.java:119)
	at com.kms.katalon.core.main.TestCaseExecutor.runScript(TestCaseExecutor.java:398)
	at com.kms.katalon.core.main.TestCaseExecutor.doExecute(TestCaseExecutor.java:389)
	at com.kms.katalon.core.main.TestCaseExecutor.processExecutionPhase(TestCaseExecutor.java:368)
	at com.kms.katalon.core.main.TestCaseExecutor.accessMainPhase(TestCaseExecutor.java:360)
	at com.kms.katalon.core.main.TestCaseExecutor.execute(TestCaseExecutor.java:255)
	at com.kms.katalon.core.main.TestSuiteExecutor.accessTestCaseMainPhase(TestSuiteExecutor.java:203)
	at com.kms.katalon.core.main.TestSuiteExecutor.accessTestSuiteMainPhase(TestSuiteExecutor.java:152)
	at com.kms.katalon.core.main.TestSuiteExecutor.execute(TestSuiteExecutor.java:95)
	at com.kms.katalon.core.main.TestCaseMain.startTestSuite(TestCaseMain.java:157)
	at com.kms.katalon.core.main.TestCaseMain$startTestSuite$0.call(Unknown Source)
	at TempTestSuite1637197715028.run(TempTestSuite1637197715028.groovy:39)
)

2021-11-18 08:31:39 - [TEST_STEP][FAILED] - case "Rekening Dana Nasabah":: Failed to get top position of element 'Object Repository/Mobile/Page/Metode Pembayaran/Radio Button - Rekening Dana Nasabah' (Root cause: com.kms.katalon.core.exception.StepFailedException: Object Object Repository/Mobile/Page/Metode Pembayaran/Radio Button - Rekening Dana Nasabah not found
	at com.kms.katalon.core.mobile.helper.MobileElementCommonHelper.findElementWithCheck(MobileElementCommonHelper.java:159)
	at com.kms.katalon.core.mobile.helper.MobileElementCommonHelper.getElementTopPosition(MobileElementCommonHelper.java:357)
	at com.kms.katalon.core.mobile.keyword.builtin.GetElementTopPositionKeyword$_getElementTopPosition_closure1.doCall(GetElementTopPositionKeyword.groovy:70)
	at com.kms.katalon.core.mobile.keyword.builtin.GetElementTopPositionKeyword$_getElementTopPosition_closure1.call(GetElementTopPositionKeyword.groovy)
	at com.kms.katalon.core.mobile.keyword.internal.MobileKeywordMain.runKeywordAndReturnInt(MobileKeywordMain.groovy:30)
	at com.kms.katalon.core.mobile.keyword.builtin.GetElementTopPositionKeyword.getElementTopPosition(GetElementTopPositionKeyword.groovy:71)
	at com.kms.katalon.core.mobile.keyword.builtin.GetElementTopPositionKeyword.execute(GetElementTopPositionKeyword.groovy:64)
	at com.kms.katalon.core.keyword.internal.KeywordExecutor.executeKeywordForPlatform(KeywordExecutor.groovy:73)
	at com.kms.katalon.core.mobile.keyword.MobileBuiltInKeywords.getElementTopPosition(MobileBuiltInKeywords.groovy:2600)
	at com.kms.katalon.core.mobile.keyword.MobileBuiltInKeywords$getElementTopPosition$8.call(Unknown Source)
	at Metode Pembayaran.run(Metode Pembayaran:24)
	at com.kms.katalon.core.main.ScriptEngine.run(ScriptEngine.java:194)
	at com.kms.katalon.core.main.ScriptEngine.runScriptAsRawText(ScriptEngine.java:119)
	at com.kms.katalon.core.main.TestCaseExecutor.runScript(TestCaseExecutor.java:398)
	at com.kms.katalon.core.main.TestCaseExecutor.doExecute(TestCaseExecutor.java:389)
	at com.kms.katalon.core.main.TestCaseExecutor.processExecutionPhase(TestCaseExecutor.java:368)
	at com.kms.katalon.core.main.TestCaseExecutor.accessMainPhase(TestCaseExecutor.java:360)
	at com.kms.katalon.core.main.TestCaseExecutor.execute(TestCaseExecutor.java:255)
	at com.kms.katalon.core.main.TestCaseMain.runTestCase(TestCaseMain.java:114)
	at com.kms.katalon.core.keyword.builtin.CallTestCaseKeyword$_callTestCase_closure1.doCall(CallTestCaseKeyword.groovy:59)
	at com.kms.katalon.core.keyword.builtin.CallTestCaseKeyword$_callTestCase_closure1.call(CallTestCaseKeyword.groovy)
	at com.kms.katalon.core.keyword.internal.KeywordMain.runKeyword(KeywordMain.groovy:68)
	at com.kms.katalon.core.keyword.builtin.CallTestCaseKeyword.callTestCase(CallTestCaseKeyword.groovy:81)
	at com.kms.katalon.core.keyword.builtin.CallTestCaseKeyword.execute(CallTestCaseKeyword.groovy:44)
	at com.kms.katalon.core.keyword.internal.KeywordExecutor.executeKeywordForPlatform(KeywordExecutor.groovy:73)
	at com.kms.katalon.core.keyword.BuiltinKeywords.callTestCase(BuiltinKeywords.groovy:350)
	at Transaction.run(Transaction:102)
	at com.kms.katalon.core.main.ScriptEngine.run(ScriptEngine.java:194)
	at com.kms.katalon.core.main.ScriptEngine.runScriptAsRawText(ScriptEngine.java:119)
	at com.kms.katalon.core.main.TestCaseExecutor.runScript(TestCaseExecutor.java:398)
	at com.kms.katalon.core.main.TestCaseExecutor.doExecute(TestCaseExecutor.java:389)
	at com.kms.katalon.core.main.TestCaseExecutor.processExecutionPhase(TestCaseExecutor.java:368)
	at com.kms.katalon.core.main.TestCaseExecutor.accessMainPhase(TestCaseExecutor.java:360)
	at com.kms.katalon.core.main.TestCaseExecutor.execute(TestCaseExecutor.java:255)
	at com.kms.katalon.core.main.TestCaseMain.runTestCase(TestCaseMain.java:114)
	at com.kms.katalon.core.keyword.builtin.CallTestCaseKeyword$_callTestCase_closure1.doCall(CallTestCaseKeyword.groovy:59)
	at com.kms.katalon.core.keyword.builtin.CallTestCaseKeyword$_callTestCase_closure1.call(CallTestCaseKeyword.groovy)
	at com.kms.katalon.core.keyword.internal.KeywordMain.runKeyword(KeywordMain.groovy:68)
	at com.kms.katalon.core.keyword.builtin.CallTestCaseKeyword.callTestCase(CallTestCaseKeyword.groovy:81)
	at com.kms.katalon.core.keyword.builtin.CallTestCaseKeyword.execute(CallTestCaseKeyword.groovy:44)
	at com.kms.katalon.core.keyword.internal.KeywordExecutor.executeKeywordForPlatform(KeywordExecutor.groovy:73)
	at com.kms.katalon.core.keyword.BuiltinKeywords.callTestCase(BuiltinKeywords.groovy:334)
	at 020 - Beli reksa dana melalui keranjang menggunakan Rekening Data Nasabah.run(020 - Beli reksa dana melalui keranjang menggunakan Rekening Data Nasabah:22)
	at com.kms.katalon.core.main.ScriptEngine.run(ScriptEngine.java:194)
	at com.kms.katalon.core.main.ScriptEngine.runScriptAsRawText(ScriptEngine.java:119)
	at com.kms.katalon.core.main.TestCaseExecutor.runScript(TestCaseExecutor.java:398)
	at com.kms.katalon.core.main.TestCaseExecutor.doExecute(TestCaseExecutor.java:389)
	at com.kms.katalon.core.main.TestCaseExecutor.processExecutionPhase(TestCaseExecutor.java:368)
	at com.kms.katalon.core.main.TestCaseExecutor.accessMainPhase(TestCaseExecutor.java:360)
	at com.kms.katalon.core.main.TestCaseExecutor.execute(TestCaseExecutor.java:255)
	at com.kms.katalon.core.main.TestSuiteExecutor.accessTestCaseMainPhase(TestSuiteExecutor.java:203)
	at com.kms.katalon.core.main.TestSuiteExecutor.accessTestSuiteMainPhase(TestSuiteExecutor.java:152)
	at com.kms.katalon.core.main.TestSuiteExecutor.execute(TestSuiteExecutor.java:95)
	at com.kms.katalon.core.main.TestCaseMain.startTestSuite(TestCaseMain.java:157)
	at com.kms.katalon.core.main.TestCaseMain$startTestSuite$0.call(Unknown Source)
	at TempTestSuite1637197715028.run(TempTestSuite1637197715028.groovy:39)
)

2021-11-18 08:31:39 - [TEST_STEP][PASSED] - rdn = findTestObject("Mobile/Page/Metode Pembayaran/Radio Button - Rekening Dana Nasabah"): null

2021-11-18 08:31:39 - [TEST_STEP][FAILED] - topPosition = getElementTopPosition(rdn, 0): Failed to get top position of element 'Object Repository/Mobile/Page/Metode Pembayaran/Radio Button - Rekening Dana Nasabah' (Root cause: com.kms.katalon.core.exception.StepFailedException: Object Object Repository/Mobile/Page/Metode Pembayaran/Radio Button - Rekening Dana Nasabah not found
	at com.kms.katalon.core.mobile.helper.MobileElementCommonHelper.findElementWithCheck(MobileElementCommonHelper.java:159)
	at com.kms.katalon.core.mobile.helper.MobileElementCommonHelper.getElementTopPosition(MobileElementCommonHelper.java:357)
	at com.kms.katalon.core.mobile.keyword.builtin.GetElementTopPositionKeyword$_getElementTopPosition_closure1.doCall(GetElementTopPositionKeyword.groovy:70)
	at com.kms.katalon.core.mobile.keyword.builtin.GetElementTopPositionKeyword$_getElementTopPosition_closure1.call(GetElementTopPositionKeyword.groovy)
	at com.kms.katalon.core.mobile.keyword.internal.MobileKeywordMain.runKeywordAndReturnInt(MobileKeywordMain.groovy:30)
	at com.kms.katalon.core.mobile.keyword.builtin.GetElementTopPositionKeyword.getElementTopPosition(GetElementTopPositionKeyword.groovy:71)
	at com.kms.katalon.core.mobile.keyword.builtin.GetElementTopPositionKeyword.execute(GetElementTopPositionKeyword.groovy:64)
	at com.kms.katalon.core.keyword.internal.KeywordExecutor.executeKeywordForPlatform(KeywordExecutor.groovy:73)
	at com.kms.katalon.core.mobile.keyword.MobileBuiltInKeywords.getElementTopPosition(MobileBuiltInKeywords.groovy:2600)
	at com.kms.katalon.core.mobile.keyword.MobileBuiltInKeywords$getElementTopPosition$8.call(Unknown Source)
	at Metode Pembayaran.run(Metode Pembayaran:24)
	at com.kms.katalon.core.main.ScriptEngine.run(ScriptEngine.java:194)
	at com.kms.katalon.core.main.ScriptEngine.runScriptAsRawText(ScriptEngine.java:119)
	at com.kms.katalon.core.main.TestCaseExecutor.runScript(TestCaseExecutor.java:398)
	at com.kms.katalon.core.main.TestCaseExecutor.doExecute(TestCaseExecutor.java:389)
	at com.kms.katalon.core.main.TestCaseExecutor.processExecutionPhase(TestCaseExecutor.java:368)
	at com.kms.katalon.core.main.TestCaseExecutor.accessMainPhase(TestCaseExecutor.java:360)
	at com.kms.katalon.core.main.TestCaseExecutor.execute(TestCaseExecutor.java:255)
	at com.kms.katalon.core.main.TestCaseMain.runTestCase(TestCaseMain.java:114)
	at com.kms.katalon.core.keyword.builtin.CallTestCaseKeyword$_callTestCase_closure1.doCall(CallTestCaseKeyword.groovy:59)
	at com.kms.katalon.core.keyword.builtin.CallTestCaseKeyword$_callTestCase_closure1.call(CallTestCaseKeyword.groovy)
	at com.kms.katalon.core.keyword.internal.KeywordMain.runKeyword(KeywordMain.groovy:68)
	at com.kms.katalon.core.keyword.builtin.CallTestCaseKeyword.callTestCase(CallTestCaseKeyword.groovy:81)
	at com.kms.katalon.core.keyword.builtin.CallTestCaseKeyword.execute(CallTestCaseKeyword.groovy:44)
	at com.kms.katalon.core.keyword.internal.KeywordExecutor.executeKeywordForPlatform(KeywordExecutor.groovy:73)
	at com.kms.katalon.core.keyword.BuiltinKeywords.callTestCase(BuiltinKeywords.groovy:350)
	at Transaction.run(Transaction:102)
	at com.kms.katalon.core.main.ScriptEngine.run(ScriptEngine.java:194)
	at com.kms.katalon.core.main.ScriptEngine.runScriptAsRawText(ScriptEngine.java:119)
	at com.kms.katalon.core.main.TestCaseExecutor.runScript(TestCaseExecutor.java:398)
	at com.kms.katalon.core.main.TestCaseExecutor.doExecute(TestCaseExecutor.java:389)
	at com.kms.katalon.core.main.TestCaseExecutor.processExecutionPhase(TestCaseExecutor.java:368)
	at com.kms.katalon.core.main.TestCaseExecutor.accessMainPhase(TestCaseExecutor.java:360)
	at com.kms.katalon.core.main.TestCaseExecutor.execute(TestCaseExecutor.java:255)
	at com.kms.katalon.core.main.TestCaseMain.runTestCase(TestCaseMain.java:114)
	at com.kms.katalon.core.keyword.builtin.CallTestCaseKeyword$_callTestCase_closure1.doCall(CallTestCaseKeyword.groovy:59)
	at com.kms.katalon.core.keyword.builtin.CallTestCaseKeyword$_callTestCase_closure1.call(CallTestCaseKeyword.groovy)
	at com.kms.katalon.core.keyword.internal.KeywordMain.runKeyword(KeywordMain.groovy:68)
	at com.kms.katalon.core.keyword.builtin.CallTestCaseKeyword.callTestCase(CallTestCaseKeyword.groovy:81)
	at com.kms.katalon.core.keyword.builtin.CallTestCaseKeyword.execute(CallTestCaseKeyword.groovy:44)
	at com.kms.katalon.core.keyword.internal.KeywordExecutor.executeKeywordForPlatform(KeywordExecutor.groovy:73)
	at com.kms.katalon.core.keyword.BuiltinKeywords.callTestCase(BuiltinKeywords.groovy:334)
	at 020 - Beli reksa dana melalui keranjang menggunakan Rekening Data Nasabah.run(020 - Beli reksa dana melalui keranjang menggunakan Rekening Data Nasabah:22)
	at com.kms.katalon.core.main.ScriptEngine.run(ScriptEngine.java:194)
	at com.kms.katalon.core.main.ScriptEngine.runScriptAsRawText(ScriptEngine.java:119)
	at com.kms.katalon.core.main.TestCaseExecutor.runScript(TestCaseExecutor.java:398)
	at com.kms.katalon.core.main.TestCaseExecutor.doExecute(TestCaseExecutor.java:389)
	at com.kms.katalon.core.main.TestCaseExecutor.processExecutionPhase(TestCaseExecutor.java:368)
	at com.kms.katalon.core.main.TestCaseExecutor.accessMainPhase(TestCaseExecutor.java:360)
	at com.kms.katalon.core.main.TestCaseExecutor.execute(TestCaseExecutor.java:255)
	at com.kms.katalon.core.main.TestSuiteExecutor.accessTestCaseMainPhase(TestSuiteExecutor.java:203)
	at com.kms.katalon.core.main.TestSuiteExecutor.accessTestSuiteMainPhase(TestSuiteExecutor.java:152)
	at com.kms.katalon.core.main.TestSuiteExecutor.execute(TestSuiteExecutor.java:95)
	at com.kms.katalon.core.main.TestCaseMain.startTestSuite(TestCaseMain.java:157)
	at com.kms.katalon.core.main.TestCaseMain$startTestSuite$0.call(Unknown Source)
	at TempTestSuite1637197715028.run(TempTestSuite1637197715028.groovy:39)
)

2021-11-18 08:31:39 - [MESSAGE][WARNING] - Timeout '0' is invalid. Using default page load timeout: '60'

2021-11-18 08:32:40 - [MESSAGE][FAILED] - Failed to get top position of element 'Object Repository/Mobile/Page/Metode Pembayaran/Radio Button - Rekening Dana Nasabah' (Root cause: com.kms.katalon.core.exception.StepFailedException: Object Object Repository/Mobile/Page/Metode Pembayaran/Radio Button - Rekening Dana Nasabah not found
	at com.kms.katalon.core.mobile.helper.MobileElementCommonHelper.findElementWithCheck(MobileElementCommonHelper.java:159)
	at com.kms.katalon.core.mobile.helper.MobileElementCommonHelper.getElementTopPosition(MobileElementCommonHelper.java:357)
	at com.kms.katalon.core.mobile.keyword.builtin.GetElementTopPositionKeyword$_getElementTopPosition_closure1.doCall(GetElementTopPositionKeyword.groovy:70)
	at com.kms.katalon.core.mobile.keyword.builtin.GetElementTopPositionKeyword$_getElementTopPosition_closure1.call(GetElementTopPositionKeyword.groovy)
	at com.kms.katalon.core.mobile.keyword.internal.MobileKeywordMain.runKeywordAndReturnInt(MobileKeywordMain.groovy:30)
	at com.kms.katalon.core.mobile.keyword.builtin.GetElementTopPositionKeyword.getElementTopPosition(GetElementTopPositionKeyword.groovy:71)
	at com.kms.katalon.core.mobile.keyword.builtin.GetElementTopPositionKeyword.execute(GetElementTopPositionKeyword.groovy:64)
	at com.kms.katalon.core.keyword.internal.KeywordExecutor.executeKeywordForPlatform(KeywordExecutor.groovy:73)
	at com.kms.katalon.core.mobile.keyword.MobileBuiltInKeywords.getElementTopPosition(MobileBuiltInKeywords.groovy:2600)
	at com.kms.katalon.core.mobile.keyword.MobileBuiltInKeywords$getElementTopPosition$8.call(Unknown Source)
	at Metode Pembayaran.run(Metode Pembayaran:24)
	at com.kms.katalon.core.main.ScriptEngine.run(ScriptEngine.java:194)
	at com.kms.katalon.core.main.ScriptEngine.runScriptAsRawText(ScriptEngine.java:119)
	at com.kms.katalon.core.main.TestCaseExecutor.runScript(TestCaseExecutor.java:398)
	at com.kms.katalon.core.main.TestCaseExecutor.doExecute(TestCaseExecutor.java:389)
	at com.kms.katalon.core.main.TestCaseExecutor.processExecutionPhase(TestCaseExecutor.java:368)
	at com.kms.katalon.core.main.TestCaseExecutor.accessMainPhase(TestCaseExecutor.java:360)
	at com.kms.katalon.core.main.TestCaseExecutor.execute(TestCaseExecutor.java:255)
	at com.kms.katalon.core.main.TestCaseMain.runTestCase(TestCaseMain.java:114)
	at com.kms.katalon.core.keyword.builtin.CallTestCaseKeyword$_callTestCase_closure1.doCall(CallTestCaseKeyword.groovy:59)
	at com.kms.katalon.core.keyword.builtin.CallTestCaseKeyword$_callTestCase_closure1.call(CallTestCaseKeyword.groovy)
	at com.kms.katalon.core.keyword.internal.KeywordMain.runKeyword(KeywordMain.groovy:68)
	at com.kms.katalon.core.keyword.builtin.CallTestCaseKeyword.callTestCase(CallTestCaseKeyword.groovy:81)
	at com.kms.katalon.core.keyword.builtin.CallTestCaseKeyword.execute(CallTestCaseKeyword.groovy:44)
	at com.kms.katalon.core.keyword.internal.KeywordExecutor.executeKeywordForPlatform(KeywordExecutor.groovy:73)
	at com.kms.katalon.core.keyword.BuiltinKeywords.callTestCase(BuiltinKeywords.groovy:350)
	at Transaction.run(Transaction:102)
	at com.kms.katalon.core.main.ScriptEngine.run(ScriptEngine.java:194)
	at com.kms.katalon.core.main.ScriptEngine.runScriptAsRawText(ScriptEngine.java:119)
	at com.kms.katalon.core.main.TestCaseExecutor.runScript(TestCaseExecutor.java:398)
	at com.kms.katalon.core.main.TestCaseExecutor.doExecute(TestCaseExecutor.java:389)
	at com.kms.katalon.core.main.TestCaseExecutor.processExecutionPhase(TestCaseExecutor.java:368)
	at com.kms.katalon.core.main.TestCaseExecutor.accessMainPhase(TestCaseExecutor.java:360)
	at com.kms.katalon.core.main.TestCaseExecutor.execute(TestCaseExecutor.java:255)
	at com.kms.katalon.core.main.TestCaseMain.runTestCase(TestCaseMain.java:114)
	at com.kms.katalon.core.keyword.builtin.CallTestCaseKeyword$_callTestCase_closure1.doCall(CallTestCaseKeyword.groovy:59)
	at com.kms.katalon.core.keyword.builtin.CallTestCaseKeyword$_callTestCase_closure1.call(CallTestCaseKeyword.groovy)
	at com.kms.katalon.core.keyword.internal.KeywordMain.runKeyword(KeywordMain.groovy:68)
	at com.kms.katalon.core.keyword.builtin.CallTestCaseKeyword.callTestCase(CallTestCaseKeyword.groovy:81)
	at com.kms.katalon.core.keyword.builtin.CallTestCaseKeyword.execute(CallTestCaseKeyword.groovy:44)
	at com.kms.katalon.core.keyword.internal.KeywordExecutor.executeKeywordForPlatform(KeywordExecutor.groovy:73)
	at com.kms.katalon.core.keyword.BuiltinKeywords.callTestCase(BuiltinKeywords.groovy:334)
	at 020 - Beli reksa dana melalui keranjang menggunakan Rekening Data Nasabah.run(020 - Beli reksa dana melalui keranjang menggunakan Rekening Data Nasabah:22)
	at com.kms.katalon.core.main.ScriptEngine.run(ScriptEngine.java:194)
	at com.kms.katalon.core.main.ScriptEngine.runScriptAsRawText(ScriptEngine.java:119)
	at com.kms.katalon.core.main.TestCaseExecutor.runScript(TestCaseExecutor.java:398)
	at com.kms.katalon.core.main.TestCaseExecutor.doExecute(TestCaseExecutor.java:389)
	at com.kms.katalon.core.main.TestCaseExecutor.processExecutionPhase(TestCaseExecutor.java:368)
	at com.kms.katalon.core.main.TestCaseExecutor.accessMainPhase(TestCaseExecutor.java:360)
	at com.kms.katalon.core.main.TestCaseExecutor.execute(TestCaseExecutor.java:255)
	at com.kms.katalon.core.main.TestSuiteExecutor.accessTestCaseMainPhase(TestSuiteExecutor.java:203)
	at com.kms.katalon.core.main.TestSuiteExecutor.accessTestSuiteMainPhase(TestSuiteExecutor.java:152)
	at com.kms.katalon.core.main.TestSuiteExecutor.execute(TestSuiteExecutor.java:95)
	at com.kms.katalon.core.main.TestCaseMain.startTestSuite(TestCaseMain.java:157)
	at com.kms.katalon.core.main.TestCaseMain$startTestSuite$0.call(Unknown Source)
	at TempTestSuite1637197715028.run(TempTestSuite1637197715028.groovy:39)
)
[[ATTACHMENT|C:\\Users\\Owner\\Documents\\kerjaan\\KatalonProject\\qa-katalon-maxfund\\Reports\\20211118_080835\\Transaction\\20211118_080835\\1637199159542.png]]

2021-11-18 08:32:40 - [MESSAGE][FAILED] - Unable to call Test Case 'Test Cases/Mobile/Page/Metode Pembayaran/Metode Pembayaran' (Root cause: com.kms.katalon.core.exception.StepFailedException: Call Test Case 'Test Cases/Mobile/Page/Metode Pembayaran/Metode Pembayaran' failed
	at com.kms.katalon.core.keyword.builtin.CallTestCaseKeyword$_callTestCase_closure1.doCall(CallTestCaseKeyword.groovy:63)
	at com.kms.katalon.core.keyword.builtin.CallTestCaseKeyword$_callTestCase_closure1.call(CallTestCaseKeyword.groovy)
	at com.kms.katalon.core.keyword.internal.KeywordMain.runKeyword(KeywordMain.groovy:68)
	at com.kms.katalon.core.keyword.builtin.CallTestCaseKeyword.callTestCase(CallTestCaseKeyword.groovy:81)
	at com.kms.katalon.core.keyword.builtin.CallTestCaseKeyword.execute(CallTestCaseKeyword.groovy:44)
	at com.kms.katalon.core.keyword.internal.KeywordExecutor.executeKeywordForPlatform(KeywordExecutor.groovy:73)
	at com.kms.katalon.core.keyword.BuiltinKeywords.callTestCase(BuiltinKeywords.groovy:350)
	at Transaction.run(Transaction:102)
	at com.kms.katalon.core.main.ScriptEngine.run(ScriptEngine.java:194)
	at com.kms.katalon.core.main.ScriptEngine.runScriptAsRawText(ScriptEngine.java:119)
	at com.kms.katalon.core.main.TestCaseExecutor.runScript(TestCaseExecutor.java:398)
	at com.kms.katalon.core.main.TestCaseExecutor.doExecute(TestCaseExecutor.java:389)
	at com.kms.katalon.core.main.TestCaseExecutor.processExecutionPhase(TestCaseExecutor.java:368)
	at com.kms.katalon.core.main.TestCaseExecutor.accessMainPhase(TestCaseExecutor.java:360)
	at com.kms.katalon.core.main.TestCaseExecutor.execute(TestCaseExecutor.java:255)
	at com.kms.katalon.core.main.TestCaseMain.runTestCase(TestCaseMain.java:114)
	at com.kms.katalon.core.keyword.builtin.CallTestCaseKeyword$_callTestCase_closure1.doCall(CallTestCaseKeyword.groovy:59)
	at com.kms.katalon.core.keyword.builtin.CallTestCaseKeyword$_callTestCase_closure1.call(CallTestCaseKeyword.groovy)
	at com.kms.katalon.core.keyword.internal.KeywordMain.runKeyword(KeywordMain.groovy:68)
	at com.kms.katalon.core.keyword.builtin.CallTestCaseKeyword.callTestCase(CallTestCaseKeyword.groovy:81)
	at com.kms.katalon.core.keyword.builtin.CallTestCaseKeyword.execute(CallTestCaseKeyword.groovy:44)
	at com.kms.katalon.core.keyword.internal.KeywordExecutor.executeKeywordForPlatform(KeywordExecutor.groovy:73)
	at com.kms.katalon.core.keyword.BuiltinKeywords.callTestCase(BuiltinKeywords.groovy:334)
	at 020 - Beli reksa dana melalui keranjang menggunakan Rekening Data Nasabah.run(020 - Beli reksa dana melalui keranjang menggunakan Rekening Data Nasabah:22)
	at com.kms.katalon.core.main.ScriptEngine.run(ScriptEngine.java:194)
	at com.kms.katalon.core.main.ScriptEngine.runScriptAsRawText(ScriptEngine.java:119)
	at com.kms.katalon.core.main.TestCaseExecutor.runScript(TestCaseExecutor.java:398)
	at com.kms.katalon.core.main.TestCaseExecutor.doExecute(TestCaseExecutor.java:389)
	at com.kms.katalon.core.main.TestCaseExecutor.processExecutionPhase(TestCaseExecutor.java:368)
	at com.kms.katalon.core.main.TestCaseExecutor.accessMainPhase(TestCaseExecutor.java:360)
	at com.kms.katalon.core.main.TestCaseExecutor.execute(TestCaseExecutor.java:255)
	at com.kms.katalon.core.main.TestSuiteExecutor.accessTestCaseMainPhase(TestSuiteExecutor.java:203)
	at com.kms.katalon.core.main.TestSuiteExecutor.accessTestSuiteMainPhase(TestSuiteExecutor.java:152)
	at com.kms.katalon.core.main.TestSuiteExecutor.execute(TestSuiteExecutor.java:95)
	at com.kms.katalon.core.main.TestCaseMain.startTestSuite(TestCaseMain.java:157)
	at com.kms.katalon.core.main.TestCaseMain$startTestSuite$0.call(Unknown Source)
	at TempTestSuite1637197715028.run(TempTestSuite1637197715028.groovy:39)
Caused by: com.kms.katalon.core.exception.StepFailedException: Object Object Repository/Mobile/Page/Metode Pembayaran/Radio Button - Rekening Dana Nasabah not found
	at com.kms.katalon.core.mobile.helper.MobileElementCommonHelper.findElementWithCheck(MobileElementCommonHelper.java:159)
	at com.kms.katalon.core.mobile.helper.MobileElementCommonHelper.getElementTopPosition(MobileElementCommonHelper.java:357)
	at com.kms.katalon.core.mobile.keyword.builtin.GetElementTopPositionKeyword$_getElementTopPosition_closure1.doCall(GetElementTopPositionKeyword.groovy:70)
	at com.kms.katalon.core.mobile.keyword.builtin.GetElementTopPositionKeyword$_getElementTopPosition_closure1.call(GetElementTopPositionKeyword.groovy)
	at com.kms.katalon.core.mobile.keyword.internal.MobileKeywordMain.runKeywordAndReturnInt(MobileKeywordMain.groovy:30)
	at com.kms.katalon.core.mobile.keyword.builtin.GetElementTopPositionKeyword.getElementTopPosition(GetElementTopPositionKeyword.groovy:71)
	at com.kms.katalon.core.mobile.keyword.builtin.GetElementTopPositionKeyword.execute(GetElementTopPositionKeyword.groovy:64)
	at com.kms.katalon.core.keyword.internal.KeywordExecutor.executeKeywordForPlatform(KeywordExecutor.groovy:73)
	at com.kms.katalon.core.mobile.keyword.MobileBuiltInKeywords.getElementTopPosition(MobileBuiltInKeywords.groovy:2600)
	at com.kms.katalon.core.mobile.keyword.MobileBuiltInKeywords$getElementTopPosition$8.call(Unknown Source)
	at Metode Pembayaran.run(Metode Pembayaran:24)
	at com.kms.katalon.core.main.ScriptEngine.run(ScriptEngine.java:194)
	at com.kms.katalon.core.main.ScriptEngine.runScriptAsRawText(ScriptEngine.java:119)
	at com.kms.katalon.core.main.TestCaseExecutor.runScript(TestCaseExecutor.java:398)
	at com.kms.katalon.core.main.TestCaseExecutor.doExecute(TestCaseExecutor.java:389)
	at com.kms.katalon.core.main.TestCaseExecutor.processExecutionPhase(TestCaseExecutor.java:368)
	at com.kms.katalon.core.main.TestCaseExecutor.accessMainPhase(TestCaseExecutor.java:360)
	at com.kms.katalon.core.main.TestCaseExecutor.execute(TestCaseExecutor.java:255)
	at com.kms.katalon.core.main.TestCaseMain.runTestCase(TestCaseMain.java:114)
	at com.kms.katalon.core.keyword.builtin.CallTestCaseKeyword$_callTestCase_closure1.doCall(CallTestCaseKeyword.groovy:59)
	... 36 more
)

2021-11-18 08:32:40 - [MESSAGE][FAILED] - Unable to call Test Case 'Test Cases/Mobile/Page/Transaction/Transaction' (Root cause: com.kms.katalon.core.exception.StepFailedException: Call Test Case 'Test Cases/Mobile/Page/Transaction/Transaction' failed
	at com.kms.katalon.core.keyword.builtin.CallTestCaseKeyword$_callTestCase_closure1.doCall(CallTestCaseKeyword.groovy:63)
	at com.kms.katalon.core.keyword.builtin.CallTestCaseKeyword$_callTestCase_closure1.call(CallTestCaseKeyword.groovy)
	at com.kms.katalon.core.keyword.internal.KeywordMain.runKeyword(KeywordMain.groovy:68)
	at com.kms.katalon.core.keyword.builtin.CallTestCaseKeyword.callTestCase(CallTestCaseKeyword.groovy:81)
	at com.kms.katalon.core.keyword.builtin.CallTestCaseKeyword.execute(CallTestCaseKeyword.groovy:44)
	at com.kms.katalon.core.keyword.internal.KeywordExecutor.executeKeywordForPlatform(KeywordExecutor.groovy:73)
	at com.kms.katalon.core.keyword.BuiltinKeywords.callTestCase(BuiltinKeywords.groovy:334)
	at 020 - Beli reksa dana melalui keranjang menggunakan Rekening Data Nasabah.run(020 - Beli reksa dana melalui keranjang menggunakan Rekening Data Nasabah:22)
	at com.kms.katalon.core.main.ScriptEngine.run(ScriptEngine.java:194)
	at com.kms.katalon.core.main.ScriptEngine.runScriptAsRawText(ScriptEngine.java:119)
	at com.kms.katalon.core.main.TestCaseExecutor.runScript(TestCaseExecutor.java:398)
	at com.kms.katalon.core.main.TestCaseExecutor.doExecute(TestCaseExecutor.java:389)
	at com.kms.katalon.core.main.TestCaseExecutor.processExecutionPhase(TestCaseExecutor.java:368)
	at com.kms.katalon.core.main.TestCaseExecutor.accessMainPhase(TestCaseExecutor.java:360)
	at com.kms.katalon.core.main.TestCaseExecutor.execute(TestCaseExecutor.java:255)
	at com.kms.katalon.core.main.TestSuiteExecutor.accessTestCaseMainPhase(TestSuiteExecutor.java:203)
	at com.kms.katalon.core.main.TestSuiteExecutor.accessTestSuiteMainPhase(TestSuiteExecutor.java:152)
	at com.kms.katalon.core.main.TestSuiteExecutor.execute(TestSuiteExecutor.java:95)
	at com.kms.katalon.core.main.TestCaseMain.startTestSuite(TestCaseMain.java:157)
	at com.kms.katalon.core.main.TestCaseMain$startTestSuite$0.call(Unknown Source)
	at TempTestSuite1637197715028.run(TempTestSuite1637197715028.groovy:39)
Caused by: com.kms.katalon.core.exception.StepFailedException: Call Test Case 'Test Cases/Mobile/Page/Metode Pembayaran/Metode Pembayaran' failed
	at com.kms.katalon.core.keyword.builtin.CallTestCaseKeyword$_callTestCase_closure1.doCall(CallTestCaseKeyword.groovy:63)
	at com.kms.katalon.core.keyword.builtin.CallTestCaseKeyword$_callTestCase_closure1.call(CallTestCaseKeyword.groovy)
	at com.kms.katalon.core.keyword.internal.KeywordMain.runKeyword(KeywordMain.groovy:68)
	at com.kms.katalon.core.keyword.builtin.CallTestCaseKeyword.callTestCase(CallTestCaseKeyword.groovy:81)
	at com.kms.katalon.core.keyword.builtin.CallTestCaseKeyword.execute(CallTestCaseKeyword.groovy:44)
	at com.kms.katalon.core.keyword.internal.KeywordExecutor.executeKeywordForPlatform(KeywordExecutor.groovy:73)
	at com.kms.katalon.core.keyword.BuiltinKeywords.callTestCase(BuiltinKeywords.groovy:350)
	at Transaction.run(Transaction:102)
	at com.kms.katalon.core.main.ScriptEngine.run(ScriptEngine.java:194)
	at com.kms.katalon.core.main.ScriptEngine.runScriptAsRawText(ScriptEngine.java:119)
	at com.kms.katalon.core.main.TestCaseExecutor.runScript(TestCaseExecutor.java:398)
	at com.kms.katalon.core.main.TestCaseExecutor.doExecute(TestCaseExecutor.java:389)
	at com.kms.katalon.core.main.TestCaseExecutor.processExecutionPhase(TestCaseExecutor.java:368)
	at com.kms.katalon.core.main.TestCaseExecutor.accessMainPhase(TestCaseExecutor.java:360)
	at com.kms.katalon.core.main.TestCaseExecutor.execute(TestCaseExecutor.java:255)
	at com.kms.katalon.core.main.TestCaseMain.runTestCase(TestCaseMain.java:114)
	at com.kms.katalon.core.keyword.builtin.CallTestCaseKeyword$_callTestCase_closure1.doCall(CallTestCaseKeyword.groovy:59)
	... 20 more
Caused by: com.kms.katalon.core.exception.StepFailedException: Object Object Repository/Mobile/Page/Metode Pembayaran/Radio Button - Rekening Dana Nasabah not found
	at com.kms.katalon.core.mobile.helper.MobileElementCommonHelper.findElementWithCheck(MobileElementCommonHelper.java:159)
	at com.kms.katalon.core.mobile.helper.MobileElementCommonHelper.getElementTopPosition(MobileElementCommonHelper.java:357)
	at com.kms.katalon.core.mobile.keyword.builtin.GetElementTopPositionKeyword$_getElementTopPosition_closure1.doCall(GetElementTopPositionKeyword.groovy:70)
	at com.kms.katalon.core.mobile.keyword.builtin.GetElementTopPositionKeyword$_getElementTopPosition_closure1.call(GetElementTopPositionKeyword.groovy)
	at com.kms.katalon.core.mobile.keyword.internal.MobileKeywordMain.runKeywordAndReturnInt(MobileKeywordMain.groovy:30)
	at com.kms.katalon.core.mobile.keyword.builtin.GetElementTopPositionKeyword.getElementTopPosition(GetElementTopPositionKeyword.groovy:71)
	at com.kms.katalon.core.mobile.keyword.builtin.GetElementTopPositionKeyword.execute(GetElementTopPositionKeyword.groovy:64)
	at com.kms.katalon.core.keyword.internal.KeywordExecutor.executeKeywordForPlatform(KeywordExecutor.groovy:73)
	at com.kms.katalon.core.mobile.keyword.MobileBuiltInKeywords.getElementTopPosition(MobileBuiltInKeywords.groovy:2600)
	at com.kms.katalon.core.mobile.keyword.MobileBuiltInKeywords$getElementTopPosition$8.call(Unknown Source)
	at Metode Pembayaran.run(Metode Pembayaran:24)
	at com.kms.katalon.core.main.ScriptEngine.run(ScriptEngine.java:194)
	at com.kms.katalon.core.main.ScriptEngine.runScriptAsRawText(ScriptEngine.java:119)
	at com.kms.katalon.core.main.TestCaseExecutor.runScript(TestCaseExecutor.java:398)
	at com.kms.katalon.core.main.TestCaseExecutor.doExecute(TestCaseExecutor.java:389)
	at com.kms.katalon.core.main.TestCaseExecutor.processExecutionPhase(TestCaseExecutor.java:368)
	at com.kms.katalon.core.main.TestCaseExecutor.accessMainPhase(TestCaseExecutor.java:360)
	at com.kms.katalon.core.main.TestCaseExecutor.execute(TestCaseExecutor.java:255)
	at com.kms.katalon.core.main.TestCaseMain.runTestCase(TestCaseMain.java:114)
	at com.kms.katalon.core.keyword.builtin.CallTestCaseKeyword$_callTestCase_closure1.doCall(CallTestCaseKeyword.groovy:59)
	... 36 more
)]]></system-out>
         <system-err><![CDATA[2021-11-18 08:30:19 - [TEST_CASE][FAILED] - Test Cases/Mobile/Scenario/Transaction/020 - Beli reksa dana melalui keranjang menggunakan Rekening Data Nasabah: Test Cases/Mobile/Scenario/Transaction/020 - Beli reksa dana melalui keranjang menggunakan Rekening Data Nasabah FAILED.
Reason:
com.kms.katalon.core.exception.StepFailedException: Call Test Case 'Test Cases/Mobile/Page/Transaction/Transaction' failed
	at com.kms.katalon.core.keyword.builtin.CallTestCaseKeyword$_callTestCase_closure1.doCall(CallTestCaseKeyword.groovy:63)
	at com.kms.katalon.core.keyword.builtin.CallTestCaseKeyword$_callTestCase_closure1.call(CallTestCaseKeyword.groovy)
	at com.kms.katalon.core.keyword.internal.KeywordMain.runKeyword(KeywordMain.groovy:68)
	at com.kms.katalon.core.keyword.builtin.CallTestCaseKeyword.callTestCase(CallTestCaseKeyword.groovy:81)
	at com.kms.katalon.core.keyword.builtin.CallTestCaseKeyword.execute(CallTestCaseKeyword.groovy:44)
	at com.kms.katalon.core.keyword.internal.KeywordExecutor.executeKeywordForPlatform(KeywordExecutor.groovy:73)
	at com.kms.katalon.core.keyword.BuiltinKeywords.callTestCase(BuiltinKeywords.groovy:334)
	at 020 - Beli reksa dana melalui keranjang menggunakan Rekening Data Nasabah.run(020 - Beli reksa dana melalui keranjang menggunakan Rekening Data Nasabah:22)
	at com.kms.katalon.core.main.ScriptEngine.run(ScriptEngine.java:194)
	at com.kms.katalon.core.main.ScriptEngine.runScriptAsRawText(ScriptEngine.java:119)
	at com.kms.katalon.core.main.TestCaseExecutor.runScript(TestCaseExecutor.java:398)
	at com.kms.katalon.core.main.TestCaseExecutor.doExecute(TestCaseExecutor.java:389)
	at com.kms.katalon.core.main.TestCaseExecutor.processExecutionPhase(TestCaseExecutor.java:368)
	at com.kms.katalon.core.main.TestCaseExecutor.accessMainPhase(TestCaseExecutor.java:360)
	at com.kms.katalon.core.main.TestCaseExecutor.execute(TestCaseExecutor.java:255)
	at com.kms.katalon.core.main.TestSuiteExecutor.accessTestCaseMainPhase(TestSuiteExecutor.java:203)
	at com.kms.katalon.core.main.TestSuiteExecutor.accessTestSuiteMainPhase(TestSuiteExecutor.java:152)
	at com.kms.katalon.core.main.TestSuiteExecutor.execute(TestSuiteExecutor.java:95)
	at com.kms.katalon.core.main.TestCaseMain.startTestSuite(TestCaseMain.java:157)
	at com.kms.katalon.core.main.TestCaseMain$startTestSuite$0.call(Unknown Source)
	at TempTestSuite1637197715028.run(TempTestSuite1637197715028.groovy:39)
Caused by: com.kms.katalon.core.exception.StepFailedException: Call Test Case 'Test Cases/Mobile/Page/Metode Pembayaran/Metode Pembayaran' failed
	at com.kms.katalon.core.keyword.builtin.CallTestCaseKeyword$_callTestCase_closure1.doCall(CallTestCaseKeyword.groovy:63)
	at com.kms.katalon.core.keyword.builtin.CallTestCaseKeyword$_callTestCase_closure1.call(CallTestCaseKeyword.groovy)
	at com.kms.katalon.core.keyword.internal.KeywordMain.runKeyword(KeywordMain.groovy:68)
	at com.kms.katalon.core.keyword.builtin.CallTestCaseKeyword.callTestCase(CallTestCaseKeyword.groovy:81)
	at com.kms.katalon.core.keyword.builtin.CallTestCaseKeyword.execute(CallTestCaseKeyword.groovy:44)
	at com.kms.katalon.core.keyword.internal.KeywordExecutor.executeKeywordForPlatform(KeywordExecutor.groovy:73)
	at com.kms.katalon.core.keyword.BuiltinKeywords.callTestCase(BuiltinKeywords.groovy:350)
	at Transaction.run(Transaction:102)
	at com.kms.katalon.core.main.ScriptEngine.run(ScriptEngine.java:194)
	at com.kms.katalon.core.main.ScriptEngine.runScriptAsRawText(ScriptEngine.java:119)
	at com.kms.katalon.core.main.TestCaseExecutor.runScript(TestCaseExecutor.java:398)
	at com.kms.katalon.core.main.TestCaseExecutor.doExecute(TestCaseExecutor.java:389)
	at com.kms.katalon.core.main.TestCaseExecutor.processExecutionPhase(TestCaseExecutor.java:368)
	at com.kms.katalon.core.main.TestCaseExecutor.accessMainPhase(TestCaseExecutor.java:360)
	at com.kms.katalon.core.main.TestCaseExecutor.execute(TestCaseExecutor.java:255)
	at com.kms.katalon.core.main.TestCaseMain.runTestCase(TestCaseMain.java:114)
	at com.kms.katalon.core.keyword.builtin.CallTestCaseKeyword$_callTestCase_closure1.doCall(CallTestCaseKeyword.groovy:59)
	... 20 more
Caused by: com.kms.katalon.core.exception.StepFailedException: Object Object Repository/Mobile/Page/Metode Pembayaran/Radio Button - Rekening Dana Nasabah not found
	at com.kms.katalon.core.mobile.helper.MobileElementCommonHelper.findElementWithCheck(MobileElementCommonHelper.java:159)
	at com.kms.katalon.core.mobile.helper.MobileElementCommonHelper.getElementTopPosition(MobileElementCommonHelper.java:357)
	at com.kms.katalon.core.mobile.keyword.builtin.GetElementTopPositionKeyword$_getElementTopPosition_closure1.doCall(GetElementTopPositionKeyword.groovy:70)
	at com.kms.katalon.core.mobile.keyword.builtin.GetElementTopPositionKeyword$_getElementTopPosition_closure1.call(GetElementTopPositionKeyword.groovy)
	at com.kms.katalon.core.mobile.keyword.internal.MobileKeywordMain.runKeywordAndReturnInt(MobileKeywordMain.groovy:30)
	at com.kms.katalon.core.mobile.keyword.builtin.GetElementTopPositionKeyword.getElementTopPosition(GetElementTopPositionKeyword.groovy:71)
	at com.kms.katalon.core.mobile.keyword.builtin.GetElementTopPositionKeyword.execute(GetElementTopPositionKeyword.groovy:64)
	at com.kms.katalon.core.keyword.internal.KeywordExecutor.executeKeywordForPlatform(KeywordExecutor.groovy:73)
	at com.kms.katalon.core.mobile.keyword.MobileBuiltInKeywords.getElementTopPosition(MobileBuiltInKeywords.groovy:2600)
	at com.kms.katalon.core.mobile.keyword.MobileBuiltInKeywords$getElementTopPosition$8.call(Unknown Source)
	at Metode Pembayaran.run(Metode Pembayaran:24)
	at com.kms.katalon.core.main.ScriptEngine.run(ScriptEngine.java:194)
	at com.kms.katalon.core.main.ScriptEngine.runScriptAsRawText(ScriptEngine.java:119)
	at com.kms.katalon.core.main.TestCaseExecutor.runScript(TestCaseExecutor.java:398)
	at com.kms.katalon.core.main.TestCaseExecutor.doExecute(TestCaseExecutor.java:389)
	at com.kms.katalon.core.main.TestCaseExecutor.processExecutionPhase(TestCaseExecutor.java:368)
	at com.kms.katalon.core.main.TestCaseExecutor.accessMainPhase(TestCaseExecutor.java:360)
	at com.kms.katalon.core.main.TestCaseExecutor.execute(TestCaseExecutor.java:255)
	at com.kms.katalon.core.main.TestCaseMain.runTestCase(TestCaseMain.java:114)
	at com.kms.katalon.core.keyword.builtin.CallTestCaseKeyword$_callTestCase_closure1.doCall(CallTestCaseKeyword.groovy:59)
	... 36 more]]></system-err>
      </testcase>
      <system-out><![CDATA[2021-11-18 08:08:44 - [TEST_SUITE][FAILED] - Transaction: Test Cases/Mobile/Scenario/Transaction/002 - Melihat Transaction berdasarkan ketegori On Process dan Subcription FAILED.
Reason:
com.kms.katalon.core.exception.StepFailedException: Unable to call Test Case 'Test Cases/Mobile/Page/Transaction/Transaction' (Root cause: com.kms.katalon.core.exception.StepFailedException: Call Test Case 'Test Cases/Mobile/Page/Transaction/Transaction' failed
	at com.kms.katalon.core.keyword.builtin.CallTestCaseKeyword$_callTestCase_closure1.doCall(CallTestCaseKeyword.groovy:63)
	at com.kms.katalon.core.keyword.builtin.CallTestCaseKeyword$_callTestCase_closure1.call(CallTestCaseKeyword.groovy)
	at com.kms.katalon.core.keyword.internal.KeywordMain.runKeyword(KeywordMain.groovy:68)
	at com.kms.katalon.core.keyword.builtin.CallTestCaseKeyword.callTestCase(CallTestCaseKeyword.groovy:81)
	at com.kms.katalon.core.keyword.builtin.CallTestCaseKeyword.execute(CallTestCaseKeyword.groovy:44)
	at com.kms.katalon.core.keyword.internal.KeywordExecutor.executeKeywordForPlatform(KeywordExecutor.groovy:73)
	at com.kms.katalon.core.keyword.BuiltinKeywords.callTestCase(BuiltinKeywords.groovy:334)
	at 002 - Melihat Transaction berdasarkan ketegori On Process dan Subcription.run(002 - Melihat Transaction berdasarkan ketegori On Process dan Subcription:22)
	at com.kms.katalon.core.main.ScriptEngine.run(ScriptEngine.java:194)
	at com.kms.katalon.core.main.ScriptEngine.runScriptAsRawText(ScriptEngine.java:119)
	at com.kms.katalon.core.main.TestCaseExecutor.runScript(TestCaseExecutor.java:398)
	at com.kms.katalon.core.main.TestCaseExecutor.doExecute(TestCaseExecutor.java:389)
	at com.kms.katalon.core.main.TestCaseExecutor.processExecutionPhase(TestCaseExecutor.java:368)
	at com.kms.katalon.core.main.TestCaseExecutor.accessMainPhase(TestCaseExecutor.java:360)
	at com.kms.katalon.core.main.TestCaseExecutor.execute(TestCaseExecutor.java:255)
	at com.kms.katalon.core.main.TestSuiteExecutor.accessTestCaseMainPhase(TestSuiteExecutor.java:203)
	at com.kms.katalon.core.main.TestSuiteExecutor.accessTestSuiteMainPhase(TestSuiteExecutor.java:152)
	at com.kms.katalon.core.main.TestSuiteExecutor.execute(TestSuiteExecutor.java:95)
	at com.kms.katalon.core.main.TestCaseMain.startTestSuite(TestCaseMain.java:157)
	at com.kms.katalon.core.main.TestCaseMain$startTestSuite$0.call(Unknown Source)
	at TempTestSuite1637197715028.run(TempTestSuite1637197715028.groovy:39)
Caused by: com.kms.katalon.core.exception.StepFailedException: Element 'Object Repository/Mobile/Page/Dashboard/Button - Login' not found
	at com.kms.katalon.core.keyword.internal.KeywordMain.stepFailed(KeywordMain.groovy:39)
	at com.kms.katalon.core.mobile.keyword.internal.MobileKeywordMain.stepFailed(MobileKeywordMain.groovy:40)
	at com.kms.katalon.core.mobile.keyword.builtin.VerifyElementExistKeyword$_verifyElementExist_closure1.doCall(VerifyElementExistKeyword.groovy:77)
	at com.kms.katalon.core.mobile.keyword.builtin.VerifyElementExistKeyword$_verifyElementExist_closure1.call(VerifyElementExistKeyword.groovy)
	at com.kms.katalon.core.mobile.keyword.internal.MobileKeywordMain.runKeyword(MobileKeywordMain.groovy:21)
	at com.kms.katalon.core.mobile.keyword.builtin.VerifyElementExistKeyword.verifyElementExist(VerifyElementExistKeyword.groovy:80)
	at com.kms.katalon.core.mobile.keyword.builtin.VerifyElementExistKeyword.execute(VerifyElementExistKeyword.groovy:64)
	at com.kms.katalon.core.keyword.internal.KeywordExecutor.executeKeywordForPlatform(KeywordExecutor.groovy:73)
	at com.kms.katalon.core.mobile.keyword.MobileBuiltInKeywords.verifyElementExist(MobileBuiltInKeywords.groovy:1570)
	at com.kms.katalon.core.mobile.keyword.MobileBuiltInKeywords$verifyElementExist$0.call(Unknown Source)
	at Transaction.run(Transaction:22)
	at com.kms.katalon.core.main.ScriptEngine.run(ScriptEngine.java:194)
	at com.kms.katalon.core.main.ScriptEngine.runScriptAsRawText(ScriptEngine.java:119)
	at com.kms.katalon.core.main.TestCaseExecutor.runScript(TestCaseExecutor.java:398)
	at com.kms.katalon.core.main.TestCaseExecutor.doExecute(TestCaseExecutor.java:389)
	at com.kms.katalon.core.main.TestCaseExecutor.processExecutionPhase(TestCaseExecutor.java:368)
	at com.kms.katalon.core.main.TestCaseExecutor.accessMainPhase(TestCaseExecutor.java:360)
	at com.kms.katalon.core.main.TestCaseExecutor.execute(TestCaseExecutor.java:255)
	at com.kms.katalon.core.main.TestCaseMain.runTestCase(TestCaseMain.java:114)
	at com.kms.katalon.core.keyword.builtin.CallTestCaseKeyword$_callTestCase_closure1.doCall(CallTestCaseKeyword.groovy:59)
	... 20 more
)
	at com.kms.katalon.core.keyword.internal.KeywordMain.stepFailed(KeywordMain.groovy:39)
	at com.kms.katalon.core.keyword.internal.KeywordMain.stepFailed(KeywordMain.groovy)
	at com.kms.katalon.core.keyword.internal.KeywordMain.runKeyword(KeywordMain.groovy:70)
	at com.kms.katalon.core.keyword.builtin.CallTestCaseKeyword.callTestCase(CallTestCaseKeyword.groovy:81)
	at com.kms.katalon.core.keyword.builtin.CallTestCaseKeyword.execute(CallTestCaseKeyword.groovy:44)
	at com.kms.katalon.core.keyword.internal.KeywordExecutor.executeKeywordForPlatform(KeywordExecutor.groovy:73)
	at com.kms.katalon.core.keyword.BuiltinKeywords.callTestCase(BuiltinKeywords.groovy:334)
	at 002 - Melihat Transaction berdasarkan ketegori On Process dan Subcription.run(002 - Melihat Transaction berdasarkan ketegori On Process dan Subcription:22)
	at com.kms.katalon.core.main.ScriptEngine.run(ScriptEngine.java:194)
	at com.kms.katalon.core.main.ScriptEngine.runScriptAsRawText(ScriptEngine.java:119)
	at com.kms.katalon.core.main.TestCaseExecutor.runScript(TestCaseExecutor.java:398)
	at com.kms.katalon.core.main.TestCaseExecutor.doExecute(TestCaseExecutor.java:389)
	at com.kms.katalon.core.main.TestCaseExecutor.processExecutionPhase(TestCaseExecutor.java:368)
	at com.kms.katalon.core.main.TestCaseExecutor.accessMainPhase(TestCaseExecutor.java:360)
	at com.kms.katalon.core.main.TestCaseExecutor.execute(TestCaseExecutor.java:255)
	at com.kms.katalon.core.main.TestSuiteExecutor.accessTestCaseMainPhase(TestSuiteExecutor.java:203)
	at com.kms.katalon.core.main.TestSuiteExecutor.accessTestSuiteMainPhase(TestSuiteExecutor.java:152)
	at com.kms.katalon.core.main.TestSuiteExecutor.execute(TestSuiteExecutor.java:95)
	at com.kms.katalon.core.main.TestCaseMain.startTestSuite(TestCaseMain.java:157)
	at com.kms.katalon.core.main.TestCaseMain$startTestSuite$0.call(Unknown Source)
	at TempTestSuite1637197715028.run(TempTestSuite1637197715028.groovy:39)
Caused by: com.kms.katalon.core.exception.StepFailedException: Call Test Case 'Test Cases/Mobile/Page/Transaction/Transaction' failed
	at com.kms.katalon.core.keyword.builtin.CallTestCaseKeyword$_callTestCase_closure1.doCall(CallTestCaseKeyword.groovy:63)
	at com.kms.katalon.core.keyword.builtin.CallTestCaseKeyword$_callTestCase_closure1.call(CallTestCaseKeyword.groovy)
	at com.kms.katalon.core.keyword.internal.KeywordMain.runKeyword(KeywordMain.groovy:68)
	... 18 more
Caused by: com.kms.katalon.core.exception.StepFailedException: Element 'Object Repository/Mobile/Page/Dashboard/Button - Login' not found
	at com.kms.katalon.core.keyword.internal.KeywordMain.stepFailed(KeywordMain.groovy:39)
	at com.kms.katalon.core.mobile.keyword.internal.MobileKeywordMain.stepFailed(MobileKeywordMain.groovy:40)
	at com.kms.katalon.core.mobile.keyword.builtin.VerifyElementExistKeyword$_verifyElementExist_closure1.doCall(VerifyElementExistKeyword.groovy:77)
	at com.kms.katalon.core.mobile.keyword.builtin.VerifyElementExistKeyword$_verifyElementExist_closure1.call(VerifyElementExistKeyword.groovy)
	at com.kms.katalon.core.mobile.keyword.internal.MobileKeywordMain.runKeyword(MobileKeywordMain.groovy:21)
	at com.kms.katalon.core.mobile.keyword.builtin.VerifyElementExistKeyword.verifyElementExist(VerifyElementExistKeyword.groovy:80)
	at com.kms.katalon.core.mobile.keyword.builtin.VerifyElementExistKeyword.execute(VerifyElementExistKeyword.groovy:64)
	at com.kms.katalon.core.keyword.internal.KeywordExecutor.executeKeywordForPlatform(KeywordExecutor.groovy:73)
	at com.kms.katalon.core.mobile.keyword.MobileBuiltInKeywords.verifyElementExist(MobileBuiltInKeywords.groovy:1570)
	at com.kms.katalon.core.mobile.keyword.MobileBuiltInKeywords$verifyElementExist$0.call(Unknown Source)
	at Transaction.run(Transaction:22)
	at com.kms.katalon.core.main.ScriptEngine.run(ScriptEngine.java:194)
	at com.kms.katalon.core.main.ScriptEngine.runScriptAsRawText(ScriptEngine.java:119)
	at com.kms.katalon.core.main.TestCaseExecutor.runScript(TestCaseExecutor.java:398)
	at com.kms.katalon.core.main.TestCaseExecutor.doExecute(TestCaseExecutor.java:389)
	at com.kms.katalon.core.main.TestCaseExecutor.processExecutionPhase(TestCaseExecutor.java:368)
	at com.kms.katalon.core.main.TestCaseExecutor.accessMainPhase(TestCaseExecutor.java:360)
	at com.kms.katalon.core.main.TestCaseExecutor.execute(TestCaseExecutor.java:255)
	at com.kms.katalon.core.main.TestCaseMain.runTestCase(TestCaseMain.java:114)
	at com.kms.katalon.core.keyword.builtin.CallTestCaseKeyword$_callTestCase_closure1.doCall(CallTestCaseKeyword.groovy:59)
	... 20 more]]></system-out>
      <system-err><![CDATA[2021-11-18 08:08:44 - [TEST_SUITE][FAILED] - Transaction: Test Cases/Mobile/Scenario/Transaction/002 - Melihat Transaction berdasarkan ketegori On Process dan Subcription FAILED.
Reason:
com.kms.katalon.core.exception.StepFailedException: Unable to call Test Case 'Test Cases/Mobile/Page/Transaction/Transaction' (Root cause: com.kms.katalon.core.exception.StepFailedException: Call Test Case 'Test Cases/Mobile/Page/Transaction/Transaction' failed
	at com.kms.katalon.core.keyword.builtin.CallTestCaseKeyword$_callTestCase_closure1.doCall(CallTestCaseKeyword.groovy:63)
	at com.kms.katalon.core.keyword.builtin.CallTestCaseKeyword$_callTestCase_closure1.call(CallTestCaseKeyword.groovy)
	at com.kms.katalon.core.keyword.internal.KeywordMain.runKeyword(KeywordMain.groovy:68)
	at com.kms.katalon.core.keyword.builtin.CallTestCaseKeyword.callTestCase(CallTestCaseKeyword.groovy:81)
	at com.kms.katalon.core.keyword.builtin.CallTestCaseKeyword.execute(CallTestCaseKeyword.groovy:44)
	at com.kms.katalon.core.keyword.internal.KeywordExecutor.executeKeywordForPlatform(KeywordExecutor.groovy:73)
	at com.kms.katalon.core.keyword.BuiltinKeywords.callTestCase(BuiltinKeywords.groovy:334)
	at 002 - Melihat Transaction berdasarkan ketegori On Process dan Subcription.run(002 - Melihat Transaction berdasarkan ketegori On Process dan Subcription:22)
	at com.kms.katalon.core.main.ScriptEngine.run(ScriptEngine.java:194)
	at com.kms.katalon.core.main.ScriptEngine.runScriptAsRawText(ScriptEngine.java:119)
	at com.kms.katalon.core.main.TestCaseExecutor.runScript(TestCaseExecutor.java:398)
	at com.kms.katalon.core.main.TestCaseExecutor.doExecute(TestCaseExecutor.java:389)
	at com.kms.katalon.core.main.TestCaseExecutor.processExecutionPhase(TestCaseExecutor.java:368)
	at com.kms.katalon.core.main.TestCaseExecutor.accessMainPhase(TestCaseExecutor.java:360)
	at com.kms.katalon.core.main.TestCaseExecutor.execute(TestCaseExecutor.java:255)
	at com.kms.katalon.core.main.TestSuiteExecutor.accessTestCaseMainPhase(TestSuiteExecutor.java:203)
	at com.kms.katalon.core.main.TestSuiteExecutor.accessTestSuiteMainPhase(TestSuiteExecutor.java:152)
	at com.kms.katalon.core.main.TestSuiteExecutor.execute(TestSuiteExecutor.java:95)
	at com.kms.katalon.core.main.TestCaseMain.startTestSuite(TestCaseMain.java:157)
	at com.kms.katalon.core.main.TestCaseMain$startTestSuite$0.call(Unknown Source)
	at TempTestSuite1637197715028.run(TempTestSuite1637197715028.groovy:39)
Caused by: com.kms.katalon.core.exception.StepFailedException: Element 'Object Repository/Mobile/Page/Dashboard/Button - Login' not found
	at com.kms.katalon.core.keyword.internal.KeywordMain.stepFailed(KeywordMain.groovy:39)
	at com.kms.katalon.core.mobile.keyword.internal.MobileKeywordMain.stepFailed(MobileKeywordMain.groovy:40)
	at com.kms.katalon.core.mobile.keyword.builtin.VerifyElementExistKeyword$_verifyElementExist_closure1.doCall(VerifyElementExistKeyword.groovy:77)
	at com.kms.katalon.core.mobile.keyword.builtin.VerifyElementExistKeyword$_verifyElementExist_closure1.call(VerifyElementExistKeyword.groovy)
	at com.kms.katalon.core.mobile.keyword.internal.MobileKeywordMain.runKeyword(MobileKeywordMain.groovy:21)
	at com.kms.katalon.core.mobile.keyword.builtin.VerifyElementExistKeyword.verifyElementExist(VerifyElementExistKeyword.groovy:80)
	at com.kms.katalon.core.mobile.keyword.builtin.VerifyElementExistKeyword.execute(VerifyElementExistKeyword.groovy:64)
	at com.kms.katalon.core.keyword.internal.KeywordExecutor.executeKeywordForPlatform(KeywordExecutor.groovy:73)
	at com.kms.katalon.core.mobile.keyword.MobileBuiltInKeywords.verifyElementExist(MobileBuiltInKeywords.groovy:1570)
	at com.kms.katalon.core.mobile.keyword.MobileBuiltInKeywords$verifyElementExist$0.call(Unknown Source)
	at Transaction.run(Transaction:22)
	at com.kms.katalon.core.main.ScriptEngine.run(ScriptEngine.java:194)
	at com.kms.katalon.core.main.ScriptEngine.runScriptAsRawText(ScriptEngine.java:119)
	at com.kms.katalon.core.main.TestCaseExecutor.runScript(TestCaseExecutor.java:398)
	at com.kms.katalon.core.main.TestCaseExecutor.doExecute(TestCaseExecutor.java:389)
	at com.kms.katalon.core.main.TestCaseExecutor.processExecutionPhase(TestCaseExecutor.java:368)
	at com.kms.katalon.core.main.TestCaseExecutor.accessMainPhase(TestCaseExecutor.java:360)
	at com.kms.katalon.core.main.TestCaseExecutor.execute(TestCaseExecutor.java:255)
	at com.kms.katalon.core.main.TestCaseMain.runTestCase(TestCaseMain.java:114)
	at com.kms.katalon.core.keyword.builtin.CallTestCaseKeyword$_callTestCase_closure1.doCall(CallTestCaseKeyword.groovy:59)
	... 20 more
)
	at com.kms.katalon.core.keyword.internal.KeywordMain.stepFailed(KeywordMain.groovy:39)
	at com.kms.katalon.core.keyword.internal.KeywordMain.stepFailed(KeywordMain.groovy)
	at com.kms.katalon.core.keyword.internal.KeywordMain.runKeyword(KeywordMain.groovy:70)
	at com.kms.katalon.core.keyword.builtin.CallTestCaseKeyword.callTestCase(CallTestCaseKeyword.groovy:81)
	at com.kms.katalon.core.keyword.builtin.CallTestCaseKeyword.execute(CallTestCaseKeyword.groovy:44)
	at com.kms.katalon.core.keyword.internal.KeywordExecutor.executeKeywordForPlatform(KeywordExecutor.groovy:73)
	at com.kms.katalon.core.keyword.BuiltinKeywords.callTestCase(BuiltinKeywords.groovy:334)
	at 002 - Melihat Transaction berdasarkan ketegori On Process dan Subcription.run(002 - Melihat Transaction berdasarkan ketegori On Process dan Subcription:22)
	at com.kms.katalon.core.main.ScriptEngine.run(ScriptEngine.java:194)
	at com.kms.katalon.core.main.ScriptEngine.runScriptAsRawText(ScriptEngine.java:119)
	at com.kms.katalon.core.main.TestCaseExecutor.runScript(TestCaseExecutor.java:398)
	at com.kms.katalon.core.main.TestCaseExecutor.doExecute(TestCaseExecutor.java:389)
	at com.kms.katalon.core.main.TestCaseExecutor.processExecutionPhase(TestCaseExecutor.java:368)
	at com.kms.katalon.core.main.TestCaseExecutor.accessMainPhase(TestCaseExecutor.java:360)
	at com.kms.katalon.core.main.TestCaseExecutor.execute(TestCaseExecutor.java:255)
	at com.kms.katalon.core.main.TestSuiteExecutor.accessTestCaseMainPhase(TestSuiteExecutor.java:203)
	at com.kms.katalon.core.main.TestSuiteExecutor.accessTestSuiteMainPhase(TestSuiteExecutor.java:152)
	at com.kms.katalon.core.main.TestSuiteExecutor.execute(TestSuiteExecutor.java:95)
	at com.kms.katalon.core.main.TestCaseMain.startTestSuite(TestCaseMain.java:157)
	at com.kms.katalon.core.main.TestCaseMain$startTestSuite$0.call(Unknown Source)
	at TempTestSuite1637197715028.run(TempTestSuite1637197715028.groovy:39)
Caused by: com.kms.katalon.core.exception.StepFailedException: Call Test Case 'Test Cases/Mobile/Page/Transaction/Transaction' failed
	at com.kms.katalon.core.keyword.builtin.CallTestCaseKeyword$_callTestCase_closure1.doCall(CallTestCaseKeyword.groovy:63)
	at com.kms.katalon.core.keyword.builtin.CallTestCaseKeyword$_callTestCase_closure1.call(CallTestCaseKeyword.groovy)
	at com.kms.katalon.core.keyword.internal.KeywordMain.runKeyword(KeywordMain.groovy:68)
	... 18 more
Caused by: com.kms.katalon.core.exception.StepFailedException: Element 'Object Repository/Mobile/Page/Dashboard/Button - Login' not found
	at com.kms.katalon.core.keyword.internal.KeywordMain.stepFailed(KeywordMain.groovy:39)
	at com.kms.katalon.core.mobile.keyword.internal.MobileKeywordMain.stepFailed(MobileKeywordMain.groovy:40)
	at com.kms.katalon.core.mobile.keyword.builtin.VerifyElementExistKeyword$_verifyElementExist_closure1.doCall(VerifyElementExistKeyword.groovy:77)
	at com.kms.katalon.core.mobile.keyword.builtin.VerifyElementExistKeyword$_verifyElementExist_closure1.call(VerifyElementExistKeyword.groovy)
	at com.kms.katalon.core.mobile.keyword.internal.MobileKeywordMain.runKeyword(MobileKeywordMain.groovy:21)
	at com.kms.katalon.core.mobile.keyword.builtin.VerifyElementExistKeyword.verifyElementExist(VerifyElementExistKeyword.groovy:80)
	at com.kms.katalon.core.mobile.keyword.builtin.VerifyElementExistKeyword.execute(VerifyElementExistKeyword.groovy:64)
	at com.kms.katalon.core.keyword.internal.KeywordExecutor.executeKeywordForPlatform(KeywordExecutor.groovy:73)
	at com.kms.katalon.core.mobile.keyword.MobileBuiltInKeywords.verifyElementExist(MobileBuiltInKeywords.groovy:1570)
	at com.kms.katalon.core.mobile.keyword.MobileBuiltInKeywords$verifyElementExist$0.call(Unknown Source)
	at Transaction.run(Transaction:22)
	at com.kms.katalon.core.main.ScriptEngine.run(ScriptEngine.java:194)
	at com.kms.katalon.core.main.ScriptEngine.runScriptAsRawText(ScriptEngine.java:119)
	at com.kms.katalon.core.main.TestCaseExecutor.runScript(TestCaseExecutor.java:398)
	at com.kms.katalon.core.main.TestCaseExecutor.doExecute(TestCaseExecutor.java:389)
	at com.kms.katalon.core.main.TestCaseExecutor.processExecutionPhase(TestCaseExecutor.java:368)
	at com.kms.katalon.core.main.TestCaseExecutor.accessMainPhase(TestCaseExecutor.java:360)
	at com.kms.katalon.core.main.TestCaseExecutor.execute(TestCaseExecutor.java:255)
	at com.kms.katalon.core.main.TestCaseMain.runTestCase(TestCaseMain.java:114)
	at com.kms.katalon.core.keyword.builtin.CallTestCaseKeyword$_callTestCase_closure1.doCall(CallTestCaseKeyword.groovy:59)
	... 20 more]]></system-err>
   </testsuite>
</testsuites>
