<?xml version="1.0" encoding="UTF-8"?>
<testsuites name="portfolio" time="1284.114" tests="19" failures="0" skips="0" errors="0">
   <testsuite name="portfolio" tests="19" failures="0" errors="0" time="1284.114" skips="0" timestamp="2022-03-09 12:54:59" hostname="Owner - aldy-tft" id="Test Suites/portfolio">
      <properties>
         <property name="deviceName" value="samsung SM-A205F (Android 11)"/>
         <property name="devicePlatform" value=""/>
         <property name="logFolder" value="C:\\Users\\Owner\\Documents\\kerjaan\\KatalonProject\\qa_katalon_pwm\\qa_katalon_pwm\\Reports\\20220309_125447\\portfolio\\20220309_125449"/>
         <property name="logFiles" value="C:\\Users\\Owner\\Documents\\kerjaan\\KatalonProject\\qa_katalon_pwm\\qa_katalon_pwm\\Reports\\20220309_125447\\portfolio\\20220309_125449\\appium.log, C:\\Users\\Owner\\Documents\\kerjaan\\KatalonProject\\qa_katalon_pwm\\qa_katalon_pwm\\Reports\\20220309_125447\\portfolio\\20220309_125449\\execution0.log"/>
         <property name="attachments" value=""/>
         <property name="hostName" value="Owner - aldy-tft"/>
         <property name="os" value="Windows 10 64bit"/>
         <property name="appiumServerStatus" value="{&quot;value&quot;:{&quot;build&quot;:{&quot;version&quot;:&quot;1.22.0&quot;}},&quot;sessionId&quot;:null,&quot;status&quot;:0}"/>
         <property name="katalonVersion" value="7.9.1.208"/>
         <property name="deviceOS" value="Android"/>
         <property name="appiumVersion" value="1.22.0"/>
         <property name="deviceModel" value="SM-A205F"/>
         <property name="hostAddress" value="192.168.116.52"/>
         <property name="deviceManufacturer" value="samsung"/>
         <property name="deviceId" value="RR8M40C9AXE"/>
         <property name="deviceName" value="samsung SM-A205F (Android 11)"/>
         <property name="deviceOSVersion" value="11"/>
      </properties>
      <testcase name="Test Cases/Mobile/Scenario/Portfolio/001 - Summary" time="76.945" classname="Test Cases/Mobile/Scenario/Portfolio/001 - Summary" status="PASSED">
         <system-out><![CDATA[2022-03-09 12:55:00 - [TEST_CASE][PASSED] - Test Cases/Mobile/Scenario/Portfolio/001 - Summary: Test Cases/Mobile/Scenario/Portfolio/001 - Summary

2022-03-09 12:55:00 - [TEST_STEP][PASSED] - callTestCase(findTestCase("Mobile/Page/Run App/Run App byID"), [:], STOP_ON_FAILURE): Call Test Case 'Test Cases/Mobile/Page/Run App/Run App byID' successfully

2022-03-09 12:55:00 - [TEST_CASE][PASSED] - Test Cases/Mobile/Page/Run App/Run App byID: Test Cases/Mobile/Page/Run App/Run App byID

2022-03-09 12:55:01 - [TEST_STEP][PASSED] - startApp.OpenApp.startApplication("id.co.miraeasset.sageclub"): startApp.OpenApp.startApplication is PASSED

2022-03-09 12:55:03 - [MESSAGE][INFO] - Appium server started on port 59,429

2022-03-09 12:55:21 - [MESSAGE][PASSED] - Starting app with application ID: 'id.co.miraeasset.sageclub'

2022-03-09 12:55:21 - [MESSAGE][PASSED] - startApp.OpenApp.startApplication is PASSED

2022-03-09 12:55:21 - [MESSAGE][PASSED] - Call Test Case 'Test Cases/Mobile/Page/Run App/Run App byID' successfully

2022-03-09 12:55:21 - [TEST_STEP][PASSED] - callTestCase(findTestCase("Mobile/Page/Portfolio/Portfolio"), ["tab":"summary", "action":"summary"], CONTINUE_ON_FAILURE): Call Test Case 'Test Cases/Mobile/Page/Portfolio/Portfolio' successfully

2022-03-09 12:55:21 - [TEST_CASE][PASSED] - Test Cases/Mobile/Page/Portfolio/Portfolio: Test Cases/Mobile/Page/Portfolio/Portfolio

2022-03-09 12:55:22 - [TEST_STEP][PASSED] - callTestCase(findTestCase("Mobile/Page/CheckLogin"), [:], CONTINUE_ON_FAILURE): Call Test Case 'Test Cases/Mobile/Page/CheckLogin' successfully

2022-03-09 12:55:22 - [TEST_CASE][PASSED] - Test Cases/Mobile/Page/CheckLogin: Test Cases/Mobile/Page/CheckLogin

2022-03-09 12:55:22 - [TEST_STEP][PASSED] - loginCheck = verifyElementExist(LOGN_BtnLogin, 5, CONTINUE_ON_FAILURE): Element 'Object Repository/Mobile/Page/Login/Button - Login' is exist

2022-03-09 12:55:22 - [MESSAGE][WARNING] - Test object with id 'Object Repository/Mobile/Page/Analysis/Button - Open With Just Once' does not exist

2022-03-09 12:55:22 - [MESSAGE][WARNING] - Test object with id 'Object Repository/Mobile/Page/Analysis/Button - Search' does not exist

2022-03-09 12:55:23 - [MESSAGE][WARNING] - Test object with id 'Object Repository/Mobile/Page/Home/Button -  Add Watchlist' does not exist

2022-03-09 12:55:23 - [MESSAGE][WARNING] - Test object with id 'Object Repository/Mobile/Page/Home/Button - Open with Just Once' does not exist

2022-03-09 12:55:24 - [MESSAGE][WARNING] - Test object with id 'Object Repository/Mobile/Page/Home/Container - Notification' does not exist

2022-03-09 12:55:24 - [MESSAGE][WARNING] - Test object with id 'Object Repository/Mobile/Page/Home/Watchlist/Input - Search' does not exist

2022-03-09 12:55:24 - [MESSAGE][WARNING] - Test object with id 'Object Repository/Mobile/Page/Home/Watchlist/Item - Top Search' does not exist

2022-03-09 12:55:24 - [MESSAGE][WARNING] - Test object with id 'Object Repository/Mobile/Page/Home/Watchlist/Detail Watchlist/Input - Expiry Date' does not exist

2022-03-09 12:55:24 - [MESSAGE][WARNING] - Test object with id 'Object Repository/Mobile/Page/Home/Watchlist/Detail Watchlist/Item - Watchlist' does not exist

2022-03-09 12:55:25 - [MESSAGE][WARNING] - Test object with id 'Object Repository/Mobile/Page/NavigationMenu/Button - Open Just Once' does not exist

2022-03-09 12:55:25 - [MESSAGE][WARNING] - Test object with id 'Object Repository/Mobile/Page/NavigationMenu/Container - Logout' does not exist

2022-03-09 12:55:28 - [MESSAGE][WARNING] - Test object with id 'Object Repository/Mobile/Page/Analysis/Button - Open With Just Once' does not exist

2022-03-09 12:55:28 - [MESSAGE][WARNING] - Test object with id 'Object Repository/Mobile/Page/Analysis/Button - Search' does not exist

2022-03-09 12:55:29 - [MESSAGE][WARNING] - Test object with id 'Object Repository/Mobile/Page/Home/Button -  Add Watchlist' does not exist

2022-03-09 12:55:29 - [MESSAGE][WARNING] - Test object with id 'Object Repository/Mobile/Page/Home/Button - Open with Just Once' does not exist

2022-03-09 12:55:29 - [MESSAGE][WARNING] - Test object with id 'Object Repository/Mobile/Page/Home/Container - Notification' does not exist

2022-03-09 12:55:30 - [MESSAGE][WARNING] - Test object with id 'Object Repository/Mobile/Page/Home/Watchlist/Input - Search' does not exist

2022-03-09 12:55:30 - [MESSAGE][WARNING] - Test object with id 'Object Repository/Mobile/Page/Home/Watchlist/Item - Top Search' does not exist

2022-03-09 12:55:30 - [MESSAGE][WARNING] - Test object with id 'Object Repository/Mobile/Page/Home/Watchlist/Detail Watchlist/Input - Expiry Date' does not exist

2022-03-09 12:55:30 - [MESSAGE][WARNING] - Test object with id 'Object Repository/Mobile/Page/Home/Watchlist/Detail Watchlist/Item - Watchlist' does not exist

2022-03-09 12:55:31 - [MESSAGE][WARNING] - Test object with id 'Object Repository/Mobile/Page/NavigationMenu/Button - Open Just Once' does not exist

2022-03-09 12:55:31 - [MESSAGE][WARNING] - Test object with id 'Object Repository/Mobile/Page/NavigationMenu/Container - Logout' does not exist

2022-03-09 12:55:35 - [MESSAGE][PASSED] - Element 'Object Repository/Mobile/Page/Login/Button - Login' is exist

2022-03-09 12:55:35 - [TEST_STEP][PASSED] - if (loginCheck): Call Test Case 'Test Cases/Mobile/Page/Login/Login' successfully

2022-03-09 12:55:35 - [TEST_STEP][PASSED] - callTestCase(findTestCase("Mobile/Page/Login/Login"), ["action":"username"], CONTINUE_ON_FAILURE): Call Test Case 'Test Cases/Mobile/Page/Login/Login' successfully

2022-03-09 12:55:35 - [TEST_CASE][PASSED] - Test Cases/Mobile/Page/Login/Login: Test Cases/Mobile/Page/Login/Login

2022-03-09 12:55:35 - [TEST_STEP][PASSED] - delay(2): Delayed 2 second(s)

2022-03-09 12:55:37 - [MESSAGE][PASSED] - Delayed 2 second(s)

2022-03-09 12:55:37 - [TEST_STEP][PASSED] - for ([i = 0, i < 1, (i++)]): null

2022-03-09 12:55:37 - [TEST_STEP][PASSED] - if (action == "username"): null

2022-03-09 12:55:37 - [TEST_STEP][PASSED] - tap(LOGN_EdtUserID, 0): Tapped on element 'Object Repository/Mobile/Page/Login/Input - UserID'

2022-03-09 12:55:37 - [MESSAGE][WARNING] - Timeout '0' is invalid. Using default page load timeout: '60'

2022-03-09 12:55:38 - [MESSAGE][PASSED] - Tapped on element 'Object Repository/Mobile/Page/Login/Input - UserID'

2022-03-09 12:55:38 - [TEST_STEP][PASSED] - delay(1): Delayed 1 second(s)

2022-03-09 12:55:39 - [MESSAGE][PASSED] - Delayed 1 second(s)

2022-03-09 12:55:39 - [TEST_STEP][PASSED] - setText(LOGN_EdtRdyUserID, "anggaaditya", 0): Text 'anggaaditya' has been set to element 'Object Repository/Mobile/Page/Login/Input Rdy - UserID'

2022-03-09 12:55:39 - [MESSAGE][WARNING] - Timeout '0' is invalid. Using default page load timeout: '60'

2022-03-09 12:55:39 - [MESSAGE][PASSED] - Text 'anggaaditya' has been set to element 'Object Repository/Mobile/Page/Login/Input Rdy - UserID'

2022-03-09 12:55:39 - [TEST_STEP][PASSED] - delay(1): Delayed 1 second(s)

2022-03-09 12:55:40 - [MESSAGE][PASSED] - Delayed 1 second(s)

2022-03-09 12:55:40 - [TEST_STEP][PASSED] - hideKeyboard(): Keyboard is hidden

2022-03-09 12:55:44 - [MESSAGE][PASSED] - Keyboard is hidden

2022-03-09 12:55:44 - [TEST_STEP][PASSED] - tap(LOGN_EdtPassword, 0): Tapped on element 'Object Repository/Mobile/Page/Login/Input - Password'

2022-03-09 12:55:44 - [MESSAGE][WARNING] - Timeout '0' is invalid. Using default page load timeout: '60'

2022-03-09 12:55:45 - [MESSAGE][PASSED] - Tapped on element 'Object Repository/Mobile/Page/Login/Input - Password'

2022-03-09 12:55:45 - [TEST_STEP][PASSED] - delay(1): Delayed 1 second(s)

2022-03-09 12:55:46 - [MESSAGE][PASSED] - Delayed 1 second(s)

2022-03-09 12:55:46 - [TEST_STEP][PASSED] - setText(LOGN_EdtRdyPassword, "Shalawa18", 0): Text 'Shalawa18' has been set to element 'Object Repository/Mobile/Page/Login/Input Rdy - Password'

2022-03-09 12:55:46 - [MESSAGE][WARNING] - Timeout '0' is invalid. Using default page load timeout: '60'

2022-03-09 12:55:46 - [MESSAGE][PASSED] - Text 'Shalawa18' has been set to element 'Object Repository/Mobile/Page/Login/Input Rdy - Password'

2022-03-09 12:55:46 - [TEST_STEP][PASSED] - delay(1): Delayed 1 second(s)

2022-03-09 12:55:47 - [MESSAGE][PASSED] - Delayed 1 second(s)

2022-03-09 12:55:47 - [TEST_STEP][PASSED] - hideKeyboard(): Keyboard is hidden

2022-03-09 12:55:54 - [MESSAGE][PASSED] - Keyboard is hidden

2022-03-09 12:55:54 - [TEST_STEP][PASSED] - tap(LOGN_BtnLogin, 0): Tapped on element 'Object Repository/Mobile/Page/Login/Button - Login'

2022-03-09 12:55:54 - [MESSAGE][WARNING] - Timeout '0' is invalid. Using default page load timeout: '60'

2022-03-09 12:55:54 - [MESSAGE][PASSED] - Tapped on element 'Object Repository/Mobile/Page/Login/Button - Login'

2022-03-09 12:55:54 - [TEST_STEP][PASSED] - delay(2): Delayed 2 second(s)

2022-03-09 12:55:56 - [MESSAGE][PASSED] - Delayed 2 second(s)

2022-03-09 12:55:56 - [TEST_STEP][PASSED] - break: null

2022-03-09 12:55:56 - [MESSAGE][PASSED] - Call Test Case 'Test Cases/Mobile/Page/Login/Login' successfully

2022-03-09 12:55:56 - [MESSAGE][PASSED] - Call Test Case 'Test Cases/Mobile/Page/CheckLogin' successfully

2022-03-09 12:55:56 - [TEST_STEP][PASSED] - tap(HOME_MenubarPortfolio, 0): Tapped on element 'Object Repository/Mobile/Page/Home/Menubar - Portfolio'

2022-03-09 12:55:56 - [MESSAGE][WARNING] - Timeout '0' is invalid. Using default page load timeout: '60'

2022-03-09 12:55:58 - [MESSAGE][PASSED] - Tapped on element 'Object Repository/Mobile/Page/Home/Menubar - Portfolio'

2022-03-09 12:55:58 - [TEST_STEP][PASSED] - delay(5): Delayed 5 second(s)

2022-03-09 12:56:03 - [MESSAGE][PASSED] - Delayed 5 second(s)

2022-03-09 12:56:03 - [TEST_STEP][PASSED] - for ([i = 0, i < 1, (i++)]): null

2022-03-09 12:56:03 - [TEST_STEP][PASSED] - if (tab == "summary"): null

2022-03-09 12:56:03 - [TEST_STEP][PASSED] - idr = PORT_BtnIDR: null

2022-03-09 12:56:03 - [TEST_STEP][PASSED] - persen = PORT_BtnPersen: null

2022-03-09 12:56:03 - [TEST_STEP][PASSED] - if (action == "summary"): Delayed 3 second(s)

2022-03-09 12:56:03 - [TEST_STEP][PASSED] - delay(3): Delayed 3 second(s)

2022-03-09 12:56:06 - [MESSAGE][PASSED] - Delayed 3 second(s)

2022-03-09 12:56:06 - [TEST_STEP][PASSED] - if (action != "summary"): null

2022-03-09 12:56:06 - [MESSAGE][PASSED] - Call Test Case 'Test Cases/Mobile/Page/Portfolio/Portfolio' successfully

2022-03-09 12:56:06 - [TEST_STEP][PASSED] - callTestCase(findTestCase("Mobile/Page/Run App/Terminate App"), [:], STOP_ON_FAILURE): Call Test Case 'Test Cases/Mobile/Page/Run App/Terminate App' successfully

2022-03-09 12:56:06 - [TEST_CASE][PASSED] - Test Cases/Mobile/Page/Run App/Terminate App: Test Cases/Mobile/Page/Run App/Terminate App

2022-03-09 12:56:07 - [TEST_STEP][PASSED] - startApp.OpenApp.terminateApplication(): startApp.OpenApp.terminateApplication is PASSED

2022-03-09 12:56:10 - [MESSAGE][PASSED] - Delayed 3 second(s)

2022-03-09 12:56:10 - [MESSAGE][PASSED] - Current device physical width is 720

2022-03-09 12:56:10 - [MESSAGE][PASSED] - Current device physical height is 1423

2022-03-09 12:56:11 - [MESSAGE][PASSED] - Swiped from 360,853 to 360,142

2022-03-09 12:56:12 - [MESSAGE][PASSED] - Delayed 1 second(s)

2022-03-09 12:56:14 - [MESSAGE][PASSED] - Swiped from 360,853 to 360,142

2022-03-09 12:56:17 - [MESSAGE][PASSED] - Delayed 3 second(s)

2022-03-09 12:56:17 - [MESSAGE][PASSED] - startApp.OpenApp.terminateApplication is PASSED

2022-03-09 12:56:17 - [MESSAGE][PASSED] - Call Test Case 'Test Cases/Mobile/Page/Run App/Terminate App' successfully]]></system-out>
         <system-err><![CDATA[]]></system-err>
      </testcase>
      <testcase name="Test Cases/Mobile/Scenario/Portfolio/002 - Portfolio Performance Daily IDR" time="65.414" classname="Test Cases/Mobile/Scenario/Portfolio/002 - Portfolio Performance Daily IDR" status="PASSED">
         <system-out><![CDATA[2022-03-09 12:56:17 - [TEST_CASE][PASSED] - Test Cases/Mobile/Scenario/Portfolio/002 - Portfolio Performance Daily IDR: Test Cases/Mobile/Scenario/Portfolio/002 - Portfolio Performance Daily IDR

2022-03-09 12:56:17 - [TEST_STEP][PASSED] - callTestCase(findTestCase("Mobile/Page/Run App/Run App byID"), [:], STOP_ON_FAILURE): Call Test Case 'Test Cases/Mobile/Page/Run App/Run App byID' successfully

2022-03-09 12:56:17 - [TEST_CASE][PASSED] - Test Cases/Mobile/Page/Run App/Run App byID: Test Cases/Mobile/Page/Run App/Run App byID

2022-03-09 12:56:17 - [TEST_STEP][PASSED] - startApp.OpenApp.startApplication("id.co.miraeasset.sageclub"): startApp.OpenApp.startApplication is PASSED

2022-03-09 12:56:30 - [MESSAGE][PASSED] - Starting app with application ID: 'id.co.miraeasset.sageclub'

2022-03-09 12:56:30 - [MESSAGE][PASSED] - startApp.OpenApp.startApplication is PASSED

2022-03-09 12:56:30 - [MESSAGE][PASSED] - Call Test Case 'Test Cases/Mobile/Page/Run App/Run App byID' successfully

2022-03-09 12:56:30 - [TEST_STEP][PASSED] - callTestCase(findTestCase("Mobile/Page/Portfolio/Portfolio"), ["tab":"summary", "action":"perf_daily", "action2":"idr"], CONTINUE_ON_FAILURE): Call Test Case 'Test Cases/Mobile/Page/Portfolio/Portfolio' successfully

2022-03-09 12:56:30 - [TEST_CASE][PASSED] - Test Cases/Mobile/Page/Portfolio/Portfolio: Test Cases/Mobile/Page/Portfolio/Portfolio

2022-03-09 12:56:30 - [TEST_STEP][PASSED] - callTestCase(findTestCase("Mobile/Page/CheckLogin"), [:], CONTINUE_ON_FAILURE): Call Test Case 'Test Cases/Mobile/Page/CheckLogin' successfully

2022-03-09 12:56:30 - [TEST_CASE][PASSED] - Test Cases/Mobile/Page/CheckLogin: Test Cases/Mobile/Page/CheckLogin

2022-03-09 12:56:30 - [TEST_STEP][PASSED] - loginCheck = verifyElementExist(LOGN_BtnLogin, 5, CONTINUE_ON_FAILURE): Element 'Object Repository/Mobile/Page/Login/Button - Login' is exist

2022-03-09 12:56:32 - [MESSAGE][PASSED] - Element 'Object Repository/Mobile/Page/Login/Button - Login' is exist

2022-03-09 12:56:32 - [TEST_STEP][PASSED] - if (loginCheck): Call Test Case 'Test Cases/Mobile/Page/Login/Login' successfully

2022-03-09 12:56:32 - [TEST_STEP][PASSED] - callTestCase(findTestCase("Mobile/Page/Login/Login"), ["action":"username"], CONTINUE_ON_FAILURE): Call Test Case 'Test Cases/Mobile/Page/Login/Login' successfully

2022-03-09 12:56:32 - [TEST_CASE][PASSED] - Test Cases/Mobile/Page/Login/Login: Test Cases/Mobile/Page/Login/Login

2022-03-09 12:56:32 - [TEST_STEP][PASSED] - delay(2): Delayed 2 second(s)

2022-03-09 12:56:34 - [MESSAGE][PASSED] - Delayed 2 second(s)

2022-03-09 12:56:34 - [TEST_STEP][PASSED] - for ([i = 0, i < 1, (i++)]): null

2022-03-09 12:56:34 - [TEST_STEP][PASSED] - if (action == "username"): null

2022-03-09 12:56:34 - [TEST_STEP][PASSED] - tap(LOGN_EdtUserID, 0): Tapped on element 'Object Repository/Mobile/Page/Login/Input - UserID'

2022-03-09 12:56:34 - [MESSAGE][WARNING] - Timeout '0' is invalid. Using default page load timeout: '60'

2022-03-09 12:56:34 - [MESSAGE][PASSED] - Tapped on element 'Object Repository/Mobile/Page/Login/Input - UserID'

2022-03-09 12:56:34 - [TEST_STEP][PASSED] - delay(1): Delayed 1 second(s)

2022-03-09 12:56:35 - [MESSAGE][PASSED] - Delayed 1 second(s)

2022-03-09 12:56:35 - [TEST_STEP][PASSED] - setText(LOGN_EdtRdyUserID, "anggaaditya", 0): Text 'anggaaditya' has been set to element 'Object Repository/Mobile/Page/Login/Input Rdy - UserID'

2022-03-09 12:56:35 - [MESSAGE][WARNING] - Timeout '0' is invalid. Using default page load timeout: '60'

2022-03-09 12:56:36 - [MESSAGE][PASSED] - Text 'anggaaditya' has been set to element 'Object Repository/Mobile/Page/Login/Input Rdy - UserID'

2022-03-09 12:56:36 - [TEST_STEP][PASSED] - delay(1): Delayed 1 second(s)

2022-03-09 12:56:37 - [MESSAGE][PASSED] - Delayed 1 second(s)

2022-03-09 12:56:37 - [TEST_STEP][PASSED] - hideKeyboard(): Keyboard is hidden

2022-03-09 12:56:40 - [MESSAGE][PASSED] - Keyboard is hidden

2022-03-09 12:56:40 - [TEST_STEP][PASSED] - tap(LOGN_EdtPassword, 0): Tapped on element 'Object Repository/Mobile/Page/Login/Input - Password'

2022-03-09 12:56:40 - [MESSAGE][WARNING] - Timeout '0' is invalid. Using default page load timeout: '60'

2022-03-09 12:56:41 - [MESSAGE][PASSED] - Tapped on element 'Object Repository/Mobile/Page/Login/Input - Password'

2022-03-09 12:56:41 - [TEST_STEP][PASSED] - delay(1): Delayed 1 second(s)

2022-03-09 12:56:42 - [MESSAGE][PASSED] - Delayed 1 second(s)

2022-03-09 12:56:42 - [TEST_STEP][PASSED] - setText(LOGN_EdtRdyPassword, "Shalawa18", 0): Text 'Shalawa18' has been set to element 'Object Repository/Mobile/Page/Login/Input Rdy - Password'

2022-03-09 12:56:42 - [MESSAGE][WARNING] - Timeout '0' is invalid. Using default page load timeout: '60'

2022-03-09 12:56:42 - [MESSAGE][PASSED] - Text 'Shalawa18' has been set to element 'Object Repository/Mobile/Page/Login/Input Rdy - Password'

2022-03-09 12:56:42 - [TEST_STEP][PASSED] - delay(1): Delayed 1 second(s)

2022-03-09 12:56:43 - [MESSAGE][PASSED] - Delayed 1 second(s)

2022-03-09 12:56:43 - [TEST_STEP][PASSED] - hideKeyboard(): Keyboard is hidden

2022-03-09 12:56:50 - [MESSAGE][PASSED] - Keyboard is hidden

2022-03-09 12:56:50 - [TEST_STEP][PASSED] - tap(LOGN_BtnLogin, 0): Tapped on element 'Object Repository/Mobile/Page/Login/Button - Login'

2022-03-09 12:56:50 - [MESSAGE][WARNING] - Timeout '0' is invalid. Using default page load timeout: '60'

2022-03-09 12:56:51 - [MESSAGE][PASSED] - Tapped on element 'Object Repository/Mobile/Page/Login/Button - Login'

2022-03-09 12:56:51 - [TEST_STEP][PASSED] - delay(2): Delayed 2 second(s)

2022-03-09 12:56:53 - [MESSAGE][PASSED] - Delayed 2 second(s)

2022-03-09 12:56:53 - [TEST_STEP][PASSED] - break: null

2022-03-09 12:56:53 - [MESSAGE][PASSED] - Call Test Case 'Test Cases/Mobile/Page/Login/Login' successfully

2022-03-09 12:56:53 - [MESSAGE][PASSED] - Call Test Case 'Test Cases/Mobile/Page/CheckLogin' successfully

2022-03-09 12:56:53 - [TEST_STEP][PASSED] - tap(HOME_MenubarPortfolio, 0): Tapped on element 'Object Repository/Mobile/Page/Home/Menubar - Portfolio'

2022-03-09 12:56:53 - [MESSAGE][WARNING] - Timeout '0' is invalid. Using default page load timeout: '60'

2022-03-09 12:56:55 - [MESSAGE][PASSED] - Tapped on element 'Object Repository/Mobile/Page/Home/Menubar - Portfolio'

2022-03-09 12:56:55 - [TEST_STEP][PASSED] - delay(5): Delayed 5 second(s)

2022-03-09 12:57:00 - [MESSAGE][PASSED] - Delayed 5 second(s)

2022-03-09 12:57:00 - [TEST_STEP][PASSED] - for ([i = 0, i < 1, (i++)]): Delayed 3 second(s)

2022-03-09 12:57:00 - [TEST_STEP][PASSED] - if (tab == "summary"): Delayed 3 second(s)

2022-03-09 12:57:00 - [TEST_STEP][PASSED] - idr = PORT_BtnIDR: null

2022-03-09 12:57:00 - [TEST_STEP][PASSED] - persen = PORT_BtnPersen: null

2022-03-09 12:57:00 - [TEST_STEP][PASSED] - if (action == "summary"): null

2022-03-09 12:57:00 - [TEST_STEP][PASSED] - else if (action == "perf_daily"): scroll.scroll.scrollScreenBottomToTop is PASSED

2022-03-09 12:57:00 - [TEST_STEP][PASSED] - scroll.scroll.scrollScreenBottomToTop(): scroll.scroll.scrollScreenBottomToTop is PASSED

2022-03-09 12:57:00 - [MESSAGE][PASSED] - Current device physical height is 1423

2022-03-09 12:57:00 - [MESSAGE][PASSED] - Current device physical width is 720

2022-03-09 12:57:01 - [MESSAGE][PASSED] - Swiped from 360,1,138 to 360,284

2022-03-09 12:57:01 - [MESSAGE][PASSED] - scroll.scroll.scrollScreenBottomToTop is PASSED

2022-03-09 12:57:01 - [TEST_STEP][PASSED] - if (action != "summary"): Delayed 3 second(s)

2022-03-09 12:57:01 - [TEST_STEP][PASSED] - delay(1): Delayed 1 second(s)

2022-03-09 12:57:02 - [MESSAGE][PASSED] - Delayed 1 second(s)

2022-03-09 12:57:02 - [TEST_STEP][PASSED] - scroll.scroll.scrollScreenBottomToTop(): scroll.scroll.scrollScreenBottomToTop is PASSED

2022-03-09 12:57:02 - [MESSAGE][PASSED] - Current device physical height is 1423

2022-03-09 12:57:03 - [MESSAGE][PASSED] - Current device physical width is 720

2022-03-09 12:57:04 - [MESSAGE][PASSED] - Swiped from 360,1,138 to 360,284

2022-03-09 12:57:04 - [MESSAGE][PASSED] - scroll.scroll.scrollScreenBottomToTop is PASSED

2022-03-09 12:57:04 - [TEST_STEP][PASSED] - scroll.scroll.scrollScreenBottomToTop(): scroll.scroll.scrollScreenBottomToTop is PASSED

2022-03-09 12:57:04 - [MESSAGE][PASSED] - Current device physical height is 1423

2022-03-09 12:57:04 - [MESSAGE][PASSED] - Current device physical width is 720

2022-03-09 12:57:05 - [MESSAGE][PASSED] - Swiped from 360,1,138 to 360,284

2022-03-09 12:57:05 - [MESSAGE][PASSED] - scroll.scroll.scrollScreenBottomToTop is PASSED

2022-03-09 12:57:05 - [TEST_STEP][PASSED] - delay(3): Delayed 3 second(s)

2022-03-09 12:57:08 - [MESSAGE][PASSED] - Delayed 3 second(s)

2022-03-09 12:57:08 - [TEST_STEP][PASSED] - if (action2 == "idr"): Delayed 3 second(s)

2022-03-09 12:57:08 - [TEST_STEP][PASSED] - tap(idr, 10): Tapped on element 'Object Repository/Mobile/Page/Portfolio/Button - IDR'

2022-03-09 12:57:09 - [MESSAGE][PASSED] - Tapped on element 'Object Repository/Mobile/Page/Portfolio/Button - IDR'

2022-03-09 12:57:09 - [TEST_STEP][PASSED] - delay(3): Delayed 3 second(s)

2022-03-09 12:57:12 - [MESSAGE][PASSED] - Delayed 3 second(s)

2022-03-09 12:57:12 - [MESSAGE][PASSED] - Call Test Case 'Test Cases/Mobile/Page/Portfolio/Portfolio' successfully

2022-03-09 12:57:12 - [TEST_STEP][PASSED] - callTestCase(findTestCase("Mobile/Page/Run App/Terminate App"), [:], STOP_ON_FAILURE): Call Test Case 'Test Cases/Mobile/Page/Run App/Terminate App' successfully

2022-03-09 12:57:12 - [TEST_CASE][PASSED] - Test Cases/Mobile/Page/Run App/Terminate App: Test Cases/Mobile/Page/Run App/Terminate App

2022-03-09 12:57:12 - [TEST_STEP][PASSED] - startApp.OpenApp.terminateApplication(): startApp.OpenApp.terminateApplication is PASSED

2022-03-09 12:57:15 - [MESSAGE][PASSED] - Delayed 3 second(s)

2022-03-09 12:57:15 - [MESSAGE][PASSED] - Current device physical width is 720

2022-03-09 12:57:16 - [MESSAGE][PASSED] - Current device physical height is 1423

2022-03-09 12:57:17 - [MESSAGE][PASSED] - Swiped from 360,853 to 360,142

2022-03-09 12:57:18 - [MESSAGE][PASSED] - Delayed 1 second(s)

2022-03-09 12:57:19 - [MESSAGE][PASSED] - Swiped from 360,853 to 360,142

2022-03-09 12:57:22 - [MESSAGE][PASSED] - Delayed 3 second(s)

2022-03-09 12:57:22 - [MESSAGE][PASSED] - startApp.OpenApp.terminateApplication is PASSED

2022-03-09 12:57:22 - [MESSAGE][PASSED] - Call Test Case 'Test Cases/Mobile/Page/Run App/Terminate App' successfully]]></system-out>
         <system-err><![CDATA[]]></system-err>
      </testcase>
      <testcase name="Test Cases/Mobile/Scenario/Portfolio/003 - Portfolio Performance Month to Date IDR" time="68.072" classname="Test Cases/Mobile/Scenario/Portfolio/003 - Portfolio Performance Month to Date IDR" status="PASSED">
         <system-out><![CDATA[2022-03-09 12:57:22 - [TEST_CASE][PASSED] - Test Cases/Mobile/Scenario/Portfolio/003 - Portfolio Performance Month to Date IDR: Test Cases/Mobile/Scenario/Portfolio/003 - Portfolio Performance Month to Date IDR

2022-03-09 12:57:22 - [TEST_STEP][PASSED] - callTestCase(findTestCase("Mobile/Page/Run App/Run App byID"), [:], STOP_ON_FAILURE): Call Test Case 'Test Cases/Mobile/Page/Run App/Run App byID' successfully

2022-03-09 12:57:23 - [TEST_CASE][PASSED] - Test Cases/Mobile/Page/Run App/Run App byID: Test Cases/Mobile/Page/Run App/Run App byID

2022-03-09 12:57:23 - [TEST_STEP][PASSED] - startApp.OpenApp.startApplication("id.co.miraeasset.sageclub"): startApp.OpenApp.startApplication is PASSED

2022-03-09 12:57:36 - [MESSAGE][PASSED] - Starting app with application ID: 'id.co.miraeasset.sageclub'

2022-03-09 12:57:36 - [MESSAGE][PASSED] - startApp.OpenApp.startApplication is PASSED

2022-03-09 12:57:36 - [MESSAGE][PASSED] - Call Test Case 'Test Cases/Mobile/Page/Run App/Run App byID' successfully

2022-03-09 12:57:36 - [TEST_STEP][PASSED] - callTestCase(findTestCase("Mobile/Page/Portfolio/Portfolio"), ["tab":"summary", "action":"perf_month", "action2":"idr"], CONTINUE_ON_FAILURE): Call Test Case 'Test Cases/Mobile/Page/Portfolio/Portfolio' successfully

2022-03-09 12:57:36 - [TEST_CASE][PASSED] - Test Cases/Mobile/Page/Portfolio/Portfolio: Test Cases/Mobile/Page/Portfolio/Portfolio

2022-03-09 12:57:36 - [TEST_STEP][PASSED] - callTestCase(findTestCase("Mobile/Page/CheckLogin"), [:], CONTINUE_ON_FAILURE): Call Test Case 'Test Cases/Mobile/Page/CheckLogin' successfully

2022-03-09 12:57:36 - [TEST_CASE][PASSED] - Test Cases/Mobile/Page/CheckLogin: Test Cases/Mobile/Page/CheckLogin

2022-03-09 12:57:36 - [TEST_STEP][PASSED] - loginCheck = verifyElementExist(LOGN_BtnLogin, 5, CONTINUE_ON_FAILURE): Element 'Object Repository/Mobile/Page/Login/Button - Login' is exist

2022-03-09 12:57:38 - [MESSAGE][PASSED] - Element 'Object Repository/Mobile/Page/Login/Button - Login' is exist

2022-03-09 12:57:38 - [TEST_STEP][PASSED] - if (loginCheck): Call Test Case 'Test Cases/Mobile/Page/Login/Login' successfully

2022-03-09 12:57:38 - [TEST_STEP][PASSED] - callTestCase(findTestCase("Mobile/Page/Login/Login"), ["action":"username"], CONTINUE_ON_FAILURE): Call Test Case 'Test Cases/Mobile/Page/Login/Login' successfully

2022-03-09 12:57:38 - [TEST_CASE][PASSED] - Test Cases/Mobile/Page/Login/Login: Test Cases/Mobile/Page/Login/Login

2022-03-09 12:57:38 - [TEST_STEP][PASSED] - delay(2): Delayed 2 second(s)

2022-03-09 12:57:40 - [MESSAGE][PASSED] - Delayed 2 second(s)

2022-03-09 12:57:40 - [TEST_STEP][PASSED] - for ([i = 0, i < 1, (i++)]): null

2022-03-09 12:57:40 - [TEST_STEP][PASSED] - if (action == "username"): null

2022-03-09 12:57:40 - [TEST_STEP][PASSED] - tap(LOGN_EdtUserID, 0): Tapped on element 'Object Repository/Mobile/Page/Login/Input - UserID'

2022-03-09 12:57:40 - [MESSAGE][WARNING] - Timeout '0' is invalid. Using default page load timeout: '60'

2022-03-09 12:57:40 - [MESSAGE][PASSED] - Tapped on element 'Object Repository/Mobile/Page/Login/Input - UserID'

2022-03-09 12:57:40 - [TEST_STEP][PASSED] - delay(1): Delayed 1 second(s)

2022-03-09 12:57:41 - [MESSAGE][PASSED] - Delayed 1 second(s)

2022-03-09 12:57:41 - [TEST_STEP][PASSED] - setText(LOGN_EdtRdyUserID, "anggaaditya", 0): Text 'anggaaditya' has been set to element 'Object Repository/Mobile/Page/Login/Input Rdy - UserID'

2022-03-09 12:57:41 - [MESSAGE][WARNING] - Timeout '0' is invalid. Using default page load timeout: '60'

2022-03-09 12:57:42 - [MESSAGE][PASSED] - Text 'anggaaditya' has been set to element 'Object Repository/Mobile/Page/Login/Input Rdy - UserID'

2022-03-09 12:57:42 - [TEST_STEP][PASSED] - delay(1): Delayed 1 second(s)

2022-03-09 12:57:43 - [MESSAGE][PASSED] - Delayed 1 second(s)

2022-03-09 12:57:43 - [TEST_STEP][PASSED] - hideKeyboard(): Keyboard is hidden

2022-03-09 12:57:46 - [MESSAGE][PASSED] - Keyboard is hidden

2022-03-09 12:57:46 - [TEST_STEP][PASSED] - tap(LOGN_EdtPassword, 0): Tapped on element 'Object Repository/Mobile/Page/Login/Input - Password'

2022-03-09 12:57:46 - [MESSAGE][WARNING] - Timeout '0' is invalid. Using default page load timeout: '60'

2022-03-09 12:57:47 - [MESSAGE][PASSED] - Tapped on element 'Object Repository/Mobile/Page/Login/Input - Password'

2022-03-09 12:57:47 - [TEST_STEP][PASSED] - delay(1): Delayed 1 second(s)

2022-03-09 12:57:48 - [MESSAGE][PASSED] - Delayed 1 second(s)

2022-03-09 12:57:48 - [TEST_STEP][PASSED] - setText(LOGN_EdtRdyPassword, "Shalawa18", 0): Text 'Shalawa18' has been set to element 'Object Repository/Mobile/Page/Login/Input Rdy - Password'

2022-03-09 12:57:48 - [MESSAGE][WARNING] - Timeout '0' is invalid. Using default page load timeout: '60'

2022-03-09 12:57:48 - [MESSAGE][PASSED] - Text 'Shalawa18' has been set to element 'Object Repository/Mobile/Page/Login/Input Rdy - Password'

2022-03-09 12:57:48 - [TEST_STEP][PASSED] - delay(1): Delayed 1 second(s)

2022-03-09 12:57:49 - [MESSAGE][PASSED] - Delayed 1 second(s)

2022-03-09 12:57:49 - [TEST_STEP][PASSED] - hideKeyboard(): Keyboard is hidden

2022-03-09 12:57:56 - [MESSAGE][PASSED] - Keyboard is hidden

2022-03-09 12:57:56 - [TEST_STEP][PASSED] - tap(LOGN_BtnLogin, 0): Tapped on element 'Object Repository/Mobile/Page/Login/Button - Login'

2022-03-09 12:57:56 - [MESSAGE][WARNING] - Timeout '0' is invalid. Using default page load timeout: '60'

2022-03-09 12:57:57 - [MESSAGE][PASSED] - Tapped on element 'Object Repository/Mobile/Page/Login/Button - Login'

2022-03-09 12:57:57 - [TEST_STEP][PASSED] - delay(2): Delayed 2 second(s)

2022-03-09 12:57:59 - [MESSAGE][PASSED] - Delayed 2 second(s)

2022-03-09 12:57:59 - [TEST_STEP][PASSED] - break: null

2022-03-09 12:57:59 - [MESSAGE][PASSED] - Call Test Case 'Test Cases/Mobile/Page/Login/Login' successfully

2022-03-09 12:57:59 - [MESSAGE][PASSED] - Call Test Case 'Test Cases/Mobile/Page/CheckLogin' successfully

2022-03-09 12:57:59 - [TEST_STEP][PASSED] - tap(HOME_MenubarPortfolio, 0): Tapped on element 'Object Repository/Mobile/Page/Home/Menubar - Portfolio'

2022-03-09 12:57:59 - [MESSAGE][WARNING] - Timeout '0' is invalid. Using default page load timeout: '60'

2022-03-09 12:58:01 - [MESSAGE][PASSED] - Tapped on element 'Object Repository/Mobile/Page/Home/Menubar - Portfolio'

2022-03-09 12:58:01 - [TEST_STEP][PASSED] - delay(5): Delayed 5 second(s)

2022-03-09 12:58:06 - [MESSAGE][PASSED] - Delayed 5 second(s)

2022-03-09 12:58:06 - [TEST_STEP][PASSED] - for ([i = 0, i < 1, (i++)]): Delayed 3 second(s)

2022-03-09 12:58:06 - [TEST_STEP][PASSED] - if (tab == "summary"): Delayed 3 second(s)

2022-03-09 12:58:06 - [TEST_STEP][PASSED] - idr = PORT_BtnIDR: null

2022-03-09 12:58:06 - [TEST_STEP][PASSED] - persen = PORT_BtnPersen: null

2022-03-09 12:58:06 - [TEST_STEP][PASSED] - if (action == "summary"): null

2022-03-09 12:58:06 - [TEST_STEP][PASSED] - else if (action == "perf_daily"): null

2022-03-09 12:58:06 - [TEST_STEP][PASSED] - else if (action == "perf_month"): Tapped on element 'Object Repository/Mobile/Page/Portfolio/Tab - Summary Month to Date'

2022-03-09 12:58:06 - [TEST_STEP][PASSED] - scroll.scroll.scrollScreenBottomToTop(): scroll.scroll.scrollScreenBottomToTop is PASSED

2022-03-09 12:58:06 - [MESSAGE][PASSED] - Current device physical height is 1423

2022-03-09 12:58:06 - [MESSAGE][PASSED] - Current device physical width is 720

2022-03-09 12:58:08 - [MESSAGE][PASSED] - Swiped from 360,1,138 to 360,284

2022-03-09 12:58:08 - [MESSAGE][PASSED] - scroll.scroll.scrollScreenBottomToTop is PASSED

2022-03-09 12:58:08 - [TEST_STEP][PASSED] - delay(1): Delayed 1 second(s)

2022-03-09 12:58:09 - [MESSAGE][PASSED] - Delayed 1 second(s)

2022-03-09 12:58:09 - [TEST_STEP][PASSED] - tap(PORT_TabSummaryMonth, 0): Tapped on element 'Object Repository/Mobile/Page/Portfolio/Tab - Summary Month to Date'

2022-03-09 12:58:09 - [MESSAGE][WARNING] - Timeout '0' is invalid. Using default page load timeout: '60'

2022-03-09 12:58:09 - [MESSAGE][PASSED] - Tapped on element 'Object Repository/Mobile/Page/Portfolio/Tab - Summary Month to Date'

2022-03-09 12:58:09 - [TEST_STEP][PASSED] - if (action != "summary"): Delayed 3 second(s)

2022-03-09 12:58:09 - [TEST_STEP][PASSED] - delay(1): Delayed 1 second(s)

2022-03-09 12:58:10 - [MESSAGE][PASSED] - Delayed 1 second(s)

2022-03-09 12:58:10 - [TEST_STEP][PASSED] - scroll.scroll.scrollScreenBottomToTop(): scroll.scroll.scrollScreenBottomToTop is PASSED

2022-03-09 12:58:10 - [MESSAGE][PASSED] - Current device physical height is 1423

2022-03-09 12:58:11 - [MESSAGE][PASSED] - Current device physical width is 720

2022-03-09 12:58:12 - [MESSAGE][PASSED] - Swiped from 360,1,138 to 360,284

2022-03-09 12:58:12 - [MESSAGE][PASSED] - scroll.scroll.scrollScreenBottomToTop is PASSED

2022-03-09 12:58:12 - [TEST_STEP][PASSED] - scroll.scroll.scrollScreenBottomToTop(): scroll.scroll.scrollScreenBottomToTop is PASSED

2022-03-09 12:58:12 - [MESSAGE][PASSED] - Current device physical height is 1423

2022-03-09 12:58:12 - [MESSAGE][PASSED] - Current device physical width is 720

2022-03-09 12:58:14 - [MESSAGE][PASSED] - Swiped from 360,1,138 to 360,284

2022-03-09 12:58:14 - [MESSAGE][PASSED] - scroll.scroll.scrollScreenBottomToTop is PASSED

2022-03-09 12:58:14 - [TEST_STEP][PASSED] - delay(3): Delayed 3 second(s)

2022-03-09 12:58:17 - [MESSAGE][PASSED] - Delayed 3 second(s)

2022-03-09 12:58:17 - [TEST_STEP][PASSED] - if (action2 == "idr"): Delayed 3 second(s)

2022-03-09 12:58:17 - [TEST_STEP][PASSED] - tap(idr, 10): Tapped on element 'Object Repository/Mobile/Page/Portfolio/Button - IDR'

2022-03-09 12:58:17 - [MESSAGE][PASSED] - Tapped on element 'Object Repository/Mobile/Page/Portfolio/Button - IDR'

2022-03-09 12:58:17 - [TEST_STEP][PASSED] - delay(3): Delayed 3 second(s)

2022-03-09 12:58:20 - [MESSAGE][PASSED] - Delayed 3 second(s)

2022-03-09 12:58:20 - [MESSAGE][PASSED] - Call Test Case 'Test Cases/Mobile/Page/Portfolio/Portfolio' successfully

2022-03-09 12:58:20 - [TEST_STEP][PASSED] - callTestCase(findTestCase("Mobile/Page/Run App/Terminate App"), [:], STOP_ON_FAILURE): Call Test Case 'Test Cases/Mobile/Page/Run App/Terminate App' successfully

2022-03-09 12:58:20 - [TEST_CASE][PASSED] - Test Cases/Mobile/Page/Run App/Terminate App: Test Cases/Mobile/Page/Run App/Terminate App

2022-03-09 12:58:20 - [TEST_STEP][PASSED] - startApp.OpenApp.terminateApplication(): startApp.OpenApp.terminateApplication is PASSED

2022-03-09 12:58:23 - [MESSAGE][PASSED] - Delayed 3 second(s)

2022-03-09 12:58:23 - [MESSAGE][PASSED] - Current device physical width is 720

2022-03-09 12:58:24 - [MESSAGE][PASSED] - Current device physical height is 1423

2022-03-09 12:58:25 - [MESSAGE][PASSED] - Swiped from 360,853 to 360,142

2022-03-09 12:58:26 - [MESSAGE][PASSED] - Delayed 1 second(s)

2022-03-09 12:58:27 - [MESSAGE][PASSED] - Swiped from 360,853 to 360,142

2022-03-09 12:58:30 - [MESSAGE][PASSED] - Delayed 3 second(s)

2022-03-09 12:58:30 - [MESSAGE][PASSED] - startApp.OpenApp.terminateApplication is PASSED

2022-03-09 12:58:30 - [MESSAGE][PASSED] - Call Test Case 'Test Cases/Mobile/Page/Run App/Terminate App' successfully]]></system-out>
         <system-err><![CDATA[]]></system-err>
      </testcase>
      <testcase name="Test Cases/Mobile/Scenario/Portfolio/004 - Portfolio Performance Quarter to Date IDR" time="66.693" classname="Test Cases/Mobile/Scenario/Portfolio/004 - Portfolio Performance Quarter to Date IDR" status="PASSED">
         <system-out><![CDATA[2022-03-09 12:58:30 - [TEST_CASE][PASSED] - Test Cases/Mobile/Scenario/Portfolio/004 - Portfolio Performance Quarter to Date IDR: Test Cases/Mobile/Scenario/Portfolio/004 - Portfolio Performance Quarter to Date IDR

2022-03-09 12:58:31 - [TEST_STEP][PASSED] - callTestCase(findTestCase("Mobile/Page/Run App/Run App byID"), [:], STOP_ON_FAILURE): Call Test Case 'Test Cases/Mobile/Page/Run App/Run App byID' successfully

2022-03-09 12:58:31 - [TEST_CASE][PASSED] - Test Cases/Mobile/Page/Run App/Run App byID: Test Cases/Mobile/Page/Run App/Run App byID

2022-03-09 12:58:31 - [TEST_STEP][PASSED] - startApp.OpenApp.startApplication("id.co.miraeasset.sageclub"): startApp.OpenApp.startApplication is PASSED

2022-03-09 12:58:43 - [MESSAGE][PASSED] - Starting app with application ID: 'id.co.miraeasset.sageclub'

2022-03-09 12:58:43 - [MESSAGE][PASSED] - startApp.OpenApp.startApplication is PASSED

2022-03-09 12:58:43 - [MESSAGE][PASSED] - Call Test Case 'Test Cases/Mobile/Page/Run App/Run App byID' successfully

2022-03-09 12:58:43 - [TEST_STEP][PASSED] - callTestCase(findTestCase("Mobile/Page/Portfolio/Portfolio"), ["tab":"summary", "action":"perf_quarter", "action2":"idr"], CONTINUE_ON_FAILURE): Call Test Case 'Test Cases/Mobile/Page/Portfolio/Portfolio' successfully

2022-03-09 12:58:43 - [TEST_CASE][PASSED] - Test Cases/Mobile/Page/Portfolio/Portfolio: Test Cases/Mobile/Page/Portfolio/Portfolio

2022-03-09 12:58:43 - [TEST_STEP][PASSED] - callTestCase(findTestCase("Mobile/Page/CheckLogin"), [:], CONTINUE_ON_FAILURE): Call Test Case 'Test Cases/Mobile/Page/CheckLogin' successfully

2022-03-09 12:58:43 - [TEST_CASE][PASSED] - Test Cases/Mobile/Page/CheckLogin: Test Cases/Mobile/Page/CheckLogin

2022-03-09 12:58:43 - [TEST_STEP][PASSED] - loginCheck = verifyElementExist(LOGN_BtnLogin, 5, CONTINUE_ON_FAILURE): Element 'Object Repository/Mobile/Page/Login/Button - Login' is exist

2022-03-09 12:58:45 - [MESSAGE][PASSED] - Element 'Object Repository/Mobile/Page/Login/Button - Login' is exist

2022-03-09 12:58:45 - [TEST_STEP][PASSED] - if (loginCheck): Call Test Case 'Test Cases/Mobile/Page/Login/Login' successfully

2022-03-09 12:58:45 - [TEST_STEP][PASSED] - callTestCase(findTestCase("Mobile/Page/Login/Login"), ["action":"username"], CONTINUE_ON_FAILURE): Call Test Case 'Test Cases/Mobile/Page/Login/Login' successfully

2022-03-09 12:58:45 - [TEST_CASE][PASSED] - Test Cases/Mobile/Page/Login/Login: Test Cases/Mobile/Page/Login/Login

2022-03-09 12:58:45 - [TEST_STEP][PASSED] - delay(2): Delayed 2 second(s)

2022-03-09 12:58:47 - [MESSAGE][PASSED] - Delayed 2 second(s)

2022-03-09 12:58:47 - [TEST_STEP][PASSED] - for ([i = 0, i < 1, (i++)]): null

2022-03-09 12:58:47 - [TEST_STEP][PASSED] - if (action == "username"): null

2022-03-09 12:58:47 - [TEST_STEP][PASSED] - tap(LOGN_EdtUserID, 0): Tapped on element 'Object Repository/Mobile/Page/Login/Input - UserID'

2022-03-09 12:58:47 - [MESSAGE][WARNING] - Timeout '0' is invalid. Using default page load timeout: '60'

2022-03-09 12:58:48 - [MESSAGE][PASSED] - Tapped on element 'Object Repository/Mobile/Page/Login/Input - UserID'

2022-03-09 12:58:48 - [TEST_STEP][PASSED] - delay(1): Delayed 1 second(s)

2022-03-09 12:58:49 - [MESSAGE][PASSED] - Delayed 1 second(s)

2022-03-09 12:58:49 - [TEST_STEP][PASSED] - setText(LOGN_EdtRdyUserID, "anggaaditya", 0): Text 'anggaaditya' has been set to element 'Object Repository/Mobile/Page/Login/Input Rdy - UserID'

2022-03-09 12:58:49 - [MESSAGE][WARNING] - Timeout '0' is invalid. Using default page load timeout: '60'

2022-03-09 12:58:49 - [MESSAGE][PASSED] - Text 'anggaaditya' has been set to element 'Object Repository/Mobile/Page/Login/Input Rdy - UserID'

2022-03-09 12:58:49 - [TEST_STEP][PASSED] - delay(1): Delayed 1 second(s)

2022-03-09 12:58:50 - [MESSAGE][PASSED] - Delayed 1 second(s)

2022-03-09 12:58:50 - [TEST_STEP][PASSED] - hideKeyboard(): Keyboard is hidden

2022-03-09 12:58:54 - [MESSAGE][PASSED] - Keyboard is hidden

2022-03-09 12:58:54 - [TEST_STEP][PASSED] - tap(LOGN_EdtPassword, 0): Tapped on element 'Object Repository/Mobile/Page/Login/Input - Password'

2022-03-09 12:58:54 - [MESSAGE][WARNING] - Timeout '0' is invalid. Using default page load timeout: '60'

2022-03-09 12:58:54 - [MESSAGE][PASSED] - Tapped on element 'Object Repository/Mobile/Page/Login/Input - Password'

2022-03-09 12:58:54 - [TEST_STEP][PASSED] - delay(1): Delayed 1 second(s)

2022-03-09 12:58:55 - [MESSAGE][PASSED] - Delayed 1 second(s)

2022-03-09 12:58:55 - [TEST_STEP][PASSED] - setText(LOGN_EdtRdyPassword, "Shalawa18", 0): Text 'Shalawa18' has been set to element 'Object Repository/Mobile/Page/Login/Input Rdy - Password'

2022-03-09 12:58:55 - [MESSAGE][WARNING] - Timeout '0' is invalid. Using default page load timeout: '60'

2022-03-09 12:58:56 - [MESSAGE][PASSED] - Text 'Shalawa18' has been set to element 'Object Repository/Mobile/Page/Login/Input Rdy - Password'

2022-03-09 12:58:56 - [TEST_STEP][PASSED] - delay(1): Delayed 1 second(s)

2022-03-09 12:58:57 - [MESSAGE][PASSED] - Delayed 1 second(s)

2022-03-09 12:58:57 - [TEST_STEP][PASSED] - hideKeyboard(): Keyboard is hidden

2022-03-09 12:59:03 - [MESSAGE][PASSED] - Keyboard is hidden

2022-03-09 12:59:03 - [TEST_STEP][PASSED] - tap(LOGN_BtnLogin, 0): Tapped on element 'Object Repository/Mobile/Page/Login/Button - Login'

2022-03-09 12:59:03 - [MESSAGE][WARNING] - Timeout '0' is invalid. Using default page load timeout: '60'

2022-03-09 12:59:04 - [MESSAGE][PASSED] - Tapped on element 'Object Repository/Mobile/Page/Login/Button - Login'

2022-03-09 12:59:04 - [TEST_STEP][PASSED] - delay(2): Delayed 2 second(s)

2022-03-09 12:59:06 - [MESSAGE][PASSED] - Delayed 2 second(s)

2022-03-09 12:59:06 - [TEST_STEP][PASSED] - break: null

2022-03-09 12:59:06 - [MESSAGE][PASSED] - Call Test Case 'Test Cases/Mobile/Page/Login/Login' successfully

2022-03-09 12:59:06 - [MESSAGE][PASSED] - Call Test Case 'Test Cases/Mobile/Page/CheckLogin' successfully

2022-03-09 12:59:06 - [TEST_STEP][PASSED] - tap(HOME_MenubarPortfolio, 0): Tapped on element 'Object Repository/Mobile/Page/Home/Menubar - Portfolio'

2022-03-09 12:59:06 - [MESSAGE][WARNING] - Timeout '0' is invalid. Using default page load timeout: '60'

2022-03-09 12:59:08 - [MESSAGE][PASSED] - Tapped on element 'Object Repository/Mobile/Page/Home/Menubar - Portfolio'

2022-03-09 12:59:08 - [TEST_STEP][PASSED] - delay(5): Delayed 5 second(s)

2022-03-09 12:59:13 - [MESSAGE][PASSED] - Delayed 5 second(s)

2022-03-09 12:59:13 - [TEST_STEP][PASSED] - for ([i = 0, i < 1, (i++)]): Delayed 3 second(s)

2022-03-09 12:59:13 - [TEST_STEP][PASSED] - if (tab == "summary"): Delayed 3 second(s)

2022-03-09 12:59:13 - [TEST_STEP][PASSED] - idr = PORT_BtnIDR: null

2022-03-09 12:59:13 - [TEST_STEP][PASSED] - persen = PORT_BtnPersen: null

2022-03-09 12:59:13 - [TEST_STEP][PASSED] - if (action == "summary"): null

2022-03-09 12:59:13 - [TEST_STEP][PASSED] - else if (action == "perf_daily"): null

2022-03-09 12:59:13 - [TEST_STEP][PASSED] - else if (action == "perf_month"): null

2022-03-09 12:59:13 - [TEST_STEP][PASSED] - else if (action == "perf_quarter"): Tapped on element 'Object Repository/Mobile/Page/Portfolio/Tab - Summary Quarter to Date'

2022-03-09 12:59:13 - [TEST_STEP][PASSED] - scroll.scroll.scrollScreenBottomToTop(): scroll.scroll.scrollScreenBottomToTop is PASSED

2022-03-09 12:59:13 - [MESSAGE][PASSED] - Current device physical height is 1423

2022-03-09 12:59:13 - [MESSAGE][PASSED] - Current device physical width is 720

2022-03-09 12:59:14 - [MESSAGE][PASSED] - Swiped from 360,1,138 to 360,284

2022-03-09 12:59:14 - [MESSAGE][PASSED] - scroll.scroll.scrollScreenBottomToTop is PASSED

2022-03-09 12:59:14 - [TEST_STEP][PASSED] - delay(1): Delayed 1 second(s)

2022-03-09 12:59:15 - [MESSAGE][PASSED] - Delayed 1 second(s)

2022-03-09 12:59:15 - [TEST_STEP][PASSED] - tap(PORT_TabSummaryQuarter, 0): Tapped on element 'Object Repository/Mobile/Page/Portfolio/Tab - Summary Quarter to Date'

2022-03-09 12:59:15 - [MESSAGE][WARNING] - Timeout '0' is invalid. Using default page load timeout: '60'

2022-03-09 12:59:16 - [MESSAGE][PASSED] - Tapped on element 'Object Repository/Mobile/Page/Portfolio/Tab - Summary Quarter to Date'

2022-03-09 12:59:16 - [TEST_STEP][PASSED] - if (action != "summary"): Delayed 3 second(s)

2022-03-09 12:59:16 - [TEST_STEP][PASSED] - delay(1): Delayed 1 second(s)

2022-03-09 12:59:17 - [MESSAGE][PASSED] - Delayed 1 second(s)

2022-03-09 12:59:17 - [TEST_STEP][PASSED] - scroll.scroll.scrollScreenBottomToTop(): scroll.scroll.scrollScreenBottomToTop is PASSED

2022-03-09 12:59:17 - [MESSAGE][PASSED] - Current device physical height is 1423

2022-03-09 12:59:17 - [MESSAGE][PASSED] - Current device physical width is 720

2022-03-09 12:59:19 - [MESSAGE][PASSED] - Swiped from 360,1,138 to 360,284

2022-03-09 12:59:19 - [MESSAGE][PASSED] - scroll.scroll.scrollScreenBottomToTop is PASSED

2022-03-09 12:59:19 - [TEST_STEP][PASSED] - scroll.scroll.scrollScreenBottomToTop(): scroll.scroll.scrollScreenBottomToTop is PASSED

2022-03-09 12:59:19 - [MESSAGE][PASSED] - Current device physical height is 1423

2022-03-09 12:59:19 - [MESSAGE][PASSED] - Current device physical width is 720

2022-03-09 12:59:20 - [MESSAGE][PASSED] - Swiped from 360,1,138 to 360,284

2022-03-09 12:59:20 - [MESSAGE][PASSED] - scroll.scroll.scrollScreenBottomToTop is PASSED

2022-03-09 12:59:20 - [TEST_STEP][PASSED] - delay(3): Delayed 3 second(s)

2022-03-09 12:59:23 - [MESSAGE][PASSED] - Delayed 3 second(s)

2022-03-09 12:59:23 - [TEST_STEP][PASSED] - if (action2 == "idr"): Delayed 3 second(s)

2022-03-09 12:59:23 - [TEST_STEP][PASSED] - tap(idr, 10): Tapped on element 'Object Repository/Mobile/Page/Portfolio/Button - IDR'

2022-03-09 12:59:24 - [MESSAGE][PASSED] - Tapped on element 'Object Repository/Mobile/Page/Portfolio/Button - IDR'

2022-03-09 12:59:24 - [TEST_STEP][PASSED] - delay(3): Delayed 3 second(s)

2022-03-09 12:59:27 - [MESSAGE][PASSED] - Delayed 3 second(s)

2022-03-09 12:59:27 - [MESSAGE][PASSED] - Call Test Case 'Test Cases/Mobile/Page/Portfolio/Portfolio' successfully

2022-03-09 12:59:27 - [TEST_STEP][PASSED] - callTestCase(findTestCase("Mobile/Page/Run App/Terminate App"), [:], STOP_ON_FAILURE): Call Test Case 'Test Cases/Mobile/Page/Run App/Terminate App' successfully

2022-03-09 12:59:27 - [TEST_CASE][PASSED] - Test Cases/Mobile/Page/Run App/Terminate App: Test Cases/Mobile/Page/Run App/Terminate App

2022-03-09 12:59:27 - [TEST_STEP][PASSED] - startApp.OpenApp.terminateApplication(): startApp.OpenApp.terminateApplication is PASSED

2022-03-09 12:59:30 - [MESSAGE][PASSED] - Delayed 3 second(s)

2022-03-09 12:59:30 - [MESSAGE][PASSED] - Current device physical width is 720

2022-03-09 12:59:30 - [MESSAGE][PASSED] - Current device physical height is 1423

2022-03-09 12:59:32 - [MESSAGE][PASSED] - Swiped from 360,853 to 360,142

2022-03-09 12:59:33 - [MESSAGE][PASSED] - Delayed 1 second(s)

2022-03-09 12:59:34 - [MESSAGE][PASSED] - Swiped from 360,853 to 360,142

2022-03-09 12:59:37 - [MESSAGE][PASSED] - Delayed 3 second(s)

2022-03-09 12:59:37 - [MESSAGE][PASSED] - startApp.OpenApp.terminateApplication is PASSED

2022-03-09 12:59:37 - [MESSAGE][PASSED] - Call Test Case 'Test Cases/Mobile/Page/Run App/Terminate App' successfully]]></system-out>
         <system-err><![CDATA[]]></system-err>
      </testcase>
      <testcase name="Test Cases/Mobile/Scenario/Portfolio/005 - Portfolio Performance Year to Date IDR" time="66.79" classname="Test Cases/Mobile/Scenario/Portfolio/005 - Portfolio Performance Year to Date IDR" status="PASSED">
         <system-out><![CDATA[2022-03-09 12:59:37 - [TEST_CASE][PASSED] - Test Cases/Mobile/Scenario/Portfolio/005 - Portfolio Performance Year to Date IDR: Test Cases/Mobile/Scenario/Portfolio/005 - Portfolio Performance Year to Date IDR

2022-03-09 12:59:37 - [TEST_STEP][PASSED] - callTestCase(findTestCase("Mobile/Page/Run App/Run App byID"), [:], STOP_ON_FAILURE): Call Test Case 'Test Cases/Mobile/Page/Run App/Run App byID' successfully

2022-03-09 12:59:37 - [TEST_CASE][PASSED] - Test Cases/Mobile/Page/Run App/Run App byID: Test Cases/Mobile/Page/Run App/Run App byID

2022-03-09 12:59:37 - [TEST_STEP][PASSED] - startApp.OpenApp.startApplication("id.co.miraeasset.sageclub"): startApp.OpenApp.startApplication is PASSED

2022-03-09 12:59:50 - [MESSAGE][PASSED] - Starting app with application ID: 'id.co.miraeasset.sageclub'

2022-03-09 12:59:50 - [MESSAGE][PASSED] - startApp.OpenApp.startApplication is PASSED

2022-03-09 12:59:50 - [MESSAGE][PASSED] - Call Test Case 'Test Cases/Mobile/Page/Run App/Run App byID' successfully

2022-03-09 12:59:50 - [TEST_STEP][PASSED] - callTestCase(findTestCase("Mobile/Page/Portfolio/Portfolio"), ["tab":"summary", "action":"perf_year", "action2":"idr"], CONTINUE_ON_FAILURE): Call Test Case 'Test Cases/Mobile/Page/Portfolio/Portfolio' successfully

2022-03-09 12:59:50 - [TEST_CASE][PASSED] - Test Cases/Mobile/Page/Portfolio/Portfolio: Test Cases/Mobile/Page/Portfolio/Portfolio

2022-03-09 12:59:50 - [TEST_STEP][PASSED] - callTestCase(findTestCase("Mobile/Page/CheckLogin"), [:], CONTINUE_ON_FAILURE): Call Test Case 'Test Cases/Mobile/Page/CheckLogin' successfully

2022-03-09 12:59:50 - [TEST_CASE][PASSED] - Test Cases/Mobile/Page/CheckLogin: Test Cases/Mobile/Page/CheckLogin

2022-03-09 12:59:50 - [TEST_STEP][PASSED] - loginCheck = verifyElementExist(LOGN_BtnLogin, 5, CONTINUE_ON_FAILURE): Element 'Object Repository/Mobile/Page/Login/Button - Login' is exist

2022-03-09 12:59:52 - [MESSAGE][PASSED] - Element 'Object Repository/Mobile/Page/Login/Button - Login' is exist

2022-03-09 12:59:52 - [TEST_STEP][PASSED] - if (loginCheck): Call Test Case 'Test Cases/Mobile/Page/Login/Login' successfully

2022-03-09 12:59:52 - [TEST_STEP][PASSED] - callTestCase(findTestCase("Mobile/Page/Login/Login"), ["action":"username"], CONTINUE_ON_FAILURE): Call Test Case 'Test Cases/Mobile/Page/Login/Login' successfully

2022-03-09 12:59:52 - [TEST_CASE][PASSED] - Test Cases/Mobile/Page/Login/Login: Test Cases/Mobile/Page/Login/Login

2022-03-09 12:59:52 - [TEST_STEP][PASSED] - delay(2): Delayed 2 second(s)

2022-03-09 12:59:54 - [MESSAGE][PASSED] - Delayed 2 second(s)

2022-03-09 12:59:54 - [TEST_STEP][PASSED] - for ([i = 0, i < 1, (i++)]): null

2022-03-09 12:59:54 - [TEST_STEP][PASSED] - if (action == "username"): null

2022-03-09 12:59:54 - [TEST_STEP][PASSED] - tap(LOGN_EdtUserID, 0): Tapped on element 'Object Repository/Mobile/Page/Login/Input - UserID'

2022-03-09 12:59:54 - [MESSAGE][WARNING] - Timeout '0' is invalid. Using default page load timeout: '60'

2022-03-09 12:59:54 - [MESSAGE][PASSED] - Tapped on element 'Object Repository/Mobile/Page/Login/Input - UserID'

2022-03-09 12:59:54 - [TEST_STEP][PASSED] - delay(1): Delayed 1 second(s)

2022-03-09 12:59:55 - [MESSAGE][PASSED] - Delayed 1 second(s)

2022-03-09 12:59:55 - [TEST_STEP][PASSED] - setText(LOGN_EdtRdyUserID, "anggaaditya", 0): Text 'anggaaditya' has been set to element 'Object Repository/Mobile/Page/Login/Input Rdy - UserID'

2022-03-09 12:59:55 - [MESSAGE][WARNING] - Timeout '0' is invalid. Using default page load timeout: '60'

2022-03-09 12:59:56 - [MESSAGE][PASSED] - Text 'anggaaditya' has been set to element 'Object Repository/Mobile/Page/Login/Input Rdy - UserID'

2022-03-09 12:59:56 - [TEST_STEP][PASSED] - delay(1): Delayed 1 second(s)

2022-03-09 12:59:57 - [MESSAGE][PASSED] - Delayed 1 second(s)

2022-03-09 12:59:57 - [TEST_STEP][PASSED] - hideKeyboard(): Keyboard is hidden

2022-03-09 13:00:00 - [MESSAGE][PASSED] - Keyboard is hidden

2022-03-09 13:00:00 - [TEST_STEP][PASSED] - tap(LOGN_EdtPassword, 0): Tapped on element 'Object Repository/Mobile/Page/Login/Input - Password'

2022-03-09 13:00:00 - [MESSAGE][WARNING] - Timeout '0' is invalid. Using default page load timeout: '60'

2022-03-09 13:00:01 - [MESSAGE][PASSED] - Tapped on element 'Object Repository/Mobile/Page/Login/Input - Password'

2022-03-09 13:00:01 - [TEST_STEP][PASSED] - delay(1): Delayed 1 second(s)

2022-03-09 13:00:02 - [MESSAGE][PASSED] - Delayed 1 second(s)

2022-03-09 13:00:02 - [TEST_STEP][PASSED] - setText(LOGN_EdtRdyPassword, "Shalawa18", 0): Text 'Shalawa18' has been set to element 'Object Repository/Mobile/Page/Login/Input Rdy - Password'

2022-03-09 13:00:02 - [MESSAGE][WARNING] - Timeout '0' is invalid. Using default page load timeout: '60'

2022-03-09 13:00:02 - [MESSAGE][PASSED] - Text 'Shalawa18' has been set to element 'Object Repository/Mobile/Page/Login/Input Rdy - Password'

2022-03-09 13:00:02 - [TEST_STEP][PASSED] - delay(1): Delayed 1 second(s)

2022-03-09 13:00:03 - [MESSAGE][PASSED] - Delayed 1 second(s)

2022-03-09 13:00:03 - [TEST_STEP][PASSED] - hideKeyboard(): Keyboard is hidden

2022-03-09 13:00:10 - [MESSAGE][PASSED] - Keyboard is hidden

2022-03-09 13:00:10 - [TEST_STEP][PASSED] - tap(LOGN_BtnLogin, 0): Tapped on element 'Object Repository/Mobile/Page/Login/Button - Login'

2022-03-09 13:00:10 - [MESSAGE][WARNING] - Timeout '0' is invalid. Using default page load timeout: '60'

2022-03-09 13:00:11 - [MESSAGE][PASSED] - Tapped on element 'Object Repository/Mobile/Page/Login/Button - Login'

2022-03-09 13:00:11 - [TEST_STEP][PASSED] - delay(2): Delayed 2 second(s)

2022-03-09 13:00:13 - [MESSAGE][PASSED] - Delayed 2 second(s)

2022-03-09 13:00:13 - [TEST_STEP][PASSED] - break: null

2022-03-09 13:00:13 - [MESSAGE][PASSED] - Call Test Case 'Test Cases/Mobile/Page/Login/Login' successfully

2022-03-09 13:00:13 - [MESSAGE][PASSED] - Call Test Case 'Test Cases/Mobile/Page/CheckLogin' successfully

2022-03-09 13:00:13 - [TEST_STEP][PASSED] - tap(HOME_MenubarPortfolio, 0): Tapped on element 'Object Repository/Mobile/Page/Home/Menubar - Portfolio'

2022-03-09 13:00:13 - [MESSAGE][WARNING] - Timeout '0' is invalid. Using default page load timeout: '60'

2022-03-09 13:00:14 - [MESSAGE][PASSED] - Tapped on element 'Object Repository/Mobile/Page/Home/Menubar - Portfolio'

2022-03-09 13:00:14 - [TEST_STEP][PASSED] - delay(5): Delayed 5 second(s)

2022-03-09 13:00:19 - [MESSAGE][PASSED] - Delayed 5 second(s)

2022-03-09 13:00:19 - [TEST_STEP][PASSED] - for ([i = 0, i < 1, (i++)]): Delayed 3 second(s)

2022-03-09 13:00:19 - [TEST_STEP][PASSED] - if (tab == "summary"): Delayed 3 second(s)

2022-03-09 13:00:19 - [TEST_STEP][PASSED] - idr = PORT_BtnIDR: null

2022-03-09 13:00:19 - [TEST_STEP][PASSED] - persen = PORT_BtnPersen: null

2022-03-09 13:00:19 - [TEST_STEP][PASSED] - if (action == "summary"): null

2022-03-09 13:00:19 - [TEST_STEP][PASSED] - else if (action == "perf_daily"): null

2022-03-09 13:00:19 - [TEST_STEP][PASSED] - else if (action == "perf_month"): null

2022-03-09 13:00:19 - [TEST_STEP][PASSED] - else if (action == "perf_quarter"): null

2022-03-09 13:00:19 - [TEST_STEP][PASSED] - else if (action == "perf_year"): Tapped on element 'Object Repository/Mobile/Page/Portfolio/Tab - Summary Year to Date'

2022-03-09 13:00:19 - [TEST_STEP][PASSED] - scroll.scroll.scrollScreenBottomToTop(): scroll.scroll.scrollScreenBottomToTop is PASSED

2022-03-09 13:00:20 - [MESSAGE][PASSED] - Current device physical height is 1423

2022-03-09 13:00:20 - [MESSAGE][PASSED] - Current device physical width is 720

2022-03-09 13:00:21 - [MESSAGE][PASSED] - Swiped from 360,1,138 to 360,284

2022-03-09 13:00:21 - [MESSAGE][PASSED] - scroll.scroll.scrollScreenBottomToTop is PASSED

2022-03-09 13:00:21 - [TEST_STEP][PASSED] - delay(1): Delayed 1 second(s)

2022-03-09 13:00:22 - [MESSAGE][PASSED] - Delayed 1 second(s)

2022-03-09 13:00:22 - [TEST_STEP][PASSED] - tap(PORT_TabSummaryYear, 0): Tapped on element 'Object Repository/Mobile/Page/Portfolio/Tab - Summary Year to Date'

2022-03-09 13:00:22 - [MESSAGE][WARNING] - Timeout '0' is invalid. Using default page load timeout: '60'

2022-03-09 13:00:23 - [MESSAGE][PASSED] - Tapped on element 'Object Repository/Mobile/Page/Portfolio/Tab - Summary Year to Date'

2022-03-09 13:00:23 - [TEST_STEP][PASSED] - if (action != "summary"): Delayed 3 second(s)

2022-03-09 13:00:23 - [TEST_STEP][PASSED] - delay(1): Delayed 1 second(s)

2022-03-09 13:00:24 - [MESSAGE][PASSED] - Delayed 1 second(s)

2022-03-09 13:00:24 - [TEST_STEP][PASSED] - scroll.scroll.scrollScreenBottomToTop(): scroll.scroll.scrollScreenBottomToTop is PASSED

2022-03-09 13:00:24 - [MESSAGE][PASSED] - Current device physical height is 1423

2022-03-09 13:00:24 - [MESSAGE][PASSED] - Current device physical width is 720

2022-03-09 13:00:25 - [MESSAGE][PASSED] - Swiped from 360,1,138 to 360,284

2022-03-09 13:00:25 - [MESSAGE][PASSED] - scroll.scroll.scrollScreenBottomToTop is PASSED

2022-03-09 13:00:25 - [TEST_STEP][PASSED] - scroll.scroll.scrollScreenBottomToTop(): scroll.scroll.scrollScreenBottomToTop is PASSED

2022-03-09 13:00:26 - [MESSAGE][PASSED] - Current device physical height is 1423

2022-03-09 13:00:26 - [MESSAGE][PASSED] - Current device physical width is 720

2022-03-09 13:00:27 - [MESSAGE][PASSED] - Swiped from 360,1,138 to 360,284

2022-03-09 13:00:27 - [MESSAGE][PASSED] - scroll.scroll.scrollScreenBottomToTop is PASSED

2022-03-09 13:00:27 - [TEST_STEP][PASSED] - delay(3): Delayed 3 second(s)

2022-03-09 13:00:30 - [MESSAGE][PASSED] - Delayed 3 second(s)

2022-03-09 13:00:30 - [TEST_STEP][PASSED] - if (action2 == "idr"): Delayed 3 second(s)

2022-03-09 13:00:30 - [TEST_STEP][PASSED] - tap(idr, 10): Tapped on element 'Object Repository/Mobile/Page/Portfolio/Button - IDR'

2022-03-09 13:00:30 - [MESSAGE][PASSED] - Tapped on element 'Object Repository/Mobile/Page/Portfolio/Button - IDR'

2022-03-09 13:00:30 - [TEST_STEP][PASSED] - delay(3): Delayed 3 second(s)

2022-03-09 13:00:34 - [MESSAGE][PASSED] - Delayed 3 second(s)

2022-03-09 13:00:34 - [MESSAGE][PASSED] - Call Test Case 'Test Cases/Mobile/Page/Portfolio/Portfolio' successfully

2022-03-09 13:00:34 - [TEST_STEP][PASSED] - callTestCase(findTestCase("Mobile/Page/Run App/Terminate App"), [:], STOP_ON_FAILURE): Call Test Case 'Test Cases/Mobile/Page/Run App/Terminate App' successfully

2022-03-09 13:00:34 - [TEST_CASE][PASSED] - Test Cases/Mobile/Page/Run App/Terminate App: Test Cases/Mobile/Page/Run App/Terminate App

2022-03-09 13:00:34 - [TEST_STEP][PASSED] - startApp.OpenApp.terminateApplication(): startApp.OpenApp.terminateApplication is PASSED

2022-03-09 13:00:37 - [MESSAGE][PASSED] - Delayed 3 second(s)

2022-03-09 13:00:37 - [MESSAGE][PASSED] - Current device physical width is 720

2022-03-09 13:00:37 - [MESSAGE][PASSED] - Current device physical height is 1423

2022-03-09 13:00:38 - [MESSAGE][PASSED] - Swiped from 360,853 to 360,142

2022-03-09 13:00:39 - [MESSAGE][PASSED] - Delayed 1 second(s)

2022-03-09 13:00:41 - [MESSAGE][PASSED] - Swiped from 360,853 to 360,142

2022-03-09 13:00:44 - [MESSAGE][PASSED] - Delayed 3 second(s)

2022-03-09 13:00:44 - [MESSAGE][PASSED] - startApp.OpenApp.terminateApplication is PASSED

2022-03-09 13:00:44 - [MESSAGE][PASSED] - Call Test Case 'Test Cases/Mobile/Page/Run App/Terminate App' successfully]]></system-out>
         <system-err><![CDATA[]]></system-err>
      </testcase>
      <testcase name="Test Cases/Mobile/Scenario/Portfolio/006 - Portfolio Performance Daily Persen" time="64.975" classname="Test Cases/Mobile/Scenario/Portfolio/006 - Portfolio Performance Daily Persen" status="PASSED">
         <system-out><![CDATA[2022-03-09 13:00:44 - [TEST_CASE][PASSED] - Test Cases/Mobile/Scenario/Portfolio/006 - Portfolio Performance Daily Persen: Test Cases/Mobile/Scenario/Portfolio/006 - Portfolio Performance Daily Persen

2022-03-09 13:00:44 - [TEST_STEP][PASSED] - callTestCase(findTestCase("Mobile/Page/Run App/Run App byID"), [:], STOP_ON_FAILURE): Call Test Case 'Test Cases/Mobile/Page/Run App/Run App byID' successfully

2022-03-09 13:00:44 - [TEST_CASE][PASSED] - Test Cases/Mobile/Page/Run App/Run App byID: Test Cases/Mobile/Page/Run App/Run App byID

2022-03-09 13:00:44 - [TEST_STEP][PASSED] - startApp.OpenApp.startApplication("id.co.miraeasset.sageclub"): startApp.OpenApp.startApplication is PASSED

2022-03-09 13:00:56 - [MESSAGE][PASSED] - Starting app with application ID: 'id.co.miraeasset.sageclub'

2022-03-09 13:00:56 - [MESSAGE][PASSED] - startApp.OpenApp.startApplication is PASSED

2022-03-09 13:00:56 - [MESSAGE][PASSED] - Call Test Case 'Test Cases/Mobile/Page/Run App/Run App byID' successfully

2022-03-09 13:00:56 - [TEST_STEP][PASSED] - callTestCase(findTestCase("Mobile/Page/Portfolio/Portfolio"), ["tab":"summary", "action":"perf_daily", "action2":"persen"], CONTINUE_ON_FAILURE): Call Test Case 'Test Cases/Mobile/Page/Portfolio/Portfolio' successfully

2022-03-09 13:00:56 - [TEST_CASE][PASSED] - Test Cases/Mobile/Page/Portfolio/Portfolio: Test Cases/Mobile/Page/Portfolio/Portfolio

2022-03-09 13:00:56 - [TEST_STEP][PASSED] - callTestCase(findTestCase("Mobile/Page/CheckLogin"), [:], CONTINUE_ON_FAILURE): Call Test Case 'Test Cases/Mobile/Page/CheckLogin' successfully

2022-03-09 13:00:56 - [TEST_CASE][PASSED] - Test Cases/Mobile/Page/CheckLogin: Test Cases/Mobile/Page/CheckLogin

2022-03-09 13:00:56 - [TEST_STEP][PASSED] - loginCheck = verifyElementExist(LOGN_BtnLogin, 5, CONTINUE_ON_FAILURE): Element 'Object Repository/Mobile/Page/Login/Button - Login' is exist

2022-03-09 13:00:58 - [MESSAGE][PASSED] - Element 'Object Repository/Mobile/Page/Login/Button - Login' is exist

2022-03-09 13:00:58 - [TEST_STEP][PASSED] - if (loginCheck): Call Test Case 'Test Cases/Mobile/Page/Login/Login' successfully

2022-03-09 13:00:58 - [TEST_STEP][PASSED] - callTestCase(findTestCase("Mobile/Page/Login/Login"), ["action":"username"], CONTINUE_ON_FAILURE): Call Test Case 'Test Cases/Mobile/Page/Login/Login' successfully

2022-03-09 13:00:58 - [TEST_CASE][PASSED] - Test Cases/Mobile/Page/Login/Login: Test Cases/Mobile/Page/Login/Login

2022-03-09 13:00:58 - [TEST_STEP][PASSED] - delay(2): Delayed 2 second(s)

2022-03-09 13:01:00 - [MESSAGE][PASSED] - Delayed 2 second(s)

2022-03-09 13:01:00 - [TEST_STEP][PASSED] - for ([i = 0, i < 1, (i++)]): null

2022-03-09 13:01:00 - [TEST_STEP][PASSED] - if (action == "username"): null

2022-03-09 13:01:00 - [TEST_STEP][PASSED] - tap(LOGN_EdtUserID, 0): Tapped on element 'Object Repository/Mobile/Page/Login/Input - UserID'

2022-03-09 13:01:00 - [MESSAGE][WARNING] - Timeout '0' is invalid. Using default page load timeout: '60'

2022-03-09 13:01:01 - [MESSAGE][PASSED] - Tapped on element 'Object Repository/Mobile/Page/Login/Input - UserID'

2022-03-09 13:01:01 - [TEST_STEP][PASSED] - delay(1): Delayed 1 second(s)

2022-03-09 13:01:02 - [MESSAGE][PASSED] - Delayed 1 second(s)

2022-03-09 13:01:02 - [TEST_STEP][PASSED] - setText(LOGN_EdtRdyUserID, "anggaaditya", 0): Text 'anggaaditya' has been set to element 'Object Repository/Mobile/Page/Login/Input Rdy - UserID'

2022-03-09 13:01:02 - [MESSAGE][WARNING] - Timeout '0' is invalid. Using default page load timeout: '60'

2022-03-09 13:01:02 - [MESSAGE][PASSED] - Text 'anggaaditya' has been set to element 'Object Repository/Mobile/Page/Login/Input Rdy - UserID'

2022-03-09 13:01:02 - [TEST_STEP][PASSED] - delay(1): Delayed 1 second(s)

2022-03-09 13:01:03 - [MESSAGE][PASSED] - Delayed 1 second(s)

2022-03-09 13:01:03 - [TEST_STEP][PASSED] - hideKeyboard(): Keyboard is hidden

2022-03-09 13:01:07 - [MESSAGE][PASSED] - Keyboard is hidden

2022-03-09 13:01:07 - [TEST_STEP][PASSED] - tap(LOGN_EdtPassword, 0): Tapped on element 'Object Repository/Mobile/Page/Login/Input - Password'

2022-03-09 13:01:07 - [MESSAGE][WARNING] - Timeout '0' is invalid. Using default page load timeout: '60'

2022-03-09 13:01:07 - [MESSAGE][PASSED] - Tapped on element 'Object Repository/Mobile/Page/Login/Input - Password'

2022-03-09 13:01:07 - [TEST_STEP][PASSED] - delay(1): Delayed 1 second(s)

2022-03-09 13:01:08 - [MESSAGE][PASSED] - Delayed 1 second(s)

2022-03-09 13:01:08 - [TEST_STEP][PASSED] - setText(LOGN_EdtRdyPassword, "Shalawa18", 0): Text 'Shalawa18' has been set to element 'Object Repository/Mobile/Page/Login/Input Rdy - Password'

2022-03-09 13:01:08 - [MESSAGE][WARNING] - Timeout '0' is invalid. Using default page load timeout: '60'

2022-03-09 13:01:09 - [MESSAGE][PASSED] - Text 'Shalawa18' has been set to element 'Object Repository/Mobile/Page/Login/Input Rdy - Password'

2022-03-09 13:01:09 - [TEST_STEP][PASSED] - delay(1): Delayed 1 second(s)

2022-03-09 13:01:10 - [MESSAGE][PASSED] - Delayed 1 second(s)

2022-03-09 13:01:10 - [TEST_STEP][PASSED] - hideKeyboard(): Keyboard is hidden

2022-03-09 13:01:16 - [MESSAGE][PASSED] - Keyboard is hidden

2022-03-09 13:01:16 - [TEST_STEP][PASSED] - tap(LOGN_BtnLogin, 0): Tapped on element 'Object Repository/Mobile/Page/Login/Button - Login'

2022-03-09 13:01:16 - [MESSAGE][WARNING] - Timeout '0' is invalid. Using default page load timeout: '60'

2022-03-09 13:01:16 - [MESSAGE][PASSED] - Tapped on element 'Object Repository/Mobile/Page/Login/Button - Login'

2022-03-09 13:01:16 - [TEST_STEP][PASSED] - delay(2): Delayed 2 second(s)

2022-03-09 13:01:19 - [MESSAGE][PASSED] - Delayed 2 second(s)

2022-03-09 13:01:19 - [TEST_STEP][PASSED] - break: null

2022-03-09 13:01:19 - [MESSAGE][PASSED] - Call Test Case 'Test Cases/Mobile/Page/Login/Login' successfully

2022-03-09 13:01:19 - [MESSAGE][PASSED] - Call Test Case 'Test Cases/Mobile/Page/CheckLogin' successfully

2022-03-09 13:01:19 - [TEST_STEP][PASSED] - tap(HOME_MenubarPortfolio, 0): Tapped on element 'Object Repository/Mobile/Page/Home/Menubar - Portfolio'

2022-03-09 13:01:19 - [MESSAGE][WARNING] - Timeout '0' is invalid. Using default page load timeout: '60'

2022-03-09 13:01:21 - [MESSAGE][PASSED] - Tapped on element 'Object Repository/Mobile/Page/Home/Menubar - Portfolio'

2022-03-09 13:01:21 - [TEST_STEP][PASSED] - delay(5): Delayed 5 second(s)

2022-03-09 13:01:26 - [MESSAGE][PASSED] - Delayed 5 second(s)

2022-03-09 13:01:26 - [TEST_STEP][PASSED] - for ([i = 0, i < 1, (i++)]): Delayed 3 second(s)

2022-03-09 13:01:26 - [TEST_STEP][PASSED] - if (tab == "summary"): Delayed 3 second(s)

2022-03-09 13:01:26 - [TEST_STEP][PASSED] - idr = PORT_BtnIDR: null

2022-03-09 13:01:26 - [TEST_STEP][PASSED] - persen = PORT_BtnPersen: null

2022-03-09 13:01:26 - [TEST_STEP][PASSED] - if (action == "summary"): null

2022-03-09 13:01:26 - [TEST_STEP][PASSED] - else if (action == "perf_daily"): scroll.scroll.scrollScreenBottomToTop is PASSED

2022-03-09 13:01:26 - [TEST_STEP][PASSED] - scroll.scroll.scrollScreenBottomToTop(): scroll.scroll.scrollScreenBottomToTop is PASSED

2022-03-09 13:01:26 - [MESSAGE][PASSED] - Current device physical height is 1423

2022-03-09 13:01:26 - [MESSAGE][PASSED] - Current device physical width is 720

2022-03-09 13:01:28 - [MESSAGE][PASSED] - Swiped from 360,1,138 to 360,284

2022-03-09 13:01:28 - [MESSAGE][PASSED] - scroll.scroll.scrollScreenBottomToTop is PASSED

2022-03-09 13:01:28 - [TEST_STEP][PASSED] - if (action != "summary"): Delayed 3 second(s)

2022-03-09 13:01:28 - [TEST_STEP][PASSED] - delay(1): Delayed 1 second(s)

2022-03-09 13:01:29 - [MESSAGE][PASSED] - Delayed 1 second(s)

2022-03-09 13:01:29 - [TEST_STEP][PASSED] - scroll.scroll.scrollScreenBottomToTop(): scroll.scroll.scrollScreenBottomToTop is PASSED

2022-03-09 13:01:29 - [MESSAGE][PASSED] - Current device physical height is 1423

2022-03-09 13:01:29 - [MESSAGE][PASSED] - Current device physical width is 720

2022-03-09 13:01:30 - [MESSAGE][PASSED] - Swiped from 360,1,138 to 360,284

2022-03-09 13:01:30 - [MESSAGE][PASSED] - scroll.scroll.scrollScreenBottomToTop is PASSED

2022-03-09 13:01:30 - [TEST_STEP][PASSED] - scroll.scroll.scrollScreenBottomToTop(): scroll.scroll.scrollScreenBottomToTop is PASSED

2022-03-09 13:01:31 - [MESSAGE][PASSED] - Current device physical height is 1423

2022-03-09 13:01:31 - [MESSAGE][PASSED] - Current device physical width is 720

2022-03-09 13:01:32 - [MESSAGE][PASSED] - Swiped from 360,1,138 to 360,284

2022-03-09 13:01:32 - [MESSAGE][PASSED] - scroll.scroll.scrollScreenBottomToTop is PASSED

2022-03-09 13:01:32 - [TEST_STEP][PASSED] - delay(3): Delayed 3 second(s)

2022-03-09 13:01:35 - [MESSAGE][PASSED] - Delayed 3 second(s)

2022-03-09 13:01:35 - [TEST_STEP][PASSED] - if (action2 == "idr"): null

2022-03-09 13:01:35 - [TEST_STEP][PASSED] - else if (action2 == "persen"): Delayed 3 second(s)

2022-03-09 13:01:35 - [TEST_STEP][PASSED] - tap(persen, 10): Tapped on element 'Object Repository/Mobile/Page/Portfolio/Button - Persen'

2022-03-09 13:01:36 - [MESSAGE][PASSED] - Tapped on element 'Object Repository/Mobile/Page/Portfolio/Button - Persen'

2022-03-09 13:01:36 - [TEST_STEP][PASSED] - delay(3): Delayed 3 second(s)

2022-03-09 13:01:39 - [MESSAGE][PASSED] - Delayed 3 second(s)

2022-03-09 13:01:39 - [MESSAGE][PASSED] - Call Test Case 'Test Cases/Mobile/Page/Portfolio/Portfolio' successfully

2022-03-09 13:01:39 - [TEST_STEP][PASSED] - callTestCase(findTestCase("Mobile/Page/Run App/Terminate App"), [:], STOP_ON_FAILURE): Call Test Case 'Test Cases/Mobile/Page/Run App/Terminate App' successfully

2022-03-09 13:01:39 - [TEST_CASE][PASSED] - Test Cases/Mobile/Page/Run App/Terminate App: Test Cases/Mobile/Page/Run App/Terminate App

2022-03-09 13:01:39 - [TEST_STEP][PASSED] - startApp.OpenApp.terminateApplication(): startApp.OpenApp.terminateApplication is PASSED

2022-03-09 13:01:42 - [MESSAGE][PASSED] - Delayed 3 second(s)

2022-03-09 13:01:42 - [MESSAGE][PASSED] - Current device physical width is 720

2022-03-09 13:01:42 - [MESSAGE][PASSED] - Current device physical height is 1423

2022-03-09 13:01:43 - [MESSAGE][PASSED] - Swiped from 360,853 to 360,142

2022-03-09 13:01:44 - [MESSAGE][PASSED] - Delayed 1 second(s)

2022-03-09 13:01:46 - [MESSAGE][PASSED] - Swiped from 360,853 to 360,142

2022-03-09 13:01:49 - [MESSAGE][PASSED] - Delayed 3 second(s)

2022-03-09 13:01:49 - [MESSAGE][PASSED] - startApp.OpenApp.terminateApplication is PASSED

2022-03-09 13:01:49 - [MESSAGE][PASSED] - Call Test Case 'Test Cases/Mobile/Page/Run App/Terminate App' successfully]]></system-out>
         <system-err><![CDATA[]]></system-err>
      </testcase>
      <testcase name="Test Cases/Mobile/Scenario/Portfolio/007 - Portfolio Performance Month to Date Persen" time="66.414" classname="Test Cases/Mobile/Scenario/Portfolio/007 - Portfolio Performance Month to Date Persen" status="PASSED">
         <system-out><![CDATA[2022-03-09 13:01:49 - [TEST_CASE][PASSED] - Test Cases/Mobile/Scenario/Portfolio/007 - Portfolio Performance Month to Date Persen: Test Cases/Mobile/Scenario/Portfolio/007 - Portfolio Performance Month to Date Persen

2022-03-09 13:01:49 - [TEST_STEP][PASSED] - callTestCase(findTestCase("Mobile/Page/Run App/Run App byID"), [:], STOP_ON_FAILURE): Call Test Case 'Test Cases/Mobile/Page/Run App/Run App byID' successfully

2022-03-09 13:01:49 - [TEST_CASE][PASSED] - Test Cases/Mobile/Page/Run App/Run App byID: Test Cases/Mobile/Page/Run App/Run App byID

2022-03-09 13:01:49 - [TEST_STEP][PASSED] - startApp.OpenApp.startApplication("id.co.miraeasset.sageclub"): startApp.OpenApp.startApplication is PASSED

2022-03-09 13:02:02 - [MESSAGE][PASSED] - Starting app with application ID: 'id.co.miraeasset.sageclub'

2022-03-09 13:02:02 - [MESSAGE][PASSED] - startApp.OpenApp.startApplication is PASSED

2022-03-09 13:02:02 - [MESSAGE][PASSED] - Call Test Case 'Test Cases/Mobile/Page/Run App/Run App byID' successfully

2022-03-09 13:02:02 - [TEST_STEP][PASSED] - callTestCase(findTestCase("Mobile/Page/Portfolio/Portfolio"), ["tab":"summary", "action":"perf_month", "action2":"persen"], CONTINUE_ON_FAILURE): Call Test Case 'Test Cases/Mobile/Page/Portfolio/Portfolio' successfully

2022-03-09 13:02:02 - [TEST_CASE][PASSED] - Test Cases/Mobile/Page/Portfolio/Portfolio: Test Cases/Mobile/Page/Portfolio/Portfolio

2022-03-09 13:02:02 - [TEST_STEP][PASSED] - callTestCase(findTestCase("Mobile/Page/CheckLogin"), [:], CONTINUE_ON_FAILURE): Call Test Case 'Test Cases/Mobile/Page/CheckLogin' successfully

2022-03-09 13:02:02 - [TEST_CASE][PASSED] - Test Cases/Mobile/Page/CheckLogin: Test Cases/Mobile/Page/CheckLogin

2022-03-09 13:02:02 - [TEST_STEP][PASSED] - loginCheck = verifyElementExist(LOGN_BtnLogin, 5, CONTINUE_ON_FAILURE): Element 'Object Repository/Mobile/Page/Login/Button - Login' is exist

2022-03-09 13:02:04 - [MESSAGE][PASSED] - Element 'Object Repository/Mobile/Page/Login/Button - Login' is exist

2022-03-09 13:02:04 - [TEST_STEP][PASSED] - if (loginCheck): Call Test Case 'Test Cases/Mobile/Page/Login/Login' successfully

2022-03-09 13:02:04 - [TEST_STEP][PASSED] - callTestCase(findTestCase("Mobile/Page/Login/Login"), ["action":"username"], CONTINUE_ON_FAILURE): Call Test Case 'Test Cases/Mobile/Page/Login/Login' successfully

2022-03-09 13:02:04 - [TEST_CASE][PASSED] - Test Cases/Mobile/Page/Login/Login: Test Cases/Mobile/Page/Login/Login

2022-03-09 13:02:04 - [TEST_STEP][PASSED] - delay(2): Delayed 2 second(s)

2022-03-09 13:02:06 - [MESSAGE][PASSED] - Delayed 2 second(s)

2022-03-09 13:02:06 - [TEST_STEP][PASSED] - for ([i = 0, i < 1, (i++)]): null

2022-03-09 13:02:06 - [TEST_STEP][PASSED] - if (action == "username"): null

2022-03-09 13:02:06 - [TEST_STEP][PASSED] - tap(LOGN_EdtUserID, 0): Tapped on element 'Object Repository/Mobile/Page/Login/Input - UserID'

2022-03-09 13:02:06 - [MESSAGE][WARNING] - Timeout '0' is invalid. Using default page load timeout: '60'

2022-03-09 13:02:06 - [MESSAGE][PASSED] - Tapped on element 'Object Repository/Mobile/Page/Login/Input - UserID'

2022-03-09 13:02:06 - [TEST_STEP][PASSED] - delay(1): Delayed 1 second(s)

2022-03-09 13:02:07 - [MESSAGE][PASSED] - Delayed 1 second(s)

2022-03-09 13:02:07 - [TEST_STEP][PASSED] - setText(LOGN_EdtRdyUserID, "anggaaditya", 0): Text 'anggaaditya' has been set to element 'Object Repository/Mobile/Page/Login/Input Rdy - UserID'

2022-03-09 13:02:07 - [MESSAGE][WARNING] - Timeout '0' is invalid. Using default page load timeout: '60'

2022-03-09 13:02:08 - [MESSAGE][PASSED] - Text 'anggaaditya' has been set to element 'Object Repository/Mobile/Page/Login/Input Rdy - UserID'

2022-03-09 13:02:08 - [TEST_STEP][PASSED] - delay(1): Delayed 1 second(s)

2022-03-09 13:02:09 - [MESSAGE][PASSED] - Delayed 1 second(s)

2022-03-09 13:02:09 - [TEST_STEP][PASSED] - hideKeyboard(): Keyboard is hidden

2022-03-09 13:02:12 - [MESSAGE][PASSED] - Keyboard is hidden

2022-03-09 13:02:12 - [TEST_STEP][PASSED] - tap(LOGN_EdtPassword, 0): Tapped on element 'Object Repository/Mobile/Page/Login/Input - Password'

2022-03-09 13:02:12 - [MESSAGE][WARNING] - Timeout '0' is invalid. Using default page load timeout: '60'

2022-03-09 13:02:13 - [MESSAGE][PASSED] - Tapped on element 'Object Repository/Mobile/Page/Login/Input - Password'

2022-03-09 13:02:13 - [TEST_STEP][PASSED] - delay(1): Delayed 1 second(s)

2022-03-09 13:02:14 - [MESSAGE][PASSED] - Delayed 1 second(s)

2022-03-09 13:02:14 - [TEST_STEP][PASSED] - setText(LOGN_EdtRdyPassword, "Shalawa18", 0): Text 'Shalawa18' has been set to element 'Object Repository/Mobile/Page/Login/Input Rdy - Password'

2022-03-09 13:02:14 - [MESSAGE][WARNING] - Timeout '0' is invalid. Using default page load timeout: '60'

2022-03-09 13:02:14 - [MESSAGE][PASSED] - Text 'Shalawa18' has been set to element 'Object Repository/Mobile/Page/Login/Input Rdy - Password'

2022-03-09 13:02:14 - [TEST_STEP][PASSED] - delay(1): Delayed 1 second(s)

2022-03-09 13:02:15 - [MESSAGE][PASSED] - Delayed 1 second(s)

2022-03-09 13:02:15 - [TEST_STEP][PASSED] - hideKeyboard(): Keyboard is hidden

2022-03-09 13:02:21 - [MESSAGE][PASSED] - Keyboard is hidden

2022-03-09 13:02:21 - [TEST_STEP][PASSED] - tap(LOGN_BtnLogin, 0): Tapped on element 'Object Repository/Mobile/Page/Login/Button - Login'

2022-03-09 13:02:21 - [MESSAGE][WARNING] - Timeout '0' is invalid. Using default page load timeout: '60'

2022-03-09 13:02:22 - [MESSAGE][PASSED] - Tapped on element 'Object Repository/Mobile/Page/Login/Button - Login'

2022-03-09 13:02:22 - [TEST_STEP][PASSED] - delay(2): Delayed 2 second(s)

2022-03-09 13:02:24 - [MESSAGE][PASSED] - Delayed 2 second(s)

2022-03-09 13:02:24 - [TEST_STEP][PASSED] - break: null

2022-03-09 13:02:24 - [MESSAGE][PASSED] - Call Test Case 'Test Cases/Mobile/Page/Login/Login' successfully

2022-03-09 13:02:24 - [MESSAGE][PASSED] - Call Test Case 'Test Cases/Mobile/Page/CheckLogin' successfully

2022-03-09 13:02:24 - [TEST_STEP][PASSED] - tap(HOME_MenubarPortfolio, 0): Tapped on element 'Object Repository/Mobile/Page/Home/Menubar - Portfolio'

2022-03-09 13:02:24 - [MESSAGE][WARNING] - Timeout '0' is invalid. Using default page load timeout: '60'

2022-03-09 13:02:26 - [MESSAGE][PASSED] - Tapped on element 'Object Repository/Mobile/Page/Home/Menubar - Portfolio'

2022-03-09 13:02:26 - [TEST_STEP][PASSED] - delay(5): Delayed 5 second(s)

2022-03-09 13:02:31 - [MESSAGE][PASSED] - Delayed 5 second(s)

2022-03-09 13:02:31 - [TEST_STEP][PASSED] - for ([i = 0, i < 1, (i++)]): Delayed 3 second(s)

2022-03-09 13:02:31 - [TEST_STEP][PASSED] - if (tab == "summary"): Delayed 3 second(s)

2022-03-09 13:02:31 - [TEST_STEP][PASSED] - idr = PORT_BtnIDR: null

2022-03-09 13:02:31 - [TEST_STEP][PASSED] - persen = PORT_BtnPersen: null

2022-03-09 13:02:31 - [TEST_STEP][PASSED] - if (action == "summary"): null

2022-03-09 13:02:31 - [TEST_STEP][PASSED] - else if (action == "perf_daily"): null

2022-03-09 13:02:31 - [TEST_STEP][PASSED] - else if (action == "perf_month"): Tapped on element 'Object Repository/Mobile/Page/Portfolio/Tab - Summary Month to Date'

2022-03-09 13:02:31 - [TEST_STEP][PASSED] - scroll.scroll.scrollScreenBottomToTop(): scroll.scroll.scrollScreenBottomToTop is PASSED

2022-03-09 13:02:31 - [MESSAGE][PASSED] - Current device physical height is 1423

2022-03-09 13:02:32 - [MESSAGE][PASSED] - Current device physical width is 720

2022-03-09 13:02:33 - [MESSAGE][PASSED] - Swiped from 360,1,138 to 360,284

2022-03-09 13:02:33 - [MESSAGE][PASSED] - scroll.scroll.scrollScreenBottomToTop is PASSED

2022-03-09 13:02:33 - [TEST_STEP][PASSED] - delay(1): Delayed 1 second(s)

2022-03-09 13:02:34 - [MESSAGE][PASSED] - Delayed 1 second(s)

2022-03-09 13:02:34 - [TEST_STEP][PASSED] - tap(PORT_TabSummaryMonth, 0): Tapped on element 'Object Repository/Mobile/Page/Portfolio/Tab - Summary Month to Date'

2022-03-09 13:02:34 - [MESSAGE][WARNING] - Timeout '0' is invalid. Using default page load timeout: '60'

2022-03-09 13:02:34 - [MESSAGE][PASSED] - Tapped on element 'Object Repository/Mobile/Page/Portfolio/Tab - Summary Month to Date'

2022-03-09 13:02:34 - [TEST_STEP][PASSED] - if (action != "summary"): Delayed 3 second(s)

2022-03-09 13:02:34 - [TEST_STEP][PASSED] - delay(1): Delayed 1 second(s)

2022-03-09 13:02:35 - [MESSAGE][PASSED] - Delayed 1 second(s)

2022-03-09 13:02:35 - [TEST_STEP][PASSED] - scroll.scroll.scrollScreenBottomToTop(): scroll.scroll.scrollScreenBottomToTop is PASSED

2022-03-09 13:02:35 - [MESSAGE][PASSED] - Current device physical height is 1423

2022-03-09 13:02:36 - [MESSAGE][PASSED] - Current device physical width is 720

2022-03-09 13:02:37 - [MESSAGE][PASSED] - Swiped from 360,1,138 to 360,284

2022-03-09 13:02:37 - [MESSAGE][PASSED] - scroll.scroll.scrollScreenBottomToTop is PASSED

2022-03-09 13:02:37 - [TEST_STEP][PASSED] - scroll.scroll.scrollScreenBottomToTop(): scroll.scroll.scrollScreenBottomToTop is PASSED

2022-03-09 13:02:37 - [MESSAGE][PASSED] - Current device physical height is 1423

2022-03-09 13:02:37 - [MESSAGE][PASSED] - Current device physical width is 720

2022-03-09 13:02:38 - [MESSAGE][PASSED] - Swiped from 360,1,138 to 360,284

2022-03-09 13:02:38 - [MESSAGE][PASSED] - scroll.scroll.scrollScreenBottomToTop is PASSED

2022-03-09 13:02:38 - [TEST_STEP][PASSED] - delay(3): Delayed 3 second(s)

2022-03-09 13:02:41 - [MESSAGE][PASSED] - Delayed 3 second(s)

2022-03-09 13:02:41 - [TEST_STEP][PASSED] - if (action2 == "idr"): null

2022-03-09 13:02:41 - [TEST_STEP][PASSED] - else if (action2 == "persen"): Delayed 3 second(s)

2022-03-09 13:02:41 - [TEST_STEP][PASSED] - tap(persen, 10): Tapped on element 'Object Repository/Mobile/Page/Portfolio/Button - Persen'

2022-03-09 13:02:42 - [MESSAGE][PASSED] - Tapped on element 'Object Repository/Mobile/Page/Portfolio/Button - Persen'

2022-03-09 13:02:42 - [TEST_STEP][PASSED] - delay(3): Delayed 3 second(s)

2022-03-09 13:02:45 - [MESSAGE][PASSED] - Delayed 3 second(s)

2022-03-09 13:02:45 - [MESSAGE][PASSED] - Call Test Case 'Test Cases/Mobile/Page/Portfolio/Portfolio' successfully

2022-03-09 13:02:45 - [TEST_STEP][PASSED] - callTestCase(findTestCase("Mobile/Page/Run App/Terminate App"), [:], STOP_ON_FAILURE): Call Test Case 'Test Cases/Mobile/Page/Run App/Terminate App' successfully

2022-03-09 13:02:45 - [TEST_CASE][PASSED] - Test Cases/Mobile/Page/Run App/Terminate App: Test Cases/Mobile/Page/Run App/Terminate App

2022-03-09 13:02:45 - [TEST_STEP][PASSED] - startApp.OpenApp.terminateApplication(): startApp.OpenApp.terminateApplication is PASSED

2022-03-09 13:02:48 - [MESSAGE][PASSED] - Delayed 3 second(s)

2022-03-09 13:02:48 - [MESSAGE][PASSED] - Current device physical width is 720

2022-03-09 13:02:49 - [MESSAGE][PASSED] - Current device physical height is 1423

2022-03-09 13:02:50 - [MESSAGE][PASSED] - Swiped from 360,853 to 360,142

2022-03-09 13:02:51 - [MESSAGE][PASSED] - Delayed 1 second(s)

2022-03-09 13:02:52 - [MESSAGE][PASSED] - Swiped from 360,853 to 360,142

2022-03-09 13:02:55 - [MESSAGE][PASSED] - Delayed 3 second(s)

2022-03-09 13:02:55 - [MESSAGE][PASSED] - startApp.OpenApp.terminateApplication is PASSED

2022-03-09 13:02:55 - [MESSAGE][PASSED] - Call Test Case 'Test Cases/Mobile/Page/Run App/Terminate App' successfully]]></system-out>
         <system-err><![CDATA[]]></system-err>
      </testcase>
      <testcase name="Test Cases/Mobile/Scenario/Portfolio/008 - Portfolio Performance Quarter to Date Persen" time="65.751" classname="Test Cases/Mobile/Scenario/Portfolio/008 - Portfolio Performance Quarter to Date Persen" status="PASSED">
         <system-out><![CDATA[2022-03-09 13:02:55 - [TEST_CASE][PASSED] - Test Cases/Mobile/Scenario/Portfolio/008 - Portfolio Performance Quarter to Date Persen: Test Cases/Mobile/Scenario/Portfolio/008 - Portfolio Performance Quarter to Date Persen

2022-03-09 13:02:55 - [TEST_STEP][PASSED] - callTestCase(findTestCase("Mobile/Page/Run App/Run App byID"), [:], STOP_ON_FAILURE): Call Test Case 'Test Cases/Mobile/Page/Run App/Run App byID' successfully

2022-03-09 13:02:55 - [TEST_CASE][PASSED] - Test Cases/Mobile/Page/Run App/Run App byID: Test Cases/Mobile/Page/Run App/Run App byID

2022-03-09 13:02:55 - [TEST_STEP][PASSED] - startApp.OpenApp.startApplication("id.co.miraeasset.sageclub"): startApp.OpenApp.startApplication is PASSED

2022-03-09 13:03:08 - [MESSAGE][PASSED] - Starting app with application ID: 'id.co.miraeasset.sageclub'

2022-03-09 13:03:08 - [MESSAGE][PASSED] - startApp.OpenApp.startApplication is PASSED

2022-03-09 13:03:08 - [MESSAGE][PASSED] - Call Test Case 'Test Cases/Mobile/Page/Run App/Run App byID' successfully

2022-03-09 13:03:08 - [TEST_STEP][PASSED] - callTestCase(findTestCase("Mobile/Page/Portfolio/Portfolio"), ["tab":"summary", "action":"perf_quarter", "action2":"persen"], CONTINUE_ON_FAILURE): Call Test Case 'Test Cases/Mobile/Page/Portfolio/Portfolio' successfully

2022-03-09 13:03:08 - [TEST_CASE][PASSED] - Test Cases/Mobile/Page/Portfolio/Portfolio: Test Cases/Mobile/Page/Portfolio/Portfolio

2022-03-09 13:03:08 - [TEST_STEP][PASSED] - callTestCase(findTestCase("Mobile/Page/CheckLogin"), [:], CONTINUE_ON_FAILURE): Call Test Case 'Test Cases/Mobile/Page/CheckLogin' successfully

2022-03-09 13:03:08 - [TEST_CASE][PASSED] - Test Cases/Mobile/Page/CheckLogin: Test Cases/Mobile/Page/CheckLogin

2022-03-09 13:03:08 - [TEST_STEP][PASSED] - loginCheck = verifyElementExist(LOGN_BtnLogin, 5, CONTINUE_ON_FAILURE): Element 'Object Repository/Mobile/Page/Login/Button - Login' is exist

2022-03-09 13:03:10 - [MESSAGE][PASSED] - Element 'Object Repository/Mobile/Page/Login/Button - Login' is exist

2022-03-09 13:03:10 - [TEST_STEP][PASSED] - if (loginCheck): Call Test Case 'Test Cases/Mobile/Page/Login/Login' successfully

2022-03-09 13:03:10 - [TEST_STEP][PASSED] - callTestCase(findTestCase("Mobile/Page/Login/Login"), ["action":"username"], CONTINUE_ON_FAILURE): Call Test Case 'Test Cases/Mobile/Page/Login/Login' successfully

2022-03-09 13:03:10 - [TEST_CASE][PASSED] - Test Cases/Mobile/Page/Login/Login: Test Cases/Mobile/Page/Login/Login

2022-03-09 13:03:10 - [TEST_STEP][PASSED] - delay(2): Delayed 2 second(s)

2022-03-09 13:03:12 - [MESSAGE][PASSED] - Delayed 2 second(s)

2022-03-09 13:03:12 - [TEST_STEP][PASSED] - for ([i = 0, i < 1, (i++)]): null

2022-03-09 13:03:12 - [TEST_STEP][PASSED] - if (action == "username"): null

2022-03-09 13:03:12 - [TEST_STEP][PASSED] - tap(LOGN_EdtUserID, 0): Tapped on element 'Object Repository/Mobile/Page/Login/Input - UserID'

2022-03-09 13:03:12 - [MESSAGE][WARNING] - Timeout '0' is invalid. Using default page load timeout: '60'

2022-03-09 13:03:12 - [MESSAGE][PASSED] - Tapped on element 'Object Repository/Mobile/Page/Login/Input - UserID'

2022-03-09 13:03:12 - [TEST_STEP][PASSED] - delay(1): Delayed 1 second(s)

2022-03-09 13:03:13 - [MESSAGE][PASSED] - Delayed 1 second(s)

2022-03-09 13:03:13 - [TEST_STEP][PASSED] - setText(LOGN_EdtRdyUserID, "anggaaditya", 0): Text 'anggaaditya' has been set to element 'Object Repository/Mobile/Page/Login/Input Rdy - UserID'

2022-03-09 13:03:13 - [MESSAGE][WARNING] - Timeout '0' is invalid. Using default page load timeout: '60'

2022-03-09 13:03:14 - [MESSAGE][PASSED] - Text 'anggaaditya' has been set to element 'Object Repository/Mobile/Page/Login/Input Rdy - UserID'

2022-03-09 13:03:14 - [TEST_STEP][PASSED] - delay(1): Delayed 1 second(s)

2022-03-09 13:03:15 - [MESSAGE][PASSED] - Delayed 1 second(s)

2022-03-09 13:03:15 - [TEST_STEP][PASSED] - hideKeyboard(): Keyboard is hidden

2022-03-09 13:03:18 - [MESSAGE][PASSED] - Keyboard is hidden

2022-03-09 13:03:18 - [TEST_STEP][PASSED] - tap(LOGN_EdtPassword, 0): Tapped on element 'Object Repository/Mobile/Page/Login/Input - Password'

2022-03-09 13:03:18 - [MESSAGE][WARNING] - Timeout '0' is invalid. Using default page load timeout: '60'

2022-03-09 13:03:19 - [MESSAGE][PASSED] - Tapped on element 'Object Repository/Mobile/Page/Login/Input - Password'

2022-03-09 13:03:19 - [TEST_STEP][PASSED] - delay(1): Delayed 1 second(s)

2022-03-09 13:03:20 - [MESSAGE][PASSED] - Delayed 1 second(s)

2022-03-09 13:03:20 - [TEST_STEP][PASSED] - setText(LOGN_EdtRdyPassword, "Shalawa18", 0): Text 'Shalawa18' has been set to element 'Object Repository/Mobile/Page/Login/Input Rdy - Password'

2022-03-09 13:03:20 - [MESSAGE][WARNING] - Timeout '0' is invalid. Using default page load timeout: '60'

2022-03-09 13:03:20 - [MESSAGE][PASSED] - Text 'Shalawa18' has been set to element 'Object Repository/Mobile/Page/Login/Input Rdy - Password'

2022-03-09 13:03:20 - [TEST_STEP][PASSED] - delay(1): Delayed 1 second(s)

2022-03-09 13:03:21 - [MESSAGE][PASSED] - Delayed 1 second(s)

2022-03-09 13:03:21 - [TEST_STEP][PASSED] - hideKeyboard(): Keyboard is hidden

2022-03-09 13:03:27 - [MESSAGE][PASSED] - Keyboard is hidden

2022-03-09 13:03:28 - [TEST_STEP][PASSED] - tap(LOGN_BtnLogin, 0): Tapped on element 'Object Repository/Mobile/Page/Login/Button - Login'

2022-03-09 13:03:28 - [MESSAGE][WARNING] - Timeout '0' is invalid. Using default page load timeout: '60'

2022-03-09 13:03:28 - [MESSAGE][PASSED] - Tapped on element 'Object Repository/Mobile/Page/Login/Button - Login'

2022-03-09 13:03:28 - [TEST_STEP][PASSED] - delay(2): Delayed 2 second(s)

2022-03-09 13:03:30 - [MESSAGE][PASSED] - Delayed 2 second(s)

2022-03-09 13:03:30 - [TEST_STEP][PASSED] - break: null

2022-03-09 13:03:30 - [MESSAGE][PASSED] - Call Test Case 'Test Cases/Mobile/Page/Login/Login' successfully

2022-03-09 13:03:30 - [MESSAGE][PASSED] - Call Test Case 'Test Cases/Mobile/Page/CheckLogin' successfully

2022-03-09 13:03:30 - [TEST_STEP][PASSED] - tap(HOME_MenubarPortfolio, 0): Tapped on element 'Object Repository/Mobile/Page/Home/Menubar - Portfolio'

2022-03-09 13:03:30 - [MESSAGE][WARNING] - Timeout '0' is invalid. Using default page load timeout: '60'

2022-03-09 13:03:32 - [MESSAGE][PASSED] - Tapped on element 'Object Repository/Mobile/Page/Home/Menubar - Portfolio'

2022-03-09 13:03:32 - [TEST_STEP][PASSED] - delay(5): Delayed 5 second(s)

2022-03-09 13:03:37 - [MESSAGE][PASSED] - Delayed 5 second(s)

2022-03-09 13:03:37 - [TEST_STEP][PASSED] - for ([i = 0, i < 1, (i++)]): Delayed 3 second(s)

2022-03-09 13:03:37 - [TEST_STEP][PASSED] - if (tab == "summary"): Delayed 3 second(s)

2022-03-09 13:03:37 - [TEST_STEP][PASSED] - idr = PORT_BtnIDR: null

2022-03-09 13:03:37 - [TEST_STEP][PASSED] - persen = PORT_BtnPersen: null

2022-03-09 13:03:37 - [TEST_STEP][PASSED] - if (action == "summary"): null

2022-03-09 13:03:37 - [TEST_STEP][PASSED] - else if (action == "perf_daily"): null

2022-03-09 13:03:37 - [TEST_STEP][PASSED] - else if (action == "perf_month"): null

2022-03-09 13:03:37 - [TEST_STEP][PASSED] - else if (action == "perf_quarter"): Tapped on element 'Object Repository/Mobile/Page/Portfolio/Tab - Summary Quarter to Date'

2022-03-09 13:03:37 - [TEST_STEP][PASSED] - scroll.scroll.scrollScreenBottomToTop(): scroll.scroll.scrollScreenBottomToTop is PASSED

2022-03-09 13:03:37 - [MESSAGE][PASSED] - Current device physical height is 1423

2022-03-09 13:03:37 - [MESSAGE][PASSED] - Current device physical width is 720

2022-03-09 13:03:39 - [MESSAGE][PASSED] - Swiped from 360,1,138 to 360,284

2022-03-09 13:03:39 - [MESSAGE][PASSED] - scroll.scroll.scrollScreenBottomToTop is PASSED

2022-03-09 13:03:39 - [TEST_STEP][PASSED] - delay(1): Delayed 1 second(s)

2022-03-09 13:03:40 - [MESSAGE][PASSED] - Delayed 1 second(s)

2022-03-09 13:03:40 - [TEST_STEP][PASSED] - tap(PORT_TabSummaryQuarter, 0): Tapped on element 'Object Repository/Mobile/Page/Portfolio/Tab - Summary Quarter to Date'

2022-03-09 13:03:40 - [MESSAGE][WARNING] - Timeout '0' is invalid. Using default page load timeout: '60'

2022-03-09 13:03:40 - [MESSAGE][PASSED] - Tapped on element 'Object Repository/Mobile/Page/Portfolio/Tab - Summary Quarter to Date'

2022-03-09 13:03:40 - [TEST_STEP][PASSED] - if (action != "summary"): Delayed 3 second(s)

2022-03-09 13:03:40 - [TEST_STEP][PASSED] - delay(1): Delayed 1 second(s)

2022-03-09 13:03:41 - [MESSAGE][PASSED] - Delayed 1 second(s)

2022-03-09 13:03:41 - [TEST_STEP][PASSED] - scroll.scroll.scrollScreenBottomToTop(): scroll.scroll.scrollScreenBottomToTop is PASSED

2022-03-09 13:03:41 - [MESSAGE][PASSED] - Current device physical height is 1423

2022-03-09 13:03:41 - [MESSAGE][PASSED] - Current device physical width is 720

2022-03-09 13:03:43 - [MESSAGE][PASSED] - Swiped from 360,1,138 to 360,284

2022-03-09 13:03:43 - [MESSAGE][PASSED] - scroll.scroll.scrollScreenBottomToTop is PASSED

2022-03-09 13:03:43 - [TEST_STEP][PASSED] - scroll.scroll.scrollScreenBottomToTop(): scroll.scroll.scrollScreenBottomToTop is PASSED

2022-03-09 13:03:43 - [MESSAGE][PASSED] - Current device physical height is 1423

2022-03-09 13:03:43 - [MESSAGE][PASSED] - Current device physical width is 720

2022-03-09 13:03:44 - [MESSAGE][PASSED] - Swiped from 360,1,138 to 360,284

2022-03-09 13:03:44 - [MESSAGE][PASSED] - scroll.scroll.scrollScreenBottomToTop is PASSED

2022-03-09 13:03:44 - [TEST_STEP][PASSED] - delay(3): Delayed 3 second(s)

2022-03-09 13:03:47 - [MESSAGE][PASSED] - Delayed 3 second(s)

2022-03-09 13:03:47 - [TEST_STEP][PASSED] - if (action2 == "idr"): null

2022-03-09 13:03:47 - [TEST_STEP][PASSED] - else if (action2 == "persen"): Delayed 3 second(s)

2022-03-09 13:03:47 - [TEST_STEP][PASSED] - tap(persen, 10): Tapped on element 'Object Repository/Mobile/Page/Portfolio/Button - Persen'

2022-03-09 13:03:48 - [MESSAGE][PASSED] - Tapped on element 'Object Repository/Mobile/Page/Portfolio/Button - Persen'

2022-03-09 13:03:48 - [TEST_STEP][PASSED] - delay(3): Delayed 3 second(s)

2022-03-09 13:03:51 - [MESSAGE][PASSED] - Delayed 3 second(s)

2022-03-09 13:03:51 - [MESSAGE][PASSED] - Call Test Case 'Test Cases/Mobile/Page/Portfolio/Portfolio' successfully

2022-03-09 13:03:51 - [TEST_STEP][PASSED] - callTestCase(findTestCase("Mobile/Page/Run App/Terminate App"), [:], STOP_ON_FAILURE): Call Test Case 'Test Cases/Mobile/Page/Run App/Terminate App' successfully

2022-03-09 13:03:51 - [TEST_CASE][PASSED] - Test Cases/Mobile/Page/Run App/Terminate App: Test Cases/Mobile/Page/Run App/Terminate App

2022-03-09 13:03:51 - [TEST_STEP][PASSED] - startApp.OpenApp.terminateApplication(): startApp.OpenApp.terminateApplication is PASSED

2022-03-09 13:03:54 - [MESSAGE][PASSED] - Delayed 3 second(s)

2022-03-09 13:03:54 - [MESSAGE][PASSED] - Current device physical width is 720

2022-03-09 13:03:54 - [MESSAGE][PASSED] - Current device physical height is 1423

2022-03-09 13:03:56 - [MESSAGE][PASSED] - Swiped from 360,853 to 360,142

2022-03-09 13:03:57 - [MESSAGE][PASSED] - Delayed 1 second(s)

2022-03-09 13:03:58 - [MESSAGE][PASSED] - Swiped from 360,853 to 360,142

2022-03-09 13:04:01 - [MESSAGE][PASSED] - Delayed 3 second(s)

2022-03-09 13:04:01 - [MESSAGE][PASSED] - startApp.OpenApp.terminateApplication is PASSED

2022-03-09 13:04:01 - [MESSAGE][PASSED] - Call Test Case 'Test Cases/Mobile/Page/Run App/Terminate App' successfully]]></system-out>
         <system-err><![CDATA[]]></system-err>
      </testcase>
      <testcase name="Test Cases/Mobile/Scenario/Portfolio/009 - Portfolio Performance Year to Date Persen" time="68.773" classname="Test Cases/Mobile/Scenario/Portfolio/009 - Portfolio Performance Year to Date Persen" status="PASSED">
         <system-out><![CDATA[2022-03-09 13:04:01 - [TEST_CASE][PASSED] - Test Cases/Mobile/Scenario/Portfolio/009 - Portfolio Performance Year to Date Persen: Test Cases/Mobile/Scenario/Portfolio/009 - Portfolio Performance Year to Date Persen

2022-03-09 13:04:01 - [TEST_STEP][PASSED] - callTestCase(findTestCase("Mobile/Page/Run App/Run App byID"), [:], STOP_ON_FAILURE): Call Test Case 'Test Cases/Mobile/Page/Run App/Run App byID' successfully

2022-03-09 13:04:01 - [TEST_CASE][PASSED] - Test Cases/Mobile/Page/Run App/Run App byID: Test Cases/Mobile/Page/Run App/Run App byID

2022-03-09 13:04:01 - [TEST_STEP][PASSED] - startApp.OpenApp.startApplication("id.co.miraeasset.sageclub"): startApp.OpenApp.startApplication is PASSED

2022-03-09 13:04:15 - [MESSAGE][PASSED] - Starting app with application ID: 'id.co.miraeasset.sageclub'

2022-03-09 13:04:15 - [MESSAGE][PASSED] - startApp.OpenApp.startApplication is PASSED

2022-03-09 13:04:15 - [MESSAGE][PASSED] - Call Test Case 'Test Cases/Mobile/Page/Run App/Run App byID' successfully

2022-03-09 13:04:15 - [TEST_STEP][PASSED] - callTestCase(findTestCase("Mobile/Page/Portfolio/Portfolio"), ["tab":"summary", "action":"perf_year", "action2":"persen"], CONTINUE_ON_FAILURE): Call Test Case 'Test Cases/Mobile/Page/Portfolio/Portfolio' successfully

2022-03-09 13:04:15 - [TEST_CASE][PASSED] - Test Cases/Mobile/Page/Portfolio/Portfolio: Test Cases/Mobile/Page/Portfolio/Portfolio

2022-03-09 13:04:15 - [TEST_STEP][PASSED] - callTestCase(findTestCase("Mobile/Page/CheckLogin"), [:], CONTINUE_ON_FAILURE): Call Test Case 'Test Cases/Mobile/Page/CheckLogin' successfully

2022-03-09 13:04:15 - [TEST_CASE][PASSED] - Test Cases/Mobile/Page/CheckLogin: Test Cases/Mobile/Page/CheckLogin

2022-03-09 13:04:15 - [TEST_STEP][PASSED] - loginCheck = verifyElementExist(LOGN_BtnLogin, 5, CONTINUE_ON_FAILURE): Element 'Object Repository/Mobile/Page/Login/Button - Login' is exist

2022-03-09 13:04:17 - [MESSAGE][PASSED] - Element 'Object Repository/Mobile/Page/Login/Button - Login' is exist

2022-03-09 13:04:17 - [TEST_STEP][PASSED] - if (loginCheck): Call Test Case 'Test Cases/Mobile/Page/Login/Login' successfully

2022-03-09 13:04:17 - [TEST_STEP][PASSED] - callTestCase(findTestCase("Mobile/Page/Login/Login"), ["action":"username"], CONTINUE_ON_FAILURE): Call Test Case 'Test Cases/Mobile/Page/Login/Login' successfully

2022-03-09 13:04:17 - [TEST_CASE][PASSED] - Test Cases/Mobile/Page/Login/Login: Test Cases/Mobile/Page/Login/Login

2022-03-09 13:04:17 - [TEST_STEP][PASSED] - delay(2): Delayed 2 second(s)

2022-03-09 13:04:19 - [MESSAGE][PASSED] - Delayed 2 second(s)

2022-03-09 13:04:19 - [TEST_STEP][PASSED] - for ([i = 0, i < 1, (i++)]): null

2022-03-09 13:04:19 - [TEST_STEP][PASSED] - if (action == "username"): null

2022-03-09 13:04:19 - [TEST_STEP][PASSED] - tap(LOGN_EdtUserID, 0): Tapped on element 'Object Repository/Mobile/Page/Login/Input - UserID'

2022-03-09 13:04:19 - [MESSAGE][WARNING] - Timeout '0' is invalid. Using default page load timeout: '60'

2022-03-09 13:04:20 - [MESSAGE][PASSED] - Tapped on element 'Object Repository/Mobile/Page/Login/Input - UserID'

2022-03-09 13:04:20 - [TEST_STEP][PASSED] - delay(1): Delayed 1 second(s)

2022-03-09 13:04:21 - [MESSAGE][PASSED] - Delayed 1 second(s)

2022-03-09 13:04:21 - [TEST_STEP][PASSED] - setText(LOGN_EdtRdyUserID, "anggaaditya", 0): Text 'anggaaditya' has been set to element 'Object Repository/Mobile/Page/Login/Input Rdy - UserID'

2022-03-09 13:04:21 - [MESSAGE][WARNING] - Timeout '0' is invalid. Using default page load timeout: '60'

2022-03-09 13:04:21 - [MESSAGE][PASSED] - Text 'anggaaditya' has been set to element 'Object Repository/Mobile/Page/Login/Input Rdy - UserID'

2022-03-09 13:04:21 - [TEST_STEP][PASSED] - delay(1): Delayed 1 second(s)

2022-03-09 13:04:22 - [MESSAGE][PASSED] - Delayed 1 second(s)

2022-03-09 13:04:22 - [TEST_STEP][PASSED] - hideKeyboard(): Keyboard is hidden

2022-03-09 13:04:26 - [MESSAGE][PASSED] - Keyboard is hidden

2022-03-09 13:04:26 - [TEST_STEP][PASSED] - tap(LOGN_EdtPassword, 0): Tapped on element 'Object Repository/Mobile/Page/Login/Input - Password'

2022-03-09 13:04:26 - [MESSAGE][WARNING] - Timeout '0' is invalid. Using default page load timeout: '60'

2022-03-09 13:04:27 - [MESSAGE][PASSED] - Tapped on element 'Object Repository/Mobile/Page/Login/Input - Password'

2022-03-09 13:04:27 - [TEST_STEP][PASSED] - delay(1): Delayed 1 second(s)

2022-03-09 13:04:28 - [MESSAGE][PASSED] - Delayed 1 second(s)

2022-03-09 13:04:28 - [TEST_STEP][PASSED] - setText(LOGN_EdtRdyPassword, "Shalawa18", 0): Text 'Shalawa18' has been set to element 'Object Repository/Mobile/Page/Login/Input Rdy - Password'

2022-03-09 13:04:28 - [MESSAGE][WARNING] - Timeout '0' is invalid. Using default page load timeout: '60'

2022-03-09 13:04:28 - [MESSAGE][PASSED] - Text 'Shalawa18' has been set to element 'Object Repository/Mobile/Page/Login/Input Rdy - Password'

2022-03-09 13:04:28 - [TEST_STEP][PASSED] - delay(1): Delayed 1 second(s)

2022-03-09 13:04:29 - [MESSAGE][PASSED] - Delayed 1 second(s)

2022-03-09 13:04:29 - [TEST_STEP][PASSED] - hideKeyboard(): Keyboard is hidden

2022-03-09 13:04:35 - [MESSAGE][PASSED] - Keyboard is hidden

2022-03-09 13:04:35 - [TEST_STEP][PASSED] - tap(LOGN_BtnLogin, 0): Tapped on element 'Object Repository/Mobile/Page/Login/Button - Login'

2022-03-09 13:04:35 - [MESSAGE][WARNING] - Timeout '0' is invalid. Using default page load timeout: '60'

2022-03-09 13:04:36 - [MESSAGE][PASSED] - Tapped on element 'Object Repository/Mobile/Page/Login/Button - Login'

2022-03-09 13:04:36 - [TEST_STEP][PASSED] - delay(2): Delayed 2 second(s)

2022-03-09 13:04:38 - [MESSAGE][PASSED] - Delayed 2 second(s)

2022-03-09 13:04:38 - [TEST_STEP][PASSED] - break: null

2022-03-09 13:04:38 - [MESSAGE][PASSED] - Call Test Case 'Test Cases/Mobile/Page/Login/Login' successfully

2022-03-09 13:04:38 - [MESSAGE][PASSED] - Call Test Case 'Test Cases/Mobile/Page/CheckLogin' successfully

2022-03-09 13:04:38 - [TEST_STEP][PASSED] - tap(HOME_MenubarPortfolio, 0): Tapped on element 'Object Repository/Mobile/Page/Home/Menubar - Portfolio'

2022-03-09 13:04:38 - [MESSAGE][WARNING] - Timeout '0' is invalid. Using default page load timeout: '60'

2022-03-09 13:04:40 - [MESSAGE][PASSED] - Tapped on element 'Object Repository/Mobile/Page/Home/Menubar - Portfolio'

2022-03-09 13:04:40 - [TEST_STEP][PASSED] - delay(5): Delayed 5 second(s)

2022-03-09 13:04:45 - [MESSAGE][PASSED] - Delayed 5 second(s)

2022-03-09 13:04:45 - [TEST_STEP][PASSED] - for ([i = 0, i < 1, (i++)]): Delayed 3 second(s)

2022-03-09 13:04:45 - [TEST_STEP][PASSED] - if (tab == "summary"): Delayed 3 second(s)

2022-03-09 13:04:45 - [TEST_STEP][PASSED] - idr = PORT_BtnIDR: null

2022-03-09 13:04:45 - [TEST_STEP][PASSED] - persen = PORT_BtnPersen: null

2022-03-09 13:04:45 - [TEST_STEP][PASSED] - if (action == "summary"): null

2022-03-09 13:04:45 - [TEST_STEP][PASSED] - else if (action == "perf_daily"): null

2022-03-09 13:04:45 - [TEST_STEP][PASSED] - else if (action == "perf_month"): null

2022-03-09 13:04:45 - [TEST_STEP][PASSED] - else if (action == "perf_quarter"): null

2022-03-09 13:04:45 - [TEST_STEP][PASSED] - else if (action == "perf_year"): Tapped on element 'Object Repository/Mobile/Page/Portfolio/Tab - Summary Year to Date'

2022-03-09 13:04:45 - [TEST_STEP][PASSED] - scroll.scroll.scrollScreenBottomToTop(): scroll.scroll.scrollScreenBottomToTop is PASSED

2022-03-09 13:04:45 - [MESSAGE][PASSED] - Current device physical height is 1423

2022-03-09 13:04:46 - [MESSAGE][PASSED] - Current device physical width is 720

2022-03-09 13:04:47 - [MESSAGE][PASSED] - Swiped from 360,1,138 to 360,284

2022-03-09 13:04:47 - [MESSAGE][PASSED] - scroll.scroll.scrollScreenBottomToTop is PASSED

2022-03-09 13:04:47 - [TEST_STEP][PASSED] - delay(1): Delayed 1 second(s)

2022-03-09 13:04:48 - [MESSAGE][PASSED] - Delayed 1 second(s)

2022-03-09 13:04:48 - [TEST_STEP][PASSED] - tap(PORT_TabSummaryYear, 0): Tapped on element 'Object Repository/Mobile/Page/Portfolio/Tab - Summary Year to Date'

2022-03-09 13:04:48 - [MESSAGE][WARNING] - Timeout '0' is invalid. Using default page load timeout: '60'

2022-03-09 13:04:48 - [MESSAGE][PASSED] - Tapped on element 'Object Repository/Mobile/Page/Portfolio/Tab - Summary Year to Date'

2022-03-09 13:04:48 - [TEST_STEP][PASSED] - if (action != "summary"): Delayed 3 second(s)

2022-03-09 13:04:48 - [TEST_STEP][PASSED] - delay(1): Delayed 1 second(s)

2022-03-09 13:04:49 - [MESSAGE][PASSED] - Delayed 1 second(s)

2022-03-09 13:04:49 - [TEST_STEP][PASSED] - scroll.scroll.scrollScreenBottomToTop(): scroll.scroll.scrollScreenBottomToTop is PASSED

2022-03-09 13:04:50 - [MESSAGE][PASSED] - Current device physical height is 1423

2022-03-09 13:04:50 - [MESSAGE][PASSED] - Current device physical width is 720

2022-03-09 13:04:51 - [MESSAGE][PASSED] - Swiped from 360,1,138 to 360,284

2022-03-09 13:04:51 - [MESSAGE][PASSED] - scroll.scroll.scrollScreenBottomToTop is PASSED

2022-03-09 13:04:51 - [TEST_STEP][PASSED] - scroll.scroll.scrollScreenBottomToTop(): scroll.scroll.scrollScreenBottomToTop is PASSED

2022-03-09 13:04:51 - [MESSAGE][PASSED] - Current device physical height is 1423

2022-03-09 13:04:51 - [MESSAGE][PASSED] - Current device physical width is 720

2022-03-09 13:04:53 - [MESSAGE][PASSED] - Swiped from 360,1,138 to 360,284

2022-03-09 13:04:53 - [MESSAGE][PASSED] - scroll.scroll.scrollScreenBottomToTop is PASSED

2022-03-09 13:04:53 - [TEST_STEP][PASSED] - delay(3): Delayed 3 second(s)

2022-03-09 13:04:56 - [MESSAGE][PASSED] - Delayed 3 second(s)

2022-03-09 13:04:56 - [TEST_STEP][PASSED] - if (action2 == "idr"): null

2022-03-09 13:04:56 - [TEST_STEP][PASSED] - else if (action2 == "persen"): Delayed 3 second(s)

2022-03-09 13:04:56 - [TEST_STEP][PASSED] - tap(persen, 10): Tapped on element 'Object Repository/Mobile/Page/Portfolio/Button - Persen'

2022-03-09 13:04:56 - [MESSAGE][PASSED] - Tapped on element 'Object Repository/Mobile/Page/Portfolio/Button - Persen'

2022-03-09 13:04:56 - [TEST_STEP][PASSED] - delay(3): Delayed 3 second(s)

2022-03-09 13:04:59 - [MESSAGE][PASSED] - Delayed 3 second(s)

2022-03-09 13:04:59 - [MESSAGE][PASSED] - Call Test Case 'Test Cases/Mobile/Page/Portfolio/Portfolio' successfully

2022-03-09 13:04:59 - [TEST_STEP][PASSED] - callTestCase(findTestCase("Mobile/Page/Run App/Terminate App"), [:], STOP_ON_FAILURE): Call Test Case 'Test Cases/Mobile/Page/Run App/Terminate App' successfully

2022-03-09 13:05:00 - [TEST_CASE][PASSED] - Test Cases/Mobile/Page/Run App/Terminate App: Test Cases/Mobile/Page/Run App/Terminate App

2022-03-09 13:05:00 - [TEST_STEP][PASSED] - startApp.OpenApp.terminateApplication(): startApp.OpenApp.terminateApplication is PASSED

2022-03-09 13:05:03 - [MESSAGE][PASSED] - Delayed 3 second(s)

2022-03-09 13:05:03 - [MESSAGE][PASSED] - Current device physical width is 720

2022-03-09 13:05:03 - [MESSAGE][PASSED] - Current device physical height is 1423

2022-03-09 13:05:04 - [MESSAGE][PASSED] - Swiped from 360,853 to 360,142

2022-03-09 13:05:05 - [MESSAGE][PASSED] - Delayed 1 second(s)

2022-03-09 13:05:07 - [MESSAGE][PASSED] - Swiped from 360,853 to 360,142

2022-03-09 13:05:10 - [MESSAGE][PASSED] - Delayed 3 second(s)

2022-03-09 13:05:10 - [MESSAGE][PASSED] - startApp.OpenApp.terminateApplication is PASSED

2022-03-09 13:05:10 - [MESSAGE][PASSED] - Call Test Case 'Test Cases/Mobile/Page/Run App/Terminate App' successfully]]></system-out>
         <system-err><![CDATA[]]></system-err>
      </testcase>
      <testcase name="Test Cases/Mobile/Scenario/Portfolio/010 - Melihat list stock" time="78.482" classname="Test Cases/Mobile/Scenario/Portfolio/010 - Melihat list stock" status="PASSED">
         <system-out><![CDATA[2022-03-09 13:05:10 - [TEST_CASE][PASSED] - Test Cases/Mobile/Scenario/Portfolio/010 - Melihat list stock: Test Cases/Mobile/Scenario/Portfolio/010 - Melihat list stock

2022-03-09 13:05:10 - [TEST_STEP][PASSED] - callTestCase(findTestCase("Mobile/Page/Run App/Run App byID"), [:], STOP_ON_FAILURE): Call Test Case 'Test Cases/Mobile/Page/Run App/Run App byID' successfully

2022-03-09 13:05:10 - [TEST_CASE][PASSED] - Test Cases/Mobile/Page/Run App/Run App byID: Test Cases/Mobile/Page/Run App/Run App byID

2022-03-09 13:05:10 - [TEST_STEP][PASSED] - startApp.OpenApp.startApplication("id.co.miraeasset.sageclub"): startApp.OpenApp.startApplication is PASSED

2022-03-09 13:05:22 - [MESSAGE][PASSED] - Starting app with application ID: 'id.co.miraeasset.sageclub'

2022-03-09 13:05:22 - [MESSAGE][PASSED] - startApp.OpenApp.startApplication is PASSED

2022-03-09 13:05:22 - [MESSAGE][PASSED] - Call Test Case 'Test Cases/Mobile/Page/Run App/Run App byID' successfully

2022-03-09 13:05:22 - [TEST_STEP][PASSED] - callTestCase(findTestCase("Mobile/Page/Portfolio/Portfolio"), ["tab":"stock"], CONTINUE_ON_FAILURE): Call Test Case 'Test Cases/Mobile/Page/Portfolio/Portfolio' successfully

2022-03-09 13:05:22 - [TEST_CASE][PASSED] - Test Cases/Mobile/Page/Portfolio/Portfolio: Test Cases/Mobile/Page/Portfolio/Portfolio

2022-03-09 13:05:22 - [TEST_STEP][PASSED] - callTestCase(findTestCase("Mobile/Page/CheckLogin"), [:], CONTINUE_ON_FAILURE): Call Test Case 'Test Cases/Mobile/Page/CheckLogin' successfully

2022-03-09 13:05:22 - [TEST_CASE][PASSED] - Test Cases/Mobile/Page/CheckLogin: Test Cases/Mobile/Page/CheckLogin

2022-03-09 13:05:22 - [TEST_STEP][PASSED] - loginCheck = verifyElementExist(LOGN_BtnLogin, 5, CONTINUE_ON_FAILURE): Element 'Object Repository/Mobile/Page/Login/Button - Login' is exist

2022-03-09 13:05:24 - [MESSAGE][PASSED] - Element 'Object Repository/Mobile/Page/Login/Button - Login' is exist

2022-03-09 13:05:24 - [TEST_STEP][PASSED] - if (loginCheck): Call Test Case 'Test Cases/Mobile/Page/Login/Login' successfully

2022-03-09 13:05:24 - [TEST_STEP][PASSED] - callTestCase(findTestCase("Mobile/Page/Login/Login"), ["action":"username"], CONTINUE_ON_FAILURE): Call Test Case 'Test Cases/Mobile/Page/Login/Login' successfully

2022-03-09 13:05:24 - [TEST_CASE][PASSED] - Test Cases/Mobile/Page/Login/Login: Test Cases/Mobile/Page/Login/Login

2022-03-09 13:05:24 - [TEST_STEP][PASSED] - delay(2): Delayed 2 second(s)

2022-03-09 13:05:26 - [MESSAGE][PASSED] - Delayed 2 second(s)

2022-03-09 13:05:26 - [TEST_STEP][PASSED] - for ([i = 0, i < 1, (i++)]): null

2022-03-09 13:05:26 - [TEST_STEP][PASSED] - if (action == "username"): null

2022-03-09 13:05:26 - [TEST_STEP][PASSED] - tap(LOGN_EdtUserID, 0): Tapped on element 'Object Repository/Mobile/Page/Login/Input - UserID'

2022-03-09 13:05:26 - [MESSAGE][WARNING] - Timeout '0' is invalid. Using default page load timeout: '60'

2022-03-09 13:05:27 - [MESSAGE][PASSED] - Tapped on element 'Object Repository/Mobile/Page/Login/Input - UserID'

2022-03-09 13:05:27 - [TEST_STEP][PASSED] - delay(1): Delayed 1 second(s)

2022-03-09 13:05:28 - [MESSAGE][PASSED] - Delayed 1 second(s)

2022-03-09 13:05:28 - [TEST_STEP][PASSED] - setText(LOGN_EdtRdyUserID, "anggaaditya", 0): Text 'anggaaditya' has been set to element 'Object Repository/Mobile/Page/Login/Input Rdy - UserID'

2022-03-09 13:05:28 - [MESSAGE][WARNING] - Timeout '0' is invalid. Using default page load timeout: '60'

2022-03-09 13:05:29 - [MESSAGE][PASSED] - Text 'anggaaditya' has been set to element 'Object Repository/Mobile/Page/Login/Input Rdy - UserID'

2022-03-09 13:05:29 - [TEST_STEP][PASSED] - delay(1): Delayed 1 second(s)

2022-03-09 13:05:30 - [MESSAGE][PASSED] - Delayed 1 second(s)

2022-03-09 13:05:30 - [TEST_STEP][PASSED] - hideKeyboard(): Keyboard is hidden

2022-03-09 13:05:33 - [MESSAGE][PASSED] - Keyboard is hidden

2022-03-09 13:05:33 - [TEST_STEP][PASSED] - tap(LOGN_EdtPassword, 0): Tapped on element 'Object Repository/Mobile/Page/Login/Input - Password'

2022-03-09 13:05:33 - [MESSAGE][WARNING] - Timeout '0' is invalid. Using default page load timeout: '60'

2022-03-09 13:05:34 - [MESSAGE][PASSED] - Tapped on element 'Object Repository/Mobile/Page/Login/Input - Password'

2022-03-09 13:05:34 - [TEST_STEP][PASSED] - delay(1): Delayed 1 second(s)

2022-03-09 13:05:35 - [MESSAGE][PASSED] - Delayed 1 second(s)

2022-03-09 13:05:35 - [TEST_STEP][PASSED] - setText(LOGN_EdtRdyPassword, "Shalawa18", 0): Text 'Shalawa18' has been set to element 'Object Repository/Mobile/Page/Login/Input Rdy - Password'

2022-03-09 13:05:35 - [MESSAGE][WARNING] - Timeout '0' is invalid. Using default page load timeout: '60'

2022-03-09 13:05:35 - [MESSAGE][PASSED] - Text 'Shalawa18' has been set to element 'Object Repository/Mobile/Page/Login/Input Rdy - Password'

2022-03-09 13:05:35 - [TEST_STEP][PASSED] - delay(1): Delayed 1 second(s)

2022-03-09 13:05:36 - [MESSAGE][PASSED] - Delayed 1 second(s)

2022-03-09 13:05:36 - [TEST_STEP][PASSED] - hideKeyboard(): Keyboard is hidden

2022-03-09 13:05:42 - [MESSAGE][PASSED] - Keyboard is hidden

2022-03-09 13:05:42 - [TEST_STEP][PASSED] - tap(LOGN_BtnLogin, 0): Tapped on element 'Object Repository/Mobile/Page/Login/Button - Login'

2022-03-09 13:05:42 - [MESSAGE][WARNING] - Timeout '0' is invalid. Using default page load timeout: '60'

2022-03-09 13:05:43 - [MESSAGE][PASSED] - Tapped on element 'Object Repository/Mobile/Page/Login/Button - Login'

2022-03-09 13:05:43 - [TEST_STEP][PASSED] - delay(2): Delayed 2 second(s)

2022-03-09 13:05:45 - [MESSAGE][PASSED] - Delayed 2 second(s)

2022-03-09 13:05:45 - [TEST_STEP][PASSED] - break: null

2022-03-09 13:05:45 - [MESSAGE][PASSED] - Call Test Case 'Test Cases/Mobile/Page/Login/Login' successfully

2022-03-09 13:05:45 - [MESSAGE][PASSED] - Call Test Case 'Test Cases/Mobile/Page/CheckLogin' successfully

2022-03-09 13:05:45 - [TEST_STEP][PASSED] - tap(HOME_MenubarPortfolio, 0): Tapped on element 'Object Repository/Mobile/Page/Home/Menubar - Portfolio'

2022-03-09 13:05:45 - [MESSAGE][WARNING] - Timeout '0' is invalid. Using default page load timeout: '60'

2022-03-09 13:05:48 - [MESSAGE][PASSED] - Tapped on element 'Object Repository/Mobile/Page/Home/Menubar - Portfolio'

2022-03-09 13:05:48 - [TEST_STEP][PASSED] - delay(5): Delayed 5 second(s)

2022-03-09 13:05:53 - [MESSAGE][PASSED] - Delayed 5 second(s)

2022-03-09 13:05:53 - [TEST_STEP][PASSED] - for ([i = 0, i < 1, (i++)]): Delayed 3 second(s)

2022-03-09 13:05:53 - [TEST_STEP][PASSED] - if (tab == "summary"): null

2022-03-09 13:05:53 - [TEST_STEP][PASSED] - else if (tab == "stock"): Delayed 3 second(s)

2022-03-09 13:05:53 - [TEST_STEP][PASSED] - tap(PORT_TabStock, 0): Tapped on element 'Object Repository/Mobile/Page/Portfolio/Tab - Stock'

2022-03-09 13:05:53 - [MESSAGE][WARNING] - Timeout '0' is invalid. Using default page load timeout: '60'

2022-03-09 13:05:53 - [MESSAGE][PASSED] - Tapped on element 'Object Repository/Mobile/Page/Portfolio/Tab - Stock'

2022-03-09 13:05:53 - [TEST_STEP][PASSED] - scroll.scroll.scrollScreenBottomToTop(): scroll.scroll.scrollScreenBottomToTop is PASSED

2022-03-09 13:05:53 - [MESSAGE][PASSED] - Current device physical height is 1423

2022-03-09 13:06:14 - [MESSAGE][PASSED] - Current device physical width is 720

2022-03-09 13:06:15 - [MESSAGE][PASSED] - Swiped from 360,1,138 to 360,284

2022-03-09 13:06:15 - [MESSAGE][PASSED] - scroll.scroll.scrollScreenBottomToTop is PASSED

2022-03-09 13:06:15 - [TEST_STEP][PASSED] - delay(3): Delayed 3 second(s)

2022-03-09 13:06:18 - [MESSAGE][PASSED] - Delayed 3 second(s)

2022-03-09 13:06:18 - [MESSAGE][PASSED] - Call Test Case 'Test Cases/Mobile/Page/Portfolio/Portfolio' successfully

2022-03-09 13:06:18 - [TEST_STEP][PASSED] - callTestCase(findTestCase("Mobile/Page/Run App/Terminate App"), [:], STOP_ON_FAILURE): Call Test Case 'Test Cases/Mobile/Page/Run App/Terminate App' successfully

2022-03-09 13:06:18 - [TEST_CASE][PASSED] - Test Cases/Mobile/Page/Run App/Terminate App: Test Cases/Mobile/Page/Run App/Terminate App

2022-03-09 13:06:18 - [TEST_STEP][PASSED] - startApp.OpenApp.terminateApplication(): startApp.OpenApp.terminateApplication is PASSED

2022-03-09 13:06:21 - [MESSAGE][PASSED] - Delayed 3 second(s)

2022-03-09 13:06:21 - [MESSAGE][PASSED] - Current device physical width is 720

2022-03-09 13:06:22 - [MESSAGE][PASSED] - Current device physical height is 1423

2022-03-09 13:06:23 - [MESSAGE][PASSED] - Swiped from 360,853 to 360,142

2022-03-09 13:06:24 - [MESSAGE][PASSED] - Delayed 1 second(s)

2022-03-09 13:06:25 - [MESSAGE][PASSED] - Swiped from 360,853 to 360,142

2022-03-09 13:06:28 - [MESSAGE][PASSED] - Delayed 3 second(s)

2022-03-09 13:06:28 - [MESSAGE][PASSED] - startApp.OpenApp.terminateApplication is PASSED

2022-03-09 13:06:28 - [MESSAGE][PASSED] - Call Test Case 'Test Cases/Mobile/Page/Run App/Terminate App' successfully]]></system-out>
         <system-err><![CDATA[]]></system-err>
      </testcase>
      <testcase name="Test Cases/Mobile/Scenario/Portfolio/011 - Melihat list mutual fund" time="64.706" classname="Test Cases/Mobile/Scenario/Portfolio/011 - Melihat list mutual fund" status="PASSED">
         <system-out><![CDATA[2022-03-09 13:06:28 - [TEST_CASE][PASSED] - Test Cases/Mobile/Scenario/Portfolio/011 - Melihat list mutual fund: Test Cases/Mobile/Scenario/Portfolio/011 - Melihat list mutual fund

2022-03-09 13:06:28 - [TEST_STEP][PASSED] - callTestCase(findTestCase("Mobile/Page/Run App/Run App byID"), [:], STOP_ON_FAILURE): Call Test Case 'Test Cases/Mobile/Page/Run App/Run App byID' successfully

2022-03-09 13:06:28 - [TEST_CASE][PASSED] - Test Cases/Mobile/Page/Run App/Run App byID: Test Cases/Mobile/Page/Run App/Run App byID

2022-03-09 13:06:28 - [TEST_STEP][PASSED] - startApp.OpenApp.startApplication("id.co.miraeasset.sageclub"): startApp.OpenApp.startApplication is PASSED

2022-03-09 13:06:41 - [MESSAGE][PASSED] - Starting app with application ID: 'id.co.miraeasset.sageclub'

2022-03-09 13:06:41 - [MESSAGE][PASSED] - startApp.OpenApp.startApplication is PASSED

2022-03-09 13:06:41 - [MESSAGE][PASSED] - Call Test Case 'Test Cases/Mobile/Page/Run App/Run App byID' successfully

2022-03-09 13:06:41 - [TEST_STEP][PASSED] - callTestCase(findTestCase("Mobile/Page/Portfolio/Portfolio"), ["tab":"mutualfund", "action2":"none"], CONTINUE_ON_FAILURE): Call Test Case 'Test Cases/Mobile/Page/Portfolio/Portfolio' successfully

2022-03-09 13:06:41 - [TEST_CASE][PASSED] - Test Cases/Mobile/Page/Portfolio/Portfolio: Test Cases/Mobile/Page/Portfolio/Portfolio

2022-03-09 13:06:41 - [TEST_STEP][PASSED] - callTestCase(findTestCase("Mobile/Page/CheckLogin"), [:], CONTINUE_ON_FAILURE): Call Test Case 'Test Cases/Mobile/Page/CheckLogin' successfully

2022-03-09 13:06:41 - [TEST_CASE][PASSED] - Test Cases/Mobile/Page/CheckLogin: Test Cases/Mobile/Page/CheckLogin

2022-03-09 13:06:41 - [TEST_STEP][PASSED] - loginCheck = verifyElementExist(LOGN_BtnLogin, 5, CONTINUE_ON_FAILURE): Element 'Object Repository/Mobile/Page/Login/Button - Login' is exist

2022-03-09 13:06:43 - [MESSAGE][PASSED] - Element 'Object Repository/Mobile/Page/Login/Button - Login' is exist

2022-03-09 13:06:43 - [TEST_STEP][PASSED] - if (loginCheck): Call Test Case 'Test Cases/Mobile/Page/Login/Login' successfully

2022-03-09 13:06:43 - [TEST_STEP][PASSED] - callTestCase(findTestCase("Mobile/Page/Login/Login"), ["action":"username"], CONTINUE_ON_FAILURE): Call Test Case 'Test Cases/Mobile/Page/Login/Login' successfully

2022-03-09 13:06:43 - [TEST_CASE][PASSED] - Test Cases/Mobile/Page/Login/Login: Test Cases/Mobile/Page/Login/Login

2022-03-09 13:06:43 - [TEST_STEP][PASSED] - delay(2): Delayed 2 second(s)

2022-03-09 13:06:45 - [MESSAGE][PASSED] - Delayed 2 second(s)

2022-03-09 13:06:45 - [TEST_STEP][PASSED] - for ([i = 0, i < 1, (i++)]): null

2022-03-09 13:06:45 - [TEST_STEP][PASSED] - if (action == "username"): null

2022-03-09 13:06:45 - [TEST_STEP][PASSED] - tap(LOGN_EdtUserID, 0): Tapped on element 'Object Repository/Mobile/Page/Login/Input - UserID'

2022-03-09 13:06:45 - [MESSAGE][WARNING] - Timeout '0' is invalid. Using default page load timeout: '60'

2022-03-09 13:06:45 - [MESSAGE][PASSED] - Tapped on element 'Object Repository/Mobile/Page/Login/Input - UserID'

2022-03-09 13:06:45 - [TEST_STEP][PASSED] - delay(1): Delayed 1 second(s)

2022-03-09 13:06:46 - [MESSAGE][PASSED] - Delayed 1 second(s)

2022-03-09 13:06:46 - [TEST_STEP][PASSED] - setText(LOGN_EdtRdyUserID, "anggaaditya", 0): Text 'anggaaditya' has been set to element 'Object Repository/Mobile/Page/Login/Input Rdy - UserID'

2022-03-09 13:06:46 - [MESSAGE][WARNING] - Timeout '0' is invalid. Using default page load timeout: '60'

2022-03-09 13:06:47 - [MESSAGE][PASSED] - Text 'anggaaditya' has been set to element 'Object Repository/Mobile/Page/Login/Input Rdy - UserID'

2022-03-09 13:06:47 - [TEST_STEP][PASSED] - delay(1): Delayed 1 second(s)

2022-03-09 13:06:48 - [MESSAGE][PASSED] - Delayed 1 second(s)

2022-03-09 13:06:48 - [TEST_STEP][PASSED] - hideKeyboard(): Keyboard is hidden

2022-03-09 13:06:52 - [MESSAGE][PASSED] - Keyboard is hidden

2022-03-09 13:06:52 - [TEST_STEP][PASSED] - tap(LOGN_EdtPassword, 0): Tapped on element 'Object Repository/Mobile/Page/Login/Input - Password'

2022-03-09 13:06:52 - [MESSAGE][WARNING] - Timeout '0' is invalid. Using default page load timeout: '60'

2022-03-09 13:06:52 - [MESSAGE][PASSED] - Tapped on element 'Object Repository/Mobile/Page/Login/Input - Password'

2022-03-09 13:06:52 - [TEST_STEP][PASSED] - delay(1): Delayed 1 second(s)

2022-03-09 13:06:53 - [MESSAGE][PASSED] - Delayed 1 second(s)

2022-03-09 13:06:53 - [TEST_STEP][PASSED] - setText(LOGN_EdtRdyPassword, "Shalawa18", 0): Text 'Shalawa18' has been set to element 'Object Repository/Mobile/Page/Login/Input Rdy - Password'

2022-03-09 13:06:53 - [MESSAGE][WARNING] - Timeout '0' is invalid. Using default page load timeout: '60'

2022-03-09 13:06:54 - [MESSAGE][PASSED] - Text 'Shalawa18' has been set to element 'Object Repository/Mobile/Page/Login/Input Rdy - Password'

2022-03-09 13:06:54 - [TEST_STEP][PASSED] - delay(1): Delayed 1 second(s)

2022-03-09 13:06:55 - [MESSAGE][PASSED] - Delayed 1 second(s)

2022-03-09 13:06:55 - [TEST_STEP][PASSED] - hideKeyboard(): Keyboard is hidden

2022-03-09 13:07:01 - [MESSAGE][PASSED] - Keyboard is hidden

2022-03-09 13:07:01 - [TEST_STEP][PASSED] - tap(LOGN_BtnLogin, 0): Tapped on element 'Object Repository/Mobile/Page/Login/Button - Login'

2022-03-09 13:07:01 - [MESSAGE][WARNING] - Timeout '0' is invalid. Using default page load timeout: '60'

2022-03-09 13:07:02 - [MESSAGE][PASSED] - Tapped on element 'Object Repository/Mobile/Page/Login/Button - Login'

2022-03-09 13:07:02 - [TEST_STEP][PASSED] - delay(2): Delayed 2 second(s)

2022-03-09 13:07:04 - [MESSAGE][PASSED] - Delayed 2 second(s)

2022-03-09 13:07:04 - [TEST_STEP][PASSED] - break: null

2022-03-09 13:07:04 - [MESSAGE][PASSED] - Call Test Case 'Test Cases/Mobile/Page/Login/Login' successfully

2022-03-09 13:07:04 - [MESSAGE][PASSED] - Call Test Case 'Test Cases/Mobile/Page/CheckLogin' successfully

2022-03-09 13:07:04 - [TEST_STEP][PASSED] - tap(HOME_MenubarPortfolio, 0): Tapped on element 'Object Repository/Mobile/Page/Home/Menubar - Portfolio'

2022-03-09 13:07:04 - [MESSAGE][WARNING] - Timeout '0' is invalid. Using default page load timeout: '60'

2022-03-09 13:07:06 - [MESSAGE][PASSED] - Tapped on element 'Object Repository/Mobile/Page/Home/Menubar - Portfolio'

2022-03-09 13:07:06 - [TEST_STEP][PASSED] - delay(5): Delayed 5 second(s)

2022-03-09 13:07:11 - [MESSAGE][PASSED] - Delayed 5 second(s)

2022-03-09 13:07:11 - [TEST_STEP][PASSED] - for ([i = 0, i < 1, (i++)]): scroll.scroll.scrollScreenBottomToTop is PASSED

2022-03-09 13:07:11 - [TEST_STEP][PASSED] - if (tab == "summary"): null

2022-03-09 13:07:11 - [TEST_STEP][PASSED] - else if (tab == "stock"): null

2022-03-09 13:07:11 - [TEST_STEP][PASSED] - else if (tab == "mutualfund"): scroll.scroll.scrollScreenBottomToTop is PASSED

2022-03-09 13:07:11 - [TEST_STEP][PASSED] - tap(PORT_TabMutualFund, 0): Tapped on element 'Object Repository/Mobile/Page/Portfolio/Tab - Mutual Fund'

2022-03-09 13:07:11 - [MESSAGE][WARNING] - Timeout '0' is invalid. Using default page load timeout: '60'

2022-03-09 13:07:12 - [MESSAGE][PASSED] - Tapped on element 'Object Repository/Mobile/Page/Portfolio/Tab - Mutual Fund'

2022-03-09 13:07:12 - [TEST_STEP][PASSED] - delay(1): Delayed 1 second(s)

2022-03-09 13:07:13 - [MESSAGE][PASSED] - Delayed 1 second(s)

2022-03-09 13:07:13 - [TEST_STEP][PASSED] - try: scroll.scroll.scrollScreenBottomToTop is PASSED

2022-03-09 13:07:13 - [TEST_STEP][PASSED] - tapAndHold(PORT_ItemTopMutualFund, 1, 10): Tapped and held on element 'Object Repository/Mobile/Page/Portfolio/Item - Top Mutual Fund' with duration 1

2022-03-09 13:07:16 - [MESSAGE][PASSED] - Tapped and held on element 'Object Repository/Mobile/Page/Portfolio/Item - Top Mutual Fund' with duration 1

2022-03-09 13:07:16 - [TEST_STEP][PASSED] - delay(2): Delayed 2 second(s)

2022-03-09 13:07:18 - [MESSAGE][PASSED] - Delayed 2 second(s)

2022-03-09 13:07:18 - [TEST_STEP][PASSED] - switch (action2): null

2022-03-09 13:07:18 - [TEST_STEP][PASSED] - delay(3): Delayed 3 second(s)

2022-03-09 13:07:21 - [MESSAGE][PASSED] - Delayed 3 second(s)

2022-03-09 13:07:21 - [TEST_STEP][PASSED] - scroll.scroll.scrollScreenBottomToTop(): scroll.scroll.scrollScreenBottomToTop is PASSED

2022-03-09 13:07:21 - [MESSAGE][PASSED] - Current device physical height is 1423

2022-03-09 13:07:21 - [MESSAGE][PASSED] - Current device physical width is 720

2022-03-09 13:07:23 - [MESSAGE][PASSED] - Swiped from 360,1,138 to 360,284

2022-03-09 13:07:23 - [MESSAGE][PASSED] - scroll.scroll.scrollScreenBottomToTop is PASSED

2022-03-09 13:07:23 - [MESSAGE][PASSED] - Call Test Case 'Test Cases/Mobile/Page/Portfolio/Portfolio' successfully

2022-03-09 13:07:23 - [TEST_STEP][PASSED] - callTestCase(findTestCase("Mobile/Page/Run App/Terminate App"), [:], STOP_ON_FAILURE): Call Test Case 'Test Cases/Mobile/Page/Run App/Terminate App' successfully

2022-03-09 13:07:23 - [TEST_CASE][PASSED] - Test Cases/Mobile/Page/Run App/Terminate App: Test Cases/Mobile/Page/Run App/Terminate App

2022-03-09 13:07:23 - [TEST_STEP][PASSED] - startApp.OpenApp.terminateApplication(): startApp.OpenApp.terminateApplication is PASSED

2022-03-09 13:07:26 - [MESSAGE][PASSED] - Delayed 3 second(s)

2022-03-09 13:07:26 - [MESSAGE][PASSED] - Current device physical width is 720

2022-03-09 13:07:26 - [MESSAGE][PASSED] - Current device physical height is 1423

2022-03-09 13:07:28 - [MESSAGE][PASSED] - Swiped from 360,853 to 360,142

2022-03-09 13:07:29 - [MESSAGE][PASSED] - Delayed 1 second(s)

2022-03-09 13:07:30 - [MESSAGE][PASSED] - Swiped from 360,853 to 360,142

2022-03-09 13:07:33 - [MESSAGE][PASSED] - Delayed 3 second(s)

2022-03-09 13:07:33 - [MESSAGE][PASSED] - startApp.OpenApp.terminateApplication is PASSED

2022-03-09 13:07:33 - [MESSAGE][PASSED] - Call Test Case 'Test Cases/Mobile/Page/Run App/Terminate App' successfully]]></system-out>
         <system-err><![CDATA[]]></system-err>
      </testcase>
      <testcase name="Test Cases/Mobile/Scenario/Portfolio/012 - Melihat list bond" time="58.832" classname="Test Cases/Mobile/Scenario/Portfolio/012 - Melihat list bond" status="PASSED">
         <system-out><![CDATA[2022-03-09 13:07:33 - [TEST_CASE][PASSED] - Test Cases/Mobile/Scenario/Portfolio/012 - Melihat list bond: Test Cases/Mobile/Scenario/Portfolio/012 - Melihat list bond

2022-03-09 13:07:33 - [TEST_STEP][PASSED] - callTestCase(findTestCase("Mobile/Page/Run App/Run App byID"), [:], STOP_ON_FAILURE): Call Test Case 'Test Cases/Mobile/Page/Run App/Run App byID' successfully

2022-03-09 13:07:33 - [TEST_CASE][PASSED] - Test Cases/Mobile/Page/Run App/Run App byID: Test Cases/Mobile/Page/Run App/Run App byID

2022-03-09 13:07:33 - [TEST_STEP][PASSED] - startApp.OpenApp.startApplication("id.co.miraeasset.sageclub"): startApp.OpenApp.startApplication is PASSED

2022-03-09 13:07:47 - [MESSAGE][PASSED] - Starting app with application ID: 'id.co.miraeasset.sageclub'

2022-03-09 13:07:47 - [MESSAGE][PASSED] - startApp.OpenApp.startApplication is PASSED

2022-03-09 13:07:47 - [MESSAGE][PASSED] - Call Test Case 'Test Cases/Mobile/Page/Run App/Run App byID' successfully

2022-03-09 13:07:47 - [TEST_STEP][PASSED] - callTestCase(findTestCase("Mobile/Page/Portfolio/Portfolio"), ["tab":"stock", "action":"none"], CONTINUE_ON_FAILURE): Call Test Case 'Test Cases/Mobile/Page/Portfolio/Portfolio' successfully

2022-03-09 13:07:47 - [TEST_CASE][PASSED] - Test Cases/Mobile/Page/Portfolio/Portfolio: Test Cases/Mobile/Page/Portfolio/Portfolio

2022-03-09 13:07:47 - [TEST_STEP][PASSED] - callTestCase(findTestCase("Mobile/Page/CheckLogin"), [:], CONTINUE_ON_FAILURE): Call Test Case 'Test Cases/Mobile/Page/CheckLogin' successfully

2022-03-09 13:07:47 - [TEST_CASE][PASSED] - Test Cases/Mobile/Page/CheckLogin: Test Cases/Mobile/Page/CheckLogin

2022-03-09 13:07:47 - [TEST_STEP][PASSED] - loginCheck = verifyElementExist(LOGN_BtnLogin, 5, CONTINUE_ON_FAILURE): Element 'Object Repository/Mobile/Page/Login/Button - Login' is exist

2022-03-09 13:07:49 - [MESSAGE][PASSED] - Element 'Object Repository/Mobile/Page/Login/Button - Login' is exist

2022-03-09 13:07:49 - [TEST_STEP][PASSED] - if (loginCheck): Call Test Case 'Test Cases/Mobile/Page/Login/Login' successfully

2022-03-09 13:07:49 - [TEST_STEP][PASSED] - callTestCase(findTestCase("Mobile/Page/Login/Login"), ["action":"username"], CONTINUE_ON_FAILURE): Call Test Case 'Test Cases/Mobile/Page/Login/Login' successfully

2022-03-09 13:07:49 - [TEST_CASE][PASSED] - Test Cases/Mobile/Page/Login/Login: Test Cases/Mobile/Page/Login/Login

2022-03-09 13:07:49 - [TEST_STEP][PASSED] - delay(2): Delayed 2 second(s)

2022-03-09 13:07:51 - [MESSAGE][PASSED] - Delayed 2 second(s)

2022-03-09 13:07:51 - [TEST_STEP][PASSED] - for ([i = 0, i < 1, (i++)]): null

2022-03-09 13:07:51 - [TEST_STEP][PASSED] - if (action == "username"): null

2022-03-09 13:07:51 - [TEST_STEP][PASSED] - tap(LOGN_EdtUserID, 0): Tapped on element 'Object Repository/Mobile/Page/Login/Input - UserID'

2022-03-09 13:07:51 - [MESSAGE][WARNING] - Timeout '0' is invalid. Using default page load timeout: '60'

2022-03-09 13:07:51 - [MESSAGE][PASSED] - Tapped on element 'Object Repository/Mobile/Page/Login/Input - UserID'

2022-03-09 13:07:51 - [TEST_STEP][PASSED] - delay(1): Delayed 1 second(s)

2022-03-09 13:07:52 - [MESSAGE][PASSED] - Delayed 1 second(s)

2022-03-09 13:07:52 - [TEST_STEP][PASSED] - setText(LOGN_EdtRdyUserID, "anggaaditya", 0): Text 'anggaaditya' has been set to element 'Object Repository/Mobile/Page/Login/Input Rdy - UserID'

2022-03-09 13:07:52 - [MESSAGE][WARNING] - Timeout '0' is invalid. Using default page load timeout: '60'

2022-03-09 13:07:53 - [MESSAGE][PASSED] - Text 'anggaaditya' has been set to element 'Object Repository/Mobile/Page/Login/Input Rdy - UserID'

2022-03-09 13:07:53 - [TEST_STEP][PASSED] - delay(1): Delayed 1 second(s)

2022-03-09 13:07:54 - [MESSAGE][PASSED] - Delayed 1 second(s)

2022-03-09 13:07:54 - [TEST_STEP][PASSED] - hideKeyboard(): Keyboard is hidden

2022-03-09 13:07:57 - [MESSAGE][PASSED] - Keyboard is hidden

2022-03-09 13:07:57 - [TEST_STEP][PASSED] - tap(LOGN_EdtPassword, 0): Tapped on element 'Object Repository/Mobile/Page/Login/Input - Password'

2022-03-09 13:07:57 - [MESSAGE][WARNING] - Timeout '0' is invalid. Using default page load timeout: '60'

2022-03-09 13:07:58 - [MESSAGE][PASSED] - Tapped on element 'Object Repository/Mobile/Page/Login/Input - Password'

2022-03-09 13:07:58 - [TEST_STEP][PASSED] - delay(1): Delayed 1 second(s)

2022-03-09 13:07:59 - [MESSAGE][PASSED] - Delayed 1 second(s)

2022-03-09 13:07:59 - [TEST_STEP][PASSED] - setText(LOGN_EdtRdyPassword, "Shalawa18", 0): Text 'Shalawa18' has been set to element 'Object Repository/Mobile/Page/Login/Input Rdy - Password'

2022-03-09 13:07:59 - [MESSAGE][WARNING] - Timeout '0' is invalid. Using default page load timeout: '60'

2022-03-09 13:07:59 - [MESSAGE][PASSED] - Text 'Shalawa18' has been set to element 'Object Repository/Mobile/Page/Login/Input Rdy - Password'

2022-03-09 13:07:59 - [TEST_STEP][PASSED] - delay(1): Delayed 1 second(s)

2022-03-09 13:08:01 - [MESSAGE][PASSED] - Delayed 1 second(s)

2022-03-09 13:08:01 - [TEST_STEP][PASSED] - hideKeyboard(): Keyboard is hidden

2022-03-09 13:08:07 - [MESSAGE][PASSED] - Keyboard is hidden

2022-03-09 13:08:07 - [TEST_STEP][PASSED] - tap(LOGN_BtnLogin, 0): Tapped on element 'Object Repository/Mobile/Page/Login/Button - Login'

2022-03-09 13:08:07 - [MESSAGE][WARNING] - Timeout '0' is invalid. Using default page load timeout: '60'

2022-03-09 13:08:08 - [MESSAGE][PASSED] - Tapped on element 'Object Repository/Mobile/Page/Login/Button - Login'

2022-03-09 13:08:08 - [TEST_STEP][PASSED] - delay(2): Delayed 2 second(s)

2022-03-09 13:08:10 - [MESSAGE][PASSED] - Delayed 2 second(s)

2022-03-09 13:08:10 - [TEST_STEP][PASSED] - break: null

2022-03-09 13:08:10 - [MESSAGE][PASSED] - Call Test Case 'Test Cases/Mobile/Page/Login/Login' successfully

2022-03-09 13:08:10 - [MESSAGE][PASSED] - Call Test Case 'Test Cases/Mobile/Page/CheckLogin' successfully

2022-03-09 13:08:10 - [TEST_STEP][PASSED] - tap(HOME_MenubarPortfolio, 0): Tapped on element 'Object Repository/Mobile/Page/Home/Menubar - Portfolio'

2022-03-09 13:08:10 - [MESSAGE][WARNING] - Timeout '0' is invalid. Using default page load timeout: '60'

2022-03-09 13:08:11 - [MESSAGE][PASSED] - Tapped on element 'Object Repository/Mobile/Page/Home/Menubar - Portfolio'

2022-03-09 13:08:11 - [TEST_STEP][PASSED] - delay(5): Delayed 5 second(s)

2022-03-09 13:08:16 - [MESSAGE][PASSED] - Delayed 5 second(s)

2022-03-09 13:08:16 - [TEST_STEP][PASSED] - for ([i = 0, i < 1, (i++)]): Delayed 3 second(s)

2022-03-09 13:08:16 - [TEST_STEP][PASSED] - if (tab == "summary"): null

2022-03-09 13:08:16 - [TEST_STEP][PASSED] - else if (tab == "stock"): Delayed 3 second(s)

2022-03-09 13:08:16 - [TEST_STEP][PASSED] - tap(PORT_TabStock, 0): Tapped on element 'Object Repository/Mobile/Page/Portfolio/Tab - Stock'

2022-03-09 13:08:16 - [MESSAGE][WARNING] - Timeout '0' is invalid. Using default page load timeout: '60'

2022-03-09 13:08:17 - [MESSAGE][PASSED] - Tapped on element 'Object Repository/Mobile/Page/Portfolio/Tab - Stock'

2022-03-09 13:08:17 - [TEST_STEP][PASSED] - scroll.scroll.scrollScreenBottomToTop(): scroll.scroll.scrollScreenBottomToTop is PASSED

2022-03-09 13:08:17 - [MESSAGE][PASSED] - Current device physical height is 1423

2022-03-09 13:08:17 - [MESSAGE][PASSED] - Current device physical width is 720

2022-03-09 13:08:19 - [MESSAGE][PASSED] - Swiped from 360,1,138 to 360,284

2022-03-09 13:08:19 - [MESSAGE][PASSED] - scroll.scroll.scrollScreenBottomToTop is PASSED

2022-03-09 13:08:19 - [TEST_STEP][PASSED] - delay(3): Delayed 3 second(s)

2022-03-09 13:08:22 - [MESSAGE][PASSED] - Delayed 3 second(s)

2022-03-09 13:08:22 - [MESSAGE][PASSED] - Call Test Case 'Test Cases/Mobile/Page/Portfolio/Portfolio' successfully

2022-03-09 13:08:22 - [TEST_STEP][PASSED] - callTestCase(findTestCase("Mobile/Page/Run App/Terminate App"), [:], STOP_ON_FAILURE): Call Test Case 'Test Cases/Mobile/Page/Run App/Terminate App' successfully

2022-03-09 13:08:22 - [TEST_CASE][PASSED] - Test Cases/Mobile/Page/Run App/Terminate App: Test Cases/Mobile/Page/Run App/Terminate App

2022-03-09 13:08:22 - [TEST_STEP][PASSED] - startApp.OpenApp.terminateApplication(): startApp.OpenApp.terminateApplication is PASSED

2022-03-09 13:08:25 - [MESSAGE][PASSED] - Delayed 3 second(s)

2022-03-09 13:08:25 - [MESSAGE][PASSED] - Current device physical width is 720

2022-03-09 13:08:25 - [MESSAGE][PASSED] - Current device physical height is 1423

2022-03-09 13:08:26 - [MESSAGE][PASSED] - Swiped from 360,853 to 360,142

2022-03-09 13:08:27 - [MESSAGE][PASSED] - Delayed 1 second(s)

2022-03-09 13:08:29 - [MESSAGE][PASSED] - Swiped from 360,853 to 360,142

2022-03-09 13:08:32 - [MESSAGE][PASSED] - Delayed 3 second(s)

2022-03-09 13:08:32 - [MESSAGE][PASSED] - startApp.OpenApp.terminateApplication is PASSED

2022-03-09 13:08:32 - [MESSAGE][PASSED] - Call Test Case 'Test Cases/Mobile/Page/Run App/Terminate App' successfully]]></system-out>
         <system-err><![CDATA[]]></system-err>
      </testcase>
      <testcase name="Test Cases/Mobile/Scenario/Portfolio/013 - Melihat detail mutual fund 1 month" time="67.164" classname="Test Cases/Mobile/Scenario/Portfolio/013 - Melihat detail mutual fund 1 month" status="PASSED">
         <system-out><![CDATA[2022-03-09 13:08:32 - [TEST_CASE][PASSED] - Test Cases/Mobile/Scenario/Portfolio/013 - Melihat detail mutual fund 1 month: Test Cases/Mobile/Scenario/Portfolio/013 - Melihat detail mutual fund 1 month

2022-03-09 13:08:32 - [TEST_STEP][PASSED] - callTestCase(findTestCase("Mobile/Page/Run App/Run App byID"), [:], STOP_ON_FAILURE): Call Test Case 'Test Cases/Mobile/Page/Run App/Run App byID' successfully

2022-03-09 13:08:32 - [TEST_CASE][PASSED] - Test Cases/Mobile/Page/Run App/Run App byID: Test Cases/Mobile/Page/Run App/Run App byID

2022-03-09 13:08:32 - [TEST_STEP][PASSED] - startApp.OpenApp.startApplication("id.co.miraeasset.sageclub"): startApp.OpenApp.startApplication is PASSED

2022-03-09 13:08:44 - [MESSAGE][PASSED] - Starting app with application ID: 'id.co.miraeasset.sageclub'

2022-03-09 13:08:44 - [MESSAGE][PASSED] - startApp.OpenApp.startApplication is PASSED

2022-03-09 13:08:44 - [MESSAGE][PASSED] - Call Test Case 'Test Cases/Mobile/Page/Run App/Run App byID' successfully

2022-03-09 13:08:44 - [TEST_STEP][PASSED] - callTestCase(findTestCase("Mobile/Page/Portfolio/Portfolio"), ["tab":"mutualfund", "action2":"1 month"], CONTINUE_ON_FAILURE): Call Test Case 'Test Cases/Mobile/Page/Portfolio/Portfolio' successfully

2022-03-09 13:08:44 - [TEST_CASE][PASSED] - Test Cases/Mobile/Page/Portfolio/Portfolio: Test Cases/Mobile/Page/Portfolio/Portfolio

2022-03-09 13:08:44 - [TEST_STEP][PASSED] - callTestCase(findTestCase("Mobile/Page/CheckLogin"), [:], CONTINUE_ON_FAILURE): Call Test Case 'Test Cases/Mobile/Page/CheckLogin' successfully

2022-03-09 13:08:44 - [TEST_CASE][PASSED] - Test Cases/Mobile/Page/CheckLogin: Test Cases/Mobile/Page/CheckLogin

2022-03-09 13:08:44 - [TEST_STEP][PASSED] - loginCheck = verifyElementExist(LOGN_BtnLogin, 5, CONTINUE_ON_FAILURE): Element 'Object Repository/Mobile/Page/Login/Button - Login' is exist

2022-03-09 13:08:46 - [MESSAGE][PASSED] - Element 'Object Repository/Mobile/Page/Login/Button - Login' is exist

2022-03-09 13:08:46 - [TEST_STEP][PASSED] - if (loginCheck): Call Test Case 'Test Cases/Mobile/Page/Login/Login' successfully

2022-03-09 13:08:46 - [TEST_STEP][PASSED] - callTestCase(findTestCase("Mobile/Page/Login/Login"), ["action":"username"], CONTINUE_ON_FAILURE): Call Test Case 'Test Cases/Mobile/Page/Login/Login' successfully

2022-03-09 13:08:47 - [TEST_CASE][PASSED] - Test Cases/Mobile/Page/Login/Login: Test Cases/Mobile/Page/Login/Login

2022-03-09 13:08:47 - [TEST_STEP][PASSED] - delay(2): Delayed 2 second(s)

2022-03-09 13:08:49 - [MESSAGE][PASSED] - Delayed 2 second(s)

2022-03-09 13:08:49 - [TEST_STEP][PASSED] - for ([i = 0, i < 1, (i++)]): null

2022-03-09 13:08:49 - [TEST_STEP][PASSED] - if (action == "username"): null

2022-03-09 13:08:49 - [TEST_STEP][PASSED] - tap(LOGN_EdtUserID, 0): Tapped on element 'Object Repository/Mobile/Page/Login/Input - UserID'

2022-03-09 13:08:49 - [MESSAGE][WARNING] - Timeout '0' is invalid. Using default page load timeout: '60'

2022-03-09 13:08:49 - [MESSAGE][PASSED] - Tapped on element 'Object Repository/Mobile/Page/Login/Input - UserID'

2022-03-09 13:08:49 - [TEST_STEP][PASSED] - delay(1): Delayed 1 second(s)

2022-03-09 13:08:50 - [MESSAGE][PASSED] - Delayed 1 second(s)

2022-03-09 13:08:50 - [TEST_STEP][PASSED] - setText(LOGN_EdtRdyUserID, "anggaaditya", 0): Text 'anggaaditya' has been set to element 'Object Repository/Mobile/Page/Login/Input Rdy - UserID'

2022-03-09 13:08:50 - [MESSAGE][WARNING] - Timeout '0' is invalid. Using default page load timeout: '60'

2022-03-09 13:08:51 - [MESSAGE][PASSED] - Text 'anggaaditya' has been set to element 'Object Repository/Mobile/Page/Login/Input Rdy - UserID'

2022-03-09 13:08:51 - [TEST_STEP][PASSED] - delay(1): Delayed 1 second(s)

2022-03-09 13:08:52 - [MESSAGE][PASSED] - Delayed 1 second(s)

2022-03-09 13:08:52 - [TEST_STEP][PASSED] - hideKeyboard(): Keyboard is hidden

2022-03-09 13:08:55 - [MESSAGE][PASSED] - Keyboard is hidden

2022-03-09 13:08:55 - [TEST_STEP][PASSED] - tap(LOGN_EdtPassword, 0): Tapped on element 'Object Repository/Mobile/Page/Login/Input - Password'

2022-03-09 13:08:55 - [MESSAGE][WARNING] - Timeout '0' is invalid. Using default page load timeout: '60'

2022-03-09 13:08:55 - [MESSAGE][PASSED] - Tapped on element 'Object Repository/Mobile/Page/Login/Input - Password'

2022-03-09 13:08:55 - [TEST_STEP][PASSED] - delay(1): Delayed 1 second(s)

2022-03-09 13:08:56 - [MESSAGE][PASSED] - Delayed 1 second(s)

2022-03-09 13:08:56 - [TEST_STEP][PASSED] - setText(LOGN_EdtRdyPassword, "Shalawa18", 0): Text 'Shalawa18' has been set to element 'Object Repository/Mobile/Page/Login/Input Rdy - Password'

2022-03-09 13:08:56 - [MESSAGE][WARNING] - Timeout '0' is invalid. Using default page load timeout: '60'

2022-03-09 13:08:57 - [MESSAGE][PASSED] - Text 'Shalawa18' has been set to element 'Object Repository/Mobile/Page/Login/Input Rdy - Password'

2022-03-09 13:08:57 - [TEST_STEP][PASSED] - delay(1): Delayed 1 second(s)

2022-03-09 13:08:58 - [MESSAGE][PASSED] - Delayed 1 second(s)

2022-03-09 13:08:58 - [TEST_STEP][PASSED] - hideKeyboard(): Keyboard is hidden

2022-03-09 13:09:04 - [MESSAGE][PASSED] - Keyboard is hidden

2022-03-09 13:09:04 - [TEST_STEP][PASSED] - tap(LOGN_BtnLogin, 0): Tapped on element 'Object Repository/Mobile/Page/Login/Button - Login'

2022-03-09 13:09:04 - [MESSAGE][WARNING] - Timeout '0' is invalid. Using default page load timeout: '60'

2022-03-09 13:09:05 - [MESSAGE][PASSED] - Tapped on element 'Object Repository/Mobile/Page/Login/Button - Login'

2022-03-09 13:09:05 - [TEST_STEP][PASSED] - delay(2): Delayed 2 second(s)

2022-03-09 13:09:07 - [MESSAGE][PASSED] - Delayed 2 second(s)

2022-03-09 13:09:07 - [TEST_STEP][PASSED] - break: null

2022-03-09 13:09:07 - [MESSAGE][PASSED] - Call Test Case 'Test Cases/Mobile/Page/Login/Login' successfully

2022-03-09 13:09:07 - [MESSAGE][PASSED] - Call Test Case 'Test Cases/Mobile/Page/CheckLogin' successfully

2022-03-09 13:09:07 - [TEST_STEP][PASSED] - tap(HOME_MenubarPortfolio, 0): Tapped on element 'Object Repository/Mobile/Page/Home/Menubar - Portfolio'

2022-03-09 13:09:07 - [MESSAGE][WARNING] - Timeout '0' is invalid. Using default page load timeout: '60'

2022-03-09 13:09:09 - [MESSAGE][PASSED] - Tapped on element 'Object Repository/Mobile/Page/Home/Menubar - Portfolio'

2022-03-09 13:09:09 - [TEST_STEP][PASSED] - delay(5): Delayed 5 second(s)

2022-03-09 13:09:14 - [MESSAGE][PASSED] - Delayed 5 second(s)

2022-03-09 13:09:14 - [TEST_STEP][PASSED] - for ([i = 0, i < 1, (i++)]): scroll.scroll.scrollScreenBottomToTop is PASSED

2022-03-09 13:09:14 - [TEST_STEP][PASSED] - if (tab == "summary"): null

2022-03-09 13:09:14 - [TEST_STEP][PASSED] - else if (tab == "stock"): null

2022-03-09 13:09:14 - [TEST_STEP][PASSED] - else if (tab == "mutualfund"): scroll.scroll.scrollScreenBottomToTop is PASSED

2022-03-09 13:09:14 - [TEST_STEP][PASSED] - tap(PORT_TabMutualFund, 0): Tapped on element 'Object Repository/Mobile/Page/Portfolio/Tab - Mutual Fund'

2022-03-09 13:09:14 - [MESSAGE][WARNING] - Timeout '0' is invalid. Using default page load timeout: '60'

2022-03-09 13:09:15 - [MESSAGE][PASSED] - Tapped on element 'Object Repository/Mobile/Page/Portfolio/Tab - Mutual Fund'

2022-03-09 13:09:15 - [TEST_STEP][PASSED] - delay(1): Delayed 1 second(s)

2022-03-09 13:09:16 - [MESSAGE][PASSED] - Delayed 1 second(s)

2022-03-09 13:09:16 - [TEST_STEP][PASSED] - try: scroll.scroll.scrollScreenBottomToTop is PASSED

2022-03-09 13:09:16 - [TEST_STEP][PASSED] - tapAndHold(PORT_ItemTopMutualFund, 1, 10): Tapped and held on element 'Object Repository/Mobile/Page/Portfolio/Item - Top Mutual Fund' with duration 1

2022-03-09 13:09:19 - [MESSAGE][PASSED] - Tapped and held on element 'Object Repository/Mobile/Page/Portfolio/Item - Top Mutual Fund' with duration 1

2022-03-09 13:09:19 - [TEST_STEP][PASSED] - delay(2): Delayed 2 second(s)

2022-03-09 13:09:21 - [MESSAGE][PASSED] - Delayed 2 second(s)

2022-03-09 13:09:21 - [TEST_STEP][PASSED] - switch (action2): null

2022-03-09 13:09:21 - [TEST_STEP][PASSED] - case "1 month":: null

2022-03-09 13:09:21 - [TEST_STEP][PASSED] - tapAndHold(PORT_DETL_Btn1Month, 1, 0): Tapped and held on element 'Object Repository/Mobile/Page/Portfolio/Detail Mutual Funds/Button - 1 Month' with duration 1

2022-03-09 13:09:21 - [MESSAGE][WARNING] - Timeout '0' is invalid. Using default page load timeout: '60'

2022-03-09 13:09:24 - [MESSAGE][PASSED] - Tapped and held on element 'Object Repository/Mobile/Page/Portfolio/Detail Mutual Funds/Button - 1 Month' with duration 1

2022-03-09 13:09:24 - [TEST_STEP][PASSED] - break: null

2022-03-09 13:09:24 - [TEST_STEP][PASSED] - delay(3): Delayed 3 second(s)

2022-03-09 13:09:27 - [MESSAGE][PASSED] - Delayed 3 second(s)

2022-03-09 13:09:27 - [TEST_STEP][PASSED] - scroll.scroll.scrollScreenBottomToTop(): scroll.scroll.scrollScreenBottomToTop is PASSED

2022-03-09 13:09:27 - [MESSAGE][PASSED] - Current device physical height is 1423

2022-03-09 13:09:27 - [MESSAGE][PASSED] - Current device physical width is 720

2022-03-09 13:09:29 - [MESSAGE][PASSED] - Swiped from 360,1,138 to 360,284

2022-03-09 13:09:29 - [MESSAGE][PASSED] - scroll.scroll.scrollScreenBottomToTop is PASSED

2022-03-09 13:09:29 - [MESSAGE][PASSED] - Call Test Case 'Test Cases/Mobile/Page/Portfolio/Portfolio' successfully

2022-03-09 13:09:29 - [TEST_STEP][PASSED] - callTestCase(findTestCase("Mobile/Page/Run App/Terminate App"), [:], STOP_ON_FAILURE): Call Test Case 'Test Cases/Mobile/Page/Run App/Terminate App' successfully

2022-03-09 13:09:29 - [TEST_CASE][PASSED] - Test Cases/Mobile/Page/Run App/Terminate App: Test Cases/Mobile/Page/Run App/Terminate App

2022-03-09 13:09:29 - [TEST_STEP][PASSED] - startApp.OpenApp.terminateApplication(): startApp.OpenApp.terminateApplication is PASSED

2022-03-09 13:09:32 - [MESSAGE][PASSED] - Delayed 3 second(s)

2022-03-09 13:09:32 - [MESSAGE][PASSED] - Current device physical width is 720

2022-03-09 13:09:32 - [MESSAGE][PASSED] - Current device physical height is 1423

2022-03-09 13:09:34 - [MESSAGE][PASSED] - Swiped from 360,853 to 360,142

2022-03-09 13:09:35 - [MESSAGE][PASSED] - Delayed 1 second(s)

2022-03-09 13:09:36 - [MESSAGE][PASSED] - Swiped from 360,853 to 360,142

2022-03-09 13:09:39 - [MESSAGE][PASSED] - Delayed 3 second(s)

2022-03-09 13:09:39 - [MESSAGE][PASSED] - startApp.OpenApp.terminateApplication is PASSED

2022-03-09 13:09:39 - [MESSAGE][PASSED] - Call Test Case 'Test Cases/Mobile/Page/Run App/Terminate App' successfully]]></system-out>
         <system-err><![CDATA[]]></system-err>
      </testcase>
      <testcase name="Test Cases/Mobile/Scenario/Portfolio/014 - Melihat detail mutual fund 3 month" time="66.991" classname="Test Cases/Mobile/Scenario/Portfolio/014 - Melihat detail mutual fund 3 month" status="PASSED">
         <system-out><![CDATA[2022-03-09 13:09:39 - [TEST_CASE][PASSED] - Test Cases/Mobile/Scenario/Portfolio/014 - Melihat detail mutual fund 3 month: Test Cases/Mobile/Scenario/Portfolio/014 - Melihat detail mutual fund 3 month

2022-03-09 13:09:39 - [TEST_STEP][PASSED] - callTestCase(findTestCase("Mobile/Page/Run App/Run App byID"), [:], STOP_ON_FAILURE): Call Test Case 'Test Cases/Mobile/Page/Run App/Run App byID' successfully

2022-03-09 13:09:39 - [TEST_CASE][PASSED] - Test Cases/Mobile/Page/Run App/Run App byID: Test Cases/Mobile/Page/Run App/Run App byID

2022-03-09 13:09:39 - [TEST_STEP][PASSED] - startApp.OpenApp.startApplication("id.co.miraeasset.sageclub"): startApp.OpenApp.startApplication is PASSED

2022-03-09 13:09:52 - [MESSAGE][PASSED] - Starting app with application ID: 'id.co.miraeasset.sageclub'

2022-03-09 13:09:52 - [MESSAGE][PASSED] - startApp.OpenApp.startApplication is PASSED

2022-03-09 13:09:52 - [MESSAGE][PASSED] - Call Test Case 'Test Cases/Mobile/Page/Run App/Run App byID' successfully

2022-03-09 13:09:52 - [TEST_STEP][PASSED] - callTestCase(findTestCase("Mobile/Page/Portfolio/Portfolio"), ["tab":"mutualfund", "action2":"3 month"], CONTINUE_ON_FAILURE): Call Test Case 'Test Cases/Mobile/Page/Portfolio/Portfolio' successfully

2022-03-09 13:09:52 - [TEST_CASE][PASSED] - Test Cases/Mobile/Page/Portfolio/Portfolio: Test Cases/Mobile/Page/Portfolio/Portfolio

2022-03-09 13:09:52 - [TEST_STEP][PASSED] - callTestCase(findTestCase("Mobile/Page/CheckLogin"), [:], CONTINUE_ON_FAILURE): Call Test Case 'Test Cases/Mobile/Page/CheckLogin' successfully

2022-03-09 13:09:52 - [TEST_CASE][PASSED] - Test Cases/Mobile/Page/CheckLogin: Test Cases/Mobile/Page/CheckLogin

2022-03-09 13:09:52 - [TEST_STEP][PASSED] - loginCheck = verifyElementExist(LOGN_BtnLogin, 5, CONTINUE_ON_FAILURE): Element 'Object Repository/Mobile/Page/Login/Button - Login' is exist

2022-03-09 13:09:54 - [MESSAGE][PASSED] - Element 'Object Repository/Mobile/Page/Login/Button - Login' is exist

2022-03-09 13:09:54 - [TEST_STEP][PASSED] - if (loginCheck): Call Test Case 'Test Cases/Mobile/Page/Login/Login' successfully

2022-03-09 13:09:54 - [TEST_STEP][PASSED] - callTestCase(findTestCase("Mobile/Page/Login/Login"), ["action":"username"], CONTINUE_ON_FAILURE): Call Test Case 'Test Cases/Mobile/Page/Login/Login' successfully

2022-03-09 13:09:54 - [TEST_CASE][PASSED] - Test Cases/Mobile/Page/Login/Login: Test Cases/Mobile/Page/Login/Login

2022-03-09 13:09:54 - [TEST_STEP][PASSED] - delay(2): Delayed 2 second(s)

2022-03-09 13:09:56 - [MESSAGE][PASSED] - Delayed 2 second(s)

2022-03-09 13:09:56 - [TEST_STEP][PASSED] - for ([i = 0, i < 1, (i++)]): null

2022-03-09 13:09:56 - [TEST_STEP][PASSED] - if (action == "username"): null

2022-03-09 13:09:56 - [TEST_STEP][PASSED] - tap(LOGN_EdtUserID, 0): Tapped on element 'Object Repository/Mobile/Page/Login/Input - UserID'

2022-03-09 13:09:56 - [MESSAGE][WARNING] - Timeout '0' is invalid. Using default page load timeout: '60'

2022-03-09 13:09:56 - [MESSAGE][PASSED] - Tapped on element 'Object Repository/Mobile/Page/Login/Input - UserID'

2022-03-09 13:09:56 - [TEST_STEP][PASSED] - delay(1): Delayed 1 second(s)

2022-03-09 13:09:57 - [MESSAGE][PASSED] - Delayed 1 second(s)

2022-03-09 13:09:57 - [TEST_STEP][PASSED] - setText(LOGN_EdtRdyUserID, "anggaaditya", 0): Text 'anggaaditya' has been set to element 'Object Repository/Mobile/Page/Login/Input Rdy - UserID'

2022-03-09 13:09:57 - [MESSAGE][WARNING] - Timeout '0' is invalid. Using default page load timeout: '60'

2022-03-09 13:09:58 - [MESSAGE][PASSED] - Text 'anggaaditya' has been set to element 'Object Repository/Mobile/Page/Login/Input Rdy - UserID'

2022-03-09 13:09:58 - [TEST_STEP][PASSED] - delay(1): Delayed 1 second(s)

2022-03-09 13:09:59 - [MESSAGE][PASSED] - Delayed 1 second(s)

2022-03-09 13:09:59 - [TEST_STEP][PASSED] - hideKeyboard(): Keyboard is hidden

2022-03-09 13:10:02 - [MESSAGE][PASSED] - Keyboard is hidden

2022-03-09 13:10:02 - [TEST_STEP][PASSED] - tap(LOGN_EdtPassword, 0): Tapped on element 'Object Repository/Mobile/Page/Login/Input - Password'

2022-03-09 13:10:02 - [MESSAGE][WARNING] - Timeout '0' is invalid. Using default page load timeout: '60'

2022-03-09 13:10:03 - [MESSAGE][PASSED] - Tapped on element 'Object Repository/Mobile/Page/Login/Input - Password'

2022-03-09 13:10:03 - [TEST_STEP][PASSED] - delay(1): Delayed 1 second(s)

2022-03-09 13:10:04 - [MESSAGE][PASSED] - Delayed 1 second(s)

2022-03-09 13:10:04 - [TEST_STEP][PASSED] - setText(LOGN_EdtRdyPassword, "Shalawa18", 0): Text 'Shalawa18' has been set to element 'Object Repository/Mobile/Page/Login/Input Rdy - Password'

2022-03-09 13:10:04 - [MESSAGE][WARNING] - Timeout '0' is invalid. Using default page load timeout: '60'

2022-03-09 13:10:04 - [MESSAGE][PASSED] - Text 'Shalawa18' has been set to element 'Object Repository/Mobile/Page/Login/Input Rdy - Password'

2022-03-09 13:10:04 - [TEST_STEP][PASSED] - delay(1): Delayed 1 second(s)

2022-03-09 13:10:05 - [MESSAGE][PASSED] - Delayed 1 second(s)

2022-03-09 13:10:05 - [TEST_STEP][PASSED] - hideKeyboard(): Keyboard is hidden

2022-03-09 13:10:11 - [MESSAGE][PASSED] - Keyboard is hidden

2022-03-09 13:10:11 - [TEST_STEP][PASSED] - tap(LOGN_BtnLogin, 0): Tapped on element 'Object Repository/Mobile/Page/Login/Button - Login'

2022-03-09 13:10:11 - [MESSAGE][WARNING] - Timeout '0' is invalid. Using default page load timeout: '60'

2022-03-09 13:10:12 - [MESSAGE][PASSED] - Tapped on element 'Object Repository/Mobile/Page/Login/Button - Login'

2022-03-09 13:10:12 - [TEST_STEP][PASSED] - delay(2): Delayed 2 second(s)

2022-03-09 13:10:14 - [MESSAGE][PASSED] - Delayed 2 second(s)

2022-03-09 13:10:14 - [TEST_STEP][PASSED] - break: null

2022-03-09 13:10:14 - [MESSAGE][PASSED] - Call Test Case 'Test Cases/Mobile/Page/Login/Login' successfully

2022-03-09 13:10:14 - [MESSAGE][PASSED] - Call Test Case 'Test Cases/Mobile/Page/CheckLogin' successfully

2022-03-09 13:10:14 - [TEST_STEP][PASSED] - tap(HOME_MenubarPortfolio, 0): Tapped on element 'Object Repository/Mobile/Page/Home/Menubar - Portfolio'

2022-03-09 13:10:14 - [MESSAGE][WARNING] - Timeout '0' is invalid. Using default page load timeout: '60'

2022-03-09 13:10:16 - [MESSAGE][PASSED] - Tapped on element 'Object Repository/Mobile/Page/Home/Menubar - Portfolio'

2022-03-09 13:10:16 - [TEST_STEP][PASSED] - delay(5): Delayed 5 second(s)

2022-03-09 13:10:21 - [MESSAGE][PASSED] - Delayed 5 second(s)

2022-03-09 13:10:21 - [TEST_STEP][PASSED] - for ([i = 0, i < 1, (i++)]): scroll.scroll.scrollScreenBottomToTop is PASSED

2022-03-09 13:10:21 - [TEST_STEP][PASSED] - if (tab == "summary"): null

2022-03-09 13:10:21 - [TEST_STEP][PASSED] - else if (tab == "stock"): null

2022-03-09 13:10:21 - [TEST_STEP][PASSED] - else if (tab == "mutualfund"): scroll.scroll.scrollScreenBottomToTop is PASSED

2022-03-09 13:10:21 - [TEST_STEP][PASSED] - tap(PORT_TabMutualFund, 0): Tapped on element 'Object Repository/Mobile/Page/Portfolio/Tab - Mutual Fund'

2022-03-09 13:10:21 - [MESSAGE][WARNING] - Timeout '0' is invalid. Using default page load timeout: '60'

2022-03-09 13:10:22 - [MESSAGE][PASSED] - Tapped on element 'Object Repository/Mobile/Page/Portfolio/Tab - Mutual Fund'

2022-03-09 13:10:22 - [TEST_STEP][PASSED] - delay(1): Delayed 1 second(s)

2022-03-09 13:10:23 - [MESSAGE][PASSED] - Delayed 1 second(s)

2022-03-09 13:10:23 - [TEST_STEP][PASSED] - try: scroll.scroll.scrollScreenBottomToTop is PASSED

2022-03-09 13:10:23 - [TEST_STEP][PASSED] - tapAndHold(PORT_ItemTopMutualFund, 1, 10): Tapped and held on element 'Object Repository/Mobile/Page/Portfolio/Item - Top Mutual Fund' with duration 1

2022-03-09 13:10:26 - [MESSAGE][PASSED] - Tapped and held on element 'Object Repository/Mobile/Page/Portfolio/Item - Top Mutual Fund' with duration 1

2022-03-09 13:10:26 - [TEST_STEP][PASSED] - delay(2): Delayed 2 second(s)

2022-03-09 13:10:28 - [MESSAGE][PASSED] - Delayed 2 second(s)

2022-03-09 13:10:28 - [TEST_STEP][PASSED] - switch (action2): null

2022-03-09 13:10:28 - [TEST_STEP][PASSED] - case "3 month":: null

2022-03-09 13:10:28 - [TEST_STEP][PASSED] - tapAndHold(PORT_DETL_Btn3Month, 1, 0): Tapped and held on element 'Object Repository/Mobile/Page/Portfolio/Detail Mutual Funds/Button - 3 Month' with duration 1

2022-03-09 13:10:28 - [MESSAGE][WARNING] - Timeout '0' is invalid. Using default page load timeout: '60'

2022-03-09 13:10:31 - [MESSAGE][PASSED] - Tapped and held on element 'Object Repository/Mobile/Page/Portfolio/Detail Mutual Funds/Button - 3 Month' with duration 1

2022-03-09 13:10:31 - [TEST_STEP][PASSED] - break: null

2022-03-09 13:10:31 - [TEST_STEP][PASSED] - delay(3): Delayed 3 second(s)

2022-03-09 13:10:34 - [MESSAGE][PASSED] - Delayed 3 second(s)

2022-03-09 13:10:34 - [TEST_STEP][PASSED] - scroll.scroll.scrollScreenBottomToTop(): scroll.scroll.scrollScreenBottomToTop is PASSED

2022-03-09 13:10:34 - [MESSAGE][PASSED] - Current device physical height is 1423

2022-03-09 13:10:34 - [MESSAGE][PASSED] - Current device physical width is 720

2022-03-09 13:10:36 - [MESSAGE][PASSED] - Swiped from 360,1,138 to 360,284

2022-03-09 13:10:36 - [MESSAGE][PASSED] - scroll.scroll.scrollScreenBottomToTop is PASSED

2022-03-09 13:10:36 - [MESSAGE][PASSED] - Call Test Case 'Test Cases/Mobile/Page/Portfolio/Portfolio' successfully

2022-03-09 13:10:36 - [TEST_STEP][PASSED] - callTestCase(findTestCase("Mobile/Page/Run App/Terminate App"), [:], STOP_ON_FAILURE): Call Test Case 'Test Cases/Mobile/Page/Run App/Terminate App' successfully

2022-03-09 13:10:36 - [TEST_CASE][PASSED] - Test Cases/Mobile/Page/Run App/Terminate App: Test Cases/Mobile/Page/Run App/Terminate App

2022-03-09 13:10:36 - [TEST_STEP][PASSED] - startApp.OpenApp.terminateApplication(): startApp.OpenApp.terminateApplication is PASSED

2022-03-09 13:10:39 - [MESSAGE][PASSED] - Delayed 3 second(s)

2022-03-09 13:10:39 - [MESSAGE][PASSED] - Current device physical width is 720

2022-03-09 13:10:39 - [MESSAGE][PASSED] - Current device physical height is 1423

2022-03-09 13:10:41 - [MESSAGE][PASSED] - Swiped from 360,853 to 360,142

2022-03-09 13:10:42 - [MESSAGE][PASSED] - Delayed 1 second(s)

2022-03-09 13:10:43 - [MESSAGE][PASSED] - Swiped from 360,853 to 360,142

2022-03-09 13:10:46 - [MESSAGE][PASSED] - Delayed 3 second(s)

2022-03-09 13:10:46 - [MESSAGE][PASSED] - startApp.OpenApp.terminateApplication is PASSED

2022-03-09 13:10:46 - [MESSAGE][PASSED] - Call Test Case 'Test Cases/Mobile/Page/Run App/Terminate App' successfully]]></system-out>
         <system-err><![CDATA[]]></system-err>
      </testcase>
      <testcase name="Test Cases/Mobile/Scenario/Portfolio/015 - Melihat detail mutual fund 6 month" time="66.884" classname="Test Cases/Mobile/Scenario/Portfolio/015 - Melihat detail mutual fund 6 month" status="PASSED">
         <system-out><![CDATA[2022-03-09 13:10:46 - [TEST_CASE][PASSED] - Test Cases/Mobile/Scenario/Portfolio/015 - Melihat detail mutual fund 6 month: Test Cases/Mobile/Scenario/Portfolio/015 - Melihat detail mutual fund 6 month

2022-03-09 13:10:46 - [TEST_STEP][PASSED] - callTestCase(findTestCase("Mobile/Page/Run App/Run App byID"), [:], STOP_ON_FAILURE): Call Test Case 'Test Cases/Mobile/Page/Run App/Run App byID' successfully

2022-03-09 13:10:46 - [TEST_CASE][PASSED] - Test Cases/Mobile/Page/Run App/Run App byID: Test Cases/Mobile/Page/Run App/Run App byID

2022-03-09 13:10:46 - [TEST_STEP][PASSED] - startApp.OpenApp.startApplication("id.co.miraeasset.sageclub"): startApp.OpenApp.startApplication is PASSED

2022-03-09 13:10:58 - [MESSAGE][PASSED] - Starting app with application ID: 'id.co.miraeasset.sageclub'

2022-03-09 13:10:58 - [MESSAGE][PASSED] - startApp.OpenApp.startApplication is PASSED

2022-03-09 13:10:58 - [MESSAGE][PASSED] - Call Test Case 'Test Cases/Mobile/Page/Run App/Run App byID' successfully

2022-03-09 13:10:58 - [TEST_STEP][PASSED] - callTestCase(findTestCase("Mobile/Page/Portfolio/Portfolio"), ["tab":"mutualfund", "action2":"6 month"], CONTINUE_ON_FAILURE): Call Test Case 'Test Cases/Mobile/Page/Portfolio/Portfolio' successfully

2022-03-09 13:10:59 - [TEST_CASE][PASSED] - Test Cases/Mobile/Page/Portfolio/Portfolio: Test Cases/Mobile/Page/Portfolio/Portfolio

2022-03-09 13:10:59 - [TEST_STEP][PASSED] - callTestCase(findTestCase("Mobile/Page/CheckLogin"), [:], CONTINUE_ON_FAILURE): Call Test Case 'Test Cases/Mobile/Page/CheckLogin' successfully

2022-03-09 13:10:59 - [TEST_CASE][PASSED] - Test Cases/Mobile/Page/CheckLogin: Test Cases/Mobile/Page/CheckLogin

2022-03-09 13:10:59 - [TEST_STEP][PASSED] - loginCheck = verifyElementExist(LOGN_BtnLogin, 5, CONTINUE_ON_FAILURE): Element 'Object Repository/Mobile/Page/Login/Button - Login' is exist

2022-03-09 13:11:01 - [MESSAGE][PASSED] - Element 'Object Repository/Mobile/Page/Login/Button - Login' is exist

2022-03-09 13:11:01 - [TEST_STEP][PASSED] - if (loginCheck): Call Test Case 'Test Cases/Mobile/Page/Login/Login' successfully

2022-03-09 13:11:01 - [TEST_STEP][PASSED] - callTestCase(findTestCase("Mobile/Page/Login/Login"), ["action":"username"], CONTINUE_ON_FAILURE): Call Test Case 'Test Cases/Mobile/Page/Login/Login' successfully

2022-03-09 13:11:01 - [TEST_CASE][PASSED] - Test Cases/Mobile/Page/Login/Login: Test Cases/Mobile/Page/Login/Login

2022-03-09 13:11:01 - [TEST_STEP][PASSED] - delay(2): Delayed 2 second(s)

2022-03-09 13:11:03 - [MESSAGE][PASSED] - Delayed 2 second(s)

2022-03-09 13:11:03 - [TEST_STEP][PASSED] - for ([i = 0, i < 1, (i++)]): null

2022-03-09 13:11:03 - [TEST_STEP][PASSED] - if (action == "username"): null

2022-03-09 13:11:03 - [TEST_STEP][PASSED] - tap(LOGN_EdtUserID, 0): Tapped on element 'Object Repository/Mobile/Page/Login/Input - UserID'

2022-03-09 13:11:03 - [MESSAGE][WARNING] - Timeout '0' is invalid. Using default page load timeout: '60'

2022-03-09 13:11:03 - [MESSAGE][PASSED] - Tapped on element 'Object Repository/Mobile/Page/Login/Input - UserID'

2022-03-09 13:11:03 - [TEST_STEP][PASSED] - delay(1): Delayed 1 second(s)

2022-03-09 13:11:04 - [MESSAGE][PASSED] - Delayed 1 second(s)

2022-03-09 13:11:04 - [TEST_STEP][PASSED] - setText(LOGN_EdtRdyUserID, "anggaaditya", 0): Text 'anggaaditya' has been set to element 'Object Repository/Mobile/Page/Login/Input Rdy - UserID'

2022-03-09 13:11:04 - [MESSAGE][WARNING] - Timeout '0' is invalid. Using default page load timeout: '60'

2022-03-09 13:11:05 - [MESSAGE][PASSED] - Text 'anggaaditya' has been set to element 'Object Repository/Mobile/Page/Login/Input Rdy - UserID'

2022-03-09 13:11:05 - [TEST_STEP][PASSED] - delay(1): Delayed 1 second(s)

2022-03-09 13:11:06 - [MESSAGE][PASSED] - Delayed 1 second(s)

2022-03-09 13:11:06 - [TEST_STEP][PASSED] - hideKeyboard(): Keyboard is hidden

2022-03-09 13:11:10 - [MESSAGE][PASSED] - Keyboard is hidden

2022-03-09 13:11:10 - [TEST_STEP][PASSED] - tap(LOGN_EdtPassword, 0): Tapped on element 'Object Repository/Mobile/Page/Login/Input - Password'

2022-03-09 13:11:10 - [MESSAGE][WARNING] - Timeout '0' is invalid. Using default page load timeout: '60'

2022-03-09 13:11:10 - [MESSAGE][PASSED] - Tapped on element 'Object Repository/Mobile/Page/Login/Input - Password'

2022-03-09 13:11:10 - [TEST_STEP][PASSED] - delay(1): Delayed 1 second(s)

2022-03-09 13:11:11 - [MESSAGE][PASSED] - Delayed 1 second(s)

2022-03-09 13:11:11 - [TEST_STEP][PASSED] - setText(LOGN_EdtRdyPassword, "Shalawa18", 0): Text 'Shalawa18' has been set to element 'Object Repository/Mobile/Page/Login/Input Rdy - Password'

2022-03-09 13:11:11 - [MESSAGE][WARNING] - Timeout '0' is invalid. Using default page load timeout: '60'

2022-03-09 13:11:12 - [MESSAGE][PASSED] - Text 'Shalawa18' has been set to element 'Object Repository/Mobile/Page/Login/Input Rdy - Password'

2022-03-09 13:11:12 - [TEST_STEP][PASSED] - delay(1): Delayed 1 second(s)

2022-03-09 13:11:13 - [MESSAGE][PASSED] - Delayed 1 second(s)

2022-03-09 13:11:13 - [TEST_STEP][PASSED] - hideKeyboard(): Keyboard is hidden

2022-03-09 13:11:19 - [MESSAGE][PASSED] - Keyboard is hidden

2022-03-09 13:11:19 - [TEST_STEP][PASSED] - tap(LOGN_BtnLogin, 0): Tapped on element 'Object Repository/Mobile/Page/Login/Button - Login'

2022-03-09 13:11:19 - [MESSAGE][WARNING] - Timeout '0' is invalid. Using default page load timeout: '60'

2022-03-09 13:11:20 - [MESSAGE][PASSED] - Tapped on element 'Object Repository/Mobile/Page/Login/Button - Login'

2022-03-09 13:11:20 - [TEST_STEP][PASSED] - delay(2): Delayed 2 second(s)

2022-03-09 13:11:22 - [MESSAGE][PASSED] - Delayed 2 second(s)

2022-03-09 13:11:22 - [TEST_STEP][PASSED] - break: null

2022-03-09 13:11:22 - [MESSAGE][PASSED] - Call Test Case 'Test Cases/Mobile/Page/Login/Login' successfully

2022-03-09 13:11:22 - [MESSAGE][PASSED] - Call Test Case 'Test Cases/Mobile/Page/CheckLogin' successfully

2022-03-09 13:11:22 - [TEST_STEP][PASSED] - tap(HOME_MenubarPortfolio, 0): Tapped on element 'Object Repository/Mobile/Page/Home/Menubar - Portfolio'

2022-03-09 13:11:22 - [MESSAGE][WARNING] - Timeout '0' is invalid. Using default page load timeout: '60'

2022-03-09 13:11:24 - [MESSAGE][PASSED] - Tapped on element 'Object Repository/Mobile/Page/Home/Menubar - Portfolio'

2022-03-09 13:11:24 - [TEST_STEP][PASSED] - delay(5): Delayed 5 second(s)

2022-03-09 13:11:29 - [MESSAGE][PASSED] - Delayed 5 second(s)

2022-03-09 13:11:29 - [TEST_STEP][PASSED] - for ([i = 0, i < 1, (i++)]): scroll.scroll.scrollScreenBottomToTop is PASSED

2022-03-09 13:11:29 - [TEST_STEP][PASSED] - if (tab == "summary"): null

2022-03-09 13:11:29 - [TEST_STEP][PASSED] - else if (tab == "stock"): null

2022-03-09 13:11:29 - [TEST_STEP][PASSED] - else if (tab == "mutualfund"): scroll.scroll.scrollScreenBottomToTop is PASSED

2022-03-09 13:11:29 - [TEST_STEP][PASSED] - tap(PORT_TabMutualFund, 0): Tapped on element 'Object Repository/Mobile/Page/Portfolio/Tab - Mutual Fund'

2022-03-09 13:11:29 - [MESSAGE][WARNING] - Timeout '0' is invalid. Using default page load timeout: '60'

2022-03-09 13:11:29 - [MESSAGE][PASSED] - Tapped on element 'Object Repository/Mobile/Page/Portfolio/Tab - Mutual Fund'

2022-03-09 13:11:29 - [TEST_STEP][PASSED] - delay(1): Delayed 1 second(s)

2022-03-09 13:11:30 - [MESSAGE][PASSED] - Delayed 1 second(s)

2022-03-09 13:11:30 - [TEST_STEP][PASSED] - try: scroll.scroll.scrollScreenBottomToTop is PASSED

2022-03-09 13:11:30 - [TEST_STEP][PASSED] - tapAndHold(PORT_ItemTopMutualFund, 1, 10): Tapped and held on element 'Object Repository/Mobile/Page/Portfolio/Item - Top Mutual Fund' with duration 1

2022-03-09 13:11:33 - [MESSAGE][PASSED] - Tapped and held on element 'Object Repository/Mobile/Page/Portfolio/Item - Top Mutual Fund' with duration 1

2022-03-09 13:11:33 - [TEST_STEP][PASSED] - delay(2): Delayed 2 second(s)

2022-03-09 13:11:35 - [MESSAGE][PASSED] - Delayed 2 second(s)

2022-03-09 13:11:35 - [TEST_STEP][PASSED] - switch (action2): null

2022-03-09 13:11:35 - [TEST_STEP][PASSED] - case "6 month":: null

2022-03-09 13:11:35 - [TEST_STEP][PASSED] - tapAndHold(PORT_DETL_Btn6Month, 1, 0): Tapped and held on element 'Object Repository/Mobile/Page/Portfolio/Detail Mutual Funds/Button - 6 Month' with duration 1

2022-03-09 13:11:35 - [MESSAGE][WARNING] - Timeout '0' is invalid. Using default page load timeout: '60'

2022-03-09 13:11:38 - [MESSAGE][PASSED] - Tapped and held on element 'Object Repository/Mobile/Page/Portfolio/Detail Mutual Funds/Button - 6 Month' with duration 1

2022-03-09 13:11:38 - [TEST_STEP][PASSED] - break: null

2022-03-09 13:11:38 - [TEST_STEP][PASSED] - delay(3): Delayed 3 second(s)

2022-03-09 13:11:41 - [MESSAGE][PASSED] - Delayed 3 second(s)

2022-03-09 13:11:41 - [TEST_STEP][PASSED] - scroll.scroll.scrollScreenBottomToTop(): scroll.scroll.scrollScreenBottomToTop is PASSED

2022-03-09 13:11:41 - [MESSAGE][PASSED] - Current device physical height is 1423

2022-03-09 13:11:41 - [MESSAGE][PASSED] - Current device physical width is 720

2022-03-09 13:11:43 - [MESSAGE][PASSED] - Swiped from 360,1,138 to 360,284

2022-03-09 13:11:43 - [MESSAGE][PASSED] - scroll.scroll.scrollScreenBottomToTop is PASSED

2022-03-09 13:11:43 - [MESSAGE][PASSED] - Call Test Case 'Test Cases/Mobile/Page/Portfolio/Portfolio' successfully

2022-03-09 13:11:43 - [TEST_STEP][PASSED] - callTestCase(findTestCase("Mobile/Page/Run App/Terminate App"), [:], STOP_ON_FAILURE): Call Test Case 'Test Cases/Mobile/Page/Run App/Terminate App' successfully

2022-03-09 13:11:43 - [TEST_CASE][PASSED] - Test Cases/Mobile/Page/Run App/Terminate App: Test Cases/Mobile/Page/Run App/Terminate App

2022-03-09 13:11:43 - [TEST_STEP][PASSED] - startApp.OpenApp.terminateApplication(): startApp.OpenApp.terminateApplication is PASSED

2022-03-09 13:11:46 - [MESSAGE][PASSED] - Delayed 3 second(s)

2022-03-09 13:11:46 - [MESSAGE][PASSED] - Current device physical width is 720

2022-03-09 13:11:46 - [MESSAGE][PASSED] - Current device physical height is 1423

2022-03-09 13:11:47 - [MESSAGE][PASSED] - Swiped from 360,853 to 360,142

2022-03-09 13:11:48 - [MESSAGE][PASSED] - Delayed 1 second(s)

2022-03-09 13:11:50 - [MESSAGE][PASSED] - Swiped from 360,853 to 360,142

2022-03-09 13:11:53 - [MESSAGE][PASSED] - Delayed 3 second(s)

2022-03-09 13:11:53 - [MESSAGE][PASSED] - startApp.OpenApp.terminateApplication is PASSED

2022-03-09 13:11:53 - [MESSAGE][PASSED] - Call Test Case 'Test Cases/Mobile/Page/Run App/Terminate App' successfully]]></system-out>
         <system-err><![CDATA[]]></system-err>
      </testcase>
      <testcase name="Test Cases/Mobile/Scenario/Portfolio/016 - Melihat detail mutual fund 1 year" time="67.265" classname="Test Cases/Mobile/Scenario/Portfolio/016 - Melihat detail mutual fund 1 year" status="PASSED">
         <system-out><![CDATA[2022-03-09 13:11:53 - [TEST_CASE][PASSED] - Test Cases/Mobile/Scenario/Portfolio/016 - Melihat detail mutual fund 1 year: Test Cases/Mobile/Scenario/Portfolio/016 - Melihat detail mutual fund 1 year

2022-03-09 13:11:53 - [TEST_STEP][PASSED] - callTestCase(findTestCase("Mobile/Page/Run App/Run App byID"), [:], STOP_ON_FAILURE): Call Test Case 'Test Cases/Mobile/Page/Run App/Run App byID' successfully

2022-03-09 13:11:53 - [TEST_CASE][PASSED] - Test Cases/Mobile/Page/Run App/Run App byID: Test Cases/Mobile/Page/Run App/Run App byID

2022-03-09 13:11:53 - [TEST_STEP][PASSED] - startApp.OpenApp.startApplication("id.co.miraeasset.sageclub"): startApp.OpenApp.startApplication is PASSED

2022-03-09 13:12:05 - [MESSAGE][PASSED] - Starting app with application ID: 'id.co.miraeasset.sageclub'

2022-03-09 13:12:05 - [MESSAGE][PASSED] - startApp.OpenApp.startApplication is PASSED

2022-03-09 13:12:05 - [MESSAGE][PASSED] - Call Test Case 'Test Cases/Mobile/Page/Run App/Run App byID' successfully

2022-03-09 13:12:05 - [TEST_STEP][PASSED] - callTestCase(findTestCase("Mobile/Page/Portfolio/Portfolio"), ["tab":"mutualfund", "action2":"1 year"], CONTINUE_ON_FAILURE): Call Test Case 'Test Cases/Mobile/Page/Portfolio/Portfolio' successfully

2022-03-09 13:12:06 - [TEST_CASE][PASSED] - Test Cases/Mobile/Page/Portfolio/Portfolio: Test Cases/Mobile/Page/Portfolio/Portfolio

2022-03-09 13:12:06 - [TEST_STEP][PASSED] - callTestCase(findTestCase("Mobile/Page/CheckLogin"), [:], CONTINUE_ON_FAILURE): Call Test Case 'Test Cases/Mobile/Page/CheckLogin' successfully

2022-03-09 13:12:06 - [TEST_CASE][PASSED] - Test Cases/Mobile/Page/CheckLogin: Test Cases/Mobile/Page/CheckLogin

2022-03-09 13:12:06 - [TEST_STEP][PASSED] - loginCheck = verifyElementExist(LOGN_BtnLogin, 5, CONTINUE_ON_FAILURE): Element 'Object Repository/Mobile/Page/Login/Button - Login' is exist

2022-03-09 13:12:08 - [MESSAGE][PASSED] - Element 'Object Repository/Mobile/Page/Login/Button - Login' is exist

2022-03-09 13:12:08 - [TEST_STEP][PASSED] - if (loginCheck): Call Test Case 'Test Cases/Mobile/Page/Login/Login' successfully

2022-03-09 13:12:08 - [TEST_STEP][PASSED] - callTestCase(findTestCase("Mobile/Page/Login/Login"), ["action":"username"], CONTINUE_ON_FAILURE): Call Test Case 'Test Cases/Mobile/Page/Login/Login' successfully

2022-03-09 13:12:08 - [TEST_CASE][PASSED] - Test Cases/Mobile/Page/Login/Login: Test Cases/Mobile/Page/Login/Login

2022-03-09 13:12:08 - [TEST_STEP][PASSED] - delay(2): Delayed 2 second(s)

2022-03-09 13:12:10 - [MESSAGE][PASSED] - Delayed 2 second(s)

2022-03-09 13:12:10 - [TEST_STEP][PASSED] - for ([i = 0, i < 1, (i++)]): null

2022-03-09 13:12:10 - [TEST_STEP][PASSED] - if (action == "username"): null

2022-03-09 13:12:10 - [TEST_STEP][PASSED] - tap(LOGN_EdtUserID, 0): Tapped on element 'Object Repository/Mobile/Page/Login/Input - UserID'

2022-03-09 13:12:10 - [MESSAGE][WARNING] - Timeout '0' is invalid. Using default page load timeout: '60'

2022-03-09 13:12:10 - [MESSAGE][PASSED] - Tapped on element 'Object Repository/Mobile/Page/Login/Input - UserID'

2022-03-09 13:12:10 - [TEST_STEP][PASSED] - delay(1): Delayed 1 second(s)

2022-03-09 13:12:11 - [MESSAGE][PASSED] - Delayed 1 second(s)

2022-03-09 13:12:11 - [TEST_STEP][PASSED] - setText(LOGN_EdtRdyUserID, "anggaaditya", 0): Text 'anggaaditya' has been set to element 'Object Repository/Mobile/Page/Login/Input Rdy - UserID'

2022-03-09 13:12:11 - [MESSAGE][WARNING] - Timeout '0' is invalid. Using default page load timeout: '60'

2022-03-09 13:12:12 - [MESSAGE][PASSED] - Text 'anggaaditya' has been set to element 'Object Repository/Mobile/Page/Login/Input Rdy - UserID'

2022-03-09 13:12:12 - [TEST_STEP][PASSED] - delay(1): Delayed 1 second(s)

2022-03-09 13:12:13 - [MESSAGE][PASSED] - Delayed 1 second(s)

2022-03-09 13:12:13 - [TEST_STEP][PASSED] - hideKeyboard(): Keyboard is hidden

2022-03-09 13:12:16 - [MESSAGE][PASSED] - Keyboard is hidden

2022-03-09 13:12:16 - [TEST_STEP][PASSED] - tap(LOGN_EdtPassword, 0): Tapped on element 'Object Repository/Mobile/Page/Login/Input - Password'

2022-03-09 13:12:16 - [MESSAGE][WARNING] - Timeout '0' is invalid. Using default page load timeout: '60'

2022-03-09 13:12:17 - [MESSAGE][PASSED] - Tapped on element 'Object Repository/Mobile/Page/Login/Input - Password'

2022-03-09 13:12:17 - [TEST_STEP][PASSED] - delay(1): Delayed 1 second(s)

2022-03-09 13:12:18 - [MESSAGE][PASSED] - Delayed 1 second(s)

2022-03-09 13:12:18 - [TEST_STEP][PASSED] - setText(LOGN_EdtRdyPassword, "Shalawa18", 0): Text 'Shalawa18' has been set to element 'Object Repository/Mobile/Page/Login/Input Rdy - Password'

2022-03-09 13:12:18 - [MESSAGE][WARNING] - Timeout '0' is invalid. Using default page load timeout: '60'

2022-03-09 13:12:18 - [MESSAGE][PASSED] - Text 'Shalawa18' has been set to element 'Object Repository/Mobile/Page/Login/Input Rdy - Password'

2022-03-09 13:12:18 - [TEST_STEP][PASSED] - delay(1): Delayed 1 second(s)

2022-03-09 13:12:19 - [MESSAGE][PASSED] - Delayed 1 second(s)

2022-03-09 13:12:19 - [TEST_STEP][PASSED] - hideKeyboard(): Keyboard is hidden

2022-03-09 13:12:25 - [MESSAGE][PASSED] - Keyboard is hidden

2022-03-09 13:12:25 - [TEST_STEP][PASSED] - tap(LOGN_BtnLogin, 0): Tapped on element 'Object Repository/Mobile/Page/Login/Button - Login'

2022-03-09 13:12:25 - [MESSAGE][WARNING] - Timeout '0' is invalid. Using default page load timeout: '60'

2022-03-09 13:12:26 - [MESSAGE][PASSED] - Tapped on element 'Object Repository/Mobile/Page/Login/Button - Login'

2022-03-09 13:12:26 - [TEST_STEP][PASSED] - delay(2): Delayed 2 second(s)

2022-03-09 13:12:28 - [MESSAGE][PASSED] - Delayed 2 second(s)

2022-03-09 13:12:28 - [TEST_STEP][PASSED] - break: null

2022-03-09 13:12:28 - [MESSAGE][PASSED] - Call Test Case 'Test Cases/Mobile/Page/Login/Login' successfully

2022-03-09 13:12:28 - [MESSAGE][PASSED] - Call Test Case 'Test Cases/Mobile/Page/CheckLogin' successfully

2022-03-09 13:12:28 - [TEST_STEP][PASSED] - tap(HOME_MenubarPortfolio, 0): Tapped on element 'Object Repository/Mobile/Page/Home/Menubar - Portfolio'

2022-03-09 13:12:28 - [MESSAGE][WARNING] - Timeout '0' is invalid. Using default page load timeout: '60'

2022-03-09 13:12:30 - [MESSAGE][PASSED] - Tapped on element 'Object Repository/Mobile/Page/Home/Menubar - Portfolio'

2022-03-09 13:12:30 - [TEST_STEP][PASSED] - delay(5): Delayed 5 second(s)

2022-03-09 13:12:35 - [MESSAGE][PASSED] - Delayed 5 second(s)

2022-03-09 13:12:35 - [TEST_STEP][PASSED] - for ([i = 0, i < 1, (i++)]): scroll.scroll.scrollScreenBottomToTop is PASSED

2022-03-09 13:12:35 - [TEST_STEP][PASSED] - if (tab == "summary"): null

2022-03-09 13:12:35 - [TEST_STEP][PASSED] - else if (tab == "stock"): null

2022-03-09 13:12:35 - [TEST_STEP][PASSED] - else if (tab == "mutualfund"): scroll.scroll.scrollScreenBottomToTop is PASSED

2022-03-09 13:12:35 - [TEST_STEP][PASSED] - tap(PORT_TabMutualFund, 0): Tapped on element 'Object Repository/Mobile/Page/Portfolio/Tab - Mutual Fund'

2022-03-09 13:12:35 - [MESSAGE][WARNING] - Timeout '0' is invalid. Using default page load timeout: '60'

2022-03-09 13:12:36 - [MESSAGE][PASSED] - Tapped on element 'Object Repository/Mobile/Page/Portfolio/Tab - Mutual Fund'

2022-03-09 13:12:36 - [TEST_STEP][PASSED] - delay(1): Delayed 1 second(s)

2022-03-09 13:12:37 - [MESSAGE][PASSED] - Delayed 1 second(s)

2022-03-09 13:12:37 - [TEST_STEP][PASSED] - try: scroll.scroll.scrollScreenBottomToTop is PASSED

2022-03-09 13:12:37 - [TEST_STEP][PASSED] - tapAndHold(PORT_ItemTopMutualFund, 1, 10): Tapped and held on element 'Object Repository/Mobile/Page/Portfolio/Item - Top Mutual Fund' with duration 1

2022-03-09 13:12:40 - [MESSAGE][PASSED] - Tapped and held on element 'Object Repository/Mobile/Page/Portfolio/Item - Top Mutual Fund' with duration 1

2022-03-09 13:12:40 - [TEST_STEP][PASSED] - delay(2): Delayed 2 second(s)

2022-03-09 13:12:42 - [MESSAGE][PASSED] - Delayed 2 second(s)

2022-03-09 13:12:42 - [TEST_STEP][PASSED] - switch (action2): null

2022-03-09 13:12:42 - [TEST_STEP][PASSED] - case "1 year":: null

2022-03-09 13:12:42 - [TEST_STEP][PASSED] - tapAndHold(PORT_DETL_Btn1Year, 1, 0): Tapped and held on element 'Object Repository/Mobile/Page/Portfolio/Detail Mutual Funds/Button - 1 Year' with duration 1

2022-03-09 13:12:42 - [MESSAGE][WARNING] - Timeout '0' is invalid. Using default page load timeout: '60'

2022-03-09 13:12:45 - [MESSAGE][PASSED] - Tapped and held on element 'Object Repository/Mobile/Page/Portfolio/Detail Mutual Funds/Button - 1 Year' with duration 1

2022-03-09 13:12:45 - [TEST_STEP][PASSED] - break: null

2022-03-09 13:12:45 - [TEST_STEP][PASSED] - delay(3): Delayed 3 second(s)

2022-03-09 13:12:48 - [MESSAGE][PASSED] - Delayed 3 second(s)

2022-03-09 13:12:48 - [TEST_STEP][PASSED] - scroll.scroll.scrollScreenBottomToTop(): scroll.scroll.scrollScreenBottomToTop is PASSED

2022-03-09 13:12:49 - [MESSAGE][PASSED] - Current device physical height is 1423

2022-03-09 13:12:49 - [MESSAGE][PASSED] - Current device physical width is 720

2022-03-09 13:12:50 - [MESSAGE][PASSED] - Swiped from 360,1,138 to 360,284

2022-03-09 13:12:50 - [MESSAGE][PASSED] - scroll.scroll.scrollScreenBottomToTop is PASSED

2022-03-09 13:12:50 - [MESSAGE][PASSED] - Call Test Case 'Test Cases/Mobile/Page/Portfolio/Portfolio' successfully

2022-03-09 13:12:50 - [TEST_STEP][PASSED] - callTestCase(findTestCase("Mobile/Page/Run App/Terminate App"), [:], STOP_ON_FAILURE): Call Test Case 'Test Cases/Mobile/Page/Run App/Terminate App' successfully

2022-03-09 13:12:50 - [TEST_CASE][PASSED] - Test Cases/Mobile/Page/Run App/Terminate App: Test Cases/Mobile/Page/Run App/Terminate App

2022-03-09 13:12:50 - [TEST_STEP][PASSED] - startApp.OpenApp.terminateApplication(): startApp.OpenApp.terminateApplication is PASSED

2022-03-09 13:12:53 - [MESSAGE][PASSED] - Delayed 3 second(s)

2022-03-09 13:12:53 - [MESSAGE][PASSED] - Current device physical width is 720

2022-03-09 13:12:54 - [MESSAGE][PASSED] - Current device physical height is 1423

2022-03-09 13:12:55 - [MESSAGE][PASSED] - Swiped from 360,853 to 360,142

2022-03-09 13:12:56 - [MESSAGE][PASSED] - Delayed 1 second(s)

2022-03-09 13:12:57 - [MESSAGE][PASSED] - Swiped from 360,853 to 360,142

2022-03-09 13:13:00 - [MESSAGE][PASSED] - Delayed 3 second(s)

2022-03-09 13:13:00 - [MESSAGE][PASSED] - startApp.OpenApp.terminateApplication is PASSED

2022-03-09 13:13:00 - [MESSAGE][PASSED] - Call Test Case 'Test Cases/Mobile/Page/Run App/Terminate App' successfully]]></system-out>
         <system-err><![CDATA[]]></system-err>
      </testcase>
      <testcase name="Test Cases/Mobile/Scenario/Portfolio/017 - Melihat detail mutual fund 3 year" time="67.26" classname="Test Cases/Mobile/Scenario/Portfolio/017 - Melihat detail mutual fund 3 year" status="PASSED">
         <system-out><![CDATA[2022-03-09 13:13:00 - [TEST_CASE][PASSED] - Test Cases/Mobile/Scenario/Portfolio/017 - Melihat detail mutual fund 3 year: Test Cases/Mobile/Scenario/Portfolio/017 - Melihat detail mutual fund 3 year

2022-03-09 13:13:00 - [TEST_STEP][PASSED] - callTestCase(findTestCase("Mobile/Page/Run App/Run App byID"), [:], STOP_ON_FAILURE): Call Test Case 'Test Cases/Mobile/Page/Run App/Run App byID' successfully

2022-03-09 13:13:00 - [TEST_CASE][PASSED] - Test Cases/Mobile/Page/Run App/Run App byID: Test Cases/Mobile/Page/Run App/Run App byID

2022-03-09 13:13:00 - [TEST_STEP][PASSED] - startApp.OpenApp.startApplication("id.co.miraeasset.sageclub"): startApp.OpenApp.startApplication is PASSED

2022-03-09 13:13:13 - [MESSAGE][PASSED] - Starting app with application ID: 'id.co.miraeasset.sageclub'

2022-03-09 13:13:13 - [MESSAGE][PASSED] - startApp.OpenApp.startApplication is PASSED

2022-03-09 13:13:13 - [MESSAGE][PASSED] - Call Test Case 'Test Cases/Mobile/Page/Run App/Run App byID' successfully

2022-03-09 13:13:13 - [TEST_STEP][PASSED] - callTestCase(findTestCase("Mobile/Page/Portfolio/Portfolio"), ["tab":"mutualfund", "action2":"3 year"], CONTINUE_ON_FAILURE): Call Test Case 'Test Cases/Mobile/Page/Portfolio/Portfolio' successfully

2022-03-09 13:13:13 - [TEST_CASE][PASSED] - Test Cases/Mobile/Page/Portfolio/Portfolio: Test Cases/Mobile/Page/Portfolio/Portfolio

2022-03-09 13:13:13 - [TEST_STEP][PASSED] - callTestCase(findTestCase("Mobile/Page/CheckLogin"), [:], CONTINUE_ON_FAILURE): Call Test Case 'Test Cases/Mobile/Page/CheckLogin' successfully

2022-03-09 13:13:13 - [TEST_CASE][PASSED] - Test Cases/Mobile/Page/CheckLogin: Test Cases/Mobile/Page/CheckLogin

2022-03-09 13:13:13 - [TEST_STEP][PASSED] - loginCheck = verifyElementExist(LOGN_BtnLogin, 5, CONTINUE_ON_FAILURE): Element 'Object Repository/Mobile/Page/Login/Button - Login' is exist

2022-03-09 13:13:15 - [MESSAGE][PASSED] - Element 'Object Repository/Mobile/Page/Login/Button - Login' is exist

2022-03-09 13:13:15 - [TEST_STEP][PASSED] - if (loginCheck): Call Test Case 'Test Cases/Mobile/Page/Login/Login' successfully

2022-03-09 13:13:15 - [TEST_STEP][PASSED] - callTestCase(findTestCase("Mobile/Page/Login/Login"), ["action":"username"], CONTINUE_ON_FAILURE): Call Test Case 'Test Cases/Mobile/Page/Login/Login' successfully

2022-03-09 13:13:15 - [TEST_CASE][PASSED] - Test Cases/Mobile/Page/Login/Login: Test Cases/Mobile/Page/Login/Login

2022-03-09 13:13:15 - [TEST_STEP][PASSED] - delay(2): Delayed 2 second(s)

2022-03-09 13:13:17 - [MESSAGE][PASSED] - Delayed 2 second(s)

2022-03-09 13:13:17 - [TEST_STEP][PASSED] - for ([i = 0, i < 1, (i++)]): null

2022-03-09 13:13:17 - [TEST_STEP][PASSED] - if (action == "username"): null

2022-03-09 13:13:17 - [TEST_STEP][PASSED] - tap(LOGN_EdtUserID, 0): Tapped on element 'Object Repository/Mobile/Page/Login/Input - UserID'

2022-03-09 13:13:17 - [MESSAGE][WARNING] - Timeout '0' is invalid. Using default page load timeout: '60'

2022-03-09 13:13:17 - [MESSAGE][PASSED] - Tapped on element 'Object Repository/Mobile/Page/Login/Input - UserID'

2022-03-09 13:13:17 - [TEST_STEP][PASSED] - delay(1): Delayed 1 second(s)

2022-03-09 13:13:18 - [MESSAGE][PASSED] - Delayed 1 second(s)

2022-03-09 13:13:18 - [TEST_STEP][PASSED] - setText(LOGN_EdtRdyUserID, "anggaaditya", 0): Text 'anggaaditya' has been set to element 'Object Repository/Mobile/Page/Login/Input Rdy - UserID'

2022-03-09 13:13:18 - [MESSAGE][WARNING] - Timeout '0' is invalid. Using default page load timeout: '60'

2022-03-09 13:13:19 - [MESSAGE][PASSED] - Text 'anggaaditya' has been set to element 'Object Repository/Mobile/Page/Login/Input Rdy - UserID'

2022-03-09 13:13:19 - [TEST_STEP][PASSED] - delay(1): Delayed 1 second(s)

2022-03-09 13:13:20 - [MESSAGE][PASSED] - Delayed 1 second(s)

2022-03-09 13:13:20 - [TEST_STEP][PASSED] - hideKeyboard(): Keyboard is hidden

2022-03-09 13:13:24 - [MESSAGE][PASSED] - Keyboard is hidden

2022-03-09 13:13:24 - [TEST_STEP][PASSED] - tap(LOGN_EdtPassword, 0): Tapped on element 'Object Repository/Mobile/Page/Login/Input - Password'

2022-03-09 13:13:24 - [MESSAGE][WARNING] - Timeout '0' is invalid. Using default page load timeout: '60'

2022-03-09 13:13:24 - [MESSAGE][PASSED] - Tapped on element 'Object Repository/Mobile/Page/Login/Input - Password'

2022-03-09 13:13:24 - [TEST_STEP][PASSED] - delay(1): Delayed 1 second(s)

2022-03-09 13:13:25 - [MESSAGE][PASSED] - Delayed 1 second(s)

2022-03-09 13:13:25 - [TEST_STEP][PASSED] - setText(LOGN_EdtRdyPassword, "Shalawa18", 0): Text 'Shalawa18' has been set to element 'Object Repository/Mobile/Page/Login/Input Rdy - Password'

2022-03-09 13:13:25 - [MESSAGE][WARNING] - Timeout '0' is invalid. Using default page load timeout: '60'

2022-03-09 13:13:25 - [MESSAGE][PASSED] - Text 'Shalawa18' has been set to element 'Object Repository/Mobile/Page/Login/Input Rdy - Password'

2022-03-09 13:13:25 - [TEST_STEP][PASSED] - delay(1): Delayed 1 second(s)

2022-03-09 13:13:26 - [MESSAGE][PASSED] - Delayed 1 second(s)

2022-03-09 13:13:26 - [TEST_STEP][PASSED] - hideKeyboard(): Keyboard is hidden

2022-03-09 13:13:33 - [MESSAGE][PASSED] - Keyboard is hidden

2022-03-09 13:13:33 - [TEST_STEP][PASSED] - tap(LOGN_BtnLogin, 0): Tapped on element 'Object Repository/Mobile/Page/Login/Button - Login'

2022-03-09 13:13:33 - [MESSAGE][WARNING] - Timeout '0' is invalid. Using default page load timeout: '60'

2022-03-09 13:13:34 - [MESSAGE][PASSED] - Tapped on element 'Object Repository/Mobile/Page/Login/Button - Login'

2022-03-09 13:13:34 - [TEST_STEP][PASSED] - delay(2): Delayed 2 second(s)

2022-03-09 13:13:36 - [MESSAGE][PASSED] - Delayed 2 second(s)

2022-03-09 13:13:36 - [TEST_STEP][PASSED] - break: null

2022-03-09 13:13:36 - [MESSAGE][PASSED] - Call Test Case 'Test Cases/Mobile/Page/Login/Login' successfully

2022-03-09 13:13:36 - [MESSAGE][PASSED] - Call Test Case 'Test Cases/Mobile/Page/CheckLogin' successfully

2022-03-09 13:13:36 - [TEST_STEP][PASSED] - tap(HOME_MenubarPortfolio, 0): Tapped on element 'Object Repository/Mobile/Page/Home/Menubar - Portfolio'

2022-03-09 13:13:36 - [MESSAGE][WARNING] - Timeout '0' is invalid. Using default page load timeout: '60'

2022-03-09 13:13:37 - [MESSAGE][PASSED] - Tapped on element 'Object Repository/Mobile/Page/Home/Menubar - Portfolio'

2022-03-09 13:13:37 - [TEST_STEP][PASSED] - delay(5): Delayed 5 second(s)

2022-03-09 13:13:42 - [MESSAGE][PASSED] - Delayed 5 second(s)

2022-03-09 13:13:42 - [TEST_STEP][PASSED] - for ([i = 0, i < 1, (i++)]): scroll.scroll.scrollScreenBottomToTop is PASSED

2022-03-09 13:13:42 - [TEST_STEP][PASSED] - if (tab == "summary"): null

2022-03-09 13:13:42 - [TEST_STEP][PASSED] - else if (tab == "stock"): null

2022-03-09 13:13:42 - [TEST_STEP][PASSED] - else if (tab == "mutualfund"): scroll.scroll.scrollScreenBottomToTop is PASSED

2022-03-09 13:13:42 - [TEST_STEP][PASSED] - tap(PORT_TabMutualFund, 0): Tapped on element 'Object Repository/Mobile/Page/Portfolio/Tab - Mutual Fund'

2022-03-09 13:13:42 - [MESSAGE][WARNING] - Timeout '0' is invalid. Using default page load timeout: '60'

2022-03-09 13:13:44 - [MESSAGE][PASSED] - Tapped on element 'Object Repository/Mobile/Page/Portfolio/Tab - Mutual Fund'

2022-03-09 13:13:44 - [TEST_STEP][PASSED] - delay(1): Delayed 1 second(s)

2022-03-09 13:13:45 - [MESSAGE][PASSED] - Delayed 1 second(s)

2022-03-09 13:13:45 - [TEST_STEP][PASSED] - try: scroll.scroll.scrollScreenBottomToTop is PASSED

2022-03-09 13:13:45 - [TEST_STEP][PASSED] - tapAndHold(PORT_ItemTopMutualFund, 1, 10): Tapped and held on element 'Object Repository/Mobile/Page/Portfolio/Item - Top Mutual Fund' with duration 1

2022-03-09 13:13:47 - [MESSAGE][PASSED] - Tapped and held on element 'Object Repository/Mobile/Page/Portfolio/Item - Top Mutual Fund' with duration 1

2022-03-09 13:13:47 - [TEST_STEP][PASSED] - delay(2): Delayed 2 second(s)

2022-03-09 13:13:49 - [MESSAGE][PASSED] - Delayed 2 second(s)

2022-03-09 13:13:49 - [TEST_STEP][PASSED] - switch (action2): null

2022-03-09 13:13:49 - [TEST_STEP][PASSED] - case "3 year":: null

2022-03-09 13:13:49 - [TEST_STEP][PASSED] - tapAndHold(PORT_DETL_Btn3Year, 1, 0): Tapped and held on element 'Object Repository/Mobile/Page/Portfolio/Detail Mutual Funds/Button - 3 Year' with duration 1

2022-03-09 13:13:49 - [MESSAGE][WARNING] - Timeout '0' is invalid. Using default page load timeout: '60'

2022-03-09 13:13:52 - [MESSAGE][PASSED] - Tapped and held on element 'Object Repository/Mobile/Page/Portfolio/Detail Mutual Funds/Button - 3 Year' with duration 1

2022-03-09 13:13:52 - [TEST_STEP][PASSED] - break: null

2022-03-09 13:13:52 - [TEST_STEP][PASSED] - delay(3): Delayed 3 second(s)

2022-03-09 13:13:55 - [MESSAGE][PASSED] - Delayed 3 second(s)

2022-03-09 13:13:55 - [TEST_STEP][PASSED] - scroll.scroll.scrollScreenBottomToTop(): scroll.scroll.scrollScreenBottomToTop is PASSED

2022-03-09 13:13:56 - [MESSAGE][PASSED] - Current device physical height is 1423

2022-03-09 13:13:56 - [MESSAGE][PASSED] - Current device physical width is 720

2022-03-09 13:13:57 - [MESSAGE][PASSED] - Swiped from 360,1,138 to 360,284

2022-03-09 13:13:57 - [MESSAGE][PASSED] - scroll.scroll.scrollScreenBottomToTop is PASSED

2022-03-09 13:13:57 - [MESSAGE][PASSED] - Call Test Case 'Test Cases/Mobile/Page/Portfolio/Portfolio' successfully

2022-03-09 13:13:57 - [TEST_STEP][PASSED] - callTestCase(findTestCase("Mobile/Page/Run App/Terminate App"), [:], STOP_ON_FAILURE): Call Test Case 'Test Cases/Mobile/Page/Run App/Terminate App' successfully

2022-03-09 13:13:57 - [TEST_CASE][PASSED] - Test Cases/Mobile/Page/Run App/Terminate App: Test Cases/Mobile/Page/Run App/Terminate App

2022-03-09 13:13:57 - [TEST_STEP][PASSED] - startApp.OpenApp.terminateApplication(): startApp.OpenApp.terminateApplication is PASSED

2022-03-09 13:14:00 - [MESSAGE][PASSED] - Delayed 3 second(s)

2022-03-09 13:14:00 - [MESSAGE][PASSED] - Current device physical width is 720

2022-03-09 13:14:01 - [MESSAGE][PASSED] - Current device physical height is 1423

2022-03-09 13:14:02 - [MESSAGE][PASSED] - Swiped from 360,853 to 360,142

2022-03-09 13:14:03 - [MESSAGE][PASSED] - Delayed 1 second(s)

2022-03-09 13:14:04 - [MESSAGE][PASSED] - Swiped from 360,853 to 360,142

2022-03-09 13:14:07 - [MESSAGE][PASSED] - Delayed 3 second(s)

2022-03-09 13:14:07 - [MESSAGE][PASSED] - startApp.OpenApp.terminateApplication is PASSED

2022-03-09 13:14:07 - [MESSAGE][PASSED] - Call Test Case 'Test Cases/Mobile/Page/Run App/Terminate App' successfully]]></system-out>
         <system-err><![CDATA[]]></system-err>
      </testcase>
      <testcase name="Test Cases/Mobile/Scenario/Portfolio/018 - Melihat detail mutual fund 5 year" time="67.412" classname="Test Cases/Mobile/Scenario/Portfolio/018 - Melihat detail mutual fund 5 year" status="PASSED">
         <system-out><![CDATA[2022-03-09 13:14:07 - [TEST_CASE][PASSED] - Test Cases/Mobile/Scenario/Portfolio/018 - Melihat detail mutual fund 5 year: Test Cases/Mobile/Scenario/Portfolio/018 - Melihat detail mutual fund 5 year

2022-03-09 13:14:08 - [TEST_STEP][PASSED] - callTestCase(findTestCase("Mobile/Page/Run App/Run App byID"), [:], STOP_ON_FAILURE): Call Test Case 'Test Cases/Mobile/Page/Run App/Run App byID' successfully

2022-03-09 13:14:08 - [TEST_CASE][PASSED] - Test Cases/Mobile/Page/Run App/Run App byID: Test Cases/Mobile/Page/Run App/Run App byID

2022-03-09 13:14:08 - [TEST_STEP][PASSED] - startApp.OpenApp.startApplication("id.co.miraeasset.sageclub"): startApp.OpenApp.startApplication is PASSED

2022-03-09 13:14:20 - [MESSAGE][PASSED] - Starting app with application ID: 'id.co.miraeasset.sageclub'

2022-03-09 13:14:20 - [MESSAGE][PASSED] - startApp.OpenApp.startApplication is PASSED

2022-03-09 13:14:20 - [MESSAGE][PASSED] - Call Test Case 'Test Cases/Mobile/Page/Run App/Run App byID' successfully

2022-03-09 13:14:20 - [TEST_STEP][PASSED] - callTestCase(findTestCase("Mobile/Page/Portfolio/Portfolio"), ["tab":"mutualfund", "action2":"5 year"], CONTINUE_ON_FAILURE): Call Test Case 'Test Cases/Mobile/Page/Portfolio/Portfolio' successfully

2022-03-09 13:14:20 - [TEST_CASE][PASSED] - Test Cases/Mobile/Page/Portfolio/Portfolio: Test Cases/Mobile/Page/Portfolio/Portfolio

2022-03-09 13:14:20 - [TEST_STEP][PASSED] - callTestCase(findTestCase("Mobile/Page/CheckLogin"), [:], CONTINUE_ON_FAILURE): Call Test Case 'Test Cases/Mobile/Page/CheckLogin' successfully

2022-03-09 13:14:20 - [TEST_CASE][PASSED] - Test Cases/Mobile/Page/CheckLogin: Test Cases/Mobile/Page/CheckLogin

2022-03-09 13:14:20 - [TEST_STEP][PASSED] - loginCheck = verifyElementExist(LOGN_BtnLogin, 5, CONTINUE_ON_FAILURE): Element 'Object Repository/Mobile/Page/Login/Button - Login' is exist

2022-03-09 13:14:22 - [MESSAGE][PASSED] - Element 'Object Repository/Mobile/Page/Login/Button - Login' is exist

2022-03-09 13:14:22 - [TEST_STEP][PASSED] - if (loginCheck): Call Test Case 'Test Cases/Mobile/Page/Login/Login' successfully

2022-03-09 13:14:22 - [TEST_STEP][PASSED] - callTestCase(findTestCase("Mobile/Page/Login/Login"), ["action":"username"], CONTINUE_ON_FAILURE): Call Test Case 'Test Cases/Mobile/Page/Login/Login' successfully

2022-03-09 13:14:22 - [TEST_CASE][PASSED] - Test Cases/Mobile/Page/Login/Login: Test Cases/Mobile/Page/Login/Login

2022-03-09 13:14:22 - [TEST_STEP][PASSED] - delay(2): Delayed 2 second(s)

2022-03-09 13:14:24 - [MESSAGE][PASSED] - Delayed 2 second(s)

2022-03-09 13:14:24 - [TEST_STEP][PASSED] - for ([i = 0, i < 1, (i++)]): null

2022-03-09 13:14:24 - [TEST_STEP][PASSED] - if (action == "username"): null

2022-03-09 13:14:24 - [TEST_STEP][PASSED] - tap(LOGN_EdtUserID, 0): Tapped on element 'Object Repository/Mobile/Page/Login/Input - UserID'

2022-03-09 13:14:24 - [MESSAGE][WARNING] - Timeout '0' is invalid. Using default page load timeout: '60'

2022-03-09 13:14:24 - [MESSAGE][PASSED] - Tapped on element 'Object Repository/Mobile/Page/Login/Input - UserID'

2022-03-09 13:14:24 - [TEST_STEP][PASSED] - delay(1): Delayed 1 second(s)

2022-03-09 13:14:25 - [MESSAGE][PASSED] - Delayed 1 second(s)

2022-03-09 13:14:25 - [TEST_STEP][PASSED] - setText(LOGN_EdtRdyUserID, "anggaaditya", 0): Text 'anggaaditya' has been set to element 'Object Repository/Mobile/Page/Login/Input Rdy - UserID'

2022-03-09 13:14:25 - [MESSAGE][WARNING] - Timeout '0' is invalid. Using default page load timeout: '60'

2022-03-09 13:14:26 - [MESSAGE][PASSED] - Text 'anggaaditya' has been set to element 'Object Repository/Mobile/Page/Login/Input Rdy - UserID'

2022-03-09 13:14:26 - [TEST_STEP][PASSED] - delay(1): Delayed 1 second(s)

2022-03-09 13:14:27 - [MESSAGE][PASSED] - Delayed 1 second(s)

2022-03-09 13:14:27 - [TEST_STEP][PASSED] - hideKeyboard(): Keyboard is hidden

2022-03-09 13:14:31 - [MESSAGE][PASSED] - Keyboard is hidden

2022-03-09 13:14:31 - [TEST_STEP][PASSED] - tap(LOGN_EdtPassword, 0): Tapped on element 'Object Repository/Mobile/Page/Login/Input - Password'

2022-03-09 13:14:31 - [MESSAGE][WARNING] - Timeout '0' is invalid. Using default page load timeout: '60'

2022-03-09 13:14:31 - [MESSAGE][PASSED] - Tapped on element 'Object Repository/Mobile/Page/Login/Input - Password'

2022-03-09 13:14:31 - [TEST_STEP][PASSED] - delay(1): Delayed 1 second(s)

2022-03-09 13:14:32 - [MESSAGE][PASSED] - Delayed 1 second(s)

2022-03-09 13:14:32 - [TEST_STEP][PASSED] - setText(LOGN_EdtRdyPassword, "Shalawa18", 0): Text 'Shalawa18' has been set to element 'Object Repository/Mobile/Page/Login/Input Rdy - Password'

2022-03-09 13:14:32 - [MESSAGE][WARNING] - Timeout '0' is invalid. Using default page load timeout: '60'

2022-03-09 13:14:33 - [MESSAGE][PASSED] - Text 'Shalawa18' has been set to element 'Object Repository/Mobile/Page/Login/Input Rdy - Password'

2022-03-09 13:14:33 - [TEST_STEP][PASSED] - delay(1): Delayed 1 second(s)

2022-03-09 13:14:34 - [MESSAGE][PASSED] - Delayed 1 second(s)

2022-03-09 13:14:34 - [TEST_STEP][PASSED] - hideKeyboard(): Keyboard is hidden

2022-03-09 13:14:40 - [MESSAGE][PASSED] - Keyboard is hidden

2022-03-09 13:14:40 - [TEST_STEP][PASSED] - tap(LOGN_BtnLogin, 0): Tapped on element 'Object Repository/Mobile/Page/Login/Button - Login'

2022-03-09 13:14:40 - [MESSAGE][WARNING] - Timeout '0' is invalid. Using default page load timeout: '60'

2022-03-09 13:14:41 - [MESSAGE][PASSED] - Tapped on element 'Object Repository/Mobile/Page/Login/Button - Login'

2022-03-09 13:14:41 - [TEST_STEP][PASSED] - delay(2): Delayed 2 second(s)

2022-03-09 13:14:43 - [MESSAGE][PASSED] - Delayed 2 second(s)

2022-03-09 13:14:43 - [TEST_STEP][PASSED] - break: null

2022-03-09 13:14:43 - [MESSAGE][PASSED] - Call Test Case 'Test Cases/Mobile/Page/Login/Login' successfully

2022-03-09 13:14:43 - [MESSAGE][PASSED] - Call Test Case 'Test Cases/Mobile/Page/CheckLogin' successfully

2022-03-09 13:14:43 - [TEST_STEP][PASSED] - tap(HOME_MenubarPortfolio, 0): Tapped on element 'Object Repository/Mobile/Page/Home/Menubar - Portfolio'

2022-03-09 13:14:43 - [MESSAGE][WARNING] - Timeout '0' is invalid. Using default page load timeout: '60'

2022-03-09 13:14:45 - [MESSAGE][PASSED] - Tapped on element 'Object Repository/Mobile/Page/Home/Menubar - Portfolio'

2022-03-09 13:14:45 - [TEST_STEP][PASSED] - delay(5): Delayed 5 second(s)

2022-03-09 13:14:50 - [MESSAGE][PASSED] - Delayed 5 second(s)

2022-03-09 13:14:50 - [TEST_STEP][PASSED] - for ([i = 0, i < 1, (i++)]): scroll.scroll.scrollScreenBottomToTop is PASSED

2022-03-09 13:14:50 - [TEST_STEP][PASSED] - if (tab == "summary"): null

2022-03-09 13:14:50 - [TEST_STEP][PASSED] - else if (tab == "stock"): null

2022-03-09 13:14:50 - [TEST_STEP][PASSED] - else if (tab == "mutualfund"): scroll.scroll.scrollScreenBottomToTop is PASSED

2022-03-09 13:14:50 - [TEST_STEP][PASSED] - tap(PORT_TabMutualFund, 0): Tapped on element 'Object Repository/Mobile/Page/Portfolio/Tab - Mutual Fund'

2022-03-09 13:14:50 - [MESSAGE][WARNING] - Timeout '0' is invalid. Using default page load timeout: '60'

2022-03-09 13:14:51 - [MESSAGE][PASSED] - Tapped on element 'Object Repository/Mobile/Page/Portfolio/Tab - Mutual Fund'

2022-03-09 13:14:51 - [TEST_STEP][PASSED] - delay(1): Delayed 1 second(s)

2022-03-09 13:14:52 - [MESSAGE][PASSED] - Delayed 1 second(s)

2022-03-09 13:14:52 - [TEST_STEP][PASSED] - try: scroll.scroll.scrollScreenBottomToTop is PASSED

2022-03-09 13:14:52 - [TEST_STEP][PASSED] - tapAndHold(PORT_ItemTopMutualFund, 1, 10): Tapped and held on element 'Object Repository/Mobile/Page/Portfolio/Item - Top Mutual Fund' with duration 1

2022-03-09 13:14:55 - [MESSAGE][PASSED] - Tapped and held on element 'Object Repository/Mobile/Page/Portfolio/Item - Top Mutual Fund' with duration 1

2022-03-09 13:14:55 - [TEST_STEP][PASSED] - delay(2): Delayed 2 second(s)

2022-03-09 13:14:57 - [MESSAGE][PASSED] - Delayed 2 second(s)

2022-03-09 13:14:57 - [TEST_STEP][PASSED] - switch (action2): null

2022-03-09 13:14:57 - [TEST_STEP][PASSED] - case "5 year":: null

2022-03-09 13:14:57 - [TEST_STEP][PASSED] - tapAndHold(PORT_DETL_Btn5Year, 1, 0): Tapped and held on element 'Object Repository/Mobile/Page/Portfolio/Detail Mutual Funds/Button - 5 Year' with duration 1

2022-03-09 13:14:57 - [MESSAGE][WARNING] - Timeout '0' is invalid. Using default page load timeout: '60'

2022-03-09 13:15:00 - [MESSAGE][PASSED] - Tapped and held on element 'Object Repository/Mobile/Page/Portfolio/Detail Mutual Funds/Button - 5 Year' with duration 1

2022-03-09 13:15:00 - [TEST_STEP][PASSED] - break: null

2022-03-09 13:15:00 - [TEST_STEP][PASSED] - delay(3): Delayed 3 second(s)

2022-03-09 13:15:03 - [MESSAGE][PASSED] - Delayed 3 second(s)

2022-03-09 13:15:03 - [TEST_STEP][PASSED] - scroll.scroll.scrollScreenBottomToTop(): scroll.scroll.scrollScreenBottomToTop is PASSED

2022-03-09 13:15:03 - [MESSAGE][PASSED] - Current device physical height is 1423

2022-03-09 13:15:03 - [MESSAGE][PASSED] - Current device physical width is 720

2022-03-09 13:15:05 - [MESSAGE][PASSED] - Swiped from 360,1,138 to 360,284

2022-03-09 13:15:05 - [MESSAGE][PASSED] - scroll.scroll.scrollScreenBottomToTop is PASSED

2022-03-09 13:15:05 - [MESSAGE][PASSED] - Call Test Case 'Test Cases/Mobile/Page/Portfolio/Portfolio' successfully

2022-03-09 13:15:05 - [TEST_STEP][PASSED] - callTestCase(findTestCase("Mobile/Page/Run App/Terminate App"), [:], STOP_ON_FAILURE): Call Test Case 'Test Cases/Mobile/Page/Run App/Terminate App' successfully

2022-03-09 13:15:05 - [TEST_CASE][PASSED] - Test Cases/Mobile/Page/Run App/Terminate App: Test Cases/Mobile/Page/Run App/Terminate App

2022-03-09 13:15:05 - [TEST_STEP][PASSED] - startApp.OpenApp.terminateApplication(): startApp.OpenApp.terminateApplication is PASSED

2022-03-09 13:15:08 - [MESSAGE][PASSED] - Delayed 3 second(s)

2022-03-09 13:15:08 - [MESSAGE][PASSED] - Current device physical width is 720

2022-03-09 13:15:08 - [MESSAGE][PASSED] - Current device physical height is 1423

2022-03-09 13:15:09 - [MESSAGE][PASSED] - Swiped from 360,853 to 360,142

2022-03-09 13:15:10 - [MESSAGE][PASSED] - Delayed 1 second(s)

2022-03-09 13:15:12 - [MESSAGE][PASSED] - Swiped from 360,853 to 360,142

2022-03-09 13:15:15 - [MESSAGE][PASSED] - Delayed 3 second(s)

2022-03-09 13:15:15 - [MESSAGE][PASSED] - startApp.OpenApp.terminateApplication is PASSED

2022-03-09 13:15:15 - [MESSAGE][PASSED] - Call Test Case 'Test Cases/Mobile/Page/Run App/Terminate App' successfully]]></system-out>
         <system-err><![CDATA[]]></system-err>
      </testcase>
      <testcase name="Test Cases/Mobile/Scenario/Portfolio/019 - Melihat detail mutual fund 10 year" time="68.255" classname="Test Cases/Mobile/Scenario/Portfolio/019 - Melihat detail mutual fund 10 year" status="PASSED">
         <system-out><![CDATA[2022-03-09 13:15:15 - [TEST_CASE][PASSED] - Test Cases/Mobile/Scenario/Portfolio/019 - Melihat detail mutual fund 10 year: Test Cases/Mobile/Scenario/Portfolio/019 - Melihat detail mutual fund 10 year

2022-03-09 13:15:15 - [TEST_STEP][PASSED] - callTestCase(findTestCase("Mobile/Page/Run App/Run App byID"), [:], STOP_ON_FAILURE): Call Test Case 'Test Cases/Mobile/Page/Run App/Run App byID' successfully

2022-03-09 13:15:15 - [TEST_CASE][PASSED] - Test Cases/Mobile/Page/Run App/Run App byID: Test Cases/Mobile/Page/Run App/Run App byID

2022-03-09 13:15:15 - [TEST_STEP][PASSED] - startApp.OpenApp.startApplication("id.co.miraeasset.sageclub"): startApp.OpenApp.startApplication is PASSED

2022-03-09 13:15:27 - [MESSAGE][PASSED] - Starting app with application ID: 'id.co.miraeasset.sageclub'

2022-03-09 13:15:27 - [MESSAGE][PASSED] - startApp.OpenApp.startApplication is PASSED

2022-03-09 13:15:27 - [MESSAGE][PASSED] - Call Test Case 'Test Cases/Mobile/Page/Run App/Run App byID' successfully

2022-03-09 13:15:27 - [TEST_STEP][PASSED] - callTestCase(findTestCase("Mobile/Page/Portfolio/Portfolio"), ["tab":"mutualfund", "action2":"10 year"], CONTINUE_ON_FAILURE): Call Test Case 'Test Cases/Mobile/Page/Portfolio/Portfolio' successfully

2022-03-09 13:15:27 - [TEST_CASE][PASSED] - Test Cases/Mobile/Page/Portfolio/Portfolio: Test Cases/Mobile/Page/Portfolio/Portfolio

2022-03-09 13:15:27 - [TEST_STEP][PASSED] - callTestCase(findTestCase("Mobile/Page/CheckLogin"), [:], CONTINUE_ON_FAILURE): Call Test Case 'Test Cases/Mobile/Page/CheckLogin' successfully

2022-03-09 13:15:27 - [TEST_CASE][PASSED] - Test Cases/Mobile/Page/CheckLogin: Test Cases/Mobile/Page/CheckLogin

2022-03-09 13:15:27 - [TEST_STEP][PASSED] - loginCheck = verifyElementExist(LOGN_BtnLogin, 5, CONTINUE_ON_FAILURE): Element 'Object Repository/Mobile/Page/Login/Button - Login' is exist

2022-03-09 13:15:29 - [MESSAGE][PASSED] - Element 'Object Repository/Mobile/Page/Login/Button - Login' is exist

2022-03-09 13:15:29 - [TEST_STEP][PASSED] - if (loginCheck): Call Test Case 'Test Cases/Mobile/Page/Login/Login' successfully

2022-03-09 13:15:29 - [TEST_STEP][PASSED] - callTestCase(findTestCase("Mobile/Page/Login/Login"), ["action":"username"], CONTINUE_ON_FAILURE): Call Test Case 'Test Cases/Mobile/Page/Login/Login' successfully

2022-03-09 13:15:29 - [TEST_CASE][PASSED] - Test Cases/Mobile/Page/Login/Login: Test Cases/Mobile/Page/Login/Login

2022-03-09 13:15:29 - [TEST_STEP][PASSED] - delay(2): Delayed 2 second(s)

2022-03-09 13:15:31 - [MESSAGE][PASSED] - Delayed 2 second(s)

2022-03-09 13:15:31 - [TEST_STEP][PASSED] - for ([i = 0, i < 1, (i++)]): null

2022-03-09 13:15:31 - [TEST_STEP][PASSED] - if (action == "username"): null

2022-03-09 13:15:31 - [TEST_STEP][PASSED] - tap(LOGN_EdtUserID, 0): Tapped on element 'Object Repository/Mobile/Page/Login/Input - UserID'

2022-03-09 13:15:31 - [MESSAGE][WARNING] - Timeout '0' is invalid. Using default page load timeout: '60'

2022-03-09 13:15:33 - [MESSAGE][PASSED] - Tapped on element 'Object Repository/Mobile/Page/Login/Input - UserID'

2022-03-09 13:15:33 - [TEST_STEP][PASSED] - delay(1): Delayed 1 second(s)

2022-03-09 13:15:34 - [MESSAGE][PASSED] - Delayed 1 second(s)

2022-03-09 13:15:34 - [TEST_STEP][PASSED] - setText(LOGN_EdtRdyUserID, "anggaaditya", 0): Text 'anggaaditya' has been set to element 'Object Repository/Mobile/Page/Login/Input Rdy - UserID'

2022-03-09 13:15:34 - [MESSAGE][WARNING] - Timeout '0' is invalid. Using default page load timeout: '60'

2022-03-09 13:15:34 - [MESSAGE][PASSED] - Text 'anggaaditya' has been set to element 'Object Repository/Mobile/Page/Login/Input Rdy - UserID'

2022-03-09 13:15:34 - [TEST_STEP][PASSED] - delay(1): Delayed 1 second(s)

2022-03-09 13:15:35 - [MESSAGE][PASSED] - Delayed 1 second(s)

2022-03-09 13:15:35 - [TEST_STEP][PASSED] - hideKeyboard(): Keyboard is hidden

2022-03-09 13:15:39 - [MESSAGE][PASSED] - Keyboard is hidden

2022-03-09 13:15:39 - [TEST_STEP][PASSED] - tap(LOGN_EdtPassword, 0): Tapped on element 'Object Repository/Mobile/Page/Login/Input - Password'

2022-03-09 13:15:39 - [MESSAGE][WARNING] - Timeout '0' is invalid. Using default page load timeout: '60'

2022-03-09 13:15:39 - [MESSAGE][PASSED] - Tapped on element 'Object Repository/Mobile/Page/Login/Input - Password'

2022-03-09 13:15:39 - [TEST_STEP][PASSED] - delay(1): Delayed 1 second(s)

2022-03-09 13:15:40 - [MESSAGE][PASSED] - Delayed 1 second(s)

2022-03-09 13:15:40 - [TEST_STEP][PASSED] - setText(LOGN_EdtRdyPassword, "Shalawa18", 0): Text 'Shalawa18' has been set to element 'Object Repository/Mobile/Page/Login/Input Rdy - Password'

2022-03-09 13:15:40 - [MESSAGE][WARNING] - Timeout '0' is invalid. Using default page load timeout: '60'

2022-03-09 13:15:41 - [MESSAGE][PASSED] - Text 'Shalawa18' has been set to element 'Object Repository/Mobile/Page/Login/Input Rdy - Password'

2022-03-09 13:15:41 - [TEST_STEP][PASSED] - delay(1): Delayed 1 second(s)

2022-03-09 13:15:42 - [MESSAGE][PASSED] - Delayed 1 second(s)

2022-03-09 13:15:42 - [TEST_STEP][PASSED] - hideKeyboard(): Keyboard is hidden

2022-03-09 13:15:48 - [MESSAGE][PASSED] - Keyboard is hidden

2022-03-09 13:15:48 - [TEST_STEP][PASSED] - tap(LOGN_BtnLogin, 0): Tapped on element 'Object Repository/Mobile/Page/Login/Button - Login'

2022-03-09 13:15:48 - [MESSAGE][WARNING] - Timeout '0' is invalid. Using default page load timeout: '60'

2022-03-09 13:15:49 - [MESSAGE][PASSED] - Tapped on element 'Object Repository/Mobile/Page/Login/Button - Login'

2022-03-09 13:15:49 - [TEST_STEP][PASSED] - delay(2): Delayed 2 second(s)

2022-03-09 13:15:51 - [MESSAGE][PASSED] - Delayed 2 second(s)

2022-03-09 13:15:51 - [TEST_STEP][PASSED] - break: null

2022-03-09 13:15:51 - [MESSAGE][PASSED] - Call Test Case 'Test Cases/Mobile/Page/Login/Login' successfully

2022-03-09 13:15:51 - [MESSAGE][PASSED] - Call Test Case 'Test Cases/Mobile/Page/CheckLogin' successfully

2022-03-09 13:15:51 - [TEST_STEP][PASSED] - tap(HOME_MenubarPortfolio, 0): Tapped on element 'Object Repository/Mobile/Page/Home/Menubar - Portfolio'

2022-03-09 13:15:51 - [MESSAGE][WARNING] - Timeout '0' is invalid. Using default page load timeout: '60'

2022-03-09 13:15:53 - [MESSAGE][PASSED] - Tapped on element 'Object Repository/Mobile/Page/Home/Menubar - Portfolio'

2022-03-09 13:15:53 - [TEST_STEP][PASSED] - delay(5): Delayed 5 second(s)

2022-03-09 13:15:58 - [MESSAGE][PASSED] - Delayed 5 second(s)

2022-03-09 13:15:58 - [TEST_STEP][PASSED] - for ([i = 0, i < 1, (i++)]): scroll.scroll.scrollScreenBottomToTop is PASSED

2022-03-09 13:15:58 - [TEST_STEP][PASSED] - if (tab == "summary"): null

2022-03-09 13:15:58 - [TEST_STEP][PASSED] - else if (tab == "stock"): null

2022-03-09 13:15:58 - [TEST_STEP][PASSED] - else if (tab == "mutualfund"): scroll.scroll.scrollScreenBottomToTop is PASSED

2022-03-09 13:15:58 - [TEST_STEP][PASSED] - tap(PORT_TabMutualFund, 0): Tapped on element 'Object Repository/Mobile/Page/Portfolio/Tab - Mutual Fund'

2022-03-09 13:15:58 - [MESSAGE][WARNING] - Timeout '0' is invalid. Using default page load timeout: '60'

2022-03-09 13:15:59 - [MESSAGE][PASSED] - Tapped on element 'Object Repository/Mobile/Page/Portfolio/Tab - Mutual Fund'

2022-03-09 13:15:59 - [TEST_STEP][PASSED] - delay(1): Delayed 1 second(s)

2022-03-09 13:16:00 - [MESSAGE][PASSED] - Delayed 1 second(s)

2022-03-09 13:16:00 - [TEST_STEP][PASSED] - try: scroll.scroll.scrollScreenBottomToTop is PASSED

2022-03-09 13:16:00 - [TEST_STEP][PASSED] - tapAndHold(PORT_ItemTopMutualFund, 1, 10): Tapped and held on element 'Object Repository/Mobile/Page/Portfolio/Item - Top Mutual Fund' with duration 1

2022-03-09 13:16:03 - [MESSAGE][PASSED] - Tapped and held on element 'Object Repository/Mobile/Page/Portfolio/Item - Top Mutual Fund' with duration 1

2022-03-09 13:16:03 - [TEST_STEP][PASSED] - delay(2): Delayed 2 second(s)

2022-03-09 13:16:05 - [MESSAGE][PASSED] - Delayed 2 second(s)

2022-03-09 13:16:05 - [TEST_STEP][PASSED] - switch (action2): null

2022-03-09 13:16:05 - [TEST_STEP][PASSED] - case "10 year":: null

2022-03-09 13:16:05 - [TEST_STEP][PASSED] - tapAndHold(PORT_DETL_Btn10Year, 1, 0): Tapped and held on element 'Object Repository/Mobile/Page/Portfolio/Detail Mutual Funds/Button - 10 Year' with duration 1

2022-03-09 13:16:05 - [MESSAGE][WARNING] - Timeout '0' is invalid. Using default page load timeout: '60'

2022-03-09 13:16:08 - [MESSAGE][PASSED] - Tapped and held on element 'Object Repository/Mobile/Page/Portfolio/Detail Mutual Funds/Button - 10 Year' with duration 1

2022-03-09 13:16:08 - [TEST_STEP][PASSED] - break: null

2022-03-09 13:16:08 - [TEST_STEP][PASSED] - delay(3): Delayed 3 second(s)

2022-03-09 13:16:11 - [MESSAGE][PASSED] - Delayed 3 second(s)

2022-03-09 13:16:11 - [TEST_STEP][PASSED] - scroll.scroll.scrollScreenBottomToTop(): scroll.scroll.scrollScreenBottomToTop is PASSED

2022-03-09 13:16:11 - [MESSAGE][PASSED] - Current device physical height is 1423

2022-03-09 13:16:11 - [MESSAGE][PASSED] - Current device physical width is 720

2022-03-09 13:16:13 - [MESSAGE][PASSED] - Swiped from 360,1,138 to 360,284

2022-03-09 13:16:13 - [MESSAGE][PASSED] - scroll.scroll.scrollScreenBottomToTop is PASSED

2022-03-09 13:16:13 - [MESSAGE][PASSED] - Call Test Case 'Test Cases/Mobile/Page/Portfolio/Portfolio' successfully

2022-03-09 13:16:13 - [TEST_STEP][PASSED] - callTestCase(findTestCase("Mobile/Page/Run App/Terminate App"), [:], STOP_ON_FAILURE): Call Test Case 'Test Cases/Mobile/Page/Run App/Terminate App' successfully

2022-03-09 13:16:13 - [TEST_CASE][PASSED] - Test Cases/Mobile/Page/Run App/Terminate App: Test Cases/Mobile/Page/Run App/Terminate App

2022-03-09 13:16:13 - [TEST_STEP][PASSED] - startApp.OpenApp.terminateApplication(): startApp.OpenApp.terminateApplication is PASSED

2022-03-09 13:16:16 - [MESSAGE][PASSED] - Delayed 3 second(s)

2022-03-09 13:16:16 - [MESSAGE][PASSED] - Current device physical width is 720

2022-03-09 13:16:16 - [MESSAGE][PASSED] - Current device physical height is 1423

2022-03-09 13:16:18 - [MESSAGE][PASSED] - Swiped from 360,853 to 360,142

2022-03-09 13:16:19 - [MESSAGE][PASSED] - Delayed 1 second(s)

2022-03-09 13:16:20 - [MESSAGE][PASSED] - Swiped from 360,853 to 360,142

2022-03-09 13:16:23 - [MESSAGE][PASSED] - Delayed 3 second(s)

2022-03-09 13:16:23 - [MESSAGE][PASSED] - startApp.OpenApp.terminateApplication is PASSED

2022-03-09 13:16:23 - [MESSAGE][PASSED] - Call Test Case 'Test Cases/Mobile/Page/Run App/Terminate App' successfully]]></system-out>
         <system-err><![CDATA[]]></system-err>
      </testcase>
      <system-out><![CDATA[2022-03-09 12:54:59 - [TEST_SUITE][PASSED] - portfolio: Test Cases/Mobile/Scenario/Portfolio/019 - Melihat detail mutual fund 10 year]]></system-out>
      <system-err><![CDATA[]]></system-err>
   </testsuite>
</testsuites>
