<?xml version="1.0" encoding="UTF-8"?>
<testsuites name="analysis" time="274.182" tests="4" failures="0" skips="0" errors="0">
   <testsuite name="analysis" tests="4" failures="0" errors="0" time="274.182" skips="0" timestamp="2021-12-03 10:21:37" hostname="Owner - aldy-tft" id="Test Suites/analysis">
      <properties>
         <property name="deviceName" value="samsung SM-A205F (Android 11)"/>
         <property name="devicePlatform" value=""/>
         <property name="logFolder" value="C:\\Users\\Owner\\Documents\\kerjaan\\KatalonProject\\qa-katalon-maxfund2\\Reports\\20211203_102130\\analysis\\20211203_102130"/>
         <property name="logFiles" value="C:\\Users\\Owner\\Documents\\kerjaan\\KatalonProject\\qa-katalon-maxfund2\\Reports\\20211203_102130\\analysis\\20211203_102130\\appium.log, C:\\Users\\Owner\\Documents\\kerjaan\\KatalonProject\\qa-katalon-maxfund2\\Reports\\20211203_102130\\analysis\\20211203_102130\\execution0.log"/>
         <property name="attachments" value=""/>
         <property name="hostName" value="Owner - aldy-tft"/>
         <property name="os" value="Windows 10 64bit"/>
         <property name="appiumServerStatus" value="{&quot;value&quot;:{&quot;build&quot;:{&quot;version&quot;:&quot;1.22.0&quot;}},&quot;sessionId&quot;:null,&quot;status&quot;:0}"/>
         <property name="katalonVersion" value="7.9.1.208"/>
         <property name="deviceOS" value="Android"/>
         <property name="appiumVersion" value="1.22.0"/>
         <property name="deviceModel" value="SM-A205F"/>
         <property name="hostAddress" value="192.168.18.37"/>
         <property name="deviceManufacturer" value="samsung"/>
         <property name="deviceId" value="RR8M40C9AXE"/>
         <property name="deviceName" value="samsung SM-A205F (Android 11)"/>
         <property name="deviceOSVersion" value="11"/>
      </properties>
      <testcase name="Test Cases/Mobile/Scenario/Analysis/001 - User akses techincal analysis" time="78.632" classname="Test Cases/Mobile/Scenario/Analysis/001 - User akses techincal analysis" status="PASSED">
         <system-out><![CDATA[2021-12-03 10:21:38 - [TEST_CASE][PASSED] - Test Cases/Mobile/Scenario/Analysis/001 - User akses techincal analysis: Test Cases/Mobile/Scenario/Analysis/001 - User akses techincal analysis

2021-12-03 10:21:38 - [TEST_STEP][PASSED] - callTestCase(findTestCase("Mobile/Page/Run App/Run App byID"), [:], STOP_ON_FAILURE): Call Test Case 'Test Cases/Mobile/Page/Run App/Run App byID' successfully

2021-12-03 10:21:38 - [TEST_CASE][PASSED] - Test Cases/Mobile/Page/Run App/Run App byID: Test Cases/Mobile/Page/Run App/Run App byID

2021-12-03 10:21:38 - [TEST_STEP][PASSED] - startApp.OpenApp.startApplication("id.co.miraeasset.sageclub"): startApp.OpenApp.startApplication is PASSED

2021-12-03 10:21:40 - [MESSAGE][INFO] - Appium server started on port 65,373

2021-12-03 10:21:55 - [MESSAGE][PASSED] - Starting app with application ID: 'id.co.miraeasset.sageclub'

2021-12-03 10:21:55 - [MESSAGE][PASSED] - startApp.OpenApp.startApplication is PASSED

2021-12-03 10:21:55 - [MESSAGE][PASSED] - Call Test Case 'Test Cases/Mobile/Page/Run App/Run App byID' successfully

2021-12-03 10:21:55 - [TEST_STEP][PASSED] - callTestCase(findTestCase("Mobile/Page/Analysis/Analysis"), ["action":"technicalsearch"], CONTINUE_ON_FAILURE): Call Test Case 'Test Cases/Mobile/Page/Analysis/Analysis' successfully

2021-12-03 10:21:55 - [TEST_CASE][PASSED] - Test Cases/Mobile/Page/Analysis/Analysis: Test Cases/Mobile/Page/Analysis/Analysis

2021-12-03 10:21:55 - [TEST_STEP][PASSED] - loginCheck = verifyElementExist(findTestObject("Object Repository/Mobile/Page/Login/Button - Login"), 2, CONTINUE_ON_FAILURE): Element 'Object Repository/Mobile/Page/Login/Button - Login' is exist

2021-12-03 10:21:57 - [MESSAGE][PASSED] - Element 'Object Repository/Mobile/Page/Login/Button - Login' is exist

2021-12-03 10:21:57 - [TEST_STEP][PASSED] - if (loginCheck): Call Test Case 'Test Cases/Mobile/Page/Login/Login' successfully

2021-12-03 10:21:57 - [TEST_STEP][PASSED] - callTestCase(findTestCase("Mobile/Page/Login/Login"), [:], CONTINUE_ON_FAILURE): Call Test Case 'Test Cases/Mobile/Page/Login/Login' successfully

2021-12-03 10:21:57 - [TEST_CASE][PASSED] - Test Cases/Mobile/Page/Login/Login: Test Cases/Mobile/Page/Login/Login

2021-12-03 10:21:57 - [TEST_STEP][PASSED] - delay(2): Delayed 2 second(s)

2021-12-03 10:21:59 - [MESSAGE][PASSED] - Delayed 2 second(s)

2021-12-03 10:21:59 - [TEST_STEP][PASSED] - tap(findTestObject("Object Repository/Mobile/Page/Login/Input - UserID"), 0): Tapped on element 'Object Repository/Mobile/Page/Login/Input - UserID'

2021-12-03 10:21:59 - [MESSAGE][WARNING] - Timeout '0' is invalid. Using default page load timeout: '60'

2021-12-03 10:22:00 - [MESSAGE][PASSED] - Tapped on element 'Object Repository/Mobile/Page/Login/Input - UserID'

2021-12-03 10:22:00 - [TEST_STEP][PASSED] - delay(1): Delayed 1 second(s)

2021-12-03 10:22:01 - [MESSAGE][PASSED] - Delayed 1 second(s)

2021-12-03 10:22:01 - [TEST_STEP][PASSED] - setText(findTestObject("Object Repository/Mobile/Page/Login/Input Rdy - UserID"), "anggaaditya", 0): Text 'anggaaditya' has been set to element 'Object Repository/Mobile/Page/Login/Input Rdy - UserID'

2021-12-03 10:22:01 - [MESSAGE][WARNING] - Timeout '0' is invalid. Using default page load timeout: '60'

2021-12-03 10:22:02 - [MESSAGE][PASSED] - Text 'anggaaditya' has been set to element 'Object Repository/Mobile/Page/Login/Input Rdy - UserID'

2021-12-03 10:22:02 - [TEST_STEP][PASSED] - delay(1): Delayed 1 second(s)

2021-12-03 10:22:03 - [MESSAGE][PASSED] - Delayed 1 second(s)

2021-12-03 10:22:03 - [TEST_STEP][PASSED] - hideKeyboard(): Keyboard is hidden

2021-12-03 10:22:08 - [MESSAGE][PASSED] - Keyboard is hidden

2021-12-03 10:22:08 - [TEST_STEP][PASSED] - tap(findTestObject("Object Repository/Mobile/Page/Login/Input - Password"), 0): Tapped on element 'Object Repository/Mobile/Page/Login/Input - Password'

2021-12-03 10:22:08 - [MESSAGE][WARNING] - Timeout '0' is invalid. Using default page load timeout: '60'

2021-12-03 10:22:09 - [MESSAGE][PASSED] - Tapped on element 'Object Repository/Mobile/Page/Login/Input - Password'

2021-12-03 10:22:09 - [TEST_STEP][PASSED] - delay(1): Delayed 1 second(s)

2021-12-03 10:22:10 - [MESSAGE][PASSED] - Delayed 1 second(s)

2021-12-03 10:22:10 - [TEST_STEP][PASSED] - setText(findTestObject("Object Repository/Mobile/Page/Login/Input Rdy - Password"), "Shalawa18", 0): Text 'Shalawa18' has been set to element 'Object Repository/Mobile/Page/Login/Input Rdy - Password'

2021-12-03 10:22:10 - [MESSAGE][WARNING] - Timeout '0' is invalid. Using default page load timeout: '60'

2021-12-03 10:22:11 - [MESSAGE][PASSED] - Text 'Shalawa18' has been set to element 'Object Repository/Mobile/Page/Login/Input Rdy - Password'

2021-12-03 10:22:11 - [TEST_STEP][PASSED] - delay(1): Delayed 1 second(s)

2021-12-03 10:22:12 - [MESSAGE][PASSED] - Delayed 1 second(s)

2021-12-03 10:22:12 - [TEST_STEP][PASSED] - hideKeyboard(): Keyboard is hidden

2021-12-03 10:22:18 - [MESSAGE][PASSED] - Keyboard is hidden

2021-12-03 10:22:18 - [TEST_STEP][PASSED] - tap(findTestObject("Object Repository/Mobile/Page/Login/Button - Login"), 0): Tapped on element 'Object Repository/Mobile/Page/Login/Button - Login'

2021-12-03 10:22:18 - [MESSAGE][WARNING] - Timeout '0' is invalid. Using default page load timeout: '60'

2021-12-03 10:22:18 - [MESSAGE][PASSED] - Tapped on element 'Object Repository/Mobile/Page/Login/Button - Login'

2021-12-03 10:22:18 - [TEST_STEP][PASSED] - delay(2): Delayed 2 second(s)

2021-12-03 10:22:20 - [MESSAGE][PASSED] - Delayed 2 second(s)

2021-12-03 10:22:20 - [MESSAGE][PASSED] - Call Test Case 'Test Cases/Mobile/Page/Login/Login' successfully

2021-12-03 10:22:20 - [TEST_STEP][PASSED] - tap(findTestObject("Object Repository/Mobile/Page/Home/Menubar - Analysis"), 0): Tapped on element 'Object Repository/Mobile/Page/Home/Menubar - Analysis'

2021-12-03 10:22:20 - [MESSAGE][WARNING] - Timeout '0' is invalid. Using default page load timeout: '60'

2021-12-03 10:22:22 - [MESSAGE][PASSED] - Tapped on element 'Object Repository/Mobile/Page/Home/Menubar - Analysis'

2021-12-03 10:22:22 - [TEST_STEP][PASSED] - delay(1): Delayed 1 second(s)

2021-12-03 10:22:23 - [MESSAGE][PASSED] - Delayed 1 second(s)

2021-12-03 10:22:23 - [TEST_STEP][PASSED] - for ([i = 0, i < 1, (i++)]): Delayed 2 second(s)

2021-12-03 10:22:23 - [TEST_STEP][PASSED] - if (action == "technicalsearch"): Delayed 2 second(s)

2021-12-03 10:22:23 - [TEST_STEP][PASSED] - tap(findTestObject("Object Repository/Mobile/Page/Analysis/Dropdown - Technical Indicator"), 0): Tapped on element 'Object Repository/Mobile/Page/Analysis/Dropdown - Technical Indicator'

2021-12-03 10:22:23 - [MESSAGE][WARNING] - Timeout '0' is invalid. Using default page load timeout: '60'

2021-12-03 10:22:24 - [MESSAGE][PASSED] - Tapped on element 'Object Repository/Mobile/Page/Analysis/Dropdown - Technical Indicator'

2021-12-03 10:22:24 - [TEST_STEP][PASSED] - delay(1): Delayed 1 second(s)

2021-12-03 10:22:25 - [MESSAGE][PASSED] - Delayed 1 second(s)

2021-12-03 10:22:25 - [TEST_STEP][PASSED] - tap(findTestObject("Object Repository/Mobile/Page/Analysis/Option Technical Indicator - All"), 0): Tapped on element 'Object Repository/Mobile/Page/Analysis/Option Technical Indicator - All'

2021-12-03 10:22:25 - [MESSAGE][WARNING] - Timeout '0' is invalid. Using default page load timeout: '60'

2021-12-03 10:22:26 - [MESSAGE][PASSED] - Tapped on element 'Object Repository/Mobile/Page/Analysis/Option Technical Indicator - All'

2021-12-03 10:22:26 - [TEST_STEP][PASSED] - delay(1): Delayed 1 second(s)

2021-12-03 10:22:27 - [MESSAGE][PASSED] - Delayed 1 second(s)

2021-12-03 10:22:27 - [TEST_STEP][PASSED] - tap(findTestObject("Object Repository/Mobile/Page/Analysis/Dropdown - Market Cap"), 0): Tapped on element 'Object Repository/Mobile/Page/Analysis/Dropdown - Market Cap'

2021-12-03 10:22:27 - [MESSAGE][WARNING] - Timeout '0' is invalid. Using default page load timeout: '60'

2021-12-03 10:22:28 - [MESSAGE][PASSED] - Tapped on element 'Object Repository/Mobile/Page/Analysis/Dropdown - Market Cap'

2021-12-03 10:22:28 - [TEST_STEP][PASSED] - delay(1): Delayed 1 second(s)

2021-12-03 10:22:29 - [MESSAGE][PASSED] - Delayed 1 second(s)

2021-12-03 10:22:29 - [TEST_STEP][PASSED] - tap(findTestObject("Object Repository/Mobile/Page/Analysis/Option Market Cap - 1 Trillion"), 0): Tapped on element 'Object Repository/Mobile/Page/Analysis/Option Market Cap - 1 Trillion'

2021-12-03 10:22:29 - [MESSAGE][WARNING] - Timeout '0' is invalid. Using default page load timeout: '60'

2021-12-03 10:22:31 - [MESSAGE][PASSED] - Tapped on element 'Object Repository/Mobile/Page/Analysis/Option Market Cap - 1 Trillion'

2021-12-03 10:22:31 - [TEST_STEP][PASSED] - delay(1): Delayed 1 second(s)

2021-12-03 10:22:32 - [MESSAGE][PASSED] - Delayed 1 second(s)

2021-12-03 10:22:32 - [TEST_STEP][PASSED] - tap(findTestObject("Object Repository/Mobile/Page/Analysis/Dropdown - Transaction"), 0): Tapped on element 'Object Repository/Mobile/Page/Analysis/Dropdown - Transaction'

2021-12-03 10:22:32 - [MESSAGE][WARNING] - Timeout '0' is invalid. Using default page load timeout: '60'

2021-12-03 10:22:33 - [MESSAGE][PASSED] - Tapped on element 'Object Repository/Mobile/Page/Analysis/Dropdown - Transaction'

2021-12-03 10:22:33 - [TEST_STEP][PASSED] - delay(1): Delayed 1 second(s)

2021-12-03 10:22:34 - [MESSAGE][PASSED] - Delayed 1 second(s)

2021-12-03 10:22:34 - [TEST_STEP][PASSED] - tap(findTestObject("Object Repository/Mobile/Page/Analysis/Option Transaction - 1 Billion"), 0): Tapped on element 'Object Repository/Mobile/Page/Analysis/Option Transaction - 1 Billion'

2021-12-03 10:22:34 - [MESSAGE][WARNING] - Timeout '0' is invalid. Using default page load timeout: '60'

2021-12-03 10:22:34 - [MESSAGE][PASSED] - Tapped on element 'Object Repository/Mobile/Page/Analysis/Option Transaction - 1 Billion'

2021-12-03 10:22:34 - [TEST_STEP][PASSED] - delay(1): Delayed 1 second(s)

2021-12-03 10:22:35 - [MESSAGE][PASSED] - Delayed 1 second(s)

2021-12-03 10:22:35 - [TEST_STEP][PASSED] - tap(findTestObject("Object Repository/Mobile/Page/Analysis/Dropdown - Time Frame"), 0): Tapped on element 'Object Repository/Mobile/Page/Analysis/Dropdown - Time Frame'

2021-12-03 10:22:35 - [MESSAGE][WARNING] - Timeout '0' is invalid. Using default page load timeout: '60'

2021-12-03 10:22:37 - [MESSAGE][PASSED] - Tapped on element 'Object Repository/Mobile/Page/Analysis/Dropdown - Time Frame'

2021-12-03 10:22:37 - [TEST_STEP][PASSED] - delay(1): Delayed 1 second(s)

2021-12-03 10:22:38 - [MESSAGE][PASSED] - Delayed 1 second(s)

2021-12-03 10:22:38 - [TEST_STEP][PASSED] - tap(findTestObject("Object Repository/Mobile/Page/Analysis/Option Time Frame - Daily"), 0): Tapped on element 'Object Repository/Mobile/Page/Analysis/Option Time Frame - Daily'

2021-12-03 10:22:38 - [MESSAGE][WARNING] - Timeout '0' is invalid. Using default page load timeout: '60'

2021-12-03 10:22:39 - [MESSAGE][PASSED] - Tapped on element 'Object Repository/Mobile/Page/Analysis/Option Time Frame - Daily'

2021-12-03 10:22:39 - [TEST_STEP][PASSED] - delay(1): Delayed 1 second(s)

2021-12-03 10:22:40 - [MESSAGE][PASSED] - Delayed 1 second(s)

2021-12-03 10:22:40 - [TEST_STEP][PASSED] - tap(findTestObject("Object Repository/Mobile/Page/Analysis/Dropdown - Index"), 0): Tapped on element 'Object Repository/Mobile/Page/Analysis/Dropdown - Index'

2021-12-03 10:22:40 - [MESSAGE][WARNING] - Timeout '0' is invalid. Using default page load timeout: '60'

2021-12-03 10:22:41 - [MESSAGE][PASSED] - Tapped on element 'Object Repository/Mobile/Page/Analysis/Dropdown - Index'

2021-12-03 10:22:41 - [TEST_STEP][PASSED] - delay(1): Delayed 1 second(s)

2021-12-03 10:22:42 - [MESSAGE][PASSED] - Delayed 1 second(s)

2021-12-03 10:22:42 - [TEST_STEP][PASSED] - tap(findTestObject("Object Repository/Mobile/Page/Analysis/Option Index - Idx30"), 0): Tapped on element 'Object Repository/Mobile/Page/Analysis/Option Index - Idx30'

2021-12-03 10:22:42 - [MESSAGE][WARNING] - Timeout '0' is invalid. Using default page load timeout: '60'

2021-12-03 10:22:44 - [MESSAGE][PASSED] - Tapped on element 'Object Repository/Mobile/Page/Analysis/Option Index - Idx30'

2021-12-03 10:22:44 - [TEST_STEP][PASSED] - delay(2): Delayed 2 second(s)

2021-12-03 10:22:46 - [MESSAGE][PASSED] - Delayed 2 second(s)

2021-12-03 10:22:46 - [MESSAGE][PASSED] - Call Test Case 'Test Cases/Mobile/Page/Analysis/Analysis' successfully

2021-12-03 10:22:46 - [TEST_STEP][PASSED] - callTestCase(findTestCase("Mobile/Page/Run App/Terminate App"), [:], STOP_ON_FAILURE): Call Test Case 'Test Cases/Mobile/Page/Run App/Terminate App' successfully

2021-12-03 10:22:46 - [TEST_CASE][PASSED] - Test Cases/Mobile/Page/Run App/Terminate App: Test Cases/Mobile/Page/Run App/Terminate App

2021-12-03 10:22:46 - [TEST_STEP][PASSED] - startApp.OpenApp.terminateApplication(): startApp.OpenApp.terminateApplication is PASSED

2021-12-03 10:22:49 - [MESSAGE][PASSED] - Delayed 3 second(s)

2021-12-03 10:22:49 - [MESSAGE][PASSED] - Current device physical width is 720

2021-12-03 10:22:50 - [MESSAGE][PASSED] - Current device physical height is 1423

2021-12-03 10:22:51 - [MESSAGE][PASSED] - Swiped from 360,853 to 360,142

2021-12-03 10:22:52 - [MESSAGE][PASSED] - Delayed 1 second(s)

2021-12-03 10:22:53 - [MESSAGE][PASSED] - Swiped from 360,853 to 360,142

2021-12-03 10:22:56 - [MESSAGE][PASSED] - Delayed 3 second(s)

2021-12-03 10:22:56 - [MESSAGE][PASSED] - startApp.OpenApp.terminateApplication is PASSED

2021-12-03 10:22:56 - [MESSAGE][PASSED] - Call Test Case 'Test Cases/Mobile/Page/Run App/Terminate App' successfully]]></system-out>
         <system-err><![CDATA[]]></system-err>
      </testcase>
      <testcase name="Test Cases/Mobile/Scenario/Analysis/002 - User memilih salah satu saham (chart)" time="64.968" classname="Test Cases/Mobile/Scenario/Analysis/002 - User memilih salah satu saham (chart)" status="PASSED">
         <system-out><![CDATA[2021-12-03 10:22:56 - [TEST_CASE][PASSED] - Test Cases/Mobile/Scenario/Analysis/002 - User memilih salah satu saham (chart): Test Cases/Mobile/Scenario/Analysis/002 - User memilih salah satu saham (chart)

2021-12-03 10:22:57 - [TEST_STEP][PASSED] - callTestCase(findTestCase("Mobile/Page/Run App/Run App byID"), [:], STOP_ON_FAILURE): Call Test Case 'Test Cases/Mobile/Page/Run App/Run App byID' successfully

2021-12-03 10:22:57 - [TEST_CASE][PASSED] - Test Cases/Mobile/Page/Run App/Run App byID: Test Cases/Mobile/Page/Run App/Run App byID

2021-12-03 10:22:57 - [TEST_STEP][PASSED] - startApp.OpenApp.startApplication("id.co.miraeasset.sageclub"): startApp.OpenApp.startApplication is PASSED

2021-12-03 10:23:09 - [MESSAGE][PASSED] - Starting app with application ID: 'id.co.miraeasset.sageclub'

2021-12-03 10:23:09 - [MESSAGE][PASSED] - startApp.OpenApp.startApplication is PASSED

2021-12-03 10:23:09 - [MESSAGE][PASSED] - Call Test Case 'Test Cases/Mobile/Page/Run App/Run App byID' successfully

2021-12-03 10:23:09 - [TEST_STEP][PASSED] - callTestCase(findTestCase("Mobile/Page/Analysis/Analysis"), ["action":"technicaldetail"], CONTINUE_ON_FAILURE): Call Test Case 'Test Cases/Mobile/Page/Analysis/Analysis' successfully

2021-12-03 10:23:09 - [TEST_CASE][PASSED] - Test Cases/Mobile/Page/Analysis/Analysis: Test Cases/Mobile/Page/Analysis/Analysis

2021-12-03 10:23:09 - [TEST_STEP][PASSED] - loginCheck = verifyElementExist(findTestObject("Object Repository/Mobile/Page/Login/Button - Login"), 2, CONTINUE_ON_FAILURE): Element 'Object Repository/Mobile/Page/Login/Button - Login' is exist

2021-12-03 10:23:11 - [MESSAGE][PASSED] - Element 'Object Repository/Mobile/Page/Login/Button - Login' is exist

2021-12-03 10:23:11 - [TEST_STEP][PASSED] - if (loginCheck): Call Test Case 'Test Cases/Mobile/Page/Login/Login' successfully

2021-12-03 10:23:11 - [TEST_STEP][PASSED] - callTestCase(findTestCase("Mobile/Page/Login/Login"), [:], CONTINUE_ON_FAILURE): Call Test Case 'Test Cases/Mobile/Page/Login/Login' successfully

2021-12-03 10:23:11 - [TEST_CASE][PASSED] - Test Cases/Mobile/Page/Login/Login: Test Cases/Mobile/Page/Login/Login

2021-12-03 10:23:11 - [TEST_STEP][PASSED] - delay(2): Delayed 2 second(s)

2021-12-03 10:23:13 - [MESSAGE][PASSED] - Delayed 2 second(s)

2021-12-03 10:23:13 - [TEST_STEP][PASSED] - tap(findTestObject("Object Repository/Mobile/Page/Login/Input - UserID"), 0): Tapped on element 'Object Repository/Mobile/Page/Login/Input - UserID'

2021-12-03 10:23:13 - [MESSAGE][WARNING] - Timeout '0' is invalid. Using default page load timeout: '60'

2021-12-03 10:23:14 - [MESSAGE][PASSED] - Tapped on element 'Object Repository/Mobile/Page/Login/Input - UserID'

2021-12-03 10:23:14 - [TEST_STEP][PASSED] - delay(1): Delayed 1 second(s)

2021-12-03 10:23:15 - [MESSAGE][PASSED] - Delayed 1 second(s)

2021-12-03 10:23:15 - [TEST_STEP][PASSED] - setText(findTestObject("Object Repository/Mobile/Page/Login/Input Rdy - UserID"), "anggaaditya", 0): Text 'anggaaditya' has been set to element 'Object Repository/Mobile/Page/Login/Input Rdy - UserID'

2021-12-03 10:23:15 - [MESSAGE][WARNING] - Timeout '0' is invalid. Using default page load timeout: '60'

2021-12-03 10:23:15 - [MESSAGE][PASSED] - Text 'anggaaditya' has been set to element 'Object Repository/Mobile/Page/Login/Input Rdy - UserID'

2021-12-03 10:23:15 - [TEST_STEP][PASSED] - delay(1): Delayed 1 second(s)

2021-12-03 10:23:16 - [MESSAGE][PASSED] - Delayed 1 second(s)

2021-12-03 10:23:16 - [TEST_STEP][PASSED] - hideKeyboard(): Keyboard is hidden

2021-12-03 10:23:21 - [MESSAGE][PASSED] - Keyboard is hidden

2021-12-03 10:23:21 - [TEST_STEP][PASSED] - tap(findTestObject("Object Repository/Mobile/Page/Login/Input - Password"), 0): Tapped on element 'Object Repository/Mobile/Page/Login/Input - Password'

2021-12-03 10:23:21 - [MESSAGE][WARNING] - Timeout '0' is invalid. Using default page load timeout: '60'

2021-12-03 10:23:21 - [MESSAGE][PASSED] - Tapped on element 'Object Repository/Mobile/Page/Login/Input - Password'

2021-12-03 10:23:21 - [TEST_STEP][PASSED] - delay(1): Delayed 1 second(s)

2021-12-03 10:23:22 - [MESSAGE][PASSED] - Delayed 1 second(s)

2021-12-03 10:23:22 - [TEST_STEP][PASSED] - setText(findTestObject("Object Repository/Mobile/Page/Login/Input Rdy - Password"), "Shalawa18", 0): Text 'Shalawa18' has been set to element 'Object Repository/Mobile/Page/Login/Input Rdy - Password'

2021-12-03 10:23:22 - [MESSAGE][WARNING] - Timeout '0' is invalid. Using default page load timeout: '60'

2021-12-03 10:23:23 - [MESSAGE][PASSED] - Text 'Shalawa18' has been set to element 'Object Repository/Mobile/Page/Login/Input Rdy - Password'

2021-12-03 10:23:23 - [TEST_STEP][PASSED] - delay(1): Delayed 1 second(s)

2021-12-03 10:23:24 - [MESSAGE][PASSED] - Delayed 1 second(s)

2021-12-03 10:23:24 - [TEST_STEP][PASSED] - hideKeyboard(): Keyboard is hidden

2021-12-03 10:23:30 - [MESSAGE][PASSED] - Keyboard is hidden

2021-12-03 10:23:30 - [TEST_STEP][PASSED] - tap(findTestObject("Object Repository/Mobile/Page/Login/Button - Login"), 0): Tapped on element 'Object Repository/Mobile/Page/Login/Button - Login'

2021-12-03 10:23:30 - [MESSAGE][WARNING] - Timeout '0' is invalid. Using default page load timeout: '60'

2021-12-03 10:23:31 - [MESSAGE][PASSED] - Tapped on element 'Object Repository/Mobile/Page/Login/Button - Login'

2021-12-03 10:23:31 - [TEST_STEP][PASSED] - delay(2): Delayed 2 second(s)

2021-12-03 10:23:33 - [MESSAGE][PASSED] - Delayed 2 second(s)

2021-12-03 10:23:33 - [MESSAGE][PASSED] - Call Test Case 'Test Cases/Mobile/Page/Login/Login' successfully

2021-12-03 10:23:33 - [TEST_STEP][PASSED] - tap(findTestObject("Object Repository/Mobile/Page/Home/Menubar - Analysis"), 0): Tapped on element 'Object Repository/Mobile/Page/Home/Menubar - Analysis'

2021-12-03 10:23:33 - [MESSAGE][WARNING] - Timeout '0' is invalid. Using default page load timeout: '60'

2021-12-03 10:23:34 - [MESSAGE][PASSED] - Tapped on element 'Object Repository/Mobile/Page/Home/Menubar - Analysis'

2021-12-03 10:23:34 - [TEST_STEP][PASSED] - delay(1): Delayed 1 second(s)

2021-12-03 10:23:35 - [MESSAGE][PASSED] - Delayed 1 second(s)

2021-12-03 10:23:35 - [TEST_STEP][PASSED] - for ([i = 0, i < 1, (i++)]): Delayed 2 second(s)

2021-12-03 10:23:35 - [TEST_STEP][PASSED] - if (action == "technicalsearch"): null

2021-12-03 10:23:35 - [TEST_STEP][PASSED] - else if (action == "technicaldetail"): Delayed 2 second(s)

2021-12-03 10:23:35 - [TEST_STEP][PASSED] - tap(findTestObject("Object Repository/Mobile/Page/Analysis/Item - Top Technical"), 0): Tapped on element 'Object Repository/Mobile/Page/Analysis/Item - Top Technical'

2021-12-03 10:23:35 - [MESSAGE][WARNING] - Timeout '0' is invalid. Using default page load timeout: '60'

2021-12-03 10:23:35 - [MESSAGE][PASSED] - Tapped on element 'Object Repository/Mobile/Page/Analysis/Item - Top Technical'

2021-12-03 10:23:35 - [TEST_STEP][PASSED] - delay(3): Delayed 3 second(s)

2021-12-03 10:23:38 - [MESSAGE][PASSED] - Delayed 3 second(s)

2021-12-03 10:23:38 - [TEST_STEP][PASSED] - tap(findTestObject("Object Repository/Mobile/Page/Analysis/Detail/Button - D"), 0): Tapped on element 'Object Repository/Mobile/Page/Analysis/Detail/Button - D'

2021-12-03 10:23:38 - [MESSAGE][WARNING] - Timeout '0' is invalid. Using default page load timeout: '60'

2021-12-03 10:23:39 - [MESSAGE][PASSED] - Tapped on element 'Object Repository/Mobile/Page/Analysis/Detail/Button - D'

2021-12-03 10:23:39 - [TEST_STEP][PASSED] - delay(2): Delayed 2 second(s)

2021-12-03 10:23:41 - [MESSAGE][PASSED] - Delayed 2 second(s)

2021-12-03 10:23:41 - [TEST_STEP][PASSED] - tap(findTestObject("Object Repository/Mobile/Page/Analysis/Detail/Button - W"), 0): Tapped on element 'Object Repository/Mobile/Page/Analysis/Detail/Button - W'

2021-12-03 10:23:41 - [MESSAGE][WARNING] - Timeout '0' is invalid. Using default page load timeout: '60'

2021-12-03 10:23:43 - [MESSAGE][PASSED] - Tapped on element 'Object Repository/Mobile/Page/Analysis/Detail/Button - W'

2021-12-03 10:23:43 - [TEST_STEP][PASSED] - delay(2): Delayed 2 second(s)

2021-12-03 10:23:45 - [MESSAGE][PASSED] - Delayed 2 second(s)

2021-12-03 10:23:45 - [TEST_STEP][PASSED] - tap(findTestObject("Object Repository/Mobile/Page/Analysis/Detail/Button - M"), 0): Tapped on element 'Object Repository/Mobile/Page/Analysis/Detail/Button - M'

2021-12-03 10:23:45 - [MESSAGE][WARNING] - Timeout '0' is invalid. Using default page load timeout: '60'

2021-12-03 10:23:45 - [MESSAGE][PASSED] - Tapped on element 'Object Repository/Mobile/Page/Analysis/Detail/Button - M'

2021-12-03 10:23:45 - [TEST_STEP][PASSED] - delay(2): Delayed 2 second(s)

2021-12-03 10:23:47 - [MESSAGE][PASSED] - Delayed 2 second(s)

2021-12-03 10:23:47 - [TEST_STEP][PASSED] - tap(findTestObject("Object Repository/Mobile/Page/Analysis/Detail/Button - Y"), 0): Tapped on element 'Object Repository/Mobile/Page/Analysis/Detail/Button - Y'

2021-12-03 10:23:47 - [MESSAGE][WARNING] - Timeout '0' is invalid. Using default page load timeout: '60'

2021-12-03 10:23:49 - [MESSAGE][PASSED] - Tapped on element 'Object Repository/Mobile/Page/Analysis/Detail/Button - Y'

2021-12-03 10:23:49 - [TEST_STEP][PASSED] - delay(2): Delayed 2 second(s)

2021-12-03 10:23:51 - [MESSAGE][PASSED] - Delayed 2 second(s)

2021-12-03 10:23:51 - [MESSAGE][PASSED] - Call Test Case 'Test Cases/Mobile/Page/Analysis/Analysis' successfully

2021-12-03 10:23:51 - [TEST_STEP][PASSED] - callTestCase(findTestCase("Mobile/Page/Run App/Terminate App"), [:], STOP_ON_FAILURE): Call Test Case 'Test Cases/Mobile/Page/Run App/Terminate App' successfully

2021-12-03 10:23:51 - [TEST_CASE][PASSED] - Test Cases/Mobile/Page/Run App/Terminate App: Test Cases/Mobile/Page/Run App/Terminate App

2021-12-03 10:23:51 - [TEST_STEP][PASSED] - startApp.OpenApp.terminateApplication(): startApp.OpenApp.terminateApplication is PASSED

2021-12-03 10:23:54 - [MESSAGE][PASSED] - Delayed 3 second(s)

2021-12-03 10:23:54 - [MESSAGE][PASSED] - Current device physical width is 720

2021-12-03 10:23:54 - [MESSAGE][PASSED] - Current device physical height is 1423

2021-12-03 10:23:56 - [MESSAGE][PASSED] - Swiped from 360,853 to 360,142

2021-12-03 10:23:57 - [MESSAGE][PASSED] - Delayed 1 second(s)

2021-12-03 10:23:58 - [MESSAGE][PASSED] - Swiped from 360,853 to 360,142

2021-12-03 10:24:01 - [MESSAGE][PASSED] - Delayed 3 second(s)

2021-12-03 10:24:01 - [MESSAGE][PASSED] - startApp.OpenApp.terminateApplication is PASSED

2021-12-03 10:24:01 - [MESSAGE][PASSED] - Call Test Case 'Test Cases/Mobile/Page/Run App/Terminate App' successfully]]></system-out>
         <system-err><![CDATA[]]></system-err>
      </testcase>
      <testcase name="Test Cases/Mobile/Scenario/Analysis/003 - User memilh Research Report" time="61.945" classname="Test Cases/Mobile/Scenario/Analysis/003 - User memilh Research Report" status="PASSED">
         <system-out><![CDATA[2021-12-03 10:24:01 - [TEST_CASE][PASSED] - Test Cases/Mobile/Scenario/Analysis/003 - User memilh Research Report: Test Cases/Mobile/Scenario/Analysis/003 - User memilh Research Report

2021-12-03 10:24:01 - [TEST_STEP][PASSED] - callTestCase(findTestCase("Mobile/Page/Run App/Run App byID"), [:], STOP_ON_FAILURE): Call Test Case 'Test Cases/Mobile/Page/Run App/Run App byID' successfully

2021-12-03 10:24:02 - [TEST_CASE][PASSED] - Test Cases/Mobile/Page/Run App/Run App byID: Test Cases/Mobile/Page/Run App/Run App byID

2021-12-03 10:24:02 - [TEST_STEP][PASSED] - startApp.OpenApp.startApplication("id.co.miraeasset.sageclub"): startApp.OpenApp.startApplication is PASSED

2021-12-03 10:24:14 - [MESSAGE][PASSED] - Starting app with application ID: 'id.co.miraeasset.sageclub'

2021-12-03 10:24:14 - [MESSAGE][PASSED] - startApp.OpenApp.startApplication is PASSED

2021-12-03 10:24:14 - [MESSAGE][PASSED] - Call Test Case 'Test Cases/Mobile/Page/Run App/Run App byID' successfully

2021-12-03 10:24:14 - [TEST_STEP][PASSED] - callTestCase(findTestCase("Mobile/Page/Analysis/Analysis"), ["action":"researchdetail"], CONTINUE_ON_FAILURE): Call Test Case 'Test Cases/Mobile/Page/Analysis/Analysis' successfully

2021-12-03 10:24:14 - [TEST_CASE][PASSED] - Test Cases/Mobile/Page/Analysis/Analysis: Test Cases/Mobile/Page/Analysis/Analysis

2021-12-03 10:24:14 - [TEST_STEP][PASSED] - loginCheck = verifyElementExist(findTestObject("Object Repository/Mobile/Page/Login/Button - Login"), 2, CONTINUE_ON_FAILURE): Element 'Object Repository/Mobile/Page/Login/Button - Login' is exist

2021-12-03 10:24:16 - [MESSAGE][PASSED] - Element 'Object Repository/Mobile/Page/Login/Button - Login' is exist

2021-12-03 10:24:16 - [TEST_STEP][PASSED] - if (loginCheck): Call Test Case 'Test Cases/Mobile/Page/Login/Login' successfully

2021-12-03 10:24:16 - [TEST_STEP][PASSED] - callTestCase(findTestCase("Mobile/Page/Login/Login"), [:], CONTINUE_ON_FAILURE): Call Test Case 'Test Cases/Mobile/Page/Login/Login' successfully

2021-12-03 10:24:16 - [TEST_CASE][PASSED] - Test Cases/Mobile/Page/Login/Login: Test Cases/Mobile/Page/Login/Login

2021-12-03 10:24:16 - [TEST_STEP][PASSED] - delay(2): Delayed 2 second(s)

2021-12-03 10:24:18 - [MESSAGE][PASSED] - Delayed 2 second(s)

2021-12-03 10:24:18 - [TEST_STEP][PASSED] - tap(findTestObject("Object Repository/Mobile/Page/Login/Input - UserID"), 0): Tapped on element 'Object Repository/Mobile/Page/Login/Input - UserID'

2021-12-03 10:24:18 - [MESSAGE][WARNING] - Timeout '0' is invalid. Using default page load timeout: '60'

2021-12-03 10:24:19 - [MESSAGE][PASSED] - Tapped on element 'Object Repository/Mobile/Page/Login/Input - UserID'

2021-12-03 10:24:19 - [TEST_STEP][PASSED] - delay(1): Delayed 1 second(s)

2021-12-03 10:24:20 - [MESSAGE][PASSED] - Delayed 1 second(s)

2021-12-03 10:24:20 - [TEST_STEP][PASSED] - setText(findTestObject("Object Repository/Mobile/Page/Login/Input Rdy - UserID"), "anggaaditya", 0): Text 'anggaaditya' has been set to element 'Object Repository/Mobile/Page/Login/Input Rdy - UserID'

2021-12-03 10:24:20 - [MESSAGE][WARNING] - Timeout '0' is invalid. Using default page load timeout: '60'

2021-12-03 10:24:20 - [MESSAGE][PASSED] - Text 'anggaaditya' has been set to element 'Object Repository/Mobile/Page/Login/Input Rdy - UserID'

2021-12-03 10:24:20 - [TEST_STEP][PASSED] - delay(1): Delayed 1 second(s)

2021-12-03 10:24:21 - [MESSAGE][PASSED] - Delayed 1 second(s)

2021-12-03 10:24:21 - [TEST_STEP][PASSED] - hideKeyboard(): Keyboard is hidden

2021-12-03 10:24:25 - [MESSAGE][PASSED] - Keyboard is hidden

2021-12-03 10:24:25 - [TEST_STEP][PASSED] - tap(findTestObject("Object Repository/Mobile/Page/Login/Input - Password"), 0): Tapped on element 'Object Repository/Mobile/Page/Login/Input - Password'

2021-12-03 10:24:25 - [MESSAGE][WARNING] - Timeout '0' is invalid. Using default page load timeout: '60'

2021-12-03 10:24:26 - [MESSAGE][PASSED] - Tapped on element 'Object Repository/Mobile/Page/Login/Input - Password'

2021-12-03 10:24:26 - [TEST_STEP][PASSED] - delay(1): Delayed 1 second(s)

2021-12-03 10:24:27 - [MESSAGE][PASSED] - Delayed 1 second(s)

2021-12-03 10:24:27 - [TEST_STEP][PASSED] - setText(findTestObject("Object Repository/Mobile/Page/Login/Input Rdy - Password"), "Shalawa18", 0): Text 'Shalawa18' has been set to element 'Object Repository/Mobile/Page/Login/Input Rdy - Password'

2021-12-03 10:24:27 - [MESSAGE][WARNING] - Timeout '0' is invalid. Using default page load timeout: '60'

2021-12-03 10:24:27 - [MESSAGE][PASSED] - Text 'Shalawa18' has been set to element 'Object Repository/Mobile/Page/Login/Input Rdy - Password'

2021-12-03 10:24:27 - [TEST_STEP][PASSED] - delay(1): Delayed 1 second(s)

2021-12-03 10:24:28 - [MESSAGE][PASSED] - Delayed 1 second(s)

2021-12-03 10:24:28 - [TEST_STEP][PASSED] - hideKeyboard(): Keyboard is hidden

2021-12-03 10:24:34 - [MESSAGE][PASSED] - Keyboard is hidden

2021-12-03 10:24:34 - [TEST_STEP][PASSED] - tap(findTestObject("Object Repository/Mobile/Page/Login/Button - Login"), 0): Tapped on element 'Object Repository/Mobile/Page/Login/Button - Login'

2021-12-03 10:24:35 - [MESSAGE][WARNING] - Timeout '0' is invalid. Using default page load timeout: '60'

2021-12-03 10:24:36 - [MESSAGE][PASSED] - Tapped on element 'Object Repository/Mobile/Page/Login/Button - Login'

2021-12-03 10:24:36 - [TEST_STEP][PASSED] - delay(2): Delayed 2 second(s)

2021-12-03 10:24:38 - [MESSAGE][PASSED] - Delayed 2 second(s)

2021-12-03 10:24:38 - [MESSAGE][PASSED] - Call Test Case 'Test Cases/Mobile/Page/Login/Login' successfully

2021-12-03 10:24:38 - [TEST_STEP][PASSED] - tap(findTestObject("Object Repository/Mobile/Page/Home/Menubar - Analysis"), 0): Tapped on element 'Object Repository/Mobile/Page/Home/Menubar - Analysis'

2021-12-03 10:24:38 - [MESSAGE][WARNING] - Timeout '0' is invalid. Using default page load timeout: '60'

2021-12-03 10:24:38 - [MESSAGE][PASSED] - Tapped on element 'Object Repository/Mobile/Page/Home/Menubar - Analysis'

2021-12-03 10:24:38 - [TEST_STEP][PASSED] - delay(1): Delayed 1 second(s)

2021-12-03 10:24:39 - [MESSAGE][PASSED] - Delayed 1 second(s)

2021-12-03 10:24:39 - [TEST_STEP][PASSED] - for ([i = 0, i < 1, (i++)]): Press back button successfully

2021-12-03 10:24:39 - [TEST_STEP][PASSED] - if (action == "technicalsearch"): null

2021-12-03 10:24:39 - [TEST_STEP][PASSED] - else if (action == "technicaldetail"): null

2021-12-03 10:24:39 - [TEST_STEP][PASSED] - else if (action == "researchdetail"): Press back button successfully

2021-12-03 10:24:39 - [TEST_STEP][PASSED] - tap(findTestObject("Object Repository/Mobile/Page/Analysis/Tab - Research Report"), 0): Tapped on element 'Object Repository/Mobile/Page/Analysis/Tab - Research Report'

2021-12-03 10:24:39 - [MESSAGE][WARNING] - Timeout '0' is invalid. Using default page load timeout: '60'

2021-12-03 10:24:41 - [MESSAGE][PASSED] - Tapped on element 'Object Repository/Mobile/Page/Analysis/Tab - Research Report'

2021-12-03 10:24:41 - [TEST_STEP][PASSED] - delay(1): Delayed 1 second(s)

2021-12-03 10:24:42 - [MESSAGE][PASSED] - Delayed 1 second(s)

2021-12-03 10:24:42 - [TEST_STEP][PASSED] - tapAndHold(findTestObject("Object Repository/Mobile/Page/Analysis/Item - Top Search"), 1, 0): Tapped and held on element 'Object Repository/Mobile/Page/Analysis/Item - Top Search' with duration 1

2021-12-03 10:24:42 - [MESSAGE][WARNING] - Timeout '0' is invalid. Using default page load timeout: '60'

2021-12-03 10:24:45 - [MESSAGE][PASSED] - Tapped and held on element 'Object Repository/Mobile/Page/Analysis/Item - Top Search' with duration 1

2021-12-03 10:24:45 - [TEST_STEP][PASSED] - delay(3): Delayed 3 second(s)

2021-12-03 10:24:48 - [MESSAGE][PASSED] - Delayed 3 second(s)

2021-12-03 10:24:48 - [TEST_STEP][PASSED] - tap(findTestObject("Object Repository/Mobile/Page/Analysis/Button - Open With Just Once"), 0): Tapped on element 'Object Repository/Mobile/Page/Analysis/Button - Open With Just Once'

2021-12-03 10:24:48 - [MESSAGE][WARNING] - Timeout '0' is invalid. Using default page load timeout: '60'

2021-12-03 10:24:48 - [MESSAGE][PASSED] - Tapped on element 'Object Repository/Mobile/Page/Analysis/Button - Open With Just Once'

2021-12-03 10:24:48 - [TEST_STEP][PASSED] - delay(3): Delayed 3 second(s)

2021-12-03 10:24:51 - [MESSAGE][PASSED] - Delayed 3 second(s)

2021-12-03 10:24:51 - [TEST_STEP][PASSED] - pressBack(): Press back button successfully

2021-12-03 10:24:52 - [MESSAGE][PASSED] - Press back button successfully

2021-12-03 10:24:52 - [MESSAGE][PASSED] - Call Test Case 'Test Cases/Mobile/Page/Analysis/Analysis' successfully

2021-12-03 10:24:52 - [TEST_STEP][PASSED] - callTestCase(findTestCase("Mobile/Page/Run App/Terminate App"), [:], STOP_ON_FAILURE): Call Test Case 'Test Cases/Mobile/Page/Run App/Terminate App' successfully

2021-12-03 10:24:52 - [TEST_CASE][PASSED] - Test Cases/Mobile/Page/Run App/Terminate App: Test Cases/Mobile/Page/Run App/Terminate App

2021-12-03 10:24:52 - [TEST_STEP][PASSED] - startApp.OpenApp.terminateApplication(): startApp.OpenApp.terminateApplication is PASSED

2021-12-03 10:24:56 - [MESSAGE][PASSED] - Delayed 3 second(s)

2021-12-03 10:24:56 - [MESSAGE][PASSED] - Current device physical width is 720

2021-12-03 10:24:57 - [MESSAGE][PASSED] - Current device physical height is 1423

2021-12-03 10:24:58 - [MESSAGE][PASSED] - Swiped from 360,853 to 360,142

2021-12-03 10:24:59 - [MESSAGE][PASSED] - Delayed 1 second(s)

2021-12-03 10:25:00 - [MESSAGE][PASSED] - Swiped from 360,853 to 360,142

2021-12-03 10:25:03 - [MESSAGE][PASSED] - Delayed 3 second(s)

2021-12-03 10:25:03 - [MESSAGE][PASSED] - startApp.OpenApp.terminateApplication is PASSED

2021-12-03 10:25:03 - [MESSAGE][PASSED] - Call Test Case 'Test Cases/Mobile/Page/Run App/Terminate App' successfully]]></system-out>
         <system-err><![CDATA[]]></system-err>
      </testcase>
      <testcase name="Test Cases/Mobile/Scenario/Analysis/004 - User mencari research report" time="67.72" classname="Test Cases/Mobile/Scenario/Analysis/004 - User mencari research report" status="PASSED">
         <system-out><![CDATA[2021-12-03 10:25:03 - [TEST_CASE][PASSED] - Test Cases/Mobile/Scenario/Analysis/004 - User mencari research report: Test Cases/Mobile/Scenario/Analysis/004 - User mencari research report

2021-12-03 10:25:03 - [TEST_STEP][PASSED] - callTestCase(findTestCase("Mobile/Page/Run App/Run App byID"), [:], STOP_ON_FAILURE): Call Test Case 'Test Cases/Mobile/Page/Run App/Run App byID' successfully

2021-12-03 10:25:03 - [TEST_CASE][PASSED] - Test Cases/Mobile/Page/Run App/Run App byID: Test Cases/Mobile/Page/Run App/Run App byID

2021-12-03 10:25:03 - [TEST_STEP][PASSED] - startApp.OpenApp.startApplication("id.co.miraeasset.sageclub"): startApp.OpenApp.startApplication is PASSED

2021-12-03 10:25:16 - [MESSAGE][PASSED] - Starting app with application ID: 'id.co.miraeasset.sageclub'

2021-12-03 10:25:16 - [MESSAGE][PASSED] - startApp.OpenApp.startApplication is PASSED

2021-12-03 10:25:16 - [MESSAGE][PASSED] - Call Test Case 'Test Cases/Mobile/Page/Run App/Run App byID' successfully

2021-12-03 10:25:16 - [TEST_STEP][PASSED] - callTestCase(findTestCase("Mobile/Page/Analysis/Analysis"), ["action":"researchsearch"], CONTINUE_ON_FAILURE): Call Test Case 'Test Cases/Mobile/Page/Analysis/Analysis' successfully

2021-12-03 10:25:17 - [TEST_CASE][PASSED] - Test Cases/Mobile/Page/Analysis/Analysis: Test Cases/Mobile/Page/Analysis/Analysis

2021-12-03 10:25:17 - [TEST_STEP][PASSED] - loginCheck = verifyElementExist(findTestObject("Object Repository/Mobile/Page/Login/Button - Login"), 2, CONTINUE_ON_FAILURE): Element 'Object Repository/Mobile/Page/Login/Button - Login' is exist

2021-12-03 10:25:18 - [MESSAGE][PASSED] - Element 'Object Repository/Mobile/Page/Login/Button - Login' is exist

2021-12-03 10:25:19 - [TEST_STEP][PASSED] - if (loginCheck): Call Test Case 'Test Cases/Mobile/Page/Login/Login' successfully

2021-12-03 10:25:19 - [TEST_STEP][PASSED] - callTestCase(findTestCase("Mobile/Page/Login/Login"), [:], CONTINUE_ON_FAILURE): Call Test Case 'Test Cases/Mobile/Page/Login/Login' successfully

2021-12-03 10:25:19 - [TEST_CASE][PASSED] - Test Cases/Mobile/Page/Login/Login: Test Cases/Mobile/Page/Login/Login

2021-12-03 10:25:19 - [TEST_STEP][PASSED] - delay(2): Delayed 2 second(s)

2021-12-03 10:25:21 - [MESSAGE][PASSED] - Delayed 2 second(s)

2021-12-03 10:25:21 - [TEST_STEP][PASSED] - tap(findTestObject("Object Repository/Mobile/Page/Login/Input - UserID"), 0): Tapped on element 'Object Repository/Mobile/Page/Login/Input - UserID'

2021-12-03 10:25:21 - [MESSAGE][WARNING] - Timeout '0' is invalid. Using default page load timeout: '60'

2021-12-03 10:25:21 - [MESSAGE][PASSED] - Tapped on element 'Object Repository/Mobile/Page/Login/Input - UserID'

2021-12-03 10:25:21 - [TEST_STEP][PASSED] - delay(1): Delayed 1 second(s)

2021-12-03 10:25:22 - [MESSAGE][PASSED] - Delayed 1 second(s)

2021-12-03 10:25:22 - [TEST_STEP][PASSED] - setText(findTestObject("Object Repository/Mobile/Page/Login/Input Rdy - UserID"), "anggaaditya", 0): Text 'anggaaditya' has been set to element 'Object Repository/Mobile/Page/Login/Input Rdy - UserID'

2021-12-03 10:25:22 - [MESSAGE][WARNING] - Timeout '0' is invalid. Using default page load timeout: '60'

2021-12-03 10:25:23 - [MESSAGE][PASSED] - Text 'anggaaditya' has been set to element 'Object Repository/Mobile/Page/Login/Input Rdy - UserID'

2021-12-03 10:25:23 - [TEST_STEP][PASSED] - delay(1): Delayed 1 second(s)

2021-12-03 10:25:24 - [MESSAGE][PASSED] - Delayed 1 second(s)

2021-12-03 10:25:24 - [TEST_STEP][PASSED] - hideKeyboard(): Keyboard is hidden

2021-12-03 10:25:28 - [MESSAGE][PASSED] - Keyboard is hidden

2021-12-03 10:25:28 - [TEST_STEP][PASSED] - tap(findTestObject("Object Repository/Mobile/Page/Login/Input - Password"), 0): Tapped on element 'Object Repository/Mobile/Page/Login/Input - Password'

2021-12-03 10:25:28 - [MESSAGE][WARNING] - Timeout '0' is invalid. Using default page load timeout: '60'

2021-12-03 10:25:30 - [MESSAGE][PASSED] - Tapped on element 'Object Repository/Mobile/Page/Login/Input - Password'

2021-12-03 10:25:30 - [TEST_STEP][PASSED] - delay(1): Delayed 1 second(s)

2021-12-03 10:25:31 - [MESSAGE][PASSED] - Delayed 1 second(s)

2021-12-03 10:25:31 - [TEST_STEP][PASSED] - setText(findTestObject("Object Repository/Mobile/Page/Login/Input Rdy - Password"), "Shalawa18", 0): Text 'Shalawa18' has been set to element 'Object Repository/Mobile/Page/Login/Input Rdy - Password'

2021-12-03 10:25:31 - [MESSAGE][WARNING] - Timeout '0' is invalid. Using default page load timeout: '60'

2021-12-03 10:25:31 - [MESSAGE][PASSED] - Text 'Shalawa18' has been set to element 'Object Repository/Mobile/Page/Login/Input Rdy - Password'

2021-12-03 10:25:31 - [TEST_STEP][PASSED] - delay(1): Delayed 1 second(s)

2021-12-03 10:25:32 - [MESSAGE][PASSED] - Delayed 1 second(s)

2021-12-03 10:25:32 - [TEST_STEP][PASSED] - hideKeyboard(): Keyboard is hidden

2021-12-03 10:25:38 - [MESSAGE][PASSED] - Keyboard is hidden

2021-12-03 10:25:38 - [TEST_STEP][PASSED] - tap(findTestObject("Object Repository/Mobile/Page/Login/Button - Login"), 0): Tapped on element 'Object Repository/Mobile/Page/Login/Button - Login'

2021-12-03 10:25:38 - [MESSAGE][WARNING] - Timeout '0' is invalid. Using default page load timeout: '60'

2021-12-03 10:25:39 - [MESSAGE][PASSED] - Tapped on element 'Object Repository/Mobile/Page/Login/Button - Login'

2021-12-03 10:25:39 - [TEST_STEP][PASSED] - delay(2): Delayed 2 second(s)

2021-12-03 10:25:41 - [MESSAGE][PASSED] - Delayed 2 second(s)

2021-12-03 10:25:41 - [MESSAGE][PASSED] - Call Test Case 'Test Cases/Mobile/Page/Login/Login' successfully

2021-12-03 10:25:41 - [TEST_STEP][PASSED] - tap(findTestObject("Object Repository/Mobile/Page/Home/Menubar - Analysis"), 0): Tapped on element 'Object Repository/Mobile/Page/Home/Menubar - Analysis'

2021-12-03 10:25:41 - [MESSAGE][WARNING] - Timeout '0' is invalid. Using default page load timeout: '60'

2021-12-03 10:25:42 - [MESSAGE][PASSED] - Tapped on element 'Object Repository/Mobile/Page/Home/Menubar - Analysis'

2021-12-03 10:25:42 - [TEST_STEP][PASSED] - delay(1): Delayed 1 second(s)

2021-12-03 10:25:43 - [MESSAGE][PASSED] - Delayed 1 second(s)

2021-12-03 10:25:43 - [TEST_STEP][PASSED] - for ([i = 0, i < 1, (i++)]): Press back button successfully

2021-12-03 10:25:43 - [TEST_STEP][PASSED] - if (action == "technicalsearch"): null

2021-12-03 10:25:43 - [TEST_STEP][PASSED] - else if (action == "technicaldetail"): null

2021-12-03 10:25:43 - [TEST_STEP][PASSED] - else if (action == "researchdetail"): null

2021-12-03 10:25:43 - [TEST_STEP][PASSED] - else if (action == "researchsearch"): Press back button successfully

2021-12-03 10:25:43 - [TEST_STEP][PASSED] - tap(findTestObject("Object Repository/Mobile/Page/Analysis/Tab - Research Report"), 0): Tapped on element 'Object Repository/Mobile/Page/Analysis/Tab - Research Report'

2021-12-03 10:25:43 - [MESSAGE][WARNING] - Timeout '0' is invalid. Using default page load timeout: '60'

2021-12-03 10:25:43 - [MESSAGE][PASSED] - Tapped on element 'Object Repository/Mobile/Page/Analysis/Tab - Research Report'

2021-12-03 10:25:43 - [TEST_STEP][PASSED] - delay(1): Delayed 1 second(s)

2021-12-03 10:25:44 - [MESSAGE][PASSED] - Delayed 1 second(s)

2021-12-03 10:25:44 - [TEST_STEP][PASSED] - tap(findTestObject("Object Repository/Mobile/Page/Analysis/Input - Search"), 0): Tapped on element 'Object Repository/Mobile/Page/Analysis/Input - Search'

2021-12-03 10:25:44 - [MESSAGE][WARNING] - Timeout '0' is invalid. Using default page load timeout: '60'

2021-12-03 10:25:45 - [MESSAGE][PASSED] - Tapped on element 'Object Repository/Mobile/Page/Analysis/Input - Search'

2021-12-03 10:25:45 - [TEST_STEP][PASSED] - delay(1): Delayed 1 second(s)

2021-12-03 10:25:46 - [MESSAGE][PASSED] - Delayed 1 second(s)

2021-12-03 10:25:46 - [TEST_STEP][PASSED] - setText(findTestObject("Object Repository/Mobile/Page/Analysis/Input - Search"), "surya", 0): Text 'surya' has been set to element 'Object Repository/Mobile/Page/Analysis/Input - Search'

2021-12-03 10:25:46 - [MESSAGE][WARNING] - Timeout '0' is invalid. Using default page load timeout: '60'

2021-12-03 10:25:46 - [MESSAGE][PASSED] - Text 'surya' has been set to element 'Object Repository/Mobile/Page/Analysis/Input - Search'

2021-12-03 10:25:46 - [TEST_STEP][PASSED] - hideKeyboard(): Keyboard is hidden

2021-12-03 10:25:50 - [MESSAGE][PASSED] - Keyboard is hidden

2021-12-03 10:25:50 - [TEST_STEP][PASSED] - tapAndHold(findTestObject("Object Repository/Mobile/Page/Analysis/Item - Top Search"), 1, 0): Tapped and held on element 'Object Repository/Mobile/Page/Analysis/Item - Top Search' with duration 1

2021-12-03 10:25:50 - [MESSAGE][WARNING] - Timeout '0' is invalid. Using default page load timeout: '60'

2021-12-03 10:25:53 - [MESSAGE][PASSED] - Tapped and held on element 'Object Repository/Mobile/Page/Analysis/Item - Top Search' with duration 1

2021-12-03 10:25:53 - [TEST_STEP][PASSED] - delay(3): Delayed 3 second(s)

2021-12-03 10:25:56 - [MESSAGE][PASSED] - Delayed 3 second(s)

2021-12-03 10:25:56 - [TEST_STEP][PASSED] - tap(findTestObject("Object Repository/Mobile/Page/Analysis/Button - Open With Just Once"), 0): Tapped on element 'Object Repository/Mobile/Page/Analysis/Button - Open With Just Once'

2021-12-03 10:25:56 - [MESSAGE][WARNING] - Timeout '0' is invalid. Using default page load timeout: '60'

2021-12-03 10:25:57 - [MESSAGE][PASSED] - Tapped on element 'Object Repository/Mobile/Page/Analysis/Button - Open With Just Once'

2021-12-03 10:25:57 - [TEST_STEP][PASSED] - delay(3): Delayed 3 second(s)

2021-12-03 10:26:00 - [MESSAGE][PASSED] - Delayed 3 second(s)

2021-12-03 10:26:00 - [TEST_STEP][PASSED] - pressBack(): Press back button successfully

2021-12-03 10:26:00 - [MESSAGE][PASSED] - Press back button successfully

2021-12-03 10:26:00 - [MESSAGE][PASSED] - Call Test Case 'Test Cases/Mobile/Page/Analysis/Analysis' successfully

2021-12-03 10:26:00 - [TEST_STEP][PASSED] - callTestCase(findTestCase("Mobile/Page/Run App/Terminate App"), [:], STOP_ON_FAILURE): Call Test Case 'Test Cases/Mobile/Page/Run App/Terminate App' successfully

2021-12-03 10:26:00 - [TEST_CASE][PASSED] - Test Cases/Mobile/Page/Run App/Terminate App: Test Cases/Mobile/Page/Run App/Terminate App

2021-12-03 10:26:00 - [TEST_STEP][PASSED] - startApp.OpenApp.terminateApplication(): startApp.OpenApp.terminateApplication is PASSED

2021-12-03 10:26:04 - [MESSAGE][PASSED] - Delayed 3 second(s)

2021-12-03 10:26:04 - [MESSAGE][PASSED] - Current device physical width is 720

2021-12-03 10:26:04 - [MESSAGE][PASSED] - Current device physical height is 1423

2021-12-03 10:26:06 - [MESSAGE][PASSED] - Swiped from 360,853 to 360,142

2021-12-03 10:26:07 - [MESSAGE][PASSED] - Delayed 1 second(s)

2021-12-03 10:26:08 - [MESSAGE][PASSED] - Swiped from 360,853 to 360,142

2021-12-03 10:26:11 - [MESSAGE][PASSED] - Delayed 3 second(s)

2021-12-03 10:26:11 - [MESSAGE][PASSED] - startApp.OpenApp.terminateApplication is PASSED

2021-12-03 10:26:11 - [MESSAGE][PASSED] - Call Test Case 'Test Cases/Mobile/Page/Run App/Terminate App' successfully]]></system-out>
         <system-err><![CDATA[]]></system-err>
      </testcase>
      <system-out><![CDATA[2021-12-03 10:21:37 - [TEST_SUITE][PASSED] - analysis: Test Cases/Mobile/Scenario/Analysis/004 - User mencari research report]]></system-out>
      <system-err><![CDATA[]]></system-err>
   </testsuite>
</testsuites>
