<?xml version="1.0" encoding="UTF-8"?>
<testsuites name="Transaction" time="1273.583" tests="20" failures="4" skips="0" errors="0">
   <testsuite name="Transaction" tests="20" failures="4" errors="0" time="1273.583" skips="0" timestamp="2021-11-15 08:05:04" hostname="Owner - aldy-tft" id="Test Suites/Transaction">
      <properties>
         <property name="deviceName" value="samsung SM-A205F (Android 11)"/>
         <property name="devicePlatform" value=""/>
         <property name="logFolder" value="C:\\Users\\Owner\\Documents\\kerjaan\\KatalonProject\\qa-katalon-maxfund\\Reports\\20211115_080419\\Transaction\\20211115_080419"/>
         <property name="logFiles" value="C:\\Users\\Owner\\Documents\\kerjaan\\KatalonProject\\qa-katalon-maxfund\\Reports\\20211115_080419\\Transaction\\20211115_080419\\appium.log, C:\\Users\\Owner\\Documents\\kerjaan\\KatalonProject\\qa-katalon-maxfund\\Reports\\20211115_080419\\Transaction\\20211115_080419\\execution0.log"/>
         <property name="attachments" value="C:\\Users\\Owner\\Documents\\kerjaan\\KatalonProject\\qa-katalon-maxfund\\Reports\\20211115_080419\\Transaction\\20211115_080419\\1636938742503.png, C:\\Users\\Owner\\Documents\\kerjaan\\KatalonProject\\qa-katalon-maxfund\\Reports\\20211115_080419\\Transaction\\20211115_080419\\1636938743531.png, C:\\Users\\Owner\\Documents\\kerjaan\\KatalonProject\\qa-katalon-maxfund\\Reports\\20211115_080419\\Transaction\\20211115_080419\\1636938901445.png, C:\\Users\\Owner\\Documents\\kerjaan\\KatalonProject\\qa-katalon-maxfund\\Reports\\20211115_080419\\Transaction\\20211115_080419\\1636938902243.png, C:\\Users\\Owner\\Documents\\kerjaan\\KatalonProject\\qa-katalon-maxfund\\Reports\\20211115_080419\\Transaction\\20211115_080419\\1636939006513.png, C:\\Users\\Owner\\Documents\\kerjaan\\KatalonProject\\qa-katalon-maxfund\\Reports\\20211115_080419\\Transaction\\20211115_080419\\1636939007501.png, C:\\Users\\Owner\\Documents\\kerjaan\\KatalonProject\\qa-katalon-maxfund\\Reports\\20211115_080419\\Transaction\\20211115_080419\\1636939166095.png, C:\\Users\\Owner\\Documents\\kerjaan\\KatalonProject\\qa-katalon-maxfund\\Reports\\20211115_080419\\Transaction\\20211115_080419\\1636939167536.png"/>
         <property name="hostName" value="Owner - aldy-tft"/>
         <property name="os" value="Windows 10 64bit"/>
         <property name="appiumServerStatus" value="{&quot;value&quot;:{&quot;build&quot;:{&quot;version&quot;:&quot;1.22.0&quot;}},&quot;sessionId&quot;:null,&quot;status&quot;:0}"/>
         <property name="katalonVersion" value="7.9.1.208"/>
         <property name="deviceOS" value="Android"/>
         <property name="appiumVersion" value="1.22.0"/>
         <property name="deviceModel" value="SM-A205F"/>
         <property name="hostAddress" value="10.0.30.121"/>
         <property name="deviceManufacturer" value="samsung"/>
         <property name="deviceId" value="RR8M40C9AXE"/>
         <property name="deviceName" value="samsung SM-A205F (Android 11)"/>
         <property name="deviceOSVersion" value="11"/>
      </properties>
      <testcase name="Test Cases/Mobile/Scenario/Transaction/001 - Melihat daftar Transaction" time="58.83" classname="Test Cases/Mobile/Scenario/Transaction/001 - Melihat daftar Transaction" status="PASSED">
         <system-out><![CDATA[2021-11-15 08:05:05 - [TEST_CASE][PASSED] - Test Cases/Mobile/Scenario/Transaction/001 - Melihat daftar Transaction: Test Cases/Mobile/Scenario/Transaction/001 - Melihat daftar Transaction

2021-11-15 08:05:05 - [TEST_STEP][PASSED] - callTestCase(findTestCase("Mobile/Page/Run App/Run App byID"), [:], STOP_ON_FAILURE): Call Test Case 'Test Cases/Mobile/Page/Run App/Run App byID' successfully

2021-11-15 08:05:05 - [TEST_CASE][PASSED] - Test Cases/Mobile/Page/Run App/Run App byID: Test Cases/Mobile/Page/Run App/Run App byID

2021-11-15 08:05:05 - [TEST_STEP][PASSED] - startApp.OpenApp.startApplication("com.mirae.maxfund"): startApp.OpenApp.startApplication is PASSED

2021-11-15 08:05:07 - [MESSAGE][INFO] - Appium server started on port 55,844

2021-11-15 08:05:27 - [MESSAGE][PASSED] - Starting app with application ID: 'com.mirae.maxfund'

2021-11-15 08:05:27 - [MESSAGE][PASSED] - startApp.OpenApp.startApplication is PASSED

2021-11-15 08:05:27 - [MESSAGE][PASSED] - Call Test Case 'Test Cases/Mobile/Page/Run App/Run App byID' successfully

2021-11-15 08:05:27 - [TEST_STEP][PASSED] - callTestCase(findTestCase("Mobile/Page/Transaction/Transaction"), ["page":"onprocess", "tab":"none", "action":"none"], CONTINUE_ON_FAILURE): Call Test Case 'Test Cases/Mobile/Page/Transaction/Transaction' successfully

2021-11-15 08:05:27 - [TEST_CASE][PASSED] - Test Cases/Mobile/Page/Transaction/Transaction: Test Cases/Mobile/Page/Transaction/Transaction

2021-11-15 08:05:27 - [TEST_STEP][PASSED] - delay(5): Delayed 5 second(s)

2021-11-15 08:05:32 - [MESSAGE][PASSED] - Delayed 5 second(s)

2021-11-15 08:05:32 - [TEST_STEP][PASSED] - loginCheck = verifyElementExist(findTestObject("Object Repository/Mobile/Page/Dashboard/Button - Login"), 2, CONTINUE_ON_FAILURE): Element 'Object Repository/Mobile/Page/Dashboard/Button - Login' is exist

2021-11-15 08:05:33 - [MESSAGE][PASSED] - Element 'Object Repository/Mobile/Page/Dashboard/Button - Login' is exist

2021-11-15 08:05:33 - [TEST_STEP][PASSED] - if (loginCheck): Delayed 3 second(s)

2021-11-15 08:05:33 - [TEST_STEP][PASSED] - tap(findTestObject("Object Repository/Mobile/Page/Dashboard/Button - Login"), 0): Tapped on element 'Object Repository/Mobile/Page/Dashboard/Button - Login'

2021-11-15 08:05:33 - [MESSAGE][WARNING] - Timeout '0' is invalid. Using default page load timeout: '60'

2021-11-15 08:05:34 - [MESSAGE][PASSED] - Tapped on element 'Object Repository/Mobile/Page/Dashboard/Button - Login'

2021-11-15 08:05:34 - [TEST_STEP][PASSED] - tap(findTestObject("Object Repository/Mobile/Page/Login/Input - UserID or Email"), 0): Tapped on element 'Object Repository/Mobile/Page/Login/Input - UserID or Email'

2021-11-15 08:05:34 - [MESSAGE][WARNING] - Timeout '0' is invalid. Using default page load timeout: '60'

2021-11-15 08:05:37 - [MESSAGE][PASSED] - Tapped on element 'Object Repository/Mobile/Page/Login/Input - UserID or Email'

2021-11-15 08:05:37 - [TEST_STEP][PASSED] - setText(findTestObject("Object Repository/Mobile/Page/Login/Input - UserID or Email"), "ady.pangerang@gmail.com", 0): Text 'ady.pangerang@gmail.com' has been set to element 'Object Repository/Mobile/Page/Login/Input - UserID or Email'

2021-11-15 08:05:37 - [MESSAGE][WARNING] - Timeout '0' is invalid. Using default page load timeout: '60'

2021-11-15 08:05:40 - [MESSAGE][PASSED] - Text 'ady.pangerang@gmail.com' has been set to element 'Object Repository/Mobile/Page/Login/Input - UserID or Email'

2021-11-15 08:05:40 - [TEST_STEP][PASSED] - tap(findTestObject("Object Repository/Mobile/Page/Login/Input - Password 2"), 0): Tapped on element 'Object Repository/Mobile/Page/Login/Input - Password 2'

2021-11-15 08:05:40 - [MESSAGE][WARNING] - Timeout '0' is invalid. Using default page load timeout: '60'

2021-11-15 08:05:41 - [MESSAGE][PASSED] - Tapped on element 'Object Repository/Mobile/Page/Login/Input - Password 2'

2021-11-15 08:05:41 - [TEST_STEP][PASSED] - setText(findTestObject("Object Repository/Mobile/Page/Login/Input - Password 2"), "Mirae1234", 0): Text 'Mirae1234' has been set to element 'Object Repository/Mobile/Page/Login/Input - Password 2'

2021-11-15 08:05:41 - [MESSAGE][WARNING] - Timeout '0' is invalid. Using default page load timeout: '60'

2021-11-15 08:05:42 - [MESSAGE][PASSED] - Text 'Mirae1234' has been set to element 'Object Repository/Mobile/Page/Login/Input - Password 2'

2021-11-15 08:05:42 - [TEST_STEP][PASSED] - tap(findTestObject("Object Repository/Mobile/Page/Login/Button - Sign In"), 0): Tapped on element 'Object Repository/Mobile/Page/Login/Button - Sign In'

2021-11-15 08:05:42 - [MESSAGE][WARNING] - Timeout '0' is invalid. Using default page load timeout: '60'

2021-11-15 08:05:43 - [MESSAGE][PASSED] - Tapped on element 'Object Repository/Mobile/Page/Login/Button - Sign In'

2021-11-15 08:05:43 - [TEST_STEP][PASSED] - delay(3): Delayed 3 second(s)

2021-11-15 08:05:46 - [MESSAGE][PASSED] - Delayed 3 second(s)

2021-11-15 08:05:46 - [TEST_STEP][PASSED] - if (page == "cart"): null

2021-11-15 08:05:46 - [TEST_STEP][PASSED] - tap(findTestObject("Object Repository/Mobile/Page/Transaction/Button - Menubar Transaction"), 0): Tapped on element 'Object Repository/Mobile/Page/Transaction/Button - Menubar Transaction'

2021-11-15 08:05:46 - [MESSAGE][WARNING] - Timeout '0' is invalid. Using default page load timeout: '60'

2021-11-15 08:05:51 - [MESSAGE][PASSED] - Tapped on element 'Object Repository/Mobile/Page/Transaction/Button - Menubar Transaction'

2021-11-15 08:05:51 - [TEST_STEP][PASSED] - delay(1): Delayed 1 second(s)

2021-11-15 08:05:52 - [MESSAGE][PASSED] - Delayed 1 second(s)

2021-11-15 08:05:52 - [TEST_STEP][PASSED] - if (page == "onprocess"): Delayed 1 second(s)

2021-11-15 08:05:52 - [TEST_STEP][PASSED] - if (tab == "subscription"): null

2021-11-15 08:05:52 - [TEST_STEP][PASSED] - if (action == "detail"): null

2021-11-15 08:05:52 - [TEST_STEP][PASSED] - delay(1): Delayed 1 second(s)

2021-11-15 08:05:53 - [MESSAGE][PASSED] - Delayed 1 second(s)

2021-11-15 08:05:53 - [MESSAGE][PASSED] - Call Test Case 'Test Cases/Mobile/Page/Transaction/Transaction' successfully

2021-11-15 08:05:53 - [TEST_STEP][PASSED] - callTestCase(findTestCase("Mobile/Page/Run App/Terminate App"), [:], STOP_ON_FAILURE): Call Test Case 'Test Cases/Mobile/Page/Run App/Terminate App' successfully

2021-11-15 08:05:53 - [TEST_CASE][PASSED] - Test Cases/Mobile/Page/Run App/Terminate App: Test Cases/Mobile/Page/Run App/Terminate App

2021-11-15 08:05:53 - [TEST_STEP][PASSED] - startApp.OpenApp.terminateApplication(): startApp.OpenApp.terminateApplication is PASSED

2021-11-15 08:05:56 - [MESSAGE][PASSED] - Delayed 3 second(s)

2021-11-15 08:05:57 - [MESSAGE][PASSED] - Current device physical width is 720

2021-11-15 08:05:57 - [MESSAGE][PASSED] - Current device physical height is 1423

2021-11-15 08:05:58 - [MESSAGE][PASSED] - Swiped from 360,853 to 360,142

2021-11-15 08:05:59 - [MESSAGE][PASSED] - Delayed 1 second(s)

2021-11-15 08:06:01 - [MESSAGE][PASSED] - Swiped from 360,853 to 360,142

2021-11-15 08:06:04 - [MESSAGE][PASSED] - Delayed 3 second(s)

2021-11-15 08:06:04 - [MESSAGE][PASSED] - startApp.OpenApp.terminateApplication is PASSED

2021-11-15 08:06:04 - [MESSAGE][PASSED] - Call Test Case 'Test Cases/Mobile/Page/Run App/Terminate App' successfully]]></system-out>
         <system-err><![CDATA[]]></system-err>
      </testcase>
      <testcase name="Test Cases/Mobile/Scenario/Transaction/002 - Melihat Transaction berdasarkan ketegori On Process dan Subcription" time="45.749" classname="Test Cases/Mobile/Scenario/Transaction/002 - Melihat Transaction berdasarkan ketegori On Process dan Subcription" status="PASSED">
         <system-out><![CDATA[2021-11-15 08:06:04 - [TEST_CASE][PASSED] - Test Cases/Mobile/Scenario/Transaction/002 - Melihat Transaction berdasarkan ketegori On Process dan Subcription: Test Cases/Mobile/Scenario/Transaction/002 - Melihat Transaction berdasarkan ketegori On Process dan Subcription

2021-11-15 08:06:04 - [TEST_STEP][PASSED] - callTestCase(findTestCase("Mobile/Page/Run App/Run App byID"), [:], STOP_ON_FAILURE): Call Test Case 'Test Cases/Mobile/Page/Run App/Run App byID' successfully

2021-11-15 08:06:04 - [TEST_CASE][PASSED] - Test Cases/Mobile/Page/Run App/Run App byID: Test Cases/Mobile/Page/Run App/Run App byID

2021-11-15 08:06:04 - [TEST_STEP][PASSED] - startApp.OpenApp.startApplication("com.mirae.maxfund"): startApp.OpenApp.startApplication is PASSED

2021-11-15 08:06:17 - [MESSAGE][PASSED] - Starting app with application ID: 'com.mirae.maxfund'

2021-11-15 08:06:17 - [MESSAGE][PASSED] - startApp.OpenApp.startApplication is PASSED

2021-11-15 08:06:17 - [MESSAGE][PASSED] - Call Test Case 'Test Cases/Mobile/Page/Run App/Run App byID' successfully

2021-11-15 08:06:17 - [TEST_STEP][PASSED] - callTestCase(findTestCase("Mobile/Page/Transaction/Transaction"), ["page":"onprocess", "tab":"subscription", "action":"none"], CONTINUE_ON_FAILURE): Call Test Case 'Test Cases/Mobile/Page/Transaction/Transaction' successfully

2021-11-15 08:06:17 - [TEST_CASE][PASSED] - Test Cases/Mobile/Page/Transaction/Transaction: Test Cases/Mobile/Page/Transaction/Transaction

2021-11-15 08:06:17 - [TEST_STEP][PASSED] - delay(5): Delayed 5 second(s)

2021-11-15 08:06:22 - [MESSAGE][PASSED] - Delayed 5 second(s)

2021-11-15 08:06:22 - [TEST_STEP][PASSED] - loginCheck = verifyElementExist(findTestObject("Object Repository/Mobile/Page/Dashboard/Button - Login"), 2, CONTINUE_ON_FAILURE): Element 'Object Repository/Mobile/Page/Dashboard/Button - Login' is exist

2021-11-15 08:06:23 - [MESSAGE][PASSED] - Element 'Object Repository/Mobile/Page/Dashboard/Button - Login' is exist

2021-11-15 08:06:23 - [TEST_STEP][PASSED] - if (loginCheck): Delayed 3 second(s)

2021-11-15 08:06:23 - [TEST_STEP][PASSED] - tap(findTestObject("Object Repository/Mobile/Page/Dashboard/Button - Login"), 0): Tapped on element 'Object Repository/Mobile/Page/Dashboard/Button - Login'

2021-11-15 08:06:23 - [MESSAGE][WARNING] - Timeout '0' is invalid. Using default page load timeout: '60'

2021-11-15 08:06:25 - [MESSAGE][PASSED] - Tapped on element 'Object Repository/Mobile/Page/Dashboard/Button - Login'

2021-11-15 08:06:25 - [TEST_STEP][PASSED] - tap(findTestObject("Object Repository/Mobile/Page/Login/Input - UserID or Email"), 0): Tapped on element 'Object Repository/Mobile/Page/Login/Input - UserID or Email'

2021-11-15 08:06:25 - [MESSAGE][WARNING] - Timeout '0' is invalid. Using default page load timeout: '60'

2021-11-15 08:06:25 - [MESSAGE][PASSED] - Tapped on element 'Object Repository/Mobile/Page/Login/Input - UserID or Email'

2021-11-15 08:06:25 - [TEST_STEP][PASSED] - setText(findTestObject("Object Repository/Mobile/Page/Login/Input - UserID or Email"), "ady.pangerang@gmail.com", 0): Text 'ady.pangerang@gmail.com' has been set to element 'Object Repository/Mobile/Page/Login/Input - UserID or Email'

2021-11-15 08:06:25 - [MESSAGE][WARNING] - Timeout '0' is invalid. Using default page load timeout: '60'

2021-11-15 08:06:27 - [MESSAGE][PASSED] - Text 'ady.pangerang@gmail.com' has been set to element 'Object Repository/Mobile/Page/Login/Input - UserID or Email'

2021-11-15 08:06:27 - [TEST_STEP][PASSED] - tap(findTestObject("Object Repository/Mobile/Page/Login/Input - Password 2"), 0): Tapped on element 'Object Repository/Mobile/Page/Login/Input - Password 2'

2021-11-15 08:06:27 - [MESSAGE][WARNING] - Timeout '0' is invalid. Using default page load timeout: '60'

2021-11-15 08:06:28 - [MESSAGE][PASSED] - Tapped on element 'Object Repository/Mobile/Page/Login/Input - Password 2'

2021-11-15 08:06:28 - [TEST_STEP][PASSED] - setText(findTestObject("Object Repository/Mobile/Page/Login/Input - Password 2"), "Mirae1234", 0): Text 'Mirae1234' has been set to element 'Object Repository/Mobile/Page/Login/Input - Password 2'

2021-11-15 08:06:28 - [MESSAGE][WARNING] - Timeout '0' is invalid. Using default page load timeout: '60'

2021-11-15 08:06:29 - [MESSAGE][PASSED] - Text 'Mirae1234' has been set to element 'Object Repository/Mobile/Page/Login/Input - Password 2'

2021-11-15 08:06:29 - [TEST_STEP][PASSED] - tap(findTestObject("Object Repository/Mobile/Page/Login/Button - Sign In"), 0): Tapped on element 'Object Repository/Mobile/Page/Login/Button - Sign In'

2021-11-15 08:06:30 - [MESSAGE][WARNING] - Timeout '0' is invalid. Using default page load timeout: '60'

2021-11-15 08:06:31 - [MESSAGE][PASSED] - Tapped on element 'Object Repository/Mobile/Page/Login/Button - Sign In'

2021-11-15 08:06:31 - [TEST_STEP][PASSED] - delay(3): Delayed 3 second(s)

2021-11-15 08:06:34 - [MESSAGE][PASSED] - Delayed 3 second(s)

2021-11-15 08:06:34 - [TEST_STEP][PASSED] - if (page == "cart"): null

2021-11-15 08:06:34 - [TEST_STEP][PASSED] - tap(findTestObject("Object Repository/Mobile/Page/Transaction/Button - Menubar Transaction"), 0): Tapped on element 'Object Repository/Mobile/Page/Transaction/Button - Menubar Transaction'

2021-11-15 08:06:34 - [MESSAGE][WARNING] - Timeout '0' is invalid. Using default page load timeout: '60'

2021-11-15 08:06:36 - [MESSAGE][PASSED] - Tapped on element 'Object Repository/Mobile/Page/Transaction/Button - Menubar Transaction'

2021-11-15 08:06:36 - [TEST_STEP][PASSED] - delay(1): Delayed 1 second(s)

2021-11-15 08:06:37 - [MESSAGE][PASSED] - Delayed 1 second(s)

2021-11-15 08:06:37 - [TEST_STEP][PASSED] - if (page == "onprocess"): Delayed 1 second(s)

2021-11-15 08:06:37 - [TEST_STEP][PASSED] - if (tab == "subscription"): Tapped on element 'Object Repository/Mobile/Page/Transaction/On Process/Tab - Subscription'

2021-11-15 08:06:37 - [TEST_STEP][PASSED] - tap(findTestObject("Object Repository/Mobile/Page/Transaction/On Process/Tab - Subscription"), 0): Tapped on element 'Object Repository/Mobile/Page/Transaction/On Process/Tab - Subscription'

2021-11-15 08:06:37 - [MESSAGE][WARNING] - Timeout '0' is invalid. Using default page load timeout: '60'

2021-11-15 08:06:38 - [MESSAGE][PASSED] - Tapped on element 'Object Repository/Mobile/Page/Transaction/On Process/Tab - Subscription'

2021-11-15 08:06:38 - [TEST_STEP][PASSED] - if (action == "detail"): null

2021-11-15 08:06:38 - [TEST_STEP][PASSED] - delay(1): Delayed 1 second(s)

2021-11-15 08:06:39 - [MESSAGE][PASSED] - Delayed 1 second(s)

2021-11-15 08:06:39 - [MESSAGE][PASSED] - Call Test Case 'Test Cases/Mobile/Page/Transaction/Transaction' successfully

2021-11-15 08:06:39 - [TEST_STEP][PASSED] - callTestCase(findTestCase("Mobile/Page/Run App/Terminate App"), [:], STOP_ON_FAILURE): Call Test Case 'Test Cases/Mobile/Page/Run App/Terminate App' successfully

2021-11-15 08:06:39 - [TEST_CASE][PASSED] - Test Cases/Mobile/Page/Run App/Terminate App: Test Cases/Mobile/Page/Run App/Terminate App

2021-11-15 08:06:39 - [TEST_STEP][PASSED] - startApp.OpenApp.terminateApplication(): startApp.OpenApp.terminateApplication is PASSED

2021-11-15 08:06:42 - [MESSAGE][PASSED] - Delayed 3 second(s)

2021-11-15 08:06:43 - [MESSAGE][PASSED] - Current device physical width is 720

2021-11-15 08:06:43 - [MESSAGE][PASSED] - Current device physical height is 1423

2021-11-15 08:06:44 - [MESSAGE][PASSED] - Swiped from 360,853 to 360,142

2021-11-15 08:06:45 - [MESSAGE][PASSED] - Delayed 1 second(s)

2021-11-15 08:06:46 - [MESSAGE][PASSED] - Swiped from 360,853 to 360,142

2021-11-15 08:06:49 - [MESSAGE][PASSED] - Delayed 3 second(s)

2021-11-15 08:06:49 - [MESSAGE][PASSED] - startApp.OpenApp.terminateApplication is PASSED

2021-11-15 08:06:49 - [MESSAGE][PASSED] - Call Test Case 'Test Cases/Mobile/Page/Run App/Terminate App' successfully]]></system-out>
         <system-err><![CDATA[]]></system-err>
      </testcase>
      <testcase name="Test Cases/Mobile/Scenario/Transaction/003 - Melihat Transaction berdasarkan ketegori On Process dan Redemption" time="45.509" classname="Test Cases/Mobile/Scenario/Transaction/003 - Melihat Transaction berdasarkan ketegori On Process dan Redemption" status="PASSED">
         <system-out><![CDATA[2021-11-15 08:06:49 - [TEST_CASE][PASSED] - Test Cases/Mobile/Scenario/Transaction/003 - Melihat Transaction berdasarkan ketegori On Process dan Redemption: Test Cases/Mobile/Scenario/Transaction/003 - Melihat Transaction berdasarkan ketegori On Process dan Redemption

2021-11-15 08:06:50 - [TEST_STEP][PASSED] - callTestCase(findTestCase("Mobile/Page/Run App/Run App byID"), [:], STOP_ON_FAILURE): Call Test Case 'Test Cases/Mobile/Page/Run App/Run App byID' successfully

2021-11-15 08:06:50 - [TEST_CASE][PASSED] - Test Cases/Mobile/Page/Run App/Run App byID: Test Cases/Mobile/Page/Run App/Run App byID

2021-11-15 08:06:50 - [TEST_STEP][PASSED] - startApp.OpenApp.startApplication("com.mirae.maxfund"): startApp.OpenApp.startApplication is PASSED

2021-11-15 08:07:03 - [MESSAGE][PASSED] - Starting app with application ID: 'com.mirae.maxfund'

2021-11-15 08:07:03 - [MESSAGE][PASSED] - startApp.OpenApp.startApplication is PASSED

2021-11-15 08:07:03 - [MESSAGE][PASSED] - Call Test Case 'Test Cases/Mobile/Page/Run App/Run App byID' successfully

2021-11-15 08:07:03 - [TEST_STEP][PASSED] - callTestCase(findTestCase("Mobile/Page/Transaction/Transaction"), ["page":"onprocess", "tab":"redemption", "action":"none"], CONTINUE_ON_FAILURE): Call Test Case 'Test Cases/Mobile/Page/Transaction/Transaction' successfully

2021-11-15 08:07:03 - [TEST_CASE][PASSED] - Test Cases/Mobile/Page/Transaction/Transaction: Test Cases/Mobile/Page/Transaction/Transaction

2021-11-15 08:07:03 - [TEST_STEP][PASSED] - delay(5): Delayed 5 second(s)

2021-11-15 08:07:08 - [MESSAGE][PASSED] - Delayed 5 second(s)

2021-11-15 08:07:08 - [TEST_STEP][PASSED] - loginCheck = verifyElementExist(findTestObject("Object Repository/Mobile/Page/Dashboard/Button - Login"), 2, CONTINUE_ON_FAILURE): Element 'Object Repository/Mobile/Page/Dashboard/Button - Login' is exist

2021-11-15 08:07:08 - [MESSAGE][PASSED] - Element 'Object Repository/Mobile/Page/Dashboard/Button - Login' is exist

2021-11-15 08:07:08 - [TEST_STEP][PASSED] - if (loginCheck): Delayed 3 second(s)

2021-11-15 08:07:08 - [TEST_STEP][PASSED] - tap(findTestObject("Object Repository/Mobile/Page/Dashboard/Button - Login"), 0): Tapped on element 'Object Repository/Mobile/Page/Dashboard/Button - Login'

2021-11-15 08:07:08 - [MESSAGE][WARNING] - Timeout '0' is invalid. Using default page load timeout: '60'

2021-11-15 08:07:08 - [MESSAGE][PASSED] - Tapped on element 'Object Repository/Mobile/Page/Dashboard/Button - Login'

2021-11-15 08:07:08 - [TEST_STEP][PASSED] - tap(findTestObject("Object Repository/Mobile/Page/Login/Input - UserID or Email"), 0): Tapped on element 'Object Repository/Mobile/Page/Login/Input - UserID or Email'

2021-11-15 08:07:09 - [MESSAGE][WARNING] - Timeout '0' is invalid. Using default page load timeout: '60'

2021-11-15 08:07:11 - [MESSAGE][PASSED] - Tapped on element 'Object Repository/Mobile/Page/Login/Input - UserID or Email'

2021-11-15 08:07:11 - [TEST_STEP][PASSED] - setText(findTestObject("Object Repository/Mobile/Page/Login/Input - UserID or Email"), "ady.pangerang@gmail.com", 0): Text 'ady.pangerang@gmail.com' has been set to element 'Object Repository/Mobile/Page/Login/Input - UserID or Email'

2021-11-15 08:07:12 - [MESSAGE][WARNING] - Timeout '0' is invalid. Using default page load timeout: '60'

2021-11-15 08:07:13 - [MESSAGE][PASSED] - Text 'ady.pangerang@gmail.com' has been set to element 'Object Repository/Mobile/Page/Login/Input - UserID or Email'

2021-11-15 08:07:13 - [TEST_STEP][PASSED] - tap(findTestObject("Object Repository/Mobile/Page/Login/Input - Password 2"), 0): Tapped on element 'Object Repository/Mobile/Page/Login/Input - Password 2'

2021-11-15 08:07:13 - [MESSAGE][WARNING] - Timeout '0' is invalid. Using default page load timeout: '60'

2021-11-15 08:07:14 - [MESSAGE][PASSED] - Tapped on element 'Object Repository/Mobile/Page/Login/Input - Password 2'

2021-11-15 08:07:14 - [TEST_STEP][PASSED] - setText(findTestObject("Object Repository/Mobile/Page/Login/Input - Password 2"), "Mirae1234", 0): Text 'Mirae1234' has been set to element 'Object Repository/Mobile/Page/Login/Input - Password 2'

2021-11-15 08:07:14 - [MESSAGE][WARNING] - Timeout '0' is invalid. Using default page load timeout: '60'

2021-11-15 08:07:15 - [MESSAGE][PASSED] - Text 'Mirae1234' has been set to element 'Object Repository/Mobile/Page/Login/Input - Password 2'

2021-11-15 08:07:15 - [TEST_STEP][PASSED] - tap(findTestObject("Object Repository/Mobile/Page/Login/Button - Sign In"), 0): Tapped on element 'Object Repository/Mobile/Page/Login/Button - Sign In'

2021-11-15 08:07:15 - [MESSAGE][WARNING] - Timeout '0' is invalid. Using default page load timeout: '60'

2021-11-15 08:07:17 - [MESSAGE][PASSED] - Tapped on element 'Object Repository/Mobile/Page/Login/Button - Sign In'

2021-11-15 08:07:17 - [TEST_STEP][PASSED] - delay(3): Delayed 3 second(s)

2021-11-15 08:07:20 - [MESSAGE][PASSED] - Delayed 3 second(s)

2021-11-15 08:07:20 - [TEST_STEP][PASSED] - if (page == "cart"): null

2021-11-15 08:07:20 - [TEST_STEP][PASSED] - tap(findTestObject("Object Repository/Mobile/Page/Transaction/Button - Menubar Transaction"), 0): Tapped on element 'Object Repository/Mobile/Page/Transaction/Button - Menubar Transaction'

2021-11-15 08:07:20 - [MESSAGE][WARNING] - Timeout '0' is invalid. Using default page load timeout: '60'

2021-11-15 08:07:21 - [MESSAGE][PASSED] - Tapped on element 'Object Repository/Mobile/Page/Transaction/Button - Menubar Transaction'

2021-11-15 08:07:21 - [TEST_STEP][PASSED] - delay(1): Delayed 1 second(s)

2021-11-15 08:07:22 - [MESSAGE][PASSED] - Delayed 1 second(s)

2021-11-15 08:07:22 - [TEST_STEP][PASSED] - if (page == "onprocess"): Delayed 1 second(s)

2021-11-15 08:07:22 - [TEST_STEP][PASSED] - if (tab == "subscription"): null

2021-11-15 08:07:22 - [TEST_STEP][PASSED] - else if (tab == "redemption"): Tapped on element 'Object Repository/Mobile/Page/Transaction/On Process/Tab - Redemption'

2021-11-15 08:07:22 - [TEST_STEP][PASSED] - tap(findTestObject("Object Repository/Mobile/Page/Transaction/On Process/Tab - Redemption"), 0): Tapped on element 'Object Repository/Mobile/Page/Transaction/On Process/Tab - Redemption'

2021-11-15 08:07:22 - [MESSAGE][WARNING] - Timeout '0' is invalid. Using default page load timeout: '60'

2021-11-15 08:07:24 - [MESSAGE][PASSED] - Tapped on element 'Object Repository/Mobile/Page/Transaction/On Process/Tab - Redemption'

2021-11-15 08:07:24 - [TEST_STEP][PASSED] - if (action == "detail"): null

2021-11-15 08:07:24 - [TEST_STEP][PASSED] - delay(1): Delayed 1 second(s)

2021-11-15 08:07:25 - [MESSAGE][PASSED] - Delayed 1 second(s)

2021-11-15 08:07:25 - [MESSAGE][PASSED] - Call Test Case 'Test Cases/Mobile/Page/Transaction/Transaction' successfully

2021-11-15 08:07:25 - [TEST_STEP][PASSED] - callTestCase(findTestCase("Mobile/Page/Run App/Terminate App"), [:], STOP_ON_FAILURE): Call Test Case 'Test Cases/Mobile/Page/Run App/Terminate App' successfully

2021-11-15 08:07:25 - [TEST_CASE][PASSED] - Test Cases/Mobile/Page/Run App/Terminate App: Test Cases/Mobile/Page/Run App/Terminate App

2021-11-15 08:07:25 - [TEST_STEP][PASSED] - startApp.OpenApp.terminateApplication(): startApp.OpenApp.terminateApplication is PASSED

2021-11-15 08:07:28 - [MESSAGE][PASSED] - Delayed 3 second(s)

2021-11-15 08:07:28 - [MESSAGE][PASSED] - Current device physical width is 720

2021-11-15 08:07:28 - [MESSAGE][PASSED] - Current device physical height is 1423

2021-11-15 08:07:30 - [MESSAGE][PASSED] - Swiped from 360,853 to 360,142

2021-11-15 08:07:31 - [MESSAGE][PASSED] - Delayed 1 second(s)

2021-11-15 08:07:32 - [MESSAGE][PASSED] - Swiped from 360,853 to 360,142

2021-11-15 08:07:35 - [MESSAGE][PASSED] - Delayed 3 second(s)

2021-11-15 08:07:35 - [MESSAGE][PASSED] - startApp.OpenApp.terminateApplication is PASSED

2021-11-15 08:07:35 - [MESSAGE][PASSED] - Call Test Case 'Test Cases/Mobile/Page/Run App/Terminate App' successfully]]></system-out>
         <system-err><![CDATA[]]></system-err>
      </testcase>
      <testcase name="Test Cases/Mobile/Scenario/Transaction/004 - Melihat Transaction berdasarkan ketegori On Process dan Switching" time="48.13" classname="Test Cases/Mobile/Scenario/Transaction/004 - Melihat Transaction berdasarkan ketegori On Process dan Switching" status="PASSED">
         <system-out><![CDATA[2021-11-15 08:07:35 - [TEST_CASE][PASSED] - Test Cases/Mobile/Scenario/Transaction/004 - Melihat Transaction berdasarkan ketegori On Process dan Switching: Test Cases/Mobile/Scenario/Transaction/004 - Melihat Transaction berdasarkan ketegori On Process dan Switching

2021-11-15 08:07:35 - [TEST_STEP][PASSED] - callTestCase(findTestCase("Mobile/Page/Run App/Run App byID"), [:], STOP_ON_FAILURE): Call Test Case 'Test Cases/Mobile/Page/Run App/Run App byID' successfully

2021-11-15 08:07:35 - [TEST_CASE][PASSED] - Test Cases/Mobile/Page/Run App/Run App byID: Test Cases/Mobile/Page/Run App/Run App byID

2021-11-15 08:07:35 - [TEST_STEP][PASSED] - startApp.OpenApp.startApplication("com.mirae.maxfund"): startApp.OpenApp.startApplication is PASSED

2021-11-15 08:07:48 - [MESSAGE][PASSED] - Starting app with application ID: 'com.mirae.maxfund'

2021-11-15 08:07:48 - [MESSAGE][PASSED] - startApp.OpenApp.startApplication is PASSED

2021-11-15 08:07:48 - [MESSAGE][PASSED] - Call Test Case 'Test Cases/Mobile/Page/Run App/Run App byID' successfully

2021-11-15 08:07:48 - [TEST_STEP][PASSED] - callTestCase(findTestCase("Mobile/Page/Transaction/Transaction"), ["page":"onprocess", "tab":"switching", "action":"none"], STOP_ON_FAILURE): Call Test Case 'Test Cases/Mobile/Page/Transaction/Transaction' successfully

2021-11-15 08:07:48 - [TEST_CASE][PASSED] - Test Cases/Mobile/Page/Transaction/Transaction: Test Cases/Mobile/Page/Transaction/Transaction

2021-11-15 08:07:48 - [TEST_STEP][PASSED] - delay(5): Delayed 5 second(s)

2021-11-15 08:07:53 - [MESSAGE][PASSED] - Delayed 5 second(s)

2021-11-15 08:07:53 - [TEST_STEP][PASSED] - loginCheck = verifyElementExist(findTestObject("Object Repository/Mobile/Page/Dashboard/Button - Login"), 2, CONTINUE_ON_FAILURE): Element 'Object Repository/Mobile/Page/Dashboard/Button - Login' is exist

2021-11-15 08:07:53 - [MESSAGE][PASSED] - Element 'Object Repository/Mobile/Page/Dashboard/Button - Login' is exist

2021-11-15 08:07:53 - [TEST_STEP][PASSED] - if (loginCheck): Delayed 3 second(s)

2021-11-15 08:07:53 - [TEST_STEP][PASSED] - tap(findTestObject("Object Repository/Mobile/Page/Dashboard/Button - Login"), 0): Tapped on element 'Object Repository/Mobile/Page/Dashboard/Button - Login'

2021-11-15 08:07:53 - [MESSAGE][WARNING] - Timeout '0' is invalid. Using default page load timeout: '60'

2021-11-15 08:07:54 - [MESSAGE][PASSED] - Tapped on element 'Object Repository/Mobile/Page/Dashboard/Button - Login'

2021-11-15 08:07:54 - [TEST_STEP][PASSED] - tap(findTestObject("Object Repository/Mobile/Page/Login/Input - UserID or Email"), 0): Tapped on element 'Object Repository/Mobile/Page/Login/Input - UserID or Email'

2021-11-15 08:07:54 - [MESSAGE][WARNING] - Timeout '0' is invalid. Using default page load timeout: '60'

2021-11-15 08:07:56 - [MESSAGE][PASSED] - Tapped on element 'Object Repository/Mobile/Page/Login/Input - UserID or Email'

2021-11-15 08:07:56 - [TEST_STEP][PASSED] - setText(findTestObject("Object Repository/Mobile/Page/Login/Input - UserID or Email"), "ady.pangerang@gmail.com", 0): Text 'ady.pangerang@gmail.com' has been set to element 'Object Repository/Mobile/Page/Login/Input - UserID or Email'

2021-11-15 08:07:56 - [MESSAGE][WARNING] - Timeout '0' is invalid. Using default page load timeout: '60'

2021-11-15 08:07:58 - [MESSAGE][PASSED] - Text 'ady.pangerang@gmail.com' has been set to element 'Object Repository/Mobile/Page/Login/Input - UserID or Email'

2021-11-15 08:07:58 - [TEST_STEP][PASSED] - tap(findTestObject("Object Repository/Mobile/Page/Login/Input - Password 2"), 0): Tapped on element 'Object Repository/Mobile/Page/Login/Input - Password 2'

2021-11-15 08:07:58 - [MESSAGE][WARNING] - Timeout '0' is invalid. Using default page load timeout: '60'

2021-11-15 08:07:59 - [MESSAGE][PASSED] - Tapped on element 'Object Repository/Mobile/Page/Login/Input - Password 2'

2021-11-15 08:07:59 - [TEST_STEP][PASSED] - setText(findTestObject("Object Repository/Mobile/Page/Login/Input - Password 2"), "Mirae1234", 0): Text 'Mirae1234' has been set to element 'Object Repository/Mobile/Page/Login/Input - Password 2'

2021-11-15 08:07:59 - [MESSAGE][WARNING] - Timeout '0' is invalid. Using default page load timeout: '60'

2021-11-15 08:08:00 - [MESSAGE][PASSED] - Text 'Mirae1234' has been set to element 'Object Repository/Mobile/Page/Login/Input - Password 2'

2021-11-15 08:08:00 - [TEST_STEP][PASSED] - tap(findTestObject("Object Repository/Mobile/Page/Login/Button - Sign In"), 0): Tapped on element 'Object Repository/Mobile/Page/Login/Button - Sign In'

2021-11-15 08:08:00 - [MESSAGE][WARNING] - Timeout '0' is invalid. Using default page load timeout: '60'

2021-11-15 08:08:02 - [MESSAGE][PASSED] - Tapped on element 'Object Repository/Mobile/Page/Login/Button - Sign In'

2021-11-15 08:08:02 - [TEST_STEP][PASSED] - delay(3): Delayed 3 second(s)

2021-11-15 08:08:05 - [MESSAGE][PASSED] - Delayed 3 second(s)

2021-11-15 08:08:05 - [TEST_STEP][PASSED] - if (page == "cart"): null

2021-11-15 08:08:05 - [TEST_STEP][PASSED] - tap(findTestObject("Object Repository/Mobile/Page/Transaction/Button - Menubar Transaction"), 0): Tapped on element 'Object Repository/Mobile/Page/Transaction/Button - Menubar Transaction'

2021-11-15 08:08:05 - [MESSAGE][WARNING] - Timeout '0' is invalid. Using default page load timeout: '60'

2021-11-15 08:08:07 - [MESSAGE][PASSED] - Tapped on element 'Object Repository/Mobile/Page/Transaction/Button - Menubar Transaction'

2021-11-15 08:08:07 - [TEST_STEP][PASSED] - delay(1): Delayed 1 second(s)

2021-11-15 08:08:08 - [MESSAGE][PASSED] - Delayed 1 second(s)

2021-11-15 08:08:08 - [TEST_STEP][PASSED] - if (page == "onprocess"): Delayed 1 second(s)

2021-11-15 08:08:08 - [TEST_STEP][PASSED] - if (tab == "subscription"): null

2021-11-15 08:08:08 - [TEST_STEP][PASSED] - else if (tab == "redemption"): null

2021-11-15 08:08:08 - [TEST_STEP][PASSED] - else if (tab == "switching"): Tapped on element 'Object Repository/Mobile/Page/Transaction/On Process/Tab - Switching'

2021-11-15 08:08:08 - [TEST_STEP][PASSED] - element = findTestObject("Object Repository/Mobile/Page/Transaction/On Process/Tab - All"): null

2021-11-15 08:08:08 - [TEST_STEP][PASSED] - scroll.scroll.scrollRightToLeft(element): scroll.scroll.scrollRightToLeft is PASSED

2021-11-15 08:08:08 - [MESSAGE][WARNING] - Timeout '0' is invalid. Using default page load timeout: '60'

2021-11-15 08:08:09 - [MESSAGE][PASSED] - Object 'Object Repository/Mobile/Page/Transaction/On Process/Tab - All' has left position '31'

2021-11-15 08:08:09 - [MESSAGE][WARNING] - Timeout '0' is invalid. Using default page load timeout: '60'

2021-11-15 08:08:09 - [MESSAGE][PASSED] - Object 'Object Repository/Mobile/Page/Transaction/On Process/Tab - All' has top position '255'

2021-11-15 08:08:09 - [MESSAGE][WARNING] - Timeout '0' is invalid. Using default page load timeout: '60'

2021-11-15 08:08:09 - [MESSAGE][PASSED] - Object 'Object Repository/Mobile/Page/Transaction/On Process/Tab - All' has width: '207'

2021-11-15 08:08:09 - [MESSAGE][WARNING] - Timeout '0' is invalid. Using default page load timeout: '60'

2021-11-15 08:08:09 - [MESSAGE][PASSED] - Object 'Object Repository/Mobile/Page/Transaction/On Process/Tab - All' has height: '44'

2021-11-15 08:08:10 - [MESSAGE][PASSED] - Swiped from 196,277 to 72,277

2021-11-15 08:08:10 - [MESSAGE][PASSED] - scroll.scroll.scrollRightToLeft is PASSED

2021-11-15 08:08:10 - [TEST_STEP][PASSED] - tap(findTestObject("Object Repository/Mobile/Page/Transaction/On Process/Tab - Switching"), 0): Tapped on element 'Object Repository/Mobile/Page/Transaction/On Process/Tab - Switching'

2021-11-15 08:08:10 - [MESSAGE][WARNING] - Timeout '0' is invalid. Using default page load timeout: '60'

2021-11-15 08:08:12 - [MESSAGE][PASSED] - Tapped on element 'Object Repository/Mobile/Page/Transaction/On Process/Tab - Switching'

2021-11-15 08:08:12 - [TEST_STEP][PASSED] - if (action == "detail"): null

2021-11-15 08:08:12 - [TEST_STEP][PASSED] - delay(1): Delayed 1 second(s)

2021-11-15 08:08:13 - [MESSAGE][PASSED] - Delayed 1 second(s)

2021-11-15 08:08:13 - [MESSAGE][PASSED] - Call Test Case 'Test Cases/Mobile/Page/Transaction/Transaction' successfully

2021-11-15 08:08:13 - [TEST_STEP][PASSED] - callTestCase(findTestCase("Mobile/Page/Run App/Terminate App"), [:], STOP_ON_FAILURE): Call Test Case 'Test Cases/Mobile/Page/Run App/Terminate App' successfully

2021-11-15 08:08:13 - [TEST_CASE][PASSED] - Test Cases/Mobile/Page/Run App/Terminate App: Test Cases/Mobile/Page/Run App/Terminate App

2021-11-15 08:08:13 - [TEST_STEP][PASSED] - startApp.OpenApp.terminateApplication(): startApp.OpenApp.terminateApplication is PASSED

2021-11-15 08:08:16 - [MESSAGE][PASSED] - Delayed 3 second(s)

2021-11-15 08:08:16 - [MESSAGE][PASSED] - Current device physical width is 720

2021-11-15 08:08:16 - [MESSAGE][PASSED] - Current device physical height is 1423

2021-11-15 08:08:18 - [MESSAGE][PASSED] - Swiped from 360,853 to 360,142

2021-11-15 08:08:19 - [MESSAGE][PASSED] - Delayed 1 second(s)

2021-11-15 08:08:20 - [MESSAGE][PASSED] - Swiped from 360,853 to 360,142

2021-11-15 08:08:23 - [MESSAGE][PASSED] - Delayed 3 second(s)

2021-11-15 08:08:23 - [MESSAGE][PASSED] - startApp.OpenApp.terminateApplication is PASSED

2021-11-15 08:08:23 - [MESSAGE][PASSED] - Call Test Case 'Test Cases/Mobile/Page/Run App/Terminate App' successfully]]></system-out>
         <system-err><![CDATA[]]></system-err>
      </testcase>
      <testcase name="Test Cases/Mobile/Scenario/Transaction/005 - Melihat Transaction berdasarkan kategori History" time="43.748" classname="Test Cases/Mobile/Scenario/Transaction/005 - Melihat Transaction berdasarkan kategori History" status="PASSED">
         <system-out><![CDATA[2021-11-15 08:08:23 - [TEST_CASE][PASSED] - Test Cases/Mobile/Scenario/Transaction/005 - Melihat Transaction berdasarkan kategori History: Test Cases/Mobile/Scenario/Transaction/005 - Melihat Transaction berdasarkan kategori History

2021-11-15 08:08:23 - [TEST_STEP][PASSED] - callTestCase(findTestCase("Mobile/Page/Run App/Run App byID"), [:], STOP_ON_FAILURE): Call Test Case 'Test Cases/Mobile/Page/Run App/Run App byID' successfully

2021-11-15 08:08:23 - [TEST_CASE][PASSED] - Test Cases/Mobile/Page/Run App/Run App byID: Test Cases/Mobile/Page/Run App/Run App byID

2021-11-15 08:08:23 - [TEST_STEP][PASSED] - startApp.OpenApp.startApplication("com.mirae.maxfund"): startApp.OpenApp.startApplication is PASSED

2021-11-15 08:08:35 - [MESSAGE][PASSED] - Starting app with application ID: 'com.mirae.maxfund'

2021-11-15 08:08:35 - [MESSAGE][PASSED] - startApp.OpenApp.startApplication is PASSED

2021-11-15 08:08:35 - [MESSAGE][PASSED] - Call Test Case 'Test Cases/Mobile/Page/Run App/Run App byID' successfully

2021-11-15 08:08:35 - [TEST_STEP][PASSED] - callTestCase(findTestCase("Mobile/Page/Transaction/Transaction"), ["page":"history", "tab":"none", "action":"none"], CONTINUE_ON_FAILURE): Call Test Case 'Test Cases/Mobile/Page/Transaction/Transaction' successfully

2021-11-15 08:08:35 - [TEST_CASE][PASSED] - Test Cases/Mobile/Page/Transaction/Transaction: Test Cases/Mobile/Page/Transaction/Transaction

2021-11-15 08:08:35 - [TEST_STEP][PASSED] - delay(5): Delayed 5 second(s)

2021-11-15 08:08:40 - [MESSAGE][PASSED] - Delayed 5 second(s)

2021-11-15 08:08:40 - [TEST_STEP][PASSED] - loginCheck = verifyElementExist(findTestObject("Object Repository/Mobile/Page/Dashboard/Button - Login"), 2, CONTINUE_ON_FAILURE): Element 'Object Repository/Mobile/Page/Dashboard/Button - Login' is exist

2021-11-15 08:08:40 - [MESSAGE][PASSED] - Element 'Object Repository/Mobile/Page/Dashboard/Button - Login' is exist

2021-11-15 08:08:40 - [TEST_STEP][PASSED] - if (loginCheck): Delayed 3 second(s)

2021-11-15 08:08:40 - [TEST_STEP][PASSED] - tap(findTestObject("Object Repository/Mobile/Page/Dashboard/Button - Login"), 0): Tapped on element 'Object Repository/Mobile/Page/Dashboard/Button - Login'

2021-11-15 08:08:40 - [MESSAGE][WARNING] - Timeout '0' is invalid. Using default page load timeout: '60'

2021-11-15 08:08:40 - [MESSAGE][PASSED] - Tapped on element 'Object Repository/Mobile/Page/Dashboard/Button - Login'

2021-11-15 08:08:40 - [TEST_STEP][PASSED] - tap(findTestObject("Object Repository/Mobile/Page/Login/Input - UserID or Email"), 0): Tapped on element 'Object Repository/Mobile/Page/Login/Input - UserID or Email'

2021-11-15 08:08:40 - [MESSAGE][WARNING] - Timeout '0' is invalid. Using default page load timeout: '60'

2021-11-15 08:08:43 - [MESSAGE][PASSED] - Tapped on element 'Object Repository/Mobile/Page/Login/Input - UserID or Email'

2021-11-15 08:08:43 - [TEST_STEP][PASSED] - setText(findTestObject("Object Repository/Mobile/Page/Login/Input - UserID or Email"), "ady.pangerang@gmail.com", 0): Text 'ady.pangerang@gmail.com' has been set to element 'Object Repository/Mobile/Page/Login/Input - UserID or Email'

2021-11-15 08:08:43 - [MESSAGE][WARNING] - Timeout '0' is invalid. Using default page load timeout: '60'

2021-11-15 08:08:44 - [MESSAGE][PASSED] - Text 'ady.pangerang@gmail.com' has been set to element 'Object Repository/Mobile/Page/Login/Input - UserID or Email'

2021-11-15 08:08:44 - [TEST_STEP][PASSED] - tap(findTestObject("Object Repository/Mobile/Page/Login/Input - Password 2"), 0): Tapped on element 'Object Repository/Mobile/Page/Login/Input - Password 2'

2021-11-15 08:08:45 - [MESSAGE][WARNING] - Timeout '0' is invalid. Using default page load timeout: '60'

2021-11-15 08:08:45 - [MESSAGE][PASSED] - Tapped on element 'Object Repository/Mobile/Page/Login/Input - Password 2'

2021-11-15 08:08:45 - [TEST_STEP][PASSED] - setText(findTestObject("Object Repository/Mobile/Page/Login/Input - Password 2"), "Mirae1234", 0): Text 'Mirae1234' has been set to element 'Object Repository/Mobile/Page/Login/Input - Password 2'

2021-11-15 08:08:45 - [MESSAGE][WARNING] - Timeout '0' is invalid. Using default page load timeout: '60'

2021-11-15 08:08:46 - [MESSAGE][PASSED] - Text 'Mirae1234' has been set to element 'Object Repository/Mobile/Page/Login/Input - Password 2'

2021-11-15 08:08:46 - [TEST_STEP][PASSED] - tap(findTestObject("Object Repository/Mobile/Page/Login/Button - Sign In"), 0): Tapped on element 'Object Repository/Mobile/Page/Login/Button - Sign In'

2021-11-15 08:08:46 - [MESSAGE][WARNING] - Timeout '0' is invalid. Using default page load timeout: '60'

2021-11-15 08:08:48 - [MESSAGE][PASSED] - Tapped on element 'Object Repository/Mobile/Page/Login/Button - Sign In'

2021-11-15 08:08:48 - [TEST_STEP][PASSED] - delay(3): Delayed 3 second(s)

2021-11-15 08:08:51 - [MESSAGE][PASSED] - Delayed 3 second(s)

2021-11-15 08:08:51 - [TEST_STEP][PASSED] - if (page == "cart"): null

2021-11-15 08:08:51 - [TEST_STEP][PASSED] - tap(findTestObject("Object Repository/Mobile/Page/Transaction/Button - Menubar Transaction"), 0): Tapped on element 'Object Repository/Mobile/Page/Transaction/Button - Menubar Transaction'

2021-11-15 08:08:51 - [MESSAGE][WARNING] - Timeout '0' is invalid. Using default page load timeout: '60'

2021-11-15 08:08:53 - [MESSAGE][PASSED] - Tapped on element 'Object Repository/Mobile/Page/Transaction/Button - Menubar Transaction'

2021-11-15 08:08:53 - [TEST_STEP][PASSED] - delay(1): Delayed 1 second(s)

2021-11-15 08:08:54 - [MESSAGE][PASSED] - Delayed 1 second(s)

2021-11-15 08:08:54 - [TEST_STEP][PASSED] - if (page == "onprocess"): null

2021-11-15 08:08:54 - [TEST_STEP][PASSED] - else if (page == "history"): Delayed 1 second(s)

2021-11-15 08:08:54 - [TEST_STEP][PASSED] - tap(findTestObject("Object Repository/Mobile/Page/Transaction/Tab - History"), 0): Tapped on element 'Object Repository/Mobile/Page/Transaction/Tab - History'

2021-11-15 08:08:54 - [MESSAGE][WARNING] - Timeout '0' is invalid. Using default page load timeout: '60'

2021-11-15 08:08:55 - [MESSAGE][PASSED] - Tapped on element 'Object Repository/Mobile/Page/Transaction/Tab - History'

2021-11-15 08:08:55 - [TEST_STEP][PASSED] - if (action == "detail"): null

2021-11-15 08:08:55 - [TEST_STEP][PASSED] - delay(1): Delayed 1 second(s)

2021-11-15 08:08:56 - [MESSAGE][PASSED] - Delayed 1 second(s)

2021-11-15 08:08:56 - [MESSAGE][PASSED] - Call Test Case 'Test Cases/Mobile/Page/Transaction/Transaction' successfully

2021-11-15 08:08:56 - [TEST_STEP][PASSED] - callTestCase(findTestCase("Mobile/Page/Run App/Terminate App"), [:], STOP_ON_FAILURE): Call Test Case 'Test Cases/Mobile/Page/Run App/Terminate App' successfully

2021-11-15 08:08:57 - [TEST_CASE][PASSED] - Test Cases/Mobile/Page/Run App/Terminate App: Test Cases/Mobile/Page/Run App/Terminate App

2021-11-15 08:08:57 - [TEST_STEP][PASSED] - startApp.OpenApp.terminateApplication(): startApp.OpenApp.terminateApplication is PASSED

2021-11-15 08:09:00 - [MESSAGE][PASSED] - Delayed 3 second(s)

2021-11-15 08:09:00 - [MESSAGE][PASSED] - Current device physical width is 720

2021-11-15 08:09:00 - [MESSAGE][PASSED] - Current device physical height is 1423

2021-11-15 08:09:01 - [MESSAGE][PASSED] - Swiped from 360,853 to 360,142

2021-11-15 08:09:02 - [MESSAGE][PASSED] - Delayed 1 second(s)

2021-11-15 08:09:04 - [MESSAGE][PASSED] - Swiped from 360,853 to 360,142

2021-11-15 08:09:07 - [MESSAGE][PASSED] - Delayed 3 second(s)

2021-11-15 08:09:07 - [MESSAGE][PASSED] - startApp.OpenApp.terminateApplication is PASSED

2021-11-15 08:09:07 - [MESSAGE][PASSED] - Call Test Case 'Test Cases/Mobile/Page/Run App/Terminate App' successfully]]></system-out>
         <system-err><![CDATA[]]></system-err>
      </testcase>
      <testcase name="Test Cases/Mobile/Scenario/Transaction/006 - Melihat detail Transaction" time="53.725" classname="Test Cases/Mobile/Scenario/Transaction/006 - Melihat detail Transaction" status="PASSED">
         <system-out><![CDATA[2021-11-15 08:09:07 - [TEST_CASE][PASSED] - Test Cases/Mobile/Scenario/Transaction/006 - Melihat detail Transaction: Test Cases/Mobile/Scenario/Transaction/006 - Melihat detail Transaction

2021-11-15 08:09:07 - [TEST_STEP][PASSED] - callTestCase(findTestCase("Mobile/Page/Run App/Run App byID"), [:], STOP_ON_FAILURE): Call Test Case 'Test Cases/Mobile/Page/Run App/Run App byID' successfully

2021-11-15 08:09:07 - [TEST_CASE][PASSED] - Test Cases/Mobile/Page/Run App/Run App byID: Test Cases/Mobile/Page/Run App/Run App byID

2021-11-15 08:09:07 - [TEST_STEP][PASSED] - startApp.OpenApp.startApplication("com.mirae.maxfund"): startApp.OpenApp.startApplication is PASSED

2021-11-15 08:09:18 - [MESSAGE][PASSED] - Starting app with application ID: 'com.mirae.maxfund'

2021-11-15 08:09:18 - [MESSAGE][PASSED] - startApp.OpenApp.startApplication is PASSED

2021-11-15 08:09:18 - [MESSAGE][PASSED] - Call Test Case 'Test Cases/Mobile/Page/Run App/Run App byID' successfully

2021-11-15 08:09:18 - [TEST_STEP][PASSED] - callTestCase(findTestCase("Mobile/Page/Transaction/Transaction"), ["page":"onprocess", "tab":"none", "action":"detail"], CONTINUE_ON_FAILURE): Call Test Case 'Test Cases/Mobile/Page/Transaction/Transaction' successfully

2021-11-15 08:09:19 - [TEST_CASE][PASSED] - Test Cases/Mobile/Page/Transaction/Transaction: Test Cases/Mobile/Page/Transaction/Transaction

2021-11-15 08:09:19 - [TEST_STEP][PASSED] - delay(5): Delayed 5 second(s)

2021-11-15 08:09:24 - [MESSAGE][PASSED] - Delayed 5 second(s)

2021-11-15 08:09:24 - [TEST_STEP][PASSED] - loginCheck = verifyElementExist(findTestObject("Object Repository/Mobile/Page/Dashboard/Button - Login"), 2, CONTINUE_ON_FAILURE): Element 'Object Repository/Mobile/Page/Dashboard/Button - Login' is exist

2021-11-15 08:09:24 - [MESSAGE][PASSED] - Element 'Object Repository/Mobile/Page/Dashboard/Button - Login' is exist

2021-11-15 08:09:24 - [TEST_STEP][PASSED] - if (loginCheck): Delayed 3 second(s)

2021-11-15 08:09:24 - [TEST_STEP][PASSED] - tap(findTestObject("Object Repository/Mobile/Page/Dashboard/Button - Login"), 0): Tapped on element 'Object Repository/Mobile/Page/Dashboard/Button - Login'

2021-11-15 08:09:24 - [MESSAGE][WARNING] - Timeout '0' is invalid. Using default page load timeout: '60'

2021-11-15 08:09:27 - [MESSAGE][PASSED] - Tapped on element 'Object Repository/Mobile/Page/Dashboard/Button - Login'

2021-11-15 08:09:27 - [TEST_STEP][PASSED] - tap(findTestObject("Object Repository/Mobile/Page/Login/Input - UserID or Email"), 0): Tapped on element 'Object Repository/Mobile/Page/Login/Input - UserID or Email'

2021-11-15 08:09:28 - [MESSAGE][WARNING] - Timeout '0' is invalid. Using default page load timeout: '60'

2021-11-15 08:09:28 - [MESSAGE][PASSED] - Tapped on element 'Object Repository/Mobile/Page/Login/Input - UserID or Email'

2021-11-15 08:09:28 - [TEST_STEP][PASSED] - setText(findTestObject("Object Repository/Mobile/Page/Login/Input - UserID or Email"), "ady.pangerang@gmail.com", 0): Text 'ady.pangerang@gmail.com' has been set to element 'Object Repository/Mobile/Page/Login/Input - UserID or Email'

2021-11-15 08:09:28 - [MESSAGE][WARNING] - Timeout '0' is invalid. Using default page load timeout: '60'

2021-11-15 08:09:30 - [MESSAGE][PASSED] - Text 'ady.pangerang@gmail.com' has been set to element 'Object Repository/Mobile/Page/Login/Input - UserID or Email'

2021-11-15 08:09:30 - [TEST_STEP][PASSED] - tap(findTestObject("Object Repository/Mobile/Page/Login/Input - Password 2"), 0): Tapped on element 'Object Repository/Mobile/Page/Login/Input - Password 2'

2021-11-15 08:09:30 - [MESSAGE][WARNING] - Timeout '0' is invalid. Using default page load timeout: '60'

2021-11-15 08:09:31 - [MESSAGE][PASSED] - Tapped on element 'Object Repository/Mobile/Page/Login/Input - Password 2'

2021-11-15 08:09:31 - [TEST_STEP][PASSED] - setText(findTestObject("Object Repository/Mobile/Page/Login/Input - Password 2"), "Mirae1234", 0): Text 'Mirae1234' has been set to element 'Object Repository/Mobile/Page/Login/Input - Password 2'

2021-11-15 08:09:31 - [MESSAGE][WARNING] - Timeout '0' is invalid. Using default page load timeout: '60'

2021-11-15 08:09:32 - [MESSAGE][PASSED] - Text 'Mirae1234' has been set to element 'Object Repository/Mobile/Page/Login/Input - Password 2'

2021-11-15 08:09:32 - [TEST_STEP][PASSED] - tap(findTestObject("Object Repository/Mobile/Page/Login/Button - Sign In"), 0): Tapped on element 'Object Repository/Mobile/Page/Login/Button - Sign In'

2021-11-15 08:09:32 - [MESSAGE][WARNING] - Timeout '0' is invalid. Using default page load timeout: '60'

2021-11-15 08:09:34 - [MESSAGE][PASSED] - Tapped on element 'Object Repository/Mobile/Page/Login/Button - Sign In'

2021-11-15 08:09:34 - [TEST_STEP][PASSED] - delay(3): Delayed 3 second(s)

2021-11-15 08:09:37 - [MESSAGE][PASSED] - Delayed 3 second(s)

2021-11-15 08:09:37 - [TEST_STEP][PASSED] - if (page == "cart"): null

2021-11-15 08:09:37 - [TEST_STEP][PASSED] - tap(findTestObject("Object Repository/Mobile/Page/Transaction/Button - Menubar Transaction"), 0): Tapped on element 'Object Repository/Mobile/Page/Transaction/Button - Menubar Transaction'

2021-11-15 08:09:37 - [MESSAGE][WARNING] - Timeout '0' is invalid. Using default page load timeout: '60'

2021-11-15 08:09:38 - [MESSAGE][PASSED] - Tapped on element 'Object Repository/Mobile/Page/Transaction/Button - Menubar Transaction'

2021-11-15 08:09:38 - [TEST_STEP][PASSED] - delay(1): Delayed 1 second(s)

2021-11-15 08:09:39 - [MESSAGE][PASSED] - Delayed 1 second(s)

2021-11-15 08:09:39 - [TEST_STEP][PASSED] - if (page == "onprocess"): Delayed 1 second(s)

2021-11-15 08:09:39 - [TEST_STEP][PASSED] - if (tab == "subscription"): null

2021-11-15 08:09:39 - [TEST_STEP][PASSED] - if (action == "detail"): scroll.scroll.scrollBottomToTop is PASSED

2021-11-15 08:09:39 - [TEST_STEP][PASSED] - delay(4): Delayed 4 second(s)

2021-11-15 08:09:43 - [MESSAGE][PASSED] - Delayed 4 second(s)

2021-11-15 08:09:43 - [TEST_STEP][PASSED] - if (tab == "subscription"): null

2021-11-15 08:09:43 - [TEST_STEP][PASSED] - else if (tab == "redemption"): null

2021-11-15 08:09:43 - [TEST_STEP][PASSED] - else if (tab == "switching"): null

2021-11-15 08:09:43 - [TEST_STEP][PASSED] - else: Tapped and held on element 'Object Repository/Mobile/Page/Transaction/On Process/Top Item - All' with duration 1

2021-11-15 08:09:43 - [TEST_STEP][PASSED] - tapAndHold(findTestObject("Mobile/Page/Transaction/On Process/Top Item - All"), 1, 0): Tapped and held on element 'Object Repository/Mobile/Page/Transaction/On Process/Top Item - All' with duration 1

2021-11-15 08:09:43 - [MESSAGE][WARNING] - Timeout '0' is invalid. Using default page load timeout: '60'

2021-11-15 08:09:46 - [MESSAGE][PASSED] - Tapped and held on element 'Object Repository/Mobile/Page/Transaction/On Process/Top Item - All' with duration 1

2021-11-15 08:09:46 - [TEST_STEP][PASSED] - delay(1): Delayed 1 second(s)

2021-11-15 08:09:47 - [MESSAGE][PASSED] - Delayed 1 second(s)

2021-11-15 08:09:47 - [TEST_STEP][PASSED] - scroll.scroll.scrollBottomToTop(): scroll.scroll.scrollBottomToTop is PASSED

2021-11-15 08:09:48 - [MESSAGE][PASSED] - Current device physical height is 1423

2021-11-15 08:09:48 - [MESSAGE][PASSED] - Current device physical width is 720

2021-11-15 08:09:49 - [MESSAGE][PASSED] - Swiped from 360,1,138 to 360,284

2021-11-15 08:09:49 - [MESSAGE][PASSED] - scroll.scroll.scrollBottomToTop is PASSED

2021-11-15 08:09:49 - [TEST_STEP][PASSED] - delay(1): Delayed 1 second(s)

2021-11-15 08:09:50 - [MESSAGE][PASSED] - Delayed 1 second(s)

2021-11-15 08:09:50 - [MESSAGE][PASSED] - Call Test Case 'Test Cases/Mobile/Page/Transaction/Transaction' successfully

2021-11-15 08:09:50 - [TEST_STEP][PASSED] - callTestCase(findTestCase("Mobile/Page/Run App/Terminate App"), [:], STOP_ON_FAILURE): Call Test Case 'Test Cases/Mobile/Page/Run App/Terminate App' successfully

2021-11-15 08:09:50 - [TEST_CASE][PASSED] - Test Cases/Mobile/Page/Run App/Terminate App: Test Cases/Mobile/Page/Run App/Terminate App

2021-11-15 08:09:50 - [TEST_STEP][PASSED] - startApp.OpenApp.terminateApplication(): startApp.OpenApp.terminateApplication is PASSED

2021-11-15 08:09:53 - [MESSAGE][PASSED] - Delayed 3 second(s)

2021-11-15 08:09:54 - [MESSAGE][PASSED] - Current device physical width is 720

2021-11-15 08:09:54 - [MESSAGE][PASSED] - Current device physical height is 1423

2021-11-15 08:09:55 - [MESSAGE][PASSED] - Swiped from 360,853 to 360,142

2021-11-15 08:09:56 - [MESSAGE][PASSED] - Delayed 1 second(s)

2021-11-15 08:09:57 - [MESSAGE][PASSED] - Swiped from 360,853 to 360,142

2021-11-15 08:10:00 - [MESSAGE][PASSED] - Delayed 3 second(s)

2021-11-15 08:10:00 - [MESSAGE][PASSED] - startApp.OpenApp.terminateApplication is PASSED

2021-11-15 08:10:00 - [MESSAGE][PASSED] - Call Test Case 'Test Cases/Mobile/Page/Run App/Terminate App' successfully]]></system-out>
         <system-err><![CDATA[]]></system-err>
      </testcase>
      <testcase name="Test Cases/Mobile/Scenario/Transaction/007 - Melihat detail Transaction berdasarkan ketegori On Process dan Subcription" time="52.719" classname="Test Cases/Mobile/Scenario/Transaction/007 - Melihat detail Transaction berdasarkan ketegori On Process dan Subcription" status="PASSED">
         <system-out><![CDATA[2021-11-15 08:10:00 - [TEST_CASE][PASSED] - Test Cases/Mobile/Scenario/Transaction/007 - Melihat detail Transaction berdasarkan ketegori On Process dan Subcription: Test Cases/Mobile/Scenario/Transaction/007 - Melihat detail Transaction berdasarkan ketegori On Process dan Subcription

2021-11-15 08:10:01 - [TEST_STEP][PASSED] - callTestCase(findTestCase("Mobile/Page/Run App/Run App byID"), [:], STOP_ON_FAILURE): Call Test Case 'Test Cases/Mobile/Page/Run App/Run App byID' successfully

2021-11-15 08:10:01 - [TEST_CASE][PASSED] - Test Cases/Mobile/Page/Run App/Run App byID: Test Cases/Mobile/Page/Run App/Run App byID

2021-11-15 08:10:01 - [TEST_STEP][PASSED] - startApp.OpenApp.startApplication("com.mirae.maxfund"): startApp.OpenApp.startApplication is PASSED

2021-11-15 08:10:12 - [MESSAGE][PASSED] - Starting app with application ID: 'com.mirae.maxfund'

2021-11-15 08:10:12 - [MESSAGE][PASSED] - startApp.OpenApp.startApplication is PASSED

2021-11-15 08:10:12 - [MESSAGE][PASSED] - Call Test Case 'Test Cases/Mobile/Page/Run App/Run App byID' successfully

2021-11-15 08:10:12 - [TEST_STEP][PASSED] - callTestCase(findTestCase("Mobile/Page/Transaction/Transaction"), ["page":"onprocess", "tab":"subscription", "action":"detail"], CONTINUE_ON_FAILURE): Call Test Case 'Test Cases/Mobile/Page/Transaction/Transaction' successfully

2021-11-15 08:10:12 - [TEST_CASE][PASSED] - Test Cases/Mobile/Page/Transaction/Transaction: Test Cases/Mobile/Page/Transaction/Transaction

2021-11-15 08:10:12 - [TEST_STEP][PASSED] - delay(5): Delayed 5 second(s)

2021-11-15 08:10:17 - [MESSAGE][PASSED] - Delayed 5 second(s)

2021-11-15 08:10:17 - [TEST_STEP][PASSED] - loginCheck = verifyElementExist(findTestObject("Object Repository/Mobile/Page/Dashboard/Button - Login"), 2, CONTINUE_ON_FAILURE): Element 'Object Repository/Mobile/Page/Dashboard/Button - Login' is exist

2021-11-15 08:10:17 - [MESSAGE][PASSED] - Element 'Object Repository/Mobile/Page/Dashboard/Button - Login' is exist

2021-11-15 08:10:17 - [TEST_STEP][PASSED] - if (loginCheck): Delayed 3 second(s)

2021-11-15 08:10:17 - [TEST_STEP][PASSED] - tap(findTestObject("Object Repository/Mobile/Page/Dashboard/Button - Login"), 0): Tapped on element 'Object Repository/Mobile/Page/Dashboard/Button - Login'

2021-11-15 08:10:17 - [MESSAGE][WARNING] - Timeout '0' is invalid. Using default page load timeout: '60'

2021-11-15 08:10:19 - [MESSAGE][PASSED] - Tapped on element 'Object Repository/Mobile/Page/Dashboard/Button - Login'

2021-11-15 08:10:19 - [TEST_STEP][PASSED] - tap(findTestObject("Object Repository/Mobile/Page/Login/Input - UserID or Email"), 0): Tapped on element 'Object Repository/Mobile/Page/Login/Input - UserID or Email'

2021-11-15 08:10:19 - [MESSAGE][WARNING] - Timeout '0' is invalid. Using default page load timeout: '60'

2021-11-15 08:10:21 - [MESSAGE][PASSED] - Tapped on element 'Object Repository/Mobile/Page/Login/Input - UserID or Email'

2021-11-15 08:10:21 - [TEST_STEP][PASSED] - setText(findTestObject("Object Repository/Mobile/Page/Login/Input - UserID or Email"), "ady.pangerang@gmail.com", 0): Text 'ady.pangerang@gmail.com' has been set to element 'Object Repository/Mobile/Page/Login/Input - UserID or Email'

2021-11-15 08:10:21 - [MESSAGE][WARNING] - Timeout '0' is invalid. Using default page load timeout: '60'

2021-11-15 08:10:23 - [MESSAGE][PASSED] - Text 'ady.pangerang@gmail.com' has been set to element 'Object Repository/Mobile/Page/Login/Input - UserID or Email'

2021-11-15 08:10:23 - [TEST_STEP][PASSED] - tap(findTestObject("Object Repository/Mobile/Page/Login/Input - Password 2"), 0): Tapped on element 'Object Repository/Mobile/Page/Login/Input - Password 2'

2021-11-15 08:10:23 - [MESSAGE][WARNING] - Timeout '0' is invalid. Using default page load timeout: '60'

2021-11-15 08:10:24 - [MESSAGE][PASSED] - Tapped on element 'Object Repository/Mobile/Page/Login/Input - Password 2'

2021-11-15 08:10:24 - [TEST_STEP][PASSED] - setText(findTestObject("Object Repository/Mobile/Page/Login/Input - Password 2"), "Mirae1234", 0): Text 'Mirae1234' has been set to element 'Object Repository/Mobile/Page/Login/Input - Password 2'

2021-11-15 08:10:24 - [MESSAGE][WARNING] - Timeout '0' is invalid. Using default page load timeout: '60'

2021-11-15 08:10:25 - [MESSAGE][PASSED] - Text 'Mirae1234' has been set to element 'Object Repository/Mobile/Page/Login/Input - Password 2'

2021-11-15 08:10:25 - [TEST_STEP][PASSED] - tap(findTestObject("Object Repository/Mobile/Page/Login/Button - Sign In"), 0): Tapped on element 'Object Repository/Mobile/Page/Login/Button - Sign In'

2021-11-15 08:10:25 - [MESSAGE][WARNING] - Timeout '0' is invalid. Using default page load timeout: '60'

2021-11-15 08:10:26 - [MESSAGE][PASSED] - Tapped on element 'Object Repository/Mobile/Page/Login/Button - Sign In'

2021-11-15 08:10:26 - [TEST_STEP][PASSED] - delay(3): Delayed 3 second(s)

2021-11-15 08:10:29 - [MESSAGE][PASSED] - Delayed 3 second(s)

2021-11-15 08:10:29 - [TEST_STEP][PASSED] - if (page == "cart"): null

2021-11-15 08:10:29 - [TEST_STEP][PASSED] - tap(findTestObject("Object Repository/Mobile/Page/Transaction/Button - Menubar Transaction"), 0): Tapped on element 'Object Repository/Mobile/Page/Transaction/Button - Menubar Transaction'

2021-11-15 08:10:29 - [MESSAGE][WARNING] - Timeout '0' is invalid. Using default page load timeout: '60'

2021-11-15 08:10:31 - [MESSAGE][PASSED] - Tapped on element 'Object Repository/Mobile/Page/Transaction/Button - Menubar Transaction'

2021-11-15 08:10:31 - [TEST_STEP][PASSED] - delay(1): Delayed 1 second(s)

2021-11-15 08:10:32 - [MESSAGE][PASSED] - Delayed 1 second(s)

2021-11-15 08:10:32 - [TEST_STEP][PASSED] - if (page == "onprocess"): Delayed 1 second(s)

2021-11-15 08:10:32 - [TEST_STEP][PASSED] - if (tab == "subscription"): Tapped on element 'Object Repository/Mobile/Page/Transaction/On Process/Tab - Subscription'

2021-11-15 08:10:32 - [TEST_STEP][PASSED] - tap(findTestObject("Object Repository/Mobile/Page/Transaction/On Process/Tab - Subscription"), 0): Tapped on element 'Object Repository/Mobile/Page/Transaction/On Process/Tab - Subscription'

2021-11-15 08:10:32 - [MESSAGE][WARNING] - Timeout '0' is invalid. Using default page load timeout: '60'

2021-11-15 08:10:32 - [MESSAGE][PASSED] - Tapped on element 'Object Repository/Mobile/Page/Transaction/On Process/Tab - Subscription'

2021-11-15 08:10:32 - [TEST_STEP][PASSED] - if (action == "detail"): scroll.scroll.scrollBottomToTop is PASSED

2021-11-15 08:10:32 - [TEST_STEP][PASSED] - delay(4): Delayed 4 second(s)

2021-11-15 08:10:36 - [MESSAGE][PASSED] - Delayed 4 second(s)

2021-11-15 08:10:36 - [TEST_STEP][PASSED] - if (tab == "subscription"): Tapped and held on element 'Object Repository/Mobile/Page/Transaction/On Process/Top Item - Subscription' with duration 1

2021-11-15 08:10:36 - [TEST_STEP][PASSED] - tapAndHold(findTestObject("Mobile/Page/Transaction/On Process/Top Item - Subscription"), 1, 0): Tapped and held on element 'Object Repository/Mobile/Page/Transaction/On Process/Top Item - Subscription' with duration 1

2021-11-15 08:10:37 - [MESSAGE][WARNING] - Timeout '0' is invalid. Using default page load timeout: '60'

2021-11-15 08:10:39 - [MESSAGE][PASSED] - Tapped and held on element 'Object Repository/Mobile/Page/Transaction/On Process/Top Item - Subscription' with duration 1

2021-11-15 08:10:39 - [TEST_STEP][PASSED] - delay(1): Delayed 1 second(s)

2021-11-15 08:10:40 - [MESSAGE][PASSED] - Delayed 1 second(s)

2021-11-15 08:10:40 - [TEST_STEP][PASSED] - scroll.scroll.scrollBottomToTop(): scroll.scroll.scrollBottomToTop is PASSED

2021-11-15 08:10:40 - [MESSAGE][PASSED] - Current device physical height is 1423

2021-11-15 08:10:41 - [MESSAGE][PASSED] - Current device physical width is 720

2021-11-15 08:10:42 - [MESSAGE][PASSED] - Swiped from 360,1,138 to 360,284

2021-11-15 08:10:42 - [MESSAGE][PASSED] - scroll.scroll.scrollBottomToTop is PASSED

2021-11-15 08:10:42 - [TEST_STEP][PASSED] - delay(1): Delayed 1 second(s)

2021-11-15 08:10:43 - [MESSAGE][PASSED] - Delayed 1 second(s)

2021-11-15 08:10:43 - [MESSAGE][PASSED] - Call Test Case 'Test Cases/Mobile/Page/Transaction/Transaction' successfully

2021-11-15 08:10:43 - [TEST_STEP][PASSED] - callTestCase(findTestCase("Mobile/Page/Run App/Terminate App"), [:], STOP_ON_FAILURE): Call Test Case 'Test Cases/Mobile/Page/Run App/Terminate App' successfully

2021-11-15 08:10:43 - [TEST_CASE][PASSED] - Test Cases/Mobile/Page/Run App/Terminate App: Test Cases/Mobile/Page/Run App/Terminate App

2021-11-15 08:10:43 - [TEST_STEP][PASSED] - startApp.OpenApp.terminateApplication(): startApp.OpenApp.terminateApplication is PASSED

2021-11-15 08:10:46 - [MESSAGE][PASSED] - Delayed 3 second(s)

2021-11-15 08:10:46 - [MESSAGE][PASSED] - Current device physical width is 720

2021-11-15 08:10:47 - [MESSAGE][PASSED] - Current device physical height is 1423

2021-11-15 08:10:48 - [MESSAGE][PASSED] - Swiped from 360,853 to 360,142

2021-11-15 08:10:49 - [MESSAGE][PASSED] - Delayed 1 second(s)

2021-11-15 08:10:50 - [MESSAGE][PASSED] - Swiped from 360,853 to 360,142

2021-11-15 08:10:53 - [MESSAGE][PASSED] - Delayed 3 second(s)

2021-11-15 08:10:53 - [MESSAGE][PASSED] - startApp.OpenApp.terminateApplication is PASSED

2021-11-15 08:10:53 - [MESSAGE][PASSED] - Call Test Case 'Test Cases/Mobile/Page/Run App/Terminate App' successfully]]></system-out>
         <system-err><![CDATA[]]></system-err>
      </testcase>
      <testcase name="Test Cases/Mobile/Scenario/Transaction/008 - Melihat detail Transaction berdasarkan ketegori On Process dan Redemption" time="100.891" classname="Test Cases/Mobile/Scenario/Transaction/008 - Melihat detail Transaction berdasarkan ketegori On Process dan Redemption" status="FAILED">
         <failure type="FAILED" message="Test Cases/Mobile/Scenario/Transaction/008 - Melihat detail Transaction berdasarkan ketegori On Process dan Redemption FAILED.
Reason:
com.kms.katalon.core.exception.StepFailedException: Unable to call Test Case 'Test Cases/Mobile/Page/Transaction/Transaction' (Root cause: com.kms.katalon.core.exception.StepFailedException: Call Test Case 'Test Cases/Mobile/Page/Transaction/Transaction' failed
	at com.kms.katalon.core.keyword.builtin.CallTestCaseKeyword$_callTestCase_closure1.doCall(CallTestCaseKeyword.groovy:63)
	at com.kms.katalon.core.keyword.builtin.CallTestCaseKeyword$_callTestCase_closure1.call(CallTestCaseKeyword.groovy)
	at com.kms.katalon.core.keyword.internal.KeywordMain.runKeyword(KeywordMain.groovy:68)
	at com.kms.katalon.core.keyword.builtin.CallTestCaseKeyword.callTestCase(CallTestCaseKeyword.groovy:81)
	at com.kms.katalon.core.keyword.builtin.CallTestCaseKeyword.execute(CallTestCaseKeyword.groovy:44)
	at com.kms.katalon.core.keyword.internal.KeywordExecutor.executeKeywordForPlatform(KeywordExecutor.groovy:73)
	at com.kms.katalon.core.keyword.BuiltinKeywords.callTestCase(BuiltinKeywords.groovy:334)
	at 008 - Melihat detail Transaction berdasarkan ketegori On Process dan Redemption.run(008 - Melihat detail Transaction berdasarkan ketegori On Process dan Redemption:22)
	at com.kms.katalon.core.main.ScriptEngine.run(ScriptEngine.java:194)
	at com.kms.katalon.core.main.ScriptEngine.runScriptAsRawText(ScriptEngine.java:119)
	at com.kms.katalon.core.main.TestCaseExecutor.runScript(TestCaseExecutor.java:398)
	at com.kms.katalon.core.main.TestCaseExecutor.doExecute(TestCaseExecutor.java:389)
	at com.kms.katalon.core.main.TestCaseExecutor.processExecutionPhase(TestCaseExecutor.java:368)
	at com.kms.katalon.core.main.TestCaseExecutor.accessMainPhase(TestCaseExecutor.java:360)
	at com.kms.katalon.core.main.TestCaseExecutor.execute(TestCaseExecutor.java:255)
	at com.kms.katalon.core.main.TestSuiteExecutor.accessTestCaseMainPhase(TestSuiteExecutor.java:203)
	at com.kms.katalon.core.main.TestSuiteExecutor.accessTestSuiteMainPhase(TestSuiteExecutor.java:152)
	at com.kms.katalon.core.main.TestSuiteExecutor.execute(TestSuiteExecutor.java:95)
	at com.kms.katalon.core.main.TestCaseMain.startTestSuite(TestCaseMain.java:157)
	at com.kms.katalon.core.main.TestCaseMain$startTestSuite$0.call(Unknown Source)
	at TempTestSuite1636938259952.run(TempTestSuite1636938259952.groovy:39)
Caused by: com.kms.katalon.core.exception.StepFailedException: Object Object Repository/Mobile/Page/Transaction/Button - Menubar Transaction not found
	at com.kms.katalon.core.keyword.internal.KeywordMain.stepFailed(KeywordMain.groovy:50)
	at com.kms.katalon.core.mobile.keyword.internal.MobileKeywordMain.stepFailed(MobileKeywordMain.groovy:40)
	at com.kms.katalon.core.mobile.keyword.builtin.TapKeyword$_tap_closure1.doCall(TapKeyword.groovy:79)
	at com.kms.katalon.core.mobile.keyword.builtin.TapKeyword$_tap_closure1.call(TapKeyword.groovy)
	at com.kms.katalon.core.mobile.keyword.internal.MobileKeywordMain.runKeyword(MobileKeywordMain.groovy:21)
	at com.kms.katalon.core.mobile.keyword.builtin.TapKeyword.tap(TapKeyword.groovy:86)
	at com.kms.katalon.core.mobile.keyword.builtin.TapKeyword.execute(TapKeyword.groovy:68)
	at com.kms.katalon.core.keyword.internal.KeywordExecutor.executeKeywordForPlatform(KeywordExecutor.groovy:73)
	at com.kms.katalon.core.mobile.keyword.MobileBuiltInKeywords.tap(MobileBuiltInKeywords.groovy:1354)
	at com.kms.katalon.core.mobile.keyword.MobileBuiltInKeywords$tap$1.call(Unknown Source)
	at Transaction.run(Transaction:38)
	at com.kms.katalon.core.main.ScriptEngine.run(ScriptEngine.java:194)
	at com.kms.katalon.core.main.ScriptEngine.runScriptAsRawText(ScriptEngine.java:119)
	at com.kms.katalon.core.main.TestCaseExecutor.runScript(TestCaseExecutor.java:398)
	at com.kms.katalon.core.main.TestCaseExecutor.doExecute(TestCaseExecutor.java:389)
	at com.kms.katalon.core.main.TestCaseExecutor.processExecutionPhase(TestCaseExecutor.java:368)
	at com.kms.katalon.core.main.TestCaseExecutor.accessMainPhase(TestCaseExecutor.java:360)
	at com.kms.katalon.core.main.TestCaseExecutor.execute(TestCaseExecutor.java:255)
	at com.kms.katalon.core.main.TestCaseMain.runTestCase(TestCaseMain.java:114)
	at com.kms.katalon.core.keyword.builtin.CallTestCaseKeyword$_callTestCase_closure1.doCall(CallTestCaseKeyword.groovy:59)
	... 20 more
)
	at com.kms.katalon.core.keyword.internal.KeywordMain.stepFailed(KeywordMain.groovy:39)
	at com.kms.katalon.core.keyword.internal.KeywordMain.stepFailed(KeywordMain.groovy)
	at com.kms.katalon.core.keyword.internal.KeywordMain.runKeyword(KeywordMain.groovy:70)
	at com.kms.katalon.core.keyword.builtin.CallTestCaseKeyword.callTestCase(CallTestCaseKeyword.groovy:81)
	at com.kms.katalon.core.keyword.builtin.CallTestCaseKeyword.execute(CallTestCaseKeyword.groovy:44)
	at com.kms.katalon.core.keyword.internal.KeywordExecutor.executeKeywordForPlatform(KeywordExecutor.groovy:73)
	at com.kms.katalon.core.keyword.BuiltinKeywords.callTestCase(BuiltinKeywords.groovy:334)
	at 008 - Melihat detail Transaction berdasarkan ketegori On Process dan Redemption.run(008 - Melihat detail Transaction berdasarkan ketegori On Process dan Redemption:22)
	at com.kms.katalon.core.main.ScriptEngine.run(ScriptEngine.java:194)
	at com.kms.katalon.core.main.ScriptEngine.runScriptAsRawText(ScriptEngine.java:119)
	at com.kms.katalon.core.main.TestCaseExecutor.runScript(TestCaseExecutor.java:398)
	at com.kms.katalon.core.main.TestCaseExecutor.doExecute(TestCaseExecutor.java:389)
	at com.kms.katalon.core.main.TestCaseExecutor.processExecutionPhase(TestCaseExecutor.java:368)
	at com.kms.katalon.core.main.TestCaseExecutor.accessMainPhase(TestCaseExecutor.java:360)
	at com.kms.katalon.core.main.TestCaseExecutor.execute(TestCaseExecutor.java:255)
	at com.kms.katalon.core.main.TestSuiteExecutor.accessTestCaseMainPhase(TestSuiteExecutor.java:203)
	at com.kms.katalon.core.main.TestSuiteExecutor.accessTestSuiteMainPhase(TestSuiteExecutor.java:152)
	at com.kms.katalon.core.main.TestSuiteExecutor.execute(TestSuiteExecutor.java:95)
	at com.kms.katalon.core.main.TestCaseMain.startTestSuite(TestCaseMain.java:157)
	at com.kms.katalon.core.main.TestCaseMain$startTestSuite$0.call(Unknown Source)
	at TempTestSuite1636938259952.run(TempTestSuite1636938259952.groovy:39)
Caused by: com.kms.katalon.core.exception.StepFailedException: Call Test Case 'Test Cases/Mobile/Page/Transaction/Transaction' failed
	at com.kms.katalon.core.keyword.builtin.CallTestCaseKeyword$_callTestCase_closure1.doCall(CallTestCaseKeyword.groovy:63)
	at com.kms.katalon.core.keyword.builtin.CallTestCaseKeyword$_callTestCase_closure1.call(CallTestCaseKeyword.groovy)
	at com.kms.katalon.core.keyword.internal.KeywordMain.runKeyword(KeywordMain.groovy:68)
	... 18 more
Caused by: com.kms.katalon.core.exception.StepFailedException: Object Object Repository/Mobile/Page/Transaction/Button - Menubar Transaction not found
	at com.kms.katalon.core.keyword.internal.KeywordMain.stepFailed(KeywordMain.groovy:50)
	at com.kms.katalon.core.mobile.keyword.internal.MobileKeywordMain.stepFailed(MobileKeywordMain.groovy:40)
	at com.kms.katalon.core.mobile.keyword.builtin.TapKeyword$_tap_closure1.doCall(TapKeyword.groovy:79)
	at com.kms.katalon.core.mobile.keyword.builtin.TapKeyword$_tap_closure1.call(TapKeyword.groovy)
	at com.kms.katalon.core.mobile.keyword.internal.MobileKeywordMain.runKeyword(MobileKeywordMain.groovy:21)
	at com.kms.katalon.core.mobile.keyword.builtin.TapKeyword.tap(TapKeyword.groovy:86)
	at com.kms.katalon.core.mobile.keyword.builtin.TapKeyword.execute(TapKeyword.groovy:68)
	at com.kms.katalon.core.keyword.internal.KeywordExecutor.executeKeywordForPlatform(KeywordExecutor.groovy:73)
	at com.kms.katalon.core.mobile.keyword.MobileBuiltInKeywords.tap(MobileBuiltInKeywords.groovy:1354)
	at com.kms.katalon.core.mobile.keyword.MobileBuiltInKeywords$tap$1.call(Unknown Source)
	at Transaction.run(Transaction:38)
	at com.kms.katalon.core.main.ScriptEngine.run(ScriptEngine.java:194)
	at com.kms.katalon.core.main.ScriptEngine.runScriptAsRawText(ScriptEngine.java:119)
	at com.kms.katalon.core.main.TestCaseExecutor.runScript(TestCaseExecutor.java:398)
	at com.kms.katalon.core.main.TestCaseExecutor.doExecute(TestCaseExecutor.java:389)
	at com.kms.katalon.core.main.TestCaseExecutor.processExecutionPhase(TestCaseExecutor.java:368)
	at com.kms.katalon.core.main.TestCaseExecutor.accessMainPhase(TestCaseExecutor.java:360)
	at com.kms.katalon.core.main.TestCaseExecutor.execute(TestCaseExecutor.java:255)
	at com.kms.katalon.core.main.TestCaseMain.runTestCase(TestCaseMain.java:114)
	at com.kms.katalon.core.keyword.builtin.CallTestCaseKeyword$_callTestCase_closure1.doCall(CallTestCaseKeyword.groovy:59)
	... 20 more
"/>
         <system-out><![CDATA[2021-11-15 08:10:53 - [TEST_CASE][FAILED] - Test Cases/Mobile/Scenario/Transaction/008 - Melihat detail Transaction berdasarkan ketegori On Process dan Redemption: Test Cases/Mobile/Scenario/Transaction/008 - Melihat detail Transaction berdasarkan ketegori On Process dan Redemption FAILED.
Reason:
com.kms.katalon.core.exception.StepFailedException: Unable to call Test Case 'Test Cases/Mobile/Page/Transaction/Transaction' (Root cause: com.kms.katalon.core.exception.StepFailedException: Call Test Case 'Test Cases/Mobile/Page/Transaction/Transaction' failed
	at com.kms.katalon.core.keyword.builtin.CallTestCaseKeyword$_callTestCase_closure1.doCall(CallTestCaseKeyword.groovy:63)
	at com.kms.katalon.core.keyword.builtin.CallTestCaseKeyword$_callTestCase_closure1.call(CallTestCaseKeyword.groovy)
	at com.kms.katalon.core.keyword.internal.KeywordMain.runKeyword(KeywordMain.groovy:68)
	at com.kms.katalon.core.keyword.builtin.CallTestCaseKeyword.callTestCase(CallTestCaseKeyword.groovy:81)
	at com.kms.katalon.core.keyword.builtin.CallTestCaseKeyword.execute(CallTestCaseKeyword.groovy:44)
	at com.kms.katalon.core.keyword.internal.KeywordExecutor.executeKeywordForPlatform(KeywordExecutor.groovy:73)
	at com.kms.katalon.core.keyword.BuiltinKeywords.callTestCase(BuiltinKeywords.groovy:334)
	at 008 - Melihat detail Transaction berdasarkan ketegori On Process dan Redemption.run(008 - Melihat detail Transaction berdasarkan ketegori On Process dan Redemption:22)
	at com.kms.katalon.core.main.ScriptEngine.run(ScriptEngine.java:194)
	at com.kms.katalon.core.main.ScriptEngine.runScriptAsRawText(ScriptEngine.java:119)
	at com.kms.katalon.core.main.TestCaseExecutor.runScript(TestCaseExecutor.java:398)
	at com.kms.katalon.core.main.TestCaseExecutor.doExecute(TestCaseExecutor.java:389)
	at com.kms.katalon.core.main.TestCaseExecutor.processExecutionPhase(TestCaseExecutor.java:368)
	at com.kms.katalon.core.main.TestCaseExecutor.accessMainPhase(TestCaseExecutor.java:360)
	at com.kms.katalon.core.main.TestCaseExecutor.execute(TestCaseExecutor.java:255)
	at com.kms.katalon.core.main.TestSuiteExecutor.accessTestCaseMainPhase(TestSuiteExecutor.java:203)
	at com.kms.katalon.core.main.TestSuiteExecutor.accessTestSuiteMainPhase(TestSuiteExecutor.java:152)
	at com.kms.katalon.core.main.TestSuiteExecutor.execute(TestSuiteExecutor.java:95)
	at com.kms.katalon.core.main.TestCaseMain.startTestSuite(TestCaseMain.java:157)
	at com.kms.katalon.core.main.TestCaseMain$startTestSuite$0.call(Unknown Source)
	at TempTestSuite1636938259952.run(TempTestSuite1636938259952.groovy:39)
Caused by: com.kms.katalon.core.exception.StepFailedException: Object Object Repository/Mobile/Page/Transaction/Button - Menubar Transaction not found
	at com.kms.katalon.core.keyword.internal.KeywordMain.stepFailed(KeywordMain.groovy:50)
	at com.kms.katalon.core.mobile.keyword.internal.MobileKeywordMain.stepFailed(MobileKeywordMain.groovy:40)
	at com.kms.katalon.core.mobile.keyword.builtin.TapKeyword$_tap_closure1.doCall(TapKeyword.groovy:79)
	at com.kms.katalon.core.mobile.keyword.builtin.TapKeyword$_tap_closure1.call(TapKeyword.groovy)
	at com.kms.katalon.core.mobile.keyword.internal.MobileKeywordMain.runKeyword(MobileKeywordMain.groovy:21)
	at com.kms.katalon.core.mobile.keyword.builtin.TapKeyword.tap(TapKeyword.groovy:86)
	at com.kms.katalon.core.mobile.keyword.builtin.TapKeyword.execute(TapKeyword.groovy:68)
	at com.kms.katalon.core.keyword.internal.KeywordExecutor.executeKeywordForPlatform(KeywordExecutor.groovy:73)
	at com.kms.katalon.core.mobile.keyword.MobileBuiltInKeywords.tap(MobileBuiltInKeywords.groovy:1354)
	at com.kms.katalon.core.mobile.keyword.MobileBuiltInKeywords$tap$1.call(Unknown Source)
	at Transaction.run(Transaction:38)
	at com.kms.katalon.core.main.ScriptEngine.run(ScriptEngine.java:194)
	at com.kms.katalon.core.main.ScriptEngine.runScriptAsRawText(ScriptEngine.java:119)
	at com.kms.katalon.core.main.TestCaseExecutor.runScript(TestCaseExecutor.java:398)
	at com.kms.katalon.core.main.TestCaseExecutor.doExecute(TestCaseExecutor.java:389)
	at com.kms.katalon.core.main.TestCaseExecutor.processExecutionPhase(TestCaseExecutor.java:368)
	at com.kms.katalon.core.main.TestCaseExecutor.accessMainPhase(TestCaseExecutor.java:360)
	at com.kms.katalon.core.main.TestCaseExecutor.execute(TestCaseExecutor.java:255)
	at com.kms.katalon.core.main.TestCaseMain.runTestCase(TestCaseMain.java:114)
	at com.kms.katalon.core.keyword.builtin.CallTestCaseKeyword$_callTestCase_closure1.doCall(CallTestCaseKeyword.groovy:59)
	... 20 more
)
	at com.kms.katalon.core.keyword.internal.KeywordMain.stepFailed(KeywordMain.groovy:39)
	at com.kms.katalon.core.keyword.internal.KeywordMain.stepFailed(KeywordMain.groovy)
	at com.kms.katalon.core.keyword.internal.KeywordMain.runKeyword(KeywordMain.groovy:70)
	at com.kms.katalon.core.keyword.builtin.CallTestCaseKeyword.callTestCase(CallTestCaseKeyword.groovy:81)
	at com.kms.katalon.core.keyword.builtin.CallTestCaseKeyword.execute(CallTestCaseKeyword.groovy:44)
	at com.kms.katalon.core.keyword.internal.KeywordExecutor.executeKeywordForPlatform(KeywordExecutor.groovy:73)
	at com.kms.katalon.core.keyword.BuiltinKeywords.callTestCase(BuiltinKeywords.groovy:334)
	at 008 - Melihat detail Transaction berdasarkan ketegori On Process dan Redemption.run(008 - Melihat detail Transaction berdasarkan ketegori On Process dan Redemption:22)
	at com.kms.katalon.core.main.ScriptEngine.run(ScriptEngine.java:194)
	at com.kms.katalon.core.main.ScriptEngine.runScriptAsRawText(ScriptEngine.java:119)
	at com.kms.katalon.core.main.TestCaseExecutor.runScript(TestCaseExecutor.java:398)
	at com.kms.katalon.core.main.TestCaseExecutor.doExecute(TestCaseExecutor.java:389)
	at com.kms.katalon.core.main.TestCaseExecutor.processExecutionPhase(TestCaseExecutor.java:368)
	at com.kms.katalon.core.main.TestCaseExecutor.accessMainPhase(TestCaseExecutor.java:360)
	at com.kms.katalon.core.main.TestCaseExecutor.execute(TestCaseExecutor.java:255)
	at com.kms.katalon.core.main.TestSuiteExecutor.accessTestCaseMainPhase(TestSuiteExecutor.java:203)
	at com.kms.katalon.core.main.TestSuiteExecutor.accessTestSuiteMainPhase(TestSuiteExecutor.java:152)
	at com.kms.katalon.core.main.TestSuiteExecutor.execute(TestSuiteExecutor.java:95)
	at com.kms.katalon.core.main.TestCaseMain.startTestSuite(TestCaseMain.java:157)
	at com.kms.katalon.core.main.TestCaseMain$startTestSuite$0.call(Unknown Source)
	at TempTestSuite1636938259952.run(TempTestSuite1636938259952.groovy:39)
Caused by: com.kms.katalon.core.exception.StepFailedException: Call Test Case 'Test Cases/Mobile/Page/Transaction/Transaction' failed
	at com.kms.katalon.core.keyword.builtin.CallTestCaseKeyword$_callTestCase_closure1.doCall(CallTestCaseKeyword.groovy:63)
	at com.kms.katalon.core.keyword.builtin.CallTestCaseKeyword$_callTestCase_closure1.call(CallTestCaseKeyword.groovy)
	at com.kms.katalon.core.keyword.internal.KeywordMain.runKeyword(KeywordMain.groovy:68)
	... 18 more
Caused by: com.kms.katalon.core.exception.StepFailedException: Object Object Repository/Mobile/Page/Transaction/Button - Menubar Transaction not found
	at com.kms.katalon.core.keyword.internal.KeywordMain.stepFailed(KeywordMain.groovy:50)
	at com.kms.katalon.core.mobile.keyword.internal.MobileKeywordMain.stepFailed(MobileKeywordMain.groovy:40)
	at com.kms.katalon.core.mobile.keyword.builtin.TapKeyword$_tap_closure1.doCall(TapKeyword.groovy:79)
	at com.kms.katalon.core.mobile.keyword.builtin.TapKeyword$_tap_closure1.call(TapKeyword.groovy)
	at com.kms.katalon.core.mobile.keyword.internal.MobileKeywordMain.runKeyword(MobileKeywordMain.groovy:21)
	at com.kms.katalon.core.mobile.keyword.builtin.TapKeyword.tap(TapKeyword.groovy:86)
	at com.kms.katalon.core.mobile.keyword.builtin.TapKeyword.execute(TapKeyword.groovy:68)
	at com.kms.katalon.core.keyword.internal.KeywordExecutor.executeKeywordForPlatform(KeywordExecutor.groovy:73)
	at com.kms.katalon.core.mobile.keyword.MobileBuiltInKeywords.tap(MobileBuiltInKeywords.groovy:1354)
	at com.kms.katalon.core.mobile.keyword.MobileBuiltInKeywords$tap$1.call(Unknown Source)
	at Transaction.run(Transaction:38)
	at com.kms.katalon.core.main.ScriptEngine.run(ScriptEngine.java:194)
	at com.kms.katalon.core.main.ScriptEngine.runScriptAsRawText(ScriptEngine.java:119)
	at com.kms.katalon.core.main.TestCaseExecutor.runScript(TestCaseExecutor.java:398)
	at com.kms.katalon.core.main.TestCaseExecutor.doExecute(TestCaseExecutor.java:389)
	at com.kms.katalon.core.main.TestCaseExecutor.processExecutionPhase(TestCaseExecutor.java:368)
	at com.kms.katalon.core.main.TestCaseExecutor.accessMainPhase(TestCaseExecutor.java:360)
	at com.kms.katalon.core.main.TestCaseExecutor.execute(TestCaseExecutor.java:255)
	at com.kms.katalon.core.main.TestCaseMain.runTestCase(TestCaseMain.java:114)
	at com.kms.katalon.core.keyword.builtin.CallTestCaseKeyword$_callTestCase_closure1.doCall(CallTestCaseKeyword.groovy:59)
	... 20 more


2021-11-15 08:10:53 - [TEST_STEP][PASSED] - callTestCase(findTestCase("Mobile/Page/Run App/Run App byID"), [:], STOP_ON_FAILURE): Call Test Case 'Test Cases/Mobile/Page/Run App/Run App byID' successfully

2021-11-15 08:10:53 - [TEST_CASE][PASSED] - Test Cases/Mobile/Page/Run App/Run App byID: Test Cases/Mobile/Page/Run App/Run App byID

2021-11-15 08:10:53 - [TEST_STEP][PASSED] - startApp.OpenApp.startApplication("com.mirae.maxfund"): startApp.OpenApp.startApplication is PASSED

2021-11-15 08:11:05 - [MESSAGE][PASSED] - Starting app with application ID: 'com.mirae.maxfund'

2021-11-15 08:11:05 - [MESSAGE][PASSED] - startApp.OpenApp.startApplication is PASSED

2021-11-15 08:11:05 - [MESSAGE][PASSED] - Call Test Case 'Test Cases/Mobile/Page/Run App/Run App byID' successfully

2021-11-15 08:11:05 - [TEST_STEP][FAILED] - callTestCase(findTestCase("Mobile/Page/Transaction/Transaction"), ["page":"onprocess", "tab":"redemption", "action":"detail"], CONTINUE_ON_FAILURE): Unable to call Test Case 'Test Cases/Mobile/Page/Transaction/Transaction' (Root cause: com.kms.katalon.core.exception.StepFailedException: Call Test Case 'Test Cases/Mobile/Page/Transaction/Transaction' failed
	at com.kms.katalon.core.keyword.builtin.CallTestCaseKeyword$_callTestCase_closure1.doCall(CallTestCaseKeyword.groovy:63)
	at com.kms.katalon.core.keyword.builtin.CallTestCaseKeyword$_callTestCase_closure1.call(CallTestCaseKeyword.groovy)
	at com.kms.katalon.core.keyword.internal.KeywordMain.runKeyword(KeywordMain.groovy:68)
	at com.kms.katalon.core.keyword.builtin.CallTestCaseKeyword.callTestCase(CallTestCaseKeyword.groovy:81)
	at com.kms.katalon.core.keyword.builtin.CallTestCaseKeyword.execute(CallTestCaseKeyword.groovy:44)
	at com.kms.katalon.core.keyword.internal.KeywordExecutor.executeKeywordForPlatform(KeywordExecutor.groovy:73)
	at com.kms.katalon.core.keyword.BuiltinKeywords.callTestCase(BuiltinKeywords.groovy:334)
	at 008 - Melihat detail Transaction berdasarkan ketegori On Process dan Redemption.run(008 - Melihat detail Transaction berdasarkan ketegori On Process dan Redemption:22)
	at com.kms.katalon.core.main.ScriptEngine.run(ScriptEngine.java:194)
	at com.kms.katalon.core.main.ScriptEngine.runScriptAsRawText(ScriptEngine.java:119)
	at com.kms.katalon.core.main.TestCaseExecutor.runScript(TestCaseExecutor.java:398)
	at com.kms.katalon.core.main.TestCaseExecutor.doExecute(TestCaseExecutor.java:389)
	at com.kms.katalon.core.main.TestCaseExecutor.processExecutionPhase(TestCaseExecutor.java:368)
	at com.kms.katalon.core.main.TestCaseExecutor.accessMainPhase(TestCaseExecutor.java:360)
	at com.kms.katalon.core.main.TestCaseExecutor.execute(TestCaseExecutor.java:255)
	at com.kms.katalon.core.main.TestSuiteExecutor.accessTestCaseMainPhase(TestSuiteExecutor.java:203)
	at com.kms.katalon.core.main.TestSuiteExecutor.accessTestSuiteMainPhase(TestSuiteExecutor.java:152)
	at com.kms.katalon.core.main.TestSuiteExecutor.execute(TestSuiteExecutor.java:95)
	at com.kms.katalon.core.main.TestCaseMain.startTestSuite(TestCaseMain.java:157)
	at com.kms.katalon.core.main.TestCaseMain$startTestSuite$0.call(Unknown Source)
	at TempTestSuite1636938259952.run(TempTestSuite1636938259952.groovy:39)
Caused by: com.kms.katalon.core.exception.StepFailedException: Object Object Repository/Mobile/Page/Transaction/Button - Menubar Transaction not found
	at com.kms.katalon.core.keyword.internal.KeywordMain.stepFailed(KeywordMain.groovy:50)
	at com.kms.katalon.core.mobile.keyword.internal.MobileKeywordMain.stepFailed(MobileKeywordMain.groovy:40)
	at com.kms.katalon.core.mobile.keyword.builtin.TapKeyword$_tap_closure1.doCall(TapKeyword.groovy:79)
	at com.kms.katalon.core.mobile.keyword.builtin.TapKeyword$_tap_closure1.call(TapKeyword.groovy)
	at com.kms.katalon.core.mobile.keyword.internal.MobileKeywordMain.runKeyword(MobileKeywordMain.groovy:21)
	at com.kms.katalon.core.mobile.keyword.builtin.TapKeyword.tap(TapKeyword.groovy:86)
	at com.kms.katalon.core.mobile.keyword.builtin.TapKeyword.execute(TapKeyword.groovy:68)
	at com.kms.katalon.core.keyword.internal.KeywordExecutor.executeKeywordForPlatform(KeywordExecutor.groovy:73)
	at com.kms.katalon.core.mobile.keyword.MobileBuiltInKeywords.tap(MobileBuiltInKeywords.groovy:1354)
	at com.kms.katalon.core.mobile.keyword.MobileBuiltInKeywords$tap$1.call(Unknown Source)
	at Transaction.run(Transaction:38)
	at com.kms.katalon.core.main.ScriptEngine.run(ScriptEngine.java:194)
	at com.kms.katalon.core.main.ScriptEngine.runScriptAsRawText(ScriptEngine.java:119)
	at com.kms.katalon.core.main.TestCaseExecutor.runScript(TestCaseExecutor.java:398)
	at com.kms.katalon.core.main.TestCaseExecutor.doExecute(TestCaseExecutor.java:389)
	at com.kms.katalon.core.main.TestCaseExecutor.processExecutionPhase(TestCaseExecutor.java:368)
	at com.kms.katalon.core.main.TestCaseExecutor.accessMainPhase(TestCaseExecutor.java:360)
	at com.kms.katalon.core.main.TestCaseExecutor.execute(TestCaseExecutor.java:255)
	at com.kms.katalon.core.main.TestCaseMain.runTestCase(TestCaseMain.java:114)
	at com.kms.katalon.core.keyword.builtin.CallTestCaseKeyword$_callTestCase_closure1.doCall(CallTestCaseKeyword.groovy:59)
	... 20 more
)

2021-11-15 08:11:05 - [TEST_CASE][FAILED] - Test Cases/Mobile/Page/Transaction/Transaction: Test Cases/Mobile/Page/Transaction/Transaction FAILED.
Reason:
com.kms.katalon.core.exception.StepFailedException: Object Object Repository/Mobile/Page/Transaction/Button - Menubar Transaction not found
	at com.kms.katalon.core.keyword.internal.KeywordMain.stepFailed(KeywordMain.groovy:50)
	at com.kms.katalon.core.mobile.keyword.internal.MobileKeywordMain.stepFailed(MobileKeywordMain.groovy:40)
	at com.kms.katalon.core.mobile.keyword.builtin.TapKeyword$_tap_closure1.doCall(TapKeyword.groovy:79)
	at com.kms.katalon.core.mobile.keyword.builtin.TapKeyword$_tap_closure1.call(TapKeyword.groovy)
	at com.kms.katalon.core.mobile.keyword.internal.MobileKeywordMain.runKeyword(MobileKeywordMain.groovy:21)
	at com.kms.katalon.core.mobile.keyword.builtin.TapKeyword.tap(TapKeyword.groovy:86)
	at com.kms.katalon.core.mobile.keyword.builtin.TapKeyword.execute(TapKeyword.groovy:68)
	at com.kms.katalon.core.keyword.internal.KeywordExecutor.executeKeywordForPlatform(KeywordExecutor.groovy:73)
	at com.kms.katalon.core.mobile.keyword.MobileBuiltInKeywords.tap(MobileBuiltInKeywords.groovy:1354)
	at com.kms.katalon.core.mobile.keyword.MobileBuiltInKeywords$tap$1.call(Unknown Source)
	at Transaction.run(Transaction:38)
	at com.kms.katalon.core.main.ScriptEngine.run(ScriptEngine.java:194)
	at com.kms.katalon.core.main.ScriptEngine.runScriptAsRawText(ScriptEngine.java:119)
	at com.kms.katalon.core.main.TestCaseExecutor.runScript(TestCaseExecutor.java:398)
	at com.kms.katalon.core.main.TestCaseExecutor.doExecute(TestCaseExecutor.java:389)
	at com.kms.katalon.core.main.TestCaseExecutor.processExecutionPhase(TestCaseExecutor.java:368)
	at com.kms.katalon.core.main.TestCaseExecutor.accessMainPhase(TestCaseExecutor.java:360)
	at com.kms.katalon.core.main.TestCaseExecutor.execute(TestCaseExecutor.java:255)
	at com.kms.katalon.core.main.TestCaseMain.runTestCase(TestCaseMain.java:114)
	at com.kms.katalon.core.keyword.builtin.CallTestCaseKeyword$_callTestCase_closure1.doCall(CallTestCaseKeyword.groovy:59)
	at com.kms.katalon.core.keyword.builtin.CallTestCaseKeyword$_callTestCase_closure1.call(CallTestCaseKeyword.groovy)
	at com.kms.katalon.core.keyword.internal.KeywordMain.runKeyword(KeywordMain.groovy:68)
	at com.kms.katalon.core.keyword.builtin.CallTestCaseKeyword.callTestCase(CallTestCaseKeyword.groovy:81)
	at com.kms.katalon.core.keyword.builtin.CallTestCaseKeyword.execute(CallTestCaseKeyword.groovy:44)
	at com.kms.katalon.core.keyword.internal.KeywordExecutor.executeKeywordForPlatform(KeywordExecutor.groovy:73)
	at com.kms.katalon.core.keyword.BuiltinKeywords.callTestCase(BuiltinKeywords.groovy:334)
	at 008 - Melihat detail Transaction berdasarkan ketegori On Process dan Redemption.run(008 - Melihat detail Transaction berdasarkan ketegori On Process dan Redemption:22)
	at com.kms.katalon.core.main.ScriptEngine.run(ScriptEngine.java:194)
	at com.kms.katalon.core.main.ScriptEngine.runScriptAsRawText(ScriptEngine.java:119)
	at com.kms.katalon.core.main.TestCaseExecutor.runScript(TestCaseExecutor.java:398)
	at com.kms.katalon.core.main.TestCaseExecutor.doExecute(TestCaseExecutor.java:389)
	at com.kms.katalon.core.main.TestCaseExecutor.processExecutionPhase(TestCaseExecutor.java:368)
	at com.kms.katalon.core.main.TestCaseExecutor.accessMainPhase(TestCaseExecutor.java:360)
	at com.kms.katalon.core.main.TestCaseExecutor.execute(TestCaseExecutor.java:255)
	at com.kms.katalon.core.main.TestSuiteExecutor.accessTestCaseMainPhase(TestSuiteExecutor.java:203)
	at com.kms.katalon.core.main.TestSuiteExecutor.accessTestSuiteMainPhase(TestSuiteExecutor.java:152)
	at com.kms.katalon.core.main.TestSuiteExecutor.execute(TestSuiteExecutor.java:95)
	at com.kms.katalon.core.main.TestCaseMain.startTestSuite(TestCaseMain.java:157)
	at com.kms.katalon.core.main.TestCaseMain$startTestSuite$0.call(Unknown Source)
	at TempTestSuite1636938259952.run(TempTestSuite1636938259952.groovy:39)


2021-11-15 08:11:05 - [TEST_STEP][PASSED] - delay(5): Delayed 5 second(s)

2021-11-15 08:11:10 - [MESSAGE][PASSED] - Delayed 5 second(s)

2021-11-15 08:11:10 - [TEST_STEP][PASSED] - loginCheck = verifyElementExist(findTestObject("Object Repository/Mobile/Page/Dashboard/Button - Login"), 2, CONTINUE_ON_FAILURE): Element 'Object Repository/Mobile/Page/Dashboard/Button - Login' is exist

2021-11-15 08:11:11 - [MESSAGE][PASSED] - Element 'Object Repository/Mobile/Page/Dashboard/Button - Login' is exist

2021-11-15 08:11:11 - [TEST_STEP][PASSED] - if (loginCheck): Delayed 3 second(s)

2021-11-15 08:11:11 - [TEST_STEP][PASSED] - tap(findTestObject("Object Repository/Mobile/Page/Dashboard/Button - Login"), 0): Tapped on element 'Object Repository/Mobile/Page/Dashboard/Button - Login'

2021-11-15 08:11:11 - [MESSAGE][WARNING] - Timeout '0' is invalid. Using default page load timeout: '60'

2021-11-15 08:11:11 - [MESSAGE][PASSED] - Tapped on element 'Object Repository/Mobile/Page/Dashboard/Button - Login'

2021-11-15 08:11:11 - [TEST_STEP][PASSED] - tap(findTestObject("Object Repository/Mobile/Page/Login/Input - UserID or Email"), 0): Tapped on element 'Object Repository/Mobile/Page/Login/Input - UserID or Email'

2021-11-15 08:11:11 - [MESSAGE][WARNING] - Timeout '0' is invalid. Using default page load timeout: '60'

2021-11-15 08:11:14 - [MESSAGE][PASSED] - Tapped on element 'Object Repository/Mobile/Page/Login/Input - UserID or Email'

2021-11-15 08:11:14 - [TEST_STEP][PASSED] - setText(findTestObject("Object Repository/Mobile/Page/Login/Input - UserID or Email"), "ady.pangerang@gmail.com", 0): Text 'ady.pangerang@gmail.com' has been set to element 'Object Repository/Mobile/Page/Login/Input - UserID or Email'

2021-11-15 08:11:14 - [MESSAGE][WARNING] - Timeout '0' is invalid. Using default page load timeout: '60'

2021-11-15 08:11:15 - [MESSAGE][PASSED] - Text 'ady.pangerang@gmail.com' has been set to element 'Object Repository/Mobile/Page/Login/Input - UserID or Email'

2021-11-15 08:11:15 - [TEST_STEP][PASSED] - tap(findTestObject("Object Repository/Mobile/Page/Login/Input - Password 2"), 0): Tapped on element 'Object Repository/Mobile/Page/Login/Input - Password 2'

2021-11-15 08:11:15 - [MESSAGE][WARNING] - Timeout '0' is invalid. Using default page load timeout: '60'

2021-11-15 08:11:16 - [MESSAGE][PASSED] - Tapped on element 'Object Repository/Mobile/Page/Login/Input - Password 2'

2021-11-15 08:11:16 - [TEST_STEP][PASSED] - setText(findTestObject("Object Repository/Mobile/Page/Login/Input - Password 2"), "Mirae1234", 0): Text 'Mirae1234' has been set to element 'Object Repository/Mobile/Page/Login/Input - Password 2'

2021-11-15 08:11:16 - [MESSAGE][WARNING] - Timeout '0' is invalid. Using default page load timeout: '60'

2021-11-15 08:11:17 - [MESSAGE][PASSED] - Text 'Mirae1234' has been set to element 'Object Repository/Mobile/Page/Login/Input - Password 2'

2021-11-15 08:11:17 - [TEST_STEP][PASSED] - tap(findTestObject("Object Repository/Mobile/Page/Login/Button - Sign In"), 0): Tapped on element 'Object Repository/Mobile/Page/Login/Button - Sign In'

2021-11-15 08:11:17 - [MESSAGE][WARNING] - Timeout '0' is invalid. Using default page load timeout: '60'

2021-11-15 08:11:19 - [MESSAGE][PASSED] - Tapped on element 'Object Repository/Mobile/Page/Login/Button - Sign In'

2021-11-15 08:11:19 - [TEST_STEP][PASSED] - delay(3): Delayed 3 second(s)

2021-11-15 08:11:22 - [MESSAGE][PASSED] - Delayed 3 second(s)

2021-11-15 08:11:22 - [TEST_STEP][PASSED] - if (page == "cart"): null

2021-11-15 08:11:22 - [TEST_STEP][FAILED] - tap(findTestObject("Object Repository/Mobile/Page/Transaction/Button - Menubar Transaction"), 0): Failed to tap on element 'Object Repository/Mobile/Page/Transaction/Button - Menubar Transaction' (Root cause: com.kms.katalon.core.exception.StepFailedException: Object Object Repository/Mobile/Page/Transaction/Button - Menubar Transaction not found
	at com.kms.katalon.core.keyword.internal.KeywordMain.stepFailed(KeywordMain.groovy:50)
	at com.kms.katalon.core.mobile.keyword.internal.MobileKeywordMain.stepFailed(MobileKeywordMain.groovy:40)
	at com.kms.katalon.core.mobile.keyword.builtin.TapKeyword$_tap_closure1.doCall(TapKeyword.groovy:79)
	at com.kms.katalon.core.mobile.keyword.builtin.TapKeyword$_tap_closure1.call(TapKeyword.groovy)
	at com.kms.katalon.core.mobile.keyword.internal.MobileKeywordMain.runKeyword(MobileKeywordMain.groovy:21)
	at com.kms.katalon.core.mobile.keyword.builtin.TapKeyword.tap(TapKeyword.groovy:86)
	at com.kms.katalon.core.mobile.keyword.builtin.TapKeyword.execute(TapKeyword.groovy:68)
	at com.kms.katalon.core.keyword.internal.KeywordExecutor.executeKeywordForPlatform(KeywordExecutor.groovy:73)
	at com.kms.katalon.core.mobile.keyword.MobileBuiltInKeywords.tap(MobileBuiltInKeywords.groovy:1354)
	at com.kms.katalon.core.mobile.keyword.MobileBuiltInKeywords$tap$1.call(Unknown Source)
	at Transaction.run(Transaction:38)
	at com.kms.katalon.core.main.ScriptEngine.run(ScriptEngine.java:194)
	at com.kms.katalon.core.main.ScriptEngine.runScriptAsRawText(ScriptEngine.java:119)
	at com.kms.katalon.core.main.TestCaseExecutor.runScript(TestCaseExecutor.java:398)
	at com.kms.katalon.core.main.TestCaseExecutor.doExecute(TestCaseExecutor.java:389)
	at com.kms.katalon.core.main.TestCaseExecutor.processExecutionPhase(TestCaseExecutor.java:368)
	at com.kms.katalon.core.main.TestCaseExecutor.accessMainPhase(TestCaseExecutor.java:360)
	at com.kms.katalon.core.main.TestCaseExecutor.execute(TestCaseExecutor.java:255)
	at com.kms.katalon.core.main.TestCaseMain.runTestCase(TestCaseMain.java:114)
	at com.kms.katalon.core.keyword.builtin.CallTestCaseKeyword$_callTestCase_closure1.doCall(CallTestCaseKeyword.groovy:59)
	at com.kms.katalon.core.keyword.builtin.CallTestCaseKeyword$_callTestCase_closure1.call(CallTestCaseKeyword.groovy)
	at com.kms.katalon.core.keyword.internal.KeywordMain.runKeyword(KeywordMain.groovy:68)
	at com.kms.katalon.core.keyword.builtin.CallTestCaseKeyword.callTestCase(CallTestCaseKeyword.groovy:81)
	at com.kms.katalon.core.keyword.builtin.CallTestCaseKeyword.execute(CallTestCaseKeyword.groovy:44)
	at com.kms.katalon.core.keyword.internal.KeywordExecutor.executeKeywordForPlatform(KeywordExecutor.groovy:73)
	at com.kms.katalon.core.keyword.BuiltinKeywords.callTestCase(BuiltinKeywords.groovy:334)
	at 008 - Melihat detail Transaction berdasarkan ketegori On Process dan Redemption.run(008 - Melihat detail Transaction berdasarkan ketegori On Process dan Redemption:22)
	at com.kms.katalon.core.main.ScriptEngine.run(ScriptEngine.java:194)
	at com.kms.katalon.core.main.ScriptEngine.runScriptAsRawText(ScriptEngine.java:119)
	at com.kms.katalon.core.main.TestCaseExecutor.runScript(TestCaseExecutor.java:398)
	at com.kms.katalon.core.main.TestCaseExecutor.doExecute(TestCaseExecutor.java:389)
	at com.kms.katalon.core.main.TestCaseExecutor.processExecutionPhase(TestCaseExecutor.java:368)
	at com.kms.katalon.core.main.TestCaseExecutor.accessMainPhase(TestCaseExecutor.java:360)
	at com.kms.katalon.core.main.TestCaseExecutor.execute(TestCaseExecutor.java:255)
	at com.kms.katalon.core.main.TestSuiteExecutor.accessTestCaseMainPhase(TestSuiteExecutor.java:203)
	at com.kms.katalon.core.main.TestSuiteExecutor.accessTestSuiteMainPhase(TestSuiteExecutor.java:152)
	at com.kms.katalon.core.main.TestSuiteExecutor.execute(TestSuiteExecutor.java:95)
	at com.kms.katalon.core.main.TestCaseMain.startTestSuite(TestCaseMain.java:157)
	at com.kms.katalon.core.main.TestCaseMain$startTestSuite$0.call(Unknown Source)
	at TempTestSuite1636938259952.run(TempTestSuite1636938259952.groovy:39)
)

2021-11-15 08:11:22 - [MESSAGE][WARNING] - Timeout '0' is invalid. Using default page load timeout: '60'

2021-11-15 08:12:23 - [MESSAGE][FAILED] - Object Object Repository/Mobile/Page/Transaction/Button - Menubar Transaction not found
[[ATTACHMENT|C:\\Users\\Owner\\Documents\\kerjaan\\KatalonProject\\qa-katalon-maxfund\\Reports\\20211115_080419\\Transaction\\20211115_080419\\1636938742503.png]]

2021-11-15 08:12:24 - [MESSAGE][FAILED] - Failed to tap on element 'Object Repository/Mobile/Page/Transaction/Button - Menubar Transaction' (Root cause: com.kms.katalon.core.exception.StepFailedException: Object Object Repository/Mobile/Page/Transaction/Button - Menubar Transaction not found
	at com.kms.katalon.core.keyword.internal.KeywordMain.stepFailed(KeywordMain.groovy:50)
	at com.kms.katalon.core.mobile.keyword.internal.MobileKeywordMain.stepFailed(MobileKeywordMain.groovy:40)
	at com.kms.katalon.core.mobile.keyword.builtin.TapKeyword$_tap_closure1.doCall(TapKeyword.groovy:79)
	at com.kms.katalon.core.mobile.keyword.builtin.TapKeyword$_tap_closure1.call(TapKeyword.groovy)
	at com.kms.katalon.core.mobile.keyword.internal.MobileKeywordMain.runKeyword(MobileKeywordMain.groovy:21)
	at com.kms.katalon.core.mobile.keyword.builtin.TapKeyword.tap(TapKeyword.groovy:86)
	at com.kms.katalon.core.mobile.keyword.builtin.TapKeyword.execute(TapKeyword.groovy:68)
	at com.kms.katalon.core.keyword.internal.KeywordExecutor.executeKeywordForPlatform(KeywordExecutor.groovy:73)
	at com.kms.katalon.core.mobile.keyword.MobileBuiltInKeywords.tap(MobileBuiltInKeywords.groovy:1354)
	at com.kms.katalon.core.mobile.keyword.MobileBuiltInKeywords$tap$1.call(Unknown Source)
	at Transaction.run(Transaction:38)
	at com.kms.katalon.core.main.ScriptEngine.run(ScriptEngine.java:194)
	at com.kms.katalon.core.main.ScriptEngine.runScriptAsRawText(ScriptEngine.java:119)
	at com.kms.katalon.core.main.TestCaseExecutor.runScript(TestCaseExecutor.java:398)
	at com.kms.katalon.core.main.TestCaseExecutor.doExecute(TestCaseExecutor.java:389)
	at com.kms.katalon.core.main.TestCaseExecutor.processExecutionPhase(TestCaseExecutor.java:368)
	at com.kms.katalon.core.main.TestCaseExecutor.accessMainPhase(TestCaseExecutor.java:360)
	at com.kms.katalon.core.main.TestCaseExecutor.execute(TestCaseExecutor.java:255)
	at com.kms.katalon.core.main.TestCaseMain.runTestCase(TestCaseMain.java:114)
	at com.kms.katalon.core.keyword.builtin.CallTestCaseKeyword$_callTestCase_closure1.doCall(CallTestCaseKeyword.groovy:59)
	at com.kms.katalon.core.keyword.builtin.CallTestCaseKeyword$_callTestCase_closure1.call(CallTestCaseKeyword.groovy)
	at com.kms.katalon.core.keyword.internal.KeywordMain.runKeyword(KeywordMain.groovy:68)
	at com.kms.katalon.core.keyword.builtin.CallTestCaseKeyword.callTestCase(CallTestCaseKeyword.groovy:81)
	at com.kms.katalon.core.keyword.builtin.CallTestCaseKeyword.execute(CallTestCaseKeyword.groovy:44)
	at com.kms.katalon.core.keyword.internal.KeywordExecutor.executeKeywordForPlatform(KeywordExecutor.groovy:73)
	at com.kms.katalon.core.keyword.BuiltinKeywords.callTestCase(BuiltinKeywords.groovy:334)
	at 008 - Melihat detail Transaction berdasarkan ketegori On Process dan Redemption.run(008 - Melihat detail Transaction berdasarkan ketegori On Process dan Redemption:22)
	at com.kms.katalon.core.main.ScriptEngine.run(ScriptEngine.java:194)
	at com.kms.katalon.core.main.ScriptEngine.runScriptAsRawText(ScriptEngine.java:119)
	at com.kms.katalon.core.main.TestCaseExecutor.runScript(TestCaseExecutor.java:398)
	at com.kms.katalon.core.main.TestCaseExecutor.doExecute(TestCaseExecutor.java:389)
	at com.kms.katalon.core.main.TestCaseExecutor.processExecutionPhase(TestCaseExecutor.java:368)
	at com.kms.katalon.core.main.TestCaseExecutor.accessMainPhase(TestCaseExecutor.java:360)
	at com.kms.katalon.core.main.TestCaseExecutor.execute(TestCaseExecutor.java:255)
	at com.kms.katalon.core.main.TestSuiteExecutor.accessTestCaseMainPhase(TestSuiteExecutor.java:203)
	at com.kms.katalon.core.main.TestSuiteExecutor.accessTestSuiteMainPhase(TestSuiteExecutor.java:152)
	at com.kms.katalon.core.main.TestSuiteExecutor.execute(TestSuiteExecutor.java:95)
	at com.kms.katalon.core.main.TestCaseMain.startTestSuite(TestCaseMain.java:157)
	at com.kms.katalon.core.main.TestCaseMain$startTestSuite$0.call(Unknown Source)
	at TempTestSuite1636938259952.run(TempTestSuite1636938259952.groovy:39)
)
[[ATTACHMENT|C:\\Users\\Owner\\Documents\\kerjaan\\KatalonProject\\qa-katalon-maxfund\\Reports\\20211115_080419\\Transaction\\20211115_080419\\1636938743531.png]]

2021-11-15 08:12:24 - [MESSAGE][FAILED] - Unable to call Test Case 'Test Cases/Mobile/Page/Transaction/Transaction' (Root cause: com.kms.katalon.core.exception.StepFailedException: Call Test Case 'Test Cases/Mobile/Page/Transaction/Transaction' failed
	at com.kms.katalon.core.keyword.builtin.CallTestCaseKeyword$_callTestCase_closure1.doCall(CallTestCaseKeyword.groovy:63)
	at com.kms.katalon.core.keyword.builtin.CallTestCaseKeyword$_callTestCase_closure1.call(CallTestCaseKeyword.groovy)
	at com.kms.katalon.core.keyword.internal.KeywordMain.runKeyword(KeywordMain.groovy:68)
	at com.kms.katalon.core.keyword.builtin.CallTestCaseKeyword.callTestCase(CallTestCaseKeyword.groovy:81)
	at com.kms.katalon.core.keyword.builtin.CallTestCaseKeyword.execute(CallTestCaseKeyword.groovy:44)
	at com.kms.katalon.core.keyword.internal.KeywordExecutor.executeKeywordForPlatform(KeywordExecutor.groovy:73)
	at com.kms.katalon.core.keyword.BuiltinKeywords.callTestCase(BuiltinKeywords.groovy:334)
	at 008 - Melihat detail Transaction berdasarkan ketegori On Process dan Redemption.run(008 - Melihat detail Transaction berdasarkan ketegori On Process dan Redemption:22)
	at com.kms.katalon.core.main.ScriptEngine.run(ScriptEngine.java:194)
	at com.kms.katalon.core.main.ScriptEngine.runScriptAsRawText(ScriptEngine.java:119)
	at com.kms.katalon.core.main.TestCaseExecutor.runScript(TestCaseExecutor.java:398)
	at com.kms.katalon.core.main.TestCaseExecutor.doExecute(TestCaseExecutor.java:389)
	at com.kms.katalon.core.main.TestCaseExecutor.processExecutionPhase(TestCaseExecutor.java:368)
	at com.kms.katalon.core.main.TestCaseExecutor.accessMainPhase(TestCaseExecutor.java:360)
	at com.kms.katalon.core.main.TestCaseExecutor.execute(TestCaseExecutor.java:255)
	at com.kms.katalon.core.main.TestSuiteExecutor.accessTestCaseMainPhase(TestSuiteExecutor.java:203)
	at com.kms.katalon.core.main.TestSuiteExecutor.accessTestSuiteMainPhase(TestSuiteExecutor.java:152)
	at com.kms.katalon.core.main.TestSuiteExecutor.execute(TestSuiteExecutor.java:95)
	at com.kms.katalon.core.main.TestCaseMain.startTestSuite(TestCaseMain.java:157)
	at com.kms.katalon.core.main.TestCaseMain$startTestSuite$0.call(Unknown Source)
	at TempTestSuite1636938259952.run(TempTestSuite1636938259952.groovy:39)
Caused by: com.kms.katalon.core.exception.StepFailedException: Object Object Repository/Mobile/Page/Transaction/Button - Menubar Transaction not found
	at com.kms.katalon.core.keyword.internal.KeywordMain.stepFailed(KeywordMain.groovy:50)
	at com.kms.katalon.core.mobile.keyword.internal.MobileKeywordMain.stepFailed(MobileKeywordMain.groovy:40)
	at com.kms.katalon.core.mobile.keyword.builtin.TapKeyword$_tap_closure1.doCall(TapKeyword.groovy:79)
	at com.kms.katalon.core.mobile.keyword.builtin.TapKeyword$_tap_closure1.call(TapKeyword.groovy)
	at com.kms.katalon.core.mobile.keyword.internal.MobileKeywordMain.runKeyword(MobileKeywordMain.groovy:21)
	at com.kms.katalon.core.mobile.keyword.builtin.TapKeyword.tap(TapKeyword.groovy:86)
	at com.kms.katalon.core.mobile.keyword.builtin.TapKeyword.execute(TapKeyword.groovy:68)
	at com.kms.katalon.core.keyword.internal.KeywordExecutor.executeKeywordForPlatform(KeywordExecutor.groovy:73)
	at com.kms.katalon.core.mobile.keyword.MobileBuiltInKeywords.tap(MobileBuiltInKeywords.groovy:1354)
	at com.kms.katalon.core.mobile.keyword.MobileBuiltInKeywords$tap$1.call(Unknown Source)
	at Transaction.run(Transaction:38)
	at com.kms.katalon.core.main.ScriptEngine.run(ScriptEngine.java:194)
	at com.kms.katalon.core.main.ScriptEngine.runScriptAsRawText(ScriptEngine.java:119)
	at com.kms.katalon.core.main.TestCaseExecutor.runScript(TestCaseExecutor.java:398)
	at com.kms.katalon.core.main.TestCaseExecutor.doExecute(TestCaseExecutor.java:389)
	at com.kms.katalon.core.main.TestCaseExecutor.processExecutionPhase(TestCaseExecutor.java:368)
	at com.kms.katalon.core.main.TestCaseExecutor.accessMainPhase(TestCaseExecutor.java:360)
	at com.kms.katalon.core.main.TestCaseExecutor.execute(TestCaseExecutor.java:255)
	at com.kms.katalon.core.main.TestCaseMain.runTestCase(TestCaseMain.java:114)
	at com.kms.katalon.core.keyword.builtin.CallTestCaseKeyword$_callTestCase_closure1.doCall(CallTestCaseKeyword.groovy:59)
	... 20 more
)

2021-11-15 08:12:24 - [TEST_STEP][PASSED] - callTestCase(findTestCase("Mobile/Page/Run App/Terminate App"), [:], STOP_ON_FAILURE): Call Test Case 'Test Cases/Mobile/Page/Run App/Terminate App' successfully

2021-11-15 08:12:24 - [TEST_CASE][PASSED] - Test Cases/Mobile/Page/Run App/Terminate App: Test Cases/Mobile/Page/Run App/Terminate App

2021-11-15 08:12:24 - [TEST_STEP][PASSED] - startApp.OpenApp.terminateApplication(): startApp.OpenApp.terminateApplication is PASSED

2021-11-15 08:12:27 - [MESSAGE][PASSED] - Delayed 3 second(s)

2021-11-15 08:12:27 - [MESSAGE][PASSED] - Current device physical width is 720

2021-11-15 08:12:27 - [MESSAGE][PASSED] - Current device physical height is 1423

2021-11-15 08:12:29 - [MESSAGE][PASSED] - Swiped from 360,853 to 360,142

2021-11-15 08:12:30 - [MESSAGE][PASSED] - Delayed 1 second(s)

2021-11-15 08:12:31 - [MESSAGE][PASSED] - Swiped from 360,853 to 360,142

2021-11-15 08:12:34 - [MESSAGE][PASSED] - Delayed 3 second(s)

2021-11-15 08:12:34 - [MESSAGE][PASSED] - startApp.OpenApp.terminateApplication is PASSED

2021-11-15 08:12:34 - [MESSAGE][PASSED] - Call Test Case 'Test Cases/Mobile/Page/Run App/Terminate App' successfully]]></system-out>
         <system-err><![CDATA[2021-11-15 08:10:53 - [TEST_CASE][FAILED] - Test Cases/Mobile/Scenario/Transaction/008 - Melihat detail Transaction berdasarkan ketegori On Process dan Redemption: Test Cases/Mobile/Scenario/Transaction/008 - Melihat detail Transaction berdasarkan ketegori On Process dan Redemption FAILED.
Reason:
com.kms.katalon.core.exception.StepFailedException: Unable to call Test Case 'Test Cases/Mobile/Page/Transaction/Transaction' (Root cause: com.kms.katalon.core.exception.StepFailedException: Call Test Case 'Test Cases/Mobile/Page/Transaction/Transaction' failed
	at com.kms.katalon.core.keyword.builtin.CallTestCaseKeyword$_callTestCase_closure1.doCall(CallTestCaseKeyword.groovy:63)
	at com.kms.katalon.core.keyword.builtin.CallTestCaseKeyword$_callTestCase_closure1.call(CallTestCaseKeyword.groovy)
	at com.kms.katalon.core.keyword.internal.KeywordMain.runKeyword(KeywordMain.groovy:68)
	at com.kms.katalon.core.keyword.builtin.CallTestCaseKeyword.callTestCase(CallTestCaseKeyword.groovy:81)
	at com.kms.katalon.core.keyword.builtin.CallTestCaseKeyword.execute(CallTestCaseKeyword.groovy:44)
	at com.kms.katalon.core.keyword.internal.KeywordExecutor.executeKeywordForPlatform(KeywordExecutor.groovy:73)
	at com.kms.katalon.core.keyword.BuiltinKeywords.callTestCase(BuiltinKeywords.groovy:334)
	at 008 - Melihat detail Transaction berdasarkan ketegori On Process dan Redemption.run(008 - Melihat detail Transaction berdasarkan ketegori On Process dan Redemption:22)
	at com.kms.katalon.core.main.ScriptEngine.run(ScriptEngine.java:194)
	at com.kms.katalon.core.main.ScriptEngine.runScriptAsRawText(ScriptEngine.java:119)
	at com.kms.katalon.core.main.TestCaseExecutor.runScript(TestCaseExecutor.java:398)
	at com.kms.katalon.core.main.TestCaseExecutor.doExecute(TestCaseExecutor.java:389)
	at com.kms.katalon.core.main.TestCaseExecutor.processExecutionPhase(TestCaseExecutor.java:368)
	at com.kms.katalon.core.main.TestCaseExecutor.accessMainPhase(TestCaseExecutor.java:360)
	at com.kms.katalon.core.main.TestCaseExecutor.execute(TestCaseExecutor.java:255)
	at com.kms.katalon.core.main.TestSuiteExecutor.accessTestCaseMainPhase(TestSuiteExecutor.java:203)
	at com.kms.katalon.core.main.TestSuiteExecutor.accessTestSuiteMainPhase(TestSuiteExecutor.java:152)
	at com.kms.katalon.core.main.TestSuiteExecutor.execute(TestSuiteExecutor.java:95)
	at com.kms.katalon.core.main.TestCaseMain.startTestSuite(TestCaseMain.java:157)
	at com.kms.katalon.core.main.TestCaseMain$startTestSuite$0.call(Unknown Source)
	at TempTestSuite1636938259952.run(TempTestSuite1636938259952.groovy:39)
Caused by: com.kms.katalon.core.exception.StepFailedException: Object Object Repository/Mobile/Page/Transaction/Button - Menubar Transaction not found
	at com.kms.katalon.core.keyword.internal.KeywordMain.stepFailed(KeywordMain.groovy:50)
	at com.kms.katalon.core.mobile.keyword.internal.MobileKeywordMain.stepFailed(MobileKeywordMain.groovy:40)
	at com.kms.katalon.core.mobile.keyword.builtin.TapKeyword$_tap_closure1.doCall(TapKeyword.groovy:79)
	at com.kms.katalon.core.mobile.keyword.builtin.TapKeyword$_tap_closure1.call(TapKeyword.groovy)
	at com.kms.katalon.core.mobile.keyword.internal.MobileKeywordMain.runKeyword(MobileKeywordMain.groovy:21)
	at com.kms.katalon.core.mobile.keyword.builtin.TapKeyword.tap(TapKeyword.groovy:86)
	at com.kms.katalon.core.mobile.keyword.builtin.TapKeyword.execute(TapKeyword.groovy:68)
	at com.kms.katalon.core.keyword.internal.KeywordExecutor.executeKeywordForPlatform(KeywordExecutor.groovy:73)
	at com.kms.katalon.core.mobile.keyword.MobileBuiltInKeywords.tap(MobileBuiltInKeywords.groovy:1354)
	at com.kms.katalon.core.mobile.keyword.MobileBuiltInKeywords$tap$1.call(Unknown Source)
	at Transaction.run(Transaction:38)
	at com.kms.katalon.core.main.ScriptEngine.run(ScriptEngine.java:194)
	at com.kms.katalon.core.main.ScriptEngine.runScriptAsRawText(ScriptEngine.java:119)
	at com.kms.katalon.core.main.TestCaseExecutor.runScript(TestCaseExecutor.java:398)
	at com.kms.katalon.core.main.TestCaseExecutor.doExecute(TestCaseExecutor.java:389)
	at com.kms.katalon.core.main.TestCaseExecutor.processExecutionPhase(TestCaseExecutor.java:368)
	at com.kms.katalon.core.main.TestCaseExecutor.accessMainPhase(TestCaseExecutor.java:360)
	at com.kms.katalon.core.main.TestCaseExecutor.execute(TestCaseExecutor.java:255)
	at com.kms.katalon.core.main.TestCaseMain.runTestCase(TestCaseMain.java:114)
	at com.kms.katalon.core.keyword.builtin.CallTestCaseKeyword$_callTestCase_closure1.doCall(CallTestCaseKeyword.groovy:59)
	... 20 more
)
	at com.kms.katalon.core.keyword.internal.KeywordMain.stepFailed(KeywordMain.groovy:39)
	at com.kms.katalon.core.keyword.internal.KeywordMain.stepFailed(KeywordMain.groovy)
	at com.kms.katalon.core.keyword.internal.KeywordMain.runKeyword(KeywordMain.groovy:70)
	at com.kms.katalon.core.keyword.builtin.CallTestCaseKeyword.callTestCase(CallTestCaseKeyword.groovy:81)
	at com.kms.katalon.core.keyword.builtin.CallTestCaseKeyword.execute(CallTestCaseKeyword.groovy:44)
	at com.kms.katalon.core.keyword.internal.KeywordExecutor.executeKeywordForPlatform(KeywordExecutor.groovy:73)
	at com.kms.katalon.core.keyword.BuiltinKeywords.callTestCase(BuiltinKeywords.groovy:334)
	at 008 - Melihat detail Transaction berdasarkan ketegori On Process dan Redemption.run(008 - Melihat detail Transaction berdasarkan ketegori On Process dan Redemption:22)
	at com.kms.katalon.core.main.ScriptEngine.run(ScriptEngine.java:194)
	at com.kms.katalon.core.main.ScriptEngine.runScriptAsRawText(ScriptEngine.java:119)
	at com.kms.katalon.core.main.TestCaseExecutor.runScript(TestCaseExecutor.java:398)
	at com.kms.katalon.core.main.TestCaseExecutor.doExecute(TestCaseExecutor.java:389)
	at com.kms.katalon.core.main.TestCaseExecutor.processExecutionPhase(TestCaseExecutor.java:368)
	at com.kms.katalon.core.main.TestCaseExecutor.accessMainPhase(TestCaseExecutor.java:360)
	at com.kms.katalon.core.main.TestCaseExecutor.execute(TestCaseExecutor.java:255)
	at com.kms.katalon.core.main.TestSuiteExecutor.accessTestCaseMainPhase(TestSuiteExecutor.java:203)
	at com.kms.katalon.core.main.TestSuiteExecutor.accessTestSuiteMainPhase(TestSuiteExecutor.java:152)
	at com.kms.katalon.core.main.TestSuiteExecutor.execute(TestSuiteExecutor.java:95)
	at com.kms.katalon.core.main.TestCaseMain.startTestSuite(TestCaseMain.java:157)
	at com.kms.katalon.core.main.TestCaseMain$startTestSuite$0.call(Unknown Source)
	at TempTestSuite1636938259952.run(TempTestSuite1636938259952.groovy:39)
Caused by: com.kms.katalon.core.exception.StepFailedException: Call Test Case 'Test Cases/Mobile/Page/Transaction/Transaction' failed
	at com.kms.katalon.core.keyword.builtin.CallTestCaseKeyword$_callTestCase_closure1.doCall(CallTestCaseKeyword.groovy:63)
	at com.kms.katalon.core.keyword.builtin.CallTestCaseKeyword$_callTestCase_closure1.call(CallTestCaseKeyword.groovy)
	at com.kms.katalon.core.keyword.internal.KeywordMain.runKeyword(KeywordMain.groovy:68)
	... 18 more
Caused by: com.kms.katalon.core.exception.StepFailedException: Object Object Repository/Mobile/Page/Transaction/Button - Menubar Transaction not found
	at com.kms.katalon.core.keyword.internal.KeywordMain.stepFailed(KeywordMain.groovy:50)
	at com.kms.katalon.core.mobile.keyword.internal.MobileKeywordMain.stepFailed(MobileKeywordMain.groovy:40)
	at com.kms.katalon.core.mobile.keyword.builtin.TapKeyword$_tap_closure1.doCall(TapKeyword.groovy:79)
	at com.kms.katalon.core.mobile.keyword.builtin.TapKeyword$_tap_closure1.call(TapKeyword.groovy)
	at com.kms.katalon.core.mobile.keyword.internal.MobileKeywordMain.runKeyword(MobileKeywordMain.groovy:21)
	at com.kms.katalon.core.mobile.keyword.builtin.TapKeyword.tap(TapKeyword.groovy:86)
	at com.kms.katalon.core.mobile.keyword.builtin.TapKeyword.execute(TapKeyword.groovy:68)
	at com.kms.katalon.core.keyword.internal.KeywordExecutor.executeKeywordForPlatform(KeywordExecutor.groovy:73)
	at com.kms.katalon.core.mobile.keyword.MobileBuiltInKeywords.tap(MobileBuiltInKeywords.groovy:1354)
	at com.kms.katalon.core.mobile.keyword.MobileBuiltInKeywords$tap$1.call(Unknown Source)
	at Transaction.run(Transaction:38)
	at com.kms.katalon.core.main.ScriptEngine.run(ScriptEngine.java:194)
	at com.kms.katalon.core.main.ScriptEngine.runScriptAsRawText(ScriptEngine.java:119)
	at com.kms.katalon.core.main.TestCaseExecutor.runScript(TestCaseExecutor.java:398)
	at com.kms.katalon.core.main.TestCaseExecutor.doExecute(TestCaseExecutor.java:389)
	at com.kms.katalon.core.main.TestCaseExecutor.processExecutionPhase(TestCaseExecutor.java:368)
	at com.kms.katalon.core.main.TestCaseExecutor.accessMainPhase(TestCaseExecutor.java:360)
	at com.kms.katalon.core.main.TestCaseExecutor.execute(TestCaseExecutor.java:255)
	at com.kms.katalon.core.main.TestCaseMain.runTestCase(TestCaseMain.java:114)
	at com.kms.katalon.core.keyword.builtin.CallTestCaseKeyword$_callTestCase_closure1.doCall(CallTestCaseKeyword.groovy:59)
	... 20 more]]></system-err>
      </testcase>
      <testcase name="Test Cases/Mobile/Scenario/Transaction/009 - Melihat detail Transaction berdasarkan ketegori On Process dan Switching" time="57.753" classname="Test Cases/Mobile/Scenario/Transaction/009 - Melihat detail Transaction berdasarkan ketegori On Process dan Switching" status="PASSED">
         <system-out><![CDATA[2021-11-15 08:12:34 - [TEST_CASE][PASSED] - Test Cases/Mobile/Scenario/Transaction/009 - Melihat detail Transaction berdasarkan ketegori On Process dan Switching: Test Cases/Mobile/Scenario/Transaction/009 - Melihat detail Transaction berdasarkan ketegori On Process dan Switching

2021-11-15 08:12:34 - [TEST_STEP][PASSED] - callTestCase(findTestCase("Mobile/Page/Run App/Run App byID"), [:], STOP_ON_FAILURE): Call Test Case 'Test Cases/Mobile/Page/Run App/Run App byID' successfully

2021-11-15 08:12:34 - [TEST_CASE][PASSED] - Test Cases/Mobile/Page/Run App/Run App byID: Test Cases/Mobile/Page/Run App/Run App byID

2021-11-15 08:12:34 - [TEST_STEP][PASSED] - startApp.OpenApp.startApplication("com.mirae.maxfund"): startApp.OpenApp.startApplication is PASSED

2021-11-15 08:12:46 - [MESSAGE][PASSED] - Starting app with application ID: 'com.mirae.maxfund'

2021-11-15 08:12:46 - [MESSAGE][PASSED] - startApp.OpenApp.startApplication is PASSED

2021-11-15 08:12:46 - [MESSAGE][PASSED] - Call Test Case 'Test Cases/Mobile/Page/Run App/Run App byID' successfully

2021-11-15 08:12:46 - [TEST_STEP][PASSED] - callTestCase(findTestCase("Mobile/Page/Transaction/Transaction"), ["page":"onprocess", "tab":"switching", "action":"detail"], CONTINUE_ON_FAILURE): Call Test Case 'Test Cases/Mobile/Page/Transaction/Transaction' successfully

2021-11-15 08:12:46 - [TEST_CASE][PASSED] - Test Cases/Mobile/Page/Transaction/Transaction: Test Cases/Mobile/Page/Transaction/Transaction

2021-11-15 08:12:46 - [TEST_STEP][PASSED] - delay(5): Delayed 5 second(s)

2021-11-15 08:12:51 - [MESSAGE][PASSED] - Delayed 5 second(s)

2021-11-15 08:12:51 - [TEST_STEP][PASSED] - loginCheck = verifyElementExist(findTestObject("Object Repository/Mobile/Page/Dashboard/Button - Login"), 2, CONTINUE_ON_FAILURE): Element 'Object Repository/Mobile/Page/Dashboard/Button - Login' is exist

2021-11-15 08:12:52 - [MESSAGE][PASSED] - Element 'Object Repository/Mobile/Page/Dashboard/Button - Login' is exist

2021-11-15 08:12:52 - [TEST_STEP][PASSED] - if (loginCheck): Delayed 3 second(s)

2021-11-15 08:12:52 - [TEST_STEP][PASSED] - tap(findTestObject("Object Repository/Mobile/Page/Dashboard/Button - Login"), 0): Tapped on element 'Object Repository/Mobile/Page/Dashboard/Button - Login'

2021-11-15 08:12:52 - [MESSAGE][WARNING] - Timeout '0' is invalid. Using default page load timeout: '60'

2021-11-15 08:12:53 - [MESSAGE][PASSED] - Tapped on element 'Object Repository/Mobile/Page/Dashboard/Button - Login'

2021-11-15 08:12:53 - [TEST_STEP][PASSED] - tap(findTestObject("Object Repository/Mobile/Page/Login/Input - UserID or Email"), 0): Tapped on element 'Object Repository/Mobile/Page/Login/Input - UserID or Email'

2021-11-15 08:12:53 - [MESSAGE][WARNING] - Timeout '0' is invalid. Using default page load timeout: '60'

2021-11-15 08:12:54 - [MESSAGE][PASSED] - Tapped on element 'Object Repository/Mobile/Page/Login/Input - UserID or Email'

2021-11-15 08:12:54 - [TEST_STEP][PASSED] - setText(findTestObject("Object Repository/Mobile/Page/Login/Input - UserID or Email"), "ady.pangerang@gmail.com", 0): Text 'ady.pangerang@gmail.com' has been set to element 'Object Repository/Mobile/Page/Login/Input - UserID or Email'

2021-11-15 08:12:54 - [MESSAGE][WARNING] - Timeout '0' is invalid. Using default page load timeout: '60'

2021-11-15 08:12:56 - [MESSAGE][PASSED] - Text 'ady.pangerang@gmail.com' has been set to element 'Object Repository/Mobile/Page/Login/Input - UserID or Email'

2021-11-15 08:12:56 - [TEST_STEP][PASSED] - tap(findTestObject("Object Repository/Mobile/Page/Login/Input - Password 2"), 0): Tapped on element 'Object Repository/Mobile/Page/Login/Input - Password 2'

2021-11-15 08:12:56 - [MESSAGE][WARNING] - Timeout '0' is invalid. Using default page load timeout: '60'

2021-11-15 08:12:57 - [MESSAGE][PASSED] - Tapped on element 'Object Repository/Mobile/Page/Login/Input - Password 2'

2021-11-15 08:12:57 - [TEST_STEP][PASSED] - setText(findTestObject("Object Repository/Mobile/Page/Login/Input - Password 2"), "Mirae1234", 0): Text 'Mirae1234' has been set to element 'Object Repository/Mobile/Page/Login/Input - Password 2'

2021-11-15 08:12:57 - [MESSAGE][WARNING] - Timeout '0' is invalid. Using default page load timeout: '60'

2021-11-15 08:12:59 - [MESSAGE][PASSED] - Text 'Mirae1234' has been set to element 'Object Repository/Mobile/Page/Login/Input - Password 2'

2021-11-15 08:12:59 - [TEST_STEP][PASSED] - tap(findTestObject("Object Repository/Mobile/Page/Login/Button - Sign In"), 0): Tapped on element 'Object Repository/Mobile/Page/Login/Button - Sign In'

2021-11-15 08:12:59 - [MESSAGE][WARNING] - Timeout '0' is invalid. Using default page load timeout: '60'

2021-11-15 08:13:01 - [MESSAGE][PASSED] - Tapped on element 'Object Repository/Mobile/Page/Login/Button - Sign In'

2021-11-15 08:13:01 - [TEST_STEP][PASSED] - delay(3): Delayed 3 second(s)

2021-11-15 08:13:04 - [MESSAGE][PASSED] - Delayed 3 second(s)

2021-11-15 08:13:04 - [TEST_STEP][PASSED] - if (page == "cart"): null

2021-11-15 08:13:04 - [TEST_STEP][PASSED] - tap(findTestObject("Object Repository/Mobile/Page/Transaction/Button - Menubar Transaction"), 0): Tapped on element 'Object Repository/Mobile/Page/Transaction/Button - Menubar Transaction'

2021-11-15 08:13:04 - [MESSAGE][WARNING] - Timeout '0' is invalid. Using default page load timeout: '60'

2021-11-15 08:13:07 - [MESSAGE][PASSED] - Tapped on element 'Object Repository/Mobile/Page/Transaction/Button - Menubar Transaction'

2021-11-15 08:13:07 - [TEST_STEP][PASSED] - delay(1): Delayed 1 second(s)

2021-11-15 08:13:08 - [MESSAGE][PASSED] - Delayed 1 second(s)

2021-11-15 08:13:08 - [TEST_STEP][PASSED] - if (page == "onprocess"): Delayed 1 second(s)

2021-11-15 08:13:08 - [TEST_STEP][PASSED] - if (tab == "subscription"): null

2021-11-15 08:13:08 - [TEST_STEP][PASSED] - else if (tab == "redemption"): null

2021-11-15 08:13:08 - [TEST_STEP][PASSED] - else if (tab == "switching"): Tapped on element 'Object Repository/Mobile/Page/Transaction/On Process/Tab - Switching'

2021-11-15 08:13:08 - [TEST_STEP][PASSED] - element = findTestObject("Object Repository/Mobile/Page/Transaction/On Process/Tab - All"): null

2021-11-15 08:13:08 - [TEST_STEP][PASSED] - scroll.scroll.scrollRightToLeft(element): scroll.scroll.scrollRightToLeft is PASSED

2021-11-15 08:13:08 - [MESSAGE][WARNING] - Timeout '0' is invalid. Using default page load timeout: '60'

2021-11-15 08:13:08 - [MESSAGE][PASSED] - Object 'Object Repository/Mobile/Page/Transaction/On Process/Tab - All' has left position '31'

2021-11-15 08:13:08 - [MESSAGE][WARNING] - Timeout '0' is invalid. Using default page load timeout: '60'

2021-11-15 08:13:08 - [MESSAGE][PASSED] - Object 'Object Repository/Mobile/Page/Transaction/On Process/Tab - All' has top position '255'

2021-11-15 08:13:08 - [MESSAGE][WARNING] - Timeout '0' is invalid. Using default page load timeout: '60'

2021-11-15 08:13:08 - [MESSAGE][PASSED] - Object 'Object Repository/Mobile/Page/Transaction/On Process/Tab - All' has width: '207'

2021-11-15 08:13:08 - [MESSAGE][WARNING] - Timeout '0' is invalid. Using default page load timeout: '60'

2021-11-15 08:13:09 - [MESSAGE][PASSED] - Object 'Object Repository/Mobile/Page/Transaction/On Process/Tab - All' has height: '44'

2021-11-15 08:13:10 - [MESSAGE][PASSED] - Swiped from 196,277 to 72,277

2021-11-15 08:13:10 - [MESSAGE][PASSED] - scroll.scroll.scrollRightToLeft is PASSED

2021-11-15 08:13:10 - [TEST_STEP][PASSED] - tap(findTestObject("Object Repository/Mobile/Page/Transaction/On Process/Tab - Switching"), 0): Tapped on element 'Object Repository/Mobile/Page/Transaction/On Process/Tab - Switching'

2021-11-15 08:13:10 - [MESSAGE][WARNING] - Timeout '0' is invalid. Using default page load timeout: '60'

2021-11-15 08:13:11 - [MESSAGE][PASSED] - Tapped on element 'Object Repository/Mobile/Page/Transaction/On Process/Tab - Switching'

2021-11-15 08:13:11 - [TEST_STEP][PASSED] - if (action == "detail"): scroll.scroll.scrollBottomToTop is PASSED

2021-11-15 08:13:11 - [TEST_STEP][PASSED] - delay(4): Delayed 4 second(s)

2021-11-15 08:13:15 - [MESSAGE][PASSED] - Delayed 4 second(s)

2021-11-15 08:13:15 - [TEST_STEP][PASSED] - if (tab == "subscription"): null

2021-11-15 08:13:15 - [TEST_STEP][PASSED] - else if (tab == "redemption"): null

2021-11-15 08:13:15 - [TEST_STEP][PASSED] - else if (tab == "switching"): Tapped and held on element 'Object Repository/Mobile/Page/Transaction/On Process/Top Item - Switching' with duration 1

2021-11-15 08:13:15 - [TEST_STEP][PASSED] - tapAndHold(findTestObject("Mobile/Page/Transaction/On Process/Top Item - Switching"), 1, 0): Tapped and held on element 'Object Repository/Mobile/Page/Transaction/On Process/Top Item - Switching' with duration 1

2021-11-15 08:13:15 - [MESSAGE][WARNING] - Timeout '0' is invalid. Using default page load timeout: '60'

2021-11-15 08:13:18 - [MESSAGE][PASSED] - Tapped and held on element 'Object Repository/Mobile/Page/Transaction/On Process/Top Item - Switching' with duration 1

2021-11-15 08:13:18 - [TEST_STEP][PASSED] - delay(1): Delayed 1 second(s)

2021-11-15 08:13:19 - [MESSAGE][PASSED] - Delayed 1 second(s)

2021-11-15 08:13:19 - [TEST_STEP][PASSED] - scroll.scroll.scrollBottomToTop(): scroll.scroll.scrollBottomToTop is PASSED

2021-11-15 08:13:19 - [MESSAGE][PASSED] - Current device physical height is 1423

2021-11-15 08:13:19 - [MESSAGE][PASSED] - Current device physical width is 720

2021-11-15 08:13:21 - [MESSAGE][PASSED] - Swiped from 360,1,138 to 360,284

2021-11-15 08:13:21 - [MESSAGE][PASSED] - scroll.scroll.scrollBottomToTop is PASSED

2021-11-15 08:13:21 - [TEST_STEP][PASSED] - delay(1): Delayed 1 second(s)

2021-11-15 08:13:22 - [MESSAGE][PASSED] - Delayed 1 second(s)

2021-11-15 08:13:22 - [MESSAGE][PASSED] - Call Test Case 'Test Cases/Mobile/Page/Transaction/Transaction' successfully

2021-11-15 08:13:22 - [TEST_STEP][PASSED] - callTestCase(findTestCase("Mobile/Page/Run App/Terminate App"), [:], STOP_ON_FAILURE): Call Test Case 'Test Cases/Mobile/Page/Run App/Terminate App' successfully

2021-11-15 08:13:22 - [TEST_CASE][PASSED] - Test Cases/Mobile/Page/Run App/Terminate App: Test Cases/Mobile/Page/Run App/Terminate App

2021-11-15 08:13:22 - [TEST_STEP][PASSED] - startApp.OpenApp.terminateApplication(): startApp.OpenApp.terminateApplication is PASSED

2021-11-15 08:13:25 - [MESSAGE][PASSED] - Delayed 3 second(s)

2021-11-15 08:13:25 - [MESSAGE][PASSED] - Current device physical width is 720

2021-11-15 08:13:25 - [MESSAGE][PASSED] - Current device physical height is 1423

2021-11-15 08:13:26 - [MESSAGE][PASSED] - Swiped from 360,853 to 360,142

2021-11-15 08:13:28 - [MESSAGE][PASSED] - Delayed 1 second(s)

2021-11-15 08:13:29 - [MESSAGE][PASSED] - Swiped from 360,853 to 360,142

2021-11-15 08:13:32 - [MESSAGE][PASSED] - Delayed 3 second(s)

2021-11-15 08:13:32 - [MESSAGE][PASSED] - startApp.OpenApp.terminateApplication is PASSED

2021-11-15 08:13:32 - [MESSAGE][PASSED] - Call Test Case 'Test Cases/Mobile/Page/Run App/Terminate App' successfully]]></system-out>
         <system-err><![CDATA[]]></system-err>
      </testcase>
      <testcase name="Test Cases/Mobile/Scenario/Transaction/010 - Melihat detail Transaction berdasarkan kategori History" time="100.957" classname="Test Cases/Mobile/Scenario/Transaction/010 - Melihat detail Transaction berdasarkan kategori History" status="FAILED">
         <failure type="FAILED" message="Test Cases/Mobile/Scenario/Transaction/010 - Melihat detail Transaction berdasarkan kategori History FAILED.
Reason:
com.kms.katalon.core.exception.StepFailedException: Unable to call Test Case 'Test Cases/Mobile/Page/Transaction/Transaction' (Root cause: com.kms.katalon.core.exception.StepFailedException: Call Test Case 'Test Cases/Mobile/Page/Transaction/Transaction' failed
	at com.kms.katalon.core.keyword.builtin.CallTestCaseKeyword$_callTestCase_closure1.doCall(CallTestCaseKeyword.groovy:63)
	at com.kms.katalon.core.keyword.builtin.CallTestCaseKeyword$_callTestCase_closure1.call(CallTestCaseKeyword.groovy)
	at com.kms.katalon.core.keyword.internal.KeywordMain.runKeyword(KeywordMain.groovy:68)
	at com.kms.katalon.core.keyword.builtin.CallTestCaseKeyword.callTestCase(CallTestCaseKeyword.groovy:81)
	at com.kms.katalon.core.keyword.builtin.CallTestCaseKeyword.execute(CallTestCaseKeyword.groovy:44)
	at com.kms.katalon.core.keyword.internal.KeywordExecutor.executeKeywordForPlatform(KeywordExecutor.groovy:73)
	at com.kms.katalon.core.keyword.BuiltinKeywords.callTestCase(BuiltinKeywords.groovy:334)
	at 010 - Melihat detail Transaction berdasarkan kategori History.run(010 - Melihat detail Transaction berdasarkan kategori History:22)
	at com.kms.katalon.core.main.ScriptEngine.run(ScriptEngine.java:194)
	at com.kms.katalon.core.main.ScriptEngine.runScriptAsRawText(ScriptEngine.java:119)
	at com.kms.katalon.core.main.TestCaseExecutor.runScript(TestCaseExecutor.java:398)
	at com.kms.katalon.core.main.TestCaseExecutor.doExecute(TestCaseExecutor.java:389)
	at com.kms.katalon.core.main.TestCaseExecutor.processExecutionPhase(TestCaseExecutor.java:368)
	at com.kms.katalon.core.main.TestCaseExecutor.accessMainPhase(TestCaseExecutor.java:360)
	at com.kms.katalon.core.main.TestCaseExecutor.execute(TestCaseExecutor.java:255)
	at com.kms.katalon.core.main.TestSuiteExecutor.accessTestCaseMainPhase(TestSuiteExecutor.java:203)
	at com.kms.katalon.core.main.TestSuiteExecutor.accessTestSuiteMainPhase(TestSuiteExecutor.java:152)
	at com.kms.katalon.core.main.TestSuiteExecutor.execute(TestSuiteExecutor.java:95)
	at com.kms.katalon.core.main.TestCaseMain.startTestSuite(TestCaseMain.java:157)
	at com.kms.katalon.core.main.TestCaseMain$startTestSuite$0.call(Unknown Source)
	at TempTestSuite1636938259952.run(TempTestSuite1636938259952.groovy:39)
Caused by: com.kms.katalon.core.exception.StepFailedException: Object Object Repository/Mobile/Page/Transaction/Button - Menubar Transaction not found
	at com.kms.katalon.core.keyword.internal.KeywordMain.stepFailed(KeywordMain.groovy:50)
	at com.kms.katalon.core.mobile.keyword.internal.MobileKeywordMain.stepFailed(MobileKeywordMain.groovy:40)
	at com.kms.katalon.core.mobile.keyword.builtin.TapKeyword$_tap_closure1.doCall(TapKeyword.groovy:79)
	at com.kms.katalon.core.mobile.keyword.builtin.TapKeyword$_tap_closure1.call(TapKeyword.groovy)
	at com.kms.katalon.core.mobile.keyword.internal.MobileKeywordMain.runKeyword(MobileKeywordMain.groovy:21)
	at com.kms.katalon.core.mobile.keyword.builtin.TapKeyword.tap(TapKeyword.groovy:86)
	at com.kms.katalon.core.mobile.keyword.builtin.TapKeyword.execute(TapKeyword.groovy:68)
	at com.kms.katalon.core.keyword.internal.KeywordExecutor.executeKeywordForPlatform(KeywordExecutor.groovy:73)
	at com.kms.katalon.core.mobile.keyword.MobileBuiltInKeywords.tap(MobileBuiltInKeywords.groovy:1354)
	at com.kms.katalon.core.mobile.keyword.MobileBuiltInKeywords$tap$1.call(Unknown Source)
	at Transaction.run(Transaction:38)
	at com.kms.katalon.core.main.ScriptEngine.run(ScriptEngine.java:194)
	at com.kms.katalon.core.main.ScriptEngine.runScriptAsRawText(ScriptEngine.java:119)
	at com.kms.katalon.core.main.TestCaseExecutor.runScript(TestCaseExecutor.java:398)
	at com.kms.katalon.core.main.TestCaseExecutor.doExecute(TestCaseExecutor.java:389)
	at com.kms.katalon.core.main.TestCaseExecutor.processExecutionPhase(TestCaseExecutor.java:368)
	at com.kms.katalon.core.main.TestCaseExecutor.accessMainPhase(TestCaseExecutor.java:360)
	at com.kms.katalon.core.main.TestCaseExecutor.execute(TestCaseExecutor.java:255)
	at com.kms.katalon.core.main.TestCaseMain.runTestCase(TestCaseMain.java:114)
	at com.kms.katalon.core.keyword.builtin.CallTestCaseKeyword$_callTestCase_closure1.doCall(CallTestCaseKeyword.groovy:59)
	... 20 more
)
	at com.kms.katalon.core.keyword.internal.KeywordMain.stepFailed(KeywordMain.groovy:39)
	at com.kms.katalon.core.keyword.internal.KeywordMain.stepFailed(KeywordMain.groovy)
	at com.kms.katalon.core.keyword.internal.KeywordMain.runKeyword(KeywordMain.groovy:70)
	at com.kms.katalon.core.keyword.builtin.CallTestCaseKeyword.callTestCase(CallTestCaseKeyword.groovy:81)
	at com.kms.katalon.core.keyword.builtin.CallTestCaseKeyword.execute(CallTestCaseKeyword.groovy:44)
	at com.kms.katalon.core.keyword.internal.KeywordExecutor.executeKeywordForPlatform(KeywordExecutor.groovy:73)
	at com.kms.katalon.core.keyword.BuiltinKeywords.callTestCase(BuiltinKeywords.groovy:334)
	at 010 - Melihat detail Transaction berdasarkan kategori History.run(010 - Melihat detail Transaction berdasarkan kategori History:22)
	at com.kms.katalon.core.main.ScriptEngine.run(ScriptEngine.java:194)
	at com.kms.katalon.core.main.ScriptEngine.runScriptAsRawText(ScriptEngine.java:119)
	at com.kms.katalon.core.main.TestCaseExecutor.runScript(TestCaseExecutor.java:398)
	at com.kms.katalon.core.main.TestCaseExecutor.doExecute(TestCaseExecutor.java:389)
	at com.kms.katalon.core.main.TestCaseExecutor.processExecutionPhase(TestCaseExecutor.java:368)
	at com.kms.katalon.core.main.TestCaseExecutor.accessMainPhase(TestCaseExecutor.java:360)
	at com.kms.katalon.core.main.TestCaseExecutor.execute(TestCaseExecutor.java:255)
	at com.kms.katalon.core.main.TestSuiteExecutor.accessTestCaseMainPhase(TestSuiteExecutor.java:203)
	at com.kms.katalon.core.main.TestSuiteExecutor.accessTestSuiteMainPhase(TestSuiteExecutor.java:152)
	at com.kms.katalon.core.main.TestSuiteExecutor.execute(TestSuiteExecutor.java:95)
	at com.kms.katalon.core.main.TestCaseMain.startTestSuite(TestCaseMain.java:157)
	at com.kms.katalon.core.main.TestCaseMain$startTestSuite$0.call(Unknown Source)
	at TempTestSuite1636938259952.run(TempTestSuite1636938259952.groovy:39)
Caused by: com.kms.katalon.core.exception.StepFailedException: Call Test Case 'Test Cases/Mobile/Page/Transaction/Transaction' failed
	at com.kms.katalon.core.keyword.builtin.CallTestCaseKeyword$_callTestCase_closure1.doCall(CallTestCaseKeyword.groovy:63)
	at com.kms.katalon.core.keyword.builtin.CallTestCaseKeyword$_callTestCase_closure1.call(CallTestCaseKeyword.groovy)
	at com.kms.katalon.core.keyword.internal.KeywordMain.runKeyword(KeywordMain.groovy:68)
	... 18 more
Caused by: com.kms.katalon.core.exception.StepFailedException: Object Object Repository/Mobile/Page/Transaction/Button - Menubar Transaction not found
	at com.kms.katalon.core.keyword.internal.KeywordMain.stepFailed(KeywordMain.groovy:50)
	at com.kms.katalon.core.mobile.keyword.internal.MobileKeywordMain.stepFailed(MobileKeywordMain.groovy:40)
	at com.kms.katalon.core.mobile.keyword.builtin.TapKeyword$_tap_closure1.doCall(TapKeyword.groovy:79)
	at com.kms.katalon.core.mobile.keyword.builtin.TapKeyword$_tap_closure1.call(TapKeyword.groovy)
	at com.kms.katalon.core.mobile.keyword.internal.MobileKeywordMain.runKeyword(MobileKeywordMain.groovy:21)
	at com.kms.katalon.core.mobile.keyword.builtin.TapKeyword.tap(TapKeyword.groovy:86)
	at com.kms.katalon.core.mobile.keyword.builtin.TapKeyword.execute(TapKeyword.groovy:68)
	at com.kms.katalon.core.keyword.internal.KeywordExecutor.executeKeywordForPlatform(KeywordExecutor.groovy:73)
	at com.kms.katalon.core.mobile.keyword.MobileBuiltInKeywords.tap(MobileBuiltInKeywords.groovy:1354)
	at com.kms.katalon.core.mobile.keyword.MobileBuiltInKeywords$tap$1.call(Unknown Source)
	at Transaction.run(Transaction:38)
	at com.kms.katalon.core.main.ScriptEngine.run(ScriptEngine.java:194)
	at com.kms.katalon.core.main.ScriptEngine.runScriptAsRawText(ScriptEngine.java:119)
	at com.kms.katalon.core.main.TestCaseExecutor.runScript(TestCaseExecutor.java:398)
	at com.kms.katalon.core.main.TestCaseExecutor.doExecute(TestCaseExecutor.java:389)
	at com.kms.katalon.core.main.TestCaseExecutor.processExecutionPhase(TestCaseExecutor.java:368)
	at com.kms.katalon.core.main.TestCaseExecutor.accessMainPhase(TestCaseExecutor.java:360)
	at com.kms.katalon.core.main.TestCaseExecutor.execute(TestCaseExecutor.java:255)
	at com.kms.katalon.core.main.TestCaseMain.runTestCase(TestCaseMain.java:114)
	at com.kms.katalon.core.keyword.builtin.CallTestCaseKeyword$_callTestCase_closure1.doCall(CallTestCaseKeyword.groovy:59)
	... 20 more
"/>
         <system-out><![CDATA[2021-11-15 08:13:32 - [TEST_CASE][FAILED] - Test Cases/Mobile/Scenario/Transaction/010 - Melihat detail Transaction berdasarkan kategori History: Test Cases/Mobile/Scenario/Transaction/010 - Melihat detail Transaction berdasarkan kategori History FAILED.
Reason:
com.kms.katalon.core.exception.StepFailedException: Unable to call Test Case 'Test Cases/Mobile/Page/Transaction/Transaction' (Root cause: com.kms.katalon.core.exception.StepFailedException: Call Test Case 'Test Cases/Mobile/Page/Transaction/Transaction' failed
	at com.kms.katalon.core.keyword.builtin.CallTestCaseKeyword$_callTestCase_closure1.doCall(CallTestCaseKeyword.groovy:63)
	at com.kms.katalon.core.keyword.builtin.CallTestCaseKeyword$_callTestCase_closure1.call(CallTestCaseKeyword.groovy)
	at com.kms.katalon.core.keyword.internal.KeywordMain.runKeyword(KeywordMain.groovy:68)
	at com.kms.katalon.core.keyword.builtin.CallTestCaseKeyword.callTestCase(CallTestCaseKeyword.groovy:81)
	at com.kms.katalon.core.keyword.builtin.CallTestCaseKeyword.execute(CallTestCaseKeyword.groovy:44)
	at com.kms.katalon.core.keyword.internal.KeywordExecutor.executeKeywordForPlatform(KeywordExecutor.groovy:73)
	at com.kms.katalon.core.keyword.BuiltinKeywords.callTestCase(BuiltinKeywords.groovy:334)
	at 010 - Melihat detail Transaction berdasarkan kategori History.run(010 - Melihat detail Transaction berdasarkan kategori History:22)
	at com.kms.katalon.core.main.ScriptEngine.run(ScriptEngine.java:194)
	at com.kms.katalon.core.main.ScriptEngine.runScriptAsRawText(ScriptEngine.java:119)
	at com.kms.katalon.core.main.TestCaseExecutor.runScript(TestCaseExecutor.java:398)
	at com.kms.katalon.core.main.TestCaseExecutor.doExecute(TestCaseExecutor.java:389)
	at com.kms.katalon.core.main.TestCaseExecutor.processExecutionPhase(TestCaseExecutor.java:368)
	at com.kms.katalon.core.main.TestCaseExecutor.accessMainPhase(TestCaseExecutor.java:360)
	at com.kms.katalon.core.main.TestCaseExecutor.execute(TestCaseExecutor.java:255)
	at com.kms.katalon.core.main.TestSuiteExecutor.accessTestCaseMainPhase(TestSuiteExecutor.java:203)
	at com.kms.katalon.core.main.TestSuiteExecutor.accessTestSuiteMainPhase(TestSuiteExecutor.java:152)
	at com.kms.katalon.core.main.TestSuiteExecutor.execute(TestSuiteExecutor.java:95)
	at com.kms.katalon.core.main.TestCaseMain.startTestSuite(TestCaseMain.java:157)
	at com.kms.katalon.core.main.TestCaseMain$startTestSuite$0.call(Unknown Source)
	at TempTestSuite1636938259952.run(TempTestSuite1636938259952.groovy:39)
Caused by: com.kms.katalon.core.exception.StepFailedException: Object Object Repository/Mobile/Page/Transaction/Button - Menubar Transaction not found
	at com.kms.katalon.core.keyword.internal.KeywordMain.stepFailed(KeywordMain.groovy:50)
	at com.kms.katalon.core.mobile.keyword.internal.MobileKeywordMain.stepFailed(MobileKeywordMain.groovy:40)
	at com.kms.katalon.core.mobile.keyword.builtin.TapKeyword$_tap_closure1.doCall(TapKeyword.groovy:79)
	at com.kms.katalon.core.mobile.keyword.builtin.TapKeyword$_tap_closure1.call(TapKeyword.groovy)
	at com.kms.katalon.core.mobile.keyword.internal.MobileKeywordMain.runKeyword(MobileKeywordMain.groovy:21)
	at com.kms.katalon.core.mobile.keyword.builtin.TapKeyword.tap(TapKeyword.groovy:86)
	at com.kms.katalon.core.mobile.keyword.builtin.TapKeyword.execute(TapKeyword.groovy:68)
	at com.kms.katalon.core.keyword.internal.KeywordExecutor.executeKeywordForPlatform(KeywordExecutor.groovy:73)
	at com.kms.katalon.core.mobile.keyword.MobileBuiltInKeywords.tap(MobileBuiltInKeywords.groovy:1354)
	at com.kms.katalon.core.mobile.keyword.MobileBuiltInKeywords$tap$1.call(Unknown Source)
	at Transaction.run(Transaction:38)
	at com.kms.katalon.core.main.ScriptEngine.run(ScriptEngine.java:194)
	at com.kms.katalon.core.main.ScriptEngine.runScriptAsRawText(ScriptEngine.java:119)
	at com.kms.katalon.core.main.TestCaseExecutor.runScript(TestCaseExecutor.java:398)
	at com.kms.katalon.core.main.TestCaseExecutor.doExecute(TestCaseExecutor.java:389)
	at com.kms.katalon.core.main.TestCaseExecutor.processExecutionPhase(TestCaseExecutor.java:368)
	at com.kms.katalon.core.main.TestCaseExecutor.accessMainPhase(TestCaseExecutor.java:360)
	at com.kms.katalon.core.main.TestCaseExecutor.execute(TestCaseExecutor.java:255)
	at com.kms.katalon.core.main.TestCaseMain.runTestCase(TestCaseMain.java:114)
	at com.kms.katalon.core.keyword.builtin.CallTestCaseKeyword$_callTestCase_closure1.doCall(CallTestCaseKeyword.groovy:59)
	... 20 more
)
	at com.kms.katalon.core.keyword.internal.KeywordMain.stepFailed(KeywordMain.groovy:39)
	at com.kms.katalon.core.keyword.internal.KeywordMain.stepFailed(KeywordMain.groovy)
	at com.kms.katalon.core.keyword.internal.KeywordMain.runKeyword(KeywordMain.groovy:70)
	at com.kms.katalon.core.keyword.builtin.CallTestCaseKeyword.callTestCase(CallTestCaseKeyword.groovy:81)
	at com.kms.katalon.core.keyword.builtin.CallTestCaseKeyword.execute(CallTestCaseKeyword.groovy:44)
	at com.kms.katalon.core.keyword.internal.KeywordExecutor.executeKeywordForPlatform(KeywordExecutor.groovy:73)
	at com.kms.katalon.core.keyword.BuiltinKeywords.callTestCase(BuiltinKeywords.groovy:334)
	at 010 - Melihat detail Transaction berdasarkan kategori History.run(010 - Melihat detail Transaction berdasarkan kategori History:22)
	at com.kms.katalon.core.main.ScriptEngine.run(ScriptEngine.java:194)
	at com.kms.katalon.core.main.ScriptEngine.runScriptAsRawText(ScriptEngine.java:119)
	at com.kms.katalon.core.main.TestCaseExecutor.runScript(TestCaseExecutor.java:398)
	at com.kms.katalon.core.main.TestCaseExecutor.doExecute(TestCaseExecutor.java:389)
	at com.kms.katalon.core.main.TestCaseExecutor.processExecutionPhase(TestCaseExecutor.java:368)
	at com.kms.katalon.core.main.TestCaseExecutor.accessMainPhase(TestCaseExecutor.java:360)
	at com.kms.katalon.core.main.TestCaseExecutor.execute(TestCaseExecutor.java:255)
	at com.kms.katalon.core.main.TestSuiteExecutor.accessTestCaseMainPhase(TestSuiteExecutor.java:203)
	at com.kms.katalon.core.main.TestSuiteExecutor.accessTestSuiteMainPhase(TestSuiteExecutor.java:152)
	at com.kms.katalon.core.main.TestSuiteExecutor.execute(TestSuiteExecutor.java:95)
	at com.kms.katalon.core.main.TestCaseMain.startTestSuite(TestCaseMain.java:157)
	at com.kms.katalon.core.main.TestCaseMain$startTestSuite$0.call(Unknown Source)
	at TempTestSuite1636938259952.run(TempTestSuite1636938259952.groovy:39)
Caused by: com.kms.katalon.core.exception.StepFailedException: Call Test Case 'Test Cases/Mobile/Page/Transaction/Transaction' failed
	at com.kms.katalon.core.keyword.builtin.CallTestCaseKeyword$_callTestCase_closure1.doCall(CallTestCaseKeyword.groovy:63)
	at com.kms.katalon.core.keyword.builtin.CallTestCaseKeyword$_callTestCase_closure1.call(CallTestCaseKeyword.groovy)
	at com.kms.katalon.core.keyword.internal.KeywordMain.runKeyword(KeywordMain.groovy:68)
	... 18 more
Caused by: com.kms.katalon.core.exception.StepFailedException: Object Object Repository/Mobile/Page/Transaction/Button - Menubar Transaction not found
	at com.kms.katalon.core.keyword.internal.KeywordMain.stepFailed(KeywordMain.groovy:50)
	at com.kms.katalon.core.mobile.keyword.internal.MobileKeywordMain.stepFailed(MobileKeywordMain.groovy:40)
	at com.kms.katalon.core.mobile.keyword.builtin.TapKeyword$_tap_closure1.doCall(TapKeyword.groovy:79)
	at com.kms.katalon.core.mobile.keyword.builtin.TapKeyword$_tap_closure1.call(TapKeyword.groovy)
	at com.kms.katalon.core.mobile.keyword.internal.MobileKeywordMain.runKeyword(MobileKeywordMain.groovy:21)
	at com.kms.katalon.core.mobile.keyword.builtin.TapKeyword.tap(TapKeyword.groovy:86)
	at com.kms.katalon.core.mobile.keyword.builtin.TapKeyword.execute(TapKeyword.groovy:68)
	at com.kms.katalon.core.keyword.internal.KeywordExecutor.executeKeywordForPlatform(KeywordExecutor.groovy:73)
	at com.kms.katalon.core.mobile.keyword.MobileBuiltInKeywords.tap(MobileBuiltInKeywords.groovy:1354)
	at com.kms.katalon.core.mobile.keyword.MobileBuiltInKeywords$tap$1.call(Unknown Source)
	at Transaction.run(Transaction:38)
	at com.kms.katalon.core.main.ScriptEngine.run(ScriptEngine.java:194)
	at com.kms.katalon.core.main.ScriptEngine.runScriptAsRawText(ScriptEngine.java:119)
	at com.kms.katalon.core.main.TestCaseExecutor.runScript(TestCaseExecutor.java:398)
	at com.kms.katalon.core.main.TestCaseExecutor.doExecute(TestCaseExecutor.java:389)
	at com.kms.katalon.core.main.TestCaseExecutor.processExecutionPhase(TestCaseExecutor.java:368)
	at com.kms.katalon.core.main.TestCaseExecutor.accessMainPhase(TestCaseExecutor.java:360)
	at com.kms.katalon.core.main.TestCaseExecutor.execute(TestCaseExecutor.java:255)
	at com.kms.katalon.core.main.TestCaseMain.runTestCase(TestCaseMain.java:114)
	at com.kms.katalon.core.keyword.builtin.CallTestCaseKeyword$_callTestCase_closure1.doCall(CallTestCaseKeyword.groovy:59)
	... 20 more


2021-11-15 08:13:32 - [TEST_STEP][PASSED] - callTestCase(findTestCase("Mobile/Page/Run App/Run App byID"), [:], STOP_ON_FAILURE): Call Test Case 'Test Cases/Mobile/Page/Run App/Run App byID' successfully

2021-11-15 08:13:32 - [TEST_CASE][PASSED] - Test Cases/Mobile/Page/Run App/Run App byID: Test Cases/Mobile/Page/Run App/Run App byID

2021-11-15 08:13:32 - [TEST_STEP][PASSED] - startApp.OpenApp.startApplication("com.mirae.maxfund"): startApp.OpenApp.startApplication is PASSED

2021-11-15 08:13:45 - [MESSAGE][PASSED] - Starting app with application ID: 'com.mirae.maxfund'

2021-11-15 08:13:45 - [MESSAGE][PASSED] - startApp.OpenApp.startApplication is PASSED

2021-11-15 08:13:45 - [MESSAGE][PASSED] - Call Test Case 'Test Cases/Mobile/Page/Run App/Run App byID' successfully

2021-11-15 08:13:45 - [TEST_STEP][FAILED] - callTestCase(findTestCase("Mobile/Page/Transaction/Transaction"), ["page":"history", "tab":"none", "action":"detail"], CONTINUE_ON_FAILURE): Unable to call Test Case 'Test Cases/Mobile/Page/Transaction/Transaction' (Root cause: com.kms.katalon.core.exception.StepFailedException: Call Test Case 'Test Cases/Mobile/Page/Transaction/Transaction' failed
	at com.kms.katalon.core.keyword.builtin.CallTestCaseKeyword$_callTestCase_closure1.doCall(CallTestCaseKeyword.groovy:63)
	at com.kms.katalon.core.keyword.builtin.CallTestCaseKeyword$_callTestCase_closure1.call(CallTestCaseKeyword.groovy)
	at com.kms.katalon.core.keyword.internal.KeywordMain.runKeyword(KeywordMain.groovy:68)
	at com.kms.katalon.core.keyword.builtin.CallTestCaseKeyword.callTestCase(CallTestCaseKeyword.groovy:81)
	at com.kms.katalon.core.keyword.builtin.CallTestCaseKeyword.execute(CallTestCaseKeyword.groovy:44)
	at com.kms.katalon.core.keyword.internal.KeywordExecutor.executeKeywordForPlatform(KeywordExecutor.groovy:73)
	at com.kms.katalon.core.keyword.BuiltinKeywords.callTestCase(BuiltinKeywords.groovy:334)
	at 010 - Melihat detail Transaction berdasarkan kategori History.run(010 - Melihat detail Transaction berdasarkan kategori History:22)
	at com.kms.katalon.core.main.ScriptEngine.run(ScriptEngine.java:194)
	at com.kms.katalon.core.main.ScriptEngine.runScriptAsRawText(ScriptEngine.java:119)
	at com.kms.katalon.core.main.TestCaseExecutor.runScript(TestCaseExecutor.java:398)
	at com.kms.katalon.core.main.TestCaseExecutor.doExecute(TestCaseExecutor.java:389)
	at com.kms.katalon.core.main.TestCaseExecutor.processExecutionPhase(TestCaseExecutor.java:368)
	at com.kms.katalon.core.main.TestCaseExecutor.accessMainPhase(TestCaseExecutor.java:360)
	at com.kms.katalon.core.main.TestCaseExecutor.execute(TestCaseExecutor.java:255)
	at com.kms.katalon.core.main.TestSuiteExecutor.accessTestCaseMainPhase(TestSuiteExecutor.java:203)
	at com.kms.katalon.core.main.TestSuiteExecutor.accessTestSuiteMainPhase(TestSuiteExecutor.java:152)
	at com.kms.katalon.core.main.TestSuiteExecutor.execute(TestSuiteExecutor.java:95)
	at com.kms.katalon.core.main.TestCaseMain.startTestSuite(TestCaseMain.java:157)
	at com.kms.katalon.core.main.TestCaseMain$startTestSuite$0.call(Unknown Source)
	at TempTestSuite1636938259952.run(TempTestSuite1636938259952.groovy:39)
Caused by: com.kms.katalon.core.exception.StepFailedException: Object Object Repository/Mobile/Page/Transaction/Button - Menubar Transaction not found
	at com.kms.katalon.core.keyword.internal.KeywordMain.stepFailed(KeywordMain.groovy:50)
	at com.kms.katalon.core.mobile.keyword.internal.MobileKeywordMain.stepFailed(MobileKeywordMain.groovy:40)
	at com.kms.katalon.core.mobile.keyword.builtin.TapKeyword$_tap_closure1.doCall(TapKeyword.groovy:79)
	at com.kms.katalon.core.mobile.keyword.builtin.TapKeyword$_tap_closure1.call(TapKeyword.groovy)
	at com.kms.katalon.core.mobile.keyword.internal.MobileKeywordMain.runKeyword(MobileKeywordMain.groovy:21)
	at com.kms.katalon.core.mobile.keyword.builtin.TapKeyword.tap(TapKeyword.groovy:86)
	at com.kms.katalon.core.mobile.keyword.builtin.TapKeyword.execute(TapKeyword.groovy:68)
	at com.kms.katalon.core.keyword.internal.KeywordExecutor.executeKeywordForPlatform(KeywordExecutor.groovy:73)
	at com.kms.katalon.core.mobile.keyword.MobileBuiltInKeywords.tap(MobileBuiltInKeywords.groovy:1354)
	at com.kms.katalon.core.mobile.keyword.MobileBuiltInKeywords$tap$1.call(Unknown Source)
	at Transaction.run(Transaction:38)
	at com.kms.katalon.core.main.ScriptEngine.run(ScriptEngine.java:194)
	at com.kms.katalon.core.main.ScriptEngine.runScriptAsRawText(ScriptEngine.java:119)
	at com.kms.katalon.core.main.TestCaseExecutor.runScript(TestCaseExecutor.java:398)
	at com.kms.katalon.core.main.TestCaseExecutor.doExecute(TestCaseExecutor.java:389)
	at com.kms.katalon.core.main.TestCaseExecutor.processExecutionPhase(TestCaseExecutor.java:368)
	at com.kms.katalon.core.main.TestCaseExecutor.accessMainPhase(TestCaseExecutor.java:360)
	at com.kms.katalon.core.main.TestCaseExecutor.execute(TestCaseExecutor.java:255)
	at com.kms.katalon.core.main.TestCaseMain.runTestCase(TestCaseMain.java:114)
	at com.kms.katalon.core.keyword.builtin.CallTestCaseKeyword$_callTestCase_closure1.doCall(CallTestCaseKeyword.groovy:59)
	... 20 more
)

2021-11-15 08:13:45 - [TEST_CASE][FAILED] - Test Cases/Mobile/Page/Transaction/Transaction: Test Cases/Mobile/Page/Transaction/Transaction FAILED.
Reason:
com.kms.katalon.core.exception.StepFailedException: Object Object Repository/Mobile/Page/Transaction/Button - Menubar Transaction not found
	at com.kms.katalon.core.keyword.internal.KeywordMain.stepFailed(KeywordMain.groovy:50)
	at com.kms.katalon.core.mobile.keyword.internal.MobileKeywordMain.stepFailed(MobileKeywordMain.groovy:40)
	at com.kms.katalon.core.mobile.keyword.builtin.TapKeyword$_tap_closure1.doCall(TapKeyword.groovy:79)
	at com.kms.katalon.core.mobile.keyword.builtin.TapKeyword$_tap_closure1.call(TapKeyword.groovy)
	at com.kms.katalon.core.mobile.keyword.internal.MobileKeywordMain.runKeyword(MobileKeywordMain.groovy:21)
	at com.kms.katalon.core.mobile.keyword.builtin.TapKeyword.tap(TapKeyword.groovy:86)
	at com.kms.katalon.core.mobile.keyword.builtin.TapKeyword.execute(TapKeyword.groovy:68)
	at com.kms.katalon.core.keyword.internal.KeywordExecutor.executeKeywordForPlatform(KeywordExecutor.groovy:73)
	at com.kms.katalon.core.mobile.keyword.MobileBuiltInKeywords.tap(MobileBuiltInKeywords.groovy:1354)
	at com.kms.katalon.core.mobile.keyword.MobileBuiltInKeywords$tap$1.call(Unknown Source)
	at Transaction.run(Transaction:38)
	at com.kms.katalon.core.main.ScriptEngine.run(ScriptEngine.java:194)
	at com.kms.katalon.core.main.ScriptEngine.runScriptAsRawText(ScriptEngine.java:119)
	at com.kms.katalon.core.main.TestCaseExecutor.runScript(TestCaseExecutor.java:398)
	at com.kms.katalon.core.main.TestCaseExecutor.doExecute(TestCaseExecutor.java:389)
	at com.kms.katalon.core.main.TestCaseExecutor.processExecutionPhase(TestCaseExecutor.java:368)
	at com.kms.katalon.core.main.TestCaseExecutor.accessMainPhase(TestCaseExecutor.java:360)
	at com.kms.katalon.core.main.TestCaseExecutor.execute(TestCaseExecutor.java:255)
	at com.kms.katalon.core.main.TestCaseMain.runTestCase(TestCaseMain.java:114)
	at com.kms.katalon.core.keyword.builtin.CallTestCaseKeyword$_callTestCase_closure1.doCall(CallTestCaseKeyword.groovy:59)
	at com.kms.katalon.core.keyword.builtin.CallTestCaseKeyword$_callTestCase_closure1.call(CallTestCaseKeyword.groovy)
	at com.kms.katalon.core.keyword.internal.KeywordMain.runKeyword(KeywordMain.groovy:68)
	at com.kms.katalon.core.keyword.builtin.CallTestCaseKeyword.callTestCase(CallTestCaseKeyword.groovy:81)
	at com.kms.katalon.core.keyword.builtin.CallTestCaseKeyword.execute(CallTestCaseKeyword.groovy:44)
	at com.kms.katalon.core.keyword.internal.KeywordExecutor.executeKeywordForPlatform(KeywordExecutor.groovy:73)
	at com.kms.katalon.core.keyword.BuiltinKeywords.callTestCase(BuiltinKeywords.groovy:334)
	at 010 - Melihat detail Transaction berdasarkan kategori History.run(010 - Melihat detail Transaction berdasarkan kategori History:22)
	at com.kms.katalon.core.main.ScriptEngine.run(ScriptEngine.java:194)
	at com.kms.katalon.core.main.ScriptEngine.runScriptAsRawText(ScriptEngine.java:119)
	at com.kms.katalon.core.main.TestCaseExecutor.runScript(TestCaseExecutor.java:398)
	at com.kms.katalon.core.main.TestCaseExecutor.doExecute(TestCaseExecutor.java:389)
	at com.kms.katalon.core.main.TestCaseExecutor.processExecutionPhase(TestCaseExecutor.java:368)
	at com.kms.katalon.core.main.TestCaseExecutor.accessMainPhase(TestCaseExecutor.java:360)
	at com.kms.katalon.core.main.TestCaseExecutor.execute(TestCaseExecutor.java:255)
	at com.kms.katalon.core.main.TestSuiteExecutor.accessTestCaseMainPhase(TestSuiteExecutor.java:203)
	at com.kms.katalon.core.main.TestSuiteExecutor.accessTestSuiteMainPhase(TestSuiteExecutor.java:152)
	at com.kms.katalon.core.main.TestSuiteExecutor.execute(TestSuiteExecutor.java:95)
	at com.kms.katalon.core.main.TestCaseMain.startTestSuite(TestCaseMain.java:157)
	at com.kms.katalon.core.main.TestCaseMain$startTestSuite$0.call(Unknown Source)
	at TempTestSuite1636938259952.run(TempTestSuite1636938259952.groovy:39)


2021-11-15 08:13:45 - [TEST_STEP][PASSED] - delay(5): Delayed 5 second(s)

2021-11-15 08:13:50 - [MESSAGE][PASSED] - Delayed 5 second(s)

2021-11-15 08:13:50 - [TEST_STEP][PASSED] - loginCheck = verifyElementExist(findTestObject("Object Repository/Mobile/Page/Dashboard/Button - Login"), 2, CONTINUE_ON_FAILURE): Element 'Object Repository/Mobile/Page/Dashboard/Button - Login' is exist

2021-11-15 08:13:50 - [MESSAGE][PASSED] - Element 'Object Repository/Mobile/Page/Dashboard/Button - Login' is exist

2021-11-15 08:13:50 - [TEST_STEP][PASSED] - if (loginCheck): Delayed 3 second(s)

2021-11-15 08:13:50 - [TEST_STEP][PASSED] - tap(findTestObject("Object Repository/Mobile/Page/Dashboard/Button - Login"), 0): Tapped on element 'Object Repository/Mobile/Page/Dashboard/Button - Login'

2021-11-15 08:13:50 - [MESSAGE][WARNING] - Timeout '0' is invalid. Using default page load timeout: '60'

2021-11-15 08:13:52 - [MESSAGE][PASSED] - Tapped on element 'Object Repository/Mobile/Page/Dashboard/Button - Login'

2021-11-15 08:13:52 - [TEST_STEP][PASSED] - tap(findTestObject("Object Repository/Mobile/Page/Login/Input - UserID or Email"), 0): Tapped on element 'Object Repository/Mobile/Page/Login/Input - UserID or Email'

2021-11-15 08:13:52 - [MESSAGE][WARNING] - Timeout '0' is invalid. Using default page load timeout: '60'

2021-11-15 08:13:52 - [MESSAGE][PASSED] - Tapped on element 'Object Repository/Mobile/Page/Login/Input - UserID or Email'

2021-11-15 08:13:52 - [TEST_STEP][PASSED] - setText(findTestObject("Object Repository/Mobile/Page/Login/Input - UserID or Email"), "ady.pangerang@gmail.com", 0): Text 'ady.pangerang@gmail.com' has been set to element 'Object Repository/Mobile/Page/Login/Input - UserID or Email'

2021-11-15 08:13:52 - [MESSAGE][WARNING] - Timeout '0' is invalid. Using default page load timeout: '60'

2021-11-15 08:13:54 - [MESSAGE][PASSED] - Text 'ady.pangerang@gmail.com' has been set to element 'Object Repository/Mobile/Page/Login/Input - UserID or Email'

2021-11-15 08:13:54 - [TEST_STEP][PASSED] - tap(findTestObject("Object Repository/Mobile/Page/Login/Input - Password 2"), 0): Tapped on element 'Object Repository/Mobile/Page/Login/Input - Password 2'

2021-11-15 08:13:54 - [MESSAGE][WARNING] - Timeout '0' is invalid. Using default page load timeout: '60'

2021-11-15 08:13:55 - [MESSAGE][PASSED] - Tapped on element 'Object Repository/Mobile/Page/Login/Input - Password 2'

2021-11-15 08:13:55 - [TEST_STEP][PASSED] - setText(findTestObject("Object Repository/Mobile/Page/Login/Input - Password 2"), "Mirae1234", 0): Text 'Mirae1234' has been set to element 'Object Repository/Mobile/Page/Login/Input - Password 2'

2021-11-15 08:13:55 - [MESSAGE][WARNING] - Timeout '0' is invalid. Using default page load timeout: '60'

2021-11-15 08:13:56 - [MESSAGE][PASSED] - Text 'Mirae1234' has been set to element 'Object Repository/Mobile/Page/Login/Input - Password 2'

2021-11-15 08:13:56 - [TEST_STEP][PASSED] - tap(findTestObject("Object Repository/Mobile/Page/Login/Button - Sign In"), 0): Tapped on element 'Object Repository/Mobile/Page/Login/Button - Sign In'

2021-11-15 08:13:56 - [MESSAGE][WARNING] - Timeout '0' is invalid. Using default page load timeout: '60'

2021-11-15 08:13:57 - [MESSAGE][PASSED] - Tapped on element 'Object Repository/Mobile/Page/Login/Button - Sign In'

2021-11-15 08:13:57 - [TEST_STEP][PASSED] - delay(3): Delayed 3 second(s)

2021-11-15 08:14:00 - [MESSAGE][PASSED] - Delayed 3 second(s)

2021-11-15 08:14:00 - [TEST_STEP][PASSED] - if (page == "cart"): null

2021-11-15 08:14:00 - [TEST_STEP][FAILED] - tap(findTestObject("Object Repository/Mobile/Page/Transaction/Button - Menubar Transaction"), 0): Failed to tap on element 'Object Repository/Mobile/Page/Transaction/Button - Menubar Transaction' (Root cause: com.kms.katalon.core.exception.StepFailedException: Object Object Repository/Mobile/Page/Transaction/Button - Menubar Transaction not found
	at com.kms.katalon.core.keyword.internal.KeywordMain.stepFailed(KeywordMain.groovy:50)
	at com.kms.katalon.core.mobile.keyword.internal.MobileKeywordMain.stepFailed(MobileKeywordMain.groovy:40)
	at com.kms.katalon.core.mobile.keyword.builtin.TapKeyword$_tap_closure1.doCall(TapKeyword.groovy:79)
	at com.kms.katalon.core.mobile.keyword.builtin.TapKeyword$_tap_closure1.call(TapKeyword.groovy)
	at com.kms.katalon.core.mobile.keyword.internal.MobileKeywordMain.runKeyword(MobileKeywordMain.groovy:21)
	at com.kms.katalon.core.mobile.keyword.builtin.TapKeyword.tap(TapKeyword.groovy:86)
	at com.kms.katalon.core.mobile.keyword.builtin.TapKeyword.execute(TapKeyword.groovy:68)
	at com.kms.katalon.core.keyword.internal.KeywordExecutor.executeKeywordForPlatform(KeywordExecutor.groovy:73)
	at com.kms.katalon.core.mobile.keyword.MobileBuiltInKeywords.tap(MobileBuiltInKeywords.groovy:1354)
	at com.kms.katalon.core.mobile.keyword.MobileBuiltInKeywords$tap$1.call(Unknown Source)
	at Transaction.run(Transaction:38)
	at com.kms.katalon.core.main.ScriptEngine.run(ScriptEngine.java:194)
	at com.kms.katalon.core.main.ScriptEngine.runScriptAsRawText(ScriptEngine.java:119)
	at com.kms.katalon.core.main.TestCaseExecutor.runScript(TestCaseExecutor.java:398)
	at com.kms.katalon.core.main.TestCaseExecutor.doExecute(TestCaseExecutor.java:389)
	at com.kms.katalon.core.main.TestCaseExecutor.processExecutionPhase(TestCaseExecutor.java:368)
	at com.kms.katalon.core.main.TestCaseExecutor.accessMainPhase(TestCaseExecutor.java:360)
	at com.kms.katalon.core.main.TestCaseExecutor.execute(TestCaseExecutor.java:255)
	at com.kms.katalon.core.main.TestCaseMain.runTestCase(TestCaseMain.java:114)
	at com.kms.katalon.core.keyword.builtin.CallTestCaseKeyword$_callTestCase_closure1.doCall(CallTestCaseKeyword.groovy:59)
	at com.kms.katalon.core.keyword.builtin.CallTestCaseKeyword$_callTestCase_closure1.call(CallTestCaseKeyword.groovy)
	at com.kms.katalon.core.keyword.internal.KeywordMain.runKeyword(KeywordMain.groovy:68)
	at com.kms.katalon.core.keyword.builtin.CallTestCaseKeyword.callTestCase(CallTestCaseKeyword.groovy:81)
	at com.kms.katalon.core.keyword.builtin.CallTestCaseKeyword.execute(CallTestCaseKeyword.groovy:44)
	at com.kms.katalon.core.keyword.internal.KeywordExecutor.executeKeywordForPlatform(KeywordExecutor.groovy:73)
	at com.kms.katalon.core.keyword.BuiltinKeywords.callTestCase(BuiltinKeywords.groovy:334)
	at 010 - Melihat detail Transaction berdasarkan kategori History.run(010 - Melihat detail Transaction berdasarkan kategori History:22)
	at com.kms.katalon.core.main.ScriptEngine.run(ScriptEngine.java:194)
	at com.kms.katalon.core.main.ScriptEngine.runScriptAsRawText(ScriptEngine.java:119)
	at com.kms.katalon.core.main.TestCaseExecutor.runScript(TestCaseExecutor.java:398)
	at com.kms.katalon.core.main.TestCaseExecutor.doExecute(TestCaseExecutor.java:389)
	at com.kms.katalon.core.main.TestCaseExecutor.processExecutionPhase(TestCaseExecutor.java:368)
	at com.kms.katalon.core.main.TestCaseExecutor.accessMainPhase(TestCaseExecutor.java:360)
	at com.kms.katalon.core.main.TestCaseExecutor.execute(TestCaseExecutor.java:255)
	at com.kms.katalon.core.main.TestSuiteExecutor.accessTestCaseMainPhase(TestSuiteExecutor.java:203)
	at com.kms.katalon.core.main.TestSuiteExecutor.accessTestSuiteMainPhase(TestSuiteExecutor.java:152)
	at com.kms.katalon.core.main.TestSuiteExecutor.execute(TestSuiteExecutor.java:95)
	at com.kms.katalon.core.main.TestCaseMain.startTestSuite(TestCaseMain.java:157)
	at com.kms.katalon.core.main.TestCaseMain$startTestSuite$0.call(Unknown Source)
	at TempTestSuite1636938259952.run(TempTestSuite1636938259952.groovy:39)
)

2021-11-15 08:14:01 - [MESSAGE][WARNING] - Timeout '0' is invalid. Using default page load timeout: '60'

2021-11-15 08:15:02 - [MESSAGE][FAILED] - Object Object Repository/Mobile/Page/Transaction/Button - Menubar Transaction not found
[[ATTACHMENT|C:\\Users\\Owner\\Documents\\kerjaan\\KatalonProject\\qa-katalon-maxfund\\Reports\\20211115_080419\\Transaction\\20211115_080419\\1636938901445.png]]

2021-11-15 08:15:03 - [MESSAGE][FAILED] - Failed to tap on element 'Object Repository/Mobile/Page/Transaction/Button - Menubar Transaction' (Root cause: com.kms.katalon.core.exception.StepFailedException: Object Object Repository/Mobile/Page/Transaction/Button - Menubar Transaction not found
	at com.kms.katalon.core.keyword.internal.KeywordMain.stepFailed(KeywordMain.groovy:50)
	at com.kms.katalon.core.mobile.keyword.internal.MobileKeywordMain.stepFailed(MobileKeywordMain.groovy:40)
	at com.kms.katalon.core.mobile.keyword.builtin.TapKeyword$_tap_closure1.doCall(TapKeyword.groovy:79)
	at com.kms.katalon.core.mobile.keyword.builtin.TapKeyword$_tap_closure1.call(TapKeyword.groovy)
	at com.kms.katalon.core.mobile.keyword.internal.MobileKeywordMain.runKeyword(MobileKeywordMain.groovy:21)
	at com.kms.katalon.core.mobile.keyword.builtin.TapKeyword.tap(TapKeyword.groovy:86)
	at com.kms.katalon.core.mobile.keyword.builtin.TapKeyword.execute(TapKeyword.groovy:68)
	at com.kms.katalon.core.keyword.internal.KeywordExecutor.executeKeywordForPlatform(KeywordExecutor.groovy:73)
	at com.kms.katalon.core.mobile.keyword.MobileBuiltInKeywords.tap(MobileBuiltInKeywords.groovy:1354)
	at com.kms.katalon.core.mobile.keyword.MobileBuiltInKeywords$tap$1.call(Unknown Source)
	at Transaction.run(Transaction:38)
	at com.kms.katalon.core.main.ScriptEngine.run(ScriptEngine.java:194)
	at com.kms.katalon.core.main.ScriptEngine.runScriptAsRawText(ScriptEngine.java:119)
	at com.kms.katalon.core.main.TestCaseExecutor.runScript(TestCaseExecutor.java:398)
	at com.kms.katalon.core.main.TestCaseExecutor.doExecute(TestCaseExecutor.java:389)
	at com.kms.katalon.core.main.TestCaseExecutor.processExecutionPhase(TestCaseExecutor.java:368)
	at com.kms.katalon.core.main.TestCaseExecutor.accessMainPhase(TestCaseExecutor.java:360)
	at com.kms.katalon.core.main.TestCaseExecutor.execute(TestCaseExecutor.java:255)
	at com.kms.katalon.core.main.TestCaseMain.runTestCase(TestCaseMain.java:114)
	at com.kms.katalon.core.keyword.builtin.CallTestCaseKeyword$_callTestCase_closure1.doCall(CallTestCaseKeyword.groovy:59)
	at com.kms.katalon.core.keyword.builtin.CallTestCaseKeyword$_callTestCase_closure1.call(CallTestCaseKeyword.groovy)
	at com.kms.katalon.core.keyword.internal.KeywordMain.runKeyword(KeywordMain.groovy:68)
	at com.kms.katalon.core.keyword.builtin.CallTestCaseKeyword.callTestCase(CallTestCaseKeyword.groovy:81)
	at com.kms.katalon.core.keyword.builtin.CallTestCaseKeyword.execute(CallTestCaseKeyword.groovy:44)
	at com.kms.katalon.core.keyword.internal.KeywordExecutor.executeKeywordForPlatform(KeywordExecutor.groovy:73)
	at com.kms.katalon.core.keyword.BuiltinKeywords.callTestCase(BuiltinKeywords.groovy:334)
	at 010 - Melihat detail Transaction berdasarkan kategori History.run(010 - Melihat detail Transaction berdasarkan kategori History:22)
	at com.kms.katalon.core.main.ScriptEngine.run(ScriptEngine.java:194)
	at com.kms.katalon.core.main.ScriptEngine.runScriptAsRawText(ScriptEngine.java:119)
	at com.kms.katalon.core.main.TestCaseExecutor.runScript(TestCaseExecutor.java:398)
	at com.kms.katalon.core.main.TestCaseExecutor.doExecute(TestCaseExecutor.java:389)
	at com.kms.katalon.core.main.TestCaseExecutor.processExecutionPhase(TestCaseExecutor.java:368)
	at com.kms.katalon.core.main.TestCaseExecutor.accessMainPhase(TestCaseExecutor.java:360)
	at com.kms.katalon.core.main.TestCaseExecutor.execute(TestCaseExecutor.java:255)
	at com.kms.katalon.core.main.TestSuiteExecutor.accessTestCaseMainPhase(TestSuiteExecutor.java:203)
	at com.kms.katalon.core.main.TestSuiteExecutor.accessTestSuiteMainPhase(TestSuiteExecutor.java:152)
	at com.kms.katalon.core.main.TestSuiteExecutor.execute(TestSuiteExecutor.java:95)
	at com.kms.katalon.core.main.TestCaseMain.startTestSuite(TestCaseMain.java:157)
	at com.kms.katalon.core.main.TestCaseMain$startTestSuite$0.call(Unknown Source)
	at TempTestSuite1636938259952.run(TempTestSuite1636938259952.groovy:39)
)
[[ATTACHMENT|C:\\Users\\Owner\\Documents\\kerjaan\\KatalonProject\\qa-katalon-maxfund\\Reports\\20211115_080419\\Transaction\\20211115_080419\\1636938902243.png]]

2021-11-15 08:15:03 - [MESSAGE][FAILED] - Unable to call Test Case 'Test Cases/Mobile/Page/Transaction/Transaction' (Root cause: com.kms.katalon.core.exception.StepFailedException: Call Test Case 'Test Cases/Mobile/Page/Transaction/Transaction' failed
	at com.kms.katalon.core.keyword.builtin.CallTestCaseKeyword$_callTestCase_closure1.doCall(CallTestCaseKeyword.groovy:63)
	at com.kms.katalon.core.keyword.builtin.CallTestCaseKeyword$_callTestCase_closure1.call(CallTestCaseKeyword.groovy)
	at com.kms.katalon.core.keyword.internal.KeywordMain.runKeyword(KeywordMain.groovy:68)
	at com.kms.katalon.core.keyword.builtin.CallTestCaseKeyword.callTestCase(CallTestCaseKeyword.groovy:81)
	at com.kms.katalon.core.keyword.builtin.CallTestCaseKeyword.execute(CallTestCaseKeyword.groovy:44)
	at com.kms.katalon.core.keyword.internal.KeywordExecutor.executeKeywordForPlatform(KeywordExecutor.groovy:73)
	at com.kms.katalon.core.keyword.BuiltinKeywords.callTestCase(BuiltinKeywords.groovy:334)
	at 010 - Melihat detail Transaction berdasarkan kategori History.run(010 - Melihat detail Transaction berdasarkan kategori History:22)
	at com.kms.katalon.core.main.ScriptEngine.run(ScriptEngine.java:194)
	at com.kms.katalon.core.main.ScriptEngine.runScriptAsRawText(ScriptEngine.java:119)
	at com.kms.katalon.core.main.TestCaseExecutor.runScript(TestCaseExecutor.java:398)
	at com.kms.katalon.core.main.TestCaseExecutor.doExecute(TestCaseExecutor.java:389)
	at com.kms.katalon.core.main.TestCaseExecutor.processExecutionPhase(TestCaseExecutor.java:368)
	at com.kms.katalon.core.main.TestCaseExecutor.accessMainPhase(TestCaseExecutor.java:360)
	at com.kms.katalon.core.main.TestCaseExecutor.execute(TestCaseExecutor.java:255)
	at com.kms.katalon.core.main.TestSuiteExecutor.accessTestCaseMainPhase(TestSuiteExecutor.java:203)
	at com.kms.katalon.core.main.TestSuiteExecutor.accessTestSuiteMainPhase(TestSuiteExecutor.java:152)
	at com.kms.katalon.core.main.TestSuiteExecutor.execute(TestSuiteExecutor.java:95)
	at com.kms.katalon.core.main.TestCaseMain.startTestSuite(TestCaseMain.java:157)
	at com.kms.katalon.core.main.TestCaseMain$startTestSuite$0.call(Unknown Source)
	at TempTestSuite1636938259952.run(TempTestSuite1636938259952.groovy:39)
Caused by: com.kms.katalon.core.exception.StepFailedException: Object Object Repository/Mobile/Page/Transaction/Button - Menubar Transaction not found
	at com.kms.katalon.core.keyword.internal.KeywordMain.stepFailed(KeywordMain.groovy:50)
	at com.kms.katalon.core.mobile.keyword.internal.MobileKeywordMain.stepFailed(MobileKeywordMain.groovy:40)
	at com.kms.katalon.core.mobile.keyword.builtin.TapKeyword$_tap_closure1.doCall(TapKeyword.groovy:79)
	at com.kms.katalon.core.mobile.keyword.builtin.TapKeyword$_tap_closure1.call(TapKeyword.groovy)
	at com.kms.katalon.core.mobile.keyword.internal.MobileKeywordMain.runKeyword(MobileKeywordMain.groovy:21)
	at com.kms.katalon.core.mobile.keyword.builtin.TapKeyword.tap(TapKeyword.groovy:86)
	at com.kms.katalon.core.mobile.keyword.builtin.TapKeyword.execute(TapKeyword.groovy:68)
	at com.kms.katalon.core.keyword.internal.KeywordExecutor.executeKeywordForPlatform(KeywordExecutor.groovy:73)
	at com.kms.katalon.core.mobile.keyword.MobileBuiltInKeywords.tap(MobileBuiltInKeywords.groovy:1354)
	at com.kms.katalon.core.mobile.keyword.MobileBuiltInKeywords$tap$1.call(Unknown Source)
	at Transaction.run(Transaction:38)
	at com.kms.katalon.core.main.ScriptEngine.run(ScriptEngine.java:194)
	at com.kms.katalon.core.main.ScriptEngine.runScriptAsRawText(ScriptEngine.java:119)
	at com.kms.katalon.core.main.TestCaseExecutor.runScript(TestCaseExecutor.java:398)
	at com.kms.katalon.core.main.TestCaseExecutor.doExecute(TestCaseExecutor.java:389)
	at com.kms.katalon.core.main.TestCaseExecutor.processExecutionPhase(TestCaseExecutor.java:368)
	at com.kms.katalon.core.main.TestCaseExecutor.accessMainPhase(TestCaseExecutor.java:360)
	at com.kms.katalon.core.main.TestCaseExecutor.execute(TestCaseExecutor.java:255)
	at com.kms.katalon.core.main.TestCaseMain.runTestCase(TestCaseMain.java:114)
	at com.kms.katalon.core.keyword.builtin.CallTestCaseKeyword$_callTestCase_closure1.doCall(CallTestCaseKeyword.groovy:59)
	... 20 more
)

2021-11-15 08:15:03 - [TEST_STEP][PASSED] - callTestCase(findTestCase("Mobile/Page/Run App/Terminate App"), [:], STOP_ON_FAILURE): Call Test Case 'Test Cases/Mobile/Page/Run App/Terminate App' successfully

2021-11-15 08:15:03 - [TEST_CASE][PASSED] - Test Cases/Mobile/Page/Run App/Terminate App: Test Cases/Mobile/Page/Run App/Terminate App

2021-11-15 08:15:03 - [TEST_STEP][PASSED] - startApp.OpenApp.terminateApplication(): startApp.OpenApp.terminateApplication is PASSED

2021-11-15 08:15:06 - [MESSAGE][PASSED] - Delayed 3 second(s)

2021-11-15 08:15:06 - [MESSAGE][PASSED] - Current device physical width is 720

2021-11-15 08:15:06 - [MESSAGE][PASSED] - Current device physical height is 1423

2021-11-15 08:15:07 - [MESSAGE][PASSED] - Swiped from 360,853 to 360,142

2021-11-15 08:15:08 - [MESSAGE][PASSED] - Delayed 1 second(s)

2021-11-15 08:15:10 - [MESSAGE][PASSED] - Swiped from 360,853 to 360,142

2021-11-15 08:15:13 - [MESSAGE][PASSED] - Delayed 3 second(s)

2021-11-15 08:15:13 - [MESSAGE][PASSED] - startApp.OpenApp.terminateApplication is PASSED

2021-11-15 08:15:13 - [MESSAGE][PASSED] - Call Test Case 'Test Cases/Mobile/Page/Run App/Terminate App' successfully]]></system-out>
         <system-err><![CDATA[2021-11-15 08:13:32 - [TEST_CASE][FAILED] - Test Cases/Mobile/Scenario/Transaction/010 - Melihat detail Transaction berdasarkan kategori History: Test Cases/Mobile/Scenario/Transaction/010 - Melihat detail Transaction berdasarkan kategori History FAILED.
Reason:
com.kms.katalon.core.exception.StepFailedException: Unable to call Test Case 'Test Cases/Mobile/Page/Transaction/Transaction' (Root cause: com.kms.katalon.core.exception.StepFailedException: Call Test Case 'Test Cases/Mobile/Page/Transaction/Transaction' failed
	at com.kms.katalon.core.keyword.builtin.CallTestCaseKeyword$_callTestCase_closure1.doCall(CallTestCaseKeyword.groovy:63)
	at com.kms.katalon.core.keyword.builtin.CallTestCaseKeyword$_callTestCase_closure1.call(CallTestCaseKeyword.groovy)
	at com.kms.katalon.core.keyword.internal.KeywordMain.runKeyword(KeywordMain.groovy:68)
	at com.kms.katalon.core.keyword.builtin.CallTestCaseKeyword.callTestCase(CallTestCaseKeyword.groovy:81)
	at com.kms.katalon.core.keyword.builtin.CallTestCaseKeyword.execute(CallTestCaseKeyword.groovy:44)
	at com.kms.katalon.core.keyword.internal.KeywordExecutor.executeKeywordForPlatform(KeywordExecutor.groovy:73)
	at com.kms.katalon.core.keyword.BuiltinKeywords.callTestCase(BuiltinKeywords.groovy:334)
	at 010 - Melihat detail Transaction berdasarkan kategori History.run(010 - Melihat detail Transaction berdasarkan kategori History:22)
	at com.kms.katalon.core.main.ScriptEngine.run(ScriptEngine.java:194)
	at com.kms.katalon.core.main.ScriptEngine.runScriptAsRawText(ScriptEngine.java:119)
	at com.kms.katalon.core.main.TestCaseExecutor.runScript(TestCaseExecutor.java:398)
	at com.kms.katalon.core.main.TestCaseExecutor.doExecute(TestCaseExecutor.java:389)
	at com.kms.katalon.core.main.TestCaseExecutor.processExecutionPhase(TestCaseExecutor.java:368)
	at com.kms.katalon.core.main.TestCaseExecutor.accessMainPhase(TestCaseExecutor.java:360)
	at com.kms.katalon.core.main.TestCaseExecutor.execute(TestCaseExecutor.java:255)
	at com.kms.katalon.core.main.TestSuiteExecutor.accessTestCaseMainPhase(TestSuiteExecutor.java:203)
	at com.kms.katalon.core.main.TestSuiteExecutor.accessTestSuiteMainPhase(TestSuiteExecutor.java:152)
	at com.kms.katalon.core.main.TestSuiteExecutor.execute(TestSuiteExecutor.java:95)
	at com.kms.katalon.core.main.TestCaseMain.startTestSuite(TestCaseMain.java:157)
	at com.kms.katalon.core.main.TestCaseMain$startTestSuite$0.call(Unknown Source)
	at TempTestSuite1636938259952.run(TempTestSuite1636938259952.groovy:39)
Caused by: com.kms.katalon.core.exception.StepFailedException: Object Object Repository/Mobile/Page/Transaction/Button - Menubar Transaction not found
	at com.kms.katalon.core.keyword.internal.KeywordMain.stepFailed(KeywordMain.groovy:50)
	at com.kms.katalon.core.mobile.keyword.internal.MobileKeywordMain.stepFailed(MobileKeywordMain.groovy:40)
	at com.kms.katalon.core.mobile.keyword.builtin.TapKeyword$_tap_closure1.doCall(TapKeyword.groovy:79)
	at com.kms.katalon.core.mobile.keyword.builtin.TapKeyword$_tap_closure1.call(TapKeyword.groovy)
	at com.kms.katalon.core.mobile.keyword.internal.MobileKeywordMain.runKeyword(MobileKeywordMain.groovy:21)
	at com.kms.katalon.core.mobile.keyword.builtin.TapKeyword.tap(TapKeyword.groovy:86)
	at com.kms.katalon.core.mobile.keyword.builtin.TapKeyword.execute(TapKeyword.groovy:68)
	at com.kms.katalon.core.keyword.internal.KeywordExecutor.executeKeywordForPlatform(KeywordExecutor.groovy:73)
	at com.kms.katalon.core.mobile.keyword.MobileBuiltInKeywords.tap(MobileBuiltInKeywords.groovy:1354)
	at com.kms.katalon.core.mobile.keyword.MobileBuiltInKeywords$tap$1.call(Unknown Source)
	at Transaction.run(Transaction:38)
	at com.kms.katalon.core.main.ScriptEngine.run(ScriptEngine.java:194)
	at com.kms.katalon.core.main.ScriptEngine.runScriptAsRawText(ScriptEngine.java:119)
	at com.kms.katalon.core.main.TestCaseExecutor.runScript(TestCaseExecutor.java:398)
	at com.kms.katalon.core.main.TestCaseExecutor.doExecute(TestCaseExecutor.java:389)
	at com.kms.katalon.core.main.TestCaseExecutor.processExecutionPhase(TestCaseExecutor.java:368)
	at com.kms.katalon.core.main.TestCaseExecutor.accessMainPhase(TestCaseExecutor.java:360)
	at com.kms.katalon.core.main.TestCaseExecutor.execute(TestCaseExecutor.java:255)
	at com.kms.katalon.core.main.TestCaseMain.runTestCase(TestCaseMain.java:114)
	at com.kms.katalon.core.keyword.builtin.CallTestCaseKeyword$_callTestCase_closure1.doCall(CallTestCaseKeyword.groovy:59)
	... 20 more
)
	at com.kms.katalon.core.keyword.internal.KeywordMain.stepFailed(KeywordMain.groovy:39)
	at com.kms.katalon.core.keyword.internal.KeywordMain.stepFailed(KeywordMain.groovy)
	at com.kms.katalon.core.keyword.internal.KeywordMain.runKeyword(KeywordMain.groovy:70)
	at com.kms.katalon.core.keyword.builtin.CallTestCaseKeyword.callTestCase(CallTestCaseKeyword.groovy:81)
	at com.kms.katalon.core.keyword.builtin.CallTestCaseKeyword.execute(CallTestCaseKeyword.groovy:44)
	at com.kms.katalon.core.keyword.internal.KeywordExecutor.executeKeywordForPlatform(KeywordExecutor.groovy:73)
	at com.kms.katalon.core.keyword.BuiltinKeywords.callTestCase(BuiltinKeywords.groovy:334)
	at 010 - Melihat detail Transaction berdasarkan kategori History.run(010 - Melihat detail Transaction berdasarkan kategori History:22)
	at com.kms.katalon.core.main.ScriptEngine.run(ScriptEngine.java:194)
	at com.kms.katalon.core.main.ScriptEngine.runScriptAsRawText(ScriptEngine.java:119)
	at com.kms.katalon.core.main.TestCaseExecutor.runScript(TestCaseExecutor.java:398)
	at com.kms.katalon.core.main.TestCaseExecutor.doExecute(TestCaseExecutor.java:389)
	at com.kms.katalon.core.main.TestCaseExecutor.processExecutionPhase(TestCaseExecutor.java:368)
	at com.kms.katalon.core.main.TestCaseExecutor.accessMainPhase(TestCaseExecutor.java:360)
	at com.kms.katalon.core.main.TestCaseExecutor.execute(TestCaseExecutor.java:255)
	at com.kms.katalon.core.main.TestSuiteExecutor.accessTestCaseMainPhase(TestSuiteExecutor.java:203)
	at com.kms.katalon.core.main.TestSuiteExecutor.accessTestSuiteMainPhase(TestSuiteExecutor.java:152)
	at com.kms.katalon.core.main.TestSuiteExecutor.execute(TestSuiteExecutor.java:95)
	at com.kms.katalon.core.main.TestCaseMain.startTestSuite(TestCaseMain.java:157)
	at com.kms.katalon.core.main.TestCaseMain$startTestSuite$0.call(Unknown Source)
	at TempTestSuite1636938259952.run(TempTestSuite1636938259952.groovy:39)
Caused by: com.kms.katalon.core.exception.StepFailedException: Call Test Case 'Test Cases/Mobile/Page/Transaction/Transaction' failed
	at com.kms.katalon.core.keyword.builtin.CallTestCaseKeyword$_callTestCase_closure1.doCall(CallTestCaseKeyword.groovy:63)
	at com.kms.katalon.core.keyword.builtin.CallTestCaseKeyword$_callTestCase_closure1.call(CallTestCaseKeyword.groovy)
	at com.kms.katalon.core.keyword.internal.KeywordMain.runKeyword(KeywordMain.groovy:68)
	... 18 more
Caused by: com.kms.katalon.core.exception.StepFailedException: Object Object Repository/Mobile/Page/Transaction/Button - Menubar Transaction not found
	at com.kms.katalon.core.keyword.internal.KeywordMain.stepFailed(KeywordMain.groovy:50)
	at com.kms.katalon.core.mobile.keyword.internal.MobileKeywordMain.stepFailed(MobileKeywordMain.groovy:40)
	at com.kms.katalon.core.mobile.keyword.builtin.TapKeyword$_tap_closure1.doCall(TapKeyword.groovy:79)
	at com.kms.katalon.core.mobile.keyword.builtin.TapKeyword$_tap_closure1.call(TapKeyword.groovy)
	at com.kms.katalon.core.mobile.keyword.internal.MobileKeywordMain.runKeyword(MobileKeywordMain.groovy:21)
	at com.kms.katalon.core.mobile.keyword.builtin.TapKeyword.tap(TapKeyword.groovy:86)
	at com.kms.katalon.core.mobile.keyword.builtin.TapKeyword.execute(TapKeyword.groovy:68)
	at com.kms.katalon.core.keyword.internal.KeywordExecutor.executeKeywordForPlatform(KeywordExecutor.groovy:73)
	at com.kms.katalon.core.mobile.keyword.MobileBuiltInKeywords.tap(MobileBuiltInKeywords.groovy:1354)
	at com.kms.katalon.core.mobile.keyword.MobileBuiltInKeywords$tap$1.call(Unknown Source)
	at Transaction.run(Transaction:38)
	at com.kms.katalon.core.main.ScriptEngine.run(ScriptEngine.java:194)
	at com.kms.katalon.core.main.ScriptEngine.runScriptAsRawText(ScriptEngine.java:119)
	at com.kms.katalon.core.main.TestCaseExecutor.runScript(TestCaseExecutor.java:398)
	at com.kms.katalon.core.main.TestCaseExecutor.doExecute(TestCaseExecutor.java:389)
	at com.kms.katalon.core.main.TestCaseExecutor.processExecutionPhase(TestCaseExecutor.java:368)
	at com.kms.katalon.core.main.TestCaseExecutor.accessMainPhase(TestCaseExecutor.java:360)
	at com.kms.katalon.core.main.TestCaseExecutor.execute(TestCaseExecutor.java:255)
	at com.kms.katalon.core.main.TestCaseMain.runTestCase(TestCaseMain.java:114)
	at com.kms.katalon.core.keyword.builtin.CallTestCaseKeyword$_callTestCase_closure1.doCall(CallTestCaseKeyword.groovy:59)
	... 20 more]]></system-err>
      </testcase>
      <testcase name="Test Cases/Mobile/Scenario/Transaction/011 - Melihat keranjang" time="105.14" classname="Test Cases/Mobile/Scenario/Transaction/011 - Melihat keranjang" status="FAILED">
         <failure type="FAILED" message="Test Cases/Mobile/Scenario/Transaction/011 - Melihat keranjang FAILED.
Reason:
com.kms.katalon.core.exception.StepFailedException: Unable to call Test Case 'Test Cases/Mobile/Page/Transaction/Transaction' (Root cause: com.kms.katalon.core.exception.StepFailedException: Call Test Case 'Test Cases/Mobile/Page/Transaction/Transaction' failed
	at com.kms.katalon.core.keyword.builtin.CallTestCaseKeyword$_callTestCase_closure1.doCall(CallTestCaseKeyword.groovy:63)
	at com.kms.katalon.core.keyword.builtin.CallTestCaseKeyword$_callTestCase_closure1.call(CallTestCaseKeyword.groovy)
	at com.kms.katalon.core.keyword.internal.KeywordMain.runKeyword(KeywordMain.groovy:68)
	at com.kms.katalon.core.keyword.builtin.CallTestCaseKeyword.callTestCase(CallTestCaseKeyword.groovy:81)
	at com.kms.katalon.core.keyword.builtin.CallTestCaseKeyword.execute(CallTestCaseKeyword.groovy:44)
	at com.kms.katalon.core.keyword.internal.KeywordExecutor.executeKeywordForPlatform(KeywordExecutor.groovy:73)
	at com.kms.katalon.core.keyword.BuiltinKeywords.callTestCase(BuiltinKeywords.groovy:334)
	at 011 - Melihat keranjang.run(011 - Melihat keranjang:22)
	at com.kms.katalon.core.main.ScriptEngine.run(ScriptEngine.java:194)
	at com.kms.katalon.core.main.ScriptEngine.runScriptAsRawText(ScriptEngine.java:119)
	at com.kms.katalon.core.main.TestCaseExecutor.runScript(TestCaseExecutor.java:398)
	at com.kms.katalon.core.main.TestCaseExecutor.doExecute(TestCaseExecutor.java:389)
	at com.kms.katalon.core.main.TestCaseExecutor.processExecutionPhase(TestCaseExecutor.java:368)
	at com.kms.katalon.core.main.TestCaseExecutor.accessMainPhase(TestCaseExecutor.java:360)
	at com.kms.katalon.core.main.TestCaseExecutor.execute(TestCaseExecutor.java:255)
	at com.kms.katalon.core.main.TestSuiteExecutor.accessTestCaseMainPhase(TestSuiteExecutor.java:203)
	at com.kms.katalon.core.main.TestSuiteExecutor.accessTestSuiteMainPhase(TestSuiteExecutor.java:152)
	at com.kms.katalon.core.main.TestSuiteExecutor.execute(TestSuiteExecutor.java:95)
	at com.kms.katalon.core.main.TestCaseMain.startTestSuite(TestCaseMain.java:157)
	at com.kms.katalon.core.main.TestCaseMain$startTestSuite$0.call(Unknown Source)
	at TempTestSuite1636938259952.run(TempTestSuite1636938259952.groovy:39)
Caused by: com.kms.katalon.core.exception.StepFailedException: Call Test Case 'Test Cases/Mobile/Scenario/Transaction/Add Product to Cart' failed
	at com.kms.katalon.core.keyword.builtin.CallTestCaseKeyword$_callTestCase_closure1.doCall(CallTestCaseKeyword.groovy:63)
	at com.kms.katalon.core.keyword.builtin.CallTestCaseKeyword$_callTestCase_closure1.call(CallTestCaseKeyword.groovy)
	at com.kms.katalon.core.keyword.internal.KeywordMain.runKeyword(KeywordMain.groovy:68)
	at com.kms.katalon.core.keyword.builtin.CallTestCaseKeyword.callTestCase(CallTestCaseKeyword.groovy:81)
	at com.kms.katalon.core.keyword.builtin.CallTestCaseKeyword.execute(CallTestCaseKeyword.groovy:44)
	at com.kms.katalon.core.keyword.internal.KeywordExecutor.executeKeywordForPlatform(KeywordExecutor.groovy:73)
	at com.kms.katalon.core.keyword.BuiltinKeywords.callTestCase(BuiltinKeywords.groovy:334)
	at Transaction.run(Transaction:35)
	at com.kms.katalon.core.main.ScriptEngine.run(ScriptEngine.java:194)
	at com.kms.katalon.core.main.ScriptEngine.runScriptAsRawText(ScriptEngine.java:119)
	at com.kms.katalon.core.main.TestCaseExecutor.runScript(TestCaseExecutor.java:398)
	at com.kms.katalon.core.main.TestCaseExecutor.doExecute(TestCaseExecutor.java:389)
	at com.kms.katalon.core.main.TestCaseExecutor.processExecutionPhase(TestCaseExecutor.java:368)
	at com.kms.katalon.core.main.TestCaseExecutor.accessMainPhase(TestCaseExecutor.java:360)
	at com.kms.katalon.core.main.TestCaseExecutor.execute(TestCaseExecutor.java:255)
	at com.kms.katalon.core.main.TestCaseMain.runTestCase(TestCaseMain.java:114)
	at com.kms.katalon.core.keyword.builtin.CallTestCaseKeyword$_callTestCase_closure1.doCall(CallTestCaseKeyword.groovy:59)
	... 20 more
Caused by: com.kms.katalon.core.exception.StepFailedException: Object Object Repository/Mobile/Page/Transaction/Object for Add to Cart/Button - Buy Top Item not found
	at com.kms.katalon.core.keyword.internal.KeywordMain.stepFailed(KeywordMain.groovy:50)
	at com.kms.katalon.core.mobile.keyword.internal.MobileKeywordMain.stepFailed(MobileKeywordMain.groovy:40)
	at com.kms.katalon.core.mobile.keyword.builtin.TapKeyword$_tap_closure1.doCall(TapKeyword.groovy:79)
	at com.kms.katalon.core.mobile.keyword.builtin.TapKeyword$_tap_closure1.call(TapKeyword.groovy)
	at com.kms.katalon.core.mobile.keyword.internal.MobileKeywordMain.runKeyword(MobileKeywordMain.groovy:21)
	at com.kms.katalon.core.mobile.keyword.builtin.TapKeyword.tap(TapKeyword.groovy:86)
	at com.kms.katalon.core.mobile.keyword.builtin.TapKeyword.execute(TapKeyword.groovy:68)
	at com.kms.katalon.core.keyword.internal.KeywordExecutor.executeKeywordForPlatform(KeywordExecutor.groovy:73)
	at com.kms.katalon.core.mobile.keyword.MobileBuiltInKeywords.tap(MobileBuiltInKeywords.groovy:1354)
	at com.kms.katalon.core.mobile.keyword.MobileBuiltInKeywords$tap$1.call(Unknown Source)
	at Add Product to Cart.run(Add Product to Cart:23)
	at com.kms.katalon.core.main.ScriptEngine.run(ScriptEngine.java:194)
	at com.kms.katalon.core.main.ScriptEngine.runScriptAsRawText(ScriptEngine.java:119)
	at com.kms.katalon.core.main.TestCaseExecutor.runScript(TestCaseExecutor.java:398)
	at com.kms.katalon.core.main.TestCaseExecutor.doExecute(TestCaseExecutor.java:389)
	at com.kms.katalon.core.main.TestCaseExecutor.processExecutionPhase(TestCaseExecutor.java:368)
	at com.kms.katalon.core.main.TestCaseExecutor.accessMainPhase(TestCaseExecutor.java:360)
	at com.kms.katalon.core.main.TestCaseExecutor.execute(TestCaseExecutor.java:255)
	at com.kms.katalon.core.main.TestCaseMain.runTestCase(TestCaseMain.java:114)
	at com.kms.katalon.core.keyword.builtin.CallTestCaseKeyword$_callTestCase_closure1.doCall(CallTestCaseKeyword.groovy:59)
	... 36 more
)
	at com.kms.katalon.core.keyword.internal.KeywordMain.stepFailed(KeywordMain.groovy:39)
	at com.kms.katalon.core.keyword.internal.KeywordMain.stepFailed(KeywordMain.groovy)
	at com.kms.katalon.core.keyword.internal.KeywordMain.runKeyword(KeywordMain.groovy:70)
	at com.kms.katalon.core.keyword.builtin.CallTestCaseKeyword.callTestCase(CallTestCaseKeyword.groovy:81)
	at com.kms.katalon.core.keyword.builtin.CallTestCaseKeyword.execute(CallTestCaseKeyword.groovy:44)
	at com.kms.katalon.core.keyword.internal.KeywordExecutor.executeKeywordForPlatform(KeywordExecutor.groovy:73)
	at com.kms.katalon.core.keyword.BuiltinKeywords.callTestCase(BuiltinKeywords.groovy:334)
	at 011 - Melihat keranjang.run(011 - Melihat keranjang:22)
	at com.kms.katalon.core.main.ScriptEngine.run(ScriptEngine.java:194)
	at com.kms.katalon.core.main.ScriptEngine.runScriptAsRawText(ScriptEngine.java:119)
	at com.kms.katalon.core.main.TestCaseExecutor.runScript(TestCaseExecutor.java:398)
	at com.kms.katalon.core.main.TestCaseExecutor.doExecute(TestCaseExecutor.java:389)
	at com.kms.katalon.core.main.TestCaseExecutor.processExecutionPhase(TestCaseExecutor.java:368)
	at com.kms.katalon.core.main.TestCaseExecutor.accessMainPhase(TestCaseExecutor.java:360)
	at com.kms.katalon.core.main.TestCaseExecutor.execute(TestCaseExecutor.java:255)
	at com.kms.katalon.core.main.TestSuiteExecutor.accessTestCaseMainPhase(TestSuiteExecutor.java:203)
	at com.kms.katalon.core.main.TestSuiteExecutor.accessTestSuiteMainPhase(TestSuiteExecutor.java:152)
	at com.kms.katalon.core.main.TestSuiteExecutor.execute(TestSuiteExecutor.java:95)
	at com.kms.katalon.core.main.TestCaseMain.startTestSuite(TestCaseMain.java:157)
	at com.kms.katalon.core.main.TestCaseMain$startTestSuite$0.call(Unknown Source)
	at TempTestSuite1636938259952.run(TempTestSuite1636938259952.groovy:39)
Caused by: com.kms.katalon.core.exception.StepFailedException: Call Test Case 'Test Cases/Mobile/Page/Transaction/Transaction' failed
	at com.kms.katalon.core.keyword.builtin.CallTestCaseKeyword$_callTestCase_closure1.doCall(CallTestCaseKeyword.groovy:63)
	at com.kms.katalon.core.keyword.builtin.CallTestCaseKeyword$_callTestCase_closure1.call(CallTestCaseKeyword.groovy)
	at com.kms.katalon.core.keyword.internal.KeywordMain.runKeyword(KeywordMain.groovy:68)
	... 18 more
Caused by: com.kms.katalon.core.exception.StepFailedException: Call Test Case 'Test Cases/Mobile/Scenario/Transaction/Add Product to Cart' failed
	at com.kms.katalon.core.keyword.builtin.CallTestCaseKeyword$_callTestCase_closure1.doCall(CallTestCaseKeyword.groovy:63)
	at com.kms.katalon.core.keyword.builtin.CallTestCaseKeyword$_callTestCase_closure1.call(CallTestCaseKeyword.groovy)
	at com.kms.katalon.core.keyword.internal.KeywordMain.runKeyword(KeywordMain.groovy:68)
	at com.kms.katalon.core.keyword.builtin.CallTestCaseKeyword.callTestCase(CallTestCaseKeyword.groovy:81)
	at com.kms.katalon.core.keyword.builtin.CallTestCaseKeyword.execute(CallTestCaseKeyword.groovy:44)
	at com.kms.katalon.core.keyword.internal.KeywordExecutor.executeKeywordForPlatform(KeywordExecutor.groovy:73)
	at com.kms.katalon.core.keyword.BuiltinKeywords.callTestCase(BuiltinKeywords.groovy:334)
	at Transaction.run(Transaction:35)
	at com.kms.katalon.core.main.ScriptEngine.run(ScriptEngine.java:194)
	at com.kms.katalon.core.main.ScriptEngine.runScriptAsRawText(ScriptEngine.java:119)
	at com.kms.katalon.core.main.TestCaseExecutor.runScript(TestCaseExecutor.java:398)
	at com.kms.katalon.core.main.TestCaseExecutor.doExecute(TestCaseExecutor.java:389)
	at com.kms.katalon.core.main.TestCaseExecutor.processExecutionPhase(TestCaseExecutor.java:368)
	at com.kms.katalon.core.main.TestCaseExecutor.accessMainPhase(TestCaseExecutor.java:360)
	at com.kms.katalon.core.main.TestCaseExecutor.execute(TestCaseExecutor.java:255)
	at com.kms.katalon.core.main.TestCaseMain.runTestCase(TestCaseMain.java:114)
	at com.kms.katalon.core.keyword.builtin.CallTestCaseKeyword$_callTestCase_closure1.doCall(CallTestCaseKeyword.groovy:59)
	... 20 more
Caused by: com.kms.katalon.core.exception.StepFailedException: Object Object Repository/Mobile/Page/Transaction/Object for Add to Cart/Button - Buy Top Item not found
	at com.kms.katalon.core.keyword.internal.KeywordMain.stepFailed(KeywordMain.groovy:50)
	at com.kms.katalon.core.mobile.keyword.internal.MobileKeywordMain.stepFailed(MobileKeywordMain.groovy:40)
	at com.kms.katalon.core.mobile.keyword.builtin.TapKeyword$_tap_closure1.doCall(TapKeyword.groovy:79)
	at com.kms.katalon.core.mobile.keyword.builtin.TapKeyword$_tap_closure1.call(TapKeyword.groovy)
	at com.kms.katalon.core.mobile.keyword.internal.MobileKeywordMain.runKeyword(MobileKeywordMain.groovy:21)
	at com.kms.katalon.core.mobile.keyword.builtin.TapKeyword.tap(TapKeyword.groovy:86)
	at com.kms.katalon.core.mobile.keyword.builtin.TapKeyword.execute(TapKeyword.groovy:68)
	at com.kms.katalon.core.keyword.internal.KeywordExecutor.executeKeywordForPlatform(KeywordExecutor.groovy:73)
	at com.kms.katalon.core.mobile.keyword.MobileBuiltInKeywords.tap(MobileBuiltInKeywords.groovy:1354)
	at com.kms.katalon.core.mobile.keyword.MobileBuiltInKeywords$tap$1.call(Unknown Source)
	at Add Product to Cart.run(Add Product to Cart:23)
	at com.kms.katalon.core.main.ScriptEngine.run(ScriptEngine.java:194)
	at com.kms.katalon.core.main.ScriptEngine.runScriptAsRawText(ScriptEngine.java:119)
	at com.kms.katalon.core.main.TestCaseExecutor.runScript(TestCaseExecutor.java:398)
	at com.kms.katalon.core.main.TestCaseExecutor.doExecute(TestCaseExecutor.java:389)
	at com.kms.katalon.core.main.TestCaseExecutor.processExecutionPhase(TestCaseExecutor.java:368)
	at com.kms.katalon.core.main.TestCaseExecutor.accessMainPhase(TestCaseExecutor.java:360)
	at com.kms.katalon.core.main.TestCaseExecutor.execute(TestCaseExecutor.java:255)
	at com.kms.katalon.core.main.TestCaseMain.runTestCase(TestCaseMain.java:114)
	at com.kms.katalon.core.keyword.builtin.CallTestCaseKeyword$_callTestCase_closure1.doCall(CallTestCaseKeyword.groovy:59)
	... 36 more
"/>
         <system-out><![CDATA[2021-11-15 08:15:13 - [TEST_CASE][FAILED] - Test Cases/Mobile/Scenario/Transaction/011 - Melihat keranjang: Test Cases/Mobile/Scenario/Transaction/011 - Melihat keranjang FAILED.
Reason:
com.kms.katalon.core.exception.StepFailedException: Unable to call Test Case 'Test Cases/Mobile/Page/Transaction/Transaction' (Root cause: com.kms.katalon.core.exception.StepFailedException: Call Test Case 'Test Cases/Mobile/Page/Transaction/Transaction' failed
	at com.kms.katalon.core.keyword.builtin.CallTestCaseKeyword$_callTestCase_closure1.doCall(CallTestCaseKeyword.groovy:63)
	at com.kms.katalon.core.keyword.builtin.CallTestCaseKeyword$_callTestCase_closure1.call(CallTestCaseKeyword.groovy)
	at com.kms.katalon.core.keyword.internal.KeywordMain.runKeyword(KeywordMain.groovy:68)
	at com.kms.katalon.core.keyword.builtin.CallTestCaseKeyword.callTestCase(CallTestCaseKeyword.groovy:81)
	at com.kms.katalon.core.keyword.builtin.CallTestCaseKeyword.execute(CallTestCaseKeyword.groovy:44)
	at com.kms.katalon.core.keyword.internal.KeywordExecutor.executeKeywordForPlatform(KeywordExecutor.groovy:73)
	at com.kms.katalon.core.keyword.BuiltinKeywords.callTestCase(BuiltinKeywords.groovy:334)
	at 011 - Melihat keranjang.run(011 - Melihat keranjang:22)
	at com.kms.katalon.core.main.ScriptEngine.run(ScriptEngine.java:194)
	at com.kms.katalon.core.main.ScriptEngine.runScriptAsRawText(ScriptEngine.java:119)
	at com.kms.katalon.core.main.TestCaseExecutor.runScript(TestCaseExecutor.java:398)
	at com.kms.katalon.core.main.TestCaseExecutor.doExecute(TestCaseExecutor.java:389)
	at com.kms.katalon.core.main.TestCaseExecutor.processExecutionPhase(TestCaseExecutor.java:368)
	at com.kms.katalon.core.main.TestCaseExecutor.accessMainPhase(TestCaseExecutor.java:360)
	at com.kms.katalon.core.main.TestCaseExecutor.execute(TestCaseExecutor.java:255)
	at com.kms.katalon.core.main.TestSuiteExecutor.accessTestCaseMainPhase(TestSuiteExecutor.java:203)
	at com.kms.katalon.core.main.TestSuiteExecutor.accessTestSuiteMainPhase(TestSuiteExecutor.java:152)
	at com.kms.katalon.core.main.TestSuiteExecutor.execute(TestSuiteExecutor.java:95)
	at com.kms.katalon.core.main.TestCaseMain.startTestSuite(TestCaseMain.java:157)
	at com.kms.katalon.core.main.TestCaseMain$startTestSuite$0.call(Unknown Source)
	at TempTestSuite1636938259952.run(TempTestSuite1636938259952.groovy:39)
Caused by: com.kms.katalon.core.exception.StepFailedException: Call Test Case 'Test Cases/Mobile/Scenario/Transaction/Add Product to Cart' failed
	at com.kms.katalon.core.keyword.builtin.CallTestCaseKeyword$_callTestCase_closure1.doCall(CallTestCaseKeyword.groovy:63)
	at com.kms.katalon.core.keyword.builtin.CallTestCaseKeyword$_callTestCase_closure1.call(CallTestCaseKeyword.groovy)
	at com.kms.katalon.core.keyword.internal.KeywordMain.runKeyword(KeywordMain.groovy:68)
	at com.kms.katalon.core.keyword.builtin.CallTestCaseKeyword.callTestCase(CallTestCaseKeyword.groovy:81)
	at com.kms.katalon.core.keyword.builtin.CallTestCaseKeyword.execute(CallTestCaseKeyword.groovy:44)
	at com.kms.katalon.core.keyword.internal.KeywordExecutor.executeKeywordForPlatform(KeywordExecutor.groovy:73)
	at com.kms.katalon.core.keyword.BuiltinKeywords.callTestCase(BuiltinKeywords.groovy:334)
	at Transaction.run(Transaction:35)
	at com.kms.katalon.core.main.ScriptEngine.run(ScriptEngine.java:194)
	at com.kms.katalon.core.main.ScriptEngine.runScriptAsRawText(ScriptEngine.java:119)
	at com.kms.katalon.core.main.TestCaseExecutor.runScript(TestCaseExecutor.java:398)
	at com.kms.katalon.core.main.TestCaseExecutor.doExecute(TestCaseExecutor.java:389)
	at com.kms.katalon.core.main.TestCaseExecutor.processExecutionPhase(TestCaseExecutor.java:368)
	at com.kms.katalon.core.main.TestCaseExecutor.accessMainPhase(TestCaseExecutor.java:360)
	at com.kms.katalon.core.main.TestCaseExecutor.execute(TestCaseExecutor.java:255)
	at com.kms.katalon.core.main.TestCaseMain.runTestCase(TestCaseMain.java:114)
	at com.kms.katalon.core.keyword.builtin.CallTestCaseKeyword$_callTestCase_closure1.doCall(CallTestCaseKeyword.groovy:59)
	... 20 more
Caused by: com.kms.katalon.core.exception.StepFailedException: Object Object Repository/Mobile/Page/Transaction/Object for Add to Cart/Button - Buy Top Item not found
	at com.kms.katalon.core.keyword.internal.KeywordMain.stepFailed(KeywordMain.groovy:50)
	at com.kms.katalon.core.mobile.keyword.internal.MobileKeywordMain.stepFailed(MobileKeywordMain.groovy:40)
	at com.kms.katalon.core.mobile.keyword.builtin.TapKeyword$_tap_closure1.doCall(TapKeyword.groovy:79)
	at com.kms.katalon.core.mobile.keyword.builtin.TapKeyword$_tap_closure1.call(TapKeyword.groovy)
	at com.kms.katalon.core.mobile.keyword.internal.MobileKeywordMain.runKeyword(MobileKeywordMain.groovy:21)
	at com.kms.katalon.core.mobile.keyword.builtin.TapKeyword.tap(TapKeyword.groovy:86)
	at com.kms.katalon.core.mobile.keyword.builtin.TapKeyword.execute(TapKeyword.groovy:68)
	at com.kms.katalon.core.keyword.internal.KeywordExecutor.executeKeywordForPlatform(KeywordExecutor.groovy:73)
	at com.kms.katalon.core.mobile.keyword.MobileBuiltInKeywords.tap(MobileBuiltInKeywords.groovy:1354)
	at com.kms.katalon.core.mobile.keyword.MobileBuiltInKeywords$tap$1.call(Unknown Source)
	at Add Product to Cart.run(Add Product to Cart:23)
	at com.kms.katalon.core.main.ScriptEngine.run(ScriptEngine.java:194)
	at com.kms.katalon.core.main.ScriptEngine.runScriptAsRawText(ScriptEngine.java:119)
	at com.kms.katalon.core.main.TestCaseExecutor.runScript(TestCaseExecutor.java:398)
	at com.kms.katalon.core.main.TestCaseExecutor.doExecute(TestCaseExecutor.java:389)
	at com.kms.katalon.core.main.TestCaseExecutor.processExecutionPhase(TestCaseExecutor.java:368)
	at com.kms.katalon.core.main.TestCaseExecutor.accessMainPhase(TestCaseExecutor.java:360)
	at com.kms.katalon.core.main.TestCaseExecutor.execute(TestCaseExecutor.java:255)
	at com.kms.katalon.core.main.TestCaseMain.runTestCase(TestCaseMain.java:114)
	at com.kms.katalon.core.keyword.builtin.CallTestCaseKeyword$_callTestCase_closure1.doCall(CallTestCaseKeyword.groovy:59)
	... 36 more
)
	at com.kms.katalon.core.keyword.internal.KeywordMain.stepFailed(KeywordMain.groovy:39)
	at com.kms.katalon.core.keyword.internal.KeywordMain.stepFailed(KeywordMain.groovy)
	at com.kms.katalon.core.keyword.internal.KeywordMain.runKeyword(KeywordMain.groovy:70)
	at com.kms.katalon.core.keyword.builtin.CallTestCaseKeyword.callTestCase(CallTestCaseKeyword.groovy:81)
	at com.kms.katalon.core.keyword.builtin.CallTestCaseKeyword.execute(CallTestCaseKeyword.groovy:44)
	at com.kms.katalon.core.keyword.internal.KeywordExecutor.executeKeywordForPlatform(KeywordExecutor.groovy:73)
	at com.kms.katalon.core.keyword.BuiltinKeywords.callTestCase(BuiltinKeywords.groovy:334)
	at 011 - Melihat keranjang.run(011 - Melihat keranjang:22)
	at com.kms.katalon.core.main.ScriptEngine.run(ScriptEngine.java:194)
	at com.kms.katalon.core.main.ScriptEngine.runScriptAsRawText(ScriptEngine.java:119)
	at com.kms.katalon.core.main.TestCaseExecutor.runScript(TestCaseExecutor.java:398)
	at com.kms.katalon.core.main.TestCaseExecutor.doExecute(TestCaseExecutor.java:389)
	at com.kms.katalon.core.main.TestCaseExecutor.processExecutionPhase(TestCaseExecutor.java:368)
	at com.kms.katalon.core.main.TestCaseExecutor.accessMainPhase(TestCaseExecutor.java:360)
	at com.kms.katalon.core.main.TestCaseExecutor.execute(TestCaseExecutor.java:255)
	at com.kms.katalon.core.main.TestSuiteExecutor.accessTestCaseMainPhase(TestSuiteExecutor.java:203)
	at com.kms.katalon.core.main.TestSuiteExecutor.accessTestSuiteMainPhase(TestSuiteExecutor.java:152)
	at com.kms.katalon.core.main.TestSuiteExecutor.execute(TestSuiteExecutor.java:95)
	at com.kms.katalon.core.main.TestCaseMain.startTestSuite(TestCaseMain.java:157)
	at com.kms.katalon.core.main.TestCaseMain$startTestSuite$0.call(Unknown Source)
	at TempTestSuite1636938259952.run(TempTestSuite1636938259952.groovy:39)
Caused by: com.kms.katalon.core.exception.StepFailedException: Call Test Case 'Test Cases/Mobile/Page/Transaction/Transaction' failed
	at com.kms.katalon.core.keyword.builtin.CallTestCaseKeyword$_callTestCase_closure1.doCall(CallTestCaseKeyword.groovy:63)
	at com.kms.katalon.core.keyword.builtin.CallTestCaseKeyword$_callTestCase_closure1.call(CallTestCaseKeyword.groovy)
	at com.kms.katalon.core.keyword.internal.KeywordMain.runKeyword(KeywordMain.groovy:68)
	... 18 more
Caused by: com.kms.katalon.core.exception.StepFailedException: Call Test Case 'Test Cases/Mobile/Scenario/Transaction/Add Product to Cart' failed
	at com.kms.katalon.core.keyword.builtin.CallTestCaseKeyword$_callTestCase_closure1.doCall(CallTestCaseKeyword.groovy:63)
	at com.kms.katalon.core.keyword.builtin.CallTestCaseKeyword$_callTestCase_closure1.call(CallTestCaseKeyword.groovy)
	at com.kms.katalon.core.keyword.internal.KeywordMain.runKeyword(KeywordMain.groovy:68)
	at com.kms.katalon.core.keyword.builtin.CallTestCaseKeyword.callTestCase(CallTestCaseKeyword.groovy:81)
	at com.kms.katalon.core.keyword.builtin.CallTestCaseKeyword.execute(CallTestCaseKeyword.groovy:44)
	at com.kms.katalon.core.keyword.internal.KeywordExecutor.executeKeywordForPlatform(KeywordExecutor.groovy:73)
	at com.kms.katalon.core.keyword.BuiltinKeywords.callTestCase(BuiltinKeywords.groovy:334)
	at Transaction.run(Transaction:35)
	at com.kms.katalon.core.main.ScriptEngine.run(ScriptEngine.java:194)
	at com.kms.katalon.core.main.ScriptEngine.runScriptAsRawText(ScriptEngine.java:119)
	at com.kms.katalon.core.main.TestCaseExecutor.runScript(TestCaseExecutor.java:398)
	at com.kms.katalon.core.main.TestCaseExecutor.doExecute(TestCaseExecutor.java:389)
	at com.kms.katalon.core.main.TestCaseExecutor.processExecutionPhase(TestCaseExecutor.java:368)
	at com.kms.katalon.core.main.TestCaseExecutor.accessMainPhase(TestCaseExecutor.java:360)
	at com.kms.katalon.core.main.TestCaseExecutor.execute(TestCaseExecutor.java:255)
	at com.kms.katalon.core.main.TestCaseMain.runTestCase(TestCaseMain.java:114)
	at com.kms.katalon.core.keyword.builtin.CallTestCaseKeyword$_callTestCase_closure1.doCall(CallTestCaseKeyword.groovy:59)
	... 20 more
Caused by: com.kms.katalon.core.exception.StepFailedException: Object Object Repository/Mobile/Page/Transaction/Object for Add to Cart/Button - Buy Top Item not found
	at com.kms.katalon.core.keyword.internal.KeywordMain.stepFailed(KeywordMain.groovy:50)
	at com.kms.katalon.core.mobile.keyword.internal.MobileKeywordMain.stepFailed(MobileKeywordMain.groovy:40)
	at com.kms.katalon.core.mobile.keyword.builtin.TapKeyword$_tap_closure1.doCall(TapKeyword.groovy:79)
	at com.kms.katalon.core.mobile.keyword.builtin.TapKeyword$_tap_closure1.call(TapKeyword.groovy)
	at com.kms.katalon.core.mobile.keyword.internal.MobileKeywordMain.runKeyword(MobileKeywordMain.groovy:21)
	at com.kms.katalon.core.mobile.keyword.builtin.TapKeyword.tap(TapKeyword.groovy:86)
	at com.kms.katalon.core.mobile.keyword.builtin.TapKeyword.execute(TapKeyword.groovy:68)
	at com.kms.katalon.core.keyword.internal.KeywordExecutor.executeKeywordForPlatform(KeywordExecutor.groovy:73)
	at com.kms.katalon.core.mobile.keyword.MobileBuiltInKeywords.tap(MobileBuiltInKeywords.groovy:1354)
	at com.kms.katalon.core.mobile.keyword.MobileBuiltInKeywords$tap$1.call(Unknown Source)
	at Add Product to Cart.run(Add Product to Cart:23)
	at com.kms.katalon.core.main.ScriptEngine.run(ScriptEngine.java:194)
	at com.kms.katalon.core.main.ScriptEngine.runScriptAsRawText(ScriptEngine.java:119)
	at com.kms.katalon.core.main.TestCaseExecutor.runScript(TestCaseExecutor.java:398)
	at com.kms.katalon.core.main.TestCaseExecutor.doExecute(TestCaseExecutor.java:389)
	at com.kms.katalon.core.main.TestCaseExecutor.processExecutionPhase(TestCaseExecutor.java:368)
	at com.kms.katalon.core.main.TestCaseExecutor.accessMainPhase(TestCaseExecutor.java:360)
	at com.kms.katalon.core.main.TestCaseExecutor.execute(TestCaseExecutor.java:255)
	at com.kms.katalon.core.main.TestCaseMain.runTestCase(TestCaseMain.java:114)
	at com.kms.katalon.core.keyword.builtin.CallTestCaseKeyword$_callTestCase_closure1.doCall(CallTestCaseKeyword.groovy:59)
	... 36 more


2021-11-15 08:15:13 - [TEST_STEP][PASSED] - callTestCase(findTestCase("Mobile/Page/Run App/Run App byID"), [:], STOP_ON_FAILURE): Call Test Case 'Test Cases/Mobile/Page/Run App/Run App byID' successfully

2021-11-15 08:15:13 - [TEST_CASE][PASSED] - Test Cases/Mobile/Page/Run App/Run App byID: Test Cases/Mobile/Page/Run App/Run App byID

2021-11-15 08:15:13 - [TEST_STEP][PASSED] - startApp.OpenApp.startApplication("com.mirae.maxfund"): startApp.OpenApp.startApplication is PASSED

2021-11-15 08:15:25 - [MESSAGE][PASSED] - Starting app with application ID: 'com.mirae.maxfund'

2021-11-15 08:15:25 - [MESSAGE][PASSED] - startApp.OpenApp.startApplication is PASSED

2021-11-15 08:15:25 - [MESSAGE][PASSED] - Call Test Case 'Test Cases/Mobile/Page/Run App/Run App byID' successfully

2021-11-15 08:15:25 - [TEST_STEP][FAILED] - callTestCase(findTestCase("Mobile/Page/Transaction/Transaction"), ["page":"cart", "tab":"none", "action":"none"], CONTINUE_ON_FAILURE): Unable to call Test Case 'Test Cases/Mobile/Page/Transaction/Transaction' (Root cause: com.kms.katalon.core.exception.StepFailedException: Call Test Case 'Test Cases/Mobile/Page/Transaction/Transaction' failed
	at com.kms.katalon.core.keyword.builtin.CallTestCaseKeyword$_callTestCase_closure1.doCall(CallTestCaseKeyword.groovy:63)
	at com.kms.katalon.core.keyword.builtin.CallTestCaseKeyword$_callTestCase_closure1.call(CallTestCaseKeyword.groovy)
	at com.kms.katalon.core.keyword.internal.KeywordMain.runKeyword(KeywordMain.groovy:68)
	at com.kms.katalon.core.keyword.builtin.CallTestCaseKeyword.callTestCase(CallTestCaseKeyword.groovy:81)
	at com.kms.katalon.core.keyword.builtin.CallTestCaseKeyword.execute(CallTestCaseKeyword.groovy:44)
	at com.kms.katalon.core.keyword.internal.KeywordExecutor.executeKeywordForPlatform(KeywordExecutor.groovy:73)
	at com.kms.katalon.core.keyword.BuiltinKeywords.callTestCase(BuiltinKeywords.groovy:334)
	at 011 - Melihat keranjang.run(011 - Melihat keranjang:22)
	at com.kms.katalon.core.main.ScriptEngine.run(ScriptEngine.java:194)
	at com.kms.katalon.core.main.ScriptEngine.runScriptAsRawText(ScriptEngine.java:119)
	at com.kms.katalon.core.main.TestCaseExecutor.runScript(TestCaseExecutor.java:398)
	at com.kms.katalon.core.main.TestCaseExecutor.doExecute(TestCaseExecutor.java:389)
	at com.kms.katalon.core.main.TestCaseExecutor.processExecutionPhase(TestCaseExecutor.java:368)
	at com.kms.katalon.core.main.TestCaseExecutor.accessMainPhase(TestCaseExecutor.java:360)
	at com.kms.katalon.core.main.TestCaseExecutor.execute(TestCaseExecutor.java:255)
	at com.kms.katalon.core.main.TestSuiteExecutor.accessTestCaseMainPhase(TestSuiteExecutor.java:203)
	at com.kms.katalon.core.main.TestSuiteExecutor.accessTestSuiteMainPhase(TestSuiteExecutor.java:152)
	at com.kms.katalon.core.main.TestSuiteExecutor.execute(TestSuiteExecutor.java:95)
	at com.kms.katalon.core.main.TestCaseMain.startTestSuite(TestCaseMain.java:157)
	at com.kms.katalon.core.main.TestCaseMain$startTestSuite$0.call(Unknown Source)
	at TempTestSuite1636938259952.run(TempTestSuite1636938259952.groovy:39)
Caused by: com.kms.katalon.core.exception.StepFailedException: Call Test Case 'Test Cases/Mobile/Scenario/Transaction/Add Product to Cart' failed
	at com.kms.katalon.core.keyword.builtin.CallTestCaseKeyword$_callTestCase_closure1.doCall(CallTestCaseKeyword.groovy:63)
	at com.kms.katalon.core.keyword.builtin.CallTestCaseKeyword$_callTestCase_closure1.call(CallTestCaseKeyword.groovy)
	at com.kms.katalon.core.keyword.internal.KeywordMain.runKeyword(KeywordMain.groovy:68)
	at com.kms.katalon.core.keyword.builtin.CallTestCaseKeyword.callTestCase(CallTestCaseKeyword.groovy:81)
	at com.kms.katalon.core.keyword.builtin.CallTestCaseKeyword.execute(CallTestCaseKeyword.groovy:44)
	at com.kms.katalon.core.keyword.internal.KeywordExecutor.executeKeywordForPlatform(KeywordExecutor.groovy:73)
	at com.kms.katalon.core.keyword.BuiltinKeywords.callTestCase(BuiltinKeywords.groovy:334)
	at Transaction.run(Transaction:35)
	at com.kms.katalon.core.main.ScriptEngine.run(ScriptEngine.java:194)
	at com.kms.katalon.core.main.ScriptEngine.runScriptAsRawText(ScriptEngine.java:119)
	at com.kms.katalon.core.main.TestCaseExecutor.runScript(TestCaseExecutor.java:398)
	at com.kms.katalon.core.main.TestCaseExecutor.doExecute(TestCaseExecutor.java:389)
	at com.kms.katalon.core.main.TestCaseExecutor.processExecutionPhase(TestCaseExecutor.java:368)
	at com.kms.katalon.core.main.TestCaseExecutor.accessMainPhase(TestCaseExecutor.java:360)
	at com.kms.katalon.core.main.TestCaseExecutor.execute(TestCaseExecutor.java:255)
	at com.kms.katalon.core.main.TestCaseMain.runTestCase(TestCaseMain.java:114)
	at com.kms.katalon.core.keyword.builtin.CallTestCaseKeyword$_callTestCase_closure1.doCall(CallTestCaseKeyword.groovy:59)
	... 20 more
Caused by: com.kms.katalon.core.exception.StepFailedException: Object Object Repository/Mobile/Page/Transaction/Object for Add to Cart/Button - Buy Top Item not found
	at com.kms.katalon.core.keyword.internal.KeywordMain.stepFailed(KeywordMain.groovy:50)
	at com.kms.katalon.core.mobile.keyword.internal.MobileKeywordMain.stepFailed(MobileKeywordMain.groovy:40)
	at com.kms.katalon.core.mobile.keyword.builtin.TapKeyword$_tap_closure1.doCall(TapKeyword.groovy:79)
	at com.kms.katalon.core.mobile.keyword.builtin.TapKeyword$_tap_closure1.call(TapKeyword.groovy)
	at com.kms.katalon.core.mobile.keyword.internal.MobileKeywordMain.runKeyword(MobileKeywordMain.groovy:21)
	at com.kms.katalon.core.mobile.keyword.builtin.TapKeyword.tap(TapKeyword.groovy:86)
	at com.kms.katalon.core.mobile.keyword.builtin.TapKeyword.execute(TapKeyword.groovy:68)
	at com.kms.katalon.core.keyword.internal.KeywordExecutor.executeKeywordForPlatform(KeywordExecutor.groovy:73)
	at com.kms.katalon.core.mobile.keyword.MobileBuiltInKeywords.tap(MobileBuiltInKeywords.groovy:1354)
	at com.kms.katalon.core.mobile.keyword.MobileBuiltInKeywords$tap$1.call(Unknown Source)
	at Add Product to Cart.run(Add Product to Cart:23)
	at com.kms.katalon.core.main.ScriptEngine.run(ScriptEngine.java:194)
	at com.kms.katalon.core.main.ScriptEngine.runScriptAsRawText(ScriptEngine.java:119)
	at com.kms.katalon.core.main.TestCaseExecutor.runScript(TestCaseExecutor.java:398)
	at com.kms.katalon.core.main.TestCaseExecutor.doExecute(TestCaseExecutor.java:389)
	at com.kms.katalon.core.main.TestCaseExecutor.processExecutionPhase(TestCaseExecutor.java:368)
	at com.kms.katalon.core.main.TestCaseExecutor.accessMainPhase(TestCaseExecutor.java:360)
	at com.kms.katalon.core.main.TestCaseExecutor.execute(TestCaseExecutor.java:255)
	at com.kms.katalon.core.main.TestCaseMain.runTestCase(TestCaseMain.java:114)
	at com.kms.katalon.core.keyword.builtin.CallTestCaseKeyword$_callTestCase_closure1.doCall(CallTestCaseKeyword.groovy:59)
	... 36 more
)

2021-11-15 08:15:25 - [TEST_CASE][FAILED] - Test Cases/Mobile/Page/Transaction/Transaction: Test Cases/Mobile/Page/Transaction/Transaction FAILED.
Reason:
com.kms.katalon.core.exception.StepFailedException: Call Test Case 'Test Cases/Mobile/Scenario/Transaction/Add Product to Cart' failed
	at com.kms.katalon.core.keyword.builtin.CallTestCaseKeyword$_callTestCase_closure1.doCall(CallTestCaseKeyword.groovy:63)
	at com.kms.katalon.core.keyword.builtin.CallTestCaseKeyword$_callTestCase_closure1.call(CallTestCaseKeyword.groovy)
	at com.kms.katalon.core.keyword.internal.KeywordMain.runKeyword(KeywordMain.groovy:68)
	at com.kms.katalon.core.keyword.builtin.CallTestCaseKeyword.callTestCase(CallTestCaseKeyword.groovy:81)
	at com.kms.katalon.core.keyword.builtin.CallTestCaseKeyword.execute(CallTestCaseKeyword.groovy:44)
	at com.kms.katalon.core.keyword.internal.KeywordExecutor.executeKeywordForPlatform(KeywordExecutor.groovy:73)
	at com.kms.katalon.core.keyword.BuiltinKeywords.callTestCase(BuiltinKeywords.groovy:334)
	at Transaction.run(Transaction:35)
	at com.kms.katalon.core.main.ScriptEngine.run(ScriptEngine.java:194)
	at com.kms.katalon.core.main.ScriptEngine.runScriptAsRawText(ScriptEngine.java:119)
	at com.kms.katalon.core.main.TestCaseExecutor.runScript(TestCaseExecutor.java:398)
	at com.kms.katalon.core.main.TestCaseExecutor.doExecute(TestCaseExecutor.java:389)
	at com.kms.katalon.core.main.TestCaseExecutor.processExecutionPhase(TestCaseExecutor.java:368)
	at com.kms.katalon.core.main.TestCaseExecutor.accessMainPhase(TestCaseExecutor.java:360)
	at com.kms.katalon.core.main.TestCaseExecutor.execute(TestCaseExecutor.java:255)
	at com.kms.katalon.core.main.TestCaseMain.runTestCase(TestCaseMain.java:114)
	at com.kms.katalon.core.keyword.builtin.CallTestCaseKeyword$_callTestCase_closure1.doCall(CallTestCaseKeyword.groovy:59)
	at com.kms.katalon.core.keyword.builtin.CallTestCaseKeyword$_callTestCase_closure1.call(CallTestCaseKeyword.groovy)
	at com.kms.katalon.core.keyword.internal.KeywordMain.runKeyword(KeywordMain.groovy:68)
	at com.kms.katalon.core.keyword.builtin.CallTestCaseKeyword.callTestCase(CallTestCaseKeyword.groovy:81)
	at com.kms.katalon.core.keyword.builtin.CallTestCaseKeyword.execute(CallTestCaseKeyword.groovy:44)
	at com.kms.katalon.core.keyword.internal.KeywordExecutor.executeKeywordForPlatform(KeywordExecutor.groovy:73)
	at com.kms.katalon.core.keyword.BuiltinKeywords.callTestCase(BuiltinKeywords.groovy:334)
	at 011 - Melihat keranjang.run(011 - Melihat keranjang:22)
	at com.kms.katalon.core.main.ScriptEngine.run(ScriptEngine.java:194)
	at com.kms.katalon.core.main.ScriptEngine.runScriptAsRawText(ScriptEngine.java:119)
	at com.kms.katalon.core.main.TestCaseExecutor.runScript(TestCaseExecutor.java:398)
	at com.kms.katalon.core.main.TestCaseExecutor.doExecute(TestCaseExecutor.java:389)
	at com.kms.katalon.core.main.TestCaseExecutor.processExecutionPhase(TestCaseExecutor.java:368)
	at com.kms.katalon.core.main.TestCaseExecutor.accessMainPhase(TestCaseExecutor.java:360)
	at com.kms.katalon.core.main.TestCaseExecutor.execute(TestCaseExecutor.java:255)
	at com.kms.katalon.core.main.TestSuiteExecutor.accessTestCaseMainPhase(TestSuiteExecutor.java:203)
	at com.kms.katalon.core.main.TestSuiteExecutor.accessTestSuiteMainPhase(TestSuiteExecutor.java:152)
	at com.kms.katalon.core.main.TestSuiteExecutor.execute(TestSuiteExecutor.java:95)
	at com.kms.katalon.core.main.TestCaseMain.startTestSuite(TestCaseMain.java:157)
	at com.kms.katalon.core.main.TestCaseMain$startTestSuite$0.call(Unknown Source)
	at TempTestSuite1636938259952.run(TempTestSuite1636938259952.groovy:39)
Caused by: com.kms.katalon.core.exception.StepFailedException: Object Object Repository/Mobile/Page/Transaction/Object for Add to Cart/Button - Buy Top Item not found
	at com.kms.katalon.core.keyword.internal.KeywordMain.stepFailed(KeywordMain.groovy:50)
	at com.kms.katalon.core.mobile.keyword.internal.MobileKeywordMain.stepFailed(MobileKeywordMain.groovy:40)
	at com.kms.katalon.core.mobile.keyword.builtin.TapKeyword$_tap_closure1.doCall(TapKeyword.groovy:79)
	at com.kms.katalon.core.mobile.keyword.builtin.TapKeyword$_tap_closure1.call(TapKeyword.groovy)
	at com.kms.katalon.core.mobile.keyword.internal.MobileKeywordMain.runKeyword(MobileKeywordMain.groovy:21)
	at com.kms.katalon.core.mobile.keyword.builtin.TapKeyword.tap(TapKeyword.groovy:86)
	at com.kms.katalon.core.mobile.keyword.builtin.TapKeyword.execute(TapKeyword.groovy:68)
	at com.kms.katalon.core.keyword.internal.KeywordExecutor.executeKeywordForPlatform(KeywordExecutor.groovy:73)
	at com.kms.katalon.core.mobile.keyword.MobileBuiltInKeywords.tap(MobileBuiltInKeywords.groovy:1354)
	at com.kms.katalon.core.mobile.keyword.MobileBuiltInKeywords$tap$1.call(Unknown Source)
	at Add Product to Cart.run(Add Product to Cart:23)
	at com.kms.katalon.core.main.ScriptEngine.run(ScriptEngine.java:194)
	at com.kms.katalon.core.main.ScriptEngine.runScriptAsRawText(ScriptEngine.java:119)
	at com.kms.katalon.core.main.TestCaseExecutor.runScript(TestCaseExecutor.java:398)
	at com.kms.katalon.core.main.TestCaseExecutor.doExecute(TestCaseExecutor.java:389)
	at com.kms.katalon.core.main.TestCaseExecutor.processExecutionPhase(TestCaseExecutor.java:368)
	at com.kms.katalon.core.main.TestCaseExecutor.accessMainPhase(TestCaseExecutor.java:360)
	at com.kms.katalon.core.main.TestCaseExecutor.execute(TestCaseExecutor.java:255)
	at com.kms.katalon.core.main.TestCaseMain.runTestCase(TestCaseMain.java:114)
	at com.kms.katalon.core.keyword.builtin.CallTestCaseKeyword$_callTestCase_closure1.doCall(CallTestCaseKeyword.groovy:59)
	... 36 more


2021-11-15 08:15:25 - [TEST_STEP][PASSED] - delay(5): Delayed 5 second(s)

2021-11-15 08:15:30 - [MESSAGE][PASSED] - Delayed 5 second(s)

2021-11-15 08:15:30 - [TEST_STEP][PASSED] - loginCheck = verifyElementExist(findTestObject("Object Repository/Mobile/Page/Dashboard/Button - Login"), 2, CONTINUE_ON_FAILURE): Element 'Object Repository/Mobile/Page/Dashboard/Button - Login' is exist

2021-11-15 08:15:31 - [MESSAGE][PASSED] - Element 'Object Repository/Mobile/Page/Dashboard/Button - Login' is exist

2021-11-15 08:15:31 - [TEST_STEP][PASSED] - if (loginCheck): Delayed 3 second(s)

2021-11-15 08:15:31 - [TEST_STEP][PASSED] - tap(findTestObject("Object Repository/Mobile/Page/Dashboard/Button - Login"), 0): Tapped on element 'Object Repository/Mobile/Page/Dashboard/Button - Login'

2021-11-15 08:15:31 - [MESSAGE][WARNING] - Timeout '0' is invalid. Using default page load timeout: '60'

2021-11-15 08:15:32 - [MESSAGE][PASSED] - Tapped on element 'Object Repository/Mobile/Page/Dashboard/Button - Login'

2021-11-15 08:15:32 - [TEST_STEP][PASSED] - tap(findTestObject("Object Repository/Mobile/Page/Login/Input - UserID or Email"), 0): Tapped on element 'Object Repository/Mobile/Page/Login/Input - UserID or Email'

2021-11-15 08:15:32 - [MESSAGE][WARNING] - Timeout '0' is invalid. Using default page load timeout: '60'

2021-11-15 08:15:33 - [MESSAGE][PASSED] - Tapped on element 'Object Repository/Mobile/Page/Login/Input - UserID or Email'

2021-11-15 08:15:33 - [TEST_STEP][PASSED] - setText(findTestObject("Object Repository/Mobile/Page/Login/Input - UserID or Email"), "ady.pangerang@gmail.com", 0): Text 'ady.pangerang@gmail.com' has been set to element 'Object Repository/Mobile/Page/Login/Input - UserID or Email'

2021-11-15 08:15:33 - [MESSAGE][WARNING] - Timeout '0' is invalid. Using default page load timeout: '60'

2021-11-15 08:15:35 - [MESSAGE][PASSED] - Text 'ady.pangerang@gmail.com' has been set to element 'Object Repository/Mobile/Page/Login/Input - UserID or Email'

2021-11-15 08:15:35 - [TEST_STEP][PASSED] - tap(findTestObject("Object Repository/Mobile/Page/Login/Input - Password 2"), 0): Tapped on element 'Object Repository/Mobile/Page/Login/Input - Password 2'

2021-11-15 08:15:35 - [MESSAGE][WARNING] - Timeout '0' is invalid. Using default page load timeout: '60'

2021-11-15 08:15:36 - [MESSAGE][PASSED] - Tapped on element 'Object Repository/Mobile/Page/Login/Input - Password 2'

2021-11-15 08:15:36 - [TEST_STEP][PASSED] - setText(findTestObject("Object Repository/Mobile/Page/Login/Input - Password 2"), "Mirae1234", 0): Text 'Mirae1234' has been set to element 'Object Repository/Mobile/Page/Login/Input - Password 2'

2021-11-15 08:15:36 - [MESSAGE][WARNING] - Timeout '0' is invalid. Using default page load timeout: '60'

2021-11-15 08:15:37 - [MESSAGE][PASSED] - Text 'Mirae1234' has been set to element 'Object Repository/Mobile/Page/Login/Input - Password 2'

2021-11-15 08:15:37 - [TEST_STEP][PASSED] - tap(findTestObject("Object Repository/Mobile/Page/Login/Button - Sign In"), 0): Tapped on element 'Object Repository/Mobile/Page/Login/Button - Sign In'

2021-11-15 08:15:37 - [MESSAGE][WARNING] - Timeout '0' is invalid. Using default page load timeout: '60'

2021-11-15 08:15:38 - [MESSAGE][PASSED] - Tapped on element 'Object Repository/Mobile/Page/Login/Button - Sign In'

2021-11-15 08:15:38 - [TEST_STEP][PASSED] - delay(3): Delayed 3 second(s)

2021-11-15 08:15:41 - [MESSAGE][PASSED] - Delayed 3 second(s)

2021-11-15 08:15:41 - [TEST_STEP][FAILED] - if (page == "cart"): Unable to call Test Case 'Test Cases/Mobile/Scenario/Transaction/Add Product to Cart' (Root cause: com.kms.katalon.core.exception.StepFailedException: Call Test Case 'Test Cases/Mobile/Scenario/Transaction/Add Product to Cart' failed
	at com.kms.katalon.core.keyword.builtin.CallTestCaseKeyword$_callTestCase_closure1.doCall(CallTestCaseKeyword.groovy:63)
	at com.kms.katalon.core.keyword.builtin.CallTestCaseKeyword$_callTestCase_closure1.call(CallTestCaseKeyword.groovy)
	at com.kms.katalon.core.keyword.internal.KeywordMain.runKeyword(KeywordMain.groovy:68)
	at com.kms.katalon.core.keyword.builtin.CallTestCaseKeyword.callTestCase(CallTestCaseKeyword.groovy:81)
	at com.kms.katalon.core.keyword.builtin.CallTestCaseKeyword.execute(CallTestCaseKeyword.groovy:44)
	at com.kms.katalon.core.keyword.internal.KeywordExecutor.executeKeywordForPlatform(KeywordExecutor.groovy:73)
	at com.kms.katalon.core.keyword.BuiltinKeywords.callTestCase(BuiltinKeywords.groovy:334)
	at Transaction.run(Transaction:35)
	at com.kms.katalon.core.main.ScriptEngine.run(ScriptEngine.java:194)
	at com.kms.katalon.core.main.ScriptEngine.runScriptAsRawText(ScriptEngine.java:119)
	at com.kms.katalon.core.main.TestCaseExecutor.runScript(TestCaseExecutor.java:398)
	at com.kms.katalon.core.main.TestCaseExecutor.doExecute(TestCaseExecutor.java:389)
	at com.kms.katalon.core.main.TestCaseExecutor.processExecutionPhase(TestCaseExecutor.java:368)
	at com.kms.katalon.core.main.TestCaseExecutor.accessMainPhase(TestCaseExecutor.java:360)
	at com.kms.katalon.core.main.TestCaseExecutor.execute(TestCaseExecutor.java:255)
	at com.kms.katalon.core.main.TestCaseMain.runTestCase(TestCaseMain.java:114)
	at com.kms.katalon.core.keyword.builtin.CallTestCaseKeyword$_callTestCase_closure1.doCall(CallTestCaseKeyword.groovy:59)
	at com.kms.katalon.core.keyword.builtin.CallTestCaseKeyword$_callTestCase_closure1.call(CallTestCaseKeyword.groovy)
	at com.kms.katalon.core.keyword.internal.KeywordMain.runKeyword(KeywordMain.groovy:68)
	at com.kms.katalon.core.keyword.builtin.CallTestCaseKeyword.callTestCase(CallTestCaseKeyword.groovy:81)
	at com.kms.katalon.core.keyword.builtin.CallTestCaseKeyword.execute(CallTestCaseKeyword.groovy:44)
	at com.kms.katalon.core.keyword.internal.KeywordExecutor.executeKeywordForPlatform(KeywordExecutor.groovy:73)
	at com.kms.katalon.core.keyword.BuiltinKeywords.callTestCase(BuiltinKeywords.groovy:334)
	at 011 - Melihat keranjang.run(011 - Melihat keranjang:22)
	at com.kms.katalon.core.main.ScriptEngine.run(ScriptEngine.java:194)
	at com.kms.katalon.core.main.ScriptEngine.runScriptAsRawText(ScriptEngine.java:119)
	at com.kms.katalon.core.main.TestCaseExecutor.runScript(TestCaseExecutor.java:398)
	at com.kms.katalon.core.main.TestCaseExecutor.doExecute(TestCaseExecutor.java:389)
	at com.kms.katalon.core.main.TestCaseExecutor.processExecutionPhase(TestCaseExecutor.java:368)
	at com.kms.katalon.core.main.TestCaseExecutor.accessMainPhase(TestCaseExecutor.java:360)
	at com.kms.katalon.core.main.TestCaseExecutor.execute(TestCaseExecutor.java:255)
	at com.kms.katalon.core.main.TestSuiteExecutor.accessTestCaseMainPhase(TestSuiteExecutor.java:203)
	at com.kms.katalon.core.main.TestSuiteExecutor.accessTestSuiteMainPhase(TestSuiteExecutor.java:152)
	at com.kms.katalon.core.main.TestSuiteExecutor.execute(TestSuiteExecutor.java:95)
	at com.kms.katalon.core.main.TestCaseMain.startTestSuite(TestCaseMain.java:157)
	at com.kms.katalon.core.main.TestCaseMain$startTestSuite$0.call(Unknown Source)
	at TempTestSuite1636938259952.run(TempTestSuite1636938259952.groovy:39)
Caused by: com.kms.katalon.core.exception.StepFailedException: Object Object Repository/Mobile/Page/Transaction/Object for Add to Cart/Button - Buy Top Item not found
	at com.kms.katalon.core.keyword.internal.KeywordMain.stepFailed(KeywordMain.groovy:50)
	at com.kms.katalon.core.mobile.keyword.internal.MobileKeywordMain.stepFailed(MobileKeywordMain.groovy:40)
	at com.kms.katalon.core.mobile.keyword.builtin.TapKeyword$_tap_closure1.doCall(TapKeyword.groovy:79)
	at com.kms.katalon.core.mobile.keyword.builtin.TapKeyword$_tap_closure1.call(TapKeyword.groovy)
	at com.kms.katalon.core.mobile.keyword.internal.MobileKeywordMain.runKeyword(MobileKeywordMain.groovy:21)
	at com.kms.katalon.core.mobile.keyword.builtin.TapKeyword.tap(TapKeyword.groovy:86)
	at com.kms.katalon.core.mobile.keyword.builtin.TapKeyword.execute(TapKeyword.groovy:68)
	at com.kms.katalon.core.keyword.internal.KeywordExecutor.executeKeywordForPlatform(KeywordExecutor.groovy:73)
	at com.kms.katalon.core.mobile.keyword.MobileBuiltInKeywords.tap(MobileBuiltInKeywords.groovy:1354)
	at com.kms.katalon.core.mobile.keyword.MobileBuiltInKeywords$tap$1.call(Unknown Source)
	at Add Product to Cart.run(Add Product to Cart:23)
	at com.kms.katalon.core.main.ScriptEngine.run(ScriptEngine.java:194)
	at com.kms.katalon.core.main.ScriptEngine.runScriptAsRawText(ScriptEngine.java:119)
	at com.kms.katalon.core.main.TestCaseExecutor.runScript(TestCaseExecutor.java:398)
	at com.kms.katalon.core.main.TestCaseExecutor.doExecute(TestCaseExecutor.java:389)
	at com.kms.katalon.core.main.TestCaseExecutor.processExecutionPhase(TestCaseExecutor.java:368)
	at com.kms.katalon.core.main.TestCaseExecutor.accessMainPhase(TestCaseExecutor.java:360)
	at com.kms.katalon.core.main.TestCaseExecutor.execute(TestCaseExecutor.java:255)
	at com.kms.katalon.core.main.TestCaseMain.runTestCase(TestCaseMain.java:114)
	at com.kms.katalon.core.keyword.builtin.CallTestCaseKeyword$_callTestCase_closure1.doCall(CallTestCaseKeyword.groovy:59)
	... 36 more
)

2021-11-15 08:15:41 - [TEST_STEP][FAILED] - callTestCase(findTestCase("Mobile/Scenario/Transaction/Add Product to Cart"), [:], STOP_ON_FAILURE): Unable to call Test Case 'Test Cases/Mobile/Scenario/Transaction/Add Product to Cart' (Root cause: com.kms.katalon.core.exception.StepFailedException: Call Test Case 'Test Cases/Mobile/Scenario/Transaction/Add Product to Cart' failed
	at com.kms.katalon.core.keyword.builtin.CallTestCaseKeyword$_callTestCase_closure1.doCall(CallTestCaseKeyword.groovy:63)
	at com.kms.katalon.core.keyword.builtin.CallTestCaseKeyword$_callTestCase_closure1.call(CallTestCaseKeyword.groovy)
	at com.kms.katalon.core.keyword.internal.KeywordMain.runKeyword(KeywordMain.groovy:68)
	at com.kms.katalon.core.keyword.builtin.CallTestCaseKeyword.callTestCase(CallTestCaseKeyword.groovy:81)
	at com.kms.katalon.core.keyword.builtin.CallTestCaseKeyword.execute(CallTestCaseKeyword.groovy:44)
	at com.kms.katalon.core.keyword.internal.KeywordExecutor.executeKeywordForPlatform(KeywordExecutor.groovy:73)
	at com.kms.katalon.core.keyword.BuiltinKeywords.callTestCase(BuiltinKeywords.groovy:334)
	at Transaction.run(Transaction:35)
	at com.kms.katalon.core.main.ScriptEngine.run(ScriptEngine.java:194)
	at com.kms.katalon.core.main.ScriptEngine.runScriptAsRawText(ScriptEngine.java:119)
	at com.kms.katalon.core.main.TestCaseExecutor.runScript(TestCaseExecutor.java:398)
	at com.kms.katalon.core.main.TestCaseExecutor.doExecute(TestCaseExecutor.java:389)
	at com.kms.katalon.core.main.TestCaseExecutor.processExecutionPhase(TestCaseExecutor.java:368)
	at com.kms.katalon.core.main.TestCaseExecutor.accessMainPhase(TestCaseExecutor.java:360)
	at com.kms.katalon.core.main.TestCaseExecutor.execute(TestCaseExecutor.java:255)
	at com.kms.katalon.core.main.TestCaseMain.runTestCase(TestCaseMain.java:114)
	at com.kms.katalon.core.keyword.builtin.CallTestCaseKeyword$_callTestCase_closure1.doCall(CallTestCaseKeyword.groovy:59)
	at com.kms.katalon.core.keyword.builtin.CallTestCaseKeyword$_callTestCase_closure1.call(CallTestCaseKeyword.groovy)
	at com.kms.katalon.core.keyword.internal.KeywordMain.runKeyword(KeywordMain.groovy:68)
	at com.kms.katalon.core.keyword.builtin.CallTestCaseKeyword.callTestCase(CallTestCaseKeyword.groovy:81)
	at com.kms.katalon.core.keyword.builtin.CallTestCaseKeyword.execute(CallTestCaseKeyword.groovy:44)
	at com.kms.katalon.core.keyword.internal.KeywordExecutor.executeKeywordForPlatform(KeywordExecutor.groovy:73)
	at com.kms.katalon.core.keyword.BuiltinKeywords.callTestCase(BuiltinKeywords.groovy:334)
	at 011 - Melihat keranjang.run(011 - Melihat keranjang:22)
	at com.kms.katalon.core.main.ScriptEngine.run(ScriptEngine.java:194)
	at com.kms.katalon.core.main.ScriptEngine.runScriptAsRawText(ScriptEngine.java:119)
	at com.kms.katalon.core.main.TestCaseExecutor.runScript(TestCaseExecutor.java:398)
	at com.kms.katalon.core.main.TestCaseExecutor.doExecute(TestCaseExecutor.java:389)
	at com.kms.katalon.core.main.TestCaseExecutor.processExecutionPhase(TestCaseExecutor.java:368)
	at com.kms.katalon.core.main.TestCaseExecutor.accessMainPhase(TestCaseExecutor.java:360)
	at com.kms.katalon.core.main.TestCaseExecutor.execute(TestCaseExecutor.java:255)
	at com.kms.katalon.core.main.TestSuiteExecutor.accessTestCaseMainPhase(TestSuiteExecutor.java:203)
	at com.kms.katalon.core.main.TestSuiteExecutor.accessTestSuiteMainPhase(TestSuiteExecutor.java:152)
	at com.kms.katalon.core.main.TestSuiteExecutor.execute(TestSuiteExecutor.java:95)
	at com.kms.katalon.core.main.TestCaseMain.startTestSuite(TestCaseMain.java:157)
	at com.kms.katalon.core.main.TestCaseMain$startTestSuite$0.call(Unknown Source)
	at TempTestSuite1636938259952.run(TempTestSuite1636938259952.groovy:39)
Caused by: com.kms.katalon.core.exception.StepFailedException: Object Object Repository/Mobile/Page/Transaction/Object for Add to Cart/Button - Buy Top Item not found
	at com.kms.katalon.core.keyword.internal.KeywordMain.stepFailed(KeywordMain.groovy:50)
	at com.kms.katalon.core.mobile.keyword.internal.MobileKeywordMain.stepFailed(MobileKeywordMain.groovy:40)
	at com.kms.katalon.core.mobile.keyword.builtin.TapKeyword$_tap_closure1.doCall(TapKeyword.groovy:79)
	at com.kms.katalon.core.mobile.keyword.builtin.TapKeyword$_tap_closure1.call(TapKeyword.groovy)
	at com.kms.katalon.core.mobile.keyword.internal.MobileKeywordMain.runKeyword(MobileKeywordMain.groovy:21)
	at com.kms.katalon.core.mobile.keyword.builtin.TapKeyword.tap(TapKeyword.groovy:86)
	at com.kms.katalon.core.mobile.keyword.builtin.TapKeyword.execute(TapKeyword.groovy:68)
	at com.kms.katalon.core.keyword.internal.KeywordExecutor.executeKeywordForPlatform(KeywordExecutor.groovy:73)
	at com.kms.katalon.core.mobile.keyword.MobileBuiltInKeywords.tap(MobileBuiltInKeywords.groovy:1354)
	at com.kms.katalon.core.mobile.keyword.MobileBuiltInKeywords$tap$1.call(Unknown Source)
	at Add Product to Cart.run(Add Product to Cart:23)
	at com.kms.katalon.core.main.ScriptEngine.run(ScriptEngine.java:194)
	at com.kms.katalon.core.main.ScriptEngine.runScriptAsRawText(ScriptEngine.java:119)
	at com.kms.katalon.core.main.TestCaseExecutor.runScript(TestCaseExecutor.java:398)
	at com.kms.katalon.core.main.TestCaseExecutor.doExecute(TestCaseExecutor.java:389)
	at com.kms.katalon.core.main.TestCaseExecutor.processExecutionPhase(TestCaseExecutor.java:368)
	at com.kms.katalon.core.main.TestCaseExecutor.accessMainPhase(TestCaseExecutor.java:360)
	at com.kms.katalon.core.main.TestCaseExecutor.execute(TestCaseExecutor.java:255)
	at com.kms.katalon.core.main.TestCaseMain.runTestCase(TestCaseMain.java:114)
	at com.kms.katalon.core.keyword.builtin.CallTestCaseKeyword$_callTestCase_closure1.doCall(CallTestCaseKeyword.groovy:59)
	... 36 more
)

2021-11-15 08:15:41 - [TEST_CASE][FAILED] - Test Cases/Mobile/Scenario/Transaction/Add Product to Cart: Test Cases/Mobile/Scenario/Transaction/Add Product to Cart FAILED.
Reason:
com.kms.katalon.core.exception.StepFailedException: Object Object Repository/Mobile/Page/Transaction/Object for Add to Cart/Button - Buy Top Item not found
	at com.kms.katalon.core.keyword.internal.KeywordMain.stepFailed(KeywordMain.groovy:50)
	at com.kms.katalon.core.mobile.keyword.internal.MobileKeywordMain.stepFailed(MobileKeywordMain.groovy:40)
	at com.kms.katalon.core.mobile.keyword.builtin.TapKeyword$_tap_closure1.doCall(TapKeyword.groovy:79)
	at com.kms.katalon.core.mobile.keyword.builtin.TapKeyword$_tap_closure1.call(TapKeyword.groovy)
	at com.kms.katalon.core.mobile.keyword.internal.MobileKeywordMain.runKeyword(MobileKeywordMain.groovy:21)
	at com.kms.katalon.core.mobile.keyword.builtin.TapKeyword.tap(TapKeyword.groovy:86)
	at com.kms.katalon.core.mobile.keyword.builtin.TapKeyword.execute(TapKeyword.groovy:68)
	at com.kms.katalon.core.keyword.internal.KeywordExecutor.executeKeywordForPlatform(KeywordExecutor.groovy:73)
	at com.kms.katalon.core.mobile.keyword.MobileBuiltInKeywords.tap(MobileBuiltInKeywords.groovy:1354)
	at com.kms.katalon.core.mobile.keyword.MobileBuiltInKeywords$tap$1.call(Unknown Source)
	at Add Product to Cart.run(Add Product to Cart:23)
	at com.kms.katalon.core.main.ScriptEngine.run(ScriptEngine.java:194)
	at com.kms.katalon.core.main.ScriptEngine.runScriptAsRawText(ScriptEngine.java:119)
	at com.kms.katalon.core.main.TestCaseExecutor.runScript(TestCaseExecutor.java:398)
	at com.kms.katalon.core.main.TestCaseExecutor.doExecute(TestCaseExecutor.java:389)
	at com.kms.katalon.core.main.TestCaseExecutor.processExecutionPhase(TestCaseExecutor.java:368)
	at com.kms.katalon.core.main.TestCaseExecutor.accessMainPhase(TestCaseExecutor.java:360)
	at com.kms.katalon.core.main.TestCaseExecutor.execute(TestCaseExecutor.java:255)
	at com.kms.katalon.core.main.TestCaseMain.runTestCase(TestCaseMain.java:114)
	at com.kms.katalon.core.keyword.builtin.CallTestCaseKeyword$_callTestCase_closure1.doCall(CallTestCaseKeyword.groovy:59)
	at com.kms.katalon.core.keyword.builtin.CallTestCaseKeyword$_callTestCase_closure1.call(CallTestCaseKeyword.groovy)
	at com.kms.katalon.core.keyword.internal.KeywordMain.runKeyword(KeywordMain.groovy:68)
	at com.kms.katalon.core.keyword.builtin.CallTestCaseKeyword.callTestCase(CallTestCaseKeyword.groovy:81)
	at com.kms.katalon.core.keyword.builtin.CallTestCaseKeyword.execute(CallTestCaseKeyword.groovy:44)
	at com.kms.katalon.core.keyword.internal.KeywordExecutor.executeKeywordForPlatform(KeywordExecutor.groovy:73)
	at com.kms.katalon.core.keyword.BuiltinKeywords.callTestCase(BuiltinKeywords.groovy:334)
	at Transaction.run(Transaction:35)
	at com.kms.katalon.core.main.ScriptEngine.run(ScriptEngine.java:194)
	at com.kms.katalon.core.main.ScriptEngine.runScriptAsRawText(ScriptEngine.java:119)
	at com.kms.katalon.core.main.TestCaseExecutor.runScript(TestCaseExecutor.java:398)
	at com.kms.katalon.core.main.TestCaseExecutor.doExecute(TestCaseExecutor.java:389)
	at com.kms.katalon.core.main.TestCaseExecutor.processExecutionPhase(TestCaseExecutor.java:368)
	at com.kms.katalon.core.main.TestCaseExecutor.accessMainPhase(TestCaseExecutor.java:360)
	at com.kms.katalon.core.main.TestCaseExecutor.execute(TestCaseExecutor.java:255)
	at com.kms.katalon.core.main.TestCaseMain.runTestCase(TestCaseMain.java:114)
	at com.kms.katalon.core.keyword.builtin.CallTestCaseKeyword$_callTestCase_closure1.doCall(CallTestCaseKeyword.groovy:59)
	at com.kms.katalon.core.keyword.builtin.CallTestCaseKeyword$_callTestCase_closure1.call(CallTestCaseKeyword.groovy)
	at com.kms.katalon.core.keyword.internal.KeywordMain.runKeyword(KeywordMain.groovy:68)
	at com.kms.katalon.core.keyword.builtin.CallTestCaseKeyword.callTestCase(CallTestCaseKeyword.groovy:81)
	at com.kms.katalon.core.keyword.builtin.CallTestCaseKeyword.execute(CallTestCaseKeyword.groovy:44)
	at com.kms.katalon.core.keyword.internal.KeywordExecutor.executeKeywordForPlatform(KeywordExecutor.groovy:73)
	at com.kms.katalon.core.keyword.BuiltinKeywords.callTestCase(BuiltinKeywords.groovy:334)
	at 011 - Melihat keranjang.run(011 - Melihat keranjang:22)
	at com.kms.katalon.core.main.ScriptEngine.run(ScriptEngine.java:194)
	at com.kms.katalon.core.main.ScriptEngine.runScriptAsRawText(ScriptEngine.java:119)
	at com.kms.katalon.core.main.TestCaseExecutor.runScript(TestCaseExecutor.java:398)
	at com.kms.katalon.core.main.TestCaseExecutor.doExecute(TestCaseExecutor.java:389)
	at com.kms.katalon.core.main.TestCaseExecutor.processExecutionPhase(TestCaseExecutor.java:368)
	at com.kms.katalon.core.main.TestCaseExecutor.accessMainPhase(TestCaseExecutor.java:360)
	at com.kms.katalon.core.main.TestCaseExecutor.execute(TestCaseExecutor.java:255)
	at com.kms.katalon.core.main.TestSuiteExecutor.accessTestCaseMainPhase(TestSuiteExecutor.java:203)
	at com.kms.katalon.core.main.TestSuiteExecutor.accessTestSuiteMainPhase(TestSuiteExecutor.java:152)
	at com.kms.katalon.core.main.TestSuiteExecutor.execute(TestSuiteExecutor.java:95)
	at com.kms.katalon.core.main.TestCaseMain.startTestSuite(TestCaseMain.java:157)
	at com.kms.katalon.core.main.TestCaseMain$startTestSuite$0.call(Unknown Source)
	at TempTestSuite1636938259952.run(TempTestSuite1636938259952.groovy:39)


2021-11-15 08:15:42 - [TEST_STEP][PASSED] - tap(findTestObject("Object Repository/Mobile/Page/Home/Button - Product"), 0): Tapped on element 'Object Repository/Mobile/Page/Home/Button - Product'

2021-11-15 08:15:42 - [MESSAGE][WARNING] - Timeout '0' is invalid. Using default page load timeout: '60'

2021-11-15 08:15:43 - [MESSAGE][PASSED] - Tapped on element 'Object Repository/Mobile/Page/Home/Button - Product'

2021-11-15 08:15:43 - [TEST_STEP][PASSED] - delay(3): Delayed 3 second(s)

2021-11-15 08:15:46 - [MESSAGE][PASSED] - Delayed 3 second(s)

2021-11-15 08:15:46 - [TEST_STEP][FAILED] - tap(findTestObject("Object Repository/Mobile/Page/Transaction/Object for Add to Cart/Button - Buy Top Item"), 0): Failed to tap on element 'Object Repository/Mobile/Page/Transaction/Object for Add to Cart/Button - Buy Top Item' (Root cause: com.kms.katalon.core.exception.StepFailedException: Object Object Repository/Mobile/Page/Transaction/Object for Add to Cart/Button - Buy Top Item not found
	at com.kms.katalon.core.keyword.internal.KeywordMain.stepFailed(KeywordMain.groovy:50)
	at com.kms.katalon.core.mobile.keyword.internal.MobileKeywordMain.stepFailed(MobileKeywordMain.groovy:40)
	at com.kms.katalon.core.mobile.keyword.builtin.TapKeyword$_tap_closure1.doCall(TapKeyword.groovy:79)
	at com.kms.katalon.core.mobile.keyword.builtin.TapKeyword$_tap_closure1.call(TapKeyword.groovy)
	at com.kms.katalon.core.mobile.keyword.internal.MobileKeywordMain.runKeyword(MobileKeywordMain.groovy:21)
	at com.kms.katalon.core.mobile.keyword.builtin.TapKeyword.tap(TapKeyword.groovy:86)
	at com.kms.katalon.core.mobile.keyword.builtin.TapKeyword.execute(TapKeyword.groovy:68)
	at com.kms.katalon.core.keyword.internal.KeywordExecutor.executeKeywordForPlatform(KeywordExecutor.groovy:73)
	at com.kms.katalon.core.mobile.keyword.MobileBuiltInKeywords.tap(MobileBuiltInKeywords.groovy:1354)
	at com.kms.katalon.core.mobile.keyword.MobileBuiltInKeywords$tap$1.call(Unknown Source)
	at Add Product to Cart.run(Add Product to Cart:23)
	at com.kms.katalon.core.main.ScriptEngine.run(ScriptEngine.java:194)
	at com.kms.katalon.core.main.ScriptEngine.runScriptAsRawText(ScriptEngine.java:119)
	at com.kms.katalon.core.main.TestCaseExecutor.runScript(TestCaseExecutor.java:398)
	at com.kms.katalon.core.main.TestCaseExecutor.doExecute(TestCaseExecutor.java:389)
	at com.kms.katalon.core.main.TestCaseExecutor.processExecutionPhase(TestCaseExecutor.java:368)
	at com.kms.katalon.core.main.TestCaseExecutor.accessMainPhase(TestCaseExecutor.java:360)
	at com.kms.katalon.core.main.TestCaseExecutor.execute(TestCaseExecutor.java:255)
	at com.kms.katalon.core.main.TestCaseMain.runTestCase(TestCaseMain.java:114)
	at com.kms.katalon.core.keyword.builtin.CallTestCaseKeyword$_callTestCase_closure1.doCall(CallTestCaseKeyword.groovy:59)
	at com.kms.katalon.core.keyword.builtin.CallTestCaseKeyword$_callTestCase_closure1.call(CallTestCaseKeyword.groovy)
	at com.kms.katalon.core.keyword.internal.KeywordMain.runKeyword(KeywordMain.groovy:68)
	at com.kms.katalon.core.keyword.builtin.CallTestCaseKeyword.callTestCase(CallTestCaseKeyword.groovy:81)
	at com.kms.katalon.core.keyword.builtin.CallTestCaseKeyword.execute(CallTestCaseKeyword.groovy:44)
	at com.kms.katalon.core.keyword.internal.KeywordExecutor.executeKeywordForPlatform(KeywordExecutor.groovy:73)
	at com.kms.katalon.core.keyword.BuiltinKeywords.callTestCase(BuiltinKeywords.groovy:334)
	at Transaction.run(Transaction:35)
	at com.kms.katalon.core.main.ScriptEngine.run(ScriptEngine.java:194)
	at com.kms.katalon.core.main.ScriptEngine.runScriptAsRawText(ScriptEngine.java:119)
	at com.kms.katalon.core.main.TestCaseExecutor.runScript(TestCaseExecutor.java:398)
	at com.kms.katalon.core.main.TestCaseExecutor.doExecute(TestCaseExecutor.java:389)
	at com.kms.katalon.core.main.TestCaseExecutor.processExecutionPhase(TestCaseExecutor.java:368)
	at com.kms.katalon.core.main.TestCaseExecutor.accessMainPhase(TestCaseExecutor.java:360)
	at com.kms.katalon.core.main.TestCaseExecutor.execute(TestCaseExecutor.java:255)
	at com.kms.katalon.core.main.TestCaseMain.runTestCase(TestCaseMain.java:114)
	at com.kms.katalon.core.keyword.builtin.CallTestCaseKeyword$_callTestCase_closure1.doCall(CallTestCaseKeyword.groovy:59)
	at com.kms.katalon.core.keyword.builtin.CallTestCaseKeyword$_callTestCase_closure1.call(CallTestCaseKeyword.groovy)
	at com.kms.katalon.core.keyword.internal.KeywordMain.runKeyword(KeywordMain.groovy:68)
	at com.kms.katalon.core.keyword.builtin.CallTestCaseKeyword.callTestCase(CallTestCaseKeyword.groovy:81)
	at com.kms.katalon.core.keyword.builtin.CallTestCaseKeyword.execute(CallTestCaseKeyword.groovy:44)
	at com.kms.katalon.core.keyword.internal.KeywordExecutor.executeKeywordForPlatform(KeywordExecutor.groovy:73)
	at com.kms.katalon.core.keyword.BuiltinKeywords.callTestCase(BuiltinKeywords.groovy:334)
	at 011 - Melihat keranjang.run(011 - Melihat keranjang:22)
	at com.kms.katalon.core.main.ScriptEngine.run(ScriptEngine.java:194)
	at com.kms.katalon.core.main.ScriptEngine.runScriptAsRawText(ScriptEngine.java:119)
	at com.kms.katalon.core.main.TestCaseExecutor.runScript(TestCaseExecutor.java:398)
	at com.kms.katalon.core.main.TestCaseExecutor.doExecute(TestCaseExecutor.java:389)
	at com.kms.katalon.core.main.TestCaseExecutor.processExecutionPhase(TestCaseExecutor.java:368)
	at com.kms.katalon.core.main.TestCaseExecutor.accessMainPhase(TestCaseExecutor.java:360)
	at com.kms.katalon.core.main.TestCaseExecutor.execute(TestCaseExecutor.java:255)
	at com.kms.katalon.core.main.TestSuiteExecutor.accessTestCaseMainPhase(TestSuiteExecutor.java:203)
	at com.kms.katalon.core.main.TestSuiteExecutor.accessTestSuiteMainPhase(TestSuiteExecutor.java:152)
	at com.kms.katalon.core.main.TestSuiteExecutor.execute(TestSuiteExecutor.java:95)
	at com.kms.katalon.core.main.TestCaseMain.startTestSuite(TestCaseMain.java:157)
	at com.kms.katalon.core.main.TestCaseMain$startTestSuite$0.call(Unknown Source)
	at TempTestSuite1636938259952.run(TempTestSuite1636938259952.groovy:39)
)

2021-11-15 08:15:46 - [MESSAGE][WARNING] - Timeout '0' is invalid. Using default page load timeout: '60'

2021-11-15 08:16:47 - [MESSAGE][FAILED] - Object Object Repository/Mobile/Page/Transaction/Object for Add to Cart/Button - Buy Top Item not found
[[ATTACHMENT|C:\\Users\\Owner\\Documents\\kerjaan\\KatalonProject\\qa-katalon-maxfund\\Reports\\20211115_080419\\Transaction\\20211115_080419\\1636939006513.png]]

2021-11-15 08:16:48 - [MESSAGE][FAILED] - Failed to tap on element 'Object Repository/Mobile/Page/Transaction/Object for Add to Cart/Button - Buy Top Item' (Root cause: com.kms.katalon.core.exception.StepFailedException: Object Object Repository/Mobile/Page/Transaction/Object for Add to Cart/Button - Buy Top Item not found
	at com.kms.katalon.core.keyword.internal.KeywordMain.stepFailed(KeywordMain.groovy:50)
	at com.kms.katalon.core.mobile.keyword.internal.MobileKeywordMain.stepFailed(MobileKeywordMain.groovy:40)
	at com.kms.katalon.core.mobile.keyword.builtin.TapKeyword$_tap_closure1.doCall(TapKeyword.groovy:79)
	at com.kms.katalon.core.mobile.keyword.builtin.TapKeyword$_tap_closure1.call(TapKeyword.groovy)
	at com.kms.katalon.core.mobile.keyword.internal.MobileKeywordMain.runKeyword(MobileKeywordMain.groovy:21)
	at com.kms.katalon.core.mobile.keyword.builtin.TapKeyword.tap(TapKeyword.groovy:86)
	at com.kms.katalon.core.mobile.keyword.builtin.TapKeyword.execute(TapKeyword.groovy:68)
	at com.kms.katalon.core.keyword.internal.KeywordExecutor.executeKeywordForPlatform(KeywordExecutor.groovy:73)
	at com.kms.katalon.core.mobile.keyword.MobileBuiltInKeywords.tap(MobileBuiltInKeywords.groovy:1354)
	at com.kms.katalon.core.mobile.keyword.MobileBuiltInKeywords$tap$1.call(Unknown Source)
	at Add Product to Cart.run(Add Product to Cart:23)
	at com.kms.katalon.core.main.ScriptEngine.run(ScriptEngine.java:194)
	at com.kms.katalon.core.main.ScriptEngine.runScriptAsRawText(ScriptEngine.java:119)
	at com.kms.katalon.core.main.TestCaseExecutor.runScript(TestCaseExecutor.java:398)
	at com.kms.katalon.core.main.TestCaseExecutor.doExecute(TestCaseExecutor.java:389)
	at com.kms.katalon.core.main.TestCaseExecutor.processExecutionPhase(TestCaseExecutor.java:368)
	at com.kms.katalon.core.main.TestCaseExecutor.accessMainPhase(TestCaseExecutor.java:360)
	at com.kms.katalon.core.main.TestCaseExecutor.execute(TestCaseExecutor.java:255)
	at com.kms.katalon.core.main.TestCaseMain.runTestCase(TestCaseMain.java:114)
	at com.kms.katalon.core.keyword.builtin.CallTestCaseKeyword$_callTestCase_closure1.doCall(CallTestCaseKeyword.groovy:59)
	at com.kms.katalon.core.keyword.builtin.CallTestCaseKeyword$_callTestCase_closure1.call(CallTestCaseKeyword.groovy)
	at com.kms.katalon.core.keyword.internal.KeywordMain.runKeyword(KeywordMain.groovy:68)
	at com.kms.katalon.core.keyword.builtin.CallTestCaseKeyword.callTestCase(CallTestCaseKeyword.groovy:81)
	at com.kms.katalon.core.keyword.builtin.CallTestCaseKeyword.execute(CallTestCaseKeyword.groovy:44)
	at com.kms.katalon.core.keyword.internal.KeywordExecutor.executeKeywordForPlatform(KeywordExecutor.groovy:73)
	at com.kms.katalon.core.keyword.BuiltinKeywords.callTestCase(BuiltinKeywords.groovy:334)
	at Transaction.run(Transaction:35)
	at com.kms.katalon.core.main.ScriptEngine.run(ScriptEngine.java:194)
	at com.kms.katalon.core.main.ScriptEngine.runScriptAsRawText(ScriptEngine.java:119)
	at com.kms.katalon.core.main.TestCaseExecutor.runScript(TestCaseExecutor.java:398)
	at com.kms.katalon.core.main.TestCaseExecutor.doExecute(TestCaseExecutor.java:389)
	at com.kms.katalon.core.main.TestCaseExecutor.processExecutionPhase(TestCaseExecutor.java:368)
	at com.kms.katalon.core.main.TestCaseExecutor.accessMainPhase(TestCaseExecutor.java:360)
	at com.kms.katalon.core.main.TestCaseExecutor.execute(TestCaseExecutor.java:255)
	at com.kms.katalon.core.main.TestCaseMain.runTestCase(TestCaseMain.java:114)
	at com.kms.katalon.core.keyword.builtin.CallTestCaseKeyword$_callTestCase_closure1.doCall(CallTestCaseKeyword.groovy:59)
	at com.kms.katalon.core.keyword.builtin.CallTestCaseKeyword$_callTestCase_closure1.call(CallTestCaseKeyword.groovy)
	at com.kms.katalon.core.keyword.internal.KeywordMain.runKeyword(KeywordMain.groovy:68)
	at com.kms.katalon.core.keyword.builtin.CallTestCaseKeyword.callTestCase(CallTestCaseKeyword.groovy:81)
	at com.kms.katalon.core.keyword.builtin.CallTestCaseKeyword.execute(CallTestCaseKeyword.groovy:44)
	at com.kms.katalon.core.keyword.internal.KeywordExecutor.executeKeywordForPlatform(KeywordExecutor.groovy:73)
	at com.kms.katalon.core.keyword.BuiltinKeywords.callTestCase(BuiltinKeywords.groovy:334)
	at 011 - Melihat keranjang.run(011 - Melihat keranjang:22)
	at com.kms.katalon.core.main.ScriptEngine.run(ScriptEngine.java:194)
	at com.kms.katalon.core.main.ScriptEngine.runScriptAsRawText(ScriptEngine.java:119)
	at com.kms.katalon.core.main.TestCaseExecutor.runScript(TestCaseExecutor.java:398)
	at com.kms.katalon.core.main.TestCaseExecutor.doExecute(TestCaseExecutor.java:389)
	at com.kms.katalon.core.main.TestCaseExecutor.processExecutionPhase(TestCaseExecutor.java:368)
	at com.kms.katalon.core.main.TestCaseExecutor.accessMainPhase(TestCaseExecutor.java:360)
	at com.kms.katalon.core.main.TestCaseExecutor.execute(TestCaseExecutor.java:255)
	at com.kms.katalon.core.main.TestSuiteExecutor.accessTestCaseMainPhase(TestSuiteExecutor.java:203)
	at com.kms.katalon.core.main.TestSuiteExecutor.accessTestSuiteMainPhase(TestSuiteExecutor.java:152)
	at com.kms.katalon.core.main.TestSuiteExecutor.execute(TestSuiteExecutor.java:95)
	at com.kms.katalon.core.main.TestCaseMain.startTestSuite(TestCaseMain.java:157)
	at com.kms.katalon.core.main.TestCaseMain$startTestSuite$0.call(Unknown Source)
	at TempTestSuite1636938259952.run(TempTestSuite1636938259952.groovy:39)
)
[[ATTACHMENT|C:\\Users\\Owner\\Documents\\kerjaan\\KatalonProject\\qa-katalon-maxfund\\Reports\\20211115_080419\\Transaction\\20211115_080419\\1636939007501.png]]

2021-11-15 08:16:48 - [MESSAGE][FAILED] - Unable to call Test Case 'Test Cases/Mobile/Scenario/Transaction/Add Product to Cart' (Root cause: com.kms.katalon.core.exception.StepFailedException: Call Test Case 'Test Cases/Mobile/Scenario/Transaction/Add Product to Cart' failed
	at com.kms.katalon.core.keyword.builtin.CallTestCaseKeyword$_callTestCase_closure1.doCall(CallTestCaseKeyword.groovy:63)
	at com.kms.katalon.core.keyword.builtin.CallTestCaseKeyword$_callTestCase_closure1.call(CallTestCaseKeyword.groovy)
	at com.kms.katalon.core.keyword.internal.KeywordMain.runKeyword(KeywordMain.groovy:68)
	at com.kms.katalon.core.keyword.builtin.CallTestCaseKeyword.callTestCase(CallTestCaseKeyword.groovy:81)
	at com.kms.katalon.core.keyword.builtin.CallTestCaseKeyword.execute(CallTestCaseKeyword.groovy:44)
	at com.kms.katalon.core.keyword.internal.KeywordExecutor.executeKeywordForPlatform(KeywordExecutor.groovy:73)
	at com.kms.katalon.core.keyword.BuiltinKeywords.callTestCase(BuiltinKeywords.groovy:334)
	at Transaction.run(Transaction:35)
	at com.kms.katalon.core.main.ScriptEngine.run(ScriptEngine.java:194)
	at com.kms.katalon.core.main.ScriptEngine.runScriptAsRawText(ScriptEngine.java:119)
	at com.kms.katalon.core.main.TestCaseExecutor.runScript(TestCaseExecutor.java:398)
	at com.kms.katalon.core.main.TestCaseExecutor.doExecute(TestCaseExecutor.java:389)
	at com.kms.katalon.core.main.TestCaseExecutor.processExecutionPhase(TestCaseExecutor.java:368)
	at com.kms.katalon.core.main.TestCaseExecutor.accessMainPhase(TestCaseExecutor.java:360)
	at com.kms.katalon.core.main.TestCaseExecutor.execute(TestCaseExecutor.java:255)
	at com.kms.katalon.core.main.TestCaseMain.runTestCase(TestCaseMain.java:114)
	at com.kms.katalon.core.keyword.builtin.CallTestCaseKeyword$_callTestCase_closure1.doCall(CallTestCaseKeyword.groovy:59)
	at com.kms.katalon.core.keyword.builtin.CallTestCaseKeyword$_callTestCase_closure1.call(CallTestCaseKeyword.groovy)
	at com.kms.katalon.core.keyword.internal.KeywordMain.runKeyword(KeywordMain.groovy:68)
	at com.kms.katalon.core.keyword.builtin.CallTestCaseKeyword.callTestCase(CallTestCaseKeyword.groovy:81)
	at com.kms.katalon.core.keyword.builtin.CallTestCaseKeyword.execute(CallTestCaseKeyword.groovy:44)
	at com.kms.katalon.core.keyword.internal.KeywordExecutor.executeKeywordForPlatform(KeywordExecutor.groovy:73)
	at com.kms.katalon.core.keyword.BuiltinKeywords.callTestCase(BuiltinKeywords.groovy:334)
	at 011 - Melihat keranjang.run(011 - Melihat keranjang:22)
	at com.kms.katalon.core.main.ScriptEngine.run(ScriptEngine.java:194)
	at com.kms.katalon.core.main.ScriptEngine.runScriptAsRawText(ScriptEngine.java:119)
	at com.kms.katalon.core.main.TestCaseExecutor.runScript(TestCaseExecutor.java:398)
	at com.kms.katalon.core.main.TestCaseExecutor.doExecute(TestCaseExecutor.java:389)
	at com.kms.katalon.core.main.TestCaseExecutor.processExecutionPhase(TestCaseExecutor.java:368)
	at com.kms.katalon.core.main.TestCaseExecutor.accessMainPhase(TestCaseExecutor.java:360)
	at com.kms.katalon.core.main.TestCaseExecutor.execute(TestCaseExecutor.java:255)
	at com.kms.katalon.core.main.TestSuiteExecutor.accessTestCaseMainPhase(TestSuiteExecutor.java:203)
	at com.kms.katalon.core.main.TestSuiteExecutor.accessTestSuiteMainPhase(TestSuiteExecutor.java:152)
	at com.kms.katalon.core.main.TestSuiteExecutor.execute(TestSuiteExecutor.java:95)
	at com.kms.katalon.core.main.TestCaseMain.startTestSuite(TestCaseMain.java:157)
	at com.kms.katalon.core.main.TestCaseMain$startTestSuite$0.call(Unknown Source)
	at TempTestSuite1636938259952.run(TempTestSuite1636938259952.groovy:39)
Caused by: com.kms.katalon.core.exception.StepFailedException: Object Object Repository/Mobile/Page/Transaction/Object for Add to Cart/Button - Buy Top Item not found
	at com.kms.katalon.core.keyword.internal.KeywordMain.stepFailed(KeywordMain.groovy:50)
	at com.kms.katalon.core.mobile.keyword.internal.MobileKeywordMain.stepFailed(MobileKeywordMain.groovy:40)
	at com.kms.katalon.core.mobile.keyword.builtin.TapKeyword$_tap_closure1.doCall(TapKeyword.groovy:79)
	at com.kms.katalon.core.mobile.keyword.builtin.TapKeyword$_tap_closure1.call(TapKeyword.groovy)
	at com.kms.katalon.core.mobile.keyword.internal.MobileKeywordMain.runKeyword(MobileKeywordMain.groovy:21)
	at com.kms.katalon.core.mobile.keyword.builtin.TapKeyword.tap(TapKeyword.groovy:86)
	at com.kms.katalon.core.mobile.keyword.builtin.TapKeyword.execute(TapKeyword.groovy:68)
	at com.kms.katalon.core.keyword.internal.KeywordExecutor.executeKeywordForPlatform(KeywordExecutor.groovy:73)
	at com.kms.katalon.core.mobile.keyword.MobileBuiltInKeywords.tap(MobileBuiltInKeywords.groovy:1354)
	at com.kms.katalon.core.mobile.keyword.MobileBuiltInKeywords$tap$1.call(Unknown Source)
	at Add Product to Cart.run(Add Product to Cart:23)
	at com.kms.katalon.core.main.ScriptEngine.run(ScriptEngine.java:194)
	at com.kms.katalon.core.main.ScriptEngine.runScriptAsRawText(ScriptEngine.java:119)
	at com.kms.katalon.core.main.TestCaseExecutor.runScript(TestCaseExecutor.java:398)
	at com.kms.katalon.core.main.TestCaseExecutor.doExecute(TestCaseExecutor.java:389)
	at com.kms.katalon.core.main.TestCaseExecutor.processExecutionPhase(TestCaseExecutor.java:368)
	at com.kms.katalon.core.main.TestCaseExecutor.accessMainPhase(TestCaseExecutor.java:360)
	at com.kms.katalon.core.main.TestCaseExecutor.execute(TestCaseExecutor.java:255)
	at com.kms.katalon.core.main.TestCaseMain.runTestCase(TestCaseMain.java:114)
	at com.kms.katalon.core.keyword.builtin.CallTestCaseKeyword$_callTestCase_closure1.doCall(CallTestCaseKeyword.groovy:59)
	... 36 more
)

2021-11-15 08:16:48 - [MESSAGE][FAILED] - Unable to call Test Case 'Test Cases/Mobile/Page/Transaction/Transaction' (Root cause: com.kms.katalon.core.exception.StepFailedException: Call Test Case 'Test Cases/Mobile/Page/Transaction/Transaction' failed
	at com.kms.katalon.core.keyword.builtin.CallTestCaseKeyword$_callTestCase_closure1.doCall(CallTestCaseKeyword.groovy:63)
	at com.kms.katalon.core.keyword.builtin.CallTestCaseKeyword$_callTestCase_closure1.call(CallTestCaseKeyword.groovy)
	at com.kms.katalon.core.keyword.internal.KeywordMain.runKeyword(KeywordMain.groovy:68)
	at com.kms.katalon.core.keyword.builtin.CallTestCaseKeyword.callTestCase(CallTestCaseKeyword.groovy:81)
	at com.kms.katalon.core.keyword.builtin.CallTestCaseKeyword.execute(CallTestCaseKeyword.groovy:44)
	at com.kms.katalon.core.keyword.internal.KeywordExecutor.executeKeywordForPlatform(KeywordExecutor.groovy:73)
	at com.kms.katalon.core.keyword.BuiltinKeywords.callTestCase(BuiltinKeywords.groovy:334)
	at 011 - Melihat keranjang.run(011 - Melihat keranjang:22)
	at com.kms.katalon.core.main.ScriptEngine.run(ScriptEngine.java:194)
	at com.kms.katalon.core.main.ScriptEngine.runScriptAsRawText(ScriptEngine.java:119)
	at com.kms.katalon.core.main.TestCaseExecutor.runScript(TestCaseExecutor.java:398)
	at com.kms.katalon.core.main.TestCaseExecutor.doExecute(TestCaseExecutor.java:389)
	at com.kms.katalon.core.main.TestCaseExecutor.processExecutionPhase(TestCaseExecutor.java:368)
	at com.kms.katalon.core.main.TestCaseExecutor.accessMainPhase(TestCaseExecutor.java:360)
	at com.kms.katalon.core.main.TestCaseExecutor.execute(TestCaseExecutor.java:255)
	at com.kms.katalon.core.main.TestSuiteExecutor.accessTestCaseMainPhase(TestSuiteExecutor.java:203)
	at com.kms.katalon.core.main.TestSuiteExecutor.accessTestSuiteMainPhase(TestSuiteExecutor.java:152)
	at com.kms.katalon.core.main.TestSuiteExecutor.execute(TestSuiteExecutor.java:95)
	at com.kms.katalon.core.main.TestCaseMain.startTestSuite(TestCaseMain.java:157)
	at com.kms.katalon.core.main.TestCaseMain$startTestSuite$0.call(Unknown Source)
	at TempTestSuite1636938259952.run(TempTestSuite1636938259952.groovy:39)
Caused by: com.kms.katalon.core.exception.StepFailedException: Call Test Case 'Test Cases/Mobile/Scenario/Transaction/Add Product to Cart' failed
	at com.kms.katalon.core.keyword.builtin.CallTestCaseKeyword$_callTestCase_closure1.doCall(CallTestCaseKeyword.groovy:63)
	at com.kms.katalon.core.keyword.builtin.CallTestCaseKeyword$_callTestCase_closure1.call(CallTestCaseKeyword.groovy)
	at com.kms.katalon.core.keyword.internal.KeywordMain.runKeyword(KeywordMain.groovy:68)
	at com.kms.katalon.core.keyword.builtin.CallTestCaseKeyword.callTestCase(CallTestCaseKeyword.groovy:81)
	at com.kms.katalon.core.keyword.builtin.CallTestCaseKeyword.execute(CallTestCaseKeyword.groovy:44)
	at com.kms.katalon.core.keyword.internal.KeywordExecutor.executeKeywordForPlatform(KeywordExecutor.groovy:73)
	at com.kms.katalon.core.keyword.BuiltinKeywords.callTestCase(BuiltinKeywords.groovy:334)
	at Transaction.run(Transaction:35)
	at com.kms.katalon.core.main.ScriptEngine.run(ScriptEngine.java:194)
	at com.kms.katalon.core.main.ScriptEngine.runScriptAsRawText(ScriptEngine.java:119)
	at com.kms.katalon.core.main.TestCaseExecutor.runScript(TestCaseExecutor.java:398)
	at com.kms.katalon.core.main.TestCaseExecutor.doExecute(TestCaseExecutor.java:389)
	at com.kms.katalon.core.main.TestCaseExecutor.processExecutionPhase(TestCaseExecutor.java:368)
	at com.kms.katalon.core.main.TestCaseExecutor.accessMainPhase(TestCaseExecutor.java:360)
	at com.kms.katalon.core.main.TestCaseExecutor.execute(TestCaseExecutor.java:255)
	at com.kms.katalon.core.main.TestCaseMain.runTestCase(TestCaseMain.java:114)
	at com.kms.katalon.core.keyword.builtin.CallTestCaseKeyword$_callTestCase_closure1.doCall(CallTestCaseKeyword.groovy:59)
	... 20 more
Caused by: com.kms.katalon.core.exception.StepFailedException: Object Object Repository/Mobile/Page/Transaction/Object for Add to Cart/Button - Buy Top Item not found
	at com.kms.katalon.core.keyword.internal.KeywordMain.stepFailed(KeywordMain.groovy:50)
	at com.kms.katalon.core.mobile.keyword.internal.MobileKeywordMain.stepFailed(MobileKeywordMain.groovy:40)
	at com.kms.katalon.core.mobile.keyword.builtin.TapKeyword$_tap_closure1.doCall(TapKeyword.groovy:79)
	at com.kms.katalon.core.mobile.keyword.builtin.TapKeyword$_tap_closure1.call(TapKeyword.groovy)
	at com.kms.katalon.core.mobile.keyword.internal.MobileKeywordMain.runKeyword(MobileKeywordMain.groovy:21)
	at com.kms.katalon.core.mobile.keyword.builtin.TapKeyword.tap(TapKeyword.groovy:86)
	at com.kms.katalon.core.mobile.keyword.builtin.TapKeyword.execute(TapKeyword.groovy:68)
	at com.kms.katalon.core.keyword.internal.KeywordExecutor.executeKeywordForPlatform(KeywordExecutor.groovy:73)
	at com.kms.katalon.core.mobile.keyword.MobileBuiltInKeywords.tap(MobileBuiltInKeywords.groovy:1354)
	at com.kms.katalon.core.mobile.keyword.MobileBuiltInKeywords$tap$1.call(Unknown Source)
	at Add Product to Cart.run(Add Product to Cart:23)
	at com.kms.katalon.core.main.ScriptEngine.run(ScriptEngine.java:194)
	at com.kms.katalon.core.main.ScriptEngine.runScriptAsRawText(ScriptEngine.java:119)
	at com.kms.katalon.core.main.TestCaseExecutor.runScript(TestCaseExecutor.java:398)
	at com.kms.katalon.core.main.TestCaseExecutor.doExecute(TestCaseExecutor.java:389)
	at com.kms.katalon.core.main.TestCaseExecutor.processExecutionPhase(TestCaseExecutor.java:368)
	at com.kms.katalon.core.main.TestCaseExecutor.accessMainPhase(TestCaseExecutor.java:360)
	at com.kms.katalon.core.main.TestCaseExecutor.execute(TestCaseExecutor.java:255)
	at com.kms.katalon.core.main.TestCaseMain.runTestCase(TestCaseMain.java:114)
	at com.kms.katalon.core.keyword.builtin.CallTestCaseKeyword$_callTestCase_closure1.doCall(CallTestCaseKeyword.groovy:59)
	... 36 more
)

2021-11-15 08:16:48 - [TEST_STEP][PASSED] - callTestCase(findTestCase("Mobile/Page/Run App/Terminate App"), [:], STOP_ON_FAILURE): Call Test Case 'Test Cases/Mobile/Page/Run App/Terminate App' successfully

2021-11-15 08:16:48 - [TEST_CASE][PASSED] - Test Cases/Mobile/Page/Run App/Terminate App: Test Cases/Mobile/Page/Run App/Terminate App

2021-11-15 08:16:48 - [TEST_STEP][PASSED] - startApp.OpenApp.terminateApplication(): startApp.OpenApp.terminateApplication is PASSED

2021-11-15 08:16:51 - [MESSAGE][PASSED] - Delayed 3 second(s)

2021-11-15 08:16:51 - [MESSAGE][PASSED] - Current device physical width is 720

2021-11-15 08:16:51 - [MESSAGE][PASSED] - Current device physical height is 1423

2021-11-15 08:16:53 - [MESSAGE][PASSED] - Swiped from 360,853 to 360,142

2021-11-15 08:16:54 - [MESSAGE][PASSED] - Delayed 1 second(s)

2021-11-15 08:16:55 - [MESSAGE][PASSED] - Swiped from 360,853 to 360,142

2021-11-15 08:16:58 - [MESSAGE][PASSED] - Delayed 3 second(s)

2021-11-15 08:16:58 - [MESSAGE][PASSED] - startApp.OpenApp.terminateApplication is PASSED

2021-11-15 08:16:58 - [MESSAGE][PASSED] - Call Test Case 'Test Cases/Mobile/Page/Run App/Terminate App' successfully]]></system-out>
         <system-err><![CDATA[2021-11-15 08:15:13 - [TEST_CASE][FAILED] - Test Cases/Mobile/Scenario/Transaction/011 - Melihat keranjang: Test Cases/Mobile/Scenario/Transaction/011 - Melihat keranjang FAILED.
Reason:
com.kms.katalon.core.exception.StepFailedException: Unable to call Test Case 'Test Cases/Mobile/Page/Transaction/Transaction' (Root cause: com.kms.katalon.core.exception.StepFailedException: Call Test Case 'Test Cases/Mobile/Page/Transaction/Transaction' failed
	at com.kms.katalon.core.keyword.builtin.CallTestCaseKeyword$_callTestCase_closure1.doCall(CallTestCaseKeyword.groovy:63)
	at com.kms.katalon.core.keyword.builtin.CallTestCaseKeyword$_callTestCase_closure1.call(CallTestCaseKeyword.groovy)
	at com.kms.katalon.core.keyword.internal.KeywordMain.runKeyword(KeywordMain.groovy:68)
	at com.kms.katalon.core.keyword.builtin.CallTestCaseKeyword.callTestCase(CallTestCaseKeyword.groovy:81)
	at com.kms.katalon.core.keyword.builtin.CallTestCaseKeyword.execute(CallTestCaseKeyword.groovy:44)
	at com.kms.katalon.core.keyword.internal.KeywordExecutor.executeKeywordForPlatform(KeywordExecutor.groovy:73)
	at com.kms.katalon.core.keyword.BuiltinKeywords.callTestCase(BuiltinKeywords.groovy:334)
	at 011 - Melihat keranjang.run(011 - Melihat keranjang:22)
	at com.kms.katalon.core.main.ScriptEngine.run(ScriptEngine.java:194)
	at com.kms.katalon.core.main.ScriptEngine.runScriptAsRawText(ScriptEngine.java:119)
	at com.kms.katalon.core.main.TestCaseExecutor.runScript(TestCaseExecutor.java:398)
	at com.kms.katalon.core.main.TestCaseExecutor.doExecute(TestCaseExecutor.java:389)
	at com.kms.katalon.core.main.TestCaseExecutor.processExecutionPhase(TestCaseExecutor.java:368)
	at com.kms.katalon.core.main.TestCaseExecutor.accessMainPhase(TestCaseExecutor.java:360)
	at com.kms.katalon.core.main.TestCaseExecutor.execute(TestCaseExecutor.java:255)
	at com.kms.katalon.core.main.TestSuiteExecutor.accessTestCaseMainPhase(TestSuiteExecutor.java:203)
	at com.kms.katalon.core.main.TestSuiteExecutor.accessTestSuiteMainPhase(TestSuiteExecutor.java:152)
	at com.kms.katalon.core.main.TestSuiteExecutor.execute(TestSuiteExecutor.java:95)
	at com.kms.katalon.core.main.TestCaseMain.startTestSuite(TestCaseMain.java:157)
	at com.kms.katalon.core.main.TestCaseMain$startTestSuite$0.call(Unknown Source)
	at TempTestSuite1636938259952.run(TempTestSuite1636938259952.groovy:39)
Caused by: com.kms.katalon.core.exception.StepFailedException: Call Test Case 'Test Cases/Mobile/Scenario/Transaction/Add Product to Cart' failed
	at com.kms.katalon.core.keyword.builtin.CallTestCaseKeyword$_callTestCase_closure1.doCall(CallTestCaseKeyword.groovy:63)
	at com.kms.katalon.core.keyword.builtin.CallTestCaseKeyword$_callTestCase_closure1.call(CallTestCaseKeyword.groovy)
	at com.kms.katalon.core.keyword.internal.KeywordMain.runKeyword(KeywordMain.groovy:68)
	at com.kms.katalon.core.keyword.builtin.CallTestCaseKeyword.callTestCase(CallTestCaseKeyword.groovy:81)
	at com.kms.katalon.core.keyword.builtin.CallTestCaseKeyword.execute(CallTestCaseKeyword.groovy:44)
	at com.kms.katalon.core.keyword.internal.KeywordExecutor.executeKeywordForPlatform(KeywordExecutor.groovy:73)
	at com.kms.katalon.core.keyword.BuiltinKeywords.callTestCase(BuiltinKeywords.groovy:334)
	at Transaction.run(Transaction:35)
	at com.kms.katalon.core.main.ScriptEngine.run(ScriptEngine.java:194)
	at com.kms.katalon.core.main.ScriptEngine.runScriptAsRawText(ScriptEngine.java:119)
	at com.kms.katalon.core.main.TestCaseExecutor.runScript(TestCaseExecutor.java:398)
	at com.kms.katalon.core.main.TestCaseExecutor.doExecute(TestCaseExecutor.java:389)
	at com.kms.katalon.core.main.TestCaseExecutor.processExecutionPhase(TestCaseExecutor.java:368)
	at com.kms.katalon.core.main.TestCaseExecutor.accessMainPhase(TestCaseExecutor.java:360)
	at com.kms.katalon.core.main.TestCaseExecutor.execute(TestCaseExecutor.java:255)
	at com.kms.katalon.core.main.TestCaseMain.runTestCase(TestCaseMain.java:114)
	at com.kms.katalon.core.keyword.builtin.CallTestCaseKeyword$_callTestCase_closure1.doCall(CallTestCaseKeyword.groovy:59)
	... 20 more
Caused by: com.kms.katalon.core.exception.StepFailedException: Object Object Repository/Mobile/Page/Transaction/Object for Add to Cart/Button - Buy Top Item not found
	at com.kms.katalon.core.keyword.internal.KeywordMain.stepFailed(KeywordMain.groovy:50)
	at com.kms.katalon.core.mobile.keyword.internal.MobileKeywordMain.stepFailed(MobileKeywordMain.groovy:40)
	at com.kms.katalon.core.mobile.keyword.builtin.TapKeyword$_tap_closure1.doCall(TapKeyword.groovy:79)
	at com.kms.katalon.core.mobile.keyword.builtin.TapKeyword$_tap_closure1.call(TapKeyword.groovy)
	at com.kms.katalon.core.mobile.keyword.internal.MobileKeywordMain.runKeyword(MobileKeywordMain.groovy:21)
	at com.kms.katalon.core.mobile.keyword.builtin.TapKeyword.tap(TapKeyword.groovy:86)
	at com.kms.katalon.core.mobile.keyword.builtin.TapKeyword.execute(TapKeyword.groovy:68)
	at com.kms.katalon.core.keyword.internal.KeywordExecutor.executeKeywordForPlatform(KeywordExecutor.groovy:73)
	at com.kms.katalon.core.mobile.keyword.MobileBuiltInKeywords.tap(MobileBuiltInKeywords.groovy:1354)
	at com.kms.katalon.core.mobile.keyword.MobileBuiltInKeywords$tap$1.call(Unknown Source)
	at Add Product to Cart.run(Add Product to Cart:23)
	at com.kms.katalon.core.main.ScriptEngine.run(ScriptEngine.java:194)
	at com.kms.katalon.core.main.ScriptEngine.runScriptAsRawText(ScriptEngine.java:119)
	at com.kms.katalon.core.main.TestCaseExecutor.runScript(TestCaseExecutor.java:398)
	at com.kms.katalon.core.main.TestCaseExecutor.doExecute(TestCaseExecutor.java:389)
	at com.kms.katalon.core.main.TestCaseExecutor.processExecutionPhase(TestCaseExecutor.java:368)
	at com.kms.katalon.core.main.TestCaseExecutor.accessMainPhase(TestCaseExecutor.java:360)
	at com.kms.katalon.core.main.TestCaseExecutor.execute(TestCaseExecutor.java:255)
	at com.kms.katalon.core.main.TestCaseMain.runTestCase(TestCaseMain.java:114)
	at com.kms.katalon.core.keyword.builtin.CallTestCaseKeyword$_callTestCase_closure1.doCall(CallTestCaseKeyword.groovy:59)
	... 36 more
)
	at com.kms.katalon.core.keyword.internal.KeywordMain.stepFailed(KeywordMain.groovy:39)
	at com.kms.katalon.core.keyword.internal.KeywordMain.stepFailed(KeywordMain.groovy)
	at com.kms.katalon.core.keyword.internal.KeywordMain.runKeyword(KeywordMain.groovy:70)
	at com.kms.katalon.core.keyword.builtin.CallTestCaseKeyword.callTestCase(CallTestCaseKeyword.groovy:81)
	at com.kms.katalon.core.keyword.builtin.CallTestCaseKeyword.execute(CallTestCaseKeyword.groovy:44)
	at com.kms.katalon.core.keyword.internal.KeywordExecutor.executeKeywordForPlatform(KeywordExecutor.groovy:73)
	at com.kms.katalon.core.keyword.BuiltinKeywords.callTestCase(BuiltinKeywords.groovy:334)
	at 011 - Melihat keranjang.run(011 - Melihat keranjang:22)
	at com.kms.katalon.core.main.ScriptEngine.run(ScriptEngine.java:194)
	at com.kms.katalon.core.main.ScriptEngine.runScriptAsRawText(ScriptEngine.java:119)
	at com.kms.katalon.core.main.TestCaseExecutor.runScript(TestCaseExecutor.java:398)
	at com.kms.katalon.core.main.TestCaseExecutor.doExecute(TestCaseExecutor.java:389)
	at com.kms.katalon.core.main.TestCaseExecutor.processExecutionPhase(TestCaseExecutor.java:368)
	at com.kms.katalon.core.main.TestCaseExecutor.accessMainPhase(TestCaseExecutor.java:360)
	at com.kms.katalon.core.main.TestCaseExecutor.execute(TestCaseExecutor.java:255)
	at com.kms.katalon.core.main.TestSuiteExecutor.accessTestCaseMainPhase(TestSuiteExecutor.java:203)
	at com.kms.katalon.core.main.TestSuiteExecutor.accessTestSuiteMainPhase(TestSuiteExecutor.java:152)
	at com.kms.katalon.core.main.TestSuiteExecutor.execute(TestSuiteExecutor.java:95)
	at com.kms.katalon.core.main.TestCaseMain.startTestSuite(TestCaseMain.java:157)
	at com.kms.katalon.core.main.TestCaseMain$startTestSuite$0.call(Unknown Source)
	at TempTestSuite1636938259952.run(TempTestSuite1636938259952.groovy:39)
Caused by: com.kms.katalon.core.exception.StepFailedException: Call Test Case 'Test Cases/Mobile/Page/Transaction/Transaction' failed
	at com.kms.katalon.core.keyword.builtin.CallTestCaseKeyword$_callTestCase_closure1.doCall(CallTestCaseKeyword.groovy:63)
	at com.kms.katalon.core.keyword.builtin.CallTestCaseKeyword$_callTestCase_closure1.call(CallTestCaseKeyword.groovy)
	at com.kms.katalon.core.keyword.internal.KeywordMain.runKeyword(KeywordMain.groovy:68)
	... 18 more
Caused by: com.kms.katalon.core.exception.StepFailedException: Call Test Case 'Test Cases/Mobile/Scenario/Transaction/Add Product to Cart' failed
	at com.kms.katalon.core.keyword.builtin.CallTestCaseKeyword$_callTestCase_closure1.doCall(CallTestCaseKeyword.groovy:63)
	at com.kms.katalon.core.keyword.builtin.CallTestCaseKeyword$_callTestCase_closure1.call(CallTestCaseKeyword.groovy)
	at com.kms.katalon.core.keyword.internal.KeywordMain.runKeyword(KeywordMain.groovy:68)
	at com.kms.katalon.core.keyword.builtin.CallTestCaseKeyword.callTestCase(CallTestCaseKeyword.groovy:81)
	at com.kms.katalon.core.keyword.builtin.CallTestCaseKeyword.execute(CallTestCaseKeyword.groovy:44)
	at com.kms.katalon.core.keyword.internal.KeywordExecutor.executeKeywordForPlatform(KeywordExecutor.groovy:73)
	at com.kms.katalon.core.keyword.BuiltinKeywords.callTestCase(BuiltinKeywords.groovy:334)
	at Transaction.run(Transaction:35)
	at com.kms.katalon.core.main.ScriptEngine.run(ScriptEngine.java:194)
	at com.kms.katalon.core.main.ScriptEngine.runScriptAsRawText(ScriptEngine.java:119)
	at com.kms.katalon.core.main.TestCaseExecutor.runScript(TestCaseExecutor.java:398)
	at com.kms.katalon.core.main.TestCaseExecutor.doExecute(TestCaseExecutor.java:389)
	at com.kms.katalon.core.main.TestCaseExecutor.processExecutionPhase(TestCaseExecutor.java:368)
	at com.kms.katalon.core.main.TestCaseExecutor.accessMainPhase(TestCaseExecutor.java:360)
	at com.kms.katalon.core.main.TestCaseExecutor.execute(TestCaseExecutor.java:255)
	at com.kms.katalon.core.main.TestCaseMain.runTestCase(TestCaseMain.java:114)
	at com.kms.katalon.core.keyword.builtin.CallTestCaseKeyword$_callTestCase_closure1.doCall(CallTestCaseKeyword.groovy:59)
	... 20 more
Caused by: com.kms.katalon.core.exception.StepFailedException: Object Object Repository/Mobile/Page/Transaction/Object for Add to Cart/Button - Buy Top Item not found
	at com.kms.katalon.core.keyword.internal.KeywordMain.stepFailed(KeywordMain.groovy:50)
	at com.kms.katalon.core.mobile.keyword.internal.MobileKeywordMain.stepFailed(MobileKeywordMain.groovy:40)
	at com.kms.katalon.core.mobile.keyword.builtin.TapKeyword$_tap_closure1.doCall(TapKeyword.groovy:79)
	at com.kms.katalon.core.mobile.keyword.builtin.TapKeyword$_tap_closure1.call(TapKeyword.groovy)
	at com.kms.katalon.core.mobile.keyword.internal.MobileKeywordMain.runKeyword(MobileKeywordMain.groovy:21)
	at com.kms.katalon.core.mobile.keyword.builtin.TapKeyword.tap(TapKeyword.groovy:86)
	at com.kms.katalon.core.mobile.keyword.builtin.TapKeyword.execute(TapKeyword.groovy:68)
	at com.kms.katalon.core.keyword.internal.KeywordExecutor.executeKeywordForPlatform(KeywordExecutor.groovy:73)
	at com.kms.katalon.core.mobile.keyword.MobileBuiltInKeywords.tap(MobileBuiltInKeywords.groovy:1354)
	at com.kms.katalon.core.mobile.keyword.MobileBuiltInKeywords$tap$1.call(Unknown Source)
	at Add Product to Cart.run(Add Product to Cart:23)
	at com.kms.katalon.core.main.ScriptEngine.run(ScriptEngine.java:194)
	at com.kms.katalon.core.main.ScriptEngine.runScriptAsRawText(ScriptEngine.java:119)
	at com.kms.katalon.core.main.TestCaseExecutor.runScript(TestCaseExecutor.java:398)
	at com.kms.katalon.core.main.TestCaseExecutor.doExecute(TestCaseExecutor.java:389)
	at com.kms.katalon.core.main.TestCaseExecutor.processExecutionPhase(TestCaseExecutor.java:368)
	at com.kms.katalon.core.main.TestCaseExecutor.accessMainPhase(TestCaseExecutor.java:360)
	at com.kms.katalon.core.main.TestCaseExecutor.execute(TestCaseExecutor.java:255)
	at com.kms.katalon.core.main.TestCaseMain.runTestCase(TestCaseMain.java:114)
	at com.kms.katalon.core.keyword.builtin.CallTestCaseKeyword$_callTestCase_closure1.doCall(CallTestCaseKeyword.groovy:59)
	... 36 more]]></system-err>
      </testcase>
      <testcase name="Test Cases/Mobile/Scenario/Transaction/012 - Melihat notifikasi" time="52.939" classname="Test Cases/Mobile/Scenario/Transaction/012 - Melihat notifikasi" status="PASSED">
         <system-out><![CDATA[2021-11-15 08:16:58 - [TEST_CASE][PASSED] - Test Cases/Mobile/Scenario/Transaction/012 - Melihat notifikasi: Test Cases/Mobile/Scenario/Transaction/012 - Melihat notifikasi

2021-11-15 08:16:58 - [TEST_STEP][PASSED] - callTestCase(findTestCase("Mobile/Page/Run App/Run App byID"), [:], STOP_ON_FAILURE): Call Test Case 'Test Cases/Mobile/Page/Run App/Run App byID' successfully

2021-11-15 08:16:58 - [TEST_CASE][PASSED] - Test Cases/Mobile/Page/Run App/Run App byID: Test Cases/Mobile/Page/Run App/Run App byID

2021-11-15 08:16:58 - [TEST_STEP][PASSED] - startApp.OpenApp.startApplication("com.mirae.maxfund"): startApp.OpenApp.startApplication is PASSED

2021-11-15 08:17:10 - [MESSAGE][PASSED] - Starting app with application ID: 'com.mirae.maxfund'

2021-11-15 08:17:10 - [MESSAGE][PASSED] - startApp.OpenApp.startApplication is PASSED

2021-11-15 08:17:10 - [MESSAGE][PASSED] - Call Test Case 'Test Cases/Mobile/Page/Run App/Run App byID' successfully

2021-11-15 08:17:10 - [TEST_STEP][PASSED] - callTestCase(findTestCase("Mobile/Page/Transaction/Transaction"), ["page":"notification", "tab":"none", "action":"none"], CONTINUE_ON_FAILURE): Call Test Case 'Test Cases/Mobile/Page/Transaction/Transaction' successfully

2021-11-15 08:17:10 - [TEST_CASE][PASSED] - Test Cases/Mobile/Page/Transaction/Transaction: Test Cases/Mobile/Page/Transaction/Transaction

2021-11-15 08:17:10 - [TEST_STEP][PASSED] - delay(5): Delayed 5 second(s)

2021-11-15 08:17:15 - [MESSAGE][PASSED] - Delayed 5 second(s)

2021-11-15 08:17:15 - [TEST_STEP][PASSED] - loginCheck = verifyElementExist(findTestObject("Object Repository/Mobile/Page/Dashboard/Button - Login"), 2, CONTINUE_ON_FAILURE): Element 'Object Repository/Mobile/Page/Dashboard/Button - Login' is exist

2021-11-15 08:17:16 - [MESSAGE][PASSED] - Element 'Object Repository/Mobile/Page/Dashboard/Button - Login' is exist

2021-11-15 08:17:16 - [TEST_STEP][PASSED] - if (loginCheck): Delayed 3 second(s)

2021-11-15 08:17:16 - [TEST_STEP][PASSED] - tap(findTestObject("Object Repository/Mobile/Page/Dashboard/Button - Login"), 0): Tapped on element 'Object Repository/Mobile/Page/Dashboard/Button - Login'

2021-11-15 08:17:16 - [MESSAGE][WARNING] - Timeout '0' is invalid. Using default page load timeout: '60'

2021-11-15 08:17:18 - [MESSAGE][PASSED] - Tapped on element 'Object Repository/Mobile/Page/Dashboard/Button - Login'

2021-11-15 08:17:18 - [TEST_STEP][PASSED] - tap(findTestObject("Object Repository/Mobile/Page/Login/Input - UserID or Email"), 0): Tapped on element 'Object Repository/Mobile/Page/Login/Input - UserID or Email'

2021-11-15 08:17:18 - [MESSAGE][WARNING] - Timeout '0' is invalid. Using default page load timeout: '60'

2021-11-15 08:17:19 - [MESSAGE][PASSED] - Tapped on element 'Object Repository/Mobile/Page/Login/Input - UserID or Email'

2021-11-15 08:17:19 - [TEST_STEP][PASSED] - setText(findTestObject("Object Repository/Mobile/Page/Login/Input - UserID or Email"), "ady.pangerang@gmail.com", 0): Text 'ady.pangerang@gmail.com' has been set to element 'Object Repository/Mobile/Page/Login/Input - UserID or Email'

2021-11-15 08:17:19 - [MESSAGE][WARNING] - Timeout '0' is invalid. Using default page load timeout: '60'

2021-11-15 08:17:21 - [MESSAGE][PASSED] - Text 'ady.pangerang@gmail.com' has been set to element 'Object Repository/Mobile/Page/Login/Input - UserID or Email'

2021-11-15 08:17:21 - [TEST_STEP][PASSED] - tap(findTestObject("Object Repository/Mobile/Page/Login/Input - Password 2"), 0): Tapped on element 'Object Repository/Mobile/Page/Login/Input - Password 2'

2021-11-15 08:17:21 - [MESSAGE][WARNING] - Timeout '0' is invalid. Using default page load timeout: '60'

2021-11-15 08:17:22 - [MESSAGE][PASSED] - Tapped on element 'Object Repository/Mobile/Page/Login/Input - Password 2'

2021-11-15 08:17:22 - [TEST_STEP][PASSED] - setText(findTestObject("Object Repository/Mobile/Page/Login/Input - Password 2"), "Mirae1234", 0): Text 'Mirae1234' has been set to element 'Object Repository/Mobile/Page/Login/Input - Password 2'

2021-11-15 08:17:22 - [MESSAGE][WARNING] - Timeout '0' is invalid. Using default page load timeout: '60'

2021-11-15 08:17:23 - [MESSAGE][PASSED] - Text 'Mirae1234' has been set to element 'Object Repository/Mobile/Page/Login/Input - Password 2'

2021-11-15 08:17:23 - [TEST_STEP][PASSED] - tap(findTestObject("Object Repository/Mobile/Page/Login/Button - Sign In"), 0): Tapped on element 'Object Repository/Mobile/Page/Login/Button - Sign In'

2021-11-15 08:17:23 - [MESSAGE][WARNING] - Timeout '0' is invalid. Using default page load timeout: '60'

2021-11-15 08:17:24 - [MESSAGE][PASSED] - Tapped on element 'Object Repository/Mobile/Page/Login/Button - Sign In'

2021-11-15 08:17:24 - [TEST_STEP][PASSED] - delay(3): Delayed 3 second(s)

2021-11-15 08:17:27 - [MESSAGE][PASSED] - Delayed 3 second(s)

2021-11-15 08:17:27 - [TEST_STEP][PASSED] - if (page == "cart"): null

2021-11-15 08:17:27 - [TEST_STEP][PASSED] - tap(findTestObject("Object Repository/Mobile/Page/Transaction/Button - Menubar Transaction"), 0): Tapped on element 'Object Repository/Mobile/Page/Transaction/Button - Menubar Transaction'

2021-11-15 08:17:27 - [MESSAGE][WARNING] - Timeout '0' is invalid. Using default page load timeout: '60'

2021-11-15 08:17:33 - [MESSAGE][PASSED] - Tapped on element 'Object Repository/Mobile/Page/Transaction/Button - Menubar Transaction'

2021-11-15 08:17:33 - [TEST_STEP][PASSED] - delay(1): Delayed 1 second(s)

2021-11-15 08:17:34 - [MESSAGE][PASSED] - Delayed 1 second(s)

2021-11-15 08:17:34 - [TEST_STEP][PASSED] - if (page == "onprocess"): null

2021-11-15 08:17:34 - [TEST_STEP][PASSED] - else if (page == "history"): null

2021-11-15 08:17:34 - [TEST_STEP][PASSED] - else if (page == "cart"): null

2021-11-15 08:17:34 - [TEST_STEP][PASSED] - else if (page == "notification"): Delayed 1 second(s)

2021-11-15 08:17:34 - [TEST_STEP][PASSED] - tapAndHold(findTestObject("Mobile/Page/Transaction/Button - Icon Notification"), 1, 0): Tapped and held on element 'Object Repository/Mobile/Page/Transaction/Button - Icon Notification' with duration 1

2021-11-15 08:17:34 - [MESSAGE][WARNING] - Timeout '0' is invalid. Using default page load timeout: '60'

2021-11-15 08:17:37 - [MESSAGE][PASSED] - Tapped and held on element 'Object Repository/Mobile/Page/Transaction/Button - Icon Notification' with duration 1

2021-11-15 08:17:37 - [TEST_STEP][PASSED] - delay(3): Delayed 3 second(s)

2021-11-15 08:17:40 - [MESSAGE][PASSED] - Delayed 3 second(s)

2021-11-15 08:17:40 - [TEST_STEP][PASSED] - if (action == "profile"): null

2021-11-15 08:17:40 - [TEST_STEP][PASSED] - delay(1): Delayed 1 second(s)

2021-11-15 08:17:41 - [MESSAGE][PASSED] - Delayed 1 second(s)

2021-11-15 08:17:41 - [MESSAGE][PASSED] - Call Test Case 'Test Cases/Mobile/Page/Transaction/Transaction' successfully

2021-11-15 08:17:41 - [TEST_STEP][PASSED] - callTestCase(findTestCase("Mobile/Page/Run App/Terminate App"), [:], STOP_ON_FAILURE): Call Test Case 'Test Cases/Mobile/Page/Run App/Terminate App' successfully

2021-11-15 08:17:41 - [TEST_CASE][PASSED] - Test Cases/Mobile/Page/Run App/Terminate App: Test Cases/Mobile/Page/Run App/Terminate App

2021-11-15 08:17:41 - [TEST_STEP][PASSED] - startApp.OpenApp.terminateApplication(): startApp.OpenApp.terminateApplication is PASSED

2021-11-15 08:17:44 - [MESSAGE][PASSED] - Delayed 3 second(s)

2021-11-15 08:17:44 - [MESSAGE][PASSED] - Current device physical width is 720

2021-11-15 08:17:44 - [MESSAGE][PASSED] - Current device physical height is 1423

2021-11-15 08:17:45 - [MESSAGE][PASSED] - Swiped from 360,853 to 360,142

2021-11-15 08:17:47 - [MESSAGE][PASSED] - Delayed 1 second(s)

2021-11-15 08:17:48 - [MESSAGE][PASSED] - Swiped from 360,853 to 360,142

2021-11-15 08:17:51 - [MESSAGE][PASSED] - Delayed 3 second(s)

2021-11-15 08:17:51 - [MESSAGE][PASSED] - startApp.OpenApp.terminateApplication is PASSED

2021-11-15 08:17:51 - [MESSAGE][PASSED] - Call Test Case 'Test Cases/Mobile/Page/Run App/Terminate App' successfully]]></system-out>
         <system-err><![CDATA[]]></system-err>
      </testcase>
      <testcase name="Test Cases/Mobile/Scenario/Transaction/013 - Menghapus item di keranjang" time="107.22" classname="Test Cases/Mobile/Scenario/Transaction/013 - Menghapus item di keranjang" status="FAILED">
         <failure type="FAILED" message="Test Cases/Mobile/Scenario/Transaction/013 - Menghapus item di keranjang FAILED.
Reason:
com.kms.katalon.core.exception.StepFailedException: Unable to call Test Case 'Test Cases/Mobile/Page/Transaction/Transaction' (Root cause: com.kms.katalon.core.exception.StepFailedException: Call Test Case 'Test Cases/Mobile/Page/Transaction/Transaction' failed
	at com.kms.katalon.core.keyword.builtin.CallTestCaseKeyword$_callTestCase_closure1.doCall(CallTestCaseKeyword.groovy:63)
	at com.kms.katalon.core.keyword.builtin.CallTestCaseKeyword$_callTestCase_closure1.call(CallTestCaseKeyword.groovy)
	at com.kms.katalon.core.keyword.internal.KeywordMain.runKeyword(KeywordMain.groovy:68)
	at com.kms.katalon.core.keyword.builtin.CallTestCaseKeyword.callTestCase(CallTestCaseKeyword.groovy:81)
	at com.kms.katalon.core.keyword.builtin.CallTestCaseKeyword.execute(CallTestCaseKeyword.groovy:44)
	at com.kms.katalon.core.keyword.internal.KeywordExecutor.executeKeywordForPlatform(KeywordExecutor.groovy:73)
	at com.kms.katalon.core.keyword.BuiltinKeywords.callTestCase(BuiltinKeywords.groovy:334)
	at 013 - Menghapus item di keranjang.run(013 - Menghapus item di keranjang:22)
	at com.kms.katalon.core.main.ScriptEngine.run(ScriptEngine.java:194)
	at com.kms.katalon.core.main.ScriptEngine.runScriptAsRawText(ScriptEngine.java:119)
	at com.kms.katalon.core.main.TestCaseExecutor.runScript(TestCaseExecutor.java:398)
	at com.kms.katalon.core.main.TestCaseExecutor.doExecute(TestCaseExecutor.java:389)
	at com.kms.katalon.core.main.TestCaseExecutor.processExecutionPhase(TestCaseExecutor.java:368)
	at com.kms.katalon.core.main.TestCaseExecutor.accessMainPhase(TestCaseExecutor.java:360)
	at com.kms.katalon.core.main.TestCaseExecutor.execute(TestCaseExecutor.java:255)
	at com.kms.katalon.core.main.TestSuiteExecutor.accessTestCaseMainPhase(TestSuiteExecutor.java:203)
	at com.kms.katalon.core.main.TestSuiteExecutor.accessTestSuiteMainPhase(TestSuiteExecutor.java:152)
	at com.kms.katalon.core.main.TestSuiteExecutor.execute(TestSuiteExecutor.java:95)
	at com.kms.katalon.core.main.TestCaseMain.startTestSuite(TestCaseMain.java:157)
	at com.kms.katalon.core.main.TestCaseMain$startTestSuite$0.call(Unknown Source)
	at TempTestSuite1636938259952.run(TempTestSuite1636938259952.groovy:39)
Caused by: com.kms.katalon.core.exception.StepFailedException: Call Test Case 'Test Cases/Mobile/Scenario/Transaction/Add Product to Cart' failed
	at com.kms.katalon.core.keyword.builtin.CallTestCaseKeyword$_callTestCase_closure1.doCall(CallTestCaseKeyword.groovy:63)
	at com.kms.katalon.core.keyword.builtin.CallTestCaseKeyword$_callTestCase_closure1.call(CallTestCaseKeyword.groovy)
	at com.kms.katalon.core.keyword.internal.KeywordMain.runKeyword(KeywordMain.groovy:68)
	at com.kms.katalon.core.keyword.builtin.CallTestCaseKeyword.callTestCase(CallTestCaseKeyword.groovy:81)
	at com.kms.katalon.core.keyword.builtin.CallTestCaseKeyword.execute(CallTestCaseKeyword.groovy:44)
	at com.kms.katalon.core.keyword.internal.KeywordExecutor.executeKeywordForPlatform(KeywordExecutor.groovy:73)
	at com.kms.katalon.core.keyword.BuiltinKeywords.callTestCase(BuiltinKeywords.groovy:334)
	at Transaction.run(Transaction:35)
	at com.kms.katalon.core.main.ScriptEngine.run(ScriptEngine.java:194)
	at com.kms.katalon.core.main.ScriptEngine.runScriptAsRawText(ScriptEngine.java:119)
	at com.kms.katalon.core.main.TestCaseExecutor.runScript(TestCaseExecutor.java:398)
	at com.kms.katalon.core.main.TestCaseExecutor.doExecute(TestCaseExecutor.java:389)
	at com.kms.katalon.core.main.TestCaseExecutor.processExecutionPhase(TestCaseExecutor.java:368)
	at com.kms.katalon.core.main.TestCaseExecutor.accessMainPhase(TestCaseExecutor.java:360)
	at com.kms.katalon.core.main.TestCaseExecutor.execute(TestCaseExecutor.java:255)
	at com.kms.katalon.core.main.TestCaseMain.runTestCase(TestCaseMain.java:114)
	at com.kms.katalon.core.keyword.builtin.CallTestCaseKeyword$_callTestCase_closure1.doCall(CallTestCaseKeyword.groovy:59)
	... 20 more
Caused by: com.kms.katalon.core.exception.StepFailedException: Object Object Repository/Mobile/Page/Transaction/Object for Add to Cart/Button - Buy Top Item not found
	at com.kms.katalon.core.keyword.internal.KeywordMain.stepFailed(KeywordMain.groovy:50)
	at com.kms.katalon.core.mobile.keyword.internal.MobileKeywordMain.stepFailed(MobileKeywordMain.groovy:40)
	at com.kms.katalon.core.mobile.keyword.builtin.TapKeyword$_tap_closure1.doCall(TapKeyword.groovy:79)
	at com.kms.katalon.core.mobile.keyword.builtin.TapKeyword$_tap_closure1.call(TapKeyword.groovy)
	at com.kms.katalon.core.mobile.keyword.internal.MobileKeywordMain.runKeyword(MobileKeywordMain.groovy:21)
	at com.kms.katalon.core.mobile.keyword.builtin.TapKeyword.tap(TapKeyword.groovy:86)
	at com.kms.katalon.core.mobile.keyword.builtin.TapKeyword.execute(TapKeyword.groovy:68)
	at com.kms.katalon.core.keyword.internal.KeywordExecutor.executeKeywordForPlatform(KeywordExecutor.groovy:73)
	at com.kms.katalon.core.mobile.keyword.MobileBuiltInKeywords.tap(MobileBuiltInKeywords.groovy:1354)
	at com.kms.katalon.core.mobile.keyword.MobileBuiltInKeywords$tap$1.call(Unknown Source)
	at Add Product to Cart.run(Add Product to Cart:23)
	at com.kms.katalon.core.main.ScriptEngine.run(ScriptEngine.java:194)
	at com.kms.katalon.core.main.ScriptEngine.runScriptAsRawText(ScriptEngine.java:119)
	at com.kms.katalon.core.main.TestCaseExecutor.runScript(TestCaseExecutor.java:398)
	at com.kms.katalon.core.main.TestCaseExecutor.doExecute(TestCaseExecutor.java:389)
	at com.kms.katalon.core.main.TestCaseExecutor.processExecutionPhase(TestCaseExecutor.java:368)
	at com.kms.katalon.core.main.TestCaseExecutor.accessMainPhase(TestCaseExecutor.java:360)
	at com.kms.katalon.core.main.TestCaseExecutor.execute(TestCaseExecutor.java:255)
	at com.kms.katalon.core.main.TestCaseMain.runTestCase(TestCaseMain.java:114)
	at com.kms.katalon.core.keyword.builtin.CallTestCaseKeyword$_callTestCase_closure1.doCall(CallTestCaseKeyword.groovy:59)
	... 36 more
)
	at com.kms.katalon.core.keyword.internal.KeywordMain.stepFailed(KeywordMain.groovy:39)
	at com.kms.katalon.core.keyword.internal.KeywordMain.stepFailed(KeywordMain.groovy)
	at com.kms.katalon.core.keyword.internal.KeywordMain.runKeyword(KeywordMain.groovy:70)
	at com.kms.katalon.core.keyword.builtin.CallTestCaseKeyword.callTestCase(CallTestCaseKeyword.groovy:81)
	at com.kms.katalon.core.keyword.builtin.CallTestCaseKeyword.execute(CallTestCaseKeyword.groovy:44)
	at com.kms.katalon.core.keyword.internal.KeywordExecutor.executeKeywordForPlatform(KeywordExecutor.groovy:73)
	at com.kms.katalon.core.keyword.BuiltinKeywords.callTestCase(BuiltinKeywords.groovy:334)
	at 013 - Menghapus item di keranjang.run(013 - Menghapus item di keranjang:22)
	at com.kms.katalon.core.main.ScriptEngine.run(ScriptEngine.java:194)
	at com.kms.katalon.core.main.ScriptEngine.runScriptAsRawText(ScriptEngine.java:119)
	at com.kms.katalon.core.main.TestCaseExecutor.runScript(TestCaseExecutor.java:398)
	at com.kms.katalon.core.main.TestCaseExecutor.doExecute(TestCaseExecutor.java:389)
	at com.kms.katalon.core.main.TestCaseExecutor.processExecutionPhase(TestCaseExecutor.java:368)
	at com.kms.katalon.core.main.TestCaseExecutor.accessMainPhase(TestCaseExecutor.java:360)
	at com.kms.katalon.core.main.TestCaseExecutor.execute(TestCaseExecutor.java:255)
	at com.kms.katalon.core.main.TestSuiteExecutor.accessTestCaseMainPhase(TestSuiteExecutor.java:203)
	at com.kms.katalon.core.main.TestSuiteExecutor.accessTestSuiteMainPhase(TestSuiteExecutor.java:152)
	at com.kms.katalon.core.main.TestSuiteExecutor.execute(TestSuiteExecutor.java:95)
	at com.kms.katalon.core.main.TestCaseMain.startTestSuite(TestCaseMain.java:157)
	at com.kms.katalon.core.main.TestCaseMain$startTestSuite$0.call(Unknown Source)
	at TempTestSuite1636938259952.run(TempTestSuite1636938259952.groovy:39)
Caused by: com.kms.katalon.core.exception.StepFailedException: Call Test Case 'Test Cases/Mobile/Page/Transaction/Transaction' failed
	at com.kms.katalon.core.keyword.builtin.CallTestCaseKeyword$_callTestCase_closure1.doCall(CallTestCaseKeyword.groovy:63)
	at com.kms.katalon.core.keyword.builtin.CallTestCaseKeyword$_callTestCase_closure1.call(CallTestCaseKeyword.groovy)
	at com.kms.katalon.core.keyword.internal.KeywordMain.runKeyword(KeywordMain.groovy:68)
	... 18 more
Caused by: com.kms.katalon.core.exception.StepFailedException: Call Test Case 'Test Cases/Mobile/Scenario/Transaction/Add Product to Cart' failed
	at com.kms.katalon.core.keyword.builtin.CallTestCaseKeyword$_callTestCase_closure1.doCall(CallTestCaseKeyword.groovy:63)
	at com.kms.katalon.core.keyword.builtin.CallTestCaseKeyword$_callTestCase_closure1.call(CallTestCaseKeyword.groovy)
	at com.kms.katalon.core.keyword.internal.KeywordMain.runKeyword(KeywordMain.groovy:68)
	at com.kms.katalon.core.keyword.builtin.CallTestCaseKeyword.callTestCase(CallTestCaseKeyword.groovy:81)
	at com.kms.katalon.core.keyword.builtin.CallTestCaseKeyword.execute(CallTestCaseKeyword.groovy:44)
	at com.kms.katalon.core.keyword.internal.KeywordExecutor.executeKeywordForPlatform(KeywordExecutor.groovy:73)
	at com.kms.katalon.core.keyword.BuiltinKeywords.callTestCase(BuiltinKeywords.groovy:334)
	at Transaction.run(Transaction:35)
	at com.kms.katalon.core.main.ScriptEngine.run(ScriptEngine.java:194)
	at com.kms.katalon.core.main.ScriptEngine.runScriptAsRawText(ScriptEngine.java:119)
	at com.kms.katalon.core.main.TestCaseExecutor.runScript(TestCaseExecutor.java:398)
	at com.kms.katalon.core.main.TestCaseExecutor.doExecute(TestCaseExecutor.java:389)
	at com.kms.katalon.core.main.TestCaseExecutor.processExecutionPhase(TestCaseExecutor.java:368)
	at com.kms.katalon.core.main.TestCaseExecutor.accessMainPhase(TestCaseExecutor.java:360)
	at com.kms.katalon.core.main.TestCaseExecutor.execute(TestCaseExecutor.java:255)
	at com.kms.katalon.core.main.TestCaseMain.runTestCase(TestCaseMain.java:114)
	at com.kms.katalon.core.keyword.builtin.CallTestCaseKeyword$_callTestCase_closure1.doCall(CallTestCaseKeyword.groovy:59)
	... 20 more
Caused by: com.kms.katalon.core.exception.StepFailedException: Object Object Repository/Mobile/Page/Transaction/Object for Add to Cart/Button - Buy Top Item not found
	at com.kms.katalon.core.keyword.internal.KeywordMain.stepFailed(KeywordMain.groovy:50)
	at com.kms.katalon.core.mobile.keyword.internal.MobileKeywordMain.stepFailed(MobileKeywordMain.groovy:40)
	at com.kms.katalon.core.mobile.keyword.builtin.TapKeyword$_tap_closure1.doCall(TapKeyword.groovy:79)
	at com.kms.katalon.core.mobile.keyword.builtin.TapKeyword$_tap_closure1.call(TapKeyword.groovy)
	at com.kms.katalon.core.mobile.keyword.internal.MobileKeywordMain.runKeyword(MobileKeywordMain.groovy:21)
	at com.kms.katalon.core.mobile.keyword.builtin.TapKeyword.tap(TapKeyword.groovy:86)
	at com.kms.katalon.core.mobile.keyword.builtin.TapKeyword.execute(TapKeyword.groovy:68)
	at com.kms.katalon.core.keyword.internal.KeywordExecutor.executeKeywordForPlatform(KeywordExecutor.groovy:73)
	at com.kms.katalon.core.mobile.keyword.MobileBuiltInKeywords.tap(MobileBuiltInKeywords.groovy:1354)
	at com.kms.katalon.core.mobile.keyword.MobileBuiltInKeywords$tap$1.call(Unknown Source)
	at Add Product to Cart.run(Add Product to Cart:23)
	at com.kms.katalon.core.main.ScriptEngine.run(ScriptEngine.java:194)
	at com.kms.katalon.core.main.ScriptEngine.runScriptAsRawText(ScriptEngine.java:119)
	at com.kms.katalon.core.main.TestCaseExecutor.runScript(TestCaseExecutor.java:398)
	at com.kms.katalon.core.main.TestCaseExecutor.doExecute(TestCaseExecutor.java:389)
	at com.kms.katalon.core.main.TestCaseExecutor.processExecutionPhase(TestCaseExecutor.java:368)
	at com.kms.katalon.core.main.TestCaseExecutor.accessMainPhase(TestCaseExecutor.java:360)
	at com.kms.katalon.core.main.TestCaseExecutor.execute(TestCaseExecutor.java:255)
	at com.kms.katalon.core.main.TestCaseMain.runTestCase(TestCaseMain.java:114)
	at com.kms.katalon.core.keyword.builtin.CallTestCaseKeyword$_callTestCase_closure1.doCall(CallTestCaseKeyword.groovy:59)
	... 36 more
"/>
         <system-out><![CDATA[2021-11-15 08:17:51 - [TEST_CASE][FAILED] - Test Cases/Mobile/Scenario/Transaction/013 - Menghapus item di keranjang: Test Cases/Mobile/Scenario/Transaction/013 - Menghapus item di keranjang FAILED.
Reason:
com.kms.katalon.core.exception.StepFailedException: Unable to call Test Case 'Test Cases/Mobile/Page/Transaction/Transaction' (Root cause: com.kms.katalon.core.exception.StepFailedException: Call Test Case 'Test Cases/Mobile/Page/Transaction/Transaction' failed
	at com.kms.katalon.core.keyword.builtin.CallTestCaseKeyword$_callTestCase_closure1.doCall(CallTestCaseKeyword.groovy:63)
	at com.kms.katalon.core.keyword.builtin.CallTestCaseKeyword$_callTestCase_closure1.call(CallTestCaseKeyword.groovy)
	at com.kms.katalon.core.keyword.internal.KeywordMain.runKeyword(KeywordMain.groovy:68)
	at com.kms.katalon.core.keyword.builtin.CallTestCaseKeyword.callTestCase(CallTestCaseKeyword.groovy:81)
	at com.kms.katalon.core.keyword.builtin.CallTestCaseKeyword.execute(CallTestCaseKeyword.groovy:44)
	at com.kms.katalon.core.keyword.internal.KeywordExecutor.executeKeywordForPlatform(KeywordExecutor.groovy:73)
	at com.kms.katalon.core.keyword.BuiltinKeywords.callTestCase(BuiltinKeywords.groovy:334)
	at 013 - Menghapus item di keranjang.run(013 - Menghapus item di keranjang:22)
	at com.kms.katalon.core.main.ScriptEngine.run(ScriptEngine.java:194)
	at com.kms.katalon.core.main.ScriptEngine.runScriptAsRawText(ScriptEngine.java:119)
	at com.kms.katalon.core.main.TestCaseExecutor.runScript(TestCaseExecutor.java:398)
	at com.kms.katalon.core.main.TestCaseExecutor.doExecute(TestCaseExecutor.java:389)
	at com.kms.katalon.core.main.TestCaseExecutor.processExecutionPhase(TestCaseExecutor.java:368)
	at com.kms.katalon.core.main.TestCaseExecutor.accessMainPhase(TestCaseExecutor.java:360)
	at com.kms.katalon.core.main.TestCaseExecutor.execute(TestCaseExecutor.java:255)
	at com.kms.katalon.core.main.TestSuiteExecutor.accessTestCaseMainPhase(TestSuiteExecutor.java:203)
	at com.kms.katalon.core.main.TestSuiteExecutor.accessTestSuiteMainPhase(TestSuiteExecutor.java:152)
	at com.kms.katalon.core.main.TestSuiteExecutor.execute(TestSuiteExecutor.java:95)
	at com.kms.katalon.core.main.TestCaseMain.startTestSuite(TestCaseMain.java:157)
	at com.kms.katalon.core.main.TestCaseMain$startTestSuite$0.call(Unknown Source)
	at TempTestSuite1636938259952.run(TempTestSuite1636938259952.groovy:39)
Caused by: com.kms.katalon.core.exception.StepFailedException: Call Test Case 'Test Cases/Mobile/Scenario/Transaction/Add Product to Cart' failed
	at com.kms.katalon.core.keyword.builtin.CallTestCaseKeyword$_callTestCase_closure1.doCall(CallTestCaseKeyword.groovy:63)
	at com.kms.katalon.core.keyword.builtin.CallTestCaseKeyword$_callTestCase_closure1.call(CallTestCaseKeyword.groovy)
	at com.kms.katalon.core.keyword.internal.KeywordMain.runKeyword(KeywordMain.groovy:68)
	at com.kms.katalon.core.keyword.builtin.CallTestCaseKeyword.callTestCase(CallTestCaseKeyword.groovy:81)
	at com.kms.katalon.core.keyword.builtin.CallTestCaseKeyword.execute(CallTestCaseKeyword.groovy:44)
	at com.kms.katalon.core.keyword.internal.KeywordExecutor.executeKeywordForPlatform(KeywordExecutor.groovy:73)
	at com.kms.katalon.core.keyword.BuiltinKeywords.callTestCase(BuiltinKeywords.groovy:334)
	at Transaction.run(Transaction:35)
	at com.kms.katalon.core.main.ScriptEngine.run(ScriptEngine.java:194)
	at com.kms.katalon.core.main.ScriptEngine.runScriptAsRawText(ScriptEngine.java:119)
	at com.kms.katalon.core.main.TestCaseExecutor.runScript(TestCaseExecutor.java:398)
	at com.kms.katalon.core.main.TestCaseExecutor.doExecute(TestCaseExecutor.java:389)
	at com.kms.katalon.core.main.TestCaseExecutor.processExecutionPhase(TestCaseExecutor.java:368)
	at com.kms.katalon.core.main.TestCaseExecutor.accessMainPhase(TestCaseExecutor.java:360)
	at com.kms.katalon.core.main.TestCaseExecutor.execute(TestCaseExecutor.java:255)
	at com.kms.katalon.core.main.TestCaseMain.runTestCase(TestCaseMain.java:114)
	at com.kms.katalon.core.keyword.builtin.CallTestCaseKeyword$_callTestCase_closure1.doCall(CallTestCaseKeyword.groovy:59)
	... 20 more
Caused by: com.kms.katalon.core.exception.StepFailedException: Object Object Repository/Mobile/Page/Transaction/Object for Add to Cart/Button - Buy Top Item not found
	at com.kms.katalon.core.keyword.internal.KeywordMain.stepFailed(KeywordMain.groovy:50)
	at com.kms.katalon.core.mobile.keyword.internal.MobileKeywordMain.stepFailed(MobileKeywordMain.groovy:40)
	at com.kms.katalon.core.mobile.keyword.builtin.TapKeyword$_tap_closure1.doCall(TapKeyword.groovy:79)
	at com.kms.katalon.core.mobile.keyword.builtin.TapKeyword$_tap_closure1.call(TapKeyword.groovy)
	at com.kms.katalon.core.mobile.keyword.internal.MobileKeywordMain.runKeyword(MobileKeywordMain.groovy:21)
	at com.kms.katalon.core.mobile.keyword.builtin.TapKeyword.tap(TapKeyword.groovy:86)
	at com.kms.katalon.core.mobile.keyword.builtin.TapKeyword.execute(TapKeyword.groovy:68)
	at com.kms.katalon.core.keyword.internal.KeywordExecutor.executeKeywordForPlatform(KeywordExecutor.groovy:73)
	at com.kms.katalon.core.mobile.keyword.MobileBuiltInKeywords.tap(MobileBuiltInKeywords.groovy:1354)
	at com.kms.katalon.core.mobile.keyword.MobileBuiltInKeywords$tap$1.call(Unknown Source)
	at Add Product to Cart.run(Add Product to Cart:23)
	at com.kms.katalon.core.main.ScriptEngine.run(ScriptEngine.java:194)
	at com.kms.katalon.core.main.ScriptEngine.runScriptAsRawText(ScriptEngine.java:119)
	at com.kms.katalon.core.main.TestCaseExecutor.runScript(TestCaseExecutor.java:398)
	at com.kms.katalon.core.main.TestCaseExecutor.doExecute(TestCaseExecutor.java:389)
	at com.kms.katalon.core.main.TestCaseExecutor.processExecutionPhase(TestCaseExecutor.java:368)
	at com.kms.katalon.core.main.TestCaseExecutor.accessMainPhase(TestCaseExecutor.java:360)
	at com.kms.katalon.core.main.TestCaseExecutor.execute(TestCaseExecutor.java:255)
	at com.kms.katalon.core.main.TestCaseMain.runTestCase(TestCaseMain.java:114)
	at com.kms.katalon.core.keyword.builtin.CallTestCaseKeyword$_callTestCase_closure1.doCall(CallTestCaseKeyword.groovy:59)
	... 36 more
)
	at com.kms.katalon.core.keyword.internal.KeywordMain.stepFailed(KeywordMain.groovy:39)
	at com.kms.katalon.core.keyword.internal.KeywordMain.stepFailed(KeywordMain.groovy)
	at com.kms.katalon.core.keyword.internal.KeywordMain.runKeyword(KeywordMain.groovy:70)
	at com.kms.katalon.core.keyword.builtin.CallTestCaseKeyword.callTestCase(CallTestCaseKeyword.groovy:81)
	at com.kms.katalon.core.keyword.builtin.CallTestCaseKeyword.execute(CallTestCaseKeyword.groovy:44)
	at com.kms.katalon.core.keyword.internal.KeywordExecutor.executeKeywordForPlatform(KeywordExecutor.groovy:73)
	at com.kms.katalon.core.keyword.BuiltinKeywords.callTestCase(BuiltinKeywords.groovy:334)
	at 013 - Menghapus item di keranjang.run(013 - Menghapus item di keranjang:22)
	at com.kms.katalon.core.main.ScriptEngine.run(ScriptEngine.java:194)
	at com.kms.katalon.core.main.ScriptEngine.runScriptAsRawText(ScriptEngine.java:119)
	at com.kms.katalon.core.main.TestCaseExecutor.runScript(TestCaseExecutor.java:398)
	at com.kms.katalon.core.main.TestCaseExecutor.doExecute(TestCaseExecutor.java:389)
	at com.kms.katalon.core.main.TestCaseExecutor.processExecutionPhase(TestCaseExecutor.java:368)
	at com.kms.katalon.core.main.TestCaseExecutor.accessMainPhase(TestCaseExecutor.java:360)
	at com.kms.katalon.core.main.TestCaseExecutor.execute(TestCaseExecutor.java:255)
	at com.kms.katalon.core.main.TestSuiteExecutor.accessTestCaseMainPhase(TestSuiteExecutor.java:203)
	at com.kms.katalon.core.main.TestSuiteExecutor.accessTestSuiteMainPhase(TestSuiteExecutor.java:152)
	at com.kms.katalon.core.main.TestSuiteExecutor.execute(TestSuiteExecutor.java:95)
	at com.kms.katalon.core.main.TestCaseMain.startTestSuite(TestCaseMain.java:157)
	at com.kms.katalon.core.main.TestCaseMain$startTestSuite$0.call(Unknown Source)
	at TempTestSuite1636938259952.run(TempTestSuite1636938259952.groovy:39)
Caused by: com.kms.katalon.core.exception.StepFailedException: Call Test Case 'Test Cases/Mobile/Page/Transaction/Transaction' failed
	at com.kms.katalon.core.keyword.builtin.CallTestCaseKeyword$_callTestCase_closure1.doCall(CallTestCaseKeyword.groovy:63)
	at com.kms.katalon.core.keyword.builtin.CallTestCaseKeyword$_callTestCase_closure1.call(CallTestCaseKeyword.groovy)
	at com.kms.katalon.core.keyword.internal.KeywordMain.runKeyword(KeywordMain.groovy:68)
	... 18 more
Caused by: com.kms.katalon.core.exception.StepFailedException: Call Test Case 'Test Cases/Mobile/Scenario/Transaction/Add Product to Cart' failed
	at com.kms.katalon.core.keyword.builtin.CallTestCaseKeyword$_callTestCase_closure1.doCall(CallTestCaseKeyword.groovy:63)
	at com.kms.katalon.core.keyword.builtin.CallTestCaseKeyword$_callTestCase_closure1.call(CallTestCaseKeyword.groovy)
	at com.kms.katalon.core.keyword.internal.KeywordMain.runKeyword(KeywordMain.groovy:68)
	at com.kms.katalon.core.keyword.builtin.CallTestCaseKeyword.callTestCase(CallTestCaseKeyword.groovy:81)
	at com.kms.katalon.core.keyword.builtin.CallTestCaseKeyword.execute(CallTestCaseKeyword.groovy:44)
	at com.kms.katalon.core.keyword.internal.KeywordExecutor.executeKeywordForPlatform(KeywordExecutor.groovy:73)
	at com.kms.katalon.core.keyword.BuiltinKeywords.callTestCase(BuiltinKeywords.groovy:334)
	at Transaction.run(Transaction:35)
	at com.kms.katalon.core.main.ScriptEngine.run(ScriptEngine.java:194)
	at com.kms.katalon.core.main.ScriptEngine.runScriptAsRawText(ScriptEngine.java:119)
	at com.kms.katalon.core.main.TestCaseExecutor.runScript(TestCaseExecutor.java:398)
	at com.kms.katalon.core.main.TestCaseExecutor.doExecute(TestCaseExecutor.java:389)
	at com.kms.katalon.core.main.TestCaseExecutor.processExecutionPhase(TestCaseExecutor.java:368)
	at com.kms.katalon.core.main.TestCaseExecutor.accessMainPhase(TestCaseExecutor.java:360)
	at com.kms.katalon.core.main.TestCaseExecutor.execute(TestCaseExecutor.java:255)
	at com.kms.katalon.core.main.TestCaseMain.runTestCase(TestCaseMain.java:114)
	at com.kms.katalon.core.keyword.builtin.CallTestCaseKeyword$_callTestCase_closure1.doCall(CallTestCaseKeyword.groovy:59)
	... 20 more
Caused by: com.kms.katalon.core.exception.StepFailedException: Object Object Repository/Mobile/Page/Transaction/Object for Add to Cart/Button - Buy Top Item not found
	at com.kms.katalon.core.keyword.internal.KeywordMain.stepFailed(KeywordMain.groovy:50)
	at com.kms.katalon.core.mobile.keyword.internal.MobileKeywordMain.stepFailed(MobileKeywordMain.groovy:40)
	at com.kms.katalon.core.mobile.keyword.builtin.TapKeyword$_tap_closure1.doCall(TapKeyword.groovy:79)
	at com.kms.katalon.core.mobile.keyword.builtin.TapKeyword$_tap_closure1.call(TapKeyword.groovy)
	at com.kms.katalon.core.mobile.keyword.internal.MobileKeywordMain.runKeyword(MobileKeywordMain.groovy:21)
	at com.kms.katalon.core.mobile.keyword.builtin.TapKeyword.tap(TapKeyword.groovy:86)
	at com.kms.katalon.core.mobile.keyword.builtin.TapKeyword.execute(TapKeyword.groovy:68)
	at com.kms.katalon.core.keyword.internal.KeywordExecutor.executeKeywordForPlatform(KeywordExecutor.groovy:73)
	at com.kms.katalon.core.mobile.keyword.MobileBuiltInKeywords.tap(MobileBuiltInKeywords.groovy:1354)
	at com.kms.katalon.core.mobile.keyword.MobileBuiltInKeywords$tap$1.call(Unknown Source)
	at Add Product to Cart.run(Add Product to Cart:23)
	at com.kms.katalon.core.main.ScriptEngine.run(ScriptEngine.java:194)
	at com.kms.katalon.core.main.ScriptEngine.runScriptAsRawText(ScriptEngine.java:119)
	at com.kms.katalon.core.main.TestCaseExecutor.runScript(TestCaseExecutor.java:398)
	at com.kms.katalon.core.main.TestCaseExecutor.doExecute(TestCaseExecutor.java:389)
	at com.kms.katalon.core.main.TestCaseExecutor.processExecutionPhase(TestCaseExecutor.java:368)
	at com.kms.katalon.core.main.TestCaseExecutor.accessMainPhase(TestCaseExecutor.java:360)
	at com.kms.katalon.core.main.TestCaseExecutor.execute(TestCaseExecutor.java:255)
	at com.kms.katalon.core.main.TestCaseMain.runTestCase(TestCaseMain.java:114)
	at com.kms.katalon.core.keyword.builtin.CallTestCaseKeyword$_callTestCase_closure1.doCall(CallTestCaseKeyword.groovy:59)
	... 36 more


2021-11-15 08:17:51 - [TEST_STEP][PASSED] - callTestCase(findTestCase("Mobile/Page/Run App/Run App byID"), [:], STOP_ON_FAILURE): Call Test Case 'Test Cases/Mobile/Page/Run App/Run App byID' successfully

2021-11-15 08:17:51 - [TEST_CASE][PASSED] - Test Cases/Mobile/Page/Run App/Run App byID: Test Cases/Mobile/Page/Run App/Run App byID

2021-11-15 08:17:51 - [TEST_STEP][PASSED] - startApp.OpenApp.startApplication("com.mirae.maxfund"): startApp.OpenApp.startApplication is PASSED

2021-11-15 08:18:04 - [MESSAGE][PASSED] - Starting app with application ID: 'com.mirae.maxfund'

2021-11-15 08:18:04 - [MESSAGE][PASSED] - startApp.OpenApp.startApplication is PASSED

2021-11-15 08:18:04 - [MESSAGE][PASSED] - Call Test Case 'Test Cases/Mobile/Page/Run App/Run App byID' successfully

2021-11-15 08:18:04 - [TEST_STEP][FAILED] - callTestCase(findTestCase("Mobile/Page/Transaction/Transaction"), ["page":"cart", "tab":"none", "action":"deleteitem"], CONTINUE_ON_FAILURE): Unable to call Test Case 'Test Cases/Mobile/Page/Transaction/Transaction' (Root cause: com.kms.katalon.core.exception.StepFailedException: Call Test Case 'Test Cases/Mobile/Page/Transaction/Transaction' failed
	at com.kms.katalon.core.keyword.builtin.CallTestCaseKeyword$_callTestCase_closure1.doCall(CallTestCaseKeyword.groovy:63)
	at com.kms.katalon.core.keyword.builtin.CallTestCaseKeyword$_callTestCase_closure1.call(CallTestCaseKeyword.groovy)
	at com.kms.katalon.core.keyword.internal.KeywordMain.runKeyword(KeywordMain.groovy:68)
	at com.kms.katalon.core.keyword.builtin.CallTestCaseKeyword.callTestCase(CallTestCaseKeyword.groovy:81)
	at com.kms.katalon.core.keyword.builtin.CallTestCaseKeyword.execute(CallTestCaseKeyword.groovy:44)
	at com.kms.katalon.core.keyword.internal.KeywordExecutor.executeKeywordForPlatform(KeywordExecutor.groovy:73)
	at com.kms.katalon.core.keyword.BuiltinKeywords.callTestCase(BuiltinKeywords.groovy:334)
	at 013 - Menghapus item di keranjang.run(013 - Menghapus item di keranjang:22)
	at com.kms.katalon.core.main.ScriptEngine.run(ScriptEngine.java:194)
	at com.kms.katalon.core.main.ScriptEngine.runScriptAsRawText(ScriptEngine.java:119)
	at com.kms.katalon.core.main.TestCaseExecutor.runScript(TestCaseExecutor.java:398)
	at com.kms.katalon.core.main.TestCaseExecutor.doExecute(TestCaseExecutor.java:389)
	at com.kms.katalon.core.main.TestCaseExecutor.processExecutionPhase(TestCaseExecutor.java:368)
	at com.kms.katalon.core.main.TestCaseExecutor.accessMainPhase(TestCaseExecutor.java:360)
	at com.kms.katalon.core.main.TestCaseExecutor.execute(TestCaseExecutor.java:255)
	at com.kms.katalon.core.main.TestSuiteExecutor.accessTestCaseMainPhase(TestSuiteExecutor.java:203)
	at com.kms.katalon.core.main.TestSuiteExecutor.accessTestSuiteMainPhase(TestSuiteExecutor.java:152)
	at com.kms.katalon.core.main.TestSuiteExecutor.execute(TestSuiteExecutor.java:95)
	at com.kms.katalon.core.main.TestCaseMain.startTestSuite(TestCaseMain.java:157)
	at com.kms.katalon.core.main.TestCaseMain$startTestSuite$0.call(Unknown Source)
	at TempTestSuite1636938259952.run(TempTestSuite1636938259952.groovy:39)
Caused by: com.kms.katalon.core.exception.StepFailedException: Call Test Case 'Test Cases/Mobile/Scenario/Transaction/Add Product to Cart' failed
	at com.kms.katalon.core.keyword.builtin.CallTestCaseKeyword$_callTestCase_closure1.doCall(CallTestCaseKeyword.groovy:63)
	at com.kms.katalon.core.keyword.builtin.CallTestCaseKeyword$_callTestCase_closure1.call(CallTestCaseKeyword.groovy)
	at com.kms.katalon.core.keyword.internal.KeywordMain.runKeyword(KeywordMain.groovy:68)
	at com.kms.katalon.core.keyword.builtin.CallTestCaseKeyword.callTestCase(CallTestCaseKeyword.groovy:81)
	at com.kms.katalon.core.keyword.builtin.CallTestCaseKeyword.execute(CallTestCaseKeyword.groovy:44)
	at com.kms.katalon.core.keyword.internal.KeywordExecutor.executeKeywordForPlatform(KeywordExecutor.groovy:73)
	at com.kms.katalon.core.keyword.BuiltinKeywords.callTestCase(BuiltinKeywords.groovy:334)
	at Transaction.run(Transaction:35)
	at com.kms.katalon.core.main.ScriptEngine.run(ScriptEngine.java:194)
	at com.kms.katalon.core.main.ScriptEngine.runScriptAsRawText(ScriptEngine.java:119)
	at com.kms.katalon.core.main.TestCaseExecutor.runScript(TestCaseExecutor.java:398)
	at com.kms.katalon.core.main.TestCaseExecutor.doExecute(TestCaseExecutor.java:389)
	at com.kms.katalon.core.main.TestCaseExecutor.processExecutionPhase(TestCaseExecutor.java:368)
	at com.kms.katalon.core.main.TestCaseExecutor.accessMainPhase(TestCaseExecutor.java:360)
	at com.kms.katalon.core.main.TestCaseExecutor.execute(TestCaseExecutor.java:255)
	at com.kms.katalon.core.main.TestCaseMain.runTestCase(TestCaseMain.java:114)
	at com.kms.katalon.core.keyword.builtin.CallTestCaseKeyword$_callTestCase_closure1.doCall(CallTestCaseKeyword.groovy:59)
	... 20 more
Caused by: com.kms.katalon.core.exception.StepFailedException: Object Object Repository/Mobile/Page/Transaction/Object for Add to Cart/Button - Buy Top Item not found
	at com.kms.katalon.core.keyword.internal.KeywordMain.stepFailed(KeywordMain.groovy:50)
	at com.kms.katalon.core.mobile.keyword.internal.MobileKeywordMain.stepFailed(MobileKeywordMain.groovy:40)
	at com.kms.katalon.core.mobile.keyword.builtin.TapKeyword$_tap_closure1.doCall(TapKeyword.groovy:79)
	at com.kms.katalon.core.mobile.keyword.builtin.TapKeyword$_tap_closure1.call(TapKeyword.groovy)
	at com.kms.katalon.core.mobile.keyword.internal.MobileKeywordMain.runKeyword(MobileKeywordMain.groovy:21)
	at com.kms.katalon.core.mobile.keyword.builtin.TapKeyword.tap(TapKeyword.groovy:86)
	at com.kms.katalon.core.mobile.keyword.builtin.TapKeyword.execute(TapKeyword.groovy:68)
	at com.kms.katalon.core.keyword.internal.KeywordExecutor.executeKeywordForPlatform(KeywordExecutor.groovy:73)
	at com.kms.katalon.core.mobile.keyword.MobileBuiltInKeywords.tap(MobileBuiltInKeywords.groovy:1354)
	at com.kms.katalon.core.mobile.keyword.MobileBuiltInKeywords$tap$1.call(Unknown Source)
	at Add Product to Cart.run(Add Product to Cart:23)
	at com.kms.katalon.core.main.ScriptEngine.run(ScriptEngine.java:194)
	at com.kms.katalon.core.main.ScriptEngine.runScriptAsRawText(ScriptEngine.java:119)
	at com.kms.katalon.core.main.TestCaseExecutor.runScript(TestCaseExecutor.java:398)
	at com.kms.katalon.core.main.TestCaseExecutor.doExecute(TestCaseExecutor.java:389)
	at com.kms.katalon.core.main.TestCaseExecutor.processExecutionPhase(TestCaseExecutor.java:368)
	at com.kms.katalon.core.main.TestCaseExecutor.accessMainPhase(TestCaseExecutor.java:360)
	at com.kms.katalon.core.main.TestCaseExecutor.execute(TestCaseExecutor.java:255)
	at com.kms.katalon.core.main.TestCaseMain.runTestCase(TestCaseMain.java:114)
	at com.kms.katalon.core.keyword.builtin.CallTestCaseKeyword$_callTestCase_closure1.doCall(CallTestCaseKeyword.groovy:59)
	... 36 more
)

2021-11-15 08:18:04 - [TEST_CASE][FAILED] - Test Cases/Mobile/Page/Transaction/Transaction: Test Cases/Mobile/Page/Transaction/Transaction FAILED.
Reason:
com.kms.katalon.core.exception.StepFailedException: Call Test Case 'Test Cases/Mobile/Scenario/Transaction/Add Product to Cart' failed
	at com.kms.katalon.core.keyword.builtin.CallTestCaseKeyword$_callTestCase_closure1.doCall(CallTestCaseKeyword.groovy:63)
	at com.kms.katalon.core.keyword.builtin.CallTestCaseKeyword$_callTestCase_closure1.call(CallTestCaseKeyword.groovy)
	at com.kms.katalon.core.keyword.internal.KeywordMain.runKeyword(KeywordMain.groovy:68)
	at com.kms.katalon.core.keyword.builtin.CallTestCaseKeyword.callTestCase(CallTestCaseKeyword.groovy:81)
	at com.kms.katalon.core.keyword.builtin.CallTestCaseKeyword.execute(CallTestCaseKeyword.groovy:44)
	at com.kms.katalon.core.keyword.internal.KeywordExecutor.executeKeywordForPlatform(KeywordExecutor.groovy:73)
	at com.kms.katalon.core.keyword.BuiltinKeywords.callTestCase(BuiltinKeywords.groovy:334)
	at Transaction.run(Transaction:35)
	at com.kms.katalon.core.main.ScriptEngine.run(ScriptEngine.java:194)
	at com.kms.katalon.core.main.ScriptEngine.runScriptAsRawText(ScriptEngine.java:119)
	at com.kms.katalon.core.main.TestCaseExecutor.runScript(TestCaseExecutor.java:398)
	at com.kms.katalon.core.main.TestCaseExecutor.doExecute(TestCaseExecutor.java:389)
	at com.kms.katalon.core.main.TestCaseExecutor.processExecutionPhase(TestCaseExecutor.java:368)
	at com.kms.katalon.core.main.TestCaseExecutor.accessMainPhase(TestCaseExecutor.java:360)
	at com.kms.katalon.core.main.TestCaseExecutor.execute(TestCaseExecutor.java:255)
	at com.kms.katalon.core.main.TestCaseMain.runTestCase(TestCaseMain.java:114)
	at com.kms.katalon.core.keyword.builtin.CallTestCaseKeyword$_callTestCase_closure1.doCall(CallTestCaseKeyword.groovy:59)
	at com.kms.katalon.core.keyword.builtin.CallTestCaseKeyword$_callTestCase_closure1.call(CallTestCaseKeyword.groovy)
	at com.kms.katalon.core.keyword.internal.KeywordMain.runKeyword(KeywordMain.groovy:68)
	at com.kms.katalon.core.keyword.builtin.CallTestCaseKeyword.callTestCase(CallTestCaseKeyword.groovy:81)
	at com.kms.katalon.core.keyword.builtin.CallTestCaseKeyword.execute(CallTestCaseKeyword.groovy:44)
	at com.kms.katalon.core.keyword.internal.KeywordExecutor.executeKeywordForPlatform(KeywordExecutor.groovy:73)
	at com.kms.katalon.core.keyword.BuiltinKeywords.callTestCase(BuiltinKeywords.groovy:334)
	at 013 - Menghapus item di keranjang.run(013 - Menghapus item di keranjang:22)
	at com.kms.katalon.core.main.ScriptEngine.run(ScriptEngine.java:194)
	at com.kms.katalon.core.main.ScriptEngine.runScriptAsRawText(ScriptEngine.java:119)
	at com.kms.katalon.core.main.TestCaseExecutor.runScript(TestCaseExecutor.java:398)
	at com.kms.katalon.core.main.TestCaseExecutor.doExecute(TestCaseExecutor.java:389)
	at com.kms.katalon.core.main.TestCaseExecutor.processExecutionPhase(TestCaseExecutor.java:368)
	at com.kms.katalon.core.main.TestCaseExecutor.accessMainPhase(TestCaseExecutor.java:360)
	at com.kms.katalon.core.main.TestCaseExecutor.execute(TestCaseExecutor.java:255)
	at com.kms.katalon.core.main.TestSuiteExecutor.accessTestCaseMainPhase(TestSuiteExecutor.java:203)
	at com.kms.katalon.core.main.TestSuiteExecutor.accessTestSuiteMainPhase(TestSuiteExecutor.java:152)
	at com.kms.katalon.core.main.TestSuiteExecutor.execute(TestSuiteExecutor.java:95)
	at com.kms.katalon.core.main.TestCaseMain.startTestSuite(TestCaseMain.java:157)
	at com.kms.katalon.core.main.TestCaseMain$startTestSuite$0.call(Unknown Source)
	at TempTestSuite1636938259952.run(TempTestSuite1636938259952.groovy:39)
Caused by: com.kms.katalon.core.exception.StepFailedException: Object Object Repository/Mobile/Page/Transaction/Object for Add to Cart/Button - Buy Top Item not found
	at com.kms.katalon.core.keyword.internal.KeywordMain.stepFailed(KeywordMain.groovy:50)
	at com.kms.katalon.core.mobile.keyword.internal.MobileKeywordMain.stepFailed(MobileKeywordMain.groovy:40)
	at com.kms.katalon.core.mobile.keyword.builtin.TapKeyword$_tap_closure1.doCall(TapKeyword.groovy:79)
	at com.kms.katalon.core.mobile.keyword.builtin.TapKeyword$_tap_closure1.call(TapKeyword.groovy)
	at com.kms.katalon.core.mobile.keyword.internal.MobileKeywordMain.runKeyword(MobileKeywordMain.groovy:21)
	at com.kms.katalon.core.mobile.keyword.builtin.TapKeyword.tap(TapKeyword.groovy:86)
	at com.kms.katalon.core.mobile.keyword.builtin.TapKeyword.execute(TapKeyword.groovy:68)
	at com.kms.katalon.core.keyword.internal.KeywordExecutor.executeKeywordForPlatform(KeywordExecutor.groovy:73)
	at com.kms.katalon.core.mobile.keyword.MobileBuiltInKeywords.tap(MobileBuiltInKeywords.groovy:1354)
	at com.kms.katalon.core.mobile.keyword.MobileBuiltInKeywords$tap$1.call(Unknown Source)
	at Add Product to Cart.run(Add Product to Cart:23)
	at com.kms.katalon.core.main.ScriptEngine.run(ScriptEngine.java:194)
	at com.kms.katalon.core.main.ScriptEngine.runScriptAsRawText(ScriptEngine.java:119)
	at com.kms.katalon.core.main.TestCaseExecutor.runScript(TestCaseExecutor.java:398)
	at com.kms.katalon.core.main.TestCaseExecutor.doExecute(TestCaseExecutor.java:389)
	at com.kms.katalon.core.main.TestCaseExecutor.processExecutionPhase(TestCaseExecutor.java:368)
	at com.kms.katalon.core.main.TestCaseExecutor.accessMainPhase(TestCaseExecutor.java:360)
	at com.kms.katalon.core.main.TestCaseExecutor.execute(TestCaseExecutor.java:255)
	at com.kms.katalon.core.main.TestCaseMain.runTestCase(TestCaseMain.java:114)
	at com.kms.katalon.core.keyword.builtin.CallTestCaseKeyword$_callTestCase_closure1.doCall(CallTestCaseKeyword.groovy:59)
	... 36 more


2021-11-15 08:18:04 - [TEST_STEP][PASSED] - delay(5): Delayed 5 second(s)

2021-11-15 08:18:09 - [MESSAGE][PASSED] - Delayed 5 second(s)

2021-11-15 08:18:09 - [TEST_STEP][PASSED] - loginCheck = verifyElementExist(findTestObject("Object Repository/Mobile/Page/Dashboard/Button - Login"), 2, CONTINUE_ON_FAILURE): Element 'Object Repository/Mobile/Page/Dashboard/Button - Login' is exist

2021-11-15 08:18:10 - [MESSAGE][PASSED] - Element 'Object Repository/Mobile/Page/Dashboard/Button - Login' is exist

2021-11-15 08:18:10 - [TEST_STEP][PASSED] - if (loginCheck): Delayed 3 second(s)

2021-11-15 08:18:10 - [TEST_STEP][PASSED] - tap(findTestObject("Object Repository/Mobile/Page/Dashboard/Button - Login"), 0): Tapped on element 'Object Repository/Mobile/Page/Dashboard/Button - Login'

2021-11-15 08:18:10 - [MESSAGE][WARNING] - Timeout '0' is invalid. Using default page load timeout: '60'

2021-11-15 08:18:12 - [MESSAGE][PASSED] - Tapped on element 'Object Repository/Mobile/Page/Dashboard/Button - Login'

2021-11-15 08:18:12 - [TEST_STEP][PASSED] - tap(findTestObject("Object Repository/Mobile/Page/Login/Input - UserID or Email"), 0): Tapped on element 'Object Repository/Mobile/Page/Login/Input - UserID or Email'

2021-11-15 08:18:12 - [MESSAGE][WARNING] - Timeout '0' is invalid. Using default page load timeout: '60'

2021-11-15 08:18:13 - [MESSAGE][PASSED] - Tapped on element 'Object Repository/Mobile/Page/Login/Input - UserID or Email'

2021-11-15 08:18:13 - [TEST_STEP][PASSED] - setText(findTestObject("Object Repository/Mobile/Page/Login/Input - UserID or Email"), "ady.pangerang@gmail.com", 0): Text 'ady.pangerang@gmail.com' has been set to element 'Object Repository/Mobile/Page/Login/Input - UserID or Email'

2021-11-15 08:18:13 - [MESSAGE][WARNING] - Timeout '0' is invalid. Using default page load timeout: '60'

2021-11-15 08:18:15 - [MESSAGE][PASSED] - Text 'ady.pangerang@gmail.com' has been set to element 'Object Repository/Mobile/Page/Login/Input - UserID or Email'

2021-11-15 08:18:15 - [TEST_STEP][PASSED] - tap(findTestObject("Object Repository/Mobile/Page/Login/Input - Password 2"), 0): Tapped on element 'Object Repository/Mobile/Page/Login/Input - Password 2'

2021-11-15 08:18:15 - [MESSAGE][WARNING] - Timeout '0' is invalid. Using default page load timeout: '60'

2021-11-15 08:18:16 - [MESSAGE][PASSED] - Tapped on element 'Object Repository/Mobile/Page/Login/Input - Password 2'

2021-11-15 08:18:16 - [TEST_STEP][PASSED] - setText(findTestObject("Object Repository/Mobile/Page/Login/Input - Password 2"), "Mirae1234", 0): Text 'Mirae1234' has been set to element 'Object Repository/Mobile/Page/Login/Input - Password 2'

2021-11-15 08:18:16 - [MESSAGE][WARNING] - Timeout '0' is invalid. Using default page load timeout: '60'

2021-11-15 08:18:17 - [MESSAGE][PASSED] - Text 'Mirae1234' has been set to element 'Object Repository/Mobile/Page/Login/Input - Password 2'

2021-11-15 08:18:17 - [TEST_STEP][PASSED] - tap(findTestObject("Object Repository/Mobile/Page/Login/Button - Sign In"), 0): Tapped on element 'Object Repository/Mobile/Page/Login/Button - Sign In'

2021-11-15 08:18:17 - [MESSAGE][WARNING] - Timeout '0' is invalid. Using default page load timeout: '60'

2021-11-15 08:18:18 - [MESSAGE][PASSED] - Tapped on element 'Object Repository/Mobile/Page/Login/Button - Sign In'

2021-11-15 08:18:18 - [TEST_STEP][PASSED] - delay(3): Delayed 3 second(s)

2021-11-15 08:18:21 - [MESSAGE][PASSED] - Delayed 3 second(s)

2021-11-15 08:18:21 - [TEST_STEP][FAILED] - if (page == "cart"): Unable to call Test Case 'Test Cases/Mobile/Scenario/Transaction/Add Product to Cart' (Root cause: com.kms.katalon.core.exception.StepFailedException: Call Test Case 'Test Cases/Mobile/Scenario/Transaction/Add Product to Cart' failed
	at com.kms.katalon.core.keyword.builtin.CallTestCaseKeyword$_callTestCase_closure1.doCall(CallTestCaseKeyword.groovy:63)
	at com.kms.katalon.core.keyword.builtin.CallTestCaseKeyword$_callTestCase_closure1.call(CallTestCaseKeyword.groovy)
	at com.kms.katalon.core.keyword.internal.KeywordMain.runKeyword(KeywordMain.groovy:68)
	at com.kms.katalon.core.keyword.builtin.CallTestCaseKeyword.callTestCase(CallTestCaseKeyword.groovy:81)
	at com.kms.katalon.core.keyword.builtin.CallTestCaseKeyword.execute(CallTestCaseKeyword.groovy:44)
	at com.kms.katalon.core.keyword.internal.KeywordExecutor.executeKeywordForPlatform(KeywordExecutor.groovy:73)
	at com.kms.katalon.core.keyword.BuiltinKeywords.callTestCase(BuiltinKeywords.groovy:334)
	at Transaction.run(Transaction:35)
	at com.kms.katalon.core.main.ScriptEngine.run(ScriptEngine.java:194)
	at com.kms.katalon.core.main.ScriptEngine.runScriptAsRawText(ScriptEngine.java:119)
	at com.kms.katalon.core.main.TestCaseExecutor.runScript(TestCaseExecutor.java:398)
	at com.kms.katalon.core.main.TestCaseExecutor.doExecute(TestCaseExecutor.java:389)
	at com.kms.katalon.core.main.TestCaseExecutor.processExecutionPhase(TestCaseExecutor.java:368)
	at com.kms.katalon.core.main.TestCaseExecutor.accessMainPhase(TestCaseExecutor.java:360)
	at com.kms.katalon.core.main.TestCaseExecutor.execute(TestCaseExecutor.java:255)
	at com.kms.katalon.core.main.TestCaseMain.runTestCase(TestCaseMain.java:114)
	at com.kms.katalon.core.keyword.builtin.CallTestCaseKeyword$_callTestCase_closure1.doCall(CallTestCaseKeyword.groovy:59)
	at com.kms.katalon.core.keyword.builtin.CallTestCaseKeyword$_callTestCase_closure1.call(CallTestCaseKeyword.groovy)
	at com.kms.katalon.core.keyword.internal.KeywordMain.runKeyword(KeywordMain.groovy:68)
	at com.kms.katalon.core.keyword.builtin.CallTestCaseKeyword.callTestCase(CallTestCaseKeyword.groovy:81)
	at com.kms.katalon.core.keyword.builtin.CallTestCaseKeyword.execute(CallTestCaseKeyword.groovy:44)
	at com.kms.katalon.core.keyword.internal.KeywordExecutor.executeKeywordForPlatform(KeywordExecutor.groovy:73)
	at com.kms.katalon.core.keyword.BuiltinKeywords.callTestCase(BuiltinKeywords.groovy:334)
	at 013 - Menghapus item di keranjang.run(013 - Menghapus item di keranjang:22)
	at com.kms.katalon.core.main.ScriptEngine.run(ScriptEngine.java:194)
	at com.kms.katalon.core.main.ScriptEngine.runScriptAsRawText(ScriptEngine.java:119)
	at com.kms.katalon.core.main.TestCaseExecutor.runScript(TestCaseExecutor.java:398)
	at com.kms.katalon.core.main.TestCaseExecutor.doExecute(TestCaseExecutor.java:389)
	at com.kms.katalon.core.main.TestCaseExecutor.processExecutionPhase(TestCaseExecutor.java:368)
	at com.kms.katalon.core.main.TestCaseExecutor.accessMainPhase(TestCaseExecutor.java:360)
	at com.kms.katalon.core.main.TestCaseExecutor.execute(TestCaseExecutor.java:255)
	at com.kms.katalon.core.main.TestSuiteExecutor.accessTestCaseMainPhase(TestSuiteExecutor.java:203)
	at com.kms.katalon.core.main.TestSuiteExecutor.accessTestSuiteMainPhase(TestSuiteExecutor.java:152)
	at com.kms.katalon.core.main.TestSuiteExecutor.execute(TestSuiteExecutor.java:95)
	at com.kms.katalon.core.main.TestCaseMain.startTestSuite(TestCaseMain.java:157)
	at com.kms.katalon.core.main.TestCaseMain$startTestSuite$0.call(Unknown Source)
	at TempTestSuite1636938259952.run(TempTestSuite1636938259952.groovy:39)
Caused by: com.kms.katalon.core.exception.StepFailedException: Object Object Repository/Mobile/Page/Transaction/Object for Add to Cart/Button - Buy Top Item not found
	at com.kms.katalon.core.keyword.internal.KeywordMain.stepFailed(KeywordMain.groovy:50)
	at com.kms.katalon.core.mobile.keyword.internal.MobileKeywordMain.stepFailed(MobileKeywordMain.groovy:40)
	at com.kms.katalon.core.mobile.keyword.builtin.TapKeyword$_tap_closure1.doCall(TapKeyword.groovy:79)
	at com.kms.katalon.core.mobile.keyword.builtin.TapKeyword$_tap_closure1.call(TapKeyword.groovy)
	at com.kms.katalon.core.mobile.keyword.internal.MobileKeywordMain.runKeyword(MobileKeywordMain.groovy:21)
	at com.kms.katalon.core.mobile.keyword.builtin.TapKeyword.tap(TapKeyword.groovy:86)
	at com.kms.katalon.core.mobile.keyword.builtin.TapKeyword.execute(TapKeyword.groovy:68)
	at com.kms.katalon.core.keyword.internal.KeywordExecutor.executeKeywordForPlatform(KeywordExecutor.groovy:73)
	at com.kms.katalon.core.mobile.keyword.MobileBuiltInKeywords.tap(MobileBuiltInKeywords.groovy:1354)
	at com.kms.katalon.core.mobile.keyword.MobileBuiltInKeywords$tap$1.call(Unknown Source)
	at Add Product to Cart.run(Add Product to Cart:23)
	at com.kms.katalon.core.main.ScriptEngine.run(ScriptEngine.java:194)
	at com.kms.katalon.core.main.ScriptEngine.runScriptAsRawText(ScriptEngine.java:119)
	at com.kms.katalon.core.main.TestCaseExecutor.runScript(TestCaseExecutor.java:398)
	at com.kms.katalon.core.main.TestCaseExecutor.doExecute(TestCaseExecutor.java:389)
	at com.kms.katalon.core.main.TestCaseExecutor.processExecutionPhase(TestCaseExecutor.java:368)
	at com.kms.katalon.core.main.TestCaseExecutor.accessMainPhase(TestCaseExecutor.java:360)
	at com.kms.katalon.core.main.TestCaseExecutor.execute(TestCaseExecutor.java:255)
	at com.kms.katalon.core.main.TestCaseMain.runTestCase(TestCaseMain.java:114)
	at com.kms.katalon.core.keyword.builtin.CallTestCaseKeyword$_callTestCase_closure1.doCall(CallTestCaseKeyword.groovy:59)
	... 36 more
)

2021-11-15 08:18:21 - [TEST_STEP][FAILED] - callTestCase(findTestCase("Mobile/Scenario/Transaction/Add Product to Cart"), [:], STOP_ON_FAILURE): Unable to call Test Case 'Test Cases/Mobile/Scenario/Transaction/Add Product to Cart' (Root cause: com.kms.katalon.core.exception.StepFailedException: Call Test Case 'Test Cases/Mobile/Scenario/Transaction/Add Product to Cart' failed
	at com.kms.katalon.core.keyword.builtin.CallTestCaseKeyword$_callTestCase_closure1.doCall(CallTestCaseKeyword.groovy:63)
	at com.kms.katalon.core.keyword.builtin.CallTestCaseKeyword$_callTestCase_closure1.call(CallTestCaseKeyword.groovy)
	at com.kms.katalon.core.keyword.internal.KeywordMain.runKeyword(KeywordMain.groovy:68)
	at com.kms.katalon.core.keyword.builtin.CallTestCaseKeyword.callTestCase(CallTestCaseKeyword.groovy:81)
	at com.kms.katalon.core.keyword.builtin.CallTestCaseKeyword.execute(CallTestCaseKeyword.groovy:44)
	at com.kms.katalon.core.keyword.internal.KeywordExecutor.executeKeywordForPlatform(KeywordExecutor.groovy:73)
	at com.kms.katalon.core.keyword.BuiltinKeywords.callTestCase(BuiltinKeywords.groovy:334)
	at Transaction.run(Transaction:35)
	at com.kms.katalon.core.main.ScriptEngine.run(ScriptEngine.java:194)
	at com.kms.katalon.core.main.ScriptEngine.runScriptAsRawText(ScriptEngine.java:119)
	at com.kms.katalon.core.main.TestCaseExecutor.runScript(TestCaseExecutor.java:398)
	at com.kms.katalon.core.main.TestCaseExecutor.doExecute(TestCaseExecutor.java:389)
	at com.kms.katalon.core.main.TestCaseExecutor.processExecutionPhase(TestCaseExecutor.java:368)
	at com.kms.katalon.core.main.TestCaseExecutor.accessMainPhase(TestCaseExecutor.java:360)
	at com.kms.katalon.core.main.TestCaseExecutor.execute(TestCaseExecutor.java:255)
	at com.kms.katalon.core.main.TestCaseMain.runTestCase(TestCaseMain.java:114)
	at com.kms.katalon.core.keyword.builtin.CallTestCaseKeyword$_callTestCase_closure1.doCall(CallTestCaseKeyword.groovy:59)
	at com.kms.katalon.core.keyword.builtin.CallTestCaseKeyword$_callTestCase_closure1.call(CallTestCaseKeyword.groovy)
	at com.kms.katalon.core.keyword.internal.KeywordMain.runKeyword(KeywordMain.groovy:68)
	at com.kms.katalon.core.keyword.builtin.CallTestCaseKeyword.callTestCase(CallTestCaseKeyword.groovy:81)
	at com.kms.katalon.core.keyword.builtin.CallTestCaseKeyword.execute(CallTestCaseKeyword.groovy:44)
	at com.kms.katalon.core.keyword.internal.KeywordExecutor.executeKeywordForPlatform(KeywordExecutor.groovy:73)
	at com.kms.katalon.core.keyword.BuiltinKeywords.callTestCase(BuiltinKeywords.groovy:334)
	at 013 - Menghapus item di keranjang.run(013 - Menghapus item di keranjang:22)
	at com.kms.katalon.core.main.ScriptEngine.run(ScriptEngine.java:194)
	at com.kms.katalon.core.main.ScriptEngine.runScriptAsRawText(ScriptEngine.java:119)
	at com.kms.katalon.core.main.TestCaseExecutor.runScript(TestCaseExecutor.java:398)
	at com.kms.katalon.core.main.TestCaseExecutor.doExecute(TestCaseExecutor.java:389)
	at com.kms.katalon.core.main.TestCaseExecutor.processExecutionPhase(TestCaseExecutor.java:368)
	at com.kms.katalon.core.main.TestCaseExecutor.accessMainPhase(TestCaseExecutor.java:360)
	at com.kms.katalon.core.main.TestCaseExecutor.execute(TestCaseExecutor.java:255)
	at com.kms.katalon.core.main.TestSuiteExecutor.accessTestCaseMainPhase(TestSuiteExecutor.java:203)
	at com.kms.katalon.core.main.TestSuiteExecutor.accessTestSuiteMainPhase(TestSuiteExecutor.java:152)
	at com.kms.katalon.core.main.TestSuiteExecutor.execute(TestSuiteExecutor.java:95)
	at com.kms.katalon.core.main.TestCaseMain.startTestSuite(TestCaseMain.java:157)
	at com.kms.katalon.core.main.TestCaseMain$startTestSuite$0.call(Unknown Source)
	at TempTestSuite1636938259952.run(TempTestSuite1636938259952.groovy:39)
Caused by: com.kms.katalon.core.exception.StepFailedException: Object Object Repository/Mobile/Page/Transaction/Object for Add to Cart/Button - Buy Top Item not found
	at com.kms.katalon.core.keyword.internal.KeywordMain.stepFailed(KeywordMain.groovy:50)
	at com.kms.katalon.core.mobile.keyword.internal.MobileKeywordMain.stepFailed(MobileKeywordMain.groovy:40)
	at com.kms.katalon.core.mobile.keyword.builtin.TapKeyword$_tap_closure1.doCall(TapKeyword.groovy:79)
	at com.kms.katalon.core.mobile.keyword.builtin.TapKeyword$_tap_closure1.call(TapKeyword.groovy)
	at com.kms.katalon.core.mobile.keyword.internal.MobileKeywordMain.runKeyword(MobileKeywordMain.groovy:21)
	at com.kms.katalon.core.mobile.keyword.builtin.TapKeyword.tap(TapKeyword.groovy:86)
	at com.kms.katalon.core.mobile.keyword.builtin.TapKeyword.execute(TapKeyword.groovy:68)
	at com.kms.katalon.core.keyword.internal.KeywordExecutor.executeKeywordForPlatform(KeywordExecutor.groovy:73)
	at com.kms.katalon.core.mobile.keyword.MobileBuiltInKeywords.tap(MobileBuiltInKeywords.groovy:1354)
	at com.kms.katalon.core.mobile.keyword.MobileBuiltInKeywords$tap$1.call(Unknown Source)
	at Add Product to Cart.run(Add Product to Cart:23)
	at com.kms.katalon.core.main.ScriptEngine.run(ScriptEngine.java:194)
	at com.kms.katalon.core.main.ScriptEngine.runScriptAsRawText(ScriptEngine.java:119)
	at com.kms.katalon.core.main.TestCaseExecutor.runScript(TestCaseExecutor.java:398)
	at com.kms.katalon.core.main.TestCaseExecutor.doExecute(TestCaseExecutor.java:389)
	at com.kms.katalon.core.main.TestCaseExecutor.processExecutionPhase(TestCaseExecutor.java:368)
	at com.kms.katalon.core.main.TestCaseExecutor.accessMainPhase(TestCaseExecutor.java:360)
	at com.kms.katalon.core.main.TestCaseExecutor.execute(TestCaseExecutor.java:255)
	at com.kms.katalon.core.main.TestCaseMain.runTestCase(TestCaseMain.java:114)
	at com.kms.katalon.core.keyword.builtin.CallTestCaseKeyword$_callTestCase_closure1.doCall(CallTestCaseKeyword.groovy:59)
	... 36 more
)

2021-11-15 08:18:22 - [TEST_CASE][FAILED] - Test Cases/Mobile/Scenario/Transaction/Add Product to Cart: Test Cases/Mobile/Scenario/Transaction/Add Product to Cart FAILED.
Reason:
com.kms.katalon.core.exception.StepFailedException: Object Object Repository/Mobile/Page/Transaction/Object for Add to Cart/Button - Buy Top Item not found
	at com.kms.katalon.core.keyword.internal.KeywordMain.stepFailed(KeywordMain.groovy:50)
	at com.kms.katalon.core.mobile.keyword.internal.MobileKeywordMain.stepFailed(MobileKeywordMain.groovy:40)
	at com.kms.katalon.core.mobile.keyword.builtin.TapKeyword$_tap_closure1.doCall(TapKeyword.groovy:79)
	at com.kms.katalon.core.mobile.keyword.builtin.TapKeyword$_tap_closure1.call(TapKeyword.groovy)
	at com.kms.katalon.core.mobile.keyword.internal.MobileKeywordMain.runKeyword(MobileKeywordMain.groovy:21)
	at com.kms.katalon.core.mobile.keyword.builtin.TapKeyword.tap(TapKeyword.groovy:86)
	at com.kms.katalon.core.mobile.keyword.builtin.TapKeyword.execute(TapKeyword.groovy:68)
	at com.kms.katalon.core.keyword.internal.KeywordExecutor.executeKeywordForPlatform(KeywordExecutor.groovy:73)
	at com.kms.katalon.core.mobile.keyword.MobileBuiltInKeywords.tap(MobileBuiltInKeywords.groovy:1354)
	at com.kms.katalon.core.mobile.keyword.MobileBuiltInKeywords$tap$1.call(Unknown Source)
	at Add Product to Cart.run(Add Product to Cart:23)
	at com.kms.katalon.core.main.ScriptEngine.run(ScriptEngine.java:194)
	at com.kms.katalon.core.main.ScriptEngine.runScriptAsRawText(ScriptEngine.java:119)
	at com.kms.katalon.core.main.TestCaseExecutor.runScript(TestCaseExecutor.java:398)
	at com.kms.katalon.core.main.TestCaseExecutor.doExecute(TestCaseExecutor.java:389)
	at com.kms.katalon.core.main.TestCaseExecutor.processExecutionPhase(TestCaseExecutor.java:368)
	at com.kms.katalon.core.main.TestCaseExecutor.accessMainPhase(TestCaseExecutor.java:360)
	at com.kms.katalon.core.main.TestCaseExecutor.execute(TestCaseExecutor.java:255)
	at com.kms.katalon.core.main.TestCaseMain.runTestCase(TestCaseMain.java:114)
	at com.kms.katalon.core.keyword.builtin.CallTestCaseKeyword$_callTestCase_closure1.doCall(CallTestCaseKeyword.groovy:59)
	at com.kms.katalon.core.keyword.builtin.CallTestCaseKeyword$_callTestCase_closure1.call(CallTestCaseKeyword.groovy)
	at com.kms.katalon.core.keyword.internal.KeywordMain.runKeyword(KeywordMain.groovy:68)
	at com.kms.katalon.core.keyword.builtin.CallTestCaseKeyword.callTestCase(CallTestCaseKeyword.groovy:81)
	at com.kms.katalon.core.keyword.builtin.CallTestCaseKeyword.execute(CallTestCaseKeyword.groovy:44)
	at com.kms.katalon.core.keyword.internal.KeywordExecutor.executeKeywordForPlatform(KeywordExecutor.groovy:73)
	at com.kms.katalon.core.keyword.BuiltinKeywords.callTestCase(BuiltinKeywords.groovy:334)
	at Transaction.run(Transaction:35)
	at com.kms.katalon.core.main.ScriptEngine.run(ScriptEngine.java:194)
	at com.kms.katalon.core.main.ScriptEngine.runScriptAsRawText(ScriptEngine.java:119)
	at com.kms.katalon.core.main.TestCaseExecutor.runScript(TestCaseExecutor.java:398)
	at com.kms.katalon.core.main.TestCaseExecutor.doExecute(TestCaseExecutor.java:389)
	at com.kms.katalon.core.main.TestCaseExecutor.processExecutionPhase(TestCaseExecutor.java:368)
	at com.kms.katalon.core.main.TestCaseExecutor.accessMainPhase(TestCaseExecutor.java:360)
	at com.kms.katalon.core.main.TestCaseExecutor.execute(TestCaseExecutor.java:255)
	at com.kms.katalon.core.main.TestCaseMain.runTestCase(TestCaseMain.java:114)
	at com.kms.katalon.core.keyword.builtin.CallTestCaseKeyword$_callTestCase_closure1.doCall(CallTestCaseKeyword.groovy:59)
	at com.kms.katalon.core.keyword.builtin.CallTestCaseKeyword$_callTestCase_closure1.call(CallTestCaseKeyword.groovy)
	at com.kms.katalon.core.keyword.internal.KeywordMain.runKeyword(KeywordMain.groovy:68)
	at com.kms.katalon.core.keyword.builtin.CallTestCaseKeyword.callTestCase(CallTestCaseKeyword.groovy:81)
	at com.kms.katalon.core.keyword.builtin.CallTestCaseKeyword.execute(CallTestCaseKeyword.groovy:44)
	at com.kms.katalon.core.keyword.internal.KeywordExecutor.executeKeywordForPlatform(KeywordExecutor.groovy:73)
	at com.kms.katalon.core.keyword.BuiltinKeywords.callTestCase(BuiltinKeywords.groovy:334)
	at 013 - Menghapus item di keranjang.run(013 - Menghapus item di keranjang:22)
	at com.kms.katalon.core.main.ScriptEngine.run(ScriptEngine.java:194)
	at com.kms.katalon.core.main.ScriptEngine.runScriptAsRawText(ScriptEngine.java:119)
	at com.kms.katalon.core.main.TestCaseExecutor.runScript(TestCaseExecutor.java:398)
	at com.kms.katalon.core.main.TestCaseExecutor.doExecute(TestCaseExecutor.java:389)
	at com.kms.katalon.core.main.TestCaseExecutor.processExecutionPhase(TestCaseExecutor.java:368)
	at com.kms.katalon.core.main.TestCaseExecutor.accessMainPhase(TestCaseExecutor.java:360)
	at com.kms.katalon.core.main.TestCaseExecutor.execute(TestCaseExecutor.java:255)
	at com.kms.katalon.core.main.TestSuiteExecutor.accessTestCaseMainPhase(TestSuiteExecutor.java:203)
	at com.kms.katalon.core.main.TestSuiteExecutor.accessTestSuiteMainPhase(TestSuiteExecutor.java:152)
	at com.kms.katalon.core.main.TestSuiteExecutor.execute(TestSuiteExecutor.java:95)
	at com.kms.katalon.core.main.TestCaseMain.startTestSuite(TestCaseMain.java:157)
	at com.kms.katalon.core.main.TestCaseMain$startTestSuite$0.call(Unknown Source)
	at TempTestSuite1636938259952.run(TempTestSuite1636938259952.groovy:39)


2021-11-15 08:18:22 - [TEST_STEP][PASSED] - tap(findTestObject("Object Repository/Mobile/Page/Home/Button - Product"), 0): Tapped on element 'Object Repository/Mobile/Page/Home/Button - Product'

2021-11-15 08:18:22 - [MESSAGE][WARNING] - Timeout '0' is invalid. Using default page load timeout: '60'

2021-11-15 08:18:23 - [MESSAGE][PASSED] - Tapped on element 'Object Repository/Mobile/Page/Home/Button - Product'

2021-11-15 08:18:23 - [TEST_STEP][PASSED] - delay(3): Delayed 3 second(s)

2021-11-15 08:18:26 - [MESSAGE][PASSED] - Delayed 3 second(s)

2021-11-15 08:18:26 - [TEST_STEP][FAILED] - tap(findTestObject("Object Repository/Mobile/Page/Transaction/Object for Add to Cart/Button - Buy Top Item"), 0): Failed to tap on element 'Object Repository/Mobile/Page/Transaction/Object for Add to Cart/Button - Buy Top Item' (Root cause: com.kms.katalon.core.exception.StepFailedException: Object Object Repository/Mobile/Page/Transaction/Object for Add to Cart/Button - Buy Top Item not found
	at com.kms.katalon.core.keyword.internal.KeywordMain.stepFailed(KeywordMain.groovy:50)
	at com.kms.katalon.core.mobile.keyword.internal.MobileKeywordMain.stepFailed(MobileKeywordMain.groovy:40)
	at com.kms.katalon.core.mobile.keyword.builtin.TapKeyword$_tap_closure1.doCall(TapKeyword.groovy:79)
	at com.kms.katalon.core.mobile.keyword.builtin.TapKeyword$_tap_closure1.call(TapKeyword.groovy)
	at com.kms.katalon.core.mobile.keyword.internal.MobileKeywordMain.runKeyword(MobileKeywordMain.groovy:21)
	at com.kms.katalon.core.mobile.keyword.builtin.TapKeyword.tap(TapKeyword.groovy:86)
	at com.kms.katalon.core.mobile.keyword.builtin.TapKeyword.execute(TapKeyword.groovy:68)
	at com.kms.katalon.core.keyword.internal.KeywordExecutor.executeKeywordForPlatform(KeywordExecutor.groovy:73)
	at com.kms.katalon.core.mobile.keyword.MobileBuiltInKeywords.tap(MobileBuiltInKeywords.groovy:1354)
	at com.kms.katalon.core.mobile.keyword.MobileBuiltInKeywords$tap$1.call(Unknown Source)
	at Add Product to Cart.run(Add Product to Cart:23)
	at com.kms.katalon.core.main.ScriptEngine.run(ScriptEngine.java:194)
	at com.kms.katalon.core.main.ScriptEngine.runScriptAsRawText(ScriptEngine.java:119)
	at com.kms.katalon.core.main.TestCaseExecutor.runScript(TestCaseExecutor.java:398)
	at com.kms.katalon.core.main.TestCaseExecutor.doExecute(TestCaseExecutor.java:389)
	at com.kms.katalon.core.main.TestCaseExecutor.processExecutionPhase(TestCaseExecutor.java:368)
	at com.kms.katalon.core.main.TestCaseExecutor.accessMainPhase(TestCaseExecutor.java:360)
	at com.kms.katalon.core.main.TestCaseExecutor.execute(TestCaseExecutor.java:255)
	at com.kms.katalon.core.main.TestCaseMain.runTestCase(TestCaseMain.java:114)
	at com.kms.katalon.core.keyword.builtin.CallTestCaseKeyword$_callTestCase_closure1.doCall(CallTestCaseKeyword.groovy:59)
	at com.kms.katalon.core.keyword.builtin.CallTestCaseKeyword$_callTestCase_closure1.call(CallTestCaseKeyword.groovy)
	at com.kms.katalon.core.keyword.internal.KeywordMain.runKeyword(KeywordMain.groovy:68)
	at com.kms.katalon.core.keyword.builtin.CallTestCaseKeyword.callTestCase(CallTestCaseKeyword.groovy:81)
	at com.kms.katalon.core.keyword.builtin.CallTestCaseKeyword.execute(CallTestCaseKeyword.groovy:44)
	at com.kms.katalon.core.keyword.internal.KeywordExecutor.executeKeywordForPlatform(KeywordExecutor.groovy:73)
	at com.kms.katalon.core.keyword.BuiltinKeywords.callTestCase(BuiltinKeywords.groovy:334)
	at Transaction.run(Transaction:35)
	at com.kms.katalon.core.main.ScriptEngine.run(ScriptEngine.java:194)
	at com.kms.katalon.core.main.ScriptEngine.runScriptAsRawText(ScriptEngine.java:119)
	at com.kms.katalon.core.main.TestCaseExecutor.runScript(TestCaseExecutor.java:398)
	at com.kms.katalon.core.main.TestCaseExecutor.doExecute(TestCaseExecutor.java:389)
	at com.kms.katalon.core.main.TestCaseExecutor.processExecutionPhase(TestCaseExecutor.java:368)
	at com.kms.katalon.core.main.TestCaseExecutor.accessMainPhase(TestCaseExecutor.java:360)
	at com.kms.katalon.core.main.TestCaseExecutor.execute(TestCaseExecutor.java:255)
	at com.kms.katalon.core.main.TestCaseMain.runTestCase(TestCaseMain.java:114)
	at com.kms.katalon.core.keyword.builtin.CallTestCaseKeyword$_callTestCase_closure1.doCall(CallTestCaseKeyword.groovy:59)
	at com.kms.katalon.core.keyword.builtin.CallTestCaseKeyword$_callTestCase_closure1.call(CallTestCaseKeyword.groovy)
	at com.kms.katalon.core.keyword.internal.KeywordMain.runKeyword(KeywordMain.groovy:68)
	at com.kms.katalon.core.keyword.builtin.CallTestCaseKeyword.callTestCase(CallTestCaseKeyword.groovy:81)
	at com.kms.katalon.core.keyword.builtin.CallTestCaseKeyword.execute(CallTestCaseKeyword.groovy:44)
	at com.kms.katalon.core.keyword.internal.KeywordExecutor.executeKeywordForPlatform(KeywordExecutor.groovy:73)
	at com.kms.katalon.core.keyword.BuiltinKeywords.callTestCase(BuiltinKeywords.groovy:334)
	at 013 - Menghapus item di keranjang.run(013 - Menghapus item di keranjang:22)
	at com.kms.katalon.core.main.ScriptEngine.run(ScriptEngine.java:194)
	at com.kms.katalon.core.main.ScriptEngine.runScriptAsRawText(ScriptEngine.java:119)
	at com.kms.katalon.core.main.TestCaseExecutor.runScript(TestCaseExecutor.java:398)
	at com.kms.katalon.core.main.TestCaseExecutor.doExecute(TestCaseExecutor.java:389)
	at com.kms.katalon.core.main.TestCaseExecutor.processExecutionPhase(TestCaseExecutor.java:368)
	at com.kms.katalon.core.main.TestCaseExecutor.accessMainPhase(TestCaseExecutor.java:360)
	at com.kms.katalon.core.main.TestCaseExecutor.execute(TestCaseExecutor.java:255)
	at com.kms.katalon.core.main.TestSuiteExecutor.accessTestCaseMainPhase(TestSuiteExecutor.java:203)
	at com.kms.katalon.core.main.TestSuiteExecutor.accessTestSuiteMainPhase(TestSuiteExecutor.java:152)
	at com.kms.katalon.core.main.TestSuiteExecutor.execute(TestSuiteExecutor.java:95)
	at com.kms.katalon.core.main.TestCaseMain.startTestSuite(TestCaseMain.java:157)
	at com.kms.katalon.core.main.TestCaseMain$startTestSuite$0.call(Unknown Source)
	at TempTestSuite1636938259952.run(TempTestSuite1636938259952.groovy:39)
)

2021-11-15 08:18:26 - [MESSAGE][WARNING] - Timeout '0' is invalid. Using default page load timeout: '60'

2021-11-15 08:19:27 - [MESSAGE][FAILED] - Object Object Repository/Mobile/Page/Transaction/Object for Add to Cart/Button - Buy Top Item not found
[[ATTACHMENT|C:\\Users\\Owner\\Documents\\kerjaan\\KatalonProject\\qa-katalon-maxfund\\Reports\\20211115_080419\\Transaction\\20211115_080419\\1636939166095.png]]

2021-11-15 08:19:28 - [MESSAGE][FAILED] - Failed to tap on element 'Object Repository/Mobile/Page/Transaction/Object for Add to Cart/Button - Buy Top Item' (Root cause: com.kms.katalon.core.exception.StepFailedException: Object Object Repository/Mobile/Page/Transaction/Object for Add to Cart/Button - Buy Top Item not found
	at com.kms.katalon.core.keyword.internal.KeywordMain.stepFailed(KeywordMain.groovy:50)
	at com.kms.katalon.core.mobile.keyword.internal.MobileKeywordMain.stepFailed(MobileKeywordMain.groovy:40)
	at com.kms.katalon.core.mobile.keyword.builtin.TapKeyword$_tap_closure1.doCall(TapKeyword.groovy:79)
	at com.kms.katalon.core.mobile.keyword.builtin.TapKeyword$_tap_closure1.call(TapKeyword.groovy)
	at com.kms.katalon.core.mobile.keyword.internal.MobileKeywordMain.runKeyword(MobileKeywordMain.groovy:21)
	at com.kms.katalon.core.mobile.keyword.builtin.TapKeyword.tap(TapKeyword.groovy:86)
	at com.kms.katalon.core.mobile.keyword.builtin.TapKeyword.execute(TapKeyword.groovy:68)
	at com.kms.katalon.core.keyword.internal.KeywordExecutor.executeKeywordForPlatform(KeywordExecutor.groovy:73)
	at com.kms.katalon.core.mobile.keyword.MobileBuiltInKeywords.tap(MobileBuiltInKeywords.groovy:1354)
	at com.kms.katalon.core.mobile.keyword.MobileBuiltInKeywords$tap$1.call(Unknown Source)
	at Add Product to Cart.run(Add Product to Cart:23)
	at com.kms.katalon.core.main.ScriptEngine.run(ScriptEngine.java:194)
	at com.kms.katalon.core.main.ScriptEngine.runScriptAsRawText(ScriptEngine.java:119)
	at com.kms.katalon.core.main.TestCaseExecutor.runScript(TestCaseExecutor.java:398)
	at com.kms.katalon.core.main.TestCaseExecutor.doExecute(TestCaseExecutor.java:389)
	at com.kms.katalon.core.main.TestCaseExecutor.processExecutionPhase(TestCaseExecutor.java:368)
	at com.kms.katalon.core.main.TestCaseExecutor.accessMainPhase(TestCaseExecutor.java:360)
	at com.kms.katalon.core.main.TestCaseExecutor.execute(TestCaseExecutor.java:255)
	at com.kms.katalon.core.main.TestCaseMain.runTestCase(TestCaseMain.java:114)
	at com.kms.katalon.core.keyword.builtin.CallTestCaseKeyword$_callTestCase_closure1.doCall(CallTestCaseKeyword.groovy:59)
	at com.kms.katalon.core.keyword.builtin.CallTestCaseKeyword$_callTestCase_closure1.call(CallTestCaseKeyword.groovy)
	at com.kms.katalon.core.keyword.internal.KeywordMain.runKeyword(KeywordMain.groovy:68)
	at com.kms.katalon.core.keyword.builtin.CallTestCaseKeyword.callTestCase(CallTestCaseKeyword.groovy:81)
	at com.kms.katalon.core.keyword.builtin.CallTestCaseKeyword.execute(CallTestCaseKeyword.groovy:44)
	at com.kms.katalon.core.keyword.internal.KeywordExecutor.executeKeywordForPlatform(KeywordExecutor.groovy:73)
	at com.kms.katalon.core.keyword.BuiltinKeywords.callTestCase(BuiltinKeywords.groovy:334)
	at Transaction.run(Transaction:35)
	at com.kms.katalon.core.main.ScriptEngine.run(ScriptEngine.java:194)
	at com.kms.katalon.core.main.ScriptEngine.runScriptAsRawText(ScriptEngine.java:119)
	at com.kms.katalon.core.main.TestCaseExecutor.runScript(TestCaseExecutor.java:398)
	at com.kms.katalon.core.main.TestCaseExecutor.doExecute(TestCaseExecutor.java:389)
	at com.kms.katalon.core.main.TestCaseExecutor.processExecutionPhase(TestCaseExecutor.java:368)
	at com.kms.katalon.core.main.TestCaseExecutor.accessMainPhase(TestCaseExecutor.java:360)
	at com.kms.katalon.core.main.TestCaseExecutor.execute(TestCaseExecutor.java:255)
	at com.kms.katalon.core.main.TestCaseMain.runTestCase(TestCaseMain.java:114)
	at com.kms.katalon.core.keyword.builtin.CallTestCaseKeyword$_callTestCase_closure1.doCall(CallTestCaseKeyword.groovy:59)
	at com.kms.katalon.core.keyword.builtin.CallTestCaseKeyword$_callTestCase_closure1.call(CallTestCaseKeyword.groovy)
	at com.kms.katalon.core.keyword.internal.KeywordMain.runKeyword(KeywordMain.groovy:68)
	at com.kms.katalon.core.keyword.builtin.CallTestCaseKeyword.callTestCase(CallTestCaseKeyword.groovy:81)
	at com.kms.katalon.core.keyword.builtin.CallTestCaseKeyword.execute(CallTestCaseKeyword.groovy:44)
	at com.kms.katalon.core.keyword.internal.KeywordExecutor.executeKeywordForPlatform(KeywordExecutor.groovy:73)
	at com.kms.katalon.core.keyword.BuiltinKeywords.callTestCase(BuiltinKeywords.groovy:334)
	at 013 - Menghapus item di keranjang.run(013 - Menghapus item di keranjang:22)
	at com.kms.katalon.core.main.ScriptEngine.run(ScriptEngine.java:194)
	at com.kms.katalon.core.main.ScriptEngine.runScriptAsRawText(ScriptEngine.java:119)
	at com.kms.katalon.core.main.TestCaseExecutor.runScript(TestCaseExecutor.java:398)
	at com.kms.katalon.core.main.TestCaseExecutor.doExecute(TestCaseExecutor.java:389)
	at com.kms.katalon.core.main.TestCaseExecutor.processExecutionPhase(TestCaseExecutor.java:368)
	at com.kms.katalon.core.main.TestCaseExecutor.accessMainPhase(TestCaseExecutor.java:360)
	at com.kms.katalon.core.main.TestCaseExecutor.execute(TestCaseExecutor.java:255)
	at com.kms.katalon.core.main.TestSuiteExecutor.accessTestCaseMainPhase(TestSuiteExecutor.java:203)
	at com.kms.katalon.core.main.TestSuiteExecutor.accessTestSuiteMainPhase(TestSuiteExecutor.java:152)
	at com.kms.katalon.core.main.TestSuiteExecutor.execute(TestSuiteExecutor.java:95)
	at com.kms.katalon.core.main.TestCaseMain.startTestSuite(TestCaseMain.java:157)
	at com.kms.katalon.core.main.TestCaseMain$startTestSuite$0.call(Unknown Source)
	at TempTestSuite1636938259952.run(TempTestSuite1636938259952.groovy:39)
)
[[ATTACHMENT|C:\\Users\\Owner\\Documents\\kerjaan\\KatalonProject\\qa-katalon-maxfund\\Reports\\20211115_080419\\Transaction\\20211115_080419\\1636939167536.png]]

2021-11-15 08:19:28 - [MESSAGE][FAILED] - Unable to call Test Case 'Test Cases/Mobile/Scenario/Transaction/Add Product to Cart' (Root cause: com.kms.katalon.core.exception.StepFailedException: Call Test Case 'Test Cases/Mobile/Scenario/Transaction/Add Product to Cart' failed
	at com.kms.katalon.core.keyword.builtin.CallTestCaseKeyword$_callTestCase_closure1.doCall(CallTestCaseKeyword.groovy:63)
	at com.kms.katalon.core.keyword.builtin.CallTestCaseKeyword$_callTestCase_closure1.call(CallTestCaseKeyword.groovy)
	at com.kms.katalon.core.keyword.internal.KeywordMain.runKeyword(KeywordMain.groovy:68)
	at com.kms.katalon.core.keyword.builtin.CallTestCaseKeyword.callTestCase(CallTestCaseKeyword.groovy:81)
	at com.kms.katalon.core.keyword.builtin.CallTestCaseKeyword.execute(CallTestCaseKeyword.groovy:44)
	at com.kms.katalon.core.keyword.internal.KeywordExecutor.executeKeywordForPlatform(KeywordExecutor.groovy:73)
	at com.kms.katalon.core.keyword.BuiltinKeywords.callTestCase(BuiltinKeywords.groovy:334)
	at Transaction.run(Transaction:35)
	at com.kms.katalon.core.main.ScriptEngine.run(ScriptEngine.java:194)
	at com.kms.katalon.core.main.ScriptEngine.runScriptAsRawText(ScriptEngine.java:119)
	at com.kms.katalon.core.main.TestCaseExecutor.runScript(TestCaseExecutor.java:398)
	at com.kms.katalon.core.main.TestCaseExecutor.doExecute(TestCaseExecutor.java:389)
	at com.kms.katalon.core.main.TestCaseExecutor.processExecutionPhase(TestCaseExecutor.java:368)
	at com.kms.katalon.core.main.TestCaseExecutor.accessMainPhase(TestCaseExecutor.java:360)
	at com.kms.katalon.core.main.TestCaseExecutor.execute(TestCaseExecutor.java:255)
	at com.kms.katalon.core.main.TestCaseMain.runTestCase(TestCaseMain.java:114)
	at com.kms.katalon.core.keyword.builtin.CallTestCaseKeyword$_callTestCase_closure1.doCall(CallTestCaseKeyword.groovy:59)
	at com.kms.katalon.core.keyword.builtin.CallTestCaseKeyword$_callTestCase_closure1.call(CallTestCaseKeyword.groovy)
	at com.kms.katalon.core.keyword.internal.KeywordMain.runKeyword(KeywordMain.groovy:68)
	at com.kms.katalon.core.keyword.builtin.CallTestCaseKeyword.callTestCase(CallTestCaseKeyword.groovy:81)
	at com.kms.katalon.core.keyword.builtin.CallTestCaseKeyword.execute(CallTestCaseKeyword.groovy:44)
	at com.kms.katalon.core.keyword.internal.KeywordExecutor.executeKeywordForPlatform(KeywordExecutor.groovy:73)
	at com.kms.katalon.core.keyword.BuiltinKeywords.callTestCase(BuiltinKeywords.groovy:334)
	at 013 - Menghapus item di keranjang.run(013 - Menghapus item di keranjang:22)
	at com.kms.katalon.core.main.ScriptEngine.run(ScriptEngine.java:194)
	at com.kms.katalon.core.main.ScriptEngine.runScriptAsRawText(ScriptEngine.java:119)
	at com.kms.katalon.core.main.TestCaseExecutor.runScript(TestCaseExecutor.java:398)
	at com.kms.katalon.core.main.TestCaseExecutor.doExecute(TestCaseExecutor.java:389)
	at com.kms.katalon.core.main.TestCaseExecutor.processExecutionPhase(TestCaseExecutor.java:368)
	at com.kms.katalon.core.main.TestCaseExecutor.accessMainPhase(TestCaseExecutor.java:360)
	at com.kms.katalon.core.main.TestCaseExecutor.execute(TestCaseExecutor.java:255)
	at com.kms.katalon.core.main.TestSuiteExecutor.accessTestCaseMainPhase(TestSuiteExecutor.java:203)
	at com.kms.katalon.core.main.TestSuiteExecutor.accessTestSuiteMainPhase(TestSuiteExecutor.java:152)
	at com.kms.katalon.core.main.TestSuiteExecutor.execute(TestSuiteExecutor.java:95)
	at com.kms.katalon.core.main.TestCaseMain.startTestSuite(TestCaseMain.java:157)
	at com.kms.katalon.core.main.TestCaseMain$startTestSuite$0.call(Unknown Source)
	at TempTestSuite1636938259952.run(TempTestSuite1636938259952.groovy:39)
Caused by: com.kms.katalon.core.exception.StepFailedException: Object Object Repository/Mobile/Page/Transaction/Object for Add to Cart/Button - Buy Top Item not found
	at com.kms.katalon.core.keyword.internal.KeywordMain.stepFailed(KeywordMain.groovy:50)
	at com.kms.katalon.core.mobile.keyword.internal.MobileKeywordMain.stepFailed(MobileKeywordMain.groovy:40)
	at com.kms.katalon.core.mobile.keyword.builtin.TapKeyword$_tap_closure1.doCall(TapKeyword.groovy:79)
	at com.kms.katalon.core.mobile.keyword.builtin.TapKeyword$_tap_closure1.call(TapKeyword.groovy)
	at com.kms.katalon.core.mobile.keyword.internal.MobileKeywordMain.runKeyword(MobileKeywordMain.groovy:21)
	at com.kms.katalon.core.mobile.keyword.builtin.TapKeyword.tap(TapKeyword.groovy:86)
	at com.kms.katalon.core.mobile.keyword.builtin.TapKeyword.execute(TapKeyword.groovy:68)
	at com.kms.katalon.core.keyword.internal.KeywordExecutor.executeKeywordForPlatform(KeywordExecutor.groovy:73)
	at com.kms.katalon.core.mobile.keyword.MobileBuiltInKeywords.tap(MobileBuiltInKeywords.groovy:1354)
	at com.kms.katalon.core.mobile.keyword.MobileBuiltInKeywords$tap$1.call(Unknown Source)
	at Add Product to Cart.run(Add Product to Cart:23)
	at com.kms.katalon.core.main.ScriptEngine.run(ScriptEngine.java:194)
	at com.kms.katalon.core.main.ScriptEngine.runScriptAsRawText(ScriptEngine.java:119)
	at com.kms.katalon.core.main.TestCaseExecutor.runScript(TestCaseExecutor.java:398)
	at com.kms.katalon.core.main.TestCaseExecutor.doExecute(TestCaseExecutor.java:389)
	at com.kms.katalon.core.main.TestCaseExecutor.processExecutionPhase(TestCaseExecutor.java:368)
	at com.kms.katalon.core.main.TestCaseExecutor.accessMainPhase(TestCaseExecutor.java:360)
	at com.kms.katalon.core.main.TestCaseExecutor.execute(TestCaseExecutor.java:255)
	at com.kms.katalon.core.main.TestCaseMain.runTestCase(TestCaseMain.java:114)
	at com.kms.katalon.core.keyword.builtin.CallTestCaseKeyword$_callTestCase_closure1.doCall(CallTestCaseKeyword.groovy:59)
	... 36 more
)

2021-11-15 08:19:28 - [MESSAGE][FAILED] - Unable to call Test Case 'Test Cases/Mobile/Page/Transaction/Transaction' (Root cause: com.kms.katalon.core.exception.StepFailedException: Call Test Case 'Test Cases/Mobile/Page/Transaction/Transaction' failed
	at com.kms.katalon.core.keyword.builtin.CallTestCaseKeyword$_callTestCase_closure1.doCall(CallTestCaseKeyword.groovy:63)
	at com.kms.katalon.core.keyword.builtin.CallTestCaseKeyword$_callTestCase_closure1.call(CallTestCaseKeyword.groovy)
	at com.kms.katalon.core.keyword.internal.KeywordMain.runKeyword(KeywordMain.groovy:68)
	at com.kms.katalon.core.keyword.builtin.CallTestCaseKeyword.callTestCase(CallTestCaseKeyword.groovy:81)
	at com.kms.katalon.core.keyword.builtin.CallTestCaseKeyword.execute(CallTestCaseKeyword.groovy:44)
	at com.kms.katalon.core.keyword.internal.KeywordExecutor.executeKeywordForPlatform(KeywordExecutor.groovy:73)
	at com.kms.katalon.core.keyword.BuiltinKeywords.callTestCase(BuiltinKeywords.groovy:334)
	at 013 - Menghapus item di keranjang.run(013 - Menghapus item di keranjang:22)
	at com.kms.katalon.core.main.ScriptEngine.run(ScriptEngine.java:194)
	at com.kms.katalon.core.main.ScriptEngine.runScriptAsRawText(ScriptEngine.java:119)
	at com.kms.katalon.core.main.TestCaseExecutor.runScript(TestCaseExecutor.java:398)
	at com.kms.katalon.core.main.TestCaseExecutor.doExecute(TestCaseExecutor.java:389)
	at com.kms.katalon.core.main.TestCaseExecutor.processExecutionPhase(TestCaseExecutor.java:368)
	at com.kms.katalon.core.main.TestCaseExecutor.accessMainPhase(TestCaseExecutor.java:360)
	at com.kms.katalon.core.main.TestCaseExecutor.execute(TestCaseExecutor.java:255)
	at com.kms.katalon.core.main.TestSuiteExecutor.accessTestCaseMainPhase(TestSuiteExecutor.java:203)
	at com.kms.katalon.core.main.TestSuiteExecutor.accessTestSuiteMainPhase(TestSuiteExecutor.java:152)
	at com.kms.katalon.core.main.TestSuiteExecutor.execute(TestSuiteExecutor.java:95)
	at com.kms.katalon.core.main.TestCaseMain.startTestSuite(TestCaseMain.java:157)
	at com.kms.katalon.core.main.TestCaseMain$startTestSuite$0.call(Unknown Source)
	at TempTestSuite1636938259952.run(TempTestSuite1636938259952.groovy:39)
Caused by: com.kms.katalon.core.exception.StepFailedException: Call Test Case 'Test Cases/Mobile/Scenario/Transaction/Add Product to Cart' failed
	at com.kms.katalon.core.keyword.builtin.CallTestCaseKeyword$_callTestCase_closure1.doCall(CallTestCaseKeyword.groovy:63)
	at com.kms.katalon.core.keyword.builtin.CallTestCaseKeyword$_callTestCase_closure1.call(CallTestCaseKeyword.groovy)
	at com.kms.katalon.core.keyword.internal.KeywordMain.runKeyword(KeywordMain.groovy:68)
	at com.kms.katalon.core.keyword.builtin.CallTestCaseKeyword.callTestCase(CallTestCaseKeyword.groovy:81)
	at com.kms.katalon.core.keyword.builtin.CallTestCaseKeyword.execute(CallTestCaseKeyword.groovy:44)
	at com.kms.katalon.core.keyword.internal.KeywordExecutor.executeKeywordForPlatform(KeywordExecutor.groovy:73)
	at com.kms.katalon.core.keyword.BuiltinKeywords.callTestCase(BuiltinKeywords.groovy:334)
	at Transaction.run(Transaction:35)
	at com.kms.katalon.core.main.ScriptEngine.run(ScriptEngine.java:194)
	at com.kms.katalon.core.main.ScriptEngine.runScriptAsRawText(ScriptEngine.java:119)
	at com.kms.katalon.core.main.TestCaseExecutor.runScript(TestCaseExecutor.java:398)
	at com.kms.katalon.core.main.TestCaseExecutor.doExecute(TestCaseExecutor.java:389)
	at com.kms.katalon.core.main.TestCaseExecutor.processExecutionPhase(TestCaseExecutor.java:368)
	at com.kms.katalon.core.main.TestCaseExecutor.accessMainPhase(TestCaseExecutor.java:360)
	at com.kms.katalon.core.main.TestCaseExecutor.execute(TestCaseExecutor.java:255)
	at com.kms.katalon.core.main.TestCaseMain.runTestCase(TestCaseMain.java:114)
	at com.kms.katalon.core.keyword.builtin.CallTestCaseKeyword$_callTestCase_closure1.doCall(CallTestCaseKeyword.groovy:59)
	... 20 more
Caused by: com.kms.katalon.core.exception.StepFailedException: Object Object Repository/Mobile/Page/Transaction/Object for Add to Cart/Button - Buy Top Item not found
	at com.kms.katalon.core.keyword.internal.KeywordMain.stepFailed(KeywordMain.groovy:50)
	at com.kms.katalon.core.mobile.keyword.internal.MobileKeywordMain.stepFailed(MobileKeywordMain.groovy:40)
	at com.kms.katalon.core.mobile.keyword.builtin.TapKeyword$_tap_closure1.doCall(TapKeyword.groovy:79)
	at com.kms.katalon.core.mobile.keyword.builtin.TapKeyword$_tap_closure1.call(TapKeyword.groovy)
	at com.kms.katalon.core.mobile.keyword.internal.MobileKeywordMain.runKeyword(MobileKeywordMain.groovy:21)
	at com.kms.katalon.core.mobile.keyword.builtin.TapKeyword.tap(TapKeyword.groovy:86)
	at com.kms.katalon.core.mobile.keyword.builtin.TapKeyword.execute(TapKeyword.groovy:68)
	at com.kms.katalon.core.keyword.internal.KeywordExecutor.executeKeywordForPlatform(KeywordExecutor.groovy:73)
	at com.kms.katalon.core.mobile.keyword.MobileBuiltInKeywords.tap(MobileBuiltInKeywords.groovy:1354)
	at com.kms.katalon.core.mobile.keyword.MobileBuiltInKeywords$tap$1.call(Unknown Source)
	at Add Product to Cart.run(Add Product to Cart:23)
	at com.kms.katalon.core.main.ScriptEngine.run(ScriptEngine.java:194)
	at com.kms.katalon.core.main.ScriptEngine.runScriptAsRawText(ScriptEngine.java:119)
	at com.kms.katalon.core.main.TestCaseExecutor.runScript(TestCaseExecutor.java:398)
	at com.kms.katalon.core.main.TestCaseExecutor.doExecute(TestCaseExecutor.java:389)
	at com.kms.katalon.core.main.TestCaseExecutor.processExecutionPhase(TestCaseExecutor.java:368)
	at com.kms.katalon.core.main.TestCaseExecutor.accessMainPhase(TestCaseExecutor.java:360)
	at com.kms.katalon.core.main.TestCaseExecutor.execute(TestCaseExecutor.java:255)
	at com.kms.katalon.core.main.TestCaseMain.runTestCase(TestCaseMain.java:114)
	at com.kms.katalon.core.keyword.builtin.CallTestCaseKeyword$_callTestCase_closure1.doCall(CallTestCaseKeyword.groovy:59)
	... 36 more
)

2021-11-15 08:19:28 - [TEST_STEP][PASSED] - callTestCase(findTestCase("Mobile/Page/Run App/Terminate App"), [:], STOP_ON_FAILURE): Call Test Case 'Test Cases/Mobile/Page/Run App/Terminate App' successfully

2021-11-15 08:19:28 - [TEST_CASE][PASSED] - Test Cases/Mobile/Page/Run App/Terminate App: Test Cases/Mobile/Page/Run App/Terminate App

2021-11-15 08:19:28 - [TEST_STEP][PASSED] - startApp.OpenApp.terminateApplication(): startApp.OpenApp.terminateApplication is PASSED

2021-11-15 08:19:31 - [MESSAGE][PASSED] - Delayed 3 second(s)

2021-11-15 08:19:31 - [MESSAGE][PASSED] - Current device physical width is 720

2021-11-15 08:19:31 - [MESSAGE][PASSED] - Current device physical height is 1423

2021-11-15 08:19:33 - [MESSAGE][PASSED] - Swiped from 360,853 to 360,142

2021-11-15 08:19:34 - [MESSAGE][PASSED] - Delayed 1 second(s)

2021-11-15 08:19:35 - [MESSAGE][PASSED] - Swiped from 360,853 to 360,142

2021-11-15 08:19:38 - [MESSAGE][PASSED] - Delayed 3 second(s)

2021-11-15 08:19:38 - [MESSAGE][PASSED] - startApp.OpenApp.terminateApplication is PASSED

2021-11-15 08:19:38 - [MESSAGE][PASSED] - Call Test Case 'Test Cases/Mobile/Page/Run App/Terminate App' successfully]]></system-out>
         <system-err><![CDATA[2021-11-15 08:17:51 - [TEST_CASE][FAILED] - Test Cases/Mobile/Scenario/Transaction/013 - Menghapus item di keranjang: Test Cases/Mobile/Scenario/Transaction/013 - Menghapus item di keranjang FAILED.
Reason:
com.kms.katalon.core.exception.StepFailedException: Unable to call Test Case 'Test Cases/Mobile/Page/Transaction/Transaction' (Root cause: com.kms.katalon.core.exception.StepFailedException: Call Test Case 'Test Cases/Mobile/Page/Transaction/Transaction' failed
	at com.kms.katalon.core.keyword.builtin.CallTestCaseKeyword$_callTestCase_closure1.doCall(CallTestCaseKeyword.groovy:63)
	at com.kms.katalon.core.keyword.builtin.CallTestCaseKeyword$_callTestCase_closure1.call(CallTestCaseKeyword.groovy)
	at com.kms.katalon.core.keyword.internal.KeywordMain.runKeyword(KeywordMain.groovy:68)
	at com.kms.katalon.core.keyword.builtin.CallTestCaseKeyword.callTestCase(CallTestCaseKeyword.groovy:81)
	at com.kms.katalon.core.keyword.builtin.CallTestCaseKeyword.execute(CallTestCaseKeyword.groovy:44)
	at com.kms.katalon.core.keyword.internal.KeywordExecutor.executeKeywordForPlatform(KeywordExecutor.groovy:73)
	at com.kms.katalon.core.keyword.BuiltinKeywords.callTestCase(BuiltinKeywords.groovy:334)
	at 013 - Menghapus item di keranjang.run(013 - Menghapus item di keranjang:22)
	at com.kms.katalon.core.main.ScriptEngine.run(ScriptEngine.java:194)
	at com.kms.katalon.core.main.ScriptEngine.runScriptAsRawText(ScriptEngine.java:119)
	at com.kms.katalon.core.main.TestCaseExecutor.runScript(TestCaseExecutor.java:398)
	at com.kms.katalon.core.main.TestCaseExecutor.doExecute(TestCaseExecutor.java:389)
	at com.kms.katalon.core.main.TestCaseExecutor.processExecutionPhase(TestCaseExecutor.java:368)
	at com.kms.katalon.core.main.TestCaseExecutor.accessMainPhase(TestCaseExecutor.java:360)
	at com.kms.katalon.core.main.TestCaseExecutor.execute(TestCaseExecutor.java:255)
	at com.kms.katalon.core.main.TestSuiteExecutor.accessTestCaseMainPhase(TestSuiteExecutor.java:203)
	at com.kms.katalon.core.main.TestSuiteExecutor.accessTestSuiteMainPhase(TestSuiteExecutor.java:152)
	at com.kms.katalon.core.main.TestSuiteExecutor.execute(TestSuiteExecutor.java:95)
	at com.kms.katalon.core.main.TestCaseMain.startTestSuite(TestCaseMain.java:157)
	at com.kms.katalon.core.main.TestCaseMain$startTestSuite$0.call(Unknown Source)
	at TempTestSuite1636938259952.run(TempTestSuite1636938259952.groovy:39)
Caused by: com.kms.katalon.core.exception.StepFailedException: Call Test Case 'Test Cases/Mobile/Scenario/Transaction/Add Product to Cart' failed
	at com.kms.katalon.core.keyword.builtin.CallTestCaseKeyword$_callTestCase_closure1.doCall(CallTestCaseKeyword.groovy:63)
	at com.kms.katalon.core.keyword.builtin.CallTestCaseKeyword$_callTestCase_closure1.call(CallTestCaseKeyword.groovy)
	at com.kms.katalon.core.keyword.internal.KeywordMain.runKeyword(KeywordMain.groovy:68)
	at com.kms.katalon.core.keyword.builtin.CallTestCaseKeyword.callTestCase(CallTestCaseKeyword.groovy:81)
	at com.kms.katalon.core.keyword.builtin.CallTestCaseKeyword.execute(CallTestCaseKeyword.groovy:44)
	at com.kms.katalon.core.keyword.internal.KeywordExecutor.executeKeywordForPlatform(KeywordExecutor.groovy:73)
	at com.kms.katalon.core.keyword.BuiltinKeywords.callTestCase(BuiltinKeywords.groovy:334)
	at Transaction.run(Transaction:35)
	at com.kms.katalon.core.main.ScriptEngine.run(ScriptEngine.java:194)
	at com.kms.katalon.core.main.ScriptEngine.runScriptAsRawText(ScriptEngine.java:119)
	at com.kms.katalon.core.main.TestCaseExecutor.runScript(TestCaseExecutor.java:398)
	at com.kms.katalon.core.main.TestCaseExecutor.doExecute(TestCaseExecutor.java:389)
	at com.kms.katalon.core.main.TestCaseExecutor.processExecutionPhase(TestCaseExecutor.java:368)
	at com.kms.katalon.core.main.TestCaseExecutor.accessMainPhase(TestCaseExecutor.java:360)
	at com.kms.katalon.core.main.TestCaseExecutor.execute(TestCaseExecutor.java:255)
	at com.kms.katalon.core.main.TestCaseMain.runTestCase(TestCaseMain.java:114)
	at com.kms.katalon.core.keyword.builtin.CallTestCaseKeyword$_callTestCase_closure1.doCall(CallTestCaseKeyword.groovy:59)
	... 20 more
Caused by: com.kms.katalon.core.exception.StepFailedException: Object Object Repository/Mobile/Page/Transaction/Object for Add to Cart/Button - Buy Top Item not found
	at com.kms.katalon.core.keyword.internal.KeywordMain.stepFailed(KeywordMain.groovy:50)
	at com.kms.katalon.core.mobile.keyword.internal.MobileKeywordMain.stepFailed(MobileKeywordMain.groovy:40)
	at com.kms.katalon.core.mobile.keyword.builtin.TapKeyword$_tap_closure1.doCall(TapKeyword.groovy:79)
	at com.kms.katalon.core.mobile.keyword.builtin.TapKeyword$_tap_closure1.call(TapKeyword.groovy)
	at com.kms.katalon.core.mobile.keyword.internal.MobileKeywordMain.runKeyword(MobileKeywordMain.groovy:21)
	at com.kms.katalon.core.mobile.keyword.builtin.TapKeyword.tap(TapKeyword.groovy:86)
	at com.kms.katalon.core.mobile.keyword.builtin.TapKeyword.execute(TapKeyword.groovy:68)
	at com.kms.katalon.core.keyword.internal.KeywordExecutor.executeKeywordForPlatform(KeywordExecutor.groovy:73)
	at com.kms.katalon.core.mobile.keyword.MobileBuiltInKeywords.tap(MobileBuiltInKeywords.groovy:1354)
	at com.kms.katalon.core.mobile.keyword.MobileBuiltInKeywords$tap$1.call(Unknown Source)
	at Add Product to Cart.run(Add Product to Cart:23)
	at com.kms.katalon.core.main.ScriptEngine.run(ScriptEngine.java:194)
	at com.kms.katalon.core.main.ScriptEngine.runScriptAsRawText(ScriptEngine.java:119)
	at com.kms.katalon.core.main.TestCaseExecutor.runScript(TestCaseExecutor.java:398)
	at com.kms.katalon.core.main.TestCaseExecutor.doExecute(TestCaseExecutor.java:389)
	at com.kms.katalon.core.main.TestCaseExecutor.processExecutionPhase(TestCaseExecutor.java:368)
	at com.kms.katalon.core.main.TestCaseExecutor.accessMainPhase(TestCaseExecutor.java:360)
	at com.kms.katalon.core.main.TestCaseExecutor.execute(TestCaseExecutor.java:255)
	at com.kms.katalon.core.main.TestCaseMain.runTestCase(TestCaseMain.java:114)
	at com.kms.katalon.core.keyword.builtin.CallTestCaseKeyword$_callTestCase_closure1.doCall(CallTestCaseKeyword.groovy:59)
	... 36 more
)
	at com.kms.katalon.core.keyword.internal.KeywordMain.stepFailed(KeywordMain.groovy:39)
	at com.kms.katalon.core.keyword.internal.KeywordMain.stepFailed(KeywordMain.groovy)
	at com.kms.katalon.core.keyword.internal.KeywordMain.runKeyword(KeywordMain.groovy:70)
	at com.kms.katalon.core.keyword.builtin.CallTestCaseKeyword.callTestCase(CallTestCaseKeyword.groovy:81)
	at com.kms.katalon.core.keyword.builtin.CallTestCaseKeyword.execute(CallTestCaseKeyword.groovy:44)
	at com.kms.katalon.core.keyword.internal.KeywordExecutor.executeKeywordForPlatform(KeywordExecutor.groovy:73)
	at com.kms.katalon.core.keyword.BuiltinKeywords.callTestCase(BuiltinKeywords.groovy:334)
	at 013 - Menghapus item di keranjang.run(013 - Menghapus item di keranjang:22)
	at com.kms.katalon.core.main.ScriptEngine.run(ScriptEngine.java:194)
	at com.kms.katalon.core.main.ScriptEngine.runScriptAsRawText(ScriptEngine.java:119)
	at com.kms.katalon.core.main.TestCaseExecutor.runScript(TestCaseExecutor.java:398)
	at com.kms.katalon.core.main.TestCaseExecutor.doExecute(TestCaseExecutor.java:389)
	at com.kms.katalon.core.main.TestCaseExecutor.processExecutionPhase(TestCaseExecutor.java:368)
	at com.kms.katalon.core.main.TestCaseExecutor.accessMainPhase(TestCaseExecutor.java:360)
	at com.kms.katalon.core.main.TestCaseExecutor.execute(TestCaseExecutor.java:255)
	at com.kms.katalon.core.main.TestSuiteExecutor.accessTestCaseMainPhase(TestSuiteExecutor.java:203)
	at com.kms.katalon.core.main.TestSuiteExecutor.accessTestSuiteMainPhase(TestSuiteExecutor.java:152)
	at com.kms.katalon.core.main.TestSuiteExecutor.execute(TestSuiteExecutor.java:95)
	at com.kms.katalon.core.main.TestCaseMain.startTestSuite(TestCaseMain.java:157)
	at com.kms.katalon.core.main.TestCaseMain$startTestSuite$0.call(Unknown Source)
	at TempTestSuite1636938259952.run(TempTestSuite1636938259952.groovy:39)
Caused by: com.kms.katalon.core.exception.StepFailedException: Call Test Case 'Test Cases/Mobile/Page/Transaction/Transaction' failed
	at com.kms.katalon.core.keyword.builtin.CallTestCaseKeyword$_callTestCase_closure1.doCall(CallTestCaseKeyword.groovy:63)
	at com.kms.katalon.core.keyword.builtin.CallTestCaseKeyword$_callTestCase_closure1.call(CallTestCaseKeyword.groovy)
	at com.kms.katalon.core.keyword.internal.KeywordMain.runKeyword(KeywordMain.groovy:68)
	... 18 more
Caused by: com.kms.katalon.core.exception.StepFailedException: Call Test Case 'Test Cases/Mobile/Scenario/Transaction/Add Product to Cart' failed
	at com.kms.katalon.core.keyword.builtin.CallTestCaseKeyword$_callTestCase_closure1.doCall(CallTestCaseKeyword.groovy:63)
	at com.kms.katalon.core.keyword.builtin.CallTestCaseKeyword$_callTestCase_closure1.call(CallTestCaseKeyword.groovy)
	at com.kms.katalon.core.keyword.internal.KeywordMain.runKeyword(KeywordMain.groovy:68)
	at com.kms.katalon.core.keyword.builtin.CallTestCaseKeyword.callTestCase(CallTestCaseKeyword.groovy:81)
	at com.kms.katalon.core.keyword.builtin.CallTestCaseKeyword.execute(CallTestCaseKeyword.groovy:44)
	at com.kms.katalon.core.keyword.internal.KeywordExecutor.executeKeywordForPlatform(KeywordExecutor.groovy:73)
	at com.kms.katalon.core.keyword.BuiltinKeywords.callTestCase(BuiltinKeywords.groovy:334)
	at Transaction.run(Transaction:35)
	at com.kms.katalon.core.main.ScriptEngine.run(ScriptEngine.java:194)
	at com.kms.katalon.core.main.ScriptEngine.runScriptAsRawText(ScriptEngine.java:119)
	at com.kms.katalon.core.main.TestCaseExecutor.runScript(TestCaseExecutor.java:398)
	at com.kms.katalon.core.main.TestCaseExecutor.doExecute(TestCaseExecutor.java:389)
	at com.kms.katalon.core.main.TestCaseExecutor.processExecutionPhase(TestCaseExecutor.java:368)
	at com.kms.katalon.core.main.TestCaseExecutor.accessMainPhase(TestCaseExecutor.java:360)
	at com.kms.katalon.core.main.TestCaseExecutor.execute(TestCaseExecutor.java:255)
	at com.kms.katalon.core.main.TestCaseMain.runTestCase(TestCaseMain.java:114)
	at com.kms.katalon.core.keyword.builtin.CallTestCaseKeyword$_callTestCase_closure1.doCall(CallTestCaseKeyword.groovy:59)
	... 20 more
Caused by: com.kms.katalon.core.exception.StepFailedException: Object Object Repository/Mobile/Page/Transaction/Object for Add to Cart/Button - Buy Top Item not found
	at com.kms.katalon.core.keyword.internal.KeywordMain.stepFailed(KeywordMain.groovy:50)
	at com.kms.katalon.core.mobile.keyword.internal.MobileKeywordMain.stepFailed(MobileKeywordMain.groovy:40)
	at com.kms.katalon.core.mobile.keyword.builtin.TapKeyword$_tap_closure1.doCall(TapKeyword.groovy:79)
	at com.kms.katalon.core.mobile.keyword.builtin.TapKeyword$_tap_closure1.call(TapKeyword.groovy)
	at com.kms.katalon.core.mobile.keyword.internal.MobileKeywordMain.runKeyword(MobileKeywordMain.groovy:21)
	at com.kms.katalon.core.mobile.keyword.builtin.TapKeyword.tap(TapKeyword.groovy:86)
	at com.kms.katalon.core.mobile.keyword.builtin.TapKeyword.execute(TapKeyword.groovy:68)
	at com.kms.katalon.core.keyword.internal.KeywordExecutor.executeKeywordForPlatform(KeywordExecutor.groovy:73)
	at com.kms.katalon.core.mobile.keyword.MobileBuiltInKeywords.tap(MobileBuiltInKeywords.groovy:1354)
	at com.kms.katalon.core.mobile.keyword.MobileBuiltInKeywords$tap$1.call(Unknown Source)
	at Add Product to Cart.run(Add Product to Cart:23)
	at com.kms.katalon.core.main.ScriptEngine.run(ScriptEngine.java:194)
	at com.kms.katalon.core.main.ScriptEngine.runScriptAsRawText(ScriptEngine.java:119)
	at com.kms.katalon.core.main.TestCaseExecutor.runScript(TestCaseExecutor.java:398)
	at com.kms.katalon.core.main.TestCaseExecutor.doExecute(TestCaseExecutor.java:389)
	at com.kms.katalon.core.main.TestCaseExecutor.processExecutionPhase(TestCaseExecutor.java:368)
	at com.kms.katalon.core.main.TestCaseExecutor.accessMainPhase(TestCaseExecutor.java:360)
	at com.kms.katalon.core.main.TestCaseExecutor.execute(TestCaseExecutor.java:255)
	at com.kms.katalon.core.main.TestCaseMain.runTestCase(TestCaseMain.java:114)
	at com.kms.katalon.core.keyword.builtin.CallTestCaseKeyword$_callTestCase_closure1.doCall(CallTestCaseKeyword.groovy:59)
	... 36 more]]></system-err>
      </testcase>
      <testcase name="Test Cases/Mobile/Scenario/Transaction/014 - Melihat notifikasi berdasarkan kategori Profile" time="53.008" classname="Test Cases/Mobile/Scenario/Transaction/014 - Melihat notifikasi berdasarkan kategori Profile" status="PASSED">
         <system-out><![CDATA[2021-11-15 08:19:38 - [TEST_CASE][PASSED] - Test Cases/Mobile/Scenario/Transaction/014 - Melihat notifikasi berdasarkan kategori Profile: Test Cases/Mobile/Scenario/Transaction/014 - Melihat notifikasi berdasarkan kategori Profile

2021-11-15 08:19:38 - [TEST_STEP][PASSED] - callTestCase(findTestCase("Mobile/Page/Run App/Run App byID"), [:], STOP_ON_FAILURE): Call Test Case 'Test Cases/Mobile/Page/Run App/Run App byID' successfully

2021-11-15 08:19:38 - [TEST_CASE][PASSED] - Test Cases/Mobile/Page/Run App/Run App byID: Test Cases/Mobile/Page/Run App/Run App byID

2021-11-15 08:19:38 - [TEST_STEP][PASSED] - startApp.OpenApp.startApplication("com.mirae.maxfund"): startApp.OpenApp.startApplication is PASSED

2021-11-15 08:19:52 - [MESSAGE][PASSED] - Starting app with application ID: 'com.mirae.maxfund'

2021-11-15 08:19:52 - [MESSAGE][PASSED] - startApp.OpenApp.startApplication is PASSED

2021-11-15 08:19:52 - [MESSAGE][PASSED] - Call Test Case 'Test Cases/Mobile/Page/Run App/Run App byID' successfully

2021-11-15 08:19:52 - [TEST_STEP][PASSED] - callTestCase(findTestCase("Mobile/Page/Transaction/Transaction"), ["page":"notification", "tab":"profile", "action":"detail"], CONTINUE_ON_FAILURE): Call Test Case 'Test Cases/Mobile/Page/Transaction/Transaction' successfully

2021-11-15 08:19:52 - [TEST_CASE][PASSED] - Test Cases/Mobile/Page/Transaction/Transaction: Test Cases/Mobile/Page/Transaction/Transaction

2021-11-15 08:19:52 - [TEST_STEP][PASSED] - delay(5): Delayed 5 second(s)

2021-11-15 08:19:57 - [MESSAGE][PASSED] - Delayed 5 second(s)

2021-11-15 08:19:57 - [TEST_STEP][PASSED] - loginCheck = verifyElementExist(findTestObject("Object Repository/Mobile/Page/Dashboard/Button - Login"), 2, CONTINUE_ON_FAILURE): Element 'Object Repository/Mobile/Page/Dashboard/Button - Login' is exist

2021-11-15 08:19:57 - [MESSAGE][PASSED] - Element 'Object Repository/Mobile/Page/Dashboard/Button - Login' is exist

2021-11-15 08:19:57 - [TEST_STEP][PASSED] - if (loginCheck): Delayed 3 second(s)

2021-11-15 08:19:57 - [TEST_STEP][PASSED] - tap(findTestObject("Object Repository/Mobile/Page/Dashboard/Button - Login"), 0): Tapped on element 'Object Repository/Mobile/Page/Dashboard/Button - Login'

2021-11-15 08:19:57 - [MESSAGE][WARNING] - Timeout '0' is invalid. Using default page load timeout: '60'

2021-11-15 08:19:58 - [MESSAGE][PASSED] - Tapped on element 'Object Repository/Mobile/Page/Dashboard/Button - Login'

2021-11-15 08:19:58 - [TEST_STEP][PASSED] - tap(findTestObject("Object Repository/Mobile/Page/Login/Input - UserID or Email"), 0): Tapped on element 'Object Repository/Mobile/Page/Login/Input - UserID or Email'

2021-11-15 08:19:58 - [MESSAGE][WARNING] - Timeout '0' is invalid. Using default page load timeout: '60'

2021-11-15 08:20:00 - [MESSAGE][PASSED] - Tapped on element 'Object Repository/Mobile/Page/Login/Input - UserID or Email'

2021-11-15 08:20:00 - [TEST_STEP][PASSED] - setText(findTestObject("Object Repository/Mobile/Page/Login/Input - UserID or Email"), "ady.pangerang@gmail.com", 0): Text 'ady.pangerang@gmail.com' has been set to element 'Object Repository/Mobile/Page/Login/Input - UserID or Email'

2021-11-15 08:20:00 - [MESSAGE][WARNING] - Timeout '0' is invalid. Using default page load timeout: '60'

2021-11-15 08:20:02 - [MESSAGE][PASSED] - Text 'ady.pangerang@gmail.com' has been set to element 'Object Repository/Mobile/Page/Login/Input - UserID or Email'

2021-11-15 08:20:02 - [TEST_STEP][PASSED] - tap(findTestObject("Object Repository/Mobile/Page/Login/Input - Password 2"), 0): Tapped on element 'Object Repository/Mobile/Page/Login/Input - Password 2'

2021-11-15 08:20:02 - [MESSAGE][WARNING] - Timeout '0' is invalid. Using default page load timeout: '60'

2021-11-15 08:20:03 - [MESSAGE][PASSED] - Tapped on element 'Object Repository/Mobile/Page/Login/Input - Password 2'

2021-11-15 08:20:03 - [TEST_STEP][PASSED] - setText(findTestObject("Object Repository/Mobile/Page/Login/Input - Password 2"), "Mirae1234", 0): Text 'Mirae1234' has been set to element 'Object Repository/Mobile/Page/Login/Input - Password 2'

2021-11-15 08:20:03 - [MESSAGE][WARNING] - Timeout '0' is invalid. Using default page load timeout: '60'

2021-11-15 08:20:04 - [MESSAGE][PASSED] - Text 'Mirae1234' has been set to element 'Object Repository/Mobile/Page/Login/Input - Password 2'

2021-11-15 08:20:04 - [TEST_STEP][PASSED] - tap(findTestObject("Object Repository/Mobile/Page/Login/Button - Sign In"), 0): Tapped on element 'Object Repository/Mobile/Page/Login/Button - Sign In'

2021-11-15 08:20:04 - [MESSAGE][WARNING] - Timeout '0' is invalid. Using default page load timeout: '60'

2021-11-15 08:20:05 - [MESSAGE][PASSED] - Tapped on element 'Object Repository/Mobile/Page/Login/Button - Sign In'

2021-11-15 08:20:05 - [TEST_STEP][PASSED] - delay(3): Delayed 3 second(s)

2021-11-15 08:20:08 - [MESSAGE][PASSED] - Delayed 3 second(s)

2021-11-15 08:20:08 - [TEST_STEP][PASSED] - if (page == "cart"): null

2021-11-15 08:20:08 - [TEST_STEP][PASSED] - tap(findTestObject("Object Repository/Mobile/Page/Transaction/Button - Menubar Transaction"), 0): Tapped on element 'Object Repository/Mobile/Page/Transaction/Button - Menubar Transaction'

2021-11-15 08:20:08 - [MESSAGE][WARNING] - Timeout '0' is invalid. Using default page load timeout: '60'

2021-11-15 08:20:13 - [MESSAGE][PASSED] - Tapped on element 'Object Repository/Mobile/Page/Transaction/Button - Menubar Transaction'

2021-11-15 08:20:13 - [TEST_STEP][PASSED] - delay(1): Delayed 1 second(s)

2021-11-15 08:20:14 - [MESSAGE][PASSED] - Delayed 1 second(s)

2021-11-15 08:20:14 - [TEST_STEP][PASSED] - if (page == "onprocess"): null

2021-11-15 08:20:14 - [TEST_STEP][PASSED] - else if (page == "history"): null

2021-11-15 08:20:14 - [TEST_STEP][PASSED] - else if (page == "cart"): null

2021-11-15 08:20:14 - [TEST_STEP][PASSED] - else if (page == "notification"): Delayed 1 second(s)

2021-11-15 08:20:14 - [TEST_STEP][PASSED] - tapAndHold(findTestObject("Mobile/Page/Transaction/Button - Icon Notification"), 1, 0): Tapped and held on element 'Object Repository/Mobile/Page/Transaction/Button - Icon Notification' with duration 1

2021-11-15 08:20:14 - [MESSAGE][WARNING] - Timeout '0' is invalid. Using default page load timeout: '60'

2021-11-15 08:20:17 - [MESSAGE][PASSED] - Tapped and held on element 'Object Repository/Mobile/Page/Transaction/Button - Icon Notification' with duration 1

2021-11-15 08:20:17 - [TEST_STEP][PASSED] - delay(3): Delayed 3 second(s)

2021-11-15 08:20:20 - [MESSAGE][PASSED] - Delayed 3 second(s)

2021-11-15 08:20:20 - [TEST_STEP][PASSED] - if (action == "profile"): null

2021-11-15 08:20:20 - [TEST_STEP][PASSED] - delay(1): Delayed 1 second(s)

2021-11-15 08:20:21 - [MESSAGE][PASSED] - Delayed 1 second(s)

2021-11-15 08:20:21 - [MESSAGE][PASSED] - Call Test Case 'Test Cases/Mobile/Page/Transaction/Transaction' successfully

2021-11-15 08:20:21 - [TEST_STEP][PASSED] - callTestCase(findTestCase("Mobile/Page/Run App/Terminate App"), [:], STOP_ON_FAILURE): Call Test Case 'Test Cases/Mobile/Page/Run App/Terminate App' successfully

2021-11-15 08:20:21 - [TEST_CASE][PASSED] - Test Cases/Mobile/Page/Run App/Terminate App: Test Cases/Mobile/Page/Run App/Terminate App

2021-11-15 08:20:21 - [TEST_STEP][PASSED] - startApp.OpenApp.terminateApplication(): startApp.OpenApp.terminateApplication is PASSED

2021-11-15 08:20:24 - [MESSAGE][PASSED] - Delayed 3 second(s)

2021-11-15 08:20:24 - [MESSAGE][PASSED] - Current device physical width is 720

2021-11-15 08:20:24 - [MESSAGE][PASSED] - Current device physical height is 1423

2021-11-15 08:20:26 - [MESSAGE][PASSED] - Swiped from 360,853 to 360,142

2021-11-15 08:20:27 - [MESSAGE][PASSED] - Delayed 1 second(s)

2021-11-15 08:20:28 - [MESSAGE][PASSED] - Swiped from 360,853 to 360,142

2021-11-15 08:20:31 - [MESSAGE][PASSED] - Delayed 3 second(s)

2021-11-15 08:20:31 - [MESSAGE][PASSED] - startApp.OpenApp.terminateApplication is PASSED

2021-11-15 08:20:31 - [MESSAGE][PASSED] - Call Test Case 'Test Cases/Mobile/Page/Run App/Terminate App' successfully]]></system-out>
         <system-err><![CDATA[]]></system-err>
      </testcase>
      <testcase name="Test Cases/Mobile/Scenario/Transaction/015 - Melihat notifikasi berdasarkan kategori System" time="50.891" classname="Test Cases/Mobile/Scenario/Transaction/015 - Melihat notifikasi berdasarkan kategori System" status="PASSED">
         <system-out><![CDATA[2021-11-15 08:20:31 - [TEST_CASE][PASSED] - Test Cases/Mobile/Scenario/Transaction/015 - Melihat notifikasi berdasarkan kategori System: Test Cases/Mobile/Scenario/Transaction/015 - Melihat notifikasi berdasarkan kategori System

2021-11-15 08:20:31 - [TEST_STEP][PASSED] - callTestCase(findTestCase("Mobile/Page/Run App/Run App byID"), [:], STOP_ON_FAILURE): Call Test Case 'Test Cases/Mobile/Page/Run App/Run App byID' successfully

2021-11-15 08:20:31 - [TEST_CASE][PASSED] - Test Cases/Mobile/Page/Run App/Run App byID: Test Cases/Mobile/Page/Run App/Run App byID

2021-11-15 08:20:31 - [TEST_STEP][PASSED] - startApp.OpenApp.startApplication("com.mirae.maxfund"): startApp.OpenApp.startApplication is PASSED

2021-11-15 08:20:44 - [MESSAGE][PASSED] - Starting app with application ID: 'com.mirae.maxfund'

2021-11-15 08:20:44 - [MESSAGE][PASSED] - startApp.OpenApp.startApplication is PASSED

2021-11-15 08:20:44 - [MESSAGE][PASSED] - Call Test Case 'Test Cases/Mobile/Page/Run App/Run App byID' successfully

2021-11-15 08:20:44 - [TEST_STEP][PASSED] - callTestCase(findTestCase("Mobile/Page/Transaction/Transaction"), ["page":"notification", "tab":"system", "action":"detail"], CONTINUE_ON_FAILURE): Call Test Case 'Test Cases/Mobile/Page/Transaction/Transaction' successfully

2021-11-15 08:20:45 - [TEST_CASE][PASSED] - Test Cases/Mobile/Page/Transaction/Transaction: Test Cases/Mobile/Page/Transaction/Transaction

2021-11-15 08:20:45 - [TEST_STEP][PASSED] - delay(5): Delayed 5 second(s)

2021-11-15 08:20:50 - [MESSAGE][PASSED] - Delayed 5 second(s)

2021-11-15 08:20:50 - [TEST_STEP][PASSED] - loginCheck = verifyElementExist(findTestObject("Object Repository/Mobile/Page/Dashboard/Button - Login"), 2, CONTINUE_ON_FAILURE): Element 'Object Repository/Mobile/Page/Dashboard/Button - Login' is exist

2021-11-15 08:20:50 - [MESSAGE][PASSED] - Element 'Object Repository/Mobile/Page/Dashboard/Button - Login' is exist

2021-11-15 08:20:50 - [TEST_STEP][PASSED] - if (loginCheck): Delayed 3 second(s)

2021-11-15 08:20:50 - [TEST_STEP][PASSED] - tap(findTestObject("Object Repository/Mobile/Page/Dashboard/Button - Login"), 0): Tapped on element 'Object Repository/Mobile/Page/Dashboard/Button - Login'

2021-11-15 08:20:50 - [MESSAGE][WARNING] - Timeout '0' is invalid. Using default page load timeout: '60'

2021-11-15 08:20:51 - [MESSAGE][PASSED] - Tapped on element 'Object Repository/Mobile/Page/Dashboard/Button - Login'

2021-11-15 08:20:51 - [TEST_STEP][PASSED] - tap(findTestObject("Object Repository/Mobile/Page/Login/Input - UserID or Email"), 0): Tapped on element 'Object Repository/Mobile/Page/Login/Input - UserID or Email'

2021-11-15 08:20:51 - [MESSAGE][WARNING] - Timeout '0' is invalid. Using default page load timeout: '60'

2021-11-15 08:20:52 - [MESSAGE][PASSED] - Tapped on element 'Object Repository/Mobile/Page/Login/Input - UserID or Email'

2021-11-15 08:20:52 - [TEST_STEP][PASSED] - setText(findTestObject("Object Repository/Mobile/Page/Login/Input - UserID or Email"), "ady.pangerang@gmail.com", 0): Text 'ady.pangerang@gmail.com' has been set to element 'Object Repository/Mobile/Page/Login/Input - UserID or Email'

2021-11-15 08:20:52 - [MESSAGE][WARNING] - Timeout '0' is invalid. Using default page load timeout: '60'

2021-11-15 08:20:54 - [MESSAGE][PASSED] - Text 'ady.pangerang@gmail.com' has been set to element 'Object Repository/Mobile/Page/Login/Input - UserID or Email'

2021-11-15 08:20:54 - [TEST_STEP][PASSED] - tap(findTestObject("Object Repository/Mobile/Page/Login/Input - Password 2"), 0): Tapped on element 'Object Repository/Mobile/Page/Login/Input - Password 2'

2021-11-15 08:20:54 - [MESSAGE][WARNING] - Timeout '0' is invalid. Using default page load timeout: '60'

2021-11-15 08:20:55 - [MESSAGE][PASSED] - Tapped on element 'Object Repository/Mobile/Page/Login/Input - Password 2'

2021-11-15 08:20:55 - [TEST_STEP][PASSED] - setText(findTestObject("Object Repository/Mobile/Page/Login/Input - Password 2"), "Mirae1234", 0): Text 'Mirae1234' has been set to element 'Object Repository/Mobile/Page/Login/Input - Password 2'

2021-11-15 08:20:55 - [MESSAGE][WARNING] - Timeout '0' is invalid. Using default page load timeout: '60'

2021-11-15 08:20:56 - [MESSAGE][PASSED] - Text 'Mirae1234' has been set to element 'Object Repository/Mobile/Page/Login/Input - Password 2'

2021-11-15 08:20:56 - [TEST_STEP][PASSED] - tap(findTestObject("Object Repository/Mobile/Page/Login/Button - Sign In"), 0): Tapped on element 'Object Repository/Mobile/Page/Login/Button - Sign In'

2021-11-15 08:20:56 - [MESSAGE][WARNING] - Timeout '0' is invalid. Using default page load timeout: '60'

2021-11-15 08:20:57 - [MESSAGE][PASSED] - Tapped on element 'Object Repository/Mobile/Page/Login/Button - Sign In'

2021-11-15 08:20:57 - [TEST_STEP][PASSED] - delay(3): Delayed 3 second(s)

2021-11-15 08:21:00 - [MESSAGE][PASSED] - Delayed 3 second(s)

2021-11-15 08:21:00 - [TEST_STEP][PASSED] - if (page == "cart"): null

2021-11-15 08:21:00 - [TEST_STEP][PASSED] - tap(findTestObject("Object Repository/Mobile/Page/Transaction/Button - Menubar Transaction"), 0): Tapped on element 'Object Repository/Mobile/Page/Transaction/Button - Menubar Transaction'

2021-11-15 08:21:00 - [MESSAGE][WARNING] - Timeout '0' is invalid. Using default page load timeout: '60'

2021-11-15 08:21:03 - [MESSAGE][PASSED] - Tapped on element 'Object Repository/Mobile/Page/Transaction/Button - Menubar Transaction'

2021-11-15 08:21:03 - [TEST_STEP][PASSED] - delay(1): Delayed 1 second(s)

2021-11-15 08:21:04 - [MESSAGE][PASSED] - Delayed 1 second(s)

2021-11-15 08:21:04 - [TEST_STEP][PASSED] - if (page == "onprocess"): null

2021-11-15 08:21:04 - [TEST_STEP][PASSED] - else if (page == "history"): null

2021-11-15 08:21:04 - [TEST_STEP][PASSED] - else if (page == "cart"): null

2021-11-15 08:21:04 - [TEST_STEP][PASSED] - else if (page == "notification"): Delayed 1 second(s)

2021-11-15 08:21:04 - [TEST_STEP][PASSED] - tapAndHold(findTestObject("Mobile/Page/Transaction/Button - Icon Notification"), 1, 0): Tapped and held on element 'Object Repository/Mobile/Page/Transaction/Button - Icon Notification' with duration 1

2021-11-15 08:21:04 - [MESSAGE][WARNING] - Timeout '0' is invalid. Using default page load timeout: '60'

2021-11-15 08:21:07 - [MESSAGE][PASSED] - Tapped and held on element 'Object Repository/Mobile/Page/Transaction/Button - Icon Notification' with duration 1

2021-11-15 08:21:07 - [TEST_STEP][PASSED] - delay(3): Delayed 3 second(s)

2021-11-15 08:21:10 - [MESSAGE][PASSED] - Delayed 3 second(s)

2021-11-15 08:21:10 - [TEST_STEP][PASSED] - if (action == "profile"): null

2021-11-15 08:21:10 - [TEST_STEP][PASSED] - delay(1): Delayed 1 second(s)

2021-11-15 08:21:11 - [MESSAGE][PASSED] - Delayed 1 second(s)

2021-11-15 08:21:11 - [MESSAGE][PASSED] - Call Test Case 'Test Cases/Mobile/Page/Transaction/Transaction' successfully

2021-11-15 08:21:11 - [TEST_STEP][PASSED] - callTestCase(findTestCase("Mobile/Page/Run App/Terminate App"), [:], STOP_ON_FAILURE): Call Test Case 'Test Cases/Mobile/Page/Run App/Terminate App' successfully

2021-11-15 08:21:11 - [TEST_CASE][PASSED] - Test Cases/Mobile/Page/Run App/Terminate App: Test Cases/Mobile/Page/Run App/Terminate App

2021-11-15 08:21:11 - [TEST_STEP][PASSED] - startApp.OpenApp.terminateApplication(): startApp.OpenApp.terminateApplication is PASSED

2021-11-15 08:21:15 - [MESSAGE][PASSED] - Delayed 3 second(s)

2021-11-15 08:21:15 - [MESSAGE][PASSED] - Current device physical width is 720

2021-11-15 08:21:15 - [MESSAGE][PASSED] - Current device physical height is 1423

2021-11-15 08:21:17 - [MESSAGE][PASSED] - Swiped from 360,853 to 360,142

2021-11-15 08:21:18 - [MESSAGE][PASSED] - Delayed 1 second(s)

2021-11-15 08:21:19 - [MESSAGE][PASSED] - Swiped from 360,853 to 360,142

2021-11-15 08:21:22 - [MESSAGE][PASSED] - Delayed 3 second(s)

2021-11-15 08:21:22 - [MESSAGE][PASSED] - startApp.OpenApp.terminateApplication is PASSED

2021-11-15 08:21:22 - [MESSAGE][PASSED] - Call Test Case 'Test Cases/Mobile/Page/Run App/Terminate App' successfully]]></system-out>
         <system-err><![CDATA[]]></system-err>
      </testcase>
      <testcase name="Test Cases/Mobile/Scenario/Transaction/016 - Melihat notifikasi berdasarkan kategori Transaksi" time="53.752" classname="Test Cases/Mobile/Scenario/Transaction/016 - Melihat notifikasi berdasarkan kategori Transaksi" status="PASSED">
         <system-out><![CDATA[2021-11-15 08:21:22 - [TEST_CASE][PASSED] - Test Cases/Mobile/Scenario/Transaction/016 - Melihat notifikasi berdasarkan kategori Transaksi: Test Cases/Mobile/Scenario/Transaction/016 - Melihat notifikasi berdasarkan kategori Transaksi

2021-11-15 08:21:22 - [TEST_STEP][PASSED] - callTestCase(findTestCase("Mobile/Page/Run App/Run App byID"), [:], STOP_ON_FAILURE): Call Test Case 'Test Cases/Mobile/Page/Run App/Run App byID' successfully

2021-11-15 08:21:22 - [TEST_CASE][PASSED] - Test Cases/Mobile/Page/Run App/Run App byID: Test Cases/Mobile/Page/Run App/Run App byID

2021-11-15 08:21:22 - [TEST_STEP][PASSED] - startApp.OpenApp.startApplication("com.mirae.maxfund"): startApp.OpenApp.startApplication is PASSED

2021-11-15 08:21:35 - [MESSAGE][PASSED] - Starting app with application ID: 'com.mirae.maxfund'

2021-11-15 08:21:35 - [MESSAGE][PASSED] - startApp.OpenApp.startApplication is PASSED

2021-11-15 08:21:35 - [MESSAGE][PASSED] - Call Test Case 'Test Cases/Mobile/Page/Run App/Run App byID' successfully

2021-11-15 08:21:35 - [TEST_STEP][PASSED] - callTestCase(findTestCase("Mobile/Page/Transaction/Transaction"), ["page":"notification", "tab":"transaction", "action":"detail"], CONTINUE_ON_FAILURE): Call Test Case 'Test Cases/Mobile/Page/Transaction/Transaction' successfully

2021-11-15 08:21:35 - [TEST_CASE][PASSED] - Test Cases/Mobile/Page/Transaction/Transaction: Test Cases/Mobile/Page/Transaction/Transaction

2021-11-15 08:21:35 - [TEST_STEP][PASSED] - delay(5): Delayed 5 second(s)

2021-11-15 08:21:40 - [MESSAGE][PASSED] - Delayed 5 second(s)

2021-11-15 08:21:40 - [TEST_STEP][PASSED] - loginCheck = verifyElementExist(findTestObject("Object Repository/Mobile/Page/Dashboard/Button - Login"), 2, CONTINUE_ON_FAILURE): Element 'Object Repository/Mobile/Page/Dashboard/Button - Login' is exist

2021-11-15 08:21:43 - [MESSAGE][PASSED] - Element 'Object Repository/Mobile/Page/Dashboard/Button - Login' is exist

2021-11-15 08:21:43 - [TEST_STEP][PASSED] - if (loginCheck): Delayed 3 second(s)

2021-11-15 08:21:43 - [TEST_STEP][PASSED] - tap(findTestObject("Object Repository/Mobile/Page/Dashboard/Button - Login"), 0): Tapped on element 'Object Repository/Mobile/Page/Dashboard/Button - Login'

2021-11-15 08:21:43 - [MESSAGE][WARNING] - Timeout '0' is invalid. Using default page load timeout: '60'

2021-11-15 08:21:44 - [MESSAGE][PASSED] - Tapped on element 'Object Repository/Mobile/Page/Dashboard/Button - Login'

2021-11-15 08:21:44 - [TEST_STEP][PASSED] - tap(findTestObject("Object Repository/Mobile/Page/Login/Input - UserID or Email"), 0): Tapped on element 'Object Repository/Mobile/Page/Login/Input - UserID or Email'

2021-11-15 08:21:44 - [MESSAGE][WARNING] - Timeout '0' is invalid. Using default page load timeout: '60'

2021-11-15 08:21:45 - [MESSAGE][PASSED] - Tapped on element 'Object Repository/Mobile/Page/Login/Input - UserID or Email'

2021-11-15 08:21:45 - [TEST_STEP][PASSED] - setText(findTestObject("Object Repository/Mobile/Page/Login/Input - UserID or Email"), "ady.pangerang@gmail.com", 0): Text 'ady.pangerang@gmail.com' has been set to element 'Object Repository/Mobile/Page/Login/Input - UserID or Email'

2021-11-15 08:21:45 - [MESSAGE][WARNING] - Timeout '0' is invalid. Using default page load timeout: '60'

2021-11-15 08:21:47 - [MESSAGE][PASSED] - Text 'ady.pangerang@gmail.com' has been set to element 'Object Repository/Mobile/Page/Login/Input - UserID or Email'

2021-11-15 08:21:47 - [TEST_STEP][PASSED] - tap(findTestObject("Object Repository/Mobile/Page/Login/Input - Password 2"), 0): Tapped on element 'Object Repository/Mobile/Page/Login/Input - Password 2'

2021-11-15 08:21:47 - [MESSAGE][WARNING] - Timeout '0' is invalid. Using default page load timeout: '60'

2021-11-15 08:21:48 - [MESSAGE][PASSED] - Tapped on element 'Object Repository/Mobile/Page/Login/Input - Password 2'

2021-11-15 08:21:48 - [TEST_STEP][PASSED] - setText(findTestObject("Object Repository/Mobile/Page/Login/Input - Password 2"), "Mirae1234", 0): Text 'Mirae1234' has been set to element 'Object Repository/Mobile/Page/Login/Input - Password 2'

2021-11-15 08:21:48 - [MESSAGE][WARNING] - Timeout '0' is invalid. Using default page load timeout: '60'

2021-11-15 08:21:49 - [MESSAGE][PASSED] - Text 'Mirae1234' has been set to element 'Object Repository/Mobile/Page/Login/Input - Password 2'

2021-11-15 08:21:49 - [TEST_STEP][PASSED] - tap(findTestObject("Object Repository/Mobile/Page/Login/Button - Sign In"), 0): Tapped on element 'Object Repository/Mobile/Page/Login/Button - Sign In'

2021-11-15 08:21:49 - [MESSAGE][WARNING] - Timeout '0' is invalid. Using default page load timeout: '60'

2021-11-15 08:21:50 - [MESSAGE][PASSED] - Tapped on element 'Object Repository/Mobile/Page/Login/Button - Sign In'

2021-11-15 08:21:50 - [TEST_STEP][PASSED] - delay(3): Delayed 3 second(s)

2021-11-15 08:21:53 - [MESSAGE][PASSED] - Delayed 3 second(s)

2021-11-15 08:21:53 - [TEST_STEP][PASSED] - if (page == "cart"): null

2021-11-15 08:21:53 - [TEST_STEP][PASSED] - tap(findTestObject("Object Repository/Mobile/Page/Transaction/Button - Menubar Transaction"), 0): Tapped on element 'Object Repository/Mobile/Page/Transaction/Button - Menubar Transaction'

2021-11-15 08:21:53 - [MESSAGE][WARNING] - Timeout '0' is invalid. Using default page load timeout: '60'

2021-11-15 08:21:57 - [MESSAGE][PASSED] - Tapped on element 'Object Repository/Mobile/Page/Transaction/Button - Menubar Transaction'

2021-11-15 08:21:57 - [TEST_STEP][PASSED] - delay(1): Delayed 1 second(s)

2021-11-15 08:21:58 - [MESSAGE][PASSED] - Delayed 1 second(s)

2021-11-15 08:21:58 - [TEST_STEP][PASSED] - if (page == "onprocess"): null

2021-11-15 08:21:58 - [TEST_STEP][PASSED] - else if (page == "history"): null

2021-11-15 08:21:58 - [TEST_STEP][PASSED] - else if (page == "cart"): null

2021-11-15 08:21:58 - [TEST_STEP][PASSED] - else if (page == "notification"): Delayed 1 second(s)

2021-11-15 08:21:58 - [TEST_STEP][PASSED] - tapAndHold(findTestObject("Mobile/Page/Transaction/Button - Icon Notification"), 1, 0): Tapped and held on element 'Object Repository/Mobile/Page/Transaction/Button - Icon Notification' with duration 1

2021-11-15 08:21:58 - [MESSAGE][WARNING] - Timeout '0' is invalid. Using default page load timeout: '60'

2021-11-15 08:22:01 - [MESSAGE][PASSED] - Tapped and held on element 'Object Repository/Mobile/Page/Transaction/Button - Icon Notification' with duration 1

2021-11-15 08:22:01 - [TEST_STEP][PASSED] - delay(3): Delayed 3 second(s)

2021-11-15 08:22:04 - [MESSAGE][PASSED] - Delayed 3 second(s)

2021-11-15 08:22:04 - [TEST_STEP][PASSED] - if (action == "profile"): null

2021-11-15 08:22:04 - [TEST_STEP][PASSED] - delay(1): Delayed 1 second(s)

2021-11-15 08:22:05 - [MESSAGE][PASSED] - Delayed 1 second(s)

2021-11-15 08:22:05 - [MESSAGE][PASSED] - Call Test Case 'Test Cases/Mobile/Page/Transaction/Transaction' successfully

2021-11-15 08:22:05 - [TEST_STEP][PASSED] - callTestCase(findTestCase("Mobile/Page/Run App/Terminate App"), [:], STOP_ON_FAILURE): Call Test Case 'Test Cases/Mobile/Page/Run App/Terminate App' successfully

2021-11-15 08:22:05 - [TEST_CASE][PASSED] - Test Cases/Mobile/Page/Run App/Terminate App: Test Cases/Mobile/Page/Run App/Terminate App

2021-11-15 08:22:05 - [TEST_STEP][PASSED] - startApp.OpenApp.terminateApplication(): startApp.OpenApp.terminateApplication is PASSED

2021-11-15 08:22:09 - [MESSAGE][PASSED] - Delayed 3 second(s)

2021-11-15 08:22:09 - [MESSAGE][PASSED] - Current device physical width is 720

2021-11-15 08:22:09 - [MESSAGE][PASSED] - Current device physical height is 1423

2021-11-15 08:22:10 - [MESSAGE][PASSED] - Swiped from 360,853 to 360,142

2021-11-15 08:22:11 - [MESSAGE][PASSED] - Delayed 1 second(s)

2021-11-15 08:22:13 - [MESSAGE][PASSED] - Swiped from 360,853 to 360,142

2021-11-15 08:22:16 - [MESSAGE][PASSED] - Delayed 3 second(s)

2021-11-15 08:22:16 - [MESSAGE][PASSED] - startApp.OpenApp.terminateApplication is PASSED

2021-11-15 08:22:16 - [MESSAGE][PASSED] - Call Test Case 'Test Cases/Mobile/Page/Run App/Terminate App' successfully]]></system-out>
         <system-err><![CDATA[]]></system-err>
      </testcase>
      <testcase name="Test Cases/Mobile/Scenario/Transaction/017 - Melihat notifikasi berdasarkan kategori Promo" time="49.73" classname="Test Cases/Mobile/Scenario/Transaction/017 - Melihat notifikasi berdasarkan kategori Promo" status="PASSED">
         <system-out><![CDATA[2021-11-15 08:22:16 - [TEST_CASE][PASSED] - Test Cases/Mobile/Scenario/Transaction/017 - Melihat notifikasi berdasarkan kategori Promo: Test Cases/Mobile/Scenario/Transaction/017 - Melihat notifikasi berdasarkan kategori Promo

2021-11-15 08:22:16 - [TEST_STEP][PASSED] - callTestCase(findTestCase("Mobile/Page/Run App/Run App byID"), [:], STOP_ON_FAILURE): Call Test Case 'Test Cases/Mobile/Page/Run App/Run App byID' successfully

2021-11-15 08:22:16 - [TEST_CASE][PASSED] - Test Cases/Mobile/Page/Run App/Run App byID: Test Cases/Mobile/Page/Run App/Run App byID

2021-11-15 08:22:16 - [TEST_STEP][PASSED] - startApp.OpenApp.startApplication("com.mirae.maxfund"): startApp.OpenApp.startApplication is PASSED

2021-11-15 08:22:28 - [MESSAGE][PASSED] - Starting app with application ID: 'com.mirae.maxfund'

2021-11-15 08:22:28 - [MESSAGE][PASSED] - startApp.OpenApp.startApplication is PASSED

2021-11-15 08:22:28 - [MESSAGE][PASSED] - Call Test Case 'Test Cases/Mobile/Page/Run App/Run App byID' successfully

2021-11-15 08:22:28 - [TEST_STEP][PASSED] - callTestCase(findTestCase("Mobile/Page/Transaction/Transaction"), ["page":"notification", "tab":"promo", "action":"detail"], CONTINUE_ON_FAILURE): Call Test Case 'Test Cases/Mobile/Page/Transaction/Transaction' successfully

2021-11-15 08:22:28 - [TEST_CASE][PASSED] - Test Cases/Mobile/Page/Transaction/Transaction: Test Cases/Mobile/Page/Transaction/Transaction

2021-11-15 08:22:28 - [TEST_STEP][PASSED] - delay(5): Delayed 5 second(s)

2021-11-15 08:22:33 - [MESSAGE][PASSED] - Delayed 5 second(s)

2021-11-15 08:22:33 - [TEST_STEP][PASSED] - loginCheck = verifyElementExist(findTestObject("Object Repository/Mobile/Page/Dashboard/Button - Login"), 2, CONTINUE_ON_FAILURE): Element 'Object Repository/Mobile/Page/Dashboard/Button - Login' is exist

2021-11-15 08:22:34 - [MESSAGE][PASSED] - Element 'Object Repository/Mobile/Page/Dashboard/Button - Login' is exist

2021-11-15 08:22:34 - [TEST_STEP][PASSED] - if (loginCheck): Delayed 3 second(s)

2021-11-15 08:22:34 - [TEST_STEP][PASSED] - tap(findTestObject("Object Repository/Mobile/Page/Dashboard/Button - Login"), 0): Tapped on element 'Object Repository/Mobile/Page/Dashboard/Button - Login'

2021-11-15 08:22:34 - [MESSAGE][WARNING] - Timeout '0' is invalid. Using default page load timeout: '60'

2021-11-15 08:22:34 - [MESSAGE][PASSED] - Tapped on element 'Object Repository/Mobile/Page/Dashboard/Button - Login'

2021-11-15 08:22:34 - [TEST_STEP][PASSED] - tap(findTestObject("Object Repository/Mobile/Page/Login/Input - UserID or Email"), 0): Tapped on element 'Object Repository/Mobile/Page/Login/Input - UserID or Email'

2021-11-15 08:22:34 - [MESSAGE][WARNING] - Timeout '0' is invalid. Using default page load timeout: '60'

2021-11-15 08:22:37 - [MESSAGE][PASSED] - Tapped on element 'Object Repository/Mobile/Page/Login/Input - UserID or Email'

2021-11-15 08:22:37 - [TEST_STEP][PASSED] - setText(findTestObject("Object Repository/Mobile/Page/Login/Input - UserID or Email"), "ady.pangerang@gmail.com", 0): Text 'ady.pangerang@gmail.com' has been set to element 'Object Repository/Mobile/Page/Login/Input - UserID or Email'

2021-11-15 08:22:37 - [MESSAGE][WARNING] - Timeout '0' is invalid. Using default page load timeout: '60'

2021-11-15 08:22:38 - [MESSAGE][PASSED] - Text 'ady.pangerang@gmail.com' has been set to element 'Object Repository/Mobile/Page/Login/Input - UserID or Email'

2021-11-15 08:22:38 - [TEST_STEP][PASSED] - tap(findTestObject("Object Repository/Mobile/Page/Login/Input - Password 2"), 0): Tapped on element 'Object Repository/Mobile/Page/Login/Input - Password 2'

2021-11-15 08:22:38 - [MESSAGE][WARNING] - Timeout '0' is invalid. Using default page load timeout: '60'

2021-11-15 08:22:39 - [MESSAGE][PASSED] - Tapped on element 'Object Repository/Mobile/Page/Login/Input - Password 2'

2021-11-15 08:22:39 - [TEST_STEP][PASSED] - setText(findTestObject("Object Repository/Mobile/Page/Login/Input - Password 2"), "Mirae1234", 0): Text 'Mirae1234' has been set to element 'Object Repository/Mobile/Page/Login/Input - Password 2'

2021-11-15 08:22:39 - [MESSAGE][WARNING] - Timeout '0' is invalid. Using default page load timeout: '60'

2021-11-15 08:22:40 - [MESSAGE][PASSED] - Text 'Mirae1234' has been set to element 'Object Repository/Mobile/Page/Login/Input - Password 2'

2021-11-15 08:22:40 - [TEST_STEP][PASSED] - tap(findTestObject("Object Repository/Mobile/Page/Login/Button - Sign In"), 0): Tapped on element 'Object Repository/Mobile/Page/Login/Button - Sign In'

2021-11-15 08:22:40 - [MESSAGE][WARNING] - Timeout '0' is invalid. Using default page load timeout: '60'

2021-11-15 08:22:42 - [MESSAGE][PASSED] - Tapped on element 'Object Repository/Mobile/Page/Login/Button - Sign In'

2021-11-15 08:22:42 - [TEST_STEP][PASSED] - delay(3): Delayed 3 second(s)

2021-11-15 08:22:45 - [MESSAGE][PASSED] - Delayed 3 second(s)

2021-11-15 08:22:45 - [TEST_STEP][PASSED] - if (page == "cart"): null

2021-11-15 08:22:45 - [TEST_STEP][PASSED] - tap(findTestObject("Object Repository/Mobile/Page/Transaction/Button - Menubar Transaction"), 0): Tapped on element 'Object Repository/Mobile/Page/Transaction/Button - Menubar Transaction'

2021-11-15 08:22:45 - [MESSAGE][WARNING] - Timeout '0' is invalid. Using default page load timeout: '60'

2021-11-15 08:22:47 - [MESSAGE][PASSED] - Tapped on element 'Object Repository/Mobile/Page/Transaction/Button - Menubar Transaction'

2021-11-15 08:22:47 - [TEST_STEP][PASSED] - delay(1): Delayed 1 second(s)

2021-11-15 08:22:48 - [MESSAGE][PASSED] - Delayed 1 second(s)

2021-11-15 08:22:48 - [TEST_STEP][PASSED] - if (page == "onprocess"): null

2021-11-15 08:22:48 - [TEST_STEP][PASSED] - else if (page == "history"): null

2021-11-15 08:22:48 - [TEST_STEP][PASSED] - else if (page == "cart"): null

2021-11-15 08:22:48 - [TEST_STEP][PASSED] - else if (page == "notification"): Delayed 1 second(s)

2021-11-15 08:22:48 - [TEST_STEP][PASSED] - tapAndHold(findTestObject("Mobile/Page/Transaction/Button - Icon Notification"), 1, 0): Tapped and held on element 'Object Repository/Mobile/Page/Transaction/Button - Icon Notification' with duration 1

2021-11-15 08:22:48 - [MESSAGE][WARNING] - Timeout '0' is invalid. Using default page load timeout: '60'

2021-11-15 08:22:51 - [MESSAGE][PASSED] - Tapped and held on element 'Object Repository/Mobile/Page/Transaction/Button - Icon Notification' with duration 1

2021-11-15 08:22:51 - [TEST_STEP][PASSED] - delay(3): Delayed 3 second(s)

2021-11-15 08:22:54 - [MESSAGE][PASSED] - Delayed 3 second(s)

2021-11-15 08:22:54 - [TEST_STEP][PASSED] - if (action == "profile"): null

2021-11-15 08:22:54 - [TEST_STEP][PASSED] - delay(1): Delayed 1 second(s)

2021-11-15 08:22:55 - [MESSAGE][PASSED] - Delayed 1 second(s)

2021-11-15 08:22:55 - [MESSAGE][PASSED] - Call Test Case 'Test Cases/Mobile/Page/Transaction/Transaction' successfully

2021-11-15 08:22:55 - [TEST_STEP][PASSED] - callTestCase(findTestCase("Mobile/Page/Run App/Terminate App"), [:], STOP_ON_FAILURE): Call Test Case 'Test Cases/Mobile/Page/Run App/Terminate App' successfully

2021-11-15 08:22:55 - [TEST_CASE][PASSED] - Test Cases/Mobile/Page/Run App/Terminate App: Test Cases/Mobile/Page/Run App/Terminate App

2021-11-15 08:22:55 - [TEST_STEP][PASSED] - startApp.OpenApp.terminateApplication(): startApp.OpenApp.terminateApplication is PASSED

2021-11-15 08:22:58 - [MESSAGE][PASSED] - Delayed 3 second(s)

2021-11-15 08:22:59 - [MESSAGE][PASSED] - Current device physical width is 720

2021-11-15 08:22:59 - [MESSAGE][PASSED] - Current device physical height is 1423

2021-11-15 08:23:00 - [MESSAGE][PASSED] - Swiped from 360,853 to 360,142

2021-11-15 08:23:01 - [MESSAGE][PASSED] - Delayed 1 second(s)

2021-11-15 08:23:02 - [MESSAGE][PASSED] - Swiped from 360,853 to 360,142

2021-11-15 08:23:05 - [MESSAGE][PASSED] - Delayed 3 second(s)

2021-11-15 08:23:05 - [MESSAGE][PASSED] - startApp.OpenApp.terminateApplication is PASSED

2021-11-15 08:23:05 - [MESSAGE][PASSED] - Call Test Case 'Test Cases/Mobile/Page/Run App/Terminate App' successfully]]></system-out>
         <system-err><![CDATA[]]></system-err>
      </testcase>
      <testcase name="Test Cases/Mobile/Scenario/Transaction/018 - Melihat notifikasi berdasarkan kategori Event" time="48.611" classname="Test Cases/Mobile/Scenario/Transaction/018 - Melihat notifikasi berdasarkan kategori Event" status="PASSED">
         <system-out><![CDATA[2021-11-15 08:23:05 - [TEST_CASE][PASSED] - Test Cases/Mobile/Scenario/Transaction/018 - Melihat notifikasi berdasarkan kategori Event: Test Cases/Mobile/Scenario/Transaction/018 - Melihat notifikasi berdasarkan kategori Event

2021-11-15 08:23:06 - [TEST_STEP][PASSED] - callTestCase(findTestCase("Mobile/Page/Run App/Run App byID"), [:], STOP_ON_FAILURE): Call Test Case 'Test Cases/Mobile/Page/Run App/Run App byID' successfully

2021-11-15 08:23:06 - [TEST_CASE][PASSED] - Test Cases/Mobile/Page/Run App/Run App byID: Test Cases/Mobile/Page/Run App/Run App byID

2021-11-15 08:23:06 - [TEST_STEP][PASSED] - startApp.OpenApp.startApplication("com.mirae.maxfund"): startApp.OpenApp.startApplication is PASSED

2021-11-15 08:23:17 - [MESSAGE][PASSED] - Starting app with application ID: 'com.mirae.maxfund'

2021-11-15 08:23:17 - [MESSAGE][PASSED] - startApp.OpenApp.startApplication is PASSED

2021-11-15 08:23:17 - [MESSAGE][PASSED] - Call Test Case 'Test Cases/Mobile/Page/Run App/Run App byID' successfully

2021-11-15 08:23:17 - [TEST_STEP][PASSED] - callTestCase(findTestCase("Mobile/Page/Transaction/Transaction"), ["page":"notification", "tab":"event", "action":"detail"], CONTINUE_ON_FAILURE): Call Test Case 'Test Cases/Mobile/Page/Transaction/Transaction' successfully

2021-11-15 08:23:17 - [TEST_CASE][PASSED] - Test Cases/Mobile/Page/Transaction/Transaction: Test Cases/Mobile/Page/Transaction/Transaction

2021-11-15 08:23:17 - [TEST_STEP][PASSED] - delay(5): Delayed 5 second(s)

2021-11-15 08:23:22 - [MESSAGE][PASSED] - Delayed 5 second(s)

2021-11-15 08:23:22 - [TEST_STEP][PASSED] - loginCheck = verifyElementExist(findTestObject("Object Repository/Mobile/Page/Dashboard/Button - Login"), 2, CONTINUE_ON_FAILURE): Element 'Object Repository/Mobile/Page/Dashboard/Button - Login' is exist

2021-11-15 08:23:23 - [MESSAGE][PASSED] - Element 'Object Repository/Mobile/Page/Dashboard/Button - Login' is exist

2021-11-15 08:23:23 - [TEST_STEP][PASSED] - if (loginCheck): Delayed 3 second(s)

2021-11-15 08:23:23 - [TEST_STEP][PASSED] - tap(findTestObject("Object Repository/Mobile/Page/Dashboard/Button - Login"), 0): Tapped on element 'Object Repository/Mobile/Page/Dashboard/Button - Login'

2021-11-15 08:23:23 - [MESSAGE][WARNING] - Timeout '0' is invalid. Using default page load timeout: '60'

2021-11-15 08:23:23 - [MESSAGE][PASSED] - Tapped on element 'Object Repository/Mobile/Page/Dashboard/Button - Login'

2021-11-15 08:23:23 - [TEST_STEP][PASSED] - tap(findTestObject("Object Repository/Mobile/Page/Login/Input - UserID or Email"), 0): Tapped on element 'Object Repository/Mobile/Page/Login/Input - UserID or Email'

2021-11-15 08:23:23 - [MESSAGE][WARNING] - Timeout '0' is invalid. Using default page load timeout: '60'

2021-11-15 08:23:27 - [MESSAGE][PASSED] - Tapped on element 'Object Repository/Mobile/Page/Login/Input - UserID or Email'

2021-11-15 08:23:27 - [TEST_STEP][PASSED] - setText(findTestObject("Object Repository/Mobile/Page/Login/Input - UserID or Email"), "ady.pangerang@gmail.com", 0): Text 'ady.pangerang@gmail.com' has been set to element 'Object Repository/Mobile/Page/Login/Input - UserID or Email'

2021-11-15 08:23:27 - [MESSAGE][WARNING] - Timeout '0' is invalid. Using default page load timeout: '60'

2021-11-15 08:23:28 - [MESSAGE][PASSED] - Text 'ady.pangerang@gmail.com' has been set to element 'Object Repository/Mobile/Page/Login/Input - UserID or Email'

2021-11-15 08:23:28 - [TEST_STEP][PASSED] - tap(findTestObject("Object Repository/Mobile/Page/Login/Input - Password 2"), 0): Tapped on element 'Object Repository/Mobile/Page/Login/Input - Password 2'

2021-11-15 08:23:28 - [MESSAGE][WARNING] - Timeout '0' is invalid. Using default page load timeout: '60'

2021-11-15 08:23:29 - [MESSAGE][PASSED] - Tapped on element 'Object Repository/Mobile/Page/Login/Input - Password 2'

2021-11-15 08:23:29 - [TEST_STEP][PASSED] - setText(findTestObject("Object Repository/Mobile/Page/Login/Input - Password 2"), "Mirae1234", 0): Text 'Mirae1234' has been set to element 'Object Repository/Mobile/Page/Login/Input - Password 2'

2021-11-15 08:23:29 - [MESSAGE][WARNING] - Timeout '0' is invalid. Using default page load timeout: '60'

2021-11-15 08:23:30 - [MESSAGE][PASSED] - Text 'Mirae1234' has been set to element 'Object Repository/Mobile/Page/Login/Input - Password 2'

2021-11-15 08:23:30 - [TEST_STEP][PASSED] - tap(findTestObject("Object Repository/Mobile/Page/Login/Button - Sign In"), 0): Tapped on element 'Object Repository/Mobile/Page/Login/Button - Sign In'

2021-11-15 08:23:30 - [MESSAGE][WARNING] - Timeout '0' is invalid. Using default page load timeout: '60'

2021-11-15 08:23:32 - [MESSAGE][PASSED] - Tapped on element 'Object Repository/Mobile/Page/Login/Button - Sign In'

2021-11-15 08:23:32 - [TEST_STEP][PASSED] - delay(3): Delayed 3 second(s)

2021-11-15 08:23:35 - [MESSAGE][PASSED] - Delayed 3 second(s)

2021-11-15 08:23:35 - [TEST_STEP][PASSED] - if (page == "cart"): null

2021-11-15 08:23:35 - [TEST_STEP][PASSED] - tap(findTestObject("Object Repository/Mobile/Page/Transaction/Button - Menubar Transaction"), 0): Tapped on element 'Object Repository/Mobile/Page/Transaction/Button - Menubar Transaction'

2021-11-15 08:23:35 - [MESSAGE][WARNING] - Timeout '0' is invalid. Using default page load timeout: '60'

2021-11-15 08:23:36 - [MESSAGE][PASSED] - Tapped on element 'Object Repository/Mobile/Page/Transaction/Button - Menubar Transaction'

2021-11-15 08:23:36 - [TEST_STEP][PASSED] - delay(1): Delayed 1 second(s)

2021-11-15 08:23:37 - [MESSAGE][PASSED] - Delayed 1 second(s)

2021-11-15 08:23:37 - [TEST_STEP][PASSED] - if (page == "onprocess"): null

2021-11-15 08:23:37 - [TEST_STEP][PASSED] - else if (page == "history"): null

2021-11-15 08:23:37 - [TEST_STEP][PASSED] - else if (page == "cart"): null

2021-11-15 08:23:37 - [TEST_STEP][PASSED] - else if (page == "notification"): Delayed 1 second(s)

2021-11-15 08:23:37 - [TEST_STEP][PASSED] - tapAndHold(findTestObject("Mobile/Page/Transaction/Button - Icon Notification"), 1, 0): Tapped and held on element 'Object Repository/Mobile/Page/Transaction/Button - Icon Notification' with duration 1

2021-11-15 08:23:37 - [MESSAGE][WARNING] - Timeout '0' is invalid. Using default page load timeout: '60'

2021-11-15 08:23:40 - [MESSAGE][PASSED] - Tapped and held on element 'Object Repository/Mobile/Page/Transaction/Button - Icon Notification' with duration 1

2021-11-15 08:23:40 - [TEST_STEP][PASSED] - delay(3): Delayed 3 second(s)

2021-11-15 08:23:43 - [MESSAGE][PASSED] - Delayed 3 second(s)

2021-11-15 08:23:43 - [TEST_STEP][PASSED] - if (action == "profile"): null

2021-11-15 08:23:43 - [TEST_STEP][PASSED] - delay(1): Delayed 1 second(s)

2021-11-15 08:23:44 - [MESSAGE][PASSED] - Delayed 1 second(s)

2021-11-15 08:23:44 - [MESSAGE][PASSED] - Call Test Case 'Test Cases/Mobile/Page/Transaction/Transaction' successfully

2021-11-15 08:23:44 - [TEST_STEP][PASSED] - callTestCase(findTestCase("Mobile/Page/Run App/Terminate App"), [:], STOP_ON_FAILURE): Call Test Case 'Test Cases/Mobile/Page/Run App/Terminate App' successfully

2021-11-15 08:23:44 - [TEST_CASE][PASSED] - Test Cases/Mobile/Page/Run App/Terminate App: Test Cases/Mobile/Page/Run App/Terminate App

2021-11-15 08:23:44 - [TEST_STEP][PASSED] - startApp.OpenApp.terminateApplication(): startApp.OpenApp.terminateApplication is PASSED

2021-11-15 08:23:47 - [MESSAGE][PASSED] - Delayed 3 second(s)

2021-11-15 08:23:47 - [MESSAGE][PASSED] - Current device physical width is 720

2021-11-15 08:23:47 - [MESSAGE][PASSED] - Current device physical height is 1423

2021-11-15 08:23:49 - [MESSAGE][PASSED] - Swiped from 360,853 to 360,142

2021-11-15 08:23:50 - [MESSAGE][PASSED] - Delayed 1 second(s)

2021-11-15 08:23:51 - [MESSAGE][PASSED] - Swiped from 360,853 to 360,142

2021-11-15 08:23:54 - [MESSAGE][PASSED] - Delayed 3 second(s)

2021-11-15 08:23:54 - [MESSAGE][PASSED] - startApp.OpenApp.terminateApplication is PASSED

2021-11-15 08:23:54 - [MESSAGE][PASSED] - Call Test Case 'Test Cases/Mobile/Page/Run App/Terminate App' successfully]]></system-out>
         <system-err><![CDATA[]]></system-err>
      </testcase>
      <testcase name="Test Cases/Mobile/Scenario/Transaction/019 - Melihat notifikasi berdasarkan kategori Tips" time="53.551" classname="Test Cases/Mobile/Scenario/Transaction/019 - Melihat notifikasi berdasarkan kategori Tips" status="PASSED">
         <system-out><![CDATA[2021-11-15 08:23:54 - [TEST_CASE][PASSED] - Test Cases/Mobile/Scenario/Transaction/019 - Melihat notifikasi berdasarkan kategori Tips: Test Cases/Mobile/Scenario/Transaction/019 - Melihat notifikasi berdasarkan kategori Tips

2021-11-15 08:23:54 - [TEST_STEP][PASSED] - callTestCase(findTestCase("Mobile/Page/Run App/Run App byID"), [:], STOP_ON_FAILURE): Call Test Case 'Test Cases/Mobile/Page/Run App/Run App byID' successfully

2021-11-15 08:23:54 - [TEST_CASE][PASSED] - Test Cases/Mobile/Page/Run App/Run App byID: Test Cases/Mobile/Page/Run App/Run App byID

2021-11-15 08:23:54 - [TEST_STEP][PASSED] - startApp.OpenApp.startApplication("com.mirae.maxfund"): startApp.OpenApp.startApplication is PASSED

2021-11-15 08:24:06 - [MESSAGE][PASSED] - Starting app with application ID: 'com.mirae.maxfund'

2021-11-15 08:24:06 - [MESSAGE][PASSED] - startApp.OpenApp.startApplication is PASSED

2021-11-15 08:24:06 - [MESSAGE][PASSED] - Call Test Case 'Test Cases/Mobile/Page/Run App/Run App byID' successfully

2021-11-15 08:24:06 - [TEST_STEP][PASSED] - callTestCase(findTestCase("Mobile/Page/Transaction/Transaction"), ["page":"notification", "tab":"tips", "action":"detail"], CONTINUE_ON_FAILURE): Call Test Case 'Test Cases/Mobile/Page/Transaction/Transaction' successfully

2021-11-15 08:24:07 - [TEST_CASE][PASSED] - Test Cases/Mobile/Page/Transaction/Transaction: Test Cases/Mobile/Page/Transaction/Transaction

2021-11-15 08:24:07 - [TEST_STEP][PASSED] - delay(5): Delayed 5 second(s)

2021-11-15 08:24:12 - [MESSAGE][PASSED] - Delayed 5 second(s)

2021-11-15 08:24:12 - [TEST_STEP][PASSED] - loginCheck = verifyElementExist(findTestObject("Object Repository/Mobile/Page/Dashboard/Button - Login"), 2, CONTINUE_ON_FAILURE): Element 'Object Repository/Mobile/Page/Dashboard/Button - Login' is exist

2021-11-15 08:24:12 - [MESSAGE][PASSED] - Element 'Object Repository/Mobile/Page/Dashboard/Button - Login' is exist

2021-11-15 08:24:12 - [TEST_STEP][PASSED] - if (loginCheck): Delayed 3 second(s)

2021-11-15 08:24:12 - [TEST_STEP][PASSED] - tap(findTestObject("Object Repository/Mobile/Page/Dashboard/Button - Login"), 0): Tapped on element 'Object Repository/Mobile/Page/Dashboard/Button - Login'

2021-11-15 08:24:12 - [MESSAGE][WARNING] - Timeout '0' is invalid. Using default page load timeout: '60'

2021-11-15 08:24:12 - [MESSAGE][PASSED] - Tapped on element 'Object Repository/Mobile/Page/Dashboard/Button - Login'

2021-11-15 08:24:12 - [TEST_STEP][PASSED] - tap(findTestObject("Object Repository/Mobile/Page/Login/Input - UserID or Email"), 0): Tapped on element 'Object Repository/Mobile/Page/Login/Input - UserID or Email'

2021-11-15 08:24:12 - [MESSAGE][WARNING] - Timeout '0' is invalid. Using default page load timeout: '60'

2021-11-15 08:24:16 - [MESSAGE][PASSED] - Tapped on element 'Object Repository/Mobile/Page/Login/Input - UserID or Email'

2021-11-15 08:24:16 - [TEST_STEP][PASSED] - setText(findTestObject("Object Repository/Mobile/Page/Login/Input - UserID or Email"), "ady.pangerang@gmail.com", 0): Text 'ady.pangerang@gmail.com' has been set to element 'Object Repository/Mobile/Page/Login/Input - UserID or Email'

2021-11-15 08:24:16 - [MESSAGE][WARNING] - Timeout '0' is invalid. Using default page load timeout: '60'

2021-11-15 08:24:18 - [MESSAGE][PASSED] - Text 'ady.pangerang@gmail.com' has been set to element 'Object Repository/Mobile/Page/Login/Input - UserID or Email'

2021-11-15 08:24:18 - [TEST_STEP][PASSED] - tap(findTestObject("Object Repository/Mobile/Page/Login/Input - Password 2"), 0): Tapped on element 'Object Repository/Mobile/Page/Login/Input - Password 2'

2021-11-15 08:24:18 - [MESSAGE][WARNING] - Timeout '0' is invalid. Using default page load timeout: '60'

2021-11-15 08:24:19 - [MESSAGE][PASSED] - Tapped on element 'Object Repository/Mobile/Page/Login/Input - Password 2'

2021-11-15 08:24:19 - [TEST_STEP][PASSED] - setText(findTestObject("Object Repository/Mobile/Page/Login/Input - Password 2"), "Mirae1234", 0): Text 'Mirae1234' has been set to element 'Object Repository/Mobile/Page/Login/Input - Password 2'

2021-11-15 08:24:19 - [MESSAGE][WARNING] - Timeout '0' is invalid. Using default page load timeout: '60'

2021-11-15 08:24:20 - [MESSAGE][PASSED] - Text 'Mirae1234' has been set to element 'Object Repository/Mobile/Page/Login/Input - Password 2'

2021-11-15 08:24:20 - [TEST_STEP][PASSED] - tap(findTestObject("Object Repository/Mobile/Page/Login/Button - Sign In"), 0): Tapped on element 'Object Repository/Mobile/Page/Login/Button - Sign In'

2021-11-15 08:24:20 - [MESSAGE][WARNING] - Timeout '0' is invalid. Using default page load timeout: '60'

2021-11-15 08:24:21 - [MESSAGE][PASSED] - Tapped on element 'Object Repository/Mobile/Page/Login/Button - Sign In'

2021-11-15 08:24:21 - [TEST_STEP][PASSED] - delay(3): Delayed 3 second(s)

2021-11-15 08:24:24 - [MESSAGE][PASSED] - Delayed 3 second(s)

2021-11-15 08:24:24 - [TEST_STEP][PASSED] - if (page == "cart"): null

2021-11-15 08:24:24 - [TEST_STEP][PASSED] - tap(findTestObject("Object Repository/Mobile/Page/Transaction/Button - Menubar Transaction"), 0): Tapped on element 'Object Repository/Mobile/Page/Transaction/Button - Menubar Transaction'

2021-11-15 08:24:24 - [MESSAGE][WARNING] - Timeout '0' is invalid. Using default page load timeout: '60'

2021-11-15 08:24:29 - [MESSAGE][PASSED] - Tapped on element 'Object Repository/Mobile/Page/Transaction/Button - Menubar Transaction'

2021-11-15 08:24:29 - [TEST_STEP][PASSED] - delay(1): Delayed 1 second(s)

2021-11-15 08:24:30 - [MESSAGE][PASSED] - Delayed 1 second(s)

2021-11-15 08:24:30 - [TEST_STEP][PASSED] - if (page == "onprocess"): null

2021-11-15 08:24:30 - [TEST_STEP][PASSED] - else if (page == "history"): null

2021-11-15 08:24:30 - [TEST_STEP][PASSED] - else if (page == "cart"): null

2021-11-15 08:24:30 - [TEST_STEP][PASSED] - else if (page == "notification"): Delayed 1 second(s)

2021-11-15 08:24:30 - [TEST_STEP][PASSED] - tapAndHold(findTestObject("Mobile/Page/Transaction/Button - Icon Notification"), 1, 0): Tapped and held on element 'Object Repository/Mobile/Page/Transaction/Button - Icon Notification' with duration 1

2021-11-15 08:24:30 - [MESSAGE][WARNING] - Timeout '0' is invalid. Using default page load timeout: '60'

2021-11-15 08:24:33 - [MESSAGE][PASSED] - Tapped and held on element 'Object Repository/Mobile/Page/Transaction/Button - Icon Notification' with duration 1

2021-11-15 08:24:33 - [TEST_STEP][PASSED] - delay(3): Delayed 3 second(s)

2021-11-15 08:24:36 - [MESSAGE][PASSED] - Delayed 3 second(s)

2021-11-15 08:24:36 - [TEST_STEP][PASSED] - if (action == "profile"): null

2021-11-15 08:24:36 - [TEST_STEP][PASSED] - delay(1): Delayed 1 second(s)

2021-11-15 08:24:37 - [MESSAGE][PASSED] - Delayed 1 second(s)

2021-11-15 08:24:37 - [MESSAGE][PASSED] - Call Test Case 'Test Cases/Mobile/Page/Transaction/Transaction' successfully

2021-11-15 08:24:37 - [TEST_STEP][PASSED] - callTestCase(findTestCase("Mobile/Page/Run App/Terminate App"), [:], STOP_ON_FAILURE): Call Test Case 'Test Cases/Mobile/Page/Run App/Terminate App' successfully

2021-11-15 08:24:37 - [TEST_CASE][PASSED] - Test Cases/Mobile/Page/Run App/Terminate App: Test Cases/Mobile/Page/Run App/Terminate App

2021-11-15 08:24:37 - [TEST_STEP][PASSED] - startApp.OpenApp.terminateApplication(): startApp.OpenApp.terminateApplication is PASSED

2021-11-15 08:24:41 - [MESSAGE][PASSED] - Delayed 3 second(s)

2021-11-15 08:24:41 - [MESSAGE][PASSED] - Current device physical width is 720

2021-11-15 08:24:41 - [MESSAGE][PASSED] - Current device physical height is 1423

2021-11-15 08:24:42 - [MESSAGE][PASSED] - Swiped from 360,853 to 360,142

2021-11-15 08:24:43 - [MESSAGE][PASSED] - Delayed 1 second(s)

2021-11-15 08:24:45 - [MESSAGE][PASSED] - Swiped from 360,853 to 360,142

2021-11-15 08:24:48 - [MESSAGE][PASSED] - Delayed 3 second(s)

2021-11-15 08:24:48 - [MESSAGE][PASSED] - startApp.OpenApp.terminateApplication is PASSED

2021-11-15 08:24:48 - [MESSAGE][PASSED] - Call Test Case 'Test Cases/Mobile/Page/Run App/Terminate App' successfully]]></system-out>
         <system-err><![CDATA[]]></system-err>
      </testcase>
      <testcase name="Test Cases/Mobile/Scenario/Transaction/020 - Beli reksa dana melalui keranjang menggunakan Rekening Data Nasabah" time="89.633" classname="Test Cases/Mobile/Scenario/Transaction/020 - Beli reksa dana melalui keranjang menggunakan Rekening Data Nasabah" status="PASSED">
         <system-out><![CDATA[2021-11-15 08:24:48 - [TEST_CASE][PASSED] - Test Cases/Mobile/Scenario/Transaction/020 - Beli reksa dana melalui keranjang menggunakan Rekening Data Nasabah: Test Cases/Mobile/Scenario/Transaction/020 - Beli reksa dana melalui keranjang menggunakan Rekening Data Nasabah

2021-11-15 08:24:48 - [TEST_STEP][PASSED] - callTestCase(findTestCase("Mobile/Page/Run App/Run App byID"), [:], STOP_ON_FAILURE): Call Test Case 'Test Cases/Mobile/Page/Run App/Run App byID' successfully

2021-11-15 08:24:48 - [TEST_CASE][PASSED] - Test Cases/Mobile/Page/Run App/Run App byID: Test Cases/Mobile/Page/Run App/Run App byID

2021-11-15 08:24:48 - [TEST_STEP][PASSED] - startApp.OpenApp.startApplication("com.mirae.maxfund"): startApp.OpenApp.startApplication is PASSED

2021-11-15 08:24:59 - [MESSAGE][PASSED] - Starting app with application ID: 'com.mirae.maxfund'

2021-11-15 08:24:59 - [MESSAGE][PASSED] - startApp.OpenApp.startApplication is PASSED

2021-11-15 08:24:59 - [MESSAGE][PASSED] - Call Test Case 'Test Cases/Mobile/Page/Run App/Run App byID' successfully

2021-11-15 08:24:59 - [TEST_STEP][PASSED] - callTestCase(findTestCase("Mobile/Page/Transaction/Transaction"), ["page":"cart", "tab":"none", "action":"buyitem", "buymethod":"rdn"], STOP_ON_FAILURE): Call Test Case 'Test Cases/Mobile/Page/Transaction/Transaction' successfully

2021-11-15 08:25:00 - [TEST_CASE][PASSED] - Test Cases/Mobile/Page/Transaction/Transaction: Test Cases/Mobile/Page/Transaction/Transaction

2021-11-15 08:25:00 - [TEST_STEP][PASSED] - delay(5): Delayed 5 second(s)

2021-11-15 08:25:05 - [MESSAGE][PASSED] - Delayed 5 second(s)

2021-11-15 08:25:05 - [TEST_STEP][PASSED] - loginCheck = verifyElementExist(findTestObject("Object Repository/Mobile/Page/Dashboard/Button - Login"), 2, CONTINUE_ON_FAILURE): Element 'Object Repository/Mobile/Page/Dashboard/Button - Login' is exist

2021-11-15 08:25:05 - [MESSAGE][PASSED] - Element 'Object Repository/Mobile/Page/Dashboard/Button - Login' is exist

2021-11-15 08:25:05 - [TEST_STEP][PASSED] - if (loginCheck): Delayed 3 second(s)

2021-11-15 08:25:05 - [TEST_STEP][PASSED] - tap(findTestObject("Object Repository/Mobile/Page/Dashboard/Button - Login"), 0): Tapped on element 'Object Repository/Mobile/Page/Dashboard/Button - Login'

2021-11-15 08:25:05 - [MESSAGE][WARNING] - Timeout '0' is invalid. Using default page load timeout: '60'

2021-11-15 08:25:06 - [MESSAGE][PASSED] - Tapped on element 'Object Repository/Mobile/Page/Dashboard/Button - Login'

2021-11-15 08:25:06 - [TEST_STEP][PASSED] - tap(findTestObject("Object Repository/Mobile/Page/Login/Input - UserID or Email"), 0): Tapped on element 'Object Repository/Mobile/Page/Login/Input - UserID or Email'

2021-11-15 08:25:06 - [MESSAGE][WARNING] - Timeout '0' is invalid. Using default page load timeout: '60'

2021-11-15 08:25:09 - [MESSAGE][PASSED] - Tapped on element 'Object Repository/Mobile/Page/Login/Input - UserID or Email'

2021-11-15 08:25:09 - [TEST_STEP][PASSED] - setText(findTestObject("Object Repository/Mobile/Page/Login/Input - UserID or Email"), "ady.pangerang@gmail.com", 0): Text 'ady.pangerang@gmail.com' has been set to element 'Object Repository/Mobile/Page/Login/Input - UserID or Email'

2021-11-15 08:25:09 - [MESSAGE][WARNING] - Timeout '0' is invalid. Using default page load timeout: '60'

2021-11-15 08:25:10 - [MESSAGE][PASSED] - Text 'ady.pangerang@gmail.com' has been set to element 'Object Repository/Mobile/Page/Login/Input - UserID or Email'

2021-11-15 08:25:10 - [TEST_STEP][PASSED] - tap(findTestObject("Object Repository/Mobile/Page/Login/Input - Password 2"), 0): Tapped on element 'Object Repository/Mobile/Page/Login/Input - Password 2'

2021-11-15 08:25:10 - [MESSAGE][WARNING] - Timeout '0' is invalid. Using default page load timeout: '60'

2021-11-15 08:25:11 - [MESSAGE][PASSED] - Tapped on element 'Object Repository/Mobile/Page/Login/Input - Password 2'

2021-11-15 08:25:11 - [TEST_STEP][PASSED] - setText(findTestObject("Object Repository/Mobile/Page/Login/Input - Password 2"), "Mirae1234", 0): Text 'Mirae1234' has been set to element 'Object Repository/Mobile/Page/Login/Input - Password 2'

2021-11-15 08:25:11 - [MESSAGE][WARNING] - Timeout '0' is invalid. Using default page load timeout: '60'

2021-11-15 08:25:12 - [MESSAGE][PASSED] - Text 'Mirae1234' has been set to element 'Object Repository/Mobile/Page/Login/Input - Password 2'

2021-11-15 08:25:12 - [TEST_STEP][PASSED] - tap(findTestObject("Object Repository/Mobile/Page/Login/Button - Sign In"), 0): Tapped on element 'Object Repository/Mobile/Page/Login/Button - Sign In'

2021-11-15 08:25:12 - [MESSAGE][WARNING] - Timeout '0' is invalid. Using default page load timeout: '60'

2021-11-15 08:25:14 - [MESSAGE][PASSED] - Tapped on element 'Object Repository/Mobile/Page/Login/Button - Sign In'

2021-11-15 08:25:14 - [TEST_STEP][PASSED] - delay(3): Delayed 3 second(s)

2021-11-15 08:25:17 - [MESSAGE][PASSED] - Delayed 3 second(s)

2021-11-15 08:25:17 - [TEST_STEP][PASSED] - if (page == "cart"): Call Test Case 'Test Cases/Mobile/Scenario/Transaction/Add Product to Cart' successfully

2021-11-15 08:25:17 - [TEST_STEP][PASSED] - callTestCase(findTestCase("Mobile/Scenario/Transaction/Add Product to Cart"), [:], STOP_ON_FAILURE): Call Test Case 'Test Cases/Mobile/Scenario/Transaction/Add Product to Cart' successfully

2021-11-15 08:25:17 - [TEST_CASE][PASSED] - Test Cases/Mobile/Scenario/Transaction/Add Product to Cart: Test Cases/Mobile/Scenario/Transaction/Add Product to Cart

2021-11-15 08:25:17 - [TEST_STEP][PASSED] - tap(findTestObject("Object Repository/Mobile/Page/Home/Button - Product"), 0): Tapped on element 'Object Repository/Mobile/Page/Home/Button - Product'

2021-11-15 08:25:17 - [MESSAGE][WARNING] - Timeout '0' is invalid. Using default page load timeout: '60'

2021-11-15 08:25:18 - [MESSAGE][PASSED] - Tapped on element 'Object Repository/Mobile/Page/Home/Button - Product'

2021-11-15 08:25:18 - [TEST_STEP][PASSED] - delay(3): Delayed 3 second(s)

2021-11-15 08:25:21 - [MESSAGE][PASSED] - Delayed 3 second(s)

2021-11-15 08:25:21 - [TEST_STEP][PASSED] - tap(findTestObject("Object Repository/Mobile/Page/Transaction/Object for Add to Cart/Button - Buy Top Item"), 0): Tapped on element 'Object Repository/Mobile/Page/Transaction/Object for Add to Cart/Button - Buy Top Item'

2021-11-15 08:25:21 - [MESSAGE][WARNING] - Timeout '0' is invalid. Using default page load timeout: '60'

2021-11-15 08:25:25 - [MESSAGE][PASSED] - Tapped on element 'Object Repository/Mobile/Page/Transaction/Object for Add to Cart/Button - Buy Top Item'

2021-11-15 08:25:25 - [TEST_STEP][PASSED] - delay(3): Delayed 3 second(s)

2021-11-15 08:25:28 - [MESSAGE][PASSED] - Delayed 3 second(s)

2021-11-15 08:25:28 - [TEST_STEP][PASSED] - tap(findTestObject("Object Repository/Mobile/Page/Transaction/Object for Add to Cart/Button - Purchase Amount 500k"), 0): Tapped on element 'Object Repository/Mobile/Page/Transaction/Object for Add to Cart/Button - Purchase Amount 500k'

2021-11-15 08:25:28 - [MESSAGE][WARNING] - Timeout '0' is invalid. Using default page load timeout: '60'

2021-11-15 08:25:29 - [MESSAGE][PASSED] - Tapped on element 'Object Repository/Mobile/Page/Transaction/Object for Add to Cart/Button - Purchase Amount 500k'

2021-11-15 08:25:29 - [TEST_STEP][PASSED] - element = findTestObject("Object Repository/Mobile/Page/Transaction/Object for Add to Cart/Checkbox - Agreement Prospectus"): null

2021-11-15 08:25:29 - [TEST_STEP][PASSED] - left_position = getElementLeftPosition(element, 0): Object 'Object Repository/Mobile/Page/Transaction/Object for Add to Cart/Checkbox - Agreement Prospectus' has left position '0'

2021-11-15 08:25:29 - [MESSAGE][WARNING] - Timeout '0' is invalid. Using default page load timeout: '60'

2021-11-15 08:25:30 - [MESSAGE][PASSED] - Object 'Object Repository/Mobile/Page/Transaction/Object for Add to Cart/Checkbox - Agreement Prospectus' has left position '0'

2021-11-15 08:25:30 - [TEST_STEP][PASSED] - top_position = getElementTopPosition(element, 0): Object 'Object Repository/Mobile/Page/Transaction/Object for Add to Cart/Checkbox - Agreement Prospectus' has top position '1,128'

2021-11-15 08:25:30 - [MESSAGE][WARNING] - Timeout '0' is invalid. Using default page load timeout: '60'

2021-11-15 08:25:30 - [MESSAGE][PASSED] - Object 'Object Repository/Mobile/Page/Transaction/Object for Add to Cart/Checkbox - Agreement Prospectus' has top position '1,128'

2021-11-15 08:25:30 - [TEST_STEP][PASSED] - height = getElementHeight(element, 0): Object 'Object Repository/Mobile/Page/Transaction/Object for Add to Cart/Checkbox - Agreement Prospectus' has height: '145'

2021-11-15 08:25:30 - [MESSAGE][WARNING] - Timeout '0' is invalid. Using default page load timeout: '60'

2021-11-15 08:25:30 - [MESSAGE][PASSED] - Object 'Object Repository/Mobile/Page/Transaction/Object for Add to Cart/Checkbox - Agreement Prospectus' has height: '145'

2021-11-15 08:25:30 - [TEST_STEP][PASSED] - y = top_position + height / 2: null

2021-11-15 08:25:30 - [TEST_STEP][PASSED] - x = getDeviceWidth() * 0.085: Current device physical width is 720

2021-11-15 08:25:30 - [MESSAGE][PASSED] - Current device physical width is 720

2021-11-15 08:25:30 - [TEST_STEP][PASSED] - tapAtPosition(x, y): Tapped at [61, 1,200]

2021-11-15 08:25:31 - [MESSAGE][PASSED] - Tapped at [61, 1,200]

2021-11-15 08:25:31 - [TEST_STEP][PASSED] - scroll.scroll.scrollBottomToTop(): scroll.scroll.scrollBottomToTop is PASSED

2021-11-15 08:25:31 - [MESSAGE][PASSED] - Current device physical height is 1423

2021-11-15 08:25:31 - [MESSAGE][PASSED] - Current device physical width is 720

2021-11-15 08:25:33 - [MESSAGE][PASSED] - Swiped from 360,1,138 to 360,284

2021-11-15 08:25:33 - [MESSAGE][PASSED] - scroll.scroll.scrollBottomToTop is PASSED

2021-11-15 08:25:33 - [TEST_STEP][PASSED] - tap(findTestObject("Object Repository/Mobile/Page/Transaction/Object for Add to Cart/Button - Add to Cart"), 0): Tapped on element 'Object Repository/Mobile/Page/Transaction/Object for Add to Cart/Button - Add to Cart'

2021-11-15 08:25:33 - [MESSAGE][WARNING] - Timeout '0' is invalid. Using default page load timeout: '60'

2021-11-15 08:25:33 - [MESSAGE][PASSED] - Tapped on element 'Object Repository/Mobile/Page/Transaction/Object for Add to Cart/Button - Add to Cart'

2021-11-15 08:25:33 - [TEST_STEP][PASSED] - delay(2): Delayed 2 second(s)

2021-11-15 08:25:35 - [MESSAGE][PASSED] - Delayed 2 second(s)

2021-11-15 08:25:35 - [TEST_STEP][PASSED] - tap(findTestObject("Object Repository/Mobile/Page/Transaction/Object for Add to Cart/Button - View Cart"), 0): Tapped on element 'Object Repository/Mobile/Page/Transaction/Object for Add to Cart/Button - View Cart'

2021-11-15 08:25:36 - [MESSAGE][WARNING] - Timeout '0' is invalid. Using default page load timeout: '60'

2021-11-15 08:25:39 - [MESSAGE][PASSED] - Tapped on element 'Object Repository/Mobile/Page/Transaction/Object for Add to Cart/Button - View Cart'

2021-11-15 08:25:39 - [TEST_STEP][PASSED] - delay(3): Delayed 3 second(s)

2021-11-15 08:25:42 - [MESSAGE][PASSED] - Delayed 3 second(s)

2021-11-15 08:25:42 - [TEST_STEP][PASSED] - pressBack(): Press back button successfully

2021-11-15 08:25:42 - [MESSAGE][PASSED] - Press back button successfully

2021-11-15 08:25:42 - [TEST_STEP][PASSED] - delay(1): Delayed 1 second(s)

2021-11-15 08:25:43 - [MESSAGE][PASSED] - Delayed 1 second(s)

2021-11-15 08:25:43 - [MESSAGE][PASSED] - Call Test Case 'Test Cases/Mobile/Scenario/Transaction/Add Product to Cart' successfully

2021-11-15 08:25:43 - [TEST_STEP][PASSED] - tap(findTestObject("Object Repository/Mobile/Page/Transaction/Button - Menubar Transaction"), 0): Tapped on element 'Object Repository/Mobile/Page/Transaction/Button - Menubar Transaction'

2021-11-15 08:25:43 - [MESSAGE][WARNING] - Timeout '0' is invalid. Using default page load timeout: '60'

2021-11-15 08:25:44 - [MESSAGE][PASSED] - Tapped on element 'Object Repository/Mobile/Page/Transaction/Button - Menubar Transaction'

2021-11-15 08:25:44 - [TEST_STEP][PASSED] - delay(1): Delayed 1 second(s)

2021-11-15 08:25:45 - [MESSAGE][PASSED] - Delayed 1 second(s)

2021-11-15 08:25:45 - [TEST_STEP][PASSED] - if (page == "onprocess"): null

2021-11-15 08:25:45 - [TEST_STEP][PASSED] - else if (page == "history"): null

2021-11-15 08:25:45 - [TEST_STEP][PASSED] - else if (page == "cart"): Delayed 1 second(s)

2021-11-15 08:25:45 - [TEST_STEP][PASSED] - tapAndHold(findTestObject("Object Repository/Mobile/Page/Transaction/Button - Icon Cart"), 1, 0): Tapped and held on element 'Object Repository/Mobile/Page/Transaction/Button - Icon Cart' with duration 1

2021-11-15 08:25:45 - [MESSAGE][WARNING] - Timeout '0' is invalid. Using default page load timeout: '60'

2021-11-15 08:25:48 - [MESSAGE][PASSED] - Tapped and held on element 'Object Repository/Mobile/Page/Transaction/Button - Icon Cart' with duration 1

2021-11-15 08:25:48 - [TEST_STEP][PASSED] - if (action == "deleteitem"): null

2021-11-15 08:25:48 - [TEST_STEP][PASSED] - else if (action == "buyitem"): Call Test Case 'Test Cases/Mobile/Page/Metode Pembayaran/Metode Pembayaran' successfully

2021-11-15 08:25:48 - [TEST_STEP][PASSED] - tap(findTestObject("Mobile/Page/Keranjang/Check Box - Product Checked"), 0): Tapped on element 'Object Repository/Mobile/Page/Keranjang/Check Box - Product Checked'

2021-11-15 08:25:48 - [MESSAGE][WARNING] - Timeout '0' is invalid. Using default page load timeout: '60'

2021-11-15 08:25:50 - [MESSAGE][PASSED] - Tapped on element 'Object Repository/Mobile/Page/Keranjang/Check Box - Product Checked'

2021-11-15 08:25:50 - [TEST_STEP][PASSED] - tap(findTestObject("Mobile/Page/Keranjang/Check Box - Product Uncheck"), 0): Tapped on element 'Object Repository/Mobile/Page/Keranjang/Check Box - Product Uncheck'

2021-11-15 08:25:50 - [MESSAGE][WARNING] - Timeout '0' is invalid. Using default page load timeout: '60'

2021-11-15 08:25:51 - [MESSAGE][PASSED] - Tapped on element 'Object Repository/Mobile/Page/Keranjang/Check Box - Product Uncheck'

2021-11-15 08:25:51 - [TEST_STEP][PASSED] - tap(findTestObject("Mobile/Page/Keranjang/Button - Beli"), 0): Tapped on element 'Object Repository/Mobile/Page/Keranjang/Button - Beli'

2021-11-15 08:25:51 - [MESSAGE][WARNING] - Timeout '0' is invalid. Using default page load timeout: '60'

2021-11-15 08:25:52 - [MESSAGE][PASSED] - Tapped on element 'Object Repository/Mobile/Page/Keranjang/Button - Beli'

2021-11-15 08:25:52 - [TEST_STEP][PASSED] - delay(1): Delayed 1 second(s)

2021-11-15 08:25:53 - [MESSAGE][PASSED] - Delayed 1 second(s)

2021-11-15 08:25:53 - [TEST_STEP][PASSED] - if (buymethod == "rdn"): Call Test Case 'Test Cases/Mobile/Page/Metode Pembayaran/Metode Pembayaran' successfully

2021-11-15 08:25:53 - [TEST_STEP][PASSED] - callTestCase(findTestCase("Mobile/Page/Metode Pembayaran/Metode Pembayaran"), ["metodePembayaran":"Rekening Dana Nasabah"]): Call Test Case 'Test Cases/Mobile/Page/Metode Pembayaran/Metode Pembayaran' successfully

2021-11-15 08:25:53 - [TEST_CASE][PASSED] - Test Cases/Mobile/Page/Metode Pembayaran/Metode Pembayaran: Test Cases/Mobile/Page/Metode Pembayaran/Metode Pembayaran

2021-11-15 08:25:54 - [TEST_STEP][PASSED] - switch (metodePembayaran): null

2021-11-15 08:25:54 - [TEST_STEP][PASSED] - case "Rekening Dana Nasabah":: null

2021-11-15 08:25:54 - [TEST_STEP][PASSED] - rdn = findTestObject("Mobile/Page/Metode Pembayaran/Radio Button - Rekening Dana Nasabah"): null

2021-11-15 08:25:54 - [TEST_STEP][PASSED] - topPosition = getElementTopPosition(rdn, 0): Object 'Object Repository/Mobile/Page/Metode Pembayaran/Radio Button - Rekening Dana Nasabah' has top position '151'

2021-11-15 08:25:54 - [MESSAGE][WARNING] - Timeout '0' is invalid. Using default page load timeout: '60'

2021-11-15 08:25:56 - [MESSAGE][PASSED] - Object 'Object Repository/Mobile/Page/Metode Pembayaran/Radio Button - Rekening Dana Nasabah' has top position '151'

2021-11-15 08:25:56 - [TEST_STEP][PASSED] - leftPosition = getElementLeftPosition(rdn, 0): Object 'Object Repository/Mobile/Page/Metode Pembayaran/Radio Button - Rekening Dana Nasabah' has left position '0'

2021-11-15 08:25:56 - [MESSAGE][WARNING] - Timeout '0' is invalid. Using default page load timeout: '60'

2021-11-15 08:25:56 - [MESSAGE][PASSED] - Object 'Object Repository/Mobile/Page/Metode Pembayaran/Radio Button - Rekening Dana Nasabah' has left position '0'

2021-11-15 08:25:56 - [TEST_STEP][PASSED] - height = getElementHeight(rdn, 0): Object 'Object Repository/Mobile/Page/Metode Pembayaran/Radio Button - Rekening Dana Nasabah' has height: '247'

2021-11-15 08:25:56 - [MESSAGE][WARNING] - Timeout '0' is invalid. Using default page load timeout: '60'

2021-11-15 08:25:56 - [MESSAGE][PASSED] - Object 'Object Repository/Mobile/Page/Metode Pembayaran/Radio Button - Rekening Dana Nasabah' has height: '247'

2021-11-15 08:25:56 - [TEST_STEP][PASSED] - width = getElementWidth(rdn, 0): Object 'Object Repository/Mobile/Page/Metode Pembayaran/Radio Button - Rekening Dana Nasabah' has width: '720'

2021-11-15 08:25:56 - [MESSAGE][WARNING] - Timeout '0' is invalid. Using default page load timeout: '60'

2021-11-15 08:25:56 - [MESSAGE][PASSED] - Object 'Object Repository/Mobile/Page/Metode Pembayaran/Radio Button - Rekening Dana Nasabah' has width: '720'

2021-11-15 08:25:56 - [TEST_STEP][PASSED] - y = topPosition + height * 0.688: null

2021-11-15 08:25:56 - [TEST_STEP][PASSED] - x = getDeviceWidth() * 0.139: Current device physical width is 720

2021-11-15 08:25:56 - [MESSAGE][PASSED] - Current device physical width is 720

2021-11-15 08:25:56 - [TEST_STEP][PASSED] - tapAtPosition(x, y): Tapped at [100, 320]

2021-11-15 08:25:57 - [MESSAGE][PASSED] - Tapped at [100, 320]

2021-11-15 08:25:57 - [TEST_STEP][PASSED] - break: null

2021-11-15 08:25:57 - [TEST_STEP][PASSED] - scroll.scroll.scrollToBottom(): scroll.scroll.scrollToBottom is PASSED

2021-11-15 08:25:57 - [MESSAGE][PASSED] - Current device physical height is 1423

2021-11-15 08:25:57 - [MESSAGE][PASSED] - Current device physical width is 720

2021-11-15 08:25:59 - [MESSAGE][PASSED] - Swiped from 360,996 to 360,426

2021-11-15 08:25:59 - [MESSAGE][PASSED] - scroll.scroll.scrollToBottom is PASSED

2021-11-15 08:25:59 - [TEST_STEP][PASSED] - tap(findTestObject("Mobile/Page/Metode Pembayaran/Button - Continue to Pay"), 0): Tapped on element 'Object Repository/Mobile/Page/Metode Pembayaran/Button - Continue to Pay'

2021-11-15 08:25:59 - [MESSAGE][WARNING] - Timeout '0' is invalid. Using default page load timeout: '60'

2021-11-15 08:26:00 - [MESSAGE][PASSED] - Tapped on element 'Object Repository/Mobile/Page/Metode Pembayaran/Button - Continue to Pay'

2021-11-15 08:26:00 - [TEST_STEP][PASSED] - delay(1): Delayed 1 second(s)

2021-11-15 08:26:01 - [MESSAGE][PASSED] - Delayed 1 second(s)

2021-11-15 08:26:01 - [TEST_STEP][PASSED] - switch (metodePembayaran): null

2021-11-15 08:26:01 - [TEST_STEP][PASSED] - case "Rekening Dana Nasabah":: null

2021-11-15 08:26:01 - [TEST_STEP][PASSED] - tap(findTestObject("Mobile/Page/Metode Pembayaran/Button - Pay RDN"), 0): Tapped on element 'Object Repository/Mobile/Page/Metode Pembayaran/Button - Pay RDN'

2021-11-15 08:26:01 - [MESSAGE][WARNING] - Timeout '0' is invalid. Using default page load timeout: '60'

2021-11-15 08:26:03 - [MESSAGE][PASSED] - Tapped on element 'Object Repository/Mobile/Page/Metode Pembayaran/Button - Pay RDN'

2021-11-15 08:26:03 - [TEST_STEP][PASSED] - tap(findTestObject("Mobile/Page/Metode Pembayaran/Button - Back to Home RDN"), 0): Tapped on element 'Object Repository/Mobile/Page/Metode Pembayaran/Button - Back to Home RDN'

2021-11-15 08:26:03 - [MESSAGE][WARNING] - Timeout '0' is invalid. Using default page load timeout: '60'

2021-11-15 08:26:06 - [MESSAGE][PASSED] - Tapped on element 'Object Repository/Mobile/Page/Metode Pembayaran/Button - Back to Home RDN'

2021-11-15 08:26:06 - [TEST_STEP][PASSED] - break: null

2021-11-15 08:26:06 - [MESSAGE][PASSED] - Call Test Case 'Test Cases/Mobile/Page/Metode Pembayaran/Metode Pembayaran' successfully

2021-11-15 08:26:06 - [TEST_STEP][PASSED] - delay(1): Delayed 1 second(s)

2021-11-15 08:26:07 - [MESSAGE][PASSED] - Delayed 1 second(s)

2021-11-15 08:26:07 - [MESSAGE][PASSED] - Call Test Case 'Test Cases/Mobile/Page/Transaction/Transaction' successfully

2021-11-15 08:26:07 - [TEST_STEP][PASSED] - callTestCase(findTestCase("Mobile/Page/Run App/Terminate App"), [:], STOP_ON_FAILURE): Call Test Case 'Test Cases/Mobile/Page/Run App/Terminate App' successfully

2021-11-15 08:26:07 - [TEST_CASE][PASSED] - Test Cases/Mobile/Page/Run App/Terminate App: Test Cases/Mobile/Page/Run App/Terminate App

2021-11-15 08:26:07 - [TEST_STEP][PASSED] - startApp.OpenApp.terminateApplication(): startApp.OpenApp.terminateApplication is PASSED

2021-11-15 08:26:10 - [MESSAGE][PASSED] - Delayed 3 second(s)

2021-11-15 08:26:10 - [MESSAGE][PASSED] - Current device physical width is 720

2021-11-15 08:26:11 - [MESSAGE][PASSED] - Current device physical height is 1423

2021-11-15 08:26:12 - [MESSAGE][PASSED] - Swiped from 360,853 to 360,142

2021-11-15 08:26:13 - [MESSAGE][PASSED] - Delayed 1 second(s)

2021-11-15 08:26:14 - [MESSAGE][PASSED] - Swiped from 360,853 to 360,142

2021-11-15 08:26:17 - [MESSAGE][PASSED] - Delayed 3 second(s)

2021-11-15 08:26:17 - [MESSAGE][PASSED] - startApp.OpenApp.terminateApplication is PASSED

2021-11-15 08:26:17 - [MESSAGE][PASSED] - Call Test Case 'Test Cases/Mobile/Page/Run App/Terminate App' successfully]]></system-out>
         <system-err><![CDATA[]]></system-err>
      </testcase>
      <system-out><![CDATA[2021-11-15 08:05:04 - [TEST_SUITE][FAILED] - Transaction: Test Cases/Mobile/Scenario/Transaction/008 - Melihat detail Transaction berdasarkan ketegori On Process dan Redemption FAILED.
Reason:
com.kms.katalon.core.exception.StepFailedException: Unable to call Test Case 'Test Cases/Mobile/Page/Transaction/Transaction' (Root cause: com.kms.katalon.core.exception.StepFailedException: Call Test Case 'Test Cases/Mobile/Page/Transaction/Transaction' failed
	at com.kms.katalon.core.keyword.builtin.CallTestCaseKeyword$_callTestCase_closure1.doCall(CallTestCaseKeyword.groovy:63)
	at com.kms.katalon.core.keyword.builtin.CallTestCaseKeyword$_callTestCase_closure1.call(CallTestCaseKeyword.groovy)
	at com.kms.katalon.core.keyword.internal.KeywordMain.runKeyword(KeywordMain.groovy:68)
	at com.kms.katalon.core.keyword.builtin.CallTestCaseKeyword.callTestCase(CallTestCaseKeyword.groovy:81)
	at com.kms.katalon.core.keyword.builtin.CallTestCaseKeyword.execute(CallTestCaseKeyword.groovy:44)
	at com.kms.katalon.core.keyword.internal.KeywordExecutor.executeKeywordForPlatform(KeywordExecutor.groovy:73)
	at com.kms.katalon.core.keyword.BuiltinKeywords.callTestCase(BuiltinKeywords.groovy:334)
	at 008 - Melihat detail Transaction berdasarkan ketegori On Process dan Redemption.run(008 - Melihat detail Transaction berdasarkan ketegori On Process dan Redemption:22)
	at com.kms.katalon.core.main.ScriptEngine.run(ScriptEngine.java:194)
	at com.kms.katalon.core.main.ScriptEngine.runScriptAsRawText(ScriptEngine.java:119)
	at com.kms.katalon.core.main.TestCaseExecutor.runScript(TestCaseExecutor.java:398)
	at com.kms.katalon.core.main.TestCaseExecutor.doExecute(TestCaseExecutor.java:389)
	at com.kms.katalon.core.main.TestCaseExecutor.processExecutionPhase(TestCaseExecutor.java:368)
	at com.kms.katalon.core.main.TestCaseExecutor.accessMainPhase(TestCaseExecutor.java:360)
	at com.kms.katalon.core.main.TestCaseExecutor.execute(TestCaseExecutor.java:255)
	at com.kms.katalon.core.main.TestSuiteExecutor.accessTestCaseMainPhase(TestSuiteExecutor.java:203)
	at com.kms.katalon.core.main.TestSuiteExecutor.accessTestSuiteMainPhase(TestSuiteExecutor.java:152)
	at com.kms.katalon.core.main.TestSuiteExecutor.execute(TestSuiteExecutor.java:95)
	at com.kms.katalon.core.main.TestCaseMain.startTestSuite(TestCaseMain.java:157)
	at com.kms.katalon.core.main.TestCaseMain$startTestSuite$0.call(Unknown Source)
	at TempTestSuite1636938259952.run(TempTestSuite1636938259952.groovy:39)
Caused by: com.kms.katalon.core.exception.StepFailedException: Object Object Repository/Mobile/Page/Transaction/Button - Menubar Transaction not found
	at com.kms.katalon.core.keyword.internal.KeywordMain.stepFailed(KeywordMain.groovy:50)
	at com.kms.katalon.core.mobile.keyword.internal.MobileKeywordMain.stepFailed(MobileKeywordMain.groovy:40)
	at com.kms.katalon.core.mobile.keyword.builtin.TapKeyword$_tap_closure1.doCall(TapKeyword.groovy:79)
	at com.kms.katalon.core.mobile.keyword.builtin.TapKeyword$_tap_closure1.call(TapKeyword.groovy)
	at com.kms.katalon.core.mobile.keyword.internal.MobileKeywordMain.runKeyword(MobileKeywordMain.groovy:21)
	at com.kms.katalon.core.mobile.keyword.builtin.TapKeyword.tap(TapKeyword.groovy:86)
	at com.kms.katalon.core.mobile.keyword.builtin.TapKeyword.execute(TapKeyword.groovy:68)
	at com.kms.katalon.core.keyword.internal.KeywordExecutor.executeKeywordForPlatform(KeywordExecutor.groovy:73)
	at com.kms.katalon.core.mobile.keyword.MobileBuiltInKeywords.tap(MobileBuiltInKeywords.groovy:1354)
	at com.kms.katalon.core.mobile.keyword.MobileBuiltInKeywords$tap$1.call(Unknown Source)
	at Transaction.run(Transaction:38)
	at com.kms.katalon.core.main.ScriptEngine.run(ScriptEngine.java:194)
	at com.kms.katalon.core.main.ScriptEngine.runScriptAsRawText(ScriptEngine.java:119)
	at com.kms.katalon.core.main.TestCaseExecutor.runScript(TestCaseExecutor.java:398)
	at com.kms.katalon.core.main.TestCaseExecutor.doExecute(TestCaseExecutor.java:389)
	at com.kms.katalon.core.main.TestCaseExecutor.processExecutionPhase(TestCaseExecutor.java:368)
	at com.kms.katalon.core.main.TestCaseExecutor.accessMainPhase(TestCaseExecutor.java:360)
	at com.kms.katalon.core.main.TestCaseExecutor.execute(TestCaseExecutor.java:255)
	at com.kms.katalon.core.main.TestCaseMain.runTestCase(TestCaseMain.java:114)
	at com.kms.katalon.core.keyword.builtin.CallTestCaseKeyword$_callTestCase_closure1.doCall(CallTestCaseKeyword.groovy:59)
	... 20 more
)
	at com.kms.katalon.core.keyword.internal.KeywordMain.stepFailed(KeywordMain.groovy:39)
	at com.kms.katalon.core.keyword.internal.KeywordMain.stepFailed(KeywordMain.groovy)
	at com.kms.katalon.core.keyword.internal.KeywordMain.runKeyword(KeywordMain.groovy:70)
	at com.kms.katalon.core.keyword.builtin.CallTestCaseKeyword.callTestCase(CallTestCaseKeyword.groovy:81)
	at com.kms.katalon.core.keyword.builtin.CallTestCaseKeyword.execute(CallTestCaseKeyword.groovy:44)
	at com.kms.katalon.core.keyword.internal.KeywordExecutor.executeKeywordForPlatform(KeywordExecutor.groovy:73)
	at com.kms.katalon.core.keyword.BuiltinKeywords.callTestCase(BuiltinKeywords.groovy:334)
	at 008 - Melihat detail Transaction berdasarkan ketegori On Process dan Redemption.run(008 - Melihat detail Transaction berdasarkan ketegori On Process dan Redemption:22)
	at com.kms.katalon.core.main.ScriptEngine.run(ScriptEngine.java:194)
	at com.kms.katalon.core.main.ScriptEngine.runScriptAsRawText(ScriptEngine.java:119)
	at com.kms.katalon.core.main.TestCaseExecutor.runScript(TestCaseExecutor.java:398)
	at com.kms.katalon.core.main.TestCaseExecutor.doExecute(TestCaseExecutor.java:389)
	at com.kms.katalon.core.main.TestCaseExecutor.processExecutionPhase(TestCaseExecutor.java:368)
	at com.kms.katalon.core.main.TestCaseExecutor.accessMainPhase(TestCaseExecutor.java:360)
	at com.kms.katalon.core.main.TestCaseExecutor.execute(TestCaseExecutor.java:255)
	at com.kms.katalon.core.main.TestSuiteExecutor.accessTestCaseMainPhase(TestSuiteExecutor.java:203)
	at com.kms.katalon.core.main.TestSuiteExecutor.accessTestSuiteMainPhase(TestSuiteExecutor.java:152)
	at com.kms.katalon.core.main.TestSuiteExecutor.execute(TestSuiteExecutor.java:95)
	at com.kms.katalon.core.main.TestCaseMain.startTestSuite(TestCaseMain.java:157)
	at com.kms.katalon.core.main.TestCaseMain$startTestSuite$0.call(Unknown Source)
	at TempTestSuite1636938259952.run(TempTestSuite1636938259952.groovy:39)
Caused by: com.kms.katalon.core.exception.StepFailedException: Call Test Case 'Test Cases/Mobile/Page/Transaction/Transaction' failed
	at com.kms.katalon.core.keyword.builtin.CallTestCaseKeyword$_callTestCase_closure1.doCall(CallTestCaseKeyword.groovy:63)
	at com.kms.katalon.core.keyword.builtin.CallTestCaseKeyword$_callTestCase_closure1.call(CallTestCaseKeyword.groovy)
	at com.kms.katalon.core.keyword.internal.KeywordMain.runKeyword(KeywordMain.groovy:68)
	... 18 more
Caused by: com.kms.katalon.core.exception.StepFailedException: Object Object Repository/Mobile/Page/Transaction/Button - Menubar Transaction not found
	at com.kms.katalon.core.keyword.internal.KeywordMain.stepFailed(KeywordMain.groovy:50)
	at com.kms.katalon.core.mobile.keyword.internal.MobileKeywordMain.stepFailed(MobileKeywordMain.groovy:40)
	at com.kms.katalon.core.mobile.keyword.builtin.TapKeyword$_tap_closure1.doCall(TapKeyword.groovy:79)
	at com.kms.katalon.core.mobile.keyword.builtin.TapKeyword$_tap_closure1.call(TapKeyword.groovy)
	at com.kms.katalon.core.mobile.keyword.internal.MobileKeywordMain.runKeyword(MobileKeywordMain.groovy:21)
	at com.kms.katalon.core.mobile.keyword.builtin.TapKeyword.tap(TapKeyword.groovy:86)
	at com.kms.katalon.core.mobile.keyword.builtin.TapKeyword.execute(TapKeyword.groovy:68)
	at com.kms.katalon.core.keyword.internal.KeywordExecutor.executeKeywordForPlatform(KeywordExecutor.groovy:73)
	at com.kms.katalon.core.mobile.keyword.MobileBuiltInKeywords.tap(MobileBuiltInKeywords.groovy:1354)
	at com.kms.katalon.core.mobile.keyword.MobileBuiltInKeywords$tap$1.call(Unknown Source)
	at Transaction.run(Transaction:38)
	at com.kms.katalon.core.main.ScriptEngine.run(ScriptEngine.java:194)
	at com.kms.katalon.core.main.ScriptEngine.runScriptAsRawText(ScriptEngine.java:119)
	at com.kms.katalon.core.main.TestCaseExecutor.runScript(TestCaseExecutor.java:398)
	at com.kms.katalon.core.main.TestCaseExecutor.doExecute(TestCaseExecutor.java:389)
	at com.kms.katalon.core.main.TestCaseExecutor.processExecutionPhase(TestCaseExecutor.java:368)
	at com.kms.katalon.core.main.TestCaseExecutor.accessMainPhase(TestCaseExecutor.java:360)
	at com.kms.katalon.core.main.TestCaseExecutor.execute(TestCaseExecutor.java:255)
	at com.kms.katalon.core.main.TestCaseMain.runTestCase(TestCaseMain.java:114)
	at com.kms.katalon.core.keyword.builtin.CallTestCaseKeyword$_callTestCase_closure1.doCall(CallTestCaseKeyword.groovy:59)
	... 20 more]]></system-out>
      <system-err><![CDATA[2021-11-15 08:05:04 - [TEST_SUITE][FAILED] - Transaction: Test Cases/Mobile/Scenario/Transaction/008 - Melihat detail Transaction berdasarkan ketegori On Process dan Redemption FAILED.
Reason:
com.kms.katalon.core.exception.StepFailedException: Unable to call Test Case 'Test Cases/Mobile/Page/Transaction/Transaction' (Root cause: com.kms.katalon.core.exception.StepFailedException: Call Test Case 'Test Cases/Mobile/Page/Transaction/Transaction' failed
	at com.kms.katalon.core.keyword.builtin.CallTestCaseKeyword$_callTestCase_closure1.doCall(CallTestCaseKeyword.groovy:63)
	at com.kms.katalon.core.keyword.builtin.CallTestCaseKeyword$_callTestCase_closure1.call(CallTestCaseKeyword.groovy)
	at com.kms.katalon.core.keyword.internal.KeywordMain.runKeyword(KeywordMain.groovy:68)
	at com.kms.katalon.core.keyword.builtin.CallTestCaseKeyword.callTestCase(CallTestCaseKeyword.groovy:81)
	at com.kms.katalon.core.keyword.builtin.CallTestCaseKeyword.execute(CallTestCaseKeyword.groovy:44)
	at com.kms.katalon.core.keyword.internal.KeywordExecutor.executeKeywordForPlatform(KeywordExecutor.groovy:73)
	at com.kms.katalon.core.keyword.BuiltinKeywords.callTestCase(BuiltinKeywords.groovy:334)
	at 008 - Melihat detail Transaction berdasarkan ketegori On Process dan Redemption.run(008 - Melihat detail Transaction berdasarkan ketegori On Process dan Redemption:22)
	at com.kms.katalon.core.main.ScriptEngine.run(ScriptEngine.java:194)
	at com.kms.katalon.core.main.ScriptEngine.runScriptAsRawText(ScriptEngine.java:119)
	at com.kms.katalon.core.main.TestCaseExecutor.runScript(TestCaseExecutor.java:398)
	at com.kms.katalon.core.main.TestCaseExecutor.doExecute(TestCaseExecutor.java:389)
	at com.kms.katalon.core.main.TestCaseExecutor.processExecutionPhase(TestCaseExecutor.java:368)
	at com.kms.katalon.core.main.TestCaseExecutor.accessMainPhase(TestCaseExecutor.java:360)
	at com.kms.katalon.core.main.TestCaseExecutor.execute(TestCaseExecutor.java:255)
	at com.kms.katalon.core.main.TestSuiteExecutor.accessTestCaseMainPhase(TestSuiteExecutor.java:203)
	at com.kms.katalon.core.main.TestSuiteExecutor.accessTestSuiteMainPhase(TestSuiteExecutor.java:152)
	at com.kms.katalon.core.main.TestSuiteExecutor.execute(TestSuiteExecutor.java:95)
	at com.kms.katalon.core.main.TestCaseMain.startTestSuite(TestCaseMain.java:157)
	at com.kms.katalon.core.main.TestCaseMain$startTestSuite$0.call(Unknown Source)
	at TempTestSuite1636938259952.run(TempTestSuite1636938259952.groovy:39)
Caused by: com.kms.katalon.core.exception.StepFailedException: Object Object Repository/Mobile/Page/Transaction/Button - Menubar Transaction not found
	at com.kms.katalon.core.keyword.internal.KeywordMain.stepFailed(KeywordMain.groovy:50)
	at com.kms.katalon.core.mobile.keyword.internal.MobileKeywordMain.stepFailed(MobileKeywordMain.groovy:40)
	at com.kms.katalon.core.mobile.keyword.builtin.TapKeyword$_tap_closure1.doCall(TapKeyword.groovy:79)
	at com.kms.katalon.core.mobile.keyword.builtin.TapKeyword$_tap_closure1.call(TapKeyword.groovy)
	at com.kms.katalon.core.mobile.keyword.internal.MobileKeywordMain.runKeyword(MobileKeywordMain.groovy:21)
	at com.kms.katalon.core.mobile.keyword.builtin.TapKeyword.tap(TapKeyword.groovy:86)
	at com.kms.katalon.core.mobile.keyword.builtin.TapKeyword.execute(TapKeyword.groovy:68)
	at com.kms.katalon.core.keyword.internal.KeywordExecutor.executeKeywordForPlatform(KeywordExecutor.groovy:73)
	at com.kms.katalon.core.mobile.keyword.MobileBuiltInKeywords.tap(MobileBuiltInKeywords.groovy:1354)
	at com.kms.katalon.core.mobile.keyword.MobileBuiltInKeywords$tap$1.call(Unknown Source)
	at Transaction.run(Transaction:38)
	at com.kms.katalon.core.main.ScriptEngine.run(ScriptEngine.java:194)
	at com.kms.katalon.core.main.ScriptEngine.runScriptAsRawText(ScriptEngine.java:119)
	at com.kms.katalon.core.main.TestCaseExecutor.runScript(TestCaseExecutor.java:398)
	at com.kms.katalon.core.main.TestCaseExecutor.doExecute(TestCaseExecutor.java:389)
	at com.kms.katalon.core.main.TestCaseExecutor.processExecutionPhase(TestCaseExecutor.java:368)
	at com.kms.katalon.core.main.TestCaseExecutor.accessMainPhase(TestCaseExecutor.java:360)
	at com.kms.katalon.core.main.TestCaseExecutor.execute(TestCaseExecutor.java:255)
	at com.kms.katalon.core.main.TestCaseMain.runTestCase(TestCaseMain.java:114)
	at com.kms.katalon.core.keyword.builtin.CallTestCaseKeyword$_callTestCase_closure1.doCall(CallTestCaseKeyword.groovy:59)
	... 20 more
)
	at com.kms.katalon.core.keyword.internal.KeywordMain.stepFailed(KeywordMain.groovy:39)
	at com.kms.katalon.core.keyword.internal.KeywordMain.stepFailed(KeywordMain.groovy)
	at com.kms.katalon.core.keyword.internal.KeywordMain.runKeyword(KeywordMain.groovy:70)
	at com.kms.katalon.core.keyword.builtin.CallTestCaseKeyword.callTestCase(CallTestCaseKeyword.groovy:81)
	at com.kms.katalon.core.keyword.builtin.CallTestCaseKeyword.execute(CallTestCaseKeyword.groovy:44)
	at com.kms.katalon.core.keyword.internal.KeywordExecutor.executeKeywordForPlatform(KeywordExecutor.groovy:73)
	at com.kms.katalon.core.keyword.BuiltinKeywords.callTestCase(BuiltinKeywords.groovy:334)
	at 008 - Melihat detail Transaction berdasarkan ketegori On Process dan Redemption.run(008 - Melihat detail Transaction berdasarkan ketegori On Process dan Redemption:22)
	at com.kms.katalon.core.main.ScriptEngine.run(ScriptEngine.java:194)
	at com.kms.katalon.core.main.ScriptEngine.runScriptAsRawText(ScriptEngine.java:119)
	at com.kms.katalon.core.main.TestCaseExecutor.runScript(TestCaseExecutor.java:398)
	at com.kms.katalon.core.main.TestCaseExecutor.doExecute(TestCaseExecutor.java:389)
	at com.kms.katalon.core.main.TestCaseExecutor.processExecutionPhase(TestCaseExecutor.java:368)
	at com.kms.katalon.core.main.TestCaseExecutor.accessMainPhase(TestCaseExecutor.java:360)
	at com.kms.katalon.core.main.TestCaseExecutor.execute(TestCaseExecutor.java:255)
	at com.kms.katalon.core.main.TestSuiteExecutor.accessTestCaseMainPhase(TestSuiteExecutor.java:203)
	at com.kms.katalon.core.main.TestSuiteExecutor.accessTestSuiteMainPhase(TestSuiteExecutor.java:152)
	at com.kms.katalon.core.main.TestSuiteExecutor.execute(TestSuiteExecutor.java:95)
	at com.kms.katalon.core.main.TestCaseMain.startTestSuite(TestCaseMain.java:157)
	at com.kms.katalon.core.main.TestCaseMain$startTestSuite$0.call(Unknown Source)
	at TempTestSuite1636938259952.run(TempTestSuite1636938259952.groovy:39)
Caused by: com.kms.katalon.core.exception.StepFailedException: Call Test Case 'Test Cases/Mobile/Page/Transaction/Transaction' failed
	at com.kms.katalon.core.keyword.builtin.CallTestCaseKeyword$_callTestCase_closure1.doCall(CallTestCaseKeyword.groovy:63)
	at com.kms.katalon.core.keyword.builtin.CallTestCaseKeyword$_callTestCase_closure1.call(CallTestCaseKeyword.groovy)
	at com.kms.katalon.core.keyword.internal.KeywordMain.runKeyword(KeywordMain.groovy:68)
	... 18 more
Caused by: com.kms.katalon.core.exception.StepFailedException: Object Object Repository/Mobile/Page/Transaction/Button - Menubar Transaction not found
	at com.kms.katalon.core.keyword.internal.KeywordMain.stepFailed(KeywordMain.groovy:50)
	at com.kms.katalon.core.mobile.keyword.internal.MobileKeywordMain.stepFailed(MobileKeywordMain.groovy:40)
	at com.kms.katalon.core.mobile.keyword.builtin.TapKeyword$_tap_closure1.doCall(TapKeyword.groovy:79)
	at com.kms.katalon.core.mobile.keyword.builtin.TapKeyword$_tap_closure1.call(TapKeyword.groovy)
	at com.kms.katalon.core.mobile.keyword.internal.MobileKeywordMain.runKeyword(MobileKeywordMain.groovy:21)
	at com.kms.katalon.core.mobile.keyword.builtin.TapKeyword.tap(TapKeyword.groovy:86)
	at com.kms.katalon.core.mobile.keyword.builtin.TapKeyword.execute(TapKeyword.groovy:68)
	at com.kms.katalon.core.keyword.internal.KeywordExecutor.executeKeywordForPlatform(KeywordExecutor.groovy:73)
	at com.kms.katalon.core.mobile.keyword.MobileBuiltInKeywords.tap(MobileBuiltInKeywords.groovy:1354)
	at com.kms.katalon.core.mobile.keyword.MobileBuiltInKeywords$tap$1.call(Unknown Source)
	at Transaction.run(Transaction:38)
	at com.kms.katalon.core.main.ScriptEngine.run(ScriptEngine.java:194)
	at com.kms.katalon.core.main.ScriptEngine.runScriptAsRawText(ScriptEngine.java:119)
	at com.kms.katalon.core.main.TestCaseExecutor.runScript(TestCaseExecutor.java:398)
	at com.kms.katalon.core.main.TestCaseExecutor.doExecute(TestCaseExecutor.java:389)
	at com.kms.katalon.core.main.TestCaseExecutor.processExecutionPhase(TestCaseExecutor.java:368)
	at com.kms.katalon.core.main.TestCaseExecutor.accessMainPhase(TestCaseExecutor.java:360)
	at com.kms.katalon.core.main.TestCaseExecutor.execute(TestCaseExecutor.java:255)
	at com.kms.katalon.core.main.TestCaseMain.runTestCase(TestCaseMain.java:114)
	at com.kms.katalon.core.keyword.builtin.CallTestCaseKeyword$_callTestCase_closure1.doCall(CallTestCaseKeyword.groovy:59)
	... 20 more]]></system-err>
   </testsuite>
</testsuites>
