<?xml version="1.0" encoding="UTF-8"?>
<testsuites name="portfolio" time="1159.371" tests="19" failures="0" skips="0" errors="0">
   <testsuite name="portfolio" tests="19" failures="0" errors="0" time="1159.371" skips="0" timestamp="2022-01-20 11:08:53" hostname="Owner - aldy-tft" id="Test Suites/portfolio">
      <properties>
         <property name="deviceName" value="samsung SM-A205F (Android 11)"/>
         <property name="devicePlatform" value=""/>
         <property name="logFolder" value="C:\\Users\\Owner\\Documents\\kerjaan\\KatalonProject\\qa_katalon_pwm\\qa_katalon_pwm\\Reports\\20220120_102745\\portfolio\\20220120_102809"/>
         <property name="logFiles" value="C:\\Users\\Owner\\Documents\\kerjaan\\KatalonProject\\qa_katalon_pwm\\qa_katalon_pwm\\Reports\\20220120_102745\\portfolio\\20220120_102809\\appium.log, C:\\Users\\Owner\\Documents\\kerjaan\\KatalonProject\\qa_katalon_pwm\\qa_katalon_pwm\\Reports\\20220120_102745\\portfolio\\20220120_102809\\execution0.log"/>
         <property name="attachments" value=""/>
         <property name="hostName" value="Owner - aldy-tft"/>
         <property name="os" value="Windows 10 64bit"/>
         <property name="appiumServerStatus" value="{&quot;value&quot;:{&quot;build&quot;:{&quot;version&quot;:&quot;1.22.0&quot;}},&quot;sessionId&quot;:null,&quot;status&quot;:0}"/>
         <property name="katalonVersion" value="7.9.1.208"/>
         <property name="deviceOS" value="Android"/>
         <property name="appiumVersion" value="1.22.0"/>
         <property name="deviceModel" value="SM-A205F"/>
         <property name="hostAddress" value="192.168.18.37"/>
         <property name="deviceManufacturer" value="samsung"/>
         <property name="deviceId" value="RR8M40C9AXE"/>
         <property name="deviceName" value="samsung SM-A205F (Android 11)"/>
         <property name="deviceOSVersion" value="11"/>
      </properties>
      <testcase name="Test Cases/Mobile/Scenario/Portfolio/001 - Summary" time="67.342" classname="Test Cases/Mobile/Scenario/Portfolio/001 - Summary" status="PASSED">
         <system-out><![CDATA[2022-01-20 11:08:54 - [TEST_CASE][PASSED] - Test Cases/Mobile/Scenario/Portfolio/001 - Summary: Test Cases/Mobile/Scenario/Portfolio/001 - Summary

2022-01-20 11:08:54 - [TEST_STEP][PASSED] - callTestCase(findTestCase("Mobile/Page/Run App/Run App byID"), [:], STOP_ON_FAILURE): Call Test Case 'Test Cases/Mobile/Page/Run App/Run App byID' successfully

2022-01-20 11:08:55 - [TEST_CASE][PASSED] - Test Cases/Mobile/Page/Run App/Run App byID: Test Cases/Mobile/Page/Run App/Run App byID

2022-01-20 11:08:55 - [TEST_STEP][PASSED] - startApp.OpenApp.startApplication("id.co.miraeasset.sageclub"): startApp.OpenApp.startApplication is PASSED

2022-01-20 11:08:56 - [MESSAGE][INFO] - Appium server started on port 56,703

2022-01-20 11:09:11 - [MESSAGE][PASSED] - Starting app with application ID: 'id.co.miraeasset.sageclub'

2022-01-20 11:09:11 - [MESSAGE][PASSED] - startApp.OpenApp.startApplication is PASSED

2022-01-20 11:09:11 - [MESSAGE][PASSED] - Call Test Case 'Test Cases/Mobile/Page/Run App/Run App byID' successfully

2022-01-20 11:09:11 - [TEST_STEP][PASSED] - callTestCase(findTestCase("Mobile/Page/Portfolio/Portfolio"), ["tab":"summary", "action":"summary"], CONTINUE_ON_FAILURE): Call Test Case 'Test Cases/Mobile/Page/Portfolio/Portfolio' successfully

2022-01-20 11:09:11 - [TEST_CASE][PASSED] - Test Cases/Mobile/Page/Portfolio/Portfolio: Test Cases/Mobile/Page/Portfolio/Portfolio

2022-01-20 11:09:11 - [TEST_STEP][PASSED] - callTestCase(findTestCase("Mobile/Page/CheckLogin"), [:], CONTINUE_ON_FAILURE): Call Test Case 'Test Cases/Mobile/Page/CheckLogin' successfully

2022-01-20 11:09:11 - [TEST_CASE][PASSED] - Test Cases/Mobile/Page/CheckLogin: Test Cases/Mobile/Page/CheckLogin

2022-01-20 11:09:12 - [TEST_STEP][PASSED] - loginCheck = verifyElementExist(LOGN_BtnLogin, 5, CONTINUE_ON_FAILURE): Element 'Object Repository/Mobile/Page/Login/Button - Login' is exist

2022-01-20 11:09:25 - [MESSAGE][PASSED] - Element 'Object Repository/Mobile/Page/Login/Button - Login' is exist

2022-01-20 11:09:25 - [TEST_STEP][PASSED] - if (loginCheck): Call Test Case 'Test Cases/Mobile/Page/Login/Login' successfully

2022-01-20 11:09:25 - [TEST_STEP][PASSED] - callTestCase(findTestCase("Mobile/Page/Login/Login"), ["action":"username"], CONTINUE_ON_FAILURE): Call Test Case 'Test Cases/Mobile/Page/Login/Login' successfully

2022-01-20 11:09:25 - [TEST_CASE][PASSED] - Test Cases/Mobile/Page/Login/Login: Test Cases/Mobile/Page/Login/Login

2022-01-20 11:09:25 - [TEST_STEP][PASSED] - delay(2): Delayed 2 second(s)

2022-01-20 11:09:27 - [MESSAGE][PASSED] - Delayed 2 second(s)

2022-01-20 11:09:27 - [TEST_STEP][PASSED] - for ([i = 0, i < 1, (i++)]): null

2022-01-20 11:09:27 - [TEST_STEP][PASSED] - if (action == "username"): null

2022-01-20 11:09:27 - [TEST_STEP][PASSED] - tap(LOGN_EdtUserID, 0): Tapped on element 'Object Repository/Mobile/Page/Login/Input - UserID'

2022-01-20 11:09:27 - [MESSAGE][WARNING] - Timeout '0' is invalid. Using default page load timeout: '60'

2022-01-20 11:09:28 - [MESSAGE][PASSED] - Tapped on element 'Object Repository/Mobile/Page/Login/Input - UserID'

2022-01-20 11:09:28 - [TEST_STEP][PASSED] - delay(1): Delayed 1 second(s)

2022-01-20 11:09:29 - [MESSAGE][PASSED] - Delayed 1 second(s)

2022-01-20 11:09:29 - [TEST_STEP][PASSED] - setText(LOGN_EdtRdyUserID, "anggaaditya", 0): Text 'anggaaditya' has been set to element 'Object Repository/Mobile/Page/Login/Input Rdy - UserID'

2022-01-20 11:09:29 - [MESSAGE][WARNING] - Timeout '0' is invalid. Using default page load timeout: '60'

2022-01-20 11:09:29 - [MESSAGE][PASSED] - Text 'anggaaditya' has been set to element 'Object Repository/Mobile/Page/Login/Input Rdy - UserID'

2022-01-20 11:09:29 - [TEST_STEP][PASSED] - delay(1): Delayed 1 second(s)

2022-01-20 11:09:30 - [MESSAGE][PASSED] - Delayed 1 second(s)

2022-01-20 11:09:30 - [TEST_STEP][PASSED] - hideKeyboard(): Keyboard is hidden

2022-01-20 11:09:34 - [MESSAGE][PASSED] - Keyboard is hidden

2022-01-20 11:09:34 - [TEST_STEP][PASSED] - tap(LOGN_EdtPassword, 0): Tapped on element 'Object Repository/Mobile/Page/Login/Input - Password'

2022-01-20 11:09:34 - [MESSAGE][WARNING] - Timeout '0' is invalid. Using default page load timeout: '60'

2022-01-20 11:09:34 - [MESSAGE][PASSED] - Tapped on element 'Object Repository/Mobile/Page/Login/Input - Password'

2022-01-20 11:09:34 - [TEST_STEP][PASSED] - delay(1): Delayed 1 second(s)

2022-01-20 11:09:35 - [MESSAGE][PASSED] - Delayed 1 second(s)

2022-01-20 11:09:35 - [TEST_STEP][PASSED] - setText(LOGN_EdtRdyPassword, "Shalawa18", 0): Text 'Shalawa18' has been set to element 'Object Repository/Mobile/Page/Login/Input Rdy - Password'

2022-01-20 11:09:35 - [MESSAGE][WARNING] - Timeout '0' is invalid. Using default page load timeout: '60'

2022-01-20 11:09:36 - [MESSAGE][PASSED] - Text 'Shalawa18' has been set to element 'Object Repository/Mobile/Page/Login/Input Rdy - Password'

2022-01-20 11:09:36 - [TEST_STEP][PASSED] - delay(1): Delayed 1 second(s)

2022-01-20 11:09:37 - [MESSAGE][PASSED] - Delayed 1 second(s)

2022-01-20 11:09:37 - [TEST_STEP][PASSED] - hideKeyboard(): Keyboard is hidden

2022-01-20 11:09:43 - [MESSAGE][PASSED] - Keyboard is hidden

2022-01-20 11:09:43 - [TEST_STEP][PASSED] - tap(LOGN_BtnLogin, 0): Tapped on element 'Object Repository/Mobile/Page/Login/Button - Login'

2022-01-20 11:09:43 - [MESSAGE][WARNING] - Timeout '0' is invalid. Using default page load timeout: '60'

2022-01-20 11:09:44 - [MESSAGE][PASSED] - Tapped on element 'Object Repository/Mobile/Page/Login/Button - Login'

2022-01-20 11:09:44 - [TEST_STEP][PASSED] - delay(2): Delayed 2 second(s)

2022-01-20 11:09:46 - [MESSAGE][PASSED] - Delayed 2 second(s)

2022-01-20 11:09:46 - [TEST_STEP][PASSED] - break: null

2022-01-20 11:09:46 - [MESSAGE][PASSED] - Call Test Case 'Test Cases/Mobile/Page/Login/Login' successfully

2022-01-20 11:09:46 - [MESSAGE][PASSED] - Call Test Case 'Test Cases/Mobile/Page/CheckLogin' successfully

2022-01-20 11:09:46 - [TEST_STEP][PASSED] - tap(HOME_MenubarPortfolio, 0): Tapped on element 'Object Repository/Mobile/Page/Home/Menubar - Portfolio'

2022-01-20 11:09:46 - [MESSAGE][WARNING] - Timeout '0' is invalid. Using default page load timeout: '60'

2022-01-20 11:09:47 - [MESSAGE][PASSED] - Tapped on element 'Object Repository/Mobile/Page/Home/Menubar - Portfolio'

2022-01-20 11:09:47 - [TEST_STEP][PASSED] - delay(1): Delayed 1 second(s)

2022-01-20 11:09:48 - [MESSAGE][PASSED] - Delayed 1 second(s)

2022-01-20 11:09:48 - [TEST_STEP][PASSED] - for ([i = 0, i < 1, (i++)]): null

2022-01-20 11:09:48 - [TEST_STEP][PASSED] - if (tab == "summary"): null

2022-01-20 11:09:48 - [TEST_STEP][PASSED] - idr = PORT_BtnIDR: null

2022-01-20 11:09:48 - [TEST_STEP][PASSED] - persen = PORT_BtnPersen: null

2022-01-20 11:09:48 - [TEST_STEP][PASSED] - if (action == "summary"): Delayed 3 second(s)

2022-01-20 11:09:48 - [TEST_STEP][PASSED] - delay(3): Delayed 3 second(s)

2022-01-20 11:09:51 - [MESSAGE][PASSED] - Delayed 3 second(s)

2022-01-20 11:09:51 - [TEST_STEP][PASSED] - if (action != "summary"): null

2022-01-20 11:09:51 - [MESSAGE][PASSED] - Call Test Case 'Test Cases/Mobile/Page/Portfolio/Portfolio' successfully

2022-01-20 11:09:51 - [TEST_STEP][PASSED] - callTestCase(findTestCase("Mobile/Page/Run App/Terminate App"), [:], STOP_ON_FAILURE): Call Test Case 'Test Cases/Mobile/Page/Run App/Terminate App' successfully

2022-01-20 11:09:51 - [TEST_CASE][PASSED] - Test Cases/Mobile/Page/Run App/Terminate App: Test Cases/Mobile/Page/Run App/Terminate App

2022-01-20 11:09:51 - [TEST_STEP][PASSED] - startApp.OpenApp.terminateApplication(): startApp.OpenApp.terminateApplication is PASSED

2022-01-20 11:09:55 - [MESSAGE][PASSED] - Delayed 3 second(s)

2022-01-20 11:09:55 - [MESSAGE][PASSED] - Current device physical width is 720

2022-01-20 11:09:55 - [MESSAGE][PASSED] - Current device physical height is 1423

2022-01-20 11:09:56 - [MESSAGE][PASSED] - Swiped from 360,853 to 360,142

2022-01-20 11:09:57 - [MESSAGE][PASSED] - Delayed 1 second(s)

2022-01-20 11:09:58 - [MESSAGE][PASSED] - Swiped from 360,853 to 360,142

2022-01-20 11:10:01 - [MESSAGE][PASSED] - Delayed 3 second(s)

2022-01-20 11:10:01 - [MESSAGE][PASSED] - startApp.OpenApp.terminateApplication is PASSED

2022-01-20 11:10:01 - [MESSAGE][PASSED] - Call Test Case 'Test Cases/Mobile/Page/Run App/Terminate App' successfully]]></system-out>
         <system-err><![CDATA[]]></system-err>
      </testcase>
      <testcase name="Test Cases/Mobile/Scenario/Portfolio/002 - Portfolio Performance Daily IDR" time="58.122" classname="Test Cases/Mobile/Scenario/Portfolio/002 - Portfolio Performance Daily IDR" status="PASSED">
         <system-out><![CDATA[2022-01-20 11:10:01 - [TEST_CASE][PASSED] - Test Cases/Mobile/Scenario/Portfolio/002 - Portfolio Performance Daily IDR: Test Cases/Mobile/Scenario/Portfolio/002 - Portfolio Performance Daily IDR

2022-01-20 11:10:02 - [TEST_STEP][PASSED] - callTestCase(findTestCase("Mobile/Page/Run App/Run App byID"), [:], STOP_ON_FAILURE): Call Test Case 'Test Cases/Mobile/Page/Run App/Run App byID' successfully

2022-01-20 11:10:02 - [TEST_CASE][PASSED] - Test Cases/Mobile/Page/Run App/Run App byID: Test Cases/Mobile/Page/Run App/Run App byID

2022-01-20 11:10:02 - [TEST_STEP][PASSED] - startApp.OpenApp.startApplication("id.co.miraeasset.sageclub"): startApp.OpenApp.startApplication is PASSED

2022-01-20 11:10:14 - [MESSAGE][PASSED] - Starting app with application ID: 'id.co.miraeasset.sageclub'

2022-01-20 11:10:14 - [MESSAGE][PASSED] - startApp.OpenApp.startApplication is PASSED

2022-01-20 11:10:14 - [MESSAGE][PASSED] - Call Test Case 'Test Cases/Mobile/Page/Run App/Run App byID' successfully

2022-01-20 11:10:14 - [TEST_STEP][PASSED] - callTestCase(findTestCase("Mobile/Page/Portfolio/Portfolio"), ["tab":"summary", "action":"perf_daily", "action2":"idr"], CONTINUE_ON_FAILURE): Call Test Case 'Test Cases/Mobile/Page/Portfolio/Portfolio' successfully

2022-01-20 11:10:14 - [TEST_CASE][PASSED] - Test Cases/Mobile/Page/Portfolio/Portfolio: Test Cases/Mobile/Page/Portfolio/Portfolio

2022-01-20 11:10:14 - [TEST_STEP][PASSED] - callTestCase(findTestCase("Mobile/Page/CheckLogin"), [:], CONTINUE_ON_FAILURE): Call Test Case 'Test Cases/Mobile/Page/CheckLogin' successfully

2022-01-20 11:10:14 - [TEST_CASE][PASSED] - Test Cases/Mobile/Page/CheckLogin: Test Cases/Mobile/Page/CheckLogin

2022-01-20 11:10:14 - [TEST_STEP][PASSED] - loginCheck = verifyElementExist(LOGN_BtnLogin, 5, CONTINUE_ON_FAILURE): Element 'Object Repository/Mobile/Page/Login/Button - Login' is exist

2022-01-20 11:10:16 - [MESSAGE][PASSED] - Element 'Object Repository/Mobile/Page/Login/Button - Login' is exist

2022-01-20 11:10:16 - [TEST_STEP][PASSED] - if (loginCheck): Call Test Case 'Test Cases/Mobile/Page/Login/Login' successfully

2022-01-20 11:10:16 - [TEST_STEP][PASSED] - callTestCase(findTestCase("Mobile/Page/Login/Login"), ["action":"username"], CONTINUE_ON_FAILURE): Call Test Case 'Test Cases/Mobile/Page/Login/Login' successfully

2022-01-20 11:10:16 - [TEST_CASE][PASSED] - Test Cases/Mobile/Page/Login/Login: Test Cases/Mobile/Page/Login/Login

2022-01-20 11:10:16 - [TEST_STEP][PASSED] - delay(2): Delayed 2 second(s)

2022-01-20 11:10:18 - [MESSAGE][PASSED] - Delayed 2 second(s)

2022-01-20 11:10:18 - [TEST_STEP][PASSED] - for ([i = 0, i < 1, (i++)]): null

2022-01-20 11:10:18 - [TEST_STEP][PASSED] - if (action == "username"): null

2022-01-20 11:10:18 - [TEST_STEP][PASSED] - tap(LOGN_EdtUserID, 0): Tapped on element 'Object Repository/Mobile/Page/Login/Input - UserID'

2022-01-20 11:10:18 - [MESSAGE][WARNING] - Timeout '0' is invalid. Using default page load timeout: '60'

2022-01-20 11:10:19 - [MESSAGE][PASSED] - Tapped on element 'Object Repository/Mobile/Page/Login/Input - UserID'

2022-01-20 11:10:19 - [TEST_STEP][PASSED] - delay(1): Delayed 1 second(s)

2022-01-20 11:10:20 - [MESSAGE][PASSED] - Delayed 1 second(s)

2022-01-20 11:10:20 - [TEST_STEP][PASSED] - setText(LOGN_EdtRdyUserID, "anggaaditya", 0): Text 'anggaaditya' has been set to element 'Object Repository/Mobile/Page/Login/Input Rdy - UserID'

2022-01-20 11:10:20 - [MESSAGE][WARNING] - Timeout '0' is invalid. Using default page load timeout: '60'

2022-01-20 11:10:20 - [MESSAGE][PASSED] - Text 'anggaaditya' has been set to element 'Object Repository/Mobile/Page/Login/Input Rdy - UserID'

2022-01-20 11:10:20 - [TEST_STEP][PASSED] - delay(1): Delayed 1 second(s)

2022-01-20 11:10:21 - [MESSAGE][PASSED] - Delayed 1 second(s)

2022-01-20 11:10:21 - [TEST_STEP][PASSED] - hideKeyboard(): Keyboard is hidden

2022-01-20 11:10:25 - [MESSAGE][PASSED] - Keyboard is hidden

2022-01-20 11:10:25 - [TEST_STEP][PASSED] - tap(LOGN_EdtPassword, 0): Tapped on element 'Object Repository/Mobile/Page/Login/Input - Password'

2022-01-20 11:10:25 - [MESSAGE][WARNING] - Timeout '0' is invalid. Using default page load timeout: '60'

2022-01-20 11:10:25 - [MESSAGE][PASSED] - Tapped on element 'Object Repository/Mobile/Page/Login/Input - Password'

2022-01-20 11:10:25 - [TEST_STEP][PASSED] - delay(1): Delayed 1 second(s)

2022-01-20 11:10:26 - [MESSAGE][PASSED] - Delayed 1 second(s)

2022-01-20 11:10:26 - [TEST_STEP][PASSED] - setText(LOGN_EdtRdyPassword, "Shalawa18", 0): Text 'Shalawa18' has been set to element 'Object Repository/Mobile/Page/Login/Input Rdy - Password'

2022-01-20 11:10:26 - [MESSAGE][WARNING] - Timeout '0' is invalid. Using default page load timeout: '60'

2022-01-20 11:10:27 - [MESSAGE][PASSED] - Text 'Shalawa18' has been set to element 'Object Repository/Mobile/Page/Login/Input Rdy - Password'

2022-01-20 11:10:27 - [TEST_STEP][PASSED] - delay(1): Delayed 1 second(s)

2022-01-20 11:10:28 - [MESSAGE][PASSED] - Delayed 1 second(s)

2022-01-20 11:10:28 - [TEST_STEP][PASSED] - hideKeyboard(): Keyboard is hidden

2022-01-20 11:10:34 - [MESSAGE][PASSED] - Keyboard is hidden

2022-01-20 11:10:34 - [TEST_STEP][PASSED] - tap(LOGN_BtnLogin, 0): Tapped on element 'Object Repository/Mobile/Page/Login/Button - Login'

2022-01-20 11:10:34 - [MESSAGE][WARNING] - Timeout '0' is invalid. Using default page load timeout: '60'

2022-01-20 11:10:35 - [MESSAGE][PASSED] - Tapped on element 'Object Repository/Mobile/Page/Login/Button - Login'

2022-01-20 11:10:35 - [TEST_STEP][PASSED] - delay(2): Delayed 2 second(s)

2022-01-20 11:10:37 - [MESSAGE][PASSED] - Delayed 2 second(s)

2022-01-20 11:10:37 - [TEST_STEP][PASSED] - break: null

2022-01-20 11:10:37 - [MESSAGE][PASSED] - Call Test Case 'Test Cases/Mobile/Page/Login/Login' successfully

2022-01-20 11:10:37 - [MESSAGE][PASSED] - Call Test Case 'Test Cases/Mobile/Page/CheckLogin' successfully

2022-01-20 11:10:37 - [TEST_STEP][PASSED] - tap(HOME_MenubarPortfolio, 0): Tapped on element 'Object Repository/Mobile/Page/Home/Menubar - Portfolio'

2022-01-20 11:10:37 - [MESSAGE][WARNING] - Timeout '0' is invalid. Using default page load timeout: '60'

2022-01-20 11:10:38 - [MESSAGE][PASSED] - Tapped on element 'Object Repository/Mobile/Page/Home/Menubar - Portfolio'

2022-01-20 11:10:38 - [TEST_STEP][PASSED] - delay(1): Delayed 1 second(s)

2022-01-20 11:10:39 - [MESSAGE][PASSED] - Delayed 1 second(s)

2022-01-20 11:10:39 - [TEST_STEP][PASSED] - for ([i = 0, i < 1, (i++)]): Delayed 3 second(s)

2022-01-20 11:10:39 - [TEST_STEP][PASSED] - if (tab == "summary"): Delayed 3 second(s)

2022-01-20 11:10:39 - [TEST_STEP][PASSED] - idr = PORT_BtnIDR: null

2022-01-20 11:10:39 - [TEST_STEP][PASSED] - persen = PORT_BtnPersen: null

2022-01-20 11:10:39 - [TEST_STEP][PASSED] - if (action == "summary"): null

2022-01-20 11:10:39 - [TEST_STEP][PASSED] - else if (action == "perf_daily"): scroll.scroll.scrollScreenBottomToTop is PASSED

2022-01-20 11:10:39 - [TEST_STEP][PASSED] - scroll.scroll.scrollScreenBottomToTop(): scroll.scroll.scrollScreenBottomToTop is PASSED

2022-01-20 11:10:39 - [MESSAGE][PASSED] - Current device physical height is 1423

2022-01-20 11:10:39 - [MESSAGE][PASSED] - Current device physical width is 720

2022-01-20 11:10:40 - [MESSAGE][PASSED] - Swiped from 360,1,138 to 360,284

2022-01-20 11:10:40 - [MESSAGE][PASSED] - scroll.scroll.scrollScreenBottomToTop is PASSED

2022-01-20 11:10:40 - [TEST_STEP][PASSED] - if (action != "summary"): Delayed 3 second(s)

2022-01-20 11:10:40 - [TEST_STEP][PASSED] - delay(1): Delayed 1 second(s)

2022-01-20 11:10:41 - [MESSAGE][PASSED] - Delayed 1 second(s)

2022-01-20 11:10:41 - [TEST_STEP][PASSED] - scroll.scroll.scrollScreenBottomToTop(): scroll.scroll.scrollScreenBottomToTop is PASSED

2022-01-20 11:10:41 - [MESSAGE][PASSED] - Current device physical height is 1423

2022-01-20 11:10:42 - [MESSAGE][PASSED] - Current device physical width is 720

2022-01-20 11:10:43 - [MESSAGE][PASSED] - Swiped from 360,1,138 to 360,284

2022-01-20 11:10:43 - [MESSAGE][PASSED] - scroll.scroll.scrollScreenBottomToTop is PASSED

2022-01-20 11:10:43 - [TEST_STEP][PASSED] - delay(3): Delayed 3 second(s)

2022-01-20 11:10:46 - [MESSAGE][PASSED] - Delayed 3 second(s)

2022-01-20 11:10:46 - [TEST_STEP][PASSED] - if (action2 == "idr"): Delayed 3 second(s)

2022-01-20 11:10:46 - [TEST_STEP][PASSED] - tap(idr, 10): Tapped on element 'Object Repository/Mobile/Page/Portfolio/Button - IDR'

2022-01-20 11:10:46 - [MESSAGE][PASSED] - Tapped on element 'Object Repository/Mobile/Page/Portfolio/Button - IDR'

2022-01-20 11:10:46 - [TEST_STEP][PASSED] - delay(3): Delayed 3 second(s)

2022-01-20 11:10:49 - [MESSAGE][PASSED] - Delayed 3 second(s)

2022-01-20 11:10:49 - [MESSAGE][PASSED] - Call Test Case 'Test Cases/Mobile/Page/Portfolio/Portfolio' successfully

2022-01-20 11:10:49 - [TEST_STEP][PASSED] - callTestCase(findTestCase("Mobile/Page/Run App/Terminate App"), [:], STOP_ON_FAILURE): Call Test Case 'Test Cases/Mobile/Page/Run App/Terminate App' successfully

2022-01-20 11:10:49 - [TEST_CASE][PASSED] - Test Cases/Mobile/Page/Run App/Terminate App: Test Cases/Mobile/Page/Run App/Terminate App

2022-01-20 11:10:49 - [TEST_STEP][PASSED] - startApp.OpenApp.terminateApplication(): startApp.OpenApp.terminateApplication is PASSED

2022-01-20 11:10:53 - [MESSAGE][PASSED] - Delayed 3 second(s)

2022-01-20 11:10:53 - [MESSAGE][PASSED] - Current device physical width is 720

2022-01-20 11:10:53 - [MESSAGE][PASSED] - Current device physical height is 1423

2022-01-20 11:10:54 - [MESSAGE][PASSED] - Swiped from 360,853 to 360,142

2022-01-20 11:10:55 - [MESSAGE][PASSED] - Delayed 1 second(s)

2022-01-20 11:10:57 - [MESSAGE][PASSED] - Swiped from 360,853 to 360,142

2022-01-20 11:11:00 - [MESSAGE][PASSED] - Delayed 3 second(s)

2022-01-20 11:11:00 - [MESSAGE][PASSED] - startApp.OpenApp.terminateApplication is PASSED

2022-01-20 11:11:00 - [MESSAGE][PASSED] - Call Test Case 'Test Cases/Mobile/Page/Run App/Terminate App' successfully]]></system-out>
         <system-err><![CDATA[]]></system-err>
      </testcase>
      <testcase name="Test Cases/Mobile/Scenario/Portfolio/003 - Portfolio Performance Month to Date IDR" time="59.88" classname="Test Cases/Mobile/Scenario/Portfolio/003 - Portfolio Performance Month to Date IDR" status="PASSED">
         <system-out><![CDATA[2022-01-20 11:11:00 - [TEST_CASE][PASSED] - Test Cases/Mobile/Scenario/Portfolio/003 - Portfolio Performance Month to Date IDR: Test Cases/Mobile/Scenario/Portfolio/003 - Portfolio Performance Month to Date IDR

2022-01-20 11:11:00 - [TEST_STEP][PASSED] - callTestCase(findTestCase("Mobile/Page/Run App/Run App byID"), [:], STOP_ON_FAILURE): Call Test Case 'Test Cases/Mobile/Page/Run App/Run App byID' successfully

2022-01-20 11:11:00 - [TEST_CASE][PASSED] - Test Cases/Mobile/Page/Run App/Run App byID: Test Cases/Mobile/Page/Run App/Run App byID

2022-01-20 11:11:00 - [TEST_STEP][PASSED] - startApp.OpenApp.startApplication("id.co.miraeasset.sageclub"): startApp.OpenApp.startApplication is PASSED

2022-01-20 11:11:12 - [MESSAGE][PASSED] - Starting app with application ID: 'id.co.miraeasset.sageclub'

2022-01-20 11:11:12 - [MESSAGE][PASSED] - startApp.OpenApp.startApplication is PASSED

2022-01-20 11:11:12 - [MESSAGE][PASSED] - Call Test Case 'Test Cases/Mobile/Page/Run App/Run App byID' successfully

2022-01-20 11:11:12 - [TEST_STEP][PASSED] - callTestCase(findTestCase("Mobile/Page/Portfolio/Portfolio"), ["tab":"summary", "action":"perf_month", "action2":"idr"], CONTINUE_ON_FAILURE): Call Test Case 'Test Cases/Mobile/Page/Portfolio/Portfolio' successfully

2022-01-20 11:11:12 - [TEST_CASE][PASSED] - Test Cases/Mobile/Page/Portfolio/Portfolio: Test Cases/Mobile/Page/Portfolio/Portfolio

2022-01-20 11:11:12 - [TEST_STEP][PASSED] - callTestCase(findTestCase("Mobile/Page/CheckLogin"), [:], CONTINUE_ON_FAILURE): Call Test Case 'Test Cases/Mobile/Page/CheckLogin' successfully

2022-01-20 11:11:12 - [TEST_CASE][PASSED] - Test Cases/Mobile/Page/CheckLogin: Test Cases/Mobile/Page/CheckLogin

2022-01-20 11:11:12 - [TEST_STEP][PASSED] - loginCheck = verifyElementExist(LOGN_BtnLogin, 5, CONTINUE_ON_FAILURE): Element 'Object Repository/Mobile/Page/Login/Button - Login' is exist

2022-01-20 11:11:14 - [MESSAGE][PASSED] - Element 'Object Repository/Mobile/Page/Login/Button - Login' is exist

2022-01-20 11:11:14 - [TEST_STEP][PASSED] - if (loginCheck): Call Test Case 'Test Cases/Mobile/Page/Login/Login' successfully

2022-01-20 11:11:14 - [TEST_STEP][PASSED] - callTestCase(findTestCase("Mobile/Page/Login/Login"), ["action":"username"], CONTINUE_ON_FAILURE): Call Test Case 'Test Cases/Mobile/Page/Login/Login' successfully

2022-01-20 11:11:14 - [TEST_CASE][PASSED] - Test Cases/Mobile/Page/Login/Login: Test Cases/Mobile/Page/Login/Login

2022-01-20 11:11:14 - [TEST_STEP][PASSED] - delay(2): Delayed 2 second(s)

2022-01-20 11:11:16 - [MESSAGE][PASSED] - Delayed 2 second(s)

2022-01-20 11:11:16 - [TEST_STEP][PASSED] - for ([i = 0, i < 1, (i++)]): null

2022-01-20 11:11:16 - [TEST_STEP][PASSED] - if (action == "username"): null

2022-01-20 11:11:16 - [TEST_STEP][PASSED] - tap(LOGN_EdtUserID, 0): Tapped on element 'Object Repository/Mobile/Page/Login/Input - UserID'

2022-01-20 11:11:16 - [MESSAGE][WARNING] - Timeout '0' is invalid. Using default page load timeout: '60'

2022-01-20 11:11:16 - [MESSAGE][PASSED] - Tapped on element 'Object Repository/Mobile/Page/Login/Input - UserID'

2022-01-20 11:11:16 - [TEST_STEP][PASSED] - delay(1): Delayed 1 second(s)

2022-01-20 11:11:17 - [MESSAGE][PASSED] - Delayed 1 second(s)

2022-01-20 11:11:17 - [TEST_STEP][PASSED] - setText(LOGN_EdtRdyUserID, "anggaaditya", 0): Text 'anggaaditya' has been set to element 'Object Repository/Mobile/Page/Login/Input Rdy - UserID'

2022-01-20 11:11:17 - [MESSAGE][WARNING] - Timeout '0' is invalid. Using default page load timeout: '60'

2022-01-20 11:11:18 - [MESSAGE][PASSED] - Text 'anggaaditya' has been set to element 'Object Repository/Mobile/Page/Login/Input Rdy - UserID'

2022-01-20 11:11:18 - [TEST_STEP][PASSED] - delay(1): Delayed 1 second(s)

2022-01-20 11:11:19 - [MESSAGE][PASSED] - Delayed 1 second(s)

2022-01-20 11:11:19 - [TEST_STEP][PASSED] - hideKeyboard(): Keyboard is hidden

2022-01-20 11:11:23 - [MESSAGE][PASSED] - Keyboard is hidden

2022-01-20 11:11:23 - [TEST_STEP][PASSED] - tap(LOGN_EdtPassword, 0): Tapped on element 'Object Repository/Mobile/Page/Login/Input - Password'

2022-01-20 11:11:23 - [MESSAGE][WARNING] - Timeout '0' is invalid. Using default page load timeout: '60'

2022-01-20 11:11:23 - [MESSAGE][PASSED] - Tapped on element 'Object Repository/Mobile/Page/Login/Input - Password'

2022-01-20 11:11:23 - [TEST_STEP][PASSED] - delay(1): Delayed 1 second(s)

2022-01-20 11:11:24 - [MESSAGE][PASSED] - Delayed 1 second(s)

2022-01-20 11:11:24 - [TEST_STEP][PASSED] - setText(LOGN_EdtRdyPassword, "Shalawa18", 0): Text 'Shalawa18' has been set to element 'Object Repository/Mobile/Page/Login/Input Rdy - Password'

2022-01-20 11:11:24 - [MESSAGE][WARNING] - Timeout '0' is invalid. Using default page load timeout: '60'

2022-01-20 11:11:25 - [MESSAGE][PASSED] - Text 'Shalawa18' has been set to element 'Object Repository/Mobile/Page/Login/Input Rdy - Password'

2022-01-20 11:11:25 - [TEST_STEP][PASSED] - delay(1): Delayed 1 second(s)

2022-01-20 11:11:26 - [MESSAGE][PASSED] - Delayed 1 second(s)

2022-01-20 11:11:26 - [TEST_STEP][PASSED] - hideKeyboard(): Keyboard is hidden

2022-01-20 11:11:32 - [MESSAGE][PASSED] - Keyboard is hidden

2022-01-20 11:11:32 - [TEST_STEP][PASSED] - tap(LOGN_BtnLogin, 0): Tapped on element 'Object Repository/Mobile/Page/Login/Button - Login'

2022-01-20 11:11:32 - [MESSAGE][WARNING] - Timeout '0' is invalid. Using default page load timeout: '60'

2022-01-20 11:11:32 - [MESSAGE][PASSED] - Tapped on element 'Object Repository/Mobile/Page/Login/Button - Login'

2022-01-20 11:11:32 - [TEST_STEP][PASSED] - delay(2): Delayed 2 second(s)

2022-01-20 11:11:34 - [MESSAGE][PASSED] - Delayed 2 second(s)

2022-01-20 11:11:34 - [TEST_STEP][PASSED] - break: null

2022-01-20 11:11:35 - [MESSAGE][PASSED] - Call Test Case 'Test Cases/Mobile/Page/Login/Login' successfully

2022-01-20 11:11:35 - [MESSAGE][PASSED] - Call Test Case 'Test Cases/Mobile/Page/CheckLogin' successfully

2022-01-20 11:11:35 - [TEST_STEP][PASSED] - tap(HOME_MenubarPortfolio, 0): Tapped on element 'Object Repository/Mobile/Page/Home/Menubar - Portfolio'

2022-01-20 11:11:35 - [MESSAGE][WARNING] - Timeout '0' is invalid. Using default page load timeout: '60'

2022-01-20 11:11:36 - [MESSAGE][PASSED] - Tapped on element 'Object Repository/Mobile/Page/Home/Menubar - Portfolio'

2022-01-20 11:11:36 - [TEST_STEP][PASSED] - delay(1): Delayed 1 second(s)

2022-01-20 11:11:37 - [MESSAGE][PASSED] - Delayed 1 second(s)

2022-01-20 11:11:37 - [TEST_STEP][PASSED] - for ([i = 0, i < 1, (i++)]): Delayed 3 second(s)

2022-01-20 11:11:37 - [TEST_STEP][PASSED] - if (tab == "summary"): Delayed 3 second(s)

2022-01-20 11:11:37 - [TEST_STEP][PASSED] - idr = PORT_BtnIDR: null

2022-01-20 11:11:37 - [TEST_STEP][PASSED] - persen = PORT_BtnPersen: null

2022-01-20 11:11:37 - [TEST_STEP][PASSED] - if (action == "summary"): null

2022-01-20 11:11:37 - [TEST_STEP][PASSED] - else if (action == "perf_daily"): null

2022-01-20 11:11:37 - [TEST_STEP][PASSED] - else if (action == "perf_month"): Tapped on element 'Object Repository/Mobile/Page/Portfolio/Tab - Summary Month to Date'

2022-01-20 11:11:37 - [TEST_STEP][PASSED] - scroll.scroll.scrollScreenBottomToTop(): scroll.scroll.scrollScreenBottomToTop is PASSED

2022-01-20 11:11:37 - [MESSAGE][PASSED] - Current device physical height is 1423

2022-01-20 11:11:37 - [MESSAGE][PASSED] - Current device physical width is 720

2022-01-20 11:11:39 - [MESSAGE][PASSED] - Swiped from 360,1,138 to 360,284

2022-01-20 11:11:39 - [MESSAGE][PASSED] - scroll.scroll.scrollScreenBottomToTop is PASSED

2022-01-20 11:11:39 - [TEST_STEP][PASSED] - delay(1): Delayed 1 second(s)

2022-01-20 11:11:40 - [MESSAGE][PASSED] - Delayed 1 second(s)

2022-01-20 11:11:40 - [TEST_STEP][PASSED] - tap(PORT_TabSummaryMonth, 0): Tapped on element 'Object Repository/Mobile/Page/Portfolio/Tab - Summary Month to Date'

2022-01-20 11:11:40 - [MESSAGE][WARNING] - Timeout '0' is invalid. Using default page load timeout: '60'

2022-01-20 11:11:40 - [MESSAGE][PASSED] - Tapped on element 'Object Repository/Mobile/Page/Portfolio/Tab - Summary Month to Date'

2022-01-20 11:11:40 - [TEST_STEP][PASSED] - if (action != "summary"): Delayed 3 second(s)

2022-01-20 11:11:40 - [TEST_STEP][PASSED] - delay(1): Delayed 1 second(s)

2022-01-20 11:11:41 - [MESSAGE][PASSED] - Delayed 1 second(s)

2022-01-20 11:11:41 - [TEST_STEP][PASSED] - scroll.scroll.scrollScreenBottomToTop(): scroll.scroll.scrollScreenBottomToTop is PASSED

2022-01-20 11:11:41 - [MESSAGE][PASSED] - Current device physical height is 1423

2022-01-20 11:11:41 - [MESSAGE][PASSED] - Current device physical width is 720

2022-01-20 11:11:43 - [MESSAGE][PASSED] - Swiped from 360,1,138 to 360,284

2022-01-20 11:11:43 - [MESSAGE][PASSED] - scroll.scroll.scrollScreenBottomToTop is PASSED

2022-01-20 11:11:43 - [TEST_STEP][PASSED] - delay(3): Delayed 3 second(s)

2022-01-20 11:11:46 - [MESSAGE][PASSED] - Delayed 3 second(s)

2022-01-20 11:11:46 - [TEST_STEP][PASSED] - if (action2 == "idr"): Delayed 3 second(s)

2022-01-20 11:11:46 - [TEST_STEP][PASSED] - tap(idr, 10): Tapped on element 'Object Repository/Mobile/Page/Portfolio/Button - IDR'

2022-01-20 11:11:46 - [MESSAGE][PASSED] - Tapped on element 'Object Repository/Mobile/Page/Portfolio/Button - IDR'

2022-01-20 11:11:46 - [TEST_STEP][PASSED] - delay(3): Delayed 3 second(s)

2022-01-20 11:11:49 - [MESSAGE][PASSED] - Delayed 3 second(s)

2022-01-20 11:11:49 - [MESSAGE][PASSED] - Call Test Case 'Test Cases/Mobile/Page/Portfolio/Portfolio' successfully

2022-01-20 11:11:49 - [TEST_STEP][PASSED] - callTestCase(findTestCase("Mobile/Page/Run App/Terminate App"), [:], STOP_ON_FAILURE): Call Test Case 'Test Cases/Mobile/Page/Run App/Terminate App' successfully

2022-01-20 11:11:49 - [TEST_CASE][PASSED] - Test Cases/Mobile/Page/Run App/Terminate App: Test Cases/Mobile/Page/Run App/Terminate App

2022-01-20 11:11:49 - [TEST_STEP][PASSED] - startApp.OpenApp.terminateApplication(): startApp.OpenApp.terminateApplication is PASSED

2022-01-20 11:11:52 - [MESSAGE][PASSED] - Delayed 3 second(s)

2022-01-20 11:11:53 - [MESSAGE][PASSED] - Current device physical width is 720

2022-01-20 11:11:53 - [MESSAGE][PASSED] - Current device physical height is 1423

2022-01-20 11:11:54 - [MESSAGE][PASSED] - Swiped from 360,853 to 360,142

2022-01-20 11:11:55 - [MESSAGE][PASSED] - Delayed 1 second(s)

2022-01-20 11:11:56 - [MESSAGE][PASSED] - Swiped from 360,853 to 360,142

2022-01-20 11:11:59 - [MESSAGE][PASSED] - Delayed 3 second(s)

2022-01-20 11:11:59 - [MESSAGE][PASSED] - startApp.OpenApp.terminateApplication is PASSED

2022-01-20 11:11:59 - [MESSAGE][PASSED] - Call Test Case 'Test Cases/Mobile/Page/Run App/Terminate App' successfully]]></system-out>
         <system-err><![CDATA[]]></system-err>
      </testcase>
      <testcase name="Test Cases/Mobile/Scenario/Portfolio/004 - Portfolio Performance Quarter to Date IDR" time="60.112" classname="Test Cases/Mobile/Scenario/Portfolio/004 - Portfolio Performance Quarter to Date IDR" status="PASSED">
         <system-out><![CDATA[2022-01-20 11:11:59 - [TEST_CASE][PASSED] - Test Cases/Mobile/Scenario/Portfolio/004 - Portfolio Performance Quarter to Date IDR: Test Cases/Mobile/Scenario/Portfolio/004 - Portfolio Performance Quarter to Date IDR

2022-01-20 11:12:00 - [TEST_STEP][PASSED] - callTestCase(findTestCase("Mobile/Page/Run App/Run App byID"), [:], STOP_ON_FAILURE): Call Test Case 'Test Cases/Mobile/Page/Run App/Run App byID' successfully

2022-01-20 11:12:00 - [TEST_CASE][PASSED] - Test Cases/Mobile/Page/Run App/Run App byID: Test Cases/Mobile/Page/Run App/Run App byID

2022-01-20 11:12:00 - [TEST_STEP][PASSED] - startApp.OpenApp.startApplication("id.co.miraeasset.sageclub"): startApp.OpenApp.startApplication is PASSED

2022-01-20 11:12:12 - [MESSAGE][PASSED] - Starting app with application ID: 'id.co.miraeasset.sageclub'

2022-01-20 11:12:12 - [MESSAGE][PASSED] - startApp.OpenApp.startApplication is PASSED

2022-01-20 11:12:12 - [MESSAGE][PASSED] - Call Test Case 'Test Cases/Mobile/Page/Run App/Run App byID' successfully

2022-01-20 11:12:12 - [TEST_STEP][PASSED] - callTestCase(findTestCase("Mobile/Page/Portfolio/Portfolio"), ["tab":"summary", "action":"perf_quarter", "action2":"idr"], CONTINUE_ON_FAILURE): Call Test Case 'Test Cases/Mobile/Page/Portfolio/Portfolio' successfully

2022-01-20 11:12:12 - [TEST_CASE][PASSED] - Test Cases/Mobile/Page/Portfolio/Portfolio: Test Cases/Mobile/Page/Portfolio/Portfolio

2022-01-20 11:12:12 - [TEST_STEP][PASSED] - callTestCase(findTestCase("Mobile/Page/CheckLogin"), [:], CONTINUE_ON_FAILURE): Call Test Case 'Test Cases/Mobile/Page/CheckLogin' successfully

2022-01-20 11:12:12 - [TEST_CASE][PASSED] - Test Cases/Mobile/Page/CheckLogin: Test Cases/Mobile/Page/CheckLogin

2022-01-20 11:12:12 - [TEST_STEP][PASSED] - loginCheck = verifyElementExist(LOGN_BtnLogin, 5, CONTINUE_ON_FAILURE): Element 'Object Repository/Mobile/Page/Login/Button - Login' is exist

2022-01-20 11:12:14 - [MESSAGE][PASSED] - Element 'Object Repository/Mobile/Page/Login/Button - Login' is exist

2022-01-20 11:12:14 - [TEST_STEP][PASSED] - if (loginCheck): Call Test Case 'Test Cases/Mobile/Page/Login/Login' successfully

2022-01-20 11:12:14 - [TEST_STEP][PASSED] - callTestCase(findTestCase("Mobile/Page/Login/Login"), ["action":"username"], CONTINUE_ON_FAILURE): Call Test Case 'Test Cases/Mobile/Page/Login/Login' successfully

2022-01-20 11:12:14 - [TEST_CASE][PASSED] - Test Cases/Mobile/Page/Login/Login: Test Cases/Mobile/Page/Login/Login

2022-01-20 11:12:14 - [TEST_STEP][PASSED] - delay(2): Delayed 2 second(s)

2022-01-20 11:12:16 - [MESSAGE][PASSED] - Delayed 2 second(s)

2022-01-20 11:12:16 - [TEST_STEP][PASSED] - for ([i = 0, i < 1, (i++)]): null

2022-01-20 11:12:16 - [TEST_STEP][PASSED] - if (action == "username"): null

2022-01-20 11:12:16 - [TEST_STEP][PASSED] - tap(LOGN_EdtUserID, 0): Tapped on element 'Object Repository/Mobile/Page/Login/Input - UserID'

2022-01-20 11:12:16 - [MESSAGE][WARNING] - Timeout '0' is invalid. Using default page load timeout: '60'

2022-01-20 11:12:17 - [MESSAGE][PASSED] - Tapped on element 'Object Repository/Mobile/Page/Login/Input - UserID'

2022-01-20 11:12:17 - [TEST_STEP][PASSED] - delay(1): Delayed 1 second(s)

2022-01-20 11:12:18 - [MESSAGE][PASSED] - Delayed 1 second(s)

2022-01-20 11:12:18 - [TEST_STEP][PASSED] - setText(LOGN_EdtRdyUserID, "anggaaditya", 0): Text 'anggaaditya' has been set to element 'Object Repository/Mobile/Page/Login/Input Rdy - UserID'

2022-01-20 11:12:18 - [MESSAGE][WARNING] - Timeout '0' is invalid. Using default page load timeout: '60'

2022-01-20 11:12:18 - [MESSAGE][PASSED] - Text 'anggaaditya' has been set to element 'Object Repository/Mobile/Page/Login/Input Rdy - UserID'

2022-01-20 11:12:18 - [TEST_STEP][PASSED] - delay(1): Delayed 1 second(s)

2022-01-20 11:12:20 - [MESSAGE][PASSED] - Delayed 1 second(s)

2022-01-20 11:12:20 - [TEST_STEP][PASSED] - hideKeyboard(): Keyboard is hidden

2022-01-20 11:12:23 - [MESSAGE][PASSED] - Keyboard is hidden

2022-01-20 11:12:23 - [TEST_STEP][PASSED] - tap(LOGN_EdtPassword, 0): Tapped on element 'Object Repository/Mobile/Page/Login/Input - Password'

2022-01-20 11:12:23 - [MESSAGE][WARNING] - Timeout '0' is invalid. Using default page load timeout: '60'

2022-01-20 11:12:23 - [MESSAGE][PASSED] - Tapped on element 'Object Repository/Mobile/Page/Login/Input - Password'

2022-01-20 11:12:23 - [TEST_STEP][PASSED] - delay(1): Delayed 1 second(s)

2022-01-20 11:12:24 - [MESSAGE][PASSED] - Delayed 1 second(s)

2022-01-20 11:12:24 - [TEST_STEP][PASSED] - setText(LOGN_EdtRdyPassword, "Shalawa18", 0): Text 'Shalawa18' has been set to element 'Object Repository/Mobile/Page/Login/Input Rdy - Password'

2022-01-20 11:12:24 - [MESSAGE][WARNING] - Timeout '0' is invalid. Using default page load timeout: '60'

2022-01-20 11:12:25 - [MESSAGE][PASSED] - Text 'Shalawa18' has been set to element 'Object Repository/Mobile/Page/Login/Input Rdy - Password'

2022-01-20 11:12:25 - [TEST_STEP][PASSED] - delay(1): Delayed 1 second(s)

2022-01-20 11:12:26 - [MESSAGE][PASSED] - Delayed 1 second(s)

2022-01-20 11:12:26 - [TEST_STEP][PASSED] - hideKeyboard(): Keyboard is hidden

2022-01-20 11:12:32 - [MESSAGE][PASSED] - Keyboard is hidden

2022-01-20 11:12:32 - [TEST_STEP][PASSED] - tap(LOGN_BtnLogin, 0): Tapped on element 'Object Repository/Mobile/Page/Login/Button - Login'

2022-01-20 11:12:32 - [MESSAGE][WARNING] - Timeout '0' is invalid. Using default page load timeout: '60'

2022-01-20 11:12:33 - [MESSAGE][PASSED] - Tapped on element 'Object Repository/Mobile/Page/Login/Button - Login'

2022-01-20 11:12:33 - [TEST_STEP][PASSED] - delay(2): Delayed 2 second(s)

2022-01-20 11:12:35 - [MESSAGE][PASSED] - Delayed 2 second(s)

2022-01-20 11:12:35 - [TEST_STEP][PASSED] - break: null

2022-01-20 11:12:35 - [MESSAGE][PASSED] - Call Test Case 'Test Cases/Mobile/Page/Login/Login' successfully

2022-01-20 11:12:35 - [MESSAGE][PASSED] - Call Test Case 'Test Cases/Mobile/Page/CheckLogin' successfully

2022-01-20 11:12:35 - [TEST_STEP][PASSED] - tap(HOME_MenubarPortfolio, 0): Tapped on element 'Object Repository/Mobile/Page/Home/Menubar - Portfolio'

2022-01-20 11:12:35 - [MESSAGE][WARNING] - Timeout '0' is invalid. Using default page load timeout: '60'

2022-01-20 11:12:36 - [MESSAGE][PASSED] - Tapped on element 'Object Repository/Mobile/Page/Home/Menubar - Portfolio'

2022-01-20 11:12:36 - [TEST_STEP][PASSED] - delay(1): Delayed 1 second(s)

2022-01-20 11:12:37 - [MESSAGE][PASSED] - Delayed 1 second(s)

2022-01-20 11:12:37 - [TEST_STEP][PASSED] - for ([i = 0, i < 1, (i++)]): Delayed 3 second(s)

2022-01-20 11:12:37 - [TEST_STEP][PASSED] - if (tab == "summary"): Delayed 3 second(s)

2022-01-20 11:12:37 - [TEST_STEP][PASSED] - idr = PORT_BtnIDR: null

2022-01-20 11:12:37 - [TEST_STEP][PASSED] - persen = PORT_BtnPersen: null

2022-01-20 11:12:37 - [TEST_STEP][PASSED] - if (action == "summary"): null

2022-01-20 11:12:37 - [TEST_STEP][PASSED] - else if (action == "perf_daily"): null

2022-01-20 11:12:37 - [TEST_STEP][PASSED] - else if (action == "perf_month"): null

2022-01-20 11:12:37 - [TEST_STEP][PASSED] - else if (action == "perf_quarter"): Tapped on element 'Object Repository/Mobile/Page/Portfolio/Tab - Summary Quarter to Date'

2022-01-20 11:12:37 - [TEST_STEP][PASSED] - scroll.scroll.scrollScreenBottomToTop(): scroll.scroll.scrollScreenBottomToTop is PASSED

2022-01-20 11:12:37 - [MESSAGE][PASSED] - Current device physical height is 1423

2022-01-20 11:12:38 - [MESSAGE][PASSED] - Current device physical width is 720

2022-01-20 11:12:39 - [MESSAGE][PASSED] - Swiped from 360,1,138 to 360,284

2022-01-20 11:12:39 - [MESSAGE][PASSED] - scroll.scroll.scrollScreenBottomToTop is PASSED

2022-01-20 11:12:39 - [TEST_STEP][PASSED] - delay(1): Delayed 1 second(s)

2022-01-20 11:12:40 - [MESSAGE][PASSED] - Delayed 1 second(s)

2022-01-20 11:12:40 - [TEST_STEP][PASSED] - tap(PORT_TabSummaryQuarter, 0): Tapped on element 'Object Repository/Mobile/Page/Portfolio/Tab - Summary Quarter to Date'

2022-01-20 11:12:40 - [MESSAGE][WARNING] - Timeout '0' is invalid. Using default page load timeout: '60'

2022-01-20 11:12:40 - [MESSAGE][PASSED] - Tapped on element 'Object Repository/Mobile/Page/Portfolio/Tab - Summary Quarter to Date'

2022-01-20 11:12:40 - [TEST_STEP][PASSED] - if (action != "summary"): Delayed 3 second(s)

2022-01-20 11:12:40 - [TEST_STEP][PASSED] - delay(1): Delayed 1 second(s)

2022-01-20 11:12:41 - [MESSAGE][PASSED] - Delayed 1 second(s)

2022-01-20 11:12:41 - [TEST_STEP][PASSED] - scroll.scroll.scrollScreenBottomToTop(): scroll.scroll.scrollScreenBottomToTop is PASSED

2022-01-20 11:12:41 - [MESSAGE][PASSED] - Current device physical height is 1423

2022-01-20 11:12:42 - [MESSAGE][PASSED] - Current device physical width is 720

2022-01-20 11:12:43 - [MESSAGE][PASSED] - Swiped from 360,1,138 to 360,284

2022-01-20 11:12:43 - [MESSAGE][PASSED] - scroll.scroll.scrollScreenBottomToTop is PASSED

2022-01-20 11:12:43 - [TEST_STEP][PASSED] - delay(3): Delayed 3 second(s)

2022-01-20 11:12:46 - [MESSAGE][PASSED] - Delayed 3 second(s)

2022-01-20 11:12:46 - [TEST_STEP][PASSED] - if (action2 == "idr"): Delayed 3 second(s)

2022-01-20 11:12:46 - [TEST_STEP][PASSED] - tap(idr, 10): Tapped on element 'Object Repository/Mobile/Page/Portfolio/Button - IDR'

2022-01-20 11:12:46 - [MESSAGE][PASSED] - Tapped on element 'Object Repository/Mobile/Page/Portfolio/Button - IDR'

2022-01-20 11:12:46 - [TEST_STEP][PASSED] - delay(3): Delayed 3 second(s)

2022-01-20 11:12:49 - [MESSAGE][PASSED] - Delayed 3 second(s)

2022-01-20 11:12:49 - [MESSAGE][PASSED] - Call Test Case 'Test Cases/Mobile/Page/Portfolio/Portfolio' successfully

2022-01-20 11:12:49 - [TEST_STEP][PASSED] - callTestCase(findTestCase("Mobile/Page/Run App/Terminate App"), [:], STOP_ON_FAILURE): Call Test Case 'Test Cases/Mobile/Page/Run App/Terminate App' successfully

2022-01-20 11:12:49 - [TEST_CASE][PASSED] - Test Cases/Mobile/Page/Run App/Terminate App: Test Cases/Mobile/Page/Run App/Terminate App

2022-01-20 11:12:49 - [TEST_STEP][PASSED] - startApp.OpenApp.terminateApplication(): startApp.OpenApp.terminateApplication is PASSED

2022-01-20 11:12:53 - [MESSAGE][PASSED] - Delayed 3 second(s)

2022-01-20 11:12:53 - [MESSAGE][PASSED] - Current device physical width is 720

2022-01-20 11:12:53 - [MESSAGE][PASSED] - Current device physical height is 1423

2022-01-20 11:12:54 - [MESSAGE][PASSED] - Swiped from 360,853 to 360,142

2022-01-20 11:12:55 - [MESSAGE][PASSED] - Delayed 1 second(s)

2022-01-20 11:12:57 - [MESSAGE][PASSED] - Swiped from 360,853 to 360,142

2022-01-20 11:13:00 - [MESSAGE][PASSED] - Delayed 3 second(s)

2022-01-20 11:13:00 - [MESSAGE][PASSED] - startApp.OpenApp.terminateApplication is PASSED

2022-01-20 11:13:00 - [MESSAGE][PASSED] - Call Test Case 'Test Cases/Mobile/Page/Run App/Terminate App' successfully]]></system-out>
         <system-err><![CDATA[]]></system-err>
      </testcase>
      <testcase name="Test Cases/Mobile/Scenario/Portfolio/005 - Portfolio Performance Year to Date IDR" time="61.704" classname="Test Cases/Mobile/Scenario/Portfolio/005 - Portfolio Performance Year to Date IDR" status="PASSED">
         <system-out><![CDATA[2022-01-20 11:13:00 - [TEST_CASE][PASSED] - Test Cases/Mobile/Scenario/Portfolio/005 - Portfolio Performance Year to Date IDR: Test Cases/Mobile/Scenario/Portfolio/005 - Portfolio Performance Year to Date IDR

2022-01-20 11:13:00 - [TEST_STEP][PASSED] - callTestCase(findTestCase("Mobile/Page/Run App/Run App byID"), [:], STOP_ON_FAILURE): Call Test Case 'Test Cases/Mobile/Page/Run App/Run App byID' successfully

2022-01-20 11:13:00 - [TEST_CASE][PASSED] - Test Cases/Mobile/Page/Run App/Run App byID: Test Cases/Mobile/Page/Run App/Run App byID

2022-01-20 11:13:00 - [TEST_STEP][PASSED] - startApp.OpenApp.startApplication("id.co.miraeasset.sageclub"): startApp.OpenApp.startApplication is PASSED

2022-01-20 11:13:12 - [MESSAGE][PASSED] - Starting app with application ID: 'id.co.miraeasset.sageclub'

2022-01-20 11:13:12 - [MESSAGE][PASSED] - startApp.OpenApp.startApplication is PASSED

2022-01-20 11:13:12 - [MESSAGE][PASSED] - Call Test Case 'Test Cases/Mobile/Page/Run App/Run App byID' successfully

2022-01-20 11:13:12 - [TEST_STEP][PASSED] - callTestCase(findTestCase("Mobile/Page/Portfolio/Portfolio"), ["tab":"summary", "action":"perf_year", "action2":"idr"], CONTINUE_ON_FAILURE): Call Test Case 'Test Cases/Mobile/Page/Portfolio/Portfolio' successfully

2022-01-20 11:13:12 - [TEST_CASE][PASSED] - Test Cases/Mobile/Page/Portfolio/Portfolio: Test Cases/Mobile/Page/Portfolio/Portfolio

2022-01-20 11:13:12 - [TEST_STEP][PASSED] - callTestCase(findTestCase("Mobile/Page/CheckLogin"), [:], CONTINUE_ON_FAILURE): Call Test Case 'Test Cases/Mobile/Page/CheckLogin' successfully

2022-01-20 11:13:12 - [TEST_CASE][PASSED] - Test Cases/Mobile/Page/CheckLogin: Test Cases/Mobile/Page/CheckLogin

2022-01-20 11:13:12 - [TEST_STEP][PASSED] - loginCheck = verifyElementExist(LOGN_BtnLogin, 5, CONTINUE_ON_FAILURE): Element 'Object Repository/Mobile/Page/Login/Button - Login' is exist

2022-01-20 11:13:14 - [MESSAGE][PASSED] - Element 'Object Repository/Mobile/Page/Login/Button - Login' is exist

2022-01-20 11:13:14 - [TEST_STEP][PASSED] - if (loginCheck): Call Test Case 'Test Cases/Mobile/Page/Login/Login' successfully

2022-01-20 11:13:14 - [TEST_STEP][PASSED] - callTestCase(findTestCase("Mobile/Page/Login/Login"), ["action":"username"], CONTINUE_ON_FAILURE): Call Test Case 'Test Cases/Mobile/Page/Login/Login' successfully

2022-01-20 11:13:14 - [TEST_CASE][PASSED] - Test Cases/Mobile/Page/Login/Login: Test Cases/Mobile/Page/Login/Login

2022-01-20 11:13:14 - [TEST_STEP][PASSED] - delay(2): Delayed 2 second(s)

2022-01-20 11:13:16 - [MESSAGE][PASSED] - Delayed 2 second(s)

2022-01-20 11:13:16 - [TEST_STEP][PASSED] - for ([i = 0, i < 1, (i++)]): null

2022-01-20 11:13:16 - [TEST_STEP][PASSED] - if (action == "username"): null

2022-01-20 11:13:16 - [TEST_STEP][PASSED] - tap(LOGN_EdtUserID, 0): Tapped on element 'Object Repository/Mobile/Page/Login/Input - UserID'

2022-01-20 11:13:16 - [MESSAGE][WARNING] - Timeout '0' is invalid. Using default page load timeout: '60'

2022-01-20 11:13:17 - [MESSAGE][PASSED] - Tapped on element 'Object Repository/Mobile/Page/Login/Input - UserID'

2022-01-20 11:13:17 - [TEST_STEP][PASSED] - delay(1): Delayed 1 second(s)

2022-01-20 11:13:18 - [MESSAGE][PASSED] - Delayed 1 second(s)

2022-01-20 11:13:18 - [TEST_STEP][PASSED] - setText(LOGN_EdtRdyUserID, "anggaaditya", 0): Text 'anggaaditya' has been set to element 'Object Repository/Mobile/Page/Login/Input Rdy - UserID'

2022-01-20 11:13:18 - [MESSAGE][WARNING] - Timeout '0' is invalid. Using default page load timeout: '60'

2022-01-20 11:13:18 - [MESSAGE][PASSED] - Text 'anggaaditya' has been set to element 'Object Repository/Mobile/Page/Login/Input Rdy - UserID'

2022-01-20 11:13:18 - [TEST_STEP][PASSED] - delay(1): Delayed 1 second(s)

2022-01-20 11:13:19 - [MESSAGE][PASSED] - Delayed 1 second(s)

2022-01-20 11:13:19 - [TEST_STEP][PASSED] - hideKeyboard(): Keyboard is hidden

2022-01-20 11:13:24 - [MESSAGE][PASSED] - Keyboard is hidden

2022-01-20 11:13:24 - [TEST_STEP][PASSED] - tap(LOGN_EdtPassword, 0): Tapped on element 'Object Repository/Mobile/Page/Login/Input - Password'

2022-01-20 11:13:24 - [MESSAGE][WARNING] - Timeout '0' is invalid. Using default page load timeout: '60'

2022-01-20 11:13:25 - [MESSAGE][PASSED] - Tapped on element 'Object Repository/Mobile/Page/Login/Input - Password'

2022-01-20 11:13:25 - [TEST_STEP][PASSED] - delay(1): Delayed 1 second(s)

2022-01-20 11:13:26 - [MESSAGE][PASSED] - Delayed 1 second(s)

2022-01-20 11:13:26 - [TEST_STEP][PASSED] - setText(LOGN_EdtRdyPassword, "Shalawa18", 0): Text 'Shalawa18' has been set to element 'Object Repository/Mobile/Page/Login/Input Rdy - Password'

2022-01-20 11:13:26 - [MESSAGE][WARNING] - Timeout '0' is invalid. Using default page load timeout: '60'

2022-01-20 11:13:27 - [MESSAGE][PASSED] - Text 'Shalawa18' has been set to element 'Object Repository/Mobile/Page/Login/Input Rdy - Password'

2022-01-20 11:13:27 - [TEST_STEP][PASSED] - delay(1): Delayed 1 second(s)

2022-01-20 11:13:28 - [MESSAGE][PASSED] - Delayed 1 second(s)

2022-01-20 11:13:28 - [TEST_STEP][PASSED] - hideKeyboard(): Keyboard is hidden

2022-01-20 11:13:34 - [MESSAGE][PASSED] - Keyboard is hidden

2022-01-20 11:13:34 - [TEST_STEP][PASSED] - tap(LOGN_BtnLogin, 0): Tapped on element 'Object Repository/Mobile/Page/Login/Button - Login'

2022-01-20 11:13:34 - [MESSAGE][WARNING] - Timeout '0' is invalid. Using default page load timeout: '60'

2022-01-20 11:13:35 - [MESSAGE][PASSED] - Tapped on element 'Object Repository/Mobile/Page/Login/Button - Login'

2022-01-20 11:13:35 - [TEST_STEP][PASSED] - delay(2): Delayed 2 second(s)

2022-01-20 11:13:37 - [MESSAGE][PASSED] - Delayed 2 second(s)

2022-01-20 11:13:37 - [TEST_STEP][PASSED] - break: null

2022-01-20 11:13:37 - [MESSAGE][PASSED] - Call Test Case 'Test Cases/Mobile/Page/Login/Login' successfully

2022-01-20 11:13:37 - [MESSAGE][PASSED] - Call Test Case 'Test Cases/Mobile/Page/CheckLogin' successfully

2022-01-20 11:13:37 - [TEST_STEP][PASSED] - tap(HOME_MenubarPortfolio, 0): Tapped on element 'Object Repository/Mobile/Page/Home/Menubar - Portfolio'

2022-01-20 11:13:37 - [MESSAGE][WARNING] - Timeout '0' is invalid. Using default page load timeout: '60'

2022-01-20 11:13:38 - [MESSAGE][PASSED] - Tapped on element 'Object Repository/Mobile/Page/Home/Menubar - Portfolio'

2022-01-20 11:13:38 - [TEST_STEP][PASSED] - delay(1): Delayed 1 second(s)

2022-01-20 11:13:39 - [MESSAGE][PASSED] - Delayed 1 second(s)

2022-01-20 11:13:39 - [TEST_STEP][PASSED] - for ([i = 0, i < 1, (i++)]): Delayed 3 second(s)

2022-01-20 11:13:39 - [TEST_STEP][PASSED] - if (tab == "summary"): Delayed 3 second(s)

2022-01-20 11:13:39 - [TEST_STEP][PASSED] - idr = PORT_BtnIDR: null

2022-01-20 11:13:39 - [TEST_STEP][PASSED] - persen = PORT_BtnPersen: null

2022-01-20 11:13:39 - [TEST_STEP][PASSED] - if (action == "summary"): null

2022-01-20 11:13:39 - [TEST_STEP][PASSED] - else if (action == "perf_daily"): null

2022-01-20 11:13:39 - [TEST_STEP][PASSED] - else if (action == "perf_month"): null

2022-01-20 11:13:39 - [TEST_STEP][PASSED] - else if (action == "perf_quarter"): null

2022-01-20 11:13:39 - [TEST_STEP][PASSED] - else if (action == "perf_year"): Tapped on element 'Object Repository/Mobile/Page/Portfolio/Tab - Summary Year to Date'

2022-01-20 11:13:39 - [TEST_STEP][PASSED] - scroll.scroll.scrollScreenBottomToTop(): scroll.scroll.scrollScreenBottomToTop is PASSED

2022-01-20 11:13:39 - [MESSAGE][PASSED] - Current device physical height is 1423

2022-01-20 11:13:39 - [MESSAGE][PASSED] - Current device physical width is 720

2022-01-20 11:13:41 - [MESSAGE][PASSED] - Swiped from 360,1,138 to 360,284

2022-01-20 11:13:41 - [MESSAGE][PASSED] - scroll.scroll.scrollScreenBottomToTop is PASSED

2022-01-20 11:13:41 - [TEST_STEP][PASSED] - delay(1): Delayed 1 second(s)

2022-01-20 11:13:42 - [MESSAGE][PASSED] - Delayed 1 second(s)

2022-01-20 11:13:42 - [TEST_STEP][PASSED] - tap(PORT_TabSummaryYear, 0): Tapped on element 'Object Repository/Mobile/Page/Portfolio/Tab - Summary Year to Date'

2022-01-20 11:13:42 - [MESSAGE][WARNING] - Timeout '0' is invalid. Using default page load timeout: '60'

2022-01-20 11:13:42 - [MESSAGE][PASSED] - Tapped on element 'Object Repository/Mobile/Page/Portfolio/Tab - Summary Year to Date'

2022-01-20 11:13:42 - [TEST_STEP][PASSED] - if (action != "summary"): Delayed 3 second(s)

2022-01-20 11:13:42 - [TEST_STEP][PASSED] - delay(1): Delayed 1 second(s)

2022-01-20 11:13:43 - [MESSAGE][PASSED] - Delayed 1 second(s)

2022-01-20 11:13:43 - [TEST_STEP][PASSED] - scroll.scroll.scrollScreenBottomToTop(): scroll.scroll.scrollScreenBottomToTop is PASSED

2022-01-20 11:13:43 - [MESSAGE][PASSED] - Current device physical height is 1423

2022-01-20 11:13:43 - [MESSAGE][PASSED] - Current device physical width is 720

2022-01-20 11:13:45 - [MESSAGE][PASSED] - Swiped from 360,1,138 to 360,284

2022-01-20 11:13:45 - [MESSAGE][PASSED] - scroll.scroll.scrollScreenBottomToTop is PASSED

2022-01-20 11:13:45 - [TEST_STEP][PASSED] - delay(3): Delayed 3 second(s)

2022-01-20 11:13:48 - [MESSAGE][PASSED] - Delayed 3 second(s)

2022-01-20 11:13:48 - [TEST_STEP][PASSED] - if (action2 == "idr"): Delayed 3 second(s)

2022-01-20 11:13:48 - [TEST_STEP][PASSED] - tap(idr, 10): Tapped on element 'Object Repository/Mobile/Page/Portfolio/Button - IDR'

2022-01-20 11:13:48 - [MESSAGE][PASSED] - Tapped on element 'Object Repository/Mobile/Page/Portfolio/Button - IDR'

2022-01-20 11:13:48 - [TEST_STEP][PASSED] - delay(3): Delayed 3 second(s)

2022-01-20 11:13:51 - [MESSAGE][PASSED] - Delayed 3 second(s)

2022-01-20 11:13:51 - [MESSAGE][PASSED] - Call Test Case 'Test Cases/Mobile/Page/Portfolio/Portfolio' successfully

2022-01-20 11:13:51 - [TEST_STEP][PASSED] - callTestCase(findTestCase("Mobile/Page/Run App/Terminate App"), [:], STOP_ON_FAILURE): Call Test Case 'Test Cases/Mobile/Page/Run App/Terminate App' successfully

2022-01-20 11:13:51 - [TEST_CASE][PASSED] - Test Cases/Mobile/Page/Run App/Terminate App: Test Cases/Mobile/Page/Run App/Terminate App

2022-01-20 11:13:51 - [TEST_STEP][PASSED] - startApp.OpenApp.terminateApplication(): startApp.OpenApp.terminateApplication is PASSED

2022-01-20 11:13:54 - [MESSAGE][PASSED] - Delayed 3 second(s)

2022-01-20 11:13:55 - [MESSAGE][PASSED] - Current device physical width is 720

2022-01-20 11:13:55 - [MESSAGE][PASSED] - Current device physical height is 1423

2022-01-20 11:13:56 - [MESSAGE][PASSED] - Swiped from 360,853 to 360,142

2022-01-20 11:13:57 - [MESSAGE][PASSED] - Delayed 1 second(s)

2022-01-20 11:13:58 - [MESSAGE][PASSED] - Swiped from 360,853 to 360,142

2022-01-20 11:14:01 - [MESSAGE][PASSED] - Delayed 3 second(s)

2022-01-20 11:14:01 - [MESSAGE][PASSED] - startApp.OpenApp.terminateApplication is PASSED

2022-01-20 11:14:01 - [MESSAGE][PASSED] - Call Test Case 'Test Cases/Mobile/Page/Run App/Terminate App' successfully]]></system-out>
         <system-err><![CDATA[]]></system-err>
      </testcase>
      <testcase name="Test Cases/Mobile/Scenario/Portfolio/006 - Portfolio Performance Daily Persen" time="59.463" classname="Test Cases/Mobile/Scenario/Portfolio/006 - Portfolio Performance Daily Persen" status="PASSED">
         <system-out><![CDATA[2022-01-20 11:14:01 - [TEST_CASE][PASSED] - Test Cases/Mobile/Scenario/Portfolio/006 - Portfolio Performance Daily Persen: Test Cases/Mobile/Scenario/Portfolio/006 - Portfolio Performance Daily Persen

2022-01-20 11:14:02 - [TEST_STEP][PASSED] - callTestCase(findTestCase("Mobile/Page/Run App/Run App byID"), [:], STOP_ON_FAILURE): Call Test Case 'Test Cases/Mobile/Page/Run App/Run App byID' successfully

2022-01-20 11:14:02 - [TEST_CASE][PASSED] - Test Cases/Mobile/Page/Run App/Run App byID: Test Cases/Mobile/Page/Run App/Run App byID

2022-01-20 11:14:02 - [TEST_STEP][PASSED] - startApp.OpenApp.startApplication("id.co.miraeasset.sageclub"): startApp.OpenApp.startApplication is PASSED

2022-01-20 11:14:14 - [MESSAGE][PASSED] - Starting app with application ID: 'id.co.miraeasset.sageclub'

2022-01-20 11:14:14 - [MESSAGE][PASSED] - startApp.OpenApp.startApplication is PASSED

2022-01-20 11:14:14 - [MESSAGE][PASSED] - Call Test Case 'Test Cases/Mobile/Page/Run App/Run App byID' successfully

2022-01-20 11:14:14 - [TEST_STEP][PASSED] - callTestCase(findTestCase("Mobile/Page/Portfolio/Portfolio"), ["tab":"summary", "action":"perf_daily", "action2":"persen"], CONTINUE_ON_FAILURE): Call Test Case 'Test Cases/Mobile/Page/Portfolio/Portfolio' successfully

2022-01-20 11:14:14 - [TEST_CASE][PASSED] - Test Cases/Mobile/Page/Portfolio/Portfolio: Test Cases/Mobile/Page/Portfolio/Portfolio

2022-01-20 11:14:14 - [TEST_STEP][PASSED] - callTestCase(findTestCase("Mobile/Page/CheckLogin"), [:], CONTINUE_ON_FAILURE): Call Test Case 'Test Cases/Mobile/Page/CheckLogin' successfully

2022-01-20 11:14:14 - [TEST_CASE][PASSED] - Test Cases/Mobile/Page/CheckLogin: Test Cases/Mobile/Page/CheckLogin

2022-01-20 11:14:14 - [TEST_STEP][PASSED] - loginCheck = verifyElementExist(LOGN_BtnLogin, 5, CONTINUE_ON_FAILURE): Element 'Object Repository/Mobile/Page/Login/Button - Login' is exist

2022-01-20 11:14:16 - [MESSAGE][PASSED] - Element 'Object Repository/Mobile/Page/Login/Button - Login' is exist

2022-01-20 11:14:16 - [TEST_STEP][PASSED] - if (loginCheck): Call Test Case 'Test Cases/Mobile/Page/Login/Login' successfully

2022-01-20 11:14:16 - [TEST_STEP][PASSED] - callTestCase(findTestCase("Mobile/Page/Login/Login"), ["action":"username"], CONTINUE_ON_FAILURE): Call Test Case 'Test Cases/Mobile/Page/Login/Login' successfully

2022-01-20 11:14:16 - [TEST_CASE][PASSED] - Test Cases/Mobile/Page/Login/Login: Test Cases/Mobile/Page/Login/Login

2022-01-20 11:14:16 - [TEST_STEP][PASSED] - delay(2): Delayed 2 second(s)

2022-01-20 11:14:18 - [MESSAGE][PASSED] - Delayed 2 second(s)

2022-01-20 11:14:18 - [TEST_STEP][PASSED] - for ([i = 0, i < 1, (i++)]): null

2022-01-20 11:14:18 - [TEST_STEP][PASSED] - if (action == "username"): null

2022-01-20 11:14:18 - [TEST_STEP][PASSED] - tap(LOGN_EdtUserID, 0): Tapped on element 'Object Repository/Mobile/Page/Login/Input - UserID'

2022-01-20 11:14:18 - [MESSAGE][WARNING] - Timeout '0' is invalid. Using default page load timeout: '60'

2022-01-20 11:14:18 - [MESSAGE][PASSED] - Tapped on element 'Object Repository/Mobile/Page/Login/Input - UserID'

2022-01-20 11:14:18 - [TEST_STEP][PASSED] - delay(1): Delayed 1 second(s)

2022-01-20 11:14:19 - [MESSAGE][PASSED] - Delayed 1 second(s)

2022-01-20 11:14:19 - [TEST_STEP][PASSED] - setText(LOGN_EdtRdyUserID, "anggaaditya", 0): Text 'anggaaditya' has been set to element 'Object Repository/Mobile/Page/Login/Input Rdy - UserID'

2022-01-20 11:14:19 - [MESSAGE][WARNING] - Timeout '0' is invalid. Using default page load timeout: '60'

2022-01-20 11:14:20 - [MESSAGE][PASSED] - Text 'anggaaditya' has been set to element 'Object Repository/Mobile/Page/Login/Input Rdy - UserID'

2022-01-20 11:14:20 - [TEST_STEP][PASSED] - delay(1): Delayed 1 second(s)

2022-01-20 11:14:21 - [MESSAGE][PASSED] - Delayed 1 second(s)

2022-01-20 11:14:21 - [TEST_STEP][PASSED] - hideKeyboard(): Keyboard is hidden

2022-01-20 11:14:26 - [MESSAGE][PASSED] - Keyboard is hidden

2022-01-20 11:14:26 - [TEST_STEP][PASSED] - tap(LOGN_EdtPassword, 0): Tapped on element 'Object Repository/Mobile/Page/Login/Input - Password'

2022-01-20 11:14:26 - [MESSAGE][WARNING] - Timeout '0' is invalid. Using default page load timeout: '60'

2022-01-20 11:14:26 - [MESSAGE][PASSED] - Tapped on element 'Object Repository/Mobile/Page/Login/Input - Password'

2022-01-20 11:14:26 - [TEST_STEP][PASSED] - delay(1): Delayed 1 second(s)

2022-01-20 11:14:27 - [MESSAGE][PASSED] - Delayed 1 second(s)

2022-01-20 11:14:27 - [TEST_STEP][PASSED] - setText(LOGN_EdtRdyPassword, "Shalawa18", 0): Text 'Shalawa18' has been set to element 'Object Repository/Mobile/Page/Login/Input Rdy - Password'

2022-01-20 11:14:27 - [MESSAGE][WARNING] - Timeout '0' is invalid. Using default page load timeout: '60'

2022-01-20 11:14:28 - [MESSAGE][PASSED] - Text 'Shalawa18' has been set to element 'Object Repository/Mobile/Page/Login/Input Rdy - Password'

2022-01-20 11:14:28 - [TEST_STEP][PASSED] - delay(1): Delayed 1 second(s)

2022-01-20 11:14:29 - [MESSAGE][PASSED] - Delayed 1 second(s)

2022-01-20 11:14:29 - [TEST_STEP][PASSED] - hideKeyboard(): Keyboard is hidden

2022-01-20 11:14:35 - [MESSAGE][PASSED] - Keyboard is hidden

2022-01-20 11:14:35 - [TEST_STEP][PASSED] - tap(LOGN_BtnLogin, 0): Tapped on element 'Object Repository/Mobile/Page/Login/Button - Login'

2022-01-20 11:14:35 - [MESSAGE][WARNING] - Timeout '0' is invalid. Using default page load timeout: '60'

2022-01-20 11:14:36 - [MESSAGE][PASSED] - Tapped on element 'Object Repository/Mobile/Page/Login/Button - Login'

2022-01-20 11:14:36 - [TEST_STEP][PASSED] - delay(2): Delayed 2 second(s)

2022-01-20 11:14:38 - [MESSAGE][PASSED] - Delayed 2 second(s)

2022-01-20 11:14:38 - [TEST_STEP][PASSED] - break: null

2022-01-20 11:14:38 - [MESSAGE][PASSED] - Call Test Case 'Test Cases/Mobile/Page/Login/Login' successfully

2022-01-20 11:14:38 - [MESSAGE][PASSED] - Call Test Case 'Test Cases/Mobile/Page/CheckLogin' successfully

2022-01-20 11:14:38 - [TEST_STEP][PASSED] - tap(HOME_MenubarPortfolio, 0): Tapped on element 'Object Repository/Mobile/Page/Home/Menubar - Portfolio'

2022-01-20 11:14:38 - [MESSAGE][WARNING] - Timeout '0' is invalid. Using default page load timeout: '60'

2022-01-20 11:14:39 - [MESSAGE][PASSED] - Tapped on element 'Object Repository/Mobile/Page/Home/Menubar - Portfolio'

2022-01-20 11:14:39 - [TEST_STEP][PASSED] - delay(1): Delayed 1 second(s)

2022-01-20 11:14:40 - [MESSAGE][PASSED] - Delayed 1 second(s)

2022-01-20 11:14:40 - [TEST_STEP][PASSED] - for ([i = 0, i < 1, (i++)]): Delayed 3 second(s)

2022-01-20 11:14:40 - [TEST_STEP][PASSED] - if (tab == "summary"): Delayed 3 second(s)

2022-01-20 11:14:40 - [TEST_STEP][PASSED] - idr = PORT_BtnIDR: null

2022-01-20 11:14:40 - [TEST_STEP][PASSED] - persen = PORT_BtnPersen: null

2022-01-20 11:14:40 - [TEST_STEP][PASSED] - if (action == "summary"): null

2022-01-20 11:14:40 - [TEST_STEP][PASSED] - else if (action == "perf_daily"): scroll.scroll.scrollScreenBottomToTop is PASSED

2022-01-20 11:14:40 - [TEST_STEP][PASSED] - scroll.scroll.scrollScreenBottomToTop(): scroll.scroll.scrollScreenBottomToTop is PASSED

2022-01-20 11:14:40 - [MESSAGE][PASSED] - Current device physical height is 1423

2022-01-20 11:14:40 - [MESSAGE][PASSED] - Current device physical width is 720

2022-01-20 11:14:42 - [MESSAGE][PASSED] - Swiped from 360,1,138 to 360,284

2022-01-20 11:14:42 - [MESSAGE][PASSED] - scroll.scroll.scrollScreenBottomToTop is PASSED

2022-01-20 11:14:42 - [TEST_STEP][PASSED] - if (action != "summary"): Delayed 3 second(s)

2022-01-20 11:14:42 - [TEST_STEP][PASSED] - delay(1): Delayed 1 second(s)

2022-01-20 11:14:43 - [MESSAGE][PASSED] - Delayed 1 second(s)

2022-01-20 11:14:43 - [TEST_STEP][PASSED] - scroll.scroll.scrollScreenBottomToTop(): scroll.scroll.scrollScreenBottomToTop is PASSED

2022-01-20 11:14:43 - [MESSAGE][PASSED] - Current device physical height is 1423

2022-01-20 11:14:43 - [MESSAGE][PASSED] - Current device physical width is 720

2022-01-20 11:14:44 - [MESSAGE][PASSED] - Swiped from 360,1,138 to 360,284

2022-01-20 11:14:44 - [MESSAGE][PASSED] - scroll.scroll.scrollScreenBottomToTop is PASSED

2022-01-20 11:14:44 - [TEST_STEP][PASSED] - delay(3): Delayed 3 second(s)

2022-01-20 11:14:47 - [MESSAGE][PASSED] - Delayed 3 second(s)

2022-01-20 11:14:47 - [TEST_STEP][PASSED] - if (action2 == "idr"): null

2022-01-20 11:14:47 - [TEST_STEP][PASSED] - else if (action2 == "persen"): Delayed 3 second(s)

2022-01-20 11:14:47 - [TEST_STEP][PASSED] - tap(persen, 10): Tapped on element 'Object Repository/Mobile/Page/Portfolio/Button - Persen'

2022-01-20 11:14:48 - [MESSAGE][PASSED] - Tapped on element 'Object Repository/Mobile/Page/Portfolio/Button - Persen'

2022-01-20 11:14:48 - [TEST_STEP][PASSED] - delay(3): Delayed 3 second(s)

2022-01-20 11:14:51 - [MESSAGE][PASSED] - Delayed 3 second(s)

2022-01-20 11:14:51 - [MESSAGE][PASSED] - Call Test Case 'Test Cases/Mobile/Page/Portfolio/Portfolio' successfully

2022-01-20 11:14:51 - [TEST_STEP][PASSED] - callTestCase(findTestCase("Mobile/Page/Run App/Terminate App"), [:], STOP_ON_FAILURE): Call Test Case 'Test Cases/Mobile/Page/Run App/Terminate App' successfully

2022-01-20 11:14:51 - [TEST_CASE][PASSED] - Test Cases/Mobile/Page/Run App/Terminate App: Test Cases/Mobile/Page/Run App/Terminate App

2022-01-20 11:14:51 - [TEST_STEP][PASSED] - startApp.OpenApp.terminateApplication(): startApp.OpenApp.terminateApplication is PASSED

2022-01-20 11:14:54 - [MESSAGE][PASSED] - Delayed 3 second(s)

2022-01-20 11:14:54 - [MESSAGE][PASSED] - Current device physical width is 720

2022-01-20 11:14:54 - [MESSAGE][PASSED] - Current device physical height is 1423

2022-01-20 11:14:55 - [MESSAGE][PASSED] - Swiped from 360,853 to 360,142

2022-01-20 11:14:56 - [MESSAGE][PASSED] - Delayed 1 second(s)

2022-01-20 11:14:58 - [MESSAGE][PASSED] - Swiped from 360,853 to 360,142

2022-01-20 11:15:01 - [MESSAGE][PASSED] - Delayed 3 second(s)

2022-01-20 11:15:01 - [MESSAGE][PASSED] - startApp.OpenApp.terminateApplication is PASSED

2022-01-20 11:15:01 - [MESSAGE][PASSED] - Call Test Case 'Test Cases/Mobile/Page/Run App/Terminate App' successfully]]></system-out>
         <system-err><![CDATA[]]></system-err>
      </testcase>
      <testcase name="Test Cases/Mobile/Scenario/Portfolio/007 - Portfolio Performance Month to Date Persen" time="58.888" classname="Test Cases/Mobile/Scenario/Portfolio/007 - Portfolio Performance Month to Date Persen" status="PASSED">
         <system-out><![CDATA[2022-01-20 11:15:01 - [TEST_CASE][PASSED] - Test Cases/Mobile/Scenario/Portfolio/007 - Portfolio Performance Month to Date Persen: Test Cases/Mobile/Scenario/Portfolio/007 - Portfolio Performance Month to Date Persen

2022-01-20 11:15:01 - [TEST_STEP][PASSED] - callTestCase(findTestCase("Mobile/Page/Run App/Run App byID"), [:], STOP_ON_FAILURE): Call Test Case 'Test Cases/Mobile/Page/Run App/Run App byID' successfully

2022-01-20 11:15:01 - [TEST_CASE][PASSED] - Test Cases/Mobile/Page/Run App/Run App byID: Test Cases/Mobile/Page/Run App/Run App byID

2022-01-20 11:15:01 - [TEST_STEP][PASSED] - startApp.OpenApp.startApplication("id.co.miraeasset.sageclub"): startApp.OpenApp.startApplication is PASSED

2022-01-20 11:15:13 - [MESSAGE][PASSED] - Starting app with application ID: 'id.co.miraeasset.sageclub'

2022-01-20 11:15:13 - [MESSAGE][PASSED] - startApp.OpenApp.startApplication is PASSED

2022-01-20 11:15:13 - [MESSAGE][PASSED] - Call Test Case 'Test Cases/Mobile/Page/Run App/Run App byID' successfully

2022-01-20 11:15:13 - [TEST_STEP][PASSED] - callTestCase(findTestCase("Mobile/Page/Portfolio/Portfolio"), ["tab":"summary", "action":"perf_month", "action2":"persen"], CONTINUE_ON_FAILURE): Call Test Case 'Test Cases/Mobile/Page/Portfolio/Portfolio' successfully

2022-01-20 11:15:13 - [TEST_CASE][PASSED] - Test Cases/Mobile/Page/Portfolio/Portfolio: Test Cases/Mobile/Page/Portfolio/Portfolio

2022-01-20 11:15:13 - [TEST_STEP][PASSED] - callTestCase(findTestCase("Mobile/Page/CheckLogin"), [:], CONTINUE_ON_FAILURE): Call Test Case 'Test Cases/Mobile/Page/CheckLogin' successfully

2022-01-20 11:15:13 - [TEST_CASE][PASSED] - Test Cases/Mobile/Page/CheckLogin: Test Cases/Mobile/Page/CheckLogin

2022-01-20 11:15:13 - [TEST_STEP][PASSED] - loginCheck = verifyElementExist(LOGN_BtnLogin, 5, CONTINUE_ON_FAILURE): Element 'Object Repository/Mobile/Page/Login/Button - Login' is exist

2022-01-20 11:15:15 - [MESSAGE][PASSED] - Element 'Object Repository/Mobile/Page/Login/Button - Login' is exist

2022-01-20 11:15:15 - [TEST_STEP][PASSED] - if (loginCheck): Call Test Case 'Test Cases/Mobile/Page/Login/Login' successfully

2022-01-20 11:15:15 - [TEST_STEP][PASSED] - callTestCase(findTestCase("Mobile/Page/Login/Login"), ["action":"username"], CONTINUE_ON_FAILURE): Call Test Case 'Test Cases/Mobile/Page/Login/Login' successfully

2022-01-20 11:15:15 - [TEST_CASE][PASSED] - Test Cases/Mobile/Page/Login/Login: Test Cases/Mobile/Page/Login/Login

2022-01-20 11:15:15 - [TEST_STEP][PASSED] - delay(2): Delayed 2 second(s)

2022-01-20 11:15:17 - [MESSAGE][PASSED] - Delayed 2 second(s)

2022-01-20 11:15:17 - [TEST_STEP][PASSED] - for ([i = 0, i < 1, (i++)]): null

2022-01-20 11:15:17 - [TEST_STEP][PASSED] - if (action == "username"): null

2022-01-20 11:15:17 - [TEST_STEP][PASSED] - tap(LOGN_EdtUserID, 0): Tapped on element 'Object Repository/Mobile/Page/Login/Input - UserID'

2022-01-20 11:15:17 - [MESSAGE][WARNING] - Timeout '0' is invalid. Using default page load timeout: '60'

2022-01-20 11:15:18 - [MESSAGE][PASSED] - Tapped on element 'Object Repository/Mobile/Page/Login/Input - UserID'

2022-01-20 11:15:18 - [TEST_STEP][PASSED] - delay(1): Delayed 1 second(s)

2022-01-20 11:15:19 - [MESSAGE][PASSED] - Delayed 1 second(s)

2022-01-20 11:15:19 - [TEST_STEP][PASSED] - setText(LOGN_EdtRdyUserID, "anggaaditya", 0): Text 'anggaaditya' has been set to element 'Object Repository/Mobile/Page/Login/Input Rdy - UserID'

2022-01-20 11:15:19 - [MESSAGE][WARNING] - Timeout '0' is invalid. Using default page load timeout: '60'

2022-01-20 11:15:19 - [MESSAGE][PASSED] - Text 'anggaaditya' has been set to element 'Object Repository/Mobile/Page/Login/Input Rdy - UserID'

2022-01-20 11:15:19 - [TEST_STEP][PASSED] - delay(1): Delayed 1 second(s)

2022-01-20 11:15:20 - [MESSAGE][PASSED] - Delayed 1 second(s)

2022-01-20 11:15:20 - [TEST_STEP][PASSED] - hideKeyboard(): Keyboard is hidden

2022-01-20 11:15:23 - [MESSAGE][PASSED] - Keyboard is hidden

2022-01-20 11:15:23 - [TEST_STEP][PASSED] - tap(LOGN_EdtPassword, 0): Tapped on element 'Object Repository/Mobile/Page/Login/Input - Password'

2022-01-20 11:15:23 - [MESSAGE][WARNING] - Timeout '0' is invalid. Using default page load timeout: '60'

2022-01-20 11:15:24 - [MESSAGE][PASSED] - Tapped on element 'Object Repository/Mobile/Page/Login/Input - Password'

2022-01-20 11:15:24 - [TEST_STEP][PASSED] - delay(1): Delayed 1 second(s)

2022-01-20 11:15:25 - [MESSAGE][PASSED] - Delayed 1 second(s)

2022-01-20 11:15:25 - [TEST_STEP][PASSED] - setText(LOGN_EdtRdyPassword, "Shalawa18", 0): Text 'Shalawa18' has been set to element 'Object Repository/Mobile/Page/Login/Input Rdy - Password'

2022-01-20 11:15:25 - [MESSAGE][WARNING] - Timeout '0' is invalid. Using default page load timeout: '60'

2022-01-20 11:15:25 - [MESSAGE][PASSED] - Text 'Shalawa18' has been set to element 'Object Repository/Mobile/Page/Login/Input Rdy - Password'

2022-01-20 11:15:25 - [TEST_STEP][PASSED] - delay(1): Delayed 1 second(s)

2022-01-20 11:15:26 - [MESSAGE][PASSED] - Delayed 1 second(s)

2022-01-20 11:15:26 - [TEST_STEP][PASSED] - hideKeyboard(): Keyboard is hidden

2022-01-20 11:15:33 - [MESSAGE][PASSED] - Keyboard is hidden

2022-01-20 11:15:33 - [TEST_STEP][PASSED] - tap(LOGN_BtnLogin, 0): Tapped on element 'Object Repository/Mobile/Page/Login/Button - Login'

2022-01-20 11:15:33 - [MESSAGE][WARNING] - Timeout '0' is invalid. Using default page load timeout: '60'

2022-01-20 11:15:34 - [MESSAGE][PASSED] - Tapped on element 'Object Repository/Mobile/Page/Login/Button - Login'

2022-01-20 11:15:34 - [TEST_STEP][PASSED] - delay(2): Delayed 2 second(s)

2022-01-20 11:15:36 - [MESSAGE][PASSED] - Delayed 2 second(s)

2022-01-20 11:15:36 - [TEST_STEP][PASSED] - break: null

2022-01-20 11:15:36 - [MESSAGE][PASSED] - Call Test Case 'Test Cases/Mobile/Page/Login/Login' successfully

2022-01-20 11:15:36 - [MESSAGE][PASSED] - Call Test Case 'Test Cases/Mobile/Page/CheckLogin' successfully

2022-01-20 11:15:36 - [TEST_STEP][PASSED] - tap(HOME_MenubarPortfolio, 0): Tapped on element 'Object Repository/Mobile/Page/Home/Menubar - Portfolio'

2022-01-20 11:15:36 - [MESSAGE][WARNING] - Timeout '0' is invalid. Using default page load timeout: '60'

2022-01-20 11:15:36 - [MESSAGE][PASSED] - Tapped on element 'Object Repository/Mobile/Page/Home/Menubar - Portfolio'

2022-01-20 11:15:36 - [TEST_STEP][PASSED] - delay(1): Delayed 1 second(s)

2022-01-20 11:15:37 - [MESSAGE][PASSED] - Delayed 1 second(s)

2022-01-20 11:15:37 - [TEST_STEP][PASSED] - for ([i = 0, i < 1, (i++)]): Delayed 3 second(s)

2022-01-20 11:15:37 - [TEST_STEP][PASSED] - if (tab == "summary"): Delayed 3 second(s)

2022-01-20 11:15:37 - [TEST_STEP][PASSED] - idr = PORT_BtnIDR: null

2022-01-20 11:15:37 - [TEST_STEP][PASSED] - persen = PORT_BtnPersen: null

2022-01-20 11:15:37 - [TEST_STEP][PASSED] - if (action == "summary"): null

2022-01-20 11:15:37 - [TEST_STEP][PASSED] - else if (action == "perf_daily"): null

2022-01-20 11:15:37 - [TEST_STEP][PASSED] - else if (action == "perf_month"): Tapped on element 'Object Repository/Mobile/Page/Portfolio/Tab - Summary Month to Date'

2022-01-20 11:15:37 - [TEST_STEP][PASSED] - scroll.scroll.scrollScreenBottomToTop(): scroll.scroll.scrollScreenBottomToTop is PASSED

2022-01-20 11:15:37 - [MESSAGE][PASSED] - Current device physical height is 1423

2022-01-20 11:15:38 - [MESSAGE][PASSED] - Current device physical width is 720

2022-01-20 11:15:39 - [MESSAGE][PASSED] - Swiped from 360,1,138 to 360,284

2022-01-20 11:15:39 - [MESSAGE][PASSED] - scroll.scroll.scrollScreenBottomToTop is PASSED

2022-01-20 11:15:39 - [TEST_STEP][PASSED] - delay(1): Delayed 1 second(s)

2022-01-20 11:15:40 - [MESSAGE][PASSED] - Delayed 1 second(s)

2022-01-20 11:15:40 - [TEST_STEP][PASSED] - tap(PORT_TabSummaryMonth, 0): Tapped on element 'Object Repository/Mobile/Page/Portfolio/Tab - Summary Month to Date'

2022-01-20 11:15:40 - [MESSAGE][WARNING] - Timeout '0' is invalid. Using default page load timeout: '60'

2022-01-20 11:15:40 - [MESSAGE][PASSED] - Tapped on element 'Object Repository/Mobile/Page/Portfolio/Tab - Summary Month to Date'

2022-01-20 11:15:40 - [TEST_STEP][PASSED] - if (action != "summary"): Delayed 3 second(s)

2022-01-20 11:15:40 - [TEST_STEP][PASSED] - delay(1): Delayed 1 second(s)

2022-01-20 11:15:41 - [MESSAGE][PASSED] - Delayed 1 second(s)

2022-01-20 11:15:41 - [TEST_STEP][PASSED] - scroll.scroll.scrollScreenBottomToTop(): scroll.scroll.scrollScreenBottomToTop is PASSED

2022-01-20 11:15:42 - [MESSAGE][PASSED] - Current device physical height is 1423

2022-01-20 11:15:42 - [MESSAGE][PASSED] - Current device physical width is 720

2022-01-20 11:15:43 - [MESSAGE][PASSED] - Swiped from 360,1,138 to 360,284

2022-01-20 11:15:43 - [MESSAGE][PASSED] - scroll.scroll.scrollScreenBottomToTop is PASSED

2022-01-20 11:15:43 - [TEST_STEP][PASSED] - delay(3): Delayed 3 second(s)

2022-01-20 11:15:46 - [MESSAGE][PASSED] - Delayed 3 second(s)

2022-01-20 11:15:46 - [TEST_STEP][PASSED] - if (action2 == "idr"): null

2022-01-20 11:15:46 - [TEST_STEP][PASSED] - else if (action2 == "persen"): Delayed 3 second(s)

2022-01-20 11:15:46 - [TEST_STEP][PASSED] - tap(persen, 10): Tapped on element 'Object Repository/Mobile/Page/Portfolio/Button - Persen'

2022-01-20 11:15:46 - [MESSAGE][PASSED] - Tapped on element 'Object Repository/Mobile/Page/Portfolio/Button - Persen'

2022-01-20 11:15:46 - [TEST_STEP][PASSED] - delay(3): Delayed 3 second(s)

2022-01-20 11:15:49 - [MESSAGE][PASSED] - Delayed 3 second(s)

2022-01-20 11:15:49 - [MESSAGE][PASSED] - Call Test Case 'Test Cases/Mobile/Page/Portfolio/Portfolio' successfully

2022-01-20 11:15:49 - [TEST_STEP][PASSED] - callTestCase(findTestCase("Mobile/Page/Run App/Terminate App"), [:], STOP_ON_FAILURE): Call Test Case 'Test Cases/Mobile/Page/Run App/Terminate App' successfully

2022-01-20 11:15:50 - [TEST_CASE][PASSED] - Test Cases/Mobile/Page/Run App/Terminate App: Test Cases/Mobile/Page/Run App/Terminate App

2022-01-20 11:15:50 - [TEST_STEP][PASSED] - startApp.OpenApp.terminateApplication(): startApp.OpenApp.terminateApplication is PASSED

2022-01-20 11:15:53 - [MESSAGE][PASSED] - Delayed 3 second(s)

2022-01-20 11:15:53 - [MESSAGE][PASSED] - Current device physical width is 720

2022-01-20 11:15:53 - [MESSAGE][PASSED] - Current device physical height is 1423

2022-01-20 11:15:54 - [MESSAGE][PASSED] - Swiped from 360,853 to 360,142

2022-01-20 11:15:55 - [MESSAGE][PASSED] - Delayed 1 second(s)

2022-01-20 11:15:57 - [MESSAGE][PASSED] - Swiped from 360,853 to 360,142

2022-01-20 11:16:00 - [MESSAGE][PASSED] - Delayed 3 second(s)

2022-01-20 11:16:00 - [MESSAGE][PASSED] - startApp.OpenApp.terminateApplication is PASSED

2022-01-20 11:16:00 - [MESSAGE][PASSED] - Call Test Case 'Test Cases/Mobile/Page/Run App/Terminate App' successfully]]></system-out>
         <system-err><![CDATA[]]></system-err>
      </testcase>
      <testcase name="Test Cases/Mobile/Scenario/Portfolio/008 - Portfolio Performance Quarter to Date Persen" time="60.976" classname="Test Cases/Mobile/Scenario/Portfolio/008 - Portfolio Performance Quarter to Date Persen" status="PASSED">
         <system-out><![CDATA[2022-01-20 11:16:00 - [TEST_CASE][PASSED] - Test Cases/Mobile/Scenario/Portfolio/008 - Portfolio Performance Quarter to Date Persen: Test Cases/Mobile/Scenario/Portfolio/008 - Portfolio Performance Quarter to Date Persen

2022-01-20 11:16:00 - [TEST_STEP][PASSED] - callTestCase(findTestCase("Mobile/Page/Run App/Run App byID"), [:], STOP_ON_FAILURE): Call Test Case 'Test Cases/Mobile/Page/Run App/Run App byID' successfully

2022-01-20 11:16:00 - [TEST_CASE][PASSED] - Test Cases/Mobile/Page/Run App/Run App byID: Test Cases/Mobile/Page/Run App/Run App byID

2022-01-20 11:16:00 - [TEST_STEP][PASSED] - startApp.OpenApp.startApplication("id.co.miraeasset.sageclub"): startApp.OpenApp.startApplication is PASSED

2022-01-20 11:16:13 - [MESSAGE][PASSED] - Starting app with application ID: 'id.co.miraeasset.sageclub'

2022-01-20 11:16:13 - [MESSAGE][PASSED] - startApp.OpenApp.startApplication is PASSED

2022-01-20 11:16:13 - [MESSAGE][PASSED] - Call Test Case 'Test Cases/Mobile/Page/Run App/Run App byID' successfully

2022-01-20 11:16:13 - [TEST_STEP][PASSED] - callTestCase(findTestCase("Mobile/Page/Portfolio/Portfolio"), ["tab":"summary", "action":"perf_quarter", "action2":"persen"], CONTINUE_ON_FAILURE): Call Test Case 'Test Cases/Mobile/Page/Portfolio/Portfolio' successfully

2022-01-20 11:16:13 - [TEST_CASE][PASSED] - Test Cases/Mobile/Page/Portfolio/Portfolio: Test Cases/Mobile/Page/Portfolio/Portfolio

2022-01-20 11:16:13 - [TEST_STEP][PASSED] - callTestCase(findTestCase("Mobile/Page/CheckLogin"), [:], CONTINUE_ON_FAILURE): Call Test Case 'Test Cases/Mobile/Page/CheckLogin' successfully

2022-01-20 11:16:13 - [TEST_CASE][PASSED] - Test Cases/Mobile/Page/CheckLogin: Test Cases/Mobile/Page/CheckLogin

2022-01-20 11:16:13 - [TEST_STEP][PASSED] - loginCheck = verifyElementExist(LOGN_BtnLogin, 5, CONTINUE_ON_FAILURE): Element 'Object Repository/Mobile/Page/Login/Button - Login' is exist

2022-01-20 11:16:15 - [MESSAGE][PASSED] - Element 'Object Repository/Mobile/Page/Login/Button - Login' is exist

2022-01-20 11:16:15 - [TEST_STEP][PASSED] - if (loginCheck): Call Test Case 'Test Cases/Mobile/Page/Login/Login' successfully

2022-01-20 11:16:15 - [TEST_STEP][PASSED] - callTestCase(findTestCase("Mobile/Page/Login/Login"), ["action":"username"], CONTINUE_ON_FAILURE): Call Test Case 'Test Cases/Mobile/Page/Login/Login' successfully

2022-01-20 11:16:15 - [TEST_CASE][PASSED] - Test Cases/Mobile/Page/Login/Login: Test Cases/Mobile/Page/Login/Login

2022-01-20 11:16:15 - [TEST_STEP][PASSED] - delay(2): Delayed 2 second(s)

2022-01-20 11:16:17 - [MESSAGE][PASSED] - Delayed 2 second(s)

2022-01-20 11:16:17 - [TEST_STEP][PASSED] - for ([i = 0, i < 1, (i++)]): null

2022-01-20 11:16:17 - [TEST_STEP][PASSED] - if (action == "username"): null

2022-01-20 11:16:17 - [TEST_STEP][PASSED] - tap(LOGN_EdtUserID, 0): Tapped on element 'Object Repository/Mobile/Page/Login/Input - UserID'

2022-01-20 11:16:17 - [MESSAGE][WARNING] - Timeout '0' is invalid. Using default page load timeout: '60'

2022-01-20 11:16:18 - [MESSAGE][PASSED] - Tapped on element 'Object Repository/Mobile/Page/Login/Input - UserID'

2022-01-20 11:16:18 - [TEST_STEP][PASSED] - delay(1): Delayed 1 second(s)

2022-01-20 11:16:19 - [MESSAGE][PASSED] - Delayed 1 second(s)

2022-01-20 11:16:19 - [TEST_STEP][PASSED] - setText(LOGN_EdtRdyUserID, "anggaaditya", 0): Text 'anggaaditya' has been set to element 'Object Repository/Mobile/Page/Login/Input Rdy - UserID'

2022-01-20 11:16:19 - [MESSAGE][WARNING] - Timeout '0' is invalid. Using default page load timeout: '60'

2022-01-20 11:16:19 - [MESSAGE][PASSED] - Text 'anggaaditya' has been set to element 'Object Repository/Mobile/Page/Login/Input Rdy - UserID'

2022-01-20 11:16:19 - [TEST_STEP][PASSED] - delay(1): Delayed 1 second(s)

2022-01-20 11:16:20 - [MESSAGE][PASSED] - Delayed 1 second(s)

2022-01-20 11:16:20 - [TEST_STEP][PASSED] - hideKeyboard(): Keyboard is hidden

2022-01-20 11:16:24 - [MESSAGE][PASSED] - Keyboard is hidden

2022-01-20 11:16:24 - [TEST_STEP][PASSED] - tap(LOGN_EdtPassword, 0): Tapped on element 'Object Repository/Mobile/Page/Login/Input - Password'

2022-01-20 11:16:24 - [MESSAGE][WARNING] - Timeout '0' is invalid. Using default page load timeout: '60'

2022-01-20 11:16:24 - [MESSAGE][PASSED] - Tapped on element 'Object Repository/Mobile/Page/Login/Input - Password'

2022-01-20 11:16:24 - [TEST_STEP][PASSED] - delay(1): Delayed 1 second(s)

2022-01-20 11:16:25 - [MESSAGE][PASSED] - Delayed 1 second(s)

2022-01-20 11:16:25 - [TEST_STEP][PASSED] - setText(LOGN_EdtRdyPassword, "Shalawa18", 0): Text 'Shalawa18' has been set to element 'Object Repository/Mobile/Page/Login/Input Rdy - Password'

2022-01-20 11:16:25 - [MESSAGE][WARNING] - Timeout '0' is invalid. Using default page load timeout: '60'

2022-01-20 11:16:26 - [MESSAGE][PASSED] - Text 'Shalawa18' has been set to element 'Object Repository/Mobile/Page/Login/Input Rdy - Password'

2022-01-20 11:16:26 - [TEST_STEP][PASSED] - delay(1): Delayed 1 second(s)

2022-01-20 11:16:27 - [MESSAGE][PASSED] - Delayed 1 second(s)

2022-01-20 11:16:27 - [TEST_STEP][PASSED] - hideKeyboard(): Keyboard is hidden

2022-01-20 11:16:33 - [MESSAGE][PASSED] - Keyboard is hidden

2022-01-20 11:16:34 - [TEST_STEP][PASSED] - tap(LOGN_BtnLogin, 0): Tapped on element 'Object Repository/Mobile/Page/Login/Button - Login'

2022-01-20 11:16:34 - [MESSAGE][WARNING] - Timeout '0' is invalid. Using default page load timeout: '60'

2022-01-20 11:16:34 - [MESSAGE][PASSED] - Tapped on element 'Object Repository/Mobile/Page/Login/Button - Login'

2022-01-20 11:16:34 - [TEST_STEP][PASSED] - delay(2): Delayed 2 second(s)

2022-01-20 11:16:36 - [MESSAGE][PASSED] - Delayed 2 second(s)

2022-01-20 11:16:36 - [TEST_STEP][PASSED] - break: null

2022-01-20 11:16:36 - [MESSAGE][PASSED] - Call Test Case 'Test Cases/Mobile/Page/Login/Login' successfully

2022-01-20 11:16:36 - [MESSAGE][PASSED] - Call Test Case 'Test Cases/Mobile/Page/CheckLogin' successfully

2022-01-20 11:16:36 - [TEST_STEP][PASSED] - tap(HOME_MenubarPortfolio, 0): Tapped on element 'Object Repository/Mobile/Page/Home/Menubar - Portfolio'

2022-01-20 11:16:36 - [MESSAGE][WARNING] - Timeout '0' is invalid. Using default page load timeout: '60'

2022-01-20 11:16:37 - [MESSAGE][PASSED] - Tapped on element 'Object Repository/Mobile/Page/Home/Menubar - Portfolio'

2022-01-20 11:16:37 - [TEST_STEP][PASSED] - delay(1): Delayed 1 second(s)

2022-01-20 11:16:38 - [MESSAGE][PASSED] - Delayed 1 second(s)

2022-01-20 11:16:38 - [TEST_STEP][PASSED] - for ([i = 0, i < 1, (i++)]): Delayed 3 second(s)

2022-01-20 11:16:38 - [TEST_STEP][PASSED] - if (tab == "summary"): Delayed 3 second(s)

2022-01-20 11:16:38 - [TEST_STEP][PASSED] - idr = PORT_BtnIDR: null

2022-01-20 11:16:38 - [TEST_STEP][PASSED] - persen = PORT_BtnPersen: null

2022-01-20 11:16:38 - [TEST_STEP][PASSED] - if (action == "summary"): null

2022-01-20 11:16:38 - [TEST_STEP][PASSED] - else if (action == "perf_daily"): null

2022-01-20 11:16:38 - [TEST_STEP][PASSED] - else if (action == "perf_month"): null

2022-01-20 11:16:38 - [TEST_STEP][PASSED] - else if (action == "perf_quarter"): Tapped on element 'Object Repository/Mobile/Page/Portfolio/Tab - Summary Quarter to Date'

2022-01-20 11:16:38 - [TEST_STEP][PASSED] - scroll.scroll.scrollScreenBottomToTop(): scroll.scroll.scrollScreenBottomToTop is PASSED

2022-01-20 11:16:38 - [MESSAGE][PASSED] - Current device physical height is 1423

2022-01-20 11:16:39 - [MESSAGE][PASSED] - Current device physical width is 720

2022-01-20 11:16:40 - [MESSAGE][PASSED] - Swiped from 360,1,138 to 360,284

2022-01-20 11:16:40 - [MESSAGE][PASSED] - scroll.scroll.scrollScreenBottomToTop is PASSED

2022-01-20 11:16:40 - [TEST_STEP][PASSED] - delay(1): Delayed 1 second(s)

2022-01-20 11:16:41 - [MESSAGE][PASSED] - Delayed 1 second(s)

2022-01-20 11:16:41 - [TEST_STEP][PASSED] - tap(PORT_TabSummaryQuarter, 0): Tapped on element 'Object Repository/Mobile/Page/Portfolio/Tab - Summary Quarter to Date'

2022-01-20 11:16:41 - [MESSAGE][WARNING] - Timeout '0' is invalid. Using default page load timeout: '60'

2022-01-20 11:16:41 - [MESSAGE][PASSED] - Tapped on element 'Object Repository/Mobile/Page/Portfolio/Tab - Summary Quarter to Date'

2022-01-20 11:16:41 - [TEST_STEP][PASSED] - if (action != "summary"): Delayed 3 second(s)

2022-01-20 11:16:41 - [TEST_STEP][PASSED] - delay(1): Delayed 1 second(s)

2022-01-20 11:16:42 - [MESSAGE][PASSED] - Delayed 1 second(s)

2022-01-20 11:16:42 - [TEST_STEP][PASSED] - scroll.scroll.scrollScreenBottomToTop(): scroll.scroll.scrollScreenBottomToTop is PASSED

2022-01-20 11:16:43 - [MESSAGE][PASSED] - Current device physical height is 1423

2022-01-20 11:16:43 - [MESSAGE][PASSED] - Current device physical width is 720

2022-01-20 11:16:44 - [MESSAGE][PASSED] - Swiped from 360,1,138 to 360,284

2022-01-20 11:16:44 - [MESSAGE][PASSED] - scroll.scroll.scrollScreenBottomToTop is PASSED

2022-01-20 11:16:44 - [TEST_STEP][PASSED] - delay(3): Delayed 3 second(s)

2022-01-20 11:16:47 - [MESSAGE][PASSED] - Delayed 3 second(s)

2022-01-20 11:16:47 - [TEST_STEP][PASSED] - if (action2 == "idr"): null

2022-01-20 11:16:47 - [TEST_STEP][PASSED] - else if (action2 == "persen"): Delayed 3 second(s)

2022-01-20 11:16:47 - [TEST_STEP][PASSED] - tap(persen, 10): Tapped on element 'Object Repository/Mobile/Page/Portfolio/Button - Persen'

2022-01-20 11:16:47 - [MESSAGE][PASSED] - Tapped on element 'Object Repository/Mobile/Page/Portfolio/Button - Persen'

2022-01-20 11:16:47 - [TEST_STEP][PASSED] - delay(3): Delayed 3 second(s)

2022-01-20 11:16:50 - [MESSAGE][PASSED] - Delayed 3 second(s)

2022-01-20 11:16:50 - [MESSAGE][PASSED] - Call Test Case 'Test Cases/Mobile/Page/Portfolio/Portfolio' successfully

2022-01-20 11:16:50 - [TEST_STEP][PASSED] - callTestCase(findTestCase("Mobile/Page/Run App/Terminate App"), [:], STOP_ON_FAILURE): Call Test Case 'Test Cases/Mobile/Page/Run App/Terminate App' successfully

2022-01-20 11:16:50 - [TEST_CASE][PASSED] - Test Cases/Mobile/Page/Run App/Terminate App: Test Cases/Mobile/Page/Run App/Terminate App

2022-01-20 11:16:50 - [TEST_STEP][PASSED] - startApp.OpenApp.terminateApplication(): startApp.OpenApp.terminateApplication is PASSED

2022-01-20 11:16:54 - [MESSAGE][PASSED] - Delayed 3 second(s)

2022-01-20 11:16:54 - [MESSAGE][PASSED] - Current device physical width is 720

2022-01-20 11:16:54 - [MESSAGE][PASSED] - Current device physical height is 1423

2022-01-20 11:16:55 - [MESSAGE][PASSED] - Swiped from 360,853 to 360,142

2022-01-20 11:16:56 - [MESSAGE][PASSED] - Delayed 1 second(s)

2022-01-20 11:16:58 - [MESSAGE][PASSED] - Swiped from 360,853 to 360,142

2022-01-20 11:17:01 - [MESSAGE][PASSED] - Delayed 3 second(s)

2022-01-20 11:17:01 - [MESSAGE][PASSED] - startApp.OpenApp.terminateApplication is PASSED

2022-01-20 11:17:01 - [MESSAGE][PASSED] - Call Test Case 'Test Cases/Mobile/Page/Run App/Terminate App' successfully]]></system-out>
         <system-err><![CDATA[]]></system-err>
      </testcase>
      <testcase name="Test Cases/Mobile/Scenario/Portfolio/009 - Portfolio Performance Year to Date Persen" time="62.02" classname="Test Cases/Mobile/Scenario/Portfolio/009 - Portfolio Performance Year to Date Persen" status="PASSED">
         <system-out><![CDATA[2022-01-20 11:17:01 - [TEST_CASE][PASSED] - Test Cases/Mobile/Scenario/Portfolio/009 - Portfolio Performance Year to Date Persen: Test Cases/Mobile/Scenario/Portfolio/009 - Portfolio Performance Year to Date Persen

2022-01-20 11:17:01 - [TEST_STEP][PASSED] - callTestCase(findTestCase("Mobile/Page/Run App/Run App byID"), [:], STOP_ON_FAILURE): Call Test Case 'Test Cases/Mobile/Page/Run App/Run App byID' successfully

2022-01-20 11:17:01 - [TEST_CASE][PASSED] - Test Cases/Mobile/Page/Run App/Run App byID: Test Cases/Mobile/Page/Run App/Run App byID

2022-01-20 11:17:01 - [TEST_STEP][PASSED] - startApp.OpenApp.startApplication("id.co.miraeasset.sageclub"): startApp.OpenApp.startApplication is PASSED

2022-01-20 11:17:13 - [MESSAGE][PASSED] - Starting app with application ID: 'id.co.miraeasset.sageclub'

2022-01-20 11:17:13 - [MESSAGE][PASSED] - startApp.OpenApp.startApplication is PASSED

2022-01-20 11:17:13 - [MESSAGE][PASSED] - Call Test Case 'Test Cases/Mobile/Page/Run App/Run App byID' successfully

2022-01-20 11:17:13 - [TEST_STEP][PASSED] - callTestCase(findTestCase("Mobile/Page/Portfolio/Portfolio"), ["tab":"summary", "action":"perf_year", "action2":"persen"], CONTINUE_ON_FAILURE): Call Test Case 'Test Cases/Mobile/Page/Portfolio/Portfolio' successfully

2022-01-20 11:17:13 - [TEST_CASE][PASSED] - Test Cases/Mobile/Page/Portfolio/Portfolio: Test Cases/Mobile/Page/Portfolio/Portfolio

2022-01-20 11:17:13 - [TEST_STEP][PASSED] - callTestCase(findTestCase("Mobile/Page/CheckLogin"), [:], CONTINUE_ON_FAILURE): Call Test Case 'Test Cases/Mobile/Page/CheckLogin' successfully

2022-01-20 11:17:13 - [TEST_CASE][PASSED] - Test Cases/Mobile/Page/CheckLogin: Test Cases/Mobile/Page/CheckLogin

2022-01-20 11:17:13 - [TEST_STEP][PASSED] - loginCheck = verifyElementExist(LOGN_BtnLogin, 5, CONTINUE_ON_FAILURE): Element 'Object Repository/Mobile/Page/Login/Button - Login' is exist

2022-01-20 11:17:15 - [MESSAGE][PASSED] - Element 'Object Repository/Mobile/Page/Login/Button - Login' is exist

2022-01-20 11:17:15 - [TEST_STEP][PASSED] - if (loginCheck): Call Test Case 'Test Cases/Mobile/Page/Login/Login' successfully

2022-01-20 11:17:15 - [TEST_STEP][PASSED] - callTestCase(findTestCase("Mobile/Page/Login/Login"), ["action":"username"], CONTINUE_ON_FAILURE): Call Test Case 'Test Cases/Mobile/Page/Login/Login' successfully

2022-01-20 11:17:15 - [TEST_CASE][PASSED] - Test Cases/Mobile/Page/Login/Login: Test Cases/Mobile/Page/Login/Login

2022-01-20 11:17:15 - [TEST_STEP][PASSED] - delay(2): Delayed 2 second(s)

2022-01-20 11:17:17 - [MESSAGE][PASSED] - Delayed 2 second(s)

2022-01-20 11:17:17 - [TEST_STEP][PASSED] - for ([i = 0, i < 1, (i++)]): null

2022-01-20 11:17:17 - [TEST_STEP][PASSED] - if (action == "username"): null

2022-01-20 11:17:17 - [TEST_STEP][PASSED] - tap(LOGN_EdtUserID, 0): Tapped on element 'Object Repository/Mobile/Page/Login/Input - UserID'

2022-01-20 11:17:17 - [MESSAGE][WARNING] - Timeout '0' is invalid. Using default page load timeout: '60'

2022-01-20 11:17:17 - [MESSAGE][PASSED] - Tapped on element 'Object Repository/Mobile/Page/Login/Input - UserID'

2022-01-20 11:17:17 - [TEST_STEP][PASSED] - delay(1): Delayed 1 second(s)

2022-01-20 11:17:18 - [MESSAGE][PASSED] - Delayed 1 second(s)

2022-01-20 11:17:18 - [TEST_STEP][PASSED] - setText(LOGN_EdtRdyUserID, "anggaaditya", 0): Text 'anggaaditya' has been set to element 'Object Repository/Mobile/Page/Login/Input Rdy - UserID'

2022-01-20 11:17:18 - [MESSAGE][WARNING] - Timeout '0' is invalid. Using default page load timeout: '60'

2022-01-20 11:17:19 - [MESSAGE][PASSED] - Text 'anggaaditya' has been set to element 'Object Repository/Mobile/Page/Login/Input Rdy - UserID'

2022-01-20 11:17:19 - [TEST_STEP][PASSED] - delay(1): Delayed 1 second(s)

2022-01-20 11:17:20 - [MESSAGE][PASSED] - Delayed 1 second(s)

2022-01-20 11:17:20 - [TEST_STEP][PASSED] - hideKeyboard(): Keyboard is hidden

2022-01-20 11:17:26 - [MESSAGE][PASSED] - Keyboard is hidden

2022-01-20 11:17:26 - [TEST_STEP][PASSED] - tap(LOGN_EdtPassword, 0): Tapped on element 'Object Repository/Mobile/Page/Login/Input - Password'

2022-01-20 11:17:26 - [MESSAGE][WARNING] - Timeout '0' is invalid. Using default page load timeout: '60'

2022-01-20 11:17:27 - [MESSAGE][PASSED] - Tapped on element 'Object Repository/Mobile/Page/Login/Input - Password'

2022-01-20 11:17:27 - [TEST_STEP][PASSED] - delay(1): Delayed 1 second(s)

2022-01-20 11:17:28 - [MESSAGE][PASSED] - Delayed 1 second(s)

2022-01-20 11:17:28 - [TEST_STEP][PASSED] - setText(LOGN_EdtRdyPassword, "Shalawa18", 0): Text 'Shalawa18' has been set to element 'Object Repository/Mobile/Page/Login/Input Rdy - Password'

2022-01-20 11:17:28 - [MESSAGE][WARNING] - Timeout '0' is invalid. Using default page load timeout: '60'

2022-01-20 11:17:28 - [MESSAGE][PASSED] - Text 'Shalawa18' has been set to element 'Object Repository/Mobile/Page/Login/Input Rdy - Password'

2022-01-20 11:17:28 - [TEST_STEP][PASSED] - delay(1): Delayed 1 second(s)

2022-01-20 11:17:29 - [MESSAGE][PASSED] - Delayed 1 second(s)

2022-01-20 11:17:29 - [TEST_STEP][PASSED] - hideKeyboard(): Keyboard is hidden

2022-01-20 11:17:35 - [MESSAGE][PASSED] - Keyboard is hidden

2022-01-20 11:17:35 - [TEST_STEP][PASSED] - tap(LOGN_BtnLogin, 0): Tapped on element 'Object Repository/Mobile/Page/Login/Button - Login'

2022-01-20 11:17:35 - [MESSAGE][WARNING] - Timeout '0' is invalid. Using default page load timeout: '60'

2022-01-20 11:17:36 - [MESSAGE][PASSED] - Tapped on element 'Object Repository/Mobile/Page/Login/Button - Login'

2022-01-20 11:17:36 - [TEST_STEP][PASSED] - delay(2): Delayed 2 second(s)

2022-01-20 11:17:38 - [MESSAGE][PASSED] - Delayed 2 second(s)

2022-01-20 11:17:38 - [TEST_STEP][PASSED] - break: null

2022-01-20 11:17:38 - [MESSAGE][PASSED] - Call Test Case 'Test Cases/Mobile/Page/Login/Login' successfully

2022-01-20 11:17:38 - [MESSAGE][PASSED] - Call Test Case 'Test Cases/Mobile/Page/CheckLogin' successfully

2022-01-20 11:17:38 - [TEST_STEP][PASSED] - tap(HOME_MenubarPortfolio, 0): Tapped on element 'Object Repository/Mobile/Page/Home/Menubar - Portfolio'

2022-01-20 11:17:38 - [MESSAGE][WARNING] - Timeout '0' is invalid. Using default page load timeout: '60'

2022-01-20 11:17:39 - [MESSAGE][PASSED] - Tapped on element 'Object Repository/Mobile/Page/Home/Menubar - Portfolio'

2022-01-20 11:17:39 - [TEST_STEP][PASSED] - delay(1): Delayed 1 second(s)

2022-01-20 11:17:40 - [MESSAGE][PASSED] - Delayed 1 second(s)

2022-01-20 11:17:40 - [TEST_STEP][PASSED] - for ([i = 0, i < 1, (i++)]): Delayed 3 second(s)

2022-01-20 11:17:40 - [TEST_STEP][PASSED] - if (tab == "summary"): Delayed 3 second(s)

2022-01-20 11:17:40 - [TEST_STEP][PASSED] - idr = PORT_BtnIDR: null

2022-01-20 11:17:40 - [TEST_STEP][PASSED] - persen = PORT_BtnPersen: null

2022-01-20 11:17:40 - [TEST_STEP][PASSED] - if (action == "summary"): null

2022-01-20 11:17:40 - [TEST_STEP][PASSED] - else if (action == "perf_daily"): null

2022-01-20 11:17:40 - [TEST_STEP][PASSED] - else if (action == "perf_month"): null

2022-01-20 11:17:40 - [TEST_STEP][PASSED] - else if (action == "perf_quarter"): null

2022-01-20 11:17:40 - [TEST_STEP][PASSED] - else if (action == "perf_year"): Tapped on element 'Object Repository/Mobile/Page/Portfolio/Tab - Summary Year to Date'

2022-01-20 11:17:40 - [TEST_STEP][PASSED] - scroll.scroll.scrollScreenBottomToTop(): scroll.scroll.scrollScreenBottomToTop is PASSED

2022-01-20 11:17:40 - [MESSAGE][PASSED] - Current device physical height is 1423

2022-01-20 11:17:41 - [MESSAGE][PASSED] - Current device physical width is 720

2022-01-20 11:17:42 - [MESSAGE][PASSED] - Swiped from 360,1,138 to 360,284

2022-01-20 11:17:42 - [MESSAGE][PASSED] - scroll.scroll.scrollScreenBottomToTop is PASSED

2022-01-20 11:17:42 - [TEST_STEP][PASSED] - delay(1): Delayed 1 second(s)

2022-01-20 11:17:43 - [MESSAGE][PASSED] - Delayed 1 second(s)

2022-01-20 11:17:43 - [TEST_STEP][PASSED] - tap(PORT_TabSummaryYear, 0): Tapped on element 'Object Repository/Mobile/Page/Portfolio/Tab - Summary Year to Date'

2022-01-20 11:17:43 - [MESSAGE][WARNING] - Timeout '0' is invalid. Using default page load timeout: '60'

2022-01-20 11:17:43 - [MESSAGE][PASSED] - Tapped on element 'Object Repository/Mobile/Page/Portfolio/Tab - Summary Year to Date'

2022-01-20 11:17:43 - [TEST_STEP][PASSED] - if (action != "summary"): Delayed 3 second(s)

2022-01-20 11:17:43 - [TEST_STEP][PASSED] - delay(1): Delayed 1 second(s)

2022-01-20 11:17:44 - [MESSAGE][PASSED] - Delayed 1 second(s)

2022-01-20 11:17:44 - [TEST_STEP][PASSED] - scroll.scroll.scrollScreenBottomToTop(): scroll.scroll.scrollScreenBottomToTop is PASSED

2022-01-20 11:17:44 - [MESSAGE][PASSED] - Current device physical height is 1423

2022-01-20 11:17:45 - [MESSAGE][PASSED] - Current device physical width is 720

2022-01-20 11:17:46 - [MESSAGE][PASSED] - Swiped from 360,1,138 to 360,284

2022-01-20 11:17:46 - [MESSAGE][PASSED] - scroll.scroll.scrollScreenBottomToTop is PASSED

2022-01-20 11:17:46 - [TEST_STEP][PASSED] - delay(3): Delayed 3 second(s)

2022-01-20 11:17:49 - [MESSAGE][PASSED] - Delayed 3 second(s)

2022-01-20 11:17:49 - [TEST_STEP][PASSED] - if (action2 == "idr"): null

2022-01-20 11:17:49 - [TEST_STEP][PASSED] - else if (action2 == "persen"): Delayed 3 second(s)

2022-01-20 11:17:49 - [TEST_STEP][PASSED] - tap(persen, 10): Tapped on element 'Object Repository/Mobile/Page/Portfolio/Button - Persen'

2022-01-20 11:17:49 - [MESSAGE][PASSED] - Tapped on element 'Object Repository/Mobile/Page/Portfolio/Button - Persen'

2022-01-20 11:17:49 - [TEST_STEP][PASSED] - delay(3): Delayed 3 second(s)

2022-01-20 11:17:52 - [MESSAGE][PASSED] - Delayed 3 second(s)

2022-01-20 11:17:52 - [MESSAGE][PASSED] - Call Test Case 'Test Cases/Mobile/Page/Portfolio/Portfolio' successfully

2022-01-20 11:17:52 - [TEST_STEP][PASSED] - callTestCase(findTestCase("Mobile/Page/Run App/Terminate App"), [:], STOP_ON_FAILURE): Call Test Case 'Test Cases/Mobile/Page/Run App/Terminate App' successfully

2022-01-20 11:17:52 - [TEST_CASE][PASSED] - Test Cases/Mobile/Page/Run App/Terminate App: Test Cases/Mobile/Page/Run App/Terminate App

2022-01-20 11:17:52 - [TEST_STEP][PASSED] - startApp.OpenApp.terminateApplication(): startApp.OpenApp.terminateApplication is PASSED

2022-01-20 11:17:56 - [MESSAGE][PASSED] - Delayed 3 second(s)

2022-01-20 11:17:56 - [MESSAGE][PASSED] - Current device physical width is 720

2022-01-20 11:17:56 - [MESSAGE][PASSED] - Current device physical height is 1423

2022-01-20 11:17:57 - [MESSAGE][PASSED] - Swiped from 360,853 to 360,142

2022-01-20 11:17:58 - [MESSAGE][PASSED] - Delayed 1 second(s)

2022-01-20 11:18:00 - [MESSAGE][PASSED] - Swiped from 360,853 to 360,142

2022-01-20 11:18:03 - [MESSAGE][PASSED] - Delayed 3 second(s)

2022-01-20 11:18:03 - [MESSAGE][PASSED] - startApp.OpenApp.terminateApplication is PASSED

2022-01-20 11:18:03 - [MESSAGE][PASSED] - Call Test Case 'Test Cases/Mobile/Page/Run App/Terminate App' successfully]]></system-out>
         <system-err><![CDATA[]]></system-err>
      </testcase>
      <testcase name="Test Cases/Mobile/Scenario/Portfolio/010 - Melihat list stock" time="54.543" classname="Test Cases/Mobile/Scenario/Portfolio/010 - Melihat list stock" status="PASSED">
         <system-out><![CDATA[2022-01-20 11:18:03 - [TEST_CASE][PASSED] - Test Cases/Mobile/Scenario/Portfolio/010 - Melihat list stock: Test Cases/Mobile/Scenario/Portfolio/010 - Melihat list stock

2022-01-20 11:18:03 - [TEST_STEP][PASSED] - callTestCase(findTestCase("Mobile/Page/Run App/Run App byID"), [:], STOP_ON_FAILURE): Call Test Case 'Test Cases/Mobile/Page/Run App/Run App byID' successfully

2022-01-20 11:18:03 - [TEST_CASE][PASSED] - Test Cases/Mobile/Page/Run App/Run App byID: Test Cases/Mobile/Page/Run App/Run App byID

2022-01-20 11:18:03 - [TEST_STEP][PASSED] - startApp.OpenApp.startApplication("id.co.miraeasset.sageclub"): startApp.OpenApp.startApplication is PASSED

2022-01-20 11:18:15 - [MESSAGE][PASSED] - Starting app with application ID: 'id.co.miraeasset.sageclub'

2022-01-20 11:18:15 - [MESSAGE][PASSED] - startApp.OpenApp.startApplication is PASSED

2022-01-20 11:18:15 - [MESSAGE][PASSED] - Call Test Case 'Test Cases/Mobile/Page/Run App/Run App byID' successfully

2022-01-20 11:18:15 - [TEST_STEP][PASSED] - callTestCase(findTestCase("Mobile/Page/Portfolio/Portfolio"), ["tab":"stock"], CONTINUE_ON_FAILURE): Call Test Case 'Test Cases/Mobile/Page/Portfolio/Portfolio' successfully

2022-01-20 11:18:15 - [TEST_CASE][PASSED] - Test Cases/Mobile/Page/Portfolio/Portfolio: Test Cases/Mobile/Page/Portfolio/Portfolio

2022-01-20 11:18:15 - [TEST_STEP][PASSED] - callTestCase(findTestCase("Mobile/Page/CheckLogin"), [:], CONTINUE_ON_FAILURE): Call Test Case 'Test Cases/Mobile/Page/CheckLogin' successfully

2022-01-20 11:18:15 - [TEST_CASE][PASSED] - Test Cases/Mobile/Page/CheckLogin: Test Cases/Mobile/Page/CheckLogin

2022-01-20 11:18:15 - [TEST_STEP][PASSED] - loginCheck = verifyElementExist(LOGN_BtnLogin, 5, CONTINUE_ON_FAILURE): Element 'Object Repository/Mobile/Page/Login/Button - Login' is exist

2022-01-20 11:18:17 - [MESSAGE][PASSED] - Element 'Object Repository/Mobile/Page/Login/Button - Login' is exist

2022-01-20 11:18:17 - [TEST_STEP][PASSED] - if (loginCheck): Call Test Case 'Test Cases/Mobile/Page/Login/Login' successfully

2022-01-20 11:18:17 - [TEST_STEP][PASSED] - callTestCase(findTestCase("Mobile/Page/Login/Login"), ["action":"username"], CONTINUE_ON_FAILURE): Call Test Case 'Test Cases/Mobile/Page/Login/Login' successfully

2022-01-20 11:18:17 - [TEST_CASE][PASSED] - Test Cases/Mobile/Page/Login/Login: Test Cases/Mobile/Page/Login/Login

2022-01-20 11:18:17 - [TEST_STEP][PASSED] - delay(2): Delayed 2 second(s)

2022-01-20 11:18:19 - [MESSAGE][PASSED] - Delayed 2 second(s)

2022-01-20 11:18:19 - [TEST_STEP][PASSED] - for ([i = 0, i < 1, (i++)]): null

2022-01-20 11:18:19 - [TEST_STEP][PASSED] - if (action == "username"): null

2022-01-20 11:18:19 - [TEST_STEP][PASSED] - tap(LOGN_EdtUserID, 0): Tapped on element 'Object Repository/Mobile/Page/Login/Input - UserID'

2022-01-20 11:18:19 - [MESSAGE][WARNING] - Timeout '0' is invalid. Using default page load timeout: '60'

2022-01-20 11:18:20 - [MESSAGE][PASSED] - Tapped on element 'Object Repository/Mobile/Page/Login/Input - UserID'

2022-01-20 11:18:20 - [TEST_STEP][PASSED] - delay(1): Delayed 1 second(s)

2022-01-20 11:18:21 - [MESSAGE][PASSED] - Delayed 1 second(s)

2022-01-20 11:18:21 - [TEST_STEP][PASSED] - setText(LOGN_EdtRdyUserID, "anggaaditya", 0): Text 'anggaaditya' has been set to element 'Object Repository/Mobile/Page/Login/Input Rdy - UserID'

2022-01-20 11:18:21 - [MESSAGE][WARNING] - Timeout '0' is invalid. Using default page load timeout: '60'

2022-01-20 11:18:22 - [MESSAGE][PASSED] - Text 'anggaaditya' has been set to element 'Object Repository/Mobile/Page/Login/Input Rdy - UserID'

2022-01-20 11:18:22 - [TEST_STEP][PASSED] - delay(1): Delayed 1 second(s)

2022-01-20 11:18:23 - [MESSAGE][PASSED] - Delayed 1 second(s)

2022-01-20 11:18:23 - [TEST_STEP][PASSED] - hideKeyboard(): Keyboard is hidden

2022-01-20 11:18:27 - [MESSAGE][PASSED] - Keyboard is hidden

2022-01-20 11:18:27 - [TEST_STEP][PASSED] - tap(LOGN_EdtPassword, 0): Tapped on element 'Object Repository/Mobile/Page/Login/Input - Password'

2022-01-20 11:18:27 - [MESSAGE][WARNING] - Timeout '0' is invalid. Using default page load timeout: '60'

2022-01-20 11:18:28 - [MESSAGE][PASSED] - Tapped on element 'Object Repository/Mobile/Page/Login/Input - Password'

2022-01-20 11:18:28 - [TEST_STEP][PASSED] - delay(1): Delayed 1 second(s)

2022-01-20 11:18:29 - [MESSAGE][PASSED] - Delayed 1 second(s)

2022-01-20 11:18:29 - [TEST_STEP][PASSED] - setText(LOGN_EdtRdyPassword, "Shalawa18", 0): Text 'Shalawa18' has been set to element 'Object Repository/Mobile/Page/Login/Input Rdy - Password'

2022-01-20 11:18:29 - [MESSAGE][WARNING] - Timeout '0' is invalid. Using default page load timeout: '60'

2022-01-20 11:18:29 - [MESSAGE][PASSED] - Text 'Shalawa18' has been set to element 'Object Repository/Mobile/Page/Login/Input Rdy - Password'

2022-01-20 11:18:29 - [TEST_STEP][PASSED] - delay(1): Delayed 1 second(s)

2022-01-20 11:18:30 - [MESSAGE][PASSED] - Delayed 1 second(s)

2022-01-20 11:18:30 - [TEST_STEP][PASSED] - hideKeyboard(): Keyboard is hidden

2022-01-20 11:18:37 - [MESSAGE][PASSED] - Keyboard is hidden

2022-01-20 11:18:37 - [TEST_STEP][PASSED] - tap(LOGN_BtnLogin, 0): Tapped on element 'Object Repository/Mobile/Page/Login/Button - Login'

2022-01-20 11:18:37 - [MESSAGE][WARNING] - Timeout '0' is invalid. Using default page load timeout: '60'

2022-01-20 11:18:38 - [MESSAGE][PASSED] - Tapped on element 'Object Repository/Mobile/Page/Login/Button - Login'

2022-01-20 11:18:38 - [TEST_STEP][PASSED] - delay(2): Delayed 2 second(s)

2022-01-20 11:18:40 - [MESSAGE][PASSED] - Delayed 2 second(s)

2022-01-20 11:18:40 - [TEST_STEP][PASSED] - break: null

2022-01-20 11:18:40 - [MESSAGE][PASSED] - Call Test Case 'Test Cases/Mobile/Page/Login/Login' successfully

2022-01-20 11:18:40 - [MESSAGE][PASSED] - Call Test Case 'Test Cases/Mobile/Page/CheckLogin' successfully

2022-01-20 11:18:40 - [TEST_STEP][PASSED] - tap(HOME_MenubarPortfolio, 0): Tapped on element 'Object Repository/Mobile/Page/Home/Menubar - Portfolio'

2022-01-20 11:18:40 - [MESSAGE][WARNING] - Timeout '0' is invalid. Using default page load timeout: '60'

2022-01-20 11:18:40 - [MESSAGE][PASSED] - Tapped on element 'Object Repository/Mobile/Page/Home/Menubar - Portfolio'

2022-01-20 11:18:40 - [TEST_STEP][PASSED] - delay(1): Delayed 1 second(s)

2022-01-20 11:18:41 - [MESSAGE][PASSED] - Delayed 1 second(s)

2022-01-20 11:18:41 - [TEST_STEP][PASSED] - for ([i = 0, i < 1, (i++)]): Delayed 3 second(s)

2022-01-20 11:18:41 - [TEST_STEP][PASSED] - if (tab == "summary"): null

2022-01-20 11:18:41 - [TEST_STEP][PASSED] - else if (tab == "stock"): Delayed 3 second(s)

2022-01-20 11:18:41 - [TEST_STEP][PASSED] - tap(PORT_TabStock, 0): Tapped on element 'Object Repository/Mobile/Page/Portfolio/Tab - Stock'

2022-01-20 11:18:41 - [MESSAGE][WARNING] - Timeout '0' is invalid. Using default page load timeout: '60'

2022-01-20 11:18:42 - [MESSAGE][PASSED] - Tapped on element 'Object Repository/Mobile/Page/Portfolio/Tab - Stock'

2022-01-20 11:18:42 - [TEST_STEP][PASSED] - scroll.scroll.scrollScreenBottomToTop(): scroll.scroll.scrollScreenBottomToTop is PASSED

2022-01-20 11:18:43 - [MESSAGE][PASSED] - Current device physical height is 1423

2022-01-20 11:18:43 - [MESSAGE][PASSED] - Current device physical width is 720

2022-01-20 11:18:44 - [MESSAGE][PASSED] - Swiped from 360,1,138 to 360,284

2022-01-20 11:18:44 - [MESSAGE][PASSED] - scroll.scroll.scrollScreenBottomToTop is PASSED

2022-01-20 11:18:44 - [TEST_STEP][PASSED] - delay(3): Delayed 3 second(s)

2022-01-20 11:18:47 - [MESSAGE][PASSED] - Delayed 3 second(s)

2022-01-20 11:18:47 - [MESSAGE][PASSED] - Call Test Case 'Test Cases/Mobile/Page/Portfolio/Portfolio' successfully

2022-01-20 11:18:47 - [TEST_STEP][PASSED] - callTestCase(findTestCase("Mobile/Page/Run App/Terminate App"), [:], STOP_ON_FAILURE): Call Test Case 'Test Cases/Mobile/Page/Run App/Terminate App' successfully

2022-01-20 11:18:47 - [TEST_CASE][PASSED] - Test Cases/Mobile/Page/Run App/Terminate App: Test Cases/Mobile/Page/Run App/Terminate App

2022-01-20 11:18:47 - [TEST_STEP][PASSED] - startApp.OpenApp.terminateApplication(): startApp.OpenApp.terminateApplication is PASSED

2022-01-20 11:18:50 - [MESSAGE][PASSED] - Delayed 3 second(s)

2022-01-20 11:18:50 - [MESSAGE][PASSED] - Current device physical width is 720

2022-01-20 11:18:51 - [MESSAGE][PASSED] - Current device physical height is 1423

2022-01-20 11:18:52 - [MESSAGE][PASSED] - Swiped from 360,853 to 360,142

2022-01-20 11:18:53 - [MESSAGE][PASSED] - Delayed 1 second(s)

2022-01-20 11:18:54 - [MESSAGE][PASSED] - Swiped from 360,853 to 360,142

2022-01-20 11:18:57 - [MESSAGE][PASSED] - Delayed 3 second(s)

2022-01-20 11:18:57 - [MESSAGE][PASSED] - startApp.OpenApp.terminateApplication is PASSED

2022-01-20 11:18:57 - [MESSAGE][PASSED] - Call Test Case 'Test Cases/Mobile/Page/Run App/Terminate App' successfully]]></system-out>
         <system-err><![CDATA[]]></system-err>
      </testcase>
      <testcase name="Test Cases/Mobile/Scenario/Portfolio/011 - Melihat list mutual fund" time="60.957" classname="Test Cases/Mobile/Scenario/Portfolio/011 - Melihat list mutual fund" status="PASSED">
         <system-out><![CDATA[2022-01-20 11:18:57 - [TEST_CASE][PASSED] - Test Cases/Mobile/Scenario/Portfolio/011 - Melihat list mutual fund: Test Cases/Mobile/Scenario/Portfolio/011 - Melihat list mutual fund

2022-01-20 11:18:57 - [TEST_STEP][PASSED] - callTestCase(findTestCase("Mobile/Page/Run App/Run App byID"), [:], STOP_ON_FAILURE): Call Test Case 'Test Cases/Mobile/Page/Run App/Run App byID' successfully

2022-01-20 11:18:58 - [TEST_CASE][PASSED] - Test Cases/Mobile/Page/Run App/Run App byID: Test Cases/Mobile/Page/Run App/Run App byID

2022-01-20 11:18:58 - [TEST_STEP][PASSED] - startApp.OpenApp.startApplication("id.co.miraeasset.sageclub"): startApp.OpenApp.startApplication is PASSED

2022-01-20 11:19:10 - [MESSAGE][PASSED] - Starting app with application ID: 'id.co.miraeasset.sageclub'

2022-01-20 11:19:10 - [MESSAGE][PASSED] - startApp.OpenApp.startApplication is PASSED

2022-01-20 11:19:10 - [MESSAGE][PASSED] - Call Test Case 'Test Cases/Mobile/Page/Run App/Run App byID' successfully

2022-01-20 11:19:10 - [TEST_STEP][PASSED] - callTestCase(findTestCase("Mobile/Page/Portfolio/Portfolio"), ["tab":"mutualfund", "action2":"none"], CONTINUE_ON_FAILURE): Call Test Case 'Test Cases/Mobile/Page/Portfolio/Portfolio' successfully

2022-01-20 11:19:10 - [TEST_CASE][PASSED] - Test Cases/Mobile/Page/Portfolio/Portfolio: Test Cases/Mobile/Page/Portfolio/Portfolio

2022-01-20 11:19:10 - [TEST_STEP][PASSED] - callTestCase(findTestCase("Mobile/Page/CheckLogin"), [:], CONTINUE_ON_FAILURE): Call Test Case 'Test Cases/Mobile/Page/CheckLogin' successfully

2022-01-20 11:19:10 - [TEST_CASE][PASSED] - Test Cases/Mobile/Page/CheckLogin: Test Cases/Mobile/Page/CheckLogin

2022-01-20 11:19:10 - [TEST_STEP][PASSED] - loginCheck = verifyElementExist(LOGN_BtnLogin, 5, CONTINUE_ON_FAILURE): Element 'Object Repository/Mobile/Page/Login/Button - Login' is exist

2022-01-20 11:19:12 - [MESSAGE][PASSED] - Element 'Object Repository/Mobile/Page/Login/Button - Login' is exist

2022-01-20 11:19:12 - [TEST_STEP][PASSED] - if (loginCheck): Call Test Case 'Test Cases/Mobile/Page/Login/Login' successfully

2022-01-20 11:19:12 - [TEST_STEP][PASSED] - callTestCase(findTestCase("Mobile/Page/Login/Login"), ["action":"username"], CONTINUE_ON_FAILURE): Call Test Case 'Test Cases/Mobile/Page/Login/Login' successfully

2022-01-20 11:19:12 - [TEST_CASE][PASSED] - Test Cases/Mobile/Page/Login/Login: Test Cases/Mobile/Page/Login/Login

2022-01-20 11:19:12 - [TEST_STEP][PASSED] - delay(2): Delayed 2 second(s)

2022-01-20 11:19:14 - [MESSAGE][PASSED] - Delayed 2 second(s)

2022-01-20 11:19:14 - [TEST_STEP][PASSED] - for ([i = 0, i < 1, (i++)]): null

2022-01-20 11:19:14 - [TEST_STEP][PASSED] - if (action == "username"): null

2022-01-20 11:19:14 - [TEST_STEP][PASSED] - tap(LOGN_EdtUserID, 0): Tapped on element 'Object Repository/Mobile/Page/Login/Input - UserID'

2022-01-20 11:19:14 - [MESSAGE][WARNING] - Timeout '0' is invalid. Using default page load timeout: '60'

2022-01-20 11:19:14 - [MESSAGE][PASSED] - Tapped on element 'Object Repository/Mobile/Page/Login/Input - UserID'

2022-01-20 11:19:14 - [TEST_STEP][PASSED] - delay(1): Delayed 1 second(s)

2022-01-20 11:19:15 - [MESSAGE][PASSED] - Delayed 1 second(s)

2022-01-20 11:19:15 - [TEST_STEP][PASSED] - setText(LOGN_EdtRdyUserID, "anggaaditya", 0): Text 'anggaaditya' has been set to element 'Object Repository/Mobile/Page/Login/Input Rdy - UserID'

2022-01-20 11:19:15 - [MESSAGE][WARNING] - Timeout '0' is invalid. Using default page load timeout: '60'

2022-01-20 11:19:16 - [MESSAGE][PASSED] - Text 'anggaaditya' has been set to element 'Object Repository/Mobile/Page/Login/Input Rdy - UserID'

2022-01-20 11:19:16 - [TEST_STEP][PASSED] - delay(1): Delayed 1 second(s)

2022-01-20 11:19:17 - [MESSAGE][PASSED] - Delayed 1 second(s)

2022-01-20 11:19:17 - [TEST_STEP][PASSED] - hideKeyboard(): Keyboard is hidden

2022-01-20 11:19:20 - [MESSAGE][PASSED] - Keyboard is hidden

2022-01-20 11:19:20 - [TEST_STEP][PASSED] - tap(LOGN_EdtPassword, 0): Tapped on element 'Object Repository/Mobile/Page/Login/Input - Password'

2022-01-20 11:19:20 - [MESSAGE][WARNING] - Timeout '0' is invalid. Using default page load timeout: '60'

2022-01-20 11:19:21 - [MESSAGE][PASSED] - Tapped on element 'Object Repository/Mobile/Page/Login/Input - Password'

2022-01-20 11:19:21 - [TEST_STEP][PASSED] - delay(1): Delayed 1 second(s)

2022-01-20 11:19:22 - [MESSAGE][PASSED] - Delayed 1 second(s)

2022-01-20 11:19:22 - [TEST_STEP][PASSED] - setText(LOGN_EdtRdyPassword, "Shalawa18", 0): Text 'Shalawa18' has been set to element 'Object Repository/Mobile/Page/Login/Input Rdy - Password'

2022-01-20 11:19:22 - [MESSAGE][WARNING] - Timeout '0' is invalid. Using default page load timeout: '60'

2022-01-20 11:19:23 - [MESSAGE][PASSED] - Text 'Shalawa18' has been set to element 'Object Repository/Mobile/Page/Login/Input Rdy - Password'

2022-01-20 11:19:23 - [TEST_STEP][PASSED] - delay(1): Delayed 1 second(s)

2022-01-20 11:19:24 - [MESSAGE][PASSED] - Delayed 1 second(s)

2022-01-20 11:19:24 - [TEST_STEP][PASSED] - hideKeyboard(): Keyboard is hidden

2022-01-20 11:19:31 - [MESSAGE][PASSED] - Keyboard is hidden

2022-01-20 11:19:31 - [TEST_STEP][PASSED] - tap(LOGN_BtnLogin, 0): Tapped on element 'Object Repository/Mobile/Page/Login/Button - Login'

2022-01-20 11:19:31 - [MESSAGE][WARNING] - Timeout '0' is invalid. Using default page load timeout: '60'

2022-01-20 11:19:32 - [MESSAGE][PASSED] - Tapped on element 'Object Repository/Mobile/Page/Login/Button - Login'

2022-01-20 11:19:32 - [TEST_STEP][PASSED] - delay(2): Delayed 2 second(s)

2022-01-20 11:19:34 - [MESSAGE][PASSED] - Delayed 2 second(s)

2022-01-20 11:19:34 - [TEST_STEP][PASSED] - break: null

2022-01-20 11:19:34 - [MESSAGE][PASSED] - Call Test Case 'Test Cases/Mobile/Page/Login/Login' successfully

2022-01-20 11:19:34 - [MESSAGE][PASSED] - Call Test Case 'Test Cases/Mobile/Page/CheckLogin' successfully

2022-01-20 11:19:34 - [TEST_STEP][PASSED] - tap(HOME_MenubarPortfolio, 0): Tapped on element 'Object Repository/Mobile/Page/Home/Menubar - Portfolio'

2022-01-20 11:19:34 - [MESSAGE][WARNING] - Timeout '0' is invalid. Using default page load timeout: '60'

2022-01-20 11:19:35 - [MESSAGE][PASSED] - Tapped on element 'Object Repository/Mobile/Page/Home/Menubar - Portfolio'

2022-01-20 11:19:35 - [TEST_STEP][PASSED] - delay(1): Delayed 1 second(s)

2022-01-20 11:19:36 - [MESSAGE][PASSED] - Delayed 1 second(s)

2022-01-20 11:19:36 - [TEST_STEP][PASSED] - for ([i = 0, i < 1, (i++)]): scroll.scroll.scrollScreenBottomToTop is PASSED

2022-01-20 11:19:36 - [TEST_STEP][PASSED] - if (tab == "summary"): null

2022-01-20 11:19:36 - [TEST_STEP][PASSED] - else if (tab == "stock"): null

2022-01-20 11:19:36 - [TEST_STEP][PASSED] - else if (tab == "mutualfund"): scroll.scroll.scrollScreenBottomToTop is PASSED

2022-01-20 11:19:36 - [TEST_STEP][PASSED] - tap(PORT_TabMutualFund, 0): Tapped on element 'Object Repository/Mobile/Page/Portfolio/Tab - Mutual Fund'

2022-01-20 11:19:36 - [MESSAGE][WARNING] - Timeout '0' is invalid. Using default page load timeout: '60'

2022-01-20 11:19:38 - [MESSAGE][PASSED] - Tapped on element 'Object Repository/Mobile/Page/Portfolio/Tab - Mutual Fund'

2022-01-20 11:19:38 - [TEST_STEP][PASSED] - delay(1): Delayed 1 second(s)

2022-01-20 11:19:39 - [MESSAGE][PASSED] - Delayed 1 second(s)

2022-01-20 11:19:39 - [TEST_STEP][PASSED] - try: scroll.scroll.scrollScreenBottomToTop is PASSED

2022-01-20 11:19:39 - [TEST_STEP][PASSED] - tapAndHold(PORT_ItemTopMutualFund, 1, 10): Tapped and held on element 'Object Repository/Mobile/Page/Portfolio/Item - Top Mutual Fund' with duration 1

2022-01-20 11:19:41 - [MESSAGE][PASSED] - Tapped and held on element 'Object Repository/Mobile/Page/Portfolio/Item - Top Mutual Fund' with duration 1

2022-01-20 11:19:41 - [TEST_STEP][PASSED] - delay(2): Delayed 2 second(s)

2022-01-20 11:19:43 - [MESSAGE][PASSED] - Delayed 2 second(s)

2022-01-20 11:19:43 - [TEST_STEP][PASSED] - switch (action2): null

2022-01-20 11:19:43 - [TEST_STEP][PASSED] - delay(3): Delayed 3 second(s)

2022-01-20 11:19:46 - [MESSAGE][PASSED] - Delayed 3 second(s)

2022-01-20 11:19:46 - [TEST_STEP][PASSED] - scroll.scroll.scrollScreenBottomToTop(): scroll.scroll.scrollScreenBottomToTop is PASSED

2022-01-20 11:19:47 - [MESSAGE][PASSED] - Current device physical height is 1423

2022-01-20 11:19:47 - [MESSAGE][PASSED] - Current device physical width is 720

2022-01-20 11:19:48 - [MESSAGE][PASSED] - Swiped from 360,1,138 to 360,284

2022-01-20 11:19:48 - [MESSAGE][PASSED] - scroll.scroll.scrollScreenBottomToTop is PASSED

2022-01-20 11:19:48 - [MESSAGE][PASSED] - Call Test Case 'Test Cases/Mobile/Page/Portfolio/Portfolio' successfully

2022-01-20 11:19:48 - [TEST_STEP][PASSED] - callTestCase(findTestCase("Mobile/Page/Run App/Terminate App"), [:], STOP_ON_FAILURE): Call Test Case 'Test Cases/Mobile/Page/Run App/Terminate App' successfully

2022-01-20 11:19:48 - [TEST_CASE][PASSED] - Test Cases/Mobile/Page/Run App/Terminate App: Test Cases/Mobile/Page/Run App/Terminate App

2022-01-20 11:19:48 - [TEST_STEP][PASSED] - startApp.OpenApp.terminateApplication(): startApp.OpenApp.terminateApplication is PASSED

2022-01-20 11:19:51 - [MESSAGE][PASSED] - Delayed 3 second(s)

2022-01-20 11:19:51 - [MESSAGE][PASSED] - Current device physical width is 720

2022-01-20 11:19:52 - [MESSAGE][PASSED] - Current device physical height is 1423

2022-01-20 11:19:53 - [MESSAGE][PASSED] - Swiped from 360,853 to 360,142

2022-01-20 11:19:54 - [MESSAGE][PASSED] - Delayed 1 second(s)

2022-01-20 11:19:55 - [MESSAGE][PASSED] - Swiped from 360,853 to 360,142

2022-01-20 11:19:58 - [MESSAGE][PASSED] - Delayed 3 second(s)

2022-01-20 11:19:58 - [MESSAGE][PASSED] - startApp.OpenApp.terminateApplication is PASSED

2022-01-20 11:19:58 - [MESSAGE][PASSED] - Call Test Case 'Test Cases/Mobile/Page/Run App/Terminate App' successfully]]></system-out>
         <system-err><![CDATA[]]></system-err>
      </testcase>
      <testcase name="Test Cases/Mobile/Scenario/Portfolio/012 - Melihat list bond" time="60.148" classname="Test Cases/Mobile/Scenario/Portfolio/012 - Melihat list bond" status="PASSED">
         <system-out><![CDATA[2022-01-20 11:19:58 - [TEST_CASE][PASSED] - Test Cases/Mobile/Scenario/Portfolio/012 - Melihat list bond: Test Cases/Mobile/Scenario/Portfolio/012 - Melihat list bond

2022-01-20 11:19:58 - [TEST_STEP][PASSED] - callTestCase(findTestCase("Mobile/Page/Run App/Run App byID"), [:], STOP_ON_FAILURE): Call Test Case 'Test Cases/Mobile/Page/Run App/Run App byID' successfully

2022-01-20 11:19:58 - [TEST_CASE][PASSED] - Test Cases/Mobile/Page/Run App/Run App byID: Test Cases/Mobile/Page/Run App/Run App byID

2022-01-20 11:19:58 - [TEST_STEP][PASSED] - startApp.OpenApp.startApplication("id.co.miraeasset.sageclub"): startApp.OpenApp.startApplication is PASSED

2022-01-20 11:20:14 - [MESSAGE][PASSED] - Starting app with application ID: 'id.co.miraeasset.sageclub'

2022-01-20 11:20:14 - [MESSAGE][PASSED] - startApp.OpenApp.startApplication is PASSED

2022-01-20 11:20:14 - [MESSAGE][PASSED] - Call Test Case 'Test Cases/Mobile/Page/Run App/Run App byID' successfully

2022-01-20 11:20:14 - [TEST_STEP][PASSED] - callTestCase(findTestCase("Mobile/Page/Portfolio/Portfolio"), ["tab":"stock", "action":"none"], CONTINUE_ON_FAILURE): Call Test Case 'Test Cases/Mobile/Page/Portfolio/Portfolio' successfully

2022-01-20 11:20:14 - [TEST_CASE][PASSED] - Test Cases/Mobile/Page/Portfolio/Portfolio: Test Cases/Mobile/Page/Portfolio/Portfolio

2022-01-20 11:20:14 - [TEST_STEP][PASSED] - callTestCase(findTestCase("Mobile/Page/CheckLogin"), [:], CONTINUE_ON_FAILURE): Call Test Case 'Test Cases/Mobile/Page/CheckLogin' successfully

2022-01-20 11:20:14 - [TEST_CASE][PASSED] - Test Cases/Mobile/Page/CheckLogin: Test Cases/Mobile/Page/CheckLogin

2022-01-20 11:20:14 - [TEST_STEP][PASSED] - loginCheck = verifyElementExist(LOGN_BtnLogin, 5, CONTINUE_ON_FAILURE): Element 'Object Repository/Mobile/Page/Login/Button - Login' is exist

2022-01-20 11:20:16 - [MESSAGE][PASSED] - Element 'Object Repository/Mobile/Page/Login/Button - Login' is exist

2022-01-20 11:20:16 - [TEST_STEP][PASSED] - if (loginCheck): Call Test Case 'Test Cases/Mobile/Page/Login/Login' successfully

2022-01-20 11:20:16 - [TEST_STEP][PASSED] - callTestCase(findTestCase("Mobile/Page/Login/Login"), ["action":"username"], CONTINUE_ON_FAILURE): Call Test Case 'Test Cases/Mobile/Page/Login/Login' successfully

2022-01-20 11:20:16 - [TEST_CASE][PASSED] - Test Cases/Mobile/Page/Login/Login: Test Cases/Mobile/Page/Login/Login

2022-01-20 11:20:16 - [TEST_STEP][PASSED] - delay(2): Delayed 2 second(s)

2022-01-20 11:20:18 - [MESSAGE][PASSED] - Delayed 2 second(s)

2022-01-20 11:20:18 - [TEST_STEP][PASSED] - for ([i = 0, i < 1, (i++)]): null

2022-01-20 11:20:18 - [TEST_STEP][PASSED] - if (action == "username"): null

2022-01-20 11:20:18 - [TEST_STEP][PASSED] - tap(LOGN_EdtUserID, 0): Tapped on element 'Object Repository/Mobile/Page/Login/Input - UserID'

2022-01-20 11:20:18 - [MESSAGE][WARNING] - Timeout '0' is invalid. Using default page load timeout: '60'

2022-01-20 11:20:19 - [MESSAGE][PASSED] - Tapped on element 'Object Repository/Mobile/Page/Login/Input - UserID'

2022-01-20 11:20:19 - [TEST_STEP][PASSED] - delay(1): Delayed 1 second(s)

2022-01-20 11:20:20 - [MESSAGE][PASSED] - Delayed 1 second(s)

2022-01-20 11:20:20 - [TEST_STEP][PASSED] - setText(LOGN_EdtRdyUserID, "anggaaditya", 0): Text 'anggaaditya' has been set to element 'Object Repository/Mobile/Page/Login/Input Rdy - UserID'

2022-01-20 11:20:20 - [MESSAGE][WARNING] - Timeout '0' is invalid. Using default page load timeout: '60'

2022-01-20 11:20:21 - [MESSAGE][PASSED] - Text 'anggaaditya' has been set to element 'Object Repository/Mobile/Page/Login/Input Rdy - UserID'

2022-01-20 11:20:21 - [TEST_STEP][PASSED] - delay(1): Delayed 1 second(s)

2022-01-20 11:20:22 - [MESSAGE][PASSED] - Delayed 1 second(s)

2022-01-20 11:20:22 - [TEST_STEP][PASSED] - hideKeyboard(): Keyboard is hidden

2022-01-20 11:20:27 - [MESSAGE][PASSED] - Keyboard is hidden

2022-01-20 11:20:27 - [TEST_STEP][PASSED] - tap(LOGN_EdtPassword, 0): Tapped on element 'Object Repository/Mobile/Page/Login/Input - Password'

2022-01-20 11:20:27 - [MESSAGE][WARNING] - Timeout '0' is invalid. Using default page load timeout: '60'

2022-01-20 11:20:28 - [MESSAGE][PASSED] - Tapped on element 'Object Repository/Mobile/Page/Login/Input - Password'

2022-01-20 11:20:28 - [TEST_STEP][PASSED] - delay(1): Delayed 1 second(s)

2022-01-20 11:20:29 - [MESSAGE][PASSED] - Delayed 1 second(s)

2022-01-20 11:20:29 - [TEST_STEP][PASSED] - setText(LOGN_EdtRdyPassword, "Shalawa18", 0): Text 'Shalawa18' has been set to element 'Object Repository/Mobile/Page/Login/Input Rdy - Password'

2022-01-20 11:20:29 - [MESSAGE][WARNING] - Timeout '0' is invalid. Using default page load timeout: '60'

2022-01-20 11:20:29 - [MESSAGE][PASSED] - Text 'Shalawa18' has been set to element 'Object Repository/Mobile/Page/Login/Input Rdy - Password'

2022-01-20 11:20:29 - [TEST_STEP][PASSED] - delay(1): Delayed 1 second(s)

2022-01-20 11:20:30 - [MESSAGE][PASSED] - Delayed 1 second(s)

2022-01-20 11:20:30 - [TEST_STEP][PASSED] - hideKeyboard(): Keyboard is hidden

2022-01-20 11:20:37 - [MESSAGE][PASSED] - Keyboard is hidden

2022-01-20 11:20:37 - [TEST_STEP][PASSED] - tap(LOGN_BtnLogin, 0): Tapped on element 'Object Repository/Mobile/Page/Login/Button - Login'

2022-01-20 11:20:37 - [MESSAGE][WARNING] - Timeout '0' is invalid. Using default page load timeout: '60'

2022-01-20 11:20:38 - [MESSAGE][PASSED] - Tapped on element 'Object Repository/Mobile/Page/Login/Button - Login'

2022-01-20 11:20:38 - [TEST_STEP][PASSED] - delay(2): Delayed 2 second(s)

2022-01-20 11:20:40 - [MESSAGE][PASSED] - Delayed 2 second(s)

2022-01-20 11:20:40 - [TEST_STEP][PASSED] - break: null

2022-01-20 11:20:40 - [MESSAGE][PASSED] - Call Test Case 'Test Cases/Mobile/Page/Login/Login' successfully

2022-01-20 11:20:40 - [MESSAGE][PASSED] - Call Test Case 'Test Cases/Mobile/Page/CheckLogin' successfully

2022-01-20 11:20:40 - [TEST_STEP][PASSED] - tap(HOME_MenubarPortfolio, 0): Tapped on element 'Object Repository/Mobile/Page/Home/Menubar - Portfolio'

2022-01-20 11:20:40 - [MESSAGE][WARNING] - Timeout '0' is invalid. Using default page load timeout: '60'

2022-01-20 11:20:41 - [MESSAGE][PASSED] - Tapped on element 'Object Repository/Mobile/Page/Home/Menubar - Portfolio'

2022-01-20 11:20:41 - [TEST_STEP][PASSED] - delay(1): Delayed 1 second(s)

2022-01-20 11:20:42 - [MESSAGE][PASSED] - Delayed 1 second(s)

2022-01-20 11:20:42 - [TEST_STEP][PASSED] - for ([i = 0, i < 1, (i++)]): Delayed 3 second(s)

2022-01-20 11:20:42 - [TEST_STEP][PASSED] - if (tab == "summary"): null

2022-01-20 11:20:42 - [TEST_STEP][PASSED] - else if (tab == "stock"): Delayed 3 second(s)

2022-01-20 11:20:42 - [TEST_STEP][PASSED] - tap(PORT_TabStock, 0): Tapped on element 'Object Repository/Mobile/Page/Portfolio/Tab - Stock'

2022-01-20 11:20:42 - [MESSAGE][WARNING] - Timeout '0' is invalid. Using default page load timeout: '60'

2022-01-20 11:20:44 - [MESSAGE][PASSED] - Tapped on element 'Object Repository/Mobile/Page/Portfolio/Tab - Stock'

2022-01-20 11:20:44 - [TEST_STEP][PASSED] - scroll.scroll.scrollScreenBottomToTop(): scroll.scroll.scrollScreenBottomToTop is PASSED

2022-01-20 11:20:44 - [MESSAGE][PASSED] - Current device physical height is 1423

2022-01-20 11:20:44 - [MESSAGE][PASSED] - Current device physical width is 720

2022-01-20 11:20:45 - [MESSAGE][PASSED] - Swiped from 360,1,138 to 360,284

2022-01-20 11:20:45 - [MESSAGE][PASSED] - scroll.scroll.scrollScreenBottomToTop is PASSED

2022-01-20 11:20:45 - [TEST_STEP][PASSED] - delay(3): Delayed 3 second(s)

2022-01-20 11:20:48 - [MESSAGE][PASSED] - Delayed 3 second(s)

2022-01-20 11:20:48 - [MESSAGE][PASSED] - Call Test Case 'Test Cases/Mobile/Page/Portfolio/Portfolio' successfully

2022-01-20 11:20:48 - [TEST_STEP][PASSED] - callTestCase(findTestCase("Mobile/Page/Run App/Terminate App"), [:], STOP_ON_FAILURE): Call Test Case 'Test Cases/Mobile/Page/Run App/Terminate App' successfully

2022-01-20 11:20:48 - [TEST_CASE][PASSED] - Test Cases/Mobile/Page/Run App/Terminate App: Test Cases/Mobile/Page/Run App/Terminate App

2022-01-20 11:20:48 - [TEST_STEP][PASSED] - startApp.OpenApp.terminateApplication(): startApp.OpenApp.terminateApplication is PASSED

2022-01-20 11:20:51 - [MESSAGE][PASSED] - Delayed 3 second(s)

2022-01-20 11:20:52 - [MESSAGE][PASSED] - Current device physical width is 720

2022-01-20 11:20:52 - [MESSAGE][PASSED] - Current device physical height is 1423

2022-01-20 11:20:53 - [MESSAGE][PASSED] - Swiped from 360,853 to 360,142

2022-01-20 11:20:54 - [MESSAGE][PASSED] - Delayed 1 second(s)

2022-01-20 11:20:55 - [MESSAGE][PASSED] - Swiped from 360,853 to 360,142

2022-01-20 11:20:58 - [MESSAGE][PASSED] - Delayed 3 second(s)

2022-01-20 11:20:58 - [MESSAGE][PASSED] - startApp.OpenApp.terminateApplication is PASSED

2022-01-20 11:20:58 - [MESSAGE][PASSED] - Call Test Case 'Test Cases/Mobile/Page/Run App/Terminate App' successfully]]></system-out>
         <system-err><![CDATA[]]></system-err>
      </testcase>
      <testcase name="Test Cases/Mobile/Scenario/Portfolio/013 - Melihat detail mutual fund 1 month" time="62.094" classname="Test Cases/Mobile/Scenario/Portfolio/013 - Melihat detail mutual fund 1 month" status="PASSED">
         <system-out><![CDATA[2022-01-20 11:20:58 - [TEST_CASE][PASSED] - Test Cases/Mobile/Scenario/Portfolio/013 - Melihat detail mutual fund 1 month: Test Cases/Mobile/Scenario/Portfolio/013 - Melihat detail mutual fund 1 month

2022-01-20 11:20:59 - [TEST_STEP][PASSED] - callTestCase(findTestCase("Mobile/Page/Run App/Run App byID"), [:], STOP_ON_FAILURE): Call Test Case 'Test Cases/Mobile/Page/Run App/Run App byID' successfully

2022-01-20 11:20:59 - [TEST_CASE][PASSED] - Test Cases/Mobile/Page/Run App/Run App byID: Test Cases/Mobile/Page/Run App/Run App byID

2022-01-20 11:20:59 - [TEST_STEP][PASSED] - startApp.OpenApp.startApplication("id.co.miraeasset.sageclub"): startApp.OpenApp.startApplication is PASSED

2022-01-20 11:21:10 - [MESSAGE][PASSED] - Starting app with application ID: 'id.co.miraeasset.sageclub'

2022-01-20 11:21:10 - [MESSAGE][PASSED] - startApp.OpenApp.startApplication is PASSED

2022-01-20 11:21:10 - [MESSAGE][PASSED] - Call Test Case 'Test Cases/Mobile/Page/Run App/Run App byID' successfully

2022-01-20 11:21:10 - [TEST_STEP][PASSED] - callTestCase(findTestCase("Mobile/Page/Portfolio/Portfolio"), ["tab":"mutualfund", "action2":"1 month"], CONTINUE_ON_FAILURE): Call Test Case 'Test Cases/Mobile/Page/Portfolio/Portfolio' successfully

2022-01-20 11:21:10 - [TEST_CASE][PASSED] - Test Cases/Mobile/Page/Portfolio/Portfolio: Test Cases/Mobile/Page/Portfolio/Portfolio

2022-01-20 11:21:10 - [TEST_STEP][PASSED] - callTestCase(findTestCase("Mobile/Page/CheckLogin"), [:], CONTINUE_ON_FAILURE): Call Test Case 'Test Cases/Mobile/Page/CheckLogin' successfully

2022-01-20 11:21:10 - [TEST_CASE][PASSED] - Test Cases/Mobile/Page/CheckLogin: Test Cases/Mobile/Page/CheckLogin

2022-01-20 11:21:10 - [TEST_STEP][PASSED] - loginCheck = verifyElementExist(LOGN_BtnLogin, 5, CONTINUE_ON_FAILURE): Element 'Object Repository/Mobile/Page/Login/Button - Login' is exist

2022-01-20 11:21:13 - [MESSAGE][PASSED] - Element 'Object Repository/Mobile/Page/Login/Button - Login' is exist

2022-01-20 11:21:13 - [TEST_STEP][PASSED] - if (loginCheck): Call Test Case 'Test Cases/Mobile/Page/Login/Login' successfully

2022-01-20 11:21:13 - [TEST_STEP][PASSED] - callTestCase(findTestCase("Mobile/Page/Login/Login"), ["action":"username"], CONTINUE_ON_FAILURE): Call Test Case 'Test Cases/Mobile/Page/Login/Login' successfully

2022-01-20 11:21:13 - [TEST_CASE][PASSED] - Test Cases/Mobile/Page/Login/Login: Test Cases/Mobile/Page/Login/Login

2022-01-20 11:21:13 - [TEST_STEP][PASSED] - delay(2): Delayed 2 second(s)

2022-01-20 11:21:15 - [MESSAGE][PASSED] - Delayed 2 second(s)

2022-01-20 11:21:15 - [TEST_STEP][PASSED] - for ([i = 0, i < 1, (i++)]): null

2022-01-20 11:21:15 - [TEST_STEP][PASSED] - if (action == "username"): null

2022-01-20 11:21:15 - [TEST_STEP][PASSED] - tap(LOGN_EdtUserID, 0): Tapped on element 'Object Repository/Mobile/Page/Login/Input - UserID'

2022-01-20 11:21:15 - [MESSAGE][WARNING] - Timeout '0' is invalid. Using default page load timeout: '60'

2022-01-20 11:21:15 - [MESSAGE][PASSED] - Tapped on element 'Object Repository/Mobile/Page/Login/Input - UserID'

2022-01-20 11:21:15 - [TEST_STEP][PASSED] - delay(1): Delayed 1 second(s)

2022-01-20 11:21:16 - [MESSAGE][PASSED] - Delayed 1 second(s)

2022-01-20 11:21:16 - [TEST_STEP][PASSED] - setText(LOGN_EdtRdyUserID, "anggaaditya", 0): Text 'anggaaditya' has been set to element 'Object Repository/Mobile/Page/Login/Input Rdy - UserID'

2022-01-20 11:21:16 - [MESSAGE][WARNING] - Timeout '0' is invalid. Using default page load timeout: '60'

2022-01-20 11:21:17 - [MESSAGE][PASSED] - Text 'anggaaditya' has been set to element 'Object Repository/Mobile/Page/Login/Input Rdy - UserID'

2022-01-20 11:21:17 - [TEST_STEP][PASSED] - delay(1): Delayed 1 second(s)

2022-01-20 11:21:18 - [MESSAGE][PASSED] - Delayed 1 second(s)

2022-01-20 11:21:18 - [TEST_STEP][PASSED] - hideKeyboard(): Keyboard is hidden

2022-01-20 11:21:22 - [MESSAGE][PASSED] - Keyboard is hidden

2022-01-20 11:21:22 - [TEST_STEP][PASSED] - tap(LOGN_EdtPassword, 0): Tapped on element 'Object Repository/Mobile/Page/Login/Input - Password'

2022-01-20 11:21:22 - [MESSAGE][WARNING] - Timeout '0' is invalid. Using default page load timeout: '60'

2022-01-20 11:21:23 - [MESSAGE][PASSED] - Tapped on element 'Object Repository/Mobile/Page/Login/Input - Password'

2022-01-20 11:21:23 - [TEST_STEP][PASSED] - delay(1): Delayed 1 second(s)

2022-01-20 11:21:24 - [MESSAGE][PASSED] - Delayed 1 second(s)

2022-01-20 11:21:24 - [TEST_STEP][PASSED] - setText(LOGN_EdtRdyPassword, "Shalawa18", 0): Text 'Shalawa18' has been set to element 'Object Repository/Mobile/Page/Login/Input Rdy - Password'

2022-01-20 11:21:24 - [MESSAGE][WARNING] - Timeout '0' is invalid. Using default page load timeout: '60'

2022-01-20 11:21:24 - [MESSAGE][PASSED] - Text 'Shalawa18' has been set to element 'Object Repository/Mobile/Page/Login/Input Rdy - Password'

2022-01-20 11:21:24 - [TEST_STEP][PASSED] - delay(1): Delayed 1 second(s)

2022-01-20 11:21:25 - [MESSAGE][PASSED] - Delayed 1 second(s)

2022-01-20 11:21:25 - [TEST_STEP][PASSED] - hideKeyboard(): Keyboard is hidden

2022-01-20 11:21:31 - [MESSAGE][PASSED] - Keyboard is hidden

2022-01-20 11:21:31 - [TEST_STEP][PASSED] - tap(LOGN_BtnLogin, 0): Tapped on element 'Object Repository/Mobile/Page/Login/Button - Login'

2022-01-20 11:21:31 - [MESSAGE][WARNING] - Timeout '0' is invalid. Using default page load timeout: '60'

2022-01-20 11:21:32 - [MESSAGE][PASSED] - Tapped on element 'Object Repository/Mobile/Page/Login/Button - Login'

2022-01-20 11:21:32 - [TEST_STEP][PASSED] - delay(2): Delayed 2 second(s)

2022-01-20 11:21:34 - [MESSAGE][PASSED] - Delayed 2 second(s)

2022-01-20 11:21:34 - [TEST_STEP][PASSED] - break: null

2022-01-20 11:21:34 - [MESSAGE][PASSED] - Call Test Case 'Test Cases/Mobile/Page/Login/Login' successfully

2022-01-20 11:21:34 - [MESSAGE][PASSED] - Call Test Case 'Test Cases/Mobile/Page/CheckLogin' successfully

2022-01-20 11:21:34 - [TEST_STEP][PASSED] - tap(HOME_MenubarPortfolio, 0): Tapped on element 'Object Repository/Mobile/Page/Home/Menubar - Portfolio'

2022-01-20 11:21:34 - [MESSAGE][WARNING] - Timeout '0' is invalid. Using default page load timeout: '60'

2022-01-20 11:21:35 - [MESSAGE][PASSED] - Tapped on element 'Object Repository/Mobile/Page/Home/Menubar - Portfolio'

2022-01-20 11:21:35 - [TEST_STEP][PASSED] - delay(1): Delayed 1 second(s)

2022-01-20 11:21:36 - [MESSAGE][PASSED] - Delayed 1 second(s)

2022-01-20 11:21:36 - [TEST_STEP][PASSED] - for ([i = 0, i < 1, (i++)]): scroll.scroll.scrollScreenBottomToTop is PASSED

2022-01-20 11:21:36 - [TEST_STEP][PASSED] - if (tab == "summary"): null

2022-01-20 11:21:36 - [TEST_STEP][PASSED] - else if (tab == "stock"): null

2022-01-20 11:21:36 - [TEST_STEP][PASSED] - else if (tab == "mutualfund"): scroll.scroll.scrollScreenBottomToTop is PASSED

2022-01-20 11:21:36 - [TEST_STEP][PASSED] - tap(PORT_TabMutualFund, 0): Tapped on element 'Object Repository/Mobile/Page/Portfolio/Tab - Mutual Fund'

2022-01-20 11:21:36 - [MESSAGE][WARNING] - Timeout '0' is invalid. Using default page load timeout: '60'

2022-01-20 11:21:37 - [MESSAGE][PASSED] - Tapped on element 'Object Repository/Mobile/Page/Portfolio/Tab - Mutual Fund'

2022-01-20 11:21:37 - [TEST_STEP][PASSED] - delay(1): Delayed 1 second(s)

2022-01-20 11:21:38 - [MESSAGE][PASSED] - Delayed 1 second(s)

2022-01-20 11:21:38 - [TEST_STEP][PASSED] - try: scroll.scroll.scrollScreenBottomToTop is PASSED

2022-01-20 11:21:38 - [TEST_STEP][PASSED] - tapAndHold(PORT_ItemTopMutualFund, 1, 10): Tapped and held on element 'Object Repository/Mobile/Page/Portfolio/Item - Top Mutual Fund' with duration 1

2022-01-20 11:21:41 - [MESSAGE][PASSED] - Tapped and held on element 'Object Repository/Mobile/Page/Portfolio/Item - Top Mutual Fund' with duration 1

2022-01-20 11:21:41 - [TEST_STEP][PASSED] - delay(2): Delayed 2 second(s)

2022-01-20 11:21:43 - [MESSAGE][PASSED] - Delayed 2 second(s)

2022-01-20 11:21:43 - [TEST_STEP][PASSED] - switch (action2): null

2022-01-20 11:21:43 - [TEST_STEP][PASSED] - case "1 month":: null

2022-01-20 11:21:43 - [TEST_STEP][PASSED] - tapAndHold(PORT_DETL_Btn1Month, 1, 0): Tapped and held on element 'Object Repository/Mobile/Page/Portfolio/Detail Mutual Funds/Button - 1 Month' with duration 1

2022-01-20 11:21:43 - [MESSAGE][WARNING] - Timeout '0' is invalid. Using default page load timeout: '60'

2022-01-20 11:21:46 - [MESSAGE][PASSED] - Tapped and held on element 'Object Repository/Mobile/Page/Portfolio/Detail Mutual Funds/Button - 1 Month' with duration 1

2022-01-20 11:21:46 - [TEST_STEP][PASSED] - break: null

2022-01-20 11:21:46 - [TEST_STEP][PASSED] - delay(3): Delayed 3 second(s)

2022-01-20 11:21:49 - [MESSAGE][PASSED] - Delayed 3 second(s)

2022-01-20 11:21:49 - [TEST_STEP][PASSED] - scroll.scroll.scrollScreenBottomToTop(): scroll.scroll.scrollScreenBottomToTop is PASSED

2022-01-20 11:21:49 - [MESSAGE][PASSED] - Current device physical height is 1423

2022-01-20 11:21:49 - [MESSAGE][PASSED] - Current device physical width is 720

2022-01-20 11:21:50 - [MESSAGE][PASSED] - Swiped from 360,1,138 to 360,284

2022-01-20 11:21:50 - [MESSAGE][PASSED] - scroll.scroll.scrollScreenBottomToTop is PASSED

2022-01-20 11:21:50 - [MESSAGE][PASSED] - Call Test Case 'Test Cases/Mobile/Page/Portfolio/Portfolio' successfully

2022-01-20 11:21:50 - [TEST_STEP][PASSED] - callTestCase(findTestCase("Mobile/Page/Run App/Terminate App"), [:], STOP_ON_FAILURE): Call Test Case 'Test Cases/Mobile/Page/Run App/Terminate App' successfully

2022-01-20 11:21:50 - [TEST_CASE][PASSED] - Test Cases/Mobile/Page/Run App/Terminate App: Test Cases/Mobile/Page/Run App/Terminate App

2022-01-20 11:21:50 - [TEST_STEP][PASSED] - startApp.OpenApp.terminateApplication(): startApp.OpenApp.terminateApplication is PASSED

2022-01-20 11:21:53 - [MESSAGE][PASSED] - Delayed 3 second(s)

2022-01-20 11:21:54 - [MESSAGE][PASSED] - Current device physical width is 720

2022-01-20 11:21:54 - [MESSAGE][PASSED] - Current device physical height is 1423

2022-01-20 11:21:55 - [MESSAGE][PASSED] - Swiped from 360,853 to 360,142

2022-01-20 11:21:56 - [MESSAGE][PASSED] - Delayed 1 second(s)

2022-01-20 11:21:57 - [MESSAGE][PASSED] - Swiped from 360,853 to 360,142

2022-01-20 11:22:00 - [MESSAGE][PASSED] - Delayed 3 second(s)

2022-01-20 11:22:00 - [MESSAGE][PASSED] - startApp.OpenApp.terminateApplication is PASSED

2022-01-20 11:22:00 - [MESSAGE][PASSED] - Call Test Case 'Test Cases/Mobile/Page/Run App/Terminate App' successfully]]></system-out>
         <system-err><![CDATA[]]></system-err>
      </testcase>
      <testcase name="Test Cases/Mobile/Scenario/Portfolio/014 - Melihat detail mutual fund 3 month" time="62.196" classname="Test Cases/Mobile/Scenario/Portfolio/014 - Melihat detail mutual fund 3 month" status="PASSED">
         <system-out><![CDATA[2022-01-20 11:22:00 - [TEST_CASE][PASSED] - Test Cases/Mobile/Scenario/Portfolio/014 - Melihat detail mutual fund 3 month: Test Cases/Mobile/Scenario/Portfolio/014 - Melihat detail mutual fund 3 month

2022-01-20 11:22:01 - [TEST_STEP][PASSED] - callTestCase(findTestCase("Mobile/Page/Run App/Run App byID"), [:], STOP_ON_FAILURE): Call Test Case 'Test Cases/Mobile/Page/Run App/Run App byID' successfully

2022-01-20 11:22:01 - [TEST_CASE][PASSED] - Test Cases/Mobile/Page/Run App/Run App byID: Test Cases/Mobile/Page/Run App/Run App byID

2022-01-20 11:22:01 - [TEST_STEP][PASSED] - startApp.OpenApp.startApplication("id.co.miraeasset.sageclub"): startApp.OpenApp.startApplication is PASSED

2022-01-20 11:22:12 - [MESSAGE][PASSED] - Starting app with application ID: 'id.co.miraeasset.sageclub'

2022-01-20 11:22:12 - [MESSAGE][PASSED] - startApp.OpenApp.startApplication is PASSED

2022-01-20 11:22:12 - [MESSAGE][PASSED] - Call Test Case 'Test Cases/Mobile/Page/Run App/Run App byID' successfully

2022-01-20 11:22:12 - [TEST_STEP][PASSED] - callTestCase(findTestCase("Mobile/Page/Portfolio/Portfolio"), ["tab":"mutualfund", "action2":"3 month"], CONTINUE_ON_FAILURE): Call Test Case 'Test Cases/Mobile/Page/Portfolio/Portfolio' successfully

2022-01-20 11:22:13 - [TEST_CASE][PASSED] - Test Cases/Mobile/Page/Portfolio/Portfolio: Test Cases/Mobile/Page/Portfolio/Portfolio

2022-01-20 11:22:13 - [TEST_STEP][PASSED] - callTestCase(findTestCase("Mobile/Page/CheckLogin"), [:], CONTINUE_ON_FAILURE): Call Test Case 'Test Cases/Mobile/Page/CheckLogin' successfully

2022-01-20 11:22:13 - [TEST_CASE][PASSED] - Test Cases/Mobile/Page/CheckLogin: Test Cases/Mobile/Page/CheckLogin

2022-01-20 11:22:13 - [TEST_STEP][PASSED] - loginCheck = verifyElementExist(LOGN_BtnLogin, 5, CONTINUE_ON_FAILURE): Element 'Object Repository/Mobile/Page/Login/Button - Login' is exist

2022-01-20 11:22:14 - [MESSAGE][PASSED] - Element 'Object Repository/Mobile/Page/Login/Button - Login' is exist

2022-01-20 11:22:14 - [TEST_STEP][PASSED] - if (loginCheck): Call Test Case 'Test Cases/Mobile/Page/Login/Login' successfully

2022-01-20 11:22:14 - [TEST_STEP][PASSED] - callTestCase(findTestCase("Mobile/Page/Login/Login"), ["action":"username"], CONTINUE_ON_FAILURE): Call Test Case 'Test Cases/Mobile/Page/Login/Login' successfully

2022-01-20 11:22:15 - [TEST_CASE][PASSED] - Test Cases/Mobile/Page/Login/Login: Test Cases/Mobile/Page/Login/Login

2022-01-20 11:22:15 - [TEST_STEP][PASSED] - delay(2): Delayed 2 second(s)

2022-01-20 11:22:17 - [MESSAGE][PASSED] - Delayed 2 second(s)

2022-01-20 11:22:17 - [TEST_STEP][PASSED] - for ([i = 0, i < 1, (i++)]): null

2022-01-20 11:22:17 - [TEST_STEP][PASSED] - if (action == "username"): null

2022-01-20 11:22:17 - [TEST_STEP][PASSED] - tap(LOGN_EdtUserID, 0): Tapped on element 'Object Repository/Mobile/Page/Login/Input - UserID'

2022-01-20 11:22:17 - [MESSAGE][WARNING] - Timeout '0' is invalid. Using default page load timeout: '60'

2022-01-20 11:22:17 - [MESSAGE][PASSED] - Tapped on element 'Object Repository/Mobile/Page/Login/Input - UserID'

2022-01-20 11:22:17 - [TEST_STEP][PASSED] - delay(1): Delayed 1 second(s)

2022-01-20 11:22:18 - [MESSAGE][PASSED] - Delayed 1 second(s)

2022-01-20 11:22:18 - [TEST_STEP][PASSED] - setText(LOGN_EdtRdyUserID, "anggaaditya", 0): Text 'anggaaditya' has been set to element 'Object Repository/Mobile/Page/Login/Input Rdy - UserID'

2022-01-20 11:22:18 - [MESSAGE][WARNING] - Timeout '0' is invalid. Using default page load timeout: '60'

2022-01-20 11:22:19 - [MESSAGE][PASSED] - Text 'anggaaditya' has been set to element 'Object Repository/Mobile/Page/Login/Input Rdy - UserID'

2022-01-20 11:22:19 - [TEST_STEP][PASSED] - delay(1): Delayed 1 second(s)

2022-01-20 11:22:20 - [MESSAGE][PASSED] - Delayed 1 second(s)

2022-01-20 11:22:20 - [TEST_STEP][PASSED] - hideKeyboard(): Keyboard is hidden

2022-01-20 11:22:24 - [MESSAGE][PASSED] - Keyboard is hidden

2022-01-20 11:22:24 - [TEST_STEP][PASSED] - tap(LOGN_EdtPassword, 0): Tapped on element 'Object Repository/Mobile/Page/Login/Input - Password'

2022-01-20 11:22:24 - [MESSAGE][WARNING] - Timeout '0' is invalid. Using default page load timeout: '60'

2022-01-20 11:22:24 - [MESSAGE][PASSED] - Tapped on element 'Object Repository/Mobile/Page/Login/Input - Password'

2022-01-20 11:22:24 - [TEST_STEP][PASSED] - delay(1): Delayed 1 second(s)

2022-01-20 11:22:25 - [MESSAGE][PASSED] - Delayed 1 second(s)

2022-01-20 11:22:25 - [TEST_STEP][PASSED] - setText(LOGN_EdtRdyPassword, "Shalawa18", 0): Text 'Shalawa18' has been set to element 'Object Repository/Mobile/Page/Login/Input Rdy - Password'

2022-01-20 11:22:25 - [MESSAGE][WARNING] - Timeout '0' is invalid. Using default page load timeout: '60'

2022-01-20 11:22:25 - [MESSAGE][PASSED] - Text 'Shalawa18' has been set to element 'Object Repository/Mobile/Page/Login/Input Rdy - Password'

2022-01-20 11:22:25 - [TEST_STEP][PASSED] - delay(1): Delayed 1 second(s)

2022-01-20 11:22:26 - [MESSAGE][PASSED] - Delayed 1 second(s)

2022-01-20 11:22:26 - [TEST_STEP][PASSED] - hideKeyboard(): Keyboard is hidden

2022-01-20 11:22:33 - [MESSAGE][PASSED] - Keyboard is hidden

2022-01-20 11:22:33 - [TEST_STEP][PASSED] - tap(LOGN_BtnLogin, 0): Tapped on element 'Object Repository/Mobile/Page/Login/Button - Login'

2022-01-20 11:22:33 - [MESSAGE][WARNING] - Timeout '0' is invalid. Using default page load timeout: '60'

2022-01-20 11:22:33 - [MESSAGE][PASSED] - Tapped on element 'Object Repository/Mobile/Page/Login/Button - Login'

2022-01-20 11:22:33 - [TEST_STEP][PASSED] - delay(2): Delayed 2 second(s)

2022-01-20 11:22:35 - [MESSAGE][PASSED] - Delayed 2 second(s)

2022-01-20 11:22:35 - [TEST_STEP][PASSED] - break: null

2022-01-20 11:22:35 - [MESSAGE][PASSED] - Call Test Case 'Test Cases/Mobile/Page/Login/Login' successfully

2022-01-20 11:22:35 - [MESSAGE][PASSED] - Call Test Case 'Test Cases/Mobile/Page/CheckLogin' successfully

2022-01-20 11:22:35 - [TEST_STEP][PASSED] - tap(HOME_MenubarPortfolio, 0): Tapped on element 'Object Repository/Mobile/Page/Home/Menubar - Portfolio'

2022-01-20 11:22:35 - [MESSAGE][WARNING] - Timeout '0' is invalid. Using default page load timeout: '60'

2022-01-20 11:22:36 - [MESSAGE][PASSED] - Tapped on element 'Object Repository/Mobile/Page/Home/Menubar - Portfolio'

2022-01-20 11:22:36 - [TEST_STEP][PASSED] - delay(1): Delayed 1 second(s)

2022-01-20 11:22:37 - [MESSAGE][PASSED] - Delayed 1 second(s)

2022-01-20 11:22:37 - [TEST_STEP][PASSED] - for ([i = 0, i < 1, (i++)]): scroll.scroll.scrollScreenBottomToTop is PASSED

2022-01-20 11:22:37 - [TEST_STEP][PASSED] - if (tab == "summary"): null

2022-01-20 11:22:37 - [TEST_STEP][PASSED] - else if (tab == "stock"): null

2022-01-20 11:22:37 - [TEST_STEP][PASSED] - else if (tab == "mutualfund"): scroll.scroll.scrollScreenBottomToTop is PASSED

2022-01-20 11:22:37 - [TEST_STEP][PASSED] - tap(PORT_TabMutualFund, 0): Tapped on element 'Object Repository/Mobile/Page/Portfolio/Tab - Mutual Fund'

2022-01-20 11:22:37 - [MESSAGE][WARNING] - Timeout '0' is invalid. Using default page load timeout: '60'

2022-01-20 11:22:39 - [MESSAGE][PASSED] - Tapped on element 'Object Repository/Mobile/Page/Portfolio/Tab - Mutual Fund'

2022-01-20 11:22:39 - [TEST_STEP][PASSED] - delay(1): Delayed 1 second(s)

2022-01-20 11:22:40 - [MESSAGE][PASSED] - Delayed 1 second(s)

2022-01-20 11:22:40 - [TEST_STEP][PASSED] - try: scroll.scroll.scrollScreenBottomToTop is PASSED

2022-01-20 11:22:40 - [TEST_STEP][PASSED] - tapAndHold(PORT_ItemTopMutualFund, 1, 10): Tapped and held on element 'Object Repository/Mobile/Page/Portfolio/Item - Top Mutual Fund' with duration 1

2022-01-20 11:22:43 - [MESSAGE][PASSED] - Tapped and held on element 'Object Repository/Mobile/Page/Portfolio/Item - Top Mutual Fund' with duration 1

2022-01-20 11:22:43 - [TEST_STEP][PASSED] - delay(2): Delayed 2 second(s)

2022-01-20 11:22:45 - [MESSAGE][PASSED] - Delayed 2 second(s)

2022-01-20 11:22:45 - [TEST_STEP][PASSED] - switch (action2): null

2022-01-20 11:22:45 - [TEST_STEP][PASSED] - case "3 month":: null

2022-01-20 11:22:45 - [TEST_STEP][PASSED] - tapAndHold(PORT_DETL_Btn3Month, 1, 0): Tapped and held on element 'Object Repository/Mobile/Page/Portfolio/Detail Mutual Funds/Button - 3 Month' with duration 1

2022-01-20 11:22:45 - [MESSAGE][WARNING] - Timeout '0' is invalid. Using default page load timeout: '60'

2022-01-20 11:22:48 - [MESSAGE][PASSED] - Tapped and held on element 'Object Repository/Mobile/Page/Portfolio/Detail Mutual Funds/Button - 3 Month' with duration 1

2022-01-20 11:22:48 - [TEST_STEP][PASSED] - break: null

2022-01-20 11:22:48 - [TEST_STEP][PASSED] - delay(3): Delayed 3 second(s)

2022-01-20 11:22:51 - [MESSAGE][PASSED] - Delayed 3 second(s)

2022-01-20 11:22:51 - [TEST_STEP][PASSED] - scroll.scroll.scrollScreenBottomToTop(): scroll.scroll.scrollScreenBottomToTop is PASSED

2022-01-20 11:22:51 - [MESSAGE][PASSED] - Current device physical height is 1423

2022-01-20 11:22:51 - [MESSAGE][PASSED] - Current device physical width is 720

2022-01-20 11:22:52 - [MESSAGE][PASSED] - Swiped from 360,1,138 to 360,284

2022-01-20 11:22:52 - [MESSAGE][PASSED] - scroll.scroll.scrollScreenBottomToTop is PASSED

2022-01-20 11:22:52 - [MESSAGE][PASSED] - Call Test Case 'Test Cases/Mobile/Page/Portfolio/Portfolio' successfully

2022-01-20 11:22:52 - [TEST_STEP][PASSED] - callTestCase(findTestCase("Mobile/Page/Run App/Terminate App"), [:], STOP_ON_FAILURE): Call Test Case 'Test Cases/Mobile/Page/Run App/Terminate App' successfully

2022-01-20 11:22:52 - [TEST_CASE][PASSED] - Test Cases/Mobile/Page/Run App/Terminate App: Test Cases/Mobile/Page/Run App/Terminate App

2022-01-20 11:22:52 - [TEST_STEP][PASSED] - startApp.OpenApp.terminateApplication(): startApp.OpenApp.terminateApplication is PASSED

2022-01-20 11:22:56 - [MESSAGE][PASSED] - Delayed 3 second(s)

2022-01-20 11:22:56 - [MESSAGE][PASSED] - Current device physical width is 720

2022-01-20 11:22:56 - [MESSAGE][PASSED] - Current device physical height is 1423

2022-01-20 11:22:57 - [MESSAGE][PASSED] - Swiped from 360,853 to 360,142

2022-01-20 11:22:58 - [MESSAGE][PASSED] - Delayed 1 second(s)

2022-01-20 11:23:00 - [MESSAGE][PASSED] - Swiped from 360,853 to 360,142

2022-01-20 11:23:03 - [MESSAGE][PASSED] - Delayed 3 second(s)

2022-01-20 11:23:03 - [MESSAGE][PASSED] - startApp.OpenApp.terminateApplication is PASSED

2022-01-20 11:23:03 - [MESSAGE][PASSED] - Call Test Case 'Test Cases/Mobile/Page/Run App/Terminate App' successfully]]></system-out>
         <system-err><![CDATA[]]></system-err>
      </testcase>
      <testcase name="Test Cases/Mobile/Scenario/Portfolio/015 - Melihat detail mutual fund 6 month" time="61.538" classname="Test Cases/Mobile/Scenario/Portfolio/015 - Melihat detail mutual fund 6 month" status="PASSED">
         <system-out><![CDATA[2022-01-20 11:23:03 - [TEST_CASE][PASSED] - Test Cases/Mobile/Scenario/Portfolio/015 - Melihat detail mutual fund 6 month: Test Cases/Mobile/Scenario/Portfolio/015 - Melihat detail mutual fund 6 month

2022-01-20 11:23:03 - [TEST_STEP][PASSED] - callTestCase(findTestCase("Mobile/Page/Run App/Run App byID"), [:], STOP_ON_FAILURE): Call Test Case 'Test Cases/Mobile/Page/Run App/Run App byID' successfully

2022-01-20 11:23:03 - [TEST_CASE][PASSED] - Test Cases/Mobile/Page/Run App/Run App byID: Test Cases/Mobile/Page/Run App/Run App byID

2022-01-20 11:23:03 - [TEST_STEP][PASSED] - startApp.OpenApp.startApplication("id.co.miraeasset.sageclub"): startApp.OpenApp.startApplication is PASSED

2022-01-20 11:23:15 - [MESSAGE][PASSED] - Starting app with application ID: 'id.co.miraeasset.sageclub'

2022-01-20 11:23:15 - [MESSAGE][PASSED] - startApp.OpenApp.startApplication is PASSED

2022-01-20 11:23:15 - [MESSAGE][PASSED] - Call Test Case 'Test Cases/Mobile/Page/Run App/Run App byID' successfully

2022-01-20 11:23:15 - [TEST_STEP][PASSED] - callTestCase(findTestCase("Mobile/Page/Portfolio/Portfolio"), ["tab":"mutualfund", "action2":"6 month"], CONTINUE_ON_FAILURE): Call Test Case 'Test Cases/Mobile/Page/Portfolio/Portfolio' successfully

2022-01-20 11:23:15 - [TEST_CASE][PASSED] - Test Cases/Mobile/Page/Portfolio/Portfolio: Test Cases/Mobile/Page/Portfolio/Portfolio

2022-01-20 11:23:15 - [TEST_STEP][PASSED] - callTestCase(findTestCase("Mobile/Page/CheckLogin"), [:], CONTINUE_ON_FAILURE): Call Test Case 'Test Cases/Mobile/Page/CheckLogin' successfully

2022-01-20 11:23:15 - [TEST_CASE][PASSED] - Test Cases/Mobile/Page/CheckLogin: Test Cases/Mobile/Page/CheckLogin

2022-01-20 11:23:15 - [TEST_STEP][PASSED] - loginCheck = verifyElementExist(LOGN_BtnLogin, 5, CONTINUE_ON_FAILURE): Element 'Object Repository/Mobile/Page/Login/Button - Login' is exist

2022-01-20 11:23:17 - [MESSAGE][PASSED] - Element 'Object Repository/Mobile/Page/Login/Button - Login' is exist

2022-01-20 11:23:17 - [TEST_STEP][PASSED] - if (loginCheck): Call Test Case 'Test Cases/Mobile/Page/Login/Login' successfully

2022-01-20 11:23:17 - [TEST_STEP][PASSED] - callTestCase(findTestCase("Mobile/Page/Login/Login"), ["action":"username"], CONTINUE_ON_FAILURE): Call Test Case 'Test Cases/Mobile/Page/Login/Login' successfully

2022-01-20 11:23:17 - [TEST_CASE][PASSED] - Test Cases/Mobile/Page/Login/Login: Test Cases/Mobile/Page/Login/Login

2022-01-20 11:23:17 - [TEST_STEP][PASSED] - delay(2): Delayed 2 second(s)

2022-01-20 11:23:19 - [MESSAGE][PASSED] - Delayed 2 second(s)

2022-01-20 11:23:19 - [TEST_STEP][PASSED] - for ([i = 0, i < 1, (i++)]): null

2022-01-20 11:23:19 - [TEST_STEP][PASSED] - if (action == "username"): null

2022-01-20 11:23:19 - [TEST_STEP][PASSED] - tap(LOGN_EdtUserID, 0): Tapped on element 'Object Repository/Mobile/Page/Login/Input - UserID'

2022-01-20 11:23:19 - [MESSAGE][WARNING] - Timeout '0' is invalid. Using default page load timeout: '60'

2022-01-20 11:23:19 - [MESSAGE][PASSED] - Tapped on element 'Object Repository/Mobile/Page/Login/Input - UserID'

2022-01-20 11:23:19 - [TEST_STEP][PASSED] - delay(1): Delayed 1 second(s)

2022-01-20 11:23:20 - [MESSAGE][PASSED] - Delayed 1 second(s)

2022-01-20 11:23:20 - [TEST_STEP][PASSED] - setText(LOGN_EdtRdyUserID, "anggaaditya", 0): Text 'anggaaditya' has been set to element 'Object Repository/Mobile/Page/Login/Input Rdy - UserID'

2022-01-20 11:23:20 - [MESSAGE][WARNING] - Timeout '0' is invalid. Using default page load timeout: '60'

2022-01-20 11:23:21 - [MESSAGE][PASSED] - Text 'anggaaditya' has been set to element 'Object Repository/Mobile/Page/Login/Input Rdy - UserID'

2022-01-20 11:23:21 - [TEST_STEP][PASSED] - delay(1): Delayed 1 second(s)

2022-01-20 11:23:22 - [MESSAGE][PASSED] - Delayed 1 second(s)

2022-01-20 11:23:22 - [TEST_STEP][PASSED] - hideKeyboard(): Keyboard is hidden

2022-01-20 11:23:25 - [MESSAGE][PASSED] - Keyboard is hidden

2022-01-20 11:23:25 - [TEST_STEP][PASSED] - tap(LOGN_EdtPassword, 0): Tapped on element 'Object Repository/Mobile/Page/Login/Input - Password'

2022-01-20 11:23:25 - [MESSAGE][WARNING] - Timeout '0' is invalid. Using default page load timeout: '60'

2022-01-20 11:23:26 - [MESSAGE][PASSED] - Tapped on element 'Object Repository/Mobile/Page/Login/Input - Password'

2022-01-20 11:23:26 - [TEST_STEP][PASSED] - delay(1): Delayed 1 second(s)

2022-01-20 11:23:27 - [MESSAGE][PASSED] - Delayed 1 second(s)

2022-01-20 11:23:27 - [TEST_STEP][PASSED] - setText(LOGN_EdtRdyPassword, "Shalawa18", 0): Text 'Shalawa18' has been set to element 'Object Repository/Mobile/Page/Login/Input Rdy - Password'

2022-01-20 11:23:27 - [MESSAGE][WARNING] - Timeout '0' is invalid. Using default page load timeout: '60'

2022-01-20 11:23:27 - [MESSAGE][PASSED] - Text 'Shalawa18' has been set to element 'Object Repository/Mobile/Page/Login/Input Rdy - Password'

2022-01-20 11:23:27 - [TEST_STEP][PASSED] - delay(1): Delayed 1 second(s)

2022-01-20 11:23:28 - [MESSAGE][PASSED] - Delayed 1 second(s)

2022-01-20 11:23:28 - [TEST_STEP][PASSED] - hideKeyboard(): Keyboard is hidden

2022-01-20 11:23:35 - [MESSAGE][PASSED] - Keyboard is hidden

2022-01-20 11:23:35 - [TEST_STEP][PASSED] - tap(LOGN_BtnLogin, 0): Tapped on element 'Object Repository/Mobile/Page/Login/Button - Login'

2022-01-20 11:23:35 - [MESSAGE][WARNING] - Timeout '0' is invalid. Using default page load timeout: '60'

2022-01-20 11:23:36 - [MESSAGE][PASSED] - Tapped on element 'Object Repository/Mobile/Page/Login/Button - Login'

2022-01-20 11:23:36 - [TEST_STEP][PASSED] - delay(2): Delayed 2 second(s)

2022-01-20 11:23:38 - [MESSAGE][PASSED] - Delayed 2 second(s)

2022-01-20 11:23:38 - [TEST_STEP][PASSED] - break: null

2022-01-20 11:23:38 - [MESSAGE][PASSED] - Call Test Case 'Test Cases/Mobile/Page/Login/Login' successfully

2022-01-20 11:23:38 - [MESSAGE][PASSED] - Call Test Case 'Test Cases/Mobile/Page/CheckLogin' successfully

2022-01-20 11:23:38 - [TEST_STEP][PASSED] - tap(HOME_MenubarPortfolio, 0): Tapped on element 'Object Repository/Mobile/Page/Home/Menubar - Portfolio'

2022-01-20 11:23:38 - [MESSAGE][WARNING] - Timeout '0' is invalid. Using default page load timeout: '60'

2022-01-20 11:23:38 - [MESSAGE][PASSED] - Tapped on element 'Object Repository/Mobile/Page/Home/Menubar - Portfolio'

2022-01-20 11:23:38 - [TEST_STEP][PASSED] - delay(1): Delayed 1 second(s)

2022-01-20 11:23:39 - [MESSAGE][PASSED] - Delayed 1 second(s)

2022-01-20 11:23:39 - [TEST_STEP][PASSED] - for ([i = 0, i < 1, (i++)]): scroll.scroll.scrollScreenBottomToTop is PASSED

2022-01-20 11:23:39 - [TEST_STEP][PASSED] - if (tab == "summary"): null

2022-01-20 11:23:39 - [TEST_STEP][PASSED] - else if (tab == "stock"): null

2022-01-20 11:23:39 - [TEST_STEP][PASSED] - else if (tab == "mutualfund"): scroll.scroll.scrollScreenBottomToTop is PASSED

2022-01-20 11:23:39 - [TEST_STEP][PASSED] - tap(PORT_TabMutualFund, 0): Tapped on element 'Object Repository/Mobile/Page/Portfolio/Tab - Mutual Fund'

2022-01-20 11:23:39 - [MESSAGE][WARNING] - Timeout '0' is invalid. Using default page load timeout: '60'

2022-01-20 11:23:40 - [MESSAGE][PASSED] - Tapped on element 'Object Repository/Mobile/Page/Portfolio/Tab - Mutual Fund'

2022-01-20 11:23:40 - [TEST_STEP][PASSED] - delay(1): Delayed 1 second(s)

2022-01-20 11:23:41 - [MESSAGE][PASSED] - Delayed 1 second(s)

2022-01-20 11:23:41 - [TEST_STEP][PASSED] - try: scroll.scroll.scrollScreenBottomToTop is PASSED

2022-01-20 11:23:41 - [TEST_STEP][PASSED] - tapAndHold(PORT_ItemTopMutualFund, 1, 10): Tapped and held on element 'Object Repository/Mobile/Page/Portfolio/Item - Top Mutual Fund' with duration 1

2022-01-20 11:23:44 - [MESSAGE][PASSED] - Tapped and held on element 'Object Repository/Mobile/Page/Portfolio/Item - Top Mutual Fund' with duration 1

2022-01-20 11:23:44 - [TEST_STEP][PASSED] - delay(2): Delayed 2 second(s)

2022-01-20 11:23:46 - [MESSAGE][PASSED] - Delayed 2 second(s)

2022-01-20 11:23:46 - [TEST_STEP][PASSED] - switch (action2): null

2022-01-20 11:23:46 - [TEST_STEP][PASSED] - case "6 month":: null

2022-01-20 11:23:46 - [TEST_STEP][PASSED] - tapAndHold(PORT_DETL_Btn6Month, 1, 0): Tapped and held on element 'Object Repository/Mobile/Page/Portfolio/Detail Mutual Funds/Button - 6 Month' with duration 1

2022-01-20 11:23:46 - [MESSAGE][WARNING] - Timeout '0' is invalid. Using default page load timeout: '60'

2022-01-20 11:23:49 - [MESSAGE][PASSED] - Tapped and held on element 'Object Repository/Mobile/Page/Portfolio/Detail Mutual Funds/Button - 6 Month' with duration 1

2022-01-20 11:23:49 - [TEST_STEP][PASSED] - break: null

2022-01-20 11:23:49 - [TEST_STEP][PASSED] - delay(3): Delayed 3 second(s)

2022-01-20 11:23:52 - [MESSAGE][PASSED] - Delayed 3 second(s)

2022-01-20 11:23:52 - [TEST_STEP][PASSED] - scroll.scroll.scrollScreenBottomToTop(): scroll.scroll.scrollScreenBottomToTop is PASSED

2022-01-20 11:23:52 - [MESSAGE][PASSED] - Current device physical height is 1423

2022-01-20 11:23:52 - [MESSAGE][PASSED] - Current device physical width is 720

2022-01-20 11:23:54 - [MESSAGE][PASSED] - Swiped from 360,1,138 to 360,284

2022-01-20 11:23:54 - [MESSAGE][PASSED] - scroll.scroll.scrollScreenBottomToTop is PASSED

2022-01-20 11:23:54 - [MESSAGE][PASSED] - Call Test Case 'Test Cases/Mobile/Page/Portfolio/Portfolio' successfully

2022-01-20 11:23:54 - [TEST_STEP][PASSED] - callTestCase(findTestCase("Mobile/Page/Run App/Terminate App"), [:], STOP_ON_FAILURE): Call Test Case 'Test Cases/Mobile/Page/Run App/Terminate App' successfully

2022-01-20 11:23:54 - [TEST_CASE][PASSED] - Test Cases/Mobile/Page/Run App/Terminate App: Test Cases/Mobile/Page/Run App/Terminate App

2022-01-20 11:23:54 - [TEST_STEP][PASSED] - startApp.OpenApp.terminateApplication(): startApp.OpenApp.terminateApplication is PASSED

2022-01-20 11:23:57 - [MESSAGE][PASSED] - Delayed 3 second(s)

2022-01-20 11:23:57 - [MESSAGE][PASSED] - Current device physical width is 720

2022-01-20 11:23:58 - [MESSAGE][PASSED] - Current device physical height is 1423

2022-01-20 11:23:59 - [MESSAGE][PASSED] - Swiped from 360,853 to 360,142

2022-01-20 11:24:00 - [MESSAGE][PASSED] - Delayed 1 second(s)

2022-01-20 11:24:01 - [MESSAGE][PASSED] - Swiped from 360,853 to 360,142

2022-01-20 11:24:04 - [MESSAGE][PASSED] - Delayed 3 second(s)

2022-01-20 11:24:04 - [MESSAGE][PASSED] - startApp.OpenApp.terminateApplication is PASSED

2022-01-20 11:24:04 - [MESSAGE][PASSED] - Call Test Case 'Test Cases/Mobile/Page/Run App/Terminate App' successfully]]></system-out>
         <system-err><![CDATA[]]></system-err>
      </testcase>
      <testcase name="Test Cases/Mobile/Scenario/Portfolio/016 - Melihat detail mutual fund 1 year" time="61.591" classname="Test Cases/Mobile/Scenario/Portfolio/016 - Melihat detail mutual fund 1 year" status="PASSED">
         <system-out><![CDATA[2022-01-20 11:24:04 - [TEST_CASE][PASSED] - Test Cases/Mobile/Scenario/Portfolio/016 - Melihat detail mutual fund 1 year: Test Cases/Mobile/Scenario/Portfolio/016 - Melihat detail mutual fund 1 year

2022-01-20 11:24:04 - [TEST_STEP][PASSED] - callTestCase(findTestCase("Mobile/Page/Run App/Run App byID"), [:], STOP_ON_FAILURE): Call Test Case 'Test Cases/Mobile/Page/Run App/Run App byID' successfully

2022-01-20 11:24:04 - [TEST_CASE][PASSED] - Test Cases/Mobile/Page/Run App/Run App byID: Test Cases/Mobile/Page/Run App/Run App byID

2022-01-20 11:24:04 - [TEST_STEP][PASSED] - startApp.OpenApp.startApplication("id.co.miraeasset.sageclub"): startApp.OpenApp.startApplication is PASSED

2022-01-20 11:24:16 - [MESSAGE][PASSED] - Starting app with application ID: 'id.co.miraeasset.sageclub'

2022-01-20 11:24:16 - [MESSAGE][PASSED] - startApp.OpenApp.startApplication is PASSED

2022-01-20 11:24:16 - [MESSAGE][PASSED] - Call Test Case 'Test Cases/Mobile/Page/Run App/Run App byID' successfully

2022-01-20 11:24:16 - [TEST_STEP][PASSED] - callTestCase(findTestCase("Mobile/Page/Portfolio/Portfolio"), ["tab":"mutualfund", "action2":"1 year"], CONTINUE_ON_FAILURE): Call Test Case 'Test Cases/Mobile/Page/Portfolio/Portfolio' successfully

2022-01-20 11:24:17 - [TEST_CASE][PASSED] - Test Cases/Mobile/Page/Portfolio/Portfolio: Test Cases/Mobile/Page/Portfolio/Portfolio

2022-01-20 11:24:17 - [TEST_STEP][PASSED] - callTestCase(findTestCase("Mobile/Page/CheckLogin"), [:], CONTINUE_ON_FAILURE): Call Test Case 'Test Cases/Mobile/Page/CheckLogin' successfully

2022-01-20 11:24:17 - [TEST_CASE][PASSED] - Test Cases/Mobile/Page/CheckLogin: Test Cases/Mobile/Page/CheckLogin

2022-01-20 11:24:17 - [TEST_STEP][PASSED] - loginCheck = verifyElementExist(LOGN_BtnLogin, 5, CONTINUE_ON_FAILURE): Element 'Object Repository/Mobile/Page/Login/Button - Login' is exist

2022-01-20 11:24:18 - [MESSAGE][PASSED] - Element 'Object Repository/Mobile/Page/Login/Button - Login' is exist

2022-01-20 11:24:18 - [TEST_STEP][PASSED] - if (loginCheck): Call Test Case 'Test Cases/Mobile/Page/Login/Login' successfully

2022-01-20 11:24:18 - [TEST_STEP][PASSED] - callTestCase(findTestCase("Mobile/Page/Login/Login"), ["action":"username"], CONTINUE_ON_FAILURE): Call Test Case 'Test Cases/Mobile/Page/Login/Login' successfully

2022-01-20 11:24:19 - [TEST_CASE][PASSED] - Test Cases/Mobile/Page/Login/Login: Test Cases/Mobile/Page/Login/Login

2022-01-20 11:24:19 - [TEST_STEP][PASSED] - delay(2): Delayed 2 second(s)

2022-01-20 11:24:21 - [MESSAGE][PASSED] - Delayed 2 second(s)

2022-01-20 11:24:21 - [TEST_STEP][PASSED] - for ([i = 0, i < 1, (i++)]): null

2022-01-20 11:24:21 - [TEST_STEP][PASSED] - if (action == "username"): null

2022-01-20 11:24:21 - [TEST_STEP][PASSED] - tap(LOGN_EdtUserID, 0): Tapped on element 'Object Repository/Mobile/Page/Login/Input - UserID'

2022-01-20 11:24:21 - [MESSAGE][WARNING] - Timeout '0' is invalid. Using default page load timeout: '60'

2022-01-20 11:24:21 - [MESSAGE][PASSED] - Tapped on element 'Object Repository/Mobile/Page/Login/Input - UserID'

2022-01-20 11:24:21 - [TEST_STEP][PASSED] - delay(1): Delayed 1 second(s)

2022-01-20 11:24:22 - [MESSAGE][PASSED] - Delayed 1 second(s)

2022-01-20 11:24:22 - [TEST_STEP][PASSED] - setText(LOGN_EdtRdyUserID, "anggaaditya", 0): Text 'anggaaditya' has been set to element 'Object Repository/Mobile/Page/Login/Input Rdy - UserID'

2022-01-20 11:24:22 - [MESSAGE][WARNING] - Timeout '0' is invalid. Using default page load timeout: '60'

2022-01-20 11:24:23 - [MESSAGE][PASSED] - Text 'anggaaditya' has been set to element 'Object Repository/Mobile/Page/Login/Input Rdy - UserID'

2022-01-20 11:24:23 - [TEST_STEP][PASSED] - delay(1): Delayed 1 second(s)

2022-01-20 11:24:24 - [MESSAGE][PASSED] - Delayed 1 second(s)

2022-01-20 11:24:24 - [TEST_STEP][PASSED] - hideKeyboard(): Keyboard is hidden

2022-01-20 11:24:27 - [MESSAGE][PASSED] - Keyboard is hidden

2022-01-20 11:24:27 - [TEST_STEP][PASSED] - tap(LOGN_EdtPassword, 0): Tapped on element 'Object Repository/Mobile/Page/Login/Input - Password'

2022-01-20 11:24:27 - [MESSAGE][WARNING] - Timeout '0' is invalid. Using default page load timeout: '60'

2022-01-20 11:24:28 - [MESSAGE][PASSED] - Tapped on element 'Object Repository/Mobile/Page/Login/Input - Password'

2022-01-20 11:24:28 - [TEST_STEP][PASSED] - delay(1): Delayed 1 second(s)

2022-01-20 11:24:29 - [MESSAGE][PASSED] - Delayed 1 second(s)

2022-01-20 11:24:29 - [TEST_STEP][PASSED] - setText(LOGN_EdtRdyPassword, "Shalawa18", 0): Text 'Shalawa18' has been set to element 'Object Repository/Mobile/Page/Login/Input Rdy - Password'

2022-01-20 11:24:29 - [MESSAGE][WARNING] - Timeout '0' is invalid. Using default page load timeout: '60'

2022-01-20 11:24:29 - [MESSAGE][PASSED] - Text 'Shalawa18' has been set to element 'Object Repository/Mobile/Page/Login/Input Rdy - Password'

2022-01-20 11:24:29 - [TEST_STEP][PASSED] - delay(1): Delayed 1 second(s)

2022-01-20 11:24:30 - [MESSAGE][PASSED] - Delayed 1 second(s)

2022-01-20 11:24:30 - [TEST_STEP][PASSED] - hideKeyboard(): Keyboard is hidden

2022-01-20 11:24:36 - [MESSAGE][PASSED] - Keyboard is hidden

2022-01-20 11:24:36 - [TEST_STEP][PASSED] - tap(LOGN_BtnLogin, 0): Tapped on element 'Object Repository/Mobile/Page/Login/Button - Login'

2022-01-20 11:24:36 - [MESSAGE][WARNING] - Timeout '0' is invalid. Using default page load timeout: '60'

2022-01-20 11:24:37 - [MESSAGE][PASSED] - Tapped on element 'Object Repository/Mobile/Page/Login/Button - Login'

2022-01-20 11:24:37 - [TEST_STEP][PASSED] - delay(2): Delayed 2 second(s)

2022-01-20 11:24:39 - [MESSAGE][PASSED] - Delayed 2 second(s)

2022-01-20 11:24:39 - [TEST_STEP][PASSED] - break: null

2022-01-20 11:24:39 - [MESSAGE][PASSED] - Call Test Case 'Test Cases/Mobile/Page/Login/Login' successfully

2022-01-20 11:24:39 - [MESSAGE][PASSED] - Call Test Case 'Test Cases/Mobile/Page/CheckLogin' successfully

2022-01-20 11:24:39 - [TEST_STEP][PASSED] - tap(HOME_MenubarPortfolio, 0): Tapped on element 'Object Repository/Mobile/Page/Home/Menubar - Portfolio'

2022-01-20 11:24:39 - [MESSAGE][WARNING] - Timeout '0' is invalid. Using default page load timeout: '60'

2022-01-20 11:24:40 - [MESSAGE][PASSED] - Tapped on element 'Object Repository/Mobile/Page/Home/Menubar - Portfolio'

2022-01-20 11:24:40 - [TEST_STEP][PASSED] - delay(1): Delayed 1 second(s)

2022-01-20 11:24:41 - [MESSAGE][PASSED] - Delayed 1 second(s)

2022-01-20 11:24:41 - [TEST_STEP][PASSED] - for ([i = 0, i < 1, (i++)]): scroll.scroll.scrollScreenBottomToTop is PASSED

2022-01-20 11:24:41 - [TEST_STEP][PASSED] - if (tab == "summary"): null

2022-01-20 11:24:41 - [TEST_STEP][PASSED] - else if (tab == "stock"): null

2022-01-20 11:24:41 - [TEST_STEP][PASSED] - else if (tab == "mutualfund"): scroll.scroll.scrollScreenBottomToTop is PASSED

2022-01-20 11:24:41 - [TEST_STEP][PASSED] - tap(PORT_TabMutualFund, 0): Tapped on element 'Object Repository/Mobile/Page/Portfolio/Tab - Mutual Fund'

2022-01-20 11:24:41 - [MESSAGE][WARNING] - Timeout '0' is invalid. Using default page load timeout: '60'

2022-01-20 11:24:42 - [MESSAGE][PASSED] - Tapped on element 'Object Repository/Mobile/Page/Portfolio/Tab - Mutual Fund'

2022-01-20 11:24:42 - [TEST_STEP][PASSED] - delay(1): Delayed 1 second(s)

2022-01-20 11:24:43 - [MESSAGE][PASSED] - Delayed 1 second(s)

2022-01-20 11:24:43 - [TEST_STEP][PASSED] - try: scroll.scroll.scrollScreenBottomToTop is PASSED

2022-01-20 11:24:43 - [TEST_STEP][PASSED] - tapAndHold(PORT_ItemTopMutualFund, 1, 10): Tapped and held on element 'Object Repository/Mobile/Page/Portfolio/Item - Top Mutual Fund' with duration 1

2022-01-20 11:24:46 - [MESSAGE][PASSED] - Tapped and held on element 'Object Repository/Mobile/Page/Portfolio/Item - Top Mutual Fund' with duration 1

2022-01-20 11:24:46 - [TEST_STEP][PASSED] - delay(2): Delayed 2 second(s)

2022-01-20 11:24:48 - [MESSAGE][PASSED] - Delayed 2 second(s)

2022-01-20 11:24:48 - [TEST_STEP][PASSED] - switch (action2): null

2022-01-20 11:24:48 - [TEST_STEP][PASSED] - case "1 year":: null

2022-01-20 11:24:48 - [TEST_STEP][PASSED] - tapAndHold(PORT_DETL_Btn1Year, 1, 0): Tapped and held on element 'Object Repository/Mobile/Page/Portfolio/Detail Mutual Funds/Button - 1 Year' with duration 1

2022-01-20 11:24:48 - [MESSAGE][WARNING] - Timeout '0' is invalid. Using default page load timeout: '60'

2022-01-20 11:24:51 - [MESSAGE][PASSED] - Tapped and held on element 'Object Repository/Mobile/Page/Portfolio/Detail Mutual Funds/Button - 1 Year' with duration 1

2022-01-20 11:24:51 - [TEST_STEP][PASSED] - break: null

2022-01-20 11:24:51 - [TEST_STEP][PASSED] - delay(3): Delayed 3 second(s)

2022-01-20 11:24:54 - [MESSAGE][PASSED] - Delayed 3 second(s)

2022-01-20 11:24:54 - [TEST_STEP][PASSED] - scroll.scroll.scrollScreenBottomToTop(): scroll.scroll.scrollScreenBottomToTop is PASSED

2022-01-20 11:24:54 - [MESSAGE][PASSED] - Current device physical height is 1423

2022-01-20 11:24:54 - [MESSAGE][PASSED] - Current device physical width is 720

2022-01-20 11:24:55 - [MESSAGE][PASSED] - Swiped from 360,1,138 to 360,284

2022-01-20 11:24:55 - [MESSAGE][PASSED] - scroll.scroll.scrollScreenBottomToTop is PASSED

2022-01-20 11:24:55 - [MESSAGE][PASSED] - Call Test Case 'Test Cases/Mobile/Page/Portfolio/Portfolio' successfully

2022-01-20 11:24:55 - [TEST_STEP][PASSED] - callTestCase(findTestCase("Mobile/Page/Run App/Terminate App"), [:], STOP_ON_FAILURE): Call Test Case 'Test Cases/Mobile/Page/Run App/Terminate App' successfully

2022-01-20 11:24:55 - [TEST_CASE][PASSED] - Test Cases/Mobile/Page/Run App/Terminate App: Test Cases/Mobile/Page/Run App/Terminate App

2022-01-20 11:24:55 - [TEST_STEP][PASSED] - startApp.OpenApp.terminateApplication(): startApp.OpenApp.terminateApplication is PASSED

2022-01-20 11:24:59 - [MESSAGE][PASSED] - Delayed 3 second(s)

2022-01-20 11:24:59 - [MESSAGE][PASSED] - Current device physical width is 720

2022-01-20 11:24:59 - [MESSAGE][PASSED] - Current device physical height is 1423

2022-01-20 11:25:00 - [MESSAGE][PASSED] - Swiped from 360,853 to 360,142

2022-01-20 11:25:02 - [MESSAGE][PASSED] - Delayed 1 second(s)

2022-01-20 11:25:03 - [MESSAGE][PASSED] - Swiped from 360,853 to 360,142

2022-01-20 11:25:06 - [MESSAGE][PASSED] - Delayed 3 second(s)

2022-01-20 11:25:06 - [MESSAGE][PASSED] - startApp.OpenApp.terminateApplication is PASSED

2022-01-20 11:25:06 - [MESSAGE][PASSED] - Call Test Case 'Test Cases/Mobile/Page/Run App/Terminate App' successfully]]></system-out>
         <system-err><![CDATA[]]></system-err>
      </testcase>
      <testcase name="Test Cases/Mobile/Scenario/Portfolio/017 - Melihat detail mutual fund 3 year" time="62.039" classname="Test Cases/Mobile/Scenario/Portfolio/017 - Melihat detail mutual fund 3 year" status="PASSED">
         <system-out><![CDATA[2022-01-20 11:25:06 - [TEST_CASE][PASSED] - Test Cases/Mobile/Scenario/Portfolio/017 - Melihat detail mutual fund 3 year: Test Cases/Mobile/Scenario/Portfolio/017 - Melihat detail mutual fund 3 year

2022-01-20 11:25:06 - [TEST_STEP][PASSED] - callTestCase(findTestCase("Mobile/Page/Run App/Run App byID"), [:], STOP_ON_FAILURE): Call Test Case 'Test Cases/Mobile/Page/Run App/Run App byID' successfully

2022-01-20 11:25:06 - [TEST_CASE][PASSED] - Test Cases/Mobile/Page/Run App/Run App byID: Test Cases/Mobile/Page/Run App/Run App byID

2022-01-20 11:25:06 - [TEST_STEP][PASSED] - startApp.OpenApp.startApplication("id.co.miraeasset.sageclub"): startApp.OpenApp.startApplication is PASSED

2022-01-20 11:25:18 - [MESSAGE][PASSED] - Starting app with application ID: 'id.co.miraeasset.sageclub'

2022-01-20 11:25:18 - [MESSAGE][PASSED] - startApp.OpenApp.startApplication is PASSED

2022-01-20 11:25:18 - [MESSAGE][PASSED] - Call Test Case 'Test Cases/Mobile/Page/Run App/Run App byID' successfully

2022-01-20 11:25:18 - [TEST_STEP][PASSED] - callTestCase(findTestCase("Mobile/Page/Portfolio/Portfolio"), ["tab":"mutualfund", "action2":"3 year"], CONTINUE_ON_FAILURE): Call Test Case 'Test Cases/Mobile/Page/Portfolio/Portfolio' successfully

2022-01-20 11:25:18 - [TEST_CASE][PASSED] - Test Cases/Mobile/Page/Portfolio/Portfolio: Test Cases/Mobile/Page/Portfolio/Portfolio

2022-01-20 11:25:18 - [TEST_STEP][PASSED] - callTestCase(findTestCase("Mobile/Page/CheckLogin"), [:], CONTINUE_ON_FAILURE): Call Test Case 'Test Cases/Mobile/Page/CheckLogin' successfully

2022-01-20 11:25:18 - [TEST_CASE][PASSED] - Test Cases/Mobile/Page/CheckLogin: Test Cases/Mobile/Page/CheckLogin

2022-01-20 11:25:18 - [TEST_STEP][PASSED] - loginCheck = verifyElementExist(LOGN_BtnLogin, 5, CONTINUE_ON_FAILURE): Element 'Object Repository/Mobile/Page/Login/Button - Login' is exist

2022-01-20 11:25:20 - [MESSAGE][PASSED] - Element 'Object Repository/Mobile/Page/Login/Button - Login' is exist

2022-01-20 11:25:20 - [TEST_STEP][PASSED] - if (loginCheck): Call Test Case 'Test Cases/Mobile/Page/Login/Login' successfully

2022-01-20 11:25:20 - [TEST_STEP][PASSED] - callTestCase(findTestCase("Mobile/Page/Login/Login"), ["action":"username"], CONTINUE_ON_FAILURE): Call Test Case 'Test Cases/Mobile/Page/Login/Login' successfully

2022-01-20 11:25:20 - [TEST_CASE][PASSED] - Test Cases/Mobile/Page/Login/Login: Test Cases/Mobile/Page/Login/Login

2022-01-20 11:25:20 - [TEST_STEP][PASSED] - delay(2): Delayed 2 second(s)

2022-01-20 11:25:22 - [MESSAGE][PASSED] - Delayed 2 second(s)

2022-01-20 11:25:22 - [TEST_STEP][PASSED] - for ([i = 0, i < 1, (i++)]): null

2022-01-20 11:25:22 - [TEST_STEP][PASSED] - if (action == "username"): null

2022-01-20 11:25:22 - [TEST_STEP][PASSED] - tap(LOGN_EdtUserID, 0): Tapped on element 'Object Repository/Mobile/Page/Login/Input - UserID'

2022-01-20 11:25:22 - [MESSAGE][WARNING] - Timeout '0' is invalid. Using default page load timeout: '60'

2022-01-20 11:25:22 - [MESSAGE][PASSED] - Tapped on element 'Object Repository/Mobile/Page/Login/Input - UserID'

2022-01-20 11:25:22 - [TEST_STEP][PASSED] - delay(1): Delayed 1 second(s)

2022-01-20 11:25:23 - [MESSAGE][PASSED] - Delayed 1 second(s)

2022-01-20 11:25:23 - [TEST_STEP][PASSED] - setText(LOGN_EdtRdyUserID, "anggaaditya", 0): Text 'anggaaditya' has been set to element 'Object Repository/Mobile/Page/Login/Input Rdy - UserID'

2022-01-20 11:25:23 - [MESSAGE][WARNING] - Timeout '0' is invalid. Using default page load timeout: '60'

2022-01-20 11:25:24 - [MESSAGE][PASSED] - Text 'anggaaditya' has been set to element 'Object Repository/Mobile/Page/Login/Input Rdy - UserID'

2022-01-20 11:25:24 - [TEST_STEP][PASSED] - delay(1): Delayed 1 second(s)

2022-01-20 11:25:25 - [MESSAGE][PASSED] - Delayed 1 second(s)

2022-01-20 11:25:25 - [TEST_STEP][PASSED] - hideKeyboard(): Keyboard is hidden

2022-01-20 11:25:29 - [MESSAGE][PASSED] - Keyboard is hidden

2022-01-20 11:25:29 - [TEST_STEP][PASSED] - tap(LOGN_EdtPassword, 0): Tapped on element 'Object Repository/Mobile/Page/Login/Input - Password'

2022-01-20 11:25:29 - [MESSAGE][WARNING] - Timeout '0' is invalid. Using default page load timeout: '60'

2022-01-20 11:25:29 - [MESSAGE][PASSED] - Tapped on element 'Object Repository/Mobile/Page/Login/Input - Password'

2022-01-20 11:25:29 - [TEST_STEP][PASSED] - delay(1): Delayed 1 second(s)

2022-01-20 11:25:30 - [MESSAGE][PASSED] - Delayed 1 second(s)

2022-01-20 11:25:30 - [TEST_STEP][PASSED] - setText(LOGN_EdtRdyPassword, "Shalawa18", 0): Text 'Shalawa18' has been set to element 'Object Repository/Mobile/Page/Login/Input Rdy - Password'

2022-01-20 11:25:30 - [MESSAGE][WARNING] - Timeout '0' is invalid. Using default page load timeout: '60'

2022-01-20 11:25:31 - [MESSAGE][PASSED] - Text 'Shalawa18' has been set to element 'Object Repository/Mobile/Page/Login/Input Rdy - Password'

2022-01-20 11:25:31 - [TEST_STEP][PASSED] - delay(1): Delayed 1 second(s)

2022-01-20 11:25:32 - [MESSAGE][PASSED] - Delayed 1 second(s)

2022-01-20 11:25:32 - [TEST_STEP][PASSED] - hideKeyboard(): Keyboard is hidden

2022-01-20 11:25:38 - [MESSAGE][PASSED] - Keyboard is hidden

2022-01-20 11:25:38 - [TEST_STEP][PASSED] - tap(LOGN_BtnLogin, 0): Tapped on element 'Object Repository/Mobile/Page/Login/Button - Login'

2022-01-20 11:25:38 - [MESSAGE][WARNING] - Timeout '0' is invalid. Using default page load timeout: '60'

2022-01-20 11:25:38 - [MESSAGE][PASSED] - Tapped on element 'Object Repository/Mobile/Page/Login/Button - Login'

2022-01-20 11:25:38 - [TEST_STEP][PASSED] - delay(2): Delayed 2 second(s)

2022-01-20 11:25:40 - [MESSAGE][PASSED] - Delayed 2 second(s)

2022-01-20 11:25:40 - [TEST_STEP][PASSED] - break: null

2022-01-20 11:25:40 - [MESSAGE][PASSED] - Call Test Case 'Test Cases/Mobile/Page/Login/Login' successfully

2022-01-20 11:25:40 - [MESSAGE][PASSED] - Call Test Case 'Test Cases/Mobile/Page/CheckLogin' successfully

2022-01-20 11:25:40 - [TEST_STEP][PASSED] - tap(HOME_MenubarPortfolio, 0): Tapped on element 'Object Repository/Mobile/Page/Home/Menubar - Portfolio'

2022-01-20 11:25:40 - [MESSAGE][WARNING] - Timeout '0' is invalid. Using default page load timeout: '60'

2022-01-20 11:25:42 - [MESSAGE][PASSED] - Tapped on element 'Object Repository/Mobile/Page/Home/Menubar - Portfolio'

2022-01-20 11:25:42 - [TEST_STEP][PASSED] - delay(1): Delayed 1 second(s)

2022-01-20 11:25:43 - [MESSAGE][PASSED] - Delayed 1 second(s)

2022-01-20 11:25:43 - [TEST_STEP][PASSED] - for ([i = 0, i < 1, (i++)]): scroll.scroll.scrollScreenBottomToTop is PASSED

2022-01-20 11:25:43 - [TEST_STEP][PASSED] - if (tab == "summary"): null

2022-01-20 11:25:43 - [TEST_STEP][PASSED] - else if (tab == "stock"): null

2022-01-20 11:25:43 - [TEST_STEP][PASSED] - else if (tab == "mutualfund"): scroll.scroll.scrollScreenBottomToTop is PASSED

2022-01-20 11:25:43 - [TEST_STEP][PASSED] - tap(PORT_TabMutualFund, 0): Tapped on element 'Object Repository/Mobile/Page/Portfolio/Tab - Mutual Fund'

2022-01-20 11:25:43 - [MESSAGE][WARNING] - Timeout '0' is invalid. Using default page load timeout: '60'

2022-01-20 11:25:44 - [MESSAGE][PASSED] - Tapped on element 'Object Repository/Mobile/Page/Portfolio/Tab - Mutual Fund'

2022-01-20 11:25:44 - [TEST_STEP][PASSED] - delay(1): Delayed 1 second(s)

2022-01-20 11:25:45 - [MESSAGE][PASSED] - Delayed 1 second(s)

2022-01-20 11:25:45 - [TEST_STEP][PASSED] - try: scroll.scroll.scrollScreenBottomToTop is PASSED

2022-01-20 11:25:45 - [TEST_STEP][PASSED] - tapAndHold(PORT_ItemTopMutualFund, 1, 10): Tapped and held on element 'Object Repository/Mobile/Page/Portfolio/Item - Top Mutual Fund' with duration 1

2022-01-20 11:25:48 - [MESSAGE][PASSED] - Tapped and held on element 'Object Repository/Mobile/Page/Portfolio/Item - Top Mutual Fund' with duration 1

2022-01-20 11:25:48 - [TEST_STEP][PASSED] - delay(2): Delayed 2 second(s)

2022-01-20 11:25:50 - [MESSAGE][PASSED] - Delayed 2 second(s)

2022-01-20 11:25:50 - [TEST_STEP][PASSED] - switch (action2): null

2022-01-20 11:25:50 - [TEST_STEP][PASSED] - case "3 year":: null

2022-01-20 11:25:50 - [TEST_STEP][PASSED] - tapAndHold(PORT_DETL_Btn3Year, 1, 0): Tapped and held on element 'Object Repository/Mobile/Page/Portfolio/Detail Mutual Funds/Button - 3 Year' with duration 1

2022-01-20 11:25:50 - [MESSAGE][WARNING] - Timeout '0' is invalid. Using default page load timeout: '60'

2022-01-20 11:25:53 - [MESSAGE][PASSED] - Tapped and held on element 'Object Repository/Mobile/Page/Portfolio/Detail Mutual Funds/Button - 3 Year' with duration 1

2022-01-20 11:25:53 - [TEST_STEP][PASSED] - break: null

2022-01-20 11:25:53 - [TEST_STEP][PASSED] - delay(3): Delayed 3 second(s)

2022-01-20 11:25:56 - [MESSAGE][PASSED] - Delayed 3 second(s)

2022-01-20 11:25:56 - [TEST_STEP][PASSED] - scroll.scroll.scrollScreenBottomToTop(): scroll.scroll.scrollScreenBottomToTop is PASSED

2022-01-20 11:25:56 - [MESSAGE][PASSED] - Current device physical height is 1423

2022-01-20 11:25:57 - [MESSAGE][PASSED] - Current device physical width is 720

2022-01-20 11:25:58 - [MESSAGE][PASSED] - Swiped from 360,1,138 to 360,284

2022-01-20 11:25:58 - [MESSAGE][PASSED] - scroll.scroll.scrollScreenBottomToTop is PASSED

2022-01-20 11:25:58 - [MESSAGE][PASSED] - Call Test Case 'Test Cases/Mobile/Page/Portfolio/Portfolio' successfully

2022-01-20 11:25:58 - [TEST_STEP][PASSED] - callTestCase(findTestCase("Mobile/Page/Run App/Terminate App"), [:], STOP_ON_FAILURE): Call Test Case 'Test Cases/Mobile/Page/Run App/Terminate App' successfully

2022-01-20 11:25:58 - [TEST_CASE][PASSED] - Test Cases/Mobile/Page/Run App/Terminate App: Test Cases/Mobile/Page/Run App/Terminate App

2022-01-20 11:25:58 - [TEST_STEP][PASSED] - startApp.OpenApp.terminateApplication(): startApp.OpenApp.terminateApplication is PASSED

2022-01-20 11:26:01 - [MESSAGE][PASSED] - Delayed 3 second(s)

2022-01-20 11:26:01 - [MESSAGE][PASSED] - Current device physical width is 720

2022-01-20 11:26:01 - [MESSAGE][PASSED] - Current device physical height is 1423

2022-01-20 11:26:03 - [MESSAGE][PASSED] - Swiped from 360,853 to 360,142

2022-01-20 11:26:04 - [MESSAGE][PASSED] - Delayed 1 second(s)

2022-01-20 11:26:05 - [MESSAGE][PASSED] - Swiped from 360,853 to 360,142

2022-01-20 11:26:08 - [MESSAGE][PASSED] - Delayed 3 second(s)

2022-01-20 11:26:08 - [MESSAGE][PASSED] - startApp.OpenApp.terminateApplication is PASSED

2022-01-20 11:26:08 - [MESSAGE][PASSED] - Call Test Case 'Test Cases/Mobile/Page/Run App/Terminate App' successfully]]></system-out>
         <system-err><![CDATA[]]></system-err>
      </testcase>
      <testcase name="Test Cases/Mobile/Scenario/Portfolio/018 - Melihat detail mutual fund 5 year" time="62.252" classname="Test Cases/Mobile/Scenario/Portfolio/018 - Melihat detail mutual fund 5 year" status="PASSED">
         <system-out><![CDATA[2022-01-20 11:26:08 - [TEST_CASE][PASSED] - Test Cases/Mobile/Scenario/Portfolio/018 - Melihat detail mutual fund 5 year: Test Cases/Mobile/Scenario/Portfolio/018 - Melihat detail mutual fund 5 year

2022-01-20 11:26:08 - [TEST_STEP][PASSED] - callTestCase(findTestCase("Mobile/Page/Run App/Run App byID"), [:], STOP_ON_FAILURE): Call Test Case 'Test Cases/Mobile/Page/Run App/Run App byID' successfully

2022-01-20 11:26:08 - [TEST_CASE][PASSED] - Test Cases/Mobile/Page/Run App/Run App byID: Test Cases/Mobile/Page/Run App/Run App byID

2022-01-20 11:26:08 - [TEST_STEP][PASSED] - startApp.OpenApp.startApplication("id.co.miraeasset.sageclub"): startApp.OpenApp.startApplication is PASSED

2022-01-20 11:26:20 - [MESSAGE][PASSED] - Starting app with application ID: 'id.co.miraeasset.sageclub'

2022-01-20 11:26:20 - [MESSAGE][PASSED] - startApp.OpenApp.startApplication is PASSED

2022-01-20 11:26:20 - [MESSAGE][PASSED] - Call Test Case 'Test Cases/Mobile/Page/Run App/Run App byID' successfully

2022-01-20 11:26:20 - [TEST_STEP][PASSED] - callTestCase(findTestCase("Mobile/Page/Portfolio/Portfolio"), ["tab":"mutualfund", "action2":"5 year"], CONTINUE_ON_FAILURE): Call Test Case 'Test Cases/Mobile/Page/Portfolio/Portfolio' successfully

2022-01-20 11:26:20 - [TEST_CASE][PASSED] - Test Cases/Mobile/Page/Portfolio/Portfolio: Test Cases/Mobile/Page/Portfolio/Portfolio

2022-01-20 11:26:20 - [TEST_STEP][PASSED] - callTestCase(findTestCase("Mobile/Page/CheckLogin"), [:], CONTINUE_ON_FAILURE): Call Test Case 'Test Cases/Mobile/Page/CheckLogin' successfully

2022-01-20 11:26:20 - [TEST_CASE][PASSED] - Test Cases/Mobile/Page/CheckLogin: Test Cases/Mobile/Page/CheckLogin

2022-01-20 11:26:20 - [TEST_STEP][PASSED] - loginCheck = verifyElementExist(LOGN_BtnLogin, 5, CONTINUE_ON_FAILURE): Element 'Object Repository/Mobile/Page/Login/Button - Login' is exist

2022-01-20 11:26:22 - [MESSAGE][PASSED] - Element 'Object Repository/Mobile/Page/Login/Button - Login' is exist

2022-01-20 11:26:22 - [TEST_STEP][PASSED] - if (loginCheck): Call Test Case 'Test Cases/Mobile/Page/Login/Login' successfully

2022-01-20 11:26:22 - [TEST_STEP][PASSED] - callTestCase(findTestCase("Mobile/Page/Login/Login"), ["action":"username"], CONTINUE_ON_FAILURE): Call Test Case 'Test Cases/Mobile/Page/Login/Login' successfully

2022-01-20 11:26:22 - [TEST_CASE][PASSED] - Test Cases/Mobile/Page/Login/Login: Test Cases/Mobile/Page/Login/Login

2022-01-20 11:26:22 - [TEST_STEP][PASSED] - delay(2): Delayed 2 second(s)

2022-01-20 11:26:24 - [MESSAGE][PASSED] - Delayed 2 second(s)

2022-01-20 11:26:24 - [TEST_STEP][PASSED] - for ([i = 0, i < 1, (i++)]): null

2022-01-20 11:26:24 - [TEST_STEP][PASSED] - if (action == "username"): null

2022-01-20 11:26:24 - [TEST_STEP][PASSED] - tap(LOGN_EdtUserID, 0): Tapped on element 'Object Repository/Mobile/Page/Login/Input - UserID'

2022-01-20 11:26:24 - [MESSAGE][WARNING] - Timeout '0' is invalid. Using default page load timeout: '60'

2022-01-20 11:26:25 - [MESSAGE][PASSED] - Tapped on element 'Object Repository/Mobile/Page/Login/Input - UserID'

2022-01-20 11:26:25 - [TEST_STEP][PASSED] - delay(1): Delayed 1 second(s)

2022-01-20 11:26:26 - [MESSAGE][PASSED] - Delayed 1 second(s)

2022-01-20 11:26:26 - [TEST_STEP][PASSED] - setText(LOGN_EdtRdyUserID, "anggaaditya", 0): Text 'anggaaditya' has been set to element 'Object Repository/Mobile/Page/Login/Input Rdy - UserID'

2022-01-20 11:26:26 - [MESSAGE][WARNING] - Timeout '0' is invalid. Using default page load timeout: '60'

2022-01-20 11:26:26 - [MESSAGE][PASSED] - Text 'anggaaditya' has been set to element 'Object Repository/Mobile/Page/Login/Input Rdy - UserID'

2022-01-20 11:26:26 - [TEST_STEP][PASSED] - delay(1): Delayed 1 second(s)

2022-01-20 11:26:27 - [MESSAGE][PASSED] - Delayed 1 second(s)

2022-01-20 11:26:27 - [TEST_STEP][PASSED] - hideKeyboard(): Keyboard is hidden

2022-01-20 11:26:31 - [MESSAGE][PASSED] - Keyboard is hidden

2022-01-20 11:26:31 - [TEST_STEP][PASSED] - tap(LOGN_EdtPassword, 0): Tapped on element 'Object Repository/Mobile/Page/Login/Input - Password'

2022-01-20 11:26:31 - [MESSAGE][WARNING] - Timeout '0' is invalid. Using default page load timeout: '60'

2022-01-20 11:26:31 - [MESSAGE][PASSED] - Tapped on element 'Object Repository/Mobile/Page/Login/Input - Password'

2022-01-20 11:26:31 - [TEST_STEP][PASSED] - delay(1): Delayed 1 second(s)

2022-01-20 11:26:32 - [MESSAGE][PASSED] - Delayed 1 second(s)

2022-01-20 11:26:32 - [TEST_STEP][PASSED] - setText(LOGN_EdtRdyPassword, "Shalawa18", 0): Text 'Shalawa18' has been set to element 'Object Repository/Mobile/Page/Login/Input Rdy - Password'

2022-01-20 11:26:32 - [MESSAGE][WARNING] - Timeout '0' is invalid. Using default page load timeout: '60'

2022-01-20 11:26:33 - [MESSAGE][PASSED] - Text 'Shalawa18' has been set to element 'Object Repository/Mobile/Page/Login/Input Rdy - Password'

2022-01-20 11:26:33 - [TEST_STEP][PASSED] - delay(1): Delayed 1 second(s)

2022-01-20 11:26:34 - [MESSAGE][PASSED] - Delayed 1 second(s)

2022-01-20 11:26:34 - [TEST_STEP][PASSED] - hideKeyboard(): Keyboard is hidden

2022-01-20 11:26:40 - [MESSAGE][PASSED] - Keyboard is hidden

2022-01-20 11:26:40 - [TEST_STEP][PASSED] - tap(LOGN_BtnLogin, 0): Tapped on element 'Object Repository/Mobile/Page/Login/Button - Login'

2022-01-20 11:26:40 - [MESSAGE][WARNING] - Timeout '0' is invalid. Using default page load timeout: '60'

2022-01-20 11:26:41 - [MESSAGE][PASSED] - Tapped on element 'Object Repository/Mobile/Page/Login/Button - Login'

2022-01-20 11:26:41 - [TEST_STEP][PASSED] - delay(2): Delayed 2 second(s)

2022-01-20 11:26:43 - [MESSAGE][PASSED] - Delayed 2 second(s)

2022-01-20 11:26:43 - [TEST_STEP][PASSED] - break: null

2022-01-20 11:26:43 - [MESSAGE][PASSED] - Call Test Case 'Test Cases/Mobile/Page/Login/Login' successfully

2022-01-20 11:26:43 - [MESSAGE][PASSED] - Call Test Case 'Test Cases/Mobile/Page/CheckLogin' successfully

2022-01-20 11:26:43 - [TEST_STEP][PASSED] - tap(HOME_MenubarPortfolio, 0): Tapped on element 'Object Repository/Mobile/Page/Home/Menubar - Portfolio'

2022-01-20 11:26:43 - [MESSAGE][WARNING] - Timeout '0' is invalid. Using default page load timeout: '60'

2022-01-20 11:26:45 - [MESSAGE][PASSED] - Tapped on element 'Object Repository/Mobile/Page/Home/Menubar - Portfolio'

2022-01-20 11:26:45 - [TEST_STEP][PASSED] - delay(1): Delayed 1 second(s)

2022-01-20 11:26:46 - [MESSAGE][PASSED] - Delayed 1 second(s)

2022-01-20 11:26:46 - [TEST_STEP][PASSED] - for ([i = 0, i < 1, (i++)]): scroll.scroll.scrollScreenBottomToTop is PASSED

2022-01-20 11:26:46 - [TEST_STEP][PASSED] - if (tab == "summary"): null

2022-01-20 11:26:46 - [TEST_STEP][PASSED] - else if (tab == "stock"): null

2022-01-20 11:26:46 - [TEST_STEP][PASSED] - else if (tab == "mutualfund"): scroll.scroll.scrollScreenBottomToTop is PASSED

2022-01-20 11:26:46 - [TEST_STEP][PASSED] - tap(PORT_TabMutualFund, 0): Tapped on element 'Object Repository/Mobile/Page/Portfolio/Tab - Mutual Fund'

2022-01-20 11:26:46 - [MESSAGE][WARNING] - Timeout '0' is invalid. Using default page load timeout: '60'

2022-01-20 11:26:47 - [MESSAGE][PASSED] - Tapped on element 'Object Repository/Mobile/Page/Portfolio/Tab - Mutual Fund'

2022-01-20 11:26:47 - [TEST_STEP][PASSED] - delay(1): Delayed 1 second(s)

2022-01-20 11:26:48 - [MESSAGE][PASSED] - Delayed 1 second(s)

2022-01-20 11:26:48 - [TEST_STEP][PASSED] - try: scroll.scroll.scrollScreenBottomToTop is PASSED

2022-01-20 11:26:48 - [TEST_STEP][PASSED] - tapAndHold(PORT_ItemTopMutualFund, 1, 10): Tapped and held on element 'Object Repository/Mobile/Page/Portfolio/Item - Top Mutual Fund' with duration 1

2022-01-20 11:26:50 - [MESSAGE][PASSED] - Tapped and held on element 'Object Repository/Mobile/Page/Portfolio/Item - Top Mutual Fund' with duration 1

2022-01-20 11:26:50 - [TEST_STEP][PASSED] - delay(2): Delayed 2 second(s)

2022-01-20 11:26:52 - [MESSAGE][PASSED] - Delayed 2 second(s)

2022-01-20 11:26:52 - [TEST_STEP][PASSED] - switch (action2): null

2022-01-20 11:26:52 - [TEST_STEP][PASSED] - case "5 year":: null

2022-01-20 11:26:52 - [TEST_STEP][PASSED] - tapAndHold(PORT_DETL_Btn5Year, 1, 0): Tapped and held on element 'Object Repository/Mobile/Page/Portfolio/Detail Mutual Funds/Button - 5 Year' with duration 1

2022-01-20 11:26:52 - [MESSAGE][WARNING] - Timeout '0' is invalid. Using default page load timeout: '60'

2022-01-20 11:26:55 - [MESSAGE][PASSED] - Tapped and held on element 'Object Repository/Mobile/Page/Portfolio/Detail Mutual Funds/Button - 5 Year' with duration 1

2022-01-20 11:26:55 - [TEST_STEP][PASSED] - break: null

2022-01-20 11:26:55 - [TEST_STEP][PASSED] - delay(3): Delayed 3 second(s)

2022-01-20 11:26:58 - [MESSAGE][PASSED] - Delayed 3 second(s)

2022-01-20 11:26:58 - [TEST_STEP][PASSED] - scroll.scroll.scrollScreenBottomToTop(): scroll.scroll.scrollScreenBottomToTop is PASSED

2022-01-20 11:26:59 - [MESSAGE][PASSED] - Current device physical height is 1423

2022-01-20 11:26:59 - [MESSAGE][PASSED] - Current device physical width is 720

2022-01-20 11:27:00 - [MESSAGE][PASSED] - Swiped from 360,1,138 to 360,284

2022-01-20 11:27:00 - [MESSAGE][PASSED] - scroll.scroll.scrollScreenBottomToTop is PASSED

2022-01-20 11:27:00 - [MESSAGE][PASSED] - Call Test Case 'Test Cases/Mobile/Page/Portfolio/Portfolio' successfully

2022-01-20 11:27:00 - [TEST_STEP][PASSED] - callTestCase(findTestCase("Mobile/Page/Run App/Terminate App"), [:], STOP_ON_FAILURE): Call Test Case 'Test Cases/Mobile/Page/Run App/Terminate App' successfully

2022-01-20 11:27:00 - [TEST_CASE][PASSED] - Test Cases/Mobile/Page/Run App/Terminate App: Test Cases/Mobile/Page/Run App/Terminate App

2022-01-20 11:27:00 - [TEST_STEP][PASSED] - startApp.OpenApp.terminateApplication(): startApp.OpenApp.terminateApplication is PASSED

2022-01-20 11:27:03 - [MESSAGE][PASSED] - Delayed 3 second(s)

2022-01-20 11:27:03 - [MESSAGE][PASSED] - Current device physical width is 720

2022-01-20 11:27:04 - [MESSAGE][PASSED] - Current device physical height is 1423

2022-01-20 11:27:05 - [MESSAGE][PASSED] - Swiped from 360,853 to 360,142

2022-01-20 11:27:06 - [MESSAGE][PASSED] - Delayed 1 second(s)

2022-01-20 11:27:07 - [MESSAGE][PASSED] - Swiped from 360,853 to 360,142

2022-01-20 11:27:10 - [MESSAGE][PASSED] - Delayed 3 second(s)

2022-01-20 11:27:10 - [MESSAGE][PASSED] - startApp.OpenApp.terminateApplication is PASSED

2022-01-20 11:27:10 - [MESSAGE][PASSED] - Call Test Case 'Test Cases/Mobile/Page/Run App/Terminate App' successfully]]></system-out>
         <system-err><![CDATA[]]></system-err>
      </testcase>
      <testcase name="Test Cases/Mobile/Scenario/Portfolio/019 - Melihat detail mutual fund 10 year" time="62.461" classname="Test Cases/Mobile/Scenario/Portfolio/019 - Melihat detail mutual fund 10 year" status="PASSED">
         <system-out><![CDATA[2022-01-20 11:27:10 - [TEST_CASE][PASSED] - Test Cases/Mobile/Scenario/Portfolio/019 - Melihat detail mutual fund 10 year: Test Cases/Mobile/Scenario/Portfolio/019 - Melihat detail mutual fund 10 year

2022-01-20 11:27:10 - [TEST_STEP][PASSED] - callTestCase(findTestCase("Mobile/Page/Run App/Run App byID"), [:], STOP_ON_FAILURE): Call Test Case 'Test Cases/Mobile/Page/Run App/Run App byID' successfully

2022-01-20 11:27:10 - [TEST_CASE][PASSED] - Test Cases/Mobile/Page/Run App/Run App byID: Test Cases/Mobile/Page/Run App/Run App byID

2022-01-20 11:27:10 - [TEST_STEP][PASSED] - startApp.OpenApp.startApplication("id.co.miraeasset.sageclub"): startApp.OpenApp.startApplication is PASSED

2022-01-20 11:27:22 - [MESSAGE][PASSED] - Starting app with application ID: 'id.co.miraeasset.sageclub'

2022-01-20 11:27:22 - [MESSAGE][PASSED] - startApp.OpenApp.startApplication is PASSED

2022-01-20 11:27:22 - [MESSAGE][PASSED] - Call Test Case 'Test Cases/Mobile/Page/Run App/Run App byID' successfully

2022-01-20 11:27:22 - [TEST_STEP][PASSED] - callTestCase(findTestCase("Mobile/Page/Portfolio/Portfolio"), ["tab":"mutualfund", "action2":"10 year"], CONTINUE_ON_FAILURE): Call Test Case 'Test Cases/Mobile/Page/Portfolio/Portfolio' successfully

2022-01-20 11:27:22 - [TEST_CASE][PASSED] - Test Cases/Mobile/Page/Portfolio/Portfolio: Test Cases/Mobile/Page/Portfolio/Portfolio

2022-01-20 11:27:22 - [TEST_STEP][PASSED] - callTestCase(findTestCase("Mobile/Page/CheckLogin"), [:], CONTINUE_ON_FAILURE): Call Test Case 'Test Cases/Mobile/Page/CheckLogin' successfully

2022-01-20 11:27:22 - [TEST_CASE][PASSED] - Test Cases/Mobile/Page/CheckLogin: Test Cases/Mobile/Page/CheckLogin

2022-01-20 11:27:22 - [TEST_STEP][PASSED] - loginCheck = verifyElementExist(LOGN_BtnLogin, 5, CONTINUE_ON_FAILURE): Element 'Object Repository/Mobile/Page/Login/Button - Login' is exist

2022-01-20 11:27:24 - [MESSAGE][PASSED] - Element 'Object Repository/Mobile/Page/Login/Button - Login' is exist

2022-01-20 11:27:24 - [TEST_STEP][PASSED] - if (loginCheck): Call Test Case 'Test Cases/Mobile/Page/Login/Login' successfully

2022-01-20 11:27:24 - [TEST_STEP][PASSED] - callTestCase(findTestCase("Mobile/Page/Login/Login"), ["action":"username"], CONTINUE_ON_FAILURE): Call Test Case 'Test Cases/Mobile/Page/Login/Login' successfully

2022-01-20 11:27:24 - [TEST_CASE][PASSED] - Test Cases/Mobile/Page/Login/Login: Test Cases/Mobile/Page/Login/Login

2022-01-20 11:27:24 - [TEST_STEP][PASSED] - delay(2): Delayed 2 second(s)

2022-01-20 11:27:26 - [MESSAGE][PASSED] - Delayed 2 second(s)

2022-01-20 11:27:26 - [TEST_STEP][PASSED] - for ([i = 0, i < 1, (i++)]): null

2022-01-20 11:27:26 - [TEST_STEP][PASSED] - if (action == "username"): null

2022-01-20 11:27:26 - [TEST_STEP][PASSED] - tap(LOGN_EdtUserID, 0): Tapped on element 'Object Repository/Mobile/Page/Login/Input - UserID'

2022-01-20 11:27:26 - [MESSAGE][WARNING] - Timeout '0' is invalid. Using default page load timeout: '60'

2022-01-20 11:27:27 - [MESSAGE][PASSED] - Tapped on element 'Object Repository/Mobile/Page/Login/Input - UserID'

2022-01-20 11:27:27 - [TEST_STEP][PASSED] - delay(1): Delayed 1 second(s)

2022-01-20 11:27:28 - [MESSAGE][PASSED] - Delayed 1 second(s)

2022-01-20 11:27:28 - [TEST_STEP][PASSED] - setText(LOGN_EdtRdyUserID, "anggaaditya", 0): Text 'anggaaditya' has been set to element 'Object Repository/Mobile/Page/Login/Input Rdy - UserID'

2022-01-20 11:27:28 - [MESSAGE][WARNING] - Timeout '0' is invalid. Using default page load timeout: '60'

2022-01-20 11:27:28 - [MESSAGE][PASSED] - Text 'anggaaditya' has been set to element 'Object Repository/Mobile/Page/Login/Input Rdy - UserID'

2022-01-20 11:27:28 - [TEST_STEP][PASSED] - delay(1): Delayed 1 second(s)

2022-01-20 11:27:29 - [MESSAGE][PASSED] - Delayed 1 second(s)

2022-01-20 11:27:29 - [TEST_STEP][PASSED] - hideKeyboard(): Keyboard is hidden

2022-01-20 11:27:33 - [MESSAGE][PASSED] - Keyboard is hidden

2022-01-20 11:27:33 - [TEST_STEP][PASSED] - tap(LOGN_EdtPassword, 0): Tapped on element 'Object Repository/Mobile/Page/Login/Input - Password'

2022-01-20 11:27:33 - [MESSAGE][WARNING] - Timeout '0' is invalid. Using default page load timeout: '60'

2022-01-20 11:27:33 - [MESSAGE][PASSED] - Tapped on element 'Object Repository/Mobile/Page/Login/Input - Password'

2022-01-20 11:27:33 - [TEST_STEP][PASSED] - delay(1): Delayed 1 second(s)

2022-01-20 11:27:34 - [MESSAGE][PASSED] - Delayed 1 second(s)

2022-01-20 11:27:34 - [TEST_STEP][PASSED] - setText(LOGN_EdtRdyPassword, "Shalawa18", 0): Text 'Shalawa18' has been set to element 'Object Repository/Mobile/Page/Login/Input Rdy - Password'

2022-01-20 11:27:34 - [MESSAGE][WARNING] - Timeout '0' is invalid. Using default page load timeout: '60'

2022-01-20 11:27:35 - [MESSAGE][PASSED] - Text 'Shalawa18' has been set to element 'Object Repository/Mobile/Page/Login/Input Rdy - Password'

2022-01-20 11:27:35 - [TEST_STEP][PASSED] - delay(1): Delayed 1 second(s)

2022-01-20 11:27:36 - [MESSAGE][PASSED] - Delayed 1 second(s)

2022-01-20 11:27:36 - [TEST_STEP][PASSED] - hideKeyboard(): Keyboard is hidden

2022-01-20 11:27:42 - [MESSAGE][PASSED] - Keyboard is hidden

2022-01-20 11:27:42 - [TEST_STEP][PASSED] - tap(LOGN_BtnLogin, 0): Tapped on element 'Object Repository/Mobile/Page/Login/Button - Login'

2022-01-20 11:27:42 - [MESSAGE][WARNING] - Timeout '0' is invalid. Using default page load timeout: '60'

2022-01-20 11:27:43 - [MESSAGE][PASSED] - Tapped on element 'Object Repository/Mobile/Page/Login/Button - Login'

2022-01-20 11:27:43 - [TEST_STEP][PASSED] - delay(2): Delayed 2 second(s)

2022-01-20 11:27:45 - [MESSAGE][PASSED] - Delayed 2 second(s)

2022-01-20 11:27:45 - [TEST_STEP][PASSED] - break: null

2022-01-20 11:27:45 - [MESSAGE][PASSED] - Call Test Case 'Test Cases/Mobile/Page/Login/Login' successfully

2022-01-20 11:27:45 - [MESSAGE][PASSED] - Call Test Case 'Test Cases/Mobile/Page/CheckLogin' successfully

2022-01-20 11:27:45 - [TEST_STEP][PASSED] - tap(HOME_MenubarPortfolio, 0): Tapped on element 'Object Repository/Mobile/Page/Home/Menubar - Portfolio'

2022-01-20 11:27:45 - [MESSAGE][WARNING] - Timeout '0' is invalid. Using default page load timeout: '60'

2022-01-20 11:27:46 - [MESSAGE][PASSED] - Tapped on element 'Object Repository/Mobile/Page/Home/Menubar - Portfolio'

2022-01-20 11:27:46 - [TEST_STEP][PASSED] - delay(1): Delayed 1 second(s)

2022-01-20 11:27:47 - [MESSAGE][PASSED] - Delayed 1 second(s)

2022-01-20 11:27:47 - [TEST_STEP][PASSED] - for ([i = 0, i < 1, (i++)]): scroll.scroll.scrollScreenBottomToTop is PASSED

2022-01-20 11:27:47 - [TEST_STEP][PASSED] - if (tab == "summary"): null

2022-01-20 11:27:47 - [TEST_STEP][PASSED] - else if (tab == "stock"): null

2022-01-20 11:27:47 - [TEST_STEP][PASSED] - else if (tab == "mutualfund"): scroll.scroll.scrollScreenBottomToTop is PASSED

2022-01-20 11:27:47 - [TEST_STEP][PASSED] - tap(PORT_TabMutualFund, 0): Tapped on element 'Object Repository/Mobile/Page/Portfolio/Tab - Mutual Fund'

2022-01-20 11:27:47 - [MESSAGE][WARNING] - Timeout '0' is invalid. Using default page load timeout: '60'

2022-01-20 11:27:49 - [MESSAGE][PASSED] - Tapped on element 'Object Repository/Mobile/Page/Portfolio/Tab - Mutual Fund'

2022-01-20 11:27:49 - [TEST_STEP][PASSED] - delay(1): Delayed 1 second(s)

2022-01-20 11:27:50 - [MESSAGE][PASSED] - Delayed 1 second(s)

2022-01-20 11:27:50 - [TEST_STEP][PASSED] - try: scroll.scroll.scrollScreenBottomToTop is PASSED

2022-01-20 11:27:50 - [TEST_STEP][PASSED] - tapAndHold(PORT_ItemTopMutualFund, 1, 10): Tapped and held on element 'Object Repository/Mobile/Page/Portfolio/Item - Top Mutual Fund' with duration 1

2022-01-20 11:27:53 - [MESSAGE][PASSED] - Tapped and held on element 'Object Repository/Mobile/Page/Portfolio/Item - Top Mutual Fund' with duration 1

2022-01-20 11:27:53 - [TEST_STEP][PASSED] - delay(2): Delayed 2 second(s)

2022-01-20 11:27:55 - [MESSAGE][PASSED] - Delayed 2 second(s)

2022-01-20 11:27:55 - [TEST_STEP][PASSED] - switch (action2): null

2022-01-20 11:27:55 - [TEST_STEP][PASSED] - case "10 year":: null

2022-01-20 11:27:55 - [TEST_STEP][PASSED] - tapAndHold(PORT_DETL_Btn10Year, 1, 0): Tapped and held on element 'Object Repository/Mobile/Page/Portfolio/Detail Mutual Funds/Button - 10 Year' with duration 1

2022-01-20 11:27:55 - [MESSAGE][WARNING] - Timeout '0' is invalid. Using default page load timeout: '60'

2022-01-20 11:27:58 - [MESSAGE][PASSED] - Tapped and held on element 'Object Repository/Mobile/Page/Portfolio/Detail Mutual Funds/Button - 10 Year' with duration 1

2022-01-20 11:27:58 - [TEST_STEP][PASSED] - break: null

2022-01-20 11:27:58 - [TEST_STEP][PASSED] - delay(3): Delayed 3 second(s)

2022-01-20 11:28:01 - [MESSAGE][PASSED] - Delayed 3 second(s)

2022-01-20 11:28:01 - [TEST_STEP][PASSED] - scroll.scroll.scrollScreenBottomToTop(): scroll.scroll.scrollScreenBottomToTop is PASSED

2022-01-20 11:28:01 - [MESSAGE][PASSED] - Current device physical height is 1423

2022-01-20 11:28:01 - [MESSAGE][PASSED] - Current device physical width is 720

2022-01-20 11:28:02 - [MESSAGE][PASSED] - Swiped from 360,1,138 to 360,284

2022-01-20 11:28:02 - [MESSAGE][PASSED] - scroll.scroll.scrollScreenBottomToTop is PASSED

2022-01-20 11:28:02 - [MESSAGE][PASSED] - Call Test Case 'Test Cases/Mobile/Page/Portfolio/Portfolio' successfully

2022-01-20 11:28:02 - [TEST_STEP][PASSED] - callTestCase(findTestCase("Mobile/Page/Run App/Terminate App"), [:], STOP_ON_FAILURE): Call Test Case 'Test Cases/Mobile/Page/Run App/Terminate App' successfully

2022-01-20 11:28:02 - [TEST_CASE][PASSED] - Test Cases/Mobile/Page/Run App/Terminate App: Test Cases/Mobile/Page/Run App/Terminate App

2022-01-20 11:28:02 - [TEST_STEP][PASSED] - startApp.OpenApp.terminateApplication(): startApp.OpenApp.terminateApplication is PASSED

2022-01-20 11:28:06 - [MESSAGE][PASSED] - Delayed 3 second(s)

2022-01-20 11:28:06 - [MESSAGE][PASSED] - Current device physical width is 720

2022-01-20 11:28:06 - [MESSAGE][PASSED] - Current device physical height is 1423

2022-01-20 11:28:07 - [MESSAGE][PASSED] - Swiped from 360,853 to 360,142

2022-01-20 11:28:08 - [MESSAGE][PASSED] - Delayed 1 second(s)

2022-01-20 11:28:10 - [MESSAGE][PASSED] - Swiped from 360,853 to 360,142

2022-01-20 11:28:13 - [MESSAGE][PASSED] - Delayed 3 second(s)

2022-01-20 11:28:13 - [MESSAGE][PASSED] - startApp.OpenApp.terminateApplication is PASSED

2022-01-20 11:28:13 - [MESSAGE][PASSED] - Call Test Case 'Test Cases/Mobile/Page/Run App/Terminate App' successfully]]></system-out>
         <system-err><![CDATA[]]></system-err>
      </testcase>
      <system-out><![CDATA[2022-01-20 11:08:53 - [TEST_SUITE][PASSED] - portfolio: Test Cases/Mobile/Scenario/Portfolio/019 - Melihat detail mutual fund 10 year]]></system-out>
      <system-err><![CDATA[]]></system-err>
   </testsuite>
</testsuites>
