<?xml version="1.0" encoding="UTF-8"?>
<testsuites name="news" time="335.266" tests="5" failures="0" skips="0" errors="0">
   <testsuite name="news" tests="5" failures="0" errors="0" time="335.266" skips="0" timestamp="2021-12-29 10:28:06" hostname="Owner - aldy-tft" id="Test Suites/news">
      <properties>
         <property name="deviceName" value="samsung SM-A205F (Android 11)"/>
         <property name="devicePlatform" value=""/>
         <property name="logFolder" value="C:\\Users\\Owner\\Documents\\kerjaan\\KatalonProject\\qa_katalon_pwm\\qa_katalon_pwm\\Reports\\20211229_100434\\news\\20211229_100447"/>
         <property name="logFiles" value="C:\\Users\\Owner\\Documents\\kerjaan\\KatalonProject\\qa_katalon_pwm\\qa_katalon_pwm\\Reports\\20211229_100434\\news\\20211229_100447\\appium.log, C:\\Users\\Owner\\Documents\\kerjaan\\KatalonProject\\qa_katalon_pwm\\qa_katalon_pwm\\Reports\\20211229_100434\\news\\20211229_100447\\execution0.log"/>
         <property name="attachments" value=""/>
         <property name="hostName" value="Owner - aldy-tft"/>
         <property name="os" value="Windows 10 64bit"/>
         <property name="appiumServerStatus" value="{&quot;value&quot;:{&quot;build&quot;:{&quot;version&quot;:&quot;1.22.0&quot;}},&quot;sessionId&quot;:null,&quot;status&quot;:0}"/>
         <property name="katalonVersion" value="7.9.1.208"/>
         <property name="deviceOS" value="Android"/>
         <property name="appiumVersion" value="1.22.0"/>
         <property name="deviceModel" value="SM-A205F"/>
         <property name="hostAddress" value="192.168.18.37"/>
         <property name="deviceManufacturer" value="samsung"/>
         <property name="deviceId" value="RR8M40C9AXE"/>
         <property name="deviceName" value="samsung SM-A205F (Android 11)"/>
         <property name="deviceOSVersion" value="11"/>
      </properties>
      <testcase name="Test Cases/Mobile/Scenario/News/001 - News World Indices" time="88.036" classname="Test Cases/Mobile/Scenario/News/001 - News World Indices" status="PASSED">
         <system-out><![CDATA[2021-12-29 10:28:07 - [TEST_CASE][PASSED] - Test Cases/Mobile/Scenario/News/001 - News World Indices: Test Cases/Mobile/Scenario/News/001 - News World Indices

2021-12-29 10:28:07 - [TEST_STEP][PASSED] - callTestCase(findTestCase("Mobile/Page/Run App/Run App byID"), [:], STOP_ON_FAILURE): Call Test Case 'Test Cases/Mobile/Page/Run App/Run App byID' successfully

2021-12-29 10:28:07 - [TEST_CASE][PASSED] - Test Cases/Mobile/Page/Run App/Run App byID: Test Cases/Mobile/Page/Run App/Run App byID

2021-12-29 10:28:07 - [TEST_STEP][PASSED] - startApp.OpenApp.startApplication("id.co.miraeasset.sageclub"): startApp.OpenApp.startApplication is PASSED

2021-12-29 10:28:09 - [MESSAGE][INFO] - Appium server started on port 64,611

2021-12-29 10:28:25 - [MESSAGE][PASSED] - Starting app with application ID: 'id.co.miraeasset.sageclub'

2021-12-29 10:28:25 - [MESSAGE][PASSED] - startApp.OpenApp.startApplication is PASSED

2021-12-29 10:28:25 - [MESSAGE][PASSED] - Call Test Case 'Test Cases/Mobile/Page/Run App/Run App byID' successfully

2021-12-29 10:28:25 - [TEST_STEP][PASSED] - callTestCase(findTestCase("Mobile/Page/News/News"), ["tab":"worldindices"], CONTINUE_ON_FAILURE): Call Test Case 'Test Cases/Mobile/Page/News/News' successfully

2021-12-29 10:28:25 - [TEST_CASE][PASSED] - Test Cases/Mobile/Page/News/News: Test Cases/Mobile/Page/News/News

2021-12-29 10:28:25 - [TEST_STEP][PASSED] - callTestCase(findTestCase("Mobile/Page/CheckLogin"), [:], CONTINUE_ON_FAILURE): Call Test Case 'Test Cases/Mobile/Page/CheckLogin' successfully

2021-12-29 10:28:25 - [TEST_CASE][PASSED] - Test Cases/Mobile/Page/CheckLogin: Test Cases/Mobile/Page/CheckLogin

2021-12-29 10:28:25 - [TEST_STEP][PASSED] - loginCheck = verifyElementExist(LOGN_BtnLogin, 5, CONTINUE_ON_FAILURE): Element 'Object Repository/Mobile/Page/Login/Button - Login' is exist

2021-12-29 10:28:39 - [MESSAGE][PASSED] - Element 'Object Repository/Mobile/Page/Login/Button - Login' is exist

2021-12-29 10:28:39 - [TEST_STEP][PASSED] - if (loginCheck): Call Test Case 'Test Cases/Mobile/Page/Login/Login' successfully

2021-12-29 10:28:39 - [TEST_STEP][PASSED] - callTestCase(findTestCase("Mobile/Page/Login/Login"), [:], CONTINUE_ON_FAILURE): Call Test Case 'Test Cases/Mobile/Page/Login/Login' successfully

2021-12-29 10:28:39 - [TEST_CASE][PASSED] - Test Cases/Mobile/Page/Login/Login: Test Cases/Mobile/Page/Login/Login

2021-12-29 10:28:39 - [TEST_STEP][PASSED] - delay(2): Delayed 2 second(s)

2021-12-29 10:28:41 - [MESSAGE][PASSED] - Delayed 2 second(s)

2021-12-29 10:28:41 - [TEST_STEP][PASSED] - tap(LOGN_EdtUserID, 0): Tapped on element 'Object Repository/Mobile/Page/Login/Input - UserID'

2021-12-29 10:28:41 - [MESSAGE][WARNING] - Timeout '0' is invalid. Using default page load timeout: '60'

2021-12-29 10:28:42 - [MESSAGE][PASSED] - Tapped on element 'Object Repository/Mobile/Page/Login/Input - UserID'

2021-12-29 10:28:42 - [TEST_STEP][PASSED] - delay(1): Delayed 1 second(s)

2021-12-29 10:28:43 - [MESSAGE][PASSED] - Delayed 1 second(s)

2021-12-29 10:28:43 - [TEST_STEP][PASSED] - setText(LOGN_EdtRdyUserID, "anggaaditya", 0): Text 'anggaaditya' has been set to element 'Object Repository/Mobile/Page/Login/Input Rdy - UserID'

2021-12-29 10:28:43 - [MESSAGE][WARNING] - Timeout '0' is invalid. Using default page load timeout: '60'

2021-12-29 10:28:44 - [MESSAGE][PASSED] - Text 'anggaaditya' has been set to element 'Object Repository/Mobile/Page/Login/Input Rdy - UserID'

2021-12-29 10:28:44 - [TEST_STEP][PASSED] - delay(1): Delayed 1 second(s)

2021-12-29 10:28:45 - [MESSAGE][PASSED] - Delayed 1 second(s)

2021-12-29 10:28:45 - [TEST_STEP][PASSED] - hideKeyboard(): Keyboard is hidden

2021-12-29 10:28:49 - [MESSAGE][PASSED] - Keyboard is hidden

2021-12-29 10:28:49 - [TEST_STEP][PASSED] - tap(LOGN_EdtPassword, 0): Tapped on element 'Object Repository/Mobile/Page/Login/Input - Password'

2021-12-29 10:28:49 - [MESSAGE][WARNING] - Timeout '0' is invalid. Using default page load timeout: '60'

2021-12-29 10:28:49 - [MESSAGE][PASSED] - Tapped on element 'Object Repository/Mobile/Page/Login/Input - Password'

2021-12-29 10:28:49 - [TEST_STEP][PASSED] - delay(1): Delayed 1 second(s)

2021-12-29 10:28:50 - [MESSAGE][PASSED] - Delayed 1 second(s)

2021-12-29 10:28:50 - [TEST_STEP][PASSED] - setText(LOGN_EdtRdyPassword, "Shalawa18", 0): Text 'Shalawa18' has been set to element 'Object Repository/Mobile/Page/Login/Input Rdy - Password'

2021-12-29 10:28:50 - [MESSAGE][WARNING] - Timeout '0' is invalid. Using default page load timeout: '60'

2021-12-29 10:28:51 - [MESSAGE][PASSED] - Text 'Shalawa18' has been set to element 'Object Repository/Mobile/Page/Login/Input Rdy - Password'

2021-12-29 10:28:51 - [TEST_STEP][PASSED] - delay(1): Delayed 1 second(s)

2021-12-29 10:28:52 - [MESSAGE][PASSED] - Delayed 1 second(s)

2021-12-29 10:28:52 - [TEST_STEP][PASSED] - hideKeyboard(): Keyboard is hidden

2021-12-29 10:28:59 - [MESSAGE][PASSED] - Keyboard is hidden

2021-12-29 10:28:59 - [TEST_STEP][PASSED] - tap(LOGN_BtnLogin, 0): Tapped on element 'Object Repository/Mobile/Page/Login/Button - Login'

2021-12-29 10:28:59 - [MESSAGE][WARNING] - Timeout '0' is invalid. Using default page load timeout: '60'

2021-12-29 10:29:00 - [MESSAGE][PASSED] - Tapped on element 'Object Repository/Mobile/Page/Login/Button - Login'

2021-12-29 10:29:00 - [TEST_STEP][PASSED] - delay(2): Delayed 2 second(s)

2021-12-29 10:29:02 - [MESSAGE][PASSED] - Delayed 2 second(s)

2021-12-29 10:29:02 - [MESSAGE][PASSED] - Call Test Case 'Test Cases/Mobile/Page/Login/Login' successfully

2021-12-29 10:29:02 - [MESSAGE][PASSED] - Call Test Case 'Test Cases/Mobile/Page/CheckLogin' successfully

2021-12-29 10:29:02 - [TEST_STEP][PASSED] - tap(HOME_MenubarNews, 0): Tapped on element 'Object Repository/Mobile/Page/Home/Menubar - News'

2021-12-29 10:29:02 - [MESSAGE][WARNING] - Timeout '0' is invalid. Using default page load timeout: '60'

2021-12-29 10:29:04 - [MESSAGE][PASSED] - Tapped on element 'Object Repository/Mobile/Page/Home/Menubar - News'

2021-12-29 10:29:04 - [TEST_STEP][PASSED] - delay(1): Delayed 1 second(s)

2021-12-29 10:29:05 - [MESSAGE][PASSED] - Delayed 1 second(s)

2021-12-29 10:29:05 - [TEST_STEP][PASSED] - for ([i = 0, i < 1, (i++)]): null

2021-12-29 10:29:05 - [TEST_STEP][PASSED] - if (tab == "macronews"): null

2021-12-29 10:29:05 - [TEST_STEP][PASSED] - else if (tab == "stocknews"): null

2021-12-29 10:29:05 - [TEST_STEP][PASSED] - else if (tab == "fundnews"): null

2021-12-29 10:29:05 - [TEST_STEP][PASSED] - else if (tab == "bondnews"): null

2021-12-29 10:29:05 - [TEST_STEP][PASSED] - else if (tab == "worldindices"): Delayed 3 second(s)

2021-12-29 10:29:05 - [TEST_STEP][PASSED] - scroll.scroll.scrollScreenRightToLeft(NEWS_TabMacro): scroll.scroll.scrollScreenRightToLeft is PASSED

2021-12-29 10:29:05 - [MESSAGE][WARNING] - Timeout '0' is invalid. Using default page load timeout: '60'

2021-12-29 10:29:05 - [MESSAGE][PASSED] - Object 'Object Repository/Mobile/Page/News/Tab - Macro' has left position '14'

2021-12-29 10:29:05 - [MESSAGE][WARNING] - Timeout '0' is invalid. Using default page load timeout: '60'

2021-12-29 10:29:06 - [MESSAGE][PASSED] - Object 'Object Repository/Mobile/Page/News/Tab - Macro' has top position '262'

2021-12-29 10:29:06 - [MESSAGE][WARNING] - Timeout '0' is invalid. Using default page load timeout: '60'

2021-12-29 10:29:06 - [MESSAGE][PASSED] - Object 'Object Repository/Mobile/Page/News/Tab - Macro' has width: '215'

2021-12-29 10:29:06 - [MESSAGE][WARNING] - Timeout '0' is invalid. Using default page load timeout: '60'

2021-12-29 10:29:06 - [MESSAGE][PASSED] - Object 'Object Repository/Mobile/Page/News/Tab - Macro' has height: '84'

2021-12-29 10:29:06 - [MESSAGE][PASSED] - Current device physical width is 720

2021-12-29 10:29:08 - [MESSAGE][PASSED] - Swiped from 620,304 to 100,304

2021-12-29 10:29:08 - [MESSAGE][PASSED] - scroll.scroll.scrollScreenRightToLeft is PASSED

2021-12-29 10:29:08 - [TEST_STEP][PASSED] - delay(1): Delayed 1 second(s)

2021-12-29 10:29:09 - [MESSAGE][PASSED] - Delayed 1 second(s)

2021-12-29 10:29:09 - [TEST_STEP][PASSED] - tap(NEWS_TabWorldIndices, 0): Tapped on element 'Object Repository/Mobile/Page/News/Tab - World Indices'

2021-12-29 10:29:09 - [MESSAGE][WARNING] - Timeout '0' is invalid. Using default page load timeout: '60'

2021-12-29 10:29:10 - [MESSAGE][PASSED] - Tapped on element 'Object Repository/Mobile/Page/News/Tab - World Indices'

2021-12-29 10:29:10 - [TEST_STEP][PASSED] - delay(1): Delayed 1 second(s)

2021-12-29 10:29:11 - [MESSAGE][PASSED] - Delayed 1 second(s)

2021-12-29 10:29:11 - [TEST_STEP][PASSED] - tap(NEWS_BtnIndices, 0): Tapped on element 'Object Repository/Mobile/Page/News/Button - Indices'

2021-12-29 10:29:11 - [MESSAGE][WARNING] - Timeout '0' is invalid. Using default page load timeout: '60'

2021-12-29 10:29:11 - [MESSAGE][PASSED] - Tapped on element 'Object Repository/Mobile/Page/News/Button - Indices'

2021-12-29 10:29:11 - [TEST_STEP][PASSED] - delay(3): Delayed 3 second(s)

2021-12-29 10:29:14 - [MESSAGE][PASSED] - Delayed 3 second(s)

2021-12-29 10:29:14 - [TEST_STEP][PASSED] - tap(NEWS_BtnCurrencies, 0): Tapped on element 'Object Repository/Mobile/Page/News/Button - Currencies'

2021-12-29 10:29:14 - [MESSAGE][WARNING] - Timeout '0' is invalid. Using default page load timeout: '60'

2021-12-29 10:29:16 - [MESSAGE][PASSED] - Tapped on element 'Object Repository/Mobile/Page/News/Button - Currencies'

2021-12-29 10:29:16 - [TEST_STEP][PASSED] - delay(3): Delayed 3 second(s)

2021-12-29 10:29:19 - [MESSAGE][PASSED] - Delayed 3 second(s)

2021-12-29 10:29:19 - [TEST_STEP][PASSED] - tap(NEWS_BtnCommodities, 0): Tapped on element 'Object Repository/Mobile/Page/News/Button - Commodities'

2021-12-29 10:29:19 - [MESSAGE][WARNING] - Timeout '0' is invalid. Using default page load timeout: '60'

2021-12-29 10:29:20 - [MESSAGE][PASSED] - Tapped on element 'Object Repository/Mobile/Page/News/Button - Commodities'

2021-12-29 10:29:20 - [TEST_STEP][PASSED] - delay(3): Delayed 3 second(s)

2021-12-29 10:29:23 - [MESSAGE][PASSED] - Delayed 3 second(s)

2021-12-29 10:29:23 - [TEST_STEP][PASSED] - delay(1): Delayed 1 second(s)

2021-12-29 10:29:24 - [MESSAGE][PASSED] - Delayed 1 second(s)

2021-12-29 10:29:24 - [TEST_STEP][PASSED] - if (tab != "worldindices"): null

2021-12-29 10:29:24 - [MESSAGE][PASSED] - Call Test Case 'Test Cases/Mobile/Page/News/News' successfully

2021-12-29 10:29:24 - [TEST_STEP][PASSED] - callTestCase(findTestCase("Mobile/Page/Run App/Terminate App"), [:], STOP_ON_FAILURE): Call Test Case 'Test Cases/Mobile/Page/Run App/Terminate App' successfully

2021-12-29 10:29:24 - [TEST_CASE][PASSED] - Test Cases/Mobile/Page/Run App/Terminate App: Test Cases/Mobile/Page/Run App/Terminate App

2021-12-29 10:29:24 - [TEST_STEP][PASSED] - startApp.OpenApp.terminateApplication(): startApp.OpenApp.terminateApplication is PASSED

2021-12-29 10:29:27 - [MESSAGE][PASSED] - Delayed 3 second(s)

2021-12-29 10:29:28 - [MESSAGE][PASSED] - Current device physical width is 720

2021-12-29 10:29:28 - [MESSAGE][PASSED] - Current device physical height is 1423

2021-12-29 10:29:29 - [MESSAGE][PASSED] - Swiped from 360,853 to 360,142

2021-12-29 10:29:30 - [MESSAGE][PASSED] - Delayed 1 second(s)

2021-12-29 10:29:32 - [MESSAGE][PASSED] - Swiped from 360,853 to 360,142

2021-12-29 10:29:35 - [MESSAGE][PASSED] - Delayed 3 second(s)

2021-12-29 10:29:35 - [MESSAGE][PASSED] - startApp.OpenApp.terminateApplication is PASSED

2021-12-29 10:29:35 - [MESSAGE][PASSED] - Call Test Case 'Test Cases/Mobile/Page/Run App/Terminate App' successfully]]></system-out>
         <system-err><![CDATA[]]></system-err>
      </testcase>
      <testcase name="Test Cases/Mobile/Scenario/News/002 - News Stock" time="62.362" classname="Test Cases/Mobile/Scenario/News/002 - News Stock" status="PASSED">
         <system-out><![CDATA[2021-12-29 10:29:35 - [TEST_CASE][PASSED] - Test Cases/Mobile/Scenario/News/002 - News Stock: Test Cases/Mobile/Scenario/News/002 - News Stock

2021-12-29 10:29:35 - [TEST_STEP][PASSED] - callTestCase(findTestCase("Mobile/Page/Run App/Run App byID"), [:], STOP_ON_FAILURE): Call Test Case 'Test Cases/Mobile/Page/Run App/Run App byID' successfully

2021-12-29 10:29:35 - [TEST_CASE][PASSED] - Test Cases/Mobile/Page/Run App/Run App byID: Test Cases/Mobile/Page/Run App/Run App byID

2021-12-29 10:29:35 - [TEST_STEP][PASSED] - startApp.OpenApp.startApplication("id.co.miraeasset.sageclub"): startApp.OpenApp.startApplication is PASSED

2021-12-29 10:29:47 - [MESSAGE][PASSED] - Starting app with application ID: 'id.co.miraeasset.sageclub'

2021-12-29 10:29:47 - [MESSAGE][PASSED] - startApp.OpenApp.startApplication is PASSED

2021-12-29 10:29:47 - [MESSAGE][PASSED] - Call Test Case 'Test Cases/Mobile/Page/Run App/Run App byID' successfully

2021-12-29 10:29:47 - [TEST_STEP][PASSED] - callTestCase(findTestCase("Mobile/Page/News/News"), ["tab":"stocknews"], CONTINUE_ON_FAILURE): Call Test Case 'Test Cases/Mobile/Page/News/News' successfully

2021-12-29 10:29:47 - [TEST_CASE][PASSED] - Test Cases/Mobile/Page/News/News: Test Cases/Mobile/Page/News/News

2021-12-29 10:29:47 - [TEST_STEP][PASSED] - callTestCase(findTestCase("Mobile/Page/CheckLogin"), [:], CONTINUE_ON_FAILURE): Call Test Case 'Test Cases/Mobile/Page/CheckLogin' successfully

2021-12-29 10:29:47 - [TEST_CASE][PASSED] - Test Cases/Mobile/Page/CheckLogin: Test Cases/Mobile/Page/CheckLogin

2021-12-29 10:29:47 - [TEST_STEP][PASSED] - loginCheck = verifyElementExist(LOGN_BtnLogin, 5, CONTINUE_ON_FAILURE): Element 'Object Repository/Mobile/Page/Login/Button - Login' is exist

2021-12-29 10:29:49 - [MESSAGE][PASSED] - Element 'Object Repository/Mobile/Page/Login/Button - Login' is exist

2021-12-29 10:29:49 - [TEST_STEP][PASSED] - if (loginCheck): Call Test Case 'Test Cases/Mobile/Page/Login/Login' successfully

2021-12-29 10:29:49 - [TEST_STEP][PASSED] - callTestCase(findTestCase("Mobile/Page/Login/Login"), [:], CONTINUE_ON_FAILURE): Call Test Case 'Test Cases/Mobile/Page/Login/Login' successfully

2021-12-29 10:29:49 - [TEST_CASE][PASSED] - Test Cases/Mobile/Page/Login/Login: Test Cases/Mobile/Page/Login/Login

2021-12-29 10:29:49 - [TEST_STEP][PASSED] - delay(2): Delayed 2 second(s)

2021-12-29 10:29:51 - [MESSAGE][PASSED] - Delayed 2 second(s)

2021-12-29 10:29:51 - [TEST_STEP][PASSED] - tap(LOGN_EdtUserID, 0): Tapped on element 'Object Repository/Mobile/Page/Login/Input - UserID'

2021-12-29 10:29:51 - [MESSAGE][WARNING] - Timeout '0' is invalid. Using default page load timeout: '60'

2021-12-29 10:29:51 - [MESSAGE][PASSED] - Tapped on element 'Object Repository/Mobile/Page/Login/Input - UserID'

2021-12-29 10:29:51 - [TEST_STEP][PASSED] - delay(1): Delayed 1 second(s)

2021-12-29 10:29:52 - [MESSAGE][PASSED] - Delayed 1 second(s)

2021-12-29 10:29:52 - [TEST_STEP][PASSED] - setText(LOGN_EdtRdyUserID, "anggaaditya", 0): Text 'anggaaditya' has been set to element 'Object Repository/Mobile/Page/Login/Input Rdy - UserID'

2021-12-29 10:29:52 - [MESSAGE][WARNING] - Timeout '0' is invalid. Using default page load timeout: '60'

2021-12-29 10:29:53 - [MESSAGE][PASSED] - Text 'anggaaditya' has been set to element 'Object Repository/Mobile/Page/Login/Input Rdy - UserID'

2021-12-29 10:29:53 - [TEST_STEP][PASSED] - delay(1): Delayed 1 second(s)

2021-12-29 10:29:54 - [MESSAGE][PASSED] - Delayed 1 second(s)

2021-12-29 10:29:54 - [TEST_STEP][PASSED] - hideKeyboard(): Keyboard is hidden

2021-12-29 10:29:58 - [MESSAGE][PASSED] - Keyboard is hidden

2021-12-29 10:29:58 - [TEST_STEP][PASSED] - tap(LOGN_EdtPassword, 0): Tapped on element 'Object Repository/Mobile/Page/Login/Input - Password'

2021-12-29 10:29:58 - [MESSAGE][WARNING] - Timeout '0' is invalid. Using default page load timeout: '60'

2021-12-29 10:29:59 - [MESSAGE][PASSED] - Tapped on element 'Object Repository/Mobile/Page/Login/Input - Password'

2021-12-29 10:29:59 - [TEST_STEP][PASSED] - delay(1): Delayed 1 second(s)

2021-12-29 10:30:00 - [MESSAGE][PASSED] - Delayed 1 second(s)

2021-12-29 10:30:00 - [TEST_STEP][PASSED] - setText(LOGN_EdtRdyPassword, "Shalawa18", 0): Text 'Shalawa18' has been set to element 'Object Repository/Mobile/Page/Login/Input Rdy - Password'

2021-12-29 10:30:00 - [MESSAGE][WARNING] - Timeout '0' is invalid. Using default page load timeout: '60'

2021-12-29 10:30:01 - [MESSAGE][PASSED] - Text 'Shalawa18' has been set to element 'Object Repository/Mobile/Page/Login/Input Rdy - Password'

2021-12-29 10:30:01 - [TEST_STEP][PASSED] - delay(1): Delayed 1 second(s)

2021-12-29 10:30:02 - [MESSAGE][PASSED] - Delayed 1 second(s)

2021-12-29 10:30:02 - [TEST_STEP][PASSED] - hideKeyboard(): Keyboard is hidden

2021-12-29 10:30:10 - [MESSAGE][PASSED] - Keyboard is hidden

2021-12-29 10:30:10 - [TEST_STEP][PASSED] - tap(LOGN_BtnLogin, 0): Tapped on element 'Object Repository/Mobile/Page/Login/Button - Login'

2021-12-29 10:30:10 - [MESSAGE][WARNING] - Timeout '0' is invalid. Using default page load timeout: '60'

2021-12-29 10:30:11 - [MESSAGE][PASSED] - Tapped on element 'Object Repository/Mobile/Page/Login/Button - Login'

2021-12-29 10:30:11 - [TEST_STEP][PASSED] - delay(2): Delayed 2 second(s)

2021-12-29 10:30:13 - [MESSAGE][PASSED] - Delayed 2 second(s)

2021-12-29 10:30:13 - [MESSAGE][PASSED] - Call Test Case 'Test Cases/Mobile/Page/Login/Login' successfully

2021-12-29 10:30:13 - [MESSAGE][PASSED] - Call Test Case 'Test Cases/Mobile/Page/CheckLogin' successfully

2021-12-29 10:30:13 - [TEST_STEP][PASSED] - tap(HOME_MenubarNews, 0): Tapped on element 'Object Repository/Mobile/Page/Home/Menubar - News'

2021-12-29 10:30:13 - [MESSAGE][WARNING] - Timeout '0' is invalid. Using default page load timeout: '60'

2021-12-29 10:30:15 - [MESSAGE][PASSED] - Tapped on element 'Object Repository/Mobile/Page/Home/Menubar - News'

2021-12-29 10:30:15 - [TEST_STEP][PASSED] - delay(1): Delayed 1 second(s)

2021-12-29 10:30:16 - [MESSAGE][PASSED] - Delayed 1 second(s)

2021-12-29 10:30:16 - [TEST_STEP][PASSED] - for ([i = 0, i < 1, (i++)]): Delayed 3 second(s)

2021-12-29 10:30:16 - [TEST_STEP][PASSED] - if (tab == "macronews"): null

2021-12-29 10:30:16 - [TEST_STEP][PASSED] - else if (tab == "stocknews"): Tapped on element 'Object Repository/Mobile/Page/News/Tab - Stock'

2021-12-29 10:30:16 - [TEST_STEP][PASSED] - tap(NEWS_TabStock, 0): Tapped on element 'Object Repository/Mobile/Page/News/Tab - Stock'

2021-12-29 10:30:16 - [MESSAGE][WARNING] - Timeout '0' is invalid. Using default page load timeout: '60'

2021-12-29 10:30:17 - [MESSAGE][PASSED] - Tapped on element 'Object Repository/Mobile/Page/News/Tab - Stock'

2021-12-29 10:30:17 - [TEST_STEP][PASSED] - delay(1): Delayed 1 second(s)

2021-12-29 10:30:18 - [MESSAGE][PASSED] - Delayed 1 second(s)

2021-12-29 10:30:18 - [TEST_STEP][PASSED] - if (tab != "worldindices"): Delayed 3 second(s)

2021-12-29 10:30:18 - [TEST_STEP][PASSED] - try: Delayed 3 second(s)

2021-12-29 10:30:18 - [TEST_STEP][PASSED] - tapAndHold(NEWS_ItemTopNews, 1, 10): Tapped and held on element 'Object Repository/Mobile/Page/News/Item - Top News' with duration 1

2021-12-29 10:30:21 - [MESSAGE][PASSED] - Tapped and held on element 'Object Repository/Mobile/Page/News/Item - Top News' with duration 1

2021-12-29 10:30:21 - [TEST_STEP][PASSED] - delay(1): Delayed 1 second(s)

2021-12-29 10:30:22 - [MESSAGE][PASSED] - Delayed 1 second(s)

2021-12-29 10:30:22 - [TEST_STEP][PASSED] - scroll.scroll.scrollScreenBottomToTop(): scroll.scroll.scrollScreenBottomToTop is PASSED

2021-12-29 10:30:22 - [MESSAGE][PASSED] - Current device physical height is 1423

2021-12-29 10:30:22 - [MESSAGE][PASSED] - Current device physical width is 720

2021-12-29 10:30:23 - [MESSAGE][PASSED] - Swiped from 360,1,138 to 360,284

2021-12-29 10:30:23 - [MESSAGE][PASSED] - scroll.scroll.scrollScreenBottomToTop is PASSED

2021-12-29 10:30:23 - [TEST_STEP][PASSED] - delay(3): Delayed 3 second(s)

2021-12-29 10:30:27 - [MESSAGE][PASSED] - Delayed 3 second(s)

2021-12-29 10:30:27 - [MESSAGE][PASSED] - Call Test Case 'Test Cases/Mobile/Page/News/News' successfully

2021-12-29 10:30:27 - [TEST_STEP][PASSED] - callTestCase(findTestCase("Mobile/Page/Run App/Terminate App"), [:], STOP_ON_FAILURE): Call Test Case 'Test Cases/Mobile/Page/Run App/Terminate App' successfully

2021-12-29 10:30:27 - [TEST_CASE][PASSED] - Test Cases/Mobile/Page/Run App/Terminate App: Test Cases/Mobile/Page/Run App/Terminate App

2021-12-29 10:30:27 - [TEST_STEP][PASSED] - startApp.OpenApp.terminateApplication(): startApp.OpenApp.terminateApplication is PASSED

2021-12-29 10:30:30 - [MESSAGE][PASSED] - Delayed 3 second(s)

2021-12-29 10:30:30 - [MESSAGE][PASSED] - Current device physical width is 720

2021-12-29 10:30:30 - [MESSAGE][PASSED] - Current device physical height is 1423

2021-12-29 10:30:32 - [MESSAGE][PASSED] - Swiped from 360,853 to 360,142

2021-12-29 10:30:33 - [MESSAGE][PASSED] - Delayed 1 second(s)

2021-12-29 10:30:34 - [MESSAGE][PASSED] - Swiped from 360,853 to 360,142

2021-12-29 10:30:37 - [MESSAGE][PASSED] - Delayed 3 second(s)

2021-12-29 10:30:37 - [MESSAGE][PASSED] - startApp.OpenApp.terminateApplication is PASSED

2021-12-29 10:30:37 - [MESSAGE][PASSED] - Call Test Case 'Test Cases/Mobile/Page/Run App/Terminate App' successfully]]></system-out>
         <system-err><![CDATA[]]></system-err>
      </testcase>
      <testcase name="Test Cases/Mobile/Scenario/News/003 - News Fund" time="63.713" classname="Test Cases/Mobile/Scenario/News/003 - News Fund" status="PASSED">
         <system-out><![CDATA[2021-12-29 10:30:37 - [TEST_CASE][PASSED] - Test Cases/Mobile/Scenario/News/003 - News Fund: Test Cases/Mobile/Scenario/News/003 - News Fund

2021-12-29 10:30:37 - [TEST_STEP][PASSED] - callTestCase(findTestCase("Mobile/Page/Run App/Run App byID"), [:], STOP_ON_FAILURE): Call Test Case 'Test Cases/Mobile/Page/Run App/Run App byID' successfully

2021-12-29 10:30:37 - [TEST_CASE][PASSED] - Test Cases/Mobile/Page/Run App/Run App byID: Test Cases/Mobile/Page/Run App/Run App byID

2021-12-29 10:30:37 - [TEST_STEP][PASSED] - startApp.OpenApp.startApplication("id.co.miraeasset.sageclub"): startApp.OpenApp.startApplication is PASSED

2021-12-29 10:30:50 - [MESSAGE][PASSED] - Starting app with application ID: 'id.co.miraeasset.sageclub'

2021-12-29 10:30:50 - [MESSAGE][PASSED] - startApp.OpenApp.startApplication is PASSED

2021-12-29 10:30:50 - [MESSAGE][PASSED] - Call Test Case 'Test Cases/Mobile/Page/Run App/Run App byID' successfully

2021-12-29 10:30:50 - [TEST_STEP][PASSED] - callTestCase(findTestCase("Mobile/Page/News/News"), ["tab":"fundnews"], CONTINUE_ON_FAILURE): Call Test Case 'Test Cases/Mobile/Page/News/News' successfully

2021-12-29 10:30:50 - [TEST_CASE][PASSED] - Test Cases/Mobile/Page/News/News: Test Cases/Mobile/Page/News/News

2021-12-29 10:30:50 - [TEST_STEP][PASSED] - callTestCase(findTestCase("Mobile/Page/CheckLogin"), [:], CONTINUE_ON_FAILURE): Call Test Case 'Test Cases/Mobile/Page/CheckLogin' successfully

2021-12-29 10:30:50 - [TEST_CASE][PASSED] - Test Cases/Mobile/Page/CheckLogin: Test Cases/Mobile/Page/CheckLogin

2021-12-29 10:30:50 - [TEST_STEP][PASSED] - loginCheck = verifyElementExist(LOGN_BtnLogin, 5, CONTINUE_ON_FAILURE): Element 'Object Repository/Mobile/Page/Login/Button - Login' is exist

2021-12-29 10:30:52 - [MESSAGE][PASSED] - Element 'Object Repository/Mobile/Page/Login/Button - Login' is exist

2021-12-29 10:30:52 - [TEST_STEP][PASSED] - if (loginCheck): Call Test Case 'Test Cases/Mobile/Page/Login/Login' successfully

2021-12-29 10:30:52 - [TEST_STEP][PASSED] - callTestCase(findTestCase("Mobile/Page/Login/Login"), [:], CONTINUE_ON_FAILURE): Call Test Case 'Test Cases/Mobile/Page/Login/Login' successfully

2021-12-29 10:30:52 - [TEST_CASE][PASSED] - Test Cases/Mobile/Page/Login/Login: Test Cases/Mobile/Page/Login/Login

2021-12-29 10:30:52 - [TEST_STEP][PASSED] - delay(2): Delayed 2 second(s)

2021-12-29 10:30:54 - [MESSAGE][PASSED] - Delayed 2 second(s)

2021-12-29 10:30:54 - [TEST_STEP][PASSED] - tap(LOGN_EdtUserID, 0): Tapped on element 'Object Repository/Mobile/Page/Login/Input - UserID'

2021-12-29 10:30:54 - [MESSAGE][WARNING] - Timeout '0' is invalid. Using default page load timeout: '60'

2021-12-29 10:30:55 - [MESSAGE][PASSED] - Tapped on element 'Object Repository/Mobile/Page/Login/Input - UserID'

2021-12-29 10:30:55 - [TEST_STEP][PASSED] - delay(1): Delayed 1 second(s)

2021-12-29 10:30:56 - [MESSAGE][PASSED] - Delayed 1 second(s)

2021-12-29 10:30:56 - [TEST_STEP][PASSED] - setText(LOGN_EdtRdyUserID, "anggaaditya", 0): Text 'anggaaditya' has been set to element 'Object Repository/Mobile/Page/Login/Input Rdy - UserID'

2021-12-29 10:30:56 - [MESSAGE][WARNING] - Timeout '0' is invalid. Using default page load timeout: '60'

2021-12-29 10:30:57 - [MESSAGE][PASSED] - Text 'anggaaditya' has been set to element 'Object Repository/Mobile/Page/Login/Input Rdy - UserID'

2021-12-29 10:30:57 - [TEST_STEP][PASSED] - delay(1): Delayed 1 second(s)

2021-12-29 10:30:58 - [MESSAGE][PASSED] - Delayed 1 second(s)

2021-12-29 10:30:58 - [TEST_STEP][PASSED] - hideKeyboard(): Keyboard is hidden

2021-12-29 10:31:04 - [MESSAGE][PASSED] - Keyboard is hidden

2021-12-29 10:31:04 - [TEST_STEP][PASSED] - tap(LOGN_EdtPassword, 0): Tapped on element 'Object Repository/Mobile/Page/Login/Input - Password'

2021-12-29 10:31:04 - [MESSAGE][WARNING] - Timeout '0' is invalid. Using default page load timeout: '60'

2021-12-29 10:31:04 - [MESSAGE][PASSED] - Tapped on element 'Object Repository/Mobile/Page/Login/Input - Password'

2021-12-29 10:31:04 - [TEST_STEP][PASSED] - delay(1): Delayed 1 second(s)

2021-12-29 10:31:05 - [MESSAGE][PASSED] - Delayed 1 second(s)

2021-12-29 10:31:05 - [TEST_STEP][PASSED] - setText(LOGN_EdtRdyPassword, "Shalawa18", 0): Text 'Shalawa18' has been set to element 'Object Repository/Mobile/Page/Login/Input Rdy - Password'

2021-12-29 10:31:05 - [MESSAGE][WARNING] - Timeout '0' is invalid. Using default page load timeout: '60'

2021-12-29 10:31:06 - [MESSAGE][PASSED] - Text 'Shalawa18' has been set to element 'Object Repository/Mobile/Page/Login/Input Rdy - Password'

2021-12-29 10:31:06 - [TEST_STEP][PASSED] - delay(1): Delayed 1 second(s)

2021-12-29 10:31:07 - [MESSAGE][PASSED] - Delayed 1 second(s)

2021-12-29 10:31:07 - [TEST_STEP][PASSED] - hideKeyboard(): Keyboard is hidden

2021-12-29 10:31:14 - [MESSAGE][PASSED] - Keyboard is hidden

2021-12-29 10:31:14 - [TEST_STEP][PASSED] - tap(LOGN_BtnLogin, 0): Tapped on element 'Object Repository/Mobile/Page/Login/Button - Login'

2021-12-29 10:31:14 - [MESSAGE][WARNING] - Timeout '0' is invalid. Using default page load timeout: '60'

2021-12-29 10:31:15 - [MESSAGE][PASSED] - Tapped on element 'Object Repository/Mobile/Page/Login/Button - Login'

2021-12-29 10:31:15 - [TEST_STEP][PASSED] - delay(2): Delayed 2 second(s)

2021-12-29 10:31:17 - [MESSAGE][PASSED] - Delayed 2 second(s)

2021-12-29 10:31:17 - [MESSAGE][PASSED] - Call Test Case 'Test Cases/Mobile/Page/Login/Login' successfully

2021-12-29 10:31:17 - [MESSAGE][PASSED] - Call Test Case 'Test Cases/Mobile/Page/CheckLogin' successfully

2021-12-29 10:31:17 - [TEST_STEP][PASSED] - tap(HOME_MenubarNews, 0): Tapped on element 'Object Repository/Mobile/Page/Home/Menubar - News'

2021-12-29 10:31:17 - [MESSAGE][WARNING] - Timeout '0' is invalid. Using default page load timeout: '60'

2021-12-29 10:31:18 - [MESSAGE][PASSED] - Tapped on element 'Object Repository/Mobile/Page/Home/Menubar - News'

2021-12-29 10:31:18 - [TEST_STEP][PASSED] - delay(1): Delayed 1 second(s)

2021-12-29 10:31:19 - [MESSAGE][PASSED] - Delayed 1 second(s)

2021-12-29 10:31:19 - [TEST_STEP][PASSED] - for ([i = 0, i < 1, (i++)]): Delayed 3 second(s)

2021-12-29 10:31:19 - [TEST_STEP][PASSED] - if (tab == "macronews"): null

2021-12-29 10:31:19 - [TEST_STEP][PASSED] - else if (tab == "stocknews"): null

2021-12-29 10:31:19 - [TEST_STEP][PASSED] - else if (tab == "fundnews"): Tapped on element 'Object Repository/Mobile/Page/News/Tab - Fund'

2021-12-29 10:31:19 - [TEST_STEP][PASSED] - tap(NEWS_TabFund, 0): Tapped on element 'Object Repository/Mobile/Page/News/Tab - Fund'

2021-12-29 10:31:19 - [MESSAGE][WARNING] - Timeout '0' is invalid. Using default page load timeout: '60'

2021-12-29 10:31:21 - [MESSAGE][PASSED] - Tapped on element 'Object Repository/Mobile/Page/News/Tab - Fund'

2021-12-29 10:31:21 - [TEST_STEP][PASSED] - delay(1): Delayed 1 second(s)

2021-12-29 10:31:22 - [MESSAGE][PASSED] - Delayed 1 second(s)

2021-12-29 10:31:22 - [TEST_STEP][PASSED] - if (tab != "worldindices"): Delayed 3 second(s)

2021-12-29 10:31:22 - [TEST_STEP][PASSED] - try: Delayed 3 second(s)

2021-12-29 10:31:22 - [TEST_STEP][PASSED] - tapAndHold(NEWS_ItemTopNews, 1, 10): Tapped and held on element 'Object Repository/Mobile/Page/News/Item - Top News' with duration 1

2021-12-29 10:31:25 - [MESSAGE][PASSED] - Tapped and held on element 'Object Repository/Mobile/Page/News/Item - Top News' with duration 1

2021-12-29 10:31:25 - [TEST_STEP][PASSED] - delay(1): Delayed 1 second(s)

2021-12-29 10:31:26 - [MESSAGE][PASSED] - Delayed 1 second(s)

2021-12-29 10:31:26 - [TEST_STEP][PASSED] - scroll.scroll.scrollScreenBottomToTop(): scroll.scroll.scrollScreenBottomToTop is PASSED

2021-12-29 10:31:26 - [MESSAGE][PASSED] - Current device physical height is 1423

2021-12-29 10:31:26 - [MESSAGE][PASSED] - Current device physical width is 720

2021-12-29 10:31:27 - [MESSAGE][PASSED] - Swiped from 360,1,138 to 360,284

2021-12-29 10:31:27 - [MESSAGE][PASSED] - scroll.scroll.scrollScreenBottomToTop is PASSED

2021-12-29 10:31:27 - [TEST_STEP][PASSED] - delay(3): Delayed 3 second(s)

2021-12-29 10:31:30 - [MESSAGE][PASSED] - Delayed 3 second(s)

2021-12-29 10:31:30 - [MESSAGE][PASSED] - Call Test Case 'Test Cases/Mobile/Page/News/News' successfully

2021-12-29 10:31:30 - [TEST_STEP][PASSED] - callTestCase(findTestCase("Mobile/Page/Run App/Terminate App"), [:], STOP_ON_FAILURE): Call Test Case 'Test Cases/Mobile/Page/Run App/Terminate App' successfully

2021-12-29 10:31:30 - [TEST_CASE][PASSED] - Test Cases/Mobile/Page/Run App/Terminate App: Test Cases/Mobile/Page/Run App/Terminate App

2021-12-29 10:31:30 - [TEST_STEP][PASSED] - startApp.OpenApp.terminateApplication(): startApp.OpenApp.terminateApplication is PASSED

2021-12-29 10:31:34 - [MESSAGE][PASSED] - Delayed 3 second(s)

2021-12-29 10:31:34 - [MESSAGE][PASSED] - Current device physical width is 720

2021-12-29 10:31:34 - [MESSAGE][PASSED] - Current device physical height is 1423

2021-12-29 10:31:35 - [MESSAGE][PASSED] - Swiped from 360,853 to 360,142

2021-12-29 10:31:36 - [MESSAGE][PASSED] - Delayed 1 second(s)

2021-12-29 10:31:38 - [MESSAGE][PASSED] - Swiped from 360,853 to 360,142

2021-12-29 10:31:41 - [MESSAGE][PASSED] - Delayed 3 second(s)

2021-12-29 10:31:41 - [MESSAGE][PASSED] - startApp.OpenApp.terminateApplication is PASSED

2021-12-29 10:31:41 - [MESSAGE][PASSED] - Call Test Case 'Test Cases/Mobile/Page/Run App/Terminate App' successfully]]></system-out>
         <system-err><![CDATA[]]></system-err>
      </testcase>
      <testcase name="Test Cases/Mobile/Scenario/News/004 - Bond News" time="60.775" classname="Test Cases/Mobile/Scenario/News/004 - Bond News" status="PASSED">
         <system-out><![CDATA[2021-12-29 10:31:41 - [TEST_CASE][PASSED] - Test Cases/Mobile/Scenario/News/004 - Bond News: Test Cases/Mobile/Scenario/News/004 - Bond News

2021-12-29 10:31:41 - [TEST_STEP][PASSED] - callTestCase(findTestCase("Mobile/Page/Run App/Run App byID"), [:], STOP_ON_FAILURE): Call Test Case 'Test Cases/Mobile/Page/Run App/Run App byID' successfully

2021-12-29 10:31:41 - [TEST_CASE][PASSED] - Test Cases/Mobile/Page/Run App/Run App byID: Test Cases/Mobile/Page/Run App/Run App byID

2021-12-29 10:31:41 - [TEST_STEP][PASSED] - startApp.OpenApp.startApplication("id.co.miraeasset.sageclub"): startApp.OpenApp.startApplication is PASSED

2021-12-29 10:31:53 - [MESSAGE][PASSED] - Starting app with application ID: 'id.co.miraeasset.sageclub'

2021-12-29 10:31:53 - [MESSAGE][PASSED] - startApp.OpenApp.startApplication is PASSED

2021-12-29 10:31:53 - [MESSAGE][PASSED] - Call Test Case 'Test Cases/Mobile/Page/Run App/Run App byID' successfully

2021-12-29 10:31:53 - [TEST_STEP][PASSED] - callTestCase(findTestCase("Mobile/Page/News/News"), ["tab":"bondnews"], CONTINUE_ON_FAILURE): Call Test Case 'Test Cases/Mobile/Page/News/News' successfully

2021-12-29 10:31:53 - [TEST_CASE][PASSED] - Test Cases/Mobile/Page/News/News: Test Cases/Mobile/Page/News/News

2021-12-29 10:31:53 - [TEST_STEP][PASSED] - callTestCase(findTestCase("Mobile/Page/CheckLogin"), [:], CONTINUE_ON_FAILURE): Call Test Case 'Test Cases/Mobile/Page/CheckLogin' successfully

2021-12-29 10:31:53 - [TEST_CASE][PASSED] - Test Cases/Mobile/Page/CheckLogin: Test Cases/Mobile/Page/CheckLogin

2021-12-29 10:31:53 - [TEST_STEP][PASSED] - loginCheck = verifyElementExist(LOGN_BtnLogin, 5, CONTINUE_ON_FAILURE): Element 'Object Repository/Mobile/Page/Login/Button - Login' is exist

2021-12-29 10:31:56 - [MESSAGE][PASSED] - Element 'Object Repository/Mobile/Page/Login/Button - Login' is exist

2021-12-29 10:31:56 - [TEST_STEP][PASSED] - if (loginCheck): Call Test Case 'Test Cases/Mobile/Page/Login/Login' successfully

2021-12-29 10:31:56 - [TEST_STEP][PASSED] - callTestCase(findTestCase("Mobile/Page/Login/Login"), [:], CONTINUE_ON_FAILURE): Call Test Case 'Test Cases/Mobile/Page/Login/Login' successfully

2021-12-29 10:31:56 - [TEST_CASE][PASSED] - Test Cases/Mobile/Page/Login/Login: Test Cases/Mobile/Page/Login/Login

2021-12-29 10:31:56 - [TEST_STEP][PASSED] - delay(2): Delayed 2 second(s)

2021-12-29 10:31:58 - [MESSAGE][PASSED] - Delayed 2 second(s)

2021-12-29 10:31:58 - [TEST_STEP][PASSED] - tap(LOGN_EdtUserID, 0): Tapped on element 'Object Repository/Mobile/Page/Login/Input - UserID'

2021-12-29 10:31:58 - [MESSAGE][WARNING] - Timeout '0' is invalid. Using default page load timeout: '60'

2021-12-29 10:31:58 - [MESSAGE][PASSED] - Tapped on element 'Object Repository/Mobile/Page/Login/Input - UserID'

2021-12-29 10:31:58 - [TEST_STEP][PASSED] - delay(1): Delayed 1 second(s)

2021-12-29 10:31:59 - [MESSAGE][PASSED] - Delayed 1 second(s)

2021-12-29 10:31:59 - [TEST_STEP][PASSED] - setText(LOGN_EdtRdyUserID, "anggaaditya", 0): Text 'anggaaditya' has been set to element 'Object Repository/Mobile/Page/Login/Input Rdy - UserID'

2021-12-29 10:31:59 - [MESSAGE][WARNING] - Timeout '0' is invalid. Using default page load timeout: '60'

2021-12-29 10:32:00 - [MESSAGE][PASSED] - Text 'anggaaditya' has been set to element 'Object Repository/Mobile/Page/Login/Input Rdy - UserID'

2021-12-29 10:32:00 - [TEST_STEP][PASSED] - delay(1): Delayed 1 second(s)

2021-12-29 10:32:01 - [MESSAGE][PASSED] - Delayed 1 second(s)

2021-12-29 10:32:01 - [TEST_STEP][PASSED] - hideKeyboard(): Keyboard is hidden

2021-12-29 10:32:05 - [MESSAGE][PASSED] - Keyboard is hidden

2021-12-29 10:32:05 - [TEST_STEP][PASSED] - tap(LOGN_EdtPassword, 0): Tapped on element 'Object Repository/Mobile/Page/Login/Input - Password'

2021-12-29 10:32:05 - [MESSAGE][WARNING] - Timeout '0' is invalid. Using default page load timeout: '60'

2021-12-29 10:32:06 - [MESSAGE][PASSED] - Tapped on element 'Object Repository/Mobile/Page/Login/Input - Password'

2021-12-29 10:32:06 - [TEST_STEP][PASSED] - delay(1): Delayed 1 second(s)

2021-12-29 10:32:07 - [MESSAGE][PASSED] - Delayed 1 second(s)

2021-12-29 10:32:07 - [TEST_STEP][PASSED] - setText(LOGN_EdtRdyPassword, "Shalawa18", 0): Text 'Shalawa18' has been set to element 'Object Repository/Mobile/Page/Login/Input Rdy - Password'

2021-12-29 10:32:07 - [MESSAGE][WARNING] - Timeout '0' is invalid. Using default page load timeout: '60'

2021-12-29 10:32:07 - [MESSAGE][PASSED] - Text 'Shalawa18' has been set to element 'Object Repository/Mobile/Page/Login/Input Rdy - Password'

2021-12-29 10:32:07 - [TEST_STEP][PASSED] - delay(1): Delayed 1 second(s)

2021-12-29 10:32:08 - [MESSAGE][PASSED] - Delayed 1 second(s)

2021-12-29 10:32:08 - [TEST_STEP][PASSED] - hideKeyboard(): Keyboard is hidden

2021-12-29 10:32:15 - [MESSAGE][PASSED] - Keyboard is hidden

2021-12-29 10:32:15 - [TEST_STEP][PASSED] - tap(LOGN_BtnLogin, 0): Tapped on element 'Object Repository/Mobile/Page/Login/Button - Login'

2021-12-29 10:32:15 - [MESSAGE][WARNING] - Timeout '0' is invalid. Using default page load timeout: '60'

2021-12-29 10:32:16 - [MESSAGE][PASSED] - Tapped on element 'Object Repository/Mobile/Page/Login/Button - Login'

2021-12-29 10:32:16 - [TEST_STEP][PASSED] - delay(2): Delayed 2 second(s)

2021-12-29 10:32:18 - [MESSAGE][PASSED] - Delayed 2 second(s)

2021-12-29 10:32:18 - [MESSAGE][PASSED] - Call Test Case 'Test Cases/Mobile/Page/Login/Login' successfully

2021-12-29 10:32:18 - [MESSAGE][PASSED] - Call Test Case 'Test Cases/Mobile/Page/CheckLogin' successfully

2021-12-29 10:32:18 - [TEST_STEP][PASSED] - tap(HOME_MenubarNews, 0): Tapped on element 'Object Repository/Mobile/Page/Home/Menubar - News'

2021-12-29 10:32:18 - [MESSAGE][WARNING] - Timeout '0' is invalid. Using default page load timeout: '60'

2021-12-29 10:32:20 - [MESSAGE][PASSED] - Tapped on element 'Object Repository/Mobile/Page/Home/Menubar - News'

2021-12-29 10:32:20 - [TEST_STEP][PASSED] - delay(1): Delayed 1 second(s)

2021-12-29 10:32:21 - [MESSAGE][PASSED] - Delayed 1 second(s)

2021-12-29 10:32:21 - [TEST_STEP][PASSED] - for ([i = 0, i < 1, (i++)]): Delayed 3 second(s)

2021-12-29 10:32:21 - [TEST_STEP][PASSED] - if (tab == "macronews"): null

2021-12-29 10:32:21 - [TEST_STEP][PASSED] - else if (tab == "stocknews"): null

2021-12-29 10:32:21 - [TEST_STEP][PASSED] - else if (tab == "fundnews"): null

2021-12-29 10:32:21 - [TEST_STEP][PASSED] - else if (tab == "bondnews"): Tapped on element 'Object Repository/Mobile/Page/News/Tab - Bond'

2021-12-29 10:32:21 - [TEST_STEP][PASSED] - tap(NEWS_TabBond, 0): Tapped on element 'Object Repository/Mobile/Page/News/Tab - Bond'

2021-12-29 10:32:21 - [MESSAGE][WARNING] - Timeout '0' is invalid. Using default page load timeout: '60'

2021-12-29 10:32:21 - [MESSAGE][PASSED] - Tapped on element 'Object Repository/Mobile/Page/News/Tab - Bond'

2021-12-29 10:32:21 - [TEST_STEP][PASSED] - delay(1): Delayed 1 second(s)

2021-12-29 10:32:22 - [MESSAGE][PASSED] - Delayed 1 second(s)

2021-12-29 10:32:22 - [TEST_STEP][PASSED] - if (tab != "worldindices"): Delayed 3 second(s)

2021-12-29 10:32:22 - [TEST_STEP][PASSED] - try: Delayed 3 second(s)

2021-12-29 10:32:22 - [TEST_STEP][PASSED] - tapAndHold(NEWS_ItemTopNews, 1, 10): Tapped and held on element 'Object Repository/Mobile/Page/News/Item - Top News' with duration 1

2021-12-29 10:32:25 - [MESSAGE][PASSED] - Tapped and held on element 'Object Repository/Mobile/Page/News/Item - Top News' with duration 1

2021-12-29 10:32:25 - [TEST_STEP][PASSED] - delay(1): Delayed 1 second(s)

2021-12-29 10:32:26 - [MESSAGE][PASSED] - Delayed 1 second(s)

2021-12-29 10:32:26 - [TEST_STEP][PASSED] - scroll.scroll.scrollScreenBottomToTop(): scroll.scroll.scrollScreenBottomToTop is PASSED

2021-12-29 10:32:27 - [MESSAGE][PASSED] - Current device physical height is 1423

2021-12-29 10:32:27 - [MESSAGE][PASSED] - Current device physical width is 720

2021-12-29 10:32:28 - [MESSAGE][PASSED] - Swiped from 360,1,138 to 360,284

2021-12-29 10:32:28 - [MESSAGE][PASSED] - scroll.scroll.scrollScreenBottomToTop is PASSED

2021-12-29 10:32:28 - [TEST_STEP][PASSED] - delay(3): Delayed 3 second(s)

2021-12-29 10:32:31 - [MESSAGE][PASSED] - Delayed 3 second(s)

2021-12-29 10:32:31 - [MESSAGE][PASSED] - Call Test Case 'Test Cases/Mobile/Page/News/News' successfully

2021-12-29 10:32:31 - [TEST_STEP][PASSED] - callTestCase(findTestCase("Mobile/Page/Run App/Terminate App"), [:], STOP_ON_FAILURE): Call Test Case 'Test Cases/Mobile/Page/Run App/Terminate App' successfully

2021-12-29 10:32:31 - [TEST_CASE][PASSED] - Test Cases/Mobile/Page/Run App/Terminate App: Test Cases/Mobile/Page/Run App/Terminate App

2021-12-29 10:32:31 - [TEST_STEP][PASSED] - startApp.OpenApp.terminateApplication(): startApp.OpenApp.terminateApplication is PASSED

2021-12-29 10:32:34 - [MESSAGE][PASSED] - Delayed 3 second(s)

2021-12-29 10:32:35 - [MESSAGE][PASSED] - Current device physical width is 720

2021-12-29 10:32:35 - [MESSAGE][PASSED] - Current device physical height is 1423

2021-12-29 10:32:36 - [MESSAGE][PASSED] - Swiped from 360,853 to 360,142

2021-12-29 10:32:37 - [MESSAGE][PASSED] - Delayed 1 second(s)

2021-12-29 10:32:38 - [MESSAGE][PASSED] - Swiped from 360,853 to 360,142

2021-12-29 10:32:41 - [MESSAGE][PASSED] - Delayed 3 second(s)

2021-12-29 10:32:41 - [MESSAGE][PASSED] - startApp.OpenApp.terminateApplication is PASSED

2021-12-29 10:32:41 - [MESSAGE][PASSED] - Call Test Case 'Test Cases/Mobile/Page/Run App/Terminate App' successfully]]></system-out>
         <system-err><![CDATA[]]></system-err>
      </testcase>
      <testcase name="Test Cases/Mobile/Scenario/News/005 - Macro News" time="59.483" classname="Test Cases/Mobile/Scenario/News/005 - Macro News" status="PASSED">
         <system-out><![CDATA[2021-12-29 10:32:41 - [TEST_CASE][PASSED] - Test Cases/Mobile/Scenario/News/005 - Macro News: Test Cases/Mobile/Scenario/News/005 - Macro News

2021-12-29 10:32:42 - [TEST_STEP][PASSED] - callTestCase(findTestCase("Mobile/Page/Run App/Run App byID"), [:], STOP_ON_FAILURE): Call Test Case 'Test Cases/Mobile/Page/Run App/Run App byID' successfully

2021-12-29 10:32:42 - [TEST_CASE][PASSED] - Test Cases/Mobile/Page/Run App/Run App byID: Test Cases/Mobile/Page/Run App/Run App byID

2021-12-29 10:32:42 - [TEST_STEP][PASSED] - startApp.OpenApp.startApplication("id.co.miraeasset.sageclub"): startApp.OpenApp.startApplication is PASSED

2021-12-29 10:32:54 - [MESSAGE][PASSED] - Starting app with application ID: 'id.co.miraeasset.sageclub'

2021-12-29 10:32:54 - [MESSAGE][PASSED] - startApp.OpenApp.startApplication is PASSED

2021-12-29 10:32:54 - [MESSAGE][PASSED] - Call Test Case 'Test Cases/Mobile/Page/Run App/Run App byID' successfully

2021-12-29 10:32:54 - [TEST_STEP][PASSED] - callTestCase(findTestCase("Mobile/Page/News/News"), ["tab":"macronews"], CONTINUE_ON_FAILURE): Call Test Case 'Test Cases/Mobile/Page/News/News' successfully

2021-12-29 10:32:54 - [TEST_CASE][PASSED] - Test Cases/Mobile/Page/News/News: Test Cases/Mobile/Page/News/News

2021-12-29 10:32:54 - [TEST_STEP][PASSED] - callTestCase(findTestCase("Mobile/Page/CheckLogin"), [:], CONTINUE_ON_FAILURE): Call Test Case 'Test Cases/Mobile/Page/CheckLogin' successfully

2021-12-29 10:32:54 - [TEST_CASE][PASSED] - Test Cases/Mobile/Page/CheckLogin: Test Cases/Mobile/Page/CheckLogin

2021-12-29 10:32:54 - [TEST_STEP][PASSED] - loginCheck = verifyElementExist(LOGN_BtnLogin, 5, CONTINUE_ON_FAILURE): Element 'Object Repository/Mobile/Page/Login/Button - Login' is exist

2021-12-29 10:32:56 - [MESSAGE][PASSED] - Element 'Object Repository/Mobile/Page/Login/Button - Login' is exist

2021-12-29 10:32:56 - [TEST_STEP][PASSED] - if (loginCheck): Call Test Case 'Test Cases/Mobile/Page/Login/Login' successfully

2021-12-29 10:32:56 - [TEST_STEP][PASSED] - callTestCase(findTestCase("Mobile/Page/Login/Login"), [:], CONTINUE_ON_FAILURE): Call Test Case 'Test Cases/Mobile/Page/Login/Login' successfully

2021-12-29 10:32:56 - [TEST_CASE][PASSED] - Test Cases/Mobile/Page/Login/Login: Test Cases/Mobile/Page/Login/Login

2021-12-29 10:32:56 - [TEST_STEP][PASSED] - delay(2): Delayed 2 second(s)

2021-12-29 10:32:58 - [MESSAGE][PASSED] - Delayed 2 second(s)

2021-12-29 10:32:58 - [TEST_STEP][PASSED] - tap(LOGN_EdtUserID, 0): Tapped on element 'Object Repository/Mobile/Page/Login/Input - UserID'

2021-12-29 10:32:58 - [MESSAGE][WARNING] - Timeout '0' is invalid. Using default page load timeout: '60'

2021-12-29 10:32:59 - [MESSAGE][PASSED] - Tapped on element 'Object Repository/Mobile/Page/Login/Input - UserID'

2021-12-29 10:32:59 - [TEST_STEP][PASSED] - delay(1): Delayed 1 second(s)

2021-12-29 10:33:00 - [MESSAGE][PASSED] - Delayed 1 second(s)

2021-12-29 10:33:00 - [TEST_STEP][PASSED] - setText(LOGN_EdtRdyUserID, "anggaaditya", 0): Text 'anggaaditya' has been set to element 'Object Repository/Mobile/Page/Login/Input Rdy - UserID'

2021-12-29 10:33:00 - [MESSAGE][WARNING] - Timeout '0' is invalid. Using default page load timeout: '60'

2021-12-29 10:33:00 - [MESSAGE][PASSED] - Text 'anggaaditya' has been set to element 'Object Repository/Mobile/Page/Login/Input Rdy - UserID'

2021-12-29 10:33:00 - [TEST_STEP][PASSED] - delay(1): Delayed 1 second(s)

2021-12-29 10:33:01 - [MESSAGE][PASSED] - Delayed 1 second(s)

2021-12-29 10:33:01 - [TEST_STEP][PASSED] - hideKeyboard(): Keyboard is hidden

2021-12-29 10:33:05 - [MESSAGE][PASSED] - Keyboard is hidden

2021-12-29 10:33:05 - [TEST_STEP][PASSED] - tap(LOGN_EdtPassword, 0): Tapped on element 'Object Repository/Mobile/Page/Login/Input - Password'

2021-12-29 10:33:05 - [MESSAGE][WARNING] - Timeout '0' is invalid. Using default page load timeout: '60'

2021-12-29 10:33:05 - [MESSAGE][PASSED] - Tapped on element 'Object Repository/Mobile/Page/Login/Input - Password'

2021-12-29 10:33:05 - [TEST_STEP][PASSED] - delay(1): Delayed 1 second(s)

2021-12-29 10:33:06 - [MESSAGE][PASSED] - Delayed 1 second(s)

2021-12-29 10:33:06 - [TEST_STEP][PASSED] - setText(LOGN_EdtRdyPassword, "Shalawa18", 0): Text 'Shalawa18' has been set to element 'Object Repository/Mobile/Page/Login/Input Rdy - Password'

2021-12-29 10:33:06 - [MESSAGE][WARNING] - Timeout '0' is invalid. Using default page load timeout: '60'

2021-12-29 10:33:07 - [MESSAGE][PASSED] - Text 'Shalawa18' has been set to element 'Object Repository/Mobile/Page/Login/Input Rdy - Password'

2021-12-29 10:33:07 - [TEST_STEP][PASSED] - delay(1): Delayed 1 second(s)

2021-12-29 10:33:08 - [MESSAGE][PASSED] - Delayed 1 second(s)

2021-12-29 10:33:08 - [TEST_STEP][PASSED] - hideKeyboard(): Keyboard is hidden

2021-12-29 10:33:14 - [MESSAGE][PASSED] - Keyboard is hidden

2021-12-29 10:33:15 - [TEST_STEP][PASSED] - tap(LOGN_BtnLogin, 0): Tapped on element 'Object Repository/Mobile/Page/Login/Button - Login'

2021-12-29 10:33:15 - [MESSAGE][WARNING] - Timeout '0' is invalid. Using default page load timeout: '60'

2021-12-29 10:33:15 - [MESSAGE][PASSED] - Tapped on element 'Object Repository/Mobile/Page/Login/Button - Login'

2021-12-29 10:33:15 - [TEST_STEP][PASSED] - delay(2): Delayed 2 second(s)

2021-12-29 10:33:17 - [MESSAGE][PASSED] - Delayed 2 second(s)

2021-12-29 10:33:17 - [MESSAGE][PASSED] - Call Test Case 'Test Cases/Mobile/Page/Login/Login' successfully

2021-12-29 10:33:17 - [MESSAGE][PASSED] - Call Test Case 'Test Cases/Mobile/Page/CheckLogin' successfully

2021-12-29 10:33:17 - [TEST_STEP][PASSED] - tap(HOME_MenubarNews, 0): Tapped on element 'Object Repository/Mobile/Page/Home/Menubar - News'

2021-12-29 10:33:17 - [MESSAGE][WARNING] - Timeout '0' is invalid. Using default page load timeout: '60'

2021-12-29 10:33:19 - [MESSAGE][PASSED] - Tapped on element 'Object Repository/Mobile/Page/Home/Menubar - News'

2021-12-29 10:33:19 - [TEST_STEP][PASSED] - delay(1): Delayed 1 second(s)

2021-12-29 10:33:20 - [MESSAGE][PASSED] - Delayed 1 second(s)

2021-12-29 10:33:20 - [TEST_STEP][PASSED] - for ([i = 0, i < 1, (i++)]): Delayed 3 second(s)

2021-12-29 10:33:20 - [TEST_STEP][PASSED] - if (tab == "macronews"): Tapped on element 'Object Repository/Mobile/Page/News/Tab - Macro'

2021-12-29 10:33:20 - [TEST_STEP][PASSED] - tap(NEWS_TabMacro, 0): Tapped on element 'Object Repository/Mobile/Page/News/Tab - Macro'

2021-12-29 10:33:20 - [MESSAGE][WARNING] - Timeout '0' is invalid. Using default page load timeout: '60'

2021-12-29 10:33:21 - [MESSAGE][PASSED] - Tapped on element 'Object Repository/Mobile/Page/News/Tab - Macro'

2021-12-29 10:33:21 - [TEST_STEP][PASSED] - delay(1): Delayed 1 second(s)

2021-12-29 10:33:22 - [MESSAGE][PASSED] - Delayed 1 second(s)

2021-12-29 10:33:22 - [TEST_STEP][PASSED] - if (tab != "worldindices"): Delayed 3 second(s)

2021-12-29 10:33:22 - [TEST_STEP][PASSED] - try: Delayed 3 second(s)

2021-12-29 10:33:22 - [TEST_STEP][PASSED] - tapAndHold(NEWS_ItemTopNews, 1, 10): Tapped and held on element 'Object Repository/Mobile/Page/News/Item - Top News' with duration 1

2021-12-29 10:33:25 - [MESSAGE][PASSED] - Tapped and held on element 'Object Repository/Mobile/Page/News/Item - Top News' with duration 1

2021-12-29 10:33:25 - [TEST_STEP][PASSED] - delay(1): Delayed 1 second(s)

2021-12-29 10:33:26 - [MESSAGE][PASSED] - Delayed 1 second(s)

2021-12-29 10:33:26 - [TEST_STEP][PASSED] - scroll.scroll.scrollScreenBottomToTop(): scroll.scroll.scrollScreenBottomToTop is PASSED

2021-12-29 10:33:26 - [MESSAGE][PASSED] - Current device physical height is 1423

2021-12-29 10:33:26 - [MESSAGE][PASSED] - Current device physical width is 720

2021-12-29 10:33:28 - [MESSAGE][PASSED] - Swiped from 360,1,138 to 360,284

2021-12-29 10:33:28 - [MESSAGE][PASSED] - scroll.scroll.scrollScreenBottomToTop is PASSED

2021-12-29 10:33:28 - [TEST_STEP][PASSED] - delay(3): Delayed 3 second(s)

2021-12-29 10:33:31 - [MESSAGE][PASSED] - Delayed 3 second(s)

2021-12-29 10:33:31 - [MESSAGE][PASSED] - Call Test Case 'Test Cases/Mobile/Page/News/News' successfully

2021-12-29 10:33:31 - [TEST_STEP][PASSED] - callTestCase(findTestCase("Mobile/Page/Run App/Terminate App"), [:], STOP_ON_FAILURE): Call Test Case 'Test Cases/Mobile/Page/Run App/Terminate App' successfully

2021-12-29 10:33:31 - [TEST_CASE][PASSED] - Test Cases/Mobile/Page/Run App/Terminate App: Test Cases/Mobile/Page/Run App/Terminate App

2021-12-29 10:33:31 - [TEST_STEP][PASSED] - startApp.OpenApp.terminateApplication(): startApp.OpenApp.terminateApplication is PASSED

2021-12-29 10:33:34 - [MESSAGE][PASSED] - Delayed 3 second(s)

2021-12-29 10:33:34 - [MESSAGE][PASSED] - Current device physical width is 720

2021-12-29 10:33:34 - [MESSAGE][PASSED] - Current device physical height is 1423

2021-12-29 10:33:36 - [MESSAGE][PASSED] - Swiped from 360,853 to 360,142

2021-12-29 10:33:37 - [MESSAGE][PASSED] - Delayed 1 second(s)

2021-12-29 10:33:38 - [MESSAGE][PASSED] - Swiped from 360,853 to 360,142

2021-12-29 10:33:41 - [MESSAGE][PASSED] - Delayed 3 second(s)

2021-12-29 10:33:41 - [MESSAGE][PASSED] - startApp.OpenApp.terminateApplication is PASSED

2021-12-29 10:33:41 - [MESSAGE][PASSED] - Call Test Case 'Test Cases/Mobile/Page/Run App/Terminate App' successfully]]></system-out>
         <system-err><![CDATA[]]></system-err>
      </testcase>
      <system-out><![CDATA[2021-12-29 10:28:06 - [TEST_SUITE][PASSED] - news: Test Cases/Mobile/Scenario/News/005 - Macro News]]></system-out>
      <system-err><![CDATA[]]></system-err>
   </testsuite>
</testsuites>
