<?xml version="1.0" encoding="UTF-8"?>
<testsuites name="login" time="298.773" tests="5" failures="0" skips="0" errors="0">
   <testsuite name="login" tests="5" failures="0" errors="0" time="298.773" skips="0" timestamp="2022-02-21 11:27:53" hostname="Owner - aldy-tft" id="Test Suites/login">
      <properties>
         <property name="deviceName" value="samsung SM-A205F (Android 11)"/>
         <property name="devicePlatform" value=""/>
         <property name="logFolder" value="C:\\Users\\Owner\\Documents\\kerjaan\\KatalonProject\\qa_katalon_pwm\\qa_katalon_pwm\\Reports\\20220221_112714\\login\\20220221_112718"/>
         <property name="logFiles" value="C:\\Users\\Owner\\Documents\\kerjaan\\KatalonProject\\qa_katalon_pwm\\qa_katalon_pwm\\Reports\\20220221_112714\\login\\20220221_112718\\appium.log, C:\\Users\\Owner\\Documents\\kerjaan\\KatalonProject\\qa_katalon_pwm\\qa_katalon_pwm\\Reports\\20220221_112714\\login\\20220221_112718\\execution0.log"/>
         <property name="attachments" value=""/>
         <property name="hostName" value="Owner - aldy-tft"/>
         <property name="os" value="Windows 10 64bit"/>
         <property name="appiumServerStatus" value="{&quot;value&quot;:{&quot;build&quot;:{&quot;version&quot;:&quot;1.22.0&quot;}},&quot;sessionId&quot;:null,&quot;status&quot;:0}"/>
         <property name="katalonVersion" value="7.9.1.208"/>
         <property name="deviceOS" value="Android"/>
         <property name="appiumVersion" value="1.22.0"/>
         <property name="deviceModel" value="SM-A205F"/>
         <property name="hostAddress" value="192.168.100.8"/>
         <property name="deviceManufacturer" value="samsung"/>
         <property name="deviceId" value="RR8M40C9AXE"/>
         <property name="deviceName" value="samsung SM-A205F (Android 11)"/>
         <property name="deviceOSVersion" value="11"/>
      </properties>
      <testcase name="Test Cases/Mobile/Scenario/Login/001 - Login dengan username" time="81.777" classname="Test Cases/Mobile/Scenario/Login/001 - Login dengan username" status="PASSED">
         <system-out><![CDATA[2022-02-21 11:27:54 - [TEST_CASE][PASSED] - Test Cases/Mobile/Scenario/Login/001 - Login dengan username: Test Cases/Mobile/Scenario/Login/001 - Login dengan username

2022-02-21 11:27:55 - [TEST_STEP][PASSED] - callTestCase(findTestCase("Mobile/Page/Run App/Run App byID"), [:], STOP_ON_FAILURE): Call Test Case 'Test Cases/Mobile/Page/Run App/Run App byID' successfully

2022-02-21 11:27:55 - [TEST_CASE][PASSED] - Test Cases/Mobile/Page/Run App/Run App byID: Test Cases/Mobile/Page/Run App/Run App byID

2022-02-21 11:27:56 - [TEST_STEP][PASSED] - startApp.OpenApp.startApplication("id.co.miraeasset.sageclub"): startApp.OpenApp.startApplication is PASSED

2022-02-21 11:27:59 - [MESSAGE][INFO] - Appium server started on port 53,285

2022-02-21 11:28:19 - [MESSAGE][PASSED] - Starting app with application ID: 'id.co.miraeasset.sageclub'

2022-02-21 11:28:19 - [MESSAGE][PASSED] - startApp.OpenApp.startApplication is PASSED

2022-02-21 11:28:19 - [MESSAGE][PASSED] - Call Test Case 'Test Cases/Mobile/Page/Run App/Run App byID' successfully

2022-02-21 11:28:19 - [TEST_STEP][PASSED] - callTestCase(findTestCase("Mobile/Page/Login/Login"), ["action":"username"], CONTINUE_ON_FAILURE): Call Test Case 'Test Cases/Mobile/Page/Login/Login' successfully

2022-02-21 11:28:19 - [TEST_CASE][PASSED] - Test Cases/Mobile/Page/Login/Login: Test Cases/Mobile/Page/Login/Login

2022-02-21 11:28:20 - [TEST_STEP][PASSED] - delay(2): Delayed 2 second(s)

2022-02-21 11:28:22 - [MESSAGE][PASSED] - Delayed 2 second(s)

2022-02-21 11:28:22 - [TEST_STEP][PASSED] - for ([i = 0, i < 1, (i++)]): null

2022-02-21 11:28:22 - [TEST_STEP][PASSED] - if (action == "username"): null

2022-02-21 11:28:22 - [TEST_STEP][PASSED] - tap(LOGN_EdtUserID, 0): Tapped on element 'Object Repository/Mobile/Page/Login/Input - UserID'

2022-02-21 11:28:22 - [MESSAGE][WARNING] - Test object with id 'Object Repository/Mobile/Page/Analysis/Button - Open With Just Once' does not exist

2022-02-21 11:28:22 - [MESSAGE][WARNING] - Test object with id 'Object Repository/Mobile/Page/Analysis/Button - Search' does not exist

2022-02-21 11:28:25 - [MESSAGE][WARNING] - Test object with id 'Object Repository/Mobile/Page/Home/Button -  Add Watchlist' does not exist

2022-02-21 11:28:25 - [MESSAGE][WARNING] - Test object with id 'Object Repository/Mobile/Page/Home/Button - Open with Just Once' does not exist

2022-02-21 11:28:25 - [MESSAGE][WARNING] - Test object with id 'Object Repository/Mobile/Page/Home/Container - Notification' does not exist

2022-02-21 11:28:26 - [MESSAGE][WARNING] - Test object with id 'Object Repository/Mobile/Page/Home/Watchlist/Input - Search' does not exist

2022-02-21 11:28:26 - [MESSAGE][WARNING] - Test object with id 'Object Repository/Mobile/Page/Home/Watchlist/Item - Top Search' does not exist

2022-02-21 11:28:27 - [MESSAGE][WARNING] - Test object with id 'Object Repository/Mobile/Page/Home/Watchlist/Detail Watchlist/Input - Expiry Date' does not exist

2022-02-21 11:28:27 - [MESSAGE][WARNING] - Test object with id 'Object Repository/Mobile/Page/Home/Watchlist/Detail Watchlist/Item - Watchlist' does not exist

2022-02-21 11:28:28 - [MESSAGE][WARNING] - Test object with id 'Object Repository/Mobile/Page/NavigationMenu/Button - Open Just Once' does not exist

2022-02-21 11:28:28 - [MESSAGE][WARNING] - Test object with id 'Object Repository/Mobile/Page/NavigationMenu/Container - Logout' does not exist

2022-02-21 11:28:35 - [MESSAGE][WARNING] - Test object with id 'Object Repository/Mobile/Page/Analysis/Button - Open With Just Once' does not exist

2022-02-21 11:28:35 - [MESSAGE][WARNING] - Test object with id 'Object Repository/Mobile/Page/Analysis/Button - Search' does not exist

2022-02-21 11:28:37 - [MESSAGE][WARNING] - Test object with id 'Object Repository/Mobile/Page/Home/Button -  Add Watchlist' does not exist

2022-02-21 11:28:37 - [MESSAGE][WARNING] - Test object with id 'Object Repository/Mobile/Page/Home/Button - Open with Just Once' does not exist

2022-02-21 11:28:37 - [MESSAGE][WARNING] - Test object with id 'Object Repository/Mobile/Page/Home/Container - Notification' does not exist

2022-02-21 11:28:38 - [MESSAGE][WARNING] - Test object with id 'Object Repository/Mobile/Page/Home/Watchlist/Input - Search' does not exist

2022-02-21 11:28:38 - [MESSAGE][WARNING] - Test object with id 'Object Repository/Mobile/Page/Home/Watchlist/Item - Top Search' does not exist

2022-02-21 11:28:39 - [MESSAGE][WARNING] - Test object with id 'Object Repository/Mobile/Page/Home/Watchlist/Detail Watchlist/Input - Expiry Date' does not exist

2022-02-21 11:28:39 - [MESSAGE][WARNING] - Test object with id 'Object Repository/Mobile/Page/Home/Watchlist/Detail Watchlist/Item - Watchlist' does not exist

2022-02-21 11:28:40 - [MESSAGE][WARNING] - Test object with id 'Object Repository/Mobile/Page/NavigationMenu/Button - Open Just Once' does not exist

2022-02-21 11:28:40 - [MESSAGE][WARNING] - Test object with id 'Object Repository/Mobile/Page/NavigationMenu/Container - Logout' does not exist

2022-02-21 11:28:44 - [MESSAGE][WARNING] - Timeout '0' is invalid. Using default page load timeout: '60'

2022-02-21 11:28:45 - [MESSAGE][PASSED] - Tapped on element 'Object Repository/Mobile/Page/Login/Input - UserID'

2022-02-21 11:28:45 - [TEST_STEP][PASSED] - delay(1): Delayed 1 second(s)

2022-02-21 11:28:46 - [MESSAGE][PASSED] - Delayed 1 second(s)

2022-02-21 11:28:46 - [TEST_STEP][PASSED] - setText(LOGN_EdtRdyUserID, "anggaaditya", 0): Text 'anggaaditya' has been set to element 'Object Repository/Mobile/Page/Login/Input Rdy - UserID'

2022-02-21 11:28:46 - [MESSAGE][WARNING] - Timeout '0' is invalid. Using default page load timeout: '60'

2022-02-21 11:28:47 - [MESSAGE][PASSED] - Text 'anggaaditya' has been set to element 'Object Repository/Mobile/Page/Login/Input Rdy - UserID'

2022-02-21 11:28:47 - [TEST_STEP][PASSED] - delay(1): Delayed 1 second(s)

2022-02-21 11:28:48 - [MESSAGE][PASSED] - Delayed 1 second(s)

2022-02-21 11:28:48 - [TEST_STEP][PASSED] - hideKeyboard(): Keyboard is hidden

2022-02-21 11:28:52 - [MESSAGE][PASSED] - Keyboard is hidden

2022-02-21 11:28:52 - [TEST_STEP][PASSED] - tap(LOGN_EdtPassword, 0): Tapped on element 'Object Repository/Mobile/Page/Login/Input - Password'

2022-02-21 11:28:52 - [MESSAGE][WARNING] - Timeout '0' is invalid. Using default page load timeout: '60'

2022-02-21 11:28:52 - [MESSAGE][PASSED] - Tapped on element 'Object Repository/Mobile/Page/Login/Input - Password'

2022-02-21 11:28:52 - [TEST_STEP][PASSED] - delay(1): Delayed 1 second(s)

2022-02-21 11:28:53 - [MESSAGE][PASSED] - Delayed 1 second(s)

2022-02-21 11:28:53 - [TEST_STEP][PASSED] - setText(LOGN_EdtRdyPassword, "Shalawa18", 0): Text 'Shalawa18' has been set to element 'Object Repository/Mobile/Page/Login/Input Rdy - Password'

2022-02-21 11:28:53 - [MESSAGE][WARNING] - Timeout '0' is invalid. Using default page load timeout: '60'

2022-02-21 11:28:53 - [MESSAGE][PASSED] - Text 'Shalawa18' has been set to element 'Object Repository/Mobile/Page/Login/Input Rdy - Password'

2022-02-21 11:28:53 - [TEST_STEP][PASSED] - delay(1): Delayed 1 second(s)

2022-02-21 11:28:54 - [MESSAGE][PASSED] - Delayed 1 second(s)

2022-02-21 11:28:54 - [TEST_STEP][PASSED] - hideKeyboard(): Keyboard is hidden

2022-02-21 11:29:01 - [MESSAGE][PASSED] - Keyboard is hidden

2022-02-21 11:29:01 - [TEST_STEP][PASSED] - tap(LOGN_BtnLogin, 0): Tapped on element 'Object Repository/Mobile/Page/Login/Button - Login'

2022-02-21 11:29:01 - [MESSAGE][WARNING] - Timeout '0' is invalid. Using default page load timeout: '60'

2022-02-21 11:29:02 - [MESSAGE][PASSED] - Tapped on element 'Object Repository/Mobile/Page/Login/Button - Login'

2022-02-21 11:29:02 - [TEST_STEP][PASSED] - delay(2): Delayed 2 second(s)

2022-02-21 11:29:04 - [MESSAGE][PASSED] - Delayed 2 second(s)

2022-02-21 11:29:04 - [TEST_STEP][PASSED] - break: null

2022-02-21 11:29:04 - [MESSAGE][PASSED] - Call Test Case 'Test Cases/Mobile/Page/Login/Login' successfully

2022-02-21 11:29:04 - [TEST_STEP][PASSED] - callTestCase(findTestCase("Mobile/Page/Run App/Terminate App"), [:], STOP_ON_FAILURE): Call Test Case 'Test Cases/Mobile/Page/Run App/Terminate App' successfully

2022-02-21 11:29:04 - [TEST_CASE][PASSED] - Test Cases/Mobile/Page/Run App/Terminate App: Test Cases/Mobile/Page/Run App/Terminate App

2022-02-21 11:29:04 - [TEST_STEP][PASSED] - startApp.OpenApp.terminateApplication(): startApp.OpenApp.terminateApplication is PASSED

2022-02-21 11:29:09 - [MESSAGE][PASSED] - Delayed 3 second(s)

2022-02-21 11:29:09 - [MESSAGE][PASSED] - Current device physical width is 720

2022-02-21 11:29:09 - [MESSAGE][PASSED] - Current device physical height is 1423

2022-02-21 11:29:11 - [MESSAGE][PASSED] - Swiped from 360,853 to 360,142

2022-02-21 11:29:12 - [MESSAGE][PASSED] - Delayed 1 second(s)

2022-02-21 11:29:13 - [MESSAGE][PASSED] - Swiped from 360,853 to 360,142

2022-02-21 11:29:16 - [MESSAGE][PASSED] - Delayed 3 second(s)

2022-02-21 11:29:16 - [MESSAGE][PASSED] - startApp.OpenApp.terminateApplication is PASSED

2022-02-21 11:29:16 - [MESSAGE][PASSED] - Call Test Case 'Test Cases/Mobile/Page/Run App/Terminate App' successfully]]></system-out>
         <system-err><![CDATA[]]></system-err>
      </testcase>
      <testcase name="Test Cases/Mobile/Scenario/Login/002 - Login dengan password salah" time="50.489" classname="Test Cases/Mobile/Scenario/Login/002 - Login dengan password salah" status="PASSED">
         <system-out><![CDATA[2022-02-21 11:29:16 - [TEST_CASE][PASSED] - Test Cases/Mobile/Scenario/Login/002 - Login dengan password salah: Test Cases/Mobile/Scenario/Login/002 - Login dengan password salah

2022-02-21 11:29:16 - [TEST_STEP][PASSED] - callTestCase(findTestCase("Mobile/Page/Run App/Run App byID"), [:], STOP_ON_FAILURE): Call Test Case 'Test Cases/Mobile/Page/Run App/Run App byID' successfully

2022-02-21 11:29:16 - [TEST_CASE][PASSED] - Test Cases/Mobile/Page/Run App/Run App byID: Test Cases/Mobile/Page/Run App/Run App byID

2022-02-21 11:29:16 - [TEST_STEP][PASSED] - startApp.OpenApp.startApplication("id.co.miraeasset.sageclub"): startApp.OpenApp.startApplication is PASSED

2022-02-21 11:29:32 - [MESSAGE][PASSED] - Starting app with application ID: 'id.co.miraeasset.sageclub'

2022-02-21 11:29:32 - [MESSAGE][PASSED] - startApp.OpenApp.startApplication is PASSED

2022-02-21 11:29:32 - [MESSAGE][PASSED] - Call Test Case 'Test Cases/Mobile/Page/Run App/Run App byID' successfully

2022-02-21 11:29:32 - [TEST_STEP][PASSED] - callTestCase(findTestCase("Mobile/Page/Login/Login"), ["action":"wrongpassword"], CONTINUE_ON_FAILURE): Call Test Case 'Test Cases/Mobile/Page/Login/Login' successfully

2022-02-21 11:29:32 - [TEST_CASE][PASSED] - Test Cases/Mobile/Page/Login/Login: Test Cases/Mobile/Page/Login/Login

2022-02-21 11:29:32 - [TEST_STEP][PASSED] - delay(2): Delayed 2 second(s)

2022-02-21 11:29:34 - [MESSAGE][PASSED] - Delayed 2 second(s)

2022-02-21 11:29:34 - [TEST_STEP][PASSED] - for ([i = 0, i < 1, (i++)]): null

2022-02-21 11:29:34 - [TEST_STEP][PASSED] - if (action == "username"): null

2022-02-21 11:29:34 - [TEST_STEP][PASSED] - else if (action == "wrongpassword"): null

2022-02-21 11:29:34 - [TEST_STEP][PASSED] - tap(LOGN_EdtUserID, 0): Tapped on element 'Object Repository/Mobile/Page/Login/Input - UserID'

2022-02-21 11:29:34 - [MESSAGE][WARNING] - Timeout '0' is invalid. Using default page load timeout: '60'

2022-02-21 11:29:35 - [MESSAGE][PASSED] - Tapped on element 'Object Repository/Mobile/Page/Login/Input - UserID'

2022-02-21 11:29:35 - [TEST_STEP][PASSED] - delay(1): Delayed 1 second(s)

2022-02-21 11:29:36 - [MESSAGE][PASSED] - Delayed 1 second(s)

2022-02-21 11:29:36 - [TEST_STEP][PASSED] - setText(LOGN_EdtRdyUserID, "anggaaditya", 0): Text 'anggaaditya' has been set to element 'Object Repository/Mobile/Page/Login/Input Rdy - UserID'

2022-02-21 11:29:36 - [MESSAGE][WARNING] - Timeout '0' is invalid. Using default page load timeout: '60'

2022-02-21 11:29:36 - [MESSAGE][PASSED] - Text 'anggaaditya' has been set to element 'Object Repository/Mobile/Page/Login/Input Rdy - UserID'

2022-02-21 11:29:36 - [TEST_STEP][PASSED] - delay(1): Delayed 1 second(s)

2022-02-21 11:29:37 - [MESSAGE][PASSED] - Delayed 1 second(s)

2022-02-21 11:29:37 - [TEST_STEP][PASSED] - hideKeyboard(): Keyboard is hidden

2022-02-21 11:29:41 - [MESSAGE][PASSED] - Keyboard is hidden

2022-02-21 11:29:41 - [TEST_STEP][PASSED] - tap(LOGN_EdtPassword, 0): Tapped on element 'Object Repository/Mobile/Page/Login/Input - Password'

2022-02-21 11:29:41 - [MESSAGE][WARNING] - Timeout '0' is invalid. Using default page load timeout: '60'

2022-02-21 11:29:42 - [MESSAGE][PASSED] - Tapped on element 'Object Repository/Mobile/Page/Login/Input - Password'

2022-02-21 11:29:42 - [TEST_STEP][PASSED] - delay(1): Delayed 1 second(s)

2022-02-21 11:29:43 - [MESSAGE][PASSED] - Delayed 1 second(s)

2022-02-21 11:29:43 - [TEST_STEP][PASSED] - setText(LOGN_EdtRdyPassword, "Shalawa181", 0): Text 'Shalawa181' has been set to element 'Object Repository/Mobile/Page/Login/Input Rdy - Password'

2022-02-21 11:29:43 - [MESSAGE][WARNING] - Timeout '0' is invalid. Using default page load timeout: '60'

2022-02-21 11:29:45 - [MESSAGE][PASSED] - Text 'Shalawa181' has been set to element 'Object Repository/Mobile/Page/Login/Input Rdy - Password'

2022-02-21 11:29:45 - [TEST_STEP][PASSED] - delay(1): Delayed 1 second(s)

2022-02-21 11:29:46 - [MESSAGE][PASSED] - Delayed 1 second(s)

2022-02-21 11:29:46 - [TEST_STEP][PASSED] - hideKeyboard(): Keyboard is hidden

2022-02-21 11:29:53 - [MESSAGE][PASSED] - Keyboard is hidden

2022-02-21 11:29:53 - [TEST_STEP][PASSED] - tap(LOGN_BtnLogin, 0): Tapped on element 'Object Repository/Mobile/Page/Login/Button - Login'

2022-02-21 11:29:53 - [MESSAGE][WARNING] - Timeout '0' is invalid. Using default page load timeout: '60'

2022-02-21 11:29:54 - [MESSAGE][PASSED] - Tapped on element 'Object Repository/Mobile/Page/Login/Button - Login'

2022-02-21 11:29:54 - [TEST_STEP][PASSED] - delay(2): Delayed 2 second(s)

2022-02-21 11:29:56 - [MESSAGE][PASSED] - Delayed 2 second(s)

2022-02-21 11:29:56 - [TEST_STEP][PASSED] - verify = verifyElementExist(LOGN_AlertInvalidCredentials, 5, STOP_ON_FAILURE): Element 'Object Repository/Mobile/Page/Login/Alert - Invalid credentials' is exist

2022-02-21 11:29:56 - [MESSAGE][PASSED] - Element 'Object Repository/Mobile/Page/Login/Alert - Invalid credentials' is exist

2022-02-21 11:29:56 - [TEST_STEP][PASSED] - break: null

2022-02-21 11:29:56 - [MESSAGE][PASSED] - Call Test Case 'Test Cases/Mobile/Page/Login/Login' successfully

2022-02-21 11:29:56 - [TEST_STEP][PASSED] - callTestCase(findTestCase("Mobile/Page/Run App/Terminate App"), [:], STOP_ON_FAILURE): Call Test Case 'Test Cases/Mobile/Page/Run App/Terminate App' successfully

2022-02-21 11:29:56 - [TEST_CASE][PASSED] - Test Cases/Mobile/Page/Run App/Terminate App: Test Cases/Mobile/Page/Run App/Terminate App

2022-02-21 11:29:56 - [TEST_STEP][PASSED] - startApp.OpenApp.terminateApplication(): startApp.OpenApp.terminateApplication is PASSED

2022-02-21 11:29:59 - [MESSAGE][PASSED] - Delayed 3 second(s)

2022-02-21 11:29:59 - [MESSAGE][PASSED] - Current device physical width is 720

2022-02-21 11:30:00 - [MESSAGE][PASSED] - Current device physical height is 1423

2022-02-21 11:30:01 - [MESSAGE][PASSED] - Swiped from 360,853 to 360,142

2022-02-21 11:30:02 - [MESSAGE][PASSED] - Delayed 1 second(s)

2022-02-21 11:30:04 - [MESSAGE][PASSED] - Swiped from 360,853 to 360,142

2022-02-21 11:30:07 - [MESSAGE][PASSED] - Delayed 3 second(s)

2022-02-21 11:30:07 - [MESSAGE][PASSED] - startApp.OpenApp.terminateApplication is PASSED

2022-02-21 11:30:07 - [MESSAGE][PASSED] - Call Test Case 'Test Cases/Mobile/Page/Run App/Terminate App' successfully]]></system-out>
         <system-err><![CDATA[]]></system-err>
      </testcase>
      <testcase name="Test Cases/Mobile/Scenario/Login/003 - Login tanpa internet" time="60.573" classname="Test Cases/Mobile/Scenario/Login/003 - Login tanpa internet" status="PASSED">
         <system-out><![CDATA[2022-02-21 11:30:07 - [TEST_CASE][PASSED] - Test Cases/Mobile/Scenario/Login/003 - Login tanpa internet: Test Cases/Mobile/Scenario/Login/003 - Login tanpa internet

2022-02-21 11:30:07 - [TEST_STEP][PASSED] - callTestCase(findTestCase("Mobile/Page/Run App/Run App byID"), [:], STOP_ON_FAILURE): Call Test Case 'Test Cases/Mobile/Page/Run App/Run App byID' successfully

2022-02-21 11:30:07 - [TEST_CASE][PASSED] - Test Cases/Mobile/Page/Run App/Run App byID: Test Cases/Mobile/Page/Run App/Run App byID

2022-02-21 11:30:07 - [TEST_STEP][PASSED] - startApp.OpenApp.startApplication("id.co.miraeasset.sageclub"): startApp.OpenApp.startApplication is PASSED

2022-02-21 11:30:22 - [MESSAGE][PASSED] - Starting app with application ID: 'id.co.miraeasset.sageclub'

2022-02-21 11:30:22 - [MESSAGE][PASSED] - startApp.OpenApp.startApplication is PASSED

2022-02-21 11:30:22 - [MESSAGE][PASSED] - Call Test Case 'Test Cases/Mobile/Page/Run App/Run App byID' successfully

2022-02-21 11:30:22 - [TEST_STEP][PASSED] - callTestCase(findTestCase("Mobile/Page/Login/Login"), ["action":"nointernet"], CONTINUE_ON_FAILURE): Call Test Case 'Test Cases/Mobile/Page/Login/Login' successfully

2022-02-21 11:30:22 - [TEST_CASE][PASSED] - Test Cases/Mobile/Page/Login/Login: Test Cases/Mobile/Page/Login/Login

2022-02-21 11:30:22 - [TEST_STEP][PASSED] - delay(2): Delayed 2 second(s)

2022-02-21 11:30:24 - [MESSAGE][PASSED] - Delayed 2 second(s)

2022-02-21 11:30:24 - [TEST_STEP][PASSED] - for ([i = 0, i < 1, (i++)]): null

2022-02-21 11:30:24 - [TEST_STEP][PASSED] - if (action == "username"): null

2022-02-21 11:30:24 - [TEST_STEP][PASSED] - else if (action == "wrongpassword"): null

2022-02-21 11:30:24 - [TEST_STEP][PASSED] - else if (action == "nointernet"): null

2022-02-21 11:30:24 - [TEST_STEP][PASSED] - scroll.scroll.scrollNotificationBar(): scroll.scroll.scrollNotificationBar is PASSED

2022-02-21 11:30:24 - [MESSAGE][PASSED] - Current device physical height is 1423

2022-02-21 11:30:26 - [MESSAGE][PASSED] - Swiped from 50,50 to 50,1,138

2022-02-21 11:30:26 - [MESSAGE][PASSED] - scroll.scroll.scrollNotificationBar is PASSED

2022-02-21 11:30:26 - [TEST_STEP][PASSED] - delay(1): Delayed 1 second(s)

2022-02-21 11:30:27 - [MESSAGE][PASSED] - Delayed 1 second(s)

2022-02-21 11:30:27 - [TEST_STEP][PASSED] - tap(OTHR_BtnWifi, 0): Tapped on element 'Object Repository/Mobile/Page/Others/Button - Wifi'

2022-02-21 11:30:27 - [MESSAGE][WARNING] - Timeout '0' is invalid. Using default page load timeout: '60'

2022-02-21 11:30:28 - [MESSAGE][PASSED] - Tapped on element 'Object Repository/Mobile/Page/Others/Button - Wifi'

2022-02-21 11:30:28 - [TEST_STEP][PASSED] - delay(1): Delayed 1 second(s)

2022-02-21 11:30:29 - [MESSAGE][PASSED] - Delayed 1 second(s)

2022-02-21 11:30:29 - [TEST_STEP][PASSED] - pressBack(): Press back button successfully

2022-02-21 11:30:29 - [MESSAGE][PASSED] - Press back button successfully

2022-02-21 11:30:29 - [TEST_STEP][PASSED] - tap(LOGN_EdtUserID, 0): Tapped on element 'Object Repository/Mobile/Page/Login/Input - UserID'

2022-02-21 11:30:29 - [MESSAGE][WARNING] - Timeout '0' is invalid. Using default page load timeout: '60'

2022-02-21 11:30:31 - [MESSAGE][PASSED] - Tapped on element 'Object Repository/Mobile/Page/Login/Input - UserID'

2022-02-21 11:30:31 - [TEST_STEP][PASSED] - delay(1): Delayed 1 second(s)

2022-02-21 11:30:32 - [MESSAGE][PASSED] - Delayed 1 second(s)

2022-02-21 11:30:32 - [TEST_STEP][PASSED] - setText(LOGN_EdtRdyUserID, "anggaaditya", 0): Text 'anggaaditya' has been set to element 'Object Repository/Mobile/Page/Login/Input Rdy - UserID'

2022-02-21 11:30:32 - [MESSAGE][WARNING] - Timeout '0' is invalid. Using default page load timeout: '60'

2022-02-21 11:30:32 - [MESSAGE][PASSED] - Text 'anggaaditya' has been set to element 'Object Repository/Mobile/Page/Login/Input Rdy - UserID'

2022-02-21 11:30:32 - [TEST_STEP][PASSED] - delay(1): Delayed 1 second(s)

2022-02-21 11:30:33 - [MESSAGE][PASSED] - Delayed 1 second(s)

2022-02-21 11:30:33 - [TEST_STEP][PASSED] - hideKeyboard(): Keyboard is hidden

2022-02-21 11:30:37 - [MESSAGE][PASSED] - Keyboard is hidden

2022-02-21 11:30:37 - [TEST_STEP][PASSED] - tap(LOGN_EdtPassword, 0): Tapped on element 'Object Repository/Mobile/Page/Login/Input - Password'

2022-02-21 11:30:37 - [MESSAGE][WARNING] - Timeout '0' is invalid. Using default page load timeout: '60'

2022-02-21 11:30:38 - [MESSAGE][PASSED] - Tapped on element 'Object Repository/Mobile/Page/Login/Input - Password'

2022-02-21 11:30:38 - [TEST_STEP][PASSED] - delay(1): Delayed 1 second(s)

2022-02-21 11:30:39 - [MESSAGE][PASSED] - Delayed 1 second(s)

2022-02-21 11:30:39 - [TEST_STEP][PASSED] - setText(LOGN_EdtRdyPassword, "Shalawa18", 0): Text 'Shalawa18' has been set to element 'Object Repository/Mobile/Page/Login/Input Rdy - Password'

2022-02-21 11:30:39 - [MESSAGE][WARNING] - Timeout '0' is invalid. Using default page load timeout: '60'

2022-02-21 11:30:39 - [MESSAGE][PASSED] - Text 'Shalawa18' has been set to element 'Object Repository/Mobile/Page/Login/Input Rdy - Password'

2022-02-21 11:30:39 - [TEST_STEP][PASSED] - delay(1): Delayed 1 second(s)

2022-02-21 11:30:40 - [MESSAGE][PASSED] - Delayed 1 second(s)

2022-02-21 11:30:40 - [TEST_STEP][PASSED] - hideKeyboard(): Keyboard is hidden

2022-02-21 11:30:47 - [MESSAGE][PASSED] - Keyboard is hidden

2022-02-21 11:30:47 - [TEST_STEP][PASSED] - tap(LOGN_BtnLogin, 0): Tapped on element 'Object Repository/Mobile/Page/Login/Button - Login'

2022-02-21 11:30:47 - [MESSAGE][WARNING] - Timeout '0' is invalid. Using default page load timeout: '60'

2022-02-21 11:30:47 - [MESSAGE][PASSED] - Tapped on element 'Object Repository/Mobile/Page/Login/Button - Login'

2022-02-21 11:30:47 - [TEST_STEP][PASSED] - delay(2): Delayed 2 second(s)

2022-02-21 11:30:49 - [MESSAGE][PASSED] - Delayed 2 second(s)

2022-02-21 11:30:49 - [TEST_STEP][PASSED] - verify = verifyElementExist(LOGN_AlertCheckYourNetwork, 5, STOP_ON_FAILURE): Element 'Object Repository/Mobile/Page/Login/Alert - Check your network' is exist

2022-02-21 11:30:50 - [MESSAGE][PASSED] - Element 'Object Repository/Mobile/Page/Login/Alert - Check your network' is exist

2022-02-21 11:30:50 - [TEST_STEP][PASSED] - scroll.scroll.scrollNotificationBar(): scroll.scroll.scrollNotificationBar is PASSED

2022-02-21 11:30:50 - [MESSAGE][PASSED] - Current device physical height is 1423

2022-02-21 11:30:51 - [MESSAGE][PASSED] - Swiped from 50,50 to 50,1,138

2022-02-21 11:30:51 - [MESSAGE][PASSED] - scroll.scroll.scrollNotificationBar is PASSED

2022-02-21 11:30:51 - [TEST_STEP][PASSED] - delay(1): Delayed 1 second(s)

2022-02-21 11:30:52 - [MESSAGE][PASSED] - Delayed 1 second(s)

2022-02-21 11:30:52 - [TEST_STEP][PASSED] - tap(OTHR_BtnWifi, 0): Tapped on element 'Object Repository/Mobile/Page/Others/Button - Wifi'

2022-02-21 11:30:52 - [MESSAGE][WARNING] - Timeout '0' is invalid. Using default page load timeout: '60'

2022-02-21 11:30:53 - [MESSAGE][PASSED] - Tapped on element 'Object Repository/Mobile/Page/Others/Button - Wifi'

2022-02-21 11:30:53 - [TEST_STEP][PASSED] - delay(1): Delayed 1 second(s)

2022-02-21 11:30:54 - [MESSAGE][PASSED] - Delayed 1 second(s)

2022-02-21 11:30:54 - [TEST_STEP][PASSED] - pressBack(): Press back button successfully

2022-02-21 11:30:55 - [MESSAGE][PASSED] - Press back button successfully

2022-02-21 11:30:55 - [TEST_STEP][PASSED] - break: null

2022-02-21 11:30:55 - [MESSAGE][PASSED] - Call Test Case 'Test Cases/Mobile/Page/Login/Login' successfully

2022-02-21 11:30:55 - [TEST_STEP][PASSED] - callTestCase(findTestCase("Mobile/Page/Run App/Terminate App"), [:], STOP_ON_FAILURE): Call Test Case 'Test Cases/Mobile/Page/Run App/Terminate App' successfully

2022-02-21 11:30:55 - [TEST_CASE][PASSED] - Test Cases/Mobile/Page/Run App/Terminate App: Test Cases/Mobile/Page/Run App/Terminate App

2022-02-21 11:30:55 - [TEST_STEP][PASSED] - startApp.OpenApp.terminateApplication(): startApp.OpenApp.terminateApplication is PASSED

2022-02-21 11:31:00 - [MESSAGE][PASSED] - Delayed 3 second(s)

2022-02-21 11:31:00 - [MESSAGE][PASSED] - Current device physical width is 720

2022-02-21 11:31:00 - [MESSAGE][PASSED] - Current device physical height is 1423

2022-02-21 11:31:02 - [MESSAGE][PASSED] - Swiped from 360,853 to 360,142

2022-02-21 11:31:03 - [MESSAGE][PASSED] - Delayed 1 second(s)

2022-02-21 11:31:04 - [MESSAGE][PASSED] - Swiped from 360,853 to 360,142

2022-02-21 11:31:07 - [MESSAGE][PASSED] - Delayed 3 second(s)

2022-02-21 11:31:07 - [MESSAGE][PASSED] - startApp.OpenApp.terminateApplication is PASSED

2022-02-21 11:31:07 - [MESSAGE][PASSED] - Call Test Case 'Test Cases/Mobile/Page/Run App/Terminate App' successfully]]></system-out>
         <system-err><![CDATA[]]></system-err>
      </testcase>
      <testcase name="Test Cases/Mobile/Scenario/Login/004 - Login dengan mengaktifkan visible password" time="51.747" classname="Test Cases/Mobile/Scenario/Login/004 - Login dengan mengaktifkan visible password" status="PASSED">
         <system-out><![CDATA[2022-02-21 11:31:07 - [TEST_CASE][PASSED] - Test Cases/Mobile/Scenario/Login/004 - Login dengan mengaktifkan visible password: Test Cases/Mobile/Scenario/Login/004 - Login dengan mengaktifkan visible password

2022-02-21 11:31:07 - [TEST_STEP][PASSED] - callTestCase(findTestCase("Mobile/Page/Run App/Run App byID"), [:], STOP_ON_FAILURE): Call Test Case 'Test Cases/Mobile/Page/Run App/Run App byID' successfully

2022-02-21 11:31:07 - [TEST_CASE][PASSED] - Test Cases/Mobile/Page/Run App/Run App byID: Test Cases/Mobile/Page/Run App/Run App byID

2022-02-21 11:31:07 - [TEST_STEP][PASSED] - startApp.OpenApp.startApplication("id.co.miraeasset.sageclub"): startApp.OpenApp.startApplication is PASSED

2022-02-21 11:31:23 - [MESSAGE][PASSED] - Starting app with application ID: 'id.co.miraeasset.sageclub'

2022-02-21 11:31:23 - [MESSAGE][PASSED] - startApp.OpenApp.startApplication is PASSED

2022-02-21 11:31:23 - [MESSAGE][PASSED] - Call Test Case 'Test Cases/Mobile/Page/Run App/Run App byID' successfully

2022-02-21 11:31:23 - [TEST_STEP][PASSED] - callTestCase(findTestCase("Mobile/Page/Login/Login"), ["action":"visiblepassword"], CONTINUE_ON_FAILURE): Call Test Case 'Test Cases/Mobile/Page/Login/Login' successfully

2022-02-21 11:31:23 - [TEST_CASE][PASSED] - Test Cases/Mobile/Page/Login/Login: Test Cases/Mobile/Page/Login/Login

2022-02-21 11:31:23 - [TEST_STEP][PASSED] - delay(2): Delayed 2 second(s)

2022-02-21 11:31:25 - [MESSAGE][PASSED] - Delayed 2 second(s)

2022-02-21 11:31:25 - [TEST_STEP][PASSED] - for ([i = 0, i < 1, (i++)]): null

2022-02-21 11:31:25 - [TEST_STEP][PASSED] - if (action == "username"): null

2022-02-21 11:31:25 - [TEST_STEP][PASSED] - else if (action == "wrongpassword"): null

2022-02-21 11:31:25 - [TEST_STEP][PASSED] - else if (action == "nointernet"): null

2022-02-21 11:31:25 - [TEST_STEP][PASSED] - else if (action == "visiblepassword"): null

2022-02-21 11:31:25 - [TEST_STEP][PASSED] - tap(LOGN_EdtUserID, 0): Tapped on element 'Object Repository/Mobile/Page/Login/Input - UserID'

2022-02-21 11:31:25 - [MESSAGE][WARNING] - Timeout '0' is invalid. Using default page load timeout: '60'

2022-02-21 11:31:26 - [MESSAGE][PASSED] - Tapped on element 'Object Repository/Mobile/Page/Login/Input - UserID'

2022-02-21 11:31:26 - [TEST_STEP][PASSED] - delay(1): Delayed 1 second(s)

2022-02-21 11:31:27 - [MESSAGE][PASSED] - Delayed 1 second(s)

2022-02-21 11:31:27 - [TEST_STEP][PASSED] - setText(LOGN_EdtRdyUserID, "anggaaditya", 0): Text 'anggaaditya' has been set to element 'Object Repository/Mobile/Page/Login/Input Rdy - UserID'

2022-02-21 11:31:27 - [MESSAGE][WARNING] - Timeout '0' is invalid. Using default page load timeout: '60'

2022-02-21 11:31:27 - [MESSAGE][PASSED] - Text 'anggaaditya' has been set to element 'Object Repository/Mobile/Page/Login/Input Rdy - UserID'

2022-02-21 11:31:27 - [TEST_STEP][PASSED] - delay(1): Delayed 1 second(s)

2022-02-21 11:31:28 - [MESSAGE][PASSED] - Delayed 1 second(s)

2022-02-21 11:31:28 - [TEST_STEP][PASSED] - hideKeyboard(): Keyboard is hidden

2022-02-21 11:31:34 - [MESSAGE][PASSED] - Keyboard is hidden

2022-02-21 11:31:34 - [TEST_STEP][PASSED] - top = getElementTopPosition(LOGN_EdtPassword, 0): Object 'Object Repository/Mobile/Page/Login/Input - Password' has top position '842'

2022-02-21 11:31:34 - [MESSAGE][WARNING] - Timeout '0' is invalid. Using default page load timeout: '60'

2022-02-21 11:31:35 - [MESSAGE][PASSED] - Object 'Object Repository/Mobile/Page/Login/Input - Password' has top position '842'

2022-02-21 11:31:35 - [TEST_STEP][PASSED] - left = getElementLeftPosition(LOGN_EdtPassword, 0): Object 'Object Repository/Mobile/Page/Login/Input - Password' has left position '32'

2022-02-21 11:31:35 - [MESSAGE][WARNING] - Timeout '0' is invalid. Using default page load timeout: '60'

2022-02-21 11:31:35 - [MESSAGE][PASSED] - Object 'Object Repository/Mobile/Page/Login/Input - Password' has left position '32'

2022-02-21 11:31:35 - [TEST_STEP][PASSED] - x = left + getElementWidth(LOGN_EdtPassword, 0) * 0.9: Object 'Object Repository/Mobile/Page/Login/Input - Password' has width: '657'

2022-02-21 11:31:35 - [MESSAGE][WARNING] - Timeout '0' is invalid. Using default page load timeout: '60'

2022-02-21 11:31:35 - [MESSAGE][PASSED] - Object 'Object Repository/Mobile/Page/Login/Input - Password' has width: '657'

2022-02-21 11:31:35 - [TEST_STEP][PASSED] - y = top + getElementHeight(LOGN_EdtPassword, 0) / 2: Object 'Object Repository/Mobile/Page/Login/Input - Password' has height: '84'

2022-02-21 11:31:35 - [MESSAGE][WARNING] - Timeout '0' is invalid. Using default page load timeout: '60'

2022-02-21 11:31:35 - [MESSAGE][PASSED] - Object 'Object Repository/Mobile/Page/Login/Input - Password' has height: '84'

2022-02-21 11:31:35 - [TEST_STEP][PASSED] - tapAtPosition(x, y): Tapped at [623, 884]

2022-02-21 11:31:36 - [MESSAGE][PASSED] - Tapped at [623, 884]

2022-02-21 11:31:36 - [TEST_STEP][PASSED] - delay(1): Delayed 1 second(s)

2022-02-21 11:31:37 - [MESSAGE][PASSED] - Delayed 1 second(s)

2022-02-21 11:31:37 - [TEST_STEP][PASSED] - tap(LOGN_EdtPassword, 0): Tapped on element 'Object Repository/Mobile/Page/Login/Input - Password'

2022-02-21 11:31:37 - [MESSAGE][WARNING] - Timeout '0' is invalid. Using default page load timeout: '60'

2022-02-21 11:31:37 - [MESSAGE][PASSED] - Tapped on element 'Object Repository/Mobile/Page/Login/Input - Password'

2022-02-21 11:31:37 - [TEST_STEP][PASSED] - delay(1): Delayed 1 second(s)

2022-02-21 11:31:38 - [MESSAGE][PASSED] - Delayed 1 second(s)

2022-02-21 11:31:38 - [TEST_STEP][PASSED] - setText(LOGN_EdtRdyPassword, "Shalawa18", 0): Text 'Shalawa18' has been set to element 'Object Repository/Mobile/Page/Login/Input Rdy - Password'

2022-02-21 11:31:38 - [MESSAGE][WARNING] - Timeout '0' is invalid. Using default page load timeout: '60'

2022-02-21 11:31:39 - [MESSAGE][PASSED] - Text 'Shalawa18' has been set to element 'Object Repository/Mobile/Page/Login/Input Rdy - Password'

2022-02-21 11:31:39 - [TEST_STEP][PASSED] - delay(1): Delayed 1 second(s)

2022-02-21 11:31:40 - [MESSAGE][PASSED] - Delayed 1 second(s)

2022-02-21 11:31:40 - [TEST_STEP][PASSED] - hideKeyboard(): Keyboard is hidden

2022-02-21 11:31:44 - [MESSAGE][PASSED] - Keyboard is hidden

2022-02-21 11:31:44 - [TEST_STEP][PASSED] - tap(LOGN_BtnLogin, 0): Tapped on element 'Object Repository/Mobile/Page/Login/Button - Login'

2022-02-21 11:31:44 - [MESSAGE][WARNING] - Timeout '0' is invalid. Using default page load timeout: '60'

2022-02-21 11:31:45 - [MESSAGE][PASSED] - Tapped on element 'Object Repository/Mobile/Page/Login/Button - Login'

2022-02-21 11:31:45 - [TEST_STEP][PASSED] - delay(2): Delayed 2 second(s)

2022-02-21 11:31:47 - [MESSAGE][PASSED] - Delayed 2 second(s)

2022-02-21 11:31:47 - [TEST_STEP][PASSED] - break: null

2022-02-21 11:31:47 - [MESSAGE][PASSED] - Call Test Case 'Test Cases/Mobile/Page/Login/Login' successfully

2022-02-21 11:31:47 - [TEST_STEP][PASSED] - callTestCase(findTestCase("Mobile/Page/Run App/Terminate App"), [:], STOP_ON_FAILURE): Call Test Case 'Test Cases/Mobile/Page/Run App/Terminate App' successfully

2022-02-21 11:31:47 - [TEST_CASE][PASSED] - Test Cases/Mobile/Page/Run App/Terminate App: Test Cases/Mobile/Page/Run App/Terminate App

2022-02-21 11:31:47 - [TEST_STEP][PASSED] - startApp.OpenApp.terminateApplication(): startApp.OpenApp.terminateApplication is PASSED

2022-02-21 11:31:51 - [MESSAGE][PASSED] - Delayed 3 second(s)

2022-02-21 11:31:52 - [MESSAGE][PASSED] - Current device physical width is 720

2022-02-21 11:31:52 - [MESSAGE][PASSED] - Current device physical height is 1423

2022-02-21 11:31:53 - [MESSAGE][PASSED] - Swiped from 360,853 to 360,142

2022-02-21 11:31:54 - [MESSAGE][PASSED] - Delayed 1 second(s)

2022-02-21 11:31:56 - [MESSAGE][PASSED] - Swiped from 360,853 to 360,142

2022-02-21 11:31:59 - [MESSAGE][PASSED] - Delayed 3 second(s)

2022-02-21 11:31:59 - [MESSAGE][PASSED] - startApp.OpenApp.terminateApplication is PASSED

2022-02-21 11:31:59 - [MESSAGE][PASSED] - Call Test Case 'Test Cases/Mobile/Page/Run App/Terminate App' successfully]]></system-out>
         <system-err><![CDATA[]]></system-err>
      </testcase>
      <testcase name="Test Cases/Mobile/Scenario/Login/005 - Login menggunakan username dengan membatalkan fingerprint" time="52.666" classname="Test Cases/Mobile/Scenario/Login/005 - Login menggunakan username dengan membatalkan fingerprint" status="PASSED">
         <system-out><![CDATA[2022-02-21 11:31:59 - [TEST_CASE][PASSED] - Test Cases/Mobile/Scenario/Login/005 - Login menggunakan username dengan membatalkan fingerprint: Test Cases/Mobile/Scenario/Login/005 - Login menggunakan username dengan membatalkan fingerprint

2022-02-21 11:31:59 - [TEST_STEP][PASSED] - callTestCase(findTestCase("Mobile/Page/Run App/Run App byID"), [:], STOP_ON_FAILURE): Call Test Case 'Test Cases/Mobile/Page/Run App/Run App byID' successfully

2022-02-21 11:31:59 - [TEST_CASE][PASSED] - Test Cases/Mobile/Page/Run App/Run App byID: Test Cases/Mobile/Page/Run App/Run App byID

2022-02-21 11:31:59 - [TEST_STEP][PASSED] - startApp.OpenApp.startApplication("id.co.miraeasset.sageclub"): startApp.OpenApp.startApplication is PASSED

2022-02-21 11:32:15 - [MESSAGE][PASSED] - Starting app with application ID: 'id.co.miraeasset.sageclub'

2022-02-21 11:32:15 - [MESSAGE][PASSED] - startApp.OpenApp.startApplication is PASSED

2022-02-21 11:32:15 - [MESSAGE][PASSED] - Call Test Case 'Test Cases/Mobile/Page/Run App/Run App byID' successfully

2022-02-21 11:32:15 - [TEST_STEP][PASSED] - callTestCase(findTestCase("Mobile/Page/Login/Login"), ["action":"cancelfingerprint"], CONTINUE_ON_FAILURE): Call Test Case 'Test Cases/Mobile/Page/Login/Login' successfully

2022-02-21 11:32:15 - [TEST_CASE][PASSED] - Test Cases/Mobile/Page/Login/Login: Test Cases/Mobile/Page/Login/Login

2022-02-21 11:32:15 - [TEST_STEP][PASSED] - delay(2): Delayed 2 second(s)

2022-02-21 11:32:17 - [MESSAGE][PASSED] - Delayed 2 second(s)

2022-02-21 11:32:17 - [TEST_STEP][PASSED] - for ([i = 0, i < 1, (i++)]): Delayed 2 second(s)

2022-02-21 11:32:17 - [TEST_STEP][PASSED] - if (action == "username"): null

2022-02-21 11:32:17 - [TEST_STEP][PASSED] - else if (action == "wrongpassword"): null

2022-02-21 11:32:17 - [TEST_STEP][PASSED] - else if (action == "nointernet"): null

2022-02-21 11:32:17 - [TEST_STEP][PASSED] - else if (action == "visiblepassword"): null

2022-02-21 11:32:17 - [TEST_STEP][PASSED] - else if (action == "cancelfingerprint"): Delayed 2 second(s)

2022-02-21 11:32:17 - [TEST_STEP][PASSED] - tap(LOGN_BtnFingerprint, 0): Tapped on element 'Object Repository/Mobile/Page/Login/Button - Fingerprint'

2022-02-21 11:32:17 - [MESSAGE][WARNING] - Timeout '0' is invalid. Using default page load timeout: '60'

2022-02-21 11:32:18 - [MESSAGE][PASSED] - Tapped on element 'Object Repository/Mobile/Page/Login/Button - Fingerprint'

2022-02-21 11:32:18 - [TEST_STEP][PASSED] - delay(1): Delayed 1 second(s)

2022-02-21 11:32:19 - [MESSAGE][PASSED] - Delayed 1 second(s)

2022-02-21 11:32:19 - [TEST_STEP][PASSED] - pressBack(): Press back button successfully

2022-02-21 11:32:19 - [MESSAGE][PASSED] - Press back button successfully

2022-02-21 11:32:19 - [TEST_STEP][PASSED] - delay(1): Delayed 1 second(s)

2022-02-21 11:32:20 - [MESSAGE][PASSED] - Delayed 1 second(s)

2022-02-21 11:32:20 - [TEST_STEP][PASSED] - tap(LOGN_EdtUserID, 0): Tapped on element 'Object Repository/Mobile/Page/Login/Input - UserID'

2022-02-21 11:32:20 - [MESSAGE][WARNING] - Timeout '0' is invalid. Using default page load timeout: '60'

2022-02-21 11:32:21 - [MESSAGE][PASSED] - Tapped on element 'Object Repository/Mobile/Page/Login/Input - UserID'

2022-02-21 11:32:21 - [TEST_STEP][PASSED] - delay(1): Delayed 1 second(s)

2022-02-21 11:32:22 - [MESSAGE][PASSED] - Delayed 1 second(s)

2022-02-21 11:32:22 - [TEST_STEP][PASSED] - setText(LOGN_EdtRdyUserID, "anggaaditya", 0): Text 'anggaaditya' has been set to element 'Object Repository/Mobile/Page/Login/Input Rdy - UserID'

2022-02-21 11:32:22 - [MESSAGE][WARNING] - Timeout '0' is invalid. Using default page load timeout: '60'

2022-02-21 11:32:22 - [MESSAGE][PASSED] - Text 'anggaaditya' has been set to element 'Object Repository/Mobile/Page/Login/Input Rdy - UserID'

2022-02-21 11:32:22 - [TEST_STEP][PASSED] - delay(1): Delayed 1 second(s)

2022-02-21 11:32:23 - [MESSAGE][PASSED] - Delayed 1 second(s)

2022-02-21 11:32:23 - [TEST_STEP][PASSED] - hideKeyboard(): Keyboard is hidden

2022-02-21 11:32:27 - [MESSAGE][PASSED] - Keyboard is hidden

2022-02-21 11:32:27 - [TEST_STEP][PASSED] - tap(LOGN_EdtPassword, 0): Tapped on element 'Object Repository/Mobile/Page/Login/Input - Password'

2022-02-21 11:32:27 - [MESSAGE][WARNING] - Timeout '0' is invalid. Using default page load timeout: '60'

2022-02-21 11:32:28 - [MESSAGE][PASSED] - Tapped on element 'Object Repository/Mobile/Page/Login/Input - Password'

2022-02-21 11:32:28 - [TEST_STEP][PASSED] - delay(1): Delayed 1 second(s)

2022-02-21 11:32:29 - [MESSAGE][PASSED] - Delayed 1 second(s)

2022-02-21 11:32:29 - [TEST_STEP][PASSED] - setText(LOGN_EdtRdyPassword, "Shalawa18", 0): Text 'Shalawa18' has been set to element 'Object Repository/Mobile/Page/Login/Input Rdy - Password'

2022-02-21 11:32:29 - [MESSAGE][WARNING] - Timeout '0' is invalid. Using default page load timeout: '60'

2022-02-21 11:32:29 - [MESSAGE][PASSED] - Text 'Shalawa18' has been set to element 'Object Repository/Mobile/Page/Login/Input Rdy - Password'

2022-02-21 11:32:29 - [TEST_STEP][PASSED] - delay(1): Delayed 1 second(s)

2022-02-21 11:32:30 - [MESSAGE][PASSED] - Delayed 1 second(s)

2022-02-21 11:32:30 - [TEST_STEP][PASSED] - hideKeyboard(): Keyboard is hidden

2022-02-21 11:32:37 - [MESSAGE][PASSED] - Keyboard is hidden

2022-02-21 11:32:37 - [TEST_STEP][PASSED] - tap(LOGN_BtnLogin, 0): Tapped on element 'Object Repository/Mobile/Page/Login/Button - Login'

2022-02-21 11:32:37 - [MESSAGE][WARNING] - Timeout '0' is invalid. Using default page load timeout: '60'

2022-02-21 11:32:38 - [MESSAGE][PASSED] - Tapped on element 'Object Repository/Mobile/Page/Login/Button - Login'

2022-02-21 11:32:38 - [TEST_STEP][PASSED] - delay(2): Delayed 2 second(s)

2022-02-21 11:32:40 - [MESSAGE][PASSED] - Delayed 2 second(s)

2022-02-21 11:32:40 - [MESSAGE][PASSED] - Call Test Case 'Test Cases/Mobile/Page/Login/Login' successfully

2022-02-21 11:32:40 - [TEST_STEP][PASSED] - callTestCase(findTestCase("Mobile/Page/Run App/Terminate App"), [:], STOP_ON_FAILURE): Call Test Case 'Test Cases/Mobile/Page/Run App/Terminate App' successfully

2022-02-21 11:32:40 - [TEST_CASE][PASSED] - Test Cases/Mobile/Page/Run App/Terminate App: Test Cases/Mobile/Page/Run App/Terminate App

2022-02-21 11:32:40 - [TEST_STEP][PASSED] - startApp.OpenApp.terminateApplication(): startApp.OpenApp.terminateApplication is PASSED

2022-02-21 11:32:44 - [MESSAGE][PASSED] - Delayed 3 second(s)

2022-02-21 11:32:44 - [MESSAGE][PASSED] - Current device physical width is 720

2022-02-21 11:32:45 - [MESSAGE][PASSED] - Current device physical height is 1423

2022-02-21 11:32:46 - [MESSAGE][PASSED] - Swiped from 360,853 to 360,142

2022-02-21 11:32:47 - [MESSAGE][PASSED] - Delayed 1 second(s)

2022-02-21 11:32:49 - [MESSAGE][PASSED] - Swiped from 360,853 to 360,142

2022-02-21 11:32:52 - [MESSAGE][PASSED] - Delayed 3 second(s)

2022-02-21 11:32:52 - [MESSAGE][PASSED] - startApp.OpenApp.terminateApplication is PASSED

2022-02-21 11:32:52 - [MESSAGE][PASSED] - Call Test Case 'Test Cases/Mobile/Page/Run App/Terminate App' successfully]]></system-out>
         <system-err><![CDATA[]]></system-err>
      </testcase>
      <system-out><![CDATA[2022-02-21 11:27:53 - [TEST_SUITE][PASSED] - login: Test Cases/Mobile/Scenario/Login/005 - Login menggunakan username dengan membatalkan fingerprint]]></system-out>
      <system-err><![CDATA[]]></system-err>
   </testsuite>
</testsuites>
