<?xml version="1.0" encoding="UTF-8"?>
<testsuites name="news" time="333.212" tests="5" failures="0" skips="0" errors="0">
   <testsuite name="news" tests="5" failures="0" errors="0" time="333.212" skips="0" timestamp="2021-12-10 08:47:22" hostname="Owner - aldy-tft" id="Test Suites/news">
      <properties>
         <property name="deviceName" value="samsung SM-A205F (Android 11)"/>
         <property name="devicePlatform" value=""/>
         <property name="logFolder" value="C:\\Users\\Owner\\Documents\\kerjaan\\KatalonProject\\qa_katalon_pwm\\qa_katalon_pwm\\Reports\\20211210_084715\\news\\20211210_084715"/>
         <property name="logFiles" value="C:\\Users\\Owner\\Documents\\kerjaan\\KatalonProject\\qa_katalon_pwm\\qa_katalon_pwm\\Reports\\20211210_084715\\news\\20211210_084715\\appium.log, C:\\Users\\Owner\\Documents\\kerjaan\\KatalonProject\\qa_katalon_pwm\\qa_katalon_pwm\\Reports\\20211210_084715\\news\\20211210_084715\\execution0.log"/>
         <property name="attachments" value=""/>
         <property name="hostName" value="Owner - aldy-tft"/>
         <property name="os" value="Windows 10 64bit"/>
         <property name="appiumServerStatus" value="{&quot;value&quot;:{&quot;build&quot;:{&quot;version&quot;:&quot;1.22.0&quot;}},&quot;sessionId&quot;:null,&quot;status&quot;:0}"/>
         <property name="katalonVersion" value="7.9.1.208"/>
         <property name="deviceOS" value="Android"/>
         <property name="appiumVersion" value="1.22.0"/>
         <property name="deviceModel" value="SM-A205F"/>
         <property name="hostAddress" value="10.0.30.67"/>
         <property name="deviceManufacturer" value="samsung"/>
         <property name="deviceId" value="RR8M40C9AXE"/>
         <property name="deviceName" value="samsung SM-A205F (Android 11)"/>
         <property name="deviceOSVersion" value="11"/>
      </properties>
      <testcase name="Test Cases/Mobile/Scenario/News/001 - News World Indices" time="81.82" classname="Test Cases/Mobile/Scenario/News/001 - News World Indices" status="PASSED">
         <system-out><![CDATA[2021-12-10 08:47:23 - [TEST_CASE][PASSED] - Test Cases/Mobile/Scenario/News/001 - News World Indices: Test Cases/Mobile/Scenario/News/001 - News World Indices

2021-12-10 08:47:23 - [TEST_STEP][PASSED] - callTestCase(findTestCase("Mobile/Page/Run App/Run App byID"), [:], STOP_ON_FAILURE): Call Test Case 'Test Cases/Mobile/Page/Run App/Run App byID' successfully

2021-12-10 08:47:24 - [TEST_CASE][PASSED] - Test Cases/Mobile/Page/Run App/Run App byID: Test Cases/Mobile/Page/Run App/Run App byID

2021-12-10 08:47:24 - [TEST_STEP][PASSED] - startApp.OpenApp.startApplication("id.co.miraeasset.sageclub"): startApp.OpenApp.startApplication is PASSED

2021-12-10 08:47:25 - [MESSAGE][INFO] - Appium server started on port 55,304

2021-12-10 08:47:41 - [MESSAGE][PASSED] - Starting app with application ID: 'id.co.miraeasset.sageclub'

2021-12-10 08:47:41 - [MESSAGE][PASSED] - startApp.OpenApp.startApplication is PASSED

2021-12-10 08:47:41 - [MESSAGE][PASSED] - Call Test Case 'Test Cases/Mobile/Page/Run App/Run App byID' successfully

2021-12-10 08:47:41 - [TEST_STEP][PASSED] - callTestCase(findTestCase("Mobile/Page/News/News"), ["tab":"worldindices"], CONTINUE_ON_FAILURE): Call Test Case 'Test Cases/Mobile/Page/News/News' successfully

2021-12-10 08:47:41 - [TEST_CASE][PASSED] - Test Cases/Mobile/Page/News/News: Test Cases/Mobile/Page/News/News

2021-12-10 08:47:42 - [TEST_STEP][PASSED] - callTestCase(findTestCase("Mobile/Page/CheckLogin"), [:], CONTINUE_ON_FAILURE): Call Test Case 'Test Cases/Mobile/Page/CheckLogin' successfully

2021-12-10 08:47:42 - [TEST_CASE][PASSED] - Test Cases/Mobile/Page/CheckLogin: Test Cases/Mobile/Page/CheckLogin

2021-12-10 08:47:42 - [TEST_STEP][PASSED] - loginCheck = verifyElementExist(findTestObject("Mobile/Page/Login/Button - Login"), 2, CONTINUE_ON_FAILURE): Element 'Object Repository/Mobile/Page/Login/Button - Login' is exist

2021-12-10 08:47:44 - [MESSAGE][PASSED] - Element 'Object Repository/Mobile/Page/Login/Button - Login' is exist

2021-12-10 08:47:44 - [TEST_STEP][PASSED] - if (loginCheck): Call Test Case 'Test Cases/Mobile/Page/Login/Login' successfully

2021-12-10 08:47:44 - [TEST_STEP][PASSED] - callTestCase(findTestCase("Mobile/Page/Login/Login"), [:], CONTINUE_ON_FAILURE): Call Test Case 'Test Cases/Mobile/Page/Login/Login' successfully

2021-12-10 08:47:44 - [TEST_CASE][PASSED] - Test Cases/Mobile/Page/Login/Login: Test Cases/Mobile/Page/Login/Login

2021-12-10 08:47:44 - [TEST_STEP][PASSED] - delay(2): Delayed 2 second(s)

2021-12-10 08:47:46 - [MESSAGE][PASSED] - Delayed 2 second(s)

2021-12-10 08:47:46 - [TEST_STEP][PASSED] - tap(findTestObject("Mobile/Page/Login/Input - UserID"), 0): Tapped on element 'Object Repository/Mobile/Page/Login/Input - UserID'

2021-12-10 08:47:46 - [MESSAGE][WARNING] - Timeout '0' is invalid. Using default page load timeout: '60'

2021-12-10 08:47:46 - [MESSAGE][PASSED] - Tapped on element 'Object Repository/Mobile/Page/Login/Input - UserID'

2021-12-10 08:47:46 - [TEST_STEP][PASSED] - delay(1): Delayed 1 second(s)

2021-12-10 08:47:47 - [MESSAGE][PASSED] - Delayed 1 second(s)

2021-12-10 08:47:47 - [TEST_STEP][PASSED] - setText(findTestObject("Mobile/Page/Login/Input Rdy - UserID"), "anggaaditya", 0): Text 'anggaaditya' has been set to element 'Object Repository/Mobile/Page/Login/Input Rdy - UserID'

2021-12-10 08:47:48 - [MESSAGE][WARNING] - Timeout '0' is invalid. Using default page load timeout: '60'

2021-12-10 08:47:49 - [MESSAGE][PASSED] - Text 'anggaaditya' has been set to element 'Object Repository/Mobile/Page/Login/Input Rdy - UserID'

2021-12-10 08:47:49 - [TEST_STEP][PASSED] - delay(1): Delayed 1 second(s)

2021-12-10 08:47:50 - [MESSAGE][PASSED] - Delayed 1 second(s)

2021-12-10 08:47:50 - [TEST_STEP][PASSED] - hideKeyboard(): Keyboard is hidden

2021-12-10 08:47:55 - [MESSAGE][PASSED] - Keyboard is hidden

2021-12-10 08:47:55 - [TEST_STEP][PASSED] - tap(findTestObject("Mobile/Page/Login/Input - Password"), 0): Tapped on element 'Object Repository/Mobile/Page/Login/Input - Password'

2021-12-10 08:47:55 - [MESSAGE][WARNING] - Timeout '0' is invalid. Using default page load timeout: '60'

2021-12-10 08:47:56 - [MESSAGE][PASSED] - Tapped on element 'Object Repository/Mobile/Page/Login/Input - Password'

2021-12-10 08:47:56 - [TEST_STEP][PASSED] - delay(1): Delayed 1 second(s)

2021-12-10 08:47:57 - [MESSAGE][PASSED] - Delayed 1 second(s)

2021-12-10 08:47:57 - [TEST_STEP][PASSED] - setText(findTestObject("Mobile/Page/Login/Input Rdy - Password"), "Shalawa18", 0): Text 'Shalawa18' has been set to element 'Object Repository/Mobile/Page/Login/Input Rdy - Password'

2021-12-10 08:47:57 - [MESSAGE][WARNING] - Timeout '0' is invalid. Using default page load timeout: '60'

2021-12-10 08:47:58 - [MESSAGE][PASSED] - Text 'Shalawa18' has been set to element 'Object Repository/Mobile/Page/Login/Input Rdy - Password'

2021-12-10 08:47:58 - [TEST_STEP][PASSED] - delay(1): Delayed 1 second(s)

2021-12-10 08:47:59 - [MESSAGE][PASSED] - Delayed 1 second(s)

2021-12-10 08:47:59 - [TEST_STEP][PASSED] - hideKeyboard(): Keyboard is hidden

2021-12-10 08:48:09 - [MESSAGE][PASSED] - Keyboard is hidden

2021-12-10 08:48:09 - [TEST_STEP][PASSED] - tap(findTestObject("Mobile/Page/Login/Button - Login"), 0): Tapped on element 'Object Repository/Mobile/Page/Login/Button - Login'

2021-12-10 08:48:09 - [MESSAGE][WARNING] - Timeout '0' is invalid. Using default page load timeout: '60'

2021-12-10 08:48:10 - [MESSAGE][PASSED] - Tapped on element 'Object Repository/Mobile/Page/Login/Button - Login'

2021-12-10 08:48:10 - [TEST_STEP][PASSED] - delay(2): Delayed 2 second(s)

2021-12-10 08:48:12 - [MESSAGE][PASSED] - Delayed 2 second(s)

2021-12-10 08:48:12 - [MESSAGE][PASSED] - Call Test Case 'Test Cases/Mobile/Page/Login/Login' successfully

2021-12-10 08:48:12 - [MESSAGE][PASSED] - Call Test Case 'Test Cases/Mobile/Page/CheckLogin' successfully

2021-12-10 08:48:12 - [TEST_STEP][PASSED] - tap(findTestObject("Object Repository/Mobile/Page/Home/Menubar - News"), 0): Tapped on element 'Object Repository/Mobile/Page/Home/Menubar - News'

2021-12-10 08:48:12 - [MESSAGE][WARNING] - Timeout '0' is invalid. Using default page load timeout: '60'

2021-12-10 08:48:15 - [MESSAGE][PASSED] - Tapped on element 'Object Repository/Mobile/Page/Home/Menubar - News'

2021-12-10 08:48:15 - [TEST_STEP][PASSED] - delay(1): Delayed 1 second(s)

2021-12-10 08:48:16 - [MESSAGE][PASSED] - Delayed 1 second(s)

2021-12-10 08:48:16 - [TEST_STEP][PASSED] - for ([i = 0, i < 1, (i++)]): null

2021-12-10 08:48:16 - [TEST_STEP][PASSED] - if (tab == "macronews"): null

2021-12-10 08:48:16 - [TEST_STEP][PASSED] - else if (tab == "stocknews"): null

2021-12-10 08:48:16 - [TEST_STEP][PASSED] - else if (tab == "fundnews"): null

2021-12-10 08:48:16 - [TEST_STEP][PASSED] - else if (tab == "bondnews"): null

2021-12-10 08:48:16 - [TEST_STEP][PASSED] - else if (tab == "worldindices"): Delayed 3 second(s)

2021-12-10 08:48:16 - [TEST_STEP][PASSED] - scroll.scroll.scrollScreenRightToLeft(findTestObject("Object Repository/Mobile/Page/News/Tab - Macro News")): scroll.scroll.scrollScreenRightToLeft is PASSED

2021-12-10 08:48:16 - [MESSAGE][WARNING] - Timeout '0' is invalid. Using default page load timeout: '60'

2021-12-10 08:48:16 - [MESSAGE][PASSED] - Object 'Object Repository/Mobile/Page/News/Tab - Macro News' has left position '14'

2021-12-10 08:48:16 - [MESSAGE][WARNING] - Timeout '0' is invalid. Using default page load timeout: '60'

2021-12-10 08:48:16 - [MESSAGE][PASSED] - Object 'Object Repository/Mobile/Page/News/Tab - Macro News' has top position '262'

2021-12-10 08:48:16 - [MESSAGE][WARNING] - Timeout '0' is invalid. Using default page load timeout: '60'

2021-12-10 08:48:16 - [MESSAGE][PASSED] - Object 'Object Repository/Mobile/Page/News/Tab - Macro News' has width: '215'

2021-12-10 08:48:16 - [MESSAGE][WARNING] - Timeout '0' is invalid. Using default page load timeout: '60'

2021-12-10 08:48:16 - [MESSAGE][PASSED] - Object 'Object Repository/Mobile/Page/News/Tab - Macro News' has height: '84'

2021-12-10 08:48:17 - [MESSAGE][PASSED] - Current device physical width is 720

2021-12-10 08:48:18 - [MESSAGE][PASSED] - Swiped from 620,304 to 100,304

2021-12-10 08:48:18 - [MESSAGE][PASSED] - scroll.scroll.scrollScreenRightToLeft is PASSED

2021-12-10 08:48:18 - [TEST_STEP][PASSED] - delay(1): Delayed 1 second(s)

2021-12-10 08:48:19 - [MESSAGE][PASSED] - Delayed 1 second(s)

2021-12-10 08:48:19 - [TEST_STEP][PASSED] - tap(findTestObject("Object Repository/Mobile/Page/News/Tab - World Indices"), 0): Tapped on element 'Object Repository/Mobile/Page/News/Tab - World Indices'

2021-12-10 08:48:19 - [MESSAGE][WARNING] - Timeout '0' is invalid. Using default page load timeout: '60'

2021-12-10 08:48:20 - [MESSAGE][PASSED] - Tapped on element 'Object Repository/Mobile/Page/News/Tab - World Indices'

2021-12-10 08:48:20 - [TEST_STEP][PASSED] - delay(1): Delayed 1 second(s)

2021-12-10 08:48:21 - [MESSAGE][PASSED] - Delayed 1 second(s)

2021-12-10 08:48:21 - [TEST_STEP][PASSED] - tap(findTestObject("Object Repository/Mobile/Page/News/Button - Indices"), 0): Tapped on element 'Object Repository/Mobile/Page/News/Button - Indices'

2021-12-10 08:48:21 - [MESSAGE][WARNING] - Timeout '0' is invalid. Using default page load timeout: '60'

2021-12-10 08:48:22 - [MESSAGE][PASSED] - Tapped on element 'Object Repository/Mobile/Page/News/Button - Indices'

2021-12-10 08:48:22 - [TEST_STEP][PASSED] - delay(3): Delayed 3 second(s)

2021-12-10 08:48:25 - [MESSAGE][PASSED] - Delayed 3 second(s)

2021-12-10 08:48:25 - [TEST_STEP][PASSED] - tap(findTestObject("Object Repository/Mobile/Page/News/Button - Currencies"), 0): Tapped on element 'Object Repository/Mobile/Page/News/Button - Currencies'

2021-12-10 08:48:25 - [MESSAGE][WARNING] - Timeout '0' is invalid. Using default page load timeout: '60'

2021-12-10 08:48:26 - [MESSAGE][PASSED] - Tapped on element 'Object Repository/Mobile/Page/News/Button - Currencies'

2021-12-10 08:48:26 - [TEST_STEP][PASSED] - delay(3): Delayed 3 second(s)

2021-12-10 08:48:29 - [MESSAGE][PASSED] - Delayed 3 second(s)

2021-12-10 08:48:29 - [TEST_STEP][PASSED] - tap(findTestObject("Object Repository/Mobile/Page/News/Button - Commodites"), 0): Tapped on element 'Object Repository/Mobile/Page/News/Button - Commodites'

2021-12-10 08:48:29 - [MESSAGE][WARNING] - Timeout '0' is invalid. Using default page load timeout: '60'

2021-12-10 08:48:30 - [MESSAGE][PASSED] - Tapped on element 'Object Repository/Mobile/Page/News/Button - Commodites'

2021-12-10 08:48:30 - [TEST_STEP][PASSED] - delay(3): Delayed 3 second(s)

2021-12-10 08:48:33 - [MESSAGE][PASSED] - Delayed 3 second(s)

2021-12-10 08:48:33 - [TEST_STEP][PASSED] - delay(1): Delayed 1 second(s)

2021-12-10 08:48:34 - [MESSAGE][PASSED] - Delayed 1 second(s)

2021-12-10 08:48:34 - [TEST_STEP][PASSED] - if (tab != "worldindices"): null

2021-12-10 08:48:34 - [MESSAGE][PASSED] - Call Test Case 'Test Cases/Mobile/Page/News/News' successfully

2021-12-10 08:48:34 - [TEST_STEP][PASSED] - callTestCase(findTestCase("Mobile/Page/Run App/Terminate App"), [:], STOP_ON_FAILURE): Call Test Case 'Test Cases/Mobile/Page/Run App/Terminate App' successfully

2021-12-10 08:48:34 - [TEST_CASE][PASSED] - Test Cases/Mobile/Page/Run App/Terminate App: Test Cases/Mobile/Page/Run App/Terminate App

2021-12-10 08:48:35 - [TEST_STEP][PASSED] - startApp.OpenApp.terminateApplication(): startApp.OpenApp.terminateApplication is PASSED

2021-12-10 08:48:38 - [MESSAGE][PASSED] - Delayed 3 second(s)

2021-12-10 08:48:38 - [MESSAGE][PASSED] - Current device physical width is 720

2021-12-10 08:48:38 - [MESSAGE][PASSED] - Current device physical height is 1423

2021-12-10 08:48:40 - [MESSAGE][PASSED] - Swiped from 360,853 to 360,142

2021-12-10 08:48:41 - [MESSAGE][PASSED] - Delayed 1 second(s)

2021-12-10 08:48:42 - [MESSAGE][PASSED] - Swiped from 360,853 to 360,142

2021-12-10 08:48:45 - [MESSAGE][PASSED] - Delayed 3 second(s)

2021-12-10 08:48:45 - [MESSAGE][PASSED] - startApp.OpenApp.terminateApplication is PASSED

2021-12-10 08:48:45 - [MESSAGE][PASSED] - Call Test Case 'Test Cases/Mobile/Page/Run App/Terminate App' successfully]]></system-out>
         <system-err><![CDATA[]]></system-err>
      </testcase>
      <testcase name="Test Cases/Mobile/Scenario/News/002 - News Stock" time="62.357" classname="Test Cases/Mobile/Scenario/News/002 - News Stock" status="PASSED">
         <system-out><![CDATA[2021-12-10 08:48:45 - [TEST_CASE][PASSED] - Test Cases/Mobile/Scenario/News/002 - News Stock: Test Cases/Mobile/Scenario/News/002 - News Stock

2021-12-10 08:48:45 - [TEST_STEP][PASSED] - callTestCase(findTestCase("Mobile/Page/Run App/Run App byID"), [:], STOP_ON_FAILURE): Call Test Case 'Test Cases/Mobile/Page/Run App/Run App byID' successfully

2021-12-10 08:48:45 - [TEST_CASE][PASSED] - Test Cases/Mobile/Page/Run App/Run App byID: Test Cases/Mobile/Page/Run App/Run App byID

2021-12-10 08:48:45 - [TEST_STEP][PASSED] - startApp.OpenApp.startApplication("id.co.miraeasset.sageclub"): startApp.OpenApp.startApplication is PASSED

2021-12-10 08:48:58 - [MESSAGE][PASSED] - Starting app with application ID: 'id.co.miraeasset.sageclub'

2021-12-10 08:48:58 - [MESSAGE][PASSED] - startApp.OpenApp.startApplication is PASSED

2021-12-10 08:48:58 - [MESSAGE][PASSED] - Call Test Case 'Test Cases/Mobile/Page/Run App/Run App byID' successfully

2021-12-10 08:48:58 - [TEST_STEP][PASSED] - callTestCase(findTestCase("Mobile/Page/News/News"), ["tab":"stocknews"], CONTINUE_ON_FAILURE): Call Test Case 'Test Cases/Mobile/Page/News/News' successfully

2021-12-10 08:48:58 - [TEST_CASE][PASSED] - Test Cases/Mobile/Page/News/News: Test Cases/Mobile/Page/News/News

2021-12-10 08:48:58 - [TEST_STEP][PASSED] - callTestCase(findTestCase("Mobile/Page/CheckLogin"), [:], CONTINUE_ON_FAILURE): Call Test Case 'Test Cases/Mobile/Page/CheckLogin' successfully

2021-12-10 08:48:58 - [TEST_CASE][PASSED] - Test Cases/Mobile/Page/CheckLogin: Test Cases/Mobile/Page/CheckLogin

2021-12-10 08:48:58 - [TEST_STEP][PASSED] - loginCheck = verifyElementExist(findTestObject("Mobile/Page/Login/Button - Login"), 2, CONTINUE_ON_FAILURE): Element 'Object Repository/Mobile/Page/Login/Button - Login' is exist

2021-12-10 08:49:00 - [MESSAGE][PASSED] - Element 'Object Repository/Mobile/Page/Login/Button - Login' is exist

2021-12-10 08:49:00 - [TEST_STEP][PASSED] - if (loginCheck): Call Test Case 'Test Cases/Mobile/Page/Login/Login' successfully

2021-12-10 08:49:00 - [TEST_STEP][PASSED] - callTestCase(findTestCase("Mobile/Page/Login/Login"), [:], CONTINUE_ON_FAILURE): Call Test Case 'Test Cases/Mobile/Page/Login/Login' successfully

2021-12-10 08:49:00 - [TEST_CASE][PASSED] - Test Cases/Mobile/Page/Login/Login: Test Cases/Mobile/Page/Login/Login

2021-12-10 08:49:00 - [TEST_STEP][PASSED] - delay(2): Delayed 2 second(s)

2021-12-10 08:49:02 - [MESSAGE][PASSED] - Delayed 2 second(s)

2021-12-10 08:49:02 - [TEST_STEP][PASSED] - tap(findTestObject("Mobile/Page/Login/Input - UserID"), 0): Tapped on element 'Object Repository/Mobile/Page/Login/Input - UserID'

2021-12-10 08:49:02 - [MESSAGE][WARNING] - Timeout '0' is invalid. Using default page load timeout: '60'

2021-12-10 08:49:03 - [MESSAGE][PASSED] - Tapped on element 'Object Repository/Mobile/Page/Login/Input - UserID'

2021-12-10 08:49:03 - [TEST_STEP][PASSED] - delay(1): Delayed 1 second(s)

2021-12-10 08:49:04 - [MESSAGE][PASSED] - Delayed 1 second(s)

2021-12-10 08:49:04 - [TEST_STEP][PASSED] - setText(findTestObject("Mobile/Page/Login/Input Rdy - UserID"), "anggaaditya", 0): Text 'anggaaditya' has been set to element 'Object Repository/Mobile/Page/Login/Input Rdy - UserID'

2021-12-10 08:49:04 - [MESSAGE][WARNING] - Timeout '0' is invalid. Using default page load timeout: '60'

2021-12-10 08:49:05 - [MESSAGE][PASSED] - Text 'anggaaditya' has been set to element 'Object Repository/Mobile/Page/Login/Input Rdy - UserID'

2021-12-10 08:49:05 - [TEST_STEP][PASSED] - delay(1): Delayed 1 second(s)

2021-12-10 08:49:06 - [MESSAGE][PASSED] - Delayed 1 second(s)

2021-12-10 08:49:06 - [TEST_STEP][PASSED] - hideKeyboard(): Keyboard is hidden

2021-12-10 08:49:11 - [MESSAGE][PASSED] - Keyboard is hidden

2021-12-10 08:49:11 - [TEST_STEP][PASSED] - tap(findTestObject("Mobile/Page/Login/Input - Password"), 0): Tapped on element 'Object Repository/Mobile/Page/Login/Input - Password'

2021-12-10 08:49:11 - [MESSAGE][WARNING] - Timeout '0' is invalid. Using default page load timeout: '60'

2021-12-10 08:49:12 - [MESSAGE][PASSED] - Tapped on element 'Object Repository/Mobile/Page/Login/Input - Password'

2021-12-10 08:49:12 - [TEST_STEP][PASSED] - delay(1): Delayed 1 second(s)

2021-12-10 08:49:13 - [MESSAGE][PASSED] - Delayed 1 second(s)

2021-12-10 08:49:13 - [TEST_STEP][PASSED] - setText(findTestObject("Mobile/Page/Login/Input Rdy - Password"), "Shalawa18", 0): Text 'Shalawa18' has been set to element 'Object Repository/Mobile/Page/Login/Input Rdy - Password'

2021-12-10 08:49:13 - [MESSAGE][WARNING] - Timeout '0' is invalid. Using default page load timeout: '60'

2021-12-10 08:49:13 - [MESSAGE][PASSED] - Text 'Shalawa18' has been set to element 'Object Repository/Mobile/Page/Login/Input Rdy - Password'

2021-12-10 08:49:13 - [TEST_STEP][PASSED] - delay(1): Delayed 1 second(s)

2021-12-10 08:49:15 - [MESSAGE][PASSED] - Delayed 1 second(s)

2021-12-10 08:49:15 - [TEST_STEP][PASSED] - hideKeyboard(): Keyboard is hidden

2021-12-10 08:49:20 - [MESSAGE][PASSED] - Keyboard is hidden

2021-12-10 08:49:20 - [TEST_STEP][PASSED] - tap(findTestObject("Mobile/Page/Login/Button - Login"), 0): Tapped on element 'Object Repository/Mobile/Page/Login/Button - Login'

2021-12-10 08:49:20 - [MESSAGE][WARNING] - Timeout '0' is invalid. Using default page load timeout: '60'

2021-12-10 08:49:21 - [MESSAGE][PASSED] - Tapped on element 'Object Repository/Mobile/Page/Login/Button - Login'

2021-12-10 08:49:21 - [TEST_STEP][PASSED] - delay(2): Delayed 2 second(s)

2021-12-10 08:49:23 - [MESSAGE][PASSED] - Delayed 2 second(s)

2021-12-10 08:49:23 - [MESSAGE][PASSED] - Call Test Case 'Test Cases/Mobile/Page/Login/Login' successfully

2021-12-10 08:49:23 - [MESSAGE][PASSED] - Call Test Case 'Test Cases/Mobile/Page/CheckLogin' successfully

2021-12-10 08:49:23 - [TEST_STEP][PASSED] - tap(findTestObject("Object Repository/Mobile/Page/Home/Menubar - News"), 0): Tapped on element 'Object Repository/Mobile/Page/Home/Menubar - News'

2021-12-10 08:49:23 - [MESSAGE][WARNING] - Timeout '0' is invalid. Using default page load timeout: '60'

2021-12-10 08:49:24 - [MESSAGE][PASSED] - Tapped on element 'Object Repository/Mobile/Page/Home/Menubar - News'

2021-12-10 08:49:24 - [TEST_STEP][PASSED] - delay(1): Delayed 1 second(s)

2021-12-10 08:49:25 - [MESSAGE][PASSED] - Delayed 1 second(s)

2021-12-10 08:49:25 - [TEST_STEP][PASSED] - for ([i = 0, i < 1, (i++)]): Delayed 3 second(s)

2021-12-10 08:49:25 - [TEST_STEP][PASSED] - if (tab == "macronews"): null

2021-12-10 08:49:25 - [TEST_STEP][PASSED] - else if (tab == "stocknews"): Tapped on element 'Object Repository/Mobile/Page/News/Tab - Stock News'

2021-12-10 08:49:25 - [TEST_STEP][PASSED] - tap(findTestObject("Object Repository/Mobile/Page/News/Tab - Stock News"), 0): Tapped on element 'Object Repository/Mobile/Page/News/Tab - Stock News'

2021-12-10 08:49:25 - [MESSAGE][WARNING] - Timeout '0' is invalid. Using default page load timeout: '60'

2021-12-10 08:49:27 - [MESSAGE][PASSED] - Tapped on element 'Object Repository/Mobile/Page/News/Tab - Stock News'

2021-12-10 08:49:27 - [TEST_STEP][PASSED] - delay(1): Delayed 1 second(s)

2021-12-10 08:49:28 - [MESSAGE][PASSED] - Delayed 1 second(s)

2021-12-10 08:49:28 - [TEST_STEP][PASSED] - if (tab != "worldindices"): Delayed 3 second(s)

2021-12-10 08:49:28 - [TEST_STEP][PASSED] - try: Delayed 3 second(s)

2021-12-10 08:49:28 - [TEST_STEP][PASSED] - topnews = verifyElementExist(findTestObject("Object Repository/Mobile/Page/News/Item - Top News"), 0): Element 'Object Repository/Mobile/Page/News/Item - Top News' is exist

2021-12-10 08:49:28 - [MESSAGE][WARNING] - Timeout '0' is invalid. Using default page load timeout: '60'

2021-12-10 08:49:28 - [MESSAGE][PASSED] - Element 'Object Repository/Mobile/Page/News/Item - Top News' is exist

2021-12-10 08:49:28 - [TEST_STEP][PASSED] - if (topnews): Delayed 3 second(s)

2021-12-10 08:49:28 - [TEST_STEP][PASSED] - tapAndHold(findTestObject("Object Repository/Mobile/Page/News/Item - Top News"), 1, 0): Tapped and held on element 'Object Repository/Mobile/Page/News/Item - Top News' with duration 1

2021-12-10 08:49:29 - [MESSAGE][WARNING] - Timeout '0' is invalid. Using default page load timeout: '60'

2021-12-10 08:49:31 - [MESSAGE][PASSED] - Tapped and held on element 'Object Repository/Mobile/Page/News/Item - Top News' with duration 1

2021-12-10 08:49:31 - [TEST_STEP][PASSED] - delay(1): Delayed 1 second(s)

2021-12-10 08:49:32 - [MESSAGE][PASSED] - Delayed 1 second(s)

2021-12-10 08:49:32 - [TEST_STEP][PASSED] - scroll.scroll.scrollScreenBottomToTop(): scroll.scroll.scrollScreenBottomToTop is PASSED

2021-12-10 08:49:33 - [MESSAGE][PASSED] - Current device physical height is 1423

2021-12-10 08:49:33 - [MESSAGE][PASSED] - Current device physical width is 720

2021-12-10 08:49:34 - [MESSAGE][PASSED] - Swiped from 360,1,138 to 360,284

2021-12-10 08:49:34 - [MESSAGE][PASSED] - scroll.scroll.scrollScreenBottomToTop is PASSED

2021-12-10 08:49:34 - [TEST_STEP][PASSED] - delay(3): Delayed 3 second(s)

2021-12-10 08:49:37 - [MESSAGE][PASSED] - Delayed 3 second(s)

2021-12-10 08:49:37 - [MESSAGE][PASSED] - Call Test Case 'Test Cases/Mobile/Page/News/News' successfully

2021-12-10 08:49:37 - [TEST_STEP][PASSED] - callTestCase(findTestCase("Mobile/Page/Run App/Terminate App"), [:], STOP_ON_FAILURE): Call Test Case 'Test Cases/Mobile/Page/Run App/Terminate App' successfully

2021-12-10 08:49:37 - [TEST_CASE][PASSED] - Test Cases/Mobile/Page/Run App/Terminate App: Test Cases/Mobile/Page/Run App/Terminate App

2021-12-10 08:49:37 - [TEST_STEP][PASSED] - startApp.OpenApp.terminateApplication(): startApp.OpenApp.terminateApplication is PASSED

2021-12-10 08:49:40 - [MESSAGE][PASSED] - Delayed 3 second(s)

2021-12-10 08:49:40 - [MESSAGE][PASSED] - Current device physical width is 720

2021-12-10 08:49:41 - [MESSAGE][PASSED] - Current device physical height is 1423

2021-12-10 08:49:42 - [MESSAGE][PASSED] - Swiped from 360,853 to 360,142

2021-12-10 08:49:43 - [MESSAGE][PASSED] - Delayed 1 second(s)

2021-12-10 08:49:44 - [MESSAGE][PASSED] - Swiped from 360,853 to 360,142

2021-12-10 08:49:47 - [MESSAGE][PASSED] - Delayed 3 second(s)

2021-12-10 08:49:47 - [MESSAGE][PASSED] - startApp.OpenApp.terminateApplication is PASSED

2021-12-10 08:49:47 - [MESSAGE][PASSED] - Call Test Case 'Test Cases/Mobile/Page/Run App/Terminate App' successfully]]></system-out>
         <system-err><![CDATA[]]></system-err>
      </testcase>
      <testcase name="Test Cases/Mobile/Scenario/News/003 - News Fund" time="59.325" classname="Test Cases/Mobile/Scenario/News/003 - News Fund" status="PASSED">
         <system-out><![CDATA[2021-12-10 08:49:47 - [TEST_CASE][PASSED] - Test Cases/Mobile/Scenario/News/003 - News Fund: Test Cases/Mobile/Scenario/News/003 - News Fund

2021-12-10 08:49:48 - [TEST_STEP][PASSED] - callTestCase(findTestCase("Mobile/Page/Run App/Run App byID"), [:], STOP_ON_FAILURE): Call Test Case 'Test Cases/Mobile/Page/Run App/Run App byID' successfully

2021-12-10 08:49:48 - [TEST_CASE][PASSED] - Test Cases/Mobile/Page/Run App/Run App byID: Test Cases/Mobile/Page/Run App/Run App byID

2021-12-10 08:49:48 - [TEST_STEP][PASSED] - startApp.OpenApp.startApplication("id.co.miraeasset.sageclub"): startApp.OpenApp.startApplication is PASSED

2021-12-10 08:49:59 - [MESSAGE][PASSED] - Starting app with application ID: 'id.co.miraeasset.sageclub'

2021-12-10 08:49:59 - [MESSAGE][PASSED] - startApp.OpenApp.startApplication is PASSED

2021-12-10 08:49:59 - [MESSAGE][PASSED] - Call Test Case 'Test Cases/Mobile/Page/Run App/Run App byID' successfully

2021-12-10 08:49:59 - [TEST_STEP][PASSED] - callTestCase(findTestCase("Mobile/Page/News/News"), ["tab":"fundnews"], CONTINUE_ON_FAILURE): Call Test Case 'Test Cases/Mobile/Page/News/News' successfully

2021-12-10 08:49:59 - [TEST_CASE][PASSED] - Test Cases/Mobile/Page/News/News: Test Cases/Mobile/Page/News/News

2021-12-10 08:49:59 - [TEST_STEP][PASSED] - callTestCase(findTestCase("Mobile/Page/CheckLogin"), [:], CONTINUE_ON_FAILURE): Call Test Case 'Test Cases/Mobile/Page/CheckLogin' successfully

2021-12-10 08:49:59 - [TEST_CASE][PASSED] - Test Cases/Mobile/Page/CheckLogin: Test Cases/Mobile/Page/CheckLogin

2021-12-10 08:49:59 - [TEST_STEP][PASSED] - loginCheck = verifyElementExist(findTestObject("Mobile/Page/Login/Button - Login"), 2, CONTINUE_ON_FAILURE): Element 'Object Repository/Mobile/Page/Login/Button - Login' is exist

2021-12-10 08:50:01 - [MESSAGE][PASSED] - Element 'Object Repository/Mobile/Page/Login/Button - Login' is exist

2021-12-10 08:50:01 - [TEST_STEP][PASSED] - if (loginCheck): Call Test Case 'Test Cases/Mobile/Page/Login/Login' successfully

2021-12-10 08:50:01 - [TEST_STEP][PASSED] - callTestCase(findTestCase("Mobile/Page/Login/Login"), [:], CONTINUE_ON_FAILURE): Call Test Case 'Test Cases/Mobile/Page/Login/Login' successfully

2021-12-10 08:50:01 - [TEST_CASE][PASSED] - Test Cases/Mobile/Page/Login/Login: Test Cases/Mobile/Page/Login/Login

2021-12-10 08:50:01 - [TEST_STEP][PASSED] - delay(2): Delayed 2 second(s)

2021-12-10 08:50:03 - [MESSAGE][PASSED] - Delayed 2 second(s)

2021-12-10 08:50:03 - [TEST_STEP][PASSED] - tap(findTestObject("Mobile/Page/Login/Input - UserID"), 0): Tapped on element 'Object Repository/Mobile/Page/Login/Input - UserID'

2021-12-10 08:50:03 - [MESSAGE][WARNING] - Timeout '0' is invalid. Using default page load timeout: '60'

2021-12-10 08:50:04 - [MESSAGE][PASSED] - Tapped on element 'Object Repository/Mobile/Page/Login/Input - UserID'

2021-12-10 08:50:04 - [TEST_STEP][PASSED] - delay(1): Delayed 1 second(s)

2021-12-10 08:50:05 - [MESSAGE][PASSED] - Delayed 1 second(s)

2021-12-10 08:50:05 - [TEST_STEP][PASSED] - setText(findTestObject("Mobile/Page/Login/Input Rdy - UserID"), "anggaaditya", 0): Text 'anggaaditya' has been set to element 'Object Repository/Mobile/Page/Login/Input Rdy - UserID'

2021-12-10 08:50:05 - [MESSAGE][WARNING] - Timeout '0' is invalid. Using default page load timeout: '60'

2021-12-10 08:50:06 - [MESSAGE][PASSED] - Text 'anggaaditya' has been set to element 'Object Repository/Mobile/Page/Login/Input Rdy - UserID'

2021-12-10 08:50:06 - [TEST_STEP][PASSED] - delay(1): Delayed 1 second(s)

2021-12-10 08:50:07 - [MESSAGE][PASSED] - Delayed 1 second(s)

2021-12-10 08:50:07 - [TEST_STEP][PASSED] - hideKeyboard(): Keyboard is hidden

2021-12-10 08:50:11 - [MESSAGE][PASSED] - Keyboard is hidden

2021-12-10 08:50:11 - [TEST_STEP][PASSED] - tap(findTestObject("Mobile/Page/Login/Input - Password"), 0): Tapped on element 'Object Repository/Mobile/Page/Login/Input - Password'

2021-12-10 08:50:11 - [MESSAGE][WARNING] - Timeout '0' is invalid. Using default page load timeout: '60'

2021-12-10 08:50:12 - [MESSAGE][PASSED] - Tapped on element 'Object Repository/Mobile/Page/Login/Input - Password'

2021-12-10 08:50:12 - [TEST_STEP][PASSED] - delay(1): Delayed 1 second(s)

2021-12-10 08:50:13 - [MESSAGE][PASSED] - Delayed 1 second(s)

2021-12-10 08:50:13 - [TEST_STEP][PASSED] - setText(findTestObject("Mobile/Page/Login/Input Rdy - Password"), "Shalawa18", 0): Text 'Shalawa18' has been set to element 'Object Repository/Mobile/Page/Login/Input Rdy - Password'

2021-12-10 08:50:13 - [MESSAGE][WARNING] - Timeout '0' is invalid. Using default page load timeout: '60'

2021-12-10 08:50:13 - [MESSAGE][PASSED] - Text 'Shalawa18' has been set to element 'Object Repository/Mobile/Page/Login/Input Rdy - Password'

2021-12-10 08:50:13 - [TEST_STEP][PASSED] - delay(1): Delayed 1 second(s)

2021-12-10 08:50:14 - [MESSAGE][PASSED] - Delayed 1 second(s)

2021-12-10 08:50:14 - [TEST_STEP][PASSED] - hideKeyboard(): Keyboard is hidden

2021-12-10 08:50:21 - [MESSAGE][PASSED] - Keyboard is hidden

2021-12-10 08:50:21 - [TEST_STEP][PASSED] - tap(findTestObject("Mobile/Page/Login/Button - Login"), 0): Tapped on element 'Object Repository/Mobile/Page/Login/Button - Login'

2021-12-10 08:50:21 - [MESSAGE][WARNING] - Timeout '0' is invalid. Using default page load timeout: '60'

2021-12-10 08:50:22 - [MESSAGE][PASSED] - Tapped on element 'Object Repository/Mobile/Page/Login/Button - Login'

2021-12-10 08:50:22 - [TEST_STEP][PASSED] - delay(2): Delayed 2 second(s)

2021-12-10 08:50:24 - [MESSAGE][PASSED] - Delayed 2 second(s)

2021-12-10 08:50:24 - [MESSAGE][PASSED] - Call Test Case 'Test Cases/Mobile/Page/Login/Login' successfully

2021-12-10 08:50:24 - [MESSAGE][PASSED] - Call Test Case 'Test Cases/Mobile/Page/CheckLogin' successfully

2021-12-10 08:50:24 - [TEST_STEP][PASSED] - tap(findTestObject("Object Repository/Mobile/Page/Home/Menubar - News"), 0): Tapped on element 'Object Repository/Mobile/Page/Home/Menubar - News'

2021-12-10 08:50:24 - [MESSAGE][WARNING] - Timeout '0' is invalid. Using default page load timeout: '60'

2021-12-10 08:50:25 - [MESSAGE][PASSED] - Tapped on element 'Object Repository/Mobile/Page/Home/Menubar - News'

2021-12-10 08:50:25 - [TEST_STEP][PASSED] - delay(1): Delayed 1 second(s)

2021-12-10 08:50:26 - [MESSAGE][PASSED] - Delayed 1 second(s)

2021-12-10 08:50:26 - [TEST_STEP][PASSED] - for ([i = 0, i < 1, (i++)]): Delayed 3 second(s)

2021-12-10 08:50:26 - [TEST_STEP][PASSED] - if (tab == "macronews"): null

2021-12-10 08:50:26 - [TEST_STEP][PASSED] - else if (tab == "stocknews"): null

2021-12-10 08:50:26 - [TEST_STEP][PASSED] - else if (tab == "fundnews"): Tapped on element 'Object Repository/Mobile/Page/News/Tab - Fund News'

2021-12-10 08:50:26 - [TEST_STEP][PASSED] - tap(findTestObject("Object Repository/Mobile/Page/News/Tab - Fund News"), 0): Tapped on element 'Object Repository/Mobile/Page/News/Tab - Fund News'

2021-12-10 08:50:26 - [MESSAGE][WARNING] - Timeout '0' is invalid. Using default page load timeout: '60'

2021-12-10 08:50:26 - [MESSAGE][PASSED] - Tapped on element 'Object Repository/Mobile/Page/News/Tab - Fund News'

2021-12-10 08:50:26 - [TEST_STEP][PASSED] - delay(1): Delayed 1 second(s)

2021-12-10 08:50:27 - [MESSAGE][PASSED] - Delayed 1 second(s)

2021-12-10 08:50:27 - [TEST_STEP][PASSED] - if (tab != "worldindices"): Delayed 3 second(s)

2021-12-10 08:50:27 - [TEST_STEP][PASSED] - try: Delayed 3 second(s)

2021-12-10 08:50:27 - [TEST_STEP][PASSED] - topnews = verifyElementExist(findTestObject("Object Repository/Mobile/Page/News/Item - Top News"), 0): Element 'Object Repository/Mobile/Page/News/Item - Top News' is exist

2021-12-10 08:50:27 - [MESSAGE][WARNING] - Timeout '0' is invalid. Using default page load timeout: '60'

2021-12-10 08:50:28 - [MESSAGE][PASSED] - Element 'Object Repository/Mobile/Page/News/Item - Top News' is exist

2021-12-10 08:50:28 - [TEST_STEP][PASSED] - if (topnews): Delayed 3 second(s)

2021-12-10 08:50:28 - [TEST_STEP][PASSED] - tapAndHold(findTestObject("Object Repository/Mobile/Page/News/Item - Top News"), 1, 0): Tapped and held on element 'Object Repository/Mobile/Page/News/Item - Top News' with duration 1

2021-12-10 08:50:28 - [MESSAGE][WARNING] - Timeout '0' is invalid. Using default page load timeout: '60'

2021-12-10 08:50:31 - [MESSAGE][PASSED] - Tapped and held on element 'Object Repository/Mobile/Page/News/Item - Top News' with duration 1

2021-12-10 08:50:31 - [TEST_STEP][PASSED] - delay(1): Delayed 1 second(s)

2021-12-10 08:50:32 - [MESSAGE][PASSED] - Delayed 1 second(s)

2021-12-10 08:50:32 - [TEST_STEP][PASSED] - scroll.scroll.scrollScreenBottomToTop(): scroll.scroll.scrollScreenBottomToTop is PASSED

2021-12-10 08:50:32 - [MESSAGE][PASSED] - Current device physical height is 1423

2021-12-10 08:50:32 - [MESSAGE][PASSED] - Current device physical width is 720

2021-12-10 08:50:33 - [MESSAGE][PASSED] - Swiped from 360,1,138 to 360,284

2021-12-10 08:50:33 - [MESSAGE][PASSED] - scroll.scroll.scrollScreenBottomToTop is PASSED

2021-12-10 08:50:33 - [TEST_STEP][PASSED] - delay(3): Delayed 3 second(s)

2021-12-10 08:50:36 - [MESSAGE][PASSED] - Delayed 3 second(s)

2021-12-10 08:50:36 - [MESSAGE][PASSED] - Call Test Case 'Test Cases/Mobile/Page/News/News' successfully

2021-12-10 08:50:36 - [TEST_STEP][PASSED] - callTestCase(findTestCase("Mobile/Page/Run App/Terminate App"), [:], STOP_ON_FAILURE): Call Test Case 'Test Cases/Mobile/Page/Run App/Terminate App' successfully

2021-12-10 08:50:36 - [TEST_CASE][PASSED] - Test Cases/Mobile/Page/Run App/Terminate App: Test Cases/Mobile/Page/Run App/Terminate App

2021-12-10 08:50:36 - [TEST_STEP][PASSED] - startApp.OpenApp.terminateApplication(): startApp.OpenApp.terminateApplication is PASSED

2021-12-10 08:50:40 - [MESSAGE][PASSED] - Delayed 3 second(s)

2021-12-10 08:50:40 - [MESSAGE][PASSED] - Current device physical width is 720

2021-12-10 08:50:40 - [MESSAGE][PASSED] - Current device physical height is 1423

2021-12-10 08:50:41 - [MESSAGE][PASSED] - Swiped from 360,853 to 360,142

2021-12-10 08:50:42 - [MESSAGE][PASSED] - Delayed 1 second(s)

2021-12-10 08:50:44 - [MESSAGE][PASSED] - Swiped from 360,853 to 360,142

2021-12-10 08:50:47 - [MESSAGE][PASSED] - Delayed 3 second(s)

2021-12-10 08:50:47 - [MESSAGE][PASSED] - startApp.OpenApp.terminateApplication is PASSED

2021-12-10 08:50:47 - [MESSAGE][PASSED] - Call Test Case 'Test Cases/Mobile/Page/Run App/Terminate App' successfully]]></system-out>
         <system-err><![CDATA[]]></system-err>
      </testcase>
      <testcase name="Test Cases/Mobile/Scenario/News/004 - Bond News" time="68.212" classname="Test Cases/Mobile/Scenario/News/004 - Bond News" status="PASSED">
         <system-out><![CDATA[2021-12-10 08:50:47 - [TEST_CASE][PASSED] - Test Cases/Mobile/Scenario/News/004 - Bond News: Test Cases/Mobile/Scenario/News/004 - Bond News

2021-12-10 08:50:47 - [TEST_STEP][PASSED] - callTestCase(findTestCase("Mobile/Page/Run App/Run App byID"), [:], STOP_ON_FAILURE): Call Test Case 'Test Cases/Mobile/Page/Run App/Run App byID' successfully

2021-12-10 08:50:47 - [TEST_CASE][PASSED] - Test Cases/Mobile/Page/Run App/Run App byID: Test Cases/Mobile/Page/Run App/Run App byID

2021-12-10 08:50:47 - [TEST_STEP][PASSED] - startApp.OpenApp.startApplication("id.co.miraeasset.sageclub"): startApp.OpenApp.startApplication is PASSED

2021-12-10 08:51:00 - [MESSAGE][PASSED] - Starting app with application ID: 'id.co.miraeasset.sageclub'

2021-12-10 08:51:00 - [MESSAGE][PASSED] - startApp.OpenApp.startApplication is PASSED

2021-12-10 08:51:00 - [MESSAGE][PASSED] - Call Test Case 'Test Cases/Mobile/Page/Run App/Run App byID' successfully

2021-12-10 08:51:00 - [TEST_STEP][PASSED] - callTestCase(findTestCase("Mobile/Page/News/News"), ["tab":"bondnews"], CONTINUE_ON_FAILURE): Call Test Case 'Test Cases/Mobile/Page/News/News' successfully

2021-12-10 08:51:00 - [TEST_CASE][PASSED] - Test Cases/Mobile/Page/News/News: Test Cases/Mobile/Page/News/News

2021-12-10 08:51:00 - [TEST_STEP][PASSED] - callTestCase(findTestCase("Mobile/Page/CheckLogin"), [:], CONTINUE_ON_FAILURE): Call Test Case 'Test Cases/Mobile/Page/CheckLogin' successfully

2021-12-10 08:51:00 - [TEST_CASE][PASSED] - Test Cases/Mobile/Page/CheckLogin: Test Cases/Mobile/Page/CheckLogin

2021-12-10 08:51:00 - [TEST_STEP][PASSED] - loginCheck = verifyElementExist(findTestObject("Mobile/Page/Login/Button - Login"), 2, CONTINUE_ON_FAILURE): Element 'Object Repository/Mobile/Page/Login/Button - Login' is exist

2021-12-10 08:51:03 - [MESSAGE][PASSED] - Element 'Object Repository/Mobile/Page/Login/Button - Login' is exist

2021-12-10 08:51:03 - [TEST_STEP][PASSED] - if (loginCheck): Call Test Case 'Test Cases/Mobile/Page/Login/Login' successfully

2021-12-10 08:51:03 - [TEST_STEP][PASSED] - callTestCase(findTestCase("Mobile/Page/Login/Login"), [:], CONTINUE_ON_FAILURE): Call Test Case 'Test Cases/Mobile/Page/Login/Login' successfully

2021-12-10 08:51:03 - [TEST_CASE][PASSED] - Test Cases/Mobile/Page/Login/Login: Test Cases/Mobile/Page/Login/Login

2021-12-10 08:51:03 - [TEST_STEP][PASSED] - delay(2): Delayed 2 second(s)

2021-12-10 08:51:05 - [MESSAGE][PASSED] - Delayed 2 second(s)

2021-12-10 08:51:05 - [TEST_STEP][PASSED] - tap(findTestObject("Mobile/Page/Login/Input - UserID"), 0): Tapped on element 'Object Repository/Mobile/Page/Login/Input - UserID'

2021-12-10 08:51:05 - [MESSAGE][WARNING] - Timeout '0' is invalid. Using default page load timeout: '60'

2021-12-10 08:51:05 - [MESSAGE][PASSED] - Tapped on element 'Object Repository/Mobile/Page/Login/Input - UserID'

2021-12-10 08:51:05 - [TEST_STEP][PASSED] - delay(1): Delayed 1 second(s)

2021-12-10 08:51:06 - [MESSAGE][PASSED] - Delayed 1 second(s)

2021-12-10 08:51:06 - [TEST_STEP][PASSED] - setText(findTestObject("Mobile/Page/Login/Input Rdy - UserID"), "anggaaditya", 0): Text 'anggaaditya' has been set to element 'Object Repository/Mobile/Page/Login/Input Rdy - UserID'

2021-12-10 08:51:06 - [MESSAGE][WARNING] - Timeout '0' is invalid. Using default page load timeout: '60'

2021-12-10 08:51:07 - [MESSAGE][PASSED] - Text 'anggaaditya' has been set to element 'Object Repository/Mobile/Page/Login/Input Rdy - UserID'

2021-12-10 08:51:07 - [TEST_STEP][PASSED] - delay(1): Delayed 1 second(s)

2021-12-10 08:51:08 - [MESSAGE][PASSED] - Delayed 1 second(s)

2021-12-10 08:51:08 - [TEST_STEP][PASSED] - hideKeyboard(): Keyboard is hidden

2021-12-10 08:51:12 - [MESSAGE][PASSED] - Keyboard is hidden

2021-12-10 08:51:12 - [TEST_STEP][PASSED] - tap(findTestObject("Mobile/Page/Login/Input - Password"), 0): Tapped on element 'Object Repository/Mobile/Page/Login/Input - Password'

2021-12-10 08:51:12 - [MESSAGE][WARNING] - Timeout '0' is invalid. Using default page load timeout: '60'

2021-12-10 08:51:13 - [MESSAGE][PASSED] - Tapped on element 'Object Repository/Mobile/Page/Login/Input - Password'

2021-12-10 08:51:13 - [TEST_STEP][PASSED] - delay(1): Delayed 1 second(s)

2021-12-10 08:51:14 - [MESSAGE][PASSED] - Delayed 1 second(s)

2021-12-10 08:51:14 - [TEST_STEP][PASSED] - setText(findTestObject("Mobile/Page/Login/Input Rdy - Password"), "Shalawa18", 0): Text 'Shalawa18' has been set to element 'Object Repository/Mobile/Page/Login/Input Rdy - Password'

2021-12-10 08:51:14 - [MESSAGE][WARNING] - Timeout '0' is invalid. Using default page load timeout: '60'

2021-12-10 08:51:15 - [MESSAGE][PASSED] - Text 'Shalawa18' has been set to element 'Object Repository/Mobile/Page/Login/Input Rdy - Password'

2021-12-10 08:51:15 - [TEST_STEP][PASSED] - delay(1): Delayed 1 second(s)

2021-12-10 08:51:16 - [MESSAGE][PASSED] - Delayed 1 second(s)

2021-12-10 08:51:16 - [TEST_STEP][PASSED] - hideKeyboard(): Keyboard is hidden

2021-12-10 08:51:22 - [MESSAGE][PASSED] - Keyboard is hidden

2021-12-10 08:51:22 - [TEST_STEP][PASSED] - tap(findTestObject("Mobile/Page/Login/Button - Login"), 0): Tapped on element 'Object Repository/Mobile/Page/Login/Button - Login'

2021-12-10 08:51:22 - [MESSAGE][WARNING] - Timeout '0' is invalid. Using default page load timeout: '60'

2021-12-10 08:51:22 - [MESSAGE][PASSED] - Tapped on element 'Object Repository/Mobile/Page/Login/Button - Login'

2021-12-10 08:51:22 - [TEST_STEP][PASSED] - delay(2): Delayed 2 second(s)

2021-12-10 08:51:24 - [MESSAGE][PASSED] - Delayed 2 second(s)

2021-12-10 08:51:24 - [MESSAGE][PASSED] - Call Test Case 'Test Cases/Mobile/Page/Login/Login' successfully

2021-12-10 08:51:24 - [MESSAGE][PASSED] - Call Test Case 'Test Cases/Mobile/Page/CheckLogin' successfully

2021-12-10 08:51:24 - [TEST_STEP][PASSED] - tap(findTestObject("Object Repository/Mobile/Page/Home/Menubar - News"), 0): Tapped on element 'Object Repository/Mobile/Page/Home/Menubar - News'

2021-12-10 08:51:24 - [MESSAGE][WARNING] - Timeout '0' is invalid. Using default page load timeout: '60'

2021-12-10 08:51:29 - [MESSAGE][PASSED] - Tapped on element 'Object Repository/Mobile/Page/Home/Menubar - News'

2021-12-10 08:51:29 - [TEST_STEP][PASSED] - delay(1): Delayed 1 second(s)

2021-12-10 08:51:30 - [MESSAGE][PASSED] - Delayed 1 second(s)

2021-12-10 08:51:30 - [TEST_STEP][PASSED] - for ([i = 0, i < 1, (i++)]): Delayed 3 second(s)

2021-12-10 08:51:30 - [TEST_STEP][PASSED] - if (tab == "macronews"): null

2021-12-10 08:51:30 - [TEST_STEP][PASSED] - else if (tab == "stocknews"): null

2021-12-10 08:51:30 - [TEST_STEP][PASSED] - else if (tab == "fundnews"): null

2021-12-10 08:51:30 - [TEST_STEP][PASSED] - else if (tab == "bondnews"): Tapped on element 'Object Repository/Mobile/Page/News/Tab - Bond News'

2021-12-10 08:51:30 - [TEST_STEP][PASSED] - scroll.scroll.scrollScreenRightToLeft(findTestObject("Object Repository/Mobile/Page/News/Tab - Macro News")): scroll.scroll.scrollScreenRightToLeft is PASSED

2021-12-10 08:51:30 - [MESSAGE][WARNING] - Timeout '0' is invalid. Using default page load timeout: '60'

2021-12-10 08:51:31 - [MESSAGE][PASSED] - Object 'Object Repository/Mobile/Page/News/Tab - Macro News' has left position '14'

2021-12-10 08:51:31 - [MESSAGE][WARNING] - Timeout '0' is invalid. Using default page load timeout: '60'

2021-12-10 08:51:31 - [MESSAGE][PASSED] - Object 'Object Repository/Mobile/Page/News/Tab - Macro News' has top position '262'

2021-12-10 08:51:31 - [MESSAGE][WARNING] - Timeout '0' is invalid. Using default page load timeout: '60'

2021-12-10 08:51:31 - [MESSAGE][PASSED] - Object 'Object Repository/Mobile/Page/News/Tab - Macro News' has width: '215'

2021-12-10 08:51:31 - [MESSAGE][WARNING] - Timeout '0' is invalid. Using default page load timeout: '60'

2021-12-10 08:51:31 - [MESSAGE][PASSED] - Object 'Object Repository/Mobile/Page/News/Tab - Macro News' has height: '84'

2021-12-10 08:51:31 - [MESSAGE][PASSED] - Current device physical width is 720

2021-12-10 08:51:33 - [MESSAGE][PASSED] - Swiped from 620,304 to 100,304

2021-12-10 08:51:33 - [MESSAGE][PASSED] - scroll.scroll.scrollScreenRightToLeft is PASSED

2021-12-10 08:51:33 - [TEST_STEP][PASSED] - delay(1): Delayed 1 second(s)

2021-12-10 08:51:34 - [MESSAGE][PASSED] - Delayed 1 second(s)

2021-12-10 08:51:34 - [TEST_STEP][PASSED] - tap(findTestObject("Object Repository/Mobile/Page/News/Tab - Bond News"), 0): Tapped on element 'Object Repository/Mobile/Page/News/Tab - Bond News'

2021-12-10 08:51:34 - [MESSAGE][WARNING] - Timeout '0' is invalid. Using default page load timeout: '60'

2021-12-10 08:51:35 - [MESSAGE][PASSED] - Tapped on element 'Object Repository/Mobile/Page/News/Tab - Bond News'

2021-12-10 08:51:35 - [TEST_STEP][PASSED] - delay(1): Delayed 1 second(s)

2021-12-10 08:51:36 - [MESSAGE][PASSED] - Delayed 1 second(s)

2021-12-10 08:51:36 - [TEST_STEP][PASSED] - if (tab != "worldindices"): Delayed 3 second(s)

2021-12-10 08:51:36 - [TEST_STEP][PASSED] - try: Delayed 3 second(s)

2021-12-10 08:51:36 - [TEST_STEP][PASSED] - topnews = verifyElementExist(findTestObject("Object Repository/Mobile/Page/News/Item - Top News"), 0): Element 'Object Repository/Mobile/Page/News/Item - Top News' is exist

2021-12-10 08:51:36 - [MESSAGE][WARNING] - Timeout '0' is invalid. Using default page load timeout: '60'

2021-12-10 08:51:36 - [MESSAGE][PASSED] - Element 'Object Repository/Mobile/Page/News/Item - Top News' is exist

2021-12-10 08:51:36 - [TEST_STEP][PASSED] - if (topnews): Delayed 3 second(s)

2021-12-10 08:51:36 - [TEST_STEP][PASSED] - tapAndHold(findTestObject("Object Repository/Mobile/Page/News/Item - Top News"), 1, 0): Tapped and held on element 'Object Repository/Mobile/Page/News/Item - Top News' with duration 1

2021-12-10 08:51:36 - [MESSAGE][WARNING] - Timeout '0' is invalid. Using default page load timeout: '60'

2021-12-10 08:51:39 - [MESSAGE][PASSED] - Tapped and held on element 'Object Repository/Mobile/Page/News/Item - Top News' with duration 1

2021-12-10 08:51:39 - [TEST_STEP][PASSED] - delay(1): Delayed 1 second(s)

2021-12-10 08:51:40 - [MESSAGE][PASSED] - Delayed 1 second(s)

2021-12-10 08:51:40 - [TEST_STEP][PASSED] - scroll.scroll.scrollScreenBottomToTop(): scroll.scroll.scrollScreenBottomToTop is PASSED

2021-12-10 08:51:40 - [MESSAGE][PASSED] - Current device physical height is 1423

2021-12-10 08:51:40 - [MESSAGE][PASSED] - Current device physical width is 720

2021-12-10 08:51:42 - [MESSAGE][PASSED] - Swiped from 360,1,138 to 360,284

2021-12-10 08:51:42 - [MESSAGE][PASSED] - scroll.scroll.scrollScreenBottomToTop is PASSED

2021-12-10 08:51:42 - [TEST_STEP][PASSED] - delay(3): Delayed 3 second(s)

2021-12-10 08:51:45 - [MESSAGE][PASSED] - Delayed 3 second(s)

2021-12-10 08:51:45 - [MESSAGE][PASSED] - Call Test Case 'Test Cases/Mobile/Page/News/News' successfully

2021-12-10 08:51:45 - [TEST_STEP][PASSED] - callTestCase(findTestCase("Mobile/Page/Run App/Terminate App"), [:], STOP_ON_FAILURE): Call Test Case 'Test Cases/Mobile/Page/Run App/Terminate App' successfully

2021-12-10 08:51:45 - [TEST_CASE][PASSED] - Test Cases/Mobile/Page/Run App/Terminate App: Test Cases/Mobile/Page/Run App/Terminate App

2021-12-10 08:51:45 - [TEST_STEP][PASSED] - startApp.OpenApp.terminateApplication(): startApp.OpenApp.terminateApplication is PASSED

2021-12-10 08:51:48 - [MESSAGE][PASSED] - Delayed 3 second(s)

2021-12-10 08:51:48 - [MESSAGE][PASSED] - Current device physical width is 720

2021-12-10 08:51:48 - [MESSAGE][PASSED] - Current device physical height is 1423

2021-12-10 08:51:49 - [MESSAGE][PASSED] - Swiped from 360,853 to 360,142

2021-12-10 08:51:50 - [MESSAGE][PASSED] - Delayed 1 second(s)

2021-12-10 08:51:52 - [MESSAGE][PASSED] - Swiped from 360,853 to 360,142

2021-12-10 08:51:55 - [MESSAGE][PASSED] - Delayed 3 second(s)

2021-12-10 08:51:55 - [MESSAGE][PASSED] - startApp.OpenApp.terminateApplication is PASSED

2021-12-10 08:51:55 - [MESSAGE][PASSED] - Call Test Case 'Test Cases/Mobile/Page/Run App/Terminate App' successfully]]></system-out>
         <system-err><![CDATA[]]></system-err>
      </testcase>
      <testcase name="Test Cases/Mobile/Scenario/News/005 - Macro News" time="60.46" classname="Test Cases/Mobile/Scenario/News/005 - Macro News" status="PASSED">
         <system-out><![CDATA[2021-12-10 08:51:55 - [TEST_CASE][PASSED] - Test Cases/Mobile/Scenario/News/005 - Macro News: Test Cases/Mobile/Scenario/News/005 - Macro News

2021-12-10 08:51:55 - [TEST_STEP][PASSED] - callTestCase(findTestCase("Mobile/Page/Run App/Run App byID"), [:], STOP_ON_FAILURE): Call Test Case 'Test Cases/Mobile/Page/Run App/Run App byID' successfully

2021-12-10 08:51:55 - [TEST_CASE][PASSED] - Test Cases/Mobile/Page/Run App/Run App byID: Test Cases/Mobile/Page/Run App/Run App byID

2021-12-10 08:51:55 - [TEST_STEP][PASSED] - startApp.OpenApp.startApplication("id.co.miraeasset.sageclub"): startApp.OpenApp.startApplication is PASSED

2021-12-10 08:52:07 - [MESSAGE][PASSED] - Starting app with application ID: 'id.co.miraeasset.sageclub'

2021-12-10 08:52:07 - [MESSAGE][PASSED] - startApp.OpenApp.startApplication is PASSED

2021-12-10 08:52:07 - [MESSAGE][PASSED] - Call Test Case 'Test Cases/Mobile/Page/Run App/Run App byID' successfully

2021-12-10 08:52:07 - [TEST_STEP][PASSED] - callTestCase(findTestCase("Mobile/Page/News/News"), ["tab":"macronews"], CONTINUE_ON_FAILURE): Call Test Case 'Test Cases/Mobile/Page/News/News' successfully

2021-12-10 08:52:07 - [TEST_CASE][PASSED] - Test Cases/Mobile/Page/News/News: Test Cases/Mobile/Page/News/News

2021-12-10 08:52:07 - [TEST_STEP][PASSED] - callTestCase(findTestCase("Mobile/Page/CheckLogin"), [:], CONTINUE_ON_FAILURE): Call Test Case 'Test Cases/Mobile/Page/CheckLogin' successfully

2021-12-10 08:52:07 - [TEST_CASE][PASSED] - Test Cases/Mobile/Page/CheckLogin: Test Cases/Mobile/Page/CheckLogin

2021-12-10 08:52:07 - [TEST_STEP][PASSED] - loginCheck = verifyElementExist(findTestObject("Mobile/Page/Login/Button - Login"), 2, CONTINUE_ON_FAILURE): Element 'Object Repository/Mobile/Page/Login/Button - Login' is exist

2021-12-10 08:52:09 - [MESSAGE][PASSED] - Element 'Object Repository/Mobile/Page/Login/Button - Login' is exist

2021-12-10 08:52:09 - [TEST_STEP][PASSED] - if (loginCheck): Call Test Case 'Test Cases/Mobile/Page/Login/Login' successfully

2021-12-10 08:52:09 - [TEST_STEP][PASSED] - callTestCase(findTestCase("Mobile/Page/Login/Login"), [:], CONTINUE_ON_FAILURE): Call Test Case 'Test Cases/Mobile/Page/Login/Login' successfully

2021-12-10 08:52:09 - [TEST_CASE][PASSED] - Test Cases/Mobile/Page/Login/Login: Test Cases/Mobile/Page/Login/Login

2021-12-10 08:52:09 - [TEST_STEP][PASSED] - delay(2): Delayed 2 second(s)

2021-12-10 08:52:11 - [MESSAGE][PASSED] - Delayed 2 second(s)

2021-12-10 08:52:11 - [TEST_STEP][PASSED] - tap(findTestObject("Mobile/Page/Login/Input - UserID"), 0): Tapped on element 'Object Repository/Mobile/Page/Login/Input - UserID'

2021-12-10 08:52:11 - [MESSAGE][WARNING] - Timeout '0' is invalid. Using default page load timeout: '60'

2021-12-10 08:52:11 - [MESSAGE][PASSED] - Tapped on element 'Object Repository/Mobile/Page/Login/Input - UserID'

2021-12-10 08:52:11 - [TEST_STEP][PASSED] - delay(1): Delayed 1 second(s)

2021-12-10 08:52:12 - [MESSAGE][PASSED] - Delayed 1 second(s)

2021-12-10 08:52:12 - [TEST_STEP][PASSED] - setText(findTestObject("Mobile/Page/Login/Input Rdy - UserID"), "anggaaditya", 0): Text 'anggaaditya' has been set to element 'Object Repository/Mobile/Page/Login/Input Rdy - UserID'

2021-12-10 08:52:12 - [MESSAGE][WARNING] - Timeout '0' is invalid. Using default page load timeout: '60'

2021-12-10 08:52:13 - [MESSAGE][PASSED] - Text 'anggaaditya' has been set to element 'Object Repository/Mobile/Page/Login/Input Rdy - UserID'

2021-12-10 08:52:13 - [TEST_STEP][PASSED] - delay(1): Delayed 1 second(s)

2021-12-10 08:52:14 - [MESSAGE][PASSED] - Delayed 1 second(s)

2021-12-10 08:52:14 - [TEST_STEP][PASSED] - hideKeyboard(): Keyboard is hidden

2021-12-10 08:52:18 - [MESSAGE][PASSED] - Keyboard is hidden

2021-12-10 08:52:18 - [TEST_STEP][PASSED] - tap(findTestObject("Mobile/Page/Login/Input - Password"), 0): Tapped on element 'Object Repository/Mobile/Page/Login/Input - Password'

2021-12-10 08:52:18 - [MESSAGE][WARNING] - Timeout '0' is invalid. Using default page load timeout: '60'

2021-12-10 08:52:18 - [MESSAGE][PASSED] - Tapped on element 'Object Repository/Mobile/Page/Login/Input - Password'

2021-12-10 08:52:18 - [TEST_STEP][PASSED] - delay(1): Delayed 1 second(s)

2021-12-10 08:52:19 - [MESSAGE][PASSED] - Delayed 1 second(s)

2021-12-10 08:52:19 - [TEST_STEP][PASSED] - setText(findTestObject("Mobile/Page/Login/Input Rdy - Password"), "Shalawa18", 0): Text 'Shalawa18' has been set to element 'Object Repository/Mobile/Page/Login/Input Rdy - Password'

2021-12-10 08:52:19 - [MESSAGE][WARNING] - Timeout '0' is invalid. Using default page load timeout: '60'

2021-12-10 08:52:20 - [MESSAGE][PASSED] - Text 'Shalawa18' has been set to element 'Object Repository/Mobile/Page/Login/Input Rdy - Password'

2021-12-10 08:52:20 - [TEST_STEP][PASSED] - delay(1): Delayed 1 second(s)

2021-12-10 08:52:21 - [MESSAGE][PASSED] - Delayed 1 second(s)

2021-12-10 08:52:21 - [TEST_STEP][PASSED] - hideKeyboard(): Keyboard is hidden

2021-12-10 08:52:28 - [MESSAGE][PASSED] - Keyboard is hidden

2021-12-10 08:52:28 - [TEST_STEP][PASSED] - tap(findTestObject("Mobile/Page/Login/Button - Login"), 0): Tapped on element 'Object Repository/Mobile/Page/Login/Button - Login'

2021-12-10 08:52:28 - [MESSAGE][WARNING] - Timeout '0' is invalid. Using default page load timeout: '60'

2021-12-10 08:52:29 - [MESSAGE][PASSED] - Tapped on element 'Object Repository/Mobile/Page/Login/Button - Login'

2021-12-10 08:52:29 - [TEST_STEP][PASSED] - delay(2): Delayed 2 second(s)

2021-12-10 08:52:31 - [MESSAGE][PASSED] - Delayed 2 second(s)

2021-12-10 08:52:31 - [MESSAGE][PASSED] - Call Test Case 'Test Cases/Mobile/Page/Login/Login' successfully

2021-12-10 08:52:31 - [MESSAGE][PASSED] - Call Test Case 'Test Cases/Mobile/Page/CheckLogin' successfully

2021-12-10 08:52:31 - [TEST_STEP][PASSED] - tap(findTestObject("Object Repository/Mobile/Page/Home/Menubar - News"), 0): Tapped on element 'Object Repository/Mobile/Page/Home/Menubar - News'

2021-12-10 08:52:31 - [MESSAGE][WARNING] - Timeout '0' is invalid. Using default page load timeout: '60'

2021-12-10 08:52:33 - [MESSAGE][PASSED] - Tapped on element 'Object Repository/Mobile/Page/Home/Menubar - News'

2021-12-10 08:52:33 - [TEST_STEP][PASSED] - delay(1): Delayed 1 second(s)

2021-12-10 08:52:34 - [MESSAGE][PASSED] - Delayed 1 second(s)

2021-12-10 08:52:34 - [TEST_STEP][PASSED] - for ([i = 0, i < 1, (i++)]): Delayed 3 second(s)

2021-12-10 08:52:34 - [TEST_STEP][PASSED] - if (tab == "macronews"): Tapped on element 'Object Repository/Mobile/Page/News/Tab - Macro News'

2021-12-10 08:52:34 - [TEST_STEP][PASSED] - tap(findTestObject("Object Repository/Mobile/Page/News/Tab - Macro News"), 0): Tapped on element 'Object Repository/Mobile/Page/News/Tab - Macro News'

2021-12-10 08:52:34 - [MESSAGE][WARNING] - Timeout '0' is invalid. Using default page load timeout: '60'

2021-12-10 08:52:35 - [MESSAGE][PASSED] - Tapped on element 'Object Repository/Mobile/Page/News/Tab - Macro News'

2021-12-10 08:52:35 - [TEST_STEP][PASSED] - delay(1): Delayed 1 second(s)

2021-12-10 08:52:36 - [MESSAGE][PASSED] - Delayed 1 second(s)

2021-12-10 08:52:36 - [TEST_STEP][PASSED] - if (tab != "worldindices"): Delayed 3 second(s)

2021-12-10 08:52:36 - [TEST_STEP][PASSED] - try: Delayed 3 second(s)

2021-12-10 08:52:36 - [TEST_STEP][PASSED] - topnews = verifyElementExist(findTestObject("Object Repository/Mobile/Page/News/Item - Top News"), 0): Element 'Object Repository/Mobile/Page/News/Item - Top News' is exist

2021-12-10 08:52:36 - [MESSAGE][WARNING] - Timeout '0' is invalid. Using default page load timeout: '60'

2021-12-10 08:52:37 - [MESSAGE][PASSED] - Element 'Object Repository/Mobile/Page/News/Item - Top News' is exist

2021-12-10 08:52:37 - [TEST_STEP][PASSED] - if (topnews): Delayed 3 second(s)

2021-12-10 08:52:37 - [TEST_STEP][PASSED] - tapAndHold(findTestObject("Object Repository/Mobile/Page/News/Item - Top News"), 1, 0): Tapped and held on element 'Object Repository/Mobile/Page/News/Item - Top News' with duration 1

2021-12-10 08:52:37 - [MESSAGE][WARNING] - Timeout '0' is invalid. Using default page load timeout: '60'

2021-12-10 08:52:39 - [MESSAGE][PASSED] - Tapped and held on element 'Object Repository/Mobile/Page/News/Item - Top News' with duration 1

2021-12-10 08:52:39 - [TEST_STEP][PASSED] - delay(1): Delayed 1 second(s)

2021-12-10 08:52:40 - [MESSAGE][PASSED] - Delayed 1 second(s)

2021-12-10 08:52:40 - [TEST_STEP][PASSED] - scroll.scroll.scrollScreenBottomToTop(): scroll.scroll.scrollScreenBottomToTop is PASSED

2021-12-10 08:52:41 - [MESSAGE][PASSED] - Current device physical height is 1423

2021-12-10 08:52:41 - [MESSAGE][PASSED] - Current device physical width is 720

2021-12-10 08:52:42 - [MESSAGE][PASSED] - Swiped from 360,1,138 to 360,284

2021-12-10 08:52:42 - [MESSAGE][PASSED] - scroll.scroll.scrollScreenBottomToTop is PASSED

2021-12-10 08:52:42 - [TEST_STEP][PASSED] - delay(3): Delayed 3 second(s)

2021-12-10 08:52:45 - [MESSAGE][PASSED] - Delayed 3 second(s)

2021-12-10 08:52:45 - [MESSAGE][PASSED] - Call Test Case 'Test Cases/Mobile/Page/News/News' successfully

2021-12-10 08:52:45 - [TEST_STEP][PASSED] - callTestCase(findTestCase("Mobile/Page/Run App/Terminate App"), [:], STOP_ON_FAILURE): Call Test Case 'Test Cases/Mobile/Page/Run App/Terminate App' successfully

2021-12-10 08:52:45 - [TEST_CASE][PASSED] - Test Cases/Mobile/Page/Run App/Terminate App: Test Cases/Mobile/Page/Run App/Terminate App

2021-12-10 08:52:45 - [TEST_STEP][PASSED] - startApp.OpenApp.terminateApplication(): startApp.OpenApp.terminateApplication is PASSED

2021-12-10 08:52:48 - [MESSAGE][PASSED] - Delayed 3 second(s)

2021-12-10 08:52:48 - [MESSAGE][PASSED] - Current device physical width is 720

2021-12-10 08:52:49 - [MESSAGE][PASSED] - Current device physical height is 1423

2021-12-10 08:52:50 - [MESSAGE][PASSED] - Swiped from 360,853 to 360,142

2021-12-10 08:52:51 - [MESSAGE][PASSED] - Delayed 1 second(s)

2021-12-10 08:52:52 - [MESSAGE][PASSED] - Swiped from 360,853 to 360,142

2021-12-10 08:52:55 - [MESSAGE][PASSED] - Delayed 3 second(s)

2021-12-10 08:52:55 - [MESSAGE][PASSED] - startApp.OpenApp.terminateApplication is PASSED

2021-12-10 08:52:55 - [MESSAGE][PASSED] - Call Test Case 'Test Cases/Mobile/Page/Run App/Terminate App' successfully]]></system-out>
         <system-err><![CDATA[]]></system-err>
      </testcase>
      <system-out><![CDATA[2021-12-10 08:47:22 - [TEST_SUITE][PASSED] - news: Test Cases/Mobile/Scenario/News/005 - Macro News]]></system-out>
      <system-err><![CDATA[]]></system-err>
   </testsuite>
</testsuites>
