<?xml version="1.0" encoding="UTF-8"?>
<testsuites name="login" time="295.717" tests="5" failures="0" skips="0" errors="0">
   <testsuite name="login" tests="5" failures="0" errors="0" time="295.717" skips="0" timestamp="2022-02-16 21:57:31" hostname="Owner - aldy-tft" id="Test Suites/login">
      <properties>
         <property name="deviceName" value="samsung SM-A205F (Android 11)"/>
         <property name="devicePlatform" value=""/>
         <property name="logFolder" value="C:\\Users\\Owner\\Documents\\kerjaan\\KatalonProject\\qa_katalon_pwm\\qa_katalon_pwm\\Reports\\20220216_215723\\login\\20220216_215723"/>
         <property name="logFiles" value="C:\\Users\\Owner\\Documents\\kerjaan\\KatalonProject\\qa_katalon_pwm\\qa_katalon_pwm\\Reports\\20220216_215723\\login\\20220216_215723\\appium.log, C:\\Users\\Owner\\Documents\\kerjaan\\KatalonProject\\qa_katalon_pwm\\qa_katalon_pwm\\Reports\\20220216_215723\\login\\20220216_215723\\execution0.log"/>
         <property name="attachments" value=""/>
         <property name="hostName" value="Owner - aldy-tft"/>
         <property name="os" value="Windows 10 64bit"/>
         <property name="appiumServerStatus" value="{&quot;value&quot;:{&quot;build&quot;:{&quot;version&quot;:&quot;1.22.0&quot;}},&quot;sessionId&quot;:null,&quot;status&quot;:0}"/>
         <property name="katalonVersion" value="7.9.1.208"/>
         <property name="deviceOS" value="Android"/>
         <property name="appiumVersion" value="1.22.0"/>
         <property name="deviceModel" value="SM-A205F"/>
         <property name="hostAddress" value="192.168.100.33"/>
         <property name="deviceManufacturer" value="samsung"/>
         <property name="deviceId" value="RR8M40C9AXE"/>
         <property name="deviceName" value="samsung SM-A205F (Android 11)"/>
         <property name="deviceOSVersion" value="11"/>
      </properties>
      <testcase name="Test Cases/Mobile/Scenario/Login/001 - Login dengan username" time="74.721" classname="Test Cases/Mobile/Scenario/Login/001 - Login dengan username" status="PASSED">
         <system-out><![CDATA[2022-02-16 21:57:32 - [TEST_CASE][PASSED] - Test Cases/Mobile/Scenario/Login/001 - Login dengan username: Test Cases/Mobile/Scenario/Login/001 - Login dengan username

2022-02-16 21:57:33 - [TEST_STEP][PASSED] - callTestCase(findTestCase("Mobile/Page/Run App/Run App byID"), [:], STOP_ON_FAILURE): Call Test Case 'Test Cases/Mobile/Page/Run App/Run App byID' successfully

2022-02-16 21:57:33 - [TEST_CASE][PASSED] - Test Cases/Mobile/Page/Run App/Run App byID: Test Cases/Mobile/Page/Run App/Run App byID

2022-02-16 21:57:33 - [TEST_STEP][PASSED] - startApp.OpenApp.startApplication("id.co.miraeasset.sageclub"): startApp.OpenApp.startApplication is PASSED

2022-02-16 21:57:35 - [MESSAGE][INFO] - Appium server started on port 50,007

2022-02-16 21:57:54 - [MESSAGE][PASSED] - Starting app with application ID: 'id.co.miraeasset.sageclub'

2022-02-16 21:57:54 - [MESSAGE][PASSED] - startApp.OpenApp.startApplication is PASSED

2022-02-16 21:57:54 - [MESSAGE][PASSED] - Call Test Case 'Test Cases/Mobile/Page/Run App/Run App byID' successfully

2022-02-16 21:57:54 - [TEST_STEP][PASSED] - callTestCase(findTestCase("Mobile/Page/Login/Login"), ["action":"username"], CONTINUE_ON_FAILURE): Call Test Case 'Test Cases/Mobile/Page/Login/Login' successfully

2022-02-16 21:57:54 - [TEST_CASE][PASSED] - Test Cases/Mobile/Page/Login/Login: Test Cases/Mobile/Page/Login/Login

2022-02-16 21:57:54 - [TEST_STEP][PASSED] - delay(2): Delayed 2 second(s)

2022-02-16 21:57:56 - [MESSAGE][PASSED] - Delayed 2 second(s)

2022-02-16 21:57:56 - [TEST_STEP][PASSED] - for ([i = 0, i < 1, (i++)]): null

2022-02-16 21:57:56 - [TEST_STEP][PASSED] - if (action == "username"): null

2022-02-16 21:57:56 - [TEST_STEP][PASSED] - tap(LOGN_EdtUserID, 0): Tapped on element 'Object Repository/Mobile/Page/Login/Input - UserID'

2022-02-16 21:57:59 - [MESSAGE][WARNING] - Test object with id 'Object Repository/Mobile/Page/Home/Button -  Add Watchlist' does not exist

2022-02-16 21:57:59 - [MESSAGE][WARNING] - Test object with id 'Object Repository/Mobile/Page/Home/Button - Open with Just Once' does not exist

2022-02-16 21:57:59 - [MESSAGE][WARNING] - Test object with id 'Object Repository/Mobile/Page/Home/Container - Notification' does not exist

2022-02-16 21:58:00 - [MESSAGE][WARNING] - Test object with id 'Object Repository/Mobile/Page/Home/Watchlist/Input - Search' does not exist

2022-02-16 21:58:00 - [MESSAGE][WARNING] - Test object with id 'Object Repository/Mobile/Page/Home/Watchlist/Item - Top Search' does not exist

2022-02-16 21:58:00 - [MESSAGE][WARNING] - Test object with id 'Object Repository/Mobile/Page/Home/Watchlist/Detail Watchlist/Input - Expiry Date' does not exist

2022-02-16 21:58:01 - [MESSAGE][WARNING] - Test object with id 'Object Repository/Mobile/Page/Home/Watchlist/Detail Watchlist/Item - Watchlist' does not exist

2022-02-16 21:58:09 - [MESSAGE][WARNING] - Test object with id 'Object Repository/Mobile/Page/Home/Button -  Add Watchlist' does not exist

2022-02-16 21:58:09 - [MESSAGE][WARNING] - Test object with id 'Object Repository/Mobile/Page/Home/Button - Open with Just Once' does not exist

2022-02-16 21:58:09 - [MESSAGE][WARNING] - Test object with id 'Object Repository/Mobile/Page/Home/Container - Notification' does not exist

2022-02-16 21:58:10 - [MESSAGE][WARNING] - Test object with id 'Object Repository/Mobile/Page/Home/Watchlist/Input - Search' does not exist

2022-02-16 21:58:10 - [MESSAGE][WARNING] - Test object with id 'Object Repository/Mobile/Page/Home/Watchlist/Item - Top Search' does not exist

2022-02-16 21:58:10 - [MESSAGE][WARNING] - Test object with id 'Object Repository/Mobile/Page/Home/Watchlist/Detail Watchlist/Input - Expiry Date' does not exist

2022-02-16 21:58:10 - [MESSAGE][WARNING] - Test object with id 'Object Repository/Mobile/Page/Home/Watchlist/Detail Watchlist/Item - Watchlist' does not exist

2022-02-16 21:58:15 - [MESSAGE][WARNING] - Timeout '0' is invalid. Using default page load timeout: '60'

2022-02-16 21:58:16 - [MESSAGE][PASSED] - Tapped on element 'Object Repository/Mobile/Page/Login/Input - UserID'

2022-02-16 21:58:16 - [TEST_STEP][PASSED] - delay(1): Delayed 1 second(s)

2022-02-16 21:58:17 - [MESSAGE][PASSED] - Delayed 1 second(s)

2022-02-16 21:58:17 - [TEST_STEP][PASSED] - setText(LOGN_EdtRdyUserID, "anggaaditya", 0): Text 'anggaaditya' has been set to element 'Object Repository/Mobile/Page/Login/Input Rdy - UserID'

2022-02-16 21:58:17 - [MESSAGE][WARNING] - Timeout '0' is invalid. Using default page load timeout: '60'

2022-02-16 21:58:18 - [MESSAGE][PASSED] - Text 'anggaaditya' has been set to element 'Object Repository/Mobile/Page/Login/Input Rdy - UserID'

2022-02-16 21:58:18 - [TEST_STEP][PASSED] - delay(1): Delayed 1 second(s)

2022-02-16 21:58:19 - [MESSAGE][PASSED] - Delayed 1 second(s)

2022-02-16 21:58:19 - [TEST_STEP][PASSED] - hideKeyboard(): Keyboard is hidden

2022-02-16 21:58:23 - [MESSAGE][PASSED] - Keyboard is hidden

2022-02-16 21:58:23 - [TEST_STEP][PASSED] - tap(LOGN_EdtPassword, 0): Tapped on element 'Object Repository/Mobile/Page/Login/Input - Password'

2022-02-16 21:58:23 - [MESSAGE][WARNING] - Timeout '0' is invalid. Using default page load timeout: '60'

2022-02-16 21:58:24 - [MESSAGE][PASSED] - Tapped on element 'Object Repository/Mobile/Page/Login/Input - Password'

2022-02-16 21:58:24 - [TEST_STEP][PASSED] - delay(1): Delayed 1 second(s)

2022-02-16 21:58:25 - [MESSAGE][PASSED] - Delayed 1 second(s)

2022-02-16 21:58:25 - [TEST_STEP][PASSED] - setText(LOGN_EdtRdyPassword, "Shalawa18", 0): Text 'Shalawa18' has been set to element 'Object Repository/Mobile/Page/Login/Input Rdy - Password'

2022-02-16 21:58:25 - [MESSAGE][WARNING] - Timeout '0' is invalid. Using default page load timeout: '60'

2022-02-16 21:58:25 - [MESSAGE][PASSED] - Text 'Shalawa18' has been set to element 'Object Repository/Mobile/Page/Login/Input Rdy - Password'

2022-02-16 21:58:25 - [TEST_STEP][PASSED] - delay(1): Delayed 1 second(s)

2022-02-16 21:58:26 - [MESSAGE][PASSED] - Delayed 1 second(s)

2022-02-16 21:58:26 - [TEST_STEP][PASSED] - hideKeyboard(): Keyboard is hidden

2022-02-16 21:58:32 - [MESSAGE][PASSED] - Keyboard is hidden

2022-02-16 21:58:32 - [TEST_STEP][PASSED] - tap(LOGN_BtnLogin, 0): Tapped on element 'Object Repository/Mobile/Page/Login/Button - Login'

2022-02-16 21:58:32 - [MESSAGE][WARNING] - Timeout '0' is invalid. Using default page load timeout: '60'

2022-02-16 21:58:33 - [MESSAGE][PASSED] - Tapped on element 'Object Repository/Mobile/Page/Login/Button - Login'

2022-02-16 21:58:33 - [TEST_STEP][PASSED] - delay(2): Delayed 2 second(s)

2022-02-16 21:58:35 - [MESSAGE][PASSED] - Delayed 2 second(s)

2022-02-16 21:58:35 - [TEST_STEP][PASSED] - break: null

2022-02-16 21:58:35 - [MESSAGE][PASSED] - Call Test Case 'Test Cases/Mobile/Page/Login/Login' successfully

2022-02-16 21:58:35 - [TEST_STEP][PASSED] - callTestCase(findTestCase("Mobile/Page/Run App/Terminate App"), [:], STOP_ON_FAILURE): Call Test Case 'Test Cases/Mobile/Page/Run App/Terminate App' successfully

2022-02-16 21:58:35 - [TEST_CASE][PASSED] - Test Cases/Mobile/Page/Run App/Terminate App: Test Cases/Mobile/Page/Run App/Terminate App

2022-02-16 21:58:35 - [TEST_STEP][PASSED] - startApp.OpenApp.terminateApplication(): startApp.OpenApp.terminateApplication is PASSED

2022-02-16 21:58:40 - [MESSAGE][PASSED] - Delayed 3 second(s)

2022-02-16 21:58:40 - [MESSAGE][PASSED] - Current device physical width is 720

2022-02-16 21:58:40 - [MESSAGE][PASSED] - Current device physical height is 1423

2022-02-16 21:58:42 - [MESSAGE][PASSED] - Swiped from 360,853 to 360,142

2022-02-16 21:58:43 - [MESSAGE][PASSED] - Delayed 1 second(s)

2022-02-16 21:58:44 - [MESSAGE][PASSED] - Swiped from 360,853 to 360,142

2022-02-16 21:58:47 - [MESSAGE][PASSED] - Delayed 3 second(s)

2022-02-16 21:58:47 - [MESSAGE][PASSED] - startApp.OpenApp.terminateApplication is PASSED

2022-02-16 21:58:47 - [MESSAGE][PASSED] - Call Test Case 'Test Cases/Mobile/Page/Run App/Terminate App' successfully]]></system-out>
         <system-err><![CDATA[]]></system-err>
      </testcase>
      <testcase name="Test Cases/Mobile/Scenario/Login/002 - Login dengan password salah" time="51.39" classname="Test Cases/Mobile/Scenario/Login/002 - Login dengan password salah" status="PASSED">
         <system-out><![CDATA[2022-02-16 21:58:47 - [TEST_CASE][PASSED] - Test Cases/Mobile/Scenario/Login/002 - Login dengan password salah: Test Cases/Mobile/Scenario/Login/002 - Login dengan password salah

2022-02-16 21:58:47 - [TEST_STEP][PASSED] - callTestCase(findTestCase("Mobile/Page/Run App/Run App byID"), [:], STOP_ON_FAILURE): Call Test Case 'Test Cases/Mobile/Page/Run App/Run App byID' successfully

2022-02-16 21:58:47 - [TEST_CASE][PASSED] - Test Cases/Mobile/Page/Run App/Run App byID: Test Cases/Mobile/Page/Run App/Run App byID

2022-02-16 21:58:47 - [TEST_STEP][PASSED] - startApp.OpenApp.startApplication("id.co.miraeasset.sageclub"): startApp.OpenApp.startApplication is PASSED

2022-02-16 21:59:00 - [MESSAGE][PASSED] - Starting app with application ID: 'id.co.miraeasset.sageclub'

2022-02-16 21:59:00 - [MESSAGE][PASSED] - startApp.OpenApp.startApplication is PASSED

2022-02-16 21:59:00 - [MESSAGE][PASSED] - Call Test Case 'Test Cases/Mobile/Page/Run App/Run App byID' successfully

2022-02-16 21:59:00 - [TEST_STEP][PASSED] - callTestCase(findTestCase("Mobile/Page/Login/Login"), ["action":"wrongpassword"], CONTINUE_ON_FAILURE): Call Test Case 'Test Cases/Mobile/Page/Login/Login' successfully

2022-02-16 21:59:01 - [TEST_CASE][PASSED] - Test Cases/Mobile/Page/Login/Login: Test Cases/Mobile/Page/Login/Login

2022-02-16 21:59:01 - [TEST_STEP][PASSED] - delay(2): Delayed 2 second(s)

2022-02-16 21:59:03 - [MESSAGE][PASSED] - Delayed 2 second(s)

2022-02-16 21:59:03 - [TEST_STEP][PASSED] - for ([i = 0, i < 1, (i++)]): null

2022-02-16 21:59:03 - [TEST_STEP][PASSED] - if (action == "username"): null

2022-02-16 21:59:03 - [TEST_STEP][PASSED] - else if (action == "wrongpassword"): null

2022-02-16 21:59:03 - [TEST_STEP][PASSED] - tap(LOGN_EdtUserID, 0): Tapped on element 'Object Repository/Mobile/Page/Login/Input - UserID'

2022-02-16 21:59:03 - [MESSAGE][WARNING] - Timeout '0' is invalid. Using default page load timeout: '60'

2022-02-16 21:59:04 - [MESSAGE][PASSED] - Tapped on element 'Object Repository/Mobile/Page/Login/Input - UserID'

2022-02-16 21:59:04 - [TEST_STEP][PASSED] - delay(1): Delayed 1 second(s)

2022-02-16 21:59:05 - [MESSAGE][PASSED] - Delayed 1 second(s)

2022-02-16 21:59:05 - [TEST_STEP][PASSED] - setText(LOGN_EdtRdyUserID, "anggaaditya", 0): Text 'anggaaditya' has been set to element 'Object Repository/Mobile/Page/Login/Input Rdy - UserID'

2022-02-16 21:59:05 - [MESSAGE][WARNING] - Timeout '0' is invalid. Using default page load timeout: '60'

2022-02-16 21:59:06 - [MESSAGE][PASSED] - Text 'anggaaditya' has been set to element 'Object Repository/Mobile/Page/Login/Input Rdy - UserID'

2022-02-16 21:59:06 - [TEST_STEP][PASSED] - delay(1): Delayed 1 second(s)

2022-02-16 21:59:07 - [MESSAGE][PASSED] - Delayed 1 second(s)

2022-02-16 21:59:07 - [TEST_STEP][PASSED] - hideKeyboard(): Keyboard is hidden

2022-02-16 21:59:12 - [MESSAGE][PASSED] - Keyboard is hidden

2022-02-16 21:59:12 - [TEST_STEP][PASSED] - tap(LOGN_EdtPassword, 0): Tapped on element 'Object Repository/Mobile/Page/Login/Input - Password'

2022-02-16 21:59:12 - [MESSAGE][WARNING] - Timeout '0' is invalid. Using default page load timeout: '60'

2022-02-16 21:59:13 - [MESSAGE][PASSED] - Tapped on element 'Object Repository/Mobile/Page/Login/Input - Password'

2022-02-16 21:59:13 - [TEST_STEP][PASSED] - delay(1): Delayed 1 second(s)

2022-02-16 21:59:14 - [MESSAGE][PASSED] - Delayed 1 second(s)

2022-02-16 21:59:14 - [TEST_STEP][PASSED] - setText(LOGN_EdtRdyPassword, "Shalawa181", 0): Text 'Shalawa181' has been set to element 'Object Repository/Mobile/Page/Login/Input Rdy - Password'

2022-02-16 21:59:14 - [MESSAGE][WARNING] - Timeout '0' is invalid. Using default page load timeout: '60'

2022-02-16 21:59:14 - [MESSAGE][PASSED] - Text 'Shalawa181' has been set to element 'Object Repository/Mobile/Page/Login/Input Rdy - Password'

2022-02-16 21:59:14 - [TEST_STEP][PASSED] - delay(1): Delayed 1 second(s)

2022-02-16 21:59:15 - [MESSAGE][PASSED] - Delayed 1 second(s)

2022-02-16 21:59:15 - [TEST_STEP][PASSED] - hideKeyboard(): Keyboard is hidden

2022-02-16 21:59:24 - [MESSAGE][PASSED] - Keyboard is hidden

2022-02-16 21:59:24 - [TEST_STEP][PASSED] - tap(LOGN_BtnLogin, 0): Tapped on element 'Object Repository/Mobile/Page/Login/Button - Login'

2022-02-16 21:59:24 - [MESSAGE][WARNING] - Timeout '0' is invalid. Using default page load timeout: '60'

2022-02-16 21:59:25 - [MESSAGE][PASSED] - Tapped on element 'Object Repository/Mobile/Page/Login/Button - Login'

2022-02-16 21:59:25 - [TEST_STEP][PASSED] - delay(2): Delayed 2 second(s)

2022-02-16 21:59:27 - [MESSAGE][PASSED] - Delayed 2 second(s)

2022-02-16 21:59:27 - [TEST_STEP][PASSED] - verify = verifyElementExist(LOGN_AlertInvalidCredentials, 5, STOP_ON_FAILURE): Element 'Object Repository/Mobile/Page/Login/Alert - Invalid credentials' is exist

2022-02-16 21:59:28 - [MESSAGE][PASSED] - Element 'Object Repository/Mobile/Page/Login/Alert - Invalid credentials' is exist

2022-02-16 21:59:28 - [TEST_STEP][PASSED] - break: null

2022-02-16 21:59:28 - [MESSAGE][PASSED] - Call Test Case 'Test Cases/Mobile/Page/Login/Login' successfully

2022-02-16 21:59:28 - [TEST_STEP][PASSED] - callTestCase(findTestCase("Mobile/Page/Run App/Terminate App"), [:], STOP_ON_FAILURE): Call Test Case 'Test Cases/Mobile/Page/Run App/Terminate App' successfully

2022-02-16 21:59:28 - [TEST_CASE][PASSED] - Test Cases/Mobile/Page/Run App/Terminate App: Test Cases/Mobile/Page/Run App/Terminate App

2022-02-16 21:59:28 - [TEST_STEP][PASSED] - startApp.OpenApp.terminateApplication(): startApp.OpenApp.terminateApplication is PASSED

2022-02-16 21:59:31 - [MESSAGE][PASSED] - Delayed 3 second(s)

2022-02-16 21:59:32 - [MESSAGE][PASSED] - Current device physical width is 720

2022-02-16 21:59:32 - [MESSAGE][PASSED] - Current device physical height is 1423

2022-02-16 21:59:33 - [MESSAGE][PASSED] - Swiped from 360,853 to 360,142

2022-02-16 21:59:34 - [MESSAGE][PASSED] - Delayed 1 second(s)

2022-02-16 21:59:35 - [MESSAGE][PASSED] - Swiped from 360,853 to 360,142

2022-02-16 21:59:38 - [MESSAGE][PASSED] - Delayed 3 second(s)

2022-02-16 21:59:38 - [MESSAGE][PASSED] - startApp.OpenApp.terminateApplication is PASSED

2022-02-16 21:59:38 - [MESSAGE][PASSED] - Call Test Case 'Test Cases/Mobile/Page/Run App/Terminate App' successfully]]></system-out>
         <system-err><![CDATA[]]></system-err>
      </testcase>
      <testcase name="Test Cases/Mobile/Scenario/Login/003 - Login tanpa internet" time="68.374" classname="Test Cases/Mobile/Scenario/Login/003 - Login tanpa internet" status="PASSED">
         <system-out><![CDATA[2022-02-16 21:59:38 - [TEST_CASE][PASSED] - Test Cases/Mobile/Scenario/Login/003 - Login tanpa internet: Test Cases/Mobile/Scenario/Login/003 - Login tanpa internet

2022-02-16 21:59:39 - [TEST_STEP][PASSED] - callTestCase(findTestCase("Mobile/Page/Run App/Run App byID"), [:], STOP_ON_FAILURE): Call Test Case 'Test Cases/Mobile/Page/Run App/Run App byID' successfully

2022-02-16 21:59:39 - [TEST_CASE][PASSED] - Test Cases/Mobile/Page/Run App/Run App byID: Test Cases/Mobile/Page/Run App/Run App byID

2022-02-16 21:59:39 - [TEST_STEP][PASSED] - startApp.OpenApp.startApplication("id.co.miraeasset.sageclub"): startApp.OpenApp.startApplication is PASSED

2022-02-16 21:59:54 - [MESSAGE][PASSED] - Starting app with application ID: 'id.co.miraeasset.sageclub'

2022-02-16 21:59:54 - [MESSAGE][PASSED] - startApp.OpenApp.startApplication is PASSED

2022-02-16 21:59:54 - [MESSAGE][PASSED] - Call Test Case 'Test Cases/Mobile/Page/Run App/Run App byID' successfully

2022-02-16 21:59:54 - [TEST_STEP][PASSED] - callTestCase(findTestCase("Mobile/Page/Login/Login"), ["action":"nointernet"], CONTINUE_ON_FAILURE): Call Test Case 'Test Cases/Mobile/Page/Login/Login' successfully

2022-02-16 21:59:54 - [TEST_CASE][PASSED] - Test Cases/Mobile/Page/Login/Login: Test Cases/Mobile/Page/Login/Login

2022-02-16 21:59:54 - [TEST_STEP][PASSED] - delay(2): Delayed 2 second(s)

2022-02-16 21:59:56 - [MESSAGE][PASSED] - Delayed 2 second(s)

2022-02-16 21:59:56 - [TEST_STEP][PASSED] - for ([i = 0, i < 1, (i++)]): null

2022-02-16 21:59:56 - [TEST_STEP][PASSED] - if (action == "username"): null

2022-02-16 21:59:56 - [TEST_STEP][PASSED] - else if (action == "wrongpassword"): null

2022-02-16 21:59:56 - [TEST_STEP][PASSED] - else if (action == "nointernet"): null

2022-02-16 21:59:56 - [TEST_STEP][PASSED] - scroll.scroll.scrollNotificationBar(): scroll.scroll.scrollNotificationBar is PASSED

2022-02-16 21:59:56 - [MESSAGE][PASSED] - Current device physical height is 1423

2022-02-16 21:59:58 - [MESSAGE][PASSED] - Swiped from 50,50 to 50,1,138

2022-02-16 21:59:58 - [MESSAGE][PASSED] - scroll.scroll.scrollNotificationBar is PASSED

2022-02-16 21:59:58 - [TEST_STEP][PASSED] - delay(1): Delayed 1 second(s)

2022-02-16 21:59:59 - [MESSAGE][PASSED] - Delayed 1 second(s)

2022-02-16 21:59:59 - [TEST_STEP][PASSED] - tap(OTHR_BtnWifi, 0): Tapped on element 'Object Repository/Mobile/Page/Others/Button - Wifi'

2022-02-16 21:59:59 - [MESSAGE][WARNING] - Timeout '0' is invalid. Using default page load timeout: '60'

2022-02-16 22:00:01 - [MESSAGE][PASSED] - Tapped on element 'Object Repository/Mobile/Page/Others/Button - Wifi'

2022-02-16 22:00:01 - [TEST_STEP][PASSED] - delay(1): Delayed 1 second(s)

2022-02-16 22:00:02 - [MESSAGE][PASSED] - Delayed 1 second(s)

2022-02-16 22:00:02 - [TEST_STEP][PASSED] - pressBack(): Press back button successfully

2022-02-16 22:00:03 - [MESSAGE][PASSED] - Press back button successfully

2022-02-16 22:00:03 - [TEST_STEP][PASSED] - tap(LOGN_EdtUserID, 0): Tapped on element 'Object Repository/Mobile/Page/Login/Input - UserID'

2022-02-16 22:00:03 - [MESSAGE][WARNING] - Timeout '0' is invalid. Using default page load timeout: '60'

2022-02-16 22:00:04 - [MESSAGE][PASSED] - Tapped on element 'Object Repository/Mobile/Page/Login/Input - UserID'

2022-02-16 22:00:04 - [TEST_STEP][PASSED] - delay(1): Delayed 1 second(s)

2022-02-16 22:00:05 - [MESSAGE][PASSED] - Delayed 1 second(s)

2022-02-16 22:00:05 - [TEST_STEP][PASSED] - setText(LOGN_EdtRdyUserID, "anggaaditya", 0): Text 'anggaaditya' has been set to element 'Object Repository/Mobile/Page/Login/Input Rdy - UserID'

2022-02-16 22:00:05 - [MESSAGE][WARNING] - Timeout '0' is invalid. Using default page load timeout: '60'

2022-02-16 22:00:06 - [MESSAGE][PASSED] - Text 'anggaaditya' has been set to element 'Object Repository/Mobile/Page/Login/Input Rdy - UserID'

2022-02-16 22:00:06 - [TEST_STEP][PASSED] - delay(1): Delayed 1 second(s)

2022-02-16 22:00:07 - [MESSAGE][PASSED] - Delayed 1 second(s)

2022-02-16 22:00:07 - [TEST_STEP][PASSED] - hideKeyboard(): Keyboard is hidden

2022-02-16 22:00:15 - [MESSAGE][PASSED] - Keyboard is hidden

2022-02-16 22:00:15 - [TEST_STEP][PASSED] - tap(LOGN_EdtPassword, 0): Tapped on element 'Object Repository/Mobile/Page/Login/Input - Password'

2022-02-16 22:00:15 - [MESSAGE][WARNING] - Timeout '0' is invalid. Using default page load timeout: '60'

2022-02-16 22:00:15 - [MESSAGE][PASSED] - Tapped on element 'Object Repository/Mobile/Page/Login/Input - Password'

2022-02-16 22:00:15 - [TEST_STEP][PASSED] - delay(1): Delayed 1 second(s)

2022-02-16 22:00:16 - [MESSAGE][PASSED] - Delayed 1 second(s)

2022-02-16 22:00:16 - [TEST_STEP][PASSED] - setText(LOGN_EdtRdyPassword, "Shalawa18", 0): Text 'Shalawa18' has been set to element 'Object Repository/Mobile/Page/Login/Input Rdy - Password'

2022-02-16 22:00:16 - [MESSAGE][WARNING] - Timeout '0' is invalid. Using default page load timeout: '60'

2022-02-16 22:00:17 - [MESSAGE][PASSED] - Text 'Shalawa18' has been set to element 'Object Repository/Mobile/Page/Login/Input Rdy - Password'

2022-02-16 22:00:17 - [TEST_STEP][PASSED] - delay(1): Delayed 1 second(s)

2022-02-16 22:00:18 - [MESSAGE][PASSED] - Delayed 1 second(s)

2022-02-16 22:00:18 - [TEST_STEP][PASSED] - hideKeyboard(): Keyboard is hidden

2022-02-16 22:00:27 - [MESSAGE][PASSED] - Keyboard is hidden

2022-02-16 22:00:27 - [TEST_STEP][PASSED] - tap(LOGN_BtnLogin, 0): Tapped on element 'Object Repository/Mobile/Page/Login/Button - Login'

2022-02-16 22:00:27 - [MESSAGE][WARNING] - Timeout '0' is invalid. Using default page load timeout: '60'

2022-02-16 22:00:29 - [MESSAGE][PASSED] - Tapped on element 'Object Repository/Mobile/Page/Login/Button - Login'

2022-02-16 22:00:29 - [TEST_STEP][PASSED] - delay(2): Delayed 2 second(s)

2022-02-16 22:00:31 - [MESSAGE][PASSED] - Delayed 2 second(s)

2022-02-16 22:00:31 - [TEST_STEP][PASSED] - verify = verifyElementExist(LOGN_AlertCheckYourNetwork, 5, STOP_ON_FAILURE): Element 'Object Repository/Mobile/Page/Login/Alert - Check your network' is exist

2022-02-16 22:00:31 - [MESSAGE][PASSED] - Element 'Object Repository/Mobile/Page/Login/Alert - Check your network' is exist

2022-02-16 22:00:31 - [TEST_STEP][PASSED] - scroll.scroll.scrollNotificationBar(): scroll.scroll.scrollNotificationBar is PASSED

2022-02-16 22:00:31 - [MESSAGE][PASSED] - Current device physical height is 1423

2022-02-16 22:00:33 - [MESSAGE][PASSED] - Swiped from 50,50 to 50,1,138

2022-02-16 22:00:33 - [MESSAGE][PASSED] - scroll.scroll.scrollNotificationBar is PASSED

2022-02-16 22:00:33 - [TEST_STEP][PASSED] - delay(1): Delayed 1 second(s)

2022-02-16 22:00:34 - [MESSAGE][PASSED] - Delayed 1 second(s)

2022-02-16 22:00:34 - [TEST_STEP][PASSED] - tap(OTHR_BtnWifi, 0): Tapped on element 'Object Repository/Mobile/Page/Others/Button - Wifi'

2022-02-16 22:00:34 - [MESSAGE][WARNING] - Timeout '0' is invalid. Using default page load timeout: '60'

2022-02-16 22:00:34 - [MESSAGE][PASSED] - Tapped on element 'Object Repository/Mobile/Page/Others/Button - Wifi'

2022-02-16 22:00:34 - [TEST_STEP][PASSED] - delay(1): Delayed 1 second(s)

2022-02-16 22:00:35 - [MESSAGE][PASSED] - Delayed 1 second(s)

2022-02-16 22:00:35 - [TEST_STEP][PASSED] - pressBack(): Press back button successfully

2022-02-16 22:00:36 - [MESSAGE][PASSED] - Press back button successfully

2022-02-16 22:00:36 - [TEST_STEP][PASSED] - break: null

2022-02-16 22:00:36 - [MESSAGE][PASSED] - Call Test Case 'Test Cases/Mobile/Page/Login/Login' successfully

2022-02-16 22:00:36 - [TEST_STEP][PASSED] - callTestCase(findTestCase("Mobile/Page/Run App/Terminate App"), [:], STOP_ON_FAILURE): Call Test Case 'Test Cases/Mobile/Page/Run App/Terminate App' successfully

2022-02-16 22:00:36 - [TEST_CASE][PASSED] - Test Cases/Mobile/Page/Run App/Terminate App: Test Cases/Mobile/Page/Run App/Terminate App

2022-02-16 22:00:36 - [TEST_STEP][PASSED] - startApp.OpenApp.terminateApplication(): startApp.OpenApp.terminateApplication is PASSED

2022-02-16 22:00:40 - [MESSAGE][PASSED] - Delayed 3 second(s)

2022-02-16 22:00:40 - [MESSAGE][PASSED] - Current device physical width is 720

2022-02-16 22:00:40 - [MESSAGE][PASSED] - Current device physical height is 1423

2022-02-16 22:00:41 - [MESSAGE][PASSED] - Swiped from 360,853 to 360,142

2022-02-16 22:00:42 - [MESSAGE][PASSED] - Delayed 1 second(s)

2022-02-16 22:00:44 - [MESSAGE][PASSED] - Swiped from 360,853 to 360,142

2022-02-16 22:00:47 - [MESSAGE][PASSED] - Delayed 3 second(s)

2022-02-16 22:00:47 - [MESSAGE][PASSED] - startApp.OpenApp.terminateApplication is PASSED

2022-02-16 22:00:47 - [MESSAGE][PASSED] - Call Test Case 'Test Cases/Mobile/Page/Run App/Terminate App' successfully]]></system-out>
         <system-err><![CDATA[]]></system-err>
      </testcase>
      <testcase name="Test Cases/Mobile/Scenario/Login/004 - Login dengan mengaktifkan visible password" time="47.975" classname="Test Cases/Mobile/Scenario/Login/004 - Login dengan mengaktifkan visible password" status="PASSED">
         <system-out><![CDATA[2022-02-16 22:00:47 - [TEST_CASE][PASSED] - Test Cases/Mobile/Scenario/Login/004 - Login dengan mengaktifkan visible password: Test Cases/Mobile/Scenario/Login/004 - Login dengan mengaktifkan visible password

2022-02-16 22:00:47 - [TEST_STEP][PASSED] - callTestCase(findTestCase("Mobile/Page/Run App/Run App byID"), [:], STOP_ON_FAILURE): Call Test Case 'Test Cases/Mobile/Page/Run App/Run App byID' successfully

2022-02-16 22:00:47 - [TEST_CASE][PASSED] - Test Cases/Mobile/Page/Run App/Run App byID: Test Cases/Mobile/Page/Run App/Run App byID

2022-02-16 22:00:47 - [TEST_STEP][PASSED] - startApp.OpenApp.startApplication("id.co.miraeasset.sageclub"): startApp.OpenApp.startApplication is PASSED

2022-02-16 22:01:02 - [MESSAGE][PASSED] - Starting app with application ID: 'id.co.miraeasset.sageclub'

2022-02-16 22:01:02 - [MESSAGE][PASSED] - startApp.OpenApp.startApplication is PASSED

2022-02-16 22:01:02 - [MESSAGE][PASSED] - Call Test Case 'Test Cases/Mobile/Page/Run App/Run App byID' successfully

2022-02-16 22:01:02 - [TEST_STEP][PASSED] - callTestCase(findTestCase("Mobile/Page/Login/Login"), ["action":"visiblepassword"], CONTINUE_ON_FAILURE): Call Test Case 'Test Cases/Mobile/Page/Login/Login' successfully

2022-02-16 22:01:02 - [TEST_CASE][PASSED] - Test Cases/Mobile/Page/Login/Login: Test Cases/Mobile/Page/Login/Login

2022-02-16 22:01:02 - [TEST_STEP][PASSED] - delay(2): Delayed 2 second(s)

2022-02-16 22:01:04 - [MESSAGE][PASSED] - Delayed 2 second(s)

2022-02-16 22:01:04 - [TEST_STEP][PASSED] - for ([i = 0, i < 1, (i++)]): null

2022-02-16 22:01:04 - [TEST_STEP][PASSED] - if (action == "username"): null

2022-02-16 22:01:04 - [TEST_STEP][PASSED] - else if (action == "wrongpassword"): null

2022-02-16 22:01:04 - [TEST_STEP][PASSED] - else if (action == "nointernet"): null

2022-02-16 22:01:04 - [TEST_STEP][PASSED] - else if (action == "visiblepassword"): null

2022-02-16 22:01:04 - [TEST_STEP][PASSED] - tap(LOGN_EdtUserID, 0): Tapped on element 'Object Repository/Mobile/Page/Login/Input - UserID'

2022-02-16 22:01:04 - [MESSAGE][WARNING] - Timeout '0' is invalid. Using default page load timeout: '60'

2022-02-16 22:01:04 - [MESSAGE][PASSED] - Tapped on element 'Object Repository/Mobile/Page/Login/Input - UserID'

2022-02-16 22:01:04 - [TEST_STEP][PASSED] - delay(1): Delayed 1 second(s)

2022-02-16 22:01:05 - [MESSAGE][PASSED] - Delayed 1 second(s)

2022-02-16 22:01:05 - [TEST_STEP][PASSED] - setText(LOGN_EdtRdyUserID, "anggaaditya", 0): Text 'anggaaditya' has been set to element 'Object Repository/Mobile/Page/Login/Input Rdy - UserID'

2022-02-16 22:01:05 - [MESSAGE][WARNING] - Timeout '0' is invalid. Using default page load timeout: '60'

2022-02-16 22:01:06 - [MESSAGE][PASSED] - Text 'anggaaditya' has been set to element 'Object Repository/Mobile/Page/Login/Input Rdy - UserID'

2022-02-16 22:01:06 - [TEST_STEP][PASSED] - delay(1): Delayed 1 second(s)

2022-02-16 22:01:07 - [MESSAGE][PASSED] - Delayed 1 second(s)

2022-02-16 22:01:07 - [TEST_STEP][PASSED] - hideKeyboard(): Keyboard is hidden

2022-02-16 22:01:12 - [MESSAGE][PASSED] - Keyboard is hidden

2022-02-16 22:01:12 - [TEST_STEP][PASSED] - top = getElementTopPosition(LOGN_EdtPassword, 0): Object 'Object Repository/Mobile/Page/Login/Input - Password' has top position '842'

2022-02-16 22:01:12 - [MESSAGE][WARNING] - Timeout '0' is invalid. Using default page load timeout: '60'

2022-02-16 22:01:12 - [MESSAGE][PASSED] - Object 'Object Repository/Mobile/Page/Login/Input - Password' has top position '842'

2022-02-16 22:01:12 - [TEST_STEP][PASSED] - left = getElementLeftPosition(LOGN_EdtPassword, 0): Object 'Object Repository/Mobile/Page/Login/Input - Password' has left position '32'

2022-02-16 22:01:12 - [MESSAGE][WARNING] - Timeout '0' is invalid. Using default page load timeout: '60'

2022-02-16 22:01:12 - [MESSAGE][PASSED] - Object 'Object Repository/Mobile/Page/Login/Input - Password' has left position '32'

2022-02-16 22:01:12 - [TEST_STEP][PASSED] - x = left + getElementWidth(LOGN_EdtPassword, 0) * 0.9: Object 'Object Repository/Mobile/Page/Login/Input - Password' has width: '657'

2022-02-16 22:01:12 - [MESSAGE][WARNING] - Timeout '0' is invalid. Using default page load timeout: '60'

2022-02-16 22:01:13 - [MESSAGE][PASSED] - Object 'Object Repository/Mobile/Page/Login/Input - Password' has width: '657'

2022-02-16 22:01:13 - [TEST_STEP][PASSED] - y = top + getElementHeight(LOGN_EdtPassword, 0) / 2: Object 'Object Repository/Mobile/Page/Login/Input - Password' has height: '84'

2022-02-16 22:01:13 - [MESSAGE][WARNING] - Timeout '0' is invalid. Using default page load timeout: '60'

2022-02-16 22:01:13 - [MESSAGE][PASSED] - Object 'Object Repository/Mobile/Page/Login/Input - Password' has height: '84'

2022-02-16 22:01:13 - [TEST_STEP][PASSED] - tapAtPosition(x, y): Tapped at [623, 884]

2022-02-16 22:01:14 - [MESSAGE][PASSED] - Tapped at [623, 884]

2022-02-16 22:01:14 - [TEST_STEP][PASSED] - delay(1): Delayed 1 second(s)

2022-02-16 22:01:15 - [MESSAGE][PASSED] - Delayed 1 second(s)

2022-02-16 22:01:15 - [TEST_STEP][PASSED] - tap(LOGN_EdtPassword, 0): Tapped on element 'Object Repository/Mobile/Page/Login/Input - Password'

2022-02-16 22:01:15 - [MESSAGE][WARNING] - Timeout '0' is invalid. Using default page load timeout: '60'

2022-02-16 22:01:15 - [MESSAGE][PASSED] - Tapped on element 'Object Repository/Mobile/Page/Login/Input - Password'

2022-02-16 22:01:15 - [TEST_STEP][PASSED] - delay(1): Delayed 1 second(s)

2022-02-16 22:01:16 - [MESSAGE][PASSED] - Delayed 1 second(s)

2022-02-16 22:01:16 - [TEST_STEP][PASSED] - setText(LOGN_EdtRdyPassword, "Shalawa18", 0): Text 'Shalawa18' has been set to element 'Object Repository/Mobile/Page/Login/Input Rdy - Password'

2022-02-16 22:01:16 - [MESSAGE][WARNING] - Timeout '0' is invalid. Using default page load timeout: '60'

2022-02-16 22:01:16 - [MESSAGE][PASSED] - Text 'Shalawa18' has been set to element 'Object Repository/Mobile/Page/Login/Input Rdy - Password'

2022-02-16 22:01:16 - [TEST_STEP][PASSED] - delay(1): Delayed 1 second(s)

2022-02-16 22:01:17 - [MESSAGE][PASSED] - Delayed 1 second(s)

2022-02-16 22:01:17 - [TEST_STEP][PASSED] - hideKeyboard(): Keyboard is hidden

2022-02-16 22:01:22 - [MESSAGE][PASSED] - Keyboard is hidden

2022-02-16 22:01:22 - [TEST_STEP][PASSED] - tap(LOGN_BtnLogin, 0): Tapped on element 'Object Repository/Mobile/Page/Login/Button - Login'

2022-02-16 22:01:22 - [MESSAGE][WARNING] - Timeout '0' is invalid. Using default page load timeout: '60'

2022-02-16 22:01:22 - [MESSAGE][PASSED] - Tapped on element 'Object Repository/Mobile/Page/Login/Button - Login'

2022-02-16 22:01:22 - [TEST_STEP][PASSED] - delay(2): Delayed 2 second(s)

2022-02-16 22:01:24 - [MESSAGE][PASSED] - Delayed 2 second(s)

2022-02-16 22:01:24 - [TEST_STEP][PASSED] - break: null

2022-02-16 22:01:24 - [MESSAGE][PASSED] - Call Test Case 'Test Cases/Mobile/Page/Login/Login' successfully

2022-02-16 22:01:24 - [TEST_STEP][PASSED] - callTestCase(findTestCase("Mobile/Page/Run App/Terminate App"), [:], STOP_ON_FAILURE): Call Test Case 'Test Cases/Mobile/Page/Run App/Terminate App' successfully

2022-02-16 22:01:25 - [TEST_CASE][PASSED] - Test Cases/Mobile/Page/Run App/Terminate App: Test Cases/Mobile/Page/Run App/Terminate App

2022-02-16 22:01:25 - [TEST_STEP][PASSED] - startApp.OpenApp.terminateApplication(): startApp.OpenApp.terminateApplication is PASSED

2022-02-16 22:01:28 - [MESSAGE][PASSED] - Delayed 3 second(s)

2022-02-16 22:01:28 - [MESSAGE][PASSED] - Current device physical width is 720

2022-02-16 22:01:28 - [MESSAGE][PASSED] - Current device physical height is 1423

2022-02-16 22:01:29 - [MESSAGE][PASSED] - Swiped from 360,853 to 360,142

2022-02-16 22:01:30 - [MESSAGE][PASSED] - Delayed 1 second(s)

2022-02-16 22:01:32 - [MESSAGE][PASSED] - Swiped from 360,853 to 360,142

2022-02-16 22:01:35 - [MESSAGE][PASSED] - Delayed 3 second(s)

2022-02-16 22:01:35 - [MESSAGE][PASSED] - startApp.OpenApp.terminateApplication is PASSED

2022-02-16 22:01:35 - [MESSAGE][PASSED] - Call Test Case 'Test Cases/Mobile/Page/Run App/Terminate App' successfully]]></system-out>
         <system-err><![CDATA[]]></system-err>
      </testcase>
      <testcase name="Test Cases/Mobile/Scenario/Login/005 - Login menggunakan username dengan membatalkan fingerprint" time="52.21" classname="Test Cases/Mobile/Scenario/Login/005 - Login menggunakan username dengan membatalkan fingerprint" status="PASSED">
         <system-out><![CDATA[2022-02-16 22:01:35 - [TEST_CASE][PASSED] - Test Cases/Mobile/Scenario/Login/005 - Login menggunakan username dengan membatalkan fingerprint: Test Cases/Mobile/Scenario/Login/005 - Login menggunakan username dengan membatalkan fingerprint

2022-02-16 22:01:35 - [TEST_STEP][PASSED] - callTestCase(findTestCase("Mobile/Page/Run App/Run App byID"), [:], STOP_ON_FAILURE): Call Test Case 'Test Cases/Mobile/Page/Run App/Run App byID' successfully

2022-02-16 22:01:35 - [TEST_CASE][PASSED] - Test Cases/Mobile/Page/Run App/Run App byID: Test Cases/Mobile/Page/Run App/Run App byID

2022-02-16 22:01:35 - [TEST_STEP][PASSED] - startApp.OpenApp.startApplication("id.co.miraeasset.sageclub"): startApp.OpenApp.startApplication is PASSED

2022-02-16 22:01:49 - [MESSAGE][PASSED] - Starting app with application ID: 'id.co.miraeasset.sageclub'

2022-02-16 22:01:49 - [MESSAGE][PASSED] - startApp.OpenApp.startApplication is PASSED

2022-02-16 22:01:49 - [MESSAGE][PASSED] - Call Test Case 'Test Cases/Mobile/Page/Run App/Run App byID' successfully

2022-02-16 22:01:49 - [TEST_STEP][PASSED] - callTestCase(findTestCase("Mobile/Page/Login/Login"), ["action":"cancelfingerprint"], CONTINUE_ON_FAILURE): Call Test Case 'Test Cases/Mobile/Page/Login/Login' successfully

2022-02-16 22:01:49 - [TEST_CASE][PASSED] - Test Cases/Mobile/Page/Login/Login: Test Cases/Mobile/Page/Login/Login

2022-02-16 22:01:49 - [TEST_STEP][PASSED] - delay(2): Delayed 2 second(s)

2022-02-16 22:01:51 - [MESSAGE][PASSED] - Delayed 2 second(s)

2022-02-16 22:01:51 - [TEST_STEP][PASSED] - for ([i = 0, i < 1, (i++)]): Delayed 2 second(s)

2022-02-16 22:01:51 - [TEST_STEP][PASSED] - if (action == "username"): null

2022-02-16 22:01:51 - [TEST_STEP][PASSED] - else if (action == "wrongpassword"): null

2022-02-16 22:01:51 - [TEST_STEP][PASSED] - else if (action == "nointernet"): null

2022-02-16 22:01:51 - [TEST_STEP][PASSED] - else if (action == "visiblepassword"): null

2022-02-16 22:01:51 - [TEST_STEP][PASSED] - else if (action == "cancelfingerprint"): Delayed 2 second(s)

2022-02-16 22:01:51 - [TEST_STEP][PASSED] - tap(LOGN_BtnFingerprint, 0): Tapped on element 'Object Repository/Mobile/Page/Login/Button - Fingerprint'

2022-02-16 22:01:51 - [MESSAGE][WARNING] - Timeout '0' is invalid. Using default page load timeout: '60'

2022-02-16 22:01:52 - [MESSAGE][PASSED] - Tapped on element 'Object Repository/Mobile/Page/Login/Button - Fingerprint'

2022-02-16 22:01:52 - [TEST_STEP][PASSED] - delay(1): Delayed 1 second(s)

2022-02-16 22:01:53 - [MESSAGE][PASSED] - Delayed 1 second(s)

2022-02-16 22:01:53 - [TEST_STEP][PASSED] - pressBack(): Press back button successfully

2022-02-16 22:01:54 - [MESSAGE][PASSED] - Press back button successfully

2022-02-16 22:01:54 - [TEST_STEP][PASSED] - delay(1): Delayed 1 second(s)

2022-02-16 22:01:55 - [MESSAGE][PASSED] - Delayed 1 second(s)

2022-02-16 22:01:55 - [TEST_STEP][PASSED] - tap(LOGN_EdtUserID, 0): Tapped on element 'Object Repository/Mobile/Page/Login/Input - UserID'

2022-02-16 22:01:55 - [MESSAGE][WARNING] - Timeout '0' is invalid. Using default page load timeout: '60'

2022-02-16 22:01:55 - [MESSAGE][PASSED] - Tapped on element 'Object Repository/Mobile/Page/Login/Input - UserID'

2022-02-16 22:01:55 - [TEST_STEP][PASSED] - delay(1): Delayed 1 second(s)

2022-02-16 22:01:56 - [MESSAGE][PASSED] - Delayed 1 second(s)

2022-02-16 22:01:56 - [TEST_STEP][PASSED] - setText(LOGN_EdtRdyUserID, "anggaaditya", 0): Text 'anggaaditya' has been set to element 'Object Repository/Mobile/Page/Login/Input Rdy - UserID'

2022-02-16 22:01:56 - [MESSAGE][WARNING] - Timeout '0' is invalid. Using default page load timeout: '60'

2022-02-16 22:01:57 - [MESSAGE][PASSED] - Text 'anggaaditya' has been set to element 'Object Repository/Mobile/Page/Login/Input Rdy - UserID'

2022-02-16 22:01:57 - [TEST_STEP][PASSED] - delay(1): Delayed 1 second(s)

2022-02-16 22:01:58 - [MESSAGE][PASSED] - Delayed 1 second(s)

2022-02-16 22:01:58 - [TEST_STEP][PASSED] - hideKeyboard(): Keyboard is hidden

2022-02-16 22:02:04 - [MESSAGE][PASSED] - Keyboard is hidden

2022-02-16 22:02:04 - [TEST_STEP][PASSED] - tap(LOGN_EdtPassword, 0): Tapped on element 'Object Repository/Mobile/Page/Login/Input - Password'

2022-02-16 22:02:04 - [MESSAGE][WARNING] - Timeout '0' is invalid. Using default page load timeout: '60'

2022-02-16 22:02:04 - [MESSAGE][PASSED] - Tapped on element 'Object Repository/Mobile/Page/Login/Input - Password'

2022-02-16 22:02:04 - [TEST_STEP][PASSED] - delay(1): Delayed 1 second(s)

2022-02-16 22:02:05 - [MESSAGE][PASSED] - Delayed 1 second(s)

2022-02-16 22:02:05 - [TEST_STEP][PASSED] - setText(LOGN_EdtRdyPassword, "Shalawa18", 0): Text 'Shalawa18' has been set to element 'Object Repository/Mobile/Page/Login/Input Rdy - Password'

2022-02-16 22:02:05 - [MESSAGE][WARNING] - Timeout '0' is invalid. Using default page load timeout: '60'

2022-02-16 22:02:06 - [MESSAGE][PASSED] - Text 'Shalawa18' has been set to element 'Object Repository/Mobile/Page/Login/Input Rdy - Password'

2022-02-16 22:02:06 - [TEST_STEP][PASSED] - delay(1): Delayed 1 second(s)

2022-02-16 22:02:07 - [MESSAGE][PASSED] - Delayed 1 second(s)

2022-02-16 22:02:07 - [TEST_STEP][PASSED] - hideKeyboard(): Keyboard is hidden

2022-02-16 22:02:14 - [MESSAGE][PASSED] - Keyboard is hidden

2022-02-16 22:02:14 - [TEST_STEP][PASSED] - tap(LOGN_BtnLogin, 0): Tapped on element 'Object Repository/Mobile/Page/Login/Button - Login'

2022-02-16 22:02:14 - [MESSAGE][WARNING] - Timeout '0' is invalid. Using default page load timeout: '60'

2022-02-16 22:02:14 - [MESSAGE][PASSED] - Tapped on element 'Object Repository/Mobile/Page/Login/Button - Login'

2022-02-16 22:02:14 - [TEST_STEP][PASSED] - delay(2): Delayed 2 second(s)

2022-02-16 22:02:17 - [MESSAGE][PASSED] - Delayed 2 second(s)

2022-02-16 22:02:17 - [MESSAGE][PASSED] - Call Test Case 'Test Cases/Mobile/Page/Login/Login' successfully

2022-02-16 22:02:17 - [TEST_STEP][PASSED] - callTestCase(findTestCase("Mobile/Page/Run App/Terminate App"), [:], STOP_ON_FAILURE): Call Test Case 'Test Cases/Mobile/Page/Run App/Terminate App' successfully

2022-02-16 22:02:17 - [TEST_CASE][PASSED] - Test Cases/Mobile/Page/Run App/Terminate App: Test Cases/Mobile/Page/Run App/Terminate App

2022-02-16 22:02:17 - [TEST_STEP][PASSED] - startApp.OpenApp.terminateApplication(): startApp.OpenApp.terminateApplication is PASSED

2022-02-16 22:02:20 - [MESSAGE][PASSED] - Delayed 3 second(s)

2022-02-16 22:02:20 - [MESSAGE][PASSED] - Current device physical width is 720

2022-02-16 22:02:20 - [MESSAGE][PASSED] - Current device physical height is 1423

2022-02-16 22:02:22 - [MESSAGE][PASSED] - Swiped from 360,853 to 360,142

2022-02-16 22:02:23 - [MESSAGE][PASSED] - Delayed 1 second(s)

2022-02-16 22:02:24 - [MESSAGE][PASSED] - Swiped from 360,853 to 360,142

2022-02-16 22:02:27 - [MESSAGE][PASSED] - Delayed 3 second(s)

2022-02-16 22:02:27 - [MESSAGE][PASSED] - startApp.OpenApp.terminateApplication is PASSED

2022-02-16 22:02:27 - [MESSAGE][PASSED] - Call Test Case 'Test Cases/Mobile/Page/Run App/Terminate App' successfully]]></system-out>
         <system-err><![CDATA[]]></system-err>
      </testcase>
      <system-out><![CDATA[2022-02-16 21:57:31 - [TEST_SUITE][PASSED] - login: Test Cases/Mobile/Scenario/Login/005 - Login menggunakan username dengan membatalkan fingerprint]]></system-out>
      <system-err><![CDATA[]]></system-err>
   </testsuite>
</testsuites>
