<?xml version="1.0" encoding="UTF-8"?>
<testsuites name="login" time="309.942" tests="5" failures="0" skips="0" errors="0">
   <testsuite name="login" tests="5" failures="0" errors="0" time="309.942" skips="0" timestamp="2022-02-22 20:05:05" hostname="Owner - aldy-tft" id="Test Suites/login">
      <properties>
         <property name="deviceName" value="samsung SM-A205F (Android 11)"/>
         <property name="devicePlatform" value=""/>
         <property name="logFolder" value="C:\\Users\\Owner\\Documents\\kerjaan\\KatalonProject\\qa_katalon_pwm\\qa_katalon_pwm\\Reports\\20220222_195536\\login\\20220222_195549"/>
         <property name="logFiles" value="C:\\Users\\Owner\\Documents\\kerjaan\\KatalonProject\\qa_katalon_pwm\\qa_katalon_pwm\\Reports\\20220222_195536\\login\\20220222_195549\\appium.log, C:\\Users\\Owner\\Documents\\kerjaan\\KatalonProject\\qa_katalon_pwm\\qa_katalon_pwm\\Reports\\20220222_195536\\login\\20220222_195549\\execution0.log"/>
         <property name="attachments" value=""/>
         <property name="hostName" value="Owner - aldy-tft"/>
         <property name="os" value="Windows 10 64bit"/>
         <property name="appiumServerStatus" value="{&quot;value&quot;:{&quot;build&quot;:{&quot;version&quot;:&quot;1.22.0&quot;}},&quot;sessionId&quot;:null,&quot;status&quot;:0}"/>
         <property name="katalonVersion" value="7.9.1.208"/>
         <property name="deviceOS" value="Android"/>
         <property name="appiumVersion" value="1.22.0"/>
         <property name="deviceModel" value="SM-A205F"/>
         <property name="hostAddress" value="192.168.100.8"/>
         <property name="deviceManufacturer" value="samsung"/>
         <property name="deviceId" value="RR8M40C9AXE"/>
         <property name="deviceName" value="samsung SM-A205F (Android 11)"/>
         <property name="deviceOSVersion" value="11"/>
      </properties>
      <testcase name="Test Cases/Mobile/Scenario/Login/001 - Login dengan username" time="68.303" classname="Test Cases/Mobile/Scenario/Login/001 - Login dengan username" status="PASSED">
         <system-out><![CDATA[2022-02-22 20:05:06 - [TEST_CASE][PASSED] - Test Cases/Mobile/Scenario/Login/001 - Login dengan username: Test Cases/Mobile/Scenario/Login/001 - Login dengan username

2022-02-22 20:05:06 - [TEST_STEP][PASSED] - callTestCase(findTestCase("Mobile/Page/Run App/Run App byID"), [:], STOP_ON_FAILURE): Call Test Case 'Test Cases/Mobile/Page/Run App/Run App byID' successfully

2022-02-22 20:05:06 - [TEST_CASE][PASSED] - Test Cases/Mobile/Page/Run App/Run App byID: Test Cases/Mobile/Page/Run App/Run App byID

2022-02-22 20:05:07 - [TEST_STEP][PASSED] - startApp.OpenApp.startApplication("id.co.miraeasset.sageclub"): startApp.OpenApp.startApplication is PASSED

2022-02-22 20:05:08 - [MESSAGE][INFO] - Appium server started on port 51,582

2022-02-22 20:05:28 - [MESSAGE][PASSED] - Starting app with application ID: 'id.co.miraeasset.sageclub'

2022-02-22 20:05:28 - [MESSAGE][PASSED] - startApp.OpenApp.startApplication is PASSED

2022-02-22 20:05:28 - [MESSAGE][PASSED] - Call Test Case 'Test Cases/Mobile/Page/Run App/Run App byID' successfully

2022-02-22 20:05:28 - [TEST_STEP][PASSED] - callTestCase(findTestCase("Mobile/Page/Login/Login"), ["action":"username"], CONTINUE_ON_FAILURE): Call Test Case 'Test Cases/Mobile/Page/Login/Login' successfully

2022-02-22 20:05:28 - [TEST_CASE][PASSED] - Test Cases/Mobile/Page/Login/Login: Test Cases/Mobile/Page/Login/Login

2022-02-22 20:05:28 - [TEST_STEP][PASSED] - delay(2): Delayed 2 second(s)

2022-02-22 20:05:30 - [MESSAGE][PASSED] - Delayed 2 second(s)

2022-02-22 20:05:30 - [TEST_STEP][PASSED] - for ([i = 0, i < 1, (i++)]): null

2022-02-22 20:05:30 - [TEST_STEP][PASSED] - if (action == "username"): null

2022-02-22 20:05:30 - [TEST_STEP][PASSED] - tap(LOGN_EdtUserID, 0): Tapped on element 'Object Repository/Mobile/Page/Login/Input - UserID'

2022-02-22 20:05:30 - [MESSAGE][WARNING] - Test object with id 'Object Repository/Mobile/Page/Analysis/Button - Open With Just Once' does not exist

2022-02-22 20:05:30 - [MESSAGE][WARNING] - Test object with id 'Object Repository/Mobile/Page/Analysis/Button - Search' does not exist

2022-02-22 20:05:32 - [MESSAGE][WARNING] - Test object with id 'Object Repository/Mobile/Page/Home/Button -  Add Watchlist' does not exist

2022-02-22 20:05:32 - [MESSAGE][WARNING] - Test object with id 'Object Repository/Mobile/Page/Home/Button - Open with Just Once' does not exist

2022-02-22 20:05:32 - [MESSAGE][WARNING] - Test object with id 'Object Repository/Mobile/Page/Home/Container - Notification' does not exist

2022-02-22 20:05:32 - [MESSAGE][WARNING] - Test object with id 'Object Repository/Mobile/Page/Home/Watchlist/Input - Search' does not exist

2022-02-22 20:05:32 - [MESSAGE][WARNING] - Test object with id 'Object Repository/Mobile/Page/Home/Watchlist/Item - Top Search' does not exist

2022-02-22 20:05:32 - [MESSAGE][WARNING] - Test object with id 'Object Repository/Mobile/Page/Home/Watchlist/Detail Watchlist/Input - Expiry Date' does not exist

2022-02-22 20:05:33 - [MESSAGE][WARNING] - Test object with id 'Object Repository/Mobile/Page/Home/Watchlist/Detail Watchlist/Item - Watchlist' does not exist

2022-02-22 20:05:33 - [MESSAGE][WARNING] - Test object with id 'Object Repository/Mobile/Page/NavigationMenu/Button - Open Just Once' does not exist

2022-02-22 20:05:33 - [MESSAGE][WARNING] - Test object with id 'Object Repository/Mobile/Page/NavigationMenu/Container - Logout' does not exist

2022-02-22 20:05:36 - [MESSAGE][WARNING] - Test object with id 'Object Repository/Mobile/Page/Analysis/Button - Open With Just Once' does not exist

2022-02-22 20:05:36 - [MESSAGE][WARNING] - Test object with id 'Object Repository/Mobile/Page/Analysis/Button - Search' does not exist

2022-02-22 20:05:38 - [MESSAGE][WARNING] - Test object with id 'Object Repository/Mobile/Page/Home/Button -  Add Watchlist' does not exist

2022-02-22 20:05:38 - [MESSAGE][WARNING] - Test object with id 'Object Repository/Mobile/Page/Home/Button - Open with Just Once' does not exist

2022-02-22 20:05:38 - [MESSAGE][WARNING] - Test object with id 'Object Repository/Mobile/Page/Home/Container - Notification' does not exist

2022-02-22 20:05:38 - [MESSAGE][WARNING] - Test object with id 'Object Repository/Mobile/Page/Home/Watchlist/Input - Search' does not exist

2022-02-22 20:05:38 - [MESSAGE][WARNING] - Test object with id 'Object Repository/Mobile/Page/Home/Watchlist/Item - Top Search' does not exist

2022-02-22 20:05:38 - [MESSAGE][WARNING] - Test object with id 'Object Repository/Mobile/Page/Home/Watchlist/Detail Watchlist/Input - Expiry Date' does not exist

2022-02-22 20:05:38 - [MESSAGE][WARNING] - Test object with id 'Object Repository/Mobile/Page/Home/Watchlist/Detail Watchlist/Item - Watchlist' does not exist

2022-02-22 20:05:39 - [MESSAGE][WARNING] - Test object with id 'Object Repository/Mobile/Page/NavigationMenu/Button - Open Just Once' does not exist

2022-02-22 20:05:39 - [MESSAGE][WARNING] - Test object with id 'Object Repository/Mobile/Page/NavigationMenu/Container - Logout' does not exist

2022-02-22 20:05:42 - [MESSAGE][WARNING] - Timeout '0' is invalid. Using default page load timeout: '60'

2022-02-22 20:05:43 - [MESSAGE][PASSED] - Tapped on element 'Object Repository/Mobile/Page/Login/Input - UserID'

2022-02-22 20:05:43 - [TEST_STEP][PASSED] - delay(1): Delayed 1 second(s)

2022-02-22 20:05:44 - [MESSAGE][PASSED] - Delayed 1 second(s)

2022-02-22 20:05:44 - [TEST_STEP][PASSED] - setText(LOGN_EdtRdyUserID, "anggaaditya", 0): Text 'anggaaditya' has been set to element 'Object Repository/Mobile/Page/Login/Input Rdy - UserID'

2022-02-22 20:05:44 - [MESSAGE][WARNING] - Timeout '0' is invalid. Using default page load timeout: '60'

2022-02-22 20:05:44 - [MESSAGE][PASSED] - Text 'anggaaditya' has been set to element 'Object Repository/Mobile/Page/Login/Input Rdy - UserID'

2022-02-22 20:05:44 - [TEST_STEP][PASSED] - delay(1): Delayed 1 second(s)

2022-02-22 20:05:45 - [MESSAGE][PASSED] - Delayed 1 second(s)

2022-02-22 20:05:45 - [TEST_STEP][PASSED] - hideKeyboard(): Keyboard is hidden

2022-02-22 20:05:49 - [MESSAGE][PASSED] - Keyboard is hidden

2022-02-22 20:05:49 - [TEST_STEP][PASSED] - tap(LOGN_EdtPassword, 0): Tapped on element 'Object Repository/Mobile/Page/Login/Input - Password'

2022-02-22 20:05:49 - [MESSAGE][WARNING] - Timeout '0' is invalid. Using default page load timeout: '60'

2022-02-22 20:05:50 - [MESSAGE][PASSED] - Tapped on element 'Object Repository/Mobile/Page/Login/Input - Password'

2022-02-22 20:05:50 - [TEST_STEP][PASSED] - delay(1): Delayed 1 second(s)

2022-02-22 20:05:51 - [MESSAGE][PASSED] - Delayed 1 second(s)

2022-02-22 20:05:51 - [TEST_STEP][PASSED] - setText(LOGN_EdtRdyPassword, "Shalawa18", 0): Text 'Shalawa18' has been set to element 'Object Repository/Mobile/Page/Login/Input Rdy - Password'

2022-02-22 20:05:51 - [MESSAGE][WARNING] - Timeout '0' is invalid. Using default page load timeout: '60'

2022-02-22 20:05:51 - [MESSAGE][PASSED] - Text 'Shalawa18' has been set to element 'Object Repository/Mobile/Page/Login/Input Rdy - Password'

2022-02-22 20:05:51 - [TEST_STEP][PASSED] - delay(1): Delayed 1 second(s)

2022-02-22 20:05:52 - [MESSAGE][PASSED] - Delayed 1 second(s)

2022-02-22 20:05:52 - [TEST_STEP][PASSED] - hideKeyboard(): Keyboard is hidden

2022-02-22 20:05:59 - [MESSAGE][PASSED] - Keyboard is hidden

2022-02-22 20:05:59 - [TEST_STEP][PASSED] - tap(LOGN_BtnLogin, 0): Tapped on element 'Object Repository/Mobile/Page/Login/Button - Login'

2022-02-22 20:05:59 - [MESSAGE][WARNING] - Timeout '0' is invalid. Using default page load timeout: '60'

2022-02-22 20:06:00 - [MESSAGE][PASSED] - Tapped on element 'Object Repository/Mobile/Page/Login/Button - Login'

2022-02-22 20:06:00 - [TEST_STEP][PASSED] - delay(2): Delayed 2 second(s)

2022-02-22 20:06:02 - [MESSAGE][PASSED] - Delayed 2 second(s)

2022-02-22 20:06:02 - [TEST_STEP][PASSED] - break: null

2022-02-22 20:06:02 - [MESSAGE][PASSED] - Call Test Case 'Test Cases/Mobile/Page/Login/Login' successfully

2022-02-22 20:06:02 - [TEST_STEP][PASSED] - callTestCase(findTestCase("Mobile/Page/Run App/Terminate App"), [:], STOP_ON_FAILURE): Call Test Case 'Test Cases/Mobile/Page/Run App/Terminate App' successfully

2022-02-22 20:06:02 - [TEST_CASE][PASSED] - Test Cases/Mobile/Page/Run App/Terminate App: Test Cases/Mobile/Page/Run App/Terminate App

2022-02-22 20:06:03 - [TEST_STEP][PASSED] - startApp.OpenApp.terminateApplication(): startApp.OpenApp.terminateApplication is PASSED

2022-02-22 20:06:07 - [MESSAGE][PASSED] - Delayed 3 second(s)

2022-02-22 20:06:07 - [MESSAGE][PASSED] - Current device physical width is 720

2022-02-22 20:06:07 - [MESSAGE][PASSED] - Current device physical height is 1423

2022-02-22 20:06:09 - [MESSAGE][PASSED] - Swiped from 360,853 to 360,142

2022-02-22 20:06:10 - [MESSAGE][PASSED] - Delayed 1 second(s)

2022-02-22 20:06:11 - [MESSAGE][PASSED] - Swiped from 360,853 to 360,142

2022-02-22 20:06:14 - [MESSAGE][PASSED] - Delayed 3 second(s)

2022-02-22 20:06:14 - [MESSAGE][PASSED] - startApp.OpenApp.terminateApplication is PASSED

2022-02-22 20:06:14 - [MESSAGE][PASSED] - Call Test Case 'Test Cases/Mobile/Page/Run App/Terminate App' successfully]]></system-out>
         <system-err><![CDATA[]]></system-err>
      </testcase>
      <testcase name="Test Cases/Mobile/Scenario/Login/002 - Login dengan password salah" time="48.594" classname="Test Cases/Mobile/Scenario/Login/002 - Login dengan password salah" status="PASSED">
         <system-out><![CDATA[2022-02-22 20:06:14 - [TEST_CASE][PASSED] - Test Cases/Mobile/Scenario/Login/002 - Login dengan password salah: Test Cases/Mobile/Scenario/Login/002 - Login dengan password salah

2022-02-22 20:06:14 - [TEST_STEP][PASSED] - callTestCase(findTestCase("Mobile/Page/Run App/Run App byID"), [:], STOP_ON_FAILURE): Call Test Case 'Test Cases/Mobile/Page/Run App/Run App byID' successfully

2022-02-22 20:06:14 - [TEST_CASE][PASSED] - Test Cases/Mobile/Page/Run App/Run App byID: Test Cases/Mobile/Page/Run App/Run App byID

2022-02-22 20:06:14 - [TEST_STEP][PASSED] - startApp.OpenApp.startApplication("id.co.miraeasset.sageclub"): startApp.OpenApp.startApplication is PASSED

2022-02-22 20:06:30 - [MESSAGE][PASSED] - Starting app with application ID: 'id.co.miraeasset.sageclub'

2022-02-22 20:06:30 - [MESSAGE][PASSED] - startApp.OpenApp.startApplication is PASSED

2022-02-22 20:06:30 - [MESSAGE][PASSED] - Call Test Case 'Test Cases/Mobile/Page/Run App/Run App byID' successfully

2022-02-22 20:06:30 - [TEST_STEP][PASSED] - callTestCase(findTestCase("Mobile/Page/Login/Login"), ["action":"wrongpassword"], CONTINUE_ON_FAILURE): Call Test Case 'Test Cases/Mobile/Page/Login/Login' successfully

2022-02-22 20:06:30 - [TEST_CASE][PASSED] - Test Cases/Mobile/Page/Login/Login: Test Cases/Mobile/Page/Login/Login

2022-02-22 20:06:30 - [TEST_STEP][PASSED] - delay(2): Delayed 2 second(s)

2022-02-22 20:06:32 - [MESSAGE][PASSED] - Delayed 2 second(s)

2022-02-22 20:06:32 - [TEST_STEP][PASSED] - for ([i = 0, i < 1, (i++)]): null

2022-02-22 20:06:32 - [TEST_STEP][PASSED] - if (action == "username"): null

2022-02-22 20:06:32 - [TEST_STEP][PASSED] - else if (action == "wrongpassword"): null

2022-02-22 20:06:32 - [TEST_STEP][PASSED] - tap(LOGN_EdtUserID, 0): Tapped on element 'Object Repository/Mobile/Page/Login/Input - UserID'

2022-02-22 20:06:32 - [MESSAGE][WARNING] - Timeout '0' is invalid. Using default page load timeout: '60'

2022-02-22 20:06:33 - [MESSAGE][PASSED] - Tapped on element 'Object Repository/Mobile/Page/Login/Input - UserID'

2022-02-22 20:06:33 - [TEST_STEP][PASSED] - delay(1): Delayed 1 second(s)

2022-02-22 20:06:34 - [MESSAGE][PASSED] - Delayed 1 second(s)

2022-02-22 20:06:34 - [TEST_STEP][PASSED] - setText(LOGN_EdtRdyUserID, "anggaaditya", 0): Text 'anggaaditya' has been set to element 'Object Repository/Mobile/Page/Login/Input Rdy - UserID'

2022-02-22 20:06:34 - [MESSAGE][WARNING] - Timeout '0' is invalid. Using default page load timeout: '60'

2022-02-22 20:06:35 - [MESSAGE][PASSED] - Text 'anggaaditya' has been set to element 'Object Repository/Mobile/Page/Login/Input Rdy - UserID'

2022-02-22 20:06:35 - [TEST_STEP][PASSED] - delay(1): Delayed 1 second(s)

2022-02-22 20:06:36 - [MESSAGE][PASSED] - Delayed 1 second(s)

2022-02-22 20:06:36 - [TEST_STEP][PASSED] - hideKeyboard(): Keyboard is hidden

2022-02-22 20:06:39 - [MESSAGE][PASSED] - Keyboard is hidden

2022-02-22 20:06:39 - [TEST_STEP][PASSED] - tap(LOGN_EdtPassword, 0): Tapped on element 'Object Repository/Mobile/Page/Login/Input - Password'

2022-02-22 20:06:39 - [MESSAGE][WARNING] - Timeout '0' is invalid. Using default page load timeout: '60'

2022-02-22 20:06:40 - [MESSAGE][PASSED] - Tapped on element 'Object Repository/Mobile/Page/Login/Input - Password'

2022-02-22 20:06:40 - [TEST_STEP][PASSED] - delay(1): Delayed 1 second(s)

2022-02-22 20:06:41 - [MESSAGE][PASSED] - Delayed 1 second(s)

2022-02-22 20:06:41 - [TEST_STEP][PASSED] - setText(LOGN_EdtRdyPassword, "Shalawa181", 0): Text 'Shalawa181' has been set to element 'Object Repository/Mobile/Page/Login/Input Rdy - Password'

2022-02-22 20:06:41 - [MESSAGE][WARNING] - Timeout '0' is invalid. Using default page load timeout: '60'

2022-02-22 20:06:41 - [MESSAGE][PASSED] - Text 'Shalawa181' has been set to element 'Object Repository/Mobile/Page/Login/Input Rdy - Password'

2022-02-22 20:06:41 - [TEST_STEP][PASSED] - delay(1): Delayed 1 second(s)

2022-02-22 20:06:42 - [MESSAGE][PASSED] - Delayed 1 second(s)

2022-02-22 20:06:42 - [TEST_STEP][PASSED] - hideKeyboard(): Keyboard is hidden

2022-02-22 20:06:49 - [MESSAGE][PASSED] - Keyboard is hidden

2022-02-22 20:06:49 - [TEST_STEP][PASSED] - tap(LOGN_BtnLogin, 0): Tapped on element 'Object Repository/Mobile/Page/Login/Button - Login'

2022-02-22 20:06:49 - [MESSAGE][WARNING] - Timeout '0' is invalid. Using default page load timeout: '60'

2022-02-22 20:06:50 - [MESSAGE][PASSED] - Tapped on element 'Object Repository/Mobile/Page/Login/Button - Login'

2022-02-22 20:06:50 - [TEST_STEP][PASSED] - delay(2): Delayed 2 second(s)

2022-02-22 20:06:52 - [MESSAGE][PASSED] - Delayed 2 second(s)

2022-02-22 20:06:52 - [TEST_STEP][PASSED] - verify = verifyElementExist(LOGN_AlertInvalidCredentials, 5, STOP_ON_FAILURE): Element 'Object Repository/Mobile/Page/Login/Alert - Invalid credentials' is exist

2022-02-22 20:06:52 - [MESSAGE][PASSED] - Element 'Object Repository/Mobile/Page/Login/Alert - Invalid credentials' is exist

2022-02-22 20:06:52 - [TEST_STEP][PASSED] - break: null

2022-02-22 20:06:52 - [MESSAGE][PASSED] - Call Test Case 'Test Cases/Mobile/Page/Login/Login' successfully

2022-02-22 20:06:52 - [TEST_STEP][PASSED] - callTestCase(findTestCase("Mobile/Page/Run App/Terminate App"), [:], STOP_ON_FAILURE): Call Test Case 'Test Cases/Mobile/Page/Run App/Terminate App' successfully

2022-02-22 20:06:52 - [TEST_CASE][PASSED] - Test Cases/Mobile/Page/Run App/Terminate App: Test Cases/Mobile/Page/Run App/Terminate App

2022-02-22 20:06:52 - [TEST_STEP][PASSED] - startApp.OpenApp.terminateApplication(): startApp.OpenApp.terminateApplication is PASSED

2022-02-22 20:06:55 - [MESSAGE][PASSED] - Delayed 3 second(s)

2022-02-22 20:06:56 - [MESSAGE][PASSED] - Current device physical width is 720

2022-02-22 20:06:56 - [MESSAGE][PASSED] - Current device physical height is 1423

2022-02-22 20:06:57 - [MESSAGE][PASSED] - Swiped from 360,853 to 360,142

2022-02-22 20:06:58 - [MESSAGE][PASSED] - Delayed 1 second(s)

2022-02-22 20:07:00 - [MESSAGE][PASSED] - Swiped from 360,853 to 360,142

2022-02-22 20:07:03 - [MESSAGE][PASSED] - Delayed 3 second(s)

2022-02-22 20:07:03 - [MESSAGE][PASSED] - startApp.OpenApp.terminateApplication is PASSED

2022-02-22 20:07:03 - [MESSAGE][PASSED] - Call Test Case 'Test Cases/Mobile/Page/Run App/Terminate App' successfully]]></system-out>
         <system-err><![CDATA[]]></system-err>
      </testcase>
      <testcase name="Test Cases/Mobile/Scenario/Login/003 - Login tanpa internet" time="64.936" classname="Test Cases/Mobile/Scenario/Login/003 - Login tanpa internet" status="PASSED">
         <system-out><![CDATA[2022-02-22 20:07:03 - [TEST_CASE][PASSED] - Test Cases/Mobile/Scenario/Login/003 - Login tanpa internet: Test Cases/Mobile/Scenario/Login/003 - Login tanpa internet

2022-02-22 20:07:03 - [TEST_STEP][PASSED] - callTestCase(findTestCase("Mobile/Page/Run App/Run App byID"), [:], STOP_ON_FAILURE): Call Test Case 'Test Cases/Mobile/Page/Run App/Run App byID' successfully

2022-02-22 20:07:03 - [TEST_CASE][PASSED] - Test Cases/Mobile/Page/Run App/Run App byID: Test Cases/Mobile/Page/Run App/Run App byID

2022-02-22 20:07:03 - [TEST_STEP][PASSED] - startApp.OpenApp.startApplication("id.co.miraeasset.sageclub"): startApp.OpenApp.startApplication is PASSED

2022-02-22 20:07:19 - [MESSAGE][PASSED] - Starting app with application ID: 'id.co.miraeasset.sageclub'

2022-02-22 20:07:19 - [MESSAGE][PASSED] - startApp.OpenApp.startApplication is PASSED

2022-02-22 20:07:19 - [MESSAGE][PASSED] - Call Test Case 'Test Cases/Mobile/Page/Run App/Run App byID' successfully

2022-02-22 20:07:19 - [TEST_STEP][PASSED] - callTestCase(findTestCase("Mobile/Page/Login/Login"), ["action":"nointernet"], CONTINUE_ON_FAILURE): Call Test Case 'Test Cases/Mobile/Page/Login/Login' successfully

2022-02-22 20:07:19 - [TEST_CASE][PASSED] - Test Cases/Mobile/Page/Login/Login: Test Cases/Mobile/Page/Login/Login

2022-02-22 20:07:19 - [TEST_STEP][PASSED] - delay(2): Delayed 2 second(s)

2022-02-22 20:07:21 - [MESSAGE][PASSED] - Delayed 2 second(s)

2022-02-22 20:07:21 - [TEST_STEP][PASSED] - for ([i = 0, i < 1, (i++)]): null

2022-02-22 20:07:21 - [TEST_STEP][PASSED] - if (action == "username"): null

2022-02-22 20:07:21 - [TEST_STEP][PASSED] - else if (action == "wrongpassword"): null

2022-02-22 20:07:21 - [TEST_STEP][PASSED] - else if (action == "nointernet"): null

2022-02-22 20:07:21 - [TEST_STEP][PASSED] - scroll.scroll.scrollNotificationBar(): scroll.scroll.scrollNotificationBar is PASSED

2022-02-22 20:07:22 - [MESSAGE][PASSED] - Current device physical height is 1423

2022-02-22 20:07:24 - [MESSAGE][PASSED] - Swiped from 50,50 to 50,1,138

2022-02-22 20:07:24 - [MESSAGE][PASSED] - scroll.scroll.scrollNotificationBar is PASSED

2022-02-22 20:07:24 - [TEST_STEP][PASSED] - delay(1): Delayed 1 second(s)

2022-02-22 20:07:25 - [MESSAGE][PASSED] - Delayed 1 second(s)

2022-02-22 20:07:25 - [TEST_STEP][PASSED] - tap(OTHR_BtnWifi, 0): Tapped on element 'Object Repository/Mobile/Page/Others/Button - Wifi'

2022-02-22 20:07:25 - [MESSAGE][WARNING] - Timeout '0' is invalid. Using default page load timeout: '60'

2022-02-22 20:07:25 - [MESSAGE][PASSED] - Tapped on element 'Object Repository/Mobile/Page/Others/Button - Wifi'

2022-02-22 20:07:25 - [TEST_STEP][PASSED] - delay(1): Delayed 1 second(s)

2022-02-22 20:07:26 - [MESSAGE][PASSED] - Delayed 1 second(s)

2022-02-22 20:07:26 - [TEST_STEP][PASSED] - pressBack(): Press back button successfully

2022-02-22 20:07:27 - [MESSAGE][PASSED] - Press back button successfully

2022-02-22 20:07:27 - [TEST_STEP][PASSED] - tap(LOGN_EdtUserID, 0): Tapped on element 'Object Repository/Mobile/Page/Login/Input - UserID'

2022-02-22 20:07:27 - [MESSAGE][WARNING] - Timeout '0' is invalid. Using default page load timeout: '60'

2022-02-22 20:07:30 - [MESSAGE][PASSED] - Tapped on element 'Object Repository/Mobile/Page/Login/Input - UserID'

2022-02-22 20:07:30 - [TEST_STEP][PASSED] - delay(1): Delayed 1 second(s)

2022-02-22 20:07:31 - [MESSAGE][PASSED] - Delayed 1 second(s)

2022-02-22 20:07:31 - [TEST_STEP][PASSED] - setText(LOGN_EdtRdyUserID, "anggaaditya", 0): Text 'anggaaditya' has been set to element 'Object Repository/Mobile/Page/Login/Input Rdy - UserID'

2022-02-22 20:07:31 - [MESSAGE][WARNING] - Timeout '0' is invalid. Using default page load timeout: '60'

2022-02-22 20:07:31 - [MESSAGE][PASSED] - Text 'anggaaditya' has been set to element 'Object Repository/Mobile/Page/Login/Input Rdy - UserID'

2022-02-22 20:07:31 - [TEST_STEP][PASSED] - delay(1): Delayed 1 second(s)

2022-02-22 20:07:32 - [MESSAGE][PASSED] - Delayed 1 second(s)

2022-02-22 20:07:32 - [TEST_STEP][PASSED] - hideKeyboard(): Keyboard is hidden

2022-02-22 20:07:36 - [MESSAGE][PASSED] - Keyboard is hidden

2022-02-22 20:07:36 - [TEST_STEP][PASSED] - tap(LOGN_EdtPassword, 0): Tapped on element 'Object Repository/Mobile/Page/Login/Input - Password'

2022-02-22 20:07:36 - [MESSAGE][WARNING] - Timeout '0' is invalid. Using default page load timeout: '60'

2022-02-22 20:07:37 - [MESSAGE][PASSED] - Tapped on element 'Object Repository/Mobile/Page/Login/Input - Password'

2022-02-22 20:07:37 - [TEST_STEP][PASSED] - delay(1): Delayed 1 second(s)

2022-02-22 20:07:38 - [MESSAGE][PASSED] - Delayed 1 second(s)

2022-02-22 20:07:38 - [TEST_STEP][PASSED] - setText(LOGN_EdtRdyPassword, "Shalawa18", 0): Text 'Shalawa18' has been set to element 'Object Repository/Mobile/Page/Login/Input Rdy - Password'

2022-02-22 20:07:38 - [MESSAGE][WARNING] - Timeout '0' is invalid. Using default page load timeout: '60'

2022-02-22 20:07:38 - [MESSAGE][PASSED] - Text 'Shalawa18' has been set to element 'Object Repository/Mobile/Page/Login/Input Rdy - Password'

2022-02-22 20:07:38 - [TEST_STEP][PASSED] - delay(1): Delayed 1 second(s)

2022-02-22 20:07:39 - [MESSAGE][PASSED] - Delayed 1 second(s)

2022-02-22 20:07:39 - [TEST_STEP][PASSED] - hideKeyboard(): Keyboard is hidden

2022-02-22 20:07:46 - [MESSAGE][PASSED] - Keyboard is hidden

2022-02-22 20:07:46 - [TEST_STEP][PASSED] - tap(LOGN_BtnLogin, 0): Tapped on element 'Object Repository/Mobile/Page/Login/Button - Login'

2022-02-22 20:07:46 - [MESSAGE][WARNING] - Timeout '0' is invalid. Using default page load timeout: '60'

2022-02-22 20:07:47 - [MESSAGE][PASSED] - Tapped on element 'Object Repository/Mobile/Page/Login/Button - Login'

2022-02-22 20:07:47 - [TEST_STEP][PASSED] - delay(2): Delayed 2 second(s)

2022-02-22 20:07:49 - [MESSAGE][PASSED] - Delayed 2 second(s)

2022-02-22 20:07:49 - [TEST_STEP][PASSED] - verify = verifyElementExist(LOGN_AlertCheckYourNetwork, 5, STOP_ON_FAILURE): Element 'Object Repository/Mobile/Page/Login/Alert - Check your network' is exist

2022-02-22 20:07:50 - [MESSAGE][PASSED] - Element 'Object Repository/Mobile/Page/Login/Alert - Check your network' is exist

2022-02-22 20:07:50 - [TEST_STEP][PASSED] - scroll.scroll.scrollNotificationBar(): scroll.scroll.scrollNotificationBar is PASSED

2022-02-22 20:07:50 - [MESSAGE][PASSED] - Current device physical height is 1423

2022-02-22 20:07:52 - [MESSAGE][PASSED] - Swiped from 50,50 to 50,1,138

2022-02-22 20:07:52 - [MESSAGE][PASSED] - scroll.scroll.scrollNotificationBar is PASSED

2022-02-22 20:07:52 - [TEST_STEP][PASSED] - delay(1): Delayed 1 second(s)

2022-02-22 20:07:53 - [MESSAGE][PASSED] - Delayed 1 second(s)

2022-02-22 20:07:53 - [TEST_STEP][PASSED] - tap(OTHR_BtnWifi, 0): Tapped on element 'Object Repository/Mobile/Page/Others/Button - Wifi'

2022-02-22 20:07:53 - [MESSAGE][WARNING] - Timeout '0' is invalid. Using default page load timeout: '60'

2022-02-22 20:07:54 - [MESSAGE][PASSED] - Tapped on element 'Object Repository/Mobile/Page/Others/Button - Wifi'

2022-02-22 20:07:54 - [TEST_STEP][PASSED] - delay(1): Delayed 1 second(s)

2022-02-22 20:07:55 - [MESSAGE][PASSED] - Delayed 1 second(s)

2022-02-22 20:07:55 - [TEST_STEP][PASSED] - pressBack(): Press back button successfully

2022-02-22 20:07:55 - [MESSAGE][PASSED] - Press back button successfully

2022-02-22 20:07:55 - [TEST_STEP][PASSED] - break: null

2022-02-22 20:07:55 - [MESSAGE][PASSED] - Call Test Case 'Test Cases/Mobile/Page/Login/Login' successfully

2022-02-22 20:07:55 - [TEST_STEP][PASSED] - callTestCase(findTestCase("Mobile/Page/Run App/Terminate App"), [:], STOP_ON_FAILURE): Call Test Case 'Test Cases/Mobile/Page/Run App/Terminate App' successfully

2022-02-22 20:07:55 - [TEST_CASE][PASSED] - Test Cases/Mobile/Page/Run App/Terminate App: Test Cases/Mobile/Page/Run App/Terminate App

2022-02-22 20:07:55 - [TEST_STEP][PASSED] - startApp.OpenApp.terminateApplication(): startApp.OpenApp.terminateApplication is PASSED

2022-02-22 20:08:00 - [MESSAGE][PASSED] - Delayed 3 second(s)

2022-02-22 20:08:00 - [MESSAGE][PASSED] - Current device physical width is 720

2022-02-22 20:08:01 - [MESSAGE][PASSED] - Current device physical height is 1423

2022-02-22 20:08:02 - [MESSAGE][PASSED] - Swiped from 360,853 to 360,142

2022-02-22 20:08:03 - [MESSAGE][PASSED] - Delayed 1 second(s)

2022-02-22 20:08:05 - [MESSAGE][PASSED] - Swiped from 360,853 to 360,142

2022-02-22 20:08:08 - [MESSAGE][PASSED] - Delayed 3 second(s)

2022-02-22 20:08:08 - [MESSAGE][PASSED] - startApp.OpenApp.terminateApplication is PASSED

2022-02-22 20:08:08 - [MESSAGE][PASSED] - Call Test Case 'Test Cases/Mobile/Page/Run App/Terminate App' successfully]]></system-out>
         <system-err><![CDATA[]]></system-err>
      </testcase>
      <testcase name="Test Cases/Mobile/Scenario/Login/004 - Login dengan mengaktifkan visible password" time="52.188" classname="Test Cases/Mobile/Scenario/Login/004 - Login dengan mengaktifkan visible password" status="PASSED">
         <system-out><![CDATA[2022-02-22 20:08:08 - [TEST_CASE][PASSED] - Test Cases/Mobile/Scenario/Login/004 - Login dengan mengaktifkan visible password: Test Cases/Mobile/Scenario/Login/004 - Login dengan mengaktifkan visible password

2022-02-22 20:08:08 - [TEST_STEP][PASSED] - callTestCase(findTestCase("Mobile/Page/Run App/Run App byID"), [:], STOP_ON_FAILURE): Call Test Case 'Test Cases/Mobile/Page/Run App/Run App byID' successfully

2022-02-22 20:08:08 - [TEST_CASE][PASSED] - Test Cases/Mobile/Page/Run App/Run App byID: Test Cases/Mobile/Page/Run App/Run App byID

2022-02-22 20:08:08 - [TEST_STEP][PASSED] - startApp.OpenApp.startApplication("id.co.miraeasset.sageclub"): startApp.OpenApp.startApplication is PASSED

2022-02-22 20:08:26 - [MESSAGE][PASSED] - Starting app with application ID: 'id.co.miraeasset.sageclub'

2022-02-22 20:08:26 - [MESSAGE][PASSED] - startApp.OpenApp.startApplication is PASSED

2022-02-22 20:08:26 - [MESSAGE][PASSED] - Call Test Case 'Test Cases/Mobile/Page/Run App/Run App byID' successfully

2022-02-22 20:08:26 - [TEST_STEP][PASSED] - callTestCase(findTestCase("Mobile/Page/Login/Login"), ["action":"visiblepassword"], CONTINUE_ON_FAILURE): Call Test Case 'Test Cases/Mobile/Page/Login/Login' successfully

2022-02-22 20:08:26 - [TEST_CASE][PASSED] - Test Cases/Mobile/Page/Login/Login: Test Cases/Mobile/Page/Login/Login

2022-02-22 20:08:26 - [TEST_STEP][PASSED] - delay(2): Delayed 2 second(s)

2022-02-22 20:08:28 - [MESSAGE][PASSED] - Delayed 2 second(s)

2022-02-22 20:08:28 - [TEST_STEP][PASSED] - for ([i = 0, i < 1, (i++)]): null

2022-02-22 20:08:28 - [TEST_STEP][PASSED] - if (action == "username"): null

2022-02-22 20:08:28 - [TEST_STEP][PASSED] - else if (action == "wrongpassword"): null

2022-02-22 20:08:28 - [TEST_STEP][PASSED] - else if (action == "nointernet"): null

2022-02-22 20:08:28 - [TEST_STEP][PASSED] - else if (action == "visiblepassword"): null

2022-02-22 20:08:28 - [TEST_STEP][PASSED] - tap(LOGN_EdtUserID, 0): Tapped on element 'Object Repository/Mobile/Page/Login/Input - UserID'

2022-02-22 20:08:28 - [MESSAGE][WARNING] - Timeout '0' is invalid. Using default page load timeout: '60'

2022-02-22 20:08:29 - [MESSAGE][PASSED] - Tapped on element 'Object Repository/Mobile/Page/Login/Input - UserID'

2022-02-22 20:08:29 - [TEST_STEP][PASSED] - delay(1): Delayed 1 second(s)

2022-02-22 20:08:30 - [MESSAGE][PASSED] - Delayed 1 second(s)

2022-02-22 20:08:30 - [TEST_STEP][PASSED] - setText(LOGN_EdtRdyUserID, "anggaaditya", 0): Text 'anggaaditya' has been set to element 'Object Repository/Mobile/Page/Login/Input Rdy - UserID'

2022-02-22 20:08:30 - [MESSAGE][WARNING] - Timeout '0' is invalid. Using default page load timeout: '60'

2022-02-22 20:08:31 - [MESSAGE][PASSED] - Text 'anggaaditya' has been set to element 'Object Repository/Mobile/Page/Login/Input Rdy - UserID'

2022-02-22 20:08:31 - [TEST_STEP][PASSED] - delay(1): Delayed 1 second(s)

2022-02-22 20:08:32 - [MESSAGE][PASSED] - Delayed 1 second(s)

2022-02-22 20:08:32 - [TEST_STEP][PASSED] - hideKeyboard(): Keyboard is hidden

2022-02-22 20:08:36 - [MESSAGE][PASSED] - Keyboard is hidden

2022-02-22 20:08:36 - [TEST_STEP][PASSED] - top = getElementTopPosition(LOGN_EdtPassword, 0): Object 'Object Repository/Mobile/Page/Login/Input - Password' has top position '842'

2022-02-22 20:08:36 - [MESSAGE][WARNING] - Timeout '0' is invalid. Using default page load timeout: '60'

2022-02-22 20:08:36 - [MESSAGE][PASSED] - Object 'Object Repository/Mobile/Page/Login/Input - Password' has top position '842'

2022-02-22 20:08:36 - [TEST_STEP][PASSED] - left = getElementLeftPosition(LOGN_EdtPassword, 0): Object 'Object Repository/Mobile/Page/Login/Input - Password' has left position '32'

2022-02-22 20:08:36 - [MESSAGE][WARNING] - Timeout '0' is invalid. Using default page load timeout: '60'

2022-02-22 20:08:36 - [MESSAGE][PASSED] - Object 'Object Repository/Mobile/Page/Login/Input - Password' has left position '32'

2022-02-22 20:08:36 - [TEST_STEP][PASSED] - x = left + getElementWidth(LOGN_EdtPassword, 0) * 0.9: Object 'Object Repository/Mobile/Page/Login/Input - Password' has width: '657'

2022-02-22 20:08:36 - [MESSAGE][WARNING] - Timeout '0' is invalid. Using default page load timeout: '60'

2022-02-22 20:08:36 - [MESSAGE][PASSED] - Object 'Object Repository/Mobile/Page/Login/Input - Password' has width: '657'

2022-02-22 20:08:36 - [TEST_STEP][PASSED] - y = top + getElementHeight(LOGN_EdtPassword, 0) / 2: Object 'Object Repository/Mobile/Page/Login/Input - Password' has height: '84'

2022-02-22 20:08:36 - [MESSAGE][WARNING] - Timeout '0' is invalid. Using default page load timeout: '60'

2022-02-22 20:08:37 - [MESSAGE][PASSED] - Object 'Object Repository/Mobile/Page/Login/Input - Password' has height: '84'

2022-02-22 20:08:37 - [TEST_STEP][PASSED] - tapAtPosition(x, y): Tapped at [623, 884]

2022-02-22 20:08:37 - [MESSAGE][PASSED] - Tapped at [623, 884]

2022-02-22 20:08:37 - [TEST_STEP][PASSED] - delay(1): Delayed 1 second(s)

2022-02-22 20:08:38 - [MESSAGE][PASSED] - Delayed 1 second(s)

2022-02-22 20:08:38 - [TEST_STEP][PASSED] - tap(LOGN_EdtPassword, 0): Tapped on element 'Object Repository/Mobile/Page/Login/Input - Password'

2022-02-22 20:08:38 - [MESSAGE][WARNING] - Timeout '0' is invalid. Using default page load timeout: '60'

2022-02-22 20:08:39 - [MESSAGE][PASSED] - Tapped on element 'Object Repository/Mobile/Page/Login/Input - Password'

2022-02-22 20:08:39 - [TEST_STEP][PASSED] - delay(1): Delayed 1 second(s)

2022-02-22 20:08:40 - [MESSAGE][PASSED] - Delayed 1 second(s)

2022-02-22 20:08:40 - [TEST_STEP][PASSED] - setText(LOGN_EdtRdyPassword, "Shalawa18", 0): Text 'Shalawa18' has been set to element 'Object Repository/Mobile/Page/Login/Input Rdy - Password'

2022-02-22 20:08:40 - [MESSAGE][WARNING] - Timeout '0' is invalid. Using default page load timeout: '60'

2022-02-22 20:08:40 - [MESSAGE][PASSED] - Text 'Shalawa18' has been set to element 'Object Repository/Mobile/Page/Login/Input Rdy - Password'

2022-02-22 20:08:40 - [TEST_STEP][PASSED] - delay(1): Delayed 1 second(s)

2022-02-22 20:08:41 - [MESSAGE][PASSED] - Delayed 1 second(s)

2022-02-22 20:08:41 - [TEST_STEP][PASSED] - hideKeyboard(): Keyboard is hidden

2022-02-22 20:08:46 - [MESSAGE][PASSED] - Keyboard is hidden

2022-02-22 20:08:46 - [TEST_STEP][PASSED] - tap(LOGN_BtnLogin, 0): Tapped on element 'Object Repository/Mobile/Page/Login/Button - Login'

2022-02-22 20:08:46 - [MESSAGE][WARNING] - Timeout '0' is invalid. Using default page load timeout: '60'

2022-02-22 20:08:47 - [MESSAGE][PASSED] - Tapped on element 'Object Repository/Mobile/Page/Login/Button - Login'

2022-02-22 20:08:47 - [TEST_STEP][PASSED] - delay(2): Delayed 2 second(s)

2022-02-22 20:08:49 - [MESSAGE][PASSED] - Delayed 2 second(s)

2022-02-22 20:08:49 - [TEST_STEP][PASSED] - break: null

2022-02-22 20:08:49 - [MESSAGE][PASSED] - Call Test Case 'Test Cases/Mobile/Page/Login/Login' successfully

2022-02-22 20:08:49 - [TEST_STEP][PASSED] - callTestCase(findTestCase("Mobile/Page/Run App/Terminate App"), [:], STOP_ON_FAILURE): Call Test Case 'Test Cases/Mobile/Page/Run App/Terminate App' successfully

2022-02-22 20:08:49 - [TEST_CASE][PASSED] - Test Cases/Mobile/Page/Run App/Terminate App: Test Cases/Mobile/Page/Run App/Terminate App

2022-02-22 20:08:49 - [TEST_STEP][PASSED] - startApp.OpenApp.terminateApplication(): startApp.OpenApp.terminateApplication is PASSED

2022-02-22 20:08:52 - [MESSAGE][PASSED] - Delayed 3 second(s)

2022-02-22 20:08:53 - [MESSAGE][PASSED] - Current device physical width is 720

2022-02-22 20:08:53 - [MESSAGE][PASSED] - Current device physical height is 1423

2022-02-22 20:08:54 - [MESSAGE][PASSED] - Swiped from 360,853 to 360,142

2022-02-22 20:08:55 - [MESSAGE][PASSED] - Delayed 1 second(s)

2022-02-22 20:08:57 - [MESSAGE][PASSED] - Swiped from 360,853 to 360,142

2022-02-22 20:09:00 - [MESSAGE][PASSED] - Delayed 3 second(s)

2022-02-22 20:09:00 - [MESSAGE][PASSED] - startApp.OpenApp.terminateApplication is PASSED

2022-02-22 20:09:00 - [MESSAGE][PASSED] - Call Test Case 'Test Cases/Mobile/Page/Run App/Terminate App' successfully]]></system-out>
         <system-err><![CDATA[]]></system-err>
      </testcase>
      <testcase name="Test Cases/Mobile/Scenario/Login/005 - Login menggunakan username dengan membatalkan fingerprint" time="75.018" classname="Test Cases/Mobile/Scenario/Login/005 - Login menggunakan username dengan membatalkan fingerprint" status="PASSED">
         <system-out><![CDATA[2022-02-22 20:09:00 - [TEST_CASE][PASSED] - Test Cases/Mobile/Scenario/Login/005 - Login menggunakan username dengan membatalkan fingerprint: Test Cases/Mobile/Scenario/Login/005 - Login menggunakan username dengan membatalkan fingerprint

2022-02-22 20:09:00 - [TEST_STEP][PASSED] - callTestCase(findTestCase("Mobile/Page/Run App/Run App byID"), [:], STOP_ON_FAILURE): Call Test Case 'Test Cases/Mobile/Page/Run App/Run App byID' successfully

2022-02-22 20:09:00 - [TEST_CASE][PASSED] - Test Cases/Mobile/Page/Run App/Run App byID: Test Cases/Mobile/Page/Run App/Run App byID

2022-02-22 20:09:00 - [TEST_STEP][PASSED] - startApp.OpenApp.startApplication("id.co.miraeasset.sageclub"): startApp.OpenApp.startApplication is PASSED

2022-02-22 20:09:32 - [MESSAGE][PASSED] - Starting app with application ID: 'id.co.miraeasset.sageclub'

2022-02-22 20:09:32 - [MESSAGE][PASSED] - startApp.OpenApp.startApplication is PASSED

2022-02-22 20:09:32 - [MESSAGE][PASSED] - Call Test Case 'Test Cases/Mobile/Page/Run App/Run App byID' successfully

2022-02-22 20:09:32 - [TEST_STEP][PASSED] - callTestCase(findTestCase("Mobile/Page/Login/Login"), ["action":"cancelfingerprint"], CONTINUE_ON_FAILURE): Call Test Case 'Test Cases/Mobile/Page/Login/Login' successfully

2022-02-22 20:09:32 - [TEST_CASE][PASSED] - Test Cases/Mobile/Page/Login/Login: Test Cases/Mobile/Page/Login/Login

2022-02-22 20:09:32 - [TEST_STEP][PASSED] - delay(2): Delayed 2 second(s)

2022-02-22 20:09:34 - [MESSAGE][PASSED] - Delayed 2 second(s)

2022-02-22 20:09:34 - [TEST_STEP][PASSED] - for ([i = 0, i < 1, (i++)]): Delayed 2 second(s)

2022-02-22 20:09:34 - [TEST_STEP][PASSED] - if (action == "username"): null

2022-02-22 20:09:34 - [TEST_STEP][PASSED] - else if (action == "wrongpassword"): null

2022-02-22 20:09:34 - [TEST_STEP][PASSED] - else if (action == "nointernet"): null

2022-02-22 20:09:34 - [TEST_STEP][PASSED] - else if (action == "visiblepassword"): null

2022-02-22 20:09:34 - [TEST_STEP][PASSED] - else if (action == "cancelfingerprint"): Delayed 2 second(s)

2022-02-22 20:09:34 - [TEST_STEP][PASSED] - tap(LOGN_BtnFingerprint, 0): Tapped on element 'Object Repository/Mobile/Page/Login/Button - Fingerprint'

2022-02-22 20:09:34 - [MESSAGE][WARNING] - Timeout '0' is invalid. Using default page load timeout: '60'

2022-02-22 20:09:35 - [MESSAGE][PASSED] - Tapped on element 'Object Repository/Mobile/Page/Login/Button - Fingerprint'

2022-02-22 20:09:35 - [TEST_STEP][PASSED] - delay(1): Delayed 1 second(s)

2022-02-22 20:09:36 - [MESSAGE][PASSED] - Delayed 1 second(s)

2022-02-22 20:09:36 - [TEST_STEP][PASSED] - pressBack(): Press back button successfully

2022-02-22 20:09:37 - [MESSAGE][PASSED] - Press back button successfully

2022-02-22 20:09:37 - [TEST_STEP][PASSED] - delay(1): Delayed 1 second(s)

2022-02-22 20:09:38 - [MESSAGE][PASSED] - Delayed 1 second(s)

2022-02-22 20:09:38 - [TEST_STEP][PASSED] - tap(LOGN_EdtUserID, 0): Tapped on element 'Object Repository/Mobile/Page/Login/Input - UserID'

2022-02-22 20:09:38 - [MESSAGE][WARNING] - Timeout '0' is invalid. Using default page load timeout: '60'

2022-02-22 20:09:38 - [MESSAGE][PASSED] - Tapped on element 'Object Repository/Mobile/Page/Login/Input - UserID'

2022-02-22 20:09:38 - [TEST_STEP][PASSED] - delay(1): Delayed 1 second(s)

2022-02-22 20:09:39 - [MESSAGE][PASSED] - Delayed 1 second(s)

2022-02-22 20:09:39 - [TEST_STEP][PASSED] - setText(LOGN_EdtRdyUserID, "anggaaditya", 0): Text 'anggaaditya' has been set to element 'Object Repository/Mobile/Page/Login/Input Rdy - UserID'

2022-02-22 20:09:39 - [MESSAGE][WARNING] - Timeout '0' is invalid. Using default page load timeout: '60'

2022-02-22 20:09:41 - [MESSAGE][PASSED] - Text 'anggaaditya' has been set to element 'Object Repository/Mobile/Page/Login/Input Rdy - UserID'

2022-02-22 20:09:41 - [TEST_STEP][PASSED] - delay(1): Delayed 1 second(s)

2022-02-22 20:09:42 - [MESSAGE][PASSED] - Delayed 1 second(s)

2022-02-22 20:09:42 - [TEST_STEP][PASSED] - hideKeyboard(): Keyboard is hidden

2022-02-22 20:09:50 - [MESSAGE][PASSED] - Keyboard is hidden

2022-02-22 20:09:50 - [TEST_STEP][PASSED] - tap(LOGN_EdtPassword, 0): Tapped on element 'Object Repository/Mobile/Page/Login/Input - Password'

2022-02-22 20:09:50 - [MESSAGE][WARNING] - Timeout '0' is invalid. Using default page load timeout: '60'

2022-02-22 20:09:50 - [MESSAGE][PASSED] - Tapped on element 'Object Repository/Mobile/Page/Login/Input - Password'

2022-02-22 20:09:50 - [TEST_STEP][PASSED] - delay(1): Delayed 1 second(s)

2022-02-22 20:09:51 - [MESSAGE][PASSED] - Delayed 1 second(s)

2022-02-22 20:09:51 - [TEST_STEP][PASSED] - setText(LOGN_EdtRdyPassword, "Shalawa18", 0): Text 'Shalawa18' has been set to element 'Object Repository/Mobile/Page/Login/Input Rdy - Password'

2022-02-22 20:09:51 - [MESSAGE][WARNING] - Timeout '0' is invalid. Using default page load timeout: '60'

2022-02-22 20:09:52 - [MESSAGE][PASSED] - Text 'Shalawa18' has been set to element 'Object Repository/Mobile/Page/Login/Input Rdy - Password'

2022-02-22 20:09:52 - [TEST_STEP][PASSED] - delay(1): Delayed 1 second(s)

2022-02-22 20:09:53 - [MESSAGE][PASSED] - Delayed 1 second(s)

2022-02-22 20:09:53 - [TEST_STEP][PASSED] - hideKeyboard(): Keyboard is hidden

2022-02-22 20:10:00 - [MESSAGE][PASSED] - Keyboard is hidden

2022-02-22 20:10:00 - [TEST_STEP][PASSED] - tap(LOGN_BtnLogin, 0): Tapped on element 'Object Repository/Mobile/Page/Login/Button - Login'

2022-02-22 20:10:00 - [MESSAGE][WARNING] - Timeout '0' is invalid. Using default page load timeout: '60'

2022-02-22 20:10:00 - [MESSAGE][PASSED] - Tapped on element 'Object Repository/Mobile/Page/Login/Button - Login'

2022-02-22 20:10:00 - [TEST_STEP][PASSED] - delay(2): Delayed 2 second(s)

2022-02-22 20:10:02 - [MESSAGE][PASSED] - Delayed 2 second(s)

2022-02-22 20:10:02 - [MESSAGE][PASSED] - Call Test Case 'Test Cases/Mobile/Page/Login/Login' successfully

2022-02-22 20:10:02 - [TEST_STEP][PASSED] - callTestCase(findTestCase("Mobile/Page/Run App/Terminate App"), [:], STOP_ON_FAILURE): Call Test Case 'Test Cases/Mobile/Page/Run App/Terminate App' successfully

2022-02-22 20:10:03 - [TEST_CASE][PASSED] - Test Cases/Mobile/Page/Run App/Terminate App: Test Cases/Mobile/Page/Run App/Terminate App

2022-02-22 20:10:03 - [TEST_STEP][PASSED] - startApp.OpenApp.terminateApplication(): startApp.OpenApp.terminateApplication is PASSED

2022-02-22 20:10:08 - [MESSAGE][PASSED] - Delayed 3 second(s)

2022-02-22 20:10:08 - [MESSAGE][PASSED] - Current device physical width is 720

2022-02-22 20:10:08 - [MESSAGE][PASSED] - Current device physical height is 1423

2022-02-22 20:10:10 - [MESSAGE][PASSED] - Swiped from 360,853 to 360,142

2022-02-22 20:10:11 - [MESSAGE][PASSED] - Delayed 1 second(s)

2022-02-22 20:10:12 - [MESSAGE][PASSED] - Swiped from 360,853 to 360,142

2022-02-22 20:10:15 - [MESSAGE][PASSED] - Delayed 3 second(s)

2022-02-22 20:10:15 - [MESSAGE][PASSED] - startApp.OpenApp.terminateApplication is PASSED

2022-02-22 20:10:15 - [MESSAGE][PASSED] - Call Test Case 'Test Cases/Mobile/Page/Run App/Terminate App' successfully]]></system-out>
         <system-err><![CDATA[]]></system-err>
      </testcase>
      <system-out><![CDATA[2022-02-22 20:05:05 - [TEST_SUITE][PASSED] - login: Test Cases/Mobile/Scenario/Login/005 - Login menggunakan username dengan membatalkan fingerprint]]></system-out>
      <system-err><![CDATA[]]></system-err>
   </testsuite>
</testsuites>
