<?xml version="1.0" encoding="UTF-8"?>
<testsuites name="portfolio" time="174.77" tests="2" failures="0" skips="0" errors="0">
   <testsuite name="portfolio" tests="2" failures="0" errors="0" time="174.77" skips="0" timestamp="2021-12-21 10:10:14" hostname="Owner - aldy-tft" id="Test Suites/portfolio">
      <properties>
         <property name="deviceName" value="samsung SM-A205F (Android 11)"/>
         <property name="devicePlatform" value=""/>
         <property name="logFolder" value="C:\\Users\\Owner\\Documents\\kerjaan\\KatalonProject\\qa_katalon_pwm\\qa_katalon_pwm\\Reports\\20211221_101007\\portfolio\\20211221_101007"/>
         <property name="logFiles" value="C:\\Users\\Owner\\Documents\\kerjaan\\KatalonProject\\qa_katalon_pwm\\qa_katalon_pwm\\Reports\\20211221_101007\\portfolio\\20211221_101007\\appium.log, C:\\Users\\Owner\\Documents\\kerjaan\\KatalonProject\\qa_katalon_pwm\\qa_katalon_pwm\\Reports\\20211221_101007\\portfolio\\20211221_101007\\execution0.log"/>
         <property name="attachments" value=""/>
         <property name="hostName" value="Owner - aldy-tft"/>
         <property name="os" value="Windows 10 64bit"/>
         <property name="appiumServerStatus" value="{&quot;value&quot;:{&quot;build&quot;:{&quot;version&quot;:&quot;1.22.0&quot;}},&quot;sessionId&quot;:null,&quot;status&quot;:0}"/>
         <property name="katalonVersion" value="7.9.1.208"/>
         <property name="deviceOS" value="Android"/>
         <property name="appiumVersion" value="1.22.0"/>
         <property name="deviceModel" value="SM-A205F"/>
         <property name="hostAddress" value="192.168.100.29"/>
         <property name="deviceManufacturer" value="samsung"/>
         <property name="deviceId" value="RR8M40C9AXE"/>
         <property name="deviceName" value="samsung SM-A205F (Android 11)"/>
         <property name="deviceOSVersion" value="11"/>
      </properties>
      <testcase name="Test Cases/Mobile/Scenario/Portfolio/007 - Portfolio Mutual Fund" time="117.959" classname="Test Cases/Mobile/Scenario/Portfolio/007 - Portfolio Mutual Fund" status="PASSED">
         <system-out><![CDATA[2021-12-21 10:10:15 - [TEST_CASE][PASSED] - Test Cases/Mobile/Scenario/Portfolio/007 - Portfolio Mutual Fund: Test Cases/Mobile/Scenario/Portfolio/007 - Portfolio Mutual Fund

2021-12-21 10:10:16 - [TEST_STEP][PASSED] - callTestCase(findTestCase("Mobile/Page/Run App/Run App byID"), [:], STOP_ON_FAILURE): Call Test Case 'Test Cases/Mobile/Page/Run App/Run App byID' successfully

2021-12-21 10:10:16 - [TEST_CASE][PASSED] - Test Cases/Mobile/Page/Run App/Run App byID: Test Cases/Mobile/Page/Run App/Run App byID

2021-12-21 10:10:16 - [TEST_STEP][PASSED] - startApp.OpenApp.startApplication("id.co.miraeasset.sageclub"): startApp.OpenApp.startApplication is PASSED

2021-12-21 10:10:18 - [MESSAGE][INFO] - Appium server started on port 57,084

2021-12-21 10:10:31 - [MESSAGE][PASSED] - Starting app with application ID: 'id.co.miraeasset.sageclub'

2021-12-21 10:10:31 - [MESSAGE][PASSED] - startApp.OpenApp.startApplication is PASSED

2021-12-21 10:10:31 - [MESSAGE][PASSED] - Call Test Case 'Test Cases/Mobile/Page/Run App/Run App byID' successfully

2021-12-21 10:10:31 - [TEST_STEP][PASSED] - callTestCase(findTestCase("Mobile/Page/Portfolio/Portfolio"), ["tab":"mutualfund", "action":"none"], CONTINUE_ON_FAILURE): Call Test Case 'Test Cases/Mobile/Page/Portfolio/Portfolio' successfully

2021-12-21 10:10:31 - [TEST_CASE][PASSED] - Test Cases/Mobile/Page/Portfolio/Portfolio: Test Cases/Mobile/Page/Portfolio/Portfolio

2021-12-21 10:10:31 - [TEST_STEP][PASSED] - callTestCase(findTestCase("Mobile/Page/CheckLogin"), [:], CONTINUE_ON_FAILURE): Call Test Case 'Test Cases/Mobile/Page/CheckLogin' successfully

2021-12-21 10:10:31 - [TEST_CASE][PASSED] - Test Cases/Mobile/Page/CheckLogin: Test Cases/Mobile/Page/CheckLogin

2021-12-21 10:10:32 - [TEST_STEP][PASSED] - loginCheck = verifyElementExist(findTestObject("Mobile/Page/Login/Button - Login"), 2, CONTINUE_ON_FAILURE): Element 'Object Repository/Mobile/Page/Login/Button - Login' is exist

2021-12-21 10:10:33 - [MESSAGE][PASSED] - Element 'Object Repository/Mobile/Page/Login/Button - Login' is exist

2021-12-21 10:10:33 - [TEST_STEP][PASSED] - if (loginCheck): Call Test Case 'Test Cases/Mobile/Page/Login/Login' successfully

2021-12-21 10:10:33 - [TEST_STEP][PASSED] - callTestCase(findTestCase("Mobile/Page/Login/Login"), [:], CONTINUE_ON_FAILURE): Call Test Case 'Test Cases/Mobile/Page/Login/Login' successfully

2021-12-21 10:10:33 - [TEST_CASE][PASSED] - Test Cases/Mobile/Page/Login/Login: Test Cases/Mobile/Page/Login/Login

2021-12-21 10:10:33 - [TEST_STEP][PASSED] - delay(2): Delayed 2 second(s)

2021-12-21 10:10:35 - [MESSAGE][PASSED] - Delayed 2 second(s)

2021-12-21 10:10:35 - [TEST_STEP][PASSED] - tap(findTestObject("Mobile/Page/Login/Input - UserID"), 0): Tapped on element 'Object Repository/Mobile/Page/Login/Input - UserID'

2021-12-21 10:10:35 - [MESSAGE][WARNING] - Timeout '0' is invalid. Using default page load timeout: '60'

2021-12-21 10:10:36 - [MESSAGE][PASSED] - Tapped on element 'Object Repository/Mobile/Page/Login/Input - UserID'

2021-12-21 10:10:36 - [TEST_STEP][PASSED] - delay(1): Delayed 1 second(s)

2021-12-21 10:10:37 - [MESSAGE][PASSED] - Delayed 1 second(s)

2021-12-21 10:10:37 - [TEST_STEP][PASSED] - setText(findTestObject("Mobile/Page/Login/Input Rdy - UserID"), "anggaaditya", 0): Text 'anggaaditya' has been set to element 'Object Repository/Mobile/Page/Login/Input Rdy - UserID'

2021-12-21 10:10:37 - [MESSAGE][WARNING] - Timeout '0' is invalid. Using default page load timeout: '60'

2021-12-21 10:10:38 - [MESSAGE][PASSED] - Text 'anggaaditya' has been set to element 'Object Repository/Mobile/Page/Login/Input Rdy - UserID'

2021-12-21 10:10:38 - [TEST_STEP][PASSED] - delay(1): Delayed 1 second(s)

2021-12-21 10:10:39 - [MESSAGE][PASSED] - Delayed 1 second(s)

2021-12-21 10:10:39 - [TEST_STEP][PASSED] - hideKeyboard(): Keyboard is hidden

2021-12-21 10:10:43 - [MESSAGE][PASSED] - Keyboard is hidden

2021-12-21 10:10:43 - [TEST_STEP][PASSED] - tap(findTestObject("Mobile/Page/Login/Input - Password"), 0): Tapped on element 'Object Repository/Mobile/Page/Login/Input - Password'

2021-12-21 10:10:43 - [MESSAGE][WARNING] - Timeout '0' is invalid. Using default page load timeout: '60'

2021-12-21 10:10:45 - [MESSAGE][PASSED] - Tapped on element 'Object Repository/Mobile/Page/Login/Input - Password'

2021-12-21 10:10:45 - [TEST_STEP][PASSED] - delay(1): Delayed 1 second(s)

2021-12-21 10:10:46 - [MESSAGE][PASSED] - Delayed 1 second(s)

2021-12-21 10:10:46 - [TEST_STEP][PASSED] - setText(findTestObject("Mobile/Page/Login/Input Rdy - Password"), "Shalawa18", 0): Text 'Shalawa18' has been set to element 'Object Repository/Mobile/Page/Login/Input Rdy - Password'

2021-12-21 10:10:46 - [MESSAGE][WARNING] - Timeout '0' is invalid. Using default page load timeout: '60'

2021-12-21 10:10:46 - [MESSAGE][PASSED] - Text 'Shalawa18' has been set to element 'Object Repository/Mobile/Page/Login/Input Rdy - Password'

2021-12-21 10:10:46 - [TEST_STEP][PASSED] - delay(1): Delayed 1 second(s)

2021-12-21 10:10:48 - [MESSAGE][PASSED] - Delayed 1 second(s)

2021-12-21 10:10:48 - [TEST_STEP][PASSED] - hideKeyboard(): Keyboard is hidden

2021-12-21 10:10:57 - [MESSAGE][PASSED] - Keyboard is hidden

2021-12-21 10:10:57 - [TEST_STEP][PASSED] - tap(findTestObject("Mobile/Page/Login/Button - Login"), 0): Tapped on element 'Object Repository/Mobile/Page/Login/Button - Login'

2021-12-21 10:10:57 - [MESSAGE][WARNING] - Timeout '0' is invalid. Using default page load timeout: '60'

2021-12-21 10:10:58 - [MESSAGE][PASSED] - Tapped on element 'Object Repository/Mobile/Page/Login/Button - Login'

2021-12-21 10:10:58 - [TEST_STEP][PASSED] - delay(2): Delayed 2 second(s)

2021-12-21 10:11:00 - [MESSAGE][PASSED] - Delayed 2 second(s)

2021-12-21 10:11:00 - [MESSAGE][PASSED] - Call Test Case 'Test Cases/Mobile/Page/Login/Login' successfully

2021-12-21 10:11:00 - [MESSAGE][PASSED] - Call Test Case 'Test Cases/Mobile/Page/CheckLogin' successfully

2021-12-21 10:11:00 - [TEST_STEP][PASSED] - tap(findTestObject("Mobile/Page/Home/Menubar - Portfolio"), 0): Tapped on element 'Object Repository/Mobile/Page/Home/Menubar - Portfolio'

2021-12-21 10:11:00 - [MESSAGE][WARNING] - Timeout '0' is invalid. Using default page load timeout: '60'

2021-12-21 10:11:00 - [MESSAGE][PASSED] - Tapped on element 'Object Repository/Mobile/Page/Home/Menubar - Portfolio'

2021-12-21 10:11:00 - [TEST_STEP][PASSED] - delay(1): Delayed 1 second(s)

2021-12-21 10:11:01 - [MESSAGE][PASSED] - Delayed 1 second(s)

2021-12-21 10:11:01 - [TEST_STEP][PASSED] - for ([i = 0, i < 1, (i++)]): scroll.scroll.scrollScreenBottomToTop is PASSED

2021-12-21 10:11:01 - [TEST_STEP][PASSED] - if (tab == "summary"): null

2021-12-21 10:11:01 - [TEST_STEP][PASSED] - else if (tab == "stock"): null

2021-12-21 10:11:01 - [TEST_STEP][PASSED] - else if (tab == "mutualfund"): scroll.scroll.scrollScreenBottomToTop is PASSED

2021-12-21 10:11:01 - [TEST_STEP][PASSED] - tap(findTestObject("Mobile/Page/Portfolio/Tab - Mutual Fund"), 0): Tapped on element 'Object Repository/Mobile/Page/Portfolio/Tab - Mutual Fund'

2021-12-21 10:11:02 - [MESSAGE][WARNING] - Timeout '0' is invalid. Using default page load timeout: '60'

2021-12-21 10:11:03 - [MESSAGE][PASSED] - Tapped on element 'Object Repository/Mobile/Page/Portfolio/Tab - Mutual Fund'

2021-12-21 10:11:03 - [TEST_STEP][PASSED] - delay(1): Delayed 1 second(s)

2021-12-21 10:11:04 - [MESSAGE][PASSED] - Delayed 1 second(s)

2021-12-21 10:11:04 - [TEST_STEP][PASSED] - try: scroll.scroll.scrollScreenBottomToTop is PASSED

2021-12-21 10:11:04 - [TEST_STEP][PASSED] - tapAndHold(findTestObject("Mobile/Page/Portfolio/Item - Top Mutual Fund"), 1, 10): Tapped and held on element 'Object Repository/Mobile/Page/Portfolio/Item - Top Mutual Fund' with duration 1

2021-12-21 10:11:07 - [MESSAGE][PASSED] - Tapped and held on element 'Object Repository/Mobile/Page/Portfolio/Item - Top Mutual Fund' with duration 1

2021-12-21 10:11:07 - [TEST_STEP][PASSED] - delay(2): Delayed 2 second(s)

2021-12-21 10:11:09 - [MESSAGE][PASSED] - Delayed 2 second(s)

2021-12-21 10:11:09 - [TEST_STEP][PASSED] - tapAndHold(findTestObject("Object Repository/Mobile/Page/Portfolio/Detail Mutual Funds/Button - 1 Month"), 1, 0): Tapped and held on element 'Object Repository/Mobile/Page/Portfolio/Detail Mutual Funds/Button - 1 Month' with duration 1

2021-12-21 10:11:09 - [MESSAGE][WARNING] - Timeout '0' is invalid. Using default page load timeout: '60'

2021-12-21 10:11:12 - [MESSAGE][PASSED] - Tapped and held on element 'Object Repository/Mobile/Page/Portfolio/Detail Mutual Funds/Button - 1 Month' with duration 1

2021-12-21 10:11:12 - [TEST_STEP][PASSED] - delay(3): Delayed 3 second(s)

2021-12-21 10:11:15 - [MESSAGE][PASSED] - Delayed 3 second(s)

2021-12-21 10:11:15 - [TEST_STEP][PASSED] - scroll.scroll.scrollScreenBottomToTop(): scroll.scroll.scrollScreenBottomToTop is PASSED

2021-12-21 10:11:15 - [MESSAGE][PASSED] - Current device physical height is 1423

2021-12-21 10:11:16 - [MESSAGE][PASSED] - Current device physical width is 720

2021-12-21 10:11:17 - [MESSAGE][PASSED] - Swiped from 360,1,138 to 360,284

2021-12-21 10:11:17 - [MESSAGE][PASSED] - scroll.scroll.scrollScreenBottomToTop is PASSED

2021-12-21 10:11:17 - [TEST_STEP][PASSED] - tapAndHold(findTestObject("Object Repository/Mobile/Page/Portfolio/Detail Mutual Funds/Button - 3 Month"), 1, 0): Tapped and held on element 'Object Repository/Mobile/Page/Portfolio/Detail Mutual Funds/Button - 3 Month' with duration 1

2021-12-21 10:11:17 - [MESSAGE][WARNING] - Timeout '0' is invalid. Using default page load timeout: '60'

2021-12-21 10:11:20 - [MESSAGE][PASSED] - Tapped and held on element 'Object Repository/Mobile/Page/Portfolio/Detail Mutual Funds/Button - 3 Month' with duration 1

2021-12-21 10:11:20 - [TEST_STEP][PASSED] - delay(3): Delayed 3 second(s)

2021-12-21 10:11:23 - [MESSAGE][PASSED] - Delayed 3 second(s)

2021-12-21 10:11:23 - [TEST_STEP][PASSED] - scroll.scroll.scrollScreenBottomToTop(): scroll.scroll.scrollScreenBottomToTop is PASSED

2021-12-21 10:11:23 - [MESSAGE][PASSED] - Current device physical height is 1423

2021-12-21 10:11:23 - [MESSAGE][PASSED] - Current device physical width is 720

2021-12-21 10:11:24 - [MESSAGE][PASSED] - Swiped from 360,1,138 to 360,284

2021-12-21 10:11:24 - [MESSAGE][PASSED] - scroll.scroll.scrollScreenBottomToTop is PASSED

2021-12-21 10:11:24 - [TEST_STEP][PASSED] - tapAndHold(findTestObject("Object Repository/Mobile/Page/Portfolio/Detail Mutual Funds/Button - 6 Month"), 1, 0): Tapped and held on element 'Object Repository/Mobile/Page/Portfolio/Detail Mutual Funds/Button - 6 Month' with duration 1

2021-12-21 10:11:25 - [MESSAGE][WARNING] - Timeout '0' is invalid. Using default page load timeout: '60'

2021-12-21 10:11:28 - [MESSAGE][PASSED] - Tapped and held on element 'Object Repository/Mobile/Page/Portfolio/Detail Mutual Funds/Button - 6 Month' with duration 1

2021-12-21 10:11:28 - [TEST_STEP][PASSED] - delay(3): Delayed 3 second(s)

2021-12-21 10:11:31 - [MESSAGE][PASSED] - Delayed 3 second(s)

2021-12-21 10:11:31 - [TEST_STEP][PASSED] - scroll.scroll.scrollScreenBottomToTop(): scroll.scroll.scrollScreenBottomToTop is PASSED

2021-12-21 10:11:31 - [MESSAGE][PASSED] - Current device physical height is 1423

2021-12-21 10:11:31 - [MESSAGE][PASSED] - Current device physical width is 720

2021-12-21 10:11:32 - [MESSAGE][PASSED] - Swiped from 360,1,138 to 360,284

2021-12-21 10:11:32 - [MESSAGE][PASSED] - scroll.scroll.scrollScreenBottomToTop is PASSED

2021-12-21 10:11:32 - [TEST_STEP][PASSED] - tapAndHold(findTestObject("Object Repository/Mobile/Page/Portfolio/Detail Mutual Funds/Button - 1 Year"), 1, 0): Tapped and held on element 'Object Repository/Mobile/Page/Portfolio/Detail Mutual Funds/Button - 1 Year' with duration 1

2021-12-21 10:11:33 - [MESSAGE][WARNING] - Timeout '0' is invalid. Using default page load timeout: '60'

2021-12-21 10:11:35 - [MESSAGE][PASSED] - Tapped and held on element 'Object Repository/Mobile/Page/Portfolio/Detail Mutual Funds/Button - 1 Year' with duration 1

2021-12-21 10:11:35 - [TEST_STEP][PASSED] - delay(3): Delayed 3 second(s)

2021-12-21 10:11:38 - [MESSAGE][PASSED] - Delayed 3 second(s)

2021-12-21 10:11:38 - [TEST_STEP][PASSED] - scroll.scroll.scrollScreenBottomToTop(): scroll.scroll.scrollScreenBottomToTop is PASSED

2021-12-21 10:11:39 - [MESSAGE][PASSED] - Current device physical height is 1423

2021-12-21 10:11:39 - [MESSAGE][PASSED] - Current device physical width is 720

2021-12-21 10:11:40 - [MESSAGE][PASSED] - Swiped from 360,1,138 to 360,284

2021-12-21 10:11:40 - [MESSAGE][PASSED] - scroll.scroll.scrollScreenBottomToTop is PASSED

2021-12-21 10:11:40 - [TEST_STEP][PASSED] - tapAndHold(findTestObject("Object Repository/Mobile/Page/Portfolio/Detail Mutual Funds/Button - 3 Year"), 1, 0): Tapped and held on element 'Object Repository/Mobile/Page/Portfolio/Detail Mutual Funds/Button - 3 Year' with duration 1

2021-12-21 10:11:40 - [MESSAGE][WARNING] - Timeout '0' is invalid. Using default page load timeout: '60'

2021-12-21 10:11:43 - [MESSAGE][PASSED] - Tapped and held on element 'Object Repository/Mobile/Page/Portfolio/Detail Mutual Funds/Button - 3 Year' with duration 1

2021-12-21 10:11:43 - [TEST_STEP][PASSED] - delay(3): Delayed 3 second(s)

2021-12-21 10:11:46 - [MESSAGE][PASSED] - Delayed 3 second(s)

2021-12-21 10:11:46 - [TEST_STEP][PASSED] - scroll.scroll.scrollScreenBottomToTop(): scroll.scroll.scrollScreenBottomToTop is PASSED

2021-12-21 10:11:46 - [MESSAGE][PASSED] - Current device physical height is 1423

2021-12-21 10:11:46 - [MESSAGE][PASSED] - Current device physical width is 720

2021-12-21 10:11:48 - [MESSAGE][PASSED] - Swiped from 360,1,138 to 360,284

2021-12-21 10:11:48 - [MESSAGE][PASSED] - scroll.scroll.scrollScreenBottomToTop is PASSED

2021-12-21 10:11:48 - [TEST_STEP][PASSED] - tapAndHold(findTestObject("Object Repository/Mobile/Page/Portfolio/Detail Mutual Funds/Button - 5 Year"), 1, 0): Tapped and held on element 'Object Repository/Mobile/Page/Portfolio/Detail Mutual Funds/Button - 5 Year' with duration 1

2021-12-21 10:11:48 - [MESSAGE][WARNING] - Timeout '0' is invalid. Using default page load timeout: '60'

2021-12-21 10:11:50 - [MESSAGE][PASSED] - Tapped and held on element 'Object Repository/Mobile/Page/Portfolio/Detail Mutual Funds/Button - 5 Year' with duration 1

2021-12-21 10:11:50 - [TEST_STEP][PASSED] - delay(3): Delayed 3 second(s)

2021-12-21 10:11:53 - [MESSAGE][PASSED] - Delayed 3 second(s)

2021-12-21 10:11:53 - [TEST_STEP][PASSED] - scroll.scroll.scrollScreenBottomToTop(): scroll.scroll.scrollScreenBottomToTop is PASSED

2021-12-21 10:11:54 - [MESSAGE][PASSED] - Current device physical height is 1423

2021-12-21 10:11:54 - [MESSAGE][PASSED] - Current device physical width is 720

2021-12-21 10:11:55 - [MESSAGE][PASSED] - Swiped from 360,1,138 to 360,284

2021-12-21 10:11:55 - [MESSAGE][PASSED] - scroll.scroll.scrollScreenBottomToTop is PASSED

2021-12-21 10:11:55 - [TEST_STEP][PASSED] - tapAndHold(findTestObject("Object Repository/Mobile/Page/Portfolio/Detail Mutual Funds/Button - 10 Year"), 1, 0): Tapped and held on element 'Object Repository/Mobile/Page/Portfolio/Detail Mutual Funds/Button - 10 Year' with duration 1

2021-12-21 10:11:55 - [MESSAGE][WARNING] - Timeout '0' is invalid. Using default page load timeout: '60'

2021-12-21 10:11:58 - [MESSAGE][PASSED] - Tapped and held on element 'Object Repository/Mobile/Page/Portfolio/Detail Mutual Funds/Button - 10 Year' with duration 1

2021-12-21 10:11:58 - [TEST_STEP][PASSED] - delay(3): Delayed 3 second(s)

2021-12-21 10:12:01 - [MESSAGE][PASSED] - Delayed 3 second(s)

2021-12-21 10:12:01 - [TEST_STEP][PASSED] - scroll.scroll.scrollScreenBottomToTop(): scroll.scroll.scrollScreenBottomToTop is PASSED

2021-12-21 10:12:01 - [MESSAGE][PASSED] - Current device physical height is 1423

2021-12-21 10:12:01 - [MESSAGE][PASSED] - Current device physical width is 720

2021-12-21 10:12:03 - [MESSAGE][PASSED] - Swiped from 360,1,138 to 360,284

2021-12-21 10:12:03 - [MESSAGE][PASSED] - scroll.scroll.scrollScreenBottomToTop is PASSED

2021-12-21 10:12:03 - [MESSAGE][PASSED] - Call Test Case 'Test Cases/Mobile/Page/Portfolio/Portfolio' successfully

2021-12-21 10:12:03 - [TEST_STEP][PASSED] - callTestCase(findTestCase("Mobile/Page/Run App/Terminate App"), [:], STOP_ON_FAILURE): Call Test Case 'Test Cases/Mobile/Page/Run App/Terminate App' successfully

2021-12-21 10:12:03 - [TEST_CASE][PASSED] - Test Cases/Mobile/Page/Run App/Terminate App: Test Cases/Mobile/Page/Run App/Terminate App

2021-12-21 10:12:03 - [TEST_STEP][PASSED] - startApp.OpenApp.terminateApplication(): startApp.OpenApp.terminateApplication is PASSED

2021-12-21 10:12:06 - [MESSAGE][PASSED] - Delayed 3 second(s)

2021-12-21 10:12:06 - [MESSAGE][PASSED] - Current device physical width is 720

2021-12-21 10:12:06 - [MESSAGE][PASSED] - Current device physical height is 1423

2021-12-21 10:12:08 - [MESSAGE][PASSED] - Swiped from 360,853 to 360,142

2021-12-21 10:12:09 - [MESSAGE][PASSED] - Delayed 1 second(s)

2021-12-21 10:12:10 - [MESSAGE][PASSED] - Swiped from 360,853 to 360,142

2021-12-21 10:12:13 - [MESSAGE][PASSED] - Delayed 3 second(s)

2021-12-21 10:12:13 - [MESSAGE][PASSED] - startApp.OpenApp.terminateApplication is PASSED

2021-12-21 10:12:13 - [MESSAGE][PASSED] - Call Test Case 'Test Cases/Mobile/Page/Run App/Terminate App' successfully]]></system-out>
         <system-err><![CDATA[]]></system-err>
      </testcase>
      <testcase name="Test Cases/Mobile/Scenario/Portfolio/008 - Portfolio Bond" time="55.885" classname="Test Cases/Mobile/Scenario/Portfolio/008 - Portfolio Bond" status="PASSED">
         <system-out><![CDATA[2021-12-21 10:12:13 - [TEST_CASE][PASSED] - Test Cases/Mobile/Scenario/Portfolio/008 - Portfolio Bond: Test Cases/Mobile/Scenario/Portfolio/008 - Portfolio Bond

2021-12-21 10:12:13 - [TEST_STEP][PASSED] - callTestCase(findTestCase("Mobile/Page/Run App/Run App byID"), [:], STOP_ON_FAILURE): Call Test Case 'Test Cases/Mobile/Page/Run App/Run App byID' successfully

2021-12-21 10:12:14 - [TEST_CASE][PASSED] - Test Cases/Mobile/Page/Run App/Run App byID: Test Cases/Mobile/Page/Run App/Run App byID

2021-12-21 10:12:14 - [TEST_STEP][PASSED] - startApp.OpenApp.startApplication("id.co.miraeasset.sageclub"): startApp.OpenApp.startApplication is PASSED

2021-12-21 10:12:25 - [MESSAGE][PASSED] - Starting app with application ID: 'id.co.miraeasset.sageclub'

2021-12-21 10:12:25 - [MESSAGE][PASSED] - startApp.OpenApp.startApplication is PASSED

2021-12-21 10:12:25 - [MESSAGE][PASSED] - Call Test Case 'Test Cases/Mobile/Page/Run App/Run App byID' successfully

2021-12-21 10:12:25 - [TEST_STEP][PASSED] - callTestCase(findTestCase("Mobile/Page/Portfolio/Portfolio"), ["tab":"bond", "action":"none"], CONTINUE_ON_FAILURE): Call Test Case 'Test Cases/Mobile/Page/Portfolio/Portfolio' successfully

2021-12-21 10:12:25 - [TEST_CASE][PASSED] - Test Cases/Mobile/Page/Portfolio/Portfolio: Test Cases/Mobile/Page/Portfolio/Portfolio

2021-12-21 10:12:25 - [TEST_STEP][PASSED] - callTestCase(findTestCase("Mobile/Page/CheckLogin"), [:], CONTINUE_ON_FAILURE): Call Test Case 'Test Cases/Mobile/Page/CheckLogin' successfully

2021-12-21 10:12:25 - [TEST_CASE][PASSED] - Test Cases/Mobile/Page/CheckLogin: Test Cases/Mobile/Page/CheckLogin

2021-12-21 10:12:25 - [TEST_STEP][PASSED] - loginCheck = verifyElementExist(findTestObject("Mobile/Page/Login/Button - Login"), 2, CONTINUE_ON_FAILURE): Element 'Object Repository/Mobile/Page/Login/Button - Login' is exist

2021-12-21 10:12:27 - [MESSAGE][PASSED] - Element 'Object Repository/Mobile/Page/Login/Button - Login' is exist

2021-12-21 10:12:27 - [TEST_STEP][PASSED] - if (loginCheck): Call Test Case 'Test Cases/Mobile/Page/Login/Login' successfully

2021-12-21 10:12:27 - [TEST_STEP][PASSED] - callTestCase(findTestCase("Mobile/Page/Login/Login"), [:], CONTINUE_ON_FAILURE): Call Test Case 'Test Cases/Mobile/Page/Login/Login' successfully

2021-12-21 10:12:27 - [TEST_CASE][PASSED] - Test Cases/Mobile/Page/Login/Login: Test Cases/Mobile/Page/Login/Login

2021-12-21 10:12:27 - [TEST_STEP][PASSED] - delay(2): Delayed 2 second(s)

2021-12-21 10:12:29 - [MESSAGE][PASSED] - Delayed 2 second(s)

2021-12-21 10:12:29 - [TEST_STEP][PASSED] - tap(findTestObject("Mobile/Page/Login/Input - UserID"), 0): Tapped on element 'Object Repository/Mobile/Page/Login/Input - UserID'

2021-12-21 10:12:29 - [MESSAGE][WARNING] - Timeout '0' is invalid. Using default page load timeout: '60'

2021-12-21 10:12:30 - [MESSAGE][PASSED] - Tapped on element 'Object Repository/Mobile/Page/Login/Input - UserID'

2021-12-21 10:12:30 - [TEST_STEP][PASSED] - delay(1): Delayed 1 second(s)

2021-12-21 10:12:31 - [MESSAGE][PASSED] - Delayed 1 second(s)

2021-12-21 10:12:31 - [TEST_STEP][PASSED] - setText(findTestObject("Mobile/Page/Login/Input Rdy - UserID"), "anggaaditya", 0): Text 'anggaaditya' has been set to element 'Object Repository/Mobile/Page/Login/Input Rdy - UserID'

2021-12-21 10:12:31 - [MESSAGE][WARNING] - Timeout '0' is invalid. Using default page load timeout: '60'

2021-12-21 10:12:32 - [MESSAGE][PASSED] - Text 'anggaaditya' has been set to element 'Object Repository/Mobile/Page/Login/Input Rdy - UserID'

2021-12-21 10:12:32 - [TEST_STEP][PASSED] - delay(1): Delayed 1 second(s)

2021-12-21 10:12:33 - [MESSAGE][PASSED] - Delayed 1 second(s)

2021-12-21 10:12:33 - [TEST_STEP][PASSED] - hideKeyboard(): Keyboard is hidden

2021-12-21 10:12:37 - [MESSAGE][PASSED] - Keyboard is hidden

2021-12-21 10:12:37 - [TEST_STEP][PASSED] - tap(findTestObject("Mobile/Page/Login/Input - Password"), 0): Tapped on element 'Object Repository/Mobile/Page/Login/Input - Password'

2021-12-21 10:12:37 - [MESSAGE][WARNING] - Timeout '0' is invalid. Using default page load timeout: '60'

2021-12-21 10:12:38 - [MESSAGE][PASSED] - Tapped on element 'Object Repository/Mobile/Page/Login/Input - Password'

2021-12-21 10:12:38 - [TEST_STEP][PASSED] - delay(1): Delayed 1 second(s)

2021-12-21 10:12:39 - [MESSAGE][PASSED] - Delayed 1 second(s)

2021-12-21 10:12:39 - [TEST_STEP][PASSED] - setText(findTestObject("Mobile/Page/Login/Input Rdy - Password"), "Shalawa18", 0): Text 'Shalawa18' has been set to element 'Object Repository/Mobile/Page/Login/Input Rdy - Password'

2021-12-21 10:12:39 - [MESSAGE][WARNING] - Timeout '0' is invalid. Using default page load timeout: '60'

2021-12-21 10:12:40 - [MESSAGE][PASSED] - Text 'Shalawa18' has been set to element 'Object Repository/Mobile/Page/Login/Input Rdy - Password'

2021-12-21 10:12:40 - [TEST_STEP][PASSED] - delay(1): Delayed 1 second(s)

2021-12-21 10:12:41 - [MESSAGE][PASSED] - Delayed 1 second(s)

2021-12-21 10:12:41 - [TEST_STEP][PASSED] - hideKeyboard(): Keyboard is hidden

2021-12-21 10:12:48 - [MESSAGE][PASSED] - Keyboard is hidden

2021-12-21 10:12:48 - [TEST_STEP][PASSED] - tap(findTestObject("Mobile/Page/Login/Button - Login"), 0): Tapped on element 'Object Repository/Mobile/Page/Login/Button - Login'

2021-12-21 10:12:48 - [MESSAGE][WARNING] - Timeout '0' is invalid. Using default page load timeout: '60'

2021-12-21 10:12:49 - [MESSAGE][PASSED] - Tapped on element 'Object Repository/Mobile/Page/Login/Button - Login'

2021-12-21 10:12:49 - [TEST_STEP][PASSED] - delay(2): Delayed 2 second(s)

2021-12-21 10:12:51 - [MESSAGE][PASSED] - Delayed 2 second(s)

2021-12-21 10:12:51 - [MESSAGE][PASSED] - Call Test Case 'Test Cases/Mobile/Page/Login/Login' successfully

2021-12-21 10:12:51 - [MESSAGE][PASSED] - Call Test Case 'Test Cases/Mobile/Page/CheckLogin' successfully

2021-12-21 10:12:51 - [TEST_STEP][PASSED] - tap(findTestObject("Mobile/Page/Home/Menubar - Portfolio"), 0): Tapped on element 'Object Repository/Mobile/Page/Home/Menubar - Portfolio'

2021-12-21 10:12:51 - [MESSAGE][WARNING] - Timeout '0' is invalid. Using default page load timeout: '60'

2021-12-21 10:12:52 - [MESSAGE][PASSED] - Tapped on element 'Object Repository/Mobile/Page/Home/Menubar - Portfolio'

2021-12-21 10:12:52 - [TEST_STEP][PASSED] - delay(1): Delayed 1 second(s)

2021-12-21 10:12:53 - [MESSAGE][PASSED] - Delayed 1 second(s)

2021-12-21 10:12:53 - [TEST_STEP][PASSED] - for ([i = 0, i < 1, (i++)]): Delayed 3 second(s)

2021-12-21 10:12:53 - [TEST_STEP][PASSED] - if (tab == "summary"): null

2021-12-21 10:12:53 - [TEST_STEP][PASSED] - else if (tab == "stock"): null

2021-12-21 10:12:53 - [TEST_STEP][PASSED] - else if (tab == "mutualfund"): null

2021-12-21 10:12:53 - [TEST_STEP][PASSED] - else if (tab == "bond"): Delayed 3 second(s)

2021-12-21 10:12:53 - [TEST_STEP][PASSED] - tap(findTestObject("Mobile/Page/Portfolio/Tab - Bond"), 0): Tapped on element 'Object Repository/Mobile/Page/Portfolio/Tab - Bond'

2021-12-21 10:12:53 - [MESSAGE][WARNING] - Timeout '0' is invalid. Using default page load timeout: '60'

2021-12-21 10:12:54 - [MESSAGE][PASSED] - Tapped on element 'Object Repository/Mobile/Page/Portfolio/Tab - Bond'

2021-12-21 10:12:54 - [TEST_STEP][PASSED] - scroll.scroll.scrollScreenBottomToTop(): scroll.scroll.scrollScreenBottomToTop is PASSED

2021-12-21 10:12:54 - [MESSAGE][PASSED] - Current device physical height is 1423

2021-12-21 10:12:54 - [MESSAGE][PASSED] - Current device physical width is 720

2021-12-21 10:12:56 - [MESSAGE][PASSED] - Swiped from 360,1,138 to 360,284

2021-12-21 10:12:56 - [MESSAGE][PASSED] - scroll.scroll.scrollScreenBottomToTop is PASSED

2021-12-21 10:12:56 - [TEST_STEP][PASSED] - delay(3): Delayed 3 second(s)

2021-12-21 10:12:59 - [MESSAGE][PASSED] - Delayed 3 second(s)

2021-12-21 10:12:59 - [MESSAGE][PASSED] - Call Test Case 'Test Cases/Mobile/Page/Portfolio/Portfolio' successfully

2021-12-21 10:12:59 - [TEST_STEP][PASSED] - callTestCase(findTestCase("Mobile/Page/Run App/Terminate App"), [:], STOP_ON_FAILURE): Call Test Case 'Test Cases/Mobile/Page/Run App/Terminate App' successfully

2021-12-21 10:12:59 - [TEST_CASE][PASSED] - Test Cases/Mobile/Page/Run App/Terminate App: Test Cases/Mobile/Page/Run App/Terminate App

2021-12-21 10:12:59 - [TEST_STEP][PASSED] - startApp.OpenApp.terminateApplication(): startApp.OpenApp.terminateApplication is PASSED

2021-12-21 10:13:02 - [MESSAGE][PASSED] - Delayed 3 second(s)

2021-12-21 10:13:02 - [MESSAGE][PASSED] - Current device physical width is 720

2021-12-21 10:13:02 - [MESSAGE][PASSED] - Current device physical height is 1423

2021-12-21 10:13:04 - [MESSAGE][PASSED] - Swiped from 360,853 to 360,142

2021-12-21 10:13:05 - [MESSAGE][PASSED] - Delayed 1 second(s)

2021-12-21 10:13:06 - [MESSAGE][PASSED] - Swiped from 360,853 to 360,142

2021-12-21 10:13:09 - [MESSAGE][PASSED] - Delayed 3 second(s)

2021-12-21 10:13:09 - [MESSAGE][PASSED] - startApp.OpenApp.terminateApplication is PASSED

2021-12-21 10:13:09 - [MESSAGE][PASSED] - Call Test Case 'Test Cases/Mobile/Page/Run App/Terminate App' successfully]]></system-out>
         <system-err><![CDATA[]]></system-err>
      </testcase>
      <system-out><![CDATA[2021-12-21 10:10:14 - [TEST_SUITE][PASSED] - portfolio: Test Cases/Mobile/Scenario/Portfolio/008 - Portfolio Bond]]></system-out>
      <system-err><![CDATA[]]></system-err>
   </testsuite>
</testsuites>
