<?xml version="1.0" encoding="UTF-8"?>
<testsuites name="portfolio" time="1268.638" tests="19" failures="0" skips="0" errors="0">
   <testsuite name="portfolio" tests="19" failures="0" errors="0" time="1268.638" skips="0" timestamp="2022-01-07 09:16:31" hostname="Owner - aldy-tft" id="Test Suites/portfolio">
      <properties>
         <property name="deviceName" value="samsung SM-A205F (Android 11)"/>
         <property name="devicePlatform" value=""/>
         <property name="logFolder" value="C:\\Users\\Owner\\Documents\\kerjaan\\KatalonProject\\qa_katalon_pwm\\qa_katalon_pwm\\Reports\\20220107_091622\\portfolio\\20220107_091622"/>
         <property name="logFiles" value="C:\\Users\\Owner\\Documents\\kerjaan\\KatalonProject\\qa_katalon_pwm\\qa_katalon_pwm\\Reports\\20220107_091622\\portfolio\\20220107_091622\\appium.log, C:\\Users\\Owner\\Documents\\kerjaan\\KatalonProject\\qa_katalon_pwm\\qa_katalon_pwm\\Reports\\20220107_091622\\portfolio\\20220107_091622\\execution0.log"/>
         <property name="attachments" value=""/>
         <property name="hostName" value="Owner - aldy-tft"/>
         <property name="os" value="Windows 10 64bit"/>
         <property name="appiumServerStatus" value="{&quot;value&quot;:{&quot;build&quot;:{&quot;version&quot;:&quot;1.22.0&quot;}},&quot;sessionId&quot;:null,&quot;status&quot;:0}"/>
         <property name="katalonVersion" value="7.9.1.208"/>
         <property name="deviceOS" value="Android"/>
         <property name="appiumVersion" value="1.22.0"/>
         <property name="deviceModel" value="SM-A205F"/>
         <property name="hostAddress" value="10.0.30.68"/>
         <property name="deviceManufacturer" value="samsung"/>
         <property name="deviceId" value="RR8M40C9AXE"/>
         <property name="deviceName" value="samsung SM-A205F (Android 11)"/>
         <property name="deviceOSVersion" value="11"/>
      </properties>
      <testcase name="Test Cases/Mobile/Scenario/Portfolio/001 - Summary" time="96.69" classname="Test Cases/Mobile/Scenario/Portfolio/001 - Summary" status="PASSED">
         <system-out><![CDATA[2022-01-07 09:16:32 - [TEST_CASE][PASSED] - Test Cases/Mobile/Scenario/Portfolio/001 - Summary: Test Cases/Mobile/Scenario/Portfolio/001 - Summary

2022-01-07 09:16:33 - [TEST_STEP][PASSED] - callTestCase(findTestCase("Mobile/Page/Run App/Run App byID"), [:], STOP_ON_FAILURE): Call Test Case 'Test Cases/Mobile/Page/Run App/Run App byID' successfully

2022-01-07 09:16:33 - [TEST_CASE][PASSED] - Test Cases/Mobile/Page/Run App/Run App byID: Test Cases/Mobile/Page/Run App/Run App byID

2022-01-07 09:16:34 - [TEST_STEP][PASSED] - startApp.OpenApp.startApplication("id.co.miraeasset.sageclub"): startApp.OpenApp.startApplication is PASSED

2022-01-07 09:16:35 - [MESSAGE][INFO] - Appium server started on port 49,726

2022-01-07 09:16:57 - [MESSAGE][PASSED] - Starting app with application ID: 'id.co.miraeasset.sageclub'

2022-01-07 09:16:57 - [MESSAGE][PASSED] - startApp.OpenApp.startApplication is PASSED

2022-01-07 09:16:57 - [MESSAGE][PASSED] - Call Test Case 'Test Cases/Mobile/Page/Run App/Run App byID' successfully

2022-01-07 09:16:57 - [TEST_STEP][PASSED] - callTestCase(findTestCase("Mobile/Page/Portfolio/Portfolio"), ["tab":"summary", "action":"summary"], CONTINUE_ON_FAILURE): Call Test Case 'Test Cases/Mobile/Page/Portfolio/Portfolio' successfully

2022-01-07 09:16:57 - [TEST_CASE][PASSED] - Test Cases/Mobile/Page/Portfolio/Portfolio: Test Cases/Mobile/Page/Portfolio/Portfolio

2022-01-07 09:16:58 - [TEST_STEP][PASSED] - callTestCase(findTestCase("Mobile/Page/CheckLogin"), [:], CONTINUE_ON_FAILURE): Call Test Case 'Test Cases/Mobile/Page/CheckLogin' successfully

2022-01-07 09:16:58 - [TEST_CASE][PASSED] - Test Cases/Mobile/Page/CheckLogin: Test Cases/Mobile/Page/CheckLogin

2022-01-07 09:16:59 - [TEST_STEP][PASSED] - loginCheck = verifyElementExist(LOGN_BtnLogin, 5, CONTINUE_ON_FAILURE): Element 'Object Repository/Mobile/Page/Login/Button - Login' is exist

2022-01-07 09:17:18 - [MESSAGE][PASSED] - Element 'Object Repository/Mobile/Page/Login/Button - Login' is exist

2022-01-07 09:17:18 - [TEST_STEP][PASSED] - if (loginCheck): Call Test Case 'Test Cases/Mobile/Page/Login/Login' successfully

2022-01-07 09:17:18 - [TEST_STEP][PASSED] - callTestCase(findTestCase("Mobile/Page/Login/Login"), ["action":"username"], CONTINUE_ON_FAILURE): Call Test Case 'Test Cases/Mobile/Page/Login/Login' successfully

2022-01-07 09:17:18 - [TEST_CASE][PASSED] - Test Cases/Mobile/Page/Login/Login: Test Cases/Mobile/Page/Login/Login

2022-01-07 09:17:18 - [TEST_STEP][PASSED] - delay(2): Delayed 2 second(s)

2022-01-07 09:17:20 - [MESSAGE][PASSED] - Delayed 2 second(s)

2022-01-07 09:17:20 - [TEST_STEP][PASSED] - for ([i = 0, i < 1, (i++)]): null

2022-01-07 09:17:20 - [TEST_STEP][PASSED] - if (action == "username"): null

2022-01-07 09:17:20 - [TEST_STEP][PASSED] - tap(LOGN_EdtUserID, 0): Tapped on element 'Object Repository/Mobile/Page/Login/Input - UserID'

2022-01-07 09:17:20 - [MESSAGE][WARNING] - Timeout '0' is invalid. Using default page load timeout: '60'

2022-01-07 09:17:20 - [MESSAGE][PASSED] - Tapped on element 'Object Repository/Mobile/Page/Login/Input - UserID'

2022-01-07 09:17:20 - [TEST_STEP][PASSED] - delay(1): Delayed 1 second(s)

2022-01-07 09:17:21 - [MESSAGE][PASSED] - Delayed 1 second(s)

2022-01-07 09:17:21 - [TEST_STEP][PASSED] - setText(LOGN_EdtRdyUserID, "anggaaditya", 0): Text 'anggaaditya' has been set to element 'Object Repository/Mobile/Page/Login/Input Rdy - UserID'

2022-01-07 09:17:21 - [MESSAGE][WARNING] - Timeout '0' is invalid. Using default page load timeout: '60'

2022-01-07 09:17:22 - [MESSAGE][PASSED] - Text 'anggaaditya' has been set to element 'Object Repository/Mobile/Page/Login/Input Rdy - UserID'

2022-01-07 09:17:22 - [TEST_STEP][PASSED] - delay(1): Delayed 1 second(s)

2022-01-07 09:17:23 - [MESSAGE][PASSED] - Delayed 1 second(s)

2022-01-07 09:17:23 - [TEST_STEP][PASSED] - hideKeyboard(): Keyboard is hidden

2022-01-07 09:17:33 - [MESSAGE][PASSED] - Keyboard is hidden

2022-01-07 09:17:33 - [TEST_STEP][PASSED] - tap(LOGN_EdtPassword, 0): Tapped on element 'Object Repository/Mobile/Page/Login/Input - Password'

2022-01-07 09:17:33 - [MESSAGE][WARNING] - Timeout '0' is invalid. Using default page load timeout: '60'

2022-01-07 09:17:34 - [MESSAGE][PASSED] - Tapped on element 'Object Repository/Mobile/Page/Login/Input - Password'

2022-01-07 09:17:34 - [TEST_STEP][PASSED] - delay(1): Delayed 1 second(s)

2022-01-07 09:17:35 - [MESSAGE][PASSED] - Delayed 1 second(s)

2022-01-07 09:17:35 - [TEST_STEP][PASSED] - setText(LOGN_EdtRdyPassword, "Shalawa18", 0): Text 'Shalawa18' has been set to element 'Object Repository/Mobile/Page/Login/Input Rdy - Password'

2022-01-07 09:17:35 - [MESSAGE][WARNING] - Timeout '0' is invalid. Using default page load timeout: '60'

2022-01-07 09:17:36 - [MESSAGE][PASSED] - Text 'Shalawa18' has been set to element 'Object Repository/Mobile/Page/Login/Input Rdy - Password'

2022-01-07 09:17:36 - [TEST_STEP][PASSED] - delay(1): Delayed 1 second(s)

2022-01-07 09:17:37 - [MESSAGE][PASSED] - Delayed 1 second(s)

2022-01-07 09:17:37 - [TEST_STEP][PASSED] - hideKeyboard(): Keyboard is hidden

2022-01-07 09:17:50 - [MESSAGE][PASSED] - Keyboard is hidden

2022-01-07 09:17:50 - [TEST_STEP][PASSED] - tap(LOGN_BtnLogin, 0): Tapped on element 'Object Repository/Mobile/Page/Login/Button - Login'

2022-01-07 09:17:50 - [MESSAGE][WARNING] - Timeout '0' is invalid. Using default page load timeout: '60'

2022-01-07 09:17:51 - [MESSAGE][PASSED] - Tapped on element 'Object Repository/Mobile/Page/Login/Button - Login'

2022-01-07 09:17:51 - [TEST_STEP][PASSED] - delay(2): Delayed 2 second(s)

2022-01-07 09:17:53 - [MESSAGE][PASSED] - Delayed 2 second(s)

2022-01-07 09:17:53 - [TEST_STEP][PASSED] - break: null

2022-01-07 09:17:53 - [MESSAGE][PASSED] - Call Test Case 'Test Cases/Mobile/Page/Login/Login' successfully

2022-01-07 09:17:53 - [MESSAGE][PASSED] - Call Test Case 'Test Cases/Mobile/Page/CheckLogin' successfully

2022-01-07 09:17:53 - [TEST_STEP][PASSED] - tap(HOME_MenubarPortfolio, 0): Tapped on element 'Object Repository/Mobile/Page/Home/Menubar - Portfolio'

2022-01-07 09:17:53 - [MESSAGE][WARNING] - Timeout '0' is invalid. Using default page load timeout: '60'

2022-01-07 09:17:55 - [MESSAGE][PASSED] - Tapped on element 'Object Repository/Mobile/Page/Home/Menubar - Portfolio'

2022-01-07 09:17:55 - [TEST_STEP][PASSED] - delay(1): Delayed 1 second(s)

2022-01-07 09:17:56 - [MESSAGE][PASSED] - Delayed 1 second(s)

2022-01-07 09:17:56 - [TEST_STEP][PASSED] - for ([i = 0, i < 1, (i++)]): null

2022-01-07 09:17:56 - [TEST_STEP][PASSED] - if (tab == "summary"): null

2022-01-07 09:17:56 - [TEST_STEP][PASSED] - idr = PORT_BtnIDR: null

2022-01-07 09:17:56 - [TEST_STEP][PASSED] - persen = PORT_BtnPersen: null

2022-01-07 09:17:56 - [TEST_STEP][PASSED] - if (action == "summary"): Delayed 3 second(s)

2022-01-07 09:17:56 - [TEST_STEP][PASSED] - delay(3): Delayed 3 second(s)

2022-01-07 09:17:59 - [MESSAGE][PASSED] - Delayed 3 second(s)

2022-01-07 09:17:59 - [TEST_STEP][PASSED] - if (action != "summary"): null

2022-01-07 09:17:59 - [MESSAGE][PASSED] - Call Test Case 'Test Cases/Mobile/Page/Portfolio/Portfolio' successfully

2022-01-07 09:17:59 - [TEST_STEP][PASSED] - callTestCase(findTestCase("Mobile/Page/Run App/Terminate App"), [:], STOP_ON_FAILURE): Call Test Case 'Test Cases/Mobile/Page/Run App/Terminate App' successfully

2022-01-07 09:17:59 - [TEST_CASE][PASSED] - Test Cases/Mobile/Page/Run App/Terminate App: Test Cases/Mobile/Page/Run App/Terminate App

2022-01-07 09:17:59 - [TEST_STEP][PASSED] - startApp.OpenApp.terminateApplication(): startApp.OpenApp.terminateApplication is PASSED

2022-01-07 09:18:02 - [MESSAGE][PASSED] - Delayed 3 second(s)

2022-01-07 09:18:02 - [MESSAGE][PASSED] - Current device physical width is 720

2022-01-07 09:18:03 - [MESSAGE][PASSED] - Current device physical height is 1423

2022-01-07 09:18:04 - [MESSAGE][PASSED] - Swiped from 360,853 to 360,142

2022-01-07 09:18:05 - [MESSAGE][PASSED] - Delayed 1 second(s)

2022-01-07 09:18:06 - [MESSAGE][PASSED] - Swiped from 360,853 to 360,142

2022-01-07 09:18:09 - [MESSAGE][PASSED] - Delayed 3 second(s)

2022-01-07 09:18:09 - [MESSAGE][PASSED] - startApp.OpenApp.terminateApplication is PASSED

2022-01-07 09:18:09 - [MESSAGE][PASSED] - Call Test Case 'Test Cases/Mobile/Page/Run App/Terminate App' successfully]]></system-out>
         <system-err><![CDATA[]]></system-err>
      </testcase>
      <testcase name="Test Cases/Mobile/Scenario/Portfolio/002 - Portfolio Performance Daily IDR" time="73.744" classname="Test Cases/Mobile/Scenario/Portfolio/002 - Portfolio Performance Daily IDR" status="PASSED">
         <system-out><![CDATA[2022-01-07 09:18:09 - [TEST_CASE][PASSED] - Test Cases/Mobile/Scenario/Portfolio/002 - Portfolio Performance Daily IDR: Test Cases/Mobile/Scenario/Portfolio/002 - Portfolio Performance Daily IDR

2022-01-07 09:18:09 - [TEST_STEP][PASSED] - callTestCase(findTestCase("Mobile/Page/Run App/Run App byID"), [:], STOP_ON_FAILURE): Call Test Case 'Test Cases/Mobile/Page/Run App/Run App byID' successfully

2022-01-07 09:18:09 - [TEST_CASE][PASSED] - Test Cases/Mobile/Page/Run App/Run App byID: Test Cases/Mobile/Page/Run App/Run App byID

2022-01-07 09:18:09 - [TEST_STEP][PASSED] - startApp.OpenApp.startApplication("id.co.miraeasset.sageclub"): startApp.OpenApp.startApplication is PASSED

2022-01-07 09:18:23 - [MESSAGE][PASSED] - Starting app with application ID: 'id.co.miraeasset.sageclub'

2022-01-07 09:18:23 - [MESSAGE][PASSED] - startApp.OpenApp.startApplication is PASSED

2022-01-07 09:18:23 - [MESSAGE][PASSED] - Call Test Case 'Test Cases/Mobile/Page/Run App/Run App byID' successfully

2022-01-07 09:18:23 - [TEST_STEP][PASSED] - callTestCase(findTestCase("Mobile/Page/Portfolio/Portfolio"), ["tab":"summary", "action":"perf_daily", "action2":"idr"], CONTINUE_ON_FAILURE): Call Test Case 'Test Cases/Mobile/Page/Portfolio/Portfolio' successfully

2022-01-07 09:18:23 - [TEST_CASE][PASSED] - Test Cases/Mobile/Page/Portfolio/Portfolio: Test Cases/Mobile/Page/Portfolio/Portfolio

2022-01-07 09:18:23 - [TEST_STEP][PASSED] - callTestCase(findTestCase("Mobile/Page/CheckLogin"), [:], CONTINUE_ON_FAILURE): Call Test Case 'Test Cases/Mobile/Page/CheckLogin' successfully

2022-01-07 09:18:23 - [TEST_CASE][PASSED] - Test Cases/Mobile/Page/CheckLogin: Test Cases/Mobile/Page/CheckLogin

2022-01-07 09:18:23 - [TEST_STEP][PASSED] - loginCheck = verifyElementExist(LOGN_BtnLogin, 5, CONTINUE_ON_FAILURE): Element 'Object Repository/Mobile/Page/Login/Button - Login' is exist

2022-01-07 09:18:26 - [MESSAGE][PASSED] - Element 'Object Repository/Mobile/Page/Login/Button - Login' is exist

2022-01-07 09:18:26 - [TEST_STEP][PASSED] - if (loginCheck): Call Test Case 'Test Cases/Mobile/Page/Login/Login' successfully

2022-01-07 09:18:26 - [TEST_STEP][PASSED] - callTestCase(findTestCase("Mobile/Page/Login/Login"), ["action":"username"], CONTINUE_ON_FAILURE): Call Test Case 'Test Cases/Mobile/Page/Login/Login' successfully

2022-01-07 09:18:26 - [TEST_CASE][PASSED] - Test Cases/Mobile/Page/Login/Login: Test Cases/Mobile/Page/Login/Login

2022-01-07 09:18:26 - [TEST_STEP][PASSED] - delay(2): Delayed 2 second(s)

2022-01-07 09:18:28 - [MESSAGE][PASSED] - Delayed 2 second(s)

2022-01-07 09:18:28 - [TEST_STEP][PASSED] - for ([i = 0, i < 1, (i++)]): null

2022-01-07 09:18:28 - [TEST_STEP][PASSED] - if (action == "username"): null

2022-01-07 09:18:28 - [TEST_STEP][PASSED] - tap(LOGN_EdtUserID, 0): Tapped on element 'Object Repository/Mobile/Page/Login/Input - UserID'

2022-01-07 09:18:28 - [MESSAGE][WARNING] - Timeout '0' is invalid. Using default page load timeout: '60'

2022-01-07 09:18:28 - [MESSAGE][PASSED] - Tapped on element 'Object Repository/Mobile/Page/Login/Input - UserID'

2022-01-07 09:18:28 - [TEST_STEP][PASSED] - delay(1): Delayed 1 second(s)

2022-01-07 09:18:29 - [MESSAGE][PASSED] - Delayed 1 second(s)

2022-01-07 09:18:29 - [TEST_STEP][PASSED] - setText(LOGN_EdtRdyUserID, "anggaaditya", 0): Text 'anggaaditya' has been set to element 'Object Repository/Mobile/Page/Login/Input Rdy - UserID'

2022-01-07 09:18:29 - [MESSAGE][WARNING] - Timeout '0' is invalid. Using default page load timeout: '60'

2022-01-07 09:18:30 - [MESSAGE][PASSED] - Text 'anggaaditya' has been set to element 'Object Repository/Mobile/Page/Login/Input Rdy - UserID'

2022-01-07 09:18:30 - [TEST_STEP][PASSED] - delay(1): Delayed 1 second(s)

2022-01-07 09:18:31 - [MESSAGE][PASSED] - Delayed 1 second(s)

2022-01-07 09:18:31 - [TEST_STEP][PASSED] - hideKeyboard(): Keyboard is hidden

2022-01-07 09:18:40 - [MESSAGE][PASSED] - Keyboard is hidden

2022-01-07 09:18:40 - [TEST_STEP][PASSED] - tap(LOGN_EdtPassword, 0): Tapped on element 'Object Repository/Mobile/Page/Login/Input - Password'

2022-01-07 09:18:40 - [MESSAGE][WARNING] - Timeout '0' is invalid. Using default page load timeout: '60'

2022-01-07 09:18:40 - [MESSAGE][PASSED] - Tapped on element 'Object Repository/Mobile/Page/Login/Input - Password'

2022-01-07 09:18:40 - [TEST_STEP][PASSED] - delay(1): Delayed 1 second(s)

2022-01-07 09:18:41 - [MESSAGE][PASSED] - Delayed 1 second(s)

2022-01-07 09:18:41 - [TEST_STEP][PASSED] - setText(LOGN_EdtRdyPassword, "Shalawa18", 0): Text 'Shalawa18' has been set to element 'Object Repository/Mobile/Page/Login/Input Rdy - Password'

2022-01-07 09:18:41 - [MESSAGE][WARNING] - Timeout '0' is invalid. Using default page load timeout: '60'

2022-01-07 09:18:42 - [MESSAGE][PASSED] - Text 'Shalawa18' has been set to element 'Object Repository/Mobile/Page/Login/Input Rdy - Password'

2022-01-07 09:18:42 - [TEST_STEP][PASSED] - delay(1): Delayed 1 second(s)

2022-01-07 09:18:43 - [MESSAGE][PASSED] - Delayed 1 second(s)

2022-01-07 09:18:43 - [TEST_STEP][PASSED] - hideKeyboard(): Keyboard is hidden

2022-01-07 09:18:54 - [MESSAGE][PASSED] - Keyboard is hidden

2022-01-07 09:18:54 - [TEST_STEP][PASSED] - tap(LOGN_BtnLogin, 0): Tapped on element 'Object Repository/Mobile/Page/Login/Button - Login'

2022-01-07 09:18:54 - [MESSAGE][WARNING] - Timeout '0' is invalid. Using default page load timeout: '60'

2022-01-07 09:18:55 - [MESSAGE][PASSED] - Tapped on element 'Object Repository/Mobile/Page/Login/Button - Login'

2022-01-07 09:18:55 - [TEST_STEP][PASSED] - delay(2): Delayed 2 second(s)

2022-01-07 09:18:57 - [MESSAGE][PASSED] - Delayed 2 second(s)

2022-01-07 09:18:57 - [TEST_STEP][PASSED] - break: null

2022-01-07 09:18:57 - [MESSAGE][PASSED] - Call Test Case 'Test Cases/Mobile/Page/Login/Login' successfully

2022-01-07 09:18:57 - [MESSAGE][PASSED] - Call Test Case 'Test Cases/Mobile/Page/CheckLogin' successfully

2022-01-07 09:18:57 - [TEST_STEP][PASSED] - tap(HOME_MenubarPortfolio, 0): Tapped on element 'Object Repository/Mobile/Page/Home/Menubar - Portfolio'

2022-01-07 09:18:57 - [MESSAGE][WARNING] - Timeout '0' is invalid. Using default page load timeout: '60'

2022-01-07 09:19:01 - [MESSAGE][PASSED] - Tapped on element 'Object Repository/Mobile/Page/Home/Menubar - Portfolio'

2022-01-07 09:19:01 - [TEST_STEP][PASSED] - delay(1): Delayed 1 second(s)

2022-01-07 09:19:02 - [MESSAGE][PASSED] - Delayed 1 second(s)

2022-01-07 09:19:02 - [TEST_STEP][PASSED] - for ([i = 0, i < 1, (i++)]): Delayed 3 second(s)

2022-01-07 09:19:02 - [TEST_STEP][PASSED] - if (tab == "summary"): Delayed 3 second(s)

2022-01-07 09:19:02 - [TEST_STEP][PASSED] - idr = PORT_BtnIDR: null

2022-01-07 09:19:02 - [TEST_STEP][PASSED] - persen = PORT_BtnPersen: null

2022-01-07 09:19:02 - [TEST_STEP][PASSED] - if (action == "summary"): null

2022-01-07 09:19:02 - [TEST_STEP][PASSED] - else if (action == "perf_daily"): scroll.scroll.scrollScreenBottomToTop is PASSED

2022-01-07 09:19:02 - [TEST_STEP][PASSED] - scroll.scroll.scrollScreenBottomToTop(): scroll.scroll.scrollScreenBottomToTop is PASSED

2022-01-07 09:19:02 - [MESSAGE][PASSED] - Current device physical height is 1423

2022-01-07 09:19:02 - [MESSAGE][PASSED] - Current device physical width is 720

2022-01-07 09:19:04 - [MESSAGE][PASSED] - Swiped from 360,1,138 to 360,284

2022-01-07 09:19:04 - [MESSAGE][PASSED] - scroll.scroll.scrollScreenBottomToTop is PASSED

2022-01-07 09:19:04 - [TEST_STEP][PASSED] - if (action != "summary"): Delayed 3 second(s)

2022-01-07 09:19:04 - [TEST_STEP][PASSED] - delay(1): Delayed 1 second(s)

2022-01-07 09:19:05 - [MESSAGE][PASSED] - Delayed 1 second(s)

2022-01-07 09:19:05 - [TEST_STEP][PASSED] - scroll.scroll.scrollScreenBottomToTop(): scroll.scroll.scrollScreenBottomToTop is PASSED

2022-01-07 09:19:05 - [MESSAGE][PASSED] - Current device physical height is 1423

2022-01-07 09:19:05 - [MESSAGE][PASSED] - Current device physical width is 720

2022-01-07 09:19:06 - [MESSAGE][PASSED] - Swiped from 360,1,138 to 360,284

2022-01-07 09:19:06 - [MESSAGE][PASSED] - scroll.scroll.scrollScreenBottomToTop is PASSED

2022-01-07 09:19:06 - [TEST_STEP][PASSED] - delay(3): Delayed 3 second(s)

2022-01-07 09:19:09 - [MESSAGE][PASSED] - Delayed 3 second(s)

2022-01-07 09:19:09 - [TEST_STEP][PASSED] - if (action2 == "idr"): Delayed 3 second(s)

2022-01-07 09:19:09 - [TEST_STEP][PASSED] - tap(idr, 10): Tapped on element 'Object Repository/Mobile/Page/Portfolio/Button - IDR'

2022-01-07 09:19:10 - [MESSAGE][PASSED] - Tapped on element 'Object Repository/Mobile/Page/Portfolio/Button - IDR'

2022-01-07 09:19:10 - [TEST_STEP][PASSED] - delay(3): Delayed 3 second(s)

2022-01-07 09:19:13 - [MESSAGE][PASSED] - Delayed 3 second(s)

2022-01-07 09:19:13 - [MESSAGE][PASSED] - Call Test Case 'Test Cases/Mobile/Page/Portfolio/Portfolio' successfully

2022-01-07 09:19:13 - [TEST_STEP][PASSED] - callTestCase(findTestCase("Mobile/Page/Run App/Terminate App"), [:], STOP_ON_FAILURE): Call Test Case 'Test Cases/Mobile/Page/Run App/Terminate App' successfully

2022-01-07 09:19:13 - [TEST_CASE][PASSED] - Test Cases/Mobile/Page/Run App/Terminate App: Test Cases/Mobile/Page/Run App/Terminate App

2022-01-07 09:19:13 - [TEST_STEP][PASSED] - startApp.OpenApp.terminateApplication(): startApp.OpenApp.terminateApplication is PASSED

2022-01-07 09:19:16 - [MESSAGE][PASSED] - Delayed 3 second(s)

2022-01-07 09:19:16 - [MESSAGE][PASSED] - Current device physical width is 720

2022-01-07 09:19:16 - [MESSAGE][PASSED] - Current device physical height is 1423

2022-01-07 09:19:18 - [MESSAGE][PASSED] - Swiped from 360,853 to 360,142

2022-01-07 09:19:19 - [MESSAGE][PASSED] - Delayed 1 second(s)

2022-01-07 09:19:20 - [MESSAGE][PASSED] - Swiped from 360,853 to 360,142

2022-01-07 09:19:23 - [MESSAGE][PASSED] - Delayed 3 second(s)

2022-01-07 09:19:23 - [MESSAGE][PASSED] - startApp.OpenApp.terminateApplication is PASSED

2022-01-07 09:19:23 - [MESSAGE][PASSED] - Call Test Case 'Test Cases/Mobile/Page/Run App/Terminate App' successfully]]></system-out>
         <system-err><![CDATA[]]></system-err>
      </testcase>
      <testcase name="Test Cases/Mobile/Scenario/Portfolio/003 - Portfolio Performance Month to Date IDR" time="74.809" classname="Test Cases/Mobile/Scenario/Portfolio/003 - Portfolio Performance Month to Date IDR" status="PASSED">
         <system-out><![CDATA[2022-01-07 09:19:23 - [TEST_CASE][PASSED] - Test Cases/Mobile/Scenario/Portfolio/003 - Portfolio Performance Month to Date IDR: Test Cases/Mobile/Scenario/Portfolio/003 - Portfolio Performance Month to Date IDR

2022-01-07 09:19:23 - [TEST_STEP][PASSED] - callTestCase(findTestCase("Mobile/Page/Run App/Run App byID"), [:], STOP_ON_FAILURE): Call Test Case 'Test Cases/Mobile/Page/Run App/Run App byID' successfully

2022-01-07 09:19:23 - [TEST_CASE][PASSED] - Test Cases/Mobile/Page/Run App/Run App byID: Test Cases/Mobile/Page/Run App/Run App byID

2022-01-07 09:19:23 - [TEST_STEP][PASSED] - startApp.OpenApp.startApplication("id.co.miraeasset.sageclub"): startApp.OpenApp.startApplication is PASSED

2022-01-07 09:19:39 - [MESSAGE][PASSED] - Starting app with application ID: 'id.co.miraeasset.sageclub'

2022-01-07 09:19:39 - [MESSAGE][PASSED] - startApp.OpenApp.startApplication is PASSED

2022-01-07 09:19:39 - [MESSAGE][PASSED] - Call Test Case 'Test Cases/Mobile/Page/Run App/Run App byID' successfully

2022-01-07 09:19:39 - [TEST_STEP][PASSED] - callTestCase(findTestCase("Mobile/Page/Portfolio/Portfolio"), ["tab":"summary", "action":"perf_month", "action2":"idr"], CONTINUE_ON_FAILURE): Call Test Case 'Test Cases/Mobile/Page/Portfolio/Portfolio' successfully

2022-01-07 09:19:40 - [TEST_CASE][PASSED] - Test Cases/Mobile/Page/Portfolio/Portfolio: Test Cases/Mobile/Page/Portfolio/Portfolio

2022-01-07 09:19:40 - [TEST_STEP][PASSED] - callTestCase(findTestCase("Mobile/Page/CheckLogin"), [:], CONTINUE_ON_FAILURE): Call Test Case 'Test Cases/Mobile/Page/CheckLogin' successfully

2022-01-07 09:19:40 - [TEST_CASE][PASSED] - Test Cases/Mobile/Page/CheckLogin: Test Cases/Mobile/Page/CheckLogin

2022-01-07 09:19:40 - [TEST_STEP][PASSED] - loginCheck = verifyElementExist(LOGN_BtnLogin, 5, CONTINUE_ON_FAILURE): Element 'Object Repository/Mobile/Page/Login/Button - Login' is exist

2022-01-07 09:19:42 - [MESSAGE][PASSED] - Element 'Object Repository/Mobile/Page/Login/Button - Login' is exist

2022-01-07 09:19:42 - [TEST_STEP][PASSED] - if (loginCheck): Call Test Case 'Test Cases/Mobile/Page/Login/Login' successfully

2022-01-07 09:19:42 - [TEST_STEP][PASSED] - callTestCase(findTestCase("Mobile/Page/Login/Login"), ["action":"username"], CONTINUE_ON_FAILURE): Call Test Case 'Test Cases/Mobile/Page/Login/Login' successfully

2022-01-07 09:19:42 - [TEST_CASE][PASSED] - Test Cases/Mobile/Page/Login/Login: Test Cases/Mobile/Page/Login/Login

2022-01-07 09:19:42 - [TEST_STEP][PASSED] - delay(2): Delayed 2 second(s)

2022-01-07 09:19:44 - [MESSAGE][PASSED] - Delayed 2 second(s)

2022-01-07 09:19:44 - [TEST_STEP][PASSED] - for ([i = 0, i < 1, (i++)]): null

2022-01-07 09:19:44 - [TEST_STEP][PASSED] - if (action == "username"): null

2022-01-07 09:19:44 - [TEST_STEP][PASSED] - tap(LOGN_EdtUserID, 0): Tapped on element 'Object Repository/Mobile/Page/Login/Input - UserID'

2022-01-07 09:19:44 - [MESSAGE][WARNING] - Timeout '0' is invalid. Using default page load timeout: '60'

2022-01-07 09:19:45 - [MESSAGE][PASSED] - Tapped on element 'Object Repository/Mobile/Page/Login/Input - UserID'

2022-01-07 09:19:45 - [TEST_STEP][PASSED] - delay(1): Delayed 1 second(s)

2022-01-07 09:19:46 - [MESSAGE][PASSED] - Delayed 1 second(s)

2022-01-07 09:19:46 - [TEST_STEP][PASSED] - setText(LOGN_EdtRdyUserID, "anggaaditya", 0): Text 'anggaaditya' has been set to element 'Object Repository/Mobile/Page/Login/Input Rdy - UserID'

2022-01-07 09:19:46 - [MESSAGE][WARNING] - Timeout '0' is invalid. Using default page load timeout: '60'

2022-01-07 09:19:47 - [MESSAGE][PASSED] - Text 'anggaaditya' has been set to element 'Object Repository/Mobile/Page/Login/Input Rdy - UserID'

2022-01-07 09:19:47 - [TEST_STEP][PASSED] - delay(1): Delayed 1 second(s)

2022-01-07 09:19:48 - [MESSAGE][PASSED] - Delayed 1 second(s)

2022-01-07 09:19:48 - [TEST_STEP][PASSED] - hideKeyboard(): Keyboard is hidden

2022-01-07 09:19:56 - [MESSAGE][PASSED] - Keyboard is hidden

2022-01-07 09:19:56 - [TEST_STEP][PASSED] - tap(LOGN_EdtPassword, 0): Tapped on element 'Object Repository/Mobile/Page/Login/Input - Password'

2022-01-07 09:19:56 - [MESSAGE][WARNING] - Timeout '0' is invalid. Using default page load timeout: '60'

2022-01-07 09:19:57 - [MESSAGE][PASSED] - Tapped on element 'Object Repository/Mobile/Page/Login/Input - Password'

2022-01-07 09:19:57 - [TEST_STEP][PASSED] - delay(1): Delayed 1 second(s)

2022-01-07 09:19:58 - [MESSAGE][PASSED] - Delayed 1 second(s)

2022-01-07 09:19:58 - [TEST_STEP][PASSED] - setText(LOGN_EdtRdyPassword, "Shalawa18", 0): Text 'Shalawa18' has been set to element 'Object Repository/Mobile/Page/Login/Input Rdy - Password'

2022-01-07 09:19:58 - [MESSAGE][WARNING] - Timeout '0' is invalid. Using default page load timeout: '60'

2022-01-07 09:19:58 - [MESSAGE][PASSED] - Text 'Shalawa18' has been set to element 'Object Repository/Mobile/Page/Login/Input Rdy - Password'

2022-01-07 09:19:58 - [TEST_STEP][PASSED] - delay(1): Delayed 1 second(s)

2022-01-07 09:19:59 - [MESSAGE][PASSED] - Delayed 1 second(s)

2022-01-07 09:19:59 - [TEST_STEP][PASSED] - hideKeyboard(): Keyboard is hidden

2022-01-07 09:20:10 - [MESSAGE][PASSED] - Keyboard is hidden

2022-01-07 09:20:10 - [TEST_STEP][PASSED] - tap(LOGN_BtnLogin, 0): Tapped on element 'Object Repository/Mobile/Page/Login/Button - Login'

2022-01-07 09:20:10 - [MESSAGE][WARNING] - Timeout '0' is invalid. Using default page load timeout: '60'

2022-01-07 09:20:10 - [MESSAGE][PASSED] - Tapped on element 'Object Repository/Mobile/Page/Login/Button - Login'

2022-01-07 09:20:10 - [TEST_STEP][PASSED] - delay(2): Delayed 2 second(s)

2022-01-07 09:20:12 - [MESSAGE][PASSED] - Delayed 2 second(s)

2022-01-07 09:20:12 - [TEST_STEP][PASSED] - break: null

2022-01-07 09:20:12 - [MESSAGE][PASSED] - Call Test Case 'Test Cases/Mobile/Page/Login/Login' successfully

2022-01-07 09:20:12 - [MESSAGE][PASSED] - Call Test Case 'Test Cases/Mobile/Page/CheckLogin' successfully

2022-01-07 09:20:12 - [TEST_STEP][PASSED] - tap(HOME_MenubarPortfolio, 0): Tapped on element 'Object Repository/Mobile/Page/Home/Menubar - Portfolio'

2022-01-07 09:20:12 - [MESSAGE][WARNING] - Timeout '0' is invalid. Using default page load timeout: '60'

2022-01-07 09:20:14 - [MESSAGE][PASSED] - Tapped on element 'Object Repository/Mobile/Page/Home/Menubar - Portfolio'

2022-01-07 09:20:14 - [TEST_STEP][PASSED] - delay(1): Delayed 1 second(s)

2022-01-07 09:20:15 - [MESSAGE][PASSED] - Delayed 1 second(s)

2022-01-07 09:20:15 - [TEST_STEP][PASSED] - for ([i = 0, i < 1, (i++)]): Delayed 3 second(s)

2022-01-07 09:20:15 - [TEST_STEP][PASSED] - if (tab == "summary"): Delayed 3 second(s)

2022-01-07 09:20:15 - [TEST_STEP][PASSED] - idr = PORT_BtnIDR: null

2022-01-07 09:20:15 - [TEST_STEP][PASSED] - persen = PORT_BtnPersen: null

2022-01-07 09:20:15 - [TEST_STEP][PASSED] - if (action == "summary"): null

2022-01-07 09:20:15 - [TEST_STEP][PASSED] - else if (action == "perf_daily"): null

2022-01-07 09:20:15 - [TEST_STEP][PASSED] - else if (action == "perf_month"): Tapped on element 'Object Repository/Mobile/Page/Portfolio/Tab - Summary Month to Date'

2022-01-07 09:20:15 - [TEST_STEP][PASSED] - scroll.scroll.scrollScreenBottomToTop(): scroll.scroll.scrollScreenBottomToTop is PASSED

2022-01-07 09:20:16 - [MESSAGE][PASSED] - Current device physical height is 1423

2022-01-07 09:20:16 - [MESSAGE][PASSED] - Current device physical width is 720

2022-01-07 09:20:17 - [MESSAGE][PASSED] - Swiped from 360,1,138 to 360,284

2022-01-07 09:20:17 - [MESSAGE][PASSED] - scroll.scroll.scrollScreenBottomToTop is PASSED

2022-01-07 09:20:17 - [TEST_STEP][PASSED] - delay(1): Delayed 1 second(s)

2022-01-07 09:20:18 - [MESSAGE][PASSED] - Delayed 1 second(s)

2022-01-07 09:20:18 - [TEST_STEP][PASSED] - tap(PORT_TabSummaryMonth, 0): Tapped on element 'Object Repository/Mobile/Page/Portfolio/Tab - Summary Month to Date'

2022-01-07 09:20:18 - [MESSAGE][WARNING] - Timeout '0' is invalid. Using default page load timeout: '60'

2022-01-07 09:20:18 - [MESSAGE][PASSED] - Tapped on element 'Object Repository/Mobile/Page/Portfolio/Tab - Summary Month to Date'

2022-01-07 09:20:18 - [TEST_STEP][PASSED] - if (action != "summary"): Delayed 3 second(s)

2022-01-07 09:20:18 - [TEST_STEP][PASSED] - delay(1): Delayed 1 second(s)

2022-01-07 09:20:19 - [MESSAGE][PASSED] - Delayed 1 second(s)

2022-01-07 09:20:19 - [TEST_STEP][PASSED] - scroll.scroll.scrollScreenBottomToTop(): scroll.scroll.scrollScreenBottomToTop is PASSED

2022-01-07 09:20:20 - [MESSAGE][PASSED] - Current device physical height is 1423

2022-01-07 09:20:20 - [MESSAGE][PASSED] - Current device physical width is 720

2022-01-07 09:20:21 - [MESSAGE][PASSED] - Swiped from 360,1,138 to 360,284

2022-01-07 09:20:21 - [MESSAGE][PASSED] - scroll.scroll.scrollScreenBottomToTop is PASSED

2022-01-07 09:20:21 - [TEST_STEP][PASSED] - delay(3): Delayed 3 second(s)

2022-01-07 09:20:24 - [MESSAGE][PASSED] - Delayed 3 second(s)

2022-01-07 09:20:24 - [TEST_STEP][PASSED] - if (action2 == "idr"): Delayed 3 second(s)

2022-01-07 09:20:24 - [TEST_STEP][PASSED] - tap(idr, 10): Tapped on element 'Object Repository/Mobile/Page/Portfolio/Button - IDR'

2022-01-07 09:20:25 - [MESSAGE][PASSED] - Tapped on element 'Object Repository/Mobile/Page/Portfolio/Button - IDR'

2022-01-07 09:20:25 - [TEST_STEP][PASSED] - delay(3): Delayed 3 second(s)

2022-01-07 09:20:28 - [MESSAGE][PASSED] - Delayed 3 second(s)

2022-01-07 09:20:28 - [MESSAGE][PASSED] - Call Test Case 'Test Cases/Mobile/Page/Portfolio/Portfolio' successfully

2022-01-07 09:20:28 - [TEST_STEP][PASSED] - callTestCase(findTestCase("Mobile/Page/Run App/Terminate App"), [:], STOP_ON_FAILURE): Call Test Case 'Test Cases/Mobile/Page/Run App/Terminate App' successfully

2022-01-07 09:20:28 - [TEST_CASE][PASSED] - Test Cases/Mobile/Page/Run App/Terminate App: Test Cases/Mobile/Page/Run App/Terminate App

2022-01-07 09:20:28 - [TEST_STEP][PASSED] - startApp.OpenApp.terminateApplication(): startApp.OpenApp.terminateApplication is PASSED

2022-01-07 09:20:31 - [MESSAGE][PASSED] - Delayed 3 second(s)

2022-01-07 09:20:31 - [MESSAGE][PASSED] - Current device physical width is 720

2022-01-07 09:20:31 - [MESSAGE][PASSED] - Current device physical height is 1423

2022-01-07 09:20:32 - [MESSAGE][PASSED] - Swiped from 360,853 to 360,142

2022-01-07 09:20:33 - [MESSAGE][PASSED] - Delayed 1 second(s)

2022-01-07 09:20:35 - [MESSAGE][PASSED] - Swiped from 360,853 to 360,142

2022-01-07 09:20:38 - [MESSAGE][PASSED] - Delayed 3 second(s)

2022-01-07 09:20:38 - [MESSAGE][PASSED] - startApp.OpenApp.terminateApplication is PASSED

2022-01-07 09:20:38 - [MESSAGE][PASSED] - Call Test Case 'Test Cases/Mobile/Page/Run App/Terminate App' successfully]]></system-out>
         <system-err><![CDATA[]]></system-err>
      </testcase>
      <testcase name="Test Cases/Mobile/Scenario/Portfolio/004 - Portfolio Performance Quarter to Date IDR" time="67.641" classname="Test Cases/Mobile/Scenario/Portfolio/004 - Portfolio Performance Quarter to Date IDR" status="PASSED">
         <system-out><![CDATA[2022-01-07 09:20:38 - [TEST_CASE][PASSED] - Test Cases/Mobile/Scenario/Portfolio/004 - Portfolio Performance Quarter to Date IDR: Test Cases/Mobile/Scenario/Portfolio/004 - Portfolio Performance Quarter to Date IDR

2022-01-07 09:20:38 - [TEST_STEP][PASSED] - callTestCase(findTestCase("Mobile/Page/Run App/Run App byID"), [:], STOP_ON_FAILURE): Call Test Case 'Test Cases/Mobile/Page/Run App/Run App byID' successfully

2022-01-07 09:20:38 - [TEST_CASE][PASSED] - Test Cases/Mobile/Page/Run App/Run App byID: Test Cases/Mobile/Page/Run App/Run App byID

2022-01-07 09:20:38 - [TEST_STEP][PASSED] - startApp.OpenApp.startApplication("id.co.miraeasset.sageclub"): startApp.OpenApp.startApplication is PASSED

2022-01-07 09:20:54 - [MESSAGE][PASSED] - Starting app with application ID: 'id.co.miraeasset.sageclub'

2022-01-07 09:20:54 - [MESSAGE][PASSED] - startApp.OpenApp.startApplication is PASSED

2022-01-07 09:20:54 - [MESSAGE][PASSED] - Call Test Case 'Test Cases/Mobile/Page/Run App/Run App byID' successfully

2022-01-07 09:20:54 - [TEST_STEP][PASSED] - callTestCase(findTestCase("Mobile/Page/Portfolio/Portfolio"), ["tab":"summary", "action":"perf_quarter", "action2":"idr"], CONTINUE_ON_FAILURE): Call Test Case 'Test Cases/Mobile/Page/Portfolio/Portfolio' successfully

2022-01-07 09:20:54 - [TEST_CASE][PASSED] - Test Cases/Mobile/Page/Portfolio/Portfolio: Test Cases/Mobile/Page/Portfolio/Portfolio

2022-01-07 09:20:54 - [TEST_STEP][PASSED] - callTestCase(findTestCase("Mobile/Page/CheckLogin"), [:], CONTINUE_ON_FAILURE): Call Test Case 'Test Cases/Mobile/Page/CheckLogin' successfully

2022-01-07 09:20:54 - [TEST_CASE][PASSED] - Test Cases/Mobile/Page/CheckLogin: Test Cases/Mobile/Page/CheckLogin

2022-01-07 09:20:54 - [TEST_STEP][PASSED] - loginCheck = verifyElementExist(LOGN_BtnLogin, 5, CONTINUE_ON_FAILURE): Element 'Object Repository/Mobile/Page/Login/Button - Login' is exist

2022-01-07 09:20:56 - [MESSAGE][PASSED] - Element 'Object Repository/Mobile/Page/Login/Button - Login' is exist

2022-01-07 09:20:56 - [TEST_STEP][PASSED] - if (loginCheck): Call Test Case 'Test Cases/Mobile/Page/Login/Login' successfully

2022-01-07 09:20:56 - [TEST_STEP][PASSED] - callTestCase(findTestCase("Mobile/Page/Login/Login"), ["action":"username"], CONTINUE_ON_FAILURE): Call Test Case 'Test Cases/Mobile/Page/Login/Login' successfully

2022-01-07 09:20:56 - [TEST_CASE][PASSED] - Test Cases/Mobile/Page/Login/Login: Test Cases/Mobile/Page/Login/Login

2022-01-07 09:20:56 - [TEST_STEP][PASSED] - delay(2): Delayed 2 second(s)

2022-01-07 09:20:58 - [MESSAGE][PASSED] - Delayed 2 second(s)

2022-01-07 09:20:58 - [TEST_STEP][PASSED] - for ([i = 0, i < 1, (i++)]): null

2022-01-07 09:20:58 - [TEST_STEP][PASSED] - if (action == "username"): null

2022-01-07 09:20:58 - [TEST_STEP][PASSED] - tap(LOGN_EdtUserID, 0): Tapped on element 'Object Repository/Mobile/Page/Login/Input - UserID'

2022-01-07 09:20:58 - [MESSAGE][WARNING] - Timeout '0' is invalid. Using default page load timeout: '60'

2022-01-07 09:20:59 - [MESSAGE][PASSED] - Tapped on element 'Object Repository/Mobile/Page/Login/Input - UserID'

2022-01-07 09:20:59 - [TEST_STEP][PASSED] - delay(1): Delayed 1 second(s)

2022-01-07 09:21:00 - [MESSAGE][PASSED] - Delayed 1 second(s)

2022-01-07 09:21:00 - [TEST_STEP][PASSED] - setText(LOGN_EdtRdyUserID, "anggaaditya", 0): Text 'anggaaditya' has been set to element 'Object Repository/Mobile/Page/Login/Input Rdy - UserID'

2022-01-07 09:21:00 - [MESSAGE][WARNING] - Timeout '0' is invalid. Using default page load timeout: '60'

2022-01-07 09:21:01 - [MESSAGE][PASSED] - Text 'anggaaditya' has been set to element 'Object Repository/Mobile/Page/Login/Input Rdy - UserID'

2022-01-07 09:21:01 - [TEST_STEP][PASSED] - delay(1): Delayed 1 second(s)

2022-01-07 09:21:02 - [MESSAGE][PASSED] - Delayed 1 second(s)

2022-01-07 09:21:02 - [TEST_STEP][PASSED] - hideKeyboard(): Keyboard is hidden

2022-01-07 09:21:06 - [MESSAGE][PASSED] - Keyboard is hidden

2022-01-07 09:21:06 - [TEST_STEP][PASSED] - tap(LOGN_EdtPassword, 0): Tapped on element 'Object Repository/Mobile/Page/Login/Input - Password'

2022-01-07 09:21:06 - [MESSAGE][WARNING] - Timeout '0' is invalid. Using default page load timeout: '60'

2022-01-07 09:21:06 - [MESSAGE][PASSED] - Tapped on element 'Object Repository/Mobile/Page/Login/Input - Password'

2022-01-07 09:21:06 - [TEST_STEP][PASSED] - delay(1): Delayed 1 second(s)

2022-01-07 09:21:07 - [MESSAGE][PASSED] - Delayed 1 second(s)

2022-01-07 09:21:07 - [TEST_STEP][PASSED] - setText(LOGN_EdtRdyPassword, "Shalawa18", 0): Text 'Shalawa18' has been set to element 'Object Repository/Mobile/Page/Login/Input Rdy - Password'

2022-01-07 09:21:07 - [MESSAGE][WARNING] - Timeout '0' is invalid. Using default page load timeout: '60'

2022-01-07 09:21:08 - [MESSAGE][PASSED] - Text 'Shalawa18' has been set to element 'Object Repository/Mobile/Page/Login/Input Rdy - Password'

2022-01-07 09:21:08 - [TEST_STEP][PASSED] - delay(1): Delayed 1 second(s)

2022-01-07 09:21:09 - [MESSAGE][PASSED] - Delayed 1 second(s)

2022-01-07 09:21:09 - [TEST_STEP][PASSED] - hideKeyboard(): Keyboard is hidden

2022-01-07 09:21:17 - [MESSAGE][PASSED] - Keyboard is hidden

2022-01-07 09:21:17 - [TEST_STEP][PASSED] - tap(LOGN_BtnLogin, 0): Tapped on element 'Object Repository/Mobile/Page/Login/Button - Login'

2022-01-07 09:21:17 - [MESSAGE][WARNING] - Timeout '0' is invalid. Using default page load timeout: '60'

2022-01-07 09:21:17 - [MESSAGE][PASSED] - Tapped on element 'Object Repository/Mobile/Page/Login/Button - Login'

2022-01-07 09:21:17 - [TEST_STEP][PASSED] - delay(2): Delayed 2 second(s)

2022-01-07 09:21:19 - [MESSAGE][PASSED] - Delayed 2 second(s)

2022-01-07 09:21:19 - [TEST_STEP][PASSED] - break: null

2022-01-07 09:21:19 - [MESSAGE][PASSED] - Call Test Case 'Test Cases/Mobile/Page/Login/Login' successfully

2022-01-07 09:21:19 - [MESSAGE][PASSED] - Call Test Case 'Test Cases/Mobile/Page/CheckLogin' successfully

2022-01-07 09:21:19 - [TEST_STEP][PASSED] - tap(HOME_MenubarPortfolio, 0): Tapped on element 'Object Repository/Mobile/Page/Home/Menubar - Portfolio'

2022-01-07 09:21:19 - [MESSAGE][WARNING] - Timeout '0' is invalid. Using default page load timeout: '60'

2022-01-07 09:21:21 - [MESSAGE][PASSED] - Tapped on element 'Object Repository/Mobile/Page/Home/Menubar - Portfolio'

2022-01-07 09:21:21 - [TEST_STEP][PASSED] - delay(1): Delayed 1 second(s)

2022-01-07 09:21:22 - [MESSAGE][PASSED] - Delayed 1 second(s)

2022-01-07 09:21:22 - [TEST_STEP][PASSED] - for ([i = 0, i < 1, (i++)]): Delayed 3 second(s)

2022-01-07 09:21:22 - [TEST_STEP][PASSED] - if (tab == "summary"): Delayed 3 second(s)

2022-01-07 09:21:22 - [TEST_STEP][PASSED] - idr = PORT_BtnIDR: null

2022-01-07 09:21:22 - [TEST_STEP][PASSED] - persen = PORT_BtnPersen: null

2022-01-07 09:21:22 - [TEST_STEP][PASSED] - if (action == "summary"): null

2022-01-07 09:21:22 - [TEST_STEP][PASSED] - else if (action == "perf_daily"): null

2022-01-07 09:21:22 - [TEST_STEP][PASSED] - else if (action == "perf_month"): null

2022-01-07 09:21:22 - [TEST_STEP][PASSED] - else if (action == "perf_quarter"): Tapped on element 'Object Repository/Mobile/Page/Portfolio/Tab - Summary Quarter to Date'

2022-01-07 09:21:22 - [TEST_STEP][PASSED] - scroll.scroll.scrollScreenBottomToTop(): scroll.scroll.scrollScreenBottomToTop is PASSED

2022-01-07 09:21:23 - [MESSAGE][PASSED] - Current device physical height is 1423

2022-01-07 09:21:23 - [MESSAGE][PASSED] - Current device physical width is 720

2022-01-07 09:21:24 - [MESSAGE][PASSED] - Swiped from 360,1,138 to 360,284

2022-01-07 09:21:24 - [MESSAGE][PASSED] - scroll.scroll.scrollScreenBottomToTop is PASSED

2022-01-07 09:21:24 - [TEST_STEP][PASSED] - delay(1): Delayed 1 second(s)

2022-01-07 09:21:25 - [MESSAGE][PASSED] - Delayed 1 second(s)

2022-01-07 09:21:25 - [TEST_STEP][PASSED] - tap(PORT_TabSummaryQuarter, 0): Tapped on element 'Object Repository/Mobile/Page/Portfolio/Tab - Summary Quarter to Date'

2022-01-07 09:21:25 - [MESSAGE][WARNING] - Timeout '0' is invalid. Using default page load timeout: '60'

2022-01-07 09:21:26 - [MESSAGE][PASSED] - Tapped on element 'Object Repository/Mobile/Page/Portfolio/Tab - Summary Quarter to Date'

2022-01-07 09:21:26 - [TEST_STEP][PASSED] - if (action != "summary"): Delayed 3 second(s)

2022-01-07 09:21:26 - [TEST_STEP][PASSED] - delay(1): Delayed 1 second(s)

2022-01-07 09:21:27 - [MESSAGE][PASSED] - Delayed 1 second(s)

2022-01-07 09:21:27 - [TEST_STEP][PASSED] - scroll.scroll.scrollScreenBottomToTop(): scroll.scroll.scrollScreenBottomToTop is PASSED

2022-01-07 09:21:27 - [MESSAGE][PASSED] - Current device physical height is 1423

2022-01-07 09:21:27 - [MESSAGE][PASSED] - Current device physical width is 720

2022-01-07 09:21:28 - [MESSAGE][PASSED] - Swiped from 360,1,138 to 360,284

2022-01-07 09:21:28 - [MESSAGE][PASSED] - scroll.scroll.scrollScreenBottomToTop is PASSED

2022-01-07 09:21:28 - [TEST_STEP][PASSED] - delay(3): Delayed 3 second(s)

2022-01-07 09:21:31 - [MESSAGE][PASSED] - Delayed 3 second(s)

2022-01-07 09:21:31 - [TEST_STEP][PASSED] - if (action2 == "idr"): Delayed 3 second(s)

2022-01-07 09:21:31 - [TEST_STEP][PASSED] - tap(idr, 10): Tapped on element 'Object Repository/Mobile/Page/Portfolio/Button - IDR'

2022-01-07 09:21:32 - [MESSAGE][PASSED] - Tapped on element 'Object Repository/Mobile/Page/Portfolio/Button - IDR'

2022-01-07 09:21:32 - [TEST_STEP][PASSED] - delay(3): Delayed 3 second(s)

2022-01-07 09:21:35 - [MESSAGE][PASSED] - Delayed 3 second(s)

2022-01-07 09:21:35 - [MESSAGE][PASSED] - Call Test Case 'Test Cases/Mobile/Page/Portfolio/Portfolio' successfully

2022-01-07 09:21:35 - [TEST_STEP][PASSED] - callTestCase(findTestCase("Mobile/Page/Run App/Terminate App"), [:], STOP_ON_FAILURE): Call Test Case 'Test Cases/Mobile/Page/Run App/Terminate App' successfully

2022-01-07 09:21:35 - [TEST_CASE][PASSED] - Test Cases/Mobile/Page/Run App/Terminate App: Test Cases/Mobile/Page/Run App/Terminate App

2022-01-07 09:21:35 - [TEST_STEP][PASSED] - startApp.OpenApp.terminateApplication(): startApp.OpenApp.terminateApplication is PASSED

2022-01-07 09:21:38 - [MESSAGE][PASSED] - Delayed 3 second(s)

2022-01-07 09:21:39 - [MESSAGE][PASSED] - Current device physical width is 720

2022-01-07 09:21:39 - [MESSAGE][PASSED] - Current device physical height is 1423

2022-01-07 09:21:40 - [MESSAGE][PASSED] - Swiped from 360,853 to 360,142

2022-01-07 09:21:41 - [MESSAGE][PASSED] - Delayed 1 second(s)

2022-01-07 09:21:42 - [MESSAGE][PASSED] - Swiped from 360,853 to 360,142

2022-01-07 09:21:45 - [MESSAGE][PASSED] - Delayed 3 second(s)

2022-01-07 09:21:45 - [MESSAGE][PASSED] - startApp.OpenApp.terminateApplication is PASSED

2022-01-07 09:21:45 - [MESSAGE][PASSED] - Call Test Case 'Test Cases/Mobile/Page/Run App/Terminate App' successfully]]></system-out>
         <system-err><![CDATA[]]></system-err>
      </testcase>
      <testcase name="Test Cases/Mobile/Scenario/Portfolio/005 - Portfolio Performance Year to Date IDR" time="74.751" classname="Test Cases/Mobile/Scenario/Portfolio/005 - Portfolio Performance Year to Date IDR" status="PASSED">
         <system-out><![CDATA[2022-01-07 09:21:45 - [TEST_CASE][PASSED] - Test Cases/Mobile/Scenario/Portfolio/005 - Portfolio Performance Year to Date IDR: Test Cases/Mobile/Scenario/Portfolio/005 - Portfolio Performance Year to Date IDR

2022-01-07 09:21:46 - [TEST_STEP][PASSED] - callTestCase(findTestCase("Mobile/Page/Run App/Run App byID"), [:], STOP_ON_FAILURE): Call Test Case 'Test Cases/Mobile/Page/Run App/Run App byID' successfully

2022-01-07 09:21:46 - [TEST_CASE][PASSED] - Test Cases/Mobile/Page/Run App/Run App byID: Test Cases/Mobile/Page/Run App/Run App byID

2022-01-07 09:21:46 - [TEST_STEP][PASSED] - startApp.OpenApp.startApplication("id.co.miraeasset.sageclub"): startApp.OpenApp.startApplication is PASSED

2022-01-07 09:22:02 - [MESSAGE][PASSED] - Starting app with application ID: 'id.co.miraeasset.sageclub'

2022-01-07 09:22:02 - [MESSAGE][PASSED] - startApp.OpenApp.startApplication is PASSED

2022-01-07 09:22:02 - [MESSAGE][PASSED] - Call Test Case 'Test Cases/Mobile/Page/Run App/Run App byID' successfully

2022-01-07 09:22:02 - [TEST_STEP][PASSED] - callTestCase(findTestCase("Mobile/Page/Portfolio/Portfolio"), ["tab":"summary", "action":"perf_year", "action2":"idr"], CONTINUE_ON_FAILURE): Call Test Case 'Test Cases/Mobile/Page/Portfolio/Portfolio' successfully

2022-01-07 09:22:02 - [TEST_CASE][PASSED] - Test Cases/Mobile/Page/Portfolio/Portfolio: Test Cases/Mobile/Page/Portfolio/Portfolio

2022-01-07 09:22:02 - [TEST_STEP][PASSED] - callTestCase(findTestCase("Mobile/Page/CheckLogin"), [:], CONTINUE_ON_FAILURE): Call Test Case 'Test Cases/Mobile/Page/CheckLogin' successfully

2022-01-07 09:22:02 - [TEST_CASE][PASSED] - Test Cases/Mobile/Page/CheckLogin: Test Cases/Mobile/Page/CheckLogin

2022-01-07 09:22:02 - [TEST_STEP][PASSED] - loginCheck = verifyElementExist(LOGN_BtnLogin, 5, CONTINUE_ON_FAILURE): Element 'Object Repository/Mobile/Page/Login/Button - Login' is exist

2022-01-07 09:22:05 - [MESSAGE][PASSED] - Element 'Object Repository/Mobile/Page/Login/Button - Login' is exist

2022-01-07 09:22:05 - [TEST_STEP][PASSED] - if (loginCheck): Call Test Case 'Test Cases/Mobile/Page/Login/Login' successfully

2022-01-07 09:22:05 - [TEST_STEP][PASSED] - callTestCase(findTestCase("Mobile/Page/Login/Login"), ["action":"username"], CONTINUE_ON_FAILURE): Call Test Case 'Test Cases/Mobile/Page/Login/Login' successfully

2022-01-07 09:22:05 - [TEST_CASE][PASSED] - Test Cases/Mobile/Page/Login/Login: Test Cases/Mobile/Page/Login/Login

2022-01-07 09:22:05 - [TEST_STEP][PASSED] - delay(2): Delayed 2 second(s)

2022-01-07 09:22:07 - [MESSAGE][PASSED] - Delayed 2 second(s)

2022-01-07 09:22:07 - [TEST_STEP][PASSED] - for ([i = 0, i < 1, (i++)]): null

2022-01-07 09:22:07 - [TEST_STEP][PASSED] - if (action == "username"): null

2022-01-07 09:22:07 - [TEST_STEP][PASSED] - tap(LOGN_EdtUserID, 0): Tapped on element 'Object Repository/Mobile/Page/Login/Input - UserID'

2022-01-07 09:22:07 - [MESSAGE][WARNING] - Timeout '0' is invalid. Using default page load timeout: '60'

2022-01-07 09:22:07 - [MESSAGE][PASSED] - Tapped on element 'Object Repository/Mobile/Page/Login/Input - UserID'

2022-01-07 09:22:07 - [TEST_STEP][PASSED] - delay(1): Delayed 1 second(s)

2022-01-07 09:22:08 - [MESSAGE][PASSED] - Delayed 1 second(s)

2022-01-07 09:22:08 - [TEST_STEP][PASSED] - setText(LOGN_EdtRdyUserID, "anggaaditya", 0): Text 'anggaaditya' has been set to element 'Object Repository/Mobile/Page/Login/Input Rdy - UserID'

2022-01-07 09:22:08 - [MESSAGE][WARNING] - Timeout '0' is invalid. Using default page load timeout: '60'

2022-01-07 09:22:10 - [MESSAGE][PASSED] - Text 'anggaaditya' has been set to element 'Object Repository/Mobile/Page/Login/Input Rdy - UserID'

2022-01-07 09:22:10 - [TEST_STEP][PASSED] - delay(1): Delayed 1 second(s)

2022-01-07 09:22:11 - [MESSAGE][PASSED] - Delayed 1 second(s)

2022-01-07 09:22:11 - [TEST_STEP][PASSED] - hideKeyboard(): Keyboard is hidden

2022-01-07 09:22:18 - [MESSAGE][PASSED] - Keyboard is hidden

2022-01-07 09:22:18 - [TEST_STEP][PASSED] - tap(LOGN_EdtPassword, 0): Tapped on element 'Object Repository/Mobile/Page/Login/Input - Password'

2022-01-07 09:22:18 - [MESSAGE][WARNING] - Timeout '0' is invalid. Using default page load timeout: '60'

2022-01-07 09:22:19 - [MESSAGE][PASSED] - Tapped on element 'Object Repository/Mobile/Page/Login/Input - Password'

2022-01-07 09:22:19 - [TEST_STEP][PASSED] - delay(1): Delayed 1 second(s)

2022-01-07 09:22:20 - [MESSAGE][PASSED] - Delayed 1 second(s)

2022-01-07 09:22:20 - [TEST_STEP][PASSED] - setText(LOGN_EdtRdyPassword, "Shalawa18", 0): Text 'Shalawa18' has been set to element 'Object Repository/Mobile/Page/Login/Input Rdy - Password'

2022-01-07 09:22:20 - [MESSAGE][WARNING] - Timeout '0' is invalid. Using default page load timeout: '60'

2022-01-07 09:22:20 - [MESSAGE][PASSED] - Text 'Shalawa18' has been set to element 'Object Repository/Mobile/Page/Login/Input Rdy - Password'

2022-01-07 09:22:20 - [TEST_STEP][PASSED] - delay(1): Delayed 1 second(s)

2022-01-07 09:22:21 - [MESSAGE][PASSED] - Delayed 1 second(s)

2022-01-07 09:22:21 - [TEST_STEP][PASSED] - hideKeyboard(): Keyboard is hidden

2022-01-07 09:22:31 - [MESSAGE][PASSED] - Keyboard is hidden

2022-01-07 09:22:31 - [TEST_STEP][PASSED] - tap(LOGN_BtnLogin, 0): Tapped on element 'Object Repository/Mobile/Page/Login/Button - Login'

2022-01-07 09:22:31 - [MESSAGE][WARNING] - Timeout '0' is invalid. Using default page load timeout: '60'

2022-01-07 09:22:32 - [MESSAGE][PASSED] - Tapped on element 'Object Repository/Mobile/Page/Login/Button - Login'

2022-01-07 09:22:32 - [TEST_STEP][PASSED] - delay(2): Delayed 2 second(s)

2022-01-07 09:22:34 - [MESSAGE][PASSED] - Delayed 2 second(s)

2022-01-07 09:22:34 - [TEST_STEP][PASSED] - break: null

2022-01-07 09:22:34 - [MESSAGE][PASSED] - Call Test Case 'Test Cases/Mobile/Page/Login/Login' successfully

2022-01-07 09:22:34 - [MESSAGE][PASSED] - Call Test Case 'Test Cases/Mobile/Page/CheckLogin' successfully

2022-01-07 09:22:34 - [TEST_STEP][PASSED] - tap(HOME_MenubarPortfolio, 0): Tapped on element 'Object Repository/Mobile/Page/Home/Menubar - Portfolio'

2022-01-07 09:22:34 - [MESSAGE][WARNING] - Timeout '0' is invalid. Using default page load timeout: '60'

2022-01-07 09:22:37 - [MESSAGE][PASSED] - Tapped on element 'Object Repository/Mobile/Page/Home/Menubar - Portfolio'

2022-01-07 09:22:37 - [TEST_STEP][PASSED] - delay(1): Delayed 1 second(s)

2022-01-07 09:22:38 - [MESSAGE][PASSED] - Delayed 1 second(s)

2022-01-07 09:22:38 - [TEST_STEP][PASSED] - for ([i = 0, i < 1, (i++)]): Delayed 3 second(s)

2022-01-07 09:22:38 - [TEST_STEP][PASSED] - if (tab == "summary"): Delayed 3 second(s)

2022-01-07 09:22:38 - [TEST_STEP][PASSED] - idr = PORT_BtnIDR: null

2022-01-07 09:22:38 - [TEST_STEP][PASSED] - persen = PORT_BtnPersen: null

2022-01-07 09:22:38 - [TEST_STEP][PASSED] - if (action == "summary"): null

2022-01-07 09:22:38 - [TEST_STEP][PASSED] - else if (action == "perf_daily"): null

2022-01-07 09:22:38 - [TEST_STEP][PASSED] - else if (action == "perf_month"): null

2022-01-07 09:22:38 - [TEST_STEP][PASSED] - else if (action == "perf_quarter"): null

2022-01-07 09:22:38 - [TEST_STEP][PASSED] - else if (action == "perf_year"): Tapped on element 'Object Repository/Mobile/Page/Portfolio/Tab - Summary Year to Date'

2022-01-07 09:22:38 - [TEST_STEP][PASSED] - scroll.scroll.scrollScreenBottomToTop(): scroll.scroll.scrollScreenBottomToTop is PASSED

2022-01-07 09:22:38 - [MESSAGE][PASSED] - Current device physical height is 1423

2022-01-07 09:22:38 - [MESSAGE][PASSED] - Current device physical width is 720

2022-01-07 09:22:39 - [MESSAGE][PASSED] - Swiped from 360,1,138 to 360,284

2022-01-07 09:22:39 - [MESSAGE][PASSED] - scroll.scroll.scrollScreenBottomToTop is PASSED

2022-01-07 09:22:39 - [TEST_STEP][PASSED] - delay(1): Delayed 1 second(s)

2022-01-07 09:22:40 - [MESSAGE][PASSED] - Delayed 1 second(s)

2022-01-07 09:22:40 - [TEST_STEP][PASSED] - tap(PORT_TabSummaryYear, 0): Tapped on element 'Object Repository/Mobile/Page/Portfolio/Tab - Summary Year to Date'

2022-01-07 09:22:40 - [MESSAGE][WARNING] - Timeout '0' is invalid. Using default page load timeout: '60'

2022-01-07 09:22:41 - [MESSAGE][PASSED] - Tapped on element 'Object Repository/Mobile/Page/Portfolio/Tab - Summary Year to Date'

2022-01-07 09:22:41 - [TEST_STEP][PASSED] - if (action != "summary"): Delayed 3 second(s)

2022-01-07 09:22:41 - [TEST_STEP][PASSED] - delay(1): Delayed 1 second(s)

2022-01-07 09:22:42 - [MESSAGE][PASSED] - Delayed 1 second(s)

2022-01-07 09:22:42 - [TEST_STEP][PASSED] - scroll.scroll.scrollScreenBottomToTop(): scroll.scroll.scrollScreenBottomToTop is PASSED

2022-01-07 09:22:42 - [MESSAGE][PASSED] - Current device physical height is 1423

2022-01-07 09:22:42 - [MESSAGE][PASSED] - Current device physical width is 720

2022-01-07 09:22:43 - [MESSAGE][PASSED] - Swiped from 360,1,138 to 360,284

2022-01-07 09:22:43 - [MESSAGE][PASSED] - scroll.scroll.scrollScreenBottomToTop is PASSED

2022-01-07 09:22:43 - [TEST_STEP][PASSED] - delay(3): Delayed 3 second(s)

2022-01-07 09:22:46 - [MESSAGE][PASSED] - Delayed 3 second(s)

2022-01-07 09:22:46 - [TEST_STEP][PASSED] - if (action2 == "idr"): Delayed 3 second(s)

2022-01-07 09:22:46 - [TEST_STEP][PASSED] - tap(idr, 10): Tapped on element 'Object Repository/Mobile/Page/Portfolio/Button - IDR'

2022-01-07 09:22:47 - [MESSAGE][PASSED] - Tapped on element 'Object Repository/Mobile/Page/Portfolio/Button - IDR'

2022-01-07 09:22:47 - [TEST_STEP][PASSED] - delay(3): Delayed 3 second(s)

2022-01-07 09:22:50 - [MESSAGE][PASSED] - Delayed 3 second(s)

2022-01-07 09:22:50 - [MESSAGE][PASSED] - Call Test Case 'Test Cases/Mobile/Page/Portfolio/Portfolio' successfully

2022-01-07 09:22:50 - [TEST_STEP][PASSED] - callTestCase(findTestCase("Mobile/Page/Run App/Terminate App"), [:], STOP_ON_FAILURE): Call Test Case 'Test Cases/Mobile/Page/Run App/Terminate App' successfully

2022-01-07 09:22:50 - [TEST_CASE][PASSED] - Test Cases/Mobile/Page/Run App/Terminate App: Test Cases/Mobile/Page/Run App/Terminate App

2022-01-07 09:22:50 - [TEST_STEP][PASSED] - startApp.OpenApp.terminateApplication(): startApp.OpenApp.terminateApplication is PASSED

2022-01-07 09:22:53 - [MESSAGE][PASSED] - Delayed 3 second(s)

2022-01-07 09:22:53 - [MESSAGE][PASSED] - Current device physical width is 720

2022-01-07 09:22:54 - [MESSAGE][PASSED] - Current device physical height is 1423

2022-01-07 09:22:55 - [MESSAGE][PASSED] - Swiped from 360,853 to 360,142

2022-01-07 09:22:56 - [MESSAGE][PASSED] - Delayed 1 second(s)

2022-01-07 09:22:57 - [MESSAGE][PASSED] - Swiped from 360,853 to 360,142

2022-01-07 09:23:00 - [MESSAGE][PASSED] - Delayed 3 second(s)

2022-01-07 09:23:00 - [MESSAGE][PASSED] - startApp.OpenApp.terminateApplication is PASSED

2022-01-07 09:23:00 - [MESSAGE][PASSED] - Call Test Case 'Test Cases/Mobile/Page/Run App/Terminate App' successfully]]></system-out>
         <system-err><![CDATA[]]></system-err>
      </testcase>
      <testcase name="Test Cases/Mobile/Scenario/Portfolio/006 - Portfolio Performance Daily Persen" time="71.18" classname="Test Cases/Mobile/Scenario/Portfolio/006 - Portfolio Performance Daily Persen" status="PASSED">
         <system-out><![CDATA[2022-01-07 09:23:00 - [TEST_CASE][PASSED] - Test Cases/Mobile/Scenario/Portfolio/006 - Portfolio Performance Daily Persen: Test Cases/Mobile/Scenario/Portfolio/006 - Portfolio Performance Daily Persen

2022-01-07 09:23:00 - [TEST_STEP][PASSED] - callTestCase(findTestCase("Mobile/Page/Run App/Run App byID"), [:], STOP_ON_FAILURE): Call Test Case 'Test Cases/Mobile/Page/Run App/Run App byID' successfully

2022-01-07 09:23:00 - [TEST_CASE][PASSED] - Test Cases/Mobile/Page/Run App/Run App byID: Test Cases/Mobile/Page/Run App/Run App byID

2022-01-07 09:23:00 - [TEST_STEP][PASSED] - startApp.OpenApp.startApplication("id.co.miraeasset.sageclub"): startApp.OpenApp.startApplication is PASSED

2022-01-07 09:23:16 - [MESSAGE][PASSED] - Starting app with application ID: 'id.co.miraeasset.sageclub'

2022-01-07 09:23:16 - [MESSAGE][PASSED] - startApp.OpenApp.startApplication is PASSED

2022-01-07 09:23:16 - [MESSAGE][PASSED] - Call Test Case 'Test Cases/Mobile/Page/Run App/Run App byID' successfully

2022-01-07 09:23:16 - [TEST_STEP][PASSED] - callTestCase(findTestCase("Mobile/Page/Portfolio/Portfolio"), ["tab":"summary", "action":"perf_daily", "action2":"persen"], CONTINUE_ON_FAILURE): Call Test Case 'Test Cases/Mobile/Page/Portfolio/Portfolio' successfully

2022-01-07 09:23:16 - [TEST_CASE][PASSED] - Test Cases/Mobile/Page/Portfolio/Portfolio: Test Cases/Mobile/Page/Portfolio/Portfolio

2022-01-07 09:23:16 - [TEST_STEP][PASSED] - callTestCase(findTestCase("Mobile/Page/CheckLogin"), [:], CONTINUE_ON_FAILURE): Call Test Case 'Test Cases/Mobile/Page/CheckLogin' successfully

2022-01-07 09:23:16 - [TEST_CASE][PASSED] - Test Cases/Mobile/Page/CheckLogin: Test Cases/Mobile/Page/CheckLogin

2022-01-07 09:23:16 - [TEST_STEP][PASSED] - loginCheck = verifyElementExist(LOGN_BtnLogin, 5, CONTINUE_ON_FAILURE): Element 'Object Repository/Mobile/Page/Login/Button - Login' is exist

2022-01-07 09:23:18 - [MESSAGE][PASSED] - Element 'Object Repository/Mobile/Page/Login/Button - Login' is exist

2022-01-07 09:23:18 - [TEST_STEP][PASSED] - if (loginCheck): Call Test Case 'Test Cases/Mobile/Page/Login/Login' successfully

2022-01-07 09:23:18 - [TEST_STEP][PASSED] - callTestCase(findTestCase("Mobile/Page/Login/Login"), ["action":"username"], CONTINUE_ON_FAILURE): Call Test Case 'Test Cases/Mobile/Page/Login/Login' successfully

2022-01-07 09:23:19 - [TEST_CASE][PASSED] - Test Cases/Mobile/Page/Login/Login: Test Cases/Mobile/Page/Login/Login

2022-01-07 09:23:19 - [TEST_STEP][PASSED] - delay(2): Delayed 2 second(s)

2022-01-07 09:23:21 - [MESSAGE][PASSED] - Delayed 2 second(s)

2022-01-07 09:23:21 - [TEST_STEP][PASSED] - for ([i = 0, i < 1, (i++)]): null

2022-01-07 09:23:21 - [TEST_STEP][PASSED] - if (action == "username"): null

2022-01-07 09:23:21 - [TEST_STEP][PASSED] - tap(LOGN_EdtUserID, 0): Tapped on element 'Object Repository/Mobile/Page/Login/Input - UserID'

2022-01-07 09:23:21 - [MESSAGE][WARNING] - Timeout '0' is invalid. Using default page load timeout: '60'

2022-01-07 09:23:21 - [MESSAGE][PASSED] - Tapped on element 'Object Repository/Mobile/Page/Login/Input - UserID'

2022-01-07 09:23:21 - [TEST_STEP][PASSED] - delay(1): Delayed 1 second(s)

2022-01-07 09:23:22 - [MESSAGE][PASSED] - Delayed 1 second(s)

2022-01-07 09:23:22 - [TEST_STEP][PASSED] - setText(LOGN_EdtRdyUserID, "anggaaditya", 0): Text 'anggaaditya' has been set to element 'Object Repository/Mobile/Page/Login/Input Rdy - UserID'

2022-01-07 09:23:22 - [MESSAGE][WARNING] - Timeout '0' is invalid. Using default page load timeout: '60'

2022-01-07 09:23:24 - [MESSAGE][PASSED] - Text 'anggaaditya' has been set to element 'Object Repository/Mobile/Page/Login/Input Rdy - UserID'

2022-01-07 09:23:24 - [TEST_STEP][PASSED] - delay(1): Delayed 1 second(s)

2022-01-07 09:23:25 - [MESSAGE][PASSED] - Delayed 1 second(s)

2022-01-07 09:23:25 - [TEST_STEP][PASSED] - hideKeyboard(): Keyboard is hidden

2022-01-07 09:23:33 - [MESSAGE][PASSED] - Keyboard is hidden

2022-01-07 09:23:33 - [TEST_STEP][PASSED] - tap(LOGN_EdtPassword, 0): Tapped on element 'Object Repository/Mobile/Page/Login/Input - Password'

2022-01-07 09:23:33 - [MESSAGE][WARNING] - Timeout '0' is invalid. Using default page load timeout: '60'

2022-01-07 09:23:33 - [MESSAGE][PASSED] - Tapped on element 'Object Repository/Mobile/Page/Login/Input - Password'

2022-01-07 09:23:33 - [TEST_STEP][PASSED] - delay(1): Delayed 1 second(s)

2022-01-07 09:23:34 - [MESSAGE][PASSED] - Delayed 1 second(s)

2022-01-07 09:23:34 - [TEST_STEP][PASSED] - setText(LOGN_EdtRdyPassword, "Shalawa18", 0): Text 'Shalawa18' has been set to element 'Object Repository/Mobile/Page/Login/Input Rdy - Password'

2022-01-07 09:23:34 - [MESSAGE][WARNING] - Timeout '0' is invalid. Using default page load timeout: '60'

2022-01-07 09:23:35 - [MESSAGE][PASSED] - Text 'Shalawa18' has been set to element 'Object Repository/Mobile/Page/Login/Input Rdy - Password'

2022-01-07 09:23:35 - [TEST_STEP][PASSED] - delay(1): Delayed 1 second(s)

2022-01-07 09:23:36 - [MESSAGE][PASSED] - Delayed 1 second(s)

2022-01-07 09:23:36 - [TEST_STEP][PASSED] - hideKeyboard(): Keyboard is hidden

2022-01-07 09:23:43 - [MESSAGE][PASSED] - Keyboard is hidden

2022-01-07 09:23:43 - [TEST_STEP][PASSED] - tap(LOGN_BtnLogin, 0): Tapped on element 'Object Repository/Mobile/Page/Login/Button - Login'

2022-01-07 09:23:43 - [MESSAGE][WARNING] - Timeout '0' is invalid. Using default page load timeout: '60'

2022-01-07 09:23:44 - [MESSAGE][PASSED] - Tapped on element 'Object Repository/Mobile/Page/Login/Button - Login'

2022-01-07 09:23:44 - [TEST_STEP][PASSED] - delay(2): Delayed 2 second(s)

2022-01-07 09:23:46 - [MESSAGE][PASSED] - Delayed 2 second(s)

2022-01-07 09:23:46 - [TEST_STEP][PASSED] - break: null

2022-01-07 09:23:46 - [MESSAGE][PASSED] - Call Test Case 'Test Cases/Mobile/Page/Login/Login' successfully

2022-01-07 09:23:46 - [MESSAGE][PASSED] - Call Test Case 'Test Cases/Mobile/Page/CheckLogin' successfully

2022-01-07 09:23:46 - [TEST_STEP][PASSED] - tap(HOME_MenubarPortfolio, 0): Tapped on element 'Object Repository/Mobile/Page/Home/Menubar - Portfolio'

2022-01-07 09:23:46 - [MESSAGE][WARNING] - Timeout '0' is invalid. Using default page load timeout: '60'

2022-01-07 09:23:50 - [MESSAGE][PASSED] - Tapped on element 'Object Repository/Mobile/Page/Home/Menubar - Portfolio'

2022-01-07 09:23:50 - [TEST_STEP][PASSED] - delay(1): Delayed 1 second(s)

2022-01-07 09:23:51 - [MESSAGE][PASSED] - Delayed 1 second(s)

2022-01-07 09:23:51 - [TEST_STEP][PASSED] - for ([i = 0, i < 1, (i++)]): Delayed 3 second(s)

2022-01-07 09:23:51 - [TEST_STEP][PASSED] - if (tab == "summary"): Delayed 3 second(s)

2022-01-07 09:23:51 - [TEST_STEP][PASSED] - idr = PORT_BtnIDR: null

2022-01-07 09:23:51 - [TEST_STEP][PASSED] - persen = PORT_BtnPersen: null

2022-01-07 09:23:51 - [TEST_STEP][PASSED] - if (action == "summary"): null

2022-01-07 09:23:51 - [TEST_STEP][PASSED] - else if (action == "perf_daily"): scroll.scroll.scrollScreenBottomToTop is PASSED

2022-01-07 09:23:51 - [TEST_STEP][PASSED] - scroll.scroll.scrollScreenBottomToTop(): scroll.scroll.scrollScreenBottomToTop is PASSED

2022-01-07 09:23:51 - [MESSAGE][PASSED] - Current device physical height is 1423

2022-01-07 09:23:51 - [MESSAGE][PASSED] - Current device physical width is 720

2022-01-07 09:23:52 - [MESSAGE][PASSED] - Swiped from 360,1,138 to 360,284

2022-01-07 09:23:52 - [MESSAGE][PASSED] - scroll.scroll.scrollScreenBottomToTop is PASSED

2022-01-07 09:23:52 - [TEST_STEP][PASSED] - if (action != "summary"): Delayed 3 second(s)

2022-01-07 09:23:52 - [TEST_STEP][PASSED] - delay(1): Delayed 1 second(s)

2022-01-07 09:23:53 - [MESSAGE][PASSED] - Delayed 1 second(s)

2022-01-07 09:23:53 - [TEST_STEP][PASSED] - scroll.scroll.scrollScreenBottomToTop(): scroll.scroll.scrollScreenBottomToTop is PASSED

2022-01-07 09:23:53 - [MESSAGE][PASSED] - Current device physical height is 1423

2022-01-07 09:23:53 - [MESSAGE][PASSED] - Current device physical width is 720

2022-01-07 09:23:55 - [MESSAGE][PASSED] - Swiped from 360,1,138 to 360,284

2022-01-07 09:23:55 - [MESSAGE][PASSED] - scroll.scroll.scrollScreenBottomToTop is PASSED

2022-01-07 09:23:55 - [TEST_STEP][PASSED] - delay(3): Delayed 3 second(s)

2022-01-07 09:23:58 - [MESSAGE][PASSED] - Delayed 3 second(s)

2022-01-07 09:23:58 - [TEST_STEP][PASSED] - if (action2 == "idr"): null

2022-01-07 09:23:58 - [TEST_STEP][PASSED] - else if (action2 == "persen"): Delayed 3 second(s)

2022-01-07 09:23:58 - [TEST_STEP][PASSED] - tap(persen, 10): Tapped on element 'Object Repository/Mobile/Page/Portfolio/Button - Persen'

2022-01-07 09:23:58 - [MESSAGE][PASSED] - Tapped on element 'Object Repository/Mobile/Page/Portfolio/Button - Persen'

2022-01-07 09:23:58 - [TEST_STEP][PASSED] - delay(3): Delayed 3 second(s)

2022-01-07 09:24:01 - [MESSAGE][PASSED] - Delayed 3 second(s)

2022-01-07 09:24:01 - [MESSAGE][PASSED] - Call Test Case 'Test Cases/Mobile/Page/Portfolio/Portfolio' successfully

2022-01-07 09:24:01 - [TEST_STEP][PASSED] - callTestCase(findTestCase("Mobile/Page/Run App/Terminate App"), [:], STOP_ON_FAILURE): Call Test Case 'Test Cases/Mobile/Page/Run App/Terminate App' successfully

2022-01-07 09:24:01 - [TEST_CASE][PASSED] - Test Cases/Mobile/Page/Run App/Terminate App: Test Cases/Mobile/Page/Run App/Terminate App

2022-01-07 09:24:01 - [TEST_STEP][PASSED] - startApp.OpenApp.terminateApplication(): startApp.OpenApp.terminateApplication is PASSED

2022-01-07 09:24:04 - [MESSAGE][PASSED] - Delayed 3 second(s)

2022-01-07 09:24:05 - [MESSAGE][PASSED] - Current device physical width is 720

2022-01-07 09:24:05 - [MESSAGE][PASSED] - Current device physical height is 1423

2022-01-07 09:24:06 - [MESSAGE][PASSED] - Swiped from 360,853 to 360,142

2022-01-07 09:24:07 - [MESSAGE][PASSED] - Delayed 1 second(s)

2022-01-07 09:24:08 - [MESSAGE][PASSED] - Swiped from 360,853 to 360,142

2022-01-07 09:24:11 - [MESSAGE][PASSED] - Delayed 3 second(s)

2022-01-07 09:24:11 - [MESSAGE][PASSED] - startApp.OpenApp.terminateApplication is PASSED

2022-01-07 09:24:11 - [MESSAGE][PASSED] - Call Test Case 'Test Cases/Mobile/Page/Run App/Terminate App' successfully]]></system-out>
         <system-err><![CDATA[]]></system-err>
      </testcase>
      <testcase name="Test Cases/Mobile/Scenario/Portfolio/007 - Portfolio Performance Month to Date Persen" time="70.293" classname="Test Cases/Mobile/Scenario/Portfolio/007 - Portfolio Performance Month to Date Persen" status="PASSED">
         <system-out><![CDATA[2022-01-07 09:24:11 - [TEST_CASE][PASSED] - Test Cases/Mobile/Scenario/Portfolio/007 - Portfolio Performance Month to Date Persen: Test Cases/Mobile/Scenario/Portfolio/007 - Portfolio Performance Month to Date Persen

2022-01-07 09:24:12 - [TEST_STEP][PASSED] - callTestCase(findTestCase("Mobile/Page/Run App/Run App byID"), [:], STOP_ON_FAILURE): Call Test Case 'Test Cases/Mobile/Page/Run App/Run App byID' successfully

2022-01-07 09:24:12 - [TEST_CASE][PASSED] - Test Cases/Mobile/Page/Run App/Run App byID: Test Cases/Mobile/Page/Run App/Run App byID

2022-01-07 09:24:12 - [TEST_STEP][PASSED] - startApp.OpenApp.startApplication("id.co.miraeasset.sageclub"): startApp.OpenApp.startApplication is PASSED

2022-01-07 09:24:25 - [MESSAGE][PASSED] - Starting app with application ID: 'id.co.miraeasset.sageclub'

2022-01-07 09:24:25 - [MESSAGE][PASSED] - startApp.OpenApp.startApplication is PASSED

2022-01-07 09:24:25 - [MESSAGE][PASSED] - Call Test Case 'Test Cases/Mobile/Page/Run App/Run App byID' successfully

2022-01-07 09:24:25 - [TEST_STEP][PASSED] - callTestCase(findTestCase("Mobile/Page/Portfolio/Portfolio"), ["tab":"summary", "action":"perf_month", "action2":"persen"], CONTINUE_ON_FAILURE): Call Test Case 'Test Cases/Mobile/Page/Portfolio/Portfolio' successfully

2022-01-07 09:24:25 - [TEST_CASE][PASSED] - Test Cases/Mobile/Page/Portfolio/Portfolio: Test Cases/Mobile/Page/Portfolio/Portfolio

2022-01-07 09:24:25 - [TEST_STEP][PASSED] - callTestCase(findTestCase("Mobile/Page/CheckLogin"), [:], CONTINUE_ON_FAILURE): Call Test Case 'Test Cases/Mobile/Page/CheckLogin' successfully

2022-01-07 09:24:25 - [TEST_CASE][PASSED] - Test Cases/Mobile/Page/CheckLogin: Test Cases/Mobile/Page/CheckLogin

2022-01-07 09:24:25 - [TEST_STEP][PASSED] - loginCheck = verifyElementExist(LOGN_BtnLogin, 5, CONTINUE_ON_FAILURE): Element 'Object Repository/Mobile/Page/Login/Button - Login' is exist

2022-01-07 09:24:28 - [MESSAGE][PASSED] - Element 'Object Repository/Mobile/Page/Login/Button - Login' is exist

2022-01-07 09:24:28 - [TEST_STEP][PASSED] - if (loginCheck): Call Test Case 'Test Cases/Mobile/Page/Login/Login' successfully

2022-01-07 09:24:28 - [TEST_STEP][PASSED] - callTestCase(findTestCase("Mobile/Page/Login/Login"), ["action":"username"], CONTINUE_ON_FAILURE): Call Test Case 'Test Cases/Mobile/Page/Login/Login' successfully

2022-01-07 09:24:28 - [TEST_CASE][PASSED] - Test Cases/Mobile/Page/Login/Login: Test Cases/Mobile/Page/Login/Login

2022-01-07 09:24:28 - [TEST_STEP][PASSED] - delay(2): Delayed 2 second(s)

2022-01-07 09:24:30 - [MESSAGE][PASSED] - Delayed 2 second(s)

2022-01-07 09:24:30 - [TEST_STEP][PASSED] - for ([i = 0, i < 1, (i++)]): null

2022-01-07 09:24:30 - [TEST_STEP][PASSED] - if (action == "username"): null

2022-01-07 09:24:30 - [TEST_STEP][PASSED] - tap(LOGN_EdtUserID, 0): Tapped on element 'Object Repository/Mobile/Page/Login/Input - UserID'

2022-01-07 09:24:30 - [MESSAGE][WARNING] - Timeout '0' is invalid. Using default page load timeout: '60'

2022-01-07 09:24:30 - [MESSAGE][PASSED] - Tapped on element 'Object Repository/Mobile/Page/Login/Input - UserID'

2022-01-07 09:24:30 - [TEST_STEP][PASSED] - delay(1): Delayed 1 second(s)

2022-01-07 09:24:31 - [MESSAGE][PASSED] - Delayed 1 second(s)

2022-01-07 09:24:31 - [TEST_STEP][PASSED] - setText(LOGN_EdtRdyUserID, "anggaaditya", 0): Text 'anggaaditya' has been set to element 'Object Repository/Mobile/Page/Login/Input Rdy - UserID'

2022-01-07 09:24:31 - [MESSAGE][WARNING] - Timeout '0' is invalid. Using default page load timeout: '60'

2022-01-07 09:24:32 - [MESSAGE][PASSED] - Text 'anggaaditya' has been set to element 'Object Repository/Mobile/Page/Login/Input Rdy - UserID'

2022-01-07 09:24:32 - [TEST_STEP][PASSED] - delay(1): Delayed 1 second(s)

2022-01-07 09:24:33 - [MESSAGE][PASSED] - Delayed 1 second(s)

2022-01-07 09:24:33 - [TEST_STEP][PASSED] - hideKeyboard(): Keyboard is hidden

2022-01-07 09:24:40 - [MESSAGE][PASSED] - Keyboard is hidden

2022-01-07 09:24:40 - [TEST_STEP][PASSED] - tap(LOGN_EdtPassword, 0): Tapped on element 'Object Repository/Mobile/Page/Login/Input - Password'

2022-01-07 09:24:40 - [MESSAGE][WARNING] - Timeout '0' is invalid. Using default page load timeout: '60'

2022-01-07 09:24:41 - [MESSAGE][PASSED] - Tapped on element 'Object Repository/Mobile/Page/Login/Input - Password'

2022-01-07 09:24:41 - [TEST_STEP][PASSED] - delay(1): Delayed 1 second(s)

2022-01-07 09:24:42 - [MESSAGE][PASSED] - Delayed 1 second(s)

2022-01-07 09:24:42 - [TEST_STEP][PASSED] - setText(LOGN_EdtRdyPassword, "Shalawa18", 0): Text 'Shalawa18' has been set to element 'Object Repository/Mobile/Page/Login/Input Rdy - Password'

2022-01-07 09:24:42 - [MESSAGE][WARNING] - Timeout '0' is invalid. Using default page load timeout: '60'

2022-01-07 09:24:43 - [MESSAGE][PASSED] - Text 'Shalawa18' has been set to element 'Object Repository/Mobile/Page/Login/Input Rdy - Password'

2022-01-07 09:24:43 - [TEST_STEP][PASSED] - delay(1): Delayed 1 second(s)

2022-01-07 09:24:44 - [MESSAGE][PASSED] - Delayed 1 second(s)

2022-01-07 09:24:44 - [TEST_STEP][PASSED] - hideKeyboard(): Keyboard is hidden

2022-01-07 09:24:54 - [MESSAGE][PASSED] - Keyboard is hidden

2022-01-07 09:24:54 - [TEST_STEP][PASSED] - tap(LOGN_BtnLogin, 0): Tapped on element 'Object Repository/Mobile/Page/Login/Button - Login'

2022-01-07 09:24:54 - [MESSAGE][WARNING] - Timeout '0' is invalid. Using default page load timeout: '60'

2022-01-07 09:24:54 - [MESSAGE][PASSED] - Tapped on element 'Object Repository/Mobile/Page/Login/Button - Login'

2022-01-07 09:24:54 - [TEST_STEP][PASSED] - delay(2): Delayed 2 second(s)

2022-01-07 09:24:56 - [MESSAGE][PASSED] - Delayed 2 second(s)

2022-01-07 09:24:56 - [TEST_STEP][PASSED] - break: null

2022-01-07 09:24:56 - [MESSAGE][PASSED] - Call Test Case 'Test Cases/Mobile/Page/Login/Login' successfully

2022-01-07 09:24:56 - [MESSAGE][PASSED] - Call Test Case 'Test Cases/Mobile/Page/CheckLogin' successfully

2022-01-07 09:24:56 - [TEST_STEP][PASSED] - tap(HOME_MenubarPortfolio, 0): Tapped on element 'Object Repository/Mobile/Page/Home/Menubar - Portfolio'

2022-01-07 09:24:56 - [MESSAGE][WARNING] - Timeout '0' is invalid. Using default page load timeout: '60'

2022-01-07 09:24:58 - [MESSAGE][PASSED] - Tapped on element 'Object Repository/Mobile/Page/Home/Menubar - Portfolio'

2022-01-07 09:24:58 - [TEST_STEP][PASSED] - delay(1): Delayed 1 second(s)

2022-01-07 09:24:59 - [MESSAGE][PASSED] - Delayed 1 second(s)

2022-01-07 09:24:59 - [TEST_STEP][PASSED] - for ([i = 0, i < 1, (i++)]): Delayed 3 second(s)

2022-01-07 09:24:59 - [TEST_STEP][PASSED] - if (tab == "summary"): Delayed 3 second(s)

2022-01-07 09:24:59 - [TEST_STEP][PASSED] - idr = PORT_BtnIDR: null

2022-01-07 09:24:59 - [TEST_STEP][PASSED] - persen = PORT_BtnPersen: null

2022-01-07 09:24:59 - [TEST_STEP][PASSED] - if (action == "summary"): null

2022-01-07 09:24:59 - [TEST_STEP][PASSED] - else if (action == "perf_daily"): null

2022-01-07 09:24:59 - [TEST_STEP][PASSED] - else if (action == "perf_month"): Tapped on element 'Object Repository/Mobile/Page/Portfolio/Tab - Summary Month to Date'

2022-01-07 09:24:59 - [TEST_STEP][PASSED] - scroll.scroll.scrollScreenBottomToTop(): scroll.scroll.scrollScreenBottomToTop is PASSED

2022-01-07 09:25:00 - [MESSAGE][PASSED] - Current device physical height is 1423

2022-01-07 09:25:00 - [MESSAGE][PASSED] - Current device physical width is 720

2022-01-07 09:25:01 - [MESSAGE][PASSED] - Swiped from 360,1,138 to 360,284

2022-01-07 09:25:01 - [MESSAGE][PASSED] - scroll.scroll.scrollScreenBottomToTop is PASSED

2022-01-07 09:25:01 - [TEST_STEP][PASSED] - delay(1): Delayed 1 second(s)

2022-01-07 09:25:02 - [MESSAGE][PASSED] - Delayed 1 second(s)

2022-01-07 09:25:02 - [TEST_STEP][PASSED] - tap(PORT_TabSummaryMonth, 0): Tapped on element 'Object Repository/Mobile/Page/Portfolio/Tab - Summary Month to Date'

2022-01-07 09:25:02 - [MESSAGE][WARNING] - Timeout '0' is invalid. Using default page load timeout: '60'

2022-01-07 09:25:02 - [MESSAGE][PASSED] - Tapped on element 'Object Repository/Mobile/Page/Portfolio/Tab - Summary Month to Date'

2022-01-07 09:25:02 - [TEST_STEP][PASSED] - if (action != "summary"): Delayed 3 second(s)

2022-01-07 09:25:02 - [TEST_STEP][PASSED] - delay(1): Delayed 1 second(s)

2022-01-07 09:25:03 - [MESSAGE][PASSED] - Delayed 1 second(s)

2022-01-07 09:25:03 - [TEST_STEP][PASSED] - scroll.scroll.scrollScreenBottomToTop(): scroll.scroll.scrollScreenBottomToTop is PASSED

2022-01-07 09:25:04 - [MESSAGE][PASSED] - Current device physical height is 1423

2022-01-07 09:25:04 - [MESSAGE][PASSED] - Current device physical width is 720

2022-01-07 09:25:05 - [MESSAGE][PASSED] - Swiped from 360,1,138 to 360,284

2022-01-07 09:25:05 - [MESSAGE][PASSED] - scroll.scroll.scrollScreenBottomToTop is PASSED

2022-01-07 09:25:05 - [TEST_STEP][PASSED] - delay(3): Delayed 3 second(s)

2022-01-07 09:25:08 - [MESSAGE][PASSED] - Delayed 3 second(s)

2022-01-07 09:25:08 - [TEST_STEP][PASSED] - if (action2 == "idr"): null

2022-01-07 09:25:08 - [TEST_STEP][PASSED] - else if (action2 == "persen"): Delayed 3 second(s)

2022-01-07 09:25:08 - [TEST_STEP][PASSED] - tap(persen, 10): Tapped on element 'Object Repository/Mobile/Page/Portfolio/Button - Persen'

2022-01-07 09:25:09 - [MESSAGE][PASSED] - Tapped on element 'Object Repository/Mobile/Page/Portfolio/Button - Persen'

2022-01-07 09:25:09 - [TEST_STEP][PASSED] - delay(3): Delayed 3 second(s)

2022-01-07 09:25:12 - [MESSAGE][PASSED] - Delayed 3 second(s)

2022-01-07 09:25:12 - [MESSAGE][PASSED] - Call Test Case 'Test Cases/Mobile/Page/Portfolio/Portfolio' successfully

2022-01-07 09:25:12 - [TEST_STEP][PASSED] - callTestCase(findTestCase("Mobile/Page/Run App/Terminate App"), [:], STOP_ON_FAILURE): Call Test Case 'Test Cases/Mobile/Page/Run App/Terminate App' successfully

2022-01-07 09:25:12 - [TEST_CASE][PASSED] - Test Cases/Mobile/Page/Run App/Terminate App: Test Cases/Mobile/Page/Run App/Terminate App

2022-01-07 09:25:12 - [TEST_STEP][PASSED] - startApp.OpenApp.terminateApplication(): startApp.OpenApp.terminateApplication is PASSED

2022-01-07 09:25:15 - [MESSAGE][PASSED] - Delayed 3 second(s)

2022-01-07 09:25:15 - [MESSAGE][PASSED] - Current device physical width is 720

2022-01-07 09:25:15 - [MESSAGE][PASSED] - Current device physical height is 1423

2022-01-07 09:25:16 - [MESSAGE][PASSED] - Swiped from 360,853 to 360,142

2022-01-07 09:25:17 - [MESSAGE][PASSED] - Delayed 1 second(s)

2022-01-07 09:25:19 - [MESSAGE][PASSED] - Swiped from 360,853 to 360,142

2022-01-07 09:25:22 - [MESSAGE][PASSED] - Delayed 3 second(s)

2022-01-07 09:25:22 - [MESSAGE][PASSED] - startApp.OpenApp.terminateApplication is PASSED

2022-01-07 09:25:22 - [MESSAGE][PASSED] - Call Test Case 'Test Cases/Mobile/Page/Run App/Terminate App' successfully]]></system-out>
         <system-err><![CDATA[]]></system-err>
      </testcase>
      <testcase name="Test Cases/Mobile/Scenario/Portfolio/008 - Portfolio Performance Quarter to Date Persen" time="67.535" classname="Test Cases/Mobile/Scenario/Portfolio/008 - Portfolio Performance Quarter to Date Persen" status="PASSED">
         <system-out><![CDATA[2022-01-07 09:25:22 - [TEST_CASE][PASSED] - Test Cases/Mobile/Scenario/Portfolio/008 - Portfolio Performance Quarter to Date Persen: Test Cases/Mobile/Scenario/Portfolio/008 - Portfolio Performance Quarter to Date Persen

2022-01-07 09:25:22 - [TEST_STEP][PASSED] - callTestCase(findTestCase("Mobile/Page/Run App/Run App byID"), [:], STOP_ON_FAILURE): Call Test Case 'Test Cases/Mobile/Page/Run App/Run App byID' successfully

2022-01-07 09:25:22 - [TEST_CASE][PASSED] - Test Cases/Mobile/Page/Run App/Run App byID: Test Cases/Mobile/Page/Run App/Run App byID

2022-01-07 09:25:22 - [TEST_STEP][PASSED] - startApp.OpenApp.startApplication("id.co.miraeasset.sageclub"): startApp.OpenApp.startApplication is PASSED

2022-01-07 09:25:37 - [MESSAGE][PASSED] - Starting app with application ID: 'id.co.miraeasset.sageclub'

2022-01-07 09:25:37 - [MESSAGE][PASSED] - startApp.OpenApp.startApplication is PASSED

2022-01-07 09:25:37 - [MESSAGE][PASSED] - Call Test Case 'Test Cases/Mobile/Page/Run App/Run App byID' successfully

2022-01-07 09:25:37 - [TEST_STEP][PASSED] - callTestCase(findTestCase("Mobile/Page/Portfolio/Portfolio"), ["tab":"summary", "action":"perf_quarter", "action2":"persen"], CONTINUE_ON_FAILURE): Call Test Case 'Test Cases/Mobile/Page/Portfolio/Portfolio' successfully

2022-01-07 09:25:37 - [TEST_CASE][PASSED] - Test Cases/Mobile/Page/Portfolio/Portfolio: Test Cases/Mobile/Page/Portfolio/Portfolio

2022-01-07 09:25:37 - [TEST_STEP][PASSED] - callTestCase(findTestCase("Mobile/Page/CheckLogin"), [:], CONTINUE_ON_FAILURE): Call Test Case 'Test Cases/Mobile/Page/CheckLogin' successfully

2022-01-07 09:25:37 - [TEST_CASE][PASSED] - Test Cases/Mobile/Page/CheckLogin: Test Cases/Mobile/Page/CheckLogin

2022-01-07 09:25:37 - [TEST_STEP][PASSED] - loginCheck = verifyElementExist(LOGN_BtnLogin, 5, CONTINUE_ON_FAILURE): Element 'Object Repository/Mobile/Page/Login/Button - Login' is exist

2022-01-07 09:25:39 - [MESSAGE][PASSED] - Element 'Object Repository/Mobile/Page/Login/Button - Login' is exist

2022-01-07 09:25:39 - [TEST_STEP][PASSED] - if (loginCheck): Call Test Case 'Test Cases/Mobile/Page/Login/Login' successfully

2022-01-07 09:25:39 - [TEST_STEP][PASSED] - callTestCase(findTestCase("Mobile/Page/Login/Login"), ["action":"username"], CONTINUE_ON_FAILURE): Call Test Case 'Test Cases/Mobile/Page/Login/Login' successfully

2022-01-07 09:25:40 - [TEST_CASE][PASSED] - Test Cases/Mobile/Page/Login/Login: Test Cases/Mobile/Page/Login/Login

2022-01-07 09:25:40 - [TEST_STEP][PASSED] - delay(2): Delayed 2 second(s)

2022-01-07 09:25:42 - [MESSAGE][PASSED] - Delayed 2 second(s)

2022-01-07 09:25:42 - [TEST_STEP][PASSED] - for ([i = 0, i < 1, (i++)]): null

2022-01-07 09:25:42 - [TEST_STEP][PASSED] - if (action == "username"): null

2022-01-07 09:25:42 - [TEST_STEP][PASSED] - tap(LOGN_EdtUserID, 0): Tapped on element 'Object Repository/Mobile/Page/Login/Input - UserID'

2022-01-07 09:25:42 - [MESSAGE][WARNING] - Timeout '0' is invalid. Using default page load timeout: '60'

2022-01-07 09:25:42 - [MESSAGE][PASSED] - Tapped on element 'Object Repository/Mobile/Page/Login/Input - UserID'

2022-01-07 09:25:42 - [TEST_STEP][PASSED] - delay(1): Delayed 1 second(s)

2022-01-07 09:25:43 - [MESSAGE][PASSED] - Delayed 1 second(s)

2022-01-07 09:25:43 - [TEST_STEP][PASSED] - setText(LOGN_EdtRdyUserID, "anggaaditya", 0): Text 'anggaaditya' has been set to element 'Object Repository/Mobile/Page/Login/Input Rdy - UserID'

2022-01-07 09:25:43 - [MESSAGE][WARNING] - Timeout '0' is invalid. Using default page load timeout: '60'

2022-01-07 09:25:44 - [MESSAGE][PASSED] - Text 'anggaaditya' has been set to element 'Object Repository/Mobile/Page/Login/Input Rdy - UserID'

2022-01-07 09:25:44 - [TEST_STEP][PASSED] - delay(1): Delayed 1 second(s)

2022-01-07 09:25:45 - [MESSAGE][PASSED] - Delayed 1 second(s)

2022-01-07 09:25:45 - [TEST_STEP][PASSED] - hideKeyboard(): Keyboard is hidden

2022-01-07 09:25:52 - [MESSAGE][PASSED] - Keyboard is hidden

2022-01-07 09:25:52 - [TEST_STEP][PASSED] - tap(LOGN_EdtPassword, 0): Tapped on element 'Object Repository/Mobile/Page/Login/Input - Password'

2022-01-07 09:25:52 - [MESSAGE][WARNING] - Timeout '0' is invalid. Using default page load timeout: '60'

2022-01-07 09:25:53 - [MESSAGE][PASSED] - Tapped on element 'Object Repository/Mobile/Page/Login/Input - Password'

2022-01-07 09:25:53 - [TEST_STEP][PASSED] - delay(1): Delayed 1 second(s)

2022-01-07 09:25:54 - [MESSAGE][PASSED] - Delayed 1 second(s)

2022-01-07 09:25:54 - [TEST_STEP][PASSED] - setText(LOGN_EdtRdyPassword, "Shalawa18", 0): Text 'Shalawa18' has been set to element 'Object Repository/Mobile/Page/Login/Input Rdy - Password'

2022-01-07 09:25:54 - [MESSAGE][WARNING] - Timeout '0' is invalid. Using default page load timeout: '60'

2022-01-07 09:25:54 - [MESSAGE][PASSED] - Text 'Shalawa18' has been set to element 'Object Repository/Mobile/Page/Login/Input Rdy - Password'

2022-01-07 09:25:54 - [TEST_STEP][PASSED] - delay(1): Delayed 1 second(s)

2022-01-07 09:25:55 - [MESSAGE][PASSED] - Delayed 1 second(s)

2022-01-07 09:25:55 - [TEST_STEP][PASSED] - hideKeyboard(): Keyboard is hidden

2022-01-07 09:26:02 - [MESSAGE][PASSED] - Keyboard is hidden

2022-01-07 09:26:02 - [TEST_STEP][PASSED] - tap(LOGN_BtnLogin, 0): Tapped on element 'Object Repository/Mobile/Page/Login/Button - Login'

2022-01-07 09:26:02 - [MESSAGE][WARNING] - Timeout '0' is invalid. Using default page load timeout: '60'

2022-01-07 09:26:03 - [MESSAGE][PASSED] - Tapped on element 'Object Repository/Mobile/Page/Login/Button - Login'

2022-01-07 09:26:03 - [TEST_STEP][PASSED] - delay(2): Delayed 2 second(s)

2022-01-07 09:26:05 - [MESSAGE][PASSED] - Delayed 2 second(s)

2022-01-07 09:26:05 - [TEST_STEP][PASSED] - break: null

2022-01-07 09:26:05 - [MESSAGE][PASSED] - Call Test Case 'Test Cases/Mobile/Page/Login/Login' successfully

2022-01-07 09:26:05 - [MESSAGE][PASSED] - Call Test Case 'Test Cases/Mobile/Page/CheckLogin' successfully

2022-01-07 09:26:05 - [TEST_STEP][PASSED] - tap(HOME_MenubarPortfolio, 0): Tapped on element 'Object Repository/Mobile/Page/Home/Menubar - Portfolio'

2022-01-07 09:26:05 - [MESSAGE][WARNING] - Timeout '0' is invalid. Using default page load timeout: '60'

2022-01-07 09:26:06 - [MESSAGE][PASSED] - Tapped on element 'Object Repository/Mobile/Page/Home/Menubar - Portfolio'

2022-01-07 09:26:06 - [TEST_STEP][PASSED] - delay(1): Delayed 1 second(s)

2022-01-07 09:26:07 - [MESSAGE][PASSED] - Delayed 1 second(s)

2022-01-07 09:26:07 - [TEST_STEP][PASSED] - for ([i = 0, i < 1, (i++)]): Delayed 3 second(s)

2022-01-07 09:26:07 - [TEST_STEP][PASSED] - if (tab == "summary"): Delayed 3 second(s)

2022-01-07 09:26:07 - [TEST_STEP][PASSED] - idr = PORT_BtnIDR: null

2022-01-07 09:26:07 - [TEST_STEP][PASSED] - persen = PORT_BtnPersen: null

2022-01-07 09:26:07 - [TEST_STEP][PASSED] - if (action == "summary"): null

2022-01-07 09:26:07 - [TEST_STEP][PASSED] - else if (action == "perf_daily"): null

2022-01-07 09:26:07 - [TEST_STEP][PASSED] - else if (action == "perf_month"): null

2022-01-07 09:26:07 - [TEST_STEP][PASSED] - else if (action == "perf_quarter"): Tapped on element 'Object Repository/Mobile/Page/Portfolio/Tab - Summary Quarter to Date'

2022-01-07 09:26:07 - [TEST_STEP][PASSED] - scroll.scroll.scrollScreenBottomToTop(): scroll.scroll.scrollScreenBottomToTop is PASSED

2022-01-07 09:26:07 - [MESSAGE][PASSED] - Current device physical height is 1423

2022-01-07 09:26:07 - [MESSAGE][PASSED] - Current device physical width is 720

2022-01-07 09:26:08 - [MESSAGE][PASSED] - Swiped from 360,1,138 to 360,284

2022-01-07 09:26:08 - [MESSAGE][PASSED] - scroll.scroll.scrollScreenBottomToTop is PASSED

2022-01-07 09:26:08 - [TEST_STEP][PASSED] - delay(1): Delayed 1 second(s)

2022-01-07 09:26:09 - [MESSAGE][PASSED] - Delayed 1 second(s)

2022-01-07 09:26:09 - [TEST_STEP][PASSED] - tap(PORT_TabSummaryQuarter, 0): Tapped on element 'Object Repository/Mobile/Page/Portfolio/Tab - Summary Quarter to Date'

2022-01-07 09:26:09 - [MESSAGE][WARNING] - Timeout '0' is invalid. Using default page load timeout: '60'

2022-01-07 09:26:10 - [MESSAGE][PASSED] - Tapped on element 'Object Repository/Mobile/Page/Portfolio/Tab - Summary Quarter to Date'

2022-01-07 09:26:10 - [TEST_STEP][PASSED] - if (action != "summary"): Delayed 3 second(s)

2022-01-07 09:26:10 - [TEST_STEP][PASSED] - delay(1): Delayed 1 second(s)

2022-01-07 09:26:11 - [MESSAGE][PASSED] - Delayed 1 second(s)

2022-01-07 09:26:11 - [TEST_STEP][PASSED] - scroll.scroll.scrollScreenBottomToTop(): scroll.scroll.scrollScreenBottomToTop is PASSED

2022-01-07 09:26:11 - [MESSAGE][PASSED] - Current device physical height is 1423

2022-01-07 09:26:11 - [MESSAGE][PASSED] - Current device physical width is 720

2022-01-07 09:26:12 - [MESSAGE][PASSED] - Swiped from 360,1,138 to 360,284

2022-01-07 09:26:12 - [MESSAGE][PASSED] - scroll.scroll.scrollScreenBottomToTop is PASSED

2022-01-07 09:26:12 - [TEST_STEP][PASSED] - delay(3): Delayed 3 second(s)

2022-01-07 09:26:15 - [MESSAGE][PASSED] - Delayed 3 second(s)

2022-01-07 09:26:15 - [TEST_STEP][PASSED] - if (action2 == "idr"): null

2022-01-07 09:26:15 - [TEST_STEP][PASSED] - else if (action2 == "persen"): Delayed 3 second(s)

2022-01-07 09:26:15 - [TEST_STEP][PASSED] - tap(persen, 10): Tapped on element 'Object Repository/Mobile/Page/Portfolio/Button - Persen'

2022-01-07 09:26:16 - [MESSAGE][PASSED] - Tapped on element 'Object Repository/Mobile/Page/Portfolio/Button - Persen'

2022-01-07 09:26:16 - [TEST_STEP][PASSED] - delay(3): Delayed 3 second(s)

2022-01-07 09:26:19 - [MESSAGE][PASSED] - Delayed 3 second(s)

2022-01-07 09:26:19 - [MESSAGE][PASSED] - Call Test Case 'Test Cases/Mobile/Page/Portfolio/Portfolio' successfully

2022-01-07 09:26:19 - [TEST_STEP][PASSED] - callTestCase(findTestCase("Mobile/Page/Run App/Terminate App"), [:], STOP_ON_FAILURE): Call Test Case 'Test Cases/Mobile/Page/Run App/Terminate App' successfully

2022-01-07 09:26:19 - [TEST_CASE][PASSED] - Test Cases/Mobile/Page/Run App/Terminate App: Test Cases/Mobile/Page/Run App/Terminate App

2022-01-07 09:26:19 - [TEST_STEP][PASSED] - startApp.OpenApp.terminateApplication(): startApp.OpenApp.terminateApplication is PASSED

2022-01-07 09:26:22 - [MESSAGE][PASSED] - Delayed 3 second(s)

2022-01-07 09:26:22 - [MESSAGE][PASSED] - Current device physical width is 720

2022-01-07 09:26:22 - [MESSAGE][PASSED] - Current device physical height is 1423

2022-01-07 09:26:24 - [MESSAGE][PASSED] - Swiped from 360,853 to 360,142

2022-01-07 09:26:25 - [MESSAGE][PASSED] - Delayed 1 second(s)

2022-01-07 09:26:26 - [MESSAGE][PASSED] - Swiped from 360,853 to 360,142

2022-01-07 09:26:29 - [MESSAGE][PASSED] - Delayed 3 second(s)

2022-01-07 09:26:29 - [MESSAGE][PASSED] - startApp.OpenApp.terminateApplication is PASSED

2022-01-07 09:26:29 - [MESSAGE][PASSED] - Call Test Case 'Test Cases/Mobile/Page/Run App/Terminate App' successfully]]></system-out>
         <system-err><![CDATA[]]></system-err>
      </testcase>
      <testcase name="Test Cases/Mobile/Scenario/Portfolio/009 - Portfolio Performance Year to Date Persen" time="60.032" classname="Test Cases/Mobile/Scenario/Portfolio/009 - Portfolio Performance Year to Date Persen" status="PASSED">
         <system-out><![CDATA[2022-01-07 09:26:29 - [TEST_CASE][PASSED] - Test Cases/Mobile/Scenario/Portfolio/009 - Portfolio Performance Year to Date Persen: Test Cases/Mobile/Scenario/Portfolio/009 - Portfolio Performance Year to Date Persen

2022-01-07 09:26:29 - [TEST_STEP][PASSED] - callTestCase(findTestCase("Mobile/Page/Run App/Run App byID"), [:], STOP_ON_FAILURE): Call Test Case 'Test Cases/Mobile/Page/Run App/Run App byID' successfully

2022-01-07 09:26:29 - [TEST_CASE][PASSED] - Test Cases/Mobile/Page/Run App/Run App byID: Test Cases/Mobile/Page/Run App/Run App byID

2022-01-07 09:26:29 - [TEST_STEP][PASSED] - startApp.OpenApp.startApplication("id.co.miraeasset.sageclub"): startApp.OpenApp.startApplication is PASSED

2022-01-07 09:26:42 - [MESSAGE][PASSED] - Starting app with application ID: 'id.co.miraeasset.sageclub'

2022-01-07 09:26:42 - [MESSAGE][PASSED] - startApp.OpenApp.startApplication is PASSED

2022-01-07 09:26:42 - [MESSAGE][PASSED] - Call Test Case 'Test Cases/Mobile/Page/Run App/Run App byID' successfully

2022-01-07 09:26:42 - [TEST_STEP][PASSED] - callTestCase(findTestCase("Mobile/Page/Portfolio/Portfolio"), ["tab":"summary", "action":"perf_year", "action2":"persen"], CONTINUE_ON_FAILURE): Call Test Case 'Test Cases/Mobile/Page/Portfolio/Portfolio' successfully

2022-01-07 09:26:42 - [TEST_CASE][PASSED] - Test Cases/Mobile/Page/Portfolio/Portfolio: Test Cases/Mobile/Page/Portfolio/Portfolio

2022-01-07 09:26:42 - [TEST_STEP][PASSED] - callTestCase(findTestCase("Mobile/Page/CheckLogin"), [:], CONTINUE_ON_FAILURE): Call Test Case 'Test Cases/Mobile/Page/CheckLogin' successfully

2022-01-07 09:26:42 - [TEST_CASE][PASSED] - Test Cases/Mobile/Page/CheckLogin: Test Cases/Mobile/Page/CheckLogin

2022-01-07 09:26:42 - [TEST_STEP][PASSED] - loginCheck = verifyElementExist(LOGN_BtnLogin, 5, CONTINUE_ON_FAILURE): Element 'Object Repository/Mobile/Page/Login/Button - Login' is exist

2022-01-07 09:26:44 - [MESSAGE][PASSED] - Element 'Object Repository/Mobile/Page/Login/Button - Login' is exist

2022-01-07 09:26:44 - [TEST_STEP][PASSED] - if (loginCheck): Call Test Case 'Test Cases/Mobile/Page/Login/Login' successfully

2022-01-07 09:26:44 - [TEST_STEP][PASSED] - callTestCase(findTestCase("Mobile/Page/Login/Login"), ["action":"username"], CONTINUE_ON_FAILURE): Call Test Case 'Test Cases/Mobile/Page/Login/Login' successfully

2022-01-07 09:26:44 - [TEST_CASE][PASSED] - Test Cases/Mobile/Page/Login/Login: Test Cases/Mobile/Page/Login/Login

2022-01-07 09:26:44 - [TEST_STEP][PASSED] - delay(2): Delayed 2 second(s)

2022-01-07 09:26:46 - [MESSAGE][PASSED] - Delayed 2 second(s)

2022-01-07 09:26:46 - [TEST_STEP][PASSED] - for ([i = 0, i < 1, (i++)]): null

2022-01-07 09:26:46 - [TEST_STEP][PASSED] - if (action == "username"): null

2022-01-07 09:26:46 - [TEST_STEP][PASSED] - tap(LOGN_EdtUserID, 0): Tapped on element 'Object Repository/Mobile/Page/Login/Input - UserID'

2022-01-07 09:26:46 - [MESSAGE][WARNING] - Timeout '0' is invalid. Using default page load timeout: '60'

2022-01-07 09:26:46 - [MESSAGE][PASSED] - Tapped on element 'Object Repository/Mobile/Page/Login/Input - UserID'

2022-01-07 09:26:46 - [TEST_STEP][PASSED] - delay(1): Delayed 1 second(s)

2022-01-07 09:26:47 - [MESSAGE][PASSED] - Delayed 1 second(s)

2022-01-07 09:26:47 - [TEST_STEP][PASSED] - setText(LOGN_EdtRdyUserID, "anggaaditya", 0): Text 'anggaaditya' has been set to element 'Object Repository/Mobile/Page/Login/Input Rdy - UserID'

2022-01-07 09:26:47 - [MESSAGE][WARNING] - Timeout '0' is invalid. Using default page load timeout: '60'

2022-01-07 09:26:48 - [MESSAGE][PASSED] - Text 'anggaaditya' has been set to element 'Object Repository/Mobile/Page/Login/Input Rdy - UserID'

2022-01-07 09:26:48 - [TEST_STEP][PASSED] - delay(1): Delayed 1 second(s)

2022-01-07 09:26:49 - [MESSAGE][PASSED] - Delayed 1 second(s)

2022-01-07 09:26:49 - [TEST_STEP][PASSED] - hideKeyboard(): Keyboard is hidden

2022-01-07 09:26:53 - [MESSAGE][PASSED] - Keyboard is hidden

2022-01-07 09:26:53 - [TEST_STEP][PASSED] - tap(LOGN_EdtPassword, 0): Tapped on element 'Object Repository/Mobile/Page/Login/Input - Password'

2022-01-07 09:26:53 - [MESSAGE][WARNING] - Timeout '0' is invalid. Using default page load timeout: '60'

2022-01-07 09:26:53 - [MESSAGE][PASSED] - Tapped on element 'Object Repository/Mobile/Page/Login/Input - Password'

2022-01-07 09:26:53 - [TEST_STEP][PASSED] - delay(1): Delayed 1 second(s)

2022-01-07 09:26:54 - [MESSAGE][PASSED] - Delayed 1 second(s)

2022-01-07 09:26:54 - [TEST_STEP][PASSED] - setText(LOGN_EdtRdyPassword, "Shalawa18", 0): Text 'Shalawa18' has been set to element 'Object Repository/Mobile/Page/Login/Input Rdy - Password'

2022-01-07 09:26:54 - [MESSAGE][WARNING] - Timeout '0' is invalid. Using default page load timeout: '60'

2022-01-07 09:26:55 - [MESSAGE][PASSED] - Text 'Shalawa18' has been set to element 'Object Repository/Mobile/Page/Login/Input Rdy - Password'

2022-01-07 09:26:55 - [TEST_STEP][PASSED] - delay(1): Delayed 1 second(s)

2022-01-07 09:26:56 - [MESSAGE][PASSED] - Delayed 1 second(s)

2022-01-07 09:26:56 - [TEST_STEP][PASSED] - hideKeyboard(): Keyboard is hidden

2022-01-07 09:27:02 - [MESSAGE][PASSED] - Keyboard is hidden

2022-01-07 09:27:02 - [TEST_STEP][PASSED] - tap(LOGN_BtnLogin, 0): Tapped on element 'Object Repository/Mobile/Page/Login/Button - Login'

2022-01-07 09:27:02 - [MESSAGE][WARNING] - Timeout '0' is invalid. Using default page load timeout: '60'

2022-01-07 09:27:02 - [MESSAGE][PASSED] - Tapped on element 'Object Repository/Mobile/Page/Login/Button - Login'

2022-01-07 09:27:02 - [TEST_STEP][PASSED] - delay(2): Delayed 2 second(s)

2022-01-07 09:27:04 - [MESSAGE][PASSED] - Delayed 2 second(s)

2022-01-07 09:27:04 - [TEST_STEP][PASSED] - break: null

2022-01-07 09:27:04 - [MESSAGE][PASSED] - Call Test Case 'Test Cases/Mobile/Page/Login/Login' successfully

2022-01-07 09:27:04 - [MESSAGE][PASSED] - Call Test Case 'Test Cases/Mobile/Page/CheckLogin' successfully

2022-01-07 09:27:04 - [TEST_STEP][PASSED] - tap(HOME_MenubarPortfolio, 0): Tapped on element 'Object Repository/Mobile/Page/Home/Menubar - Portfolio'

2022-01-07 09:27:04 - [MESSAGE][WARNING] - Timeout '0' is invalid. Using default page load timeout: '60'

2022-01-07 09:27:05 - [MESSAGE][PASSED] - Tapped on element 'Object Repository/Mobile/Page/Home/Menubar - Portfolio'

2022-01-07 09:27:05 - [TEST_STEP][PASSED] - delay(1): Delayed 1 second(s)

2022-01-07 09:27:06 - [MESSAGE][PASSED] - Delayed 1 second(s)

2022-01-07 09:27:06 - [TEST_STEP][PASSED] - for ([i = 0, i < 1, (i++)]): Delayed 3 second(s)

2022-01-07 09:27:06 - [TEST_STEP][PASSED] - if (tab == "summary"): Delayed 3 second(s)

2022-01-07 09:27:06 - [TEST_STEP][PASSED] - idr = PORT_BtnIDR: null

2022-01-07 09:27:06 - [TEST_STEP][PASSED] - persen = PORT_BtnPersen: null

2022-01-07 09:27:06 - [TEST_STEP][PASSED] - if (action == "summary"): null

2022-01-07 09:27:06 - [TEST_STEP][PASSED] - else if (action == "perf_daily"): null

2022-01-07 09:27:06 - [TEST_STEP][PASSED] - else if (action == "perf_month"): null

2022-01-07 09:27:06 - [TEST_STEP][PASSED] - else if (action == "perf_quarter"): null

2022-01-07 09:27:06 - [TEST_STEP][PASSED] - else if (action == "perf_year"): Tapped on element 'Object Repository/Mobile/Page/Portfolio/Tab - Summary Year to Date'

2022-01-07 09:27:06 - [TEST_STEP][PASSED] - scroll.scroll.scrollScreenBottomToTop(): scroll.scroll.scrollScreenBottomToTop is PASSED

2022-01-07 09:27:07 - [MESSAGE][PASSED] - Current device physical height is 1423

2022-01-07 09:27:07 - [MESSAGE][PASSED] - Current device physical width is 720

2022-01-07 09:27:08 - [MESSAGE][PASSED] - Swiped from 360,1,138 to 360,284

2022-01-07 09:27:08 - [MESSAGE][PASSED] - scroll.scroll.scrollScreenBottomToTop is PASSED

2022-01-07 09:27:08 - [TEST_STEP][PASSED] - delay(1): Delayed 1 second(s)

2022-01-07 09:27:09 - [MESSAGE][PASSED] - Delayed 1 second(s)

2022-01-07 09:27:09 - [TEST_STEP][PASSED] - tap(PORT_TabSummaryYear, 0): Tapped on element 'Object Repository/Mobile/Page/Portfolio/Tab - Summary Year to Date'

2022-01-07 09:27:09 - [MESSAGE][WARNING] - Timeout '0' is invalid. Using default page load timeout: '60'

2022-01-07 09:27:10 - [MESSAGE][PASSED] - Tapped on element 'Object Repository/Mobile/Page/Portfolio/Tab - Summary Year to Date'

2022-01-07 09:27:10 - [TEST_STEP][PASSED] - if (action != "summary"): Delayed 3 second(s)

2022-01-07 09:27:10 - [TEST_STEP][PASSED] - delay(1): Delayed 1 second(s)

2022-01-07 09:27:11 - [MESSAGE][PASSED] - Delayed 1 second(s)

2022-01-07 09:27:11 - [TEST_STEP][PASSED] - scroll.scroll.scrollScreenBottomToTop(): scroll.scroll.scrollScreenBottomToTop is PASSED

2022-01-07 09:27:11 - [MESSAGE][PASSED] - Current device physical height is 1423

2022-01-07 09:27:11 - [MESSAGE][PASSED] - Current device physical width is 720

2022-01-07 09:27:12 - [MESSAGE][PASSED] - Swiped from 360,1,138 to 360,284

2022-01-07 09:27:12 - [MESSAGE][PASSED] - scroll.scroll.scrollScreenBottomToTop is PASSED

2022-01-07 09:27:12 - [TEST_STEP][PASSED] - delay(3): Delayed 3 second(s)

2022-01-07 09:27:15 - [MESSAGE][PASSED] - Delayed 3 second(s)

2022-01-07 09:27:15 - [TEST_STEP][PASSED] - if (action2 == "idr"): null

2022-01-07 09:27:15 - [TEST_STEP][PASSED] - else if (action2 == "persen"): Delayed 3 second(s)

2022-01-07 09:27:15 - [TEST_STEP][PASSED] - tap(persen, 10): Tapped on element 'Object Repository/Mobile/Page/Portfolio/Button - Persen'

2022-01-07 09:27:16 - [MESSAGE][PASSED] - Tapped on element 'Object Repository/Mobile/Page/Portfolio/Button - Persen'

2022-01-07 09:27:16 - [TEST_STEP][PASSED] - delay(3): Delayed 3 second(s)

2022-01-07 09:27:19 - [MESSAGE][PASSED] - Delayed 3 second(s)

2022-01-07 09:27:19 - [MESSAGE][PASSED] - Call Test Case 'Test Cases/Mobile/Page/Portfolio/Portfolio' successfully

2022-01-07 09:27:19 - [TEST_STEP][PASSED] - callTestCase(findTestCase("Mobile/Page/Run App/Terminate App"), [:], STOP_ON_FAILURE): Call Test Case 'Test Cases/Mobile/Page/Run App/Terminate App' successfully

2022-01-07 09:27:19 - [TEST_CASE][PASSED] - Test Cases/Mobile/Page/Run App/Terminate App: Test Cases/Mobile/Page/Run App/Terminate App

2022-01-07 09:27:19 - [TEST_STEP][PASSED] - startApp.OpenApp.terminateApplication(): startApp.OpenApp.terminateApplication is PASSED

2022-01-07 09:27:22 - [MESSAGE][PASSED] - Delayed 3 second(s)

2022-01-07 09:27:22 - [MESSAGE][PASSED] - Current device physical width is 720

2022-01-07 09:27:23 - [MESSAGE][PASSED] - Current device physical height is 1423

2022-01-07 09:27:24 - [MESSAGE][PASSED] - Swiped from 360,853 to 360,142

2022-01-07 09:27:25 - [MESSAGE][PASSED] - Delayed 1 second(s)

2022-01-07 09:27:26 - [MESSAGE][PASSED] - Swiped from 360,853 to 360,142

2022-01-07 09:27:29 - [MESSAGE][PASSED] - Delayed 3 second(s)

2022-01-07 09:27:29 - [MESSAGE][PASSED] - startApp.OpenApp.terminateApplication is PASSED

2022-01-07 09:27:29 - [MESSAGE][PASSED] - Call Test Case 'Test Cases/Mobile/Page/Run App/Terminate App' successfully]]></system-out>
         <system-err><![CDATA[]]></system-err>
      </testcase>
      <testcase name="Test Cases/Mobile/Scenario/Portfolio/010 - Melihat list stock" time="53.397" classname="Test Cases/Mobile/Scenario/Portfolio/010 - Melihat list stock" status="PASSED">
         <system-out><![CDATA[2022-01-07 09:27:29 - [TEST_CASE][PASSED] - Test Cases/Mobile/Scenario/Portfolio/010 - Melihat list stock: Test Cases/Mobile/Scenario/Portfolio/010 - Melihat list stock

2022-01-07 09:27:29 - [TEST_STEP][PASSED] - callTestCase(findTestCase("Mobile/Page/Run App/Run App byID"), [:], STOP_ON_FAILURE): Call Test Case 'Test Cases/Mobile/Page/Run App/Run App byID' successfully

2022-01-07 09:27:29 - [TEST_CASE][PASSED] - Test Cases/Mobile/Page/Run App/Run App byID: Test Cases/Mobile/Page/Run App/Run App byID

2022-01-07 09:27:29 - [TEST_STEP][PASSED] - startApp.OpenApp.startApplication("id.co.miraeasset.sageclub"): startApp.OpenApp.startApplication is PASSED

2022-01-07 09:27:41 - [MESSAGE][PASSED] - Starting app with application ID: 'id.co.miraeasset.sageclub'

2022-01-07 09:27:41 - [MESSAGE][PASSED] - startApp.OpenApp.startApplication is PASSED

2022-01-07 09:27:41 - [MESSAGE][PASSED] - Call Test Case 'Test Cases/Mobile/Page/Run App/Run App byID' successfully

2022-01-07 09:27:41 - [TEST_STEP][PASSED] - callTestCase(findTestCase("Mobile/Page/Portfolio/Portfolio"), ["tab":"stock"], CONTINUE_ON_FAILURE): Call Test Case 'Test Cases/Mobile/Page/Portfolio/Portfolio' successfully

2022-01-07 09:27:41 - [TEST_CASE][PASSED] - Test Cases/Mobile/Page/Portfolio/Portfolio: Test Cases/Mobile/Page/Portfolio/Portfolio

2022-01-07 09:27:41 - [TEST_STEP][PASSED] - callTestCase(findTestCase("Mobile/Page/CheckLogin"), [:], CONTINUE_ON_FAILURE): Call Test Case 'Test Cases/Mobile/Page/CheckLogin' successfully

2022-01-07 09:27:41 - [TEST_CASE][PASSED] - Test Cases/Mobile/Page/CheckLogin: Test Cases/Mobile/Page/CheckLogin

2022-01-07 09:27:41 - [TEST_STEP][PASSED] - loginCheck = verifyElementExist(LOGN_BtnLogin, 5, CONTINUE_ON_FAILURE): Element 'Object Repository/Mobile/Page/Login/Button - Login' is exist

2022-01-07 09:27:43 - [MESSAGE][PASSED] - Element 'Object Repository/Mobile/Page/Login/Button - Login' is exist

2022-01-07 09:27:43 - [TEST_STEP][PASSED] - if (loginCheck): Call Test Case 'Test Cases/Mobile/Page/Login/Login' successfully

2022-01-07 09:27:43 - [TEST_STEP][PASSED] - callTestCase(findTestCase("Mobile/Page/Login/Login"), ["action":"username"], CONTINUE_ON_FAILURE): Call Test Case 'Test Cases/Mobile/Page/Login/Login' successfully

2022-01-07 09:27:43 - [TEST_CASE][PASSED] - Test Cases/Mobile/Page/Login/Login: Test Cases/Mobile/Page/Login/Login

2022-01-07 09:27:43 - [TEST_STEP][PASSED] - delay(2): Delayed 2 second(s)

2022-01-07 09:27:45 - [MESSAGE][PASSED] - Delayed 2 second(s)

2022-01-07 09:27:45 - [TEST_STEP][PASSED] - for ([i = 0, i < 1, (i++)]): null

2022-01-07 09:27:45 - [TEST_STEP][PASSED] - if (action == "username"): null

2022-01-07 09:27:45 - [TEST_STEP][PASSED] - tap(LOGN_EdtUserID, 0): Tapped on element 'Object Repository/Mobile/Page/Login/Input - UserID'

2022-01-07 09:27:45 - [MESSAGE][WARNING] - Timeout '0' is invalid. Using default page load timeout: '60'

2022-01-07 09:27:46 - [MESSAGE][PASSED] - Tapped on element 'Object Repository/Mobile/Page/Login/Input - UserID'

2022-01-07 09:27:46 - [TEST_STEP][PASSED] - delay(1): Delayed 1 second(s)

2022-01-07 09:27:47 - [MESSAGE][PASSED] - Delayed 1 second(s)

2022-01-07 09:27:47 - [TEST_STEP][PASSED] - setText(LOGN_EdtRdyUserID, "anggaaditya", 0): Text 'anggaaditya' has been set to element 'Object Repository/Mobile/Page/Login/Input Rdy - UserID'

2022-01-07 09:27:47 - [MESSAGE][WARNING] - Timeout '0' is invalid. Using default page load timeout: '60'

2022-01-07 09:27:47 - [MESSAGE][PASSED] - Text 'anggaaditya' has been set to element 'Object Repository/Mobile/Page/Login/Input Rdy - UserID'

2022-01-07 09:27:47 - [TEST_STEP][PASSED] - delay(1): Delayed 1 second(s)

2022-01-07 09:27:48 - [MESSAGE][PASSED] - Delayed 1 second(s)

2022-01-07 09:27:48 - [TEST_STEP][PASSED] - hideKeyboard(): Keyboard is hidden

2022-01-07 09:27:53 - [MESSAGE][PASSED] - Keyboard is hidden

2022-01-07 09:27:53 - [TEST_STEP][PASSED] - tap(LOGN_EdtPassword, 0): Tapped on element 'Object Repository/Mobile/Page/Login/Input - Password'

2022-01-07 09:27:53 - [MESSAGE][WARNING] - Timeout '0' is invalid. Using default page load timeout: '60'

2022-01-07 09:27:53 - [MESSAGE][PASSED] - Tapped on element 'Object Repository/Mobile/Page/Login/Input - Password'

2022-01-07 09:27:53 - [TEST_STEP][PASSED] - delay(1): Delayed 1 second(s)

2022-01-07 09:27:54 - [MESSAGE][PASSED] - Delayed 1 second(s)

2022-01-07 09:27:54 - [TEST_STEP][PASSED] - setText(LOGN_EdtRdyPassword, "Shalawa18", 0): Text 'Shalawa18' has been set to element 'Object Repository/Mobile/Page/Login/Input Rdy - Password'

2022-01-07 09:27:54 - [MESSAGE][WARNING] - Timeout '0' is invalid. Using default page load timeout: '60'

2022-01-07 09:27:55 - [MESSAGE][PASSED] - Text 'Shalawa18' has been set to element 'Object Repository/Mobile/Page/Login/Input Rdy - Password'

2022-01-07 09:27:55 - [TEST_STEP][PASSED] - delay(1): Delayed 1 second(s)

2022-01-07 09:27:56 - [MESSAGE][PASSED] - Delayed 1 second(s)

2022-01-07 09:27:56 - [TEST_STEP][PASSED] - hideKeyboard(): Keyboard is hidden

2022-01-07 09:28:02 - [MESSAGE][PASSED] - Keyboard is hidden

2022-01-07 09:28:02 - [TEST_STEP][PASSED] - tap(LOGN_BtnLogin, 0): Tapped on element 'Object Repository/Mobile/Page/Login/Button - Login'

2022-01-07 09:28:02 - [MESSAGE][WARNING] - Timeout '0' is invalid. Using default page load timeout: '60'

2022-01-07 09:28:03 - [MESSAGE][PASSED] - Tapped on element 'Object Repository/Mobile/Page/Login/Button - Login'

2022-01-07 09:28:03 - [TEST_STEP][PASSED] - delay(2): Delayed 2 second(s)

2022-01-07 09:28:05 - [MESSAGE][PASSED] - Delayed 2 second(s)

2022-01-07 09:28:05 - [TEST_STEP][PASSED] - break: null

2022-01-07 09:28:05 - [MESSAGE][PASSED] - Call Test Case 'Test Cases/Mobile/Page/Login/Login' successfully

2022-01-07 09:28:05 - [MESSAGE][PASSED] - Call Test Case 'Test Cases/Mobile/Page/CheckLogin' successfully

2022-01-07 09:28:05 - [TEST_STEP][PASSED] - tap(HOME_MenubarPortfolio, 0): Tapped on element 'Object Repository/Mobile/Page/Home/Menubar - Portfolio'

2022-01-07 09:28:05 - [MESSAGE][WARNING] - Timeout '0' is invalid. Using default page load timeout: '60'

2022-01-07 09:28:06 - [MESSAGE][PASSED] - Tapped on element 'Object Repository/Mobile/Page/Home/Menubar - Portfolio'

2022-01-07 09:28:06 - [TEST_STEP][PASSED] - delay(1): Delayed 1 second(s)

2022-01-07 09:28:07 - [MESSAGE][PASSED] - Delayed 1 second(s)

2022-01-07 09:28:07 - [TEST_STEP][PASSED] - for ([i = 0, i < 1, (i++)]): Delayed 3 second(s)

2022-01-07 09:28:07 - [TEST_STEP][PASSED] - if (tab == "summary"): null

2022-01-07 09:28:07 - [TEST_STEP][PASSED] - else if (tab == "stock"): Delayed 3 second(s)

2022-01-07 09:28:07 - [TEST_STEP][PASSED] - tap(PORT_TabStock, 0): Tapped on element 'Object Repository/Mobile/Page/Portfolio/Tab - Stock'

2022-01-07 09:28:07 - [MESSAGE][WARNING] - Timeout '0' is invalid. Using default page load timeout: '60'

2022-01-07 09:28:08 - [MESSAGE][PASSED] - Tapped on element 'Object Repository/Mobile/Page/Portfolio/Tab - Stock'

2022-01-07 09:28:08 - [TEST_STEP][PASSED] - scroll.scroll.scrollScreenBottomToTop(): scroll.scroll.scrollScreenBottomToTop is PASSED

2022-01-07 09:28:08 - [MESSAGE][PASSED] - Current device physical height is 1423

2022-01-07 09:28:08 - [MESSAGE][PASSED] - Current device physical width is 720

2022-01-07 09:28:09 - [MESSAGE][PASSED] - Swiped from 360,1,138 to 360,284

2022-01-07 09:28:09 - [MESSAGE][PASSED] - scroll.scroll.scrollScreenBottomToTop is PASSED

2022-01-07 09:28:09 - [TEST_STEP][PASSED] - delay(3): Delayed 3 second(s)

2022-01-07 09:28:12 - [MESSAGE][PASSED] - Delayed 3 second(s)

2022-01-07 09:28:12 - [MESSAGE][PASSED] - Call Test Case 'Test Cases/Mobile/Page/Portfolio/Portfolio' successfully

2022-01-07 09:28:12 - [TEST_STEP][PASSED] - callTestCase(findTestCase("Mobile/Page/Run App/Terminate App"), [:], STOP_ON_FAILURE): Call Test Case 'Test Cases/Mobile/Page/Run App/Terminate App' successfully

2022-01-07 09:28:12 - [TEST_CASE][PASSED] - Test Cases/Mobile/Page/Run App/Terminate App: Test Cases/Mobile/Page/Run App/Terminate App

2022-01-07 09:28:12 - [TEST_STEP][PASSED] - startApp.OpenApp.terminateApplication(): startApp.OpenApp.terminateApplication is PASSED

2022-01-07 09:28:15 - [MESSAGE][PASSED] - Delayed 3 second(s)

2022-01-07 09:28:16 - [MESSAGE][PASSED] - Current device physical width is 720

2022-01-07 09:28:16 - [MESSAGE][PASSED] - Current device physical height is 1423

2022-01-07 09:28:17 - [MESSAGE][PASSED] - Swiped from 360,853 to 360,142

2022-01-07 09:28:18 - [MESSAGE][PASSED] - Delayed 1 second(s)

2022-01-07 09:28:20 - [MESSAGE][PASSED] - Swiped from 360,853 to 360,142

2022-01-07 09:28:23 - [MESSAGE][PASSED] - Delayed 3 second(s)

2022-01-07 09:28:23 - [MESSAGE][PASSED] - startApp.OpenApp.terminateApplication is PASSED

2022-01-07 09:28:23 - [MESSAGE][PASSED] - Call Test Case 'Test Cases/Mobile/Page/Run App/Terminate App' successfully]]></system-out>
         <system-err><![CDATA[]]></system-err>
      </testcase>
      <testcase name="Test Cases/Mobile/Scenario/Portfolio/011 - Melihat list mutual fund" time="59.716" classname="Test Cases/Mobile/Scenario/Portfolio/011 - Melihat list mutual fund" status="PASSED">
         <system-out><![CDATA[2022-01-07 09:28:23 - [TEST_CASE][PASSED] - Test Cases/Mobile/Scenario/Portfolio/011 - Melihat list mutual fund: Test Cases/Mobile/Scenario/Portfolio/011 - Melihat list mutual fund

2022-01-07 09:28:23 - [TEST_STEP][PASSED] - callTestCase(findTestCase("Mobile/Page/Run App/Run App byID"), [:], STOP_ON_FAILURE): Call Test Case 'Test Cases/Mobile/Page/Run App/Run App byID' successfully

2022-01-07 09:28:23 - [TEST_CASE][PASSED] - Test Cases/Mobile/Page/Run App/Run App byID: Test Cases/Mobile/Page/Run App/Run App byID

2022-01-07 09:28:23 - [TEST_STEP][PASSED] - startApp.OpenApp.startApplication("id.co.miraeasset.sageclub"): startApp.OpenApp.startApplication is PASSED

2022-01-07 09:28:35 - [MESSAGE][PASSED] - Starting app with application ID: 'id.co.miraeasset.sageclub'

2022-01-07 09:28:35 - [MESSAGE][PASSED] - startApp.OpenApp.startApplication is PASSED

2022-01-07 09:28:35 - [MESSAGE][PASSED] - Call Test Case 'Test Cases/Mobile/Page/Run App/Run App byID' successfully

2022-01-07 09:28:35 - [TEST_STEP][PASSED] - callTestCase(findTestCase("Mobile/Page/Portfolio/Portfolio"), ["tab":"mutualfund", "action2":"none"], CONTINUE_ON_FAILURE): Call Test Case 'Test Cases/Mobile/Page/Portfolio/Portfolio' successfully

2022-01-07 09:28:35 - [TEST_CASE][PASSED] - Test Cases/Mobile/Page/Portfolio/Portfolio: Test Cases/Mobile/Page/Portfolio/Portfolio

2022-01-07 09:28:35 - [TEST_STEP][PASSED] - callTestCase(findTestCase("Mobile/Page/CheckLogin"), [:], CONTINUE_ON_FAILURE): Call Test Case 'Test Cases/Mobile/Page/CheckLogin' successfully

2022-01-07 09:28:35 - [TEST_CASE][PASSED] - Test Cases/Mobile/Page/CheckLogin: Test Cases/Mobile/Page/CheckLogin

2022-01-07 09:28:35 - [TEST_STEP][PASSED] - loginCheck = verifyElementExist(LOGN_BtnLogin, 5, CONTINUE_ON_FAILURE): Element 'Object Repository/Mobile/Page/Login/Button - Login' is exist

2022-01-07 09:28:36 - [MESSAGE][PASSED] - Element 'Object Repository/Mobile/Page/Login/Button - Login' is exist

2022-01-07 09:28:36 - [TEST_STEP][PASSED] - if (loginCheck): Call Test Case 'Test Cases/Mobile/Page/Login/Login' successfully

2022-01-07 09:28:36 - [TEST_STEP][PASSED] - callTestCase(findTestCase("Mobile/Page/Login/Login"), ["action":"username"], CONTINUE_ON_FAILURE): Call Test Case 'Test Cases/Mobile/Page/Login/Login' successfully

2022-01-07 09:28:37 - [TEST_CASE][PASSED] - Test Cases/Mobile/Page/Login/Login: Test Cases/Mobile/Page/Login/Login

2022-01-07 09:28:37 - [TEST_STEP][PASSED] - delay(2): Delayed 2 second(s)

2022-01-07 09:28:39 - [MESSAGE][PASSED] - Delayed 2 second(s)

2022-01-07 09:28:39 - [TEST_STEP][PASSED] - for ([i = 0, i < 1, (i++)]): null

2022-01-07 09:28:39 - [TEST_STEP][PASSED] - if (action == "username"): null

2022-01-07 09:28:39 - [TEST_STEP][PASSED] - tap(LOGN_EdtUserID, 0): Tapped on element 'Object Repository/Mobile/Page/Login/Input - UserID'

2022-01-07 09:28:39 - [MESSAGE][WARNING] - Timeout '0' is invalid. Using default page load timeout: '60'

2022-01-07 09:28:39 - [MESSAGE][PASSED] - Tapped on element 'Object Repository/Mobile/Page/Login/Input - UserID'

2022-01-07 09:28:39 - [TEST_STEP][PASSED] - delay(1): Delayed 1 second(s)

2022-01-07 09:28:40 - [MESSAGE][PASSED] - Delayed 1 second(s)

2022-01-07 09:28:40 - [TEST_STEP][PASSED] - setText(LOGN_EdtRdyUserID, "anggaaditya", 0): Text 'anggaaditya' has been set to element 'Object Repository/Mobile/Page/Login/Input Rdy - UserID'

2022-01-07 09:28:40 - [MESSAGE][WARNING] - Timeout '0' is invalid. Using default page load timeout: '60'

2022-01-07 09:28:41 - [MESSAGE][PASSED] - Text 'anggaaditya' has been set to element 'Object Repository/Mobile/Page/Login/Input Rdy - UserID'

2022-01-07 09:28:41 - [TEST_STEP][PASSED] - delay(1): Delayed 1 second(s)

2022-01-07 09:28:42 - [MESSAGE][PASSED] - Delayed 1 second(s)

2022-01-07 09:28:42 - [TEST_STEP][PASSED] - hideKeyboard(): Keyboard is hidden

2022-01-07 09:28:45 - [MESSAGE][PASSED] - Keyboard is hidden

2022-01-07 09:28:45 - [TEST_STEP][PASSED] - tap(LOGN_EdtPassword, 0): Tapped on element 'Object Repository/Mobile/Page/Login/Input - Password'

2022-01-07 09:28:45 - [MESSAGE][WARNING] - Timeout '0' is invalid. Using default page load timeout: '60'

2022-01-07 09:28:45 - [MESSAGE][PASSED] - Tapped on element 'Object Repository/Mobile/Page/Login/Input - Password'

2022-01-07 09:28:45 - [TEST_STEP][PASSED] - delay(1): Delayed 1 second(s)

2022-01-07 09:28:46 - [MESSAGE][PASSED] - Delayed 1 second(s)

2022-01-07 09:28:46 - [TEST_STEP][PASSED] - setText(LOGN_EdtRdyPassword, "Shalawa18", 0): Text 'Shalawa18' has been set to element 'Object Repository/Mobile/Page/Login/Input Rdy - Password'

2022-01-07 09:28:46 - [MESSAGE][WARNING] - Timeout '0' is invalid. Using default page load timeout: '60'

2022-01-07 09:28:47 - [MESSAGE][PASSED] - Text 'Shalawa18' has been set to element 'Object Repository/Mobile/Page/Login/Input Rdy - Password'

2022-01-07 09:28:47 - [TEST_STEP][PASSED] - delay(1): Delayed 1 second(s)

2022-01-07 09:28:48 - [MESSAGE][PASSED] - Delayed 1 second(s)

2022-01-07 09:28:48 - [TEST_STEP][PASSED] - hideKeyboard(): Keyboard is hidden

2022-01-07 09:28:55 - [MESSAGE][PASSED] - Keyboard is hidden

2022-01-07 09:28:55 - [TEST_STEP][PASSED] - tap(LOGN_BtnLogin, 0): Tapped on element 'Object Repository/Mobile/Page/Login/Button - Login'

2022-01-07 09:28:55 - [MESSAGE][WARNING] - Timeout '0' is invalid. Using default page load timeout: '60'

2022-01-07 09:28:56 - [MESSAGE][PASSED] - Tapped on element 'Object Repository/Mobile/Page/Login/Button - Login'

2022-01-07 09:28:56 - [TEST_STEP][PASSED] - delay(2): Delayed 2 second(s)

2022-01-07 09:28:58 - [MESSAGE][PASSED] - Delayed 2 second(s)

2022-01-07 09:28:58 - [TEST_STEP][PASSED] - break: null

2022-01-07 09:28:58 - [MESSAGE][PASSED] - Call Test Case 'Test Cases/Mobile/Page/Login/Login' successfully

2022-01-07 09:28:58 - [MESSAGE][PASSED] - Call Test Case 'Test Cases/Mobile/Page/CheckLogin' successfully

2022-01-07 09:28:58 - [TEST_STEP][PASSED] - tap(HOME_MenubarPortfolio, 0): Tapped on element 'Object Repository/Mobile/Page/Home/Menubar - Portfolio'

2022-01-07 09:28:58 - [MESSAGE][WARNING] - Timeout '0' is invalid. Using default page load timeout: '60'

2022-01-07 09:28:59 - [MESSAGE][PASSED] - Tapped on element 'Object Repository/Mobile/Page/Home/Menubar - Portfolio'

2022-01-07 09:28:59 - [TEST_STEP][PASSED] - delay(1): Delayed 1 second(s)

2022-01-07 09:29:00 - [MESSAGE][PASSED] - Delayed 1 second(s)

2022-01-07 09:29:00 - [TEST_STEP][PASSED] - for ([i = 0, i < 1, (i++)]): scroll.scroll.scrollScreenBottomToTop is PASSED

2022-01-07 09:29:00 - [TEST_STEP][PASSED] - if (tab == "summary"): null

2022-01-07 09:29:00 - [TEST_STEP][PASSED] - else if (tab == "stock"): null

2022-01-07 09:29:00 - [TEST_STEP][PASSED] - else if (tab == "mutualfund"): scroll.scroll.scrollScreenBottomToTop is PASSED

2022-01-07 09:29:00 - [TEST_STEP][PASSED] - tap(PORT_TabMutualFund, 0): Tapped on element 'Object Repository/Mobile/Page/Portfolio/Tab - Mutual Fund'

2022-01-07 09:29:00 - [MESSAGE][WARNING] - Timeout '0' is invalid. Using default page load timeout: '60'

2022-01-07 09:29:01 - [MESSAGE][PASSED] - Tapped on element 'Object Repository/Mobile/Page/Portfolio/Tab - Mutual Fund'

2022-01-07 09:29:01 - [TEST_STEP][PASSED] - delay(1): Delayed 1 second(s)

2022-01-07 09:29:02 - [MESSAGE][PASSED] - Delayed 1 second(s)

2022-01-07 09:29:02 - [TEST_STEP][PASSED] - try: scroll.scroll.scrollScreenBottomToTop is PASSED

2022-01-07 09:29:02 - [TEST_STEP][PASSED] - tapAndHold(PORT_ItemTopMutualFund, 1, 10): Tapped and held on element 'Object Repository/Mobile/Page/Portfolio/Item - Top Mutual Fund' with duration 1

2022-01-07 09:29:05 - [MESSAGE][PASSED] - Tapped and held on element 'Object Repository/Mobile/Page/Portfolio/Item - Top Mutual Fund' with duration 1

2022-01-07 09:29:05 - [TEST_STEP][PASSED] - delay(2): Delayed 2 second(s)

2022-01-07 09:29:07 - [MESSAGE][PASSED] - Delayed 2 second(s)

2022-01-07 09:29:07 - [TEST_STEP][PASSED] - switch (action2): null

2022-01-07 09:29:07 - [TEST_STEP][PASSED] - delay(3): Delayed 3 second(s)

2022-01-07 09:29:10 - [MESSAGE][PASSED] - Delayed 3 second(s)

2022-01-07 09:29:10 - [TEST_STEP][PASSED] - scroll.scroll.scrollScreenBottomToTop(): scroll.scroll.scrollScreenBottomToTop is PASSED

2022-01-07 09:29:11 - [MESSAGE][PASSED] - Current device physical height is 1423

2022-01-07 09:29:11 - [MESSAGE][PASSED] - Current device physical width is 720

2022-01-07 09:29:12 - [MESSAGE][PASSED] - Swiped from 360,1,138 to 360,284

2022-01-07 09:29:12 - [MESSAGE][PASSED] - scroll.scroll.scrollScreenBottomToTop is PASSED

2022-01-07 09:29:12 - [MESSAGE][PASSED] - Call Test Case 'Test Cases/Mobile/Page/Portfolio/Portfolio' successfully

2022-01-07 09:29:12 - [TEST_STEP][PASSED] - callTestCase(findTestCase("Mobile/Page/Run App/Terminate App"), [:], STOP_ON_FAILURE): Call Test Case 'Test Cases/Mobile/Page/Run App/Terminate App' successfully

2022-01-07 09:29:12 - [TEST_CASE][PASSED] - Test Cases/Mobile/Page/Run App/Terminate App: Test Cases/Mobile/Page/Run App/Terminate App

2022-01-07 09:29:12 - [TEST_STEP][PASSED] - startApp.OpenApp.terminateApplication(): startApp.OpenApp.terminateApplication is PASSED

2022-01-07 09:29:15 - [MESSAGE][PASSED] - Delayed 3 second(s)

2022-01-07 09:29:15 - [MESSAGE][PASSED] - Current device physical width is 720

2022-01-07 09:29:16 - [MESSAGE][PASSED] - Current device physical height is 1423

2022-01-07 09:29:17 - [MESSAGE][PASSED] - Swiped from 360,853 to 360,142

2022-01-07 09:29:18 - [MESSAGE][PASSED] - Delayed 1 second(s)

2022-01-07 09:29:19 - [MESSAGE][PASSED] - Swiped from 360,853 to 360,142

2022-01-07 09:29:22 - [MESSAGE][PASSED] - Delayed 3 second(s)

2022-01-07 09:29:22 - [MESSAGE][PASSED] - startApp.OpenApp.terminateApplication is PASSED

2022-01-07 09:29:22 - [MESSAGE][PASSED] - Call Test Case 'Test Cases/Mobile/Page/Run App/Terminate App' successfully]]></system-out>
         <system-err><![CDATA[]]></system-err>
      </testcase>
      <testcase name="Test Cases/Mobile/Scenario/Portfolio/012 - Melihat list bond" time="53.815" classname="Test Cases/Mobile/Scenario/Portfolio/012 - Melihat list bond" status="PASSED">
         <system-out><![CDATA[2022-01-07 09:29:22 - [TEST_CASE][PASSED] - Test Cases/Mobile/Scenario/Portfolio/012 - Melihat list bond: Test Cases/Mobile/Scenario/Portfolio/012 - Melihat list bond

2022-01-07 09:29:23 - [TEST_STEP][PASSED] - callTestCase(findTestCase("Mobile/Page/Run App/Run App byID"), [:], STOP_ON_FAILURE): Call Test Case 'Test Cases/Mobile/Page/Run App/Run App byID' successfully

2022-01-07 09:29:23 - [TEST_CASE][PASSED] - Test Cases/Mobile/Page/Run App/Run App byID: Test Cases/Mobile/Page/Run App/Run App byID

2022-01-07 09:29:23 - [TEST_STEP][PASSED] - startApp.OpenApp.startApplication("id.co.miraeasset.sageclub"): startApp.OpenApp.startApplication is PASSED

2022-01-07 09:29:34 - [MESSAGE][PASSED] - Starting app with application ID: 'id.co.miraeasset.sageclub'

2022-01-07 09:29:34 - [MESSAGE][PASSED] - startApp.OpenApp.startApplication is PASSED

2022-01-07 09:29:34 - [MESSAGE][PASSED] - Call Test Case 'Test Cases/Mobile/Page/Run App/Run App byID' successfully

2022-01-07 09:29:34 - [TEST_STEP][PASSED] - callTestCase(findTestCase("Mobile/Page/Portfolio/Portfolio"), ["tab":"stock", "action":"none"], CONTINUE_ON_FAILURE): Call Test Case 'Test Cases/Mobile/Page/Portfolio/Portfolio' successfully

2022-01-07 09:29:34 - [TEST_CASE][PASSED] - Test Cases/Mobile/Page/Portfolio/Portfolio: Test Cases/Mobile/Page/Portfolio/Portfolio

2022-01-07 09:29:34 - [TEST_STEP][PASSED] - callTestCase(findTestCase("Mobile/Page/CheckLogin"), [:], CONTINUE_ON_FAILURE): Call Test Case 'Test Cases/Mobile/Page/CheckLogin' successfully

2022-01-07 09:29:35 - [TEST_CASE][PASSED] - Test Cases/Mobile/Page/CheckLogin: Test Cases/Mobile/Page/CheckLogin

2022-01-07 09:29:35 - [TEST_STEP][PASSED] - loginCheck = verifyElementExist(LOGN_BtnLogin, 5, CONTINUE_ON_FAILURE): Element 'Object Repository/Mobile/Page/Login/Button - Login' is exist

2022-01-07 09:29:36 - [MESSAGE][PASSED] - Element 'Object Repository/Mobile/Page/Login/Button - Login' is exist

2022-01-07 09:29:36 - [TEST_STEP][PASSED] - if (loginCheck): Call Test Case 'Test Cases/Mobile/Page/Login/Login' successfully

2022-01-07 09:29:36 - [TEST_STEP][PASSED] - callTestCase(findTestCase("Mobile/Page/Login/Login"), ["action":"username"], CONTINUE_ON_FAILURE): Call Test Case 'Test Cases/Mobile/Page/Login/Login' successfully

2022-01-07 09:29:37 - [TEST_CASE][PASSED] - Test Cases/Mobile/Page/Login/Login: Test Cases/Mobile/Page/Login/Login

2022-01-07 09:29:37 - [TEST_STEP][PASSED] - delay(2): Delayed 2 second(s)

2022-01-07 09:29:39 - [MESSAGE][PASSED] - Delayed 2 second(s)

2022-01-07 09:29:39 - [TEST_STEP][PASSED] - for ([i = 0, i < 1, (i++)]): null

2022-01-07 09:29:39 - [TEST_STEP][PASSED] - if (action == "username"): null

2022-01-07 09:29:39 - [TEST_STEP][PASSED] - tap(LOGN_EdtUserID, 0): Tapped on element 'Object Repository/Mobile/Page/Login/Input - UserID'

2022-01-07 09:29:39 - [MESSAGE][WARNING] - Timeout '0' is invalid. Using default page load timeout: '60'

2022-01-07 09:29:39 - [MESSAGE][PASSED] - Tapped on element 'Object Repository/Mobile/Page/Login/Input - UserID'

2022-01-07 09:29:39 - [TEST_STEP][PASSED] - delay(1): Delayed 1 second(s)

2022-01-07 09:29:40 - [MESSAGE][PASSED] - Delayed 1 second(s)

2022-01-07 09:29:40 - [TEST_STEP][PASSED] - setText(LOGN_EdtRdyUserID, "anggaaditya", 0): Text 'anggaaditya' has been set to element 'Object Repository/Mobile/Page/Login/Input Rdy - UserID'

2022-01-07 09:29:40 - [MESSAGE][WARNING] - Timeout '0' is invalid. Using default page load timeout: '60'

2022-01-07 09:29:41 - [MESSAGE][PASSED] - Text 'anggaaditya' has been set to element 'Object Repository/Mobile/Page/Login/Input Rdy - UserID'

2022-01-07 09:29:41 - [TEST_STEP][PASSED] - delay(1): Delayed 1 second(s)

2022-01-07 09:29:42 - [MESSAGE][PASSED] - Delayed 1 second(s)

2022-01-07 09:29:42 - [TEST_STEP][PASSED] - hideKeyboard(): Keyboard is hidden

2022-01-07 09:29:45 - [MESSAGE][PASSED] - Keyboard is hidden

2022-01-07 09:29:45 - [TEST_STEP][PASSED] - tap(LOGN_EdtPassword, 0): Tapped on element 'Object Repository/Mobile/Page/Login/Input - Password'

2022-01-07 09:29:45 - [MESSAGE][WARNING] - Timeout '0' is invalid. Using default page load timeout: '60'

2022-01-07 09:29:46 - [MESSAGE][PASSED] - Tapped on element 'Object Repository/Mobile/Page/Login/Input - Password'

2022-01-07 09:29:46 - [TEST_STEP][PASSED] - delay(1): Delayed 1 second(s)

2022-01-07 09:29:47 - [MESSAGE][PASSED] - Delayed 1 second(s)

2022-01-07 09:29:47 - [TEST_STEP][PASSED] - setText(LOGN_EdtRdyPassword, "Shalawa18", 0): Text 'Shalawa18' has been set to element 'Object Repository/Mobile/Page/Login/Input Rdy - Password'

2022-01-07 09:29:47 - [MESSAGE][WARNING] - Timeout '0' is invalid. Using default page load timeout: '60'

2022-01-07 09:29:47 - [MESSAGE][PASSED] - Text 'Shalawa18' has been set to element 'Object Repository/Mobile/Page/Login/Input Rdy - Password'

2022-01-07 09:29:47 - [TEST_STEP][PASSED] - delay(1): Delayed 1 second(s)

2022-01-07 09:29:48 - [MESSAGE][PASSED] - Delayed 1 second(s)

2022-01-07 09:29:48 - [TEST_STEP][PASSED] - hideKeyboard(): Keyboard is hidden

2022-01-07 09:29:54 - [MESSAGE][PASSED] - Keyboard is hidden

2022-01-07 09:29:54 - [TEST_STEP][PASSED] - tap(LOGN_BtnLogin, 0): Tapped on element 'Object Repository/Mobile/Page/Login/Button - Login'

2022-01-07 09:29:54 - [MESSAGE][WARNING] - Timeout '0' is invalid. Using default page load timeout: '60'

2022-01-07 09:29:55 - [MESSAGE][PASSED] - Tapped on element 'Object Repository/Mobile/Page/Login/Button - Login'

2022-01-07 09:29:55 - [TEST_STEP][PASSED] - delay(2): Delayed 2 second(s)

2022-01-07 09:29:57 - [MESSAGE][PASSED] - Delayed 2 second(s)

2022-01-07 09:29:57 - [TEST_STEP][PASSED] - break: null

2022-01-07 09:29:57 - [MESSAGE][PASSED] - Call Test Case 'Test Cases/Mobile/Page/Login/Login' successfully

2022-01-07 09:29:57 - [MESSAGE][PASSED] - Call Test Case 'Test Cases/Mobile/Page/CheckLogin' successfully

2022-01-07 09:29:57 - [TEST_STEP][PASSED] - tap(HOME_MenubarPortfolio, 0): Tapped on element 'Object Repository/Mobile/Page/Home/Menubar - Portfolio'

2022-01-07 09:29:57 - [MESSAGE][WARNING] - Timeout '0' is invalid. Using default page load timeout: '60'

2022-01-07 09:29:58 - [MESSAGE][PASSED] - Tapped on element 'Object Repository/Mobile/Page/Home/Menubar - Portfolio'

2022-01-07 09:29:58 - [TEST_STEP][PASSED] - delay(1): Delayed 1 second(s)

2022-01-07 09:30:00 - [MESSAGE][PASSED] - Delayed 1 second(s)

2022-01-07 09:30:00 - [TEST_STEP][PASSED] - for ([i = 0, i < 1, (i++)]): Delayed 3 second(s)

2022-01-07 09:30:00 - [TEST_STEP][PASSED] - if (tab == "summary"): null

2022-01-07 09:30:00 - [TEST_STEP][PASSED] - else if (tab == "stock"): Delayed 3 second(s)

2022-01-07 09:30:00 - [TEST_STEP][PASSED] - tap(PORT_TabStock, 0): Tapped on element 'Object Repository/Mobile/Page/Portfolio/Tab - Stock'

2022-01-07 09:30:00 - [MESSAGE][WARNING] - Timeout '0' is invalid. Using default page load timeout: '60'

2022-01-07 09:30:01 - [MESSAGE][PASSED] - Tapped on element 'Object Repository/Mobile/Page/Portfolio/Tab - Stock'

2022-01-07 09:30:01 - [TEST_STEP][PASSED] - scroll.scroll.scrollScreenBottomToTop(): scroll.scroll.scrollScreenBottomToTop is PASSED

2022-01-07 09:30:02 - [MESSAGE][PASSED] - Current device physical height is 1423

2022-01-07 09:30:02 - [MESSAGE][PASSED] - Current device physical width is 720

2022-01-07 09:30:03 - [MESSAGE][PASSED] - Swiped from 360,1,138 to 360,284

2022-01-07 09:30:03 - [MESSAGE][PASSED] - scroll.scroll.scrollScreenBottomToTop is PASSED

2022-01-07 09:30:03 - [TEST_STEP][PASSED] - delay(3): Delayed 3 second(s)

2022-01-07 09:30:06 - [MESSAGE][PASSED] - Delayed 3 second(s)

2022-01-07 09:30:06 - [MESSAGE][PASSED] - Call Test Case 'Test Cases/Mobile/Page/Portfolio/Portfolio' successfully

2022-01-07 09:30:06 - [TEST_STEP][PASSED] - callTestCase(findTestCase("Mobile/Page/Run App/Terminate App"), [:], STOP_ON_FAILURE): Call Test Case 'Test Cases/Mobile/Page/Run App/Terminate App' successfully

2022-01-07 09:30:06 - [TEST_CASE][PASSED] - Test Cases/Mobile/Page/Run App/Terminate App: Test Cases/Mobile/Page/Run App/Terminate App

2022-01-07 09:30:06 - [TEST_STEP][PASSED] - startApp.OpenApp.terminateApplication(): startApp.OpenApp.terminateApplication is PASSED

2022-01-07 09:30:09 - [MESSAGE][PASSED] - Delayed 3 second(s)

2022-01-07 09:30:09 - [MESSAGE][PASSED] - Current device physical width is 720

2022-01-07 09:30:10 - [MESSAGE][PASSED] - Current device physical height is 1423

2022-01-07 09:30:11 - [MESSAGE][PASSED] - Swiped from 360,853 to 360,142

2022-01-07 09:30:12 - [MESSAGE][PASSED] - Delayed 1 second(s)

2022-01-07 09:30:13 - [MESSAGE][PASSED] - Swiped from 360,853 to 360,142

2022-01-07 09:30:16 - [MESSAGE][PASSED] - Delayed 3 second(s)

2022-01-07 09:30:16 - [MESSAGE][PASSED] - startApp.OpenApp.terminateApplication is PASSED

2022-01-07 09:30:16 - [MESSAGE][PASSED] - Call Test Case 'Test Cases/Mobile/Page/Run App/Terminate App' successfully]]></system-out>
         <system-err><![CDATA[]]></system-err>
      </testcase>
      <testcase name="Test Cases/Mobile/Scenario/Portfolio/013 - Melihat detail mutual fund 1 month" time="62.915" classname="Test Cases/Mobile/Scenario/Portfolio/013 - Melihat detail mutual fund 1 month" status="PASSED">
         <system-out><![CDATA[2022-01-07 09:30:16 - [TEST_CASE][PASSED] - Test Cases/Mobile/Scenario/Portfolio/013 - Melihat detail mutual fund 1 month: Test Cases/Mobile/Scenario/Portfolio/013 - Melihat detail mutual fund 1 month

2022-01-07 09:30:16 - [TEST_STEP][PASSED] - callTestCase(findTestCase("Mobile/Page/Run App/Run App byID"), [:], STOP_ON_FAILURE): Call Test Case 'Test Cases/Mobile/Page/Run App/Run App byID' successfully

2022-01-07 09:30:16 - [TEST_CASE][PASSED] - Test Cases/Mobile/Page/Run App/Run App byID: Test Cases/Mobile/Page/Run App/Run App byID

2022-01-07 09:30:16 - [TEST_STEP][PASSED] - startApp.OpenApp.startApplication("id.co.miraeasset.sageclub"): startApp.OpenApp.startApplication is PASSED

2022-01-07 09:30:28 - [MESSAGE][PASSED] - Starting app with application ID: 'id.co.miraeasset.sageclub'

2022-01-07 09:30:28 - [MESSAGE][PASSED] - startApp.OpenApp.startApplication is PASSED

2022-01-07 09:30:28 - [MESSAGE][PASSED] - Call Test Case 'Test Cases/Mobile/Page/Run App/Run App byID' successfully

2022-01-07 09:30:28 - [TEST_STEP][PASSED] - callTestCase(findTestCase("Mobile/Page/Portfolio/Portfolio"), ["tab":"mutualfund", "action2":"1 month"], CONTINUE_ON_FAILURE): Call Test Case 'Test Cases/Mobile/Page/Portfolio/Portfolio' successfully

2022-01-07 09:30:28 - [TEST_CASE][PASSED] - Test Cases/Mobile/Page/Portfolio/Portfolio: Test Cases/Mobile/Page/Portfolio/Portfolio

2022-01-07 09:30:28 - [TEST_STEP][PASSED] - callTestCase(findTestCase("Mobile/Page/CheckLogin"), [:], CONTINUE_ON_FAILURE): Call Test Case 'Test Cases/Mobile/Page/CheckLogin' successfully

2022-01-07 09:30:28 - [TEST_CASE][PASSED] - Test Cases/Mobile/Page/CheckLogin: Test Cases/Mobile/Page/CheckLogin

2022-01-07 09:30:28 - [TEST_STEP][PASSED] - loginCheck = verifyElementExist(LOGN_BtnLogin, 5, CONTINUE_ON_FAILURE): Element 'Object Repository/Mobile/Page/Login/Button - Login' is exist

2022-01-07 09:30:30 - [MESSAGE][PASSED] - Element 'Object Repository/Mobile/Page/Login/Button - Login' is exist

2022-01-07 09:30:30 - [TEST_STEP][PASSED] - if (loginCheck): Call Test Case 'Test Cases/Mobile/Page/Login/Login' successfully

2022-01-07 09:30:30 - [TEST_STEP][PASSED] - callTestCase(findTestCase("Mobile/Page/Login/Login"), ["action":"username"], CONTINUE_ON_FAILURE): Call Test Case 'Test Cases/Mobile/Page/Login/Login' successfully

2022-01-07 09:30:30 - [TEST_CASE][PASSED] - Test Cases/Mobile/Page/Login/Login: Test Cases/Mobile/Page/Login/Login

2022-01-07 09:30:30 - [TEST_STEP][PASSED] - delay(2): Delayed 2 second(s)

2022-01-07 09:30:32 - [MESSAGE][PASSED] - Delayed 2 second(s)

2022-01-07 09:30:32 - [TEST_STEP][PASSED] - for ([i = 0, i < 1, (i++)]): null

2022-01-07 09:30:32 - [TEST_STEP][PASSED] - if (action == "username"): null

2022-01-07 09:30:32 - [TEST_STEP][PASSED] - tap(LOGN_EdtUserID, 0): Tapped on element 'Object Repository/Mobile/Page/Login/Input - UserID'

2022-01-07 09:30:32 - [MESSAGE][WARNING] - Timeout '0' is invalid. Using default page load timeout: '60'

2022-01-07 09:30:33 - [MESSAGE][PASSED] - Tapped on element 'Object Repository/Mobile/Page/Login/Input - UserID'

2022-01-07 09:30:33 - [TEST_STEP][PASSED] - delay(1): Delayed 1 second(s)

2022-01-07 09:30:34 - [MESSAGE][PASSED] - Delayed 1 second(s)

2022-01-07 09:30:34 - [TEST_STEP][PASSED] - setText(LOGN_EdtRdyUserID, "anggaaditya", 0): Text 'anggaaditya' has been set to element 'Object Repository/Mobile/Page/Login/Input Rdy - UserID'

2022-01-07 09:30:34 - [MESSAGE][WARNING] - Timeout '0' is invalid. Using default page load timeout: '60'

2022-01-07 09:30:34 - [MESSAGE][PASSED] - Text 'anggaaditya' has been set to element 'Object Repository/Mobile/Page/Login/Input Rdy - UserID'

2022-01-07 09:30:34 - [TEST_STEP][PASSED] - delay(1): Delayed 1 second(s)

2022-01-07 09:30:35 - [MESSAGE][PASSED] - Delayed 1 second(s)

2022-01-07 09:30:35 - [TEST_STEP][PASSED] - hideKeyboard(): Keyboard is hidden

2022-01-07 09:30:39 - [MESSAGE][PASSED] - Keyboard is hidden

2022-01-07 09:30:39 - [TEST_STEP][PASSED] - tap(LOGN_EdtPassword, 0): Tapped on element 'Object Repository/Mobile/Page/Login/Input - Password'

2022-01-07 09:30:39 - [MESSAGE][WARNING] - Timeout '0' is invalid. Using default page load timeout: '60'

2022-01-07 09:30:39 - [MESSAGE][PASSED] - Tapped on element 'Object Repository/Mobile/Page/Login/Input - Password'

2022-01-07 09:30:39 - [TEST_STEP][PASSED] - delay(1): Delayed 1 second(s)

2022-01-07 09:30:40 - [MESSAGE][PASSED] - Delayed 1 second(s)

2022-01-07 09:30:40 - [TEST_STEP][PASSED] - setText(LOGN_EdtRdyPassword, "Shalawa18", 0): Text 'Shalawa18' has been set to element 'Object Repository/Mobile/Page/Login/Input Rdy - Password'

2022-01-07 09:30:40 - [MESSAGE][WARNING] - Timeout '0' is invalid. Using default page load timeout: '60'

2022-01-07 09:30:41 - [MESSAGE][PASSED] - Text 'Shalawa18' has been set to element 'Object Repository/Mobile/Page/Login/Input Rdy - Password'

2022-01-07 09:30:41 - [TEST_STEP][PASSED] - delay(1): Delayed 1 second(s)

2022-01-07 09:30:42 - [MESSAGE][PASSED] - Delayed 1 second(s)

2022-01-07 09:30:42 - [TEST_STEP][PASSED] - hideKeyboard(): Keyboard is hidden

2022-01-07 09:30:48 - [MESSAGE][PASSED] - Keyboard is hidden

2022-01-07 09:30:48 - [TEST_STEP][PASSED] - tap(LOGN_BtnLogin, 0): Tapped on element 'Object Repository/Mobile/Page/Login/Button - Login'

2022-01-07 09:30:48 - [MESSAGE][WARNING] - Timeout '0' is invalid. Using default page load timeout: '60'

2022-01-07 09:30:49 - [MESSAGE][PASSED] - Tapped on element 'Object Repository/Mobile/Page/Login/Button - Login'

2022-01-07 09:30:49 - [TEST_STEP][PASSED] - delay(2): Delayed 2 second(s)

2022-01-07 09:30:51 - [MESSAGE][PASSED] - Delayed 2 second(s)

2022-01-07 09:30:51 - [TEST_STEP][PASSED] - break: null

2022-01-07 09:30:51 - [MESSAGE][PASSED] - Call Test Case 'Test Cases/Mobile/Page/Login/Login' successfully

2022-01-07 09:30:51 - [MESSAGE][PASSED] - Call Test Case 'Test Cases/Mobile/Page/CheckLogin' successfully

2022-01-07 09:30:51 - [TEST_STEP][PASSED] - tap(HOME_MenubarPortfolio, 0): Tapped on element 'Object Repository/Mobile/Page/Home/Menubar - Portfolio'

2022-01-07 09:30:51 - [MESSAGE][WARNING] - Timeout '0' is invalid. Using default page load timeout: '60'

2022-01-07 09:30:53 - [MESSAGE][PASSED] - Tapped on element 'Object Repository/Mobile/Page/Home/Menubar - Portfolio'

2022-01-07 09:30:53 - [TEST_STEP][PASSED] - delay(1): Delayed 1 second(s)

2022-01-07 09:30:54 - [MESSAGE][PASSED] - Delayed 1 second(s)

2022-01-07 09:30:54 - [TEST_STEP][PASSED] - for ([i = 0, i < 1, (i++)]): scroll.scroll.scrollScreenBottomToTop is PASSED

2022-01-07 09:30:54 - [TEST_STEP][PASSED] - if (tab == "summary"): null

2022-01-07 09:30:54 - [TEST_STEP][PASSED] - else if (tab == "stock"): null

2022-01-07 09:30:54 - [TEST_STEP][PASSED] - else if (tab == "mutualfund"): scroll.scroll.scrollScreenBottomToTop is PASSED

2022-01-07 09:30:54 - [TEST_STEP][PASSED] - tap(PORT_TabMutualFund, 0): Tapped on element 'Object Repository/Mobile/Page/Portfolio/Tab - Mutual Fund'

2022-01-07 09:30:54 - [MESSAGE][WARNING] - Timeout '0' is invalid. Using default page load timeout: '60'

2022-01-07 09:30:55 - [MESSAGE][PASSED] - Tapped on element 'Object Repository/Mobile/Page/Portfolio/Tab - Mutual Fund'

2022-01-07 09:30:55 - [TEST_STEP][PASSED] - delay(1): Delayed 1 second(s)

2022-01-07 09:30:56 - [MESSAGE][PASSED] - Delayed 1 second(s)

2022-01-07 09:30:56 - [TEST_STEP][PASSED] - try: scroll.scroll.scrollScreenBottomToTop is PASSED

2022-01-07 09:30:56 - [TEST_STEP][PASSED] - tapAndHold(PORT_ItemTopMutualFund, 1, 10): Tapped and held on element 'Object Repository/Mobile/Page/Portfolio/Item - Top Mutual Fund' with duration 1

2022-01-07 09:30:59 - [MESSAGE][PASSED] - Tapped and held on element 'Object Repository/Mobile/Page/Portfolio/Item - Top Mutual Fund' with duration 1

2022-01-07 09:30:59 - [TEST_STEP][PASSED] - delay(2): Delayed 2 second(s)

2022-01-07 09:31:01 - [MESSAGE][PASSED] - Delayed 2 second(s)

2022-01-07 09:31:01 - [TEST_STEP][PASSED] - switch (action2): null

2022-01-07 09:31:01 - [TEST_STEP][PASSED] - case "1 month":: null

2022-01-07 09:31:01 - [TEST_STEP][PASSED] - tapAndHold(PORT_DETL_Btn1Month, 1, 0): Tapped and held on element 'Object Repository/Mobile/Page/Portfolio/Detail Mutual Funds/Button - 1 Month' with duration 1

2022-01-07 09:31:01 - [MESSAGE][WARNING] - Timeout '0' is invalid. Using default page load timeout: '60'

2022-01-07 09:31:04 - [MESSAGE][PASSED] - Tapped and held on element 'Object Repository/Mobile/Page/Portfolio/Detail Mutual Funds/Button - 1 Month' with duration 1

2022-01-07 09:31:04 - [TEST_STEP][PASSED] - break: null

2022-01-07 09:31:04 - [TEST_STEP][PASSED] - delay(3): Delayed 3 second(s)

2022-01-07 09:31:07 - [MESSAGE][PASSED] - Delayed 3 second(s)

2022-01-07 09:31:07 - [TEST_STEP][PASSED] - scroll.scroll.scrollScreenBottomToTop(): scroll.scroll.scrollScreenBottomToTop is PASSED

2022-01-07 09:31:07 - [MESSAGE][PASSED] - Current device physical height is 1423

2022-01-07 09:31:08 - [MESSAGE][PASSED] - Current device physical width is 720

2022-01-07 09:31:09 - [MESSAGE][PASSED] - Swiped from 360,1,138 to 360,284

2022-01-07 09:31:09 - [MESSAGE][PASSED] - scroll.scroll.scrollScreenBottomToTop is PASSED

2022-01-07 09:31:09 - [MESSAGE][PASSED] - Call Test Case 'Test Cases/Mobile/Page/Portfolio/Portfolio' successfully

2022-01-07 09:31:09 - [TEST_STEP][PASSED] - callTestCase(findTestCase("Mobile/Page/Run App/Terminate App"), [:], STOP_ON_FAILURE): Call Test Case 'Test Cases/Mobile/Page/Run App/Terminate App' successfully

2022-01-07 09:31:09 - [TEST_CASE][PASSED] - Test Cases/Mobile/Page/Run App/Terminate App: Test Cases/Mobile/Page/Run App/Terminate App

2022-01-07 09:31:09 - [TEST_STEP][PASSED] - startApp.OpenApp.terminateApplication(): startApp.OpenApp.terminateApplication is PASSED

2022-01-07 09:31:12 - [MESSAGE][PASSED] - Delayed 3 second(s)

2022-01-07 09:31:12 - [MESSAGE][PASSED] - Current device physical width is 720

2022-01-07 09:31:12 - [MESSAGE][PASSED] - Current device physical height is 1423

2022-01-07 09:31:14 - [MESSAGE][PASSED] - Swiped from 360,853 to 360,142

2022-01-07 09:31:15 - [MESSAGE][PASSED] - Delayed 1 second(s)

2022-01-07 09:31:16 - [MESSAGE][PASSED] - Swiped from 360,853 to 360,142

2022-01-07 09:31:19 - [MESSAGE][PASSED] - Delayed 3 second(s)

2022-01-07 09:31:19 - [MESSAGE][PASSED] - startApp.OpenApp.terminateApplication is PASSED

2022-01-07 09:31:19 - [MESSAGE][PASSED] - Call Test Case 'Test Cases/Mobile/Page/Run App/Terminate App' successfully]]></system-out>
         <system-err><![CDATA[]]></system-err>
      </testcase>
      <testcase name="Test Cases/Mobile/Scenario/Portfolio/014 - Melihat detail mutual fund 3 month" time="61.83" classname="Test Cases/Mobile/Scenario/Portfolio/014 - Melihat detail mutual fund 3 month" status="PASSED">
         <system-out><![CDATA[2022-01-07 09:31:19 - [TEST_CASE][PASSED] - Test Cases/Mobile/Scenario/Portfolio/014 - Melihat detail mutual fund 3 month: Test Cases/Mobile/Scenario/Portfolio/014 - Melihat detail mutual fund 3 month

2022-01-07 09:31:19 - [TEST_STEP][PASSED] - callTestCase(findTestCase("Mobile/Page/Run App/Run App byID"), [:], STOP_ON_FAILURE): Call Test Case 'Test Cases/Mobile/Page/Run App/Run App byID' successfully

2022-01-07 09:31:19 - [TEST_CASE][PASSED] - Test Cases/Mobile/Page/Run App/Run App byID: Test Cases/Mobile/Page/Run App/Run App byID

2022-01-07 09:31:19 - [TEST_STEP][PASSED] - startApp.OpenApp.startApplication("id.co.miraeasset.sageclub"): startApp.OpenApp.startApplication is PASSED

2022-01-07 09:31:31 - [MESSAGE][PASSED] - Starting app with application ID: 'id.co.miraeasset.sageclub'

2022-01-07 09:31:31 - [MESSAGE][PASSED] - startApp.OpenApp.startApplication is PASSED

2022-01-07 09:31:31 - [MESSAGE][PASSED] - Call Test Case 'Test Cases/Mobile/Page/Run App/Run App byID' successfully

2022-01-07 09:31:31 - [TEST_STEP][PASSED] - callTestCase(findTestCase("Mobile/Page/Portfolio/Portfolio"), ["tab":"mutualfund", "action2":"3 month"], CONTINUE_ON_FAILURE): Call Test Case 'Test Cases/Mobile/Page/Portfolio/Portfolio' successfully

2022-01-07 09:31:31 - [TEST_CASE][PASSED] - Test Cases/Mobile/Page/Portfolio/Portfolio: Test Cases/Mobile/Page/Portfolio/Portfolio

2022-01-07 09:31:31 - [TEST_STEP][PASSED] - callTestCase(findTestCase("Mobile/Page/CheckLogin"), [:], CONTINUE_ON_FAILURE): Call Test Case 'Test Cases/Mobile/Page/CheckLogin' successfully

2022-01-07 09:31:31 - [TEST_CASE][PASSED] - Test Cases/Mobile/Page/CheckLogin: Test Cases/Mobile/Page/CheckLogin

2022-01-07 09:31:31 - [TEST_STEP][PASSED] - loginCheck = verifyElementExist(LOGN_BtnLogin, 5, CONTINUE_ON_FAILURE): Element 'Object Repository/Mobile/Page/Login/Button - Login' is exist

2022-01-07 09:31:33 - [MESSAGE][PASSED] - Element 'Object Repository/Mobile/Page/Login/Button - Login' is exist

2022-01-07 09:31:33 - [TEST_STEP][PASSED] - if (loginCheck): Call Test Case 'Test Cases/Mobile/Page/Login/Login' successfully

2022-01-07 09:31:33 - [TEST_STEP][PASSED] - callTestCase(findTestCase("Mobile/Page/Login/Login"), ["action":"username"], CONTINUE_ON_FAILURE): Call Test Case 'Test Cases/Mobile/Page/Login/Login' successfully

2022-01-07 09:31:33 - [TEST_CASE][PASSED] - Test Cases/Mobile/Page/Login/Login: Test Cases/Mobile/Page/Login/Login

2022-01-07 09:31:33 - [TEST_STEP][PASSED] - delay(2): Delayed 2 second(s)

2022-01-07 09:31:35 - [MESSAGE][PASSED] - Delayed 2 second(s)

2022-01-07 09:31:35 - [TEST_STEP][PASSED] - for ([i = 0, i < 1, (i++)]): null

2022-01-07 09:31:35 - [TEST_STEP][PASSED] - if (action == "username"): null

2022-01-07 09:31:35 - [TEST_STEP][PASSED] - tap(LOGN_EdtUserID, 0): Tapped on element 'Object Repository/Mobile/Page/Login/Input - UserID'

2022-01-07 09:31:35 - [MESSAGE][WARNING] - Timeout '0' is invalid. Using default page load timeout: '60'

2022-01-07 09:31:35 - [MESSAGE][PASSED] - Tapped on element 'Object Repository/Mobile/Page/Login/Input - UserID'

2022-01-07 09:31:35 - [TEST_STEP][PASSED] - delay(1): Delayed 1 second(s)

2022-01-07 09:31:36 - [MESSAGE][PASSED] - Delayed 1 second(s)

2022-01-07 09:31:36 - [TEST_STEP][PASSED] - setText(LOGN_EdtRdyUserID, "anggaaditya", 0): Text 'anggaaditya' has been set to element 'Object Repository/Mobile/Page/Login/Input Rdy - UserID'

2022-01-07 09:31:36 - [MESSAGE][WARNING] - Timeout '0' is invalid. Using default page load timeout: '60'

2022-01-07 09:31:37 - [MESSAGE][PASSED] - Text 'anggaaditya' has been set to element 'Object Repository/Mobile/Page/Login/Input Rdy - UserID'

2022-01-07 09:31:37 - [TEST_STEP][PASSED] - delay(1): Delayed 1 second(s)

2022-01-07 09:31:38 - [MESSAGE][PASSED] - Delayed 1 second(s)

2022-01-07 09:31:38 - [TEST_STEP][PASSED] - hideKeyboard(): Keyboard is hidden

2022-01-07 09:31:42 - [MESSAGE][PASSED] - Keyboard is hidden

2022-01-07 09:31:42 - [TEST_STEP][PASSED] - tap(LOGN_EdtPassword, 0): Tapped on element 'Object Repository/Mobile/Page/Login/Input - Password'

2022-01-07 09:31:42 - [MESSAGE][WARNING] - Timeout '0' is invalid. Using default page load timeout: '60'

2022-01-07 09:31:42 - [MESSAGE][PASSED] - Tapped on element 'Object Repository/Mobile/Page/Login/Input - Password'

2022-01-07 09:31:42 - [TEST_STEP][PASSED] - delay(1): Delayed 1 second(s)

2022-01-07 09:31:43 - [MESSAGE][PASSED] - Delayed 1 second(s)

2022-01-07 09:31:43 - [TEST_STEP][PASSED] - setText(LOGN_EdtRdyPassword, "Shalawa18", 0): Text 'Shalawa18' has been set to element 'Object Repository/Mobile/Page/Login/Input Rdy - Password'

2022-01-07 09:31:43 - [MESSAGE][WARNING] - Timeout '0' is invalid. Using default page load timeout: '60'

2022-01-07 09:31:43 - [MESSAGE][PASSED] - Text 'Shalawa18' has been set to element 'Object Repository/Mobile/Page/Login/Input Rdy - Password'

2022-01-07 09:31:43 - [TEST_STEP][PASSED] - delay(1): Delayed 1 second(s)

2022-01-07 09:31:44 - [MESSAGE][PASSED] - Delayed 1 second(s)

2022-01-07 09:31:44 - [TEST_STEP][PASSED] - hideKeyboard(): Keyboard is hidden

2022-01-07 09:31:51 - [MESSAGE][PASSED] - Keyboard is hidden

2022-01-07 09:31:51 - [TEST_STEP][PASSED] - tap(LOGN_BtnLogin, 0): Tapped on element 'Object Repository/Mobile/Page/Login/Button - Login'

2022-01-07 09:31:51 - [MESSAGE][WARNING] - Timeout '0' is invalid. Using default page load timeout: '60'

2022-01-07 09:31:51 - [MESSAGE][PASSED] - Tapped on element 'Object Repository/Mobile/Page/Login/Button - Login'

2022-01-07 09:31:51 - [TEST_STEP][PASSED] - delay(2): Delayed 2 second(s)

2022-01-07 09:31:53 - [MESSAGE][PASSED] - Delayed 2 second(s)

2022-01-07 09:31:53 - [TEST_STEP][PASSED] - break: null

2022-01-07 09:31:53 - [MESSAGE][PASSED] - Call Test Case 'Test Cases/Mobile/Page/Login/Login' successfully

2022-01-07 09:31:53 - [MESSAGE][PASSED] - Call Test Case 'Test Cases/Mobile/Page/CheckLogin' successfully

2022-01-07 09:31:53 - [TEST_STEP][PASSED] - tap(HOME_MenubarPortfolio, 0): Tapped on element 'Object Repository/Mobile/Page/Home/Menubar - Portfolio'

2022-01-07 09:31:53 - [MESSAGE][WARNING] - Timeout '0' is invalid. Using default page load timeout: '60'

2022-01-07 09:31:55 - [MESSAGE][PASSED] - Tapped on element 'Object Repository/Mobile/Page/Home/Menubar - Portfolio'

2022-01-07 09:31:55 - [TEST_STEP][PASSED] - delay(1): Delayed 1 second(s)

2022-01-07 09:31:56 - [MESSAGE][PASSED] - Delayed 1 second(s)

2022-01-07 09:31:56 - [TEST_STEP][PASSED] - for ([i = 0, i < 1, (i++)]): scroll.scroll.scrollScreenBottomToTop is PASSED

2022-01-07 09:31:56 - [TEST_STEP][PASSED] - if (tab == "summary"): null

2022-01-07 09:31:56 - [TEST_STEP][PASSED] - else if (tab == "stock"): null

2022-01-07 09:31:56 - [TEST_STEP][PASSED] - else if (tab == "mutualfund"): scroll.scroll.scrollScreenBottomToTop is PASSED

2022-01-07 09:31:56 - [TEST_STEP][PASSED] - tap(PORT_TabMutualFund, 0): Tapped on element 'Object Repository/Mobile/Page/Portfolio/Tab - Mutual Fund'

2022-01-07 09:31:56 - [MESSAGE][WARNING] - Timeout '0' is invalid. Using default page load timeout: '60'

2022-01-07 09:31:57 - [MESSAGE][PASSED] - Tapped on element 'Object Repository/Mobile/Page/Portfolio/Tab - Mutual Fund'

2022-01-07 09:31:57 - [TEST_STEP][PASSED] - delay(1): Delayed 1 second(s)

2022-01-07 09:31:58 - [MESSAGE][PASSED] - Delayed 1 second(s)

2022-01-07 09:31:58 - [TEST_STEP][PASSED] - try: scroll.scroll.scrollScreenBottomToTop is PASSED

2022-01-07 09:31:58 - [TEST_STEP][PASSED] - tapAndHold(PORT_ItemTopMutualFund, 1, 10): Tapped and held on element 'Object Repository/Mobile/Page/Portfolio/Item - Top Mutual Fund' with duration 1

2022-01-07 09:32:01 - [MESSAGE][PASSED] - Tapped and held on element 'Object Repository/Mobile/Page/Portfolio/Item - Top Mutual Fund' with duration 1

2022-01-07 09:32:01 - [TEST_STEP][PASSED] - delay(2): Delayed 2 second(s)

2022-01-07 09:32:03 - [MESSAGE][PASSED] - Delayed 2 second(s)

2022-01-07 09:32:03 - [TEST_STEP][PASSED] - switch (action2): null

2022-01-07 09:32:03 - [TEST_STEP][PASSED] - case "3 month":: null

2022-01-07 09:32:03 - [TEST_STEP][PASSED] - tapAndHold(PORT_DETL_Btn3Month, 1, 0): Tapped and held on element 'Object Repository/Mobile/Page/Portfolio/Detail Mutual Funds/Button - 3 Month' with duration 1

2022-01-07 09:32:03 - [MESSAGE][WARNING] - Timeout '0' is invalid. Using default page load timeout: '60'

2022-01-07 09:32:06 - [MESSAGE][PASSED] - Tapped and held on element 'Object Repository/Mobile/Page/Portfolio/Detail Mutual Funds/Button - 3 Month' with duration 1

2022-01-07 09:32:06 - [TEST_STEP][PASSED] - break: null

2022-01-07 09:32:06 - [TEST_STEP][PASSED] - delay(3): Delayed 3 second(s)

2022-01-07 09:32:09 - [MESSAGE][PASSED] - Delayed 3 second(s)

2022-01-07 09:32:09 - [TEST_STEP][PASSED] - scroll.scroll.scrollScreenBottomToTop(): scroll.scroll.scrollScreenBottomToTop is PASSED

2022-01-07 09:32:09 - [MESSAGE][PASSED] - Current device physical height is 1423

2022-01-07 09:32:10 - [MESSAGE][PASSED] - Current device physical width is 720

2022-01-07 09:32:11 - [MESSAGE][PASSED] - Swiped from 360,1,138 to 360,284

2022-01-07 09:32:11 - [MESSAGE][PASSED] - scroll.scroll.scrollScreenBottomToTop is PASSED

2022-01-07 09:32:11 - [MESSAGE][PASSED] - Call Test Case 'Test Cases/Mobile/Page/Portfolio/Portfolio' successfully

2022-01-07 09:32:11 - [TEST_STEP][PASSED] - callTestCase(findTestCase("Mobile/Page/Run App/Terminate App"), [:], STOP_ON_FAILURE): Call Test Case 'Test Cases/Mobile/Page/Run App/Terminate App' successfully

2022-01-07 09:32:11 - [TEST_CASE][PASSED] - Test Cases/Mobile/Page/Run App/Terminate App: Test Cases/Mobile/Page/Run App/Terminate App

2022-01-07 09:32:11 - [TEST_STEP][PASSED] - startApp.OpenApp.terminateApplication(): startApp.OpenApp.terminateApplication is PASSED

2022-01-07 09:32:14 - [MESSAGE][PASSED] - Delayed 3 second(s)

2022-01-07 09:32:14 - [MESSAGE][PASSED] - Current device physical width is 720

2022-01-07 09:32:14 - [MESSAGE][PASSED] - Current device physical height is 1423

2022-01-07 09:32:16 - [MESSAGE][PASSED] - Swiped from 360,853 to 360,142

2022-01-07 09:32:17 - [MESSAGE][PASSED] - Delayed 1 second(s)

2022-01-07 09:32:18 - [MESSAGE][PASSED] - Swiped from 360,853 to 360,142

2022-01-07 09:32:21 - [MESSAGE][PASSED] - Delayed 3 second(s)

2022-01-07 09:32:21 - [MESSAGE][PASSED] - startApp.OpenApp.terminateApplication is PASSED

2022-01-07 09:32:21 - [MESSAGE][PASSED] - Call Test Case 'Test Cases/Mobile/Page/Run App/Terminate App' successfully]]></system-out>
         <system-err><![CDATA[]]></system-err>
      </testcase>
      <testcase name="Test Cases/Mobile/Scenario/Portfolio/015 - Melihat detail mutual fund 6 month" time="61.607" classname="Test Cases/Mobile/Scenario/Portfolio/015 - Melihat detail mutual fund 6 month" status="PASSED">
         <system-out><![CDATA[2022-01-07 09:32:21 - [TEST_CASE][PASSED] - Test Cases/Mobile/Scenario/Portfolio/015 - Melihat detail mutual fund 6 month: Test Cases/Mobile/Scenario/Portfolio/015 - Melihat detail mutual fund 6 month

2022-01-07 09:32:21 - [TEST_STEP][PASSED] - callTestCase(findTestCase("Mobile/Page/Run App/Run App byID"), [:], STOP_ON_FAILURE): Call Test Case 'Test Cases/Mobile/Page/Run App/Run App byID' successfully

2022-01-07 09:32:21 - [TEST_CASE][PASSED] - Test Cases/Mobile/Page/Run App/Run App byID: Test Cases/Mobile/Page/Run App/Run App byID

2022-01-07 09:32:21 - [TEST_STEP][PASSED] - startApp.OpenApp.startApplication("id.co.miraeasset.sageclub"): startApp.OpenApp.startApplication is PASSED

2022-01-07 09:32:33 - [MESSAGE][PASSED] - Starting app with application ID: 'id.co.miraeasset.sageclub'

2022-01-07 09:32:33 - [MESSAGE][PASSED] - startApp.OpenApp.startApplication is PASSED

2022-01-07 09:32:33 - [MESSAGE][PASSED] - Call Test Case 'Test Cases/Mobile/Page/Run App/Run App byID' successfully

2022-01-07 09:32:33 - [TEST_STEP][PASSED] - callTestCase(findTestCase("Mobile/Page/Portfolio/Portfolio"), ["tab":"mutualfund", "action2":"6 month"], CONTINUE_ON_FAILURE): Call Test Case 'Test Cases/Mobile/Page/Portfolio/Portfolio' successfully

2022-01-07 09:32:33 - [TEST_CASE][PASSED] - Test Cases/Mobile/Page/Portfolio/Portfolio: Test Cases/Mobile/Page/Portfolio/Portfolio

2022-01-07 09:32:33 - [TEST_STEP][PASSED] - callTestCase(findTestCase("Mobile/Page/CheckLogin"), [:], CONTINUE_ON_FAILURE): Call Test Case 'Test Cases/Mobile/Page/CheckLogin' successfully

2022-01-07 09:32:33 - [TEST_CASE][PASSED] - Test Cases/Mobile/Page/CheckLogin: Test Cases/Mobile/Page/CheckLogin

2022-01-07 09:32:33 - [TEST_STEP][PASSED] - loginCheck = verifyElementExist(LOGN_BtnLogin, 5, CONTINUE_ON_FAILURE): Element 'Object Repository/Mobile/Page/Login/Button - Login' is exist

2022-01-07 09:32:35 - [MESSAGE][PASSED] - Element 'Object Repository/Mobile/Page/Login/Button - Login' is exist

2022-01-07 09:32:35 - [TEST_STEP][PASSED] - if (loginCheck): Call Test Case 'Test Cases/Mobile/Page/Login/Login' successfully

2022-01-07 09:32:35 - [TEST_STEP][PASSED] - callTestCase(findTestCase("Mobile/Page/Login/Login"), ["action":"username"], CONTINUE_ON_FAILURE): Call Test Case 'Test Cases/Mobile/Page/Login/Login' successfully

2022-01-07 09:32:35 - [TEST_CASE][PASSED] - Test Cases/Mobile/Page/Login/Login: Test Cases/Mobile/Page/Login/Login

2022-01-07 09:32:35 - [TEST_STEP][PASSED] - delay(2): Delayed 2 second(s)

2022-01-07 09:32:37 - [MESSAGE][PASSED] - Delayed 2 second(s)

2022-01-07 09:32:37 - [TEST_STEP][PASSED] - for ([i = 0, i < 1, (i++)]): null

2022-01-07 09:32:37 - [TEST_STEP][PASSED] - if (action == "username"): null

2022-01-07 09:32:37 - [TEST_STEP][PASSED] - tap(LOGN_EdtUserID, 0): Tapped on element 'Object Repository/Mobile/Page/Login/Input - UserID'

2022-01-07 09:32:37 - [MESSAGE][WARNING] - Timeout '0' is invalid. Using default page load timeout: '60'

2022-01-07 09:32:37 - [MESSAGE][PASSED] - Tapped on element 'Object Repository/Mobile/Page/Login/Input - UserID'

2022-01-07 09:32:37 - [TEST_STEP][PASSED] - delay(1): Delayed 1 second(s)

2022-01-07 09:32:38 - [MESSAGE][PASSED] - Delayed 1 second(s)

2022-01-07 09:32:38 - [TEST_STEP][PASSED] - setText(LOGN_EdtRdyUserID, "anggaaditya", 0): Text 'anggaaditya' has been set to element 'Object Repository/Mobile/Page/Login/Input Rdy - UserID'

2022-01-07 09:32:38 - [MESSAGE][WARNING] - Timeout '0' is invalid. Using default page load timeout: '60'

2022-01-07 09:32:39 - [MESSAGE][PASSED] - Text 'anggaaditya' has been set to element 'Object Repository/Mobile/Page/Login/Input Rdy - UserID'

2022-01-07 09:32:39 - [TEST_STEP][PASSED] - delay(1): Delayed 1 second(s)

2022-01-07 09:32:40 - [MESSAGE][PASSED] - Delayed 1 second(s)

2022-01-07 09:32:40 - [TEST_STEP][PASSED] - hideKeyboard(): Keyboard is hidden

2022-01-07 09:32:43 - [MESSAGE][PASSED] - Keyboard is hidden

2022-01-07 09:32:43 - [TEST_STEP][PASSED] - tap(LOGN_EdtPassword, 0): Tapped on element 'Object Repository/Mobile/Page/Login/Input - Password'

2022-01-07 09:32:43 - [MESSAGE][WARNING] - Timeout '0' is invalid. Using default page load timeout: '60'

2022-01-07 09:32:44 - [MESSAGE][PASSED] - Tapped on element 'Object Repository/Mobile/Page/Login/Input - Password'

2022-01-07 09:32:44 - [TEST_STEP][PASSED] - delay(1): Delayed 1 second(s)

2022-01-07 09:32:45 - [MESSAGE][PASSED] - Delayed 1 second(s)

2022-01-07 09:32:45 - [TEST_STEP][PASSED] - setText(LOGN_EdtRdyPassword, "Shalawa18", 0): Text 'Shalawa18' has been set to element 'Object Repository/Mobile/Page/Login/Input Rdy - Password'

2022-01-07 09:32:45 - [MESSAGE][WARNING] - Timeout '0' is invalid. Using default page load timeout: '60'

2022-01-07 09:32:45 - [MESSAGE][PASSED] - Text 'Shalawa18' has been set to element 'Object Repository/Mobile/Page/Login/Input Rdy - Password'

2022-01-07 09:32:45 - [TEST_STEP][PASSED] - delay(1): Delayed 1 second(s)

2022-01-07 09:32:46 - [MESSAGE][PASSED] - Delayed 1 second(s)

2022-01-07 09:32:46 - [TEST_STEP][PASSED] - hideKeyboard(): Keyboard is hidden

2022-01-07 09:32:52 - [MESSAGE][PASSED] - Keyboard is hidden

2022-01-07 09:32:52 - [TEST_STEP][PASSED] - tap(LOGN_BtnLogin, 0): Tapped on element 'Object Repository/Mobile/Page/Login/Button - Login'

2022-01-07 09:32:52 - [MESSAGE][WARNING] - Timeout '0' is invalid. Using default page load timeout: '60'

2022-01-07 09:32:53 - [MESSAGE][PASSED] - Tapped on element 'Object Repository/Mobile/Page/Login/Button - Login'

2022-01-07 09:32:53 - [TEST_STEP][PASSED] - delay(2): Delayed 2 second(s)

2022-01-07 09:32:55 - [MESSAGE][PASSED] - Delayed 2 second(s)

2022-01-07 09:32:55 - [TEST_STEP][PASSED] - break: null

2022-01-07 09:32:55 - [MESSAGE][PASSED] - Call Test Case 'Test Cases/Mobile/Page/Login/Login' successfully

2022-01-07 09:32:55 - [MESSAGE][PASSED] - Call Test Case 'Test Cases/Mobile/Page/CheckLogin' successfully

2022-01-07 09:32:55 - [TEST_STEP][PASSED] - tap(HOME_MenubarPortfolio, 0): Tapped on element 'Object Repository/Mobile/Page/Home/Menubar - Portfolio'

2022-01-07 09:32:55 - [MESSAGE][WARNING] - Timeout '0' is invalid. Using default page load timeout: '60'

2022-01-07 09:32:56 - [MESSAGE][PASSED] - Tapped on element 'Object Repository/Mobile/Page/Home/Menubar - Portfolio'

2022-01-07 09:32:56 - [TEST_STEP][PASSED] - delay(1): Delayed 1 second(s)

2022-01-07 09:32:57 - [MESSAGE][PASSED] - Delayed 1 second(s)

2022-01-07 09:32:57 - [TEST_STEP][PASSED] - for ([i = 0, i < 1, (i++)]): scroll.scroll.scrollScreenBottomToTop is PASSED

2022-01-07 09:32:57 - [TEST_STEP][PASSED] - if (tab == "summary"): null

2022-01-07 09:32:57 - [TEST_STEP][PASSED] - else if (tab == "stock"): null

2022-01-07 09:32:57 - [TEST_STEP][PASSED] - else if (tab == "mutualfund"): scroll.scroll.scrollScreenBottomToTop is PASSED

2022-01-07 09:32:57 - [TEST_STEP][PASSED] - tap(PORT_TabMutualFund, 0): Tapped on element 'Object Repository/Mobile/Page/Portfolio/Tab - Mutual Fund'

2022-01-07 09:32:57 - [MESSAGE][WARNING] - Timeout '0' is invalid. Using default page load timeout: '60'

2022-01-07 09:32:59 - [MESSAGE][PASSED] - Tapped on element 'Object Repository/Mobile/Page/Portfolio/Tab - Mutual Fund'

2022-01-07 09:32:59 - [TEST_STEP][PASSED] - delay(1): Delayed 1 second(s)

2022-01-07 09:33:00 - [MESSAGE][PASSED] - Delayed 1 second(s)

2022-01-07 09:33:00 - [TEST_STEP][PASSED] - try: scroll.scroll.scrollScreenBottomToTop is PASSED

2022-01-07 09:33:00 - [TEST_STEP][PASSED] - tapAndHold(PORT_ItemTopMutualFund, 1, 10): Tapped and held on element 'Object Repository/Mobile/Page/Portfolio/Item - Top Mutual Fund' with duration 1

2022-01-07 09:33:03 - [MESSAGE][PASSED] - Tapped and held on element 'Object Repository/Mobile/Page/Portfolio/Item - Top Mutual Fund' with duration 1

2022-01-07 09:33:03 - [TEST_STEP][PASSED] - delay(2): Delayed 2 second(s)

2022-01-07 09:33:05 - [MESSAGE][PASSED] - Delayed 2 second(s)

2022-01-07 09:33:05 - [TEST_STEP][PASSED] - switch (action2): null

2022-01-07 09:33:05 - [TEST_STEP][PASSED] - case "6 month":: null

2022-01-07 09:33:05 - [TEST_STEP][PASSED] - tapAndHold(PORT_DETL_Btn6Month, 1, 0): Tapped and held on element 'Object Repository/Mobile/Page/Portfolio/Detail Mutual Funds/Button - 6 Month' with duration 1

2022-01-07 09:33:05 - [MESSAGE][WARNING] - Timeout '0' is invalid. Using default page load timeout: '60'

2022-01-07 09:33:08 - [MESSAGE][PASSED] - Tapped and held on element 'Object Repository/Mobile/Page/Portfolio/Detail Mutual Funds/Button - 6 Month' with duration 1

2022-01-07 09:33:08 - [TEST_STEP][PASSED] - break: null

2022-01-07 09:33:08 - [TEST_STEP][PASSED] - delay(3): Delayed 3 second(s)

2022-01-07 09:33:11 - [MESSAGE][PASSED] - Delayed 3 second(s)

2022-01-07 09:33:11 - [TEST_STEP][PASSED] - scroll.scroll.scrollScreenBottomToTop(): scroll.scroll.scrollScreenBottomToTop is PASSED

2022-01-07 09:33:11 - [MESSAGE][PASSED] - Current device physical height is 1423

2022-01-07 09:33:11 - [MESSAGE][PASSED] - Current device physical width is 720

2022-01-07 09:33:12 - [MESSAGE][PASSED] - Swiped from 360,1,138 to 360,284

2022-01-07 09:33:12 - [MESSAGE][PASSED] - scroll.scroll.scrollScreenBottomToTop is PASSED

2022-01-07 09:33:12 - [MESSAGE][PASSED] - Call Test Case 'Test Cases/Mobile/Page/Portfolio/Portfolio' successfully

2022-01-07 09:33:12 - [TEST_STEP][PASSED] - callTestCase(findTestCase("Mobile/Page/Run App/Terminate App"), [:], STOP_ON_FAILURE): Call Test Case 'Test Cases/Mobile/Page/Run App/Terminate App' successfully

2022-01-07 09:33:13 - [TEST_CASE][PASSED] - Test Cases/Mobile/Page/Run App/Terminate App: Test Cases/Mobile/Page/Run App/Terminate App

2022-01-07 09:33:13 - [TEST_STEP][PASSED] - startApp.OpenApp.terminateApplication(): startApp.OpenApp.terminateApplication is PASSED

2022-01-07 09:33:16 - [MESSAGE][PASSED] - Delayed 3 second(s)

2022-01-07 09:33:16 - [MESSAGE][PASSED] - Current device physical width is 720

2022-01-07 09:33:16 - [MESSAGE][PASSED] - Current device physical height is 1423

2022-01-07 09:33:17 - [MESSAGE][PASSED] - Swiped from 360,853 to 360,142

2022-01-07 09:33:18 - [MESSAGE][PASSED] - Delayed 1 second(s)

2022-01-07 09:33:19 - [MESSAGE][PASSED] - Swiped from 360,853 to 360,142

2022-01-07 09:33:22 - [MESSAGE][PASSED] - Delayed 3 second(s)

2022-01-07 09:33:22 - [MESSAGE][PASSED] - startApp.OpenApp.terminateApplication is PASSED

2022-01-07 09:33:22 - [MESSAGE][PASSED] - Call Test Case 'Test Cases/Mobile/Page/Run App/Terminate App' successfully]]></system-out>
         <system-err><![CDATA[]]></system-err>
      </testcase>
      <testcase name="Test Cases/Mobile/Scenario/Portfolio/016 - Melihat detail mutual fund 1 year" time="66.403" classname="Test Cases/Mobile/Scenario/Portfolio/016 - Melihat detail mutual fund 1 year" status="PASSED">
         <system-out><![CDATA[2022-01-07 09:33:22 - [TEST_CASE][PASSED] - Test Cases/Mobile/Scenario/Portfolio/016 - Melihat detail mutual fund 1 year: Test Cases/Mobile/Scenario/Portfolio/016 - Melihat detail mutual fund 1 year

2022-01-07 09:33:23 - [TEST_STEP][PASSED] - callTestCase(findTestCase("Mobile/Page/Run App/Run App byID"), [:], STOP_ON_FAILURE): Call Test Case 'Test Cases/Mobile/Page/Run App/Run App byID' successfully

2022-01-07 09:33:23 - [TEST_CASE][PASSED] - Test Cases/Mobile/Page/Run App/Run App byID: Test Cases/Mobile/Page/Run App/Run App byID

2022-01-07 09:33:23 - [TEST_STEP][PASSED] - startApp.OpenApp.startApplication("id.co.miraeasset.sageclub"): startApp.OpenApp.startApplication is PASSED

2022-01-07 09:33:36 - [MESSAGE][PASSED] - Starting app with application ID: 'id.co.miraeasset.sageclub'

2022-01-07 09:33:36 - [MESSAGE][PASSED] - startApp.OpenApp.startApplication is PASSED

2022-01-07 09:33:36 - [MESSAGE][PASSED] - Call Test Case 'Test Cases/Mobile/Page/Run App/Run App byID' successfully

2022-01-07 09:33:36 - [TEST_STEP][PASSED] - callTestCase(findTestCase("Mobile/Page/Portfolio/Portfolio"), ["tab":"mutualfund", "action2":"1 year"], CONTINUE_ON_FAILURE): Call Test Case 'Test Cases/Mobile/Page/Portfolio/Portfolio' successfully

2022-01-07 09:33:36 - [TEST_CASE][PASSED] - Test Cases/Mobile/Page/Portfolio/Portfolio: Test Cases/Mobile/Page/Portfolio/Portfolio

2022-01-07 09:33:36 - [TEST_STEP][PASSED] - callTestCase(findTestCase("Mobile/Page/CheckLogin"), [:], CONTINUE_ON_FAILURE): Call Test Case 'Test Cases/Mobile/Page/CheckLogin' successfully

2022-01-07 09:33:36 - [TEST_CASE][PASSED] - Test Cases/Mobile/Page/CheckLogin: Test Cases/Mobile/Page/CheckLogin

2022-01-07 09:33:36 - [TEST_STEP][PASSED] - loginCheck = verifyElementExist(LOGN_BtnLogin, 5, CONTINUE_ON_FAILURE): Element 'Object Repository/Mobile/Page/Login/Button - Login' is exist

2022-01-07 09:33:38 - [MESSAGE][PASSED] - Element 'Object Repository/Mobile/Page/Login/Button - Login' is exist

2022-01-07 09:33:38 - [TEST_STEP][PASSED] - if (loginCheck): Call Test Case 'Test Cases/Mobile/Page/Login/Login' successfully

2022-01-07 09:33:38 - [TEST_STEP][PASSED] - callTestCase(findTestCase("Mobile/Page/Login/Login"), ["action":"username"], CONTINUE_ON_FAILURE): Call Test Case 'Test Cases/Mobile/Page/Login/Login' successfully

2022-01-07 09:33:38 - [TEST_CASE][PASSED] - Test Cases/Mobile/Page/Login/Login: Test Cases/Mobile/Page/Login/Login

2022-01-07 09:33:38 - [TEST_STEP][PASSED] - delay(2): Delayed 2 second(s)

2022-01-07 09:33:40 - [MESSAGE][PASSED] - Delayed 2 second(s)

2022-01-07 09:33:40 - [TEST_STEP][PASSED] - for ([i = 0, i < 1, (i++)]): null

2022-01-07 09:33:40 - [TEST_STEP][PASSED] - if (action == "username"): null

2022-01-07 09:33:40 - [TEST_STEP][PASSED] - tap(LOGN_EdtUserID, 0): Tapped on element 'Object Repository/Mobile/Page/Login/Input - UserID'

2022-01-07 09:33:40 - [MESSAGE][WARNING] - Timeout '0' is invalid. Using default page load timeout: '60'

2022-01-07 09:33:40 - [MESSAGE][PASSED] - Tapped on element 'Object Repository/Mobile/Page/Login/Input - UserID'

2022-01-07 09:33:40 - [TEST_STEP][PASSED] - delay(1): Delayed 1 second(s)

2022-01-07 09:33:41 - [MESSAGE][PASSED] - Delayed 1 second(s)

2022-01-07 09:33:41 - [TEST_STEP][PASSED] - setText(LOGN_EdtRdyUserID, "anggaaditya", 0): Text 'anggaaditya' has been set to element 'Object Repository/Mobile/Page/Login/Input Rdy - UserID'

2022-01-07 09:33:41 - [MESSAGE][WARNING] - Timeout '0' is invalid. Using default page load timeout: '60'

2022-01-07 09:33:42 - [MESSAGE][PASSED] - Text 'anggaaditya' has been set to element 'Object Repository/Mobile/Page/Login/Input Rdy - UserID'

2022-01-07 09:33:42 - [TEST_STEP][PASSED] - delay(1): Delayed 1 second(s)

2022-01-07 09:33:43 - [MESSAGE][PASSED] - Delayed 1 second(s)

2022-01-07 09:33:43 - [TEST_STEP][PASSED] - hideKeyboard(): Keyboard is hidden

2022-01-07 09:33:48 - [MESSAGE][PASSED] - Keyboard is hidden

2022-01-07 09:33:48 - [TEST_STEP][PASSED] - tap(LOGN_EdtPassword, 0): Tapped on element 'Object Repository/Mobile/Page/Login/Input - Password'

2022-01-07 09:33:48 - [MESSAGE][WARNING] - Timeout '0' is invalid. Using default page load timeout: '60'

2022-01-07 09:33:48 - [MESSAGE][PASSED] - Tapped on element 'Object Repository/Mobile/Page/Login/Input - Password'

2022-01-07 09:33:48 - [TEST_STEP][PASSED] - delay(1): Delayed 1 second(s)

2022-01-07 09:33:49 - [MESSAGE][PASSED] - Delayed 1 second(s)

2022-01-07 09:33:49 - [TEST_STEP][PASSED] - setText(LOGN_EdtRdyPassword, "Shalawa18", 0): Text 'Shalawa18' has been set to element 'Object Repository/Mobile/Page/Login/Input Rdy - Password'

2022-01-07 09:33:49 - [MESSAGE][WARNING] - Timeout '0' is invalid. Using default page load timeout: '60'

2022-01-07 09:33:50 - [MESSAGE][PASSED] - Text 'Shalawa18' has been set to element 'Object Repository/Mobile/Page/Login/Input Rdy - Password'

2022-01-07 09:33:50 - [TEST_STEP][PASSED] - delay(1): Delayed 1 second(s)

2022-01-07 09:33:51 - [MESSAGE][PASSED] - Delayed 1 second(s)

2022-01-07 09:33:51 - [TEST_STEP][PASSED] - hideKeyboard(): Keyboard is hidden

2022-01-07 09:33:59 - [MESSAGE][PASSED] - Keyboard is hidden

2022-01-07 09:33:59 - [TEST_STEP][PASSED] - tap(LOGN_BtnLogin, 0): Tapped on element 'Object Repository/Mobile/Page/Login/Button - Login'

2022-01-07 09:33:59 - [MESSAGE][WARNING] - Timeout '0' is invalid. Using default page load timeout: '60'

2022-01-07 09:34:00 - [MESSAGE][PASSED] - Tapped on element 'Object Repository/Mobile/Page/Login/Button - Login'

2022-01-07 09:34:00 - [TEST_STEP][PASSED] - delay(2): Delayed 2 second(s)

2022-01-07 09:34:02 - [MESSAGE][PASSED] - Delayed 2 second(s)

2022-01-07 09:34:02 - [TEST_STEP][PASSED] - break: null

2022-01-07 09:34:02 - [MESSAGE][PASSED] - Call Test Case 'Test Cases/Mobile/Page/Login/Login' successfully

2022-01-07 09:34:02 - [MESSAGE][PASSED] - Call Test Case 'Test Cases/Mobile/Page/CheckLogin' successfully

2022-01-07 09:34:02 - [TEST_STEP][PASSED] - tap(HOME_MenubarPortfolio, 0): Tapped on element 'Object Repository/Mobile/Page/Home/Menubar - Portfolio'

2022-01-07 09:34:02 - [MESSAGE][WARNING] - Timeout '0' is invalid. Using default page load timeout: '60'

2022-01-07 09:34:03 - [MESSAGE][PASSED] - Tapped on element 'Object Repository/Mobile/Page/Home/Menubar - Portfolio'

2022-01-07 09:34:03 - [TEST_STEP][PASSED] - delay(1): Delayed 1 second(s)

2022-01-07 09:34:04 - [MESSAGE][PASSED] - Delayed 1 second(s)

2022-01-07 09:34:04 - [TEST_STEP][PASSED] - for ([i = 0, i < 1, (i++)]): scroll.scroll.scrollScreenBottomToTop is PASSED

2022-01-07 09:34:04 - [TEST_STEP][PASSED] - if (tab == "summary"): null

2022-01-07 09:34:04 - [TEST_STEP][PASSED] - else if (tab == "stock"): null

2022-01-07 09:34:04 - [TEST_STEP][PASSED] - else if (tab == "mutualfund"): scroll.scroll.scrollScreenBottomToTop is PASSED

2022-01-07 09:34:04 - [TEST_STEP][PASSED] - tap(PORT_TabMutualFund, 0): Tapped on element 'Object Repository/Mobile/Page/Portfolio/Tab - Mutual Fund'

2022-01-07 09:34:04 - [MESSAGE][WARNING] - Timeout '0' is invalid. Using default page load timeout: '60'

2022-01-07 09:34:05 - [MESSAGE][PASSED] - Tapped on element 'Object Repository/Mobile/Page/Portfolio/Tab - Mutual Fund'

2022-01-07 09:34:05 - [TEST_STEP][PASSED] - delay(1): Delayed 1 second(s)

2022-01-07 09:34:06 - [MESSAGE][PASSED] - Delayed 1 second(s)

2022-01-07 09:34:06 - [TEST_STEP][PASSED] - try: scroll.scroll.scrollScreenBottomToTop is PASSED

2022-01-07 09:34:06 - [TEST_STEP][PASSED] - tapAndHold(PORT_ItemTopMutualFund, 1, 10): Tapped and held on element 'Object Repository/Mobile/Page/Portfolio/Item - Top Mutual Fund' with duration 1

2022-01-07 09:34:09 - [MESSAGE][PASSED] - Tapped and held on element 'Object Repository/Mobile/Page/Portfolio/Item - Top Mutual Fund' with duration 1

2022-01-07 09:34:09 - [TEST_STEP][PASSED] - delay(2): Delayed 2 second(s)

2022-01-07 09:34:11 - [MESSAGE][PASSED] - Delayed 2 second(s)

2022-01-07 09:34:11 - [TEST_STEP][PASSED] - switch (action2): null

2022-01-07 09:34:11 - [TEST_STEP][PASSED] - case "1 year":: null

2022-01-07 09:34:11 - [TEST_STEP][PASSED] - tapAndHold(PORT_DETL_Btn1Year, 1, 0): Tapped and held on element 'Object Repository/Mobile/Page/Portfolio/Detail Mutual Funds/Button - 1 Year' with duration 1

2022-01-07 09:34:11 - [MESSAGE][WARNING] - Timeout '0' is invalid. Using default page load timeout: '60'

2022-01-07 09:34:14 - [MESSAGE][PASSED] - Tapped and held on element 'Object Repository/Mobile/Page/Portfolio/Detail Mutual Funds/Button - 1 Year' with duration 1

2022-01-07 09:34:14 - [TEST_STEP][PASSED] - break: null

2022-01-07 09:34:14 - [TEST_STEP][PASSED] - delay(3): Delayed 3 second(s)

2022-01-07 09:34:17 - [MESSAGE][PASSED] - Delayed 3 second(s)

2022-01-07 09:34:17 - [TEST_STEP][PASSED] - scroll.scroll.scrollScreenBottomToTop(): scroll.scroll.scrollScreenBottomToTop is PASSED

2022-01-07 09:34:17 - [MESSAGE][PASSED] - Current device physical height is 1423

2022-01-07 09:34:17 - [MESSAGE][PASSED] - Current device physical width is 720

2022-01-07 09:34:19 - [MESSAGE][PASSED] - Swiped from 360,1,138 to 360,284

2022-01-07 09:34:19 - [MESSAGE][PASSED] - scroll.scroll.scrollScreenBottomToTop is PASSED

2022-01-07 09:34:19 - [MESSAGE][PASSED] - Call Test Case 'Test Cases/Mobile/Page/Portfolio/Portfolio' successfully

2022-01-07 09:34:19 - [TEST_STEP][PASSED] - callTestCase(findTestCase("Mobile/Page/Run App/Terminate App"), [:], STOP_ON_FAILURE): Call Test Case 'Test Cases/Mobile/Page/Run App/Terminate App' successfully

2022-01-07 09:34:19 - [TEST_CASE][PASSED] - Test Cases/Mobile/Page/Run App/Terminate App: Test Cases/Mobile/Page/Run App/Terminate App

2022-01-07 09:34:19 - [TEST_STEP][PASSED] - startApp.OpenApp.terminateApplication(): startApp.OpenApp.terminateApplication is PASSED

2022-01-07 09:34:22 - [MESSAGE][PASSED] - Delayed 3 second(s)

2022-01-07 09:34:22 - [MESSAGE][PASSED] - Current device physical width is 720

2022-01-07 09:34:22 - [MESSAGE][PASSED] - Current device physical height is 1423

2022-01-07 09:34:23 - [MESSAGE][PASSED] - Swiped from 360,853 to 360,142

2022-01-07 09:34:24 - [MESSAGE][PASSED] - Delayed 1 second(s)

2022-01-07 09:34:26 - [MESSAGE][PASSED] - Swiped from 360,853 to 360,142

2022-01-07 09:34:29 - [MESSAGE][PASSED] - Delayed 3 second(s)

2022-01-07 09:34:29 - [MESSAGE][PASSED] - startApp.OpenApp.terminateApplication is PASSED

2022-01-07 09:34:29 - [MESSAGE][PASSED] - Call Test Case 'Test Cases/Mobile/Page/Run App/Terminate App' successfully]]></system-out>
         <system-err><![CDATA[]]></system-err>
      </testcase>
      <testcase name="Test Cases/Mobile/Scenario/Portfolio/017 - Melihat detail mutual fund 3 year" time="64.494" classname="Test Cases/Mobile/Scenario/Portfolio/017 - Melihat detail mutual fund 3 year" status="PASSED">
         <system-out><![CDATA[2022-01-07 09:34:29 - [TEST_CASE][PASSED] - Test Cases/Mobile/Scenario/Portfolio/017 - Melihat detail mutual fund 3 year: Test Cases/Mobile/Scenario/Portfolio/017 - Melihat detail mutual fund 3 year

2022-01-07 09:34:29 - [TEST_STEP][PASSED] - callTestCase(findTestCase("Mobile/Page/Run App/Run App byID"), [:], STOP_ON_FAILURE): Call Test Case 'Test Cases/Mobile/Page/Run App/Run App byID' successfully

2022-01-07 09:34:29 - [TEST_CASE][PASSED] - Test Cases/Mobile/Page/Run App/Run App byID: Test Cases/Mobile/Page/Run App/Run App byID

2022-01-07 09:34:29 - [TEST_STEP][PASSED] - startApp.OpenApp.startApplication("id.co.miraeasset.sageclub"): startApp.OpenApp.startApplication is PASSED

2022-01-07 09:34:41 - [MESSAGE][PASSED] - Starting app with application ID: 'id.co.miraeasset.sageclub'

2022-01-07 09:34:41 - [MESSAGE][PASSED] - startApp.OpenApp.startApplication is PASSED

2022-01-07 09:34:41 - [MESSAGE][PASSED] - Call Test Case 'Test Cases/Mobile/Page/Run App/Run App byID' successfully

2022-01-07 09:34:41 - [TEST_STEP][PASSED] - callTestCase(findTestCase("Mobile/Page/Portfolio/Portfolio"), ["tab":"mutualfund", "action2":"3 year"], CONTINUE_ON_FAILURE): Call Test Case 'Test Cases/Mobile/Page/Portfolio/Portfolio' successfully

2022-01-07 09:34:41 - [TEST_CASE][PASSED] - Test Cases/Mobile/Page/Portfolio/Portfolio: Test Cases/Mobile/Page/Portfolio/Portfolio

2022-01-07 09:34:41 - [TEST_STEP][PASSED] - callTestCase(findTestCase("Mobile/Page/CheckLogin"), [:], CONTINUE_ON_FAILURE): Call Test Case 'Test Cases/Mobile/Page/CheckLogin' successfully

2022-01-07 09:34:41 - [TEST_CASE][PASSED] - Test Cases/Mobile/Page/CheckLogin: Test Cases/Mobile/Page/CheckLogin

2022-01-07 09:34:41 - [TEST_STEP][PASSED] - loginCheck = verifyElementExist(LOGN_BtnLogin, 5, CONTINUE_ON_FAILURE): Element 'Object Repository/Mobile/Page/Login/Button - Login' is exist

2022-01-07 09:34:43 - [MESSAGE][PASSED] - Element 'Object Repository/Mobile/Page/Login/Button - Login' is exist

2022-01-07 09:34:43 - [TEST_STEP][PASSED] - if (loginCheck): Call Test Case 'Test Cases/Mobile/Page/Login/Login' successfully

2022-01-07 09:34:43 - [TEST_STEP][PASSED] - callTestCase(findTestCase("Mobile/Page/Login/Login"), ["action":"username"], CONTINUE_ON_FAILURE): Call Test Case 'Test Cases/Mobile/Page/Login/Login' successfully

2022-01-07 09:34:43 - [TEST_CASE][PASSED] - Test Cases/Mobile/Page/Login/Login: Test Cases/Mobile/Page/Login/Login

2022-01-07 09:34:43 - [TEST_STEP][PASSED] - delay(2): Delayed 2 second(s)

2022-01-07 09:34:45 - [MESSAGE][PASSED] - Delayed 2 second(s)

2022-01-07 09:34:45 - [TEST_STEP][PASSED] - for ([i = 0, i < 1, (i++)]): null

2022-01-07 09:34:45 - [TEST_STEP][PASSED] - if (action == "username"): null

2022-01-07 09:34:45 - [TEST_STEP][PASSED] - tap(LOGN_EdtUserID, 0): Tapped on element 'Object Repository/Mobile/Page/Login/Input - UserID'

2022-01-07 09:34:45 - [MESSAGE][WARNING] - Timeout '0' is invalid. Using default page load timeout: '60'

2022-01-07 09:34:46 - [MESSAGE][PASSED] - Tapped on element 'Object Repository/Mobile/Page/Login/Input - UserID'

2022-01-07 09:34:46 - [TEST_STEP][PASSED] - delay(1): Delayed 1 second(s)

2022-01-07 09:34:47 - [MESSAGE][PASSED] - Delayed 1 second(s)

2022-01-07 09:34:47 - [TEST_STEP][PASSED] - setText(LOGN_EdtRdyUserID, "anggaaditya", 0): Text 'anggaaditya' has been set to element 'Object Repository/Mobile/Page/Login/Input Rdy - UserID'

2022-01-07 09:34:47 - [MESSAGE][WARNING] - Timeout '0' is invalid. Using default page load timeout: '60'

2022-01-07 09:34:47 - [MESSAGE][PASSED] - Text 'anggaaditya' has been set to element 'Object Repository/Mobile/Page/Login/Input Rdy - UserID'

2022-01-07 09:34:47 - [TEST_STEP][PASSED] - delay(1): Delayed 1 second(s)

2022-01-07 09:34:48 - [MESSAGE][PASSED] - Delayed 1 second(s)

2022-01-07 09:34:48 - [TEST_STEP][PASSED] - hideKeyboard(): Keyboard is hidden

2022-01-07 09:34:53 - [MESSAGE][PASSED] - Keyboard is hidden

2022-01-07 09:34:53 - [TEST_STEP][PASSED] - tap(LOGN_EdtPassword, 0): Tapped on element 'Object Repository/Mobile/Page/Login/Input - Password'

2022-01-07 09:34:53 - [MESSAGE][WARNING] - Timeout '0' is invalid. Using default page load timeout: '60'

2022-01-07 09:34:54 - [MESSAGE][PASSED] - Tapped on element 'Object Repository/Mobile/Page/Login/Input - Password'

2022-01-07 09:34:54 - [TEST_STEP][PASSED] - delay(1): Delayed 1 second(s)

2022-01-07 09:34:55 - [MESSAGE][PASSED] - Delayed 1 second(s)

2022-01-07 09:34:55 - [TEST_STEP][PASSED] - setText(LOGN_EdtRdyPassword, "Shalawa18", 0): Text 'Shalawa18' has been set to element 'Object Repository/Mobile/Page/Login/Input Rdy - Password'

2022-01-07 09:34:55 - [MESSAGE][WARNING] - Timeout '0' is invalid. Using default page load timeout: '60'

2022-01-07 09:34:55 - [MESSAGE][PASSED] - Text 'Shalawa18' has been set to element 'Object Repository/Mobile/Page/Login/Input Rdy - Password'

2022-01-07 09:34:55 - [TEST_STEP][PASSED] - delay(1): Delayed 1 second(s)

2022-01-07 09:34:56 - [MESSAGE][PASSED] - Delayed 1 second(s)

2022-01-07 09:34:56 - [TEST_STEP][PASSED] - hideKeyboard(): Keyboard is hidden

2022-01-07 09:35:03 - [MESSAGE][PASSED] - Keyboard is hidden

2022-01-07 09:35:03 - [TEST_STEP][PASSED] - tap(LOGN_BtnLogin, 0): Tapped on element 'Object Repository/Mobile/Page/Login/Button - Login'

2022-01-07 09:35:03 - [MESSAGE][WARNING] - Timeout '0' is invalid. Using default page load timeout: '60'

2022-01-07 09:35:03 - [MESSAGE][PASSED] - Tapped on element 'Object Repository/Mobile/Page/Login/Button - Login'

2022-01-07 09:35:03 - [TEST_STEP][PASSED] - delay(2): Delayed 2 second(s)

2022-01-07 09:35:05 - [MESSAGE][PASSED] - Delayed 2 second(s)

2022-01-07 09:35:05 - [TEST_STEP][PASSED] - break: null

2022-01-07 09:35:05 - [MESSAGE][PASSED] - Call Test Case 'Test Cases/Mobile/Page/Login/Login' successfully

2022-01-07 09:35:05 - [MESSAGE][PASSED] - Call Test Case 'Test Cases/Mobile/Page/CheckLogin' successfully

2022-01-07 09:35:05 - [TEST_STEP][PASSED] - tap(HOME_MenubarPortfolio, 0): Tapped on element 'Object Repository/Mobile/Page/Home/Menubar - Portfolio'

2022-01-07 09:35:05 - [MESSAGE][WARNING] - Timeout '0' is invalid. Using default page load timeout: '60'

2022-01-07 09:35:07 - [MESSAGE][PASSED] - Tapped on element 'Object Repository/Mobile/Page/Home/Menubar - Portfolio'

2022-01-07 09:35:07 - [TEST_STEP][PASSED] - delay(1): Delayed 1 second(s)

2022-01-07 09:35:08 - [MESSAGE][PASSED] - Delayed 1 second(s)

2022-01-07 09:35:08 - [TEST_STEP][PASSED] - for ([i = 0, i < 1, (i++)]): scroll.scroll.scrollScreenBottomToTop is PASSED

2022-01-07 09:35:08 - [TEST_STEP][PASSED] - if (tab == "summary"): null

2022-01-07 09:35:08 - [TEST_STEP][PASSED] - else if (tab == "stock"): null

2022-01-07 09:35:08 - [TEST_STEP][PASSED] - else if (tab == "mutualfund"): scroll.scroll.scrollScreenBottomToTop is PASSED

2022-01-07 09:35:08 - [TEST_STEP][PASSED] - tap(PORT_TabMutualFund, 0): Tapped on element 'Object Repository/Mobile/Page/Portfolio/Tab - Mutual Fund'

2022-01-07 09:35:08 - [MESSAGE][WARNING] - Timeout '0' is invalid. Using default page load timeout: '60'

2022-01-07 09:35:10 - [MESSAGE][PASSED] - Tapped on element 'Object Repository/Mobile/Page/Portfolio/Tab - Mutual Fund'

2022-01-07 09:35:10 - [TEST_STEP][PASSED] - delay(1): Delayed 1 second(s)

2022-01-07 09:35:11 - [MESSAGE][PASSED] - Delayed 1 second(s)

2022-01-07 09:35:11 - [TEST_STEP][PASSED] - try: scroll.scroll.scrollScreenBottomToTop is PASSED

2022-01-07 09:35:11 - [TEST_STEP][PASSED] - tapAndHold(PORT_ItemTopMutualFund, 1, 10): Tapped and held on element 'Object Repository/Mobile/Page/Portfolio/Item - Top Mutual Fund' with duration 1

2022-01-07 09:35:14 - [MESSAGE][PASSED] - Tapped and held on element 'Object Repository/Mobile/Page/Portfolio/Item - Top Mutual Fund' with duration 1

2022-01-07 09:35:14 - [TEST_STEP][PASSED] - delay(2): Delayed 2 second(s)

2022-01-07 09:35:16 - [MESSAGE][PASSED] - Delayed 2 second(s)

2022-01-07 09:35:16 - [TEST_STEP][PASSED] - switch (action2): null

2022-01-07 09:35:16 - [TEST_STEP][PASSED] - case "3 year":: null

2022-01-07 09:35:16 - [TEST_STEP][PASSED] - tapAndHold(PORT_DETL_Btn3Year, 1, 0): Tapped and held on element 'Object Repository/Mobile/Page/Portfolio/Detail Mutual Funds/Button - 3 Year' with duration 1

2022-01-07 09:35:16 - [MESSAGE][WARNING] - Timeout '0' is invalid. Using default page load timeout: '60'

2022-01-07 09:35:19 - [MESSAGE][PASSED] - Tapped and held on element 'Object Repository/Mobile/Page/Portfolio/Detail Mutual Funds/Button - 3 Year' with duration 1

2022-01-07 09:35:19 - [TEST_STEP][PASSED] - break: null

2022-01-07 09:35:19 - [TEST_STEP][PASSED] - delay(3): Delayed 3 second(s)

2022-01-07 09:35:22 - [MESSAGE][PASSED] - Delayed 3 second(s)

2022-01-07 09:35:22 - [TEST_STEP][PASSED] - scroll.scroll.scrollScreenBottomToTop(): scroll.scroll.scrollScreenBottomToTop is PASSED

2022-01-07 09:35:22 - [MESSAGE][PASSED] - Current device physical height is 1423

2022-01-07 09:35:22 - [MESSAGE][PASSED] - Current device physical width is 720

2022-01-07 09:35:23 - [MESSAGE][PASSED] - Swiped from 360,1,138 to 360,284

2022-01-07 09:35:23 - [MESSAGE][PASSED] - scroll.scroll.scrollScreenBottomToTop is PASSED

2022-01-07 09:35:23 - [MESSAGE][PASSED] - Call Test Case 'Test Cases/Mobile/Page/Portfolio/Portfolio' successfully

2022-01-07 09:35:23 - [TEST_STEP][PASSED] - callTestCase(findTestCase("Mobile/Page/Run App/Terminate App"), [:], STOP_ON_FAILURE): Call Test Case 'Test Cases/Mobile/Page/Run App/Terminate App' successfully

2022-01-07 09:35:23 - [TEST_CASE][PASSED] - Test Cases/Mobile/Page/Run App/Terminate App: Test Cases/Mobile/Page/Run App/Terminate App

2022-01-07 09:35:23 - [TEST_STEP][PASSED] - startApp.OpenApp.terminateApplication(): startApp.OpenApp.terminateApplication is PASSED

2022-01-07 09:35:26 - [MESSAGE][PASSED] - Delayed 3 second(s)

2022-01-07 09:35:27 - [MESSAGE][PASSED] - Current device physical width is 720

2022-01-07 09:35:27 - [MESSAGE][PASSED] - Current device physical height is 1423

2022-01-07 09:35:28 - [MESSAGE][PASSED] - Swiped from 360,853 to 360,142

2022-01-07 09:35:29 - [MESSAGE][PASSED] - Delayed 1 second(s)

2022-01-07 09:35:30 - [MESSAGE][PASSED] - Swiped from 360,853 to 360,142

2022-01-07 09:35:33 - [MESSAGE][PASSED] - Delayed 3 second(s)

2022-01-07 09:35:33 - [MESSAGE][PASSED] - startApp.OpenApp.terminateApplication is PASSED

2022-01-07 09:35:33 - [MESSAGE][PASSED] - Call Test Case 'Test Cases/Mobile/Page/Run App/Terminate App' successfully]]></system-out>
         <system-err><![CDATA[]]></system-err>
      </testcase>
      <testcase name="Test Cases/Mobile/Scenario/Portfolio/018 - Melihat detail mutual fund 5 year" time="63.598" classname="Test Cases/Mobile/Scenario/Portfolio/018 - Melihat detail mutual fund 5 year" status="PASSED">
         <system-out><![CDATA[2022-01-07 09:35:33 - [TEST_CASE][PASSED] - Test Cases/Mobile/Scenario/Portfolio/018 - Melihat detail mutual fund 5 year: Test Cases/Mobile/Scenario/Portfolio/018 - Melihat detail mutual fund 5 year

2022-01-07 09:35:34 - [TEST_STEP][PASSED] - callTestCase(findTestCase("Mobile/Page/Run App/Run App byID"), [:], STOP_ON_FAILURE): Call Test Case 'Test Cases/Mobile/Page/Run App/Run App byID' successfully

2022-01-07 09:35:34 - [TEST_CASE][PASSED] - Test Cases/Mobile/Page/Run App/Run App byID: Test Cases/Mobile/Page/Run App/Run App byID

2022-01-07 09:35:34 - [TEST_STEP][PASSED] - startApp.OpenApp.startApplication("id.co.miraeasset.sageclub"): startApp.OpenApp.startApplication is PASSED

2022-01-07 09:35:46 - [MESSAGE][PASSED] - Starting app with application ID: 'id.co.miraeasset.sageclub'

2022-01-07 09:35:46 - [MESSAGE][PASSED] - startApp.OpenApp.startApplication is PASSED

2022-01-07 09:35:46 - [MESSAGE][PASSED] - Call Test Case 'Test Cases/Mobile/Page/Run App/Run App byID' successfully

2022-01-07 09:35:46 - [TEST_STEP][PASSED] - callTestCase(findTestCase("Mobile/Page/Portfolio/Portfolio"), ["tab":"mutualfund", "action2":"5 year"], CONTINUE_ON_FAILURE): Call Test Case 'Test Cases/Mobile/Page/Portfolio/Portfolio' successfully

2022-01-07 09:35:46 - [TEST_CASE][PASSED] - Test Cases/Mobile/Page/Portfolio/Portfolio: Test Cases/Mobile/Page/Portfolio/Portfolio

2022-01-07 09:35:46 - [TEST_STEP][PASSED] - callTestCase(findTestCase("Mobile/Page/CheckLogin"), [:], CONTINUE_ON_FAILURE): Call Test Case 'Test Cases/Mobile/Page/CheckLogin' successfully

2022-01-07 09:35:46 - [TEST_CASE][PASSED] - Test Cases/Mobile/Page/CheckLogin: Test Cases/Mobile/Page/CheckLogin

2022-01-07 09:35:46 - [TEST_STEP][PASSED] - loginCheck = verifyElementExist(LOGN_BtnLogin, 5, CONTINUE_ON_FAILURE): Element 'Object Repository/Mobile/Page/Login/Button - Login' is exist

2022-01-07 09:35:48 - [MESSAGE][PASSED] - Element 'Object Repository/Mobile/Page/Login/Button - Login' is exist

2022-01-07 09:35:48 - [TEST_STEP][PASSED] - if (loginCheck): Call Test Case 'Test Cases/Mobile/Page/Login/Login' successfully

2022-01-07 09:35:48 - [TEST_STEP][PASSED] - callTestCase(findTestCase("Mobile/Page/Login/Login"), ["action":"username"], CONTINUE_ON_FAILURE): Call Test Case 'Test Cases/Mobile/Page/Login/Login' successfully

2022-01-07 09:35:48 - [TEST_CASE][PASSED] - Test Cases/Mobile/Page/Login/Login: Test Cases/Mobile/Page/Login/Login

2022-01-07 09:35:48 - [TEST_STEP][PASSED] - delay(2): Delayed 2 second(s)

2022-01-07 09:35:50 - [MESSAGE][PASSED] - Delayed 2 second(s)

2022-01-07 09:35:50 - [TEST_STEP][PASSED] - for ([i = 0, i < 1, (i++)]): null

2022-01-07 09:35:50 - [TEST_STEP][PASSED] - if (action == "username"): null

2022-01-07 09:35:50 - [TEST_STEP][PASSED] - tap(LOGN_EdtUserID, 0): Tapped on element 'Object Repository/Mobile/Page/Login/Input - UserID'

2022-01-07 09:35:50 - [MESSAGE][WARNING] - Timeout '0' is invalid. Using default page load timeout: '60'

2022-01-07 09:35:50 - [MESSAGE][PASSED] - Tapped on element 'Object Repository/Mobile/Page/Login/Input - UserID'

2022-01-07 09:35:50 - [TEST_STEP][PASSED] - delay(1): Delayed 1 second(s)

2022-01-07 09:35:51 - [MESSAGE][PASSED] - Delayed 1 second(s)

2022-01-07 09:35:51 - [TEST_STEP][PASSED] - setText(LOGN_EdtRdyUserID, "anggaaditya", 0): Text 'anggaaditya' has been set to element 'Object Repository/Mobile/Page/Login/Input Rdy - UserID'

2022-01-07 09:35:51 - [MESSAGE][WARNING] - Timeout '0' is invalid. Using default page load timeout: '60'

2022-01-07 09:35:52 - [MESSAGE][PASSED] - Text 'anggaaditya' has been set to element 'Object Repository/Mobile/Page/Login/Input Rdy - UserID'

2022-01-07 09:35:52 - [TEST_STEP][PASSED] - delay(1): Delayed 1 second(s)

2022-01-07 09:35:53 - [MESSAGE][PASSED] - Delayed 1 second(s)

2022-01-07 09:35:53 - [TEST_STEP][PASSED] - hideKeyboard(): Keyboard is hidden

2022-01-07 09:35:57 - [MESSAGE][PASSED] - Keyboard is hidden

2022-01-07 09:35:57 - [TEST_STEP][PASSED] - tap(LOGN_EdtPassword, 0): Tapped on element 'Object Repository/Mobile/Page/Login/Input - Password'

2022-01-07 09:35:57 - [MESSAGE][WARNING] - Timeout '0' is invalid. Using default page load timeout: '60'

2022-01-07 09:35:58 - [MESSAGE][PASSED] - Tapped on element 'Object Repository/Mobile/Page/Login/Input - Password'

2022-01-07 09:35:58 - [TEST_STEP][PASSED] - delay(1): Delayed 1 second(s)

2022-01-07 09:35:59 - [MESSAGE][PASSED] - Delayed 1 second(s)

2022-01-07 09:35:59 - [TEST_STEP][PASSED] - setText(LOGN_EdtRdyPassword, "Shalawa18", 0): Text 'Shalawa18' has been set to element 'Object Repository/Mobile/Page/Login/Input Rdy - Password'

2022-01-07 09:35:59 - [MESSAGE][WARNING] - Timeout '0' is invalid. Using default page load timeout: '60'

2022-01-07 09:35:59 - [MESSAGE][PASSED] - Text 'Shalawa18' has been set to element 'Object Repository/Mobile/Page/Login/Input Rdy - Password'

2022-01-07 09:35:59 - [TEST_STEP][PASSED] - delay(1): Delayed 1 second(s)

2022-01-07 09:36:00 - [MESSAGE][PASSED] - Delayed 1 second(s)

2022-01-07 09:36:00 - [TEST_STEP][PASSED] - hideKeyboard(): Keyboard is hidden

2022-01-07 09:36:06 - [MESSAGE][PASSED] - Keyboard is hidden

2022-01-07 09:36:06 - [TEST_STEP][PASSED] - tap(LOGN_BtnLogin, 0): Tapped on element 'Object Repository/Mobile/Page/Login/Button - Login'

2022-01-07 09:36:06 - [MESSAGE][WARNING] - Timeout '0' is invalid. Using default page load timeout: '60'

2022-01-07 09:36:07 - [MESSAGE][PASSED] - Tapped on element 'Object Repository/Mobile/Page/Login/Button - Login'

2022-01-07 09:36:07 - [TEST_STEP][PASSED] - delay(2): Delayed 2 second(s)

2022-01-07 09:36:09 - [MESSAGE][PASSED] - Delayed 2 second(s)

2022-01-07 09:36:09 - [TEST_STEP][PASSED] - break: null

2022-01-07 09:36:09 - [MESSAGE][PASSED] - Call Test Case 'Test Cases/Mobile/Page/Login/Login' successfully

2022-01-07 09:36:09 - [MESSAGE][PASSED] - Call Test Case 'Test Cases/Mobile/Page/CheckLogin' successfully

2022-01-07 09:36:09 - [TEST_STEP][PASSED] - tap(HOME_MenubarPortfolio, 0): Tapped on element 'Object Repository/Mobile/Page/Home/Menubar - Portfolio'

2022-01-07 09:36:09 - [MESSAGE][WARNING] - Timeout '0' is invalid. Using default page load timeout: '60'

2022-01-07 09:36:10 - [MESSAGE][PASSED] - Tapped on element 'Object Repository/Mobile/Page/Home/Menubar - Portfolio'

2022-01-07 09:36:10 - [TEST_STEP][PASSED] - delay(1): Delayed 1 second(s)

2022-01-07 09:36:11 - [MESSAGE][PASSED] - Delayed 1 second(s)

2022-01-07 09:36:11 - [TEST_STEP][PASSED] - for ([i = 0, i < 1, (i++)]): scroll.scroll.scrollScreenBottomToTop is PASSED

2022-01-07 09:36:11 - [TEST_STEP][PASSED] - if (tab == "summary"): null

2022-01-07 09:36:11 - [TEST_STEP][PASSED] - else if (tab == "stock"): null

2022-01-07 09:36:11 - [TEST_STEP][PASSED] - else if (tab == "mutualfund"): scroll.scroll.scrollScreenBottomToTop is PASSED

2022-01-07 09:36:11 - [TEST_STEP][PASSED] - tap(PORT_TabMutualFund, 0): Tapped on element 'Object Repository/Mobile/Page/Portfolio/Tab - Mutual Fund'

2022-01-07 09:36:11 - [MESSAGE][WARNING] - Timeout '0' is invalid. Using default page load timeout: '60'

2022-01-07 09:36:13 - [MESSAGE][PASSED] - Tapped on element 'Object Repository/Mobile/Page/Portfolio/Tab - Mutual Fund'

2022-01-07 09:36:13 - [TEST_STEP][PASSED] - delay(1): Delayed 1 second(s)

2022-01-07 09:36:14 - [MESSAGE][PASSED] - Delayed 1 second(s)

2022-01-07 09:36:14 - [TEST_STEP][PASSED] - try: scroll.scroll.scrollScreenBottomToTop is PASSED

2022-01-07 09:36:14 - [TEST_STEP][PASSED] - tapAndHold(PORT_ItemTopMutualFund, 1, 10): Tapped and held on element 'Object Repository/Mobile/Page/Portfolio/Item - Top Mutual Fund' with duration 1

2022-01-07 09:36:17 - [MESSAGE][PASSED] - Tapped and held on element 'Object Repository/Mobile/Page/Portfolio/Item - Top Mutual Fund' with duration 1

2022-01-07 09:36:17 - [TEST_STEP][PASSED] - delay(2): Delayed 2 second(s)

2022-01-07 09:36:19 - [MESSAGE][PASSED] - Delayed 2 second(s)

2022-01-07 09:36:19 - [TEST_STEP][PASSED] - switch (action2): null

2022-01-07 09:36:19 - [TEST_STEP][PASSED] - case "5 year":: null

2022-01-07 09:36:19 - [TEST_STEP][PASSED] - tapAndHold(PORT_DETL_Btn5Year, 1, 0): Tapped and held on element 'Object Repository/Mobile/Page/Portfolio/Detail Mutual Funds/Button - 5 Year' with duration 1

2022-01-07 09:36:19 - [MESSAGE][WARNING] - Timeout '0' is invalid. Using default page load timeout: '60'

2022-01-07 09:36:22 - [MESSAGE][PASSED] - Tapped and held on element 'Object Repository/Mobile/Page/Portfolio/Detail Mutual Funds/Button - 5 Year' with duration 1

2022-01-07 09:36:22 - [TEST_STEP][PASSED] - break: null

2022-01-07 09:36:22 - [TEST_STEP][PASSED] - delay(3): Delayed 3 second(s)

2022-01-07 09:36:25 - [MESSAGE][PASSED] - Delayed 3 second(s)

2022-01-07 09:36:25 - [TEST_STEP][PASSED] - scroll.scroll.scrollScreenBottomToTop(): scroll.scroll.scrollScreenBottomToTop is PASSED

2022-01-07 09:36:25 - [MESSAGE][PASSED] - Current device physical height is 1423

2022-01-07 09:36:26 - [MESSAGE][PASSED] - Current device physical width is 720

2022-01-07 09:36:27 - [MESSAGE][PASSED] - Swiped from 360,1,138 to 360,284

2022-01-07 09:36:27 - [MESSAGE][PASSED] - scroll.scroll.scrollScreenBottomToTop is PASSED

2022-01-07 09:36:27 - [MESSAGE][PASSED] - Call Test Case 'Test Cases/Mobile/Page/Portfolio/Portfolio' successfully

2022-01-07 09:36:27 - [TEST_STEP][PASSED] - callTestCase(findTestCase("Mobile/Page/Run App/Terminate App"), [:], STOP_ON_FAILURE): Call Test Case 'Test Cases/Mobile/Page/Run App/Terminate App' successfully

2022-01-07 09:36:27 - [TEST_CASE][PASSED] - Test Cases/Mobile/Page/Run App/Terminate App: Test Cases/Mobile/Page/Run App/Terminate App

2022-01-07 09:36:27 - [TEST_STEP][PASSED] - startApp.OpenApp.terminateApplication(): startApp.OpenApp.terminateApplication is PASSED

2022-01-07 09:36:30 - [MESSAGE][PASSED] - Delayed 3 second(s)

2022-01-07 09:36:30 - [MESSAGE][PASSED] - Current device physical width is 720

2022-01-07 09:36:30 - [MESSAGE][PASSED] - Current device physical height is 1423

2022-01-07 09:36:32 - [MESSAGE][PASSED] - Swiped from 360,853 to 360,142

2022-01-07 09:36:33 - [MESSAGE][PASSED] - Delayed 1 second(s)

2022-01-07 09:36:34 - [MESSAGE][PASSED] - Swiped from 360,853 to 360,142

2022-01-07 09:36:37 - [MESSAGE][PASSED] - Delayed 3 second(s)

2022-01-07 09:36:37 - [MESSAGE][PASSED] - startApp.OpenApp.terminateApplication is PASSED

2022-01-07 09:36:37 - [MESSAGE][PASSED] - Call Test Case 'Test Cases/Mobile/Page/Run App/Terminate App' successfully]]></system-out>
         <system-err><![CDATA[]]></system-err>
      </testcase>
      <testcase name="Test Cases/Mobile/Scenario/Portfolio/019 - Melihat detail mutual fund 10 year" time="62.815" classname="Test Cases/Mobile/Scenario/Portfolio/019 - Melihat detail mutual fund 10 year" status="PASSED">
         <system-out><![CDATA[2022-01-07 09:36:37 - [TEST_CASE][PASSED] - Test Cases/Mobile/Scenario/Portfolio/019 - Melihat detail mutual fund 10 year: Test Cases/Mobile/Scenario/Portfolio/019 - Melihat detail mutual fund 10 year

2022-01-07 09:36:37 - [TEST_STEP][PASSED] - callTestCase(findTestCase("Mobile/Page/Run App/Run App byID"), [:], STOP_ON_FAILURE): Call Test Case 'Test Cases/Mobile/Page/Run App/Run App byID' successfully

2022-01-07 09:36:37 - [TEST_CASE][PASSED] - Test Cases/Mobile/Page/Run App/Run App byID: Test Cases/Mobile/Page/Run App/Run App byID

2022-01-07 09:36:37 - [TEST_STEP][PASSED] - startApp.OpenApp.startApplication("id.co.miraeasset.sageclub"): startApp.OpenApp.startApplication is PASSED

2022-01-07 09:36:49 - [MESSAGE][PASSED] - Starting app with application ID: 'id.co.miraeasset.sageclub'

2022-01-07 09:36:49 - [MESSAGE][PASSED] - startApp.OpenApp.startApplication is PASSED

2022-01-07 09:36:49 - [MESSAGE][PASSED] - Call Test Case 'Test Cases/Mobile/Page/Run App/Run App byID' successfully

2022-01-07 09:36:49 - [TEST_STEP][PASSED] - callTestCase(findTestCase("Mobile/Page/Portfolio/Portfolio"), ["tab":"mutualfund", "action2":"10 year"], CONTINUE_ON_FAILURE): Call Test Case 'Test Cases/Mobile/Page/Portfolio/Portfolio' successfully

2022-01-07 09:36:49 - [TEST_CASE][PASSED] - Test Cases/Mobile/Page/Portfolio/Portfolio: Test Cases/Mobile/Page/Portfolio/Portfolio

2022-01-07 09:36:49 - [TEST_STEP][PASSED] - callTestCase(findTestCase("Mobile/Page/CheckLogin"), [:], CONTINUE_ON_FAILURE): Call Test Case 'Test Cases/Mobile/Page/CheckLogin' successfully

2022-01-07 09:36:49 - [TEST_CASE][PASSED] - Test Cases/Mobile/Page/CheckLogin: Test Cases/Mobile/Page/CheckLogin

2022-01-07 09:36:49 - [TEST_STEP][PASSED] - loginCheck = verifyElementExist(LOGN_BtnLogin, 5, CONTINUE_ON_FAILURE): Element 'Object Repository/Mobile/Page/Login/Button - Login' is exist

2022-01-07 09:36:51 - [MESSAGE][PASSED] - Element 'Object Repository/Mobile/Page/Login/Button - Login' is exist

2022-01-07 09:36:51 - [TEST_STEP][PASSED] - if (loginCheck): Call Test Case 'Test Cases/Mobile/Page/Login/Login' successfully

2022-01-07 09:36:51 - [TEST_STEP][PASSED] - callTestCase(findTestCase("Mobile/Page/Login/Login"), ["action":"username"], CONTINUE_ON_FAILURE): Call Test Case 'Test Cases/Mobile/Page/Login/Login' successfully

2022-01-07 09:36:51 - [TEST_CASE][PASSED] - Test Cases/Mobile/Page/Login/Login: Test Cases/Mobile/Page/Login/Login

2022-01-07 09:36:51 - [TEST_STEP][PASSED] - delay(2): Delayed 2 second(s)

2022-01-07 09:36:53 - [MESSAGE][PASSED] - Delayed 2 second(s)

2022-01-07 09:36:53 - [TEST_STEP][PASSED] - for ([i = 0, i < 1, (i++)]): null

2022-01-07 09:36:53 - [TEST_STEP][PASSED] - if (action == "username"): null

2022-01-07 09:36:53 - [TEST_STEP][PASSED] - tap(LOGN_EdtUserID, 0): Tapped on element 'Object Repository/Mobile/Page/Login/Input - UserID'

2022-01-07 09:36:53 - [MESSAGE][WARNING] - Timeout '0' is invalid. Using default page load timeout: '60'

2022-01-07 09:36:53 - [MESSAGE][PASSED] - Tapped on element 'Object Repository/Mobile/Page/Login/Input - UserID'

2022-01-07 09:36:53 - [TEST_STEP][PASSED] - delay(1): Delayed 1 second(s)

2022-01-07 09:36:54 - [MESSAGE][PASSED] - Delayed 1 second(s)

2022-01-07 09:36:54 - [TEST_STEP][PASSED] - setText(LOGN_EdtRdyUserID, "anggaaditya", 0): Text 'anggaaditya' has been set to element 'Object Repository/Mobile/Page/Login/Input Rdy - UserID'

2022-01-07 09:36:54 - [MESSAGE][WARNING] - Timeout '0' is invalid. Using default page load timeout: '60'

2022-01-07 09:36:55 - [MESSAGE][PASSED] - Text 'anggaaditya' has been set to element 'Object Repository/Mobile/Page/Login/Input Rdy - UserID'

2022-01-07 09:36:55 - [TEST_STEP][PASSED] - delay(1): Delayed 1 second(s)

2022-01-07 09:36:56 - [MESSAGE][PASSED] - Delayed 1 second(s)

2022-01-07 09:36:56 - [TEST_STEP][PASSED] - hideKeyboard(): Keyboard is hidden

2022-01-07 09:37:00 - [MESSAGE][PASSED] - Keyboard is hidden

2022-01-07 09:37:00 - [TEST_STEP][PASSED] - tap(LOGN_EdtPassword, 0): Tapped on element 'Object Repository/Mobile/Page/Login/Input - Password'

2022-01-07 09:37:00 - [MESSAGE][WARNING] - Timeout '0' is invalid. Using default page load timeout: '60'

2022-01-07 09:37:01 - [MESSAGE][PASSED] - Tapped on element 'Object Repository/Mobile/Page/Login/Input - Password'

2022-01-07 09:37:01 - [TEST_STEP][PASSED] - delay(1): Delayed 1 second(s)

2022-01-07 09:37:02 - [MESSAGE][PASSED] - Delayed 1 second(s)

2022-01-07 09:37:02 - [TEST_STEP][PASSED] - setText(LOGN_EdtRdyPassword, "Shalawa18", 0): Text 'Shalawa18' has been set to element 'Object Repository/Mobile/Page/Login/Input Rdy - Password'

2022-01-07 09:37:02 - [MESSAGE][WARNING] - Timeout '0' is invalid. Using default page load timeout: '60'

2022-01-07 09:37:02 - [MESSAGE][PASSED] - Text 'Shalawa18' has been set to element 'Object Repository/Mobile/Page/Login/Input Rdy - Password'

2022-01-07 09:37:02 - [TEST_STEP][PASSED] - delay(1): Delayed 1 second(s)

2022-01-07 09:37:03 - [MESSAGE][PASSED] - Delayed 1 second(s)

2022-01-07 09:37:03 - [TEST_STEP][PASSED] - hideKeyboard(): Keyboard is hidden

2022-01-07 09:37:10 - [MESSAGE][PASSED] - Keyboard is hidden

2022-01-07 09:37:10 - [TEST_STEP][PASSED] - tap(LOGN_BtnLogin, 0): Tapped on element 'Object Repository/Mobile/Page/Login/Button - Login'

2022-01-07 09:37:10 - [MESSAGE][WARNING] - Timeout '0' is invalid. Using default page load timeout: '60'

2022-01-07 09:37:11 - [MESSAGE][PASSED] - Tapped on element 'Object Repository/Mobile/Page/Login/Button - Login'

2022-01-07 09:37:11 - [TEST_STEP][PASSED] - delay(2): Delayed 2 second(s)

2022-01-07 09:37:13 - [MESSAGE][PASSED] - Delayed 2 second(s)

2022-01-07 09:37:13 - [TEST_STEP][PASSED] - break: null

2022-01-07 09:37:13 - [MESSAGE][PASSED] - Call Test Case 'Test Cases/Mobile/Page/Login/Login' successfully

2022-01-07 09:37:13 - [MESSAGE][PASSED] - Call Test Case 'Test Cases/Mobile/Page/CheckLogin' successfully

2022-01-07 09:37:13 - [TEST_STEP][PASSED] - tap(HOME_MenubarPortfolio, 0): Tapped on element 'Object Repository/Mobile/Page/Home/Menubar - Portfolio'

2022-01-07 09:37:13 - [MESSAGE][WARNING] - Timeout '0' is invalid. Using default page load timeout: '60'

2022-01-07 09:37:14 - [MESSAGE][PASSED] - Tapped on element 'Object Repository/Mobile/Page/Home/Menubar - Portfolio'

2022-01-07 09:37:14 - [TEST_STEP][PASSED] - delay(1): Delayed 1 second(s)

2022-01-07 09:37:15 - [MESSAGE][PASSED] - Delayed 1 second(s)

2022-01-07 09:37:15 - [TEST_STEP][PASSED] - for ([i = 0, i < 1, (i++)]): scroll.scroll.scrollScreenBottomToTop is PASSED

2022-01-07 09:37:15 - [TEST_STEP][PASSED] - if (tab == "summary"): null

2022-01-07 09:37:15 - [TEST_STEP][PASSED] - else if (tab == "stock"): null

2022-01-07 09:37:15 - [TEST_STEP][PASSED] - else if (tab == "mutualfund"): scroll.scroll.scrollScreenBottomToTop is PASSED

2022-01-07 09:37:15 - [TEST_STEP][PASSED] - tap(PORT_TabMutualFund, 0): Tapped on element 'Object Repository/Mobile/Page/Portfolio/Tab - Mutual Fund'

2022-01-07 09:37:15 - [MESSAGE][WARNING] - Timeout '0' is invalid. Using default page load timeout: '60'

2022-01-07 09:37:16 - [MESSAGE][PASSED] - Tapped on element 'Object Repository/Mobile/Page/Portfolio/Tab - Mutual Fund'

2022-01-07 09:37:16 - [TEST_STEP][PASSED] - delay(1): Delayed 1 second(s)

2022-01-07 09:37:17 - [MESSAGE][PASSED] - Delayed 1 second(s)

2022-01-07 09:37:17 - [TEST_STEP][PASSED] - try: scroll.scroll.scrollScreenBottomToTop is PASSED

2022-01-07 09:37:17 - [TEST_STEP][PASSED] - tapAndHold(PORT_ItemTopMutualFund, 1, 10): Tapped and held on element 'Object Repository/Mobile/Page/Portfolio/Item - Top Mutual Fund' with duration 1

2022-01-07 09:37:20 - [MESSAGE][PASSED] - Tapped and held on element 'Object Repository/Mobile/Page/Portfolio/Item - Top Mutual Fund' with duration 1

2022-01-07 09:37:20 - [TEST_STEP][PASSED] - delay(2): Delayed 2 second(s)

2022-01-07 09:37:22 - [MESSAGE][PASSED] - Delayed 2 second(s)

2022-01-07 09:37:22 - [TEST_STEP][PASSED] - switch (action2): null

2022-01-07 09:37:22 - [TEST_STEP][PASSED] - case "10 year":: null

2022-01-07 09:37:22 - [TEST_STEP][PASSED] - tapAndHold(PORT_DETL_Btn10Year, 1, 0): Tapped and held on element 'Object Repository/Mobile/Page/Portfolio/Detail Mutual Funds/Button - 10 Year' with duration 1

2022-01-07 09:37:22 - [MESSAGE][WARNING] - Timeout '0' is invalid. Using default page load timeout: '60'

2022-01-07 09:37:25 - [MESSAGE][PASSED] - Tapped and held on element 'Object Repository/Mobile/Page/Portfolio/Detail Mutual Funds/Button - 10 Year' with duration 1

2022-01-07 09:37:25 - [TEST_STEP][PASSED] - break: null

2022-01-07 09:37:25 - [TEST_STEP][PASSED] - delay(3): Delayed 3 second(s)

2022-01-07 09:37:28 - [MESSAGE][PASSED] - Delayed 3 second(s)

2022-01-07 09:37:28 - [TEST_STEP][PASSED] - scroll.scroll.scrollScreenBottomToTop(): scroll.scroll.scrollScreenBottomToTop is PASSED

2022-01-07 09:37:28 - [MESSAGE][PASSED] - Current device physical height is 1423

2022-01-07 09:37:28 - [MESSAGE][PASSED] - Current device physical width is 720

2022-01-07 09:37:30 - [MESSAGE][PASSED] - Swiped from 360,1,138 to 360,284

2022-01-07 09:37:30 - [MESSAGE][PASSED] - scroll.scroll.scrollScreenBottomToTop is PASSED

2022-01-07 09:37:30 - [MESSAGE][PASSED] - Call Test Case 'Test Cases/Mobile/Page/Portfolio/Portfolio' successfully

2022-01-07 09:37:30 - [TEST_STEP][PASSED] - callTestCase(findTestCase("Mobile/Page/Run App/Terminate App"), [:], STOP_ON_FAILURE): Call Test Case 'Test Cases/Mobile/Page/Run App/Terminate App' successfully

2022-01-07 09:37:30 - [TEST_CASE][PASSED] - Test Cases/Mobile/Page/Run App/Terminate App: Test Cases/Mobile/Page/Run App/Terminate App

2022-01-07 09:37:30 - [TEST_STEP][PASSED] - startApp.OpenApp.terminateApplication(): startApp.OpenApp.terminateApplication is PASSED

2022-01-07 09:37:33 - [MESSAGE][PASSED] - Delayed 3 second(s)

2022-01-07 09:37:33 - [MESSAGE][PASSED] - Current device physical width is 720

2022-01-07 09:37:33 - [MESSAGE][PASSED] - Current device physical height is 1423

2022-01-07 09:37:34 - [MESSAGE][PASSED] - Swiped from 360,853 to 360,142

2022-01-07 09:37:35 - [MESSAGE][PASSED] - Delayed 1 second(s)

2022-01-07 09:37:37 - [MESSAGE][PASSED] - Swiped from 360,853 to 360,142

2022-01-07 09:37:40 - [MESSAGE][PASSED] - Delayed 3 second(s)

2022-01-07 09:37:40 - [MESSAGE][PASSED] - startApp.OpenApp.terminateApplication is PASSED

2022-01-07 09:37:40 - [MESSAGE][PASSED] - Call Test Case 'Test Cases/Mobile/Page/Run App/Terminate App' successfully]]></system-out>
         <system-err><![CDATA[]]></system-err>
      </testcase>
      <system-out><![CDATA[2022-01-07 09:16:31 - [TEST_SUITE][PASSED] - portfolio: Test Cases/Mobile/Scenario/Portfolio/019 - Melihat detail mutual fund 10 year]]></system-out>
      <system-err><![CDATA[]]></system-err>
   </testsuite>
</testsuites>
