<?xml version="1.0" encoding="UTF-8"?>
<testsuites name="news" time="395.805" tests="5" failures="0" skips="0" errors="0">
   <testsuite name="news" tests="5" failures="0" errors="0" time="395.805" skips="0" timestamp="2022-03-10 11:27:37" hostname="Owner - aldy-tft" id="Test Suites/news">
      <properties>
         <property name="deviceName" value="samsung SM-A205F (Android 11)"/>
         <property name="devicePlatform" value=""/>
         <property name="logFolder" value="C:\\Users\\Owner\\Documents\\kerjaan\\KatalonProject\\qa_katalon_pwm\\qa_katalon_pwm\\Reports\\20220310_112712\\news\\20220310_112715"/>
         <property name="logFiles" value="C:\\Users\\Owner\\Documents\\kerjaan\\KatalonProject\\qa_katalon_pwm\\qa_katalon_pwm\\Reports\\20220310_112712\\news\\20220310_112715\\appium.log, C:\\Users\\Owner\\Documents\\kerjaan\\KatalonProject\\qa_katalon_pwm\\qa_katalon_pwm\\Reports\\20220310_112712\\news\\20220310_112715\\execution0.log"/>
         <property name="attachments" value=""/>
         <property name="hostName" value="Owner - aldy-tft"/>
         <property name="os" value="Windows 10 64bit"/>
         <property name="appiumServerStatus" value="{&quot;value&quot;:{&quot;build&quot;:{&quot;version&quot;:&quot;1.22.0&quot;}},&quot;sessionId&quot;:null,&quot;status&quot;:0}"/>
         <property name="katalonVersion" value="7.9.1.208"/>
         <property name="deviceOS" value="Android"/>
         <property name="appiumVersion" value="1.22.0"/>
         <property name="deviceModel" value="SM-A205F"/>
         <property name="hostAddress" value="192.168.82.223"/>
         <property name="deviceManufacturer" value="samsung"/>
         <property name="deviceId" value="RR8M40C9AXE"/>
         <property name="deviceName" value="samsung SM-A205F (Android 11)"/>
         <property name="deviceOSVersion" value="11"/>
      </properties>
      <testcase name="Test Cases/Mobile/Scenario/News/001 - News World Indices" time="124.62" classname="Test Cases/Mobile/Scenario/News/001 - News World Indices" status="PASSED">
         <system-out><![CDATA[2022-03-10 11:27:39 - [TEST_CASE][PASSED] - Test Cases/Mobile/Scenario/News/001 - News World Indices: Test Cases/Mobile/Scenario/News/001 - News World Indices

2022-03-10 11:27:40 - [TEST_STEP][PASSED] - callTestCase(findTestCase("Mobile/Page/Run App/Run App byID"), [:], STOP_ON_FAILURE): Call Test Case 'Test Cases/Mobile/Page/Run App/Run App byID' successfully

2022-03-10 11:27:41 - [TEST_CASE][PASSED] - Test Cases/Mobile/Page/Run App/Run App byID: Test Cases/Mobile/Page/Run App/Run App byID

2022-03-10 11:27:42 - [TEST_STEP][PASSED] - startApp.OpenApp.startApplication("id.co.miraeasset.sageclub"): startApp.OpenApp.startApplication is PASSED

2022-03-10 11:27:46 - [MESSAGE][INFO] - Appium server started on port 65,474

2022-03-10 11:28:06 - [MESSAGE][PASSED] - Starting app with application ID: 'id.co.miraeasset.sageclub'

2022-03-10 11:28:06 - [MESSAGE][PASSED] - startApp.OpenApp.startApplication is PASSED

2022-03-10 11:28:06 - [MESSAGE][PASSED] - Call Test Case 'Test Cases/Mobile/Page/Run App/Run App byID' successfully

2022-03-10 11:28:06 - [TEST_STEP][PASSED] - callTestCase(findTestCase("Mobile/Page/News/News"), ["tab":"worldindices"], CONTINUE_ON_FAILURE): Call Test Case 'Test Cases/Mobile/Page/News/News' successfully

2022-03-10 11:28:07 - [TEST_CASE][PASSED] - Test Cases/Mobile/Page/News/News: Test Cases/Mobile/Page/News/News

2022-03-10 11:28:08 - [TEST_STEP][PASSED] - callTestCase(findTestCase("Mobile/Page/CheckLogin"), [:], CONTINUE_ON_FAILURE): Call Test Case 'Test Cases/Mobile/Page/CheckLogin' successfully

2022-03-10 11:28:08 - [TEST_CASE][PASSED] - Test Cases/Mobile/Page/CheckLogin: Test Cases/Mobile/Page/CheckLogin

2022-03-10 11:28:09 - [TEST_STEP][PASSED] - loginCheck = verifyElementExist(LOGN_BtnLogin, 5, CONTINUE_ON_FAILURE): Element 'Object Repository/Mobile/Page/Login/Button - Login' is exist

2022-03-10 11:28:09 - [MESSAGE][WARNING] - Test object with id 'Object Repository/Mobile/Page/Analysis/Button - Open With Just Once' does not exist

2022-03-10 11:28:09 - [MESSAGE][WARNING] - Test object with id 'Object Repository/Mobile/Page/Analysis/Button - Search' does not exist

2022-03-10 11:28:13 - [MESSAGE][WARNING] - Test object with id 'Object Repository/Mobile/Page/Home/Button -  Add Watchlist' does not exist

2022-03-10 11:28:14 - [MESSAGE][WARNING] - Test object with id 'Object Repository/Mobile/Page/Home/Button - Open with Just Once' does not exist

2022-03-10 11:28:14 - [MESSAGE][WARNING] - Test object with id 'Object Repository/Mobile/Page/Home/Container - Notification' does not exist

2022-03-10 11:28:15 - [MESSAGE][WARNING] - Test object with id 'Object Repository/Mobile/Page/Home/Watchlist/Input - Search' does not exist

2022-03-10 11:28:15 - [MESSAGE][WARNING] - Test object with id 'Object Repository/Mobile/Page/Home/Watchlist/Item - Top Search' does not exist

2022-03-10 11:28:16 - [MESSAGE][WARNING] - Test object with id 'Object Repository/Mobile/Page/Home/Watchlist/Detail Watchlist/Input - Expiry Date' does not exist

2022-03-10 11:28:17 - [MESSAGE][WARNING] - Test object with id 'Object Repository/Mobile/Page/Home/Watchlist/Detail Watchlist/Item - Watchlist' does not exist

2022-03-10 11:28:19 - [MESSAGE][WARNING] - Test object with id 'Object Repository/Mobile/Page/NavigationMenu/Button - Open Just Once' does not exist

2022-03-10 11:28:19 - [MESSAGE][WARNING] - Test object with id 'Object Repository/Mobile/Page/NavigationMenu/Container - Logout' does not exist

2022-03-10 11:28:28 - [MESSAGE][WARNING] - Test object with id 'Object Repository/Mobile/Page/Analysis/Button - Open With Just Once' does not exist

2022-03-10 11:28:28 - [MESSAGE][WARNING] - Test object with id 'Object Repository/Mobile/Page/Analysis/Button - Search' does not exist

2022-03-10 11:28:32 - [MESSAGE][WARNING] - Test object with id 'Object Repository/Mobile/Page/Home/Button -  Add Watchlist' does not exist

2022-03-10 11:28:32 - [MESSAGE][WARNING] - Test object with id 'Object Repository/Mobile/Page/Home/Button - Open with Just Once' does not exist

2022-03-10 11:28:32 - [MESSAGE][WARNING] - Test object with id 'Object Repository/Mobile/Page/Home/Container - Notification' does not exist

2022-03-10 11:28:33 - [MESSAGE][WARNING] - Test object with id 'Object Repository/Mobile/Page/Home/Watchlist/Input - Search' does not exist

2022-03-10 11:28:33 - [MESSAGE][WARNING] - Test object with id 'Object Repository/Mobile/Page/Home/Watchlist/Item - Top Search' does not exist

2022-03-10 11:28:34 - [MESSAGE][WARNING] - Test object with id 'Object Repository/Mobile/Page/Home/Watchlist/Detail Watchlist/Input - Expiry Date' does not exist

2022-03-10 11:28:35 - [MESSAGE][WARNING] - Test object with id 'Object Repository/Mobile/Page/Home/Watchlist/Detail Watchlist/Item - Watchlist' does not exist

2022-03-10 11:28:36 - [MESSAGE][WARNING] - Test object with id 'Object Repository/Mobile/Page/NavigationMenu/Button - Open Just Once' does not exist

2022-03-10 11:28:37 - [MESSAGE][WARNING] - Test object with id 'Object Repository/Mobile/Page/NavigationMenu/Container - Logout' does not exist

2022-03-10 11:28:46 - [MESSAGE][PASSED] - Element 'Object Repository/Mobile/Page/Login/Button - Login' is exist

2022-03-10 11:28:46 - [TEST_STEP][PASSED] - if (loginCheck): Call Test Case 'Test Cases/Mobile/Page/Login/Login' successfully

2022-03-10 11:28:46 - [TEST_STEP][PASSED] - callTestCase(findTestCase("Mobile/Page/Login/Login"), ["action":"username"], CONTINUE_ON_FAILURE): Call Test Case 'Test Cases/Mobile/Page/Login/Login' successfully

2022-03-10 11:28:46 - [TEST_CASE][PASSED] - Test Cases/Mobile/Page/Login/Login: Test Cases/Mobile/Page/Login/Login

2022-03-10 11:28:47 - [TEST_STEP][PASSED] - delay(2): Delayed 2 second(s)

2022-03-10 11:28:49 - [MESSAGE][PASSED] - Delayed 2 second(s)

2022-03-10 11:28:49 - [TEST_STEP][PASSED] - for ([i = 0, i < 1, (i++)]): null

2022-03-10 11:28:49 - [TEST_STEP][PASSED] - if (action == "username"): null

2022-03-10 11:28:49 - [TEST_STEP][PASSED] - tap(LOGN_EdtUserID, 0): Tapped on element 'Object Repository/Mobile/Page/Login/Input - UserID'

2022-03-10 11:28:49 - [MESSAGE][WARNING] - Timeout '0' is invalid. Using default page load timeout: '60'

2022-03-10 11:28:49 - [MESSAGE][PASSED] - Tapped on element 'Object Repository/Mobile/Page/Login/Input - UserID'

2022-03-10 11:28:49 - [TEST_STEP][PASSED] - delay(1): Delayed 1 second(s)

2022-03-10 11:28:50 - [MESSAGE][PASSED] - Delayed 1 second(s)

2022-03-10 11:28:50 - [TEST_STEP][PASSED] - setText(LOGN_EdtRdyUserID, "anggaaditya", 0): Text 'anggaaditya' has been set to element 'Object Repository/Mobile/Page/Login/Input Rdy - UserID'

2022-03-10 11:28:50 - [MESSAGE][WARNING] - Timeout '0' is invalid. Using default page load timeout: '60'

2022-03-10 11:28:51 - [MESSAGE][PASSED] - Text 'anggaaditya' has been set to element 'Object Repository/Mobile/Page/Login/Input Rdy - UserID'

2022-03-10 11:28:51 - [TEST_STEP][PASSED] - delay(1): Delayed 1 second(s)

2022-03-10 11:28:52 - [MESSAGE][PASSED] - Delayed 1 second(s)

2022-03-10 11:28:52 - [TEST_STEP][PASSED] - hideKeyboard(): Keyboard is hidden

2022-03-10 11:28:56 - [MESSAGE][PASSED] - Keyboard is hidden

2022-03-10 11:28:56 - [TEST_STEP][PASSED] - tap(LOGN_EdtPassword, 0): Tapped on element 'Object Repository/Mobile/Page/Login/Input - Password'

2022-03-10 11:28:56 - [MESSAGE][WARNING] - Timeout '0' is invalid. Using default page load timeout: '60'

2022-03-10 11:28:56 - [MESSAGE][PASSED] - Tapped on element 'Object Repository/Mobile/Page/Login/Input - Password'

2022-03-10 11:28:56 - [TEST_STEP][PASSED] - delay(1): Delayed 1 second(s)

2022-03-10 11:28:57 - [MESSAGE][PASSED] - Delayed 1 second(s)

2022-03-10 11:28:57 - [TEST_STEP][PASSED] - setText(LOGN_EdtRdyPassword, "Shalawa18", 0): Text 'Shalawa18' has been set to element 'Object Repository/Mobile/Page/Login/Input Rdy - Password'

2022-03-10 11:28:57 - [MESSAGE][WARNING] - Timeout '0' is invalid. Using default page load timeout: '60'

2022-03-10 11:28:58 - [MESSAGE][PASSED] - Text 'Shalawa18' has been set to element 'Object Repository/Mobile/Page/Login/Input Rdy - Password'

2022-03-10 11:28:58 - [TEST_STEP][PASSED] - delay(1): Delayed 1 second(s)

2022-03-10 11:28:59 - [MESSAGE][PASSED] - Delayed 1 second(s)

2022-03-10 11:28:59 - [TEST_STEP][PASSED] - hideKeyboard(): Keyboard is hidden

2022-03-10 11:29:05 - [MESSAGE][PASSED] - Keyboard is hidden

2022-03-10 11:29:05 - [TEST_STEP][PASSED] - tap(LOGN_BtnLogin, 0): Tapped on element 'Object Repository/Mobile/Page/Login/Button - Login'

2022-03-10 11:29:05 - [MESSAGE][WARNING] - Timeout '0' is invalid. Using default page load timeout: '60'

2022-03-10 11:29:06 - [MESSAGE][PASSED] - Tapped on element 'Object Repository/Mobile/Page/Login/Button - Login'

2022-03-10 11:29:06 - [TEST_STEP][PASSED] - delay(2): Delayed 2 second(s)

2022-03-10 11:29:08 - [MESSAGE][PASSED] - Delayed 2 second(s)

2022-03-10 11:29:08 - [TEST_STEP][PASSED] - break: null

2022-03-10 11:29:08 - [MESSAGE][PASSED] - Call Test Case 'Test Cases/Mobile/Page/Login/Login' successfully

2022-03-10 11:29:08 - [MESSAGE][PASSED] - Call Test Case 'Test Cases/Mobile/Page/CheckLogin' successfully

2022-03-10 11:29:08 - [TEST_STEP][PASSED] - tap(HOME_MenubarNews, 0): Tapped on element 'Object Repository/Mobile/Page/Home/Menubar - News'

2022-03-10 11:29:08 - [MESSAGE][WARNING] - Timeout '0' is invalid. Using default page load timeout: '60'

2022-03-10 11:29:10 - [MESSAGE][PASSED] - Tapped on element 'Object Repository/Mobile/Page/Home/Menubar - News'

2022-03-10 11:29:10 - [TEST_STEP][PASSED] - delay(3): Delayed 3 second(s)

2022-03-10 11:29:13 - [MESSAGE][PASSED] - Delayed 3 second(s)

2022-03-10 11:29:13 - [TEST_STEP][PASSED] - for ([i = 0, i < 1, (i++)]): null

2022-03-10 11:29:13 - [TEST_STEP][PASSED] - if (tab == "macronews"): null

2022-03-10 11:29:13 - [TEST_STEP][PASSED] - else if (tab == "stocknews"): null

2022-03-10 11:29:13 - [TEST_STEP][PASSED] - else if (tab == "fundnews"): null

2022-03-10 11:29:13 - [TEST_STEP][PASSED] - else if (tab == "bondnews"): null

2022-03-10 11:29:13 - [TEST_STEP][PASSED] - else if (tab == "worldindices"): Delayed 3 second(s)

2022-03-10 11:29:13 - [TEST_STEP][PASSED] - scroll.scroll.scrollScreenRightToLeft(NEWS_TabMacro): scroll.scroll.scrollScreenRightToLeft is PASSED

2022-03-10 11:29:13 - [MESSAGE][WARNING] - Timeout '0' is invalid. Using default page load timeout: '60'

2022-03-10 11:29:13 - [MESSAGE][PASSED] - Object 'Object Repository/Mobile/Page/News/Tab - Macro' has left position '14'

2022-03-10 11:29:13 - [MESSAGE][WARNING] - Timeout '0' is invalid. Using default page load timeout: '60'

2022-03-10 11:29:13 - [MESSAGE][PASSED] - Object 'Object Repository/Mobile/Page/News/Tab - Macro' has top position '245'

2022-03-10 11:29:13 - [MESSAGE][WARNING] - Timeout '0' is invalid. Using default page load timeout: '60'

2022-03-10 11:29:14 - [MESSAGE][PASSED] - Object 'Object Repository/Mobile/Page/News/Tab - Macro' has width: '215'

2022-03-10 11:29:14 - [MESSAGE][WARNING] - Timeout '0' is invalid. Using default page load timeout: '60'

2022-03-10 11:29:14 - [MESSAGE][PASSED] - Object 'Object Repository/Mobile/Page/News/Tab - Macro' has height: '84'

2022-03-10 11:29:14 - [MESSAGE][PASSED] - Current device physical width is 720

2022-03-10 11:29:15 - [MESSAGE][PASSED] - Swiped from 620,287 to 100,287

2022-03-10 11:29:15 - [MESSAGE][PASSED] - scroll.scroll.scrollScreenRightToLeft is PASSED

2022-03-10 11:29:15 - [TEST_STEP][PASSED] - delay(1): Delayed 1 second(s)

2022-03-10 11:29:16 - [MESSAGE][PASSED] - Delayed 1 second(s)

2022-03-10 11:29:16 - [TEST_STEP][PASSED] - tap(NEWS_TabWorldIndices, 0): Tapped on element 'Object Repository/Mobile/Page/News/Tab - World Indices'

2022-03-10 11:29:16 - [MESSAGE][WARNING] - Timeout '0' is invalid. Using default page load timeout: '60'

2022-03-10 11:29:18 - [MESSAGE][PASSED] - Tapped on element 'Object Repository/Mobile/Page/News/Tab - World Indices'

2022-03-10 11:29:18 - [TEST_STEP][PASSED] - delay(1): Delayed 1 second(s)

2022-03-10 11:29:19 - [MESSAGE][PASSED] - Delayed 1 second(s)

2022-03-10 11:29:19 - [TEST_STEP][PASSED] - tap(NEWS_BtnIndices, 0): Tapped on element 'Object Repository/Mobile/Page/News/Button - Indices'

2022-03-10 11:29:19 - [MESSAGE][WARNING] - Timeout '0' is invalid. Using default page load timeout: '60'

2022-03-10 11:29:20 - [MESSAGE][PASSED] - Tapped on element 'Object Repository/Mobile/Page/News/Button - Indices'

2022-03-10 11:29:20 - [TEST_STEP][PASSED] - delay(3): Delayed 3 second(s)

2022-03-10 11:29:23 - [MESSAGE][PASSED] - Delayed 3 second(s)

2022-03-10 11:29:23 - [TEST_STEP][PASSED] - tap(NEWS_BtnCurrencies, 0): Tapped on element 'Object Repository/Mobile/Page/News/Button - Currencies'

2022-03-10 11:29:23 - [MESSAGE][WARNING] - Timeout '0' is invalid. Using default page load timeout: '60'

2022-03-10 11:29:24 - [MESSAGE][PASSED] - Tapped on element 'Object Repository/Mobile/Page/News/Button - Currencies'

2022-03-10 11:29:24 - [TEST_STEP][PASSED] - delay(3): Delayed 3 second(s)

2022-03-10 11:29:27 - [MESSAGE][PASSED] - Delayed 3 second(s)

2022-03-10 11:29:27 - [TEST_STEP][PASSED] - tap(NEWS_BtnCommodities, 0): Tapped on element 'Object Repository/Mobile/Page/News/Button - Commodities'

2022-03-10 11:29:27 - [MESSAGE][WARNING] - Timeout '0' is invalid. Using default page load timeout: '60'

2022-03-10 11:29:28 - [MESSAGE][PASSED] - Tapped on element 'Object Repository/Mobile/Page/News/Button - Commodities'

2022-03-10 11:29:28 - [TEST_STEP][PASSED] - delay(3): Delayed 3 second(s)

2022-03-10 11:29:31 - [MESSAGE][PASSED] - Delayed 3 second(s)

2022-03-10 11:29:31 - [TEST_STEP][PASSED] - delay(1): Delayed 1 second(s)

2022-03-10 11:29:32 - [MESSAGE][PASSED] - Delayed 1 second(s)

2022-03-10 11:29:32 - [TEST_STEP][PASSED] - if (tab != "worldindices"): null

2022-03-10 11:29:32 - [MESSAGE][PASSED] - Call Test Case 'Test Cases/Mobile/Page/News/News' successfully

2022-03-10 11:29:32 - [TEST_STEP][PASSED] - callTestCase(findTestCase("Mobile/Page/Run App/Terminate App"), [:], STOP_ON_FAILURE): Call Test Case 'Test Cases/Mobile/Page/Run App/Terminate App' successfully

2022-03-10 11:29:32 - [TEST_CASE][PASSED] - Test Cases/Mobile/Page/Run App/Terminate App: Test Cases/Mobile/Page/Run App/Terminate App

2022-03-10 11:29:33 - [TEST_STEP][PASSED] - startApp.OpenApp.terminateApplication(): startApp.OpenApp.terminateApplication is PASSED

2022-03-10 11:29:37 - [MESSAGE][PASSED] - Delayed 3 second(s)

2022-03-10 11:29:37 - [MESSAGE][PASSED] - Current device physical width is 720

2022-03-10 11:29:37 - [MESSAGE][PASSED] - Current device physical height is 1423

2022-03-10 11:29:39 - [MESSAGE][PASSED] - Swiped from 360,853 to 360,142

2022-03-10 11:29:40 - [MESSAGE][PASSED] - Delayed 1 second(s)

2022-03-10 11:29:41 - [MESSAGE][PASSED] - Swiped from 360,853 to 360,142

2022-03-10 11:29:44 - [MESSAGE][PASSED] - Delayed 3 second(s)

2022-03-10 11:29:44 - [MESSAGE][PASSED] - startApp.OpenApp.terminateApplication is PASSED

2022-03-10 11:29:44 - [MESSAGE][PASSED] - Call Test Case 'Test Cases/Mobile/Page/Run App/Terminate App' successfully]]></system-out>
         <system-err><![CDATA[]]></system-err>
      </testcase>
      <testcase name="Test Cases/Mobile/Scenario/News/002 - News Stock" time="69.378" classname="Test Cases/Mobile/Scenario/News/002 - News Stock" status="PASSED">
         <system-out><![CDATA[2022-03-10 11:29:44 - [TEST_CASE][PASSED] - Test Cases/Mobile/Scenario/News/002 - News Stock: Test Cases/Mobile/Scenario/News/002 - News Stock

2022-03-10 11:29:45 - [TEST_STEP][PASSED] - callTestCase(findTestCase("Mobile/Page/Run App/Run App byID"), [:], STOP_ON_FAILURE): Call Test Case 'Test Cases/Mobile/Page/Run App/Run App byID' successfully

2022-03-10 11:29:45 - [TEST_CASE][PASSED] - Test Cases/Mobile/Page/Run App/Run App byID: Test Cases/Mobile/Page/Run App/Run App byID

2022-03-10 11:29:45 - [TEST_STEP][PASSED] - startApp.OpenApp.startApplication("id.co.miraeasset.sageclub"): startApp.OpenApp.startApplication is PASSED

2022-03-10 11:29:58 - [MESSAGE][PASSED] - Starting app with application ID: 'id.co.miraeasset.sageclub'

2022-03-10 11:29:58 - [MESSAGE][PASSED] - startApp.OpenApp.startApplication is PASSED

2022-03-10 11:29:58 - [MESSAGE][PASSED] - Call Test Case 'Test Cases/Mobile/Page/Run App/Run App byID' successfully

2022-03-10 11:29:58 - [TEST_STEP][PASSED] - callTestCase(findTestCase("Mobile/Page/News/News"), ["tab":"stocknews"], CONTINUE_ON_FAILURE): Call Test Case 'Test Cases/Mobile/Page/News/News' successfully

2022-03-10 11:29:58 - [TEST_CASE][PASSED] - Test Cases/Mobile/Page/News/News: Test Cases/Mobile/Page/News/News

2022-03-10 11:29:58 - [TEST_STEP][PASSED] - callTestCase(findTestCase("Mobile/Page/CheckLogin"), [:], CONTINUE_ON_FAILURE): Call Test Case 'Test Cases/Mobile/Page/CheckLogin' successfully

2022-03-10 11:29:59 - [TEST_CASE][PASSED] - Test Cases/Mobile/Page/CheckLogin: Test Cases/Mobile/Page/CheckLogin

2022-03-10 11:29:59 - [TEST_STEP][PASSED] - loginCheck = verifyElementExist(LOGN_BtnLogin, 5, CONTINUE_ON_FAILURE): Element 'Object Repository/Mobile/Page/Login/Button - Login' is exist

2022-03-10 11:30:01 - [MESSAGE][PASSED] - Element 'Object Repository/Mobile/Page/Login/Button - Login' is exist

2022-03-10 11:30:01 - [TEST_STEP][PASSED] - if (loginCheck): Call Test Case 'Test Cases/Mobile/Page/Login/Login' successfully

2022-03-10 11:30:01 - [TEST_STEP][PASSED] - callTestCase(findTestCase("Mobile/Page/Login/Login"), ["action":"username"], CONTINUE_ON_FAILURE): Call Test Case 'Test Cases/Mobile/Page/Login/Login' successfully

2022-03-10 11:30:01 - [TEST_CASE][PASSED] - Test Cases/Mobile/Page/Login/Login: Test Cases/Mobile/Page/Login/Login

2022-03-10 11:30:01 - [TEST_STEP][PASSED] - delay(2): Delayed 2 second(s)

2022-03-10 11:30:03 - [MESSAGE][PASSED] - Delayed 2 second(s)

2022-03-10 11:30:03 - [TEST_STEP][PASSED] - for ([i = 0, i < 1, (i++)]): null

2022-03-10 11:30:03 - [TEST_STEP][PASSED] - if (action == "username"): null

2022-03-10 11:30:03 - [TEST_STEP][PASSED] - tap(LOGN_EdtUserID, 0): Tapped on element 'Object Repository/Mobile/Page/Login/Input - UserID'

2022-03-10 11:30:03 - [MESSAGE][WARNING] - Timeout '0' is invalid. Using default page load timeout: '60'

2022-03-10 11:30:03 - [MESSAGE][PASSED] - Tapped on element 'Object Repository/Mobile/Page/Login/Input - UserID'

2022-03-10 11:30:03 - [TEST_STEP][PASSED] - delay(1): Delayed 1 second(s)

2022-03-10 11:30:04 - [MESSAGE][PASSED] - Delayed 1 second(s)

2022-03-10 11:30:04 - [TEST_STEP][PASSED] - setText(LOGN_EdtRdyUserID, "anggaaditya", 0): Text 'anggaaditya' has been set to element 'Object Repository/Mobile/Page/Login/Input Rdy - UserID'

2022-03-10 11:30:04 - [MESSAGE][WARNING] - Timeout '0' is invalid. Using default page load timeout: '60'

2022-03-10 11:30:05 - [MESSAGE][PASSED] - Text 'anggaaditya' has been set to element 'Object Repository/Mobile/Page/Login/Input Rdy - UserID'

2022-03-10 11:30:05 - [TEST_STEP][PASSED] - delay(1): Delayed 1 second(s)

2022-03-10 11:30:06 - [MESSAGE][PASSED] - Delayed 1 second(s)

2022-03-10 11:30:06 - [TEST_STEP][PASSED] - hideKeyboard(): Keyboard is hidden

2022-03-10 11:30:14 - [MESSAGE][PASSED] - Keyboard is hidden

2022-03-10 11:30:14 - [TEST_STEP][PASSED] - tap(LOGN_EdtPassword, 0): Tapped on element 'Object Repository/Mobile/Page/Login/Input - Password'

2022-03-10 11:30:14 - [MESSAGE][WARNING] - Timeout '0' is invalid. Using default page load timeout: '60'

2022-03-10 11:30:15 - [MESSAGE][PASSED] - Tapped on element 'Object Repository/Mobile/Page/Login/Input - Password'

2022-03-10 11:30:15 - [TEST_STEP][PASSED] - delay(1): Delayed 1 second(s)

2022-03-10 11:30:16 - [MESSAGE][PASSED] - Delayed 1 second(s)

2022-03-10 11:30:16 - [TEST_STEP][PASSED] - setText(LOGN_EdtRdyPassword, "Shalawa18", 0): Text 'Shalawa18' has been set to element 'Object Repository/Mobile/Page/Login/Input Rdy - Password'

2022-03-10 11:30:16 - [MESSAGE][WARNING] - Timeout '0' is invalid. Using default page load timeout: '60'

2022-03-10 11:30:17 - [MESSAGE][PASSED] - Text 'Shalawa18' has been set to element 'Object Repository/Mobile/Page/Login/Input Rdy - Password'

2022-03-10 11:30:17 - [TEST_STEP][PASSED] - delay(1): Delayed 1 second(s)

2022-03-10 11:30:18 - [MESSAGE][PASSED] - Delayed 1 second(s)

2022-03-10 11:30:18 - [TEST_STEP][PASSED] - hideKeyboard(): Keyboard is hidden

2022-03-10 11:30:25 - [MESSAGE][PASSED] - Keyboard is hidden

2022-03-10 11:30:25 - [TEST_STEP][PASSED] - tap(LOGN_BtnLogin, 0): Tapped on element 'Object Repository/Mobile/Page/Login/Button - Login'

2022-03-10 11:30:25 - [MESSAGE][WARNING] - Timeout '0' is invalid. Using default page load timeout: '60'

2022-03-10 11:30:25 - [MESSAGE][PASSED] - Tapped on element 'Object Repository/Mobile/Page/Login/Button - Login'

2022-03-10 11:30:25 - [TEST_STEP][PASSED] - delay(2): Delayed 2 second(s)

2022-03-10 11:30:27 - [MESSAGE][PASSED] - Delayed 2 second(s)

2022-03-10 11:30:27 - [TEST_STEP][PASSED] - break: null

2022-03-10 11:30:27 - [MESSAGE][PASSED] - Call Test Case 'Test Cases/Mobile/Page/Login/Login' successfully

2022-03-10 11:30:27 - [MESSAGE][PASSED] - Call Test Case 'Test Cases/Mobile/Page/CheckLogin' successfully

2022-03-10 11:30:27 - [TEST_STEP][PASSED] - tap(HOME_MenubarNews, 0): Tapped on element 'Object Repository/Mobile/Page/Home/Menubar - News'

2022-03-10 11:30:27 - [MESSAGE][WARNING] - Timeout '0' is invalid. Using default page load timeout: '60'

2022-03-10 11:30:29 - [MESSAGE][PASSED] - Tapped on element 'Object Repository/Mobile/Page/Home/Menubar - News'

2022-03-10 11:30:29 - [TEST_STEP][PASSED] - delay(3): Delayed 3 second(s)

2022-03-10 11:30:33 - [MESSAGE][PASSED] - Delayed 3 second(s)

2022-03-10 11:30:33 - [TEST_STEP][PASSED] - for ([i = 0, i < 1, (i++)]): Delayed 3 second(s)

2022-03-10 11:30:33 - [TEST_STEP][PASSED] - if (tab == "macronews"): null

2022-03-10 11:30:33 - [TEST_STEP][PASSED] - else if (tab == "stocknews"): Tapped on element 'Object Repository/Mobile/Page/News/Tab - Stock'

2022-03-10 11:30:33 - [TEST_STEP][PASSED] - tap(NEWS_TabStock, 0): Tapped on element 'Object Repository/Mobile/Page/News/Tab - Stock'

2022-03-10 11:30:33 - [MESSAGE][WARNING] - Timeout '0' is invalid. Using default page load timeout: '60'

2022-03-10 11:30:33 - [MESSAGE][PASSED] - Tapped on element 'Object Repository/Mobile/Page/News/Tab - Stock'

2022-03-10 11:30:33 - [TEST_STEP][PASSED] - delay(1): Delayed 1 second(s)

2022-03-10 11:30:34 - [MESSAGE][PASSED] - Delayed 1 second(s)

2022-03-10 11:30:34 - [TEST_STEP][PASSED] - if (tab != "worldindices"): Delayed 3 second(s)

2022-03-10 11:30:34 - [TEST_STEP][PASSED] - try: Delayed 3 second(s)

2022-03-10 11:30:34 - [TEST_STEP][PASSED] - tapAndHold(NEWS_ItemTopNews, 1, 10): Tapped and held on element 'Object Repository/Mobile/Page/News/Item - Top News' with duration 1

2022-03-10 11:30:37 - [MESSAGE][PASSED] - Tapped and held on element 'Object Repository/Mobile/Page/News/Item - Top News' with duration 1

2022-03-10 11:30:37 - [TEST_STEP][PASSED] - delay(1): Delayed 1 second(s)

2022-03-10 11:30:38 - [MESSAGE][PASSED] - Delayed 1 second(s)

2022-03-10 11:30:38 - [TEST_STEP][PASSED] - scroll.scroll.scrollScreenBottomToTop(): scroll.scroll.scrollScreenBottomToTop is PASSED

2022-03-10 11:30:38 - [MESSAGE][PASSED] - Current device physical height is 1423

2022-03-10 11:30:38 - [MESSAGE][PASSED] - Current device physical width is 720

2022-03-10 11:30:40 - [MESSAGE][PASSED] - Swiped from 360,1,138 to 360,284

2022-03-10 11:30:40 - [MESSAGE][PASSED] - scroll.scroll.scrollScreenBottomToTop is PASSED

2022-03-10 11:30:40 - [TEST_STEP][PASSED] - delay(3): Delayed 3 second(s)

2022-03-10 11:30:43 - [MESSAGE][PASSED] - Delayed 3 second(s)

2022-03-10 11:30:43 - [MESSAGE][PASSED] - Call Test Case 'Test Cases/Mobile/Page/News/News' successfully

2022-03-10 11:30:43 - [TEST_STEP][PASSED] - callTestCase(findTestCase("Mobile/Page/Run App/Terminate App"), [:], STOP_ON_FAILURE): Call Test Case 'Test Cases/Mobile/Page/Run App/Terminate App' successfully

2022-03-10 11:30:43 - [TEST_CASE][PASSED] - Test Cases/Mobile/Page/Run App/Terminate App: Test Cases/Mobile/Page/Run App/Terminate App

2022-03-10 11:30:43 - [TEST_STEP][PASSED] - startApp.OpenApp.terminateApplication(): startApp.OpenApp.terminateApplication is PASSED

2022-03-10 11:30:46 - [MESSAGE][PASSED] - Delayed 3 second(s)

2022-03-10 11:30:46 - [MESSAGE][PASSED] - Current device physical width is 720

2022-03-10 11:30:47 - [MESSAGE][PASSED] - Current device physical height is 1423

2022-03-10 11:30:48 - [MESSAGE][PASSED] - Swiped from 360,853 to 360,142

2022-03-10 11:30:49 - [MESSAGE][PASSED] - Delayed 1 second(s)

2022-03-10 11:30:50 - [MESSAGE][PASSED] - Swiped from 360,853 to 360,142

2022-03-10 11:30:53 - [MESSAGE][PASSED] - Delayed 3 second(s)

2022-03-10 11:30:53 - [MESSAGE][PASSED] - startApp.OpenApp.terminateApplication is PASSED

2022-03-10 11:30:53 - [MESSAGE][PASSED] - Call Test Case 'Test Cases/Mobile/Page/Run App/Terminate App' successfully]]></system-out>
         <system-err><![CDATA[]]></system-err>
      </testcase>
      <testcase name="Test Cases/Mobile/Scenario/News/003 - News Fund" time="66.004" classname="Test Cases/Mobile/Scenario/News/003 - News Fund" status="PASSED">
         <system-out><![CDATA[2022-03-10 11:30:53 - [TEST_CASE][PASSED] - Test Cases/Mobile/Scenario/News/003 - News Fund: Test Cases/Mobile/Scenario/News/003 - News Fund

2022-03-10 11:30:54 - [TEST_STEP][PASSED] - callTestCase(findTestCase("Mobile/Page/Run App/Run App byID"), [:], STOP_ON_FAILURE): Call Test Case 'Test Cases/Mobile/Page/Run App/Run App byID' successfully

2022-03-10 11:30:54 - [TEST_CASE][PASSED] - Test Cases/Mobile/Page/Run App/Run App byID: Test Cases/Mobile/Page/Run App/Run App byID

2022-03-10 11:30:54 - [TEST_STEP][PASSED] - startApp.OpenApp.startApplication("id.co.miraeasset.sageclub"): startApp.OpenApp.startApplication is PASSED

2022-03-10 11:31:09 - [MESSAGE][PASSED] - Starting app with application ID: 'id.co.miraeasset.sageclub'

2022-03-10 11:31:09 - [MESSAGE][PASSED] - startApp.OpenApp.startApplication is PASSED

2022-03-10 11:31:09 - [MESSAGE][PASSED] - Call Test Case 'Test Cases/Mobile/Page/Run App/Run App byID' successfully

2022-03-10 11:31:09 - [TEST_STEP][PASSED] - callTestCase(findTestCase("Mobile/Page/News/News"), ["tab":"fundnews"], CONTINUE_ON_FAILURE): Call Test Case 'Test Cases/Mobile/Page/News/News' successfully

2022-03-10 11:31:09 - [TEST_CASE][PASSED] - Test Cases/Mobile/Page/News/News: Test Cases/Mobile/Page/News/News

2022-03-10 11:31:09 - [TEST_STEP][PASSED] - callTestCase(findTestCase("Mobile/Page/CheckLogin"), [:], CONTINUE_ON_FAILURE): Call Test Case 'Test Cases/Mobile/Page/CheckLogin' successfully

2022-03-10 11:31:09 - [TEST_CASE][PASSED] - Test Cases/Mobile/Page/CheckLogin: Test Cases/Mobile/Page/CheckLogin

2022-03-10 11:31:09 - [TEST_STEP][PASSED] - loginCheck = verifyElementExist(LOGN_BtnLogin, 5, CONTINUE_ON_FAILURE): Element 'Object Repository/Mobile/Page/Login/Button - Login' is exist

2022-03-10 11:31:11 - [MESSAGE][PASSED] - Element 'Object Repository/Mobile/Page/Login/Button - Login' is exist

2022-03-10 11:31:11 - [TEST_STEP][PASSED] - if (loginCheck): Call Test Case 'Test Cases/Mobile/Page/Login/Login' successfully

2022-03-10 11:31:11 - [TEST_STEP][PASSED] - callTestCase(findTestCase("Mobile/Page/Login/Login"), ["action":"username"], CONTINUE_ON_FAILURE): Call Test Case 'Test Cases/Mobile/Page/Login/Login' successfully

2022-03-10 11:31:11 - [TEST_CASE][PASSED] - Test Cases/Mobile/Page/Login/Login: Test Cases/Mobile/Page/Login/Login

2022-03-10 11:31:11 - [TEST_STEP][PASSED] - delay(2): Delayed 2 second(s)

2022-03-10 11:31:13 - [MESSAGE][PASSED] - Delayed 2 second(s)

2022-03-10 11:31:13 - [TEST_STEP][PASSED] - for ([i = 0, i < 1, (i++)]): null

2022-03-10 11:31:13 - [TEST_STEP][PASSED] - if (action == "username"): null

2022-03-10 11:31:13 - [TEST_STEP][PASSED] - tap(LOGN_EdtUserID, 0): Tapped on element 'Object Repository/Mobile/Page/Login/Input - UserID'

2022-03-10 11:31:13 - [MESSAGE][WARNING] - Timeout '0' is invalid. Using default page load timeout: '60'

2022-03-10 11:31:14 - [MESSAGE][PASSED] - Tapped on element 'Object Repository/Mobile/Page/Login/Input - UserID'

2022-03-10 11:31:14 - [TEST_STEP][PASSED] - delay(1): Delayed 1 second(s)

2022-03-10 11:31:15 - [MESSAGE][PASSED] - Delayed 1 second(s)

2022-03-10 11:31:15 - [TEST_STEP][PASSED] - setText(LOGN_EdtRdyUserID, "anggaaditya", 0): Text 'anggaaditya' has been set to element 'Object Repository/Mobile/Page/Login/Input Rdy - UserID'

2022-03-10 11:31:15 - [MESSAGE][WARNING] - Timeout '0' is invalid. Using default page load timeout: '60'

2022-03-10 11:31:16 - [MESSAGE][PASSED] - Text 'anggaaditya' has been set to element 'Object Repository/Mobile/Page/Login/Input Rdy - UserID'

2022-03-10 11:31:16 - [TEST_STEP][PASSED] - delay(1): Delayed 1 second(s)

2022-03-10 11:31:17 - [MESSAGE][PASSED] - Delayed 1 second(s)

2022-03-10 11:31:17 - [TEST_STEP][PASSED] - hideKeyboard(): Keyboard is hidden

2022-03-10 11:31:21 - [MESSAGE][PASSED] - Keyboard is hidden

2022-03-10 11:31:21 - [TEST_STEP][PASSED] - tap(LOGN_EdtPassword, 0): Tapped on element 'Object Repository/Mobile/Page/Login/Input - Password'

2022-03-10 11:31:21 - [MESSAGE][WARNING] - Timeout '0' is invalid. Using default page load timeout: '60'

2022-03-10 11:31:21 - [MESSAGE][PASSED] - Tapped on element 'Object Repository/Mobile/Page/Login/Input - Password'

2022-03-10 11:31:21 - [TEST_STEP][PASSED] - delay(1): Delayed 1 second(s)

2022-03-10 11:31:22 - [MESSAGE][PASSED] - Delayed 1 second(s)

2022-03-10 11:31:22 - [TEST_STEP][PASSED] - setText(LOGN_EdtRdyPassword, "Shalawa18", 0): Text 'Shalawa18' has been set to element 'Object Repository/Mobile/Page/Login/Input Rdy - Password'

2022-03-10 11:31:22 - [MESSAGE][WARNING] - Timeout '0' is invalid. Using default page load timeout: '60'

2022-03-10 11:31:23 - [MESSAGE][PASSED] - Text 'Shalawa18' has been set to element 'Object Repository/Mobile/Page/Login/Input Rdy - Password'

2022-03-10 11:31:23 - [TEST_STEP][PASSED] - delay(1): Delayed 1 second(s)

2022-03-10 11:31:24 - [MESSAGE][PASSED] - Delayed 1 second(s)

2022-03-10 11:31:24 - [TEST_STEP][PASSED] - hideKeyboard(): Keyboard is hidden

2022-03-10 11:31:31 - [MESSAGE][PASSED] - Keyboard is hidden

2022-03-10 11:31:31 - [TEST_STEP][PASSED] - tap(LOGN_BtnLogin, 0): Tapped on element 'Object Repository/Mobile/Page/Login/Button - Login'

2022-03-10 11:31:31 - [MESSAGE][WARNING] - Timeout '0' is invalid. Using default page load timeout: '60'

2022-03-10 11:31:32 - [MESSAGE][PASSED] - Tapped on element 'Object Repository/Mobile/Page/Login/Button - Login'

2022-03-10 11:31:32 - [TEST_STEP][PASSED] - delay(2): Delayed 2 second(s)

2022-03-10 11:31:34 - [MESSAGE][PASSED] - Delayed 2 second(s)

2022-03-10 11:31:34 - [TEST_STEP][PASSED] - break: null

2022-03-10 11:31:34 - [MESSAGE][PASSED] - Call Test Case 'Test Cases/Mobile/Page/Login/Login' successfully

2022-03-10 11:31:34 - [MESSAGE][PASSED] - Call Test Case 'Test Cases/Mobile/Page/CheckLogin' successfully

2022-03-10 11:31:34 - [TEST_STEP][PASSED] - tap(HOME_MenubarNews, 0): Tapped on element 'Object Repository/Mobile/Page/Home/Menubar - News'

2022-03-10 11:31:34 - [MESSAGE][WARNING] - Timeout '0' is invalid. Using default page load timeout: '60'

2022-03-10 11:31:35 - [MESSAGE][PASSED] - Tapped on element 'Object Repository/Mobile/Page/Home/Menubar - News'

2022-03-10 11:31:35 - [TEST_STEP][PASSED] - delay(3): Delayed 3 second(s)

2022-03-10 11:31:38 - [MESSAGE][PASSED] - Delayed 3 second(s)

2022-03-10 11:31:38 - [TEST_STEP][PASSED] - for ([i = 0, i < 1, (i++)]): Delayed 3 second(s)

2022-03-10 11:31:38 - [TEST_STEP][PASSED] - if (tab == "macronews"): null

2022-03-10 11:31:38 - [TEST_STEP][PASSED] - else if (tab == "stocknews"): null

2022-03-10 11:31:38 - [TEST_STEP][PASSED] - else if (tab == "fundnews"): Tapped on element 'Object Repository/Mobile/Page/News/Tab - Fund'

2022-03-10 11:31:38 - [TEST_STEP][PASSED] - tap(NEWS_TabFund, 0): Tapped on element 'Object Repository/Mobile/Page/News/Tab - Fund'

2022-03-10 11:31:38 - [MESSAGE][WARNING] - Timeout '0' is invalid. Using default page load timeout: '60'

2022-03-10 11:31:39 - [MESSAGE][PASSED] - Tapped on element 'Object Repository/Mobile/Page/News/Tab - Fund'

2022-03-10 11:31:39 - [TEST_STEP][PASSED] - delay(1): Delayed 1 second(s)

2022-03-10 11:31:40 - [MESSAGE][PASSED] - Delayed 1 second(s)

2022-03-10 11:31:40 - [TEST_STEP][PASSED] - if (tab != "worldindices"): Delayed 3 second(s)

2022-03-10 11:31:40 - [TEST_STEP][PASSED] - try: Delayed 3 second(s)

2022-03-10 11:31:40 - [TEST_STEP][PASSED] - tapAndHold(NEWS_ItemTopNews, 1, 10): Tapped and held on element 'Object Repository/Mobile/Page/News/Item - Top News' with duration 1

2022-03-10 11:31:43 - [MESSAGE][PASSED] - Tapped and held on element 'Object Repository/Mobile/Page/News/Item - Top News' with duration 1

2022-03-10 11:31:43 - [TEST_STEP][PASSED] - delay(1): Delayed 1 second(s)

2022-03-10 11:31:44 - [MESSAGE][PASSED] - Delayed 1 second(s)

2022-03-10 11:31:44 - [TEST_STEP][PASSED] - scroll.scroll.scrollScreenBottomToTop(): scroll.scroll.scrollScreenBottomToTop is PASSED

2022-03-10 11:31:44 - [MESSAGE][PASSED] - Current device physical height is 1423

2022-03-10 11:31:44 - [MESSAGE][PASSED] - Current device physical width is 720

2022-03-10 11:31:46 - [MESSAGE][PASSED] - Swiped from 360,1,138 to 360,284

2022-03-10 11:31:46 - [MESSAGE][PASSED] - scroll.scroll.scrollScreenBottomToTop is PASSED

2022-03-10 11:31:46 - [TEST_STEP][PASSED] - delay(3): Delayed 3 second(s)

2022-03-10 11:31:49 - [MESSAGE][PASSED] - Delayed 3 second(s)

2022-03-10 11:31:49 - [MESSAGE][PASSED] - Call Test Case 'Test Cases/Mobile/Page/News/News' successfully

2022-03-10 11:31:49 - [TEST_STEP][PASSED] - callTestCase(findTestCase("Mobile/Page/Run App/Terminate App"), [:], STOP_ON_FAILURE): Call Test Case 'Test Cases/Mobile/Page/Run App/Terminate App' successfully

2022-03-10 11:31:49 - [TEST_CASE][PASSED] - Test Cases/Mobile/Page/Run App/Terminate App: Test Cases/Mobile/Page/Run App/Terminate App

2022-03-10 11:31:49 - [TEST_STEP][PASSED] - startApp.OpenApp.terminateApplication(): startApp.OpenApp.terminateApplication is PASSED

2022-03-10 11:31:52 - [MESSAGE][PASSED] - Delayed 3 second(s)

2022-03-10 11:31:52 - [MESSAGE][PASSED] - Current device physical width is 720

2022-03-10 11:31:52 - [MESSAGE][PASSED] - Current device physical height is 1423

2022-03-10 11:31:54 - [MESSAGE][PASSED] - Swiped from 360,853 to 360,142

2022-03-10 11:31:55 - [MESSAGE][PASSED] - Delayed 1 second(s)

2022-03-10 11:31:56 - [MESSAGE][PASSED] - Swiped from 360,853 to 360,142

2022-03-10 11:31:59 - [MESSAGE][PASSED] - Delayed 3 second(s)

2022-03-10 11:31:59 - [MESSAGE][PASSED] - startApp.OpenApp.terminateApplication is PASSED

2022-03-10 11:31:59 - [MESSAGE][PASSED] - Call Test Case 'Test Cases/Mobile/Page/Run App/Terminate App' successfully]]></system-out>
         <system-err><![CDATA[]]></system-err>
      </testcase>
      <testcase name="Test Cases/Mobile/Scenario/News/004 - Bond News" time="69.722" classname="Test Cases/Mobile/Scenario/News/004 - Bond News" status="PASSED">
         <system-out><![CDATA[2022-03-10 11:31:59 - [TEST_CASE][PASSED] - Test Cases/Mobile/Scenario/News/004 - Bond News: Test Cases/Mobile/Scenario/News/004 - Bond News

2022-03-10 11:32:00 - [TEST_STEP][PASSED] - callTestCase(findTestCase("Mobile/Page/Run App/Run App byID"), [:], STOP_ON_FAILURE): Call Test Case 'Test Cases/Mobile/Page/Run App/Run App byID' successfully

2022-03-10 11:32:00 - [TEST_CASE][PASSED] - Test Cases/Mobile/Page/Run App/Run App byID: Test Cases/Mobile/Page/Run App/Run App byID

2022-03-10 11:32:00 - [TEST_STEP][PASSED] - startApp.OpenApp.startApplication("id.co.miraeasset.sageclub"): startApp.OpenApp.startApplication is PASSED

2022-03-10 11:32:17 - [MESSAGE][PASSED] - Starting app with application ID: 'id.co.miraeasset.sageclub'

2022-03-10 11:32:17 - [MESSAGE][PASSED] - startApp.OpenApp.startApplication is PASSED

2022-03-10 11:32:17 - [MESSAGE][PASSED] - Call Test Case 'Test Cases/Mobile/Page/Run App/Run App byID' successfully

2022-03-10 11:32:17 - [TEST_STEP][PASSED] - callTestCase(findTestCase("Mobile/Page/News/News"), ["tab":"bondnews"], CONTINUE_ON_FAILURE): Call Test Case 'Test Cases/Mobile/Page/News/News' successfully

2022-03-10 11:32:17 - [TEST_CASE][PASSED] - Test Cases/Mobile/Page/News/News: Test Cases/Mobile/Page/News/News

2022-03-10 11:32:17 - [TEST_STEP][PASSED] - callTestCase(findTestCase("Mobile/Page/CheckLogin"), [:], CONTINUE_ON_FAILURE): Call Test Case 'Test Cases/Mobile/Page/CheckLogin' successfully

2022-03-10 11:32:17 - [TEST_CASE][PASSED] - Test Cases/Mobile/Page/CheckLogin: Test Cases/Mobile/Page/CheckLogin

2022-03-10 11:32:17 - [TEST_STEP][PASSED] - loginCheck = verifyElementExist(LOGN_BtnLogin, 5, CONTINUE_ON_FAILURE): Element 'Object Repository/Mobile/Page/Login/Button - Login' is exist

2022-03-10 11:32:19 - [MESSAGE][PASSED] - Element 'Object Repository/Mobile/Page/Login/Button - Login' is exist

2022-03-10 11:32:19 - [TEST_STEP][PASSED] - if (loginCheck): Call Test Case 'Test Cases/Mobile/Page/Login/Login' successfully

2022-03-10 11:32:19 - [TEST_STEP][PASSED] - callTestCase(findTestCase("Mobile/Page/Login/Login"), ["action":"username"], CONTINUE_ON_FAILURE): Call Test Case 'Test Cases/Mobile/Page/Login/Login' successfully

2022-03-10 11:32:20 - [TEST_CASE][PASSED] - Test Cases/Mobile/Page/Login/Login: Test Cases/Mobile/Page/Login/Login

2022-03-10 11:32:20 - [TEST_STEP][PASSED] - delay(2): Delayed 2 second(s)

2022-03-10 11:32:22 - [MESSAGE][PASSED] - Delayed 2 second(s)

2022-03-10 11:32:22 - [TEST_STEP][PASSED] - for ([i = 0, i < 1, (i++)]): null

2022-03-10 11:32:22 - [TEST_STEP][PASSED] - if (action == "username"): null

2022-03-10 11:32:22 - [TEST_STEP][PASSED] - tap(LOGN_EdtUserID, 0): Tapped on element 'Object Repository/Mobile/Page/Login/Input - UserID'

2022-03-10 11:32:22 - [MESSAGE][WARNING] - Timeout '0' is invalid. Using default page load timeout: '60'

2022-03-10 11:32:22 - [MESSAGE][PASSED] - Tapped on element 'Object Repository/Mobile/Page/Login/Input - UserID'

2022-03-10 11:32:22 - [TEST_STEP][PASSED] - delay(1): Delayed 1 second(s)

2022-03-10 11:32:23 - [MESSAGE][PASSED] - Delayed 1 second(s)

2022-03-10 11:32:23 - [TEST_STEP][PASSED] - setText(LOGN_EdtRdyUserID, "anggaaditya", 0): Text 'anggaaditya' has been set to element 'Object Repository/Mobile/Page/Login/Input Rdy - UserID'

2022-03-10 11:32:23 - [MESSAGE][WARNING] - Timeout '0' is invalid. Using default page load timeout: '60'

2022-03-10 11:32:24 - [MESSAGE][PASSED] - Text 'anggaaditya' has been set to element 'Object Repository/Mobile/Page/Login/Input Rdy - UserID'

2022-03-10 11:32:24 - [TEST_STEP][PASSED] - delay(1): Delayed 1 second(s)

2022-03-10 11:32:25 - [MESSAGE][PASSED] - Delayed 1 second(s)

2022-03-10 11:32:25 - [TEST_STEP][PASSED] - hideKeyboard(): Keyboard is hidden

2022-03-10 11:32:29 - [MESSAGE][PASSED] - Keyboard is hidden

2022-03-10 11:32:29 - [TEST_STEP][PASSED] - tap(LOGN_EdtPassword, 0): Tapped on element 'Object Repository/Mobile/Page/Login/Input - Password'

2022-03-10 11:32:29 - [MESSAGE][WARNING] - Timeout '0' is invalid. Using default page load timeout: '60'

2022-03-10 11:32:30 - [MESSAGE][PASSED] - Tapped on element 'Object Repository/Mobile/Page/Login/Input - Password'

2022-03-10 11:32:30 - [TEST_STEP][PASSED] - delay(1): Delayed 1 second(s)

2022-03-10 11:32:31 - [MESSAGE][PASSED] - Delayed 1 second(s)

2022-03-10 11:32:31 - [TEST_STEP][PASSED] - setText(LOGN_EdtRdyPassword, "Shalawa18", 0): Text 'Shalawa18' has been set to element 'Object Repository/Mobile/Page/Login/Input Rdy - Password'

2022-03-10 11:32:31 - [MESSAGE][WARNING] - Timeout '0' is invalid. Using default page load timeout: '60'

2022-03-10 11:32:31 - [MESSAGE][PASSED] - Text 'Shalawa18' has been set to element 'Object Repository/Mobile/Page/Login/Input Rdy - Password'

2022-03-10 11:32:31 - [TEST_STEP][PASSED] - delay(1): Delayed 1 second(s)

2022-03-10 11:32:32 - [MESSAGE][PASSED] - Delayed 1 second(s)

2022-03-10 11:32:32 - [TEST_STEP][PASSED] - hideKeyboard(): Keyboard is hidden

2022-03-10 11:32:39 - [MESSAGE][PASSED] - Keyboard is hidden

2022-03-10 11:32:39 - [TEST_STEP][PASSED] - tap(LOGN_BtnLogin, 0): Tapped on element 'Object Repository/Mobile/Page/Login/Button - Login'

2022-03-10 11:32:39 - [MESSAGE][WARNING] - Timeout '0' is invalid. Using default page load timeout: '60'

2022-03-10 11:32:40 - [MESSAGE][PASSED] - Tapped on element 'Object Repository/Mobile/Page/Login/Button - Login'

2022-03-10 11:32:40 - [TEST_STEP][PASSED] - delay(2): Delayed 2 second(s)

2022-03-10 11:32:42 - [MESSAGE][PASSED] - Delayed 2 second(s)

2022-03-10 11:32:42 - [TEST_STEP][PASSED] - break: null

2022-03-10 11:32:42 - [MESSAGE][PASSED] - Call Test Case 'Test Cases/Mobile/Page/Login/Login' successfully

2022-03-10 11:32:42 - [MESSAGE][PASSED] - Call Test Case 'Test Cases/Mobile/Page/CheckLogin' successfully

2022-03-10 11:32:42 - [TEST_STEP][PASSED] - tap(HOME_MenubarNews, 0): Tapped on element 'Object Repository/Mobile/Page/Home/Menubar - News'

2022-03-10 11:32:42 - [MESSAGE][WARNING] - Timeout '0' is invalid. Using default page load timeout: '60'

2022-03-10 11:32:43 - [MESSAGE][PASSED] - Tapped on element 'Object Repository/Mobile/Page/Home/Menubar - News'

2022-03-10 11:32:43 - [TEST_STEP][PASSED] - delay(3): Delayed 3 second(s)

2022-03-10 11:32:46 - [MESSAGE][PASSED] - Delayed 3 second(s)

2022-03-10 11:32:46 - [TEST_STEP][PASSED] - for ([i = 0, i < 1, (i++)]): Delayed 3 second(s)

2022-03-10 11:32:46 - [TEST_STEP][PASSED] - if (tab == "macronews"): null

2022-03-10 11:32:46 - [TEST_STEP][PASSED] - else if (tab == "stocknews"): null

2022-03-10 11:32:46 - [TEST_STEP][PASSED] - else if (tab == "fundnews"): null

2022-03-10 11:32:46 - [TEST_STEP][PASSED] - else if (tab == "bondnews"): Tapped on element 'Object Repository/Mobile/Page/News/Tab - Bond'

2022-03-10 11:32:46 - [TEST_STEP][PASSED] - tap(NEWS_TabBond, 0): Tapped on element 'Object Repository/Mobile/Page/News/Tab - Bond'

2022-03-10 11:32:46 - [MESSAGE][WARNING] - Timeout '0' is invalid. Using default page load timeout: '60'

2022-03-10 11:32:48 - [MESSAGE][PASSED] - Tapped on element 'Object Repository/Mobile/Page/News/Tab - Bond'

2022-03-10 11:32:48 - [TEST_STEP][PASSED] - delay(1): Delayed 1 second(s)

2022-03-10 11:32:49 - [MESSAGE][PASSED] - Delayed 1 second(s)

2022-03-10 11:32:49 - [TEST_STEP][PASSED] - if (tab != "worldindices"): Delayed 3 second(s)

2022-03-10 11:32:49 - [TEST_STEP][PASSED] - try: Delayed 3 second(s)

2022-03-10 11:32:49 - [TEST_STEP][PASSED] - tapAndHold(NEWS_ItemTopNews, 1, 10): Tapped and held on element 'Object Repository/Mobile/Page/News/Item - Top News' with duration 1

2022-03-10 11:32:52 - [MESSAGE][PASSED] - Tapped and held on element 'Object Repository/Mobile/Page/News/Item - Top News' with duration 1

2022-03-10 11:32:52 - [TEST_STEP][PASSED] - delay(1): Delayed 1 second(s)

2022-03-10 11:32:53 - [MESSAGE][PASSED] - Delayed 1 second(s)

2022-03-10 11:32:53 - [TEST_STEP][PASSED] - scroll.scroll.scrollScreenBottomToTop(): scroll.scroll.scrollScreenBottomToTop is PASSED

2022-03-10 11:32:54 - [MESSAGE][PASSED] - Current device physical height is 1423

2022-03-10 11:32:54 - [MESSAGE][PASSED] - Current device physical width is 720

2022-03-10 11:32:55 - [MESSAGE][PASSED] - Swiped from 360,1,138 to 360,284

2022-03-10 11:32:55 - [MESSAGE][PASSED] - scroll.scroll.scrollScreenBottomToTop is PASSED

2022-03-10 11:32:55 - [TEST_STEP][PASSED] - delay(3): Delayed 3 second(s)

2022-03-10 11:32:58 - [MESSAGE][PASSED] - Delayed 3 second(s)

2022-03-10 11:32:58 - [MESSAGE][PASSED] - Call Test Case 'Test Cases/Mobile/Page/News/News' successfully

2022-03-10 11:32:58 - [TEST_STEP][PASSED] - callTestCase(findTestCase("Mobile/Page/Run App/Terminate App"), [:], STOP_ON_FAILURE): Call Test Case 'Test Cases/Mobile/Page/Run App/Terminate App' successfully

2022-03-10 11:32:58 - [TEST_CASE][PASSED] - Test Cases/Mobile/Page/Run App/Terminate App: Test Cases/Mobile/Page/Run App/Terminate App

2022-03-10 11:32:58 - [TEST_STEP][PASSED] - startApp.OpenApp.terminateApplication(): startApp.OpenApp.terminateApplication is PASSED

2022-03-10 11:33:02 - [MESSAGE][PASSED] - Delayed 3 second(s)

2022-03-10 11:33:02 - [MESSAGE][PASSED] - Current device physical width is 720

2022-03-10 11:33:02 - [MESSAGE][PASSED] - Current device physical height is 1423

2022-03-10 11:33:04 - [MESSAGE][PASSED] - Swiped from 360,853 to 360,142

2022-03-10 11:33:05 - [MESSAGE][PASSED] - Delayed 1 second(s)

2022-03-10 11:33:06 - [MESSAGE][PASSED] - Swiped from 360,853 to 360,142

2022-03-10 11:33:09 - [MESSAGE][PASSED] - Delayed 3 second(s)

2022-03-10 11:33:09 - [MESSAGE][PASSED] - startApp.OpenApp.terminateApplication is PASSED

2022-03-10 11:33:09 - [MESSAGE][PASSED] - Call Test Case 'Test Cases/Mobile/Page/Run App/Terminate App' successfully]]></system-out>
         <system-err><![CDATA[]]></system-err>
      </testcase>
      <testcase name="Test Cases/Mobile/Scenario/News/005 - Macro News" time="63.309" classname="Test Cases/Mobile/Scenario/News/005 - Macro News" status="PASSED">
         <system-out><![CDATA[2022-03-10 11:33:09 - [TEST_CASE][PASSED] - Test Cases/Mobile/Scenario/News/005 - Macro News: Test Cases/Mobile/Scenario/News/005 - Macro News

2022-03-10 11:33:10 - [TEST_STEP][PASSED] - callTestCase(findTestCase("Mobile/Page/Run App/Run App byID"), [:], STOP_ON_FAILURE): Call Test Case 'Test Cases/Mobile/Page/Run App/Run App byID' successfully

2022-03-10 11:33:10 - [TEST_CASE][PASSED] - Test Cases/Mobile/Page/Run App/Run App byID: Test Cases/Mobile/Page/Run App/Run App byID

2022-03-10 11:33:10 - [TEST_STEP][PASSED] - startApp.OpenApp.startApplication("id.co.miraeasset.sageclub"): startApp.OpenApp.startApplication is PASSED

2022-03-10 11:33:24 - [MESSAGE][PASSED] - Starting app with application ID: 'id.co.miraeasset.sageclub'

2022-03-10 11:33:24 - [MESSAGE][PASSED] - startApp.OpenApp.startApplication is PASSED

2022-03-10 11:33:24 - [MESSAGE][PASSED] - Call Test Case 'Test Cases/Mobile/Page/Run App/Run App byID' successfully

2022-03-10 11:33:24 - [TEST_STEP][PASSED] - callTestCase(findTestCase("Mobile/Page/News/News"), ["tab":"macronews"], CONTINUE_ON_FAILURE): Call Test Case 'Test Cases/Mobile/Page/News/News' successfully

2022-03-10 11:33:24 - [TEST_CASE][PASSED] - Test Cases/Mobile/Page/News/News: Test Cases/Mobile/Page/News/News

2022-03-10 11:33:24 - [TEST_STEP][PASSED] - callTestCase(findTestCase("Mobile/Page/CheckLogin"), [:], CONTINUE_ON_FAILURE): Call Test Case 'Test Cases/Mobile/Page/CheckLogin' successfully

2022-03-10 11:33:24 - [TEST_CASE][PASSED] - Test Cases/Mobile/Page/CheckLogin: Test Cases/Mobile/Page/CheckLogin

2022-03-10 11:33:24 - [TEST_STEP][PASSED] - loginCheck = verifyElementExist(LOGN_BtnLogin, 5, CONTINUE_ON_FAILURE): Element 'Object Repository/Mobile/Page/Login/Button - Login' is exist

2022-03-10 11:33:26 - [MESSAGE][PASSED] - Element 'Object Repository/Mobile/Page/Login/Button - Login' is exist

2022-03-10 11:33:26 - [TEST_STEP][PASSED] - if (loginCheck): Call Test Case 'Test Cases/Mobile/Page/Login/Login' successfully

2022-03-10 11:33:26 - [TEST_STEP][PASSED] - callTestCase(findTestCase("Mobile/Page/Login/Login"), ["action":"username"], CONTINUE_ON_FAILURE): Call Test Case 'Test Cases/Mobile/Page/Login/Login' successfully

2022-03-10 11:33:26 - [TEST_CASE][PASSED] - Test Cases/Mobile/Page/Login/Login: Test Cases/Mobile/Page/Login/Login

2022-03-10 11:33:26 - [TEST_STEP][PASSED] - delay(2): Delayed 2 second(s)

2022-03-10 11:33:28 - [MESSAGE][PASSED] - Delayed 2 second(s)

2022-03-10 11:33:28 - [TEST_STEP][PASSED] - for ([i = 0, i < 1, (i++)]): null

2022-03-10 11:33:28 - [TEST_STEP][PASSED] - if (action == "username"): null

2022-03-10 11:33:28 - [TEST_STEP][PASSED] - tap(LOGN_EdtUserID, 0): Tapped on element 'Object Repository/Mobile/Page/Login/Input - UserID'

2022-03-10 11:33:28 - [MESSAGE][WARNING] - Timeout '0' is invalid. Using default page load timeout: '60'

2022-03-10 11:33:29 - [MESSAGE][PASSED] - Tapped on element 'Object Repository/Mobile/Page/Login/Input - UserID'

2022-03-10 11:33:29 - [TEST_STEP][PASSED] - delay(1): Delayed 1 second(s)

2022-03-10 11:33:30 - [MESSAGE][PASSED] - Delayed 1 second(s)

2022-03-10 11:33:30 - [TEST_STEP][PASSED] - setText(LOGN_EdtRdyUserID, "anggaaditya", 0): Text 'anggaaditya' has been set to element 'Object Repository/Mobile/Page/Login/Input Rdy - UserID'

2022-03-10 11:33:30 - [MESSAGE][WARNING] - Timeout '0' is invalid. Using default page load timeout: '60'

2022-03-10 11:33:30 - [MESSAGE][PASSED] - Text 'anggaaditya' has been set to element 'Object Repository/Mobile/Page/Login/Input Rdy - UserID'

2022-03-10 11:33:30 - [TEST_STEP][PASSED] - delay(1): Delayed 1 second(s)

2022-03-10 11:33:31 - [MESSAGE][PASSED] - Delayed 1 second(s)

2022-03-10 11:33:31 - [TEST_STEP][PASSED] - hideKeyboard(): Keyboard is hidden

2022-03-10 11:33:35 - [MESSAGE][PASSED] - Keyboard is hidden

2022-03-10 11:33:35 - [TEST_STEP][PASSED] - tap(LOGN_EdtPassword, 0): Tapped on element 'Object Repository/Mobile/Page/Login/Input - Password'

2022-03-10 11:33:35 - [MESSAGE][WARNING] - Timeout '0' is invalid. Using default page load timeout: '60'

2022-03-10 11:33:35 - [MESSAGE][PASSED] - Tapped on element 'Object Repository/Mobile/Page/Login/Input - Password'

2022-03-10 11:33:35 - [TEST_STEP][PASSED] - delay(1): Delayed 1 second(s)

2022-03-10 11:33:36 - [MESSAGE][PASSED] - Delayed 1 second(s)

2022-03-10 11:33:36 - [TEST_STEP][PASSED] - setText(LOGN_EdtRdyPassword, "Shalawa18", 0): Text 'Shalawa18' has been set to element 'Object Repository/Mobile/Page/Login/Input Rdy - Password'

2022-03-10 11:33:36 - [MESSAGE][WARNING] - Timeout '0' is invalid. Using default page load timeout: '60'

2022-03-10 11:33:37 - [MESSAGE][PASSED] - Text 'Shalawa18' has been set to element 'Object Repository/Mobile/Page/Login/Input Rdy - Password'

2022-03-10 11:33:37 - [TEST_STEP][PASSED] - delay(1): Delayed 1 second(s)

2022-03-10 11:33:38 - [MESSAGE][PASSED] - Delayed 1 second(s)

2022-03-10 11:33:38 - [TEST_STEP][PASSED] - hideKeyboard(): Keyboard is hidden

2022-03-10 11:33:44 - [MESSAGE][PASSED] - Keyboard is hidden

2022-03-10 11:33:44 - [TEST_STEP][PASSED] - tap(LOGN_BtnLogin, 0): Tapped on element 'Object Repository/Mobile/Page/Login/Button - Login'

2022-03-10 11:33:44 - [MESSAGE][WARNING] - Timeout '0' is invalid. Using default page load timeout: '60'

2022-03-10 11:33:45 - [MESSAGE][PASSED] - Tapped on element 'Object Repository/Mobile/Page/Login/Button - Login'

2022-03-10 11:33:45 - [TEST_STEP][PASSED] - delay(2): Delayed 2 second(s)

2022-03-10 11:33:47 - [MESSAGE][PASSED] - Delayed 2 second(s)

2022-03-10 11:33:47 - [TEST_STEP][PASSED] - break: null

2022-03-10 11:33:47 - [MESSAGE][PASSED] - Call Test Case 'Test Cases/Mobile/Page/Login/Login' successfully

2022-03-10 11:33:47 - [MESSAGE][PASSED] - Call Test Case 'Test Cases/Mobile/Page/CheckLogin' successfully

2022-03-10 11:33:47 - [TEST_STEP][PASSED] - tap(HOME_MenubarNews, 0): Tapped on element 'Object Repository/Mobile/Page/Home/Menubar - News'

2022-03-10 11:33:47 - [MESSAGE][WARNING] - Timeout '0' is invalid. Using default page load timeout: '60'

2022-03-10 11:33:48 - [MESSAGE][PASSED] - Tapped on element 'Object Repository/Mobile/Page/Home/Menubar - News'

2022-03-10 11:33:48 - [TEST_STEP][PASSED] - delay(3): Delayed 3 second(s)

2022-03-10 11:33:51 - [MESSAGE][PASSED] - Delayed 3 second(s)

2022-03-10 11:33:51 - [TEST_STEP][PASSED] - for ([i = 0, i < 1, (i++)]): Delayed 3 second(s)

2022-03-10 11:33:51 - [TEST_STEP][PASSED] - if (tab == "macronews"): Tapped on element 'Object Repository/Mobile/Page/News/Tab - Macro'

2022-03-10 11:33:51 - [TEST_STEP][PASSED] - tap(NEWS_TabMacro, 0): Tapped on element 'Object Repository/Mobile/Page/News/Tab - Macro'

2022-03-10 11:33:51 - [MESSAGE][WARNING] - Timeout '0' is invalid. Using default page load timeout: '60'

2022-03-10 11:33:52 - [MESSAGE][PASSED] - Tapped on element 'Object Repository/Mobile/Page/News/Tab - Macro'

2022-03-10 11:33:52 - [TEST_STEP][PASSED] - delay(1): Delayed 1 second(s)

2022-03-10 11:33:53 - [MESSAGE][PASSED] - Delayed 1 second(s)

2022-03-10 11:33:53 - [TEST_STEP][PASSED] - if (tab != "worldindices"): Delayed 3 second(s)

2022-03-10 11:33:53 - [TEST_STEP][PASSED] - try: Delayed 3 second(s)

2022-03-10 11:33:53 - [TEST_STEP][PASSED] - tapAndHold(NEWS_ItemTopNews, 1, 10): Tapped and held on element 'Object Repository/Mobile/Page/News/Item - Top News' with duration 1

2022-03-10 11:33:56 - [MESSAGE][PASSED] - Tapped and held on element 'Object Repository/Mobile/Page/News/Item - Top News' with duration 1

2022-03-10 11:33:56 - [TEST_STEP][PASSED] - delay(1): Delayed 1 second(s)

2022-03-10 11:33:57 - [MESSAGE][PASSED] - Delayed 1 second(s)

2022-03-10 11:33:57 - [TEST_STEP][PASSED] - scroll.scroll.scrollScreenBottomToTop(): scroll.scroll.scrollScreenBottomToTop is PASSED

2022-03-10 11:33:57 - [MESSAGE][PASSED] - Current device physical height is 1423

2022-03-10 11:33:58 - [MESSAGE][PASSED] - Current device physical width is 720

2022-03-10 11:33:59 - [MESSAGE][PASSED] - Swiped from 360,1,138 to 360,284

2022-03-10 11:33:59 - [MESSAGE][PASSED] - scroll.scroll.scrollScreenBottomToTop is PASSED

2022-03-10 11:33:59 - [TEST_STEP][PASSED] - delay(3): Delayed 3 second(s)

2022-03-10 11:34:02 - [MESSAGE][PASSED] - Delayed 3 second(s)

2022-03-10 11:34:02 - [MESSAGE][PASSED] - Call Test Case 'Test Cases/Mobile/Page/News/News' successfully

2022-03-10 11:34:02 - [TEST_STEP][PASSED] - callTestCase(findTestCase("Mobile/Page/Run App/Terminate App"), [:], STOP_ON_FAILURE): Call Test Case 'Test Cases/Mobile/Page/Run App/Terminate App' successfully

2022-03-10 11:34:02 - [TEST_CASE][PASSED] - Test Cases/Mobile/Page/Run App/Terminate App: Test Cases/Mobile/Page/Run App/Terminate App

2022-03-10 11:34:02 - [TEST_STEP][PASSED] - startApp.OpenApp.terminateApplication(): startApp.OpenApp.terminateApplication is PASSED

2022-03-10 11:34:05 - [MESSAGE][PASSED] - Delayed 3 second(s)

2022-03-10 11:34:05 - [MESSAGE][PASSED] - Current device physical width is 720

2022-03-10 11:34:06 - [MESSAGE][PASSED] - Current device physical height is 1423

2022-03-10 11:34:07 - [MESSAGE][PASSED] - Swiped from 360,853 to 360,142

2022-03-10 11:34:08 - [MESSAGE][PASSED] - Delayed 1 second(s)

2022-03-10 11:34:09 - [MESSAGE][PASSED] - Swiped from 360,853 to 360,142

2022-03-10 11:34:12 - [MESSAGE][PASSED] - Delayed 3 second(s)

2022-03-10 11:34:12 - [MESSAGE][PASSED] - startApp.OpenApp.terminateApplication is PASSED

2022-03-10 11:34:12 - [MESSAGE][PASSED] - Call Test Case 'Test Cases/Mobile/Page/Run App/Terminate App' successfully]]></system-out>
         <system-err><![CDATA[]]></system-err>
      </testcase>
      <system-out><![CDATA[2022-03-10 11:27:37 - [TEST_SUITE][PASSED] - news: Test Cases/Mobile/Scenario/News/005 - Macro News]]></system-out>
      <system-err><![CDATA[]]></system-err>
   </testsuite>
</testsuites>
