<?xml version="1.0" encoding="UTF-8"?>
<testsuites name="news" time="336.158" tests="5" failures="0" skips="0" errors="0">
   <testsuite name="news" tests="5" failures="0" errors="0" time="336.158" skips="0" timestamp="2022-02-17 19:38:48" hostname="Owner - aldy-tft" id="Test Suites/news">
      <properties>
         <property name="deviceName" value="samsung SM-A205F (Android 11)"/>
         <property name="devicePlatform" value=""/>
         <property name="logFolder" value="C:\\Users\\Owner\\Documents\\kerjaan\\KatalonProject\\qa_katalon_pwm\\qa_katalon_pwm\\Reports\\20220217_193831\\news\\20220217_193833"/>
         <property name="logFiles" value="C:\\Users\\Owner\\Documents\\kerjaan\\KatalonProject\\qa_katalon_pwm\\qa_katalon_pwm\\Reports\\20220217_193831\\news\\20220217_193833\\appium.log, C:\\Users\\Owner\\Documents\\kerjaan\\KatalonProject\\qa_katalon_pwm\\qa_katalon_pwm\\Reports\\20220217_193831\\news\\20220217_193833\\execution0.log"/>
         <property name="attachments" value=""/>
         <property name="hostName" value="Owner - aldy-tft"/>
         <property name="os" value="Windows 10 64bit"/>
         <property name="appiumServerStatus" value="{&quot;value&quot;:{&quot;build&quot;:{&quot;version&quot;:&quot;1.22.0&quot;}},&quot;sessionId&quot;:null,&quot;status&quot;:0}"/>
         <property name="katalonVersion" value="7.9.1.208"/>
         <property name="deviceOS" value="Android"/>
         <property name="appiumVersion" value="1.22.0"/>
         <property name="deviceModel" value="SM-A205F"/>
         <property name="hostAddress" value="192.168.100.33"/>
         <property name="deviceManufacturer" value="samsung"/>
         <property name="deviceId" value="RR8M40C9AXE"/>
         <property name="deviceName" value="samsung SM-A205F (Android 11)"/>
         <property name="deviceOSVersion" value="11"/>
      </properties>
      <testcase name="Test Cases/Mobile/Scenario/News/001 - News World Indices" time="89.748" classname="Test Cases/Mobile/Scenario/News/001 - News World Indices" status="PASSED">
         <system-out><![CDATA[2022-02-17 19:38:49 - [TEST_CASE][PASSED] - Test Cases/Mobile/Scenario/News/001 - News World Indices: Test Cases/Mobile/Scenario/News/001 - News World Indices

2022-02-17 19:38:49 - [TEST_STEP][PASSED] - callTestCase(findTestCase("Mobile/Page/Run App/Run App byID"), [:], STOP_ON_FAILURE): Call Test Case 'Test Cases/Mobile/Page/Run App/Run App byID' successfully

2022-02-17 19:38:50 - [TEST_CASE][PASSED] - Test Cases/Mobile/Page/Run App/Run App byID: Test Cases/Mobile/Page/Run App/Run App byID

2022-02-17 19:38:50 - [TEST_STEP][PASSED] - startApp.OpenApp.startApplication("id.co.miraeasset.sageclub"): startApp.OpenApp.startApplication is PASSED

2022-02-17 19:38:52 - [MESSAGE][INFO] - Appium server started on port 62,742

2022-02-17 19:39:09 - [MESSAGE][PASSED] - Starting app with application ID: 'id.co.miraeasset.sageclub'

2022-02-17 19:39:09 - [MESSAGE][PASSED] - startApp.OpenApp.startApplication is PASSED

2022-02-17 19:39:09 - [MESSAGE][PASSED] - Call Test Case 'Test Cases/Mobile/Page/Run App/Run App byID' successfully

2022-02-17 19:39:09 - [TEST_STEP][PASSED] - callTestCase(findTestCase("Mobile/Page/News/News"), ["tab":"worldindices"], CONTINUE_ON_FAILURE): Call Test Case 'Test Cases/Mobile/Page/News/News' successfully

2022-02-17 19:39:09 - [TEST_CASE][PASSED] - Test Cases/Mobile/Page/News/News: Test Cases/Mobile/Page/News/News

2022-02-17 19:39:09 - [TEST_STEP][PASSED] - callTestCase(findTestCase("Mobile/Page/CheckLogin"), [:], CONTINUE_ON_FAILURE): Call Test Case 'Test Cases/Mobile/Page/CheckLogin' successfully

2022-02-17 19:39:09 - [TEST_CASE][PASSED] - Test Cases/Mobile/Page/CheckLogin: Test Cases/Mobile/Page/CheckLogin

2022-02-17 19:39:09 - [TEST_STEP][PASSED] - loginCheck = verifyElementExist(LOGN_BtnLogin, 5, CONTINUE_ON_FAILURE): Element 'Object Repository/Mobile/Page/Login/Button - Login' is exist

2022-02-17 19:39:09 - [MESSAGE][WARNING] - Test object with id 'Object Repository/Mobile/Page/Analysis/Button - Open With Just Once' does not exist

2022-02-17 19:39:10 - [MESSAGE][WARNING] - Test object with id 'Object Repository/Mobile/Page/Analysis/Button - Search' does not exist

2022-02-17 19:39:11 - [MESSAGE][WARNING] - Test object with id 'Object Repository/Mobile/Page/Home/Button -  Add Watchlist' does not exist

2022-02-17 19:39:11 - [MESSAGE][WARNING] - Test object with id 'Object Repository/Mobile/Page/Home/Button - Open with Just Once' does not exist

2022-02-17 19:39:11 - [MESSAGE][WARNING] - Test object with id 'Object Repository/Mobile/Page/Home/Container - Notification' does not exist

2022-02-17 19:39:11 - [MESSAGE][WARNING] - Test object with id 'Object Repository/Mobile/Page/Home/Watchlist/Input - Search' does not exist

2022-02-17 19:39:11 - [MESSAGE][WARNING] - Test object with id 'Object Repository/Mobile/Page/Home/Watchlist/Item - Top Search' does not exist

2022-02-17 19:39:12 - [MESSAGE][WARNING] - Test object with id 'Object Repository/Mobile/Page/Home/Watchlist/Detail Watchlist/Input - Expiry Date' does not exist

2022-02-17 19:39:12 - [MESSAGE][WARNING] - Test object with id 'Object Repository/Mobile/Page/Home/Watchlist/Detail Watchlist/Item - Watchlist' does not exist

2022-02-17 19:39:13 - [MESSAGE][WARNING] - Test object with id 'Object Repository/Mobile/Page/NavigationMenu/Button - Open Just Once' does not exist

2022-02-17 19:39:13 - [MESSAGE][WARNING] - Test object with id 'Object Repository/Mobile/Page/NavigationMenu/Container - Logout' does not exist

2022-02-17 19:39:16 - [MESSAGE][WARNING] - Test object with id 'Object Repository/Mobile/Page/Analysis/Button - Open With Just Once' does not exist

2022-02-17 19:39:16 - [MESSAGE][WARNING] - Test object with id 'Object Repository/Mobile/Page/Analysis/Button - Search' does not exist

2022-02-17 19:39:17 - [MESSAGE][WARNING] - Test object with id 'Object Repository/Mobile/Page/Home/Button -  Add Watchlist' does not exist

2022-02-17 19:39:17 - [MESSAGE][WARNING] - Test object with id 'Object Repository/Mobile/Page/Home/Button - Open with Just Once' does not exist

2022-02-17 19:39:17 - [MESSAGE][WARNING] - Test object with id 'Object Repository/Mobile/Page/Home/Container - Notification' does not exist

2022-02-17 19:39:18 - [MESSAGE][WARNING] - Test object with id 'Object Repository/Mobile/Page/Home/Watchlist/Input - Search' does not exist

2022-02-17 19:39:18 - [MESSAGE][WARNING] - Test object with id 'Object Repository/Mobile/Page/Home/Watchlist/Item - Top Search' does not exist

2022-02-17 19:39:18 - [MESSAGE][WARNING] - Test object with id 'Object Repository/Mobile/Page/Home/Watchlist/Detail Watchlist/Input - Expiry Date' does not exist

2022-02-17 19:39:18 - [MESSAGE][WARNING] - Test object with id 'Object Repository/Mobile/Page/Home/Watchlist/Detail Watchlist/Item - Watchlist' does not exist

2022-02-17 19:39:19 - [MESSAGE][WARNING] - Test object with id 'Object Repository/Mobile/Page/NavigationMenu/Button - Open Just Once' does not exist

2022-02-17 19:39:19 - [MESSAGE][WARNING] - Test object with id 'Object Repository/Mobile/Page/NavigationMenu/Container - Logout' does not exist

2022-02-17 19:39:22 - [MESSAGE][PASSED] - Element 'Object Repository/Mobile/Page/Login/Button - Login' is exist

2022-02-17 19:39:22 - [TEST_STEP][PASSED] - if (loginCheck): Call Test Case 'Test Cases/Mobile/Page/Login/Login' successfully

2022-02-17 19:39:22 - [TEST_STEP][PASSED] - callTestCase(findTestCase("Mobile/Page/Login/Login"), ["action":"username"], CONTINUE_ON_FAILURE): Call Test Case 'Test Cases/Mobile/Page/Login/Login' successfully

2022-02-17 19:39:23 - [TEST_CASE][PASSED] - Test Cases/Mobile/Page/Login/Login: Test Cases/Mobile/Page/Login/Login

2022-02-17 19:39:23 - [TEST_STEP][PASSED] - delay(2): Delayed 2 second(s)

2022-02-17 19:39:25 - [MESSAGE][PASSED] - Delayed 2 second(s)

2022-02-17 19:39:25 - [TEST_STEP][PASSED] - for ([i = 0, i < 1, (i++)]): null

2022-02-17 19:39:25 - [TEST_STEP][PASSED] - if (action == "username"): null

2022-02-17 19:39:25 - [TEST_STEP][PASSED] - tap(LOGN_EdtUserID, 0): Tapped on element 'Object Repository/Mobile/Page/Login/Input - UserID'

2022-02-17 19:39:25 - [MESSAGE][WARNING] - Timeout '0' is invalid. Using default page load timeout: '60'

2022-02-17 19:39:25 - [MESSAGE][PASSED] - Tapped on element 'Object Repository/Mobile/Page/Login/Input - UserID'

2022-02-17 19:39:25 - [TEST_STEP][PASSED] - delay(1): Delayed 1 second(s)

2022-02-17 19:39:26 - [MESSAGE][PASSED] - Delayed 1 second(s)

2022-02-17 19:39:26 - [TEST_STEP][PASSED] - setText(LOGN_EdtRdyUserID, "anggaaditya", 0): Text 'anggaaditya' has been set to element 'Object Repository/Mobile/Page/Login/Input Rdy - UserID'

2022-02-17 19:39:26 - [MESSAGE][WARNING] - Timeout '0' is invalid. Using default page load timeout: '60'

2022-02-17 19:39:27 - [MESSAGE][PASSED] - Text 'anggaaditya' has been set to element 'Object Repository/Mobile/Page/Login/Input Rdy - UserID'

2022-02-17 19:39:27 - [TEST_STEP][PASSED] - delay(1): Delayed 1 second(s)

2022-02-17 19:39:28 - [MESSAGE][PASSED] - Delayed 1 second(s)

2022-02-17 19:39:28 - [TEST_STEP][PASSED] - hideKeyboard(): Keyboard is hidden

2022-02-17 19:39:33 - [MESSAGE][PASSED] - Keyboard is hidden

2022-02-17 19:39:33 - [TEST_STEP][PASSED] - tap(LOGN_EdtPassword, 0): Tapped on element 'Object Repository/Mobile/Page/Login/Input - Password'

2022-02-17 19:39:33 - [MESSAGE][WARNING] - Timeout '0' is invalid. Using default page load timeout: '60'

2022-02-17 19:39:33 - [MESSAGE][PASSED] - Tapped on element 'Object Repository/Mobile/Page/Login/Input - Password'

2022-02-17 19:39:33 - [TEST_STEP][PASSED] - delay(1): Delayed 1 second(s)

2022-02-17 19:39:34 - [MESSAGE][PASSED] - Delayed 1 second(s)

2022-02-17 19:39:34 - [TEST_STEP][PASSED] - setText(LOGN_EdtRdyPassword, "Shalawa18", 0): Text 'Shalawa18' has been set to element 'Object Repository/Mobile/Page/Login/Input Rdy - Password'

2022-02-17 19:39:34 - [MESSAGE][WARNING] - Timeout '0' is invalid. Using default page load timeout: '60'

2022-02-17 19:39:35 - [MESSAGE][PASSED] - Text 'Shalawa18' has been set to element 'Object Repository/Mobile/Page/Login/Input Rdy - Password'

2022-02-17 19:39:35 - [TEST_STEP][PASSED] - delay(1): Delayed 1 second(s)

2022-02-17 19:39:36 - [MESSAGE][PASSED] - Delayed 1 second(s)

2022-02-17 19:39:36 - [TEST_STEP][PASSED] - hideKeyboard(): Keyboard is hidden

2022-02-17 19:39:42 - [MESSAGE][PASSED] - Keyboard is hidden

2022-02-17 19:39:42 - [TEST_STEP][PASSED] - tap(LOGN_BtnLogin, 0): Tapped on element 'Object Repository/Mobile/Page/Login/Button - Login'

2022-02-17 19:39:42 - [MESSAGE][WARNING] - Timeout '0' is invalid. Using default page load timeout: '60'

2022-02-17 19:39:43 - [MESSAGE][PASSED] - Tapped on element 'Object Repository/Mobile/Page/Login/Button - Login'

2022-02-17 19:39:43 - [TEST_STEP][PASSED] - delay(2): Delayed 2 second(s)

2022-02-17 19:39:45 - [MESSAGE][PASSED] - Delayed 2 second(s)

2022-02-17 19:39:45 - [TEST_STEP][PASSED] - break: null

2022-02-17 19:39:45 - [MESSAGE][PASSED] - Call Test Case 'Test Cases/Mobile/Page/Login/Login' successfully

2022-02-17 19:39:45 - [MESSAGE][PASSED] - Call Test Case 'Test Cases/Mobile/Page/CheckLogin' successfully

2022-02-17 19:39:45 - [TEST_STEP][PASSED] - tap(HOME_MenubarNews, 0): Tapped on element 'Object Repository/Mobile/Page/Home/Menubar - News'

2022-02-17 19:39:45 - [MESSAGE][WARNING] - Timeout '0' is invalid. Using default page load timeout: '60'

2022-02-17 19:39:48 - [MESSAGE][PASSED] - Tapped on element 'Object Repository/Mobile/Page/Home/Menubar - News'

2022-02-17 19:39:48 - [TEST_STEP][PASSED] - delay(1): Delayed 1 second(s)

2022-02-17 19:39:49 - [MESSAGE][PASSED] - Delayed 1 second(s)

2022-02-17 19:39:49 - [TEST_STEP][PASSED] - for ([i = 0, i < 1, (i++)]): null

2022-02-17 19:39:49 - [TEST_STEP][PASSED] - if (tab == "macronews"): null

2022-02-17 19:39:49 - [TEST_STEP][PASSED] - else if (tab == "stocknews"): null

2022-02-17 19:39:49 - [TEST_STEP][PASSED] - else if (tab == "fundnews"): null

2022-02-17 19:39:49 - [TEST_STEP][PASSED] - else if (tab == "bondnews"): null

2022-02-17 19:39:49 - [TEST_STEP][PASSED] - else if (tab == "worldindices"): Delayed 3 second(s)

2022-02-17 19:39:49 - [TEST_STEP][PASSED] - scroll.scroll.scrollScreenRightToLeft(NEWS_TabMacro): scroll.scroll.scrollScreenRightToLeft is PASSED

2022-02-17 19:39:49 - [MESSAGE][WARNING] - Timeout '0' is invalid. Using default page load timeout: '60'

2022-02-17 19:39:50 - [MESSAGE][PASSED] - Object 'Object Repository/Mobile/Page/News/Tab - Macro' has left position '14'

2022-02-17 19:39:50 - [MESSAGE][WARNING] - Timeout '0' is invalid. Using default page load timeout: '60'

2022-02-17 19:39:50 - [MESSAGE][PASSED] - Object 'Object Repository/Mobile/Page/News/Tab - Macro' has top position '245'

2022-02-17 19:39:50 - [MESSAGE][WARNING] - Timeout '0' is invalid. Using default page load timeout: '60'

2022-02-17 19:39:50 - [MESSAGE][PASSED] - Object 'Object Repository/Mobile/Page/News/Tab - Macro' has width: '215'

2022-02-17 19:39:50 - [MESSAGE][WARNING] - Timeout '0' is invalid. Using default page load timeout: '60'

2022-02-17 19:39:50 - [MESSAGE][PASSED] - Object 'Object Repository/Mobile/Page/News/Tab - Macro' has height: '84'

2022-02-17 19:39:51 - [MESSAGE][PASSED] - Current device physical width is 720

2022-02-17 19:39:52 - [MESSAGE][PASSED] - Swiped from 620,287 to 100,287

2022-02-17 19:39:52 - [MESSAGE][PASSED] - scroll.scroll.scrollScreenRightToLeft is PASSED

2022-02-17 19:39:52 - [TEST_STEP][PASSED] - delay(1): Delayed 1 second(s)

2022-02-17 19:39:53 - [MESSAGE][PASSED] - Delayed 1 second(s)

2022-02-17 19:39:53 - [TEST_STEP][PASSED] - tap(NEWS_TabWorldIndices, 0): Tapped on element 'Object Repository/Mobile/Page/News/Tab - World Indices'

2022-02-17 19:39:53 - [MESSAGE][WARNING] - Timeout '0' is invalid. Using default page load timeout: '60'

2022-02-17 19:39:54 - [MESSAGE][PASSED] - Tapped on element 'Object Repository/Mobile/Page/News/Tab - World Indices'

2022-02-17 19:39:54 - [TEST_STEP][PASSED] - delay(1): Delayed 1 second(s)

2022-02-17 19:39:55 - [MESSAGE][PASSED] - Delayed 1 second(s)

2022-02-17 19:39:55 - [TEST_STEP][PASSED] - tap(NEWS_BtnIndices, 0): Tapped on element 'Object Repository/Mobile/Page/News/Button - Indices'

2022-02-17 19:39:55 - [MESSAGE][WARNING] - Timeout '0' is invalid. Using default page load timeout: '60'

2022-02-17 19:39:56 - [MESSAGE][PASSED] - Tapped on element 'Object Repository/Mobile/Page/News/Button - Indices'

2022-02-17 19:39:56 - [TEST_STEP][PASSED] - delay(3): Delayed 3 second(s)

2022-02-17 19:39:59 - [MESSAGE][PASSED] - Delayed 3 second(s)

2022-02-17 19:39:59 - [TEST_STEP][PASSED] - tap(NEWS_BtnCurrencies, 0): Tapped on element 'Object Repository/Mobile/Page/News/Button - Currencies'

2022-02-17 19:39:59 - [MESSAGE][WARNING] - Timeout '0' is invalid. Using default page load timeout: '60'

2022-02-17 19:40:00 - [MESSAGE][PASSED] - Tapped on element 'Object Repository/Mobile/Page/News/Button - Currencies'

2022-02-17 19:40:00 - [TEST_STEP][PASSED] - delay(3): Delayed 3 second(s)

2022-02-17 19:40:03 - [MESSAGE][PASSED] - Delayed 3 second(s)

2022-02-17 19:40:03 - [TEST_STEP][PASSED] - tap(NEWS_BtnCommodities, 0): Tapped on element 'Object Repository/Mobile/Page/News/Button - Commodities'

2022-02-17 19:40:03 - [MESSAGE][WARNING] - Timeout '0' is invalid. Using default page load timeout: '60'

2022-02-17 19:40:04 - [MESSAGE][PASSED] - Tapped on element 'Object Repository/Mobile/Page/News/Button - Commodities'

2022-02-17 19:40:04 - [TEST_STEP][PASSED] - delay(3): Delayed 3 second(s)

2022-02-17 19:40:07 - [MESSAGE][PASSED] - Delayed 3 second(s)

2022-02-17 19:40:07 - [TEST_STEP][PASSED] - delay(1): Delayed 1 second(s)

2022-02-17 19:40:08 - [MESSAGE][PASSED] - Delayed 1 second(s)

2022-02-17 19:40:08 - [TEST_STEP][PASSED] - if (tab != "worldindices"): null

2022-02-17 19:40:08 - [MESSAGE][PASSED] - Call Test Case 'Test Cases/Mobile/Page/News/News' successfully

2022-02-17 19:40:08 - [TEST_STEP][PASSED] - callTestCase(findTestCase("Mobile/Page/Run App/Terminate App"), [:], STOP_ON_FAILURE): Call Test Case 'Test Cases/Mobile/Page/Run App/Terminate App' successfully

2022-02-17 19:40:08 - [TEST_CASE][PASSED] - Test Cases/Mobile/Page/Run App/Terminate App: Test Cases/Mobile/Page/Run App/Terminate App

2022-02-17 19:40:09 - [TEST_STEP][PASSED] - startApp.OpenApp.terminateApplication(): startApp.OpenApp.terminateApplication is PASSED

2022-02-17 19:40:12 - [MESSAGE][PASSED] - Delayed 3 second(s)

2022-02-17 19:40:12 - [MESSAGE][PASSED] - Current device physical width is 720

2022-02-17 19:40:12 - [MESSAGE][PASSED] - Current device physical height is 1423

2022-02-17 19:40:14 - [MESSAGE][PASSED] - Swiped from 360,853 to 360,142

2022-02-17 19:40:15 - [MESSAGE][PASSED] - Delayed 1 second(s)

2022-02-17 19:40:16 - [MESSAGE][PASSED] - Swiped from 360,853 to 360,142

2022-02-17 19:40:19 - [MESSAGE][PASSED] - Delayed 3 second(s)

2022-02-17 19:40:19 - [MESSAGE][PASSED] - startApp.OpenApp.terminateApplication is PASSED

2022-02-17 19:40:19 - [MESSAGE][PASSED] - Call Test Case 'Test Cases/Mobile/Page/Run App/Terminate App' successfully]]></system-out>
         <system-err><![CDATA[]]></system-err>
      </testcase>
      <testcase name="Test Cases/Mobile/Scenario/News/002 - News Stock" time="63.095" classname="Test Cases/Mobile/Scenario/News/002 - News Stock" status="PASSED">
         <system-out><![CDATA[2022-02-17 19:40:19 - [TEST_CASE][PASSED] - Test Cases/Mobile/Scenario/News/002 - News Stock: Test Cases/Mobile/Scenario/News/002 - News Stock

2022-02-17 19:40:19 - [TEST_STEP][PASSED] - callTestCase(findTestCase("Mobile/Page/Run App/Run App byID"), [:], STOP_ON_FAILURE): Call Test Case 'Test Cases/Mobile/Page/Run App/Run App byID' successfully

2022-02-17 19:40:19 - [TEST_CASE][PASSED] - Test Cases/Mobile/Page/Run App/Run App byID: Test Cases/Mobile/Page/Run App/Run App byID

2022-02-17 19:40:19 - [TEST_STEP][PASSED] - startApp.OpenApp.startApplication("id.co.miraeasset.sageclub"): startApp.OpenApp.startApplication is PASSED

2022-02-17 19:40:33 - [MESSAGE][PASSED] - Starting app with application ID: 'id.co.miraeasset.sageclub'

2022-02-17 19:40:33 - [MESSAGE][PASSED] - startApp.OpenApp.startApplication is PASSED

2022-02-17 19:40:33 - [MESSAGE][PASSED] - Call Test Case 'Test Cases/Mobile/Page/Run App/Run App byID' successfully

2022-02-17 19:40:33 - [TEST_STEP][PASSED] - callTestCase(findTestCase("Mobile/Page/News/News"), ["tab":"stocknews"], CONTINUE_ON_FAILURE): Call Test Case 'Test Cases/Mobile/Page/News/News' successfully

2022-02-17 19:40:33 - [TEST_CASE][PASSED] - Test Cases/Mobile/Page/News/News: Test Cases/Mobile/Page/News/News

2022-02-17 19:40:33 - [TEST_STEP][PASSED] - callTestCase(findTestCase("Mobile/Page/CheckLogin"), [:], CONTINUE_ON_FAILURE): Call Test Case 'Test Cases/Mobile/Page/CheckLogin' successfully

2022-02-17 19:40:33 - [TEST_CASE][PASSED] - Test Cases/Mobile/Page/CheckLogin: Test Cases/Mobile/Page/CheckLogin

2022-02-17 19:40:33 - [TEST_STEP][PASSED] - loginCheck = verifyElementExist(LOGN_BtnLogin, 5, CONTINUE_ON_FAILURE): Element 'Object Repository/Mobile/Page/Login/Button - Login' is exist

2022-02-17 19:40:35 - [MESSAGE][PASSED] - Element 'Object Repository/Mobile/Page/Login/Button - Login' is exist

2022-02-17 19:40:35 - [TEST_STEP][PASSED] - if (loginCheck): Call Test Case 'Test Cases/Mobile/Page/Login/Login' successfully

2022-02-17 19:40:35 - [TEST_STEP][PASSED] - callTestCase(findTestCase("Mobile/Page/Login/Login"), ["action":"username"], CONTINUE_ON_FAILURE): Call Test Case 'Test Cases/Mobile/Page/Login/Login' successfully

2022-02-17 19:40:35 - [TEST_CASE][PASSED] - Test Cases/Mobile/Page/Login/Login: Test Cases/Mobile/Page/Login/Login

2022-02-17 19:40:35 - [TEST_STEP][PASSED] - delay(2): Delayed 2 second(s)

2022-02-17 19:40:37 - [MESSAGE][PASSED] - Delayed 2 second(s)

2022-02-17 19:40:37 - [TEST_STEP][PASSED] - for ([i = 0, i < 1, (i++)]): null

2022-02-17 19:40:37 - [TEST_STEP][PASSED] - if (action == "username"): null

2022-02-17 19:40:37 - [TEST_STEP][PASSED] - tap(LOGN_EdtUserID, 0): Tapped on element 'Object Repository/Mobile/Page/Login/Input - UserID'

2022-02-17 19:40:37 - [MESSAGE][WARNING] - Timeout '0' is invalid. Using default page load timeout: '60'

2022-02-17 19:40:37 - [MESSAGE][PASSED] - Tapped on element 'Object Repository/Mobile/Page/Login/Input - UserID'

2022-02-17 19:40:37 - [TEST_STEP][PASSED] - delay(1): Delayed 1 second(s)

2022-02-17 19:40:38 - [MESSAGE][PASSED] - Delayed 1 second(s)

2022-02-17 19:40:38 - [TEST_STEP][PASSED] - setText(LOGN_EdtRdyUserID, "anggaaditya", 0): Text 'anggaaditya' has been set to element 'Object Repository/Mobile/Page/Login/Input Rdy - UserID'

2022-02-17 19:40:38 - [MESSAGE][WARNING] - Timeout '0' is invalid. Using default page load timeout: '60'

2022-02-17 19:40:39 - [MESSAGE][PASSED] - Text 'anggaaditya' has been set to element 'Object Repository/Mobile/Page/Login/Input Rdy - UserID'

2022-02-17 19:40:39 - [TEST_STEP][PASSED] - delay(1): Delayed 1 second(s)

2022-02-17 19:40:40 - [MESSAGE][PASSED] - Delayed 1 second(s)

2022-02-17 19:40:40 - [TEST_STEP][PASSED] - hideKeyboard(): Keyboard is hidden

2022-02-17 19:40:44 - [MESSAGE][PASSED] - Keyboard is hidden

2022-02-17 19:40:44 - [TEST_STEP][PASSED] - tap(LOGN_EdtPassword, 0): Tapped on element 'Object Repository/Mobile/Page/Login/Input - Password'

2022-02-17 19:40:44 - [MESSAGE][WARNING] - Timeout '0' is invalid. Using default page load timeout: '60'

2022-02-17 19:40:45 - [MESSAGE][PASSED] - Tapped on element 'Object Repository/Mobile/Page/Login/Input - Password'

2022-02-17 19:40:45 - [TEST_STEP][PASSED] - delay(1): Delayed 1 second(s)

2022-02-17 19:40:46 - [MESSAGE][PASSED] - Delayed 1 second(s)

2022-02-17 19:40:46 - [TEST_STEP][PASSED] - setText(LOGN_EdtRdyPassword, "Shalawa18", 0): Text 'Shalawa18' has been set to element 'Object Repository/Mobile/Page/Login/Input Rdy - Password'

2022-02-17 19:40:46 - [MESSAGE][WARNING] - Timeout '0' is invalid. Using default page load timeout: '60'

2022-02-17 19:40:46 - [MESSAGE][PASSED] - Text 'Shalawa18' has been set to element 'Object Repository/Mobile/Page/Login/Input Rdy - Password'

2022-02-17 19:40:46 - [TEST_STEP][PASSED] - delay(1): Delayed 1 second(s)

2022-02-17 19:40:47 - [MESSAGE][PASSED] - Delayed 1 second(s)

2022-02-17 19:40:47 - [TEST_STEP][PASSED] - hideKeyboard(): Keyboard is hidden

2022-02-17 19:40:54 - [MESSAGE][PASSED] - Keyboard is hidden

2022-02-17 19:40:54 - [TEST_STEP][PASSED] - tap(LOGN_BtnLogin, 0): Tapped on element 'Object Repository/Mobile/Page/Login/Button - Login'

2022-02-17 19:40:54 - [MESSAGE][WARNING] - Timeout '0' is invalid. Using default page load timeout: '60'

2022-02-17 19:40:55 - [MESSAGE][PASSED] - Tapped on element 'Object Repository/Mobile/Page/Login/Button - Login'

2022-02-17 19:40:55 - [TEST_STEP][PASSED] - delay(2): Delayed 2 second(s)

2022-02-17 19:40:57 - [MESSAGE][PASSED] - Delayed 2 second(s)

2022-02-17 19:40:57 - [TEST_STEP][PASSED] - break: null

2022-02-17 19:40:57 - [MESSAGE][PASSED] - Call Test Case 'Test Cases/Mobile/Page/Login/Login' successfully

2022-02-17 19:40:57 - [MESSAGE][PASSED] - Call Test Case 'Test Cases/Mobile/Page/CheckLogin' successfully

2022-02-17 19:40:57 - [TEST_STEP][PASSED] - tap(HOME_MenubarNews, 0): Tapped on element 'Object Repository/Mobile/Page/Home/Menubar - News'

2022-02-17 19:40:57 - [MESSAGE][WARNING] - Timeout '0' is invalid. Using default page load timeout: '60'

2022-02-17 19:40:59 - [MESSAGE][PASSED] - Tapped on element 'Object Repository/Mobile/Page/Home/Menubar - News'

2022-02-17 19:40:59 - [TEST_STEP][PASSED] - delay(1): Delayed 1 second(s)

2022-02-17 19:41:00 - [MESSAGE][PASSED] - Delayed 1 second(s)

2022-02-17 19:41:00 - [TEST_STEP][PASSED] - for ([i = 0, i < 1, (i++)]): Delayed 3 second(s)

2022-02-17 19:41:00 - [TEST_STEP][PASSED] - if (tab == "macronews"): null

2022-02-17 19:41:00 - [TEST_STEP][PASSED] - else if (tab == "stocknews"): Tapped on element 'Object Repository/Mobile/Page/News/Tab - Stock'

2022-02-17 19:41:00 - [TEST_STEP][PASSED] - tap(NEWS_TabStock, 0): Tapped on element 'Object Repository/Mobile/Page/News/Tab - Stock'

2022-02-17 19:41:00 - [MESSAGE][WARNING] - Timeout '0' is invalid. Using default page load timeout: '60'

2022-02-17 19:41:02 - [MESSAGE][PASSED] - Tapped on element 'Object Repository/Mobile/Page/News/Tab - Stock'

2022-02-17 19:41:02 - [TEST_STEP][PASSED] - delay(1): Delayed 1 second(s)

2022-02-17 19:41:03 - [MESSAGE][PASSED] - Delayed 1 second(s)

2022-02-17 19:41:03 - [TEST_STEP][PASSED] - if (tab != "worldindices"): Delayed 3 second(s)

2022-02-17 19:41:03 - [TEST_STEP][PASSED] - try: Delayed 3 second(s)

2022-02-17 19:41:03 - [TEST_STEP][PASSED] - tapAndHold(NEWS_ItemTopNews, 1, 10): Tapped and held on element 'Object Repository/Mobile/Page/News/Item - Top News' with duration 1

2022-02-17 19:41:06 - [MESSAGE][PASSED] - Tapped and held on element 'Object Repository/Mobile/Page/News/Item - Top News' with duration 1

2022-02-17 19:41:06 - [TEST_STEP][PASSED] - delay(1): Delayed 1 second(s)

2022-02-17 19:41:07 - [MESSAGE][PASSED] - Delayed 1 second(s)

2022-02-17 19:41:07 - [TEST_STEP][PASSED] - scroll.scroll.scrollScreenBottomToTop(): scroll.scroll.scrollScreenBottomToTop is PASSED

2022-02-17 19:41:07 - [MESSAGE][PASSED] - Current device physical height is 1423

2022-02-17 19:41:07 - [MESSAGE][PASSED] - Current device physical width is 720

2022-02-17 19:41:09 - [MESSAGE][PASSED] - Swiped from 360,1,138 to 360,284

2022-02-17 19:41:09 - [MESSAGE][PASSED] - scroll.scroll.scrollScreenBottomToTop is PASSED

2022-02-17 19:41:09 - [TEST_STEP][PASSED] - delay(3): Delayed 3 second(s)

2022-02-17 19:41:12 - [MESSAGE][PASSED] - Delayed 3 second(s)

2022-02-17 19:41:12 - [MESSAGE][PASSED] - Call Test Case 'Test Cases/Mobile/Page/News/News' successfully

2022-02-17 19:41:12 - [TEST_STEP][PASSED] - callTestCase(findTestCase("Mobile/Page/Run App/Terminate App"), [:], STOP_ON_FAILURE): Call Test Case 'Test Cases/Mobile/Page/Run App/Terminate App' successfully

2022-02-17 19:41:12 - [TEST_CASE][PASSED] - Test Cases/Mobile/Page/Run App/Terminate App: Test Cases/Mobile/Page/Run App/Terminate App

2022-02-17 19:41:12 - [TEST_STEP][PASSED] - startApp.OpenApp.terminateApplication(): startApp.OpenApp.terminateApplication is PASSED

2022-02-17 19:41:15 - [MESSAGE][PASSED] - Delayed 3 second(s)

2022-02-17 19:41:15 - [MESSAGE][PASSED] - Current device physical width is 720

2022-02-17 19:41:15 - [MESSAGE][PASSED] - Current device physical height is 1423

2022-02-17 19:41:17 - [MESSAGE][PASSED] - Swiped from 360,853 to 360,142

2022-02-17 19:41:18 - [MESSAGE][PASSED] - Delayed 1 second(s)

2022-02-17 19:41:19 - [MESSAGE][PASSED] - Swiped from 360,853 to 360,142

2022-02-17 19:41:22 - [MESSAGE][PASSED] - Delayed 3 second(s)

2022-02-17 19:41:22 - [MESSAGE][PASSED] - startApp.OpenApp.terminateApplication is PASSED

2022-02-17 19:41:22 - [MESSAGE][PASSED] - Call Test Case 'Test Cases/Mobile/Page/Run App/Terminate App' successfully]]></system-out>
         <system-err><![CDATA[]]></system-err>
      </testcase>
      <testcase name="Test Cases/Mobile/Scenario/News/003 - News Fund" time="63.076" classname="Test Cases/Mobile/Scenario/News/003 - News Fund" status="PASSED">
         <system-out><![CDATA[2022-02-17 19:41:22 - [TEST_CASE][PASSED] - Test Cases/Mobile/Scenario/News/003 - News Fund: Test Cases/Mobile/Scenario/News/003 - News Fund

2022-02-17 19:41:22 - [TEST_STEP][PASSED] - callTestCase(findTestCase("Mobile/Page/Run App/Run App byID"), [:], STOP_ON_FAILURE): Call Test Case 'Test Cases/Mobile/Page/Run App/Run App byID' successfully

2022-02-17 19:41:22 - [TEST_CASE][PASSED] - Test Cases/Mobile/Page/Run App/Run App byID: Test Cases/Mobile/Page/Run App/Run App byID

2022-02-17 19:41:22 - [TEST_STEP][PASSED] - startApp.OpenApp.startApplication("id.co.miraeasset.sageclub"): startApp.OpenApp.startApplication is PASSED

2022-02-17 19:41:36 - [MESSAGE][PASSED] - Starting app with application ID: 'id.co.miraeasset.sageclub'

2022-02-17 19:41:36 - [MESSAGE][PASSED] - startApp.OpenApp.startApplication is PASSED

2022-02-17 19:41:36 - [MESSAGE][PASSED] - Call Test Case 'Test Cases/Mobile/Page/Run App/Run App byID' successfully

2022-02-17 19:41:36 - [TEST_STEP][PASSED] - callTestCase(findTestCase("Mobile/Page/News/News"), ["tab":"fundnews"], CONTINUE_ON_FAILURE): Call Test Case 'Test Cases/Mobile/Page/News/News' successfully

2022-02-17 19:41:36 - [TEST_CASE][PASSED] - Test Cases/Mobile/Page/News/News: Test Cases/Mobile/Page/News/News

2022-02-17 19:41:36 - [TEST_STEP][PASSED] - callTestCase(findTestCase("Mobile/Page/CheckLogin"), [:], CONTINUE_ON_FAILURE): Call Test Case 'Test Cases/Mobile/Page/CheckLogin' successfully

2022-02-17 19:41:36 - [TEST_CASE][PASSED] - Test Cases/Mobile/Page/CheckLogin: Test Cases/Mobile/Page/CheckLogin

2022-02-17 19:41:36 - [TEST_STEP][PASSED] - loginCheck = verifyElementExist(LOGN_BtnLogin, 5, CONTINUE_ON_FAILURE): Element 'Object Repository/Mobile/Page/Login/Button - Login' is exist

2022-02-17 19:41:38 - [MESSAGE][PASSED] - Element 'Object Repository/Mobile/Page/Login/Button - Login' is exist

2022-02-17 19:41:38 - [TEST_STEP][PASSED] - if (loginCheck): Call Test Case 'Test Cases/Mobile/Page/Login/Login' successfully

2022-02-17 19:41:38 - [TEST_STEP][PASSED] - callTestCase(findTestCase("Mobile/Page/Login/Login"), ["action":"username"], CONTINUE_ON_FAILURE): Call Test Case 'Test Cases/Mobile/Page/Login/Login' successfully

2022-02-17 19:41:38 - [TEST_CASE][PASSED] - Test Cases/Mobile/Page/Login/Login: Test Cases/Mobile/Page/Login/Login

2022-02-17 19:41:38 - [TEST_STEP][PASSED] - delay(2): Delayed 2 second(s)

2022-02-17 19:41:40 - [MESSAGE][PASSED] - Delayed 2 second(s)

2022-02-17 19:41:40 - [TEST_STEP][PASSED] - for ([i = 0, i < 1, (i++)]): null

2022-02-17 19:41:40 - [TEST_STEP][PASSED] - if (action == "username"): null

2022-02-17 19:41:40 - [TEST_STEP][PASSED] - tap(LOGN_EdtUserID, 0): Tapped on element 'Object Repository/Mobile/Page/Login/Input - UserID'

2022-02-17 19:41:40 - [MESSAGE][WARNING] - Timeout '0' is invalid. Using default page load timeout: '60'

2022-02-17 19:41:40 - [MESSAGE][PASSED] - Tapped on element 'Object Repository/Mobile/Page/Login/Input - UserID'

2022-02-17 19:41:40 - [TEST_STEP][PASSED] - delay(1): Delayed 1 second(s)

2022-02-17 19:41:41 - [MESSAGE][PASSED] - Delayed 1 second(s)

2022-02-17 19:41:41 - [TEST_STEP][PASSED] - setText(LOGN_EdtRdyUserID, "anggaaditya", 0): Text 'anggaaditya' has been set to element 'Object Repository/Mobile/Page/Login/Input Rdy - UserID'

2022-02-17 19:41:41 - [MESSAGE][WARNING] - Timeout '0' is invalid. Using default page load timeout: '60'

2022-02-17 19:41:42 - [MESSAGE][PASSED] - Text 'anggaaditya' has been set to element 'Object Repository/Mobile/Page/Login/Input Rdy - UserID'

2022-02-17 19:41:42 - [TEST_STEP][PASSED] - delay(1): Delayed 1 second(s)

2022-02-17 19:41:43 - [MESSAGE][PASSED] - Delayed 1 second(s)

2022-02-17 19:41:43 - [TEST_STEP][PASSED] - hideKeyboard(): Keyboard is hidden

2022-02-17 19:41:48 - [MESSAGE][PASSED] - Keyboard is hidden

2022-02-17 19:41:48 - [TEST_STEP][PASSED] - tap(LOGN_EdtPassword, 0): Tapped on element 'Object Repository/Mobile/Page/Login/Input - Password'

2022-02-17 19:41:48 - [MESSAGE][WARNING] - Timeout '0' is invalid. Using default page load timeout: '60'

2022-02-17 19:41:48 - [MESSAGE][PASSED] - Tapped on element 'Object Repository/Mobile/Page/Login/Input - Password'

2022-02-17 19:41:48 - [TEST_STEP][PASSED] - delay(1): Delayed 1 second(s)

2022-02-17 19:41:49 - [MESSAGE][PASSED] - Delayed 1 second(s)

2022-02-17 19:41:49 - [TEST_STEP][PASSED] - setText(LOGN_EdtRdyPassword, "Shalawa18", 0): Text 'Shalawa18' has been set to element 'Object Repository/Mobile/Page/Login/Input Rdy - Password'

2022-02-17 19:41:49 - [MESSAGE][WARNING] - Timeout '0' is invalid. Using default page load timeout: '60'

2022-02-17 19:41:49 - [MESSAGE][PASSED] - Text 'Shalawa18' has been set to element 'Object Repository/Mobile/Page/Login/Input Rdy - Password'

2022-02-17 19:41:49 - [TEST_STEP][PASSED] - delay(1): Delayed 1 second(s)

2022-02-17 19:41:50 - [MESSAGE][PASSED] - Delayed 1 second(s)

2022-02-17 19:41:50 - [TEST_STEP][PASSED] - hideKeyboard(): Keyboard is hidden

2022-02-17 19:41:57 - [MESSAGE][PASSED] - Keyboard is hidden

2022-02-17 19:41:57 - [TEST_STEP][PASSED] - tap(LOGN_BtnLogin, 0): Tapped on element 'Object Repository/Mobile/Page/Login/Button - Login'

2022-02-17 19:41:57 - [MESSAGE][WARNING] - Timeout '0' is invalid. Using default page load timeout: '60'

2022-02-17 19:41:58 - [MESSAGE][PASSED] - Tapped on element 'Object Repository/Mobile/Page/Login/Button - Login'

2022-02-17 19:41:58 - [TEST_STEP][PASSED] - delay(2): Delayed 2 second(s)

2022-02-17 19:42:00 - [MESSAGE][PASSED] - Delayed 2 second(s)

2022-02-17 19:42:00 - [TEST_STEP][PASSED] - break: null

2022-02-17 19:42:00 - [MESSAGE][PASSED] - Call Test Case 'Test Cases/Mobile/Page/Login/Login' successfully

2022-02-17 19:42:00 - [MESSAGE][PASSED] - Call Test Case 'Test Cases/Mobile/Page/CheckLogin' successfully

2022-02-17 19:42:00 - [TEST_STEP][PASSED] - tap(HOME_MenubarNews, 0): Tapped on element 'Object Repository/Mobile/Page/Home/Menubar - News'

2022-02-17 19:42:00 - [MESSAGE][WARNING] - Timeout '0' is invalid. Using default page load timeout: '60'

2022-02-17 19:42:02 - [MESSAGE][PASSED] - Tapped on element 'Object Repository/Mobile/Page/Home/Menubar - News'

2022-02-17 19:42:02 - [TEST_STEP][PASSED] - delay(1): Delayed 1 second(s)

2022-02-17 19:42:03 - [MESSAGE][PASSED] - Delayed 1 second(s)

2022-02-17 19:42:03 - [TEST_STEP][PASSED] - for ([i = 0, i < 1, (i++)]): Delayed 3 second(s)

2022-02-17 19:42:03 - [TEST_STEP][PASSED] - if (tab == "macronews"): null

2022-02-17 19:42:03 - [TEST_STEP][PASSED] - else if (tab == "stocknews"): null

2022-02-17 19:42:03 - [TEST_STEP][PASSED] - else if (tab == "fundnews"): Tapped on element 'Object Repository/Mobile/Page/News/Tab - Fund'

2022-02-17 19:42:03 - [TEST_STEP][PASSED] - tap(NEWS_TabFund, 0): Tapped on element 'Object Repository/Mobile/Page/News/Tab - Fund'

2022-02-17 19:42:03 - [MESSAGE][WARNING] - Timeout '0' is invalid. Using default page load timeout: '60'

2022-02-17 19:42:05 - [MESSAGE][PASSED] - Tapped on element 'Object Repository/Mobile/Page/News/Tab - Fund'

2022-02-17 19:42:05 - [TEST_STEP][PASSED] - delay(1): Delayed 1 second(s)

2022-02-17 19:42:06 - [MESSAGE][PASSED] - Delayed 1 second(s)

2022-02-17 19:42:06 - [TEST_STEP][PASSED] - if (tab != "worldindices"): Delayed 3 second(s)

2022-02-17 19:42:06 - [TEST_STEP][PASSED] - try: Delayed 3 second(s)

2022-02-17 19:42:06 - [TEST_STEP][PASSED] - tapAndHold(NEWS_ItemTopNews, 1, 10): Tapped and held on element 'Object Repository/Mobile/Page/News/Item - Top News' with duration 1

2022-02-17 19:42:09 - [MESSAGE][PASSED] - Tapped and held on element 'Object Repository/Mobile/Page/News/Item - Top News' with duration 1

2022-02-17 19:42:09 - [TEST_STEP][PASSED] - delay(1): Delayed 1 second(s)

2022-02-17 19:42:10 - [MESSAGE][PASSED] - Delayed 1 second(s)

2022-02-17 19:42:10 - [TEST_STEP][PASSED] - scroll.scroll.scrollScreenBottomToTop(): scroll.scroll.scrollScreenBottomToTop is PASSED

2022-02-17 19:42:10 - [MESSAGE][PASSED] - Current device physical height is 1423

2022-02-17 19:42:11 - [MESSAGE][PASSED] - Current device physical width is 720

2022-02-17 19:42:12 - [MESSAGE][PASSED] - Swiped from 360,1,138 to 360,284

2022-02-17 19:42:12 - [MESSAGE][PASSED] - scroll.scroll.scrollScreenBottomToTop is PASSED

2022-02-17 19:42:12 - [TEST_STEP][PASSED] - delay(3): Delayed 3 second(s)

2022-02-17 19:42:15 - [MESSAGE][PASSED] - Delayed 3 second(s)

2022-02-17 19:42:15 - [MESSAGE][PASSED] - Call Test Case 'Test Cases/Mobile/Page/News/News' successfully

2022-02-17 19:42:15 - [TEST_STEP][PASSED] - callTestCase(findTestCase("Mobile/Page/Run App/Terminate App"), [:], STOP_ON_FAILURE): Call Test Case 'Test Cases/Mobile/Page/Run App/Terminate App' successfully

2022-02-17 19:42:15 - [TEST_CASE][PASSED] - Test Cases/Mobile/Page/Run App/Terminate App: Test Cases/Mobile/Page/Run App/Terminate App

2022-02-17 19:42:15 - [TEST_STEP][PASSED] - startApp.OpenApp.terminateApplication(): startApp.OpenApp.terminateApplication is PASSED

2022-02-17 19:42:18 - [MESSAGE][PASSED] - Delayed 3 second(s)

2022-02-17 19:42:18 - [MESSAGE][PASSED] - Current device physical width is 720

2022-02-17 19:42:19 - [MESSAGE][PASSED] - Current device physical height is 1423

2022-02-17 19:42:20 - [MESSAGE][PASSED] - Swiped from 360,853 to 360,142

2022-02-17 19:42:21 - [MESSAGE][PASSED] - Delayed 1 second(s)

2022-02-17 19:42:22 - [MESSAGE][PASSED] - Swiped from 360,853 to 360,142

2022-02-17 19:42:25 - [MESSAGE][PASSED] - Delayed 3 second(s)

2022-02-17 19:42:25 - [MESSAGE][PASSED] - startApp.OpenApp.terminateApplication is PASSED

2022-02-17 19:42:25 - [MESSAGE][PASSED] - Call Test Case 'Test Cases/Mobile/Page/Run App/Terminate App' successfully]]></system-out>
         <system-err><![CDATA[]]></system-err>
      </testcase>
      <testcase name="Test Cases/Mobile/Scenario/News/004 - Bond News" time="59.469" classname="Test Cases/Mobile/Scenario/News/004 - Bond News" status="PASSED">
         <system-out><![CDATA[2022-02-17 19:42:25 - [TEST_CASE][PASSED] - Test Cases/Mobile/Scenario/News/004 - Bond News: Test Cases/Mobile/Scenario/News/004 - Bond News

2022-02-17 19:42:25 - [TEST_STEP][PASSED] - callTestCase(findTestCase("Mobile/Page/Run App/Run App byID"), [:], STOP_ON_FAILURE): Call Test Case 'Test Cases/Mobile/Page/Run App/Run App byID' successfully

2022-02-17 19:42:25 - [TEST_CASE][PASSED] - Test Cases/Mobile/Page/Run App/Run App byID: Test Cases/Mobile/Page/Run App/Run App byID

2022-02-17 19:42:25 - [TEST_STEP][PASSED] - startApp.OpenApp.startApplication("id.co.miraeasset.sageclub"): startApp.OpenApp.startApplication is PASSED

2022-02-17 19:42:38 - [MESSAGE][PASSED] - Starting app with application ID: 'id.co.miraeasset.sageclub'

2022-02-17 19:42:38 - [MESSAGE][PASSED] - startApp.OpenApp.startApplication is PASSED

2022-02-17 19:42:38 - [MESSAGE][PASSED] - Call Test Case 'Test Cases/Mobile/Page/Run App/Run App byID' successfully

2022-02-17 19:42:38 - [TEST_STEP][PASSED] - callTestCase(findTestCase("Mobile/Page/News/News"), ["tab":"bondnews"], CONTINUE_ON_FAILURE): Call Test Case 'Test Cases/Mobile/Page/News/News' successfully

2022-02-17 19:42:38 - [TEST_CASE][PASSED] - Test Cases/Mobile/Page/News/News: Test Cases/Mobile/Page/News/News

2022-02-17 19:42:38 - [TEST_STEP][PASSED] - callTestCase(findTestCase("Mobile/Page/CheckLogin"), [:], CONTINUE_ON_FAILURE): Call Test Case 'Test Cases/Mobile/Page/CheckLogin' successfully

2022-02-17 19:42:38 - [TEST_CASE][PASSED] - Test Cases/Mobile/Page/CheckLogin: Test Cases/Mobile/Page/CheckLogin

2022-02-17 19:42:38 - [TEST_STEP][PASSED] - loginCheck = verifyElementExist(LOGN_BtnLogin, 5, CONTINUE_ON_FAILURE): Element 'Object Repository/Mobile/Page/Login/Button - Login' is exist

2022-02-17 19:42:40 - [MESSAGE][PASSED] - Element 'Object Repository/Mobile/Page/Login/Button - Login' is exist

2022-02-17 19:42:40 - [TEST_STEP][PASSED] - if (loginCheck): Call Test Case 'Test Cases/Mobile/Page/Login/Login' successfully

2022-02-17 19:42:40 - [TEST_STEP][PASSED] - callTestCase(findTestCase("Mobile/Page/Login/Login"), ["action":"username"], CONTINUE_ON_FAILURE): Call Test Case 'Test Cases/Mobile/Page/Login/Login' successfully

2022-02-17 19:42:40 - [TEST_CASE][PASSED] - Test Cases/Mobile/Page/Login/Login: Test Cases/Mobile/Page/Login/Login

2022-02-17 19:42:40 - [TEST_STEP][PASSED] - delay(2): Delayed 2 second(s)

2022-02-17 19:42:42 - [MESSAGE][PASSED] - Delayed 2 second(s)

2022-02-17 19:42:42 - [TEST_STEP][PASSED] - for ([i = 0, i < 1, (i++)]): null

2022-02-17 19:42:42 - [TEST_STEP][PASSED] - if (action == "username"): null

2022-02-17 19:42:42 - [TEST_STEP][PASSED] - tap(LOGN_EdtUserID, 0): Tapped on element 'Object Repository/Mobile/Page/Login/Input - UserID'

2022-02-17 19:42:42 - [MESSAGE][WARNING] - Timeout '0' is invalid. Using default page load timeout: '60'

2022-02-17 19:42:43 - [MESSAGE][PASSED] - Tapped on element 'Object Repository/Mobile/Page/Login/Input - UserID'

2022-02-17 19:42:43 - [TEST_STEP][PASSED] - delay(1): Delayed 1 second(s)

2022-02-17 19:42:44 - [MESSAGE][PASSED] - Delayed 1 second(s)

2022-02-17 19:42:44 - [TEST_STEP][PASSED] - setText(LOGN_EdtRdyUserID, "anggaaditya", 0): Text 'anggaaditya' has been set to element 'Object Repository/Mobile/Page/Login/Input Rdy - UserID'

2022-02-17 19:42:44 - [MESSAGE][WARNING] - Timeout '0' is invalid. Using default page load timeout: '60'

2022-02-17 19:42:44 - [MESSAGE][PASSED] - Text 'anggaaditya' has been set to element 'Object Repository/Mobile/Page/Login/Input Rdy - UserID'

2022-02-17 19:42:44 - [TEST_STEP][PASSED] - delay(1): Delayed 1 second(s)

2022-02-17 19:42:45 - [MESSAGE][PASSED] - Delayed 1 second(s)

2022-02-17 19:42:45 - [TEST_STEP][PASSED] - hideKeyboard(): Keyboard is hidden

2022-02-17 19:42:49 - [MESSAGE][PASSED] - Keyboard is hidden

2022-02-17 19:42:49 - [TEST_STEP][PASSED] - tap(LOGN_EdtPassword, 0): Tapped on element 'Object Repository/Mobile/Page/Login/Input - Password'

2022-02-17 19:42:49 - [MESSAGE][WARNING] - Timeout '0' is invalid. Using default page load timeout: '60'

2022-02-17 19:42:49 - [MESSAGE][PASSED] - Tapped on element 'Object Repository/Mobile/Page/Login/Input - Password'

2022-02-17 19:42:49 - [TEST_STEP][PASSED] - delay(1): Delayed 1 second(s)

2022-02-17 19:42:50 - [MESSAGE][PASSED] - Delayed 1 second(s)

2022-02-17 19:42:50 - [TEST_STEP][PASSED] - setText(LOGN_EdtRdyPassword, "Shalawa18", 0): Text 'Shalawa18' has been set to element 'Object Repository/Mobile/Page/Login/Input Rdy - Password'

2022-02-17 19:42:50 - [MESSAGE][WARNING] - Timeout '0' is invalid. Using default page load timeout: '60'

2022-02-17 19:42:51 - [MESSAGE][PASSED] - Text 'Shalawa18' has been set to element 'Object Repository/Mobile/Page/Login/Input Rdy - Password'

2022-02-17 19:42:51 - [TEST_STEP][PASSED] - delay(1): Delayed 1 second(s)

2022-02-17 19:42:52 - [MESSAGE][PASSED] - Delayed 1 second(s)

2022-02-17 19:42:52 - [TEST_STEP][PASSED] - hideKeyboard(): Keyboard is hidden

2022-02-17 19:42:58 - [MESSAGE][PASSED] - Keyboard is hidden

2022-02-17 19:42:58 - [TEST_STEP][PASSED] - tap(LOGN_BtnLogin, 0): Tapped on element 'Object Repository/Mobile/Page/Login/Button - Login'

2022-02-17 19:42:58 - [MESSAGE][WARNING] - Timeout '0' is invalid. Using default page load timeout: '60'

2022-02-17 19:43:00 - [MESSAGE][PASSED] - Tapped on element 'Object Repository/Mobile/Page/Login/Button - Login'

2022-02-17 19:43:00 - [TEST_STEP][PASSED] - delay(2): Delayed 2 second(s)

2022-02-17 19:43:02 - [MESSAGE][PASSED] - Delayed 2 second(s)

2022-02-17 19:43:02 - [TEST_STEP][PASSED] - break: null

2022-02-17 19:43:02 - [MESSAGE][PASSED] - Call Test Case 'Test Cases/Mobile/Page/Login/Login' successfully

2022-02-17 19:43:02 - [MESSAGE][PASSED] - Call Test Case 'Test Cases/Mobile/Page/CheckLogin' successfully

2022-02-17 19:43:02 - [TEST_STEP][PASSED] - tap(HOME_MenubarNews, 0): Tapped on element 'Object Repository/Mobile/Page/Home/Menubar - News'

2022-02-17 19:43:02 - [MESSAGE][WARNING] - Timeout '0' is invalid. Using default page load timeout: '60'

2022-02-17 19:43:02 - [MESSAGE][PASSED] - Tapped on element 'Object Repository/Mobile/Page/Home/Menubar - News'

2022-02-17 19:43:02 - [TEST_STEP][PASSED] - delay(1): Delayed 1 second(s)

2022-02-17 19:43:03 - [MESSAGE][PASSED] - Delayed 1 second(s)

2022-02-17 19:43:03 - [TEST_STEP][PASSED] - for ([i = 0, i < 1, (i++)]): Delayed 3 second(s)

2022-02-17 19:43:03 - [TEST_STEP][PASSED] - if (tab == "macronews"): null

2022-02-17 19:43:03 - [TEST_STEP][PASSED] - else if (tab == "stocknews"): null

2022-02-17 19:43:03 - [TEST_STEP][PASSED] - else if (tab == "fundnews"): null

2022-02-17 19:43:03 - [TEST_STEP][PASSED] - else if (tab == "bondnews"): Tapped on element 'Object Repository/Mobile/Page/News/Tab - Bond'

2022-02-17 19:43:03 - [TEST_STEP][PASSED] - tap(NEWS_TabBond, 0): Tapped on element 'Object Repository/Mobile/Page/News/Tab - Bond'

2022-02-17 19:43:03 - [MESSAGE][WARNING] - Timeout '0' is invalid. Using default page load timeout: '60'

2022-02-17 19:43:05 - [MESSAGE][PASSED] - Tapped on element 'Object Repository/Mobile/Page/News/Tab - Bond'

2022-02-17 19:43:05 - [TEST_STEP][PASSED] - delay(1): Delayed 1 second(s)

2022-02-17 19:43:06 - [MESSAGE][PASSED] - Delayed 1 second(s)

2022-02-17 19:43:06 - [TEST_STEP][PASSED] - if (tab != "worldindices"): Delayed 3 second(s)

2022-02-17 19:43:06 - [TEST_STEP][PASSED] - try: Delayed 3 second(s)

2022-02-17 19:43:06 - [TEST_STEP][PASSED] - tapAndHold(NEWS_ItemTopNews, 1, 10): Tapped and held on element 'Object Repository/Mobile/Page/News/Item - Top News' with duration 1

2022-02-17 19:43:09 - [MESSAGE][PASSED] - Tapped and held on element 'Object Repository/Mobile/Page/News/Item - Top News' with duration 1

2022-02-17 19:43:09 - [TEST_STEP][PASSED] - delay(1): Delayed 1 second(s)

2022-02-17 19:43:10 - [MESSAGE][PASSED] - Delayed 1 second(s)

2022-02-17 19:43:10 - [TEST_STEP][PASSED] - scroll.scroll.scrollScreenBottomToTop(): scroll.scroll.scrollScreenBottomToTop is PASSED

2022-02-17 19:43:10 - [MESSAGE][PASSED] - Current device physical height is 1423

2022-02-17 19:43:10 - [MESSAGE][PASSED] - Current device physical width is 720

2022-02-17 19:43:11 - [MESSAGE][PASSED] - Swiped from 360,1,138 to 360,284

2022-02-17 19:43:11 - [MESSAGE][PASSED] - scroll.scroll.scrollScreenBottomToTop is PASSED

2022-02-17 19:43:11 - [TEST_STEP][PASSED] - delay(3): Delayed 3 second(s)

2022-02-17 19:43:14 - [MESSAGE][PASSED] - Delayed 3 second(s)

2022-02-17 19:43:14 - [MESSAGE][PASSED] - Call Test Case 'Test Cases/Mobile/Page/News/News' successfully

2022-02-17 19:43:14 - [TEST_STEP][PASSED] - callTestCase(findTestCase("Mobile/Page/Run App/Terminate App"), [:], STOP_ON_FAILURE): Call Test Case 'Test Cases/Mobile/Page/Run App/Terminate App' successfully

2022-02-17 19:43:14 - [TEST_CASE][PASSED] - Test Cases/Mobile/Page/Run App/Terminate App: Test Cases/Mobile/Page/Run App/Terminate App

2022-02-17 19:43:14 - [TEST_STEP][PASSED] - startApp.OpenApp.terminateApplication(): startApp.OpenApp.terminateApplication is PASSED

2022-02-17 19:43:17 - [MESSAGE][PASSED] - Delayed 3 second(s)

2022-02-17 19:43:18 - [MESSAGE][PASSED] - Current device physical width is 720

2022-02-17 19:43:18 - [MESSAGE][PASSED] - Current device physical height is 1423

2022-02-17 19:43:19 - [MESSAGE][PASSED] - Swiped from 360,853 to 360,142

2022-02-17 19:43:20 - [MESSAGE][PASSED] - Delayed 1 second(s)

2022-02-17 19:43:22 - [MESSAGE][PASSED] - Swiped from 360,853 to 360,142

2022-02-17 19:43:25 - [MESSAGE][PASSED] - Delayed 3 second(s)

2022-02-17 19:43:25 - [MESSAGE][PASSED] - startApp.OpenApp.terminateApplication is PASSED

2022-02-17 19:43:25 - [MESSAGE][PASSED] - Call Test Case 'Test Cases/Mobile/Page/Run App/Terminate App' successfully]]></system-out>
         <system-err><![CDATA[]]></system-err>
      </testcase>
      <testcase name="Test Cases/Mobile/Scenario/News/005 - Macro News" time="59.828" classname="Test Cases/Mobile/Scenario/News/005 - Macro News" status="PASSED">
         <system-out><![CDATA[2022-02-17 19:43:25 - [TEST_CASE][PASSED] - Test Cases/Mobile/Scenario/News/005 - Macro News: Test Cases/Mobile/Scenario/News/005 - Macro News

2022-02-17 19:43:25 - [TEST_STEP][PASSED] - callTestCase(findTestCase("Mobile/Page/Run App/Run App byID"), [:], STOP_ON_FAILURE): Call Test Case 'Test Cases/Mobile/Page/Run App/Run App byID' successfully

2022-02-17 19:43:25 - [TEST_CASE][PASSED] - Test Cases/Mobile/Page/Run App/Run App byID: Test Cases/Mobile/Page/Run App/Run App byID

2022-02-17 19:43:25 - [TEST_STEP][PASSED] - startApp.OpenApp.startApplication("id.co.miraeasset.sageclub"): startApp.OpenApp.startApplication is PASSED

2022-02-17 19:43:38 - [MESSAGE][PASSED] - Starting app with application ID: 'id.co.miraeasset.sageclub'

2022-02-17 19:43:38 - [MESSAGE][PASSED] - startApp.OpenApp.startApplication is PASSED

2022-02-17 19:43:38 - [MESSAGE][PASSED] - Call Test Case 'Test Cases/Mobile/Page/Run App/Run App byID' successfully

2022-02-17 19:43:38 - [TEST_STEP][PASSED] - callTestCase(findTestCase("Mobile/Page/News/News"), ["tab":"macronews"], CONTINUE_ON_FAILURE): Call Test Case 'Test Cases/Mobile/Page/News/News' successfully

2022-02-17 19:43:38 - [TEST_CASE][PASSED] - Test Cases/Mobile/Page/News/News: Test Cases/Mobile/Page/News/News

2022-02-17 19:43:38 - [TEST_STEP][PASSED] - callTestCase(findTestCase("Mobile/Page/CheckLogin"), [:], CONTINUE_ON_FAILURE): Call Test Case 'Test Cases/Mobile/Page/CheckLogin' successfully

2022-02-17 19:43:38 - [TEST_CASE][PASSED] - Test Cases/Mobile/Page/CheckLogin: Test Cases/Mobile/Page/CheckLogin

2022-02-17 19:43:38 - [TEST_STEP][PASSED] - loginCheck = verifyElementExist(LOGN_BtnLogin, 5, CONTINUE_ON_FAILURE): Element 'Object Repository/Mobile/Page/Login/Button - Login' is exist

2022-02-17 19:43:40 - [MESSAGE][PASSED] - Element 'Object Repository/Mobile/Page/Login/Button - Login' is exist

2022-02-17 19:43:40 - [TEST_STEP][PASSED] - if (loginCheck): Call Test Case 'Test Cases/Mobile/Page/Login/Login' successfully

2022-02-17 19:43:40 - [TEST_STEP][PASSED] - callTestCase(findTestCase("Mobile/Page/Login/Login"), ["action":"username"], CONTINUE_ON_FAILURE): Call Test Case 'Test Cases/Mobile/Page/Login/Login' successfully

2022-02-17 19:43:40 - [TEST_CASE][PASSED] - Test Cases/Mobile/Page/Login/Login: Test Cases/Mobile/Page/Login/Login

2022-02-17 19:43:40 - [TEST_STEP][PASSED] - delay(2): Delayed 2 second(s)

2022-02-17 19:43:42 - [MESSAGE][PASSED] - Delayed 2 second(s)

2022-02-17 19:43:42 - [TEST_STEP][PASSED] - for ([i = 0, i < 1, (i++)]): null

2022-02-17 19:43:42 - [TEST_STEP][PASSED] - if (action == "username"): null

2022-02-17 19:43:42 - [TEST_STEP][PASSED] - tap(LOGN_EdtUserID, 0): Tapped on element 'Object Repository/Mobile/Page/Login/Input - UserID'

2022-02-17 19:43:42 - [MESSAGE][WARNING] - Timeout '0' is invalid. Using default page load timeout: '60'

2022-02-17 19:43:42 - [MESSAGE][PASSED] - Tapped on element 'Object Repository/Mobile/Page/Login/Input - UserID'

2022-02-17 19:43:42 - [TEST_STEP][PASSED] - delay(1): Delayed 1 second(s)

2022-02-17 19:43:43 - [MESSAGE][PASSED] - Delayed 1 second(s)

2022-02-17 19:43:43 - [TEST_STEP][PASSED] - setText(LOGN_EdtRdyUserID, "anggaaditya", 0): Text 'anggaaditya' has been set to element 'Object Repository/Mobile/Page/Login/Input Rdy - UserID'

2022-02-17 19:43:43 - [MESSAGE][WARNING] - Timeout '0' is invalid. Using default page load timeout: '60'

2022-02-17 19:43:44 - [MESSAGE][PASSED] - Text 'anggaaditya' has been set to element 'Object Repository/Mobile/Page/Login/Input Rdy - UserID'

2022-02-17 19:43:44 - [TEST_STEP][PASSED] - delay(1): Delayed 1 second(s)

2022-02-17 19:43:45 - [MESSAGE][PASSED] - Delayed 1 second(s)

2022-02-17 19:43:45 - [TEST_STEP][PASSED] - hideKeyboard(): Keyboard is hidden

2022-02-17 19:43:48 - [MESSAGE][PASSED] - Keyboard is hidden

2022-02-17 19:43:48 - [TEST_STEP][PASSED] - tap(LOGN_EdtPassword, 0): Tapped on element 'Object Repository/Mobile/Page/Login/Input - Password'

2022-02-17 19:43:48 - [MESSAGE][WARNING] - Timeout '0' is invalid. Using default page load timeout: '60'

2022-02-17 19:43:49 - [MESSAGE][PASSED] - Tapped on element 'Object Repository/Mobile/Page/Login/Input - Password'

2022-02-17 19:43:49 - [TEST_STEP][PASSED] - delay(1): Delayed 1 second(s)

2022-02-17 19:43:50 - [MESSAGE][PASSED] - Delayed 1 second(s)

2022-02-17 19:43:50 - [TEST_STEP][PASSED] - setText(LOGN_EdtRdyPassword, "Shalawa18", 0): Text 'Shalawa18' has been set to element 'Object Repository/Mobile/Page/Login/Input Rdy - Password'

2022-02-17 19:43:50 - [MESSAGE][WARNING] - Timeout '0' is invalid. Using default page load timeout: '60'

2022-02-17 19:43:50 - [MESSAGE][PASSED] - Text 'Shalawa18' has been set to element 'Object Repository/Mobile/Page/Login/Input Rdy - Password'

2022-02-17 19:43:50 - [TEST_STEP][PASSED] - delay(1): Delayed 1 second(s)

2022-02-17 19:43:51 - [MESSAGE][PASSED] - Delayed 1 second(s)

2022-02-17 19:43:51 - [TEST_STEP][PASSED] - hideKeyboard(): Keyboard is hidden

2022-02-17 19:43:57 - [MESSAGE][PASSED] - Keyboard is hidden

2022-02-17 19:43:57 - [TEST_STEP][PASSED] - tap(LOGN_BtnLogin, 0): Tapped on element 'Object Repository/Mobile/Page/Login/Button - Login'

2022-02-17 19:43:57 - [MESSAGE][WARNING] - Timeout '0' is invalid. Using default page load timeout: '60'

2022-02-17 19:43:59 - [MESSAGE][PASSED] - Tapped on element 'Object Repository/Mobile/Page/Login/Button - Login'

2022-02-17 19:43:59 - [TEST_STEP][PASSED] - delay(2): Delayed 2 second(s)

2022-02-17 19:44:01 - [MESSAGE][PASSED] - Delayed 2 second(s)

2022-02-17 19:44:01 - [TEST_STEP][PASSED] - break: null

2022-02-17 19:44:01 - [MESSAGE][PASSED] - Call Test Case 'Test Cases/Mobile/Page/Login/Login' successfully

2022-02-17 19:44:01 - [MESSAGE][PASSED] - Call Test Case 'Test Cases/Mobile/Page/CheckLogin' successfully

2022-02-17 19:44:01 - [TEST_STEP][PASSED] - tap(HOME_MenubarNews, 0): Tapped on element 'Object Repository/Mobile/Page/Home/Menubar - News'

2022-02-17 19:44:01 - [MESSAGE][WARNING] - Timeout '0' is invalid. Using default page load timeout: '60'

2022-02-17 19:44:02 - [MESSAGE][PASSED] - Tapped on element 'Object Repository/Mobile/Page/Home/Menubar - News'

2022-02-17 19:44:02 - [TEST_STEP][PASSED] - delay(1): Delayed 1 second(s)

2022-02-17 19:44:03 - [MESSAGE][PASSED] - Delayed 1 second(s)

2022-02-17 19:44:03 - [TEST_STEP][PASSED] - for ([i = 0, i < 1, (i++)]): Delayed 3 second(s)

2022-02-17 19:44:03 - [TEST_STEP][PASSED] - if (tab == "macronews"): Tapped on element 'Object Repository/Mobile/Page/News/Tab - Macro'

2022-02-17 19:44:03 - [TEST_STEP][PASSED] - tap(NEWS_TabMacro, 0): Tapped on element 'Object Repository/Mobile/Page/News/Tab - Macro'

2022-02-17 19:44:03 - [MESSAGE][WARNING] - Timeout '0' is invalid. Using default page load timeout: '60'

2022-02-17 19:44:05 - [MESSAGE][PASSED] - Tapped on element 'Object Repository/Mobile/Page/News/Tab - Macro'

2022-02-17 19:44:05 - [TEST_STEP][PASSED] - delay(1): Delayed 1 second(s)

2022-02-17 19:44:06 - [MESSAGE][PASSED] - Delayed 1 second(s)

2022-02-17 19:44:06 - [TEST_STEP][PASSED] - if (tab != "worldindices"): Delayed 3 second(s)

2022-02-17 19:44:06 - [TEST_STEP][PASSED] - try: Delayed 3 second(s)

2022-02-17 19:44:06 - [TEST_STEP][PASSED] - tapAndHold(NEWS_ItemTopNews, 1, 10): Tapped and held on element 'Object Repository/Mobile/Page/News/Item - Top News' with duration 1

2022-02-17 19:44:08 - [MESSAGE][PASSED] - Tapped and held on element 'Object Repository/Mobile/Page/News/Item - Top News' with duration 1

2022-02-17 19:44:08 - [TEST_STEP][PASSED] - delay(1): Delayed 1 second(s)

2022-02-17 19:44:09 - [MESSAGE][PASSED] - Delayed 1 second(s)

2022-02-17 19:44:09 - [TEST_STEP][PASSED] - scroll.scroll.scrollScreenBottomToTop(): scroll.scroll.scrollScreenBottomToTop is PASSED

2022-02-17 19:44:10 - [MESSAGE][PASSED] - Current device physical height is 1423

2022-02-17 19:44:10 - [MESSAGE][PASSED] - Current device physical width is 720

2022-02-17 19:44:11 - [MESSAGE][PASSED] - Swiped from 360,1,138 to 360,284

2022-02-17 19:44:11 - [MESSAGE][PASSED] - scroll.scroll.scrollScreenBottomToTop is PASSED

2022-02-17 19:44:11 - [TEST_STEP][PASSED] - delay(3): Delayed 3 second(s)

2022-02-17 19:44:14 - [MESSAGE][PASSED] - Delayed 3 second(s)

2022-02-17 19:44:14 - [MESSAGE][PASSED] - Call Test Case 'Test Cases/Mobile/Page/News/News' successfully

2022-02-17 19:44:14 - [TEST_STEP][PASSED] - callTestCase(findTestCase("Mobile/Page/Run App/Terminate App"), [:], STOP_ON_FAILURE): Call Test Case 'Test Cases/Mobile/Page/Run App/Terminate App' successfully

2022-02-17 19:44:14 - [TEST_CASE][PASSED] - Test Cases/Mobile/Page/Run App/Terminate App: Test Cases/Mobile/Page/Run App/Terminate App

2022-02-17 19:44:14 - [TEST_STEP][PASSED] - startApp.OpenApp.terminateApplication(): startApp.OpenApp.terminateApplication is PASSED

2022-02-17 19:44:17 - [MESSAGE][PASSED] - Delayed 3 second(s)

2022-02-17 19:44:18 - [MESSAGE][PASSED] - Current device physical width is 720

2022-02-17 19:44:18 - [MESSAGE][PASSED] - Current device physical height is 1423

2022-02-17 19:44:19 - [MESSAGE][PASSED] - Swiped from 360,853 to 360,142

2022-02-17 19:44:20 - [MESSAGE][PASSED] - Delayed 1 second(s)

2022-02-17 19:44:21 - [MESSAGE][PASSED] - Swiped from 360,853 to 360,142

2022-02-17 19:44:24 - [MESSAGE][PASSED] - Delayed 3 second(s)

2022-02-17 19:44:24 - [MESSAGE][PASSED] - startApp.OpenApp.terminateApplication is PASSED

2022-02-17 19:44:24 - [MESSAGE][PASSED] - Call Test Case 'Test Cases/Mobile/Page/Run App/Terminate App' successfully]]></system-out>
         <system-err><![CDATA[]]></system-err>
      </testcase>
      <system-out><![CDATA[2022-02-17 19:38:48 - [TEST_SUITE][PASSED] - news: Test Cases/Mobile/Scenario/News/005 - Macro News]]></system-out>
      <system-err><![CDATA[]]></system-err>
   </testsuite>
</testsuites>
