<?xml version="1.0" encoding="UTF-8"?>
<testsuites name="portfolio" time="1227.813" tests="19" failures="0" skips="0" errors="0">
   <testsuite name="portfolio" tests="19" failures="0" errors="0" time="1227.813" skips="0" timestamp="2022-03-08 13:40:49" hostname="Owner - aldy-tft" id="Test Suites/portfolio">
      <properties>
         <property name="deviceName" value="samsung SM-A205F (Android 11)"/>
         <property name="devicePlatform" value=""/>
         <property name="logFolder" value="C:\\Users\\Owner\\Documents\\kerjaan\\KatalonProject\\qa_katalon_pwm\\qa_katalon_pwm\\Reports\\20220308_133230\\portfolio\\20220308_133235"/>
         <property name="logFiles" value="C:\\Users\\Owner\\Documents\\kerjaan\\KatalonProject\\qa_katalon_pwm\\qa_katalon_pwm\\Reports\\20220308_133230\\portfolio\\20220308_133235\\appium.log, C:\\Users\\Owner\\Documents\\kerjaan\\KatalonProject\\qa_katalon_pwm\\qa_katalon_pwm\\Reports\\20220308_133230\\portfolio\\20220308_133235\\execution0.log"/>
         <property name="attachments" value=""/>
         <property name="hostName" value="Owner - aldy-tft"/>
         <property name="os" value="Windows 10 64bit"/>
         <property name="appiumServerStatus" value="{&quot;value&quot;:{&quot;build&quot;:{&quot;version&quot;:&quot;1.22.0&quot;}},&quot;sessionId&quot;:null,&quot;status&quot;:0}"/>
         <property name="katalonVersion" value="7.9.1.208"/>
         <property name="deviceOS" value="Android"/>
         <property name="appiumVersion" value="1.22.0"/>
         <property name="deviceModel" value="SM-A205F"/>
         <property name="hostAddress" value="192.168.116.52"/>
         <property name="deviceManufacturer" value="samsung"/>
         <property name="deviceId" value="RR8M40C9AXE"/>
         <property name="deviceName" value="samsung SM-A205F (Android 11)"/>
         <property name="deviceOSVersion" value="11"/>
      </properties>
      <testcase name="Test Cases/Mobile/Scenario/Portfolio/001 - Summary" time="68.772" classname="Test Cases/Mobile/Scenario/Portfolio/001 - Summary" status="PASSED">
         <system-out><![CDATA[2022-03-08 13:40:50 - [TEST_CASE][PASSED] - Test Cases/Mobile/Scenario/Portfolio/001 - Summary: Test Cases/Mobile/Scenario/Portfolio/001 - Summary

2022-03-08 13:40:50 - [TEST_STEP][PASSED] - callTestCase(findTestCase("Mobile/Page/Run App/Run App byID"), [:], STOP_ON_FAILURE): Call Test Case 'Test Cases/Mobile/Page/Run App/Run App byID' successfully

2022-03-08 13:40:50 - [TEST_CASE][PASSED] - Test Cases/Mobile/Page/Run App/Run App byID: Test Cases/Mobile/Page/Run App/Run App byID

2022-03-08 13:40:50 - [TEST_STEP][PASSED] - startApp.OpenApp.startApplication("id.co.miraeasset.sageclub"): startApp.OpenApp.startApplication is PASSED

2022-03-08 13:40:52 - [MESSAGE][INFO] - Appium server started on port 56,922

2022-03-08 13:41:08 - [MESSAGE][PASSED] - Starting app with application ID: 'id.co.miraeasset.sageclub'

2022-03-08 13:41:08 - [MESSAGE][PASSED] - startApp.OpenApp.startApplication is PASSED

2022-03-08 13:41:08 - [MESSAGE][PASSED] - Call Test Case 'Test Cases/Mobile/Page/Run App/Run App byID' successfully

2022-03-08 13:41:08 - [TEST_STEP][PASSED] - callTestCase(findTestCase("Mobile/Page/Portfolio/Portfolio"), ["tab":"summary", "action":"summary"], CONTINUE_ON_FAILURE): Call Test Case 'Test Cases/Mobile/Page/Portfolio/Portfolio' successfully

2022-03-08 13:41:08 - [TEST_CASE][PASSED] - Test Cases/Mobile/Page/Portfolio/Portfolio: Test Cases/Mobile/Page/Portfolio/Portfolio

2022-03-08 13:41:08 - [TEST_STEP][PASSED] - callTestCase(findTestCase("Mobile/Page/CheckLogin"), [:], CONTINUE_ON_FAILURE): Call Test Case 'Test Cases/Mobile/Page/CheckLogin' successfully

2022-03-08 13:41:08 - [TEST_CASE][PASSED] - Test Cases/Mobile/Page/CheckLogin: Test Cases/Mobile/Page/CheckLogin

2022-03-08 13:41:09 - [TEST_STEP][PASSED] - loginCheck = verifyElementExist(LOGN_BtnLogin, 5, CONTINUE_ON_FAILURE): Element 'Object Repository/Mobile/Page/Login/Button - Login' is exist

2022-03-08 13:41:09 - [MESSAGE][WARNING] - Test object with id 'Object Repository/Mobile/Page/Analysis/Button - Open With Just Once' does not exist

2022-03-08 13:41:09 - [MESSAGE][WARNING] - Test object with id 'Object Repository/Mobile/Page/Analysis/Button - Search' does not exist

2022-03-08 13:41:10 - [MESSAGE][WARNING] - Test object with id 'Object Repository/Mobile/Page/Home/Button -  Add Watchlist' does not exist

2022-03-08 13:41:10 - [MESSAGE][WARNING] - Test object with id 'Object Repository/Mobile/Page/Home/Button - Open with Just Once' does not exist

2022-03-08 13:41:10 - [MESSAGE][WARNING] - Test object with id 'Object Repository/Mobile/Page/Home/Container - Notification' does not exist

2022-03-08 13:41:11 - [MESSAGE][WARNING] - Test object with id 'Object Repository/Mobile/Page/Home/Watchlist/Input - Search' does not exist

2022-03-08 13:41:11 - [MESSAGE][WARNING] - Test object with id 'Object Repository/Mobile/Page/Home/Watchlist/Item - Top Search' does not exist

2022-03-08 13:41:11 - [MESSAGE][WARNING] - Test object with id 'Object Repository/Mobile/Page/Home/Watchlist/Detail Watchlist/Input - Expiry Date' does not exist

2022-03-08 13:41:11 - [MESSAGE][WARNING] - Test object with id 'Object Repository/Mobile/Page/Home/Watchlist/Detail Watchlist/Item - Watchlist' does not exist

2022-03-08 13:41:12 - [MESSAGE][WARNING] - Test object with id 'Object Repository/Mobile/Page/NavigationMenu/Button - Open Just Once' does not exist

2022-03-08 13:41:12 - [MESSAGE][WARNING] - Test object with id 'Object Repository/Mobile/Page/NavigationMenu/Container - Logout' does not exist

2022-03-08 13:41:15 - [MESSAGE][WARNING] - Test object with id 'Object Repository/Mobile/Page/Analysis/Button - Open With Just Once' does not exist

2022-03-08 13:41:15 - [MESSAGE][WARNING] - Test object with id 'Object Repository/Mobile/Page/Analysis/Button - Search' does not exist

2022-03-08 13:41:16 - [MESSAGE][WARNING] - Test object with id 'Object Repository/Mobile/Page/Home/Button -  Add Watchlist' does not exist

2022-03-08 13:41:16 - [MESSAGE][WARNING] - Test object with id 'Object Repository/Mobile/Page/Home/Button - Open with Just Once' does not exist

2022-03-08 13:41:16 - [MESSAGE][WARNING] - Test object with id 'Object Repository/Mobile/Page/Home/Container - Notification' does not exist

2022-03-08 13:41:16 - [MESSAGE][WARNING] - Test object with id 'Object Repository/Mobile/Page/Home/Watchlist/Input - Search' does not exist

2022-03-08 13:41:16 - [MESSAGE][WARNING] - Test object with id 'Object Repository/Mobile/Page/Home/Watchlist/Item - Top Search' does not exist

2022-03-08 13:41:17 - [MESSAGE][WARNING] - Test object with id 'Object Repository/Mobile/Page/Home/Watchlist/Detail Watchlist/Input - Expiry Date' does not exist

2022-03-08 13:41:17 - [MESSAGE][WARNING] - Test object with id 'Object Repository/Mobile/Page/Home/Watchlist/Detail Watchlist/Item - Watchlist' does not exist

2022-03-08 13:41:17 - [MESSAGE][WARNING] - Test object with id 'Object Repository/Mobile/Page/NavigationMenu/Button - Open Just Once' does not exist

2022-03-08 13:41:17 - [MESSAGE][WARNING] - Test object with id 'Object Repository/Mobile/Page/NavigationMenu/Container - Logout' does not exist

2022-03-08 13:41:21 - [MESSAGE][PASSED] - Element 'Object Repository/Mobile/Page/Login/Button - Login' is exist

2022-03-08 13:41:21 - [TEST_STEP][PASSED] - if (loginCheck): Call Test Case 'Test Cases/Mobile/Page/Login/Login' successfully

2022-03-08 13:41:21 - [TEST_STEP][PASSED] - callTestCase(findTestCase("Mobile/Page/Login/Login"), ["action":"username"], CONTINUE_ON_FAILURE): Call Test Case 'Test Cases/Mobile/Page/Login/Login' successfully

2022-03-08 13:41:21 - [TEST_CASE][PASSED] - Test Cases/Mobile/Page/Login/Login: Test Cases/Mobile/Page/Login/Login

2022-03-08 13:41:21 - [TEST_STEP][PASSED] - delay(2): Delayed 2 second(s)

2022-03-08 13:41:23 - [MESSAGE][PASSED] - Delayed 2 second(s)

2022-03-08 13:41:23 - [TEST_STEP][PASSED] - for ([i = 0, i < 1, (i++)]): null

2022-03-08 13:41:23 - [TEST_STEP][PASSED] - if (action == "username"): null

2022-03-08 13:41:23 - [TEST_STEP][PASSED] - tap(LOGN_EdtUserID, 0): Tapped on element 'Object Repository/Mobile/Page/Login/Input - UserID'

2022-03-08 13:41:23 - [MESSAGE][WARNING] - Timeout '0' is invalid. Using default page load timeout: '60'

2022-03-08 13:41:24 - [MESSAGE][PASSED] - Tapped on element 'Object Repository/Mobile/Page/Login/Input - UserID'

2022-03-08 13:41:24 - [TEST_STEP][PASSED] - delay(1): Delayed 1 second(s)

2022-03-08 13:41:25 - [MESSAGE][PASSED] - Delayed 1 second(s)

2022-03-08 13:41:25 - [TEST_STEP][PASSED] - setText(LOGN_EdtRdyUserID, "anggaaditya", 0): Text 'anggaaditya' has been set to element 'Object Repository/Mobile/Page/Login/Input Rdy - UserID'

2022-03-08 13:41:25 - [MESSAGE][WARNING] - Timeout '0' is invalid. Using default page load timeout: '60'

2022-03-08 13:41:25 - [MESSAGE][PASSED] - Text 'anggaaditya' has been set to element 'Object Repository/Mobile/Page/Login/Input Rdy - UserID'

2022-03-08 13:41:25 - [TEST_STEP][PASSED] - delay(1): Delayed 1 second(s)

2022-03-08 13:41:26 - [MESSAGE][PASSED] - Delayed 1 second(s)

2022-03-08 13:41:26 - [TEST_STEP][PASSED] - hideKeyboard(): Keyboard is hidden

2022-03-08 13:41:30 - [MESSAGE][PASSED] - Keyboard is hidden

2022-03-08 13:41:30 - [TEST_STEP][PASSED] - tap(LOGN_EdtPassword, 0): Tapped on element 'Object Repository/Mobile/Page/Login/Input - Password'

2022-03-08 13:41:30 - [MESSAGE][WARNING] - Timeout '0' is invalid. Using default page load timeout: '60'

2022-03-08 13:41:30 - [MESSAGE][PASSED] - Tapped on element 'Object Repository/Mobile/Page/Login/Input - Password'

2022-03-08 13:41:30 - [TEST_STEP][PASSED] - delay(1): Delayed 1 second(s)

2022-03-08 13:41:31 - [MESSAGE][PASSED] - Delayed 1 second(s)

2022-03-08 13:41:31 - [TEST_STEP][PASSED] - setText(LOGN_EdtRdyPassword, "Shalawa18", 0): Text 'Shalawa18' has been set to element 'Object Repository/Mobile/Page/Login/Input Rdy - Password'

2022-03-08 13:41:31 - [MESSAGE][WARNING] - Timeout '0' is invalid. Using default page load timeout: '60'

2022-03-08 13:41:32 - [MESSAGE][PASSED] - Text 'Shalawa18' has been set to element 'Object Repository/Mobile/Page/Login/Input Rdy - Password'

2022-03-08 13:41:32 - [TEST_STEP][PASSED] - delay(1): Delayed 1 second(s)

2022-03-08 13:41:33 - [MESSAGE][PASSED] - Delayed 1 second(s)

2022-03-08 13:41:33 - [TEST_STEP][PASSED] - hideKeyboard(): Keyboard is hidden

2022-03-08 13:41:39 - [MESSAGE][PASSED] - Keyboard is hidden

2022-03-08 13:41:39 - [TEST_STEP][PASSED] - tap(LOGN_BtnLogin, 0): Tapped on element 'Object Repository/Mobile/Page/Login/Button - Login'

2022-03-08 13:41:39 - [MESSAGE][WARNING] - Timeout '0' is invalid. Using default page load timeout: '60'

2022-03-08 13:41:40 - [MESSAGE][PASSED] - Tapped on element 'Object Repository/Mobile/Page/Login/Button - Login'

2022-03-08 13:41:40 - [TEST_STEP][PASSED] - delay(2): Delayed 2 second(s)

2022-03-08 13:41:42 - [MESSAGE][PASSED] - Delayed 2 second(s)

2022-03-08 13:41:42 - [TEST_STEP][PASSED] - break: null

2022-03-08 13:41:42 - [MESSAGE][PASSED] - Call Test Case 'Test Cases/Mobile/Page/Login/Login' successfully

2022-03-08 13:41:42 - [MESSAGE][PASSED] - Call Test Case 'Test Cases/Mobile/Page/CheckLogin' successfully

2022-03-08 13:41:42 - [TEST_STEP][PASSED] - tap(HOME_MenubarPortfolio, 0): Tapped on element 'Object Repository/Mobile/Page/Home/Menubar - Portfolio'

2022-03-08 13:41:42 - [MESSAGE][WARNING] - Timeout '0' is invalid. Using default page load timeout: '60'

2022-03-08 13:41:44 - [MESSAGE][PASSED] - Tapped on element 'Object Repository/Mobile/Page/Home/Menubar - Portfolio'

2022-03-08 13:41:44 - [TEST_STEP][PASSED] - delay(1): Delayed 1 second(s)

2022-03-08 13:41:45 - [MESSAGE][PASSED] - Delayed 1 second(s)

2022-03-08 13:41:45 - [TEST_STEP][PASSED] - for ([i = 0, i < 1, (i++)]): null

2022-03-08 13:41:45 - [TEST_STEP][PASSED] - if (tab == "summary"): null

2022-03-08 13:41:45 - [TEST_STEP][PASSED] - idr = PORT_BtnIDR: null

2022-03-08 13:41:45 - [TEST_STEP][PASSED] - persen = PORT_BtnPersen: null

2022-03-08 13:41:45 - [TEST_STEP][PASSED] - if (action == "summary"): Delayed 3 second(s)

2022-03-08 13:41:45 - [TEST_STEP][PASSED] - delay(3): Delayed 3 second(s)

2022-03-08 13:41:48 - [MESSAGE][PASSED] - Delayed 3 second(s)

2022-03-08 13:41:48 - [TEST_STEP][PASSED] - if (action != "summary"): null

2022-03-08 13:41:48 - [MESSAGE][PASSED] - Call Test Case 'Test Cases/Mobile/Page/Portfolio/Portfolio' successfully

2022-03-08 13:41:48 - [TEST_STEP][PASSED] - callTestCase(findTestCase("Mobile/Page/Run App/Terminate App"), [:], STOP_ON_FAILURE): Call Test Case 'Test Cases/Mobile/Page/Run App/Terminate App' successfully

2022-03-08 13:41:48 - [TEST_CASE][PASSED] - Test Cases/Mobile/Page/Run App/Terminate App: Test Cases/Mobile/Page/Run App/Terminate App

2022-03-08 13:41:48 - [TEST_STEP][PASSED] - startApp.OpenApp.terminateApplication(): startApp.OpenApp.terminateApplication is PASSED

2022-03-08 13:41:51 - [MESSAGE][PASSED] - Delayed 3 second(s)

2022-03-08 13:41:52 - [MESSAGE][PASSED] - Current device physical width is 720

2022-03-08 13:41:52 - [MESSAGE][PASSED] - Current device physical height is 1423

2022-03-08 13:41:53 - [MESSAGE][PASSED] - Swiped from 360,853 to 360,142

2022-03-08 13:41:54 - [MESSAGE][PASSED] - Delayed 1 second(s)

2022-03-08 13:41:55 - [MESSAGE][PASSED] - Swiped from 360,853 to 360,142

2022-03-08 13:41:58 - [MESSAGE][PASSED] - Delayed 3 second(s)

2022-03-08 13:41:58 - [MESSAGE][PASSED] - startApp.OpenApp.terminateApplication is PASSED

2022-03-08 13:41:58 - [MESSAGE][PASSED] - Call Test Case 'Test Cases/Mobile/Page/Run App/Terminate App' successfully]]></system-out>
         <system-err><![CDATA[]]></system-err>
      </testcase>
      <testcase name="Test Cases/Mobile/Scenario/Portfolio/002 - Portfolio Performance Daily IDR" time="60.398" classname="Test Cases/Mobile/Scenario/Portfolio/002 - Portfolio Performance Daily IDR" status="PASSED">
         <system-out><![CDATA[2022-03-08 13:41:58 - [TEST_CASE][PASSED] - Test Cases/Mobile/Scenario/Portfolio/002 - Portfolio Performance Daily IDR: Test Cases/Mobile/Scenario/Portfolio/002 - Portfolio Performance Daily IDR

2022-03-08 13:41:59 - [TEST_STEP][PASSED] - callTestCase(findTestCase("Mobile/Page/Run App/Run App byID"), [:], STOP_ON_FAILURE): Call Test Case 'Test Cases/Mobile/Page/Run App/Run App byID' successfully

2022-03-08 13:41:59 - [TEST_CASE][PASSED] - Test Cases/Mobile/Page/Run App/Run App byID: Test Cases/Mobile/Page/Run App/Run App byID

2022-03-08 13:41:59 - [TEST_STEP][PASSED] - startApp.OpenApp.startApplication("id.co.miraeasset.sageclub"): startApp.OpenApp.startApplication is PASSED

2022-03-08 13:42:11 - [MESSAGE][PASSED] - Starting app with application ID: 'id.co.miraeasset.sageclub'

2022-03-08 13:42:11 - [MESSAGE][PASSED] - startApp.OpenApp.startApplication is PASSED

2022-03-08 13:42:11 - [MESSAGE][PASSED] - Call Test Case 'Test Cases/Mobile/Page/Run App/Run App byID' successfully

2022-03-08 13:42:11 - [TEST_STEP][PASSED] - callTestCase(findTestCase("Mobile/Page/Portfolio/Portfolio"), ["tab":"summary", "action":"perf_daily", "action2":"idr"], CONTINUE_ON_FAILURE): Call Test Case 'Test Cases/Mobile/Page/Portfolio/Portfolio' successfully

2022-03-08 13:42:11 - [TEST_CASE][PASSED] - Test Cases/Mobile/Page/Portfolio/Portfolio: Test Cases/Mobile/Page/Portfolio/Portfolio

2022-03-08 13:42:11 - [TEST_STEP][PASSED] - callTestCase(findTestCase("Mobile/Page/CheckLogin"), [:], CONTINUE_ON_FAILURE): Call Test Case 'Test Cases/Mobile/Page/CheckLogin' successfully

2022-03-08 13:42:11 - [TEST_CASE][PASSED] - Test Cases/Mobile/Page/CheckLogin: Test Cases/Mobile/Page/CheckLogin

2022-03-08 13:42:11 - [TEST_STEP][PASSED] - loginCheck = verifyElementExist(LOGN_BtnLogin, 5, CONTINUE_ON_FAILURE): Element 'Object Repository/Mobile/Page/Login/Button - Login' is exist

2022-03-08 13:42:13 - [MESSAGE][PASSED] - Element 'Object Repository/Mobile/Page/Login/Button - Login' is exist

2022-03-08 13:42:13 - [TEST_STEP][PASSED] - if (loginCheck): Call Test Case 'Test Cases/Mobile/Page/Login/Login' successfully

2022-03-08 13:42:13 - [TEST_STEP][PASSED] - callTestCase(findTestCase("Mobile/Page/Login/Login"), ["action":"username"], CONTINUE_ON_FAILURE): Call Test Case 'Test Cases/Mobile/Page/Login/Login' successfully

2022-03-08 13:42:13 - [TEST_CASE][PASSED] - Test Cases/Mobile/Page/Login/Login: Test Cases/Mobile/Page/Login/Login

2022-03-08 13:42:13 - [TEST_STEP][PASSED] - delay(2): Delayed 2 second(s)

2022-03-08 13:42:15 - [MESSAGE][PASSED] - Delayed 2 second(s)

2022-03-08 13:42:15 - [TEST_STEP][PASSED] - for ([i = 0, i < 1, (i++)]): null

2022-03-08 13:42:15 - [TEST_STEP][PASSED] - if (action == "username"): null

2022-03-08 13:42:15 - [TEST_STEP][PASSED] - tap(LOGN_EdtUserID, 0): Tapped on element 'Object Repository/Mobile/Page/Login/Input - UserID'

2022-03-08 13:42:15 - [MESSAGE][WARNING] - Timeout '0' is invalid. Using default page load timeout: '60'

2022-03-08 13:42:15 - [MESSAGE][PASSED] - Tapped on element 'Object Repository/Mobile/Page/Login/Input - UserID'

2022-03-08 13:42:15 - [TEST_STEP][PASSED] - delay(1): Delayed 1 second(s)

2022-03-08 13:42:16 - [MESSAGE][PASSED] - Delayed 1 second(s)

2022-03-08 13:42:16 - [TEST_STEP][PASSED] - setText(LOGN_EdtRdyUserID, "anggaaditya", 0): Text 'anggaaditya' has been set to element 'Object Repository/Mobile/Page/Login/Input Rdy - UserID'

2022-03-08 13:42:16 - [MESSAGE][WARNING] - Timeout '0' is invalid. Using default page load timeout: '60'

2022-03-08 13:42:17 - [MESSAGE][PASSED] - Text 'anggaaditya' has been set to element 'Object Repository/Mobile/Page/Login/Input Rdy - UserID'

2022-03-08 13:42:17 - [TEST_STEP][PASSED] - delay(1): Delayed 1 second(s)

2022-03-08 13:42:18 - [MESSAGE][PASSED] - Delayed 1 second(s)

2022-03-08 13:42:18 - [TEST_STEP][PASSED] - hideKeyboard(): Keyboard is hidden

2022-03-08 13:42:21 - [MESSAGE][PASSED] - Keyboard is hidden

2022-03-08 13:42:21 - [TEST_STEP][PASSED] - tap(LOGN_EdtPassword, 0): Tapped on element 'Object Repository/Mobile/Page/Login/Input - Password'

2022-03-08 13:42:21 - [MESSAGE][WARNING] - Timeout '0' is invalid. Using default page load timeout: '60'

2022-03-08 13:42:22 - [MESSAGE][PASSED] - Tapped on element 'Object Repository/Mobile/Page/Login/Input - Password'

2022-03-08 13:42:22 - [TEST_STEP][PASSED] - delay(1): Delayed 1 second(s)

2022-03-08 13:42:23 - [MESSAGE][PASSED] - Delayed 1 second(s)

2022-03-08 13:42:23 - [TEST_STEP][PASSED] - setText(LOGN_EdtRdyPassword, "Shalawa18", 0): Text 'Shalawa18' has been set to element 'Object Repository/Mobile/Page/Login/Input Rdy - Password'

2022-03-08 13:42:23 - [MESSAGE][WARNING] - Timeout '0' is invalid. Using default page load timeout: '60'

2022-03-08 13:42:23 - [MESSAGE][PASSED] - Text 'Shalawa18' has been set to element 'Object Repository/Mobile/Page/Login/Input Rdy - Password'

2022-03-08 13:42:23 - [TEST_STEP][PASSED] - delay(1): Delayed 1 second(s)

2022-03-08 13:42:24 - [MESSAGE][PASSED] - Delayed 1 second(s)

2022-03-08 13:42:24 - [TEST_STEP][PASSED] - hideKeyboard(): Keyboard is hidden

2022-03-08 13:42:31 - [MESSAGE][PASSED] - Keyboard is hidden

2022-03-08 13:42:31 - [TEST_STEP][PASSED] - tap(LOGN_BtnLogin, 0): Tapped on element 'Object Repository/Mobile/Page/Login/Button - Login'

2022-03-08 13:42:31 - [MESSAGE][WARNING] - Timeout '0' is invalid. Using default page load timeout: '60'

2022-03-08 13:42:31 - [MESSAGE][PASSED] - Tapped on element 'Object Repository/Mobile/Page/Login/Button - Login'

2022-03-08 13:42:31 - [TEST_STEP][PASSED] - delay(2): Delayed 2 second(s)

2022-03-08 13:42:33 - [MESSAGE][PASSED] - Delayed 2 second(s)

2022-03-08 13:42:33 - [TEST_STEP][PASSED] - break: null

2022-03-08 13:42:33 - [MESSAGE][PASSED] - Call Test Case 'Test Cases/Mobile/Page/Login/Login' successfully

2022-03-08 13:42:33 - [MESSAGE][PASSED] - Call Test Case 'Test Cases/Mobile/Page/CheckLogin' successfully

2022-03-08 13:42:33 - [TEST_STEP][PASSED] - tap(HOME_MenubarPortfolio, 0): Tapped on element 'Object Repository/Mobile/Page/Home/Menubar - Portfolio'

2022-03-08 13:42:33 - [MESSAGE][WARNING] - Timeout '0' is invalid. Using default page load timeout: '60'

2022-03-08 13:42:35 - [MESSAGE][PASSED] - Tapped on element 'Object Repository/Mobile/Page/Home/Menubar - Portfolio'

2022-03-08 13:42:35 - [TEST_STEP][PASSED] - delay(1): Delayed 1 second(s)

2022-03-08 13:42:36 - [MESSAGE][PASSED] - Delayed 1 second(s)

2022-03-08 13:42:36 - [TEST_STEP][PASSED] - for ([i = 0, i < 1, (i++)]): Delayed 3 second(s)

2022-03-08 13:42:36 - [TEST_STEP][PASSED] - if (tab == "summary"): Delayed 3 second(s)

2022-03-08 13:42:36 - [TEST_STEP][PASSED] - idr = PORT_BtnIDR: null

2022-03-08 13:42:36 - [TEST_STEP][PASSED] - persen = PORT_BtnPersen: null

2022-03-08 13:42:36 - [TEST_STEP][PASSED] - if (action == "summary"): null

2022-03-08 13:42:36 - [TEST_STEP][PASSED] - else if (action == "perf_daily"): scroll.scroll.scrollScreenBottomToTop is PASSED

2022-03-08 13:42:36 - [TEST_STEP][PASSED] - scroll.scroll.scrollScreenBottomToTop(): scroll.scroll.scrollScreenBottomToTop is PASSED

2022-03-08 13:42:36 - [MESSAGE][PASSED] - Current device physical height is 1423

2022-03-08 13:42:37 - [MESSAGE][PASSED] - Current device physical width is 720

2022-03-08 13:42:38 - [MESSAGE][PASSED] - Swiped from 360,1,138 to 360,284

2022-03-08 13:42:38 - [MESSAGE][PASSED] - scroll.scroll.scrollScreenBottomToTop is PASSED

2022-03-08 13:42:38 - [TEST_STEP][PASSED] - if (action != "summary"): Delayed 3 second(s)

2022-03-08 13:42:38 - [TEST_STEP][PASSED] - delay(1): Delayed 1 second(s)

2022-03-08 13:42:39 - [MESSAGE][PASSED] - Delayed 1 second(s)

2022-03-08 13:42:39 - [TEST_STEP][PASSED] - scroll.scroll.scrollScreenBottomToTop(): scroll.scroll.scrollScreenBottomToTop is PASSED

2022-03-08 13:42:39 - [MESSAGE][PASSED] - Current device physical height is 1423

2022-03-08 13:42:39 - [MESSAGE][PASSED] - Current device physical width is 720

2022-03-08 13:42:40 - [MESSAGE][PASSED] - Swiped from 360,1,138 to 360,284

2022-03-08 13:42:40 - [MESSAGE][PASSED] - scroll.scroll.scrollScreenBottomToTop is PASSED

2022-03-08 13:42:40 - [TEST_STEP][PASSED] - scroll.scroll.scrollScreenBottomToTop(): scroll.scroll.scrollScreenBottomToTop is PASSED

2022-03-08 13:42:41 - [MESSAGE][PASSED] - Current device physical height is 1423

2022-03-08 13:42:41 - [MESSAGE][PASSED] - Current device physical width is 720

2022-03-08 13:42:42 - [MESSAGE][PASSED] - Swiped from 360,1,138 to 360,284

2022-03-08 13:42:42 - [MESSAGE][PASSED] - scroll.scroll.scrollScreenBottomToTop is PASSED

2022-03-08 13:42:42 - [TEST_STEP][PASSED] - delay(3): Delayed 3 second(s)

2022-03-08 13:42:45 - [MESSAGE][PASSED] - Delayed 3 second(s)

2022-03-08 13:42:45 - [TEST_STEP][PASSED] - if (action2 == "idr"): Delayed 3 second(s)

2022-03-08 13:42:45 - [TEST_STEP][PASSED] - tap(idr, 10): Tapped on element 'Object Repository/Mobile/Page/Portfolio/Button - IDR'

2022-03-08 13:42:45 - [MESSAGE][PASSED] - Tapped on element 'Object Repository/Mobile/Page/Portfolio/Button - IDR'

2022-03-08 13:42:45 - [TEST_STEP][PASSED] - delay(3): Delayed 3 second(s)

2022-03-08 13:42:48 - [MESSAGE][PASSED] - Delayed 3 second(s)

2022-03-08 13:42:48 - [MESSAGE][PASSED] - Call Test Case 'Test Cases/Mobile/Page/Portfolio/Portfolio' successfully

2022-03-08 13:42:48 - [TEST_STEP][PASSED] - callTestCase(findTestCase("Mobile/Page/Run App/Terminate App"), [:], STOP_ON_FAILURE): Call Test Case 'Test Cases/Mobile/Page/Run App/Terminate App' successfully

2022-03-08 13:42:49 - [TEST_CASE][PASSED] - Test Cases/Mobile/Page/Run App/Terminate App: Test Cases/Mobile/Page/Run App/Terminate App

2022-03-08 13:42:49 - [TEST_STEP][PASSED] - startApp.OpenApp.terminateApplication(): startApp.OpenApp.terminateApplication is PASSED

2022-03-08 13:42:52 - [MESSAGE][PASSED] - Delayed 3 second(s)

2022-03-08 13:42:52 - [MESSAGE][PASSED] - Current device physical width is 720

2022-03-08 13:42:52 - [MESSAGE][PASSED] - Current device physical height is 1423

2022-03-08 13:42:53 - [MESSAGE][PASSED] - Swiped from 360,853 to 360,142

2022-03-08 13:42:54 - [MESSAGE][PASSED] - Delayed 1 second(s)

2022-03-08 13:42:56 - [MESSAGE][PASSED] - Swiped from 360,853 to 360,142

2022-03-08 13:42:59 - [MESSAGE][PASSED] - Delayed 3 second(s)

2022-03-08 13:42:59 - [MESSAGE][PASSED] - startApp.OpenApp.terminateApplication is PASSED

2022-03-08 13:42:59 - [MESSAGE][PASSED] - Call Test Case 'Test Cases/Mobile/Page/Run App/Terminate App' successfully]]></system-out>
         <system-err><![CDATA[]]></system-err>
      </testcase>
      <testcase name="Test Cases/Mobile/Scenario/Portfolio/003 - Portfolio Performance Month to Date IDR" time="61.5" classname="Test Cases/Mobile/Scenario/Portfolio/003 - Portfolio Performance Month to Date IDR" status="PASSED">
         <system-out><![CDATA[2022-03-08 13:42:59 - [TEST_CASE][PASSED] - Test Cases/Mobile/Scenario/Portfolio/003 - Portfolio Performance Month to Date IDR: Test Cases/Mobile/Scenario/Portfolio/003 - Portfolio Performance Month to Date IDR

2022-03-08 13:42:59 - [TEST_STEP][PASSED] - callTestCase(findTestCase("Mobile/Page/Run App/Run App byID"), [:], STOP_ON_FAILURE): Call Test Case 'Test Cases/Mobile/Page/Run App/Run App byID' successfully

2022-03-08 13:42:59 - [TEST_CASE][PASSED] - Test Cases/Mobile/Page/Run App/Run App byID: Test Cases/Mobile/Page/Run App/Run App byID

2022-03-08 13:42:59 - [TEST_STEP][PASSED] - startApp.OpenApp.startApplication("id.co.miraeasset.sageclub"): startApp.OpenApp.startApplication is PASSED

2022-03-08 13:43:11 - [MESSAGE][PASSED] - Starting app with application ID: 'id.co.miraeasset.sageclub'

2022-03-08 13:43:11 - [MESSAGE][PASSED] - startApp.OpenApp.startApplication is PASSED

2022-03-08 13:43:11 - [MESSAGE][PASSED] - Call Test Case 'Test Cases/Mobile/Page/Run App/Run App byID' successfully

2022-03-08 13:43:11 - [TEST_STEP][PASSED] - callTestCase(findTestCase("Mobile/Page/Portfolio/Portfolio"), ["tab":"summary", "action":"perf_month", "action2":"idr"], CONTINUE_ON_FAILURE): Call Test Case 'Test Cases/Mobile/Page/Portfolio/Portfolio' successfully

2022-03-08 13:43:11 - [TEST_CASE][PASSED] - Test Cases/Mobile/Page/Portfolio/Portfolio: Test Cases/Mobile/Page/Portfolio/Portfolio

2022-03-08 13:43:11 - [TEST_STEP][PASSED] - callTestCase(findTestCase("Mobile/Page/CheckLogin"), [:], CONTINUE_ON_FAILURE): Call Test Case 'Test Cases/Mobile/Page/CheckLogin' successfully

2022-03-08 13:43:11 - [TEST_CASE][PASSED] - Test Cases/Mobile/Page/CheckLogin: Test Cases/Mobile/Page/CheckLogin

2022-03-08 13:43:11 - [TEST_STEP][PASSED] - loginCheck = verifyElementExist(LOGN_BtnLogin, 5, CONTINUE_ON_FAILURE): Element 'Object Repository/Mobile/Page/Login/Button - Login' is exist

2022-03-08 13:43:13 - [MESSAGE][PASSED] - Element 'Object Repository/Mobile/Page/Login/Button - Login' is exist

2022-03-08 13:43:13 - [TEST_STEP][PASSED] - if (loginCheck): Call Test Case 'Test Cases/Mobile/Page/Login/Login' successfully

2022-03-08 13:43:13 - [TEST_STEP][PASSED] - callTestCase(findTestCase("Mobile/Page/Login/Login"), ["action":"username"], CONTINUE_ON_FAILURE): Call Test Case 'Test Cases/Mobile/Page/Login/Login' successfully

2022-03-08 13:43:13 - [TEST_CASE][PASSED] - Test Cases/Mobile/Page/Login/Login: Test Cases/Mobile/Page/Login/Login

2022-03-08 13:43:13 - [TEST_STEP][PASSED] - delay(2): Delayed 2 second(s)

2022-03-08 13:43:15 - [MESSAGE][PASSED] - Delayed 2 second(s)

2022-03-08 13:43:15 - [TEST_STEP][PASSED] - for ([i = 0, i < 1, (i++)]): null

2022-03-08 13:43:15 - [TEST_STEP][PASSED] - if (action == "username"): null

2022-03-08 13:43:15 - [TEST_STEP][PASSED] - tap(LOGN_EdtUserID, 0): Tapped on element 'Object Repository/Mobile/Page/Login/Input - UserID'

2022-03-08 13:43:15 - [MESSAGE][WARNING] - Timeout '0' is invalid. Using default page load timeout: '60'

2022-03-08 13:43:15 - [MESSAGE][PASSED] - Tapped on element 'Object Repository/Mobile/Page/Login/Input - UserID'

2022-03-08 13:43:15 - [TEST_STEP][PASSED] - delay(1): Delayed 1 second(s)

2022-03-08 13:43:16 - [MESSAGE][PASSED] - Delayed 1 second(s)

2022-03-08 13:43:16 - [TEST_STEP][PASSED] - setText(LOGN_EdtRdyUserID, "anggaaditya", 0): Text 'anggaaditya' has been set to element 'Object Repository/Mobile/Page/Login/Input Rdy - UserID'

2022-03-08 13:43:16 - [MESSAGE][WARNING] - Timeout '0' is invalid. Using default page load timeout: '60'

2022-03-08 13:43:17 - [MESSAGE][PASSED] - Text 'anggaaditya' has been set to element 'Object Repository/Mobile/Page/Login/Input Rdy - UserID'

2022-03-08 13:43:17 - [TEST_STEP][PASSED] - delay(1): Delayed 1 second(s)

2022-03-08 13:43:18 - [MESSAGE][PASSED] - Delayed 1 second(s)

2022-03-08 13:43:18 - [TEST_STEP][PASSED] - hideKeyboard(): Keyboard is hidden

2022-03-08 13:43:22 - [MESSAGE][PASSED] - Keyboard is hidden

2022-03-08 13:43:22 - [TEST_STEP][PASSED] - tap(LOGN_EdtPassword, 0): Tapped on element 'Object Repository/Mobile/Page/Login/Input - Password'

2022-03-08 13:43:22 - [MESSAGE][WARNING] - Timeout '0' is invalid. Using default page load timeout: '60'

2022-03-08 13:43:22 - [MESSAGE][PASSED] - Tapped on element 'Object Repository/Mobile/Page/Login/Input - Password'

2022-03-08 13:43:22 - [TEST_STEP][PASSED] - delay(1): Delayed 1 second(s)

2022-03-08 13:43:23 - [MESSAGE][PASSED] - Delayed 1 second(s)

2022-03-08 13:43:23 - [TEST_STEP][PASSED] - setText(LOGN_EdtRdyPassword, "Shalawa18", 0): Text 'Shalawa18' has been set to element 'Object Repository/Mobile/Page/Login/Input Rdy - Password'

2022-03-08 13:43:23 - [MESSAGE][WARNING] - Timeout '0' is invalid. Using default page load timeout: '60'

2022-03-08 13:43:23 - [MESSAGE][PASSED] - Text 'Shalawa18' has been set to element 'Object Repository/Mobile/Page/Login/Input Rdy - Password'

2022-03-08 13:43:23 - [TEST_STEP][PASSED] - delay(1): Delayed 1 second(s)

2022-03-08 13:43:24 - [MESSAGE][PASSED] - Delayed 1 second(s)

2022-03-08 13:43:24 - [TEST_STEP][PASSED] - hideKeyboard(): Keyboard is hidden

2022-03-08 13:43:31 - [MESSAGE][PASSED] - Keyboard is hidden

2022-03-08 13:43:31 - [TEST_STEP][PASSED] - tap(LOGN_BtnLogin, 0): Tapped on element 'Object Repository/Mobile/Page/Login/Button - Login'

2022-03-08 13:43:31 - [MESSAGE][WARNING] - Timeout '0' is invalid. Using default page load timeout: '60'

2022-03-08 13:43:32 - [MESSAGE][PASSED] - Tapped on element 'Object Repository/Mobile/Page/Login/Button - Login'

2022-03-08 13:43:32 - [TEST_STEP][PASSED] - delay(2): Delayed 2 second(s)

2022-03-08 13:43:34 - [MESSAGE][PASSED] - Delayed 2 second(s)

2022-03-08 13:43:34 - [TEST_STEP][PASSED] - break: null

2022-03-08 13:43:34 - [MESSAGE][PASSED] - Call Test Case 'Test Cases/Mobile/Page/Login/Login' successfully

2022-03-08 13:43:34 - [MESSAGE][PASSED] - Call Test Case 'Test Cases/Mobile/Page/CheckLogin' successfully

2022-03-08 13:43:34 - [TEST_STEP][PASSED] - tap(HOME_MenubarPortfolio, 0): Tapped on element 'Object Repository/Mobile/Page/Home/Menubar - Portfolio'

2022-03-08 13:43:34 - [MESSAGE][WARNING] - Timeout '0' is invalid. Using default page load timeout: '60'

2022-03-08 13:43:35 - [MESSAGE][PASSED] - Tapped on element 'Object Repository/Mobile/Page/Home/Menubar - Portfolio'

2022-03-08 13:43:35 - [TEST_STEP][PASSED] - delay(1): Delayed 1 second(s)

2022-03-08 13:43:36 - [MESSAGE][PASSED] - Delayed 1 second(s)

2022-03-08 13:43:36 - [TEST_STEP][PASSED] - for ([i = 0, i < 1, (i++)]): Delayed 3 second(s)

2022-03-08 13:43:36 - [TEST_STEP][PASSED] - if (tab == "summary"): Delayed 3 second(s)

2022-03-08 13:43:36 - [TEST_STEP][PASSED] - idr = PORT_BtnIDR: null

2022-03-08 13:43:36 - [TEST_STEP][PASSED] - persen = PORT_BtnPersen: null

2022-03-08 13:43:36 - [TEST_STEP][PASSED] - if (action == "summary"): null

2022-03-08 13:43:36 - [TEST_STEP][PASSED] - else if (action == "perf_daily"): null

2022-03-08 13:43:36 - [TEST_STEP][PASSED] - else if (action == "perf_month"): Tapped on element 'Object Repository/Mobile/Page/Portfolio/Tab - Summary Month to Date'

2022-03-08 13:43:36 - [TEST_STEP][PASSED] - scroll.scroll.scrollScreenBottomToTop(): scroll.scroll.scrollScreenBottomToTop is PASSED

2022-03-08 13:43:36 - [MESSAGE][PASSED] - Current device physical height is 1423

2022-03-08 13:43:37 - [MESSAGE][PASSED] - Current device physical width is 720

2022-03-08 13:43:38 - [MESSAGE][PASSED] - Swiped from 360,1,138 to 360,284

2022-03-08 13:43:38 - [MESSAGE][PASSED] - scroll.scroll.scrollScreenBottomToTop is PASSED

2022-03-08 13:43:38 - [TEST_STEP][PASSED] - delay(1): Delayed 1 second(s)

2022-03-08 13:43:39 - [MESSAGE][PASSED] - Delayed 1 second(s)

2022-03-08 13:43:39 - [TEST_STEP][PASSED] - tap(PORT_TabSummaryMonth, 0): Tapped on element 'Object Repository/Mobile/Page/Portfolio/Tab - Summary Month to Date'

2022-03-08 13:43:39 - [MESSAGE][WARNING] - Timeout '0' is invalid. Using default page load timeout: '60'

2022-03-08 13:43:39 - [MESSAGE][PASSED] - Tapped on element 'Object Repository/Mobile/Page/Portfolio/Tab - Summary Month to Date'

2022-03-08 13:43:39 - [TEST_STEP][PASSED] - if (action != "summary"): Delayed 3 second(s)

2022-03-08 13:43:39 - [TEST_STEP][PASSED] - delay(1): Delayed 1 second(s)

2022-03-08 13:43:40 - [MESSAGE][PASSED] - Delayed 1 second(s)

2022-03-08 13:43:40 - [TEST_STEP][PASSED] - scroll.scroll.scrollScreenBottomToTop(): scroll.scroll.scrollScreenBottomToTop is PASSED

2022-03-08 13:43:41 - [MESSAGE][PASSED] - Current device physical height is 1423

2022-03-08 13:43:41 - [MESSAGE][PASSED] - Current device physical width is 720

2022-03-08 13:43:42 - [MESSAGE][PASSED] - Swiped from 360,1,138 to 360,284

2022-03-08 13:43:42 - [MESSAGE][PASSED] - scroll.scroll.scrollScreenBottomToTop is PASSED

2022-03-08 13:43:42 - [TEST_STEP][PASSED] - scroll.scroll.scrollScreenBottomToTop(): scroll.scroll.scrollScreenBottomToTop is PASSED

2022-03-08 13:43:42 - [MESSAGE][PASSED] - Current device physical height is 1423

2022-03-08 13:43:42 - [MESSAGE][PASSED] - Current device physical width is 720

2022-03-08 13:43:44 - [MESSAGE][PASSED] - Swiped from 360,1,138 to 360,284

2022-03-08 13:43:44 - [MESSAGE][PASSED] - scroll.scroll.scrollScreenBottomToTop is PASSED

2022-03-08 13:43:44 - [TEST_STEP][PASSED] - delay(3): Delayed 3 second(s)

2022-03-08 13:43:47 - [MESSAGE][PASSED] - Delayed 3 second(s)

2022-03-08 13:43:47 - [TEST_STEP][PASSED] - if (action2 == "idr"): Delayed 3 second(s)

2022-03-08 13:43:47 - [TEST_STEP][PASSED] - tap(idr, 10): Tapped on element 'Object Repository/Mobile/Page/Portfolio/Button - IDR'

2022-03-08 13:43:47 - [MESSAGE][PASSED] - Tapped on element 'Object Repository/Mobile/Page/Portfolio/Button - IDR'

2022-03-08 13:43:47 - [TEST_STEP][PASSED] - delay(3): Delayed 3 second(s)

2022-03-08 13:43:50 - [MESSAGE][PASSED] - Delayed 3 second(s)

2022-03-08 13:43:50 - [MESSAGE][PASSED] - Call Test Case 'Test Cases/Mobile/Page/Portfolio/Portfolio' successfully

2022-03-08 13:43:50 - [TEST_STEP][PASSED] - callTestCase(findTestCase("Mobile/Page/Run App/Terminate App"), [:], STOP_ON_FAILURE): Call Test Case 'Test Cases/Mobile/Page/Run App/Terminate App' successfully

2022-03-08 13:43:50 - [TEST_CASE][PASSED] - Test Cases/Mobile/Page/Run App/Terminate App: Test Cases/Mobile/Page/Run App/Terminate App

2022-03-08 13:43:50 - [TEST_STEP][PASSED] - startApp.OpenApp.terminateApplication(): startApp.OpenApp.terminateApplication is PASSED

2022-03-08 13:43:53 - [MESSAGE][PASSED] - Delayed 3 second(s)

2022-03-08 13:43:53 - [MESSAGE][PASSED] - Current device physical width is 720

2022-03-08 13:43:54 - [MESSAGE][PASSED] - Current device physical height is 1423

2022-03-08 13:43:55 - [MESSAGE][PASSED] - Swiped from 360,853 to 360,142

2022-03-08 13:43:56 - [MESSAGE][PASSED] - Delayed 1 second(s)

2022-03-08 13:43:57 - [MESSAGE][PASSED] - Swiped from 360,853 to 360,142

2022-03-08 13:44:00 - [MESSAGE][PASSED] - Delayed 3 second(s)

2022-03-08 13:44:00 - [MESSAGE][PASSED] - startApp.OpenApp.terminateApplication is PASSED

2022-03-08 13:44:00 - [MESSAGE][PASSED] - Call Test Case 'Test Cases/Mobile/Page/Run App/Terminate App' successfully]]></system-out>
         <system-err><![CDATA[]]></system-err>
      </testcase>
      <testcase name="Test Cases/Mobile/Scenario/Portfolio/004 - Portfolio Performance Quarter to Date IDR" time="62.06" classname="Test Cases/Mobile/Scenario/Portfolio/004 - Portfolio Performance Quarter to Date IDR" status="PASSED">
         <system-out><![CDATA[2022-03-08 13:44:00 - [TEST_CASE][PASSED] - Test Cases/Mobile/Scenario/Portfolio/004 - Portfolio Performance Quarter to Date IDR: Test Cases/Mobile/Scenario/Portfolio/004 - Portfolio Performance Quarter to Date IDR

2022-03-08 13:44:00 - [TEST_STEP][PASSED] - callTestCase(findTestCase("Mobile/Page/Run App/Run App byID"), [:], STOP_ON_FAILURE): Call Test Case 'Test Cases/Mobile/Page/Run App/Run App byID' successfully

2022-03-08 13:44:01 - [TEST_CASE][PASSED] - Test Cases/Mobile/Page/Run App/Run App byID: Test Cases/Mobile/Page/Run App/Run App byID

2022-03-08 13:44:01 - [TEST_STEP][PASSED] - startApp.OpenApp.startApplication("id.co.miraeasset.sageclub"): startApp.OpenApp.startApplication is PASSED

2022-03-08 13:44:12 - [MESSAGE][PASSED] - Starting app with application ID: 'id.co.miraeasset.sageclub'

2022-03-08 13:44:12 - [MESSAGE][PASSED] - startApp.OpenApp.startApplication is PASSED

2022-03-08 13:44:12 - [MESSAGE][PASSED] - Call Test Case 'Test Cases/Mobile/Page/Run App/Run App byID' successfully

2022-03-08 13:44:12 - [TEST_STEP][PASSED] - callTestCase(findTestCase("Mobile/Page/Portfolio/Portfolio"), ["tab":"summary", "action":"perf_quarter", "action2":"idr"], CONTINUE_ON_FAILURE): Call Test Case 'Test Cases/Mobile/Page/Portfolio/Portfolio' successfully

2022-03-08 13:44:12 - [TEST_CASE][PASSED] - Test Cases/Mobile/Page/Portfolio/Portfolio: Test Cases/Mobile/Page/Portfolio/Portfolio

2022-03-08 13:44:12 - [TEST_STEP][PASSED] - callTestCase(findTestCase("Mobile/Page/CheckLogin"), [:], CONTINUE_ON_FAILURE): Call Test Case 'Test Cases/Mobile/Page/CheckLogin' successfully

2022-03-08 13:44:13 - [TEST_CASE][PASSED] - Test Cases/Mobile/Page/CheckLogin: Test Cases/Mobile/Page/CheckLogin

2022-03-08 13:44:13 - [TEST_STEP][PASSED] - loginCheck = verifyElementExist(LOGN_BtnLogin, 5, CONTINUE_ON_FAILURE): Element 'Object Repository/Mobile/Page/Login/Button - Login' is exist

2022-03-08 13:44:14 - [MESSAGE][PASSED] - Element 'Object Repository/Mobile/Page/Login/Button - Login' is exist

2022-03-08 13:44:14 - [TEST_STEP][PASSED] - if (loginCheck): Call Test Case 'Test Cases/Mobile/Page/Login/Login' successfully

2022-03-08 13:44:14 - [TEST_STEP][PASSED] - callTestCase(findTestCase("Mobile/Page/Login/Login"), ["action":"username"], CONTINUE_ON_FAILURE): Call Test Case 'Test Cases/Mobile/Page/Login/Login' successfully

2022-03-08 13:44:14 - [TEST_CASE][PASSED] - Test Cases/Mobile/Page/Login/Login: Test Cases/Mobile/Page/Login/Login

2022-03-08 13:44:14 - [TEST_STEP][PASSED] - delay(2): Delayed 2 second(s)

2022-03-08 13:44:16 - [MESSAGE][PASSED] - Delayed 2 second(s)

2022-03-08 13:44:16 - [TEST_STEP][PASSED] - for ([i = 0, i < 1, (i++)]): null

2022-03-08 13:44:16 - [TEST_STEP][PASSED] - if (action == "username"): null

2022-03-08 13:44:16 - [TEST_STEP][PASSED] - tap(LOGN_EdtUserID, 0): Tapped on element 'Object Repository/Mobile/Page/Login/Input - UserID'

2022-03-08 13:44:16 - [MESSAGE][WARNING] - Timeout '0' is invalid. Using default page load timeout: '60'

2022-03-08 13:44:17 - [MESSAGE][PASSED] - Tapped on element 'Object Repository/Mobile/Page/Login/Input - UserID'

2022-03-08 13:44:17 - [TEST_STEP][PASSED] - delay(1): Delayed 1 second(s)

2022-03-08 13:44:18 - [MESSAGE][PASSED] - Delayed 1 second(s)

2022-03-08 13:44:18 - [TEST_STEP][PASSED] - setText(LOGN_EdtRdyUserID, "anggaaditya", 0): Text 'anggaaditya' has been set to element 'Object Repository/Mobile/Page/Login/Input Rdy - UserID'

2022-03-08 13:44:18 - [MESSAGE][WARNING] - Timeout '0' is invalid. Using default page load timeout: '60'

2022-03-08 13:44:19 - [MESSAGE][PASSED] - Text 'anggaaditya' has been set to element 'Object Repository/Mobile/Page/Login/Input Rdy - UserID'

2022-03-08 13:44:19 - [TEST_STEP][PASSED] - delay(1): Delayed 1 second(s)

2022-03-08 13:44:20 - [MESSAGE][PASSED] - Delayed 1 second(s)

2022-03-08 13:44:20 - [TEST_STEP][PASSED] - hideKeyboard(): Keyboard is hidden

2022-03-08 13:44:23 - [MESSAGE][PASSED] - Keyboard is hidden

2022-03-08 13:44:23 - [TEST_STEP][PASSED] - tap(LOGN_EdtPassword, 0): Tapped on element 'Object Repository/Mobile/Page/Login/Input - Password'

2022-03-08 13:44:23 - [MESSAGE][WARNING] - Timeout '0' is invalid. Using default page load timeout: '60'

2022-03-08 13:44:23 - [MESSAGE][PASSED] - Tapped on element 'Object Repository/Mobile/Page/Login/Input - Password'

2022-03-08 13:44:23 - [TEST_STEP][PASSED] - delay(1): Delayed 1 second(s)

2022-03-08 13:44:24 - [MESSAGE][PASSED] - Delayed 1 second(s)

2022-03-08 13:44:24 - [TEST_STEP][PASSED] - setText(LOGN_EdtRdyPassword, "Shalawa18", 0): Text 'Shalawa18' has been set to element 'Object Repository/Mobile/Page/Login/Input Rdy - Password'

2022-03-08 13:44:24 - [MESSAGE][WARNING] - Timeout '0' is invalid. Using default page load timeout: '60'

2022-03-08 13:44:25 - [MESSAGE][PASSED] - Text 'Shalawa18' has been set to element 'Object Repository/Mobile/Page/Login/Input Rdy - Password'

2022-03-08 13:44:25 - [TEST_STEP][PASSED] - delay(1): Delayed 1 second(s)

2022-03-08 13:44:26 - [MESSAGE][PASSED] - Delayed 1 second(s)

2022-03-08 13:44:26 - [TEST_STEP][PASSED] - hideKeyboard(): Keyboard is hidden

2022-03-08 13:44:32 - [MESSAGE][PASSED] - Keyboard is hidden

2022-03-08 13:44:32 - [TEST_STEP][PASSED] - tap(LOGN_BtnLogin, 0): Tapped on element 'Object Repository/Mobile/Page/Login/Button - Login'

2022-03-08 13:44:32 - [MESSAGE][WARNING] - Timeout '0' is invalid. Using default page load timeout: '60'

2022-03-08 13:44:33 - [MESSAGE][PASSED] - Tapped on element 'Object Repository/Mobile/Page/Login/Button - Login'

2022-03-08 13:44:33 - [TEST_STEP][PASSED] - delay(2): Delayed 2 second(s)

2022-03-08 13:44:35 - [MESSAGE][PASSED] - Delayed 2 second(s)

2022-03-08 13:44:35 - [TEST_STEP][PASSED] - break: null

2022-03-08 13:44:35 - [MESSAGE][PASSED] - Call Test Case 'Test Cases/Mobile/Page/Login/Login' successfully

2022-03-08 13:44:35 - [MESSAGE][PASSED] - Call Test Case 'Test Cases/Mobile/Page/CheckLogin' successfully

2022-03-08 13:44:35 - [TEST_STEP][PASSED] - tap(HOME_MenubarPortfolio, 0): Tapped on element 'Object Repository/Mobile/Page/Home/Menubar - Portfolio'

2022-03-08 13:44:35 - [MESSAGE][WARNING] - Timeout '0' is invalid. Using default page load timeout: '60'

2022-03-08 13:44:37 - [MESSAGE][PASSED] - Tapped on element 'Object Repository/Mobile/Page/Home/Menubar - Portfolio'

2022-03-08 13:44:37 - [TEST_STEP][PASSED] - delay(1): Delayed 1 second(s)

2022-03-08 13:44:38 - [MESSAGE][PASSED] - Delayed 1 second(s)

2022-03-08 13:44:38 - [TEST_STEP][PASSED] - for ([i = 0, i < 1, (i++)]): Delayed 3 second(s)

2022-03-08 13:44:38 - [TEST_STEP][PASSED] - if (tab == "summary"): Delayed 3 second(s)

2022-03-08 13:44:38 - [TEST_STEP][PASSED] - idr = PORT_BtnIDR: null

2022-03-08 13:44:38 - [TEST_STEP][PASSED] - persen = PORT_BtnPersen: null

2022-03-08 13:44:38 - [TEST_STEP][PASSED] - if (action == "summary"): null

2022-03-08 13:44:38 - [TEST_STEP][PASSED] - else if (action == "perf_daily"): null

2022-03-08 13:44:38 - [TEST_STEP][PASSED] - else if (action == "perf_month"): null

2022-03-08 13:44:38 - [TEST_STEP][PASSED] - else if (action == "perf_quarter"): Tapped on element 'Object Repository/Mobile/Page/Portfolio/Tab - Summary Quarter to Date'

2022-03-08 13:44:38 - [TEST_STEP][PASSED] - scroll.scroll.scrollScreenBottomToTop(): scroll.scroll.scrollScreenBottomToTop is PASSED

2022-03-08 13:44:39 - [MESSAGE][PASSED] - Current device physical height is 1423

2022-03-08 13:44:39 - [MESSAGE][PASSED] - Current device physical width is 720

2022-03-08 13:44:40 - [MESSAGE][PASSED] - Swiped from 360,1,138 to 360,284

2022-03-08 13:44:40 - [MESSAGE][PASSED] - scroll.scroll.scrollScreenBottomToTop is PASSED

2022-03-08 13:44:40 - [TEST_STEP][PASSED] - delay(1): Delayed 1 second(s)

2022-03-08 13:44:41 - [MESSAGE][PASSED] - Delayed 1 second(s)

2022-03-08 13:44:41 - [TEST_STEP][PASSED] - tap(PORT_TabSummaryQuarter, 0): Tapped on element 'Object Repository/Mobile/Page/Portfolio/Tab - Summary Quarter to Date'

2022-03-08 13:44:41 - [MESSAGE][WARNING] - Timeout '0' is invalid. Using default page load timeout: '60'

2022-03-08 13:44:41 - [MESSAGE][PASSED] - Tapped on element 'Object Repository/Mobile/Page/Portfolio/Tab - Summary Quarter to Date'

2022-03-08 13:44:41 - [TEST_STEP][PASSED] - if (action != "summary"): Delayed 3 second(s)

2022-03-08 13:44:41 - [TEST_STEP][PASSED] - delay(1): Delayed 1 second(s)

2022-03-08 13:44:42 - [MESSAGE][PASSED] - Delayed 1 second(s)

2022-03-08 13:44:42 - [TEST_STEP][PASSED] - scroll.scroll.scrollScreenBottomToTop(): scroll.scroll.scrollScreenBottomToTop is PASSED

2022-03-08 13:44:43 - [MESSAGE][PASSED] - Current device physical height is 1423

2022-03-08 13:44:43 - [MESSAGE][PASSED] - Current device physical width is 720

2022-03-08 13:44:44 - [MESSAGE][PASSED] - Swiped from 360,1,138 to 360,284

2022-03-08 13:44:44 - [MESSAGE][PASSED] - scroll.scroll.scrollScreenBottomToTop is PASSED

2022-03-08 13:44:44 - [TEST_STEP][PASSED] - scroll.scroll.scrollScreenBottomToTop(): scroll.scroll.scrollScreenBottomToTop is PASSED

2022-03-08 13:44:44 - [MESSAGE][PASSED] - Current device physical height is 1423

2022-03-08 13:44:44 - [MESSAGE][PASSED] - Current device physical width is 720

2022-03-08 13:44:46 - [MESSAGE][PASSED] - Swiped from 360,1,138 to 360,284

2022-03-08 13:44:46 - [MESSAGE][PASSED] - scroll.scroll.scrollScreenBottomToTop is PASSED

2022-03-08 13:44:46 - [TEST_STEP][PASSED] - delay(3): Delayed 3 second(s)

2022-03-08 13:44:49 - [MESSAGE][PASSED] - Delayed 3 second(s)

2022-03-08 13:44:49 - [TEST_STEP][PASSED] - if (action2 == "idr"): Delayed 3 second(s)

2022-03-08 13:44:49 - [TEST_STEP][PASSED] - tap(idr, 10): Tapped on element 'Object Repository/Mobile/Page/Portfolio/Button - IDR'

2022-03-08 13:44:49 - [MESSAGE][PASSED] - Tapped on element 'Object Repository/Mobile/Page/Portfolio/Button - IDR'

2022-03-08 13:44:49 - [TEST_STEP][PASSED] - delay(3): Delayed 3 second(s)

2022-03-08 13:44:52 - [MESSAGE][PASSED] - Delayed 3 second(s)

2022-03-08 13:44:52 - [MESSAGE][PASSED] - Call Test Case 'Test Cases/Mobile/Page/Portfolio/Portfolio' successfully

2022-03-08 13:44:52 - [TEST_STEP][PASSED] - callTestCase(findTestCase("Mobile/Page/Run App/Terminate App"), [:], STOP_ON_FAILURE): Call Test Case 'Test Cases/Mobile/Page/Run App/Terminate App' successfully

2022-03-08 13:44:52 - [TEST_CASE][PASSED] - Test Cases/Mobile/Page/Run App/Terminate App: Test Cases/Mobile/Page/Run App/Terminate App

2022-03-08 13:44:52 - [TEST_STEP][PASSED] - startApp.OpenApp.terminateApplication(): startApp.OpenApp.terminateApplication is PASSED

2022-03-08 13:44:55 - [MESSAGE][PASSED] - Delayed 3 second(s)

2022-03-08 13:44:55 - [MESSAGE][PASSED] - Current device physical width is 720

2022-03-08 13:44:56 - [MESSAGE][PASSED] - Current device physical height is 1423

2022-03-08 13:44:57 - [MESSAGE][PASSED] - Swiped from 360,853 to 360,142

2022-03-08 13:44:58 - [MESSAGE][PASSED] - Delayed 1 second(s)

2022-03-08 13:44:59 - [MESSAGE][PASSED] - Swiped from 360,853 to 360,142

2022-03-08 13:45:02 - [MESSAGE][PASSED] - Delayed 3 second(s)

2022-03-08 13:45:02 - [MESSAGE][PASSED] - startApp.OpenApp.terminateApplication is PASSED

2022-03-08 13:45:02 - [MESSAGE][PASSED] - Call Test Case 'Test Cases/Mobile/Page/Run App/Terminate App' successfully]]></system-out>
         <system-err><![CDATA[]]></system-err>
      </testcase>
      <testcase name="Test Cases/Mobile/Scenario/Portfolio/005 - Portfolio Performance Year to Date IDR" time="61.13" classname="Test Cases/Mobile/Scenario/Portfolio/005 - Portfolio Performance Year to Date IDR" status="PASSED">
         <system-out><![CDATA[2022-03-08 13:45:02 - [TEST_CASE][PASSED] - Test Cases/Mobile/Scenario/Portfolio/005 - Portfolio Performance Year to Date IDR: Test Cases/Mobile/Scenario/Portfolio/005 - Portfolio Performance Year to Date IDR

2022-03-08 13:45:03 - [TEST_STEP][PASSED] - callTestCase(findTestCase("Mobile/Page/Run App/Run App byID"), [:], STOP_ON_FAILURE): Call Test Case 'Test Cases/Mobile/Page/Run App/Run App byID' successfully

2022-03-08 13:45:03 - [TEST_CASE][PASSED] - Test Cases/Mobile/Page/Run App/Run App byID: Test Cases/Mobile/Page/Run App/Run App byID

2022-03-08 13:45:03 - [TEST_STEP][PASSED] - startApp.OpenApp.startApplication("id.co.miraeasset.sageclub"): startApp.OpenApp.startApplication is PASSED

2022-03-08 13:45:14 - [MESSAGE][PASSED] - Starting app with application ID: 'id.co.miraeasset.sageclub'

2022-03-08 13:45:14 - [MESSAGE][PASSED] - startApp.OpenApp.startApplication is PASSED

2022-03-08 13:45:14 - [MESSAGE][PASSED] - Call Test Case 'Test Cases/Mobile/Page/Run App/Run App byID' successfully

2022-03-08 13:45:14 - [TEST_STEP][PASSED] - callTestCase(findTestCase("Mobile/Page/Portfolio/Portfolio"), ["tab":"summary", "action":"perf_year", "action2":"idr"], CONTINUE_ON_FAILURE): Call Test Case 'Test Cases/Mobile/Page/Portfolio/Portfolio' successfully

2022-03-08 13:45:15 - [TEST_CASE][PASSED] - Test Cases/Mobile/Page/Portfolio/Portfolio: Test Cases/Mobile/Page/Portfolio/Portfolio

2022-03-08 13:45:15 - [TEST_STEP][PASSED] - callTestCase(findTestCase("Mobile/Page/CheckLogin"), [:], CONTINUE_ON_FAILURE): Call Test Case 'Test Cases/Mobile/Page/CheckLogin' successfully

2022-03-08 13:45:15 - [TEST_CASE][PASSED] - Test Cases/Mobile/Page/CheckLogin: Test Cases/Mobile/Page/CheckLogin

2022-03-08 13:45:15 - [TEST_STEP][PASSED] - loginCheck = verifyElementExist(LOGN_BtnLogin, 5, CONTINUE_ON_FAILURE): Element 'Object Repository/Mobile/Page/Login/Button - Login' is exist

2022-03-08 13:45:16 - [MESSAGE][PASSED] - Element 'Object Repository/Mobile/Page/Login/Button - Login' is exist

2022-03-08 13:45:16 - [TEST_STEP][PASSED] - if (loginCheck): Call Test Case 'Test Cases/Mobile/Page/Login/Login' successfully

2022-03-08 13:45:16 - [TEST_STEP][PASSED] - callTestCase(findTestCase("Mobile/Page/Login/Login"), ["action":"username"], CONTINUE_ON_FAILURE): Call Test Case 'Test Cases/Mobile/Page/Login/Login' successfully

2022-03-08 13:45:16 - [TEST_CASE][PASSED] - Test Cases/Mobile/Page/Login/Login: Test Cases/Mobile/Page/Login/Login

2022-03-08 13:45:16 - [TEST_STEP][PASSED] - delay(2): Delayed 2 second(s)

2022-03-08 13:45:18 - [MESSAGE][PASSED] - Delayed 2 second(s)

2022-03-08 13:45:18 - [TEST_STEP][PASSED] - for ([i = 0, i < 1, (i++)]): null

2022-03-08 13:45:18 - [TEST_STEP][PASSED] - if (action == "username"): null

2022-03-08 13:45:18 - [TEST_STEP][PASSED] - tap(LOGN_EdtUserID, 0): Tapped on element 'Object Repository/Mobile/Page/Login/Input - UserID'

2022-03-08 13:45:18 - [MESSAGE][WARNING] - Timeout '0' is invalid. Using default page load timeout: '60'

2022-03-08 13:45:19 - [MESSAGE][PASSED] - Tapped on element 'Object Repository/Mobile/Page/Login/Input - UserID'

2022-03-08 13:45:19 - [TEST_STEP][PASSED] - delay(1): Delayed 1 second(s)

2022-03-08 13:45:20 - [MESSAGE][PASSED] - Delayed 1 second(s)

2022-03-08 13:45:20 - [TEST_STEP][PASSED] - setText(LOGN_EdtRdyUserID, "anggaaditya", 0): Text 'anggaaditya' has been set to element 'Object Repository/Mobile/Page/Login/Input Rdy - UserID'

2022-03-08 13:45:20 - [MESSAGE][WARNING] - Timeout '0' is invalid. Using default page load timeout: '60'

2022-03-08 13:45:20 - [MESSAGE][PASSED] - Text 'anggaaditya' has been set to element 'Object Repository/Mobile/Page/Login/Input Rdy - UserID'

2022-03-08 13:45:20 - [TEST_STEP][PASSED] - delay(1): Delayed 1 second(s)

2022-03-08 13:45:21 - [MESSAGE][PASSED] - Delayed 1 second(s)

2022-03-08 13:45:21 - [TEST_STEP][PASSED] - hideKeyboard(): Keyboard is hidden

2022-03-08 13:45:25 - [MESSAGE][PASSED] - Keyboard is hidden

2022-03-08 13:45:25 - [TEST_STEP][PASSED] - tap(LOGN_EdtPassword, 0): Tapped on element 'Object Repository/Mobile/Page/Login/Input - Password'

2022-03-08 13:45:25 - [MESSAGE][WARNING] - Timeout '0' is invalid. Using default page load timeout: '60'

2022-03-08 13:45:25 - [MESSAGE][PASSED] - Tapped on element 'Object Repository/Mobile/Page/Login/Input - Password'

2022-03-08 13:45:25 - [TEST_STEP][PASSED] - delay(1): Delayed 1 second(s)

2022-03-08 13:45:26 - [MESSAGE][PASSED] - Delayed 1 second(s)

2022-03-08 13:45:26 - [TEST_STEP][PASSED] - setText(LOGN_EdtRdyPassword, "Shalawa18", 0): Text 'Shalawa18' has been set to element 'Object Repository/Mobile/Page/Login/Input Rdy - Password'

2022-03-08 13:45:26 - [MESSAGE][WARNING] - Timeout '0' is invalid. Using default page load timeout: '60'

2022-03-08 13:45:27 - [MESSAGE][PASSED] - Text 'Shalawa18' has been set to element 'Object Repository/Mobile/Page/Login/Input Rdy - Password'

2022-03-08 13:45:27 - [TEST_STEP][PASSED] - delay(1): Delayed 1 second(s)

2022-03-08 13:45:28 - [MESSAGE][PASSED] - Delayed 1 second(s)

2022-03-08 13:45:28 - [TEST_STEP][PASSED] - hideKeyboard(): Keyboard is hidden

2022-03-08 13:45:34 - [MESSAGE][PASSED] - Keyboard is hidden

2022-03-08 13:45:34 - [TEST_STEP][PASSED] - tap(LOGN_BtnLogin, 0): Tapped on element 'Object Repository/Mobile/Page/Login/Button - Login'

2022-03-08 13:45:34 - [MESSAGE][WARNING] - Timeout '0' is invalid. Using default page load timeout: '60'

2022-03-08 13:45:35 - [MESSAGE][PASSED] - Tapped on element 'Object Repository/Mobile/Page/Login/Button - Login'

2022-03-08 13:45:35 - [TEST_STEP][PASSED] - delay(2): Delayed 2 second(s)

2022-03-08 13:45:37 - [MESSAGE][PASSED] - Delayed 2 second(s)

2022-03-08 13:45:37 - [TEST_STEP][PASSED] - break: null

2022-03-08 13:45:37 - [MESSAGE][PASSED] - Call Test Case 'Test Cases/Mobile/Page/Login/Login' successfully

2022-03-08 13:45:37 - [MESSAGE][PASSED] - Call Test Case 'Test Cases/Mobile/Page/CheckLogin' successfully

2022-03-08 13:45:37 - [TEST_STEP][PASSED] - tap(HOME_MenubarPortfolio, 0): Tapped on element 'Object Repository/Mobile/Page/Home/Menubar - Portfolio'

2022-03-08 13:45:37 - [MESSAGE][WARNING] - Timeout '0' is invalid. Using default page load timeout: '60'

2022-03-08 13:45:39 - [MESSAGE][PASSED] - Tapped on element 'Object Repository/Mobile/Page/Home/Menubar - Portfolio'

2022-03-08 13:45:39 - [TEST_STEP][PASSED] - delay(1): Delayed 1 second(s)

2022-03-08 13:45:40 - [MESSAGE][PASSED] - Delayed 1 second(s)

2022-03-08 13:45:40 - [TEST_STEP][PASSED] - for ([i = 0, i < 1, (i++)]): Delayed 3 second(s)

2022-03-08 13:45:40 - [TEST_STEP][PASSED] - if (tab == "summary"): Delayed 3 second(s)

2022-03-08 13:45:40 - [TEST_STEP][PASSED] - idr = PORT_BtnIDR: null

2022-03-08 13:45:40 - [TEST_STEP][PASSED] - persen = PORT_BtnPersen: null

2022-03-08 13:45:40 - [TEST_STEP][PASSED] - if (action == "summary"): null

2022-03-08 13:45:40 - [TEST_STEP][PASSED] - else if (action == "perf_daily"): null

2022-03-08 13:45:40 - [TEST_STEP][PASSED] - else if (action == "perf_month"): null

2022-03-08 13:45:40 - [TEST_STEP][PASSED] - else if (action == "perf_quarter"): null

2022-03-08 13:45:40 - [TEST_STEP][PASSED] - else if (action == "perf_year"): Tapped on element 'Object Repository/Mobile/Page/Portfolio/Tab - Summary Year to Date'

2022-03-08 13:45:40 - [TEST_STEP][PASSED] - scroll.scroll.scrollScreenBottomToTop(): scroll.scroll.scrollScreenBottomToTop is PASSED

2022-03-08 13:45:40 - [MESSAGE][PASSED] - Current device physical height is 1423

2022-03-08 13:45:40 - [MESSAGE][PASSED] - Current device physical width is 720

2022-03-08 13:45:41 - [MESSAGE][PASSED] - Swiped from 360,1,138 to 360,284

2022-03-08 13:45:41 - [MESSAGE][PASSED] - scroll.scroll.scrollScreenBottomToTop is PASSED

2022-03-08 13:45:41 - [TEST_STEP][PASSED] - delay(1): Delayed 1 second(s)

2022-03-08 13:45:42 - [MESSAGE][PASSED] - Delayed 1 second(s)

2022-03-08 13:45:42 - [TEST_STEP][PASSED] - tap(PORT_TabSummaryYear, 0): Tapped on element 'Object Repository/Mobile/Page/Portfolio/Tab - Summary Year to Date'

2022-03-08 13:45:42 - [MESSAGE][WARNING] - Timeout '0' is invalid. Using default page load timeout: '60'

2022-03-08 13:45:43 - [MESSAGE][PASSED] - Tapped on element 'Object Repository/Mobile/Page/Portfolio/Tab - Summary Year to Date'

2022-03-08 13:45:43 - [TEST_STEP][PASSED] - if (action != "summary"): Delayed 3 second(s)

2022-03-08 13:45:43 - [TEST_STEP][PASSED] - delay(1): Delayed 1 second(s)

2022-03-08 13:45:44 - [MESSAGE][PASSED] - Delayed 1 second(s)

2022-03-08 13:45:44 - [TEST_STEP][PASSED] - scroll.scroll.scrollScreenBottomToTop(): scroll.scroll.scrollScreenBottomToTop is PASSED

2022-03-08 13:45:44 - [MESSAGE][PASSED] - Current device physical height is 1423

2022-03-08 13:45:44 - [MESSAGE][PASSED] - Current device physical width is 720

2022-03-08 13:45:45 - [MESSAGE][PASSED] - Swiped from 360,1,138 to 360,284

2022-03-08 13:45:45 - [MESSAGE][PASSED] - scroll.scroll.scrollScreenBottomToTop is PASSED

2022-03-08 13:45:45 - [TEST_STEP][PASSED] - scroll.scroll.scrollScreenBottomToTop(): scroll.scroll.scrollScreenBottomToTop is PASSED

2022-03-08 13:45:45 - [MESSAGE][PASSED] - Current device physical height is 1423

2022-03-08 13:45:46 - [MESSAGE][PASSED] - Current device physical width is 720

2022-03-08 13:45:47 - [MESSAGE][PASSED] - Swiped from 360,1,138 to 360,284

2022-03-08 13:45:47 - [MESSAGE][PASSED] - scroll.scroll.scrollScreenBottomToTop is PASSED

2022-03-08 13:45:47 - [TEST_STEP][PASSED] - delay(3): Delayed 3 second(s)

2022-03-08 13:45:50 - [MESSAGE][PASSED] - Delayed 3 second(s)

2022-03-08 13:45:50 - [TEST_STEP][PASSED] - if (action2 == "idr"): Delayed 3 second(s)

2022-03-08 13:45:50 - [TEST_STEP][PASSED] - tap(idr, 10): Tapped on element 'Object Repository/Mobile/Page/Portfolio/Button - IDR'

2022-03-08 13:45:50 - [MESSAGE][PASSED] - Tapped on element 'Object Repository/Mobile/Page/Portfolio/Button - IDR'

2022-03-08 13:45:50 - [TEST_STEP][PASSED] - delay(3): Delayed 3 second(s)

2022-03-08 13:45:53 - [MESSAGE][PASSED] - Delayed 3 second(s)

2022-03-08 13:45:53 - [MESSAGE][PASSED] - Call Test Case 'Test Cases/Mobile/Page/Portfolio/Portfolio' successfully

2022-03-08 13:45:53 - [TEST_STEP][PASSED] - callTestCase(findTestCase("Mobile/Page/Run App/Terminate App"), [:], STOP_ON_FAILURE): Call Test Case 'Test Cases/Mobile/Page/Run App/Terminate App' successfully

2022-03-08 13:45:53 - [TEST_CASE][PASSED] - Test Cases/Mobile/Page/Run App/Terminate App: Test Cases/Mobile/Page/Run App/Terminate App

2022-03-08 13:45:53 - [TEST_STEP][PASSED] - startApp.OpenApp.terminateApplication(): startApp.OpenApp.terminateApplication is PASSED

2022-03-08 13:45:56 - [MESSAGE][PASSED] - Delayed 3 second(s)

2022-03-08 13:45:57 - [MESSAGE][PASSED] - Current device physical width is 720

2022-03-08 13:45:57 - [MESSAGE][PASSED] - Current device physical height is 1423

2022-03-08 13:45:58 - [MESSAGE][PASSED] - Swiped from 360,853 to 360,142

2022-03-08 13:45:59 - [MESSAGE][PASSED] - Delayed 1 second(s)

2022-03-08 13:46:00 - [MESSAGE][PASSED] - Swiped from 360,853 to 360,142

2022-03-08 13:46:03 - [MESSAGE][PASSED] - Delayed 3 second(s)

2022-03-08 13:46:03 - [MESSAGE][PASSED] - startApp.OpenApp.terminateApplication is PASSED

2022-03-08 13:46:03 - [MESSAGE][PASSED] - Call Test Case 'Test Cases/Mobile/Page/Run App/Terminate App' successfully]]></system-out>
         <system-err><![CDATA[]]></system-err>
      </testcase>
      <testcase name="Test Cases/Mobile/Scenario/Portfolio/006 - Portfolio Performance Daily Persen" time="60.883" classname="Test Cases/Mobile/Scenario/Portfolio/006 - Portfolio Performance Daily Persen" status="PASSED">
         <system-out><![CDATA[2022-03-08 13:46:03 - [TEST_CASE][PASSED] - Test Cases/Mobile/Scenario/Portfolio/006 - Portfolio Performance Daily Persen: Test Cases/Mobile/Scenario/Portfolio/006 - Portfolio Performance Daily Persen

2022-03-08 13:46:04 - [TEST_STEP][PASSED] - callTestCase(findTestCase("Mobile/Page/Run App/Run App byID"), [:], STOP_ON_FAILURE): Call Test Case 'Test Cases/Mobile/Page/Run App/Run App byID' successfully

2022-03-08 13:46:04 - [TEST_CASE][PASSED] - Test Cases/Mobile/Page/Run App/Run App byID: Test Cases/Mobile/Page/Run App/Run App byID

2022-03-08 13:46:04 - [TEST_STEP][PASSED] - startApp.OpenApp.startApplication("id.co.miraeasset.sageclub"): startApp.OpenApp.startApplication is PASSED

2022-03-08 13:46:16 - [MESSAGE][PASSED] - Starting app with application ID: 'id.co.miraeasset.sageclub'

2022-03-08 13:46:16 - [MESSAGE][PASSED] - startApp.OpenApp.startApplication is PASSED

2022-03-08 13:46:16 - [MESSAGE][PASSED] - Call Test Case 'Test Cases/Mobile/Page/Run App/Run App byID' successfully

2022-03-08 13:46:16 - [TEST_STEP][PASSED] - callTestCase(findTestCase("Mobile/Page/Portfolio/Portfolio"), ["tab":"summary", "action":"perf_daily", "action2":"persen"], CONTINUE_ON_FAILURE): Call Test Case 'Test Cases/Mobile/Page/Portfolio/Portfolio' successfully

2022-03-08 13:46:16 - [TEST_CASE][PASSED] - Test Cases/Mobile/Page/Portfolio/Portfolio: Test Cases/Mobile/Page/Portfolio/Portfolio

2022-03-08 13:46:16 - [TEST_STEP][PASSED] - callTestCase(findTestCase("Mobile/Page/CheckLogin"), [:], CONTINUE_ON_FAILURE): Call Test Case 'Test Cases/Mobile/Page/CheckLogin' successfully

2022-03-08 13:46:16 - [TEST_CASE][PASSED] - Test Cases/Mobile/Page/CheckLogin: Test Cases/Mobile/Page/CheckLogin

2022-03-08 13:46:16 - [TEST_STEP][PASSED] - loginCheck = verifyElementExist(LOGN_BtnLogin, 5, CONTINUE_ON_FAILURE): Element 'Object Repository/Mobile/Page/Login/Button - Login' is exist

2022-03-08 13:46:18 - [MESSAGE][PASSED] - Element 'Object Repository/Mobile/Page/Login/Button - Login' is exist

2022-03-08 13:46:18 - [TEST_STEP][PASSED] - if (loginCheck): Call Test Case 'Test Cases/Mobile/Page/Login/Login' successfully

2022-03-08 13:46:18 - [TEST_STEP][PASSED] - callTestCase(findTestCase("Mobile/Page/Login/Login"), ["action":"username"], CONTINUE_ON_FAILURE): Call Test Case 'Test Cases/Mobile/Page/Login/Login' successfully

2022-03-08 13:46:18 - [TEST_CASE][PASSED] - Test Cases/Mobile/Page/Login/Login: Test Cases/Mobile/Page/Login/Login

2022-03-08 13:46:18 - [TEST_STEP][PASSED] - delay(2): Delayed 2 second(s)

2022-03-08 13:46:20 - [MESSAGE][PASSED] - Delayed 2 second(s)

2022-03-08 13:46:20 - [TEST_STEP][PASSED] - for ([i = 0, i < 1, (i++)]): null

2022-03-08 13:46:20 - [TEST_STEP][PASSED] - if (action == "username"): null

2022-03-08 13:46:20 - [TEST_STEP][PASSED] - tap(LOGN_EdtUserID, 0): Tapped on element 'Object Repository/Mobile/Page/Login/Input - UserID'

2022-03-08 13:46:20 - [MESSAGE][WARNING] - Timeout '0' is invalid. Using default page load timeout: '60'

2022-03-08 13:46:20 - [MESSAGE][PASSED] - Tapped on element 'Object Repository/Mobile/Page/Login/Input - UserID'

2022-03-08 13:46:20 - [TEST_STEP][PASSED] - delay(1): Delayed 1 second(s)

2022-03-08 13:46:21 - [MESSAGE][PASSED] - Delayed 1 second(s)

2022-03-08 13:46:21 - [TEST_STEP][PASSED] - setText(LOGN_EdtRdyUserID, "anggaaditya", 0): Text 'anggaaditya' has been set to element 'Object Repository/Mobile/Page/Login/Input Rdy - UserID'

2022-03-08 13:46:21 - [MESSAGE][WARNING] - Timeout '0' is invalid. Using default page load timeout: '60'

2022-03-08 13:46:22 - [MESSAGE][PASSED] - Text 'anggaaditya' has been set to element 'Object Repository/Mobile/Page/Login/Input Rdy - UserID'

2022-03-08 13:46:22 - [TEST_STEP][PASSED] - delay(1): Delayed 1 second(s)

2022-03-08 13:46:23 - [MESSAGE][PASSED] - Delayed 1 second(s)

2022-03-08 13:46:23 - [TEST_STEP][PASSED] - hideKeyboard(): Keyboard is hidden

2022-03-08 13:46:26 - [MESSAGE][PASSED] - Keyboard is hidden

2022-03-08 13:46:26 - [TEST_STEP][PASSED] - tap(LOGN_EdtPassword, 0): Tapped on element 'Object Repository/Mobile/Page/Login/Input - Password'

2022-03-08 13:46:26 - [MESSAGE][WARNING] - Timeout '0' is invalid. Using default page load timeout: '60'

2022-03-08 13:46:27 - [MESSAGE][PASSED] - Tapped on element 'Object Repository/Mobile/Page/Login/Input - Password'

2022-03-08 13:46:27 - [TEST_STEP][PASSED] - delay(1): Delayed 1 second(s)

2022-03-08 13:46:28 - [MESSAGE][PASSED] - Delayed 1 second(s)

2022-03-08 13:46:28 - [TEST_STEP][PASSED] - setText(LOGN_EdtRdyPassword, "Shalawa18", 0): Text 'Shalawa18' has been set to element 'Object Repository/Mobile/Page/Login/Input Rdy - Password'

2022-03-08 13:46:28 - [MESSAGE][WARNING] - Timeout '0' is invalid. Using default page load timeout: '60'

2022-03-08 13:46:28 - [MESSAGE][PASSED] - Text 'Shalawa18' has been set to element 'Object Repository/Mobile/Page/Login/Input Rdy - Password'

2022-03-08 13:46:28 - [TEST_STEP][PASSED] - delay(1): Delayed 1 second(s)

2022-03-08 13:46:29 - [MESSAGE][PASSED] - Delayed 1 second(s)

2022-03-08 13:46:29 - [TEST_STEP][PASSED] - hideKeyboard(): Keyboard is hidden

2022-03-08 13:46:36 - [MESSAGE][PASSED] - Keyboard is hidden

2022-03-08 13:46:36 - [TEST_STEP][PASSED] - tap(LOGN_BtnLogin, 0): Tapped on element 'Object Repository/Mobile/Page/Login/Button - Login'

2022-03-08 13:46:36 - [MESSAGE][WARNING] - Timeout '0' is invalid. Using default page load timeout: '60'

2022-03-08 13:46:37 - [MESSAGE][PASSED] - Tapped on element 'Object Repository/Mobile/Page/Login/Button - Login'

2022-03-08 13:46:37 - [TEST_STEP][PASSED] - delay(2): Delayed 2 second(s)

2022-03-08 13:46:39 - [MESSAGE][PASSED] - Delayed 2 second(s)

2022-03-08 13:46:39 - [TEST_STEP][PASSED] - break: null

2022-03-08 13:46:39 - [MESSAGE][PASSED] - Call Test Case 'Test Cases/Mobile/Page/Login/Login' successfully

2022-03-08 13:46:39 - [MESSAGE][PASSED] - Call Test Case 'Test Cases/Mobile/Page/CheckLogin' successfully

2022-03-08 13:46:39 - [TEST_STEP][PASSED] - tap(HOME_MenubarPortfolio, 0): Tapped on element 'Object Repository/Mobile/Page/Home/Menubar - Portfolio'

2022-03-08 13:46:39 - [MESSAGE][WARNING] - Timeout '0' is invalid. Using default page load timeout: '60'

2022-03-08 13:46:41 - [MESSAGE][PASSED] - Tapped on element 'Object Repository/Mobile/Page/Home/Menubar - Portfolio'

2022-03-08 13:46:41 - [TEST_STEP][PASSED] - delay(1): Delayed 1 second(s)

2022-03-08 13:46:42 - [MESSAGE][PASSED] - Delayed 1 second(s)

2022-03-08 13:46:42 - [TEST_STEP][PASSED] - for ([i = 0, i < 1, (i++)]): Delayed 3 second(s)

2022-03-08 13:46:42 - [TEST_STEP][PASSED] - if (tab == "summary"): Delayed 3 second(s)

2022-03-08 13:46:42 - [TEST_STEP][PASSED] - idr = PORT_BtnIDR: null

2022-03-08 13:46:42 - [TEST_STEP][PASSED] - persen = PORT_BtnPersen: null

2022-03-08 13:46:42 - [TEST_STEP][PASSED] - if (action == "summary"): null

2022-03-08 13:46:42 - [TEST_STEP][PASSED] - else if (action == "perf_daily"): scroll.scroll.scrollScreenBottomToTop is PASSED

2022-03-08 13:46:42 - [TEST_STEP][PASSED] - scroll.scroll.scrollScreenBottomToTop(): scroll.scroll.scrollScreenBottomToTop is PASSED

2022-03-08 13:46:42 - [MESSAGE][PASSED] - Current device physical height is 1423

2022-03-08 13:46:42 - [MESSAGE][PASSED] - Current device physical width is 720

2022-03-08 13:46:44 - [MESSAGE][PASSED] - Swiped from 360,1,138 to 360,284

2022-03-08 13:46:44 - [MESSAGE][PASSED] - scroll.scroll.scrollScreenBottomToTop is PASSED

2022-03-08 13:46:44 - [TEST_STEP][PASSED] - if (action != "summary"): Delayed 3 second(s)

2022-03-08 13:46:44 - [TEST_STEP][PASSED] - delay(1): Delayed 1 second(s)

2022-03-08 13:46:45 - [MESSAGE][PASSED] - Delayed 1 second(s)

2022-03-08 13:46:45 - [TEST_STEP][PASSED] - scroll.scroll.scrollScreenBottomToTop(): scroll.scroll.scrollScreenBottomToTop is PASSED

2022-03-08 13:46:45 - [MESSAGE][PASSED] - Current device physical height is 1423

2022-03-08 13:46:45 - [MESSAGE][PASSED] - Current device physical width is 720

2022-03-08 13:46:46 - [MESSAGE][PASSED] - Swiped from 360,1,138 to 360,284

2022-03-08 13:46:46 - [MESSAGE][PASSED] - scroll.scroll.scrollScreenBottomToTop is PASSED

2022-03-08 13:46:46 - [TEST_STEP][PASSED] - scroll.scroll.scrollScreenBottomToTop(): scroll.scroll.scrollScreenBottomToTop is PASSED

2022-03-08 13:46:46 - [MESSAGE][PASSED] - Current device physical height is 1423

2022-03-08 13:46:47 - [MESSAGE][PASSED] - Current device physical width is 720

2022-03-08 13:46:48 - [MESSAGE][PASSED] - Swiped from 360,1,138 to 360,284

2022-03-08 13:46:48 - [MESSAGE][PASSED] - scroll.scroll.scrollScreenBottomToTop is PASSED

2022-03-08 13:46:48 - [TEST_STEP][PASSED] - delay(3): Delayed 3 second(s)

2022-03-08 13:46:51 - [MESSAGE][PASSED] - Delayed 3 second(s)

2022-03-08 13:46:51 - [TEST_STEP][PASSED] - if (action2 == "idr"): null

2022-03-08 13:46:51 - [TEST_STEP][PASSED] - else if (action2 == "persen"): Delayed 3 second(s)

2022-03-08 13:46:51 - [TEST_STEP][PASSED] - tap(persen, 10): Tapped on element 'Object Repository/Mobile/Page/Portfolio/Button - Persen'

2022-03-08 13:46:51 - [MESSAGE][PASSED] - Tapped on element 'Object Repository/Mobile/Page/Portfolio/Button - Persen'

2022-03-08 13:46:51 - [TEST_STEP][PASSED] - delay(3): Delayed 3 second(s)

2022-03-08 13:46:54 - [MESSAGE][PASSED] - Delayed 3 second(s)

2022-03-08 13:46:54 - [MESSAGE][PASSED] - Call Test Case 'Test Cases/Mobile/Page/Portfolio/Portfolio' successfully

2022-03-08 13:46:54 - [TEST_STEP][PASSED] - callTestCase(findTestCase("Mobile/Page/Run App/Terminate App"), [:], STOP_ON_FAILURE): Call Test Case 'Test Cases/Mobile/Page/Run App/Terminate App' successfully

2022-03-08 13:46:54 - [TEST_CASE][PASSED] - Test Cases/Mobile/Page/Run App/Terminate App: Test Cases/Mobile/Page/Run App/Terminate App

2022-03-08 13:46:54 - [TEST_STEP][PASSED] - startApp.OpenApp.terminateApplication(): startApp.OpenApp.terminateApplication is PASSED

2022-03-08 13:46:57 - [MESSAGE][PASSED] - Delayed 3 second(s)

2022-03-08 13:46:58 - [MESSAGE][PASSED] - Current device physical width is 720

2022-03-08 13:46:58 - [MESSAGE][PASSED] - Current device physical height is 1423

2022-03-08 13:46:59 - [MESSAGE][PASSED] - Swiped from 360,853 to 360,142

2022-03-08 13:47:00 - [MESSAGE][PASSED] - Delayed 1 second(s)

2022-03-08 13:47:01 - [MESSAGE][PASSED] - Swiped from 360,853 to 360,142

2022-03-08 13:47:04 - [MESSAGE][PASSED] - Delayed 3 second(s)

2022-03-08 13:47:04 - [MESSAGE][PASSED] - startApp.OpenApp.terminateApplication is PASSED

2022-03-08 13:47:04 - [MESSAGE][PASSED] - Call Test Case 'Test Cases/Mobile/Page/Run App/Terminate App' successfully]]></system-out>
         <system-err><![CDATA[]]></system-err>
      </testcase>
      <testcase name="Test Cases/Mobile/Scenario/Portfolio/007 - Portfolio Performance Month to Date Persen" time="66.845" classname="Test Cases/Mobile/Scenario/Portfolio/007 - Portfolio Performance Month to Date Persen" status="PASSED">
         <system-out><![CDATA[2022-03-08 13:47:04 - [TEST_CASE][PASSED] - Test Cases/Mobile/Scenario/Portfolio/007 - Portfolio Performance Month to Date Persen: Test Cases/Mobile/Scenario/Portfolio/007 - Portfolio Performance Month to Date Persen

2022-03-08 13:47:05 - [TEST_STEP][PASSED] - callTestCase(findTestCase("Mobile/Page/Run App/Run App byID"), [:], STOP_ON_FAILURE): Call Test Case 'Test Cases/Mobile/Page/Run App/Run App byID' successfully

2022-03-08 13:47:05 - [TEST_CASE][PASSED] - Test Cases/Mobile/Page/Run App/Run App byID: Test Cases/Mobile/Page/Run App/Run App byID

2022-03-08 13:47:05 - [TEST_STEP][PASSED] - startApp.OpenApp.startApplication("id.co.miraeasset.sageclub"): startApp.OpenApp.startApplication is PASSED

2022-03-08 13:47:16 - [MESSAGE][PASSED] - Starting app with application ID: 'id.co.miraeasset.sageclub'

2022-03-08 13:47:16 - [MESSAGE][PASSED] - startApp.OpenApp.startApplication is PASSED

2022-03-08 13:47:16 - [MESSAGE][PASSED] - Call Test Case 'Test Cases/Mobile/Page/Run App/Run App byID' successfully

2022-03-08 13:47:16 - [TEST_STEP][PASSED] - callTestCase(findTestCase("Mobile/Page/Portfolio/Portfolio"), ["tab":"summary", "action":"perf_month", "action2":"persen"], CONTINUE_ON_FAILURE): Call Test Case 'Test Cases/Mobile/Page/Portfolio/Portfolio' successfully

2022-03-08 13:47:17 - [TEST_CASE][PASSED] - Test Cases/Mobile/Page/Portfolio/Portfolio: Test Cases/Mobile/Page/Portfolio/Portfolio

2022-03-08 13:47:17 - [TEST_STEP][PASSED] - callTestCase(findTestCase("Mobile/Page/CheckLogin"), [:], CONTINUE_ON_FAILURE): Call Test Case 'Test Cases/Mobile/Page/CheckLogin' successfully

2022-03-08 13:47:17 - [TEST_CASE][PASSED] - Test Cases/Mobile/Page/CheckLogin: Test Cases/Mobile/Page/CheckLogin

2022-03-08 13:47:17 - [TEST_STEP][PASSED] - loginCheck = verifyElementExist(LOGN_BtnLogin, 5, CONTINUE_ON_FAILURE): Element 'Object Repository/Mobile/Page/Login/Button - Login' is exist

2022-03-08 13:47:18 - [MESSAGE][PASSED] - Element 'Object Repository/Mobile/Page/Login/Button - Login' is exist

2022-03-08 13:47:18 - [TEST_STEP][PASSED] - if (loginCheck): Call Test Case 'Test Cases/Mobile/Page/Login/Login' successfully

2022-03-08 13:47:18 - [TEST_STEP][PASSED] - callTestCase(findTestCase("Mobile/Page/Login/Login"), ["action":"username"], CONTINUE_ON_FAILURE): Call Test Case 'Test Cases/Mobile/Page/Login/Login' successfully

2022-03-08 13:47:18 - [TEST_CASE][PASSED] - Test Cases/Mobile/Page/Login/Login: Test Cases/Mobile/Page/Login/Login

2022-03-08 13:47:18 - [TEST_STEP][PASSED] - delay(2): Delayed 2 second(s)

2022-03-08 13:47:20 - [MESSAGE][PASSED] - Delayed 2 second(s)

2022-03-08 13:47:20 - [TEST_STEP][PASSED] - for ([i = 0, i < 1, (i++)]): null

2022-03-08 13:47:20 - [TEST_STEP][PASSED] - if (action == "username"): null

2022-03-08 13:47:20 - [TEST_STEP][PASSED] - tap(LOGN_EdtUserID, 0): Tapped on element 'Object Repository/Mobile/Page/Login/Input - UserID'

2022-03-08 13:47:21 - [MESSAGE][WARNING] - Timeout '0' is invalid. Using default page load timeout: '60'

2022-03-08 13:47:21 - [MESSAGE][PASSED] - Tapped on element 'Object Repository/Mobile/Page/Login/Input - UserID'

2022-03-08 13:47:21 - [TEST_STEP][PASSED] - delay(1): Delayed 1 second(s)

2022-03-08 13:47:22 - [MESSAGE][PASSED] - Delayed 1 second(s)

2022-03-08 13:47:22 - [TEST_STEP][PASSED] - setText(LOGN_EdtRdyUserID, "anggaaditya", 0): Text 'anggaaditya' has been set to element 'Object Repository/Mobile/Page/Login/Input Rdy - UserID'

2022-03-08 13:47:22 - [MESSAGE][WARNING] - Timeout '0' is invalid. Using default page load timeout: '60'

2022-03-08 13:47:23 - [MESSAGE][PASSED] - Text 'anggaaditya' has been set to element 'Object Repository/Mobile/Page/Login/Input Rdy - UserID'

2022-03-08 13:47:23 - [TEST_STEP][PASSED] - delay(1): Delayed 1 second(s)

2022-03-08 13:47:24 - [MESSAGE][PASSED] - Delayed 1 second(s)

2022-03-08 13:47:24 - [TEST_STEP][PASSED] - hideKeyboard(): Keyboard is hidden

2022-03-08 13:47:27 - [MESSAGE][PASSED] - Keyboard is hidden

2022-03-08 13:47:27 - [TEST_STEP][PASSED] - tap(LOGN_EdtPassword, 0): Tapped on element 'Object Repository/Mobile/Page/Login/Input - Password'

2022-03-08 13:47:27 - [MESSAGE][WARNING] - Timeout '0' is invalid. Using default page load timeout: '60'

2022-03-08 13:47:28 - [MESSAGE][PASSED] - Tapped on element 'Object Repository/Mobile/Page/Login/Input - Password'

2022-03-08 13:47:28 - [TEST_STEP][PASSED] - delay(1): Delayed 1 second(s)

2022-03-08 13:47:29 - [MESSAGE][PASSED] - Delayed 1 second(s)

2022-03-08 13:47:29 - [TEST_STEP][PASSED] - setText(LOGN_EdtRdyPassword, "Shalawa18", 0): Text 'Shalawa18' has been set to element 'Object Repository/Mobile/Page/Login/Input Rdy - Password'

2022-03-08 13:47:29 - [MESSAGE][WARNING] - Timeout '0' is invalid. Using default page load timeout: '60'

2022-03-08 13:47:29 - [MESSAGE][PASSED] - Text 'Shalawa18' has been set to element 'Object Repository/Mobile/Page/Login/Input Rdy - Password'

2022-03-08 13:47:29 - [TEST_STEP][PASSED] - delay(1): Delayed 1 second(s)

2022-03-08 13:47:30 - [MESSAGE][PASSED] - Delayed 1 second(s)

2022-03-08 13:47:30 - [TEST_STEP][PASSED] - hideKeyboard(): Keyboard is hidden

2022-03-08 13:47:41 - [MESSAGE][PASSED] - Keyboard is hidden

2022-03-08 13:47:41 - [TEST_STEP][PASSED] - tap(LOGN_BtnLogin, 0): Tapped on element 'Object Repository/Mobile/Page/Login/Button - Login'

2022-03-08 13:47:41 - [MESSAGE][WARNING] - Timeout '0' is invalid. Using default page load timeout: '60'

2022-03-08 13:47:41 - [MESSAGE][PASSED] - Tapped on element 'Object Repository/Mobile/Page/Login/Button - Login'

2022-03-08 13:47:41 - [TEST_STEP][PASSED] - delay(2): Delayed 2 second(s)

2022-03-08 13:47:43 - [MESSAGE][PASSED] - Delayed 2 second(s)

2022-03-08 13:47:43 - [TEST_STEP][PASSED] - break: null

2022-03-08 13:47:43 - [MESSAGE][PASSED] - Call Test Case 'Test Cases/Mobile/Page/Login/Login' successfully

2022-03-08 13:47:43 - [MESSAGE][PASSED] - Call Test Case 'Test Cases/Mobile/Page/CheckLogin' successfully

2022-03-08 13:47:43 - [TEST_STEP][PASSED] - tap(HOME_MenubarPortfolio, 0): Tapped on element 'Object Repository/Mobile/Page/Home/Menubar - Portfolio'

2022-03-08 13:47:43 - [MESSAGE][WARNING] - Timeout '0' is invalid. Using default page load timeout: '60'

2022-03-08 13:47:46 - [MESSAGE][PASSED] - Tapped on element 'Object Repository/Mobile/Page/Home/Menubar - Portfolio'

2022-03-08 13:47:46 - [TEST_STEP][PASSED] - delay(1): Delayed 1 second(s)

2022-03-08 13:47:47 - [MESSAGE][PASSED] - Delayed 1 second(s)

2022-03-08 13:47:47 - [TEST_STEP][PASSED] - for ([i = 0, i < 1, (i++)]): Delayed 3 second(s)

2022-03-08 13:47:47 - [TEST_STEP][PASSED] - if (tab == "summary"): Delayed 3 second(s)

2022-03-08 13:47:47 - [TEST_STEP][PASSED] - idr = PORT_BtnIDR: null

2022-03-08 13:47:47 - [TEST_STEP][PASSED] - persen = PORT_BtnPersen: null

2022-03-08 13:47:47 - [TEST_STEP][PASSED] - if (action == "summary"): null

2022-03-08 13:47:47 - [TEST_STEP][PASSED] - else if (action == "perf_daily"): null

2022-03-08 13:47:47 - [TEST_STEP][PASSED] - else if (action == "perf_month"): Tapped on element 'Object Repository/Mobile/Page/Portfolio/Tab - Summary Month to Date'

2022-03-08 13:47:47 - [TEST_STEP][PASSED] - scroll.scroll.scrollScreenBottomToTop(): scroll.scroll.scrollScreenBottomToTop is PASSED

2022-03-08 13:47:47 - [MESSAGE][PASSED] - Current device physical height is 1423

2022-03-08 13:47:47 - [MESSAGE][PASSED] - Current device physical width is 720

2022-03-08 13:47:48 - [MESSAGE][PASSED] - Swiped from 360,1,138 to 360,284

2022-03-08 13:47:48 - [MESSAGE][PASSED] - scroll.scroll.scrollScreenBottomToTop is PASSED

2022-03-08 13:47:48 - [TEST_STEP][PASSED] - delay(1): Delayed 1 second(s)

2022-03-08 13:47:49 - [MESSAGE][PASSED] - Delayed 1 second(s)

2022-03-08 13:47:49 - [TEST_STEP][PASSED] - tap(PORT_TabSummaryMonth, 0): Tapped on element 'Object Repository/Mobile/Page/Portfolio/Tab - Summary Month to Date'

2022-03-08 13:47:49 - [MESSAGE][WARNING] - Timeout '0' is invalid. Using default page load timeout: '60'

2022-03-08 13:47:50 - [MESSAGE][PASSED] - Tapped on element 'Object Repository/Mobile/Page/Portfolio/Tab - Summary Month to Date'

2022-03-08 13:47:50 - [TEST_STEP][PASSED] - if (action != "summary"): Delayed 3 second(s)

2022-03-08 13:47:50 - [TEST_STEP][PASSED] - delay(1): Delayed 1 second(s)

2022-03-08 13:47:51 - [MESSAGE][PASSED] - Delayed 1 second(s)

2022-03-08 13:47:51 - [TEST_STEP][PASSED] - scroll.scroll.scrollScreenBottomToTop(): scroll.scroll.scrollScreenBottomToTop is PASSED

2022-03-08 13:47:51 - [MESSAGE][PASSED] - Current device physical height is 1423

2022-03-08 13:47:51 - [MESSAGE][PASSED] - Current device physical width is 720

2022-03-08 13:47:53 - [MESSAGE][PASSED] - Swiped from 360,1,138 to 360,284

2022-03-08 13:47:53 - [MESSAGE][PASSED] - scroll.scroll.scrollScreenBottomToTop is PASSED

2022-03-08 13:47:53 - [TEST_STEP][PASSED] - scroll.scroll.scrollScreenBottomToTop(): scroll.scroll.scrollScreenBottomToTop is PASSED

2022-03-08 13:47:53 - [MESSAGE][PASSED] - Current device physical height is 1423

2022-03-08 13:47:53 - [MESSAGE][PASSED] - Current device physical width is 720

2022-03-08 13:47:54 - [MESSAGE][PASSED] - Swiped from 360,1,138 to 360,284

2022-03-08 13:47:54 - [MESSAGE][PASSED] - scroll.scroll.scrollScreenBottomToTop is PASSED

2022-03-08 13:47:54 - [TEST_STEP][PASSED] - delay(3): Delayed 3 second(s)

2022-03-08 13:47:57 - [MESSAGE][PASSED] - Delayed 3 second(s)

2022-03-08 13:47:57 - [TEST_STEP][PASSED] - if (action2 == "idr"): null

2022-03-08 13:47:57 - [TEST_STEP][PASSED] - else if (action2 == "persen"): Delayed 3 second(s)

2022-03-08 13:47:57 - [TEST_STEP][PASSED] - tap(persen, 10): Tapped on element 'Object Repository/Mobile/Page/Portfolio/Button - Persen'

2022-03-08 13:47:58 - [MESSAGE][PASSED] - Tapped on element 'Object Repository/Mobile/Page/Portfolio/Button - Persen'

2022-03-08 13:47:58 - [TEST_STEP][PASSED] - delay(3): Delayed 3 second(s)

2022-03-08 13:48:01 - [MESSAGE][PASSED] - Delayed 3 second(s)

2022-03-08 13:48:01 - [MESSAGE][PASSED] - Call Test Case 'Test Cases/Mobile/Page/Portfolio/Portfolio' successfully

2022-03-08 13:48:01 - [TEST_STEP][PASSED] - callTestCase(findTestCase("Mobile/Page/Run App/Terminate App"), [:], STOP_ON_FAILURE): Call Test Case 'Test Cases/Mobile/Page/Run App/Terminate App' successfully

2022-03-08 13:48:01 - [TEST_CASE][PASSED] - Test Cases/Mobile/Page/Run App/Terminate App: Test Cases/Mobile/Page/Run App/Terminate App

2022-03-08 13:48:01 - [TEST_STEP][PASSED] - startApp.OpenApp.terminateApplication(): startApp.OpenApp.terminateApplication is PASSED

2022-03-08 13:48:04 - [MESSAGE][PASSED] - Delayed 3 second(s)

2022-03-08 13:48:04 - [MESSAGE][PASSED] - Current device physical width is 720

2022-03-08 13:48:05 - [MESSAGE][PASSED] - Current device physical height is 1423

2022-03-08 13:48:06 - [MESSAGE][PASSED] - Swiped from 360,853 to 360,142

2022-03-08 13:48:07 - [MESSAGE][PASSED] - Delayed 1 second(s)

2022-03-08 13:48:08 - [MESSAGE][PASSED] - Swiped from 360,853 to 360,142

2022-03-08 13:48:11 - [MESSAGE][PASSED] - Delayed 3 second(s)

2022-03-08 13:48:11 - [MESSAGE][PASSED] - startApp.OpenApp.terminateApplication is PASSED

2022-03-08 13:48:11 - [MESSAGE][PASSED] - Call Test Case 'Test Cases/Mobile/Page/Run App/Terminate App' successfully]]></system-out>
         <system-err><![CDATA[]]></system-err>
      </testcase>
      <testcase name="Test Cases/Mobile/Scenario/Portfolio/008 - Portfolio Performance Quarter to Date Persen" time="65.958" classname="Test Cases/Mobile/Scenario/Portfolio/008 - Portfolio Performance Quarter to Date Persen" status="PASSED">
         <system-out><![CDATA[2022-03-08 13:48:11 - [TEST_CASE][PASSED] - Test Cases/Mobile/Scenario/Portfolio/008 - Portfolio Performance Quarter to Date Persen: Test Cases/Mobile/Scenario/Portfolio/008 - Portfolio Performance Quarter to Date Persen

2022-03-08 13:48:11 - [TEST_STEP][PASSED] - callTestCase(findTestCase("Mobile/Page/Run App/Run App byID"), [:], STOP_ON_FAILURE): Call Test Case 'Test Cases/Mobile/Page/Run App/Run App byID' successfully

2022-03-08 13:48:11 - [TEST_CASE][PASSED] - Test Cases/Mobile/Page/Run App/Run App byID: Test Cases/Mobile/Page/Run App/Run App byID

2022-03-08 13:48:11 - [TEST_STEP][PASSED] - startApp.OpenApp.startApplication("id.co.miraeasset.sageclub"): startApp.OpenApp.startApplication is PASSED

2022-03-08 13:48:26 - [MESSAGE][PASSED] - Starting app with application ID: 'id.co.miraeasset.sageclub'

2022-03-08 13:48:26 - [MESSAGE][PASSED] - startApp.OpenApp.startApplication is PASSED

2022-03-08 13:48:26 - [MESSAGE][PASSED] - Call Test Case 'Test Cases/Mobile/Page/Run App/Run App byID' successfully

2022-03-08 13:48:26 - [TEST_STEP][PASSED] - callTestCase(findTestCase("Mobile/Page/Portfolio/Portfolio"), ["tab":"summary", "action":"perf_quarter", "action2":"persen"], CONTINUE_ON_FAILURE): Call Test Case 'Test Cases/Mobile/Page/Portfolio/Portfolio' successfully

2022-03-08 13:48:26 - [TEST_CASE][PASSED] - Test Cases/Mobile/Page/Portfolio/Portfolio: Test Cases/Mobile/Page/Portfolio/Portfolio

2022-03-08 13:48:26 - [TEST_STEP][PASSED] - callTestCase(findTestCase("Mobile/Page/CheckLogin"), [:], CONTINUE_ON_FAILURE): Call Test Case 'Test Cases/Mobile/Page/CheckLogin' successfully

2022-03-08 13:48:26 - [TEST_CASE][PASSED] - Test Cases/Mobile/Page/CheckLogin: Test Cases/Mobile/Page/CheckLogin

2022-03-08 13:48:26 - [TEST_STEP][PASSED] - loginCheck = verifyElementExist(LOGN_BtnLogin, 5, CONTINUE_ON_FAILURE): Element 'Object Repository/Mobile/Page/Login/Button - Login' is exist

2022-03-08 13:48:28 - [MESSAGE][PASSED] - Element 'Object Repository/Mobile/Page/Login/Button - Login' is exist

2022-03-08 13:48:28 - [TEST_STEP][PASSED] - if (loginCheck): Call Test Case 'Test Cases/Mobile/Page/Login/Login' successfully

2022-03-08 13:48:28 - [TEST_STEP][PASSED] - callTestCase(findTestCase("Mobile/Page/Login/Login"), ["action":"username"], CONTINUE_ON_FAILURE): Call Test Case 'Test Cases/Mobile/Page/Login/Login' successfully

2022-03-08 13:48:28 - [TEST_CASE][PASSED] - Test Cases/Mobile/Page/Login/Login: Test Cases/Mobile/Page/Login/Login

2022-03-08 13:48:28 - [TEST_STEP][PASSED] - delay(2): Delayed 2 second(s)

2022-03-08 13:48:30 - [MESSAGE][PASSED] - Delayed 2 second(s)

2022-03-08 13:48:30 - [TEST_STEP][PASSED] - for ([i = 0, i < 1, (i++)]): null

2022-03-08 13:48:30 - [TEST_STEP][PASSED] - if (action == "username"): null

2022-03-08 13:48:30 - [TEST_STEP][PASSED] - tap(LOGN_EdtUserID, 0): Tapped on element 'Object Repository/Mobile/Page/Login/Input - UserID'

2022-03-08 13:48:30 - [MESSAGE][WARNING] - Timeout '0' is invalid. Using default page load timeout: '60'

2022-03-08 13:48:31 - [MESSAGE][PASSED] - Tapped on element 'Object Repository/Mobile/Page/Login/Input - UserID'

2022-03-08 13:48:31 - [TEST_STEP][PASSED] - delay(1): Delayed 1 second(s)

2022-03-08 13:48:32 - [MESSAGE][PASSED] - Delayed 1 second(s)

2022-03-08 13:48:32 - [TEST_STEP][PASSED] - setText(LOGN_EdtRdyUserID, "anggaaditya", 0): Text 'anggaaditya' has been set to element 'Object Repository/Mobile/Page/Login/Input Rdy - UserID'

2022-03-08 13:48:32 - [MESSAGE][WARNING] - Timeout '0' is invalid. Using default page load timeout: '60'

2022-03-08 13:48:33 - [MESSAGE][PASSED] - Text 'anggaaditya' has been set to element 'Object Repository/Mobile/Page/Login/Input Rdy - UserID'

2022-03-08 13:48:33 - [TEST_STEP][PASSED] - delay(1): Delayed 1 second(s)

2022-03-08 13:48:34 - [MESSAGE][PASSED] - Delayed 1 second(s)

2022-03-08 13:48:34 - [TEST_STEP][PASSED] - hideKeyboard(): Keyboard is hidden

2022-03-08 13:48:38 - [MESSAGE][PASSED] - Keyboard is hidden

2022-03-08 13:48:38 - [TEST_STEP][PASSED] - tap(LOGN_EdtPassword, 0): Tapped on element 'Object Repository/Mobile/Page/Login/Input - Password'

2022-03-08 13:48:38 - [MESSAGE][WARNING] - Timeout '0' is invalid. Using default page load timeout: '60'

2022-03-08 13:48:38 - [MESSAGE][PASSED] - Tapped on element 'Object Repository/Mobile/Page/Login/Input - Password'

2022-03-08 13:48:38 - [TEST_STEP][PASSED] - delay(1): Delayed 1 second(s)

2022-03-08 13:48:39 - [MESSAGE][PASSED] - Delayed 1 second(s)

2022-03-08 13:48:39 - [TEST_STEP][PASSED] - setText(LOGN_EdtRdyPassword, "Shalawa18", 0): Text 'Shalawa18' has been set to element 'Object Repository/Mobile/Page/Login/Input Rdy - Password'

2022-03-08 13:48:39 - [MESSAGE][WARNING] - Timeout '0' is invalid. Using default page load timeout: '60'

2022-03-08 13:48:40 - [MESSAGE][PASSED] - Text 'Shalawa18' has been set to element 'Object Repository/Mobile/Page/Login/Input Rdy - Password'

2022-03-08 13:48:40 - [TEST_STEP][PASSED] - delay(1): Delayed 1 second(s)

2022-03-08 13:48:41 - [MESSAGE][PASSED] - Delayed 1 second(s)

2022-03-08 13:48:41 - [TEST_STEP][PASSED] - hideKeyboard(): Keyboard is hidden

2022-03-08 13:48:47 - [MESSAGE][PASSED] - Keyboard is hidden

2022-03-08 13:48:47 - [TEST_STEP][PASSED] - tap(LOGN_BtnLogin, 0): Tapped on element 'Object Repository/Mobile/Page/Login/Button - Login'

2022-03-08 13:48:47 - [MESSAGE][WARNING] - Timeout '0' is invalid. Using default page load timeout: '60'

2022-03-08 13:48:48 - [MESSAGE][PASSED] - Tapped on element 'Object Repository/Mobile/Page/Login/Button - Login'

2022-03-08 13:48:48 - [TEST_STEP][PASSED] - delay(2): Delayed 2 second(s)

2022-03-08 13:48:50 - [MESSAGE][PASSED] - Delayed 2 second(s)

2022-03-08 13:48:50 - [TEST_STEP][PASSED] - break: null

2022-03-08 13:48:50 - [MESSAGE][PASSED] - Call Test Case 'Test Cases/Mobile/Page/Login/Login' successfully

2022-03-08 13:48:50 - [MESSAGE][PASSED] - Call Test Case 'Test Cases/Mobile/Page/CheckLogin' successfully

2022-03-08 13:48:50 - [TEST_STEP][PASSED] - tap(HOME_MenubarPortfolio, 0): Tapped on element 'Object Repository/Mobile/Page/Home/Menubar - Portfolio'

2022-03-08 13:48:50 - [MESSAGE][WARNING] - Timeout '0' is invalid. Using default page load timeout: '60'

2022-03-08 13:48:52 - [MESSAGE][PASSED] - Tapped on element 'Object Repository/Mobile/Page/Home/Menubar - Portfolio'

2022-03-08 13:48:52 - [TEST_STEP][PASSED] - delay(1): Delayed 1 second(s)

2022-03-08 13:48:53 - [MESSAGE][PASSED] - Delayed 1 second(s)

2022-03-08 13:48:53 - [TEST_STEP][PASSED] - for ([i = 0, i < 1, (i++)]): Delayed 3 second(s)

2022-03-08 13:48:53 - [TEST_STEP][PASSED] - if (tab == "summary"): Delayed 3 second(s)

2022-03-08 13:48:53 - [TEST_STEP][PASSED] - idr = PORT_BtnIDR: null

2022-03-08 13:48:53 - [TEST_STEP][PASSED] - persen = PORT_BtnPersen: null

2022-03-08 13:48:53 - [TEST_STEP][PASSED] - if (action == "summary"): null

2022-03-08 13:48:53 - [TEST_STEP][PASSED] - else if (action == "perf_daily"): null

2022-03-08 13:48:53 - [TEST_STEP][PASSED] - else if (action == "perf_month"): null

2022-03-08 13:48:53 - [TEST_STEP][PASSED] - else if (action == "perf_quarter"): Tapped on element 'Object Repository/Mobile/Page/Portfolio/Tab - Summary Quarter to Date'

2022-03-08 13:48:53 - [TEST_STEP][PASSED] - scroll.scroll.scrollScreenBottomToTop(): scroll.scroll.scrollScreenBottomToTop is PASSED

2022-03-08 13:48:53 - [MESSAGE][PASSED] - Current device physical height is 1423

2022-03-08 13:48:54 - [MESSAGE][PASSED] - Current device physical width is 720

2022-03-08 13:48:55 - [MESSAGE][PASSED] - Swiped from 360,1,138 to 360,284

2022-03-08 13:48:55 - [MESSAGE][PASSED] - scroll.scroll.scrollScreenBottomToTop is PASSED

2022-03-08 13:48:55 - [TEST_STEP][PASSED] - delay(1): Delayed 1 second(s)

2022-03-08 13:48:56 - [MESSAGE][PASSED] - Delayed 1 second(s)

2022-03-08 13:48:56 - [TEST_STEP][PASSED] - tap(PORT_TabSummaryQuarter, 0): Tapped on element 'Object Repository/Mobile/Page/Portfolio/Tab - Summary Quarter to Date'

2022-03-08 13:48:56 - [MESSAGE][WARNING] - Timeout '0' is invalid. Using default page load timeout: '60'

2022-03-08 13:48:56 - [MESSAGE][PASSED] - Tapped on element 'Object Repository/Mobile/Page/Portfolio/Tab - Summary Quarter to Date'

2022-03-08 13:48:56 - [TEST_STEP][PASSED] - if (action != "summary"): Delayed 3 second(s)

2022-03-08 13:48:56 - [TEST_STEP][PASSED] - delay(1): Delayed 1 second(s)

2022-03-08 13:48:57 - [MESSAGE][PASSED] - Delayed 1 second(s)

2022-03-08 13:48:57 - [TEST_STEP][PASSED] - scroll.scroll.scrollScreenBottomToTop(): scroll.scroll.scrollScreenBottomToTop is PASSED

2022-03-08 13:48:57 - [MESSAGE][PASSED] - Current device physical height is 1423

2022-03-08 13:48:58 - [MESSAGE][PASSED] - Current device physical width is 720

2022-03-08 13:48:59 - [MESSAGE][PASSED] - Swiped from 360,1,138 to 360,284

2022-03-08 13:48:59 - [MESSAGE][PASSED] - scroll.scroll.scrollScreenBottomToTop is PASSED

2022-03-08 13:48:59 - [TEST_STEP][PASSED] - scroll.scroll.scrollScreenBottomToTop(): scroll.scroll.scrollScreenBottomToTop is PASSED

2022-03-08 13:48:59 - [MESSAGE][PASSED] - Current device physical height is 1423

2022-03-08 13:48:59 - [MESSAGE][PASSED] - Current device physical width is 720

2022-03-08 13:49:00 - [MESSAGE][PASSED] - Swiped from 360,1,138 to 360,284

2022-03-08 13:49:00 - [MESSAGE][PASSED] - scroll.scroll.scrollScreenBottomToTop is PASSED

2022-03-08 13:49:00 - [TEST_STEP][PASSED] - delay(3): Delayed 3 second(s)

2022-03-08 13:49:03 - [MESSAGE][PASSED] - Delayed 3 second(s)

2022-03-08 13:49:03 - [TEST_STEP][PASSED] - if (action2 == "idr"): null

2022-03-08 13:49:03 - [TEST_STEP][PASSED] - else if (action2 == "persen"): Delayed 3 second(s)

2022-03-08 13:49:03 - [TEST_STEP][PASSED] - tap(persen, 10): Tapped on element 'Object Repository/Mobile/Page/Portfolio/Button - Persen'

2022-03-08 13:49:04 - [MESSAGE][PASSED] - Tapped on element 'Object Repository/Mobile/Page/Portfolio/Button - Persen'

2022-03-08 13:49:04 - [TEST_STEP][PASSED] - delay(3): Delayed 3 second(s)

2022-03-08 13:49:07 - [MESSAGE][PASSED] - Delayed 3 second(s)

2022-03-08 13:49:07 - [MESSAGE][PASSED] - Call Test Case 'Test Cases/Mobile/Page/Portfolio/Portfolio' successfully

2022-03-08 13:49:07 - [TEST_STEP][PASSED] - callTestCase(findTestCase("Mobile/Page/Run App/Terminate App"), [:], STOP_ON_FAILURE): Call Test Case 'Test Cases/Mobile/Page/Run App/Terminate App' successfully

2022-03-08 13:49:07 - [TEST_CASE][PASSED] - Test Cases/Mobile/Page/Run App/Terminate App: Test Cases/Mobile/Page/Run App/Terminate App

2022-03-08 13:49:07 - [TEST_STEP][PASSED] - startApp.OpenApp.terminateApplication(): startApp.OpenApp.terminateApplication is PASSED

2022-03-08 13:49:10 - [MESSAGE][PASSED] - Delayed 3 second(s)

2022-03-08 13:49:10 - [MESSAGE][PASSED] - Current device physical width is 720

2022-03-08 13:49:11 - [MESSAGE][PASSED] - Current device physical height is 1423

2022-03-08 13:49:12 - [MESSAGE][PASSED] - Swiped from 360,853 to 360,142

2022-03-08 13:49:13 - [MESSAGE][PASSED] - Delayed 1 second(s)

2022-03-08 13:49:14 - [MESSAGE][PASSED] - Swiped from 360,853 to 360,142

2022-03-08 13:49:17 - [MESSAGE][PASSED] - Delayed 3 second(s)

2022-03-08 13:49:17 - [MESSAGE][PASSED] - startApp.OpenApp.terminateApplication is PASSED

2022-03-08 13:49:17 - [MESSAGE][PASSED] - Call Test Case 'Test Cases/Mobile/Page/Run App/Terminate App' successfully]]></system-out>
         <system-err><![CDATA[]]></system-err>
      </testcase>
      <testcase name="Test Cases/Mobile/Scenario/Portfolio/009 - Portfolio Performance Year to Date Persen" time="63.661" classname="Test Cases/Mobile/Scenario/Portfolio/009 - Portfolio Performance Year to Date Persen" status="PASSED">
         <system-out><![CDATA[2022-03-08 13:49:17 - [TEST_CASE][PASSED] - Test Cases/Mobile/Scenario/Portfolio/009 - Portfolio Performance Year to Date Persen: Test Cases/Mobile/Scenario/Portfolio/009 - Portfolio Performance Year to Date Persen

2022-03-08 13:49:17 - [TEST_STEP][PASSED] - callTestCase(findTestCase("Mobile/Page/Run App/Run App byID"), [:], STOP_ON_FAILURE): Call Test Case 'Test Cases/Mobile/Page/Run App/Run App byID' successfully

2022-03-08 13:49:17 - [TEST_CASE][PASSED] - Test Cases/Mobile/Page/Run App/Run App byID: Test Cases/Mobile/Page/Run App/Run App byID

2022-03-08 13:49:17 - [TEST_STEP][PASSED] - startApp.OpenApp.startApplication("id.co.miraeasset.sageclub"): startApp.OpenApp.startApplication is PASSED

2022-03-08 13:49:30 - [MESSAGE][PASSED] - Starting app with application ID: 'id.co.miraeasset.sageclub'

2022-03-08 13:49:30 - [MESSAGE][PASSED] - startApp.OpenApp.startApplication is PASSED

2022-03-08 13:49:30 - [MESSAGE][PASSED] - Call Test Case 'Test Cases/Mobile/Page/Run App/Run App byID' successfully

2022-03-08 13:49:30 - [TEST_STEP][PASSED] - callTestCase(findTestCase("Mobile/Page/Portfolio/Portfolio"), ["tab":"summary", "action":"perf_year", "action2":"persen"], CONTINUE_ON_FAILURE): Call Test Case 'Test Cases/Mobile/Page/Portfolio/Portfolio' successfully

2022-03-08 13:49:30 - [TEST_CASE][PASSED] - Test Cases/Mobile/Page/Portfolio/Portfolio: Test Cases/Mobile/Page/Portfolio/Portfolio

2022-03-08 13:49:30 - [TEST_STEP][PASSED] - callTestCase(findTestCase("Mobile/Page/CheckLogin"), [:], CONTINUE_ON_FAILURE): Call Test Case 'Test Cases/Mobile/Page/CheckLogin' successfully

2022-03-08 13:49:30 - [TEST_CASE][PASSED] - Test Cases/Mobile/Page/CheckLogin: Test Cases/Mobile/Page/CheckLogin

2022-03-08 13:49:30 - [TEST_STEP][PASSED] - loginCheck = verifyElementExist(LOGN_BtnLogin, 5, CONTINUE_ON_FAILURE): Element 'Object Repository/Mobile/Page/Login/Button - Login' is exist

2022-03-08 13:49:32 - [MESSAGE][PASSED] - Element 'Object Repository/Mobile/Page/Login/Button - Login' is exist

2022-03-08 13:49:32 - [TEST_STEP][PASSED] - if (loginCheck): Call Test Case 'Test Cases/Mobile/Page/Login/Login' successfully

2022-03-08 13:49:32 - [TEST_STEP][PASSED] - callTestCase(findTestCase("Mobile/Page/Login/Login"), ["action":"username"], CONTINUE_ON_FAILURE): Call Test Case 'Test Cases/Mobile/Page/Login/Login' successfully

2022-03-08 13:49:32 - [TEST_CASE][PASSED] - Test Cases/Mobile/Page/Login/Login: Test Cases/Mobile/Page/Login/Login

2022-03-08 13:49:32 - [TEST_STEP][PASSED] - delay(2): Delayed 2 second(s)

2022-03-08 13:49:34 - [MESSAGE][PASSED] - Delayed 2 second(s)

2022-03-08 13:49:34 - [TEST_STEP][PASSED] - for ([i = 0, i < 1, (i++)]): null

2022-03-08 13:49:34 - [TEST_STEP][PASSED] - if (action == "username"): null

2022-03-08 13:49:34 - [TEST_STEP][PASSED] - tap(LOGN_EdtUserID, 0): Tapped on element 'Object Repository/Mobile/Page/Login/Input - UserID'

2022-03-08 13:49:34 - [MESSAGE][WARNING] - Timeout '0' is invalid. Using default page load timeout: '60'

2022-03-08 13:49:34 - [MESSAGE][PASSED] - Tapped on element 'Object Repository/Mobile/Page/Login/Input - UserID'

2022-03-08 13:49:34 - [TEST_STEP][PASSED] - delay(1): Delayed 1 second(s)

2022-03-08 13:49:35 - [MESSAGE][PASSED] - Delayed 1 second(s)

2022-03-08 13:49:35 - [TEST_STEP][PASSED] - setText(LOGN_EdtRdyUserID, "anggaaditya", 0): Text 'anggaaditya' has been set to element 'Object Repository/Mobile/Page/Login/Input Rdy - UserID'

2022-03-08 13:49:35 - [MESSAGE][WARNING] - Timeout '0' is invalid. Using default page load timeout: '60'

2022-03-08 13:49:36 - [MESSAGE][PASSED] - Text 'anggaaditya' has been set to element 'Object Repository/Mobile/Page/Login/Input Rdy - UserID'

2022-03-08 13:49:36 - [TEST_STEP][PASSED] - delay(1): Delayed 1 second(s)

2022-03-08 13:49:37 - [MESSAGE][PASSED] - Delayed 1 second(s)

2022-03-08 13:49:37 - [TEST_STEP][PASSED] - hideKeyboard(): Keyboard is hidden

2022-03-08 13:49:40 - [MESSAGE][PASSED] - Keyboard is hidden

2022-03-08 13:49:40 - [TEST_STEP][PASSED] - tap(LOGN_EdtPassword, 0): Tapped on element 'Object Repository/Mobile/Page/Login/Input - Password'

2022-03-08 13:49:40 - [MESSAGE][WARNING] - Timeout '0' is invalid. Using default page load timeout: '60'

2022-03-08 13:49:41 - [MESSAGE][PASSED] - Tapped on element 'Object Repository/Mobile/Page/Login/Input - Password'

2022-03-08 13:49:41 - [TEST_STEP][PASSED] - delay(1): Delayed 1 second(s)

2022-03-08 13:49:42 - [MESSAGE][PASSED] - Delayed 1 second(s)

2022-03-08 13:49:42 - [TEST_STEP][PASSED] - setText(LOGN_EdtRdyPassword, "Shalawa18", 0): Text 'Shalawa18' has been set to element 'Object Repository/Mobile/Page/Login/Input Rdy - Password'

2022-03-08 13:49:42 - [MESSAGE][WARNING] - Timeout '0' is invalid. Using default page load timeout: '60'

2022-03-08 13:49:42 - [MESSAGE][PASSED] - Text 'Shalawa18' has been set to element 'Object Repository/Mobile/Page/Login/Input Rdy - Password'

2022-03-08 13:49:42 - [TEST_STEP][PASSED] - delay(1): Delayed 1 second(s)

2022-03-08 13:49:43 - [MESSAGE][PASSED] - Delayed 1 second(s)

2022-03-08 13:49:43 - [TEST_STEP][PASSED] - hideKeyboard(): Keyboard is hidden

2022-03-08 13:49:50 - [MESSAGE][PASSED] - Keyboard is hidden

2022-03-08 13:49:50 - [TEST_STEP][PASSED] - tap(LOGN_BtnLogin, 0): Tapped on element 'Object Repository/Mobile/Page/Login/Button - Login'

2022-03-08 13:49:50 - [MESSAGE][WARNING] - Timeout '0' is invalid. Using default page load timeout: '60'

2022-03-08 13:49:51 - [MESSAGE][PASSED] - Tapped on element 'Object Repository/Mobile/Page/Login/Button - Login'

2022-03-08 13:49:51 - [TEST_STEP][PASSED] - delay(2): Delayed 2 second(s)

2022-03-08 13:49:53 - [MESSAGE][PASSED] - Delayed 2 second(s)

2022-03-08 13:49:53 - [TEST_STEP][PASSED] - break: null

2022-03-08 13:49:53 - [MESSAGE][PASSED] - Call Test Case 'Test Cases/Mobile/Page/Login/Login' successfully

2022-03-08 13:49:53 - [MESSAGE][PASSED] - Call Test Case 'Test Cases/Mobile/Page/CheckLogin' successfully

2022-03-08 13:49:53 - [TEST_STEP][PASSED] - tap(HOME_MenubarPortfolio, 0): Tapped on element 'Object Repository/Mobile/Page/Home/Menubar - Portfolio'

2022-03-08 13:49:53 - [MESSAGE][WARNING] - Timeout '0' is invalid. Using default page load timeout: '60'

2022-03-08 13:49:56 - [MESSAGE][PASSED] - Tapped on element 'Object Repository/Mobile/Page/Home/Menubar - Portfolio'

2022-03-08 13:49:56 - [TEST_STEP][PASSED] - delay(1): Delayed 1 second(s)

2022-03-08 13:49:57 - [MESSAGE][PASSED] - Delayed 1 second(s)

2022-03-08 13:49:57 - [TEST_STEP][PASSED] - for ([i = 0, i < 1, (i++)]): Delayed 3 second(s)

2022-03-08 13:49:57 - [TEST_STEP][PASSED] - if (tab == "summary"): Delayed 3 second(s)

2022-03-08 13:49:57 - [TEST_STEP][PASSED] - idr = PORT_BtnIDR: null

2022-03-08 13:49:57 - [TEST_STEP][PASSED] - persen = PORT_BtnPersen: null

2022-03-08 13:49:57 - [TEST_STEP][PASSED] - if (action == "summary"): null

2022-03-08 13:49:57 - [TEST_STEP][PASSED] - else if (action == "perf_daily"): null

2022-03-08 13:49:57 - [TEST_STEP][PASSED] - else if (action == "perf_month"): null

2022-03-08 13:49:57 - [TEST_STEP][PASSED] - else if (action == "perf_quarter"): null

2022-03-08 13:49:57 - [TEST_STEP][PASSED] - else if (action == "perf_year"): Tapped on element 'Object Repository/Mobile/Page/Portfolio/Tab - Summary Year to Date'

2022-03-08 13:49:57 - [TEST_STEP][PASSED] - scroll.scroll.scrollScreenBottomToTop(): scroll.scroll.scrollScreenBottomToTop is PASSED

2022-03-08 13:49:57 - [MESSAGE][PASSED] - Current device physical height is 1423

2022-03-08 13:49:57 - [MESSAGE][PASSED] - Current device physical width is 720

2022-03-08 13:49:58 - [MESSAGE][PASSED] - Swiped from 360,1,138 to 360,284

2022-03-08 13:49:59 - [MESSAGE][PASSED] - scroll.scroll.scrollScreenBottomToTop is PASSED

2022-03-08 13:49:59 - [TEST_STEP][PASSED] - delay(1): Delayed 1 second(s)

2022-03-08 13:50:00 - [MESSAGE][PASSED] - Delayed 1 second(s)

2022-03-08 13:50:00 - [TEST_STEP][PASSED] - tap(PORT_TabSummaryYear, 0): Tapped on element 'Object Repository/Mobile/Page/Portfolio/Tab - Summary Year to Date'

2022-03-08 13:50:00 - [MESSAGE][WARNING] - Timeout '0' is invalid. Using default page load timeout: '60'

2022-03-08 13:50:00 - [MESSAGE][PASSED] - Tapped on element 'Object Repository/Mobile/Page/Portfolio/Tab - Summary Year to Date'

2022-03-08 13:50:00 - [TEST_STEP][PASSED] - if (action != "summary"): Delayed 3 second(s)

2022-03-08 13:50:00 - [TEST_STEP][PASSED] - delay(1): Delayed 1 second(s)

2022-03-08 13:50:01 - [MESSAGE][PASSED] - Delayed 1 second(s)

2022-03-08 13:50:01 - [TEST_STEP][PASSED] - scroll.scroll.scrollScreenBottomToTop(): scroll.scroll.scrollScreenBottomToTop is PASSED

2022-03-08 13:50:01 - [MESSAGE][PASSED] - Current device physical height is 1423

2022-03-08 13:50:01 - [MESSAGE][PASSED] - Current device physical width is 720

2022-03-08 13:50:03 - [MESSAGE][PASSED] - Swiped from 360,1,138 to 360,284

2022-03-08 13:50:03 - [MESSAGE][PASSED] - scroll.scroll.scrollScreenBottomToTop is PASSED

2022-03-08 13:50:03 - [TEST_STEP][PASSED] - scroll.scroll.scrollScreenBottomToTop(): scroll.scroll.scrollScreenBottomToTop is PASSED

2022-03-08 13:50:03 - [MESSAGE][PASSED] - Current device physical height is 1423

2022-03-08 13:50:03 - [MESSAGE][PASSED] - Current device physical width is 720

2022-03-08 13:50:04 - [MESSAGE][PASSED] - Swiped from 360,1,138 to 360,284

2022-03-08 13:50:04 - [MESSAGE][PASSED] - scroll.scroll.scrollScreenBottomToTop is PASSED

2022-03-08 13:50:04 - [TEST_STEP][PASSED] - delay(3): Delayed 3 second(s)

2022-03-08 13:50:07 - [MESSAGE][PASSED] - Delayed 3 second(s)

2022-03-08 13:50:07 - [TEST_STEP][PASSED] - if (action2 == "idr"): null

2022-03-08 13:50:07 - [TEST_STEP][PASSED] - else if (action2 == "persen"): Delayed 3 second(s)

2022-03-08 13:50:07 - [TEST_STEP][PASSED] - tap(persen, 10): Tapped on element 'Object Repository/Mobile/Page/Portfolio/Button - Persen'

2022-03-08 13:50:08 - [MESSAGE][PASSED] - Tapped on element 'Object Repository/Mobile/Page/Portfolio/Button - Persen'

2022-03-08 13:50:08 - [TEST_STEP][PASSED] - delay(3): Delayed 3 second(s)

2022-03-08 13:50:11 - [MESSAGE][PASSED] - Delayed 3 second(s)

2022-03-08 13:50:11 - [MESSAGE][PASSED] - Call Test Case 'Test Cases/Mobile/Page/Portfolio/Portfolio' successfully

2022-03-08 13:50:11 - [TEST_STEP][PASSED] - callTestCase(findTestCase("Mobile/Page/Run App/Terminate App"), [:], STOP_ON_FAILURE): Call Test Case 'Test Cases/Mobile/Page/Run App/Terminate App' successfully

2022-03-08 13:50:11 - [TEST_CASE][PASSED] - Test Cases/Mobile/Page/Run App/Terminate App: Test Cases/Mobile/Page/Run App/Terminate App

2022-03-08 13:50:11 - [TEST_STEP][PASSED] - startApp.OpenApp.terminateApplication(): startApp.OpenApp.terminateApplication is PASSED

2022-03-08 13:50:14 - [MESSAGE][PASSED] - Delayed 3 second(s)

2022-03-08 13:50:14 - [MESSAGE][PASSED] - Current device physical width is 720

2022-03-08 13:50:14 - [MESSAGE][PASSED] - Current device physical height is 1423

2022-03-08 13:50:16 - [MESSAGE][PASSED] - Swiped from 360,853 to 360,142

2022-03-08 13:50:17 - [MESSAGE][PASSED] - Delayed 1 second(s)

2022-03-08 13:50:18 - [MESSAGE][PASSED] - Swiped from 360,853 to 360,142

2022-03-08 13:50:21 - [MESSAGE][PASSED] - Delayed 3 second(s)

2022-03-08 13:50:21 - [MESSAGE][PASSED] - startApp.OpenApp.terminateApplication is PASSED

2022-03-08 13:50:21 - [MESSAGE][PASSED] - Call Test Case 'Test Cases/Mobile/Page/Run App/Terminate App' successfully]]></system-out>
         <system-err><![CDATA[]]></system-err>
      </testcase>
      <testcase name="Test Cases/Mobile/Scenario/Portfolio/010 - Melihat list stock" time="54.555" classname="Test Cases/Mobile/Scenario/Portfolio/010 - Melihat list stock" status="PASSED">
         <system-out><![CDATA[2022-03-08 13:50:21 - [TEST_CASE][PASSED] - Test Cases/Mobile/Scenario/Portfolio/010 - Melihat list stock: Test Cases/Mobile/Scenario/Portfolio/010 - Melihat list stock

2022-03-08 13:50:21 - [TEST_STEP][PASSED] - callTestCase(findTestCase("Mobile/Page/Run App/Run App byID"), [:], STOP_ON_FAILURE): Call Test Case 'Test Cases/Mobile/Page/Run App/Run App byID' successfully

2022-03-08 13:50:21 - [TEST_CASE][PASSED] - Test Cases/Mobile/Page/Run App/Run App byID: Test Cases/Mobile/Page/Run App/Run App byID

2022-03-08 13:50:21 - [TEST_STEP][PASSED] - startApp.OpenApp.startApplication("id.co.miraeasset.sageclub"): startApp.OpenApp.startApplication is PASSED

2022-03-08 13:50:33 - [MESSAGE][PASSED] - Starting app with application ID: 'id.co.miraeasset.sageclub'

2022-03-08 13:50:33 - [MESSAGE][PASSED] - startApp.OpenApp.startApplication is PASSED

2022-03-08 13:50:33 - [MESSAGE][PASSED] - Call Test Case 'Test Cases/Mobile/Page/Run App/Run App byID' successfully

2022-03-08 13:50:33 - [TEST_STEP][PASSED] - callTestCase(findTestCase("Mobile/Page/Portfolio/Portfolio"), ["tab":"stock"], CONTINUE_ON_FAILURE): Call Test Case 'Test Cases/Mobile/Page/Portfolio/Portfolio' successfully

2022-03-08 13:50:33 - [TEST_CASE][PASSED] - Test Cases/Mobile/Page/Portfolio/Portfolio: Test Cases/Mobile/Page/Portfolio/Portfolio

2022-03-08 13:50:33 - [TEST_STEP][PASSED] - callTestCase(findTestCase("Mobile/Page/CheckLogin"), [:], CONTINUE_ON_FAILURE): Call Test Case 'Test Cases/Mobile/Page/CheckLogin' successfully

2022-03-08 13:50:33 - [TEST_CASE][PASSED] - Test Cases/Mobile/Page/CheckLogin: Test Cases/Mobile/Page/CheckLogin

2022-03-08 13:50:33 - [TEST_STEP][PASSED] - loginCheck = verifyElementExist(LOGN_BtnLogin, 5, CONTINUE_ON_FAILURE): Element 'Object Repository/Mobile/Page/Login/Button - Login' is exist

2022-03-08 13:50:35 - [MESSAGE][PASSED] - Element 'Object Repository/Mobile/Page/Login/Button - Login' is exist

2022-03-08 13:50:35 - [TEST_STEP][PASSED] - if (loginCheck): Call Test Case 'Test Cases/Mobile/Page/Login/Login' successfully

2022-03-08 13:50:35 - [TEST_STEP][PASSED] - callTestCase(findTestCase("Mobile/Page/Login/Login"), ["action":"username"], CONTINUE_ON_FAILURE): Call Test Case 'Test Cases/Mobile/Page/Login/Login' successfully

2022-03-08 13:50:35 - [TEST_CASE][PASSED] - Test Cases/Mobile/Page/Login/Login: Test Cases/Mobile/Page/Login/Login

2022-03-08 13:50:35 - [TEST_STEP][PASSED] - delay(2): Delayed 2 second(s)

2022-03-08 13:50:37 - [MESSAGE][PASSED] - Delayed 2 second(s)

2022-03-08 13:50:37 - [TEST_STEP][PASSED] - for ([i = 0, i < 1, (i++)]): null

2022-03-08 13:50:37 - [TEST_STEP][PASSED] - if (action == "username"): null

2022-03-08 13:50:37 - [TEST_STEP][PASSED] - tap(LOGN_EdtUserID, 0): Tapped on element 'Object Repository/Mobile/Page/Login/Input - UserID'

2022-03-08 13:50:37 - [MESSAGE][WARNING] - Timeout '0' is invalid. Using default page load timeout: '60'

2022-03-08 13:50:38 - [MESSAGE][PASSED] - Tapped on element 'Object Repository/Mobile/Page/Login/Input - UserID'

2022-03-08 13:50:38 - [TEST_STEP][PASSED] - delay(1): Delayed 1 second(s)

2022-03-08 13:50:39 - [MESSAGE][PASSED] - Delayed 1 second(s)

2022-03-08 13:50:39 - [TEST_STEP][PASSED] - setText(LOGN_EdtRdyUserID, "anggaaditya", 0): Text 'anggaaditya' has been set to element 'Object Repository/Mobile/Page/Login/Input Rdy - UserID'

2022-03-08 13:50:39 - [MESSAGE][WARNING] - Timeout '0' is invalid. Using default page load timeout: '60'

2022-03-08 13:50:39 - [MESSAGE][PASSED] - Text 'anggaaditya' has been set to element 'Object Repository/Mobile/Page/Login/Input Rdy - UserID'

2022-03-08 13:50:39 - [TEST_STEP][PASSED] - delay(1): Delayed 1 second(s)

2022-03-08 13:50:40 - [MESSAGE][PASSED] - Delayed 1 second(s)

2022-03-08 13:50:40 - [TEST_STEP][PASSED] - hideKeyboard(): Keyboard is hidden

2022-03-08 13:50:44 - [MESSAGE][PASSED] - Keyboard is hidden

2022-03-08 13:50:44 - [TEST_STEP][PASSED] - tap(LOGN_EdtPassword, 0): Tapped on element 'Object Repository/Mobile/Page/Login/Input - Password'

2022-03-08 13:50:44 - [MESSAGE][WARNING] - Timeout '0' is invalid. Using default page load timeout: '60'

2022-03-08 13:50:45 - [MESSAGE][PASSED] - Tapped on element 'Object Repository/Mobile/Page/Login/Input - Password'

2022-03-08 13:50:45 - [TEST_STEP][PASSED] - delay(1): Delayed 1 second(s)

2022-03-08 13:50:46 - [MESSAGE][PASSED] - Delayed 1 second(s)

2022-03-08 13:50:46 - [TEST_STEP][PASSED] - setText(LOGN_EdtRdyPassword, "Shalawa18", 0): Text 'Shalawa18' has been set to element 'Object Repository/Mobile/Page/Login/Input Rdy - Password'

2022-03-08 13:50:46 - [MESSAGE][WARNING] - Timeout '0' is invalid. Using default page load timeout: '60'

2022-03-08 13:50:46 - [MESSAGE][PASSED] - Text 'Shalawa18' has been set to element 'Object Repository/Mobile/Page/Login/Input Rdy - Password'

2022-03-08 13:50:46 - [TEST_STEP][PASSED] - delay(1): Delayed 1 second(s)

2022-03-08 13:50:47 - [MESSAGE][PASSED] - Delayed 1 second(s)

2022-03-08 13:50:47 - [TEST_STEP][PASSED] - hideKeyboard(): Keyboard is hidden

2022-03-08 13:50:54 - [MESSAGE][PASSED] - Keyboard is hidden

2022-03-08 13:50:54 - [TEST_STEP][PASSED] - tap(LOGN_BtnLogin, 0): Tapped on element 'Object Repository/Mobile/Page/Login/Button - Login'

2022-03-08 13:50:54 - [MESSAGE][WARNING] - Timeout '0' is invalid. Using default page load timeout: '60'

2022-03-08 13:50:55 - [MESSAGE][PASSED] - Tapped on element 'Object Repository/Mobile/Page/Login/Button - Login'

2022-03-08 13:50:55 - [TEST_STEP][PASSED] - delay(2): Delayed 2 second(s)

2022-03-08 13:50:57 - [MESSAGE][PASSED] - Delayed 2 second(s)

2022-03-08 13:50:57 - [TEST_STEP][PASSED] - break: null

2022-03-08 13:50:57 - [MESSAGE][PASSED] - Call Test Case 'Test Cases/Mobile/Page/Login/Login' successfully

2022-03-08 13:50:57 - [MESSAGE][PASSED] - Call Test Case 'Test Cases/Mobile/Page/CheckLogin' successfully

2022-03-08 13:50:57 - [TEST_STEP][PASSED] - tap(HOME_MenubarPortfolio, 0): Tapped on element 'Object Repository/Mobile/Page/Home/Menubar - Portfolio'

2022-03-08 13:50:57 - [MESSAGE][WARNING] - Timeout '0' is invalid. Using default page load timeout: '60'

2022-03-08 13:50:58 - [MESSAGE][PASSED] - Tapped on element 'Object Repository/Mobile/Page/Home/Menubar - Portfolio'

2022-03-08 13:50:58 - [TEST_STEP][PASSED] - delay(1): Delayed 1 second(s)

2022-03-08 13:50:59 - [MESSAGE][PASSED] - Delayed 1 second(s)

2022-03-08 13:50:59 - [TEST_STEP][PASSED] - for ([i = 0, i < 1, (i++)]): Delayed 3 second(s)

2022-03-08 13:50:59 - [TEST_STEP][PASSED] - if (tab == "summary"): null

2022-03-08 13:50:59 - [TEST_STEP][PASSED] - else if (tab == "stock"): Delayed 3 second(s)

2022-03-08 13:50:59 - [TEST_STEP][PASSED] - tap(PORT_TabStock, 0): Tapped on element 'Object Repository/Mobile/Page/Portfolio/Tab - Stock'

2022-03-08 13:50:59 - [MESSAGE][WARNING] - Timeout '0' is invalid. Using default page load timeout: '60'

2022-03-08 13:51:01 - [MESSAGE][PASSED] - Tapped on element 'Object Repository/Mobile/Page/Portfolio/Tab - Stock'

2022-03-08 13:51:01 - [TEST_STEP][PASSED] - scroll.scroll.scrollScreenBottomToTop(): scroll.scroll.scrollScreenBottomToTop is PASSED

2022-03-08 13:51:01 - [MESSAGE][PASSED] - Current device physical height is 1423

2022-03-08 13:51:01 - [MESSAGE][PASSED] - Current device physical width is 720

2022-03-08 13:51:02 - [MESSAGE][PASSED] - Swiped from 360,1,138 to 360,284

2022-03-08 13:51:02 - [MESSAGE][PASSED] - scroll.scroll.scrollScreenBottomToTop is PASSED

2022-03-08 13:51:02 - [TEST_STEP][PASSED] - delay(3): Delayed 3 second(s)

2022-03-08 13:51:05 - [MESSAGE][PASSED] - Delayed 3 second(s)

2022-03-08 13:51:05 - [MESSAGE][PASSED] - Call Test Case 'Test Cases/Mobile/Page/Portfolio/Portfolio' successfully

2022-03-08 13:51:05 - [TEST_STEP][PASSED] - callTestCase(findTestCase("Mobile/Page/Run App/Terminate App"), [:], STOP_ON_FAILURE): Call Test Case 'Test Cases/Mobile/Page/Run App/Terminate App' successfully

2022-03-08 13:51:05 - [TEST_CASE][PASSED] - Test Cases/Mobile/Page/Run App/Terminate App: Test Cases/Mobile/Page/Run App/Terminate App

2022-03-08 13:51:05 - [TEST_STEP][PASSED] - startApp.OpenApp.terminateApplication(): startApp.OpenApp.terminateApplication is PASSED

2022-03-08 13:51:08 - [MESSAGE][PASSED] - Delayed 3 second(s)

2022-03-08 13:51:09 - [MESSAGE][PASSED] - Current device physical width is 720

2022-03-08 13:51:09 - [MESSAGE][PASSED] - Current device physical height is 1423

2022-03-08 13:51:10 - [MESSAGE][PASSED] - Swiped from 360,853 to 360,142

2022-03-08 13:51:11 - [MESSAGE][PASSED] - Delayed 1 second(s)

2022-03-08 13:51:12 - [MESSAGE][PASSED] - Swiped from 360,853 to 360,142

2022-03-08 13:51:15 - [MESSAGE][PASSED] - Delayed 3 second(s)

2022-03-08 13:51:15 - [MESSAGE][PASSED] - startApp.OpenApp.terminateApplication is PASSED

2022-03-08 13:51:15 - [MESSAGE][PASSED] - Call Test Case 'Test Cases/Mobile/Page/Run App/Terminate App' successfully]]></system-out>
         <system-err><![CDATA[]]></system-err>
      </testcase>
      <testcase name="Test Cases/Mobile/Scenario/Portfolio/011 - Melihat list mutual fund" time="59.932" classname="Test Cases/Mobile/Scenario/Portfolio/011 - Melihat list mutual fund" status="PASSED">
         <system-out><![CDATA[2022-03-08 13:51:15 - [TEST_CASE][PASSED] - Test Cases/Mobile/Scenario/Portfolio/011 - Melihat list mutual fund: Test Cases/Mobile/Scenario/Portfolio/011 - Melihat list mutual fund

2022-03-08 13:51:16 - [TEST_STEP][PASSED] - callTestCase(findTestCase("Mobile/Page/Run App/Run App byID"), [:], STOP_ON_FAILURE): Call Test Case 'Test Cases/Mobile/Page/Run App/Run App byID' successfully

2022-03-08 13:51:16 - [TEST_CASE][PASSED] - Test Cases/Mobile/Page/Run App/Run App byID: Test Cases/Mobile/Page/Run App/Run App byID

2022-03-08 13:51:16 - [TEST_STEP][PASSED] - startApp.OpenApp.startApplication("id.co.miraeasset.sageclub"): startApp.OpenApp.startApplication is PASSED

2022-03-08 13:51:28 - [MESSAGE][PASSED] - Starting app with application ID: 'id.co.miraeasset.sageclub'

2022-03-08 13:51:28 - [MESSAGE][PASSED] - startApp.OpenApp.startApplication is PASSED

2022-03-08 13:51:28 - [MESSAGE][PASSED] - Call Test Case 'Test Cases/Mobile/Page/Run App/Run App byID' successfully

2022-03-08 13:51:28 - [TEST_STEP][PASSED] - callTestCase(findTestCase("Mobile/Page/Portfolio/Portfolio"), ["tab":"mutualfund", "action2":"none"], CONTINUE_ON_FAILURE): Call Test Case 'Test Cases/Mobile/Page/Portfolio/Portfolio' successfully

2022-03-08 13:51:28 - [TEST_CASE][PASSED] - Test Cases/Mobile/Page/Portfolio/Portfolio: Test Cases/Mobile/Page/Portfolio/Portfolio

2022-03-08 13:51:28 - [TEST_STEP][PASSED] - callTestCase(findTestCase("Mobile/Page/CheckLogin"), [:], CONTINUE_ON_FAILURE): Call Test Case 'Test Cases/Mobile/Page/CheckLogin' successfully

2022-03-08 13:51:28 - [TEST_CASE][PASSED] - Test Cases/Mobile/Page/CheckLogin: Test Cases/Mobile/Page/CheckLogin

2022-03-08 13:51:28 - [TEST_STEP][PASSED] - loginCheck = verifyElementExist(LOGN_BtnLogin, 5, CONTINUE_ON_FAILURE): Element 'Object Repository/Mobile/Page/Login/Button - Login' is exist

2022-03-08 13:51:30 - [MESSAGE][PASSED] - Element 'Object Repository/Mobile/Page/Login/Button - Login' is exist

2022-03-08 13:51:30 - [TEST_STEP][PASSED] - if (loginCheck): Call Test Case 'Test Cases/Mobile/Page/Login/Login' successfully

2022-03-08 13:51:30 - [TEST_STEP][PASSED] - callTestCase(findTestCase("Mobile/Page/Login/Login"), ["action":"username"], CONTINUE_ON_FAILURE): Call Test Case 'Test Cases/Mobile/Page/Login/Login' successfully

2022-03-08 13:51:30 - [TEST_CASE][PASSED] - Test Cases/Mobile/Page/Login/Login: Test Cases/Mobile/Page/Login/Login

2022-03-08 13:51:30 - [TEST_STEP][PASSED] - delay(2): Delayed 2 second(s)

2022-03-08 13:51:32 - [MESSAGE][PASSED] - Delayed 2 second(s)

2022-03-08 13:51:32 - [TEST_STEP][PASSED] - for ([i = 0, i < 1, (i++)]): null

2022-03-08 13:51:32 - [TEST_STEP][PASSED] - if (action == "username"): null

2022-03-08 13:51:32 - [TEST_STEP][PASSED] - tap(LOGN_EdtUserID, 0): Tapped on element 'Object Repository/Mobile/Page/Login/Input - UserID'

2022-03-08 13:51:32 - [MESSAGE][WARNING] - Timeout '0' is invalid. Using default page load timeout: '60'

2022-03-08 13:51:32 - [MESSAGE][PASSED] - Tapped on element 'Object Repository/Mobile/Page/Login/Input - UserID'

2022-03-08 13:51:32 - [TEST_STEP][PASSED] - delay(1): Delayed 1 second(s)

2022-03-08 13:51:33 - [MESSAGE][PASSED] - Delayed 1 second(s)

2022-03-08 13:51:33 - [TEST_STEP][PASSED] - setText(LOGN_EdtRdyUserID, "anggaaditya", 0): Text 'anggaaditya' has been set to element 'Object Repository/Mobile/Page/Login/Input Rdy - UserID'

2022-03-08 13:51:33 - [MESSAGE][WARNING] - Timeout '0' is invalid. Using default page load timeout: '60'

2022-03-08 13:51:34 - [MESSAGE][PASSED] - Text 'anggaaditya' has been set to element 'Object Repository/Mobile/Page/Login/Input Rdy - UserID'

2022-03-08 13:51:34 - [TEST_STEP][PASSED] - delay(1): Delayed 1 second(s)

2022-03-08 13:51:35 - [MESSAGE][PASSED] - Delayed 1 second(s)

2022-03-08 13:51:35 - [TEST_STEP][PASSED] - hideKeyboard(): Keyboard is hidden

2022-03-08 13:51:38 - [MESSAGE][PASSED] - Keyboard is hidden

2022-03-08 13:51:38 - [TEST_STEP][PASSED] - tap(LOGN_EdtPassword, 0): Tapped on element 'Object Repository/Mobile/Page/Login/Input - Password'

2022-03-08 13:51:38 - [MESSAGE][WARNING] - Timeout '0' is invalid. Using default page load timeout: '60'

2022-03-08 13:51:39 - [MESSAGE][PASSED] - Tapped on element 'Object Repository/Mobile/Page/Login/Input - Password'

2022-03-08 13:51:39 - [TEST_STEP][PASSED] - delay(1): Delayed 1 second(s)

2022-03-08 13:51:40 - [MESSAGE][PASSED] - Delayed 1 second(s)

2022-03-08 13:51:40 - [TEST_STEP][PASSED] - setText(LOGN_EdtRdyPassword, "Shalawa18", 0): Text 'Shalawa18' has been set to element 'Object Repository/Mobile/Page/Login/Input Rdy - Password'

2022-03-08 13:51:40 - [MESSAGE][WARNING] - Timeout '0' is invalid. Using default page load timeout: '60'

2022-03-08 13:51:40 - [MESSAGE][PASSED] - Text 'Shalawa18' has been set to element 'Object Repository/Mobile/Page/Login/Input Rdy - Password'

2022-03-08 13:51:40 - [TEST_STEP][PASSED] - delay(1): Delayed 1 second(s)

2022-03-08 13:51:41 - [MESSAGE][PASSED] - Delayed 1 second(s)

2022-03-08 13:51:41 - [TEST_STEP][PASSED] - hideKeyboard(): Keyboard is hidden

2022-03-08 13:51:48 - [MESSAGE][PASSED] - Keyboard is hidden

2022-03-08 13:51:48 - [TEST_STEP][PASSED] - tap(LOGN_BtnLogin, 0): Tapped on element 'Object Repository/Mobile/Page/Login/Button - Login'

2022-03-08 13:51:48 - [MESSAGE][WARNING] - Timeout '0' is invalid. Using default page load timeout: '60'

2022-03-08 13:51:48 - [MESSAGE][PASSED] - Tapped on element 'Object Repository/Mobile/Page/Login/Button - Login'

2022-03-08 13:51:48 - [TEST_STEP][PASSED] - delay(2): Delayed 2 second(s)

2022-03-08 13:51:50 - [MESSAGE][PASSED] - Delayed 2 second(s)

2022-03-08 13:51:50 - [TEST_STEP][PASSED] - break: null

2022-03-08 13:51:50 - [MESSAGE][PASSED] - Call Test Case 'Test Cases/Mobile/Page/Login/Login' successfully

2022-03-08 13:51:50 - [MESSAGE][PASSED] - Call Test Case 'Test Cases/Mobile/Page/CheckLogin' successfully

2022-03-08 13:51:50 - [TEST_STEP][PASSED] - tap(HOME_MenubarPortfolio, 0): Tapped on element 'Object Repository/Mobile/Page/Home/Menubar - Portfolio'

2022-03-08 13:51:50 - [MESSAGE][WARNING] - Timeout '0' is invalid. Using default page load timeout: '60'

2022-03-08 13:51:52 - [MESSAGE][PASSED] - Tapped on element 'Object Repository/Mobile/Page/Home/Menubar - Portfolio'

2022-03-08 13:51:52 - [TEST_STEP][PASSED] - delay(1): Delayed 1 second(s)

2022-03-08 13:51:53 - [MESSAGE][PASSED] - Delayed 1 second(s)

2022-03-08 13:51:53 - [TEST_STEP][PASSED] - for ([i = 0, i < 1, (i++)]): scroll.scroll.scrollScreenBottomToTop is PASSED

2022-03-08 13:51:53 - [TEST_STEP][PASSED] - if (tab == "summary"): null

2022-03-08 13:51:53 - [TEST_STEP][PASSED] - else if (tab == "stock"): null

2022-03-08 13:51:53 - [TEST_STEP][PASSED] - else if (tab == "mutualfund"): scroll.scroll.scrollScreenBottomToTop is PASSED

2022-03-08 13:51:53 - [TEST_STEP][PASSED] - tap(PORT_TabMutualFund, 0): Tapped on element 'Object Repository/Mobile/Page/Portfolio/Tab - Mutual Fund'

2022-03-08 13:51:53 - [MESSAGE][WARNING] - Timeout '0' is invalid. Using default page load timeout: '60'

2022-03-08 13:51:55 - [MESSAGE][PASSED] - Tapped on element 'Object Repository/Mobile/Page/Portfolio/Tab - Mutual Fund'

2022-03-08 13:51:55 - [TEST_STEP][PASSED] - delay(1): Delayed 1 second(s)

2022-03-08 13:51:56 - [MESSAGE][PASSED] - Delayed 1 second(s)

2022-03-08 13:51:56 - [TEST_STEP][PASSED] - try: scroll.scroll.scrollScreenBottomToTop is PASSED

2022-03-08 13:51:56 - [TEST_STEP][PASSED] - tapAndHold(PORT_ItemTopMutualFund, 1, 10): Tapped and held on element 'Object Repository/Mobile/Page/Portfolio/Item - Top Mutual Fund' with duration 1

2022-03-08 13:51:59 - [MESSAGE][PASSED] - Tapped and held on element 'Object Repository/Mobile/Page/Portfolio/Item - Top Mutual Fund' with duration 1

2022-03-08 13:51:59 - [TEST_STEP][PASSED] - delay(2): Delayed 2 second(s)

2022-03-08 13:52:01 - [MESSAGE][PASSED] - Delayed 2 second(s)

2022-03-08 13:52:01 - [TEST_STEP][PASSED] - switch (action2): null

2022-03-08 13:52:01 - [TEST_STEP][PASSED] - delay(3): Delayed 3 second(s)

2022-03-08 13:52:04 - [MESSAGE][PASSED] - Delayed 3 second(s)

2022-03-08 13:52:04 - [TEST_STEP][PASSED] - scroll.scroll.scrollScreenBottomToTop(): scroll.scroll.scrollScreenBottomToTop is PASSED

2022-03-08 13:52:04 - [MESSAGE][PASSED] - Current device physical height is 1423

2022-03-08 13:52:04 - [MESSAGE][PASSED] - Current device physical width is 720

2022-03-08 13:52:05 - [MESSAGE][PASSED] - Swiped from 360,1,138 to 360,284

2022-03-08 13:52:05 - [MESSAGE][PASSED] - scroll.scroll.scrollScreenBottomToTop is PASSED

2022-03-08 13:52:05 - [MESSAGE][PASSED] - Call Test Case 'Test Cases/Mobile/Page/Portfolio/Portfolio' successfully

2022-03-08 13:52:05 - [TEST_STEP][PASSED] - callTestCase(findTestCase("Mobile/Page/Run App/Terminate App"), [:], STOP_ON_FAILURE): Call Test Case 'Test Cases/Mobile/Page/Run App/Terminate App' successfully

2022-03-08 13:52:05 - [TEST_CASE][PASSED] - Test Cases/Mobile/Page/Run App/Terminate App: Test Cases/Mobile/Page/Run App/Terminate App

2022-03-08 13:52:05 - [TEST_STEP][PASSED] - startApp.OpenApp.terminateApplication(): startApp.OpenApp.terminateApplication is PASSED

2022-03-08 13:52:08 - [MESSAGE][PASSED] - Delayed 3 second(s)

2022-03-08 13:52:09 - [MESSAGE][PASSED] - Current device physical width is 720

2022-03-08 13:52:09 - [MESSAGE][PASSED] - Current device physical height is 1423

2022-03-08 13:52:10 - [MESSAGE][PASSED] - Swiped from 360,853 to 360,142

2022-03-08 13:52:11 - [MESSAGE][PASSED] - Delayed 1 second(s)

2022-03-08 13:52:12 - [MESSAGE][PASSED] - Swiped from 360,853 to 360,142

2022-03-08 13:52:15 - [MESSAGE][PASSED] - Delayed 3 second(s)

2022-03-08 13:52:15 - [MESSAGE][PASSED] - startApp.OpenApp.terminateApplication is PASSED

2022-03-08 13:52:15 - [MESSAGE][PASSED] - Call Test Case 'Test Cases/Mobile/Page/Run App/Terminate App' successfully]]></system-out>
         <system-err><![CDATA[]]></system-err>
      </testcase>
      <testcase name="Test Cases/Mobile/Scenario/Portfolio/012 - Melihat list bond" time="55.528" classname="Test Cases/Mobile/Scenario/Portfolio/012 - Melihat list bond" status="PASSED">
         <system-out><![CDATA[2022-03-08 13:52:15 - [TEST_CASE][PASSED] - Test Cases/Mobile/Scenario/Portfolio/012 - Melihat list bond: Test Cases/Mobile/Scenario/Portfolio/012 - Melihat list bond

2022-03-08 13:52:16 - [TEST_STEP][PASSED] - callTestCase(findTestCase("Mobile/Page/Run App/Run App byID"), [:], STOP_ON_FAILURE): Call Test Case 'Test Cases/Mobile/Page/Run App/Run App byID' successfully

2022-03-08 13:52:16 - [TEST_CASE][PASSED] - Test Cases/Mobile/Page/Run App/Run App byID: Test Cases/Mobile/Page/Run App/Run App byID

2022-03-08 13:52:16 - [TEST_STEP][PASSED] - startApp.OpenApp.startApplication("id.co.miraeasset.sageclub"): startApp.OpenApp.startApplication is PASSED

2022-03-08 13:52:28 - [MESSAGE][PASSED] - Starting app with application ID: 'id.co.miraeasset.sageclub'

2022-03-08 13:52:28 - [MESSAGE][PASSED] - startApp.OpenApp.startApplication is PASSED

2022-03-08 13:52:28 - [MESSAGE][PASSED] - Call Test Case 'Test Cases/Mobile/Page/Run App/Run App byID' successfully

2022-03-08 13:52:28 - [TEST_STEP][PASSED] - callTestCase(findTestCase("Mobile/Page/Portfolio/Portfolio"), ["tab":"stock", "action":"none"], CONTINUE_ON_FAILURE): Call Test Case 'Test Cases/Mobile/Page/Portfolio/Portfolio' successfully

2022-03-08 13:52:28 - [TEST_CASE][PASSED] - Test Cases/Mobile/Page/Portfolio/Portfolio: Test Cases/Mobile/Page/Portfolio/Portfolio

2022-03-08 13:52:28 - [TEST_STEP][PASSED] - callTestCase(findTestCase("Mobile/Page/CheckLogin"), [:], CONTINUE_ON_FAILURE): Call Test Case 'Test Cases/Mobile/Page/CheckLogin' successfully

2022-03-08 13:52:28 - [TEST_CASE][PASSED] - Test Cases/Mobile/Page/CheckLogin: Test Cases/Mobile/Page/CheckLogin

2022-03-08 13:52:28 - [TEST_STEP][PASSED] - loginCheck = verifyElementExist(LOGN_BtnLogin, 5, CONTINUE_ON_FAILURE): Element 'Object Repository/Mobile/Page/Login/Button - Login' is exist

2022-03-08 13:52:30 - [MESSAGE][PASSED] - Element 'Object Repository/Mobile/Page/Login/Button - Login' is exist

2022-03-08 13:52:30 - [TEST_STEP][PASSED] - if (loginCheck): Call Test Case 'Test Cases/Mobile/Page/Login/Login' successfully

2022-03-08 13:52:30 - [TEST_STEP][PASSED] - callTestCase(findTestCase("Mobile/Page/Login/Login"), ["action":"username"], CONTINUE_ON_FAILURE): Call Test Case 'Test Cases/Mobile/Page/Login/Login' successfully

2022-03-08 13:52:30 - [TEST_CASE][PASSED] - Test Cases/Mobile/Page/Login/Login: Test Cases/Mobile/Page/Login/Login

2022-03-08 13:52:30 - [TEST_STEP][PASSED] - delay(2): Delayed 2 second(s)

2022-03-08 13:52:32 - [MESSAGE][PASSED] - Delayed 2 second(s)

2022-03-08 13:52:32 - [TEST_STEP][PASSED] - for ([i = 0, i < 1, (i++)]): null

2022-03-08 13:52:32 - [TEST_STEP][PASSED] - if (action == "username"): null

2022-03-08 13:52:32 - [TEST_STEP][PASSED] - tap(LOGN_EdtUserID, 0): Tapped on element 'Object Repository/Mobile/Page/Login/Input - UserID'

2022-03-08 13:52:32 - [MESSAGE][WARNING] - Timeout '0' is invalid. Using default page load timeout: '60'

2022-03-08 13:52:32 - [MESSAGE][PASSED] - Tapped on element 'Object Repository/Mobile/Page/Login/Input - UserID'

2022-03-08 13:52:32 - [TEST_STEP][PASSED] - delay(1): Delayed 1 second(s)

2022-03-08 13:52:33 - [MESSAGE][PASSED] - Delayed 1 second(s)

2022-03-08 13:52:33 - [TEST_STEP][PASSED] - setText(LOGN_EdtRdyUserID, "anggaaditya", 0): Text 'anggaaditya' has been set to element 'Object Repository/Mobile/Page/Login/Input Rdy - UserID'

2022-03-08 13:52:33 - [MESSAGE][WARNING] - Timeout '0' is invalid. Using default page load timeout: '60'

2022-03-08 13:52:35 - [MESSAGE][PASSED] - Text 'anggaaditya' has been set to element 'Object Repository/Mobile/Page/Login/Input Rdy - UserID'

2022-03-08 13:52:35 - [TEST_STEP][PASSED] - delay(1): Delayed 1 second(s)

2022-03-08 13:52:36 - [MESSAGE][PASSED] - Delayed 1 second(s)

2022-03-08 13:52:36 - [TEST_STEP][PASSED] - hideKeyboard(): Keyboard is hidden

2022-03-08 13:52:39 - [MESSAGE][PASSED] - Keyboard is hidden

2022-03-08 13:52:39 - [TEST_STEP][PASSED] - tap(LOGN_EdtPassword, 0): Tapped on element 'Object Repository/Mobile/Page/Login/Input - Password'

2022-03-08 13:52:39 - [MESSAGE][WARNING] - Timeout '0' is invalid. Using default page load timeout: '60'

2022-03-08 13:52:40 - [MESSAGE][PASSED] - Tapped on element 'Object Repository/Mobile/Page/Login/Input - Password'

2022-03-08 13:52:40 - [TEST_STEP][PASSED] - delay(1): Delayed 1 second(s)

2022-03-08 13:52:41 - [MESSAGE][PASSED] - Delayed 1 second(s)

2022-03-08 13:52:41 - [TEST_STEP][PASSED] - setText(LOGN_EdtRdyPassword, "Shalawa18", 0): Text 'Shalawa18' has been set to element 'Object Repository/Mobile/Page/Login/Input Rdy - Password'

2022-03-08 13:52:41 - [MESSAGE][WARNING] - Timeout '0' is invalid. Using default page load timeout: '60'

2022-03-08 13:52:41 - [MESSAGE][PASSED] - Text 'Shalawa18' has been set to element 'Object Repository/Mobile/Page/Login/Input Rdy - Password'

2022-03-08 13:52:41 - [TEST_STEP][PASSED] - delay(1): Delayed 1 second(s)

2022-03-08 13:52:42 - [MESSAGE][PASSED] - Delayed 1 second(s)

2022-03-08 13:52:42 - [TEST_STEP][PASSED] - hideKeyboard(): Keyboard is hidden

2022-03-08 13:52:48 - [MESSAGE][PASSED] - Keyboard is hidden

2022-03-08 13:52:48 - [TEST_STEP][PASSED] - tap(LOGN_BtnLogin, 0): Tapped on element 'Object Repository/Mobile/Page/Login/Button - Login'

2022-03-08 13:52:48 - [MESSAGE][WARNING] - Timeout '0' is invalid. Using default page load timeout: '60'

2022-03-08 13:52:49 - [MESSAGE][PASSED] - Tapped on element 'Object Repository/Mobile/Page/Login/Button - Login'

2022-03-08 13:52:49 - [TEST_STEP][PASSED] - delay(2): Delayed 2 second(s)

2022-03-08 13:52:51 - [MESSAGE][PASSED] - Delayed 2 second(s)

2022-03-08 13:52:51 - [TEST_STEP][PASSED] - break: null

2022-03-08 13:52:51 - [MESSAGE][PASSED] - Call Test Case 'Test Cases/Mobile/Page/Login/Login' successfully

2022-03-08 13:52:51 - [MESSAGE][PASSED] - Call Test Case 'Test Cases/Mobile/Page/CheckLogin' successfully

2022-03-08 13:52:51 - [TEST_STEP][PASSED] - tap(HOME_MenubarPortfolio, 0): Tapped on element 'Object Repository/Mobile/Page/Home/Menubar - Portfolio'

2022-03-08 13:52:51 - [MESSAGE][WARNING] - Timeout '0' is invalid. Using default page load timeout: '60'

2022-03-08 13:52:53 - [MESSAGE][PASSED] - Tapped on element 'Object Repository/Mobile/Page/Home/Menubar - Portfolio'

2022-03-08 13:52:53 - [TEST_STEP][PASSED] - delay(1): Delayed 1 second(s)

2022-03-08 13:52:54 - [MESSAGE][PASSED] - Delayed 1 second(s)

2022-03-08 13:52:54 - [TEST_STEP][PASSED] - for ([i = 0, i < 1, (i++)]): Delayed 3 second(s)

2022-03-08 13:52:54 - [TEST_STEP][PASSED] - if (tab == "summary"): null

2022-03-08 13:52:54 - [TEST_STEP][PASSED] - else if (tab == "stock"): Delayed 3 second(s)

2022-03-08 13:52:54 - [TEST_STEP][PASSED] - tap(PORT_TabStock, 0): Tapped on element 'Object Repository/Mobile/Page/Portfolio/Tab - Stock'

2022-03-08 13:52:54 - [MESSAGE][WARNING] - Timeout '0' is invalid. Using default page load timeout: '60'

2022-03-08 13:52:56 - [MESSAGE][PASSED] - Tapped on element 'Object Repository/Mobile/Page/Portfolio/Tab - Stock'

2022-03-08 13:52:56 - [TEST_STEP][PASSED] - scroll.scroll.scrollScreenBottomToTop(): scroll.scroll.scrollScreenBottomToTop is PASSED

2022-03-08 13:52:56 - [MESSAGE][PASSED] - Current device physical height is 1423

2022-03-08 13:52:57 - [MESSAGE][PASSED] - Current device physical width is 720

2022-03-08 13:52:58 - [MESSAGE][PASSED] - Swiped from 360,1,138 to 360,284

2022-03-08 13:52:58 - [MESSAGE][PASSED] - scroll.scroll.scrollScreenBottomToTop is PASSED

2022-03-08 13:52:58 - [TEST_STEP][PASSED] - delay(3): Delayed 3 second(s)

2022-03-08 13:53:01 - [MESSAGE][PASSED] - Delayed 3 second(s)

2022-03-08 13:53:01 - [MESSAGE][PASSED] - Call Test Case 'Test Cases/Mobile/Page/Portfolio/Portfolio' successfully

2022-03-08 13:53:01 - [TEST_STEP][PASSED] - callTestCase(findTestCase("Mobile/Page/Run App/Terminate App"), [:], STOP_ON_FAILURE): Call Test Case 'Test Cases/Mobile/Page/Run App/Terminate App' successfully

2022-03-08 13:53:01 - [TEST_CASE][PASSED] - Test Cases/Mobile/Page/Run App/Terminate App: Test Cases/Mobile/Page/Run App/Terminate App

2022-03-08 13:53:01 - [TEST_STEP][PASSED] - startApp.OpenApp.terminateApplication(): startApp.OpenApp.terminateApplication is PASSED

2022-03-08 13:53:04 - [MESSAGE][PASSED] - Delayed 3 second(s)

2022-03-08 13:53:04 - [MESSAGE][PASSED] - Current device physical width is 720

2022-03-08 13:53:04 - [MESSAGE][PASSED] - Current device physical height is 1423

2022-03-08 13:53:06 - [MESSAGE][PASSED] - Swiped from 360,853 to 360,142

2022-03-08 13:53:07 - [MESSAGE][PASSED] - Delayed 1 second(s)

2022-03-08 13:53:08 - [MESSAGE][PASSED] - Swiped from 360,853 to 360,142

2022-03-08 13:53:11 - [MESSAGE][PASSED] - Delayed 3 second(s)

2022-03-08 13:53:11 - [MESSAGE][PASSED] - startApp.OpenApp.terminateApplication is PASSED

2022-03-08 13:53:11 - [MESSAGE][PASSED] - Call Test Case 'Test Cases/Mobile/Page/Run App/Terminate App' successfully]]></system-out>
         <system-err><![CDATA[]]></system-err>
      </testcase>
      <testcase name="Test Cases/Mobile/Scenario/Portfolio/013 - Melihat detail mutual fund 1 month" time="70.331" classname="Test Cases/Mobile/Scenario/Portfolio/013 - Melihat detail mutual fund 1 month" status="PASSED">
         <system-out><![CDATA[2022-03-08 13:53:11 - [TEST_CASE][PASSED] - Test Cases/Mobile/Scenario/Portfolio/013 - Melihat detail mutual fund 1 month: Test Cases/Mobile/Scenario/Portfolio/013 - Melihat detail mutual fund 1 month

2022-03-08 13:53:11 - [TEST_STEP][PASSED] - callTestCase(findTestCase("Mobile/Page/Run App/Run App byID"), [:], STOP_ON_FAILURE): Call Test Case 'Test Cases/Mobile/Page/Run App/Run App byID' successfully

2022-03-08 13:53:11 - [TEST_CASE][PASSED] - Test Cases/Mobile/Page/Run App/Run App byID: Test Cases/Mobile/Page/Run App/Run App byID

2022-03-08 13:53:11 - [TEST_STEP][PASSED] - startApp.OpenApp.startApplication("id.co.miraeasset.sageclub"): startApp.OpenApp.startApplication is PASSED

2022-03-08 13:53:23 - [MESSAGE][PASSED] - Starting app with application ID: 'id.co.miraeasset.sageclub'

2022-03-08 13:53:23 - [MESSAGE][PASSED] - startApp.OpenApp.startApplication is PASSED

2022-03-08 13:53:23 - [MESSAGE][PASSED] - Call Test Case 'Test Cases/Mobile/Page/Run App/Run App byID' successfully

2022-03-08 13:53:23 - [TEST_STEP][PASSED] - callTestCase(findTestCase("Mobile/Page/Portfolio/Portfolio"), ["tab":"mutualfund", "action2":"1 month"], CONTINUE_ON_FAILURE): Call Test Case 'Test Cases/Mobile/Page/Portfolio/Portfolio' successfully

2022-03-08 13:53:24 - [TEST_CASE][PASSED] - Test Cases/Mobile/Page/Portfolio/Portfolio: Test Cases/Mobile/Page/Portfolio/Portfolio

2022-03-08 13:53:24 - [TEST_STEP][PASSED] - callTestCase(findTestCase("Mobile/Page/CheckLogin"), [:], CONTINUE_ON_FAILURE): Call Test Case 'Test Cases/Mobile/Page/CheckLogin' successfully

2022-03-08 13:53:24 - [TEST_CASE][PASSED] - Test Cases/Mobile/Page/CheckLogin: Test Cases/Mobile/Page/CheckLogin

2022-03-08 13:53:24 - [TEST_STEP][PASSED] - loginCheck = verifyElementExist(LOGN_BtnLogin, 5, CONTINUE_ON_FAILURE): Element 'Object Repository/Mobile/Page/Login/Button - Login' is exist

2022-03-08 13:53:26 - [MESSAGE][PASSED] - Element 'Object Repository/Mobile/Page/Login/Button - Login' is exist

2022-03-08 13:53:26 - [TEST_STEP][PASSED] - if (loginCheck): Call Test Case 'Test Cases/Mobile/Page/Login/Login' successfully

2022-03-08 13:53:26 - [TEST_STEP][PASSED] - callTestCase(findTestCase("Mobile/Page/Login/Login"), ["action":"username"], CONTINUE_ON_FAILURE): Call Test Case 'Test Cases/Mobile/Page/Login/Login' successfully

2022-03-08 13:53:26 - [TEST_CASE][PASSED] - Test Cases/Mobile/Page/Login/Login: Test Cases/Mobile/Page/Login/Login

2022-03-08 13:53:26 - [TEST_STEP][PASSED] - delay(2): Delayed 2 second(s)

2022-03-08 13:53:28 - [MESSAGE][PASSED] - Delayed 2 second(s)

2022-03-08 13:53:28 - [TEST_STEP][PASSED] - for ([i = 0, i < 1, (i++)]): null

2022-03-08 13:53:28 - [TEST_STEP][PASSED] - if (action == "username"): null

2022-03-08 13:53:28 - [TEST_STEP][PASSED] - tap(LOGN_EdtUserID, 0): Tapped on element 'Object Repository/Mobile/Page/Login/Input - UserID'

2022-03-08 13:53:28 - [MESSAGE][WARNING] - Timeout '0' is invalid. Using default page load timeout: '60'

2022-03-08 13:53:28 - [MESSAGE][PASSED] - Tapped on element 'Object Repository/Mobile/Page/Login/Input - UserID'

2022-03-08 13:53:28 - [TEST_STEP][PASSED] - delay(1): Delayed 1 second(s)

2022-03-08 13:53:29 - [MESSAGE][PASSED] - Delayed 1 second(s)

2022-03-08 13:53:29 - [TEST_STEP][PASSED] - setText(LOGN_EdtRdyUserID, "anggaaditya", 0): Text 'anggaaditya' has been set to element 'Object Repository/Mobile/Page/Login/Input Rdy - UserID'

2022-03-08 13:53:29 - [MESSAGE][WARNING] - Timeout '0' is invalid. Using default page load timeout: '60'

2022-03-08 13:53:30 - [MESSAGE][PASSED] - Text 'anggaaditya' has been set to element 'Object Repository/Mobile/Page/Login/Input Rdy - UserID'

2022-03-08 13:53:30 - [TEST_STEP][PASSED] - delay(1): Delayed 1 second(s)

2022-03-08 13:53:31 - [MESSAGE][PASSED] - Delayed 1 second(s)

2022-03-08 13:53:31 - [TEST_STEP][PASSED] - hideKeyboard(): Keyboard is hidden

2022-03-08 13:53:34 - [MESSAGE][PASSED] - Keyboard is hidden

2022-03-08 13:53:34 - [TEST_STEP][PASSED] - tap(LOGN_EdtPassword, 0): Tapped on element 'Object Repository/Mobile/Page/Login/Input - Password'

2022-03-08 13:53:34 - [MESSAGE][WARNING] - Timeout '0' is invalid. Using default page load timeout: '60'

2022-03-08 13:53:35 - [MESSAGE][PASSED] - Tapped on element 'Object Repository/Mobile/Page/Login/Input - Password'

2022-03-08 13:53:35 - [TEST_STEP][PASSED] - delay(1): Delayed 1 second(s)

2022-03-08 13:53:36 - [MESSAGE][PASSED] - Delayed 1 second(s)

2022-03-08 13:53:36 - [TEST_STEP][PASSED] - setText(LOGN_EdtRdyPassword, "Shalawa18", 0): Text 'Shalawa18' has been set to element 'Object Repository/Mobile/Page/Login/Input Rdy - Password'

2022-03-08 13:53:36 - [MESSAGE][WARNING] - Timeout '0' is invalid. Using default page load timeout: '60'

2022-03-08 13:53:37 - [MESSAGE][PASSED] - Text 'Shalawa18' has been set to element 'Object Repository/Mobile/Page/Login/Input Rdy - Password'

2022-03-08 13:53:37 - [TEST_STEP][PASSED] - delay(1): Delayed 1 second(s)

2022-03-08 13:53:38 - [MESSAGE][PASSED] - Delayed 1 second(s)

2022-03-08 13:53:38 - [TEST_STEP][PASSED] - hideKeyboard(): Keyboard is hidden

2022-03-08 13:53:44 - [MESSAGE][PASSED] - Keyboard is hidden

2022-03-08 13:53:44 - [TEST_STEP][PASSED] - tap(LOGN_BtnLogin, 0): Tapped on element 'Object Repository/Mobile/Page/Login/Button - Login'

2022-03-08 13:53:44 - [MESSAGE][WARNING] - Timeout '0' is invalid. Using default page load timeout: '60'

2022-03-08 13:53:45 - [MESSAGE][PASSED] - Tapped on element 'Object Repository/Mobile/Page/Login/Button - Login'

2022-03-08 13:53:45 - [TEST_STEP][PASSED] - delay(2): Delayed 2 second(s)

2022-03-08 13:53:47 - [MESSAGE][PASSED] - Delayed 2 second(s)

2022-03-08 13:53:47 - [TEST_STEP][PASSED] - break: null

2022-03-08 13:53:47 - [MESSAGE][PASSED] - Call Test Case 'Test Cases/Mobile/Page/Login/Login' successfully

2022-03-08 13:53:47 - [MESSAGE][PASSED] - Call Test Case 'Test Cases/Mobile/Page/CheckLogin' successfully

2022-03-08 13:53:47 - [TEST_STEP][PASSED] - tap(HOME_MenubarPortfolio, 0): Tapped on element 'Object Repository/Mobile/Page/Home/Menubar - Portfolio'

2022-03-08 13:53:47 - [MESSAGE][WARNING] - Timeout '0' is invalid. Using default page load timeout: '60'

2022-03-08 13:53:56 - [MESSAGE][PASSED] - Tapped on element 'Object Repository/Mobile/Page/Home/Menubar - Portfolio'

2022-03-08 13:53:56 - [TEST_STEP][PASSED] - delay(1): Delayed 1 second(s)

2022-03-08 13:53:57 - [MESSAGE][PASSED] - Delayed 1 second(s)

2022-03-08 13:53:57 - [TEST_STEP][PASSED] - for ([i = 0, i < 1, (i++)]): scroll.scroll.scrollScreenBottomToTop is PASSED

2022-03-08 13:53:57 - [TEST_STEP][PASSED] - if (tab == "summary"): null

2022-03-08 13:53:57 - [TEST_STEP][PASSED] - else if (tab == "stock"): null

2022-03-08 13:53:57 - [TEST_STEP][PASSED] - else if (tab == "mutualfund"): scroll.scroll.scrollScreenBottomToTop is PASSED

2022-03-08 13:53:57 - [TEST_STEP][PASSED] - tap(PORT_TabMutualFund, 0): Tapped on element 'Object Repository/Mobile/Page/Portfolio/Tab - Mutual Fund'

2022-03-08 13:53:57 - [MESSAGE][WARNING] - Timeout '0' is invalid. Using default page load timeout: '60'

2022-03-08 13:53:58 - [MESSAGE][PASSED] - Tapped on element 'Object Repository/Mobile/Page/Portfolio/Tab - Mutual Fund'

2022-03-08 13:53:58 - [TEST_STEP][PASSED] - delay(1): Delayed 1 second(s)

2022-03-08 13:53:59 - [MESSAGE][PASSED] - Delayed 1 second(s)

2022-03-08 13:53:59 - [TEST_STEP][PASSED] - try: scroll.scroll.scrollScreenBottomToTop is PASSED

2022-03-08 13:53:59 - [TEST_STEP][PASSED] - tapAndHold(PORT_ItemTopMutualFund, 1, 10): Tapped and held on element 'Object Repository/Mobile/Page/Portfolio/Item - Top Mutual Fund' with duration 1

2022-03-08 13:54:02 - [MESSAGE][PASSED] - Tapped and held on element 'Object Repository/Mobile/Page/Portfolio/Item - Top Mutual Fund' with duration 1

2022-03-08 13:54:02 - [TEST_STEP][PASSED] - delay(2): Delayed 2 second(s)

2022-03-08 13:54:04 - [MESSAGE][PASSED] - Delayed 2 second(s)

2022-03-08 13:54:04 - [TEST_STEP][PASSED] - switch (action2): null

2022-03-08 13:54:04 - [TEST_STEP][PASSED] - case "1 month":: null

2022-03-08 13:54:04 - [TEST_STEP][PASSED] - tapAndHold(PORT_DETL_Btn1Month, 1, 0): Tapped and held on element 'Object Repository/Mobile/Page/Portfolio/Detail Mutual Funds/Button - 1 Month' with duration 1

2022-03-08 13:54:04 - [MESSAGE][WARNING] - Timeout '0' is invalid. Using default page load timeout: '60'

2022-03-08 13:54:06 - [MESSAGE][PASSED] - Tapped and held on element 'Object Repository/Mobile/Page/Portfolio/Detail Mutual Funds/Button - 1 Month' with duration 1

2022-03-08 13:54:06 - [TEST_STEP][PASSED] - break: null

2022-03-08 13:54:06 - [TEST_STEP][PASSED] - delay(3): Delayed 3 second(s)

2022-03-08 13:54:09 - [MESSAGE][PASSED] - Delayed 3 second(s)

2022-03-08 13:54:09 - [TEST_STEP][PASSED] - scroll.scroll.scrollScreenBottomToTop(): scroll.scroll.scrollScreenBottomToTop is PASSED

2022-03-08 13:54:10 - [MESSAGE][PASSED] - Current device physical height is 1423

2022-03-08 13:54:10 - [MESSAGE][PASSED] - Current device physical width is 720

2022-03-08 13:54:11 - [MESSAGE][PASSED] - Swiped from 360,1,138 to 360,284

2022-03-08 13:54:11 - [MESSAGE][PASSED] - scroll.scroll.scrollScreenBottomToTop is PASSED

2022-03-08 13:54:11 - [MESSAGE][PASSED] - Call Test Case 'Test Cases/Mobile/Page/Portfolio/Portfolio' successfully

2022-03-08 13:54:11 - [TEST_STEP][PASSED] - callTestCase(findTestCase("Mobile/Page/Run App/Terminate App"), [:], STOP_ON_FAILURE): Call Test Case 'Test Cases/Mobile/Page/Run App/Terminate App' successfully

2022-03-08 13:54:11 - [TEST_CASE][PASSED] - Test Cases/Mobile/Page/Run App/Terminate App: Test Cases/Mobile/Page/Run App/Terminate App

2022-03-08 13:54:11 - [TEST_STEP][PASSED] - startApp.OpenApp.terminateApplication(): startApp.OpenApp.terminateApplication is PASSED

2022-03-08 13:54:14 - [MESSAGE][PASSED] - Delayed 3 second(s)

2022-03-08 13:54:14 - [MESSAGE][PASSED] - Current device physical width is 720

2022-03-08 13:54:15 - [MESSAGE][PASSED] - Current device physical height is 1423

2022-03-08 13:54:16 - [MESSAGE][PASSED] - Swiped from 360,853 to 360,142

2022-03-08 13:54:17 - [MESSAGE][PASSED] - Delayed 1 second(s)

2022-03-08 13:54:18 - [MESSAGE][PASSED] - Swiped from 360,853 to 360,142

2022-03-08 13:54:21 - [MESSAGE][PASSED] - Delayed 3 second(s)

2022-03-08 13:54:21 - [MESSAGE][PASSED] - startApp.OpenApp.terminateApplication is PASSED

2022-03-08 13:54:21 - [MESSAGE][PASSED] - Call Test Case 'Test Cases/Mobile/Page/Run App/Terminate App' successfully]]></system-out>
         <system-err><![CDATA[]]></system-err>
      </testcase>
      <testcase name="Test Cases/Mobile/Scenario/Portfolio/014 - Melihat detail mutual fund 3 month" time="93.038" classname="Test Cases/Mobile/Scenario/Portfolio/014 - Melihat detail mutual fund 3 month" status="PASSED">
         <system-out><![CDATA[2022-03-08 13:54:21 - [TEST_CASE][PASSED] - Test Cases/Mobile/Scenario/Portfolio/014 - Melihat detail mutual fund 3 month: Test Cases/Mobile/Scenario/Portfolio/014 - Melihat detail mutual fund 3 month

2022-03-08 13:54:21 - [TEST_STEP][PASSED] - callTestCase(findTestCase("Mobile/Page/Run App/Run App byID"), [:], STOP_ON_FAILURE): Call Test Case 'Test Cases/Mobile/Page/Run App/Run App byID' successfully

2022-03-08 13:54:22 - [TEST_CASE][PASSED] - Test Cases/Mobile/Page/Run App/Run App byID: Test Cases/Mobile/Page/Run App/Run App byID

2022-03-08 13:54:22 - [TEST_STEP][PASSED] - startApp.OpenApp.startApplication("id.co.miraeasset.sageclub"): startApp.OpenApp.startApplication is PASSED

2022-03-08 13:54:34 - [MESSAGE][PASSED] - Starting app with application ID: 'id.co.miraeasset.sageclub'

2022-03-08 13:54:34 - [MESSAGE][PASSED] - startApp.OpenApp.startApplication is PASSED

2022-03-08 13:54:34 - [MESSAGE][PASSED] - Call Test Case 'Test Cases/Mobile/Page/Run App/Run App byID' successfully

2022-03-08 13:54:34 - [TEST_STEP][PASSED] - callTestCase(findTestCase("Mobile/Page/Portfolio/Portfolio"), ["tab":"mutualfund", "action2":"3 month"], CONTINUE_ON_FAILURE): Call Test Case 'Test Cases/Mobile/Page/Portfolio/Portfolio' successfully

2022-03-08 13:54:34 - [TEST_CASE][PASSED] - Test Cases/Mobile/Page/Portfolio/Portfolio: Test Cases/Mobile/Page/Portfolio/Portfolio

2022-03-08 13:54:34 - [TEST_STEP][PASSED] - callTestCase(findTestCase("Mobile/Page/CheckLogin"), [:], CONTINUE_ON_FAILURE): Call Test Case 'Test Cases/Mobile/Page/CheckLogin' successfully

2022-03-08 13:54:34 - [TEST_CASE][PASSED] - Test Cases/Mobile/Page/CheckLogin: Test Cases/Mobile/Page/CheckLogin

2022-03-08 13:54:34 - [TEST_STEP][PASSED] - loginCheck = verifyElementExist(LOGN_BtnLogin, 5, CONTINUE_ON_FAILURE): Element 'Object Repository/Mobile/Page/Login/Button - Login' is exist

2022-03-08 13:54:36 - [MESSAGE][PASSED] - Element 'Object Repository/Mobile/Page/Login/Button - Login' is exist

2022-03-08 13:54:36 - [TEST_STEP][PASSED] - if (loginCheck): Call Test Case 'Test Cases/Mobile/Page/Login/Login' successfully

2022-03-08 13:54:36 - [TEST_STEP][PASSED] - callTestCase(findTestCase("Mobile/Page/Login/Login"), ["action":"username"], CONTINUE_ON_FAILURE): Call Test Case 'Test Cases/Mobile/Page/Login/Login' successfully

2022-03-08 13:54:36 - [TEST_CASE][PASSED] - Test Cases/Mobile/Page/Login/Login: Test Cases/Mobile/Page/Login/Login

2022-03-08 13:54:36 - [TEST_STEP][PASSED] - delay(2): Delayed 2 second(s)

2022-03-08 13:54:38 - [MESSAGE][PASSED] - Delayed 2 second(s)

2022-03-08 13:54:38 - [TEST_STEP][PASSED] - for ([i = 0, i < 1, (i++)]): null

2022-03-08 13:54:38 - [TEST_STEP][PASSED] - if (action == "username"): null

2022-03-08 13:54:38 - [TEST_STEP][PASSED] - tap(LOGN_EdtUserID, 0): Tapped on element 'Object Repository/Mobile/Page/Login/Input - UserID'

2022-03-08 13:54:38 - [MESSAGE][WARNING] - Timeout '0' is invalid. Using default page load timeout: '60'

2022-03-08 13:54:38 - [MESSAGE][PASSED] - Tapped on element 'Object Repository/Mobile/Page/Login/Input - UserID'

2022-03-08 13:54:38 - [TEST_STEP][PASSED] - delay(1): Delayed 1 second(s)

2022-03-08 13:54:39 - [MESSAGE][PASSED] - Delayed 1 second(s)

2022-03-08 13:54:39 - [TEST_STEP][PASSED] - setText(LOGN_EdtRdyUserID, "anggaaditya", 0): Text 'anggaaditya' has been set to element 'Object Repository/Mobile/Page/Login/Input Rdy - UserID'

2022-03-08 13:54:39 - [MESSAGE][WARNING] - Timeout '0' is invalid. Using default page load timeout: '60'

2022-03-08 13:54:40 - [MESSAGE][PASSED] - Text 'anggaaditya' has been set to element 'Object Repository/Mobile/Page/Login/Input Rdy - UserID'

2022-03-08 13:54:40 - [TEST_STEP][PASSED] - delay(1): Delayed 1 second(s)

2022-03-08 13:54:41 - [MESSAGE][PASSED] - Delayed 1 second(s)

2022-03-08 13:54:41 - [TEST_STEP][PASSED] - hideKeyboard(): Keyboard is hidden

2022-03-08 13:54:44 - [MESSAGE][PASSED] - Keyboard is hidden

2022-03-08 13:54:44 - [TEST_STEP][PASSED] - tap(LOGN_EdtPassword, 0): Tapped on element 'Object Repository/Mobile/Page/Login/Input - Password'

2022-03-08 13:54:44 - [MESSAGE][WARNING] - Timeout '0' is invalid. Using default page load timeout: '60'

2022-03-08 13:54:45 - [MESSAGE][PASSED] - Tapped on element 'Object Repository/Mobile/Page/Login/Input - Password'

2022-03-08 13:54:45 - [TEST_STEP][PASSED] - delay(1): Delayed 1 second(s)

2022-03-08 13:54:46 - [MESSAGE][PASSED] - Delayed 1 second(s)

2022-03-08 13:54:46 - [TEST_STEP][PASSED] - setText(LOGN_EdtRdyPassword, "Shalawa18", 0): Text 'Shalawa18' has been set to element 'Object Repository/Mobile/Page/Login/Input Rdy - Password'

2022-03-08 13:54:46 - [MESSAGE][WARNING] - Timeout '0' is invalid. Using default page load timeout: '60'

2022-03-08 13:54:47 - [MESSAGE][PASSED] - Text 'Shalawa18' has been set to element 'Object Repository/Mobile/Page/Login/Input Rdy - Password'

2022-03-08 13:54:47 - [TEST_STEP][PASSED] - delay(1): Delayed 1 second(s)

2022-03-08 13:54:48 - [MESSAGE][PASSED] - Delayed 1 second(s)

2022-03-08 13:54:48 - [TEST_STEP][PASSED] - hideKeyboard(): Keyboard is hidden

2022-03-08 13:54:54 - [MESSAGE][PASSED] - Keyboard is hidden

2022-03-08 13:54:54 - [TEST_STEP][PASSED] - tap(LOGN_BtnLogin, 0): Tapped on element 'Object Repository/Mobile/Page/Login/Button - Login'

2022-03-08 13:54:54 - [MESSAGE][WARNING] - Timeout '0' is invalid. Using default page load timeout: '60'

2022-03-08 13:54:55 - [MESSAGE][PASSED] - Tapped on element 'Object Repository/Mobile/Page/Login/Button - Login'

2022-03-08 13:54:55 - [TEST_STEP][PASSED] - delay(2): Delayed 2 second(s)

2022-03-08 13:54:57 - [MESSAGE][PASSED] - Delayed 2 second(s)

2022-03-08 13:54:57 - [TEST_STEP][PASSED] - break: null

2022-03-08 13:54:57 - [MESSAGE][PASSED] - Call Test Case 'Test Cases/Mobile/Page/Login/Login' successfully

2022-03-08 13:54:57 - [MESSAGE][PASSED] - Call Test Case 'Test Cases/Mobile/Page/CheckLogin' successfully

2022-03-08 13:54:57 - [TEST_STEP][PASSED] - tap(HOME_MenubarPortfolio, 0): Tapped on element 'Object Repository/Mobile/Page/Home/Menubar - Portfolio'

2022-03-08 13:54:57 - [MESSAGE][WARNING] - Timeout '0' is invalid. Using default page load timeout: '60'

2022-03-08 13:54:59 - [MESSAGE][PASSED] - Tapped on element 'Object Repository/Mobile/Page/Home/Menubar - Portfolio'

2022-03-08 13:54:59 - [TEST_STEP][PASSED] - delay(1): Delayed 1 second(s)

2022-03-08 13:55:00 - [MESSAGE][PASSED] - Delayed 1 second(s)

2022-03-08 13:55:00 - [TEST_STEP][PASSED] - for ([i = 0, i < 1, (i++)]): scroll.scroll.scrollScreenBottomToTop is PASSED

2022-03-08 13:55:00 - [TEST_STEP][PASSED] - if (tab == "summary"): null

2022-03-08 13:55:00 - [TEST_STEP][PASSED] - else if (tab == "stock"): null

2022-03-08 13:55:00 - [TEST_STEP][PASSED] - else if (tab == "mutualfund"): scroll.scroll.scrollScreenBottomToTop is PASSED

2022-03-08 13:55:00 - [TEST_STEP][PASSED] - tap(PORT_TabMutualFund, 0): Tapped on element 'Object Repository/Mobile/Page/Portfolio/Tab - Mutual Fund'

2022-03-08 13:55:00 - [MESSAGE][WARNING] - Timeout '0' is invalid. Using default page load timeout: '60'

2022-03-08 13:55:02 - [MESSAGE][PASSED] - Tapped on element 'Object Repository/Mobile/Page/Portfolio/Tab - Mutual Fund'

2022-03-08 13:55:02 - [TEST_STEP][PASSED] - delay(1): Delayed 1 second(s)

2022-03-08 13:55:03 - [MESSAGE][PASSED] - Delayed 1 second(s)

2022-03-08 13:55:03 - [TEST_STEP][PASSED] - try: scroll.scroll.scrollScreenBottomToTop is PASSED

2022-03-08 13:55:03 - [TEST_STEP][PASSED] - tapAndHold(PORT_ItemTopMutualFund, 1, 10): Tapped and held on element 'Object Repository/Mobile/Page/Portfolio/Item - Top Mutual Fund' with duration 1

2022-03-08 13:55:06 - [MESSAGE][PASSED] - Tapped and held on element 'Object Repository/Mobile/Page/Portfolio/Item - Top Mutual Fund' with duration 1

2022-03-08 13:55:06 - [TEST_STEP][PASSED] - delay(2): Delayed 2 second(s)

2022-03-08 13:55:08 - [MESSAGE][PASSED] - Delayed 2 second(s)

2022-03-08 13:55:08 - [TEST_STEP][PASSED] - switch (action2): null

2022-03-08 13:55:08 - [TEST_STEP][PASSED] - case "3 month":: null

2022-03-08 13:55:08 - [TEST_STEP][PASSED] - tapAndHold(PORT_DETL_Btn3Month, 1, 0): Tapped and held on element 'Object Repository/Mobile/Page/Portfolio/Detail Mutual Funds/Button - 3 Month' with duration 1

2022-03-08 13:55:08 - [MESSAGE][WARNING] - Timeout '0' is invalid. Using default page load timeout: '60'

2022-03-08 13:55:39 - [MESSAGE][PASSED] - Tapped and held on element 'Object Repository/Mobile/Page/Portfolio/Detail Mutual Funds/Button - 3 Month' with duration 1

2022-03-08 13:55:39 - [TEST_STEP][PASSED] - break: null

2022-03-08 13:55:39 - [TEST_STEP][PASSED] - delay(3): Delayed 3 second(s)

2022-03-08 13:55:42 - [MESSAGE][PASSED] - Delayed 3 second(s)

2022-03-08 13:55:42 - [TEST_STEP][PASSED] - scroll.scroll.scrollScreenBottomToTop(): scroll.scroll.scrollScreenBottomToTop is PASSED

2022-03-08 13:55:43 - [MESSAGE][PASSED] - Current device physical height is 1423

2022-03-08 13:55:43 - [MESSAGE][PASSED] - Current device physical width is 720

2022-03-08 13:55:44 - [MESSAGE][PASSED] - Swiped from 360,1,138 to 360,284

2022-03-08 13:55:44 - [MESSAGE][PASSED] - scroll.scroll.scrollScreenBottomToTop is PASSED

2022-03-08 13:55:44 - [MESSAGE][PASSED] - Call Test Case 'Test Cases/Mobile/Page/Portfolio/Portfolio' successfully

2022-03-08 13:55:44 - [TEST_STEP][PASSED] - callTestCase(findTestCase("Mobile/Page/Run App/Terminate App"), [:], STOP_ON_FAILURE): Call Test Case 'Test Cases/Mobile/Page/Run App/Terminate App' successfully

2022-03-08 13:55:44 - [TEST_CASE][PASSED] - Test Cases/Mobile/Page/Run App/Terminate App: Test Cases/Mobile/Page/Run App/Terminate App

2022-03-08 13:55:44 - [TEST_STEP][PASSED] - startApp.OpenApp.terminateApplication(): startApp.OpenApp.terminateApplication is PASSED

2022-03-08 13:55:47 - [MESSAGE][PASSED] - Delayed 3 second(s)

2022-03-08 13:55:47 - [MESSAGE][PASSED] - Current device physical width is 720

2022-03-08 13:55:48 - [MESSAGE][PASSED] - Current device physical height is 1423

2022-03-08 13:55:49 - [MESSAGE][PASSED] - Swiped from 360,853 to 360,142

2022-03-08 13:55:50 - [MESSAGE][PASSED] - Delayed 1 second(s)

2022-03-08 13:55:51 - [MESSAGE][PASSED] - Swiped from 360,853 to 360,142

2022-03-08 13:55:54 - [MESSAGE][PASSED] - Delayed 3 second(s)

2022-03-08 13:55:54 - [MESSAGE][PASSED] - startApp.OpenApp.terminateApplication is PASSED

2022-03-08 13:55:54 - [MESSAGE][PASSED] - Call Test Case 'Test Cases/Mobile/Page/Run App/Terminate App' successfully]]></system-out>
         <system-err><![CDATA[]]></system-err>
      </testcase>
      <testcase name="Test Cases/Mobile/Scenario/Portfolio/015 - Melihat detail mutual fund 6 month" time="64.111" classname="Test Cases/Mobile/Scenario/Portfolio/015 - Melihat detail mutual fund 6 month" status="PASSED">
         <system-out><![CDATA[2022-03-08 13:55:54 - [TEST_CASE][PASSED] - Test Cases/Mobile/Scenario/Portfolio/015 - Melihat detail mutual fund 6 month: Test Cases/Mobile/Scenario/Portfolio/015 - Melihat detail mutual fund 6 month

2022-03-08 13:55:55 - [TEST_STEP][PASSED] - callTestCase(findTestCase("Mobile/Page/Run App/Run App byID"), [:], STOP_ON_FAILURE): Call Test Case 'Test Cases/Mobile/Page/Run App/Run App byID' successfully

2022-03-08 13:55:55 - [TEST_CASE][PASSED] - Test Cases/Mobile/Page/Run App/Run App byID: Test Cases/Mobile/Page/Run App/Run App byID

2022-03-08 13:55:55 - [TEST_STEP][PASSED] - startApp.OpenApp.startApplication("id.co.miraeasset.sageclub"): startApp.OpenApp.startApplication is PASSED

2022-03-08 13:56:07 - [MESSAGE][PASSED] - Starting app with application ID: 'id.co.miraeasset.sageclub'

2022-03-08 13:56:07 - [MESSAGE][PASSED] - startApp.OpenApp.startApplication is PASSED

2022-03-08 13:56:07 - [MESSAGE][PASSED] - Call Test Case 'Test Cases/Mobile/Page/Run App/Run App byID' successfully

2022-03-08 13:56:07 - [TEST_STEP][PASSED] - callTestCase(findTestCase("Mobile/Page/Portfolio/Portfolio"), ["tab":"mutualfund", "action2":"6 month"], CONTINUE_ON_FAILURE): Call Test Case 'Test Cases/Mobile/Page/Portfolio/Portfolio' successfully

2022-03-08 13:56:07 - [TEST_CASE][PASSED] - Test Cases/Mobile/Page/Portfolio/Portfolio: Test Cases/Mobile/Page/Portfolio/Portfolio

2022-03-08 13:56:07 - [TEST_STEP][PASSED] - callTestCase(findTestCase("Mobile/Page/CheckLogin"), [:], CONTINUE_ON_FAILURE): Call Test Case 'Test Cases/Mobile/Page/CheckLogin' successfully

2022-03-08 13:56:07 - [TEST_CASE][PASSED] - Test Cases/Mobile/Page/CheckLogin: Test Cases/Mobile/Page/CheckLogin

2022-03-08 13:56:07 - [TEST_STEP][PASSED] - loginCheck = verifyElementExist(LOGN_BtnLogin, 5, CONTINUE_ON_FAILURE): Element 'Object Repository/Mobile/Page/Login/Button - Login' is exist

2022-03-08 13:56:09 - [MESSAGE][PASSED] - Element 'Object Repository/Mobile/Page/Login/Button - Login' is exist

2022-03-08 13:56:09 - [TEST_STEP][PASSED] - if (loginCheck): Call Test Case 'Test Cases/Mobile/Page/Login/Login' successfully

2022-03-08 13:56:09 - [TEST_STEP][PASSED] - callTestCase(findTestCase("Mobile/Page/Login/Login"), ["action":"username"], CONTINUE_ON_FAILURE): Call Test Case 'Test Cases/Mobile/Page/Login/Login' successfully

2022-03-08 13:56:09 - [TEST_CASE][PASSED] - Test Cases/Mobile/Page/Login/Login: Test Cases/Mobile/Page/Login/Login

2022-03-08 13:56:09 - [TEST_STEP][PASSED] - delay(2): Delayed 2 second(s)

2022-03-08 13:56:11 - [MESSAGE][PASSED] - Delayed 2 second(s)

2022-03-08 13:56:11 - [TEST_STEP][PASSED] - for ([i = 0, i < 1, (i++)]): null

2022-03-08 13:56:11 - [TEST_STEP][PASSED] - if (action == "username"): null

2022-03-08 13:56:11 - [TEST_STEP][PASSED] - tap(LOGN_EdtUserID, 0): Tapped on element 'Object Repository/Mobile/Page/Login/Input - UserID'

2022-03-08 13:56:11 - [MESSAGE][WARNING] - Timeout '0' is invalid. Using default page load timeout: '60'

2022-03-08 13:56:11 - [MESSAGE][PASSED] - Tapped on element 'Object Repository/Mobile/Page/Login/Input - UserID'

2022-03-08 13:56:11 - [TEST_STEP][PASSED] - delay(1): Delayed 1 second(s)

2022-03-08 13:56:12 - [MESSAGE][PASSED] - Delayed 1 second(s)

2022-03-08 13:56:12 - [TEST_STEP][PASSED] - setText(LOGN_EdtRdyUserID, "anggaaditya", 0): Text 'anggaaditya' has been set to element 'Object Repository/Mobile/Page/Login/Input Rdy - UserID'

2022-03-08 13:56:12 - [MESSAGE][WARNING] - Timeout '0' is invalid. Using default page load timeout: '60'

2022-03-08 13:56:13 - [MESSAGE][PASSED] - Text 'anggaaditya' has been set to element 'Object Repository/Mobile/Page/Login/Input Rdy - UserID'

2022-03-08 13:56:13 - [TEST_STEP][PASSED] - delay(1): Delayed 1 second(s)

2022-03-08 13:56:14 - [MESSAGE][PASSED] - Delayed 1 second(s)

2022-03-08 13:56:14 - [TEST_STEP][PASSED] - hideKeyboard(): Keyboard is hidden

2022-03-08 13:56:17 - [MESSAGE][PASSED] - Keyboard is hidden

2022-03-08 13:56:17 - [TEST_STEP][PASSED] - tap(LOGN_EdtPassword, 0): Tapped on element 'Object Repository/Mobile/Page/Login/Input - Password'

2022-03-08 13:56:17 - [MESSAGE][WARNING] - Timeout '0' is invalid. Using default page load timeout: '60'

2022-03-08 13:56:18 - [MESSAGE][PASSED] - Tapped on element 'Object Repository/Mobile/Page/Login/Input - Password'

2022-03-08 13:56:18 - [TEST_STEP][PASSED] - delay(1): Delayed 1 second(s)

2022-03-08 13:56:19 - [MESSAGE][PASSED] - Delayed 1 second(s)

2022-03-08 13:56:19 - [TEST_STEP][PASSED] - setText(LOGN_EdtRdyPassword, "Shalawa18", 0): Text 'Shalawa18' has been set to element 'Object Repository/Mobile/Page/Login/Input Rdy - Password'

2022-03-08 13:56:19 - [MESSAGE][WARNING] - Timeout '0' is invalid. Using default page load timeout: '60'

2022-03-08 13:56:20 - [MESSAGE][PASSED] - Text 'Shalawa18' has been set to element 'Object Repository/Mobile/Page/Login/Input Rdy - Password'

2022-03-08 13:56:20 - [TEST_STEP][PASSED] - delay(1): Delayed 1 second(s)

2022-03-08 13:56:21 - [MESSAGE][PASSED] - Delayed 1 second(s)

2022-03-08 13:56:21 - [TEST_STEP][PASSED] - hideKeyboard(): Keyboard is hidden

2022-03-08 13:56:27 - [MESSAGE][PASSED] - Keyboard is hidden

2022-03-08 13:56:27 - [TEST_STEP][PASSED] - tap(LOGN_BtnLogin, 0): Tapped on element 'Object Repository/Mobile/Page/Login/Button - Login'

2022-03-08 13:56:27 - [MESSAGE][WARNING] - Timeout '0' is invalid. Using default page load timeout: '60'

2022-03-08 13:56:28 - [MESSAGE][PASSED] - Tapped on element 'Object Repository/Mobile/Page/Login/Button - Login'

2022-03-08 13:56:28 - [TEST_STEP][PASSED] - delay(2): Delayed 2 second(s)

2022-03-08 13:56:30 - [MESSAGE][PASSED] - Delayed 2 second(s)

2022-03-08 13:56:30 - [TEST_STEP][PASSED] - break: null

2022-03-08 13:56:30 - [MESSAGE][PASSED] - Call Test Case 'Test Cases/Mobile/Page/Login/Login' successfully

2022-03-08 13:56:30 - [MESSAGE][PASSED] - Call Test Case 'Test Cases/Mobile/Page/CheckLogin' successfully

2022-03-08 13:56:30 - [TEST_STEP][PASSED] - tap(HOME_MenubarPortfolio, 0): Tapped on element 'Object Repository/Mobile/Page/Home/Menubar - Portfolio'

2022-03-08 13:56:30 - [MESSAGE][WARNING] - Timeout '0' is invalid. Using default page load timeout: '60'

2022-03-08 13:56:31 - [MESSAGE][PASSED] - Tapped on element 'Object Repository/Mobile/Page/Home/Menubar - Portfolio'

2022-03-08 13:56:31 - [TEST_STEP][PASSED] - delay(1): Delayed 1 second(s)

2022-03-08 13:56:32 - [MESSAGE][PASSED] - Delayed 1 second(s)

2022-03-08 13:56:32 - [TEST_STEP][PASSED] - for ([i = 0, i < 1, (i++)]): scroll.scroll.scrollScreenBottomToTop is PASSED

2022-03-08 13:56:32 - [TEST_STEP][PASSED] - if (tab == "summary"): null

2022-03-08 13:56:32 - [TEST_STEP][PASSED] - else if (tab == "stock"): null

2022-03-08 13:56:32 - [TEST_STEP][PASSED] - else if (tab == "mutualfund"): scroll.scroll.scrollScreenBottomToTop is PASSED

2022-03-08 13:56:32 - [TEST_STEP][PASSED] - tap(PORT_TabMutualFund, 0): Tapped on element 'Object Repository/Mobile/Page/Portfolio/Tab - Mutual Fund'

2022-03-08 13:56:32 - [MESSAGE][WARNING] - Timeout '0' is invalid. Using default page load timeout: '60'

2022-03-08 13:56:34 - [MESSAGE][PASSED] - Tapped on element 'Object Repository/Mobile/Page/Portfolio/Tab - Mutual Fund'

2022-03-08 13:56:34 - [TEST_STEP][PASSED] - delay(1): Delayed 1 second(s)

2022-03-08 13:56:35 - [MESSAGE][PASSED] - Delayed 1 second(s)

2022-03-08 13:56:35 - [TEST_STEP][PASSED] - try: scroll.scroll.scrollScreenBottomToTop is PASSED

2022-03-08 13:56:35 - [TEST_STEP][PASSED] - tapAndHold(PORT_ItemTopMutualFund, 1, 10): Tapped and held on element 'Object Repository/Mobile/Page/Portfolio/Item - Top Mutual Fund' with duration 1

2022-03-08 13:56:38 - [MESSAGE][PASSED] - Tapped and held on element 'Object Repository/Mobile/Page/Portfolio/Item - Top Mutual Fund' with duration 1

2022-03-08 13:56:38 - [TEST_STEP][PASSED] - delay(2): Delayed 2 second(s)

2022-03-08 13:56:40 - [MESSAGE][PASSED] - Delayed 2 second(s)

2022-03-08 13:56:40 - [TEST_STEP][PASSED] - switch (action2): null

2022-03-08 13:56:40 - [TEST_STEP][PASSED] - case "6 month":: null

2022-03-08 13:56:40 - [TEST_STEP][PASSED] - tapAndHold(PORT_DETL_Btn6Month, 1, 0): Tapped and held on element 'Object Repository/Mobile/Page/Portfolio/Detail Mutual Funds/Button - 6 Month' with duration 1

2022-03-08 13:56:40 - [MESSAGE][WARNING] - Timeout '0' is invalid. Using default page load timeout: '60'

2022-03-08 13:56:44 - [MESSAGE][PASSED] - Tapped and held on element 'Object Repository/Mobile/Page/Portfolio/Detail Mutual Funds/Button - 6 Month' with duration 1

2022-03-08 13:56:44 - [TEST_STEP][PASSED] - break: null

2022-03-08 13:56:44 - [TEST_STEP][PASSED] - delay(3): Delayed 3 second(s)

2022-03-08 13:56:47 - [MESSAGE][PASSED] - Delayed 3 second(s)

2022-03-08 13:56:47 - [TEST_STEP][PASSED] - scroll.scroll.scrollScreenBottomToTop(): scroll.scroll.scrollScreenBottomToTop is PASSED

2022-03-08 13:56:47 - [MESSAGE][PASSED] - Current device physical height is 1423

2022-03-08 13:56:47 - [MESSAGE][PASSED] - Current device physical width is 720

2022-03-08 13:56:48 - [MESSAGE][PASSED] - Swiped from 360,1,138 to 360,284

2022-03-08 13:56:48 - [MESSAGE][PASSED] - scroll.scroll.scrollScreenBottomToTop is PASSED

2022-03-08 13:56:48 - [MESSAGE][PASSED] - Call Test Case 'Test Cases/Mobile/Page/Portfolio/Portfolio' successfully

2022-03-08 13:56:48 - [TEST_STEP][PASSED] - callTestCase(findTestCase("Mobile/Page/Run App/Terminate App"), [:], STOP_ON_FAILURE): Call Test Case 'Test Cases/Mobile/Page/Run App/Terminate App' successfully

2022-03-08 13:56:48 - [TEST_CASE][PASSED] - Test Cases/Mobile/Page/Run App/Terminate App: Test Cases/Mobile/Page/Run App/Terminate App

2022-03-08 13:56:48 - [TEST_STEP][PASSED] - startApp.OpenApp.terminateApplication(): startApp.OpenApp.terminateApplication is PASSED

2022-03-08 13:56:51 - [MESSAGE][PASSED] - Delayed 3 second(s)

2022-03-08 13:56:52 - [MESSAGE][PASSED] - Current device physical width is 720

2022-03-08 13:56:52 - [MESSAGE][PASSED] - Current device physical height is 1423

2022-03-08 13:56:53 - [MESSAGE][PASSED] - Swiped from 360,853 to 360,142

2022-03-08 13:56:54 - [MESSAGE][PASSED] - Delayed 1 second(s)

2022-03-08 13:56:55 - [MESSAGE][PASSED] - Swiped from 360,853 to 360,142

2022-03-08 13:56:58 - [MESSAGE][PASSED] - Delayed 3 second(s)

2022-03-08 13:56:58 - [MESSAGE][PASSED] - startApp.OpenApp.terminateApplication is PASSED

2022-03-08 13:56:58 - [MESSAGE][PASSED] - Call Test Case 'Test Cases/Mobile/Page/Run App/Terminate App' successfully]]></system-out>
         <system-err><![CDATA[]]></system-err>
      </testcase>
      <testcase name="Test Cases/Mobile/Scenario/Portfolio/016 - Melihat detail mutual fund 1 year" time="63.306" classname="Test Cases/Mobile/Scenario/Portfolio/016 - Melihat detail mutual fund 1 year" status="PASSED">
         <system-out><![CDATA[2022-03-08 13:56:58 - [TEST_CASE][PASSED] - Test Cases/Mobile/Scenario/Portfolio/016 - Melihat detail mutual fund 1 year: Test Cases/Mobile/Scenario/Portfolio/016 - Melihat detail mutual fund 1 year

2022-03-08 13:56:59 - [TEST_STEP][PASSED] - callTestCase(findTestCase("Mobile/Page/Run App/Run App byID"), [:], STOP_ON_FAILURE): Call Test Case 'Test Cases/Mobile/Page/Run App/Run App byID' successfully

2022-03-08 13:56:59 - [TEST_CASE][PASSED] - Test Cases/Mobile/Page/Run App/Run App byID: Test Cases/Mobile/Page/Run App/Run App byID

2022-03-08 13:56:59 - [TEST_STEP][PASSED] - startApp.OpenApp.startApplication("id.co.miraeasset.sageclub"): startApp.OpenApp.startApplication is PASSED

2022-03-08 13:57:11 - [MESSAGE][PASSED] - Starting app with application ID: 'id.co.miraeasset.sageclub'

2022-03-08 13:57:11 - [MESSAGE][PASSED] - startApp.OpenApp.startApplication is PASSED

2022-03-08 13:57:11 - [MESSAGE][PASSED] - Call Test Case 'Test Cases/Mobile/Page/Run App/Run App byID' successfully

2022-03-08 13:57:11 - [TEST_STEP][PASSED] - callTestCase(findTestCase("Mobile/Page/Portfolio/Portfolio"), ["tab":"mutualfund", "action2":"1 year"], CONTINUE_ON_FAILURE): Call Test Case 'Test Cases/Mobile/Page/Portfolio/Portfolio' successfully

2022-03-08 13:57:11 - [TEST_CASE][PASSED] - Test Cases/Mobile/Page/Portfolio/Portfolio: Test Cases/Mobile/Page/Portfolio/Portfolio

2022-03-08 13:57:11 - [TEST_STEP][PASSED] - callTestCase(findTestCase("Mobile/Page/CheckLogin"), [:], CONTINUE_ON_FAILURE): Call Test Case 'Test Cases/Mobile/Page/CheckLogin' successfully

2022-03-08 13:57:11 - [TEST_CASE][PASSED] - Test Cases/Mobile/Page/CheckLogin: Test Cases/Mobile/Page/CheckLogin

2022-03-08 13:57:11 - [TEST_STEP][PASSED] - loginCheck = verifyElementExist(LOGN_BtnLogin, 5, CONTINUE_ON_FAILURE): Element 'Object Repository/Mobile/Page/Login/Button - Login' is exist

2022-03-08 13:57:13 - [MESSAGE][PASSED] - Element 'Object Repository/Mobile/Page/Login/Button - Login' is exist

2022-03-08 13:57:13 - [TEST_STEP][PASSED] - if (loginCheck): Call Test Case 'Test Cases/Mobile/Page/Login/Login' successfully

2022-03-08 13:57:13 - [TEST_STEP][PASSED] - callTestCase(findTestCase("Mobile/Page/Login/Login"), ["action":"username"], CONTINUE_ON_FAILURE): Call Test Case 'Test Cases/Mobile/Page/Login/Login' successfully

2022-03-08 13:57:13 - [TEST_CASE][PASSED] - Test Cases/Mobile/Page/Login/Login: Test Cases/Mobile/Page/Login/Login

2022-03-08 13:57:13 - [TEST_STEP][PASSED] - delay(2): Delayed 2 second(s)

2022-03-08 13:57:15 - [MESSAGE][PASSED] - Delayed 2 second(s)

2022-03-08 13:57:15 - [TEST_STEP][PASSED] - for ([i = 0, i < 1, (i++)]): null

2022-03-08 13:57:15 - [TEST_STEP][PASSED] - if (action == "username"): null

2022-03-08 13:57:15 - [TEST_STEP][PASSED] - tap(LOGN_EdtUserID, 0): Tapped on element 'Object Repository/Mobile/Page/Login/Input - UserID'

2022-03-08 13:57:15 - [MESSAGE][WARNING] - Timeout '0' is invalid. Using default page load timeout: '60'

2022-03-08 13:57:16 - [MESSAGE][PASSED] - Tapped on element 'Object Repository/Mobile/Page/Login/Input - UserID'

2022-03-08 13:57:16 - [TEST_STEP][PASSED] - delay(1): Delayed 1 second(s)

2022-03-08 13:57:17 - [MESSAGE][PASSED] - Delayed 1 second(s)

2022-03-08 13:57:17 - [TEST_STEP][PASSED] - setText(LOGN_EdtRdyUserID, "anggaaditya", 0): Text 'anggaaditya' has been set to element 'Object Repository/Mobile/Page/Login/Input Rdy - UserID'

2022-03-08 13:57:17 - [MESSAGE][WARNING] - Timeout '0' is invalid. Using default page load timeout: '60'

2022-03-08 13:57:17 - [MESSAGE][PASSED] - Text 'anggaaditya' has been set to element 'Object Repository/Mobile/Page/Login/Input Rdy - UserID'

2022-03-08 13:57:17 - [TEST_STEP][PASSED] - delay(1): Delayed 1 second(s)

2022-03-08 13:57:18 - [MESSAGE][PASSED] - Delayed 1 second(s)

2022-03-08 13:57:18 - [TEST_STEP][PASSED] - hideKeyboard(): Keyboard is hidden

2022-03-08 13:57:22 - [MESSAGE][PASSED] - Keyboard is hidden

2022-03-08 13:57:22 - [TEST_STEP][PASSED] - tap(LOGN_EdtPassword, 0): Tapped on element 'Object Repository/Mobile/Page/Login/Input - Password'

2022-03-08 13:57:22 - [MESSAGE][WARNING] - Timeout '0' is invalid. Using default page load timeout: '60'

2022-03-08 13:57:22 - [MESSAGE][PASSED] - Tapped on element 'Object Repository/Mobile/Page/Login/Input - Password'

2022-03-08 13:57:22 - [TEST_STEP][PASSED] - delay(1): Delayed 1 second(s)

2022-03-08 13:57:23 - [MESSAGE][PASSED] - Delayed 1 second(s)

2022-03-08 13:57:23 - [TEST_STEP][PASSED] - setText(LOGN_EdtRdyPassword, "Shalawa18", 0): Text 'Shalawa18' has been set to element 'Object Repository/Mobile/Page/Login/Input Rdy - Password'

2022-03-08 13:57:23 - [MESSAGE][WARNING] - Timeout '0' is invalid. Using default page load timeout: '60'

2022-03-08 13:57:24 - [MESSAGE][PASSED] - Text 'Shalawa18' has been set to element 'Object Repository/Mobile/Page/Login/Input Rdy - Password'

2022-03-08 13:57:24 - [TEST_STEP][PASSED] - delay(1): Delayed 1 second(s)

2022-03-08 13:57:25 - [MESSAGE][PASSED] - Delayed 1 second(s)

2022-03-08 13:57:25 - [TEST_STEP][PASSED] - hideKeyboard(): Keyboard is hidden

2022-03-08 13:57:31 - [MESSAGE][PASSED] - Keyboard is hidden

2022-03-08 13:57:31 - [TEST_STEP][PASSED] - tap(LOGN_BtnLogin, 0): Tapped on element 'Object Repository/Mobile/Page/Login/Button - Login'

2022-03-08 13:57:31 - [MESSAGE][WARNING] - Timeout '0' is invalid. Using default page load timeout: '60'

2022-03-08 13:57:31 - [MESSAGE][PASSED] - Tapped on element 'Object Repository/Mobile/Page/Login/Button - Login'

2022-03-08 13:57:31 - [TEST_STEP][PASSED] - delay(2): Delayed 2 second(s)

2022-03-08 13:57:34 - [MESSAGE][PASSED] - Delayed 2 second(s)

2022-03-08 13:57:34 - [TEST_STEP][PASSED] - break: null

2022-03-08 13:57:34 - [MESSAGE][PASSED] - Call Test Case 'Test Cases/Mobile/Page/Login/Login' successfully

2022-03-08 13:57:34 - [MESSAGE][PASSED] - Call Test Case 'Test Cases/Mobile/Page/CheckLogin' successfully

2022-03-08 13:57:34 - [TEST_STEP][PASSED] - tap(HOME_MenubarPortfolio, 0): Tapped on element 'Object Repository/Mobile/Page/Home/Menubar - Portfolio'

2022-03-08 13:57:34 - [MESSAGE][WARNING] - Timeout '0' is invalid. Using default page load timeout: '60'

2022-03-08 13:57:36 - [MESSAGE][PASSED] - Tapped on element 'Object Repository/Mobile/Page/Home/Menubar - Portfolio'

2022-03-08 13:57:36 - [TEST_STEP][PASSED] - delay(1): Delayed 1 second(s)

2022-03-08 13:57:37 - [MESSAGE][PASSED] - Delayed 1 second(s)

2022-03-08 13:57:37 - [TEST_STEP][PASSED] - for ([i = 0, i < 1, (i++)]): scroll.scroll.scrollScreenBottomToTop is PASSED

2022-03-08 13:57:37 - [TEST_STEP][PASSED] - if (tab == "summary"): null

2022-03-08 13:57:37 - [TEST_STEP][PASSED] - else if (tab == "stock"): null

2022-03-08 13:57:37 - [TEST_STEP][PASSED] - else if (tab == "mutualfund"): scroll.scroll.scrollScreenBottomToTop is PASSED

2022-03-08 13:57:37 - [TEST_STEP][PASSED] - tap(PORT_TabMutualFund, 0): Tapped on element 'Object Repository/Mobile/Page/Portfolio/Tab - Mutual Fund'

2022-03-08 13:57:37 - [MESSAGE][WARNING] - Timeout '0' is invalid. Using default page load timeout: '60'

2022-03-08 13:57:38 - [MESSAGE][PASSED] - Tapped on element 'Object Repository/Mobile/Page/Portfolio/Tab - Mutual Fund'

2022-03-08 13:57:38 - [TEST_STEP][PASSED] - delay(1): Delayed 1 second(s)

2022-03-08 13:57:39 - [MESSAGE][PASSED] - Delayed 1 second(s)

2022-03-08 13:57:39 - [TEST_STEP][PASSED] - try: scroll.scroll.scrollScreenBottomToTop is PASSED

2022-03-08 13:57:39 - [TEST_STEP][PASSED] - tapAndHold(PORT_ItemTopMutualFund, 1, 10): Tapped and held on element 'Object Repository/Mobile/Page/Portfolio/Item - Top Mutual Fund' with duration 1

2022-03-08 13:57:42 - [MESSAGE][PASSED] - Tapped and held on element 'Object Repository/Mobile/Page/Portfolio/Item - Top Mutual Fund' with duration 1

2022-03-08 13:57:42 - [TEST_STEP][PASSED] - delay(2): Delayed 2 second(s)

2022-03-08 13:57:44 - [MESSAGE][PASSED] - Delayed 2 second(s)

2022-03-08 13:57:44 - [TEST_STEP][PASSED] - switch (action2): null

2022-03-08 13:57:44 - [TEST_STEP][PASSED] - case "1 year":: null

2022-03-08 13:57:44 - [TEST_STEP][PASSED] - tapAndHold(PORT_DETL_Btn1Year, 1, 0): Tapped and held on element 'Object Repository/Mobile/Page/Portfolio/Detail Mutual Funds/Button - 1 Year' with duration 1

2022-03-08 13:57:44 - [MESSAGE][WARNING] - Timeout '0' is invalid. Using default page load timeout: '60'

2022-03-08 13:57:47 - [MESSAGE][PASSED] - Tapped and held on element 'Object Repository/Mobile/Page/Portfolio/Detail Mutual Funds/Button - 1 Year' with duration 1

2022-03-08 13:57:47 - [TEST_STEP][PASSED] - break: null

2022-03-08 13:57:47 - [TEST_STEP][PASSED] - delay(3): Delayed 3 second(s)

2022-03-08 13:57:50 - [MESSAGE][PASSED] - Delayed 3 second(s)

2022-03-08 13:57:50 - [TEST_STEP][PASSED] - scroll.scroll.scrollScreenBottomToTop(): scroll.scroll.scrollScreenBottomToTop is PASSED

2022-03-08 13:57:50 - [MESSAGE][PASSED] - Current device physical height is 1423

2022-03-08 13:57:50 - [MESSAGE][PASSED] - Current device physical width is 720

2022-03-08 13:57:52 - [MESSAGE][PASSED] - Swiped from 360,1,138 to 360,284

2022-03-08 13:57:52 - [MESSAGE][PASSED] - scroll.scroll.scrollScreenBottomToTop is PASSED

2022-03-08 13:57:52 - [MESSAGE][PASSED] - Call Test Case 'Test Cases/Mobile/Page/Portfolio/Portfolio' successfully

2022-03-08 13:57:52 - [TEST_STEP][PASSED] - callTestCase(findTestCase("Mobile/Page/Run App/Terminate App"), [:], STOP_ON_FAILURE): Call Test Case 'Test Cases/Mobile/Page/Run App/Terminate App' successfully

2022-03-08 13:57:52 - [TEST_CASE][PASSED] - Test Cases/Mobile/Page/Run App/Terminate App: Test Cases/Mobile/Page/Run App/Terminate App

2022-03-08 13:57:52 - [TEST_STEP][PASSED] - startApp.OpenApp.terminateApplication(): startApp.OpenApp.terminateApplication is PASSED

2022-03-08 13:57:55 - [MESSAGE][PASSED] - Delayed 3 second(s)

2022-03-08 13:57:55 - [MESSAGE][PASSED] - Current device physical width is 720

2022-03-08 13:57:55 - [MESSAGE][PASSED] - Current device physical height is 1423

2022-03-08 13:57:56 - [MESSAGE][PASSED] - Swiped from 360,853 to 360,142

2022-03-08 13:57:57 - [MESSAGE][PASSED] - Delayed 1 second(s)

2022-03-08 13:57:59 - [MESSAGE][PASSED] - Swiped from 360,853 to 360,142

2022-03-08 13:58:02 - [MESSAGE][PASSED] - Delayed 3 second(s)

2022-03-08 13:58:02 - [MESSAGE][PASSED] - startApp.OpenApp.terminateApplication is PASSED

2022-03-08 13:58:02 - [MESSAGE][PASSED] - Call Test Case 'Test Cases/Mobile/Page/Run App/Terminate App' successfully]]></system-out>
         <system-err><![CDATA[]]></system-err>
      </testcase>
      <testcase name="Test Cases/Mobile/Scenario/Portfolio/017 - Melihat detail mutual fund 3 year" time="63.314" classname="Test Cases/Mobile/Scenario/Portfolio/017 - Melihat detail mutual fund 3 year" status="PASSED">
         <system-out><![CDATA[2022-03-08 13:58:02 - [TEST_CASE][PASSED] - Test Cases/Mobile/Scenario/Portfolio/017 - Melihat detail mutual fund 3 year: Test Cases/Mobile/Scenario/Portfolio/017 - Melihat detail mutual fund 3 year

2022-03-08 13:58:02 - [TEST_STEP][PASSED] - callTestCase(findTestCase("Mobile/Page/Run App/Run App byID"), [:], STOP_ON_FAILURE): Call Test Case 'Test Cases/Mobile/Page/Run App/Run App byID' successfully

2022-03-08 13:58:02 - [TEST_CASE][PASSED] - Test Cases/Mobile/Page/Run App/Run App byID: Test Cases/Mobile/Page/Run App/Run App byID

2022-03-08 13:58:02 - [TEST_STEP][PASSED] - startApp.OpenApp.startApplication("id.co.miraeasset.sageclub"): startApp.OpenApp.startApplication is PASSED

2022-03-08 13:58:14 - [MESSAGE][PASSED] - Starting app with application ID: 'id.co.miraeasset.sageclub'

2022-03-08 13:58:14 - [MESSAGE][PASSED] - startApp.OpenApp.startApplication is PASSED

2022-03-08 13:58:14 - [MESSAGE][PASSED] - Call Test Case 'Test Cases/Mobile/Page/Run App/Run App byID' successfully

2022-03-08 13:58:14 - [TEST_STEP][PASSED] - callTestCase(findTestCase("Mobile/Page/Portfolio/Portfolio"), ["tab":"mutualfund", "action2":"3 year"], CONTINUE_ON_FAILURE): Call Test Case 'Test Cases/Mobile/Page/Portfolio/Portfolio' successfully

2022-03-08 13:58:14 - [TEST_CASE][PASSED] - Test Cases/Mobile/Page/Portfolio/Portfolio: Test Cases/Mobile/Page/Portfolio/Portfolio

2022-03-08 13:58:14 - [TEST_STEP][PASSED] - callTestCase(findTestCase("Mobile/Page/CheckLogin"), [:], CONTINUE_ON_FAILURE): Call Test Case 'Test Cases/Mobile/Page/CheckLogin' successfully

2022-03-08 13:58:14 - [TEST_CASE][PASSED] - Test Cases/Mobile/Page/CheckLogin: Test Cases/Mobile/Page/CheckLogin

2022-03-08 13:58:14 - [TEST_STEP][PASSED] - loginCheck = verifyElementExist(LOGN_BtnLogin, 5, CONTINUE_ON_FAILURE): Element 'Object Repository/Mobile/Page/Login/Button - Login' is exist

2022-03-08 13:58:16 - [MESSAGE][PASSED] - Element 'Object Repository/Mobile/Page/Login/Button - Login' is exist

2022-03-08 13:58:16 - [TEST_STEP][PASSED] - if (loginCheck): Call Test Case 'Test Cases/Mobile/Page/Login/Login' successfully

2022-03-08 13:58:16 - [TEST_STEP][PASSED] - callTestCase(findTestCase("Mobile/Page/Login/Login"), ["action":"username"], CONTINUE_ON_FAILURE): Call Test Case 'Test Cases/Mobile/Page/Login/Login' successfully

2022-03-08 13:58:16 - [TEST_CASE][PASSED] - Test Cases/Mobile/Page/Login/Login: Test Cases/Mobile/Page/Login/Login

2022-03-08 13:58:16 - [TEST_STEP][PASSED] - delay(2): Delayed 2 second(s)

2022-03-08 13:58:18 - [MESSAGE][PASSED] - Delayed 2 second(s)

2022-03-08 13:58:18 - [TEST_STEP][PASSED] - for ([i = 0, i < 1, (i++)]): null

2022-03-08 13:58:18 - [TEST_STEP][PASSED] - if (action == "username"): null

2022-03-08 13:58:18 - [TEST_STEP][PASSED] - tap(LOGN_EdtUserID, 0): Tapped on element 'Object Repository/Mobile/Page/Login/Input - UserID'

2022-03-08 13:58:18 - [MESSAGE][WARNING] - Timeout '0' is invalid. Using default page load timeout: '60'

2022-03-08 13:58:19 - [MESSAGE][PASSED] - Tapped on element 'Object Repository/Mobile/Page/Login/Input - UserID'

2022-03-08 13:58:19 - [TEST_STEP][PASSED] - delay(1): Delayed 1 second(s)

2022-03-08 13:58:20 - [MESSAGE][PASSED] - Delayed 1 second(s)

2022-03-08 13:58:20 - [TEST_STEP][PASSED] - setText(LOGN_EdtRdyUserID, "anggaaditya", 0): Text 'anggaaditya' has been set to element 'Object Repository/Mobile/Page/Login/Input Rdy - UserID'

2022-03-08 13:58:20 - [MESSAGE][WARNING] - Timeout '0' is invalid. Using default page load timeout: '60'

2022-03-08 13:58:21 - [MESSAGE][PASSED] - Text 'anggaaditya' has been set to element 'Object Repository/Mobile/Page/Login/Input Rdy - UserID'

2022-03-08 13:58:21 - [TEST_STEP][PASSED] - delay(1): Delayed 1 second(s)

2022-03-08 13:58:22 - [MESSAGE][PASSED] - Delayed 1 second(s)

2022-03-08 13:58:22 - [TEST_STEP][PASSED] - hideKeyboard(): Keyboard is hidden

2022-03-08 13:58:25 - [MESSAGE][PASSED] - Keyboard is hidden

2022-03-08 13:58:25 - [TEST_STEP][PASSED] - tap(LOGN_EdtPassword, 0): Tapped on element 'Object Repository/Mobile/Page/Login/Input - Password'

2022-03-08 13:58:25 - [MESSAGE][WARNING] - Timeout '0' is invalid. Using default page load timeout: '60'

2022-03-08 13:58:26 - [MESSAGE][PASSED] - Tapped on element 'Object Repository/Mobile/Page/Login/Input - Password'

2022-03-08 13:58:26 - [TEST_STEP][PASSED] - delay(1): Delayed 1 second(s)

2022-03-08 13:58:27 - [MESSAGE][PASSED] - Delayed 1 second(s)

2022-03-08 13:58:27 - [TEST_STEP][PASSED] - setText(LOGN_EdtRdyPassword, "Shalawa18", 0): Text 'Shalawa18' has been set to element 'Object Repository/Mobile/Page/Login/Input Rdy - Password'

2022-03-08 13:58:27 - [MESSAGE][WARNING] - Timeout '0' is invalid. Using default page load timeout: '60'

2022-03-08 13:58:27 - [MESSAGE][PASSED] - Text 'Shalawa18' has been set to element 'Object Repository/Mobile/Page/Login/Input Rdy - Password'

2022-03-08 13:58:27 - [TEST_STEP][PASSED] - delay(1): Delayed 1 second(s)

2022-03-08 13:58:28 - [MESSAGE][PASSED] - Delayed 1 second(s)

2022-03-08 13:58:28 - [TEST_STEP][PASSED] - hideKeyboard(): Keyboard is hidden

2022-03-08 13:58:34 - [MESSAGE][PASSED] - Keyboard is hidden

2022-03-08 13:58:34 - [TEST_STEP][PASSED] - tap(LOGN_BtnLogin, 0): Tapped on element 'Object Repository/Mobile/Page/Login/Button - Login'

2022-03-08 13:58:34 - [MESSAGE][WARNING] - Timeout '0' is invalid. Using default page load timeout: '60'

2022-03-08 13:58:35 - [MESSAGE][PASSED] - Tapped on element 'Object Repository/Mobile/Page/Login/Button - Login'

2022-03-08 13:58:35 - [TEST_STEP][PASSED] - delay(2): Delayed 2 second(s)

2022-03-08 13:58:37 - [MESSAGE][PASSED] - Delayed 2 second(s)

2022-03-08 13:58:37 - [TEST_STEP][PASSED] - break: null

2022-03-08 13:58:37 - [MESSAGE][PASSED] - Call Test Case 'Test Cases/Mobile/Page/Login/Login' successfully

2022-03-08 13:58:37 - [MESSAGE][PASSED] - Call Test Case 'Test Cases/Mobile/Page/CheckLogin' successfully

2022-03-08 13:58:37 - [TEST_STEP][PASSED] - tap(HOME_MenubarPortfolio, 0): Tapped on element 'Object Repository/Mobile/Page/Home/Menubar - Portfolio'

2022-03-08 13:58:37 - [MESSAGE][WARNING] - Timeout '0' is invalid. Using default page load timeout: '60'

2022-03-08 13:58:39 - [MESSAGE][PASSED] - Tapped on element 'Object Repository/Mobile/Page/Home/Menubar - Portfolio'

2022-03-08 13:58:39 - [TEST_STEP][PASSED] - delay(1): Delayed 1 second(s)

2022-03-08 13:58:40 - [MESSAGE][PASSED] - Delayed 1 second(s)

2022-03-08 13:58:40 - [TEST_STEP][PASSED] - for ([i = 0, i < 1, (i++)]): scroll.scroll.scrollScreenBottomToTop is PASSED

2022-03-08 13:58:40 - [TEST_STEP][PASSED] - if (tab == "summary"): null

2022-03-08 13:58:40 - [TEST_STEP][PASSED] - else if (tab == "stock"): null

2022-03-08 13:58:40 - [TEST_STEP][PASSED] - else if (tab == "mutualfund"): scroll.scroll.scrollScreenBottomToTop is PASSED

2022-03-08 13:58:40 - [TEST_STEP][PASSED] - tap(PORT_TabMutualFund, 0): Tapped on element 'Object Repository/Mobile/Page/Portfolio/Tab - Mutual Fund'

2022-03-08 13:58:40 - [MESSAGE][WARNING] - Timeout '0' is invalid. Using default page load timeout: '60'

2022-03-08 13:58:41 - [MESSAGE][PASSED] - Tapped on element 'Object Repository/Mobile/Page/Portfolio/Tab - Mutual Fund'

2022-03-08 13:58:41 - [TEST_STEP][PASSED] - delay(1): Delayed 1 second(s)

2022-03-08 13:58:43 - [MESSAGE][PASSED] - Delayed 1 second(s)

2022-03-08 13:58:43 - [TEST_STEP][PASSED] - try: scroll.scroll.scrollScreenBottomToTop is PASSED

2022-03-08 13:58:43 - [TEST_STEP][PASSED] - tapAndHold(PORT_ItemTopMutualFund, 1, 10): Tapped and held on element 'Object Repository/Mobile/Page/Portfolio/Item - Top Mutual Fund' with duration 1

2022-03-08 13:58:45 - [MESSAGE][PASSED] - Tapped and held on element 'Object Repository/Mobile/Page/Portfolio/Item - Top Mutual Fund' with duration 1

2022-03-08 13:58:45 - [TEST_STEP][PASSED] - delay(2): Delayed 2 second(s)

2022-03-08 13:58:47 - [MESSAGE][PASSED] - Delayed 2 second(s)

2022-03-08 13:58:47 - [TEST_STEP][PASSED] - switch (action2): null

2022-03-08 13:58:47 - [TEST_STEP][PASSED] - case "3 year":: null

2022-03-08 13:58:47 - [TEST_STEP][PASSED] - tapAndHold(PORT_DETL_Btn3Year, 1, 0): Tapped and held on element 'Object Repository/Mobile/Page/Portfolio/Detail Mutual Funds/Button - 3 Year' with duration 1

2022-03-08 13:58:47 - [MESSAGE][WARNING] - Timeout '0' is invalid. Using default page load timeout: '60'

2022-03-08 13:58:50 - [MESSAGE][PASSED] - Tapped and held on element 'Object Repository/Mobile/Page/Portfolio/Detail Mutual Funds/Button - 3 Year' with duration 1

2022-03-08 13:58:50 - [TEST_STEP][PASSED] - break: null

2022-03-08 13:58:50 - [TEST_STEP][PASSED] - delay(3): Delayed 3 second(s)

2022-03-08 13:58:53 - [MESSAGE][PASSED] - Delayed 3 second(s)

2022-03-08 13:58:53 - [TEST_STEP][PASSED] - scroll.scroll.scrollScreenBottomToTop(): scroll.scroll.scrollScreenBottomToTop is PASSED

2022-03-08 13:58:53 - [MESSAGE][PASSED] - Current device physical height is 1423

2022-03-08 13:58:54 - [MESSAGE][PASSED] - Current device physical width is 720

2022-03-08 13:58:55 - [MESSAGE][PASSED] - Swiped from 360,1,138 to 360,284

2022-03-08 13:58:55 - [MESSAGE][PASSED] - scroll.scroll.scrollScreenBottomToTop is PASSED

2022-03-08 13:58:55 - [MESSAGE][PASSED] - Call Test Case 'Test Cases/Mobile/Page/Portfolio/Portfolio' successfully

2022-03-08 13:58:55 - [TEST_STEP][PASSED] - callTestCase(findTestCase("Mobile/Page/Run App/Terminate App"), [:], STOP_ON_FAILURE): Call Test Case 'Test Cases/Mobile/Page/Run App/Terminate App' successfully

2022-03-08 13:58:55 - [TEST_CASE][PASSED] - Test Cases/Mobile/Page/Run App/Terminate App: Test Cases/Mobile/Page/Run App/Terminate App

2022-03-08 13:58:55 - [TEST_STEP][PASSED] - startApp.OpenApp.terminateApplication(): startApp.OpenApp.terminateApplication is PASSED

2022-03-08 13:58:58 - [MESSAGE][PASSED] - Delayed 3 second(s)

2022-03-08 13:58:58 - [MESSAGE][PASSED] - Current device physical width is 720

2022-03-08 13:58:58 - [MESSAGE][PASSED] - Current device physical height is 1423

2022-03-08 13:59:00 - [MESSAGE][PASSED] - Swiped from 360,853 to 360,142

2022-03-08 13:59:01 - [MESSAGE][PASSED] - Delayed 1 second(s)

2022-03-08 13:59:02 - [MESSAGE][PASSED] - Swiped from 360,853 to 360,142

2022-03-08 13:59:05 - [MESSAGE][PASSED] - Delayed 3 second(s)

2022-03-08 13:59:05 - [MESSAGE][PASSED] - startApp.OpenApp.terminateApplication is PASSED

2022-03-08 13:59:05 - [MESSAGE][PASSED] - Call Test Case 'Test Cases/Mobile/Page/Run App/Terminate App' successfully]]></system-out>
         <system-err><![CDATA[]]></system-err>
      </testcase>
      <testcase name="Test Cases/Mobile/Scenario/Portfolio/018 - Melihat detail mutual fund 5 year" time="66.056" classname="Test Cases/Mobile/Scenario/Portfolio/018 - Melihat detail mutual fund 5 year" status="PASSED">
         <system-out><![CDATA[2022-03-08 13:59:05 - [TEST_CASE][PASSED] - Test Cases/Mobile/Scenario/Portfolio/018 - Melihat detail mutual fund 5 year: Test Cases/Mobile/Scenario/Portfolio/018 - Melihat detail mutual fund 5 year

2022-03-08 13:59:05 - [TEST_STEP][PASSED] - callTestCase(findTestCase("Mobile/Page/Run App/Run App byID"), [:], STOP_ON_FAILURE): Call Test Case 'Test Cases/Mobile/Page/Run App/Run App byID' successfully

2022-03-08 13:59:05 - [TEST_CASE][PASSED] - Test Cases/Mobile/Page/Run App/Run App byID: Test Cases/Mobile/Page/Run App/Run App byID

2022-03-08 13:59:05 - [TEST_STEP][PASSED] - startApp.OpenApp.startApplication("id.co.miraeasset.sageclub"): startApp.OpenApp.startApplication is PASSED

2022-03-08 13:59:19 - [MESSAGE][PASSED] - Starting app with application ID: 'id.co.miraeasset.sageclub'

2022-03-08 13:59:19 - [MESSAGE][PASSED] - startApp.OpenApp.startApplication is PASSED

2022-03-08 13:59:19 - [MESSAGE][PASSED] - Call Test Case 'Test Cases/Mobile/Page/Run App/Run App byID' successfully

2022-03-08 13:59:19 - [TEST_STEP][PASSED] - callTestCase(findTestCase("Mobile/Page/Portfolio/Portfolio"), ["tab":"mutualfund", "action2":"5 year"], CONTINUE_ON_FAILURE): Call Test Case 'Test Cases/Mobile/Page/Portfolio/Portfolio' successfully

2022-03-08 13:59:19 - [TEST_CASE][PASSED] - Test Cases/Mobile/Page/Portfolio/Portfolio: Test Cases/Mobile/Page/Portfolio/Portfolio

2022-03-08 13:59:19 - [TEST_STEP][PASSED] - callTestCase(findTestCase("Mobile/Page/CheckLogin"), [:], CONTINUE_ON_FAILURE): Call Test Case 'Test Cases/Mobile/Page/CheckLogin' successfully

2022-03-08 13:59:19 - [TEST_CASE][PASSED] - Test Cases/Mobile/Page/CheckLogin: Test Cases/Mobile/Page/CheckLogin

2022-03-08 13:59:19 - [TEST_STEP][PASSED] - loginCheck = verifyElementExist(LOGN_BtnLogin, 5, CONTINUE_ON_FAILURE): Element 'Object Repository/Mobile/Page/Login/Button - Login' is exist

2022-03-08 13:59:21 - [MESSAGE][PASSED] - Element 'Object Repository/Mobile/Page/Login/Button - Login' is exist

2022-03-08 13:59:21 - [TEST_STEP][PASSED] - if (loginCheck): Call Test Case 'Test Cases/Mobile/Page/Login/Login' successfully

2022-03-08 13:59:21 - [TEST_STEP][PASSED] - callTestCase(findTestCase("Mobile/Page/Login/Login"), ["action":"username"], CONTINUE_ON_FAILURE): Call Test Case 'Test Cases/Mobile/Page/Login/Login' successfully

2022-03-08 13:59:21 - [TEST_CASE][PASSED] - Test Cases/Mobile/Page/Login/Login: Test Cases/Mobile/Page/Login/Login

2022-03-08 13:59:21 - [TEST_STEP][PASSED] - delay(2): Delayed 2 second(s)

2022-03-08 13:59:24 - [MESSAGE][PASSED] - Delayed 2 second(s)

2022-03-08 13:59:24 - [TEST_STEP][PASSED] - for ([i = 0, i < 1, (i++)]): null

2022-03-08 13:59:24 - [TEST_STEP][PASSED] - if (action == "username"): null

2022-03-08 13:59:24 - [TEST_STEP][PASSED] - tap(LOGN_EdtUserID, 0): Tapped on element 'Object Repository/Mobile/Page/Login/Input - UserID'

2022-03-08 13:59:24 - [MESSAGE][WARNING] - Timeout '0' is invalid. Using default page load timeout: '60'

2022-03-08 13:59:24 - [MESSAGE][PASSED] - Tapped on element 'Object Repository/Mobile/Page/Login/Input - UserID'

2022-03-08 13:59:24 - [TEST_STEP][PASSED] - delay(1): Delayed 1 second(s)

2022-03-08 13:59:25 - [MESSAGE][PASSED] - Delayed 1 second(s)

2022-03-08 13:59:25 - [TEST_STEP][PASSED] - setText(LOGN_EdtRdyUserID, "anggaaditya", 0): Text 'anggaaditya' has been set to element 'Object Repository/Mobile/Page/Login/Input Rdy - UserID'

2022-03-08 13:59:25 - [MESSAGE][WARNING] - Timeout '0' is invalid. Using default page load timeout: '60'

2022-03-08 13:59:26 - [MESSAGE][PASSED] - Text 'anggaaditya' has been set to element 'Object Repository/Mobile/Page/Login/Input Rdy - UserID'

2022-03-08 13:59:26 - [TEST_STEP][PASSED] - delay(1): Delayed 1 second(s)

2022-03-08 13:59:27 - [MESSAGE][PASSED] - Delayed 1 second(s)

2022-03-08 13:59:27 - [TEST_STEP][PASSED] - hideKeyboard(): Keyboard is hidden

2022-03-08 13:59:30 - [MESSAGE][PASSED] - Keyboard is hidden

2022-03-08 13:59:30 - [TEST_STEP][PASSED] - tap(LOGN_EdtPassword, 0): Tapped on element 'Object Repository/Mobile/Page/Login/Input - Password'

2022-03-08 13:59:30 - [MESSAGE][WARNING] - Timeout '0' is invalid. Using default page load timeout: '60'

2022-03-08 13:59:31 - [MESSAGE][PASSED] - Tapped on element 'Object Repository/Mobile/Page/Login/Input - Password'

2022-03-08 13:59:31 - [TEST_STEP][PASSED] - delay(1): Delayed 1 second(s)

2022-03-08 13:59:32 - [MESSAGE][PASSED] - Delayed 1 second(s)

2022-03-08 13:59:32 - [TEST_STEP][PASSED] - setText(LOGN_EdtRdyPassword, "Shalawa18", 0): Text 'Shalawa18' has been set to element 'Object Repository/Mobile/Page/Login/Input Rdy - Password'

2022-03-08 13:59:32 - [MESSAGE][WARNING] - Timeout '0' is invalid. Using default page load timeout: '60'

2022-03-08 13:59:32 - [MESSAGE][PASSED] - Text 'Shalawa18' has been set to element 'Object Repository/Mobile/Page/Login/Input Rdy - Password'

2022-03-08 13:59:32 - [TEST_STEP][PASSED] - delay(1): Delayed 1 second(s)

2022-03-08 13:59:33 - [MESSAGE][PASSED] - Delayed 1 second(s)

2022-03-08 13:59:33 - [TEST_STEP][PASSED] - hideKeyboard(): Keyboard is hidden

2022-03-08 13:59:39 - [MESSAGE][PASSED] - Keyboard is hidden

2022-03-08 13:59:39 - [TEST_STEP][PASSED] - tap(LOGN_BtnLogin, 0): Tapped on element 'Object Repository/Mobile/Page/Login/Button - Login'

2022-03-08 13:59:39 - [MESSAGE][WARNING] - Timeout '0' is invalid. Using default page load timeout: '60'

2022-03-08 13:59:40 - [MESSAGE][PASSED] - Tapped on element 'Object Repository/Mobile/Page/Login/Button - Login'

2022-03-08 13:59:40 - [TEST_STEP][PASSED] - delay(2): Delayed 2 second(s)

2022-03-08 13:59:42 - [MESSAGE][PASSED] - Delayed 2 second(s)

2022-03-08 13:59:42 - [TEST_STEP][PASSED] - break: null

2022-03-08 13:59:42 - [MESSAGE][PASSED] - Call Test Case 'Test Cases/Mobile/Page/Login/Login' successfully

2022-03-08 13:59:42 - [MESSAGE][PASSED] - Call Test Case 'Test Cases/Mobile/Page/CheckLogin' successfully

2022-03-08 13:59:42 - [TEST_STEP][PASSED] - tap(HOME_MenubarPortfolio, 0): Tapped on element 'Object Repository/Mobile/Page/Home/Menubar - Portfolio'

2022-03-08 13:59:42 - [MESSAGE][WARNING] - Timeout '0' is invalid. Using default page load timeout: '60'

2022-03-08 13:59:45 - [MESSAGE][PASSED] - Tapped on element 'Object Repository/Mobile/Page/Home/Menubar - Portfolio'

2022-03-08 13:59:45 - [TEST_STEP][PASSED] - delay(1): Delayed 1 second(s)

2022-03-08 13:59:46 - [MESSAGE][PASSED] - Delayed 1 second(s)

2022-03-08 13:59:46 - [TEST_STEP][PASSED] - for ([i = 0, i < 1, (i++)]): scroll.scroll.scrollScreenBottomToTop is PASSED

2022-03-08 13:59:46 - [TEST_STEP][PASSED] - if (tab == "summary"): null

2022-03-08 13:59:46 - [TEST_STEP][PASSED] - else if (tab == "stock"): null

2022-03-08 13:59:46 - [TEST_STEP][PASSED] - else if (tab == "mutualfund"): scroll.scroll.scrollScreenBottomToTop is PASSED

2022-03-08 13:59:46 - [TEST_STEP][PASSED] - tap(PORT_TabMutualFund, 0): Tapped on element 'Object Repository/Mobile/Page/Portfolio/Tab - Mutual Fund'

2022-03-08 13:59:46 - [MESSAGE][WARNING] - Timeout '0' is invalid. Using default page load timeout: '60'

2022-03-08 13:59:47 - [MESSAGE][PASSED] - Tapped on element 'Object Repository/Mobile/Page/Portfolio/Tab - Mutual Fund'

2022-03-08 13:59:47 - [TEST_STEP][PASSED] - delay(1): Delayed 1 second(s)

2022-03-08 13:59:48 - [MESSAGE][PASSED] - Delayed 1 second(s)

2022-03-08 13:59:48 - [TEST_STEP][PASSED] - try: scroll.scroll.scrollScreenBottomToTop is PASSED

2022-03-08 13:59:48 - [TEST_STEP][PASSED] - tapAndHold(PORT_ItemTopMutualFund, 1, 10): Tapped and held on element 'Object Repository/Mobile/Page/Portfolio/Item - Top Mutual Fund' with duration 1

2022-03-08 13:59:51 - [MESSAGE][PASSED] - Tapped and held on element 'Object Repository/Mobile/Page/Portfolio/Item - Top Mutual Fund' with duration 1

2022-03-08 13:59:51 - [TEST_STEP][PASSED] - delay(2): Delayed 2 second(s)

2022-03-08 13:59:53 - [MESSAGE][PASSED] - Delayed 2 second(s)

2022-03-08 13:59:53 - [TEST_STEP][PASSED] - switch (action2): null

2022-03-08 13:59:53 - [TEST_STEP][PASSED] - case "5 year":: null

2022-03-08 13:59:53 - [TEST_STEP][PASSED] - tapAndHold(PORT_DETL_Btn5Year, 1, 0): Tapped and held on element 'Object Repository/Mobile/Page/Portfolio/Detail Mutual Funds/Button - 5 Year' with duration 1

2022-03-08 13:59:53 - [MESSAGE][WARNING] - Timeout '0' is invalid. Using default page load timeout: '60'

2022-03-08 13:59:56 - [MESSAGE][PASSED] - Tapped and held on element 'Object Repository/Mobile/Page/Portfolio/Detail Mutual Funds/Button - 5 Year' with duration 1

2022-03-08 13:59:56 - [TEST_STEP][PASSED] - break: null

2022-03-08 13:59:56 - [TEST_STEP][PASSED] - delay(3): Delayed 3 second(s)

2022-03-08 13:59:59 - [MESSAGE][PASSED] - Delayed 3 second(s)

2022-03-08 13:59:59 - [TEST_STEP][PASSED] - scroll.scroll.scrollScreenBottomToTop(): scroll.scroll.scrollScreenBottomToTop is PASSED

2022-03-08 13:59:59 - [MESSAGE][PASSED] - Current device physical height is 1423

2022-03-08 14:00:00 - [MESSAGE][PASSED] - Current device physical width is 720

2022-03-08 14:00:01 - [MESSAGE][PASSED] - Swiped from 360,1,138 to 360,284

2022-03-08 14:00:01 - [MESSAGE][PASSED] - scroll.scroll.scrollScreenBottomToTop is PASSED

2022-03-08 14:00:01 - [MESSAGE][PASSED] - Call Test Case 'Test Cases/Mobile/Page/Portfolio/Portfolio' successfully

2022-03-08 14:00:01 - [TEST_STEP][PASSED] - callTestCase(findTestCase("Mobile/Page/Run App/Terminate App"), [:], STOP_ON_FAILURE): Call Test Case 'Test Cases/Mobile/Page/Run App/Terminate App' successfully

2022-03-08 14:00:01 - [TEST_CASE][PASSED] - Test Cases/Mobile/Page/Run App/Terminate App: Test Cases/Mobile/Page/Run App/Terminate App

2022-03-08 14:00:01 - [TEST_STEP][PASSED] - startApp.OpenApp.terminateApplication(): startApp.OpenApp.terminateApplication is PASSED

2022-03-08 14:00:04 - [MESSAGE][PASSED] - Delayed 3 second(s)

2022-03-08 14:00:04 - [MESSAGE][PASSED] - Current device physical width is 720

2022-03-08 14:00:04 - [MESSAGE][PASSED] - Current device physical height is 1423

2022-03-08 14:00:06 - [MESSAGE][PASSED] - Swiped from 360,853 to 360,142

2022-03-08 14:00:07 - [MESSAGE][PASSED] - Delayed 1 second(s)

2022-03-08 14:00:08 - [MESSAGE][PASSED] - Swiped from 360,853 to 360,142

2022-03-08 14:00:11 - [MESSAGE][PASSED] - Delayed 3 second(s)

2022-03-08 14:00:11 - [MESSAGE][PASSED] - startApp.OpenApp.terminateApplication is PASSED

2022-03-08 14:00:11 - [MESSAGE][PASSED] - Call Test Case 'Test Cases/Mobile/Page/Run App/Terminate App' successfully]]></system-out>
         <system-err><![CDATA[]]></system-err>
      </testcase>
      <testcase name="Test Cases/Mobile/Scenario/Portfolio/019 - Melihat detail mutual fund 10 year" time="65.333" classname="Test Cases/Mobile/Scenario/Portfolio/019 - Melihat detail mutual fund 10 year" status="PASSED">
         <system-out><![CDATA[2022-03-08 14:00:11 - [TEST_CASE][PASSED] - Test Cases/Mobile/Scenario/Portfolio/019 - Melihat detail mutual fund 10 year: Test Cases/Mobile/Scenario/Portfolio/019 - Melihat detail mutual fund 10 year

2022-03-08 14:00:11 - [TEST_STEP][PASSED] - callTestCase(findTestCase("Mobile/Page/Run App/Run App byID"), [:], STOP_ON_FAILURE): Call Test Case 'Test Cases/Mobile/Page/Run App/Run App byID' successfully

2022-03-08 14:00:11 - [TEST_CASE][PASSED] - Test Cases/Mobile/Page/Run App/Run App byID: Test Cases/Mobile/Page/Run App/Run App byID

2022-03-08 14:00:11 - [TEST_STEP][PASSED] - startApp.OpenApp.startApplication("id.co.miraeasset.sageclub"): startApp.OpenApp.startApplication is PASSED

2022-03-08 14:00:25 - [MESSAGE][PASSED] - Starting app with application ID: 'id.co.miraeasset.sageclub'

2022-03-08 14:00:25 - [MESSAGE][PASSED] - startApp.OpenApp.startApplication is PASSED

2022-03-08 14:00:25 - [MESSAGE][PASSED] - Call Test Case 'Test Cases/Mobile/Page/Run App/Run App byID' successfully

2022-03-08 14:00:25 - [TEST_STEP][PASSED] - callTestCase(findTestCase("Mobile/Page/Portfolio/Portfolio"), ["tab":"mutualfund", "action2":"10 year"], CONTINUE_ON_FAILURE): Call Test Case 'Test Cases/Mobile/Page/Portfolio/Portfolio' successfully

2022-03-08 14:00:25 - [TEST_CASE][PASSED] - Test Cases/Mobile/Page/Portfolio/Portfolio: Test Cases/Mobile/Page/Portfolio/Portfolio

2022-03-08 14:00:25 - [TEST_STEP][PASSED] - callTestCase(findTestCase("Mobile/Page/CheckLogin"), [:], CONTINUE_ON_FAILURE): Call Test Case 'Test Cases/Mobile/Page/CheckLogin' successfully

2022-03-08 14:00:25 - [TEST_CASE][PASSED] - Test Cases/Mobile/Page/CheckLogin: Test Cases/Mobile/Page/CheckLogin

2022-03-08 14:00:25 - [TEST_STEP][PASSED] - loginCheck = verifyElementExist(LOGN_BtnLogin, 5, CONTINUE_ON_FAILURE): Element 'Object Repository/Mobile/Page/Login/Button - Login' is exist

2022-03-08 14:00:27 - [MESSAGE][PASSED] - Element 'Object Repository/Mobile/Page/Login/Button - Login' is exist

2022-03-08 14:00:27 - [TEST_STEP][PASSED] - if (loginCheck): Call Test Case 'Test Cases/Mobile/Page/Login/Login' successfully

2022-03-08 14:00:27 - [TEST_STEP][PASSED] - callTestCase(findTestCase("Mobile/Page/Login/Login"), ["action":"username"], CONTINUE_ON_FAILURE): Call Test Case 'Test Cases/Mobile/Page/Login/Login' successfully

2022-03-08 14:00:27 - [TEST_CASE][PASSED] - Test Cases/Mobile/Page/Login/Login: Test Cases/Mobile/Page/Login/Login

2022-03-08 14:00:27 - [TEST_STEP][PASSED] - delay(2): Delayed 2 second(s)

2022-03-08 14:00:29 - [MESSAGE][PASSED] - Delayed 2 second(s)

2022-03-08 14:00:29 - [TEST_STEP][PASSED] - for ([i = 0, i < 1, (i++)]): null

2022-03-08 14:00:29 - [TEST_STEP][PASSED] - if (action == "username"): null

2022-03-08 14:00:29 - [TEST_STEP][PASSED] - tap(LOGN_EdtUserID, 0): Tapped on element 'Object Repository/Mobile/Page/Login/Input - UserID'

2022-03-08 14:00:29 - [MESSAGE][WARNING] - Timeout '0' is invalid. Using default page load timeout: '60'

2022-03-08 14:00:29 - [MESSAGE][PASSED] - Tapped on element 'Object Repository/Mobile/Page/Login/Input - UserID'

2022-03-08 14:00:29 - [TEST_STEP][PASSED] - delay(1): Delayed 1 second(s)

2022-03-08 14:00:30 - [MESSAGE][PASSED] - Delayed 1 second(s)

2022-03-08 14:00:30 - [TEST_STEP][PASSED] - setText(LOGN_EdtRdyUserID, "anggaaditya", 0): Text 'anggaaditya' has been set to element 'Object Repository/Mobile/Page/Login/Input Rdy - UserID'

2022-03-08 14:00:30 - [MESSAGE][WARNING] - Timeout '0' is invalid. Using default page load timeout: '60'

2022-03-08 14:00:31 - [MESSAGE][PASSED] - Text 'anggaaditya' has been set to element 'Object Repository/Mobile/Page/Login/Input Rdy - UserID'

2022-03-08 14:00:31 - [TEST_STEP][PASSED] - delay(1): Delayed 1 second(s)

2022-03-08 14:00:32 - [MESSAGE][PASSED] - Delayed 1 second(s)

2022-03-08 14:00:32 - [TEST_STEP][PASSED] - hideKeyboard(): Keyboard is hidden

2022-03-08 14:00:36 - [MESSAGE][PASSED] - Keyboard is hidden

2022-03-08 14:00:36 - [TEST_STEP][PASSED] - tap(LOGN_EdtPassword, 0): Tapped on element 'Object Repository/Mobile/Page/Login/Input - Password'

2022-03-08 14:00:36 - [MESSAGE][WARNING] - Timeout '0' is invalid. Using default page load timeout: '60'

2022-03-08 14:00:36 - [MESSAGE][PASSED] - Tapped on element 'Object Repository/Mobile/Page/Login/Input - Password'

2022-03-08 14:00:36 - [TEST_STEP][PASSED] - delay(1): Delayed 1 second(s)

2022-03-08 14:00:37 - [MESSAGE][PASSED] - Delayed 1 second(s)

2022-03-08 14:00:37 - [TEST_STEP][PASSED] - setText(LOGN_EdtRdyPassword, "Shalawa18", 0): Text 'Shalawa18' has been set to element 'Object Repository/Mobile/Page/Login/Input Rdy - Password'

2022-03-08 14:00:37 - [MESSAGE][WARNING] - Timeout '0' is invalid. Using default page load timeout: '60'

2022-03-08 14:00:38 - [MESSAGE][PASSED] - Text 'Shalawa18' has been set to element 'Object Repository/Mobile/Page/Login/Input Rdy - Password'

2022-03-08 14:00:38 - [TEST_STEP][PASSED] - delay(1): Delayed 1 second(s)

2022-03-08 14:00:39 - [MESSAGE][PASSED] - Delayed 1 second(s)

2022-03-08 14:00:39 - [TEST_STEP][PASSED] - hideKeyboard(): Keyboard is hidden

2022-03-08 14:00:46 - [MESSAGE][PASSED] - Keyboard is hidden

2022-03-08 14:00:46 - [TEST_STEP][PASSED] - tap(LOGN_BtnLogin, 0): Tapped on element 'Object Repository/Mobile/Page/Login/Button - Login'

2022-03-08 14:00:46 - [MESSAGE][WARNING] - Timeout '0' is invalid. Using default page load timeout: '60'

2022-03-08 14:00:47 - [MESSAGE][PASSED] - Tapped on element 'Object Repository/Mobile/Page/Login/Button - Login'

2022-03-08 14:00:47 - [TEST_STEP][PASSED] - delay(2): Delayed 2 second(s)

2022-03-08 14:00:49 - [MESSAGE][PASSED] - Delayed 2 second(s)

2022-03-08 14:00:49 - [TEST_STEP][PASSED] - break: null

2022-03-08 14:00:49 - [MESSAGE][PASSED] - Call Test Case 'Test Cases/Mobile/Page/Login/Login' successfully

2022-03-08 14:00:49 - [MESSAGE][PASSED] - Call Test Case 'Test Cases/Mobile/Page/CheckLogin' successfully

2022-03-08 14:00:49 - [TEST_STEP][PASSED] - tap(HOME_MenubarPortfolio, 0): Tapped on element 'Object Repository/Mobile/Page/Home/Menubar - Portfolio'

2022-03-08 14:00:49 - [MESSAGE][WARNING] - Timeout '0' is invalid. Using default page load timeout: '60'

2022-03-08 14:00:50 - [MESSAGE][PASSED] - Tapped on element 'Object Repository/Mobile/Page/Home/Menubar - Portfolio'

2022-03-08 14:00:50 - [TEST_STEP][PASSED] - delay(1): Delayed 1 second(s)

2022-03-08 14:00:51 - [MESSAGE][PASSED] - Delayed 1 second(s)

2022-03-08 14:00:51 - [TEST_STEP][PASSED] - for ([i = 0, i < 1, (i++)]): scroll.scroll.scrollScreenBottomToTop is PASSED

2022-03-08 14:00:51 - [TEST_STEP][PASSED] - if (tab == "summary"): null

2022-03-08 14:00:51 - [TEST_STEP][PASSED] - else if (tab == "stock"): null

2022-03-08 14:00:51 - [TEST_STEP][PASSED] - else if (tab == "mutualfund"): scroll.scroll.scrollScreenBottomToTop is PASSED

2022-03-08 14:00:51 - [TEST_STEP][PASSED] - tap(PORT_TabMutualFund, 0): Tapped on element 'Object Repository/Mobile/Page/Portfolio/Tab - Mutual Fund'

2022-03-08 14:00:51 - [MESSAGE][WARNING] - Timeout '0' is invalid. Using default page load timeout: '60'

2022-03-08 14:00:53 - [MESSAGE][PASSED] - Tapped on element 'Object Repository/Mobile/Page/Portfolio/Tab - Mutual Fund'

2022-03-08 14:00:53 - [TEST_STEP][PASSED] - delay(1): Delayed 1 second(s)

2022-03-08 14:00:54 - [MESSAGE][PASSED] - Delayed 1 second(s)

2022-03-08 14:00:54 - [TEST_STEP][PASSED] - try: scroll.scroll.scrollScreenBottomToTop is PASSED

2022-03-08 14:00:54 - [TEST_STEP][PASSED] - tapAndHold(PORT_ItemTopMutualFund, 1, 10): Tapped and held on element 'Object Repository/Mobile/Page/Portfolio/Item - Top Mutual Fund' with duration 1

2022-03-08 14:00:57 - [MESSAGE][PASSED] - Tapped and held on element 'Object Repository/Mobile/Page/Portfolio/Item - Top Mutual Fund' with duration 1

2022-03-08 14:00:57 - [TEST_STEP][PASSED] - delay(2): Delayed 2 second(s)

2022-03-08 14:00:59 - [MESSAGE][PASSED] - Delayed 2 second(s)

2022-03-08 14:00:59 - [TEST_STEP][PASSED] - switch (action2): null

2022-03-08 14:00:59 - [TEST_STEP][PASSED] - case "10 year":: null

2022-03-08 14:00:59 - [TEST_STEP][PASSED] - tapAndHold(PORT_DETL_Btn10Year, 1, 0): Tapped and held on element 'Object Repository/Mobile/Page/Portfolio/Detail Mutual Funds/Button - 10 Year' with duration 1

2022-03-08 14:00:59 - [MESSAGE][WARNING] - Timeout '0' is invalid. Using default page load timeout: '60'

2022-03-08 14:01:01 - [MESSAGE][PASSED] - Tapped and held on element 'Object Repository/Mobile/Page/Portfolio/Detail Mutual Funds/Button - 10 Year' with duration 1

2022-03-08 14:01:01 - [TEST_STEP][PASSED] - break: null

2022-03-08 14:01:01 - [TEST_STEP][PASSED] - delay(3): Delayed 3 second(s)

2022-03-08 14:01:04 - [MESSAGE][PASSED] - Delayed 3 second(s)

2022-03-08 14:01:04 - [TEST_STEP][PASSED] - scroll.scroll.scrollScreenBottomToTop(): scroll.scroll.scrollScreenBottomToTop is PASSED

2022-03-08 14:01:05 - [MESSAGE][PASSED] - Current device physical height is 1423

2022-03-08 14:01:05 - [MESSAGE][PASSED] - Current device physical width is 720

2022-03-08 14:01:06 - [MESSAGE][PASSED] - Swiped from 360,1,138 to 360,284

2022-03-08 14:01:06 - [MESSAGE][PASSED] - scroll.scroll.scrollScreenBottomToTop is PASSED

2022-03-08 14:01:06 - [MESSAGE][PASSED] - Call Test Case 'Test Cases/Mobile/Page/Portfolio/Portfolio' successfully

2022-03-08 14:01:06 - [TEST_STEP][PASSED] - callTestCase(findTestCase("Mobile/Page/Run App/Terminate App"), [:], STOP_ON_FAILURE): Call Test Case 'Test Cases/Mobile/Page/Run App/Terminate App' successfully

2022-03-08 14:01:06 - [TEST_CASE][PASSED] - Test Cases/Mobile/Page/Run App/Terminate App: Test Cases/Mobile/Page/Run App/Terminate App

2022-03-08 14:01:06 - [TEST_STEP][PASSED] - startApp.OpenApp.terminateApplication(): startApp.OpenApp.terminateApplication is PASSED

2022-03-08 14:01:09 - [MESSAGE][PASSED] - Delayed 3 second(s)

2022-03-08 14:01:10 - [MESSAGE][PASSED] - Current device physical width is 720

2022-03-08 14:01:10 - [MESSAGE][PASSED] - Current device physical height is 1423

2022-03-08 14:01:11 - [MESSAGE][PASSED] - Swiped from 360,853 to 360,142

2022-03-08 14:01:12 - [MESSAGE][PASSED] - Delayed 1 second(s)

2022-03-08 14:01:13 - [MESSAGE][PASSED] - Swiped from 360,853 to 360,142

2022-03-08 14:01:16 - [MESSAGE][PASSED] - Delayed 3 second(s)

2022-03-08 14:01:16 - [MESSAGE][PASSED] - startApp.OpenApp.terminateApplication is PASSED

2022-03-08 14:01:16 - [MESSAGE][PASSED] - Call Test Case 'Test Cases/Mobile/Page/Run App/Terminate App' successfully]]></system-out>
         <system-err><![CDATA[]]></system-err>
      </testcase>
      <system-out><![CDATA[2022-03-08 13:40:49 - [TEST_SUITE][PASSED] - portfolio: Test Cases/Mobile/Scenario/Portfolio/019 - Melihat detail mutual fund 10 year]]></system-out>
      <system-err><![CDATA[]]></system-err>
   </testsuite>
</testsuites>
