<?xml version="1.0" encoding="UTF-8"?>
<testsuites name="news" time="330.061" tests="5" failures="0" skips="0" errors="0">
   <testsuite name="news" tests="5" failures="0" errors="0" time="330.061" skips="0" timestamp="2022-01-24 11:59:05" hostname="Owner - aldy-tft" id="Test Suites/news">
      <properties>
         <property name="deviceName" value="samsung SM-A205F (Android 11)"/>
         <property name="devicePlatform" value=""/>
         <property name="logFolder" value="C:\\Users\\Owner\\Documents\\kerjaan\\KatalonProject\\qa_katalon_pwm\\qa_katalon_pwm\\Reports\\20220124_115033\\news\\20220124_115037"/>
         <property name="logFiles" value="C:\\Users\\Owner\\Documents\\kerjaan\\KatalonProject\\qa_katalon_pwm\\qa_katalon_pwm\\Reports\\20220124_115033\\news\\20220124_115037\\appium.log, C:\\Users\\Owner\\Documents\\kerjaan\\KatalonProject\\qa_katalon_pwm\\qa_katalon_pwm\\Reports\\20220124_115033\\news\\20220124_115037\\execution0.log"/>
         <property name="attachments" value=""/>
         <property name="hostName" value="Owner - aldy-tft"/>
         <property name="os" value="Windows 10 64bit"/>
         <property name="appiumServerStatus" value="{&quot;value&quot;:{&quot;build&quot;:{&quot;version&quot;:&quot;1.22.0&quot;}},&quot;sessionId&quot;:null,&quot;status&quot;:0}"/>
         <property name="katalonVersion" value="7.9.1.208"/>
         <property name="deviceOS" value="Android"/>
         <property name="appiumVersion" value="1.22.0"/>
         <property name="deviceModel" value="SM-A205F"/>
         <property name="hostAddress" value="192.168.18.37"/>
         <property name="deviceManufacturer" value="samsung"/>
         <property name="deviceId" value="RR8M40C9AXE"/>
         <property name="deviceName" value="samsung SM-A205F (Android 11)"/>
         <property name="deviceOSVersion" value="11"/>
      </properties>
      <testcase name="Test Cases/Mobile/Scenario/News/001 - News World Indices" time="89.925" classname="Test Cases/Mobile/Scenario/News/001 - News World Indices" status="PASSED">
         <system-out><![CDATA[2022-01-24 11:59:06 - [TEST_CASE][PASSED] - Test Cases/Mobile/Scenario/News/001 - News World Indices: Test Cases/Mobile/Scenario/News/001 - News World Indices

2022-01-24 11:59:06 - [TEST_STEP][PASSED] - callTestCase(findTestCase("Mobile/Page/Run App/Run App byID"), [:], STOP_ON_FAILURE): Call Test Case 'Test Cases/Mobile/Page/Run App/Run App byID' successfully

2022-01-24 11:59:06 - [TEST_CASE][PASSED] - Test Cases/Mobile/Page/Run App/Run App byID: Test Cases/Mobile/Page/Run App/Run App byID

2022-01-24 11:59:06 - [TEST_STEP][PASSED] - startApp.OpenApp.startApplication("id.co.miraeasset.sageclub"): startApp.OpenApp.startApplication is PASSED

2022-01-24 11:59:09 - [MESSAGE][INFO] - Appium server started on port 55,786

2022-01-24 11:59:24 - [MESSAGE][PASSED] - Starting app with application ID: 'id.co.miraeasset.sageclub'

2022-01-24 11:59:24 - [MESSAGE][PASSED] - startApp.OpenApp.startApplication is PASSED

2022-01-24 11:59:24 - [MESSAGE][PASSED] - Call Test Case 'Test Cases/Mobile/Page/Run App/Run App byID' successfully

2022-01-24 11:59:24 - [TEST_STEP][PASSED] - callTestCase(findTestCase("Mobile/Page/News/News"), ["tab":"worldindices"], CONTINUE_ON_FAILURE): Call Test Case 'Test Cases/Mobile/Page/News/News' successfully

2022-01-24 11:59:24 - [TEST_CASE][PASSED] - Test Cases/Mobile/Page/News/News: Test Cases/Mobile/Page/News/News

2022-01-24 11:59:25 - [TEST_STEP][PASSED] - callTestCase(findTestCase("Mobile/Page/CheckLogin"), [:], CONTINUE_ON_FAILURE): Call Test Case 'Test Cases/Mobile/Page/CheckLogin' successfully

2022-01-24 11:59:25 - [TEST_CASE][PASSED] - Test Cases/Mobile/Page/CheckLogin: Test Cases/Mobile/Page/CheckLogin

2022-01-24 11:59:25 - [TEST_STEP][PASSED] - loginCheck = verifyElementExist(LOGN_BtnLogin, 5, CONTINUE_ON_FAILURE): Element 'Object Repository/Mobile/Page/Login/Button - Login' is exist

2022-01-24 11:59:44 - [MESSAGE][PASSED] - Element 'Object Repository/Mobile/Page/Login/Button - Login' is exist

2022-01-24 11:59:44 - [TEST_STEP][PASSED] - if (loginCheck): Call Test Case 'Test Cases/Mobile/Page/Login/Login' successfully

2022-01-24 11:59:44 - [TEST_STEP][PASSED] - callTestCase(findTestCase("Mobile/Page/Login/Login"), ["action":"username"], CONTINUE_ON_FAILURE): Call Test Case 'Test Cases/Mobile/Page/Login/Login' successfully

2022-01-24 11:59:44 - [TEST_CASE][PASSED] - Test Cases/Mobile/Page/Login/Login: Test Cases/Mobile/Page/Login/Login

2022-01-24 11:59:44 - [TEST_STEP][PASSED] - delay(2): Delayed 2 second(s)

2022-01-24 11:59:46 - [MESSAGE][PASSED] - Delayed 2 second(s)

2022-01-24 11:59:46 - [TEST_STEP][PASSED] - for ([i = 0, i < 1, (i++)]): null

2022-01-24 11:59:46 - [TEST_STEP][PASSED] - if (action == "username"): null

2022-01-24 11:59:46 - [TEST_STEP][PASSED] - tap(LOGN_EdtUserID, 0): Tapped on element 'Object Repository/Mobile/Page/Login/Input - UserID'

2022-01-24 11:59:46 - [MESSAGE][WARNING] - Timeout '0' is invalid. Using default page load timeout: '60'

2022-01-24 11:59:47 - [MESSAGE][PASSED] - Tapped on element 'Object Repository/Mobile/Page/Login/Input - UserID'

2022-01-24 11:59:47 - [TEST_STEP][PASSED] - delay(1): Delayed 1 second(s)

2022-01-24 11:59:48 - [MESSAGE][PASSED] - Delayed 1 second(s)

2022-01-24 11:59:48 - [TEST_STEP][PASSED] - setText(LOGN_EdtRdyUserID, "anggaaditya", 0): Text 'anggaaditya' has been set to element 'Object Repository/Mobile/Page/Login/Input Rdy - UserID'

2022-01-24 11:59:48 - [MESSAGE][WARNING] - Timeout '0' is invalid. Using default page load timeout: '60'

2022-01-24 11:59:48 - [MESSAGE][PASSED] - Text 'anggaaditya' has been set to element 'Object Repository/Mobile/Page/Login/Input Rdy - UserID'

2022-01-24 11:59:48 - [TEST_STEP][PASSED] - delay(1): Delayed 1 second(s)

2022-01-24 11:59:49 - [MESSAGE][PASSED] - Delayed 1 second(s)

2022-01-24 11:59:49 - [TEST_STEP][PASSED] - hideKeyboard(): Keyboard is hidden

2022-01-24 11:59:53 - [MESSAGE][PASSED] - Keyboard is hidden

2022-01-24 11:59:53 - [TEST_STEP][PASSED] - tap(LOGN_EdtPassword, 0): Tapped on element 'Object Repository/Mobile/Page/Login/Input - Password'

2022-01-24 11:59:53 - [MESSAGE][WARNING] - Timeout '0' is invalid. Using default page load timeout: '60'

2022-01-24 11:59:53 - [MESSAGE][PASSED] - Tapped on element 'Object Repository/Mobile/Page/Login/Input - Password'

2022-01-24 11:59:53 - [TEST_STEP][PASSED] - delay(1): Delayed 1 second(s)

2022-01-24 11:59:54 - [MESSAGE][PASSED] - Delayed 1 second(s)

2022-01-24 11:59:54 - [TEST_STEP][PASSED] - setText(LOGN_EdtRdyPassword, "Shalawa18", 0): Text 'Shalawa18' has been set to element 'Object Repository/Mobile/Page/Login/Input Rdy - Password'

2022-01-24 11:59:54 - [MESSAGE][WARNING] - Timeout '0' is invalid. Using default page load timeout: '60'

2022-01-24 11:59:55 - [MESSAGE][PASSED] - Text 'Shalawa18' has been set to element 'Object Repository/Mobile/Page/Login/Input Rdy - Password'

2022-01-24 11:59:55 - [TEST_STEP][PASSED] - delay(1): Delayed 1 second(s)

2022-01-24 11:59:56 - [MESSAGE][PASSED] - Delayed 1 second(s)

2022-01-24 11:59:56 - [TEST_STEP][PASSED] - hideKeyboard(): Keyboard is hidden

2022-01-24 12:00:02 - [MESSAGE][PASSED] - Keyboard is hidden

2022-01-24 12:00:02 - [TEST_STEP][PASSED] - tap(LOGN_BtnLogin, 0): Tapped on element 'Object Repository/Mobile/Page/Login/Button - Login'

2022-01-24 12:00:02 - [MESSAGE][WARNING] - Timeout '0' is invalid. Using default page load timeout: '60'

2022-01-24 12:00:03 - [MESSAGE][PASSED] - Tapped on element 'Object Repository/Mobile/Page/Login/Button - Login'

2022-01-24 12:00:03 - [TEST_STEP][PASSED] - delay(2): Delayed 2 second(s)

2022-01-24 12:00:05 - [MESSAGE][PASSED] - Delayed 2 second(s)

2022-01-24 12:00:05 - [TEST_STEP][PASSED] - break: null

2022-01-24 12:00:05 - [MESSAGE][PASSED] - Call Test Case 'Test Cases/Mobile/Page/Login/Login' successfully

2022-01-24 12:00:05 - [MESSAGE][PASSED] - Call Test Case 'Test Cases/Mobile/Page/CheckLogin' successfully

2022-01-24 12:00:05 - [TEST_STEP][PASSED] - tap(HOME_MenubarNews, 0): Tapped on element 'Object Repository/Mobile/Page/Home/Menubar - News'

2022-01-24 12:00:05 - [MESSAGE][WARNING] - Timeout '0' is invalid. Using default page load timeout: '60'

2022-01-24 12:00:07 - [MESSAGE][PASSED] - Tapped on element 'Object Repository/Mobile/Page/Home/Menubar - News'

2022-01-24 12:00:07 - [TEST_STEP][PASSED] - delay(1): Delayed 1 second(s)

2022-01-24 12:00:08 - [MESSAGE][PASSED] - Delayed 1 second(s)

2022-01-24 12:00:08 - [TEST_STEP][PASSED] - for ([i = 0, i < 1, (i++)]): null

2022-01-24 12:00:08 - [TEST_STEP][PASSED] - if (tab == "macronews"): null

2022-01-24 12:00:08 - [TEST_STEP][PASSED] - else if (tab == "stocknews"): null

2022-01-24 12:00:08 - [TEST_STEP][PASSED] - else if (tab == "fundnews"): null

2022-01-24 12:00:08 - [TEST_STEP][PASSED] - else if (tab == "bondnews"): null

2022-01-24 12:00:08 - [TEST_STEP][PASSED] - else if (tab == "worldindices"): Delayed 3 second(s)

2022-01-24 12:00:08 - [TEST_STEP][PASSED] - scroll.scroll.scrollScreenRightToLeft(NEWS_TabMacro): scroll.scroll.scrollScreenRightToLeft is PASSED

2022-01-24 12:00:08 - [MESSAGE][WARNING] - Timeout '0' is invalid. Using default page load timeout: '60'

2022-01-24 12:00:08 - [MESSAGE][PASSED] - Object 'Object Repository/Mobile/Page/News/Tab - Macro' has left position '14'

2022-01-24 12:00:08 - [MESSAGE][WARNING] - Timeout '0' is invalid. Using default page load timeout: '60'

2022-01-24 12:00:09 - [MESSAGE][PASSED] - Object 'Object Repository/Mobile/Page/News/Tab - Macro' has top position '262'

2022-01-24 12:00:09 - [MESSAGE][WARNING] - Timeout '0' is invalid. Using default page load timeout: '60'

2022-01-24 12:00:09 - [MESSAGE][PASSED] - Object 'Object Repository/Mobile/Page/News/Tab - Macro' has width: '215'

2022-01-24 12:00:09 - [MESSAGE][WARNING] - Timeout '0' is invalid. Using default page load timeout: '60'

2022-01-24 12:00:09 - [MESSAGE][PASSED] - Object 'Object Repository/Mobile/Page/News/Tab - Macro' has height: '84'

2022-01-24 12:00:09 - [MESSAGE][PASSED] - Current device physical width is 720

2022-01-24 12:00:10 - [MESSAGE][PASSED] - Swiped from 620,304 to 100,304

2022-01-24 12:00:11 - [MESSAGE][PASSED] - scroll.scroll.scrollScreenRightToLeft is PASSED

2022-01-24 12:00:11 - [TEST_STEP][PASSED] - delay(1): Delayed 1 second(s)

2022-01-24 12:00:12 - [MESSAGE][PASSED] - Delayed 1 second(s)

2022-01-24 12:00:12 - [TEST_STEP][PASSED] - tap(NEWS_TabWorldIndices, 0): Tapped on element 'Object Repository/Mobile/Page/News/Tab - World Indices'

2022-01-24 12:00:12 - [MESSAGE][WARNING] - Timeout '0' is invalid. Using default page load timeout: '60'

2022-01-24 12:00:12 - [MESSAGE][PASSED] - Tapped on element 'Object Repository/Mobile/Page/News/Tab - World Indices'

2022-01-24 12:00:12 - [TEST_STEP][PASSED] - delay(1): Delayed 1 second(s)

2022-01-24 12:00:13 - [MESSAGE][PASSED] - Delayed 1 second(s)

2022-01-24 12:00:13 - [TEST_STEP][PASSED] - tap(NEWS_BtnIndices, 0): Tapped on element 'Object Repository/Mobile/Page/News/Button - Indices'

2022-01-24 12:00:13 - [MESSAGE][WARNING] - Timeout '0' is invalid. Using default page load timeout: '60'

2022-01-24 12:00:13 - [MESSAGE][PASSED] - Tapped on element 'Object Repository/Mobile/Page/News/Button - Indices'

2022-01-24 12:00:13 - [TEST_STEP][PASSED] - delay(3): Delayed 3 second(s)

2022-01-24 12:00:16 - [MESSAGE][PASSED] - Delayed 3 second(s)

2022-01-24 12:00:16 - [TEST_STEP][PASSED] - tap(NEWS_BtnCurrencies, 0): Tapped on element 'Object Repository/Mobile/Page/News/Button - Currencies'

2022-01-24 12:00:16 - [MESSAGE][WARNING] - Timeout '0' is invalid. Using default page load timeout: '60'

2022-01-24 12:00:17 - [MESSAGE][PASSED] - Tapped on element 'Object Repository/Mobile/Page/News/Button - Currencies'

2022-01-24 12:00:17 - [TEST_STEP][PASSED] - delay(3): Delayed 3 second(s)

2022-01-24 12:00:20 - [MESSAGE][PASSED] - Delayed 3 second(s)

2022-01-24 12:00:20 - [TEST_STEP][PASSED] - tap(NEWS_BtnCommodities, 0): Tapped on element 'Object Repository/Mobile/Page/News/Button - Commodities'

2022-01-24 12:00:20 - [MESSAGE][WARNING] - Timeout '0' is invalid. Using default page load timeout: '60'

2022-01-24 12:00:21 - [MESSAGE][PASSED] - Tapped on element 'Object Repository/Mobile/Page/News/Button - Commodities'

2022-01-24 12:00:21 - [TEST_STEP][PASSED] - delay(3): Delayed 3 second(s)

2022-01-24 12:00:24 - [MESSAGE][PASSED] - Delayed 3 second(s)

2022-01-24 12:00:24 - [TEST_STEP][PASSED] - delay(1): Delayed 1 second(s)

2022-01-24 12:00:25 - [MESSAGE][PASSED] - Delayed 1 second(s)

2022-01-24 12:00:25 - [TEST_STEP][PASSED] - if (tab != "worldindices"): null

2022-01-24 12:00:25 - [MESSAGE][PASSED] - Call Test Case 'Test Cases/Mobile/Page/News/News' successfully

2022-01-24 12:00:25 - [TEST_STEP][PASSED] - callTestCase(findTestCase("Mobile/Page/Run App/Terminate App"), [:], STOP_ON_FAILURE): Call Test Case 'Test Cases/Mobile/Page/Run App/Terminate App' successfully

2022-01-24 12:00:25 - [TEST_CASE][PASSED] - Test Cases/Mobile/Page/Run App/Terminate App: Test Cases/Mobile/Page/Run App/Terminate App

2022-01-24 12:00:25 - [TEST_STEP][PASSED] - startApp.OpenApp.terminateApplication(): startApp.OpenApp.terminateApplication is PASSED

2022-01-24 12:00:28 - [MESSAGE][PASSED] - Delayed 3 second(s)

2022-01-24 12:00:29 - [MESSAGE][PASSED] - Current device physical width is 720

2022-01-24 12:00:29 - [MESSAGE][PASSED] - Current device physical height is 1423

2022-01-24 12:00:30 - [MESSAGE][PASSED] - Swiped from 360,853 to 360,142

2022-01-24 12:00:31 - [MESSAGE][PASSED] - Delayed 1 second(s)

2022-01-24 12:00:32 - [MESSAGE][PASSED] - Swiped from 360,853 to 360,142

2022-01-24 12:00:35 - [MESSAGE][PASSED] - Delayed 3 second(s)

2022-01-24 12:00:35 - [MESSAGE][PASSED] - startApp.OpenApp.terminateApplication is PASSED

2022-01-24 12:00:35 - [MESSAGE][PASSED] - Call Test Case 'Test Cases/Mobile/Page/Run App/Terminate App' successfully]]></system-out>
         <system-err><![CDATA[]]></system-err>
      </testcase>
      <testcase name="Test Cases/Mobile/Scenario/News/002 - News Stock" time="59.014" classname="Test Cases/Mobile/Scenario/News/002 - News Stock" status="PASSED">
         <system-out><![CDATA[2022-01-24 12:00:35 - [TEST_CASE][PASSED] - Test Cases/Mobile/Scenario/News/002 - News Stock: Test Cases/Mobile/Scenario/News/002 - News Stock

2022-01-24 12:00:36 - [TEST_STEP][PASSED] - callTestCase(findTestCase("Mobile/Page/Run App/Run App byID"), [:], STOP_ON_FAILURE): Call Test Case 'Test Cases/Mobile/Page/Run App/Run App byID' successfully

2022-01-24 12:00:36 - [TEST_CASE][PASSED] - Test Cases/Mobile/Page/Run App/Run App byID: Test Cases/Mobile/Page/Run App/Run App byID

2022-01-24 12:00:36 - [TEST_STEP][PASSED] - startApp.OpenApp.startApplication("id.co.miraeasset.sageclub"): startApp.OpenApp.startApplication is PASSED

2022-01-24 12:00:48 - [MESSAGE][PASSED] - Starting app with application ID: 'id.co.miraeasset.sageclub'

2022-01-24 12:00:48 - [MESSAGE][PASSED] - startApp.OpenApp.startApplication is PASSED

2022-01-24 12:00:48 - [MESSAGE][PASSED] - Call Test Case 'Test Cases/Mobile/Page/Run App/Run App byID' successfully

2022-01-24 12:00:48 - [TEST_STEP][PASSED] - callTestCase(findTestCase("Mobile/Page/News/News"), ["tab":"stocknews"], CONTINUE_ON_FAILURE): Call Test Case 'Test Cases/Mobile/Page/News/News' successfully

2022-01-24 12:00:48 - [TEST_CASE][PASSED] - Test Cases/Mobile/Page/News/News: Test Cases/Mobile/Page/News/News

2022-01-24 12:00:48 - [TEST_STEP][PASSED] - callTestCase(findTestCase("Mobile/Page/CheckLogin"), [:], CONTINUE_ON_FAILURE): Call Test Case 'Test Cases/Mobile/Page/CheckLogin' successfully

2022-01-24 12:00:48 - [TEST_CASE][PASSED] - Test Cases/Mobile/Page/CheckLogin: Test Cases/Mobile/Page/CheckLogin

2022-01-24 12:00:48 - [TEST_STEP][PASSED] - loginCheck = verifyElementExist(LOGN_BtnLogin, 5, CONTINUE_ON_FAILURE): Element 'Object Repository/Mobile/Page/Login/Button - Login' is exist

2022-01-24 12:00:50 - [MESSAGE][PASSED] - Element 'Object Repository/Mobile/Page/Login/Button - Login' is exist

2022-01-24 12:00:50 - [TEST_STEP][PASSED] - if (loginCheck): Call Test Case 'Test Cases/Mobile/Page/Login/Login' successfully

2022-01-24 12:00:50 - [TEST_STEP][PASSED] - callTestCase(findTestCase("Mobile/Page/Login/Login"), ["action":"username"], CONTINUE_ON_FAILURE): Call Test Case 'Test Cases/Mobile/Page/Login/Login' successfully

2022-01-24 12:00:50 - [TEST_CASE][PASSED] - Test Cases/Mobile/Page/Login/Login: Test Cases/Mobile/Page/Login/Login

2022-01-24 12:00:50 - [TEST_STEP][PASSED] - delay(2): Delayed 2 second(s)

2022-01-24 12:00:52 - [MESSAGE][PASSED] - Delayed 2 second(s)

2022-01-24 12:00:52 - [TEST_STEP][PASSED] - for ([i = 0, i < 1, (i++)]): null

2022-01-24 12:00:52 - [TEST_STEP][PASSED] - if (action == "username"): null

2022-01-24 12:00:52 - [TEST_STEP][PASSED] - tap(LOGN_EdtUserID, 0): Tapped on element 'Object Repository/Mobile/Page/Login/Input - UserID'

2022-01-24 12:00:52 - [MESSAGE][WARNING] - Timeout '0' is invalid. Using default page load timeout: '60'

2022-01-24 12:00:52 - [MESSAGE][PASSED] - Tapped on element 'Object Repository/Mobile/Page/Login/Input - UserID'

2022-01-24 12:00:52 - [TEST_STEP][PASSED] - delay(1): Delayed 1 second(s)

2022-01-24 12:00:53 - [MESSAGE][PASSED] - Delayed 1 second(s)

2022-01-24 12:00:53 - [TEST_STEP][PASSED] - setText(LOGN_EdtRdyUserID, "anggaaditya", 0): Text 'anggaaditya' has been set to element 'Object Repository/Mobile/Page/Login/Input Rdy - UserID'

2022-01-24 12:00:53 - [MESSAGE][WARNING] - Timeout '0' is invalid. Using default page load timeout: '60'

2022-01-24 12:00:54 - [MESSAGE][PASSED] - Text 'anggaaditya' has been set to element 'Object Repository/Mobile/Page/Login/Input Rdy - UserID'

2022-01-24 12:00:54 - [TEST_STEP][PASSED] - delay(1): Delayed 1 second(s)

2022-01-24 12:00:55 - [MESSAGE][PASSED] - Delayed 1 second(s)

2022-01-24 12:00:55 - [TEST_STEP][PASSED] - hideKeyboard(): Keyboard is hidden

2022-01-24 12:00:59 - [MESSAGE][PASSED] - Keyboard is hidden

2022-01-24 12:00:59 - [TEST_STEP][PASSED] - tap(LOGN_EdtPassword, 0): Tapped on element 'Object Repository/Mobile/Page/Login/Input - Password'

2022-01-24 12:00:59 - [MESSAGE][WARNING] - Timeout '0' is invalid. Using default page load timeout: '60'

2022-01-24 12:00:59 - [MESSAGE][PASSED] - Tapped on element 'Object Repository/Mobile/Page/Login/Input - Password'

2022-01-24 12:00:59 - [TEST_STEP][PASSED] - delay(1): Delayed 1 second(s)

2022-01-24 12:01:00 - [MESSAGE][PASSED] - Delayed 1 second(s)

2022-01-24 12:01:00 - [TEST_STEP][PASSED] - setText(LOGN_EdtRdyPassword, "Shalawa18", 0): Text 'Shalawa18' has been set to element 'Object Repository/Mobile/Page/Login/Input Rdy - Password'

2022-01-24 12:01:00 - [MESSAGE][WARNING] - Timeout '0' is invalid. Using default page load timeout: '60'

2022-01-24 12:01:01 - [MESSAGE][PASSED] - Text 'Shalawa18' has been set to element 'Object Repository/Mobile/Page/Login/Input Rdy - Password'

2022-01-24 12:01:01 - [TEST_STEP][PASSED] - delay(1): Delayed 1 second(s)

2022-01-24 12:01:02 - [MESSAGE][PASSED] - Delayed 1 second(s)

2022-01-24 12:01:02 - [TEST_STEP][PASSED] - hideKeyboard(): Keyboard is hidden

2022-01-24 12:01:08 - [MESSAGE][PASSED] - Keyboard is hidden

2022-01-24 12:01:08 - [TEST_STEP][PASSED] - tap(LOGN_BtnLogin, 0): Tapped on element 'Object Repository/Mobile/Page/Login/Button - Login'

2022-01-24 12:01:08 - [MESSAGE][WARNING] - Timeout '0' is invalid. Using default page load timeout: '60'

2022-01-24 12:01:08 - [MESSAGE][PASSED] - Tapped on element 'Object Repository/Mobile/Page/Login/Button - Login'

2022-01-24 12:01:08 - [TEST_STEP][PASSED] - delay(2): Delayed 2 second(s)

2022-01-24 12:01:10 - [MESSAGE][PASSED] - Delayed 2 second(s)

2022-01-24 12:01:10 - [TEST_STEP][PASSED] - break: null

2022-01-24 12:01:10 - [MESSAGE][PASSED] - Call Test Case 'Test Cases/Mobile/Page/Login/Login' successfully

2022-01-24 12:01:10 - [MESSAGE][PASSED] - Call Test Case 'Test Cases/Mobile/Page/CheckLogin' successfully

2022-01-24 12:01:10 - [TEST_STEP][PASSED] - tap(HOME_MenubarNews, 0): Tapped on element 'Object Repository/Mobile/Page/Home/Menubar - News'

2022-01-24 12:01:10 - [MESSAGE][WARNING] - Timeout '0' is invalid. Using default page load timeout: '60'

2022-01-24 12:01:12 - [MESSAGE][PASSED] - Tapped on element 'Object Repository/Mobile/Page/Home/Menubar - News'

2022-01-24 12:01:12 - [TEST_STEP][PASSED] - delay(1): Delayed 1 second(s)

2022-01-24 12:01:13 - [MESSAGE][PASSED] - Delayed 1 second(s)

2022-01-24 12:01:13 - [TEST_STEP][PASSED] - for ([i = 0, i < 1, (i++)]): Delayed 3 second(s)

2022-01-24 12:01:13 - [TEST_STEP][PASSED] - if (tab == "macronews"): null

2022-01-24 12:01:13 - [TEST_STEP][PASSED] - else if (tab == "stocknews"): Tapped on element 'Object Repository/Mobile/Page/News/Tab - Stock'

2022-01-24 12:01:13 - [TEST_STEP][PASSED] - tap(NEWS_TabStock, 0): Tapped on element 'Object Repository/Mobile/Page/News/Tab - Stock'

2022-01-24 12:01:13 - [MESSAGE][WARNING] - Timeout '0' is invalid. Using default page load timeout: '60'

2022-01-24 12:01:15 - [MESSAGE][PASSED] - Tapped on element 'Object Repository/Mobile/Page/News/Tab - Stock'

2022-01-24 12:01:15 - [TEST_STEP][PASSED] - delay(1): Delayed 1 second(s)

2022-01-24 12:01:16 - [MESSAGE][PASSED] - Delayed 1 second(s)

2022-01-24 12:01:16 - [TEST_STEP][PASSED] - if (tab != "worldindices"): Delayed 3 second(s)

2022-01-24 12:01:16 - [TEST_STEP][PASSED] - try: Delayed 3 second(s)

2022-01-24 12:01:16 - [TEST_STEP][PASSED] - tapAndHold(NEWS_ItemTopNews, 1, 10): Tapped and held on element 'Object Repository/Mobile/Page/News/Item - Top News' with duration 1

2022-01-24 12:01:18 - [MESSAGE][PASSED] - Tapped and held on element 'Object Repository/Mobile/Page/News/Item - Top News' with duration 1

2022-01-24 12:01:18 - [TEST_STEP][PASSED] - delay(1): Delayed 1 second(s)

2022-01-24 12:01:19 - [MESSAGE][PASSED] - Delayed 1 second(s)

2022-01-24 12:01:19 - [TEST_STEP][PASSED] - scroll.scroll.scrollScreenBottomToTop(): scroll.scroll.scrollScreenBottomToTop is PASSED

2022-01-24 12:01:20 - [MESSAGE][PASSED] - Current device physical height is 1423

2022-01-24 12:01:20 - [MESSAGE][PASSED] - Current device physical width is 720

2022-01-24 12:01:21 - [MESSAGE][PASSED] - Swiped from 360,1,138 to 360,284

2022-01-24 12:01:21 - [MESSAGE][PASSED] - scroll.scroll.scrollScreenBottomToTop is PASSED

2022-01-24 12:01:21 - [TEST_STEP][PASSED] - delay(3): Delayed 3 second(s)

2022-01-24 12:01:24 - [MESSAGE][PASSED] - Delayed 3 second(s)

2022-01-24 12:01:24 - [MESSAGE][PASSED] - Call Test Case 'Test Cases/Mobile/Page/News/News' successfully

2022-01-24 12:01:24 - [TEST_STEP][PASSED] - callTestCase(findTestCase("Mobile/Page/Run App/Terminate App"), [:], STOP_ON_FAILURE): Call Test Case 'Test Cases/Mobile/Page/Run App/Terminate App' successfully

2022-01-24 12:01:24 - [TEST_CASE][PASSED] - Test Cases/Mobile/Page/Run App/Terminate App: Test Cases/Mobile/Page/Run App/Terminate App

2022-01-24 12:01:24 - [TEST_STEP][PASSED] - startApp.OpenApp.terminateApplication(): startApp.OpenApp.terminateApplication is PASSED

2022-01-24 12:01:27 - [MESSAGE][PASSED] - Delayed 3 second(s)

2022-01-24 12:01:28 - [MESSAGE][PASSED] - Current device physical width is 720

2022-01-24 12:01:28 - [MESSAGE][PASSED] - Current device physical height is 1423

2022-01-24 12:01:29 - [MESSAGE][PASSED] - Swiped from 360,853 to 360,142

2022-01-24 12:01:30 - [MESSAGE][PASSED] - Delayed 1 second(s)

2022-01-24 12:01:31 - [MESSAGE][PASSED] - Swiped from 360,853 to 360,142

2022-01-24 12:01:34 - [MESSAGE][PASSED] - Delayed 3 second(s)

2022-01-24 12:01:34 - [MESSAGE][PASSED] - startApp.OpenApp.terminateApplication is PASSED

2022-01-24 12:01:34 - [MESSAGE][PASSED] - Call Test Case 'Test Cases/Mobile/Page/Run App/Terminate App' successfully]]></system-out>
         <system-err><![CDATA[]]></system-err>
      </testcase>
      <testcase name="Test Cases/Mobile/Scenario/News/003 - News Fund" time="60.003" classname="Test Cases/Mobile/Scenario/News/003 - News Fund" status="PASSED">
         <system-out><![CDATA[2022-01-24 12:01:34 - [TEST_CASE][PASSED] - Test Cases/Mobile/Scenario/News/003 - News Fund: Test Cases/Mobile/Scenario/News/003 - News Fund

2022-01-24 12:01:35 - [TEST_STEP][PASSED] - callTestCase(findTestCase("Mobile/Page/Run App/Run App byID"), [:], STOP_ON_FAILURE): Call Test Case 'Test Cases/Mobile/Page/Run App/Run App byID' successfully

2022-01-24 12:01:35 - [TEST_CASE][PASSED] - Test Cases/Mobile/Page/Run App/Run App byID: Test Cases/Mobile/Page/Run App/Run App byID

2022-01-24 12:01:35 - [TEST_STEP][PASSED] - startApp.OpenApp.startApplication("id.co.miraeasset.sageclub"): startApp.OpenApp.startApplication is PASSED

2022-01-24 12:01:47 - [MESSAGE][PASSED] - Starting app with application ID: 'id.co.miraeasset.sageclub'

2022-01-24 12:01:47 - [MESSAGE][PASSED] - startApp.OpenApp.startApplication is PASSED

2022-01-24 12:01:47 - [MESSAGE][PASSED] - Call Test Case 'Test Cases/Mobile/Page/Run App/Run App byID' successfully

2022-01-24 12:01:47 - [TEST_STEP][PASSED] - callTestCase(findTestCase("Mobile/Page/News/News"), ["tab":"fundnews"], CONTINUE_ON_FAILURE): Call Test Case 'Test Cases/Mobile/Page/News/News' successfully

2022-01-24 12:01:47 - [TEST_CASE][PASSED] - Test Cases/Mobile/Page/News/News: Test Cases/Mobile/Page/News/News

2022-01-24 12:01:47 - [TEST_STEP][PASSED] - callTestCase(findTestCase("Mobile/Page/CheckLogin"), [:], CONTINUE_ON_FAILURE): Call Test Case 'Test Cases/Mobile/Page/CheckLogin' successfully

2022-01-24 12:01:47 - [TEST_CASE][PASSED] - Test Cases/Mobile/Page/CheckLogin: Test Cases/Mobile/Page/CheckLogin

2022-01-24 12:01:47 - [TEST_STEP][PASSED] - loginCheck = verifyElementExist(LOGN_BtnLogin, 5, CONTINUE_ON_FAILURE): Element 'Object Repository/Mobile/Page/Login/Button - Login' is exist

2022-01-24 12:01:49 - [MESSAGE][PASSED] - Element 'Object Repository/Mobile/Page/Login/Button - Login' is exist

2022-01-24 12:01:49 - [TEST_STEP][PASSED] - if (loginCheck): Call Test Case 'Test Cases/Mobile/Page/Login/Login' successfully

2022-01-24 12:01:49 - [TEST_STEP][PASSED] - callTestCase(findTestCase("Mobile/Page/Login/Login"), ["action":"username"], CONTINUE_ON_FAILURE): Call Test Case 'Test Cases/Mobile/Page/Login/Login' successfully

2022-01-24 12:01:49 - [TEST_CASE][PASSED] - Test Cases/Mobile/Page/Login/Login: Test Cases/Mobile/Page/Login/Login

2022-01-24 12:01:49 - [TEST_STEP][PASSED] - delay(2): Delayed 2 second(s)

2022-01-24 12:01:51 - [MESSAGE][PASSED] - Delayed 2 second(s)

2022-01-24 12:01:51 - [TEST_STEP][PASSED] - for ([i = 0, i < 1, (i++)]): null

2022-01-24 12:01:51 - [TEST_STEP][PASSED] - if (action == "username"): null

2022-01-24 12:01:51 - [TEST_STEP][PASSED] - tap(LOGN_EdtUserID, 0): Tapped on element 'Object Repository/Mobile/Page/Login/Input - UserID'

2022-01-24 12:01:51 - [MESSAGE][WARNING] - Timeout '0' is invalid. Using default page load timeout: '60'

2022-01-24 12:01:51 - [MESSAGE][PASSED] - Tapped on element 'Object Repository/Mobile/Page/Login/Input - UserID'

2022-01-24 12:01:51 - [TEST_STEP][PASSED] - delay(1): Delayed 1 second(s)

2022-01-24 12:01:52 - [MESSAGE][PASSED] - Delayed 1 second(s)

2022-01-24 12:01:52 - [TEST_STEP][PASSED] - setText(LOGN_EdtRdyUserID, "anggaaditya", 0): Text 'anggaaditya' has been set to element 'Object Repository/Mobile/Page/Login/Input Rdy - UserID'

2022-01-24 12:01:52 - [MESSAGE][WARNING] - Timeout '0' is invalid. Using default page load timeout: '60'

2022-01-24 12:01:53 - [MESSAGE][PASSED] - Text 'anggaaditya' has been set to element 'Object Repository/Mobile/Page/Login/Input Rdy - UserID'

2022-01-24 12:01:53 - [TEST_STEP][PASSED] - delay(1): Delayed 1 second(s)

2022-01-24 12:01:54 - [MESSAGE][PASSED] - Delayed 1 second(s)

2022-01-24 12:01:54 - [TEST_STEP][PASSED] - hideKeyboard(): Keyboard is hidden

2022-01-24 12:01:58 - [MESSAGE][PASSED] - Keyboard is hidden

2022-01-24 12:01:58 - [TEST_STEP][PASSED] - tap(LOGN_EdtPassword, 0): Tapped on element 'Object Repository/Mobile/Page/Login/Input - Password'

2022-01-24 12:01:58 - [MESSAGE][WARNING] - Timeout '0' is invalid. Using default page load timeout: '60'

2022-01-24 12:01:58 - [MESSAGE][PASSED] - Tapped on element 'Object Repository/Mobile/Page/Login/Input - Password'

2022-01-24 12:01:58 - [TEST_STEP][PASSED] - delay(1): Delayed 1 second(s)

2022-01-24 12:01:59 - [MESSAGE][PASSED] - Delayed 1 second(s)

2022-01-24 12:01:59 - [TEST_STEP][PASSED] - setText(LOGN_EdtRdyPassword, "Shalawa18", 0): Text 'Shalawa18' has been set to element 'Object Repository/Mobile/Page/Login/Input Rdy - Password'

2022-01-24 12:01:59 - [MESSAGE][WARNING] - Timeout '0' is invalid. Using default page load timeout: '60'

2022-01-24 12:02:00 - [MESSAGE][PASSED] - Text 'Shalawa18' has been set to element 'Object Repository/Mobile/Page/Login/Input Rdy - Password'

2022-01-24 12:02:00 - [TEST_STEP][PASSED] - delay(1): Delayed 1 second(s)

2022-01-24 12:02:01 - [MESSAGE][PASSED] - Delayed 1 second(s)

2022-01-24 12:02:01 - [TEST_STEP][PASSED] - hideKeyboard(): Keyboard is hidden

2022-01-24 12:02:07 - [MESSAGE][PASSED] - Keyboard is hidden

2022-01-24 12:02:07 - [TEST_STEP][PASSED] - tap(LOGN_BtnLogin, 0): Tapped on element 'Object Repository/Mobile/Page/Login/Button - Login'

2022-01-24 12:02:07 - [MESSAGE][WARNING] - Timeout '0' is invalid. Using default page load timeout: '60'

2022-01-24 12:02:08 - [MESSAGE][PASSED] - Tapped on element 'Object Repository/Mobile/Page/Login/Button - Login'

2022-01-24 12:02:08 - [TEST_STEP][PASSED] - delay(2): Delayed 2 second(s)

2022-01-24 12:02:10 - [MESSAGE][PASSED] - Delayed 2 second(s)

2022-01-24 12:02:10 - [TEST_STEP][PASSED] - break: null

2022-01-24 12:02:10 - [MESSAGE][PASSED] - Call Test Case 'Test Cases/Mobile/Page/Login/Login' successfully

2022-01-24 12:02:10 - [MESSAGE][PASSED] - Call Test Case 'Test Cases/Mobile/Page/CheckLogin' successfully

2022-01-24 12:02:10 - [TEST_STEP][PASSED] - tap(HOME_MenubarNews, 0): Tapped on element 'Object Repository/Mobile/Page/Home/Menubar - News'

2022-01-24 12:02:10 - [MESSAGE][WARNING] - Timeout '0' is invalid. Using default page load timeout: '60'

2022-01-24 12:02:12 - [MESSAGE][PASSED] - Tapped on element 'Object Repository/Mobile/Page/Home/Menubar - News'

2022-01-24 12:02:12 - [TEST_STEP][PASSED] - delay(1): Delayed 1 second(s)

2022-01-24 12:02:13 - [MESSAGE][PASSED] - Delayed 1 second(s)

2022-01-24 12:02:13 - [TEST_STEP][PASSED] - for ([i = 0, i < 1, (i++)]): Delayed 3 second(s)

2022-01-24 12:02:13 - [TEST_STEP][PASSED] - if (tab == "macronews"): null

2022-01-24 12:02:13 - [TEST_STEP][PASSED] - else if (tab == "stocknews"): null

2022-01-24 12:02:13 - [TEST_STEP][PASSED] - else if (tab == "fundnews"): Tapped on element 'Object Repository/Mobile/Page/News/Tab - Fund'

2022-01-24 12:02:13 - [TEST_STEP][PASSED] - tap(NEWS_TabFund, 0): Tapped on element 'Object Repository/Mobile/Page/News/Tab - Fund'

2022-01-24 12:02:13 - [MESSAGE][WARNING] - Timeout '0' is invalid. Using default page load timeout: '60'

2022-01-24 12:02:15 - [MESSAGE][PASSED] - Tapped on element 'Object Repository/Mobile/Page/News/Tab - Fund'

2022-01-24 12:02:15 - [TEST_STEP][PASSED] - delay(1): Delayed 1 second(s)

2022-01-24 12:02:16 - [MESSAGE][PASSED] - Delayed 1 second(s)

2022-01-24 12:02:16 - [TEST_STEP][PASSED] - if (tab != "worldindices"): Delayed 3 second(s)

2022-01-24 12:02:16 - [TEST_STEP][PASSED] - try: Delayed 3 second(s)

2022-01-24 12:02:16 - [TEST_STEP][PASSED] - tapAndHold(NEWS_ItemTopNews, 1, 10): Tapped and held on element 'Object Repository/Mobile/Page/News/Item - Top News' with duration 1

2022-01-24 12:02:18 - [MESSAGE][PASSED] - Tapped and held on element 'Object Repository/Mobile/Page/News/Item - Top News' with duration 1

2022-01-24 12:02:18 - [TEST_STEP][PASSED] - delay(1): Delayed 1 second(s)

2022-01-24 12:02:20 - [MESSAGE][PASSED] - Delayed 1 second(s)

2022-01-24 12:02:20 - [TEST_STEP][PASSED] - scroll.scroll.scrollScreenBottomToTop(): scroll.scroll.scrollScreenBottomToTop is PASSED

2022-01-24 12:02:20 - [MESSAGE][PASSED] - Current device physical height is 1423

2022-01-24 12:02:20 - [MESSAGE][PASSED] - Current device physical width is 720

2022-01-24 12:02:21 - [MESSAGE][PASSED] - Swiped from 360,1,138 to 360,284

2022-01-24 12:02:21 - [MESSAGE][PASSED] - scroll.scroll.scrollScreenBottomToTop is PASSED

2022-01-24 12:02:21 - [TEST_STEP][PASSED] - delay(3): Delayed 3 second(s)

2022-01-24 12:02:24 - [MESSAGE][PASSED] - Delayed 3 second(s)

2022-01-24 12:02:24 - [MESSAGE][PASSED] - Call Test Case 'Test Cases/Mobile/Page/News/News' successfully

2022-01-24 12:02:24 - [TEST_STEP][PASSED] - callTestCase(findTestCase("Mobile/Page/Run App/Terminate App"), [:], STOP_ON_FAILURE): Call Test Case 'Test Cases/Mobile/Page/Run App/Terminate App' successfully

2022-01-24 12:02:24 - [TEST_CASE][PASSED] - Test Cases/Mobile/Page/Run App/Terminate App: Test Cases/Mobile/Page/Run App/Terminate App

2022-01-24 12:02:24 - [TEST_STEP][PASSED] - startApp.OpenApp.terminateApplication(): startApp.OpenApp.terminateApplication is PASSED

2022-01-24 12:02:27 - [MESSAGE][PASSED] - Delayed 3 second(s)

2022-01-24 12:02:28 - [MESSAGE][PASSED] - Current device physical width is 720

2022-01-24 12:02:28 - [MESSAGE][PASSED] - Current device physical height is 1423

2022-01-24 12:02:29 - [MESSAGE][PASSED] - Swiped from 360,853 to 360,142

2022-01-24 12:02:30 - [MESSAGE][PASSED] - Delayed 1 second(s)

2022-01-24 12:02:31 - [MESSAGE][PASSED] - Swiped from 360,853 to 360,142

2022-01-24 12:02:34 - [MESSAGE][PASSED] - Delayed 3 second(s)

2022-01-24 12:02:34 - [MESSAGE][PASSED] - startApp.OpenApp.terminateApplication is PASSED

2022-01-24 12:02:34 - [MESSAGE][PASSED] - Call Test Case 'Test Cases/Mobile/Page/Run App/Terminate App' successfully]]></system-out>
         <system-err><![CDATA[]]></system-err>
      </testcase>
      <testcase name="Test Cases/Mobile/Scenario/News/004 - Bond News" time="60.087" classname="Test Cases/Mobile/Scenario/News/004 - Bond News" status="PASSED">
         <system-out><![CDATA[2022-01-24 12:02:34 - [TEST_CASE][PASSED] - Test Cases/Mobile/Scenario/News/004 - Bond News: Test Cases/Mobile/Scenario/News/004 - Bond News

2022-01-24 12:02:35 - [TEST_STEP][PASSED] - callTestCase(findTestCase("Mobile/Page/Run App/Run App byID"), [:], STOP_ON_FAILURE): Call Test Case 'Test Cases/Mobile/Page/Run App/Run App byID' successfully

2022-01-24 12:02:35 - [TEST_CASE][PASSED] - Test Cases/Mobile/Page/Run App/Run App byID: Test Cases/Mobile/Page/Run App/Run App byID

2022-01-24 12:02:35 - [TEST_STEP][PASSED] - startApp.OpenApp.startApplication("id.co.miraeasset.sageclub"): startApp.OpenApp.startApplication is PASSED

2022-01-24 12:02:47 - [MESSAGE][PASSED] - Starting app with application ID: 'id.co.miraeasset.sageclub'

2022-01-24 12:02:47 - [MESSAGE][PASSED] - startApp.OpenApp.startApplication is PASSED

2022-01-24 12:02:47 - [MESSAGE][PASSED] - Call Test Case 'Test Cases/Mobile/Page/Run App/Run App byID' successfully

2022-01-24 12:02:47 - [TEST_STEP][PASSED] - callTestCase(findTestCase("Mobile/Page/News/News"), ["tab":"bondnews"], CONTINUE_ON_FAILURE): Call Test Case 'Test Cases/Mobile/Page/News/News' successfully

2022-01-24 12:02:47 - [TEST_CASE][PASSED] - Test Cases/Mobile/Page/News/News: Test Cases/Mobile/Page/News/News

2022-01-24 12:02:47 - [TEST_STEP][PASSED] - callTestCase(findTestCase("Mobile/Page/CheckLogin"), [:], CONTINUE_ON_FAILURE): Call Test Case 'Test Cases/Mobile/Page/CheckLogin' successfully

2022-01-24 12:02:47 - [TEST_CASE][PASSED] - Test Cases/Mobile/Page/CheckLogin: Test Cases/Mobile/Page/CheckLogin

2022-01-24 12:02:47 - [TEST_STEP][PASSED] - loginCheck = verifyElementExist(LOGN_BtnLogin, 5, CONTINUE_ON_FAILURE): Element 'Object Repository/Mobile/Page/Login/Button - Login' is exist

2022-01-24 12:02:49 - [MESSAGE][PASSED] - Element 'Object Repository/Mobile/Page/Login/Button - Login' is exist

2022-01-24 12:02:49 - [TEST_STEP][PASSED] - if (loginCheck): Call Test Case 'Test Cases/Mobile/Page/Login/Login' successfully

2022-01-24 12:02:49 - [TEST_STEP][PASSED] - callTestCase(findTestCase("Mobile/Page/Login/Login"), ["action":"username"], CONTINUE_ON_FAILURE): Call Test Case 'Test Cases/Mobile/Page/Login/Login' successfully

2022-01-24 12:02:49 - [TEST_CASE][PASSED] - Test Cases/Mobile/Page/Login/Login: Test Cases/Mobile/Page/Login/Login

2022-01-24 12:02:49 - [TEST_STEP][PASSED] - delay(2): Delayed 2 second(s)

2022-01-24 12:02:51 - [MESSAGE][PASSED] - Delayed 2 second(s)

2022-01-24 12:02:51 - [TEST_STEP][PASSED] - for ([i = 0, i < 1, (i++)]): null

2022-01-24 12:02:51 - [TEST_STEP][PASSED] - if (action == "username"): null

2022-01-24 12:02:51 - [TEST_STEP][PASSED] - tap(LOGN_EdtUserID, 0): Tapped on element 'Object Repository/Mobile/Page/Login/Input - UserID'

2022-01-24 12:02:51 - [MESSAGE][WARNING] - Timeout '0' is invalid. Using default page load timeout: '60'

2022-01-24 12:02:51 - [MESSAGE][PASSED] - Tapped on element 'Object Repository/Mobile/Page/Login/Input - UserID'

2022-01-24 12:02:51 - [TEST_STEP][PASSED] - delay(1): Delayed 1 second(s)

2022-01-24 12:02:52 - [MESSAGE][PASSED] - Delayed 1 second(s)

2022-01-24 12:02:52 - [TEST_STEP][PASSED] - setText(LOGN_EdtRdyUserID, "anggaaditya", 0): Text 'anggaaditya' has been set to element 'Object Repository/Mobile/Page/Login/Input Rdy - UserID'

2022-01-24 12:02:52 - [MESSAGE][WARNING] - Timeout '0' is invalid. Using default page load timeout: '60'

2022-01-24 12:02:53 - [MESSAGE][PASSED] - Text 'anggaaditya' has been set to element 'Object Repository/Mobile/Page/Login/Input Rdy - UserID'

2022-01-24 12:02:53 - [TEST_STEP][PASSED] - delay(1): Delayed 1 second(s)

2022-01-24 12:02:54 - [MESSAGE][PASSED] - Delayed 1 second(s)

2022-01-24 12:02:54 - [TEST_STEP][PASSED] - hideKeyboard(): Keyboard is hidden

2022-01-24 12:02:57 - [MESSAGE][PASSED] - Keyboard is hidden

2022-01-24 12:02:57 - [TEST_STEP][PASSED] - tap(LOGN_EdtPassword, 0): Tapped on element 'Object Repository/Mobile/Page/Login/Input - Password'

2022-01-24 12:02:57 - [MESSAGE][WARNING] - Timeout '0' is invalid. Using default page load timeout: '60'

2022-01-24 12:02:58 - [MESSAGE][PASSED] - Tapped on element 'Object Repository/Mobile/Page/Login/Input - Password'

2022-01-24 12:02:58 - [TEST_STEP][PASSED] - delay(1): Delayed 1 second(s)

2022-01-24 12:02:59 - [MESSAGE][PASSED] - Delayed 1 second(s)

2022-01-24 12:02:59 - [TEST_STEP][PASSED] - setText(LOGN_EdtRdyPassword, "Shalawa18", 0): Text 'Shalawa18' has been set to element 'Object Repository/Mobile/Page/Login/Input Rdy - Password'

2022-01-24 12:02:59 - [MESSAGE][WARNING] - Timeout '0' is invalid. Using default page load timeout: '60'

2022-01-24 12:03:00 - [MESSAGE][PASSED] - Text 'Shalawa18' has been set to element 'Object Repository/Mobile/Page/Login/Input Rdy - Password'

2022-01-24 12:03:00 - [TEST_STEP][PASSED] - delay(1): Delayed 1 second(s)

2022-01-24 12:03:01 - [MESSAGE][PASSED] - Delayed 1 second(s)

2022-01-24 12:03:01 - [TEST_STEP][PASSED] - hideKeyboard(): Keyboard is hidden

2022-01-24 12:03:08 - [MESSAGE][PASSED] - Keyboard is hidden

2022-01-24 12:03:08 - [TEST_STEP][PASSED] - tap(LOGN_BtnLogin, 0): Tapped on element 'Object Repository/Mobile/Page/Login/Button - Login'

2022-01-24 12:03:08 - [MESSAGE][WARNING] - Timeout '0' is invalid. Using default page load timeout: '60'

2022-01-24 12:03:09 - [MESSAGE][PASSED] - Tapped on element 'Object Repository/Mobile/Page/Login/Button - Login'

2022-01-24 12:03:09 - [TEST_STEP][PASSED] - delay(2): Delayed 2 second(s)

2022-01-24 12:03:11 - [MESSAGE][PASSED] - Delayed 2 second(s)

2022-01-24 12:03:11 - [TEST_STEP][PASSED] - break: null

2022-01-24 12:03:11 - [MESSAGE][PASSED] - Call Test Case 'Test Cases/Mobile/Page/Login/Login' successfully

2022-01-24 12:03:11 - [MESSAGE][PASSED] - Call Test Case 'Test Cases/Mobile/Page/CheckLogin' successfully

2022-01-24 12:03:11 - [TEST_STEP][PASSED] - tap(HOME_MenubarNews, 0): Tapped on element 'Object Repository/Mobile/Page/Home/Menubar - News'

2022-01-24 12:03:11 - [MESSAGE][WARNING] - Timeout '0' is invalid. Using default page load timeout: '60'

2022-01-24 12:03:12 - [MESSAGE][PASSED] - Tapped on element 'Object Repository/Mobile/Page/Home/Menubar - News'

2022-01-24 12:03:12 - [TEST_STEP][PASSED] - delay(1): Delayed 1 second(s)

2022-01-24 12:03:13 - [MESSAGE][PASSED] - Delayed 1 second(s)

2022-01-24 12:03:13 - [TEST_STEP][PASSED] - for ([i = 0, i < 1, (i++)]): Delayed 3 second(s)

2022-01-24 12:03:13 - [TEST_STEP][PASSED] - if (tab == "macronews"): null

2022-01-24 12:03:13 - [TEST_STEP][PASSED] - else if (tab == "stocknews"): null

2022-01-24 12:03:13 - [TEST_STEP][PASSED] - else if (tab == "fundnews"): null

2022-01-24 12:03:13 - [TEST_STEP][PASSED] - else if (tab == "bondnews"): Tapped on element 'Object Repository/Mobile/Page/News/Tab - Bond'

2022-01-24 12:03:13 - [TEST_STEP][PASSED] - tap(NEWS_TabBond, 0): Tapped on element 'Object Repository/Mobile/Page/News/Tab - Bond'

2022-01-24 12:03:13 - [MESSAGE][WARNING] - Timeout '0' is invalid. Using default page load timeout: '60'

2022-01-24 12:03:15 - [MESSAGE][PASSED] - Tapped on element 'Object Repository/Mobile/Page/News/Tab - Bond'

2022-01-24 12:03:15 - [TEST_STEP][PASSED] - delay(1): Delayed 1 second(s)

2022-01-24 12:03:16 - [MESSAGE][PASSED] - Delayed 1 second(s)

2022-01-24 12:03:16 - [TEST_STEP][PASSED] - if (tab != "worldindices"): Delayed 3 second(s)

2022-01-24 12:03:16 - [TEST_STEP][PASSED] - try: Delayed 3 second(s)

2022-01-24 12:03:16 - [TEST_STEP][PASSED] - tapAndHold(NEWS_ItemTopNews, 1, 10): Tapped and held on element 'Object Repository/Mobile/Page/News/Item - Top News' with duration 1

2022-01-24 12:03:19 - [MESSAGE][PASSED] - Tapped and held on element 'Object Repository/Mobile/Page/News/Item - Top News' with duration 1

2022-01-24 12:03:19 - [TEST_STEP][PASSED] - delay(1): Delayed 1 second(s)

2022-01-24 12:03:20 - [MESSAGE][PASSED] - Delayed 1 second(s)

2022-01-24 12:03:20 - [TEST_STEP][PASSED] - scroll.scroll.scrollScreenBottomToTop(): scroll.scroll.scrollScreenBottomToTop is PASSED

2022-01-24 12:03:20 - [MESSAGE][PASSED] - Current device physical height is 1423

2022-01-24 12:03:20 - [MESSAGE][PASSED] - Current device physical width is 720

2022-01-24 12:03:21 - [MESSAGE][PASSED] - Swiped from 360,1,138 to 360,284

2022-01-24 12:03:21 - [MESSAGE][PASSED] - scroll.scroll.scrollScreenBottomToTop is PASSED

2022-01-24 12:03:21 - [TEST_STEP][PASSED] - delay(3): Delayed 3 second(s)

2022-01-24 12:03:24 - [MESSAGE][PASSED] - Delayed 3 second(s)

2022-01-24 12:03:24 - [MESSAGE][PASSED] - Call Test Case 'Test Cases/Mobile/Page/News/News' successfully

2022-01-24 12:03:24 - [TEST_STEP][PASSED] - callTestCase(findTestCase("Mobile/Page/Run App/Terminate App"), [:], STOP_ON_FAILURE): Call Test Case 'Test Cases/Mobile/Page/Run App/Terminate App' successfully

2022-01-24 12:03:24 - [TEST_CASE][PASSED] - Test Cases/Mobile/Page/Run App/Terminate App: Test Cases/Mobile/Page/Run App/Terminate App

2022-01-24 12:03:24 - [TEST_STEP][PASSED] - startApp.OpenApp.terminateApplication(): startApp.OpenApp.terminateApplication is PASSED

2022-01-24 12:03:27 - [MESSAGE][PASSED] - Delayed 3 second(s)

2022-01-24 12:03:28 - [MESSAGE][PASSED] - Current device physical width is 720

2022-01-24 12:03:28 - [MESSAGE][PASSED] - Current device physical height is 1423

2022-01-24 12:03:29 - [MESSAGE][PASSED] - Swiped from 360,853 to 360,142

2022-01-24 12:03:30 - [MESSAGE][PASSED] - Delayed 1 second(s)

2022-01-24 12:03:32 - [MESSAGE][PASSED] - Swiped from 360,853 to 360,142

2022-01-24 12:03:35 - [MESSAGE][PASSED] - Delayed 3 second(s)

2022-01-24 12:03:35 - [MESSAGE][PASSED] - startApp.OpenApp.terminateApplication is PASSED

2022-01-24 12:03:35 - [MESSAGE][PASSED] - Call Test Case 'Test Cases/Mobile/Page/Run App/Terminate App' successfully]]></system-out>
         <system-err><![CDATA[]]></system-err>
      </testcase>
      <testcase name="Test Cases/Mobile/Scenario/News/005 - Macro News" time="60.039" classname="Test Cases/Mobile/Scenario/News/005 - Macro News" status="PASSED">
         <system-out><![CDATA[2022-01-24 12:03:35 - [TEST_CASE][PASSED] - Test Cases/Mobile/Scenario/News/005 - Macro News: Test Cases/Mobile/Scenario/News/005 - Macro News

2022-01-24 12:03:35 - [TEST_STEP][PASSED] - callTestCase(findTestCase("Mobile/Page/Run App/Run App byID"), [:], STOP_ON_FAILURE): Call Test Case 'Test Cases/Mobile/Page/Run App/Run App byID' successfully

2022-01-24 12:03:35 - [TEST_CASE][PASSED] - Test Cases/Mobile/Page/Run App/Run App byID: Test Cases/Mobile/Page/Run App/Run App byID

2022-01-24 12:03:35 - [TEST_STEP][PASSED] - startApp.OpenApp.startApplication("id.co.miraeasset.sageclub"): startApp.OpenApp.startApplication is PASSED

2022-01-24 12:03:47 - [MESSAGE][PASSED] - Starting app with application ID: 'id.co.miraeasset.sageclub'

2022-01-24 12:03:47 - [MESSAGE][PASSED] - startApp.OpenApp.startApplication is PASSED

2022-01-24 12:03:47 - [MESSAGE][PASSED] - Call Test Case 'Test Cases/Mobile/Page/Run App/Run App byID' successfully

2022-01-24 12:03:47 - [TEST_STEP][PASSED] - callTestCase(findTestCase("Mobile/Page/News/News"), ["tab":"macronews"], CONTINUE_ON_FAILURE): Call Test Case 'Test Cases/Mobile/Page/News/News' successfully

2022-01-24 12:03:47 - [TEST_CASE][PASSED] - Test Cases/Mobile/Page/News/News: Test Cases/Mobile/Page/News/News

2022-01-24 12:03:47 - [TEST_STEP][PASSED] - callTestCase(findTestCase("Mobile/Page/CheckLogin"), [:], CONTINUE_ON_FAILURE): Call Test Case 'Test Cases/Mobile/Page/CheckLogin' successfully

2022-01-24 12:03:47 - [TEST_CASE][PASSED] - Test Cases/Mobile/Page/CheckLogin: Test Cases/Mobile/Page/CheckLogin

2022-01-24 12:03:47 - [TEST_STEP][PASSED] - loginCheck = verifyElementExist(LOGN_BtnLogin, 5, CONTINUE_ON_FAILURE): Element 'Object Repository/Mobile/Page/Login/Button - Login' is exist

2022-01-24 12:03:49 - [MESSAGE][PASSED] - Element 'Object Repository/Mobile/Page/Login/Button - Login' is exist

2022-01-24 12:03:49 - [TEST_STEP][PASSED] - if (loginCheck): Call Test Case 'Test Cases/Mobile/Page/Login/Login' successfully

2022-01-24 12:03:49 - [TEST_STEP][PASSED] - callTestCase(findTestCase("Mobile/Page/Login/Login"), ["action":"username"], CONTINUE_ON_FAILURE): Call Test Case 'Test Cases/Mobile/Page/Login/Login' successfully

2022-01-24 12:03:49 - [TEST_CASE][PASSED] - Test Cases/Mobile/Page/Login/Login: Test Cases/Mobile/Page/Login/Login

2022-01-24 12:03:49 - [TEST_STEP][PASSED] - delay(2): Delayed 2 second(s)

2022-01-24 12:03:51 - [MESSAGE][PASSED] - Delayed 2 second(s)

2022-01-24 12:03:51 - [TEST_STEP][PASSED] - for ([i = 0, i < 1, (i++)]): null

2022-01-24 12:03:51 - [TEST_STEP][PASSED] - if (action == "username"): null

2022-01-24 12:03:51 - [TEST_STEP][PASSED] - tap(LOGN_EdtUserID, 0): Tapped on element 'Object Repository/Mobile/Page/Login/Input - UserID'

2022-01-24 12:03:51 - [MESSAGE][WARNING] - Timeout '0' is invalid. Using default page load timeout: '60'

2022-01-24 12:03:52 - [MESSAGE][PASSED] - Tapped on element 'Object Repository/Mobile/Page/Login/Input - UserID'

2022-01-24 12:03:52 - [TEST_STEP][PASSED] - delay(1): Delayed 1 second(s)

2022-01-24 12:03:53 - [MESSAGE][PASSED] - Delayed 1 second(s)

2022-01-24 12:03:53 - [TEST_STEP][PASSED] - setText(LOGN_EdtRdyUserID, "anggaaditya", 0): Text 'anggaaditya' has been set to element 'Object Repository/Mobile/Page/Login/Input Rdy - UserID'

2022-01-24 12:03:53 - [MESSAGE][WARNING] - Timeout '0' is invalid. Using default page load timeout: '60'

2022-01-24 12:03:53 - [MESSAGE][PASSED] - Text 'anggaaditya' has been set to element 'Object Repository/Mobile/Page/Login/Input Rdy - UserID'

2022-01-24 12:03:53 - [TEST_STEP][PASSED] - delay(1): Delayed 1 second(s)

2022-01-24 12:03:54 - [MESSAGE][PASSED] - Delayed 1 second(s)

2022-01-24 12:03:54 - [TEST_STEP][PASSED] - hideKeyboard(): Keyboard is hidden

2022-01-24 12:03:58 - [MESSAGE][PASSED] - Keyboard is hidden

2022-01-24 12:03:58 - [TEST_STEP][PASSED] - tap(LOGN_EdtPassword, 0): Tapped on element 'Object Repository/Mobile/Page/Login/Input - Password'

2022-01-24 12:03:58 - [MESSAGE][WARNING] - Timeout '0' is invalid. Using default page load timeout: '60'

2022-01-24 12:03:58 - [MESSAGE][PASSED] - Tapped on element 'Object Repository/Mobile/Page/Login/Input - Password'

2022-01-24 12:03:58 - [TEST_STEP][PASSED] - delay(1): Delayed 1 second(s)

2022-01-24 12:03:59 - [MESSAGE][PASSED] - Delayed 1 second(s)

2022-01-24 12:03:59 - [TEST_STEP][PASSED] - setText(LOGN_EdtRdyPassword, "Shalawa18", 0): Text 'Shalawa18' has been set to element 'Object Repository/Mobile/Page/Login/Input Rdy - Password'

2022-01-24 12:03:59 - [MESSAGE][WARNING] - Timeout '0' is invalid. Using default page load timeout: '60'

2022-01-24 12:04:00 - [MESSAGE][PASSED] - Text 'Shalawa18' has been set to element 'Object Repository/Mobile/Page/Login/Input Rdy - Password'

2022-01-24 12:04:00 - [TEST_STEP][PASSED] - delay(1): Delayed 1 second(s)

2022-01-24 12:04:01 - [MESSAGE][PASSED] - Delayed 1 second(s)

2022-01-24 12:04:01 - [TEST_STEP][PASSED] - hideKeyboard(): Keyboard is hidden

2022-01-24 12:04:07 - [MESSAGE][PASSED] - Keyboard is hidden

2022-01-24 12:04:08 - [TEST_STEP][PASSED] - tap(LOGN_BtnLogin, 0): Tapped on element 'Object Repository/Mobile/Page/Login/Button - Login'

2022-01-24 12:04:08 - [MESSAGE][WARNING] - Timeout '0' is invalid. Using default page load timeout: '60'

2022-01-24 12:04:08 - [MESSAGE][PASSED] - Tapped on element 'Object Repository/Mobile/Page/Login/Button - Login'

2022-01-24 12:04:08 - [TEST_STEP][PASSED] - delay(2): Delayed 2 second(s)

2022-01-24 12:04:10 - [MESSAGE][PASSED] - Delayed 2 second(s)

2022-01-24 12:04:10 - [TEST_STEP][PASSED] - break: null

2022-01-24 12:04:10 - [MESSAGE][PASSED] - Call Test Case 'Test Cases/Mobile/Page/Login/Login' successfully

2022-01-24 12:04:10 - [MESSAGE][PASSED] - Call Test Case 'Test Cases/Mobile/Page/CheckLogin' successfully

2022-01-24 12:04:10 - [TEST_STEP][PASSED] - tap(HOME_MenubarNews, 0): Tapped on element 'Object Repository/Mobile/Page/Home/Menubar - News'

2022-01-24 12:04:10 - [MESSAGE][WARNING] - Timeout '0' is invalid. Using default page load timeout: '60'

2022-01-24 12:04:12 - [MESSAGE][PASSED] - Tapped on element 'Object Repository/Mobile/Page/Home/Menubar - News'

2022-01-24 12:04:12 - [TEST_STEP][PASSED] - delay(1): Delayed 1 second(s)

2022-01-24 12:04:13 - [MESSAGE][PASSED] - Delayed 1 second(s)

2022-01-24 12:04:13 - [TEST_STEP][PASSED] - for ([i = 0, i < 1, (i++)]): Delayed 3 second(s)

2022-01-24 12:04:13 - [TEST_STEP][PASSED] - if (tab == "macronews"): Tapped on element 'Object Repository/Mobile/Page/News/Tab - Macro'

2022-01-24 12:04:13 - [TEST_STEP][PASSED] - tap(NEWS_TabMacro, 0): Tapped on element 'Object Repository/Mobile/Page/News/Tab - Macro'

2022-01-24 12:04:13 - [MESSAGE][WARNING] - Timeout '0' is invalid. Using default page load timeout: '60'

2022-01-24 12:04:15 - [MESSAGE][PASSED] - Tapped on element 'Object Repository/Mobile/Page/News/Tab - Macro'

2022-01-24 12:04:15 - [TEST_STEP][PASSED] - delay(1): Delayed 1 second(s)

2022-01-24 12:04:16 - [MESSAGE][PASSED] - Delayed 1 second(s)

2022-01-24 12:04:16 - [TEST_STEP][PASSED] - if (tab != "worldindices"): Delayed 3 second(s)

2022-01-24 12:04:16 - [TEST_STEP][PASSED] - try: Delayed 3 second(s)

2022-01-24 12:04:16 - [TEST_STEP][PASSED] - tapAndHold(NEWS_ItemTopNews, 1, 10): Tapped and held on element 'Object Repository/Mobile/Page/News/Item - Top News' with duration 1

2022-01-24 12:04:19 - [MESSAGE][PASSED] - Tapped and held on element 'Object Repository/Mobile/Page/News/Item - Top News' with duration 1

2022-01-24 12:04:19 - [TEST_STEP][PASSED] - delay(1): Delayed 1 second(s)

2022-01-24 12:04:20 - [MESSAGE][PASSED] - Delayed 1 second(s)

2022-01-24 12:04:20 - [TEST_STEP][PASSED] - scroll.scroll.scrollScreenBottomToTop(): scroll.scroll.scrollScreenBottomToTop is PASSED

2022-01-24 12:04:20 - [MESSAGE][PASSED] - Current device physical height is 1423

2022-01-24 12:04:20 - [MESSAGE][PASSED] - Current device physical width is 720

2022-01-24 12:04:21 - [MESSAGE][PASSED] - Swiped from 360,1,138 to 360,284

2022-01-24 12:04:21 - [MESSAGE][PASSED] - scroll.scroll.scrollScreenBottomToTop is PASSED

2022-01-24 12:04:21 - [TEST_STEP][PASSED] - delay(3): Delayed 3 second(s)

2022-01-24 12:04:24 - [MESSAGE][PASSED] - Delayed 3 second(s)

2022-01-24 12:04:24 - [MESSAGE][PASSED] - Call Test Case 'Test Cases/Mobile/Page/News/News' successfully

2022-01-24 12:04:24 - [TEST_STEP][PASSED] - callTestCase(findTestCase("Mobile/Page/Run App/Terminate App"), [:], STOP_ON_FAILURE): Call Test Case 'Test Cases/Mobile/Page/Run App/Terminate App' successfully

2022-01-24 12:04:25 - [TEST_CASE][PASSED] - Test Cases/Mobile/Page/Run App/Terminate App: Test Cases/Mobile/Page/Run App/Terminate App

2022-01-24 12:04:25 - [TEST_STEP][PASSED] - startApp.OpenApp.terminateApplication(): startApp.OpenApp.terminateApplication is PASSED

2022-01-24 12:04:28 - [MESSAGE][PASSED] - Delayed 3 second(s)

2022-01-24 12:04:28 - [MESSAGE][PASSED] - Current device physical width is 720

2022-01-24 12:04:28 - [MESSAGE][PASSED] - Current device physical height is 1423

2022-01-24 12:04:29 - [MESSAGE][PASSED] - Swiped from 360,853 to 360,142

2022-01-24 12:04:30 - [MESSAGE][PASSED] - Delayed 1 second(s)

2022-01-24 12:04:32 - [MESSAGE][PASSED] - Swiped from 360,853 to 360,142

2022-01-24 12:04:35 - [MESSAGE][PASSED] - Delayed 3 second(s)

2022-01-24 12:04:35 - [MESSAGE][PASSED] - startApp.OpenApp.terminateApplication is PASSED

2022-01-24 12:04:35 - [MESSAGE][PASSED] - Call Test Case 'Test Cases/Mobile/Page/Run App/Terminate App' successfully]]></system-out>
         <system-err><![CDATA[]]></system-err>
      </testcase>
      <system-out><![CDATA[2022-01-24 11:59:05 - [TEST_SUITE][PASSED] - news: Test Cases/Mobile/Scenario/News/005 - Macro News]]></system-out>
      <system-err><![CDATA[]]></system-err>
   </testsuite>
</testsuites>
