<?xml version="1.0" encoding="UTF-8"?>
<testsuites name="login" time="285.797" tests="5" failures="0" skips="0" errors="0">
   <testsuite name="login" tests="5" failures="0" errors="0" time="285.797" skips="0" timestamp="2022-01-03 07:58:33" hostname="Owner - aldy-tft" id="Test Suites/login">
      <properties>
         <property name="deviceName" value="samsung SM-A205F (Android 11)"/>
         <property name="devicePlatform" value=""/>
         <property name="logFolder" value="C:\\Users\\Owner\\Documents\\kerjaan\\KatalonProject\\qa_katalon_pwm\\qa_katalon_pwm\\Reports\\20220103_074849\\login\\20220103_074854"/>
         <property name="logFiles" value="C:\\Users\\Owner\\Documents\\kerjaan\\KatalonProject\\qa_katalon_pwm\\qa_katalon_pwm\\Reports\\20220103_074849\\login\\20220103_074854\\appium.log, C:\\Users\\Owner\\Documents\\kerjaan\\KatalonProject\\qa_katalon_pwm\\qa_katalon_pwm\\Reports\\20220103_074849\\login\\20220103_074854\\execution0.log"/>
         <property name="attachments" value=""/>
         <property name="hostName" value="Owner - aldy-tft"/>
         <property name="os" value="Windows 10 64bit"/>
         <property name="appiumServerStatus" value="{&quot;value&quot;:{&quot;build&quot;:{&quot;version&quot;:&quot;1.22.0&quot;}},&quot;sessionId&quot;:null,&quot;status&quot;:0}"/>
         <property name="katalonVersion" value="7.9.1.208"/>
         <property name="deviceOS" value="Android"/>
         <property name="appiumVersion" value="1.22.0"/>
         <property name="deviceModel" value="SM-A205F"/>
         <property name="hostAddress" value="10.0.30.143"/>
         <property name="deviceManufacturer" value="samsung"/>
         <property name="deviceId" value="RR8M40C9AXE"/>
         <property name="deviceName" value="samsung SM-A205F (Android 11)"/>
         <property name="deviceOSVersion" value="11"/>
      </properties>
      <testcase name="Test Cases/Mobile/Scenario/Login/001 - Login dengan username" time="74.375" classname="Test Cases/Mobile/Scenario/Login/001 - Login dengan username" status="PASSED">
         <system-out><![CDATA[2022-01-03 07:58:33 - [TEST_CASE][PASSED] - Test Cases/Mobile/Scenario/Login/001 - Login dengan username: Test Cases/Mobile/Scenario/Login/001 - Login dengan username

2022-01-03 07:58:34 - [TEST_STEP][PASSED] - callTestCase(findTestCase("Mobile/Page/Run App/Run App byID"), [:], STOP_ON_FAILURE): Call Test Case 'Test Cases/Mobile/Page/Run App/Run App byID' successfully

2022-01-03 07:58:34 - [TEST_CASE][PASSED] - Test Cases/Mobile/Page/Run App/Run App byID: Test Cases/Mobile/Page/Run App/Run App byID

2022-01-03 07:58:34 - [TEST_STEP][PASSED] - startApp.OpenApp.startApplication("id.co.miraeasset.sageclub"): startApp.OpenApp.startApplication is PASSED

2022-01-03 07:58:36 - [MESSAGE][INFO] - Appium server started on port 50,455

2022-01-03 07:58:56 - [MESSAGE][PASSED] - Starting app with application ID: 'id.co.miraeasset.sageclub'

2022-01-03 07:58:56 - [MESSAGE][PASSED] - startApp.OpenApp.startApplication is PASSED

2022-01-03 07:58:56 - [MESSAGE][PASSED] - Call Test Case 'Test Cases/Mobile/Page/Run App/Run App byID' successfully

2022-01-03 07:58:56 - [TEST_STEP][PASSED] - callTestCase(findTestCase("Mobile/Page/Login/Login"), ["action":"username"], CONTINUE_ON_FAILURE): Call Test Case 'Test Cases/Mobile/Page/Login/Login' successfully

2022-01-03 07:58:56 - [TEST_CASE][PASSED] - Test Cases/Mobile/Page/Login/Login: Test Cases/Mobile/Page/Login/Login

2022-01-03 07:58:56 - [TEST_STEP][PASSED] - delay(2): Delayed 2 second(s)

2022-01-03 07:58:58 - [MESSAGE][PASSED] - Delayed 2 second(s)

2022-01-03 07:58:58 - [TEST_STEP][PASSED] - for ([i = 0, i < 1, (i++)]): null

2022-01-03 07:58:58 - [TEST_STEP][PASSED] - if (action == "username"): null

2022-01-03 07:58:58 - [TEST_STEP][PASSED] - tap(LOGN_EdtUserID, 0): Tapped on element 'Object Repository/Mobile/Page/Login/Input - UserID'

2022-01-03 07:59:13 - [MESSAGE][WARNING] - Timeout '0' is invalid. Using default page load timeout: '60'

2022-01-03 07:59:14 - [MESSAGE][PASSED] - Tapped on element 'Object Repository/Mobile/Page/Login/Input - UserID'

2022-01-03 07:59:14 - [TEST_STEP][PASSED] - delay(1): Delayed 1 second(s)

2022-01-03 07:59:15 - [MESSAGE][PASSED] - Delayed 1 second(s)

2022-01-03 07:59:15 - [TEST_STEP][PASSED] - setText(LOGN_EdtRdyUserID, "anggaaditya", 0): Text 'anggaaditya' has been set to element 'Object Repository/Mobile/Page/Login/Input Rdy - UserID'

2022-01-03 07:59:15 - [MESSAGE][WARNING] - Timeout '0' is invalid. Using default page load timeout: '60'

2022-01-03 07:59:16 - [MESSAGE][PASSED] - Text 'anggaaditya' has been set to element 'Object Repository/Mobile/Page/Login/Input Rdy - UserID'

2022-01-03 07:59:16 - [TEST_STEP][PASSED] - delay(1): Delayed 1 second(s)

2022-01-03 07:59:17 - [MESSAGE][PASSED] - Delayed 1 second(s)

2022-01-03 07:59:17 - [TEST_STEP][PASSED] - hideKeyboard(): Keyboard is hidden

2022-01-03 07:59:23 - [MESSAGE][PASSED] - Keyboard is hidden

2022-01-03 07:59:23 - [TEST_STEP][PASSED] - tap(LOGN_EdtPassword, 0): Tapped on element 'Object Repository/Mobile/Page/Login/Input - Password'

2022-01-03 07:59:23 - [MESSAGE][WARNING] - Timeout '0' is invalid. Using default page load timeout: '60'

2022-01-03 07:59:24 - [MESSAGE][PASSED] - Tapped on element 'Object Repository/Mobile/Page/Login/Input - Password'

2022-01-03 07:59:24 - [TEST_STEP][PASSED] - delay(1): Delayed 1 second(s)

2022-01-03 07:59:25 - [MESSAGE][PASSED] - Delayed 1 second(s)

2022-01-03 07:59:25 - [TEST_STEP][PASSED] - setText(LOGN_EdtRdyPassword, "Shalawa18", 0): Text 'Shalawa18' has been set to element 'Object Repository/Mobile/Page/Login/Input Rdy - Password'

2022-01-03 07:59:25 - [MESSAGE][WARNING] - Timeout '0' is invalid. Using default page load timeout: '60'

2022-01-03 07:59:25 - [MESSAGE][PASSED] - Text 'Shalawa18' has been set to element 'Object Repository/Mobile/Page/Login/Input Rdy - Password'

2022-01-03 07:59:25 - [TEST_STEP][PASSED] - delay(1): Delayed 1 second(s)

2022-01-03 07:59:26 - [MESSAGE][PASSED] - Delayed 1 second(s)

2022-01-03 07:59:26 - [TEST_STEP][PASSED] - hideKeyboard(): Keyboard is hidden

2022-01-03 07:59:33 - [MESSAGE][PASSED] - Keyboard is hidden

2022-01-03 07:59:33 - [TEST_STEP][PASSED] - tap(LOGN_BtnLogin, 0): Tapped on element 'Object Repository/Mobile/Page/Login/Button - Login'

2022-01-03 07:59:33 - [MESSAGE][WARNING] - Timeout '0' is invalid. Using default page load timeout: '60'

2022-01-03 07:59:33 - [MESSAGE][PASSED] - Tapped on element 'Object Repository/Mobile/Page/Login/Button - Login'

2022-01-03 07:59:33 - [TEST_STEP][PASSED] - delay(2): Delayed 2 second(s)

2022-01-03 07:59:35 - [MESSAGE][PASSED] - Delayed 2 second(s)

2022-01-03 07:59:35 - [TEST_STEP][PASSED] - break: null

2022-01-03 07:59:35 - [MESSAGE][PASSED] - Call Test Case 'Test Cases/Mobile/Page/Login/Login' successfully

2022-01-03 07:59:35 - [TEST_STEP][PASSED] - callTestCase(findTestCase("Mobile/Page/Run App/Terminate App"), [:], STOP_ON_FAILURE): Call Test Case 'Test Cases/Mobile/Page/Run App/Terminate App' successfully

2022-01-03 07:59:35 - [TEST_CASE][PASSED] - Test Cases/Mobile/Page/Run App/Terminate App: Test Cases/Mobile/Page/Run App/Terminate App

2022-01-03 07:59:36 - [TEST_STEP][PASSED] - startApp.OpenApp.terminateApplication(): startApp.OpenApp.terminateApplication is PASSED

2022-01-03 07:59:40 - [MESSAGE][PASSED] - Delayed 3 second(s)

2022-01-03 07:59:41 - [MESSAGE][PASSED] - Current device physical width is 720

2022-01-03 07:59:41 - [MESSAGE][PASSED] - Current device physical height is 1423

2022-01-03 07:59:42 - [MESSAGE][PASSED] - Swiped from 360,853 to 360,142

2022-01-03 07:59:43 - [MESSAGE][PASSED] - Delayed 1 second(s)

2022-01-03 07:59:45 - [MESSAGE][PASSED] - Swiped from 360,853 to 360,142

2022-01-03 07:59:48 - [MESSAGE][PASSED] - Delayed 3 second(s)

2022-01-03 07:59:48 - [MESSAGE][PASSED] - startApp.OpenApp.terminateApplication is PASSED

2022-01-03 07:59:48 - [MESSAGE][PASSED] - Call Test Case 'Test Cases/Mobile/Page/Run App/Terminate App' successfully]]></system-out>
         <system-err><![CDATA[]]></system-err>
      </testcase>
      <testcase name="Test Cases/Mobile/Scenario/Login/002 - Login dengan password salah" time="53.594" classname="Test Cases/Mobile/Scenario/Login/002 - Login dengan password salah" status="PASSED">
         <system-out><![CDATA[2022-01-03 07:59:48 - [TEST_CASE][PASSED] - Test Cases/Mobile/Scenario/Login/002 - Login dengan password salah: Test Cases/Mobile/Scenario/Login/002 - Login dengan password salah

2022-01-03 07:59:48 - [TEST_STEP][PASSED] - callTestCase(findTestCase("Mobile/Page/Run App/Run App byID"), [:], STOP_ON_FAILURE): Call Test Case 'Test Cases/Mobile/Page/Run App/Run App byID' successfully

2022-01-03 07:59:48 - [TEST_CASE][PASSED] - Test Cases/Mobile/Page/Run App/Run App byID: Test Cases/Mobile/Page/Run App/Run App byID

2022-01-03 07:59:48 - [TEST_STEP][PASSED] - startApp.OpenApp.startApplication("id.co.miraeasset.sageclub"): startApp.OpenApp.startApplication is PASSED

2022-01-03 08:00:03 - [MESSAGE][PASSED] - Starting app with application ID: 'id.co.miraeasset.sageclub'

2022-01-03 08:00:03 - [MESSAGE][PASSED] - startApp.OpenApp.startApplication is PASSED

2022-01-03 08:00:03 - [MESSAGE][PASSED] - Call Test Case 'Test Cases/Mobile/Page/Run App/Run App byID' successfully

2022-01-03 08:00:03 - [TEST_STEP][PASSED] - callTestCase(findTestCase("Mobile/Page/Login/Login"), ["action":"wrongpassword"], CONTINUE_ON_FAILURE): Call Test Case 'Test Cases/Mobile/Page/Login/Login' successfully

2022-01-03 08:00:03 - [TEST_CASE][PASSED] - Test Cases/Mobile/Page/Login/Login: Test Cases/Mobile/Page/Login/Login

2022-01-03 08:00:03 - [TEST_STEP][PASSED] - delay(2): Delayed 2 second(s)

2022-01-03 08:00:05 - [MESSAGE][PASSED] - Delayed 2 second(s)

2022-01-03 08:00:05 - [TEST_STEP][PASSED] - for ([i = 0, i < 1, (i++)]): null

2022-01-03 08:00:05 - [TEST_STEP][PASSED] - if (action == "username"): null

2022-01-03 08:00:05 - [TEST_STEP][PASSED] - else if (action == "wrongpassword"): null

2022-01-03 08:00:05 - [TEST_STEP][PASSED] - tap(LOGN_EdtUserID, 0): Tapped on element 'Object Repository/Mobile/Page/Login/Input - UserID'

2022-01-03 08:00:05 - [MESSAGE][WARNING] - Timeout '0' is invalid. Using default page load timeout: '60'

2022-01-03 08:00:06 - [MESSAGE][PASSED] - Tapped on element 'Object Repository/Mobile/Page/Login/Input - UserID'

2022-01-03 08:00:06 - [TEST_STEP][PASSED] - delay(1): Delayed 1 second(s)

2022-01-03 08:00:07 - [MESSAGE][PASSED] - Delayed 1 second(s)

2022-01-03 08:00:07 - [TEST_STEP][PASSED] - setText(LOGN_EdtRdyUserID, "anggaaditya", 0): Text 'anggaaditya' has been set to element 'Object Repository/Mobile/Page/Login/Input Rdy - UserID'

2022-01-03 08:00:07 - [MESSAGE][WARNING] - Timeout '0' is invalid. Using default page load timeout: '60'

2022-01-03 08:00:07 - [MESSAGE][PASSED] - Text 'anggaaditya' has been set to element 'Object Repository/Mobile/Page/Login/Input Rdy - UserID'

2022-01-03 08:00:07 - [TEST_STEP][PASSED] - delay(1): Delayed 1 second(s)

2022-01-03 08:00:08 - [MESSAGE][PASSED] - Delayed 1 second(s)

2022-01-03 08:00:08 - [TEST_STEP][PASSED] - hideKeyboard(): Keyboard is hidden

2022-01-03 08:00:15 - [MESSAGE][PASSED] - Keyboard is hidden

2022-01-03 08:00:15 - [TEST_STEP][PASSED] - tap(LOGN_EdtPassword, 0): Tapped on element 'Object Repository/Mobile/Page/Login/Input - Password'

2022-01-03 08:00:15 - [MESSAGE][WARNING] - Timeout '0' is invalid. Using default page load timeout: '60'

2022-01-03 08:00:16 - [MESSAGE][PASSED] - Tapped on element 'Object Repository/Mobile/Page/Login/Input - Password'

2022-01-03 08:00:16 - [TEST_STEP][PASSED] - delay(1): Delayed 1 second(s)

2022-01-03 08:00:17 - [MESSAGE][PASSED] - Delayed 1 second(s)

2022-01-03 08:00:17 - [TEST_STEP][PASSED] - setText(LOGN_EdtRdyPassword, "Shalawa181", 0): Text 'Shalawa181' has been set to element 'Object Repository/Mobile/Page/Login/Input Rdy - Password'

2022-01-03 08:00:17 - [MESSAGE][WARNING] - Timeout '0' is invalid. Using default page load timeout: '60'

2022-01-03 08:00:17 - [MESSAGE][PASSED] - Text 'Shalawa181' has been set to element 'Object Repository/Mobile/Page/Login/Input Rdy - Password'

2022-01-03 08:00:17 - [TEST_STEP][PASSED] - delay(1): Delayed 1 second(s)

2022-01-03 08:00:18 - [MESSAGE][PASSED] - Delayed 1 second(s)

2022-01-03 08:00:18 - [TEST_STEP][PASSED] - hideKeyboard(): Keyboard is hidden

2022-01-03 08:00:28 - [MESSAGE][PASSED] - Keyboard is hidden

2022-01-03 08:00:28 - [TEST_STEP][PASSED] - tap(LOGN_BtnLogin, 0): Tapped on element 'Object Repository/Mobile/Page/Login/Button - Login'

2022-01-03 08:00:28 - [MESSAGE][WARNING] - Timeout '0' is invalid. Using default page load timeout: '60'

2022-01-03 08:00:29 - [MESSAGE][PASSED] - Tapped on element 'Object Repository/Mobile/Page/Login/Button - Login'

2022-01-03 08:00:29 - [TEST_STEP][PASSED] - delay(2): Delayed 2 second(s)

2022-01-03 08:00:31 - [MESSAGE][PASSED] - Delayed 2 second(s)

2022-01-03 08:00:31 - [TEST_STEP][PASSED] - verify = verifyElementExist(LOGN_AlertInvalidCredentials, 5, STOP_ON_FAILURE): Element 'Object Repository/Mobile/Page/Login/Alert - Invalid credentials' is exist

2022-01-03 08:00:31 - [MESSAGE][PASSED] - Element 'Object Repository/Mobile/Page/Login/Alert - Invalid credentials' is exist

2022-01-03 08:00:31 - [TEST_STEP][PASSED] - break: null

2022-01-03 08:00:31 - [MESSAGE][PASSED] - Call Test Case 'Test Cases/Mobile/Page/Login/Login' successfully

2022-01-03 08:00:31 - [TEST_STEP][PASSED] - callTestCase(findTestCase("Mobile/Page/Run App/Terminate App"), [:], STOP_ON_FAILURE): Call Test Case 'Test Cases/Mobile/Page/Run App/Terminate App' successfully

2022-01-03 08:00:31 - [TEST_CASE][PASSED] - Test Cases/Mobile/Page/Run App/Terminate App: Test Cases/Mobile/Page/Run App/Terminate App

2022-01-03 08:00:31 - [TEST_STEP][PASSED] - startApp.OpenApp.terminateApplication(): startApp.OpenApp.terminateApplication is PASSED

2022-01-03 08:00:34 - [MESSAGE][PASSED] - Delayed 3 second(s)

2022-01-03 08:00:34 - [MESSAGE][PASSED] - Current device physical width is 720

2022-01-03 08:00:35 - [MESSAGE][PASSED] - Current device physical height is 1423

2022-01-03 08:00:36 - [MESSAGE][PASSED] - Swiped from 360,853 to 360,142

2022-01-03 08:00:37 - [MESSAGE][PASSED] - Delayed 1 second(s)

2022-01-03 08:00:38 - [MESSAGE][PASSED] - Swiped from 360,853 to 360,142

2022-01-03 08:00:41 - [MESSAGE][PASSED] - Delayed 3 second(s)

2022-01-03 08:00:41 - [MESSAGE][PASSED] - startApp.OpenApp.terminateApplication is PASSED

2022-01-03 08:00:41 - [MESSAGE][PASSED] - Call Test Case 'Test Cases/Mobile/Page/Run App/Terminate App' successfully]]></system-out>
         <system-err><![CDATA[]]></system-err>
      </testcase>
      <testcase name="Test Cases/Mobile/Scenario/Login/003 - Login tanpa internet" time="59.229" classname="Test Cases/Mobile/Scenario/Login/003 - Login tanpa internet" status="PASSED">
         <system-out><![CDATA[2022-01-03 08:00:41 - [TEST_CASE][PASSED] - Test Cases/Mobile/Scenario/Login/003 - Login tanpa internet: Test Cases/Mobile/Scenario/Login/003 - Login tanpa internet

2022-01-03 08:00:41 - [TEST_STEP][PASSED] - callTestCase(findTestCase("Mobile/Page/Run App/Run App byID"), [:], STOP_ON_FAILURE): Call Test Case 'Test Cases/Mobile/Page/Run App/Run App byID' successfully

2022-01-03 08:00:42 - [TEST_CASE][PASSED] - Test Cases/Mobile/Page/Run App/Run App byID: Test Cases/Mobile/Page/Run App/Run App byID

2022-01-03 08:00:42 - [TEST_STEP][PASSED] - startApp.OpenApp.startApplication("id.co.miraeasset.sageclub"): startApp.OpenApp.startApplication is PASSED

2022-01-03 08:00:55 - [MESSAGE][PASSED] - Starting app with application ID: 'id.co.miraeasset.sageclub'

2022-01-03 08:00:55 - [MESSAGE][PASSED] - startApp.OpenApp.startApplication is PASSED

2022-01-03 08:00:55 - [MESSAGE][PASSED] - Call Test Case 'Test Cases/Mobile/Page/Run App/Run App byID' successfully

2022-01-03 08:00:55 - [TEST_STEP][PASSED] - callTestCase(findTestCase("Mobile/Page/Login/Login"), ["action":"nointernet"], CONTINUE_ON_FAILURE): Call Test Case 'Test Cases/Mobile/Page/Login/Login' successfully

2022-01-03 08:00:55 - [TEST_CASE][PASSED] - Test Cases/Mobile/Page/Login/Login: Test Cases/Mobile/Page/Login/Login

2022-01-03 08:00:55 - [TEST_STEP][PASSED] - delay(2): Delayed 2 second(s)

2022-01-03 08:00:57 - [MESSAGE][PASSED] - Delayed 2 second(s)

2022-01-03 08:00:57 - [TEST_STEP][PASSED] - for ([i = 0, i < 1, (i++)]): null

2022-01-03 08:00:57 - [TEST_STEP][PASSED] - if (action == "username"): null

2022-01-03 08:00:57 - [TEST_STEP][PASSED] - else if (action == "wrongpassword"): null

2022-01-03 08:00:57 - [TEST_STEP][PASSED] - else if (action == "nointernet"): null

2022-01-03 08:00:57 - [TEST_STEP][PASSED] - scroll.scroll.scrollNotificationBar(): scroll.scroll.scrollNotificationBar is PASSED

2022-01-03 08:00:58 - [MESSAGE][PASSED] - Current device physical height is 1423

2022-01-03 08:01:00 - [MESSAGE][PASSED] - Swiped from 50,50 to 50,1,138

2022-01-03 08:01:00 - [MESSAGE][PASSED] - scroll.scroll.scrollNotificationBar is PASSED

2022-01-03 08:01:00 - [TEST_STEP][PASSED] - delay(1): Delayed 1 second(s)

2022-01-03 08:01:01 - [MESSAGE][PASSED] - Delayed 1 second(s)

2022-01-03 08:01:01 - [TEST_STEP][PASSED] - tap(OTHR_BtnWifi, 0): Tapped on element 'Object Repository/Mobile/Page/Others/Button - Wifi'

2022-01-03 08:01:01 - [MESSAGE][WARNING] - Timeout '0' is invalid. Using default page load timeout: '60'

2022-01-03 08:01:02 - [MESSAGE][PASSED] - Tapped on element 'Object Repository/Mobile/Page/Others/Button - Wifi'

2022-01-03 08:01:02 - [TEST_STEP][PASSED] - delay(1): Delayed 1 second(s)

2022-01-03 08:01:03 - [MESSAGE][PASSED] - Delayed 1 second(s)

2022-01-03 08:01:03 - [TEST_STEP][PASSED] - pressBack(): Press back button successfully

2022-01-03 08:01:03 - [MESSAGE][PASSED] - Press back button successfully

2022-01-03 08:01:03 - [TEST_STEP][PASSED] - tap(LOGN_EdtUserID, 0): Tapped on element 'Object Repository/Mobile/Page/Login/Input - UserID'

2022-01-03 08:01:03 - [MESSAGE][WARNING] - Timeout '0' is invalid. Using default page load timeout: '60'

2022-01-03 08:01:05 - [MESSAGE][PASSED] - Tapped on element 'Object Repository/Mobile/Page/Login/Input - UserID'

2022-01-03 08:01:05 - [TEST_STEP][PASSED] - delay(1): Delayed 1 second(s)

2022-01-03 08:01:06 - [MESSAGE][PASSED] - Delayed 1 second(s)

2022-01-03 08:01:06 - [TEST_STEP][PASSED] - setText(LOGN_EdtRdyUserID, "anggaaditya", 0): Text 'anggaaditya' has been set to element 'Object Repository/Mobile/Page/Login/Input Rdy - UserID'

2022-01-03 08:01:06 - [MESSAGE][WARNING] - Timeout '0' is invalid. Using default page load timeout: '60'

2022-01-03 08:01:07 - [MESSAGE][PASSED] - Text 'anggaaditya' has been set to element 'Object Repository/Mobile/Page/Login/Input Rdy - UserID'

2022-01-03 08:01:07 - [TEST_STEP][PASSED] - delay(1): Delayed 1 second(s)

2022-01-03 08:01:08 - [MESSAGE][PASSED] - Delayed 1 second(s)

2022-01-03 08:01:08 - [TEST_STEP][PASSED] - hideKeyboard(): Keyboard is hidden

2022-01-03 08:01:11 - [MESSAGE][PASSED] - Keyboard is hidden

2022-01-03 08:01:11 - [TEST_STEP][PASSED] - tap(LOGN_EdtPassword, 0): Tapped on element 'Object Repository/Mobile/Page/Login/Input - Password'

2022-01-03 08:01:11 - [MESSAGE][WARNING] - Timeout '0' is invalid. Using default page load timeout: '60'

2022-01-03 08:01:12 - [MESSAGE][PASSED] - Tapped on element 'Object Repository/Mobile/Page/Login/Input - Password'

2022-01-03 08:01:12 - [TEST_STEP][PASSED] - delay(1): Delayed 1 second(s)

2022-01-03 08:01:13 - [MESSAGE][PASSED] - Delayed 1 second(s)

2022-01-03 08:01:13 - [TEST_STEP][PASSED] - setText(LOGN_EdtRdyPassword, "Shalawa18", 0): Text 'Shalawa18' has been set to element 'Object Repository/Mobile/Page/Login/Input Rdy - Password'

2022-01-03 08:01:13 - [MESSAGE][WARNING] - Timeout '0' is invalid. Using default page load timeout: '60'

2022-01-03 08:01:13 - [MESSAGE][PASSED] - Text 'Shalawa18' has been set to element 'Object Repository/Mobile/Page/Login/Input Rdy - Password'

2022-01-03 08:01:13 - [TEST_STEP][PASSED] - delay(1): Delayed 1 second(s)

2022-01-03 08:01:14 - [MESSAGE][PASSED] - Delayed 1 second(s)

2022-01-03 08:01:14 - [TEST_STEP][PASSED] - hideKeyboard(): Keyboard is hidden

2022-01-03 08:01:20 - [MESSAGE][PASSED] - Keyboard is hidden

2022-01-03 08:01:20 - [TEST_STEP][PASSED] - tap(LOGN_BtnLogin, 0): Tapped on element 'Object Repository/Mobile/Page/Login/Button - Login'

2022-01-03 08:01:20 - [MESSAGE][WARNING] - Timeout '0' is invalid. Using default page load timeout: '60'

2022-01-03 08:01:21 - [MESSAGE][PASSED] - Tapped on element 'Object Repository/Mobile/Page/Login/Button - Login'

2022-01-03 08:01:21 - [TEST_STEP][PASSED] - delay(2): Delayed 2 second(s)

2022-01-03 08:01:23 - [MESSAGE][PASSED] - Delayed 2 second(s)

2022-01-03 08:01:23 - [TEST_STEP][PASSED] - verify = verifyElementExist(LOGN_AlertCheckYourNetwork, 5, STOP_ON_FAILURE): Element 'Object Repository/Mobile/Page/Login/Alert - Check your network' is exist

2022-01-03 08:01:24 - [MESSAGE][PASSED] - Element 'Object Repository/Mobile/Page/Login/Alert - Check your network' is exist

2022-01-03 08:01:24 - [TEST_STEP][PASSED] - scroll.scroll.scrollNotificationBar(): scroll.scroll.scrollNotificationBar is PASSED

2022-01-03 08:01:24 - [MESSAGE][PASSED] - Current device physical height is 1423

2022-01-03 08:01:26 - [MESSAGE][PASSED] - Swiped from 50,50 to 50,1,138

2022-01-03 08:01:26 - [MESSAGE][PASSED] - scroll.scroll.scrollNotificationBar is PASSED

2022-01-03 08:01:26 - [TEST_STEP][PASSED] - delay(1): Delayed 1 second(s)

2022-01-03 08:01:27 - [MESSAGE][PASSED] - Delayed 1 second(s)

2022-01-03 08:01:27 - [TEST_STEP][PASSED] - tap(OTHR_BtnWifi, 0): Tapped on element 'Object Repository/Mobile/Page/Others/Button - Wifi'

2022-01-03 08:01:27 - [MESSAGE][WARNING] - Timeout '0' is invalid. Using default page load timeout: '60'

2022-01-03 08:01:28 - [MESSAGE][PASSED] - Tapped on element 'Object Repository/Mobile/Page/Others/Button - Wifi'

2022-01-03 08:01:28 - [TEST_STEP][PASSED] - delay(1): Delayed 1 second(s)

2022-01-03 08:01:29 - [MESSAGE][PASSED] - Delayed 1 second(s)

2022-01-03 08:01:29 - [TEST_STEP][PASSED] - pressBack(): Press back button successfully

2022-01-03 08:01:29 - [MESSAGE][PASSED] - Press back button successfully

2022-01-03 08:01:29 - [TEST_STEP][PASSED] - break: null

2022-01-03 08:01:29 - [MESSAGE][PASSED] - Call Test Case 'Test Cases/Mobile/Page/Login/Login' successfully

2022-01-03 08:01:29 - [TEST_STEP][PASSED] - callTestCase(findTestCase("Mobile/Page/Run App/Terminate App"), [:], STOP_ON_FAILURE): Call Test Case 'Test Cases/Mobile/Page/Run App/Terminate App' successfully

2022-01-03 08:01:29 - [TEST_CASE][PASSED] - Test Cases/Mobile/Page/Run App/Terminate App: Test Cases/Mobile/Page/Run App/Terminate App

2022-01-03 08:01:29 - [TEST_STEP][PASSED] - startApp.OpenApp.terminateApplication(): startApp.OpenApp.terminateApplication is PASSED

2022-01-03 08:01:33 - [MESSAGE][PASSED] - Delayed 3 second(s)

2022-01-03 08:01:34 - [MESSAGE][PASSED] - Current device physical width is 720

2022-01-03 08:01:34 - [MESSAGE][PASSED] - Current device physical height is 1423

2022-01-03 08:01:35 - [MESSAGE][PASSED] - Swiped from 360,853 to 360,142

2022-01-03 08:01:36 - [MESSAGE][PASSED] - Delayed 1 second(s)

2022-01-03 08:01:37 - [MESSAGE][PASSED] - Swiped from 360,853 to 360,142

2022-01-03 08:01:40 - [MESSAGE][PASSED] - Delayed 3 second(s)

2022-01-03 08:01:40 - [MESSAGE][PASSED] - startApp.OpenApp.terminateApplication is PASSED

2022-01-03 08:01:40 - [MESSAGE][PASSED] - Call Test Case 'Test Cases/Mobile/Page/Run App/Terminate App' successfully]]></system-out>
         <system-err><![CDATA[]]></system-err>
      </testcase>
      <testcase name="Test Cases/Mobile/Scenario/Login/004 - Login dengan mengaktifkan visible password" time="48.054" classname="Test Cases/Mobile/Scenario/Login/004 - Login dengan mengaktifkan visible password" status="PASSED">
         <system-out><![CDATA[2022-01-03 08:01:40 - [TEST_CASE][PASSED] - Test Cases/Mobile/Scenario/Login/004 - Login dengan mengaktifkan visible password: Test Cases/Mobile/Scenario/Login/004 - Login dengan mengaktifkan visible password

2022-01-03 08:01:41 - [TEST_STEP][PASSED] - callTestCase(findTestCase("Mobile/Page/Run App/Run App byID"), [:], STOP_ON_FAILURE): Call Test Case 'Test Cases/Mobile/Page/Run App/Run App byID' successfully

2022-01-03 08:01:41 - [TEST_CASE][PASSED] - Test Cases/Mobile/Page/Run App/Run App byID: Test Cases/Mobile/Page/Run App/Run App byID

2022-01-03 08:01:41 - [TEST_STEP][PASSED] - startApp.OpenApp.startApplication("id.co.miraeasset.sageclub"): startApp.OpenApp.startApplication is PASSED

2022-01-03 08:01:54 - [MESSAGE][PASSED] - Starting app with application ID: 'id.co.miraeasset.sageclub'

2022-01-03 08:01:54 - [MESSAGE][PASSED] - startApp.OpenApp.startApplication is PASSED

2022-01-03 08:01:54 - [MESSAGE][PASSED] - Call Test Case 'Test Cases/Mobile/Page/Run App/Run App byID' successfully

2022-01-03 08:01:54 - [TEST_STEP][PASSED] - callTestCase(findTestCase("Mobile/Page/Login/Login"), ["action":"visiblepassword"], CONTINUE_ON_FAILURE): Call Test Case 'Test Cases/Mobile/Page/Login/Login' successfully

2022-01-03 08:01:54 - [TEST_CASE][PASSED] - Test Cases/Mobile/Page/Login/Login: Test Cases/Mobile/Page/Login/Login

2022-01-03 08:01:54 - [TEST_STEP][PASSED] - delay(2): Delayed 2 second(s)

2022-01-03 08:01:56 - [MESSAGE][PASSED] - Delayed 2 second(s)

2022-01-03 08:01:56 - [TEST_STEP][PASSED] - for ([i = 0, i < 1, (i++)]): null

2022-01-03 08:01:56 - [TEST_STEP][PASSED] - if (action == "username"): null

2022-01-03 08:01:56 - [TEST_STEP][PASSED] - else if (action == "wrongpassword"): null

2022-01-03 08:01:56 - [TEST_STEP][PASSED] - else if (action == "nointernet"): null

2022-01-03 08:01:56 - [TEST_STEP][PASSED] - else if (action == "visiblepassword"): null

2022-01-03 08:01:56 - [TEST_STEP][PASSED] - tap(LOGN_EdtUserID, 0): Tapped on element 'Object Repository/Mobile/Page/Login/Input - UserID'

2022-01-03 08:01:56 - [MESSAGE][WARNING] - Timeout '0' is invalid. Using default page load timeout: '60'

2022-01-03 08:01:57 - [MESSAGE][PASSED] - Tapped on element 'Object Repository/Mobile/Page/Login/Input - UserID'

2022-01-03 08:01:57 - [TEST_STEP][PASSED] - delay(1): Delayed 1 second(s)

2022-01-03 08:01:58 - [MESSAGE][PASSED] - Delayed 1 second(s)

2022-01-03 08:01:58 - [TEST_STEP][PASSED] - setText(LOGN_EdtRdyUserID, "anggaaditya", 0): Text 'anggaaditya' has been set to element 'Object Repository/Mobile/Page/Login/Input Rdy - UserID'

2022-01-03 08:01:58 - [MESSAGE][WARNING] - Timeout '0' is invalid. Using default page load timeout: '60'

2022-01-03 08:01:58 - [MESSAGE][PASSED] - Text 'anggaaditya' has been set to element 'Object Repository/Mobile/Page/Login/Input Rdy - UserID'

2022-01-03 08:01:58 - [TEST_STEP][PASSED] - delay(1): Delayed 1 second(s)

2022-01-03 08:01:59 - [MESSAGE][PASSED] - Delayed 1 second(s)

2022-01-03 08:01:59 - [TEST_STEP][PASSED] - hideKeyboard(): Keyboard is hidden

2022-01-03 08:02:04 - [MESSAGE][PASSED] - Keyboard is hidden

2022-01-03 08:02:04 - [TEST_STEP][PASSED] - top = getElementTopPosition(LOGN_EdtPassword, 0): Object 'Object Repository/Mobile/Page/Login/Input - Password' has top position '758'

2022-01-03 08:02:05 - [MESSAGE][WARNING] - Timeout '0' is invalid. Using default page load timeout: '60'

2022-01-03 08:02:05 - [MESSAGE][PASSED] - Object 'Object Repository/Mobile/Page/Login/Input - Password' has top position '758'

2022-01-03 08:02:05 - [TEST_STEP][PASSED] - left = getElementLeftPosition(LOGN_EdtPassword, 0): Object 'Object Repository/Mobile/Page/Login/Input - Password' has left position '32'

2022-01-03 08:02:05 - [MESSAGE][WARNING] - Timeout '0' is invalid. Using default page load timeout: '60'

2022-01-03 08:02:05 - [MESSAGE][PASSED] - Object 'Object Repository/Mobile/Page/Login/Input - Password' has left position '32'

2022-01-03 08:02:05 - [TEST_STEP][PASSED] - x = left + getElementWidth(LOGN_EdtPassword, 0) * 0.9: Object 'Object Repository/Mobile/Page/Login/Input - Password' has width: '657'

2022-01-03 08:02:05 - [MESSAGE][WARNING] - Timeout '0' is invalid. Using default page load timeout: '60'

2022-01-03 08:02:05 - [MESSAGE][PASSED] - Object 'Object Repository/Mobile/Page/Login/Input - Password' has width: '657'

2022-01-03 08:02:05 - [TEST_STEP][PASSED] - y = top + getElementHeight(LOGN_EdtPassword, 0) / 2: Object 'Object Repository/Mobile/Page/Login/Input - Password' has height: '84'

2022-01-03 08:02:05 - [MESSAGE][WARNING] - Timeout '0' is invalid. Using default page load timeout: '60'

2022-01-03 08:02:05 - [MESSAGE][PASSED] - Object 'Object Repository/Mobile/Page/Login/Input - Password' has height: '84'

2022-01-03 08:02:05 - [TEST_STEP][PASSED] - tapAtPosition(x, y): Tapped at [623, 800]

2022-01-03 08:02:06 - [MESSAGE][PASSED] - Tapped at [623, 800]

2022-01-03 08:02:06 - [TEST_STEP][PASSED] - delay(1): Delayed 1 second(s)

2022-01-03 08:02:07 - [MESSAGE][PASSED] - Delayed 1 second(s)

2022-01-03 08:02:07 - [TEST_STEP][PASSED] - tap(LOGN_EdtPassword, 0): Tapped on element 'Object Repository/Mobile/Page/Login/Input - Password'

2022-01-03 08:02:07 - [MESSAGE][WARNING] - Timeout '0' is invalid. Using default page load timeout: '60'

2022-01-03 08:02:07 - [MESSAGE][PASSED] - Tapped on element 'Object Repository/Mobile/Page/Login/Input - Password'

2022-01-03 08:02:07 - [TEST_STEP][PASSED] - delay(1): Delayed 1 second(s)

2022-01-03 08:02:08 - [MESSAGE][PASSED] - Delayed 1 second(s)

2022-01-03 08:02:08 - [TEST_STEP][PASSED] - setText(LOGN_EdtRdyPassword, "Shalawa18", 0): Text 'Shalawa18' has been set to element 'Object Repository/Mobile/Page/Login/Input Rdy - Password'

2022-01-03 08:02:08 - [MESSAGE][WARNING] - Timeout '0' is invalid. Using default page load timeout: '60'

2022-01-03 08:02:09 - [MESSAGE][PASSED] - Text 'Shalawa18' has been set to element 'Object Repository/Mobile/Page/Login/Input Rdy - Password'

2022-01-03 08:02:09 - [TEST_STEP][PASSED] - delay(1): Delayed 1 second(s)

2022-01-03 08:02:10 - [MESSAGE][PASSED] - Delayed 1 second(s)

2022-01-03 08:02:10 - [TEST_STEP][PASSED] - hideKeyboard(): Keyboard is hidden

2022-01-03 08:02:14 - [MESSAGE][PASSED] - Keyboard is hidden

2022-01-03 08:02:14 - [TEST_STEP][PASSED] - tap(LOGN_BtnLogin, 0): Tapped on element 'Object Repository/Mobile/Page/Login/Button - Login'

2022-01-03 08:02:14 - [MESSAGE][WARNING] - Timeout '0' is invalid. Using default page load timeout: '60'

2022-01-03 08:02:15 - [MESSAGE][PASSED] - Tapped on element 'Object Repository/Mobile/Page/Login/Button - Login'

2022-01-03 08:02:15 - [TEST_STEP][PASSED] - delay(2): Delayed 2 second(s)

2022-01-03 08:02:17 - [MESSAGE][PASSED] - Delayed 2 second(s)

2022-01-03 08:02:17 - [TEST_STEP][PASSED] - break: null

2022-01-03 08:02:17 - [MESSAGE][PASSED] - Call Test Case 'Test Cases/Mobile/Page/Login/Login' successfully

2022-01-03 08:02:17 - [TEST_STEP][PASSED] - callTestCase(findTestCase("Mobile/Page/Run App/Terminate App"), [:], STOP_ON_FAILURE): Call Test Case 'Test Cases/Mobile/Page/Run App/Terminate App' successfully

2022-01-03 08:02:17 - [TEST_CASE][PASSED] - Test Cases/Mobile/Page/Run App/Terminate App: Test Cases/Mobile/Page/Run App/Terminate App

2022-01-03 08:02:17 - [TEST_STEP][PASSED] - startApp.OpenApp.terminateApplication(): startApp.OpenApp.terminateApplication is PASSED

2022-01-03 08:02:21 - [MESSAGE][PASSED] - Delayed 3 second(s)

2022-01-03 08:02:22 - [MESSAGE][PASSED] - Current device physical width is 720

2022-01-03 08:02:22 - [MESSAGE][PASSED] - Current device physical height is 1423

2022-01-03 08:02:23 - [MESSAGE][PASSED] - Swiped from 360,853 to 360,142

2022-01-03 08:02:24 - [MESSAGE][PASSED] - Delayed 1 second(s)

2022-01-03 08:02:26 - [MESSAGE][PASSED] - Swiped from 360,853 to 360,142

2022-01-03 08:02:29 - [MESSAGE][PASSED] - Delayed 3 second(s)

2022-01-03 08:02:29 - [MESSAGE][PASSED] - startApp.OpenApp.terminateApplication is PASSED

2022-01-03 08:02:29 - [MESSAGE][PASSED] - Call Test Case 'Test Cases/Mobile/Page/Run App/Terminate App' successfully]]></system-out>
         <system-err><![CDATA[]]></system-err>
      </testcase>
      <testcase name="Test Cases/Mobile/Scenario/Login/005 - Login menggunakan username dengan membatalkan fingerprint" time="49.627" classname="Test Cases/Mobile/Scenario/Login/005 - Login menggunakan username dengan membatalkan fingerprint" status="PASSED">
         <system-out><![CDATA[2022-01-03 08:02:29 - [TEST_CASE][PASSED] - Test Cases/Mobile/Scenario/Login/005 - Login menggunakan username dengan membatalkan fingerprint: Test Cases/Mobile/Scenario/Login/005 - Login menggunakan username dengan membatalkan fingerprint

2022-01-03 08:02:29 - [TEST_STEP][PASSED] - callTestCase(findTestCase("Mobile/Page/Run App/Run App byID"), [:], STOP_ON_FAILURE): Call Test Case 'Test Cases/Mobile/Page/Run App/Run App byID' successfully

2022-01-03 08:02:29 - [TEST_CASE][PASSED] - Test Cases/Mobile/Page/Run App/Run App byID: Test Cases/Mobile/Page/Run App/Run App byID

2022-01-03 08:02:29 - [TEST_STEP][PASSED] - startApp.OpenApp.startApplication("id.co.miraeasset.sageclub"): startApp.OpenApp.startApplication is PASSED

2022-01-03 08:02:41 - [MESSAGE][PASSED] - Starting app with application ID: 'id.co.miraeasset.sageclub'

2022-01-03 08:02:41 - [MESSAGE][PASSED] - startApp.OpenApp.startApplication is PASSED

2022-01-03 08:02:41 - [MESSAGE][PASSED] - Call Test Case 'Test Cases/Mobile/Page/Run App/Run App byID' successfully

2022-01-03 08:02:41 - [TEST_STEP][PASSED] - callTestCase(findTestCase("Mobile/Page/Login/Login"), ["action":"cancelfingerprint"], CONTINUE_ON_FAILURE): Call Test Case 'Test Cases/Mobile/Page/Login/Login' successfully

2022-01-03 08:02:42 - [TEST_CASE][PASSED] - Test Cases/Mobile/Page/Login/Login: Test Cases/Mobile/Page/Login/Login

2022-01-03 08:02:42 - [TEST_STEP][PASSED] - delay(2): Delayed 2 second(s)

2022-01-03 08:02:44 - [MESSAGE][PASSED] - Delayed 2 second(s)

2022-01-03 08:02:44 - [TEST_STEP][PASSED] - for ([i = 0, i < 1, (i++)]): Delayed 2 second(s)

2022-01-03 08:02:44 - [TEST_STEP][PASSED] - if (action == "username"): null

2022-01-03 08:02:44 - [TEST_STEP][PASSED] - else if (action == "wrongpassword"): null

2022-01-03 08:02:44 - [TEST_STEP][PASSED] - else if (action == "nointernet"): null

2022-01-03 08:02:44 - [TEST_STEP][PASSED] - else if (action == "visiblepassword"): null

2022-01-03 08:02:44 - [TEST_STEP][PASSED] - else if (action == "cancelfingerprint"): Delayed 2 second(s)

2022-01-03 08:02:44 - [TEST_STEP][PASSED] - tap(LOGN_BtnFingerprint, 0): Tapped on element 'Object Repository/Mobile/Page/Login/Button - Fingerprint'

2022-01-03 08:02:44 - [MESSAGE][WARNING] - Timeout '0' is invalid. Using default page load timeout: '60'

2022-01-03 08:02:45 - [MESSAGE][PASSED] - Tapped on element 'Object Repository/Mobile/Page/Login/Button - Fingerprint'

2022-01-03 08:02:45 - [TEST_STEP][PASSED] - delay(1): Delayed 1 second(s)

2022-01-03 08:02:46 - [MESSAGE][PASSED] - Delayed 1 second(s)

2022-01-03 08:02:46 - [TEST_STEP][PASSED] - pressBack(): Press back button successfully

2022-01-03 08:02:46 - [MESSAGE][PASSED] - Press back button successfully

2022-01-03 08:02:46 - [TEST_STEP][PASSED] - delay(1): Delayed 1 second(s)

2022-01-03 08:02:47 - [MESSAGE][PASSED] - Delayed 1 second(s)

2022-01-03 08:02:47 - [TEST_STEP][PASSED] - tap(LOGN_EdtUserID, 0): Tapped on element 'Object Repository/Mobile/Page/Login/Input - UserID'

2022-01-03 08:02:47 - [MESSAGE][WARNING] - Timeout '0' is invalid. Using default page load timeout: '60'

2022-01-03 08:02:48 - [MESSAGE][PASSED] - Tapped on element 'Object Repository/Mobile/Page/Login/Input - UserID'

2022-01-03 08:02:48 - [TEST_STEP][PASSED] - delay(1): Delayed 1 second(s)

2022-01-03 08:02:49 - [MESSAGE][PASSED] - Delayed 1 second(s)

2022-01-03 08:02:49 - [TEST_STEP][PASSED] - setText(LOGN_EdtRdyUserID, "anggaaditya", 0): Text 'anggaaditya' has been set to element 'Object Repository/Mobile/Page/Login/Input Rdy - UserID'

2022-01-03 08:02:49 - [MESSAGE][WARNING] - Timeout '0' is invalid. Using default page load timeout: '60'

2022-01-03 08:02:49 - [MESSAGE][PASSED] - Text 'anggaaditya' has been set to element 'Object Repository/Mobile/Page/Login/Input Rdy - UserID'

2022-01-03 08:02:49 - [TEST_STEP][PASSED] - delay(1): Delayed 1 second(s)

2022-01-03 08:02:50 - [MESSAGE][PASSED] - Delayed 1 second(s)

2022-01-03 08:02:50 - [TEST_STEP][PASSED] - hideKeyboard(): Keyboard is hidden

2022-01-03 08:02:55 - [MESSAGE][PASSED] - Keyboard is hidden

2022-01-03 08:02:55 - [TEST_STEP][PASSED] - tap(LOGN_EdtPassword, 0): Tapped on element 'Object Repository/Mobile/Page/Login/Input - Password'

2022-01-03 08:02:55 - [MESSAGE][WARNING] - Timeout '0' is invalid. Using default page load timeout: '60'

2022-01-03 08:02:56 - [MESSAGE][PASSED] - Tapped on element 'Object Repository/Mobile/Page/Login/Input - Password'

2022-01-03 08:02:56 - [TEST_STEP][PASSED] - delay(1): Delayed 1 second(s)

2022-01-03 08:02:57 - [MESSAGE][PASSED] - Delayed 1 second(s)

2022-01-03 08:02:57 - [TEST_STEP][PASSED] - setText(LOGN_EdtRdyPassword, "Shalawa18", 0): Text 'Shalawa18' has been set to element 'Object Repository/Mobile/Page/Login/Input Rdy - Password'

2022-01-03 08:02:57 - [MESSAGE][WARNING] - Timeout '0' is invalid. Using default page load timeout: '60'

2022-01-03 08:02:57 - [MESSAGE][PASSED] - Text 'Shalawa18' has been set to element 'Object Repository/Mobile/Page/Login/Input Rdy - Password'

2022-01-03 08:02:57 - [TEST_STEP][PASSED] - delay(1): Delayed 1 second(s)

2022-01-03 08:02:58 - [MESSAGE][PASSED] - Delayed 1 second(s)

2022-01-03 08:02:58 - [TEST_STEP][PASSED] - hideKeyboard(): Keyboard is hidden

2022-01-03 08:03:05 - [MESSAGE][PASSED] - Keyboard is hidden

2022-01-03 08:03:05 - [TEST_STEP][PASSED] - tap(LOGN_BtnLogin, 0): Tapped on element 'Object Repository/Mobile/Page/Login/Button - Login'

2022-01-03 08:03:05 - [MESSAGE][WARNING] - Timeout '0' is invalid. Using default page load timeout: '60'

2022-01-03 08:03:06 - [MESSAGE][PASSED] - Tapped on element 'Object Repository/Mobile/Page/Login/Button - Login'

2022-01-03 08:03:06 - [TEST_STEP][PASSED] - delay(2): Delayed 2 second(s)

2022-01-03 08:03:08 - [MESSAGE][PASSED] - Delayed 2 second(s)

2022-01-03 08:03:08 - [MESSAGE][PASSED] - Call Test Case 'Test Cases/Mobile/Page/Login/Login' successfully

2022-01-03 08:03:08 - [TEST_STEP][PASSED] - callTestCase(findTestCase("Mobile/Page/Run App/Terminate App"), [:], STOP_ON_FAILURE): Call Test Case 'Test Cases/Mobile/Page/Run App/Terminate App' successfully

2022-01-03 08:03:08 - [TEST_CASE][PASSED] - Test Cases/Mobile/Page/Run App/Terminate App: Test Cases/Mobile/Page/Run App/Terminate App

2022-01-03 08:03:08 - [TEST_STEP][PASSED] - startApp.OpenApp.terminateApplication(): startApp.OpenApp.terminateApplication is PASSED

2022-01-03 08:03:11 - [MESSAGE][PASSED] - Delayed 3 second(s)

2022-01-03 08:03:11 - [MESSAGE][PASSED] - Current device physical width is 720

2022-01-03 08:03:11 - [MESSAGE][PASSED] - Current device physical height is 1423

2022-01-03 08:03:13 - [MESSAGE][PASSED] - Swiped from 360,853 to 360,142

2022-01-03 08:03:14 - [MESSAGE][PASSED] - Delayed 1 second(s)

2022-01-03 08:03:15 - [MESSAGE][PASSED] - Swiped from 360,853 to 360,142

2022-01-03 08:03:18 - [MESSAGE][PASSED] - Delayed 3 second(s)

2022-01-03 08:03:18 - [MESSAGE][PASSED] - startApp.OpenApp.terminateApplication is PASSED

2022-01-03 08:03:18 - [MESSAGE][PASSED] - Call Test Case 'Test Cases/Mobile/Page/Run App/Terminate App' successfully]]></system-out>
         <system-err><![CDATA[]]></system-err>
      </testcase>
      <system-out><![CDATA[2022-01-03 07:58:33 - [TEST_SUITE][PASSED] - login: Test Cases/Mobile/Scenario/Login/005 - Login menggunakan username dengan membatalkan fingerprint]]></system-out>
      <system-err><![CDATA[]]></system-err>
   </testsuite>
</testsuites>
