<?xml version="1.0" encoding="UTF-8"?>
<testsuites name="news" time="326.197" tests="5" failures="0" skips="0" errors="0">
   <testsuite name="news" tests="5" failures="0" errors="0" time="326.197" skips="0" timestamp="2022-01-19 10:57:02" hostname="Owner - aldy-tft" id="Test Suites/news">
      <properties>
         <property name="deviceName" value="samsung SM-A205F (Android 11)"/>
         <property name="devicePlatform" value=""/>
         <property name="logFolder" value="C:\\Users\\Owner\\Documents\\kerjaan\\KatalonProject\\qa_katalon_pwm\\qa_katalon_pwm\\Reports\\20220119_105643\\news\\20220119_105645"/>
         <property name="logFiles" value="C:\\Users\\Owner\\Documents\\kerjaan\\KatalonProject\\qa_katalon_pwm\\qa_katalon_pwm\\Reports\\20220119_105643\\news\\20220119_105645\\appium.log, C:\\Users\\Owner\\Documents\\kerjaan\\KatalonProject\\qa_katalon_pwm\\qa_katalon_pwm\\Reports\\20220119_105643\\news\\20220119_105645\\execution0.log"/>
         <property name="attachments" value=""/>
         <property name="hostName" value="Owner - aldy-tft"/>
         <property name="os" value="Windows 10 64bit"/>
         <property name="appiumServerStatus" value="{&quot;value&quot;:{&quot;build&quot;:{&quot;version&quot;:&quot;1.22.0&quot;}},&quot;sessionId&quot;:null,&quot;status&quot;:0}"/>
         <property name="katalonVersion" value="7.9.1.208"/>
         <property name="deviceOS" value="Android"/>
         <property name="appiumVersion" value="1.22.0"/>
         <property name="deviceModel" value="SM-A205F"/>
         <property name="hostAddress" value="192.168.18.37"/>
         <property name="deviceManufacturer" value="samsung"/>
         <property name="deviceId" value="RR8M40C9AXE"/>
         <property name="deviceName" value="samsung SM-A205F (Android 11)"/>
         <property name="deviceOSVersion" value="11"/>
      </properties>
      <testcase name="Test Cases/Mobile/Scenario/News/001 - News World Indices" time="89.248" classname="Test Cases/Mobile/Scenario/News/001 - News World Indices" status="PASSED">
         <system-out><![CDATA[2022-01-19 10:57:03 - [TEST_CASE][PASSED] - Test Cases/Mobile/Scenario/News/001 - News World Indices: Test Cases/Mobile/Scenario/News/001 - News World Indices

2022-01-19 10:57:03 - [TEST_STEP][PASSED] - callTestCase(findTestCase("Mobile/Page/Run App/Run App byID"), [:], STOP_ON_FAILURE): Call Test Case 'Test Cases/Mobile/Page/Run App/Run App byID' successfully

2022-01-19 10:57:03 - [TEST_CASE][PASSED] - Test Cases/Mobile/Page/Run App/Run App byID: Test Cases/Mobile/Page/Run App/Run App byID

2022-01-19 10:57:03 - [TEST_STEP][PASSED] - startApp.OpenApp.startApplication("id.co.miraeasset.sageclub"): startApp.OpenApp.startApplication is PASSED

2022-01-19 10:57:05 - [MESSAGE][INFO] - Appium server started on port 51,376

2022-01-19 10:57:21 - [MESSAGE][PASSED] - Starting app with application ID: 'id.co.miraeasset.sageclub'

2022-01-19 10:57:21 - [MESSAGE][PASSED] - startApp.OpenApp.startApplication is PASSED

2022-01-19 10:57:21 - [MESSAGE][PASSED] - Call Test Case 'Test Cases/Mobile/Page/Run App/Run App byID' successfully

2022-01-19 10:57:21 - [TEST_STEP][PASSED] - callTestCase(findTestCase("Mobile/Page/News/News"), ["tab":"worldindices"], CONTINUE_ON_FAILURE): Call Test Case 'Test Cases/Mobile/Page/News/News' successfully

2022-01-19 10:57:21 - [TEST_CASE][PASSED] - Test Cases/Mobile/Page/News/News: Test Cases/Mobile/Page/News/News

2022-01-19 10:57:21 - [TEST_STEP][PASSED] - callTestCase(findTestCase("Mobile/Page/CheckLogin"), [:], CONTINUE_ON_FAILURE): Call Test Case 'Test Cases/Mobile/Page/CheckLogin' successfully

2022-01-19 10:57:21 - [TEST_CASE][PASSED] - Test Cases/Mobile/Page/CheckLogin: Test Cases/Mobile/Page/CheckLogin

2022-01-19 10:57:22 - [TEST_STEP][PASSED] - loginCheck = verifyElementExist(LOGN_BtnLogin, 5, CONTINUE_ON_FAILURE): Element 'Object Repository/Mobile/Page/Login/Button - Login' is exist

2022-01-19 10:57:36 - [MESSAGE][PASSED] - Element 'Object Repository/Mobile/Page/Login/Button - Login' is exist

2022-01-19 10:57:36 - [TEST_STEP][PASSED] - if (loginCheck): Call Test Case 'Test Cases/Mobile/Page/Login/Login' successfully

2022-01-19 10:57:36 - [TEST_STEP][PASSED] - callTestCase(findTestCase("Mobile/Page/Login/Login"), ["action":"username"], CONTINUE_ON_FAILURE): Call Test Case 'Test Cases/Mobile/Page/Login/Login' successfully

2022-01-19 10:57:36 - [TEST_CASE][PASSED] - Test Cases/Mobile/Page/Login/Login: Test Cases/Mobile/Page/Login/Login

2022-01-19 10:57:37 - [TEST_STEP][PASSED] - delay(2): Delayed 2 second(s)

2022-01-19 10:57:39 - [MESSAGE][PASSED] - Delayed 2 second(s)

2022-01-19 10:57:39 - [TEST_STEP][PASSED] - for ([i = 0, i < 1, (i++)]): null

2022-01-19 10:57:39 - [TEST_STEP][PASSED] - if (action == "username"): null

2022-01-19 10:57:39 - [TEST_STEP][PASSED] - tap(LOGN_EdtUserID, 0): Tapped on element 'Object Repository/Mobile/Page/Login/Input - UserID'

2022-01-19 10:57:39 - [MESSAGE][WARNING] - Timeout '0' is invalid. Using default page load timeout: '60'

2022-01-19 10:57:39 - [MESSAGE][PASSED] - Tapped on element 'Object Repository/Mobile/Page/Login/Input - UserID'

2022-01-19 10:57:39 - [TEST_STEP][PASSED] - delay(1): Delayed 1 second(s)

2022-01-19 10:57:40 - [MESSAGE][PASSED] - Delayed 1 second(s)

2022-01-19 10:57:40 - [TEST_STEP][PASSED] - setText(LOGN_EdtRdyUserID, "anggaaditya", 0): Text 'anggaaditya' has been set to element 'Object Repository/Mobile/Page/Login/Input Rdy - UserID'

2022-01-19 10:57:40 - [MESSAGE][WARNING] - Timeout '0' is invalid. Using default page load timeout: '60'

2022-01-19 10:57:41 - [MESSAGE][PASSED] - Text 'anggaaditya' has been set to element 'Object Repository/Mobile/Page/Login/Input Rdy - UserID'

2022-01-19 10:57:41 - [TEST_STEP][PASSED] - delay(1): Delayed 1 second(s)

2022-01-19 10:57:42 - [MESSAGE][PASSED] - Delayed 1 second(s)

2022-01-19 10:57:42 - [TEST_STEP][PASSED] - hideKeyboard(): Keyboard is hidden

2022-01-19 10:57:46 - [MESSAGE][PASSED] - Keyboard is hidden

2022-01-19 10:57:46 - [TEST_STEP][PASSED] - tap(LOGN_EdtPassword, 0): Tapped on element 'Object Repository/Mobile/Page/Login/Input - Password'

2022-01-19 10:57:46 - [MESSAGE][WARNING] - Timeout '0' is invalid. Using default page load timeout: '60'

2022-01-19 10:57:47 - [MESSAGE][PASSED] - Tapped on element 'Object Repository/Mobile/Page/Login/Input - Password'

2022-01-19 10:57:47 - [TEST_STEP][PASSED] - delay(1): Delayed 1 second(s)

2022-01-19 10:57:48 - [MESSAGE][PASSED] - Delayed 1 second(s)

2022-01-19 10:57:48 - [TEST_STEP][PASSED] - setText(LOGN_EdtRdyPassword, "Shalawa18", 0): Text 'Shalawa18' has been set to element 'Object Repository/Mobile/Page/Login/Input Rdy - Password'

2022-01-19 10:57:48 - [MESSAGE][WARNING] - Timeout '0' is invalid. Using default page load timeout: '60'

2022-01-19 10:57:48 - [MESSAGE][PASSED] - Text 'Shalawa18' has been set to element 'Object Repository/Mobile/Page/Login/Input Rdy - Password'

2022-01-19 10:57:48 - [TEST_STEP][PASSED] - delay(1): Delayed 1 second(s)

2022-01-19 10:57:49 - [MESSAGE][PASSED] - Delayed 1 second(s)

2022-01-19 10:57:49 - [TEST_STEP][PASSED] - hideKeyboard(): Keyboard is hidden

2022-01-19 10:57:56 - [MESSAGE][PASSED] - Keyboard is hidden

2022-01-19 10:57:56 - [TEST_STEP][PASSED] - tap(LOGN_BtnLogin, 0): Tapped on element 'Object Repository/Mobile/Page/Login/Button - Login'

2022-01-19 10:57:56 - [MESSAGE][WARNING] - Timeout '0' is invalid. Using default page load timeout: '60'

2022-01-19 10:57:56 - [MESSAGE][PASSED] - Tapped on element 'Object Repository/Mobile/Page/Login/Button - Login'

2022-01-19 10:57:56 - [TEST_STEP][PASSED] - delay(2): Delayed 2 second(s)

2022-01-19 10:57:58 - [MESSAGE][PASSED] - Delayed 2 second(s)

2022-01-19 10:57:58 - [TEST_STEP][PASSED] - break: null

2022-01-19 10:57:58 - [MESSAGE][PASSED] - Call Test Case 'Test Cases/Mobile/Page/Login/Login' successfully

2022-01-19 10:57:58 - [MESSAGE][PASSED] - Call Test Case 'Test Cases/Mobile/Page/CheckLogin' successfully

2022-01-19 10:57:58 - [TEST_STEP][PASSED] - tap(HOME_MenubarNews, 0): Tapped on element 'Object Repository/Mobile/Page/Home/Menubar - News'

2022-01-19 10:57:58 - [MESSAGE][WARNING] - Timeout '0' is invalid. Using default page load timeout: '60'

2022-01-19 10:58:00 - [MESSAGE][PASSED] - Tapped on element 'Object Repository/Mobile/Page/Home/Menubar - News'

2022-01-19 10:58:00 - [TEST_STEP][PASSED] - delay(1): Delayed 1 second(s)

2022-01-19 10:58:01 - [MESSAGE][PASSED] - Delayed 1 second(s)

2022-01-19 10:58:01 - [TEST_STEP][PASSED] - for ([i = 0, i < 1, (i++)]): null

2022-01-19 10:58:01 - [TEST_STEP][PASSED] - if (tab == "macronews"): null

2022-01-19 10:58:01 - [TEST_STEP][PASSED] - else if (tab == "stocknews"): null

2022-01-19 10:58:01 - [TEST_STEP][PASSED] - else if (tab == "fundnews"): null

2022-01-19 10:58:01 - [TEST_STEP][PASSED] - else if (tab == "bondnews"): null

2022-01-19 10:58:01 - [TEST_STEP][PASSED] - else if (tab == "worldindices"): Delayed 3 second(s)

2022-01-19 10:58:01 - [TEST_STEP][PASSED] - scroll.scroll.scrollScreenRightToLeft(NEWS_TabMacro): scroll.scroll.scrollScreenRightToLeft is PASSED

2022-01-19 10:58:01 - [MESSAGE][WARNING] - Timeout '0' is invalid. Using default page load timeout: '60'

2022-01-19 10:58:02 - [MESSAGE][PASSED] - Object 'Object Repository/Mobile/Page/News/Tab - Macro' has left position '14'

2022-01-19 10:58:02 - [MESSAGE][WARNING] - Timeout '0' is invalid. Using default page load timeout: '60'

2022-01-19 10:58:02 - [MESSAGE][PASSED] - Object 'Object Repository/Mobile/Page/News/Tab - Macro' has top position '262'

2022-01-19 10:58:02 - [MESSAGE][WARNING] - Timeout '0' is invalid. Using default page load timeout: '60'

2022-01-19 10:58:02 - [MESSAGE][PASSED] - Object 'Object Repository/Mobile/Page/News/Tab - Macro' has width: '215'

2022-01-19 10:58:02 - [MESSAGE][WARNING] - Timeout '0' is invalid. Using default page load timeout: '60'

2022-01-19 10:58:03 - [MESSAGE][PASSED] - Object 'Object Repository/Mobile/Page/News/Tab - Macro' has height: '84'

2022-01-19 10:58:03 - [MESSAGE][PASSED] - Current device physical width is 720

2022-01-19 10:58:04 - [MESSAGE][PASSED] - Swiped from 620,304 to 100,304

2022-01-19 10:58:04 - [MESSAGE][PASSED] - scroll.scroll.scrollScreenRightToLeft is PASSED

2022-01-19 10:58:04 - [TEST_STEP][PASSED] - delay(1): Delayed 1 second(s)

2022-01-19 10:58:05 - [MESSAGE][PASSED] - Delayed 1 second(s)

2022-01-19 10:58:05 - [TEST_STEP][PASSED] - tap(NEWS_TabWorldIndices, 0): Tapped on element 'Object Repository/Mobile/Page/News/Tab - World Indices'

2022-01-19 10:58:05 - [MESSAGE][WARNING] - Timeout '0' is invalid. Using default page load timeout: '60'

2022-01-19 10:58:07 - [MESSAGE][PASSED] - Tapped on element 'Object Repository/Mobile/Page/News/Tab - World Indices'

2022-01-19 10:58:07 - [TEST_STEP][PASSED] - delay(1): Delayed 1 second(s)

2022-01-19 10:58:08 - [MESSAGE][PASSED] - Delayed 1 second(s)

2022-01-19 10:58:08 - [TEST_STEP][PASSED] - tap(NEWS_BtnIndices, 0): Tapped on element 'Object Repository/Mobile/Page/News/Button - Indices'

2022-01-19 10:58:08 - [MESSAGE][WARNING] - Timeout '0' is invalid. Using default page load timeout: '60'

2022-01-19 10:58:09 - [MESSAGE][PASSED] - Tapped on element 'Object Repository/Mobile/Page/News/Button - Indices'

2022-01-19 10:58:09 - [TEST_STEP][PASSED] - delay(3): Delayed 3 second(s)

2022-01-19 10:58:12 - [MESSAGE][PASSED] - Delayed 3 second(s)

2022-01-19 10:58:12 - [TEST_STEP][PASSED] - tap(NEWS_BtnCurrencies, 0): Tapped on element 'Object Repository/Mobile/Page/News/Button - Currencies'

2022-01-19 10:58:12 - [MESSAGE][WARNING] - Timeout '0' is invalid. Using default page load timeout: '60'

2022-01-19 10:58:13 - [MESSAGE][PASSED] - Tapped on element 'Object Repository/Mobile/Page/News/Button - Currencies'

2022-01-19 10:58:13 - [TEST_STEP][PASSED] - delay(3): Delayed 3 second(s)

2022-01-19 10:58:16 - [MESSAGE][PASSED] - Delayed 3 second(s)

2022-01-19 10:58:16 - [TEST_STEP][PASSED] - tap(NEWS_BtnCommodities, 0): Tapped on element 'Object Repository/Mobile/Page/News/Button - Commodities'

2022-01-19 10:58:16 - [MESSAGE][WARNING] - Timeout '0' is invalid. Using default page load timeout: '60'

2022-01-19 10:58:17 - [MESSAGE][PASSED] - Tapped on element 'Object Repository/Mobile/Page/News/Button - Commodities'

2022-01-19 10:58:17 - [TEST_STEP][PASSED] - delay(3): Delayed 3 second(s)

2022-01-19 10:58:20 - [MESSAGE][PASSED] - Delayed 3 second(s)

2022-01-19 10:58:20 - [TEST_STEP][PASSED] - delay(1): Delayed 1 second(s)

2022-01-19 10:58:21 - [MESSAGE][PASSED] - Delayed 1 second(s)

2022-01-19 10:58:21 - [TEST_STEP][PASSED] - if (tab != "worldindices"): null

2022-01-19 10:58:21 - [MESSAGE][PASSED] - Call Test Case 'Test Cases/Mobile/Page/News/News' successfully

2022-01-19 10:58:21 - [TEST_STEP][PASSED] - callTestCase(findTestCase("Mobile/Page/Run App/Terminate App"), [:], STOP_ON_FAILURE): Call Test Case 'Test Cases/Mobile/Page/Run App/Terminate App' successfully

2022-01-19 10:58:21 - [TEST_CASE][PASSED] - Test Cases/Mobile/Page/Run App/Terminate App: Test Cases/Mobile/Page/Run App/Terminate App

2022-01-19 10:58:21 - [TEST_STEP][PASSED] - startApp.OpenApp.terminateApplication(): startApp.OpenApp.terminateApplication is PASSED

2022-01-19 10:58:25 - [MESSAGE][PASSED] - Delayed 3 second(s)

2022-01-19 10:58:25 - [MESSAGE][PASSED] - Current device physical width is 720

2022-01-19 10:58:25 - [MESSAGE][PASSED] - Current device physical height is 1423

2022-01-19 10:58:26 - [MESSAGE][PASSED] - Swiped from 360,853 to 360,142

2022-01-19 10:58:27 - [MESSAGE][PASSED] - Delayed 1 second(s)

2022-01-19 10:58:29 - [MESSAGE][PASSED] - Swiped from 360,853 to 360,142

2022-01-19 10:58:32 - [MESSAGE][PASSED] - Delayed 3 second(s)

2022-01-19 10:58:32 - [MESSAGE][PASSED] - startApp.OpenApp.terminateApplication is PASSED

2022-01-19 10:58:32 - [MESSAGE][PASSED] - Call Test Case 'Test Cases/Mobile/Page/Run App/Terminate App' successfully]]></system-out>
         <system-err><![CDATA[]]></system-err>
      </testcase>
      <testcase name="Test Cases/Mobile/Scenario/News/002 - News Stock" time="60.596" classname="Test Cases/Mobile/Scenario/News/002 - News Stock" status="PASSED">
         <system-out><![CDATA[2022-01-19 10:58:32 - [TEST_CASE][PASSED] - Test Cases/Mobile/Scenario/News/002 - News Stock: Test Cases/Mobile/Scenario/News/002 - News Stock

2022-01-19 10:58:32 - [TEST_STEP][PASSED] - callTestCase(findTestCase("Mobile/Page/Run App/Run App byID"), [:], STOP_ON_FAILURE): Call Test Case 'Test Cases/Mobile/Page/Run App/Run App byID' successfully

2022-01-19 10:58:32 - [TEST_CASE][PASSED] - Test Cases/Mobile/Page/Run App/Run App byID: Test Cases/Mobile/Page/Run App/Run App byID

2022-01-19 10:58:32 - [TEST_STEP][PASSED] - startApp.OpenApp.startApplication("id.co.miraeasset.sageclub"): startApp.OpenApp.startApplication is PASSED

2022-01-19 10:58:44 - [MESSAGE][PASSED] - Starting app with application ID: 'id.co.miraeasset.sageclub'

2022-01-19 10:58:44 - [MESSAGE][PASSED] - startApp.OpenApp.startApplication is PASSED

2022-01-19 10:58:44 - [MESSAGE][PASSED] - Call Test Case 'Test Cases/Mobile/Page/Run App/Run App byID' successfully

2022-01-19 10:58:44 - [TEST_STEP][PASSED] - callTestCase(findTestCase("Mobile/Page/News/News"), ["tab":"stocknews"], CONTINUE_ON_FAILURE): Call Test Case 'Test Cases/Mobile/Page/News/News' successfully

2022-01-19 10:58:45 - [TEST_CASE][PASSED] - Test Cases/Mobile/Page/News/News: Test Cases/Mobile/Page/News/News

2022-01-19 10:58:45 - [TEST_STEP][PASSED] - callTestCase(findTestCase("Mobile/Page/CheckLogin"), [:], CONTINUE_ON_FAILURE): Call Test Case 'Test Cases/Mobile/Page/CheckLogin' successfully

2022-01-19 10:58:45 - [TEST_CASE][PASSED] - Test Cases/Mobile/Page/CheckLogin: Test Cases/Mobile/Page/CheckLogin

2022-01-19 10:58:45 - [TEST_STEP][PASSED] - loginCheck = verifyElementExist(LOGN_BtnLogin, 5, CONTINUE_ON_FAILURE): Element 'Object Repository/Mobile/Page/Login/Button - Login' is exist

2022-01-19 10:58:47 - [MESSAGE][PASSED] - Element 'Object Repository/Mobile/Page/Login/Button - Login' is exist

2022-01-19 10:58:47 - [TEST_STEP][PASSED] - if (loginCheck): Call Test Case 'Test Cases/Mobile/Page/Login/Login' successfully

2022-01-19 10:58:47 - [TEST_STEP][PASSED] - callTestCase(findTestCase("Mobile/Page/Login/Login"), ["action":"username"], CONTINUE_ON_FAILURE): Call Test Case 'Test Cases/Mobile/Page/Login/Login' successfully

2022-01-19 10:58:47 - [TEST_CASE][PASSED] - Test Cases/Mobile/Page/Login/Login: Test Cases/Mobile/Page/Login/Login

2022-01-19 10:58:47 - [TEST_STEP][PASSED] - delay(2): Delayed 2 second(s)

2022-01-19 10:58:49 - [MESSAGE][PASSED] - Delayed 2 second(s)

2022-01-19 10:58:49 - [TEST_STEP][PASSED] - for ([i = 0, i < 1, (i++)]): null

2022-01-19 10:58:49 - [TEST_STEP][PASSED] - if (action == "username"): null

2022-01-19 10:58:49 - [TEST_STEP][PASSED] - tap(LOGN_EdtUserID, 0): Tapped on element 'Object Repository/Mobile/Page/Login/Input - UserID'

2022-01-19 10:58:49 - [MESSAGE][WARNING] - Timeout '0' is invalid. Using default page load timeout: '60'

2022-01-19 10:58:50 - [MESSAGE][PASSED] - Tapped on element 'Object Repository/Mobile/Page/Login/Input - UserID'

2022-01-19 10:58:50 - [TEST_STEP][PASSED] - delay(1): Delayed 1 second(s)

2022-01-19 10:58:51 - [MESSAGE][PASSED] - Delayed 1 second(s)

2022-01-19 10:58:51 - [TEST_STEP][PASSED] - setText(LOGN_EdtRdyUserID, "anggaaditya", 0): Text 'anggaaditya' has been set to element 'Object Repository/Mobile/Page/Login/Input Rdy - UserID'

2022-01-19 10:58:51 - [MESSAGE][WARNING] - Timeout '0' is invalid. Using default page load timeout: '60'

2022-01-19 10:58:51 - [MESSAGE][PASSED] - Text 'anggaaditya' has been set to element 'Object Repository/Mobile/Page/Login/Input Rdy - UserID'

2022-01-19 10:58:51 - [TEST_STEP][PASSED] - delay(1): Delayed 1 second(s)

2022-01-19 10:58:52 - [MESSAGE][PASSED] - Delayed 1 second(s)

2022-01-19 10:58:52 - [TEST_STEP][PASSED] - hideKeyboard(): Keyboard is hidden

2022-01-19 10:58:56 - [MESSAGE][PASSED] - Keyboard is hidden

2022-01-19 10:58:56 - [TEST_STEP][PASSED] - tap(LOGN_EdtPassword, 0): Tapped on element 'Object Repository/Mobile/Page/Login/Input - Password'

2022-01-19 10:58:56 - [MESSAGE][WARNING] - Timeout '0' is invalid. Using default page load timeout: '60'

2022-01-19 10:58:56 - [MESSAGE][PASSED] - Tapped on element 'Object Repository/Mobile/Page/Login/Input - Password'

2022-01-19 10:58:56 - [TEST_STEP][PASSED] - delay(1): Delayed 1 second(s)

2022-01-19 10:58:57 - [MESSAGE][PASSED] - Delayed 1 second(s)

2022-01-19 10:58:57 - [TEST_STEP][PASSED] - setText(LOGN_EdtRdyPassword, "Shalawa18", 0): Text 'Shalawa18' has been set to element 'Object Repository/Mobile/Page/Login/Input Rdy - Password'

2022-01-19 10:58:57 - [MESSAGE][WARNING] - Timeout '0' is invalid. Using default page load timeout: '60'

2022-01-19 10:58:58 - [MESSAGE][PASSED] - Text 'Shalawa18' has been set to element 'Object Repository/Mobile/Page/Login/Input Rdy - Password'

2022-01-19 10:58:58 - [TEST_STEP][PASSED] - delay(1): Delayed 1 second(s)

2022-01-19 10:58:59 - [MESSAGE][PASSED] - Delayed 1 second(s)

2022-01-19 10:58:59 - [TEST_STEP][PASSED] - hideKeyboard(): Keyboard is hidden

2022-01-19 10:59:05 - [MESSAGE][PASSED] - Keyboard is hidden

2022-01-19 10:59:05 - [TEST_STEP][PASSED] - tap(LOGN_BtnLogin, 0): Tapped on element 'Object Repository/Mobile/Page/Login/Button - Login'

2022-01-19 10:59:05 - [MESSAGE][WARNING] - Timeout '0' is invalid. Using default page load timeout: '60'

2022-01-19 10:59:06 - [MESSAGE][PASSED] - Tapped on element 'Object Repository/Mobile/Page/Login/Button - Login'

2022-01-19 10:59:06 - [TEST_STEP][PASSED] - delay(2): Delayed 2 second(s)

2022-01-19 10:59:08 - [MESSAGE][PASSED] - Delayed 2 second(s)

2022-01-19 10:59:08 - [TEST_STEP][PASSED] - break: null

2022-01-19 10:59:08 - [MESSAGE][PASSED] - Call Test Case 'Test Cases/Mobile/Page/Login/Login' successfully

2022-01-19 10:59:08 - [MESSAGE][PASSED] - Call Test Case 'Test Cases/Mobile/Page/CheckLogin' successfully

2022-01-19 10:59:08 - [TEST_STEP][PASSED] - tap(HOME_MenubarNews, 0): Tapped on element 'Object Repository/Mobile/Page/Home/Menubar - News'

2022-01-19 10:59:08 - [MESSAGE][WARNING] - Timeout '0' is invalid. Using default page load timeout: '60'

2022-01-19 10:59:10 - [MESSAGE][PASSED] - Tapped on element 'Object Repository/Mobile/Page/Home/Menubar - News'

2022-01-19 10:59:10 - [TEST_STEP][PASSED] - delay(1): Delayed 1 second(s)

2022-01-19 10:59:11 - [MESSAGE][PASSED] - Delayed 1 second(s)

2022-01-19 10:59:11 - [TEST_STEP][PASSED] - for ([i = 0, i < 1, (i++)]): Delayed 3 second(s)

2022-01-19 10:59:11 - [TEST_STEP][PASSED] - if (tab == "macronews"): null

2022-01-19 10:59:11 - [TEST_STEP][PASSED] - else if (tab == "stocknews"): Tapped on element 'Object Repository/Mobile/Page/News/Tab - Stock'

2022-01-19 10:59:11 - [TEST_STEP][PASSED] - tap(NEWS_TabStock, 0): Tapped on element 'Object Repository/Mobile/Page/News/Tab - Stock'

2022-01-19 10:59:11 - [MESSAGE][WARNING] - Timeout '0' is invalid. Using default page load timeout: '60'

2022-01-19 10:59:13 - [MESSAGE][PASSED] - Tapped on element 'Object Repository/Mobile/Page/News/Tab - Stock'

2022-01-19 10:59:13 - [TEST_STEP][PASSED] - delay(1): Delayed 1 second(s)

2022-01-19 10:59:14 - [MESSAGE][PASSED] - Delayed 1 second(s)

2022-01-19 10:59:14 - [TEST_STEP][PASSED] - if (tab != "worldindices"): Delayed 3 second(s)

2022-01-19 10:59:14 - [TEST_STEP][PASSED] - try: Delayed 3 second(s)

2022-01-19 10:59:14 - [TEST_STEP][PASSED] - tapAndHold(NEWS_ItemTopNews, 1, 10): Tapped and held on element 'Object Repository/Mobile/Page/News/Item - Top News' with duration 1

2022-01-19 10:59:16 - [MESSAGE][PASSED] - Tapped and held on element 'Object Repository/Mobile/Page/News/Item - Top News' with duration 1

2022-01-19 10:59:16 - [TEST_STEP][PASSED] - delay(1): Delayed 1 second(s)

2022-01-19 10:59:17 - [MESSAGE][PASSED] - Delayed 1 second(s)

2022-01-19 10:59:17 - [TEST_STEP][PASSED] - scroll.scroll.scrollScreenBottomToTop(): scroll.scroll.scrollScreenBottomToTop is PASSED

2022-01-19 10:59:18 - [MESSAGE][PASSED] - Current device physical height is 1423

2022-01-19 10:59:18 - [MESSAGE][PASSED] - Current device physical width is 720

2022-01-19 10:59:19 - [MESSAGE][PASSED] - Swiped from 360,1,138 to 360,284

2022-01-19 10:59:19 - [MESSAGE][PASSED] - scroll.scroll.scrollScreenBottomToTop is PASSED

2022-01-19 10:59:19 - [TEST_STEP][PASSED] - delay(3): Delayed 3 second(s)

2022-01-19 10:59:22 - [MESSAGE][PASSED] - Delayed 3 second(s)

2022-01-19 10:59:22 - [MESSAGE][PASSED] - Call Test Case 'Test Cases/Mobile/Page/News/News' successfully

2022-01-19 10:59:22 - [TEST_STEP][PASSED] - callTestCase(findTestCase("Mobile/Page/Run App/Terminate App"), [:], STOP_ON_FAILURE): Call Test Case 'Test Cases/Mobile/Page/Run App/Terminate App' successfully

2022-01-19 10:59:22 - [TEST_CASE][PASSED] - Test Cases/Mobile/Page/Run App/Terminate App: Test Cases/Mobile/Page/Run App/Terminate App

2022-01-19 10:59:22 - [TEST_STEP][PASSED] - startApp.OpenApp.terminateApplication(): startApp.OpenApp.terminateApplication is PASSED

2022-01-19 10:59:25 - [MESSAGE][PASSED] - Delayed 3 second(s)

2022-01-19 10:59:26 - [MESSAGE][PASSED] - Current device physical width is 720

2022-01-19 10:59:26 - [MESSAGE][PASSED] - Current device physical height is 1423

2022-01-19 10:59:27 - [MESSAGE][PASSED] - Swiped from 360,853 to 360,142

2022-01-19 10:59:28 - [MESSAGE][PASSED] - Delayed 1 second(s)

2022-01-19 10:59:29 - [MESSAGE][PASSED] - Swiped from 360,853 to 360,142

2022-01-19 10:59:32 - [MESSAGE][PASSED] - Delayed 3 second(s)

2022-01-19 10:59:32 - [MESSAGE][PASSED] - startApp.OpenApp.terminateApplication is PASSED

2022-01-19 10:59:32 - [MESSAGE][PASSED] - Call Test Case 'Test Cases/Mobile/Page/Run App/Terminate App' successfully]]></system-out>
         <system-err><![CDATA[]]></system-err>
      </testcase>
      <testcase name="Test Cases/Mobile/Scenario/News/003 - News Fund" time="58.52" classname="Test Cases/Mobile/Scenario/News/003 - News Fund" status="PASSED">
         <system-out><![CDATA[2022-01-19 10:59:32 - [TEST_CASE][PASSED] - Test Cases/Mobile/Scenario/News/003 - News Fund: Test Cases/Mobile/Scenario/News/003 - News Fund

2022-01-19 10:59:33 - [TEST_STEP][PASSED] - callTestCase(findTestCase("Mobile/Page/Run App/Run App byID"), [:], STOP_ON_FAILURE): Call Test Case 'Test Cases/Mobile/Page/Run App/Run App byID' successfully

2022-01-19 10:59:33 - [TEST_CASE][PASSED] - Test Cases/Mobile/Page/Run App/Run App byID: Test Cases/Mobile/Page/Run App/Run App byID

2022-01-19 10:59:33 - [TEST_STEP][PASSED] - startApp.OpenApp.startApplication("id.co.miraeasset.sageclub"): startApp.OpenApp.startApplication is PASSED

2022-01-19 10:59:45 - [MESSAGE][PASSED] - Starting app with application ID: 'id.co.miraeasset.sageclub'

2022-01-19 10:59:45 - [MESSAGE][PASSED] - startApp.OpenApp.startApplication is PASSED

2022-01-19 10:59:45 - [MESSAGE][PASSED] - Call Test Case 'Test Cases/Mobile/Page/Run App/Run App byID' successfully

2022-01-19 10:59:45 - [TEST_STEP][PASSED] - callTestCase(findTestCase("Mobile/Page/News/News"), ["tab":"fundnews"], CONTINUE_ON_FAILURE): Call Test Case 'Test Cases/Mobile/Page/News/News' successfully

2022-01-19 10:59:45 - [TEST_CASE][PASSED] - Test Cases/Mobile/Page/News/News: Test Cases/Mobile/Page/News/News

2022-01-19 10:59:45 - [TEST_STEP][PASSED] - callTestCase(findTestCase("Mobile/Page/CheckLogin"), [:], CONTINUE_ON_FAILURE): Call Test Case 'Test Cases/Mobile/Page/CheckLogin' successfully

2022-01-19 10:59:45 - [TEST_CASE][PASSED] - Test Cases/Mobile/Page/CheckLogin: Test Cases/Mobile/Page/CheckLogin

2022-01-19 10:59:45 - [TEST_STEP][PASSED] - loginCheck = verifyElementExist(LOGN_BtnLogin, 5, CONTINUE_ON_FAILURE): Element 'Object Repository/Mobile/Page/Login/Button - Login' is exist

2022-01-19 10:59:47 - [MESSAGE][PASSED] - Element 'Object Repository/Mobile/Page/Login/Button - Login' is exist

2022-01-19 10:59:47 - [TEST_STEP][PASSED] - if (loginCheck): Call Test Case 'Test Cases/Mobile/Page/Login/Login' successfully

2022-01-19 10:59:47 - [TEST_STEP][PASSED] - callTestCase(findTestCase("Mobile/Page/Login/Login"), ["action":"username"], CONTINUE_ON_FAILURE): Call Test Case 'Test Cases/Mobile/Page/Login/Login' successfully

2022-01-19 10:59:47 - [TEST_CASE][PASSED] - Test Cases/Mobile/Page/Login/Login: Test Cases/Mobile/Page/Login/Login

2022-01-19 10:59:47 - [TEST_STEP][PASSED] - delay(2): Delayed 2 second(s)

2022-01-19 10:59:49 - [MESSAGE][PASSED] - Delayed 2 second(s)

2022-01-19 10:59:49 - [TEST_STEP][PASSED] - for ([i = 0, i < 1, (i++)]): null

2022-01-19 10:59:49 - [TEST_STEP][PASSED] - if (action == "username"): null

2022-01-19 10:59:49 - [TEST_STEP][PASSED] - tap(LOGN_EdtUserID, 0): Tapped on element 'Object Repository/Mobile/Page/Login/Input - UserID'

2022-01-19 10:59:49 - [MESSAGE][WARNING] - Timeout '0' is invalid. Using default page load timeout: '60'

2022-01-19 10:59:49 - [MESSAGE][PASSED] - Tapped on element 'Object Repository/Mobile/Page/Login/Input - UserID'

2022-01-19 10:59:49 - [TEST_STEP][PASSED] - delay(1): Delayed 1 second(s)

2022-01-19 10:59:50 - [MESSAGE][PASSED] - Delayed 1 second(s)

2022-01-19 10:59:50 - [TEST_STEP][PASSED] - setText(LOGN_EdtRdyUserID, "anggaaditya", 0): Text 'anggaaditya' has been set to element 'Object Repository/Mobile/Page/Login/Input Rdy - UserID'

2022-01-19 10:59:50 - [MESSAGE][WARNING] - Timeout '0' is invalid. Using default page load timeout: '60'

2022-01-19 10:59:51 - [MESSAGE][PASSED] - Text 'anggaaditya' has been set to element 'Object Repository/Mobile/Page/Login/Input Rdy - UserID'

2022-01-19 10:59:51 - [TEST_STEP][PASSED] - delay(1): Delayed 1 second(s)

2022-01-19 10:59:52 - [MESSAGE][PASSED] - Delayed 1 second(s)

2022-01-19 10:59:52 - [TEST_STEP][PASSED] - hideKeyboard(): Keyboard is hidden

2022-01-19 10:59:55 - [MESSAGE][PASSED] - Keyboard is hidden

2022-01-19 10:59:55 - [TEST_STEP][PASSED] - tap(LOGN_EdtPassword, 0): Tapped on element 'Object Repository/Mobile/Page/Login/Input - Password'

2022-01-19 10:59:55 - [MESSAGE][WARNING] - Timeout '0' is invalid. Using default page load timeout: '60'

2022-01-19 10:59:56 - [MESSAGE][PASSED] - Tapped on element 'Object Repository/Mobile/Page/Login/Input - Password'

2022-01-19 10:59:56 - [TEST_STEP][PASSED] - delay(1): Delayed 1 second(s)

2022-01-19 10:59:57 - [MESSAGE][PASSED] - Delayed 1 second(s)

2022-01-19 10:59:57 - [TEST_STEP][PASSED] - setText(LOGN_EdtRdyPassword, "Shalawa18", 0): Text 'Shalawa18' has been set to element 'Object Repository/Mobile/Page/Login/Input Rdy - Password'

2022-01-19 10:59:57 - [MESSAGE][WARNING] - Timeout '0' is invalid. Using default page load timeout: '60'

2022-01-19 10:59:57 - [MESSAGE][PASSED] - Text 'Shalawa18' has been set to element 'Object Repository/Mobile/Page/Login/Input Rdy - Password'

2022-01-19 10:59:57 - [TEST_STEP][PASSED] - delay(1): Delayed 1 second(s)

2022-01-19 10:59:58 - [MESSAGE][PASSED] - Delayed 1 second(s)

2022-01-19 10:59:58 - [TEST_STEP][PASSED] - hideKeyboard(): Keyboard is hidden

2022-01-19 11:00:04 - [MESSAGE][PASSED] - Keyboard is hidden

2022-01-19 11:00:04 - [TEST_STEP][PASSED] - tap(LOGN_BtnLogin, 0): Tapped on element 'Object Repository/Mobile/Page/Login/Button - Login'

2022-01-19 11:00:04 - [MESSAGE][WARNING] - Timeout '0' is invalid. Using default page load timeout: '60'

2022-01-19 11:00:05 - [MESSAGE][PASSED] - Tapped on element 'Object Repository/Mobile/Page/Login/Button - Login'

2022-01-19 11:00:05 - [TEST_STEP][PASSED] - delay(2): Delayed 2 second(s)

2022-01-19 11:00:07 - [MESSAGE][PASSED] - Delayed 2 second(s)

2022-01-19 11:00:07 - [TEST_STEP][PASSED] - break: null

2022-01-19 11:00:07 - [MESSAGE][PASSED] - Call Test Case 'Test Cases/Mobile/Page/Login/Login' successfully

2022-01-19 11:00:07 - [MESSAGE][PASSED] - Call Test Case 'Test Cases/Mobile/Page/CheckLogin' successfully

2022-01-19 11:00:07 - [TEST_STEP][PASSED] - tap(HOME_MenubarNews, 0): Tapped on element 'Object Repository/Mobile/Page/Home/Menubar - News'

2022-01-19 11:00:07 - [MESSAGE][WARNING] - Timeout '0' is invalid. Using default page load timeout: '60'

2022-01-19 11:00:08 - [MESSAGE][PASSED] - Tapped on element 'Object Repository/Mobile/Page/Home/Menubar - News'

2022-01-19 11:00:08 - [TEST_STEP][PASSED] - delay(1): Delayed 1 second(s)

2022-01-19 11:00:09 - [MESSAGE][PASSED] - Delayed 1 second(s)

2022-01-19 11:00:09 - [TEST_STEP][PASSED] - for ([i = 0, i < 1, (i++)]): Delayed 3 second(s)

2022-01-19 11:00:09 - [TEST_STEP][PASSED] - if (tab == "macronews"): null

2022-01-19 11:00:09 - [TEST_STEP][PASSED] - else if (tab == "stocknews"): null

2022-01-19 11:00:09 - [TEST_STEP][PASSED] - else if (tab == "fundnews"): Tapped on element 'Object Repository/Mobile/Page/News/Tab - Fund'

2022-01-19 11:00:09 - [TEST_STEP][PASSED] - tap(NEWS_TabFund, 0): Tapped on element 'Object Repository/Mobile/Page/News/Tab - Fund'

2022-01-19 11:00:09 - [MESSAGE][WARNING] - Timeout '0' is invalid. Using default page load timeout: '60'

2022-01-19 11:00:11 - [MESSAGE][PASSED] - Tapped on element 'Object Repository/Mobile/Page/News/Tab - Fund'

2022-01-19 11:00:11 - [TEST_STEP][PASSED] - delay(1): Delayed 1 second(s)

2022-01-19 11:00:12 - [MESSAGE][PASSED] - Delayed 1 second(s)

2022-01-19 11:00:12 - [TEST_STEP][PASSED] - if (tab != "worldindices"): Delayed 3 second(s)

2022-01-19 11:00:12 - [TEST_STEP][PASSED] - try: Delayed 3 second(s)

2022-01-19 11:00:12 - [TEST_STEP][PASSED] - tapAndHold(NEWS_ItemTopNews, 1, 10): Tapped and held on element 'Object Repository/Mobile/Page/News/Item - Top News' with duration 1

2022-01-19 11:00:15 - [MESSAGE][PASSED] - Tapped and held on element 'Object Repository/Mobile/Page/News/Item - Top News' with duration 1

2022-01-19 11:00:15 - [TEST_STEP][PASSED] - delay(1): Delayed 1 second(s)

2022-01-19 11:00:16 - [MESSAGE][PASSED] - Delayed 1 second(s)

2022-01-19 11:00:16 - [TEST_STEP][PASSED] - scroll.scroll.scrollScreenBottomToTop(): scroll.scroll.scrollScreenBottomToTop is PASSED

2022-01-19 11:00:16 - [MESSAGE][PASSED] - Current device physical height is 1423

2022-01-19 11:00:16 - [MESSAGE][PASSED] - Current device physical width is 720

2022-01-19 11:00:18 - [MESSAGE][PASSED] - Swiped from 360,1,138 to 360,284

2022-01-19 11:00:18 - [MESSAGE][PASSED] - scroll.scroll.scrollScreenBottomToTop is PASSED

2022-01-19 11:00:18 - [TEST_STEP][PASSED] - delay(3): Delayed 3 second(s)

2022-01-19 11:00:21 - [MESSAGE][PASSED] - Delayed 3 second(s)

2022-01-19 11:00:21 - [MESSAGE][PASSED] - Call Test Case 'Test Cases/Mobile/Page/News/News' successfully

2022-01-19 11:00:21 - [TEST_STEP][PASSED] - callTestCase(findTestCase("Mobile/Page/Run App/Terminate App"), [:], STOP_ON_FAILURE): Call Test Case 'Test Cases/Mobile/Page/Run App/Terminate App' successfully

2022-01-19 11:00:21 - [TEST_CASE][PASSED] - Test Cases/Mobile/Page/Run App/Terminate App: Test Cases/Mobile/Page/Run App/Terminate App

2022-01-19 11:00:21 - [TEST_STEP][PASSED] - startApp.OpenApp.terminateApplication(): startApp.OpenApp.terminateApplication is PASSED

2022-01-19 11:00:24 - [MESSAGE][PASSED] - Delayed 3 second(s)

2022-01-19 11:00:24 - [MESSAGE][PASSED] - Current device physical width is 720

2022-01-19 11:00:24 - [MESSAGE][PASSED] - Current device physical height is 1423

2022-01-19 11:00:26 - [MESSAGE][PASSED] - Swiped from 360,853 to 360,142

2022-01-19 11:00:27 - [MESSAGE][PASSED] - Delayed 1 second(s)

2022-01-19 11:00:28 - [MESSAGE][PASSED] - Swiped from 360,853 to 360,142

2022-01-19 11:00:31 - [MESSAGE][PASSED] - Delayed 3 second(s)

2022-01-19 11:00:31 - [MESSAGE][PASSED] - startApp.OpenApp.terminateApplication is PASSED

2022-01-19 11:00:31 - [MESSAGE][PASSED] - Call Test Case 'Test Cases/Mobile/Page/Run App/Terminate App' successfully]]></system-out>
         <system-err><![CDATA[]]></system-err>
      </testcase>
      <testcase name="Test Cases/Mobile/Scenario/News/004 - Bond News" time="59.447" classname="Test Cases/Mobile/Scenario/News/004 - Bond News" status="PASSED">
         <system-out><![CDATA[2022-01-19 11:00:31 - [TEST_CASE][PASSED] - Test Cases/Mobile/Scenario/News/004 - Bond News: Test Cases/Mobile/Scenario/News/004 - Bond News

2022-01-19 11:00:31 - [TEST_STEP][PASSED] - callTestCase(findTestCase("Mobile/Page/Run App/Run App byID"), [:], STOP_ON_FAILURE): Call Test Case 'Test Cases/Mobile/Page/Run App/Run App byID' successfully

2022-01-19 11:00:31 - [TEST_CASE][PASSED] - Test Cases/Mobile/Page/Run App/Run App byID: Test Cases/Mobile/Page/Run App/Run App byID

2022-01-19 11:00:31 - [TEST_STEP][PASSED] - startApp.OpenApp.startApplication("id.co.miraeasset.sageclub"): startApp.OpenApp.startApplication is PASSED

2022-01-19 11:00:43 - [MESSAGE][PASSED] - Starting app with application ID: 'id.co.miraeasset.sageclub'

2022-01-19 11:00:43 - [MESSAGE][PASSED] - startApp.OpenApp.startApplication is PASSED

2022-01-19 11:00:43 - [MESSAGE][PASSED] - Call Test Case 'Test Cases/Mobile/Page/Run App/Run App byID' successfully

2022-01-19 11:00:43 - [TEST_STEP][PASSED] - callTestCase(findTestCase("Mobile/Page/News/News"), ["tab":"bondnews"], CONTINUE_ON_FAILURE): Call Test Case 'Test Cases/Mobile/Page/News/News' successfully

2022-01-19 11:00:43 - [TEST_CASE][PASSED] - Test Cases/Mobile/Page/News/News: Test Cases/Mobile/Page/News/News

2022-01-19 11:00:43 - [TEST_STEP][PASSED] - callTestCase(findTestCase("Mobile/Page/CheckLogin"), [:], CONTINUE_ON_FAILURE): Call Test Case 'Test Cases/Mobile/Page/CheckLogin' successfully

2022-01-19 11:00:43 - [TEST_CASE][PASSED] - Test Cases/Mobile/Page/CheckLogin: Test Cases/Mobile/Page/CheckLogin

2022-01-19 11:00:43 - [TEST_STEP][PASSED] - loginCheck = verifyElementExist(LOGN_BtnLogin, 5, CONTINUE_ON_FAILURE): Element 'Object Repository/Mobile/Page/Login/Button - Login' is exist

2022-01-19 11:00:45 - [MESSAGE][PASSED] - Element 'Object Repository/Mobile/Page/Login/Button - Login' is exist

2022-01-19 11:00:45 - [TEST_STEP][PASSED] - if (loginCheck): Call Test Case 'Test Cases/Mobile/Page/Login/Login' successfully

2022-01-19 11:00:45 - [TEST_STEP][PASSED] - callTestCase(findTestCase("Mobile/Page/Login/Login"), ["action":"username"], CONTINUE_ON_FAILURE): Call Test Case 'Test Cases/Mobile/Page/Login/Login' successfully

2022-01-19 11:00:45 - [TEST_CASE][PASSED] - Test Cases/Mobile/Page/Login/Login: Test Cases/Mobile/Page/Login/Login

2022-01-19 11:00:45 - [TEST_STEP][PASSED] - delay(2): Delayed 2 second(s)

2022-01-19 11:00:47 - [MESSAGE][PASSED] - Delayed 2 second(s)

2022-01-19 11:00:47 - [TEST_STEP][PASSED] - for ([i = 0, i < 1, (i++)]): null

2022-01-19 11:00:47 - [TEST_STEP][PASSED] - if (action == "username"): null

2022-01-19 11:00:47 - [TEST_STEP][PASSED] - tap(LOGN_EdtUserID, 0): Tapped on element 'Object Repository/Mobile/Page/Login/Input - UserID'

2022-01-19 11:00:47 - [MESSAGE][WARNING] - Timeout '0' is invalid. Using default page load timeout: '60'

2022-01-19 11:00:48 - [MESSAGE][PASSED] - Tapped on element 'Object Repository/Mobile/Page/Login/Input - UserID'

2022-01-19 11:00:48 - [TEST_STEP][PASSED] - delay(1): Delayed 1 second(s)

2022-01-19 11:00:49 - [MESSAGE][PASSED] - Delayed 1 second(s)

2022-01-19 11:00:49 - [TEST_STEP][PASSED] - setText(LOGN_EdtRdyUserID, "anggaaditya", 0): Text 'anggaaditya' has been set to element 'Object Repository/Mobile/Page/Login/Input Rdy - UserID'

2022-01-19 11:00:49 - [MESSAGE][WARNING] - Timeout '0' is invalid. Using default page load timeout: '60'

2022-01-19 11:00:50 - [MESSAGE][PASSED] - Text 'anggaaditya' has been set to element 'Object Repository/Mobile/Page/Login/Input Rdy - UserID'

2022-01-19 11:00:50 - [TEST_STEP][PASSED] - delay(1): Delayed 1 second(s)

2022-01-19 11:00:51 - [MESSAGE][PASSED] - Delayed 1 second(s)

2022-01-19 11:00:51 - [TEST_STEP][PASSED] - hideKeyboard(): Keyboard is hidden

2022-01-19 11:00:55 - [MESSAGE][PASSED] - Keyboard is hidden

2022-01-19 11:00:55 - [TEST_STEP][PASSED] - tap(LOGN_EdtPassword, 0): Tapped on element 'Object Repository/Mobile/Page/Login/Input - Password'

2022-01-19 11:00:55 - [MESSAGE][WARNING] - Timeout '0' is invalid. Using default page load timeout: '60'

2022-01-19 11:00:55 - [MESSAGE][PASSED] - Tapped on element 'Object Repository/Mobile/Page/Login/Input - Password'

2022-01-19 11:00:55 - [TEST_STEP][PASSED] - delay(1): Delayed 1 second(s)

2022-01-19 11:00:56 - [MESSAGE][PASSED] - Delayed 1 second(s)

2022-01-19 11:00:56 - [TEST_STEP][PASSED] - setText(LOGN_EdtRdyPassword, "Shalawa18", 0): Text 'Shalawa18' has been set to element 'Object Repository/Mobile/Page/Login/Input Rdy - Password'

2022-01-19 11:00:56 - [MESSAGE][WARNING] - Timeout '0' is invalid. Using default page load timeout: '60'

2022-01-19 11:00:57 - [MESSAGE][PASSED] - Text 'Shalawa18' has been set to element 'Object Repository/Mobile/Page/Login/Input Rdy - Password'

2022-01-19 11:00:57 - [TEST_STEP][PASSED] - delay(1): Delayed 1 second(s)

2022-01-19 11:00:58 - [MESSAGE][PASSED] - Delayed 1 second(s)

2022-01-19 11:00:58 - [TEST_STEP][PASSED] - hideKeyboard(): Keyboard is hidden

2022-01-19 11:01:04 - [MESSAGE][PASSED] - Keyboard is hidden

2022-01-19 11:01:04 - [TEST_STEP][PASSED] - tap(LOGN_BtnLogin, 0): Tapped on element 'Object Repository/Mobile/Page/Login/Button - Login'

2022-01-19 11:01:04 - [MESSAGE][WARNING] - Timeout '0' is invalid. Using default page load timeout: '60'

2022-01-19 11:01:05 - [MESSAGE][PASSED] - Tapped on element 'Object Repository/Mobile/Page/Login/Button - Login'

2022-01-19 11:01:05 - [TEST_STEP][PASSED] - delay(2): Delayed 2 second(s)

2022-01-19 11:01:07 - [MESSAGE][PASSED] - Delayed 2 second(s)

2022-01-19 11:01:07 - [TEST_STEP][PASSED] - break: null

2022-01-19 11:01:07 - [MESSAGE][PASSED] - Call Test Case 'Test Cases/Mobile/Page/Login/Login' successfully

2022-01-19 11:01:07 - [MESSAGE][PASSED] - Call Test Case 'Test Cases/Mobile/Page/CheckLogin' successfully

2022-01-19 11:01:07 - [TEST_STEP][PASSED] - tap(HOME_MenubarNews, 0): Tapped on element 'Object Repository/Mobile/Page/Home/Menubar - News'

2022-01-19 11:01:07 - [MESSAGE][WARNING] - Timeout '0' is invalid. Using default page load timeout: '60'

2022-01-19 11:01:08 - [MESSAGE][PASSED] - Tapped on element 'Object Repository/Mobile/Page/Home/Menubar - News'

2022-01-19 11:01:08 - [TEST_STEP][PASSED] - delay(1): Delayed 1 second(s)

2022-01-19 11:01:09 - [MESSAGE][PASSED] - Delayed 1 second(s)

2022-01-19 11:01:09 - [TEST_STEP][PASSED] - for ([i = 0, i < 1, (i++)]): Delayed 3 second(s)

2022-01-19 11:01:09 - [TEST_STEP][PASSED] - if (tab == "macronews"): null

2022-01-19 11:01:09 - [TEST_STEP][PASSED] - else if (tab == "stocknews"): null

2022-01-19 11:01:09 - [TEST_STEP][PASSED] - else if (tab == "fundnews"): null

2022-01-19 11:01:09 - [TEST_STEP][PASSED] - else if (tab == "bondnews"): Tapped on element 'Object Repository/Mobile/Page/News/Tab - Bond'

2022-01-19 11:01:09 - [TEST_STEP][PASSED] - tap(NEWS_TabBond, 0): Tapped on element 'Object Repository/Mobile/Page/News/Tab - Bond'

2022-01-19 11:01:09 - [MESSAGE][WARNING] - Timeout '0' is invalid. Using default page load timeout: '60'

2022-01-19 11:01:11 - [MESSAGE][PASSED] - Tapped on element 'Object Repository/Mobile/Page/News/Tab - Bond'

2022-01-19 11:01:11 - [TEST_STEP][PASSED] - delay(1): Delayed 1 second(s)

2022-01-19 11:01:12 - [MESSAGE][PASSED] - Delayed 1 second(s)

2022-01-19 11:01:12 - [TEST_STEP][PASSED] - if (tab != "worldindices"): Delayed 3 second(s)

2022-01-19 11:01:12 - [TEST_STEP][PASSED] - try: Delayed 3 second(s)

2022-01-19 11:01:12 - [TEST_STEP][PASSED] - tapAndHold(NEWS_ItemTopNews, 1, 10): Tapped and held on element 'Object Repository/Mobile/Page/News/Item - Top News' with duration 1

2022-01-19 11:01:14 - [MESSAGE][PASSED] - Tapped and held on element 'Object Repository/Mobile/Page/News/Item - Top News' with duration 1

2022-01-19 11:01:14 - [TEST_STEP][PASSED] - delay(1): Delayed 1 second(s)

2022-01-19 11:01:16 - [MESSAGE][PASSED] - Delayed 1 second(s)

2022-01-19 11:01:16 - [TEST_STEP][PASSED] - scroll.scroll.scrollScreenBottomToTop(): scroll.scroll.scrollScreenBottomToTop is PASSED

2022-01-19 11:01:16 - [MESSAGE][PASSED] - Current device physical height is 1423

2022-01-19 11:01:16 - [MESSAGE][PASSED] - Current device physical width is 720

2022-01-19 11:01:17 - [MESSAGE][PASSED] - Swiped from 360,1,138 to 360,284

2022-01-19 11:01:17 - [MESSAGE][PASSED] - scroll.scroll.scrollScreenBottomToTop is PASSED

2022-01-19 11:01:17 - [TEST_STEP][PASSED] - delay(3): Delayed 3 second(s)

2022-01-19 11:01:20 - [MESSAGE][PASSED] - Delayed 3 second(s)

2022-01-19 11:01:20 - [MESSAGE][PASSED] - Call Test Case 'Test Cases/Mobile/Page/News/News' successfully

2022-01-19 11:01:20 - [TEST_STEP][PASSED] - callTestCase(findTestCase("Mobile/Page/Run App/Terminate App"), [:], STOP_ON_FAILURE): Call Test Case 'Test Cases/Mobile/Page/Run App/Terminate App' successfully

2022-01-19 11:01:20 - [TEST_CASE][PASSED] - Test Cases/Mobile/Page/Run App/Terminate App: Test Cases/Mobile/Page/Run App/Terminate App

2022-01-19 11:01:20 - [TEST_STEP][PASSED] - startApp.OpenApp.terminateApplication(): startApp.OpenApp.terminateApplication is PASSED

2022-01-19 11:01:23 - [MESSAGE][PASSED] - Delayed 3 second(s)

2022-01-19 11:01:24 - [MESSAGE][PASSED] - Current device physical width is 720

2022-01-19 11:01:24 - [MESSAGE][PASSED] - Current device physical height is 1423

2022-01-19 11:01:25 - [MESSAGE][PASSED] - Swiped from 360,853 to 360,142

2022-01-19 11:01:26 - [MESSAGE][PASSED] - Delayed 1 second(s)

2022-01-19 11:01:27 - [MESSAGE][PASSED] - Swiped from 360,853 to 360,142

2022-01-19 11:01:30 - [MESSAGE][PASSED] - Delayed 3 second(s)

2022-01-19 11:01:30 - [MESSAGE][PASSED] - startApp.OpenApp.terminateApplication is PASSED

2022-01-19 11:01:30 - [MESSAGE][PASSED] - Call Test Case 'Test Cases/Mobile/Page/Run App/Terminate App' successfully]]></system-out>
         <system-err><![CDATA[]]></system-err>
      </testcase>
      <testcase name="Test Cases/Mobile/Scenario/News/005 - Macro News" time="57.452" classname="Test Cases/Mobile/Scenario/News/005 - Macro News" status="PASSED">
         <system-out><![CDATA[2022-01-19 11:01:30 - [TEST_CASE][PASSED] - Test Cases/Mobile/Scenario/News/005 - Macro News: Test Cases/Mobile/Scenario/News/005 - Macro News

2022-01-19 11:01:31 - [TEST_STEP][PASSED] - callTestCase(findTestCase("Mobile/Page/Run App/Run App byID"), [:], STOP_ON_FAILURE): Call Test Case 'Test Cases/Mobile/Page/Run App/Run App byID' successfully

2022-01-19 11:01:31 - [TEST_CASE][PASSED] - Test Cases/Mobile/Page/Run App/Run App byID: Test Cases/Mobile/Page/Run App/Run App byID

2022-01-19 11:01:31 - [TEST_STEP][PASSED] - startApp.OpenApp.startApplication("id.co.miraeasset.sageclub"): startApp.OpenApp.startApplication is PASSED

2022-01-19 11:01:42 - [MESSAGE][PASSED] - Starting app with application ID: 'id.co.miraeasset.sageclub'

2022-01-19 11:01:42 - [MESSAGE][PASSED] - startApp.OpenApp.startApplication is PASSED

2022-01-19 11:01:42 - [MESSAGE][PASSED] - Call Test Case 'Test Cases/Mobile/Page/Run App/Run App byID' successfully

2022-01-19 11:01:42 - [TEST_STEP][PASSED] - callTestCase(findTestCase("Mobile/Page/News/News"), ["tab":"macronews"], CONTINUE_ON_FAILURE): Call Test Case 'Test Cases/Mobile/Page/News/News' successfully

2022-01-19 11:01:42 - [TEST_CASE][PASSED] - Test Cases/Mobile/Page/News/News: Test Cases/Mobile/Page/News/News

2022-01-19 11:01:43 - [TEST_STEP][PASSED] - callTestCase(findTestCase("Mobile/Page/CheckLogin"), [:], CONTINUE_ON_FAILURE): Call Test Case 'Test Cases/Mobile/Page/CheckLogin' successfully

2022-01-19 11:01:43 - [TEST_CASE][PASSED] - Test Cases/Mobile/Page/CheckLogin: Test Cases/Mobile/Page/CheckLogin

2022-01-19 11:01:43 - [TEST_STEP][PASSED] - loginCheck = verifyElementExist(LOGN_BtnLogin, 5, CONTINUE_ON_FAILURE): Element 'Object Repository/Mobile/Page/Login/Button - Login' is exist

2022-01-19 11:01:45 - [MESSAGE][PASSED] - Element 'Object Repository/Mobile/Page/Login/Button - Login' is exist

2022-01-19 11:01:45 - [TEST_STEP][PASSED] - if (loginCheck): Call Test Case 'Test Cases/Mobile/Page/Login/Login' successfully

2022-01-19 11:01:45 - [TEST_STEP][PASSED] - callTestCase(findTestCase("Mobile/Page/Login/Login"), ["action":"username"], CONTINUE_ON_FAILURE): Call Test Case 'Test Cases/Mobile/Page/Login/Login' successfully

2022-01-19 11:01:45 - [TEST_CASE][PASSED] - Test Cases/Mobile/Page/Login/Login: Test Cases/Mobile/Page/Login/Login

2022-01-19 11:01:45 - [TEST_STEP][PASSED] - delay(2): Delayed 2 second(s)

2022-01-19 11:01:47 - [MESSAGE][PASSED] - Delayed 2 second(s)

2022-01-19 11:01:47 - [TEST_STEP][PASSED] - for ([i = 0, i < 1, (i++)]): null

2022-01-19 11:01:47 - [TEST_STEP][PASSED] - if (action == "username"): null

2022-01-19 11:01:47 - [TEST_STEP][PASSED] - tap(LOGN_EdtUserID, 0): Tapped on element 'Object Repository/Mobile/Page/Login/Input - UserID'

2022-01-19 11:01:47 - [MESSAGE][WARNING] - Timeout '0' is invalid. Using default page load timeout: '60'

2022-01-19 11:01:47 - [MESSAGE][PASSED] - Tapped on element 'Object Repository/Mobile/Page/Login/Input - UserID'

2022-01-19 11:01:47 - [TEST_STEP][PASSED] - delay(1): Delayed 1 second(s)

2022-01-19 11:01:48 - [MESSAGE][PASSED] - Delayed 1 second(s)

2022-01-19 11:01:48 - [TEST_STEP][PASSED] - setText(LOGN_EdtRdyUserID, "anggaaditya", 0): Text 'anggaaditya' has been set to element 'Object Repository/Mobile/Page/Login/Input Rdy - UserID'

2022-01-19 11:01:48 - [MESSAGE][WARNING] - Timeout '0' is invalid. Using default page load timeout: '60'

2022-01-19 11:01:49 - [MESSAGE][PASSED] - Text 'anggaaditya' has been set to element 'Object Repository/Mobile/Page/Login/Input Rdy - UserID'

2022-01-19 11:01:49 - [TEST_STEP][PASSED] - delay(1): Delayed 1 second(s)

2022-01-19 11:01:50 - [MESSAGE][PASSED] - Delayed 1 second(s)

2022-01-19 11:01:50 - [TEST_STEP][PASSED] - hideKeyboard(): Keyboard is hidden

2022-01-19 11:01:53 - [MESSAGE][PASSED] - Keyboard is hidden

2022-01-19 11:01:53 - [TEST_STEP][PASSED] - tap(LOGN_EdtPassword, 0): Tapped on element 'Object Repository/Mobile/Page/Login/Input - Password'

2022-01-19 11:01:53 - [MESSAGE][WARNING] - Timeout '0' is invalid. Using default page load timeout: '60'

2022-01-19 11:01:54 - [MESSAGE][PASSED] - Tapped on element 'Object Repository/Mobile/Page/Login/Input - Password'

2022-01-19 11:01:54 - [TEST_STEP][PASSED] - delay(1): Delayed 1 second(s)

2022-01-19 11:01:55 - [MESSAGE][PASSED] - Delayed 1 second(s)

2022-01-19 11:01:55 - [TEST_STEP][PASSED] - setText(LOGN_EdtRdyPassword, "Shalawa18", 0): Text 'Shalawa18' has been set to element 'Object Repository/Mobile/Page/Login/Input Rdy - Password'

2022-01-19 11:01:55 - [MESSAGE][WARNING] - Timeout '0' is invalid. Using default page load timeout: '60'

2022-01-19 11:01:55 - [MESSAGE][PASSED] - Text 'Shalawa18' has been set to element 'Object Repository/Mobile/Page/Login/Input Rdy - Password'

2022-01-19 11:01:55 - [TEST_STEP][PASSED] - delay(1): Delayed 1 second(s)

2022-01-19 11:01:56 - [MESSAGE][PASSED] - Delayed 1 second(s)

2022-01-19 11:01:56 - [TEST_STEP][PASSED] - hideKeyboard(): Keyboard is hidden

2022-01-19 11:02:03 - [MESSAGE][PASSED] - Keyboard is hidden

2022-01-19 11:02:03 - [TEST_STEP][PASSED] - tap(LOGN_BtnLogin, 0): Tapped on element 'Object Repository/Mobile/Page/Login/Button - Login'

2022-01-19 11:02:03 - [MESSAGE][WARNING] - Timeout '0' is invalid. Using default page load timeout: '60'

2022-01-19 11:02:04 - [MESSAGE][PASSED] - Tapped on element 'Object Repository/Mobile/Page/Login/Button - Login'

2022-01-19 11:02:04 - [TEST_STEP][PASSED] - delay(2): Delayed 2 second(s)

2022-01-19 11:02:06 - [MESSAGE][PASSED] - Delayed 2 second(s)

2022-01-19 11:02:06 - [TEST_STEP][PASSED] - break: null

2022-01-19 11:02:06 - [MESSAGE][PASSED] - Call Test Case 'Test Cases/Mobile/Page/Login/Login' successfully

2022-01-19 11:02:06 - [MESSAGE][PASSED] - Call Test Case 'Test Cases/Mobile/Page/CheckLogin' successfully

2022-01-19 11:02:06 - [TEST_STEP][PASSED] - tap(HOME_MenubarNews, 0): Tapped on element 'Object Repository/Mobile/Page/Home/Menubar - News'

2022-01-19 11:02:06 - [MESSAGE][WARNING] - Timeout '0' is invalid. Using default page load timeout: '60'

2022-01-19 11:02:06 - [MESSAGE][PASSED] - Tapped on element 'Object Repository/Mobile/Page/Home/Menubar - News'

2022-01-19 11:02:06 - [TEST_STEP][PASSED] - delay(1): Delayed 1 second(s)

2022-01-19 11:02:07 - [MESSAGE][PASSED] - Delayed 1 second(s)

2022-01-19 11:02:07 - [TEST_STEP][PASSED] - for ([i = 0, i < 1, (i++)]): Delayed 3 second(s)

2022-01-19 11:02:07 - [TEST_STEP][PASSED] - if (tab == "macronews"): Tapped on element 'Object Repository/Mobile/Page/News/Tab - Macro'

2022-01-19 11:02:07 - [TEST_STEP][PASSED] - tap(NEWS_TabMacro, 0): Tapped on element 'Object Repository/Mobile/Page/News/Tab - Macro'

2022-01-19 11:02:07 - [MESSAGE][WARNING] - Timeout '0' is invalid. Using default page load timeout: '60'

2022-01-19 11:02:08 - [MESSAGE][PASSED] - Tapped on element 'Object Repository/Mobile/Page/News/Tab - Macro'

2022-01-19 11:02:08 - [TEST_STEP][PASSED] - delay(1): Delayed 1 second(s)

2022-01-19 11:02:09 - [MESSAGE][PASSED] - Delayed 1 second(s)

2022-01-19 11:02:09 - [TEST_STEP][PASSED] - if (tab != "worldindices"): Delayed 3 second(s)

2022-01-19 11:02:09 - [TEST_STEP][PASSED] - try: Delayed 3 second(s)

2022-01-19 11:02:09 - [TEST_STEP][PASSED] - tapAndHold(NEWS_ItemTopNews, 1, 10): Tapped and held on element 'Object Repository/Mobile/Page/News/Item - Top News' with duration 1

2022-01-19 11:02:12 - [MESSAGE][PASSED] - Tapped and held on element 'Object Repository/Mobile/Page/News/Item - Top News' with duration 1

2022-01-19 11:02:12 - [TEST_STEP][PASSED] - delay(1): Delayed 1 second(s)

2022-01-19 11:02:13 - [MESSAGE][PASSED] - Delayed 1 second(s)

2022-01-19 11:02:13 - [TEST_STEP][PASSED] - scroll.scroll.scrollScreenBottomToTop(): scroll.scroll.scrollScreenBottomToTop is PASSED

2022-01-19 11:02:13 - [MESSAGE][PASSED] - Current device physical height is 1423

2022-01-19 11:02:13 - [MESSAGE][PASSED] - Current device physical width is 720

2022-01-19 11:02:15 - [MESSAGE][PASSED] - Swiped from 360,1,138 to 360,284

2022-01-19 11:02:15 - [MESSAGE][PASSED] - scroll.scroll.scrollScreenBottomToTop is PASSED

2022-01-19 11:02:15 - [TEST_STEP][PASSED] - delay(3): Delayed 3 second(s)

2022-01-19 11:02:18 - [MESSAGE][PASSED] - Delayed 3 second(s)

2022-01-19 11:02:18 - [MESSAGE][PASSED] - Call Test Case 'Test Cases/Mobile/Page/News/News' successfully

2022-01-19 11:02:18 - [TEST_STEP][PASSED] - callTestCase(findTestCase("Mobile/Page/Run App/Terminate App"), [:], STOP_ON_FAILURE): Call Test Case 'Test Cases/Mobile/Page/Run App/Terminate App' successfully

2022-01-19 11:02:18 - [TEST_CASE][PASSED] - Test Cases/Mobile/Page/Run App/Terminate App: Test Cases/Mobile/Page/Run App/Terminate App

2022-01-19 11:02:18 - [TEST_STEP][PASSED] - startApp.OpenApp.terminateApplication(): startApp.OpenApp.terminateApplication is PASSED

2022-01-19 11:02:21 - [MESSAGE][PASSED] - Delayed 3 second(s)

2022-01-19 11:02:21 - [MESSAGE][PASSED] - Current device physical width is 720

2022-01-19 11:02:21 - [MESSAGE][PASSED] - Current device physical height is 1423

2022-01-19 11:02:22 - [MESSAGE][PASSED] - Swiped from 360,853 to 360,142

2022-01-19 11:02:23 - [MESSAGE][PASSED] - Delayed 1 second(s)

2022-01-19 11:02:25 - [MESSAGE][PASSED] - Swiped from 360,853 to 360,142

2022-01-19 11:02:28 - [MESSAGE][PASSED] - Delayed 3 second(s)

2022-01-19 11:02:28 - [MESSAGE][PASSED] - startApp.OpenApp.terminateApplication is PASSED

2022-01-19 11:02:28 - [MESSAGE][PASSED] - Call Test Case 'Test Cases/Mobile/Page/Run App/Terminate App' successfully]]></system-out>
         <system-err><![CDATA[]]></system-err>
      </testcase>
      <system-out><![CDATA[2022-01-19 10:57:02 - [TEST_SUITE][PASSED] - news: Test Cases/Mobile/Scenario/News/005 - Macro News]]></system-out>
      <system-err><![CDATA[]]></system-err>
   </testsuite>
</testsuites>
