<?xml version="1.0" encoding="UTF-8"?>
<testsuites name="login" time="319.32" tests="5" failures="0" skips="0" errors="0">
   <testsuite name="login" tests="5" failures="0" errors="0" time="319.32" skips="0" timestamp="2022-01-07 08:02:54" hostname="Owner - aldy-tft" id="Test Suites/login">
      <properties>
         <property name="deviceName" value="samsung SM-A205F (Android 11)"/>
         <property name="devicePlatform" value=""/>
         <property name="logFolder" value="C:\\Users\\Owner\\Documents\\kerjaan\\KatalonProject\\qa_katalon_pwm\\qa_katalon_pwm\\Reports\\20220107_075340\\login\\20220107_075349"/>
         <property name="logFiles" value="C:\\Users\\Owner\\Documents\\kerjaan\\KatalonProject\\qa_katalon_pwm\\qa_katalon_pwm\\Reports\\20220107_075340\\login\\20220107_075349\\appium.log, C:\\Users\\Owner\\Documents\\kerjaan\\KatalonProject\\qa_katalon_pwm\\qa_katalon_pwm\\Reports\\20220107_075340\\login\\20220107_075349\\execution0.log"/>
         <property name="attachments" value=""/>
         <property name="hostName" value="Owner - aldy-tft"/>
         <property name="os" value="Windows 10 64bit"/>
         <property name="appiumServerStatus" value="{&quot;value&quot;:{&quot;build&quot;:{&quot;version&quot;:&quot;1.22.0&quot;}},&quot;sessionId&quot;:null,&quot;status&quot;:0}"/>
         <property name="katalonVersion" value="7.9.1.208"/>
         <property name="deviceOS" value="Android"/>
         <property name="appiumVersion" value="1.22.0"/>
         <property name="deviceModel" value="SM-A205F"/>
         <property name="hostAddress" value="10.0.30.68"/>
         <property name="deviceManufacturer" value="samsung"/>
         <property name="deviceId" value="RR8M40C9AXE"/>
         <property name="deviceName" value="samsung SM-A205F (Android 11)"/>
         <property name="deviceOSVersion" value="11"/>
      </properties>
      <testcase name="Test Cases/Mobile/Scenario/Login/001 - Login dengan username" time="94.154" classname="Test Cases/Mobile/Scenario/Login/001 - Login dengan username" status="PASSED">
         <system-out><![CDATA[2022-01-07 08:02:55 - [TEST_CASE][PASSED] - Test Cases/Mobile/Scenario/Login/001 - Login dengan username: Test Cases/Mobile/Scenario/Login/001 - Login dengan username

2022-01-07 08:02:56 - [TEST_STEP][PASSED] - callTestCase(findTestCase("Mobile/Page/Run App/Run App byID"), [:], STOP_ON_FAILURE): Call Test Case 'Test Cases/Mobile/Page/Run App/Run App byID' successfully

2022-01-07 08:02:56 - [TEST_CASE][PASSED] - Test Cases/Mobile/Page/Run App/Run App byID: Test Cases/Mobile/Page/Run App/Run App byID

2022-01-07 08:02:57 - [TEST_STEP][PASSED] - startApp.OpenApp.startApplication("id.co.miraeasset.sageclub"): startApp.OpenApp.startApplication is PASSED

2022-01-07 08:02:59 - [MESSAGE][INFO] - Appium server started on port 49,868

2022-01-07 08:03:17 - [MESSAGE][PASSED] - Starting app with application ID: 'id.co.miraeasset.sageclub'

2022-01-07 08:03:17 - [MESSAGE][PASSED] - startApp.OpenApp.startApplication is PASSED

2022-01-07 08:03:17 - [MESSAGE][PASSED] - Call Test Case 'Test Cases/Mobile/Page/Run App/Run App byID' successfully

2022-01-07 08:03:17 - [TEST_STEP][PASSED] - callTestCase(findTestCase("Mobile/Page/Login/Login"), ["action":"username"], CONTINUE_ON_FAILURE): Call Test Case 'Test Cases/Mobile/Page/Login/Login' successfully

2022-01-07 08:03:17 - [TEST_CASE][PASSED] - Test Cases/Mobile/Page/Login/Login: Test Cases/Mobile/Page/Login/Login

2022-01-07 08:03:18 - [TEST_STEP][PASSED] - delay(2): Delayed 2 second(s)

2022-01-07 08:03:20 - [MESSAGE][PASSED] - Delayed 2 second(s)

2022-01-07 08:03:20 - [TEST_STEP][PASSED] - for ([i = 0, i < 1, (i++)]): null

2022-01-07 08:03:20 - [TEST_STEP][PASSED] - if (action == "username"): null

2022-01-07 08:03:20 - [TEST_STEP][PASSED] - tap(LOGN_EdtUserID, 0): Tapped on element 'Object Repository/Mobile/Page/Login/Input - UserID'

2022-01-07 08:03:58 - [MESSAGE][WARNING] - Timeout '0' is invalid. Using default page load timeout: '60'

2022-01-07 08:03:59 - [MESSAGE][PASSED] - Tapped on element 'Object Repository/Mobile/Page/Login/Input - UserID'

2022-01-07 08:03:59 - [TEST_STEP][PASSED] - delay(1): Delayed 1 second(s)

2022-01-07 08:04:00 - [MESSAGE][PASSED] - Delayed 1 second(s)

2022-01-07 08:04:00 - [TEST_STEP][PASSED] - setText(LOGN_EdtRdyUserID, "anggaaditya", 0): Text 'anggaaditya' has been set to element 'Object Repository/Mobile/Page/Login/Input Rdy - UserID'

2022-01-07 08:04:00 - [MESSAGE][WARNING] - Timeout '0' is invalid. Using default page load timeout: '60'

2022-01-07 08:04:00 - [MESSAGE][PASSED] - Text 'anggaaditya' has been set to element 'Object Repository/Mobile/Page/Login/Input Rdy - UserID'

2022-01-07 08:04:00 - [TEST_STEP][PASSED] - delay(1): Delayed 1 second(s)

2022-01-07 08:04:01 - [MESSAGE][PASSED] - Delayed 1 second(s)

2022-01-07 08:04:01 - [TEST_STEP][PASSED] - hideKeyboard(): Keyboard is hidden

2022-01-07 08:04:05 - [MESSAGE][PASSED] - Keyboard is hidden

2022-01-07 08:04:05 - [TEST_STEP][PASSED] - tap(LOGN_EdtPassword, 0): Tapped on element 'Object Repository/Mobile/Page/Login/Input - Password'

2022-01-07 08:04:05 - [MESSAGE][WARNING] - Timeout '0' is invalid. Using default page load timeout: '60'

2022-01-07 08:04:06 - [MESSAGE][PASSED] - Tapped on element 'Object Repository/Mobile/Page/Login/Input - Password'

2022-01-07 08:04:06 - [TEST_STEP][PASSED] - delay(1): Delayed 1 second(s)

2022-01-07 08:04:07 - [MESSAGE][PASSED] - Delayed 1 second(s)

2022-01-07 08:04:07 - [TEST_STEP][PASSED] - setText(LOGN_EdtRdyPassword, "Shalawa18", 0): Text 'Shalawa18' has been set to element 'Object Repository/Mobile/Page/Login/Input Rdy - Password'

2022-01-07 08:04:07 - [MESSAGE][WARNING] - Timeout '0' is invalid. Using default page load timeout: '60'

2022-01-07 08:04:07 - [MESSAGE][PASSED] - Text 'Shalawa18' has been set to element 'Object Repository/Mobile/Page/Login/Input Rdy - Password'

2022-01-07 08:04:07 - [TEST_STEP][PASSED] - delay(1): Delayed 1 second(s)

2022-01-07 08:04:08 - [MESSAGE][PASSED] - Delayed 1 second(s)

2022-01-07 08:04:08 - [TEST_STEP][PASSED] - hideKeyboard(): Keyboard is hidden

2022-01-07 08:04:15 - [MESSAGE][PASSED] - Keyboard is hidden

2022-01-07 08:04:15 - [TEST_STEP][PASSED] - tap(LOGN_BtnLogin, 0): Tapped on element 'Object Repository/Mobile/Page/Login/Button - Login'

2022-01-07 08:04:15 - [MESSAGE][WARNING] - Timeout '0' is invalid. Using default page load timeout: '60'

2022-01-07 08:04:16 - [MESSAGE][PASSED] - Tapped on element 'Object Repository/Mobile/Page/Login/Button - Login'

2022-01-07 08:04:16 - [TEST_STEP][PASSED] - delay(2): Delayed 2 second(s)

2022-01-07 08:04:18 - [MESSAGE][PASSED] - Delayed 2 second(s)

2022-01-07 08:04:18 - [TEST_STEP][PASSED] - break: null

2022-01-07 08:04:18 - [MESSAGE][PASSED] - Call Test Case 'Test Cases/Mobile/Page/Login/Login' successfully

2022-01-07 08:04:18 - [TEST_STEP][PASSED] - callTestCase(findTestCase("Mobile/Page/Run App/Terminate App"), [:], STOP_ON_FAILURE): Call Test Case 'Test Cases/Mobile/Page/Run App/Terminate App' successfully

2022-01-07 08:04:18 - [TEST_CASE][PASSED] - Test Cases/Mobile/Page/Run App/Terminate App: Test Cases/Mobile/Page/Run App/Terminate App

2022-01-07 08:04:19 - [TEST_STEP][PASSED] - startApp.OpenApp.terminateApplication(): startApp.OpenApp.terminateApplication is PASSED

2022-01-07 08:04:22 - [MESSAGE][PASSED] - Delayed 3 second(s)

2022-01-07 08:04:22 - [MESSAGE][PASSED] - Current device physical width is 720

2022-01-07 08:04:23 - [MESSAGE][PASSED] - Current device physical height is 1423

2022-01-07 08:04:24 - [MESSAGE][PASSED] - Swiped from 360,853 to 360,142

2022-01-07 08:04:25 - [MESSAGE][PASSED] - Delayed 1 second(s)

2022-01-07 08:04:26 - [MESSAGE][PASSED] - Swiped from 360,853 to 360,142

2022-01-07 08:04:29 - [MESSAGE][PASSED] - Delayed 3 second(s)

2022-01-07 08:04:29 - [MESSAGE][PASSED] - startApp.OpenApp.terminateApplication is PASSED

2022-01-07 08:04:29 - [MESSAGE][PASSED] - Call Test Case 'Test Cases/Mobile/Page/Run App/Terminate App' successfully]]></system-out>
         <system-err><![CDATA[]]></system-err>
      </testcase>
      <testcase name="Test Cases/Mobile/Scenario/Login/002 - Login dengan password salah" time="47.158" classname="Test Cases/Mobile/Scenario/Login/002 - Login dengan password salah" status="PASSED">
         <system-out><![CDATA[2022-01-07 08:04:29 - [TEST_CASE][PASSED] - Test Cases/Mobile/Scenario/Login/002 - Login dengan password salah: Test Cases/Mobile/Scenario/Login/002 - Login dengan password salah

2022-01-07 08:04:30 - [TEST_STEP][PASSED] - callTestCase(findTestCase("Mobile/Page/Run App/Run App byID"), [:], STOP_ON_FAILURE): Call Test Case 'Test Cases/Mobile/Page/Run App/Run App byID' successfully

2022-01-07 08:04:30 - [TEST_CASE][PASSED] - Test Cases/Mobile/Page/Run App/Run App byID: Test Cases/Mobile/Page/Run App/Run App byID

2022-01-07 08:04:30 - [TEST_STEP][PASSED] - startApp.OpenApp.startApplication("id.co.miraeasset.sageclub"): startApp.OpenApp.startApplication is PASSED

2022-01-07 08:04:43 - [MESSAGE][PASSED] - Starting app with application ID: 'id.co.miraeasset.sageclub'

2022-01-07 08:04:43 - [MESSAGE][PASSED] - startApp.OpenApp.startApplication is PASSED

2022-01-07 08:04:43 - [MESSAGE][PASSED] - Call Test Case 'Test Cases/Mobile/Page/Run App/Run App byID' successfully

2022-01-07 08:04:43 - [TEST_STEP][PASSED] - callTestCase(findTestCase("Mobile/Page/Login/Login"), ["action":"wrongpassword"], CONTINUE_ON_FAILURE): Call Test Case 'Test Cases/Mobile/Page/Login/Login' successfully

2022-01-07 08:04:43 - [TEST_CASE][PASSED] - Test Cases/Mobile/Page/Login/Login: Test Cases/Mobile/Page/Login/Login

2022-01-07 08:04:43 - [TEST_STEP][PASSED] - delay(2): Delayed 2 second(s)

2022-01-07 08:04:45 - [MESSAGE][PASSED] - Delayed 2 second(s)

2022-01-07 08:04:45 - [TEST_STEP][PASSED] - for ([i = 0, i < 1, (i++)]): null

2022-01-07 08:04:45 - [TEST_STEP][PASSED] - if (action == "username"): null

2022-01-07 08:04:45 - [TEST_STEP][PASSED] - else if (action == "wrongpassword"): null

2022-01-07 08:04:45 - [TEST_STEP][PASSED] - tap(LOGN_EdtUserID, 0): Tapped on element 'Object Repository/Mobile/Page/Login/Input - UserID'

2022-01-07 08:04:45 - [MESSAGE][WARNING] - Timeout '0' is invalid. Using default page load timeout: '60'

2022-01-07 08:04:46 - [MESSAGE][PASSED] - Tapped on element 'Object Repository/Mobile/Page/Login/Input - UserID'

2022-01-07 08:04:46 - [TEST_STEP][PASSED] - delay(1): Delayed 1 second(s)

2022-01-07 08:04:47 - [MESSAGE][PASSED] - Delayed 1 second(s)

2022-01-07 08:04:47 - [TEST_STEP][PASSED] - setText(LOGN_EdtRdyUserID, "anggaaditya", 0): Text 'anggaaditya' has been set to element 'Object Repository/Mobile/Page/Login/Input Rdy - UserID'

2022-01-07 08:04:47 - [MESSAGE][WARNING] - Timeout '0' is invalid. Using default page load timeout: '60'

2022-01-07 08:04:48 - [MESSAGE][PASSED] - Text 'anggaaditya' has been set to element 'Object Repository/Mobile/Page/Login/Input Rdy - UserID'

2022-01-07 08:04:48 - [TEST_STEP][PASSED] - delay(1): Delayed 1 second(s)

2022-01-07 08:04:49 - [MESSAGE][PASSED] - Delayed 1 second(s)

2022-01-07 08:04:49 - [TEST_STEP][PASSED] - hideKeyboard(): Keyboard is hidden

2022-01-07 08:04:53 - [MESSAGE][PASSED] - Keyboard is hidden

2022-01-07 08:04:53 - [TEST_STEP][PASSED] - tap(LOGN_EdtPassword, 0): Tapped on element 'Object Repository/Mobile/Page/Login/Input - Password'

2022-01-07 08:04:53 - [MESSAGE][WARNING] - Timeout '0' is invalid. Using default page load timeout: '60'

2022-01-07 08:04:53 - [MESSAGE][PASSED] - Tapped on element 'Object Repository/Mobile/Page/Login/Input - Password'

2022-01-07 08:04:53 - [TEST_STEP][PASSED] - delay(1): Delayed 1 second(s)

2022-01-07 08:04:54 - [MESSAGE][PASSED] - Delayed 1 second(s)

2022-01-07 08:04:54 - [TEST_STEP][PASSED] - setText(LOGN_EdtRdyPassword, "Shalawa181", 0): Text 'Shalawa181' has been set to element 'Object Repository/Mobile/Page/Login/Input Rdy - Password'

2022-01-07 08:04:54 - [MESSAGE][WARNING] - Timeout '0' is invalid. Using default page load timeout: '60'

2022-01-07 08:04:55 - [MESSAGE][PASSED] - Text 'Shalawa181' has been set to element 'Object Repository/Mobile/Page/Login/Input Rdy - Password'

2022-01-07 08:04:55 - [TEST_STEP][PASSED] - delay(1): Delayed 1 second(s)

2022-01-07 08:04:56 - [MESSAGE][PASSED] - Delayed 1 second(s)

2022-01-07 08:04:56 - [TEST_STEP][PASSED] - hideKeyboard(): Keyboard is hidden

2022-01-07 08:05:03 - [MESSAGE][PASSED] - Keyboard is hidden

2022-01-07 08:05:03 - [TEST_STEP][PASSED] - tap(LOGN_BtnLogin, 0): Tapped on element 'Object Repository/Mobile/Page/Login/Button - Login'

2022-01-07 08:05:03 - [MESSAGE][WARNING] - Timeout '0' is invalid. Using default page load timeout: '60'

2022-01-07 08:05:04 - [MESSAGE][PASSED] - Tapped on element 'Object Repository/Mobile/Page/Login/Button - Login'

2022-01-07 08:05:04 - [TEST_STEP][PASSED] - delay(2): Delayed 2 second(s)

2022-01-07 08:05:06 - [MESSAGE][PASSED] - Delayed 2 second(s)

2022-01-07 08:05:06 - [TEST_STEP][PASSED] - verify = verifyElementExist(LOGN_AlertInvalidCredentials, 5, STOP_ON_FAILURE): Element 'Object Repository/Mobile/Page/Login/Alert - Invalid credentials' is exist

2022-01-07 08:05:06 - [MESSAGE][PASSED] - Element 'Object Repository/Mobile/Page/Login/Alert - Invalid credentials' is exist

2022-01-07 08:05:06 - [TEST_STEP][PASSED] - break: null

2022-01-07 08:05:06 - [MESSAGE][PASSED] - Call Test Case 'Test Cases/Mobile/Page/Login/Login' successfully

2022-01-07 08:05:06 - [TEST_STEP][PASSED] - callTestCase(findTestCase("Mobile/Page/Run App/Terminate App"), [:], STOP_ON_FAILURE): Call Test Case 'Test Cases/Mobile/Page/Run App/Terminate App' successfully

2022-01-07 08:05:06 - [TEST_CASE][PASSED] - Test Cases/Mobile/Page/Run App/Terminate App: Test Cases/Mobile/Page/Run App/Terminate App

2022-01-07 08:05:06 - [TEST_STEP][PASSED] - startApp.OpenApp.terminateApplication(): startApp.OpenApp.terminateApplication is PASSED

2022-01-07 08:05:09 - [MESSAGE][PASSED] - Delayed 3 second(s)

2022-01-07 08:05:10 - [MESSAGE][PASSED] - Current device physical width is 720

2022-01-07 08:05:10 - [MESSAGE][PASSED] - Current device physical height is 1423

2022-01-07 08:05:11 - [MESSAGE][PASSED] - Swiped from 360,853 to 360,142

2022-01-07 08:05:12 - [MESSAGE][PASSED] - Delayed 1 second(s)

2022-01-07 08:05:14 - [MESSAGE][PASSED] - Swiped from 360,853 to 360,142

2022-01-07 08:05:17 - [MESSAGE][PASSED] - Delayed 3 second(s)

2022-01-07 08:05:17 - [MESSAGE][PASSED] - startApp.OpenApp.terminateApplication is PASSED

2022-01-07 08:05:17 - [MESSAGE][PASSED] - Call Test Case 'Test Cases/Mobile/Page/Run App/Terminate App' successfully]]></system-out>
         <system-err><![CDATA[]]></system-err>
      </testcase>
      <testcase name="Test Cases/Mobile/Scenario/Login/003 - Login tanpa internet" time="61.029" classname="Test Cases/Mobile/Scenario/Login/003 - Login tanpa internet" status="PASSED">
         <system-out><![CDATA[2022-01-07 08:05:17 - [TEST_CASE][PASSED] - Test Cases/Mobile/Scenario/Login/003 - Login tanpa internet: Test Cases/Mobile/Scenario/Login/003 - Login tanpa internet

2022-01-07 08:05:17 - [TEST_STEP][PASSED] - callTestCase(findTestCase("Mobile/Page/Run App/Run App byID"), [:], STOP_ON_FAILURE): Call Test Case 'Test Cases/Mobile/Page/Run App/Run App byID' successfully

2022-01-07 08:05:17 - [TEST_CASE][PASSED] - Test Cases/Mobile/Page/Run App/Run App byID: Test Cases/Mobile/Page/Run App/Run App byID

2022-01-07 08:05:17 - [TEST_STEP][PASSED] - startApp.OpenApp.startApplication("id.co.miraeasset.sageclub"): startApp.OpenApp.startApplication is PASSED

2022-01-07 08:05:30 - [MESSAGE][PASSED] - Starting app with application ID: 'id.co.miraeasset.sageclub'

2022-01-07 08:05:30 - [MESSAGE][PASSED] - startApp.OpenApp.startApplication is PASSED

2022-01-07 08:05:30 - [MESSAGE][PASSED] - Call Test Case 'Test Cases/Mobile/Page/Run App/Run App byID' successfully

2022-01-07 08:05:30 - [TEST_STEP][PASSED] - callTestCase(findTestCase("Mobile/Page/Login/Login"), ["action":"nointernet"], CONTINUE_ON_FAILURE): Call Test Case 'Test Cases/Mobile/Page/Login/Login' successfully

2022-01-07 08:05:30 - [TEST_CASE][PASSED] - Test Cases/Mobile/Page/Login/Login: Test Cases/Mobile/Page/Login/Login

2022-01-07 08:05:31 - [TEST_STEP][PASSED] - delay(2): Delayed 2 second(s)

2022-01-07 08:05:33 - [MESSAGE][PASSED] - Delayed 2 second(s)

2022-01-07 08:05:33 - [TEST_STEP][PASSED] - for ([i = 0, i < 1, (i++)]): null

2022-01-07 08:05:33 - [TEST_STEP][PASSED] - if (action == "username"): null

2022-01-07 08:05:33 - [TEST_STEP][PASSED] - else if (action == "wrongpassword"): null

2022-01-07 08:05:33 - [TEST_STEP][PASSED] - else if (action == "nointernet"): null

2022-01-07 08:05:33 - [TEST_STEP][PASSED] - scroll.scroll.scrollNotificationBar(): scroll.scroll.scrollNotificationBar is PASSED

2022-01-07 08:05:33 - [MESSAGE][PASSED] - Current device physical height is 1423

2022-01-07 08:05:35 - [MESSAGE][PASSED] - Swiped from 50,50 to 50,1,138

2022-01-07 08:05:35 - [MESSAGE][PASSED] - scroll.scroll.scrollNotificationBar is PASSED

2022-01-07 08:05:35 - [TEST_STEP][PASSED] - delay(1): Delayed 1 second(s)

2022-01-07 08:05:36 - [MESSAGE][PASSED] - Delayed 1 second(s)

2022-01-07 08:05:36 - [TEST_STEP][PASSED] - tap(OTHR_BtnWifi, 0): Tapped on element 'Object Repository/Mobile/Page/Others/Button - Wifi'

2022-01-07 08:05:36 - [MESSAGE][WARNING] - Timeout '0' is invalid. Using default page load timeout: '60'

2022-01-07 08:05:37 - [MESSAGE][PASSED] - Tapped on element 'Object Repository/Mobile/Page/Others/Button - Wifi'

2022-01-07 08:05:37 - [TEST_STEP][PASSED] - delay(1): Delayed 1 second(s)

2022-01-07 08:05:38 - [MESSAGE][PASSED] - Delayed 1 second(s)

2022-01-07 08:05:38 - [TEST_STEP][PASSED] - pressBack(): Press back button successfully

2022-01-07 08:05:39 - [MESSAGE][PASSED] - Press back button successfully

2022-01-07 08:05:39 - [TEST_STEP][PASSED] - tap(LOGN_EdtUserID, 0): Tapped on element 'Object Repository/Mobile/Page/Login/Input - UserID'

2022-01-07 08:05:39 - [MESSAGE][WARNING] - Timeout '0' is invalid. Using default page load timeout: '60'

2022-01-07 08:05:41 - [MESSAGE][PASSED] - Tapped on element 'Object Repository/Mobile/Page/Login/Input - UserID'

2022-01-07 08:05:41 - [TEST_STEP][PASSED] - delay(1): Delayed 1 second(s)

2022-01-07 08:05:42 - [MESSAGE][PASSED] - Delayed 1 second(s)

2022-01-07 08:05:42 - [TEST_STEP][PASSED] - setText(LOGN_EdtRdyUserID, "anggaaditya", 0): Text 'anggaaditya' has been set to element 'Object Repository/Mobile/Page/Login/Input Rdy - UserID'

2022-01-07 08:05:42 - [MESSAGE][WARNING] - Timeout '0' is invalid. Using default page load timeout: '60'

2022-01-07 08:05:43 - [MESSAGE][PASSED] - Text 'anggaaditya' has been set to element 'Object Repository/Mobile/Page/Login/Input Rdy - UserID'

2022-01-07 08:05:43 - [TEST_STEP][PASSED] - delay(1): Delayed 1 second(s)

2022-01-07 08:05:44 - [MESSAGE][PASSED] - Delayed 1 second(s)

2022-01-07 08:05:44 - [TEST_STEP][PASSED] - hideKeyboard(): Keyboard is hidden

2022-01-07 08:05:47 - [MESSAGE][PASSED] - Keyboard is hidden

2022-01-07 08:05:47 - [TEST_STEP][PASSED] - tap(LOGN_EdtPassword, 0): Tapped on element 'Object Repository/Mobile/Page/Login/Input - Password'

2022-01-07 08:05:47 - [MESSAGE][WARNING] - Timeout '0' is invalid. Using default page load timeout: '60'

2022-01-07 08:05:48 - [MESSAGE][PASSED] - Tapped on element 'Object Repository/Mobile/Page/Login/Input - Password'

2022-01-07 08:05:48 - [TEST_STEP][PASSED] - delay(1): Delayed 1 second(s)

2022-01-07 08:05:49 - [MESSAGE][PASSED] - Delayed 1 second(s)

2022-01-07 08:05:49 - [TEST_STEP][PASSED] - setText(LOGN_EdtRdyPassword, "Shalawa18", 0): Text 'Shalawa18' has been set to element 'Object Repository/Mobile/Page/Login/Input Rdy - Password'

2022-01-07 08:05:49 - [MESSAGE][WARNING] - Timeout '0' is invalid. Using default page load timeout: '60'

2022-01-07 08:05:49 - [MESSAGE][PASSED] - Text 'Shalawa18' has been set to element 'Object Repository/Mobile/Page/Login/Input Rdy - Password'

2022-01-07 08:05:49 - [TEST_STEP][PASSED] - delay(1): Delayed 1 second(s)

2022-01-07 08:05:50 - [MESSAGE][PASSED] - Delayed 1 second(s)

2022-01-07 08:05:50 - [TEST_STEP][PASSED] - hideKeyboard(): Keyboard is hidden

2022-01-07 08:05:57 - [MESSAGE][PASSED] - Keyboard is hidden

2022-01-07 08:05:57 - [TEST_STEP][PASSED] - tap(LOGN_BtnLogin, 0): Tapped on element 'Object Repository/Mobile/Page/Login/Button - Login'

2022-01-07 08:05:57 - [MESSAGE][WARNING] - Timeout '0' is invalid. Using default page load timeout: '60'

2022-01-07 08:05:59 - [MESSAGE][PASSED] - Tapped on element 'Object Repository/Mobile/Page/Login/Button - Login'

2022-01-07 08:05:59 - [TEST_STEP][PASSED] - delay(2): Delayed 2 second(s)

2022-01-07 08:06:01 - [MESSAGE][PASSED] - Delayed 2 second(s)

2022-01-07 08:06:01 - [TEST_STEP][PASSED] - verify = verifyElementExist(LOGN_AlertCheckYourNetwork, 5, STOP_ON_FAILURE): Element 'Object Repository/Mobile/Page/Login/Alert - Check your network' is exist

2022-01-07 08:06:01 - [MESSAGE][PASSED] - Element 'Object Repository/Mobile/Page/Login/Alert - Check your network' is exist

2022-01-07 08:06:01 - [TEST_STEP][PASSED] - scroll.scroll.scrollNotificationBar(): scroll.scroll.scrollNotificationBar is PASSED

2022-01-07 08:06:01 - [MESSAGE][PASSED] - Current device physical height is 1423

2022-01-07 08:06:03 - [MESSAGE][PASSED] - Swiped from 50,50 to 50,1,138

2022-01-07 08:06:03 - [MESSAGE][PASSED] - scroll.scroll.scrollNotificationBar is PASSED

2022-01-07 08:06:03 - [TEST_STEP][PASSED] - delay(1): Delayed 1 second(s)

2022-01-07 08:06:04 - [MESSAGE][PASSED] - Delayed 1 second(s)

2022-01-07 08:06:04 - [TEST_STEP][PASSED] - tap(OTHR_BtnWifi, 0): Tapped on element 'Object Repository/Mobile/Page/Others/Button - Wifi'

2022-01-07 08:06:04 - [MESSAGE][WARNING] - Timeout '0' is invalid. Using default page load timeout: '60'

2022-01-07 08:06:05 - [MESSAGE][PASSED] - Tapped on element 'Object Repository/Mobile/Page/Others/Button - Wifi'

2022-01-07 08:06:05 - [TEST_STEP][PASSED] - delay(1): Delayed 1 second(s)

2022-01-07 08:06:06 - [MESSAGE][PASSED] - Delayed 1 second(s)

2022-01-07 08:06:06 - [TEST_STEP][PASSED] - pressBack(): Press back button successfully

2022-01-07 08:06:06 - [MESSAGE][PASSED] - Press back button successfully

2022-01-07 08:06:06 - [TEST_STEP][PASSED] - break: null

2022-01-07 08:06:06 - [MESSAGE][PASSED] - Call Test Case 'Test Cases/Mobile/Page/Login/Login' successfully

2022-01-07 08:06:06 - [TEST_STEP][PASSED] - callTestCase(findTestCase("Mobile/Page/Run App/Terminate App"), [:], STOP_ON_FAILURE): Call Test Case 'Test Cases/Mobile/Page/Run App/Terminate App' successfully

2022-01-07 08:06:06 - [TEST_CASE][PASSED] - Test Cases/Mobile/Page/Run App/Terminate App: Test Cases/Mobile/Page/Run App/Terminate App

2022-01-07 08:06:06 - [TEST_STEP][PASSED] - startApp.OpenApp.terminateApplication(): startApp.OpenApp.terminateApplication is PASSED

2022-01-07 08:06:10 - [MESSAGE][PASSED] - Delayed 3 second(s)

2022-01-07 08:06:11 - [MESSAGE][PASSED] - Current device physical width is 720

2022-01-07 08:06:11 - [MESSAGE][PASSED] - Current device physical height is 1423

2022-01-07 08:06:12 - [MESSAGE][PASSED] - Swiped from 360,853 to 360,142

2022-01-07 08:06:13 - [MESSAGE][PASSED] - Delayed 1 second(s)

2022-01-07 08:06:15 - [MESSAGE][PASSED] - Swiped from 360,853 to 360,142

2022-01-07 08:06:18 - [MESSAGE][PASSED] - Delayed 3 second(s)

2022-01-07 08:06:18 - [MESSAGE][PASSED] - startApp.OpenApp.terminateApplication is PASSED

2022-01-07 08:06:18 - [MESSAGE][PASSED] - Call Test Case 'Test Cases/Mobile/Page/Run App/Terminate App' successfully]]></system-out>
         <system-err><![CDATA[]]></system-err>
      </testcase>
      <testcase name="Test Cases/Mobile/Scenario/Login/004 - Login dengan mengaktifkan visible password" time="51.498" classname="Test Cases/Mobile/Scenario/Login/004 - Login dengan mengaktifkan visible password" status="PASSED">
         <system-out><![CDATA[2022-01-07 08:06:18 - [TEST_CASE][PASSED] - Test Cases/Mobile/Scenario/Login/004 - Login dengan mengaktifkan visible password: Test Cases/Mobile/Scenario/Login/004 - Login dengan mengaktifkan visible password

2022-01-07 08:06:18 - [TEST_STEP][PASSED] - callTestCase(findTestCase("Mobile/Page/Run App/Run App byID"), [:], STOP_ON_FAILURE): Call Test Case 'Test Cases/Mobile/Page/Run App/Run App byID' successfully

2022-01-07 08:06:19 - [TEST_CASE][PASSED] - Test Cases/Mobile/Page/Run App/Run App byID: Test Cases/Mobile/Page/Run App/Run App byID

2022-01-07 08:06:19 - [TEST_STEP][PASSED] - startApp.OpenApp.startApplication("id.co.miraeasset.sageclub"): startApp.OpenApp.startApplication is PASSED

2022-01-07 08:06:33 - [MESSAGE][PASSED] - Starting app with application ID: 'id.co.miraeasset.sageclub'

2022-01-07 08:06:33 - [MESSAGE][PASSED] - startApp.OpenApp.startApplication is PASSED

2022-01-07 08:06:33 - [MESSAGE][PASSED] - Call Test Case 'Test Cases/Mobile/Page/Run App/Run App byID' successfully

2022-01-07 08:06:33 - [TEST_STEP][PASSED] - callTestCase(findTestCase("Mobile/Page/Login/Login"), ["action":"visiblepassword"], CONTINUE_ON_FAILURE): Call Test Case 'Test Cases/Mobile/Page/Login/Login' successfully

2022-01-07 08:06:33 - [TEST_CASE][PASSED] - Test Cases/Mobile/Page/Login/Login: Test Cases/Mobile/Page/Login/Login

2022-01-07 08:06:33 - [TEST_STEP][PASSED] - delay(2): Delayed 2 second(s)

2022-01-07 08:06:35 - [MESSAGE][PASSED] - Delayed 2 second(s)

2022-01-07 08:06:35 - [TEST_STEP][PASSED] - for ([i = 0, i < 1, (i++)]): null

2022-01-07 08:06:35 - [TEST_STEP][PASSED] - if (action == "username"): null

2022-01-07 08:06:35 - [TEST_STEP][PASSED] - else if (action == "wrongpassword"): null

2022-01-07 08:06:35 - [TEST_STEP][PASSED] - else if (action == "nointernet"): null

2022-01-07 08:06:35 - [TEST_STEP][PASSED] - else if (action == "visiblepassword"): null

2022-01-07 08:06:35 - [TEST_STEP][PASSED] - tap(LOGN_EdtUserID, 0): Tapped on element 'Object Repository/Mobile/Page/Login/Input - UserID'

2022-01-07 08:06:35 - [MESSAGE][WARNING] - Timeout '0' is invalid. Using default page load timeout: '60'

2022-01-07 08:06:36 - [MESSAGE][PASSED] - Tapped on element 'Object Repository/Mobile/Page/Login/Input - UserID'

2022-01-07 08:06:36 - [TEST_STEP][PASSED] - delay(1): Delayed 1 second(s)

2022-01-07 08:06:37 - [MESSAGE][PASSED] - Delayed 1 second(s)

2022-01-07 08:06:37 - [TEST_STEP][PASSED] - setText(LOGN_EdtRdyUserID, "anggaaditya", 0): Text 'anggaaditya' has been set to element 'Object Repository/Mobile/Page/Login/Input Rdy - UserID'

2022-01-07 08:06:37 - [MESSAGE][WARNING] - Timeout '0' is invalid. Using default page load timeout: '60'

2022-01-07 08:06:38 - [MESSAGE][PASSED] - Text 'anggaaditya' has been set to element 'Object Repository/Mobile/Page/Login/Input Rdy - UserID'

2022-01-07 08:06:38 - [TEST_STEP][PASSED] - delay(1): Delayed 1 second(s)

2022-01-07 08:06:39 - [MESSAGE][PASSED] - Delayed 1 second(s)

2022-01-07 08:06:39 - [TEST_STEP][PASSED] - hideKeyboard(): Keyboard is hidden

2022-01-07 08:06:44 - [MESSAGE][PASSED] - Keyboard is hidden

2022-01-07 08:06:44 - [TEST_STEP][PASSED] - top = getElementTopPosition(LOGN_EdtPassword, 0): Object 'Object Repository/Mobile/Page/Login/Input - Password' has top position '758'

2022-01-07 08:06:45 - [MESSAGE][WARNING] - Timeout '0' is invalid. Using default page load timeout: '60'

2022-01-07 08:06:45 - [MESSAGE][PASSED] - Object 'Object Repository/Mobile/Page/Login/Input - Password' has top position '758'

2022-01-07 08:06:45 - [TEST_STEP][PASSED] - left = getElementLeftPosition(LOGN_EdtPassword, 0): Object 'Object Repository/Mobile/Page/Login/Input - Password' has left position '32'

2022-01-07 08:06:45 - [MESSAGE][WARNING] - Timeout '0' is invalid. Using default page load timeout: '60'

2022-01-07 08:06:45 - [MESSAGE][PASSED] - Object 'Object Repository/Mobile/Page/Login/Input - Password' has left position '32'

2022-01-07 08:06:45 - [TEST_STEP][PASSED] - x = left + getElementWidth(LOGN_EdtPassword, 0) * 0.9: Object 'Object Repository/Mobile/Page/Login/Input - Password' has width: '657'

2022-01-07 08:06:45 - [MESSAGE][WARNING] - Timeout '0' is invalid. Using default page load timeout: '60'

2022-01-07 08:06:45 - [MESSAGE][PASSED] - Object 'Object Repository/Mobile/Page/Login/Input - Password' has width: '657'

2022-01-07 08:06:45 - [TEST_STEP][PASSED] - y = top + getElementHeight(LOGN_EdtPassword, 0) / 2: Object 'Object Repository/Mobile/Page/Login/Input - Password' has height: '84'

2022-01-07 08:06:45 - [MESSAGE][WARNING] - Timeout '0' is invalid. Using default page load timeout: '60'

2022-01-07 08:06:45 - [MESSAGE][PASSED] - Object 'Object Repository/Mobile/Page/Login/Input - Password' has height: '84'

2022-01-07 08:06:45 - [TEST_STEP][PASSED] - tapAtPosition(x, y): Tapped at [623, 800]

2022-01-07 08:06:46 - [MESSAGE][PASSED] - Tapped at [623, 800]

2022-01-07 08:06:46 - [TEST_STEP][PASSED] - delay(1): Delayed 1 second(s)

2022-01-07 08:06:47 - [MESSAGE][PASSED] - Delayed 1 second(s)

2022-01-07 08:06:47 - [TEST_STEP][PASSED] - tap(LOGN_EdtPassword, 0): Tapped on element 'Object Repository/Mobile/Page/Login/Input - Password'

2022-01-07 08:06:47 - [MESSAGE][WARNING] - Timeout '0' is invalid. Using default page load timeout: '60'

2022-01-07 08:06:48 - [MESSAGE][PASSED] - Tapped on element 'Object Repository/Mobile/Page/Login/Input - Password'

2022-01-07 08:06:48 - [TEST_STEP][PASSED] - delay(1): Delayed 1 second(s)

2022-01-07 08:06:49 - [MESSAGE][PASSED] - Delayed 1 second(s)

2022-01-07 08:06:49 - [TEST_STEP][PASSED] - setText(LOGN_EdtRdyPassword, "Shalawa18", 0): Text 'Shalawa18' has been set to element 'Object Repository/Mobile/Page/Login/Input Rdy - Password'

2022-01-07 08:06:49 - [MESSAGE][WARNING] - Timeout '0' is invalid. Using default page load timeout: '60'

2022-01-07 08:06:50 - [MESSAGE][PASSED] - Text 'Shalawa18' has been set to element 'Object Repository/Mobile/Page/Login/Input Rdy - Password'

2022-01-07 08:06:50 - [TEST_STEP][PASSED] - delay(1): Delayed 1 second(s)

2022-01-07 08:06:51 - [MESSAGE][PASSED] - Delayed 1 second(s)

2022-01-07 08:06:51 - [TEST_STEP][PASSED] - hideKeyboard(): Keyboard is hidden

2022-01-07 08:06:56 - [MESSAGE][PASSED] - Keyboard is hidden

2022-01-07 08:06:56 - [TEST_STEP][PASSED] - tap(LOGN_BtnLogin, 0): Tapped on element 'Object Repository/Mobile/Page/Login/Button - Login'

2022-01-07 08:06:56 - [MESSAGE][WARNING] - Timeout '0' is invalid. Using default page load timeout: '60'

2022-01-07 08:06:57 - [MESSAGE][PASSED] - Tapped on element 'Object Repository/Mobile/Page/Login/Button - Login'

2022-01-07 08:06:57 - [TEST_STEP][PASSED] - delay(2): Delayed 2 second(s)

2022-01-07 08:06:59 - [MESSAGE][PASSED] - Delayed 2 second(s)

2022-01-07 08:06:59 - [TEST_STEP][PASSED] - break: null

2022-01-07 08:06:59 - [MESSAGE][PASSED] - Call Test Case 'Test Cases/Mobile/Page/Login/Login' successfully

2022-01-07 08:06:59 - [TEST_STEP][PASSED] - callTestCase(findTestCase("Mobile/Page/Run App/Terminate App"), [:], STOP_ON_FAILURE): Call Test Case 'Test Cases/Mobile/Page/Run App/Terminate App' successfully

2022-01-07 08:06:59 - [TEST_CASE][PASSED] - Test Cases/Mobile/Page/Run App/Terminate App: Test Cases/Mobile/Page/Run App/Terminate App

2022-01-07 08:06:59 - [TEST_STEP][PASSED] - startApp.OpenApp.terminateApplication(): startApp.OpenApp.terminateApplication is PASSED

2022-01-07 08:07:02 - [MESSAGE][PASSED] - Delayed 3 second(s)

2022-01-07 08:07:02 - [MESSAGE][PASSED] - Current device physical width is 720

2022-01-07 08:07:02 - [MESSAGE][PASSED] - Current device physical height is 1423

2022-01-07 08:07:04 - [MESSAGE][PASSED] - Swiped from 360,853 to 360,142

2022-01-07 08:07:05 - [MESSAGE][PASSED] - Delayed 1 second(s)

2022-01-07 08:07:06 - [MESSAGE][PASSED] - Swiped from 360,853 to 360,142

2022-01-07 08:07:09 - [MESSAGE][PASSED] - Delayed 3 second(s)

2022-01-07 08:07:09 - [MESSAGE][PASSED] - startApp.OpenApp.terminateApplication is PASSED

2022-01-07 08:07:09 - [MESSAGE][PASSED] - Call Test Case 'Test Cases/Mobile/Page/Run App/Terminate App' successfully]]></system-out>
         <system-err><![CDATA[]]></system-err>
      </testcase>
      <testcase name="Test Cases/Mobile/Scenario/Login/005 - Login menggunakan username dengan membatalkan fingerprint" time="64.221" classname="Test Cases/Mobile/Scenario/Login/005 - Login menggunakan username dengan membatalkan fingerprint" status="PASSED">
         <system-out><![CDATA[2022-01-07 08:07:09 - [TEST_CASE][PASSED] - Test Cases/Mobile/Scenario/Login/005 - Login menggunakan username dengan membatalkan fingerprint: Test Cases/Mobile/Scenario/Login/005 - Login menggunakan username dengan membatalkan fingerprint

2022-01-07 08:07:10 - [TEST_STEP][PASSED] - callTestCase(findTestCase("Mobile/Page/Run App/Run App byID"), [:], STOP_ON_FAILURE): Call Test Case 'Test Cases/Mobile/Page/Run App/Run App byID' successfully

2022-01-07 08:07:10 - [TEST_CASE][PASSED] - Test Cases/Mobile/Page/Run App/Run App byID: Test Cases/Mobile/Page/Run App/Run App byID

2022-01-07 08:07:10 - [TEST_STEP][PASSED] - startApp.OpenApp.startApplication("id.co.miraeasset.sageclub"): startApp.OpenApp.startApplication is PASSED

2022-01-07 08:07:29 - [MESSAGE][PASSED] - Starting app with application ID: 'id.co.miraeasset.sageclub'

2022-01-07 08:07:29 - [MESSAGE][PASSED] - startApp.OpenApp.startApplication is PASSED

2022-01-07 08:07:29 - [MESSAGE][PASSED] - Call Test Case 'Test Cases/Mobile/Page/Run App/Run App byID' successfully

2022-01-07 08:07:29 - [TEST_STEP][PASSED] - callTestCase(findTestCase("Mobile/Page/Login/Login"), ["action":"cancelfingerprint"], CONTINUE_ON_FAILURE): Call Test Case 'Test Cases/Mobile/Page/Login/Login' successfully

2022-01-07 08:07:29 - [TEST_CASE][PASSED] - Test Cases/Mobile/Page/Login/Login: Test Cases/Mobile/Page/Login/Login

2022-01-07 08:07:29 - [TEST_STEP][PASSED] - delay(2): Delayed 2 second(s)

2022-01-07 08:07:31 - [MESSAGE][PASSED] - Delayed 2 second(s)

2022-01-07 08:07:31 - [TEST_STEP][PASSED] - for ([i = 0, i < 1, (i++)]): Delayed 2 second(s)

2022-01-07 08:07:31 - [TEST_STEP][PASSED] - if (action == "username"): null

2022-01-07 08:07:31 - [TEST_STEP][PASSED] - else if (action == "wrongpassword"): null

2022-01-07 08:07:31 - [TEST_STEP][PASSED] - else if (action == "nointernet"): null

2022-01-07 08:07:31 - [TEST_STEP][PASSED] - else if (action == "visiblepassword"): null

2022-01-07 08:07:31 - [TEST_STEP][PASSED] - else if (action == "cancelfingerprint"): Delayed 2 second(s)

2022-01-07 08:07:31 - [TEST_STEP][PASSED] - tap(LOGN_BtnFingerprint, 0): Tapped on element 'Object Repository/Mobile/Page/Login/Button - Fingerprint'

2022-01-07 08:07:31 - [MESSAGE][WARNING] - Timeout '0' is invalid. Using default page load timeout: '60'

2022-01-07 08:07:32 - [MESSAGE][PASSED] - Tapped on element 'Object Repository/Mobile/Page/Login/Button - Fingerprint'

2022-01-07 08:07:32 - [TEST_STEP][PASSED] - delay(1): Delayed 1 second(s)

2022-01-07 08:07:33 - [MESSAGE][PASSED] - Delayed 1 second(s)

2022-01-07 08:07:33 - [TEST_STEP][PASSED] - pressBack(): Press back button successfully

2022-01-07 08:07:33 - [MESSAGE][PASSED] - Press back button successfully

2022-01-07 08:07:33 - [TEST_STEP][PASSED] - delay(1): Delayed 1 second(s)

2022-01-07 08:07:34 - [MESSAGE][PASSED] - Delayed 1 second(s)

2022-01-07 08:07:34 - [TEST_STEP][PASSED] - tap(LOGN_EdtUserID, 0): Tapped on element 'Object Repository/Mobile/Page/Login/Input - UserID'

2022-01-07 08:07:34 - [MESSAGE][WARNING] - Timeout '0' is invalid. Using default page load timeout: '60'

2022-01-07 08:07:34 - [MESSAGE][PASSED] - Tapped on element 'Object Repository/Mobile/Page/Login/Input - UserID'

2022-01-07 08:07:34 - [TEST_STEP][PASSED] - delay(1): Delayed 1 second(s)

2022-01-07 08:07:35 - [MESSAGE][PASSED] - Delayed 1 second(s)

2022-01-07 08:07:35 - [TEST_STEP][PASSED] - setText(LOGN_EdtRdyUserID, "anggaaditya", 0): Text 'anggaaditya' has been set to element 'Object Repository/Mobile/Page/Login/Input Rdy - UserID'

2022-01-07 08:07:35 - [MESSAGE][WARNING] - Timeout '0' is invalid. Using default page load timeout: '60'

2022-01-07 08:07:37 - [MESSAGE][PASSED] - Text 'anggaaditya' has been set to element 'Object Repository/Mobile/Page/Login/Input Rdy - UserID'

2022-01-07 08:07:37 - [TEST_STEP][PASSED] - delay(1): Delayed 1 second(s)

2022-01-07 08:07:39 - [MESSAGE][PASSED] - Delayed 1 second(s)

2022-01-07 08:07:39 - [TEST_STEP][PASSED] - hideKeyboard(): Keyboard is hidden

2022-01-07 08:07:48 - [MESSAGE][PASSED] - Keyboard is hidden

2022-01-07 08:07:48 - [TEST_STEP][PASSED] - tap(LOGN_EdtPassword, 0): Tapped on element 'Object Repository/Mobile/Page/Login/Input - Password'

2022-01-07 08:07:48 - [MESSAGE][WARNING] - Timeout '0' is invalid. Using default page load timeout: '60'

2022-01-07 08:07:48 - [MESSAGE][PASSED] - Tapped on element 'Object Repository/Mobile/Page/Login/Input - Password'

2022-01-07 08:07:48 - [TEST_STEP][PASSED] - delay(1): Delayed 1 second(s)

2022-01-07 08:07:49 - [MESSAGE][PASSED] - Delayed 1 second(s)

2022-01-07 08:07:49 - [TEST_STEP][PASSED] - setText(LOGN_EdtRdyPassword, "Shalawa18", 0): Text 'Shalawa18' has been set to element 'Object Repository/Mobile/Page/Login/Input Rdy - Password'

2022-01-07 08:07:49 - [MESSAGE][WARNING] - Timeout '0' is invalid. Using default page load timeout: '60'

2022-01-07 08:07:50 - [MESSAGE][PASSED] - Text 'Shalawa18' has been set to element 'Object Repository/Mobile/Page/Login/Input Rdy - Password'

2022-01-07 08:07:50 - [TEST_STEP][PASSED] - delay(1): Delayed 1 second(s)

2022-01-07 08:07:51 - [MESSAGE][PASSED] - Delayed 1 second(s)

2022-01-07 08:07:51 - [TEST_STEP][PASSED] - hideKeyboard(): Keyboard is hidden

2022-01-07 08:07:59 - [MESSAGE][PASSED] - Keyboard is hidden

2022-01-07 08:07:59 - [TEST_STEP][PASSED] - tap(LOGN_BtnLogin, 0): Tapped on element 'Object Repository/Mobile/Page/Login/Button - Login'

2022-01-07 08:07:59 - [MESSAGE][WARNING] - Timeout '0' is invalid. Using default page load timeout: '60'

2022-01-07 08:08:00 - [MESSAGE][PASSED] - Tapped on element 'Object Repository/Mobile/Page/Login/Button - Login'

2022-01-07 08:08:00 - [TEST_STEP][PASSED] - delay(2): Delayed 2 second(s)

2022-01-07 08:08:02 - [MESSAGE][PASSED] - Delayed 2 second(s)

2022-01-07 08:08:02 - [MESSAGE][PASSED] - Call Test Case 'Test Cases/Mobile/Page/Login/Login' successfully

2022-01-07 08:08:02 - [TEST_STEP][PASSED] - callTestCase(findTestCase("Mobile/Page/Run App/Terminate App"), [:], STOP_ON_FAILURE): Call Test Case 'Test Cases/Mobile/Page/Run App/Terminate App' successfully

2022-01-07 08:08:02 - [TEST_CASE][PASSED] - Test Cases/Mobile/Page/Run App/Terminate App: Test Cases/Mobile/Page/Run App/Terminate App

2022-01-07 08:08:02 - [TEST_STEP][PASSED] - startApp.OpenApp.terminateApplication(): startApp.OpenApp.terminateApplication is PASSED

2022-01-07 08:08:06 - [MESSAGE][PASSED] - Delayed 3 second(s)

2022-01-07 08:08:06 - [MESSAGE][PASSED] - Current device physical width is 720

2022-01-07 08:08:07 - [MESSAGE][PASSED] - Current device physical height is 1423

2022-01-07 08:08:08 - [MESSAGE][PASSED] - Swiped from 360,853 to 360,142

2022-01-07 08:08:09 - [MESSAGE][PASSED] - Delayed 1 second(s)

2022-01-07 08:08:10 - [MESSAGE][PASSED] - Swiped from 360,853 to 360,142

2022-01-07 08:08:13 - [MESSAGE][PASSED] - Delayed 3 second(s)

2022-01-07 08:08:13 - [MESSAGE][PASSED] - startApp.OpenApp.terminateApplication is PASSED

2022-01-07 08:08:13 - [MESSAGE][PASSED] - Call Test Case 'Test Cases/Mobile/Page/Run App/Terminate App' successfully]]></system-out>
         <system-err><![CDATA[]]></system-err>
      </testcase>
      <system-out><![CDATA[2022-01-07 08:02:54 - [TEST_SUITE][PASSED] - login: Test Cases/Mobile/Scenario/Login/005 - Login menggunakan username dengan membatalkan fingerprint]]></system-out>
      <system-err><![CDATA[]]></system-err>
   </testsuite>
</testsuites>
