<?xml version="1.0" encoding="UTF-8"?>
<testsuites name="Transaction" time="265.239" tests="6" failures="0" skips="0" errors="0">
   <testsuite name="Transaction" tests="6" failures="0" errors="0" time="265.239" skips="0" timestamp="2021-11-02 15:40:16" hostname="Owner - aldy-tft" id="Test Suites/Transaction">
      <properties>
         <property name="deviceName" value="samsung SM-A205F (Android 11)"/>
         <property name="devicePlatform" value=""/>
         <property name="logFolder" value="C:\\Users\\Owner\\Documents\\kerjaan\\KatalonProject\\qa-katalon-maxfund\\Reports\\20211102_154009\\Transaction\\20211102_154009"/>
         <property name="logFiles" value="C:\\Users\\Owner\\Documents\\kerjaan\\KatalonProject\\qa-katalon-maxfund\\Reports\\20211102_154009\\Transaction\\20211102_154009\\appium.log, C:\\Users\\Owner\\Documents\\kerjaan\\KatalonProject\\qa-katalon-maxfund\\Reports\\20211102_154009\\Transaction\\20211102_154009\\execution0.log"/>
         <property name="attachments" value=""/>
         <property name="hostName" value="Owner - aldy-tft"/>
         <property name="os" value="Windows 10 64bit"/>
         <property name="appiumServerStatus" value="{&quot;value&quot;:{&quot;build&quot;:{&quot;version&quot;:&quot;1.22.0&quot;}},&quot;sessionId&quot;:null,&quot;status&quot;:0}"/>
         <property name="katalonVersion" value="7.9.1.208"/>
         <property name="deviceOS" value="Android"/>
         <property name="appiumVersion" value="1.22.0"/>
         <property name="deviceModel" value="SM-A205F"/>
         <property name="hostAddress" value="192.168.100.6"/>
         <property name="deviceManufacturer" value="samsung"/>
         <property name="deviceId" value="RR8M40C9AXE"/>
         <property name="deviceName" value="samsung SM-A205F (Android 11)"/>
         <property name="deviceOSVersion" value="11"/>
      </properties>
      <testcase name="Test Cases/Mobile/Scenario/Transaction/014 - Melihat notifikasi berdasarkan kategori Profile" time="49.92" classname="Test Cases/Mobile/Scenario/Transaction/014 - Melihat notifikasi berdasarkan kategori Profile" status="PASSED">
         <system-out><![CDATA[2021-11-02 15:40:17 - [TEST_CASE][PASSED] - Test Cases/Mobile/Scenario/Transaction/014 - Melihat notifikasi berdasarkan kategori Profile: Test Cases/Mobile/Scenario/Transaction/014 - Melihat notifikasi berdasarkan kategori Profile

2021-11-02 15:40:17 - [TEST_STEP][PASSED] - callTestCase(findTestCase("Mobile/Page/Run App/Run App byID"), [:], STOP_ON_FAILURE): Call Test Case 'Test Cases/Mobile/Page/Run App/Run App byID' successfully

2021-11-02 15:40:17 - [TEST_CASE][PASSED] - Test Cases/Mobile/Page/Run App/Run App byID: Test Cases/Mobile/Page/Run App/Run App byID

2021-11-02 15:40:18 - [TEST_STEP][PASSED] - startApp.OpenApp.startApplication("com.mirae.maxfund"): startApp.OpenApp.startApplication is PASSED

2021-11-02 15:40:19 - [MESSAGE][INFO] - Appium server started on port 62,482

2021-11-02 15:40:35 - [MESSAGE][PASSED] - Starting app with application ID: 'com.mirae.maxfund'

2021-11-02 15:40:35 - [MESSAGE][PASSED] - startApp.OpenApp.startApplication is PASSED

2021-11-02 15:40:35 - [MESSAGE][PASSED] - Call Test Case 'Test Cases/Mobile/Page/Run App/Run App byID' successfully

2021-11-02 15:40:35 - [TEST_STEP][PASSED] - callTestCase(findTestCase("Mobile/Page/Transaction/Transaction"), ["page":"notification", "tab":"profile", "action":"detail"], STOP_ON_FAILURE): Call Test Case 'Test Cases/Mobile/Page/Transaction/Transaction' successfully

2021-11-02 15:40:35 - [TEST_CASE][PASSED] - Test Cases/Mobile/Page/Transaction/Transaction: Test Cases/Mobile/Page/Transaction/Transaction

2021-11-02 15:40:35 - [TEST_STEP][PASSED] - delay(5): Delayed 5 second(s)

2021-11-02 15:40:40 - [MESSAGE][PASSED] - Delayed 5 second(s)

2021-11-02 15:40:40 - [TEST_STEP][PASSED] - loginCheck = verifyElementExist(findTestObject("Object Repository/Mobile/Page/Dashboard/Button - Login"), 2, CONTINUE_ON_FAILURE): Element 'Object Repository/Mobile/Page/Dashboard/Button - Login' is exist

2021-11-02 15:40:41 - [MESSAGE][PASSED] - Element 'Object Repository/Mobile/Page/Dashboard/Button - Login' is exist

2021-11-02 15:40:41 - [TEST_STEP][PASSED] - if (loginCheck): Delayed 3 second(s)

2021-11-02 15:40:41 - [TEST_STEP][PASSED] - tap(findTestObject("Object Repository/Mobile/Page/Dashboard/Button - Login"), 0): Tapped on element 'Object Repository/Mobile/Page/Dashboard/Button - Login'

2021-11-02 15:40:41 - [MESSAGE][WARNING] - Timeout '0' is invalid. Using default page load timeout: '60'

2021-11-02 15:40:42 - [MESSAGE][PASSED] - Tapped on element 'Object Repository/Mobile/Page/Dashboard/Button - Login'

2021-11-02 15:40:42 - [TEST_STEP][PASSED] - tap(findTestObject("Object Repository/Mobile/Page/Login/Input - UserID or Email"), 0): Tapped on element 'Object Repository/Mobile/Page/Login/Input - UserID or Email'

2021-11-02 15:40:42 - [MESSAGE][WARNING] - Timeout '0' is invalid. Using default page load timeout: '60'

2021-11-02 15:40:43 - [MESSAGE][PASSED] - Tapped on element 'Object Repository/Mobile/Page/Login/Input - UserID or Email'

2021-11-02 15:40:43 - [TEST_STEP][PASSED] - setText(findTestObject("Object Repository/Mobile/Page/Login/Input - UserID or Email"), "ady.pangerang@gmail.com", 0): Text 'ady.pangerang@gmail.com' has been set to element 'Object Repository/Mobile/Page/Login/Input - UserID or Email'

2021-11-02 15:40:43 - [MESSAGE][WARNING] - Timeout '0' is invalid. Using default page load timeout: '60'

2021-11-02 15:40:45 - [MESSAGE][PASSED] - Text 'ady.pangerang@gmail.com' has been set to element 'Object Repository/Mobile/Page/Login/Input - UserID or Email'

2021-11-02 15:40:45 - [TEST_STEP][PASSED] - tap(findTestObject("Object Repository/Mobile/Page/Login/Input - Password"), 0): Tapped on element 'Object Repository/Mobile/Page/Login/Input - Password'

2021-11-02 15:40:45 - [MESSAGE][WARNING] - Timeout '0' is invalid. Using default page load timeout: '60'

2021-11-02 15:40:46 - [MESSAGE][PASSED] - Tapped on element 'Object Repository/Mobile/Page/Login/Input - Password'

2021-11-02 15:40:46 - [TEST_STEP][PASSED] - setText(findTestObject("Object Repository/Mobile/Page/Login/Input - Password"), "Mirae1234", 0): Text 'Mirae1234' has been set to element 'Object Repository/Mobile/Page/Login/Input - Password'

2021-11-02 15:40:46 - [MESSAGE][WARNING] - Timeout '0' is invalid. Using default page load timeout: '60'

2021-11-02 15:40:47 - [MESSAGE][PASSED] - Text 'Mirae1234' has been set to element 'Object Repository/Mobile/Page/Login/Input - Password'

2021-11-02 15:40:47 - [TEST_STEP][PASSED] - tap(findTestObject("Object Repository/Mobile/Page/Login/Button - Sign In"), 0): Tapped on element 'Object Repository/Mobile/Page/Login/Button - Sign In'

2021-11-02 15:40:47 - [MESSAGE][WARNING] - Timeout '0' is invalid. Using default page load timeout: '60'

2021-11-02 15:40:48 - [MESSAGE][PASSED] - Tapped on element 'Object Repository/Mobile/Page/Login/Button - Sign In'

2021-11-02 15:40:48 - [TEST_STEP][PASSED] - delay(3): Delayed 3 second(s)

2021-11-02 15:40:51 - [MESSAGE][PASSED] - Delayed 3 second(s)

2021-11-02 15:40:51 - [TEST_STEP][PASSED] - if (page == "cart"): null

2021-11-02 15:40:51 - [TEST_STEP][PASSED] - tap(findTestObject("Object Repository/Mobile/Page/Transaction/Button - Menubar Transaction"), 0): Tapped on element 'Object Repository/Mobile/Page/Transaction/Button - Menubar Transaction'

2021-11-02 15:40:51 - [MESSAGE][WARNING] - Timeout '0' is invalid. Using default page load timeout: '60'

2021-11-02 15:40:52 - [MESSAGE][PASSED] - Tapped on element 'Object Repository/Mobile/Page/Transaction/Button - Menubar Transaction'

2021-11-02 15:40:52 - [TEST_STEP][PASSED] - delay(1): Delayed 1 second(s)

2021-11-02 15:40:53 - [MESSAGE][PASSED] - Delayed 1 second(s)

2021-11-02 15:40:53 - [TEST_STEP][PASSED] - if (page == "onprocess"): null

2021-11-02 15:40:53 - [TEST_STEP][PASSED] - else if (page == "history"): null

2021-11-02 15:40:53 - [TEST_STEP][PASSED] - else if (page == "cart"): null

2021-11-02 15:40:53 - [TEST_STEP][PASSED] - else if (page == "notification"): null

2021-11-02 15:40:53 - [TEST_STEP][PASSED] - tapAndHold(findTestObject("Object Repository/Mobile/Page/Transaction/Button - Icon Notification"), 1, 0): Tapped and held on element 'Object Repository/Mobile/Page/Transaction/Button - Icon Notification' with duration 1

2021-11-02 15:40:54 - [MESSAGE][WARNING] - Timeout '0' is invalid. Using default page load timeout: '60'

2021-11-02 15:40:56 - [MESSAGE][PASSED] - Tapped and held on element 'Object Repository/Mobile/Page/Transaction/Button - Icon Notification' with duration 1

2021-11-02 15:40:56 - [TEST_STEP][PASSED] - if (action == "profile"): null

2021-11-02 15:40:56 - [MESSAGE][PASSED] - Call Test Case 'Test Cases/Mobile/Page/Transaction/Transaction' successfully

2021-11-02 15:40:56 - [TEST_STEP][PASSED] - callTestCase(findTestCase("Mobile/Page/Run App/Terminate App"), [:], STOP_ON_FAILURE): Call Test Case 'Test Cases/Mobile/Page/Run App/Terminate App' successfully

2021-11-02 15:40:56 - [TEST_CASE][PASSED] - Test Cases/Mobile/Page/Run App/Terminate App: Test Cases/Mobile/Page/Run App/Terminate App

2021-11-02 15:40:57 - [TEST_STEP][PASSED] - startApp.OpenApp.terminateApplication(): startApp.OpenApp.terminateApplication is PASSED

2021-11-02 15:41:00 - [MESSAGE][PASSED] - Delayed 3 second(s)

2021-11-02 15:41:00 - [MESSAGE][PASSED] - Current device physical width is 720

2021-11-02 15:41:00 - [MESSAGE][PASSED] - Current device physical height is 1423

2021-11-02 15:41:01 - [MESSAGE][PASSED] - Swiped from 360,853 to 360,142

2021-11-02 15:41:02 - [MESSAGE][PASSED] - Delayed 1 second(s)

2021-11-02 15:41:04 - [MESSAGE][PASSED] - Swiped from 360,853 to 360,142

2021-11-02 15:41:07 - [MESSAGE][PASSED] - Delayed 3 second(s)

2021-11-02 15:41:07 - [MESSAGE][PASSED] - startApp.OpenApp.terminateApplication is PASSED

2021-11-02 15:41:07 - [MESSAGE][PASSED] - Call Test Case 'Test Cases/Mobile/Page/Run App/Terminate App' successfully]]></system-out>
         <system-err><![CDATA[]]></system-err>
      </testcase>
      <testcase name="Test Cases/Mobile/Scenario/Transaction/015 - Melihat notifikasi berdasarkan kategori System" time="43.595" classname="Test Cases/Mobile/Scenario/Transaction/015 - Melihat notifikasi berdasarkan kategori System" status="PASSED">
         <system-out><![CDATA[2021-11-02 15:41:07 - [TEST_CASE][PASSED] - Test Cases/Mobile/Scenario/Transaction/015 - Melihat notifikasi berdasarkan kategori System: Test Cases/Mobile/Scenario/Transaction/015 - Melihat notifikasi berdasarkan kategori System

2021-11-02 15:41:07 - [TEST_STEP][PASSED] - callTestCase(findTestCase("Mobile/Page/Run App/Run App byID"), [:], STOP_ON_FAILURE): Call Test Case 'Test Cases/Mobile/Page/Run App/Run App byID' successfully

2021-11-02 15:41:07 - [TEST_CASE][PASSED] - Test Cases/Mobile/Page/Run App/Run App byID: Test Cases/Mobile/Page/Run App/Run App byID

2021-11-02 15:41:07 - [TEST_STEP][PASSED] - startApp.OpenApp.startApplication("com.mirae.maxfund"): startApp.OpenApp.startApplication is PASSED

2021-11-02 15:41:20 - [MESSAGE][PASSED] - Starting app with application ID: 'com.mirae.maxfund'

2021-11-02 15:41:20 - [MESSAGE][PASSED] - startApp.OpenApp.startApplication is PASSED

2021-11-02 15:41:20 - [MESSAGE][PASSED] - Call Test Case 'Test Cases/Mobile/Page/Run App/Run App byID' successfully

2021-11-02 15:41:20 - [TEST_STEP][PASSED] - callTestCase(findTestCase("Mobile/Page/Transaction/Transaction"), ["page":"notification", "tab":"system", "action":"detail"], STOP_ON_FAILURE): Call Test Case 'Test Cases/Mobile/Page/Transaction/Transaction' successfully

2021-11-02 15:41:20 - [TEST_CASE][PASSED] - Test Cases/Mobile/Page/Transaction/Transaction: Test Cases/Mobile/Page/Transaction/Transaction

2021-11-02 15:41:20 - [TEST_STEP][PASSED] - delay(5): Delayed 5 second(s)

2021-11-02 15:41:25 - [MESSAGE][PASSED] - Delayed 5 second(s)

2021-11-02 15:41:25 - [TEST_STEP][PASSED] - loginCheck = verifyElementExist(findTestObject("Object Repository/Mobile/Page/Dashboard/Button - Login"), 2, CONTINUE_ON_FAILURE): Element 'Object Repository/Mobile/Page/Dashboard/Button - Login' is exist

2021-11-02 15:41:25 - [MESSAGE][PASSED] - Element 'Object Repository/Mobile/Page/Dashboard/Button - Login' is exist

2021-11-02 15:41:25 - [TEST_STEP][PASSED] - if (loginCheck): Delayed 3 second(s)

2021-11-02 15:41:25 - [TEST_STEP][PASSED] - tap(findTestObject("Object Repository/Mobile/Page/Dashboard/Button - Login"), 0): Tapped on element 'Object Repository/Mobile/Page/Dashboard/Button - Login'

2021-11-02 15:41:25 - [MESSAGE][WARNING] - Timeout '0' is invalid. Using default page load timeout: '60'

2021-11-02 15:41:27 - [MESSAGE][PASSED] - Tapped on element 'Object Repository/Mobile/Page/Dashboard/Button - Login'

2021-11-02 15:41:27 - [TEST_STEP][PASSED] - tap(findTestObject("Object Repository/Mobile/Page/Login/Input - UserID or Email"), 0): Tapped on element 'Object Repository/Mobile/Page/Login/Input - UserID or Email'

2021-11-02 15:41:27 - [MESSAGE][WARNING] - Timeout '0' is invalid. Using default page load timeout: '60'

2021-11-02 15:41:27 - [MESSAGE][PASSED] - Tapped on element 'Object Repository/Mobile/Page/Login/Input - UserID or Email'

2021-11-02 15:41:27 - [TEST_STEP][PASSED] - setText(findTestObject("Object Repository/Mobile/Page/Login/Input - UserID or Email"), "ady.pangerang@gmail.com", 0): Text 'ady.pangerang@gmail.com' has been set to element 'Object Repository/Mobile/Page/Login/Input - UserID or Email'

2021-11-02 15:41:27 - [MESSAGE][WARNING] - Timeout '0' is invalid. Using default page load timeout: '60'

2021-11-02 15:41:29 - [MESSAGE][PASSED] - Text 'ady.pangerang@gmail.com' has been set to element 'Object Repository/Mobile/Page/Login/Input - UserID or Email'

2021-11-02 15:41:29 - [TEST_STEP][PASSED] - tap(findTestObject("Object Repository/Mobile/Page/Login/Input - Password"), 0): Tapped on element 'Object Repository/Mobile/Page/Login/Input - Password'

2021-11-02 15:41:29 - [MESSAGE][WARNING] - Timeout '0' is invalid. Using default page load timeout: '60'

2021-11-02 15:41:30 - [MESSAGE][PASSED] - Tapped on element 'Object Repository/Mobile/Page/Login/Input - Password'

2021-11-02 15:41:30 - [TEST_STEP][PASSED] - setText(findTestObject("Object Repository/Mobile/Page/Login/Input - Password"), "Mirae1234", 0): Text 'Mirae1234' has been set to element 'Object Repository/Mobile/Page/Login/Input - Password'

2021-11-02 15:41:30 - [MESSAGE][WARNING] - Timeout '0' is invalid. Using default page load timeout: '60'

2021-11-02 15:41:31 - [MESSAGE][PASSED] - Text 'Mirae1234' has been set to element 'Object Repository/Mobile/Page/Login/Input - Password'

2021-11-02 15:41:31 - [TEST_STEP][PASSED] - tap(findTestObject("Object Repository/Mobile/Page/Login/Button - Sign In"), 0): Tapped on element 'Object Repository/Mobile/Page/Login/Button - Sign In'

2021-11-02 15:41:31 - [MESSAGE][WARNING] - Timeout '0' is invalid. Using default page load timeout: '60'

2021-11-02 15:41:32 - [MESSAGE][PASSED] - Tapped on element 'Object Repository/Mobile/Page/Login/Button - Sign In'

2021-11-02 15:41:32 - [TEST_STEP][PASSED] - delay(3): Delayed 3 second(s)

2021-11-02 15:41:35 - [MESSAGE][PASSED] - Delayed 3 second(s)

2021-11-02 15:41:35 - [TEST_STEP][PASSED] - if (page == "cart"): null

2021-11-02 15:41:35 - [TEST_STEP][PASSED] - tap(findTestObject("Object Repository/Mobile/Page/Transaction/Button - Menubar Transaction"), 0): Tapped on element 'Object Repository/Mobile/Page/Transaction/Button - Menubar Transaction'

2021-11-02 15:41:35 - [MESSAGE][WARNING] - Timeout '0' is invalid. Using default page load timeout: '60'

2021-11-02 15:41:36 - [MESSAGE][PASSED] - Tapped on element 'Object Repository/Mobile/Page/Transaction/Button - Menubar Transaction'

2021-11-02 15:41:36 - [TEST_STEP][PASSED] - delay(1): Delayed 1 second(s)

2021-11-02 15:41:37 - [MESSAGE][PASSED] - Delayed 1 second(s)

2021-11-02 15:41:37 - [TEST_STEP][PASSED] - if (page == "onprocess"): null

2021-11-02 15:41:37 - [TEST_STEP][PASSED] - else if (page == "history"): null

2021-11-02 15:41:37 - [TEST_STEP][PASSED] - else if (page == "cart"): null

2021-11-02 15:41:37 - [TEST_STEP][PASSED] - else if (page == "notification"): null

2021-11-02 15:41:37 - [TEST_STEP][PASSED] - tapAndHold(findTestObject("Object Repository/Mobile/Page/Transaction/Button - Icon Notification"), 1, 0): Tapped and held on element 'Object Repository/Mobile/Page/Transaction/Button - Icon Notification' with duration 1

2021-11-02 15:41:37 - [MESSAGE][WARNING] - Timeout '0' is invalid. Using default page load timeout: '60'

2021-11-02 15:41:40 - [MESSAGE][PASSED] - Tapped and held on element 'Object Repository/Mobile/Page/Transaction/Button - Icon Notification' with duration 1

2021-11-02 15:41:40 - [TEST_STEP][PASSED] - if (action == "profile"): null

2021-11-02 15:41:40 - [MESSAGE][PASSED] - Call Test Case 'Test Cases/Mobile/Page/Transaction/Transaction' successfully

2021-11-02 15:41:40 - [TEST_STEP][PASSED] - callTestCase(findTestCase("Mobile/Page/Run App/Terminate App"), [:], STOP_ON_FAILURE): Call Test Case 'Test Cases/Mobile/Page/Run App/Terminate App' successfully

2021-11-02 15:41:40 - [TEST_CASE][PASSED] - Test Cases/Mobile/Page/Run App/Terminate App: Test Cases/Mobile/Page/Run App/Terminate App

2021-11-02 15:41:40 - [TEST_STEP][PASSED] - startApp.OpenApp.terminateApplication(): startApp.OpenApp.terminateApplication is PASSED

2021-11-02 15:41:43 - [MESSAGE][PASSED] - Delayed 3 second(s)

2021-11-02 15:41:44 - [MESSAGE][PASSED] - Current device physical width is 720

2021-11-02 15:41:44 - [MESSAGE][PASSED] - Current device physical height is 1423

2021-11-02 15:41:45 - [MESSAGE][PASSED] - Swiped from 360,853 to 360,142

2021-11-02 15:41:46 - [MESSAGE][PASSED] - Delayed 1 second(s)

2021-11-02 15:41:47 - [MESSAGE][PASSED] - Swiped from 360,853 to 360,142

2021-11-02 15:41:50 - [MESSAGE][PASSED] - Delayed 3 second(s)

2021-11-02 15:41:50 - [MESSAGE][PASSED] - startApp.OpenApp.terminateApplication is PASSED

2021-11-02 15:41:50 - [MESSAGE][PASSED] - Call Test Case 'Test Cases/Mobile/Page/Run App/Terminate App' successfully]]></system-out>
         <system-err><![CDATA[]]></system-err>
      </testcase>
      <testcase name="Test Cases/Mobile/Scenario/Transaction/016 - Melihat notifikasi berdasarkan kategori Transaksi" time="41.272" classname="Test Cases/Mobile/Scenario/Transaction/016 - Melihat notifikasi berdasarkan kategori Transaksi" status="PASSED">
         <system-out><![CDATA[2021-11-02 15:41:50 - [TEST_CASE][PASSED] - Test Cases/Mobile/Scenario/Transaction/016 - Melihat notifikasi berdasarkan kategori Transaksi: Test Cases/Mobile/Scenario/Transaction/016 - Melihat notifikasi berdasarkan kategori Transaksi

2021-11-02 15:41:51 - [TEST_STEP][PASSED] - callTestCase(findTestCase("Mobile/Page/Run App/Run App byID"), [:], STOP_ON_FAILURE): Call Test Case 'Test Cases/Mobile/Page/Run App/Run App byID' successfully

2021-11-02 15:41:51 - [TEST_CASE][PASSED] - Test Cases/Mobile/Page/Run App/Run App byID: Test Cases/Mobile/Page/Run App/Run App byID

2021-11-02 15:41:51 - [TEST_STEP][PASSED] - startApp.OpenApp.startApplication("com.mirae.maxfund"): startApp.OpenApp.startApplication is PASSED

2021-11-02 15:42:02 - [MESSAGE][PASSED] - Starting app with application ID: 'com.mirae.maxfund'

2021-11-02 15:42:02 - [MESSAGE][PASSED] - startApp.OpenApp.startApplication is PASSED

2021-11-02 15:42:02 - [MESSAGE][PASSED] - Call Test Case 'Test Cases/Mobile/Page/Run App/Run App byID' successfully

2021-11-02 15:42:02 - [TEST_STEP][PASSED] - callTestCase(findTestCase("Mobile/Page/Transaction/Transaction"), ["page":"notification", "tab":"transaction", "action":"detail"], STOP_ON_FAILURE): Call Test Case 'Test Cases/Mobile/Page/Transaction/Transaction' successfully

2021-11-02 15:42:02 - [TEST_CASE][PASSED] - Test Cases/Mobile/Page/Transaction/Transaction: Test Cases/Mobile/Page/Transaction/Transaction

2021-11-02 15:42:02 - [TEST_STEP][PASSED] - delay(5): Delayed 5 second(s)

2021-11-02 15:42:07 - [MESSAGE][PASSED] - Delayed 5 second(s)

2021-11-02 15:42:07 - [TEST_STEP][PASSED] - loginCheck = verifyElementExist(findTestObject("Object Repository/Mobile/Page/Dashboard/Button - Login"), 2, CONTINUE_ON_FAILURE): Element 'Object Repository/Mobile/Page/Dashboard/Button - Login' is exist

2021-11-02 15:42:07 - [MESSAGE][PASSED] - Element 'Object Repository/Mobile/Page/Dashboard/Button - Login' is exist

2021-11-02 15:42:07 - [TEST_STEP][PASSED] - if (loginCheck): Delayed 3 second(s)

2021-11-02 15:42:07 - [TEST_STEP][PASSED] - tap(findTestObject("Object Repository/Mobile/Page/Dashboard/Button - Login"), 0): Tapped on element 'Object Repository/Mobile/Page/Dashboard/Button - Login'

2021-11-02 15:42:07 - [MESSAGE][WARNING] - Timeout '0' is invalid. Using default page load timeout: '60'

2021-11-02 15:42:08 - [MESSAGE][PASSED] - Tapped on element 'Object Repository/Mobile/Page/Dashboard/Button - Login'

2021-11-02 15:42:08 - [TEST_STEP][PASSED] - tap(findTestObject("Object Repository/Mobile/Page/Login/Input - UserID or Email"), 0): Tapped on element 'Object Repository/Mobile/Page/Login/Input - UserID or Email'

2021-11-02 15:42:08 - [MESSAGE][WARNING] - Timeout '0' is invalid. Using default page load timeout: '60'

2021-11-02 15:42:09 - [MESSAGE][PASSED] - Tapped on element 'Object Repository/Mobile/Page/Login/Input - UserID or Email'

2021-11-02 15:42:09 - [TEST_STEP][PASSED] - setText(findTestObject("Object Repository/Mobile/Page/Login/Input - UserID or Email"), "ady.pangerang@gmail.com", 0): Text 'ady.pangerang@gmail.com' has been set to element 'Object Repository/Mobile/Page/Login/Input - UserID or Email'

2021-11-02 15:42:09 - [MESSAGE][WARNING] - Timeout '0' is invalid. Using default page load timeout: '60'

2021-11-02 15:42:11 - [MESSAGE][PASSED] - Text 'ady.pangerang@gmail.com' has been set to element 'Object Repository/Mobile/Page/Login/Input - UserID or Email'

2021-11-02 15:42:11 - [TEST_STEP][PASSED] - tap(findTestObject("Object Repository/Mobile/Page/Login/Input - Password"), 0): Tapped on element 'Object Repository/Mobile/Page/Login/Input - Password'

2021-11-02 15:42:11 - [MESSAGE][WARNING] - Timeout '0' is invalid. Using default page load timeout: '60'

2021-11-02 15:42:11 - [MESSAGE][PASSED] - Tapped on element 'Object Repository/Mobile/Page/Login/Input - Password'

2021-11-02 15:42:11 - [TEST_STEP][PASSED] - setText(findTestObject("Object Repository/Mobile/Page/Login/Input - Password"), "Mirae1234", 0): Text 'Mirae1234' has been set to element 'Object Repository/Mobile/Page/Login/Input - Password'

2021-11-02 15:42:12 - [MESSAGE][WARNING] - Timeout '0' is invalid. Using default page load timeout: '60'

2021-11-02 15:42:12 - [MESSAGE][PASSED] - Text 'Mirae1234' has been set to element 'Object Repository/Mobile/Page/Login/Input - Password'

2021-11-02 15:42:12 - [TEST_STEP][PASSED] - tap(findTestObject("Object Repository/Mobile/Page/Login/Button - Sign In"), 0): Tapped on element 'Object Repository/Mobile/Page/Login/Button - Sign In'

2021-11-02 15:42:13 - [MESSAGE][WARNING] - Timeout '0' is invalid. Using default page load timeout: '60'

2021-11-02 15:42:13 - [MESSAGE][PASSED] - Tapped on element 'Object Repository/Mobile/Page/Login/Button - Sign In'

2021-11-02 15:42:13 - [TEST_STEP][PASSED] - delay(3): Delayed 3 second(s)

2021-11-02 15:42:16 - [MESSAGE][PASSED] - Delayed 3 second(s)

2021-11-02 15:42:16 - [TEST_STEP][PASSED] - if (page == "cart"): null

2021-11-02 15:42:16 - [TEST_STEP][PASSED] - tap(findTestObject("Object Repository/Mobile/Page/Transaction/Button - Menubar Transaction"), 0): Tapped on element 'Object Repository/Mobile/Page/Transaction/Button - Menubar Transaction'

2021-11-02 15:42:16 - [MESSAGE][WARNING] - Timeout '0' is invalid. Using default page load timeout: '60'

2021-11-02 15:42:18 - [MESSAGE][PASSED] - Tapped on element 'Object Repository/Mobile/Page/Transaction/Button - Menubar Transaction'

2021-11-02 15:42:18 - [TEST_STEP][PASSED] - delay(1): Delayed 1 second(s)

2021-11-02 15:42:19 - [MESSAGE][PASSED] - Delayed 1 second(s)

2021-11-02 15:42:19 - [TEST_STEP][PASSED] - if (page == "onprocess"): null

2021-11-02 15:42:19 - [TEST_STEP][PASSED] - else if (page == "history"): null

2021-11-02 15:42:19 - [TEST_STEP][PASSED] - else if (page == "cart"): null

2021-11-02 15:42:19 - [TEST_STEP][PASSED] - else if (page == "notification"): null

2021-11-02 15:42:19 - [TEST_STEP][PASSED] - tapAndHold(findTestObject("Object Repository/Mobile/Page/Transaction/Button - Icon Notification"), 1, 0): Tapped and held on element 'Object Repository/Mobile/Page/Transaction/Button - Icon Notification' with duration 1

2021-11-02 15:42:19 - [MESSAGE][WARNING] - Timeout '0' is invalid. Using default page load timeout: '60'

2021-11-02 15:42:22 - [MESSAGE][PASSED] - Tapped and held on element 'Object Repository/Mobile/Page/Transaction/Button - Icon Notification' with duration 1

2021-11-02 15:42:22 - [TEST_STEP][PASSED] - if (action == "profile"): null

2021-11-02 15:42:22 - [MESSAGE][PASSED] - Call Test Case 'Test Cases/Mobile/Page/Transaction/Transaction' successfully

2021-11-02 15:42:22 - [TEST_STEP][PASSED] - callTestCase(findTestCase("Mobile/Page/Run App/Terminate App"), [:], STOP_ON_FAILURE): Call Test Case 'Test Cases/Mobile/Page/Run App/Terminate App' successfully

2021-11-02 15:42:22 - [TEST_CASE][PASSED] - Test Cases/Mobile/Page/Run App/Terminate App: Test Cases/Mobile/Page/Run App/Terminate App

2021-11-02 15:42:22 - [TEST_STEP][PASSED] - startApp.OpenApp.terminateApplication(): startApp.OpenApp.terminateApplication is PASSED

2021-11-02 15:42:25 - [MESSAGE][PASSED] - Delayed 3 second(s)

2021-11-02 15:42:25 - [MESSAGE][PASSED] - Current device physical width is 720

2021-11-02 15:42:25 - [MESSAGE][PASSED] - Current device physical height is 1423

2021-11-02 15:42:26 - [MESSAGE][PASSED] - Swiped from 360,853 to 360,142

2021-11-02 15:42:27 - [MESSAGE][PASSED] - Delayed 1 second(s)

2021-11-02 15:42:29 - [MESSAGE][PASSED] - Swiped from 360,853 to 360,142

2021-11-02 15:42:32 - [MESSAGE][PASSED] - Delayed 3 second(s)

2021-11-02 15:42:32 - [MESSAGE][PASSED] - startApp.OpenApp.terminateApplication is PASSED

2021-11-02 15:42:32 - [MESSAGE][PASSED] - Call Test Case 'Test Cases/Mobile/Page/Run App/Terminate App' successfully]]></system-out>
         <system-err><![CDATA[]]></system-err>
      </testcase>
      <testcase name="Test Cases/Mobile/Scenario/Transaction/017 - Melihat notifikasi berdasarkan kategori Promo" time="44.189" classname="Test Cases/Mobile/Scenario/Transaction/017 - Melihat notifikasi berdasarkan kategori Promo" status="PASSED">
         <system-out><![CDATA[2021-11-02 15:42:32 - [TEST_CASE][PASSED] - Test Cases/Mobile/Scenario/Transaction/017 - Melihat notifikasi berdasarkan kategori Promo: Test Cases/Mobile/Scenario/Transaction/017 - Melihat notifikasi berdasarkan kategori Promo

2021-11-02 15:42:32 - [TEST_STEP][PASSED] - callTestCase(findTestCase("Mobile/Page/Run App/Run App byID"), [:], STOP_ON_FAILURE): Call Test Case 'Test Cases/Mobile/Page/Run App/Run App byID' successfully

2021-11-02 15:42:32 - [TEST_CASE][PASSED] - Test Cases/Mobile/Page/Run App/Run App byID: Test Cases/Mobile/Page/Run App/Run App byID

2021-11-02 15:42:32 - [TEST_STEP][PASSED] - startApp.OpenApp.startApplication("com.mirae.maxfund"): startApp.OpenApp.startApplication is PASSED

2021-11-02 15:42:43 - [MESSAGE][PASSED] - Starting app with application ID: 'com.mirae.maxfund'

2021-11-02 15:42:43 - [MESSAGE][PASSED] - startApp.OpenApp.startApplication is PASSED

2021-11-02 15:42:43 - [MESSAGE][PASSED] - Call Test Case 'Test Cases/Mobile/Page/Run App/Run App byID' successfully

2021-11-02 15:42:43 - [TEST_STEP][PASSED] - callTestCase(findTestCase("Mobile/Page/Transaction/Transaction"), ["page":"notification", "tab":"promo", "action":"detail"], STOP_ON_FAILURE): Call Test Case 'Test Cases/Mobile/Page/Transaction/Transaction' successfully

2021-11-02 15:42:43 - [TEST_CASE][PASSED] - Test Cases/Mobile/Page/Transaction/Transaction: Test Cases/Mobile/Page/Transaction/Transaction

2021-11-02 15:42:43 - [TEST_STEP][PASSED] - delay(5): Delayed 5 second(s)

2021-11-02 15:42:48 - [MESSAGE][PASSED] - Delayed 5 second(s)

2021-11-02 15:42:48 - [TEST_STEP][PASSED] - loginCheck = verifyElementExist(findTestObject("Object Repository/Mobile/Page/Dashboard/Button - Login"), 2, CONTINUE_ON_FAILURE): Element 'Object Repository/Mobile/Page/Dashboard/Button - Login' is exist

2021-11-02 15:42:48 - [MESSAGE][PASSED] - Element 'Object Repository/Mobile/Page/Dashboard/Button - Login' is exist

2021-11-02 15:42:48 - [TEST_STEP][PASSED] - if (loginCheck): Delayed 3 second(s)

2021-11-02 15:42:48 - [TEST_STEP][PASSED] - tap(findTestObject("Object Repository/Mobile/Page/Dashboard/Button - Login"), 0): Tapped on element 'Object Repository/Mobile/Page/Dashboard/Button - Login'

2021-11-02 15:42:48 - [MESSAGE][WARNING] - Timeout '0' is invalid. Using default page load timeout: '60'

2021-11-02 15:42:50 - [MESSAGE][PASSED] - Tapped on element 'Object Repository/Mobile/Page/Dashboard/Button - Login'

2021-11-02 15:42:50 - [TEST_STEP][PASSED] - tap(findTestObject("Object Repository/Mobile/Page/Login/Input - UserID or Email"), 0): Tapped on element 'Object Repository/Mobile/Page/Login/Input - UserID or Email'

2021-11-02 15:42:50 - [MESSAGE][WARNING] - Timeout '0' is invalid. Using default page load timeout: '60'

2021-11-02 15:42:51 - [MESSAGE][PASSED] - Tapped on element 'Object Repository/Mobile/Page/Login/Input - UserID or Email'

2021-11-02 15:42:51 - [TEST_STEP][PASSED] - setText(findTestObject("Object Repository/Mobile/Page/Login/Input - UserID or Email"), "ady.pangerang@gmail.com", 0): Text 'ady.pangerang@gmail.com' has been set to element 'Object Repository/Mobile/Page/Login/Input - UserID or Email'

2021-11-02 15:42:51 - [MESSAGE][WARNING] - Timeout '0' is invalid. Using default page load timeout: '60'

2021-11-02 15:42:53 - [MESSAGE][PASSED] - Text 'ady.pangerang@gmail.com' has been set to element 'Object Repository/Mobile/Page/Login/Input - UserID or Email'

2021-11-02 15:42:53 - [TEST_STEP][PASSED] - tap(findTestObject("Object Repository/Mobile/Page/Login/Input - Password"), 0): Tapped on element 'Object Repository/Mobile/Page/Login/Input - Password'

2021-11-02 15:42:53 - [MESSAGE][WARNING] - Timeout '0' is invalid. Using default page load timeout: '60'

2021-11-02 15:42:54 - [MESSAGE][PASSED] - Tapped on element 'Object Repository/Mobile/Page/Login/Input - Password'

2021-11-02 15:42:54 - [TEST_STEP][PASSED] - setText(findTestObject("Object Repository/Mobile/Page/Login/Input - Password"), "Mirae1234", 0): Text 'Mirae1234' has been set to element 'Object Repository/Mobile/Page/Login/Input - Password'

2021-11-02 15:42:54 - [MESSAGE][WARNING] - Timeout '0' is invalid. Using default page load timeout: '60'

2021-11-02 15:42:55 - [MESSAGE][PASSED] - Text 'Mirae1234' has been set to element 'Object Repository/Mobile/Page/Login/Input - Password'

2021-11-02 15:42:55 - [TEST_STEP][PASSED] - tap(findTestObject("Object Repository/Mobile/Page/Login/Button - Sign In"), 0): Tapped on element 'Object Repository/Mobile/Page/Login/Button - Sign In'

2021-11-02 15:42:55 - [MESSAGE][WARNING] - Timeout '0' is invalid. Using default page load timeout: '60'

2021-11-02 15:42:56 - [MESSAGE][PASSED] - Tapped on element 'Object Repository/Mobile/Page/Login/Button - Sign In'

2021-11-02 15:42:56 - [TEST_STEP][PASSED] - delay(3): Delayed 3 second(s)

2021-11-02 15:42:59 - [MESSAGE][PASSED] - Delayed 3 second(s)

2021-11-02 15:42:59 - [TEST_STEP][PASSED] - if (page == "cart"): null

2021-11-02 15:42:59 - [TEST_STEP][PASSED] - tap(findTestObject("Object Repository/Mobile/Page/Transaction/Button - Menubar Transaction"), 0): Tapped on element 'Object Repository/Mobile/Page/Transaction/Button - Menubar Transaction'

2021-11-02 15:42:59 - [MESSAGE][WARNING] - Timeout '0' is invalid. Using default page load timeout: '60'

2021-11-02 15:43:01 - [MESSAGE][PASSED] - Tapped on element 'Object Repository/Mobile/Page/Transaction/Button - Menubar Transaction'

2021-11-02 15:43:01 - [TEST_STEP][PASSED] - delay(1): Delayed 1 second(s)

2021-11-02 15:43:02 - [MESSAGE][PASSED] - Delayed 1 second(s)

2021-11-02 15:43:02 - [TEST_STEP][PASSED] - if (page == "onprocess"): null

2021-11-02 15:43:02 - [TEST_STEP][PASSED] - else if (page == "history"): null

2021-11-02 15:43:02 - [TEST_STEP][PASSED] - else if (page == "cart"): null

2021-11-02 15:43:02 - [TEST_STEP][PASSED] - else if (page == "notification"): null

2021-11-02 15:43:02 - [TEST_STEP][PASSED] - tapAndHold(findTestObject("Object Repository/Mobile/Page/Transaction/Button - Icon Notification"), 1, 0): Tapped and held on element 'Object Repository/Mobile/Page/Transaction/Button - Icon Notification' with duration 1

2021-11-02 15:43:02 - [MESSAGE][WARNING] - Timeout '0' is invalid. Using default page load timeout: '60'

2021-11-02 15:43:05 - [MESSAGE][PASSED] - Tapped and held on element 'Object Repository/Mobile/Page/Transaction/Button - Icon Notification' with duration 1

2021-11-02 15:43:05 - [TEST_STEP][PASSED] - if (action == "profile"): null

2021-11-02 15:43:05 - [MESSAGE][PASSED] - Call Test Case 'Test Cases/Mobile/Page/Transaction/Transaction' successfully

2021-11-02 15:43:05 - [TEST_STEP][PASSED] - callTestCase(findTestCase("Mobile/Page/Run App/Terminate App"), [:], STOP_ON_FAILURE): Call Test Case 'Test Cases/Mobile/Page/Run App/Terminate App' successfully

2021-11-02 15:43:06 - [TEST_CASE][PASSED] - Test Cases/Mobile/Page/Run App/Terminate App: Test Cases/Mobile/Page/Run App/Terminate App

2021-11-02 15:43:06 - [TEST_STEP][PASSED] - startApp.OpenApp.terminateApplication(): startApp.OpenApp.terminateApplication is PASSED

2021-11-02 15:43:09 - [MESSAGE][PASSED] - Delayed 3 second(s)

2021-11-02 15:43:09 - [MESSAGE][PASSED] - Current device physical width is 720

2021-11-02 15:43:09 - [MESSAGE][PASSED] - Current device physical height is 1423

2021-11-02 15:43:10 - [MESSAGE][PASSED] - Swiped from 360,853 to 360,142

2021-11-02 15:43:12 - [MESSAGE][PASSED] - Delayed 1 second(s)

2021-11-02 15:43:13 - [MESSAGE][PASSED] - Swiped from 360,853 to 360,142

2021-11-02 15:43:16 - [MESSAGE][PASSED] - Delayed 3 second(s)

2021-11-02 15:43:16 - [MESSAGE][PASSED] - startApp.OpenApp.terminateApplication is PASSED

2021-11-02 15:43:16 - [MESSAGE][PASSED] - Call Test Case 'Test Cases/Mobile/Page/Run App/Terminate App' successfully]]></system-out>
         <system-err><![CDATA[]]></system-err>
      </testcase>
      <testcase name="Test Cases/Mobile/Scenario/Transaction/018 - Melihat notifikasi berdasarkan kategori Event" time="41.731" classname="Test Cases/Mobile/Scenario/Transaction/018 - Melihat notifikasi berdasarkan kategori Event" status="PASSED">
         <system-out><![CDATA[2021-11-02 15:43:16 - [TEST_CASE][PASSED] - Test Cases/Mobile/Scenario/Transaction/018 - Melihat notifikasi berdasarkan kategori Event: Test Cases/Mobile/Scenario/Transaction/018 - Melihat notifikasi berdasarkan kategori Event

2021-11-02 15:43:16 - [TEST_STEP][PASSED] - callTestCase(findTestCase("Mobile/Page/Run App/Run App byID"), [:], STOP_ON_FAILURE): Call Test Case 'Test Cases/Mobile/Page/Run App/Run App byID' successfully

2021-11-02 15:43:16 - [TEST_CASE][PASSED] - Test Cases/Mobile/Page/Run App/Run App byID: Test Cases/Mobile/Page/Run App/Run App byID

2021-11-02 15:43:16 - [TEST_STEP][PASSED] - startApp.OpenApp.startApplication("com.mirae.maxfund"): startApp.OpenApp.startApplication is PASSED

2021-11-02 15:43:27 - [MESSAGE][PASSED] - Starting app with application ID: 'com.mirae.maxfund'

2021-11-02 15:43:27 - [MESSAGE][PASSED] - startApp.OpenApp.startApplication is PASSED

2021-11-02 15:43:27 - [MESSAGE][PASSED] - Call Test Case 'Test Cases/Mobile/Page/Run App/Run App byID' successfully

2021-11-02 15:43:27 - [TEST_STEP][PASSED] - callTestCase(findTestCase("Mobile/Page/Transaction/Transaction"), ["page":"notification", "tab":"event", "action":"detail"], STOP_ON_FAILURE): Call Test Case 'Test Cases/Mobile/Page/Transaction/Transaction' successfully

2021-11-02 15:43:27 - [TEST_CASE][PASSED] - Test Cases/Mobile/Page/Transaction/Transaction: Test Cases/Mobile/Page/Transaction/Transaction

2021-11-02 15:43:27 - [TEST_STEP][PASSED] - delay(5): Delayed 5 second(s)

2021-11-02 15:43:32 - [MESSAGE][PASSED] - Delayed 5 second(s)

2021-11-02 15:43:32 - [TEST_STEP][PASSED] - loginCheck = verifyElementExist(findTestObject("Object Repository/Mobile/Page/Dashboard/Button - Login"), 2, CONTINUE_ON_FAILURE): Element 'Object Repository/Mobile/Page/Dashboard/Button - Login' is exist

2021-11-02 15:43:33 - [MESSAGE][PASSED] - Element 'Object Repository/Mobile/Page/Dashboard/Button - Login' is exist

2021-11-02 15:43:33 - [TEST_STEP][PASSED] - if (loginCheck): Delayed 3 second(s)

2021-11-02 15:43:33 - [TEST_STEP][PASSED] - tap(findTestObject("Object Repository/Mobile/Page/Dashboard/Button - Login"), 0): Tapped on element 'Object Repository/Mobile/Page/Dashboard/Button - Login'

2021-11-02 15:43:33 - [MESSAGE][WARNING] - Timeout '0' is invalid. Using default page load timeout: '60'

2021-11-02 15:43:34 - [MESSAGE][PASSED] - Tapped on element 'Object Repository/Mobile/Page/Dashboard/Button - Login'

2021-11-02 15:43:34 - [TEST_STEP][PASSED] - tap(findTestObject("Object Repository/Mobile/Page/Login/Input - UserID or Email"), 0): Tapped on element 'Object Repository/Mobile/Page/Login/Input - UserID or Email'

2021-11-02 15:43:34 - [MESSAGE][WARNING] - Timeout '0' is invalid. Using default page load timeout: '60'

2021-11-02 15:43:36 - [MESSAGE][PASSED] - Tapped on element 'Object Repository/Mobile/Page/Login/Input - UserID or Email'

2021-11-02 15:43:36 - [TEST_STEP][PASSED] - setText(findTestObject("Object Repository/Mobile/Page/Login/Input - UserID or Email"), "ady.pangerang@gmail.com", 0): Text 'ady.pangerang@gmail.com' has been set to element 'Object Repository/Mobile/Page/Login/Input - UserID or Email'

2021-11-02 15:43:36 - [MESSAGE][WARNING] - Timeout '0' is invalid. Using default page load timeout: '60'

2021-11-02 15:43:37 - [MESSAGE][PASSED] - Text 'ady.pangerang@gmail.com' has been set to element 'Object Repository/Mobile/Page/Login/Input - UserID or Email'

2021-11-02 15:43:37 - [TEST_STEP][PASSED] - tap(findTestObject("Object Repository/Mobile/Page/Login/Input - Password"), 0): Tapped on element 'Object Repository/Mobile/Page/Login/Input - Password'

2021-11-02 15:43:37 - [MESSAGE][WARNING] - Timeout '0' is invalid. Using default page load timeout: '60'

2021-11-02 15:43:38 - [MESSAGE][PASSED] - Tapped on element 'Object Repository/Mobile/Page/Login/Input - Password'

2021-11-02 15:43:38 - [TEST_STEP][PASSED] - setText(findTestObject("Object Repository/Mobile/Page/Login/Input - Password"), "Mirae1234", 0): Text 'Mirae1234' has been set to element 'Object Repository/Mobile/Page/Login/Input - Password'

2021-11-02 15:43:38 - [MESSAGE][WARNING] - Timeout '0' is invalid. Using default page load timeout: '60'

2021-11-02 15:43:39 - [MESSAGE][PASSED] - Text 'Mirae1234' has been set to element 'Object Repository/Mobile/Page/Login/Input - Password'

2021-11-02 15:43:39 - [TEST_STEP][PASSED] - tap(findTestObject("Object Repository/Mobile/Page/Login/Button - Sign In"), 0): Tapped on element 'Object Repository/Mobile/Page/Login/Button - Sign In'

2021-11-02 15:43:39 - [MESSAGE][WARNING] - Timeout '0' is invalid. Using default page load timeout: '60'

2021-11-02 15:43:40 - [MESSAGE][PASSED] - Tapped on element 'Object Repository/Mobile/Page/Login/Button - Sign In'

2021-11-02 15:43:40 - [TEST_STEP][PASSED] - delay(3): Delayed 3 second(s)

2021-11-02 15:43:43 - [MESSAGE][PASSED] - Delayed 3 second(s)

2021-11-02 15:43:43 - [TEST_STEP][PASSED] - if (page == "cart"): null

2021-11-02 15:43:43 - [TEST_STEP][PASSED] - tap(findTestObject("Object Repository/Mobile/Page/Transaction/Button - Menubar Transaction"), 0): Tapped on element 'Object Repository/Mobile/Page/Transaction/Button - Menubar Transaction'

2021-11-02 15:43:43 - [MESSAGE][WARNING] - Timeout '0' is invalid. Using default page load timeout: '60'

2021-11-02 15:43:44 - [MESSAGE][PASSED] - Tapped on element 'Object Repository/Mobile/Page/Transaction/Button - Menubar Transaction'

2021-11-02 15:43:44 - [TEST_STEP][PASSED] - delay(1): Delayed 1 second(s)

2021-11-02 15:43:45 - [MESSAGE][PASSED] - Delayed 1 second(s)

2021-11-02 15:43:45 - [TEST_STEP][PASSED] - if (page == "onprocess"): null

2021-11-02 15:43:45 - [TEST_STEP][PASSED] - else if (page == "history"): null

2021-11-02 15:43:45 - [TEST_STEP][PASSED] - else if (page == "cart"): null

2021-11-02 15:43:45 - [TEST_STEP][PASSED] - else if (page == "notification"): null

2021-11-02 15:43:45 - [TEST_STEP][PASSED] - tapAndHold(findTestObject("Object Repository/Mobile/Page/Transaction/Button - Icon Notification"), 1, 0): Tapped and held on element 'Object Repository/Mobile/Page/Transaction/Button - Icon Notification' with duration 1

2021-11-02 15:43:45 - [MESSAGE][WARNING] - Timeout '0' is invalid. Using default page load timeout: '60'

2021-11-02 15:43:47 - [MESSAGE][PASSED] - Tapped and held on element 'Object Repository/Mobile/Page/Transaction/Button - Icon Notification' with duration 1

2021-11-02 15:43:47 - [TEST_STEP][PASSED] - if (action == "profile"): null

2021-11-02 15:43:47 - [MESSAGE][PASSED] - Call Test Case 'Test Cases/Mobile/Page/Transaction/Transaction' successfully

2021-11-02 15:43:47 - [TEST_STEP][PASSED] - callTestCase(findTestCase("Mobile/Page/Run App/Terminate App"), [:], STOP_ON_FAILURE): Call Test Case 'Test Cases/Mobile/Page/Run App/Terminate App' successfully

2021-11-02 15:43:48 - [TEST_CASE][PASSED] - Test Cases/Mobile/Page/Run App/Terminate App: Test Cases/Mobile/Page/Run App/Terminate App

2021-11-02 15:43:48 - [TEST_STEP][PASSED] - startApp.OpenApp.terminateApplication(): startApp.OpenApp.terminateApplication is PASSED

2021-11-02 15:43:51 - [MESSAGE][PASSED] - Delayed 3 second(s)

2021-11-02 15:43:51 - [MESSAGE][PASSED] - Current device physical width is 720

2021-11-02 15:43:51 - [MESSAGE][PASSED] - Current device physical height is 1423

2021-11-02 15:43:52 - [MESSAGE][PASSED] - Swiped from 360,853 to 360,142

2021-11-02 15:43:53 - [MESSAGE][PASSED] - Delayed 1 second(s)

2021-11-02 15:43:54 - [MESSAGE][PASSED] - Swiped from 360,853 to 360,142

2021-11-02 15:43:57 - [MESSAGE][PASSED] - Delayed 3 second(s)

2021-11-02 15:43:57 - [MESSAGE][PASSED] - startApp.OpenApp.terminateApplication is PASSED

2021-11-02 15:43:58 - [MESSAGE][PASSED] - Call Test Case 'Test Cases/Mobile/Page/Run App/Terminate App' successfully]]></system-out>
         <system-err><![CDATA[]]></system-err>
      </testcase>
      <testcase name="Test Cases/Mobile/Scenario/Transaction/019 - Melihat notifikasi berdasarkan kategori Tips" time="43.626" classname="Test Cases/Mobile/Scenario/Transaction/019 - Melihat notifikasi berdasarkan kategori Tips" status="PASSED">
         <system-out><![CDATA[2021-11-02 15:43:58 - [TEST_CASE][PASSED] - Test Cases/Mobile/Scenario/Transaction/019 - Melihat notifikasi berdasarkan kategori Tips: Test Cases/Mobile/Scenario/Transaction/019 - Melihat notifikasi berdasarkan kategori Tips

2021-11-02 15:43:58 - [TEST_STEP][PASSED] - callTestCase(findTestCase("Mobile/Page/Run App/Run App byID"), [:], STOP_ON_FAILURE): Call Test Case 'Test Cases/Mobile/Page/Run App/Run App byID' successfully

2021-11-02 15:43:58 - [TEST_CASE][PASSED] - Test Cases/Mobile/Page/Run App/Run App byID: Test Cases/Mobile/Page/Run App/Run App byID

2021-11-02 15:43:58 - [TEST_STEP][PASSED] - startApp.OpenApp.startApplication("com.mirae.maxfund"): startApp.OpenApp.startApplication is PASSED

2021-11-02 15:44:09 - [MESSAGE][PASSED] - Starting app with application ID: 'com.mirae.maxfund'

2021-11-02 15:44:09 - [MESSAGE][PASSED] - startApp.OpenApp.startApplication is PASSED

2021-11-02 15:44:09 - [MESSAGE][PASSED] - Call Test Case 'Test Cases/Mobile/Page/Run App/Run App byID' successfully

2021-11-02 15:44:09 - [TEST_STEP][PASSED] - callTestCase(findTestCase("Mobile/Page/Transaction/Transaction"), ["page":"notification", "tab":"tips", "action":"detail"], STOP_ON_FAILURE): Call Test Case 'Test Cases/Mobile/Page/Transaction/Transaction' successfully

2021-11-02 15:44:09 - [TEST_CASE][PASSED] - Test Cases/Mobile/Page/Transaction/Transaction: Test Cases/Mobile/Page/Transaction/Transaction

2021-11-02 15:44:09 - [TEST_STEP][PASSED] - delay(5): Delayed 5 second(s)

2021-11-02 15:44:14 - [MESSAGE][PASSED] - Delayed 5 second(s)

2021-11-02 15:44:14 - [TEST_STEP][PASSED] - loginCheck = verifyElementExist(findTestObject("Object Repository/Mobile/Page/Dashboard/Button - Login"), 2, CONTINUE_ON_FAILURE): Element 'Object Repository/Mobile/Page/Dashboard/Button - Login' is exist

2021-11-02 15:44:14 - [MESSAGE][PASSED] - Element 'Object Repository/Mobile/Page/Dashboard/Button - Login' is exist

2021-11-02 15:44:14 - [TEST_STEP][PASSED] - if (loginCheck): Delayed 3 second(s)

2021-11-02 15:44:14 - [TEST_STEP][PASSED] - tap(findTestObject("Object Repository/Mobile/Page/Dashboard/Button - Login"), 0): Tapped on element 'Object Repository/Mobile/Page/Dashboard/Button - Login'

2021-11-02 15:44:14 - [MESSAGE][WARNING] - Timeout '0' is invalid. Using default page load timeout: '60'

2021-11-02 15:44:17 - [MESSAGE][PASSED] - Tapped on element 'Object Repository/Mobile/Page/Dashboard/Button - Login'

2021-11-02 15:44:17 - [TEST_STEP][PASSED] - tap(findTestObject("Object Repository/Mobile/Page/Login/Input - UserID or Email"), 0): Tapped on element 'Object Repository/Mobile/Page/Login/Input - UserID or Email'

2021-11-02 15:44:17 - [MESSAGE][WARNING] - Timeout '0' is invalid. Using default page load timeout: '60'

2021-11-02 15:44:19 - [MESSAGE][PASSED] - Tapped on element 'Object Repository/Mobile/Page/Login/Input - UserID or Email'

2021-11-02 15:44:19 - [TEST_STEP][PASSED] - setText(findTestObject("Object Repository/Mobile/Page/Login/Input - UserID or Email"), "ady.pangerang@gmail.com", 0): Text 'ady.pangerang@gmail.com' has been set to element 'Object Repository/Mobile/Page/Login/Input - UserID or Email'

2021-11-02 15:44:19 - [MESSAGE][WARNING] - Timeout '0' is invalid. Using default page load timeout: '60'

2021-11-02 15:44:19 - [MESSAGE][PASSED] - Text 'ady.pangerang@gmail.com' has been set to element 'Object Repository/Mobile/Page/Login/Input - UserID or Email'

2021-11-02 15:44:19 - [TEST_STEP][PASSED] - tap(findTestObject("Object Repository/Mobile/Page/Login/Input - Password"), 0): Tapped on element 'Object Repository/Mobile/Page/Login/Input - Password'

2021-11-02 15:44:19 - [MESSAGE][WARNING] - Timeout '0' is invalid. Using default page load timeout: '60'

2021-11-02 15:44:20 - [MESSAGE][PASSED] - Tapped on element 'Object Repository/Mobile/Page/Login/Input - Password'

2021-11-02 15:44:20 - [TEST_STEP][PASSED] - setText(findTestObject("Object Repository/Mobile/Page/Login/Input - Password"), "Mirae1234", 0): Text 'Mirae1234' has been set to element 'Object Repository/Mobile/Page/Login/Input - Password'

2021-11-02 15:44:20 - [MESSAGE][WARNING] - Timeout '0' is invalid. Using default page load timeout: '60'

2021-11-02 15:44:21 - [MESSAGE][PASSED] - Text 'Mirae1234' has been set to element 'Object Repository/Mobile/Page/Login/Input - Password'

2021-11-02 15:44:21 - [TEST_STEP][PASSED] - tap(findTestObject("Object Repository/Mobile/Page/Login/Button - Sign In"), 0): Tapped on element 'Object Repository/Mobile/Page/Login/Button - Sign In'

2021-11-02 15:44:21 - [MESSAGE][WARNING] - Timeout '0' is invalid. Using default page load timeout: '60'

2021-11-02 15:44:22 - [MESSAGE][PASSED] - Tapped on element 'Object Repository/Mobile/Page/Login/Button - Sign In'

2021-11-02 15:44:22 - [TEST_STEP][PASSED] - delay(3): Delayed 3 second(s)

2021-11-02 15:44:25 - [MESSAGE][PASSED] - Delayed 3 second(s)

2021-11-02 15:44:25 - [TEST_STEP][PASSED] - if (page == "cart"): null

2021-11-02 15:44:25 - [TEST_STEP][PASSED] - tap(findTestObject("Object Repository/Mobile/Page/Transaction/Button - Menubar Transaction"), 0): Tapped on element 'Object Repository/Mobile/Page/Transaction/Button - Menubar Transaction'

2021-11-02 15:44:25 - [MESSAGE][WARNING] - Timeout '0' is invalid. Using default page load timeout: '60'

2021-11-02 15:44:26 - [MESSAGE][PASSED] - Tapped on element 'Object Repository/Mobile/Page/Transaction/Button - Menubar Transaction'

2021-11-02 15:44:26 - [TEST_STEP][PASSED] - delay(1): Delayed 1 second(s)

2021-11-02 15:44:27 - [MESSAGE][PASSED] - Delayed 1 second(s)

2021-11-02 15:44:27 - [TEST_STEP][PASSED] - if (page == "onprocess"): null

2021-11-02 15:44:27 - [TEST_STEP][PASSED] - else if (page == "history"): null

2021-11-02 15:44:27 - [TEST_STEP][PASSED] - else if (page == "cart"): null

2021-11-02 15:44:27 - [TEST_STEP][PASSED] - else if (page == "notification"): null

2021-11-02 15:44:27 - [TEST_STEP][PASSED] - tapAndHold(findTestObject("Object Repository/Mobile/Page/Transaction/Button - Icon Notification"), 1, 0): Tapped and held on element 'Object Repository/Mobile/Page/Transaction/Button - Icon Notification' with duration 1

2021-11-02 15:44:27 - [MESSAGE][WARNING] - Timeout '0' is invalid. Using default page load timeout: '60'

2021-11-02 15:44:31 - [MESSAGE][PASSED] - Tapped and held on element 'Object Repository/Mobile/Page/Transaction/Button - Icon Notification' with duration 1

2021-11-02 15:44:31 - [TEST_STEP][PASSED] - if (action == "profile"): null

2021-11-02 15:44:31 - [MESSAGE][PASSED] - Call Test Case 'Test Cases/Mobile/Page/Transaction/Transaction' successfully

2021-11-02 15:44:31 - [TEST_STEP][PASSED] - callTestCase(findTestCase("Mobile/Page/Run App/Terminate App"), [:], STOP_ON_FAILURE): Call Test Case 'Test Cases/Mobile/Page/Run App/Terminate App' successfully

2021-11-02 15:44:31 - [TEST_CASE][PASSED] - Test Cases/Mobile/Page/Run App/Terminate App: Test Cases/Mobile/Page/Run App/Terminate App

2021-11-02 15:44:31 - [TEST_STEP][PASSED] - startApp.OpenApp.terminateApplication(): startApp.OpenApp.terminateApplication is PASSED

2021-11-02 15:44:34 - [MESSAGE][PASSED] - Delayed 3 second(s)

2021-11-02 15:44:34 - [MESSAGE][PASSED] - Current device physical width is 720

2021-11-02 15:44:35 - [MESSAGE][PASSED] - Current device physical height is 1423

2021-11-02 15:44:36 - [MESSAGE][PASSED] - Swiped from 360,853 to 360,142

2021-11-02 15:44:37 - [MESSAGE][PASSED] - Delayed 1 second(s)

2021-11-02 15:44:38 - [MESSAGE][PASSED] - Swiped from 360,853 to 360,142

2021-11-02 15:44:41 - [MESSAGE][PASSED] - Delayed 3 second(s)

2021-11-02 15:44:41 - [MESSAGE][PASSED] - startApp.OpenApp.terminateApplication is PASSED

2021-11-02 15:44:41 - [MESSAGE][PASSED] - Call Test Case 'Test Cases/Mobile/Page/Run App/Terminate App' successfully]]></system-out>
         <system-err><![CDATA[]]></system-err>
      </testcase>
      <system-out><![CDATA[2021-11-02 15:40:16 - [TEST_SUITE][PASSED] - Transaction: Test Cases/Mobile/Scenario/Transaction/019 - Melihat notifikasi berdasarkan kategori Tips]]></system-out>
      <system-err><![CDATA[]]></system-err>
   </testsuite>
</testsuites>
