<?xml version="1.0" encoding="UTF-8"?>
<testsuites name="analysis" time="271.823" tests="4" failures="0" skips="0" errors="0">
   <testsuite name="analysis" tests="4" failures="0" errors="0" time="271.823" skips="0" timestamp="2021-12-06 08:18:50" hostname="Owner - aldy-tft" id="Test Suites/analysis">
      <properties>
         <property name="deviceName" value="samsung SM-A205F (Android 11)"/>
         <property name="devicePlatform" value=""/>
         <property name="logFolder" value="C:\\Users\\Owner\\Documents\\kerjaan\\KatalonProject\\qa-katalon-maxfund2\\Reports\\20211206_081842\\analysis\\20211206_081842"/>
         <property name="logFiles" value="C:\\Users\\Owner\\Documents\\kerjaan\\KatalonProject\\qa-katalon-maxfund2\\Reports\\20211206_081842\\analysis\\20211206_081842\\appium.log, C:\\Users\\Owner\\Documents\\kerjaan\\KatalonProject\\qa-katalon-maxfund2\\Reports\\20211206_081842\\analysis\\20211206_081842\\execution0.log"/>
         <property name="attachments" value=""/>
         <property name="hostName" value="Owner - aldy-tft"/>
         <property name="os" value="Windows 10 64bit"/>
         <property name="appiumServerStatus" value="{&quot;value&quot;:{&quot;build&quot;:{&quot;version&quot;:&quot;1.22.0&quot;}},&quot;sessionId&quot;:null,&quot;status&quot;:0}"/>
         <property name="katalonVersion" value="7.9.1.208"/>
         <property name="deviceOS" value="Android"/>
         <property name="appiumVersion" value="1.22.0"/>
         <property name="deviceModel" value="SM-A205F"/>
         <property name="hostAddress" value="10.0.30.38"/>
         <property name="deviceManufacturer" value="samsung"/>
         <property name="deviceId" value="RR8M40C9AXE"/>
         <property name="deviceName" value="samsung SM-A205F (Android 11)"/>
         <property name="deviceOSVersion" value="11"/>
      </properties>
      <testcase name="Test Cases/Mobile/Scenario/Analysis/001 - User akses techincal analysis" time="75.763" classname="Test Cases/Mobile/Scenario/Analysis/001 - User akses techincal analysis" status="PASSED">
         <system-out><![CDATA[2021-12-06 08:18:51 - [TEST_CASE][PASSED] - Test Cases/Mobile/Scenario/Analysis/001 - User akses techincal analysis: Test Cases/Mobile/Scenario/Analysis/001 - User akses techincal analysis

2021-12-06 08:18:51 - [TEST_STEP][PASSED] - callTestCase(findTestCase("Mobile/Page/Run App/Run App byID"), [:], STOP_ON_FAILURE): Call Test Case 'Test Cases/Mobile/Page/Run App/Run App byID' successfully

2021-12-06 08:18:51 - [TEST_CASE][PASSED] - Test Cases/Mobile/Page/Run App/Run App byID: Test Cases/Mobile/Page/Run App/Run App byID

2021-12-06 08:18:52 - [TEST_STEP][PASSED] - startApp.OpenApp.startApplication("id.co.miraeasset.sageclub"): startApp.OpenApp.startApplication is PASSED

2021-12-06 08:18:53 - [MESSAGE][INFO] - Appium server started on port 52,844

2021-12-06 08:19:07 - [MESSAGE][PASSED] - Starting app with application ID: 'id.co.miraeasset.sageclub'

2021-12-06 08:19:07 - [MESSAGE][PASSED] - startApp.OpenApp.startApplication is PASSED

2021-12-06 08:19:07 - [MESSAGE][PASSED] - Call Test Case 'Test Cases/Mobile/Page/Run App/Run App byID' successfully

2021-12-06 08:19:07 - [TEST_STEP][PASSED] - callTestCase(findTestCase("Mobile/Page/Analysis/Analysis"), ["action":"technicalsearch"], CONTINUE_ON_FAILURE): Call Test Case 'Test Cases/Mobile/Page/Analysis/Analysis' successfully

2021-12-06 08:19:07 - [TEST_CASE][PASSED] - Test Cases/Mobile/Page/Analysis/Analysis: Test Cases/Mobile/Page/Analysis/Analysis

2021-12-06 08:19:08 - [TEST_STEP][PASSED] - loginCheck = verifyElementExist(findTestObject("Object Repository/Mobile/Page/Login/Button - Login"), 2, CONTINUE_ON_FAILURE): Element 'Object Repository/Mobile/Page/Login/Button - Login' is exist

2021-12-06 08:19:10 - [MESSAGE][PASSED] - Element 'Object Repository/Mobile/Page/Login/Button - Login' is exist

2021-12-06 08:19:10 - [TEST_STEP][PASSED] - if (loginCheck): Call Test Case 'Test Cases/Mobile/Page/Login/Login' successfully

2021-12-06 08:19:10 - [TEST_STEP][PASSED] - callTestCase(findTestCase("Mobile/Page/Login/Login"), [:], CONTINUE_ON_FAILURE): Call Test Case 'Test Cases/Mobile/Page/Login/Login' successfully

2021-12-06 08:19:10 - [TEST_CASE][PASSED] - Test Cases/Mobile/Page/Login/Login: Test Cases/Mobile/Page/Login/Login

2021-12-06 08:19:10 - [TEST_STEP][PASSED] - delay(2): Delayed 2 second(s)

2021-12-06 08:19:12 - [MESSAGE][PASSED] - Delayed 2 second(s)

2021-12-06 08:19:12 - [TEST_STEP][PASSED] - tap(findTestObject("Object Repository/Mobile/Page/Login/Input - UserID"), 0): Tapped on element 'Object Repository/Mobile/Page/Login/Input - UserID'

2021-12-06 08:19:12 - [MESSAGE][WARNING] - Timeout '0' is invalid. Using default page load timeout: '60'

2021-12-06 08:19:12 - [MESSAGE][PASSED] - Tapped on element 'Object Repository/Mobile/Page/Login/Input - UserID'

2021-12-06 08:19:12 - [TEST_STEP][PASSED] - delay(1): Delayed 1 second(s)

2021-12-06 08:19:13 - [MESSAGE][PASSED] - Delayed 1 second(s)

2021-12-06 08:19:13 - [TEST_STEP][PASSED] - setText(findTestObject("Object Repository/Mobile/Page/Login/Input Rdy - UserID"), "anggaaditya", 0): Text 'anggaaditya' has been set to element 'Object Repository/Mobile/Page/Login/Input Rdy - UserID'

2021-12-06 08:19:14 - [MESSAGE][WARNING] - Timeout '0' is invalid. Using default page load timeout: '60'

2021-12-06 08:19:14 - [MESSAGE][PASSED] - Text 'anggaaditya' has been set to element 'Object Repository/Mobile/Page/Login/Input Rdy - UserID'

2021-12-06 08:19:14 - [TEST_STEP][PASSED] - delay(1): Delayed 1 second(s)

2021-12-06 08:19:15 - [MESSAGE][PASSED] - Delayed 1 second(s)

2021-12-06 08:19:15 - [TEST_STEP][PASSED] - hideKeyboard(): Keyboard is hidden

2021-12-06 08:19:19 - [MESSAGE][PASSED] - Keyboard is hidden

2021-12-06 08:19:19 - [TEST_STEP][PASSED] - tap(findTestObject("Object Repository/Mobile/Page/Login/Input - Password"), 0): Tapped on element 'Object Repository/Mobile/Page/Login/Input - Password'

2021-12-06 08:19:19 - [MESSAGE][WARNING] - Timeout '0' is invalid. Using default page load timeout: '60'

2021-12-06 08:19:19 - [MESSAGE][PASSED] - Tapped on element 'Object Repository/Mobile/Page/Login/Input - Password'

2021-12-06 08:19:19 - [TEST_STEP][PASSED] - delay(1): Delayed 1 second(s)

2021-12-06 08:19:20 - [MESSAGE][PASSED] - Delayed 1 second(s)

2021-12-06 08:19:20 - [TEST_STEP][PASSED] - setText(findTestObject("Object Repository/Mobile/Page/Login/Input Rdy - Password"), "Shalawa18", 0): Text 'Shalawa18' has been set to element 'Object Repository/Mobile/Page/Login/Input Rdy - Password'

2021-12-06 08:19:20 - [MESSAGE][WARNING] - Timeout '0' is invalid. Using default page load timeout: '60'

2021-12-06 08:19:21 - [MESSAGE][PASSED] - Text 'Shalawa18' has been set to element 'Object Repository/Mobile/Page/Login/Input Rdy - Password'

2021-12-06 08:19:21 - [TEST_STEP][PASSED] - delay(1): Delayed 1 second(s)

2021-12-06 08:19:22 - [MESSAGE][PASSED] - Delayed 1 second(s)

2021-12-06 08:19:22 - [TEST_STEP][PASSED] - hideKeyboard(): Keyboard is hidden

2021-12-06 08:19:28 - [MESSAGE][PASSED] - Keyboard is hidden

2021-12-06 08:19:28 - [TEST_STEP][PASSED] - tap(findTestObject("Object Repository/Mobile/Page/Login/Button - Login"), 0): Tapped on element 'Object Repository/Mobile/Page/Login/Button - Login'

2021-12-06 08:19:28 - [MESSAGE][WARNING] - Timeout '0' is invalid. Using default page load timeout: '60'

2021-12-06 08:19:29 - [MESSAGE][PASSED] - Tapped on element 'Object Repository/Mobile/Page/Login/Button - Login'

2021-12-06 08:19:29 - [TEST_STEP][PASSED] - delay(2): Delayed 2 second(s)

2021-12-06 08:19:31 - [MESSAGE][PASSED] - Delayed 2 second(s)

2021-12-06 08:19:31 - [MESSAGE][PASSED] - Call Test Case 'Test Cases/Mobile/Page/Login/Login' successfully

2021-12-06 08:19:31 - [TEST_STEP][PASSED] - tap(findTestObject("Object Repository/Mobile/Page/Home/Menubar - Analysis"), 0): Tapped on element 'Object Repository/Mobile/Page/Home/Menubar - Analysis'

2021-12-06 08:19:31 - [MESSAGE][WARNING] - Timeout '0' is invalid. Using default page load timeout: '60'

2021-12-06 08:19:33 - [MESSAGE][PASSED] - Tapped on element 'Object Repository/Mobile/Page/Home/Menubar - Analysis'

2021-12-06 08:19:33 - [TEST_STEP][PASSED] - delay(1): Delayed 1 second(s)

2021-12-06 08:19:34 - [MESSAGE][PASSED] - Delayed 1 second(s)

2021-12-06 08:19:34 - [TEST_STEP][PASSED] - for ([i = 0, i < 1, (i++)]): Delayed 2 second(s)

2021-12-06 08:19:34 - [TEST_STEP][PASSED] - if (action == "technicalsearch"): Delayed 2 second(s)

2021-12-06 08:19:34 - [TEST_STEP][PASSED] - tap(findTestObject("Object Repository/Mobile/Page/Analysis/Dropdown - Technical Indicator"), 0): Tapped on element 'Object Repository/Mobile/Page/Analysis/Dropdown - Technical Indicator'

2021-12-06 08:19:34 - [MESSAGE][WARNING] - Timeout '0' is invalid. Using default page load timeout: '60'

2021-12-06 08:19:35 - [MESSAGE][PASSED] - Tapped on element 'Object Repository/Mobile/Page/Analysis/Dropdown - Technical Indicator'

2021-12-06 08:19:35 - [TEST_STEP][PASSED] - delay(1): Delayed 1 second(s)

2021-12-06 08:19:36 - [MESSAGE][PASSED] - Delayed 1 second(s)

2021-12-06 08:19:36 - [TEST_STEP][PASSED] - tap(findTestObject("Object Repository/Mobile/Page/Analysis/Option Technical Indicator - All"), 0): Tapped on element 'Object Repository/Mobile/Page/Analysis/Option Technical Indicator - All'

2021-12-06 08:19:36 - [MESSAGE][WARNING] - Timeout '0' is invalid. Using default page load timeout: '60'

2021-12-06 08:19:38 - [MESSAGE][PASSED] - Tapped on element 'Object Repository/Mobile/Page/Analysis/Option Technical Indicator - All'

2021-12-06 08:19:38 - [TEST_STEP][PASSED] - delay(1): Delayed 1 second(s)

2021-12-06 08:19:39 - [MESSAGE][PASSED] - Delayed 1 second(s)

2021-12-06 08:19:39 - [TEST_STEP][PASSED] - tap(findTestObject("Object Repository/Mobile/Page/Analysis/Dropdown - Market Cap"), 0): Tapped on element 'Object Repository/Mobile/Page/Analysis/Dropdown - Market Cap'

2021-12-06 08:19:39 - [MESSAGE][WARNING] - Timeout '0' is invalid. Using default page load timeout: '60'

2021-12-06 08:19:40 - [MESSAGE][PASSED] - Tapped on element 'Object Repository/Mobile/Page/Analysis/Dropdown - Market Cap'

2021-12-06 08:19:40 - [TEST_STEP][PASSED] - delay(1): Delayed 1 second(s)

2021-12-06 08:19:41 - [MESSAGE][PASSED] - Delayed 1 second(s)

2021-12-06 08:19:41 - [TEST_STEP][PASSED] - tap(findTestObject("Object Repository/Mobile/Page/Analysis/Option Market Cap - 1 Trillion"), 0): Tapped on element 'Object Repository/Mobile/Page/Analysis/Option Market Cap - 1 Trillion'

2021-12-06 08:19:41 - [MESSAGE][WARNING] - Timeout '0' is invalid. Using default page load timeout: '60'

2021-12-06 08:19:42 - [MESSAGE][PASSED] - Tapped on element 'Object Repository/Mobile/Page/Analysis/Option Market Cap - 1 Trillion'

2021-12-06 08:19:42 - [TEST_STEP][PASSED] - delay(1): Delayed 1 second(s)

2021-12-06 08:19:43 - [MESSAGE][PASSED] - Delayed 1 second(s)

2021-12-06 08:19:43 - [TEST_STEP][PASSED] - tap(findTestObject("Object Repository/Mobile/Page/Analysis/Dropdown - Transaction"), 0): Tapped on element 'Object Repository/Mobile/Page/Analysis/Dropdown - Transaction'

2021-12-06 08:19:43 - [MESSAGE][WARNING] - Timeout '0' is invalid. Using default page load timeout: '60'

2021-12-06 08:19:44 - [MESSAGE][PASSED] - Tapped on element 'Object Repository/Mobile/Page/Analysis/Dropdown - Transaction'

2021-12-06 08:19:44 - [TEST_STEP][PASSED] - delay(1): Delayed 1 second(s)

2021-12-06 08:19:45 - [MESSAGE][PASSED] - Delayed 1 second(s)

2021-12-06 08:19:45 - [TEST_STEP][PASSED] - tap(findTestObject("Object Repository/Mobile/Page/Analysis/Option Transaction - 1 Billion"), 0): Tapped on element 'Object Repository/Mobile/Page/Analysis/Option Transaction - 1 Billion'

2021-12-06 08:19:45 - [MESSAGE][WARNING] - Timeout '0' is invalid. Using default page load timeout: '60'

2021-12-06 08:19:45 - [MESSAGE][PASSED] - Tapped on element 'Object Repository/Mobile/Page/Analysis/Option Transaction - 1 Billion'

2021-12-06 08:19:45 - [TEST_STEP][PASSED] - delay(1): Delayed 1 second(s)

2021-12-06 08:19:46 - [MESSAGE][PASSED] - Delayed 1 second(s)

2021-12-06 08:19:46 - [TEST_STEP][PASSED] - tap(findTestObject("Object Repository/Mobile/Page/Analysis/Dropdown - Time Frame"), 0): Tapped on element 'Object Repository/Mobile/Page/Analysis/Dropdown - Time Frame'

2021-12-06 08:19:46 - [MESSAGE][WARNING] - Timeout '0' is invalid. Using default page load timeout: '60'

2021-12-06 08:19:47 - [MESSAGE][PASSED] - Tapped on element 'Object Repository/Mobile/Page/Analysis/Dropdown - Time Frame'

2021-12-06 08:19:47 - [TEST_STEP][PASSED] - delay(1): Delayed 1 second(s)

2021-12-06 08:19:48 - [MESSAGE][PASSED] - Delayed 1 second(s)

2021-12-06 08:19:48 - [TEST_STEP][PASSED] - tap(findTestObject("Object Repository/Mobile/Page/Analysis/Option Time Frame - Daily"), 0): Tapped on element 'Object Repository/Mobile/Page/Analysis/Option Time Frame - Daily'

2021-12-06 08:19:48 - [MESSAGE][WARNING] - Timeout '0' is invalid. Using default page load timeout: '60'

2021-12-06 08:19:50 - [MESSAGE][PASSED] - Tapped on element 'Object Repository/Mobile/Page/Analysis/Option Time Frame - Daily'

2021-12-06 08:19:50 - [TEST_STEP][PASSED] - delay(1): Delayed 1 second(s)

2021-12-06 08:19:51 - [MESSAGE][PASSED] - Delayed 1 second(s)

2021-12-06 08:19:51 - [TEST_STEP][PASSED] - tap(findTestObject("Object Repository/Mobile/Page/Analysis/Dropdown - Index"), 0): Tapped on element 'Object Repository/Mobile/Page/Analysis/Dropdown - Index'

2021-12-06 08:19:51 - [MESSAGE][WARNING] - Timeout '0' is invalid. Using default page load timeout: '60'

2021-12-06 08:19:52 - [MESSAGE][PASSED] - Tapped on element 'Object Repository/Mobile/Page/Analysis/Dropdown - Index'

2021-12-06 08:19:52 - [TEST_STEP][PASSED] - delay(1): Delayed 1 second(s)

2021-12-06 08:19:53 - [MESSAGE][PASSED] - Delayed 1 second(s)

2021-12-06 08:19:53 - [TEST_STEP][PASSED] - tap(findTestObject("Object Repository/Mobile/Page/Analysis/Option Index - Idx30"), 0): Tapped on element 'Object Repository/Mobile/Page/Analysis/Option Index - Idx30'

2021-12-06 08:19:53 - [MESSAGE][WARNING] - Timeout '0' is invalid. Using default page load timeout: '60'

2021-12-06 08:19:54 - [MESSAGE][PASSED] - Tapped on element 'Object Repository/Mobile/Page/Analysis/Option Index - Idx30'

2021-12-06 08:19:54 - [TEST_STEP][PASSED] - delay(2): Delayed 2 second(s)

2021-12-06 08:19:56 - [MESSAGE][PASSED] - Delayed 2 second(s)

2021-12-06 08:19:56 - [MESSAGE][PASSED] - Call Test Case 'Test Cases/Mobile/Page/Analysis/Analysis' successfully

2021-12-06 08:19:56 - [TEST_STEP][PASSED] - callTestCase(findTestCase("Mobile/Page/Run App/Terminate App"), [:], STOP_ON_FAILURE): Call Test Case 'Test Cases/Mobile/Page/Run App/Terminate App' successfully

2021-12-06 08:19:56 - [TEST_CASE][PASSED] - Test Cases/Mobile/Page/Run App/Terminate App: Test Cases/Mobile/Page/Run App/Terminate App

2021-12-06 08:19:56 - [TEST_STEP][PASSED] - startApp.OpenApp.terminateApplication(): startApp.OpenApp.terminateApplication is PASSED

2021-12-06 08:20:00 - [MESSAGE][PASSED] - Delayed 3 second(s)

2021-12-06 08:20:00 - [MESSAGE][PASSED] - Current device physical width is 720

2021-12-06 08:20:00 - [MESSAGE][PASSED] - Current device physical height is 1423

2021-12-06 08:20:01 - [MESSAGE][PASSED] - Swiped from 360,853 to 360,142

2021-12-06 08:20:02 - [MESSAGE][PASSED] - Delayed 1 second(s)

2021-12-06 08:20:04 - [MESSAGE][PASSED] - Swiped from 360,853 to 360,142

2021-12-06 08:20:07 - [MESSAGE][PASSED] - Delayed 3 second(s)

2021-12-06 08:20:07 - [MESSAGE][PASSED] - startApp.OpenApp.terminateApplication is PASSED

2021-12-06 08:20:07 - [MESSAGE][PASSED] - Call Test Case 'Test Cases/Mobile/Page/Run App/Terminate App' successfully]]></system-out>
         <system-err><![CDATA[]]></system-err>
      </testcase>
      <testcase name="Test Cases/Mobile/Scenario/Analysis/002 - User memilih salah satu saham (chart)" time="65.514" classname="Test Cases/Mobile/Scenario/Analysis/002 - User memilih salah satu saham (chart)" status="PASSED">
         <system-out><![CDATA[2021-12-06 08:20:07 - [TEST_CASE][PASSED] - Test Cases/Mobile/Scenario/Analysis/002 - User memilih salah satu saham (chart): Test Cases/Mobile/Scenario/Analysis/002 - User memilih salah satu saham (chart)

2021-12-06 08:20:07 - [TEST_STEP][PASSED] - callTestCase(findTestCase("Mobile/Page/Run App/Run App byID"), [:], STOP_ON_FAILURE): Call Test Case 'Test Cases/Mobile/Page/Run App/Run App byID' successfully

2021-12-06 08:20:07 - [TEST_CASE][PASSED] - Test Cases/Mobile/Page/Run App/Run App byID: Test Cases/Mobile/Page/Run App/Run App byID

2021-12-06 08:20:07 - [TEST_STEP][PASSED] - startApp.OpenApp.startApplication("id.co.miraeasset.sageclub"): startApp.OpenApp.startApplication is PASSED

2021-12-06 08:20:19 - [MESSAGE][PASSED] - Starting app with application ID: 'id.co.miraeasset.sageclub'

2021-12-06 08:20:19 - [MESSAGE][PASSED] - startApp.OpenApp.startApplication is PASSED

2021-12-06 08:20:19 - [MESSAGE][PASSED] - Call Test Case 'Test Cases/Mobile/Page/Run App/Run App byID' successfully

2021-12-06 08:20:19 - [TEST_STEP][PASSED] - callTestCase(findTestCase("Mobile/Page/Analysis/Analysis"), ["action":"technicaldetail"], CONTINUE_ON_FAILURE): Call Test Case 'Test Cases/Mobile/Page/Analysis/Analysis' successfully

2021-12-06 08:20:19 - [TEST_CASE][PASSED] - Test Cases/Mobile/Page/Analysis/Analysis: Test Cases/Mobile/Page/Analysis/Analysis

2021-12-06 08:20:19 - [TEST_STEP][PASSED] - loginCheck = verifyElementExist(findTestObject("Object Repository/Mobile/Page/Login/Button - Login"), 2, CONTINUE_ON_FAILURE): Element 'Object Repository/Mobile/Page/Login/Button - Login' is exist

2021-12-06 08:20:21 - [MESSAGE][PASSED] - Element 'Object Repository/Mobile/Page/Login/Button - Login' is exist

2021-12-06 08:20:21 - [TEST_STEP][PASSED] - if (loginCheck): Call Test Case 'Test Cases/Mobile/Page/Login/Login' successfully

2021-12-06 08:20:21 - [TEST_STEP][PASSED] - callTestCase(findTestCase("Mobile/Page/Login/Login"), [:], CONTINUE_ON_FAILURE): Call Test Case 'Test Cases/Mobile/Page/Login/Login' successfully

2021-12-06 08:20:21 - [TEST_CASE][PASSED] - Test Cases/Mobile/Page/Login/Login: Test Cases/Mobile/Page/Login/Login

2021-12-06 08:20:21 - [TEST_STEP][PASSED] - delay(2): Delayed 2 second(s)

2021-12-06 08:20:23 - [MESSAGE][PASSED] - Delayed 2 second(s)

2021-12-06 08:20:23 - [TEST_STEP][PASSED] - tap(findTestObject("Object Repository/Mobile/Page/Login/Input - UserID"), 0): Tapped on element 'Object Repository/Mobile/Page/Login/Input - UserID'

2021-12-06 08:20:23 - [MESSAGE][WARNING] - Timeout '0' is invalid. Using default page load timeout: '60'

2021-12-06 08:20:23 - [MESSAGE][PASSED] - Tapped on element 'Object Repository/Mobile/Page/Login/Input - UserID'

2021-12-06 08:20:23 - [TEST_STEP][PASSED] - delay(1): Delayed 1 second(s)

2021-12-06 08:20:24 - [MESSAGE][PASSED] - Delayed 1 second(s)

2021-12-06 08:20:24 - [TEST_STEP][PASSED] - setText(findTestObject("Object Repository/Mobile/Page/Login/Input Rdy - UserID"), "anggaaditya", 0): Text 'anggaaditya' has been set to element 'Object Repository/Mobile/Page/Login/Input Rdy - UserID'

2021-12-06 08:20:24 - [MESSAGE][WARNING] - Timeout '0' is invalid. Using default page load timeout: '60'

2021-12-06 08:20:25 - [MESSAGE][PASSED] - Text 'anggaaditya' has been set to element 'Object Repository/Mobile/Page/Login/Input Rdy - UserID'

2021-12-06 08:20:25 - [TEST_STEP][PASSED] - delay(1): Delayed 1 second(s)

2021-12-06 08:20:26 - [MESSAGE][PASSED] - Delayed 1 second(s)

2021-12-06 08:20:26 - [TEST_STEP][PASSED] - hideKeyboard(): Keyboard is hidden

2021-12-06 08:20:29 - [MESSAGE][PASSED] - Keyboard is hidden

2021-12-06 08:20:29 - [TEST_STEP][PASSED] - tap(findTestObject("Object Repository/Mobile/Page/Login/Input - Password"), 0): Tapped on element 'Object Repository/Mobile/Page/Login/Input - Password'

2021-12-06 08:20:29 - [MESSAGE][WARNING] - Timeout '0' is invalid. Using default page load timeout: '60'

2021-12-06 08:20:30 - [MESSAGE][PASSED] - Tapped on element 'Object Repository/Mobile/Page/Login/Input - Password'

2021-12-06 08:20:30 - [TEST_STEP][PASSED] - delay(1): Delayed 1 second(s)

2021-12-06 08:20:31 - [MESSAGE][PASSED] - Delayed 1 second(s)

2021-12-06 08:20:31 - [TEST_STEP][PASSED] - setText(findTestObject("Object Repository/Mobile/Page/Login/Input Rdy - Password"), "Shalawa18", 0): Text 'Shalawa18' has been set to element 'Object Repository/Mobile/Page/Login/Input Rdy - Password'

2021-12-06 08:20:31 - [MESSAGE][WARNING] - Timeout '0' is invalid. Using default page load timeout: '60'

2021-12-06 08:20:31 - [MESSAGE][PASSED] - Text 'Shalawa18' has been set to element 'Object Repository/Mobile/Page/Login/Input Rdy - Password'

2021-12-06 08:20:31 - [TEST_STEP][PASSED] - delay(1): Delayed 1 second(s)

2021-12-06 08:20:32 - [MESSAGE][PASSED] - Delayed 1 second(s)

2021-12-06 08:20:32 - [TEST_STEP][PASSED] - hideKeyboard(): Keyboard is hidden

2021-12-06 08:20:39 - [MESSAGE][PASSED] - Keyboard is hidden

2021-12-06 08:20:39 - [TEST_STEP][PASSED] - tap(findTestObject("Object Repository/Mobile/Page/Login/Button - Login"), 0): Tapped on element 'Object Repository/Mobile/Page/Login/Button - Login'

2021-12-06 08:20:39 - [MESSAGE][WARNING] - Timeout '0' is invalid. Using default page load timeout: '60'

2021-12-06 08:20:39 - [MESSAGE][PASSED] - Tapped on element 'Object Repository/Mobile/Page/Login/Button - Login'

2021-12-06 08:20:39 - [TEST_STEP][PASSED] - delay(2): Delayed 2 second(s)

2021-12-06 08:20:41 - [MESSAGE][PASSED] - Delayed 2 second(s)

2021-12-06 08:20:41 - [MESSAGE][PASSED] - Call Test Case 'Test Cases/Mobile/Page/Login/Login' successfully

2021-12-06 08:20:41 - [TEST_STEP][PASSED] - tap(findTestObject("Object Repository/Mobile/Page/Home/Menubar - Analysis"), 0): Tapped on element 'Object Repository/Mobile/Page/Home/Menubar - Analysis'

2021-12-06 08:20:41 - [MESSAGE][WARNING] - Timeout '0' is invalid. Using default page load timeout: '60'

2021-12-06 08:20:44 - [MESSAGE][PASSED] - Tapped on element 'Object Repository/Mobile/Page/Home/Menubar - Analysis'

2021-12-06 08:20:44 - [TEST_STEP][PASSED] - delay(1): Delayed 1 second(s)

2021-12-06 08:20:45 - [MESSAGE][PASSED] - Delayed 1 second(s)

2021-12-06 08:20:45 - [TEST_STEP][PASSED] - for ([i = 0, i < 1, (i++)]): Delayed 2 second(s)

2021-12-06 08:20:45 - [TEST_STEP][PASSED] - if (action == "technicalsearch"): null

2021-12-06 08:20:45 - [TEST_STEP][PASSED] - else if (action == "technicaldetail"): Delayed 2 second(s)

2021-12-06 08:20:45 - [TEST_STEP][PASSED] - tap(findTestObject("Object Repository/Mobile/Page/Analysis/Item - Top Technical"), 0): Tapped on element 'Object Repository/Mobile/Page/Analysis/Item - Top Technical'

2021-12-06 08:20:45 - [MESSAGE][WARNING] - Timeout '0' is invalid. Using default page load timeout: '60'

2021-12-06 08:20:47 - [MESSAGE][PASSED] - Tapped on element 'Object Repository/Mobile/Page/Analysis/Item - Top Technical'

2021-12-06 08:20:47 - [TEST_STEP][PASSED] - delay(3): Delayed 3 second(s)

2021-12-06 08:20:50 - [MESSAGE][PASSED] - Delayed 3 second(s)

2021-12-06 08:20:50 - [TEST_STEP][PASSED] - tap(findTestObject("Object Repository/Mobile/Page/Analysis/Detail/Button - D"), 0): Tapped on element 'Object Repository/Mobile/Page/Analysis/Detail/Button - D'

2021-12-06 08:20:50 - [MESSAGE][WARNING] - Timeout '0' is invalid. Using default page load timeout: '60'

2021-12-06 08:20:51 - [MESSAGE][PASSED] - Tapped on element 'Object Repository/Mobile/Page/Analysis/Detail/Button - D'

2021-12-06 08:20:51 - [TEST_STEP][PASSED] - delay(2): Delayed 2 second(s)

2021-12-06 08:20:53 - [MESSAGE][PASSED] - Delayed 2 second(s)

2021-12-06 08:20:53 - [TEST_STEP][PASSED] - tap(findTestObject("Object Repository/Mobile/Page/Analysis/Detail/Button - W"), 0): Tapped on element 'Object Repository/Mobile/Page/Analysis/Detail/Button - W'

2021-12-06 08:20:53 - [MESSAGE][WARNING] - Timeout '0' is invalid. Using default page load timeout: '60'

2021-12-06 08:20:54 - [MESSAGE][PASSED] - Tapped on element 'Object Repository/Mobile/Page/Analysis/Detail/Button - W'

2021-12-06 08:20:54 - [TEST_STEP][PASSED] - delay(2): Delayed 2 second(s)

2021-12-06 08:20:56 - [MESSAGE][PASSED] - Delayed 2 second(s)

2021-12-06 08:20:56 - [TEST_STEP][PASSED] - tap(findTestObject("Object Repository/Mobile/Page/Analysis/Detail/Button - M"), 0): Tapped on element 'Object Repository/Mobile/Page/Analysis/Detail/Button - M'

2021-12-06 08:20:56 - [MESSAGE][WARNING] - Timeout '0' is invalid. Using default page load timeout: '60'

2021-12-06 08:20:57 - [MESSAGE][PASSED] - Tapped on element 'Object Repository/Mobile/Page/Analysis/Detail/Button - M'

2021-12-06 08:20:57 - [TEST_STEP][PASSED] - delay(2): Delayed 2 second(s)

2021-12-06 08:20:59 - [MESSAGE][PASSED] - Delayed 2 second(s)

2021-12-06 08:20:59 - [TEST_STEP][PASSED] - tap(findTestObject("Object Repository/Mobile/Page/Analysis/Detail/Button - Y"), 0): Tapped on element 'Object Repository/Mobile/Page/Analysis/Detail/Button - Y'

2021-12-06 08:20:59 - [MESSAGE][WARNING] - Timeout '0' is invalid. Using default page load timeout: '60'

2021-12-06 08:21:00 - [MESSAGE][PASSED] - Tapped on element 'Object Repository/Mobile/Page/Analysis/Detail/Button - Y'

2021-12-06 08:21:00 - [TEST_STEP][PASSED] - delay(2): Delayed 2 second(s)

2021-12-06 08:21:02 - [MESSAGE][PASSED] - Delayed 2 second(s)

2021-12-06 08:21:02 - [MESSAGE][PASSED] - Call Test Case 'Test Cases/Mobile/Page/Analysis/Analysis' successfully

2021-12-06 08:21:02 - [TEST_STEP][PASSED] - callTestCase(findTestCase("Mobile/Page/Run App/Terminate App"), [:], STOP_ON_FAILURE): Call Test Case 'Test Cases/Mobile/Page/Run App/Terminate App' successfully

2021-12-06 08:21:02 - [TEST_CASE][PASSED] - Test Cases/Mobile/Page/Run App/Terminate App: Test Cases/Mobile/Page/Run App/Terminate App

2021-12-06 08:21:02 - [TEST_STEP][PASSED] - startApp.OpenApp.terminateApplication(): startApp.OpenApp.terminateApplication is PASSED

2021-12-06 08:21:05 - [MESSAGE][PASSED] - Delayed 3 second(s)

2021-12-06 08:21:05 - [MESSAGE][PASSED] - Current device physical width is 720

2021-12-06 08:21:05 - [MESSAGE][PASSED] - Current device physical height is 1423

2021-12-06 08:21:07 - [MESSAGE][PASSED] - Swiped from 360,853 to 360,142

2021-12-06 08:21:08 - [MESSAGE][PASSED] - Delayed 1 second(s)

2021-12-06 08:21:09 - [MESSAGE][PASSED] - Swiped from 360,853 to 360,142

2021-12-06 08:21:12 - [MESSAGE][PASSED] - Delayed 3 second(s)

2021-12-06 08:21:12 - [MESSAGE][PASSED] - startApp.OpenApp.terminateApplication is PASSED

2021-12-06 08:21:12 - [MESSAGE][PASSED] - Call Test Case 'Test Cases/Mobile/Page/Run App/Terminate App' successfully]]></system-out>
         <system-err><![CDATA[]]></system-err>
      </testcase>
      <testcase name="Test Cases/Mobile/Scenario/Analysis/003 - User memilh Research Report" time="63.792" classname="Test Cases/Mobile/Scenario/Analysis/003 - User memilh Research Report" status="PASSED">
         <system-out><![CDATA[2021-12-06 08:21:12 - [TEST_CASE][PASSED] - Test Cases/Mobile/Scenario/Analysis/003 - User memilh Research Report: Test Cases/Mobile/Scenario/Analysis/003 - User memilh Research Report

2021-12-06 08:21:12 - [TEST_STEP][PASSED] - callTestCase(findTestCase("Mobile/Page/Run App/Run App byID"), [:], STOP_ON_FAILURE): Call Test Case 'Test Cases/Mobile/Page/Run App/Run App byID' successfully

2021-12-06 08:21:13 - [TEST_CASE][PASSED] - Test Cases/Mobile/Page/Run App/Run App byID: Test Cases/Mobile/Page/Run App/Run App byID

2021-12-06 08:21:13 - [TEST_STEP][PASSED] - startApp.OpenApp.startApplication("id.co.miraeasset.sageclub"): startApp.OpenApp.startApplication is PASSED

2021-12-06 08:21:24 - [MESSAGE][PASSED] - Starting app with application ID: 'id.co.miraeasset.sageclub'

2021-12-06 08:21:24 - [MESSAGE][PASSED] - startApp.OpenApp.startApplication is PASSED

2021-12-06 08:21:24 - [MESSAGE][PASSED] - Call Test Case 'Test Cases/Mobile/Page/Run App/Run App byID' successfully

2021-12-06 08:21:24 - [TEST_STEP][PASSED] - callTestCase(findTestCase("Mobile/Page/Analysis/Analysis"), ["action":"researchdetail"], CONTINUE_ON_FAILURE): Call Test Case 'Test Cases/Mobile/Page/Analysis/Analysis' successfully

2021-12-06 08:21:24 - [TEST_CASE][PASSED] - Test Cases/Mobile/Page/Analysis/Analysis: Test Cases/Mobile/Page/Analysis/Analysis

2021-12-06 08:21:24 - [TEST_STEP][PASSED] - loginCheck = verifyElementExist(findTestObject("Object Repository/Mobile/Page/Login/Button - Login"), 2, CONTINUE_ON_FAILURE): Element 'Object Repository/Mobile/Page/Login/Button - Login' is exist

2021-12-06 08:21:26 - [MESSAGE][PASSED] - Element 'Object Repository/Mobile/Page/Login/Button - Login' is exist

2021-12-06 08:21:26 - [TEST_STEP][PASSED] - if (loginCheck): Call Test Case 'Test Cases/Mobile/Page/Login/Login' successfully

2021-12-06 08:21:26 - [TEST_STEP][PASSED] - callTestCase(findTestCase("Mobile/Page/Login/Login"), [:], CONTINUE_ON_FAILURE): Call Test Case 'Test Cases/Mobile/Page/Login/Login' successfully

2021-12-06 08:21:26 - [TEST_CASE][PASSED] - Test Cases/Mobile/Page/Login/Login: Test Cases/Mobile/Page/Login/Login

2021-12-06 08:21:26 - [TEST_STEP][PASSED] - delay(2): Delayed 2 second(s)

2021-12-06 08:21:28 - [MESSAGE][PASSED] - Delayed 2 second(s)

2021-12-06 08:21:28 - [TEST_STEP][PASSED] - tap(findTestObject("Object Repository/Mobile/Page/Login/Input - UserID"), 0): Tapped on element 'Object Repository/Mobile/Page/Login/Input - UserID'

2021-12-06 08:21:28 - [MESSAGE][WARNING] - Timeout '0' is invalid. Using default page load timeout: '60'

2021-12-06 08:21:29 - [MESSAGE][PASSED] - Tapped on element 'Object Repository/Mobile/Page/Login/Input - UserID'

2021-12-06 08:21:29 - [TEST_STEP][PASSED] - delay(1): Delayed 1 second(s)

2021-12-06 08:21:30 - [MESSAGE][PASSED] - Delayed 1 second(s)

2021-12-06 08:21:30 - [TEST_STEP][PASSED] - setText(findTestObject("Object Repository/Mobile/Page/Login/Input Rdy - UserID"), "anggaaditya", 0): Text 'anggaaditya' has been set to element 'Object Repository/Mobile/Page/Login/Input Rdy - UserID'

2021-12-06 08:21:30 - [MESSAGE][WARNING] - Timeout '0' is invalid. Using default page load timeout: '60'

2021-12-06 08:21:31 - [MESSAGE][PASSED] - Text 'anggaaditya' has been set to element 'Object Repository/Mobile/Page/Login/Input Rdy - UserID'

2021-12-06 08:21:31 - [TEST_STEP][PASSED] - delay(1): Delayed 1 second(s)

2021-12-06 08:21:32 - [MESSAGE][PASSED] - Delayed 1 second(s)

2021-12-06 08:21:32 - [TEST_STEP][PASSED] - hideKeyboard(): Keyboard is hidden

2021-12-06 08:21:35 - [MESSAGE][PASSED] - Keyboard is hidden

2021-12-06 08:21:35 - [TEST_STEP][PASSED] - tap(findTestObject("Object Repository/Mobile/Page/Login/Input - Password"), 0): Tapped on element 'Object Repository/Mobile/Page/Login/Input - Password'

2021-12-06 08:21:35 - [MESSAGE][WARNING] - Timeout '0' is invalid. Using default page load timeout: '60'

2021-12-06 08:21:36 - [MESSAGE][PASSED] - Tapped on element 'Object Repository/Mobile/Page/Login/Input - Password'

2021-12-06 08:21:36 - [TEST_STEP][PASSED] - delay(1): Delayed 1 second(s)

2021-12-06 08:21:37 - [MESSAGE][PASSED] - Delayed 1 second(s)

2021-12-06 08:21:37 - [TEST_STEP][PASSED] - setText(findTestObject("Object Repository/Mobile/Page/Login/Input Rdy - Password"), "Shalawa18", 0): Text 'Shalawa18' has been set to element 'Object Repository/Mobile/Page/Login/Input Rdy - Password'

2021-12-06 08:21:37 - [MESSAGE][WARNING] - Timeout '0' is invalid. Using default page load timeout: '60'

2021-12-06 08:21:37 - [MESSAGE][PASSED] - Text 'Shalawa18' has been set to element 'Object Repository/Mobile/Page/Login/Input Rdy - Password'

2021-12-06 08:21:37 - [TEST_STEP][PASSED] - delay(1): Delayed 1 second(s)

2021-12-06 08:21:38 - [MESSAGE][PASSED] - Delayed 1 second(s)

2021-12-06 08:21:38 - [TEST_STEP][PASSED] - hideKeyboard(): Keyboard is hidden

2021-12-06 08:21:45 - [MESSAGE][PASSED] - Keyboard is hidden

2021-12-06 08:21:45 - [TEST_STEP][PASSED] - tap(findTestObject("Object Repository/Mobile/Page/Login/Button - Login"), 0): Tapped on element 'Object Repository/Mobile/Page/Login/Button - Login'

2021-12-06 08:21:45 - [MESSAGE][WARNING] - Timeout '0' is invalid. Using default page load timeout: '60'

2021-12-06 08:21:46 - [MESSAGE][PASSED] - Tapped on element 'Object Repository/Mobile/Page/Login/Button - Login'

2021-12-06 08:21:46 - [TEST_STEP][PASSED] - delay(2): Delayed 2 second(s)

2021-12-06 08:21:48 - [MESSAGE][PASSED] - Delayed 2 second(s)

2021-12-06 08:21:48 - [MESSAGE][PASSED] - Call Test Case 'Test Cases/Mobile/Page/Login/Login' successfully

2021-12-06 08:21:48 - [TEST_STEP][PASSED] - tap(findTestObject("Object Repository/Mobile/Page/Home/Menubar - Analysis"), 0): Tapped on element 'Object Repository/Mobile/Page/Home/Menubar - Analysis'

2021-12-06 08:21:48 - [MESSAGE][WARNING] - Timeout '0' is invalid. Using default page load timeout: '60'

2021-12-06 08:21:49 - [MESSAGE][PASSED] - Tapped on element 'Object Repository/Mobile/Page/Home/Menubar - Analysis'

2021-12-06 08:21:49 - [TEST_STEP][PASSED] - delay(1): Delayed 1 second(s)

2021-12-06 08:21:50 - [MESSAGE][PASSED] - Delayed 1 second(s)

2021-12-06 08:21:50 - [TEST_STEP][PASSED] - for ([i = 0, i < 1, (i++)]): Press back button successfully

2021-12-06 08:21:50 - [TEST_STEP][PASSED] - if (action == "technicalsearch"): null

2021-12-06 08:21:50 - [TEST_STEP][PASSED] - else if (action == "technicaldetail"): null

2021-12-06 08:21:50 - [TEST_STEP][PASSED] - else if (action == "researchdetail"): Press back button successfully

2021-12-06 08:21:50 - [TEST_STEP][PASSED] - tap(findTestObject("Object Repository/Mobile/Page/Analysis/Tab - Research Report"), 0): Tapped on element 'Object Repository/Mobile/Page/Analysis/Tab - Research Report'

2021-12-06 08:21:50 - [MESSAGE][WARNING] - Timeout '0' is invalid. Using default page load timeout: '60'

2021-12-06 08:21:52 - [MESSAGE][PASSED] - Tapped on element 'Object Repository/Mobile/Page/Analysis/Tab - Research Report'

2021-12-06 08:21:52 - [TEST_STEP][PASSED] - delay(1): Delayed 1 second(s)

2021-12-06 08:21:53 - [MESSAGE][PASSED] - Delayed 1 second(s)

2021-12-06 08:21:53 - [TEST_STEP][PASSED] - tapAndHold(findTestObject("Object Repository/Mobile/Page/Analysis/Item - Top Search"), 1, 0): Tapped and held on element 'Object Repository/Mobile/Page/Analysis/Item - Top Search' with duration 1

2021-12-06 08:21:53 - [MESSAGE][WARNING] - Timeout '0' is invalid. Using default page load timeout: '60'

2021-12-06 08:21:56 - [MESSAGE][PASSED] - Tapped and held on element 'Object Repository/Mobile/Page/Analysis/Item - Top Search' with duration 1

2021-12-06 08:21:56 - [TEST_STEP][PASSED] - delay(3): Delayed 3 second(s)

2021-12-06 08:21:59 - [MESSAGE][PASSED] - Delayed 3 second(s)

2021-12-06 08:21:59 - [TEST_STEP][PASSED] - tap(findTestObject("Object Repository/Mobile/Page/Analysis/Button - Open With Just Once"), 0): Tapped on element 'Object Repository/Mobile/Page/Analysis/Button - Open With Just Once'

2021-12-06 08:21:59 - [MESSAGE][WARNING] - Timeout '0' is invalid. Using default page load timeout: '60'

2021-12-06 08:22:01 - [MESSAGE][PASSED] - Tapped on element 'Object Repository/Mobile/Page/Analysis/Button - Open With Just Once'

2021-12-06 08:22:01 - [TEST_STEP][PASSED] - delay(3): Delayed 3 second(s)

2021-12-06 08:22:04 - [MESSAGE][PASSED] - Delayed 3 second(s)

2021-12-06 08:22:04 - [TEST_STEP][PASSED] - pressBack(): Press back button successfully

2021-12-06 08:22:05 - [MESSAGE][PASSED] - Press back button successfully

2021-12-06 08:22:05 - [MESSAGE][PASSED] - Call Test Case 'Test Cases/Mobile/Page/Analysis/Analysis' successfully

2021-12-06 08:22:05 - [TEST_STEP][PASSED] - callTestCase(findTestCase("Mobile/Page/Run App/Terminate App"), [:], STOP_ON_FAILURE): Call Test Case 'Test Cases/Mobile/Page/Run App/Terminate App' successfully

2021-12-06 08:22:05 - [TEST_CASE][PASSED] - Test Cases/Mobile/Page/Run App/Terminate App: Test Cases/Mobile/Page/Run App/Terminate App

2021-12-06 08:22:05 - [TEST_STEP][PASSED] - startApp.OpenApp.terminateApplication(): startApp.OpenApp.terminateApplication is PASSED

2021-12-06 08:22:09 - [MESSAGE][PASSED] - Delayed 3 second(s)

2021-12-06 08:22:09 - [MESSAGE][PASSED] - Current device physical width is 720

2021-12-06 08:22:09 - [MESSAGE][PASSED] - Current device physical height is 1423

2021-12-06 08:22:11 - [MESSAGE][PASSED] - Swiped from 360,853 to 360,142

2021-12-06 08:22:12 - [MESSAGE][PASSED] - Delayed 1 second(s)

2021-12-06 08:22:13 - [MESSAGE][PASSED] - Swiped from 360,853 to 360,142

2021-12-06 08:22:16 - [MESSAGE][PASSED] - Delayed 3 second(s)

2021-12-06 08:22:16 - [MESSAGE][PASSED] - startApp.OpenApp.terminateApplication is PASSED

2021-12-06 08:22:16 - [MESSAGE][PASSED] - Call Test Case 'Test Cases/Mobile/Page/Run App/Terminate App' successfully]]></system-out>
         <system-err><![CDATA[]]></system-err>
      </testcase>
      <testcase name="Test Cases/Mobile/Scenario/Analysis/004 - User mencari research report" time="65.814" classname="Test Cases/Mobile/Scenario/Analysis/004 - User mencari research report" status="PASSED">
         <system-out><![CDATA[2021-12-06 08:22:16 - [TEST_CASE][PASSED] - Test Cases/Mobile/Scenario/Analysis/004 - User mencari research report: Test Cases/Mobile/Scenario/Analysis/004 - User mencari research report

2021-12-06 08:22:16 - [TEST_STEP][PASSED] - callTestCase(findTestCase("Mobile/Page/Run App/Run App byID"), [:], STOP_ON_FAILURE): Call Test Case 'Test Cases/Mobile/Page/Run App/Run App byID' successfully

2021-12-06 08:22:16 - [TEST_CASE][PASSED] - Test Cases/Mobile/Page/Run App/Run App byID: Test Cases/Mobile/Page/Run App/Run App byID

2021-12-06 08:22:16 - [TEST_STEP][PASSED] - startApp.OpenApp.startApplication("id.co.miraeasset.sageclub"): startApp.OpenApp.startApplication is PASSED

2021-12-06 08:22:28 - [MESSAGE][PASSED] - Starting app with application ID: 'id.co.miraeasset.sageclub'

2021-12-06 08:22:28 - [MESSAGE][PASSED] - startApp.OpenApp.startApplication is PASSED

2021-12-06 08:22:28 - [MESSAGE][PASSED] - Call Test Case 'Test Cases/Mobile/Page/Run App/Run App byID' successfully

2021-12-06 08:22:28 - [TEST_STEP][PASSED] - callTestCase(findTestCase("Mobile/Page/Analysis/Analysis"), ["action":"researchsearch"], CONTINUE_ON_FAILURE): Call Test Case 'Test Cases/Mobile/Page/Analysis/Analysis' successfully

2021-12-06 08:22:28 - [TEST_CASE][PASSED] - Test Cases/Mobile/Page/Analysis/Analysis: Test Cases/Mobile/Page/Analysis/Analysis

2021-12-06 08:22:28 - [TEST_STEP][PASSED] - loginCheck = verifyElementExist(findTestObject("Object Repository/Mobile/Page/Login/Button - Login"), 2, CONTINUE_ON_FAILURE): Element 'Object Repository/Mobile/Page/Login/Button - Login' is exist

2021-12-06 08:22:30 - [MESSAGE][PASSED] - Element 'Object Repository/Mobile/Page/Login/Button - Login' is exist

2021-12-06 08:22:30 - [TEST_STEP][PASSED] - if (loginCheck): Call Test Case 'Test Cases/Mobile/Page/Login/Login' successfully

2021-12-06 08:22:30 - [TEST_STEP][PASSED] - callTestCase(findTestCase("Mobile/Page/Login/Login"), [:], CONTINUE_ON_FAILURE): Call Test Case 'Test Cases/Mobile/Page/Login/Login' successfully

2021-12-06 08:22:30 - [TEST_CASE][PASSED] - Test Cases/Mobile/Page/Login/Login: Test Cases/Mobile/Page/Login/Login

2021-12-06 08:22:30 - [TEST_STEP][PASSED] - delay(2): Delayed 2 second(s)

2021-12-06 08:22:32 - [MESSAGE][PASSED] - Delayed 2 second(s)

2021-12-06 08:22:32 - [TEST_STEP][PASSED] - tap(findTestObject("Object Repository/Mobile/Page/Login/Input - UserID"), 0): Tapped on element 'Object Repository/Mobile/Page/Login/Input - UserID'

2021-12-06 08:22:33 - [MESSAGE][WARNING] - Timeout '0' is invalid. Using default page load timeout: '60'

2021-12-06 08:22:33 - [MESSAGE][PASSED] - Tapped on element 'Object Repository/Mobile/Page/Login/Input - UserID'

2021-12-06 08:22:33 - [TEST_STEP][PASSED] - delay(1): Delayed 1 second(s)

2021-12-06 08:22:34 - [MESSAGE][PASSED] - Delayed 1 second(s)

2021-12-06 08:22:34 - [TEST_STEP][PASSED] - setText(findTestObject("Object Repository/Mobile/Page/Login/Input Rdy - UserID"), "anggaaditya", 0): Text 'anggaaditya' has been set to element 'Object Repository/Mobile/Page/Login/Input Rdy - UserID'

2021-12-06 08:22:34 - [MESSAGE][WARNING] - Timeout '0' is invalid. Using default page load timeout: '60'

2021-12-06 08:22:35 - [MESSAGE][PASSED] - Text 'anggaaditya' has been set to element 'Object Repository/Mobile/Page/Login/Input Rdy - UserID'

2021-12-06 08:22:35 - [TEST_STEP][PASSED] - delay(1): Delayed 1 second(s)

2021-12-06 08:22:36 - [MESSAGE][PASSED] - Delayed 1 second(s)

2021-12-06 08:22:36 - [TEST_STEP][PASSED] - hideKeyboard(): Keyboard is hidden

2021-12-06 08:22:39 - [MESSAGE][PASSED] - Keyboard is hidden

2021-12-06 08:22:39 - [TEST_STEP][PASSED] - tap(findTestObject("Object Repository/Mobile/Page/Login/Input - Password"), 0): Tapped on element 'Object Repository/Mobile/Page/Login/Input - Password'

2021-12-06 08:22:39 - [MESSAGE][WARNING] - Timeout '0' is invalid. Using default page load timeout: '60'

2021-12-06 08:22:40 - [MESSAGE][PASSED] - Tapped on element 'Object Repository/Mobile/Page/Login/Input - Password'

2021-12-06 08:22:40 - [TEST_STEP][PASSED] - delay(1): Delayed 1 second(s)

2021-12-06 08:22:41 - [MESSAGE][PASSED] - Delayed 1 second(s)

2021-12-06 08:22:41 - [TEST_STEP][PASSED] - setText(findTestObject("Object Repository/Mobile/Page/Login/Input Rdy - Password"), "Shalawa18", 0): Text 'Shalawa18' has been set to element 'Object Repository/Mobile/Page/Login/Input Rdy - Password'

2021-12-06 08:22:41 - [MESSAGE][WARNING] - Timeout '0' is invalid. Using default page load timeout: '60'

2021-12-06 08:22:42 - [MESSAGE][PASSED] - Text 'Shalawa18' has been set to element 'Object Repository/Mobile/Page/Login/Input Rdy - Password'

2021-12-06 08:22:42 - [TEST_STEP][PASSED] - delay(1): Delayed 1 second(s)

2021-12-06 08:22:43 - [MESSAGE][PASSED] - Delayed 1 second(s)

2021-12-06 08:22:43 - [TEST_STEP][PASSED] - hideKeyboard(): Keyboard is hidden

2021-12-06 08:22:49 - [MESSAGE][PASSED] - Keyboard is hidden

2021-12-06 08:22:49 - [TEST_STEP][PASSED] - tap(findTestObject("Object Repository/Mobile/Page/Login/Button - Login"), 0): Tapped on element 'Object Repository/Mobile/Page/Login/Button - Login'

2021-12-06 08:22:49 - [MESSAGE][WARNING] - Timeout '0' is invalid. Using default page load timeout: '60'

2021-12-06 08:22:50 - [MESSAGE][PASSED] - Tapped on element 'Object Repository/Mobile/Page/Login/Button - Login'

2021-12-06 08:22:50 - [TEST_STEP][PASSED] - delay(2): Delayed 2 second(s)

2021-12-06 08:22:52 - [MESSAGE][PASSED] - Delayed 2 second(s)

2021-12-06 08:22:52 - [MESSAGE][PASSED] - Call Test Case 'Test Cases/Mobile/Page/Login/Login' successfully

2021-12-06 08:22:52 - [TEST_STEP][PASSED] - tap(findTestObject("Object Repository/Mobile/Page/Home/Menubar - Analysis"), 0): Tapped on element 'Object Repository/Mobile/Page/Home/Menubar - Analysis'

2021-12-06 08:22:52 - [MESSAGE][WARNING] - Timeout '0' is invalid. Using default page load timeout: '60'

2021-12-06 08:22:53 - [MESSAGE][PASSED] - Tapped on element 'Object Repository/Mobile/Page/Home/Menubar - Analysis'

2021-12-06 08:22:53 - [TEST_STEP][PASSED] - delay(1): Delayed 1 second(s)

2021-12-06 08:22:54 - [MESSAGE][PASSED] - Delayed 1 second(s)

2021-12-06 08:22:54 - [TEST_STEP][PASSED] - for ([i = 0, i < 1, (i++)]): Press back button successfully

2021-12-06 08:22:54 - [TEST_STEP][PASSED] - if (action == "technicalsearch"): null

2021-12-06 08:22:54 - [TEST_STEP][PASSED] - else if (action == "technicaldetail"): null

2021-12-06 08:22:54 - [TEST_STEP][PASSED] - else if (action == "researchdetail"): null

2021-12-06 08:22:54 - [TEST_STEP][PASSED] - else if (action == "researchsearch"): Press back button successfully

2021-12-06 08:22:54 - [TEST_STEP][PASSED] - tap(findTestObject("Object Repository/Mobile/Page/Analysis/Tab - Research Report"), 0): Tapped on element 'Object Repository/Mobile/Page/Analysis/Tab - Research Report'

2021-12-06 08:22:54 - [MESSAGE][WARNING] - Timeout '0' is invalid. Using default page load timeout: '60'

2021-12-06 08:22:54 - [MESSAGE][PASSED] - Tapped on element 'Object Repository/Mobile/Page/Analysis/Tab - Research Report'

2021-12-06 08:22:54 - [TEST_STEP][PASSED] - delay(1): Delayed 1 second(s)

2021-12-06 08:22:55 - [MESSAGE][PASSED] - Delayed 1 second(s)

2021-12-06 08:22:55 - [TEST_STEP][PASSED] - tap(findTestObject("Object Repository/Mobile/Page/Analysis/Input - Search"), 0): Tapped on element 'Object Repository/Mobile/Page/Analysis/Input - Search'

2021-12-06 08:22:55 - [MESSAGE][WARNING] - Timeout '0' is invalid. Using default page load timeout: '60'

2021-12-06 08:22:56 - [MESSAGE][PASSED] - Tapped on element 'Object Repository/Mobile/Page/Analysis/Input - Search'

2021-12-06 08:22:56 - [TEST_STEP][PASSED] - delay(1): Delayed 1 second(s)

2021-12-06 08:22:57 - [MESSAGE][PASSED] - Delayed 1 second(s)

2021-12-06 08:22:57 - [TEST_STEP][PASSED] - setText(findTestObject("Object Repository/Mobile/Page/Analysis/Input - Search"), "surya", 0): Text 'surya' has been set to element 'Object Repository/Mobile/Page/Analysis/Input - Search'

2021-12-06 08:22:57 - [MESSAGE][WARNING] - Timeout '0' is invalid. Using default page load timeout: '60'

2021-12-06 08:22:57 - [MESSAGE][PASSED] - Text 'surya' has been set to element 'Object Repository/Mobile/Page/Analysis/Input - Search'

2021-12-06 08:22:57 - [TEST_STEP][PASSED] - hideKeyboard(): Keyboard is hidden

2021-12-06 08:23:01 - [MESSAGE][PASSED] - Keyboard is hidden

2021-12-06 08:23:01 - [TEST_STEP][PASSED] - tapAndHold(findTestObject("Object Repository/Mobile/Page/Analysis/Item - Top Search"), 1, 0): Tapped and held on element 'Object Repository/Mobile/Page/Analysis/Item - Top Search' with duration 1

2021-12-06 08:23:01 - [MESSAGE][WARNING] - Timeout '0' is invalid. Using default page load timeout: '60'

2021-12-06 08:23:04 - [MESSAGE][PASSED] - Tapped and held on element 'Object Repository/Mobile/Page/Analysis/Item - Top Search' with duration 1

2021-12-06 08:23:04 - [TEST_STEP][PASSED] - delay(3): Delayed 3 second(s)

2021-12-06 08:23:07 - [MESSAGE][PASSED] - Delayed 3 second(s)

2021-12-06 08:23:07 - [TEST_STEP][PASSED] - tap(findTestObject("Object Repository/Mobile/Page/Analysis/Button - Open With Just Once"), 0): Tapped on element 'Object Repository/Mobile/Page/Analysis/Button - Open With Just Once'

2021-12-06 08:23:07 - [MESSAGE][WARNING] - Timeout '0' is invalid. Using default page load timeout: '60'

2021-12-06 08:23:08 - [MESSAGE][PASSED] - Tapped on element 'Object Repository/Mobile/Page/Analysis/Button - Open With Just Once'

2021-12-06 08:23:08 - [TEST_STEP][PASSED] - delay(3): Delayed 3 second(s)

2021-12-06 08:23:11 - [MESSAGE][PASSED] - Delayed 3 second(s)

2021-12-06 08:23:11 - [TEST_STEP][PASSED] - pressBack(): Press back button successfully

2021-12-06 08:23:11 - [MESSAGE][PASSED] - Press back button successfully

2021-12-06 08:23:11 - [MESSAGE][PASSED] - Call Test Case 'Test Cases/Mobile/Page/Analysis/Analysis' successfully

2021-12-06 08:23:11 - [TEST_STEP][PASSED] - callTestCase(findTestCase("Mobile/Page/Run App/Terminate App"), [:], STOP_ON_FAILURE): Call Test Case 'Test Cases/Mobile/Page/Run App/Terminate App' successfully

2021-12-06 08:23:11 - [TEST_CASE][PASSED] - Test Cases/Mobile/Page/Run App/Terminate App: Test Cases/Mobile/Page/Run App/Terminate App

2021-12-06 08:23:11 - [TEST_STEP][PASSED] - startApp.OpenApp.terminateApplication(): startApp.OpenApp.terminateApplication is PASSED

2021-12-06 08:23:15 - [MESSAGE][PASSED] - Delayed 3 second(s)

2021-12-06 08:23:15 - [MESSAGE][PASSED] - Current device physical width is 720

2021-12-06 08:23:15 - [MESSAGE][PASSED] - Current device physical height is 1423

2021-12-06 08:23:16 - [MESSAGE][PASSED] - Swiped from 360,853 to 360,142

2021-12-06 08:23:18 - [MESSAGE][PASSED] - Delayed 1 second(s)

2021-12-06 08:23:19 - [MESSAGE][PASSED] - Swiped from 360,853 to 360,142

2021-12-06 08:23:22 - [MESSAGE][PASSED] - Delayed 3 second(s)

2021-12-06 08:23:22 - [MESSAGE][PASSED] - startApp.OpenApp.terminateApplication is PASSED

2021-12-06 08:23:22 - [MESSAGE][PASSED] - Call Test Case 'Test Cases/Mobile/Page/Run App/Terminate App' successfully]]></system-out>
         <system-err><![CDATA[]]></system-err>
      </testcase>
      <system-out><![CDATA[2021-12-06 08:18:50 - [TEST_SUITE][PASSED] - analysis: Test Cases/Mobile/Scenario/Analysis/004 - User mencari research report]]></system-out>
      <system-err><![CDATA[]]></system-err>
   </testsuite>
</testsuites>
