<?xml version="1.0" encoding="UTF-8"?>
<testsuites name="login" time="325.551" tests="5" failures="0" skips="0" errors="0">
   <testsuite name="login" tests="5" failures="0" errors="0" time="325.551" skips="0" timestamp="2022-01-12 07:47:56" hostname="Owner - aldy-tft" id="Test Suites/login">
      <properties>
         <property name="deviceName" value="samsung SM-A205F (Android 11)"/>
         <property name="devicePlatform" value=""/>
         <property name="logFolder" value="C:\\Users\\Owner\\Documents\\kerjaan\\KatalonProject\\qa_katalon_pwm\\qa_katalon_pwm\\Reports\\20220112_073909\\login\\20220112_073917"/>
         <property name="logFiles" value="C:\\Users\\Owner\\Documents\\kerjaan\\KatalonProject\\qa_katalon_pwm\\qa_katalon_pwm\\Reports\\20220112_073909\\login\\20220112_073917\\appium.log, C:\\Users\\Owner\\Documents\\kerjaan\\KatalonProject\\qa_katalon_pwm\\qa_katalon_pwm\\Reports\\20220112_073909\\login\\20220112_073917\\execution0.log"/>
         <property name="attachments" value=""/>
         <property name="hostName" value="Owner - aldy-tft"/>
         <property name="os" value="Windows 10 64bit"/>
         <property name="appiumServerStatus" value="{&quot;value&quot;:{&quot;build&quot;:{&quot;version&quot;:&quot;1.22.0&quot;}},&quot;sessionId&quot;:null,&quot;status&quot;:0}"/>
         <property name="katalonVersion" value="7.9.1.208"/>
         <property name="deviceOS" value="Android"/>
         <property name="appiumVersion" value="1.22.0"/>
         <property name="deviceModel" value="SM-A205F"/>
         <property name="hostAddress" value="10.0.30.144"/>
         <property name="deviceManufacturer" value="samsung"/>
         <property name="deviceId" value="RR8M40C9AXE"/>
         <property name="deviceName" value="samsung SM-A205F (Android 11)"/>
         <property name="deviceOSVersion" value="11"/>
      </properties>
      <testcase name="Test Cases/Mobile/Scenario/Login/001 - Login dengan username" time="96.355" classname="Test Cases/Mobile/Scenario/Login/001 - Login dengan username" status="PASSED">
         <system-out><![CDATA[2022-01-12 07:47:57 - [TEST_CASE][PASSED] - Test Cases/Mobile/Scenario/Login/001 - Login dengan username: Test Cases/Mobile/Scenario/Login/001 - Login dengan username

2022-01-12 07:47:57 - [TEST_STEP][PASSED] - callTestCase(findTestCase("Mobile/Page/Run App/Run App byID"), [:], STOP_ON_FAILURE): Call Test Case 'Test Cases/Mobile/Page/Run App/Run App byID' successfully

2022-01-12 07:47:57 - [TEST_CASE][PASSED] - Test Cases/Mobile/Page/Run App/Run App byID: Test Cases/Mobile/Page/Run App/Run App byID

2022-01-12 07:47:58 - [TEST_STEP][PASSED] - startApp.OpenApp.startApplication("id.co.miraeasset.sageclub"): startApp.OpenApp.startApplication is PASSED

2022-01-12 07:48:01 - [MESSAGE][INFO] - Appium server started on port 63,949

2022-01-12 07:48:21 - [MESSAGE][PASSED] - Starting app with application ID: 'id.co.miraeasset.sageclub'

2022-01-12 07:48:21 - [MESSAGE][PASSED] - startApp.OpenApp.startApplication is PASSED

2022-01-12 07:48:21 - [MESSAGE][PASSED] - Call Test Case 'Test Cases/Mobile/Page/Run App/Run App byID' successfully

2022-01-12 07:48:21 - [TEST_STEP][PASSED] - callTestCase(findTestCase("Mobile/Page/Login/Login"), ["action":"username"], CONTINUE_ON_FAILURE): Call Test Case 'Test Cases/Mobile/Page/Login/Login' successfully

2022-01-12 07:48:21 - [TEST_CASE][PASSED] - Test Cases/Mobile/Page/Login/Login: Test Cases/Mobile/Page/Login/Login

2022-01-12 07:48:22 - [TEST_STEP][PASSED] - delay(2): Delayed 2 second(s)

2022-01-12 07:48:24 - [MESSAGE][PASSED] - Delayed 2 second(s)

2022-01-12 07:48:24 - [TEST_STEP][PASSED] - for ([i = 0, i < 1, (i++)]): null

2022-01-12 07:48:24 - [TEST_STEP][PASSED] - if (action == "username"): null

2022-01-12 07:48:24 - [TEST_STEP][PASSED] - tap(LOGN_EdtUserID, 0): Tapped on element 'Object Repository/Mobile/Page/Login/Input - UserID'

2022-01-12 07:49:01 - [MESSAGE][WARNING] - Timeout '0' is invalid. Using default page load timeout: '60'

2022-01-12 07:49:02 - [MESSAGE][PASSED] - Tapped on element 'Object Repository/Mobile/Page/Login/Input - UserID'

2022-01-12 07:49:02 - [TEST_STEP][PASSED] - delay(1): Delayed 1 second(s)

2022-01-12 07:49:03 - [MESSAGE][PASSED] - Delayed 1 second(s)

2022-01-12 07:49:03 - [TEST_STEP][PASSED] - setText(LOGN_EdtRdyUserID, "anggaaditya", 0): Text 'anggaaditya' has been set to element 'Object Repository/Mobile/Page/Login/Input Rdy - UserID'

2022-01-12 07:49:03 - [MESSAGE][WARNING] - Timeout '0' is invalid. Using default page load timeout: '60'

2022-01-12 07:49:04 - [MESSAGE][PASSED] - Text 'anggaaditya' has been set to element 'Object Repository/Mobile/Page/Login/Input Rdy - UserID'

2022-01-12 07:49:04 - [TEST_STEP][PASSED] - delay(1): Delayed 1 second(s)

2022-01-12 07:49:05 - [MESSAGE][PASSED] - Delayed 1 second(s)

2022-01-12 07:49:05 - [TEST_STEP][PASSED] - hideKeyboard(): Keyboard is hidden

2022-01-12 07:49:09 - [MESSAGE][PASSED] - Keyboard is hidden

2022-01-12 07:49:09 - [TEST_STEP][PASSED] - tap(LOGN_EdtPassword, 0): Tapped on element 'Object Repository/Mobile/Page/Login/Input - Password'

2022-01-12 07:49:09 - [MESSAGE][WARNING] - Timeout '0' is invalid. Using default page load timeout: '60'

2022-01-12 07:49:09 - [MESSAGE][PASSED] - Tapped on element 'Object Repository/Mobile/Page/Login/Input - Password'

2022-01-12 07:49:09 - [TEST_STEP][PASSED] - delay(1): Delayed 1 second(s)

2022-01-12 07:49:10 - [MESSAGE][PASSED] - Delayed 1 second(s)

2022-01-12 07:49:10 - [TEST_STEP][PASSED] - setText(LOGN_EdtRdyPassword, "Shalawa18", 0): Text 'Shalawa18' has been set to element 'Object Repository/Mobile/Page/Login/Input Rdy - Password'

2022-01-12 07:49:10 - [MESSAGE][WARNING] - Timeout '0' is invalid. Using default page load timeout: '60'

2022-01-12 07:49:11 - [MESSAGE][PASSED] - Text 'Shalawa18' has been set to element 'Object Repository/Mobile/Page/Login/Input Rdy - Password'

2022-01-12 07:49:11 - [TEST_STEP][PASSED] - delay(1): Delayed 1 second(s)

2022-01-12 07:49:12 - [MESSAGE][PASSED] - Delayed 1 second(s)

2022-01-12 07:49:12 - [TEST_STEP][PASSED] - hideKeyboard(): Keyboard is hidden

2022-01-12 07:49:18 - [MESSAGE][PASSED] - Keyboard is hidden

2022-01-12 07:49:18 - [TEST_STEP][PASSED] - tap(LOGN_BtnLogin, 0): Tapped on element 'Object Repository/Mobile/Page/Login/Button - Login'

2022-01-12 07:49:18 - [MESSAGE][WARNING] - Timeout '0' is invalid. Using default page load timeout: '60'

2022-01-12 07:49:19 - [MESSAGE][PASSED] - Tapped on element 'Object Repository/Mobile/Page/Login/Button - Login'

2022-01-12 07:49:19 - [TEST_STEP][PASSED] - delay(2): Delayed 2 second(s)

2022-01-12 07:49:21 - [MESSAGE][PASSED] - Delayed 2 second(s)

2022-01-12 07:49:21 - [TEST_STEP][PASSED] - break: null

2022-01-12 07:49:21 - [MESSAGE][PASSED] - Call Test Case 'Test Cases/Mobile/Page/Login/Login' successfully

2022-01-12 07:49:21 - [TEST_STEP][PASSED] - callTestCase(findTestCase("Mobile/Page/Run App/Terminate App"), [:], STOP_ON_FAILURE): Call Test Case 'Test Cases/Mobile/Page/Run App/Terminate App' successfully

2022-01-12 07:49:22 - [TEST_CASE][PASSED] - Test Cases/Mobile/Page/Run App/Terminate App: Test Cases/Mobile/Page/Run App/Terminate App

2022-01-12 07:49:22 - [TEST_STEP][PASSED] - startApp.OpenApp.terminateApplication(): startApp.OpenApp.terminateApplication is PASSED

2022-01-12 07:49:25 - [MESSAGE][PASSED] - Delayed 3 second(s)

2022-01-12 07:49:26 - [MESSAGE][PASSED] - Current device physical width is 720

2022-01-12 07:49:26 - [MESSAGE][PASSED] - Current device physical height is 1423

2022-01-12 07:49:28 - [MESSAGE][PASSED] - Swiped from 360,853 to 360,142

2022-01-12 07:49:29 - [MESSAGE][PASSED] - Delayed 1 second(s)

2022-01-12 07:49:30 - [MESSAGE][PASSED] - Swiped from 360,853 to 360,142

2022-01-12 07:49:33 - [MESSAGE][PASSED] - Delayed 3 second(s)

2022-01-12 07:49:33 - [MESSAGE][PASSED] - startApp.OpenApp.terminateApplication is PASSED

2022-01-12 07:49:33 - [MESSAGE][PASSED] - Call Test Case 'Test Cases/Mobile/Page/Run App/Terminate App' successfully]]></system-out>
         <system-err><![CDATA[]]></system-err>
      </testcase>
      <testcase name="Test Cases/Mobile/Scenario/Login/002 - Login dengan password salah" time="49.503" classname="Test Cases/Mobile/Scenario/Login/002 - Login dengan password salah" status="PASSED">
         <system-out><![CDATA[2022-01-12 07:49:33 - [TEST_CASE][PASSED] - Test Cases/Mobile/Scenario/Login/002 - Login dengan password salah: Test Cases/Mobile/Scenario/Login/002 - Login dengan password salah

2022-01-12 07:49:34 - [TEST_STEP][PASSED] - callTestCase(findTestCase("Mobile/Page/Run App/Run App byID"), [:], STOP_ON_FAILURE): Call Test Case 'Test Cases/Mobile/Page/Run App/Run App byID' successfully

2022-01-12 07:49:34 - [TEST_CASE][PASSED] - Test Cases/Mobile/Page/Run App/Run App byID: Test Cases/Mobile/Page/Run App/Run App byID

2022-01-12 07:49:34 - [TEST_STEP][PASSED] - startApp.OpenApp.startApplication("id.co.miraeasset.sageclub"): startApp.OpenApp.startApplication is PASSED

2022-01-12 07:49:49 - [MESSAGE][PASSED] - Starting app with application ID: 'id.co.miraeasset.sageclub'

2022-01-12 07:49:49 - [MESSAGE][PASSED] - startApp.OpenApp.startApplication is PASSED

2022-01-12 07:49:49 - [MESSAGE][PASSED] - Call Test Case 'Test Cases/Mobile/Page/Run App/Run App byID' successfully

2022-01-12 07:49:49 - [TEST_STEP][PASSED] - callTestCase(findTestCase("Mobile/Page/Login/Login"), ["action":"wrongpassword"], CONTINUE_ON_FAILURE): Call Test Case 'Test Cases/Mobile/Page/Login/Login' successfully

2022-01-12 07:49:49 - [TEST_CASE][PASSED] - Test Cases/Mobile/Page/Login/Login: Test Cases/Mobile/Page/Login/Login

2022-01-12 07:49:49 - [TEST_STEP][PASSED] - delay(2): Delayed 2 second(s)

2022-01-12 07:49:51 - [MESSAGE][PASSED] - Delayed 2 second(s)

2022-01-12 07:49:51 - [TEST_STEP][PASSED] - for ([i = 0, i < 1, (i++)]): null

2022-01-12 07:49:51 - [TEST_STEP][PASSED] - if (action == "username"): null

2022-01-12 07:49:51 - [TEST_STEP][PASSED] - else if (action == "wrongpassword"): null

2022-01-12 07:49:51 - [TEST_STEP][PASSED] - tap(LOGN_EdtUserID, 0): Tapped on element 'Object Repository/Mobile/Page/Login/Input - UserID'

2022-01-12 07:49:51 - [MESSAGE][WARNING] - Timeout '0' is invalid. Using default page load timeout: '60'

2022-01-12 07:49:52 - [MESSAGE][PASSED] - Tapped on element 'Object Repository/Mobile/Page/Login/Input - UserID'

2022-01-12 07:49:52 - [TEST_STEP][PASSED] - delay(1): Delayed 1 second(s)

2022-01-12 07:49:53 - [MESSAGE][PASSED] - Delayed 1 second(s)

2022-01-12 07:49:53 - [TEST_STEP][PASSED] - setText(LOGN_EdtRdyUserID, "anggaaditya", 0): Text 'anggaaditya' has been set to element 'Object Repository/Mobile/Page/Login/Input Rdy - UserID'

2022-01-12 07:49:53 - [MESSAGE][WARNING] - Timeout '0' is invalid. Using default page load timeout: '60'

2022-01-12 07:49:53 - [MESSAGE][PASSED] - Text 'anggaaditya' has been set to element 'Object Repository/Mobile/Page/Login/Input Rdy - UserID'

2022-01-12 07:49:53 - [TEST_STEP][PASSED] - delay(1): Delayed 1 second(s)

2022-01-12 07:49:54 - [MESSAGE][PASSED] - Delayed 1 second(s)

2022-01-12 07:49:54 - [TEST_STEP][PASSED] - hideKeyboard(): Keyboard is hidden

2022-01-12 07:49:58 - [MESSAGE][PASSED] - Keyboard is hidden

2022-01-12 07:49:58 - [TEST_STEP][PASSED] - tap(LOGN_EdtPassword, 0): Tapped on element 'Object Repository/Mobile/Page/Login/Input - Password'

2022-01-12 07:49:58 - [MESSAGE][WARNING] - Timeout '0' is invalid. Using default page load timeout: '60'

2022-01-12 07:49:59 - [MESSAGE][PASSED] - Tapped on element 'Object Repository/Mobile/Page/Login/Input - Password'

2022-01-12 07:49:59 - [TEST_STEP][PASSED] - delay(1): Delayed 1 second(s)

2022-01-12 07:50:00 - [MESSAGE][PASSED] - Delayed 1 second(s)

2022-01-12 07:50:00 - [TEST_STEP][PASSED] - setText(LOGN_EdtRdyPassword, "Shalawa181", 0): Text 'Shalawa181' has been set to element 'Object Repository/Mobile/Page/Login/Input Rdy - Password'

2022-01-12 07:50:00 - [MESSAGE][WARNING] - Timeout '0' is invalid. Using default page load timeout: '60'

2022-01-12 07:50:01 - [MESSAGE][PASSED] - Text 'Shalawa181' has been set to element 'Object Repository/Mobile/Page/Login/Input Rdy - Password'

2022-01-12 07:50:01 - [TEST_STEP][PASSED] - delay(1): Delayed 1 second(s)

2022-01-12 07:50:02 - [MESSAGE][PASSED] - Delayed 1 second(s)

2022-01-12 07:50:02 - [TEST_STEP][PASSED] - hideKeyboard(): Keyboard is hidden

2022-01-12 07:50:09 - [MESSAGE][PASSED] - Keyboard is hidden

2022-01-12 07:50:09 - [TEST_STEP][PASSED] - tap(LOGN_BtnLogin, 0): Tapped on element 'Object Repository/Mobile/Page/Login/Button - Login'

2022-01-12 07:50:09 - [MESSAGE][WARNING] - Timeout '0' is invalid. Using default page load timeout: '60'

2022-01-12 07:50:10 - [MESSAGE][PASSED] - Tapped on element 'Object Repository/Mobile/Page/Login/Button - Login'

2022-01-12 07:50:10 - [TEST_STEP][PASSED] - delay(2): Delayed 2 second(s)

2022-01-12 07:50:12 - [MESSAGE][PASSED] - Delayed 2 second(s)

2022-01-12 07:50:12 - [TEST_STEP][PASSED] - verify = verifyElementExist(LOGN_AlertInvalidCredentials, 5, STOP_ON_FAILURE): Element 'Object Repository/Mobile/Page/Login/Alert - Invalid credentials' is exist

2022-01-12 07:50:12 - [MESSAGE][PASSED] - Element 'Object Repository/Mobile/Page/Login/Alert - Invalid credentials' is exist

2022-01-12 07:50:12 - [TEST_STEP][PASSED] - break: null

2022-01-12 07:50:12 - [MESSAGE][PASSED] - Call Test Case 'Test Cases/Mobile/Page/Login/Login' successfully

2022-01-12 07:50:12 - [TEST_STEP][PASSED] - callTestCase(findTestCase("Mobile/Page/Run App/Terminate App"), [:], STOP_ON_FAILURE): Call Test Case 'Test Cases/Mobile/Page/Run App/Terminate App' successfully

2022-01-12 07:50:12 - [TEST_CASE][PASSED] - Test Cases/Mobile/Page/Run App/Terminate App: Test Cases/Mobile/Page/Run App/Terminate App

2022-01-12 07:50:12 - [TEST_STEP][PASSED] - startApp.OpenApp.terminateApplication(): startApp.OpenApp.terminateApplication is PASSED

2022-01-12 07:50:15 - [MESSAGE][PASSED] - Delayed 3 second(s)

2022-01-12 07:50:15 - [MESSAGE][PASSED] - Current device physical width is 720

2022-01-12 07:50:16 - [MESSAGE][PASSED] - Current device physical height is 1423

2022-01-12 07:50:17 - [MESSAGE][PASSED] - Swiped from 360,853 to 360,142

2022-01-12 07:50:18 - [MESSAGE][PASSED] - Delayed 1 second(s)

2022-01-12 07:50:20 - [MESSAGE][PASSED] - Swiped from 360,853 to 360,142

2022-01-12 07:50:23 - [MESSAGE][PASSED] - Delayed 3 second(s)

2022-01-12 07:50:23 - [MESSAGE][PASSED] - startApp.OpenApp.terminateApplication is PASSED

2022-01-12 07:50:23 - [MESSAGE][PASSED] - Call Test Case 'Test Cases/Mobile/Page/Run App/Terminate App' successfully]]></system-out>
         <system-err><![CDATA[]]></system-err>
      </testcase>
      <testcase name="Test Cases/Mobile/Scenario/Login/003 - Login tanpa internet" time="73.257" classname="Test Cases/Mobile/Scenario/Login/003 - Login tanpa internet" status="PASSED">
         <system-out><![CDATA[2022-01-12 07:50:23 - [TEST_CASE][PASSED] - Test Cases/Mobile/Scenario/Login/003 - Login tanpa internet: Test Cases/Mobile/Scenario/Login/003 - Login tanpa internet

2022-01-12 07:50:23 - [TEST_STEP][PASSED] - callTestCase(findTestCase("Mobile/Page/Run App/Run App byID"), [:], STOP_ON_FAILURE): Call Test Case 'Test Cases/Mobile/Page/Run App/Run App byID' successfully

2022-01-12 07:50:23 - [TEST_CASE][PASSED] - Test Cases/Mobile/Page/Run App/Run App byID: Test Cases/Mobile/Page/Run App/Run App byID

2022-01-12 07:50:23 - [TEST_STEP][PASSED] - startApp.OpenApp.startApplication("id.co.miraeasset.sageclub"): startApp.OpenApp.startApplication is PASSED

2022-01-12 07:50:38 - [MESSAGE][PASSED] - Starting app with application ID: 'id.co.miraeasset.sageclub'

2022-01-12 07:50:38 - [MESSAGE][PASSED] - startApp.OpenApp.startApplication is PASSED

2022-01-12 07:50:38 - [MESSAGE][PASSED] - Call Test Case 'Test Cases/Mobile/Page/Run App/Run App byID' successfully

2022-01-12 07:50:38 - [TEST_STEP][PASSED] - callTestCase(findTestCase("Mobile/Page/Login/Login"), ["action":"nointernet"], CONTINUE_ON_FAILURE): Call Test Case 'Test Cases/Mobile/Page/Login/Login' successfully

2022-01-12 07:50:39 - [TEST_CASE][PASSED] - Test Cases/Mobile/Page/Login/Login: Test Cases/Mobile/Page/Login/Login

2022-01-12 07:50:39 - [TEST_STEP][PASSED] - delay(2): Delayed 2 second(s)

2022-01-12 07:50:41 - [MESSAGE][PASSED] - Delayed 2 second(s)

2022-01-12 07:50:41 - [TEST_STEP][PASSED] - for ([i = 0, i < 1, (i++)]): null

2022-01-12 07:50:41 - [TEST_STEP][PASSED] - if (action == "username"): null

2022-01-12 07:50:41 - [TEST_STEP][PASSED] - else if (action == "wrongpassword"): null

2022-01-12 07:50:41 - [TEST_STEP][PASSED] - else if (action == "nointernet"): null

2022-01-12 07:50:41 - [TEST_STEP][PASSED] - scroll.scroll.scrollNotificationBar(): scroll.scroll.scrollNotificationBar is PASSED

2022-01-12 07:50:41 - [MESSAGE][PASSED] - Current device physical height is 1423

2022-01-12 07:50:43 - [MESSAGE][PASSED] - Swiped from 50,50 to 50,1,138

2022-01-12 07:50:43 - [MESSAGE][PASSED] - scroll.scroll.scrollNotificationBar is PASSED

2022-01-12 07:50:43 - [TEST_STEP][PASSED] - delay(1): Delayed 1 second(s)

2022-01-12 07:50:44 - [MESSAGE][PASSED] - Delayed 1 second(s)

2022-01-12 07:50:44 - [TEST_STEP][PASSED] - tap(OTHR_BtnWifi, 0): Tapped on element 'Object Repository/Mobile/Page/Others/Button - Wifi'

2022-01-12 07:50:44 - [MESSAGE][WARNING] - Timeout '0' is invalid. Using default page load timeout: '60'

2022-01-12 07:50:45 - [MESSAGE][PASSED] - Tapped on element 'Object Repository/Mobile/Page/Others/Button - Wifi'

2022-01-12 07:50:45 - [TEST_STEP][PASSED] - delay(1): Delayed 1 second(s)

2022-01-12 07:50:46 - [MESSAGE][PASSED] - Delayed 1 second(s)

2022-01-12 07:50:46 - [TEST_STEP][PASSED] - pressBack(): Press back button successfully

2022-01-12 07:50:46 - [MESSAGE][PASSED] - Press back button successfully

2022-01-12 07:50:46 - [TEST_STEP][PASSED] - tap(LOGN_EdtUserID, 0): Tapped on element 'Object Repository/Mobile/Page/Login/Input - UserID'

2022-01-12 07:50:46 - [MESSAGE][WARNING] - Timeout '0' is invalid. Using default page load timeout: '60'

2022-01-12 07:50:48 - [MESSAGE][PASSED] - Tapped on element 'Object Repository/Mobile/Page/Login/Input - UserID'

2022-01-12 07:50:48 - [TEST_STEP][PASSED] - delay(1): Delayed 1 second(s)

2022-01-12 07:50:49 - [MESSAGE][PASSED] - Delayed 1 second(s)

2022-01-12 07:50:49 - [TEST_STEP][PASSED] - setText(LOGN_EdtRdyUserID, "anggaaditya", 0): Text 'anggaaditya' has been set to element 'Object Repository/Mobile/Page/Login/Input Rdy - UserID'

2022-01-12 07:50:49 - [MESSAGE][WARNING] - Timeout '0' is invalid. Using default page load timeout: '60'

2022-01-12 07:50:49 - [MESSAGE][PASSED] - Text 'anggaaditya' has been set to element 'Object Repository/Mobile/Page/Login/Input Rdy - UserID'

2022-01-12 07:50:49 - [TEST_STEP][PASSED] - delay(1): Delayed 1 second(s)

2022-01-12 07:50:50 - [MESSAGE][PASSED] - Delayed 1 second(s)

2022-01-12 07:50:50 - [TEST_STEP][PASSED] - hideKeyboard(): Keyboard is hidden

2022-01-12 07:50:55 - [MESSAGE][PASSED] - Keyboard is hidden

2022-01-12 07:50:55 - [TEST_STEP][PASSED] - tap(LOGN_EdtPassword, 0): Tapped on element 'Object Repository/Mobile/Page/Login/Input - Password'

2022-01-12 07:50:55 - [MESSAGE][WARNING] - Timeout '0' is invalid. Using default page load timeout: '60'

2022-01-12 07:50:55 - [MESSAGE][PASSED] - Tapped on element 'Object Repository/Mobile/Page/Login/Input - Password'

2022-01-12 07:50:55 - [TEST_STEP][PASSED] - delay(1): Delayed 1 second(s)

2022-01-12 07:50:56 - [MESSAGE][PASSED] - Delayed 1 second(s)

2022-01-12 07:50:56 - [TEST_STEP][PASSED] - setText(LOGN_EdtRdyPassword, "Shalawa18", 0): Text 'Shalawa18' has been set to element 'Object Repository/Mobile/Page/Login/Input Rdy - Password'

2022-01-12 07:50:56 - [MESSAGE][WARNING] - Timeout '0' is invalid. Using default page load timeout: '60'

2022-01-12 07:50:57 - [MESSAGE][PASSED] - Text 'Shalawa18' has been set to element 'Object Repository/Mobile/Page/Login/Input Rdy - Password'

2022-01-12 07:50:57 - [TEST_STEP][PASSED] - delay(1): Delayed 1 second(s)

2022-01-12 07:50:58 - [MESSAGE][PASSED] - Delayed 1 second(s)

2022-01-12 07:50:58 - [TEST_STEP][PASSED] - hideKeyboard(): Keyboard is hidden

2022-01-12 07:51:15 - [MESSAGE][PASSED] - Keyboard is hidden

2022-01-12 07:51:15 - [TEST_STEP][PASSED] - tap(LOGN_BtnLogin, 0): Tapped on element 'Object Repository/Mobile/Page/Login/Button - Login'

2022-01-12 07:51:15 - [MESSAGE][WARNING] - Timeout '0' is invalid. Using default page load timeout: '60'

2022-01-12 07:51:16 - [MESSAGE][PASSED] - Tapped on element 'Object Repository/Mobile/Page/Login/Button - Login'

2022-01-12 07:51:16 - [TEST_STEP][PASSED] - delay(2): Delayed 2 second(s)

2022-01-12 07:51:18 - [MESSAGE][PASSED] - Delayed 2 second(s)

2022-01-12 07:51:18 - [TEST_STEP][PASSED] - verify = verifyElementExist(LOGN_AlertCheckYourNetwork, 5, STOP_ON_FAILURE): Element 'Object Repository/Mobile/Page/Login/Alert - Check your network' is exist

2022-01-12 07:51:19 - [MESSAGE][PASSED] - Element 'Object Repository/Mobile/Page/Login/Alert - Check your network' is exist

2022-01-12 07:51:19 - [TEST_STEP][PASSED] - scroll.scroll.scrollNotificationBar(): scroll.scroll.scrollNotificationBar is PASSED

2022-01-12 07:51:20 - [MESSAGE][PASSED] - Current device physical height is 1423

2022-01-12 07:51:21 - [MESSAGE][PASSED] - Swiped from 50,50 to 50,1,138

2022-01-12 07:51:21 - [MESSAGE][PASSED] - scroll.scroll.scrollNotificationBar is PASSED

2022-01-12 07:51:21 - [TEST_STEP][PASSED] - delay(1): Delayed 1 second(s)

2022-01-12 07:51:22 - [MESSAGE][PASSED] - Delayed 1 second(s)

2022-01-12 07:51:22 - [TEST_STEP][PASSED] - tap(OTHR_BtnWifi, 0): Tapped on element 'Object Repository/Mobile/Page/Others/Button - Wifi'

2022-01-12 07:51:22 - [MESSAGE][WARNING] - Timeout '0' is invalid. Using default page load timeout: '60'

2022-01-12 07:51:23 - [MESSAGE][PASSED] - Tapped on element 'Object Repository/Mobile/Page/Others/Button - Wifi'

2022-01-12 07:51:23 - [TEST_STEP][PASSED] - delay(1): Delayed 1 second(s)

2022-01-12 07:51:24 - [MESSAGE][PASSED] - Delayed 1 second(s)

2022-01-12 07:51:24 - [TEST_STEP][PASSED] - pressBack(): Press back button successfully

2022-01-12 07:51:24 - [MESSAGE][PASSED] - Press back button successfully

2022-01-12 07:51:24 - [TEST_STEP][PASSED] - break: null

2022-01-12 07:51:24 - [MESSAGE][PASSED] - Call Test Case 'Test Cases/Mobile/Page/Login/Login' successfully

2022-01-12 07:51:24 - [TEST_STEP][PASSED] - callTestCase(findTestCase("Mobile/Page/Run App/Terminate App"), [:], STOP_ON_FAILURE): Call Test Case 'Test Cases/Mobile/Page/Run App/Terminate App' successfully

2022-01-12 07:51:24 - [TEST_CASE][PASSED] - Test Cases/Mobile/Page/Run App/Terminate App: Test Cases/Mobile/Page/Run App/Terminate App

2022-01-12 07:51:24 - [TEST_STEP][PASSED] - startApp.OpenApp.terminateApplication(): startApp.OpenApp.terminateApplication is PASSED

2022-01-12 07:51:28 - [MESSAGE][PASSED] - Delayed 3 second(s)

2022-01-12 07:51:29 - [MESSAGE][PASSED] - Current device physical width is 720

2022-01-12 07:51:29 - [MESSAGE][PASSED] - Current device physical height is 1423

2022-01-12 07:51:30 - [MESSAGE][PASSED] - Swiped from 360,853 to 360,142

2022-01-12 07:51:31 - [MESSAGE][PASSED] - Delayed 1 second(s)

2022-01-12 07:51:33 - [MESSAGE][PASSED] - Swiped from 360,853 to 360,142

2022-01-12 07:51:36 - [MESSAGE][PASSED] - Delayed 3 second(s)

2022-01-12 07:51:36 - [MESSAGE][PASSED] - startApp.OpenApp.terminateApplication is PASSED

2022-01-12 07:51:36 - [MESSAGE][PASSED] - Call Test Case 'Test Cases/Mobile/Page/Run App/Terminate App' successfully]]></system-out>
         <system-err><![CDATA[]]></system-err>
      </testcase>
      <testcase name="Test Cases/Mobile/Scenario/Login/004 - Login dengan mengaktifkan visible password" time="49.723" classname="Test Cases/Mobile/Scenario/Login/004 - Login dengan mengaktifkan visible password" status="PASSED">
         <system-out><![CDATA[2022-01-12 07:51:36 - [TEST_CASE][PASSED] - Test Cases/Mobile/Scenario/Login/004 - Login dengan mengaktifkan visible password: Test Cases/Mobile/Scenario/Login/004 - Login dengan mengaktifkan visible password

2022-01-12 07:51:37 - [TEST_STEP][PASSED] - callTestCase(findTestCase("Mobile/Page/Run App/Run App byID"), [:], STOP_ON_FAILURE): Call Test Case 'Test Cases/Mobile/Page/Run App/Run App byID' successfully

2022-01-12 07:51:37 - [TEST_CASE][PASSED] - Test Cases/Mobile/Page/Run App/Run App byID: Test Cases/Mobile/Page/Run App/Run App byID

2022-01-12 07:51:37 - [TEST_STEP][PASSED] - startApp.OpenApp.startApplication("id.co.miraeasset.sageclub"): startApp.OpenApp.startApplication is PASSED

2022-01-12 07:51:52 - [MESSAGE][PASSED] - Starting app with application ID: 'id.co.miraeasset.sageclub'

2022-01-12 07:51:52 - [MESSAGE][PASSED] - startApp.OpenApp.startApplication is PASSED

2022-01-12 07:51:52 - [MESSAGE][PASSED] - Call Test Case 'Test Cases/Mobile/Page/Run App/Run App byID' successfully

2022-01-12 07:51:52 - [TEST_STEP][PASSED] - callTestCase(findTestCase("Mobile/Page/Login/Login"), ["action":"visiblepassword"], CONTINUE_ON_FAILURE): Call Test Case 'Test Cases/Mobile/Page/Login/Login' successfully

2022-01-12 07:51:52 - [TEST_CASE][PASSED] - Test Cases/Mobile/Page/Login/Login: Test Cases/Mobile/Page/Login/Login

2022-01-12 07:51:52 - [TEST_STEP][PASSED] - delay(2): Delayed 2 second(s)

2022-01-12 07:51:54 - [MESSAGE][PASSED] - Delayed 2 second(s)

2022-01-12 07:51:54 - [TEST_STEP][PASSED] - for ([i = 0, i < 1, (i++)]): null

2022-01-12 07:51:54 - [TEST_STEP][PASSED] - if (action == "username"): null

2022-01-12 07:51:54 - [TEST_STEP][PASSED] - else if (action == "wrongpassword"): null

2022-01-12 07:51:54 - [TEST_STEP][PASSED] - else if (action == "nointernet"): null

2022-01-12 07:51:54 - [TEST_STEP][PASSED] - else if (action == "visiblepassword"): null

2022-01-12 07:51:54 - [TEST_STEP][PASSED] - tap(LOGN_EdtUserID, 0): Tapped on element 'Object Repository/Mobile/Page/Login/Input - UserID'

2022-01-12 07:51:54 - [MESSAGE][WARNING] - Timeout '0' is invalid. Using default page load timeout: '60'

2022-01-12 07:51:55 - [MESSAGE][PASSED] - Tapped on element 'Object Repository/Mobile/Page/Login/Input - UserID'

2022-01-12 07:51:55 - [TEST_STEP][PASSED] - delay(1): Delayed 1 second(s)

2022-01-12 07:51:56 - [MESSAGE][PASSED] - Delayed 1 second(s)

2022-01-12 07:51:56 - [TEST_STEP][PASSED] - setText(LOGN_EdtRdyUserID, "anggaaditya", 0): Text 'anggaaditya' has been set to element 'Object Repository/Mobile/Page/Login/Input Rdy - UserID'

2022-01-12 07:51:56 - [MESSAGE][WARNING] - Timeout '0' is invalid. Using default page load timeout: '60'

2022-01-12 07:51:56 - [MESSAGE][PASSED] - Text 'anggaaditya' has been set to element 'Object Repository/Mobile/Page/Login/Input Rdy - UserID'

2022-01-12 07:51:56 - [TEST_STEP][PASSED] - delay(1): Delayed 1 second(s)

2022-01-12 07:51:57 - [MESSAGE][PASSED] - Delayed 1 second(s)

2022-01-12 07:51:57 - [TEST_STEP][PASSED] - hideKeyboard(): Keyboard is hidden

2022-01-12 07:52:02 - [MESSAGE][PASSED] - Keyboard is hidden

2022-01-12 07:52:02 - [TEST_STEP][PASSED] - top = getElementTopPosition(LOGN_EdtPassword, 0): Object 'Object Repository/Mobile/Page/Login/Input - Password' has top position '758'

2022-01-12 07:52:02 - [MESSAGE][WARNING] - Timeout '0' is invalid. Using default page load timeout: '60'

2022-01-12 07:52:02 - [MESSAGE][PASSED] - Object 'Object Repository/Mobile/Page/Login/Input - Password' has top position '758'

2022-01-12 07:52:02 - [TEST_STEP][PASSED] - left = getElementLeftPosition(LOGN_EdtPassword, 0): Object 'Object Repository/Mobile/Page/Login/Input - Password' has left position '32'

2022-01-12 07:52:02 - [MESSAGE][WARNING] - Timeout '0' is invalid. Using default page load timeout: '60'

2022-01-12 07:52:02 - [MESSAGE][PASSED] - Object 'Object Repository/Mobile/Page/Login/Input - Password' has left position '32'

2022-01-12 07:52:02 - [TEST_STEP][PASSED] - x = left + getElementWidth(LOGN_EdtPassword, 0) * 0.9: Object 'Object Repository/Mobile/Page/Login/Input - Password' has width: '657'

2022-01-12 07:52:02 - [MESSAGE][WARNING] - Timeout '0' is invalid. Using default page load timeout: '60'

2022-01-12 07:52:02 - [MESSAGE][PASSED] - Object 'Object Repository/Mobile/Page/Login/Input - Password' has width: '657'

2022-01-12 07:52:02 - [TEST_STEP][PASSED] - y = top + getElementHeight(LOGN_EdtPassword, 0) / 2: Object 'Object Repository/Mobile/Page/Login/Input - Password' has height: '84'

2022-01-12 07:52:02 - [MESSAGE][WARNING] - Timeout '0' is invalid. Using default page load timeout: '60'

2022-01-12 07:52:03 - [MESSAGE][PASSED] - Object 'Object Repository/Mobile/Page/Login/Input - Password' has height: '84'

2022-01-12 07:52:03 - [TEST_STEP][PASSED] - tapAtPosition(x, y): Tapped at [623, 800]

2022-01-12 07:52:03 - [MESSAGE][PASSED] - Tapped at [623, 800]

2022-01-12 07:52:03 - [TEST_STEP][PASSED] - delay(1): Delayed 1 second(s)

2022-01-12 07:52:04 - [MESSAGE][PASSED] - Delayed 1 second(s)

2022-01-12 07:52:04 - [TEST_STEP][PASSED] - tap(LOGN_EdtPassword, 0): Tapped on element 'Object Repository/Mobile/Page/Login/Input - Password'

2022-01-12 07:52:04 - [MESSAGE][WARNING] - Timeout '0' is invalid. Using default page load timeout: '60'

2022-01-12 07:52:05 - [MESSAGE][PASSED] - Tapped on element 'Object Repository/Mobile/Page/Login/Input - Password'

2022-01-12 07:52:05 - [TEST_STEP][PASSED] - delay(1): Delayed 1 second(s)

2022-01-12 07:52:06 - [MESSAGE][PASSED] - Delayed 1 second(s)

2022-01-12 07:52:06 - [TEST_STEP][PASSED] - setText(LOGN_EdtRdyPassword, "Shalawa18", 0): Text 'Shalawa18' has been set to element 'Object Repository/Mobile/Page/Login/Input Rdy - Password'

2022-01-12 07:52:06 - [MESSAGE][WARNING] - Timeout '0' is invalid. Using default page load timeout: '60'

2022-01-12 07:52:06 - [MESSAGE][PASSED] - Text 'Shalawa18' has been set to element 'Object Repository/Mobile/Page/Login/Input Rdy - Password'

2022-01-12 07:52:06 - [TEST_STEP][PASSED] - delay(1): Delayed 1 second(s)

2022-01-12 07:52:07 - [MESSAGE][PASSED] - Delayed 1 second(s)

2022-01-12 07:52:07 - [TEST_STEP][PASSED] - hideKeyboard(): Keyboard is hidden

2022-01-12 07:52:11 - [MESSAGE][PASSED] - Keyboard is hidden

2022-01-12 07:52:11 - [TEST_STEP][PASSED] - tap(LOGN_BtnLogin, 0): Tapped on element 'Object Repository/Mobile/Page/Login/Button - Login'

2022-01-12 07:52:11 - [MESSAGE][WARNING] - Timeout '0' is invalid. Using default page load timeout: '60'

2022-01-12 07:52:12 - [MESSAGE][PASSED] - Tapped on element 'Object Repository/Mobile/Page/Login/Button - Login'

2022-01-12 07:52:12 - [TEST_STEP][PASSED] - delay(2): Delayed 2 second(s)

2022-01-12 07:52:14 - [MESSAGE][PASSED] - Delayed 2 second(s)

2022-01-12 07:52:14 - [TEST_STEP][PASSED] - break: null

2022-01-12 07:52:14 - [MESSAGE][PASSED] - Call Test Case 'Test Cases/Mobile/Page/Login/Login' successfully

2022-01-12 07:52:14 - [TEST_STEP][PASSED] - callTestCase(findTestCase("Mobile/Page/Run App/Terminate App"), [:], STOP_ON_FAILURE): Call Test Case 'Test Cases/Mobile/Page/Run App/Terminate App' successfully

2022-01-12 07:52:14 - [TEST_CASE][PASSED] - Test Cases/Mobile/Page/Run App/Terminate App: Test Cases/Mobile/Page/Run App/Terminate App

2022-01-12 07:52:14 - [TEST_STEP][PASSED] - startApp.OpenApp.terminateApplication(): startApp.OpenApp.terminateApplication is PASSED

2022-01-12 07:52:18 - [MESSAGE][PASSED] - Delayed 3 second(s)

2022-01-12 07:52:18 - [MESSAGE][PASSED] - Current device physical width is 720

2022-01-12 07:52:19 - [MESSAGE][PASSED] - Current device physical height is 1423

2022-01-12 07:52:20 - [MESSAGE][PASSED] - Swiped from 360,853 to 360,142

2022-01-12 07:52:21 - [MESSAGE][PASSED] - Delayed 1 second(s)

2022-01-12 07:52:23 - [MESSAGE][PASSED] - Swiped from 360,853 to 360,142

2022-01-12 07:52:26 - [MESSAGE][PASSED] - Delayed 3 second(s)

2022-01-12 07:52:26 - [MESSAGE][PASSED] - startApp.OpenApp.terminateApplication is PASSED

2022-01-12 07:52:26 - [MESSAGE][PASSED] - Call Test Case 'Test Cases/Mobile/Page/Run App/Terminate App' successfully]]></system-out>
         <system-err><![CDATA[]]></system-err>
      </testcase>
      <testcase name="Test Cases/Mobile/Scenario/Login/005 - Login menggunakan username dengan membatalkan fingerprint" time="55.143" classname="Test Cases/Mobile/Scenario/Login/005 - Login menggunakan username dengan membatalkan fingerprint" status="PASSED">
         <system-out><![CDATA[2022-01-12 07:52:26 - [TEST_CASE][PASSED] - Test Cases/Mobile/Scenario/Login/005 - Login menggunakan username dengan membatalkan fingerprint: Test Cases/Mobile/Scenario/Login/005 - Login menggunakan username dengan membatalkan fingerprint

2022-01-12 07:52:26 - [TEST_STEP][PASSED] - callTestCase(findTestCase("Mobile/Page/Run App/Run App byID"), [:], STOP_ON_FAILURE): Call Test Case 'Test Cases/Mobile/Page/Run App/Run App byID' successfully

2022-01-12 07:52:26 - [TEST_CASE][PASSED] - Test Cases/Mobile/Page/Run App/Run App byID: Test Cases/Mobile/Page/Run App/Run App byID

2022-01-12 07:52:26 - [TEST_STEP][PASSED] - startApp.OpenApp.startApplication("id.co.miraeasset.sageclub"): startApp.OpenApp.startApplication is PASSED

2022-01-12 07:52:44 - [MESSAGE][PASSED] - Starting app with application ID: 'id.co.miraeasset.sageclub'

2022-01-12 07:52:44 - [MESSAGE][PASSED] - startApp.OpenApp.startApplication is PASSED

2022-01-12 07:52:44 - [MESSAGE][PASSED] - Call Test Case 'Test Cases/Mobile/Page/Run App/Run App byID' successfully

2022-01-12 07:52:44 - [TEST_STEP][PASSED] - callTestCase(findTestCase("Mobile/Page/Login/Login"), ["action":"cancelfingerprint"], CONTINUE_ON_FAILURE): Call Test Case 'Test Cases/Mobile/Page/Login/Login' successfully

2022-01-12 07:52:44 - [TEST_CASE][PASSED] - Test Cases/Mobile/Page/Login/Login: Test Cases/Mobile/Page/Login/Login

2022-01-12 07:52:44 - [TEST_STEP][PASSED] - delay(2): Delayed 2 second(s)

2022-01-12 07:52:46 - [MESSAGE][PASSED] - Delayed 2 second(s)

2022-01-12 07:52:46 - [TEST_STEP][PASSED] - for ([i = 0, i < 1, (i++)]): Delayed 2 second(s)

2022-01-12 07:52:46 - [TEST_STEP][PASSED] - if (action == "username"): null

2022-01-12 07:52:46 - [TEST_STEP][PASSED] - else if (action == "wrongpassword"): null

2022-01-12 07:52:46 - [TEST_STEP][PASSED] - else if (action == "nointernet"): null

2022-01-12 07:52:46 - [TEST_STEP][PASSED] - else if (action == "visiblepassword"): null

2022-01-12 07:52:46 - [TEST_STEP][PASSED] - else if (action == "cancelfingerprint"): Delayed 2 second(s)

2022-01-12 07:52:46 - [TEST_STEP][PASSED] - tap(LOGN_BtnFingerprint, 0): Tapped on element 'Object Repository/Mobile/Page/Login/Button - Fingerprint'

2022-01-12 07:52:46 - [MESSAGE][WARNING] - Timeout '0' is invalid. Using default page load timeout: '60'

2022-01-12 07:52:47 - [MESSAGE][PASSED] - Tapped on element 'Object Repository/Mobile/Page/Login/Button - Fingerprint'

2022-01-12 07:52:47 - [TEST_STEP][PASSED] - delay(1): Delayed 1 second(s)

2022-01-12 07:52:48 - [MESSAGE][PASSED] - Delayed 1 second(s)

2022-01-12 07:52:48 - [TEST_STEP][PASSED] - pressBack(): Press back button successfully

2022-01-12 07:52:48 - [MESSAGE][PASSED] - Press back button successfully

2022-01-12 07:52:48 - [TEST_STEP][PASSED] - delay(1): Delayed 1 second(s)

2022-01-12 07:52:49 - [MESSAGE][PASSED] - Delayed 1 second(s)

2022-01-12 07:52:49 - [TEST_STEP][PASSED] - tap(LOGN_EdtUserID, 0): Tapped on element 'Object Repository/Mobile/Page/Login/Input - UserID'

2022-01-12 07:52:49 - [MESSAGE][WARNING] - Timeout '0' is invalid. Using default page load timeout: '60'

2022-01-12 07:52:50 - [MESSAGE][PASSED] - Tapped on element 'Object Repository/Mobile/Page/Login/Input - UserID'

2022-01-12 07:52:50 - [TEST_STEP][PASSED] - delay(1): Delayed 1 second(s)

2022-01-12 07:52:51 - [MESSAGE][PASSED] - Delayed 1 second(s)

2022-01-12 07:52:51 - [TEST_STEP][PASSED] - setText(LOGN_EdtRdyUserID, "anggaaditya", 0): Text 'anggaaditya' has been set to element 'Object Repository/Mobile/Page/Login/Input Rdy - UserID'

2022-01-12 07:52:51 - [MESSAGE][WARNING] - Timeout '0' is invalid. Using default page load timeout: '60'

2022-01-12 07:52:51 - [MESSAGE][PASSED] - Text 'anggaaditya' has been set to element 'Object Repository/Mobile/Page/Login/Input Rdy - UserID'

2022-01-12 07:52:51 - [TEST_STEP][PASSED] - delay(1): Delayed 1 second(s)

2022-01-12 07:52:52 - [MESSAGE][PASSED] - Delayed 1 second(s)

2022-01-12 07:52:52 - [TEST_STEP][PASSED] - hideKeyboard(): Keyboard is hidden

2022-01-12 07:52:56 - [MESSAGE][PASSED] - Keyboard is hidden

2022-01-12 07:52:56 - [TEST_STEP][PASSED] - tap(LOGN_EdtPassword, 0): Tapped on element 'Object Repository/Mobile/Page/Login/Input - Password'

2022-01-12 07:52:56 - [MESSAGE][WARNING] - Timeout '0' is invalid. Using default page load timeout: '60'

2022-01-12 07:52:57 - [MESSAGE][PASSED] - Tapped on element 'Object Repository/Mobile/Page/Login/Input - Password'

2022-01-12 07:52:57 - [TEST_STEP][PASSED] - delay(1): Delayed 1 second(s)

2022-01-12 07:52:58 - [MESSAGE][PASSED] - Delayed 1 second(s)

2022-01-12 07:52:58 - [TEST_STEP][PASSED] - setText(LOGN_EdtRdyPassword, "Shalawa18", 0): Text 'Shalawa18' has been set to element 'Object Repository/Mobile/Page/Login/Input Rdy - Password'

2022-01-12 07:52:58 - [MESSAGE][WARNING] - Timeout '0' is invalid. Using default page load timeout: '60'

2022-01-12 07:52:58 - [MESSAGE][PASSED] - Text 'Shalawa18' has been set to element 'Object Repository/Mobile/Page/Login/Input Rdy - Password'

2022-01-12 07:52:58 - [TEST_STEP][PASSED] - delay(1): Delayed 1 second(s)

2022-01-12 07:52:59 - [MESSAGE][PASSED] - Delayed 1 second(s)

2022-01-12 07:52:59 - [TEST_STEP][PASSED] - hideKeyboard(): Keyboard is hidden

2022-01-12 07:53:06 - [MESSAGE][PASSED] - Keyboard is hidden

2022-01-12 07:53:06 - [TEST_STEP][PASSED] - tap(LOGN_BtnLogin, 0): Tapped on element 'Object Repository/Mobile/Page/Login/Button - Login'

2022-01-12 07:53:06 - [MESSAGE][WARNING] - Timeout '0' is invalid. Using default page load timeout: '60'

2022-01-12 07:53:07 - [MESSAGE][PASSED] - Tapped on element 'Object Repository/Mobile/Page/Login/Button - Login'

2022-01-12 07:53:07 - [TEST_STEP][PASSED] - delay(2): Delayed 2 second(s)

2022-01-12 07:53:09 - [MESSAGE][PASSED] - Delayed 2 second(s)

2022-01-12 07:53:09 - [MESSAGE][PASSED] - Call Test Case 'Test Cases/Mobile/Page/Login/Login' successfully

2022-01-12 07:53:09 - [TEST_STEP][PASSED] - callTestCase(findTestCase("Mobile/Page/Run App/Terminate App"), [:], STOP_ON_FAILURE): Call Test Case 'Test Cases/Mobile/Page/Run App/Terminate App' successfully

2022-01-12 07:53:10 - [TEST_CASE][PASSED] - Test Cases/Mobile/Page/Run App/Terminate App: Test Cases/Mobile/Page/Run App/Terminate App

2022-01-12 07:53:10 - [TEST_STEP][PASSED] - startApp.OpenApp.terminateApplication(): startApp.OpenApp.terminateApplication is PASSED

2022-01-12 07:53:13 - [MESSAGE][PASSED] - Delayed 3 second(s)

2022-01-12 07:53:14 - [MESSAGE][PASSED] - Current device physical width is 720

2022-01-12 07:53:14 - [MESSAGE][PASSED] - Current device physical height is 1423

2022-01-12 07:53:15 - [MESSAGE][PASSED] - Swiped from 360,853 to 360,142

2022-01-12 07:53:16 - [MESSAGE][PASSED] - Delayed 1 second(s)

2022-01-12 07:53:18 - [MESSAGE][PASSED] - Swiped from 360,853 to 360,142

2022-01-12 07:53:21 - [MESSAGE][PASSED] - Delayed 3 second(s)

2022-01-12 07:53:21 - [MESSAGE][PASSED] - startApp.OpenApp.terminateApplication is PASSED

2022-01-12 07:53:21 - [MESSAGE][PASSED] - Call Test Case 'Test Cases/Mobile/Page/Run App/Terminate App' successfully]]></system-out>
         <system-err><![CDATA[]]></system-err>
      </testcase>
      <system-out><![CDATA[2022-01-12 07:47:56 - [TEST_SUITE][PASSED] - login: Test Cases/Mobile/Scenario/Login/005 - Login menggunakan username dengan membatalkan fingerprint]]></system-out>
      <system-err><![CDATA[]]></system-err>
   </testsuite>
</testsuites>
