<?xml version="1.0" encoding="UTF-8"?>
<testsuites name="news" time="311.798" tests="5" failures="0" skips="0" errors="0">
   <testsuite name="news" tests="5" failures="0" errors="0" time="311.798" skips="0" timestamp="2021-12-24 10:59:26" hostname="Owner - aldy-tft" id="Test Suites/news">
      <properties>
         <property name="deviceName" value="samsung SM-A205F (Android 11)"/>
         <property name="devicePlatform" value=""/>
         <property name="logFolder" value="C:\\Users\\Owner\\Documents\\kerjaan\\KatalonProject\\qa_katalon_pwm\\qa_katalon_pwm\\Reports\\20211224_105132\\news\\20211224_105135"/>
         <property name="logFiles" value="C:\\Users\\Owner\\Documents\\kerjaan\\KatalonProject\\qa_katalon_pwm\\qa_katalon_pwm\\Reports\\20211224_105132\\news\\20211224_105135\\appium.log, C:\\Users\\Owner\\Documents\\kerjaan\\KatalonProject\\qa_katalon_pwm\\qa_katalon_pwm\\Reports\\20211224_105132\\news\\20211224_105135\\execution0.log"/>
         <property name="attachments" value=""/>
         <property name="hostName" value="Owner - aldy-tft"/>
         <property name="os" value="Windows 10 64bit"/>
         <property name="appiumServerStatus" value="{&quot;value&quot;:{&quot;build&quot;:{&quot;version&quot;:&quot;1.22.0&quot;}},&quot;sessionId&quot;:null,&quot;status&quot;:0}"/>
         <property name="katalonVersion" value="7.9.1.208"/>
         <property name="deviceOS" value="Android"/>
         <property name="appiumVersion" value="1.22.0"/>
         <property name="deviceModel" value="SM-A205F"/>
         <property name="hostAddress" value="192.168.18.37"/>
         <property name="deviceManufacturer" value="samsung"/>
         <property name="deviceId" value="RR8M40C9AXE"/>
         <property name="deviceName" value="samsung SM-A205F (Android 11)"/>
         <property name="deviceOSVersion" value="11"/>
      </properties>
      <testcase name="Test Cases/Mobile/Scenario/News/001 - News World Indices" time="73.268" classname="Test Cases/Mobile/Scenario/News/001 - News World Indices" status="PASSED">
         <system-out><![CDATA[2021-12-24 10:59:26 - [TEST_CASE][PASSED] - Test Cases/Mobile/Scenario/News/001 - News World Indices: Test Cases/Mobile/Scenario/News/001 - News World Indices

2021-12-24 10:59:27 - [TEST_STEP][PASSED] - callTestCase(findTestCase("Mobile/Page/Run App/Run App byID"), [:], STOP_ON_FAILURE): Call Test Case 'Test Cases/Mobile/Page/Run App/Run App byID' successfully

2021-12-24 10:59:27 - [TEST_CASE][PASSED] - Test Cases/Mobile/Page/Run App/Run App byID: Test Cases/Mobile/Page/Run App/Run App byID

2021-12-24 10:59:27 - [TEST_STEP][PASSED] - startApp.OpenApp.startApplication("id.co.miraeasset.sageclub"): startApp.OpenApp.startApplication is PASSED

2021-12-24 10:59:28 - [MESSAGE][INFO] - Appium server started on port 58,207

2021-12-24 10:59:43 - [MESSAGE][PASSED] - Starting app with application ID: 'id.co.miraeasset.sageclub'

2021-12-24 10:59:43 - [MESSAGE][PASSED] - startApp.OpenApp.startApplication is PASSED

2021-12-24 10:59:43 - [MESSAGE][PASSED] - Call Test Case 'Test Cases/Mobile/Page/Run App/Run App byID' successfully

2021-12-24 10:59:43 - [TEST_STEP][PASSED] - callTestCase(findTestCase("Mobile/Page/News/News"), ["tab":"worldindices"], CONTINUE_ON_FAILURE): Call Test Case 'Test Cases/Mobile/Page/News/News' successfully

2021-12-24 10:59:43 - [TEST_CASE][PASSED] - Test Cases/Mobile/Page/News/News: Test Cases/Mobile/Page/News/News

2021-12-24 10:59:43 - [TEST_STEP][PASSED] - callTestCase(findTestCase("Mobile/Page/CheckLogin"), [:], CONTINUE_ON_FAILURE): Call Test Case 'Test Cases/Mobile/Page/CheckLogin' successfully

2021-12-24 10:59:43 - [TEST_CASE][PASSED] - Test Cases/Mobile/Page/CheckLogin: Test Cases/Mobile/Page/CheckLogin

2021-12-24 10:59:44 - [TEST_STEP][PASSED] - loginCheck = verifyElementExist(findTestObject("Mobile/Page/Login/Button - Login"), 5, CONTINUE_ON_FAILURE): Element 'Object Repository/Mobile/Page/Login/Button - Login' is exist

2021-12-24 10:59:45 - [MESSAGE][PASSED] - Element 'Object Repository/Mobile/Page/Login/Button - Login' is exist

2021-12-24 10:59:45 - [TEST_STEP][PASSED] - if (loginCheck): Call Test Case 'Test Cases/Mobile/Page/Login/Login' successfully

2021-12-24 10:59:45 - [TEST_STEP][PASSED] - callTestCase(findTestCase("Mobile/Page/Login/Login"), [:], CONTINUE_ON_FAILURE): Call Test Case 'Test Cases/Mobile/Page/Login/Login' successfully

2021-12-24 10:59:45 - [TEST_CASE][PASSED] - Test Cases/Mobile/Page/Login/Login: Test Cases/Mobile/Page/Login/Login

2021-12-24 10:59:45 - [TEST_STEP][PASSED] - delay(2): Delayed 2 second(s)

2021-12-24 10:59:47 - [MESSAGE][PASSED] - Delayed 2 second(s)

2021-12-24 10:59:47 - [TEST_STEP][PASSED] - tap(findTestObject("Mobile/Page/Login/Input - UserID"), 0): Tapped on element 'Object Repository/Mobile/Page/Login/Input - UserID'

2021-12-24 10:59:47 - [MESSAGE][WARNING] - Timeout '0' is invalid. Using default page load timeout: '60'

2021-12-24 10:59:48 - [MESSAGE][PASSED] - Tapped on element 'Object Repository/Mobile/Page/Login/Input - UserID'

2021-12-24 10:59:48 - [TEST_STEP][PASSED] - delay(1): Delayed 1 second(s)

2021-12-24 10:59:49 - [MESSAGE][PASSED] - Delayed 1 second(s)

2021-12-24 10:59:49 - [TEST_STEP][PASSED] - setText(findTestObject("Mobile/Page/Login/Input Rdy - UserID"), "anggaaditya", 0): Text 'anggaaditya' has been set to element 'Object Repository/Mobile/Page/Login/Input Rdy - UserID'

2021-12-24 10:59:49 - [MESSAGE][WARNING] - Timeout '0' is invalid. Using default page load timeout: '60'

2021-12-24 10:59:50 - [MESSAGE][PASSED] - Text 'anggaaditya' has been set to element 'Object Repository/Mobile/Page/Login/Input Rdy - UserID'

2021-12-24 10:59:50 - [TEST_STEP][PASSED] - delay(1): Delayed 1 second(s)

2021-12-24 10:59:51 - [MESSAGE][PASSED] - Delayed 1 second(s)

2021-12-24 10:59:51 - [TEST_STEP][PASSED] - hideKeyboard(): Keyboard is hidden

2021-12-24 10:59:54 - [MESSAGE][PASSED] - Keyboard is hidden

2021-12-24 10:59:54 - [TEST_STEP][PASSED] - tap(findTestObject("Mobile/Page/Login/Input - Password"), 0): Tapped on element 'Object Repository/Mobile/Page/Login/Input - Password'

2021-12-24 10:59:54 - [MESSAGE][WARNING] - Timeout '0' is invalid. Using default page load timeout: '60'

2021-12-24 10:59:56 - [MESSAGE][PASSED] - Tapped on element 'Object Repository/Mobile/Page/Login/Input - Password'

2021-12-24 10:59:56 - [TEST_STEP][PASSED] - delay(1): Delayed 1 second(s)

2021-12-24 10:59:57 - [MESSAGE][PASSED] - Delayed 1 second(s)

2021-12-24 10:59:57 - [TEST_STEP][PASSED] - setText(findTestObject("Mobile/Page/Login/Input Rdy - Password"), "Shalawa18", 0): Text 'Shalawa18' has been set to element 'Object Repository/Mobile/Page/Login/Input Rdy - Password'

2021-12-24 10:59:57 - [MESSAGE][WARNING] - Timeout '0' is invalid. Using default page load timeout: '60'

2021-12-24 10:59:58 - [MESSAGE][PASSED] - Text 'Shalawa18' has been set to element 'Object Repository/Mobile/Page/Login/Input Rdy - Password'

2021-12-24 10:59:58 - [TEST_STEP][PASSED] - delay(1): Delayed 1 second(s)

2021-12-24 10:59:59 - [MESSAGE][PASSED] - Delayed 1 second(s)

2021-12-24 10:59:59 - [TEST_STEP][PASSED] - hideKeyboard(): Keyboard is hidden

2021-12-24 11:00:05 - [MESSAGE][PASSED] - Keyboard is hidden

2021-12-24 11:00:05 - [TEST_STEP][PASSED] - tap(findTestObject("Mobile/Page/Login/Button - Login"), 0): Tapped on element 'Object Repository/Mobile/Page/Login/Button - Login'

2021-12-24 11:00:05 - [MESSAGE][WARNING] - Timeout '0' is invalid. Using default page load timeout: '60'

2021-12-24 11:00:06 - [MESSAGE][PASSED] - Tapped on element 'Object Repository/Mobile/Page/Login/Button - Login'

2021-12-24 11:00:06 - [TEST_STEP][PASSED] - delay(2): Delayed 2 second(s)

2021-12-24 11:00:08 - [MESSAGE][PASSED] - Delayed 2 second(s)

2021-12-24 11:00:08 - [MESSAGE][PASSED] - Call Test Case 'Test Cases/Mobile/Page/Login/Login' successfully

2021-12-24 11:00:08 - [MESSAGE][PASSED] - Call Test Case 'Test Cases/Mobile/Page/CheckLogin' successfully

2021-12-24 11:00:08 - [TEST_STEP][PASSED] - tap(findTestObject("Mobile/Page/Home/Menubar - News"), 0): Tapped on element 'Object Repository/Mobile/Page/Home/Menubar - News'

2021-12-24 11:00:08 - [MESSAGE][WARNING] - Timeout '0' is invalid. Using default page load timeout: '60'

2021-12-24 11:00:09 - [MESSAGE][PASSED] - Tapped on element 'Object Repository/Mobile/Page/Home/Menubar - News'

2021-12-24 11:00:09 - [TEST_STEP][PASSED] - delay(1): Delayed 1 second(s)

2021-12-24 11:00:10 - [MESSAGE][PASSED] - Delayed 1 second(s)

2021-12-24 11:00:10 - [TEST_STEP][PASSED] - for ([i = 0, i < 1, (i++)]): null

2021-12-24 11:00:10 - [TEST_STEP][PASSED] - if (tab == "macronews"): null

2021-12-24 11:00:10 - [TEST_STEP][PASSED] - else if (tab == "stocknews"): null

2021-12-24 11:00:10 - [TEST_STEP][PASSED] - else if (tab == "fundnews"): null

2021-12-24 11:00:10 - [TEST_STEP][PASSED] - else if (tab == "bondnews"): null

2021-12-24 11:00:10 - [TEST_STEP][PASSED] - else if (tab == "worldindices"): Delayed 3 second(s)

2021-12-24 11:00:10 - [TEST_STEP][PASSED] - scroll.scroll.scrollScreenRightToLeft(findTestObject("Object Repository/Mobile/Page/News/Tab - Macro")): scroll.scroll.scrollScreenRightToLeft is PASSED

2021-12-24 11:00:10 - [MESSAGE][WARNING] - Timeout '0' is invalid. Using default page load timeout: '60'

2021-12-24 11:00:10 - [MESSAGE][PASSED] - Object 'Object Repository/Mobile/Page/News/Tab - Macro' has left position '14'

2021-12-24 11:00:10 - [MESSAGE][WARNING] - Timeout '0' is invalid. Using default page load timeout: '60'

2021-12-24 11:00:11 - [MESSAGE][PASSED] - Object 'Object Repository/Mobile/Page/News/Tab - Macro' has top position '262'

2021-12-24 11:00:11 - [MESSAGE][WARNING] - Timeout '0' is invalid. Using default page load timeout: '60'

2021-12-24 11:00:11 - [MESSAGE][PASSED] - Object 'Object Repository/Mobile/Page/News/Tab - Macro' has width: '215'

2021-12-24 11:00:11 - [MESSAGE][WARNING] - Timeout '0' is invalid. Using default page load timeout: '60'

2021-12-24 11:00:11 - [MESSAGE][PASSED] - Object 'Object Repository/Mobile/Page/News/Tab - Macro' has height: '84'

2021-12-24 11:00:11 - [MESSAGE][PASSED] - Current device physical width is 720

2021-12-24 11:00:12 - [MESSAGE][PASSED] - Swiped from 620,304 to 100,304

2021-12-24 11:00:12 - [MESSAGE][PASSED] - scroll.scroll.scrollScreenRightToLeft is PASSED

2021-12-24 11:00:12 - [TEST_STEP][PASSED] - delay(1): Delayed 1 second(s)

2021-12-24 11:00:13 - [MESSAGE][PASSED] - Delayed 1 second(s)

2021-12-24 11:00:13 - [TEST_STEP][PASSED] - tap(findTestObject("Mobile/Page/News/Tab - World Indices"), 0): Tapped on element 'Object Repository/Mobile/Page/News/Tab - World Indices'

2021-12-24 11:00:13 - [MESSAGE][WARNING] - Timeout '0' is invalid. Using default page load timeout: '60'

2021-12-24 11:00:15 - [MESSAGE][PASSED] - Tapped on element 'Object Repository/Mobile/Page/News/Tab - World Indices'

2021-12-24 11:00:15 - [TEST_STEP][PASSED] - delay(1): Delayed 1 second(s)

2021-12-24 11:00:16 - [MESSAGE][PASSED] - Delayed 1 second(s)

2021-12-24 11:00:16 - [TEST_STEP][PASSED] - tap(findTestObject("Mobile/Page/News/Button - Indices"), 0): Tapped on element 'Object Repository/Mobile/Page/News/Button - Indices'

2021-12-24 11:00:16 - [MESSAGE][WARNING] - Timeout '0' is invalid. Using default page load timeout: '60'

2021-12-24 11:00:17 - [MESSAGE][PASSED] - Tapped on element 'Object Repository/Mobile/Page/News/Button - Indices'

2021-12-24 11:00:17 - [TEST_STEP][PASSED] - delay(3): Delayed 3 second(s)

2021-12-24 11:00:20 - [MESSAGE][PASSED] - Delayed 3 second(s)

2021-12-24 11:00:20 - [TEST_STEP][PASSED] - tap(findTestObject("Mobile/Page/News/Button - Currencies"), 0): Tapped on element 'Object Repository/Mobile/Page/News/Button - Currencies'

2021-12-24 11:00:20 - [MESSAGE][WARNING] - Timeout '0' is invalid. Using default page load timeout: '60'

2021-12-24 11:00:21 - [MESSAGE][PASSED] - Tapped on element 'Object Repository/Mobile/Page/News/Button - Currencies'

2021-12-24 11:00:21 - [TEST_STEP][PASSED] - delay(3): Delayed 3 second(s)

2021-12-24 11:00:24 - [MESSAGE][PASSED] - Delayed 3 second(s)

2021-12-24 11:00:24 - [TEST_STEP][PASSED] - tap(findTestObject("Mobile/Page/News/Button - Commodities"), 0): Tapped on element 'Object Repository/Mobile/Page/News/Button - Commodities'

2021-12-24 11:00:24 - [MESSAGE][WARNING] - Timeout '0' is invalid. Using default page load timeout: '60'

2021-12-24 11:00:25 - [MESSAGE][PASSED] - Tapped on element 'Object Repository/Mobile/Page/News/Button - Commodities'

2021-12-24 11:00:25 - [TEST_STEP][PASSED] - delay(3): Delayed 3 second(s)

2021-12-24 11:00:28 - [MESSAGE][PASSED] - Delayed 3 second(s)

2021-12-24 11:00:28 - [TEST_STEP][PASSED] - delay(1): Delayed 1 second(s)

2021-12-24 11:00:29 - [MESSAGE][PASSED] - Delayed 1 second(s)

2021-12-24 11:00:29 - [TEST_STEP][PASSED] - if (tab != "worldindices"): null

2021-12-24 11:00:29 - [MESSAGE][PASSED] - Call Test Case 'Test Cases/Mobile/Page/News/News' successfully

2021-12-24 11:00:29 - [TEST_STEP][PASSED] - callTestCase(findTestCase("Mobile/Page/Run App/Terminate App"), [:], STOP_ON_FAILURE): Call Test Case 'Test Cases/Mobile/Page/Run App/Terminate App' successfully

2021-12-24 11:00:29 - [TEST_CASE][PASSED] - Test Cases/Mobile/Page/Run App/Terminate App: Test Cases/Mobile/Page/Run App/Terminate App

2021-12-24 11:00:29 - [TEST_STEP][PASSED] - startApp.OpenApp.terminateApplication(): startApp.OpenApp.terminateApplication is PASSED

2021-12-24 11:00:32 - [MESSAGE][PASSED] - Delayed 3 second(s)

2021-12-24 11:00:33 - [MESSAGE][PASSED] - Current device physical width is 720

2021-12-24 11:00:33 - [MESSAGE][PASSED] - Current device physical height is 1423

2021-12-24 11:00:34 - [MESSAGE][PASSED] - Swiped from 360,853 to 360,142

2021-12-24 11:00:35 - [MESSAGE][PASSED] - Delayed 1 second(s)

2021-12-24 11:00:36 - [MESSAGE][PASSED] - Swiped from 360,853 to 360,142

2021-12-24 11:00:40 - [MESSAGE][PASSED] - Delayed 3 second(s)

2021-12-24 11:00:40 - [MESSAGE][PASSED] - startApp.OpenApp.terminateApplication is PASSED

2021-12-24 11:00:40 - [MESSAGE][PASSED] - Call Test Case 'Test Cases/Mobile/Page/Run App/Terminate App' successfully]]></system-out>
         <system-err><![CDATA[]]></system-err>
      </testcase>
      <testcase name="Test Cases/Mobile/Scenario/News/002 - News Stock" time="59.152" classname="Test Cases/Mobile/Scenario/News/002 - News Stock" status="PASSED">
         <system-out><![CDATA[2021-12-24 11:00:40 - [TEST_CASE][PASSED] - Test Cases/Mobile/Scenario/News/002 - News Stock: Test Cases/Mobile/Scenario/News/002 - News Stock

2021-12-24 11:00:40 - [TEST_STEP][PASSED] - callTestCase(findTestCase("Mobile/Page/Run App/Run App byID"), [:], STOP_ON_FAILURE): Call Test Case 'Test Cases/Mobile/Page/Run App/Run App byID' successfully

2021-12-24 11:00:40 - [TEST_CASE][PASSED] - Test Cases/Mobile/Page/Run App/Run App byID: Test Cases/Mobile/Page/Run App/Run App byID

2021-12-24 11:00:40 - [TEST_STEP][PASSED] - startApp.OpenApp.startApplication("id.co.miraeasset.sageclub"): startApp.OpenApp.startApplication is PASSED

2021-12-24 11:00:52 - [MESSAGE][PASSED] - Starting app with application ID: 'id.co.miraeasset.sageclub'

2021-12-24 11:00:52 - [MESSAGE][PASSED] - startApp.OpenApp.startApplication is PASSED

2021-12-24 11:00:52 - [MESSAGE][PASSED] - Call Test Case 'Test Cases/Mobile/Page/Run App/Run App byID' successfully

2021-12-24 11:00:52 - [TEST_STEP][PASSED] - callTestCase(findTestCase("Mobile/Page/News/News"), ["tab":"stocknews"], CONTINUE_ON_FAILURE): Call Test Case 'Test Cases/Mobile/Page/News/News' successfully

2021-12-24 11:00:52 - [TEST_CASE][PASSED] - Test Cases/Mobile/Page/News/News: Test Cases/Mobile/Page/News/News

2021-12-24 11:00:52 - [TEST_STEP][PASSED] - callTestCase(findTestCase("Mobile/Page/CheckLogin"), [:], CONTINUE_ON_FAILURE): Call Test Case 'Test Cases/Mobile/Page/CheckLogin' successfully

2021-12-24 11:00:52 - [TEST_CASE][PASSED] - Test Cases/Mobile/Page/CheckLogin: Test Cases/Mobile/Page/CheckLogin

2021-12-24 11:00:52 - [TEST_STEP][PASSED] - loginCheck = verifyElementExist(findTestObject("Mobile/Page/Login/Button - Login"), 5, CONTINUE_ON_FAILURE): Element 'Object Repository/Mobile/Page/Login/Button - Login' is exist

2021-12-24 11:00:54 - [MESSAGE][PASSED] - Element 'Object Repository/Mobile/Page/Login/Button - Login' is exist

2021-12-24 11:00:54 - [TEST_STEP][PASSED] - if (loginCheck): Call Test Case 'Test Cases/Mobile/Page/Login/Login' successfully

2021-12-24 11:00:54 - [TEST_STEP][PASSED] - callTestCase(findTestCase("Mobile/Page/Login/Login"), [:], CONTINUE_ON_FAILURE): Call Test Case 'Test Cases/Mobile/Page/Login/Login' successfully

2021-12-24 11:00:54 - [TEST_CASE][PASSED] - Test Cases/Mobile/Page/Login/Login: Test Cases/Mobile/Page/Login/Login

2021-12-24 11:00:54 - [TEST_STEP][PASSED] - delay(2): Delayed 2 second(s)

2021-12-24 11:00:56 - [MESSAGE][PASSED] - Delayed 2 second(s)

2021-12-24 11:00:56 - [TEST_STEP][PASSED] - tap(findTestObject("Mobile/Page/Login/Input - UserID"), 0): Tapped on element 'Object Repository/Mobile/Page/Login/Input - UserID'

2021-12-24 11:00:56 - [MESSAGE][WARNING] - Timeout '0' is invalid. Using default page load timeout: '60'

2021-12-24 11:00:56 - [MESSAGE][PASSED] - Tapped on element 'Object Repository/Mobile/Page/Login/Input - UserID'

2021-12-24 11:00:56 - [TEST_STEP][PASSED] - delay(1): Delayed 1 second(s)

2021-12-24 11:00:57 - [MESSAGE][PASSED] - Delayed 1 second(s)

2021-12-24 11:00:57 - [TEST_STEP][PASSED] - setText(findTestObject("Mobile/Page/Login/Input Rdy - UserID"), "anggaaditya", 0): Text 'anggaaditya' has been set to element 'Object Repository/Mobile/Page/Login/Input Rdy - UserID'

2021-12-24 11:00:57 - [MESSAGE][WARNING] - Timeout '0' is invalid. Using default page load timeout: '60'

2021-12-24 11:00:58 - [MESSAGE][PASSED] - Text 'anggaaditya' has been set to element 'Object Repository/Mobile/Page/Login/Input Rdy - UserID'

2021-12-24 11:00:58 - [TEST_STEP][PASSED] - delay(1): Delayed 1 second(s)

2021-12-24 11:00:59 - [MESSAGE][PASSED] - Delayed 1 second(s)

2021-12-24 11:00:59 - [TEST_STEP][PASSED] - hideKeyboard(): Keyboard is hidden

2021-12-24 11:01:02 - [MESSAGE][PASSED] - Keyboard is hidden

2021-12-24 11:01:02 - [TEST_STEP][PASSED] - tap(findTestObject("Mobile/Page/Login/Input - Password"), 0): Tapped on element 'Object Repository/Mobile/Page/Login/Input - Password'

2021-12-24 11:01:03 - [MESSAGE][WARNING] - Timeout '0' is invalid. Using default page load timeout: '60'

2021-12-24 11:01:03 - [MESSAGE][PASSED] - Tapped on element 'Object Repository/Mobile/Page/Login/Input - Password'

2021-12-24 11:01:03 - [TEST_STEP][PASSED] - delay(1): Delayed 1 second(s)

2021-12-24 11:01:04 - [MESSAGE][PASSED] - Delayed 1 second(s)

2021-12-24 11:01:04 - [TEST_STEP][PASSED] - setText(findTestObject("Mobile/Page/Login/Input Rdy - Password"), "Shalawa18", 0): Text 'Shalawa18' has been set to element 'Object Repository/Mobile/Page/Login/Input Rdy - Password'

2021-12-24 11:01:04 - [MESSAGE][WARNING] - Timeout '0' is invalid. Using default page load timeout: '60'

2021-12-24 11:01:05 - [MESSAGE][PASSED] - Text 'Shalawa18' has been set to element 'Object Repository/Mobile/Page/Login/Input Rdy - Password'

2021-12-24 11:01:05 - [TEST_STEP][PASSED] - delay(1): Delayed 1 second(s)

2021-12-24 11:01:06 - [MESSAGE][PASSED] - Delayed 1 second(s)

2021-12-24 11:01:06 - [TEST_STEP][PASSED] - hideKeyboard(): Keyboard is hidden

2021-12-24 11:01:12 - [MESSAGE][PASSED] - Keyboard is hidden

2021-12-24 11:01:12 - [TEST_STEP][PASSED] - tap(findTestObject("Mobile/Page/Login/Button - Login"), 0): Tapped on element 'Object Repository/Mobile/Page/Login/Button - Login'

2021-12-24 11:01:12 - [MESSAGE][WARNING] - Timeout '0' is invalid. Using default page load timeout: '60'

2021-12-24 11:01:13 - [MESSAGE][PASSED] - Tapped on element 'Object Repository/Mobile/Page/Login/Button - Login'

2021-12-24 11:01:13 - [TEST_STEP][PASSED] - delay(2): Delayed 2 second(s)

2021-12-24 11:01:15 - [MESSAGE][PASSED] - Delayed 2 second(s)

2021-12-24 11:01:15 - [MESSAGE][PASSED] - Call Test Case 'Test Cases/Mobile/Page/Login/Login' successfully

2021-12-24 11:01:15 - [MESSAGE][PASSED] - Call Test Case 'Test Cases/Mobile/Page/CheckLogin' successfully

2021-12-24 11:01:15 - [TEST_STEP][PASSED] - tap(findTestObject("Mobile/Page/Home/Menubar - News"), 0): Tapped on element 'Object Repository/Mobile/Page/Home/Menubar - News'

2021-12-24 11:01:15 - [MESSAGE][WARNING] - Timeout '0' is invalid. Using default page load timeout: '60'

2021-12-24 11:01:15 - [MESSAGE][PASSED] - Tapped on element 'Object Repository/Mobile/Page/Home/Menubar - News'

2021-12-24 11:01:15 - [TEST_STEP][PASSED] - delay(1): Delayed 1 second(s)

2021-12-24 11:01:16 - [MESSAGE][PASSED] - Delayed 1 second(s)

2021-12-24 11:01:16 - [TEST_STEP][PASSED] - for ([i = 0, i < 1, (i++)]): Delayed 3 second(s)

2021-12-24 11:01:16 - [TEST_STEP][PASSED] - if (tab == "macronews"): null

2021-12-24 11:01:16 - [TEST_STEP][PASSED] - else if (tab == "stocknews"): Tapped on element 'Object Repository/Mobile/Page/News/Tab - Stock'

2021-12-24 11:01:16 - [TEST_STEP][PASSED] - tap(findTestObject("Object Repository/Mobile/Page/News/Tab - Stock"), 0): Tapped on element 'Object Repository/Mobile/Page/News/Tab - Stock'

2021-12-24 11:01:17 - [MESSAGE][WARNING] - Timeout '0' is invalid. Using default page load timeout: '60'

2021-12-24 11:01:19 - [MESSAGE][PASSED] - Tapped on element 'Object Repository/Mobile/Page/News/Tab - Stock'

2021-12-24 11:01:19 - [TEST_STEP][PASSED] - delay(1): Delayed 1 second(s)

2021-12-24 11:01:20 - [MESSAGE][PASSED] - Delayed 1 second(s)

2021-12-24 11:01:20 - [TEST_STEP][PASSED] - if (tab != "worldindices"): Delayed 3 second(s)

2021-12-24 11:01:20 - [TEST_STEP][PASSED] - try: Delayed 3 second(s)

2021-12-24 11:01:20 - [TEST_STEP][PASSED] - tapAndHold(findTestObject("Mobile/Page/News/Item - Top News"), 1, 10): Tapped and held on element 'Object Repository/Mobile/Page/News/Item - Top News' with duration 1

2021-12-24 11:01:23 - [MESSAGE][PASSED] - Tapped and held on element 'Object Repository/Mobile/Page/News/Item - Top News' with duration 1

2021-12-24 11:01:23 - [TEST_STEP][PASSED] - delay(1): Delayed 1 second(s)

2021-12-24 11:01:24 - [MESSAGE][PASSED] - Delayed 1 second(s)

2021-12-24 11:01:24 - [TEST_STEP][PASSED] - scroll.scroll.scrollScreenBottomToTop(): scroll.scroll.scrollScreenBottomToTop is PASSED

2021-12-24 11:01:24 - [MESSAGE][PASSED] - Current device physical height is 1423

2021-12-24 11:01:24 - [MESSAGE][PASSED] - Current device physical width is 720

2021-12-24 11:01:25 - [MESSAGE][PASSED] - Swiped from 360,1,138 to 360,284

2021-12-24 11:01:25 - [MESSAGE][PASSED] - scroll.scroll.scrollScreenBottomToTop is PASSED

2021-12-24 11:01:25 - [TEST_STEP][PASSED] - delay(3): Delayed 3 second(s)

2021-12-24 11:01:28 - [MESSAGE][PASSED] - Delayed 3 second(s)

2021-12-24 11:01:28 - [MESSAGE][PASSED] - Call Test Case 'Test Cases/Mobile/Page/News/News' successfully

2021-12-24 11:01:28 - [TEST_STEP][PASSED] - callTestCase(findTestCase("Mobile/Page/Run App/Terminate App"), [:], STOP_ON_FAILURE): Call Test Case 'Test Cases/Mobile/Page/Run App/Terminate App' successfully

2021-12-24 11:01:28 - [TEST_CASE][PASSED] - Test Cases/Mobile/Page/Run App/Terminate App: Test Cases/Mobile/Page/Run App/Terminate App

2021-12-24 11:01:28 - [TEST_STEP][PASSED] - startApp.OpenApp.terminateApplication(): startApp.OpenApp.terminateApplication is PASSED

2021-12-24 11:01:32 - [MESSAGE][PASSED] - Delayed 3 second(s)

2021-12-24 11:01:32 - [MESSAGE][PASSED] - Current device physical width is 720

2021-12-24 11:01:32 - [MESSAGE][PASSED] - Current device physical height is 1423

2021-12-24 11:01:33 - [MESSAGE][PASSED] - Swiped from 360,853 to 360,142

2021-12-24 11:01:34 - [MESSAGE][PASSED] - Delayed 1 second(s)

2021-12-24 11:01:36 - [MESSAGE][PASSED] - Swiped from 360,853 to 360,142

2021-12-24 11:01:39 - [MESSAGE][PASSED] - Delayed 3 second(s)

2021-12-24 11:01:39 - [MESSAGE][PASSED] - startApp.OpenApp.terminateApplication is PASSED

2021-12-24 11:01:39 - [MESSAGE][PASSED] - Call Test Case 'Test Cases/Mobile/Page/Run App/Terminate App' successfully]]></system-out>
         <system-err><![CDATA[]]></system-err>
      </testcase>
      <testcase name="Test Cases/Mobile/Scenario/News/003 - News Fund" time="60.647" classname="Test Cases/Mobile/Scenario/News/003 - News Fund" status="PASSED">
         <system-out><![CDATA[2021-12-24 11:01:39 - [TEST_CASE][PASSED] - Test Cases/Mobile/Scenario/News/003 - News Fund: Test Cases/Mobile/Scenario/News/003 - News Fund

2021-12-24 11:01:39 - [TEST_STEP][PASSED] - callTestCase(findTestCase("Mobile/Page/Run App/Run App byID"), [:], STOP_ON_FAILURE): Call Test Case 'Test Cases/Mobile/Page/Run App/Run App byID' successfully

2021-12-24 11:01:39 - [TEST_CASE][PASSED] - Test Cases/Mobile/Page/Run App/Run App byID: Test Cases/Mobile/Page/Run App/Run App byID

2021-12-24 11:01:39 - [TEST_STEP][PASSED] - startApp.OpenApp.startApplication("id.co.miraeasset.sageclub"): startApp.OpenApp.startApplication is PASSED

2021-12-24 11:01:52 - [MESSAGE][PASSED] - Starting app with application ID: 'id.co.miraeasset.sageclub'

2021-12-24 11:01:52 - [MESSAGE][PASSED] - startApp.OpenApp.startApplication is PASSED

2021-12-24 11:01:52 - [MESSAGE][PASSED] - Call Test Case 'Test Cases/Mobile/Page/Run App/Run App byID' successfully

2021-12-24 11:01:52 - [TEST_STEP][PASSED] - callTestCase(findTestCase("Mobile/Page/News/News"), ["tab":"fundnews"], CONTINUE_ON_FAILURE): Call Test Case 'Test Cases/Mobile/Page/News/News' successfully

2021-12-24 11:01:52 - [TEST_CASE][PASSED] - Test Cases/Mobile/Page/News/News: Test Cases/Mobile/Page/News/News

2021-12-24 11:01:52 - [TEST_STEP][PASSED] - callTestCase(findTestCase("Mobile/Page/CheckLogin"), [:], CONTINUE_ON_FAILURE): Call Test Case 'Test Cases/Mobile/Page/CheckLogin' successfully

2021-12-24 11:01:52 - [TEST_CASE][PASSED] - Test Cases/Mobile/Page/CheckLogin: Test Cases/Mobile/Page/CheckLogin

2021-12-24 11:01:52 - [TEST_STEP][PASSED] - loginCheck = verifyElementExist(findTestObject("Mobile/Page/Login/Button - Login"), 5, CONTINUE_ON_FAILURE): Element 'Object Repository/Mobile/Page/Login/Button - Login' is exist

2021-12-24 11:01:54 - [MESSAGE][PASSED] - Element 'Object Repository/Mobile/Page/Login/Button - Login' is exist

2021-12-24 11:01:54 - [TEST_STEP][PASSED] - if (loginCheck): Call Test Case 'Test Cases/Mobile/Page/Login/Login' successfully

2021-12-24 11:01:54 - [TEST_STEP][PASSED] - callTestCase(findTestCase("Mobile/Page/Login/Login"), [:], CONTINUE_ON_FAILURE): Call Test Case 'Test Cases/Mobile/Page/Login/Login' successfully

2021-12-24 11:01:54 - [TEST_CASE][PASSED] - Test Cases/Mobile/Page/Login/Login: Test Cases/Mobile/Page/Login/Login

2021-12-24 11:01:54 - [TEST_STEP][PASSED] - delay(2): Delayed 2 second(s)

2021-12-24 11:01:56 - [MESSAGE][PASSED] - Delayed 2 second(s)

2021-12-24 11:01:56 - [TEST_STEP][PASSED] - tap(findTestObject("Mobile/Page/Login/Input - UserID"), 0): Tapped on element 'Object Repository/Mobile/Page/Login/Input - UserID'

2021-12-24 11:01:56 - [MESSAGE][WARNING] - Timeout '0' is invalid. Using default page load timeout: '60'

2021-12-24 11:01:57 - [MESSAGE][PASSED] - Tapped on element 'Object Repository/Mobile/Page/Login/Input - UserID'

2021-12-24 11:01:57 - [TEST_STEP][PASSED] - delay(1): Delayed 1 second(s)

2021-12-24 11:01:58 - [MESSAGE][PASSED] - Delayed 1 second(s)

2021-12-24 11:01:58 - [TEST_STEP][PASSED] - setText(findTestObject("Mobile/Page/Login/Input Rdy - UserID"), "anggaaditya", 0): Text 'anggaaditya' has been set to element 'Object Repository/Mobile/Page/Login/Input Rdy - UserID'

2021-12-24 11:01:58 - [MESSAGE][WARNING] - Timeout '0' is invalid. Using default page load timeout: '60'

2021-12-24 11:01:59 - [MESSAGE][PASSED] - Text 'anggaaditya' has been set to element 'Object Repository/Mobile/Page/Login/Input Rdy - UserID'

2021-12-24 11:01:59 - [TEST_STEP][PASSED] - delay(1): Delayed 1 second(s)

2021-12-24 11:02:00 - [MESSAGE][PASSED] - Delayed 1 second(s)

2021-12-24 11:02:00 - [TEST_STEP][PASSED] - hideKeyboard(): Keyboard is hidden

2021-12-24 11:02:03 - [MESSAGE][PASSED] - Keyboard is hidden

2021-12-24 11:02:03 - [TEST_STEP][PASSED] - tap(findTestObject("Mobile/Page/Login/Input - Password"), 0): Tapped on element 'Object Repository/Mobile/Page/Login/Input - Password'

2021-12-24 11:02:03 - [MESSAGE][WARNING] - Timeout '0' is invalid. Using default page load timeout: '60'

2021-12-24 11:02:04 - [MESSAGE][PASSED] - Tapped on element 'Object Repository/Mobile/Page/Login/Input - Password'

2021-12-24 11:02:04 - [TEST_STEP][PASSED] - delay(1): Delayed 1 second(s)

2021-12-24 11:02:05 - [MESSAGE][PASSED] - Delayed 1 second(s)

2021-12-24 11:02:05 - [TEST_STEP][PASSED] - setText(findTestObject("Mobile/Page/Login/Input Rdy - Password"), "Shalawa18", 0): Text 'Shalawa18' has been set to element 'Object Repository/Mobile/Page/Login/Input Rdy - Password'

2021-12-24 11:02:05 - [MESSAGE][WARNING] - Timeout '0' is invalid. Using default page load timeout: '60'

2021-12-24 11:02:05 - [MESSAGE][PASSED] - Text 'Shalawa18' has been set to element 'Object Repository/Mobile/Page/Login/Input Rdy - Password'

2021-12-24 11:02:05 - [TEST_STEP][PASSED] - delay(1): Delayed 1 second(s)

2021-12-24 11:02:06 - [MESSAGE][PASSED] - Delayed 1 second(s)

2021-12-24 11:02:06 - [TEST_STEP][PASSED] - hideKeyboard(): Keyboard is hidden

2021-12-24 11:02:13 - [MESSAGE][PASSED] - Keyboard is hidden

2021-12-24 11:02:13 - [TEST_STEP][PASSED] - tap(findTestObject("Mobile/Page/Login/Button - Login"), 0): Tapped on element 'Object Repository/Mobile/Page/Login/Button - Login'

2021-12-24 11:02:13 - [MESSAGE][WARNING] - Timeout '0' is invalid. Using default page load timeout: '60'

2021-12-24 11:02:14 - [MESSAGE][PASSED] - Tapped on element 'Object Repository/Mobile/Page/Login/Button - Login'

2021-12-24 11:02:14 - [TEST_STEP][PASSED] - delay(2): Delayed 2 second(s)

2021-12-24 11:02:16 - [MESSAGE][PASSED] - Delayed 2 second(s)

2021-12-24 11:02:16 - [MESSAGE][PASSED] - Call Test Case 'Test Cases/Mobile/Page/Login/Login' successfully

2021-12-24 11:02:16 - [MESSAGE][PASSED] - Call Test Case 'Test Cases/Mobile/Page/CheckLogin' successfully

2021-12-24 11:02:16 - [TEST_STEP][PASSED] - tap(findTestObject("Mobile/Page/Home/Menubar - News"), 0): Tapped on element 'Object Repository/Mobile/Page/Home/Menubar - News'

2021-12-24 11:02:16 - [MESSAGE][WARNING] - Timeout '0' is invalid. Using default page load timeout: '60'

2021-12-24 11:02:17 - [MESSAGE][PASSED] - Tapped on element 'Object Repository/Mobile/Page/Home/Menubar - News'

2021-12-24 11:02:17 - [TEST_STEP][PASSED] - delay(1): Delayed 1 second(s)

2021-12-24 11:02:18 - [MESSAGE][PASSED] - Delayed 1 second(s)

2021-12-24 11:02:18 - [TEST_STEP][PASSED] - for ([i = 0, i < 1, (i++)]): Delayed 3 second(s)

2021-12-24 11:02:18 - [TEST_STEP][PASSED] - if (tab == "macronews"): null

2021-12-24 11:02:18 - [TEST_STEP][PASSED] - else if (tab == "stocknews"): null

2021-12-24 11:02:18 - [TEST_STEP][PASSED] - else if (tab == "fundnews"): Tapped on element 'Object Repository/Mobile/Page/News/Tab - Fund'

2021-12-24 11:02:18 - [TEST_STEP][PASSED] - tap(findTestObject("Object Repository/Mobile/Page/News/Tab - Fund"), 0): Tapped on element 'Object Repository/Mobile/Page/News/Tab - Fund'

2021-12-24 11:02:18 - [MESSAGE][WARNING] - Timeout '0' is invalid. Using default page load timeout: '60'

2021-12-24 11:02:19 - [MESSAGE][PASSED] - Tapped on element 'Object Repository/Mobile/Page/News/Tab - Fund'

2021-12-24 11:02:19 - [TEST_STEP][PASSED] - delay(1): Delayed 1 second(s)

2021-12-24 11:02:20 - [MESSAGE][PASSED] - Delayed 1 second(s)

2021-12-24 11:02:20 - [TEST_STEP][PASSED] - if (tab != "worldindices"): Delayed 3 second(s)

2021-12-24 11:02:20 - [TEST_STEP][PASSED] - try: Delayed 3 second(s)

2021-12-24 11:02:20 - [TEST_STEP][PASSED] - tapAndHold(findTestObject("Mobile/Page/News/Item - Top News"), 1, 10): Tapped and held on element 'Object Repository/Mobile/Page/News/Item - Top News' with duration 1

2021-12-24 11:02:23 - [MESSAGE][PASSED] - Tapped and held on element 'Object Repository/Mobile/Page/News/Item - Top News' with duration 1

2021-12-24 11:02:23 - [TEST_STEP][PASSED] - delay(1): Delayed 1 second(s)

2021-12-24 11:02:24 - [MESSAGE][PASSED] - Delayed 1 second(s)

2021-12-24 11:02:24 - [TEST_STEP][PASSED] - scroll.scroll.scrollScreenBottomToTop(): scroll.scroll.scrollScreenBottomToTop is PASSED

2021-12-24 11:02:24 - [MESSAGE][PASSED] - Current device physical height is 1423

2021-12-24 11:02:24 - [MESSAGE][PASSED] - Current device physical width is 720

2021-12-24 11:02:26 - [MESSAGE][PASSED] - Swiped from 360,1,138 to 360,284

2021-12-24 11:02:26 - [MESSAGE][PASSED] - scroll.scroll.scrollScreenBottomToTop is PASSED

2021-12-24 11:02:26 - [TEST_STEP][PASSED] - delay(3): Delayed 3 second(s)

2021-12-24 11:02:29 - [MESSAGE][PASSED] - Delayed 3 second(s)

2021-12-24 11:02:29 - [MESSAGE][PASSED] - Call Test Case 'Test Cases/Mobile/Page/News/News' successfully

2021-12-24 11:02:29 - [TEST_STEP][PASSED] - callTestCase(findTestCase("Mobile/Page/Run App/Terminate App"), [:], STOP_ON_FAILURE): Call Test Case 'Test Cases/Mobile/Page/Run App/Terminate App' successfully

2021-12-24 11:02:29 - [TEST_CASE][PASSED] - Test Cases/Mobile/Page/Run App/Terminate App: Test Cases/Mobile/Page/Run App/Terminate App

2021-12-24 11:02:29 - [TEST_STEP][PASSED] - startApp.OpenApp.terminateApplication(): startApp.OpenApp.terminateApplication is PASSED

2021-12-24 11:02:32 - [MESSAGE][PASSED] - Delayed 3 second(s)

2021-12-24 11:02:32 - [MESSAGE][PASSED] - Current device physical width is 720

2021-12-24 11:02:33 - [MESSAGE][PASSED] - Current device physical height is 1423

2021-12-24 11:02:34 - [MESSAGE][PASSED] - Swiped from 360,853 to 360,142

2021-12-24 11:02:35 - [MESSAGE][PASSED] - Delayed 1 second(s)

2021-12-24 11:02:36 - [MESSAGE][PASSED] - Swiped from 360,853 to 360,142

2021-12-24 11:02:39 - [MESSAGE][PASSED] - Delayed 3 second(s)

2021-12-24 11:02:39 - [MESSAGE][PASSED] - startApp.OpenApp.terminateApplication is PASSED

2021-12-24 11:02:39 - [MESSAGE][PASSED] - Call Test Case 'Test Cases/Mobile/Page/Run App/Terminate App' successfully]]></system-out>
         <system-err><![CDATA[]]></system-err>
      </testcase>
      <testcase name="Test Cases/Mobile/Scenario/News/004 - Bond News" time="59.934" classname="Test Cases/Mobile/Scenario/News/004 - Bond News" status="PASSED">
         <system-out><![CDATA[2021-12-24 11:02:39 - [TEST_CASE][PASSED] - Test Cases/Mobile/Scenario/News/004 - Bond News: Test Cases/Mobile/Scenario/News/004 - Bond News

2021-12-24 11:02:40 - [TEST_STEP][PASSED] - callTestCase(findTestCase("Mobile/Page/Run App/Run App byID"), [:], STOP_ON_FAILURE): Call Test Case 'Test Cases/Mobile/Page/Run App/Run App byID' successfully

2021-12-24 11:02:40 - [TEST_CASE][PASSED] - Test Cases/Mobile/Page/Run App/Run App byID: Test Cases/Mobile/Page/Run App/Run App byID

2021-12-24 11:02:40 - [TEST_STEP][PASSED] - startApp.OpenApp.startApplication("id.co.miraeasset.sageclub"): startApp.OpenApp.startApplication is PASSED

2021-12-24 11:02:52 - [MESSAGE][PASSED] - Starting app with application ID: 'id.co.miraeasset.sageclub'

2021-12-24 11:02:52 - [MESSAGE][PASSED] - startApp.OpenApp.startApplication is PASSED

2021-12-24 11:02:52 - [MESSAGE][PASSED] - Call Test Case 'Test Cases/Mobile/Page/Run App/Run App byID' successfully

2021-12-24 11:02:52 - [TEST_STEP][PASSED] - callTestCase(findTestCase("Mobile/Page/News/News"), ["tab":"bondnews"], CONTINUE_ON_FAILURE): Call Test Case 'Test Cases/Mobile/Page/News/News' successfully

2021-12-24 11:02:52 - [TEST_CASE][PASSED] - Test Cases/Mobile/Page/News/News: Test Cases/Mobile/Page/News/News

2021-12-24 11:02:52 - [TEST_STEP][PASSED] - callTestCase(findTestCase("Mobile/Page/CheckLogin"), [:], CONTINUE_ON_FAILURE): Call Test Case 'Test Cases/Mobile/Page/CheckLogin' successfully

2021-12-24 11:02:52 - [TEST_CASE][PASSED] - Test Cases/Mobile/Page/CheckLogin: Test Cases/Mobile/Page/CheckLogin

2021-12-24 11:02:52 - [TEST_STEP][PASSED] - loginCheck = verifyElementExist(findTestObject("Mobile/Page/Login/Button - Login"), 5, CONTINUE_ON_FAILURE): Element 'Object Repository/Mobile/Page/Login/Button - Login' is exist

2021-12-24 11:02:54 - [MESSAGE][PASSED] - Element 'Object Repository/Mobile/Page/Login/Button - Login' is exist

2021-12-24 11:02:54 - [TEST_STEP][PASSED] - if (loginCheck): Call Test Case 'Test Cases/Mobile/Page/Login/Login' successfully

2021-12-24 11:02:54 - [TEST_STEP][PASSED] - callTestCase(findTestCase("Mobile/Page/Login/Login"), [:], CONTINUE_ON_FAILURE): Call Test Case 'Test Cases/Mobile/Page/Login/Login' successfully

2021-12-24 11:02:54 - [TEST_CASE][PASSED] - Test Cases/Mobile/Page/Login/Login: Test Cases/Mobile/Page/Login/Login

2021-12-24 11:02:54 - [TEST_STEP][PASSED] - delay(2): Delayed 2 second(s)

2021-12-24 11:02:56 - [MESSAGE][PASSED] - Delayed 2 second(s)

2021-12-24 11:02:56 - [TEST_STEP][PASSED] - tap(findTestObject("Mobile/Page/Login/Input - UserID"), 0): Tapped on element 'Object Repository/Mobile/Page/Login/Input - UserID'

2021-12-24 11:02:56 - [MESSAGE][WARNING] - Timeout '0' is invalid. Using default page load timeout: '60'

2021-12-24 11:02:56 - [MESSAGE][PASSED] - Tapped on element 'Object Repository/Mobile/Page/Login/Input - UserID'

2021-12-24 11:02:56 - [TEST_STEP][PASSED] - delay(1): Delayed 1 second(s)

2021-12-24 11:02:57 - [MESSAGE][PASSED] - Delayed 1 second(s)

2021-12-24 11:02:57 - [TEST_STEP][PASSED] - setText(findTestObject("Mobile/Page/Login/Input Rdy - UserID"), "anggaaditya", 0): Text 'anggaaditya' has been set to element 'Object Repository/Mobile/Page/Login/Input Rdy - UserID'

2021-12-24 11:02:57 - [MESSAGE][WARNING] - Timeout '0' is invalid. Using default page load timeout: '60'

2021-12-24 11:02:58 - [MESSAGE][PASSED] - Text 'anggaaditya' has been set to element 'Object Repository/Mobile/Page/Login/Input Rdy - UserID'

2021-12-24 11:02:58 - [TEST_STEP][PASSED] - delay(1): Delayed 1 second(s)

2021-12-24 11:02:59 - [MESSAGE][PASSED] - Delayed 1 second(s)

2021-12-24 11:02:59 - [TEST_STEP][PASSED] - hideKeyboard(): Keyboard is hidden

2021-12-24 11:03:03 - [MESSAGE][PASSED] - Keyboard is hidden

2021-12-24 11:03:03 - [TEST_STEP][PASSED] - tap(findTestObject("Mobile/Page/Login/Input - Password"), 0): Tapped on element 'Object Repository/Mobile/Page/Login/Input - Password'

2021-12-24 11:03:03 - [MESSAGE][WARNING] - Timeout '0' is invalid. Using default page load timeout: '60'

2021-12-24 11:03:03 - [MESSAGE][PASSED] - Tapped on element 'Object Repository/Mobile/Page/Login/Input - Password'

2021-12-24 11:03:03 - [TEST_STEP][PASSED] - delay(1): Delayed 1 second(s)

2021-12-24 11:03:04 - [MESSAGE][PASSED] - Delayed 1 second(s)

2021-12-24 11:03:04 - [TEST_STEP][PASSED] - setText(findTestObject("Mobile/Page/Login/Input Rdy - Password"), "Shalawa18", 0): Text 'Shalawa18' has been set to element 'Object Repository/Mobile/Page/Login/Input Rdy - Password'

2021-12-24 11:03:04 - [MESSAGE][WARNING] - Timeout '0' is invalid. Using default page load timeout: '60'

2021-12-24 11:03:05 - [MESSAGE][PASSED] - Text 'Shalawa18' has been set to element 'Object Repository/Mobile/Page/Login/Input Rdy - Password'

2021-12-24 11:03:05 - [TEST_STEP][PASSED] - delay(1): Delayed 1 second(s)

2021-12-24 11:03:06 - [MESSAGE][PASSED] - Delayed 1 second(s)

2021-12-24 11:03:06 - [TEST_STEP][PASSED] - hideKeyboard(): Keyboard is hidden

2021-12-24 11:03:12 - [MESSAGE][PASSED] - Keyboard is hidden

2021-12-24 11:03:12 - [TEST_STEP][PASSED] - tap(findTestObject("Mobile/Page/Login/Button - Login"), 0): Tapped on element 'Object Repository/Mobile/Page/Login/Button - Login'

2021-12-24 11:03:12 - [MESSAGE][WARNING] - Timeout '0' is invalid. Using default page load timeout: '60'

2021-12-24 11:03:13 - [MESSAGE][PASSED] - Tapped on element 'Object Repository/Mobile/Page/Login/Button - Login'

2021-12-24 11:03:13 - [TEST_STEP][PASSED] - delay(2): Delayed 2 second(s)

2021-12-24 11:03:15 - [MESSAGE][PASSED] - Delayed 2 second(s)

2021-12-24 11:03:15 - [MESSAGE][PASSED] - Call Test Case 'Test Cases/Mobile/Page/Login/Login' successfully

2021-12-24 11:03:15 - [MESSAGE][PASSED] - Call Test Case 'Test Cases/Mobile/Page/CheckLogin' successfully

2021-12-24 11:03:15 - [TEST_STEP][PASSED] - tap(findTestObject("Mobile/Page/Home/Menubar - News"), 0): Tapped on element 'Object Repository/Mobile/Page/Home/Menubar - News'

2021-12-24 11:03:15 - [MESSAGE][WARNING] - Timeout '0' is invalid. Using default page load timeout: '60'

2021-12-24 11:03:16 - [MESSAGE][PASSED] - Tapped on element 'Object Repository/Mobile/Page/Home/Menubar - News'

2021-12-24 11:03:16 - [TEST_STEP][PASSED] - delay(1): Delayed 1 second(s)

2021-12-24 11:03:17 - [MESSAGE][PASSED] - Delayed 1 second(s)

2021-12-24 11:03:17 - [TEST_STEP][PASSED] - for ([i = 0, i < 1, (i++)]): Delayed 3 second(s)

2021-12-24 11:03:17 - [TEST_STEP][PASSED] - if (tab == "macronews"): null

2021-12-24 11:03:17 - [TEST_STEP][PASSED] - else if (tab == "stocknews"): null

2021-12-24 11:03:17 - [TEST_STEP][PASSED] - else if (tab == "fundnews"): null

2021-12-24 11:03:17 - [TEST_STEP][PASSED] - else if (tab == "bondnews"): Tapped on element 'Object Repository/Mobile/Page/News/Tab - Bond'

2021-12-24 11:03:17 - [TEST_STEP][PASSED] - tap(findTestObject("Object Repository/Mobile/Page/News/Tab - Bond"), 0): Tapped on element 'Object Repository/Mobile/Page/News/Tab - Bond'

2021-12-24 11:03:17 - [MESSAGE][WARNING] - Timeout '0' is invalid. Using default page load timeout: '60'

2021-12-24 11:03:19 - [MESSAGE][PASSED] - Tapped on element 'Object Repository/Mobile/Page/News/Tab - Bond'

2021-12-24 11:03:19 - [TEST_STEP][PASSED] - delay(1): Delayed 1 second(s)

2021-12-24 11:03:20 - [MESSAGE][PASSED] - Delayed 1 second(s)

2021-12-24 11:03:20 - [TEST_STEP][PASSED] - if (tab != "worldindices"): Delayed 3 second(s)

2021-12-24 11:03:20 - [TEST_STEP][PASSED] - try: Delayed 3 second(s)

2021-12-24 11:03:20 - [TEST_STEP][PASSED] - tapAndHold(findTestObject("Mobile/Page/News/Item - Top News"), 1, 10): Tapped and held on element 'Object Repository/Mobile/Page/News/Item - Top News' with duration 1

2021-12-24 11:03:23 - [MESSAGE][PASSED] - Tapped and held on element 'Object Repository/Mobile/Page/News/Item - Top News' with duration 1

2021-12-24 11:03:23 - [TEST_STEP][PASSED] - delay(1): Delayed 1 second(s)

2021-12-24 11:03:24 - [MESSAGE][PASSED] - Delayed 1 second(s)

2021-12-24 11:03:24 - [TEST_STEP][PASSED] - scroll.scroll.scrollScreenBottomToTop(): scroll.scroll.scrollScreenBottomToTop is PASSED

2021-12-24 11:03:25 - [MESSAGE][PASSED] - Current device physical height is 1423

2021-12-24 11:03:25 - [MESSAGE][PASSED] - Current device physical width is 720

2021-12-24 11:03:26 - [MESSAGE][PASSED] - Swiped from 360,1,138 to 360,284

2021-12-24 11:03:26 - [MESSAGE][PASSED] - scroll.scroll.scrollScreenBottomToTop is PASSED

2021-12-24 11:03:26 - [TEST_STEP][PASSED] - delay(3): Delayed 3 second(s)

2021-12-24 11:03:29 - [MESSAGE][PASSED] - Delayed 3 second(s)

2021-12-24 11:03:29 - [MESSAGE][PASSED] - Call Test Case 'Test Cases/Mobile/Page/News/News' successfully

2021-12-24 11:03:29 - [TEST_STEP][PASSED] - callTestCase(findTestCase("Mobile/Page/Run App/Terminate App"), [:], STOP_ON_FAILURE): Call Test Case 'Test Cases/Mobile/Page/Run App/Terminate App' successfully

2021-12-24 11:03:29 - [TEST_CASE][PASSED] - Test Cases/Mobile/Page/Run App/Terminate App: Test Cases/Mobile/Page/Run App/Terminate App

2021-12-24 11:03:29 - [TEST_STEP][PASSED] - startApp.OpenApp.terminateApplication(): startApp.OpenApp.terminateApplication is PASSED

2021-12-24 11:03:32 - [MESSAGE][PASSED] - Delayed 3 second(s)

2021-12-24 11:03:32 - [MESSAGE][PASSED] - Current device physical width is 720

2021-12-24 11:03:33 - [MESSAGE][PASSED] - Current device physical height is 1423

2021-12-24 11:03:34 - [MESSAGE][PASSED] - Swiped from 360,853 to 360,142

2021-12-24 11:03:35 - [MESSAGE][PASSED] - Delayed 1 second(s)

2021-12-24 11:03:36 - [MESSAGE][PASSED] - Swiped from 360,853 to 360,142

2021-12-24 11:03:39 - [MESSAGE][PASSED] - Delayed 3 second(s)

2021-12-24 11:03:39 - [MESSAGE][PASSED] - startApp.OpenApp.terminateApplication is PASSED

2021-12-24 11:03:39 - [MESSAGE][PASSED] - Call Test Case 'Test Cases/Mobile/Page/Run App/Terminate App' successfully]]></system-out>
         <system-err><![CDATA[]]></system-err>
      </testcase>
      <testcase name="Test Cases/Mobile/Scenario/News/005 - Macro News" time="57.946" classname="Test Cases/Mobile/Scenario/News/005 - Macro News" status="PASSED">
         <system-out><![CDATA[2021-12-24 11:03:39 - [TEST_CASE][PASSED] - Test Cases/Mobile/Scenario/News/005 - Macro News: Test Cases/Mobile/Scenario/News/005 - Macro News

2021-12-24 11:03:39 - [TEST_STEP][PASSED] - callTestCase(findTestCase("Mobile/Page/Run App/Run App byID"), [:], STOP_ON_FAILURE): Call Test Case 'Test Cases/Mobile/Page/Run App/Run App byID' successfully

2021-12-24 11:03:40 - [TEST_CASE][PASSED] - Test Cases/Mobile/Page/Run App/Run App byID: Test Cases/Mobile/Page/Run App/Run App byID

2021-12-24 11:03:40 - [TEST_STEP][PASSED] - startApp.OpenApp.startApplication("id.co.miraeasset.sageclub"): startApp.OpenApp.startApplication is PASSED

2021-12-24 11:03:51 - [MESSAGE][PASSED] - Starting app with application ID: 'id.co.miraeasset.sageclub'

2021-12-24 11:03:51 - [MESSAGE][PASSED] - startApp.OpenApp.startApplication is PASSED

2021-12-24 11:03:51 - [MESSAGE][PASSED] - Call Test Case 'Test Cases/Mobile/Page/Run App/Run App byID' successfully

2021-12-24 11:03:51 - [TEST_STEP][PASSED] - callTestCase(findTestCase("Mobile/Page/News/News"), ["tab":"macronews"], CONTINUE_ON_FAILURE): Call Test Case 'Test Cases/Mobile/Page/News/News' successfully

2021-12-24 11:03:51 - [TEST_CASE][PASSED] - Test Cases/Mobile/Page/News/News: Test Cases/Mobile/Page/News/News

2021-12-24 11:03:51 - [TEST_STEP][PASSED] - callTestCase(findTestCase("Mobile/Page/CheckLogin"), [:], CONTINUE_ON_FAILURE): Call Test Case 'Test Cases/Mobile/Page/CheckLogin' successfully

2021-12-24 11:03:51 - [TEST_CASE][PASSED] - Test Cases/Mobile/Page/CheckLogin: Test Cases/Mobile/Page/CheckLogin

2021-12-24 11:03:51 - [TEST_STEP][PASSED] - loginCheck = verifyElementExist(findTestObject("Mobile/Page/Login/Button - Login"), 5, CONTINUE_ON_FAILURE): Element 'Object Repository/Mobile/Page/Login/Button - Login' is exist

2021-12-24 11:03:53 - [MESSAGE][PASSED] - Element 'Object Repository/Mobile/Page/Login/Button - Login' is exist

2021-12-24 11:03:53 - [TEST_STEP][PASSED] - if (loginCheck): Call Test Case 'Test Cases/Mobile/Page/Login/Login' successfully

2021-12-24 11:03:53 - [TEST_STEP][PASSED] - callTestCase(findTestCase("Mobile/Page/Login/Login"), [:], CONTINUE_ON_FAILURE): Call Test Case 'Test Cases/Mobile/Page/Login/Login' successfully

2021-12-24 11:03:53 - [TEST_CASE][PASSED] - Test Cases/Mobile/Page/Login/Login: Test Cases/Mobile/Page/Login/Login

2021-12-24 11:03:53 - [TEST_STEP][PASSED] - delay(2): Delayed 2 second(s)

2021-12-24 11:03:55 - [MESSAGE][PASSED] - Delayed 2 second(s)

2021-12-24 11:03:55 - [TEST_STEP][PASSED] - tap(findTestObject("Mobile/Page/Login/Input - UserID"), 0): Tapped on element 'Object Repository/Mobile/Page/Login/Input - UserID'

2021-12-24 11:03:56 - [MESSAGE][WARNING] - Timeout '0' is invalid. Using default page load timeout: '60'

2021-12-24 11:03:56 - [MESSAGE][PASSED] - Tapped on element 'Object Repository/Mobile/Page/Login/Input - UserID'

2021-12-24 11:03:56 - [TEST_STEP][PASSED] - delay(1): Delayed 1 second(s)

2021-12-24 11:03:57 - [MESSAGE][PASSED] - Delayed 1 second(s)

2021-12-24 11:03:57 - [TEST_STEP][PASSED] - setText(findTestObject("Mobile/Page/Login/Input Rdy - UserID"), "anggaaditya", 0): Text 'anggaaditya' has been set to element 'Object Repository/Mobile/Page/Login/Input Rdy - UserID'

2021-12-24 11:03:57 - [MESSAGE][WARNING] - Timeout '0' is invalid. Using default page load timeout: '60'

2021-12-24 11:03:58 - [MESSAGE][PASSED] - Text 'anggaaditya' has been set to element 'Object Repository/Mobile/Page/Login/Input Rdy - UserID'

2021-12-24 11:03:58 - [TEST_STEP][PASSED] - delay(1): Delayed 1 second(s)

2021-12-24 11:03:59 - [MESSAGE][PASSED] - Delayed 1 second(s)

2021-12-24 11:03:59 - [TEST_STEP][PASSED] - hideKeyboard(): Keyboard is hidden

2021-12-24 11:04:02 - [MESSAGE][PASSED] - Keyboard is hidden

2021-12-24 11:04:02 - [TEST_STEP][PASSED] - tap(findTestObject("Mobile/Page/Login/Input - Password"), 0): Tapped on element 'Object Repository/Mobile/Page/Login/Input - Password'

2021-12-24 11:04:02 - [MESSAGE][WARNING] - Timeout '0' is invalid. Using default page load timeout: '60'

2021-12-24 11:04:03 - [MESSAGE][PASSED] - Tapped on element 'Object Repository/Mobile/Page/Login/Input - Password'

2021-12-24 11:04:03 - [TEST_STEP][PASSED] - delay(1): Delayed 1 second(s)

2021-12-24 11:04:04 - [MESSAGE][PASSED] - Delayed 1 second(s)

2021-12-24 11:04:04 - [TEST_STEP][PASSED] - setText(findTestObject("Mobile/Page/Login/Input Rdy - Password"), "Shalawa18", 0): Text 'Shalawa18' has been set to element 'Object Repository/Mobile/Page/Login/Input Rdy - Password'

2021-12-24 11:04:04 - [MESSAGE][WARNING] - Timeout '0' is invalid. Using default page load timeout: '60'

2021-12-24 11:04:04 - [MESSAGE][PASSED] - Text 'Shalawa18' has been set to element 'Object Repository/Mobile/Page/Login/Input Rdy - Password'

2021-12-24 11:04:04 - [TEST_STEP][PASSED] - delay(1): Delayed 1 second(s)

2021-12-24 11:04:05 - [MESSAGE][PASSED] - Delayed 1 second(s)

2021-12-24 11:04:05 - [TEST_STEP][PASSED] - hideKeyboard(): Keyboard is hidden

2021-12-24 11:04:12 - [MESSAGE][PASSED] - Keyboard is hidden

2021-12-24 11:04:12 - [TEST_STEP][PASSED] - tap(findTestObject("Mobile/Page/Login/Button - Login"), 0): Tapped on element 'Object Repository/Mobile/Page/Login/Button - Login'

2021-12-24 11:04:12 - [MESSAGE][WARNING] - Timeout '0' is invalid. Using default page load timeout: '60'

2021-12-24 11:04:13 - [MESSAGE][PASSED] - Tapped on element 'Object Repository/Mobile/Page/Login/Button - Login'

2021-12-24 11:04:13 - [TEST_STEP][PASSED] - delay(2): Delayed 2 second(s)

2021-12-24 11:04:15 - [MESSAGE][PASSED] - Delayed 2 second(s)

2021-12-24 11:04:15 - [MESSAGE][PASSED] - Call Test Case 'Test Cases/Mobile/Page/Login/Login' successfully

2021-12-24 11:04:15 - [MESSAGE][PASSED] - Call Test Case 'Test Cases/Mobile/Page/CheckLogin' successfully

2021-12-24 11:04:15 - [TEST_STEP][PASSED] - tap(findTestObject("Mobile/Page/Home/Menubar - News"), 0): Tapped on element 'Object Repository/Mobile/Page/Home/Menubar - News'

2021-12-24 11:04:15 - [MESSAGE][WARNING] - Timeout '0' is invalid. Using default page load timeout: '60'

2021-12-24 11:04:16 - [MESSAGE][PASSED] - Tapped on element 'Object Repository/Mobile/Page/Home/Menubar - News'

2021-12-24 11:04:16 - [TEST_STEP][PASSED] - delay(1): Delayed 1 second(s)

2021-12-24 11:04:17 - [MESSAGE][PASSED] - Delayed 1 second(s)

2021-12-24 11:04:17 - [TEST_STEP][PASSED] - for ([i = 0, i < 1, (i++)]): Delayed 3 second(s)

2021-12-24 11:04:17 - [TEST_STEP][PASSED] - if (tab == "macronews"): Tapped on element 'Object Repository/Mobile/Page/News/Tab - Macro'

2021-12-24 11:04:17 - [TEST_STEP][PASSED] - tap(findTestObject("Object Repository/Mobile/Page/News/Tab - Macro"), 0): Tapped on element 'Object Repository/Mobile/Page/News/Tab - Macro'

2021-12-24 11:04:17 - [MESSAGE][WARNING] - Timeout '0' is invalid. Using default page load timeout: '60'

2021-12-24 11:04:17 - [MESSAGE][PASSED] - Tapped on element 'Object Repository/Mobile/Page/News/Tab - Macro'

2021-12-24 11:04:17 - [TEST_STEP][PASSED] - delay(1): Delayed 1 second(s)

2021-12-24 11:04:18 - [MESSAGE][PASSED] - Delayed 1 second(s)

2021-12-24 11:04:18 - [TEST_STEP][PASSED] - if (tab != "worldindices"): Delayed 3 second(s)

2021-12-24 11:04:18 - [TEST_STEP][PASSED] - try: Delayed 3 second(s)

2021-12-24 11:04:18 - [TEST_STEP][PASSED] - tapAndHold(findTestObject("Mobile/Page/News/Item - Top News"), 1, 10): Tapped and held on element 'Object Repository/Mobile/Page/News/Item - Top News' with duration 1

2021-12-24 11:04:21 - [MESSAGE][PASSED] - Tapped and held on element 'Object Repository/Mobile/Page/News/Item - Top News' with duration 1

2021-12-24 11:04:21 - [TEST_STEP][PASSED] - delay(1): Delayed 1 second(s)

2021-12-24 11:04:22 - [MESSAGE][PASSED] - Delayed 1 second(s)

2021-12-24 11:04:22 - [TEST_STEP][PASSED] - scroll.scroll.scrollScreenBottomToTop(): scroll.scroll.scrollScreenBottomToTop is PASSED

2021-12-24 11:04:22 - [MESSAGE][PASSED] - Current device physical height is 1423

2021-12-24 11:04:23 - [MESSAGE][PASSED] - Current device physical width is 720

2021-12-24 11:04:24 - [MESSAGE][PASSED] - Swiped from 360,1,138 to 360,284

2021-12-24 11:04:24 - [MESSAGE][PASSED] - scroll.scroll.scrollScreenBottomToTop is PASSED

2021-12-24 11:04:24 - [TEST_STEP][PASSED] - delay(3): Delayed 3 second(s)

2021-12-24 11:04:27 - [MESSAGE][PASSED] - Delayed 3 second(s)

2021-12-24 11:04:27 - [MESSAGE][PASSED] - Call Test Case 'Test Cases/Mobile/Page/News/News' successfully

2021-12-24 11:04:27 - [TEST_STEP][PASSED] - callTestCase(findTestCase("Mobile/Page/Run App/Terminate App"), [:], STOP_ON_FAILURE): Call Test Case 'Test Cases/Mobile/Page/Run App/Terminate App' successfully

2021-12-24 11:04:27 - [TEST_CASE][PASSED] - Test Cases/Mobile/Page/Run App/Terminate App: Test Cases/Mobile/Page/Run App/Terminate App

2021-12-24 11:04:27 - [TEST_STEP][PASSED] - startApp.OpenApp.terminateApplication(): startApp.OpenApp.terminateApplication is PASSED

2021-12-24 11:04:30 - [MESSAGE][PASSED] - Delayed 3 second(s)

2021-12-24 11:04:30 - [MESSAGE][PASSED] - Current device physical width is 720

2021-12-24 11:04:31 - [MESSAGE][PASSED] - Current device physical height is 1423

2021-12-24 11:04:32 - [MESSAGE][PASSED] - Swiped from 360,853 to 360,142

2021-12-24 11:04:33 - [MESSAGE][PASSED] - Delayed 1 second(s)

2021-12-24 11:04:34 - [MESSAGE][PASSED] - Swiped from 360,853 to 360,142

2021-12-24 11:04:37 - [MESSAGE][PASSED] - Delayed 3 second(s)

2021-12-24 11:04:37 - [MESSAGE][PASSED] - startApp.OpenApp.terminateApplication is PASSED

2021-12-24 11:04:37 - [MESSAGE][PASSED] - Call Test Case 'Test Cases/Mobile/Page/Run App/Terminate App' successfully]]></system-out>
         <system-err><![CDATA[]]></system-err>
      </testcase>
      <system-out><![CDATA[2021-12-24 10:59:26 - [TEST_SUITE][PASSED] - news: Test Cases/Mobile/Scenario/News/005 - Macro News]]></system-out>
      <system-err><![CDATA[]]></system-err>
   </testsuite>
</testsuites>
