<?xml version="1.0" encoding="UTF-8"?>
<testsuites name="login" time="261.227" tests="5" failures="0" skips="0" errors="0">
   <testsuite name="login" tests="5" failures="0" errors="0" time="261.227" skips="0" timestamp="2022-02-24 11:13:38" hostname="Owner - aldy-tft" id="Test Suites/login">
      <properties>
         <property name="deviceName" value="samsung SM-A205F (Android 11)"/>
         <property name="devicePlatform" value=""/>
         <property name="logFolder" value="C:\\Users\\Owner\\Documents\\kerjaan\\KatalonProject\\qa_katalon_pwm\\qa_katalon_pwm\\Reports\\20220224_110502\\login\\20220224_110507"/>
         <property name="logFiles" value="C:\\Users\\Owner\\Documents\\kerjaan\\KatalonProject\\qa_katalon_pwm\\qa_katalon_pwm\\Reports\\20220224_110502\\login\\20220224_110507\\appium.log, C:\\Users\\Owner\\Documents\\kerjaan\\KatalonProject\\qa_katalon_pwm\\qa_katalon_pwm\\Reports\\20220224_110502\\login\\20220224_110507\\execution0.log"/>
         <property name="attachments" value=""/>
         <property name="hostName" value="Owner - aldy-tft"/>
         <property name="os" value="Windows 10 64bit"/>
         <property name="appiumServerStatus" value="{&quot;value&quot;:{&quot;build&quot;:{&quot;version&quot;:&quot;1.22.0&quot;}},&quot;sessionId&quot;:null,&quot;status&quot;:0}"/>
         <property name="katalonVersion" value="7.9.1.208"/>
         <property name="deviceOS" value="Android"/>
         <property name="appiumVersion" value="1.22.0"/>
         <property name="deviceModel" value="SM-A205F"/>
         <property name="hostAddress" value="192.168.100.14"/>
         <property name="deviceManufacturer" value="samsung"/>
         <property name="deviceId" value="RR8M40C9AXE"/>
         <property name="deviceName" value="samsung SM-A205F (Android 11)"/>
         <property name="deviceOSVersion" value="11"/>
      </properties>
      <testcase name="Test Cases/Mobile/Scenario/Login/001 - Login dengan username" time="65.666" classname="Test Cases/Mobile/Scenario/Login/001 - Login dengan username" status="PASSED">
         <system-out><![CDATA[2022-02-24 11:13:38 - [TEST_CASE][PASSED] - Test Cases/Mobile/Scenario/Login/001 - Login dengan username: Test Cases/Mobile/Scenario/Login/001 - Login dengan username

2022-02-24 11:13:39 - [TEST_STEP][PASSED] - callTestCase(findTestCase("Mobile/Page/Run App/Run App byID"), [:], STOP_ON_FAILURE): Call Test Case 'Test Cases/Mobile/Page/Run App/Run App byID' successfully

2022-02-24 11:13:39 - [TEST_CASE][PASSED] - Test Cases/Mobile/Page/Run App/Run App byID: Test Cases/Mobile/Page/Run App/Run App byID

2022-02-24 11:13:39 - [TEST_STEP][PASSED] - startApp.OpenApp.startApplication("id.co.miraeasset.sageclub"): startApp.OpenApp.startApplication is PASSED

2022-02-24 11:13:41 - [MESSAGE][INFO] - Appium server started on port 60,996

2022-02-24 11:13:59 - [MESSAGE][PASSED] - Starting app with application ID: 'id.co.miraeasset.sageclub'

2022-02-24 11:13:59 - [MESSAGE][PASSED] - startApp.OpenApp.startApplication is PASSED

2022-02-24 11:13:59 - [MESSAGE][PASSED] - Call Test Case 'Test Cases/Mobile/Page/Run App/Run App byID' successfully

2022-02-24 11:13:59 - [TEST_STEP][PASSED] - callTestCase(findTestCase("Mobile/Page/Login/Login"), ["action":"username"], CONTINUE_ON_FAILURE): Call Test Case 'Test Cases/Mobile/Page/Login/Login' successfully

2022-02-24 11:13:59 - [TEST_CASE][PASSED] - Test Cases/Mobile/Page/Login/Login: Test Cases/Mobile/Page/Login/Login

2022-02-24 11:13:59 - [TEST_STEP][PASSED] - delay(2): Delayed 2 second(s)

2022-02-24 11:14:01 - [MESSAGE][PASSED] - Delayed 2 second(s)

2022-02-24 11:14:01 - [TEST_STEP][PASSED] - for ([i = 0, i < 1, (i++)]): null

2022-02-24 11:14:01 - [TEST_STEP][PASSED] - if (action == "username"): null

2022-02-24 11:14:01 - [TEST_STEP][PASSED] - tap(LOGN_EdtUserID, 0): Tapped on element 'Object Repository/Mobile/Page/Login/Input - UserID'

2022-02-24 11:14:01 - [MESSAGE][WARNING] - Test object with id 'Object Repository/Mobile/Page/Analysis/Button - Open With Just Once' does not exist

2022-02-24 11:14:02 - [MESSAGE][WARNING] - Test object with id 'Object Repository/Mobile/Page/Analysis/Button - Search' does not exist

2022-02-24 11:14:03 - [MESSAGE][WARNING] - Test object with id 'Object Repository/Mobile/Page/Home/Button -  Add Watchlist' does not exist

2022-02-24 11:14:03 - [MESSAGE][WARNING] - Test object with id 'Object Repository/Mobile/Page/Home/Button - Open with Just Once' does not exist

2022-02-24 11:14:03 - [MESSAGE][WARNING] - Test object with id 'Object Repository/Mobile/Page/Home/Container - Notification' does not exist

2022-02-24 11:14:04 - [MESSAGE][WARNING] - Test object with id 'Object Repository/Mobile/Page/Home/Watchlist/Input - Search' does not exist

2022-02-24 11:14:04 - [MESSAGE][WARNING] - Test object with id 'Object Repository/Mobile/Page/Home/Watchlist/Item - Top Search' does not exist

2022-02-24 11:14:04 - [MESSAGE][WARNING] - Test object with id 'Object Repository/Mobile/Page/Home/Watchlist/Detail Watchlist/Input - Expiry Date' does not exist

2022-02-24 11:14:04 - [MESSAGE][WARNING] - Test object with id 'Object Repository/Mobile/Page/Home/Watchlist/Detail Watchlist/Item - Watchlist' does not exist

2022-02-24 11:14:05 - [MESSAGE][WARNING] - Test object with id 'Object Repository/Mobile/Page/NavigationMenu/Button - Open Just Once' does not exist

2022-02-24 11:14:05 - [MESSAGE][WARNING] - Test object with id 'Object Repository/Mobile/Page/NavigationMenu/Container - Logout' does not exist

2022-02-24 11:14:08 - [MESSAGE][WARNING] - Test object with id 'Object Repository/Mobile/Page/Analysis/Button - Open With Just Once' does not exist

2022-02-24 11:14:08 - [MESSAGE][WARNING] - Test object with id 'Object Repository/Mobile/Page/Analysis/Button - Search' does not exist

2022-02-24 11:14:09 - [MESSAGE][WARNING] - Test object with id 'Object Repository/Mobile/Page/Home/Button -  Add Watchlist' does not exist

2022-02-24 11:14:09 - [MESSAGE][WARNING] - Test object with id 'Object Repository/Mobile/Page/Home/Button - Open with Just Once' does not exist

2022-02-24 11:14:10 - [MESSAGE][WARNING] - Test object with id 'Object Repository/Mobile/Page/Home/Container - Notification' does not exist

2022-02-24 11:14:10 - [MESSAGE][WARNING] - Test object with id 'Object Repository/Mobile/Page/Home/Watchlist/Input - Search' does not exist

2022-02-24 11:14:10 - [MESSAGE][WARNING] - Test object with id 'Object Repository/Mobile/Page/Home/Watchlist/Item - Top Search' does not exist

2022-02-24 11:14:10 - [MESSAGE][WARNING] - Test object with id 'Object Repository/Mobile/Page/Home/Watchlist/Detail Watchlist/Input - Expiry Date' does not exist

2022-02-24 11:14:10 - [MESSAGE][WARNING] - Test object with id 'Object Repository/Mobile/Page/Home/Watchlist/Detail Watchlist/Item - Watchlist' does not exist

2022-02-24 11:14:11 - [MESSAGE][WARNING] - Test object with id 'Object Repository/Mobile/Page/NavigationMenu/Button - Open Just Once' does not exist

2022-02-24 11:14:11 - [MESSAGE][WARNING] - Test object with id 'Object Repository/Mobile/Page/NavigationMenu/Container - Logout' does not exist

2022-02-24 11:14:14 - [MESSAGE][WARNING] - Timeout '0' is invalid. Using default page load timeout: '60'

2022-02-24 11:14:15 - [MESSAGE][PASSED] - Tapped on element 'Object Repository/Mobile/Page/Login/Input - UserID'

2022-02-24 11:14:15 - [TEST_STEP][PASSED] - delay(1): Delayed 1 second(s)

2022-02-24 11:14:16 - [MESSAGE][PASSED] - Delayed 1 second(s)

2022-02-24 11:14:16 - [TEST_STEP][PASSED] - setText(LOGN_EdtRdyUserID, "anggaaditya", 0): Text 'anggaaditya' has been set to element 'Object Repository/Mobile/Page/Login/Input Rdy - UserID'

2022-02-24 11:14:16 - [MESSAGE][WARNING] - Timeout '0' is invalid. Using default page load timeout: '60'

2022-02-24 11:14:17 - [MESSAGE][PASSED] - Text 'anggaaditya' has been set to element 'Object Repository/Mobile/Page/Login/Input Rdy - UserID'

2022-02-24 11:14:17 - [TEST_STEP][PASSED] - delay(1): Delayed 1 second(s)

2022-02-24 11:14:18 - [MESSAGE][PASSED] - Delayed 1 second(s)

2022-02-24 11:14:18 - [TEST_STEP][PASSED] - hideKeyboard(): Keyboard is hidden

2022-02-24 11:14:22 - [MESSAGE][PASSED] - Keyboard is hidden

2022-02-24 11:14:22 - [TEST_STEP][PASSED] - tap(LOGN_EdtPassword, 0): Tapped on element 'Object Repository/Mobile/Page/Login/Input - Password'

2022-02-24 11:14:22 - [MESSAGE][WARNING] - Timeout '0' is invalid. Using default page load timeout: '60'

2022-02-24 11:14:22 - [MESSAGE][PASSED] - Tapped on element 'Object Repository/Mobile/Page/Login/Input - Password'

2022-02-24 11:14:22 - [TEST_STEP][PASSED] - delay(1): Delayed 1 second(s)

2022-02-24 11:14:23 - [MESSAGE][PASSED] - Delayed 1 second(s)

2022-02-24 11:14:23 - [TEST_STEP][PASSED] - setText(LOGN_EdtRdyPassword, "Shalawa18", 0): Text 'Shalawa18' has been set to element 'Object Repository/Mobile/Page/Login/Input Rdy - Password'

2022-02-24 11:14:23 - [MESSAGE][WARNING] - Timeout '0' is invalid. Using default page load timeout: '60'

2022-02-24 11:14:24 - [MESSAGE][PASSED] - Text 'Shalawa18' has been set to element 'Object Repository/Mobile/Page/Login/Input Rdy - Password'

2022-02-24 11:14:24 - [TEST_STEP][PASSED] - delay(1): Delayed 1 second(s)

2022-02-24 11:14:25 - [MESSAGE][PASSED] - Delayed 1 second(s)

2022-02-24 11:14:25 - [TEST_STEP][PASSED] - hideKeyboard(): Keyboard is hidden

2022-02-24 11:14:31 - [MESSAGE][PASSED] - Keyboard is hidden

2022-02-24 11:14:31 - [TEST_STEP][PASSED] - tap(LOGN_BtnLogin, 0): Tapped on element 'Object Repository/Mobile/Page/Login/Button - Login'

2022-02-24 11:14:31 - [MESSAGE][WARNING] - Timeout '0' is invalid. Using default page load timeout: '60'

2022-02-24 11:14:31 - [MESSAGE][PASSED] - Tapped on element 'Object Repository/Mobile/Page/Login/Button - Login'

2022-02-24 11:14:31 - [TEST_STEP][PASSED] - delay(2): Delayed 2 second(s)

2022-02-24 11:14:34 - [MESSAGE][PASSED] - Delayed 2 second(s)

2022-02-24 11:14:34 - [TEST_STEP][PASSED] - break: null

2022-02-24 11:14:34 - [MESSAGE][PASSED] - Call Test Case 'Test Cases/Mobile/Page/Login/Login' successfully

2022-02-24 11:14:34 - [TEST_STEP][PASSED] - callTestCase(findTestCase("Mobile/Page/Run App/Terminate App"), [:], STOP_ON_FAILURE): Call Test Case 'Test Cases/Mobile/Page/Run App/Terminate App' successfully

2022-02-24 11:14:34 - [TEST_CASE][PASSED] - Test Cases/Mobile/Page/Run App/Terminate App: Test Cases/Mobile/Page/Run App/Terminate App

2022-02-24 11:14:34 - [TEST_STEP][PASSED] - startApp.OpenApp.terminateApplication(): startApp.OpenApp.terminateApplication is PASSED

2022-02-24 11:14:37 - [MESSAGE][PASSED] - Delayed 3 second(s)

2022-02-24 11:14:37 - [MESSAGE][PASSED] - Current device physical width is 720

2022-02-24 11:14:37 - [MESSAGE][PASSED] - Current device physical height is 1423

2022-02-24 11:14:39 - [MESSAGE][PASSED] - Swiped from 360,853 to 360,142

2022-02-24 11:14:40 - [MESSAGE][PASSED] - Delayed 1 second(s)

2022-02-24 11:14:41 - [MESSAGE][PASSED] - Swiped from 360,853 to 360,142

2022-02-24 11:14:44 - [MESSAGE][PASSED] - Delayed 3 second(s)

2022-02-24 11:14:44 - [MESSAGE][PASSED] - startApp.OpenApp.terminateApplication is PASSED

2022-02-24 11:14:44 - [MESSAGE][PASSED] - Call Test Case 'Test Cases/Mobile/Page/Run App/Terminate App' successfully]]></system-out>
         <system-err><![CDATA[]]></system-err>
      </testcase>
      <testcase name="Test Cases/Mobile/Scenario/Login/002 - Login dengan password salah" time="44.424" classname="Test Cases/Mobile/Scenario/Login/002 - Login dengan password salah" status="PASSED">
         <system-out><![CDATA[2022-02-24 11:14:44 - [TEST_CASE][PASSED] - Test Cases/Mobile/Scenario/Login/002 - Login dengan password salah: Test Cases/Mobile/Scenario/Login/002 - Login dengan password salah

2022-02-24 11:14:44 - [TEST_STEP][PASSED] - callTestCase(findTestCase("Mobile/Page/Run App/Run App byID"), [:], STOP_ON_FAILURE): Call Test Case 'Test Cases/Mobile/Page/Run App/Run App byID' successfully

2022-02-24 11:14:44 - [TEST_CASE][PASSED] - Test Cases/Mobile/Page/Run App/Run App byID: Test Cases/Mobile/Page/Run App/Run App byID

2022-02-24 11:14:44 - [TEST_STEP][PASSED] - startApp.OpenApp.startApplication("id.co.miraeasset.sageclub"): startApp.OpenApp.startApplication is PASSED

2022-02-24 11:14:56 - [MESSAGE][PASSED] - Starting app with application ID: 'id.co.miraeasset.sageclub'

2022-02-24 11:14:56 - [MESSAGE][PASSED] - startApp.OpenApp.startApplication is PASSED

2022-02-24 11:14:56 - [MESSAGE][PASSED] - Call Test Case 'Test Cases/Mobile/Page/Run App/Run App byID' successfully

2022-02-24 11:14:56 - [TEST_STEP][PASSED] - callTestCase(findTestCase("Mobile/Page/Login/Login"), ["action":"wrongpassword"], CONTINUE_ON_FAILURE): Call Test Case 'Test Cases/Mobile/Page/Login/Login' successfully

2022-02-24 11:14:57 - [TEST_CASE][PASSED] - Test Cases/Mobile/Page/Login/Login: Test Cases/Mobile/Page/Login/Login

2022-02-24 11:14:57 - [TEST_STEP][PASSED] - delay(2): Delayed 2 second(s)

2022-02-24 11:14:59 - [MESSAGE][PASSED] - Delayed 2 second(s)

2022-02-24 11:14:59 - [TEST_STEP][PASSED] - for ([i = 0, i < 1, (i++)]): null

2022-02-24 11:14:59 - [TEST_STEP][PASSED] - if (action == "username"): null

2022-02-24 11:14:59 - [TEST_STEP][PASSED] - else if (action == "wrongpassword"): null

2022-02-24 11:14:59 - [TEST_STEP][PASSED] - tap(LOGN_EdtUserID, 0): Tapped on element 'Object Repository/Mobile/Page/Login/Input - UserID'

2022-02-24 11:14:59 - [MESSAGE][WARNING] - Timeout '0' is invalid. Using default page load timeout: '60'

2022-02-24 11:14:59 - [MESSAGE][PASSED] - Tapped on element 'Object Repository/Mobile/Page/Login/Input - UserID'

2022-02-24 11:14:59 - [TEST_STEP][PASSED] - delay(1): Delayed 1 second(s)

2022-02-24 11:15:00 - [MESSAGE][PASSED] - Delayed 1 second(s)

2022-02-24 11:15:00 - [TEST_STEP][PASSED] - setText(LOGN_EdtRdyUserID, "anggaaditya", 0): Text 'anggaaditya' has been set to element 'Object Repository/Mobile/Page/Login/Input Rdy - UserID'

2022-02-24 11:15:00 - [MESSAGE][WARNING] - Timeout '0' is invalid. Using default page load timeout: '60'

2022-02-24 11:15:01 - [MESSAGE][PASSED] - Text 'anggaaditya' has been set to element 'Object Repository/Mobile/Page/Login/Input Rdy - UserID'

2022-02-24 11:15:01 - [TEST_STEP][PASSED] - delay(1): Delayed 1 second(s)

2022-02-24 11:15:02 - [MESSAGE][PASSED] - Delayed 1 second(s)

2022-02-24 11:15:02 - [TEST_STEP][PASSED] - hideKeyboard(): Keyboard is hidden

2022-02-24 11:15:06 - [MESSAGE][PASSED] - Keyboard is hidden

2022-02-24 11:15:06 - [TEST_STEP][PASSED] - tap(LOGN_EdtPassword, 0): Tapped on element 'Object Repository/Mobile/Page/Login/Input - Password'

2022-02-24 11:15:06 - [MESSAGE][WARNING] - Timeout '0' is invalid. Using default page load timeout: '60'

2022-02-24 11:15:06 - [MESSAGE][PASSED] - Tapped on element 'Object Repository/Mobile/Page/Login/Input - Password'

2022-02-24 11:15:06 - [TEST_STEP][PASSED] - delay(1): Delayed 1 second(s)

2022-02-24 11:15:07 - [MESSAGE][PASSED] - Delayed 1 second(s)

2022-02-24 11:15:07 - [TEST_STEP][PASSED] - setText(LOGN_EdtRdyPassword, "Shalawa181", 0): Text 'Shalawa181' has been set to element 'Object Repository/Mobile/Page/Login/Input Rdy - Password'

2022-02-24 11:15:07 - [MESSAGE][WARNING] - Timeout '0' is invalid. Using default page load timeout: '60'

2022-02-24 11:15:08 - [MESSAGE][PASSED] - Text 'Shalawa181' has been set to element 'Object Repository/Mobile/Page/Login/Input Rdy - Password'

2022-02-24 11:15:08 - [TEST_STEP][PASSED] - delay(1): Delayed 1 second(s)

2022-02-24 11:15:09 - [MESSAGE][PASSED] - Delayed 1 second(s)

2022-02-24 11:15:09 - [TEST_STEP][PASSED] - hideKeyboard(): Keyboard is hidden

2022-02-24 11:15:15 - [MESSAGE][PASSED] - Keyboard is hidden

2022-02-24 11:15:15 - [TEST_STEP][PASSED] - tap(LOGN_BtnLogin, 0): Tapped on element 'Object Repository/Mobile/Page/Login/Button - Login'

2022-02-24 11:15:15 - [MESSAGE][WARNING] - Timeout '0' is invalid. Using default page load timeout: '60'

2022-02-24 11:15:16 - [MESSAGE][PASSED] - Tapped on element 'Object Repository/Mobile/Page/Login/Button - Login'

2022-02-24 11:15:16 - [TEST_STEP][PASSED] - delay(2): Delayed 2 second(s)

2022-02-24 11:15:18 - [MESSAGE][PASSED] - Delayed 2 second(s)

2022-02-24 11:15:18 - [TEST_STEP][PASSED] - verify = verifyElementExist(LOGN_AlertInvalidCredentials, 5, STOP_ON_FAILURE): Element 'Object Repository/Mobile/Page/Login/Alert - Invalid credentials' is exist

2022-02-24 11:15:18 - [MESSAGE][PASSED] - Element 'Object Repository/Mobile/Page/Login/Alert - Invalid credentials' is exist

2022-02-24 11:15:18 - [TEST_STEP][PASSED] - break: null

2022-02-24 11:15:18 - [MESSAGE][PASSED] - Call Test Case 'Test Cases/Mobile/Page/Login/Login' successfully

2022-02-24 11:15:18 - [TEST_STEP][PASSED] - callTestCase(findTestCase("Mobile/Page/Run App/Terminate App"), [:], STOP_ON_FAILURE): Call Test Case 'Test Cases/Mobile/Page/Run App/Terminate App' successfully

2022-02-24 11:15:18 - [TEST_CASE][PASSED] - Test Cases/Mobile/Page/Run App/Terminate App: Test Cases/Mobile/Page/Run App/Terminate App

2022-02-24 11:15:18 - [TEST_STEP][PASSED] - startApp.OpenApp.terminateApplication(): startApp.OpenApp.terminateApplication is PASSED

2022-02-24 11:15:22 - [MESSAGE][PASSED] - Delayed 3 second(s)

2022-02-24 11:15:22 - [MESSAGE][PASSED] - Current device physical width is 720

2022-02-24 11:15:22 - [MESSAGE][PASSED] - Current device physical height is 1423

2022-02-24 11:15:23 - [MESSAGE][PASSED] - Swiped from 360,853 to 360,142

2022-02-24 11:15:24 - [MESSAGE][PASSED] - Delayed 1 second(s)

2022-02-24 11:15:26 - [MESSAGE][PASSED] - Swiped from 360,853 to 360,142

2022-02-24 11:15:29 - [MESSAGE][PASSED] - Delayed 3 second(s)

2022-02-24 11:15:29 - [MESSAGE][PASSED] - startApp.OpenApp.terminateApplication is PASSED

2022-02-24 11:15:29 - [MESSAGE][PASSED] - Call Test Case 'Test Cases/Mobile/Page/Run App/Terminate App' successfully]]></system-out>
         <system-err><![CDATA[]]></system-err>
      </testcase>
      <testcase name="Test Cases/Mobile/Scenario/Login/003 - Login tanpa internet" time="56.126" classname="Test Cases/Mobile/Scenario/Login/003 - Login tanpa internet" status="PASSED">
         <system-out><![CDATA[2022-02-24 11:15:29 - [TEST_CASE][PASSED] - Test Cases/Mobile/Scenario/Login/003 - Login tanpa internet: Test Cases/Mobile/Scenario/Login/003 - Login tanpa internet

2022-02-24 11:15:29 - [TEST_STEP][PASSED] - callTestCase(findTestCase("Mobile/Page/Run App/Run App byID"), [:], STOP_ON_FAILURE): Call Test Case 'Test Cases/Mobile/Page/Run App/Run App byID' successfully

2022-02-24 11:15:29 - [TEST_CASE][PASSED] - Test Cases/Mobile/Page/Run App/Run App byID: Test Cases/Mobile/Page/Run App/Run App byID

2022-02-24 11:15:29 - [TEST_STEP][PASSED] - startApp.OpenApp.startApplication("id.co.miraeasset.sageclub"): startApp.OpenApp.startApplication is PASSED

2022-02-24 11:15:41 - [MESSAGE][PASSED] - Starting app with application ID: 'id.co.miraeasset.sageclub'

2022-02-24 11:15:41 - [MESSAGE][PASSED] - startApp.OpenApp.startApplication is PASSED

2022-02-24 11:15:41 - [MESSAGE][PASSED] - Call Test Case 'Test Cases/Mobile/Page/Run App/Run App byID' successfully

2022-02-24 11:15:41 - [TEST_STEP][PASSED] - callTestCase(findTestCase("Mobile/Page/Login/Login"), ["action":"nointernet"], CONTINUE_ON_FAILURE): Call Test Case 'Test Cases/Mobile/Page/Login/Login' successfully

2022-02-24 11:15:41 - [TEST_CASE][PASSED] - Test Cases/Mobile/Page/Login/Login: Test Cases/Mobile/Page/Login/Login

2022-02-24 11:15:41 - [TEST_STEP][PASSED] - delay(2): Delayed 2 second(s)

2022-02-24 11:15:43 - [MESSAGE][PASSED] - Delayed 2 second(s)

2022-02-24 11:15:43 - [TEST_STEP][PASSED] - for ([i = 0, i < 1, (i++)]): null

2022-02-24 11:15:43 - [TEST_STEP][PASSED] - if (action == "username"): null

2022-02-24 11:15:43 - [TEST_STEP][PASSED] - else if (action == "wrongpassword"): null

2022-02-24 11:15:43 - [TEST_STEP][PASSED] - else if (action == "nointernet"): null

2022-02-24 11:15:43 - [TEST_STEP][PASSED] - scroll.scroll.scrollNotificationBar(): scroll.scroll.scrollNotificationBar is PASSED

2022-02-24 11:15:43 - [MESSAGE][PASSED] - Current device physical height is 1423

2022-02-24 11:15:45 - [MESSAGE][PASSED] - Swiped from 50,50 to 50,1,138

2022-02-24 11:15:45 - [MESSAGE][PASSED] - scroll.scroll.scrollNotificationBar is PASSED

2022-02-24 11:15:45 - [TEST_STEP][PASSED] - delay(1): Delayed 1 second(s)

2022-02-24 11:15:46 - [MESSAGE][PASSED] - Delayed 1 second(s)

2022-02-24 11:15:46 - [TEST_STEP][PASSED] - tap(OTHR_BtnWifi, 0): Tapped on element 'Object Repository/Mobile/Page/Others/Button - Wifi'

2022-02-24 11:15:46 - [MESSAGE][WARNING] - Timeout '0' is invalid. Using default page load timeout: '60'

2022-02-24 11:15:47 - [MESSAGE][PASSED] - Tapped on element 'Object Repository/Mobile/Page/Others/Button - Wifi'

2022-02-24 11:15:47 - [TEST_STEP][PASSED] - delay(1): Delayed 1 second(s)

2022-02-24 11:15:48 - [MESSAGE][PASSED] - Delayed 1 second(s)

2022-02-24 11:15:48 - [TEST_STEP][PASSED] - pressBack(): Press back button successfully

2022-02-24 11:15:48 - [MESSAGE][PASSED] - Press back button successfully

2022-02-24 11:15:48 - [TEST_STEP][PASSED] - tap(LOGN_EdtUserID, 0): Tapped on element 'Object Repository/Mobile/Page/Login/Input - UserID'

2022-02-24 11:15:48 - [MESSAGE][WARNING] - Timeout '0' is invalid. Using default page load timeout: '60'

2022-02-24 11:15:50 - [MESSAGE][PASSED] - Tapped on element 'Object Repository/Mobile/Page/Login/Input - UserID'

2022-02-24 11:15:50 - [TEST_STEP][PASSED] - delay(1): Delayed 1 second(s)

2022-02-24 11:15:51 - [MESSAGE][PASSED] - Delayed 1 second(s)

2022-02-24 11:15:51 - [TEST_STEP][PASSED] - setText(LOGN_EdtRdyUserID, "anggaaditya", 0): Text 'anggaaditya' has been set to element 'Object Repository/Mobile/Page/Login/Input Rdy - UserID'

2022-02-24 11:15:51 - [MESSAGE][WARNING] - Timeout '0' is invalid. Using default page load timeout: '60'

2022-02-24 11:15:51 - [MESSAGE][PASSED] - Text 'anggaaditya' has been set to element 'Object Repository/Mobile/Page/Login/Input Rdy - UserID'

2022-02-24 11:15:51 - [TEST_STEP][PASSED] - delay(1): Delayed 1 second(s)

2022-02-24 11:15:53 - [MESSAGE][PASSED] - Delayed 1 second(s)

2022-02-24 11:15:53 - [TEST_STEP][PASSED] - hideKeyboard(): Keyboard is hidden

2022-02-24 11:15:56 - [MESSAGE][PASSED] - Keyboard is hidden

2022-02-24 11:15:56 - [TEST_STEP][PASSED] - tap(LOGN_EdtPassword, 0): Tapped on element 'Object Repository/Mobile/Page/Login/Input - Password'

2022-02-24 11:15:56 - [MESSAGE][WARNING] - Timeout '0' is invalid. Using default page load timeout: '60'

2022-02-24 11:15:56 - [MESSAGE][PASSED] - Tapped on element 'Object Repository/Mobile/Page/Login/Input - Password'

2022-02-24 11:15:56 - [TEST_STEP][PASSED] - delay(1): Delayed 1 second(s)

2022-02-24 11:15:58 - [MESSAGE][PASSED] - Delayed 1 second(s)

2022-02-24 11:15:58 - [TEST_STEP][PASSED] - setText(LOGN_EdtRdyPassword, "Shalawa18", 0): Text 'Shalawa18' has been set to element 'Object Repository/Mobile/Page/Login/Input Rdy - Password'

2022-02-24 11:15:58 - [MESSAGE][WARNING] - Timeout '0' is invalid. Using default page load timeout: '60'

2022-02-24 11:15:58 - [MESSAGE][PASSED] - Text 'Shalawa18' has been set to element 'Object Repository/Mobile/Page/Login/Input Rdy - Password'

2022-02-24 11:15:58 - [TEST_STEP][PASSED] - delay(1): Delayed 1 second(s)

2022-02-24 11:15:59 - [MESSAGE][PASSED] - Delayed 1 second(s)

2022-02-24 11:15:59 - [TEST_STEP][PASSED] - hideKeyboard(): Keyboard is hidden

2022-02-24 11:16:06 - [MESSAGE][PASSED] - Keyboard is hidden

2022-02-24 11:16:06 - [TEST_STEP][PASSED] - tap(LOGN_BtnLogin, 0): Tapped on element 'Object Repository/Mobile/Page/Login/Button - Login'

2022-02-24 11:16:06 - [MESSAGE][WARNING] - Timeout '0' is invalid. Using default page load timeout: '60'

2022-02-24 11:16:06 - [MESSAGE][PASSED] - Tapped on element 'Object Repository/Mobile/Page/Login/Button - Login'

2022-02-24 11:16:06 - [TEST_STEP][PASSED] - delay(2): Delayed 2 second(s)

2022-02-24 11:16:08 - [MESSAGE][PASSED] - Delayed 2 second(s)

2022-02-24 11:16:08 - [TEST_STEP][PASSED] - verify = verifyElementExist(LOGN_AlertCheckYourNetwork, 5, STOP_ON_FAILURE): Element 'Object Repository/Mobile/Page/Login/Alert - Check your network' is exist

2022-02-24 11:16:09 - [MESSAGE][PASSED] - Element 'Object Repository/Mobile/Page/Login/Alert - Check your network' is exist

2022-02-24 11:16:09 - [TEST_STEP][PASSED] - scroll.scroll.scrollNotificationBar(): scroll.scroll.scrollNotificationBar is PASSED

2022-02-24 11:16:09 - [MESSAGE][PASSED] - Current device physical height is 1423

2022-02-24 11:16:10 - [MESSAGE][PASSED] - Swiped from 50,50 to 50,1,138

2022-02-24 11:16:10 - [MESSAGE][PASSED] - scroll.scroll.scrollNotificationBar is PASSED

2022-02-24 11:16:10 - [TEST_STEP][PASSED] - delay(1): Delayed 1 second(s)

2022-02-24 11:16:11 - [MESSAGE][PASSED] - Delayed 1 second(s)

2022-02-24 11:16:11 - [TEST_STEP][PASSED] - tap(OTHR_BtnWifi, 0): Tapped on element 'Object Repository/Mobile/Page/Others/Button - Wifi'

2022-02-24 11:16:11 - [MESSAGE][WARNING] - Timeout '0' is invalid. Using default page load timeout: '60'

2022-02-24 11:16:12 - [MESSAGE][PASSED] - Tapped on element 'Object Repository/Mobile/Page/Others/Button - Wifi'

2022-02-24 11:16:12 - [TEST_STEP][PASSED] - delay(1): Delayed 1 second(s)

2022-02-24 11:16:13 - [MESSAGE][PASSED] - Delayed 1 second(s)

2022-02-24 11:16:13 - [TEST_STEP][PASSED] - pressBack(): Press back button successfully

2022-02-24 11:16:13 - [MESSAGE][PASSED] - Press back button successfully

2022-02-24 11:16:13 - [TEST_STEP][PASSED] - break: null

2022-02-24 11:16:13 - [MESSAGE][PASSED] - Call Test Case 'Test Cases/Mobile/Page/Login/Login' successfully

2022-02-24 11:16:13 - [TEST_STEP][PASSED] - callTestCase(findTestCase("Mobile/Page/Run App/Terminate App"), [:], STOP_ON_FAILURE): Call Test Case 'Test Cases/Mobile/Page/Run App/Terminate App' successfully

2022-02-24 11:16:14 - [TEST_CASE][PASSED] - Test Cases/Mobile/Page/Run App/Terminate App: Test Cases/Mobile/Page/Run App/Terminate App

2022-02-24 11:16:14 - [TEST_STEP][PASSED] - startApp.OpenApp.terminateApplication(): startApp.OpenApp.terminateApplication is PASSED

2022-02-24 11:16:18 - [MESSAGE][PASSED] - Delayed 3 second(s)

2022-02-24 11:16:18 - [MESSAGE][PASSED] - Current device physical width is 720

2022-02-24 11:16:18 - [MESSAGE][PASSED] - Current device physical height is 1423

2022-02-24 11:16:19 - [MESSAGE][PASSED] - Swiped from 360,853 to 360,142

2022-02-24 11:16:20 - [MESSAGE][PASSED] - Delayed 1 second(s)

2022-02-24 11:16:22 - [MESSAGE][PASSED] - Swiped from 360,853 to 360,142

2022-02-24 11:16:25 - [MESSAGE][PASSED] - Delayed 3 second(s)

2022-02-24 11:16:25 - [MESSAGE][PASSED] - startApp.OpenApp.terminateApplication is PASSED

2022-02-24 11:16:25 - [MESSAGE][PASSED] - Call Test Case 'Test Cases/Mobile/Page/Run App/Terminate App' successfully]]></system-out>
         <system-err><![CDATA[]]></system-err>
      </testcase>
      <testcase name="Test Cases/Mobile/Scenario/Login/004 - Login dengan mengaktifkan visible password" time="45.021" classname="Test Cases/Mobile/Scenario/Login/004 - Login dengan mengaktifkan visible password" status="PASSED">
         <system-out><![CDATA[2022-02-24 11:16:25 - [TEST_CASE][PASSED] - Test Cases/Mobile/Scenario/Login/004 - Login dengan mengaktifkan visible password: Test Cases/Mobile/Scenario/Login/004 - Login dengan mengaktifkan visible password

2022-02-24 11:16:25 - [TEST_STEP][PASSED] - callTestCase(findTestCase("Mobile/Page/Run App/Run App byID"), [:], STOP_ON_FAILURE): Call Test Case 'Test Cases/Mobile/Page/Run App/Run App byID' successfully

2022-02-24 11:16:25 - [TEST_CASE][PASSED] - Test Cases/Mobile/Page/Run App/Run App byID: Test Cases/Mobile/Page/Run App/Run App byID

2022-02-24 11:16:25 - [TEST_STEP][PASSED] - startApp.OpenApp.startApplication("id.co.miraeasset.sageclub"): startApp.OpenApp.startApplication is PASSED

2022-02-24 11:16:37 - [MESSAGE][PASSED] - Starting app with application ID: 'id.co.miraeasset.sageclub'

2022-02-24 11:16:37 - [MESSAGE][PASSED] - startApp.OpenApp.startApplication is PASSED

2022-02-24 11:16:37 - [MESSAGE][PASSED] - Call Test Case 'Test Cases/Mobile/Page/Run App/Run App byID' successfully

2022-02-24 11:16:37 - [TEST_STEP][PASSED] - callTestCase(findTestCase("Mobile/Page/Login/Login"), ["action":"visiblepassword"], CONTINUE_ON_FAILURE): Call Test Case 'Test Cases/Mobile/Page/Login/Login' successfully

2022-02-24 11:16:37 - [TEST_CASE][PASSED] - Test Cases/Mobile/Page/Login/Login: Test Cases/Mobile/Page/Login/Login

2022-02-24 11:16:37 - [TEST_STEP][PASSED] - delay(2): Delayed 2 second(s)

2022-02-24 11:16:39 - [MESSAGE][PASSED] - Delayed 2 second(s)

2022-02-24 11:16:39 - [TEST_STEP][PASSED] - for ([i = 0, i < 1, (i++)]): null

2022-02-24 11:16:39 - [TEST_STEP][PASSED] - if (action == "username"): null

2022-02-24 11:16:39 - [TEST_STEP][PASSED] - else if (action == "wrongpassword"): null

2022-02-24 11:16:39 - [TEST_STEP][PASSED] - else if (action == "nointernet"): null

2022-02-24 11:16:39 - [TEST_STEP][PASSED] - else if (action == "visiblepassword"): null

2022-02-24 11:16:39 - [TEST_STEP][PASSED] - tap(LOGN_EdtUserID, 0): Tapped on element 'Object Repository/Mobile/Page/Login/Input - UserID'

2022-02-24 11:16:39 - [MESSAGE][WARNING] - Timeout '0' is invalid. Using default page load timeout: '60'

2022-02-24 11:16:40 - [MESSAGE][PASSED] - Tapped on element 'Object Repository/Mobile/Page/Login/Input - UserID'

2022-02-24 11:16:40 - [TEST_STEP][PASSED] - delay(1): Delayed 1 second(s)

2022-02-24 11:16:41 - [MESSAGE][PASSED] - Delayed 1 second(s)

2022-02-24 11:16:41 - [TEST_STEP][PASSED] - setText(LOGN_EdtRdyUserID, "anggaaditya", 0): Text 'anggaaditya' has been set to element 'Object Repository/Mobile/Page/Login/Input Rdy - UserID'

2022-02-24 11:16:41 - [MESSAGE][WARNING] - Timeout '0' is invalid. Using default page load timeout: '60'

2022-02-24 11:16:41 - [MESSAGE][PASSED] - Text 'anggaaditya' has been set to element 'Object Repository/Mobile/Page/Login/Input Rdy - UserID'

2022-02-24 11:16:41 - [TEST_STEP][PASSED] - delay(1): Delayed 1 second(s)

2022-02-24 11:16:42 - [MESSAGE][PASSED] - Delayed 1 second(s)

2022-02-24 11:16:42 - [TEST_STEP][PASSED] - hideKeyboard(): Keyboard is hidden

2022-02-24 11:16:46 - [MESSAGE][PASSED] - Keyboard is hidden

2022-02-24 11:16:46 - [TEST_STEP][PASSED] - top = getElementTopPosition(LOGN_EdtPassword, 0): Object 'Object Repository/Mobile/Page/Login/Input - Password' has top position '842'

2022-02-24 11:16:46 - [MESSAGE][WARNING] - Timeout '0' is invalid. Using default page load timeout: '60'

2022-02-24 11:16:46 - [MESSAGE][PASSED] - Object 'Object Repository/Mobile/Page/Login/Input - Password' has top position '842'

2022-02-24 11:16:46 - [TEST_STEP][PASSED] - left = getElementLeftPosition(LOGN_EdtPassword, 0): Object 'Object Repository/Mobile/Page/Login/Input - Password' has left position '32'

2022-02-24 11:16:46 - [MESSAGE][WARNING] - Timeout '0' is invalid. Using default page load timeout: '60'

2022-02-24 11:16:46 - [MESSAGE][PASSED] - Object 'Object Repository/Mobile/Page/Login/Input - Password' has left position '32'

2022-02-24 11:16:46 - [TEST_STEP][PASSED] - x = left + getElementWidth(LOGN_EdtPassword, 0) * 0.9: Object 'Object Repository/Mobile/Page/Login/Input - Password' has width: '657'

2022-02-24 11:16:46 - [MESSAGE][WARNING] - Timeout '0' is invalid. Using default page load timeout: '60'

2022-02-24 11:16:46 - [MESSAGE][PASSED] - Object 'Object Repository/Mobile/Page/Login/Input - Password' has width: '657'

2022-02-24 11:16:46 - [TEST_STEP][PASSED] - y = top + getElementHeight(LOGN_EdtPassword, 0) / 2: Object 'Object Repository/Mobile/Page/Login/Input - Password' has height: '84'

2022-02-24 11:16:46 - [MESSAGE][WARNING] - Timeout '0' is invalid. Using default page load timeout: '60'

2022-02-24 11:16:46 - [MESSAGE][PASSED] - Object 'Object Repository/Mobile/Page/Login/Input - Password' has height: '84'

2022-02-24 11:16:46 - [TEST_STEP][PASSED] - tapAtPosition(x, y): Tapped at [623, 884]

2022-02-24 11:16:47 - [MESSAGE][PASSED] - Tapped at [623, 884]

2022-02-24 11:16:47 - [TEST_STEP][PASSED] - delay(1): Delayed 1 second(s)

2022-02-24 11:16:48 - [MESSAGE][PASSED] - Delayed 1 second(s)

2022-02-24 11:16:48 - [TEST_STEP][PASSED] - tap(LOGN_EdtPassword, 0): Tapped on element 'Object Repository/Mobile/Page/Login/Input - Password'

2022-02-24 11:16:48 - [MESSAGE][WARNING] - Timeout '0' is invalid. Using default page load timeout: '60'

2022-02-24 11:16:49 - [MESSAGE][PASSED] - Tapped on element 'Object Repository/Mobile/Page/Login/Input - Password'

2022-02-24 11:16:49 - [TEST_STEP][PASSED] - delay(1): Delayed 1 second(s)

2022-02-24 11:16:50 - [MESSAGE][PASSED] - Delayed 1 second(s)

2022-02-24 11:16:50 - [TEST_STEP][PASSED] - setText(LOGN_EdtRdyPassword, "Shalawa18", 0): Text 'Shalawa18' has been set to element 'Object Repository/Mobile/Page/Login/Input Rdy - Password'

2022-02-24 11:16:50 - [MESSAGE][WARNING] - Timeout '0' is invalid. Using default page load timeout: '60'

2022-02-24 11:16:50 - [MESSAGE][PASSED] - Text 'Shalawa18' has been set to element 'Object Repository/Mobile/Page/Login/Input Rdy - Password'

2022-02-24 11:16:50 - [TEST_STEP][PASSED] - delay(1): Delayed 1 second(s)

2022-02-24 11:16:51 - [MESSAGE][PASSED] - Delayed 1 second(s)

2022-02-24 11:16:51 - [TEST_STEP][PASSED] - hideKeyboard(): Keyboard is hidden

2022-02-24 11:16:55 - [MESSAGE][PASSED] - Keyboard is hidden

2022-02-24 11:16:55 - [TEST_STEP][PASSED] - tap(LOGN_BtnLogin, 0): Tapped on element 'Object Repository/Mobile/Page/Login/Button - Login'

2022-02-24 11:16:55 - [MESSAGE][WARNING] - Timeout '0' is invalid. Using default page load timeout: '60'

2022-02-24 11:16:56 - [MESSAGE][PASSED] - Tapped on element 'Object Repository/Mobile/Page/Login/Button - Login'

2022-02-24 11:16:56 - [TEST_STEP][PASSED] - delay(2): Delayed 2 second(s)

2022-02-24 11:16:58 - [MESSAGE][PASSED] - Delayed 2 second(s)

2022-02-24 11:16:58 - [TEST_STEP][PASSED] - break: null

2022-02-24 11:16:58 - [MESSAGE][PASSED] - Call Test Case 'Test Cases/Mobile/Page/Login/Login' successfully

2022-02-24 11:16:58 - [TEST_STEP][PASSED] - callTestCase(findTestCase("Mobile/Page/Run App/Terminate App"), [:], STOP_ON_FAILURE): Call Test Case 'Test Cases/Mobile/Page/Run App/Terminate App' successfully

2022-02-24 11:16:58 - [TEST_CASE][PASSED] - Test Cases/Mobile/Page/Run App/Terminate App: Test Cases/Mobile/Page/Run App/Terminate App

2022-02-24 11:16:58 - [TEST_STEP][PASSED] - startApp.OpenApp.terminateApplication(): startApp.OpenApp.terminateApplication is PASSED

2022-02-24 11:17:03 - [MESSAGE][PASSED] - Delayed 3 second(s)

2022-02-24 11:17:03 - [MESSAGE][PASSED] - Current device physical width is 720

2022-02-24 11:17:03 - [MESSAGE][PASSED] - Current device physical height is 1423

2022-02-24 11:17:04 - [MESSAGE][PASSED] - Swiped from 360,853 to 360,142

2022-02-24 11:17:05 - [MESSAGE][PASSED] - Delayed 1 second(s)

2022-02-24 11:17:07 - [MESSAGE][PASSED] - Swiped from 360,853 to 360,142

2022-02-24 11:17:10 - [MESSAGE][PASSED] - Delayed 3 second(s)

2022-02-24 11:17:10 - [MESSAGE][PASSED] - startApp.OpenApp.terminateApplication is PASSED

2022-02-24 11:17:10 - [MESSAGE][PASSED] - Call Test Case 'Test Cases/Mobile/Page/Run App/Terminate App' successfully]]></system-out>
         <system-err><![CDATA[]]></system-err>
      </testcase>
      <testcase name="Test Cases/Mobile/Scenario/Login/005 - Login menggunakan username dengan membatalkan fingerprint" time="49.065" classname="Test Cases/Mobile/Scenario/Login/005 - Login menggunakan username dengan membatalkan fingerprint" status="PASSED">
         <system-out><![CDATA[2022-02-24 11:17:10 - [TEST_CASE][PASSED] - Test Cases/Mobile/Scenario/Login/005 - Login menggunakan username dengan membatalkan fingerprint: Test Cases/Mobile/Scenario/Login/005 - Login menggunakan username dengan membatalkan fingerprint

2022-02-24 11:17:10 - [TEST_STEP][PASSED] - callTestCase(findTestCase("Mobile/Page/Run App/Run App byID"), [:], STOP_ON_FAILURE): Call Test Case 'Test Cases/Mobile/Page/Run App/Run App byID' successfully

2022-02-24 11:17:10 - [TEST_CASE][PASSED] - Test Cases/Mobile/Page/Run App/Run App byID: Test Cases/Mobile/Page/Run App/Run App byID

2022-02-24 11:17:10 - [TEST_STEP][PASSED] - startApp.OpenApp.startApplication("id.co.miraeasset.sageclub"): startApp.OpenApp.startApplication is PASSED

2022-02-24 11:17:22 - [MESSAGE][PASSED] - Starting app with application ID: 'id.co.miraeasset.sageclub'

2022-02-24 11:17:22 - [MESSAGE][PASSED] - startApp.OpenApp.startApplication is PASSED

2022-02-24 11:17:22 - [MESSAGE][PASSED] - Call Test Case 'Test Cases/Mobile/Page/Run App/Run App byID' successfully

2022-02-24 11:17:22 - [TEST_STEP][PASSED] - callTestCase(findTestCase("Mobile/Page/Login/Login"), ["action":"cancelfingerprint"], CONTINUE_ON_FAILURE): Call Test Case 'Test Cases/Mobile/Page/Login/Login' successfully

2022-02-24 11:17:22 - [TEST_CASE][PASSED] - Test Cases/Mobile/Page/Login/Login: Test Cases/Mobile/Page/Login/Login

2022-02-24 11:17:22 - [TEST_STEP][PASSED] - delay(2): Delayed 2 second(s)

2022-02-24 11:17:24 - [MESSAGE][PASSED] - Delayed 2 second(s)

2022-02-24 11:17:24 - [TEST_STEP][PASSED] - for ([i = 0, i < 1, (i++)]): Delayed 2 second(s)

2022-02-24 11:17:24 - [TEST_STEP][PASSED] - if (action == "username"): null

2022-02-24 11:17:24 - [TEST_STEP][PASSED] - else if (action == "wrongpassword"): null

2022-02-24 11:17:24 - [TEST_STEP][PASSED] - else if (action == "nointernet"): null

2022-02-24 11:17:24 - [TEST_STEP][PASSED] - else if (action == "visiblepassword"): null

2022-02-24 11:17:24 - [TEST_STEP][PASSED] - else if (action == "cancelfingerprint"): Delayed 2 second(s)

2022-02-24 11:17:24 - [TEST_STEP][PASSED] - tap(LOGN_BtnFingerprint, 0): Tapped on element 'Object Repository/Mobile/Page/Login/Button - Fingerprint'

2022-02-24 11:17:24 - [MESSAGE][WARNING] - Timeout '0' is invalid. Using default page load timeout: '60'

2022-02-24 11:17:24 - [MESSAGE][PASSED] - Tapped on element 'Object Repository/Mobile/Page/Login/Button - Fingerprint'

2022-02-24 11:17:24 - [TEST_STEP][PASSED] - delay(1): Delayed 1 second(s)

2022-02-24 11:17:25 - [MESSAGE][PASSED] - Delayed 1 second(s)

2022-02-24 11:17:25 - [TEST_STEP][PASSED] - pressBack(): Press back button successfully

2022-02-24 11:17:26 - [MESSAGE][PASSED] - Press back button successfully

2022-02-24 11:17:26 - [TEST_STEP][PASSED] - delay(1): Delayed 1 second(s)

2022-02-24 11:17:27 - [MESSAGE][PASSED] - Delayed 1 second(s)

2022-02-24 11:17:27 - [TEST_STEP][PASSED] - tap(LOGN_EdtUserID, 0): Tapped on element 'Object Repository/Mobile/Page/Login/Input - UserID'

2022-02-24 11:17:27 - [MESSAGE][WARNING] - Timeout '0' is invalid. Using default page load timeout: '60'

2022-02-24 11:17:29 - [MESSAGE][PASSED] - Tapped on element 'Object Repository/Mobile/Page/Login/Input - UserID'

2022-02-24 11:17:29 - [TEST_STEP][PASSED] - delay(1): Delayed 1 second(s)

2022-02-24 11:17:30 - [MESSAGE][PASSED] - Delayed 1 second(s)

2022-02-24 11:17:30 - [TEST_STEP][PASSED] - setText(LOGN_EdtRdyUserID, "anggaaditya", 0): Text 'anggaaditya' has been set to element 'Object Repository/Mobile/Page/Login/Input Rdy - UserID'

2022-02-24 11:17:30 - [MESSAGE][WARNING] - Timeout '0' is invalid. Using default page load timeout: '60'

2022-02-24 11:17:30 - [MESSAGE][PASSED] - Text 'anggaaditya' has been set to element 'Object Repository/Mobile/Page/Login/Input Rdy - UserID'

2022-02-24 11:17:30 - [TEST_STEP][PASSED] - delay(1): Delayed 1 second(s)

2022-02-24 11:17:31 - [MESSAGE][PASSED] - Delayed 1 second(s)

2022-02-24 11:17:31 - [TEST_STEP][PASSED] - hideKeyboard(): Keyboard is hidden

2022-02-24 11:17:35 - [MESSAGE][PASSED] - Keyboard is hidden

2022-02-24 11:17:35 - [TEST_STEP][PASSED] - tap(LOGN_EdtPassword, 0): Tapped on element 'Object Repository/Mobile/Page/Login/Input - Password'

2022-02-24 11:17:35 - [MESSAGE][WARNING] - Timeout '0' is invalid. Using default page load timeout: '60'

2022-02-24 11:17:35 - [MESSAGE][PASSED] - Tapped on element 'Object Repository/Mobile/Page/Login/Input - Password'

2022-02-24 11:17:35 - [TEST_STEP][PASSED] - delay(1): Delayed 1 second(s)

2022-02-24 11:17:36 - [MESSAGE][PASSED] - Delayed 1 second(s)

2022-02-24 11:17:36 - [TEST_STEP][PASSED] - setText(LOGN_EdtRdyPassword, "Shalawa18", 0): Text 'Shalawa18' has been set to element 'Object Repository/Mobile/Page/Login/Input Rdy - Password'

2022-02-24 11:17:36 - [MESSAGE][WARNING] - Timeout '0' is invalid. Using default page load timeout: '60'

2022-02-24 11:17:37 - [MESSAGE][PASSED] - Text 'Shalawa18' has been set to element 'Object Repository/Mobile/Page/Login/Input Rdy - Password'

2022-02-24 11:17:37 - [TEST_STEP][PASSED] - delay(1): Delayed 1 second(s)

2022-02-24 11:17:38 - [MESSAGE][PASSED] - Delayed 1 second(s)

2022-02-24 11:17:38 - [TEST_STEP][PASSED] - hideKeyboard(): Keyboard is hidden

2022-02-24 11:17:44 - [MESSAGE][PASSED] - Keyboard is hidden

2022-02-24 11:17:44 - [TEST_STEP][PASSED] - tap(LOGN_BtnLogin, 0): Tapped on element 'Object Repository/Mobile/Page/Login/Button - Login'

2022-02-24 11:17:44 - [MESSAGE][WARNING] - Timeout '0' is invalid. Using default page load timeout: '60'

2022-02-24 11:17:45 - [MESSAGE][PASSED] - Tapped on element 'Object Repository/Mobile/Page/Login/Button - Login'

2022-02-24 11:17:45 - [TEST_STEP][PASSED] - delay(2): Delayed 2 second(s)

2022-02-24 11:17:47 - [MESSAGE][PASSED] - Delayed 2 second(s)

2022-02-24 11:17:47 - [MESSAGE][PASSED] - Call Test Case 'Test Cases/Mobile/Page/Login/Login' successfully

2022-02-24 11:17:47 - [TEST_STEP][PASSED] - callTestCase(findTestCase("Mobile/Page/Run App/Terminate App"), [:], STOP_ON_FAILURE): Call Test Case 'Test Cases/Mobile/Page/Run App/Terminate App' successfully

2022-02-24 11:17:47 - [TEST_CASE][PASSED] - Test Cases/Mobile/Page/Run App/Terminate App: Test Cases/Mobile/Page/Run App/Terminate App

2022-02-24 11:17:47 - [TEST_STEP][PASSED] - startApp.OpenApp.terminateApplication(): startApp.OpenApp.terminateApplication is PASSED

2022-02-24 11:17:52 - [MESSAGE][PASSED] - Delayed 3 second(s)

2022-02-24 11:17:52 - [MESSAGE][PASSED] - Current device physical width is 720

2022-02-24 11:17:52 - [MESSAGE][PASSED] - Current device physical height is 1423

2022-02-24 11:17:53 - [MESSAGE][PASSED] - Swiped from 360,853 to 360,142

2022-02-24 11:17:54 - [MESSAGE][PASSED] - Delayed 1 second(s)

2022-02-24 11:17:56 - [MESSAGE][PASSED] - Swiped from 360,853 to 360,142

2022-02-24 11:17:59 - [MESSAGE][PASSED] - Delayed 3 second(s)

2022-02-24 11:17:59 - [MESSAGE][PASSED] - startApp.OpenApp.terminateApplication is PASSED

2022-02-24 11:17:59 - [MESSAGE][PASSED] - Call Test Case 'Test Cases/Mobile/Page/Run App/Terminate App' successfully]]></system-out>
         <system-err><![CDATA[]]></system-err>
      </testcase>
      <system-out><![CDATA[2022-02-24 11:13:38 - [TEST_SUITE][PASSED] - login: Test Cases/Mobile/Scenario/Login/005 - Login menggunakan username dengan membatalkan fingerprint]]></system-out>
      <system-err><![CDATA[]]></system-err>
   </testsuite>
</testsuites>
