<?xml version="1.0" encoding="UTF-8"?>
<testsuites name="portfolio" time="516.54" tests="8" failures="0" skips="0" errors="0">
   <testsuite name="portfolio" tests="8" failures="0" errors="0" time="516.54" skips="0" timestamp="2021-12-01 09:42:18" hostname="Owner - aldy-tft" id="Test Suites/portfolio">
      <properties>
         <property name="deviceName" value="samsung SM-A205F (Android 11)"/>
         <property name="devicePlatform" value=""/>
         <property name="logFolder" value="C:\\Users\\Owner\\Documents\\kerjaan\\KatalonProject\\qa-katalon-maxfund2\\Reports\\20211201_094210\\portfolio\\20211201_094210"/>
         <property name="logFiles" value="C:\\Users\\Owner\\Documents\\kerjaan\\KatalonProject\\qa-katalon-maxfund2\\Reports\\20211201_094210\\portfolio\\20211201_094210\\appium.log, C:\\Users\\Owner\\Documents\\kerjaan\\KatalonProject\\qa-katalon-maxfund2\\Reports\\20211201_094210\\portfolio\\20211201_094210\\execution0.log"/>
         <property name="attachments" value=""/>
         <property name="hostName" value="Owner - aldy-tft"/>
         <property name="os" value="Windows 10 64bit"/>
         <property name="appiumServerStatus" value="{&quot;value&quot;:{&quot;build&quot;:{&quot;version&quot;:&quot;1.22.0&quot;}},&quot;sessionId&quot;:null,&quot;status&quot;:0}"/>
         <property name="katalonVersion" value="7.9.1.208"/>
         <property name="deviceOS" value="Android"/>
         <property name="appiumVersion" value="1.22.0"/>
         <property name="deviceModel" value="SM-A205F"/>
         <property name="hostAddress" value="192.168.100.35"/>
         <property name="deviceManufacturer" value="samsung"/>
         <property name="deviceId" value="RR8M40C9AXE"/>
         <property name="deviceName" value="samsung SM-A205F (Android 11)"/>
         <property name="deviceOSVersion" value="11"/>
      </properties>
      <testcase name="Test Cases/Mobile/Scenario/Portfolio/001 - Summary" time="68.957" classname="Test Cases/Mobile/Scenario/Portfolio/001 - Summary" status="PASSED">
         <system-out><![CDATA[2021-12-01 09:42:18 - [TEST_CASE][PASSED] - Test Cases/Mobile/Scenario/Portfolio/001 - Summary: Test Cases/Mobile/Scenario/Portfolio/001 - Summary

2021-12-01 09:42:19 - [TEST_STEP][PASSED] - callTestCase(findTestCase("Mobile/Page/Run App/Run App byID"), [:], STOP_ON_FAILURE): Call Test Case 'Test Cases/Mobile/Page/Run App/Run App byID' successfully

2021-12-01 09:42:19 - [TEST_CASE][PASSED] - Test Cases/Mobile/Page/Run App/Run App byID: Test Cases/Mobile/Page/Run App/Run App byID

2021-12-01 09:42:19 - [TEST_STEP][PASSED] - startApp.OpenApp.startApplication("id.co.miraeasset.sageclub"): startApp.OpenApp.startApplication is PASSED

2021-12-01 09:42:21 - [MESSAGE][INFO] - Appium server started on port 53,605

2021-12-01 09:42:39 - [MESSAGE][PASSED] - Starting app with application ID: 'id.co.miraeasset.sageclub'

2021-12-01 09:42:39 - [MESSAGE][PASSED] - startApp.OpenApp.startApplication is PASSED

2021-12-01 09:42:39 - [MESSAGE][PASSED] - Call Test Case 'Test Cases/Mobile/Page/Run App/Run App byID' successfully

2021-12-01 09:42:39 - [TEST_STEP][PASSED] - callTestCase(findTestCase("Mobile/Page/Portfolio/Portfolio"), ["tab":"summary", "action":"summary"], STOP_ON_FAILURE): Call Test Case 'Test Cases/Mobile/Page/Portfolio/Portfolio' successfully

2021-12-01 09:42:39 - [TEST_CASE][PASSED] - Test Cases/Mobile/Page/Portfolio/Portfolio: Test Cases/Mobile/Page/Portfolio/Portfolio

2021-12-01 09:42:40 - [TEST_STEP][PASSED] - loginCheck = verifyElementExist(findTestObject("Object Repository/Mobile/Page/Login/Button - Login"), 2, CONTINUE_ON_FAILURE): Element 'Object Repository/Mobile/Page/Login/Button - Login' is exist

2021-12-01 09:42:43 - [MESSAGE][PASSED] - Element 'Object Repository/Mobile/Page/Login/Button - Login' is exist

2021-12-01 09:42:43 - [TEST_STEP][PASSED] - if (loginCheck): Call Test Case 'Test Cases/Mobile/Page/Login/Login' successfully

2021-12-01 09:42:43 - [TEST_STEP][PASSED] - callTestCase(findTestCase("Mobile/Page/Login/Login"), [:], CONTINUE_ON_FAILURE): Call Test Case 'Test Cases/Mobile/Page/Login/Login' successfully

2021-12-01 09:42:43 - [TEST_CASE][PASSED] - Test Cases/Mobile/Page/Login/Login: Test Cases/Mobile/Page/Login/Login

2021-12-01 09:42:43 - [TEST_STEP][PASSED] - delay(2): Delayed 2 second(s)

2021-12-01 09:42:45 - [MESSAGE][PASSED] - Delayed 2 second(s)

2021-12-01 09:42:45 - [TEST_STEP][PASSED] - tap(findTestObject("Object Repository/Mobile/Page/Login/Input - UserID"), 0): Tapped on element 'Object Repository/Mobile/Page/Login/Input - UserID'

2021-12-01 09:42:45 - [MESSAGE][WARNING] - Timeout '0' is invalid. Using default page load timeout: '60'

2021-12-01 09:42:46 - [MESSAGE][PASSED] - Tapped on element 'Object Repository/Mobile/Page/Login/Input - UserID'

2021-12-01 09:42:46 - [TEST_STEP][PASSED] - delay(1): Delayed 1 second(s)

2021-12-01 09:42:47 - [MESSAGE][PASSED] - Delayed 1 second(s)

2021-12-01 09:42:47 - [TEST_STEP][PASSED] - setText(findTestObject("Object Repository/Mobile/Page/Login/Input Rdy - UserID"), "anggaaditya", 0): Text 'anggaaditya' has been set to element 'Object Repository/Mobile/Page/Login/Input Rdy - UserID'

2021-12-01 09:42:47 - [MESSAGE][WARNING] - Timeout '0' is invalid. Using default page load timeout: '60'

2021-12-01 09:42:48 - [MESSAGE][PASSED] - Text 'anggaaditya' has been set to element 'Object Repository/Mobile/Page/Login/Input Rdy - UserID'

2021-12-01 09:42:48 - [TEST_STEP][PASSED] - delay(1): Delayed 1 second(s)

2021-12-01 09:42:49 - [MESSAGE][PASSED] - Delayed 1 second(s)

2021-12-01 09:42:49 - [TEST_STEP][PASSED] - hideKeyboard(): Keyboard is hidden

2021-12-01 09:42:55 - [MESSAGE][PASSED] - Keyboard is hidden

2021-12-01 09:42:55 - [TEST_STEP][PASSED] - tap(findTestObject("Object Repository/Mobile/Page/Login/Input - Password"), 0): Tapped on element 'Object Repository/Mobile/Page/Login/Input - Password'

2021-12-01 09:42:55 - [MESSAGE][WARNING] - Timeout '0' is invalid. Using default page load timeout: '60'

2021-12-01 09:42:56 - [MESSAGE][PASSED] - Tapped on element 'Object Repository/Mobile/Page/Login/Input - Password'

2021-12-01 09:42:56 - [TEST_STEP][PASSED] - delay(1): Delayed 1 second(s)

2021-12-01 09:42:57 - [MESSAGE][PASSED] - Delayed 1 second(s)

2021-12-01 09:42:57 - [TEST_STEP][PASSED] - setText(findTestObject("Object Repository/Mobile/Page/Login/Input Rdy - Password"), "Shalawa18", 0): Text 'Shalawa18' has been set to element 'Object Repository/Mobile/Page/Login/Input Rdy - Password'

2021-12-01 09:42:57 - [MESSAGE][WARNING] - Timeout '0' is invalid. Using default page load timeout: '60'

2021-12-01 09:42:57 - [MESSAGE][PASSED] - Text 'Shalawa18' has been set to element 'Object Repository/Mobile/Page/Login/Input Rdy - Password'

2021-12-01 09:42:57 - [TEST_STEP][PASSED] - delay(1): Delayed 1 second(s)

2021-12-01 09:42:58 - [MESSAGE][PASSED] - Delayed 1 second(s)

2021-12-01 09:42:58 - [TEST_STEP][PASSED] - hideKeyboard(): Keyboard is hidden

2021-12-01 09:43:08 - [MESSAGE][PASSED] - Keyboard is hidden

2021-12-01 09:43:08 - [TEST_STEP][PASSED] - tap(findTestObject("Object Repository/Mobile/Page/Login/Button - Login"), 0): Tapped on element 'Object Repository/Mobile/Page/Login/Button - Login'

2021-12-01 09:43:08 - [MESSAGE][WARNING] - Timeout '0' is invalid. Using default page load timeout: '60'

2021-12-01 09:43:09 - [MESSAGE][PASSED] - Tapped on element 'Object Repository/Mobile/Page/Login/Button - Login'

2021-12-01 09:43:09 - [TEST_STEP][PASSED] - delay(2): Delayed 2 second(s)

2021-12-01 09:43:11 - [MESSAGE][PASSED] - Delayed 2 second(s)

2021-12-01 09:43:11 - [MESSAGE][PASSED] - Call Test Case 'Test Cases/Mobile/Page/Login/Login' successfully

2021-12-01 09:43:11 - [TEST_STEP][PASSED] - tap(findTestObject("Object Repository/Mobile/Page/Home/Menubar - Portfolio"), 0): Tapped on element 'Object Repository/Mobile/Page/Home/Menubar - Portfolio'

2021-12-01 09:43:12 - [MESSAGE][WARNING] - Timeout '0' is invalid. Using default page load timeout: '60'

2021-12-01 09:43:12 - [MESSAGE][PASSED] - Tapped on element 'Object Repository/Mobile/Page/Home/Menubar - Portfolio'

2021-12-01 09:43:12 - [TEST_STEP][PASSED] - delay(1): Delayed 1 second(s)

2021-12-01 09:43:13 - [MESSAGE][PASSED] - Delayed 1 second(s)

2021-12-01 09:43:13 - [TEST_STEP][PASSED] - for ([i = 0, i < 1, (i++)]): Delayed 3 second(s)

2021-12-01 09:43:13 - [TEST_STEP][PASSED] - if (tab == "summary"): Delayed 3 second(s)

2021-12-01 09:43:13 - [TEST_STEP][PASSED] - if (action == "summary"): Delayed 3 second(s)

2021-12-01 09:43:13 - [TEST_STEP][PASSED] - delay(3): Delayed 3 second(s)

2021-12-01 09:43:16 - [MESSAGE][PASSED] - Delayed 3 second(s)

2021-12-01 09:43:16 - [MESSAGE][PASSED] - Call Test Case 'Test Cases/Mobile/Page/Portfolio/Portfolio' successfully

2021-12-01 09:43:16 - [TEST_STEP][PASSED] - callTestCase(findTestCase("Mobile/Page/Run App/Terminate App"), [:], STOP_ON_FAILURE): Call Test Case 'Test Cases/Mobile/Page/Run App/Terminate App' successfully

2021-12-01 09:43:16 - [TEST_CASE][PASSED] - Test Cases/Mobile/Page/Run App/Terminate App: Test Cases/Mobile/Page/Run App/Terminate App

2021-12-01 09:43:17 - [TEST_STEP][PASSED] - startApp.OpenApp.terminateApplication(): startApp.OpenApp.terminateApplication is PASSED

2021-12-01 09:43:20 - [MESSAGE][PASSED] - Delayed 3 second(s)

2021-12-01 09:43:20 - [MESSAGE][PASSED] - Current device physical width is 720

2021-12-01 09:43:20 - [MESSAGE][PASSED] - Current device physical height is 1423

2021-12-01 09:43:22 - [MESSAGE][PASSED] - Swiped from 360,853 to 360,142

2021-12-01 09:43:23 - [MESSAGE][PASSED] - Delayed 1 second(s)

2021-12-01 09:43:24 - [MESSAGE][PASSED] - Swiped from 360,853 to 360,142

2021-12-01 09:43:27 - [MESSAGE][PASSED] - Delayed 3 second(s)

2021-12-01 09:43:27 - [MESSAGE][PASSED] - startApp.OpenApp.terminateApplication is PASSED

2021-12-01 09:43:27 - [MESSAGE][PASSED] - Call Test Case 'Test Cases/Mobile/Page/Run App/Terminate App' successfully]]></system-out>
         <system-err><![CDATA[]]></system-err>
      </testcase>
      <testcase name="Test Cases/Mobile/Scenario/Portfolio/002 - Portfolio Performance Daily" time="62.564" classname="Test Cases/Mobile/Scenario/Portfolio/002 - Portfolio Performance Daily" status="PASSED">
         <system-out><![CDATA[2021-12-01 09:43:27 - [TEST_CASE][PASSED] - Test Cases/Mobile/Scenario/Portfolio/002 - Portfolio Performance Daily: Test Cases/Mobile/Scenario/Portfolio/002 - Portfolio Performance Daily

2021-12-01 09:43:28 - [TEST_STEP][PASSED] - callTestCase(findTestCase("Mobile/Page/Run App/Run App byID"), [:], STOP_ON_FAILURE): Call Test Case 'Test Cases/Mobile/Page/Run App/Run App byID' successfully

2021-12-01 09:43:28 - [TEST_CASE][PASSED] - Test Cases/Mobile/Page/Run App/Run App byID: Test Cases/Mobile/Page/Run App/Run App byID

2021-12-01 09:43:28 - [TEST_STEP][PASSED] - startApp.OpenApp.startApplication("id.co.miraeasset.sageclub"): startApp.OpenApp.startApplication is PASSED

2021-12-01 09:43:41 - [MESSAGE][PASSED] - Starting app with application ID: 'id.co.miraeasset.sageclub'

2021-12-01 09:43:41 - [MESSAGE][PASSED] - startApp.OpenApp.startApplication is PASSED

2021-12-01 09:43:41 - [MESSAGE][PASSED] - Call Test Case 'Test Cases/Mobile/Page/Run App/Run App byID' successfully

2021-12-01 09:43:41 - [TEST_STEP][PASSED] - callTestCase(findTestCase("Mobile/Page/Portfolio/Portfolio"), ["tab":"summary", "action":"perf_daily"], STOP_ON_FAILURE): Call Test Case 'Test Cases/Mobile/Page/Portfolio/Portfolio' successfully

2021-12-01 09:43:41 - [TEST_CASE][PASSED] - Test Cases/Mobile/Page/Portfolio/Portfolio: Test Cases/Mobile/Page/Portfolio/Portfolio

2021-12-01 09:43:41 - [TEST_STEP][PASSED] - loginCheck = verifyElementExist(findTestObject("Object Repository/Mobile/Page/Login/Button - Login"), 2, CONTINUE_ON_FAILURE): Element 'Object Repository/Mobile/Page/Login/Button - Login' is exist

2021-12-01 09:43:44 - [MESSAGE][PASSED] - Element 'Object Repository/Mobile/Page/Login/Button - Login' is exist

2021-12-01 09:43:44 - [TEST_STEP][PASSED] - if (loginCheck): Call Test Case 'Test Cases/Mobile/Page/Login/Login' successfully

2021-12-01 09:43:44 - [TEST_STEP][PASSED] - callTestCase(findTestCase("Mobile/Page/Login/Login"), [:], CONTINUE_ON_FAILURE): Call Test Case 'Test Cases/Mobile/Page/Login/Login' successfully

2021-12-01 09:43:44 - [TEST_CASE][PASSED] - Test Cases/Mobile/Page/Login/Login: Test Cases/Mobile/Page/Login/Login

2021-12-01 09:43:44 - [TEST_STEP][PASSED] - delay(2): Delayed 2 second(s)

2021-12-01 09:43:46 - [MESSAGE][PASSED] - Delayed 2 second(s)

2021-12-01 09:43:46 - [TEST_STEP][PASSED] - tap(findTestObject("Object Repository/Mobile/Page/Login/Input - UserID"), 0): Tapped on element 'Object Repository/Mobile/Page/Login/Input - UserID'

2021-12-01 09:43:46 - [MESSAGE][WARNING] - Timeout '0' is invalid. Using default page load timeout: '60'

2021-12-01 09:43:46 - [MESSAGE][PASSED] - Tapped on element 'Object Repository/Mobile/Page/Login/Input - UserID'

2021-12-01 09:43:46 - [TEST_STEP][PASSED] - delay(1): Delayed 1 second(s)

2021-12-01 09:43:47 - [MESSAGE][PASSED] - Delayed 1 second(s)

2021-12-01 09:43:47 - [TEST_STEP][PASSED] - setText(findTestObject("Object Repository/Mobile/Page/Login/Input Rdy - UserID"), "anggaaditya", 0): Text 'anggaaditya' has been set to element 'Object Repository/Mobile/Page/Login/Input Rdy - UserID'

2021-12-01 09:43:48 - [MESSAGE][WARNING] - Timeout '0' is invalid. Using default page load timeout: '60'

2021-12-01 09:43:48 - [MESSAGE][PASSED] - Text 'anggaaditya' has been set to element 'Object Repository/Mobile/Page/Login/Input Rdy - UserID'

2021-12-01 09:43:48 - [TEST_STEP][PASSED] - delay(1): Delayed 1 second(s)

2021-12-01 09:43:49 - [MESSAGE][PASSED] - Delayed 1 second(s)

2021-12-01 09:43:49 - [TEST_STEP][PASSED] - hideKeyboard(): Keyboard is hidden

2021-12-01 09:43:55 - [MESSAGE][PASSED] - Keyboard is hidden

2021-12-01 09:43:55 - [TEST_STEP][PASSED] - tap(findTestObject("Object Repository/Mobile/Page/Login/Input - Password"), 0): Tapped on element 'Object Repository/Mobile/Page/Login/Input - Password'

2021-12-01 09:43:55 - [MESSAGE][WARNING] - Timeout '0' is invalid. Using default page load timeout: '60'

2021-12-01 09:43:56 - [MESSAGE][PASSED] - Tapped on element 'Object Repository/Mobile/Page/Login/Input - Password'

2021-12-01 09:43:56 - [TEST_STEP][PASSED] - delay(1): Delayed 1 second(s)

2021-12-01 09:43:57 - [MESSAGE][PASSED] - Delayed 1 second(s)

2021-12-01 09:43:57 - [TEST_STEP][PASSED] - setText(findTestObject("Object Repository/Mobile/Page/Login/Input Rdy - Password"), "Shalawa18", 0): Text 'Shalawa18' has been set to element 'Object Repository/Mobile/Page/Login/Input Rdy - Password'

2021-12-01 09:43:57 - [MESSAGE][WARNING] - Timeout '0' is invalid. Using default page load timeout: '60'

2021-12-01 09:43:57 - [MESSAGE][PASSED] - Text 'Shalawa18' has been set to element 'Object Repository/Mobile/Page/Login/Input Rdy - Password'

2021-12-01 09:43:57 - [TEST_STEP][PASSED] - delay(1): Delayed 1 second(s)

2021-12-01 09:43:58 - [MESSAGE][PASSED] - Delayed 1 second(s)

2021-12-01 09:43:58 - [TEST_STEP][PASSED] - hideKeyboard(): Keyboard is hidden

2021-12-01 09:44:05 - [MESSAGE][PASSED] - Keyboard is hidden

2021-12-01 09:44:05 - [TEST_STEP][PASSED] - tap(findTestObject("Object Repository/Mobile/Page/Login/Button - Login"), 0): Tapped on element 'Object Repository/Mobile/Page/Login/Button - Login'

2021-12-01 09:44:05 - [MESSAGE][WARNING] - Timeout '0' is invalid. Using default page load timeout: '60'

2021-12-01 09:44:06 - [MESSAGE][PASSED] - Tapped on element 'Object Repository/Mobile/Page/Login/Button - Login'

2021-12-01 09:44:06 - [TEST_STEP][PASSED] - delay(2): Delayed 2 second(s)

2021-12-01 09:44:08 - [MESSAGE][PASSED] - Delayed 2 second(s)

2021-12-01 09:44:08 - [MESSAGE][PASSED] - Call Test Case 'Test Cases/Mobile/Page/Login/Login' successfully

2021-12-01 09:44:08 - [TEST_STEP][PASSED] - tap(findTestObject("Object Repository/Mobile/Page/Home/Menubar - Portfolio"), 0): Tapped on element 'Object Repository/Mobile/Page/Home/Menubar - Portfolio'

2021-12-01 09:44:08 - [MESSAGE][WARNING] - Timeout '0' is invalid. Using default page load timeout: '60'

2021-12-01 09:44:09 - [MESSAGE][PASSED] - Tapped on element 'Object Repository/Mobile/Page/Home/Menubar - Portfolio'

2021-12-01 09:44:09 - [TEST_STEP][PASSED] - delay(1): Delayed 1 second(s)

2021-12-01 09:44:10 - [MESSAGE][PASSED] - Delayed 1 second(s)

2021-12-01 09:44:10 - [TEST_STEP][PASSED] - for ([i = 0, i < 1, (i++)]): Delayed 3 second(s)

2021-12-01 09:44:10 - [TEST_STEP][PASSED] - if (tab == "summary"): Delayed 3 second(s)

2021-12-01 09:44:10 - [TEST_STEP][PASSED] - if (action == "summary"): null

2021-12-01 09:44:10 - [TEST_STEP][PASSED] - else if (action == "perf_daily"): Delayed 3 second(s)

2021-12-01 09:44:10 - [TEST_STEP][PASSED] - scroll.scroll.scrollScreenBottomToTop(): scroll.scroll.scrollScreenBottomToTop is PASSED

2021-12-01 09:44:10 - [MESSAGE][PASSED] - Current device physical height is 1423

2021-12-01 09:44:10 - [MESSAGE][PASSED] - Current device physical width is 720

2021-12-01 09:44:11 - [MESSAGE][PASSED] - Swiped from 360,1,138 to 360,284

2021-12-01 09:44:11 - [MESSAGE][PASSED] - scroll.scroll.scrollScreenBottomToTop is PASSED

2021-12-01 09:44:11 - [TEST_STEP][PASSED] - delay(1): Delayed 1 second(s)

2021-12-01 09:44:12 - [MESSAGE][PASSED] - Delayed 1 second(s)

2021-12-01 09:44:12 - [TEST_STEP][PASSED] - tap(findTestObject("Mobile/Page/Portfolio/Button - IDR"), 0): Tapped on element 'Object Repository/Mobile/Page/Portfolio/Button - IDR'

2021-12-01 09:44:12 - [MESSAGE][WARNING] - Timeout '0' is invalid. Using default page load timeout: '60'

2021-12-01 09:44:13 - [MESSAGE][PASSED] - Tapped on element 'Object Repository/Mobile/Page/Portfolio/Button - IDR'

2021-12-01 09:44:13 - [TEST_STEP][PASSED] - delay(3): Delayed 3 second(s)

2021-12-01 09:44:16 - [MESSAGE][PASSED] - Delayed 3 second(s)

2021-12-01 09:44:16 - [TEST_STEP][PASSED] - tap(findTestObject("Mobile/Page/Portfolio/Button - Persen"), 0): Tapped on element 'Object Repository/Mobile/Page/Portfolio/Button - Persen'

2021-12-01 09:44:16 - [MESSAGE][WARNING] - Timeout '0' is invalid. Using default page load timeout: '60'

2021-12-01 09:44:16 - [MESSAGE][PASSED] - Tapped on element 'Object Repository/Mobile/Page/Portfolio/Button - Persen'

2021-12-01 09:44:16 - [TEST_STEP][PASSED] - delay(3): Delayed 3 second(s)

2021-12-01 09:44:19 - [MESSAGE][PASSED] - Delayed 3 second(s)

2021-12-01 09:44:19 - [MESSAGE][PASSED] - Call Test Case 'Test Cases/Mobile/Page/Portfolio/Portfolio' successfully

2021-12-01 09:44:19 - [TEST_STEP][PASSED] - callTestCase(findTestCase("Mobile/Page/Run App/Terminate App"), [:], STOP_ON_FAILURE): Call Test Case 'Test Cases/Mobile/Page/Run App/Terminate App' successfully

2021-12-01 09:44:20 - [TEST_CASE][PASSED] - Test Cases/Mobile/Page/Run App/Terminate App: Test Cases/Mobile/Page/Run App/Terminate App

2021-12-01 09:44:20 - [TEST_STEP][PASSED] - startApp.OpenApp.terminateApplication(): startApp.OpenApp.terminateApplication is PASSED

2021-12-01 09:44:23 - [MESSAGE][PASSED] - Delayed 3 second(s)

2021-12-01 09:44:23 - [MESSAGE][PASSED] - Current device physical width is 720

2021-12-01 09:44:23 - [MESSAGE][PASSED] - Current device physical height is 1423

2021-12-01 09:44:24 - [MESSAGE][PASSED] - Swiped from 360,853 to 360,142

2021-12-01 09:44:25 - [MESSAGE][PASSED] - Delayed 1 second(s)

2021-12-01 09:44:27 - [MESSAGE][PASSED] - Swiped from 360,853 to 360,142

2021-12-01 09:44:30 - [MESSAGE][PASSED] - Delayed 3 second(s)

2021-12-01 09:44:30 - [MESSAGE][PASSED] - startApp.OpenApp.terminateApplication is PASSED

2021-12-01 09:44:30 - [MESSAGE][PASSED] - Call Test Case 'Test Cases/Mobile/Page/Run App/Terminate App' successfully]]></system-out>
         <system-err><![CDATA[]]></system-err>
      </testcase>
      <testcase name="Test Cases/Mobile/Scenario/Portfolio/003 - Portfolio Performance Month" time="59.848" classname="Test Cases/Mobile/Scenario/Portfolio/003 - Portfolio Performance Month" status="PASSED">
         <system-out><![CDATA[2021-12-01 09:44:30 - [TEST_CASE][PASSED] - Test Cases/Mobile/Scenario/Portfolio/003 - Portfolio Performance Month: Test Cases/Mobile/Scenario/Portfolio/003 - Portfolio Performance Month

2021-12-01 09:44:30 - [TEST_STEP][PASSED] - callTestCase(findTestCase("Mobile/Page/Run App/Run App byID"), [:], STOP_ON_FAILURE): Call Test Case 'Test Cases/Mobile/Page/Run App/Run App byID' successfully

2021-12-01 09:44:30 - [TEST_CASE][PASSED] - Test Cases/Mobile/Page/Run App/Run App byID: Test Cases/Mobile/Page/Run App/Run App byID

2021-12-01 09:44:30 - [TEST_STEP][PASSED] - startApp.OpenApp.startApplication("id.co.miraeasset.sageclub"): startApp.OpenApp.startApplication is PASSED

2021-12-01 09:44:42 - [MESSAGE][PASSED] - Starting app with application ID: 'id.co.miraeasset.sageclub'

2021-12-01 09:44:42 - [MESSAGE][PASSED] - startApp.OpenApp.startApplication is PASSED

2021-12-01 09:44:42 - [MESSAGE][PASSED] - Call Test Case 'Test Cases/Mobile/Page/Run App/Run App byID' successfully

2021-12-01 09:44:42 - [TEST_STEP][PASSED] - callTestCase(findTestCase("Mobile/Page/Portfolio/Portfolio"), ["tab":"summary", "action":"perf_month"], STOP_ON_FAILURE): Call Test Case 'Test Cases/Mobile/Page/Portfolio/Portfolio' successfully

2021-12-01 09:44:42 - [TEST_CASE][PASSED] - Test Cases/Mobile/Page/Portfolio/Portfolio: Test Cases/Mobile/Page/Portfolio/Portfolio

2021-12-01 09:44:42 - [TEST_STEP][PASSED] - loginCheck = verifyElementExist(findTestObject("Object Repository/Mobile/Page/Login/Button - Login"), 2, CONTINUE_ON_FAILURE): Element 'Object Repository/Mobile/Page/Login/Button - Login' is exist

2021-12-01 09:44:44 - [MESSAGE][PASSED] - Element 'Object Repository/Mobile/Page/Login/Button - Login' is exist

2021-12-01 09:44:44 - [TEST_STEP][PASSED] - if (loginCheck): Call Test Case 'Test Cases/Mobile/Page/Login/Login' successfully

2021-12-01 09:44:44 - [TEST_STEP][PASSED] - callTestCase(findTestCase("Mobile/Page/Login/Login"), [:], CONTINUE_ON_FAILURE): Call Test Case 'Test Cases/Mobile/Page/Login/Login' successfully

2021-12-01 09:44:44 - [TEST_CASE][PASSED] - Test Cases/Mobile/Page/Login/Login: Test Cases/Mobile/Page/Login/Login

2021-12-01 09:44:44 - [TEST_STEP][PASSED] - delay(2): Delayed 2 second(s)

2021-12-01 09:44:46 - [MESSAGE][PASSED] - Delayed 2 second(s)

2021-12-01 09:44:46 - [TEST_STEP][PASSED] - tap(findTestObject("Object Repository/Mobile/Page/Login/Input - UserID"), 0): Tapped on element 'Object Repository/Mobile/Page/Login/Input - UserID'

2021-12-01 09:44:46 - [MESSAGE][WARNING] - Timeout '0' is invalid. Using default page load timeout: '60'

2021-12-01 09:44:47 - [MESSAGE][PASSED] - Tapped on element 'Object Repository/Mobile/Page/Login/Input - UserID'

2021-12-01 09:44:47 - [TEST_STEP][PASSED] - delay(1): Delayed 1 second(s)

2021-12-01 09:44:48 - [MESSAGE][PASSED] - Delayed 1 second(s)

2021-12-01 09:44:48 - [TEST_STEP][PASSED] - setText(findTestObject("Object Repository/Mobile/Page/Login/Input Rdy - UserID"), "anggaaditya", 0): Text 'anggaaditya' has been set to element 'Object Repository/Mobile/Page/Login/Input Rdy - UserID'

2021-12-01 09:44:48 - [MESSAGE][WARNING] - Timeout '0' is invalid. Using default page load timeout: '60'

2021-12-01 09:44:49 - [MESSAGE][PASSED] - Text 'anggaaditya' has been set to element 'Object Repository/Mobile/Page/Login/Input Rdy - UserID'

2021-12-01 09:44:49 - [TEST_STEP][PASSED] - delay(1): Delayed 1 second(s)

2021-12-01 09:44:50 - [MESSAGE][PASSED] - Delayed 1 second(s)

2021-12-01 09:44:50 - [TEST_STEP][PASSED] - hideKeyboard(): Keyboard is hidden

2021-12-01 09:44:53 - [MESSAGE][PASSED] - Keyboard is hidden

2021-12-01 09:44:53 - [TEST_STEP][PASSED] - tap(findTestObject("Object Repository/Mobile/Page/Login/Input - Password"), 0): Tapped on element 'Object Repository/Mobile/Page/Login/Input - Password'

2021-12-01 09:44:53 - [MESSAGE][WARNING] - Timeout '0' is invalid. Using default page load timeout: '60'

2021-12-01 09:44:54 - [MESSAGE][PASSED] - Tapped on element 'Object Repository/Mobile/Page/Login/Input - Password'

2021-12-01 09:44:54 - [TEST_STEP][PASSED] - delay(1): Delayed 1 second(s)

2021-12-01 09:44:55 - [MESSAGE][PASSED] - Delayed 1 second(s)

2021-12-01 09:44:55 - [TEST_STEP][PASSED] - setText(findTestObject("Object Repository/Mobile/Page/Login/Input Rdy - Password"), "Shalawa18", 0): Text 'Shalawa18' has been set to element 'Object Repository/Mobile/Page/Login/Input Rdy - Password'

2021-12-01 09:44:55 - [MESSAGE][WARNING] - Timeout '0' is invalid. Using default page load timeout: '60'

2021-12-01 09:44:56 - [MESSAGE][PASSED] - Text 'Shalawa18' has been set to element 'Object Repository/Mobile/Page/Login/Input Rdy - Password'

2021-12-01 09:44:56 - [TEST_STEP][PASSED] - delay(1): Delayed 1 second(s)

2021-12-01 09:44:57 - [MESSAGE][PASSED] - Delayed 1 second(s)

2021-12-01 09:44:57 - [TEST_STEP][PASSED] - hideKeyboard(): Keyboard is hidden

2021-12-01 09:45:03 - [MESSAGE][PASSED] - Keyboard is hidden

2021-12-01 09:45:03 - [TEST_STEP][PASSED] - tap(findTestObject("Object Repository/Mobile/Page/Login/Button - Login"), 0): Tapped on element 'Object Repository/Mobile/Page/Login/Button - Login'

2021-12-01 09:45:03 - [MESSAGE][WARNING] - Timeout '0' is invalid. Using default page load timeout: '60'

2021-12-01 09:45:03 - [MESSAGE][PASSED] - Tapped on element 'Object Repository/Mobile/Page/Login/Button - Login'

2021-12-01 09:45:03 - [TEST_STEP][PASSED] - delay(2): Delayed 2 second(s)

2021-12-01 09:45:05 - [MESSAGE][PASSED] - Delayed 2 second(s)

2021-12-01 09:45:05 - [MESSAGE][PASSED] - Call Test Case 'Test Cases/Mobile/Page/Login/Login' successfully

2021-12-01 09:45:05 - [TEST_STEP][PASSED] - tap(findTestObject("Object Repository/Mobile/Page/Home/Menubar - Portfolio"), 0): Tapped on element 'Object Repository/Mobile/Page/Home/Menubar - Portfolio'

2021-12-01 09:45:05 - [MESSAGE][WARNING] - Timeout '0' is invalid. Using default page load timeout: '60'

2021-12-01 09:45:06 - [MESSAGE][PASSED] - Tapped on element 'Object Repository/Mobile/Page/Home/Menubar - Portfolio'

2021-12-01 09:45:06 - [TEST_STEP][PASSED] - delay(1): Delayed 1 second(s)

2021-12-01 09:45:07 - [MESSAGE][PASSED] - Delayed 1 second(s)

2021-12-01 09:45:07 - [TEST_STEP][PASSED] - for ([i = 0, i < 1, (i++)]): Delayed 3 second(s)

2021-12-01 09:45:07 - [TEST_STEP][PASSED] - if (tab == "summary"): Delayed 3 second(s)

2021-12-01 09:45:07 - [TEST_STEP][PASSED] - if (action == "summary"): null

2021-12-01 09:45:07 - [TEST_STEP][PASSED] - else if (action == "perf_daily"): null

2021-12-01 09:45:07 - [TEST_STEP][PASSED] - else if (action == "perf_month"): Delayed 3 second(s)

2021-12-01 09:45:07 - [TEST_STEP][PASSED] - scroll.scroll.scrollScreenBottomToTop(): scroll.scroll.scrollScreenBottomToTop is PASSED

2021-12-01 09:45:08 - [MESSAGE][PASSED] - Current device physical height is 1423

2021-12-01 09:45:08 - [MESSAGE][PASSED] - Current device physical width is 720

2021-12-01 09:45:09 - [MESSAGE][PASSED] - Swiped from 360,1,138 to 360,284

2021-12-01 09:45:09 - [MESSAGE][PASSED] - scroll.scroll.scrollScreenBottomToTop is PASSED

2021-12-01 09:45:09 - [TEST_STEP][PASSED] - delay(1): Delayed 1 second(s)

2021-12-01 09:45:10 - [MESSAGE][PASSED] - Delayed 1 second(s)

2021-12-01 09:45:10 - [TEST_STEP][PASSED] - tap(findTestObject("Object Repository/Mobile/Page/Portfolio/Button - Tab Month to Date"), 0): Tapped on element 'Object Repository/Mobile/Page/Portfolio/Button - Tab Month to Date'

2021-12-01 09:45:10 - [MESSAGE][WARNING] - Timeout '0' is invalid. Using default page load timeout: '60'

2021-12-01 09:45:11 - [MESSAGE][PASSED] - Tapped on element 'Object Repository/Mobile/Page/Portfolio/Button - Tab Month to Date'

2021-12-01 09:45:11 - [TEST_STEP][PASSED] - delay(1): Delayed 1 second(s)

2021-12-01 09:45:12 - [MESSAGE][PASSED] - Delayed 1 second(s)

2021-12-01 09:45:12 - [TEST_STEP][PASSED] - tap(findTestObject("Mobile/Page/Portfolio/Button - IDR"), 0): Tapped on element 'Object Repository/Mobile/Page/Portfolio/Button - IDR'

2021-12-01 09:45:12 - [MESSAGE][WARNING] - Timeout '0' is invalid. Using default page load timeout: '60'

2021-12-01 09:45:13 - [MESSAGE][PASSED] - Tapped on element 'Object Repository/Mobile/Page/Portfolio/Button - IDR'

2021-12-01 09:45:13 - [TEST_STEP][PASSED] - delay(3): Delayed 3 second(s)

2021-12-01 09:45:16 - [MESSAGE][PASSED] - Delayed 3 second(s)

2021-12-01 09:45:16 - [TEST_STEP][PASSED] - tap(findTestObject("Mobile/Page/Portfolio/Button - Persen"), 0): Tapped on element 'Object Repository/Mobile/Page/Portfolio/Button - Persen'

2021-12-01 09:45:16 - [MESSAGE][WARNING] - Timeout '0' is invalid. Using default page load timeout: '60'

2021-12-01 09:45:16 - [MESSAGE][PASSED] - Tapped on element 'Object Repository/Mobile/Page/Portfolio/Button - Persen'

2021-12-01 09:45:16 - [TEST_STEP][PASSED] - delay(3): Delayed 3 second(s)

2021-12-01 09:45:19 - [MESSAGE][PASSED] - Delayed 3 second(s)

2021-12-01 09:45:19 - [MESSAGE][PASSED] - Call Test Case 'Test Cases/Mobile/Page/Portfolio/Portfolio' successfully

2021-12-01 09:45:19 - [TEST_STEP][PASSED] - callTestCase(findTestCase("Mobile/Page/Run App/Terminate App"), [:], STOP_ON_FAILURE): Call Test Case 'Test Cases/Mobile/Page/Run App/Terminate App' successfully

2021-12-01 09:45:19 - [TEST_CASE][PASSED] - Test Cases/Mobile/Page/Run App/Terminate App: Test Cases/Mobile/Page/Run App/Terminate App

2021-12-01 09:45:19 - [TEST_STEP][PASSED] - startApp.OpenApp.terminateApplication(): startApp.OpenApp.terminateApplication is PASSED

2021-12-01 09:45:23 - [MESSAGE][PASSED] - Delayed 3 second(s)

2021-12-01 09:45:23 - [MESSAGE][PASSED] - Current device physical width is 720

2021-12-01 09:45:23 - [MESSAGE][PASSED] - Current device physical height is 1423

2021-12-01 09:45:24 - [MESSAGE][PASSED] - Swiped from 360,853 to 360,142

2021-12-01 09:45:25 - [MESSAGE][PASSED] - Delayed 1 second(s)

2021-12-01 09:45:27 - [MESSAGE][PASSED] - Swiped from 360,853 to 360,142

2021-12-01 09:45:30 - [MESSAGE][PASSED] - Delayed 3 second(s)

2021-12-01 09:45:30 - [MESSAGE][PASSED] - startApp.OpenApp.terminateApplication is PASSED

2021-12-01 09:45:30 - [MESSAGE][PASSED] - Call Test Case 'Test Cases/Mobile/Page/Run App/Terminate App' successfully]]></system-out>
         <system-err><![CDATA[]]></system-err>
      </testcase>
      <testcase name="Test Cases/Mobile/Scenario/Portfolio/004 - Portfolio Performance Quarter" time="60.813" classname="Test Cases/Mobile/Scenario/Portfolio/004 - Portfolio Performance Quarter" status="PASSED">
         <system-out><![CDATA[2021-12-01 09:45:30 - [TEST_CASE][PASSED] - Test Cases/Mobile/Scenario/Portfolio/004 - Portfolio Performance Quarter: Test Cases/Mobile/Scenario/Portfolio/004 - Portfolio Performance Quarter

2021-12-01 09:45:30 - [TEST_STEP][PASSED] - callTestCase(findTestCase("Mobile/Page/Run App/Run App byID"), [:], STOP_ON_FAILURE): Call Test Case 'Test Cases/Mobile/Page/Run App/Run App byID' successfully

2021-12-01 09:45:30 - [TEST_CASE][PASSED] - Test Cases/Mobile/Page/Run App/Run App byID: Test Cases/Mobile/Page/Run App/Run App byID

2021-12-01 09:45:30 - [TEST_STEP][PASSED] - startApp.OpenApp.startApplication("id.co.miraeasset.sageclub"): startApp.OpenApp.startApplication is PASSED

2021-12-01 09:45:42 - [MESSAGE][PASSED] - Starting app with application ID: 'id.co.miraeasset.sageclub'

2021-12-01 09:45:42 - [MESSAGE][PASSED] - startApp.OpenApp.startApplication is PASSED

2021-12-01 09:45:42 - [MESSAGE][PASSED] - Call Test Case 'Test Cases/Mobile/Page/Run App/Run App byID' successfully

2021-12-01 09:45:42 - [TEST_STEP][PASSED] - callTestCase(findTestCase("Mobile/Page/Portfolio/Portfolio"), ["tab":"summary", "action":"perf_quarter"], STOP_ON_FAILURE): Call Test Case 'Test Cases/Mobile/Page/Portfolio/Portfolio' successfully

2021-12-01 09:45:42 - [TEST_CASE][PASSED] - Test Cases/Mobile/Page/Portfolio/Portfolio: Test Cases/Mobile/Page/Portfolio/Portfolio

2021-12-01 09:45:42 - [TEST_STEP][PASSED] - loginCheck = verifyElementExist(findTestObject("Object Repository/Mobile/Page/Login/Button - Login"), 2, CONTINUE_ON_FAILURE): Element 'Object Repository/Mobile/Page/Login/Button - Login' is exist

2021-12-01 09:45:44 - [MESSAGE][PASSED] - Element 'Object Repository/Mobile/Page/Login/Button - Login' is exist

2021-12-01 09:45:44 - [TEST_STEP][PASSED] - if (loginCheck): Call Test Case 'Test Cases/Mobile/Page/Login/Login' successfully

2021-12-01 09:45:44 - [TEST_STEP][PASSED] - callTestCase(findTestCase("Mobile/Page/Login/Login"), [:], CONTINUE_ON_FAILURE): Call Test Case 'Test Cases/Mobile/Page/Login/Login' successfully

2021-12-01 09:45:44 - [TEST_CASE][PASSED] - Test Cases/Mobile/Page/Login/Login: Test Cases/Mobile/Page/Login/Login

2021-12-01 09:45:44 - [TEST_STEP][PASSED] - delay(2): Delayed 2 second(s)

2021-12-01 09:45:46 - [MESSAGE][PASSED] - Delayed 2 second(s)

2021-12-01 09:45:46 - [TEST_STEP][PASSED] - tap(findTestObject("Object Repository/Mobile/Page/Login/Input - UserID"), 0): Tapped on element 'Object Repository/Mobile/Page/Login/Input - UserID'

2021-12-01 09:45:46 - [MESSAGE][WARNING] - Timeout '0' is invalid. Using default page load timeout: '60'

2021-12-01 09:45:47 - [MESSAGE][PASSED] - Tapped on element 'Object Repository/Mobile/Page/Login/Input - UserID'

2021-12-01 09:45:47 - [TEST_STEP][PASSED] - delay(1): Delayed 1 second(s)

2021-12-01 09:45:48 - [MESSAGE][PASSED] - Delayed 1 second(s)

2021-12-01 09:45:48 - [TEST_STEP][PASSED] - setText(findTestObject("Object Repository/Mobile/Page/Login/Input Rdy - UserID"), "anggaaditya", 0): Text 'anggaaditya' has been set to element 'Object Repository/Mobile/Page/Login/Input Rdy - UserID'

2021-12-01 09:45:48 - [MESSAGE][WARNING] - Timeout '0' is invalid. Using default page load timeout: '60'

2021-12-01 09:45:49 - [MESSAGE][PASSED] - Text 'anggaaditya' has been set to element 'Object Repository/Mobile/Page/Login/Input Rdy - UserID'

2021-12-01 09:45:49 - [TEST_STEP][PASSED] - delay(1): Delayed 1 second(s)

2021-12-01 09:45:50 - [MESSAGE][PASSED] - Delayed 1 second(s)

2021-12-01 09:45:50 - [TEST_STEP][PASSED] - hideKeyboard(): Keyboard is hidden

2021-12-01 09:45:54 - [MESSAGE][PASSED] - Keyboard is hidden

2021-12-01 09:45:54 - [TEST_STEP][PASSED] - tap(findTestObject("Object Repository/Mobile/Page/Login/Input - Password"), 0): Tapped on element 'Object Repository/Mobile/Page/Login/Input - Password'

2021-12-01 09:45:54 - [MESSAGE][WARNING] - Timeout '0' is invalid. Using default page load timeout: '60'

2021-12-01 09:45:54 - [MESSAGE][PASSED] - Tapped on element 'Object Repository/Mobile/Page/Login/Input - Password'

2021-12-01 09:45:54 - [TEST_STEP][PASSED] - delay(1): Delayed 1 second(s)

2021-12-01 09:45:55 - [MESSAGE][PASSED] - Delayed 1 second(s)

2021-12-01 09:45:55 - [TEST_STEP][PASSED] - setText(findTestObject("Object Repository/Mobile/Page/Login/Input Rdy - Password"), "Shalawa18", 0): Text 'Shalawa18' has been set to element 'Object Repository/Mobile/Page/Login/Input Rdy - Password'

2021-12-01 09:45:55 - [MESSAGE][WARNING] - Timeout '0' is invalid. Using default page load timeout: '60'

2021-12-01 09:45:56 - [MESSAGE][PASSED] - Text 'Shalawa18' has been set to element 'Object Repository/Mobile/Page/Login/Input Rdy - Password'

2021-12-01 09:45:56 - [TEST_STEP][PASSED] - delay(1): Delayed 1 second(s)

2021-12-01 09:45:57 - [MESSAGE][PASSED] - Delayed 1 second(s)

2021-12-01 09:45:57 - [TEST_STEP][PASSED] - hideKeyboard(): Keyboard is hidden

2021-12-01 09:46:03 - [MESSAGE][PASSED] - Keyboard is hidden

2021-12-01 09:46:03 - [TEST_STEP][PASSED] - tap(findTestObject("Object Repository/Mobile/Page/Login/Button - Login"), 0): Tapped on element 'Object Repository/Mobile/Page/Login/Button - Login'

2021-12-01 09:46:03 - [MESSAGE][WARNING] - Timeout '0' is invalid. Using default page load timeout: '60'

2021-12-01 09:46:05 - [MESSAGE][PASSED] - Tapped on element 'Object Repository/Mobile/Page/Login/Button - Login'

2021-12-01 09:46:05 - [TEST_STEP][PASSED] - delay(2): Delayed 2 second(s)

2021-12-01 09:46:07 - [MESSAGE][PASSED] - Delayed 2 second(s)

2021-12-01 09:46:07 - [MESSAGE][PASSED] - Call Test Case 'Test Cases/Mobile/Page/Login/Login' successfully

2021-12-01 09:46:07 - [TEST_STEP][PASSED] - tap(findTestObject("Object Repository/Mobile/Page/Home/Menubar - Portfolio"), 0): Tapped on element 'Object Repository/Mobile/Page/Home/Menubar - Portfolio'

2021-12-01 09:46:07 - [MESSAGE][WARNING] - Timeout '0' is invalid. Using default page load timeout: '60'

2021-12-01 09:46:07 - [MESSAGE][PASSED] - Tapped on element 'Object Repository/Mobile/Page/Home/Menubar - Portfolio'

2021-12-01 09:46:07 - [TEST_STEP][PASSED] - delay(1): Delayed 1 second(s)

2021-12-01 09:46:08 - [MESSAGE][PASSED] - Delayed 1 second(s)

2021-12-01 09:46:08 - [TEST_STEP][PASSED] - for ([i = 0, i < 1, (i++)]): Delayed 3 second(s)

2021-12-01 09:46:08 - [TEST_STEP][PASSED] - if (tab == "summary"): Delayed 3 second(s)

2021-12-01 09:46:08 - [TEST_STEP][PASSED] - if (action == "summary"): null

2021-12-01 09:46:08 - [TEST_STEP][PASSED] - else if (action == "perf_daily"): null

2021-12-01 09:46:08 - [TEST_STEP][PASSED] - else if (action == "perf_month"): null

2021-12-01 09:46:08 - [TEST_STEP][PASSED] - else if (action == "perf_quarter"): Delayed 3 second(s)

2021-12-01 09:46:08 - [TEST_STEP][PASSED] - scroll.scroll.scrollScreenBottomToTop(): scroll.scroll.scrollScreenBottomToTop is PASSED

2021-12-01 09:46:09 - [MESSAGE][PASSED] - Current device physical height is 1423

2021-12-01 09:46:09 - [MESSAGE][PASSED] - Current device physical width is 720

2021-12-01 09:46:10 - [MESSAGE][PASSED] - Swiped from 360,1,138 to 360,284

2021-12-01 09:46:10 - [MESSAGE][PASSED] - scroll.scroll.scrollScreenBottomToTop is PASSED

2021-12-01 09:46:10 - [TEST_STEP][PASSED] - delay(1): Delayed 1 second(s)

2021-12-01 09:46:11 - [MESSAGE][PASSED] - Delayed 1 second(s)

2021-12-01 09:46:11 - [TEST_STEP][PASSED] - tap(findTestObject("Object Repository/Mobile/Page/Portfolio/Button - Tab Quarter to Date"), 0): Tapped on element 'Object Repository/Mobile/Page/Portfolio/Button - Tab Quarter to Date'

2021-12-01 09:46:11 - [MESSAGE][WARNING] - Timeout '0' is invalid. Using default page load timeout: '60'

2021-12-01 09:46:12 - [MESSAGE][PASSED] - Tapped on element 'Object Repository/Mobile/Page/Portfolio/Button - Tab Quarter to Date'

2021-12-01 09:46:12 - [TEST_STEP][PASSED] - delay(1): Delayed 1 second(s)

2021-12-01 09:46:13 - [MESSAGE][PASSED] - Delayed 1 second(s)

2021-12-01 09:46:13 - [TEST_STEP][PASSED] - tap(findTestObject("Mobile/Page/Portfolio/Button - IDR"), 0): Tapped on element 'Object Repository/Mobile/Page/Portfolio/Button - IDR'

2021-12-01 09:46:13 - [MESSAGE][WARNING] - Timeout '0' is invalid. Using default page load timeout: '60'

2021-12-01 09:46:13 - [MESSAGE][PASSED] - Tapped on element 'Object Repository/Mobile/Page/Portfolio/Button - IDR'

2021-12-01 09:46:13 - [TEST_STEP][PASSED] - delay(3): Delayed 3 second(s)

2021-12-01 09:46:16 - [MESSAGE][PASSED] - Delayed 3 second(s)

2021-12-01 09:46:16 - [TEST_STEP][PASSED] - tap(findTestObject("Mobile/Page/Portfolio/Button - Persen"), 0): Tapped on element 'Object Repository/Mobile/Page/Portfolio/Button - Persen'

2021-12-01 09:46:17 - [MESSAGE][WARNING] - Timeout '0' is invalid. Using default page load timeout: '60'

2021-12-01 09:46:17 - [MESSAGE][PASSED] - Tapped on element 'Object Repository/Mobile/Page/Portfolio/Button - Persen'

2021-12-01 09:46:17 - [TEST_STEP][PASSED] - delay(3): Delayed 3 second(s)

2021-12-01 09:46:20 - [MESSAGE][PASSED] - Delayed 3 second(s)

2021-12-01 09:46:20 - [MESSAGE][PASSED] - Call Test Case 'Test Cases/Mobile/Page/Portfolio/Portfolio' successfully

2021-12-01 09:46:20 - [TEST_STEP][PASSED] - callTestCase(findTestCase("Mobile/Page/Run App/Terminate App"), [:], STOP_ON_FAILURE): Call Test Case 'Test Cases/Mobile/Page/Run App/Terminate App' successfully

2021-12-01 09:46:20 - [TEST_CASE][PASSED] - Test Cases/Mobile/Page/Run App/Terminate App: Test Cases/Mobile/Page/Run App/Terminate App

2021-12-01 09:46:20 - [TEST_STEP][PASSED] - startApp.OpenApp.terminateApplication(): startApp.OpenApp.terminateApplication is PASSED

2021-12-01 09:46:23 - [MESSAGE][PASSED] - Delayed 3 second(s)

2021-12-01 09:46:23 - [MESSAGE][PASSED] - Current device physical width is 720

2021-12-01 09:46:24 - [MESSAGE][PASSED] - Current device physical height is 1423

2021-12-01 09:46:25 - [MESSAGE][PASSED] - Swiped from 360,853 to 360,142

2021-12-01 09:46:26 - [MESSAGE][PASSED] - Delayed 1 second(s)

2021-12-01 09:46:27 - [MESSAGE][PASSED] - Swiped from 360,853 to 360,142

2021-12-01 09:46:30 - [MESSAGE][PASSED] - Delayed 3 second(s)

2021-12-01 09:46:30 - [MESSAGE][PASSED] - startApp.OpenApp.terminateApplication is PASSED

2021-12-01 09:46:30 - [MESSAGE][PASSED] - Call Test Case 'Test Cases/Mobile/Page/Run App/Terminate App' successfully]]></system-out>
         <system-err><![CDATA[]]></system-err>
      </testcase>
      <testcase name="Test Cases/Mobile/Scenario/Portfolio/005 - Portfolio Performance Year" time="62.365" classname="Test Cases/Mobile/Scenario/Portfolio/005 - Portfolio Performance Year" status="PASSED">
         <system-out><![CDATA[2021-12-01 09:46:30 - [TEST_CASE][PASSED] - Test Cases/Mobile/Scenario/Portfolio/005 - Portfolio Performance Year: Test Cases/Mobile/Scenario/Portfolio/005 - Portfolio Performance Year

2021-12-01 09:46:31 - [TEST_STEP][PASSED] - callTestCase(findTestCase("Mobile/Page/Run App/Run App byID"), [:], STOP_ON_FAILURE): Call Test Case 'Test Cases/Mobile/Page/Run App/Run App byID' successfully

2021-12-01 09:46:31 - [TEST_CASE][PASSED] - Test Cases/Mobile/Page/Run App/Run App byID: Test Cases/Mobile/Page/Run App/Run App byID

2021-12-01 09:46:31 - [TEST_STEP][PASSED] - startApp.OpenApp.startApplication("id.co.miraeasset.sageclub"): startApp.OpenApp.startApplication is PASSED

2021-12-01 09:46:43 - [MESSAGE][PASSED] - Starting app with application ID: 'id.co.miraeasset.sageclub'

2021-12-01 09:46:43 - [MESSAGE][PASSED] - startApp.OpenApp.startApplication is PASSED

2021-12-01 09:46:43 - [MESSAGE][PASSED] - Call Test Case 'Test Cases/Mobile/Page/Run App/Run App byID' successfully

2021-12-01 09:46:43 - [TEST_STEP][PASSED] - callTestCase(findTestCase("Mobile/Page/Portfolio/Portfolio"), ["tab":"summary", "action":"perf_year"], STOP_ON_FAILURE): Call Test Case 'Test Cases/Mobile/Page/Portfolio/Portfolio' successfully

2021-12-01 09:46:43 - [TEST_CASE][PASSED] - Test Cases/Mobile/Page/Portfolio/Portfolio: Test Cases/Mobile/Page/Portfolio/Portfolio

2021-12-01 09:46:43 - [TEST_STEP][PASSED] - loginCheck = verifyElementExist(findTestObject("Object Repository/Mobile/Page/Login/Button - Login"), 2, CONTINUE_ON_FAILURE): Element 'Object Repository/Mobile/Page/Login/Button - Login' is exist

2021-12-01 09:46:45 - [MESSAGE][PASSED] - Element 'Object Repository/Mobile/Page/Login/Button - Login' is exist

2021-12-01 09:46:45 - [TEST_STEP][PASSED] - if (loginCheck): Call Test Case 'Test Cases/Mobile/Page/Login/Login' successfully

2021-12-01 09:46:45 - [TEST_STEP][PASSED] - callTestCase(findTestCase("Mobile/Page/Login/Login"), [:], CONTINUE_ON_FAILURE): Call Test Case 'Test Cases/Mobile/Page/Login/Login' successfully

2021-12-01 09:46:45 - [TEST_CASE][PASSED] - Test Cases/Mobile/Page/Login/Login: Test Cases/Mobile/Page/Login/Login

2021-12-01 09:46:45 - [TEST_STEP][PASSED] - delay(2): Delayed 2 second(s)

2021-12-01 09:46:47 - [MESSAGE][PASSED] - Delayed 2 second(s)

2021-12-01 09:46:47 - [TEST_STEP][PASSED] - tap(findTestObject("Object Repository/Mobile/Page/Login/Input - UserID"), 0): Tapped on element 'Object Repository/Mobile/Page/Login/Input - UserID'

2021-12-01 09:46:47 - [MESSAGE][WARNING] - Timeout '0' is invalid. Using default page load timeout: '60'

2021-12-01 09:46:48 - [MESSAGE][PASSED] - Tapped on element 'Object Repository/Mobile/Page/Login/Input - UserID'

2021-12-01 09:46:48 - [TEST_STEP][PASSED] - delay(1): Delayed 1 second(s)

2021-12-01 09:46:49 - [MESSAGE][PASSED] - Delayed 1 second(s)

2021-12-01 09:46:49 - [TEST_STEP][PASSED] - setText(findTestObject("Object Repository/Mobile/Page/Login/Input Rdy - UserID"), "anggaaditya", 0): Text 'anggaaditya' has been set to element 'Object Repository/Mobile/Page/Login/Input Rdy - UserID'

2021-12-01 09:46:49 - [MESSAGE][WARNING] - Timeout '0' is invalid. Using default page load timeout: '60'

2021-12-01 09:46:50 - [MESSAGE][PASSED] - Text 'anggaaditya' has been set to element 'Object Repository/Mobile/Page/Login/Input Rdy - UserID'

2021-12-01 09:46:50 - [TEST_STEP][PASSED] - delay(1): Delayed 1 second(s)

2021-12-01 09:46:51 - [MESSAGE][PASSED] - Delayed 1 second(s)

2021-12-01 09:46:51 - [TEST_STEP][PASSED] - hideKeyboard(): Keyboard is hidden

2021-12-01 09:46:54 - [MESSAGE][PASSED] - Keyboard is hidden

2021-12-01 09:46:54 - [TEST_STEP][PASSED] - tap(findTestObject("Object Repository/Mobile/Page/Login/Input - Password"), 0): Tapped on element 'Object Repository/Mobile/Page/Login/Input - Password'

2021-12-01 09:46:54 - [MESSAGE][WARNING] - Timeout '0' is invalid. Using default page load timeout: '60'

2021-12-01 09:46:56 - [MESSAGE][PASSED] - Tapped on element 'Object Repository/Mobile/Page/Login/Input - Password'

2021-12-01 09:46:56 - [TEST_STEP][PASSED] - delay(1): Delayed 1 second(s)

2021-12-01 09:46:57 - [MESSAGE][PASSED] - Delayed 1 second(s)

2021-12-01 09:46:57 - [TEST_STEP][PASSED] - setText(findTestObject("Object Repository/Mobile/Page/Login/Input Rdy - Password"), "Shalawa18", 0): Text 'Shalawa18' has been set to element 'Object Repository/Mobile/Page/Login/Input Rdy - Password'

2021-12-01 09:46:57 - [MESSAGE][WARNING] - Timeout '0' is invalid. Using default page load timeout: '60'

2021-12-01 09:46:58 - [MESSAGE][PASSED] - Text 'Shalawa18' has been set to element 'Object Repository/Mobile/Page/Login/Input Rdy - Password'

2021-12-01 09:46:58 - [TEST_STEP][PASSED] - delay(1): Delayed 1 second(s)

2021-12-01 09:46:59 - [MESSAGE][PASSED] - Delayed 1 second(s)

2021-12-01 09:46:59 - [TEST_STEP][PASSED] - hideKeyboard(): Keyboard is hidden

2021-12-01 09:47:05 - [MESSAGE][PASSED] - Keyboard is hidden

2021-12-01 09:47:05 - [TEST_STEP][PASSED] - tap(findTestObject("Object Repository/Mobile/Page/Login/Button - Login"), 0): Tapped on element 'Object Repository/Mobile/Page/Login/Button - Login'

2021-12-01 09:47:05 - [MESSAGE][WARNING] - Timeout '0' is invalid. Using default page load timeout: '60'

2021-12-01 09:47:07 - [MESSAGE][PASSED] - Tapped on element 'Object Repository/Mobile/Page/Login/Button - Login'

2021-12-01 09:47:07 - [TEST_STEP][PASSED] - delay(2): Delayed 2 second(s)

2021-12-01 09:47:09 - [MESSAGE][PASSED] - Delayed 2 second(s)

2021-12-01 09:47:09 - [MESSAGE][PASSED] - Call Test Case 'Test Cases/Mobile/Page/Login/Login' successfully

2021-12-01 09:47:09 - [TEST_STEP][PASSED] - tap(findTestObject("Object Repository/Mobile/Page/Home/Menubar - Portfolio"), 0): Tapped on element 'Object Repository/Mobile/Page/Home/Menubar - Portfolio'

2021-12-01 09:47:09 - [MESSAGE][WARNING] - Timeout '0' is invalid. Using default page load timeout: '60'

2021-12-01 09:47:09 - [MESSAGE][PASSED] - Tapped on element 'Object Repository/Mobile/Page/Home/Menubar - Portfolio'

2021-12-01 09:47:09 - [TEST_STEP][PASSED] - delay(1): Delayed 1 second(s)

2021-12-01 09:47:10 - [MESSAGE][PASSED] - Delayed 1 second(s)

2021-12-01 09:47:10 - [TEST_STEP][PASSED] - for ([i = 0, i < 1, (i++)]): Delayed 3 second(s)

2021-12-01 09:47:10 - [TEST_STEP][PASSED] - if (tab == "summary"): Delayed 3 second(s)

2021-12-01 09:47:10 - [TEST_STEP][PASSED] - if (action == "summary"): null

2021-12-01 09:47:10 - [TEST_STEP][PASSED] - else if (action == "perf_daily"): null

2021-12-01 09:47:10 - [TEST_STEP][PASSED] - else if (action == "perf_month"): null

2021-12-01 09:47:10 - [TEST_STEP][PASSED] - else if (action == "perf_quarter"): null

2021-12-01 09:47:10 - [TEST_STEP][PASSED] - else if (action == "perf_year"): Delayed 3 second(s)

2021-12-01 09:47:10 - [TEST_STEP][PASSED] - scroll.scroll.scrollScreenBottomToTop(): scroll.scroll.scrollScreenBottomToTop is PASSED

2021-12-01 09:47:11 - [MESSAGE][PASSED] - Current device physical height is 1423

2021-12-01 09:47:11 - [MESSAGE][PASSED] - Current device physical width is 720

2021-12-01 09:47:12 - [MESSAGE][PASSED] - Swiped from 360,1,138 to 360,284

2021-12-01 09:47:12 - [MESSAGE][PASSED] - scroll.scroll.scrollScreenBottomToTop is PASSED

2021-12-01 09:47:12 - [TEST_STEP][PASSED] - delay(1): Delayed 1 second(s)

2021-12-01 09:47:13 - [MESSAGE][PASSED] - Delayed 1 second(s)

2021-12-01 09:47:13 - [TEST_STEP][PASSED] - tap(findTestObject("Object Repository/Mobile/Page/Portfolio/Button - Tab Year to Date"), 0): Tapped on element 'Object Repository/Mobile/Page/Portfolio/Button - Tab Year to Date'

2021-12-01 09:47:13 - [MESSAGE][WARNING] - Timeout '0' is invalid. Using default page load timeout: '60'

2021-12-01 09:47:14 - [MESSAGE][PASSED] - Tapped on element 'Object Repository/Mobile/Page/Portfolio/Button - Tab Year to Date'

2021-12-01 09:47:14 - [TEST_STEP][PASSED] - delay(1): Delayed 1 second(s)

2021-12-01 09:47:15 - [MESSAGE][PASSED] - Delayed 1 second(s)

2021-12-01 09:47:15 - [TEST_STEP][PASSED] - tap(findTestObject("Mobile/Page/Portfolio/Button - IDR"), 0): Tapped on element 'Object Repository/Mobile/Page/Portfolio/Button - IDR'

2021-12-01 09:47:15 - [MESSAGE][WARNING] - Timeout '0' is invalid. Using default page load timeout: '60'

2021-12-01 09:47:16 - [MESSAGE][PASSED] - Tapped on element 'Object Repository/Mobile/Page/Portfolio/Button - IDR'

2021-12-01 09:47:16 - [TEST_STEP][PASSED] - delay(3): Delayed 3 second(s)

2021-12-01 09:47:19 - [MESSAGE][PASSED] - Delayed 3 second(s)

2021-12-01 09:47:19 - [TEST_STEP][PASSED] - tap(findTestObject("Mobile/Page/Portfolio/Button - Persen"), 0): Tapped on element 'Object Repository/Mobile/Page/Portfolio/Button - Persen'

2021-12-01 09:47:19 - [MESSAGE][WARNING] - Timeout '0' is invalid. Using default page load timeout: '60'

2021-12-01 09:47:19 - [MESSAGE][PASSED] - Tapped on element 'Object Repository/Mobile/Page/Portfolio/Button - Persen'

2021-12-01 09:47:19 - [TEST_STEP][PASSED] - delay(3): Delayed 3 second(s)

2021-12-01 09:47:23 - [MESSAGE][PASSED] - Delayed 3 second(s)

2021-12-01 09:47:23 - [MESSAGE][PASSED] - Call Test Case 'Test Cases/Mobile/Page/Portfolio/Portfolio' successfully

2021-12-01 09:47:23 - [TEST_STEP][PASSED] - callTestCase(findTestCase("Mobile/Page/Run App/Terminate App"), [:], STOP_ON_FAILURE): Call Test Case 'Test Cases/Mobile/Page/Run App/Terminate App' successfully

2021-12-01 09:47:23 - [TEST_CASE][PASSED] - Test Cases/Mobile/Page/Run App/Terminate App: Test Cases/Mobile/Page/Run App/Terminate App

2021-12-01 09:47:23 - [TEST_STEP][PASSED] - startApp.OpenApp.terminateApplication(): startApp.OpenApp.terminateApplication is PASSED

2021-12-01 09:47:26 - [MESSAGE][PASSED] - Delayed 3 second(s)

2021-12-01 09:47:26 - [MESSAGE][PASSED] - Current device physical width is 720

2021-12-01 09:47:26 - [MESSAGE][PASSED] - Current device physical height is 1423

2021-12-01 09:47:27 - [MESSAGE][PASSED] - Swiped from 360,853 to 360,142

2021-12-01 09:47:28 - [MESSAGE][PASSED] - Delayed 1 second(s)

2021-12-01 09:47:30 - [MESSAGE][PASSED] - Swiped from 360,853 to 360,142

2021-12-01 09:47:33 - [MESSAGE][PASSED] - Delayed 3 second(s)

2021-12-01 09:47:33 - [MESSAGE][PASSED] - startApp.OpenApp.terminateApplication is PASSED

2021-12-01 09:47:33 - [MESSAGE][PASSED] - Call Test Case 'Test Cases/Mobile/Page/Run App/Terminate App' successfully]]></system-out>
         <system-err><![CDATA[]]></system-err>
      </testcase>
      <testcase name="Test Cases/Mobile/Scenario/Portfolio/006 - Portfolio Stock" time="53.725" classname="Test Cases/Mobile/Scenario/Portfolio/006 - Portfolio Stock" status="PASSED">
         <system-out><![CDATA[2021-12-01 09:47:33 - [TEST_CASE][PASSED] - Test Cases/Mobile/Scenario/Portfolio/006 - Portfolio Stock: Test Cases/Mobile/Scenario/Portfolio/006 - Portfolio Stock

2021-12-01 09:47:33 - [TEST_STEP][PASSED] - callTestCase(findTestCase("Mobile/Page/Run App/Run App byID"), [:], STOP_ON_FAILURE): Call Test Case 'Test Cases/Mobile/Page/Run App/Run App byID' successfully

2021-12-01 09:47:33 - [TEST_CASE][PASSED] - Test Cases/Mobile/Page/Run App/Run App byID: Test Cases/Mobile/Page/Run App/Run App byID

2021-12-01 09:47:33 - [TEST_STEP][PASSED] - startApp.OpenApp.startApplication("id.co.miraeasset.sageclub"): startApp.OpenApp.startApplication is PASSED

2021-12-01 09:47:45 - [MESSAGE][PASSED] - Starting app with application ID: 'id.co.miraeasset.sageclub'

2021-12-01 09:47:45 - [MESSAGE][PASSED] - startApp.OpenApp.startApplication is PASSED

2021-12-01 09:47:45 - [MESSAGE][PASSED] - Call Test Case 'Test Cases/Mobile/Page/Run App/Run App byID' successfully

2021-12-01 09:47:45 - [TEST_STEP][PASSED] - callTestCase(findTestCase("Mobile/Page/Portfolio/Portfolio"), ["tab":"stock", "action":"none"], STOP_ON_FAILURE): Call Test Case 'Test Cases/Mobile/Page/Portfolio/Portfolio' successfully

2021-12-01 09:47:45 - [TEST_CASE][PASSED] - Test Cases/Mobile/Page/Portfolio/Portfolio: Test Cases/Mobile/Page/Portfolio/Portfolio

2021-12-01 09:47:45 - [TEST_STEP][PASSED] - loginCheck = verifyElementExist(findTestObject("Object Repository/Mobile/Page/Login/Button - Login"), 2, CONTINUE_ON_FAILURE): Element 'Object Repository/Mobile/Page/Login/Button - Login' is exist

2021-12-01 09:47:47 - [MESSAGE][PASSED] - Element 'Object Repository/Mobile/Page/Login/Button - Login' is exist

2021-12-01 09:47:47 - [TEST_STEP][PASSED] - if (loginCheck): Call Test Case 'Test Cases/Mobile/Page/Login/Login' successfully

2021-12-01 09:47:47 - [TEST_STEP][PASSED] - callTestCase(findTestCase("Mobile/Page/Login/Login"), [:], CONTINUE_ON_FAILURE): Call Test Case 'Test Cases/Mobile/Page/Login/Login' successfully

2021-12-01 09:47:47 - [TEST_CASE][PASSED] - Test Cases/Mobile/Page/Login/Login: Test Cases/Mobile/Page/Login/Login

2021-12-01 09:47:47 - [TEST_STEP][PASSED] - delay(2): Delayed 2 second(s)

2021-12-01 09:47:49 - [MESSAGE][PASSED] - Delayed 2 second(s)

2021-12-01 09:47:49 - [TEST_STEP][PASSED] - tap(findTestObject("Object Repository/Mobile/Page/Login/Input - UserID"), 0): Tapped on element 'Object Repository/Mobile/Page/Login/Input - UserID'

2021-12-01 09:47:49 - [MESSAGE][WARNING] - Timeout '0' is invalid. Using default page load timeout: '60'

2021-12-01 09:47:50 - [MESSAGE][PASSED] - Tapped on element 'Object Repository/Mobile/Page/Login/Input - UserID'

2021-12-01 09:47:50 - [TEST_STEP][PASSED] - delay(1): Delayed 1 second(s)

2021-12-01 09:47:51 - [MESSAGE][PASSED] - Delayed 1 second(s)

2021-12-01 09:47:51 - [TEST_STEP][PASSED] - setText(findTestObject("Object Repository/Mobile/Page/Login/Input Rdy - UserID"), "anggaaditya", 0): Text 'anggaaditya' has been set to element 'Object Repository/Mobile/Page/Login/Input Rdy - UserID'

2021-12-01 09:47:51 - [MESSAGE][WARNING] - Timeout '0' is invalid. Using default page load timeout: '60'

2021-12-01 09:47:52 - [MESSAGE][PASSED] - Text 'anggaaditya' has been set to element 'Object Repository/Mobile/Page/Login/Input Rdy - UserID'

2021-12-01 09:47:52 - [TEST_STEP][PASSED] - delay(1): Delayed 1 second(s)

2021-12-01 09:47:53 - [MESSAGE][PASSED] - Delayed 1 second(s)

2021-12-01 09:47:53 - [TEST_STEP][PASSED] - hideKeyboard(): Keyboard is hidden

2021-12-01 09:47:56 - [MESSAGE][PASSED] - Keyboard is hidden

2021-12-01 09:47:56 - [TEST_STEP][PASSED] - tap(findTestObject("Object Repository/Mobile/Page/Login/Input - Password"), 0): Tapped on element 'Object Repository/Mobile/Page/Login/Input - Password'

2021-12-01 09:47:56 - [MESSAGE][WARNING] - Timeout '0' is invalid. Using default page load timeout: '60'

2021-12-01 09:47:57 - [MESSAGE][PASSED] - Tapped on element 'Object Repository/Mobile/Page/Login/Input - Password'

2021-12-01 09:47:57 - [TEST_STEP][PASSED] - delay(1): Delayed 1 second(s)

2021-12-01 09:47:58 - [MESSAGE][PASSED] - Delayed 1 second(s)

2021-12-01 09:47:58 - [TEST_STEP][PASSED] - setText(findTestObject("Object Repository/Mobile/Page/Login/Input Rdy - Password"), "Shalawa18", 0): Text 'Shalawa18' has been set to element 'Object Repository/Mobile/Page/Login/Input Rdy - Password'

2021-12-01 09:47:58 - [MESSAGE][WARNING] - Timeout '0' is invalid. Using default page load timeout: '60'

2021-12-01 09:47:59 - [MESSAGE][PASSED] - Text 'Shalawa18' has been set to element 'Object Repository/Mobile/Page/Login/Input Rdy - Password'

2021-12-01 09:47:59 - [TEST_STEP][PASSED] - delay(1): Delayed 1 second(s)

2021-12-01 09:48:00 - [MESSAGE][PASSED] - Delayed 1 second(s)

2021-12-01 09:48:00 - [TEST_STEP][PASSED] - hideKeyboard(): Keyboard is hidden

2021-12-01 09:48:06 - [MESSAGE][PASSED] - Keyboard is hidden

2021-12-01 09:48:06 - [TEST_STEP][PASSED] - tap(findTestObject("Object Repository/Mobile/Page/Login/Button - Login"), 0): Tapped on element 'Object Repository/Mobile/Page/Login/Button - Login'

2021-12-01 09:48:06 - [MESSAGE][WARNING] - Timeout '0' is invalid. Using default page load timeout: '60'

2021-12-01 09:48:07 - [MESSAGE][PASSED] - Tapped on element 'Object Repository/Mobile/Page/Login/Button - Login'

2021-12-01 09:48:07 - [TEST_STEP][PASSED] - delay(2): Delayed 2 second(s)

2021-12-01 09:48:09 - [MESSAGE][PASSED] - Delayed 2 second(s)

2021-12-01 09:48:09 - [MESSAGE][PASSED] - Call Test Case 'Test Cases/Mobile/Page/Login/Login' successfully

2021-12-01 09:48:09 - [TEST_STEP][PASSED] - tap(findTestObject("Object Repository/Mobile/Page/Home/Menubar - Portfolio"), 0): Tapped on element 'Object Repository/Mobile/Page/Home/Menubar - Portfolio'

2021-12-01 09:48:09 - [MESSAGE][WARNING] - Timeout '0' is invalid. Using default page load timeout: '60'

2021-12-01 09:48:10 - [MESSAGE][PASSED] - Tapped on element 'Object Repository/Mobile/Page/Home/Menubar - Portfolio'

2021-12-01 09:48:10 - [TEST_STEP][PASSED] - delay(1): Delayed 1 second(s)

2021-12-01 09:48:11 - [MESSAGE][PASSED] - Delayed 1 second(s)

2021-12-01 09:48:11 - [TEST_STEP][PASSED] - for ([i = 0, i < 1, (i++)]): Delayed 3 second(s)

2021-12-01 09:48:11 - [TEST_STEP][PASSED] - if (tab == "summary"): null

2021-12-01 09:48:11 - [TEST_STEP][PASSED] - else if (tab == "stock"): Delayed 3 second(s)

2021-12-01 09:48:11 - [TEST_STEP][PASSED] - tap(findTestObject("Object Repository/Mobile/Page/Portfolio/Tab - Stock"), 0): Tapped on element 'Object Repository/Mobile/Page/Portfolio/Tab - Stock'

2021-12-01 09:48:11 - [MESSAGE][WARNING] - Timeout '0' is invalid. Using default page load timeout: '60'

2021-12-01 09:48:11 - [MESSAGE][PASSED] - Tapped on element 'Object Repository/Mobile/Page/Portfolio/Tab - Stock'

2021-12-01 09:48:11 - [TEST_STEP][PASSED] - scroll.scroll.scrollScreenBottomToTop(): scroll.scroll.scrollScreenBottomToTop is PASSED

2021-12-01 09:48:12 - [MESSAGE][PASSED] - Current device physical height is 1423

2021-12-01 09:48:12 - [MESSAGE][PASSED] - Current device physical width is 720

2021-12-01 09:48:13 - [MESSAGE][PASSED] - Swiped from 360,1,138 to 360,284

2021-12-01 09:48:13 - [MESSAGE][PASSED] - scroll.scroll.scrollScreenBottomToTop is PASSED

2021-12-01 09:48:13 - [TEST_STEP][PASSED] - delay(3): Delayed 3 second(s)

2021-12-01 09:48:16 - [MESSAGE][PASSED] - Delayed 3 second(s)

2021-12-01 09:48:16 - [MESSAGE][PASSED] - Call Test Case 'Test Cases/Mobile/Page/Portfolio/Portfolio' successfully

2021-12-01 09:48:16 - [TEST_STEP][PASSED] - callTestCase(findTestCase("Mobile/Page/Run App/Terminate App"), [:], STOP_ON_FAILURE): Call Test Case 'Test Cases/Mobile/Page/Run App/Terminate App' successfully

2021-12-01 09:48:16 - [TEST_CASE][PASSED] - Test Cases/Mobile/Page/Run App/Terminate App: Test Cases/Mobile/Page/Run App/Terminate App

2021-12-01 09:48:16 - [TEST_STEP][PASSED] - startApp.OpenApp.terminateApplication(): startApp.OpenApp.terminateApplication is PASSED

2021-12-01 09:48:19 - [MESSAGE][PASSED] - Delayed 3 second(s)

2021-12-01 09:48:20 - [MESSAGE][PASSED] - Current device physical width is 720

2021-12-01 09:48:20 - [MESSAGE][PASSED] - Current device physical height is 1423

2021-12-01 09:48:21 - [MESSAGE][PASSED] - Swiped from 360,853 to 360,142

2021-12-01 09:48:22 - [MESSAGE][PASSED] - Delayed 1 second(s)

2021-12-01 09:48:24 - [MESSAGE][PASSED] - Swiped from 360,853 to 360,142

2021-12-01 09:48:27 - [MESSAGE][PASSED] - Delayed 3 second(s)

2021-12-01 09:48:27 - [MESSAGE][PASSED] - startApp.OpenApp.terminateApplication is PASSED

2021-12-01 09:48:27 - [MESSAGE][PASSED] - Call Test Case 'Test Cases/Mobile/Page/Run App/Terminate App' successfully]]></system-out>
         <system-err><![CDATA[]]></system-err>
      </testcase>
      <testcase name="Test Cases/Mobile/Scenario/Portfolio/007 - Portfolio Mutual Fund" time="92.684" classname="Test Cases/Mobile/Scenario/Portfolio/007 - Portfolio Mutual Fund" status="PASSED">
         <system-out><![CDATA[2021-12-01 09:48:27 - [TEST_CASE][PASSED] - Test Cases/Mobile/Scenario/Portfolio/007 - Portfolio Mutual Fund: Test Cases/Mobile/Scenario/Portfolio/007 - Portfolio Mutual Fund

2021-12-01 09:48:27 - [TEST_STEP][PASSED] - callTestCase(findTestCase("Mobile/Page/Run App/Run App byID"), [:], STOP_ON_FAILURE): Call Test Case 'Test Cases/Mobile/Page/Run App/Run App byID' successfully

2021-12-01 09:48:27 - [TEST_CASE][PASSED] - Test Cases/Mobile/Page/Run App/Run App byID: Test Cases/Mobile/Page/Run App/Run App byID

2021-12-01 09:48:27 - [TEST_STEP][PASSED] - startApp.OpenApp.startApplication("id.co.miraeasset.sageclub"): startApp.OpenApp.startApplication is PASSED

2021-12-01 09:48:40 - [MESSAGE][PASSED] - Starting app with application ID: 'id.co.miraeasset.sageclub'

2021-12-01 09:48:40 - [MESSAGE][PASSED] - startApp.OpenApp.startApplication is PASSED

2021-12-01 09:48:40 - [MESSAGE][PASSED] - Call Test Case 'Test Cases/Mobile/Page/Run App/Run App byID' successfully

2021-12-01 09:48:40 - [TEST_STEP][PASSED] - callTestCase(findTestCase("Mobile/Page/Portfolio/Portfolio"), ["tab":"mutualfund", "action":"none"], STOP_ON_FAILURE): Call Test Case 'Test Cases/Mobile/Page/Portfolio/Portfolio' successfully

2021-12-01 09:48:40 - [TEST_CASE][PASSED] - Test Cases/Mobile/Page/Portfolio/Portfolio: Test Cases/Mobile/Page/Portfolio/Portfolio

2021-12-01 09:48:40 - [TEST_STEP][PASSED] - loginCheck = verifyElementExist(findTestObject("Object Repository/Mobile/Page/Login/Button - Login"), 2, CONTINUE_ON_FAILURE): Element 'Object Repository/Mobile/Page/Login/Button - Login' is exist

2021-12-01 09:48:42 - [MESSAGE][PASSED] - Element 'Object Repository/Mobile/Page/Login/Button - Login' is exist

2021-12-01 09:48:42 - [TEST_STEP][PASSED] - if (loginCheck): Call Test Case 'Test Cases/Mobile/Page/Login/Login' successfully

2021-12-01 09:48:42 - [TEST_STEP][PASSED] - callTestCase(findTestCase("Mobile/Page/Login/Login"), [:], CONTINUE_ON_FAILURE): Call Test Case 'Test Cases/Mobile/Page/Login/Login' successfully

2021-12-01 09:48:42 - [TEST_CASE][PASSED] - Test Cases/Mobile/Page/Login/Login: Test Cases/Mobile/Page/Login/Login

2021-12-01 09:48:42 - [TEST_STEP][PASSED] - delay(2): Delayed 2 second(s)

2021-12-01 09:48:44 - [MESSAGE][PASSED] - Delayed 2 second(s)

2021-12-01 09:48:44 - [TEST_STEP][PASSED] - tap(findTestObject("Object Repository/Mobile/Page/Login/Input - UserID"), 0): Tapped on element 'Object Repository/Mobile/Page/Login/Input - UserID'

2021-12-01 09:48:44 - [MESSAGE][WARNING] - Timeout '0' is invalid. Using default page load timeout: '60'

2021-12-01 09:48:44 - [MESSAGE][PASSED] - Tapped on element 'Object Repository/Mobile/Page/Login/Input - UserID'

2021-12-01 09:48:44 - [TEST_STEP][PASSED] - delay(1): Delayed 1 second(s)

2021-12-01 09:48:45 - [MESSAGE][PASSED] - Delayed 1 second(s)

2021-12-01 09:48:45 - [TEST_STEP][PASSED] - setText(findTestObject("Object Repository/Mobile/Page/Login/Input Rdy - UserID"), "anggaaditya", 0): Text 'anggaaditya' has been set to element 'Object Repository/Mobile/Page/Login/Input Rdy - UserID'

2021-12-01 09:48:46 - [MESSAGE][WARNING] - Timeout '0' is invalid. Using default page load timeout: '60'

2021-12-01 09:48:46 - [MESSAGE][PASSED] - Text 'anggaaditya' has been set to element 'Object Repository/Mobile/Page/Login/Input Rdy - UserID'

2021-12-01 09:48:46 - [TEST_STEP][PASSED] - delay(1): Delayed 1 second(s)

2021-12-01 09:48:47 - [MESSAGE][PASSED] - Delayed 1 second(s)

2021-12-01 09:48:47 - [TEST_STEP][PASSED] - hideKeyboard(): Keyboard is hidden

2021-12-01 09:48:51 - [MESSAGE][PASSED] - Keyboard is hidden

2021-12-01 09:48:51 - [TEST_STEP][PASSED] - tap(findTestObject("Object Repository/Mobile/Page/Login/Input - Password"), 0): Tapped on element 'Object Repository/Mobile/Page/Login/Input - Password'

2021-12-01 09:48:51 - [MESSAGE][WARNING] - Timeout '0' is invalid. Using default page load timeout: '60'

2021-12-01 09:48:52 - [MESSAGE][PASSED] - Tapped on element 'Object Repository/Mobile/Page/Login/Input - Password'

2021-12-01 09:48:52 - [TEST_STEP][PASSED] - delay(1): Delayed 1 second(s)

2021-12-01 09:48:53 - [MESSAGE][PASSED] - Delayed 1 second(s)

2021-12-01 09:48:53 - [TEST_STEP][PASSED] - setText(findTestObject("Object Repository/Mobile/Page/Login/Input Rdy - Password"), "Shalawa18", 0): Text 'Shalawa18' has been set to element 'Object Repository/Mobile/Page/Login/Input Rdy - Password'

2021-12-01 09:48:53 - [MESSAGE][WARNING] - Timeout '0' is invalid. Using default page load timeout: '60'

2021-12-01 09:48:53 - [MESSAGE][PASSED] - Text 'Shalawa18' has been set to element 'Object Repository/Mobile/Page/Login/Input Rdy - Password'

2021-12-01 09:48:53 - [TEST_STEP][PASSED] - delay(1): Delayed 1 second(s)

2021-12-01 09:48:54 - [MESSAGE][PASSED] - Delayed 1 second(s)

2021-12-01 09:48:54 - [TEST_STEP][PASSED] - hideKeyboard(): Keyboard is hidden

2021-12-01 09:49:01 - [MESSAGE][PASSED] - Keyboard is hidden

2021-12-01 09:49:01 - [TEST_STEP][PASSED] - tap(findTestObject("Object Repository/Mobile/Page/Login/Button - Login"), 0): Tapped on element 'Object Repository/Mobile/Page/Login/Button - Login'

2021-12-01 09:49:01 - [MESSAGE][WARNING] - Timeout '0' is invalid. Using default page load timeout: '60'

2021-12-01 09:49:02 - [MESSAGE][PASSED] - Tapped on element 'Object Repository/Mobile/Page/Login/Button - Login'

2021-12-01 09:49:02 - [TEST_STEP][PASSED] - delay(2): Delayed 2 second(s)

2021-12-01 09:49:04 - [MESSAGE][PASSED] - Delayed 2 second(s)

2021-12-01 09:49:04 - [MESSAGE][PASSED] - Call Test Case 'Test Cases/Mobile/Page/Login/Login' successfully

2021-12-01 09:49:04 - [TEST_STEP][PASSED] - tap(findTestObject("Object Repository/Mobile/Page/Home/Menubar - Portfolio"), 0): Tapped on element 'Object Repository/Mobile/Page/Home/Menubar - Portfolio'

2021-12-01 09:49:04 - [MESSAGE][WARNING] - Timeout '0' is invalid. Using default page load timeout: '60'

2021-12-01 09:49:04 - [MESSAGE][PASSED] - Tapped on element 'Object Repository/Mobile/Page/Home/Menubar - Portfolio'

2021-12-01 09:49:04 - [TEST_STEP][PASSED] - delay(1): Delayed 1 second(s)

2021-12-01 09:49:05 - [MESSAGE][PASSED] - Delayed 1 second(s)

2021-12-01 09:49:05 - [TEST_STEP][PASSED] - for ([i = 0, i < 1, (i++)]): scroll.scroll.scrollScreenBottomToTop is PASSED

2021-12-01 09:49:05 - [TEST_STEP][PASSED] - if (tab == "summary"): null

2021-12-01 09:49:05 - [TEST_STEP][PASSED] - else if (tab == "stock"): null

2021-12-01 09:49:05 - [TEST_STEP][PASSED] - else if (tab == "mutualfund"): scroll.scroll.scrollScreenBottomToTop is PASSED

2021-12-01 09:49:05 - [TEST_STEP][PASSED] - tap(findTestObject("Object Repository/Mobile/Page/Portfolio/Tab - Mutual Fund"), 0): Tapped on element 'Object Repository/Mobile/Page/Portfolio/Tab - Mutual Fund'

2021-12-01 09:49:05 - [MESSAGE][WARNING] - Timeout '0' is invalid. Using default page load timeout: '60'

2021-12-01 09:49:06 - [MESSAGE][PASSED] - Tapped on element 'Object Repository/Mobile/Page/Portfolio/Tab - Mutual Fund'

2021-12-01 09:49:06 - [TEST_STEP][PASSED] - delay(1): Delayed 1 second(s)

2021-12-01 09:49:07 - [MESSAGE][PASSED] - Delayed 1 second(s)

2021-12-01 09:49:07 - [TEST_STEP][PASSED] - tapAndHold(findTestObject("Object Repository/Mobile/Page/Portfolio/Item - Top Mutual Fund"), 1, 0): Tapped and held on element 'Object Repository/Mobile/Page/Portfolio/Item - Top Mutual Fund' with duration 1

2021-12-01 09:49:07 - [MESSAGE][WARNING] - Timeout '0' is invalid. Using default page load timeout: '60'

2021-12-01 09:49:10 - [MESSAGE][PASSED] - Tapped and held on element 'Object Repository/Mobile/Page/Portfolio/Item - Top Mutual Fund' with duration 1

2021-12-01 09:49:10 - [TEST_STEP][PASSED] - delay(2): Delayed 2 second(s)

2021-12-01 09:49:12 - [MESSAGE][PASSED] - Delayed 2 second(s)

2021-12-01 09:49:12 - [TEST_STEP][PASSED] - tap(findTestObject("Object Repository/Mobile/Page/Portfolio/Detail Mutual Funds/Button - 1 Month"), 0): Tapped on element 'Object Repository/Mobile/Page/Portfolio/Detail Mutual Funds/Button - 1 Month'

2021-12-01 09:49:12 - [MESSAGE][WARNING] - Timeout '0' is invalid. Using default page load timeout: '60'

2021-12-01 09:49:13 - [MESSAGE][PASSED] - Tapped on element 'Object Repository/Mobile/Page/Portfolio/Detail Mutual Funds/Button - 1 Month'

2021-12-01 09:49:13 - [TEST_STEP][PASSED] - delay(3): Delayed 3 second(s)

2021-12-01 09:49:16 - [MESSAGE][PASSED] - Delayed 3 second(s)

2021-12-01 09:49:16 - [TEST_STEP][PASSED] - scroll.scroll.scrollScreenBottomToTop(): scroll.scroll.scrollScreenBottomToTop is PASSED

2021-12-01 09:49:16 - [MESSAGE][PASSED] - Current device physical height is 1423

2021-12-01 09:49:16 - [MESSAGE][PASSED] - Current device physical width is 720

2021-12-01 09:49:18 - [MESSAGE][PASSED] - Swiped from 360,1,138 to 360,284

2021-12-01 09:49:18 - [MESSAGE][PASSED] - scroll.scroll.scrollScreenBottomToTop is PASSED

2021-12-01 09:49:18 - [TEST_STEP][PASSED] - tap(findTestObject("Object Repository/Mobile/Page/Portfolio/Detail Mutual Funds/Button - 3 Month"), 0): Tapped on element 'Object Repository/Mobile/Page/Portfolio/Detail Mutual Funds/Button - 3 Month'

2021-12-01 09:49:18 - [MESSAGE][WARNING] - Timeout '0' is invalid. Using default page load timeout: '60'

2021-12-01 09:49:18 - [MESSAGE][PASSED] - Tapped on element 'Object Repository/Mobile/Page/Portfolio/Detail Mutual Funds/Button - 3 Month'

2021-12-01 09:49:18 - [TEST_STEP][PASSED] - delay(3): Delayed 3 second(s)

2021-12-01 09:49:21 - [MESSAGE][PASSED] - Delayed 3 second(s)

2021-12-01 09:49:21 - [TEST_STEP][PASSED] - scroll.scroll.scrollScreenBottomToTop(): scroll.scroll.scrollScreenBottomToTop is PASSED

2021-12-01 09:49:21 - [MESSAGE][PASSED] - Current device physical height is 1423

2021-12-01 09:49:22 - [MESSAGE][PASSED] - Current device physical width is 720

2021-12-01 09:49:23 - [MESSAGE][PASSED] - Swiped from 360,1,138 to 360,284

2021-12-01 09:49:23 - [MESSAGE][PASSED] - scroll.scroll.scrollScreenBottomToTop is PASSED

2021-12-01 09:49:23 - [TEST_STEP][PASSED] - tap(findTestObject("Object Repository/Mobile/Page/Portfolio/Detail Mutual Funds/Button - 6 Month"), 0): Tapped on element 'Object Repository/Mobile/Page/Portfolio/Detail Mutual Funds/Button - 6 Month'

2021-12-01 09:49:23 - [MESSAGE][WARNING] - Timeout '0' is invalid. Using default page load timeout: '60'

2021-12-01 09:49:23 - [MESSAGE][PASSED] - Tapped on element 'Object Repository/Mobile/Page/Portfolio/Detail Mutual Funds/Button - 6 Month'

2021-12-01 09:49:23 - [TEST_STEP][PASSED] - delay(3): Delayed 3 second(s)

2021-12-01 09:49:26 - [MESSAGE][PASSED] - Delayed 3 second(s)

2021-12-01 09:49:26 - [TEST_STEP][PASSED] - scroll.scroll.scrollScreenBottomToTop(): scroll.scroll.scrollScreenBottomToTop is PASSED

2021-12-01 09:49:27 - [MESSAGE][PASSED] - Current device physical height is 1423

2021-12-01 09:49:27 - [MESSAGE][PASSED] - Current device physical width is 720

2021-12-01 09:49:28 - [MESSAGE][PASSED] - Swiped from 360,1,138 to 360,284

2021-12-01 09:49:28 - [MESSAGE][PASSED] - scroll.scroll.scrollScreenBottomToTop is PASSED

2021-12-01 09:49:28 - [TEST_STEP][PASSED] - tap(findTestObject("Object Repository/Mobile/Page/Portfolio/Detail Mutual Funds/Button - 1 Year"), 0): Tapped on element 'Object Repository/Mobile/Page/Portfolio/Detail Mutual Funds/Button - 1 Year'

2021-12-01 09:49:28 - [MESSAGE][WARNING] - Timeout '0' is invalid. Using default page load timeout: '60'

2021-12-01 09:49:29 - [MESSAGE][PASSED] - Tapped on element 'Object Repository/Mobile/Page/Portfolio/Detail Mutual Funds/Button - 1 Year'

2021-12-01 09:49:29 - [TEST_STEP][PASSED] - delay(3): Delayed 3 second(s)

2021-12-01 09:49:32 - [MESSAGE][PASSED] - Delayed 3 second(s)

2021-12-01 09:49:32 - [TEST_STEP][PASSED] - scroll.scroll.scrollScreenBottomToTop(): scroll.scroll.scrollScreenBottomToTop is PASSED

2021-12-01 09:49:32 - [MESSAGE][PASSED] - Current device physical height is 1423

2021-12-01 09:49:32 - [MESSAGE][PASSED] - Current device physical width is 720

2021-12-01 09:49:33 - [MESSAGE][PASSED] - Swiped from 360,1,138 to 360,284

2021-12-01 09:49:33 - [MESSAGE][PASSED] - scroll.scroll.scrollScreenBottomToTop is PASSED

2021-12-01 09:49:33 - [TEST_STEP][PASSED] - tap(findTestObject("Object Repository/Mobile/Page/Portfolio/Detail Mutual Funds/Button - 3 Year"), 0): Tapped on element 'Object Repository/Mobile/Page/Portfolio/Detail Mutual Funds/Button - 3 Year'

2021-12-01 09:49:33 - [MESSAGE][WARNING] - Timeout '0' is invalid. Using default page load timeout: '60'

2021-12-01 09:49:34 - [MESSAGE][PASSED] - Tapped on element 'Object Repository/Mobile/Page/Portfolio/Detail Mutual Funds/Button - 3 Year'

2021-12-01 09:49:34 - [TEST_STEP][PASSED] - delay(3): Delayed 3 second(s)

2021-12-01 09:49:37 - [MESSAGE][PASSED] - Delayed 3 second(s)

2021-12-01 09:49:37 - [TEST_STEP][PASSED] - scroll.scroll.scrollScreenBottomToTop(): scroll.scroll.scrollScreenBottomToTop is PASSED

2021-12-01 09:49:37 - [MESSAGE][PASSED] - Current device physical height is 1423

2021-12-01 09:49:37 - [MESSAGE][PASSED] - Current device physical width is 720

2021-12-01 09:49:38 - [MESSAGE][PASSED] - Swiped from 360,1,138 to 360,284

2021-12-01 09:49:38 - [MESSAGE][PASSED] - scroll.scroll.scrollScreenBottomToTop is PASSED

2021-12-01 09:49:38 - [TEST_STEP][PASSED] - tap(findTestObject("Object Repository/Mobile/Page/Portfolio/Detail Mutual Funds/Button - 5 Year"), 0): Tapped on element 'Object Repository/Mobile/Page/Portfolio/Detail Mutual Funds/Button - 5 Year'

2021-12-01 09:49:38 - [MESSAGE][WARNING] - Timeout '0' is invalid. Using default page load timeout: '60'

2021-12-01 09:49:39 - [MESSAGE][PASSED] - Tapped on element 'Object Repository/Mobile/Page/Portfolio/Detail Mutual Funds/Button - 5 Year'

2021-12-01 09:49:39 - [TEST_STEP][PASSED] - delay(3): Delayed 3 second(s)

2021-12-01 09:49:42 - [MESSAGE][PASSED] - Delayed 3 second(s)

2021-12-01 09:49:42 - [TEST_STEP][PASSED] - scroll.scroll.scrollScreenBottomToTop(): scroll.scroll.scrollScreenBottomToTop is PASSED

2021-12-01 09:49:42 - [MESSAGE][PASSED] - Current device physical height is 1423

2021-12-01 09:49:42 - [MESSAGE][PASSED] - Current device physical width is 720

2021-12-01 09:49:44 - [MESSAGE][PASSED] - Swiped from 360,1,138 to 360,284

2021-12-01 09:49:44 - [MESSAGE][PASSED] - scroll.scroll.scrollScreenBottomToTop is PASSED

2021-12-01 09:49:44 - [TEST_STEP][PASSED] - tap(findTestObject("Object Repository/Mobile/Page/Portfolio/Detail Mutual Funds/Button - 10 Year"), 0): Tapped on element 'Object Repository/Mobile/Page/Portfolio/Detail Mutual Funds/Button - 10 Year'

2021-12-01 09:49:44 - [MESSAGE][WARNING] - Timeout '0' is invalid. Using default page load timeout: '60'

2021-12-01 09:49:44 - [MESSAGE][PASSED] - Tapped on element 'Object Repository/Mobile/Page/Portfolio/Detail Mutual Funds/Button - 10 Year'

2021-12-01 09:49:44 - [TEST_STEP][PASSED] - delay(3): Delayed 3 second(s)

2021-12-01 09:49:47 - [MESSAGE][PASSED] - Delayed 3 second(s)

2021-12-01 09:49:47 - [TEST_STEP][PASSED] - scroll.scroll.scrollScreenBottomToTop(): scroll.scroll.scrollScreenBottomToTop is PASSED

2021-12-01 09:49:47 - [MESSAGE][PASSED] - Current device physical height is 1423

2021-12-01 09:49:48 - [MESSAGE][PASSED] - Current device physical width is 720

2021-12-01 09:49:49 - [MESSAGE][PASSED] - Swiped from 360,1,138 to 360,284

2021-12-01 09:49:49 - [MESSAGE][PASSED] - scroll.scroll.scrollScreenBottomToTop is PASSED

2021-12-01 09:49:49 - [MESSAGE][PASSED] - Call Test Case 'Test Cases/Mobile/Page/Portfolio/Portfolio' successfully

2021-12-01 09:49:49 - [TEST_STEP][PASSED] - callTestCase(findTestCase("Mobile/Page/Run App/Terminate App"), [:], STOP_ON_FAILURE): Call Test Case 'Test Cases/Mobile/Page/Run App/Terminate App' successfully

2021-12-01 09:49:49 - [TEST_CASE][PASSED] - Test Cases/Mobile/Page/Run App/Terminate App: Test Cases/Mobile/Page/Run App/Terminate App

2021-12-01 09:49:49 - [TEST_STEP][PASSED] - startApp.OpenApp.terminateApplication(): startApp.OpenApp.terminateApplication is PASSED

2021-12-01 09:49:52 - [MESSAGE][PASSED] - Delayed 3 second(s)

2021-12-01 09:49:52 - [MESSAGE][PASSED] - Current device physical width is 720

2021-12-01 09:49:53 - [MESSAGE][PASSED] - Current device physical height is 1423

2021-12-01 09:49:54 - [MESSAGE][PASSED] - Swiped from 360,853 to 360,142

2021-12-01 09:49:55 - [MESSAGE][PASSED] - Delayed 1 second(s)

2021-12-01 09:49:56 - [MESSAGE][PASSED] - Swiped from 360,853 to 360,142

2021-12-01 09:49:59 - [MESSAGE][PASSED] - Delayed 3 second(s)

2021-12-01 09:49:59 - [MESSAGE][PASSED] - startApp.OpenApp.terminateApplication is PASSED

2021-12-01 09:49:59 - [MESSAGE][PASSED] - Call Test Case 'Test Cases/Mobile/Page/Run App/Terminate App' successfully]]></system-out>
         <system-err><![CDATA[]]></system-err>
      </testcase>
      <testcase name="Test Cases/Mobile/Scenario/Portfolio/008 - Portfolio Bond" time="54.586" classname="Test Cases/Mobile/Scenario/Portfolio/008 - Portfolio Bond" status="PASSED">
         <system-out><![CDATA[2021-12-01 09:49:59 - [TEST_CASE][PASSED] - Test Cases/Mobile/Scenario/Portfolio/008 - Portfolio Bond: Test Cases/Mobile/Scenario/Portfolio/008 - Portfolio Bond

2021-12-01 09:50:00 - [TEST_STEP][PASSED] - callTestCase(findTestCase("Mobile/Page/Run App/Run App byID"), [:], STOP_ON_FAILURE): Call Test Case 'Test Cases/Mobile/Page/Run App/Run App byID' successfully

2021-12-01 09:50:00 - [TEST_CASE][PASSED] - Test Cases/Mobile/Page/Run App/Run App byID: Test Cases/Mobile/Page/Run App/Run App byID

2021-12-01 09:50:00 - [TEST_STEP][PASSED] - startApp.OpenApp.startApplication("id.co.miraeasset.sageclub"): startApp.OpenApp.startApplication is PASSED

2021-12-01 09:50:12 - [MESSAGE][PASSED] - Starting app with application ID: 'id.co.miraeasset.sageclub'

2021-12-01 09:50:12 - [MESSAGE][PASSED] - startApp.OpenApp.startApplication is PASSED

2021-12-01 09:50:12 - [MESSAGE][PASSED] - Call Test Case 'Test Cases/Mobile/Page/Run App/Run App byID' successfully

2021-12-01 09:50:12 - [TEST_STEP][PASSED] - callTestCase(findTestCase("Mobile/Page/Portfolio/Portfolio"), ["tab":"bond", "action":"none"], STOP_ON_FAILURE): Call Test Case 'Test Cases/Mobile/Page/Portfolio/Portfolio' successfully

2021-12-01 09:50:12 - [TEST_CASE][PASSED] - Test Cases/Mobile/Page/Portfolio/Portfolio: Test Cases/Mobile/Page/Portfolio/Portfolio

2021-12-01 09:50:12 - [TEST_STEP][PASSED] - loginCheck = verifyElementExist(findTestObject("Object Repository/Mobile/Page/Login/Button - Login"), 2, CONTINUE_ON_FAILURE): Element 'Object Repository/Mobile/Page/Login/Button - Login' is exist

2021-12-01 09:50:14 - [MESSAGE][PASSED] - Element 'Object Repository/Mobile/Page/Login/Button - Login' is exist

2021-12-01 09:50:14 - [TEST_STEP][PASSED] - if (loginCheck): Call Test Case 'Test Cases/Mobile/Page/Login/Login' successfully

2021-12-01 09:50:14 - [TEST_STEP][PASSED] - callTestCase(findTestCase("Mobile/Page/Login/Login"), [:], CONTINUE_ON_FAILURE): Call Test Case 'Test Cases/Mobile/Page/Login/Login' successfully

2021-12-01 09:50:14 - [TEST_CASE][PASSED] - Test Cases/Mobile/Page/Login/Login: Test Cases/Mobile/Page/Login/Login

2021-12-01 09:50:14 - [TEST_STEP][PASSED] - delay(2): Delayed 2 second(s)

2021-12-01 09:50:16 - [MESSAGE][PASSED] - Delayed 2 second(s)

2021-12-01 09:50:16 - [TEST_STEP][PASSED] - tap(findTestObject("Object Repository/Mobile/Page/Login/Input - UserID"), 0): Tapped on element 'Object Repository/Mobile/Page/Login/Input - UserID'

2021-12-01 09:50:16 - [MESSAGE][WARNING] - Timeout '0' is invalid. Using default page load timeout: '60'

2021-12-01 09:50:17 - [MESSAGE][PASSED] - Tapped on element 'Object Repository/Mobile/Page/Login/Input - UserID'

2021-12-01 09:50:17 - [TEST_STEP][PASSED] - delay(1): Delayed 1 second(s)

2021-12-01 09:50:18 - [MESSAGE][PASSED] - Delayed 1 second(s)

2021-12-01 09:50:18 - [TEST_STEP][PASSED] - setText(findTestObject("Object Repository/Mobile/Page/Login/Input Rdy - UserID"), "anggaaditya", 0): Text 'anggaaditya' has been set to element 'Object Repository/Mobile/Page/Login/Input Rdy - UserID'

2021-12-01 09:50:18 - [MESSAGE][WARNING] - Timeout '0' is invalid. Using default page load timeout: '60'

2021-12-01 09:50:19 - [MESSAGE][PASSED] - Text 'anggaaditya' has been set to element 'Object Repository/Mobile/Page/Login/Input Rdy - UserID'

2021-12-01 09:50:19 - [TEST_STEP][PASSED] - delay(1): Delayed 1 second(s)

2021-12-01 09:50:20 - [MESSAGE][PASSED] - Delayed 1 second(s)

2021-12-01 09:50:20 - [TEST_STEP][PASSED] - hideKeyboard(): Keyboard is hidden

2021-12-01 09:50:23 - [MESSAGE][PASSED] - Keyboard is hidden

2021-12-01 09:50:23 - [TEST_STEP][PASSED] - tap(findTestObject("Object Repository/Mobile/Page/Login/Input - Password"), 0): Tapped on element 'Object Repository/Mobile/Page/Login/Input - Password'

2021-12-01 09:50:23 - [MESSAGE][WARNING] - Timeout '0' is invalid. Using default page load timeout: '60'

2021-12-01 09:50:24 - [MESSAGE][PASSED] - Tapped on element 'Object Repository/Mobile/Page/Login/Input - Password'

2021-12-01 09:50:24 - [TEST_STEP][PASSED] - delay(1): Delayed 1 second(s)

2021-12-01 09:50:25 - [MESSAGE][PASSED] - Delayed 1 second(s)

2021-12-01 09:50:25 - [TEST_STEP][PASSED] - setText(findTestObject("Object Repository/Mobile/Page/Login/Input Rdy - Password"), "Shalawa18", 0): Text 'Shalawa18' has been set to element 'Object Repository/Mobile/Page/Login/Input Rdy - Password'

2021-12-01 09:50:25 - [MESSAGE][WARNING] - Timeout '0' is invalid. Using default page load timeout: '60'

2021-12-01 09:50:25 - [MESSAGE][PASSED] - Text 'Shalawa18' has been set to element 'Object Repository/Mobile/Page/Login/Input Rdy - Password'

2021-12-01 09:50:25 - [TEST_STEP][PASSED] - delay(1): Delayed 1 second(s)

2021-12-01 09:50:26 - [MESSAGE][PASSED] - Delayed 1 second(s)

2021-12-01 09:50:26 - [TEST_STEP][PASSED] - hideKeyboard(): Keyboard is hidden

2021-12-01 09:50:32 - [MESSAGE][PASSED] - Keyboard is hidden

2021-12-01 09:50:33 - [TEST_STEP][PASSED] - tap(findTestObject("Object Repository/Mobile/Page/Login/Button - Login"), 0): Tapped on element 'Object Repository/Mobile/Page/Login/Button - Login'

2021-12-01 09:50:33 - [MESSAGE][WARNING] - Timeout '0' is invalid. Using default page load timeout: '60'

2021-12-01 09:50:33 - [MESSAGE][PASSED] - Tapped on element 'Object Repository/Mobile/Page/Login/Button - Login'

2021-12-01 09:50:33 - [TEST_STEP][PASSED] - delay(2): Delayed 2 second(s)

2021-12-01 09:50:35 - [MESSAGE][PASSED] - Delayed 2 second(s)

2021-12-01 09:50:35 - [MESSAGE][PASSED] - Call Test Case 'Test Cases/Mobile/Page/Login/Login' successfully

2021-12-01 09:50:35 - [TEST_STEP][PASSED] - tap(findTestObject("Object Repository/Mobile/Page/Home/Menubar - Portfolio"), 0): Tapped on element 'Object Repository/Mobile/Page/Home/Menubar - Portfolio'

2021-12-01 09:50:35 - [MESSAGE][WARNING] - Timeout '0' is invalid. Using default page load timeout: '60'

2021-12-01 09:50:36 - [MESSAGE][PASSED] - Tapped on element 'Object Repository/Mobile/Page/Home/Menubar - Portfolio'

2021-12-01 09:50:36 - [TEST_STEP][PASSED] - delay(1): Delayed 1 second(s)

2021-12-01 09:50:37 - [MESSAGE][PASSED] - Delayed 1 second(s)

2021-12-01 09:50:37 - [TEST_STEP][PASSED] - for ([i = 0, i < 1, (i++)]): Delayed 3 second(s)

2021-12-01 09:50:37 - [TEST_STEP][PASSED] - if (tab == "summary"): null

2021-12-01 09:50:37 - [TEST_STEP][PASSED] - else if (tab == "stock"): null

2021-12-01 09:50:37 - [TEST_STEP][PASSED] - else if (tab == "mutualfund"): null

2021-12-01 09:50:37 - [TEST_STEP][PASSED] - else if (tab == "bond"): Delayed 3 second(s)

2021-12-01 09:50:37 - [TEST_STEP][PASSED] - tap(findTestObject("Object Repository/Mobile/Page/Portfolio/Tab - Bond"), 0): Tapped on element 'Object Repository/Mobile/Page/Portfolio/Tab - Bond'

2021-12-01 09:50:37 - [MESSAGE][WARNING] - Timeout '0' is invalid. Using default page load timeout: '60'

2021-12-01 09:50:39 - [MESSAGE][PASSED] - Tapped on element 'Object Repository/Mobile/Page/Portfolio/Tab - Bond'

2021-12-01 09:50:39 - [TEST_STEP][PASSED] - scroll.scroll.scrollScreenBottomToTop(): scroll.scroll.scrollScreenBottomToTop is PASSED

2021-12-01 09:50:39 - [MESSAGE][PASSED] - Current device physical height is 1423

2021-12-01 09:50:39 - [MESSAGE][PASSED] - Current device physical width is 720

2021-12-01 09:50:40 - [MESSAGE][PASSED] - Swiped from 360,1,138 to 360,284

2021-12-01 09:50:40 - [MESSAGE][PASSED] - scroll.scroll.scrollScreenBottomToTop is PASSED

2021-12-01 09:50:40 - [TEST_STEP][PASSED] - delay(3): Delayed 3 second(s)

2021-12-01 09:50:43 - [MESSAGE][PASSED] - Delayed 3 second(s)

2021-12-01 09:50:43 - [MESSAGE][PASSED] - Call Test Case 'Test Cases/Mobile/Page/Portfolio/Portfolio' successfully

2021-12-01 09:50:43 - [TEST_STEP][PASSED] - callTestCase(findTestCase("Mobile/Page/Run App/Terminate App"), [:], STOP_ON_FAILURE): Call Test Case 'Test Cases/Mobile/Page/Run App/Terminate App' successfully

2021-12-01 09:50:44 - [TEST_CASE][PASSED] - Test Cases/Mobile/Page/Run App/Terminate App: Test Cases/Mobile/Page/Run App/Terminate App

2021-12-01 09:50:44 - [TEST_STEP][PASSED] - startApp.OpenApp.terminateApplication(): startApp.OpenApp.terminateApplication is PASSED

2021-12-01 09:50:47 - [MESSAGE][PASSED] - Delayed 3 second(s)

2021-12-01 09:50:47 - [MESSAGE][PASSED] - Current device physical width is 720

2021-12-01 09:50:47 - [MESSAGE][PASSED] - Current device physical height is 1423

2021-12-01 09:50:48 - [MESSAGE][PASSED] - Swiped from 360,853 to 360,142

2021-12-01 09:50:49 - [MESSAGE][PASSED] - Delayed 1 second(s)

2021-12-01 09:50:51 - [MESSAGE][PASSED] - Swiped from 360,853 to 360,142

2021-12-01 09:50:54 - [MESSAGE][PASSED] - Delayed 3 second(s)

2021-12-01 09:50:54 - [MESSAGE][PASSED] - startApp.OpenApp.terminateApplication is PASSED

2021-12-01 09:50:54 - [MESSAGE][PASSED] - Call Test Case 'Test Cases/Mobile/Page/Run App/Terminate App' successfully]]></system-out>
         <system-err><![CDATA[]]></system-err>
      </testcase>
      <system-out><![CDATA[2021-12-01 09:42:18 - [TEST_SUITE][PASSED] - portfolio: Test Cases/Mobile/Scenario/Portfolio/008 - Portfolio Bond]]></system-out>
      <system-err><![CDATA[]]></system-err>
   </testsuite>
</testsuites>
