<?xml version="1.0" encoding="UTF-8"?>
<testsuites name="portfolio" time="545.335" tests="8" failures="0" skips="0" errors="0">
   <testsuite name="portfolio" tests="8" failures="0" errors="0" time="545.335" skips="0" timestamp="2021-12-21 10:20:35" hostname="Owner - aldy-tft" id="Test Suites/portfolio">
      <properties>
         <property name="deviceName" value="samsung SM-A205F (Android 11)"/>
         <property name="devicePlatform" value=""/>
         <property name="logFolder" value="C:\\Users\\Owner\\Documents\\kerjaan\\KatalonProject\\qa_katalon_pwm\\qa_katalon_pwm\\Reports\\20211221_102025\\portfolio\\20211221_102025"/>
         <property name="logFiles" value="C:\\Users\\Owner\\Documents\\kerjaan\\KatalonProject\\qa_katalon_pwm\\qa_katalon_pwm\\Reports\\20211221_102025\\portfolio\\20211221_102025\\appium.log, C:\\Users\\Owner\\Documents\\kerjaan\\KatalonProject\\qa_katalon_pwm\\qa_katalon_pwm\\Reports\\20211221_102025\\portfolio\\20211221_102025\\execution0.log"/>
         <property name="attachments" value=""/>
         <property name="hostName" value="Owner - aldy-tft"/>
         <property name="os" value="Windows 10 64bit"/>
         <property name="appiumServerStatus" value="{&quot;value&quot;:{&quot;build&quot;:{&quot;version&quot;:&quot;1.22.0&quot;}},&quot;sessionId&quot;:null,&quot;status&quot;:0}"/>
         <property name="katalonVersion" value="7.9.1.208"/>
         <property name="deviceOS" value="Android"/>
         <property name="appiumVersion" value="1.22.0"/>
         <property name="deviceModel" value="SM-A205F"/>
         <property name="hostAddress" value="192.168.227.223"/>
         <property name="deviceManufacturer" value="samsung"/>
         <property name="deviceId" value="RR8M40C9AXE"/>
         <property name="deviceName" value="samsung SM-A205F (Android 11)"/>
         <property name="deviceOSVersion" value="11"/>
      </properties>
      <testcase name="Test Cases/Mobile/Scenario/Portfolio/001 - Summary" time="64.765" classname="Test Cases/Mobile/Scenario/Portfolio/001 - Summary" status="PASSED">
         <system-out><![CDATA[2021-12-21 10:20:36 - [TEST_CASE][PASSED] - Test Cases/Mobile/Scenario/Portfolio/001 - Summary: Test Cases/Mobile/Scenario/Portfolio/001 - Summary

2021-12-21 10:20:36 - [TEST_STEP][PASSED] - callTestCase(findTestCase("Mobile/Page/Run App/Run App byID"), [:], STOP_ON_FAILURE): Call Test Case 'Test Cases/Mobile/Page/Run App/Run App byID' successfully

2021-12-21 10:20:37 - [TEST_CASE][PASSED] - Test Cases/Mobile/Page/Run App/Run App byID: Test Cases/Mobile/Page/Run App/Run App byID

2021-12-21 10:20:37 - [TEST_STEP][PASSED] - startApp.OpenApp.startApplication("id.co.miraeasset.sageclub"): startApp.OpenApp.startApplication is PASSED

2021-12-21 10:20:38 - [MESSAGE][INFO] - Appium server started on port 52,871

2021-12-21 10:20:55 - [MESSAGE][PASSED] - Starting app with application ID: 'id.co.miraeasset.sageclub'

2021-12-21 10:20:55 - [MESSAGE][PASSED] - startApp.OpenApp.startApplication is PASSED

2021-12-21 10:20:55 - [MESSAGE][PASSED] - Call Test Case 'Test Cases/Mobile/Page/Run App/Run App byID' successfully

2021-12-21 10:20:55 - [TEST_STEP][PASSED] - callTestCase(findTestCase("Mobile/Page/Portfolio/Portfolio"), ["tab":"summary", "action":"summary"], CONTINUE_ON_FAILURE): Call Test Case 'Test Cases/Mobile/Page/Portfolio/Portfolio' successfully

2021-12-21 10:20:55 - [TEST_CASE][PASSED] - Test Cases/Mobile/Page/Portfolio/Portfolio: Test Cases/Mobile/Page/Portfolio/Portfolio

2021-12-21 10:20:55 - [TEST_STEP][PASSED] - callTestCase(findTestCase("Mobile/Page/CheckLogin"), [:], CONTINUE_ON_FAILURE): Call Test Case 'Test Cases/Mobile/Page/CheckLogin' successfully

2021-12-21 10:20:56 - [TEST_CASE][PASSED] - Test Cases/Mobile/Page/CheckLogin: Test Cases/Mobile/Page/CheckLogin

2021-12-21 10:20:56 - [TEST_STEP][PASSED] - loginCheck = verifyElementExist(findTestObject("Mobile/Page/Login/Button - Login"), 2, CONTINUE_ON_FAILURE): Element 'Object Repository/Mobile/Page/Login/Button - Login' is exist

2021-12-21 10:20:57 - [MESSAGE][PASSED] - Element 'Object Repository/Mobile/Page/Login/Button - Login' is exist

2021-12-21 10:20:57 - [TEST_STEP][PASSED] - if (loginCheck): Call Test Case 'Test Cases/Mobile/Page/Login/Login' successfully

2021-12-21 10:20:57 - [TEST_STEP][PASSED] - callTestCase(findTestCase("Mobile/Page/Login/Login"), [:], CONTINUE_ON_FAILURE): Call Test Case 'Test Cases/Mobile/Page/Login/Login' successfully

2021-12-21 10:20:57 - [TEST_CASE][PASSED] - Test Cases/Mobile/Page/Login/Login: Test Cases/Mobile/Page/Login/Login

2021-12-21 10:20:58 - [TEST_STEP][PASSED] - delay(2): Delayed 2 second(s)

2021-12-21 10:21:00 - [MESSAGE][PASSED] - Delayed 2 second(s)

2021-12-21 10:21:00 - [TEST_STEP][PASSED] - tap(findTestObject("Mobile/Page/Login/Input - UserID"), 0): Tapped on element 'Object Repository/Mobile/Page/Login/Input - UserID'

2021-12-21 10:21:00 - [MESSAGE][WARNING] - Timeout '0' is invalid. Using default page load timeout: '60'

2021-12-21 10:21:00 - [MESSAGE][PASSED] - Tapped on element 'Object Repository/Mobile/Page/Login/Input - UserID'

2021-12-21 10:21:00 - [TEST_STEP][PASSED] - delay(1): Delayed 1 second(s)

2021-12-21 10:21:01 - [MESSAGE][PASSED] - Delayed 1 second(s)

2021-12-21 10:21:01 - [TEST_STEP][PASSED] - setText(findTestObject("Mobile/Page/Login/Input Rdy - UserID"), "anggaaditya", 0): Text 'anggaaditya' has been set to element 'Object Repository/Mobile/Page/Login/Input Rdy - UserID'

2021-12-21 10:21:01 - [MESSAGE][WARNING] - Timeout '0' is invalid. Using default page load timeout: '60'

2021-12-21 10:21:03 - [MESSAGE][PASSED] - Text 'anggaaditya' has been set to element 'Object Repository/Mobile/Page/Login/Input Rdy - UserID'

2021-12-21 10:21:03 - [TEST_STEP][PASSED] - delay(1): Delayed 1 second(s)

2021-12-21 10:21:04 - [MESSAGE][PASSED] - Delayed 1 second(s)

2021-12-21 10:21:04 - [TEST_STEP][PASSED] - hideKeyboard(): Keyboard is hidden

2021-12-21 10:21:11 - [MESSAGE][PASSED] - Keyboard is hidden

2021-12-21 10:21:11 - [TEST_STEP][PASSED] - tap(findTestObject("Mobile/Page/Login/Input - Password"), 0): Tapped on element 'Object Repository/Mobile/Page/Login/Input - Password'

2021-12-21 10:21:12 - [MESSAGE][WARNING] - Timeout '0' is invalid. Using default page load timeout: '60'

2021-12-21 10:21:12 - [MESSAGE][PASSED] - Tapped on element 'Object Repository/Mobile/Page/Login/Input - Password'

2021-12-21 10:21:12 - [TEST_STEP][PASSED] - delay(1): Delayed 1 second(s)

2021-12-21 10:21:13 - [MESSAGE][PASSED] - Delayed 1 second(s)

2021-12-21 10:21:13 - [TEST_STEP][PASSED] - setText(findTestObject("Mobile/Page/Login/Input Rdy - Password"), "Shalawa18", 0): Text 'Shalawa18' has been set to element 'Object Repository/Mobile/Page/Login/Input Rdy - Password'

2021-12-21 10:21:13 - [MESSAGE][WARNING] - Timeout '0' is invalid. Using default page load timeout: '60'

2021-12-21 10:21:14 - [MESSAGE][PASSED] - Text 'Shalawa18' has been set to element 'Object Repository/Mobile/Page/Login/Input Rdy - Password'

2021-12-21 10:21:14 - [TEST_STEP][PASSED] - delay(1): Delayed 1 second(s)

2021-12-21 10:21:15 - [MESSAGE][PASSED] - Delayed 1 second(s)

2021-12-21 10:21:15 - [TEST_STEP][PASSED] - hideKeyboard(): Keyboard is hidden

2021-12-21 10:21:22 - [MESSAGE][PASSED] - Keyboard is hidden

2021-12-21 10:21:22 - [TEST_STEP][PASSED] - tap(findTestObject("Mobile/Page/Login/Button - Login"), 0): Tapped on element 'Object Repository/Mobile/Page/Login/Button - Login'

2021-12-21 10:21:22 - [MESSAGE][WARNING] - Timeout '0' is invalid. Using default page load timeout: '60'

2021-12-21 10:21:23 - [MESSAGE][PASSED] - Tapped on element 'Object Repository/Mobile/Page/Login/Button - Login'

2021-12-21 10:21:23 - [TEST_STEP][PASSED] - delay(2): Delayed 2 second(s)

2021-12-21 10:21:25 - [MESSAGE][PASSED] - Delayed 2 second(s)

2021-12-21 10:21:25 - [MESSAGE][PASSED] - Call Test Case 'Test Cases/Mobile/Page/Login/Login' successfully

2021-12-21 10:21:25 - [MESSAGE][PASSED] - Call Test Case 'Test Cases/Mobile/Page/CheckLogin' successfully

2021-12-21 10:21:25 - [TEST_STEP][PASSED] - tap(findTestObject("Mobile/Page/Home/Menubar - Portfolio"), 0): Tapped on element 'Object Repository/Mobile/Page/Home/Menubar - Portfolio'

2021-12-21 10:21:25 - [MESSAGE][WARNING] - Timeout '0' is invalid. Using default page load timeout: '60'

2021-12-21 10:21:26 - [MESSAGE][PASSED] - Tapped on element 'Object Repository/Mobile/Page/Home/Menubar - Portfolio'

2021-12-21 10:21:26 - [TEST_STEP][PASSED] - delay(1): Delayed 1 second(s)

2021-12-21 10:21:27 - [MESSAGE][PASSED] - Delayed 1 second(s)

2021-12-21 10:21:27 - [TEST_STEP][PASSED] - for ([i = 0, i < 1, (i++)]): Delayed 3 second(s)

2021-12-21 10:21:27 - [TEST_STEP][PASSED] - if (tab == "summary"): Delayed 3 second(s)

2021-12-21 10:21:27 - [TEST_STEP][PASSED] - idr = findTestObject("Mobile/Page/Portfolio/Button - IDR"): null

2021-12-21 10:21:27 - [TEST_STEP][PASSED] - persen = findTestObject("Mobile/Page/Portfolio/Button - Persen"): null

2021-12-21 10:21:27 - [TEST_STEP][PASSED] - if (action == "summary"): Delayed 3 second(s)

2021-12-21 10:21:27 - [TEST_STEP][PASSED] - delay(3): Delayed 3 second(s)

2021-12-21 10:21:30 - [MESSAGE][PASSED] - Delayed 3 second(s)

2021-12-21 10:21:30 - [MESSAGE][PASSED] - Call Test Case 'Test Cases/Mobile/Page/Portfolio/Portfolio' successfully

2021-12-21 10:21:30 - [TEST_STEP][PASSED] - callTestCase(findTestCase("Mobile/Page/Run App/Terminate App"), [:], STOP_ON_FAILURE): Call Test Case 'Test Cases/Mobile/Page/Run App/Terminate App' successfully

2021-12-21 10:21:30 - [TEST_CASE][PASSED] - Test Cases/Mobile/Page/Run App/Terminate App: Test Cases/Mobile/Page/Run App/Terminate App

2021-12-21 10:21:31 - [TEST_STEP][PASSED] - startApp.OpenApp.terminateApplication(): startApp.OpenApp.terminateApplication is PASSED

2021-12-21 10:21:34 - [MESSAGE][PASSED] - Delayed 3 second(s)

2021-12-21 10:21:34 - [MESSAGE][PASSED] - Current device physical width is 720

2021-12-21 10:21:34 - [MESSAGE][PASSED] - Current device physical height is 1423

2021-12-21 10:21:35 - [MESSAGE][PASSED] - Swiped from 360,853 to 360,142

2021-12-21 10:21:37 - [MESSAGE][PASSED] - Delayed 1 second(s)

2021-12-21 10:21:38 - [MESSAGE][PASSED] - Swiped from 360,853 to 360,142

2021-12-21 10:21:41 - [MESSAGE][PASSED] - Delayed 3 second(s)

2021-12-21 10:21:41 - [MESSAGE][PASSED] - startApp.OpenApp.terminateApplication is PASSED

2021-12-21 10:21:41 - [MESSAGE][PASSED] - Call Test Case 'Test Cases/Mobile/Page/Run App/Terminate App' successfully]]></system-out>
         <system-err><![CDATA[]]></system-err>
      </testcase>
      <testcase name="Test Cases/Mobile/Scenario/Portfolio/002 - Portfolio Performance Daily" time="63.44" classname="Test Cases/Mobile/Scenario/Portfolio/002 - Portfolio Performance Daily" status="PASSED">
         <system-out><![CDATA[2021-12-21 10:21:41 - [TEST_CASE][PASSED] - Test Cases/Mobile/Scenario/Portfolio/002 - Portfolio Performance Daily: Test Cases/Mobile/Scenario/Portfolio/002 - Portfolio Performance Daily

2021-12-21 10:21:41 - [TEST_STEP][PASSED] - callTestCase(findTestCase("Mobile/Page/Run App/Run App byID"), [:], STOP_ON_FAILURE): Call Test Case 'Test Cases/Mobile/Page/Run App/Run App byID' successfully

2021-12-21 10:21:41 - [TEST_CASE][PASSED] - Test Cases/Mobile/Page/Run App/Run App byID: Test Cases/Mobile/Page/Run App/Run App byID

2021-12-21 10:21:41 - [TEST_STEP][PASSED] - startApp.OpenApp.startApplication("id.co.miraeasset.sageclub"): startApp.OpenApp.startApplication is PASSED

2021-12-21 10:21:55 - [MESSAGE][PASSED] - Starting app with application ID: 'id.co.miraeasset.sageclub'

2021-12-21 10:21:55 - [MESSAGE][PASSED] - startApp.OpenApp.startApplication is PASSED

2021-12-21 10:21:55 - [MESSAGE][PASSED] - Call Test Case 'Test Cases/Mobile/Page/Run App/Run App byID' successfully

2021-12-21 10:21:55 - [TEST_STEP][PASSED] - callTestCase(findTestCase("Mobile/Page/Portfolio/Portfolio"), ["tab":"summary", "action":"perf_daily"], CONTINUE_ON_FAILURE): Call Test Case 'Test Cases/Mobile/Page/Portfolio/Portfolio' successfully

2021-12-21 10:21:55 - [TEST_CASE][PASSED] - Test Cases/Mobile/Page/Portfolio/Portfolio: Test Cases/Mobile/Page/Portfolio/Portfolio

2021-12-21 10:21:55 - [TEST_STEP][PASSED] - callTestCase(findTestCase("Mobile/Page/CheckLogin"), [:], CONTINUE_ON_FAILURE): Call Test Case 'Test Cases/Mobile/Page/CheckLogin' successfully

2021-12-21 10:21:55 - [TEST_CASE][PASSED] - Test Cases/Mobile/Page/CheckLogin: Test Cases/Mobile/Page/CheckLogin

2021-12-21 10:21:55 - [TEST_STEP][PASSED] - loginCheck = verifyElementExist(findTestObject("Mobile/Page/Login/Button - Login"), 2, CONTINUE_ON_FAILURE): Element 'Object Repository/Mobile/Page/Login/Button - Login' is exist

2021-12-21 10:21:57 - [MESSAGE][PASSED] - Element 'Object Repository/Mobile/Page/Login/Button - Login' is exist

2021-12-21 10:21:57 - [TEST_STEP][PASSED] - if (loginCheck): Call Test Case 'Test Cases/Mobile/Page/Login/Login' successfully

2021-12-21 10:21:57 - [TEST_STEP][PASSED] - callTestCase(findTestCase("Mobile/Page/Login/Login"), [:], CONTINUE_ON_FAILURE): Call Test Case 'Test Cases/Mobile/Page/Login/Login' successfully

2021-12-21 10:21:57 - [TEST_CASE][PASSED] - Test Cases/Mobile/Page/Login/Login: Test Cases/Mobile/Page/Login/Login

2021-12-21 10:21:57 - [TEST_STEP][PASSED] - delay(2): Delayed 2 second(s)

2021-12-21 10:21:59 - [MESSAGE][PASSED] - Delayed 2 second(s)

2021-12-21 10:21:59 - [TEST_STEP][PASSED] - tap(findTestObject("Mobile/Page/Login/Input - UserID"), 0): Tapped on element 'Object Repository/Mobile/Page/Login/Input - UserID'

2021-12-21 10:21:59 - [MESSAGE][WARNING] - Timeout '0' is invalid. Using default page load timeout: '60'

2021-12-21 10:21:59 - [MESSAGE][PASSED] - Tapped on element 'Object Repository/Mobile/Page/Login/Input - UserID'

2021-12-21 10:21:59 - [TEST_STEP][PASSED] - delay(1): Delayed 1 second(s)

2021-12-21 10:22:00 - [MESSAGE][PASSED] - Delayed 1 second(s)

2021-12-21 10:22:00 - [TEST_STEP][PASSED] - setText(findTestObject("Mobile/Page/Login/Input Rdy - UserID"), "anggaaditya", 0): Text 'anggaaditya' has been set to element 'Object Repository/Mobile/Page/Login/Input Rdy - UserID'

2021-12-21 10:22:00 - [MESSAGE][WARNING] - Timeout '0' is invalid. Using default page load timeout: '60'

2021-12-21 10:22:01 - [MESSAGE][PASSED] - Text 'anggaaditya' has been set to element 'Object Repository/Mobile/Page/Login/Input Rdy - UserID'

2021-12-21 10:22:01 - [TEST_STEP][PASSED] - delay(1): Delayed 1 second(s)

2021-12-21 10:22:02 - [MESSAGE][PASSED] - Delayed 1 second(s)

2021-12-21 10:22:02 - [TEST_STEP][PASSED] - hideKeyboard(): Keyboard is hidden

2021-12-21 10:22:08 - [MESSAGE][PASSED] - Keyboard is hidden

2021-12-21 10:22:08 - [TEST_STEP][PASSED] - tap(findTestObject("Mobile/Page/Login/Input - Password"), 0): Tapped on element 'Object Repository/Mobile/Page/Login/Input - Password'

2021-12-21 10:22:08 - [MESSAGE][WARNING] - Timeout '0' is invalid. Using default page load timeout: '60'

2021-12-21 10:22:09 - [MESSAGE][PASSED] - Tapped on element 'Object Repository/Mobile/Page/Login/Input - Password'

2021-12-21 10:22:09 - [TEST_STEP][PASSED] - delay(1): Delayed 1 second(s)

2021-12-21 10:22:10 - [MESSAGE][PASSED] - Delayed 1 second(s)

2021-12-21 10:22:10 - [TEST_STEP][PASSED] - setText(findTestObject("Mobile/Page/Login/Input Rdy - Password"), "Shalawa18", 0): Text 'Shalawa18' has been set to element 'Object Repository/Mobile/Page/Login/Input Rdy - Password'

2021-12-21 10:22:10 - [MESSAGE][WARNING] - Timeout '0' is invalid. Using default page load timeout: '60'

2021-12-21 10:22:11 - [MESSAGE][PASSED] - Text 'Shalawa18' has been set to element 'Object Repository/Mobile/Page/Login/Input Rdy - Password'

2021-12-21 10:22:11 - [TEST_STEP][PASSED] - delay(1): Delayed 1 second(s)

2021-12-21 10:22:12 - [MESSAGE][PASSED] - Delayed 1 second(s)

2021-12-21 10:22:12 - [TEST_STEP][PASSED] - hideKeyboard(): Keyboard is hidden

2021-12-21 10:22:18 - [MESSAGE][PASSED] - Keyboard is hidden

2021-12-21 10:22:18 - [TEST_STEP][PASSED] - tap(findTestObject("Mobile/Page/Login/Button - Login"), 0): Tapped on element 'Object Repository/Mobile/Page/Login/Button - Login'

2021-12-21 10:22:18 - [MESSAGE][WARNING] - Timeout '0' is invalid. Using default page load timeout: '60'

2021-12-21 10:22:19 - [MESSAGE][PASSED] - Tapped on element 'Object Repository/Mobile/Page/Login/Button - Login'

2021-12-21 10:22:19 - [TEST_STEP][PASSED] - delay(2): Delayed 2 second(s)

2021-12-21 10:22:21 - [MESSAGE][PASSED] - Delayed 2 second(s)

2021-12-21 10:22:21 - [MESSAGE][PASSED] - Call Test Case 'Test Cases/Mobile/Page/Login/Login' successfully

2021-12-21 10:22:21 - [MESSAGE][PASSED] - Call Test Case 'Test Cases/Mobile/Page/CheckLogin' successfully

2021-12-21 10:22:21 - [TEST_STEP][PASSED] - tap(findTestObject("Mobile/Page/Home/Menubar - Portfolio"), 0): Tapped on element 'Object Repository/Mobile/Page/Home/Menubar - Portfolio'

2021-12-21 10:22:21 - [MESSAGE][WARNING] - Timeout '0' is invalid. Using default page load timeout: '60'

2021-12-21 10:22:22 - [MESSAGE][PASSED] - Tapped on element 'Object Repository/Mobile/Page/Home/Menubar - Portfolio'

2021-12-21 10:22:22 - [TEST_STEP][PASSED] - delay(1): Delayed 1 second(s)

2021-12-21 10:22:23 - [MESSAGE][PASSED] - Delayed 1 second(s)

2021-12-21 10:22:23 - [TEST_STEP][PASSED] - for ([i = 0, i < 1, (i++)]): Delayed 3 second(s)

2021-12-21 10:22:23 - [TEST_STEP][PASSED] - if (tab == "summary"): Delayed 3 second(s)

2021-12-21 10:22:23 - [TEST_STEP][PASSED] - idr = findTestObject("Mobile/Page/Portfolio/Button - IDR"): null

2021-12-21 10:22:23 - [TEST_STEP][PASSED] - persen = findTestObject("Mobile/Page/Portfolio/Button - Persen"): null

2021-12-21 10:22:23 - [TEST_STEP][PASSED] - if (action == "summary"): null

2021-12-21 10:22:23 - [TEST_STEP][PASSED] - else if (action == "perf_daily"): Delayed 3 second(s)

2021-12-21 10:22:23 - [TEST_STEP][PASSED] - scroll.scroll.scrollScreenBottomToTop(): scroll.scroll.scrollScreenBottomToTop is PASSED

2021-12-21 10:22:24 - [MESSAGE][PASSED] - Current device physical height is 1423

2021-12-21 10:22:24 - [MESSAGE][PASSED] - Current device physical width is 720

2021-12-21 10:22:25 - [MESSAGE][PASSED] - Swiped from 360,1,138 to 360,284

2021-12-21 10:22:25 - [MESSAGE][PASSED] - scroll.scroll.scrollScreenBottomToTop is PASSED

2021-12-21 10:22:25 - [TEST_STEP][PASSED] - delay(1): Delayed 1 second(s)

2021-12-21 10:22:26 - [MESSAGE][PASSED] - Delayed 1 second(s)

2021-12-21 10:22:26 - [TEST_STEP][PASSED] - tap(idr, 0): Tapped on element 'Object Repository/Mobile/Page/Portfolio/Button - IDR'

2021-12-21 10:22:26 - [MESSAGE][WARNING] - Timeout '0' is invalid. Using default page load timeout: '60'

2021-12-21 10:22:27 - [MESSAGE][PASSED] - Tapped on element 'Object Repository/Mobile/Page/Portfolio/Button - IDR'

2021-12-21 10:22:27 - [TEST_STEP][PASSED] - delay(3): Delayed 3 second(s)

2021-12-21 10:22:30 - [MESSAGE][PASSED] - Delayed 3 second(s)

2021-12-21 10:22:30 - [TEST_STEP][PASSED] - tap(persen, 0): Tapped on element 'Object Repository/Mobile/Page/Portfolio/Button - Persen'

2021-12-21 10:22:30 - [MESSAGE][WARNING] - Timeout '0' is invalid. Using default page load timeout: '60'

2021-12-21 10:22:31 - [MESSAGE][PASSED] - Tapped on element 'Object Repository/Mobile/Page/Portfolio/Button - Persen'

2021-12-21 10:22:31 - [TEST_STEP][PASSED] - delay(3): Delayed 3 second(s)

2021-12-21 10:22:34 - [MESSAGE][PASSED] - Delayed 3 second(s)

2021-12-21 10:22:34 - [MESSAGE][PASSED] - Call Test Case 'Test Cases/Mobile/Page/Portfolio/Portfolio' successfully

2021-12-21 10:22:34 - [TEST_STEP][PASSED] - callTestCase(findTestCase("Mobile/Page/Run App/Terminate App"), [:], STOP_ON_FAILURE): Call Test Case 'Test Cases/Mobile/Page/Run App/Terminate App' successfully

2021-12-21 10:22:34 - [TEST_CASE][PASSED] - Test Cases/Mobile/Page/Run App/Terminate App: Test Cases/Mobile/Page/Run App/Terminate App

2021-12-21 10:22:34 - [TEST_STEP][PASSED] - startApp.OpenApp.terminateApplication(): startApp.OpenApp.terminateApplication is PASSED

2021-12-21 10:22:37 - [MESSAGE][PASSED] - Delayed 3 second(s)

2021-12-21 10:22:37 - [MESSAGE][PASSED] - Current device physical width is 720

2021-12-21 10:22:38 - [MESSAGE][PASSED] - Current device physical height is 1423

2021-12-21 10:22:39 - [MESSAGE][PASSED] - Swiped from 360,853 to 360,142

2021-12-21 10:22:40 - [MESSAGE][PASSED] - Delayed 1 second(s)

2021-12-21 10:22:41 - [MESSAGE][PASSED] - Swiped from 360,853 to 360,142

2021-12-21 10:22:44 - [MESSAGE][PASSED] - Delayed 3 second(s)

2021-12-21 10:22:44 - [MESSAGE][PASSED] - startApp.OpenApp.terminateApplication is PASSED

2021-12-21 10:22:44 - [MESSAGE][PASSED] - Call Test Case 'Test Cases/Mobile/Page/Run App/Terminate App' successfully]]></system-out>
         <system-err><![CDATA[]]></system-err>
      </testcase>
      <testcase name="Test Cases/Mobile/Scenario/Portfolio/003 - Portfolio Performance Month" time="63.404" classname="Test Cases/Mobile/Scenario/Portfolio/003 - Portfolio Performance Month" status="PASSED">
         <system-out><![CDATA[2021-12-21 10:22:44 - [TEST_CASE][PASSED] - Test Cases/Mobile/Scenario/Portfolio/003 - Portfolio Performance Month: Test Cases/Mobile/Scenario/Portfolio/003 - Portfolio Performance Month

2021-12-21 10:22:45 - [TEST_STEP][PASSED] - callTestCase(findTestCase("Mobile/Page/Run App/Run App byID"), [:], STOP_ON_FAILURE): Call Test Case 'Test Cases/Mobile/Page/Run App/Run App byID' successfully

2021-12-21 10:22:45 - [TEST_CASE][PASSED] - Test Cases/Mobile/Page/Run App/Run App byID: Test Cases/Mobile/Page/Run App/Run App byID

2021-12-21 10:22:45 - [TEST_STEP][PASSED] - startApp.OpenApp.startApplication("id.co.miraeasset.sageclub"): startApp.OpenApp.startApplication is PASSED

2021-12-21 10:22:58 - [MESSAGE][PASSED] - Starting app with application ID: 'id.co.miraeasset.sageclub'

2021-12-21 10:22:58 - [MESSAGE][PASSED] - startApp.OpenApp.startApplication is PASSED

2021-12-21 10:22:58 - [MESSAGE][PASSED] - Call Test Case 'Test Cases/Mobile/Page/Run App/Run App byID' successfully

2021-12-21 10:22:58 - [TEST_STEP][PASSED] - callTestCase(findTestCase("Mobile/Page/Portfolio/Portfolio"), ["tab":"summary", "action":"perf_month"], CONTINUE_ON_FAILURE): Call Test Case 'Test Cases/Mobile/Page/Portfolio/Portfolio' successfully

2021-12-21 10:22:58 - [TEST_CASE][PASSED] - Test Cases/Mobile/Page/Portfolio/Portfolio: Test Cases/Mobile/Page/Portfolio/Portfolio

2021-12-21 10:22:58 - [TEST_STEP][PASSED] - callTestCase(findTestCase("Mobile/Page/CheckLogin"), [:], CONTINUE_ON_FAILURE): Call Test Case 'Test Cases/Mobile/Page/CheckLogin' successfully

2021-12-21 10:22:58 - [TEST_CASE][PASSED] - Test Cases/Mobile/Page/CheckLogin: Test Cases/Mobile/Page/CheckLogin

2021-12-21 10:22:58 - [TEST_STEP][PASSED] - loginCheck = verifyElementExist(findTestObject("Mobile/Page/Login/Button - Login"), 2, CONTINUE_ON_FAILURE): Element 'Object Repository/Mobile/Page/Login/Button - Login' is exist

2021-12-21 10:23:00 - [MESSAGE][PASSED] - Element 'Object Repository/Mobile/Page/Login/Button - Login' is exist

2021-12-21 10:23:00 - [TEST_STEP][PASSED] - if (loginCheck): Call Test Case 'Test Cases/Mobile/Page/Login/Login' successfully

2021-12-21 10:23:00 - [TEST_STEP][PASSED] - callTestCase(findTestCase("Mobile/Page/Login/Login"), [:], CONTINUE_ON_FAILURE): Call Test Case 'Test Cases/Mobile/Page/Login/Login' successfully

2021-12-21 10:23:00 - [TEST_CASE][PASSED] - Test Cases/Mobile/Page/Login/Login: Test Cases/Mobile/Page/Login/Login

2021-12-21 10:23:00 - [TEST_STEP][PASSED] - delay(2): Delayed 2 second(s)

2021-12-21 10:23:02 - [MESSAGE][PASSED] - Delayed 2 second(s)

2021-12-21 10:23:02 - [TEST_STEP][PASSED] - tap(findTestObject("Mobile/Page/Login/Input - UserID"), 0): Tapped on element 'Object Repository/Mobile/Page/Login/Input - UserID'

2021-12-21 10:23:02 - [MESSAGE][WARNING] - Timeout '0' is invalid. Using default page load timeout: '60'

2021-12-21 10:23:03 - [MESSAGE][PASSED] - Tapped on element 'Object Repository/Mobile/Page/Login/Input - UserID'

2021-12-21 10:23:03 - [TEST_STEP][PASSED] - delay(1): Delayed 1 second(s)

2021-12-21 10:23:04 - [MESSAGE][PASSED] - Delayed 1 second(s)

2021-12-21 10:23:04 - [TEST_STEP][PASSED] - setText(findTestObject("Mobile/Page/Login/Input Rdy - UserID"), "anggaaditya", 0): Text 'anggaaditya' has been set to element 'Object Repository/Mobile/Page/Login/Input Rdy - UserID'

2021-12-21 10:23:05 - [MESSAGE][WARNING] - Timeout '0' is invalid. Using default page load timeout: '60'

2021-12-21 10:23:05 - [MESSAGE][PASSED] - Text 'anggaaditya' has been set to element 'Object Repository/Mobile/Page/Login/Input Rdy - UserID'

2021-12-21 10:23:05 - [TEST_STEP][PASSED] - delay(1): Delayed 1 second(s)

2021-12-21 10:23:06 - [MESSAGE][PASSED] - Delayed 1 second(s)

2021-12-21 10:23:06 - [TEST_STEP][PASSED] - hideKeyboard(): Keyboard is hidden

2021-12-21 10:23:11 - [MESSAGE][PASSED] - Keyboard is hidden

2021-12-21 10:23:11 - [TEST_STEP][PASSED] - tap(findTestObject("Mobile/Page/Login/Input - Password"), 0): Tapped on element 'Object Repository/Mobile/Page/Login/Input - Password'

2021-12-21 10:23:11 - [MESSAGE][WARNING] - Timeout '0' is invalid. Using default page load timeout: '60'

2021-12-21 10:23:11 - [MESSAGE][PASSED] - Tapped on element 'Object Repository/Mobile/Page/Login/Input - Password'

2021-12-21 10:23:11 - [TEST_STEP][PASSED] - delay(1): Delayed 1 second(s)

2021-12-21 10:23:12 - [MESSAGE][PASSED] - Delayed 1 second(s)

2021-12-21 10:23:12 - [TEST_STEP][PASSED] - setText(findTestObject("Mobile/Page/Login/Input Rdy - Password"), "Shalawa18", 0): Text 'Shalawa18' has been set to element 'Object Repository/Mobile/Page/Login/Input Rdy - Password'

2021-12-21 10:23:12 - [MESSAGE][WARNING] - Timeout '0' is invalid. Using default page load timeout: '60'

2021-12-21 10:23:13 - [MESSAGE][PASSED] - Text 'Shalawa18' has been set to element 'Object Repository/Mobile/Page/Login/Input Rdy - Password'

2021-12-21 10:23:13 - [TEST_STEP][PASSED] - delay(1): Delayed 1 second(s)

2021-12-21 10:23:14 - [MESSAGE][PASSED] - Delayed 1 second(s)

2021-12-21 10:23:14 - [TEST_STEP][PASSED] - hideKeyboard(): Keyboard is hidden

2021-12-21 10:23:21 - [MESSAGE][PASSED] - Keyboard is hidden

2021-12-21 10:23:21 - [TEST_STEP][PASSED] - tap(findTestObject("Mobile/Page/Login/Button - Login"), 0): Tapped on element 'Object Repository/Mobile/Page/Login/Button - Login'

2021-12-21 10:23:21 - [MESSAGE][WARNING] - Timeout '0' is invalid. Using default page load timeout: '60'

2021-12-21 10:23:22 - [MESSAGE][PASSED] - Tapped on element 'Object Repository/Mobile/Page/Login/Button - Login'

2021-12-21 10:23:22 - [TEST_STEP][PASSED] - delay(2): Delayed 2 second(s)

2021-12-21 10:23:24 - [MESSAGE][PASSED] - Delayed 2 second(s)

2021-12-21 10:23:24 - [MESSAGE][PASSED] - Call Test Case 'Test Cases/Mobile/Page/Login/Login' successfully

2021-12-21 10:23:24 - [MESSAGE][PASSED] - Call Test Case 'Test Cases/Mobile/Page/CheckLogin' successfully

2021-12-21 10:23:24 - [TEST_STEP][PASSED] - tap(findTestObject("Mobile/Page/Home/Menubar - Portfolio"), 0): Tapped on element 'Object Repository/Mobile/Page/Home/Menubar - Portfolio'

2021-12-21 10:23:24 - [MESSAGE][WARNING] - Timeout '0' is invalid. Using default page load timeout: '60'

2021-12-21 10:23:25 - [MESSAGE][PASSED] - Tapped on element 'Object Repository/Mobile/Page/Home/Menubar - Portfolio'

2021-12-21 10:23:25 - [TEST_STEP][PASSED] - delay(1): Delayed 1 second(s)

2021-12-21 10:23:26 - [MESSAGE][PASSED] - Delayed 1 second(s)

2021-12-21 10:23:26 - [TEST_STEP][PASSED] - for ([i = 0, i < 1, (i++)]): Delayed 3 second(s)

2021-12-21 10:23:26 - [TEST_STEP][PASSED] - if (tab == "summary"): Delayed 3 second(s)

2021-12-21 10:23:26 - [TEST_STEP][PASSED] - idr = findTestObject("Mobile/Page/Portfolio/Button - IDR"): null

2021-12-21 10:23:26 - [TEST_STEP][PASSED] - persen = findTestObject("Mobile/Page/Portfolio/Button - Persen"): null

2021-12-21 10:23:26 - [TEST_STEP][PASSED] - if (action == "summary"): null

2021-12-21 10:23:26 - [TEST_STEP][PASSED] - else if (action == "perf_daily"): null

2021-12-21 10:23:26 - [TEST_STEP][PASSED] - else if (action == "perf_month"): Delayed 3 second(s)

2021-12-21 10:23:26 - [TEST_STEP][PASSED] - scroll.scroll.scrollScreenBottomToTop(): scroll.scroll.scrollScreenBottomToTop is PASSED

2021-12-21 10:23:26 - [MESSAGE][PASSED] - Current device physical height is 1423

2021-12-21 10:23:26 - [MESSAGE][PASSED] - Current device physical width is 720

2021-12-21 10:23:28 - [MESSAGE][PASSED] - Swiped from 360,1,138 to 360,284

2021-12-21 10:23:28 - [MESSAGE][PASSED] - scroll.scroll.scrollScreenBottomToTop is PASSED

2021-12-21 10:23:28 - [TEST_STEP][PASSED] - delay(1): Delayed 1 second(s)

2021-12-21 10:23:29 - [MESSAGE][PASSED] - Delayed 1 second(s)

2021-12-21 10:23:29 - [TEST_STEP][PASSED] - tap(findTestObject("Object Repository/Mobile/Page/Portfolio/Tab - Summary Month to Date"), 0): Tapped on element 'Object Repository/Mobile/Page/Portfolio/Tab - Summary Month to Date'

2021-12-21 10:23:29 - [MESSAGE][WARNING] - Timeout '0' is invalid. Using default page load timeout: '60'

2021-12-21 10:23:29 - [MESSAGE][PASSED] - Tapped on element 'Object Repository/Mobile/Page/Portfolio/Tab - Summary Month to Date'

2021-12-21 10:23:29 - [TEST_STEP][PASSED] - delay(1): Delayed 1 second(s)

2021-12-21 10:23:30 - [MESSAGE][PASSED] - Delayed 1 second(s)

2021-12-21 10:23:30 - [TEST_STEP][PASSED] - tap(idr, 0): Tapped on element 'Object Repository/Mobile/Page/Portfolio/Button - IDR'

2021-12-21 10:23:30 - [MESSAGE][WARNING] - Timeout '0' is invalid. Using default page load timeout: '60'

2021-12-21 10:23:31 - [MESSAGE][PASSED] - Tapped on element 'Object Repository/Mobile/Page/Portfolio/Button - IDR'

2021-12-21 10:23:31 - [TEST_STEP][PASSED] - delay(3): Delayed 3 second(s)

2021-12-21 10:23:34 - [MESSAGE][PASSED] - Delayed 3 second(s)

2021-12-21 10:23:34 - [TEST_STEP][PASSED] - tap(persen, 0): Tapped on element 'Object Repository/Mobile/Page/Portfolio/Button - Persen'

2021-12-21 10:23:34 - [MESSAGE][WARNING] - Timeout '0' is invalid. Using default page load timeout: '60'

2021-12-21 10:23:34 - [MESSAGE][PASSED] - Tapped on element 'Object Repository/Mobile/Page/Portfolio/Button - Persen'

2021-12-21 10:23:34 - [TEST_STEP][PASSED] - delay(3): Delayed 3 second(s)

2021-12-21 10:23:37 - [MESSAGE][PASSED] - Delayed 3 second(s)

2021-12-21 10:23:37 - [MESSAGE][PASSED] - Call Test Case 'Test Cases/Mobile/Page/Portfolio/Portfolio' successfully

2021-12-21 10:23:37 - [TEST_STEP][PASSED] - callTestCase(findTestCase("Mobile/Page/Run App/Terminate App"), [:], STOP_ON_FAILURE): Call Test Case 'Test Cases/Mobile/Page/Run App/Terminate App' successfully

2021-12-21 10:23:37 - [TEST_CASE][PASSED] - Test Cases/Mobile/Page/Run App/Terminate App: Test Cases/Mobile/Page/Run App/Terminate App

2021-12-21 10:23:37 - [TEST_STEP][PASSED] - startApp.OpenApp.terminateApplication(): startApp.OpenApp.terminateApplication is PASSED

2021-12-21 10:23:41 - [MESSAGE][PASSED] - Delayed 3 second(s)

2021-12-21 10:23:41 - [MESSAGE][PASSED] - Current device physical width is 720

2021-12-21 10:23:41 - [MESSAGE][PASSED] - Current device physical height is 1423

2021-12-21 10:23:42 - [MESSAGE][PASSED] - Swiped from 360,853 to 360,142

2021-12-21 10:23:43 - [MESSAGE][PASSED] - Delayed 1 second(s)

2021-12-21 10:23:45 - [MESSAGE][PASSED] - Swiped from 360,853 to 360,142

2021-12-21 10:23:48 - [MESSAGE][PASSED] - Delayed 3 second(s)

2021-12-21 10:23:48 - [MESSAGE][PASSED] - startApp.OpenApp.terminateApplication is PASSED

2021-12-21 10:23:48 - [MESSAGE][PASSED] - Call Test Case 'Test Cases/Mobile/Page/Run App/Terminate App' successfully]]></system-out>
         <system-err><![CDATA[]]></system-err>
      </testcase>
      <testcase name="Test Cases/Mobile/Scenario/Portfolio/004 - Portfolio Performance Quarter" time="61.076" classname="Test Cases/Mobile/Scenario/Portfolio/004 - Portfolio Performance Quarter" status="PASSED">
         <system-out><![CDATA[2021-12-21 10:23:48 - [TEST_CASE][PASSED] - Test Cases/Mobile/Scenario/Portfolio/004 - Portfolio Performance Quarter: Test Cases/Mobile/Scenario/Portfolio/004 - Portfolio Performance Quarter

2021-12-21 10:23:48 - [TEST_STEP][PASSED] - callTestCase(findTestCase("Mobile/Page/Run App/Run App byID"), [:], STOP_ON_FAILURE): Call Test Case 'Test Cases/Mobile/Page/Run App/Run App byID' successfully

2021-12-21 10:23:48 - [TEST_CASE][PASSED] - Test Cases/Mobile/Page/Run App/Run App byID: Test Cases/Mobile/Page/Run App/Run App byID

2021-12-21 10:23:48 - [TEST_STEP][PASSED] - startApp.OpenApp.startApplication("id.co.miraeasset.sageclub"): startApp.OpenApp.startApplication is PASSED

2021-12-21 10:24:00 - [MESSAGE][PASSED] - Starting app with application ID: 'id.co.miraeasset.sageclub'

2021-12-21 10:24:00 - [MESSAGE][PASSED] - startApp.OpenApp.startApplication is PASSED

2021-12-21 10:24:00 - [MESSAGE][PASSED] - Call Test Case 'Test Cases/Mobile/Page/Run App/Run App byID' successfully

2021-12-21 10:24:00 - [TEST_STEP][PASSED] - callTestCase(findTestCase("Mobile/Page/Portfolio/Portfolio"), ["tab":"summary", "action":"perf_quarter"], CONTINUE_ON_FAILURE): Call Test Case 'Test Cases/Mobile/Page/Portfolio/Portfolio' successfully

2021-12-21 10:24:00 - [TEST_CASE][PASSED] - Test Cases/Mobile/Page/Portfolio/Portfolio: Test Cases/Mobile/Page/Portfolio/Portfolio

2021-12-21 10:24:00 - [TEST_STEP][PASSED] - callTestCase(findTestCase("Mobile/Page/CheckLogin"), [:], CONTINUE_ON_FAILURE): Call Test Case 'Test Cases/Mobile/Page/CheckLogin' successfully

2021-12-21 10:24:00 - [TEST_CASE][PASSED] - Test Cases/Mobile/Page/CheckLogin: Test Cases/Mobile/Page/CheckLogin

2021-12-21 10:24:00 - [TEST_STEP][PASSED] - loginCheck = verifyElementExist(findTestObject("Mobile/Page/Login/Button - Login"), 2, CONTINUE_ON_FAILURE): Element 'Object Repository/Mobile/Page/Login/Button - Login' is exist

2021-12-21 10:24:03 - [MESSAGE][PASSED] - Element 'Object Repository/Mobile/Page/Login/Button - Login' is exist

2021-12-21 10:24:03 - [TEST_STEP][PASSED] - if (loginCheck): Call Test Case 'Test Cases/Mobile/Page/Login/Login' successfully

2021-12-21 10:24:03 - [TEST_STEP][PASSED] - callTestCase(findTestCase("Mobile/Page/Login/Login"), [:], CONTINUE_ON_FAILURE): Call Test Case 'Test Cases/Mobile/Page/Login/Login' successfully

2021-12-21 10:24:03 - [TEST_CASE][PASSED] - Test Cases/Mobile/Page/Login/Login: Test Cases/Mobile/Page/Login/Login

2021-12-21 10:24:03 - [TEST_STEP][PASSED] - delay(2): Delayed 2 second(s)

2021-12-21 10:24:05 - [MESSAGE][PASSED] - Delayed 2 second(s)

2021-12-21 10:24:05 - [TEST_STEP][PASSED] - tap(findTestObject("Mobile/Page/Login/Input - UserID"), 0): Tapped on element 'Object Repository/Mobile/Page/Login/Input - UserID'

2021-12-21 10:24:05 - [MESSAGE][WARNING] - Timeout '0' is invalid. Using default page load timeout: '60'

2021-12-21 10:24:05 - [MESSAGE][PASSED] - Tapped on element 'Object Repository/Mobile/Page/Login/Input - UserID'

2021-12-21 10:24:05 - [TEST_STEP][PASSED] - delay(1): Delayed 1 second(s)

2021-12-21 10:24:06 - [MESSAGE][PASSED] - Delayed 1 second(s)

2021-12-21 10:24:06 - [TEST_STEP][PASSED] - setText(findTestObject("Mobile/Page/Login/Input Rdy - UserID"), "anggaaditya", 0): Text 'anggaaditya' has been set to element 'Object Repository/Mobile/Page/Login/Input Rdy - UserID'

2021-12-21 10:24:06 - [MESSAGE][WARNING] - Timeout '0' is invalid. Using default page load timeout: '60'

2021-12-21 10:24:07 - [MESSAGE][PASSED] - Text 'anggaaditya' has been set to element 'Object Repository/Mobile/Page/Login/Input Rdy - UserID'

2021-12-21 10:24:07 - [TEST_STEP][PASSED] - delay(1): Delayed 1 second(s)

2021-12-21 10:24:08 - [MESSAGE][PASSED] - Delayed 1 second(s)

2021-12-21 10:24:08 - [TEST_STEP][PASSED] - hideKeyboard(): Keyboard is hidden

2021-12-21 10:24:12 - [MESSAGE][PASSED] - Keyboard is hidden

2021-12-21 10:24:12 - [TEST_STEP][PASSED] - tap(findTestObject("Mobile/Page/Login/Input - Password"), 0): Tapped on element 'Object Repository/Mobile/Page/Login/Input - Password'

2021-12-21 10:24:12 - [MESSAGE][WARNING] - Timeout '0' is invalid. Using default page load timeout: '60'

2021-12-21 10:24:13 - [MESSAGE][PASSED] - Tapped on element 'Object Repository/Mobile/Page/Login/Input - Password'

2021-12-21 10:24:13 - [TEST_STEP][PASSED] - delay(1): Delayed 1 second(s)

2021-12-21 10:24:14 - [MESSAGE][PASSED] - Delayed 1 second(s)

2021-12-21 10:24:14 - [TEST_STEP][PASSED] - setText(findTestObject("Mobile/Page/Login/Input Rdy - Password"), "Shalawa18", 0): Text 'Shalawa18' has been set to element 'Object Repository/Mobile/Page/Login/Input Rdy - Password'

2021-12-21 10:24:14 - [MESSAGE][WARNING] - Timeout '0' is invalid. Using default page load timeout: '60'

2021-12-21 10:24:15 - [MESSAGE][PASSED] - Text 'Shalawa18' has been set to element 'Object Repository/Mobile/Page/Login/Input Rdy - Password'

2021-12-21 10:24:15 - [TEST_STEP][PASSED] - delay(1): Delayed 1 second(s)

2021-12-21 10:24:16 - [MESSAGE][PASSED] - Delayed 1 second(s)

2021-12-21 10:24:16 - [TEST_STEP][PASSED] - hideKeyboard(): Keyboard is hidden

2021-12-21 10:24:22 - [MESSAGE][PASSED] - Keyboard is hidden

2021-12-21 10:24:22 - [TEST_STEP][PASSED] - tap(findTestObject("Mobile/Page/Login/Button - Login"), 0): Tapped on element 'Object Repository/Mobile/Page/Login/Button - Login'

2021-12-21 10:24:22 - [MESSAGE][WARNING] - Timeout '0' is invalid. Using default page load timeout: '60'

2021-12-21 10:24:22 - [MESSAGE][PASSED] - Tapped on element 'Object Repository/Mobile/Page/Login/Button - Login'

2021-12-21 10:24:22 - [TEST_STEP][PASSED] - delay(2): Delayed 2 second(s)

2021-12-21 10:24:24 - [MESSAGE][PASSED] - Delayed 2 second(s)

2021-12-21 10:24:24 - [MESSAGE][PASSED] - Call Test Case 'Test Cases/Mobile/Page/Login/Login' successfully

2021-12-21 10:24:24 - [MESSAGE][PASSED] - Call Test Case 'Test Cases/Mobile/Page/CheckLogin' successfully

2021-12-21 10:24:24 - [TEST_STEP][PASSED] - tap(findTestObject("Mobile/Page/Home/Menubar - Portfolio"), 0): Tapped on element 'Object Repository/Mobile/Page/Home/Menubar - Portfolio'

2021-12-21 10:24:24 - [MESSAGE][WARNING] - Timeout '0' is invalid. Using default page load timeout: '60'

2021-12-21 10:24:26 - [MESSAGE][PASSED] - Tapped on element 'Object Repository/Mobile/Page/Home/Menubar - Portfolio'

2021-12-21 10:24:26 - [TEST_STEP][PASSED] - delay(1): Delayed 1 second(s)

2021-12-21 10:24:27 - [MESSAGE][PASSED] - Delayed 1 second(s)

2021-12-21 10:24:27 - [TEST_STEP][PASSED] - for ([i = 0, i < 1, (i++)]): Delayed 3 second(s)

2021-12-21 10:24:27 - [TEST_STEP][PASSED] - if (tab == "summary"): Delayed 3 second(s)

2021-12-21 10:24:27 - [TEST_STEP][PASSED] - idr = findTestObject("Mobile/Page/Portfolio/Button - IDR"): null

2021-12-21 10:24:27 - [TEST_STEP][PASSED] - persen = findTestObject("Mobile/Page/Portfolio/Button - Persen"): null

2021-12-21 10:24:27 - [TEST_STEP][PASSED] - if (action == "summary"): null

2021-12-21 10:24:27 - [TEST_STEP][PASSED] - else if (action == "perf_daily"): null

2021-12-21 10:24:27 - [TEST_STEP][PASSED] - else if (action == "perf_month"): null

2021-12-21 10:24:27 - [TEST_STEP][PASSED] - else if (action == "perf_quarter"): Delayed 3 second(s)

2021-12-21 10:24:27 - [TEST_STEP][PASSED] - scroll.scroll.scrollScreenBottomToTop(): scroll.scroll.scrollScreenBottomToTop is PASSED

2021-12-21 10:24:27 - [MESSAGE][PASSED] - Current device physical height is 1423

2021-12-21 10:24:28 - [MESSAGE][PASSED] - Current device physical width is 720

2021-12-21 10:24:29 - [MESSAGE][PASSED] - Swiped from 360,1,138 to 360,284

2021-12-21 10:24:29 - [MESSAGE][PASSED] - scroll.scroll.scrollScreenBottomToTop is PASSED

2021-12-21 10:24:29 - [TEST_STEP][PASSED] - delay(1): Delayed 1 second(s)

2021-12-21 10:24:30 - [MESSAGE][PASSED] - Delayed 1 second(s)

2021-12-21 10:24:30 - [TEST_STEP][PASSED] - tap(findTestObject("Object Repository/Mobile/Page/Portfolio/Tab - Summary Quarter to Date"), 0): Tapped on element 'Object Repository/Mobile/Page/Portfolio/Tab - Summary Quarter to Date'

2021-12-21 10:24:30 - [MESSAGE][WARNING] - Timeout '0' is invalid. Using default page load timeout: '60'

2021-12-21 10:24:30 - [MESSAGE][PASSED] - Tapped on element 'Object Repository/Mobile/Page/Portfolio/Tab - Summary Quarter to Date'

2021-12-21 10:24:30 - [TEST_STEP][PASSED] - delay(1): Delayed 1 second(s)

2021-12-21 10:24:31 - [MESSAGE][PASSED] - Delayed 1 second(s)

2021-12-21 10:24:31 - [TEST_STEP][PASSED] - tap(idr, 0): Tapped on element 'Object Repository/Mobile/Page/Portfolio/Button - IDR'

2021-12-21 10:24:31 - [MESSAGE][WARNING] - Timeout '0' is invalid. Using default page load timeout: '60'

2021-12-21 10:24:32 - [MESSAGE][PASSED] - Tapped on element 'Object Repository/Mobile/Page/Portfolio/Button - IDR'

2021-12-21 10:24:32 - [TEST_STEP][PASSED] - delay(3): Delayed 3 second(s)

2021-12-21 10:24:35 - [MESSAGE][PASSED] - Delayed 3 second(s)

2021-12-21 10:24:35 - [TEST_STEP][PASSED] - tap(persen, 0): Tapped on element 'Object Repository/Mobile/Page/Portfolio/Button - Persen'

2021-12-21 10:24:35 - [MESSAGE][WARNING] - Timeout '0' is invalid. Using default page load timeout: '60'

2021-12-21 10:24:36 - [MESSAGE][PASSED] - Tapped on element 'Object Repository/Mobile/Page/Portfolio/Button - Persen'

2021-12-21 10:24:36 - [TEST_STEP][PASSED] - delay(3): Delayed 3 second(s)

2021-12-21 10:24:39 - [MESSAGE][PASSED] - Delayed 3 second(s)

2021-12-21 10:24:39 - [MESSAGE][PASSED] - Call Test Case 'Test Cases/Mobile/Page/Portfolio/Portfolio' successfully

2021-12-21 10:24:39 - [TEST_STEP][PASSED] - callTestCase(findTestCase("Mobile/Page/Run App/Terminate App"), [:], STOP_ON_FAILURE): Call Test Case 'Test Cases/Mobile/Page/Run App/Terminate App' successfully

2021-12-21 10:24:39 - [TEST_CASE][PASSED] - Test Cases/Mobile/Page/Run App/Terminate App: Test Cases/Mobile/Page/Run App/Terminate App

2021-12-21 10:24:39 - [TEST_STEP][PASSED] - startApp.OpenApp.terminateApplication(): startApp.OpenApp.terminateApplication is PASSED

2021-12-21 10:24:42 - [MESSAGE][PASSED] - Delayed 3 second(s)

2021-12-21 10:24:42 - [MESSAGE][PASSED] - Current device physical width is 720

2021-12-21 10:24:42 - [MESSAGE][PASSED] - Current device physical height is 1423

2021-12-21 10:24:43 - [MESSAGE][PASSED] - Swiped from 360,853 to 360,142

2021-12-21 10:24:45 - [MESSAGE][PASSED] - Delayed 1 second(s)

2021-12-21 10:24:46 - [MESSAGE][PASSED] - Swiped from 360,853 to 360,142

2021-12-21 10:24:49 - [MESSAGE][PASSED] - Delayed 3 second(s)

2021-12-21 10:24:49 - [MESSAGE][PASSED] - startApp.OpenApp.terminateApplication is PASSED

2021-12-21 10:24:49 - [MESSAGE][PASSED] - Call Test Case 'Test Cases/Mobile/Page/Run App/Terminate App' successfully]]></system-out>
         <system-err><![CDATA[]]></system-err>
      </testcase>
      <testcase name="Test Cases/Mobile/Scenario/Portfolio/005 - Portfolio Performance Year" time="61.386" classname="Test Cases/Mobile/Scenario/Portfolio/005 - Portfolio Performance Year" status="PASSED">
         <system-out><![CDATA[2021-12-21 10:24:49 - [TEST_CASE][PASSED] - Test Cases/Mobile/Scenario/Portfolio/005 - Portfolio Performance Year: Test Cases/Mobile/Scenario/Portfolio/005 - Portfolio Performance Year

2021-12-21 10:24:49 - [TEST_STEP][PASSED] - callTestCase(findTestCase("Mobile/Page/Run App/Run App byID"), [:], STOP_ON_FAILURE): Call Test Case 'Test Cases/Mobile/Page/Run App/Run App byID' successfully

2021-12-21 10:24:49 - [TEST_CASE][PASSED] - Test Cases/Mobile/Page/Run App/Run App byID: Test Cases/Mobile/Page/Run App/Run App byID

2021-12-21 10:24:49 - [TEST_STEP][PASSED] - startApp.OpenApp.startApplication("id.co.miraeasset.sageclub"): startApp.OpenApp.startApplication is PASSED

2021-12-21 10:25:01 - [MESSAGE][PASSED] - Starting app with application ID: 'id.co.miraeasset.sageclub'

2021-12-21 10:25:01 - [MESSAGE][PASSED] - startApp.OpenApp.startApplication is PASSED

2021-12-21 10:25:01 - [MESSAGE][PASSED] - Call Test Case 'Test Cases/Mobile/Page/Run App/Run App byID' successfully

2021-12-21 10:25:01 - [TEST_STEP][PASSED] - callTestCase(findTestCase("Mobile/Page/Portfolio/Portfolio"), ["tab":"summary", "action":"perf_year"], CONTINUE_ON_FAILURE): Call Test Case 'Test Cases/Mobile/Page/Portfolio/Portfolio' successfully

2021-12-21 10:25:01 - [TEST_CASE][PASSED] - Test Cases/Mobile/Page/Portfolio/Portfolio: Test Cases/Mobile/Page/Portfolio/Portfolio

2021-12-21 10:25:01 - [TEST_STEP][PASSED] - callTestCase(findTestCase("Mobile/Page/CheckLogin"), [:], CONTINUE_ON_FAILURE): Call Test Case 'Test Cases/Mobile/Page/CheckLogin' successfully

2021-12-21 10:25:01 - [TEST_CASE][PASSED] - Test Cases/Mobile/Page/CheckLogin: Test Cases/Mobile/Page/CheckLogin

2021-12-21 10:25:01 - [TEST_STEP][PASSED] - loginCheck = verifyElementExist(findTestObject("Mobile/Page/Login/Button - Login"), 2, CONTINUE_ON_FAILURE): Element 'Object Repository/Mobile/Page/Login/Button - Login' is exist

2021-12-21 10:25:03 - [MESSAGE][PASSED] - Element 'Object Repository/Mobile/Page/Login/Button - Login' is exist

2021-12-21 10:25:03 - [TEST_STEP][PASSED] - if (loginCheck): Call Test Case 'Test Cases/Mobile/Page/Login/Login' successfully

2021-12-21 10:25:03 - [TEST_STEP][PASSED] - callTestCase(findTestCase("Mobile/Page/Login/Login"), [:], CONTINUE_ON_FAILURE): Call Test Case 'Test Cases/Mobile/Page/Login/Login' successfully

2021-12-21 10:25:03 - [TEST_CASE][PASSED] - Test Cases/Mobile/Page/Login/Login: Test Cases/Mobile/Page/Login/Login

2021-12-21 10:25:03 - [TEST_STEP][PASSED] - delay(2): Delayed 2 second(s)

2021-12-21 10:25:05 - [MESSAGE][PASSED] - Delayed 2 second(s)

2021-12-21 10:25:05 - [TEST_STEP][PASSED] - tap(findTestObject("Mobile/Page/Login/Input - UserID"), 0): Tapped on element 'Object Repository/Mobile/Page/Login/Input - UserID'

2021-12-21 10:25:05 - [MESSAGE][WARNING] - Timeout '0' is invalid. Using default page load timeout: '60'

2021-12-21 10:25:06 - [MESSAGE][PASSED] - Tapped on element 'Object Repository/Mobile/Page/Login/Input - UserID'

2021-12-21 10:25:06 - [TEST_STEP][PASSED] - delay(1): Delayed 1 second(s)

2021-12-21 10:25:07 - [MESSAGE][PASSED] - Delayed 1 second(s)

2021-12-21 10:25:07 - [TEST_STEP][PASSED] - setText(findTestObject("Mobile/Page/Login/Input Rdy - UserID"), "anggaaditya", 0): Text 'anggaaditya' has been set to element 'Object Repository/Mobile/Page/Login/Input Rdy - UserID'

2021-12-21 10:25:07 - [MESSAGE][WARNING] - Timeout '0' is invalid. Using default page load timeout: '60'

2021-12-21 10:25:08 - [MESSAGE][PASSED] - Text 'anggaaditya' has been set to element 'Object Repository/Mobile/Page/Login/Input Rdy - UserID'

2021-12-21 10:25:08 - [TEST_STEP][PASSED] - delay(1): Delayed 1 second(s)

2021-12-21 10:25:09 - [MESSAGE][PASSED] - Delayed 1 second(s)

2021-12-21 10:25:09 - [TEST_STEP][PASSED] - hideKeyboard(): Keyboard is hidden

2021-12-21 10:25:13 - [MESSAGE][PASSED] - Keyboard is hidden

2021-12-21 10:25:13 - [TEST_STEP][PASSED] - tap(findTestObject("Mobile/Page/Login/Input - Password"), 0): Tapped on element 'Object Repository/Mobile/Page/Login/Input - Password'

2021-12-21 10:25:13 - [MESSAGE][WARNING] - Timeout '0' is invalid. Using default page load timeout: '60'

2021-12-21 10:25:13 - [MESSAGE][PASSED] - Tapped on element 'Object Repository/Mobile/Page/Login/Input - Password'

2021-12-21 10:25:13 - [TEST_STEP][PASSED] - delay(1): Delayed 1 second(s)

2021-12-21 10:25:14 - [MESSAGE][PASSED] - Delayed 1 second(s)

2021-12-21 10:25:14 - [TEST_STEP][PASSED] - setText(findTestObject("Mobile/Page/Login/Input Rdy - Password"), "Shalawa18", 0): Text 'Shalawa18' has been set to element 'Object Repository/Mobile/Page/Login/Input Rdy - Password'

2021-12-21 10:25:14 - [MESSAGE][WARNING] - Timeout '0' is invalid. Using default page load timeout: '60'

2021-12-21 10:25:15 - [MESSAGE][PASSED] - Text 'Shalawa18' has been set to element 'Object Repository/Mobile/Page/Login/Input Rdy - Password'

2021-12-21 10:25:15 - [TEST_STEP][PASSED] - delay(1): Delayed 1 second(s)

2021-12-21 10:25:16 - [MESSAGE][PASSED] - Delayed 1 second(s)

2021-12-21 10:25:16 - [TEST_STEP][PASSED] - hideKeyboard(): Keyboard is hidden

2021-12-21 10:25:22 - [MESSAGE][PASSED] - Keyboard is hidden

2021-12-21 10:25:22 - [TEST_STEP][PASSED] - tap(findTestObject("Mobile/Page/Login/Button - Login"), 0): Tapped on element 'Object Repository/Mobile/Page/Login/Button - Login'

2021-12-21 10:25:22 - [MESSAGE][WARNING] - Timeout '0' is invalid. Using default page load timeout: '60'

2021-12-21 10:25:23 - [MESSAGE][PASSED] - Tapped on element 'Object Repository/Mobile/Page/Login/Button - Login'

2021-12-21 10:25:23 - [TEST_STEP][PASSED] - delay(2): Delayed 2 second(s)

2021-12-21 10:25:25 - [MESSAGE][PASSED] - Delayed 2 second(s)

2021-12-21 10:25:25 - [MESSAGE][PASSED] - Call Test Case 'Test Cases/Mobile/Page/Login/Login' successfully

2021-12-21 10:25:25 - [MESSAGE][PASSED] - Call Test Case 'Test Cases/Mobile/Page/CheckLogin' successfully

2021-12-21 10:25:25 - [TEST_STEP][PASSED] - tap(findTestObject("Mobile/Page/Home/Menubar - Portfolio"), 0): Tapped on element 'Object Repository/Mobile/Page/Home/Menubar - Portfolio'

2021-12-21 10:25:25 - [MESSAGE][WARNING] - Timeout '0' is invalid. Using default page load timeout: '60'

2021-12-21 10:25:27 - [MESSAGE][PASSED] - Tapped on element 'Object Repository/Mobile/Page/Home/Menubar - Portfolio'

2021-12-21 10:25:27 - [TEST_STEP][PASSED] - delay(1): Delayed 1 second(s)

2021-12-21 10:25:28 - [MESSAGE][PASSED] - Delayed 1 second(s)

2021-12-21 10:25:28 - [TEST_STEP][PASSED] - for ([i = 0, i < 1, (i++)]): Delayed 3 second(s)

2021-12-21 10:25:28 - [TEST_STEP][PASSED] - if (tab == "summary"): Delayed 3 second(s)

2021-12-21 10:25:28 - [TEST_STEP][PASSED] - idr = findTestObject("Mobile/Page/Portfolio/Button - IDR"): null

2021-12-21 10:25:28 - [TEST_STEP][PASSED] - persen = findTestObject("Mobile/Page/Portfolio/Button - Persen"): null

2021-12-21 10:25:28 - [TEST_STEP][PASSED] - if (action == "summary"): null

2021-12-21 10:25:28 - [TEST_STEP][PASSED] - else if (action == "perf_daily"): null

2021-12-21 10:25:28 - [TEST_STEP][PASSED] - else if (action == "perf_month"): null

2021-12-21 10:25:28 - [TEST_STEP][PASSED] - else if (action == "perf_quarter"): null

2021-12-21 10:25:28 - [TEST_STEP][PASSED] - else if (action == "perf_year"): Delayed 3 second(s)

2021-12-21 10:25:28 - [TEST_STEP][PASSED] - scroll.scroll.scrollScreenBottomToTop(): scroll.scroll.scrollScreenBottomToTop is PASSED

2021-12-21 10:25:28 - [MESSAGE][PASSED] - Current device physical height is 1423

2021-12-21 10:25:28 - [MESSAGE][PASSED] - Current device physical width is 720

2021-12-21 10:25:30 - [MESSAGE][PASSED] - Swiped from 360,1,138 to 360,284

2021-12-21 10:25:30 - [MESSAGE][PASSED] - scroll.scroll.scrollScreenBottomToTop is PASSED

2021-12-21 10:25:30 - [TEST_STEP][PASSED] - delay(1): Delayed 1 second(s)

2021-12-21 10:25:31 - [MESSAGE][PASSED] - Delayed 1 second(s)

2021-12-21 10:25:31 - [TEST_STEP][PASSED] - tap(findTestObject("Object Repository/Mobile/Page/Portfolio/Tab - Summary Year to Date"), 0): Tapped on element 'Object Repository/Mobile/Page/Portfolio/Tab - Summary Year to Date'

2021-12-21 10:25:31 - [MESSAGE][WARNING] - Timeout '0' is invalid. Using default page load timeout: '60'

2021-12-21 10:25:31 - [MESSAGE][PASSED] - Tapped on element 'Object Repository/Mobile/Page/Portfolio/Tab - Summary Year to Date'

2021-12-21 10:25:31 - [TEST_STEP][PASSED] - delay(1): Delayed 1 second(s)

2021-12-21 10:25:32 - [MESSAGE][PASSED] - Delayed 1 second(s)

2021-12-21 10:25:32 - [TEST_STEP][PASSED] - tap(idr, 0): Tapped on element 'Object Repository/Mobile/Page/Portfolio/Button - IDR'

2021-12-21 10:25:32 - [MESSAGE][WARNING] - Timeout '0' is invalid. Using default page load timeout: '60'

2021-12-21 10:25:33 - [MESSAGE][PASSED] - Tapped on element 'Object Repository/Mobile/Page/Portfolio/Button - IDR'

2021-12-21 10:25:33 - [TEST_STEP][PASSED] - delay(3): Delayed 3 second(s)

2021-12-21 10:25:36 - [MESSAGE][PASSED] - Delayed 3 second(s)

2021-12-21 10:25:36 - [TEST_STEP][PASSED] - tap(persen, 0): Tapped on element 'Object Repository/Mobile/Page/Portfolio/Button - Persen'

2021-12-21 10:25:36 - [MESSAGE][WARNING] - Timeout '0' is invalid. Using default page load timeout: '60'

2021-12-21 10:25:37 - [MESSAGE][PASSED] - Tapped on element 'Object Repository/Mobile/Page/Portfolio/Button - Persen'

2021-12-21 10:25:37 - [TEST_STEP][PASSED] - delay(3): Delayed 3 second(s)

2021-12-21 10:25:40 - [MESSAGE][PASSED] - Delayed 3 second(s)

2021-12-21 10:25:40 - [MESSAGE][PASSED] - Call Test Case 'Test Cases/Mobile/Page/Portfolio/Portfolio' successfully

2021-12-21 10:25:40 - [TEST_STEP][PASSED] - callTestCase(findTestCase("Mobile/Page/Run App/Terminate App"), [:], STOP_ON_FAILURE): Call Test Case 'Test Cases/Mobile/Page/Run App/Terminate App' successfully

2021-12-21 10:25:40 - [TEST_CASE][PASSED] - Test Cases/Mobile/Page/Run App/Terminate App: Test Cases/Mobile/Page/Run App/Terminate App

2021-12-21 10:25:40 - [TEST_STEP][PASSED] - startApp.OpenApp.terminateApplication(): startApp.OpenApp.terminateApplication is PASSED

2021-12-21 10:25:43 - [MESSAGE][PASSED] - Delayed 3 second(s)

2021-12-21 10:25:43 - [MESSAGE][PASSED] - Current device physical width is 720

2021-12-21 10:25:43 - [MESSAGE][PASSED] - Current device physical height is 1423

2021-12-21 10:25:45 - [MESSAGE][PASSED] - Swiped from 360,853 to 360,142

2021-12-21 10:25:46 - [MESSAGE][PASSED] - Delayed 1 second(s)

2021-12-21 10:25:47 - [MESSAGE][PASSED] - Swiped from 360,853 to 360,142

2021-12-21 10:25:50 - [MESSAGE][PASSED] - Delayed 3 second(s)

2021-12-21 10:25:50 - [MESSAGE][PASSED] - startApp.OpenApp.terminateApplication is PASSED

2021-12-21 10:25:50 - [MESSAGE][PASSED] - Call Test Case 'Test Cases/Mobile/Page/Run App/Terminate App' successfully]]></system-out>
         <system-err><![CDATA[]]></system-err>
      </testcase>
      <testcase name="Test Cases/Mobile/Scenario/Portfolio/006 - Portfolio Stock" time="59.309" classname="Test Cases/Mobile/Scenario/Portfolio/006 - Portfolio Stock" status="PASSED">
         <system-out><![CDATA[2021-12-21 10:25:50 - [TEST_CASE][PASSED] - Test Cases/Mobile/Scenario/Portfolio/006 - Portfolio Stock: Test Cases/Mobile/Scenario/Portfolio/006 - Portfolio Stock

2021-12-21 10:25:50 - [TEST_STEP][PASSED] - callTestCase(findTestCase("Mobile/Page/Run App/Run App byID"), [:], STOP_ON_FAILURE): Call Test Case 'Test Cases/Mobile/Page/Run App/Run App byID' successfully

2021-12-21 10:25:50 - [TEST_CASE][PASSED] - Test Cases/Mobile/Page/Run App/Run App byID: Test Cases/Mobile/Page/Run App/Run App byID

2021-12-21 10:25:50 - [TEST_STEP][PASSED] - startApp.OpenApp.startApplication("id.co.miraeasset.sageclub"): startApp.OpenApp.startApplication is PASSED

2021-12-21 10:26:04 - [MESSAGE][PASSED] - Starting app with application ID: 'id.co.miraeasset.sageclub'

2021-12-21 10:26:04 - [MESSAGE][PASSED] - startApp.OpenApp.startApplication is PASSED

2021-12-21 10:26:04 - [MESSAGE][PASSED] - Call Test Case 'Test Cases/Mobile/Page/Run App/Run App byID' successfully

2021-12-21 10:26:04 - [TEST_STEP][PASSED] - callTestCase(findTestCase("Mobile/Page/Portfolio/Portfolio"), ["tab":"stock", "action":"none"], CONTINUE_ON_FAILURE): Call Test Case 'Test Cases/Mobile/Page/Portfolio/Portfolio' successfully

2021-12-21 10:26:04 - [TEST_CASE][PASSED] - Test Cases/Mobile/Page/Portfolio/Portfolio: Test Cases/Mobile/Page/Portfolio/Portfolio

2021-12-21 10:26:04 - [TEST_STEP][PASSED] - callTestCase(findTestCase("Mobile/Page/CheckLogin"), [:], CONTINUE_ON_FAILURE): Call Test Case 'Test Cases/Mobile/Page/CheckLogin' successfully

2021-12-21 10:26:05 - [TEST_CASE][PASSED] - Test Cases/Mobile/Page/CheckLogin: Test Cases/Mobile/Page/CheckLogin

2021-12-21 10:26:05 - [TEST_STEP][PASSED] - loginCheck = verifyElementExist(findTestObject("Mobile/Page/Login/Button - Login"), 2, CONTINUE_ON_FAILURE): Element 'Object Repository/Mobile/Page/Login/Button - Login' is exist

2021-12-21 10:26:07 - [MESSAGE][PASSED] - Element 'Object Repository/Mobile/Page/Login/Button - Login' is exist

2021-12-21 10:26:07 - [TEST_STEP][PASSED] - if (loginCheck): Call Test Case 'Test Cases/Mobile/Page/Login/Login' successfully

2021-12-21 10:26:07 - [TEST_STEP][PASSED] - callTestCase(findTestCase("Mobile/Page/Login/Login"), [:], CONTINUE_ON_FAILURE): Call Test Case 'Test Cases/Mobile/Page/Login/Login' successfully

2021-12-21 10:26:07 - [TEST_CASE][PASSED] - Test Cases/Mobile/Page/Login/Login: Test Cases/Mobile/Page/Login/Login

2021-12-21 10:26:07 - [TEST_STEP][PASSED] - delay(2): Delayed 2 second(s)

2021-12-21 10:26:09 - [MESSAGE][PASSED] - Delayed 2 second(s)

2021-12-21 10:26:09 - [TEST_STEP][PASSED] - tap(findTestObject("Mobile/Page/Login/Input - UserID"), 0): Tapped on element 'Object Repository/Mobile/Page/Login/Input - UserID'

2021-12-21 10:26:09 - [MESSAGE][WARNING] - Timeout '0' is invalid. Using default page load timeout: '60'

2021-12-21 10:26:09 - [MESSAGE][PASSED] - Tapped on element 'Object Repository/Mobile/Page/Login/Input - UserID'

2021-12-21 10:26:09 - [TEST_STEP][PASSED] - delay(1): Delayed 1 second(s)

2021-12-21 10:26:10 - [MESSAGE][PASSED] - Delayed 1 second(s)

2021-12-21 10:26:10 - [TEST_STEP][PASSED] - setText(findTestObject("Mobile/Page/Login/Input Rdy - UserID"), "anggaaditya", 0): Text 'anggaaditya' has been set to element 'Object Repository/Mobile/Page/Login/Input Rdy - UserID'

2021-12-21 10:26:10 - [MESSAGE][WARNING] - Timeout '0' is invalid. Using default page load timeout: '60'

2021-12-21 10:26:11 - [MESSAGE][PASSED] - Text 'anggaaditya' has been set to element 'Object Repository/Mobile/Page/Login/Input Rdy - UserID'

2021-12-21 10:26:11 - [TEST_STEP][PASSED] - delay(1): Delayed 1 second(s)

2021-12-21 10:26:12 - [MESSAGE][PASSED] - Delayed 1 second(s)

2021-12-21 10:26:12 - [TEST_STEP][PASSED] - hideKeyboard(): Keyboard is hidden

2021-12-21 10:26:17 - [MESSAGE][PASSED] - Keyboard is hidden

2021-12-21 10:26:17 - [TEST_STEP][PASSED] - tap(findTestObject("Mobile/Page/Login/Input - Password"), 0): Tapped on element 'Object Repository/Mobile/Page/Login/Input - Password'

2021-12-21 10:26:17 - [MESSAGE][WARNING] - Timeout '0' is invalid. Using default page load timeout: '60'

2021-12-21 10:26:19 - [MESSAGE][PASSED] - Tapped on element 'Object Repository/Mobile/Page/Login/Input - Password'

2021-12-21 10:26:19 - [TEST_STEP][PASSED] - delay(1): Delayed 1 second(s)

2021-12-21 10:26:20 - [MESSAGE][PASSED] - Delayed 1 second(s)

2021-12-21 10:26:20 - [TEST_STEP][PASSED] - setText(findTestObject("Mobile/Page/Login/Input Rdy - Password"), "Shalawa18", 0): Text 'Shalawa18' has been set to element 'Object Repository/Mobile/Page/Login/Input Rdy - Password'

2021-12-21 10:26:20 - [MESSAGE][WARNING] - Timeout '0' is invalid. Using default page load timeout: '60'

2021-12-21 10:26:20 - [MESSAGE][PASSED] - Text 'Shalawa18' has been set to element 'Object Repository/Mobile/Page/Login/Input Rdy - Password'

2021-12-21 10:26:20 - [TEST_STEP][PASSED] - delay(1): Delayed 1 second(s)

2021-12-21 10:26:21 - [MESSAGE][PASSED] - Delayed 1 second(s)

2021-12-21 10:26:21 - [TEST_STEP][PASSED] - hideKeyboard(): Keyboard is hidden

2021-12-21 10:26:28 - [MESSAGE][PASSED] - Keyboard is hidden

2021-12-21 10:26:28 - [TEST_STEP][PASSED] - tap(findTestObject("Mobile/Page/Login/Button - Login"), 0): Tapped on element 'Object Repository/Mobile/Page/Login/Button - Login'

2021-12-21 10:26:28 - [MESSAGE][WARNING] - Timeout '0' is invalid. Using default page load timeout: '60'

2021-12-21 10:26:29 - [MESSAGE][PASSED] - Tapped on element 'Object Repository/Mobile/Page/Login/Button - Login'

2021-12-21 10:26:29 - [TEST_STEP][PASSED] - delay(2): Delayed 2 second(s)

2021-12-21 10:26:31 - [MESSAGE][PASSED] - Delayed 2 second(s)

2021-12-21 10:26:31 - [MESSAGE][PASSED] - Call Test Case 'Test Cases/Mobile/Page/Login/Login' successfully

2021-12-21 10:26:31 - [MESSAGE][PASSED] - Call Test Case 'Test Cases/Mobile/Page/CheckLogin' successfully

2021-12-21 10:26:31 - [TEST_STEP][PASSED] - tap(findTestObject("Mobile/Page/Home/Menubar - Portfolio"), 0): Tapped on element 'Object Repository/Mobile/Page/Home/Menubar - Portfolio'

2021-12-21 10:26:31 - [MESSAGE][WARNING] - Timeout '0' is invalid. Using default page load timeout: '60'

2021-12-21 10:26:32 - [MESSAGE][PASSED] - Tapped on element 'Object Repository/Mobile/Page/Home/Menubar - Portfolio'

2021-12-21 10:26:32 - [TEST_STEP][PASSED] - delay(1): Delayed 1 second(s)

2021-12-21 10:26:33 - [MESSAGE][PASSED] - Delayed 1 second(s)

2021-12-21 10:26:33 - [TEST_STEP][PASSED] - for ([i = 0, i < 1, (i++)]): Delayed 3 second(s)

2021-12-21 10:26:33 - [TEST_STEP][PASSED] - if (tab == "summary"): null

2021-12-21 10:26:33 - [TEST_STEP][PASSED] - else if (tab == "stock"): Delayed 3 second(s)

2021-12-21 10:26:33 - [TEST_STEP][PASSED] - tap(findTestObject("Mobile/Page/Portfolio/Tab - Stock"), 0): Tapped on element 'Object Repository/Mobile/Page/Portfolio/Tab - Stock'

2021-12-21 10:26:33 - [MESSAGE][WARNING] - Timeout '0' is invalid. Using default page load timeout: '60'

2021-12-21 10:26:34 - [MESSAGE][PASSED] - Tapped on element 'Object Repository/Mobile/Page/Portfolio/Tab - Stock'

2021-12-21 10:26:34 - [TEST_STEP][PASSED] - scroll.scroll.scrollScreenBottomToTop(): scroll.scroll.scrollScreenBottomToTop is PASSED

2021-12-21 10:26:35 - [MESSAGE][PASSED] - Current device physical height is 1423

2021-12-21 10:26:35 - [MESSAGE][PASSED] - Current device physical width is 720

2021-12-21 10:26:36 - [MESSAGE][PASSED] - Swiped from 360,1,138 to 360,284

2021-12-21 10:26:36 - [MESSAGE][PASSED] - scroll.scroll.scrollScreenBottomToTop is PASSED

2021-12-21 10:26:36 - [TEST_STEP][PASSED] - delay(3): Delayed 3 second(s)

2021-12-21 10:26:39 - [MESSAGE][PASSED] - Delayed 3 second(s)

2021-12-21 10:26:39 - [MESSAGE][PASSED] - Call Test Case 'Test Cases/Mobile/Page/Portfolio/Portfolio' successfully

2021-12-21 10:26:39 - [TEST_STEP][PASSED] - callTestCase(findTestCase("Mobile/Page/Run App/Terminate App"), [:], STOP_ON_FAILURE): Call Test Case 'Test Cases/Mobile/Page/Run App/Terminate App' successfully

2021-12-21 10:26:39 - [TEST_CASE][PASSED] - Test Cases/Mobile/Page/Run App/Terminate App: Test Cases/Mobile/Page/Run App/Terminate App

2021-12-21 10:26:39 - [TEST_STEP][PASSED] - startApp.OpenApp.terminateApplication(): startApp.OpenApp.terminateApplication is PASSED

2021-12-21 10:26:42 - [MESSAGE][PASSED] - Delayed 3 second(s)

2021-12-21 10:26:43 - [MESSAGE][PASSED] - Current device physical width is 720

2021-12-21 10:26:43 - [MESSAGE][PASSED] - Current device physical height is 1423

2021-12-21 10:26:44 - [MESSAGE][PASSED] - Swiped from 360,853 to 360,142

2021-12-21 10:26:45 - [MESSAGE][PASSED] - Delayed 1 second(s)

2021-12-21 10:26:46 - [MESSAGE][PASSED] - Swiped from 360,853 to 360,142

2021-12-21 10:26:49 - [MESSAGE][PASSED] - Delayed 3 second(s)

2021-12-21 10:26:49 - [MESSAGE][PASSED] - startApp.OpenApp.terminateApplication is PASSED

2021-12-21 10:26:50 - [MESSAGE][PASSED] - Call Test Case 'Test Cases/Mobile/Page/Run App/Terminate App' successfully]]></system-out>
         <system-err><![CDATA[]]></system-err>
      </testcase>
      <testcase name="Test Cases/Mobile/Scenario/Portfolio/007 - Portfolio Mutual Fund" time="111.804" classname="Test Cases/Mobile/Scenario/Portfolio/007 - Portfolio Mutual Fund" status="PASSED">
         <system-out><![CDATA[2021-12-21 10:26:50 - [TEST_CASE][PASSED] - Test Cases/Mobile/Scenario/Portfolio/007 - Portfolio Mutual Fund: Test Cases/Mobile/Scenario/Portfolio/007 - Portfolio Mutual Fund

2021-12-21 10:26:50 - [TEST_STEP][PASSED] - callTestCase(findTestCase("Mobile/Page/Run App/Run App byID"), [:], STOP_ON_FAILURE): Call Test Case 'Test Cases/Mobile/Page/Run App/Run App byID' successfully

2021-12-21 10:26:50 - [TEST_CASE][PASSED] - Test Cases/Mobile/Page/Run App/Run App byID: Test Cases/Mobile/Page/Run App/Run App byID

2021-12-21 10:26:50 - [TEST_STEP][PASSED] - startApp.OpenApp.startApplication("id.co.miraeasset.sageclub"): startApp.OpenApp.startApplication is PASSED

2021-12-21 10:27:02 - [MESSAGE][PASSED] - Starting app with application ID: 'id.co.miraeasset.sageclub'

2021-12-21 10:27:02 - [MESSAGE][PASSED] - startApp.OpenApp.startApplication is PASSED

2021-12-21 10:27:02 - [MESSAGE][PASSED] - Call Test Case 'Test Cases/Mobile/Page/Run App/Run App byID' successfully

2021-12-21 10:27:02 - [TEST_STEP][PASSED] - callTestCase(findTestCase("Mobile/Page/Portfolio/Portfolio"), ["tab":"mutualfund", "action":"none"], CONTINUE_ON_FAILURE): Call Test Case 'Test Cases/Mobile/Page/Portfolio/Portfolio' successfully

2021-12-21 10:27:02 - [TEST_CASE][PASSED] - Test Cases/Mobile/Page/Portfolio/Portfolio: Test Cases/Mobile/Page/Portfolio/Portfolio

2021-12-21 10:27:02 - [TEST_STEP][PASSED] - callTestCase(findTestCase("Mobile/Page/CheckLogin"), [:], CONTINUE_ON_FAILURE): Call Test Case 'Test Cases/Mobile/Page/CheckLogin' successfully

2021-12-21 10:27:02 - [TEST_CASE][PASSED] - Test Cases/Mobile/Page/CheckLogin: Test Cases/Mobile/Page/CheckLogin

2021-12-21 10:27:02 - [TEST_STEP][PASSED] - loginCheck = verifyElementExist(findTestObject("Mobile/Page/Login/Button - Login"), 2, CONTINUE_ON_FAILURE): Element 'Object Repository/Mobile/Page/Login/Button - Login' is exist

2021-12-21 10:27:04 - [MESSAGE][PASSED] - Element 'Object Repository/Mobile/Page/Login/Button - Login' is exist

2021-12-21 10:27:04 - [TEST_STEP][PASSED] - if (loginCheck): Call Test Case 'Test Cases/Mobile/Page/Login/Login' successfully

2021-12-21 10:27:04 - [TEST_STEP][PASSED] - callTestCase(findTestCase("Mobile/Page/Login/Login"), [:], CONTINUE_ON_FAILURE): Call Test Case 'Test Cases/Mobile/Page/Login/Login' successfully

2021-12-21 10:27:04 - [TEST_CASE][PASSED] - Test Cases/Mobile/Page/Login/Login: Test Cases/Mobile/Page/Login/Login

2021-12-21 10:27:04 - [TEST_STEP][PASSED] - delay(2): Delayed 2 second(s)

2021-12-21 10:27:06 - [MESSAGE][PASSED] - Delayed 2 second(s)

2021-12-21 10:27:06 - [TEST_STEP][PASSED] - tap(findTestObject("Mobile/Page/Login/Input - UserID"), 0): Tapped on element 'Object Repository/Mobile/Page/Login/Input - UserID'

2021-12-21 10:27:06 - [MESSAGE][WARNING] - Timeout '0' is invalid. Using default page load timeout: '60'

2021-12-21 10:27:07 - [MESSAGE][PASSED] - Tapped on element 'Object Repository/Mobile/Page/Login/Input - UserID'

2021-12-21 10:27:07 - [TEST_STEP][PASSED] - delay(1): Delayed 1 second(s)

2021-12-21 10:27:08 - [MESSAGE][PASSED] - Delayed 1 second(s)

2021-12-21 10:27:08 - [TEST_STEP][PASSED] - setText(findTestObject("Mobile/Page/Login/Input Rdy - UserID"), "anggaaditya", 0): Text 'anggaaditya' has been set to element 'Object Repository/Mobile/Page/Login/Input Rdy - UserID'

2021-12-21 10:27:08 - [MESSAGE][WARNING] - Timeout '0' is invalid. Using default page load timeout: '60'

2021-12-21 10:27:09 - [MESSAGE][PASSED] - Text 'anggaaditya' has been set to element 'Object Repository/Mobile/Page/Login/Input Rdy - UserID'

2021-12-21 10:27:09 - [TEST_STEP][PASSED] - delay(1): Delayed 1 second(s)

2021-12-21 10:27:10 - [MESSAGE][PASSED] - Delayed 1 second(s)

2021-12-21 10:27:10 - [TEST_STEP][PASSED] - hideKeyboard(): Keyboard is hidden

2021-12-21 10:27:15 - [MESSAGE][PASSED] - Keyboard is hidden

2021-12-21 10:27:15 - [TEST_STEP][PASSED] - tap(findTestObject("Mobile/Page/Login/Input - Password"), 0): Tapped on element 'Object Repository/Mobile/Page/Login/Input - Password'

2021-12-21 10:27:15 - [MESSAGE][WARNING] - Timeout '0' is invalid. Using default page load timeout: '60'

2021-12-21 10:27:16 - [MESSAGE][PASSED] - Tapped on element 'Object Repository/Mobile/Page/Login/Input - Password'

2021-12-21 10:27:16 - [TEST_STEP][PASSED] - delay(1): Delayed 1 second(s)

2021-12-21 10:27:17 - [MESSAGE][PASSED] - Delayed 1 second(s)

2021-12-21 10:27:17 - [TEST_STEP][PASSED] - setText(findTestObject("Mobile/Page/Login/Input Rdy - Password"), "Shalawa18", 0): Text 'Shalawa18' has been set to element 'Object Repository/Mobile/Page/Login/Input Rdy - Password'

2021-12-21 10:27:17 - [MESSAGE][WARNING] - Timeout '0' is invalid. Using default page load timeout: '60'

2021-12-21 10:27:18 - [MESSAGE][PASSED] - Text 'Shalawa18' has been set to element 'Object Repository/Mobile/Page/Login/Input Rdy - Password'

2021-12-21 10:27:18 - [TEST_STEP][PASSED] - delay(1): Delayed 1 second(s)

2021-12-21 10:27:19 - [MESSAGE][PASSED] - Delayed 1 second(s)

2021-12-21 10:27:19 - [TEST_STEP][PASSED] - hideKeyboard(): Keyboard is hidden

2021-12-21 10:27:25 - [MESSAGE][PASSED] - Keyboard is hidden

2021-12-21 10:27:25 - [TEST_STEP][PASSED] - tap(findTestObject("Mobile/Page/Login/Button - Login"), 0): Tapped on element 'Object Repository/Mobile/Page/Login/Button - Login'

2021-12-21 10:27:25 - [MESSAGE][WARNING] - Timeout '0' is invalid. Using default page load timeout: '60'

2021-12-21 10:27:26 - [MESSAGE][PASSED] - Tapped on element 'Object Repository/Mobile/Page/Login/Button - Login'

2021-12-21 10:27:26 - [TEST_STEP][PASSED] - delay(2): Delayed 2 second(s)

2021-12-21 10:27:28 - [MESSAGE][PASSED] - Delayed 2 second(s)

2021-12-21 10:27:28 - [MESSAGE][PASSED] - Call Test Case 'Test Cases/Mobile/Page/Login/Login' successfully

2021-12-21 10:27:28 - [MESSAGE][PASSED] - Call Test Case 'Test Cases/Mobile/Page/CheckLogin' successfully

2021-12-21 10:27:28 - [TEST_STEP][PASSED] - tap(findTestObject("Mobile/Page/Home/Menubar - Portfolio"), 0): Tapped on element 'Object Repository/Mobile/Page/Home/Menubar - Portfolio'

2021-12-21 10:27:28 - [MESSAGE][WARNING] - Timeout '0' is invalid. Using default page load timeout: '60'

2021-12-21 10:27:30 - [MESSAGE][PASSED] - Tapped on element 'Object Repository/Mobile/Page/Home/Menubar - Portfolio'

2021-12-21 10:27:30 - [TEST_STEP][PASSED] - delay(1): Delayed 1 second(s)

2021-12-21 10:27:31 - [MESSAGE][PASSED] - Delayed 1 second(s)

2021-12-21 10:27:31 - [TEST_STEP][PASSED] - for ([i = 0, i < 1, (i++)]): scroll.scroll.scrollScreenBottomToTop is PASSED

2021-12-21 10:27:31 - [TEST_STEP][PASSED] - if (tab == "summary"): null

2021-12-21 10:27:31 - [TEST_STEP][PASSED] - else if (tab == "stock"): null

2021-12-21 10:27:31 - [TEST_STEP][PASSED] - else if (tab == "mutualfund"): scroll.scroll.scrollScreenBottomToTop is PASSED

2021-12-21 10:27:31 - [TEST_STEP][PASSED] - tap(findTestObject("Mobile/Page/Portfolio/Tab - Mutual Fund"), 0): Tapped on element 'Object Repository/Mobile/Page/Portfolio/Tab - Mutual Fund'

2021-12-21 10:27:31 - [MESSAGE][WARNING] - Timeout '0' is invalid. Using default page load timeout: '60'

2021-12-21 10:27:32 - [MESSAGE][PASSED] - Tapped on element 'Object Repository/Mobile/Page/Portfolio/Tab - Mutual Fund'

2021-12-21 10:27:32 - [TEST_STEP][PASSED] - delay(1): Delayed 1 second(s)

2021-12-21 10:27:33 - [MESSAGE][PASSED] - Delayed 1 second(s)

2021-12-21 10:27:33 - [TEST_STEP][PASSED] - try: scroll.scroll.scrollScreenBottomToTop is PASSED

2021-12-21 10:27:33 - [TEST_STEP][PASSED] - tapAndHold(findTestObject("Mobile/Page/Portfolio/Item - Top Mutual Fund"), 1, 10): Tapped and held on element 'Object Repository/Mobile/Page/Portfolio/Item - Top Mutual Fund' with duration 1

2021-12-21 10:27:36 - [MESSAGE][PASSED] - Tapped and held on element 'Object Repository/Mobile/Page/Portfolio/Item - Top Mutual Fund' with duration 1

2021-12-21 10:27:36 - [TEST_STEP][PASSED] - delay(2): Delayed 2 second(s)

2021-12-21 10:27:38 - [MESSAGE][PASSED] - Delayed 2 second(s)

2021-12-21 10:27:38 - [TEST_STEP][PASSED] - tapAndHold(findTestObject("Object Repository/Mobile/Page/Portfolio/Detail Mutual Funds/Button - 1 Month"), 1, 0): Tapped and held on element 'Object Repository/Mobile/Page/Portfolio/Detail Mutual Funds/Button - 1 Month' with duration 1

2021-12-21 10:27:38 - [MESSAGE][WARNING] - Timeout '0' is invalid. Using default page load timeout: '60'

2021-12-21 10:27:41 - [MESSAGE][PASSED] - Tapped and held on element 'Object Repository/Mobile/Page/Portfolio/Detail Mutual Funds/Button - 1 Month' with duration 1

2021-12-21 10:27:41 - [TEST_STEP][PASSED] - delay(3): Delayed 3 second(s)

2021-12-21 10:27:44 - [MESSAGE][PASSED] - Delayed 3 second(s)

2021-12-21 10:27:44 - [TEST_STEP][PASSED] - scroll.scroll.scrollScreenBottomToTop(): scroll.scroll.scrollScreenBottomToTop is PASSED

2021-12-21 10:27:44 - [MESSAGE][PASSED] - Current device physical height is 1423

2021-12-21 10:27:44 - [MESSAGE][PASSED] - Current device physical width is 720

2021-12-21 10:27:45 - [MESSAGE][PASSED] - Swiped from 360,1,138 to 360,284

2021-12-21 10:27:45 - [MESSAGE][PASSED] - scroll.scroll.scrollScreenBottomToTop is PASSED

2021-12-21 10:27:45 - [TEST_STEP][PASSED] - tapAndHold(findTestObject("Object Repository/Mobile/Page/Portfolio/Detail Mutual Funds/Button - 3 Month"), 1, 0): Tapped and held on element 'Object Repository/Mobile/Page/Portfolio/Detail Mutual Funds/Button - 3 Month' with duration 1

2021-12-21 10:27:45 - [MESSAGE][WARNING] - Timeout '0' is invalid. Using default page load timeout: '60'

2021-12-21 10:27:48 - [MESSAGE][PASSED] - Tapped and held on element 'Object Repository/Mobile/Page/Portfolio/Detail Mutual Funds/Button - 3 Month' with duration 1

2021-12-21 10:27:48 - [TEST_STEP][PASSED] - delay(3): Delayed 3 second(s)

2021-12-21 10:27:51 - [MESSAGE][PASSED] - Delayed 3 second(s)

2021-12-21 10:27:51 - [TEST_STEP][PASSED] - scroll.scroll.scrollScreenBottomToTop(): scroll.scroll.scrollScreenBottomToTop is PASSED

2021-12-21 10:27:51 - [MESSAGE][PASSED] - Current device physical height is 1423

2021-12-21 10:27:52 - [MESSAGE][PASSED] - Current device physical width is 720

2021-12-21 10:27:53 - [MESSAGE][PASSED] - Swiped from 360,1,138 to 360,284

2021-12-21 10:27:53 - [MESSAGE][PASSED] - scroll.scroll.scrollScreenBottomToTop is PASSED

2021-12-21 10:27:53 - [TEST_STEP][PASSED] - tapAndHold(findTestObject("Object Repository/Mobile/Page/Portfolio/Detail Mutual Funds/Button - 6 Month"), 1, 0): Tapped and held on element 'Object Repository/Mobile/Page/Portfolio/Detail Mutual Funds/Button - 6 Month' with duration 1

2021-12-21 10:27:53 - [MESSAGE][WARNING] - Timeout '0' is invalid. Using default page load timeout: '60'

2021-12-21 10:27:56 - [MESSAGE][PASSED] - Tapped and held on element 'Object Repository/Mobile/Page/Portfolio/Detail Mutual Funds/Button - 6 Month' with duration 1

2021-12-21 10:27:56 - [TEST_STEP][PASSED] - delay(3): Delayed 3 second(s)

2021-12-21 10:27:59 - [MESSAGE][PASSED] - Delayed 3 second(s)

2021-12-21 10:27:59 - [TEST_STEP][PASSED] - scroll.scroll.scrollScreenBottomToTop(): scroll.scroll.scrollScreenBottomToTop is PASSED

2021-12-21 10:27:59 - [MESSAGE][PASSED] - Current device physical height is 1423

2021-12-21 10:27:59 - [MESSAGE][PASSED] - Current device physical width is 720

2021-12-21 10:28:00 - [MESSAGE][PASSED] - Swiped from 360,1,138 to 360,284

2021-12-21 10:28:00 - [MESSAGE][PASSED] - scroll.scroll.scrollScreenBottomToTop is PASSED

2021-12-21 10:28:00 - [TEST_STEP][PASSED] - tapAndHold(findTestObject("Object Repository/Mobile/Page/Portfolio/Detail Mutual Funds/Button - 1 Year"), 1, 0): Tapped and held on element 'Object Repository/Mobile/Page/Portfolio/Detail Mutual Funds/Button - 1 Year' with duration 1

2021-12-21 10:28:01 - [MESSAGE][WARNING] - Timeout '0' is invalid. Using default page load timeout: '60'

2021-12-21 10:28:03 - [MESSAGE][PASSED] - Tapped and held on element 'Object Repository/Mobile/Page/Portfolio/Detail Mutual Funds/Button - 1 Year' with duration 1

2021-12-21 10:28:03 - [TEST_STEP][PASSED] - delay(3): Delayed 3 second(s)

2021-12-21 10:28:06 - [MESSAGE][PASSED] - Delayed 3 second(s)

2021-12-21 10:28:06 - [TEST_STEP][PASSED] - scroll.scroll.scrollScreenBottomToTop(): scroll.scroll.scrollScreenBottomToTop is PASSED

2021-12-21 10:28:07 - [MESSAGE][PASSED] - Current device physical height is 1423

2021-12-21 10:28:07 - [MESSAGE][PASSED] - Current device physical width is 720

2021-12-21 10:28:08 - [MESSAGE][PASSED] - Swiped from 360,1,138 to 360,284

2021-12-21 10:28:08 - [MESSAGE][PASSED] - scroll.scroll.scrollScreenBottomToTop is PASSED

2021-12-21 10:28:08 - [TEST_STEP][PASSED] - tapAndHold(findTestObject("Object Repository/Mobile/Page/Portfolio/Detail Mutual Funds/Button - 3 Year"), 1, 0): Tapped and held on element 'Object Repository/Mobile/Page/Portfolio/Detail Mutual Funds/Button - 3 Year' with duration 1

2021-12-21 10:28:08 - [MESSAGE][WARNING] - Timeout '0' is invalid. Using default page load timeout: '60'

2021-12-21 10:28:11 - [MESSAGE][PASSED] - Tapped and held on element 'Object Repository/Mobile/Page/Portfolio/Detail Mutual Funds/Button - 3 Year' with duration 1

2021-12-21 10:28:11 - [TEST_STEP][PASSED] - delay(3): Delayed 3 second(s)

2021-12-21 10:28:14 - [MESSAGE][PASSED] - Delayed 3 second(s)

2021-12-21 10:28:14 - [TEST_STEP][PASSED] - scroll.scroll.scrollScreenBottomToTop(): scroll.scroll.scrollScreenBottomToTop is PASSED

2021-12-21 10:28:14 - [MESSAGE][PASSED] - Current device physical height is 1423

2021-12-21 10:28:15 - [MESSAGE][PASSED] - Current device physical width is 720

2021-12-21 10:28:16 - [MESSAGE][PASSED] - Swiped from 360,1,138 to 360,284

2021-12-21 10:28:16 - [MESSAGE][PASSED] - scroll.scroll.scrollScreenBottomToTop is PASSED

2021-12-21 10:28:16 - [TEST_STEP][PASSED] - tapAndHold(findTestObject("Object Repository/Mobile/Page/Portfolio/Detail Mutual Funds/Button - 5 Year"), 1, 0): Tapped and held on element 'Object Repository/Mobile/Page/Portfolio/Detail Mutual Funds/Button - 5 Year' with duration 1

2021-12-21 10:28:16 - [MESSAGE][WARNING] - Timeout '0' is invalid. Using default page load timeout: '60'

2021-12-21 10:28:19 - [MESSAGE][PASSED] - Tapped and held on element 'Object Repository/Mobile/Page/Portfolio/Detail Mutual Funds/Button - 5 Year' with duration 1

2021-12-21 10:28:19 - [TEST_STEP][PASSED] - delay(3): Delayed 3 second(s)

2021-12-21 10:28:22 - [MESSAGE][PASSED] - Delayed 3 second(s)

2021-12-21 10:28:22 - [TEST_STEP][PASSED] - scroll.scroll.scrollScreenBottomToTop(): scroll.scroll.scrollScreenBottomToTop is PASSED

2021-12-21 10:28:22 - [MESSAGE][PASSED] - Current device physical height is 1423

2021-12-21 10:28:22 - [MESSAGE][PASSED] - Current device physical width is 720

2021-12-21 10:28:23 - [MESSAGE][PASSED] - Swiped from 360,1,138 to 360,284

2021-12-21 10:28:23 - [MESSAGE][PASSED] - scroll.scroll.scrollScreenBottomToTop is PASSED

2021-12-21 10:28:23 - [TEST_STEP][PASSED] - tapAndHold(findTestObject("Object Repository/Mobile/Page/Portfolio/Detail Mutual Funds/Button - 10 Year"), 1, 0): Tapped and held on element 'Object Repository/Mobile/Page/Portfolio/Detail Mutual Funds/Button - 10 Year' with duration 1

2021-12-21 10:28:23 - [MESSAGE][WARNING] - Timeout '0' is invalid. Using default page load timeout: '60'

2021-12-21 10:28:26 - [MESSAGE][PASSED] - Tapped and held on element 'Object Repository/Mobile/Page/Portfolio/Detail Mutual Funds/Button - 10 Year' with duration 1

2021-12-21 10:28:26 - [TEST_STEP][PASSED] - delay(3): Delayed 3 second(s)

2021-12-21 10:28:29 - [MESSAGE][PASSED] - Delayed 3 second(s)

2021-12-21 10:28:29 - [TEST_STEP][PASSED] - scroll.scroll.scrollScreenBottomToTop(): scroll.scroll.scrollScreenBottomToTop is PASSED

2021-12-21 10:28:29 - [MESSAGE][PASSED] - Current device physical height is 1423

2021-12-21 10:28:30 - [MESSAGE][PASSED] - Current device physical width is 720

2021-12-21 10:28:31 - [MESSAGE][PASSED] - Swiped from 360,1,138 to 360,284

2021-12-21 10:28:31 - [MESSAGE][PASSED] - scroll.scroll.scrollScreenBottomToTop is PASSED

2021-12-21 10:28:31 - [MESSAGE][PASSED] - Call Test Case 'Test Cases/Mobile/Page/Portfolio/Portfolio' successfully

2021-12-21 10:28:31 - [TEST_STEP][PASSED] - callTestCase(findTestCase("Mobile/Page/Run App/Terminate App"), [:], STOP_ON_FAILURE): Call Test Case 'Test Cases/Mobile/Page/Run App/Terminate App' successfully

2021-12-21 10:28:31 - [TEST_CASE][PASSED] - Test Cases/Mobile/Page/Run App/Terminate App: Test Cases/Mobile/Page/Run App/Terminate App

2021-12-21 10:28:31 - [TEST_STEP][PASSED] - startApp.OpenApp.terminateApplication(): startApp.OpenApp.terminateApplication is PASSED

2021-12-21 10:28:34 - [MESSAGE][PASSED] - Delayed 3 second(s)

2021-12-21 10:28:34 - [MESSAGE][PASSED] - Current device physical width is 720

2021-12-21 10:28:35 - [MESSAGE][PASSED] - Current device physical height is 1423

2021-12-21 10:28:36 - [MESSAGE][PASSED] - Swiped from 360,853 to 360,142

2021-12-21 10:28:37 - [MESSAGE][PASSED] - Delayed 1 second(s)

2021-12-21 10:28:38 - [MESSAGE][PASSED] - Swiped from 360,853 to 360,142

2021-12-21 10:28:41 - [MESSAGE][PASSED] - Delayed 3 second(s)

2021-12-21 10:28:41 - [MESSAGE][PASSED] - startApp.OpenApp.terminateApplication is PASSED

2021-12-21 10:28:41 - [MESSAGE][PASSED] - Call Test Case 'Test Cases/Mobile/Page/Run App/Terminate App' successfully]]></system-out>
         <system-err><![CDATA[]]></system-err>
      </testcase>
      <testcase name="Test Cases/Mobile/Scenario/Portfolio/008 - Portfolio Bond" time="59.247" classname="Test Cases/Mobile/Scenario/Portfolio/008 - Portfolio Bond" status="PASSED">
         <system-out><![CDATA[2021-12-21 10:28:41 - [TEST_CASE][PASSED] - Test Cases/Mobile/Scenario/Portfolio/008 - Portfolio Bond: Test Cases/Mobile/Scenario/Portfolio/008 - Portfolio Bond

2021-12-21 10:28:42 - [TEST_STEP][PASSED] - callTestCase(findTestCase("Mobile/Page/Run App/Run App byID"), [:], STOP_ON_FAILURE): Call Test Case 'Test Cases/Mobile/Page/Run App/Run App byID' successfully

2021-12-21 10:28:42 - [TEST_CASE][PASSED] - Test Cases/Mobile/Page/Run App/Run App byID: Test Cases/Mobile/Page/Run App/Run App byID

2021-12-21 10:28:42 - [TEST_STEP][PASSED] - startApp.OpenApp.startApplication("id.co.miraeasset.sageclub"): startApp.OpenApp.startApplication is PASSED

2021-12-21 10:28:55 - [MESSAGE][PASSED] - Starting app with application ID: 'id.co.miraeasset.sageclub'

2021-12-21 10:28:55 - [MESSAGE][PASSED] - startApp.OpenApp.startApplication is PASSED

2021-12-21 10:28:55 - [MESSAGE][PASSED] - Call Test Case 'Test Cases/Mobile/Page/Run App/Run App byID' successfully

2021-12-21 10:28:55 - [TEST_STEP][PASSED] - callTestCase(findTestCase("Mobile/Page/Portfolio/Portfolio"), ["tab":"bond", "action":"none"], CONTINUE_ON_FAILURE): Call Test Case 'Test Cases/Mobile/Page/Portfolio/Portfolio' successfully

2021-12-21 10:28:55 - [TEST_CASE][PASSED] - Test Cases/Mobile/Page/Portfolio/Portfolio: Test Cases/Mobile/Page/Portfolio/Portfolio

2021-12-21 10:28:55 - [TEST_STEP][PASSED] - callTestCase(findTestCase("Mobile/Page/CheckLogin"), [:], CONTINUE_ON_FAILURE): Call Test Case 'Test Cases/Mobile/Page/CheckLogin' successfully

2021-12-21 10:28:55 - [TEST_CASE][PASSED] - Test Cases/Mobile/Page/CheckLogin: Test Cases/Mobile/Page/CheckLogin

2021-12-21 10:28:55 - [TEST_STEP][PASSED] - loginCheck = verifyElementExist(findTestObject("Mobile/Page/Login/Button - Login"), 2, CONTINUE_ON_FAILURE): Element 'Object Repository/Mobile/Page/Login/Button - Login' is exist

2021-12-21 10:28:57 - [MESSAGE][PASSED] - Element 'Object Repository/Mobile/Page/Login/Button - Login' is exist

2021-12-21 10:28:57 - [TEST_STEP][PASSED] - if (loginCheck): Call Test Case 'Test Cases/Mobile/Page/Login/Login' successfully

2021-12-21 10:28:57 - [TEST_STEP][PASSED] - callTestCase(findTestCase("Mobile/Page/Login/Login"), [:], CONTINUE_ON_FAILURE): Call Test Case 'Test Cases/Mobile/Page/Login/Login' successfully

2021-12-21 10:28:57 - [TEST_CASE][PASSED] - Test Cases/Mobile/Page/Login/Login: Test Cases/Mobile/Page/Login/Login

2021-12-21 10:28:57 - [TEST_STEP][PASSED] - delay(2): Delayed 2 second(s)

2021-12-21 10:28:59 - [MESSAGE][PASSED] - Delayed 2 second(s)

2021-12-21 10:28:59 - [TEST_STEP][PASSED] - tap(findTestObject("Mobile/Page/Login/Input - UserID"), 0): Tapped on element 'Object Repository/Mobile/Page/Login/Input - UserID'

2021-12-21 10:28:59 - [MESSAGE][WARNING] - Timeout '0' is invalid. Using default page load timeout: '60'

2021-12-21 10:29:00 - [MESSAGE][PASSED] - Tapped on element 'Object Repository/Mobile/Page/Login/Input - UserID'

2021-12-21 10:29:00 - [TEST_STEP][PASSED] - delay(1): Delayed 1 second(s)

2021-12-21 10:29:01 - [MESSAGE][PASSED] - Delayed 1 second(s)

2021-12-21 10:29:01 - [TEST_STEP][PASSED] - setText(findTestObject("Mobile/Page/Login/Input Rdy - UserID"), "anggaaditya", 0): Text 'anggaaditya' has been set to element 'Object Repository/Mobile/Page/Login/Input Rdy - UserID'

2021-12-21 10:29:01 - [MESSAGE][WARNING] - Timeout '0' is invalid. Using default page load timeout: '60'

2021-12-21 10:29:03 - [MESSAGE][PASSED] - Text 'anggaaditya' has been set to element 'Object Repository/Mobile/Page/Login/Input Rdy - UserID'

2021-12-21 10:29:03 - [TEST_STEP][PASSED] - delay(1): Delayed 1 second(s)

2021-12-21 10:29:04 - [MESSAGE][PASSED] - Delayed 1 second(s)

2021-12-21 10:29:04 - [TEST_STEP][PASSED] - hideKeyboard(): Keyboard is hidden

2021-12-21 10:29:09 - [MESSAGE][PASSED] - Keyboard is hidden

2021-12-21 10:29:09 - [TEST_STEP][PASSED] - tap(findTestObject("Mobile/Page/Login/Input - Password"), 0): Tapped on element 'Object Repository/Mobile/Page/Login/Input - Password'

2021-12-21 10:29:09 - [MESSAGE][WARNING] - Timeout '0' is invalid. Using default page load timeout: '60'

2021-12-21 10:29:10 - [MESSAGE][PASSED] - Tapped on element 'Object Repository/Mobile/Page/Login/Input - Password'

2021-12-21 10:29:10 - [TEST_STEP][PASSED] - delay(1): Delayed 1 second(s)

2021-12-21 10:29:11 - [MESSAGE][PASSED] - Delayed 1 second(s)

2021-12-21 10:29:11 - [TEST_STEP][PASSED] - setText(findTestObject("Mobile/Page/Login/Input Rdy - Password"), "Shalawa18", 0): Text 'Shalawa18' has been set to element 'Object Repository/Mobile/Page/Login/Input Rdy - Password'

2021-12-21 10:29:11 - [MESSAGE][WARNING] - Timeout '0' is invalid. Using default page load timeout: '60'

2021-12-21 10:29:11 - [MESSAGE][PASSED] - Text 'Shalawa18' has been set to element 'Object Repository/Mobile/Page/Login/Input Rdy - Password'

2021-12-21 10:29:11 - [TEST_STEP][PASSED] - delay(1): Delayed 1 second(s)

2021-12-21 10:29:12 - [MESSAGE][PASSED] - Delayed 1 second(s)

2021-12-21 10:29:12 - [TEST_STEP][PASSED] - hideKeyboard(): Keyboard is hidden

2021-12-21 10:29:18 - [MESSAGE][PASSED] - Keyboard is hidden

2021-12-21 10:29:18 - [TEST_STEP][PASSED] - tap(findTestObject("Mobile/Page/Login/Button - Login"), 0): Tapped on element 'Object Repository/Mobile/Page/Login/Button - Login'

2021-12-21 10:29:18 - [MESSAGE][WARNING] - Timeout '0' is invalid. Using default page load timeout: '60'

2021-12-21 10:29:19 - [MESSAGE][PASSED] - Tapped on element 'Object Repository/Mobile/Page/Login/Button - Login'

2021-12-21 10:29:19 - [TEST_STEP][PASSED] - delay(2): Delayed 2 second(s)

2021-12-21 10:29:21 - [MESSAGE][PASSED] - Delayed 2 second(s)

2021-12-21 10:29:21 - [MESSAGE][PASSED] - Call Test Case 'Test Cases/Mobile/Page/Login/Login' successfully

2021-12-21 10:29:21 - [MESSAGE][PASSED] - Call Test Case 'Test Cases/Mobile/Page/CheckLogin' successfully

2021-12-21 10:29:21 - [TEST_STEP][PASSED] - tap(findTestObject("Mobile/Page/Home/Menubar - Portfolio"), 0): Tapped on element 'Object Repository/Mobile/Page/Home/Menubar - Portfolio'

2021-12-21 10:29:21 - [MESSAGE][WARNING] - Timeout '0' is invalid. Using default page load timeout: '60'

2021-12-21 10:29:23 - [MESSAGE][PASSED] - Tapped on element 'Object Repository/Mobile/Page/Home/Menubar - Portfolio'

2021-12-21 10:29:23 - [TEST_STEP][PASSED] - delay(1): Delayed 1 second(s)

2021-12-21 10:29:24 - [MESSAGE][PASSED] - Delayed 1 second(s)

2021-12-21 10:29:24 - [TEST_STEP][PASSED] - for ([i = 0, i < 1, (i++)]): Delayed 3 second(s)

2021-12-21 10:29:24 - [TEST_STEP][PASSED] - if (tab == "summary"): null

2021-12-21 10:29:24 - [TEST_STEP][PASSED] - else if (tab == "stock"): null

2021-12-21 10:29:24 - [TEST_STEP][PASSED] - else if (tab == "mutualfund"): null

2021-12-21 10:29:24 - [TEST_STEP][PASSED] - else if (tab == "bond"): Delayed 3 second(s)

2021-12-21 10:29:24 - [TEST_STEP][PASSED] - tap(findTestObject("Mobile/Page/Portfolio/Tab - Bond"), 0): Tapped on element 'Object Repository/Mobile/Page/Portfolio/Tab - Bond'

2021-12-21 10:29:24 - [MESSAGE][WARNING] - Timeout '0' is invalid. Using default page load timeout: '60'

2021-12-21 10:29:25 - [MESSAGE][PASSED] - Tapped on element 'Object Repository/Mobile/Page/Portfolio/Tab - Bond'

2021-12-21 10:29:25 - [TEST_STEP][PASSED] - scroll.scroll.scrollScreenBottomToTop(): scroll.scroll.scrollScreenBottomToTop is PASSED

2021-12-21 10:29:26 - [MESSAGE][PASSED] - Current device physical height is 1423

2021-12-21 10:29:26 - [MESSAGE][PASSED] - Current device physical width is 720

2021-12-21 10:29:27 - [MESSAGE][PASSED] - Swiped from 360,1,138 to 360,284

2021-12-21 10:29:27 - [MESSAGE][PASSED] - scroll.scroll.scrollScreenBottomToTop is PASSED

2021-12-21 10:29:27 - [TEST_STEP][PASSED] - delay(3): Delayed 3 second(s)

2021-12-21 10:29:30 - [MESSAGE][PASSED] - Delayed 3 second(s)

2021-12-21 10:29:30 - [MESSAGE][PASSED] - Call Test Case 'Test Cases/Mobile/Page/Portfolio/Portfolio' successfully

2021-12-21 10:29:30 - [TEST_STEP][PASSED] - callTestCase(findTestCase("Mobile/Page/Run App/Terminate App"), [:], STOP_ON_FAILURE): Call Test Case 'Test Cases/Mobile/Page/Run App/Terminate App' successfully

2021-12-21 10:29:30 - [TEST_CASE][PASSED] - Test Cases/Mobile/Page/Run App/Terminate App: Test Cases/Mobile/Page/Run App/Terminate App

2021-12-21 10:29:30 - [TEST_STEP][PASSED] - startApp.OpenApp.terminateApplication(): startApp.OpenApp.terminateApplication is PASSED

2021-12-21 10:29:33 - [MESSAGE][PASSED] - Delayed 3 second(s)

2021-12-21 10:29:34 - [MESSAGE][PASSED] - Current device physical width is 720

2021-12-21 10:29:34 - [MESSAGE][PASSED] - Current device physical height is 1423

2021-12-21 10:29:35 - [MESSAGE][PASSED] - Swiped from 360,853 to 360,142

2021-12-21 10:29:36 - [MESSAGE][PASSED] - Delayed 1 second(s)

2021-12-21 10:29:38 - [MESSAGE][PASSED] - Swiped from 360,853 to 360,142

2021-12-21 10:29:41 - [MESSAGE][PASSED] - Delayed 3 second(s)

2021-12-21 10:29:41 - [MESSAGE][PASSED] - startApp.OpenApp.terminateApplication is PASSED

2021-12-21 10:29:41 - [MESSAGE][PASSED] - Call Test Case 'Test Cases/Mobile/Page/Run App/Terminate App' successfully]]></system-out>
         <system-err><![CDATA[]]></system-err>
      </testcase>
      <system-out><![CDATA[2021-12-21 10:20:35 - [TEST_SUITE][PASSED] - portfolio: Test Cases/Mobile/Scenario/Portfolio/008 - Portfolio Bond]]></system-out>
      <system-err><![CDATA[]]></system-err>
   </testsuite>
</testsuites>
