<?xml version="1.0" encoding="UTF-8"?>
<testsuites name="news" time="338.96" tests="5" failures="0" skips="0" errors="0">
   <testsuite name="news" tests="5" failures="0" errors="0" time="338.96" skips="0" timestamp="2022-03-11 08:16:26" hostname="Owner - aldy-tft" id="Test Suites/news">
      <properties>
         <property name="deviceName" value="samsung SM-A205F (Android 11)"/>
         <property name="devicePlatform" value=""/>
         <property name="logFolder" value="C:\\Users\\Owner\\Documents\\kerjaan\\KatalonProject\\qa_katalon_pwm\\qa_katalon_pwm\\Reports\\20220311_081001\\news\\20220311_081009"/>
         <property name="logFiles" value="C:\\Users\\Owner\\Documents\\kerjaan\\KatalonProject\\qa_katalon_pwm\\qa_katalon_pwm\\Reports\\20220311_081001\\news\\20220311_081009\\appium.log, C:\\Users\\Owner\\Documents\\kerjaan\\KatalonProject\\qa_katalon_pwm\\qa_katalon_pwm\\Reports\\20220311_081001\\news\\20220311_081009\\execution0.log"/>
         <property name="attachments" value=""/>
         <property name="hostName" value="Owner - aldy-tft"/>
         <property name="os" value="Windows 10 64bit"/>
         <property name="appiumServerStatus" value="{&quot;value&quot;:{&quot;build&quot;:{&quot;version&quot;:&quot;1.22.0&quot;}},&quot;sessionId&quot;:null,&quot;status&quot;:0}"/>
         <property name="katalonVersion" value="7.9.1.208"/>
         <property name="deviceOS" value="Android"/>
         <property name="appiumVersion" value="1.22.0"/>
         <property name="deviceModel" value="SM-A205F"/>
         <property name="hostAddress" value="10.0.30.84"/>
         <property name="deviceManufacturer" value="samsung"/>
         <property name="deviceId" value="RR8M40C9AXE"/>
         <property name="deviceName" value="samsung SM-A205F (Android 11)"/>
         <property name="deviceOSVersion" value="11"/>
      </properties>
      <testcase name="Test Cases/Mobile/Scenario/News/001 - News World Indices" time="85.414" classname="Test Cases/Mobile/Scenario/News/001 - News World Indices" status="PASSED">
         <system-out><![CDATA[2022-03-11 08:16:27 - [TEST_CASE][PASSED] - Test Cases/Mobile/Scenario/News/001 - News World Indices: Test Cases/Mobile/Scenario/News/001 - News World Indices

2022-03-11 08:16:27 - [TEST_STEP][PASSED] - callTestCase(findTestCase("Mobile/Page/Run App/Run App byID"), [:], STOP_ON_FAILURE): Call Test Case 'Test Cases/Mobile/Page/Run App/Run App byID' successfully

2022-03-11 08:16:27 - [TEST_CASE][PASSED] - Test Cases/Mobile/Page/Run App/Run App byID: Test Cases/Mobile/Page/Run App/Run App byID

2022-03-11 08:16:28 - [TEST_STEP][PASSED] - startApp.OpenApp.startApplication("id.co.miraeasset.sageclub"): startApp.OpenApp.startApplication is PASSED

2022-03-11 08:16:29 - [MESSAGE][INFO] - Appium server started on port 58,059

2022-03-11 08:16:43 - [MESSAGE][PASSED] - Starting app with application ID: 'id.co.miraeasset.sageclub'

2022-03-11 08:16:43 - [MESSAGE][PASSED] - startApp.OpenApp.startApplication is PASSED

2022-03-11 08:16:43 - [MESSAGE][PASSED] - Call Test Case 'Test Cases/Mobile/Page/Run App/Run App byID' successfully

2022-03-11 08:16:43 - [TEST_STEP][PASSED] - callTestCase(findTestCase("Mobile/Page/News/News"), ["tab":"worldindices"], CONTINUE_ON_FAILURE): Call Test Case 'Test Cases/Mobile/Page/News/News' successfully

2022-03-11 08:16:44 - [TEST_CASE][PASSED] - Test Cases/Mobile/Page/News/News: Test Cases/Mobile/Page/News/News

2022-03-11 08:16:44 - [TEST_STEP][PASSED] - callTestCase(findTestCase("Mobile/Page/CheckLogin"), [:], CONTINUE_ON_FAILURE): Call Test Case 'Test Cases/Mobile/Page/CheckLogin' successfully

2022-03-11 08:16:44 - [TEST_CASE][PASSED] - Test Cases/Mobile/Page/CheckLogin: Test Cases/Mobile/Page/CheckLogin

2022-03-11 08:16:44 - [TEST_STEP][PASSED] - loginCheck = verifyElementExist(LOGN_BtnLogin, 5, CONTINUE_ON_FAILURE): Element 'Object Repository/Mobile/Page/Login/Button - Login' is exist

2022-03-11 08:16:44 - [MESSAGE][WARNING] - Test object with id 'Object Repository/Mobile/Page/Analysis/Button - Open With Just Once' does not exist

2022-03-11 08:16:44 - [MESSAGE][WARNING] - Test object with id 'Object Repository/Mobile/Page/Analysis/Button - Search' does not exist

2022-03-11 08:16:46 - [MESSAGE][WARNING] - Test object with id 'Object Repository/Mobile/Page/Home/Button -  Add Watchlist' does not exist

2022-03-11 08:16:46 - [MESSAGE][WARNING] - Test object with id 'Object Repository/Mobile/Page/Home/Button - Open with Just Once' does not exist

2022-03-11 08:16:46 - [MESSAGE][WARNING] - Test object with id 'Object Repository/Mobile/Page/Home/Container - Notification' does not exist

2022-03-11 08:16:46 - [MESSAGE][WARNING] - Test object with id 'Object Repository/Mobile/Page/Home/Watchlist/Input - Search' does not exist

2022-03-11 08:16:46 - [MESSAGE][WARNING] - Test object with id 'Object Repository/Mobile/Page/Home/Watchlist/Item - Top Search' does not exist

2022-03-11 08:16:47 - [MESSAGE][WARNING] - Test object with id 'Object Repository/Mobile/Page/Home/Watchlist/Detail Watchlist/Input - Expiry Date' does not exist

2022-03-11 08:16:47 - [MESSAGE][WARNING] - Test object with id 'Object Repository/Mobile/Page/Home/Watchlist/Detail Watchlist/Item - Watchlist' does not exist

2022-03-11 08:16:47 - [MESSAGE][WARNING] - Test object with id 'Object Repository/Mobile/Page/NavigationMenu/Button - Open Just Once' does not exist

2022-03-11 08:16:48 - [MESSAGE][WARNING] - Test object with id 'Object Repository/Mobile/Page/NavigationMenu/Container - Logout' does not exist

2022-03-11 08:16:51 - [MESSAGE][WARNING] - Test object with id 'Object Repository/Mobile/Page/Analysis/Button - Open With Just Once' does not exist

2022-03-11 08:16:51 - [MESSAGE][WARNING] - Test object with id 'Object Repository/Mobile/Page/Analysis/Button - Search' does not exist

2022-03-11 08:16:52 - [MESSAGE][WARNING] - Test object with id 'Object Repository/Mobile/Page/Home/Button -  Add Watchlist' does not exist

2022-03-11 08:16:52 - [MESSAGE][WARNING] - Test object with id 'Object Repository/Mobile/Page/Home/Button - Open with Just Once' does not exist

2022-03-11 08:16:52 - [MESSAGE][WARNING] - Test object with id 'Object Repository/Mobile/Page/Home/Container - Notification' does not exist

2022-03-11 08:16:52 - [MESSAGE][WARNING] - Test object with id 'Object Repository/Mobile/Page/Home/Watchlist/Input - Search' does not exist

2022-03-11 08:16:52 - [MESSAGE][WARNING] - Test object with id 'Object Repository/Mobile/Page/Home/Watchlist/Item - Top Search' does not exist

2022-03-11 08:16:53 - [MESSAGE][WARNING] - Test object with id 'Object Repository/Mobile/Page/Home/Watchlist/Detail Watchlist/Input - Expiry Date' does not exist

2022-03-11 08:16:53 - [MESSAGE][WARNING] - Test object with id 'Object Repository/Mobile/Page/Home/Watchlist/Detail Watchlist/Item - Watchlist' does not exist

2022-03-11 08:16:53 - [MESSAGE][WARNING] - Test object with id 'Object Repository/Mobile/Page/NavigationMenu/Button - Open Just Once' does not exist

2022-03-11 08:16:54 - [MESSAGE][WARNING] - Test object with id 'Object Repository/Mobile/Page/NavigationMenu/Container - Logout' does not exist

2022-03-11 08:16:57 - [MESSAGE][PASSED] - Element 'Object Repository/Mobile/Page/Login/Button - Login' is exist

2022-03-11 08:16:57 - [TEST_STEP][PASSED] - if (loginCheck): Call Test Case 'Test Cases/Mobile/Page/Login/Login' successfully

2022-03-11 08:16:57 - [TEST_STEP][PASSED] - callTestCase(findTestCase("Mobile/Page/Login/Login"), ["action":"username"], CONTINUE_ON_FAILURE): Call Test Case 'Test Cases/Mobile/Page/Login/Login' successfully

2022-03-11 08:16:57 - [TEST_CASE][PASSED] - Test Cases/Mobile/Page/Login/Login: Test Cases/Mobile/Page/Login/Login

2022-03-11 08:16:57 - [TEST_STEP][PASSED] - delay(2): Delayed 2 second(s)

2022-03-11 08:17:00 - [MESSAGE][PASSED] - Delayed 2 second(s)

2022-03-11 08:17:00 - [TEST_STEP][PASSED] - for ([i = 0, i < 1, (i++)]): null

2022-03-11 08:17:00 - [TEST_STEP][PASSED] - if (action == "username"): null

2022-03-11 08:17:00 - [TEST_STEP][PASSED] - tap(LOGN_EdtUserID, 0): Tapped on element 'Object Repository/Mobile/Page/Login/Input - UserID'

2022-03-11 08:17:00 - [MESSAGE][WARNING] - Timeout '0' is invalid. Using default page load timeout: '60'

2022-03-11 08:17:02 - [MESSAGE][PASSED] - Tapped on element 'Object Repository/Mobile/Page/Login/Input - UserID'

2022-03-11 08:17:02 - [TEST_STEP][PASSED] - delay(1): Delayed 1 second(s)

2022-03-11 08:17:03 - [MESSAGE][PASSED] - Delayed 1 second(s)

2022-03-11 08:17:03 - [TEST_STEP][PASSED] - setText(LOGN_EdtRdyUserID, "anggaaditya", 0): Text 'anggaaditya' has been set to element 'Object Repository/Mobile/Page/Login/Input Rdy - UserID'

2022-03-11 08:17:03 - [MESSAGE][WARNING] - Timeout '0' is invalid. Using default page load timeout: '60'

2022-03-11 08:17:03 - [MESSAGE][PASSED] - Text 'anggaaditya' has been set to element 'Object Repository/Mobile/Page/Login/Input Rdy - UserID'

2022-03-11 08:17:03 - [TEST_STEP][PASSED] - delay(1): Delayed 1 second(s)

2022-03-11 08:17:04 - [MESSAGE][PASSED] - Delayed 1 second(s)

2022-03-11 08:17:04 - [TEST_STEP][PASSED] - hideKeyboard(): Keyboard is hidden

2022-03-11 08:17:07 - [MESSAGE][PASSED] - Keyboard is hidden

2022-03-11 08:17:07 - [TEST_STEP][PASSED] - tap(LOGN_EdtPassword, 0): Tapped on element 'Object Repository/Mobile/Page/Login/Input - Password'

2022-03-11 08:17:07 - [MESSAGE][WARNING] - Timeout '0' is invalid. Using default page load timeout: '60'

2022-03-11 08:17:08 - [MESSAGE][PASSED] - Tapped on element 'Object Repository/Mobile/Page/Login/Input - Password'

2022-03-11 08:17:08 - [TEST_STEP][PASSED] - delay(1): Delayed 1 second(s)

2022-03-11 08:17:09 - [MESSAGE][PASSED] - Delayed 1 second(s)

2022-03-11 08:17:09 - [TEST_STEP][PASSED] - setText(LOGN_EdtRdyPassword, "Shalawa18", 0): Text 'Shalawa18' has been set to element 'Object Repository/Mobile/Page/Login/Input Rdy - Password'

2022-03-11 08:17:09 - [MESSAGE][WARNING] - Timeout '0' is invalid. Using default page load timeout: '60'

2022-03-11 08:17:09 - [MESSAGE][PASSED] - Text 'Shalawa18' has been set to element 'Object Repository/Mobile/Page/Login/Input Rdy - Password'

2022-03-11 08:17:09 - [TEST_STEP][PASSED] - delay(1): Delayed 1 second(s)

2022-03-11 08:17:10 - [MESSAGE][PASSED] - Delayed 1 second(s)

2022-03-11 08:17:10 - [TEST_STEP][PASSED] - hideKeyboard(): Keyboard is hidden

2022-03-11 08:17:17 - [MESSAGE][PASSED] - Keyboard is hidden

2022-03-11 08:17:17 - [TEST_STEP][PASSED] - tap(LOGN_BtnLogin, 0): Tapped on element 'Object Repository/Mobile/Page/Login/Button - Login'

2022-03-11 08:17:17 - [MESSAGE][WARNING] - Timeout '0' is invalid. Using default page load timeout: '60'

2022-03-11 08:17:18 - [MESSAGE][PASSED] - Tapped on element 'Object Repository/Mobile/Page/Login/Button - Login'

2022-03-11 08:17:18 - [TEST_STEP][PASSED] - delay(2): Delayed 2 second(s)

2022-03-11 08:17:20 - [MESSAGE][PASSED] - Delayed 2 second(s)

2022-03-11 08:17:20 - [TEST_STEP][PASSED] - break: null

2022-03-11 08:17:20 - [MESSAGE][PASSED] - Call Test Case 'Test Cases/Mobile/Page/Login/Login' successfully

2022-03-11 08:17:20 - [MESSAGE][PASSED] - Call Test Case 'Test Cases/Mobile/Page/CheckLogin' successfully

2022-03-11 08:17:20 - [TEST_STEP][PASSED] - tap(HOME_MenubarNews, 0): Tapped on element 'Object Repository/Mobile/Page/Home/Menubar - News'

2022-03-11 08:17:20 - [MESSAGE][WARNING] - Timeout '0' is invalid. Using default page load timeout: '60'

2022-03-11 08:17:22 - [MESSAGE][PASSED] - Tapped on element 'Object Repository/Mobile/Page/Home/Menubar - News'

2022-03-11 08:17:22 - [TEST_STEP][PASSED] - delay(3): Delayed 3 second(s)

2022-03-11 08:17:25 - [MESSAGE][PASSED] - Delayed 3 second(s)

2022-03-11 08:17:25 - [TEST_STEP][PASSED] - for ([i = 0, i < 1, (i++)]): null

2022-03-11 08:17:25 - [TEST_STEP][PASSED] - if (tab == "macronews"): null

2022-03-11 08:17:25 - [TEST_STEP][PASSED] - else if (tab == "stocknews"): null

2022-03-11 08:17:25 - [TEST_STEP][PASSED] - else if (tab == "fundnews"): null

2022-03-11 08:17:25 - [TEST_STEP][PASSED] - else if (tab == "bondnews"): null

2022-03-11 08:17:25 - [TEST_STEP][PASSED] - else if (tab == "worldindices"): Delayed 3 second(s)

2022-03-11 08:17:25 - [TEST_STEP][PASSED] - scroll.scroll.scrollScreenRightToLeft(NEWS_TabMacro): scroll.scroll.scrollScreenRightToLeft is PASSED

2022-03-11 08:17:25 - [MESSAGE][WARNING] - Timeout '0' is invalid. Using default page load timeout: '60'

2022-03-11 08:17:25 - [MESSAGE][PASSED] - Object 'Object Repository/Mobile/Page/News/Tab - Macro' has left position '14'

2022-03-11 08:17:25 - [MESSAGE][WARNING] - Timeout '0' is invalid. Using default page load timeout: '60'

2022-03-11 08:17:25 - [MESSAGE][PASSED] - Object 'Object Repository/Mobile/Page/News/Tab - Macro' has top position '245'

2022-03-11 08:17:25 - [MESSAGE][WARNING] - Timeout '0' is invalid. Using default page load timeout: '60'

2022-03-11 08:17:25 - [MESSAGE][PASSED] - Object 'Object Repository/Mobile/Page/News/Tab - Macro' has width: '215'

2022-03-11 08:17:25 - [MESSAGE][WARNING] - Timeout '0' is invalid. Using default page load timeout: '60'

2022-03-11 08:17:25 - [MESSAGE][PASSED] - Object 'Object Repository/Mobile/Page/News/Tab - Macro' has height: '84'

2022-03-11 08:17:26 - [MESSAGE][PASSED] - Current device physical width is 720

2022-03-11 08:17:27 - [MESSAGE][PASSED] - Swiped from 620,287 to 100,287

2022-03-11 08:17:27 - [MESSAGE][PASSED] - scroll.scroll.scrollScreenRightToLeft is PASSED

2022-03-11 08:17:27 - [TEST_STEP][PASSED] - delay(1): Delayed 1 second(s)

2022-03-11 08:17:28 - [MESSAGE][PASSED] - Delayed 1 second(s)

2022-03-11 08:17:28 - [TEST_STEP][PASSED] - tap(NEWS_TabWorldIndices, 0): Tapped on element 'Object Repository/Mobile/Page/News/Tab - World Indices'

2022-03-11 08:17:28 - [MESSAGE][WARNING] - Timeout '0' is invalid. Using default page load timeout: '60'

2022-03-11 08:17:29 - [MESSAGE][PASSED] - Tapped on element 'Object Repository/Mobile/Page/News/Tab - World Indices'

2022-03-11 08:17:29 - [TEST_STEP][PASSED] - delay(1): Delayed 1 second(s)

2022-03-11 08:17:30 - [MESSAGE][PASSED] - Delayed 1 second(s)

2022-03-11 08:17:30 - [TEST_STEP][PASSED] - tap(NEWS_BtnIndices, 0): Tapped on element 'Object Repository/Mobile/Page/News/Button - Indices'

2022-03-11 08:17:30 - [MESSAGE][WARNING] - Timeout '0' is invalid. Using default page load timeout: '60'

2022-03-11 08:17:30 - [MESSAGE][PASSED] - Tapped on element 'Object Repository/Mobile/Page/News/Button - Indices'

2022-03-11 08:17:30 - [TEST_STEP][PASSED] - delay(3): Delayed 3 second(s)

2022-03-11 08:17:33 - [MESSAGE][PASSED] - Delayed 3 second(s)

2022-03-11 08:17:33 - [TEST_STEP][PASSED] - tap(NEWS_BtnCurrencies, 0): Tapped on element 'Object Repository/Mobile/Page/News/Button - Currencies'

2022-03-11 08:17:33 - [MESSAGE][WARNING] - Timeout '0' is invalid. Using default page load timeout: '60'

2022-03-11 08:17:34 - [MESSAGE][PASSED] - Tapped on element 'Object Repository/Mobile/Page/News/Button - Currencies'

2022-03-11 08:17:34 - [TEST_STEP][PASSED] - delay(3): Delayed 3 second(s)

2022-03-11 08:17:37 - [MESSAGE][PASSED] - Delayed 3 second(s)

2022-03-11 08:17:37 - [TEST_STEP][PASSED] - tap(NEWS_BtnCommodities, 0): Tapped on element 'Object Repository/Mobile/Page/News/Button - Commodities'

2022-03-11 08:17:37 - [MESSAGE][WARNING] - Timeout '0' is invalid. Using default page load timeout: '60'

2022-03-11 08:17:38 - [MESSAGE][PASSED] - Tapped on element 'Object Repository/Mobile/Page/News/Button - Commodities'

2022-03-11 08:17:38 - [TEST_STEP][PASSED] - delay(3): Delayed 3 second(s)

2022-03-11 08:17:41 - [MESSAGE][PASSED] - Delayed 3 second(s)

2022-03-11 08:17:41 - [TEST_STEP][PASSED] - delay(1): Delayed 1 second(s)

2022-03-11 08:17:42 - [MESSAGE][PASSED] - Delayed 1 second(s)

2022-03-11 08:17:42 - [TEST_STEP][PASSED] - if (tab != "worldindices"): null

2022-03-11 08:17:42 - [MESSAGE][PASSED] - Call Test Case 'Test Cases/Mobile/Page/News/News' successfully

2022-03-11 08:17:42 - [TEST_STEP][PASSED] - callTestCase(findTestCase("Mobile/Page/Run App/Terminate App"), [:], STOP_ON_FAILURE): Call Test Case 'Test Cases/Mobile/Page/Run App/Terminate App' successfully

2022-03-11 08:17:42 - [TEST_CASE][PASSED] - Test Cases/Mobile/Page/Run App/Terminate App: Test Cases/Mobile/Page/Run App/Terminate App

2022-03-11 08:17:42 - [TEST_STEP][PASSED] - startApp.OpenApp.terminateApplication(): startApp.OpenApp.terminateApplication is PASSED

2022-03-11 08:17:45 - [MESSAGE][PASSED] - Delayed 3 second(s)

2022-03-11 08:17:46 - [MESSAGE][PASSED] - Current device physical width is 720

2022-03-11 08:17:46 - [MESSAGE][PASSED] - Current device physical height is 1423

2022-03-11 08:17:47 - [MESSAGE][PASSED] - Swiped from 360,853 to 360,142

2022-03-11 08:17:48 - [MESSAGE][PASSED] - Delayed 1 second(s)

2022-03-11 08:17:49 - [MESSAGE][PASSED] - Swiped from 360,853 to 360,142

2022-03-11 08:17:52 - [MESSAGE][PASSED] - Delayed 3 second(s)

2022-03-11 08:17:52 - [MESSAGE][PASSED] - startApp.OpenApp.terminateApplication is PASSED

2022-03-11 08:17:52 - [MESSAGE][PASSED] - Call Test Case 'Test Cases/Mobile/Page/Run App/Terminate App' successfully]]></system-out>
         <system-err><![CDATA[]]></system-err>
      </testcase>
      <testcase name="Test Cases/Mobile/Scenario/News/002 - News Stock" time="61.593" classname="Test Cases/Mobile/Scenario/News/002 - News Stock" status="PASSED">
         <system-out><![CDATA[2022-03-11 08:17:52 - [TEST_CASE][PASSED] - Test Cases/Mobile/Scenario/News/002 - News Stock: Test Cases/Mobile/Scenario/News/002 - News Stock

2022-03-11 08:17:53 - [TEST_STEP][PASSED] - callTestCase(findTestCase("Mobile/Page/Run App/Run App byID"), [:], STOP_ON_FAILURE): Call Test Case 'Test Cases/Mobile/Page/Run App/Run App byID' successfully

2022-03-11 08:17:53 - [TEST_CASE][PASSED] - Test Cases/Mobile/Page/Run App/Run App byID: Test Cases/Mobile/Page/Run App/Run App byID

2022-03-11 08:17:53 - [TEST_STEP][PASSED] - startApp.OpenApp.startApplication("id.co.miraeasset.sageclub"): startApp.OpenApp.startApplication is PASSED

2022-03-11 08:18:04 - [MESSAGE][PASSED] - Starting app with application ID: 'id.co.miraeasset.sageclub'

2022-03-11 08:18:04 - [MESSAGE][PASSED] - startApp.OpenApp.startApplication is PASSED

2022-03-11 08:18:04 - [MESSAGE][PASSED] - Call Test Case 'Test Cases/Mobile/Page/Run App/Run App byID' successfully

2022-03-11 08:18:04 - [TEST_STEP][PASSED] - callTestCase(findTestCase("Mobile/Page/News/News"), ["tab":"stocknews"], CONTINUE_ON_FAILURE): Call Test Case 'Test Cases/Mobile/Page/News/News' successfully

2022-03-11 08:18:04 - [TEST_CASE][PASSED] - Test Cases/Mobile/Page/News/News: Test Cases/Mobile/Page/News/News

2022-03-11 08:18:04 - [TEST_STEP][PASSED] - callTestCase(findTestCase("Mobile/Page/CheckLogin"), [:], CONTINUE_ON_FAILURE): Call Test Case 'Test Cases/Mobile/Page/CheckLogin' successfully

2022-03-11 08:18:04 - [TEST_CASE][PASSED] - Test Cases/Mobile/Page/CheckLogin: Test Cases/Mobile/Page/CheckLogin

2022-03-11 08:18:04 - [TEST_STEP][PASSED] - loginCheck = verifyElementExist(LOGN_BtnLogin, 5, CONTINUE_ON_FAILURE): Element 'Object Repository/Mobile/Page/Login/Button - Login' is exist

2022-03-11 08:18:06 - [MESSAGE][PASSED] - Element 'Object Repository/Mobile/Page/Login/Button - Login' is exist

2022-03-11 08:18:06 - [TEST_STEP][PASSED] - if (loginCheck): Call Test Case 'Test Cases/Mobile/Page/Login/Login' successfully

2022-03-11 08:18:06 - [TEST_STEP][PASSED] - callTestCase(findTestCase("Mobile/Page/Login/Login"), ["action":"username"], CONTINUE_ON_FAILURE): Call Test Case 'Test Cases/Mobile/Page/Login/Login' successfully

2022-03-11 08:18:06 - [TEST_CASE][PASSED] - Test Cases/Mobile/Page/Login/Login: Test Cases/Mobile/Page/Login/Login

2022-03-11 08:18:06 - [TEST_STEP][PASSED] - delay(2): Delayed 2 second(s)

2022-03-11 08:18:08 - [MESSAGE][PASSED] - Delayed 2 second(s)

2022-03-11 08:18:08 - [TEST_STEP][PASSED] - for ([i = 0, i < 1, (i++)]): null

2022-03-11 08:18:08 - [TEST_STEP][PASSED] - if (action == "username"): null

2022-03-11 08:18:08 - [TEST_STEP][PASSED] - tap(LOGN_EdtUserID, 0): Tapped on element 'Object Repository/Mobile/Page/Login/Input - UserID'

2022-03-11 08:18:08 - [MESSAGE][WARNING] - Timeout '0' is invalid. Using default page load timeout: '60'

2022-03-11 08:18:09 - [MESSAGE][PASSED] - Tapped on element 'Object Repository/Mobile/Page/Login/Input - UserID'

2022-03-11 08:18:09 - [TEST_STEP][PASSED] - delay(1): Delayed 1 second(s)

2022-03-11 08:18:10 - [MESSAGE][PASSED] - Delayed 1 second(s)

2022-03-11 08:18:10 - [TEST_STEP][PASSED] - setText(LOGN_EdtRdyUserID, "anggaaditya", 0): Text 'anggaaditya' has been set to element 'Object Repository/Mobile/Page/Login/Input Rdy - UserID'

2022-03-11 08:18:10 - [MESSAGE][WARNING] - Timeout '0' is invalid. Using default page load timeout: '60'

2022-03-11 08:18:11 - [MESSAGE][PASSED] - Text 'anggaaditya' has been set to element 'Object Repository/Mobile/Page/Login/Input Rdy - UserID'

2022-03-11 08:18:11 - [TEST_STEP][PASSED] - delay(1): Delayed 1 second(s)

2022-03-11 08:18:12 - [MESSAGE][PASSED] - Delayed 1 second(s)

2022-03-11 08:18:12 - [TEST_STEP][PASSED] - hideKeyboard(): Keyboard is hidden

2022-03-11 08:18:15 - [MESSAGE][PASSED] - Keyboard is hidden

2022-03-11 08:18:15 - [TEST_STEP][PASSED] - tap(LOGN_EdtPassword, 0): Tapped on element 'Object Repository/Mobile/Page/Login/Input - Password'

2022-03-11 08:18:15 - [MESSAGE][WARNING] - Timeout '0' is invalid. Using default page load timeout: '60'

2022-03-11 08:18:16 - [MESSAGE][PASSED] - Tapped on element 'Object Repository/Mobile/Page/Login/Input - Password'

2022-03-11 08:18:16 - [TEST_STEP][PASSED] - delay(1): Delayed 1 second(s)

2022-03-11 08:18:17 - [MESSAGE][PASSED] - Delayed 1 second(s)

2022-03-11 08:18:17 - [TEST_STEP][PASSED] - setText(LOGN_EdtRdyPassword, "Shalawa18", 0): Text 'Shalawa18' has been set to element 'Object Repository/Mobile/Page/Login/Input Rdy - Password'

2022-03-11 08:18:17 - [MESSAGE][WARNING] - Timeout '0' is invalid. Using default page load timeout: '60'

2022-03-11 08:18:17 - [MESSAGE][PASSED] - Text 'Shalawa18' has been set to element 'Object Repository/Mobile/Page/Login/Input Rdy - Password'

2022-03-11 08:18:17 - [TEST_STEP][PASSED] - delay(1): Delayed 1 second(s)

2022-03-11 08:18:18 - [MESSAGE][PASSED] - Delayed 1 second(s)

2022-03-11 08:18:18 - [TEST_STEP][PASSED] - hideKeyboard(): Keyboard is hidden

2022-03-11 08:18:24 - [MESSAGE][PASSED] - Keyboard is hidden

2022-03-11 08:18:24 - [TEST_STEP][PASSED] - tap(LOGN_BtnLogin, 0): Tapped on element 'Object Repository/Mobile/Page/Login/Button - Login'

2022-03-11 08:18:24 - [MESSAGE][WARNING] - Timeout '0' is invalid. Using default page load timeout: '60'

2022-03-11 08:18:25 - [MESSAGE][PASSED] - Tapped on element 'Object Repository/Mobile/Page/Login/Button - Login'

2022-03-11 08:18:25 - [TEST_STEP][PASSED] - delay(2): Delayed 2 second(s)

2022-03-11 08:18:27 - [MESSAGE][PASSED] - Delayed 2 second(s)

2022-03-11 08:18:27 - [TEST_STEP][PASSED] - break: null

2022-03-11 08:18:27 - [MESSAGE][PASSED] - Call Test Case 'Test Cases/Mobile/Page/Login/Login' successfully

2022-03-11 08:18:27 - [MESSAGE][PASSED] - Call Test Case 'Test Cases/Mobile/Page/CheckLogin' successfully

2022-03-11 08:18:27 - [TEST_STEP][PASSED] - tap(HOME_MenubarNews, 0): Tapped on element 'Object Repository/Mobile/Page/Home/Menubar - News'

2022-03-11 08:18:27 - [MESSAGE][WARNING] - Timeout '0' is invalid. Using default page load timeout: '60'

2022-03-11 08:18:30 - [MESSAGE][PASSED] - Tapped on element 'Object Repository/Mobile/Page/Home/Menubar - News'

2022-03-11 08:18:30 - [TEST_STEP][PASSED] - delay(3): Delayed 3 second(s)

2022-03-11 08:18:33 - [MESSAGE][PASSED] - Delayed 3 second(s)

2022-03-11 08:18:33 - [TEST_STEP][PASSED] - for ([i = 0, i < 1, (i++)]): Delayed 3 second(s)

2022-03-11 08:18:33 - [TEST_STEP][PASSED] - if (tab == "macronews"): null

2022-03-11 08:18:33 - [TEST_STEP][PASSED] - else if (tab == "stocknews"): Tapped on element 'Object Repository/Mobile/Page/News/Tab - Stock'

2022-03-11 08:18:33 - [TEST_STEP][PASSED] - tap(NEWS_TabStock, 0): Tapped on element 'Object Repository/Mobile/Page/News/Tab - Stock'

2022-03-11 08:18:33 - [MESSAGE][WARNING] - Timeout '0' is invalid. Using default page load timeout: '60'

2022-03-11 08:18:34 - [MESSAGE][PASSED] - Tapped on element 'Object Repository/Mobile/Page/News/Tab - Stock'

2022-03-11 08:18:34 - [TEST_STEP][PASSED] - delay(1): Delayed 1 second(s)

2022-03-11 08:18:35 - [MESSAGE][PASSED] - Delayed 1 second(s)

2022-03-11 08:18:35 - [TEST_STEP][PASSED] - if (tab != "worldindices"): Delayed 3 second(s)

2022-03-11 08:18:35 - [TEST_STEP][PASSED] - try: Delayed 3 second(s)

2022-03-11 08:18:35 - [TEST_STEP][PASSED] - tapAndHold(NEWS_ItemTopNews, 1, 10): Tapped and held on element 'Object Repository/Mobile/Page/News/Item - Top News' with duration 1

2022-03-11 08:18:38 - [MESSAGE][PASSED] - Tapped and held on element 'Object Repository/Mobile/Page/News/Item - Top News' with duration 1

2022-03-11 08:18:38 - [TEST_STEP][PASSED] - delay(1): Delayed 1 second(s)

2022-03-11 08:18:39 - [MESSAGE][PASSED] - Delayed 1 second(s)

2022-03-11 08:18:39 - [TEST_STEP][PASSED] - scroll.scroll.scrollScreenBottomToTop(): scroll.scroll.scrollScreenBottomToTop is PASSED

2022-03-11 08:18:39 - [MESSAGE][PASSED] - Current device physical height is 1423

2022-03-11 08:18:39 - [MESSAGE][PASSED] - Current device physical width is 720

2022-03-11 08:18:41 - [MESSAGE][PASSED] - Swiped from 360,1,138 to 360,284

2022-03-11 08:18:41 - [MESSAGE][PASSED] - scroll.scroll.scrollScreenBottomToTop is PASSED

2022-03-11 08:18:41 - [TEST_STEP][PASSED] - delay(3): Delayed 3 second(s)

2022-03-11 08:18:44 - [MESSAGE][PASSED] - Delayed 3 second(s)

2022-03-11 08:18:44 - [MESSAGE][PASSED] - Call Test Case 'Test Cases/Mobile/Page/News/News' successfully

2022-03-11 08:18:44 - [TEST_STEP][PASSED] - callTestCase(findTestCase("Mobile/Page/Run App/Terminate App"), [:], STOP_ON_FAILURE): Call Test Case 'Test Cases/Mobile/Page/Run App/Terminate App' successfully

2022-03-11 08:18:44 - [TEST_CASE][PASSED] - Test Cases/Mobile/Page/Run App/Terminate App: Test Cases/Mobile/Page/Run App/Terminate App

2022-03-11 08:18:44 - [TEST_STEP][PASSED] - startApp.OpenApp.terminateApplication(): startApp.OpenApp.terminateApplication is PASSED

2022-03-11 08:18:47 - [MESSAGE][PASSED] - Delayed 3 second(s)

2022-03-11 08:18:47 - [MESSAGE][PASSED] - Current device physical width is 720

2022-03-11 08:18:47 - [MESSAGE][PASSED] - Current device physical height is 1423

2022-03-11 08:18:49 - [MESSAGE][PASSED] - Swiped from 360,853 to 360,142

2022-03-11 08:18:50 - [MESSAGE][PASSED] - Delayed 1 second(s)

2022-03-11 08:18:51 - [MESSAGE][PASSED] - Swiped from 360,853 to 360,142

2022-03-11 08:18:54 - [MESSAGE][PASSED] - Delayed 3 second(s)

2022-03-11 08:18:54 - [MESSAGE][PASSED] - startApp.OpenApp.terminateApplication is PASSED

2022-03-11 08:18:54 - [MESSAGE][PASSED] - Call Test Case 'Test Cases/Mobile/Page/Run App/Terminate App' successfully]]></system-out>
         <system-err><![CDATA[]]></system-err>
      </testcase>
      <testcase name="Test Cases/Mobile/Scenario/News/003 - News Fund" time="60.807" classname="Test Cases/Mobile/Scenario/News/003 - News Fund" status="PASSED">
         <system-out><![CDATA[2022-03-11 08:18:54 - [TEST_CASE][PASSED] - Test Cases/Mobile/Scenario/News/003 - News Fund: Test Cases/Mobile/Scenario/News/003 - News Fund

2022-03-11 08:18:54 - [TEST_STEP][PASSED] - callTestCase(findTestCase("Mobile/Page/Run App/Run App byID"), [:], STOP_ON_FAILURE): Call Test Case 'Test Cases/Mobile/Page/Run App/Run App byID' successfully

2022-03-11 08:18:54 - [TEST_CASE][PASSED] - Test Cases/Mobile/Page/Run App/Run App byID: Test Cases/Mobile/Page/Run App/Run App byID

2022-03-11 08:18:54 - [TEST_STEP][PASSED] - startApp.OpenApp.startApplication("id.co.miraeasset.sageclub"): startApp.OpenApp.startApplication is PASSED

2022-03-11 08:19:06 - [MESSAGE][PASSED] - Starting app with application ID: 'id.co.miraeasset.sageclub'

2022-03-11 08:19:06 - [MESSAGE][PASSED] - startApp.OpenApp.startApplication is PASSED

2022-03-11 08:19:06 - [MESSAGE][PASSED] - Call Test Case 'Test Cases/Mobile/Page/Run App/Run App byID' successfully

2022-03-11 08:19:06 - [TEST_STEP][PASSED] - callTestCase(findTestCase("Mobile/Page/News/News"), ["tab":"fundnews"], CONTINUE_ON_FAILURE): Call Test Case 'Test Cases/Mobile/Page/News/News' successfully

2022-03-11 08:19:06 - [TEST_CASE][PASSED] - Test Cases/Mobile/Page/News/News: Test Cases/Mobile/Page/News/News

2022-03-11 08:19:06 - [TEST_STEP][PASSED] - callTestCase(findTestCase("Mobile/Page/CheckLogin"), [:], CONTINUE_ON_FAILURE): Call Test Case 'Test Cases/Mobile/Page/CheckLogin' successfully

2022-03-11 08:19:06 - [TEST_CASE][PASSED] - Test Cases/Mobile/Page/CheckLogin: Test Cases/Mobile/Page/CheckLogin

2022-03-11 08:19:06 - [TEST_STEP][PASSED] - loginCheck = verifyElementExist(LOGN_BtnLogin, 5, CONTINUE_ON_FAILURE): Element 'Object Repository/Mobile/Page/Login/Button - Login' is exist

2022-03-11 08:19:08 - [MESSAGE][PASSED] - Element 'Object Repository/Mobile/Page/Login/Button - Login' is exist

2022-03-11 08:19:08 - [TEST_STEP][PASSED] - if (loginCheck): Call Test Case 'Test Cases/Mobile/Page/Login/Login' successfully

2022-03-11 08:19:08 - [TEST_STEP][PASSED] - callTestCase(findTestCase("Mobile/Page/Login/Login"), ["action":"username"], CONTINUE_ON_FAILURE): Call Test Case 'Test Cases/Mobile/Page/Login/Login' successfully

2022-03-11 08:19:08 - [TEST_CASE][PASSED] - Test Cases/Mobile/Page/Login/Login: Test Cases/Mobile/Page/Login/Login

2022-03-11 08:19:08 - [TEST_STEP][PASSED] - delay(2): Delayed 2 second(s)

2022-03-11 08:19:10 - [MESSAGE][PASSED] - Delayed 2 second(s)

2022-03-11 08:19:10 - [TEST_STEP][PASSED] - for ([i = 0, i < 1, (i++)]): null

2022-03-11 08:19:10 - [TEST_STEP][PASSED] - if (action == "username"): null

2022-03-11 08:19:10 - [TEST_STEP][PASSED] - tap(LOGN_EdtUserID, 0): Tapped on element 'Object Repository/Mobile/Page/Login/Input - UserID'

2022-03-11 08:19:10 - [MESSAGE][WARNING] - Timeout '0' is invalid. Using default page load timeout: '60'

2022-03-11 08:19:10 - [MESSAGE][PASSED] - Tapped on element 'Object Repository/Mobile/Page/Login/Input - UserID'

2022-03-11 08:19:10 - [TEST_STEP][PASSED] - delay(1): Delayed 1 second(s)

2022-03-11 08:19:11 - [MESSAGE][PASSED] - Delayed 1 second(s)

2022-03-11 08:19:11 - [TEST_STEP][PASSED] - setText(LOGN_EdtRdyUserID, "anggaaditya", 0): Text 'anggaaditya' has been set to element 'Object Repository/Mobile/Page/Login/Input Rdy - UserID'

2022-03-11 08:19:11 - [MESSAGE][WARNING] - Timeout '0' is invalid. Using default page load timeout: '60'

2022-03-11 08:19:12 - [MESSAGE][PASSED] - Text 'anggaaditya' has been set to element 'Object Repository/Mobile/Page/Login/Input Rdy - UserID'

2022-03-11 08:19:12 - [TEST_STEP][PASSED] - delay(1): Delayed 1 second(s)

2022-03-11 08:19:13 - [MESSAGE][PASSED] - Delayed 1 second(s)

2022-03-11 08:19:13 - [TEST_STEP][PASSED] - hideKeyboard(): Keyboard is hidden

2022-03-11 08:19:17 - [MESSAGE][PASSED] - Keyboard is hidden

2022-03-11 08:19:17 - [TEST_STEP][PASSED] - tap(LOGN_EdtPassword, 0): Tapped on element 'Object Repository/Mobile/Page/Login/Input - Password'

2022-03-11 08:19:17 - [MESSAGE][WARNING] - Timeout '0' is invalid. Using default page load timeout: '60'

2022-03-11 08:19:18 - [MESSAGE][PASSED] - Tapped on element 'Object Repository/Mobile/Page/Login/Input - Password'

2022-03-11 08:19:18 - [TEST_STEP][PASSED] - delay(1): Delayed 1 second(s)

2022-03-11 08:19:19 - [MESSAGE][PASSED] - Delayed 1 second(s)

2022-03-11 08:19:19 - [TEST_STEP][PASSED] - setText(LOGN_EdtRdyPassword, "Shalawa18", 0): Text 'Shalawa18' has been set to element 'Object Repository/Mobile/Page/Login/Input Rdy - Password'

2022-03-11 08:19:19 - [MESSAGE][WARNING] - Timeout '0' is invalid. Using default page load timeout: '60'

2022-03-11 08:19:19 - [MESSAGE][PASSED] - Text 'Shalawa18' has been set to element 'Object Repository/Mobile/Page/Login/Input Rdy - Password'

2022-03-11 08:19:19 - [TEST_STEP][PASSED] - delay(1): Delayed 1 second(s)

2022-03-11 08:19:20 - [MESSAGE][PASSED] - Delayed 1 second(s)

2022-03-11 08:19:20 - [TEST_STEP][PASSED] - hideKeyboard(): Keyboard is hidden

2022-03-11 08:19:26 - [MESSAGE][PASSED] - Keyboard is hidden

2022-03-11 08:19:26 - [TEST_STEP][PASSED] - tap(LOGN_BtnLogin, 0): Tapped on element 'Object Repository/Mobile/Page/Login/Button - Login'

2022-03-11 08:19:26 - [MESSAGE][WARNING] - Timeout '0' is invalid. Using default page load timeout: '60'

2022-03-11 08:19:27 - [MESSAGE][PASSED] - Tapped on element 'Object Repository/Mobile/Page/Login/Button - Login'

2022-03-11 08:19:27 - [TEST_STEP][PASSED] - delay(2): Delayed 2 second(s)

2022-03-11 08:19:29 - [MESSAGE][PASSED] - Delayed 2 second(s)

2022-03-11 08:19:29 - [TEST_STEP][PASSED] - break: null

2022-03-11 08:19:29 - [MESSAGE][PASSED] - Call Test Case 'Test Cases/Mobile/Page/Login/Login' successfully

2022-03-11 08:19:29 - [MESSAGE][PASSED] - Call Test Case 'Test Cases/Mobile/Page/CheckLogin' successfully

2022-03-11 08:19:29 - [TEST_STEP][PASSED] - tap(HOME_MenubarNews, 0): Tapped on element 'Object Repository/Mobile/Page/Home/Menubar - News'

2022-03-11 08:19:29 - [MESSAGE][WARNING] - Timeout '0' is invalid. Using default page load timeout: '60'

2022-03-11 08:19:31 - [MESSAGE][PASSED] - Tapped on element 'Object Repository/Mobile/Page/Home/Menubar - News'

2022-03-11 08:19:31 - [TEST_STEP][PASSED] - delay(3): Delayed 3 second(s)

2022-03-11 08:19:34 - [MESSAGE][PASSED] - Delayed 3 second(s)

2022-03-11 08:19:34 - [TEST_STEP][PASSED] - for ([i = 0, i < 1, (i++)]): Delayed 3 second(s)

2022-03-11 08:19:34 - [TEST_STEP][PASSED] - if (tab == "macronews"): null

2022-03-11 08:19:34 - [TEST_STEP][PASSED] - else if (tab == "stocknews"): null

2022-03-11 08:19:34 - [TEST_STEP][PASSED] - else if (tab == "fundnews"): Tapped on element 'Object Repository/Mobile/Page/News/Tab - Fund'

2022-03-11 08:19:34 - [TEST_STEP][PASSED] - tap(NEWS_TabFund, 0): Tapped on element 'Object Repository/Mobile/Page/News/Tab - Fund'

2022-03-11 08:19:34 - [MESSAGE][WARNING] - Timeout '0' is invalid. Using default page load timeout: '60'

2022-03-11 08:19:35 - [MESSAGE][PASSED] - Tapped on element 'Object Repository/Mobile/Page/News/Tab - Fund'

2022-03-11 08:19:35 - [TEST_STEP][PASSED] - delay(1): Delayed 1 second(s)

2022-03-11 08:19:36 - [MESSAGE][PASSED] - Delayed 1 second(s)

2022-03-11 08:19:36 - [TEST_STEP][PASSED] - if (tab != "worldindices"): Delayed 3 second(s)

2022-03-11 08:19:36 - [TEST_STEP][PASSED] - try: Delayed 3 second(s)

2022-03-11 08:19:36 - [TEST_STEP][PASSED] - tapAndHold(NEWS_ItemTopNews, 1, 10): Tapped and held on element 'Object Repository/Mobile/Page/News/Item - Top News' with duration 1

2022-03-11 08:19:39 - [MESSAGE][PASSED] - Tapped and held on element 'Object Repository/Mobile/Page/News/Item - Top News' with duration 1

2022-03-11 08:19:39 - [TEST_STEP][PASSED] - delay(1): Delayed 1 second(s)

2022-03-11 08:19:40 - [MESSAGE][PASSED] - Delayed 1 second(s)

2022-03-11 08:19:40 - [TEST_STEP][PASSED] - scroll.scroll.scrollScreenBottomToTop(): scroll.scroll.scrollScreenBottomToTop is PASSED

2022-03-11 08:19:40 - [MESSAGE][PASSED] - Current device physical height is 1423

2022-03-11 08:19:40 - [MESSAGE][PASSED] - Current device physical width is 720

2022-03-11 08:19:41 - [MESSAGE][PASSED] - Swiped from 360,1,138 to 360,284

2022-03-11 08:19:41 - [MESSAGE][PASSED] - scroll.scroll.scrollScreenBottomToTop is PASSED

2022-03-11 08:19:41 - [TEST_STEP][PASSED] - delay(3): Delayed 3 second(s)

2022-03-11 08:19:44 - [MESSAGE][PASSED] - Delayed 3 second(s)

2022-03-11 08:19:44 - [MESSAGE][PASSED] - Call Test Case 'Test Cases/Mobile/Page/News/News' successfully

2022-03-11 08:19:44 - [TEST_STEP][PASSED] - callTestCase(findTestCase("Mobile/Page/Run App/Terminate App"), [:], STOP_ON_FAILURE): Call Test Case 'Test Cases/Mobile/Page/Run App/Terminate App' successfully

2022-03-11 08:19:44 - [TEST_CASE][PASSED] - Test Cases/Mobile/Page/Run App/Terminate App: Test Cases/Mobile/Page/Run App/Terminate App

2022-03-11 08:19:44 - [TEST_STEP][PASSED] - startApp.OpenApp.terminateApplication(): startApp.OpenApp.terminateApplication is PASSED

2022-03-11 08:19:48 - [MESSAGE][PASSED] - Delayed 3 second(s)

2022-03-11 08:19:48 - [MESSAGE][PASSED] - Current device physical width is 720

2022-03-11 08:19:48 - [MESSAGE][PASSED] - Current device physical height is 1423

2022-03-11 08:19:49 - [MESSAGE][PASSED] - Swiped from 360,853 to 360,142

2022-03-11 08:19:50 - [MESSAGE][PASSED] - Delayed 1 second(s)

2022-03-11 08:19:52 - [MESSAGE][PASSED] - Swiped from 360,853 to 360,142

2022-03-11 08:19:55 - [MESSAGE][PASSED] - Delayed 3 second(s)

2022-03-11 08:19:55 - [MESSAGE][PASSED] - startApp.OpenApp.terminateApplication is PASSED

2022-03-11 08:19:55 - [MESSAGE][PASSED] - Call Test Case 'Test Cases/Mobile/Page/Run App/Terminate App' successfully]]></system-out>
         <system-err><![CDATA[]]></system-err>
      </testcase>
      <testcase name="Test Cases/Mobile/Scenario/News/004 - Bond News" time="62.328" classname="Test Cases/Mobile/Scenario/News/004 - Bond News" status="PASSED">
         <system-out><![CDATA[2022-03-11 08:19:55 - [TEST_CASE][PASSED] - Test Cases/Mobile/Scenario/News/004 - Bond News: Test Cases/Mobile/Scenario/News/004 - Bond News

2022-03-11 08:19:55 - [TEST_STEP][PASSED] - callTestCase(findTestCase("Mobile/Page/Run App/Run App byID"), [:], STOP_ON_FAILURE): Call Test Case 'Test Cases/Mobile/Page/Run App/Run App byID' successfully

2022-03-11 08:19:55 - [TEST_CASE][PASSED] - Test Cases/Mobile/Page/Run App/Run App byID: Test Cases/Mobile/Page/Run App/Run App byID

2022-03-11 08:19:55 - [TEST_STEP][PASSED] - startApp.OpenApp.startApplication("id.co.miraeasset.sageclub"): startApp.OpenApp.startApplication is PASSED

2022-03-11 08:20:08 - [MESSAGE][PASSED] - Starting app with application ID: 'id.co.miraeasset.sageclub'

2022-03-11 08:20:08 - [MESSAGE][PASSED] - startApp.OpenApp.startApplication is PASSED

2022-03-11 08:20:08 - [MESSAGE][PASSED] - Call Test Case 'Test Cases/Mobile/Page/Run App/Run App byID' successfully

2022-03-11 08:20:08 - [TEST_STEP][PASSED] - callTestCase(findTestCase("Mobile/Page/News/News"), ["tab":"bondnews"], CONTINUE_ON_FAILURE): Call Test Case 'Test Cases/Mobile/Page/News/News' successfully

2022-03-11 08:20:08 - [TEST_CASE][PASSED] - Test Cases/Mobile/Page/News/News: Test Cases/Mobile/Page/News/News

2022-03-11 08:20:08 - [TEST_STEP][PASSED] - callTestCase(findTestCase("Mobile/Page/CheckLogin"), [:], CONTINUE_ON_FAILURE): Call Test Case 'Test Cases/Mobile/Page/CheckLogin' successfully

2022-03-11 08:20:08 - [TEST_CASE][PASSED] - Test Cases/Mobile/Page/CheckLogin: Test Cases/Mobile/Page/CheckLogin

2022-03-11 08:20:08 - [TEST_STEP][PASSED] - loginCheck = verifyElementExist(LOGN_BtnLogin, 5, CONTINUE_ON_FAILURE): Element 'Object Repository/Mobile/Page/Login/Button - Login' is exist

2022-03-11 08:20:10 - [MESSAGE][PASSED] - Element 'Object Repository/Mobile/Page/Login/Button - Login' is exist

2022-03-11 08:20:10 - [TEST_STEP][PASSED] - if (loginCheck): Call Test Case 'Test Cases/Mobile/Page/Login/Login' successfully

2022-03-11 08:20:10 - [TEST_STEP][PASSED] - callTestCase(findTestCase("Mobile/Page/Login/Login"), ["action":"username"], CONTINUE_ON_FAILURE): Call Test Case 'Test Cases/Mobile/Page/Login/Login' successfully

2022-03-11 08:20:10 - [TEST_CASE][PASSED] - Test Cases/Mobile/Page/Login/Login: Test Cases/Mobile/Page/Login/Login

2022-03-11 08:20:10 - [TEST_STEP][PASSED] - delay(2): Delayed 2 second(s)

2022-03-11 08:20:12 - [MESSAGE][PASSED] - Delayed 2 second(s)

2022-03-11 08:20:12 - [TEST_STEP][PASSED] - for ([i = 0, i < 1, (i++)]): null

2022-03-11 08:20:12 - [TEST_STEP][PASSED] - if (action == "username"): null

2022-03-11 08:20:12 - [TEST_STEP][PASSED] - tap(LOGN_EdtUserID, 0): Tapped on element 'Object Repository/Mobile/Page/Login/Input - UserID'

2022-03-11 08:20:12 - [MESSAGE][WARNING] - Timeout '0' is invalid. Using default page load timeout: '60'

2022-03-11 08:20:12 - [MESSAGE][PASSED] - Tapped on element 'Object Repository/Mobile/Page/Login/Input - UserID'

2022-03-11 08:20:12 - [TEST_STEP][PASSED] - delay(1): Delayed 1 second(s)

2022-03-11 08:20:13 - [MESSAGE][PASSED] - Delayed 1 second(s)

2022-03-11 08:20:13 - [TEST_STEP][PASSED] - setText(LOGN_EdtRdyUserID, "anggaaditya", 0): Text 'anggaaditya' has been set to element 'Object Repository/Mobile/Page/Login/Input Rdy - UserID'

2022-03-11 08:20:13 - [MESSAGE][WARNING] - Timeout '0' is invalid. Using default page load timeout: '60'

2022-03-11 08:20:14 - [MESSAGE][PASSED] - Text 'anggaaditya' has been set to element 'Object Repository/Mobile/Page/Login/Input Rdy - UserID'

2022-03-11 08:20:14 - [TEST_STEP][PASSED] - delay(1): Delayed 1 second(s)

2022-03-11 08:20:15 - [MESSAGE][PASSED] - Delayed 1 second(s)

2022-03-11 08:20:15 - [TEST_STEP][PASSED] - hideKeyboard(): Keyboard is hidden

2022-03-11 08:20:19 - [MESSAGE][PASSED] - Keyboard is hidden

2022-03-11 08:20:19 - [TEST_STEP][PASSED] - tap(LOGN_EdtPassword, 0): Tapped on element 'Object Repository/Mobile/Page/Login/Input - Password'

2022-03-11 08:20:19 - [MESSAGE][WARNING] - Timeout '0' is invalid. Using default page load timeout: '60'

2022-03-11 08:20:19 - [MESSAGE][PASSED] - Tapped on element 'Object Repository/Mobile/Page/Login/Input - Password'

2022-03-11 08:20:19 - [TEST_STEP][PASSED] - delay(1): Delayed 1 second(s)

2022-03-11 08:20:20 - [MESSAGE][PASSED] - Delayed 1 second(s)

2022-03-11 08:20:20 - [TEST_STEP][PASSED] - setText(LOGN_EdtRdyPassword, "Shalawa18", 0): Text 'Shalawa18' has been set to element 'Object Repository/Mobile/Page/Login/Input Rdy - Password'

2022-03-11 08:20:20 - [MESSAGE][WARNING] - Timeout '0' is invalid. Using default page load timeout: '60'

2022-03-11 08:20:21 - [MESSAGE][PASSED] - Text 'Shalawa18' has been set to element 'Object Repository/Mobile/Page/Login/Input Rdy - Password'

2022-03-11 08:20:21 - [TEST_STEP][PASSED] - delay(1): Delayed 1 second(s)

2022-03-11 08:20:22 - [MESSAGE][PASSED] - Delayed 1 second(s)

2022-03-11 08:20:22 - [TEST_STEP][PASSED] - hideKeyboard(): Keyboard is hidden

2022-03-11 08:20:28 - [MESSAGE][PASSED] - Keyboard is hidden

2022-03-11 08:20:28 - [TEST_STEP][PASSED] - tap(LOGN_BtnLogin, 0): Tapped on element 'Object Repository/Mobile/Page/Login/Button - Login'

2022-03-11 08:20:28 - [MESSAGE][WARNING] - Timeout '0' is invalid. Using default page load timeout: '60'

2022-03-11 08:20:29 - [MESSAGE][PASSED] - Tapped on element 'Object Repository/Mobile/Page/Login/Button - Login'

2022-03-11 08:20:29 - [TEST_STEP][PASSED] - delay(2): Delayed 2 second(s)

2022-03-11 08:20:31 - [MESSAGE][PASSED] - Delayed 2 second(s)

2022-03-11 08:20:31 - [TEST_STEP][PASSED] - break: null

2022-03-11 08:20:31 - [MESSAGE][PASSED] - Call Test Case 'Test Cases/Mobile/Page/Login/Login' successfully

2022-03-11 08:20:31 - [MESSAGE][PASSED] - Call Test Case 'Test Cases/Mobile/Page/CheckLogin' successfully

2022-03-11 08:20:31 - [TEST_STEP][PASSED] - tap(HOME_MenubarNews, 0): Tapped on element 'Object Repository/Mobile/Page/Home/Menubar - News'

2022-03-11 08:20:31 - [MESSAGE][WARNING] - Timeout '0' is invalid. Using default page load timeout: '60'

2022-03-11 08:20:32 - [MESSAGE][PASSED] - Tapped on element 'Object Repository/Mobile/Page/Home/Menubar - News'

2022-03-11 08:20:32 - [TEST_STEP][PASSED] - delay(3): Delayed 3 second(s)

2022-03-11 08:20:35 - [MESSAGE][PASSED] - Delayed 3 second(s)

2022-03-11 08:20:35 - [TEST_STEP][PASSED] - for ([i = 0, i < 1, (i++)]): Delayed 3 second(s)

2022-03-11 08:20:35 - [TEST_STEP][PASSED] - if (tab == "macronews"): null

2022-03-11 08:20:35 - [TEST_STEP][PASSED] - else if (tab == "stocknews"): null

2022-03-11 08:20:35 - [TEST_STEP][PASSED] - else if (tab == "fundnews"): null

2022-03-11 08:20:35 - [TEST_STEP][PASSED] - else if (tab == "bondnews"): Tapped on element 'Object Repository/Mobile/Page/News/Tab - Bond'

2022-03-11 08:20:35 - [TEST_STEP][PASSED] - tap(NEWS_TabBond, 0): Tapped on element 'Object Repository/Mobile/Page/News/Tab - Bond'

2022-03-11 08:20:35 - [MESSAGE][WARNING] - Timeout '0' is invalid. Using default page load timeout: '60'

2022-03-11 08:20:37 - [MESSAGE][PASSED] - Tapped on element 'Object Repository/Mobile/Page/News/Tab - Bond'

2022-03-11 08:20:37 - [TEST_STEP][PASSED] - delay(1): Delayed 1 second(s)

2022-03-11 08:20:38 - [MESSAGE][PASSED] - Delayed 1 second(s)

2022-03-11 08:20:38 - [TEST_STEP][PASSED] - if (tab != "worldindices"): Delayed 3 second(s)

2022-03-11 08:20:38 - [TEST_STEP][PASSED] - try: Delayed 3 second(s)

2022-03-11 08:20:38 - [TEST_STEP][PASSED] - tapAndHold(NEWS_ItemTopNews, 1, 10): Tapped and held on element 'Object Repository/Mobile/Page/News/Item - Top News' with duration 1

2022-03-11 08:20:41 - [MESSAGE][PASSED] - Tapped and held on element 'Object Repository/Mobile/Page/News/Item - Top News' with duration 1

2022-03-11 08:20:41 - [TEST_STEP][PASSED] - delay(1): Delayed 1 second(s)

2022-03-11 08:20:42 - [MESSAGE][PASSED] - Delayed 1 second(s)

2022-03-11 08:20:42 - [TEST_STEP][PASSED] - scroll.scroll.scrollScreenBottomToTop(): scroll.scroll.scrollScreenBottomToTop is PASSED

2022-03-11 08:20:42 - [MESSAGE][PASSED] - Current device physical height is 1423

2022-03-11 08:20:43 - [MESSAGE][PASSED] - Current device physical width is 720

2022-03-11 08:20:44 - [MESSAGE][PASSED] - Swiped from 360,1,138 to 360,284

2022-03-11 08:20:44 - [MESSAGE][PASSED] - scroll.scroll.scrollScreenBottomToTop is PASSED

2022-03-11 08:20:44 - [TEST_STEP][PASSED] - delay(3): Delayed 3 second(s)

2022-03-11 08:20:47 - [MESSAGE][PASSED] - Delayed 3 second(s)

2022-03-11 08:20:47 - [MESSAGE][PASSED] - Call Test Case 'Test Cases/Mobile/Page/News/News' successfully

2022-03-11 08:20:47 - [TEST_STEP][PASSED] - callTestCase(findTestCase("Mobile/Page/Run App/Terminate App"), [:], STOP_ON_FAILURE): Call Test Case 'Test Cases/Mobile/Page/Run App/Terminate App' successfully

2022-03-11 08:20:47 - [TEST_CASE][PASSED] - Test Cases/Mobile/Page/Run App/Terminate App: Test Cases/Mobile/Page/Run App/Terminate App

2022-03-11 08:20:47 - [TEST_STEP][PASSED] - startApp.OpenApp.terminateApplication(): startApp.OpenApp.terminateApplication is PASSED

2022-03-11 08:20:50 - [MESSAGE][PASSED] - Delayed 3 second(s)

2022-03-11 08:20:50 - [MESSAGE][PASSED] - Current device physical width is 720

2022-03-11 08:20:50 - [MESSAGE][PASSED] - Current device physical height is 1423

2022-03-11 08:20:52 - [MESSAGE][PASSED] - Swiped from 360,853 to 360,142

2022-03-11 08:20:53 - [MESSAGE][PASSED] - Delayed 1 second(s)

2022-03-11 08:20:54 - [MESSAGE][PASSED] - Swiped from 360,853 to 360,142

2022-03-11 08:20:57 - [MESSAGE][PASSED] - Delayed 3 second(s)

2022-03-11 08:20:57 - [MESSAGE][PASSED] - startApp.OpenApp.terminateApplication is PASSED

2022-03-11 08:20:57 - [MESSAGE][PASSED] - Call Test Case 'Test Cases/Mobile/Page/Run App/Terminate App' successfully]]></system-out>
         <system-err><![CDATA[]]></system-err>
      </testcase>
      <testcase name="Test Cases/Mobile/Scenario/News/005 - Macro News" time="67.744" classname="Test Cases/Mobile/Scenario/News/005 - Macro News" status="PASSED">
         <system-out><![CDATA[2022-03-11 08:20:57 - [TEST_CASE][PASSED] - Test Cases/Mobile/Scenario/News/005 - Macro News: Test Cases/Mobile/Scenario/News/005 - Macro News

2022-03-11 08:20:57 - [TEST_STEP][PASSED] - callTestCase(findTestCase("Mobile/Page/Run App/Run App byID"), [:], STOP_ON_FAILURE): Call Test Case 'Test Cases/Mobile/Page/Run App/Run App byID' successfully

2022-03-11 08:20:57 - [TEST_CASE][PASSED] - Test Cases/Mobile/Page/Run App/Run App byID: Test Cases/Mobile/Page/Run App/Run App byID

2022-03-11 08:20:57 - [TEST_STEP][PASSED] - startApp.OpenApp.startApplication("id.co.miraeasset.sageclub"): startApp.OpenApp.startApplication is PASSED

2022-03-11 08:21:09 - [MESSAGE][PASSED] - Starting app with application ID: 'id.co.miraeasset.sageclub'

2022-03-11 08:21:09 - [MESSAGE][PASSED] - startApp.OpenApp.startApplication is PASSED

2022-03-11 08:21:09 - [MESSAGE][PASSED] - Call Test Case 'Test Cases/Mobile/Page/Run App/Run App byID' successfully

2022-03-11 08:21:09 - [TEST_STEP][PASSED] - callTestCase(findTestCase("Mobile/Page/News/News"), ["tab":"macronews"], CONTINUE_ON_FAILURE): Call Test Case 'Test Cases/Mobile/Page/News/News' successfully

2022-03-11 08:21:09 - [TEST_CASE][PASSED] - Test Cases/Mobile/Page/News/News: Test Cases/Mobile/Page/News/News

2022-03-11 08:21:09 - [TEST_STEP][PASSED] - callTestCase(findTestCase("Mobile/Page/CheckLogin"), [:], CONTINUE_ON_FAILURE): Call Test Case 'Test Cases/Mobile/Page/CheckLogin' successfully

2022-03-11 08:21:09 - [TEST_CASE][PASSED] - Test Cases/Mobile/Page/CheckLogin: Test Cases/Mobile/Page/CheckLogin

2022-03-11 08:21:09 - [TEST_STEP][PASSED] - loginCheck = verifyElementExist(LOGN_BtnLogin, 5, CONTINUE_ON_FAILURE): Element 'Object Repository/Mobile/Page/Login/Button - Login' is exist

2022-03-11 08:21:11 - [MESSAGE][PASSED] - Element 'Object Repository/Mobile/Page/Login/Button - Login' is exist

2022-03-11 08:21:11 - [TEST_STEP][PASSED] - if (loginCheck): Call Test Case 'Test Cases/Mobile/Page/Login/Login' successfully

2022-03-11 08:21:11 - [TEST_STEP][PASSED] - callTestCase(findTestCase("Mobile/Page/Login/Login"), ["action":"username"], CONTINUE_ON_FAILURE): Call Test Case 'Test Cases/Mobile/Page/Login/Login' successfully

2022-03-11 08:21:11 - [TEST_CASE][PASSED] - Test Cases/Mobile/Page/Login/Login: Test Cases/Mobile/Page/Login/Login

2022-03-11 08:21:11 - [TEST_STEP][PASSED] - delay(2): Delayed 2 second(s)

2022-03-11 08:21:13 - [MESSAGE][PASSED] - Delayed 2 second(s)

2022-03-11 08:21:13 - [TEST_STEP][PASSED] - for ([i = 0, i < 1, (i++)]): null

2022-03-11 08:21:13 - [TEST_STEP][PASSED] - if (action == "username"): null

2022-03-11 08:21:13 - [TEST_STEP][PASSED] - tap(LOGN_EdtUserID, 0): Tapped on element 'Object Repository/Mobile/Page/Login/Input - UserID'

2022-03-11 08:21:13 - [MESSAGE][WARNING] - Timeout '0' is invalid. Using default page load timeout: '60'

2022-03-11 08:21:14 - [MESSAGE][PASSED] - Tapped on element 'Object Repository/Mobile/Page/Login/Input - UserID'

2022-03-11 08:21:14 - [TEST_STEP][PASSED] - delay(1): Delayed 1 second(s)

2022-03-11 08:21:15 - [MESSAGE][PASSED] - Delayed 1 second(s)

2022-03-11 08:21:15 - [TEST_STEP][PASSED] - setText(LOGN_EdtRdyUserID, "anggaaditya", 0): Text 'anggaaditya' has been set to element 'Object Repository/Mobile/Page/Login/Input Rdy - UserID'

2022-03-11 08:21:15 - [MESSAGE][WARNING] - Timeout '0' is invalid. Using default page load timeout: '60'

2022-03-11 08:21:16 - [MESSAGE][PASSED] - Text 'anggaaditya' has been set to element 'Object Repository/Mobile/Page/Login/Input Rdy - UserID'

2022-03-11 08:21:16 - [TEST_STEP][PASSED] - delay(1): Delayed 1 second(s)

2022-03-11 08:21:17 - [MESSAGE][PASSED] - Delayed 1 second(s)

2022-03-11 08:21:17 - [TEST_STEP][PASSED] - hideKeyboard(): Keyboard is hidden

2022-03-11 08:21:23 - [MESSAGE][PASSED] - Keyboard is hidden

2022-03-11 08:21:23 - [TEST_STEP][PASSED] - tap(LOGN_EdtPassword, 0): Tapped on element 'Object Repository/Mobile/Page/Login/Input - Password'

2022-03-11 08:21:23 - [MESSAGE][WARNING] - Timeout '0' is invalid. Using default page load timeout: '60'

2022-03-11 08:21:23 - [MESSAGE][PASSED] - Tapped on element 'Object Repository/Mobile/Page/Login/Input - Password'

2022-03-11 08:21:23 - [TEST_STEP][PASSED] - delay(1): Delayed 1 second(s)

2022-03-11 08:21:24 - [MESSAGE][PASSED] - Delayed 1 second(s)

2022-03-11 08:21:24 - [TEST_STEP][PASSED] - setText(LOGN_EdtRdyPassword, "Shalawa18", 0): Text 'Shalawa18' has been set to element 'Object Repository/Mobile/Page/Login/Input Rdy - Password'

2022-03-11 08:21:24 - [MESSAGE][WARNING] - Timeout '0' is invalid. Using default page load timeout: '60'

2022-03-11 08:21:25 - [MESSAGE][PASSED] - Text 'Shalawa18' has been set to element 'Object Repository/Mobile/Page/Login/Input Rdy - Password'

2022-03-11 08:21:25 - [TEST_STEP][PASSED] - delay(1): Delayed 1 second(s)

2022-03-11 08:21:26 - [MESSAGE][PASSED] - Delayed 1 second(s)

2022-03-11 08:21:26 - [TEST_STEP][PASSED] - hideKeyboard(): Keyboard is hidden

2022-03-11 08:21:37 - [MESSAGE][PASSED] - Keyboard is hidden

2022-03-11 08:21:37 - [TEST_STEP][PASSED] - tap(LOGN_BtnLogin, 0): Tapped on element 'Object Repository/Mobile/Page/Login/Button - Login'

2022-03-11 08:21:37 - [MESSAGE][WARNING] - Timeout '0' is invalid. Using default page load timeout: '60'

2022-03-11 08:21:38 - [MESSAGE][PASSED] - Tapped on element 'Object Repository/Mobile/Page/Login/Button - Login'

2022-03-11 08:21:38 - [TEST_STEP][PASSED] - delay(2): Delayed 2 second(s)

2022-03-11 08:21:40 - [MESSAGE][PASSED] - Delayed 2 second(s)

2022-03-11 08:21:40 - [TEST_STEP][PASSED] - break: null

2022-03-11 08:21:40 - [MESSAGE][PASSED] - Call Test Case 'Test Cases/Mobile/Page/Login/Login' successfully

2022-03-11 08:21:40 - [MESSAGE][PASSED] - Call Test Case 'Test Cases/Mobile/Page/CheckLogin' successfully

2022-03-11 08:21:40 - [TEST_STEP][PASSED] - tap(HOME_MenubarNews, 0): Tapped on element 'Object Repository/Mobile/Page/Home/Menubar - News'

2022-03-11 08:21:40 - [MESSAGE][WARNING] - Timeout '0' is invalid. Using default page load timeout: '60'

2022-03-11 08:21:40 - [MESSAGE][PASSED] - Tapped on element 'Object Repository/Mobile/Page/Home/Menubar - News'

2022-03-11 08:21:40 - [TEST_STEP][PASSED] - delay(3): Delayed 3 second(s)

2022-03-11 08:21:43 - [MESSAGE][PASSED] - Delayed 3 second(s)

2022-03-11 08:21:43 - [TEST_STEP][PASSED] - for ([i = 0, i < 1, (i++)]): Delayed 3 second(s)

2022-03-11 08:21:43 - [TEST_STEP][PASSED] - if (tab == "macronews"): Tapped on element 'Object Repository/Mobile/Page/News/Tab - Macro'

2022-03-11 08:21:43 - [TEST_STEP][PASSED] - tap(NEWS_TabMacro, 0): Tapped on element 'Object Repository/Mobile/Page/News/Tab - Macro'

2022-03-11 08:21:43 - [MESSAGE][WARNING] - Timeout '0' is invalid. Using default page load timeout: '60'

2022-03-11 08:21:44 - [MESSAGE][PASSED] - Tapped on element 'Object Repository/Mobile/Page/News/Tab - Macro'

2022-03-11 08:21:44 - [TEST_STEP][PASSED] - delay(1): Delayed 1 second(s)

2022-03-11 08:21:45 - [MESSAGE][PASSED] - Delayed 1 second(s)

2022-03-11 08:21:45 - [TEST_STEP][PASSED] - if (tab != "worldindices"): Delayed 3 second(s)

2022-03-11 08:21:45 - [TEST_STEP][PASSED] - try: Delayed 3 second(s)

2022-03-11 08:21:45 - [TEST_STEP][PASSED] - tapAndHold(NEWS_ItemTopNews, 1, 10): Tapped and held on element 'Object Repository/Mobile/Page/News/Item - Top News' with duration 1

2022-03-11 08:21:48 - [MESSAGE][PASSED] - Tapped and held on element 'Object Repository/Mobile/Page/News/Item - Top News' with duration 1

2022-03-11 08:21:48 - [TEST_STEP][PASSED] - delay(1): Delayed 1 second(s)

2022-03-11 08:21:49 - [MESSAGE][PASSED] - Delayed 1 second(s)

2022-03-11 08:21:49 - [TEST_STEP][PASSED] - scroll.scroll.scrollScreenBottomToTop(): scroll.scroll.scrollScreenBottomToTop is PASSED

2022-03-11 08:21:50 - [MESSAGE][PASSED] - Current device physical height is 1423

2022-03-11 08:21:50 - [MESSAGE][PASSED] - Current device physical width is 720

2022-03-11 08:21:51 - [MESSAGE][PASSED] - Swiped from 360,1,138 to 360,284

2022-03-11 08:21:51 - [MESSAGE][PASSED] - scroll.scroll.scrollScreenBottomToTop is PASSED

2022-03-11 08:21:51 - [TEST_STEP][PASSED] - delay(3): Delayed 3 second(s)

2022-03-11 08:21:54 - [MESSAGE][PASSED] - Delayed 3 second(s)

2022-03-11 08:21:54 - [MESSAGE][PASSED] - Call Test Case 'Test Cases/Mobile/Page/News/News' successfully

2022-03-11 08:21:54 - [TEST_STEP][PASSED] - callTestCase(findTestCase("Mobile/Page/Run App/Terminate App"), [:], STOP_ON_FAILURE): Call Test Case 'Test Cases/Mobile/Page/Run App/Terminate App' successfully

2022-03-11 08:21:54 - [TEST_CASE][PASSED] - Test Cases/Mobile/Page/Run App/Terminate App: Test Cases/Mobile/Page/Run App/Terminate App

2022-03-11 08:21:54 - [TEST_STEP][PASSED] - startApp.OpenApp.terminateApplication(): startApp.OpenApp.terminateApplication is PASSED

2022-03-11 08:21:57 - [MESSAGE][PASSED] - Delayed 3 second(s)

2022-03-11 08:21:58 - [MESSAGE][PASSED] - Current device physical width is 720

2022-03-11 08:21:58 - [MESSAGE][PASSED] - Current device physical height is 1423

2022-03-11 08:21:59 - [MESSAGE][PASSED] - Swiped from 360,853 to 360,142

2022-03-11 08:22:00 - [MESSAGE][PASSED] - Delayed 1 second(s)

2022-03-11 08:22:02 - [MESSAGE][PASSED] - Swiped from 360,853 to 360,142

2022-03-11 08:22:05 - [MESSAGE][PASSED] - Delayed 3 second(s)

2022-03-11 08:22:05 - [MESSAGE][PASSED] - startApp.OpenApp.terminateApplication is PASSED

2022-03-11 08:22:05 - [MESSAGE][PASSED] - Call Test Case 'Test Cases/Mobile/Page/Run App/Terminate App' successfully]]></system-out>
         <system-err><![CDATA[]]></system-err>
      </testcase>
      <system-out><![CDATA[2022-03-11 08:16:26 - [TEST_SUITE][PASSED] - news: Test Cases/Mobile/Scenario/News/005 - Macro News]]></system-out>
      <system-err><![CDATA[]]></system-err>
   </testsuite>
</testsuites>
