<?xml version="1.0" encoding="UTF-8"?>
<testsuites name="news" time="355.968" tests="5" failures="0" skips="0" errors="0">
   <testsuite name="news" tests="5" failures="0" errors="0" time="355.968" skips="0" timestamp="2021-12-17 08:54:24" hostname="Owner - aldy-tft" id="Test Suites/news">
      <properties>
         <property name="deviceName" value="samsung SM-A205F (Android 11)"/>
         <property name="devicePlatform" value=""/>
         <property name="logFolder" value="C:\\Users\\Owner\\Documents\\kerjaan\\KatalonProject\\qa_katalon_pwm\\qa_katalon_pwm\\Reports\\20211217_085414\\news\\20211217_085414"/>
         <property name="logFiles" value="C:\\Users\\Owner\\Documents\\kerjaan\\KatalonProject\\qa_katalon_pwm\\qa_katalon_pwm\\Reports\\20211217_085414\\news\\20211217_085414\\appium.log, C:\\Users\\Owner\\Documents\\kerjaan\\KatalonProject\\qa_katalon_pwm\\qa_katalon_pwm\\Reports\\20211217_085414\\news\\20211217_085414\\execution0.log"/>
         <property name="attachments" value=""/>
         <property name="hostName" value="Owner - aldy-tft"/>
         <property name="os" value="Windows 10 64bit"/>
         <property name="appiumServerStatus" value="{&quot;value&quot;:{&quot;build&quot;:{&quot;version&quot;:&quot;1.22.0&quot;}},&quot;sessionId&quot;:null,&quot;status&quot;:0}"/>
         <property name="katalonVersion" value="7.9.1.208"/>
         <property name="deviceOS" value="Android"/>
         <property name="appiumVersion" value="1.22.0"/>
         <property name="deviceModel" value="SM-A205F"/>
         <property name="hostAddress" value="10.0.30.197"/>
         <property name="deviceManufacturer" value="samsung"/>
         <property name="deviceId" value="RR8M40C9AXE"/>
         <property name="deviceName" value="samsung SM-A205F (Android 11)"/>
         <property name="deviceOSVersion" value="11"/>
      </properties>
      <testcase name="Test Cases/Mobile/Scenario/News/001 - News World Indices" time="80.649" classname="Test Cases/Mobile/Scenario/News/001 - News World Indices" status="PASSED">
         <system-out><![CDATA[2021-12-17 08:54:25 - [TEST_CASE][PASSED] - Test Cases/Mobile/Scenario/News/001 - News World Indices: Test Cases/Mobile/Scenario/News/001 - News World Indices

2021-12-17 08:54:25 - [TEST_STEP][PASSED] - callTestCase(findTestCase("Mobile/Page/Run App/Run App byID"), [:], STOP_ON_FAILURE): Call Test Case 'Test Cases/Mobile/Page/Run App/Run App byID' successfully

2021-12-17 08:54:25 - [TEST_CASE][PASSED] - Test Cases/Mobile/Page/Run App/Run App byID: Test Cases/Mobile/Page/Run App/Run App byID

2021-12-17 08:54:26 - [TEST_STEP][PASSED] - startApp.OpenApp.startApplication("id.co.miraeasset.sageclub"): startApp.OpenApp.startApplication is PASSED

2021-12-17 08:54:27 - [MESSAGE][INFO] - Appium server started on port 63,833

2021-12-17 08:54:45 - [MESSAGE][PASSED] - Starting app with application ID: 'id.co.miraeasset.sageclub'

2021-12-17 08:54:45 - [MESSAGE][PASSED] - startApp.OpenApp.startApplication is PASSED

2021-12-17 08:54:45 - [MESSAGE][PASSED] - Call Test Case 'Test Cases/Mobile/Page/Run App/Run App byID' successfully

2021-12-17 08:54:45 - [TEST_STEP][PASSED] - callTestCase(findTestCase("Mobile/Page/News/News"), ["tab":"worldindices"], CONTINUE_ON_FAILURE): Call Test Case 'Test Cases/Mobile/Page/News/News' successfully

2021-12-17 08:54:45 - [TEST_CASE][PASSED] - Test Cases/Mobile/Page/News/News: Test Cases/Mobile/Page/News/News

2021-12-17 08:54:46 - [TEST_STEP][PASSED] - callTestCase(findTestCase("Mobile/Page/CheckLogin"), [:], CONTINUE_ON_FAILURE): Call Test Case 'Test Cases/Mobile/Page/CheckLogin' successfully

2021-12-17 08:54:46 - [TEST_CASE][PASSED] - Test Cases/Mobile/Page/CheckLogin: Test Cases/Mobile/Page/CheckLogin

2021-12-17 08:54:47 - [TEST_STEP][PASSED] - loginCheck = verifyElementExist(findTestObject("Mobile/Page/Login/Button - Login"), 2, CONTINUE_ON_FAILURE): Element 'Object Repository/Mobile/Page/Login/Button - Login' is exist

2021-12-17 08:54:48 - [MESSAGE][PASSED] - Element 'Object Repository/Mobile/Page/Login/Button - Login' is exist

2021-12-17 08:54:48 - [TEST_STEP][PASSED] - if (loginCheck): Call Test Case 'Test Cases/Mobile/Page/Login/Login' successfully

2021-12-17 08:54:48 - [TEST_STEP][PASSED] - callTestCase(findTestCase("Mobile/Page/Login/Login"), [:], CONTINUE_ON_FAILURE): Call Test Case 'Test Cases/Mobile/Page/Login/Login' successfully

2021-12-17 08:54:48 - [TEST_CASE][PASSED] - Test Cases/Mobile/Page/Login/Login: Test Cases/Mobile/Page/Login/Login

2021-12-17 08:54:49 - [TEST_STEP][PASSED] - delay(2): Delayed 2 second(s)

2021-12-17 08:54:51 - [MESSAGE][PASSED] - Delayed 2 second(s)

2021-12-17 08:54:51 - [TEST_STEP][PASSED] - tap(findTestObject("Mobile/Page/Login/Input - UserID"), 0): Tapped on element 'Object Repository/Mobile/Page/Login/Input - UserID'

2021-12-17 08:54:51 - [MESSAGE][WARNING] - Timeout '0' is invalid. Using default page load timeout: '60'

2021-12-17 08:54:51 - [MESSAGE][PASSED] - Tapped on element 'Object Repository/Mobile/Page/Login/Input - UserID'

2021-12-17 08:54:51 - [TEST_STEP][PASSED] - delay(1): Delayed 1 second(s)

2021-12-17 08:54:52 - [MESSAGE][PASSED] - Delayed 1 second(s)

2021-12-17 08:54:52 - [TEST_STEP][PASSED] - setText(findTestObject("Mobile/Page/Login/Input Rdy - UserID"), "anggaaditya", 0): Text 'anggaaditya' has been set to element 'Object Repository/Mobile/Page/Login/Input Rdy - UserID'

2021-12-17 08:54:53 - [MESSAGE][WARNING] - Timeout '0' is invalid. Using default page load timeout: '60'

2021-12-17 08:54:53 - [MESSAGE][PASSED] - Text 'anggaaditya' has been set to element 'Object Repository/Mobile/Page/Login/Input Rdy - UserID'

2021-12-17 08:54:53 - [TEST_STEP][PASSED] - delay(1): Delayed 1 second(s)

2021-12-17 08:54:54 - [MESSAGE][PASSED] - Delayed 1 second(s)

2021-12-17 08:54:54 - [TEST_STEP][PASSED] - hideKeyboard(): Keyboard is hidden

2021-12-17 08:54:58 - [MESSAGE][PASSED] - Keyboard is hidden

2021-12-17 08:54:58 - [TEST_STEP][PASSED] - tap(findTestObject("Mobile/Page/Login/Input - Password"), 0): Tapped on element 'Object Repository/Mobile/Page/Login/Input - Password'

2021-12-17 08:54:59 - [MESSAGE][WARNING] - Timeout '0' is invalid. Using default page load timeout: '60'

2021-12-17 08:54:59 - [MESSAGE][PASSED] - Tapped on element 'Object Repository/Mobile/Page/Login/Input - Password'

2021-12-17 08:54:59 - [TEST_STEP][PASSED] - delay(1): Delayed 1 second(s)

2021-12-17 08:55:00 - [MESSAGE][PASSED] - Delayed 1 second(s)

2021-12-17 08:55:00 - [TEST_STEP][PASSED] - setText(findTestObject("Mobile/Page/Login/Input Rdy - Password"), "Shalawa18", 0): Text 'Shalawa18' has been set to element 'Object Repository/Mobile/Page/Login/Input Rdy - Password'

2021-12-17 08:55:00 - [MESSAGE][WARNING] - Timeout '0' is invalid. Using default page load timeout: '60'

2021-12-17 08:55:01 - [MESSAGE][PASSED] - Text 'Shalawa18' has been set to element 'Object Repository/Mobile/Page/Login/Input Rdy - Password'

2021-12-17 08:55:01 - [TEST_STEP][PASSED] - delay(1): Delayed 1 second(s)

2021-12-17 08:55:02 - [MESSAGE][PASSED] - Delayed 1 second(s)

2021-12-17 08:55:02 - [TEST_STEP][PASSED] - hideKeyboard(): Keyboard is hidden

2021-12-17 08:55:08 - [MESSAGE][PASSED] - Keyboard is hidden

2021-12-17 08:55:08 - [TEST_STEP][PASSED] - tap(findTestObject("Mobile/Page/Login/Button - Login"), 0): Tapped on element 'Object Repository/Mobile/Page/Login/Button - Login'

2021-12-17 08:55:09 - [MESSAGE][WARNING] - Timeout '0' is invalid. Using default page load timeout: '60'

2021-12-17 08:55:10 - [MESSAGE][PASSED] - Tapped on element 'Object Repository/Mobile/Page/Login/Button - Login'

2021-12-17 08:55:10 - [TEST_STEP][PASSED] - delay(2): Delayed 2 second(s)

2021-12-17 08:55:12 - [MESSAGE][PASSED] - Delayed 2 second(s)

2021-12-17 08:55:12 - [MESSAGE][PASSED] - Call Test Case 'Test Cases/Mobile/Page/Login/Login' successfully

2021-12-17 08:55:12 - [MESSAGE][PASSED] - Call Test Case 'Test Cases/Mobile/Page/CheckLogin' successfully

2021-12-17 08:55:12 - [TEST_STEP][PASSED] - tap(findTestObject("Mobile/Page/Home/Menubar - News"), 0): Tapped on element 'Object Repository/Mobile/Page/Home/Menubar - News'

2021-12-17 08:55:12 - [MESSAGE][WARNING] - Timeout '0' is invalid. Using default page load timeout: '60'

2021-12-17 08:55:12 - [MESSAGE][PASSED] - Tapped on element 'Object Repository/Mobile/Page/Home/Menubar - News'

2021-12-17 08:55:12 - [TEST_STEP][PASSED] - delay(1): Delayed 1 second(s)

2021-12-17 08:55:14 - [MESSAGE][PASSED] - Delayed 1 second(s)

2021-12-17 08:55:14 - [TEST_STEP][PASSED] - for ([i = 0, i < 1, (i++)]): null

2021-12-17 08:55:14 - [TEST_STEP][PASSED] - if (tab == "macronews"): null

2021-12-17 08:55:14 - [TEST_STEP][PASSED] - else if (tab == "stocknews"): null

2021-12-17 08:55:14 - [TEST_STEP][PASSED] - else if (tab == "fundnews"): null

2021-12-17 08:55:14 - [TEST_STEP][PASSED] - else if (tab == "bondnews"): null

2021-12-17 08:55:14 - [TEST_STEP][PASSED] - else if (tab == "worldindices"): Delayed 3 second(s)

2021-12-17 08:55:14 - [TEST_STEP][PASSED] - scroll.scroll.scrollScreenRightToLeft(findTestObject("Object Repository/Mobile/Page/News/Tab - Macro")): scroll.scroll.scrollScreenRightToLeft is PASSED

2021-12-17 08:55:14 - [MESSAGE][WARNING] - Timeout '0' is invalid. Using default page load timeout: '60'

2021-12-17 08:55:14 - [MESSAGE][PASSED] - Object 'Object Repository/Mobile/Page/News/Tab - Macro' has left position '14'

2021-12-17 08:55:14 - [MESSAGE][WARNING] - Timeout '0' is invalid. Using default page load timeout: '60'

2021-12-17 08:55:15 - [MESSAGE][PASSED] - Object 'Object Repository/Mobile/Page/News/Tab - Macro' has top position '262'

2021-12-17 08:55:15 - [MESSAGE][WARNING] - Timeout '0' is invalid. Using default page load timeout: '60'

2021-12-17 08:55:15 - [MESSAGE][PASSED] - Object 'Object Repository/Mobile/Page/News/Tab - Macro' has width: '215'

2021-12-17 08:55:15 - [MESSAGE][WARNING] - Timeout '0' is invalid. Using default page load timeout: '60'

2021-12-17 08:55:15 - [MESSAGE][PASSED] - Object 'Object Repository/Mobile/Page/News/Tab - Macro' has height: '84'

2021-12-17 08:55:15 - [MESSAGE][PASSED] - Current device physical width is 720

2021-12-17 08:55:17 - [MESSAGE][PASSED] - Swiped from 620,304 to 100,304

2021-12-17 08:55:17 - [MESSAGE][PASSED] - scroll.scroll.scrollScreenRightToLeft is PASSED

2021-12-17 08:55:17 - [TEST_STEP][PASSED] - delay(1): Delayed 1 second(s)

2021-12-17 08:55:18 - [MESSAGE][PASSED] - Delayed 1 second(s)

2021-12-17 08:55:18 - [TEST_STEP][PASSED] - tap(findTestObject("Mobile/Page/News/Tab - World Indices"), 0): Tapped on element 'Object Repository/Mobile/Page/News/Tab - World Indices'

2021-12-17 08:55:18 - [MESSAGE][WARNING] - Timeout '0' is invalid. Using default page load timeout: '60'

2021-12-17 08:55:19 - [MESSAGE][PASSED] - Tapped on element 'Object Repository/Mobile/Page/News/Tab - World Indices'

2021-12-17 08:55:19 - [TEST_STEP][PASSED] - delay(1): Delayed 1 second(s)

2021-12-17 08:55:20 - [MESSAGE][PASSED] - Delayed 1 second(s)

2021-12-17 08:55:20 - [TEST_STEP][PASSED] - tap(findTestObject("Mobile/Page/News/Button - Indices"), 0): Tapped on element 'Object Repository/Mobile/Page/News/Button - Indices'

2021-12-17 08:55:21 - [MESSAGE][WARNING] - Timeout '0' is invalid. Using default page load timeout: '60'

2021-12-17 08:55:21 - [MESSAGE][PASSED] - Tapped on element 'Object Repository/Mobile/Page/News/Button - Indices'

2021-12-17 08:55:21 - [TEST_STEP][PASSED] - delay(3): Delayed 3 second(s)

2021-12-17 08:55:24 - [MESSAGE][PASSED] - Delayed 3 second(s)

2021-12-17 08:55:24 - [TEST_STEP][PASSED] - tap(findTestObject("Mobile/Page/News/Button - Currencies"), 0): Tapped on element 'Object Repository/Mobile/Page/News/Button - Currencies'

2021-12-17 08:55:24 - [MESSAGE][WARNING] - Timeout '0' is invalid. Using default page load timeout: '60'

2021-12-17 08:55:25 - [MESSAGE][PASSED] - Tapped on element 'Object Repository/Mobile/Page/News/Button - Currencies'

2021-12-17 08:55:25 - [TEST_STEP][PASSED] - delay(3): Delayed 3 second(s)

2021-12-17 08:55:28 - [MESSAGE][PASSED] - Delayed 3 second(s)

2021-12-17 08:55:28 - [TEST_STEP][PASSED] - tap(findTestObject("Mobile/Page/News/Button - Commodities"), 0): Tapped on element 'Object Repository/Mobile/Page/News/Button - Commodities'

2021-12-17 08:55:29 - [MESSAGE][WARNING] - Timeout '0' is invalid. Using default page load timeout: '60'

2021-12-17 08:55:30 - [MESSAGE][PASSED] - Tapped on element 'Object Repository/Mobile/Page/News/Button - Commodities'

2021-12-17 08:55:30 - [TEST_STEP][PASSED] - delay(3): Delayed 3 second(s)

2021-12-17 08:55:33 - [MESSAGE][PASSED] - Delayed 3 second(s)

2021-12-17 08:55:33 - [TEST_STEP][PASSED] - delay(1): Delayed 1 second(s)

2021-12-17 08:55:34 - [MESSAGE][PASSED] - Delayed 1 second(s)

2021-12-17 08:55:34 - [TEST_STEP][PASSED] - if (tab != "worldindices"): null

2021-12-17 08:55:34 - [MESSAGE][PASSED] - Call Test Case 'Test Cases/Mobile/Page/News/News' successfully

2021-12-17 08:55:34 - [TEST_STEP][PASSED] - callTestCase(findTestCase("Mobile/Page/Run App/Terminate App"), [:], STOP_ON_FAILURE): Call Test Case 'Test Cases/Mobile/Page/Run App/Terminate App' successfully

2021-12-17 08:55:34 - [TEST_CASE][PASSED] - Test Cases/Mobile/Page/Run App/Terminate App: Test Cases/Mobile/Page/Run App/Terminate App

2021-12-17 08:55:35 - [TEST_STEP][PASSED] - startApp.OpenApp.terminateApplication(): startApp.OpenApp.terminateApplication is PASSED

2021-12-17 08:55:38 - [MESSAGE][PASSED] - Delayed 3 second(s)

2021-12-17 08:55:38 - [MESSAGE][PASSED] - Current device physical width is 720

2021-12-17 08:55:38 - [MESSAGE][PASSED] - Current device physical height is 1423

2021-12-17 08:55:40 - [MESSAGE][PASSED] - Swiped from 360,853 to 360,142

2021-12-17 08:55:41 - [MESSAGE][PASSED] - Delayed 1 second(s)

2021-12-17 08:55:42 - [MESSAGE][PASSED] - Swiped from 360,853 to 360,142

2021-12-17 08:55:45 - [MESSAGE][PASSED] - Delayed 3 second(s)

2021-12-17 08:55:45 - [MESSAGE][PASSED] - startApp.OpenApp.terminateApplication is PASSED

2021-12-17 08:55:45 - [MESSAGE][PASSED] - Call Test Case 'Test Cases/Mobile/Page/Run App/Terminate App' successfully]]></system-out>
         <system-err><![CDATA[]]></system-err>
      </testcase>
      <testcase name="Test Cases/Mobile/Scenario/News/002 - News Stock" time="64.892" classname="Test Cases/Mobile/Scenario/News/002 - News Stock" status="PASSED">
         <system-out><![CDATA[2021-12-17 08:55:45 - [TEST_CASE][PASSED] - Test Cases/Mobile/Scenario/News/002 - News Stock: Test Cases/Mobile/Scenario/News/002 - News Stock

2021-12-17 08:55:46 - [TEST_STEP][PASSED] - callTestCase(findTestCase("Mobile/Page/Run App/Run App byID"), [:], STOP_ON_FAILURE): Call Test Case 'Test Cases/Mobile/Page/Run App/Run App byID' successfully

2021-12-17 08:55:46 - [TEST_CASE][PASSED] - Test Cases/Mobile/Page/Run App/Run App byID: Test Cases/Mobile/Page/Run App/Run App byID

2021-12-17 08:55:46 - [TEST_STEP][PASSED] - startApp.OpenApp.startApplication("id.co.miraeasset.sageclub"): startApp.OpenApp.startApplication is PASSED

2021-12-17 08:56:00 - [MESSAGE][PASSED] - Starting app with application ID: 'id.co.miraeasset.sageclub'

2021-12-17 08:56:00 - [MESSAGE][PASSED] - startApp.OpenApp.startApplication is PASSED

2021-12-17 08:56:00 - [MESSAGE][PASSED] - Call Test Case 'Test Cases/Mobile/Page/Run App/Run App byID' successfully

2021-12-17 08:56:00 - [TEST_STEP][PASSED] - callTestCase(findTestCase("Mobile/Page/News/News"), ["tab":"stocknews"], CONTINUE_ON_FAILURE): Call Test Case 'Test Cases/Mobile/Page/News/News' successfully

2021-12-17 08:56:00 - [TEST_CASE][PASSED] - Test Cases/Mobile/Page/News/News: Test Cases/Mobile/Page/News/News

2021-12-17 08:56:00 - [TEST_STEP][PASSED] - callTestCase(findTestCase("Mobile/Page/CheckLogin"), [:], CONTINUE_ON_FAILURE): Call Test Case 'Test Cases/Mobile/Page/CheckLogin' successfully

2021-12-17 08:56:00 - [TEST_CASE][PASSED] - Test Cases/Mobile/Page/CheckLogin: Test Cases/Mobile/Page/CheckLogin

2021-12-17 08:56:00 - [TEST_STEP][PASSED] - loginCheck = verifyElementExist(findTestObject("Mobile/Page/Login/Button - Login"), 2, CONTINUE_ON_FAILURE): Element 'Object Repository/Mobile/Page/Login/Button - Login' is exist

2021-12-17 08:56:02 - [MESSAGE][PASSED] - Element 'Object Repository/Mobile/Page/Login/Button - Login' is exist

2021-12-17 08:56:02 - [TEST_STEP][PASSED] - if (loginCheck): Call Test Case 'Test Cases/Mobile/Page/Login/Login' successfully

2021-12-17 08:56:02 - [TEST_STEP][PASSED] - callTestCase(findTestCase("Mobile/Page/Login/Login"), [:], CONTINUE_ON_FAILURE): Call Test Case 'Test Cases/Mobile/Page/Login/Login' successfully

2021-12-17 08:56:02 - [TEST_CASE][PASSED] - Test Cases/Mobile/Page/Login/Login: Test Cases/Mobile/Page/Login/Login

2021-12-17 08:56:02 - [TEST_STEP][PASSED] - delay(2): Delayed 2 second(s)

2021-12-17 08:56:04 - [MESSAGE][PASSED] - Delayed 2 second(s)

2021-12-17 08:56:04 - [TEST_STEP][PASSED] - tap(findTestObject("Mobile/Page/Login/Input - UserID"), 0): Tapped on element 'Object Repository/Mobile/Page/Login/Input - UserID'

2021-12-17 08:56:05 - [MESSAGE][WARNING] - Timeout '0' is invalid. Using default page load timeout: '60'

2021-12-17 08:56:05 - [MESSAGE][PASSED] - Tapped on element 'Object Repository/Mobile/Page/Login/Input - UserID'

2021-12-17 08:56:05 - [TEST_STEP][PASSED] - delay(1): Delayed 1 second(s)

2021-12-17 08:56:06 - [MESSAGE][PASSED] - Delayed 1 second(s)

2021-12-17 08:56:06 - [TEST_STEP][PASSED] - setText(findTestObject("Mobile/Page/Login/Input Rdy - UserID"), "anggaaditya", 0): Text 'anggaaditya' has been set to element 'Object Repository/Mobile/Page/Login/Input Rdy - UserID'

2021-12-17 08:56:06 - [MESSAGE][WARNING] - Timeout '0' is invalid. Using default page load timeout: '60'

2021-12-17 08:56:07 - [MESSAGE][PASSED] - Text 'anggaaditya' has been set to element 'Object Repository/Mobile/Page/Login/Input Rdy - UserID'

2021-12-17 08:56:07 - [TEST_STEP][PASSED] - delay(1): Delayed 1 second(s)

2021-12-17 08:56:08 - [MESSAGE][PASSED] - Delayed 1 second(s)

2021-12-17 08:56:08 - [TEST_STEP][PASSED] - hideKeyboard(): Keyboard is hidden

2021-12-17 08:56:12 - [MESSAGE][PASSED] - Keyboard is hidden

2021-12-17 08:56:12 - [TEST_STEP][PASSED] - tap(findTestObject("Mobile/Page/Login/Input - Password"), 0): Tapped on element 'Object Repository/Mobile/Page/Login/Input - Password'

2021-12-17 08:56:12 - [MESSAGE][WARNING] - Timeout '0' is invalid. Using default page load timeout: '60'

2021-12-17 08:56:13 - [MESSAGE][PASSED] - Tapped on element 'Object Repository/Mobile/Page/Login/Input - Password'

2021-12-17 08:56:13 - [TEST_STEP][PASSED] - delay(1): Delayed 1 second(s)

2021-12-17 08:56:14 - [MESSAGE][PASSED] - Delayed 1 second(s)

2021-12-17 08:56:14 - [TEST_STEP][PASSED] - setText(findTestObject("Mobile/Page/Login/Input Rdy - Password"), "Shalawa18", 0): Text 'Shalawa18' has been set to element 'Object Repository/Mobile/Page/Login/Input Rdy - Password'

2021-12-17 08:56:14 - [MESSAGE][WARNING] - Timeout '0' is invalid. Using default page load timeout: '60'

2021-12-17 08:56:14 - [MESSAGE][PASSED] - Text 'Shalawa18' has been set to element 'Object Repository/Mobile/Page/Login/Input Rdy - Password'

2021-12-17 08:56:14 - [TEST_STEP][PASSED] - delay(1): Delayed 1 second(s)

2021-12-17 08:56:15 - [MESSAGE][PASSED] - Delayed 1 second(s)

2021-12-17 08:56:15 - [TEST_STEP][PASSED] - hideKeyboard(): Keyboard is hidden

2021-12-17 08:56:22 - [MESSAGE][PASSED] - Keyboard is hidden

2021-12-17 08:56:22 - [TEST_STEP][PASSED] - tap(findTestObject("Mobile/Page/Login/Button - Login"), 0): Tapped on element 'Object Repository/Mobile/Page/Login/Button - Login'

2021-12-17 08:56:22 - [MESSAGE][WARNING] - Timeout '0' is invalid. Using default page load timeout: '60'

2021-12-17 08:56:24 - [MESSAGE][PASSED] - Tapped on element 'Object Repository/Mobile/Page/Login/Button - Login'

2021-12-17 08:56:24 - [TEST_STEP][PASSED] - delay(2): Delayed 2 second(s)

2021-12-17 08:56:26 - [MESSAGE][PASSED] - Delayed 2 second(s)

2021-12-17 08:56:26 - [MESSAGE][PASSED] - Call Test Case 'Test Cases/Mobile/Page/Login/Login' successfully

2021-12-17 08:56:26 - [MESSAGE][PASSED] - Call Test Case 'Test Cases/Mobile/Page/CheckLogin' successfully

2021-12-17 08:56:26 - [TEST_STEP][PASSED] - tap(findTestObject("Mobile/Page/Home/Menubar - News"), 0): Tapped on element 'Object Repository/Mobile/Page/Home/Menubar - News'

2021-12-17 08:56:26 - [MESSAGE][WARNING] - Timeout '0' is invalid. Using default page load timeout: '60'

2021-12-17 08:56:26 - [MESSAGE][PASSED] - Tapped on element 'Object Repository/Mobile/Page/Home/Menubar - News'

2021-12-17 08:56:26 - [TEST_STEP][PASSED] - delay(1): Delayed 1 second(s)

2021-12-17 08:56:27 - [MESSAGE][PASSED] - Delayed 1 second(s)

2021-12-17 08:56:27 - [TEST_STEP][PASSED] - for ([i = 0, i < 1, (i++)]): Delayed 3 second(s)

2021-12-17 08:56:27 - [TEST_STEP][PASSED] - if (tab == "macronews"): null

2021-12-17 08:56:27 - [TEST_STEP][PASSED] - else if (tab == "stocknews"): Tapped on element 'Object Repository/Mobile/Page/News/Tab - Stock'

2021-12-17 08:56:27 - [TEST_STEP][PASSED] - tap(findTestObject("Object Repository/Mobile/Page/News/Tab - Stock"), 0): Tapped on element 'Object Repository/Mobile/Page/News/Tab - Stock'

2021-12-17 08:56:28 - [MESSAGE][WARNING] - Timeout '0' is invalid. Using default page load timeout: '60'

2021-12-17 08:56:29 - [MESSAGE][PASSED] - Tapped on element 'Object Repository/Mobile/Page/News/Tab - Stock'

2021-12-17 08:56:29 - [TEST_STEP][PASSED] - delay(1): Delayed 1 second(s)

2021-12-17 08:56:30 - [MESSAGE][PASSED] - Delayed 1 second(s)

2021-12-17 08:56:30 - [TEST_STEP][PASSED] - if (tab != "worldindices"): Delayed 3 second(s)

2021-12-17 08:56:30 - [TEST_STEP][PASSED] - try: Delayed 3 second(s)

2021-12-17 08:56:30 - [TEST_STEP][PASSED] - tapAndHold(findTestObject("Mobile/Page/News/Item - Top News"), 1, 10): Tapped and held on element 'Object Repository/Mobile/Page/News/Item - Top News' with duration 1

2021-12-17 08:56:33 - [MESSAGE][PASSED] - Tapped and held on element 'Object Repository/Mobile/Page/News/Item - Top News' with duration 1

2021-12-17 08:56:33 - [TEST_STEP][PASSED] - delay(1): Delayed 1 second(s)

2021-12-17 08:56:34 - [MESSAGE][PASSED] - Delayed 1 second(s)

2021-12-17 08:56:34 - [TEST_STEP][PASSED] - scroll.scroll.scrollScreenBottomToTop(): scroll.scroll.scrollScreenBottomToTop is PASSED

2021-12-17 08:56:35 - [MESSAGE][PASSED] - Current device physical height is 1423

2021-12-17 08:56:35 - [MESSAGE][PASSED] - Current device physical width is 720

2021-12-17 08:56:37 - [MESSAGE][PASSED] - Swiped from 360,1,138 to 360,284

2021-12-17 08:56:37 - [MESSAGE][PASSED] - scroll.scroll.scrollScreenBottomToTop is PASSED

2021-12-17 08:56:37 - [TEST_STEP][PASSED] - delay(3): Delayed 3 second(s)

2021-12-17 08:56:40 - [MESSAGE][PASSED] - Delayed 3 second(s)

2021-12-17 08:56:40 - [MESSAGE][PASSED] - Call Test Case 'Test Cases/Mobile/Page/News/News' successfully

2021-12-17 08:56:40 - [TEST_STEP][PASSED] - callTestCase(findTestCase("Mobile/Page/Run App/Terminate App"), [:], STOP_ON_FAILURE): Call Test Case 'Test Cases/Mobile/Page/Run App/Terminate App' successfully

2021-12-17 08:56:40 - [TEST_CASE][PASSED] - Test Cases/Mobile/Page/Run App/Terminate App: Test Cases/Mobile/Page/Run App/Terminate App

2021-12-17 08:56:40 - [TEST_STEP][PASSED] - startApp.OpenApp.terminateApplication(): startApp.OpenApp.terminateApplication is PASSED

2021-12-17 08:56:43 - [MESSAGE][PASSED] - Delayed 3 second(s)

2021-12-17 08:56:43 - [MESSAGE][PASSED] - Current device physical width is 720

2021-12-17 08:56:43 - [MESSAGE][PASSED] - Current device physical height is 1423

2021-12-17 08:56:45 - [MESSAGE][PASSED] - Swiped from 360,853 to 360,142

2021-12-17 08:56:46 - [MESSAGE][PASSED] - Delayed 1 second(s)

2021-12-17 08:56:47 - [MESSAGE][PASSED] - Swiped from 360,853 to 360,142

2021-12-17 08:56:50 - [MESSAGE][PASSED] - Delayed 3 second(s)

2021-12-17 08:56:50 - [MESSAGE][PASSED] - startApp.OpenApp.terminateApplication is PASSED

2021-12-17 08:56:50 - [MESSAGE][PASSED] - Call Test Case 'Test Cases/Mobile/Page/Run App/Terminate App' successfully]]></system-out>
         <system-err><![CDATA[]]></system-err>
      </testcase>
      <testcase name="Test Cases/Mobile/Scenario/News/003 - News Fund" time="78.771" classname="Test Cases/Mobile/Scenario/News/003 - News Fund" status="PASSED">
         <system-out><![CDATA[2021-12-17 08:56:50 - [TEST_CASE][PASSED] - Test Cases/Mobile/Scenario/News/003 - News Fund: Test Cases/Mobile/Scenario/News/003 - News Fund

2021-12-17 08:56:51 - [TEST_STEP][PASSED] - callTestCase(findTestCase("Mobile/Page/Run App/Run App byID"), [:], STOP_ON_FAILURE): Call Test Case 'Test Cases/Mobile/Page/Run App/Run App byID' successfully

2021-12-17 08:56:51 - [TEST_CASE][PASSED] - Test Cases/Mobile/Page/Run App/Run App byID: Test Cases/Mobile/Page/Run App/Run App byID

2021-12-17 08:56:51 - [TEST_STEP][PASSED] - startApp.OpenApp.startApplication("id.co.miraeasset.sageclub"): startApp.OpenApp.startApplication is PASSED

2021-12-17 08:57:11 - [MESSAGE][PASSED] - Starting app with application ID: 'id.co.miraeasset.sageclub'

2021-12-17 08:57:11 - [MESSAGE][PASSED] - startApp.OpenApp.startApplication is PASSED

2021-12-17 08:57:11 - [MESSAGE][PASSED] - Call Test Case 'Test Cases/Mobile/Page/Run App/Run App byID' successfully

2021-12-17 08:57:11 - [TEST_STEP][PASSED] - callTestCase(findTestCase("Mobile/Page/News/News"), ["tab":"fundnews"], CONTINUE_ON_FAILURE): Call Test Case 'Test Cases/Mobile/Page/News/News' successfully

2021-12-17 08:57:11 - [TEST_CASE][PASSED] - Test Cases/Mobile/Page/News/News: Test Cases/Mobile/Page/News/News

2021-12-17 08:57:11 - [TEST_STEP][PASSED] - callTestCase(findTestCase("Mobile/Page/CheckLogin"), [:], CONTINUE_ON_FAILURE): Call Test Case 'Test Cases/Mobile/Page/CheckLogin' successfully

2021-12-17 08:57:11 - [TEST_CASE][PASSED] - Test Cases/Mobile/Page/CheckLogin: Test Cases/Mobile/Page/CheckLogin

2021-12-17 08:57:11 - [TEST_STEP][PASSED] - loginCheck = verifyElementExist(findTestObject("Mobile/Page/Login/Button - Login"), 2, CONTINUE_ON_FAILURE): Element 'Object Repository/Mobile/Page/Login/Button - Login' is exist

2021-12-17 08:57:14 - [MESSAGE][PASSED] - Element 'Object Repository/Mobile/Page/Login/Button - Login' is exist

2021-12-17 08:57:14 - [TEST_STEP][PASSED] - if (loginCheck): Call Test Case 'Test Cases/Mobile/Page/Login/Login' successfully

2021-12-17 08:57:14 - [TEST_STEP][PASSED] - callTestCase(findTestCase("Mobile/Page/Login/Login"), [:], CONTINUE_ON_FAILURE): Call Test Case 'Test Cases/Mobile/Page/Login/Login' successfully

2021-12-17 08:57:14 - [TEST_CASE][PASSED] - Test Cases/Mobile/Page/Login/Login: Test Cases/Mobile/Page/Login/Login

2021-12-17 08:57:14 - [TEST_STEP][PASSED] - delay(2): Delayed 2 second(s)

2021-12-17 08:57:16 - [MESSAGE][PASSED] - Delayed 2 second(s)

2021-12-17 08:57:16 - [TEST_STEP][PASSED] - tap(findTestObject("Mobile/Page/Login/Input - UserID"), 0): Tapped on element 'Object Repository/Mobile/Page/Login/Input - UserID'

2021-12-17 08:57:17 - [MESSAGE][WARNING] - Timeout '0' is invalid. Using default page load timeout: '60'

2021-12-17 08:57:18 - [MESSAGE][PASSED] - Tapped on element 'Object Repository/Mobile/Page/Login/Input - UserID'

2021-12-17 08:57:18 - [TEST_STEP][PASSED] - delay(1): Delayed 1 second(s)

2021-12-17 08:57:19 - [MESSAGE][PASSED] - Delayed 1 second(s)

2021-12-17 08:57:19 - [TEST_STEP][PASSED] - setText(findTestObject("Mobile/Page/Login/Input Rdy - UserID"), "anggaaditya", 0): Text 'anggaaditya' has been set to element 'Object Repository/Mobile/Page/Login/Input Rdy - UserID'

2021-12-17 08:57:19 - [MESSAGE][WARNING] - Timeout '0' is invalid. Using default page load timeout: '60'

2021-12-17 08:57:21 - [MESSAGE][PASSED] - Text 'anggaaditya' has been set to element 'Object Repository/Mobile/Page/Login/Input Rdy - UserID'

2021-12-17 08:57:21 - [TEST_STEP][PASSED] - delay(1): Delayed 1 second(s)

2021-12-17 08:57:22 - [MESSAGE][PASSED] - Delayed 1 second(s)

2021-12-17 08:57:22 - [TEST_STEP][PASSED] - hideKeyboard(): Keyboard is hidden

2021-12-17 08:57:28 - [MESSAGE][PASSED] - Keyboard is hidden

2021-12-17 08:57:28 - [TEST_STEP][PASSED] - tap(findTestObject("Mobile/Page/Login/Input - Password"), 0): Tapped on element 'Object Repository/Mobile/Page/Login/Input - Password'

2021-12-17 08:57:28 - [MESSAGE][WARNING] - Timeout '0' is invalid. Using default page load timeout: '60'

2021-12-17 08:57:29 - [MESSAGE][PASSED] - Tapped on element 'Object Repository/Mobile/Page/Login/Input - Password'

2021-12-17 08:57:29 - [TEST_STEP][PASSED] - delay(1): Delayed 1 second(s)

2021-12-17 08:57:30 - [MESSAGE][PASSED] - Delayed 1 second(s)

2021-12-17 08:57:30 - [TEST_STEP][PASSED] - setText(findTestObject("Mobile/Page/Login/Input Rdy - Password"), "Shalawa18", 0): Text 'Shalawa18' has been set to element 'Object Repository/Mobile/Page/Login/Input Rdy - Password'

2021-12-17 08:57:30 - [MESSAGE][WARNING] - Timeout '0' is invalid. Using default page load timeout: '60'

2021-12-17 08:57:31 - [MESSAGE][PASSED] - Text 'Shalawa18' has been set to element 'Object Repository/Mobile/Page/Login/Input Rdy - Password'

2021-12-17 08:57:31 - [TEST_STEP][PASSED] - delay(1): Delayed 1 second(s)

2021-12-17 08:57:32 - [MESSAGE][PASSED] - Delayed 1 second(s)

2021-12-17 08:57:32 - [TEST_STEP][PASSED] - hideKeyboard(): Keyboard is hidden

2021-12-17 08:57:42 - [MESSAGE][PASSED] - Keyboard is hidden

2021-12-17 08:57:42 - [TEST_STEP][PASSED] - tap(findTestObject("Mobile/Page/Login/Button - Login"), 0): Tapped on element 'Object Repository/Mobile/Page/Login/Button - Login'

2021-12-17 08:57:42 - [MESSAGE][WARNING] - Timeout '0' is invalid. Using default page load timeout: '60'

2021-12-17 08:57:43 - [MESSAGE][PASSED] - Tapped on element 'Object Repository/Mobile/Page/Login/Button - Login'

2021-12-17 08:57:43 - [TEST_STEP][PASSED] - delay(2): Delayed 2 second(s)

2021-12-17 08:57:45 - [MESSAGE][PASSED] - Delayed 2 second(s)

2021-12-17 08:57:45 - [MESSAGE][PASSED] - Call Test Case 'Test Cases/Mobile/Page/Login/Login' successfully

2021-12-17 08:57:45 - [MESSAGE][PASSED] - Call Test Case 'Test Cases/Mobile/Page/CheckLogin' successfully

2021-12-17 08:57:45 - [TEST_STEP][PASSED] - tap(findTestObject("Mobile/Page/Home/Menubar - News"), 0): Tapped on element 'Object Repository/Mobile/Page/Home/Menubar - News'

2021-12-17 08:57:45 - [MESSAGE][WARNING] - Timeout '0' is invalid. Using default page load timeout: '60'

2021-12-17 08:57:46 - [MESSAGE][PASSED] - Tapped on element 'Object Repository/Mobile/Page/Home/Menubar - News'

2021-12-17 08:57:46 - [TEST_STEP][PASSED] - delay(1): Delayed 1 second(s)

2021-12-17 08:57:47 - [MESSAGE][PASSED] - Delayed 1 second(s)

2021-12-17 08:57:47 - [TEST_STEP][PASSED] - for ([i = 0, i < 1, (i++)]): Delayed 3 second(s)

2021-12-17 08:57:47 - [TEST_STEP][PASSED] - if (tab == "macronews"): null

2021-12-17 08:57:47 - [TEST_STEP][PASSED] - else if (tab == "stocknews"): null

2021-12-17 08:57:47 - [TEST_STEP][PASSED] - else if (tab == "fundnews"): Tapped on element 'Object Repository/Mobile/Page/News/Tab - Fund'

2021-12-17 08:57:47 - [TEST_STEP][PASSED] - tap(findTestObject("Object Repository/Mobile/Page/News/Tab - Fund"), 0): Tapped on element 'Object Repository/Mobile/Page/News/Tab - Fund'

2021-12-17 08:57:47 - [MESSAGE][WARNING] - Timeout '0' is invalid. Using default page load timeout: '60'

2021-12-17 08:57:48 - [MESSAGE][PASSED] - Tapped on element 'Object Repository/Mobile/Page/News/Tab - Fund'

2021-12-17 08:57:48 - [TEST_STEP][PASSED] - delay(1): Delayed 1 second(s)

2021-12-17 08:57:49 - [MESSAGE][PASSED] - Delayed 1 second(s)

2021-12-17 08:57:49 - [TEST_STEP][PASSED] - if (tab != "worldindices"): Delayed 3 second(s)

2021-12-17 08:57:49 - [TEST_STEP][PASSED] - try: Delayed 3 second(s)

2021-12-17 08:57:49 - [TEST_STEP][PASSED] - tapAndHold(findTestObject("Mobile/Page/News/Item - Top News"), 1, 10): Tapped and held on element 'Object Repository/Mobile/Page/News/Item - Top News' with duration 1

2021-12-17 08:57:52 - [MESSAGE][PASSED] - Tapped and held on element 'Object Repository/Mobile/Page/News/Item - Top News' with duration 1

2021-12-17 08:57:52 - [TEST_STEP][PASSED] - delay(1): Delayed 1 second(s)

2021-12-17 08:57:53 - [MESSAGE][PASSED] - Delayed 1 second(s)

2021-12-17 08:57:53 - [TEST_STEP][PASSED] - scroll.scroll.scrollScreenBottomToTop(): scroll.scroll.scrollScreenBottomToTop is PASSED

2021-12-17 08:57:54 - [MESSAGE][PASSED] - Current device physical height is 1423

2021-12-17 08:57:54 - [MESSAGE][PASSED] - Current device physical width is 720

2021-12-17 08:57:55 - [MESSAGE][PASSED] - Swiped from 360,1,138 to 360,284

2021-12-17 08:57:55 - [MESSAGE][PASSED] - scroll.scroll.scrollScreenBottomToTop is PASSED

2021-12-17 08:57:55 - [TEST_STEP][PASSED] - delay(3): Delayed 3 second(s)

2021-12-17 08:57:58 - [MESSAGE][PASSED] - Delayed 3 second(s)

2021-12-17 08:57:58 - [MESSAGE][PASSED] - Call Test Case 'Test Cases/Mobile/Page/News/News' successfully

2021-12-17 08:57:58 - [TEST_STEP][PASSED] - callTestCase(findTestCase("Mobile/Page/Run App/Terminate App"), [:], STOP_ON_FAILURE): Call Test Case 'Test Cases/Mobile/Page/Run App/Terminate App' successfully

2021-12-17 08:57:58 - [TEST_CASE][PASSED] - Test Cases/Mobile/Page/Run App/Terminate App: Test Cases/Mobile/Page/Run App/Terminate App

2021-12-17 08:57:58 - [TEST_STEP][PASSED] - startApp.OpenApp.terminateApplication(): startApp.OpenApp.terminateApplication is PASSED

2021-12-17 08:58:02 - [MESSAGE][PASSED] - Delayed 3 second(s)

2021-12-17 08:58:02 - [MESSAGE][PASSED] - Current device physical width is 720

2021-12-17 08:58:02 - [MESSAGE][PASSED] - Current device physical height is 1423

2021-12-17 08:58:04 - [MESSAGE][PASSED] - Swiped from 360,853 to 360,142

2021-12-17 08:58:05 - [MESSAGE][PASSED] - Delayed 1 second(s)

2021-12-17 08:58:06 - [MESSAGE][PASSED] - Swiped from 360,853 to 360,142

2021-12-17 08:58:09 - [MESSAGE][PASSED] - Delayed 3 second(s)

2021-12-17 08:58:09 - [MESSAGE][PASSED] - startApp.OpenApp.terminateApplication is PASSED

2021-12-17 08:58:09 - [MESSAGE][PASSED] - Call Test Case 'Test Cases/Mobile/Page/Run App/Terminate App' successfully]]></system-out>
         <system-err><![CDATA[]]></system-err>
      </testcase>
      <testcase name="Test Cases/Mobile/Scenario/News/004 - Bond News" time="66.155" classname="Test Cases/Mobile/Scenario/News/004 - Bond News" status="PASSED">
         <system-out><![CDATA[2021-12-17 08:58:09 - [TEST_CASE][PASSED] - Test Cases/Mobile/Scenario/News/004 - Bond News: Test Cases/Mobile/Scenario/News/004 - Bond News

2021-12-17 08:58:10 - [TEST_STEP][PASSED] - callTestCase(findTestCase("Mobile/Page/Run App/Run App byID"), [:], STOP_ON_FAILURE): Call Test Case 'Test Cases/Mobile/Page/Run App/Run App byID' successfully

2021-12-17 08:58:10 - [TEST_CASE][PASSED] - Test Cases/Mobile/Page/Run App/Run App byID: Test Cases/Mobile/Page/Run App/Run App byID

2021-12-17 08:58:10 - [TEST_STEP][PASSED] - startApp.OpenApp.startApplication("id.co.miraeasset.sageclub"): startApp.OpenApp.startApplication is PASSED

2021-12-17 08:58:25 - [MESSAGE][PASSED] - Starting app with application ID: 'id.co.miraeasset.sageclub'

2021-12-17 08:58:25 - [MESSAGE][PASSED] - startApp.OpenApp.startApplication is PASSED

2021-12-17 08:58:25 - [MESSAGE][PASSED] - Call Test Case 'Test Cases/Mobile/Page/Run App/Run App byID' successfully

2021-12-17 08:58:25 - [TEST_STEP][PASSED] - callTestCase(findTestCase("Mobile/Page/News/News"), ["tab":"bondnews"], CONTINUE_ON_FAILURE): Call Test Case 'Test Cases/Mobile/Page/News/News' successfully

2021-12-17 08:58:25 - [TEST_CASE][PASSED] - Test Cases/Mobile/Page/News/News: Test Cases/Mobile/Page/News/News

2021-12-17 08:58:25 - [TEST_STEP][PASSED] - callTestCase(findTestCase("Mobile/Page/CheckLogin"), [:], CONTINUE_ON_FAILURE): Call Test Case 'Test Cases/Mobile/Page/CheckLogin' successfully

2021-12-17 08:58:25 - [TEST_CASE][PASSED] - Test Cases/Mobile/Page/CheckLogin: Test Cases/Mobile/Page/CheckLogin

2021-12-17 08:58:25 - [TEST_STEP][PASSED] - loginCheck = verifyElementExist(findTestObject("Mobile/Page/Login/Button - Login"), 2, CONTINUE_ON_FAILURE): Element 'Object Repository/Mobile/Page/Login/Button - Login' is exist

2021-12-17 08:58:27 - [MESSAGE][PASSED] - Element 'Object Repository/Mobile/Page/Login/Button - Login' is exist

2021-12-17 08:58:27 - [TEST_STEP][PASSED] - if (loginCheck): Call Test Case 'Test Cases/Mobile/Page/Login/Login' successfully

2021-12-17 08:58:27 - [TEST_STEP][PASSED] - callTestCase(findTestCase("Mobile/Page/Login/Login"), [:], CONTINUE_ON_FAILURE): Call Test Case 'Test Cases/Mobile/Page/Login/Login' successfully

2021-12-17 08:58:27 - [TEST_CASE][PASSED] - Test Cases/Mobile/Page/Login/Login: Test Cases/Mobile/Page/Login/Login

2021-12-17 08:58:27 - [TEST_STEP][PASSED] - delay(2): Delayed 2 second(s)

2021-12-17 08:58:29 - [MESSAGE][PASSED] - Delayed 2 second(s)

2021-12-17 08:58:29 - [TEST_STEP][PASSED] - tap(findTestObject("Mobile/Page/Login/Input - UserID"), 0): Tapped on element 'Object Repository/Mobile/Page/Login/Input - UserID'

2021-12-17 08:58:29 - [MESSAGE][WARNING] - Timeout '0' is invalid. Using default page load timeout: '60'

2021-12-17 08:58:30 - [MESSAGE][PASSED] - Tapped on element 'Object Repository/Mobile/Page/Login/Input - UserID'

2021-12-17 08:58:30 - [TEST_STEP][PASSED] - delay(1): Delayed 1 second(s)

2021-12-17 08:58:31 - [MESSAGE][PASSED] - Delayed 1 second(s)

2021-12-17 08:58:31 - [TEST_STEP][PASSED] - setText(findTestObject("Mobile/Page/Login/Input Rdy - UserID"), "anggaaditya", 0): Text 'anggaaditya' has been set to element 'Object Repository/Mobile/Page/Login/Input Rdy - UserID'

2021-12-17 08:58:31 - [MESSAGE][WARNING] - Timeout '0' is invalid. Using default page load timeout: '60'

2021-12-17 08:58:32 - [MESSAGE][PASSED] - Text 'anggaaditya' has been set to element 'Object Repository/Mobile/Page/Login/Input Rdy - UserID'

2021-12-17 08:58:32 - [TEST_STEP][PASSED] - delay(1): Delayed 1 second(s)

2021-12-17 08:58:33 - [MESSAGE][PASSED] - Delayed 1 second(s)

2021-12-17 08:58:33 - [TEST_STEP][PASSED] - hideKeyboard(): Keyboard is hidden

2021-12-17 08:58:37 - [MESSAGE][PASSED] - Keyboard is hidden

2021-12-17 08:58:37 - [TEST_STEP][PASSED] - tap(findTestObject("Mobile/Page/Login/Input - Password"), 0): Tapped on element 'Object Repository/Mobile/Page/Login/Input - Password'

2021-12-17 08:58:37 - [MESSAGE][WARNING] - Timeout '0' is invalid. Using default page load timeout: '60'

2021-12-17 08:58:38 - [MESSAGE][PASSED] - Tapped on element 'Object Repository/Mobile/Page/Login/Input - Password'

2021-12-17 08:58:38 - [TEST_STEP][PASSED] - delay(1): Delayed 1 second(s)

2021-12-17 08:58:39 - [MESSAGE][PASSED] - Delayed 1 second(s)

2021-12-17 08:58:39 - [TEST_STEP][PASSED] - setText(findTestObject("Mobile/Page/Login/Input Rdy - Password"), "Shalawa18", 0): Text 'Shalawa18' has been set to element 'Object Repository/Mobile/Page/Login/Input Rdy - Password'

2021-12-17 08:58:39 - [MESSAGE][WARNING] - Timeout '0' is invalid. Using default page load timeout: '60'

2021-12-17 08:58:40 - [MESSAGE][PASSED] - Text 'Shalawa18' has been set to element 'Object Repository/Mobile/Page/Login/Input Rdy - Password'

2021-12-17 08:58:40 - [TEST_STEP][PASSED] - delay(1): Delayed 1 second(s)

2021-12-17 08:58:41 - [MESSAGE][PASSED] - Delayed 1 second(s)

2021-12-17 08:58:41 - [TEST_STEP][PASSED] - hideKeyboard(): Keyboard is hidden

2021-12-17 08:58:47 - [MESSAGE][PASSED] - Keyboard is hidden

2021-12-17 08:58:47 - [TEST_STEP][PASSED] - tap(findTestObject("Mobile/Page/Login/Button - Login"), 0): Tapped on element 'Object Repository/Mobile/Page/Login/Button - Login'

2021-12-17 08:58:48 - [MESSAGE][WARNING] - Timeout '0' is invalid. Using default page load timeout: '60'

2021-12-17 08:58:48 - [MESSAGE][PASSED] - Tapped on element 'Object Repository/Mobile/Page/Login/Button - Login'

2021-12-17 08:58:48 - [TEST_STEP][PASSED] - delay(2): Delayed 2 second(s)

2021-12-17 08:58:50 - [MESSAGE][PASSED] - Delayed 2 second(s)

2021-12-17 08:58:50 - [MESSAGE][PASSED] - Call Test Case 'Test Cases/Mobile/Page/Login/Login' successfully

2021-12-17 08:58:50 - [MESSAGE][PASSED] - Call Test Case 'Test Cases/Mobile/Page/CheckLogin' successfully

2021-12-17 08:58:50 - [TEST_STEP][PASSED] - tap(findTestObject("Mobile/Page/Home/Menubar - News"), 0): Tapped on element 'Object Repository/Mobile/Page/Home/Menubar - News'

2021-12-17 08:58:50 - [MESSAGE][WARNING] - Timeout '0' is invalid. Using default page load timeout: '60'

2021-12-17 08:58:52 - [MESSAGE][PASSED] - Tapped on element 'Object Repository/Mobile/Page/Home/Menubar - News'

2021-12-17 08:58:52 - [TEST_STEP][PASSED] - delay(1): Delayed 1 second(s)

2021-12-17 08:58:53 - [MESSAGE][PASSED] - Delayed 1 second(s)

2021-12-17 08:58:53 - [TEST_STEP][PASSED] - for ([i = 0, i < 1, (i++)]): Delayed 3 second(s)

2021-12-17 08:58:53 - [TEST_STEP][PASSED] - if (tab == "macronews"): null

2021-12-17 08:58:53 - [TEST_STEP][PASSED] - else if (tab == "stocknews"): null

2021-12-17 08:58:53 - [TEST_STEP][PASSED] - else if (tab == "fundnews"): null

2021-12-17 08:58:53 - [TEST_STEP][PASSED] - else if (tab == "bondnews"): Tapped on element 'Object Repository/Mobile/Page/News/Tab - Bond'

2021-12-17 08:58:53 - [TEST_STEP][PASSED] - tap(findTestObject("Object Repository/Mobile/Page/News/Tab - Bond"), 0): Tapped on element 'Object Repository/Mobile/Page/News/Tab - Bond'

2021-12-17 08:58:53 - [MESSAGE][WARNING] - Timeout '0' is invalid. Using default page load timeout: '60'

2021-12-17 08:58:54 - [MESSAGE][PASSED] - Tapped on element 'Object Repository/Mobile/Page/News/Tab - Bond'

2021-12-17 08:58:54 - [TEST_STEP][PASSED] - delay(1): Delayed 1 second(s)

2021-12-17 08:58:55 - [MESSAGE][PASSED] - Delayed 1 second(s)

2021-12-17 08:58:55 - [TEST_STEP][PASSED] - if (tab != "worldindices"): Delayed 3 second(s)

2021-12-17 08:58:55 - [TEST_STEP][PASSED] - try: Delayed 3 second(s)

2021-12-17 08:58:55 - [TEST_STEP][PASSED] - tapAndHold(findTestObject("Mobile/Page/News/Item - Top News"), 1, 10): Tapped and held on element 'Object Repository/Mobile/Page/News/Item - Top News' with duration 1

2021-12-17 08:58:59 - [MESSAGE][PASSED] - Tapped and held on element 'Object Repository/Mobile/Page/News/Item - Top News' with duration 1

2021-12-17 08:58:59 - [TEST_STEP][PASSED] - delay(1): Delayed 1 second(s)

2021-12-17 08:59:00 - [MESSAGE][PASSED] - Delayed 1 second(s)

2021-12-17 08:59:00 - [TEST_STEP][PASSED] - scroll.scroll.scrollScreenBottomToTop(): scroll.scroll.scrollScreenBottomToTop is PASSED

2021-12-17 08:59:00 - [MESSAGE][PASSED] - Current device physical height is 1423

2021-12-17 08:59:00 - [MESSAGE][PASSED] - Current device physical width is 720

2021-12-17 08:59:02 - [MESSAGE][PASSED] - Swiped from 360,1,138 to 360,284

2021-12-17 08:59:02 - [MESSAGE][PASSED] - scroll.scroll.scrollScreenBottomToTop is PASSED

2021-12-17 08:59:02 - [TEST_STEP][PASSED] - delay(3): Delayed 3 second(s)

2021-12-17 08:59:05 - [MESSAGE][PASSED] - Delayed 3 second(s)

2021-12-17 08:59:05 - [MESSAGE][PASSED] - Call Test Case 'Test Cases/Mobile/Page/News/News' successfully

2021-12-17 08:59:05 - [TEST_STEP][PASSED] - callTestCase(findTestCase("Mobile/Page/Run App/Terminate App"), [:], STOP_ON_FAILURE): Call Test Case 'Test Cases/Mobile/Page/Run App/Terminate App' successfully

2021-12-17 08:59:05 - [TEST_CASE][PASSED] - Test Cases/Mobile/Page/Run App/Terminate App: Test Cases/Mobile/Page/Run App/Terminate App

2021-12-17 08:59:05 - [TEST_STEP][PASSED] - startApp.OpenApp.terminateApplication(): startApp.OpenApp.terminateApplication is PASSED

2021-12-17 08:59:08 - [MESSAGE][PASSED] - Delayed 3 second(s)

2021-12-17 08:59:08 - [MESSAGE][PASSED] - Current device physical width is 720

2021-12-17 08:59:08 - [MESSAGE][PASSED] - Current device physical height is 1423

2021-12-17 08:59:10 - [MESSAGE][PASSED] - Swiped from 360,853 to 360,142

2021-12-17 08:59:11 - [MESSAGE][PASSED] - Delayed 1 second(s)

2021-12-17 08:59:12 - [MESSAGE][PASSED] - Swiped from 360,853 to 360,142

2021-12-17 08:59:15 - [MESSAGE][PASSED] - Delayed 3 second(s)

2021-12-17 08:59:15 - [MESSAGE][PASSED] - startApp.OpenApp.terminateApplication is PASSED

2021-12-17 08:59:15 - [MESSAGE][PASSED] - Call Test Case 'Test Cases/Mobile/Page/Run App/Terminate App' successfully]]></system-out>
         <system-err><![CDATA[]]></system-err>
      </testcase>
      <testcase name="Test Cases/Mobile/Scenario/News/005 - Macro News" time="64.126" classname="Test Cases/Mobile/Scenario/News/005 - Macro News" status="PASSED">
         <system-out><![CDATA[2021-12-17 08:59:15 - [TEST_CASE][PASSED] - Test Cases/Mobile/Scenario/News/005 - Macro News: Test Cases/Mobile/Scenario/News/005 - Macro News

2021-12-17 08:59:16 - [TEST_STEP][PASSED] - callTestCase(findTestCase("Mobile/Page/Run App/Run App byID"), [:], STOP_ON_FAILURE): Call Test Case 'Test Cases/Mobile/Page/Run App/Run App byID' successfully

2021-12-17 08:59:16 - [TEST_CASE][PASSED] - Test Cases/Mobile/Page/Run App/Run App byID: Test Cases/Mobile/Page/Run App/Run App byID

2021-12-17 08:59:16 - [TEST_STEP][PASSED] - startApp.OpenApp.startApplication("id.co.miraeasset.sageclub"): startApp.OpenApp.startApplication is PASSED

2021-12-17 08:59:30 - [MESSAGE][PASSED] - Starting app with application ID: 'id.co.miraeasset.sageclub'

2021-12-17 08:59:30 - [MESSAGE][PASSED] - startApp.OpenApp.startApplication is PASSED

2021-12-17 08:59:30 - [MESSAGE][PASSED] - Call Test Case 'Test Cases/Mobile/Page/Run App/Run App byID' successfully

2021-12-17 08:59:30 - [TEST_STEP][PASSED] - callTestCase(findTestCase("Mobile/Page/News/News"), ["tab":"macronews"], CONTINUE_ON_FAILURE): Call Test Case 'Test Cases/Mobile/Page/News/News' successfully

2021-12-17 08:59:30 - [TEST_CASE][PASSED] - Test Cases/Mobile/Page/News/News: Test Cases/Mobile/Page/News/News

2021-12-17 08:59:30 - [TEST_STEP][PASSED] - callTestCase(findTestCase("Mobile/Page/CheckLogin"), [:], CONTINUE_ON_FAILURE): Call Test Case 'Test Cases/Mobile/Page/CheckLogin' successfully

2021-12-17 08:59:30 - [TEST_CASE][PASSED] - Test Cases/Mobile/Page/CheckLogin: Test Cases/Mobile/Page/CheckLogin

2021-12-17 08:59:30 - [TEST_STEP][PASSED] - loginCheck = verifyElementExist(findTestObject("Mobile/Page/Login/Button - Login"), 2, CONTINUE_ON_FAILURE): Element 'Object Repository/Mobile/Page/Login/Button - Login' is exist

2021-12-17 08:59:32 - [MESSAGE][PASSED] - Element 'Object Repository/Mobile/Page/Login/Button - Login' is exist

2021-12-17 08:59:32 - [TEST_STEP][PASSED] - if (loginCheck): Call Test Case 'Test Cases/Mobile/Page/Login/Login' successfully

2021-12-17 08:59:32 - [TEST_STEP][PASSED] - callTestCase(findTestCase("Mobile/Page/Login/Login"), [:], CONTINUE_ON_FAILURE): Call Test Case 'Test Cases/Mobile/Page/Login/Login' successfully

2021-12-17 08:59:32 - [TEST_CASE][PASSED] - Test Cases/Mobile/Page/Login/Login: Test Cases/Mobile/Page/Login/Login

2021-12-17 08:59:32 - [TEST_STEP][PASSED] - delay(2): Delayed 2 second(s)

2021-12-17 08:59:34 - [MESSAGE][PASSED] - Delayed 2 second(s)

2021-12-17 08:59:34 - [TEST_STEP][PASSED] - tap(findTestObject("Mobile/Page/Login/Input - UserID"), 0): Tapped on element 'Object Repository/Mobile/Page/Login/Input - UserID'

2021-12-17 08:59:34 - [MESSAGE][WARNING] - Timeout '0' is invalid. Using default page load timeout: '60'

2021-12-17 08:59:35 - [MESSAGE][PASSED] - Tapped on element 'Object Repository/Mobile/Page/Login/Input - UserID'

2021-12-17 08:59:35 - [TEST_STEP][PASSED] - delay(1): Delayed 1 second(s)

2021-12-17 08:59:36 - [MESSAGE][PASSED] - Delayed 1 second(s)

2021-12-17 08:59:36 - [TEST_STEP][PASSED] - setText(findTestObject("Mobile/Page/Login/Input Rdy - UserID"), "anggaaditya", 0): Text 'anggaaditya' has been set to element 'Object Repository/Mobile/Page/Login/Input Rdy - UserID'

2021-12-17 08:59:36 - [MESSAGE][WARNING] - Timeout '0' is invalid. Using default page load timeout: '60'

2021-12-17 08:59:37 - [MESSAGE][PASSED] - Text 'anggaaditya' has been set to element 'Object Repository/Mobile/Page/Login/Input Rdy - UserID'

2021-12-17 08:59:37 - [TEST_STEP][PASSED] - delay(1): Delayed 1 second(s)

2021-12-17 08:59:38 - [MESSAGE][PASSED] - Delayed 1 second(s)

2021-12-17 08:59:38 - [TEST_STEP][PASSED] - hideKeyboard(): Keyboard is hidden

2021-12-17 08:59:42 - [MESSAGE][PASSED] - Keyboard is hidden

2021-12-17 08:59:42 - [TEST_STEP][PASSED] - tap(findTestObject("Mobile/Page/Login/Input - Password"), 0): Tapped on element 'Object Repository/Mobile/Page/Login/Input - Password'

2021-12-17 08:59:42 - [MESSAGE][WARNING] - Timeout '0' is invalid. Using default page load timeout: '60'

2021-12-17 08:59:42 - [MESSAGE][PASSED] - Tapped on element 'Object Repository/Mobile/Page/Login/Input - Password'

2021-12-17 08:59:42 - [TEST_STEP][PASSED] - delay(1): Delayed 1 second(s)

2021-12-17 08:59:43 - [MESSAGE][PASSED] - Delayed 1 second(s)

2021-12-17 08:59:43 - [TEST_STEP][PASSED] - setText(findTestObject("Mobile/Page/Login/Input Rdy - Password"), "Shalawa18", 0): Text 'Shalawa18' has been set to element 'Object Repository/Mobile/Page/Login/Input Rdy - Password'

2021-12-17 08:59:44 - [MESSAGE][WARNING] - Timeout '0' is invalid. Using default page load timeout: '60'

2021-12-17 08:59:44 - [MESSAGE][PASSED] - Text 'Shalawa18' has been set to element 'Object Repository/Mobile/Page/Login/Input Rdy - Password'

2021-12-17 08:59:44 - [TEST_STEP][PASSED] - delay(1): Delayed 1 second(s)

2021-12-17 08:59:45 - [MESSAGE][PASSED] - Delayed 1 second(s)

2021-12-17 08:59:45 - [TEST_STEP][PASSED] - hideKeyboard(): Keyboard is hidden

2021-12-17 08:59:52 - [MESSAGE][PASSED] - Keyboard is hidden

2021-12-17 08:59:52 - [TEST_STEP][PASSED] - tap(findTestObject("Mobile/Page/Login/Button - Login"), 0): Tapped on element 'Object Repository/Mobile/Page/Login/Button - Login'

2021-12-17 08:59:52 - [MESSAGE][WARNING] - Timeout '0' is invalid. Using default page load timeout: '60'

2021-12-17 08:59:53 - [MESSAGE][PASSED] - Tapped on element 'Object Repository/Mobile/Page/Login/Button - Login'

2021-12-17 08:59:53 - [TEST_STEP][PASSED] - delay(2): Delayed 2 second(s)

2021-12-17 08:59:55 - [MESSAGE][PASSED] - Delayed 2 second(s)

2021-12-17 08:59:55 - [MESSAGE][PASSED] - Call Test Case 'Test Cases/Mobile/Page/Login/Login' successfully

2021-12-17 08:59:55 - [MESSAGE][PASSED] - Call Test Case 'Test Cases/Mobile/Page/CheckLogin' successfully

2021-12-17 08:59:55 - [TEST_STEP][PASSED] - tap(findTestObject("Mobile/Page/Home/Menubar - News"), 0): Tapped on element 'Object Repository/Mobile/Page/Home/Menubar - News'

2021-12-17 08:59:55 - [MESSAGE][WARNING] - Timeout '0' is invalid. Using default page load timeout: '60'

2021-12-17 08:59:56 - [MESSAGE][PASSED] - Tapped on element 'Object Repository/Mobile/Page/Home/Menubar - News'

2021-12-17 08:59:56 - [TEST_STEP][PASSED] - delay(1): Delayed 1 second(s)

2021-12-17 08:59:57 - [MESSAGE][PASSED] - Delayed 1 second(s)

2021-12-17 08:59:57 - [TEST_STEP][PASSED] - for ([i = 0, i < 1, (i++)]): Delayed 3 second(s)

2021-12-17 08:59:57 - [TEST_STEP][PASSED] - if (tab == "macronews"): Tapped on element 'Object Repository/Mobile/Page/News/Tab - Macro'

2021-12-17 08:59:57 - [TEST_STEP][PASSED] - tap(findTestObject("Object Repository/Mobile/Page/News/Tab - Macro"), 0): Tapped on element 'Object Repository/Mobile/Page/News/Tab - Macro'

2021-12-17 08:59:57 - [MESSAGE][WARNING] - Timeout '0' is invalid. Using default page load timeout: '60'

2021-12-17 08:59:58 - [MESSAGE][PASSED] - Tapped on element 'Object Repository/Mobile/Page/News/Tab - Macro'

2021-12-17 08:59:58 - [TEST_STEP][PASSED] - delay(1): Delayed 1 second(s)

2021-12-17 08:59:59 - [MESSAGE][PASSED] - Delayed 1 second(s)

2021-12-17 08:59:59 - [TEST_STEP][PASSED] - if (tab != "worldindices"): Delayed 3 second(s)

2021-12-17 09:00:00 - [TEST_STEP][PASSED] - try: Delayed 3 second(s)

2021-12-17 09:00:00 - [TEST_STEP][PASSED] - tapAndHold(findTestObject("Mobile/Page/News/Item - Top News"), 1, 10): Tapped and held on element 'Object Repository/Mobile/Page/News/Item - Top News' with duration 1

2021-12-17 09:00:03 - [MESSAGE][PASSED] - Tapped and held on element 'Object Repository/Mobile/Page/News/Item - Top News' with duration 1

2021-12-17 09:00:03 - [TEST_STEP][PASSED] - delay(1): Delayed 1 second(s)

2021-12-17 09:00:04 - [MESSAGE][PASSED] - Delayed 1 second(s)

2021-12-17 09:00:04 - [TEST_STEP][PASSED] - scroll.scroll.scrollScreenBottomToTop(): scroll.scroll.scrollScreenBottomToTop is PASSED

2021-12-17 09:00:04 - [MESSAGE][PASSED] - Current device physical height is 1423

2021-12-17 09:00:04 - [MESSAGE][PASSED] - Current device physical width is 720

2021-12-17 09:00:06 - [MESSAGE][PASSED] - Swiped from 360,1,138 to 360,284

2021-12-17 09:00:06 - [MESSAGE][PASSED] - scroll.scroll.scrollScreenBottomToTop is PASSED

2021-12-17 09:00:06 - [TEST_STEP][PASSED] - delay(3): Delayed 3 second(s)

2021-12-17 09:00:09 - [MESSAGE][PASSED] - Delayed 3 second(s)

2021-12-17 09:00:09 - [MESSAGE][PASSED] - Call Test Case 'Test Cases/Mobile/Page/News/News' successfully

2021-12-17 09:00:09 - [TEST_STEP][PASSED] - callTestCase(findTestCase("Mobile/Page/Run App/Terminate App"), [:], STOP_ON_FAILURE): Call Test Case 'Test Cases/Mobile/Page/Run App/Terminate App' successfully

2021-12-17 09:00:09 - [TEST_CASE][PASSED] - Test Cases/Mobile/Page/Run App/Terminate App: Test Cases/Mobile/Page/Run App/Terminate App

2021-12-17 09:00:09 - [TEST_STEP][PASSED] - startApp.OpenApp.terminateApplication(): startApp.OpenApp.terminateApplication is PASSED

2021-12-17 09:00:12 - [MESSAGE][PASSED] - Delayed 3 second(s)

2021-12-17 09:00:12 - [MESSAGE][PASSED] - Current device physical width is 720

2021-12-17 09:00:12 - [MESSAGE][PASSED] - Current device physical height is 1423

2021-12-17 09:00:14 - [MESSAGE][PASSED] - Swiped from 360,853 to 360,142

2021-12-17 09:00:15 - [MESSAGE][PASSED] - Delayed 1 second(s)

2021-12-17 09:00:16 - [MESSAGE][PASSED] - Swiped from 360,853 to 360,142

2021-12-17 09:00:19 - [MESSAGE][PASSED] - Delayed 3 second(s)

2021-12-17 09:00:19 - [MESSAGE][PASSED] - startApp.OpenApp.terminateApplication is PASSED

2021-12-17 09:00:19 - [MESSAGE][PASSED] - Call Test Case 'Test Cases/Mobile/Page/Run App/Terminate App' successfully]]></system-out>
         <system-err><![CDATA[]]></system-err>
      </testcase>
      <system-out><![CDATA[2021-12-17 08:54:24 - [TEST_SUITE][PASSED] - news: Test Cases/Mobile/Scenario/News/005 - Macro News]]></system-out>
      <system-err><![CDATA[]]></system-err>
   </testsuite>
</testsuites>
