<?xml version="1.0" encoding="UTF-8"?>
<testsuites name="login" time="267.804" tests="5" failures="0" skips="0" errors="0">
   <testsuite name="login" tests="5" failures="0" errors="0" time="267.804" skips="0" timestamp="2022-01-19 10:17:41" hostname="Owner - aldy-tft" id="Test Suites/login">
      <properties>
         <property name="deviceName" value="samsung SM-A205F (Android 11)"/>
         <property name="devicePlatform" value=""/>
         <property name="logFolder" value="C:\\Users\\Owner\\Documents\\kerjaan\\KatalonProject\\qa_katalon_pwm\\qa_katalon_pwm\\Reports\\20220119_100733\\login\\20220119_100738"/>
         <property name="logFiles" value="C:\\Users\\Owner\\Documents\\kerjaan\\KatalonProject\\qa_katalon_pwm\\qa_katalon_pwm\\Reports\\20220119_100733\\login\\20220119_100738\\appium.log, C:\\Users\\Owner\\Documents\\kerjaan\\KatalonProject\\qa_katalon_pwm\\qa_katalon_pwm\\Reports\\20220119_100733\\login\\20220119_100738\\execution0.log"/>
         <property name="attachments" value=""/>
         <property name="hostName" value="Owner - aldy-tft"/>
         <property name="os" value="Windows 10 64bit"/>
         <property name="appiumServerStatus" value="{&quot;value&quot;:{&quot;build&quot;:{&quot;version&quot;:&quot;1.22.0&quot;}},&quot;sessionId&quot;:null,&quot;status&quot;:0}"/>
         <property name="katalonVersion" value="7.9.1.208"/>
         <property name="deviceOS" value="Android"/>
         <property name="appiumVersion" value="1.22.0"/>
         <property name="deviceModel" value="SM-A205F"/>
         <property name="hostAddress" value="192.168.18.37"/>
         <property name="deviceManufacturer" value="samsung"/>
         <property name="deviceId" value="RR8M40C9AXE"/>
         <property name="deviceName" value="samsung SM-A205F (Android 11)"/>
         <property name="deviceOSVersion" value="11"/>
      </properties>
      <testcase name="Test Cases/Mobile/Scenario/Login/001 - Login dengan username" time="67.404" classname="Test Cases/Mobile/Scenario/Login/001 - Login dengan username" status="PASSED">
         <system-out><![CDATA[2022-01-19 10:17:41 - [TEST_CASE][PASSED] - Test Cases/Mobile/Scenario/Login/001 - Login dengan username: Test Cases/Mobile/Scenario/Login/001 - Login dengan username

2022-01-19 10:17:42 - [TEST_STEP][PASSED] - callTestCase(findTestCase("Mobile/Page/Run App/Run App byID"), [:], STOP_ON_FAILURE): Call Test Case 'Test Cases/Mobile/Page/Run App/Run App byID' successfully

2022-01-19 10:17:42 - [TEST_CASE][PASSED] - Test Cases/Mobile/Page/Run App/Run App byID: Test Cases/Mobile/Page/Run App/Run App byID

2022-01-19 10:17:42 - [TEST_STEP][PASSED] - startApp.OpenApp.startApplication("id.co.miraeasset.sageclub"): startApp.OpenApp.startApplication is PASSED

2022-01-19 10:17:44 - [MESSAGE][INFO] - Appium server started on port 53,821

2022-01-19 10:18:00 - [MESSAGE][PASSED] - Starting app with application ID: 'id.co.miraeasset.sageclub'

2022-01-19 10:18:00 - [MESSAGE][PASSED] - startApp.OpenApp.startApplication is PASSED

2022-01-19 10:18:00 - [MESSAGE][PASSED] - Call Test Case 'Test Cases/Mobile/Page/Run App/Run App byID' successfully

2022-01-19 10:18:00 - [TEST_STEP][PASSED] - callTestCase(findTestCase("Mobile/Page/Login/Login"), ["action":"username"], CONTINUE_ON_FAILURE): Call Test Case 'Test Cases/Mobile/Page/Login/Login' successfully

2022-01-19 10:18:01 - [TEST_CASE][PASSED] - Test Cases/Mobile/Page/Login/Login: Test Cases/Mobile/Page/Login/Login

2022-01-19 10:18:01 - [TEST_STEP][PASSED] - delay(2): Delayed 2 second(s)

2022-01-19 10:18:03 - [MESSAGE][PASSED] - Delayed 2 second(s)

2022-01-19 10:18:03 - [TEST_STEP][PASSED] - for ([i = 0, i < 1, (i++)]): null

2022-01-19 10:18:03 - [TEST_STEP][PASSED] - if (action == "username"): null

2022-01-19 10:18:03 - [TEST_STEP][PASSED] - tap(LOGN_EdtUserID, 0): Tapped on element 'Object Repository/Mobile/Page/Login/Input - UserID'

2022-01-19 10:18:17 - [MESSAGE][WARNING] - Timeout '0' is invalid. Using default page load timeout: '60'

2022-01-19 10:18:17 - [MESSAGE][PASSED] - Tapped on element 'Object Repository/Mobile/Page/Login/Input - UserID'

2022-01-19 10:18:17 - [TEST_STEP][PASSED] - delay(1): Delayed 1 second(s)

2022-01-19 10:18:18 - [MESSAGE][PASSED] - Delayed 1 second(s)

2022-01-19 10:18:18 - [TEST_STEP][PASSED] - setText(LOGN_EdtRdyUserID, "anggaaditya", 0): Text 'anggaaditya' has been set to element 'Object Repository/Mobile/Page/Login/Input Rdy - UserID'

2022-01-19 10:18:18 - [MESSAGE][WARNING] - Timeout '0' is invalid. Using default page load timeout: '60'

2022-01-19 10:18:19 - [MESSAGE][PASSED] - Text 'anggaaditya' has been set to element 'Object Repository/Mobile/Page/Login/Input Rdy - UserID'

2022-01-19 10:18:19 - [TEST_STEP][PASSED] - delay(1): Delayed 1 second(s)

2022-01-19 10:18:20 - [MESSAGE][PASSED] - Delayed 1 second(s)

2022-01-19 10:18:20 - [TEST_STEP][PASSED] - hideKeyboard(): Keyboard is hidden

2022-01-19 10:18:25 - [MESSAGE][PASSED] - Keyboard is hidden

2022-01-19 10:18:25 - [TEST_STEP][PASSED] - tap(LOGN_EdtPassword, 0): Tapped on element 'Object Repository/Mobile/Page/Login/Input - Password'

2022-01-19 10:18:25 - [MESSAGE][WARNING] - Timeout '0' is invalid. Using default page load timeout: '60'

2022-01-19 10:18:26 - [MESSAGE][PASSED] - Tapped on element 'Object Repository/Mobile/Page/Login/Input - Password'

2022-01-19 10:18:26 - [TEST_STEP][PASSED] - delay(1): Delayed 1 second(s)

2022-01-19 10:18:27 - [MESSAGE][PASSED] - Delayed 1 second(s)

2022-01-19 10:18:27 - [TEST_STEP][PASSED] - setText(LOGN_EdtRdyPassword, "Shalawa18", 0): Text 'Shalawa18' has been set to element 'Object Repository/Mobile/Page/Login/Input Rdy - Password'

2022-01-19 10:18:27 - [MESSAGE][WARNING] - Timeout '0' is invalid. Using default page load timeout: '60'

2022-01-19 10:18:27 - [MESSAGE][PASSED] - Text 'Shalawa18' has been set to element 'Object Repository/Mobile/Page/Login/Input Rdy - Password'

2022-01-19 10:18:27 - [TEST_STEP][PASSED] - delay(1): Delayed 1 second(s)

2022-01-19 10:18:28 - [MESSAGE][PASSED] - Delayed 1 second(s)

2022-01-19 10:18:28 - [TEST_STEP][PASSED] - hideKeyboard(): Keyboard is hidden

2022-01-19 10:18:35 - [MESSAGE][PASSED] - Keyboard is hidden

2022-01-19 10:18:35 - [TEST_STEP][PASSED] - tap(LOGN_BtnLogin, 0): Tapped on element 'Object Repository/Mobile/Page/Login/Button - Login'

2022-01-19 10:18:35 - [MESSAGE][WARNING] - Timeout '0' is invalid. Using default page load timeout: '60'

2022-01-19 10:18:36 - [MESSAGE][PASSED] - Tapped on element 'Object Repository/Mobile/Page/Login/Button - Login'

2022-01-19 10:18:36 - [TEST_STEP][PASSED] - delay(2): Delayed 2 second(s)

2022-01-19 10:18:38 - [MESSAGE][PASSED] - Delayed 2 second(s)

2022-01-19 10:18:38 - [TEST_STEP][PASSED] - break: null

2022-01-19 10:18:38 - [MESSAGE][PASSED] - Call Test Case 'Test Cases/Mobile/Page/Login/Login' successfully

2022-01-19 10:18:38 - [TEST_STEP][PASSED] - callTestCase(findTestCase("Mobile/Page/Run App/Terminate App"), [:], STOP_ON_FAILURE): Call Test Case 'Test Cases/Mobile/Page/Run App/Terminate App' successfully

2022-01-19 10:18:38 - [TEST_CASE][PASSED] - Test Cases/Mobile/Page/Run App/Terminate App: Test Cases/Mobile/Page/Run App/Terminate App

2022-01-19 10:18:38 - [TEST_STEP][PASSED] - startApp.OpenApp.terminateApplication(): startApp.OpenApp.terminateApplication is PASSED

2022-01-19 10:18:42 - [MESSAGE][PASSED] - Delayed 3 second(s)

2022-01-19 10:18:42 - [MESSAGE][PASSED] - Current device physical width is 720

2022-01-19 10:18:42 - [MESSAGE][PASSED] - Current device physical height is 1423

2022-01-19 10:18:43 - [MESSAGE][PASSED] - Swiped from 360,853 to 360,142

2022-01-19 10:18:44 - [MESSAGE][PASSED] - Delayed 1 second(s)

2022-01-19 10:18:46 - [MESSAGE][PASSED] - Swiped from 360,853 to 360,142

2022-01-19 10:18:49 - [MESSAGE][PASSED] - Delayed 3 second(s)

2022-01-19 10:18:49 - [MESSAGE][PASSED] - startApp.OpenApp.terminateApplication is PASSED

2022-01-19 10:18:49 - [MESSAGE][PASSED] - Call Test Case 'Test Cases/Mobile/Page/Run App/Terminate App' successfully]]></system-out>
         <system-err><![CDATA[]]></system-err>
      </testcase>
      <testcase name="Test Cases/Mobile/Scenario/Login/002 - Login dengan password salah" time="47.097" classname="Test Cases/Mobile/Scenario/Login/002 - Login dengan password salah" status="PASSED">
         <system-out><![CDATA[2022-01-19 10:18:49 - [TEST_CASE][PASSED] - Test Cases/Mobile/Scenario/Login/002 - Login dengan password salah: Test Cases/Mobile/Scenario/Login/002 - Login dengan password salah

2022-01-19 10:18:49 - [TEST_STEP][PASSED] - callTestCase(findTestCase("Mobile/Page/Run App/Run App byID"), [:], STOP_ON_FAILURE): Call Test Case 'Test Cases/Mobile/Page/Run App/Run App byID' successfully

2022-01-19 10:18:49 - [TEST_CASE][PASSED] - Test Cases/Mobile/Page/Run App/Run App byID: Test Cases/Mobile/Page/Run App/Run App byID

2022-01-19 10:18:49 - [TEST_STEP][PASSED] - startApp.OpenApp.startApplication("id.co.miraeasset.sageclub"): startApp.OpenApp.startApplication is PASSED

2022-01-19 10:19:02 - [MESSAGE][PASSED] - Starting app with application ID: 'id.co.miraeasset.sageclub'

2022-01-19 10:19:02 - [MESSAGE][PASSED] - startApp.OpenApp.startApplication is PASSED

2022-01-19 10:19:02 - [MESSAGE][PASSED] - Call Test Case 'Test Cases/Mobile/Page/Run App/Run App byID' successfully

2022-01-19 10:19:02 - [TEST_STEP][PASSED] - callTestCase(findTestCase("Mobile/Page/Login/Login"), ["action":"wrongpassword"], CONTINUE_ON_FAILURE): Call Test Case 'Test Cases/Mobile/Page/Login/Login' successfully

2022-01-19 10:19:02 - [TEST_CASE][PASSED] - Test Cases/Mobile/Page/Login/Login: Test Cases/Mobile/Page/Login/Login

2022-01-19 10:19:02 - [TEST_STEP][PASSED] - delay(2): Delayed 2 second(s)

2022-01-19 10:19:04 - [MESSAGE][PASSED] - Delayed 2 second(s)

2022-01-19 10:19:04 - [TEST_STEP][PASSED] - for ([i = 0, i < 1, (i++)]): null

2022-01-19 10:19:04 - [TEST_STEP][PASSED] - if (action == "username"): null

2022-01-19 10:19:04 - [TEST_STEP][PASSED] - else if (action == "wrongpassword"): null

2022-01-19 10:19:04 - [TEST_STEP][PASSED] - tap(LOGN_EdtUserID, 0): Tapped on element 'Object Repository/Mobile/Page/Login/Input - UserID'

2022-01-19 10:19:04 - [MESSAGE][WARNING] - Timeout '0' is invalid. Using default page load timeout: '60'

2022-01-19 10:19:05 - [MESSAGE][PASSED] - Tapped on element 'Object Repository/Mobile/Page/Login/Input - UserID'

2022-01-19 10:19:05 - [TEST_STEP][PASSED] - delay(1): Delayed 1 second(s)

2022-01-19 10:19:06 - [MESSAGE][PASSED] - Delayed 1 second(s)

2022-01-19 10:19:06 - [TEST_STEP][PASSED] - setText(LOGN_EdtRdyUserID, "anggaaditya", 0): Text 'anggaaditya' has been set to element 'Object Repository/Mobile/Page/Login/Input Rdy - UserID'

2022-01-19 10:19:06 - [MESSAGE][WARNING] - Timeout '0' is invalid. Using default page load timeout: '60'

2022-01-19 10:19:07 - [MESSAGE][PASSED] - Text 'anggaaditya' has been set to element 'Object Repository/Mobile/Page/Login/Input Rdy - UserID'

2022-01-19 10:19:07 - [TEST_STEP][PASSED] - delay(1): Delayed 1 second(s)

2022-01-19 10:19:08 - [MESSAGE][PASSED] - Delayed 1 second(s)

2022-01-19 10:19:08 - [TEST_STEP][PASSED] - hideKeyboard(): Keyboard is hidden

2022-01-19 10:19:12 - [MESSAGE][PASSED] - Keyboard is hidden

2022-01-19 10:19:12 - [TEST_STEP][PASSED] - tap(LOGN_EdtPassword, 0): Tapped on element 'Object Repository/Mobile/Page/Login/Input - Password'

2022-01-19 10:19:12 - [MESSAGE][WARNING] - Timeout '0' is invalid. Using default page load timeout: '60'

2022-01-19 10:19:13 - [MESSAGE][PASSED] - Tapped on element 'Object Repository/Mobile/Page/Login/Input - Password'

2022-01-19 10:19:13 - [TEST_STEP][PASSED] - delay(1): Delayed 1 second(s)

2022-01-19 10:19:14 - [MESSAGE][PASSED] - Delayed 1 second(s)

2022-01-19 10:19:14 - [TEST_STEP][PASSED] - setText(LOGN_EdtRdyPassword, "Shalawa181", 0): Text 'Shalawa181' has been set to element 'Object Repository/Mobile/Page/Login/Input Rdy - Password'

2022-01-19 10:19:14 - [MESSAGE][WARNING] - Timeout '0' is invalid. Using default page load timeout: '60'

2022-01-19 10:19:15 - [MESSAGE][PASSED] - Text 'Shalawa181' has been set to element 'Object Repository/Mobile/Page/Login/Input Rdy - Password'

2022-01-19 10:19:15 - [TEST_STEP][PASSED] - delay(1): Delayed 1 second(s)

2022-01-19 10:19:16 - [MESSAGE][PASSED] - Delayed 1 second(s)

2022-01-19 10:19:16 - [TEST_STEP][PASSED] - hideKeyboard(): Keyboard is hidden

2022-01-19 10:19:23 - [MESSAGE][PASSED] - Keyboard is hidden

2022-01-19 10:19:23 - [TEST_STEP][PASSED] - tap(LOGN_BtnLogin, 0): Tapped on element 'Object Repository/Mobile/Page/Login/Button - Login'

2022-01-19 10:19:23 - [MESSAGE][WARNING] - Timeout '0' is invalid. Using default page load timeout: '60'

2022-01-19 10:19:23 - [MESSAGE][PASSED] - Tapped on element 'Object Repository/Mobile/Page/Login/Button - Login'

2022-01-19 10:19:23 - [TEST_STEP][PASSED] - delay(2): Delayed 2 second(s)

2022-01-19 10:19:26 - [MESSAGE][PASSED] - Delayed 2 second(s)

2022-01-19 10:19:26 - [TEST_STEP][PASSED] - verify = verifyElementExist(LOGN_AlertInvalidCredentials, 5, STOP_ON_FAILURE): Element 'Object Repository/Mobile/Page/Login/Alert - Invalid credentials' is exist

2022-01-19 10:19:26 - [MESSAGE][PASSED] - Element 'Object Repository/Mobile/Page/Login/Alert - Invalid credentials' is exist

2022-01-19 10:19:26 - [TEST_STEP][PASSED] - break: null

2022-01-19 10:19:26 - [MESSAGE][PASSED] - Call Test Case 'Test Cases/Mobile/Page/Login/Login' successfully

2022-01-19 10:19:26 - [TEST_STEP][PASSED] - callTestCase(findTestCase("Mobile/Page/Run App/Terminate App"), [:], STOP_ON_FAILURE): Call Test Case 'Test Cases/Mobile/Page/Run App/Terminate App' successfully

2022-01-19 10:19:26 - [TEST_CASE][PASSED] - Test Cases/Mobile/Page/Run App/Terminate App: Test Cases/Mobile/Page/Run App/Terminate App

2022-01-19 10:19:26 - [TEST_STEP][PASSED] - startApp.OpenApp.terminateApplication(): startApp.OpenApp.terminateApplication is PASSED

2022-01-19 10:19:29 - [MESSAGE][PASSED] - Delayed 3 second(s)

2022-01-19 10:19:29 - [MESSAGE][PASSED] - Current device physical width is 720

2022-01-19 10:19:29 - [MESSAGE][PASSED] - Current device physical height is 1423

2022-01-19 10:19:30 - [MESSAGE][PASSED] - Swiped from 360,853 to 360,142

2022-01-19 10:19:32 - [MESSAGE][PASSED] - Delayed 1 second(s)

2022-01-19 10:19:33 - [MESSAGE][PASSED] - Swiped from 360,853 to 360,142

2022-01-19 10:19:36 - [MESSAGE][PASSED] - Delayed 3 second(s)

2022-01-19 10:19:36 - [MESSAGE][PASSED] - startApp.OpenApp.terminateApplication is PASSED

2022-01-19 10:19:36 - [MESSAGE][PASSED] - Call Test Case 'Test Cases/Mobile/Page/Run App/Terminate App' successfully]]></system-out>
         <system-err><![CDATA[]]></system-err>
      </testcase>
      <testcase name="Test Cases/Mobile/Scenario/Login/003 - Login tanpa internet" time="59.079" classname="Test Cases/Mobile/Scenario/Login/003 - Login tanpa internet" status="PASSED">
         <system-out><![CDATA[2022-01-19 10:19:36 - [TEST_CASE][PASSED] - Test Cases/Mobile/Scenario/Login/003 - Login tanpa internet: Test Cases/Mobile/Scenario/Login/003 - Login tanpa internet

2022-01-19 10:19:36 - [TEST_STEP][PASSED] - callTestCase(findTestCase("Mobile/Page/Run App/Run App byID"), [:], STOP_ON_FAILURE): Call Test Case 'Test Cases/Mobile/Page/Run App/Run App byID' successfully

2022-01-19 10:19:36 - [TEST_CASE][PASSED] - Test Cases/Mobile/Page/Run App/Run App byID: Test Cases/Mobile/Page/Run App/Run App byID

2022-01-19 10:19:36 - [TEST_STEP][PASSED] - startApp.OpenApp.startApplication("id.co.miraeasset.sageclub"): startApp.OpenApp.startApplication is PASSED

2022-01-19 10:19:49 - [MESSAGE][PASSED] - Starting app with application ID: 'id.co.miraeasset.sageclub'

2022-01-19 10:19:49 - [MESSAGE][PASSED] - startApp.OpenApp.startApplication is PASSED

2022-01-19 10:19:49 - [MESSAGE][PASSED] - Call Test Case 'Test Cases/Mobile/Page/Run App/Run App byID' successfully

2022-01-19 10:19:49 - [TEST_STEP][PASSED] - callTestCase(findTestCase("Mobile/Page/Login/Login"), ["action":"nointernet"], CONTINUE_ON_FAILURE): Call Test Case 'Test Cases/Mobile/Page/Login/Login' successfully

2022-01-19 10:19:49 - [TEST_CASE][PASSED] - Test Cases/Mobile/Page/Login/Login: Test Cases/Mobile/Page/Login/Login

2022-01-19 10:19:49 - [TEST_STEP][PASSED] - delay(2): Delayed 2 second(s)

2022-01-19 10:19:51 - [MESSAGE][PASSED] - Delayed 2 second(s)

2022-01-19 10:19:51 - [TEST_STEP][PASSED] - for ([i = 0, i < 1, (i++)]): null

2022-01-19 10:19:51 - [TEST_STEP][PASSED] - if (action == "username"): null

2022-01-19 10:19:51 - [TEST_STEP][PASSED] - else if (action == "wrongpassword"): null

2022-01-19 10:19:51 - [TEST_STEP][PASSED] - else if (action == "nointernet"): null

2022-01-19 10:19:51 - [TEST_STEP][PASSED] - scroll.scroll.scrollNotificationBar(): scroll.scroll.scrollNotificationBar is PASSED

2022-01-19 10:19:52 - [MESSAGE][PASSED] - Current device physical height is 1423

2022-01-19 10:19:54 - [MESSAGE][PASSED] - Swiped from 50,50 to 50,1,138

2022-01-19 10:19:54 - [MESSAGE][PASSED] - scroll.scroll.scrollNotificationBar is PASSED

2022-01-19 10:19:54 - [TEST_STEP][PASSED] - delay(1): Delayed 1 second(s)

2022-01-19 10:19:55 - [MESSAGE][PASSED] - Delayed 1 second(s)

2022-01-19 10:19:55 - [TEST_STEP][PASSED] - tap(OTHR_BtnWifi, 0): Tapped on element 'Object Repository/Mobile/Page/Others/Button - Wifi'

2022-01-19 10:19:55 - [MESSAGE][WARNING] - Timeout '0' is invalid. Using default page load timeout: '60'

2022-01-19 10:19:55 - [MESSAGE][PASSED] - Tapped on element 'Object Repository/Mobile/Page/Others/Button - Wifi'

2022-01-19 10:19:55 - [TEST_STEP][PASSED] - delay(1): Delayed 1 second(s)

2022-01-19 10:19:56 - [MESSAGE][PASSED] - Delayed 1 second(s)

2022-01-19 10:19:56 - [TEST_STEP][PASSED] - pressBack(): Press back button successfully

2022-01-19 10:19:58 - [MESSAGE][PASSED] - Press back button successfully

2022-01-19 10:19:58 - [TEST_STEP][PASSED] - tap(LOGN_EdtUserID, 0): Tapped on element 'Object Repository/Mobile/Page/Login/Input - UserID'

2022-01-19 10:19:58 - [MESSAGE][WARNING] - Timeout '0' is invalid. Using default page load timeout: '60'

2022-01-19 10:19:59 - [MESSAGE][PASSED] - Tapped on element 'Object Repository/Mobile/Page/Login/Input - UserID'

2022-01-19 10:19:59 - [TEST_STEP][PASSED] - delay(1): Delayed 1 second(s)

2022-01-19 10:20:00 - [MESSAGE][PASSED] - Delayed 1 second(s)

2022-01-19 10:20:00 - [TEST_STEP][PASSED] - setText(LOGN_EdtRdyUserID, "anggaaditya", 0): Text 'anggaaditya' has been set to element 'Object Repository/Mobile/Page/Login/Input Rdy - UserID'

2022-01-19 10:20:00 - [MESSAGE][WARNING] - Timeout '0' is invalid. Using default page load timeout: '60'

2022-01-19 10:20:01 - [MESSAGE][PASSED] - Text 'anggaaditya' has been set to element 'Object Repository/Mobile/Page/Login/Input Rdy - UserID'

2022-01-19 10:20:01 - [TEST_STEP][PASSED] - delay(1): Delayed 1 second(s)

2022-01-19 10:20:02 - [MESSAGE][PASSED] - Delayed 1 second(s)

2022-01-19 10:20:02 - [TEST_STEP][PASSED] - hideKeyboard(): Keyboard is hidden

2022-01-19 10:20:06 - [MESSAGE][PASSED] - Keyboard is hidden

2022-01-19 10:20:06 - [TEST_STEP][PASSED] - tap(LOGN_EdtPassword, 0): Tapped on element 'Object Repository/Mobile/Page/Login/Input - Password'

2022-01-19 10:20:06 - [MESSAGE][WARNING] - Timeout '0' is invalid. Using default page load timeout: '60'

2022-01-19 10:20:06 - [MESSAGE][PASSED] - Tapped on element 'Object Repository/Mobile/Page/Login/Input - Password'

2022-01-19 10:20:06 - [TEST_STEP][PASSED] - delay(1): Delayed 1 second(s)

2022-01-19 10:20:07 - [MESSAGE][PASSED] - Delayed 1 second(s)

2022-01-19 10:20:07 - [TEST_STEP][PASSED] - setText(LOGN_EdtRdyPassword, "Shalawa18", 0): Text 'Shalawa18' has been set to element 'Object Repository/Mobile/Page/Login/Input Rdy - Password'

2022-01-19 10:20:07 - [MESSAGE][WARNING] - Timeout '0' is invalid. Using default page load timeout: '60'

2022-01-19 10:20:08 - [MESSAGE][PASSED] - Text 'Shalawa18' has been set to element 'Object Repository/Mobile/Page/Login/Input Rdy - Password'

2022-01-19 10:20:08 - [TEST_STEP][PASSED] - delay(1): Delayed 1 second(s)

2022-01-19 10:20:09 - [MESSAGE][PASSED] - Delayed 1 second(s)

2022-01-19 10:20:09 - [TEST_STEP][PASSED] - hideKeyboard(): Keyboard is hidden

2022-01-19 10:20:15 - [MESSAGE][PASSED] - Keyboard is hidden

2022-01-19 10:20:15 - [TEST_STEP][PASSED] - tap(LOGN_BtnLogin, 0): Tapped on element 'Object Repository/Mobile/Page/Login/Button - Login'

2022-01-19 10:20:15 - [MESSAGE][WARNING] - Timeout '0' is invalid. Using default page load timeout: '60'

2022-01-19 10:20:17 - [MESSAGE][PASSED] - Tapped on element 'Object Repository/Mobile/Page/Login/Button - Login'

2022-01-19 10:20:17 - [TEST_STEP][PASSED] - delay(2): Delayed 2 second(s)

2022-01-19 10:20:19 - [MESSAGE][PASSED] - Delayed 2 second(s)

2022-01-19 10:20:19 - [TEST_STEP][PASSED] - verify = verifyElementExist(LOGN_AlertCheckYourNetwork, 5, STOP_ON_FAILURE): Element 'Object Repository/Mobile/Page/Login/Alert - Check your network' is exist

2022-01-19 10:20:19 - [MESSAGE][PASSED] - Element 'Object Repository/Mobile/Page/Login/Alert - Check your network' is exist

2022-01-19 10:20:19 - [TEST_STEP][PASSED] - scroll.scroll.scrollNotificationBar(): scroll.scroll.scrollNotificationBar is PASSED

2022-01-19 10:20:19 - [MESSAGE][PASSED] - Current device physical height is 1423

2022-01-19 10:20:21 - [MESSAGE][PASSED] - Swiped from 50,50 to 50,1,138

2022-01-19 10:20:21 - [MESSAGE][PASSED] - scroll.scroll.scrollNotificationBar is PASSED

2022-01-19 10:20:21 - [TEST_STEP][PASSED] - delay(1): Delayed 1 second(s)

2022-01-19 10:20:22 - [MESSAGE][PASSED] - Delayed 1 second(s)

2022-01-19 10:20:22 - [TEST_STEP][PASSED] - tap(OTHR_BtnWifi, 0): Tapped on element 'Object Repository/Mobile/Page/Others/Button - Wifi'

2022-01-19 10:20:22 - [MESSAGE][WARNING] - Timeout '0' is invalid. Using default page load timeout: '60'

2022-01-19 10:20:22 - [MESSAGE][PASSED] - Tapped on element 'Object Repository/Mobile/Page/Others/Button - Wifi'

2022-01-19 10:20:23 - [TEST_STEP][PASSED] - delay(1): Delayed 1 second(s)

2022-01-19 10:20:24 - [MESSAGE][PASSED] - Delayed 1 second(s)

2022-01-19 10:20:24 - [TEST_STEP][PASSED] - pressBack(): Press back button successfully

2022-01-19 10:20:24 - [MESSAGE][PASSED] - Press back button successfully

2022-01-19 10:20:24 - [TEST_STEP][PASSED] - break: null

2022-01-19 10:20:24 - [MESSAGE][PASSED] - Call Test Case 'Test Cases/Mobile/Page/Login/Login' successfully

2022-01-19 10:20:24 - [TEST_STEP][PASSED] - callTestCase(findTestCase("Mobile/Page/Run App/Terminate App"), [:], STOP_ON_FAILURE): Call Test Case 'Test Cases/Mobile/Page/Run App/Terminate App' successfully

2022-01-19 10:20:24 - [TEST_CASE][PASSED] - Test Cases/Mobile/Page/Run App/Terminate App: Test Cases/Mobile/Page/Run App/Terminate App

2022-01-19 10:20:24 - [TEST_STEP][PASSED] - startApp.OpenApp.terminateApplication(): startApp.OpenApp.terminateApplication is PASSED

2022-01-19 10:20:28 - [MESSAGE][PASSED] - Delayed 3 second(s)

2022-01-19 10:20:28 - [MESSAGE][PASSED] - Current device physical width is 720

2022-01-19 10:20:28 - [MESSAGE][PASSED] - Current device physical height is 1423

2022-01-19 10:20:30 - [MESSAGE][PASSED] - Swiped from 360,853 to 360,142

2022-01-19 10:20:31 - [MESSAGE][PASSED] - Delayed 1 second(s)

2022-01-19 10:20:32 - [MESSAGE][PASSED] - Swiped from 360,853 to 360,142

2022-01-19 10:20:35 - [MESSAGE][PASSED] - Delayed 3 second(s)

2022-01-19 10:20:35 - [MESSAGE][PASSED] - startApp.OpenApp.terminateApplication is PASSED

2022-01-19 10:20:35 - [MESSAGE][PASSED] - Call Test Case 'Test Cases/Mobile/Page/Run App/Terminate App' successfully]]></system-out>
         <system-err><![CDATA[]]></system-err>
      </testcase>
      <testcase name="Test Cases/Mobile/Scenario/Login/004 - Login dengan mengaktifkan visible password" time="45.115" classname="Test Cases/Mobile/Scenario/Login/004 - Login dengan mengaktifkan visible password" status="PASSED">
         <system-out><![CDATA[2022-01-19 10:20:35 - [TEST_CASE][PASSED] - Test Cases/Mobile/Scenario/Login/004 - Login dengan mengaktifkan visible password: Test Cases/Mobile/Scenario/Login/004 - Login dengan mengaktifkan visible password

2022-01-19 10:20:35 - [TEST_STEP][PASSED] - callTestCase(findTestCase("Mobile/Page/Run App/Run App byID"), [:], STOP_ON_FAILURE): Call Test Case 'Test Cases/Mobile/Page/Run App/Run App byID' successfully

2022-01-19 10:20:35 - [TEST_CASE][PASSED] - Test Cases/Mobile/Page/Run App/Run App byID: Test Cases/Mobile/Page/Run App/Run App byID

2022-01-19 10:20:35 - [TEST_STEP][PASSED] - startApp.OpenApp.startApplication("id.co.miraeasset.sageclub"): startApp.OpenApp.startApplication is PASSED

2022-01-19 10:20:47 - [MESSAGE][PASSED] - Starting app with application ID: 'id.co.miraeasset.sageclub'

2022-01-19 10:20:47 - [MESSAGE][PASSED] - startApp.OpenApp.startApplication is PASSED

2022-01-19 10:20:47 - [MESSAGE][PASSED] - Call Test Case 'Test Cases/Mobile/Page/Run App/Run App byID' successfully

2022-01-19 10:20:47 - [TEST_STEP][PASSED] - callTestCase(findTestCase("Mobile/Page/Login/Login"), ["action":"visiblepassword"], CONTINUE_ON_FAILURE): Call Test Case 'Test Cases/Mobile/Page/Login/Login' successfully

2022-01-19 10:20:47 - [TEST_CASE][PASSED] - Test Cases/Mobile/Page/Login/Login: Test Cases/Mobile/Page/Login/Login

2022-01-19 10:20:47 - [TEST_STEP][PASSED] - delay(2): Delayed 2 second(s)

2022-01-19 10:20:49 - [MESSAGE][PASSED] - Delayed 2 second(s)

2022-01-19 10:20:49 - [TEST_STEP][PASSED] - for ([i = 0, i < 1, (i++)]): null

2022-01-19 10:20:49 - [TEST_STEP][PASSED] - if (action == "username"): null

2022-01-19 10:20:49 - [TEST_STEP][PASSED] - else if (action == "wrongpassword"): null

2022-01-19 10:20:49 - [TEST_STEP][PASSED] - else if (action == "nointernet"): null

2022-01-19 10:20:49 - [TEST_STEP][PASSED] - else if (action == "visiblepassword"): null

2022-01-19 10:20:49 - [TEST_STEP][PASSED] - tap(LOGN_EdtUserID, 0): Tapped on element 'Object Repository/Mobile/Page/Login/Input - UserID'

2022-01-19 10:20:49 - [MESSAGE][WARNING] - Timeout '0' is invalid. Using default page load timeout: '60'

2022-01-19 10:20:50 - [MESSAGE][PASSED] - Tapped on element 'Object Repository/Mobile/Page/Login/Input - UserID'

2022-01-19 10:20:50 - [TEST_STEP][PASSED] - delay(1): Delayed 1 second(s)

2022-01-19 10:20:51 - [MESSAGE][PASSED] - Delayed 1 second(s)

2022-01-19 10:20:51 - [TEST_STEP][PASSED] - setText(LOGN_EdtRdyUserID, "anggaaditya", 0): Text 'anggaaditya' has been set to element 'Object Repository/Mobile/Page/Login/Input Rdy - UserID'

2022-01-19 10:20:51 - [MESSAGE][WARNING] - Timeout '0' is invalid. Using default page load timeout: '60'

2022-01-19 10:20:52 - [MESSAGE][PASSED] - Text 'anggaaditya' has been set to element 'Object Repository/Mobile/Page/Login/Input Rdy - UserID'

2022-01-19 10:20:52 - [TEST_STEP][PASSED] - delay(1): Delayed 1 second(s)

2022-01-19 10:20:53 - [MESSAGE][PASSED] - Delayed 1 second(s)

2022-01-19 10:20:53 - [TEST_STEP][PASSED] - hideKeyboard(): Keyboard is hidden

2022-01-19 10:20:57 - [MESSAGE][PASSED] - Keyboard is hidden

2022-01-19 10:20:57 - [TEST_STEP][PASSED] - top = getElementTopPosition(LOGN_EdtPassword, 0): Object 'Object Repository/Mobile/Page/Login/Input - Password' has top position '758'

2022-01-19 10:20:57 - [MESSAGE][WARNING] - Timeout '0' is invalid. Using default page load timeout: '60'

2022-01-19 10:20:57 - [MESSAGE][PASSED] - Object 'Object Repository/Mobile/Page/Login/Input - Password' has top position '758'

2022-01-19 10:20:57 - [TEST_STEP][PASSED] - left = getElementLeftPosition(LOGN_EdtPassword, 0): Object 'Object Repository/Mobile/Page/Login/Input - Password' has left position '32'

2022-01-19 10:20:57 - [MESSAGE][WARNING] - Timeout '0' is invalid. Using default page load timeout: '60'

2022-01-19 10:20:57 - [MESSAGE][PASSED] - Object 'Object Repository/Mobile/Page/Login/Input - Password' has left position '32'

2022-01-19 10:20:57 - [TEST_STEP][PASSED] - x = left + getElementWidth(LOGN_EdtPassword, 0) * 0.9: Object 'Object Repository/Mobile/Page/Login/Input - Password' has width: '657'

2022-01-19 10:20:57 - [MESSAGE][WARNING] - Timeout '0' is invalid. Using default page load timeout: '60'

2022-01-19 10:20:57 - [MESSAGE][PASSED] - Object 'Object Repository/Mobile/Page/Login/Input - Password' has width: '657'

2022-01-19 10:20:57 - [TEST_STEP][PASSED] - y = top + getElementHeight(LOGN_EdtPassword, 0) / 2: Object 'Object Repository/Mobile/Page/Login/Input - Password' has height: '84'

2022-01-19 10:20:57 - [MESSAGE][WARNING] - Timeout '0' is invalid. Using default page load timeout: '60'

2022-01-19 10:20:57 - [MESSAGE][PASSED] - Object 'Object Repository/Mobile/Page/Login/Input - Password' has height: '84'

2022-01-19 10:20:57 - [TEST_STEP][PASSED] - tapAtPosition(x, y): Tapped at [623, 800]

2022-01-19 10:20:58 - [MESSAGE][PASSED] - Tapped at [623, 800]

2022-01-19 10:20:58 - [TEST_STEP][PASSED] - delay(1): Delayed 1 second(s)

2022-01-19 10:20:59 - [MESSAGE][PASSED] - Delayed 1 second(s)

2022-01-19 10:20:59 - [TEST_STEP][PASSED] - tap(LOGN_EdtPassword, 0): Tapped on element 'Object Repository/Mobile/Page/Login/Input - Password'

2022-01-19 10:20:59 - [MESSAGE][WARNING] - Timeout '0' is invalid. Using default page load timeout: '60'

2022-01-19 10:21:00 - [MESSAGE][PASSED] - Tapped on element 'Object Repository/Mobile/Page/Login/Input - Password'

2022-01-19 10:21:00 - [TEST_STEP][PASSED] - delay(1): Delayed 1 second(s)

2022-01-19 10:21:01 - [MESSAGE][PASSED] - Delayed 1 second(s)

2022-01-19 10:21:01 - [TEST_STEP][PASSED] - setText(LOGN_EdtRdyPassword, "Shalawa18", 0): Text 'Shalawa18' has been set to element 'Object Repository/Mobile/Page/Login/Input Rdy - Password'

2022-01-19 10:21:01 - [MESSAGE][WARNING] - Timeout '0' is invalid. Using default page load timeout: '60'

2022-01-19 10:21:02 - [MESSAGE][PASSED] - Text 'Shalawa18' has been set to element 'Object Repository/Mobile/Page/Login/Input Rdy - Password'

2022-01-19 10:21:02 - [TEST_STEP][PASSED] - delay(1): Delayed 1 second(s)

2022-01-19 10:21:03 - [MESSAGE][PASSED] - Delayed 1 second(s)

2022-01-19 10:21:03 - [TEST_STEP][PASSED] - hideKeyboard(): Keyboard is hidden

2022-01-19 10:21:06 - [MESSAGE][PASSED] - Keyboard is hidden

2022-01-19 10:21:06 - [TEST_STEP][PASSED] - tap(LOGN_BtnLogin, 0): Tapped on element 'Object Repository/Mobile/Page/Login/Button - Login'

2022-01-19 10:21:06 - [MESSAGE][WARNING] - Timeout '0' is invalid. Using default page load timeout: '60'

2022-01-19 10:21:07 - [MESSAGE][PASSED] - Tapped on element 'Object Repository/Mobile/Page/Login/Button - Login'

2022-01-19 10:21:07 - [TEST_STEP][PASSED] - delay(2): Delayed 2 second(s)

2022-01-19 10:21:09 - [MESSAGE][PASSED] - Delayed 2 second(s)

2022-01-19 10:21:09 - [TEST_STEP][PASSED] - break: null

2022-01-19 10:21:09 - [MESSAGE][PASSED] - Call Test Case 'Test Cases/Mobile/Page/Login/Login' successfully

2022-01-19 10:21:09 - [TEST_STEP][PASSED] - callTestCase(findTestCase("Mobile/Page/Run App/Terminate App"), [:], STOP_ON_FAILURE): Call Test Case 'Test Cases/Mobile/Page/Run App/Terminate App' successfully

2022-01-19 10:21:09 - [TEST_CASE][PASSED] - Test Cases/Mobile/Page/Run App/Terminate App: Test Cases/Mobile/Page/Run App/Terminate App

2022-01-19 10:21:09 - [TEST_STEP][PASSED] - startApp.OpenApp.terminateApplication(): startApp.OpenApp.terminateApplication is PASSED

2022-01-19 10:21:13 - [MESSAGE][PASSED] - Delayed 3 second(s)

2022-01-19 10:21:13 - [MESSAGE][PASSED] - Current device physical width is 720

2022-01-19 10:21:13 - [MESSAGE][PASSED] - Current device physical height is 1423

2022-01-19 10:21:15 - [MESSAGE][PASSED] - Swiped from 360,853 to 360,142

2022-01-19 10:21:16 - [MESSAGE][PASSED] - Delayed 1 second(s)

2022-01-19 10:21:17 - [MESSAGE][PASSED] - Swiped from 360,853 to 360,142

2022-01-19 10:21:20 - [MESSAGE][PASSED] - Delayed 3 second(s)

2022-01-19 10:21:20 - [MESSAGE][PASSED] - startApp.OpenApp.terminateApplication is PASSED

2022-01-19 10:21:20 - [MESSAGE][PASSED] - Call Test Case 'Test Cases/Mobile/Page/Run App/Terminate App' successfully]]></system-out>
         <system-err><![CDATA[]]></system-err>
      </testcase>
      <testcase name="Test Cases/Mobile/Scenario/Login/005 - Login menggunakan username dengan membatalkan fingerprint" time="48.175" classname="Test Cases/Mobile/Scenario/Login/005 - Login menggunakan username dengan membatalkan fingerprint" status="PASSED">
         <system-out><![CDATA[2022-01-19 10:21:20 - [TEST_CASE][PASSED] - Test Cases/Mobile/Scenario/Login/005 - Login menggunakan username dengan membatalkan fingerprint: Test Cases/Mobile/Scenario/Login/005 - Login menggunakan username dengan membatalkan fingerprint

2022-01-19 10:21:20 - [TEST_STEP][PASSED] - callTestCase(findTestCase("Mobile/Page/Run App/Run App byID"), [:], STOP_ON_FAILURE): Call Test Case 'Test Cases/Mobile/Page/Run App/Run App byID' successfully

2022-01-19 10:21:20 - [TEST_CASE][PASSED] - Test Cases/Mobile/Page/Run App/Run App byID: Test Cases/Mobile/Page/Run App/Run App byID

2022-01-19 10:21:20 - [TEST_STEP][PASSED] - startApp.OpenApp.startApplication("id.co.miraeasset.sageclub"): startApp.OpenApp.startApplication is PASSED

2022-01-19 10:21:33 - [MESSAGE][PASSED] - Starting app with application ID: 'id.co.miraeasset.sageclub'

2022-01-19 10:21:33 - [MESSAGE][PASSED] - startApp.OpenApp.startApplication is PASSED

2022-01-19 10:21:33 - [MESSAGE][PASSED] - Call Test Case 'Test Cases/Mobile/Page/Run App/Run App byID' successfully

2022-01-19 10:21:33 - [TEST_STEP][PASSED] - callTestCase(findTestCase("Mobile/Page/Login/Login"), ["action":"cancelfingerprint"], CONTINUE_ON_FAILURE): Call Test Case 'Test Cases/Mobile/Page/Login/Login' successfully

2022-01-19 10:21:33 - [TEST_CASE][PASSED] - Test Cases/Mobile/Page/Login/Login: Test Cases/Mobile/Page/Login/Login

2022-01-19 10:21:33 - [TEST_STEP][PASSED] - delay(2): Delayed 2 second(s)

2022-01-19 10:21:35 - [MESSAGE][PASSED] - Delayed 2 second(s)

2022-01-19 10:21:35 - [TEST_STEP][PASSED] - for ([i = 0, i < 1, (i++)]): Delayed 2 second(s)

2022-01-19 10:21:35 - [TEST_STEP][PASSED] - if (action == "username"): null

2022-01-19 10:21:35 - [TEST_STEP][PASSED] - else if (action == "wrongpassword"): null

2022-01-19 10:21:35 - [TEST_STEP][PASSED] - else if (action == "nointernet"): null

2022-01-19 10:21:35 - [TEST_STEP][PASSED] - else if (action == "visiblepassword"): null

2022-01-19 10:21:35 - [TEST_STEP][PASSED] - else if (action == "cancelfingerprint"): Delayed 2 second(s)

2022-01-19 10:21:35 - [TEST_STEP][PASSED] - tap(LOGN_BtnFingerprint, 0): Tapped on element 'Object Repository/Mobile/Page/Login/Button - Fingerprint'

2022-01-19 10:21:35 - [MESSAGE][WARNING] - Timeout '0' is invalid. Using default page load timeout: '60'

2022-01-19 10:21:36 - [MESSAGE][PASSED] - Tapped on element 'Object Repository/Mobile/Page/Login/Button - Fingerprint'

2022-01-19 10:21:36 - [TEST_STEP][PASSED] - delay(1): Delayed 1 second(s)

2022-01-19 10:21:37 - [MESSAGE][PASSED] - Delayed 1 second(s)

2022-01-19 10:21:37 - [TEST_STEP][PASSED] - pressBack(): Press back button successfully

2022-01-19 10:21:37 - [MESSAGE][PASSED] - Press back button successfully

2022-01-19 10:21:37 - [TEST_STEP][PASSED] - delay(1): Delayed 1 second(s)

2022-01-19 10:21:38 - [MESSAGE][PASSED] - Delayed 1 second(s)

2022-01-19 10:21:38 - [TEST_STEP][PASSED] - tap(LOGN_EdtUserID, 0): Tapped on element 'Object Repository/Mobile/Page/Login/Input - UserID'

2022-01-19 10:21:38 - [MESSAGE][WARNING] - Timeout '0' is invalid. Using default page load timeout: '60'

2022-01-19 10:21:39 - [MESSAGE][PASSED] - Tapped on element 'Object Repository/Mobile/Page/Login/Input - UserID'

2022-01-19 10:21:39 - [TEST_STEP][PASSED] - delay(1): Delayed 1 second(s)

2022-01-19 10:21:40 - [MESSAGE][PASSED] - Delayed 1 second(s)

2022-01-19 10:21:40 - [TEST_STEP][PASSED] - setText(LOGN_EdtRdyUserID, "anggaaditya", 0): Text 'anggaaditya' has been set to element 'Object Repository/Mobile/Page/Login/Input Rdy - UserID'

2022-01-19 10:21:40 - [MESSAGE][WARNING] - Timeout '0' is invalid. Using default page load timeout: '60'

2022-01-19 10:21:40 - [MESSAGE][PASSED] - Text 'anggaaditya' has been set to element 'Object Repository/Mobile/Page/Login/Input Rdy - UserID'

2022-01-19 10:21:40 - [TEST_STEP][PASSED] - delay(1): Delayed 1 second(s)

2022-01-19 10:21:41 - [MESSAGE][PASSED] - Delayed 1 second(s)

2022-01-19 10:21:41 - [TEST_STEP][PASSED] - hideKeyboard(): Keyboard is hidden

2022-01-19 10:21:45 - [MESSAGE][PASSED] - Keyboard is hidden

2022-01-19 10:21:45 - [TEST_STEP][PASSED] - tap(LOGN_EdtPassword, 0): Tapped on element 'Object Repository/Mobile/Page/Login/Input - Password'

2022-01-19 10:21:45 - [MESSAGE][WARNING] - Timeout '0' is invalid. Using default page load timeout: '60'

2022-01-19 10:21:46 - [MESSAGE][PASSED] - Tapped on element 'Object Repository/Mobile/Page/Login/Input - Password'

2022-01-19 10:21:46 - [TEST_STEP][PASSED] - delay(1): Delayed 1 second(s)

2022-01-19 10:21:47 - [MESSAGE][PASSED] - Delayed 1 second(s)

2022-01-19 10:21:47 - [TEST_STEP][PASSED] - setText(LOGN_EdtRdyPassword, "Shalawa18", 0): Text 'Shalawa18' has been set to element 'Object Repository/Mobile/Page/Login/Input Rdy - Password'

2022-01-19 10:21:47 - [MESSAGE][WARNING] - Timeout '0' is invalid. Using default page load timeout: '60'

2022-01-19 10:21:47 - [MESSAGE][PASSED] - Text 'Shalawa18' has been set to element 'Object Repository/Mobile/Page/Login/Input Rdy - Password'

2022-01-19 10:21:47 - [TEST_STEP][PASSED] - delay(1): Delayed 1 second(s)

2022-01-19 10:21:48 - [MESSAGE][PASSED] - Delayed 1 second(s)

2022-01-19 10:21:48 - [TEST_STEP][PASSED] - hideKeyboard(): Keyboard is hidden

2022-01-19 10:21:55 - [MESSAGE][PASSED] - Keyboard is hidden

2022-01-19 10:21:55 - [TEST_STEP][PASSED] - tap(LOGN_BtnLogin, 0): Tapped on element 'Object Repository/Mobile/Page/Login/Button - Login'

2022-01-19 10:21:55 - [MESSAGE][WARNING] - Timeout '0' is invalid. Using default page load timeout: '60'

2022-01-19 10:21:56 - [MESSAGE][PASSED] - Tapped on element 'Object Repository/Mobile/Page/Login/Button - Login'

2022-01-19 10:21:56 - [TEST_STEP][PASSED] - delay(2): Delayed 2 second(s)

2022-01-19 10:21:58 - [MESSAGE][PASSED] - Delayed 2 second(s)

2022-01-19 10:21:58 - [MESSAGE][PASSED] - Call Test Case 'Test Cases/Mobile/Page/Login/Login' successfully

2022-01-19 10:21:58 - [TEST_STEP][PASSED] - callTestCase(findTestCase("Mobile/Page/Run App/Terminate App"), [:], STOP_ON_FAILURE): Call Test Case 'Test Cases/Mobile/Page/Run App/Terminate App' successfully

2022-01-19 10:21:58 - [TEST_CASE][PASSED] - Test Cases/Mobile/Page/Run App/Terminate App: Test Cases/Mobile/Page/Run App/Terminate App

2022-01-19 10:21:58 - [TEST_STEP][PASSED] - startApp.OpenApp.terminateApplication(): startApp.OpenApp.terminateApplication is PASSED

2022-01-19 10:22:01 - [MESSAGE][PASSED] - Delayed 3 second(s)

2022-01-19 10:22:01 - [MESSAGE][PASSED] - Current device physical width is 720

2022-01-19 10:22:02 - [MESSAGE][PASSED] - Current device physical height is 1423

2022-01-19 10:22:03 - [MESSAGE][PASSED] - Swiped from 360,853 to 360,142

2022-01-19 10:22:04 - [MESSAGE][PASSED] - Delayed 1 second(s)

2022-01-19 10:22:05 - [MESSAGE][PASSED] - Swiped from 360,853 to 360,142

2022-01-19 10:22:08 - [MESSAGE][PASSED] - Delayed 3 second(s)

2022-01-19 10:22:08 - [MESSAGE][PASSED] - startApp.OpenApp.terminateApplication is PASSED

2022-01-19 10:22:08 - [MESSAGE][PASSED] - Call Test Case 'Test Cases/Mobile/Page/Run App/Terminate App' successfully]]></system-out>
         <system-err><![CDATA[]]></system-err>
      </testcase>
      <system-out><![CDATA[2022-01-19 10:17:41 - [TEST_SUITE][PASSED] - login: Test Cases/Mobile/Scenario/Login/005 - Login menggunakan username dengan membatalkan fingerprint]]></system-out>
      <system-err><![CDATA[]]></system-err>
   </testsuite>
</testsuites>
