<?xml version="1.0" encoding="UTF-8"?>
<testsuites name="analysis" time="462.953" tests="7" failures="0" skips="0" errors="0">
   <testsuite name="analysis" tests="7" failures="0" errors="0" time="462.953" skips="0" timestamp="2022-01-24 10:22:06" hostname="Owner - aldy-tft" id="Test Suites/analysis">
      <properties>
         <property name="deviceName" value="samsung SM-A205F (Android 11)"/>
         <property name="devicePlatform" value=""/>
         <property name="logFolder" value="C:\\Users\\Owner\\Documents\\kerjaan\\KatalonProject\\qa_katalon_pwm\\qa_katalon_pwm\\Reports\\20220124_102159\\analysis\\20220124_102159"/>
         <property name="logFiles" value="C:\\Users\\Owner\\Documents\\kerjaan\\KatalonProject\\qa_katalon_pwm\\qa_katalon_pwm\\Reports\\20220124_102159\\analysis\\20220124_102159\\appium.log, C:\\Users\\Owner\\Documents\\kerjaan\\KatalonProject\\qa_katalon_pwm\\qa_katalon_pwm\\Reports\\20220124_102159\\analysis\\20220124_102159\\execution0.log"/>
         <property name="attachments" value=""/>
         <property name="hostName" value="Owner - aldy-tft"/>
         <property name="os" value="Windows 10 64bit"/>
         <property name="appiumServerStatus" value="{&quot;value&quot;:{&quot;build&quot;:{&quot;version&quot;:&quot;1.22.0&quot;}},&quot;sessionId&quot;:null,&quot;status&quot;:0}"/>
         <property name="katalonVersion" value="7.9.1.208"/>
         <property name="deviceOS" value="Android"/>
         <property name="appiumVersion" value="1.22.0"/>
         <property name="deviceModel" value="SM-A205F"/>
         <property name="hostAddress" value="192.168.18.37"/>
         <property name="deviceManufacturer" value="samsung"/>
         <property name="deviceId" value="RR8M40C9AXE"/>
         <property name="deviceName" value="samsung SM-A205F (Android 11)"/>
         <property name="deviceOSVersion" value="11"/>
      </properties>
      <testcase name="Test Cases/Mobile/Scenario/Analysis/001 - Melihat list stock technical analysis" time="91.921" classname="Test Cases/Mobile/Scenario/Analysis/001 - Melihat list stock technical analysis" status="PASSED">
         <system-out><![CDATA[2022-01-24 10:22:07 - [TEST_CASE][PASSED] - Test Cases/Mobile/Scenario/Analysis/001 - Melihat list stock technical analysis: Test Cases/Mobile/Scenario/Analysis/001 - Melihat list stock technical analysis

2022-01-24 10:22:07 - [TEST_STEP][PASSED] - callTestCase(findTestCase("Mobile/Page/Run App/Run App byID"), [:], STOP_ON_FAILURE): Call Test Case 'Test Cases/Mobile/Page/Run App/Run App byID' successfully

2022-01-24 10:22:07 - [TEST_CASE][PASSED] - Test Cases/Mobile/Page/Run App/Run App byID: Test Cases/Mobile/Page/Run App/Run App byID

2022-01-24 10:22:08 - [TEST_STEP][PASSED] - startApp.OpenApp.startApplication("id.co.miraeasset.sageclub"): startApp.OpenApp.startApplication is PASSED

2022-01-24 10:22:09 - [MESSAGE][INFO] - Appium server started on port 56,629

2022-01-24 10:22:24 - [MESSAGE][PASSED] - Starting app with application ID: 'id.co.miraeasset.sageclub'

2022-01-24 10:22:24 - [MESSAGE][PASSED] - startApp.OpenApp.startApplication is PASSED

2022-01-24 10:22:24 - [MESSAGE][PASSED] - Call Test Case 'Test Cases/Mobile/Page/Run App/Run App byID' successfully

2022-01-24 10:22:24 - [TEST_STEP][PASSED] - callTestCase(findTestCase("Mobile/Page/Analysis/Analysis"), ["action":"technicalsearch"], CONTINUE_ON_FAILURE): Call Test Case 'Test Cases/Mobile/Page/Analysis/Analysis' successfully

2022-01-24 10:22:24 - [TEST_CASE][PASSED] - Test Cases/Mobile/Page/Analysis/Analysis: Test Cases/Mobile/Page/Analysis/Analysis

2022-01-24 10:22:24 - [TEST_STEP][PASSED] - callTestCase(findTestCase("Mobile/Page/CheckLogin"), [:], CONTINUE_ON_FAILURE): Call Test Case 'Test Cases/Mobile/Page/CheckLogin' successfully

2022-01-24 10:22:24 - [TEST_CASE][PASSED] - Test Cases/Mobile/Page/CheckLogin: Test Cases/Mobile/Page/CheckLogin

2022-01-24 10:22:25 - [TEST_STEP][PASSED] - loginCheck = verifyElementExist(LOGN_BtnLogin, 5, CONTINUE_ON_FAILURE): Element 'Object Repository/Mobile/Page/Login/Button - Login' is exist

2022-01-24 10:22:40 - [MESSAGE][PASSED] - Element 'Object Repository/Mobile/Page/Login/Button - Login' is exist

2022-01-24 10:22:40 - [TEST_STEP][PASSED] - if (loginCheck): Call Test Case 'Test Cases/Mobile/Page/Login/Login' successfully

2022-01-24 10:22:40 - [TEST_STEP][PASSED] - callTestCase(findTestCase("Mobile/Page/Login/Login"), ["action":"username"], CONTINUE_ON_FAILURE): Call Test Case 'Test Cases/Mobile/Page/Login/Login' successfully

2022-01-24 10:22:40 - [TEST_CASE][PASSED] - Test Cases/Mobile/Page/Login/Login: Test Cases/Mobile/Page/Login/Login

2022-01-24 10:22:40 - [TEST_STEP][PASSED] - delay(2): Delayed 2 second(s)

2022-01-24 10:22:42 - [MESSAGE][PASSED] - Delayed 2 second(s)

2022-01-24 10:22:42 - [TEST_STEP][PASSED] - for ([i = 0, i < 1, (i++)]): null

2022-01-24 10:22:42 - [TEST_STEP][PASSED] - if (action == "username"): null

2022-01-24 10:22:42 - [TEST_STEP][PASSED] - tap(LOGN_EdtUserID, 0): Tapped on element 'Object Repository/Mobile/Page/Login/Input - UserID'

2022-01-24 10:22:42 - [MESSAGE][WARNING] - Timeout '0' is invalid. Using default page load timeout: '60'

2022-01-24 10:22:42 - [MESSAGE][PASSED] - Tapped on element 'Object Repository/Mobile/Page/Login/Input - UserID'

2022-01-24 10:22:42 - [TEST_STEP][PASSED] - delay(1): Delayed 1 second(s)

2022-01-24 10:22:43 - [MESSAGE][PASSED] - Delayed 1 second(s)

2022-01-24 10:22:43 - [TEST_STEP][PASSED] - setText(LOGN_EdtRdyUserID, "anggaaditya", 0): Text 'anggaaditya' has been set to element 'Object Repository/Mobile/Page/Login/Input Rdy - UserID'

2022-01-24 10:22:43 - [MESSAGE][WARNING] - Timeout '0' is invalid. Using default page load timeout: '60'

2022-01-24 10:22:44 - [MESSAGE][PASSED] - Text 'anggaaditya' has been set to element 'Object Repository/Mobile/Page/Login/Input Rdy - UserID'

2022-01-24 10:22:44 - [TEST_STEP][PASSED] - delay(1): Delayed 1 second(s)

2022-01-24 10:22:45 - [MESSAGE][PASSED] - Delayed 1 second(s)

2022-01-24 10:22:45 - [TEST_STEP][PASSED] - hideKeyboard(): Keyboard is hidden

2022-01-24 10:22:49 - [MESSAGE][PASSED] - Keyboard is hidden

2022-01-24 10:22:49 - [TEST_STEP][PASSED] - tap(LOGN_EdtPassword, 0): Tapped on element 'Object Repository/Mobile/Page/Login/Input - Password'

2022-01-24 10:22:49 - [MESSAGE][WARNING] - Timeout '0' is invalid. Using default page load timeout: '60'

2022-01-24 10:22:50 - [MESSAGE][PASSED] - Tapped on element 'Object Repository/Mobile/Page/Login/Input - Password'

2022-01-24 10:22:50 - [TEST_STEP][PASSED] - delay(1): Delayed 1 second(s)

2022-01-24 10:22:51 - [MESSAGE][PASSED] - Delayed 1 second(s)

2022-01-24 10:22:51 - [TEST_STEP][PASSED] - setText(LOGN_EdtRdyPassword, "Shalawa18", 0): Text 'Shalawa18' has been set to element 'Object Repository/Mobile/Page/Login/Input Rdy - Password'

2022-01-24 10:22:51 - [MESSAGE][WARNING] - Timeout '0' is invalid. Using default page load timeout: '60'

2022-01-24 10:22:52 - [MESSAGE][PASSED] - Text 'Shalawa18' has been set to element 'Object Repository/Mobile/Page/Login/Input Rdy - Password'

2022-01-24 10:22:52 - [TEST_STEP][PASSED] - delay(1): Delayed 1 second(s)

2022-01-24 10:22:53 - [MESSAGE][PASSED] - Delayed 1 second(s)

2022-01-24 10:22:53 - [TEST_STEP][PASSED] - hideKeyboard(): Keyboard is hidden

2022-01-24 10:23:00 - [MESSAGE][PASSED] - Keyboard is hidden

2022-01-24 10:23:00 - [TEST_STEP][PASSED] - tap(LOGN_BtnLogin, 0): Tapped on element 'Object Repository/Mobile/Page/Login/Button - Login'

2022-01-24 10:23:00 - [MESSAGE][WARNING] - Timeout '0' is invalid. Using default page load timeout: '60'

2022-01-24 10:23:01 - [MESSAGE][PASSED] - Tapped on element 'Object Repository/Mobile/Page/Login/Button - Login'

2022-01-24 10:23:01 - [TEST_STEP][PASSED] - delay(2): Delayed 2 second(s)

2022-01-24 10:23:03 - [MESSAGE][PASSED] - Delayed 2 second(s)

2022-01-24 10:23:03 - [TEST_STEP][PASSED] - break: null

2022-01-24 10:23:03 - [MESSAGE][PASSED] - Call Test Case 'Test Cases/Mobile/Page/Login/Login' successfully

2022-01-24 10:23:03 - [MESSAGE][PASSED] - Call Test Case 'Test Cases/Mobile/Page/CheckLogin' successfully

2022-01-24 10:23:03 - [TEST_STEP][PASSED] - tap(HOME_MenubarAnalysis, 0): Tapped on element 'Object Repository/Mobile/Page/Home/Menubar - Analysis'

2022-01-24 10:23:03 - [MESSAGE][WARNING] - Timeout '0' is invalid. Using default page load timeout: '60'

2022-01-24 10:23:05 - [MESSAGE][PASSED] - Tapped on element 'Object Repository/Mobile/Page/Home/Menubar - Analysis'

2022-01-24 10:23:05 - [TEST_STEP][PASSED] - delay(3): Delayed 3 second(s)

2022-01-24 10:23:08 - [MESSAGE][PASSED] - Delayed 3 second(s)

2022-01-24 10:23:08 - [TEST_STEP][PASSED] - for ([i = 0, i < 1, (i++)]): Delayed 2 second(s)

2022-01-24 10:23:08 - [TEST_STEP][PASSED] - if (action == "technicalsearch"): Delayed 2 second(s)

2022-01-24 10:23:08 - [TEST_STEP][PASSED] - tap(ANAL_DropTechIndicator, 0): Tapped on element 'Object Repository/Mobile/Page/Analysis/Dropdown - Technical Indicator'

2022-01-24 10:23:08 - [MESSAGE][WARNING] - Timeout '0' is invalid. Using default page load timeout: '60'

2022-01-24 10:23:09 - [MESSAGE][PASSED] - Tapped on element 'Object Repository/Mobile/Page/Analysis/Dropdown - Technical Indicator'

2022-01-24 10:23:09 - [TEST_STEP][PASSED] - delay(1): Delayed 1 second(s)

2022-01-24 10:23:10 - [MESSAGE][PASSED] - Delayed 1 second(s)

2022-01-24 10:23:10 - [TEST_STEP][PASSED] - tap(ANAL_OptTechIndicatorAll, 0): Tapped on element 'Object Repository/Mobile/Page/Analysis/Option Technical Indicator - All'

2022-01-24 10:23:10 - [MESSAGE][WARNING] - Timeout '0' is invalid. Using default page load timeout: '60'

2022-01-24 10:23:11 - [MESSAGE][PASSED] - Tapped on element 'Object Repository/Mobile/Page/Analysis/Option Technical Indicator - All'

2022-01-24 10:23:11 - [TEST_STEP][PASSED] - delay(1): Delayed 1 second(s)

2022-01-24 10:23:12 - [MESSAGE][PASSED] - Delayed 1 second(s)

2022-01-24 10:23:12 - [TEST_STEP][PASSED] - tap(ANAL_DropMarketCap, 0): Tapped on element 'Object Repository/Mobile/Page/Analysis/Dropdown - Market Cap'

2022-01-24 10:23:12 - [MESSAGE][WARNING] - Timeout '0' is invalid. Using default page load timeout: '60'

2022-01-24 10:23:13 - [MESSAGE][PASSED] - Tapped on element 'Object Repository/Mobile/Page/Analysis/Dropdown - Market Cap'

2022-01-24 10:23:13 - [TEST_STEP][PASSED] - delay(1): Delayed 1 second(s)

2022-01-24 10:23:14 - [MESSAGE][PASSED] - Delayed 1 second(s)

2022-01-24 10:23:14 - [TEST_STEP][PASSED] - tap(ANAL_OptMarketCap1T, 0): Tapped on element 'Object Repository/Mobile/Page/Analysis/Option Market Cap - 1 Trillion'

2022-01-24 10:23:14 - [MESSAGE][WARNING] - Timeout '0' is invalid. Using default page load timeout: '60'

2022-01-24 10:23:15 - [MESSAGE][PASSED] - Tapped on element 'Object Repository/Mobile/Page/Analysis/Option Market Cap - 1 Trillion'

2022-01-24 10:23:15 - [TEST_STEP][PASSED] - delay(1): Delayed 1 second(s)

2022-01-24 10:23:16 - [MESSAGE][PASSED] - Delayed 1 second(s)

2022-01-24 10:23:16 - [TEST_STEP][PASSED] - tap(ANAL_DropTransaction, 0): Tapped on element 'Object Repository/Mobile/Page/Analysis/Dropdown - Transaction'

2022-01-24 10:23:16 - [MESSAGE][WARNING] - Timeout '0' is invalid. Using default page load timeout: '60'

2022-01-24 10:23:17 - [MESSAGE][PASSED] - Tapped on element 'Object Repository/Mobile/Page/Analysis/Dropdown - Transaction'

2022-01-24 10:23:17 - [TEST_STEP][PASSED] - delay(1): Delayed 1 second(s)

2022-01-24 10:23:18 - [MESSAGE][PASSED] - Delayed 1 second(s)

2022-01-24 10:23:18 - [TEST_STEP][PASSED] - tap(ANAL_OptTransaction10B, 0): Tapped on element 'Object Repository/Mobile/Page/Analysis/Option Transaction - 10 Billion'

2022-01-24 10:23:18 - [MESSAGE][WARNING] - Timeout '0' is invalid. Using default page load timeout: '60'

2022-01-24 10:23:19 - [MESSAGE][PASSED] - Tapped on element 'Object Repository/Mobile/Page/Analysis/Option Transaction - 10 Billion'

2022-01-24 10:23:19 - [TEST_STEP][PASSED] - delay(1): Delayed 1 second(s)

2022-01-24 10:23:20 - [MESSAGE][PASSED] - Delayed 1 second(s)

2022-01-24 10:23:20 - [TEST_STEP][PASSED] - tap(ANAL_DropTimeFrame, 0): Tapped on element 'Object Repository/Mobile/Page/Analysis/Dropdown - Time Frame'

2022-01-24 10:23:20 - [MESSAGE][WARNING] - Timeout '0' is invalid. Using default page load timeout: '60'

2022-01-24 10:23:21 - [MESSAGE][PASSED] - Tapped on element 'Object Repository/Mobile/Page/Analysis/Dropdown - Time Frame'

2022-01-24 10:23:21 - [TEST_STEP][PASSED] - delay(1): Delayed 1 second(s)

2022-01-24 10:23:22 - [MESSAGE][PASSED] - Delayed 1 second(s)

2022-01-24 10:23:22 - [TEST_STEP][PASSED] - tap(ANAL_OptTimeFrameDaily, 0): Tapped on element 'Object Repository/Mobile/Page/Analysis/Option Time Frame - Daily'

2022-01-24 10:23:22 - [MESSAGE][WARNING] - Timeout '0' is invalid. Using default page load timeout: '60'

2022-01-24 10:23:23 - [MESSAGE][PASSED] - Tapped on element 'Object Repository/Mobile/Page/Analysis/Option Time Frame - Daily'

2022-01-24 10:23:23 - [TEST_STEP][PASSED] - delay(1): Delayed 1 second(s)

2022-01-24 10:23:24 - [MESSAGE][PASSED] - Delayed 1 second(s)

2022-01-24 10:23:24 - [TEST_STEP][PASSED] - tap(ANAL_DropIndex, 0): Tapped on element 'Object Repository/Mobile/Page/Analysis/Dropdown - Index'

2022-01-24 10:23:24 - [MESSAGE][WARNING] - Timeout '0' is invalid. Using default page load timeout: '60'

2022-01-24 10:23:24 - [MESSAGE][PASSED] - Tapped on element 'Object Repository/Mobile/Page/Analysis/Dropdown - Index'

2022-01-24 10:23:24 - [TEST_STEP][PASSED] - delay(1): Delayed 1 second(s)

2022-01-24 10:23:25 - [MESSAGE][PASSED] - Delayed 1 second(s)

2022-01-24 10:23:25 - [TEST_STEP][PASSED] - tap(ANAL_OptIndexIdx30, 0): Tapped on element 'Object Repository/Mobile/Page/Analysis/Option Index - Idx30'

2022-01-24 10:23:25 - [MESSAGE][WARNING] - Timeout '0' is invalid. Using default page load timeout: '60'

2022-01-24 10:23:26 - [MESSAGE][PASSED] - Tapped on element 'Object Repository/Mobile/Page/Analysis/Option Index - Idx30'

2022-01-24 10:23:26 - [TEST_STEP][PASSED] - delay(2): Delayed 2 second(s)

2022-01-24 10:23:28 - [MESSAGE][PASSED] - Delayed 2 second(s)

2022-01-24 10:23:28 - [MESSAGE][PASSED] - Call Test Case 'Test Cases/Mobile/Page/Analysis/Analysis' successfully

2022-01-24 10:23:28 - [TEST_STEP][PASSED] - callTestCase(findTestCase("Mobile/Page/Run App/Terminate App"), [:], STOP_ON_FAILURE): Call Test Case 'Test Cases/Mobile/Page/Run App/Terminate App' successfully

2022-01-24 10:23:28 - [TEST_CASE][PASSED] - Test Cases/Mobile/Page/Run App/Terminate App: Test Cases/Mobile/Page/Run App/Terminate App

2022-01-24 10:23:29 - [TEST_STEP][PASSED] - startApp.OpenApp.terminateApplication(): startApp.OpenApp.terminateApplication is PASSED

2022-01-24 10:23:32 - [MESSAGE][PASSED] - Delayed 3 second(s)

2022-01-24 10:23:32 - [MESSAGE][PASSED] - Current device physical width is 720

2022-01-24 10:23:32 - [MESSAGE][PASSED] - Current device physical height is 1423

2022-01-24 10:23:34 - [MESSAGE][PASSED] - Swiped from 360,853 to 360,142

2022-01-24 10:23:35 - [MESSAGE][PASSED] - Delayed 1 second(s)

2022-01-24 10:23:36 - [MESSAGE][PASSED] - Swiped from 360,853 to 360,142

2022-01-24 10:23:39 - [MESSAGE][PASSED] - Delayed 3 second(s)

2022-01-24 10:23:39 - [MESSAGE][PASSED] - startApp.OpenApp.terminateApplication is PASSED

2022-01-24 10:23:39 - [MESSAGE][PASSED] - Call Test Case 'Test Cases/Mobile/Page/Run App/Terminate App' successfully]]></system-out>
         <system-err><![CDATA[]]></system-err>
      </testcase>
      <testcase name="Test Cases/Mobile/Scenario/Analysis/002 - Melihat detail stock kategori day" time="62.071" classname="Test Cases/Mobile/Scenario/Analysis/002 - Melihat detail stock kategori day" status="PASSED">
         <system-out><![CDATA[2022-01-24 10:23:39 - [TEST_CASE][PASSED] - Test Cases/Mobile/Scenario/Analysis/002 - Melihat detail stock kategori day: Test Cases/Mobile/Scenario/Analysis/002 - Melihat detail stock kategori day

2022-01-24 10:23:39 - [TEST_STEP][PASSED] - callTestCase(findTestCase("Mobile/Page/Run App/Run App byID"), [:], STOP_ON_FAILURE): Call Test Case 'Test Cases/Mobile/Page/Run App/Run App byID' successfully

2022-01-24 10:23:39 - [TEST_CASE][PASSED] - Test Cases/Mobile/Page/Run App/Run App byID: Test Cases/Mobile/Page/Run App/Run App byID

2022-01-24 10:23:39 - [TEST_STEP][PASSED] - startApp.OpenApp.startApplication("id.co.miraeasset.sageclub"): startApp.OpenApp.startApplication is PASSED

2022-01-24 10:23:52 - [MESSAGE][PASSED] - Starting app with application ID: 'id.co.miraeasset.sageclub'

2022-01-24 10:23:52 - [MESSAGE][PASSED] - startApp.OpenApp.startApplication is PASSED

2022-01-24 10:23:52 - [MESSAGE][PASSED] - Call Test Case 'Test Cases/Mobile/Page/Run App/Run App byID' successfully

2022-01-24 10:23:52 - [TEST_STEP][PASSED] - callTestCase(findTestCase("Mobile/Page/Analysis/Analysis"), ["action":"technicaldetail", "action2":"day"], CONTINUE_ON_FAILURE): Call Test Case 'Test Cases/Mobile/Page/Analysis/Analysis' successfully

2022-01-24 10:23:52 - [TEST_CASE][PASSED] - Test Cases/Mobile/Page/Analysis/Analysis: Test Cases/Mobile/Page/Analysis/Analysis

2022-01-24 10:23:52 - [TEST_STEP][PASSED] - callTestCase(findTestCase("Mobile/Page/CheckLogin"), [:], CONTINUE_ON_FAILURE): Call Test Case 'Test Cases/Mobile/Page/CheckLogin' successfully

2022-01-24 10:23:52 - [TEST_CASE][PASSED] - Test Cases/Mobile/Page/CheckLogin: Test Cases/Mobile/Page/CheckLogin

2022-01-24 10:23:52 - [TEST_STEP][PASSED] - loginCheck = verifyElementExist(LOGN_BtnLogin, 5, CONTINUE_ON_FAILURE): Element 'Object Repository/Mobile/Page/Login/Button - Login' is exist

2022-01-24 10:23:55 - [MESSAGE][PASSED] - Element 'Object Repository/Mobile/Page/Login/Button - Login' is exist

2022-01-24 10:23:55 - [TEST_STEP][PASSED] - if (loginCheck): Call Test Case 'Test Cases/Mobile/Page/Login/Login' successfully

2022-01-24 10:23:55 - [TEST_STEP][PASSED] - callTestCase(findTestCase("Mobile/Page/Login/Login"), ["action":"username"], CONTINUE_ON_FAILURE): Call Test Case 'Test Cases/Mobile/Page/Login/Login' successfully

2022-01-24 10:23:55 - [TEST_CASE][PASSED] - Test Cases/Mobile/Page/Login/Login: Test Cases/Mobile/Page/Login/Login

2022-01-24 10:23:55 - [TEST_STEP][PASSED] - delay(2): Delayed 2 second(s)

2022-01-24 10:23:57 - [MESSAGE][PASSED] - Delayed 2 second(s)

2022-01-24 10:23:57 - [TEST_STEP][PASSED] - for ([i = 0, i < 1, (i++)]): null

2022-01-24 10:23:57 - [TEST_STEP][PASSED] - if (action == "username"): null

2022-01-24 10:23:57 - [TEST_STEP][PASSED] - tap(LOGN_EdtUserID, 0): Tapped on element 'Object Repository/Mobile/Page/Login/Input - UserID'

2022-01-24 10:23:57 - [MESSAGE][WARNING] - Timeout '0' is invalid. Using default page load timeout: '60'

2022-01-24 10:23:57 - [MESSAGE][PASSED] - Tapped on element 'Object Repository/Mobile/Page/Login/Input - UserID'

2022-01-24 10:23:57 - [TEST_STEP][PASSED] - delay(1): Delayed 1 second(s)

2022-01-24 10:23:58 - [MESSAGE][PASSED] - Delayed 1 second(s)

2022-01-24 10:23:58 - [TEST_STEP][PASSED] - setText(LOGN_EdtRdyUserID, "anggaaditya", 0): Text 'anggaaditya' has been set to element 'Object Repository/Mobile/Page/Login/Input Rdy - UserID'

2022-01-24 10:23:58 - [MESSAGE][WARNING] - Timeout '0' is invalid. Using default page load timeout: '60'

2022-01-24 10:23:59 - [MESSAGE][PASSED] - Text 'anggaaditya' has been set to element 'Object Repository/Mobile/Page/Login/Input Rdy - UserID'

2022-01-24 10:23:59 - [TEST_STEP][PASSED] - delay(1): Delayed 1 second(s)

2022-01-24 10:24:00 - [MESSAGE][PASSED] - Delayed 1 second(s)

2022-01-24 10:24:00 - [TEST_STEP][PASSED] - hideKeyboard(): Keyboard is hidden

2022-01-24 10:24:04 - [MESSAGE][PASSED] - Keyboard is hidden

2022-01-24 10:24:04 - [TEST_STEP][PASSED] - tap(LOGN_EdtPassword, 0): Tapped on element 'Object Repository/Mobile/Page/Login/Input - Password'

2022-01-24 10:24:04 - [MESSAGE][WARNING] - Timeout '0' is invalid. Using default page load timeout: '60'

2022-01-24 10:24:04 - [MESSAGE][PASSED] - Tapped on element 'Object Repository/Mobile/Page/Login/Input - Password'

2022-01-24 10:24:04 - [TEST_STEP][PASSED] - delay(1): Delayed 1 second(s)

2022-01-24 10:24:05 - [MESSAGE][PASSED] - Delayed 1 second(s)

2022-01-24 10:24:05 - [TEST_STEP][PASSED] - setText(LOGN_EdtRdyPassword, "Shalawa18", 0): Text 'Shalawa18' has been set to element 'Object Repository/Mobile/Page/Login/Input Rdy - Password'

2022-01-24 10:24:05 - [MESSAGE][WARNING] - Timeout '0' is invalid. Using default page load timeout: '60'

2022-01-24 10:24:06 - [MESSAGE][PASSED] - Text 'Shalawa18' has been set to element 'Object Repository/Mobile/Page/Login/Input Rdy - Password'

2022-01-24 10:24:06 - [TEST_STEP][PASSED] - delay(1): Delayed 1 second(s)

2022-01-24 10:24:07 - [MESSAGE][PASSED] - Delayed 1 second(s)

2022-01-24 10:24:07 - [TEST_STEP][PASSED] - hideKeyboard(): Keyboard is hidden

2022-01-24 10:24:13 - [MESSAGE][PASSED] - Keyboard is hidden

2022-01-24 10:24:13 - [TEST_STEP][PASSED] - tap(LOGN_BtnLogin, 0): Tapped on element 'Object Repository/Mobile/Page/Login/Button - Login'

2022-01-24 10:24:13 - [MESSAGE][WARNING] - Timeout '0' is invalid. Using default page load timeout: '60'

2022-01-24 10:24:14 - [MESSAGE][PASSED] - Tapped on element 'Object Repository/Mobile/Page/Login/Button - Login'

2022-01-24 10:24:14 - [TEST_STEP][PASSED] - delay(2): Delayed 2 second(s)

2022-01-24 10:24:16 - [MESSAGE][PASSED] - Delayed 2 second(s)

2022-01-24 10:24:16 - [TEST_STEP][PASSED] - break: null

2022-01-24 10:24:16 - [MESSAGE][PASSED] - Call Test Case 'Test Cases/Mobile/Page/Login/Login' successfully

2022-01-24 10:24:16 - [MESSAGE][PASSED] - Call Test Case 'Test Cases/Mobile/Page/CheckLogin' successfully

2022-01-24 10:24:16 - [TEST_STEP][PASSED] - tap(HOME_MenubarAnalysis, 0): Tapped on element 'Object Repository/Mobile/Page/Home/Menubar - Analysis'

2022-01-24 10:24:16 - [MESSAGE][WARNING] - Timeout '0' is invalid. Using default page load timeout: '60'

2022-01-24 10:24:17 - [MESSAGE][PASSED] - Tapped on element 'Object Repository/Mobile/Page/Home/Menubar - Analysis'

2022-01-24 10:24:17 - [TEST_STEP][PASSED] - delay(3): Delayed 3 second(s)

2022-01-24 10:24:20 - [MESSAGE][PASSED] - Delayed 3 second(s)

2022-01-24 10:24:20 - [TEST_STEP][PASSED] - for ([i = 0, i < 1, (i++)]): Delayed 2 second(s)

2022-01-24 10:24:20 - [TEST_STEP][PASSED] - if (action == "technicalsearch"): null

2022-01-24 10:24:20 - [TEST_STEP][PASSED] - else if (action == "technicaldetail"): Delayed 2 second(s)

2022-01-24 10:24:20 - [TEST_STEP][PASSED] - tapAndHold(ANAL_ItemTopResultTech, 1, 0): Tapped and held on element 'Object Repository/Mobile/Page/Analysis/Item - Top Technical' with duration 1

2022-01-24 10:24:20 - [MESSAGE][WARNING] - Timeout '0' is invalid. Using default page load timeout: '60'

2022-01-24 10:24:23 - [MESSAGE][PASSED] - Tapped and held on element 'Object Repository/Mobile/Page/Analysis/Item - Top Technical' with duration 1

2022-01-24 10:24:23 - [TEST_STEP][PASSED] - delay(3): Delayed 3 second(s)

2022-01-24 10:24:26 - [MESSAGE][PASSED] - Delayed 3 second(s)

2022-01-24 10:24:26 - [TEST_STEP][PASSED] - switch (action2): null

2022-01-24 10:24:26 - [TEST_STEP][PASSED] - case "day":: null

2022-01-24 10:24:26 - [TEST_STEP][PASSED] - tapAndHold(ANAL_DETL_BtnD, 1, 0): Tapped and held on element 'Object Repository/Mobile/Page/Analysis/Detail/Button - D' with duration 1

2022-01-24 10:24:26 - [MESSAGE][WARNING] - Timeout '0' is invalid. Using default page load timeout: '60'

2022-01-24 10:24:29 - [MESSAGE][PASSED] - Tapped and held on element 'Object Repository/Mobile/Page/Analysis/Detail/Button - D' with duration 1

2022-01-24 10:24:29 - [TEST_STEP][PASSED] - break: null

2022-01-24 10:24:29 - [TEST_STEP][PASSED] - delay(2): Delayed 2 second(s)

2022-01-24 10:24:31 - [MESSAGE][PASSED] - Delayed 2 second(s)

2022-01-24 10:24:31 - [MESSAGE][PASSED] - Call Test Case 'Test Cases/Mobile/Page/Analysis/Analysis' successfully

2022-01-24 10:24:31 - [TEST_STEP][PASSED] - callTestCase(findTestCase("Mobile/Page/Run App/Terminate App"), [:], STOP_ON_FAILURE): Call Test Case 'Test Cases/Mobile/Page/Run App/Terminate App' successfully

2022-01-24 10:24:31 - [TEST_CASE][PASSED] - Test Cases/Mobile/Page/Run App/Terminate App: Test Cases/Mobile/Page/Run App/Terminate App

2022-01-24 10:24:31 - [TEST_STEP][PASSED] - startApp.OpenApp.terminateApplication(): startApp.OpenApp.terminateApplication is PASSED

2022-01-24 10:24:34 - [MESSAGE][PASSED] - Delayed 3 second(s)

2022-01-24 10:24:34 - [MESSAGE][PASSED] - Current device physical width is 720

2022-01-24 10:24:34 - [MESSAGE][PASSED] - Current device physical height is 1423

2022-01-24 10:24:36 - [MESSAGE][PASSED] - Swiped from 360,853 to 360,142

2022-01-24 10:24:37 - [MESSAGE][PASSED] - Delayed 1 second(s)

2022-01-24 10:24:38 - [MESSAGE][PASSED] - Swiped from 360,853 to 360,142

2022-01-24 10:24:41 - [MESSAGE][PASSED] - Delayed 3 second(s)

2022-01-24 10:24:41 - [MESSAGE][PASSED] - startApp.OpenApp.terminateApplication is PASSED

2022-01-24 10:24:41 - [MESSAGE][PASSED] - Call Test Case 'Test Cases/Mobile/Page/Run App/Terminate App' successfully]]></system-out>
         <system-err><![CDATA[]]></system-err>
      </testcase>
      <testcase name="Test Cases/Mobile/Scenario/Analysis/003 - Melihat detail stock kategori week" time="61.436" classname="Test Cases/Mobile/Scenario/Analysis/003 - Melihat detail stock kategori week" status="PASSED">
         <system-out><![CDATA[2022-01-24 10:24:41 - [TEST_CASE][PASSED] - Test Cases/Mobile/Scenario/Analysis/003 - Melihat detail stock kategori week: Test Cases/Mobile/Scenario/Analysis/003 - Melihat detail stock kategori week

2022-01-24 10:24:41 - [TEST_STEP][PASSED] - callTestCase(findTestCase("Mobile/Page/Run App/Run App byID"), [:], STOP_ON_FAILURE): Call Test Case 'Test Cases/Mobile/Page/Run App/Run App byID' successfully

2022-01-24 10:24:41 - [TEST_CASE][PASSED] - Test Cases/Mobile/Page/Run App/Run App byID: Test Cases/Mobile/Page/Run App/Run App byID

2022-01-24 10:24:41 - [TEST_STEP][PASSED] - startApp.OpenApp.startApplication("id.co.miraeasset.sageclub"): startApp.OpenApp.startApplication is PASSED

2022-01-24 10:24:55 - [MESSAGE][PASSED] - Starting app with application ID: 'id.co.miraeasset.sageclub'

2022-01-24 10:24:55 - [MESSAGE][PASSED] - startApp.OpenApp.startApplication is PASSED

2022-01-24 10:24:55 - [MESSAGE][PASSED] - Call Test Case 'Test Cases/Mobile/Page/Run App/Run App byID' successfully

2022-01-24 10:24:55 - [TEST_STEP][PASSED] - callTestCase(findTestCase("Mobile/Page/Analysis/Analysis"), ["action":"technicaldetail", "action2":"week"], CONTINUE_ON_FAILURE): Call Test Case 'Test Cases/Mobile/Page/Analysis/Analysis' successfully

2022-01-24 10:24:55 - [TEST_CASE][PASSED] - Test Cases/Mobile/Page/Analysis/Analysis: Test Cases/Mobile/Page/Analysis/Analysis

2022-01-24 10:24:55 - [TEST_STEP][PASSED] - callTestCase(findTestCase("Mobile/Page/CheckLogin"), [:], CONTINUE_ON_FAILURE): Call Test Case 'Test Cases/Mobile/Page/CheckLogin' successfully

2022-01-24 10:24:55 - [TEST_CASE][PASSED] - Test Cases/Mobile/Page/CheckLogin: Test Cases/Mobile/Page/CheckLogin

2022-01-24 10:24:55 - [TEST_STEP][PASSED] - loginCheck = verifyElementExist(LOGN_BtnLogin, 5, CONTINUE_ON_FAILURE): Element 'Object Repository/Mobile/Page/Login/Button - Login' is exist

2022-01-24 10:24:57 - [MESSAGE][PASSED] - Element 'Object Repository/Mobile/Page/Login/Button - Login' is exist

2022-01-24 10:24:57 - [TEST_STEP][PASSED] - if (loginCheck): Call Test Case 'Test Cases/Mobile/Page/Login/Login' successfully

2022-01-24 10:24:57 - [TEST_STEP][PASSED] - callTestCase(findTestCase("Mobile/Page/Login/Login"), ["action":"username"], CONTINUE_ON_FAILURE): Call Test Case 'Test Cases/Mobile/Page/Login/Login' successfully

2022-01-24 10:24:57 - [TEST_CASE][PASSED] - Test Cases/Mobile/Page/Login/Login: Test Cases/Mobile/Page/Login/Login

2022-01-24 10:24:57 - [TEST_STEP][PASSED] - delay(2): Delayed 2 second(s)

2022-01-24 10:24:59 - [MESSAGE][PASSED] - Delayed 2 second(s)

2022-01-24 10:24:59 - [TEST_STEP][PASSED] - for ([i = 0, i < 1, (i++)]): null

2022-01-24 10:24:59 - [TEST_STEP][PASSED] - if (action == "username"): null

2022-01-24 10:24:59 - [TEST_STEP][PASSED] - tap(LOGN_EdtUserID, 0): Tapped on element 'Object Repository/Mobile/Page/Login/Input - UserID'

2022-01-24 10:24:59 - [MESSAGE][WARNING] - Timeout '0' is invalid. Using default page load timeout: '60'

2022-01-24 10:24:59 - [MESSAGE][PASSED] - Tapped on element 'Object Repository/Mobile/Page/Login/Input - UserID'

2022-01-24 10:24:59 - [TEST_STEP][PASSED] - delay(1): Delayed 1 second(s)

2022-01-24 10:25:00 - [MESSAGE][PASSED] - Delayed 1 second(s)

2022-01-24 10:25:00 - [TEST_STEP][PASSED] - setText(LOGN_EdtRdyUserID, "anggaaditya", 0): Text 'anggaaditya' has been set to element 'Object Repository/Mobile/Page/Login/Input Rdy - UserID'

2022-01-24 10:25:00 - [MESSAGE][WARNING] - Timeout '0' is invalid. Using default page load timeout: '60'

2022-01-24 10:25:01 - [MESSAGE][PASSED] - Text 'anggaaditya' has been set to element 'Object Repository/Mobile/Page/Login/Input Rdy - UserID'

2022-01-24 10:25:01 - [TEST_STEP][PASSED] - delay(1): Delayed 1 second(s)

2022-01-24 10:25:02 - [MESSAGE][PASSED] - Delayed 1 second(s)

2022-01-24 10:25:02 - [TEST_STEP][PASSED] - hideKeyboard(): Keyboard is hidden

2022-01-24 10:25:05 - [MESSAGE][PASSED] - Keyboard is hidden

2022-01-24 10:25:05 - [TEST_STEP][PASSED] - tap(LOGN_EdtPassword, 0): Tapped on element 'Object Repository/Mobile/Page/Login/Input - Password'

2022-01-24 10:25:05 - [MESSAGE][WARNING] - Timeout '0' is invalid. Using default page load timeout: '60'

2022-01-24 10:25:06 - [MESSAGE][PASSED] - Tapped on element 'Object Repository/Mobile/Page/Login/Input - Password'

2022-01-24 10:25:06 - [TEST_STEP][PASSED] - delay(1): Delayed 1 second(s)

2022-01-24 10:25:07 - [MESSAGE][PASSED] - Delayed 1 second(s)

2022-01-24 10:25:07 - [TEST_STEP][PASSED] - setText(LOGN_EdtRdyPassword, "Shalawa18", 0): Text 'Shalawa18' has been set to element 'Object Repository/Mobile/Page/Login/Input Rdy - Password'

2022-01-24 10:25:07 - [MESSAGE][WARNING] - Timeout '0' is invalid. Using default page load timeout: '60'

2022-01-24 10:25:07 - [MESSAGE][PASSED] - Text 'Shalawa18' has been set to element 'Object Repository/Mobile/Page/Login/Input Rdy - Password'

2022-01-24 10:25:07 - [TEST_STEP][PASSED] - delay(1): Delayed 1 second(s)

2022-01-24 10:25:08 - [MESSAGE][PASSED] - Delayed 1 second(s)

2022-01-24 10:25:08 - [TEST_STEP][PASSED] - hideKeyboard(): Keyboard is hidden

2022-01-24 10:25:15 - [MESSAGE][PASSED] - Keyboard is hidden

2022-01-24 10:25:15 - [TEST_STEP][PASSED] - tap(LOGN_BtnLogin, 0): Tapped on element 'Object Repository/Mobile/Page/Login/Button - Login'

2022-01-24 10:25:15 - [MESSAGE][WARNING] - Timeout '0' is invalid. Using default page load timeout: '60'

2022-01-24 10:25:16 - [MESSAGE][PASSED] - Tapped on element 'Object Repository/Mobile/Page/Login/Button - Login'

2022-01-24 10:25:16 - [TEST_STEP][PASSED] - delay(2): Delayed 2 second(s)

2022-01-24 10:25:18 - [MESSAGE][PASSED] - Delayed 2 second(s)

2022-01-24 10:25:18 - [TEST_STEP][PASSED] - break: null

2022-01-24 10:25:18 - [MESSAGE][PASSED] - Call Test Case 'Test Cases/Mobile/Page/Login/Login' successfully

2022-01-24 10:25:18 - [MESSAGE][PASSED] - Call Test Case 'Test Cases/Mobile/Page/CheckLogin' successfully

2022-01-24 10:25:18 - [TEST_STEP][PASSED] - tap(HOME_MenubarAnalysis, 0): Tapped on element 'Object Repository/Mobile/Page/Home/Menubar - Analysis'

2022-01-24 10:25:18 - [MESSAGE][WARNING] - Timeout '0' is invalid. Using default page load timeout: '60'

2022-01-24 10:25:19 - [MESSAGE][PASSED] - Tapped on element 'Object Repository/Mobile/Page/Home/Menubar - Analysis'

2022-01-24 10:25:19 - [TEST_STEP][PASSED] - delay(3): Delayed 3 second(s)

2022-01-24 10:25:22 - [MESSAGE][PASSED] - Delayed 3 second(s)

2022-01-24 10:25:22 - [TEST_STEP][PASSED] - for ([i = 0, i < 1, (i++)]): Delayed 2 second(s)

2022-01-24 10:25:22 - [TEST_STEP][PASSED] - if (action == "technicalsearch"): null

2022-01-24 10:25:22 - [TEST_STEP][PASSED] - else if (action == "technicaldetail"): Delayed 2 second(s)

2022-01-24 10:25:22 - [TEST_STEP][PASSED] - tapAndHold(ANAL_ItemTopResultTech, 1, 0): Tapped and held on element 'Object Repository/Mobile/Page/Analysis/Item - Top Technical' with duration 1

2022-01-24 10:25:22 - [MESSAGE][WARNING] - Timeout '0' is invalid. Using default page load timeout: '60'

2022-01-24 10:25:24 - [MESSAGE][PASSED] - Tapped and held on element 'Object Repository/Mobile/Page/Analysis/Item - Top Technical' with duration 1

2022-01-24 10:25:24 - [TEST_STEP][PASSED] - delay(3): Delayed 3 second(s)

2022-01-24 10:25:27 - [MESSAGE][PASSED] - Delayed 3 second(s)

2022-01-24 10:25:27 - [TEST_STEP][PASSED] - switch (action2): null

2022-01-24 10:25:27 - [TEST_STEP][PASSED] - case "week":: null

2022-01-24 10:25:27 - [TEST_STEP][PASSED] - tapAndHold(ANAL_DETL_BtnW, 1, 0): Tapped and held on element 'Object Repository/Mobile/Page/Analysis/Detail/Button - W' with duration 1

2022-01-24 10:25:27 - [MESSAGE][WARNING] - Timeout '0' is invalid. Using default page load timeout: '60'

2022-01-24 10:25:30 - [MESSAGE][PASSED] - Tapped and held on element 'Object Repository/Mobile/Page/Analysis/Detail/Button - W' with duration 1

2022-01-24 10:25:30 - [TEST_STEP][PASSED] - break: null

2022-01-24 10:25:30 - [TEST_STEP][PASSED] - delay(2): Delayed 2 second(s)

2022-01-24 10:25:32 - [MESSAGE][PASSED] - Delayed 2 second(s)

2022-01-24 10:25:32 - [MESSAGE][PASSED] - Call Test Case 'Test Cases/Mobile/Page/Analysis/Analysis' successfully

2022-01-24 10:25:32 - [TEST_STEP][PASSED] - callTestCase(findTestCase("Mobile/Page/Run App/Terminate App"), [:], STOP_ON_FAILURE): Call Test Case 'Test Cases/Mobile/Page/Run App/Terminate App' successfully

2022-01-24 10:25:32 - [TEST_CASE][PASSED] - Test Cases/Mobile/Page/Run App/Terminate App: Test Cases/Mobile/Page/Run App/Terminate App

2022-01-24 10:25:32 - [TEST_STEP][PASSED] - startApp.OpenApp.terminateApplication(): startApp.OpenApp.terminateApplication is PASSED

2022-01-24 10:25:35 - [MESSAGE][PASSED] - Delayed 3 second(s)

2022-01-24 10:25:36 - [MESSAGE][PASSED] - Current device physical width is 720

2022-01-24 10:25:36 - [MESSAGE][PASSED] - Current device physical height is 1423

2022-01-24 10:25:37 - [MESSAGE][PASSED] - Swiped from 360,853 to 360,142

2022-01-24 10:25:38 - [MESSAGE][PASSED] - Delayed 1 second(s)

2022-01-24 10:25:39 - [MESSAGE][PASSED] - Swiped from 360,853 to 360,142

2022-01-24 10:25:42 - [MESSAGE][PASSED] - Delayed 3 second(s)

2022-01-24 10:25:42 - [MESSAGE][PASSED] - startApp.OpenApp.terminateApplication is PASSED

2022-01-24 10:25:42 - [MESSAGE][PASSED] - Call Test Case 'Test Cases/Mobile/Page/Run App/Terminate App' successfully]]></system-out>
         <system-err><![CDATA[]]></system-err>
      </testcase>
      <testcase name="Test Cases/Mobile/Scenario/Analysis/004 - Melihat detail stock kategori month" time="60.645" classname="Test Cases/Mobile/Scenario/Analysis/004 - Melihat detail stock kategori month" status="PASSED">
         <system-out><![CDATA[2022-01-24 10:25:42 - [TEST_CASE][PASSED] - Test Cases/Mobile/Scenario/Analysis/004 - Melihat detail stock kategori month: Test Cases/Mobile/Scenario/Analysis/004 - Melihat detail stock kategori month

2022-01-24 10:25:43 - [TEST_STEP][PASSED] - callTestCase(findTestCase("Mobile/Page/Run App/Run App byID"), [:], STOP_ON_FAILURE): Call Test Case 'Test Cases/Mobile/Page/Run App/Run App byID' successfully

2022-01-24 10:25:43 - [TEST_CASE][PASSED] - Test Cases/Mobile/Page/Run App/Run App byID: Test Cases/Mobile/Page/Run App/Run App byID

2022-01-24 10:25:43 - [TEST_STEP][PASSED] - startApp.OpenApp.startApplication("id.co.miraeasset.sageclub"): startApp.OpenApp.startApplication is PASSED

2022-01-24 10:25:55 - [MESSAGE][PASSED] - Starting app with application ID: 'id.co.miraeasset.sageclub'

2022-01-24 10:25:55 - [MESSAGE][PASSED] - startApp.OpenApp.startApplication is PASSED

2022-01-24 10:25:55 - [MESSAGE][PASSED] - Call Test Case 'Test Cases/Mobile/Page/Run App/Run App byID' successfully

2022-01-24 10:25:55 - [TEST_STEP][PASSED] - callTestCase(findTestCase("Mobile/Page/Analysis/Analysis"), ["action":"technicaldetail", "action2":"month"], CONTINUE_ON_FAILURE): Call Test Case 'Test Cases/Mobile/Page/Analysis/Analysis' successfully

2022-01-24 10:25:55 - [TEST_CASE][PASSED] - Test Cases/Mobile/Page/Analysis/Analysis: Test Cases/Mobile/Page/Analysis/Analysis

2022-01-24 10:25:55 - [TEST_STEP][PASSED] - callTestCase(findTestCase("Mobile/Page/CheckLogin"), [:], CONTINUE_ON_FAILURE): Call Test Case 'Test Cases/Mobile/Page/CheckLogin' successfully

2022-01-24 10:25:55 - [TEST_CASE][PASSED] - Test Cases/Mobile/Page/CheckLogin: Test Cases/Mobile/Page/CheckLogin

2022-01-24 10:25:55 - [TEST_STEP][PASSED] - loginCheck = verifyElementExist(LOGN_BtnLogin, 5, CONTINUE_ON_FAILURE): Element 'Object Repository/Mobile/Page/Login/Button - Login' is exist

2022-01-24 10:25:56 - [MESSAGE][PASSED] - Element 'Object Repository/Mobile/Page/Login/Button - Login' is exist

2022-01-24 10:25:56 - [TEST_STEP][PASSED] - if (loginCheck): Call Test Case 'Test Cases/Mobile/Page/Login/Login' successfully

2022-01-24 10:25:56 - [TEST_STEP][PASSED] - callTestCase(findTestCase("Mobile/Page/Login/Login"), ["action":"username"], CONTINUE_ON_FAILURE): Call Test Case 'Test Cases/Mobile/Page/Login/Login' successfully

2022-01-24 10:25:57 - [TEST_CASE][PASSED] - Test Cases/Mobile/Page/Login/Login: Test Cases/Mobile/Page/Login/Login

2022-01-24 10:25:57 - [TEST_STEP][PASSED] - delay(2): Delayed 2 second(s)

2022-01-24 10:25:59 - [MESSAGE][PASSED] - Delayed 2 second(s)

2022-01-24 10:25:59 - [TEST_STEP][PASSED] - for ([i = 0, i < 1, (i++)]): null

2022-01-24 10:25:59 - [TEST_STEP][PASSED] - if (action == "username"): null

2022-01-24 10:25:59 - [TEST_STEP][PASSED] - tap(LOGN_EdtUserID, 0): Tapped on element 'Object Repository/Mobile/Page/Login/Input - UserID'

2022-01-24 10:25:59 - [MESSAGE][WARNING] - Timeout '0' is invalid. Using default page load timeout: '60'

2022-01-24 10:25:59 - [MESSAGE][PASSED] - Tapped on element 'Object Repository/Mobile/Page/Login/Input - UserID'

2022-01-24 10:25:59 - [TEST_STEP][PASSED] - delay(1): Delayed 1 second(s)

2022-01-24 10:26:00 - [MESSAGE][PASSED] - Delayed 1 second(s)

2022-01-24 10:26:00 - [TEST_STEP][PASSED] - setText(LOGN_EdtRdyUserID, "anggaaditya", 0): Text 'anggaaditya' has been set to element 'Object Repository/Mobile/Page/Login/Input Rdy - UserID'

2022-01-24 10:26:00 - [MESSAGE][WARNING] - Timeout '0' is invalid. Using default page load timeout: '60'

2022-01-24 10:26:01 - [MESSAGE][PASSED] - Text 'anggaaditya' has been set to element 'Object Repository/Mobile/Page/Login/Input Rdy - UserID'

2022-01-24 10:26:01 - [TEST_STEP][PASSED] - delay(1): Delayed 1 second(s)

2022-01-24 10:26:02 - [MESSAGE][PASSED] - Delayed 1 second(s)

2022-01-24 10:26:02 - [TEST_STEP][PASSED] - hideKeyboard(): Keyboard is hidden

2022-01-24 10:26:05 - [MESSAGE][PASSED] - Keyboard is hidden

2022-01-24 10:26:05 - [TEST_STEP][PASSED] - tap(LOGN_EdtPassword, 0): Tapped on element 'Object Repository/Mobile/Page/Login/Input - Password'

2022-01-24 10:26:05 - [MESSAGE][WARNING] - Timeout '0' is invalid. Using default page load timeout: '60'

2022-01-24 10:26:06 - [MESSAGE][PASSED] - Tapped on element 'Object Repository/Mobile/Page/Login/Input - Password'

2022-01-24 10:26:06 - [TEST_STEP][PASSED] - delay(1): Delayed 1 second(s)

2022-01-24 10:26:07 - [MESSAGE][PASSED] - Delayed 1 second(s)

2022-01-24 10:26:07 - [TEST_STEP][PASSED] - setText(LOGN_EdtRdyPassword, "Shalawa18", 0): Text 'Shalawa18' has been set to element 'Object Repository/Mobile/Page/Login/Input Rdy - Password'

2022-01-24 10:26:07 - [MESSAGE][WARNING] - Timeout '0' is invalid. Using default page load timeout: '60'

2022-01-24 10:26:08 - [MESSAGE][PASSED] - Text 'Shalawa18' has been set to element 'Object Repository/Mobile/Page/Login/Input Rdy - Password'

2022-01-24 10:26:08 - [TEST_STEP][PASSED] - delay(1): Delayed 1 second(s)

2022-01-24 10:26:09 - [MESSAGE][PASSED] - Delayed 1 second(s)

2022-01-24 10:26:09 - [TEST_STEP][PASSED] - hideKeyboard(): Keyboard is hidden

2022-01-24 10:26:15 - [MESSAGE][PASSED] - Keyboard is hidden

2022-01-24 10:26:15 - [TEST_STEP][PASSED] - tap(LOGN_BtnLogin, 0): Tapped on element 'Object Repository/Mobile/Page/Login/Button - Login'

2022-01-24 10:26:15 - [MESSAGE][WARNING] - Timeout '0' is invalid. Using default page load timeout: '60'

2022-01-24 10:26:16 - [MESSAGE][PASSED] - Tapped on element 'Object Repository/Mobile/Page/Login/Button - Login'

2022-01-24 10:26:16 - [TEST_STEP][PASSED] - delay(2): Delayed 2 second(s)

2022-01-24 10:26:18 - [MESSAGE][PASSED] - Delayed 2 second(s)

2022-01-24 10:26:18 - [TEST_STEP][PASSED] - break: null

2022-01-24 10:26:18 - [MESSAGE][PASSED] - Call Test Case 'Test Cases/Mobile/Page/Login/Login' successfully

2022-01-24 10:26:18 - [MESSAGE][PASSED] - Call Test Case 'Test Cases/Mobile/Page/CheckLogin' successfully

2022-01-24 10:26:18 - [TEST_STEP][PASSED] - tap(HOME_MenubarAnalysis, 0): Tapped on element 'Object Repository/Mobile/Page/Home/Menubar - Analysis'

2022-01-24 10:26:18 - [MESSAGE][WARNING] - Timeout '0' is invalid. Using default page load timeout: '60'

2022-01-24 10:26:19 - [MESSAGE][PASSED] - Tapped on element 'Object Repository/Mobile/Page/Home/Menubar - Analysis'

2022-01-24 10:26:19 - [TEST_STEP][PASSED] - delay(3): Delayed 3 second(s)

2022-01-24 10:26:22 - [MESSAGE][PASSED] - Delayed 3 second(s)

2022-01-24 10:26:22 - [TEST_STEP][PASSED] - for ([i = 0, i < 1, (i++)]): Delayed 2 second(s)

2022-01-24 10:26:22 - [TEST_STEP][PASSED] - if (action == "technicalsearch"): null

2022-01-24 10:26:22 - [TEST_STEP][PASSED] - else if (action == "technicaldetail"): Delayed 2 second(s)

2022-01-24 10:26:22 - [TEST_STEP][PASSED] - tapAndHold(ANAL_ItemTopResultTech, 1, 0): Tapped and held on element 'Object Repository/Mobile/Page/Analysis/Item - Top Technical' with duration 1

2022-01-24 10:26:22 - [MESSAGE][WARNING] - Timeout '0' is invalid. Using default page load timeout: '60'

2022-01-24 10:26:25 - [MESSAGE][PASSED] - Tapped and held on element 'Object Repository/Mobile/Page/Analysis/Item - Top Technical' with duration 1

2022-01-24 10:26:25 - [TEST_STEP][PASSED] - delay(3): Delayed 3 second(s)

2022-01-24 10:26:28 - [MESSAGE][PASSED] - Delayed 3 second(s)

2022-01-24 10:26:28 - [TEST_STEP][PASSED] - switch (action2): null

2022-01-24 10:26:28 - [TEST_STEP][PASSED] - case "month":: null

2022-01-24 10:26:28 - [TEST_STEP][PASSED] - tapAndHold(ANAL_DETL_BtnM, 1, 0): Tapped and held on element 'Object Repository/Mobile/Page/Analysis/Detail/Button - M' with duration 1

2022-01-24 10:26:28 - [MESSAGE][WARNING] - Timeout '0' is invalid. Using default page load timeout: '60'

2022-01-24 10:26:31 - [MESSAGE][PASSED] - Tapped and held on element 'Object Repository/Mobile/Page/Analysis/Detail/Button - M' with duration 1

2022-01-24 10:26:31 - [TEST_STEP][PASSED] - break: null

2022-01-24 10:26:31 - [TEST_STEP][PASSED] - delay(2): Delayed 2 second(s)

2022-01-24 10:26:33 - [MESSAGE][PASSED] - Delayed 2 second(s)

2022-01-24 10:26:33 - [MESSAGE][PASSED] - Call Test Case 'Test Cases/Mobile/Page/Analysis/Analysis' successfully

2022-01-24 10:26:33 - [TEST_STEP][PASSED] - callTestCase(findTestCase("Mobile/Page/Run App/Terminate App"), [:], STOP_ON_FAILURE): Call Test Case 'Test Cases/Mobile/Page/Run App/Terminate App' successfully

2022-01-24 10:26:33 - [TEST_CASE][PASSED] - Test Cases/Mobile/Page/Run App/Terminate App: Test Cases/Mobile/Page/Run App/Terminate App

2022-01-24 10:26:33 - [TEST_STEP][PASSED] - startApp.OpenApp.terminateApplication(): startApp.OpenApp.terminateApplication is PASSED

2022-01-24 10:26:36 - [MESSAGE][PASSED] - Delayed 3 second(s)

2022-01-24 10:26:36 - [MESSAGE][PASSED] - Current device physical width is 720

2022-01-24 10:26:36 - [MESSAGE][PASSED] - Current device physical height is 1423

2022-01-24 10:26:38 - [MESSAGE][PASSED] - Swiped from 360,853 to 360,142

2022-01-24 10:26:39 - [MESSAGE][PASSED] - Delayed 1 second(s)

2022-01-24 10:26:40 - [MESSAGE][PASSED] - Swiped from 360,853 to 360,142

2022-01-24 10:26:43 - [MESSAGE][PASSED] - Delayed 3 second(s)

2022-01-24 10:26:43 - [MESSAGE][PASSED] - startApp.OpenApp.terminateApplication is PASSED

2022-01-24 10:26:43 - [MESSAGE][PASSED] - Call Test Case 'Test Cases/Mobile/Page/Run App/Terminate App' successfully]]></system-out>
         <system-err><![CDATA[]]></system-err>
      </testcase>
      <testcase name="Test Cases/Mobile/Scenario/Analysis/005 - Melihat detail stock kategori year" time="60.896" classname="Test Cases/Mobile/Scenario/Analysis/005 - Melihat detail stock kategori year" status="PASSED">
         <system-out><![CDATA[2022-01-24 10:26:43 - [TEST_CASE][PASSED] - Test Cases/Mobile/Scenario/Analysis/005 - Melihat detail stock kategori year: Test Cases/Mobile/Scenario/Analysis/005 - Melihat detail stock kategori year

2022-01-24 10:26:43 - [TEST_STEP][PASSED] - callTestCase(findTestCase("Mobile/Page/Run App/Run App byID"), [:], STOP_ON_FAILURE): Call Test Case 'Test Cases/Mobile/Page/Run App/Run App byID' successfully

2022-01-24 10:26:43 - [TEST_CASE][PASSED] - Test Cases/Mobile/Page/Run App/Run App byID: Test Cases/Mobile/Page/Run App/Run App byID

2022-01-24 10:26:43 - [TEST_STEP][PASSED] - startApp.OpenApp.startApplication("id.co.miraeasset.sageclub"): startApp.OpenApp.startApplication is PASSED

2022-01-24 10:26:55 - [MESSAGE][PASSED] - Starting app with application ID: 'id.co.miraeasset.sageclub'

2022-01-24 10:26:55 - [MESSAGE][PASSED] - startApp.OpenApp.startApplication is PASSED

2022-01-24 10:26:55 - [MESSAGE][PASSED] - Call Test Case 'Test Cases/Mobile/Page/Run App/Run App byID' successfully

2022-01-24 10:26:55 - [TEST_STEP][PASSED] - callTestCase(findTestCase("Mobile/Page/Analysis/Analysis"), ["action":"technicaldetail", "action2":"year"], CONTINUE_ON_FAILURE): Call Test Case 'Test Cases/Mobile/Page/Analysis/Analysis' successfully

2022-01-24 10:26:55 - [TEST_CASE][PASSED] - Test Cases/Mobile/Page/Analysis/Analysis: Test Cases/Mobile/Page/Analysis/Analysis

2022-01-24 10:26:55 - [TEST_STEP][PASSED] - callTestCase(findTestCase("Mobile/Page/CheckLogin"), [:], CONTINUE_ON_FAILURE): Call Test Case 'Test Cases/Mobile/Page/CheckLogin' successfully

2022-01-24 10:26:55 - [TEST_CASE][PASSED] - Test Cases/Mobile/Page/CheckLogin: Test Cases/Mobile/Page/CheckLogin

2022-01-24 10:26:55 - [TEST_STEP][PASSED] - loginCheck = verifyElementExist(LOGN_BtnLogin, 5, CONTINUE_ON_FAILURE): Element 'Object Repository/Mobile/Page/Login/Button - Login' is exist

2022-01-24 10:26:57 - [MESSAGE][PASSED] - Element 'Object Repository/Mobile/Page/Login/Button - Login' is exist

2022-01-24 10:26:57 - [TEST_STEP][PASSED] - if (loginCheck): Call Test Case 'Test Cases/Mobile/Page/Login/Login' successfully

2022-01-24 10:26:57 - [TEST_STEP][PASSED] - callTestCase(findTestCase("Mobile/Page/Login/Login"), ["action":"username"], CONTINUE_ON_FAILURE): Call Test Case 'Test Cases/Mobile/Page/Login/Login' successfully

2022-01-24 10:26:57 - [TEST_CASE][PASSED] - Test Cases/Mobile/Page/Login/Login: Test Cases/Mobile/Page/Login/Login

2022-01-24 10:26:57 - [TEST_STEP][PASSED] - delay(2): Delayed 2 second(s)

2022-01-24 10:26:59 - [MESSAGE][PASSED] - Delayed 2 second(s)

2022-01-24 10:26:59 - [TEST_STEP][PASSED] - for ([i = 0, i < 1, (i++)]): null

2022-01-24 10:26:59 - [TEST_STEP][PASSED] - if (action == "username"): null

2022-01-24 10:26:59 - [TEST_STEP][PASSED] - tap(LOGN_EdtUserID, 0): Tapped on element 'Object Repository/Mobile/Page/Login/Input - UserID'

2022-01-24 10:26:59 - [MESSAGE][WARNING] - Timeout '0' is invalid. Using default page load timeout: '60'

2022-01-24 10:27:00 - [MESSAGE][PASSED] - Tapped on element 'Object Repository/Mobile/Page/Login/Input - UserID'

2022-01-24 10:27:00 - [TEST_STEP][PASSED] - delay(1): Delayed 1 second(s)

2022-01-24 10:27:01 - [MESSAGE][PASSED] - Delayed 1 second(s)

2022-01-24 10:27:01 - [TEST_STEP][PASSED] - setText(LOGN_EdtRdyUserID, "anggaaditya", 0): Text 'anggaaditya' has been set to element 'Object Repository/Mobile/Page/Login/Input Rdy - UserID'

2022-01-24 10:27:01 - [MESSAGE][WARNING] - Timeout '0' is invalid. Using default page load timeout: '60'

2022-01-24 10:27:02 - [MESSAGE][PASSED] - Text 'anggaaditya' has been set to element 'Object Repository/Mobile/Page/Login/Input Rdy - UserID'

2022-01-24 10:27:02 - [TEST_STEP][PASSED] - delay(1): Delayed 1 second(s)

2022-01-24 10:27:03 - [MESSAGE][PASSED] - Delayed 1 second(s)

2022-01-24 10:27:03 - [TEST_STEP][PASSED] - hideKeyboard(): Keyboard is hidden

2022-01-24 10:27:06 - [MESSAGE][PASSED] - Keyboard is hidden

2022-01-24 10:27:06 - [TEST_STEP][PASSED] - tap(LOGN_EdtPassword, 0): Tapped on element 'Object Repository/Mobile/Page/Login/Input - Password'

2022-01-24 10:27:06 - [MESSAGE][WARNING] - Timeout '0' is invalid. Using default page load timeout: '60'

2022-01-24 10:27:07 - [MESSAGE][PASSED] - Tapped on element 'Object Repository/Mobile/Page/Login/Input - Password'

2022-01-24 10:27:07 - [TEST_STEP][PASSED] - delay(1): Delayed 1 second(s)

2022-01-24 10:27:08 - [MESSAGE][PASSED] - Delayed 1 second(s)

2022-01-24 10:27:08 - [TEST_STEP][PASSED] - setText(LOGN_EdtRdyPassword, "Shalawa18", 0): Text 'Shalawa18' has been set to element 'Object Repository/Mobile/Page/Login/Input Rdy - Password'

2022-01-24 10:27:08 - [MESSAGE][WARNING] - Timeout '0' is invalid. Using default page load timeout: '60'

2022-01-24 10:27:08 - [MESSAGE][PASSED] - Text 'Shalawa18' has been set to element 'Object Repository/Mobile/Page/Login/Input Rdy - Password'

2022-01-24 10:27:08 - [TEST_STEP][PASSED] - delay(1): Delayed 1 second(s)

2022-01-24 10:27:09 - [MESSAGE][PASSED] - Delayed 1 second(s)

2022-01-24 10:27:09 - [TEST_STEP][PASSED] - hideKeyboard(): Keyboard is hidden

2022-01-24 10:27:16 - [MESSAGE][PASSED] - Keyboard is hidden

2022-01-24 10:27:16 - [TEST_STEP][PASSED] - tap(LOGN_BtnLogin, 0): Tapped on element 'Object Repository/Mobile/Page/Login/Button - Login'

2022-01-24 10:27:16 - [MESSAGE][WARNING] - Timeout '0' is invalid. Using default page load timeout: '60'

2022-01-24 10:27:17 - [MESSAGE][PASSED] - Tapped on element 'Object Repository/Mobile/Page/Login/Button - Login'

2022-01-24 10:27:17 - [TEST_STEP][PASSED] - delay(2): Delayed 2 second(s)

2022-01-24 10:27:19 - [MESSAGE][PASSED] - Delayed 2 second(s)

2022-01-24 10:27:19 - [TEST_STEP][PASSED] - break: null

2022-01-24 10:27:19 - [MESSAGE][PASSED] - Call Test Case 'Test Cases/Mobile/Page/Login/Login' successfully

2022-01-24 10:27:19 - [MESSAGE][PASSED] - Call Test Case 'Test Cases/Mobile/Page/CheckLogin' successfully

2022-01-24 10:27:19 - [TEST_STEP][PASSED] - tap(HOME_MenubarAnalysis, 0): Tapped on element 'Object Repository/Mobile/Page/Home/Menubar - Analysis'

2022-01-24 10:27:19 - [MESSAGE][WARNING] - Timeout '0' is invalid. Using default page load timeout: '60'

2022-01-24 10:27:20 - [MESSAGE][PASSED] - Tapped on element 'Object Repository/Mobile/Page/Home/Menubar - Analysis'

2022-01-24 10:27:20 - [TEST_STEP][PASSED] - delay(3): Delayed 3 second(s)

2022-01-24 10:27:23 - [MESSAGE][PASSED] - Delayed 3 second(s)

2022-01-24 10:27:23 - [TEST_STEP][PASSED] - for ([i = 0, i < 1, (i++)]): Delayed 2 second(s)

2022-01-24 10:27:23 - [TEST_STEP][PASSED] - if (action == "technicalsearch"): null

2022-01-24 10:27:23 - [TEST_STEP][PASSED] - else if (action == "technicaldetail"): Delayed 2 second(s)

2022-01-24 10:27:23 - [TEST_STEP][PASSED] - tapAndHold(ANAL_ItemTopResultTech, 1, 0): Tapped and held on element 'Object Repository/Mobile/Page/Analysis/Item - Top Technical' with duration 1

2022-01-24 10:27:23 - [MESSAGE][WARNING] - Timeout '0' is invalid. Using default page load timeout: '60'

2022-01-24 10:27:26 - [MESSAGE][PASSED] - Tapped and held on element 'Object Repository/Mobile/Page/Analysis/Item - Top Technical' with duration 1

2022-01-24 10:27:26 - [TEST_STEP][PASSED] - delay(3): Delayed 3 second(s)

2022-01-24 10:27:29 - [MESSAGE][PASSED] - Delayed 3 second(s)

2022-01-24 10:27:29 - [TEST_STEP][PASSED] - switch (action2): null

2022-01-24 10:27:29 - [TEST_STEP][PASSED] - case "year":: null

2022-01-24 10:27:29 - [TEST_STEP][PASSED] - tapAndHold(ANAL_DETL_BtnY, 1, 0): Tapped and held on element 'Object Repository/Mobile/Page/Analysis/Detail/Button - Y' with duration 1

2022-01-24 10:27:29 - [MESSAGE][WARNING] - Timeout '0' is invalid. Using default page load timeout: '60'

2022-01-24 10:27:32 - [MESSAGE][PASSED] - Tapped and held on element 'Object Repository/Mobile/Page/Analysis/Detail/Button - Y' with duration 1

2022-01-24 10:27:32 - [TEST_STEP][PASSED] - break: null

2022-01-24 10:27:32 - [TEST_STEP][PASSED] - delay(2): Delayed 2 second(s)

2022-01-24 10:27:34 - [MESSAGE][PASSED] - Delayed 2 second(s)

2022-01-24 10:27:34 - [MESSAGE][PASSED] - Call Test Case 'Test Cases/Mobile/Page/Analysis/Analysis' successfully

2022-01-24 10:27:34 - [TEST_STEP][PASSED] - callTestCase(findTestCase("Mobile/Page/Run App/Terminate App"), [:], STOP_ON_FAILURE): Call Test Case 'Test Cases/Mobile/Page/Run App/Terminate App' successfully

2022-01-24 10:27:34 - [TEST_CASE][PASSED] - Test Cases/Mobile/Page/Run App/Terminate App: Test Cases/Mobile/Page/Run App/Terminate App

2022-01-24 10:27:34 - [TEST_STEP][PASSED] - startApp.OpenApp.terminateApplication(): startApp.OpenApp.terminateApplication is PASSED

2022-01-24 10:27:37 - [MESSAGE][PASSED] - Delayed 3 second(s)

2022-01-24 10:27:37 - [MESSAGE][PASSED] - Current device physical width is 720

2022-01-24 10:27:37 - [MESSAGE][PASSED] - Current device physical height is 1423

2022-01-24 10:27:39 - [MESSAGE][PASSED] - Swiped from 360,853 to 360,142

2022-01-24 10:27:40 - [MESSAGE][PASSED] - Delayed 1 second(s)

2022-01-24 10:27:41 - [MESSAGE][PASSED] - Swiped from 360,853 to 360,142

2022-01-24 10:27:44 - [MESSAGE][PASSED] - Delayed 3 second(s)

2022-01-24 10:27:44 - [MESSAGE][PASSED] - startApp.OpenApp.terminateApplication is PASSED

2022-01-24 10:27:44 - [MESSAGE][PASSED] - Call Test Case 'Test Cases/Mobile/Page/Run App/Terminate App' successfully]]></system-out>
         <system-err><![CDATA[]]></system-err>
      </testcase>
      <testcase name="Test Cases/Mobile/Scenario/Analysis/006 - Melihat Research Report" time="59.335" classname="Test Cases/Mobile/Scenario/Analysis/006 - Melihat Research Report" status="PASSED">
         <system-out><![CDATA[2022-01-24 10:27:44 - [TEST_CASE][PASSED] - Test Cases/Mobile/Scenario/Analysis/006 - Melihat Research Report: Test Cases/Mobile/Scenario/Analysis/006 - Melihat Research Report

2022-01-24 10:27:44 - [TEST_STEP][PASSED] - callTestCase(findTestCase("Mobile/Page/Run App/Run App byID"), [:], STOP_ON_FAILURE): Call Test Case 'Test Cases/Mobile/Page/Run App/Run App byID' successfully

2022-01-24 10:27:44 - [TEST_CASE][PASSED] - Test Cases/Mobile/Page/Run App/Run App byID: Test Cases/Mobile/Page/Run App/Run App byID

2022-01-24 10:27:44 - [TEST_STEP][PASSED] - startApp.OpenApp.startApplication("id.co.miraeasset.sageclub"): startApp.OpenApp.startApplication is PASSED

2022-01-24 10:27:56 - [MESSAGE][PASSED] - Starting app with application ID: 'id.co.miraeasset.sageclub'

2022-01-24 10:27:56 - [MESSAGE][PASSED] - startApp.OpenApp.startApplication is PASSED

2022-01-24 10:27:56 - [MESSAGE][PASSED] - Call Test Case 'Test Cases/Mobile/Page/Run App/Run App byID' successfully

2022-01-24 10:27:56 - [TEST_STEP][PASSED] - callTestCase(findTestCase("Mobile/Page/Analysis/Analysis"), ["action":"researchdetail"], CONTINUE_ON_FAILURE): Call Test Case 'Test Cases/Mobile/Page/Analysis/Analysis' successfully

2022-01-24 10:27:56 - [TEST_CASE][PASSED] - Test Cases/Mobile/Page/Analysis/Analysis: Test Cases/Mobile/Page/Analysis/Analysis

2022-01-24 10:27:56 - [TEST_STEP][PASSED] - callTestCase(findTestCase("Mobile/Page/CheckLogin"), [:], CONTINUE_ON_FAILURE): Call Test Case 'Test Cases/Mobile/Page/CheckLogin' successfully

2022-01-24 10:27:56 - [TEST_CASE][PASSED] - Test Cases/Mobile/Page/CheckLogin: Test Cases/Mobile/Page/CheckLogin

2022-01-24 10:27:56 - [TEST_STEP][PASSED] - loginCheck = verifyElementExist(LOGN_BtnLogin, 5, CONTINUE_ON_FAILURE): Element 'Object Repository/Mobile/Page/Login/Button - Login' is exist

2022-01-24 10:27:58 - [MESSAGE][PASSED] - Element 'Object Repository/Mobile/Page/Login/Button - Login' is exist

2022-01-24 10:27:58 - [TEST_STEP][PASSED] - if (loginCheck): Call Test Case 'Test Cases/Mobile/Page/Login/Login' successfully

2022-01-24 10:27:58 - [TEST_STEP][PASSED] - callTestCase(findTestCase("Mobile/Page/Login/Login"), ["action":"username"], CONTINUE_ON_FAILURE): Call Test Case 'Test Cases/Mobile/Page/Login/Login' successfully

2022-01-24 10:27:58 - [TEST_CASE][PASSED] - Test Cases/Mobile/Page/Login/Login: Test Cases/Mobile/Page/Login/Login

2022-01-24 10:27:58 - [TEST_STEP][PASSED] - delay(2): Delayed 2 second(s)

2022-01-24 10:28:00 - [MESSAGE][PASSED] - Delayed 2 second(s)

2022-01-24 10:28:00 - [TEST_STEP][PASSED] - for ([i = 0, i < 1, (i++)]): null

2022-01-24 10:28:00 - [TEST_STEP][PASSED] - if (action == "username"): null

2022-01-24 10:28:00 - [TEST_STEP][PASSED] - tap(LOGN_EdtUserID, 0): Tapped on element 'Object Repository/Mobile/Page/Login/Input - UserID'

2022-01-24 10:28:00 - [MESSAGE][WARNING] - Timeout '0' is invalid. Using default page load timeout: '60'

2022-01-24 10:28:00 - [MESSAGE][PASSED] - Tapped on element 'Object Repository/Mobile/Page/Login/Input - UserID'

2022-01-24 10:28:00 - [TEST_STEP][PASSED] - delay(1): Delayed 1 second(s)

2022-01-24 10:28:01 - [MESSAGE][PASSED] - Delayed 1 second(s)

2022-01-24 10:28:01 - [TEST_STEP][PASSED] - setText(LOGN_EdtRdyUserID, "anggaaditya", 0): Text 'anggaaditya' has been set to element 'Object Repository/Mobile/Page/Login/Input Rdy - UserID'

2022-01-24 10:28:01 - [MESSAGE][WARNING] - Timeout '0' is invalid. Using default page load timeout: '60'

2022-01-24 10:28:02 - [MESSAGE][PASSED] - Text 'anggaaditya' has been set to element 'Object Repository/Mobile/Page/Login/Input Rdy - UserID'

2022-01-24 10:28:02 - [TEST_STEP][PASSED] - delay(1): Delayed 1 second(s)

2022-01-24 10:28:03 - [MESSAGE][PASSED] - Delayed 1 second(s)

2022-01-24 10:28:03 - [TEST_STEP][PASSED] - hideKeyboard(): Keyboard is hidden

2022-01-24 10:28:07 - [MESSAGE][PASSED] - Keyboard is hidden

2022-01-24 10:28:07 - [TEST_STEP][PASSED] - tap(LOGN_EdtPassword, 0): Tapped on element 'Object Repository/Mobile/Page/Login/Input - Password'

2022-01-24 10:28:07 - [MESSAGE][WARNING] - Timeout '0' is invalid. Using default page load timeout: '60'

2022-01-24 10:28:09 - [MESSAGE][PASSED] - Tapped on element 'Object Repository/Mobile/Page/Login/Input - Password'

2022-01-24 10:28:09 - [TEST_STEP][PASSED] - delay(1): Delayed 1 second(s)

2022-01-24 10:28:10 - [MESSAGE][PASSED] - Delayed 1 second(s)

2022-01-24 10:28:10 - [TEST_STEP][PASSED] - setText(LOGN_EdtRdyPassword, "Shalawa18", 0): Text 'Shalawa18' has been set to element 'Object Repository/Mobile/Page/Login/Input Rdy - Password'

2022-01-24 10:28:10 - [MESSAGE][WARNING] - Timeout '0' is invalid. Using default page load timeout: '60'

2022-01-24 10:28:10 - [MESSAGE][PASSED] - Text 'Shalawa18' has been set to element 'Object Repository/Mobile/Page/Login/Input Rdy - Password'

2022-01-24 10:28:10 - [TEST_STEP][PASSED] - delay(1): Delayed 1 second(s)

2022-01-24 10:28:11 - [MESSAGE][PASSED] - Delayed 1 second(s)

2022-01-24 10:28:11 - [TEST_STEP][PASSED] - hideKeyboard(): Keyboard is hidden

2022-01-24 10:28:17 - [MESSAGE][PASSED] - Keyboard is hidden

2022-01-24 10:28:17 - [TEST_STEP][PASSED] - tap(LOGN_BtnLogin, 0): Tapped on element 'Object Repository/Mobile/Page/Login/Button - Login'

2022-01-24 10:28:17 - [MESSAGE][WARNING] - Timeout '0' is invalid. Using default page load timeout: '60'

2022-01-24 10:28:19 - [MESSAGE][PASSED] - Tapped on element 'Object Repository/Mobile/Page/Login/Button - Login'

2022-01-24 10:28:19 - [TEST_STEP][PASSED] - delay(2): Delayed 2 second(s)

2022-01-24 10:28:21 - [MESSAGE][PASSED] - Delayed 2 second(s)

2022-01-24 10:28:21 - [TEST_STEP][PASSED] - break: null

2022-01-24 10:28:21 - [MESSAGE][PASSED] - Call Test Case 'Test Cases/Mobile/Page/Login/Login' successfully

2022-01-24 10:28:21 - [MESSAGE][PASSED] - Call Test Case 'Test Cases/Mobile/Page/CheckLogin' successfully

2022-01-24 10:28:21 - [TEST_STEP][PASSED] - tap(HOME_MenubarAnalysis, 0): Tapped on element 'Object Repository/Mobile/Page/Home/Menubar - Analysis'

2022-01-24 10:28:21 - [MESSAGE][WARNING] - Timeout '0' is invalid. Using default page load timeout: '60'

2022-01-24 10:28:22 - [MESSAGE][PASSED] - Tapped on element 'Object Repository/Mobile/Page/Home/Menubar - Analysis'

2022-01-24 10:28:22 - [TEST_STEP][PASSED] - delay(3): Delayed 3 second(s)

2022-01-24 10:28:25 - [MESSAGE][PASSED] - Delayed 3 second(s)

2022-01-24 10:28:25 - [TEST_STEP][PASSED] - for ([i = 0, i < 1, (i++)]): Press back button successfully

2022-01-24 10:28:25 - [TEST_STEP][PASSED] - if (action == "technicalsearch"): null

2022-01-24 10:28:25 - [TEST_STEP][PASSED] - else if (action == "technicaldetail"): null

2022-01-24 10:28:25 - [TEST_STEP][PASSED] - else if (action == "researchdetail"): Press back button successfully

2022-01-24 10:28:25 - [TEST_STEP][PASSED] - tap(ANAL_TabResearchReport, 0): Tapped on element 'Object Repository/Mobile/Page/Analysis/Tab - Research Report'

2022-01-24 10:28:25 - [MESSAGE][WARNING] - Timeout '0' is invalid. Using default page load timeout: '60'

2022-01-24 10:28:25 - [MESSAGE][PASSED] - Tapped on element 'Object Repository/Mobile/Page/Analysis/Tab - Research Report'

2022-01-24 10:28:25 - [TEST_STEP][PASSED] - delay(1): Delayed 1 second(s)

2022-01-24 10:28:26 - [MESSAGE][PASSED] - Delayed 1 second(s)

2022-01-24 10:28:26 - [TEST_STEP][PASSED] - tapAndHold(ANAL_ItemTopSearch, 1, 0): Tapped and held on element 'Object Repository/Mobile/Page/Analysis/Item - Top Search' with duration 1

2022-01-24 10:28:26 - [MESSAGE][WARNING] - Timeout '0' is invalid. Using default page load timeout: '60'

2022-01-24 10:28:29 - [MESSAGE][PASSED] - Tapped and held on element 'Object Repository/Mobile/Page/Analysis/Item - Top Search' with duration 1

2022-01-24 10:28:29 - [TEST_STEP][PASSED] - delay(3): Delayed 3 second(s)

2022-01-24 10:28:32 - [MESSAGE][PASSED] - Delayed 3 second(s)

2022-01-24 10:28:32 - [TEST_STEP][PASSED] - pressBack(): Press back button successfully

2022-01-24 10:28:32 - [MESSAGE][PASSED] - Press back button successfully

2022-01-24 10:28:32 - [MESSAGE][PASSED] - Call Test Case 'Test Cases/Mobile/Page/Analysis/Analysis' successfully

2022-01-24 10:28:32 - [TEST_STEP][PASSED] - callTestCase(findTestCase("Mobile/Page/Run App/Terminate App"), [:], STOP_ON_FAILURE): Call Test Case 'Test Cases/Mobile/Page/Run App/Terminate App' successfully

2022-01-24 10:28:32 - [TEST_CASE][PASSED] - Test Cases/Mobile/Page/Run App/Terminate App: Test Cases/Mobile/Page/Run App/Terminate App

2022-01-24 10:28:32 - [TEST_STEP][PASSED] - startApp.OpenApp.terminateApplication(): startApp.OpenApp.terminateApplication is PASSED

2022-01-24 10:28:36 - [MESSAGE][PASSED] - Delayed 3 second(s)

2022-01-24 10:28:36 - [MESSAGE][PASSED] - Current device physical width is 720

2022-01-24 10:28:37 - [MESSAGE][PASSED] - Current device physical height is 1423

2022-01-24 10:28:38 - [MESSAGE][PASSED] - Swiped from 360,853 to 360,142

2022-01-24 10:28:39 - [MESSAGE][PASSED] - Delayed 1 second(s)

2022-01-24 10:28:40 - [MESSAGE][PASSED] - Swiped from 360,853 to 360,142

2022-01-24 10:28:43 - [MESSAGE][PASSED] - Delayed 3 second(s)

2022-01-24 10:28:43 - [MESSAGE][PASSED] - startApp.OpenApp.terminateApplication is PASSED

2022-01-24 10:28:43 - [MESSAGE][PASSED] - Call Test Case 'Test Cases/Mobile/Page/Run App/Terminate App' successfully]]></system-out>
         <system-err><![CDATA[]]></system-err>
      </testcase>
      <testcase name="Test Cases/Mobile/Scenario/Analysis/007 - Mencari research report" time="65.705" classname="Test Cases/Mobile/Scenario/Analysis/007 - Mencari research report" status="PASSED">
         <system-out><![CDATA[2022-01-24 10:28:43 - [TEST_CASE][PASSED] - Test Cases/Mobile/Scenario/Analysis/007 - Mencari research report: Test Cases/Mobile/Scenario/Analysis/007 - Mencari research report

2022-01-24 10:28:44 - [TEST_STEP][PASSED] - callTestCase(findTestCase("Mobile/Page/Run App/Run App byID"), [:], STOP_ON_FAILURE): Call Test Case 'Test Cases/Mobile/Page/Run App/Run App byID' successfully

2022-01-24 10:28:44 - [TEST_CASE][PASSED] - Test Cases/Mobile/Page/Run App/Run App byID: Test Cases/Mobile/Page/Run App/Run App byID

2022-01-24 10:28:44 - [TEST_STEP][PASSED] - startApp.OpenApp.startApplication("id.co.miraeasset.sageclub"): startApp.OpenApp.startApplication is PASSED

2022-01-24 10:28:57 - [MESSAGE][PASSED] - Starting app with application ID: 'id.co.miraeasset.sageclub'

2022-01-24 10:28:57 - [MESSAGE][PASSED] - startApp.OpenApp.startApplication is PASSED

2022-01-24 10:28:57 - [MESSAGE][PASSED] - Call Test Case 'Test Cases/Mobile/Page/Run App/Run App byID' successfully

2022-01-24 10:28:57 - [TEST_STEP][PASSED] - callTestCase(findTestCase("Mobile/Page/Analysis/Analysis"), ["action":"researchsearch"], CONTINUE_ON_FAILURE): Call Test Case 'Test Cases/Mobile/Page/Analysis/Analysis' successfully

2022-01-24 10:28:57 - [TEST_CASE][PASSED] - Test Cases/Mobile/Page/Analysis/Analysis: Test Cases/Mobile/Page/Analysis/Analysis

2022-01-24 10:28:57 - [TEST_STEP][PASSED] - callTestCase(findTestCase("Mobile/Page/CheckLogin"), [:], CONTINUE_ON_FAILURE): Call Test Case 'Test Cases/Mobile/Page/CheckLogin' successfully

2022-01-24 10:28:57 - [TEST_CASE][PASSED] - Test Cases/Mobile/Page/CheckLogin: Test Cases/Mobile/Page/CheckLogin

2022-01-24 10:28:57 - [TEST_STEP][PASSED] - loginCheck = verifyElementExist(LOGN_BtnLogin, 5, CONTINUE_ON_FAILURE): Element 'Object Repository/Mobile/Page/Login/Button - Login' is exist

2022-01-24 10:28:59 - [MESSAGE][PASSED] - Element 'Object Repository/Mobile/Page/Login/Button - Login' is exist

2022-01-24 10:28:59 - [TEST_STEP][PASSED] - if (loginCheck): Call Test Case 'Test Cases/Mobile/Page/Login/Login' successfully

2022-01-24 10:28:59 - [TEST_STEP][PASSED] - callTestCase(findTestCase("Mobile/Page/Login/Login"), ["action":"username"], CONTINUE_ON_FAILURE): Call Test Case 'Test Cases/Mobile/Page/Login/Login' successfully

2022-01-24 10:28:59 - [TEST_CASE][PASSED] - Test Cases/Mobile/Page/Login/Login: Test Cases/Mobile/Page/Login/Login

2022-01-24 10:28:59 - [TEST_STEP][PASSED] - delay(2): Delayed 2 second(s)

2022-01-24 10:29:01 - [MESSAGE][PASSED] - Delayed 2 second(s)

2022-01-24 10:29:01 - [TEST_STEP][PASSED] - for ([i = 0, i < 1, (i++)]): null

2022-01-24 10:29:01 - [TEST_STEP][PASSED] - if (action == "username"): null

2022-01-24 10:29:01 - [TEST_STEP][PASSED] - tap(LOGN_EdtUserID, 0): Tapped on element 'Object Repository/Mobile/Page/Login/Input - UserID'

2022-01-24 10:29:01 - [MESSAGE][WARNING] - Timeout '0' is invalid. Using default page load timeout: '60'

2022-01-24 10:29:02 - [MESSAGE][PASSED] - Tapped on element 'Object Repository/Mobile/Page/Login/Input - UserID'

2022-01-24 10:29:02 - [TEST_STEP][PASSED] - delay(1): Delayed 1 second(s)

2022-01-24 10:29:03 - [MESSAGE][PASSED] - Delayed 1 second(s)

2022-01-24 10:29:03 - [TEST_STEP][PASSED] - setText(LOGN_EdtRdyUserID, "anggaaditya", 0): Text 'anggaaditya' has been set to element 'Object Repository/Mobile/Page/Login/Input Rdy - UserID'

2022-01-24 10:29:03 - [MESSAGE][WARNING] - Timeout '0' is invalid. Using default page load timeout: '60'

2022-01-24 10:29:03 - [MESSAGE][PASSED] - Text 'anggaaditya' has been set to element 'Object Repository/Mobile/Page/Login/Input Rdy - UserID'

2022-01-24 10:29:03 - [TEST_STEP][PASSED] - delay(1): Delayed 1 second(s)

2022-01-24 10:29:04 - [MESSAGE][PASSED] - Delayed 1 second(s)

2022-01-24 10:29:04 - [TEST_STEP][PASSED] - hideKeyboard(): Keyboard is hidden

2022-01-24 10:29:08 - [MESSAGE][PASSED] - Keyboard is hidden

2022-01-24 10:29:08 - [TEST_STEP][PASSED] - tap(LOGN_EdtPassword, 0): Tapped on element 'Object Repository/Mobile/Page/Login/Input - Password'

2022-01-24 10:29:08 - [MESSAGE][WARNING] - Timeout '0' is invalid. Using default page load timeout: '60'

2022-01-24 10:29:08 - [MESSAGE][PASSED] - Tapped on element 'Object Repository/Mobile/Page/Login/Input - Password'

2022-01-24 10:29:08 - [TEST_STEP][PASSED] - delay(1): Delayed 1 second(s)

2022-01-24 10:29:09 - [MESSAGE][PASSED] - Delayed 1 second(s)

2022-01-24 10:29:09 - [TEST_STEP][PASSED] - setText(LOGN_EdtRdyPassword, "Shalawa18", 0): Text 'Shalawa18' has been set to element 'Object Repository/Mobile/Page/Login/Input Rdy - Password'

2022-01-24 10:29:09 - [MESSAGE][WARNING] - Timeout '0' is invalid. Using default page load timeout: '60'

2022-01-24 10:29:10 - [MESSAGE][PASSED] - Text 'Shalawa18' has been set to element 'Object Repository/Mobile/Page/Login/Input Rdy - Password'

2022-01-24 10:29:10 - [TEST_STEP][PASSED] - delay(1): Delayed 1 second(s)

2022-01-24 10:29:11 - [MESSAGE][PASSED] - Delayed 1 second(s)

2022-01-24 10:29:11 - [TEST_STEP][PASSED] - hideKeyboard(): Keyboard is hidden

2022-01-24 10:29:17 - [MESSAGE][PASSED] - Keyboard is hidden

2022-01-24 10:29:17 - [TEST_STEP][PASSED] - tap(LOGN_BtnLogin, 0): Tapped on element 'Object Repository/Mobile/Page/Login/Button - Login'

2022-01-24 10:29:17 - [MESSAGE][WARNING] - Timeout '0' is invalid. Using default page load timeout: '60'

2022-01-24 10:29:18 - [MESSAGE][PASSED] - Tapped on element 'Object Repository/Mobile/Page/Login/Button - Login'

2022-01-24 10:29:18 - [TEST_STEP][PASSED] - delay(2): Delayed 2 second(s)

2022-01-24 10:29:20 - [MESSAGE][PASSED] - Delayed 2 second(s)

2022-01-24 10:29:20 - [TEST_STEP][PASSED] - break: null

2022-01-24 10:29:20 - [MESSAGE][PASSED] - Call Test Case 'Test Cases/Mobile/Page/Login/Login' successfully

2022-01-24 10:29:20 - [MESSAGE][PASSED] - Call Test Case 'Test Cases/Mobile/Page/CheckLogin' successfully

2022-01-24 10:29:20 - [TEST_STEP][PASSED] - tap(HOME_MenubarAnalysis, 0): Tapped on element 'Object Repository/Mobile/Page/Home/Menubar - Analysis'

2022-01-24 10:29:20 - [MESSAGE][WARNING] - Timeout '0' is invalid. Using default page load timeout: '60'

2022-01-24 10:29:21 - [MESSAGE][PASSED] - Tapped on element 'Object Repository/Mobile/Page/Home/Menubar - Analysis'

2022-01-24 10:29:21 - [TEST_STEP][PASSED] - delay(3): Delayed 3 second(s)

2022-01-24 10:29:24 - [MESSAGE][PASSED] - Delayed 3 second(s)

2022-01-24 10:29:24 - [TEST_STEP][PASSED] - for ([i = 0, i < 1, (i++)]): Press back button successfully

2022-01-24 10:29:24 - [TEST_STEP][PASSED] - if (action == "technicalsearch"): null

2022-01-24 10:29:24 - [TEST_STEP][PASSED] - else if (action == "technicaldetail"): null

2022-01-24 10:29:24 - [TEST_STEP][PASSED] - else if (action == "researchdetail"): null

2022-01-24 10:29:24 - [TEST_STEP][PASSED] - else if (action == "researchsearch"): Press back button successfully

2022-01-24 10:29:24 - [TEST_STEP][PASSED] - tap(ANAL_TabResearchReport, 0): Tapped on element 'Object Repository/Mobile/Page/Analysis/Tab - Research Report'

2022-01-24 10:29:24 - [MESSAGE][WARNING] - Timeout '0' is invalid. Using default page load timeout: '60'

2022-01-24 10:29:25 - [MESSAGE][PASSED] - Tapped on element 'Object Repository/Mobile/Page/Analysis/Tab - Research Report'

2022-01-24 10:29:25 - [TEST_STEP][PASSED] - delay(1): Delayed 1 second(s)

2022-01-24 10:29:26 - [MESSAGE][PASSED] - Delayed 1 second(s)

2022-01-24 10:29:26 - [TEST_STEP][PASSED] - tap(ANAL_EdtSearch, 0): Tapped on element 'Object Repository/Mobile/Page/Analysis/Input - Search'

2022-01-24 10:29:26 - [MESSAGE][WARNING] - Timeout '0' is invalid. Using default page load timeout: '60'

2022-01-24 10:29:27 - [MESSAGE][PASSED] - Tapped on element 'Object Repository/Mobile/Page/Analysis/Input - Search'

2022-01-24 10:29:27 - [TEST_STEP][PASSED] - delay(1): Delayed 1 second(s)

2022-01-24 10:29:28 - [MESSAGE][PASSED] - Delayed 1 second(s)

2022-01-24 10:29:28 - [TEST_STEP][PASSED] - setText(ANAL_EdtSearch, "embun", 0): Text 'embun' has been set to element 'Object Repository/Mobile/Page/Analysis/Input - Search'

2022-01-24 10:29:28 - [MESSAGE][WARNING] - Timeout '0' is invalid. Using default page load timeout: '60'

2022-01-24 10:29:28 - [MESSAGE][PASSED] - Text 'embun' has been set to element 'Object Repository/Mobile/Page/Analysis/Input - Search'

2022-01-24 10:29:28 - [TEST_STEP][PASSED] - hideKeyboard(): Keyboard is hidden

2022-01-24 10:29:31 - [MESSAGE][PASSED] - Keyboard is hidden

2022-01-24 10:29:31 - [TEST_STEP][PASSED] - tapAndHold(ANAL_ItemTopSearch, 1, 0): Tapped and held on element 'Object Repository/Mobile/Page/Analysis/Item - Top Search' with duration 1

2022-01-24 10:29:31 - [MESSAGE][WARNING] - Timeout '0' is invalid. Using default page load timeout: '60'

2022-01-24 10:29:34 - [MESSAGE][PASSED] - Tapped and held on element 'Object Repository/Mobile/Page/Analysis/Item - Top Search' with duration 1

2022-01-24 10:29:34 - [TEST_STEP][PASSED] - delay(3): Delayed 3 second(s)

2022-01-24 10:29:37 - [MESSAGE][PASSED] - Delayed 3 second(s)

2022-01-24 10:29:37 - [TEST_STEP][PASSED] - pressBack(): Press back button successfully

2022-01-24 10:29:38 - [MESSAGE][PASSED] - Press back button successfully

2022-01-24 10:29:38 - [MESSAGE][PASSED] - Call Test Case 'Test Cases/Mobile/Page/Analysis/Analysis' successfully

2022-01-24 10:29:38 - [TEST_STEP][PASSED] - callTestCase(findTestCase("Mobile/Page/Run App/Terminate App"), [:], STOP_ON_FAILURE): Call Test Case 'Test Cases/Mobile/Page/Run App/Terminate App' successfully

2022-01-24 10:29:38 - [TEST_CASE][PASSED] - Test Cases/Mobile/Page/Run App/Terminate App: Test Cases/Mobile/Page/Run App/Terminate App

2022-01-24 10:29:38 - [TEST_STEP][PASSED] - startApp.OpenApp.terminateApplication(): startApp.OpenApp.terminateApplication is PASSED

2022-01-24 10:29:42 - [MESSAGE][PASSED] - Delayed 3 second(s)

2022-01-24 10:29:42 - [MESSAGE][PASSED] - Current device physical width is 720

2022-01-24 10:29:42 - [MESSAGE][PASSED] - Current device physical height is 1423

2022-01-24 10:29:44 - [MESSAGE][PASSED] - Swiped from 360,853 to 360,142

2022-01-24 10:29:45 - [MESSAGE][PASSED] - Delayed 1 second(s)

2022-01-24 10:29:46 - [MESSAGE][PASSED] - Swiped from 360,853 to 360,142

2022-01-24 10:29:49 - [MESSAGE][PASSED] - Delayed 3 second(s)

2022-01-24 10:29:49 - [MESSAGE][PASSED] - startApp.OpenApp.terminateApplication is PASSED

2022-01-24 10:29:49 - [MESSAGE][PASSED] - Call Test Case 'Test Cases/Mobile/Page/Run App/Terminate App' successfully]]></system-out>
         <system-err><![CDATA[]]></system-err>
      </testcase>
      <system-out><![CDATA[2022-01-24 10:22:06 - [TEST_SUITE][PASSED] - analysis: Test Cases/Mobile/Scenario/Analysis/007 - Mencari research report]]></system-out>
      <system-err><![CDATA[]]></system-err>
   </testsuite>
</testsuites>
