<?xml version="1.0" encoding="UTF-8"?>
<testsuites name="portfolio" time="1212.949" tests="19" failures="0" skips="0" errors="0">
   <testsuite name="portfolio" tests="19" failures="0" errors="0" time="1212.949" skips="0" timestamp="2022-01-10 15:06:15" hostname="Owner - aldy-tft" id="Test Suites/portfolio">
      <properties>
         <property name="deviceName" value="samsung SM-A205F (Android 11)"/>
         <property name="devicePlatform" value=""/>
         <property name="logFolder" value="C:\\Users\\Owner\\Documents\\kerjaan\\KatalonProject\\qa_katalon_pwm\\qa_katalon_pwm\\Reports\\20220110_150059\\portfolio\\20220110_150105"/>
         <property name="logFiles" value="C:\\Users\\Owner\\Documents\\kerjaan\\KatalonProject\\qa_katalon_pwm\\qa_katalon_pwm\\Reports\\20220110_150059\\portfolio\\20220110_150105\\appium.log, C:\\Users\\Owner\\Documents\\kerjaan\\KatalonProject\\qa_katalon_pwm\\qa_katalon_pwm\\Reports\\20220110_150059\\portfolio\\20220110_150105\\execution0.log"/>
         <property name="attachments" value=""/>
         <property name="hostName" value="Owner - aldy-tft"/>
         <property name="os" value="Windows 10 64bit"/>
         <property name="appiumServerStatus" value="{&quot;value&quot;:{&quot;build&quot;:{&quot;version&quot;:&quot;1.22.0&quot;}},&quot;sessionId&quot;:null,&quot;status&quot;:0}"/>
         <property name="katalonVersion" value="7.9.1.208"/>
         <property name="deviceOS" value="Android"/>
         <property name="appiumVersion" value="1.22.0"/>
         <property name="deviceModel" value="SM-A205F"/>
         <property name="hostAddress" value="10.0.30.101"/>
         <property name="deviceManufacturer" value="samsung"/>
         <property name="deviceId" value="RR8M40C9AXE"/>
         <property name="deviceName" value="samsung SM-A205F (Android 11)"/>
         <property name="deviceOSVersion" value="11"/>
      </properties>
      <testcase name="Test Cases/Mobile/Scenario/Portfolio/001 - Summary" time="72.034" classname="Test Cases/Mobile/Scenario/Portfolio/001 - Summary" status="PASSED">
         <system-out><![CDATA[2022-01-10 15:06:16 - [TEST_CASE][PASSED] - Test Cases/Mobile/Scenario/Portfolio/001 - Summary: Test Cases/Mobile/Scenario/Portfolio/001 - Summary

2022-01-10 15:06:16 - [TEST_STEP][PASSED] - callTestCase(findTestCase("Mobile/Page/Run App/Run App byID"), [:], STOP_ON_FAILURE): Call Test Case 'Test Cases/Mobile/Page/Run App/Run App byID' successfully

2022-01-10 15:06:16 - [TEST_CASE][PASSED] - Test Cases/Mobile/Page/Run App/Run App byID: Test Cases/Mobile/Page/Run App/Run App byID

2022-01-10 15:06:17 - [TEST_STEP][PASSED] - startApp.OpenApp.startApplication("id.co.miraeasset.sageclub"): startApp.OpenApp.startApplication is PASSED

2022-01-10 15:06:18 - [MESSAGE][INFO] - Appium server started on port 53,793

2022-01-10 15:06:34 - [MESSAGE][PASSED] - Starting app with application ID: 'id.co.miraeasset.sageclub'

2022-01-10 15:06:34 - [MESSAGE][PASSED] - startApp.OpenApp.startApplication is PASSED

2022-01-10 15:06:34 - [MESSAGE][PASSED] - Call Test Case 'Test Cases/Mobile/Page/Run App/Run App byID' successfully

2022-01-10 15:06:34 - [TEST_STEP][PASSED] - callTestCase(findTestCase("Mobile/Page/Portfolio/Portfolio"), ["tab":"summary", "action":"summary"], CONTINUE_ON_FAILURE): Call Test Case 'Test Cases/Mobile/Page/Portfolio/Portfolio' successfully

2022-01-10 15:06:34 - [TEST_CASE][PASSED] - Test Cases/Mobile/Page/Portfolio/Portfolio: Test Cases/Mobile/Page/Portfolio/Portfolio

2022-01-10 15:06:35 - [TEST_STEP][PASSED] - callTestCase(findTestCase("Mobile/Page/CheckLogin"), [:], CONTINUE_ON_FAILURE): Call Test Case 'Test Cases/Mobile/Page/CheckLogin' successfully

2022-01-10 15:06:35 - [TEST_CASE][PASSED] - Test Cases/Mobile/Page/CheckLogin: Test Cases/Mobile/Page/CheckLogin

2022-01-10 15:06:35 - [TEST_STEP][PASSED] - loginCheck = verifyElementExist(LOGN_BtnLogin, 5, CONTINUE_ON_FAILURE): Element 'Object Repository/Mobile/Page/Login/Button - Login' is exist

2022-01-10 15:06:50 - [MESSAGE][PASSED] - Element 'Object Repository/Mobile/Page/Login/Button - Login' is exist

2022-01-10 15:06:50 - [TEST_STEP][PASSED] - if (loginCheck): Call Test Case 'Test Cases/Mobile/Page/Login/Login' successfully

2022-01-10 15:06:50 - [TEST_STEP][PASSED] - callTestCase(findTestCase("Mobile/Page/Login/Login"), ["action":"username"], CONTINUE_ON_FAILURE): Call Test Case 'Test Cases/Mobile/Page/Login/Login' successfully

2022-01-10 15:06:50 - [TEST_CASE][PASSED] - Test Cases/Mobile/Page/Login/Login: Test Cases/Mobile/Page/Login/Login

2022-01-10 15:06:50 - [TEST_STEP][PASSED] - delay(2): Delayed 2 second(s)

2022-01-10 15:06:52 - [MESSAGE][PASSED] - Delayed 2 second(s)

2022-01-10 15:06:52 - [TEST_STEP][PASSED] - for ([i = 0, i < 1, (i++)]): null

2022-01-10 15:06:52 - [TEST_STEP][PASSED] - if (action == "username"): null

2022-01-10 15:06:52 - [TEST_STEP][PASSED] - tap(LOGN_EdtUserID, 0): Tapped on element 'Object Repository/Mobile/Page/Login/Input - UserID'

2022-01-10 15:06:52 - [MESSAGE][WARNING] - Timeout '0' is invalid. Using default page load timeout: '60'

2022-01-10 15:06:53 - [MESSAGE][PASSED] - Tapped on element 'Object Repository/Mobile/Page/Login/Input - UserID'

2022-01-10 15:06:53 - [TEST_STEP][PASSED] - delay(1): Delayed 1 second(s)

2022-01-10 15:06:54 - [MESSAGE][PASSED] - Delayed 1 second(s)

2022-01-10 15:06:54 - [TEST_STEP][PASSED] - setText(LOGN_EdtRdyUserID, "anggaaditya", 0): Text 'anggaaditya' has been set to element 'Object Repository/Mobile/Page/Login/Input Rdy - UserID'

2022-01-10 15:06:54 - [MESSAGE][WARNING] - Timeout '0' is invalid. Using default page load timeout: '60'

2022-01-10 15:06:54 - [MESSAGE][PASSED] - Text 'anggaaditya' has been set to element 'Object Repository/Mobile/Page/Login/Input Rdy - UserID'

2022-01-10 15:06:54 - [TEST_STEP][PASSED] - delay(1): Delayed 1 second(s)

2022-01-10 15:06:55 - [MESSAGE][PASSED] - Delayed 1 second(s)

2022-01-10 15:06:55 - [TEST_STEP][PASSED] - hideKeyboard(): Keyboard is hidden

2022-01-10 15:06:59 - [MESSAGE][PASSED] - Keyboard is hidden

2022-01-10 15:06:59 - [TEST_STEP][PASSED] - tap(LOGN_EdtPassword, 0): Tapped on element 'Object Repository/Mobile/Page/Login/Input - Password'

2022-01-10 15:06:59 - [MESSAGE][WARNING] - Timeout '0' is invalid. Using default page load timeout: '60'

2022-01-10 15:06:59 - [MESSAGE][PASSED] - Tapped on element 'Object Repository/Mobile/Page/Login/Input - Password'

2022-01-10 15:06:59 - [TEST_STEP][PASSED] - delay(1): Delayed 1 second(s)

2022-01-10 15:07:00 - [MESSAGE][PASSED] - Delayed 1 second(s)

2022-01-10 15:07:00 - [TEST_STEP][PASSED] - setText(LOGN_EdtRdyPassword, "Shalawa18", 0): Text 'Shalawa18' has been set to element 'Object Repository/Mobile/Page/Login/Input Rdy - Password'

2022-01-10 15:07:00 - [MESSAGE][WARNING] - Timeout '0' is invalid. Using default page load timeout: '60'

2022-01-10 15:07:01 - [MESSAGE][PASSED] - Text 'Shalawa18' has been set to element 'Object Repository/Mobile/Page/Login/Input Rdy - Password'

2022-01-10 15:07:01 - [TEST_STEP][PASSED] - delay(1): Delayed 1 second(s)

2022-01-10 15:07:02 - [MESSAGE][PASSED] - Delayed 1 second(s)

2022-01-10 15:07:02 - [TEST_STEP][PASSED] - hideKeyboard(): Keyboard is hidden

2022-01-10 15:07:08 - [MESSAGE][PASSED] - Keyboard is hidden

2022-01-10 15:07:08 - [TEST_STEP][PASSED] - tap(LOGN_BtnLogin, 0): Tapped on element 'Object Repository/Mobile/Page/Login/Button - Login'

2022-01-10 15:07:08 - [MESSAGE][WARNING] - Timeout '0' is invalid. Using default page load timeout: '60'

2022-01-10 15:07:09 - [MESSAGE][PASSED] - Tapped on element 'Object Repository/Mobile/Page/Login/Button - Login'

2022-01-10 15:07:09 - [TEST_STEP][PASSED] - delay(2): Delayed 2 second(s)

2022-01-10 15:07:11 - [MESSAGE][PASSED] - Delayed 2 second(s)

2022-01-10 15:07:11 - [TEST_STEP][PASSED] - break: null

2022-01-10 15:07:11 - [MESSAGE][PASSED] - Call Test Case 'Test Cases/Mobile/Page/Login/Login' successfully

2022-01-10 15:07:11 - [MESSAGE][PASSED] - Call Test Case 'Test Cases/Mobile/Page/CheckLogin' successfully

2022-01-10 15:07:11 - [TEST_STEP][PASSED] - tap(HOME_MenubarPortfolio, 0): Tapped on element 'Object Repository/Mobile/Page/Home/Menubar - Portfolio'

2022-01-10 15:07:11 - [MESSAGE][WARNING] - Timeout '0' is invalid. Using default page load timeout: '60'

2022-01-10 15:07:13 - [MESSAGE][PASSED] - Tapped on element 'Object Repository/Mobile/Page/Home/Menubar - Portfolio'

2022-01-10 15:07:13 - [TEST_STEP][PASSED] - delay(1): Delayed 1 second(s)

2022-01-10 15:07:14 - [MESSAGE][PASSED] - Delayed 1 second(s)

2022-01-10 15:07:14 - [TEST_STEP][PASSED] - for ([i = 0, i < 1, (i++)]): null

2022-01-10 15:07:14 - [TEST_STEP][PASSED] - if (tab == "summary"): null

2022-01-10 15:07:14 - [TEST_STEP][PASSED] - idr = PORT_BtnIDR: null

2022-01-10 15:07:14 - [TEST_STEP][PASSED] - persen = PORT_BtnPersen: null

2022-01-10 15:07:14 - [TEST_STEP][PASSED] - if (action == "summary"): Delayed 3 second(s)

2022-01-10 15:07:14 - [TEST_STEP][PASSED] - delay(3): Delayed 3 second(s)

2022-01-10 15:07:17 - [MESSAGE][PASSED] - Delayed 3 second(s)

2022-01-10 15:07:17 - [TEST_STEP][PASSED] - if (action != "summary"): null

2022-01-10 15:07:17 - [MESSAGE][PASSED] - Call Test Case 'Test Cases/Mobile/Page/Portfolio/Portfolio' successfully

2022-01-10 15:07:17 - [TEST_STEP][PASSED] - callTestCase(findTestCase("Mobile/Page/Run App/Terminate App"), [:], STOP_ON_FAILURE): Call Test Case 'Test Cases/Mobile/Page/Run App/Terminate App' successfully

2022-01-10 15:07:17 - [TEST_CASE][PASSED] - Test Cases/Mobile/Page/Run App/Terminate App: Test Cases/Mobile/Page/Run App/Terminate App

2022-01-10 15:07:17 - [TEST_STEP][PASSED] - startApp.OpenApp.terminateApplication(): startApp.OpenApp.terminateApplication is PASSED

2022-01-10 15:07:21 - [MESSAGE][PASSED] - Delayed 3 second(s)

2022-01-10 15:07:21 - [MESSAGE][PASSED] - Current device physical width is 720

2022-01-10 15:07:21 - [MESSAGE][PASSED] - Current device physical height is 1423

2022-01-10 15:07:23 - [MESSAGE][PASSED] - Swiped from 360,853 to 360,142

2022-01-10 15:07:24 - [MESSAGE][PASSED] - Delayed 1 second(s)

2022-01-10 15:07:25 - [MESSAGE][PASSED] - Swiped from 360,853 to 360,142

2022-01-10 15:07:28 - [MESSAGE][PASSED] - Delayed 3 second(s)

2022-01-10 15:07:28 - [MESSAGE][PASSED] - startApp.OpenApp.terminateApplication is PASSED

2022-01-10 15:07:28 - [MESSAGE][PASSED] - Call Test Case 'Test Cases/Mobile/Page/Run App/Terminate App' successfully]]></system-out>
         <system-err><![CDATA[]]></system-err>
      </testcase>
      <testcase name="Test Cases/Mobile/Scenario/Portfolio/002 - Portfolio Performance Daily IDR" time="60.829" classname="Test Cases/Mobile/Scenario/Portfolio/002 - Portfolio Performance Daily IDR" status="PASSED">
         <system-out><![CDATA[2022-01-10 15:07:28 - [TEST_CASE][PASSED] - Test Cases/Mobile/Scenario/Portfolio/002 - Portfolio Performance Daily IDR: Test Cases/Mobile/Scenario/Portfolio/002 - Portfolio Performance Daily IDR

2022-01-10 15:07:28 - [TEST_STEP][PASSED] - callTestCase(findTestCase("Mobile/Page/Run App/Run App byID"), [:], STOP_ON_FAILURE): Call Test Case 'Test Cases/Mobile/Page/Run App/Run App byID' successfully

2022-01-10 15:07:28 - [TEST_CASE][PASSED] - Test Cases/Mobile/Page/Run App/Run App byID: Test Cases/Mobile/Page/Run App/Run App byID

2022-01-10 15:07:28 - [TEST_STEP][PASSED] - startApp.OpenApp.startApplication("id.co.miraeasset.sageclub"): startApp.OpenApp.startApplication is PASSED

2022-01-10 15:07:41 - [MESSAGE][PASSED] - Starting app with application ID: 'id.co.miraeasset.sageclub'

2022-01-10 15:07:41 - [MESSAGE][PASSED] - startApp.OpenApp.startApplication is PASSED

2022-01-10 15:07:41 - [MESSAGE][PASSED] - Call Test Case 'Test Cases/Mobile/Page/Run App/Run App byID' successfully

2022-01-10 15:07:41 - [TEST_STEP][PASSED] - callTestCase(findTestCase("Mobile/Page/Portfolio/Portfolio"), ["tab":"summary", "action":"perf_daily", "action2":"idr"], CONTINUE_ON_FAILURE): Call Test Case 'Test Cases/Mobile/Page/Portfolio/Portfolio' successfully

2022-01-10 15:07:41 - [TEST_CASE][PASSED] - Test Cases/Mobile/Page/Portfolio/Portfolio: Test Cases/Mobile/Page/Portfolio/Portfolio

2022-01-10 15:07:41 - [TEST_STEP][PASSED] - callTestCase(findTestCase("Mobile/Page/CheckLogin"), [:], CONTINUE_ON_FAILURE): Call Test Case 'Test Cases/Mobile/Page/CheckLogin' successfully

2022-01-10 15:07:41 - [TEST_CASE][PASSED] - Test Cases/Mobile/Page/CheckLogin: Test Cases/Mobile/Page/CheckLogin

2022-01-10 15:07:41 - [TEST_STEP][PASSED] - loginCheck = verifyElementExist(LOGN_BtnLogin, 5, CONTINUE_ON_FAILURE): Element 'Object Repository/Mobile/Page/Login/Button - Login' is exist

2022-01-10 15:07:43 - [MESSAGE][PASSED] - Element 'Object Repository/Mobile/Page/Login/Button - Login' is exist

2022-01-10 15:07:43 - [TEST_STEP][PASSED] - if (loginCheck): Call Test Case 'Test Cases/Mobile/Page/Login/Login' successfully

2022-01-10 15:07:43 - [TEST_STEP][PASSED] - callTestCase(findTestCase("Mobile/Page/Login/Login"), ["action":"username"], CONTINUE_ON_FAILURE): Call Test Case 'Test Cases/Mobile/Page/Login/Login' successfully

2022-01-10 15:07:43 - [TEST_CASE][PASSED] - Test Cases/Mobile/Page/Login/Login: Test Cases/Mobile/Page/Login/Login

2022-01-10 15:07:43 - [TEST_STEP][PASSED] - delay(2): Delayed 2 second(s)

2022-01-10 15:07:45 - [MESSAGE][PASSED] - Delayed 2 second(s)

2022-01-10 15:07:45 - [TEST_STEP][PASSED] - for ([i = 0, i < 1, (i++)]): null

2022-01-10 15:07:45 - [TEST_STEP][PASSED] - if (action == "username"): null

2022-01-10 15:07:45 - [TEST_STEP][PASSED] - tap(LOGN_EdtUserID, 0): Tapped on element 'Object Repository/Mobile/Page/Login/Input - UserID'

2022-01-10 15:07:45 - [MESSAGE][WARNING] - Timeout '0' is invalid. Using default page load timeout: '60'

2022-01-10 15:07:46 - [MESSAGE][PASSED] - Tapped on element 'Object Repository/Mobile/Page/Login/Input - UserID'

2022-01-10 15:07:46 - [TEST_STEP][PASSED] - delay(1): Delayed 1 second(s)

2022-01-10 15:07:47 - [MESSAGE][PASSED] - Delayed 1 second(s)

2022-01-10 15:07:47 - [TEST_STEP][PASSED] - setText(LOGN_EdtRdyUserID, "anggaaditya", 0): Text 'anggaaditya' has been set to element 'Object Repository/Mobile/Page/Login/Input Rdy - UserID'

2022-01-10 15:07:47 - [MESSAGE][WARNING] - Timeout '0' is invalid. Using default page load timeout: '60'

2022-01-10 15:07:47 - [MESSAGE][PASSED] - Text 'anggaaditya' has been set to element 'Object Repository/Mobile/Page/Login/Input Rdy - UserID'

2022-01-10 15:07:47 - [TEST_STEP][PASSED] - delay(1): Delayed 1 second(s)

2022-01-10 15:07:48 - [MESSAGE][PASSED] - Delayed 1 second(s)

2022-01-10 15:07:48 - [TEST_STEP][PASSED] - hideKeyboard(): Keyboard is hidden

2022-01-10 15:07:52 - [MESSAGE][PASSED] - Keyboard is hidden

2022-01-10 15:07:52 - [TEST_STEP][PASSED] - tap(LOGN_EdtPassword, 0): Tapped on element 'Object Repository/Mobile/Page/Login/Input - Password'

2022-01-10 15:07:52 - [MESSAGE][WARNING] - Timeout '0' is invalid. Using default page load timeout: '60'

2022-01-10 15:07:53 - [MESSAGE][PASSED] - Tapped on element 'Object Repository/Mobile/Page/Login/Input - Password'

2022-01-10 15:07:53 - [TEST_STEP][PASSED] - delay(1): Delayed 1 second(s)

2022-01-10 15:07:54 - [MESSAGE][PASSED] - Delayed 1 second(s)

2022-01-10 15:07:54 - [TEST_STEP][PASSED] - setText(LOGN_EdtRdyPassword, "Shalawa18", 0): Text 'Shalawa18' has been set to element 'Object Repository/Mobile/Page/Login/Input Rdy - Password'

2022-01-10 15:07:54 - [MESSAGE][WARNING] - Timeout '0' is invalid. Using default page load timeout: '60'

2022-01-10 15:07:54 - [MESSAGE][PASSED] - Text 'Shalawa18' has been set to element 'Object Repository/Mobile/Page/Login/Input Rdy - Password'

2022-01-10 15:07:54 - [TEST_STEP][PASSED] - delay(1): Delayed 1 second(s)

2022-01-10 15:07:55 - [MESSAGE][PASSED] - Delayed 1 second(s)

2022-01-10 15:07:55 - [TEST_STEP][PASSED] - hideKeyboard(): Keyboard is hidden

2022-01-10 15:08:02 - [MESSAGE][PASSED] - Keyboard is hidden

2022-01-10 15:08:02 - [TEST_STEP][PASSED] - tap(LOGN_BtnLogin, 0): Tapped on element 'Object Repository/Mobile/Page/Login/Button - Login'

2022-01-10 15:08:02 - [MESSAGE][WARNING] - Timeout '0' is invalid. Using default page load timeout: '60'

2022-01-10 15:08:03 - [MESSAGE][PASSED] - Tapped on element 'Object Repository/Mobile/Page/Login/Button - Login'

2022-01-10 15:08:03 - [TEST_STEP][PASSED] - delay(2): Delayed 2 second(s)

2022-01-10 15:08:05 - [MESSAGE][PASSED] - Delayed 2 second(s)

2022-01-10 15:08:05 - [TEST_STEP][PASSED] - break: null

2022-01-10 15:08:05 - [MESSAGE][PASSED] - Call Test Case 'Test Cases/Mobile/Page/Login/Login' successfully

2022-01-10 15:08:05 - [MESSAGE][PASSED] - Call Test Case 'Test Cases/Mobile/Page/CheckLogin' successfully

2022-01-10 15:08:05 - [TEST_STEP][PASSED] - tap(HOME_MenubarPortfolio, 0): Tapped on element 'Object Repository/Mobile/Page/Home/Menubar - Portfolio'

2022-01-10 15:08:05 - [MESSAGE][WARNING] - Timeout '0' is invalid. Using default page load timeout: '60'

2022-01-10 15:08:06 - [MESSAGE][PASSED] - Tapped on element 'Object Repository/Mobile/Page/Home/Menubar - Portfolio'

2022-01-10 15:08:06 - [TEST_STEP][PASSED] - delay(1): Delayed 1 second(s)

2022-01-10 15:08:07 - [MESSAGE][PASSED] - Delayed 1 second(s)

2022-01-10 15:08:07 - [TEST_STEP][PASSED] - for ([i = 0, i < 1, (i++)]): Delayed 3 second(s)

2022-01-10 15:08:07 - [TEST_STEP][PASSED] - if (tab == "summary"): Delayed 3 second(s)

2022-01-10 15:08:07 - [TEST_STEP][PASSED] - idr = PORT_BtnIDR: null

2022-01-10 15:08:07 - [TEST_STEP][PASSED] - persen = PORT_BtnPersen: null

2022-01-10 15:08:07 - [TEST_STEP][PASSED] - if (action == "summary"): null

2022-01-10 15:08:07 - [TEST_STEP][PASSED] - else if (action == "perf_daily"): scroll.scroll.scrollScreenBottomToTop is PASSED

2022-01-10 15:08:07 - [TEST_STEP][PASSED] - scroll.scroll.scrollScreenBottomToTop(): scroll.scroll.scrollScreenBottomToTop is PASSED

2022-01-10 15:08:07 - [MESSAGE][PASSED] - Current device physical height is 1423

2022-01-10 15:08:08 - [MESSAGE][PASSED] - Current device physical width is 720

2022-01-10 15:08:09 - [MESSAGE][PASSED] - Swiped from 360,1,138 to 360,284

2022-01-10 15:08:09 - [MESSAGE][PASSED] - scroll.scroll.scrollScreenBottomToTop is PASSED

2022-01-10 15:08:09 - [TEST_STEP][PASSED] - if (action != "summary"): Delayed 3 second(s)

2022-01-10 15:08:09 - [TEST_STEP][PASSED] - delay(1): Delayed 1 second(s)

2022-01-10 15:08:10 - [MESSAGE][PASSED] - Delayed 1 second(s)

2022-01-10 15:08:10 - [TEST_STEP][PASSED] - scroll.scroll.scrollScreenBottomToTop(): scroll.scroll.scrollScreenBottomToTop is PASSED

2022-01-10 15:08:10 - [MESSAGE][PASSED] - Current device physical height is 1423

2022-01-10 15:08:11 - [MESSAGE][PASSED] - Current device physical width is 720

2022-01-10 15:08:12 - [MESSAGE][PASSED] - Swiped from 360,1,138 to 360,284

2022-01-10 15:08:12 - [MESSAGE][PASSED] - scroll.scroll.scrollScreenBottomToTop is PASSED

2022-01-10 15:08:12 - [TEST_STEP][PASSED] - delay(3): Delayed 3 second(s)

2022-01-10 15:08:15 - [MESSAGE][PASSED] - Delayed 3 second(s)

2022-01-10 15:08:15 - [TEST_STEP][PASSED] - if (action2 == "idr"): Delayed 3 second(s)

2022-01-10 15:08:15 - [TEST_STEP][PASSED] - tap(idr, 10): Tapped on element 'Object Repository/Mobile/Page/Portfolio/Button - IDR'

2022-01-10 15:08:15 - [MESSAGE][PASSED] - Tapped on element 'Object Repository/Mobile/Page/Portfolio/Button - IDR'

2022-01-10 15:08:15 - [TEST_STEP][PASSED] - delay(3): Delayed 3 second(s)

2022-01-10 15:08:18 - [MESSAGE][PASSED] - Delayed 3 second(s)

2022-01-10 15:08:18 - [MESSAGE][PASSED] - Call Test Case 'Test Cases/Mobile/Page/Portfolio/Portfolio' successfully

2022-01-10 15:08:18 - [TEST_STEP][PASSED] - callTestCase(findTestCase("Mobile/Page/Run App/Terminate App"), [:], STOP_ON_FAILURE): Call Test Case 'Test Cases/Mobile/Page/Run App/Terminate App' successfully

2022-01-10 15:08:18 - [TEST_CASE][PASSED] - Test Cases/Mobile/Page/Run App/Terminate App: Test Cases/Mobile/Page/Run App/Terminate App

2022-01-10 15:08:18 - [TEST_STEP][PASSED] - startApp.OpenApp.terminateApplication(): startApp.OpenApp.terminateApplication is PASSED

2022-01-10 15:08:22 - [MESSAGE][PASSED] - Delayed 3 second(s)

2022-01-10 15:08:22 - [MESSAGE][PASSED] - Current device physical width is 720

2022-01-10 15:08:22 - [MESSAGE][PASSED] - Current device physical height is 1423

2022-01-10 15:08:23 - [MESSAGE][PASSED] - Swiped from 360,853 to 360,142

2022-01-10 15:08:24 - [MESSAGE][PASSED] - Delayed 1 second(s)

2022-01-10 15:08:26 - [MESSAGE][PASSED] - Swiped from 360,853 to 360,142

2022-01-10 15:08:29 - [MESSAGE][PASSED] - Delayed 3 second(s)

2022-01-10 15:08:29 - [MESSAGE][PASSED] - startApp.OpenApp.terminateApplication is PASSED

2022-01-10 15:08:29 - [MESSAGE][PASSED] - Call Test Case 'Test Cases/Mobile/Page/Run App/Terminate App' successfully]]></system-out>
         <system-err><![CDATA[]]></system-err>
      </testcase>
      <testcase name="Test Cases/Mobile/Scenario/Portfolio/003 - Portfolio Performance Month to Date IDR" time="62.696" classname="Test Cases/Mobile/Scenario/Portfolio/003 - Portfolio Performance Month to Date IDR" status="PASSED">
         <system-out><![CDATA[2022-01-10 15:08:29 - [TEST_CASE][PASSED] - Test Cases/Mobile/Scenario/Portfolio/003 - Portfolio Performance Month to Date IDR: Test Cases/Mobile/Scenario/Portfolio/003 - Portfolio Performance Month to Date IDR

2022-01-10 15:08:29 - [TEST_STEP][PASSED] - callTestCase(findTestCase("Mobile/Page/Run App/Run App byID"), [:], STOP_ON_FAILURE): Call Test Case 'Test Cases/Mobile/Page/Run App/Run App byID' successfully

2022-01-10 15:08:29 - [TEST_CASE][PASSED] - Test Cases/Mobile/Page/Run App/Run App byID: Test Cases/Mobile/Page/Run App/Run App byID

2022-01-10 15:08:29 - [TEST_STEP][PASSED] - startApp.OpenApp.startApplication("id.co.miraeasset.sageclub"): startApp.OpenApp.startApplication is PASSED

2022-01-10 15:08:42 - [MESSAGE][PASSED] - Starting app with application ID: 'id.co.miraeasset.sageclub'

2022-01-10 15:08:42 - [MESSAGE][PASSED] - startApp.OpenApp.startApplication is PASSED

2022-01-10 15:08:42 - [MESSAGE][PASSED] - Call Test Case 'Test Cases/Mobile/Page/Run App/Run App byID' successfully

2022-01-10 15:08:42 - [TEST_STEP][PASSED] - callTestCase(findTestCase("Mobile/Page/Portfolio/Portfolio"), ["tab":"summary", "action":"perf_month", "action2":"idr"], CONTINUE_ON_FAILURE): Call Test Case 'Test Cases/Mobile/Page/Portfolio/Portfolio' successfully

2022-01-10 15:08:42 - [TEST_CASE][PASSED] - Test Cases/Mobile/Page/Portfolio/Portfolio: Test Cases/Mobile/Page/Portfolio/Portfolio

2022-01-10 15:08:42 - [TEST_STEP][PASSED] - callTestCase(findTestCase("Mobile/Page/CheckLogin"), [:], CONTINUE_ON_FAILURE): Call Test Case 'Test Cases/Mobile/Page/CheckLogin' successfully

2022-01-10 15:08:42 - [TEST_CASE][PASSED] - Test Cases/Mobile/Page/CheckLogin: Test Cases/Mobile/Page/CheckLogin

2022-01-10 15:08:42 - [TEST_STEP][PASSED] - loginCheck = verifyElementExist(LOGN_BtnLogin, 5, CONTINUE_ON_FAILURE): Element 'Object Repository/Mobile/Page/Login/Button - Login' is exist

2022-01-10 15:08:44 - [MESSAGE][PASSED] - Element 'Object Repository/Mobile/Page/Login/Button - Login' is exist

2022-01-10 15:08:44 - [TEST_STEP][PASSED] - if (loginCheck): Call Test Case 'Test Cases/Mobile/Page/Login/Login' successfully

2022-01-10 15:08:44 - [TEST_STEP][PASSED] - callTestCase(findTestCase("Mobile/Page/Login/Login"), ["action":"username"], CONTINUE_ON_FAILURE): Call Test Case 'Test Cases/Mobile/Page/Login/Login' successfully

2022-01-10 15:08:44 - [TEST_CASE][PASSED] - Test Cases/Mobile/Page/Login/Login: Test Cases/Mobile/Page/Login/Login

2022-01-10 15:08:44 - [TEST_STEP][PASSED] - delay(2): Delayed 2 second(s)

2022-01-10 15:08:46 - [MESSAGE][PASSED] - Delayed 2 second(s)

2022-01-10 15:08:46 - [TEST_STEP][PASSED] - for ([i = 0, i < 1, (i++)]): null

2022-01-10 15:08:46 - [TEST_STEP][PASSED] - if (action == "username"): null

2022-01-10 15:08:46 - [TEST_STEP][PASSED] - tap(LOGN_EdtUserID, 0): Tapped on element 'Object Repository/Mobile/Page/Login/Input - UserID'

2022-01-10 15:08:46 - [MESSAGE][WARNING] - Timeout '0' is invalid. Using default page load timeout: '60'

2022-01-10 15:08:47 - [MESSAGE][PASSED] - Tapped on element 'Object Repository/Mobile/Page/Login/Input - UserID'

2022-01-10 15:08:47 - [TEST_STEP][PASSED] - delay(1): Delayed 1 second(s)

2022-01-10 15:08:48 - [MESSAGE][PASSED] - Delayed 1 second(s)

2022-01-10 15:08:48 - [TEST_STEP][PASSED] - setText(LOGN_EdtRdyUserID, "anggaaditya", 0): Text 'anggaaditya' has been set to element 'Object Repository/Mobile/Page/Login/Input Rdy - UserID'

2022-01-10 15:08:48 - [MESSAGE][WARNING] - Timeout '0' is invalid. Using default page load timeout: '60'

2022-01-10 15:08:49 - [MESSAGE][PASSED] - Text 'anggaaditya' has been set to element 'Object Repository/Mobile/Page/Login/Input Rdy - UserID'

2022-01-10 15:08:49 - [TEST_STEP][PASSED] - delay(1): Delayed 1 second(s)

2022-01-10 15:08:50 - [MESSAGE][PASSED] - Delayed 1 second(s)

2022-01-10 15:08:50 - [TEST_STEP][PASSED] - hideKeyboard(): Keyboard is hidden

2022-01-10 15:08:53 - [MESSAGE][PASSED] - Keyboard is hidden

2022-01-10 15:08:54 - [TEST_STEP][PASSED] - tap(LOGN_EdtPassword, 0): Tapped on element 'Object Repository/Mobile/Page/Login/Input - Password'

2022-01-10 15:08:54 - [MESSAGE][WARNING] - Timeout '0' is invalid. Using default page load timeout: '60'

2022-01-10 15:08:54 - [MESSAGE][PASSED] - Tapped on element 'Object Repository/Mobile/Page/Login/Input - Password'

2022-01-10 15:08:54 - [TEST_STEP][PASSED] - delay(1): Delayed 1 second(s)

2022-01-10 15:08:55 - [MESSAGE][PASSED] - Delayed 1 second(s)

2022-01-10 15:08:55 - [TEST_STEP][PASSED] - setText(LOGN_EdtRdyPassword, "Shalawa18", 0): Text 'Shalawa18' has been set to element 'Object Repository/Mobile/Page/Login/Input Rdy - Password'

2022-01-10 15:08:55 - [MESSAGE][WARNING] - Timeout '0' is invalid. Using default page load timeout: '60'

2022-01-10 15:08:56 - [MESSAGE][PASSED] - Text 'Shalawa18' has been set to element 'Object Repository/Mobile/Page/Login/Input Rdy - Password'

2022-01-10 15:08:56 - [TEST_STEP][PASSED] - delay(1): Delayed 1 second(s)

2022-01-10 15:08:57 - [MESSAGE][PASSED] - Delayed 1 second(s)

2022-01-10 15:08:57 - [TEST_STEP][PASSED] - hideKeyboard(): Keyboard is hidden

2022-01-10 15:09:03 - [MESSAGE][PASSED] - Keyboard is hidden

2022-01-10 15:09:03 - [TEST_STEP][PASSED] - tap(LOGN_BtnLogin, 0): Tapped on element 'Object Repository/Mobile/Page/Login/Button - Login'

2022-01-10 15:09:03 - [MESSAGE][WARNING] - Timeout '0' is invalid. Using default page load timeout: '60'

2022-01-10 15:09:04 - [MESSAGE][PASSED] - Tapped on element 'Object Repository/Mobile/Page/Login/Button - Login'

2022-01-10 15:09:04 - [TEST_STEP][PASSED] - delay(2): Delayed 2 second(s)

2022-01-10 15:09:06 - [MESSAGE][PASSED] - Delayed 2 second(s)

2022-01-10 15:09:06 - [TEST_STEP][PASSED] - break: null

2022-01-10 15:09:06 - [MESSAGE][PASSED] - Call Test Case 'Test Cases/Mobile/Page/Login/Login' successfully

2022-01-10 15:09:06 - [MESSAGE][PASSED] - Call Test Case 'Test Cases/Mobile/Page/CheckLogin' successfully

2022-01-10 15:09:06 - [TEST_STEP][PASSED] - tap(HOME_MenubarPortfolio, 0): Tapped on element 'Object Repository/Mobile/Page/Home/Menubar - Portfolio'

2022-01-10 15:09:06 - [MESSAGE][WARNING] - Timeout '0' is invalid. Using default page load timeout: '60'

2022-01-10 15:09:07 - [MESSAGE][PASSED] - Tapped on element 'Object Repository/Mobile/Page/Home/Menubar - Portfolio'

2022-01-10 15:09:07 - [TEST_STEP][PASSED] - delay(1): Delayed 1 second(s)

2022-01-10 15:09:08 - [MESSAGE][PASSED] - Delayed 1 second(s)

2022-01-10 15:09:08 - [TEST_STEP][PASSED] - for ([i = 0, i < 1, (i++)]): Delayed 3 second(s)

2022-01-10 15:09:08 - [TEST_STEP][PASSED] - if (tab == "summary"): Delayed 3 second(s)

2022-01-10 15:09:08 - [TEST_STEP][PASSED] - idr = PORT_BtnIDR: null

2022-01-10 15:09:08 - [TEST_STEP][PASSED] - persen = PORT_BtnPersen: null

2022-01-10 15:09:08 - [TEST_STEP][PASSED] - if (action == "summary"): null

2022-01-10 15:09:08 - [TEST_STEP][PASSED] - else if (action == "perf_daily"): null

2022-01-10 15:09:08 - [TEST_STEP][PASSED] - else if (action == "perf_month"): Tapped on element 'Object Repository/Mobile/Page/Portfolio/Tab - Summary Month to Date'

2022-01-10 15:09:08 - [TEST_STEP][PASSED] - scroll.scroll.scrollScreenBottomToTop(): scroll.scroll.scrollScreenBottomToTop is PASSED

2022-01-10 15:09:09 - [MESSAGE][PASSED] - Current device physical height is 1423

2022-01-10 15:09:09 - [MESSAGE][PASSED] - Current device physical width is 720

2022-01-10 15:09:10 - [MESSAGE][PASSED] - Swiped from 360,1,138 to 360,284

2022-01-10 15:09:10 - [MESSAGE][PASSED] - scroll.scroll.scrollScreenBottomToTop is PASSED

2022-01-10 15:09:10 - [TEST_STEP][PASSED] - delay(1): Delayed 1 second(s)

2022-01-10 15:09:11 - [MESSAGE][PASSED] - Delayed 1 second(s)

2022-01-10 15:09:11 - [TEST_STEP][PASSED] - tap(PORT_TabSummaryMonth, 0): Tapped on element 'Object Repository/Mobile/Page/Portfolio/Tab - Summary Month to Date'

2022-01-10 15:09:11 - [MESSAGE][WARNING] - Timeout '0' is invalid. Using default page load timeout: '60'

2022-01-10 15:09:12 - [MESSAGE][PASSED] - Tapped on element 'Object Repository/Mobile/Page/Portfolio/Tab - Summary Month to Date'

2022-01-10 15:09:12 - [TEST_STEP][PASSED] - if (action != "summary"): Delayed 3 second(s)

2022-01-10 15:09:12 - [TEST_STEP][PASSED] - delay(1): Delayed 1 second(s)

2022-01-10 15:09:13 - [MESSAGE][PASSED] - Delayed 1 second(s)

2022-01-10 15:09:13 - [TEST_STEP][PASSED] - scroll.scroll.scrollScreenBottomToTop(): scroll.scroll.scrollScreenBottomToTop is PASSED

2022-01-10 15:09:13 - [MESSAGE][PASSED] - Current device physical height is 1423

2022-01-10 15:09:13 - [MESSAGE][PASSED] - Current device physical width is 720

2022-01-10 15:09:15 - [MESSAGE][PASSED] - Swiped from 360,1,138 to 360,284

2022-01-10 15:09:15 - [MESSAGE][PASSED] - scroll.scroll.scrollScreenBottomToTop is PASSED

2022-01-10 15:09:15 - [TEST_STEP][PASSED] - delay(3): Delayed 3 second(s)

2022-01-10 15:09:18 - [MESSAGE][PASSED] - Delayed 3 second(s)

2022-01-10 15:09:18 - [TEST_STEP][PASSED] - if (action2 == "idr"): Delayed 3 second(s)

2022-01-10 15:09:18 - [TEST_STEP][PASSED] - tap(idr, 10): Tapped on element 'Object Repository/Mobile/Page/Portfolio/Button - IDR'

2022-01-10 15:09:18 - [MESSAGE][PASSED] - Tapped on element 'Object Repository/Mobile/Page/Portfolio/Button - IDR'

2022-01-10 15:09:18 - [TEST_STEP][PASSED] - delay(3): Delayed 3 second(s)

2022-01-10 15:09:21 - [MESSAGE][PASSED] - Delayed 3 second(s)

2022-01-10 15:09:21 - [MESSAGE][PASSED] - Call Test Case 'Test Cases/Mobile/Page/Portfolio/Portfolio' successfully

2022-01-10 15:09:21 - [TEST_STEP][PASSED] - callTestCase(findTestCase("Mobile/Page/Run App/Terminate App"), [:], STOP_ON_FAILURE): Call Test Case 'Test Cases/Mobile/Page/Run App/Terminate App' successfully

2022-01-10 15:09:21 - [TEST_CASE][PASSED] - Test Cases/Mobile/Page/Run App/Terminate App: Test Cases/Mobile/Page/Run App/Terminate App

2022-01-10 15:09:21 - [TEST_STEP][PASSED] - startApp.OpenApp.terminateApplication(): startApp.OpenApp.terminateApplication is PASSED

2022-01-10 15:09:24 - [MESSAGE][PASSED] - Delayed 3 second(s)

2022-01-10 15:09:24 - [MESSAGE][PASSED] - Current device physical width is 720

2022-01-10 15:09:25 - [MESSAGE][PASSED] - Current device physical height is 1423

2022-01-10 15:09:26 - [MESSAGE][PASSED] - Swiped from 360,853 to 360,142

2022-01-10 15:09:27 - [MESSAGE][PASSED] - Delayed 1 second(s)

2022-01-10 15:09:28 - [MESSAGE][PASSED] - Swiped from 360,853 to 360,142

2022-01-10 15:09:31 - [MESSAGE][PASSED] - Delayed 3 second(s)

2022-01-10 15:09:31 - [MESSAGE][PASSED] - startApp.OpenApp.terminateApplication is PASSED

2022-01-10 15:09:31 - [MESSAGE][PASSED] - Call Test Case 'Test Cases/Mobile/Page/Run App/Terminate App' successfully]]></system-out>
         <system-err><![CDATA[]]></system-err>
      </testcase>
      <testcase name="Test Cases/Mobile/Scenario/Portfolio/004 - Portfolio Performance Quarter to Date IDR" time="65.873" classname="Test Cases/Mobile/Scenario/Portfolio/004 - Portfolio Performance Quarter to Date IDR" status="PASSED">
         <system-out><![CDATA[2022-01-10 15:09:31 - [TEST_CASE][PASSED] - Test Cases/Mobile/Scenario/Portfolio/004 - Portfolio Performance Quarter to Date IDR: Test Cases/Mobile/Scenario/Portfolio/004 - Portfolio Performance Quarter to Date IDR

2022-01-10 15:09:32 - [TEST_STEP][PASSED] - callTestCase(findTestCase("Mobile/Page/Run App/Run App byID"), [:], STOP_ON_FAILURE): Call Test Case 'Test Cases/Mobile/Page/Run App/Run App byID' successfully

2022-01-10 15:09:32 - [TEST_CASE][PASSED] - Test Cases/Mobile/Page/Run App/Run App byID: Test Cases/Mobile/Page/Run App/Run App byID

2022-01-10 15:09:32 - [TEST_STEP][PASSED] - startApp.OpenApp.startApplication("id.co.miraeasset.sageclub"): startApp.OpenApp.startApplication is PASSED

2022-01-10 15:09:47 - [MESSAGE][PASSED] - Starting app with application ID: 'id.co.miraeasset.sageclub'

2022-01-10 15:09:47 - [MESSAGE][PASSED] - startApp.OpenApp.startApplication is PASSED

2022-01-10 15:09:47 - [MESSAGE][PASSED] - Call Test Case 'Test Cases/Mobile/Page/Run App/Run App byID' successfully

2022-01-10 15:09:47 - [TEST_STEP][PASSED] - callTestCase(findTestCase("Mobile/Page/Portfolio/Portfolio"), ["tab":"summary", "action":"perf_quarter", "action2":"idr"], CONTINUE_ON_FAILURE): Call Test Case 'Test Cases/Mobile/Page/Portfolio/Portfolio' successfully

2022-01-10 15:09:47 - [TEST_CASE][PASSED] - Test Cases/Mobile/Page/Portfolio/Portfolio: Test Cases/Mobile/Page/Portfolio/Portfolio

2022-01-10 15:09:47 - [TEST_STEP][PASSED] - callTestCase(findTestCase("Mobile/Page/CheckLogin"), [:], CONTINUE_ON_FAILURE): Call Test Case 'Test Cases/Mobile/Page/CheckLogin' successfully

2022-01-10 15:09:47 - [TEST_CASE][PASSED] - Test Cases/Mobile/Page/CheckLogin: Test Cases/Mobile/Page/CheckLogin

2022-01-10 15:09:47 - [TEST_STEP][PASSED] - loginCheck = verifyElementExist(LOGN_BtnLogin, 5, CONTINUE_ON_FAILURE): Element 'Object Repository/Mobile/Page/Login/Button - Login' is exist

2022-01-10 15:09:49 - [MESSAGE][PASSED] - Element 'Object Repository/Mobile/Page/Login/Button - Login' is exist

2022-01-10 15:09:49 - [TEST_STEP][PASSED] - if (loginCheck): Call Test Case 'Test Cases/Mobile/Page/Login/Login' successfully

2022-01-10 15:09:49 - [TEST_STEP][PASSED] - callTestCase(findTestCase("Mobile/Page/Login/Login"), ["action":"username"], CONTINUE_ON_FAILURE): Call Test Case 'Test Cases/Mobile/Page/Login/Login' successfully

2022-01-10 15:09:49 - [TEST_CASE][PASSED] - Test Cases/Mobile/Page/Login/Login: Test Cases/Mobile/Page/Login/Login

2022-01-10 15:09:49 - [TEST_STEP][PASSED] - delay(2): Delayed 2 second(s)

2022-01-10 15:09:51 - [MESSAGE][PASSED] - Delayed 2 second(s)

2022-01-10 15:09:51 - [TEST_STEP][PASSED] - for ([i = 0, i < 1, (i++)]): null

2022-01-10 15:09:51 - [TEST_STEP][PASSED] - if (action == "username"): null

2022-01-10 15:09:51 - [TEST_STEP][PASSED] - tap(LOGN_EdtUserID, 0): Tapped on element 'Object Repository/Mobile/Page/Login/Input - UserID'

2022-01-10 15:09:51 - [MESSAGE][WARNING] - Timeout '0' is invalid. Using default page load timeout: '60'

2022-01-10 15:09:51 - [MESSAGE][PASSED] - Tapped on element 'Object Repository/Mobile/Page/Login/Input - UserID'

2022-01-10 15:09:51 - [TEST_STEP][PASSED] - delay(1): Delayed 1 second(s)

2022-01-10 15:09:52 - [MESSAGE][PASSED] - Delayed 1 second(s)

2022-01-10 15:09:52 - [TEST_STEP][PASSED] - setText(LOGN_EdtRdyUserID, "anggaaditya", 0): Text 'anggaaditya' has been set to element 'Object Repository/Mobile/Page/Login/Input Rdy - UserID'

2022-01-10 15:09:52 - [MESSAGE][WARNING] - Timeout '0' is invalid. Using default page load timeout: '60'

2022-01-10 15:09:53 - [MESSAGE][PASSED] - Text 'anggaaditya' has been set to element 'Object Repository/Mobile/Page/Login/Input Rdy - UserID'

2022-01-10 15:09:53 - [TEST_STEP][PASSED] - delay(1): Delayed 1 second(s)

2022-01-10 15:09:54 - [MESSAGE][PASSED] - Delayed 1 second(s)

2022-01-10 15:09:54 - [TEST_STEP][PASSED] - hideKeyboard(): Keyboard is hidden

2022-01-10 15:09:59 - [MESSAGE][PASSED] - Keyboard is hidden

2022-01-10 15:09:59 - [TEST_STEP][PASSED] - tap(LOGN_EdtPassword, 0): Tapped on element 'Object Repository/Mobile/Page/Login/Input - Password'

2022-01-10 15:09:59 - [MESSAGE][WARNING] - Timeout '0' is invalid. Using default page load timeout: '60'

2022-01-10 15:10:00 - [MESSAGE][PASSED] - Tapped on element 'Object Repository/Mobile/Page/Login/Input - Password'

2022-01-10 15:10:00 - [TEST_STEP][PASSED] - delay(1): Delayed 1 second(s)

2022-01-10 15:10:01 - [MESSAGE][PASSED] - Delayed 1 second(s)

2022-01-10 15:10:01 - [TEST_STEP][PASSED] - setText(LOGN_EdtRdyPassword, "Shalawa18", 0): Text 'Shalawa18' has been set to element 'Object Repository/Mobile/Page/Login/Input Rdy - Password'

2022-01-10 15:10:01 - [MESSAGE][WARNING] - Timeout '0' is invalid. Using default page load timeout: '60'

2022-01-10 15:10:01 - [MESSAGE][PASSED] - Text 'Shalawa18' has been set to element 'Object Repository/Mobile/Page/Login/Input Rdy - Password'

2022-01-10 15:10:01 - [TEST_STEP][PASSED] - delay(1): Delayed 1 second(s)

2022-01-10 15:10:02 - [MESSAGE][PASSED] - Delayed 1 second(s)

2022-01-10 15:10:02 - [TEST_STEP][PASSED] - hideKeyboard(): Keyboard is hidden

2022-01-10 15:10:09 - [MESSAGE][PASSED] - Keyboard is hidden

2022-01-10 15:10:09 - [TEST_STEP][PASSED] - tap(LOGN_BtnLogin, 0): Tapped on element 'Object Repository/Mobile/Page/Login/Button - Login'

2022-01-10 15:10:09 - [MESSAGE][WARNING] - Timeout '0' is invalid. Using default page load timeout: '60'

2022-01-10 15:10:09 - [MESSAGE][PASSED] - Tapped on element 'Object Repository/Mobile/Page/Login/Button - Login'

2022-01-10 15:10:09 - [TEST_STEP][PASSED] - delay(2): Delayed 2 second(s)

2022-01-10 15:10:11 - [MESSAGE][PASSED] - Delayed 2 second(s)

2022-01-10 15:10:11 - [TEST_STEP][PASSED] - break: null

2022-01-10 15:10:11 - [MESSAGE][PASSED] - Call Test Case 'Test Cases/Mobile/Page/Login/Login' successfully

2022-01-10 15:10:11 - [MESSAGE][PASSED] - Call Test Case 'Test Cases/Mobile/Page/CheckLogin' successfully

2022-01-10 15:10:11 - [TEST_STEP][PASSED] - tap(HOME_MenubarPortfolio, 0): Tapped on element 'Object Repository/Mobile/Page/Home/Menubar - Portfolio'

2022-01-10 15:10:11 - [MESSAGE][WARNING] - Timeout '0' is invalid. Using default page load timeout: '60'

2022-01-10 15:10:13 - [MESSAGE][PASSED] - Tapped on element 'Object Repository/Mobile/Page/Home/Menubar - Portfolio'

2022-01-10 15:10:13 - [TEST_STEP][PASSED] - delay(1): Delayed 1 second(s)

2022-01-10 15:10:14 - [MESSAGE][PASSED] - Delayed 1 second(s)

2022-01-10 15:10:14 - [TEST_STEP][PASSED] - for ([i = 0, i < 1, (i++)]): Delayed 3 second(s)

2022-01-10 15:10:14 - [TEST_STEP][PASSED] - if (tab == "summary"): Delayed 3 second(s)

2022-01-10 15:10:14 - [TEST_STEP][PASSED] - idr = PORT_BtnIDR: null

2022-01-10 15:10:14 - [TEST_STEP][PASSED] - persen = PORT_BtnPersen: null

2022-01-10 15:10:14 - [TEST_STEP][PASSED] - if (action == "summary"): null

2022-01-10 15:10:14 - [TEST_STEP][PASSED] - else if (action == "perf_daily"): null

2022-01-10 15:10:14 - [TEST_STEP][PASSED] - else if (action == "perf_month"): null

2022-01-10 15:10:14 - [TEST_STEP][PASSED] - else if (action == "perf_quarter"): Tapped on element 'Object Repository/Mobile/Page/Portfolio/Tab - Summary Quarter to Date'

2022-01-10 15:10:14 - [TEST_STEP][PASSED] - scroll.scroll.scrollScreenBottomToTop(): scroll.scroll.scrollScreenBottomToTop is PASSED

2022-01-10 15:10:14 - [MESSAGE][PASSED] - Current device physical height is 1423

2022-01-10 15:10:15 - [MESSAGE][PASSED] - Current device physical width is 720

2022-01-10 15:10:16 - [MESSAGE][PASSED] - Swiped from 360,1,138 to 360,284

2022-01-10 15:10:16 - [MESSAGE][PASSED] - scroll.scroll.scrollScreenBottomToTop is PASSED

2022-01-10 15:10:16 - [TEST_STEP][PASSED] - delay(1): Delayed 1 second(s)

2022-01-10 15:10:17 - [MESSAGE][PASSED] - Delayed 1 second(s)

2022-01-10 15:10:17 - [TEST_STEP][PASSED] - tap(PORT_TabSummaryQuarter, 0): Tapped on element 'Object Repository/Mobile/Page/Portfolio/Tab - Summary Quarter to Date'

2022-01-10 15:10:17 - [MESSAGE][WARNING] - Timeout '0' is invalid. Using default page load timeout: '60'

2022-01-10 15:10:18 - [MESSAGE][PASSED] - Tapped on element 'Object Repository/Mobile/Page/Portfolio/Tab - Summary Quarter to Date'

2022-01-10 15:10:18 - [TEST_STEP][PASSED] - if (action != "summary"): Delayed 3 second(s)

2022-01-10 15:10:18 - [TEST_STEP][PASSED] - delay(1): Delayed 1 second(s)

2022-01-10 15:10:19 - [MESSAGE][PASSED] - Delayed 1 second(s)

2022-01-10 15:10:19 - [TEST_STEP][PASSED] - scroll.scroll.scrollScreenBottomToTop(): scroll.scroll.scrollScreenBottomToTop is PASSED

2022-01-10 15:10:19 - [MESSAGE][PASSED] - Current device physical height is 1423

2022-01-10 15:10:19 - [MESSAGE][PASSED] - Current device physical width is 720

2022-01-10 15:10:20 - [MESSAGE][PASSED] - Swiped from 360,1,138 to 360,284

2022-01-10 15:10:21 - [MESSAGE][PASSED] - scroll.scroll.scrollScreenBottomToTop is PASSED

2022-01-10 15:10:21 - [TEST_STEP][PASSED] - delay(3): Delayed 3 second(s)

2022-01-10 15:10:24 - [MESSAGE][PASSED] - Delayed 3 second(s)

2022-01-10 15:10:24 - [TEST_STEP][PASSED] - if (action2 == "idr"): Delayed 3 second(s)

2022-01-10 15:10:24 - [TEST_STEP][PASSED] - tap(idr, 10): Tapped on element 'Object Repository/Mobile/Page/Portfolio/Button - IDR'

2022-01-10 15:10:24 - [MESSAGE][PASSED] - Tapped on element 'Object Repository/Mobile/Page/Portfolio/Button - IDR'

2022-01-10 15:10:24 - [TEST_STEP][PASSED] - delay(3): Delayed 3 second(s)

2022-01-10 15:10:27 - [MESSAGE][PASSED] - Delayed 3 second(s)

2022-01-10 15:10:27 - [MESSAGE][PASSED] - Call Test Case 'Test Cases/Mobile/Page/Portfolio/Portfolio' successfully

2022-01-10 15:10:27 - [TEST_STEP][PASSED] - callTestCase(findTestCase("Mobile/Page/Run App/Terminate App"), [:], STOP_ON_FAILURE): Call Test Case 'Test Cases/Mobile/Page/Run App/Terminate App' successfully

2022-01-10 15:10:27 - [TEST_CASE][PASSED] - Test Cases/Mobile/Page/Run App/Terminate App: Test Cases/Mobile/Page/Run App/Terminate App

2022-01-10 15:10:27 - [TEST_STEP][PASSED] - startApp.OpenApp.terminateApplication(): startApp.OpenApp.terminateApplication is PASSED

2022-01-10 15:10:30 - [MESSAGE][PASSED] - Delayed 3 second(s)

2022-01-10 15:10:30 - [MESSAGE][PASSED] - Current device physical width is 720

2022-01-10 15:10:31 - [MESSAGE][PASSED] - Current device physical height is 1423

2022-01-10 15:10:32 - [MESSAGE][PASSED] - Swiped from 360,853 to 360,142

2022-01-10 15:10:33 - [MESSAGE][PASSED] - Delayed 1 second(s)

2022-01-10 15:10:34 - [MESSAGE][PASSED] - Swiped from 360,853 to 360,142

2022-01-10 15:10:37 - [MESSAGE][PASSED] - Delayed 3 second(s)

2022-01-10 15:10:37 - [MESSAGE][PASSED] - startApp.OpenApp.terminateApplication is PASSED

2022-01-10 15:10:37 - [MESSAGE][PASSED] - Call Test Case 'Test Cases/Mobile/Page/Run App/Terminate App' successfully]]></system-out>
         <system-err><![CDATA[]]></system-err>
      </testcase>
      <testcase name="Test Cases/Mobile/Scenario/Portfolio/005 - Portfolio Performance Year to Date IDR" time="63.173" classname="Test Cases/Mobile/Scenario/Portfolio/005 - Portfolio Performance Year to Date IDR" status="PASSED">
         <system-out><![CDATA[2022-01-10 15:10:37 - [TEST_CASE][PASSED] - Test Cases/Mobile/Scenario/Portfolio/005 - Portfolio Performance Year to Date IDR: Test Cases/Mobile/Scenario/Portfolio/005 - Portfolio Performance Year to Date IDR

2022-01-10 15:10:38 - [TEST_STEP][PASSED] - callTestCase(findTestCase("Mobile/Page/Run App/Run App byID"), [:], STOP_ON_FAILURE): Call Test Case 'Test Cases/Mobile/Page/Run App/Run App byID' successfully

2022-01-10 15:10:38 - [TEST_CASE][PASSED] - Test Cases/Mobile/Page/Run App/Run App byID: Test Cases/Mobile/Page/Run App/Run App byID

2022-01-10 15:10:38 - [TEST_STEP][PASSED] - startApp.OpenApp.startApplication("id.co.miraeasset.sageclub"): startApp.OpenApp.startApplication is PASSED

2022-01-10 15:10:51 - [MESSAGE][PASSED] - Starting app with application ID: 'id.co.miraeasset.sageclub'

2022-01-10 15:10:51 - [MESSAGE][PASSED] - startApp.OpenApp.startApplication is PASSED

2022-01-10 15:10:51 - [MESSAGE][PASSED] - Call Test Case 'Test Cases/Mobile/Page/Run App/Run App byID' successfully

2022-01-10 15:10:51 - [TEST_STEP][PASSED] - callTestCase(findTestCase("Mobile/Page/Portfolio/Portfolio"), ["tab":"summary", "action":"perf_year", "action2":"idr"], CONTINUE_ON_FAILURE): Call Test Case 'Test Cases/Mobile/Page/Portfolio/Portfolio' successfully

2022-01-10 15:10:51 - [TEST_CASE][PASSED] - Test Cases/Mobile/Page/Portfolio/Portfolio: Test Cases/Mobile/Page/Portfolio/Portfolio

2022-01-10 15:10:51 - [TEST_STEP][PASSED] - callTestCase(findTestCase("Mobile/Page/CheckLogin"), [:], CONTINUE_ON_FAILURE): Call Test Case 'Test Cases/Mobile/Page/CheckLogin' successfully

2022-01-10 15:10:51 - [TEST_CASE][PASSED] - Test Cases/Mobile/Page/CheckLogin: Test Cases/Mobile/Page/CheckLogin

2022-01-10 15:10:51 - [TEST_STEP][PASSED] - loginCheck = verifyElementExist(LOGN_BtnLogin, 5, CONTINUE_ON_FAILURE): Element 'Object Repository/Mobile/Page/Login/Button - Login' is exist

2022-01-10 15:10:53 - [MESSAGE][PASSED] - Element 'Object Repository/Mobile/Page/Login/Button - Login' is exist

2022-01-10 15:10:53 - [TEST_STEP][PASSED] - if (loginCheck): Call Test Case 'Test Cases/Mobile/Page/Login/Login' successfully

2022-01-10 15:10:53 - [TEST_STEP][PASSED] - callTestCase(findTestCase("Mobile/Page/Login/Login"), ["action":"username"], CONTINUE_ON_FAILURE): Call Test Case 'Test Cases/Mobile/Page/Login/Login' successfully

2022-01-10 15:10:53 - [TEST_CASE][PASSED] - Test Cases/Mobile/Page/Login/Login: Test Cases/Mobile/Page/Login/Login

2022-01-10 15:10:53 - [TEST_STEP][PASSED] - delay(2): Delayed 2 second(s)

2022-01-10 15:10:56 - [MESSAGE][PASSED] - Delayed 2 second(s)

2022-01-10 15:10:56 - [TEST_STEP][PASSED] - for ([i = 0, i < 1, (i++)]): null

2022-01-10 15:10:56 - [TEST_STEP][PASSED] - if (action == "username"): null

2022-01-10 15:10:56 - [TEST_STEP][PASSED] - tap(LOGN_EdtUserID, 0): Tapped on element 'Object Repository/Mobile/Page/Login/Input - UserID'

2022-01-10 15:10:56 - [MESSAGE][WARNING] - Timeout '0' is invalid. Using default page load timeout: '60'

2022-01-10 15:10:56 - [MESSAGE][PASSED] - Tapped on element 'Object Repository/Mobile/Page/Login/Input - UserID'

2022-01-10 15:10:56 - [TEST_STEP][PASSED] - delay(1): Delayed 1 second(s)

2022-01-10 15:10:57 - [MESSAGE][PASSED] - Delayed 1 second(s)

2022-01-10 15:10:57 - [TEST_STEP][PASSED] - setText(LOGN_EdtRdyUserID, "anggaaditya", 0): Text 'anggaaditya' has been set to element 'Object Repository/Mobile/Page/Login/Input Rdy - UserID'

2022-01-10 15:10:57 - [MESSAGE][WARNING] - Timeout '0' is invalid. Using default page load timeout: '60'

2022-01-10 15:10:58 - [MESSAGE][PASSED] - Text 'anggaaditya' has been set to element 'Object Repository/Mobile/Page/Login/Input Rdy - UserID'

2022-01-10 15:10:58 - [TEST_STEP][PASSED] - delay(1): Delayed 1 second(s)

2022-01-10 15:10:59 - [MESSAGE][PASSED] - Delayed 1 second(s)

2022-01-10 15:10:59 - [TEST_STEP][PASSED] - hideKeyboard(): Keyboard is hidden

2022-01-10 15:11:03 - [MESSAGE][PASSED] - Keyboard is hidden

2022-01-10 15:11:03 - [TEST_STEP][PASSED] - tap(LOGN_EdtPassword, 0): Tapped on element 'Object Repository/Mobile/Page/Login/Input - Password'

2022-01-10 15:11:03 - [MESSAGE][WARNING] - Timeout '0' is invalid. Using default page load timeout: '60'

2022-01-10 15:11:03 - [MESSAGE][PASSED] - Tapped on element 'Object Repository/Mobile/Page/Login/Input - Password'

2022-01-10 15:11:03 - [TEST_STEP][PASSED] - delay(1): Delayed 1 second(s)

2022-01-10 15:11:04 - [MESSAGE][PASSED] - Delayed 1 second(s)

2022-01-10 15:11:04 - [TEST_STEP][PASSED] - setText(LOGN_EdtRdyPassword, "Shalawa18", 0): Text 'Shalawa18' has been set to element 'Object Repository/Mobile/Page/Login/Input Rdy - Password'

2022-01-10 15:11:04 - [MESSAGE][WARNING] - Timeout '0' is invalid. Using default page load timeout: '60'

2022-01-10 15:11:05 - [MESSAGE][PASSED] - Text 'Shalawa18' has been set to element 'Object Repository/Mobile/Page/Login/Input Rdy - Password'

2022-01-10 15:11:05 - [TEST_STEP][PASSED] - delay(1): Delayed 1 second(s)

2022-01-10 15:11:06 - [MESSAGE][PASSED] - Delayed 1 second(s)

2022-01-10 15:11:06 - [TEST_STEP][PASSED] - hideKeyboard(): Keyboard is hidden

2022-01-10 15:11:12 - [MESSAGE][PASSED] - Keyboard is hidden

2022-01-10 15:11:12 - [TEST_STEP][PASSED] - tap(LOGN_BtnLogin, 0): Tapped on element 'Object Repository/Mobile/Page/Login/Button - Login'

2022-01-10 15:11:12 - [MESSAGE][WARNING] - Timeout '0' is invalid. Using default page load timeout: '60'

2022-01-10 15:11:13 - [MESSAGE][PASSED] - Tapped on element 'Object Repository/Mobile/Page/Login/Button - Login'

2022-01-10 15:11:13 - [TEST_STEP][PASSED] - delay(2): Delayed 2 second(s)

2022-01-10 15:11:15 - [MESSAGE][PASSED] - Delayed 2 second(s)

2022-01-10 15:11:15 - [TEST_STEP][PASSED] - break: null

2022-01-10 15:11:15 - [MESSAGE][PASSED] - Call Test Case 'Test Cases/Mobile/Page/Login/Login' successfully

2022-01-10 15:11:15 - [MESSAGE][PASSED] - Call Test Case 'Test Cases/Mobile/Page/CheckLogin' successfully

2022-01-10 15:11:15 - [TEST_STEP][PASSED] - tap(HOME_MenubarPortfolio, 0): Tapped on element 'Object Repository/Mobile/Page/Home/Menubar - Portfolio'

2022-01-10 15:11:15 - [MESSAGE][WARNING] - Timeout '0' is invalid. Using default page load timeout: '60'

2022-01-10 15:11:16 - [MESSAGE][PASSED] - Tapped on element 'Object Repository/Mobile/Page/Home/Menubar - Portfolio'

2022-01-10 15:11:16 - [TEST_STEP][PASSED] - delay(1): Delayed 1 second(s)

2022-01-10 15:11:17 - [MESSAGE][PASSED] - Delayed 1 second(s)

2022-01-10 15:11:17 - [TEST_STEP][PASSED] - for ([i = 0, i < 1, (i++)]): Delayed 3 second(s)

2022-01-10 15:11:17 - [TEST_STEP][PASSED] - if (tab == "summary"): Delayed 3 second(s)

2022-01-10 15:11:17 - [TEST_STEP][PASSED] - idr = PORT_BtnIDR: null

2022-01-10 15:11:17 - [TEST_STEP][PASSED] - persen = PORT_BtnPersen: null

2022-01-10 15:11:17 - [TEST_STEP][PASSED] - if (action == "summary"): null

2022-01-10 15:11:17 - [TEST_STEP][PASSED] - else if (action == "perf_daily"): null

2022-01-10 15:11:17 - [TEST_STEP][PASSED] - else if (action == "perf_month"): null

2022-01-10 15:11:17 - [TEST_STEP][PASSED] - else if (action == "perf_quarter"): null

2022-01-10 15:11:17 - [TEST_STEP][PASSED] - else if (action == "perf_year"): Tapped on element 'Object Repository/Mobile/Page/Portfolio/Tab - Summary Year to Date'

2022-01-10 15:11:17 - [TEST_STEP][PASSED] - scroll.scroll.scrollScreenBottomToTop(): scroll.scroll.scrollScreenBottomToTop is PASSED

2022-01-10 15:11:18 - [MESSAGE][PASSED] - Current device physical height is 1423

2022-01-10 15:11:18 - [MESSAGE][PASSED] - Current device physical width is 720

2022-01-10 15:11:19 - [MESSAGE][PASSED] - Swiped from 360,1,138 to 360,284

2022-01-10 15:11:19 - [MESSAGE][PASSED] - scroll.scroll.scrollScreenBottomToTop is PASSED

2022-01-10 15:11:19 - [TEST_STEP][PASSED] - delay(1): Delayed 1 second(s)

2022-01-10 15:11:20 - [MESSAGE][PASSED] - Delayed 1 second(s)

2022-01-10 15:11:20 - [TEST_STEP][PASSED] - tap(PORT_TabSummaryYear, 0): Tapped on element 'Object Repository/Mobile/Page/Portfolio/Tab - Summary Year to Date'

2022-01-10 15:11:20 - [MESSAGE][WARNING] - Timeout '0' is invalid. Using default page load timeout: '60'

2022-01-10 15:11:21 - [MESSAGE][PASSED] - Tapped on element 'Object Repository/Mobile/Page/Portfolio/Tab - Summary Year to Date'

2022-01-10 15:11:21 - [TEST_STEP][PASSED] - if (action != "summary"): Delayed 3 second(s)

2022-01-10 15:11:21 - [TEST_STEP][PASSED] - delay(1): Delayed 1 second(s)

2022-01-10 15:11:22 - [MESSAGE][PASSED] - Delayed 1 second(s)

2022-01-10 15:11:22 - [TEST_STEP][PASSED] - scroll.scroll.scrollScreenBottomToTop(): scroll.scroll.scrollScreenBottomToTop is PASSED

2022-01-10 15:11:22 - [MESSAGE][PASSED] - Current device physical height is 1423

2022-01-10 15:11:22 - [MESSAGE][PASSED] - Current device physical width is 720

2022-01-10 15:11:24 - [MESSAGE][PASSED] - Swiped from 360,1,138 to 360,284

2022-01-10 15:11:24 - [MESSAGE][PASSED] - scroll.scroll.scrollScreenBottomToTop is PASSED

2022-01-10 15:11:24 - [TEST_STEP][PASSED] - delay(3): Delayed 3 second(s)

2022-01-10 15:11:27 - [MESSAGE][PASSED] - Delayed 3 second(s)

2022-01-10 15:11:27 - [TEST_STEP][PASSED] - if (action2 == "idr"): Delayed 3 second(s)

2022-01-10 15:11:27 - [TEST_STEP][PASSED] - tap(idr, 10): Tapped on element 'Object Repository/Mobile/Page/Portfolio/Button - IDR'

2022-01-10 15:11:27 - [MESSAGE][PASSED] - Tapped on element 'Object Repository/Mobile/Page/Portfolio/Button - IDR'

2022-01-10 15:11:27 - [TEST_STEP][PASSED] - delay(3): Delayed 3 second(s)

2022-01-10 15:11:30 - [MESSAGE][PASSED] - Delayed 3 second(s)

2022-01-10 15:11:30 - [MESSAGE][PASSED] - Call Test Case 'Test Cases/Mobile/Page/Portfolio/Portfolio' successfully

2022-01-10 15:11:30 - [TEST_STEP][PASSED] - callTestCase(findTestCase("Mobile/Page/Run App/Terminate App"), [:], STOP_ON_FAILURE): Call Test Case 'Test Cases/Mobile/Page/Run App/Terminate App' successfully

2022-01-10 15:11:30 - [TEST_CASE][PASSED] - Test Cases/Mobile/Page/Run App/Terminate App: Test Cases/Mobile/Page/Run App/Terminate App

2022-01-10 15:11:30 - [TEST_STEP][PASSED] - startApp.OpenApp.terminateApplication(): startApp.OpenApp.terminateApplication is PASSED

2022-01-10 15:11:33 - [MESSAGE][PASSED] - Delayed 3 second(s)

2022-01-10 15:11:33 - [MESSAGE][PASSED] - Current device physical width is 720

2022-01-10 15:11:34 - [MESSAGE][PASSED] - Current device physical height is 1423

2022-01-10 15:11:35 - [MESSAGE][PASSED] - Swiped from 360,853 to 360,142

2022-01-10 15:11:36 - [MESSAGE][PASSED] - Delayed 1 second(s)

2022-01-10 15:11:37 - [MESSAGE][PASSED] - Swiped from 360,853 to 360,142

2022-01-10 15:11:40 - [MESSAGE][PASSED] - Delayed 3 second(s)

2022-01-10 15:11:40 - [MESSAGE][PASSED] - startApp.OpenApp.terminateApplication is PASSED

2022-01-10 15:11:40 - [MESSAGE][PASSED] - Call Test Case 'Test Cases/Mobile/Page/Run App/Terminate App' successfully]]></system-out>
         <system-err><![CDATA[]]></system-err>
      </testcase>
      <testcase name="Test Cases/Mobile/Scenario/Portfolio/006 - Portfolio Performance Daily Persen" time="61.273" classname="Test Cases/Mobile/Scenario/Portfolio/006 - Portfolio Performance Daily Persen" status="PASSED">
         <system-out><![CDATA[2022-01-10 15:11:40 - [TEST_CASE][PASSED] - Test Cases/Mobile/Scenario/Portfolio/006 - Portfolio Performance Daily Persen: Test Cases/Mobile/Scenario/Portfolio/006 - Portfolio Performance Daily Persen

2022-01-10 15:11:41 - [TEST_STEP][PASSED] - callTestCase(findTestCase("Mobile/Page/Run App/Run App byID"), [:], STOP_ON_FAILURE): Call Test Case 'Test Cases/Mobile/Page/Run App/Run App byID' successfully

2022-01-10 15:11:41 - [TEST_CASE][PASSED] - Test Cases/Mobile/Page/Run App/Run App byID: Test Cases/Mobile/Page/Run App/Run App byID

2022-01-10 15:11:41 - [TEST_STEP][PASSED] - startApp.OpenApp.startApplication("id.co.miraeasset.sageclub"): startApp.OpenApp.startApplication is PASSED

2022-01-10 15:11:54 - [MESSAGE][PASSED] - Starting app with application ID: 'id.co.miraeasset.sageclub'

2022-01-10 15:11:54 - [MESSAGE][PASSED] - startApp.OpenApp.startApplication is PASSED

2022-01-10 15:11:54 - [MESSAGE][PASSED] - Call Test Case 'Test Cases/Mobile/Page/Run App/Run App byID' successfully

2022-01-10 15:11:54 - [TEST_STEP][PASSED] - callTestCase(findTestCase("Mobile/Page/Portfolio/Portfolio"), ["tab":"summary", "action":"perf_daily", "action2":"persen"], CONTINUE_ON_FAILURE): Call Test Case 'Test Cases/Mobile/Page/Portfolio/Portfolio' successfully

2022-01-10 15:11:54 - [TEST_CASE][PASSED] - Test Cases/Mobile/Page/Portfolio/Portfolio: Test Cases/Mobile/Page/Portfolio/Portfolio

2022-01-10 15:11:54 - [TEST_STEP][PASSED] - callTestCase(findTestCase("Mobile/Page/CheckLogin"), [:], CONTINUE_ON_FAILURE): Call Test Case 'Test Cases/Mobile/Page/CheckLogin' successfully

2022-01-10 15:11:54 - [TEST_CASE][PASSED] - Test Cases/Mobile/Page/CheckLogin: Test Cases/Mobile/Page/CheckLogin

2022-01-10 15:11:54 - [TEST_STEP][PASSED] - loginCheck = verifyElementExist(LOGN_BtnLogin, 5, CONTINUE_ON_FAILURE): Element 'Object Repository/Mobile/Page/Login/Button - Login' is exist

2022-01-10 15:11:56 - [MESSAGE][PASSED] - Element 'Object Repository/Mobile/Page/Login/Button - Login' is exist

2022-01-10 15:11:56 - [TEST_STEP][PASSED] - if (loginCheck): Call Test Case 'Test Cases/Mobile/Page/Login/Login' successfully

2022-01-10 15:11:56 - [TEST_STEP][PASSED] - callTestCase(findTestCase("Mobile/Page/Login/Login"), ["action":"username"], CONTINUE_ON_FAILURE): Call Test Case 'Test Cases/Mobile/Page/Login/Login' successfully

2022-01-10 15:11:56 - [TEST_CASE][PASSED] - Test Cases/Mobile/Page/Login/Login: Test Cases/Mobile/Page/Login/Login

2022-01-10 15:11:56 - [TEST_STEP][PASSED] - delay(2): Delayed 2 second(s)

2022-01-10 15:11:58 - [MESSAGE][PASSED] - Delayed 2 second(s)

2022-01-10 15:11:58 - [TEST_STEP][PASSED] - for ([i = 0, i < 1, (i++)]): null

2022-01-10 15:11:58 - [TEST_STEP][PASSED] - if (action == "username"): null

2022-01-10 15:11:58 - [TEST_STEP][PASSED] - tap(LOGN_EdtUserID, 0): Tapped on element 'Object Repository/Mobile/Page/Login/Input - UserID'

2022-01-10 15:11:58 - [MESSAGE][WARNING] - Timeout '0' is invalid. Using default page load timeout: '60'

2022-01-10 15:11:59 - [MESSAGE][PASSED] - Tapped on element 'Object Repository/Mobile/Page/Login/Input - UserID'

2022-01-10 15:11:59 - [TEST_STEP][PASSED] - delay(1): Delayed 1 second(s)

2022-01-10 15:12:00 - [MESSAGE][PASSED] - Delayed 1 second(s)

2022-01-10 15:12:00 - [TEST_STEP][PASSED] - setText(LOGN_EdtRdyUserID, "anggaaditya", 0): Text 'anggaaditya' has been set to element 'Object Repository/Mobile/Page/Login/Input Rdy - UserID'

2022-01-10 15:12:00 - [MESSAGE][WARNING] - Timeout '0' is invalid. Using default page load timeout: '60'

2022-01-10 15:12:01 - [MESSAGE][PASSED] - Text 'anggaaditya' has been set to element 'Object Repository/Mobile/Page/Login/Input Rdy - UserID'

2022-01-10 15:12:01 - [TEST_STEP][PASSED] - delay(1): Delayed 1 second(s)

2022-01-10 15:12:02 - [MESSAGE][PASSED] - Delayed 1 second(s)

2022-01-10 15:12:02 - [TEST_STEP][PASSED] - hideKeyboard(): Keyboard is hidden

2022-01-10 15:12:06 - [MESSAGE][PASSED] - Keyboard is hidden

2022-01-10 15:12:06 - [TEST_STEP][PASSED] - tap(LOGN_EdtPassword, 0): Tapped on element 'Object Repository/Mobile/Page/Login/Input - Password'

2022-01-10 15:12:06 - [MESSAGE][WARNING] - Timeout '0' is invalid. Using default page load timeout: '60'

2022-01-10 15:12:06 - [MESSAGE][PASSED] - Tapped on element 'Object Repository/Mobile/Page/Login/Input - Password'

2022-01-10 15:12:06 - [TEST_STEP][PASSED] - delay(1): Delayed 1 second(s)

2022-01-10 15:12:07 - [MESSAGE][PASSED] - Delayed 1 second(s)

2022-01-10 15:12:07 - [TEST_STEP][PASSED] - setText(LOGN_EdtRdyPassword, "Shalawa18", 0): Text 'Shalawa18' has been set to element 'Object Repository/Mobile/Page/Login/Input Rdy - Password'

2022-01-10 15:12:07 - [MESSAGE][WARNING] - Timeout '0' is invalid. Using default page load timeout: '60'

2022-01-10 15:12:08 - [MESSAGE][PASSED] - Text 'Shalawa18' has been set to element 'Object Repository/Mobile/Page/Login/Input Rdy - Password'

2022-01-10 15:12:08 - [TEST_STEP][PASSED] - delay(1): Delayed 1 second(s)

2022-01-10 15:12:09 - [MESSAGE][PASSED] - Delayed 1 second(s)

2022-01-10 15:12:09 - [TEST_STEP][PASSED] - hideKeyboard(): Keyboard is hidden

2022-01-10 15:12:15 - [MESSAGE][PASSED] - Keyboard is hidden

2022-01-10 15:12:15 - [TEST_STEP][PASSED] - tap(LOGN_BtnLogin, 0): Tapped on element 'Object Repository/Mobile/Page/Login/Button - Login'

2022-01-10 15:12:15 - [MESSAGE][WARNING] - Timeout '0' is invalid. Using default page load timeout: '60'

2022-01-10 15:12:16 - [MESSAGE][PASSED] - Tapped on element 'Object Repository/Mobile/Page/Login/Button - Login'

2022-01-10 15:12:16 - [TEST_STEP][PASSED] - delay(2): Delayed 2 second(s)

2022-01-10 15:12:18 - [MESSAGE][PASSED] - Delayed 2 second(s)

2022-01-10 15:12:18 - [TEST_STEP][PASSED] - break: null

2022-01-10 15:12:18 - [MESSAGE][PASSED] - Call Test Case 'Test Cases/Mobile/Page/Login/Login' successfully

2022-01-10 15:12:18 - [MESSAGE][PASSED] - Call Test Case 'Test Cases/Mobile/Page/CheckLogin' successfully

2022-01-10 15:12:18 - [TEST_STEP][PASSED] - tap(HOME_MenubarPortfolio, 0): Tapped on element 'Object Repository/Mobile/Page/Home/Menubar - Portfolio'

2022-01-10 15:12:18 - [MESSAGE][WARNING] - Timeout '0' is invalid. Using default page load timeout: '60'

2022-01-10 15:12:19 - [MESSAGE][PASSED] - Tapped on element 'Object Repository/Mobile/Page/Home/Menubar - Portfolio'

2022-01-10 15:12:19 - [TEST_STEP][PASSED] - delay(1): Delayed 1 second(s)

2022-01-10 15:12:20 - [MESSAGE][PASSED] - Delayed 1 second(s)

2022-01-10 15:12:20 - [TEST_STEP][PASSED] - for ([i = 0, i < 1, (i++)]): Delayed 3 second(s)

2022-01-10 15:12:20 - [TEST_STEP][PASSED] - if (tab == "summary"): Delayed 3 second(s)

2022-01-10 15:12:20 - [TEST_STEP][PASSED] - idr = PORT_BtnIDR: null

2022-01-10 15:12:20 - [TEST_STEP][PASSED] - persen = PORT_BtnPersen: null

2022-01-10 15:12:20 - [TEST_STEP][PASSED] - if (action == "summary"): null

2022-01-10 15:12:20 - [TEST_STEP][PASSED] - else if (action == "perf_daily"): scroll.scroll.scrollScreenBottomToTop is PASSED

2022-01-10 15:12:20 - [TEST_STEP][PASSED] - scroll.scroll.scrollScreenBottomToTop(): scroll.scroll.scrollScreenBottomToTop is PASSED

2022-01-10 15:12:21 - [MESSAGE][PASSED] - Current device physical height is 1423

2022-01-10 15:12:21 - [MESSAGE][PASSED] - Current device physical width is 720

2022-01-10 15:12:22 - [MESSAGE][PASSED] - Swiped from 360,1,138 to 360,284

2022-01-10 15:12:22 - [MESSAGE][PASSED] - scroll.scroll.scrollScreenBottomToTop is PASSED

2022-01-10 15:12:22 - [TEST_STEP][PASSED] - if (action != "summary"): Delayed 3 second(s)

2022-01-10 15:12:22 - [TEST_STEP][PASSED] - delay(1): Delayed 1 second(s)

2022-01-10 15:12:23 - [MESSAGE][PASSED] - Delayed 1 second(s)

2022-01-10 15:12:23 - [TEST_STEP][PASSED] - scroll.scroll.scrollScreenBottomToTop(): scroll.scroll.scrollScreenBottomToTop is PASSED

2022-01-10 15:12:23 - [MESSAGE][PASSED] - Current device physical height is 1423

2022-01-10 15:12:24 - [MESSAGE][PASSED] - Current device physical width is 720

2022-01-10 15:12:25 - [MESSAGE][PASSED] - Swiped from 360,1,138 to 360,284

2022-01-10 15:12:25 - [MESSAGE][PASSED] - scroll.scroll.scrollScreenBottomToTop is PASSED

2022-01-10 15:12:25 - [TEST_STEP][PASSED] - delay(3): Delayed 3 second(s)

2022-01-10 15:12:28 - [MESSAGE][PASSED] - Delayed 3 second(s)

2022-01-10 15:12:28 - [TEST_STEP][PASSED] - if (action2 == "idr"): null

2022-01-10 15:12:28 - [TEST_STEP][PASSED] - else if (action2 == "persen"): Delayed 3 second(s)

2022-01-10 15:12:28 - [TEST_STEP][PASSED] - tap(persen, 10): Tapped on element 'Object Repository/Mobile/Page/Portfolio/Button - Persen'

2022-01-10 15:12:28 - [MESSAGE][PASSED] - Tapped on element 'Object Repository/Mobile/Page/Portfolio/Button - Persen'

2022-01-10 15:12:28 - [TEST_STEP][PASSED] - delay(3): Delayed 3 second(s)

2022-01-10 15:12:31 - [MESSAGE][PASSED] - Delayed 3 second(s)

2022-01-10 15:12:31 - [MESSAGE][PASSED] - Call Test Case 'Test Cases/Mobile/Page/Portfolio/Portfolio' successfully

2022-01-10 15:12:31 - [TEST_STEP][PASSED] - callTestCase(findTestCase("Mobile/Page/Run App/Terminate App"), [:], STOP_ON_FAILURE): Call Test Case 'Test Cases/Mobile/Page/Run App/Terminate App' successfully

2022-01-10 15:12:31 - [TEST_CASE][PASSED] - Test Cases/Mobile/Page/Run App/Terminate App: Test Cases/Mobile/Page/Run App/Terminate App

2022-01-10 15:12:31 - [TEST_STEP][PASSED] - startApp.OpenApp.terminateApplication(): startApp.OpenApp.terminateApplication is PASSED

2022-01-10 15:12:35 - [MESSAGE][PASSED] - Delayed 3 second(s)

2022-01-10 15:12:35 - [MESSAGE][PASSED] - Current device physical width is 720

2022-01-10 15:12:35 - [MESSAGE][PASSED] - Current device physical height is 1423

2022-01-10 15:12:36 - [MESSAGE][PASSED] - Swiped from 360,853 to 360,142

2022-01-10 15:12:37 - [MESSAGE][PASSED] - Delayed 1 second(s)

2022-01-10 15:12:39 - [MESSAGE][PASSED] - Swiped from 360,853 to 360,142

2022-01-10 15:12:42 - [MESSAGE][PASSED] - Delayed 3 second(s)

2022-01-10 15:12:42 - [MESSAGE][PASSED] - startApp.OpenApp.terminateApplication is PASSED

2022-01-10 15:12:42 - [MESSAGE][PASSED] - Call Test Case 'Test Cases/Mobile/Page/Run App/Terminate App' successfully]]></system-out>
         <system-err><![CDATA[]]></system-err>
      </testcase>
      <testcase name="Test Cases/Mobile/Scenario/Portfolio/007 - Portfolio Performance Month to Date Persen" time="64.001" classname="Test Cases/Mobile/Scenario/Portfolio/007 - Portfolio Performance Month to Date Persen" status="PASSED">
         <system-out><![CDATA[2022-01-10 15:12:42 - [TEST_CASE][PASSED] - Test Cases/Mobile/Scenario/Portfolio/007 - Portfolio Performance Month to Date Persen: Test Cases/Mobile/Scenario/Portfolio/007 - Portfolio Performance Month to Date Persen

2022-01-10 15:12:42 - [TEST_STEP][PASSED] - callTestCase(findTestCase("Mobile/Page/Run App/Run App byID"), [:], STOP_ON_FAILURE): Call Test Case 'Test Cases/Mobile/Page/Run App/Run App byID' successfully

2022-01-10 15:12:42 - [TEST_CASE][PASSED] - Test Cases/Mobile/Page/Run App/Run App byID: Test Cases/Mobile/Page/Run App/Run App byID

2022-01-10 15:12:42 - [TEST_STEP][PASSED] - startApp.OpenApp.startApplication("id.co.miraeasset.sageclub"): startApp.OpenApp.startApplication is PASSED

2022-01-10 15:12:56 - [MESSAGE][PASSED] - Starting app with application ID: 'id.co.miraeasset.sageclub'

2022-01-10 15:12:56 - [MESSAGE][PASSED] - startApp.OpenApp.startApplication is PASSED

2022-01-10 15:12:56 - [MESSAGE][PASSED] - Call Test Case 'Test Cases/Mobile/Page/Run App/Run App byID' successfully

2022-01-10 15:12:56 - [TEST_STEP][PASSED] - callTestCase(findTestCase("Mobile/Page/Portfolio/Portfolio"), ["tab":"summary", "action":"perf_month", "action2":"persen"], CONTINUE_ON_FAILURE): Call Test Case 'Test Cases/Mobile/Page/Portfolio/Portfolio' successfully

2022-01-10 15:12:56 - [TEST_CASE][PASSED] - Test Cases/Mobile/Page/Portfolio/Portfolio: Test Cases/Mobile/Page/Portfolio/Portfolio

2022-01-10 15:12:56 - [TEST_STEP][PASSED] - callTestCase(findTestCase("Mobile/Page/CheckLogin"), [:], CONTINUE_ON_FAILURE): Call Test Case 'Test Cases/Mobile/Page/CheckLogin' successfully

2022-01-10 15:12:56 - [TEST_CASE][PASSED] - Test Cases/Mobile/Page/CheckLogin: Test Cases/Mobile/Page/CheckLogin

2022-01-10 15:12:56 - [TEST_STEP][PASSED] - loginCheck = verifyElementExist(LOGN_BtnLogin, 5, CONTINUE_ON_FAILURE): Element 'Object Repository/Mobile/Page/Login/Button - Login' is exist

2022-01-10 15:12:58 - [MESSAGE][PASSED] - Element 'Object Repository/Mobile/Page/Login/Button - Login' is exist

2022-01-10 15:12:58 - [TEST_STEP][PASSED] - if (loginCheck): Call Test Case 'Test Cases/Mobile/Page/Login/Login' successfully

2022-01-10 15:12:58 - [TEST_STEP][PASSED] - callTestCase(findTestCase("Mobile/Page/Login/Login"), ["action":"username"], CONTINUE_ON_FAILURE): Call Test Case 'Test Cases/Mobile/Page/Login/Login' successfully

2022-01-10 15:12:59 - [TEST_CASE][PASSED] - Test Cases/Mobile/Page/Login/Login: Test Cases/Mobile/Page/Login/Login

2022-01-10 15:12:59 - [TEST_STEP][PASSED] - delay(2): Delayed 2 second(s)

2022-01-10 15:13:01 - [MESSAGE][PASSED] - Delayed 2 second(s)

2022-01-10 15:13:01 - [TEST_STEP][PASSED] - for ([i = 0, i < 1, (i++)]): null

2022-01-10 15:13:01 - [TEST_STEP][PASSED] - if (action == "username"): null

2022-01-10 15:13:01 - [TEST_STEP][PASSED] - tap(LOGN_EdtUserID, 0): Tapped on element 'Object Repository/Mobile/Page/Login/Input - UserID'

2022-01-10 15:13:01 - [MESSAGE][WARNING] - Timeout '0' is invalid. Using default page load timeout: '60'

2022-01-10 15:13:01 - [MESSAGE][PASSED] - Tapped on element 'Object Repository/Mobile/Page/Login/Input - UserID'

2022-01-10 15:13:01 - [TEST_STEP][PASSED] - delay(1): Delayed 1 second(s)

2022-01-10 15:13:02 - [MESSAGE][PASSED] - Delayed 1 second(s)

2022-01-10 15:13:02 - [TEST_STEP][PASSED] - setText(LOGN_EdtRdyUserID, "anggaaditya", 0): Text 'anggaaditya' has been set to element 'Object Repository/Mobile/Page/Login/Input Rdy - UserID'

2022-01-10 15:13:02 - [MESSAGE][WARNING] - Timeout '0' is invalid. Using default page load timeout: '60'

2022-01-10 15:13:03 - [MESSAGE][PASSED] - Text 'anggaaditya' has been set to element 'Object Repository/Mobile/Page/Login/Input Rdy - UserID'

2022-01-10 15:13:03 - [TEST_STEP][PASSED] - delay(1): Delayed 1 second(s)

2022-01-10 15:13:04 - [MESSAGE][PASSED] - Delayed 1 second(s)

2022-01-10 15:13:04 - [TEST_STEP][PASSED] - hideKeyboard(): Keyboard is hidden

2022-01-10 15:13:08 - [MESSAGE][PASSED] - Keyboard is hidden

2022-01-10 15:13:08 - [TEST_STEP][PASSED] - tap(LOGN_EdtPassword, 0): Tapped on element 'Object Repository/Mobile/Page/Login/Input - Password'

2022-01-10 15:13:08 - [MESSAGE][WARNING] - Timeout '0' is invalid. Using default page load timeout: '60'

2022-01-10 15:13:08 - [MESSAGE][PASSED] - Tapped on element 'Object Repository/Mobile/Page/Login/Input - Password'

2022-01-10 15:13:08 - [TEST_STEP][PASSED] - delay(1): Delayed 1 second(s)

2022-01-10 15:13:09 - [MESSAGE][PASSED] - Delayed 1 second(s)

2022-01-10 15:13:09 - [TEST_STEP][PASSED] - setText(LOGN_EdtRdyPassword, "Shalawa18", 0): Text 'Shalawa18' has been set to element 'Object Repository/Mobile/Page/Login/Input Rdy - Password'

2022-01-10 15:13:09 - [MESSAGE][WARNING] - Timeout '0' is invalid. Using default page load timeout: '60'

2022-01-10 15:13:10 - [MESSAGE][PASSED] - Text 'Shalawa18' has been set to element 'Object Repository/Mobile/Page/Login/Input Rdy - Password'

2022-01-10 15:13:10 - [TEST_STEP][PASSED] - delay(1): Delayed 1 second(s)

2022-01-10 15:13:11 - [MESSAGE][PASSED] - Delayed 1 second(s)

2022-01-10 15:13:11 - [TEST_STEP][PASSED] - hideKeyboard(): Keyboard is hidden

2022-01-10 15:13:17 - [MESSAGE][PASSED] - Keyboard is hidden

2022-01-10 15:13:17 - [TEST_STEP][PASSED] - tap(LOGN_BtnLogin, 0): Tapped on element 'Object Repository/Mobile/Page/Login/Button - Login'

2022-01-10 15:13:17 - [MESSAGE][WARNING] - Timeout '0' is invalid. Using default page load timeout: '60'

2022-01-10 15:13:18 - [MESSAGE][PASSED] - Tapped on element 'Object Repository/Mobile/Page/Login/Button - Login'

2022-01-10 15:13:18 - [TEST_STEP][PASSED] - delay(2): Delayed 2 second(s)

2022-01-10 15:13:20 - [MESSAGE][PASSED] - Delayed 2 second(s)

2022-01-10 15:13:20 - [TEST_STEP][PASSED] - break: null

2022-01-10 15:13:20 - [MESSAGE][PASSED] - Call Test Case 'Test Cases/Mobile/Page/Login/Login' successfully

2022-01-10 15:13:20 - [MESSAGE][PASSED] - Call Test Case 'Test Cases/Mobile/Page/CheckLogin' successfully

2022-01-10 15:13:20 - [TEST_STEP][PASSED] - tap(HOME_MenubarPortfolio, 0): Tapped on element 'Object Repository/Mobile/Page/Home/Menubar - Portfolio'

2022-01-10 15:13:20 - [MESSAGE][WARNING] - Timeout '0' is invalid. Using default page load timeout: '60'

2022-01-10 15:13:22 - [MESSAGE][PASSED] - Tapped on element 'Object Repository/Mobile/Page/Home/Menubar - Portfolio'

2022-01-10 15:13:22 - [TEST_STEP][PASSED] - delay(1): Delayed 1 second(s)

2022-01-10 15:13:23 - [MESSAGE][PASSED] - Delayed 1 second(s)

2022-01-10 15:13:23 - [TEST_STEP][PASSED] - for ([i = 0, i < 1, (i++)]): Delayed 3 second(s)

2022-01-10 15:13:23 - [TEST_STEP][PASSED] - if (tab == "summary"): Delayed 3 second(s)

2022-01-10 15:13:23 - [TEST_STEP][PASSED] - idr = PORT_BtnIDR: null

2022-01-10 15:13:23 - [TEST_STEP][PASSED] - persen = PORT_BtnPersen: null

2022-01-10 15:13:23 - [TEST_STEP][PASSED] - if (action == "summary"): null

2022-01-10 15:13:23 - [TEST_STEP][PASSED] - else if (action == "perf_daily"): null

2022-01-10 15:13:23 - [TEST_STEP][PASSED] - else if (action == "perf_month"): Tapped on element 'Object Repository/Mobile/Page/Portfolio/Tab - Summary Month to Date'

2022-01-10 15:13:23 - [TEST_STEP][PASSED] - scroll.scroll.scrollScreenBottomToTop(): scroll.scroll.scrollScreenBottomToTop is PASSED

2022-01-10 15:13:23 - [MESSAGE][PASSED] - Current device physical height is 1423

2022-01-10 15:13:23 - [MESSAGE][PASSED] - Current device physical width is 720

2022-01-10 15:13:24 - [MESSAGE][PASSED] - Swiped from 360,1,138 to 360,284

2022-01-10 15:13:24 - [MESSAGE][PASSED] - scroll.scroll.scrollScreenBottomToTop is PASSED

2022-01-10 15:13:24 - [TEST_STEP][PASSED] - delay(1): Delayed 1 second(s)

2022-01-10 15:13:25 - [MESSAGE][PASSED] - Delayed 1 second(s)

2022-01-10 15:13:25 - [TEST_STEP][PASSED] - tap(PORT_TabSummaryMonth, 0): Tapped on element 'Object Repository/Mobile/Page/Portfolio/Tab - Summary Month to Date'

2022-01-10 15:13:25 - [MESSAGE][WARNING] - Timeout '0' is invalid. Using default page load timeout: '60'

2022-01-10 15:13:26 - [MESSAGE][PASSED] - Tapped on element 'Object Repository/Mobile/Page/Portfolio/Tab - Summary Month to Date'

2022-01-10 15:13:26 - [TEST_STEP][PASSED] - if (action != "summary"): Delayed 3 second(s)

2022-01-10 15:13:26 - [TEST_STEP][PASSED] - delay(1): Delayed 1 second(s)

2022-01-10 15:13:27 - [MESSAGE][PASSED] - Delayed 1 second(s)

2022-01-10 15:13:27 - [TEST_STEP][PASSED] - scroll.scroll.scrollScreenBottomToTop(): scroll.scroll.scrollScreenBottomToTop is PASSED

2022-01-10 15:13:27 - [MESSAGE][PASSED] - Current device physical height is 1423

2022-01-10 15:13:28 - [MESSAGE][PASSED] - Current device physical width is 720

2022-01-10 15:13:29 - [MESSAGE][PASSED] - Swiped from 360,1,138 to 360,284

2022-01-10 15:13:29 - [MESSAGE][PASSED] - scroll.scroll.scrollScreenBottomToTop is PASSED

2022-01-10 15:13:29 - [TEST_STEP][PASSED] - delay(3): Delayed 3 second(s)

2022-01-10 15:13:32 - [MESSAGE][PASSED] - Delayed 3 second(s)

2022-01-10 15:13:32 - [TEST_STEP][PASSED] - if (action2 == "idr"): null

2022-01-10 15:13:32 - [TEST_STEP][PASSED] - else if (action2 == "persen"): Delayed 3 second(s)

2022-01-10 15:13:32 - [TEST_STEP][PASSED] - tap(persen, 10): Tapped on element 'Object Repository/Mobile/Page/Portfolio/Button - Persen'

2022-01-10 15:13:32 - [MESSAGE][PASSED] - Tapped on element 'Object Repository/Mobile/Page/Portfolio/Button - Persen'

2022-01-10 15:13:32 - [TEST_STEP][PASSED] - delay(3): Delayed 3 second(s)

2022-01-10 15:13:35 - [MESSAGE][PASSED] - Delayed 3 second(s)

2022-01-10 15:13:35 - [MESSAGE][PASSED] - Call Test Case 'Test Cases/Mobile/Page/Portfolio/Portfolio' successfully

2022-01-10 15:13:35 - [TEST_STEP][PASSED] - callTestCase(findTestCase("Mobile/Page/Run App/Terminate App"), [:], STOP_ON_FAILURE): Call Test Case 'Test Cases/Mobile/Page/Run App/Terminate App' successfully

2022-01-10 15:13:35 - [TEST_CASE][PASSED] - Test Cases/Mobile/Page/Run App/Terminate App: Test Cases/Mobile/Page/Run App/Terminate App

2022-01-10 15:13:35 - [TEST_STEP][PASSED] - startApp.OpenApp.terminateApplication(): startApp.OpenApp.terminateApplication is PASSED

2022-01-10 15:13:39 - [MESSAGE][PASSED] - Delayed 3 second(s)

2022-01-10 15:13:39 - [MESSAGE][PASSED] - Current device physical width is 720

2022-01-10 15:13:39 - [MESSAGE][PASSED] - Current device physical height is 1423

2022-01-10 15:13:40 - [MESSAGE][PASSED] - Swiped from 360,853 to 360,142

2022-01-10 15:13:41 - [MESSAGE][PASSED] - Delayed 1 second(s)

2022-01-10 15:13:43 - [MESSAGE][PASSED] - Swiped from 360,853 to 360,142

2022-01-10 15:13:46 - [MESSAGE][PASSED] - Delayed 3 second(s)

2022-01-10 15:13:46 - [MESSAGE][PASSED] - startApp.OpenApp.terminateApplication is PASSED

2022-01-10 15:13:46 - [MESSAGE][PASSED] - Call Test Case 'Test Cases/Mobile/Page/Run App/Terminate App' successfully]]></system-out>
         <system-err><![CDATA[]]></system-err>
      </testcase>
      <testcase name="Test Cases/Mobile/Scenario/Portfolio/008 - Portfolio Performance Quarter to Date Persen" time="62.865" classname="Test Cases/Mobile/Scenario/Portfolio/008 - Portfolio Performance Quarter to Date Persen" status="PASSED">
         <system-out><![CDATA[2022-01-10 15:13:46 - [TEST_CASE][PASSED] - Test Cases/Mobile/Scenario/Portfolio/008 - Portfolio Performance Quarter to Date Persen: Test Cases/Mobile/Scenario/Portfolio/008 - Portfolio Performance Quarter to Date Persen

2022-01-10 15:13:46 - [TEST_STEP][PASSED] - callTestCase(findTestCase("Mobile/Page/Run App/Run App byID"), [:], STOP_ON_FAILURE): Call Test Case 'Test Cases/Mobile/Page/Run App/Run App byID' successfully

2022-01-10 15:13:46 - [TEST_CASE][PASSED] - Test Cases/Mobile/Page/Run App/Run App byID: Test Cases/Mobile/Page/Run App/Run App byID

2022-01-10 15:13:46 - [TEST_STEP][PASSED] - startApp.OpenApp.startApplication("id.co.miraeasset.sageclub"): startApp.OpenApp.startApplication is PASSED

2022-01-10 15:13:59 - [MESSAGE][PASSED] - Starting app with application ID: 'id.co.miraeasset.sageclub'

2022-01-10 15:13:59 - [MESSAGE][PASSED] - startApp.OpenApp.startApplication is PASSED

2022-01-10 15:13:59 - [MESSAGE][PASSED] - Call Test Case 'Test Cases/Mobile/Page/Run App/Run App byID' successfully

2022-01-10 15:13:59 - [TEST_STEP][PASSED] - callTestCase(findTestCase("Mobile/Page/Portfolio/Portfolio"), ["tab":"summary", "action":"perf_quarter", "action2":"persen"], CONTINUE_ON_FAILURE): Call Test Case 'Test Cases/Mobile/Page/Portfolio/Portfolio' successfully

2022-01-10 15:13:59 - [TEST_CASE][PASSED] - Test Cases/Mobile/Page/Portfolio/Portfolio: Test Cases/Mobile/Page/Portfolio/Portfolio

2022-01-10 15:13:59 - [TEST_STEP][PASSED] - callTestCase(findTestCase("Mobile/Page/CheckLogin"), [:], CONTINUE_ON_FAILURE): Call Test Case 'Test Cases/Mobile/Page/CheckLogin' successfully

2022-01-10 15:13:59 - [TEST_CASE][PASSED] - Test Cases/Mobile/Page/CheckLogin: Test Cases/Mobile/Page/CheckLogin

2022-01-10 15:13:59 - [TEST_STEP][PASSED] - loginCheck = verifyElementExist(LOGN_BtnLogin, 5, CONTINUE_ON_FAILURE): Element 'Object Repository/Mobile/Page/Login/Button - Login' is exist

2022-01-10 15:14:01 - [MESSAGE][PASSED] - Element 'Object Repository/Mobile/Page/Login/Button - Login' is exist

2022-01-10 15:14:01 - [TEST_STEP][PASSED] - if (loginCheck): Call Test Case 'Test Cases/Mobile/Page/Login/Login' successfully

2022-01-10 15:14:01 - [TEST_STEP][PASSED] - callTestCase(findTestCase("Mobile/Page/Login/Login"), ["action":"username"], CONTINUE_ON_FAILURE): Call Test Case 'Test Cases/Mobile/Page/Login/Login' successfully

2022-01-10 15:14:01 - [TEST_CASE][PASSED] - Test Cases/Mobile/Page/Login/Login: Test Cases/Mobile/Page/Login/Login

2022-01-10 15:14:01 - [TEST_STEP][PASSED] - delay(2): Delayed 2 second(s)

2022-01-10 15:14:03 - [MESSAGE][PASSED] - Delayed 2 second(s)

2022-01-10 15:14:03 - [TEST_STEP][PASSED] - for ([i = 0, i < 1, (i++)]): null

2022-01-10 15:14:03 - [TEST_STEP][PASSED] - if (action == "username"): null

2022-01-10 15:14:03 - [TEST_STEP][PASSED] - tap(LOGN_EdtUserID, 0): Tapped on element 'Object Repository/Mobile/Page/Login/Input - UserID'

2022-01-10 15:14:03 - [MESSAGE][WARNING] - Timeout '0' is invalid. Using default page load timeout: '60'

2022-01-10 15:14:03 - [MESSAGE][PASSED] - Tapped on element 'Object Repository/Mobile/Page/Login/Input - UserID'

2022-01-10 15:14:03 - [TEST_STEP][PASSED] - delay(1): Delayed 1 second(s)

2022-01-10 15:14:04 - [MESSAGE][PASSED] - Delayed 1 second(s)

2022-01-10 15:14:04 - [TEST_STEP][PASSED] - setText(LOGN_EdtRdyUserID, "anggaaditya", 0): Text 'anggaaditya' has been set to element 'Object Repository/Mobile/Page/Login/Input Rdy - UserID'

2022-01-10 15:14:04 - [MESSAGE][WARNING] - Timeout '0' is invalid. Using default page load timeout: '60'

2022-01-10 15:14:05 - [MESSAGE][PASSED] - Text 'anggaaditya' has been set to element 'Object Repository/Mobile/Page/Login/Input Rdy - UserID'

2022-01-10 15:14:05 - [TEST_STEP][PASSED] - delay(1): Delayed 1 second(s)

2022-01-10 15:14:06 - [MESSAGE][PASSED] - Delayed 1 second(s)

2022-01-10 15:14:06 - [TEST_STEP][PASSED] - hideKeyboard(): Keyboard is hidden

2022-01-10 15:14:10 - [MESSAGE][PASSED] - Keyboard is hidden

2022-01-10 15:14:10 - [TEST_STEP][PASSED] - tap(LOGN_EdtPassword, 0): Tapped on element 'Object Repository/Mobile/Page/Login/Input - Password'

2022-01-10 15:14:10 - [MESSAGE][WARNING] - Timeout '0' is invalid. Using default page load timeout: '60'

2022-01-10 15:14:11 - [MESSAGE][PASSED] - Tapped on element 'Object Repository/Mobile/Page/Login/Input - Password'

2022-01-10 15:14:11 - [TEST_STEP][PASSED] - delay(1): Delayed 1 second(s)

2022-01-10 15:14:12 - [MESSAGE][PASSED] - Delayed 1 second(s)

2022-01-10 15:14:12 - [TEST_STEP][PASSED] - setText(LOGN_EdtRdyPassword, "Shalawa18", 0): Text 'Shalawa18' has been set to element 'Object Repository/Mobile/Page/Login/Input Rdy - Password'

2022-01-10 15:14:12 - [MESSAGE][WARNING] - Timeout '0' is invalid. Using default page load timeout: '60'

2022-01-10 15:14:12 - [MESSAGE][PASSED] - Text 'Shalawa18' has been set to element 'Object Repository/Mobile/Page/Login/Input Rdy - Password'

2022-01-10 15:14:12 - [TEST_STEP][PASSED] - delay(1): Delayed 1 second(s)

2022-01-10 15:14:13 - [MESSAGE][PASSED] - Delayed 1 second(s)

2022-01-10 15:14:13 - [TEST_STEP][PASSED] - hideKeyboard(): Keyboard is hidden

2022-01-10 15:14:20 - [MESSAGE][PASSED] - Keyboard is hidden

2022-01-10 15:14:20 - [TEST_STEP][PASSED] - tap(LOGN_BtnLogin, 0): Tapped on element 'Object Repository/Mobile/Page/Login/Button - Login'

2022-01-10 15:14:20 - [MESSAGE][WARNING] - Timeout '0' is invalid. Using default page load timeout: '60'

2022-01-10 15:14:21 - [MESSAGE][PASSED] - Tapped on element 'Object Repository/Mobile/Page/Login/Button - Login'

2022-01-10 15:14:21 - [TEST_STEP][PASSED] - delay(2): Delayed 2 second(s)

2022-01-10 15:14:23 - [MESSAGE][PASSED] - Delayed 2 second(s)

2022-01-10 15:14:23 - [TEST_STEP][PASSED] - break: null

2022-01-10 15:14:23 - [MESSAGE][PASSED] - Call Test Case 'Test Cases/Mobile/Page/Login/Login' successfully

2022-01-10 15:14:23 - [MESSAGE][PASSED] - Call Test Case 'Test Cases/Mobile/Page/CheckLogin' successfully

2022-01-10 15:14:23 - [TEST_STEP][PASSED] - tap(HOME_MenubarPortfolio, 0): Tapped on element 'Object Repository/Mobile/Page/Home/Menubar - Portfolio'

2022-01-10 15:14:23 - [MESSAGE][WARNING] - Timeout '0' is invalid. Using default page load timeout: '60'

2022-01-10 15:14:24 - [MESSAGE][PASSED] - Tapped on element 'Object Repository/Mobile/Page/Home/Menubar - Portfolio'

2022-01-10 15:14:24 - [TEST_STEP][PASSED] - delay(1): Delayed 1 second(s)

2022-01-10 15:14:25 - [MESSAGE][PASSED] - Delayed 1 second(s)

2022-01-10 15:14:25 - [TEST_STEP][PASSED] - for ([i = 0, i < 1, (i++)]): Delayed 3 second(s)

2022-01-10 15:14:25 - [TEST_STEP][PASSED] - if (tab == "summary"): Delayed 3 second(s)

2022-01-10 15:14:25 - [TEST_STEP][PASSED] - idr = PORT_BtnIDR: null

2022-01-10 15:14:25 - [TEST_STEP][PASSED] - persen = PORT_BtnPersen: null

2022-01-10 15:14:25 - [TEST_STEP][PASSED] - if (action == "summary"): null

2022-01-10 15:14:25 - [TEST_STEP][PASSED] - else if (action == "perf_daily"): null

2022-01-10 15:14:25 - [TEST_STEP][PASSED] - else if (action == "perf_month"): null

2022-01-10 15:14:25 - [TEST_STEP][PASSED] - else if (action == "perf_quarter"): Tapped on element 'Object Repository/Mobile/Page/Portfolio/Tab - Summary Quarter to Date'

2022-01-10 15:14:25 - [TEST_STEP][PASSED] - scroll.scroll.scrollScreenBottomToTop(): scroll.scroll.scrollScreenBottomToTop is PASSED

2022-01-10 15:14:26 - [MESSAGE][PASSED] - Current device physical height is 1423

2022-01-10 15:14:26 - [MESSAGE][PASSED] - Current device physical width is 720

2022-01-10 15:14:27 - [MESSAGE][PASSED] - Swiped from 360,1,138 to 360,284

2022-01-10 15:14:27 - [MESSAGE][PASSED] - scroll.scroll.scrollScreenBottomToTop is PASSED

2022-01-10 15:14:27 - [TEST_STEP][PASSED] - delay(1): Delayed 1 second(s)

2022-01-10 15:14:28 - [MESSAGE][PASSED] - Delayed 1 second(s)

2022-01-10 15:14:28 - [TEST_STEP][PASSED] - tap(PORT_TabSummaryQuarter, 0): Tapped on element 'Object Repository/Mobile/Page/Portfolio/Tab - Summary Quarter to Date'

2022-01-10 15:14:28 - [MESSAGE][WARNING] - Timeout '0' is invalid. Using default page load timeout: '60'

2022-01-10 15:14:29 - [MESSAGE][PASSED] - Tapped on element 'Object Repository/Mobile/Page/Portfolio/Tab - Summary Quarter to Date'

2022-01-10 15:14:29 - [TEST_STEP][PASSED] - if (action != "summary"): Delayed 3 second(s)

2022-01-10 15:14:29 - [TEST_STEP][PASSED] - delay(1): Delayed 1 second(s)

2022-01-10 15:14:30 - [MESSAGE][PASSED] - Delayed 1 second(s)

2022-01-10 15:14:30 - [TEST_STEP][PASSED] - scroll.scroll.scrollScreenBottomToTop(): scroll.scroll.scrollScreenBottomToTop is PASSED

2022-01-10 15:14:30 - [MESSAGE][PASSED] - Current device physical height is 1423

2022-01-10 15:14:30 - [MESSAGE][PASSED] - Current device physical width is 720

2022-01-10 15:14:32 - [MESSAGE][PASSED] - Swiped from 360,1,138 to 360,284

2022-01-10 15:14:32 - [MESSAGE][PASSED] - scroll.scroll.scrollScreenBottomToTop is PASSED

2022-01-10 15:14:32 - [TEST_STEP][PASSED] - delay(3): Delayed 3 second(s)

2022-01-10 15:14:35 - [MESSAGE][PASSED] - Delayed 3 second(s)

2022-01-10 15:14:35 - [TEST_STEP][PASSED] - if (action2 == "idr"): null

2022-01-10 15:14:35 - [TEST_STEP][PASSED] - else if (action2 == "persen"): Delayed 3 second(s)

2022-01-10 15:14:35 - [TEST_STEP][PASSED] - tap(persen, 10): Tapped on element 'Object Repository/Mobile/Page/Portfolio/Button - Persen'

2022-01-10 15:14:35 - [MESSAGE][PASSED] - Tapped on element 'Object Repository/Mobile/Page/Portfolio/Button - Persen'

2022-01-10 15:14:35 - [TEST_STEP][PASSED] - delay(3): Delayed 3 second(s)

2022-01-10 15:14:38 - [MESSAGE][PASSED] - Delayed 3 second(s)

2022-01-10 15:14:38 - [MESSAGE][PASSED] - Call Test Case 'Test Cases/Mobile/Page/Portfolio/Portfolio' successfully

2022-01-10 15:14:38 - [TEST_STEP][PASSED] - callTestCase(findTestCase("Mobile/Page/Run App/Terminate App"), [:], STOP_ON_FAILURE): Call Test Case 'Test Cases/Mobile/Page/Run App/Terminate App' successfully

2022-01-10 15:14:38 - [TEST_CASE][PASSED] - Test Cases/Mobile/Page/Run App/Terminate App: Test Cases/Mobile/Page/Run App/Terminate App

2022-01-10 15:14:38 - [TEST_STEP][PASSED] - startApp.OpenApp.terminateApplication(): startApp.OpenApp.terminateApplication is PASSED

2022-01-10 15:14:41 - [MESSAGE][PASSED] - Delayed 3 second(s)

2022-01-10 15:14:42 - [MESSAGE][PASSED] - Current device physical width is 720

2022-01-10 15:14:42 - [MESSAGE][PASSED] - Current device physical height is 1423

2022-01-10 15:14:43 - [MESSAGE][PASSED] - Swiped from 360,853 to 360,142

2022-01-10 15:14:44 - [MESSAGE][PASSED] - Delayed 1 second(s)

2022-01-10 15:14:46 - [MESSAGE][PASSED] - Swiped from 360,853 to 360,142

2022-01-10 15:14:49 - [MESSAGE][PASSED] - Delayed 3 second(s)

2022-01-10 15:14:49 - [MESSAGE][PASSED] - startApp.OpenApp.terminateApplication is PASSED

2022-01-10 15:14:49 - [MESSAGE][PASSED] - Call Test Case 'Test Cases/Mobile/Page/Run App/Terminate App' successfully]]></system-out>
         <system-err><![CDATA[]]></system-err>
      </testcase>
      <testcase name="Test Cases/Mobile/Scenario/Portfolio/009 - Portfolio Performance Year to Date Persen" time="62.265" classname="Test Cases/Mobile/Scenario/Portfolio/009 - Portfolio Performance Year to Date Persen" status="PASSED">
         <system-out><![CDATA[2022-01-10 15:14:49 - [TEST_CASE][PASSED] - Test Cases/Mobile/Scenario/Portfolio/009 - Portfolio Performance Year to Date Persen: Test Cases/Mobile/Scenario/Portfolio/009 - Portfolio Performance Year to Date Persen

2022-01-10 15:14:49 - [TEST_STEP][PASSED] - callTestCase(findTestCase("Mobile/Page/Run App/Run App byID"), [:], STOP_ON_FAILURE): Call Test Case 'Test Cases/Mobile/Page/Run App/Run App byID' successfully

2022-01-10 15:14:49 - [TEST_CASE][PASSED] - Test Cases/Mobile/Page/Run App/Run App byID: Test Cases/Mobile/Page/Run App/Run App byID

2022-01-10 15:14:49 - [TEST_STEP][PASSED] - startApp.OpenApp.startApplication("id.co.miraeasset.sageclub"): startApp.OpenApp.startApplication is PASSED

2022-01-10 15:15:02 - [MESSAGE][PASSED] - Starting app with application ID: 'id.co.miraeasset.sageclub'

2022-01-10 15:15:02 - [MESSAGE][PASSED] - startApp.OpenApp.startApplication is PASSED

2022-01-10 15:15:02 - [MESSAGE][PASSED] - Call Test Case 'Test Cases/Mobile/Page/Run App/Run App byID' successfully

2022-01-10 15:15:02 - [TEST_STEP][PASSED] - callTestCase(findTestCase("Mobile/Page/Portfolio/Portfolio"), ["tab":"summary", "action":"perf_year", "action2":"persen"], CONTINUE_ON_FAILURE): Call Test Case 'Test Cases/Mobile/Page/Portfolio/Portfolio' successfully

2022-01-10 15:15:02 - [TEST_CASE][PASSED] - Test Cases/Mobile/Page/Portfolio/Portfolio: Test Cases/Mobile/Page/Portfolio/Portfolio

2022-01-10 15:15:02 - [TEST_STEP][PASSED] - callTestCase(findTestCase("Mobile/Page/CheckLogin"), [:], CONTINUE_ON_FAILURE): Call Test Case 'Test Cases/Mobile/Page/CheckLogin' successfully

2022-01-10 15:15:02 - [TEST_CASE][PASSED] - Test Cases/Mobile/Page/CheckLogin: Test Cases/Mobile/Page/CheckLogin

2022-01-10 15:15:02 - [TEST_STEP][PASSED] - loginCheck = verifyElementExist(LOGN_BtnLogin, 5, CONTINUE_ON_FAILURE): Element 'Object Repository/Mobile/Page/Login/Button - Login' is exist

2022-01-10 15:15:04 - [MESSAGE][PASSED] - Element 'Object Repository/Mobile/Page/Login/Button - Login' is exist

2022-01-10 15:15:04 - [TEST_STEP][PASSED] - if (loginCheck): Call Test Case 'Test Cases/Mobile/Page/Login/Login' successfully

2022-01-10 15:15:04 - [TEST_STEP][PASSED] - callTestCase(findTestCase("Mobile/Page/Login/Login"), ["action":"username"], CONTINUE_ON_FAILURE): Call Test Case 'Test Cases/Mobile/Page/Login/Login' successfully

2022-01-10 15:15:04 - [TEST_CASE][PASSED] - Test Cases/Mobile/Page/Login/Login: Test Cases/Mobile/Page/Login/Login

2022-01-10 15:15:04 - [TEST_STEP][PASSED] - delay(2): Delayed 2 second(s)

2022-01-10 15:15:06 - [MESSAGE][PASSED] - Delayed 2 second(s)

2022-01-10 15:15:06 - [TEST_STEP][PASSED] - for ([i = 0, i < 1, (i++)]): null

2022-01-10 15:15:06 - [TEST_STEP][PASSED] - if (action == "username"): null

2022-01-10 15:15:06 - [TEST_STEP][PASSED] - tap(LOGN_EdtUserID, 0): Tapped on element 'Object Repository/Mobile/Page/Login/Input - UserID'

2022-01-10 15:15:06 - [MESSAGE][WARNING] - Timeout '0' is invalid. Using default page load timeout: '60'

2022-01-10 15:15:07 - [MESSAGE][PASSED] - Tapped on element 'Object Repository/Mobile/Page/Login/Input - UserID'

2022-01-10 15:15:07 - [TEST_STEP][PASSED] - delay(1): Delayed 1 second(s)

2022-01-10 15:15:08 - [MESSAGE][PASSED] - Delayed 1 second(s)

2022-01-10 15:15:08 - [TEST_STEP][PASSED] - setText(LOGN_EdtRdyUserID, "anggaaditya", 0): Text 'anggaaditya' has been set to element 'Object Repository/Mobile/Page/Login/Input Rdy - UserID'

2022-01-10 15:15:08 - [MESSAGE][WARNING] - Timeout '0' is invalid. Using default page load timeout: '60'

2022-01-10 15:15:08 - [MESSAGE][PASSED] - Text 'anggaaditya' has been set to element 'Object Repository/Mobile/Page/Login/Input Rdy - UserID'

2022-01-10 15:15:08 - [TEST_STEP][PASSED] - delay(1): Delayed 1 second(s)

2022-01-10 15:15:09 - [MESSAGE][PASSED] - Delayed 1 second(s)

2022-01-10 15:15:09 - [TEST_STEP][PASSED] - hideKeyboard(): Keyboard is hidden

2022-01-10 15:15:13 - [MESSAGE][PASSED] - Keyboard is hidden

2022-01-10 15:15:13 - [TEST_STEP][PASSED] - tap(LOGN_EdtPassword, 0): Tapped on element 'Object Repository/Mobile/Page/Login/Input - Password'

2022-01-10 15:15:13 - [MESSAGE][WARNING] - Timeout '0' is invalid. Using default page load timeout: '60'

2022-01-10 15:15:14 - [MESSAGE][PASSED] - Tapped on element 'Object Repository/Mobile/Page/Login/Input - Password'

2022-01-10 15:15:14 - [TEST_STEP][PASSED] - delay(1): Delayed 1 second(s)

2022-01-10 15:15:15 - [MESSAGE][PASSED] - Delayed 1 second(s)

2022-01-10 15:15:15 - [TEST_STEP][PASSED] - setText(LOGN_EdtRdyPassword, "Shalawa18", 0): Text 'Shalawa18' has been set to element 'Object Repository/Mobile/Page/Login/Input Rdy - Password'

2022-01-10 15:15:15 - [MESSAGE][WARNING] - Timeout '0' is invalid. Using default page load timeout: '60'

2022-01-10 15:15:15 - [MESSAGE][PASSED] - Text 'Shalawa18' has been set to element 'Object Repository/Mobile/Page/Login/Input Rdy - Password'

2022-01-10 15:15:15 - [TEST_STEP][PASSED] - delay(1): Delayed 1 second(s)

2022-01-10 15:15:16 - [MESSAGE][PASSED] - Delayed 1 second(s)

2022-01-10 15:15:16 - [TEST_STEP][PASSED] - hideKeyboard(): Keyboard is hidden

2022-01-10 15:15:23 - [MESSAGE][PASSED] - Keyboard is hidden

2022-01-10 15:15:23 - [TEST_STEP][PASSED] - tap(LOGN_BtnLogin, 0): Tapped on element 'Object Repository/Mobile/Page/Login/Button - Login'

2022-01-10 15:15:23 - [MESSAGE][WARNING] - Timeout '0' is invalid. Using default page load timeout: '60'

2022-01-10 15:15:24 - [MESSAGE][PASSED] - Tapped on element 'Object Repository/Mobile/Page/Login/Button - Login'

2022-01-10 15:15:24 - [TEST_STEP][PASSED] - delay(2): Delayed 2 second(s)

2022-01-10 15:15:26 - [MESSAGE][PASSED] - Delayed 2 second(s)

2022-01-10 15:15:26 - [TEST_STEP][PASSED] - break: null

2022-01-10 15:15:26 - [MESSAGE][PASSED] - Call Test Case 'Test Cases/Mobile/Page/Login/Login' successfully

2022-01-10 15:15:26 - [MESSAGE][PASSED] - Call Test Case 'Test Cases/Mobile/Page/CheckLogin' successfully

2022-01-10 15:15:26 - [TEST_STEP][PASSED] - tap(HOME_MenubarPortfolio, 0): Tapped on element 'Object Repository/Mobile/Page/Home/Menubar - Portfolio'

2022-01-10 15:15:26 - [MESSAGE][WARNING] - Timeout '0' is invalid. Using default page load timeout: '60'

2022-01-10 15:15:27 - [MESSAGE][PASSED] - Tapped on element 'Object Repository/Mobile/Page/Home/Menubar - Portfolio'

2022-01-10 15:15:27 - [TEST_STEP][PASSED] - delay(1): Delayed 1 second(s)

2022-01-10 15:15:28 - [MESSAGE][PASSED] - Delayed 1 second(s)

2022-01-10 15:15:28 - [TEST_STEP][PASSED] - for ([i = 0, i < 1, (i++)]): Delayed 3 second(s)

2022-01-10 15:15:28 - [TEST_STEP][PASSED] - if (tab == "summary"): Delayed 3 second(s)

2022-01-10 15:15:28 - [TEST_STEP][PASSED] - idr = PORT_BtnIDR: null

2022-01-10 15:15:28 - [TEST_STEP][PASSED] - persen = PORT_BtnPersen: null

2022-01-10 15:15:28 - [TEST_STEP][PASSED] - if (action == "summary"): null

2022-01-10 15:15:28 - [TEST_STEP][PASSED] - else if (action == "perf_daily"): null

2022-01-10 15:15:28 - [TEST_STEP][PASSED] - else if (action == "perf_month"): null

2022-01-10 15:15:28 - [TEST_STEP][PASSED] - else if (action == "perf_quarter"): null

2022-01-10 15:15:28 - [TEST_STEP][PASSED] - else if (action == "perf_year"): Tapped on element 'Object Repository/Mobile/Page/Portfolio/Tab - Summary Year to Date'

2022-01-10 15:15:28 - [TEST_STEP][PASSED] - scroll.scroll.scrollScreenBottomToTop(): scroll.scroll.scrollScreenBottomToTop is PASSED

2022-01-10 15:15:28 - [MESSAGE][PASSED] - Current device physical height is 1423

2022-01-10 15:15:28 - [MESSAGE][PASSED] - Current device physical width is 720

2022-01-10 15:15:30 - [MESSAGE][PASSED] - Swiped from 360,1,138 to 360,284

2022-01-10 15:15:30 - [MESSAGE][PASSED] - scroll.scroll.scrollScreenBottomToTop is PASSED

2022-01-10 15:15:30 - [TEST_STEP][PASSED] - delay(1): Delayed 1 second(s)

2022-01-10 15:15:31 - [MESSAGE][PASSED] - Delayed 1 second(s)

2022-01-10 15:15:31 - [TEST_STEP][PASSED] - tap(PORT_TabSummaryYear, 0): Tapped on element 'Object Repository/Mobile/Page/Portfolio/Tab - Summary Year to Date'

2022-01-10 15:15:31 - [MESSAGE][WARNING] - Timeout '0' is invalid. Using default page load timeout: '60'

2022-01-10 15:15:31 - [MESSAGE][PASSED] - Tapped on element 'Object Repository/Mobile/Page/Portfolio/Tab - Summary Year to Date'

2022-01-10 15:15:31 - [TEST_STEP][PASSED] - if (action != "summary"): Delayed 3 second(s)

2022-01-10 15:15:31 - [TEST_STEP][PASSED] - delay(1): Delayed 1 second(s)

2022-01-10 15:15:32 - [MESSAGE][PASSED] - Delayed 1 second(s)

2022-01-10 15:15:32 - [TEST_STEP][PASSED] - scroll.scroll.scrollScreenBottomToTop(): scroll.scroll.scrollScreenBottomToTop is PASSED

2022-01-10 15:15:32 - [MESSAGE][PASSED] - Current device physical height is 1423

2022-01-10 15:15:33 - [MESSAGE][PASSED] - Current device physical width is 720

2022-01-10 15:15:34 - [MESSAGE][PASSED] - Swiped from 360,1,138 to 360,284

2022-01-10 15:15:34 - [MESSAGE][PASSED] - scroll.scroll.scrollScreenBottomToTop is PASSED

2022-01-10 15:15:34 - [TEST_STEP][PASSED] - delay(3): Delayed 3 second(s)

2022-01-10 15:15:37 - [MESSAGE][PASSED] - Delayed 3 second(s)

2022-01-10 15:15:37 - [TEST_STEP][PASSED] - if (action2 == "idr"): null

2022-01-10 15:15:37 - [TEST_STEP][PASSED] - else if (action2 == "persen"): Delayed 3 second(s)

2022-01-10 15:15:37 - [TEST_STEP][PASSED] - tap(persen, 10): Tapped on element 'Object Repository/Mobile/Page/Portfolio/Button - Persen'

2022-01-10 15:15:37 - [MESSAGE][PASSED] - Tapped on element 'Object Repository/Mobile/Page/Portfolio/Button - Persen'

2022-01-10 15:15:37 - [TEST_STEP][PASSED] - delay(3): Delayed 3 second(s)

2022-01-10 15:15:40 - [MESSAGE][PASSED] - Delayed 3 second(s)

2022-01-10 15:15:40 - [MESSAGE][PASSED] - Call Test Case 'Test Cases/Mobile/Page/Portfolio/Portfolio' successfully

2022-01-10 15:15:40 - [TEST_STEP][PASSED] - callTestCase(findTestCase("Mobile/Page/Run App/Terminate App"), [:], STOP_ON_FAILURE): Call Test Case 'Test Cases/Mobile/Page/Run App/Terminate App' successfully

2022-01-10 15:15:40 - [TEST_CASE][PASSED] - Test Cases/Mobile/Page/Run App/Terminate App: Test Cases/Mobile/Page/Run App/Terminate App

2022-01-10 15:15:40 - [TEST_STEP][PASSED] - startApp.OpenApp.terminateApplication(): startApp.OpenApp.terminateApplication is PASSED

2022-01-10 15:15:44 - [MESSAGE][PASSED] - Delayed 3 second(s)

2022-01-10 15:15:44 - [MESSAGE][PASSED] - Current device physical width is 720

2022-01-10 15:15:44 - [MESSAGE][PASSED] - Current device physical height is 1423

2022-01-10 15:15:45 - [MESSAGE][PASSED] - Swiped from 360,853 to 360,142

2022-01-10 15:15:47 - [MESSAGE][PASSED] - Delayed 1 second(s)

2022-01-10 15:15:48 - [MESSAGE][PASSED] - Swiped from 360,853 to 360,142

2022-01-10 15:15:51 - [MESSAGE][PASSED] - Delayed 3 second(s)

2022-01-10 15:15:51 - [MESSAGE][PASSED] - startApp.OpenApp.terminateApplication is PASSED

2022-01-10 15:15:51 - [MESSAGE][PASSED] - Call Test Case 'Test Cases/Mobile/Page/Run App/Terminate App' successfully]]></system-out>
         <system-err><![CDATA[]]></system-err>
      </testcase>
      <testcase name="Test Cases/Mobile/Scenario/Portfolio/010 - Melihat list stock" time="55.509" classname="Test Cases/Mobile/Scenario/Portfolio/010 - Melihat list stock" status="PASSED">
         <system-out><![CDATA[2022-01-10 15:15:51 - [TEST_CASE][PASSED] - Test Cases/Mobile/Scenario/Portfolio/010 - Melihat list stock: Test Cases/Mobile/Scenario/Portfolio/010 - Melihat list stock

2022-01-10 15:15:51 - [TEST_STEP][PASSED] - callTestCase(findTestCase("Mobile/Page/Run App/Run App byID"), [:], STOP_ON_FAILURE): Call Test Case 'Test Cases/Mobile/Page/Run App/Run App byID' successfully

2022-01-10 15:15:51 - [TEST_CASE][PASSED] - Test Cases/Mobile/Page/Run App/Run App byID: Test Cases/Mobile/Page/Run App/Run App byID

2022-01-10 15:15:51 - [TEST_STEP][PASSED] - startApp.OpenApp.startApplication("id.co.miraeasset.sageclub"): startApp.OpenApp.startApplication is PASSED

2022-01-10 15:16:04 - [MESSAGE][PASSED] - Starting app with application ID: 'id.co.miraeasset.sageclub'

2022-01-10 15:16:04 - [MESSAGE][PASSED] - startApp.OpenApp.startApplication is PASSED

2022-01-10 15:16:04 - [MESSAGE][PASSED] - Call Test Case 'Test Cases/Mobile/Page/Run App/Run App byID' successfully

2022-01-10 15:16:04 - [TEST_STEP][PASSED] - callTestCase(findTestCase("Mobile/Page/Portfolio/Portfolio"), ["tab":"stock"], CONTINUE_ON_FAILURE): Call Test Case 'Test Cases/Mobile/Page/Portfolio/Portfolio' successfully

2022-01-10 15:16:04 - [TEST_CASE][PASSED] - Test Cases/Mobile/Page/Portfolio/Portfolio: Test Cases/Mobile/Page/Portfolio/Portfolio

2022-01-10 15:16:04 - [TEST_STEP][PASSED] - callTestCase(findTestCase("Mobile/Page/CheckLogin"), [:], CONTINUE_ON_FAILURE): Call Test Case 'Test Cases/Mobile/Page/CheckLogin' successfully

2022-01-10 15:16:04 - [TEST_CASE][PASSED] - Test Cases/Mobile/Page/CheckLogin: Test Cases/Mobile/Page/CheckLogin

2022-01-10 15:16:04 - [TEST_STEP][PASSED] - loginCheck = verifyElementExist(LOGN_BtnLogin, 5, CONTINUE_ON_FAILURE): Element 'Object Repository/Mobile/Page/Login/Button - Login' is exist

2022-01-10 15:16:06 - [MESSAGE][PASSED] - Element 'Object Repository/Mobile/Page/Login/Button - Login' is exist

2022-01-10 15:16:06 - [TEST_STEP][PASSED] - if (loginCheck): Call Test Case 'Test Cases/Mobile/Page/Login/Login' successfully

2022-01-10 15:16:06 - [TEST_STEP][PASSED] - callTestCase(findTestCase("Mobile/Page/Login/Login"), ["action":"username"], CONTINUE_ON_FAILURE): Call Test Case 'Test Cases/Mobile/Page/Login/Login' successfully

2022-01-10 15:16:06 - [TEST_CASE][PASSED] - Test Cases/Mobile/Page/Login/Login: Test Cases/Mobile/Page/Login/Login

2022-01-10 15:16:06 - [TEST_STEP][PASSED] - delay(2): Delayed 2 second(s)

2022-01-10 15:16:08 - [MESSAGE][PASSED] - Delayed 2 second(s)

2022-01-10 15:16:08 - [TEST_STEP][PASSED] - for ([i = 0, i < 1, (i++)]): null

2022-01-10 15:16:08 - [TEST_STEP][PASSED] - if (action == "username"): null

2022-01-10 15:16:08 - [TEST_STEP][PASSED] - tap(LOGN_EdtUserID, 0): Tapped on element 'Object Repository/Mobile/Page/Login/Input - UserID'

2022-01-10 15:16:08 - [MESSAGE][WARNING] - Timeout '0' is invalid. Using default page load timeout: '60'

2022-01-10 15:16:09 - [MESSAGE][PASSED] - Tapped on element 'Object Repository/Mobile/Page/Login/Input - UserID'

2022-01-10 15:16:09 - [TEST_STEP][PASSED] - delay(1): Delayed 1 second(s)

2022-01-10 15:16:10 - [MESSAGE][PASSED] - Delayed 1 second(s)

2022-01-10 15:16:10 - [TEST_STEP][PASSED] - setText(LOGN_EdtRdyUserID, "anggaaditya", 0): Text 'anggaaditya' has been set to element 'Object Repository/Mobile/Page/Login/Input Rdy - UserID'

2022-01-10 15:16:10 - [MESSAGE][WARNING] - Timeout '0' is invalid. Using default page load timeout: '60'

2022-01-10 15:16:11 - [MESSAGE][PASSED] - Text 'anggaaditya' has been set to element 'Object Repository/Mobile/Page/Login/Input Rdy - UserID'

2022-01-10 15:16:11 - [TEST_STEP][PASSED] - delay(1): Delayed 1 second(s)

2022-01-10 15:16:12 - [MESSAGE][PASSED] - Delayed 1 second(s)

2022-01-10 15:16:12 - [TEST_STEP][PASSED] - hideKeyboard(): Keyboard is hidden

2022-01-10 15:16:15 - [MESSAGE][PASSED] - Keyboard is hidden

2022-01-10 15:16:15 - [TEST_STEP][PASSED] - tap(LOGN_EdtPassword, 0): Tapped on element 'Object Repository/Mobile/Page/Login/Input - Password'

2022-01-10 15:16:15 - [MESSAGE][WARNING] - Timeout '0' is invalid. Using default page load timeout: '60'

2022-01-10 15:16:16 - [MESSAGE][PASSED] - Tapped on element 'Object Repository/Mobile/Page/Login/Input - Password'

2022-01-10 15:16:16 - [TEST_STEP][PASSED] - delay(1): Delayed 1 second(s)

2022-01-10 15:16:17 - [MESSAGE][PASSED] - Delayed 1 second(s)

2022-01-10 15:16:17 - [TEST_STEP][PASSED] - setText(LOGN_EdtRdyPassword, "Shalawa18", 0): Text 'Shalawa18' has been set to element 'Object Repository/Mobile/Page/Login/Input Rdy - Password'

2022-01-10 15:16:17 - [MESSAGE][WARNING] - Timeout '0' is invalid. Using default page load timeout: '60'

2022-01-10 15:16:17 - [MESSAGE][PASSED] - Text 'Shalawa18' has been set to element 'Object Repository/Mobile/Page/Login/Input Rdy - Password'

2022-01-10 15:16:17 - [TEST_STEP][PASSED] - delay(1): Delayed 1 second(s)

2022-01-10 15:16:18 - [MESSAGE][PASSED] - Delayed 1 second(s)

2022-01-10 15:16:18 - [TEST_STEP][PASSED] - hideKeyboard(): Keyboard is hidden

2022-01-10 15:16:25 - [MESSAGE][PASSED] - Keyboard is hidden

2022-01-10 15:16:25 - [TEST_STEP][PASSED] - tap(LOGN_BtnLogin, 0): Tapped on element 'Object Repository/Mobile/Page/Login/Button - Login'

2022-01-10 15:16:25 - [MESSAGE][WARNING] - Timeout '0' is invalid. Using default page load timeout: '60'

2022-01-10 15:16:25 - [MESSAGE][PASSED] - Tapped on element 'Object Repository/Mobile/Page/Login/Button - Login'

2022-01-10 15:16:25 - [TEST_STEP][PASSED] - delay(2): Delayed 2 second(s)

2022-01-10 15:16:27 - [MESSAGE][PASSED] - Delayed 2 second(s)

2022-01-10 15:16:27 - [TEST_STEP][PASSED] - break: null

2022-01-10 15:16:27 - [MESSAGE][PASSED] - Call Test Case 'Test Cases/Mobile/Page/Login/Login' successfully

2022-01-10 15:16:27 - [MESSAGE][PASSED] - Call Test Case 'Test Cases/Mobile/Page/CheckLogin' successfully

2022-01-10 15:16:27 - [TEST_STEP][PASSED] - tap(HOME_MenubarPortfolio, 0): Tapped on element 'Object Repository/Mobile/Page/Home/Menubar - Portfolio'

2022-01-10 15:16:27 - [MESSAGE][WARNING] - Timeout '0' is invalid. Using default page load timeout: '60'

2022-01-10 15:16:29 - [MESSAGE][PASSED] - Tapped on element 'Object Repository/Mobile/Page/Home/Menubar - Portfolio'

2022-01-10 15:16:29 - [TEST_STEP][PASSED] - delay(1): Delayed 1 second(s)

2022-01-10 15:16:30 - [MESSAGE][PASSED] - Delayed 1 second(s)

2022-01-10 15:16:30 - [TEST_STEP][PASSED] - for ([i = 0, i < 1, (i++)]): Delayed 3 second(s)

2022-01-10 15:16:30 - [TEST_STEP][PASSED] - if (tab == "summary"): null

2022-01-10 15:16:30 - [TEST_STEP][PASSED] - else if (tab == "stock"): Delayed 3 second(s)

2022-01-10 15:16:30 - [TEST_STEP][PASSED] - tap(PORT_TabStock, 0): Tapped on element 'Object Repository/Mobile/Page/Portfolio/Tab - Stock'

2022-01-10 15:16:30 - [MESSAGE][WARNING] - Timeout '0' is invalid. Using default page load timeout: '60'

2022-01-10 15:16:31 - [MESSAGE][PASSED] - Tapped on element 'Object Repository/Mobile/Page/Portfolio/Tab - Stock'

2022-01-10 15:16:31 - [TEST_STEP][PASSED] - scroll.scroll.scrollScreenBottomToTop(): scroll.scroll.scrollScreenBottomToTop is PASSED

2022-01-10 15:16:31 - [MESSAGE][PASSED] - Current device physical height is 1423

2022-01-10 15:16:32 - [MESSAGE][PASSED] - Current device physical width is 720

2022-01-10 15:16:33 - [MESSAGE][PASSED] - Swiped from 360,1,138 to 360,284

2022-01-10 15:16:33 - [MESSAGE][PASSED] - scroll.scroll.scrollScreenBottomToTop is PASSED

2022-01-10 15:16:33 - [TEST_STEP][PASSED] - delay(3): Delayed 3 second(s)

2022-01-10 15:16:36 - [MESSAGE][PASSED] - Delayed 3 second(s)

2022-01-10 15:16:36 - [MESSAGE][PASSED] - Call Test Case 'Test Cases/Mobile/Page/Portfolio/Portfolio' successfully

2022-01-10 15:16:36 - [TEST_STEP][PASSED] - callTestCase(findTestCase("Mobile/Page/Run App/Terminate App"), [:], STOP_ON_FAILURE): Call Test Case 'Test Cases/Mobile/Page/Run App/Terminate App' successfully

2022-01-10 15:16:36 - [TEST_CASE][PASSED] - Test Cases/Mobile/Page/Run App/Terminate App: Test Cases/Mobile/Page/Run App/Terminate App

2022-01-10 15:16:36 - [TEST_STEP][PASSED] - startApp.OpenApp.terminateApplication(): startApp.OpenApp.terminateApplication is PASSED

2022-01-10 15:16:39 - [MESSAGE][PASSED] - Delayed 3 second(s)

2022-01-10 15:16:39 - [MESSAGE][PASSED] - Current device physical width is 720

2022-01-10 15:16:40 - [MESSAGE][PASSED] - Current device physical height is 1423

2022-01-10 15:16:41 - [MESSAGE][PASSED] - Swiped from 360,853 to 360,142

2022-01-10 15:16:42 - [MESSAGE][PASSED] - Delayed 1 second(s)

2022-01-10 15:16:43 - [MESSAGE][PASSED] - Swiped from 360,853 to 360,142

2022-01-10 15:16:46 - [MESSAGE][PASSED] - Delayed 3 second(s)

2022-01-10 15:16:46 - [MESSAGE][PASSED] - startApp.OpenApp.terminateApplication is PASSED

2022-01-10 15:16:46 - [MESSAGE][PASSED] - Call Test Case 'Test Cases/Mobile/Page/Run App/Terminate App' successfully]]></system-out>
         <system-err><![CDATA[]]></system-err>
      </testcase>
      <testcase name="Test Cases/Mobile/Scenario/Portfolio/011 - Melihat list mutual fund" time="62.3" classname="Test Cases/Mobile/Scenario/Portfolio/011 - Melihat list mutual fund" status="PASSED">
         <system-out><![CDATA[2022-01-10 15:16:46 - [TEST_CASE][PASSED] - Test Cases/Mobile/Scenario/Portfolio/011 - Melihat list mutual fund: Test Cases/Mobile/Scenario/Portfolio/011 - Melihat list mutual fund

2022-01-10 15:16:47 - [TEST_STEP][PASSED] - callTestCase(findTestCase("Mobile/Page/Run App/Run App byID"), [:], STOP_ON_FAILURE): Call Test Case 'Test Cases/Mobile/Page/Run App/Run App byID' successfully

2022-01-10 15:16:47 - [TEST_CASE][PASSED] - Test Cases/Mobile/Page/Run App/Run App byID: Test Cases/Mobile/Page/Run App/Run App byID

2022-01-10 15:16:47 - [TEST_STEP][PASSED] - startApp.OpenApp.startApplication("id.co.miraeasset.sageclub"): startApp.OpenApp.startApplication is PASSED

2022-01-10 15:17:01 - [MESSAGE][PASSED] - Starting app with application ID: 'id.co.miraeasset.sageclub'

2022-01-10 15:17:01 - [MESSAGE][PASSED] - startApp.OpenApp.startApplication is PASSED

2022-01-10 15:17:01 - [MESSAGE][PASSED] - Call Test Case 'Test Cases/Mobile/Page/Run App/Run App byID' successfully

2022-01-10 15:17:01 - [TEST_STEP][PASSED] - callTestCase(findTestCase("Mobile/Page/Portfolio/Portfolio"), ["tab":"mutualfund", "action2":"none"], CONTINUE_ON_FAILURE): Call Test Case 'Test Cases/Mobile/Page/Portfolio/Portfolio' successfully

2022-01-10 15:17:01 - [TEST_CASE][PASSED] - Test Cases/Mobile/Page/Portfolio/Portfolio: Test Cases/Mobile/Page/Portfolio/Portfolio

2022-01-10 15:17:01 - [TEST_STEP][PASSED] - callTestCase(findTestCase("Mobile/Page/CheckLogin"), [:], CONTINUE_ON_FAILURE): Call Test Case 'Test Cases/Mobile/Page/CheckLogin' successfully

2022-01-10 15:17:01 - [TEST_CASE][PASSED] - Test Cases/Mobile/Page/CheckLogin: Test Cases/Mobile/Page/CheckLogin

2022-01-10 15:17:01 - [TEST_STEP][PASSED] - loginCheck = verifyElementExist(LOGN_BtnLogin, 5, CONTINUE_ON_FAILURE): Element 'Object Repository/Mobile/Page/Login/Button - Login' is exist

2022-01-10 15:17:03 - [MESSAGE][PASSED] - Element 'Object Repository/Mobile/Page/Login/Button - Login' is exist

2022-01-10 15:17:03 - [TEST_STEP][PASSED] - if (loginCheck): Call Test Case 'Test Cases/Mobile/Page/Login/Login' successfully

2022-01-10 15:17:03 - [TEST_STEP][PASSED] - callTestCase(findTestCase("Mobile/Page/Login/Login"), ["action":"username"], CONTINUE_ON_FAILURE): Call Test Case 'Test Cases/Mobile/Page/Login/Login' successfully

2022-01-10 15:17:03 - [TEST_CASE][PASSED] - Test Cases/Mobile/Page/Login/Login: Test Cases/Mobile/Page/Login/Login

2022-01-10 15:17:03 - [TEST_STEP][PASSED] - delay(2): Delayed 2 second(s)

2022-01-10 15:17:05 - [MESSAGE][PASSED] - Delayed 2 second(s)

2022-01-10 15:17:05 - [TEST_STEP][PASSED] - for ([i = 0, i < 1, (i++)]): null

2022-01-10 15:17:05 - [TEST_STEP][PASSED] - if (action == "username"): null

2022-01-10 15:17:05 - [TEST_STEP][PASSED] - tap(LOGN_EdtUserID, 0): Tapped on element 'Object Repository/Mobile/Page/Login/Input - UserID'

2022-01-10 15:17:05 - [MESSAGE][WARNING] - Timeout '0' is invalid. Using default page load timeout: '60'

2022-01-10 15:17:05 - [MESSAGE][PASSED] - Tapped on element 'Object Repository/Mobile/Page/Login/Input - UserID'

2022-01-10 15:17:05 - [TEST_STEP][PASSED] - delay(1): Delayed 1 second(s)

2022-01-10 15:17:06 - [MESSAGE][PASSED] - Delayed 1 second(s)

2022-01-10 15:17:06 - [TEST_STEP][PASSED] - setText(LOGN_EdtRdyUserID, "anggaaditya", 0): Text 'anggaaditya' has been set to element 'Object Repository/Mobile/Page/Login/Input Rdy - UserID'

2022-01-10 15:17:06 - [MESSAGE][WARNING] - Timeout '0' is invalid. Using default page load timeout: '60'

2022-01-10 15:17:07 - [MESSAGE][PASSED] - Text 'anggaaditya' has been set to element 'Object Repository/Mobile/Page/Login/Input Rdy - UserID'

2022-01-10 15:17:07 - [TEST_STEP][PASSED] - delay(1): Delayed 1 second(s)

2022-01-10 15:17:08 - [MESSAGE][PASSED] - Delayed 1 second(s)

2022-01-10 15:17:08 - [TEST_STEP][PASSED] - hideKeyboard(): Keyboard is hidden

2022-01-10 15:17:12 - [MESSAGE][PASSED] - Keyboard is hidden

2022-01-10 15:17:12 - [TEST_STEP][PASSED] - tap(LOGN_EdtPassword, 0): Tapped on element 'Object Repository/Mobile/Page/Login/Input - Password'

2022-01-10 15:17:12 - [MESSAGE][WARNING] - Timeout '0' is invalid. Using default page load timeout: '60'

2022-01-10 15:17:12 - [MESSAGE][PASSED] - Tapped on element 'Object Repository/Mobile/Page/Login/Input - Password'

2022-01-10 15:17:12 - [TEST_STEP][PASSED] - delay(1): Delayed 1 second(s)

2022-01-10 15:17:13 - [MESSAGE][PASSED] - Delayed 1 second(s)

2022-01-10 15:17:13 - [TEST_STEP][PASSED] - setText(LOGN_EdtRdyPassword, "Shalawa18", 0): Text 'Shalawa18' has been set to element 'Object Repository/Mobile/Page/Login/Input Rdy - Password'

2022-01-10 15:17:13 - [MESSAGE][WARNING] - Timeout '0' is invalid. Using default page load timeout: '60'

2022-01-10 15:17:14 - [MESSAGE][PASSED] - Text 'Shalawa18' has been set to element 'Object Repository/Mobile/Page/Login/Input Rdy - Password'

2022-01-10 15:17:14 - [TEST_STEP][PASSED] - delay(1): Delayed 1 second(s)

2022-01-10 15:17:15 - [MESSAGE][PASSED] - Delayed 1 second(s)

2022-01-10 15:17:15 - [TEST_STEP][PASSED] - hideKeyboard(): Keyboard is hidden

2022-01-10 15:17:22 - [MESSAGE][PASSED] - Keyboard is hidden

2022-01-10 15:17:22 - [TEST_STEP][PASSED] - tap(LOGN_BtnLogin, 0): Tapped on element 'Object Repository/Mobile/Page/Login/Button - Login'

2022-01-10 15:17:22 - [MESSAGE][WARNING] - Timeout '0' is invalid. Using default page load timeout: '60'

2022-01-10 15:17:23 - [MESSAGE][PASSED] - Tapped on element 'Object Repository/Mobile/Page/Login/Button - Login'

2022-01-10 15:17:23 - [TEST_STEP][PASSED] - delay(2): Delayed 2 second(s)

2022-01-10 15:17:25 - [MESSAGE][PASSED] - Delayed 2 second(s)

2022-01-10 15:17:25 - [TEST_STEP][PASSED] - break: null

2022-01-10 15:17:25 - [MESSAGE][PASSED] - Call Test Case 'Test Cases/Mobile/Page/Login/Login' successfully

2022-01-10 15:17:25 - [MESSAGE][PASSED] - Call Test Case 'Test Cases/Mobile/Page/CheckLogin' successfully

2022-01-10 15:17:25 - [TEST_STEP][PASSED] - tap(HOME_MenubarPortfolio, 0): Tapped on element 'Object Repository/Mobile/Page/Home/Menubar - Portfolio'

2022-01-10 15:17:25 - [MESSAGE][WARNING] - Timeout '0' is invalid. Using default page load timeout: '60'

2022-01-10 15:17:26 - [MESSAGE][PASSED] - Tapped on element 'Object Repository/Mobile/Page/Home/Menubar - Portfolio'

2022-01-10 15:17:26 - [TEST_STEP][PASSED] - delay(1): Delayed 1 second(s)

2022-01-10 15:17:27 - [MESSAGE][PASSED] - Delayed 1 second(s)

2022-01-10 15:17:27 - [TEST_STEP][PASSED] - for ([i = 0, i < 1, (i++)]): scroll.scroll.scrollScreenBottomToTop is PASSED

2022-01-10 15:17:27 - [TEST_STEP][PASSED] - if (tab == "summary"): null

2022-01-10 15:17:27 - [TEST_STEP][PASSED] - else if (tab == "stock"): null

2022-01-10 15:17:27 - [TEST_STEP][PASSED] - else if (tab == "mutualfund"): scroll.scroll.scrollScreenBottomToTop is PASSED

2022-01-10 15:17:27 - [TEST_STEP][PASSED] - tap(PORT_TabMutualFund, 0): Tapped on element 'Object Repository/Mobile/Page/Portfolio/Tab - Mutual Fund'

2022-01-10 15:17:27 - [MESSAGE][WARNING] - Timeout '0' is invalid. Using default page load timeout: '60'

2022-01-10 15:17:28 - [MESSAGE][PASSED] - Tapped on element 'Object Repository/Mobile/Page/Portfolio/Tab - Mutual Fund'

2022-01-10 15:17:28 - [TEST_STEP][PASSED] - delay(1): Delayed 1 second(s)

2022-01-10 15:17:29 - [MESSAGE][PASSED] - Delayed 1 second(s)

2022-01-10 15:17:29 - [TEST_STEP][PASSED] - try: scroll.scroll.scrollScreenBottomToTop is PASSED

2022-01-10 15:17:29 - [TEST_STEP][PASSED] - tapAndHold(PORT_ItemTopMutualFund, 1, 10): Tapped and held on element 'Object Repository/Mobile/Page/Portfolio/Item - Top Mutual Fund' with duration 1

2022-01-10 15:17:31 - [MESSAGE][PASSED] - Tapped and held on element 'Object Repository/Mobile/Page/Portfolio/Item - Top Mutual Fund' with duration 1

2022-01-10 15:17:31 - [TEST_STEP][PASSED] - delay(2): Delayed 2 second(s)

2022-01-10 15:17:33 - [MESSAGE][PASSED] - Delayed 2 second(s)

2022-01-10 15:17:33 - [TEST_STEP][PASSED] - switch (action2): null

2022-01-10 15:17:33 - [TEST_STEP][PASSED] - delay(3): Delayed 3 second(s)

2022-01-10 15:17:36 - [MESSAGE][PASSED] - Delayed 3 second(s)

2022-01-10 15:17:36 - [TEST_STEP][PASSED] - scroll.scroll.scrollScreenBottomToTop(): scroll.scroll.scrollScreenBottomToTop is PASSED

2022-01-10 15:17:37 - [MESSAGE][PASSED] - Current device physical height is 1423

2022-01-10 15:17:37 - [MESSAGE][PASSED] - Current device physical width is 720

2022-01-10 15:17:38 - [MESSAGE][PASSED] - Swiped from 360,1,138 to 360,284

2022-01-10 15:17:38 - [MESSAGE][PASSED] - scroll.scroll.scrollScreenBottomToTop is PASSED

2022-01-10 15:17:38 - [MESSAGE][PASSED] - Call Test Case 'Test Cases/Mobile/Page/Portfolio/Portfolio' successfully

2022-01-10 15:17:38 - [TEST_STEP][PASSED] - callTestCase(findTestCase("Mobile/Page/Run App/Terminate App"), [:], STOP_ON_FAILURE): Call Test Case 'Test Cases/Mobile/Page/Run App/Terminate App' successfully

2022-01-10 15:17:38 - [TEST_CASE][PASSED] - Test Cases/Mobile/Page/Run App/Terminate App: Test Cases/Mobile/Page/Run App/Terminate App

2022-01-10 15:17:38 - [TEST_STEP][PASSED] - startApp.OpenApp.terminateApplication(): startApp.OpenApp.terminateApplication is PASSED

2022-01-10 15:17:42 - [MESSAGE][PASSED] - Delayed 3 second(s)

2022-01-10 15:17:42 - [MESSAGE][PASSED] - Current device physical width is 720

2022-01-10 15:17:42 - [MESSAGE][PASSED] - Current device physical height is 1423

2022-01-10 15:17:43 - [MESSAGE][PASSED] - Swiped from 360,853 to 360,142

2022-01-10 15:17:44 - [MESSAGE][PASSED] - Delayed 1 second(s)

2022-01-10 15:17:46 - [MESSAGE][PASSED] - Swiped from 360,853 to 360,142

2022-01-10 15:17:49 - [MESSAGE][PASSED] - Delayed 3 second(s)

2022-01-10 15:17:49 - [MESSAGE][PASSED] - startApp.OpenApp.terminateApplication is PASSED

2022-01-10 15:17:49 - [MESSAGE][PASSED] - Call Test Case 'Test Cases/Mobile/Page/Run App/Terminate App' successfully]]></system-out>
         <system-err><![CDATA[]]></system-err>
      </testcase>
      <testcase name="Test Cases/Mobile/Scenario/Portfolio/012 - Melihat list bond" time="56.482" classname="Test Cases/Mobile/Scenario/Portfolio/012 - Melihat list bond" status="PASSED">
         <system-out><![CDATA[2022-01-10 15:17:49 - [TEST_CASE][PASSED] - Test Cases/Mobile/Scenario/Portfolio/012 - Melihat list bond: Test Cases/Mobile/Scenario/Portfolio/012 - Melihat list bond

2022-01-10 15:17:49 - [TEST_STEP][PASSED] - callTestCase(findTestCase("Mobile/Page/Run App/Run App byID"), [:], STOP_ON_FAILURE): Call Test Case 'Test Cases/Mobile/Page/Run App/Run App byID' successfully

2022-01-10 15:17:49 - [TEST_CASE][PASSED] - Test Cases/Mobile/Page/Run App/Run App byID: Test Cases/Mobile/Page/Run App/Run App byID

2022-01-10 15:17:49 - [TEST_STEP][PASSED] - startApp.OpenApp.startApplication("id.co.miraeasset.sageclub"): startApp.OpenApp.startApplication is PASSED

2022-01-10 15:18:02 - [MESSAGE][PASSED] - Starting app with application ID: 'id.co.miraeasset.sageclub'

2022-01-10 15:18:02 - [MESSAGE][PASSED] - startApp.OpenApp.startApplication is PASSED

2022-01-10 15:18:02 - [MESSAGE][PASSED] - Call Test Case 'Test Cases/Mobile/Page/Run App/Run App byID' successfully

2022-01-10 15:18:02 - [TEST_STEP][PASSED] - callTestCase(findTestCase("Mobile/Page/Portfolio/Portfolio"), ["tab":"stock", "action":"none"], CONTINUE_ON_FAILURE): Call Test Case 'Test Cases/Mobile/Page/Portfolio/Portfolio' successfully

2022-01-10 15:18:02 - [TEST_CASE][PASSED] - Test Cases/Mobile/Page/Portfolio/Portfolio: Test Cases/Mobile/Page/Portfolio/Portfolio

2022-01-10 15:18:02 - [TEST_STEP][PASSED] - callTestCase(findTestCase("Mobile/Page/CheckLogin"), [:], CONTINUE_ON_FAILURE): Call Test Case 'Test Cases/Mobile/Page/CheckLogin' successfully

2022-01-10 15:18:03 - [TEST_CASE][PASSED] - Test Cases/Mobile/Page/CheckLogin: Test Cases/Mobile/Page/CheckLogin

2022-01-10 15:18:03 - [TEST_STEP][PASSED] - loginCheck = verifyElementExist(LOGN_BtnLogin, 5, CONTINUE_ON_FAILURE): Element 'Object Repository/Mobile/Page/Login/Button - Login' is exist

2022-01-10 15:18:05 - [MESSAGE][PASSED] - Element 'Object Repository/Mobile/Page/Login/Button - Login' is exist

2022-01-10 15:18:05 - [TEST_STEP][PASSED] - if (loginCheck): Call Test Case 'Test Cases/Mobile/Page/Login/Login' successfully

2022-01-10 15:18:05 - [TEST_STEP][PASSED] - callTestCase(findTestCase("Mobile/Page/Login/Login"), ["action":"username"], CONTINUE_ON_FAILURE): Call Test Case 'Test Cases/Mobile/Page/Login/Login' successfully

2022-01-10 15:18:05 - [TEST_CASE][PASSED] - Test Cases/Mobile/Page/Login/Login: Test Cases/Mobile/Page/Login/Login

2022-01-10 15:18:05 - [TEST_STEP][PASSED] - delay(2): Delayed 2 second(s)

2022-01-10 15:18:07 - [MESSAGE][PASSED] - Delayed 2 second(s)

2022-01-10 15:18:07 - [TEST_STEP][PASSED] - for ([i = 0, i < 1, (i++)]): null

2022-01-10 15:18:07 - [TEST_STEP][PASSED] - if (action == "username"): null

2022-01-10 15:18:07 - [TEST_STEP][PASSED] - tap(LOGN_EdtUserID, 0): Tapped on element 'Object Repository/Mobile/Page/Login/Input - UserID'

2022-01-10 15:18:07 - [MESSAGE][WARNING] - Timeout '0' is invalid. Using default page load timeout: '60'

2022-01-10 15:18:07 - [MESSAGE][PASSED] - Tapped on element 'Object Repository/Mobile/Page/Login/Input - UserID'

2022-01-10 15:18:07 - [TEST_STEP][PASSED] - delay(1): Delayed 1 second(s)

2022-01-10 15:18:08 - [MESSAGE][PASSED] - Delayed 1 second(s)

2022-01-10 15:18:08 - [TEST_STEP][PASSED] - setText(LOGN_EdtRdyUserID, "anggaaditya", 0): Text 'anggaaditya' has been set to element 'Object Repository/Mobile/Page/Login/Input Rdy - UserID'

2022-01-10 15:18:08 - [MESSAGE][WARNING] - Timeout '0' is invalid. Using default page load timeout: '60'

2022-01-10 15:18:09 - [MESSAGE][PASSED] - Text 'anggaaditya' has been set to element 'Object Repository/Mobile/Page/Login/Input Rdy - UserID'

2022-01-10 15:18:09 - [TEST_STEP][PASSED] - delay(1): Delayed 1 second(s)

2022-01-10 15:18:10 - [MESSAGE][PASSED] - Delayed 1 second(s)

2022-01-10 15:18:10 - [TEST_STEP][PASSED] - hideKeyboard(): Keyboard is hidden

2022-01-10 15:18:13 - [MESSAGE][PASSED] - Keyboard is hidden

2022-01-10 15:18:13 - [TEST_STEP][PASSED] - tap(LOGN_EdtPassword, 0): Tapped on element 'Object Repository/Mobile/Page/Login/Input - Password'

2022-01-10 15:18:13 - [MESSAGE][WARNING] - Timeout '0' is invalid. Using default page load timeout: '60'

2022-01-10 15:18:14 - [MESSAGE][PASSED] - Tapped on element 'Object Repository/Mobile/Page/Login/Input - Password'

2022-01-10 15:18:14 - [TEST_STEP][PASSED] - delay(1): Delayed 1 second(s)

2022-01-10 15:18:15 - [MESSAGE][PASSED] - Delayed 1 second(s)

2022-01-10 15:18:15 - [TEST_STEP][PASSED] - setText(LOGN_EdtRdyPassword, "Shalawa18", 0): Text 'Shalawa18' has been set to element 'Object Repository/Mobile/Page/Login/Input Rdy - Password'

2022-01-10 15:18:15 - [MESSAGE][WARNING] - Timeout '0' is invalid. Using default page load timeout: '60'

2022-01-10 15:18:16 - [MESSAGE][PASSED] - Text 'Shalawa18' has been set to element 'Object Repository/Mobile/Page/Login/Input Rdy - Password'

2022-01-10 15:18:16 - [TEST_STEP][PASSED] - delay(1): Delayed 1 second(s)

2022-01-10 15:18:17 - [MESSAGE][PASSED] - Delayed 1 second(s)

2022-01-10 15:18:17 - [TEST_STEP][PASSED] - hideKeyboard(): Keyboard is hidden

2022-01-10 15:18:23 - [MESSAGE][PASSED] - Keyboard is hidden

2022-01-10 15:18:23 - [TEST_STEP][PASSED] - tap(LOGN_BtnLogin, 0): Tapped on element 'Object Repository/Mobile/Page/Login/Button - Login'

2022-01-10 15:18:23 - [MESSAGE][WARNING] - Timeout '0' is invalid. Using default page load timeout: '60'

2022-01-10 15:18:24 - [MESSAGE][PASSED] - Tapped on element 'Object Repository/Mobile/Page/Login/Button - Login'

2022-01-10 15:18:24 - [TEST_STEP][PASSED] - delay(2): Delayed 2 second(s)

2022-01-10 15:18:26 - [MESSAGE][PASSED] - Delayed 2 second(s)

2022-01-10 15:18:26 - [TEST_STEP][PASSED] - break: null

2022-01-10 15:18:26 - [MESSAGE][PASSED] - Call Test Case 'Test Cases/Mobile/Page/Login/Login' successfully

2022-01-10 15:18:26 - [MESSAGE][PASSED] - Call Test Case 'Test Cases/Mobile/Page/CheckLogin' successfully

2022-01-10 15:18:26 - [TEST_STEP][PASSED] - tap(HOME_MenubarPortfolio, 0): Tapped on element 'Object Repository/Mobile/Page/Home/Menubar - Portfolio'

2022-01-10 15:18:26 - [MESSAGE][WARNING] - Timeout '0' is invalid. Using default page load timeout: '60'

2022-01-10 15:18:28 - [MESSAGE][PASSED] - Tapped on element 'Object Repository/Mobile/Page/Home/Menubar - Portfolio'

2022-01-10 15:18:28 - [TEST_STEP][PASSED] - delay(1): Delayed 1 second(s)

2022-01-10 15:18:29 - [MESSAGE][PASSED] - Delayed 1 second(s)

2022-01-10 15:18:29 - [TEST_STEP][PASSED] - for ([i = 0, i < 1, (i++)]): Delayed 3 second(s)

2022-01-10 15:18:29 - [TEST_STEP][PASSED] - if (tab == "summary"): null

2022-01-10 15:18:29 - [TEST_STEP][PASSED] - else if (tab == "stock"): Delayed 3 second(s)

2022-01-10 15:18:29 - [TEST_STEP][PASSED] - tap(PORT_TabStock, 0): Tapped on element 'Object Repository/Mobile/Page/Portfolio/Tab - Stock'

2022-01-10 15:18:29 - [MESSAGE][WARNING] - Timeout '0' is invalid. Using default page load timeout: '60'

2022-01-10 15:18:30 - [MESSAGE][PASSED] - Tapped on element 'Object Repository/Mobile/Page/Portfolio/Tab - Stock'

2022-01-10 15:18:30 - [TEST_STEP][PASSED] - scroll.scroll.scrollScreenBottomToTop(): scroll.scroll.scrollScreenBottomToTop is PASSED

2022-01-10 15:18:30 - [MESSAGE][PASSED] - Current device physical height is 1423

2022-01-10 15:18:31 - [MESSAGE][PASSED] - Current device physical width is 720

2022-01-10 15:18:32 - [MESSAGE][PASSED] - Swiped from 360,1,138 to 360,284

2022-01-10 15:18:32 - [MESSAGE][PASSED] - scroll.scroll.scrollScreenBottomToTop is PASSED

2022-01-10 15:18:32 - [TEST_STEP][PASSED] - delay(3): Delayed 3 second(s)

2022-01-10 15:18:35 - [MESSAGE][PASSED] - Delayed 3 second(s)

2022-01-10 15:18:35 - [MESSAGE][PASSED] - Call Test Case 'Test Cases/Mobile/Page/Portfolio/Portfolio' successfully

2022-01-10 15:18:35 - [TEST_STEP][PASSED] - callTestCase(findTestCase("Mobile/Page/Run App/Terminate App"), [:], STOP_ON_FAILURE): Call Test Case 'Test Cases/Mobile/Page/Run App/Terminate App' successfully

2022-01-10 15:18:35 - [TEST_CASE][PASSED] - Test Cases/Mobile/Page/Run App/Terminate App: Test Cases/Mobile/Page/Run App/Terminate App

2022-01-10 15:18:35 - [TEST_STEP][PASSED] - startApp.OpenApp.terminateApplication(): startApp.OpenApp.terminateApplication is PASSED

2022-01-10 15:18:38 - [MESSAGE][PASSED] - Delayed 3 second(s)

2022-01-10 15:18:38 - [MESSAGE][PASSED] - Current device physical width is 720

2022-01-10 15:18:38 - [MESSAGE][PASSED] - Current device physical height is 1423

2022-01-10 15:18:40 - [MESSAGE][PASSED] - Swiped from 360,853 to 360,142

2022-01-10 15:18:41 - [MESSAGE][PASSED] - Delayed 1 second(s)

2022-01-10 15:18:42 - [MESSAGE][PASSED] - Swiped from 360,853 to 360,142

2022-01-10 15:18:45 - [MESSAGE][PASSED] - Delayed 3 second(s)

2022-01-10 15:18:45 - [MESSAGE][PASSED] - startApp.OpenApp.terminateApplication is PASSED

2022-01-10 15:18:45 - [MESSAGE][PASSED] - Call Test Case 'Test Cases/Mobile/Page/Run App/Terminate App' successfully]]></system-out>
         <system-err><![CDATA[]]></system-err>
      </testcase>
      <testcase name="Test Cases/Mobile/Scenario/Portfolio/013 - Melihat detail mutual fund 1 month" time="66.45" classname="Test Cases/Mobile/Scenario/Portfolio/013 - Melihat detail mutual fund 1 month" status="PASSED">
         <system-out><![CDATA[2022-01-10 15:18:45 - [TEST_CASE][PASSED] - Test Cases/Mobile/Scenario/Portfolio/013 - Melihat detail mutual fund 1 month: Test Cases/Mobile/Scenario/Portfolio/013 - Melihat detail mutual fund 1 month

2022-01-10 15:18:45 - [TEST_STEP][PASSED] - callTestCase(findTestCase("Mobile/Page/Run App/Run App byID"), [:], STOP_ON_FAILURE): Call Test Case 'Test Cases/Mobile/Page/Run App/Run App byID' successfully

2022-01-10 15:18:45 - [TEST_CASE][PASSED] - Test Cases/Mobile/Page/Run App/Run App byID: Test Cases/Mobile/Page/Run App/Run App byID

2022-01-10 15:18:45 - [TEST_STEP][PASSED] - startApp.OpenApp.startApplication("id.co.miraeasset.sageclub"): startApp.OpenApp.startApplication is PASSED

2022-01-10 15:18:59 - [MESSAGE][PASSED] - Starting app with application ID: 'id.co.miraeasset.sageclub'

2022-01-10 15:18:59 - [MESSAGE][PASSED] - startApp.OpenApp.startApplication is PASSED

2022-01-10 15:18:59 - [MESSAGE][PASSED] - Call Test Case 'Test Cases/Mobile/Page/Run App/Run App byID' successfully

2022-01-10 15:18:59 - [TEST_STEP][PASSED] - callTestCase(findTestCase("Mobile/Page/Portfolio/Portfolio"), ["tab":"mutualfund", "action2":"1 month"], CONTINUE_ON_FAILURE): Call Test Case 'Test Cases/Mobile/Page/Portfolio/Portfolio' successfully

2022-01-10 15:18:59 - [TEST_CASE][PASSED] - Test Cases/Mobile/Page/Portfolio/Portfolio: Test Cases/Mobile/Page/Portfolio/Portfolio

2022-01-10 15:18:59 - [TEST_STEP][PASSED] - callTestCase(findTestCase("Mobile/Page/CheckLogin"), [:], CONTINUE_ON_FAILURE): Call Test Case 'Test Cases/Mobile/Page/CheckLogin' successfully

2022-01-10 15:18:59 - [TEST_CASE][PASSED] - Test Cases/Mobile/Page/CheckLogin: Test Cases/Mobile/Page/CheckLogin

2022-01-10 15:18:59 - [TEST_STEP][PASSED] - loginCheck = verifyElementExist(LOGN_BtnLogin, 5, CONTINUE_ON_FAILURE): Element 'Object Repository/Mobile/Page/Login/Button - Login' is exist

2022-01-10 15:19:02 - [MESSAGE][PASSED] - Element 'Object Repository/Mobile/Page/Login/Button - Login' is exist

2022-01-10 15:19:02 - [TEST_STEP][PASSED] - if (loginCheck): Call Test Case 'Test Cases/Mobile/Page/Login/Login' successfully

2022-01-10 15:19:02 - [TEST_STEP][PASSED] - callTestCase(findTestCase("Mobile/Page/Login/Login"), ["action":"username"], CONTINUE_ON_FAILURE): Call Test Case 'Test Cases/Mobile/Page/Login/Login' successfully

2022-01-10 15:19:02 - [TEST_CASE][PASSED] - Test Cases/Mobile/Page/Login/Login: Test Cases/Mobile/Page/Login/Login

2022-01-10 15:19:02 - [TEST_STEP][PASSED] - delay(2): Delayed 2 second(s)

2022-01-10 15:19:04 - [MESSAGE][PASSED] - Delayed 2 second(s)

2022-01-10 15:19:04 - [TEST_STEP][PASSED] - for ([i = 0, i < 1, (i++)]): null

2022-01-10 15:19:04 - [TEST_STEP][PASSED] - if (action == "username"): null

2022-01-10 15:19:04 - [TEST_STEP][PASSED] - tap(LOGN_EdtUserID, 0): Tapped on element 'Object Repository/Mobile/Page/Login/Input - UserID'

2022-01-10 15:19:04 - [MESSAGE][WARNING] - Timeout '0' is invalid. Using default page load timeout: '60'

2022-01-10 15:19:04 - [MESSAGE][PASSED] - Tapped on element 'Object Repository/Mobile/Page/Login/Input - UserID'

2022-01-10 15:19:04 - [TEST_STEP][PASSED] - delay(1): Delayed 1 second(s)

2022-01-10 15:19:05 - [MESSAGE][PASSED] - Delayed 1 second(s)

2022-01-10 15:19:05 - [TEST_STEP][PASSED] - setText(LOGN_EdtRdyUserID, "anggaaditya", 0): Text 'anggaaditya' has been set to element 'Object Repository/Mobile/Page/Login/Input Rdy - UserID'

2022-01-10 15:19:05 - [MESSAGE][WARNING] - Timeout '0' is invalid. Using default page load timeout: '60'

2022-01-10 15:19:06 - [MESSAGE][PASSED] - Text 'anggaaditya' has been set to element 'Object Repository/Mobile/Page/Login/Input Rdy - UserID'

2022-01-10 15:19:06 - [TEST_STEP][PASSED] - delay(1): Delayed 1 second(s)

2022-01-10 15:19:07 - [MESSAGE][PASSED] - Delayed 1 second(s)

2022-01-10 15:19:07 - [TEST_STEP][PASSED] - hideKeyboard(): Keyboard is hidden

2022-01-10 15:19:11 - [MESSAGE][PASSED] - Keyboard is hidden

2022-01-10 15:19:11 - [TEST_STEP][PASSED] - tap(LOGN_EdtPassword, 0): Tapped on element 'Object Repository/Mobile/Page/Login/Input - Password'

2022-01-10 15:19:11 - [MESSAGE][WARNING] - Timeout '0' is invalid. Using default page load timeout: '60'

2022-01-10 15:19:11 - [MESSAGE][PASSED] - Tapped on element 'Object Repository/Mobile/Page/Login/Input - Password'

2022-01-10 15:19:11 - [TEST_STEP][PASSED] - delay(1): Delayed 1 second(s)

2022-01-10 15:19:12 - [MESSAGE][PASSED] - Delayed 1 second(s)

2022-01-10 15:19:12 - [TEST_STEP][PASSED] - setText(LOGN_EdtRdyPassword, "Shalawa18", 0): Text 'Shalawa18' has been set to element 'Object Repository/Mobile/Page/Login/Input Rdy - Password'

2022-01-10 15:19:12 - [MESSAGE][WARNING] - Timeout '0' is invalid. Using default page load timeout: '60'

2022-01-10 15:19:13 - [MESSAGE][PASSED] - Text 'Shalawa18' has been set to element 'Object Repository/Mobile/Page/Login/Input Rdy - Password'

2022-01-10 15:19:13 - [TEST_STEP][PASSED] - delay(1): Delayed 1 second(s)

2022-01-10 15:19:14 - [MESSAGE][PASSED] - Delayed 1 second(s)

2022-01-10 15:19:14 - [TEST_STEP][PASSED] - hideKeyboard(): Keyboard is hidden

2022-01-10 15:19:20 - [MESSAGE][PASSED] - Keyboard is hidden

2022-01-10 15:19:20 - [TEST_STEP][PASSED] - tap(LOGN_BtnLogin, 0): Tapped on element 'Object Repository/Mobile/Page/Login/Button - Login'

2022-01-10 15:19:20 - [MESSAGE][WARNING] - Timeout '0' is invalid. Using default page load timeout: '60'

2022-01-10 15:19:21 - [MESSAGE][PASSED] - Tapped on element 'Object Repository/Mobile/Page/Login/Button - Login'

2022-01-10 15:19:21 - [TEST_STEP][PASSED] - delay(2): Delayed 2 second(s)

2022-01-10 15:19:23 - [MESSAGE][PASSED] - Delayed 2 second(s)

2022-01-10 15:19:23 - [TEST_STEP][PASSED] - break: null

2022-01-10 15:19:23 - [MESSAGE][PASSED] - Call Test Case 'Test Cases/Mobile/Page/Login/Login' successfully

2022-01-10 15:19:23 - [MESSAGE][PASSED] - Call Test Case 'Test Cases/Mobile/Page/CheckLogin' successfully

2022-01-10 15:19:23 - [TEST_STEP][PASSED] - tap(HOME_MenubarPortfolio, 0): Tapped on element 'Object Repository/Mobile/Page/Home/Menubar - Portfolio'

2022-01-10 15:19:23 - [MESSAGE][WARNING] - Timeout '0' is invalid. Using default page load timeout: '60'

2022-01-10 15:19:25 - [MESSAGE][PASSED] - Tapped on element 'Object Repository/Mobile/Page/Home/Menubar - Portfolio'

2022-01-10 15:19:25 - [TEST_STEP][PASSED] - delay(1): Delayed 1 second(s)

2022-01-10 15:19:26 - [MESSAGE][PASSED] - Delayed 1 second(s)

2022-01-10 15:19:26 - [TEST_STEP][PASSED] - for ([i = 0, i < 1, (i++)]): scroll.scroll.scrollScreenBottomToTop is PASSED

2022-01-10 15:19:26 - [TEST_STEP][PASSED] - if (tab == "summary"): null

2022-01-10 15:19:26 - [TEST_STEP][PASSED] - else if (tab == "stock"): null

2022-01-10 15:19:26 - [TEST_STEP][PASSED] - else if (tab == "mutualfund"): scroll.scroll.scrollScreenBottomToTop is PASSED

2022-01-10 15:19:26 - [TEST_STEP][PASSED] - tap(PORT_TabMutualFund, 0): Tapped on element 'Object Repository/Mobile/Page/Portfolio/Tab - Mutual Fund'

2022-01-10 15:19:26 - [MESSAGE][WARNING] - Timeout '0' is invalid. Using default page load timeout: '60'

2022-01-10 15:19:28 - [MESSAGE][PASSED] - Tapped on element 'Object Repository/Mobile/Page/Portfolio/Tab - Mutual Fund'

2022-01-10 15:19:28 - [TEST_STEP][PASSED] - delay(1): Delayed 1 second(s)

2022-01-10 15:19:29 - [MESSAGE][PASSED] - Delayed 1 second(s)

2022-01-10 15:19:29 - [TEST_STEP][PASSED] - try: scroll.scroll.scrollScreenBottomToTop is PASSED

2022-01-10 15:19:29 - [TEST_STEP][PASSED] - tapAndHold(PORT_ItemTopMutualFund, 1, 10): Tapped and held on element 'Object Repository/Mobile/Page/Portfolio/Item - Top Mutual Fund' with duration 1

2022-01-10 15:19:32 - [MESSAGE][PASSED] - Tapped and held on element 'Object Repository/Mobile/Page/Portfolio/Item - Top Mutual Fund' with duration 1

2022-01-10 15:19:32 - [TEST_STEP][PASSED] - delay(2): Delayed 2 second(s)

2022-01-10 15:19:34 - [MESSAGE][PASSED] - Delayed 2 second(s)

2022-01-10 15:19:34 - [TEST_STEP][PASSED] - switch (action2): null

2022-01-10 15:19:34 - [TEST_STEP][PASSED] - case "1 month":: null

2022-01-10 15:19:34 - [TEST_STEP][PASSED] - tapAndHold(PORT_DETL_Btn1Month, 1, 0): Tapped and held on element 'Object Repository/Mobile/Page/Portfolio/Detail Mutual Funds/Button - 1 Month' with duration 1

2022-01-10 15:19:34 - [MESSAGE][WARNING] - Timeout '0' is invalid. Using default page load timeout: '60'

2022-01-10 15:19:37 - [MESSAGE][PASSED] - Tapped and held on element 'Object Repository/Mobile/Page/Portfolio/Detail Mutual Funds/Button - 1 Month' with duration 1

2022-01-10 15:19:37 - [TEST_STEP][PASSED] - break: null

2022-01-10 15:19:37 - [TEST_STEP][PASSED] - delay(3): Delayed 3 second(s)

2022-01-10 15:19:40 - [MESSAGE][PASSED] - Delayed 3 second(s)

2022-01-10 15:19:40 - [TEST_STEP][PASSED] - scroll.scroll.scrollScreenBottomToTop(): scroll.scroll.scrollScreenBottomToTop is PASSED

2022-01-10 15:19:40 - [MESSAGE][PASSED] - Current device physical height is 1423

2022-01-10 15:19:40 - [MESSAGE][PASSED] - Current device physical width is 720

2022-01-10 15:19:41 - [MESSAGE][PASSED] - Swiped from 360,1,138 to 360,284

2022-01-10 15:19:41 - [MESSAGE][PASSED] - scroll.scroll.scrollScreenBottomToTop is PASSED

2022-01-10 15:19:41 - [MESSAGE][PASSED] - Call Test Case 'Test Cases/Mobile/Page/Portfolio/Portfolio' successfully

2022-01-10 15:19:41 - [TEST_STEP][PASSED] - callTestCase(findTestCase("Mobile/Page/Run App/Terminate App"), [:], STOP_ON_FAILURE): Call Test Case 'Test Cases/Mobile/Page/Run App/Terminate App' successfully

2022-01-10 15:19:41 - [TEST_CASE][PASSED] - Test Cases/Mobile/Page/Run App/Terminate App: Test Cases/Mobile/Page/Run App/Terminate App

2022-01-10 15:19:41 - [TEST_STEP][PASSED] - startApp.OpenApp.terminateApplication(): startApp.OpenApp.terminateApplication is PASSED

2022-01-10 15:19:44 - [MESSAGE][PASSED] - Delayed 3 second(s)

2022-01-10 15:19:45 - [MESSAGE][PASSED] - Current device physical width is 720

2022-01-10 15:19:45 - [MESSAGE][PASSED] - Current device physical height is 1423

2022-01-10 15:19:46 - [MESSAGE][PASSED] - Swiped from 360,853 to 360,142

2022-01-10 15:19:47 - [MESSAGE][PASSED] - Delayed 1 second(s)

2022-01-10 15:19:49 - [MESSAGE][PASSED] - Swiped from 360,853 to 360,142

2022-01-10 15:19:52 - [MESSAGE][PASSED] - Delayed 3 second(s)

2022-01-10 15:19:52 - [MESSAGE][PASSED] - startApp.OpenApp.terminateApplication is PASSED

2022-01-10 15:19:52 - [MESSAGE][PASSED] - Call Test Case 'Test Cases/Mobile/Page/Run App/Terminate App' successfully]]></system-out>
         <system-err><![CDATA[]]></system-err>
      </testcase>
      <testcase name="Test Cases/Mobile/Scenario/Portfolio/014 - Melihat detail mutual fund 3 month" time="65.973" classname="Test Cases/Mobile/Scenario/Portfolio/014 - Melihat detail mutual fund 3 month" status="PASSED">
         <system-out><![CDATA[2022-01-10 15:19:52 - [TEST_CASE][PASSED] - Test Cases/Mobile/Scenario/Portfolio/014 - Melihat detail mutual fund 3 month: Test Cases/Mobile/Scenario/Portfolio/014 - Melihat detail mutual fund 3 month

2022-01-10 15:19:52 - [TEST_STEP][PASSED] - callTestCase(findTestCase("Mobile/Page/Run App/Run App byID"), [:], STOP_ON_FAILURE): Call Test Case 'Test Cases/Mobile/Page/Run App/Run App byID' successfully

2022-01-10 15:19:52 - [TEST_CASE][PASSED] - Test Cases/Mobile/Page/Run App/Run App byID: Test Cases/Mobile/Page/Run App/Run App byID

2022-01-10 15:19:52 - [TEST_STEP][PASSED] - startApp.OpenApp.startApplication("id.co.miraeasset.sageclub"): startApp.OpenApp.startApplication is PASSED

2022-01-10 15:20:06 - [MESSAGE][PASSED] - Starting app with application ID: 'id.co.miraeasset.sageclub'

2022-01-10 15:20:06 - [MESSAGE][PASSED] - startApp.OpenApp.startApplication is PASSED

2022-01-10 15:20:06 - [MESSAGE][PASSED] - Call Test Case 'Test Cases/Mobile/Page/Run App/Run App byID' successfully

2022-01-10 15:20:06 - [TEST_STEP][PASSED] - callTestCase(findTestCase("Mobile/Page/Portfolio/Portfolio"), ["tab":"mutualfund", "action2":"3 month"], CONTINUE_ON_FAILURE): Call Test Case 'Test Cases/Mobile/Page/Portfolio/Portfolio' successfully

2022-01-10 15:20:07 - [TEST_CASE][PASSED] - Test Cases/Mobile/Page/Portfolio/Portfolio: Test Cases/Mobile/Page/Portfolio/Portfolio

2022-01-10 15:20:07 - [TEST_STEP][PASSED] - callTestCase(findTestCase("Mobile/Page/CheckLogin"), [:], CONTINUE_ON_FAILURE): Call Test Case 'Test Cases/Mobile/Page/CheckLogin' successfully

2022-01-10 15:20:07 - [TEST_CASE][PASSED] - Test Cases/Mobile/Page/CheckLogin: Test Cases/Mobile/Page/CheckLogin

2022-01-10 15:20:07 - [TEST_STEP][PASSED] - loginCheck = verifyElementExist(LOGN_BtnLogin, 5, CONTINUE_ON_FAILURE): Element 'Object Repository/Mobile/Page/Login/Button - Login' is exist

2022-01-10 15:20:08 - [MESSAGE][PASSED] - Element 'Object Repository/Mobile/Page/Login/Button - Login' is exist

2022-01-10 15:20:08 - [TEST_STEP][PASSED] - if (loginCheck): Call Test Case 'Test Cases/Mobile/Page/Login/Login' successfully

2022-01-10 15:20:08 - [TEST_STEP][PASSED] - callTestCase(findTestCase("Mobile/Page/Login/Login"), ["action":"username"], CONTINUE_ON_FAILURE): Call Test Case 'Test Cases/Mobile/Page/Login/Login' successfully

2022-01-10 15:20:08 - [TEST_CASE][PASSED] - Test Cases/Mobile/Page/Login/Login: Test Cases/Mobile/Page/Login/Login

2022-01-10 15:20:08 - [TEST_STEP][PASSED] - delay(2): Delayed 2 second(s)

2022-01-10 15:20:10 - [MESSAGE][PASSED] - Delayed 2 second(s)

2022-01-10 15:20:10 - [TEST_STEP][PASSED] - for ([i = 0, i < 1, (i++)]): null

2022-01-10 15:20:10 - [TEST_STEP][PASSED] - if (action == "username"): null

2022-01-10 15:20:10 - [TEST_STEP][PASSED] - tap(LOGN_EdtUserID, 0): Tapped on element 'Object Repository/Mobile/Page/Login/Input - UserID'

2022-01-10 15:20:10 - [MESSAGE][WARNING] - Timeout '0' is invalid. Using default page load timeout: '60'

2022-01-10 15:20:11 - [MESSAGE][PASSED] - Tapped on element 'Object Repository/Mobile/Page/Login/Input - UserID'

2022-01-10 15:20:11 - [TEST_STEP][PASSED] - delay(1): Delayed 1 second(s)

2022-01-10 15:20:12 - [MESSAGE][PASSED] - Delayed 1 second(s)

2022-01-10 15:20:12 - [TEST_STEP][PASSED] - setText(LOGN_EdtRdyUserID, "anggaaditya", 0): Text 'anggaaditya' has been set to element 'Object Repository/Mobile/Page/Login/Input Rdy - UserID'

2022-01-10 15:20:12 - [MESSAGE][WARNING] - Timeout '0' is invalid. Using default page load timeout: '60'

2022-01-10 15:20:13 - [MESSAGE][PASSED] - Text 'anggaaditya' has been set to element 'Object Repository/Mobile/Page/Login/Input Rdy - UserID'

2022-01-10 15:20:13 - [TEST_STEP][PASSED] - delay(1): Delayed 1 second(s)

2022-01-10 15:20:14 - [MESSAGE][PASSED] - Delayed 1 second(s)

2022-01-10 15:20:14 - [TEST_STEP][PASSED] - hideKeyboard(): Keyboard is hidden

2022-01-10 15:20:18 - [MESSAGE][PASSED] - Keyboard is hidden

2022-01-10 15:20:18 - [TEST_STEP][PASSED] - tap(LOGN_EdtPassword, 0): Tapped on element 'Object Repository/Mobile/Page/Login/Input - Password'

2022-01-10 15:20:18 - [MESSAGE][WARNING] - Timeout '0' is invalid. Using default page load timeout: '60'

2022-01-10 15:20:18 - [MESSAGE][PASSED] - Tapped on element 'Object Repository/Mobile/Page/Login/Input - Password'

2022-01-10 15:20:18 - [TEST_STEP][PASSED] - delay(1): Delayed 1 second(s)

2022-01-10 15:20:19 - [MESSAGE][PASSED] - Delayed 1 second(s)

2022-01-10 15:20:19 - [TEST_STEP][PASSED] - setText(LOGN_EdtRdyPassword, "Shalawa18", 0): Text 'Shalawa18' has been set to element 'Object Repository/Mobile/Page/Login/Input Rdy - Password'

2022-01-10 15:20:19 - [MESSAGE][WARNING] - Timeout '0' is invalid. Using default page load timeout: '60'

2022-01-10 15:20:20 - [MESSAGE][PASSED] - Text 'Shalawa18' has been set to element 'Object Repository/Mobile/Page/Login/Input Rdy - Password'

2022-01-10 15:20:20 - [TEST_STEP][PASSED] - delay(1): Delayed 1 second(s)

2022-01-10 15:20:21 - [MESSAGE][PASSED] - Delayed 1 second(s)

2022-01-10 15:20:21 - [TEST_STEP][PASSED] - hideKeyboard(): Keyboard is hidden

2022-01-10 15:20:27 - [MESSAGE][PASSED] - Keyboard is hidden

2022-01-10 15:20:27 - [TEST_STEP][PASSED] - tap(LOGN_BtnLogin, 0): Tapped on element 'Object Repository/Mobile/Page/Login/Button - Login'

2022-01-10 15:20:27 - [MESSAGE][WARNING] - Timeout '0' is invalid. Using default page load timeout: '60'

2022-01-10 15:20:28 - [MESSAGE][PASSED] - Tapped on element 'Object Repository/Mobile/Page/Login/Button - Login'

2022-01-10 15:20:28 - [TEST_STEP][PASSED] - delay(2): Delayed 2 second(s)

2022-01-10 15:20:30 - [MESSAGE][PASSED] - Delayed 2 second(s)

2022-01-10 15:20:30 - [TEST_STEP][PASSED] - break: null

2022-01-10 15:20:30 - [MESSAGE][PASSED] - Call Test Case 'Test Cases/Mobile/Page/Login/Login' successfully

2022-01-10 15:20:30 - [MESSAGE][PASSED] - Call Test Case 'Test Cases/Mobile/Page/CheckLogin' successfully

2022-01-10 15:20:30 - [TEST_STEP][PASSED] - tap(HOME_MenubarPortfolio, 0): Tapped on element 'Object Repository/Mobile/Page/Home/Menubar - Portfolio'

2022-01-10 15:20:30 - [MESSAGE][WARNING] - Timeout '0' is invalid. Using default page load timeout: '60'

2022-01-10 15:20:32 - [MESSAGE][PASSED] - Tapped on element 'Object Repository/Mobile/Page/Home/Menubar - Portfolio'

2022-01-10 15:20:32 - [TEST_STEP][PASSED] - delay(1): Delayed 1 second(s)

2022-01-10 15:20:33 - [MESSAGE][PASSED] - Delayed 1 second(s)

2022-01-10 15:20:33 - [TEST_STEP][PASSED] - for ([i = 0, i < 1, (i++)]): scroll.scroll.scrollScreenBottomToTop is PASSED

2022-01-10 15:20:33 - [TEST_STEP][PASSED] - if (tab == "summary"): null

2022-01-10 15:20:33 - [TEST_STEP][PASSED] - else if (tab == "stock"): null

2022-01-10 15:20:33 - [TEST_STEP][PASSED] - else if (tab == "mutualfund"): scroll.scroll.scrollScreenBottomToTop is PASSED

2022-01-10 15:20:33 - [TEST_STEP][PASSED] - tap(PORT_TabMutualFund, 0): Tapped on element 'Object Repository/Mobile/Page/Portfolio/Tab - Mutual Fund'

2022-01-10 15:20:33 - [MESSAGE][WARNING] - Timeout '0' is invalid. Using default page load timeout: '60'

2022-01-10 15:20:34 - [MESSAGE][PASSED] - Tapped on element 'Object Repository/Mobile/Page/Portfolio/Tab - Mutual Fund'

2022-01-10 15:20:34 - [TEST_STEP][PASSED] - delay(1): Delayed 1 second(s)

2022-01-10 15:20:35 - [MESSAGE][PASSED] - Delayed 1 second(s)

2022-01-10 15:20:35 - [TEST_STEP][PASSED] - try: scroll.scroll.scrollScreenBottomToTop is PASSED

2022-01-10 15:20:35 - [TEST_STEP][PASSED] - tapAndHold(PORT_ItemTopMutualFund, 1, 10): Tapped and held on element 'Object Repository/Mobile/Page/Portfolio/Item - Top Mutual Fund' with duration 1

2022-01-10 15:20:38 - [MESSAGE][PASSED] - Tapped and held on element 'Object Repository/Mobile/Page/Portfolio/Item - Top Mutual Fund' with duration 1

2022-01-10 15:20:38 - [TEST_STEP][PASSED] - delay(2): Delayed 2 second(s)

2022-01-10 15:20:40 - [MESSAGE][PASSED] - Delayed 2 second(s)

2022-01-10 15:20:40 - [TEST_STEP][PASSED] - switch (action2): null

2022-01-10 15:20:40 - [TEST_STEP][PASSED] - case "3 month":: null

2022-01-10 15:20:40 - [TEST_STEP][PASSED] - tapAndHold(PORT_DETL_Btn3Month, 1, 0): Tapped and held on element 'Object Repository/Mobile/Page/Portfolio/Detail Mutual Funds/Button - 3 Month' with duration 1

2022-01-10 15:20:40 - [MESSAGE][WARNING] - Timeout '0' is invalid. Using default page load timeout: '60'

2022-01-10 15:20:43 - [MESSAGE][PASSED] - Tapped and held on element 'Object Repository/Mobile/Page/Portfolio/Detail Mutual Funds/Button - 3 Month' with duration 1

2022-01-10 15:20:43 - [TEST_STEP][PASSED] - break: null

2022-01-10 15:20:43 - [TEST_STEP][PASSED] - delay(3): Delayed 3 second(s)

2022-01-10 15:20:46 - [MESSAGE][PASSED] - Delayed 3 second(s)

2022-01-10 15:20:46 - [TEST_STEP][PASSED] - scroll.scroll.scrollScreenBottomToTop(): scroll.scroll.scrollScreenBottomToTop is PASSED

2022-01-10 15:20:46 - [MESSAGE][PASSED] - Current device physical height is 1423

2022-01-10 15:20:46 - [MESSAGE][PASSED] - Current device physical width is 720

2022-01-10 15:20:47 - [MESSAGE][PASSED] - Swiped from 360,1,138 to 360,284

2022-01-10 15:20:47 - [MESSAGE][PASSED] - scroll.scroll.scrollScreenBottomToTop is PASSED

2022-01-10 15:20:47 - [MESSAGE][PASSED] - Call Test Case 'Test Cases/Mobile/Page/Portfolio/Portfolio' successfully

2022-01-10 15:20:47 - [TEST_STEP][PASSED] - callTestCase(findTestCase("Mobile/Page/Run App/Terminate App"), [:], STOP_ON_FAILURE): Call Test Case 'Test Cases/Mobile/Page/Run App/Terminate App' successfully

2022-01-10 15:20:47 - [TEST_CASE][PASSED] - Test Cases/Mobile/Page/Run App/Terminate App: Test Cases/Mobile/Page/Run App/Terminate App

2022-01-10 15:20:47 - [TEST_STEP][PASSED] - startApp.OpenApp.terminateApplication(): startApp.OpenApp.terminateApplication is PASSED

2022-01-10 15:20:50 - [MESSAGE][PASSED] - Delayed 3 second(s)

2022-01-10 15:20:51 - [MESSAGE][PASSED] - Current device physical width is 720

2022-01-10 15:20:51 - [MESSAGE][PASSED] - Current device physical height is 1423

2022-01-10 15:20:52 - [MESSAGE][PASSED] - Swiped from 360,853 to 360,142

2022-01-10 15:20:53 - [MESSAGE][PASSED] - Delayed 1 second(s)

2022-01-10 15:20:55 - [MESSAGE][PASSED] - Swiped from 360,853 to 360,142

2022-01-10 15:20:58 - [MESSAGE][PASSED] - Delayed 3 second(s)

2022-01-10 15:20:58 - [MESSAGE][PASSED] - startApp.OpenApp.terminateApplication is PASSED

2022-01-10 15:20:58 - [MESSAGE][PASSED] - Call Test Case 'Test Cases/Mobile/Page/Run App/Terminate App' successfully]]></system-out>
         <system-err><![CDATA[]]></system-err>
      </testcase>
      <testcase name="Test Cases/Mobile/Scenario/Portfolio/015 - Melihat detail mutual fund 6 month" time="65.142" classname="Test Cases/Mobile/Scenario/Portfolio/015 - Melihat detail mutual fund 6 month" status="PASSED">
         <system-out><![CDATA[2022-01-10 15:20:58 - [TEST_CASE][PASSED] - Test Cases/Mobile/Scenario/Portfolio/015 - Melihat detail mutual fund 6 month: Test Cases/Mobile/Scenario/Portfolio/015 - Melihat detail mutual fund 6 month

2022-01-10 15:20:58 - [TEST_STEP][PASSED] - callTestCase(findTestCase("Mobile/Page/Run App/Run App byID"), [:], STOP_ON_FAILURE): Call Test Case 'Test Cases/Mobile/Page/Run App/Run App byID' successfully

2022-01-10 15:20:58 - [TEST_CASE][PASSED] - Test Cases/Mobile/Page/Run App/Run App byID: Test Cases/Mobile/Page/Run App/Run App byID

2022-01-10 15:20:58 - [TEST_STEP][PASSED] - startApp.OpenApp.startApplication("id.co.miraeasset.sageclub"): startApp.OpenApp.startApplication is PASSED

2022-01-10 15:21:11 - [MESSAGE][PASSED] - Starting app with application ID: 'id.co.miraeasset.sageclub'

2022-01-10 15:21:11 - [MESSAGE][PASSED] - startApp.OpenApp.startApplication is PASSED

2022-01-10 15:21:11 - [MESSAGE][PASSED] - Call Test Case 'Test Cases/Mobile/Page/Run App/Run App byID' successfully

2022-01-10 15:21:11 - [TEST_STEP][PASSED] - callTestCase(findTestCase("Mobile/Page/Portfolio/Portfolio"), ["tab":"mutualfund", "action2":"6 month"], CONTINUE_ON_FAILURE): Call Test Case 'Test Cases/Mobile/Page/Portfolio/Portfolio' successfully

2022-01-10 15:21:11 - [TEST_CASE][PASSED] - Test Cases/Mobile/Page/Portfolio/Portfolio: Test Cases/Mobile/Page/Portfolio/Portfolio

2022-01-10 15:21:11 - [TEST_STEP][PASSED] - callTestCase(findTestCase("Mobile/Page/CheckLogin"), [:], CONTINUE_ON_FAILURE): Call Test Case 'Test Cases/Mobile/Page/CheckLogin' successfully

2022-01-10 15:21:11 - [TEST_CASE][PASSED] - Test Cases/Mobile/Page/CheckLogin: Test Cases/Mobile/Page/CheckLogin

2022-01-10 15:21:11 - [TEST_STEP][PASSED] - loginCheck = verifyElementExist(LOGN_BtnLogin, 5, CONTINUE_ON_FAILURE): Element 'Object Repository/Mobile/Page/Login/Button - Login' is exist

2022-01-10 15:21:13 - [MESSAGE][PASSED] - Element 'Object Repository/Mobile/Page/Login/Button - Login' is exist

2022-01-10 15:21:13 - [TEST_STEP][PASSED] - if (loginCheck): Call Test Case 'Test Cases/Mobile/Page/Login/Login' successfully

2022-01-10 15:21:13 - [TEST_STEP][PASSED] - callTestCase(findTestCase("Mobile/Page/Login/Login"), ["action":"username"], CONTINUE_ON_FAILURE): Call Test Case 'Test Cases/Mobile/Page/Login/Login' successfully

2022-01-10 15:21:13 - [TEST_CASE][PASSED] - Test Cases/Mobile/Page/Login/Login: Test Cases/Mobile/Page/Login/Login

2022-01-10 15:21:13 - [TEST_STEP][PASSED] - delay(2): Delayed 2 second(s)

2022-01-10 15:21:15 - [MESSAGE][PASSED] - Delayed 2 second(s)

2022-01-10 15:21:15 - [TEST_STEP][PASSED] - for ([i = 0, i < 1, (i++)]): null

2022-01-10 15:21:15 - [TEST_STEP][PASSED] - if (action == "username"): null

2022-01-10 15:21:15 - [TEST_STEP][PASSED] - tap(LOGN_EdtUserID, 0): Tapped on element 'Object Repository/Mobile/Page/Login/Input - UserID'

2022-01-10 15:21:15 - [MESSAGE][WARNING] - Timeout '0' is invalid. Using default page load timeout: '60'

2022-01-10 15:21:15 - [MESSAGE][PASSED] - Tapped on element 'Object Repository/Mobile/Page/Login/Input - UserID'

2022-01-10 15:21:15 - [TEST_STEP][PASSED] - delay(1): Delayed 1 second(s)

2022-01-10 15:21:16 - [MESSAGE][PASSED] - Delayed 1 second(s)

2022-01-10 15:21:16 - [TEST_STEP][PASSED] - setText(LOGN_EdtRdyUserID, "anggaaditya", 0): Text 'anggaaditya' has been set to element 'Object Repository/Mobile/Page/Login/Input Rdy - UserID'

2022-01-10 15:21:16 - [MESSAGE][WARNING] - Timeout '0' is invalid. Using default page load timeout: '60'

2022-01-10 15:21:17 - [MESSAGE][PASSED] - Text 'anggaaditya' has been set to element 'Object Repository/Mobile/Page/Login/Input Rdy - UserID'

2022-01-10 15:21:17 - [TEST_STEP][PASSED] - delay(1): Delayed 1 second(s)

2022-01-10 15:21:18 - [MESSAGE][PASSED] - Delayed 1 second(s)

2022-01-10 15:21:18 - [TEST_STEP][PASSED] - hideKeyboard(): Keyboard is hidden

2022-01-10 15:21:22 - [MESSAGE][PASSED] - Keyboard is hidden

2022-01-10 15:21:22 - [TEST_STEP][PASSED] - tap(LOGN_EdtPassword, 0): Tapped on element 'Object Repository/Mobile/Page/Login/Input - Password'

2022-01-10 15:21:22 - [MESSAGE][WARNING] - Timeout '0' is invalid. Using default page load timeout: '60'

2022-01-10 15:21:23 - [MESSAGE][PASSED] - Tapped on element 'Object Repository/Mobile/Page/Login/Input - Password'

2022-01-10 15:21:23 - [TEST_STEP][PASSED] - delay(1): Delayed 1 second(s)

2022-01-10 15:21:24 - [MESSAGE][PASSED] - Delayed 1 second(s)

2022-01-10 15:21:24 - [TEST_STEP][PASSED] - setText(LOGN_EdtRdyPassword, "Shalawa18", 0): Text 'Shalawa18' has been set to element 'Object Repository/Mobile/Page/Login/Input Rdy - Password'

2022-01-10 15:21:24 - [MESSAGE][WARNING] - Timeout '0' is invalid. Using default page load timeout: '60'

2022-01-10 15:21:24 - [MESSAGE][PASSED] - Text 'Shalawa18' has been set to element 'Object Repository/Mobile/Page/Login/Input Rdy - Password'

2022-01-10 15:21:24 - [TEST_STEP][PASSED] - delay(1): Delayed 1 second(s)

2022-01-10 15:21:25 - [MESSAGE][PASSED] - Delayed 1 second(s)

2022-01-10 15:21:25 - [TEST_STEP][PASSED] - hideKeyboard(): Keyboard is hidden

2022-01-10 15:21:32 - [MESSAGE][PASSED] - Keyboard is hidden

2022-01-10 15:21:32 - [TEST_STEP][PASSED] - tap(LOGN_BtnLogin, 0): Tapped on element 'Object Repository/Mobile/Page/Login/Button - Login'

2022-01-10 15:21:32 - [MESSAGE][WARNING] - Timeout '0' is invalid. Using default page load timeout: '60'

2022-01-10 15:21:33 - [MESSAGE][PASSED] - Tapped on element 'Object Repository/Mobile/Page/Login/Button - Login'

2022-01-10 15:21:33 - [TEST_STEP][PASSED] - delay(2): Delayed 2 second(s)

2022-01-10 15:21:35 - [MESSAGE][PASSED] - Delayed 2 second(s)

2022-01-10 15:21:35 - [TEST_STEP][PASSED] - break: null

2022-01-10 15:21:35 - [MESSAGE][PASSED] - Call Test Case 'Test Cases/Mobile/Page/Login/Login' successfully

2022-01-10 15:21:35 - [MESSAGE][PASSED] - Call Test Case 'Test Cases/Mobile/Page/CheckLogin' successfully

2022-01-10 15:21:35 - [TEST_STEP][PASSED] - tap(HOME_MenubarPortfolio, 0): Tapped on element 'Object Repository/Mobile/Page/Home/Menubar - Portfolio'

2022-01-10 15:21:35 - [MESSAGE][WARNING] - Timeout '0' is invalid. Using default page load timeout: '60'

2022-01-10 15:21:36 - [MESSAGE][PASSED] - Tapped on element 'Object Repository/Mobile/Page/Home/Menubar - Portfolio'

2022-01-10 15:21:36 - [TEST_STEP][PASSED] - delay(1): Delayed 1 second(s)

2022-01-10 15:21:37 - [MESSAGE][PASSED] - Delayed 1 second(s)

2022-01-10 15:21:37 - [TEST_STEP][PASSED] - for ([i = 0, i < 1, (i++)]): scroll.scroll.scrollScreenBottomToTop is PASSED

2022-01-10 15:21:37 - [TEST_STEP][PASSED] - if (tab == "summary"): null

2022-01-10 15:21:37 - [TEST_STEP][PASSED] - else if (tab == "stock"): null

2022-01-10 15:21:37 - [TEST_STEP][PASSED] - else if (tab == "mutualfund"): scroll.scroll.scrollScreenBottomToTop is PASSED

2022-01-10 15:21:37 - [TEST_STEP][PASSED] - tap(PORT_TabMutualFund, 0): Tapped on element 'Object Repository/Mobile/Page/Portfolio/Tab - Mutual Fund'

2022-01-10 15:21:37 - [MESSAGE][WARNING] - Timeout '0' is invalid. Using default page load timeout: '60'

2022-01-10 15:21:39 - [MESSAGE][PASSED] - Tapped on element 'Object Repository/Mobile/Page/Portfolio/Tab - Mutual Fund'

2022-01-10 15:21:39 - [TEST_STEP][PASSED] - delay(1): Delayed 1 second(s)

2022-01-10 15:21:40 - [MESSAGE][PASSED] - Delayed 1 second(s)

2022-01-10 15:21:40 - [TEST_STEP][PASSED] - try: scroll.scroll.scrollScreenBottomToTop is PASSED

2022-01-10 15:21:40 - [TEST_STEP][PASSED] - tapAndHold(PORT_ItemTopMutualFund, 1, 10): Tapped and held on element 'Object Repository/Mobile/Page/Portfolio/Item - Top Mutual Fund' with duration 1

2022-01-10 15:21:43 - [MESSAGE][PASSED] - Tapped and held on element 'Object Repository/Mobile/Page/Portfolio/Item - Top Mutual Fund' with duration 1

2022-01-10 15:21:43 - [TEST_STEP][PASSED] - delay(2): Delayed 2 second(s)

2022-01-10 15:21:45 - [MESSAGE][PASSED] - Delayed 2 second(s)

2022-01-10 15:21:45 - [TEST_STEP][PASSED] - switch (action2): null

2022-01-10 15:21:45 - [TEST_STEP][PASSED] - case "6 month":: null

2022-01-10 15:21:45 - [TEST_STEP][PASSED] - tapAndHold(PORT_DETL_Btn6Month, 1, 0): Tapped and held on element 'Object Repository/Mobile/Page/Portfolio/Detail Mutual Funds/Button - 6 Month' with duration 1

2022-01-10 15:21:45 - [MESSAGE][WARNING] - Timeout '0' is invalid. Using default page load timeout: '60'

2022-01-10 15:21:48 - [MESSAGE][PASSED] - Tapped and held on element 'Object Repository/Mobile/Page/Portfolio/Detail Mutual Funds/Button - 6 Month' with duration 1

2022-01-10 15:21:48 - [TEST_STEP][PASSED] - break: null

2022-01-10 15:21:48 - [TEST_STEP][PASSED] - delay(3): Delayed 3 second(s)

2022-01-10 15:21:51 - [MESSAGE][PASSED] - Delayed 3 second(s)

2022-01-10 15:21:51 - [TEST_STEP][PASSED] - scroll.scroll.scrollScreenBottomToTop(): scroll.scroll.scrollScreenBottomToTop is PASSED

2022-01-10 15:21:51 - [MESSAGE][PASSED] - Current device physical height is 1423

2022-01-10 15:21:51 - [MESSAGE][PASSED] - Current device physical width is 720

2022-01-10 15:21:52 - [MESSAGE][PASSED] - Swiped from 360,1,138 to 360,284

2022-01-10 15:21:52 - [MESSAGE][PASSED] - scroll.scroll.scrollScreenBottomToTop is PASSED

2022-01-10 15:21:52 - [MESSAGE][PASSED] - Call Test Case 'Test Cases/Mobile/Page/Portfolio/Portfolio' successfully

2022-01-10 15:21:52 - [TEST_STEP][PASSED] - callTestCase(findTestCase("Mobile/Page/Run App/Terminate App"), [:], STOP_ON_FAILURE): Call Test Case 'Test Cases/Mobile/Page/Run App/Terminate App' successfully

2022-01-10 15:21:53 - [TEST_CASE][PASSED] - Test Cases/Mobile/Page/Run App/Terminate App: Test Cases/Mobile/Page/Run App/Terminate App

2022-01-10 15:21:53 - [TEST_STEP][PASSED] - startApp.OpenApp.terminateApplication(): startApp.OpenApp.terminateApplication is PASSED

2022-01-10 15:21:56 - [MESSAGE][PASSED] - Delayed 3 second(s)

2022-01-10 15:21:56 - [MESSAGE][PASSED] - Current device physical width is 720

2022-01-10 15:21:56 - [MESSAGE][PASSED] - Current device physical height is 1423

2022-01-10 15:21:57 - [MESSAGE][PASSED] - Swiped from 360,853 to 360,142

2022-01-10 15:21:58 - [MESSAGE][PASSED] - Delayed 1 second(s)

2022-01-10 15:22:00 - [MESSAGE][PASSED] - Swiped from 360,853 to 360,142

2022-01-10 15:22:03 - [MESSAGE][PASSED] - Delayed 3 second(s)

2022-01-10 15:22:03 - [MESSAGE][PASSED] - startApp.OpenApp.terminateApplication is PASSED

2022-01-10 15:22:03 - [MESSAGE][PASSED] - Call Test Case 'Test Cases/Mobile/Page/Run App/Terminate App' successfully]]></system-out>
         <system-err><![CDATA[]]></system-err>
      </testcase>
      <testcase name="Test Cases/Mobile/Scenario/Portfolio/016 - Melihat detail mutual fund 1 year" time="65.123" classname="Test Cases/Mobile/Scenario/Portfolio/016 - Melihat detail mutual fund 1 year" status="PASSED">
         <system-out><![CDATA[2022-01-10 15:22:03 - [TEST_CASE][PASSED] - Test Cases/Mobile/Scenario/Portfolio/016 - Melihat detail mutual fund 1 year: Test Cases/Mobile/Scenario/Portfolio/016 - Melihat detail mutual fund 1 year

2022-01-10 15:22:03 - [TEST_STEP][PASSED] - callTestCase(findTestCase("Mobile/Page/Run App/Run App byID"), [:], STOP_ON_FAILURE): Call Test Case 'Test Cases/Mobile/Page/Run App/Run App byID' successfully

2022-01-10 15:22:03 - [TEST_CASE][PASSED] - Test Cases/Mobile/Page/Run App/Run App byID: Test Cases/Mobile/Page/Run App/Run App byID

2022-01-10 15:22:03 - [TEST_STEP][PASSED] - startApp.OpenApp.startApplication("id.co.miraeasset.sageclub"): startApp.OpenApp.startApplication is PASSED

2022-01-10 15:22:16 - [MESSAGE][PASSED] - Starting app with application ID: 'id.co.miraeasset.sageclub'

2022-01-10 15:22:16 - [MESSAGE][PASSED] - startApp.OpenApp.startApplication is PASSED

2022-01-10 15:22:16 - [MESSAGE][PASSED] - Call Test Case 'Test Cases/Mobile/Page/Run App/Run App byID' successfully

2022-01-10 15:22:16 - [TEST_STEP][PASSED] - callTestCase(findTestCase("Mobile/Page/Portfolio/Portfolio"), ["tab":"mutualfund", "action2":"1 year"], CONTINUE_ON_FAILURE): Call Test Case 'Test Cases/Mobile/Page/Portfolio/Portfolio' successfully

2022-01-10 15:22:16 - [TEST_CASE][PASSED] - Test Cases/Mobile/Page/Portfolio/Portfolio: Test Cases/Mobile/Page/Portfolio/Portfolio

2022-01-10 15:22:16 - [TEST_STEP][PASSED] - callTestCase(findTestCase("Mobile/Page/CheckLogin"), [:], CONTINUE_ON_FAILURE): Call Test Case 'Test Cases/Mobile/Page/CheckLogin' successfully

2022-01-10 15:22:16 - [TEST_CASE][PASSED] - Test Cases/Mobile/Page/CheckLogin: Test Cases/Mobile/Page/CheckLogin

2022-01-10 15:22:16 - [TEST_STEP][PASSED] - loginCheck = verifyElementExist(LOGN_BtnLogin, 5, CONTINUE_ON_FAILURE): Element 'Object Repository/Mobile/Page/Login/Button - Login' is exist

2022-01-10 15:22:18 - [MESSAGE][PASSED] - Element 'Object Repository/Mobile/Page/Login/Button - Login' is exist

2022-01-10 15:22:18 - [TEST_STEP][PASSED] - if (loginCheck): Call Test Case 'Test Cases/Mobile/Page/Login/Login' successfully

2022-01-10 15:22:18 - [TEST_STEP][PASSED] - callTestCase(findTestCase("Mobile/Page/Login/Login"), ["action":"username"], CONTINUE_ON_FAILURE): Call Test Case 'Test Cases/Mobile/Page/Login/Login' successfully

2022-01-10 15:22:18 - [TEST_CASE][PASSED] - Test Cases/Mobile/Page/Login/Login: Test Cases/Mobile/Page/Login/Login

2022-01-10 15:22:18 - [TEST_STEP][PASSED] - delay(2): Delayed 2 second(s)

2022-01-10 15:22:20 - [MESSAGE][PASSED] - Delayed 2 second(s)

2022-01-10 15:22:20 - [TEST_STEP][PASSED] - for ([i = 0, i < 1, (i++)]): null

2022-01-10 15:22:20 - [TEST_STEP][PASSED] - if (action == "username"): null

2022-01-10 15:22:20 - [TEST_STEP][PASSED] - tap(LOGN_EdtUserID, 0): Tapped on element 'Object Repository/Mobile/Page/Login/Input - UserID'

2022-01-10 15:22:20 - [MESSAGE][WARNING] - Timeout '0' is invalid. Using default page load timeout: '60'

2022-01-10 15:22:21 - [MESSAGE][PASSED] - Tapped on element 'Object Repository/Mobile/Page/Login/Input - UserID'

2022-01-10 15:22:21 - [TEST_STEP][PASSED] - delay(1): Delayed 1 second(s)

2022-01-10 15:22:22 - [MESSAGE][PASSED] - Delayed 1 second(s)

2022-01-10 15:22:22 - [TEST_STEP][PASSED] - setText(LOGN_EdtRdyUserID, "anggaaditya", 0): Text 'anggaaditya' has been set to element 'Object Repository/Mobile/Page/Login/Input Rdy - UserID'

2022-01-10 15:22:22 - [MESSAGE][WARNING] - Timeout '0' is invalid. Using default page load timeout: '60'

2022-01-10 15:22:23 - [MESSAGE][PASSED] - Text 'anggaaditya' has been set to element 'Object Repository/Mobile/Page/Login/Input Rdy - UserID'

2022-01-10 15:22:23 - [TEST_STEP][PASSED] - delay(1): Delayed 1 second(s)

2022-01-10 15:22:24 - [MESSAGE][PASSED] - Delayed 1 second(s)

2022-01-10 15:22:24 - [TEST_STEP][PASSED] - hideKeyboard(): Keyboard is hidden

2022-01-10 15:22:27 - [MESSAGE][PASSED] - Keyboard is hidden

2022-01-10 15:22:27 - [TEST_STEP][PASSED] - tap(LOGN_EdtPassword, 0): Tapped on element 'Object Repository/Mobile/Page/Login/Input - Password'

2022-01-10 15:22:27 - [MESSAGE][WARNING] - Timeout '0' is invalid. Using default page load timeout: '60'

2022-01-10 15:22:28 - [MESSAGE][PASSED] - Tapped on element 'Object Repository/Mobile/Page/Login/Input - Password'

2022-01-10 15:22:28 - [TEST_STEP][PASSED] - delay(1): Delayed 1 second(s)

2022-01-10 15:22:29 - [MESSAGE][PASSED] - Delayed 1 second(s)

2022-01-10 15:22:29 - [TEST_STEP][PASSED] - setText(LOGN_EdtRdyPassword, "Shalawa18", 0): Text 'Shalawa18' has been set to element 'Object Repository/Mobile/Page/Login/Input Rdy - Password'

2022-01-10 15:22:29 - [MESSAGE][WARNING] - Timeout '0' is invalid. Using default page load timeout: '60'

2022-01-10 15:22:30 - [MESSAGE][PASSED] - Text 'Shalawa18' has been set to element 'Object Repository/Mobile/Page/Login/Input Rdy - Password'

2022-01-10 15:22:30 - [TEST_STEP][PASSED] - delay(1): Delayed 1 second(s)

2022-01-10 15:22:31 - [MESSAGE][PASSED] - Delayed 1 second(s)

2022-01-10 15:22:31 - [TEST_STEP][PASSED] - hideKeyboard(): Keyboard is hidden

2022-01-10 15:22:37 - [MESSAGE][PASSED] - Keyboard is hidden

2022-01-10 15:22:37 - [TEST_STEP][PASSED] - tap(LOGN_BtnLogin, 0): Tapped on element 'Object Repository/Mobile/Page/Login/Button - Login'

2022-01-10 15:22:37 - [MESSAGE][WARNING] - Timeout '0' is invalid. Using default page load timeout: '60'

2022-01-10 15:22:38 - [MESSAGE][PASSED] - Tapped on element 'Object Repository/Mobile/Page/Login/Button - Login'

2022-01-10 15:22:38 - [TEST_STEP][PASSED] - delay(2): Delayed 2 second(s)

2022-01-10 15:22:40 - [MESSAGE][PASSED] - Delayed 2 second(s)

2022-01-10 15:22:40 - [TEST_STEP][PASSED] - break: null

2022-01-10 15:22:40 - [MESSAGE][PASSED] - Call Test Case 'Test Cases/Mobile/Page/Login/Login' successfully

2022-01-10 15:22:40 - [MESSAGE][PASSED] - Call Test Case 'Test Cases/Mobile/Page/CheckLogin' successfully

2022-01-10 15:22:40 - [TEST_STEP][PASSED] - tap(HOME_MenubarPortfolio, 0): Tapped on element 'Object Repository/Mobile/Page/Home/Menubar - Portfolio'

2022-01-10 15:22:40 - [MESSAGE][WARNING] - Timeout '0' is invalid. Using default page load timeout: '60'

2022-01-10 15:22:42 - [MESSAGE][PASSED] - Tapped on element 'Object Repository/Mobile/Page/Home/Menubar - Portfolio'

2022-01-10 15:22:42 - [TEST_STEP][PASSED] - delay(1): Delayed 1 second(s)

2022-01-10 15:22:43 - [MESSAGE][PASSED] - Delayed 1 second(s)

2022-01-10 15:22:43 - [TEST_STEP][PASSED] - for ([i = 0, i < 1, (i++)]): scroll.scroll.scrollScreenBottomToTop is PASSED

2022-01-10 15:22:43 - [TEST_STEP][PASSED] - if (tab == "summary"): null

2022-01-10 15:22:43 - [TEST_STEP][PASSED] - else if (tab == "stock"): null

2022-01-10 15:22:43 - [TEST_STEP][PASSED] - else if (tab == "mutualfund"): scroll.scroll.scrollScreenBottomToTop is PASSED

2022-01-10 15:22:43 - [TEST_STEP][PASSED] - tap(PORT_TabMutualFund, 0): Tapped on element 'Object Repository/Mobile/Page/Portfolio/Tab - Mutual Fund'

2022-01-10 15:22:43 - [MESSAGE][WARNING] - Timeout '0' is invalid. Using default page load timeout: '60'

2022-01-10 15:22:44 - [MESSAGE][PASSED] - Tapped on element 'Object Repository/Mobile/Page/Portfolio/Tab - Mutual Fund'

2022-01-10 15:22:44 - [TEST_STEP][PASSED] - delay(1): Delayed 1 second(s)

2022-01-10 15:22:45 - [MESSAGE][PASSED] - Delayed 1 second(s)

2022-01-10 15:22:45 - [TEST_STEP][PASSED] - try: scroll.scroll.scrollScreenBottomToTop is PASSED

2022-01-10 15:22:45 - [TEST_STEP][PASSED] - tapAndHold(PORT_ItemTopMutualFund, 1, 10): Tapped and held on element 'Object Repository/Mobile/Page/Portfolio/Item - Top Mutual Fund' with duration 1

2022-01-10 15:22:48 - [MESSAGE][PASSED] - Tapped and held on element 'Object Repository/Mobile/Page/Portfolio/Item - Top Mutual Fund' with duration 1

2022-01-10 15:22:48 - [TEST_STEP][PASSED] - delay(2): Delayed 2 second(s)

2022-01-10 15:22:50 - [MESSAGE][PASSED] - Delayed 2 second(s)

2022-01-10 15:22:50 - [TEST_STEP][PASSED] - switch (action2): null

2022-01-10 15:22:50 - [TEST_STEP][PASSED] - case "1 year":: null

2022-01-10 15:22:50 - [TEST_STEP][PASSED] - tapAndHold(PORT_DETL_Btn1Year, 1, 0): Tapped and held on element 'Object Repository/Mobile/Page/Portfolio/Detail Mutual Funds/Button - 1 Year' with duration 1

2022-01-10 15:22:50 - [MESSAGE][WARNING] - Timeout '0' is invalid. Using default page load timeout: '60'

2022-01-10 15:22:53 - [MESSAGE][PASSED] - Tapped and held on element 'Object Repository/Mobile/Page/Portfolio/Detail Mutual Funds/Button - 1 Year' with duration 1

2022-01-10 15:22:53 - [TEST_STEP][PASSED] - break: null

2022-01-10 15:22:53 - [TEST_STEP][PASSED] - delay(3): Delayed 3 second(s)

2022-01-10 15:22:56 - [MESSAGE][PASSED] - Delayed 3 second(s)

2022-01-10 15:22:56 - [TEST_STEP][PASSED] - scroll.scroll.scrollScreenBottomToTop(): scroll.scroll.scrollScreenBottomToTop is PASSED

2022-01-10 15:22:56 - [MESSAGE][PASSED] - Current device physical height is 1423

2022-01-10 15:22:56 - [MESSAGE][PASSED] - Current device physical width is 720

2022-01-10 15:22:58 - [MESSAGE][PASSED] - Swiped from 360,1,138 to 360,284

2022-01-10 15:22:58 - [MESSAGE][PASSED] - scroll.scroll.scrollScreenBottomToTop is PASSED

2022-01-10 15:22:58 - [MESSAGE][PASSED] - Call Test Case 'Test Cases/Mobile/Page/Portfolio/Portfolio' successfully

2022-01-10 15:22:58 - [TEST_STEP][PASSED] - callTestCase(findTestCase("Mobile/Page/Run App/Terminate App"), [:], STOP_ON_FAILURE): Call Test Case 'Test Cases/Mobile/Page/Run App/Terminate App' successfully

2022-01-10 15:22:58 - [TEST_CASE][PASSED] - Test Cases/Mobile/Page/Run App/Terminate App: Test Cases/Mobile/Page/Run App/Terminate App

2022-01-10 15:22:58 - [TEST_STEP][PASSED] - startApp.OpenApp.terminateApplication(): startApp.OpenApp.terminateApplication is PASSED

2022-01-10 15:23:01 - [MESSAGE][PASSED] - Delayed 3 second(s)

2022-01-10 15:23:01 - [MESSAGE][PASSED] - Current device physical width is 720

2022-01-10 15:23:01 - [MESSAGE][PASSED] - Current device physical height is 1423

2022-01-10 15:23:03 - [MESSAGE][PASSED] - Swiped from 360,853 to 360,142

2022-01-10 15:23:04 - [MESSAGE][PASSED] - Delayed 1 second(s)

2022-01-10 15:23:05 - [MESSAGE][PASSED] - Swiped from 360,853 to 360,142

2022-01-10 15:23:08 - [MESSAGE][PASSED] - Delayed 3 second(s)

2022-01-10 15:23:08 - [MESSAGE][PASSED] - startApp.OpenApp.terminateApplication is PASSED

2022-01-10 15:23:08 - [MESSAGE][PASSED] - Call Test Case 'Test Cases/Mobile/Page/Run App/Terminate App' successfully]]></system-out>
         <system-err><![CDATA[]]></system-err>
      </testcase>
      <testcase name="Test Cases/Mobile/Scenario/Portfolio/017 - Melihat detail mutual fund 3 year" time="63.881" classname="Test Cases/Mobile/Scenario/Portfolio/017 - Melihat detail mutual fund 3 year" status="PASSED">
         <system-out><![CDATA[2022-01-10 15:23:08 - [TEST_CASE][PASSED] - Test Cases/Mobile/Scenario/Portfolio/017 - Melihat detail mutual fund 3 year: Test Cases/Mobile/Scenario/Portfolio/017 - Melihat detail mutual fund 3 year

2022-01-10 15:23:08 - [TEST_STEP][PASSED] - callTestCase(findTestCase("Mobile/Page/Run App/Run App byID"), [:], STOP_ON_FAILURE): Call Test Case 'Test Cases/Mobile/Page/Run App/Run App byID' successfully

2022-01-10 15:23:08 - [TEST_CASE][PASSED] - Test Cases/Mobile/Page/Run App/Run App byID: Test Cases/Mobile/Page/Run App/Run App byID

2022-01-10 15:23:08 - [TEST_STEP][PASSED] - startApp.OpenApp.startApplication("id.co.miraeasset.sageclub"): startApp.OpenApp.startApplication is PASSED

2022-01-10 15:23:21 - [MESSAGE][PASSED] - Starting app with application ID: 'id.co.miraeasset.sageclub'

2022-01-10 15:23:21 - [MESSAGE][PASSED] - startApp.OpenApp.startApplication is PASSED

2022-01-10 15:23:21 - [MESSAGE][PASSED] - Call Test Case 'Test Cases/Mobile/Page/Run App/Run App byID' successfully

2022-01-10 15:23:21 - [TEST_STEP][PASSED] - callTestCase(findTestCase("Mobile/Page/Portfolio/Portfolio"), ["tab":"mutualfund", "action2":"3 year"], CONTINUE_ON_FAILURE): Call Test Case 'Test Cases/Mobile/Page/Portfolio/Portfolio' successfully

2022-01-10 15:23:21 - [TEST_CASE][PASSED] - Test Cases/Mobile/Page/Portfolio/Portfolio: Test Cases/Mobile/Page/Portfolio/Portfolio

2022-01-10 15:23:21 - [TEST_STEP][PASSED] - callTestCase(findTestCase("Mobile/Page/CheckLogin"), [:], CONTINUE_ON_FAILURE): Call Test Case 'Test Cases/Mobile/Page/CheckLogin' successfully

2022-01-10 15:23:21 - [TEST_CASE][PASSED] - Test Cases/Mobile/Page/CheckLogin: Test Cases/Mobile/Page/CheckLogin

2022-01-10 15:23:21 - [TEST_STEP][PASSED] - loginCheck = verifyElementExist(LOGN_BtnLogin, 5, CONTINUE_ON_FAILURE): Element 'Object Repository/Mobile/Page/Login/Button - Login' is exist

2022-01-10 15:23:23 - [MESSAGE][PASSED] - Element 'Object Repository/Mobile/Page/Login/Button - Login' is exist

2022-01-10 15:23:23 - [TEST_STEP][PASSED] - if (loginCheck): Call Test Case 'Test Cases/Mobile/Page/Login/Login' successfully

2022-01-10 15:23:23 - [TEST_STEP][PASSED] - callTestCase(findTestCase("Mobile/Page/Login/Login"), ["action":"username"], CONTINUE_ON_FAILURE): Call Test Case 'Test Cases/Mobile/Page/Login/Login' successfully

2022-01-10 15:23:23 - [TEST_CASE][PASSED] - Test Cases/Mobile/Page/Login/Login: Test Cases/Mobile/Page/Login/Login

2022-01-10 15:23:23 - [TEST_STEP][PASSED] - delay(2): Delayed 2 second(s)

2022-01-10 15:23:25 - [MESSAGE][PASSED] - Delayed 2 second(s)

2022-01-10 15:23:25 - [TEST_STEP][PASSED] - for ([i = 0, i < 1, (i++)]): null

2022-01-10 15:23:25 - [TEST_STEP][PASSED] - if (action == "username"): null

2022-01-10 15:23:25 - [TEST_STEP][PASSED] - tap(LOGN_EdtUserID, 0): Tapped on element 'Object Repository/Mobile/Page/Login/Input - UserID'

2022-01-10 15:23:25 - [MESSAGE][WARNING] - Timeout '0' is invalid. Using default page load timeout: '60'

2022-01-10 15:23:26 - [MESSAGE][PASSED] - Tapped on element 'Object Repository/Mobile/Page/Login/Input - UserID'

2022-01-10 15:23:26 - [TEST_STEP][PASSED] - delay(1): Delayed 1 second(s)

2022-01-10 15:23:27 - [MESSAGE][PASSED] - Delayed 1 second(s)

2022-01-10 15:23:27 - [TEST_STEP][PASSED] - setText(LOGN_EdtRdyUserID, "anggaaditya", 0): Text 'anggaaditya' has been set to element 'Object Repository/Mobile/Page/Login/Input Rdy - UserID'

2022-01-10 15:23:27 - [MESSAGE][WARNING] - Timeout '0' is invalid. Using default page load timeout: '60'

2022-01-10 15:23:27 - [MESSAGE][PASSED] - Text 'anggaaditya' has been set to element 'Object Repository/Mobile/Page/Login/Input Rdy - UserID'

2022-01-10 15:23:27 - [TEST_STEP][PASSED] - delay(1): Delayed 1 second(s)

2022-01-10 15:23:28 - [MESSAGE][PASSED] - Delayed 1 second(s)

2022-01-10 15:23:28 - [TEST_STEP][PASSED] - hideKeyboard(): Keyboard is hidden

2022-01-10 15:23:32 - [MESSAGE][PASSED] - Keyboard is hidden

2022-01-10 15:23:32 - [TEST_STEP][PASSED] - tap(LOGN_EdtPassword, 0): Tapped on element 'Object Repository/Mobile/Page/Login/Input - Password'

2022-01-10 15:23:32 - [MESSAGE][WARNING] - Timeout '0' is invalid. Using default page load timeout: '60'

2022-01-10 15:23:32 - [MESSAGE][PASSED] - Tapped on element 'Object Repository/Mobile/Page/Login/Input - Password'

2022-01-10 15:23:32 - [TEST_STEP][PASSED] - delay(1): Delayed 1 second(s)

2022-01-10 15:23:33 - [MESSAGE][PASSED] - Delayed 1 second(s)

2022-01-10 15:23:33 - [TEST_STEP][PASSED] - setText(LOGN_EdtRdyPassword, "Shalawa18", 0): Text 'Shalawa18' has been set to element 'Object Repository/Mobile/Page/Login/Input Rdy - Password'

2022-01-10 15:23:34 - [MESSAGE][WARNING] - Timeout '0' is invalid. Using default page load timeout: '60'

2022-01-10 15:23:35 - [MESSAGE][PASSED] - Text 'Shalawa18' has been set to element 'Object Repository/Mobile/Page/Login/Input Rdy - Password'

2022-01-10 15:23:35 - [TEST_STEP][PASSED] - delay(1): Delayed 1 second(s)

2022-01-10 15:23:36 - [MESSAGE][PASSED] - Delayed 1 second(s)

2022-01-10 15:23:36 - [TEST_STEP][PASSED] - hideKeyboard(): Keyboard is hidden

2022-01-10 15:23:42 - [MESSAGE][PASSED] - Keyboard is hidden

2022-01-10 15:23:42 - [TEST_STEP][PASSED] - tap(LOGN_BtnLogin, 0): Tapped on element 'Object Repository/Mobile/Page/Login/Button - Login'

2022-01-10 15:23:42 - [MESSAGE][WARNING] - Timeout '0' is invalid. Using default page load timeout: '60'

2022-01-10 15:23:43 - [MESSAGE][PASSED] - Tapped on element 'Object Repository/Mobile/Page/Login/Button - Login'

2022-01-10 15:23:43 - [TEST_STEP][PASSED] - delay(2): Delayed 2 second(s)

2022-01-10 15:23:45 - [MESSAGE][PASSED] - Delayed 2 second(s)

2022-01-10 15:23:45 - [TEST_STEP][PASSED] - break: null

2022-01-10 15:23:45 - [MESSAGE][PASSED] - Call Test Case 'Test Cases/Mobile/Page/Login/Login' successfully

2022-01-10 15:23:45 - [MESSAGE][PASSED] - Call Test Case 'Test Cases/Mobile/Page/CheckLogin' successfully

2022-01-10 15:23:45 - [TEST_STEP][PASSED] - tap(HOME_MenubarPortfolio, 0): Tapped on element 'Object Repository/Mobile/Page/Home/Menubar - Portfolio'

2022-01-10 15:23:45 - [MESSAGE][WARNING] - Timeout '0' is invalid. Using default page load timeout: '60'

2022-01-10 15:23:46 - [MESSAGE][PASSED] - Tapped on element 'Object Repository/Mobile/Page/Home/Menubar - Portfolio'

2022-01-10 15:23:46 - [TEST_STEP][PASSED] - delay(1): Delayed 1 second(s)

2022-01-10 15:23:47 - [MESSAGE][PASSED] - Delayed 1 second(s)

2022-01-10 15:23:47 - [TEST_STEP][PASSED] - for ([i = 0, i < 1, (i++)]): scroll.scroll.scrollScreenBottomToTop is PASSED

2022-01-10 15:23:47 - [TEST_STEP][PASSED] - if (tab == "summary"): null

2022-01-10 15:23:47 - [TEST_STEP][PASSED] - else if (tab == "stock"): null

2022-01-10 15:23:47 - [TEST_STEP][PASSED] - else if (tab == "mutualfund"): scroll.scroll.scrollScreenBottomToTop is PASSED

2022-01-10 15:23:47 - [TEST_STEP][PASSED] - tap(PORT_TabMutualFund, 0): Tapped on element 'Object Repository/Mobile/Page/Portfolio/Tab - Mutual Fund'

2022-01-10 15:23:47 - [MESSAGE][WARNING] - Timeout '0' is invalid. Using default page load timeout: '60'

2022-01-10 15:23:48 - [MESSAGE][PASSED] - Tapped on element 'Object Repository/Mobile/Page/Portfolio/Tab - Mutual Fund'

2022-01-10 15:23:48 - [TEST_STEP][PASSED] - delay(1): Delayed 1 second(s)

2022-01-10 15:23:49 - [MESSAGE][PASSED] - Delayed 1 second(s)

2022-01-10 15:23:49 - [TEST_STEP][PASSED] - try: scroll.scroll.scrollScreenBottomToTop is PASSED

2022-01-10 15:23:49 - [TEST_STEP][PASSED] - tapAndHold(PORT_ItemTopMutualFund, 1, 10): Tapped and held on element 'Object Repository/Mobile/Page/Portfolio/Item - Top Mutual Fund' with duration 1

2022-01-10 15:23:52 - [MESSAGE][PASSED] - Tapped and held on element 'Object Repository/Mobile/Page/Portfolio/Item - Top Mutual Fund' with duration 1

2022-01-10 15:23:52 - [TEST_STEP][PASSED] - delay(2): Delayed 2 second(s)

2022-01-10 15:23:54 - [MESSAGE][PASSED] - Delayed 2 second(s)

2022-01-10 15:23:54 - [TEST_STEP][PASSED] - switch (action2): null

2022-01-10 15:23:54 - [TEST_STEP][PASSED] - case "3 year":: null

2022-01-10 15:23:54 - [TEST_STEP][PASSED] - tapAndHold(PORT_DETL_Btn3Year, 1, 0): Tapped and held on element 'Object Repository/Mobile/Page/Portfolio/Detail Mutual Funds/Button - 3 Year' with duration 1

2022-01-10 15:23:54 - [MESSAGE][WARNING] - Timeout '0' is invalid. Using default page load timeout: '60'

2022-01-10 15:23:57 - [MESSAGE][PASSED] - Tapped and held on element 'Object Repository/Mobile/Page/Portfolio/Detail Mutual Funds/Button - 3 Year' with duration 1

2022-01-10 15:23:57 - [TEST_STEP][PASSED] - break: null

2022-01-10 15:23:57 - [TEST_STEP][PASSED] - delay(3): Delayed 3 second(s)

2022-01-10 15:24:00 - [MESSAGE][PASSED] - Delayed 3 second(s)

2022-01-10 15:24:00 - [TEST_STEP][PASSED] - scroll.scroll.scrollScreenBottomToTop(): scroll.scroll.scrollScreenBottomToTop is PASSED

2022-01-10 15:24:00 - [MESSAGE][PASSED] - Current device physical height is 1423

2022-01-10 15:24:00 - [MESSAGE][PASSED] - Current device physical width is 720

2022-01-10 15:24:01 - [MESSAGE][PASSED] - Swiped from 360,1,138 to 360,284

2022-01-10 15:24:01 - [MESSAGE][PASSED] - scroll.scroll.scrollScreenBottomToTop is PASSED

2022-01-10 15:24:01 - [MESSAGE][PASSED] - Call Test Case 'Test Cases/Mobile/Page/Portfolio/Portfolio' successfully

2022-01-10 15:24:01 - [TEST_STEP][PASSED] - callTestCase(findTestCase("Mobile/Page/Run App/Terminate App"), [:], STOP_ON_FAILURE): Call Test Case 'Test Cases/Mobile/Page/Run App/Terminate App' successfully

2022-01-10 15:24:02 - [TEST_CASE][PASSED] - Test Cases/Mobile/Page/Run App/Terminate App: Test Cases/Mobile/Page/Run App/Terminate App

2022-01-10 15:24:02 - [TEST_STEP][PASSED] - startApp.OpenApp.terminateApplication(): startApp.OpenApp.terminateApplication is PASSED

2022-01-10 15:24:05 - [MESSAGE][PASSED] - Delayed 3 second(s)

2022-01-10 15:24:05 - [MESSAGE][PASSED] - Current device physical width is 720

2022-01-10 15:24:05 - [MESSAGE][PASSED] - Current device physical height is 1423

2022-01-10 15:24:06 - [MESSAGE][PASSED] - Swiped from 360,853 to 360,142

2022-01-10 15:24:07 - [MESSAGE][PASSED] - Delayed 1 second(s)

2022-01-10 15:24:09 - [MESSAGE][PASSED] - Swiped from 360,853 to 360,142

2022-01-10 15:24:12 - [MESSAGE][PASSED] - Delayed 3 second(s)

2022-01-10 15:24:12 - [MESSAGE][PASSED] - startApp.OpenApp.terminateApplication is PASSED

2022-01-10 15:24:12 - [MESSAGE][PASSED] - Call Test Case 'Test Cases/Mobile/Page/Run App/Terminate App' successfully]]></system-out>
         <system-err><![CDATA[]]></system-err>
      </testcase>
      <testcase name="Test Cases/Mobile/Scenario/Portfolio/018 - Melihat detail mutual fund 5 year" time="64.637" classname="Test Cases/Mobile/Scenario/Portfolio/018 - Melihat detail mutual fund 5 year" status="PASSED">
         <system-out><![CDATA[2022-01-10 15:24:12 - [TEST_CASE][PASSED] - Test Cases/Mobile/Scenario/Portfolio/018 - Melihat detail mutual fund 5 year: Test Cases/Mobile/Scenario/Portfolio/018 - Melihat detail mutual fund 5 year

2022-01-10 15:24:12 - [TEST_STEP][PASSED] - callTestCase(findTestCase("Mobile/Page/Run App/Run App byID"), [:], STOP_ON_FAILURE): Call Test Case 'Test Cases/Mobile/Page/Run App/Run App byID' successfully

2022-01-10 15:24:12 - [TEST_CASE][PASSED] - Test Cases/Mobile/Page/Run App/Run App byID: Test Cases/Mobile/Page/Run App/Run App byID

2022-01-10 15:24:12 - [TEST_STEP][PASSED] - startApp.OpenApp.startApplication("id.co.miraeasset.sageclub"): startApp.OpenApp.startApplication is PASSED

2022-01-10 15:24:26 - [MESSAGE][PASSED] - Starting app with application ID: 'id.co.miraeasset.sageclub'

2022-01-10 15:24:26 - [MESSAGE][PASSED] - startApp.OpenApp.startApplication is PASSED

2022-01-10 15:24:26 - [MESSAGE][PASSED] - Call Test Case 'Test Cases/Mobile/Page/Run App/Run App byID' successfully

2022-01-10 15:24:26 - [TEST_STEP][PASSED] - callTestCase(findTestCase("Mobile/Page/Portfolio/Portfolio"), ["tab":"mutualfund", "action2":"5 year"], CONTINUE_ON_FAILURE): Call Test Case 'Test Cases/Mobile/Page/Portfolio/Portfolio' successfully

2022-01-10 15:24:26 - [TEST_CASE][PASSED] - Test Cases/Mobile/Page/Portfolio/Portfolio: Test Cases/Mobile/Page/Portfolio/Portfolio

2022-01-10 15:24:26 - [TEST_STEP][PASSED] - callTestCase(findTestCase("Mobile/Page/CheckLogin"), [:], CONTINUE_ON_FAILURE): Call Test Case 'Test Cases/Mobile/Page/CheckLogin' successfully

2022-01-10 15:24:26 - [TEST_CASE][PASSED] - Test Cases/Mobile/Page/CheckLogin: Test Cases/Mobile/Page/CheckLogin

2022-01-10 15:24:26 - [TEST_STEP][PASSED] - loginCheck = verifyElementExist(LOGN_BtnLogin, 5, CONTINUE_ON_FAILURE): Element 'Object Repository/Mobile/Page/Login/Button - Login' is exist

2022-01-10 15:24:28 - [MESSAGE][PASSED] - Element 'Object Repository/Mobile/Page/Login/Button - Login' is exist

2022-01-10 15:24:28 - [TEST_STEP][PASSED] - if (loginCheck): Call Test Case 'Test Cases/Mobile/Page/Login/Login' successfully

2022-01-10 15:24:28 - [TEST_STEP][PASSED] - callTestCase(findTestCase("Mobile/Page/Login/Login"), ["action":"username"], CONTINUE_ON_FAILURE): Call Test Case 'Test Cases/Mobile/Page/Login/Login' successfully

2022-01-10 15:24:28 - [TEST_CASE][PASSED] - Test Cases/Mobile/Page/Login/Login: Test Cases/Mobile/Page/Login/Login

2022-01-10 15:24:28 - [TEST_STEP][PASSED] - delay(2): Delayed 2 second(s)

2022-01-10 15:24:30 - [MESSAGE][PASSED] - Delayed 2 second(s)

2022-01-10 15:24:30 - [TEST_STEP][PASSED] - for ([i = 0, i < 1, (i++)]): null

2022-01-10 15:24:30 - [TEST_STEP][PASSED] - if (action == "username"): null

2022-01-10 15:24:30 - [TEST_STEP][PASSED] - tap(LOGN_EdtUserID, 0): Tapped on element 'Object Repository/Mobile/Page/Login/Input - UserID'

2022-01-10 15:24:30 - [MESSAGE][WARNING] - Timeout '0' is invalid. Using default page load timeout: '60'

2022-01-10 15:24:30 - [MESSAGE][PASSED] - Tapped on element 'Object Repository/Mobile/Page/Login/Input - UserID'

2022-01-10 15:24:30 - [TEST_STEP][PASSED] - delay(1): Delayed 1 second(s)

2022-01-10 15:24:31 - [MESSAGE][PASSED] - Delayed 1 second(s)

2022-01-10 15:24:31 - [TEST_STEP][PASSED] - setText(LOGN_EdtRdyUserID, "anggaaditya", 0): Text 'anggaaditya' has been set to element 'Object Repository/Mobile/Page/Login/Input Rdy - UserID'

2022-01-10 15:24:31 - [MESSAGE][WARNING] - Timeout '0' is invalid. Using default page load timeout: '60'

2022-01-10 15:24:32 - [MESSAGE][PASSED] - Text 'anggaaditya' has been set to element 'Object Repository/Mobile/Page/Login/Input Rdy - UserID'

2022-01-10 15:24:32 - [TEST_STEP][PASSED] - delay(1): Delayed 1 second(s)

2022-01-10 15:24:33 - [MESSAGE][PASSED] - Delayed 1 second(s)

2022-01-10 15:24:33 - [TEST_STEP][PASSED] - hideKeyboard(): Keyboard is hidden

2022-01-10 15:24:37 - [MESSAGE][PASSED] - Keyboard is hidden

2022-01-10 15:24:37 - [TEST_STEP][PASSED] - tap(LOGN_EdtPassword, 0): Tapped on element 'Object Repository/Mobile/Page/Login/Input - Password'

2022-01-10 15:24:37 - [MESSAGE][WARNING] - Timeout '0' is invalid. Using default page load timeout: '60'

2022-01-10 15:24:37 - [MESSAGE][PASSED] - Tapped on element 'Object Repository/Mobile/Page/Login/Input - Password'

2022-01-10 15:24:37 - [TEST_STEP][PASSED] - delay(1): Delayed 1 second(s)

2022-01-10 15:24:38 - [MESSAGE][PASSED] - Delayed 1 second(s)

2022-01-10 15:24:38 - [TEST_STEP][PASSED] - setText(LOGN_EdtRdyPassword, "Shalawa18", 0): Text 'Shalawa18' has been set to element 'Object Repository/Mobile/Page/Login/Input Rdy - Password'

2022-01-10 15:24:38 - [MESSAGE][WARNING] - Timeout '0' is invalid. Using default page load timeout: '60'

2022-01-10 15:24:39 - [MESSAGE][PASSED] - Text 'Shalawa18' has been set to element 'Object Repository/Mobile/Page/Login/Input Rdy - Password'

2022-01-10 15:24:39 - [TEST_STEP][PASSED] - delay(1): Delayed 1 second(s)

2022-01-10 15:24:40 - [MESSAGE][PASSED] - Delayed 1 second(s)

2022-01-10 15:24:40 - [TEST_STEP][PASSED] - hideKeyboard(): Keyboard is hidden

2022-01-10 15:24:46 - [MESSAGE][PASSED] - Keyboard is hidden

2022-01-10 15:24:46 - [TEST_STEP][PASSED] - tap(LOGN_BtnLogin, 0): Tapped on element 'Object Repository/Mobile/Page/Login/Button - Login'

2022-01-10 15:24:46 - [MESSAGE][WARNING] - Timeout '0' is invalid. Using default page load timeout: '60'

2022-01-10 15:24:47 - [MESSAGE][PASSED] - Tapped on element 'Object Repository/Mobile/Page/Login/Button - Login'

2022-01-10 15:24:47 - [TEST_STEP][PASSED] - delay(2): Delayed 2 second(s)

2022-01-10 15:24:49 - [MESSAGE][PASSED] - Delayed 2 second(s)

2022-01-10 15:24:49 - [TEST_STEP][PASSED] - break: null

2022-01-10 15:24:49 - [MESSAGE][PASSED] - Call Test Case 'Test Cases/Mobile/Page/Login/Login' successfully

2022-01-10 15:24:49 - [MESSAGE][PASSED] - Call Test Case 'Test Cases/Mobile/Page/CheckLogin' successfully

2022-01-10 15:24:49 - [TEST_STEP][PASSED] - tap(HOME_MenubarPortfolio, 0): Tapped on element 'Object Repository/Mobile/Page/Home/Menubar - Portfolio'

2022-01-10 15:24:49 - [MESSAGE][WARNING] - Timeout '0' is invalid. Using default page load timeout: '60'

2022-01-10 15:24:51 - [MESSAGE][PASSED] - Tapped on element 'Object Repository/Mobile/Page/Home/Menubar - Portfolio'

2022-01-10 15:24:51 - [TEST_STEP][PASSED] - delay(1): Delayed 1 second(s)

2022-01-10 15:24:52 - [MESSAGE][PASSED] - Delayed 1 second(s)

2022-01-10 15:24:52 - [TEST_STEP][PASSED] - for ([i = 0, i < 1, (i++)]): scroll.scroll.scrollScreenBottomToTop is PASSED

2022-01-10 15:24:52 - [TEST_STEP][PASSED] - if (tab == "summary"): null

2022-01-10 15:24:52 - [TEST_STEP][PASSED] - else if (tab == "stock"): null

2022-01-10 15:24:52 - [TEST_STEP][PASSED] - else if (tab == "mutualfund"): scroll.scroll.scrollScreenBottomToTop is PASSED

2022-01-10 15:24:52 - [TEST_STEP][PASSED] - tap(PORT_TabMutualFund, 0): Tapped on element 'Object Repository/Mobile/Page/Portfolio/Tab - Mutual Fund'

2022-01-10 15:24:52 - [MESSAGE][WARNING] - Timeout '0' is invalid. Using default page load timeout: '60'

2022-01-10 15:24:52 - [MESSAGE][PASSED] - Tapped on element 'Object Repository/Mobile/Page/Portfolio/Tab - Mutual Fund'

2022-01-10 15:24:52 - [TEST_STEP][PASSED] - delay(1): Delayed 1 second(s)

2022-01-10 15:24:53 - [MESSAGE][PASSED] - Delayed 1 second(s)

2022-01-10 15:24:53 - [TEST_STEP][PASSED] - try: scroll.scroll.scrollScreenBottomToTop is PASSED

2022-01-10 15:24:53 - [TEST_STEP][PASSED] - tapAndHold(PORT_ItemTopMutualFund, 1, 10): Tapped and held on element 'Object Repository/Mobile/Page/Portfolio/Item - Top Mutual Fund' with duration 1

2022-01-10 15:24:56 - [MESSAGE][PASSED] - Tapped and held on element 'Object Repository/Mobile/Page/Portfolio/Item - Top Mutual Fund' with duration 1

2022-01-10 15:24:56 - [TEST_STEP][PASSED] - delay(2): Delayed 2 second(s)

2022-01-10 15:24:58 - [MESSAGE][PASSED] - Delayed 2 second(s)

2022-01-10 15:24:58 - [TEST_STEP][PASSED] - switch (action2): null

2022-01-10 15:24:58 - [TEST_STEP][PASSED] - case "5 year":: null

2022-01-10 15:24:58 - [TEST_STEP][PASSED] - tapAndHold(PORT_DETL_Btn5Year, 1, 0): Tapped and held on element 'Object Repository/Mobile/Page/Portfolio/Detail Mutual Funds/Button - 5 Year' with duration 1

2022-01-10 15:24:58 - [MESSAGE][WARNING] - Timeout '0' is invalid. Using default page load timeout: '60'

2022-01-10 15:25:01 - [MESSAGE][PASSED] - Tapped and held on element 'Object Repository/Mobile/Page/Portfolio/Detail Mutual Funds/Button - 5 Year' with duration 1

2022-01-10 15:25:01 - [TEST_STEP][PASSED] - break: null

2022-01-10 15:25:01 - [TEST_STEP][PASSED] - delay(3): Delayed 3 second(s)

2022-01-10 15:25:04 - [MESSAGE][PASSED] - Delayed 3 second(s)

2022-01-10 15:25:04 - [TEST_STEP][PASSED] - scroll.scroll.scrollScreenBottomToTop(): scroll.scroll.scrollScreenBottomToTop is PASSED

2022-01-10 15:25:05 - [MESSAGE][PASSED] - Current device physical height is 1423

2022-01-10 15:25:05 - [MESSAGE][PASSED] - Current device physical width is 720

2022-01-10 15:25:06 - [MESSAGE][PASSED] - Swiped from 360,1,138 to 360,284

2022-01-10 15:25:06 - [MESSAGE][PASSED] - scroll.scroll.scrollScreenBottomToTop is PASSED

2022-01-10 15:25:06 - [MESSAGE][PASSED] - Call Test Case 'Test Cases/Mobile/Page/Portfolio/Portfolio' successfully

2022-01-10 15:25:06 - [TEST_STEP][PASSED] - callTestCase(findTestCase("Mobile/Page/Run App/Terminate App"), [:], STOP_ON_FAILURE): Call Test Case 'Test Cases/Mobile/Page/Run App/Terminate App' successfully

2022-01-10 15:25:06 - [TEST_CASE][PASSED] - Test Cases/Mobile/Page/Run App/Terminate App: Test Cases/Mobile/Page/Run App/Terminate App

2022-01-10 15:25:06 - [TEST_STEP][PASSED] - startApp.OpenApp.terminateApplication(): startApp.OpenApp.terminateApplication is PASSED

2022-01-10 15:25:09 - [MESSAGE][PASSED] - Delayed 3 second(s)

2022-01-10 15:25:09 - [MESSAGE][PASSED] - Current device physical width is 720

2022-01-10 15:25:10 - [MESSAGE][PASSED] - Current device physical height is 1423

2022-01-10 15:25:11 - [MESSAGE][PASSED] - Swiped from 360,853 to 360,142

2022-01-10 15:25:12 - [MESSAGE][PASSED] - Delayed 1 second(s)

2022-01-10 15:25:13 - [MESSAGE][PASSED] - Swiped from 360,853 to 360,142

2022-01-10 15:25:16 - [MESSAGE][PASSED] - Delayed 3 second(s)

2022-01-10 15:25:16 - [MESSAGE][PASSED] - startApp.OpenApp.terminateApplication is PASSED

2022-01-10 15:25:16 - [MESSAGE][PASSED] - Call Test Case 'Test Cases/Mobile/Page/Run App/Terminate App' successfully]]></system-out>
         <system-err><![CDATA[]]></system-err>
      </testcase>
      <testcase name="Test Cases/Mobile/Scenario/Portfolio/019 - Melihat detail mutual fund 10 year" time="71.382" classname="Test Cases/Mobile/Scenario/Portfolio/019 - Melihat detail mutual fund 10 year" status="PASSED">
         <system-out><![CDATA[2022-01-10 15:25:16 - [TEST_CASE][PASSED] - Test Cases/Mobile/Scenario/Portfolio/019 - Melihat detail mutual fund 10 year: Test Cases/Mobile/Scenario/Portfolio/019 - Melihat detail mutual fund 10 year

2022-01-10 15:25:17 - [TEST_STEP][PASSED] - callTestCase(findTestCase("Mobile/Page/Run App/Run App byID"), [:], STOP_ON_FAILURE): Call Test Case 'Test Cases/Mobile/Page/Run App/Run App byID' successfully

2022-01-10 15:25:17 - [TEST_CASE][PASSED] - Test Cases/Mobile/Page/Run App/Run App byID: Test Cases/Mobile/Page/Run App/Run App byID

2022-01-10 15:25:17 - [TEST_STEP][PASSED] - startApp.OpenApp.startApplication("id.co.miraeasset.sageclub"): startApp.OpenApp.startApplication is PASSED

2022-01-10 15:25:30 - [MESSAGE][PASSED] - Starting app with application ID: 'id.co.miraeasset.sageclub'

2022-01-10 15:25:30 - [MESSAGE][PASSED] - startApp.OpenApp.startApplication is PASSED

2022-01-10 15:25:30 - [MESSAGE][PASSED] - Call Test Case 'Test Cases/Mobile/Page/Run App/Run App byID' successfully

2022-01-10 15:25:30 - [TEST_STEP][PASSED] - callTestCase(findTestCase("Mobile/Page/Portfolio/Portfolio"), ["tab":"mutualfund", "action2":"10 year"], CONTINUE_ON_FAILURE): Call Test Case 'Test Cases/Mobile/Page/Portfolio/Portfolio' successfully

2022-01-10 15:25:30 - [TEST_CASE][PASSED] - Test Cases/Mobile/Page/Portfolio/Portfolio: Test Cases/Mobile/Page/Portfolio/Portfolio

2022-01-10 15:25:30 - [TEST_STEP][PASSED] - callTestCase(findTestCase("Mobile/Page/CheckLogin"), [:], CONTINUE_ON_FAILURE): Call Test Case 'Test Cases/Mobile/Page/CheckLogin' successfully

2022-01-10 15:25:30 - [TEST_CASE][PASSED] - Test Cases/Mobile/Page/CheckLogin: Test Cases/Mobile/Page/CheckLogin

2022-01-10 15:25:30 - [TEST_STEP][PASSED] - loginCheck = verifyElementExist(LOGN_BtnLogin, 5, CONTINUE_ON_FAILURE): Element 'Object Repository/Mobile/Page/Login/Button - Login' is exist

2022-01-10 15:25:32 - [MESSAGE][PASSED] - Element 'Object Repository/Mobile/Page/Login/Button - Login' is exist

2022-01-10 15:25:32 - [TEST_STEP][PASSED] - if (loginCheck): Call Test Case 'Test Cases/Mobile/Page/Login/Login' successfully

2022-01-10 15:25:32 - [TEST_STEP][PASSED] - callTestCase(findTestCase("Mobile/Page/Login/Login"), ["action":"username"], CONTINUE_ON_FAILURE): Call Test Case 'Test Cases/Mobile/Page/Login/Login' successfully

2022-01-10 15:25:32 - [TEST_CASE][PASSED] - Test Cases/Mobile/Page/Login/Login: Test Cases/Mobile/Page/Login/Login

2022-01-10 15:25:32 - [TEST_STEP][PASSED] - delay(2): Delayed 2 second(s)

2022-01-10 15:25:34 - [MESSAGE][PASSED] - Delayed 2 second(s)

2022-01-10 15:25:34 - [TEST_STEP][PASSED] - for ([i = 0, i < 1, (i++)]): null

2022-01-10 15:25:34 - [TEST_STEP][PASSED] - if (action == "username"): null

2022-01-10 15:25:34 - [TEST_STEP][PASSED] - tap(LOGN_EdtUserID, 0): Tapped on element 'Object Repository/Mobile/Page/Login/Input - UserID'

2022-01-10 15:25:34 - [MESSAGE][WARNING] - Timeout '0' is invalid. Using default page load timeout: '60'

2022-01-10 15:25:35 - [MESSAGE][PASSED] - Tapped on element 'Object Repository/Mobile/Page/Login/Input - UserID'

2022-01-10 15:25:35 - [TEST_STEP][PASSED] - delay(1): Delayed 1 second(s)

2022-01-10 15:25:36 - [MESSAGE][PASSED] - Delayed 1 second(s)

2022-01-10 15:25:36 - [TEST_STEP][PASSED] - setText(LOGN_EdtRdyUserID, "anggaaditya", 0): Text 'anggaaditya' has been set to element 'Object Repository/Mobile/Page/Login/Input Rdy - UserID'

2022-01-10 15:25:36 - [MESSAGE][WARNING] - Timeout '0' is invalid. Using default page load timeout: '60'

2022-01-10 15:25:36 - [MESSAGE][PASSED] - Text 'anggaaditya' has been set to element 'Object Repository/Mobile/Page/Login/Input Rdy - UserID'

2022-01-10 15:25:36 - [TEST_STEP][PASSED] - delay(1): Delayed 1 second(s)

2022-01-10 15:25:37 - [MESSAGE][PASSED] - Delayed 1 second(s)

2022-01-10 15:25:37 - [TEST_STEP][PASSED] - hideKeyboard(): Keyboard is hidden

2022-01-10 15:25:41 - [MESSAGE][PASSED] - Keyboard is hidden

2022-01-10 15:25:41 - [TEST_STEP][PASSED] - tap(LOGN_EdtPassword, 0): Tapped on element 'Object Repository/Mobile/Page/Login/Input - Password'

2022-01-10 15:25:41 - [MESSAGE][WARNING] - Timeout '0' is invalid. Using default page load timeout: '60'

2022-01-10 15:25:42 - [MESSAGE][PASSED] - Tapped on element 'Object Repository/Mobile/Page/Login/Input - Password'

2022-01-10 15:25:42 - [TEST_STEP][PASSED] - delay(1): Delayed 1 second(s)

2022-01-10 15:25:43 - [MESSAGE][PASSED] - Delayed 1 second(s)

2022-01-10 15:25:43 - [TEST_STEP][PASSED] - setText(LOGN_EdtRdyPassword, "Shalawa18", 0): Text 'Shalawa18' has been set to element 'Object Repository/Mobile/Page/Login/Input Rdy - Password'

2022-01-10 15:25:43 - [MESSAGE][WARNING] - Timeout '0' is invalid. Using default page load timeout: '60'

2022-01-10 15:25:43 - [MESSAGE][PASSED] - Text 'Shalawa18' has been set to element 'Object Repository/Mobile/Page/Login/Input Rdy - Password'

2022-01-10 15:25:43 - [TEST_STEP][PASSED] - delay(1): Delayed 1 second(s)

2022-01-10 15:25:44 - [MESSAGE][PASSED] - Delayed 1 second(s)

2022-01-10 15:25:44 - [TEST_STEP][PASSED] - hideKeyboard(): Keyboard is hidden

2022-01-10 15:25:51 - [MESSAGE][PASSED] - Keyboard is hidden

2022-01-10 15:25:51 - [TEST_STEP][PASSED] - tap(LOGN_BtnLogin, 0): Tapped on element 'Object Repository/Mobile/Page/Login/Button - Login'

2022-01-10 15:25:51 - [MESSAGE][WARNING] - Timeout '0' is invalid. Using default page load timeout: '60'

2022-01-10 15:25:52 - [MESSAGE][PASSED] - Tapped on element 'Object Repository/Mobile/Page/Login/Button - Login'

2022-01-10 15:25:52 - [TEST_STEP][PASSED] - delay(2): Delayed 2 second(s)

2022-01-10 15:25:54 - [MESSAGE][PASSED] - Delayed 2 second(s)

2022-01-10 15:25:54 - [TEST_STEP][PASSED] - break: null

2022-01-10 15:25:54 - [MESSAGE][PASSED] - Call Test Case 'Test Cases/Mobile/Page/Login/Login' successfully

2022-01-10 15:25:54 - [MESSAGE][PASSED] - Call Test Case 'Test Cases/Mobile/Page/CheckLogin' successfully

2022-01-10 15:25:54 - [TEST_STEP][PASSED] - tap(HOME_MenubarPortfolio, 0): Tapped on element 'Object Repository/Mobile/Page/Home/Menubar - Portfolio'

2022-01-10 15:25:54 - [MESSAGE][WARNING] - Timeout '0' is invalid. Using default page load timeout: '60'

2022-01-10 15:26:02 - [MESSAGE][PASSED] - Tapped on element 'Object Repository/Mobile/Page/Home/Menubar - Portfolio'

2022-01-10 15:26:02 - [TEST_STEP][PASSED] - delay(1): Delayed 1 second(s)

2022-01-10 15:26:03 - [MESSAGE][PASSED] - Delayed 1 second(s)

2022-01-10 15:26:03 - [TEST_STEP][PASSED] - for ([i = 0, i < 1, (i++)]): scroll.scroll.scrollScreenBottomToTop is PASSED

2022-01-10 15:26:03 - [TEST_STEP][PASSED] - if (tab == "summary"): null

2022-01-10 15:26:03 - [TEST_STEP][PASSED] - else if (tab == "stock"): null

2022-01-10 15:26:03 - [TEST_STEP][PASSED] - else if (tab == "mutualfund"): scroll.scroll.scrollScreenBottomToTop is PASSED

2022-01-10 15:26:03 - [TEST_STEP][PASSED] - tap(PORT_TabMutualFund, 0): Tapped on element 'Object Repository/Mobile/Page/Portfolio/Tab - Mutual Fund'

2022-01-10 15:26:03 - [MESSAGE][WARNING] - Timeout '0' is invalid. Using default page load timeout: '60'

2022-01-10 15:26:04 - [MESSAGE][PASSED] - Tapped on element 'Object Repository/Mobile/Page/Portfolio/Tab - Mutual Fund'

2022-01-10 15:26:04 - [TEST_STEP][PASSED] - delay(1): Delayed 1 second(s)

2022-01-10 15:26:05 - [MESSAGE][PASSED] - Delayed 1 second(s)

2022-01-10 15:26:05 - [TEST_STEP][PASSED] - try: scroll.scroll.scrollScreenBottomToTop is PASSED

2022-01-10 15:26:05 - [TEST_STEP][PASSED] - tapAndHold(PORT_ItemTopMutualFund, 1, 10): Tapped and held on element 'Object Repository/Mobile/Page/Portfolio/Item - Top Mutual Fund' with duration 1

2022-01-10 15:26:08 - [MESSAGE][PASSED] - Tapped and held on element 'Object Repository/Mobile/Page/Portfolio/Item - Top Mutual Fund' with duration 1

2022-01-10 15:26:08 - [TEST_STEP][PASSED] - delay(2): Delayed 2 second(s)

2022-01-10 15:26:10 - [MESSAGE][PASSED] - Delayed 2 second(s)

2022-01-10 15:26:10 - [TEST_STEP][PASSED] - switch (action2): null

2022-01-10 15:26:10 - [TEST_STEP][PASSED] - case "10 year":: null

2022-01-10 15:26:10 - [TEST_STEP][PASSED] - tapAndHold(PORT_DETL_Btn10Year, 1, 0): Tapped and held on element 'Object Repository/Mobile/Page/Portfolio/Detail Mutual Funds/Button - 10 Year' with duration 1

2022-01-10 15:26:10 - [MESSAGE][WARNING] - Timeout '0' is invalid. Using default page load timeout: '60'

2022-01-10 15:26:13 - [MESSAGE][PASSED] - Tapped and held on element 'Object Repository/Mobile/Page/Portfolio/Detail Mutual Funds/Button - 10 Year' with duration 1

2022-01-10 15:26:13 - [TEST_STEP][PASSED] - break: null

2022-01-10 15:26:13 - [TEST_STEP][PASSED] - delay(3): Delayed 3 second(s)

2022-01-10 15:26:16 - [MESSAGE][PASSED] - Delayed 3 second(s)

2022-01-10 15:26:16 - [TEST_STEP][PASSED] - scroll.scroll.scrollScreenBottomToTop(): scroll.scroll.scrollScreenBottomToTop is PASSED

2022-01-10 15:26:16 - [MESSAGE][PASSED] - Current device physical height is 1423

2022-01-10 15:26:16 - [MESSAGE][PASSED] - Current device physical width is 720

2022-01-10 15:26:17 - [MESSAGE][PASSED] - Swiped from 360,1,138 to 360,284

2022-01-10 15:26:17 - [MESSAGE][PASSED] - scroll.scroll.scrollScreenBottomToTop is PASSED

2022-01-10 15:26:17 - [MESSAGE][PASSED] - Call Test Case 'Test Cases/Mobile/Page/Portfolio/Portfolio' successfully

2022-01-10 15:26:17 - [TEST_STEP][PASSED] - callTestCase(findTestCase("Mobile/Page/Run App/Terminate App"), [:], STOP_ON_FAILURE): Call Test Case 'Test Cases/Mobile/Page/Run App/Terminate App' successfully

2022-01-10 15:26:18 - [TEST_CASE][PASSED] - Test Cases/Mobile/Page/Run App/Terminate App: Test Cases/Mobile/Page/Run App/Terminate App

2022-01-10 15:26:18 - [TEST_STEP][PASSED] - startApp.OpenApp.terminateApplication(): startApp.OpenApp.terminateApplication is PASSED

2022-01-10 15:26:21 - [MESSAGE][PASSED] - Delayed 3 second(s)

2022-01-10 15:26:21 - [MESSAGE][PASSED] - Current device physical width is 720

2022-01-10 15:26:21 - [MESSAGE][PASSED] - Current device physical height is 1423

2022-01-10 15:26:22 - [MESSAGE][PASSED] - Swiped from 360,853 to 360,142

2022-01-10 15:26:23 - [MESSAGE][PASSED] - Delayed 1 second(s)

2022-01-10 15:26:25 - [MESSAGE][PASSED] - Swiped from 360,853 to 360,142

2022-01-10 15:26:28 - [MESSAGE][PASSED] - Delayed 3 second(s)

2022-01-10 15:26:28 - [MESSAGE][PASSED] - startApp.OpenApp.terminateApplication is PASSED

2022-01-10 15:26:28 - [MESSAGE][PASSED] - Call Test Case 'Test Cases/Mobile/Page/Run App/Terminate App' successfully]]></system-out>
         <system-err><![CDATA[]]></system-err>
      </testcase>
      <system-out><![CDATA[2022-01-10 15:06:15 - [TEST_SUITE][PASSED] - portfolio: Test Cases/Mobile/Scenario/Portfolio/019 - Melihat detail mutual fund 10 year]]></system-out>
      <system-err><![CDATA[]]></system-err>
   </testsuite>
</testsuites>
