<?xml version="1.0" encoding="UTF-8"?>
<testsuites name="portfolio" time="1314.531" tests="19" failures="0" skips="0" errors="0">
   <testsuite name="portfolio" tests="19" failures="0" errors="0" time="1314.531" skips="0" timestamp="2022-02-21 11:58:43" hostname="Owner - aldy-tft" id="Test Suites/portfolio">
      <properties>
         <property name="deviceName" value="samsung SM-A205F (Android 11)"/>
         <property name="devicePlatform" value=""/>
         <property name="logFolder" value="C:\\Users\\Owner\\Documents\\kerjaan\\KatalonProject\\qa_katalon_pwm\\qa_katalon_pwm\\Reports\\20220221_112714\\portfolio\\20220221_112742"/>
         <property name="logFiles" value="C:\\Users\\Owner\\Documents\\kerjaan\\KatalonProject\\qa_katalon_pwm\\qa_katalon_pwm\\Reports\\20220221_112714\\portfolio\\20220221_112742\\appium.log, C:\\Users\\Owner\\Documents\\kerjaan\\KatalonProject\\qa_katalon_pwm\\qa_katalon_pwm\\Reports\\20220221_112714\\portfolio\\20220221_112742\\execution0.log"/>
         <property name="attachments" value=""/>
         <property name="hostName" value="Owner - aldy-tft"/>
         <property name="os" value="Windows 10 64bit"/>
         <property name="appiumServerStatus" value="{&quot;value&quot;:{&quot;build&quot;:{&quot;version&quot;:&quot;1.22.0&quot;}},&quot;sessionId&quot;:null,&quot;status&quot;:0}"/>
         <property name="katalonVersion" value="7.9.1.208"/>
         <property name="deviceOS" value="Android"/>
         <property name="appiumVersion" value="1.22.0"/>
         <property name="deviceModel" value="SM-A205F"/>
         <property name="hostAddress" value="192.168.100.8"/>
         <property name="deviceManufacturer" value="samsung"/>
         <property name="deviceId" value="RR8M40C9AXE"/>
         <property name="deviceName" value="samsung SM-A205F (Android 11)"/>
         <property name="deviceOSVersion" value="11"/>
      </properties>
      <testcase name="Test Cases/Mobile/Scenario/Portfolio/001 - Summary" time="79.852" classname="Test Cases/Mobile/Scenario/Portfolio/001 - Summary" status="PASSED">
         <system-out><![CDATA[2022-02-21 11:58:44 - [TEST_CASE][PASSED] - Test Cases/Mobile/Scenario/Portfolio/001 - Summary: Test Cases/Mobile/Scenario/Portfolio/001 - Summary

2022-02-21 11:58:44 - [TEST_STEP][PASSED] - callTestCase(findTestCase("Mobile/Page/Run App/Run App byID"), [:], STOP_ON_FAILURE): Call Test Case 'Test Cases/Mobile/Page/Run App/Run App byID' successfully

2022-02-21 11:58:44 - [TEST_CASE][PASSED] - Test Cases/Mobile/Page/Run App/Run App byID: Test Cases/Mobile/Page/Run App/Run App byID

2022-02-21 11:58:44 - [TEST_STEP][PASSED] - startApp.OpenApp.startApplication("id.co.miraeasset.sageclub"): startApp.OpenApp.startApplication is PASSED

2022-02-21 11:58:46 - [MESSAGE][INFO] - Appium server started on port 65,079

2022-02-21 11:59:06 - [MESSAGE][PASSED] - Starting app with application ID: 'id.co.miraeasset.sageclub'

2022-02-21 11:59:06 - [MESSAGE][PASSED] - startApp.OpenApp.startApplication is PASSED

2022-02-21 11:59:06 - [MESSAGE][PASSED] - Call Test Case 'Test Cases/Mobile/Page/Run App/Run App byID' successfully

2022-02-21 11:59:06 - [TEST_STEP][PASSED] - callTestCase(findTestCase("Mobile/Page/Portfolio/Portfolio"), ["tab":"summary", "action":"summary"], CONTINUE_ON_FAILURE): Call Test Case 'Test Cases/Mobile/Page/Portfolio/Portfolio' successfully

2022-02-21 11:59:06 - [TEST_CASE][PASSED] - Test Cases/Mobile/Page/Portfolio/Portfolio: Test Cases/Mobile/Page/Portfolio/Portfolio

2022-02-21 11:59:07 - [TEST_STEP][PASSED] - callTestCase(findTestCase("Mobile/Page/CheckLogin"), [:], CONTINUE_ON_FAILURE): Call Test Case 'Test Cases/Mobile/Page/CheckLogin' successfully

2022-02-21 11:59:07 - [TEST_CASE][PASSED] - Test Cases/Mobile/Page/CheckLogin: Test Cases/Mobile/Page/CheckLogin

2022-02-21 11:59:07 - [TEST_STEP][PASSED] - loginCheck = verifyElementExist(LOGN_BtnLogin, 5, CONTINUE_ON_FAILURE): Element 'Object Repository/Mobile/Page/Login/Button - Login' is exist

2022-02-21 11:59:07 - [MESSAGE][WARNING] - Test object with id 'Object Repository/Mobile/Page/Analysis/Button - Open With Just Once' does not exist

2022-02-21 11:59:07 - [MESSAGE][WARNING] - Test object with id 'Object Repository/Mobile/Page/Analysis/Button - Search' does not exist

2022-02-21 11:59:09 - [MESSAGE][WARNING] - Test object with id 'Object Repository/Mobile/Page/Home/Button -  Add Watchlist' does not exist

2022-02-21 11:59:09 - [MESSAGE][WARNING] - Test object with id 'Object Repository/Mobile/Page/Home/Button - Open with Just Once' does not exist

2022-02-21 11:59:09 - [MESSAGE][WARNING] - Test object with id 'Object Repository/Mobile/Page/Home/Container - Notification' does not exist

2022-02-21 11:59:10 - [MESSAGE][WARNING] - Test object with id 'Object Repository/Mobile/Page/Home/Watchlist/Input - Search' does not exist

2022-02-21 11:59:10 - [MESSAGE][WARNING] - Test object with id 'Object Repository/Mobile/Page/Home/Watchlist/Item - Top Search' does not exist

2022-02-21 11:59:10 - [MESSAGE][WARNING] - Test object with id 'Object Repository/Mobile/Page/Home/Watchlist/Detail Watchlist/Input - Expiry Date' does not exist

2022-02-21 11:59:11 - [MESSAGE][WARNING] - Test object with id 'Object Repository/Mobile/Page/Home/Watchlist/Detail Watchlist/Item - Watchlist' does not exist

2022-02-21 11:59:12 - [MESSAGE][WARNING] - Test object with id 'Object Repository/Mobile/Page/NavigationMenu/Button - Open Just Once' does not exist

2022-02-21 11:59:12 - [MESSAGE][WARNING] - Test object with id 'Object Repository/Mobile/Page/NavigationMenu/Container - Logout' does not exist

2022-02-21 11:59:16 - [MESSAGE][WARNING] - Test object with id 'Object Repository/Mobile/Page/Analysis/Button - Open With Just Once' does not exist

2022-02-21 11:59:16 - [MESSAGE][WARNING] - Test object with id 'Object Repository/Mobile/Page/Analysis/Button - Search' does not exist

2022-02-21 11:59:18 - [MESSAGE][WARNING] - Test object with id 'Object Repository/Mobile/Page/Home/Button -  Add Watchlist' does not exist

2022-02-21 11:59:18 - [MESSAGE][WARNING] - Test object with id 'Object Repository/Mobile/Page/Home/Button - Open with Just Once' does not exist

2022-02-21 11:59:18 - [MESSAGE][WARNING] - Test object with id 'Object Repository/Mobile/Page/Home/Container - Notification' does not exist

2022-02-21 11:59:19 - [MESSAGE][WARNING] - Test object with id 'Object Repository/Mobile/Page/Home/Watchlist/Input - Search' does not exist

2022-02-21 11:59:19 - [MESSAGE][WARNING] - Test object with id 'Object Repository/Mobile/Page/Home/Watchlist/Item - Top Search' does not exist

2022-02-21 11:59:19 - [MESSAGE][WARNING] - Test object with id 'Object Repository/Mobile/Page/Home/Watchlist/Detail Watchlist/Input - Expiry Date' does not exist

2022-02-21 11:59:19 - [MESSAGE][WARNING] - Test object with id 'Object Repository/Mobile/Page/Home/Watchlist/Detail Watchlist/Item - Watchlist' does not exist

2022-02-21 11:59:20 - [MESSAGE][WARNING] - Test object with id 'Object Repository/Mobile/Page/NavigationMenu/Button - Open Just Once' does not exist

2022-02-21 11:59:20 - [MESSAGE][WARNING] - Test object with id 'Object Repository/Mobile/Page/NavigationMenu/Container - Logout' does not exist

2022-02-21 11:59:25 - [MESSAGE][PASSED] - Element 'Object Repository/Mobile/Page/Login/Button - Login' is exist

2022-02-21 11:59:25 - [TEST_STEP][PASSED] - if (loginCheck): Call Test Case 'Test Cases/Mobile/Page/Login/Login' successfully

2022-02-21 11:59:25 - [TEST_STEP][PASSED] - callTestCase(findTestCase("Mobile/Page/Login/Login"), ["action":"username"], CONTINUE_ON_FAILURE): Call Test Case 'Test Cases/Mobile/Page/Login/Login' successfully

2022-02-21 11:59:25 - [TEST_CASE][PASSED] - Test Cases/Mobile/Page/Login/Login: Test Cases/Mobile/Page/Login/Login

2022-02-21 11:59:25 - [TEST_STEP][PASSED] - delay(2): Delayed 2 second(s)

2022-02-21 11:59:27 - [MESSAGE][PASSED] - Delayed 2 second(s)

2022-02-21 11:59:27 - [TEST_STEP][PASSED] - for ([i = 0, i < 1, (i++)]): null

2022-02-21 11:59:27 - [TEST_STEP][PASSED] - if (action == "username"): null

2022-02-21 11:59:27 - [TEST_STEP][PASSED] - tap(LOGN_EdtUserID, 0): Tapped on element 'Object Repository/Mobile/Page/Login/Input - UserID'

2022-02-21 11:59:27 - [MESSAGE][WARNING] - Timeout '0' is invalid. Using default page load timeout: '60'

2022-02-21 11:59:28 - [MESSAGE][PASSED] - Tapped on element 'Object Repository/Mobile/Page/Login/Input - UserID'

2022-02-21 11:59:28 - [TEST_STEP][PASSED] - delay(1): Delayed 1 second(s)

2022-02-21 11:59:29 - [MESSAGE][PASSED] - Delayed 1 second(s)

2022-02-21 11:59:29 - [TEST_STEP][PASSED] - setText(LOGN_EdtRdyUserID, "anggaaditya", 0): Text 'anggaaditya' has been set to element 'Object Repository/Mobile/Page/Login/Input Rdy - UserID'

2022-02-21 11:59:29 - [MESSAGE][WARNING] - Timeout '0' is invalid. Using default page load timeout: '60'

2022-02-21 11:59:29 - [MESSAGE][PASSED] - Text 'anggaaditya' has been set to element 'Object Repository/Mobile/Page/Login/Input Rdy - UserID'

2022-02-21 11:59:29 - [TEST_STEP][PASSED] - delay(1): Delayed 1 second(s)

2022-02-21 11:59:30 - [MESSAGE][PASSED] - Delayed 1 second(s)

2022-02-21 11:59:30 - [TEST_STEP][PASSED] - hideKeyboard(): Keyboard is hidden

2022-02-21 11:59:34 - [MESSAGE][PASSED] - Keyboard is hidden

2022-02-21 11:59:34 - [TEST_STEP][PASSED] - tap(LOGN_EdtPassword, 0): Tapped on element 'Object Repository/Mobile/Page/Login/Input - Password'

2022-02-21 11:59:34 - [MESSAGE][WARNING] - Timeout '0' is invalid. Using default page load timeout: '60'

2022-02-21 11:59:35 - [MESSAGE][PASSED] - Tapped on element 'Object Repository/Mobile/Page/Login/Input - Password'

2022-02-21 11:59:35 - [TEST_STEP][PASSED] - delay(1): Delayed 1 second(s)

2022-02-21 11:59:36 - [MESSAGE][PASSED] - Delayed 1 second(s)

2022-02-21 11:59:36 - [TEST_STEP][PASSED] - setText(LOGN_EdtRdyPassword, "Shalawa18", 0): Text 'Shalawa18' has been set to element 'Object Repository/Mobile/Page/Login/Input Rdy - Password'

2022-02-21 11:59:36 - [MESSAGE][WARNING] - Timeout '0' is invalid. Using default page load timeout: '60'

2022-02-21 11:59:36 - [MESSAGE][PASSED] - Text 'Shalawa18' has been set to element 'Object Repository/Mobile/Page/Login/Input Rdy - Password'

2022-02-21 11:59:36 - [TEST_STEP][PASSED] - delay(1): Delayed 1 second(s)

2022-02-21 11:59:37 - [MESSAGE][PASSED] - Delayed 1 second(s)

2022-02-21 11:59:37 - [TEST_STEP][PASSED] - hideKeyboard(): Keyboard is hidden

2022-02-21 11:59:44 - [MESSAGE][PASSED] - Keyboard is hidden

2022-02-21 11:59:44 - [TEST_STEP][PASSED] - tap(LOGN_BtnLogin, 0): Tapped on element 'Object Repository/Mobile/Page/Login/Button - Login'

2022-02-21 11:59:44 - [MESSAGE][WARNING] - Timeout '0' is invalid. Using default page load timeout: '60'

2022-02-21 11:59:45 - [MESSAGE][PASSED] - Tapped on element 'Object Repository/Mobile/Page/Login/Button - Login'

2022-02-21 11:59:45 - [TEST_STEP][PASSED] - delay(2): Delayed 2 second(s)

2022-02-21 11:59:47 - [MESSAGE][PASSED] - Delayed 2 second(s)

2022-02-21 11:59:47 - [TEST_STEP][PASSED] - break: null

2022-02-21 11:59:47 - [MESSAGE][PASSED] - Call Test Case 'Test Cases/Mobile/Page/Login/Login' successfully

2022-02-21 11:59:47 - [MESSAGE][PASSED] - Call Test Case 'Test Cases/Mobile/Page/CheckLogin' successfully

2022-02-21 11:59:47 - [TEST_STEP][PASSED] - tap(HOME_MenubarPortfolio, 0): Tapped on element 'Object Repository/Mobile/Page/Home/Menubar - Portfolio'

2022-02-21 11:59:47 - [MESSAGE][WARNING] - Timeout '0' is invalid. Using default page load timeout: '60'

2022-02-21 11:59:48 - [MESSAGE][PASSED] - Tapped on element 'Object Repository/Mobile/Page/Home/Menubar - Portfolio'

2022-02-21 11:59:48 - [TEST_STEP][PASSED] - delay(1): Delayed 1 second(s)

2022-02-21 11:59:49 - [MESSAGE][PASSED] - Delayed 1 second(s)

2022-02-21 11:59:50 - [TEST_STEP][PASSED] - for ([i = 0, i < 1, (i++)]): null

2022-02-21 11:59:50 - [TEST_STEP][PASSED] - if (tab == "summary"): null

2022-02-21 11:59:50 - [TEST_STEP][PASSED] - idr = PORT_BtnIDR: null

2022-02-21 11:59:50 - [TEST_STEP][PASSED] - persen = PORT_BtnPersen: null

2022-02-21 11:59:50 - [TEST_STEP][PASSED] - if (action == "summary"): Delayed 3 second(s)

2022-02-21 11:59:50 - [TEST_STEP][PASSED] - delay(3): Delayed 3 second(s)

2022-02-21 11:59:53 - [MESSAGE][PASSED] - Delayed 3 second(s)

2022-02-21 11:59:53 - [TEST_STEP][PASSED] - if (action != "summary"): null

2022-02-21 11:59:53 - [MESSAGE][PASSED] - Call Test Case 'Test Cases/Mobile/Page/Portfolio/Portfolio' successfully

2022-02-21 11:59:53 - [TEST_STEP][PASSED] - callTestCase(findTestCase("Mobile/Page/Run App/Terminate App"), [:], STOP_ON_FAILURE): Call Test Case 'Test Cases/Mobile/Page/Run App/Terminate App' successfully

2022-02-21 11:59:53 - [TEST_CASE][PASSED] - Test Cases/Mobile/Page/Run App/Terminate App: Test Cases/Mobile/Page/Run App/Terminate App

2022-02-21 11:59:53 - [TEST_STEP][PASSED] - startApp.OpenApp.terminateApplication(): startApp.OpenApp.terminateApplication is PASSED

2022-02-21 11:59:56 - [MESSAGE][PASSED] - Delayed 3 second(s)

2022-02-21 11:59:56 - [MESSAGE][PASSED] - Current device physical width is 720

2022-02-21 11:59:57 - [MESSAGE][PASSED] - Current device physical height is 1423

2022-02-21 11:59:58 - [MESSAGE][PASSED] - Swiped from 360,853 to 360,142

2022-02-21 11:59:59 - [MESSAGE][PASSED] - Delayed 1 second(s)

2022-02-21 12:00:00 - [MESSAGE][PASSED] - Swiped from 360,853 to 360,142

2022-02-21 12:00:03 - [MESSAGE][PASSED] - Delayed 3 second(s)

2022-02-21 12:00:03 - [MESSAGE][PASSED] - startApp.OpenApp.terminateApplication is PASSED

2022-02-21 12:00:03 - [MESSAGE][PASSED] - Call Test Case 'Test Cases/Mobile/Page/Run App/Terminate App' successfully]]></system-out>
         <system-err><![CDATA[]]></system-err>
      </testcase>
      <testcase name="Test Cases/Mobile/Scenario/Portfolio/002 - Portfolio Performance Daily IDR" time="68.387" classname="Test Cases/Mobile/Scenario/Portfolio/002 - Portfolio Performance Daily IDR" status="PASSED">
         <system-out><![CDATA[2022-02-21 12:00:03 - [TEST_CASE][PASSED] - Test Cases/Mobile/Scenario/Portfolio/002 - Portfolio Performance Daily IDR: Test Cases/Mobile/Scenario/Portfolio/002 - Portfolio Performance Daily IDR

2022-02-21 12:00:04 - [TEST_STEP][PASSED] - callTestCase(findTestCase("Mobile/Page/Run App/Run App byID"), [:], STOP_ON_FAILURE): Call Test Case 'Test Cases/Mobile/Page/Run App/Run App byID' successfully

2022-02-21 12:00:04 - [TEST_CASE][PASSED] - Test Cases/Mobile/Page/Run App/Run App byID: Test Cases/Mobile/Page/Run App/Run App byID

2022-02-21 12:00:04 - [TEST_STEP][PASSED] - startApp.OpenApp.startApplication("id.co.miraeasset.sageclub"): startApp.OpenApp.startApplication is PASSED

2022-02-21 12:00:20 - [MESSAGE][PASSED] - Starting app with application ID: 'id.co.miraeasset.sageclub'

2022-02-21 12:00:20 - [MESSAGE][PASSED] - startApp.OpenApp.startApplication is PASSED

2022-02-21 12:00:20 - [MESSAGE][PASSED] - Call Test Case 'Test Cases/Mobile/Page/Run App/Run App byID' successfully

2022-02-21 12:00:20 - [TEST_STEP][PASSED] - callTestCase(findTestCase("Mobile/Page/Portfolio/Portfolio"), ["tab":"summary", "action":"perf_daily", "action2":"idr"], CONTINUE_ON_FAILURE): Call Test Case 'Test Cases/Mobile/Page/Portfolio/Portfolio' successfully

2022-02-21 12:00:20 - [TEST_CASE][PASSED] - Test Cases/Mobile/Page/Portfolio/Portfolio: Test Cases/Mobile/Page/Portfolio/Portfolio

2022-02-21 12:00:20 - [TEST_STEP][PASSED] - callTestCase(findTestCase("Mobile/Page/CheckLogin"), [:], CONTINUE_ON_FAILURE): Call Test Case 'Test Cases/Mobile/Page/CheckLogin' successfully

2022-02-21 12:00:20 - [TEST_CASE][PASSED] - Test Cases/Mobile/Page/CheckLogin: Test Cases/Mobile/Page/CheckLogin

2022-02-21 12:00:20 - [TEST_STEP][PASSED] - loginCheck = verifyElementExist(LOGN_BtnLogin, 5, CONTINUE_ON_FAILURE): Element 'Object Repository/Mobile/Page/Login/Button - Login' is exist

2022-02-21 12:00:22 - [MESSAGE][PASSED] - Element 'Object Repository/Mobile/Page/Login/Button - Login' is exist

2022-02-21 12:00:22 - [TEST_STEP][PASSED] - if (loginCheck): Call Test Case 'Test Cases/Mobile/Page/Login/Login' successfully

2022-02-21 12:00:22 - [TEST_STEP][PASSED] - callTestCase(findTestCase("Mobile/Page/Login/Login"), ["action":"username"], CONTINUE_ON_FAILURE): Call Test Case 'Test Cases/Mobile/Page/Login/Login' successfully

2022-02-21 12:00:22 - [TEST_CASE][PASSED] - Test Cases/Mobile/Page/Login/Login: Test Cases/Mobile/Page/Login/Login

2022-02-21 12:00:22 - [TEST_STEP][PASSED] - delay(2): Delayed 2 second(s)

2022-02-21 12:00:24 - [MESSAGE][PASSED] - Delayed 2 second(s)

2022-02-21 12:00:24 - [TEST_STEP][PASSED] - for ([i = 0, i < 1, (i++)]): null

2022-02-21 12:00:24 - [TEST_STEP][PASSED] - if (action == "username"): null

2022-02-21 12:00:24 - [TEST_STEP][PASSED] - tap(LOGN_EdtUserID, 0): Tapped on element 'Object Repository/Mobile/Page/Login/Input - UserID'

2022-02-21 12:00:24 - [MESSAGE][WARNING] - Timeout '0' is invalid. Using default page load timeout: '60'

2022-02-21 12:00:25 - [MESSAGE][PASSED] - Tapped on element 'Object Repository/Mobile/Page/Login/Input - UserID'

2022-02-21 12:00:25 - [TEST_STEP][PASSED] - delay(1): Delayed 1 second(s)

2022-02-21 12:00:26 - [MESSAGE][PASSED] - Delayed 1 second(s)

2022-02-21 12:00:26 - [TEST_STEP][PASSED] - setText(LOGN_EdtRdyUserID, "anggaaditya", 0): Text 'anggaaditya' has been set to element 'Object Repository/Mobile/Page/Login/Input Rdy - UserID'

2022-02-21 12:00:26 - [MESSAGE][WARNING] - Timeout '0' is invalid. Using default page load timeout: '60'

2022-02-21 12:00:26 - [MESSAGE][PASSED] - Text 'anggaaditya' has been set to element 'Object Repository/Mobile/Page/Login/Input Rdy - UserID'

2022-02-21 12:00:26 - [TEST_STEP][PASSED] - delay(1): Delayed 1 second(s)

2022-02-21 12:00:27 - [MESSAGE][PASSED] - Delayed 1 second(s)

2022-02-21 12:00:27 - [TEST_STEP][PASSED] - hideKeyboard(): Keyboard is hidden

2022-02-21 12:00:31 - [MESSAGE][PASSED] - Keyboard is hidden

2022-02-21 12:00:31 - [TEST_STEP][PASSED] - tap(LOGN_EdtPassword, 0): Tapped on element 'Object Repository/Mobile/Page/Login/Input - Password'

2022-02-21 12:00:31 - [MESSAGE][WARNING] - Timeout '0' is invalid. Using default page load timeout: '60'

2022-02-21 12:00:31 - [MESSAGE][PASSED] - Tapped on element 'Object Repository/Mobile/Page/Login/Input - Password'

2022-02-21 12:00:31 - [TEST_STEP][PASSED] - delay(1): Delayed 1 second(s)

2022-02-21 12:00:32 - [MESSAGE][PASSED] - Delayed 1 second(s)

2022-02-21 12:00:32 - [TEST_STEP][PASSED] - setText(LOGN_EdtRdyPassword, "Shalawa18", 0): Text 'Shalawa18' has been set to element 'Object Repository/Mobile/Page/Login/Input Rdy - Password'

2022-02-21 12:00:32 - [MESSAGE][WARNING] - Timeout '0' is invalid. Using default page load timeout: '60'

2022-02-21 12:00:33 - [MESSAGE][PASSED] - Text 'Shalawa18' has been set to element 'Object Repository/Mobile/Page/Login/Input Rdy - Password'

2022-02-21 12:00:33 - [TEST_STEP][PASSED] - delay(1): Delayed 1 second(s)

2022-02-21 12:00:34 - [MESSAGE][PASSED] - Delayed 1 second(s)

2022-02-21 12:00:34 - [TEST_STEP][PASSED] - hideKeyboard(): Keyboard is hidden

2022-02-21 12:00:41 - [MESSAGE][PASSED] - Keyboard is hidden

2022-02-21 12:00:41 - [TEST_STEP][PASSED] - tap(LOGN_BtnLogin, 0): Tapped on element 'Object Repository/Mobile/Page/Login/Button - Login'

2022-02-21 12:00:41 - [MESSAGE][WARNING] - Timeout '0' is invalid. Using default page load timeout: '60'

2022-02-21 12:00:41 - [MESSAGE][PASSED] - Tapped on element 'Object Repository/Mobile/Page/Login/Button - Login'

2022-02-21 12:00:41 - [TEST_STEP][PASSED] - delay(2): Delayed 2 second(s)

2022-02-21 12:00:43 - [MESSAGE][PASSED] - Delayed 2 second(s)

2022-02-21 12:00:43 - [TEST_STEP][PASSED] - break: null

2022-02-21 12:00:43 - [MESSAGE][PASSED] - Call Test Case 'Test Cases/Mobile/Page/Login/Login' successfully

2022-02-21 12:00:43 - [MESSAGE][PASSED] - Call Test Case 'Test Cases/Mobile/Page/CheckLogin' successfully

2022-02-21 12:00:43 - [TEST_STEP][PASSED] - tap(HOME_MenubarPortfolio, 0): Tapped on element 'Object Repository/Mobile/Page/Home/Menubar - Portfolio'

2022-02-21 12:00:43 - [MESSAGE][WARNING] - Timeout '0' is invalid. Using default page load timeout: '60'

2022-02-21 12:00:45 - [MESSAGE][PASSED] - Tapped on element 'Object Repository/Mobile/Page/Home/Menubar - Portfolio'

2022-02-21 12:00:45 - [TEST_STEP][PASSED] - delay(1): Delayed 1 second(s)

2022-02-21 12:00:46 - [MESSAGE][PASSED] - Delayed 1 second(s)

2022-02-21 12:00:46 - [TEST_STEP][PASSED] - for ([i = 0, i < 1, (i++)]): Delayed 3 second(s)

2022-02-21 12:00:46 - [TEST_STEP][PASSED] - if (tab == "summary"): Delayed 3 second(s)

2022-02-21 12:00:46 - [TEST_STEP][PASSED] - idr = PORT_BtnIDR: null

2022-02-21 12:00:46 - [TEST_STEP][PASSED] - persen = PORT_BtnPersen: null

2022-02-21 12:00:46 - [TEST_STEP][PASSED] - if (action == "summary"): null

2022-02-21 12:00:46 - [TEST_STEP][PASSED] - else if (action == "perf_daily"): scroll.scroll.scrollScreenBottomToTop is PASSED

2022-02-21 12:00:46 - [TEST_STEP][PASSED] - scroll.scroll.scrollScreenBottomToTop(): scroll.scroll.scrollScreenBottomToTop is PASSED

2022-02-21 12:00:47 - [MESSAGE][PASSED] - Current device physical height is 1423

2022-02-21 12:00:47 - [MESSAGE][PASSED] - Current device physical width is 720

2022-02-21 12:00:48 - [MESSAGE][PASSED] - Swiped from 360,1,138 to 360,284

2022-02-21 12:00:48 - [MESSAGE][PASSED] - scroll.scroll.scrollScreenBottomToTop is PASSED

2022-02-21 12:00:48 - [TEST_STEP][PASSED] - if (action != "summary"): Delayed 3 second(s)

2022-02-21 12:00:48 - [TEST_STEP][PASSED] - delay(1): Delayed 1 second(s)

2022-02-21 12:00:49 - [MESSAGE][PASSED] - Delayed 1 second(s)

2022-02-21 12:00:49 - [TEST_STEP][PASSED] - scroll.scroll.scrollScreenBottomToTop(): scroll.scroll.scrollScreenBottomToTop is PASSED

2022-02-21 12:00:50 - [MESSAGE][PASSED] - Current device physical height is 1423

2022-02-21 12:00:50 - [MESSAGE][PASSED] - Current device physical width is 720

2022-02-21 12:00:51 - [MESSAGE][PASSED] - Swiped from 360,1,138 to 360,284

2022-02-21 12:00:51 - [MESSAGE][PASSED] - scroll.scroll.scrollScreenBottomToTop is PASSED

2022-02-21 12:00:51 - [TEST_STEP][PASSED] - scroll.scroll.scrollScreenBottomToTop(): scroll.scroll.scrollScreenBottomToTop is PASSED

2022-02-21 12:00:52 - [MESSAGE][PASSED] - Current device physical height is 1423

2022-02-21 12:00:52 - [MESSAGE][PASSED] - Current device physical width is 720

2022-02-21 12:00:53 - [MESSAGE][PASSED] - Swiped from 360,1,138 to 360,284

2022-02-21 12:00:53 - [MESSAGE][PASSED] - scroll.scroll.scrollScreenBottomToTop is PASSED

2022-02-21 12:00:53 - [TEST_STEP][PASSED] - delay(3): Delayed 3 second(s)

2022-02-21 12:00:56 - [MESSAGE][PASSED] - Delayed 3 second(s)

2022-02-21 12:00:56 - [TEST_STEP][PASSED] - if (action2 == "idr"): Delayed 3 second(s)

2022-02-21 12:00:56 - [TEST_STEP][PASSED] - tap(idr, 10): Tapped on element 'Object Repository/Mobile/Page/Portfolio/Button - IDR'

2022-02-21 12:00:57 - [MESSAGE][PASSED] - Tapped on element 'Object Repository/Mobile/Page/Portfolio/Button - IDR'

2022-02-21 12:00:57 - [TEST_STEP][PASSED] - delay(3): Delayed 3 second(s)

2022-02-21 12:01:00 - [MESSAGE][PASSED] - Delayed 3 second(s)

2022-02-21 12:01:00 - [MESSAGE][PASSED] - Call Test Case 'Test Cases/Mobile/Page/Portfolio/Portfolio' successfully

2022-02-21 12:01:00 - [TEST_STEP][PASSED] - callTestCase(findTestCase("Mobile/Page/Run App/Terminate App"), [:], STOP_ON_FAILURE): Call Test Case 'Test Cases/Mobile/Page/Run App/Terminate App' successfully

2022-02-21 12:01:00 - [TEST_CASE][PASSED] - Test Cases/Mobile/Page/Run App/Terminate App: Test Cases/Mobile/Page/Run App/Terminate App

2022-02-21 12:01:00 - [TEST_STEP][PASSED] - startApp.OpenApp.terminateApplication(): startApp.OpenApp.terminateApplication is PASSED

2022-02-21 12:01:04 - [MESSAGE][PASSED] - Delayed 3 second(s)

2022-02-21 12:01:04 - [MESSAGE][PASSED] - Current device physical width is 720

2022-02-21 12:01:05 - [MESSAGE][PASSED] - Current device physical height is 1423

2022-02-21 12:01:06 - [MESSAGE][PASSED] - Swiped from 360,853 to 360,142

2022-02-21 12:01:07 - [MESSAGE][PASSED] - Delayed 1 second(s)

2022-02-21 12:01:09 - [MESSAGE][PASSED] - Swiped from 360,853 to 360,142

2022-02-21 12:01:12 - [MESSAGE][PASSED] - Delayed 3 second(s)

2022-02-21 12:01:12 - [MESSAGE][PASSED] - startApp.OpenApp.terminateApplication is PASSED

2022-02-21 12:01:12 - [MESSAGE][PASSED] - Call Test Case 'Test Cases/Mobile/Page/Run App/Terminate App' successfully]]></system-out>
         <system-err><![CDATA[]]></system-err>
      </testcase>
      <testcase name="Test Cases/Mobile/Scenario/Portfolio/003 - Portfolio Performance Month to Date IDR" time="72.651" classname="Test Cases/Mobile/Scenario/Portfolio/003 - Portfolio Performance Month to Date IDR" status="PASSED">
         <system-out><![CDATA[2022-02-21 12:01:12 - [TEST_CASE][PASSED] - Test Cases/Mobile/Scenario/Portfolio/003 - Portfolio Performance Month to Date IDR: Test Cases/Mobile/Scenario/Portfolio/003 - Portfolio Performance Month to Date IDR

2022-02-21 12:01:12 - [TEST_STEP][PASSED] - callTestCase(findTestCase("Mobile/Page/Run App/Run App byID"), [:], STOP_ON_FAILURE): Call Test Case 'Test Cases/Mobile/Page/Run App/Run App byID' successfully

2022-02-21 12:01:12 - [TEST_CASE][PASSED] - Test Cases/Mobile/Page/Run App/Run App byID: Test Cases/Mobile/Page/Run App/Run App byID

2022-02-21 12:01:12 - [TEST_STEP][PASSED] - startApp.OpenApp.startApplication("id.co.miraeasset.sageclub"): startApp.OpenApp.startApplication is PASSED

2022-02-21 12:01:30 - [MESSAGE][PASSED] - Starting app with application ID: 'id.co.miraeasset.sageclub'

2022-02-21 12:01:30 - [MESSAGE][PASSED] - startApp.OpenApp.startApplication is PASSED

2022-02-21 12:01:30 - [MESSAGE][PASSED] - Call Test Case 'Test Cases/Mobile/Page/Run App/Run App byID' successfully

2022-02-21 12:01:30 - [TEST_STEP][PASSED] - callTestCase(findTestCase("Mobile/Page/Portfolio/Portfolio"), ["tab":"summary", "action":"perf_month", "action2":"idr"], CONTINUE_ON_FAILURE): Call Test Case 'Test Cases/Mobile/Page/Portfolio/Portfolio' successfully

2022-02-21 12:01:30 - [TEST_CASE][PASSED] - Test Cases/Mobile/Page/Portfolio/Portfolio: Test Cases/Mobile/Page/Portfolio/Portfolio

2022-02-21 12:01:30 - [TEST_STEP][PASSED] - callTestCase(findTestCase("Mobile/Page/CheckLogin"), [:], CONTINUE_ON_FAILURE): Call Test Case 'Test Cases/Mobile/Page/CheckLogin' successfully

2022-02-21 12:01:30 - [TEST_CASE][PASSED] - Test Cases/Mobile/Page/CheckLogin: Test Cases/Mobile/Page/CheckLogin

2022-02-21 12:01:30 - [TEST_STEP][PASSED] - loginCheck = verifyElementExist(LOGN_BtnLogin, 5, CONTINUE_ON_FAILURE): Element 'Object Repository/Mobile/Page/Login/Button - Login' is exist

2022-02-21 12:01:32 - [MESSAGE][PASSED] - Element 'Object Repository/Mobile/Page/Login/Button - Login' is exist

2022-02-21 12:01:32 - [TEST_STEP][PASSED] - if (loginCheck): Call Test Case 'Test Cases/Mobile/Page/Login/Login' successfully

2022-02-21 12:01:32 - [TEST_STEP][PASSED] - callTestCase(findTestCase("Mobile/Page/Login/Login"), ["action":"username"], CONTINUE_ON_FAILURE): Call Test Case 'Test Cases/Mobile/Page/Login/Login' successfully

2022-02-21 12:01:32 - [TEST_CASE][PASSED] - Test Cases/Mobile/Page/Login/Login: Test Cases/Mobile/Page/Login/Login

2022-02-21 12:01:32 - [TEST_STEP][PASSED] - delay(2): Delayed 2 second(s)

2022-02-21 12:01:34 - [MESSAGE][PASSED] - Delayed 2 second(s)

2022-02-21 12:01:34 - [TEST_STEP][PASSED] - for ([i = 0, i < 1, (i++)]): null

2022-02-21 12:01:34 - [TEST_STEP][PASSED] - if (action == "username"): null

2022-02-21 12:01:34 - [TEST_STEP][PASSED] - tap(LOGN_EdtUserID, 0): Tapped on element 'Object Repository/Mobile/Page/Login/Input - UserID'

2022-02-21 12:01:34 - [MESSAGE][WARNING] - Timeout '0' is invalid. Using default page load timeout: '60'

2022-02-21 12:01:34 - [MESSAGE][PASSED] - Tapped on element 'Object Repository/Mobile/Page/Login/Input - UserID'

2022-02-21 12:01:34 - [TEST_STEP][PASSED] - delay(1): Delayed 1 second(s)

2022-02-21 12:01:35 - [MESSAGE][PASSED] - Delayed 1 second(s)

2022-02-21 12:01:35 - [TEST_STEP][PASSED] - setText(LOGN_EdtRdyUserID, "anggaaditya", 0): Text 'anggaaditya' has been set to element 'Object Repository/Mobile/Page/Login/Input Rdy - UserID'

2022-02-21 12:01:35 - [MESSAGE][WARNING] - Timeout '0' is invalid. Using default page load timeout: '60'

2022-02-21 12:01:36 - [MESSAGE][PASSED] - Text 'anggaaditya' has been set to element 'Object Repository/Mobile/Page/Login/Input Rdy - UserID'

2022-02-21 12:01:36 - [TEST_STEP][PASSED] - delay(1): Delayed 1 second(s)

2022-02-21 12:01:37 - [MESSAGE][PASSED] - Delayed 1 second(s)

2022-02-21 12:01:37 - [TEST_STEP][PASSED] - hideKeyboard(): Keyboard is hidden

2022-02-21 12:01:41 - [MESSAGE][PASSED] - Keyboard is hidden

2022-02-21 12:01:41 - [TEST_STEP][PASSED] - tap(LOGN_EdtPassword, 0): Tapped on element 'Object Repository/Mobile/Page/Login/Input - Password'

2022-02-21 12:01:41 - [MESSAGE][WARNING] - Timeout '0' is invalid. Using default page load timeout: '60'

2022-02-21 12:01:41 - [MESSAGE][PASSED] - Tapped on element 'Object Repository/Mobile/Page/Login/Input - Password'

2022-02-21 12:01:41 - [TEST_STEP][PASSED] - delay(1): Delayed 1 second(s)

2022-02-21 12:01:42 - [MESSAGE][PASSED] - Delayed 1 second(s)

2022-02-21 12:01:42 - [TEST_STEP][PASSED] - setText(LOGN_EdtRdyPassword, "Shalawa18", 0): Text 'Shalawa18' has been set to element 'Object Repository/Mobile/Page/Login/Input Rdy - Password'

2022-02-21 12:01:42 - [MESSAGE][WARNING] - Timeout '0' is invalid. Using default page load timeout: '60'

2022-02-21 12:01:43 - [MESSAGE][PASSED] - Text 'Shalawa18' has been set to element 'Object Repository/Mobile/Page/Login/Input Rdy - Password'

2022-02-21 12:01:43 - [TEST_STEP][PASSED] - delay(1): Delayed 1 second(s)

2022-02-21 12:01:44 - [MESSAGE][PASSED] - Delayed 1 second(s)

2022-02-21 12:01:44 - [TEST_STEP][PASSED] - hideKeyboard(): Keyboard is hidden

2022-02-21 12:01:50 - [MESSAGE][PASSED] - Keyboard is hidden

2022-02-21 12:01:50 - [TEST_STEP][PASSED] - tap(LOGN_BtnLogin, 0): Tapped on element 'Object Repository/Mobile/Page/Login/Button - Login'

2022-02-21 12:01:50 - [MESSAGE][WARNING] - Timeout '0' is invalid. Using default page load timeout: '60'

2022-02-21 12:01:51 - [MESSAGE][PASSED] - Tapped on element 'Object Repository/Mobile/Page/Login/Button - Login'

2022-02-21 12:01:51 - [TEST_STEP][PASSED] - delay(2): Delayed 2 second(s)

2022-02-21 12:01:53 - [MESSAGE][PASSED] - Delayed 2 second(s)

2022-02-21 12:01:53 - [TEST_STEP][PASSED] - break: null

2022-02-21 12:01:53 - [MESSAGE][PASSED] - Call Test Case 'Test Cases/Mobile/Page/Login/Login' successfully

2022-02-21 12:01:53 - [MESSAGE][PASSED] - Call Test Case 'Test Cases/Mobile/Page/CheckLogin' successfully

2022-02-21 12:01:53 - [TEST_STEP][PASSED] - tap(HOME_MenubarPortfolio, 0): Tapped on element 'Object Repository/Mobile/Page/Home/Menubar - Portfolio'

2022-02-21 12:01:53 - [MESSAGE][WARNING] - Timeout '0' is invalid. Using default page load timeout: '60'

2022-02-21 12:01:55 - [MESSAGE][PASSED] - Tapped on element 'Object Repository/Mobile/Page/Home/Menubar - Portfolio'

2022-02-21 12:01:55 - [TEST_STEP][PASSED] - delay(1): Delayed 1 second(s)

2022-02-21 12:01:56 - [MESSAGE][PASSED] - Delayed 1 second(s)

2022-02-21 12:01:56 - [TEST_STEP][PASSED] - for ([i = 0, i < 1, (i++)]): Delayed 3 second(s)

2022-02-21 12:01:56 - [TEST_STEP][PASSED] - if (tab == "summary"): Delayed 3 second(s)

2022-02-21 12:01:56 - [TEST_STEP][PASSED] - idr = PORT_BtnIDR: null

2022-02-21 12:01:56 - [TEST_STEP][PASSED] - persen = PORT_BtnPersen: null

2022-02-21 12:01:56 - [TEST_STEP][PASSED] - if (action == "summary"): null

2022-02-21 12:01:56 - [TEST_STEP][PASSED] - else if (action == "perf_daily"): null

2022-02-21 12:01:56 - [TEST_STEP][PASSED] - else if (action == "perf_month"): Tapped on element 'Object Repository/Mobile/Page/Portfolio/Tab - Summary Month to Date'

2022-02-21 12:01:56 - [TEST_STEP][PASSED] - scroll.scroll.scrollScreenBottomToTop(): scroll.scroll.scrollScreenBottomToTop is PASSED

2022-02-21 12:01:57 - [MESSAGE][PASSED] - Current device physical height is 1423

2022-02-21 12:01:57 - [MESSAGE][PASSED] - Current device physical width is 720

2022-02-21 12:01:58 - [MESSAGE][PASSED] - Swiped from 360,1,138 to 360,284

2022-02-21 12:01:58 - [MESSAGE][PASSED] - scroll.scroll.scrollScreenBottomToTop is PASSED

2022-02-21 12:01:58 - [TEST_STEP][PASSED] - delay(1): Delayed 1 second(s)

2022-02-21 12:01:59 - [MESSAGE][PASSED] - Delayed 1 second(s)

2022-02-21 12:01:59 - [TEST_STEP][PASSED] - tap(PORT_TabSummaryMonth, 0): Tapped on element 'Object Repository/Mobile/Page/Portfolio/Tab - Summary Month to Date'

2022-02-21 12:01:59 - [MESSAGE][WARNING] - Timeout '0' is invalid. Using default page load timeout: '60'

2022-02-21 12:02:02 - [MESSAGE][PASSED] - Tapped on element 'Object Repository/Mobile/Page/Portfolio/Tab - Summary Month to Date'

2022-02-21 12:02:02 - [TEST_STEP][PASSED] - if (action != "summary"): Delayed 3 second(s)

2022-02-21 12:02:02 - [TEST_STEP][PASSED] - delay(1): Delayed 1 second(s)

2022-02-21 12:02:03 - [MESSAGE][PASSED] - Delayed 1 second(s)

2022-02-21 12:02:03 - [TEST_STEP][PASSED] - scroll.scroll.scrollScreenBottomToTop(): scroll.scroll.scrollScreenBottomToTop is PASSED

2022-02-21 12:02:03 - [MESSAGE][PASSED] - Current device physical height is 1423

2022-02-21 12:02:04 - [MESSAGE][PASSED] - Current device physical width is 720

2022-02-21 12:02:05 - [MESSAGE][PASSED] - Swiped from 360,1,138 to 360,284

2022-02-21 12:02:05 - [MESSAGE][PASSED] - scroll.scroll.scrollScreenBottomToTop is PASSED

2022-02-21 12:02:05 - [TEST_STEP][PASSED] - scroll.scroll.scrollScreenBottomToTop(): scroll.scroll.scrollScreenBottomToTop is PASSED

2022-02-21 12:02:05 - [MESSAGE][PASSED] - Current device physical height is 1423

2022-02-21 12:02:06 - [MESSAGE][PASSED] - Current device physical width is 720

2022-02-21 12:02:07 - [MESSAGE][PASSED] - Swiped from 360,1,138 to 360,284

2022-02-21 12:02:07 - [MESSAGE][PASSED] - scroll.scroll.scrollScreenBottomToTop is PASSED

2022-02-21 12:02:07 - [TEST_STEP][PASSED] - delay(3): Delayed 3 second(s)

2022-02-21 12:02:10 - [MESSAGE][PASSED] - Delayed 3 second(s)

2022-02-21 12:02:10 - [TEST_STEP][PASSED] - if (action2 == "idr"): Delayed 3 second(s)

2022-02-21 12:02:10 - [TEST_STEP][PASSED] - tap(idr, 10): Tapped on element 'Object Repository/Mobile/Page/Portfolio/Button - IDR'

2022-02-21 12:02:11 - [MESSAGE][PASSED] - Tapped on element 'Object Repository/Mobile/Page/Portfolio/Button - IDR'

2022-02-21 12:02:11 - [TEST_STEP][PASSED] - delay(3): Delayed 3 second(s)

2022-02-21 12:02:14 - [MESSAGE][PASSED] - Delayed 3 second(s)

2022-02-21 12:02:14 - [MESSAGE][PASSED] - Call Test Case 'Test Cases/Mobile/Page/Portfolio/Portfolio' successfully

2022-02-21 12:02:14 - [TEST_STEP][PASSED] - callTestCase(findTestCase("Mobile/Page/Run App/Terminate App"), [:], STOP_ON_FAILURE): Call Test Case 'Test Cases/Mobile/Page/Run App/Terminate App' successfully

2022-02-21 12:02:14 - [TEST_CASE][PASSED] - Test Cases/Mobile/Page/Run App/Terminate App: Test Cases/Mobile/Page/Run App/Terminate App

2022-02-21 12:02:14 - [TEST_STEP][PASSED] - startApp.OpenApp.terminateApplication(): startApp.OpenApp.terminateApplication is PASSED

2022-02-21 12:02:17 - [MESSAGE][PASSED] - Delayed 3 second(s)

2022-02-21 12:02:17 - [MESSAGE][PASSED] - Current device physical width is 720

2022-02-21 12:02:18 - [MESSAGE][PASSED] - Current device physical height is 1423

2022-02-21 12:02:19 - [MESSAGE][PASSED] - Swiped from 360,853 to 360,142

2022-02-21 12:02:20 - [MESSAGE][PASSED] - Delayed 1 second(s)

2022-02-21 12:02:21 - [MESSAGE][PASSED] - Swiped from 360,853 to 360,142

2022-02-21 12:02:24 - [MESSAGE][PASSED] - Delayed 3 second(s)

2022-02-21 12:02:24 - [MESSAGE][PASSED] - startApp.OpenApp.terminateApplication is PASSED

2022-02-21 12:02:24 - [MESSAGE][PASSED] - Call Test Case 'Test Cases/Mobile/Page/Run App/Terminate App' successfully]]></system-out>
         <system-err><![CDATA[]]></system-err>
      </testcase>
      <testcase name="Test Cases/Mobile/Scenario/Portfolio/004 - Portfolio Performance Quarter to Date IDR" time="67.416" classname="Test Cases/Mobile/Scenario/Portfolio/004 - Portfolio Performance Quarter to Date IDR" status="PASSED">
         <system-out><![CDATA[2022-02-21 12:02:24 - [TEST_CASE][PASSED] - Test Cases/Mobile/Scenario/Portfolio/004 - Portfolio Performance Quarter to Date IDR: Test Cases/Mobile/Scenario/Portfolio/004 - Portfolio Performance Quarter to Date IDR

2022-02-21 12:02:25 - [TEST_STEP][PASSED] - callTestCase(findTestCase("Mobile/Page/Run App/Run App byID"), [:], STOP_ON_FAILURE): Call Test Case 'Test Cases/Mobile/Page/Run App/Run App byID' successfully

2022-02-21 12:02:25 - [TEST_CASE][PASSED] - Test Cases/Mobile/Page/Run App/Run App byID: Test Cases/Mobile/Page/Run App/Run App byID

2022-02-21 12:02:25 - [TEST_STEP][PASSED] - startApp.OpenApp.startApplication("id.co.miraeasset.sageclub"): startApp.OpenApp.startApplication is PASSED

2022-02-21 12:02:40 - [MESSAGE][PASSED] - Starting app with application ID: 'id.co.miraeasset.sageclub'

2022-02-21 12:02:40 - [MESSAGE][PASSED] - startApp.OpenApp.startApplication is PASSED

2022-02-21 12:02:40 - [MESSAGE][PASSED] - Call Test Case 'Test Cases/Mobile/Page/Run App/Run App byID' successfully

2022-02-21 12:02:40 - [TEST_STEP][PASSED] - callTestCase(findTestCase("Mobile/Page/Portfolio/Portfolio"), ["tab":"summary", "action":"perf_quarter", "action2":"idr"], CONTINUE_ON_FAILURE): Call Test Case 'Test Cases/Mobile/Page/Portfolio/Portfolio' successfully

2022-02-21 12:02:40 - [TEST_CASE][PASSED] - Test Cases/Mobile/Page/Portfolio/Portfolio: Test Cases/Mobile/Page/Portfolio/Portfolio

2022-02-21 12:02:40 - [TEST_STEP][PASSED] - callTestCase(findTestCase("Mobile/Page/CheckLogin"), [:], CONTINUE_ON_FAILURE): Call Test Case 'Test Cases/Mobile/Page/CheckLogin' successfully

2022-02-21 12:02:40 - [TEST_CASE][PASSED] - Test Cases/Mobile/Page/CheckLogin: Test Cases/Mobile/Page/CheckLogin

2022-02-21 12:02:40 - [TEST_STEP][PASSED] - loginCheck = verifyElementExist(LOGN_BtnLogin, 5, CONTINUE_ON_FAILURE): Element 'Object Repository/Mobile/Page/Login/Button - Login' is exist

2022-02-21 12:02:42 - [MESSAGE][PASSED] - Element 'Object Repository/Mobile/Page/Login/Button - Login' is exist

2022-02-21 12:02:42 - [TEST_STEP][PASSED] - if (loginCheck): Call Test Case 'Test Cases/Mobile/Page/Login/Login' successfully

2022-02-21 12:02:42 - [TEST_STEP][PASSED] - callTestCase(findTestCase("Mobile/Page/Login/Login"), ["action":"username"], CONTINUE_ON_FAILURE): Call Test Case 'Test Cases/Mobile/Page/Login/Login' successfully

2022-02-21 12:02:42 - [TEST_CASE][PASSED] - Test Cases/Mobile/Page/Login/Login: Test Cases/Mobile/Page/Login/Login

2022-02-21 12:02:42 - [TEST_STEP][PASSED] - delay(2): Delayed 2 second(s)

2022-02-21 12:02:44 - [MESSAGE][PASSED] - Delayed 2 second(s)

2022-02-21 12:02:44 - [TEST_STEP][PASSED] - for ([i = 0, i < 1, (i++)]): null

2022-02-21 12:02:44 - [TEST_STEP][PASSED] - if (action == "username"): null

2022-02-21 12:02:44 - [TEST_STEP][PASSED] - tap(LOGN_EdtUserID, 0): Tapped on element 'Object Repository/Mobile/Page/Login/Input - UserID'

2022-02-21 12:02:44 - [MESSAGE][WARNING] - Timeout '0' is invalid. Using default page load timeout: '60'

2022-02-21 12:02:45 - [MESSAGE][PASSED] - Tapped on element 'Object Repository/Mobile/Page/Login/Input - UserID'

2022-02-21 12:02:45 - [TEST_STEP][PASSED] - delay(1): Delayed 1 second(s)

2022-02-21 12:02:46 - [MESSAGE][PASSED] - Delayed 1 second(s)

2022-02-21 12:02:46 - [TEST_STEP][PASSED] - setText(LOGN_EdtRdyUserID, "anggaaditya", 0): Text 'anggaaditya' has been set to element 'Object Repository/Mobile/Page/Login/Input Rdy - UserID'

2022-02-21 12:02:46 - [MESSAGE][WARNING] - Timeout '0' is invalid. Using default page load timeout: '60'

2022-02-21 12:02:46 - [MESSAGE][PASSED] - Text 'anggaaditya' has been set to element 'Object Repository/Mobile/Page/Login/Input Rdy - UserID'

2022-02-21 12:02:46 - [TEST_STEP][PASSED] - delay(1): Delayed 1 second(s)

2022-02-21 12:02:47 - [MESSAGE][PASSED] - Delayed 1 second(s)

2022-02-21 12:02:47 - [TEST_STEP][PASSED] - hideKeyboard(): Keyboard is hidden

2022-02-21 12:02:51 - [MESSAGE][PASSED] - Keyboard is hidden

2022-02-21 12:02:51 - [TEST_STEP][PASSED] - tap(LOGN_EdtPassword, 0): Tapped on element 'Object Repository/Mobile/Page/Login/Input - Password'

2022-02-21 12:02:51 - [MESSAGE][WARNING] - Timeout '0' is invalid. Using default page load timeout: '60'

2022-02-21 12:02:52 - [MESSAGE][PASSED] - Tapped on element 'Object Repository/Mobile/Page/Login/Input - Password'

2022-02-21 12:02:52 - [TEST_STEP][PASSED] - delay(1): Delayed 1 second(s)

2022-02-21 12:02:53 - [MESSAGE][PASSED] - Delayed 1 second(s)

2022-02-21 12:02:53 - [TEST_STEP][PASSED] - setText(LOGN_EdtRdyPassword, "Shalawa18", 0): Text 'Shalawa18' has been set to element 'Object Repository/Mobile/Page/Login/Input Rdy - Password'

2022-02-21 12:02:53 - [MESSAGE][WARNING] - Timeout '0' is invalid. Using default page load timeout: '60'

2022-02-21 12:02:53 - [MESSAGE][PASSED] - Text 'Shalawa18' has been set to element 'Object Repository/Mobile/Page/Login/Input Rdy - Password'

2022-02-21 12:02:53 - [TEST_STEP][PASSED] - delay(1): Delayed 1 second(s)

2022-02-21 12:02:54 - [MESSAGE][PASSED] - Delayed 1 second(s)

2022-02-21 12:02:54 - [TEST_STEP][PASSED] - hideKeyboard(): Keyboard is hidden

2022-02-21 12:03:01 - [MESSAGE][PASSED] - Keyboard is hidden

2022-02-21 12:03:01 - [TEST_STEP][PASSED] - tap(LOGN_BtnLogin, 0): Tapped on element 'Object Repository/Mobile/Page/Login/Button - Login'

2022-02-21 12:03:01 - [MESSAGE][WARNING] - Timeout '0' is invalid. Using default page load timeout: '60'

2022-02-21 12:03:01 - [MESSAGE][PASSED] - Tapped on element 'Object Repository/Mobile/Page/Login/Button - Login'

2022-02-21 12:03:01 - [TEST_STEP][PASSED] - delay(2): Delayed 2 second(s)

2022-02-21 12:03:03 - [MESSAGE][PASSED] - Delayed 2 second(s)

2022-02-21 12:03:03 - [TEST_STEP][PASSED] - break: null

2022-02-21 12:03:03 - [MESSAGE][PASSED] - Call Test Case 'Test Cases/Mobile/Page/Login/Login' successfully

2022-02-21 12:03:03 - [MESSAGE][PASSED] - Call Test Case 'Test Cases/Mobile/Page/CheckLogin' successfully

2022-02-21 12:03:03 - [TEST_STEP][PASSED] - tap(HOME_MenubarPortfolio, 0): Tapped on element 'Object Repository/Mobile/Page/Home/Menubar - Portfolio'

2022-02-21 12:03:03 - [MESSAGE][WARNING] - Timeout '0' is invalid. Using default page load timeout: '60'

2022-02-21 12:03:05 - [MESSAGE][PASSED] - Tapped on element 'Object Repository/Mobile/Page/Home/Menubar - Portfolio'

2022-02-21 12:03:05 - [TEST_STEP][PASSED] - delay(1): Delayed 1 second(s)

2022-02-21 12:03:06 - [MESSAGE][PASSED] - Delayed 1 second(s)

2022-02-21 12:03:06 - [TEST_STEP][PASSED] - for ([i = 0, i < 1, (i++)]): Delayed 3 second(s)

2022-02-21 12:03:06 - [TEST_STEP][PASSED] - if (tab == "summary"): Delayed 3 second(s)

2022-02-21 12:03:06 - [TEST_STEP][PASSED] - idr = PORT_BtnIDR: null

2022-02-21 12:03:06 - [TEST_STEP][PASSED] - persen = PORT_BtnPersen: null

2022-02-21 12:03:06 - [TEST_STEP][PASSED] - if (action == "summary"): null

2022-02-21 12:03:06 - [TEST_STEP][PASSED] - else if (action == "perf_daily"): null

2022-02-21 12:03:06 - [TEST_STEP][PASSED] - else if (action == "perf_month"): null

2022-02-21 12:03:06 - [TEST_STEP][PASSED] - else if (action == "perf_quarter"): Tapped on element 'Object Repository/Mobile/Page/Portfolio/Tab - Summary Quarter to Date'

2022-02-21 12:03:06 - [TEST_STEP][PASSED] - scroll.scroll.scrollScreenBottomToTop(): scroll.scroll.scrollScreenBottomToTop is PASSED

2022-02-21 12:03:07 - [MESSAGE][PASSED] - Current device physical height is 1423

2022-02-21 12:03:07 - [MESSAGE][PASSED] - Current device physical width is 720

2022-02-21 12:03:08 - [MESSAGE][PASSED] - Swiped from 360,1,138 to 360,284

2022-02-21 12:03:08 - [MESSAGE][PASSED] - scroll.scroll.scrollScreenBottomToTop is PASSED

2022-02-21 12:03:08 - [TEST_STEP][PASSED] - delay(1): Delayed 1 second(s)

2022-02-21 12:03:09 - [MESSAGE][PASSED] - Delayed 1 second(s)

2022-02-21 12:03:09 - [TEST_STEP][PASSED] - tap(PORT_TabSummaryQuarter, 0): Tapped on element 'Object Repository/Mobile/Page/Portfolio/Tab - Summary Quarter to Date'

2022-02-21 12:03:09 - [MESSAGE][WARNING] - Timeout '0' is invalid. Using default page load timeout: '60'

2022-02-21 12:03:10 - [MESSAGE][PASSED] - Tapped on element 'Object Repository/Mobile/Page/Portfolio/Tab - Summary Quarter to Date'

2022-02-21 12:03:10 - [TEST_STEP][PASSED] - if (action != "summary"): Delayed 3 second(s)

2022-02-21 12:03:10 - [TEST_STEP][PASSED] - delay(1): Delayed 1 second(s)

2022-02-21 12:03:11 - [MESSAGE][PASSED] - Delayed 1 second(s)

2022-02-21 12:03:11 - [TEST_STEP][PASSED] - scroll.scroll.scrollScreenBottomToTop(): scroll.scroll.scrollScreenBottomToTop is PASSED

2022-02-21 12:03:11 - [MESSAGE][PASSED] - Current device physical height is 1423

2022-02-21 12:03:11 - [MESSAGE][PASSED] - Current device physical width is 720

2022-02-21 12:03:13 - [MESSAGE][PASSED] - Swiped from 360,1,138 to 360,284

2022-02-21 12:03:13 - [MESSAGE][PASSED] - scroll.scroll.scrollScreenBottomToTop is PASSED

2022-02-21 12:03:13 - [TEST_STEP][PASSED] - scroll.scroll.scrollScreenBottomToTop(): scroll.scroll.scrollScreenBottomToTop is PASSED

2022-02-21 12:03:13 - [MESSAGE][PASSED] - Current device physical height is 1423

2022-02-21 12:03:14 - [MESSAGE][PASSED] - Current device physical width is 720

2022-02-21 12:03:15 - [MESSAGE][PASSED] - Swiped from 360,1,138 to 360,284

2022-02-21 12:03:15 - [MESSAGE][PASSED] - scroll.scroll.scrollScreenBottomToTop is PASSED

2022-02-21 12:03:15 - [TEST_STEP][PASSED] - delay(3): Delayed 3 second(s)

2022-02-21 12:03:18 - [MESSAGE][PASSED] - Delayed 3 second(s)

2022-02-21 12:03:18 - [TEST_STEP][PASSED] - if (action2 == "idr"): Delayed 3 second(s)

2022-02-21 12:03:18 - [TEST_STEP][PASSED] - tap(idr, 10): Tapped on element 'Object Repository/Mobile/Page/Portfolio/Button - IDR'

2022-02-21 12:03:18 - [MESSAGE][PASSED] - Tapped on element 'Object Repository/Mobile/Page/Portfolio/Button - IDR'

2022-02-21 12:03:18 - [TEST_STEP][PASSED] - delay(3): Delayed 3 second(s)

2022-02-21 12:03:21 - [MESSAGE][PASSED] - Delayed 3 second(s)

2022-02-21 12:03:21 - [MESSAGE][PASSED] - Call Test Case 'Test Cases/Mobile/Page/Portfolio/Portfolio' successfully

2022-02-21 12:03:21 - [TEST_STEP][PASSED] - callTestCase(findTestCase("Mobile/Page/Run App/Terminate App"), [:], STOP_ON_FAILURE): Call Test Case 'Test Cases/Mobile/Page/Run App/Terminate App' successfully

2022-02-21 12:03:21 - [TEST_CASE][PASSED] - Test Cases/Mobile/Page/Run App/Terminate App: Test Cases/Mobile/Page/Run App/Terminate App

2022-02-21 12:03:21 - [TEST_STEP][PASSED] - startApp.OpenApp.terminateApplication(): startApp.OpenApp.terminateApplication is PASSED

2022-02-21 12:03:24 - [MESSAGE][PASSED] - Delayed 3 second(s)

2022-02-21 12:03:25 - [MESSAGE][PASSED] - Current device physical width is 720

2022-02-21 12:03:25 - [MESSAGE][PASSED] - Current device physical height is 1423

2022-02-21 12:03:26 - [MESSAGE][PASSED] - Swiped from 360,853 to 360,142

2022-02-21 12:03:27 - [MESSAGE][PASSED] - Delayed 1 second(s)

2022-02-21 12:03:29 - [MESSAGE][PASSED] - Swiped from 360,853 to 360,142

2022-02-21 12:03:32 - [MESSAGE][PASSED] - Delayed 3 second(s)

2022-02-21 12:03:32 - [MESSAGE][PASSED] - startApp.OpenApp.terminateApplication is PASSED

2022-02-21 12:03:32 - [MESSAGE][PASSED] - Call Test Case 'Test Cases/Mobile/Page/Run App/Terminate App' successfully]]></system-out>
         <system-err><![CDATA[]]></system-err>
      </testcase>
      <testcase name="Test Cases/Mobile/Scenario/Portfolio/005 - Portfolio Performance Year to Date IDR" time="67.767" classname="Test Cases/Mobile/Scenario/Portfolio/005 - Portfolio Performance Year to Date IDR" status="PASSED">
         <system-out><![CDATA[2022-02-21 12:03:32 - [TEST_CASE][PASSED] - Test Cases/Mobile/Scenario/Portfolio/005 - Portfolio Performance Year to Date IDR: Test Cases/Mobile/Scenario/Portfolio/005 - Portfolio Performance Year to Date IDR

2022-02-21 12:03:32 - [TEST_STEP][PASSED] - callTestCase(findTestCase("Mobile/Page/Run App/Run App byID"), [:], STOP_ON_FAILURE): Call Test Case 'Test Cases/Mobile/Page/Run App/Run App byID' successfully

2022-02-21 12:03:32 - [TEST_CASE][PASSED] - Test Cases/Mobile/Page/Run App/Run App byID: Test Cases/Mobile/Page/Run App/Run App byID

2022-02-21 12:03:32 - [TEST_STEP][PASSED] - startApp.OpenApp.startApplication("id.co.miraeasset.sageclub"): startApp.OpenApp.startApplication is PASSED

2022-02-21 12:03:48 - [MESSAGE][PASSED] - Starting app with application ID: 'id.co.miraeasset.sageclub'

2022-02-21 12:03:48 - [MESSAGE][PASSED] - startApp.OpenApp.startApplication is PASSED

2022-02-21 12:03:48 - [MESSAGE][PASSED] - Call Test Case 'Test Cases/Mobile/Page/Run App/Run App byID' successfully

2022-02-21 12:03:48 - [TEST_STEP][PASSED] - callTestCase(findTestCase("Mobile/Page/Portfolio/Portfolio"), ["tab":"summary", "action":"perf_year", "action2":"idr"], CONTINUE_ON_FAILURE): Call Test Case 'Test Cases/Mobile/Page/Portfolio/Portfolio' successfully

2022-02-21 12:03:48 - [TEST_CASE][PASSED] - Test Cases/Mobile/Page/Portfolio/Portfolio: Test Cases/Mobile/Page/Portfolio/Portfolio

2022-02-21 12:03:48 - [TEST_STEP][PASSED] - callTestCase(findTestCase("Mobile/Page/CheckLogin"), [:], CONTINUE_ON_FAILURE): Call Test Case 'Test Cases/Mobile/Page/CheckLogin' successfully

2022-02-21 12:03:48 - [TEST_CASE][PASSED] - Test Cases/Mobile/Page/CheckLogin: Test Cases/Mobile/Page/CheckLogin

2022-02-21 12:03:48 - [TEST_STEP][PASSED] - loginCheck = verifyElementExist(LOGN_BtnLogin, 5, CONTINUE_ON_FAILURE): Element 'Object Repository/Mobile/Page/Login/Button - Login' is exist

2022-02-21 12:03:50 - [MESSAGE][PASSED] - Element 'Object Repository/Mobile/Page/Login/Button - Login' is exist

2022-02-21 12:03:50 - [TEST_STEP][PASSED] - if (loginCheck): Call Test Case 'Test Cases/Mobile/Page/Login/Login' successfully

2022-02-21 12:03:50 - [TEST_STEP][PASSED] - callTestCase(findTestCase("Mobile/Page/Login/Login"), ["action":"username"], CONTINUE_ON_FAILURE): Call Test Case 'Test Cases/Mobile/Page/Login/Login' successfully

2022-02-21 12:03:50 - [TEST_CASE][PASSED] - Test Cases/Mobile/Page/Login/Login: Test Cases/Mobile/Page/Login/Login

2022-02-21 12:03:50 - [TEST_STEP][PASSED] - delay(2): Delayed 2 second(s)

2022-02-21 12:03:52 - [MESSAGE][PASSED] - Delayed 2 second(s)

2022-02-21 12:03:52 - [TEST_STEP][PASSED] - for ([i = 0, i < 1, (i++)]): null

2022-02-21 12:03:52 - [TEST_STEP][PASSED] - if (action == "username"): null

2022-02-21 12:03:52 - [TEST_STEP][PASSED] - tap(LOGN_EdtUserID, 0): Tapped on element 'Object Repository/Mobile/Page/Login/Input - UserID'

2022-02-21 12:03:52 - [MESSAGE][WARNING] - Timeout '0' is invalid. Using default page load timeout: '60'

2022-02-21 12:03:53 - [MESSAGE][PASSED] - Tapped on element 'Object Repository/Mobile/Page/Login/Input - UserID'

2022-02-21 12:03:53 - [TEST_STEP][PASSED] - delay(1): Delayed 1 second(s)

2022-02-21 12:03:54 - [MESSAGE][PASSED] - Delayed 1 second(s)

2022-02-21 12:03:54 - [TEST_STEP][PASSED] - setText(LOGN_EdtRdyUserID, "anggaaditya", 0): Text 'anggaaditya' has been set to element 'Object Repository/Mobile/Page/Login/Input Rdy - UserID'

2022-02-21 12:03:54 - [MESSAGE][WARNING] - Timeout '0' is invalid. Using default page load timeout: '60'

2022-02-21 12:03:54 - [MESSAGE][PASSED] - Text 'anggaaditya' has been set to element 'Object Repository/Mobile/Page/Login/Input Rdy - UserID'

2022-02-21 12:03:54 - [TEST_STEP][PASSED] - delay(1): Delayed 1 second(s)

2022-02-21 12:03:55 - [MESSAGE][PASSED] - Delayed 1 second(s)

2022-02-21 12:03:55 - [TEST_STEP][PASSED] - hideKeyboard(): Keyboard is hidden

2022-02-21 12:03:59 - [MESSAGE][PASSED] - Keyboard is hidden

2022-02-21 12:03:59 - [TEST_STEP][PASSED] - tap(LOGN_EdtPassword, 0): Tapped on element 'Object Repository/Mobile/Page/Login/Input - Password'

2022-02-21 12:03:59 - [MESSAGE][WARNING] - Timeout '0' is invalid. Using default page load timeout: '60'

2022-02-21 12:03:59 - [MESSAGE][PASSED] - Tapped on element 'Object Repository/Mobile/Page/Login/Input - Password'

2022-02-21 12:03:59 - [TEST_STEP][PASSED] - delay(1): Delayed 1 second(s)

2022-02-21 12:04:00 - [MESSAGE][PASSED] - Delayed 1 second(s)

2022-02-21 12:04:00 - [TEST_STEP][PASSED] - setText(LOGN_EdtRdyPassword, "Shalawa18", 0): Text 'Shalawa18' has been set to element 'Object Repository/Mobile/Page/Login/Input Rdy - Password'

2022-02-21 12:04:00 - [MESSAGE][WARNING] - Timeout '0' is invalid. Using default page load timeout: '60'

2022-02-21 12:04:01 - [MESSAGE][PASSED] - Text 'Shalawa18' has been set to element 'Object Repository/Mobile/Page/Login/Input Rdy - Password'

2022-02-21 12:04:01 - [TEST_STEP][PASSED] - delay(1): Delayed 1 second(s)

2022-02-21 12:04:02 - [MESSAGE][PASSED] - Delayed 1 second(s)

2022-02-21 12:04:02 - [TEST_STEP][PASSED] - hideKeyboard(): Keyboard is hidden

2022-02-21 12:04:09 - [MESSAGE][PASSED] - Keyboard is hidden

2022-02-21 12:04:09 - [TEST_STEP][PASSED] - tap(LOGN_BtnLogin, 0): Tapped on element 'Object Repository/Mobile/Page/Login/Button - Login'

2022-02-21 12:04:09 - [MESSAGE][WARNING] - Timeout '0' is invalid. Using default page load timeout: '60'

2022-02-21 12:04:09 - [MESSAGE][PASSED] - Tapped on element 'Object Repository/Mobile/Page/Login/Button - Login'

2022-02-21 12:04:09 - [TEST_STEP][PASSED] - delay(2): Delayed 2 second(s)

2022-02-21 12:04:11 - [MESSAGE][PASSED] - Delayed 2 second(s)

2022-02-21 12:04:11 - [TEST_STEP][PASSED] - break: null

2022-02-21 12:04:11 - [MESSAGE][PASSED] - Call Test Case 'Test Cases/Mobile/Page/Login/Login' successfully

2022-02-21 12:04:11 - [MESSAGE][PASSED] - Call Test Case 'Test Cases/Mobile/Page/CheckLogin' successfully

2022-02-21 12:04:11 - [TEST_STEP][PASSED] - tap(HOME_MenubarPortfolio, 0): Tapped on element 'Object Repository/Mobile/Page/Home/Menubar - Portfolio'

2022-02-21 12:04:11 - [MESSAGE][WARNING] - Timeout '0' is invalid. Using default page load timeout: '60'

2022-02-21 12:04:13 - [MESSAGE][PASSED] - Tapped on element 'Object Repository/Mobile/Page/Home/Menubar - Portfolio'

2022-02-21 12:04:13 - [TEST_STEP][PASSED] - delay(1): Delayed 1 second(s)

2022-02-21 12:04:15 - [MESSAGE][PASSED] - Delayed 1 second(s)

2022-02-21 12:04:15 - [TEST_STEP][PASSED] - for ([i = 0, i < 1, (i++)]): Delayed 3 second(s)

2022-02-21 12:04:15 - [TEST_STEP][PASSED] - if (tab == "summary"): Delayed 3 second(s)

2022-02-21 12:04:15 - [TEST_STEP][PASSED] - idr = PORT_BtnIDR: null

2022-02-21 12:04:15 - [TEST_STEP][PASSED] - persen = PORT_BtnPersen: null

2022-02-21 12:04:15 - [TEST_STEP][PASSED] - if (action == "summary"): null

2022-02-21 12:04:15 - [TEST_STEP][PASSED] - else if (action == "perf_daily"): null

2022-02-21 12:04:15 - [TEST_STEP][PASSED] - else if (action == "perf_month"): null

2022-02-21 12:04:15 - [TEST_STEP][PASSED] - else if (action == "perf_quarter"): null

2022-02-21 12:04:15 - [TEST_STEP][PASSED] - else if (action == "perf_year"): Tapped on element 'Object Repository/Mobile/Page/Portfolio/Tab - Summary Year to Date'

2022-02-21 12:04:15 - [TEST_STEP][PASSED] - scroll.scroll.scrollScreenBottomToTop(): scroll.scroll.scrollScreenBottomToTop is PASSED

2022-02-21 12:04:15 - [MESSAGE][PASSED] - Current device physical height is 1423

2022-02-21 12:04:15 - [MESSAGE][PASSED] - Current device physical width is 720

2022-02-21 12:04:16 - [MESSAGE][PASSED] - Swiped from 360,1,138 to 360,284

2022-02-21 12:04:16 - [MESSAGE][PASSED] - scroll.scroll.scrollScreenBottomToTop is PASSED

2022-02-21 12:04:16 - [TEST_STEP][PASSED] - delay(1): Delayed 1 second(s)

2022-02-21 12:04:17 - [MESSAGE][PASSED] - Delayed 1 second(s)

2022-02-21 12:04:17 - [TEST_STEP][PASSED] - tap(PORT_TabSummaryYear, 0): Tapped on element 'Object Repository/Mobile/Page/Portfolio/Tab - Summary Year to Date'

2022-02-21 12:04:17 - [MESSAGE][WARNING] - Timeout '0' is invalid. Using default page load timeout: '60'

2022-02-21 12:04:18 - [MESSAGE][PASSED] - Tapped on element 'Object Repository/Mobile/Page/Portfolio/Tab - Summary Year to Date'

2022-02-21 12:04:18 - [TEST_STEP][PASSED] - if (action != "summary"): Delayed 3 second(s)

2022-02-21 12:04:18 - [TEST_STEP][PASSED] - delay(1): Delayed 1 second(s)

2022-02-21 12:04:19 - [MESSAGE][PASSED] - Delayed 1 second(s)

2022-02-21 12:04:19 - [TEST_STEP][PASSED] - scroll.scroll.scrollScreenBottomToTop(): scroll.scroll.scrollScreenBottomToTop is PASSED

2022-02-21 12:04:19 - [MESSAGE][PASSED] - Current device physical height is 1423

2022-02-21 12:04:20 - [MESSAGE][PASSED] - Current device physical width is 720

2022-02-21 12:04:21 - [MESSAGE][PASSED] - Swiped from 360,1,138 to 360,284

2022-02-21 12:04:21 - [MESSAGE][PASSED] - scroll.scroll.scrollScreenBottomToTop is PASSED

2022-02-21 12:04:21 - [TEST_STEP][PASSED] - scroll.scroll.scrollScreenBottomToTop(): scroll.scroll.scrollScreenBottomToTop is PASSED

2022-02-21 12:04:21 - [MESSAGE][PASSED] - Current device physical height is 1423

2022-02-21 12:04:21 - [MESSAGE][PASSED] - Current device physical width is 720

2022-02-21 12:04:23 - [MESSAGE][PASSED] - Swiped from 360,1,138 to 360,284

2022-02-21 12:04:23 - [MESSAGE][PASSED] - scroll.scroll.scrollScreenBottomToTop is PASSED

2022-02-21 12:04:23 - [TEST_STEP][PASSED] - delay(3): Delayed 3 second(s)

2022-02-21 12:04:26 - [MESSAGE][PASSED] - Delayed 3 second(s)

2022-02-21 12:04:26 - [TEST_STEP][PASSED] - if (action2 == "idr"): Delayed 3 second(s)

2022-02-21 12:04:26 - [TEST_STEP][PASSED] - tap(idr, 10): Tapped on element 'Object Repository/Mobile/Page/Portfolio/Button - IDR'

2022-02-21 12:04:26 - [MESSAGE][PASSED] - Tapped on element 'Object Repository/Mobile/Page/Portfolio/Button - IDR'

2022-02-21 12:04:26 - [TEST_STEP][PASSED] - delay(3): Delayed 3 second(s)

2022-02-21 12:04:29 - [MESSAGE][PASSED] - Delayed 3 second(s)

2022-02-21 12:04:29 - [MESSAGE][PASSED] - Call Test Case 'Test Cases/Mobile/Page/Portfolio/Portfolio' successfully

2022-02-21 12:04:29 - [TEST_STEP][PASSED] - callTestCase(findTestCase("Mobile/Page/Run App/Terminate App"), [:], STOP_ON_FAILURE): Call Test Case 'Test Cases/Mobile/Page/Run App/Terminate App' successfully

2022-02-21 12:04:29 - [TEST_CASE][PASSED] - Test Cases/Mobile/Page/Run App/Terminate App: Test Cases/Mobile/Page/Run App/Terminate App

2022-02-21 12:04:29 - [TEST_STEP][PASSED] - startApp.OpenApp.terminateApplication(): startApp.OpenApp.terminateApplication is PASSED

2022-02-21 12:04:32 - [MESSAGE][PASSED] - Delayed 3 second(s)

2022-02-21 12:04:33 - [MESSAGE][PASSED] - Current device physical width is 720

2022-02-21 12:04:33 - [MESSAGE][PASSED] - Current device physical height is 1423

2022-02-21 12:04:34 - [MESSAGE][PASSED] - Swiped from 360,853 to 360,142

2022-02-21 12:04:35 - [MESSAGE][PASSED] - Delayed 1 second(s)

2022-02-21 12:04:37 - [MESSAGE][PASSED] - Swiped from 360,853 to 360,142

2022-02-21 12:04:40 - [MESSAGE][PASSED] - Delayed 3 second(s)

2022-02-21 12:04:40 - [MESSAGE][PASSED] - startApp.OpenApp.terminateApplication is PASSED

2022-02-21 12:04:40 - [MESSAGE][PASSED] - Call Test Case 'Test Cases/Mobile/Page/Run App/Terminate App' successfully]]></system-out>
         <system-err><![CDATA[]]></system-err>
      </testcase>
      <testcase name="Test Cases/Mobile/Scenario/Portfolio/006 - Portfolio Performance Daily Persen" time="68.055" classname="Test Cases/Mobile/Scenario/Portfolio/006 - Portfolio Performance Daily Persen" status="PASSED">
         <system-out><![CDATA[2022-02-21 12:04:40 - [TEST_CASE][PASSED] - Test Cases/Mobile/Scenario/Portfolio/006 - Portfolio Performance Daily Persen: Test Cases/Mobile/Scenario/Portfolio/006 - Portfolio Performance Daily Persen

2022-02-21 12:04:40 - [TEST_STEP][PASSED] - callTestCase(findTestCase("Mobile/Page/Run App/Run App byID"), [:], STOP_ON_FAILURE): Call Test Case 'Test Cases/Mobile/Page/Run App/Run App byID' successfully

2022-02-21 12:04:40 - [TEST_CASE][PASSED] - Test Cases/Mobile/Page/Run App/Run App byID: Test Cases/Mobile/Page/Run App/Run App byID

2022-02-21 12:04:40 - [TEST_STEP][PASSED] - startApp.OpenApp.startApplication("id.co.miraeasset.sageclub"): startApp.OpenApp.startApplication is PASSED

2022-02-21 12:04:56 - [MESSAGE][PASSED] - Starting app with application ID: 'id.co.miraeasset.sageclub'

2022-02-21 12:04:56 - [MESSAGE][PASSED] - startApp.OpenApp.startApplication is PASSED

2022-02-21 12:04:56 - [MESSAGE][PASSED] - Call Test Case 'Test Cases/Mobile/Page/Run App/Run App byID' successfully

2022-02-21 12:04:56 - [TEST_STEP][PASSED] - callTestCase(findTestCase("Mobile/Page/Portfolio/Portfolio"), ["tab":"summary", "action":"perf_daily", "action2":"persen"], CONTINUE_ON_FAILURE): Call Test Case 'Test Cases/Mobile/Page/Portfolio/Portfolio' successfully

2022-02-21 12:04:56 - [TEST_CASE][PASSED] - Test Cases/Mobile/Page/Portfolio/Portfolio: Test Cases/Mobile/Page/Portfolio/Portfolio

2022-02-21 12:04:56 - [TEST_STEP][PASSED] - callTestCase(findTestCase("Mobile/Page/CheckLogin"), [:], CONTINUE_ON_FAILURE): Call Test Case 'Test Cases/Mobile/Page/CheckLogin' successfully

2022-02-21 12:04:56 - [TEST_CASE][PASSED] - Test Cases/Mobile/Page/CheckLogin: Test Cases/Mobile/Page/CheckLogin

2022-02-21 12:04:56 - [TEST_STEP][PASSED] - loginCheck = verifyElementExist(LOGN_BtnLogin, 5, CONTINUE_ON_FAILURE): Element 'Object Repository/Mobile/Page/Login/Button - Login' is exist

2022-02-21 12:04:58 - [MESSAGE][PASSED] - Element 'Object Repository/Mobile/Page/Login/Button - Login' is exist

2022-02-21 12:04:58 - [TEST_STEP][PASSED] - if (loginCheck): Call Test Case 'Test Cases/Mobile/Page/Login/Login' successfully

2022-02-21 12:04:58 - [TEST_STEP][PASSED] - callTestCase(findTestCase("Mobile/Page/Login/Login"), ["action":"username"], CONTINUE_ON_FAILURE): Call Test Case 'Test Cases/Mobile/Page/Login/Login' successfully

2022-02-21 12:04:58 - [TEST_CASE][PASSED] - Test Cases/Mobile/Page/Login/Login: Test Cases/Mobile/Page/Login/Login

2022-02-21 12:04:58 - [TEST_STEP][PASSED] - delay(2): Delayed 2 second(s)

2022-02-21 12:05:00 - [MESSAGE][PASSED] - Delayed 2 second(s)

2022-02-21 12:05:00 - [TEST_STEP][PASSED] - for ([i = 0, i < 1, (i++)]): null

2022-02-21 12:05:00 - [TEST_STEP][PASSED] - if (action == "username"): null

2022-02-21 12:05:00 - [TEST_STEP][PASSED] - tap(LOGN_EdtUserID, 0): Tapped on element 'Object Repository/Mobile/Page/Login/Input - UserID'

2022-02-21 12:05:00 - [MESSAGE][WARNING] - Timeout '0' is invalid. Using default page load timeout: '60'

2022-02-21 12:05:01 - [MESSAGE][PASSED] - Tapped on element 'Object Repository/Mobile/Page/Login/Input - UserID'

2022-02-21 12:05:01 - [TEST_STEP][PASSED] - delay(1): Delayed 1 second(s)

2022-02-21 12:05:02 - [MESSAGE][PASSED] - Delayed 1 second(s)

2022-02-21 12:05:02 - [TEST_STEP][PASSED] - setText(LOGN_EdtRdyUserID, "anggaaditya", 0): Text 'anggaaditya' has been set to element 'Object Repository/Mobile/Page/Login/Input Rdy - UserID'

2022-02-21 12:05:02 - [MESSAGE][WARNING] - Timeout '0' is invalid. Using default page load timeout: '60'

2022-02-21 12:05:03 - [MESSAGE][PASSED] - Text 'anggaaditya' has been set to element 'Object Repository/Mobile/Page/Login/Input Rdy - UserID'

2022-02-21 12:05:03 - [TEST_STEP][PASSED] - delay(1): Delayed 1 second(s)

2022-02-21 12:05:04 - [MESSAGE][PASSED] - Delayed 1 second(s)

2022-02-21 12:05:04 - [TEST_STEP][PASSED] - hideKeyboard(): Keyboard is hidden

2022-02-21 12:05:08 - [MESSAGE][PASSED] - Keyboard is hidden

2022-02-21 12:05:08 - [TEST_STEP][PASSED] - tap(LOGN_EdtPassword, 0): Tapped on element 'Object Repository/Mobile/Page/Login/Input - Password'

2022-02-21 12:05:08 - [MESSAGE][WARNING] - Timeout '0' is invalid. Using default page load timeout: '60'

2022-02-21 12:05:08 - [MESSAGE][PASSED] - Tapped on element 'Object Repository/Mobile/Page/Login/Input - Password'

2022-02-21 12:05:08 - [TEST_STEP][PASSED] - delay(1): Delayed 1 second(s)

2022-02-21 12:05:09 - [MESSAGE][PASSED] - Delayed 1 second(s)

2022-02-21 12:05:09 - [TEST_STEP][PASSED] - setText(LOGN_EdtRdyPassword, "Shalawa18", 0): Text 'Shalawa18' has been set to element 'Object Repository/Mobile/Page/Login/Input Rdy - Password'

2022-02-21 12:05:09 - [MESSAGE][WARNING] - Timeout '0' is invalid. Using default page load timeout: '60'

2022-02-21 12:05:10 - [MESSAGE][PASSED] - Text 'Shalawa18' has been set to element 'Object Repository/Mobile/Page/Login/Input Rdy - Password'

2022-02-21 12:05:10 - [TEST_STEP][PASSED] - delay(1): Delayed 1 second(s)

2022-02-21 12:05:11 - [MESSAGE][PASSED] - Delayed 1 second(s)

2022-02-21 12:05:11 - [TEST_STEP][PASSED] - hideKeyboard(): Keyboard is hidden

2022-02-21 12:05:17 - [MESSAGE][PASSED] - Keyboard is hidden

2022-02-21 12:05:17 - [TEST_STEP][PASSED] - tap(LOGN_BtnLogin, 0): Tapped on element 'Object Repository/Mobile/Page/Login/Button - Login'

2022-02-21 12:05:17 - [MESSAGE][WARNING] - Timeout '0' is invalid. Using default page load timeout: '60'

2022-02-21 12:05:19 - [MESSAGE][PASSED] - Tapped on element 'Object Repository/Mobile/Page/Login/Button - Login'

2022-02-21 12:05:19 - [TEST_STEP][PASSED] - delay(2): Delayed 2 second(s)

2022-02-21 12:05:21 - [MESSAGE][PASSED] - Delayed 2 second(s)

2022-02-21 12:05:21 - [TEST_STEP][PASSED] - break: null

2022-02-21 12:05:21 - [MESSAGE][PASSED] - Call Test Case 'Test Cases/Mobile/Page/Login/Login' successfully

2022-02-21 12:05:21 - [MESSAGE][PASSED] - Call Test Case 'Test Cases/Mobile/Page/CheckLogin' successfully

2022-02-21 12:05:21 - [TEST_STEP][PASSED] - tap(HOME_MenubarPortfolio, 0): Tapped on element 'Object Repository/Mobile/Page/Home/Menubar - Portfolio'

2022-02-21 12:05:21 - [MESSAGE][WARNING] - Timeout '0' is invalid. Using default page load timeout: '60'

2022-02-21 12:05:23 - [MESSAGE][PASSED] - Tapped on element 'Object Repository/Mobile/Page/Home/Menubar - Portfolio'

2022-02-21 12:05:23 - [TEST_STEP][PASSED] - delay(1): Delayed 1 second(s)

2022-02-21 12:05:24 - [MESSAGE][PASSED] - Delayed 1 second(s)

2022-02-21 12:05:24 - [TEST_STEP][PASSED] - for ([i = 0, i < 1, (i++)]): Delayed 3 second(s)

2022-02-21 12:05:24 - [TEST_STEP][PASSED] - if (tab == "summary"): Delayed 3 second(s)

2022-02-21 12:05:24 - [TEST_STEP][PASSED] - idr = PORT_BtnIDR: null

2022-02-21 12:05:24 - [TEST_STEP][PASSED] - persen = PORT_BtnPersen: null

2022-02-21 12:05:24 - [TEST_STEP][PASSED] - if (action == "summary"): null

2022-02-21 12:05:24 - [TEST_STEP][PASSED] - else if (action == "perf_daily"): scroll.scroll.scrollScreenBottomToTop is PASSED

2022-02-21 12:05:24 - [TEST_STEP][PASSED] - scroll.scroll.scrollScreenBottomToTop(): scroll.scroll.scrollScreenBottomToTop is PASSED

2022-02-21 12:05:24 - [MESSAGE][PASSED] - Current device physical height is 1423

2022-02-21 12:05:25 - [MESSAGE][PASSED] - Current device physical width is 720

2022-02-21 12:05:26 - [MESSAGE][PASSED] - Swiped from 360,1,138 to 360,284

2022-02-21 12:05:26 - [MESSAGE][PASSED] - scroll.scroll.scrollScreenBottomToTop is PASSED

2022-02-21 12:05:26 - [TEST_STEP][PASSED] - if (action != "summary"): Delayed 3 second(s)

2022-02-21 12:05:26 - [TEST_STEP][PASSED] - delay(1): Delayed 1 second(s)

2022-02-21 12:05:27 - [MESSAGE][PASSED] - Delayed 1 second(s)

2022-02-21 12:05:27 - [TEST_STEP][PASSED] - scroll.scroll.scrollScreenBottomToTop(): scroll.scroll.scrollScreenBottomToTop is PASSED

2022-02-21 12:05:27 - [MESSAGE][PASSED] - Current device physical height is 1423

2022-02-21 12:05:27 - [MESSAGE][PASSED] - Current device physical width is 720

2022-02-21 12:05:29 - [MESSAGE][PASSED] - Swiped from 360,1,138 to 360,284

2022-02-21 12:05:29 - [MESSAGE][PASSED] - scroll.scroll.scrollScreenBottomToTop is PASSED

2022-02-21 12:05:29 - [TEST_STEP][PASSED] - scroll.scroll.scrollScreenBottomToTop(): scroll.scroll.scrollScreenBottomToTop is PASSED

2022-02-21 12:05:29 - [MESSAGE][PASSED] - Current device physical height is 1423

2022-02-21 12:05:29 - [MESSAGE][PASSED] - Current device physical width is 720

2022-02-21 12:05:31 - [MESSAGE][PASSED] - Swiped from 360,1,138 to 360,284

2022-02-21 12:05:31 - [MESSAGE][PASSED] - scroll.scroll.scrollScreenBottomToTop is PASSED

2022-02-21 12:05:31 - [TEST_STEP][PASSED] - delay(3): Delayed 3 second(s)

2022-02-21 12:05:34 - [MESSAGE][PASSED] - Delayed 3 second(s)

2022-02-21 12:05:34 - [TEST_STEP][PASSED] - if (action2 == "idr"): null

2022-02-21 12:05:34 - [TEST_STEP][PASSED] - else if (action2 == "persen"): Delayed 3 second(s)

2022-02-21 12:05:34 - [TEST_STEP][PASSED] - tap(persen, 10): Tapped on element 'Object Repository/Mobile/Page/Portfolio/Button - Persen'

2022-02-21 12:05:34 - [MESSAGE][PASSED] - Tapped on element 'Object Repository/Mobile/Page/Portfolio/Button - Persen'

2022-02-21 12:05:34 - [TEST_STEP][PASSED] - delay(3): Delayed 3 second(s)

2022-02-21 12:05:37 - [MESSAGE][PASSED] - Delayed 3 second(s)

2022-02-21 12:05:37 - [MESSAGE][PASSED] - Call Test Case 'Test Cases/Mobile/Page/Portfolio/Portfolio' successfully

2022-02-21 12:05:37 - [TEST_STEP][PASSED] - callTestCase(findTestCase("Mobile/Page/Run App/Terminate App"), [:], STOP_ON_FAILURE): Call Test Case 'Test Cases/Mobile/Page/Run App/Terminate App' successfully

2022-02-21 12:05:37 - [TEST_CASE][PASSED] - Test Cases/Mobile/Page/Run App/Terminate App: Test Cases/Mobile/Page/Run App/Terminate App

2022-02-21 12:05:37 - [TEST_STEP][PASSED] - startApp.OpenApp.terminateApplication(): startApp.OpenApp.terminateApplication is PASSED

2022-02-21 12:05:40 - [MESSAGE][PASSED] - Delayed 3 second(s)

2022-02-21 12:05:41 - [MESSAGE][PASSED] - Current device physical width is 720

2022-02-21 12:05:41 - [MESSAGE][PASSED] - Current device physical height is 1423

2022-02-21 12:05:42 - [MESSAGE][PASSED] - Swiped from 360,853 to 360,142

2022-02-21 12:05:43 - [MESSAGE][PASSED] - Delayed 1 second(s)

2022-02-21 12:05:45 - [MESSAGE][PASSED] - Swiped from 360,853 to 360,142

2022-02-21 12:05:48 - [MESSAGE][PASSED] - Delayed 3 second(s)

2022-02-21 12:05:48 - [MESSAGE][PASSED] - startApp.OpenApp.terminateApplication is PASSED

2022-02-21 12:05:48 - [MESSAGE][PASSED] - Call Test Case 'Test Cases/Mobile/Page/Run App/Terminate App' successfully]]></system-out>
         <system-err><![CDATA[]]></system-err>
      </testcase>
      <testcase name="Test Cases/Mobile/Scenario/Portfolio/007 - Portfolio Performance Month to Date Persen" time="69.51" classname="Test Cases/Mobile/Scenario/Portfolio/007 - Portfolio Performance Month to Date Persen" status="PASSED">
         <system-out><![CDATA[2022-02-21 12:05:48 - [TEST_CASE][PASSED] - Test Cases/Mobile/Scenario/Portfolio/007 - Portfolio Performance Month to Date Persen: Test Cases/Mobile/Scenario/Portfolio/007 - Portfolio Performance Month to Date Persen

2022-02-21 12:05:48 - [TEST_STEP][PASSED] - callTestCase(findTestCase("Mobile/Page/Run App/Run App byID"), [:], STOP_ON_FAILURE): Call Test Case 'Test Cases/Mobile/Page/Run App/Run App byID' successfully

2022-02-21 12:05:48 - [TEST_CASE][PASSED] - Test Cases/Mobile/Page/Run App/Run App byID: Test Cases/Mobile/Page/Run App/Run App byID

2022-02-21 12:05:48 - [TEST_STEP][PASSED] - startApp.OpenApp.startApplication("id.co.miraeasset.sageclub"): startApp.OpenApp.startApplication is PASSED

2022-02-21 12:06:03 - [MESSAGE][PASSED] - Starting app with application ID: 'id.co.miraeasset.sageclub'

2022-02-21 12:06:03 - [MESSAGE][PASSED] - startApp.OpenApp.startApplication is PASSED

2022-02-21 12:06:03 - [MESSAGE][PASSED] - Call Test Case 'Test Cases/Mobile/Page/Run App/Run App byID' successfully

2022-02-21 12:06:03 - [TEST_STEP][PASSED] - callTestCase(findTestCase("Mobile/Page/Portfolio/Portfolio"), ["tab":"summary", "action":"perf_month", "action2":"persen"], CONTINUE_ON_FAILURE): Call Test Case 'Test Cases/Mobile/Page/Portfolio/Portfolio' successfully

2022-02-21 12:06:04 - [TEST_CASE][PASSED] - Test Cases/Mobile/Page/Portfolio/Portfolio: Test Cases/Mobile/Page/Portfolio/Portfolio

2022-02-21 12:06:04 - [TEST_STEP][PASSED] - callTestCase(findTestCase("Mobile/Page/CheckLogin"), [:], CONTINUE_ON_FAILURE): Call Test Case 'Test Cases/Mobile/Page/CheckLogin' successfully

2022-02-21 12:06:04 - [TEST_CASE][PASSED] - Test Cases/Mobile/Page/CheckLogin: Test Cases/Mobile/Page/CheckLogin

2022-02-21 12:06:04 - [TEST_STEP][PASSED] - loginCheck = verifyElementExist(LOGN_BtnLogin, 5, CONTINUE_ON_FAILURE): Element 'Object Repository/Mobile/Page/Login/Button - Login' is exist

2022-02-21 12:06:05 - [MESSAGE][PASSED] - Element 'Object Repository/Mobile/Page/Login/Button - Login' is exist

2022-02-21 12:06:05 - [TEST_STEP][PASSED] - if (loginCheck): Call Test Case 'Test Cases/Mobile/Page/Login/Login' successfully

2022-02-21 12:06:05 - [TEST_STEP][PASSED] - callTestCase(findTestCase("Mobile/Page/Login/Login"), ["action":"username"], CONTINUE_ON_FAILURE): Call Test Case 'Test Cases/Mobile/Page/Login/Login' successfully

2022-02-21 12:06:06 - [TEST_CASE][PASSED] - Test Cases/Mobile/Page/Login/Login: Test Cases/Mobile/Page/Login/Login

2022-02-21 12:06:06 - [TEST_STEP][PASSED] - delay(2): Delayed 2 second(s)

2022-02-21 12:06:08 - [MESSAGE][PASSED] - Delayed 2 second(s)

2022-02-21 12:06:08 - [TEST_STEP][PASSED] - for ([i = 0, i < 1, (i++)]): null

2022-02-21 12:06:08 - [TEST_STEP][PASSED] - if (action == "username"): null

2022-02-21 12:06:08 - [TEST_STEP][PASSED] - tap(LOGN_EdtUserID, 0): Tapped on element 'Object Repository/Mobile/Page/Login/Input - UserID'

2022-02-21 12:06:08 - [MESSAGE][WARNING] - Timeout '0' is invalid. Using default page load timeout: '60'

2022-02-21 12:06:08 - [MESSAGE][PASSED] - Tapped on element 'Object Repository/Mobile/Page/Login/Input - UserID'

2022-02-21 12:06:08 - [TEST_STEP][PASSED] - delay(1): Delayed 1 second(s)

2022-02-21 12:06:09 - [MESSAGE][PASSED] - Delayed 1 second(s)

2022-02-21 12:06:09 - [TEST_STEP][PASSED] - setText(LOGN_EdtRdyUserID, "anggaaditya", 0): Text 'anggaaditya' has been set to element 'Object Repository/Mobile/Page/Login/Input Rdy - UserID'

2022-02-21 12:06:09 - [MESSAGE][WARNING] - Timeout '0' is invalid. Using default page load timeout: '60'

2022-02-21 12:06:10 - [MESSAGE][PASSED] - Text 'anggaaditya' has been set to element 'Object Repository/Mobile/Page/Login/Input Rdy - UserID'

2022-02-21 12:06:10 - [TEST_STEP][PASSED] - delay(1): Delayed 1 second(s)

2022-02-21 12:06:11 - [MESSAGE][PASSED] - Delayed 1 second(s)

2022-02-21 12:06:11 - [TEST_STEP][PASSED] - hideKeyboard(): Keyboard is hidden

2022-02-21 12:06:16 - [MESSAGE][PASSED] - Keyboard is hidden

2022-02-21 12:06:16 - [TEST_STEP][PASSED] - tap(LOGN_EdtPassword, 0): Tapped on element 'Object Repository/Mobile/Page/Login/Input - Password'

2022-02-21 12:06:16 - [MESSAGE][WARNING] - Timeout '0' is invalid. Using default page load timeout: '60'

2022-02-21 12:06:17 - [MESSAGE][PASSED] - Tapped on element 'Object Repository/Mobile/Page/Login/Input - Password'

2022-02-21 12:06:17 - [TEST_STEP][PASSED] - delay(1): Delayed 1 second(s)

2022-02-21 12:06:18 - [MESSAGE][PASSED] - Delayed 1 second(s)

2022-02-21 12:06:18 - [TEST_STEP][PASSED] - setText(LOGN_EdtRdyPassword, "Shalawa18", 0): Text 'Shalawa18' has been set to element 'Object Repository/Mobile/Page/Login/Input Rdy - Password'

2022-02-21 12:06:18 - [MESSAGE][WARNING] - Timeout '0' is invalid. Using default page load timeout: '60'

2022-02-21 12:06:18 - [MESSAGE][PASSED] - Text 'Shalawa18' has been set to element 'Object Repository/Mobile/Page/Login/Input Rdy - Password'

2022-02-21 12:06:18 - [TEST_STEP][PASSED] - delay(1): Delayed 1 second(s)

2022-02-21 12:06:19 - [MESSAGE][PASSED] - Delayed 1 second(s)

2022-02-21 12:06:19 - [TEST_STEP][PASSED] - hideKeyboard(): Keyboard is hidden

2022-02-21 12:06:26 - [MESSAGE][PASSED] - Keyboard is hidden

2022-02-21 12:06:26 - [TEST_STEP][PASSED] - tap(LOGN_BtnLogin, 0): Tapped on element 'Object Repository/Mobile/Page/Login/Button - Login'

2022-02-21 12:06:26 - [MESSAGE][WARNING] - Timeout '0' is invalid. Using default page load timeout: '60'

2022-02-21 12:06:27 - [MESSAGE][PASSED] - Tapped on element 'Object Repository/Mobile/Page/Login/Button - Login'

2022-02-21 12:06:27 - [TEST_STEP][PASSED] - delay(2): Delayed 2 second(s)

2022-02-21 12:06:29 - [MESSAGE][PASSED] - Delayed 2 second(s)

2022-02-21 12:06:29 - [TEST_STEP][PASSED] - break: null

2022-02-21 12:06:29 - [MESSAGE][PASSED] - Call Test Case 'Test Cases/Mobile/Page/Login/Login' successfully

2022-02-21 12:06:29 - [MESSAGE][PASSED] - Call Test Case 'Test Cases/Mobile/Page/CheckLogin' successfully

2022-02-21 12:06:29 - [TEST_STEP][PASSED] - tap(HOME_MenubarPortfolio, 0): Tapped on element 'Object Repository/Mobile/Page/Home/Menubar - Portfolio'

2022-02-21 12:06:29 - [MESSAGE][WARNING] - Timeout '0' is invalid. Using default page load timeout: '60'

2022-02-21 12:06:31 - [MESSAGE][PASSED] - Tapped on element 'Object Repository/Mobile/Page/Home/Menubar - Portfolio'

2022-02-21 12:06:31 - [TEST_STEP][PASSED] - delay(1): Delayed 1 second(s)

2022-02-21 12:06:32 - [MESSAGE][PASSED] - Delayed 1 second(s)

2022-02-21 12:06:32 - [TEST_STEP][PASSED] - for ([i = 0, i < 1, (i++)]): Delayed 3 second(s)

2022-02-21 12:06:32 - [TEST_STEP][PASSED] - if (tab == "summary"): Delayed 3 second(s)

2022-02-21 12:06:32 - [TEST_STEP][PASSED] - idr = PORT_BtnIDR: null

2022-02-21 12:06:32 - [TEST_STEP][PASSED] - persen = PORT_BtnPersen: null

2022-02-21 12:06:32 - [TEST_STEP][PASSED] - if (action == "summary"): null

2022-02-21 12:06:32 - [TEST_STEP][PASSED] - else if (action == "perf_daily"): null

2022-02-21 12:06:32 - [TEST_STEP][PASSED] - else if (action == "perf_month"): Tapped on element 'Object Repository/Mobile/Page/Portfolio/Tab - Summary Month to Date'

2022-02-21 12:06:32 - [TEST_STEP][PASSED] - scroll.scroll.scrollScreenBottomToTop(): scroll.scroll.scrollScreenBottomToTop is PASSED

2022-02-21 12:06:32 - [MESSAGE][PASSED] - Current device physical height is 1423

2022-02-21 12:06:32 - [MESSAGE][PASSED] - Current device physical width is 720

2022-02-21 12:06:34 - [MESSAGE][PASSED] - Swiped from 360,1,138 to 360,284

2022-02-21 12:06:34 - [MESSAGE][PASSED] - scroll.scroll.scrollScreenBottomToTop is PASSED

2022-02-21 12:06:34 - [TEST_STEP][PASSED] - delay(1): Delayed 1 second(s)

2022-02-21 12:06:35 - [MESSAGE][PASSED] - Delayed 1 second(s)

2022-02-21 12:06:35 - [TEST_STEP][PASSED] - tap(PORT_TabSummaryMonth, 0): Tapped on element 'Object Repository/Mobile/Page/Portfolio/Tab - Summary Month to Date'

2022-02-21 12:06:35 - [MESSAGE][WARNING] - Timeout '0' is invalid. Using default page load timeout: '60'

2022-02-21 12:06:35 - [MESSAGE][PASSED] - Tapped on element 'Object Repository/Mobile/Page/Portfolio/Tab - Summary Month to Date'

2022-02-21 12:06:35 - [TEST_STEP][PASSED] - if (action != "summary"): Delayed 3 second(s)

2022-02-21 12:06:35 - [TEST_STEP][PASSED] - delay(1): Delayed 1 second(s)

2022-02-21 12:06:36 - [MESSAGE][PASSED] - Delayed 1 second(s)

2022-02-21 12:06:36 - [TEST_STEP][PASSED] - scroll.scroll.scrollScreenBottomToTop(): scroll.scroll.scrollScreenBottomToTop is PASSED

2022-02-21 12:06:37 - [MESSAGE][PASSED] - Current device physical height is 1423

2022-02-21 12:06:37 - [MESSAGE][PASSED] - Current device physical width is 720

2022-02-21 12:06:38 - [MESSAGE][PASSED] - Swiped from 360,1,138 to 360,284

2022-02-21 12:06:38 - [MESSAGE][PASSED] - scroll.scroll.scrollScreenBottomToTop is PASSED

2022-02-21 12:06:38 - [TEST_STEP][PASSED] - scroll.scroll.scrollScreenBottomToTop(): scroll.scroll.scrollScreenBottomToTop is PASSED

2022-02-21 12:06:38 - [MESSAGE][PASSED] - Current device physical height is 1423

2022-02-21 12:06:39 - [MESSAGE][PASSED] - Current device physical width is 720

2022-02-21 12:06:40 - [MESSAGE][PASSED] - Swiped from 360,1,138 to 360,284

2022-02-21 12:06:40 - [MESSAGE][PASSED] - scroll.scroll.scrollScreenBottomToTop is PASSED

2022-02-21 12:06:40 - [TEST_STEP][PASSED] - delay(3): Delayed 3 second(s)

2022-02-21 12:06:43 - [MESSAGE][PASSED] - Delayed 3 second(s)

2022-02-21 12:06:43 - [TEST_STEP][PASSED] - if (action2 == "idr"): null

2022-02-21 12:06:43 - [TEST_STEP][PASSED] - else if (action2 == "persen"): Delayed 3 second(s)

2022-02-21 12:06:43 - [TEST_STEP][PASSED] - tap(persen, 10): Tapped on element 'Object Repository/Mobile/Page/Portfolio/Button - Persen'

2022-02-21 12:06:44 - [MESSAGE][PASSED] - Tapped on element 'Object Repository/Mobile/Page/Portfolio/Button - Persen'

2022-02-21 12:06:44 - [TEST_STEP][PASSED] - delay(3): Delayed 3 second(s)

2022-02-21 12:06:47 - [MESSAGE][PASSED] - Delayed 3 second(s)

2022-02-21 12:06:47 - [MESSAGE][PASSED] - Call Test Case 'Test Cases/Mobile/Page/Portfolio/Portfolio' successfully

2022-02-21 12:06:47 - [TEST_STEP][PASSED] - callTestCase(findTestCase("Mobile/Page/Run App/Terminate App"), [:], STOP_ON_FAILURE): Call Test Case 'Test Cases/Mobile/Page/Run App/Terminate App' successfully

2022-02-21 12:06:47 - [TEST_CASE][PASSED] - Test Cases/Mobile/Page/Run App/Terminate App: Test Cases/Mobile/Page/Run App/Terminate App

2022-02-21 12:06:47 - [TEST_STEP][PASSED] - startApp.OpenApp.terminateApplication(): startApp.OpenApp.terminateApplication is PASSED

2022-02-21 12:06:50 - [MESSAGE][PASSED] - Delayed 3 second(s)

2022-02-21 12:06:50 - [MESSAGE][PASSED] - Current device physical width is 720

2022-02-21 12:06:50 - [MESSAGE][PASSED] - Current device physical height is 1423

2022-02-21 12:06:52 - [MESSAGE][PASSED] - Swiped from 360,853 to 360,142

2022-02-21 12:06:53 - [MESSAGE][PASSED] - Delayed 1 second(s)

2022-02-21 12:06:54 - [MESSAGE][PASSED] - Swiped from 360,853 to 360,142

2022-02-21 12:06:57 - [MESSAGE][PASSED] - Delayed 3 second(s)

2022-02-21 12:06:57 - [MESSAGE][PASSED] - startApp.OpenApp.terminateApplication is PASSED

2022-02-21 12:06:57 - [MESSAGE][PASSED] - Call Test Case 'Test Cases/Mobile/Page/Run App/Terminate App' successfully]]></system-out>
         <system-err><![CDATA[]]></system-err>
      </testcase>
      <testcase name="Test Cases/Mobile/Scenario/Portfolio/008 - Portfolio Performance Quarter to Date Persen" time="69.126" classname="Test Cases/Mobile/Scenario/Portfolio/008 - Portfolio Performance Quarter to Date Persen" status="PASSED">
         <system-out><![CDATA[2022-02-21 12:06:57 - [TEST_CASE][PASSED] - Test Cases/Mobile/Scenario/Portfolio/008 - Portfolio Performance Quarter to Date Persen: Test Cases/Mobile/Scenario/Portfolio/008 - Portfolio Performance Quarter to Date Persen

2022-02-21 12:06:57 - [TEST_STEP][PASSED] - callTestCase(findTestCase("Mobile/Page/Run App/Run App byID"), [:], STOP_ON_FAILURE): Call Test Case 'Test Cases/Mobile/Page/Run App/Run App byID' successfully

2022-02-21 12:06:57 - [TEST_CASE][PASSED] - Test Cases/Mobile/Page/Run App/Run App byID: Test Cases/Mobile/Page/Run App/Run App byID

2022-02-21 12:06:57 - [TEST_STEP][PASSED] - startApp.OpenApp.startApplication("id.co.miraeasset.sageclub"): startApp.OpenApp.startApplication is PASSED

2022-02-21 12:07:15 - [MESSAGE][PASSED] - Starting app with application ID: 'id.co.miraeasset.sageclub'

2022-02-21 12:07:15 - [MESSAGE][PASSED] - startApp.OpenApp.startApplication is PASSED

2022-02-21 12:07:15 - [MESSAGE][PASSED] - Call Test Case 'Test Cases/Mobile/Page/Run App/Run App byID' successfully

2022-02-21 12:07:15 - [TEST_STEP][PASSED] - callTestCase(findTestCase("Mobile/Page/Portfolio/Portfolio"), ["tab":"summary", "action":"perf_quarter", "action2":"persen"], CONTINUE_ON_FAILURE): Call Test Case 'Test Cases/Mobile/Page/Portfolio/Portfolio' successfully

2022-02-21 12:07:15 - [TEST_CASE][PASSED] - Test Cases/Mobile/Page/Portfolio/Portfolio: Test Cases/Mobile/Page/Portfolio/Portfolio

2022-02-21 12:07:15 - [TEST_STEP][PASSED] - callTestCase(findTestCase("Mobile/Page/CheckLogin"), [:], CONTINUE_ON_FAILURE): Call Test Case 'Test Cases/Mobile/Page/CheckLogin' successfully

2022-02-21 12:07:15 - [TEST_CASE][PASSED] - Test Cases/Mobile/Page/CheckLogin: Test Cases/Mobile/Page/CheckLogin

2022-02-21 12:07:15 - [TEST_STEP][PASSED] - loginCheck = verifyElementExist(LOGN_BtnLogin, 5, CONTINUE_ON_FAILURE): Element 'Object Repository/Mobile/Page/Login/Button - Login' is exist

2022-02-21 12:07:17 - [MESSAGE][PASSED] - Element 'Object Repository/Mobile/Page/Login/Button - Login' is exist

2022-02-21 12:07:17 - [TEST_STEP][PASSED] - if (loginCheck): Call Test Case 'Test Cases/Mobile/Page/Login/Login' successfully

2022-02-21 12:07:17 - [TEST_STEP][PASSED] - callTestCase(findTestCase("Mobile/Page/Login/Login"), ["action":"username"], CONTINUE_ON_FAILURE): Call Test Case 'Test Cases/Mobile/Page/Login/Login' successfully

2022-02-21 12:07:17 - [TEST_CASE][PASSED] - Test Cases/Mobile/Page/Login/Login: Test Cases/Mobile/Page/Login/Login

2022-02-21 12:07:17 - [TEST_STEP][PASSED] - delay(2): Delayed 2 second(s)

2022-02-21 12:07:19 - [MESSAGE][PASSED] - Delayed 2 second(s)

2022-02-21 12:07:19 - [TEST_STEP][PASSED] - for ([i = 0, i < 1, (i++)]): null

2022-02-21 12:07:19 - [TEST_STEP][PASSED] - if (action == "username"): null

2022-02-21 12:07:19 - [TEST_STEP][PASSED] - tap(LOGN_EdtUserID, 0): Tapped on element 'Object Repository/Mobile/Page/Login/Input - UserID'

2022-02-21 12:07:19 - [MESSAGE][WARNING] - Timeout '0' is invalid. Using default page load timeout: '60'

2022-02-21 12:07:19 - [MESSAGE][PASSED] - Tapped on element 'Object Repository/Mobile/Page/Login/Input - UserID'

2022-02-21 12:07:19 - [TEST_STEP][PASSED] - delay(1): Delayed 1 second(s)

2022-02-21 12:07:20 - [MESSAGE][PASSED] - Delayed 1 second(s)

2022-02-21 12:07:20 - [TEST_STEP][PASSED] - setText(LOGN_EdtRdyUserID, "anggaaditya", 0): Text 'anggaaditya' has been set to element 'Object Repository/Mobile/Page/Login/Input Rdy - UserID'

2022-02-21 12:07:20 - [MESSAGE][WARNING] - Timeout '0' is invalid. Using default page load timeout: '60'

2022-02-21 12:07:21 - [MESSAGE][PASSED] - Text 'anggaaditya' has been set to element 'Object Repository/Mobile/Page/Login/Input Rdy - UserID'

2022-02-21 12:07:21 - [TEST_STEP][PASSED] - delay(1): Delayed 1 second(s)

2022-02-21 12:07:22 - [MESSAGE][PASSED] - Delayed 1 second(s)

2022-02-21 12:07:22 - [TEST_STEP][PASSED] - hideKeyboard(): Keyboard is hidden

2022-02-21 12:07:26 - [MESSAGE][PASSED] - Keyboard is hidden

2022-02-21 12:07:26 - [TEST_STEP][PASSED] - tap(LOGN_EdtPassword, 0): Tapped on element 'Object Repository/Mobile/Page/Login/Input - Password'

2022-02-21 12:07:26 - [MESSAGE][WARNING] - Timeout '0' is invalid. Using default page load timeout: '60'

2022-02-21 12:07:26 - [MESSAGE][PASSED] - Tapped on element 'Object Repository/Mobile/Page/Login/Input - Password'

2022-02-21 12:07:26 - [TEST_STEP][PASSED] - delay(1): Delayed 1 second(s)

2022-02-21 12:07:27 - [MESSAGE][PASSED] - Delayed 1 second(s)

2022-02-21 12:07:27 - [TEST_STEP][PASSED] - setText(LOGN_EdtRdyPassword, "Shalawa18", 0): Text 'Shalawa18' has been set to element 'Object Repository/Mobile/Page/Login/Input Rdy - Password'

2022-02-21 12:07:27 - [MESSAGE][WARNING] - Timeout '0' is invalid. Using default page load timeout: '60'

2022-02-21 12:07:28 - [MESSAGE][PASSED] - Text 'Shalawa18' has been set to element 'Object Repository/Mobile/Page/Login/Input Rdy - Password'

2022-02-21 12:07:28 - [TEST_STEP][PASSED] - delay(1): Delayed 1 second(s)

2022-02-21 12:07:29 - [MESSAGE][PASSED] - Delayed 1 second(s)

2022-02-21 12:07:29 - [TEST_STEP][PASSED] - hideKeyboard(): Keyboard is hidden

2022-02-21 12:07:35 - [MESSAGE][PASSED] - Keyboard is hidden

2022-02-21 12:07:35 - [TEST_STEP][PASSED] - tap(LOGN_BtnLogin, 0): Tapped on element 'Object Repository/Mobile/Page/Login/Button - Login'

2022-02-21 12:07:35 - [MESSAGE][WARNING] - Timeout '0' is invalid. Using default page load timeout: '60'

2022-02-21 12:07:36 - [MESSAGE][PASSED] - Tapped on element 'Object Repository/Mobile/Page/Login/Button - Login'

2022-02-21 12:07:36 - [TEST_STEP][PASSED] - delay(2): Delayed 2 second(s)

2022-02-21 12:07:38 - [MESSAGE][PASSED] - Delayed 2 second(s)

2022-02-21 12:07:38 - [TEST_STEP][PASSED] - break: null

2022-02-21 12:07:38 - [MESSAGE][PASSED] - Call Test Case 'Test Cases/Mobile/Page/Login/Login' successfully

2022-02-21 12:07:38 - [MESSAGE][PASSED] - Call Test Case 'Test Cases/Mobile/Page/CheckLogin' successfully

2022-02-21 12:07:38 - [TEST_STEP][PASSED] - tap(HOME_MenubarPortfolio, 0): Tapped on element 'Object Repository/Mobile/Page/Home/Menubar - Portfolio'

2022-02-21 12:07:38 - [MESSAGE][WARNING] - Timeout '0' is invalid. Using default page load timeout: '60'

2022-02-21 12:07:40 - [MESSAGE][PASSED] - Tapped on element 'Object Repository/Mobile/Page/Home/Menubar - Portfolio'

2022-02-21 12:07:40 - [TEST_STEP][PASSED] - delay(1): Delayed 1 second(s)

2022-02-21 12:07:41 - [MESSAGE][PASSED] - Delayed 1 second(s)

2022-02-21 12:07:41 - [TEST_STEP][PASSED] - for ([i = 0, i < 1, (i++)]): Delayed 3 second(s)

2022-02-21 12:07:41 - [TEST_STEP][PASSED] - if (tab == "summary"): Delayed 3 second(s)

2022-02-21 12:07:41 - [TEST_STEP][PASSED] - idr = PORT_BtnIDR: null

2022-02-21 12:07:41 - [TEST_STEP][PASSED] - persen = PORT_BtnPersen: null

2022-02-21 12:07:41 - [TEST_STEP][PASSED] - if (action == "summary"): null

2022-02-21 12:07:41 - [TEST_STEP][PASSED] - else if (action == "perf_daily"): null

2022-02-21 12:07:41 - [TEST_STEP][PASSED] - else if (action == "perf_month"): null

2022-02-21 12:07:41 - [TEST_STEP][PASSED] - else if (action == "perf_quarter"): Tapped on element 'Object Repository/Mobile/Page/Portfolio/Tab - Summary Quarter to Date'

2022-02-21 12:07:41 - [TEST_STEP][PASSED] - scroll.scroll.scrollScreenBottomToTop(): scroll.scroll.scrollScreenBottomToTop is PASSED

2022-02-21 12:07:41 - [MESSAGE][PASSED] - Current device physical height is 1423

2022-02-21 12:07:42 - [MESSAGE][PASSED] - Current device physical width is 720

2022-02-21 12:07:43 - [MESSAGE][PASSED] - Swiped from 360,1,138 to 360,284

2022-02-21 12:07:43 - [MESSAGE][PASSED] - scroll.scroll.scrollScreenBottomToTop is PASSED

2022-02-21 12:07:43 - [TEST_STEP][PASSED] - delay(1): Delayed 1 second(s)

2022-02-21 12:07:44 - [MESSAGE][PASSED] - Delayed 1 second(s)

2022-02-21 12:07:44 - [TEST_STEP][PASSED] - tap(PORT_TabSummaryQuarter, 0): Tapped on element 'Object Repository/Mobile/Page/Portfolio/Tab - Summary Quarter to Date'

2022-02-21 12:07:44 - [MESSAGE][WARNING] - Timeout '0' is invalid. Using default page load timeout: '60'

2022-02-21 12:07:45 - [MESSAGE][PASSED] - Tapped on element 'Object Repository/Mobile/Page/Portfolio/Tab - Summary Quarter to Date'

2022-02-21 12:07:45 - [TEST_STEP][PASSED] - if (action != "summary"): Delayed 3 second(s)

2022-02-21 12:07:45 - [TEST_STEP][PASSED] - delay(1): Delayed 1 second(s)

2022-02-21 12:07:46 - [MESSAGE][PASSED] - Delayed 1 second(s)

2022-02-21 12:07:46 - [TEST_STEP][PASSED] - scroll.scroll.scrollScreenBottomToTop(): scroll.scroll.scrollScreenBottomToTop is PASSED

2022-02-21 12:07:46 - [MESSAGE][PASSED] - Current device physical height is 1423

2022-02-21 12:07:46 - [MESSAGE][PASSED] - Current device physical width is 720

2022-02-21 12:07:47 - [MESSAGE][PASSED] - Swiped from 360,1,138 to 360,284

2022-02-21 12:07:47 - [MESSAGE][PASSED] - scroll.scroll.scrollScreenBottomToTop is PASSED

2022-02-21 12:07:47 - [TEST_STEP][PASSED] - scroll.scroll.scrollScreenBottomToTop(): scroll.scroll.scrollScreenBottomToTop is PASSED

2022-02-21 12:07:48 - [MESSAGE][PASSED] - Current device physical height is 1423

2022-02-21 12:07:48 - [MESSAGE][PASSED] - Current device physical width is 720

2022-02-21 12:07:49 - [MESSAGE][PASSED] - Swiped from 360,1,138 to 360,284

2022-02-21 12:07:49 - [MESSAGE][PASSED] - scroll.scroll.scrollScreenBottomToTop is PASSED

2022-02-21 12:07:49 - [TEST_STEP][PASSED] - delay(3): Delayed 3 second(s)

2022-02-21 12:07:52 - [MESSAGE][PASSED] - Delayed 3 second(s)

2022-02-21 12:07:52 - [TEST_STEP][PASSED] - if (action2 == "idr"): null

2022-02-21 12:07:52 - [TEST_STEP][PASSED] - else if (action2 == "persen"): Delayed 3 second(s)

2022-02-21 12:07:52 - [TEST_STEP][PASSED] - tap(persen, 10): Tapped on element 'Object Repository/Mobile/Page/Portfolio/Button - Persen'

2022-02-21 12:07:53 - [MESSAGE][PASSED] - Tapped on element 'Object Repository/Mobile/Page/Portfolio/Button - Persen'

2022-02-21 12:07:53 - [TEST_STEP][PASSED] - delay(3): Delayed 3 second(s)

2022-02-21 12:07:56 - [MESSAGE][PASSED] - Delayed 3 second(s)

2022-02-21 12:07:56 - [MESSAGE][PASSED] - Call Test Case 'Test Cases/Mobile/Page/Portfolio/Portfolio' successfully

2022-02-21 12:07:56 - [TEST_STEP][PASSED] - callTestCase(findTestCase("Mobile/Page/Run App/Terminate App"), [:], STOP_ON_FAILURE): Call Test Case 'Test Cases/Mobile/Page/Run App/Terminate App' successfully

2022-02-21 12:07:56 - [TEST_CASE][PASSED] - Test Cases/Mobile/Page/Run App/Terminate App: Test Cases/Mobile/Page/Run App/Terminate App

2022-02-21 12:07:56 - [TEST_STEP][PASSED] - startApp.OpenApp.terminateApplication(): startApp.OpenApp.terminateApplication is PASSED

2022-02-21 12:07:59 - [MESSAGE][PASSED] - Delayed 3 second(s)

2022-02-21 12:07:59 - [MESSAGE][PASSED] - Current device physical width is 720

2022-02-21 12:08:00 - [MESSAGE][PASSED] - Current device physical height is 1423

2022-02-21 12:08:01 - [MESSAGE][PASSED] - Swiped from 360,853 to 360,142

2022-02-21 12:08:02 - [MESSAGE][PASSED] - Delayed 1 second(s)

2022-02-21 12:08:03 - [MESSAGE][PASSED] - Swiped from 360,853 to 360,142

2022-02-21 12:08:06 - [MESSAGE][PASSED] - Delayed 3 second(s)

2022-02-21 12:08:06 - [MESSAGE][PASSED] - startApp.OpenApp.terminateApplication is PASSED

2022-02-21 12:08:06 - [MESSAGE][PASSED] - Call Test Case 'Test Cases/Mobile/Page/Run App/Terminate App' successfully]]></system-out>
         <system-err><![CDATA[]]></system-err>
      </testcase>
      <testcase name="Test Cases/Mobile/Scenario/Portfolio/009 - Portfolio Performance Year to Date Persen" time="69.602" classname="Test Cases/Mobile/Scenario/Portfolio/009 - Portfolio Performance Year to Date Persen" status="PASSED">
         <system-out><![CDATA[2022-02-21 12:08:06 - [TEST_CASE][PASSED] - Test Cases/Mobile/Scenario/Portfolio/009 - Portfolio Performance Year to Date Persen: Test Cases/Mobile/Scenario/Portfolio/009 - Portfolio Performance Year to Date Persen

2022-02-21 12:08:07 - [TEST_STEP][PASSED] - callTestCase(findTestCase("Mobile/Page/Run App/Run App byID"), [:], STOP_ON_FAILURE): Call Test Case 'Test Cases/Mobile/Page/Run App/Run App byID' successfully

2022-02-21 12:08:07 - [TEST_CASE][PASSED] - Test Cases/Mobile/Page/Run App/Run App byID: Test Cases/Mobile/Page/Run App/Run App byID

2022-02-21 12:08:07 - [TEST_STEP][PASSED] - startApp.OpenApp.startApplication("id.co.miraeasset.sageclub"): startApp.OpenApp.startApplication is PASSED

2022-02-21 12:08:24 - [MESSAGE][PASSED] - Starting app with application ID: 'id.co.miraeasset.sageclub'

2022-02-21 12:08:24 - [MESSAGE][PASSED] - startApp.OpenApp.startApplication is PASSED

2022-02-21 12:08:24 - [MESSAGE][PASSED] - Call Test Case 'Test Cases/Mobile/Page/Run App/Run App byID' successfully

2022-02-21 12:08:24 - [TEST_STEP][PASSED] - callTestCase(findTestCase("Mobile/Page/Portfolio/Portfolio"), ["tab":"summary", "action":"perf_year", "action2":"persen"], CONTINUE_ON_FAILURE): Call Test Case 'Test Cases/Mobile/Page/Portfolio/Portfolio' successfully

2022-02-21 12:08:24 - [TEST_CASE][PASSED] - Test Cases/Mobile/Page/Portfolio/Portfolio: Test Cases/Mobile/Page/Portfolio/Portfolio

2022-02-21 12:08:24 - [TEST_STEP][PASSED] - callTestCase(findTestCase("Mobile/Page/CheckLogin"), [:], CONTINUE_ON_FAILURE): Call Test Case 'Test Cases/Mobile/Page/CheckLogin' successfully

2022-02-21 12:08:24 - [TEST_CASE][PASSED] - Test Cases/Mobile/Page/CheckLogin: Test Cases/Mobile/Page/CheckLogin

2022-02-21 12:08:24 - [TEST_STEP][PASSED] - loginCheck = verifyElementExist(LOGN_BtnLogin, 5, CONTINUE_ON_FAILURE): Element 'Object Repository/Mobile/Page/Login/Button - Login' is exist

2022-02-21 12:08:26 - [MESSAGE][PASSED] - Element 'Object Repository/Mobile/Page/Login/Button - Login' is exist

2022-02-21 12:08:26 - [TEST_STEP][PASSED] - if (loginCheck): Call Test Case 'Test Cases/Mobile/Page/Login/Login' successfully

2022-02-21 12:08:26 - [TEST_STEP][PASSED] - callTestCase(findTestCase("Mobile/Page/Login/Login"), ["action":"username"], CONTINUE_ON_FAILURE): Call Test Case 'Test Cases/Mobile/Page/Login/Login' successfully

2022-02-21 12:08:26 - [TEST_CASE][PASSED] - Test Cases/Mobile/Page/Login/Login: Test Cases/Mobile/Page/Login/Login

2022-02-21 12:08:26 - [TEST_STEP][PASSED] - delay(2): Delayed 2 second(s)

2022-02-21 12:08:28 - [MESSAGE][PASSED] - Delayed 2 second(s)

2022-02-21 12:08:28 - [TEST_STEP][PASSED] - for ([i = 0, i < 1, (i++)]): null

2022-02-21 12:08:28 - [TEST_STEP][PASSED] - if (action == "username"): null

2022-02-21 12:08:28 - [TEST_STEP][PASSED] - tap(LOGN_EdtUserID, 0): Tapped on element 'Object Repository/Mobile/Page/Login/Input - UserID'

2022-02-21 12:08:28 - [MESSAGE][WARNING] - Timeout '0' is invalid. Using default page load timeout: '60'

2022-02-21 12:08:29 - [MESSAGE][PASSED] - Tapped on element 'Object Repository/Mobile/Page/Login/Input - UserID'

2022-02-21 12:08:29 - [TEST_STEP][PASSED] - delay(1): Delayed 1 second(s)

2022-02-21 12:08:30 - [MESSAGE][PASSED] - Delayed 1 second(s)

2022-02-21 12:08:30 - [TEST_STEP][PASSED] - setText(LOGN_EdtRdyUserID, "anggaaditya", 0): Text 'anggaaditya' has been set to element 'Object Repository/Mobile/Page/Login/Input Rdy - UserID'

2022-02-21 12:08:30 - [MESSAGE][WARNING] - Timeout '0' is invalid. Using default page load timeout: '60'

2022-02-21 12:08:30 - [MESSAGE][PASSED] - Text 'anggaaditya' has been set to element 'Object Repository/Mobile/Page/Login/Input Rdy - UserID'

2022-02-21 12:08:30 - [TEST_STEP][PASSED] - delay(1): Delayed 1 second(s)

2022-02-21 12:08:31 - [MESSAGE][PASSED] - Delayed 1 second(s)

2022-02-21 12:08:31 - [TEST_STEP][PASSED] - hideKeyboard(): Keyboard is hidden

2022-02-21 12:08:35 - [MESSAGE][PASSED] - Keyboard is hidden

2022-02-21 12:08:35 - [TEST_STEP][PASSED] - tap(LOGN_EdtPassword, 0): Tapped on element 'Object Repository/Mobile/Page/Login/Input - Password'

2022-02-21 12:08:35 - [MESSAGE][WARNING] - Timeout '0' is invalid. Using default page load timeout: '60'

2022-02-21 12:08:35 - [MESSAGE][PASSED] - Tapped on element 'Object Repository/Mobile/Page/Login/Input - Password'

2022-02-21 12:08:35 - [TEST_STEP][PASSED] - delay(1): Delayed 1 second(s)

2022-02-21 12:08:36 - [MESSAGE][PASSED] - Delayed 1 second(s)

2022-02-21 12:08:36 - [TEST_STEP][PASSED] - setText(LOGN_EdtRdyPassword, "Shalawa18", 0): Text 'Shalawa18' has been set to element 'Object Repository/Mobile/Page/Login/Input Rdy - Password'

2022-02-21 12:08:36 - [MESSAGE][WARNING] - Timeout '0' is invalid. Using default page load timeout: '60'

2022-02-21 12:08:37 - [MESSAGE][PASSED] - Text 'Shalawa18' has been set to element 'Object Repository/Mobile/Page/Login/Input Rdy - Password'

2022-02-21 12:08:37 - [TEST_STEP][PASSED] - delay(1): Delayed 1 second(s)

2022-02-21 12:08:38 - [MESSAGE][PASSED] - Delayed 1 second(s)

2022-02-21 12:08:38 - [TEST_STEP][PASSED] - hideKeyboard(): Keyboard is hidden

2022-02-21 12:08:45 - [MESSAGE][PASSED] - Keyboard is hidden

2022-02-21 12:08:45 - [TEST_STEP][PASSED] - tap(LOGN_BtnLogin, 0): Tapped on element 'Object Repository/Mobile/Page/Login/Button - Login'

2022-02-21 12:08:45 - [MESSAGE][WARNING] - Timeout '0' is invalid. Using default page load timeout: '60'

2022-02-21 12:08:45 - [MESSAGE][PASSED] - Tapped on element 'Object Repository/Mobile/Page/Login/Button - Login'

2022-02-21 12:08:45 - [TEST_STEP][PASSED] - delay(2): Delayed 2 second(s)

2022-02-21 12:08:47 - [MESSAGE][PASSED] - Delayed 2 second(s)

2022-02-21 12:08:47 - [TEST_STEP][PASSED] - break: null

2022-02-21 12:08:47 - [MESSAGE][PASSED] - Call Test Case 'Test Cases/Mobile/Page/Login/Login' successfully

2022-02-21 12:08:47 - [MESSAGE][PASSED] - Call Test Case 'Test Cases/Mobile/Page/CheckLogin' successfully

2022-02-21 12:08:47 - [TEST_STEP][PASSED] - tap(HOME_MenubarPortfolio, 0): Tapped on element 'Object Repository/Mobile/Page/Home/Menubar - Portfolio'

2022-02-21 12:08:47 - [MESSAGE][WARNING] - Timeout '0' is invalid. Using default page load timeout: '60'

2022-02-21 12:08:49 - [MESSAGE][PASSED] - Tapped on element 'Object Repository/Mobile/Page/Home/Menubar - Portfolio'

2022-02-21 12:08:49 - [TEST_STEP][PASSED] - delay(1): Delayed 1 second(s)

2022-02-21 12:08:50 - [MESSAGE][PASSED] - Delayed 1 second(s)

2022-02-21 12:08:50 - [TEST_STEP][PASSED] - for ([i = 0, i < 1, (i++)]): Delayed 3 second(s)

2022-02-21 12:08:50 - [TEST_STEP][PASSED] - if (tab == "summary"): Delayed 3 second(s)

2022-02-21 12:08:50 - [TEST_STEP][PASSED] - idr = PORT_BtnIDR: null

2022-02-21 12:08:50 - [TEST_STEP][PASSED] - persen = PORT_BtnPersen: null

2022-02-21 12:08:50 - [TEST_STEP][PASSED] - if (action == "summary"): null

2022-02-21 12:08:50 - [TEST_STEP][PASSED] - else if (action == "perf_daily"): null

2022-02-21 12:08:50 - [TEST_STEP][PASSED] - else if (action == "perf_month"): null

2022-02-21 12:08:50 - [TEST_STEP][PASSED] - else if (action == "perf_quarter"): null

2022-02-21 12:08:50 - [TEST_STEP][PASSED] - else if (action == "perf_year"): Tapped on element 'Object Repository/Mobile/Page/Portfolio/Tab - Summary Year to Date'

2022-02-21 12:08:50 - [TEST_STEP][PASSED] - scroll.scroll.scrollScreenBottomToTop(): scroll.scroll.scrollScreenBottomToTop is PASSED

2022-02-21 12:08:51 - [MESSAGE][PASSED] - Current device physical height is 1423

2022-02-21 12:08:51 - [MESSAGE][PASSED] - Current device physical width is 720

2022-02-21 12:08:52 - [MESSAGE][PASSED] - Swiped from 360,1,138 to 360,284

2022-02-21 12:08:52 - [MESSAGE][PASSED] - scroll.scroll.scrollScreenBottomToTop is PASSED

2022-02-21 12:08:52 - [TEST_STEP][PASSED] - delay(1): Delayed 1 second(s)

2022-02-21 12:08:53 - [MESSAGE][PASSED] - Delayed 1 second(s)

2022-02-21 12:08:53 - [TEST_STEP][PASSED] - tap(PORT_TabSummaryYear, 0): Tapped on element 'Object Repository/Mobile/Page/Portfolio/Tab - Summary Year to Date'

2022-02-21 12:08:53 - [MESSAGE][WARNING] - Timeout '0' is invalid. Using default page load timeout: '60'

2022-02-21 12:08:54 - [MESSAGE][PASSED] - Tapped on element 'Object Repository/Mobile/Page/Portfolio/Tab - Summary Year to Date'

2022-02-21 12:08:54 - [TEST_STEP][PASSED] - if (action != "summary"): Delayed 3 second(s)

2022-02-21 12:08:54 - [TEST_STEP][PASSED] - delay(1): Delayed 1 second(s)

2022-02-21 12:08:55 - [MESSAGE][PASSED] - Delayed 1 second(s)

2022-02-21 12:08:55 - [TEST_STEP][PASSED] - scroll.scroll.scrollScreenBottomToTop(): scroll.scroll.scrollScreenBottomToTop is PASSED

2022-02-21 12:08:55 - [MESSAGE][PASSED] - Current device physical height is 1423

2022-02-21 12:08:55 - [MESSAGE][PASSED] - Current device physical width is 720

2022-02-21 12:08:57 - [MESSAGE][PASSED] - Swiped from 360,1,138 to 360,284

2022-02-21 12:08:57 - [MESSAGE][PASSED] - scroll.scroll.scrollScreenBottomToTop is PASSED

2022-02-21 12:08:57 - [TEST_STEP][PASSED] - scroll.scroll.scrollScreenBottomToTop(): scroll.scroll.scrollScreenBottomToTop is PASSED

2022-02-21 12:08:57 - [MESSAGE][PASSED] - Current device physical height is 1423

2022-02-21 12:08:57 - [MESSAGE][PASSED] - Current device physical width is 720

2022-02-21 12:08:59 - [MESSAGE][PASSED] - Swiped from 360,1,138 to 360,284

2022-02-21 12:08:59 - [MESSAGE][PASSED] - scroll.scroll.scrollScreenBottomToTop is PASSED

2022-02-21 12:08:59 - [TEST_STEP][PASSED] - delay(3): Delayed 3 second(s)

2022-02-21 12:09:02 - [MESSAGE][PASSED] - Delayed 3 second(s)

2022-02-21 12:09:02 - [TEST_STEP][PASSED] - if (action2 == "idr"): null

2022-02-21 12:09:02 - [TEST_STEP][PASSED] - else if (action2 == "persen"): Delayed 3 second(s)

2022-02-21 12:09:02 - [TEST_STEP][PASSED] - tap(persen, 10): Tapped on element 'Object Repository/Mobile/Page/Portfolio/Button - Persen'

2022-02-21 12:09:02 - [MESSAGE][PASSED] - Tapped on element 'Object Repository/Mobile/Page/Portfolio/Button - Persen'

2022-02-21 12:09:02 - [TEST_STEP][PASSED] - delay(3): Delayed 3 second(s)

2022-02-21 12:09:05 - [MESSAGE][PASSED] - Delayed 3 second(s)

2022-02-21 12:09:05 - [MESSAGE][PASSED] - Call Test Case 'Test Cases/Mobile/Page/Portfolio/Portfolio' successfully

2022-02-21 12:09:05 - [TEST_STEP][PASSED] - callTestCase(findTestCase("Mobile/Page/Run App/Terminate App"), [:], STOP_ON_FAILURE): Call Test Case 'Test Cases/Mobile/Page/Run App/Terminate App' successfully

2022-02-21 12:09:05 - [TEST_CASE][PASSED] - Test Cases/Mobile/Page/Run App/Terminate App: Test Cases/Mobile/Page/Run App/Terminate App

2022-02-21 12:09:05 - [TEST_STEP][PASSED] - startApp.OpenApp.terminateApplication(): startApp.OpenApp.terminateApplication is PASSED

2022-02-21 12:09:08 - [MESSAGE][PASSED] - Delayed 3 second(s)

2022-02-21 12:09:09 - [MESSAGE][PASSED] - Current device physical width is 720

2022-02-21 12:09:09 - [MESSAGE][PASSED] - Current device physical height is 1423

2022-02-21 12:09:10 - [MESSAGE][PASSED] - Swiped from 360,853 to 360,142

2022-02-21 12:09:11 - [MESSAGE][PASSED] - Delayed 1 second(s)

2022-02-21 12:09:13 - [MESSAGE][PASSED] - Swiped from 360,853 to 360,142

2022-02-21 12:09:16 - [MESSAGE][PASSED] - Delayed 3 second(s)

2022-02-21 12:09:16 - [MESSAGE][PASSED] - startApp.OpenApp.terminateApplication is PASSED

2022-02-21 12:09:16 - [MESSAGE][PASSED] - Call Test Case 'Test Cases/Mobile/Page/Run App/Terminate App' successfully]]></system-out>
         <system-err><![CDATA[]]></system-err>
      </testcase>
      <testcase name="Test Cases/Mobile/Scenario/Portfolio/010 - Melihat list stock" time="60.988" classname="Test Cases/Mobile/Scenario/Portfolio/010 - Melihat list stock" status="PASSED">
         <system-out><![CDATA[2022-02-21 12:09:16 - [TEST_CASE][PASSED] - Test Cases/Mobile/Scenario/Portfolio/010 - Melihat list stock: Test Cases/Mobile/Scenario/Portfolio/010 - Melihat list stock

2022-02-21 12:09:16 - [TEST_STEP][PASSED] - callTestCase(findTestCase("Mobile/Page/Run App/Run App byID"), [:], STOP_ON_FAILURE): Call Test Case 'Test Cases/Mobile/Page/Run App/Run App byID' successfully

2022-02-21 12:09:16 - [TEST_CASE][PASSED] - Test Cases/Mobile/Page/Run App/Run App byID: Test Cases/Mobile/Page/Run App/Run App byID

2022-02-21 12:09:16 - [TEST_STEP][PASSED] - startApp.OpenApp.startApplication("id.co.miraeasset.sageclub"): startApp.OpenApp.startApplication is PASSED

2022-02-21 12:09:33 - [MESSAGE][PASSED] - Starting app with application ID: 'id.co.miraeasset.sageclub'

2022-02-21 12:09:33 - [MESSAGE][PASSED] - startApp.OpenApp.startApplication is PASSED

2022-02-21 12:09:33 - [MESSAGE][PASSED] - Call Test Case 'Test Cases/Mobile/Page/Run App/Run App byID' successfully

2022-02-21 12:09:33 - [TEST_STEP][PASSED] - callTestCase(findTestCase("Mobile/Page/Portfolio/Portfolio"), ["tab":"stock"], CONTINUE_ON_FAILURE): Call Test Case 'Test Cases/Mobile/Page/Portfolio/Portfolio' successfully

2022-02-21 12:09:34 - [TEST_CASE][PASSED] - Test Cases/Mobile/Page/Portfolio/Portfolio: Test Cases/Mobile/Page/Portfolio/Portfolio

2022-02-21 12:09:34 - [TEST_STEP][PASSED] - callTestCase(findTestCase("Mobile/Page/CheckLogin"), [:], CONTINUE_ON_FAILURE): Call Test Case 'Test Cases/Mobile/Page/CheckLogin' successfully

2022-02-21 12:09:34 - [TEST_CASE][PASSED] - Test Cases/Mobile/Page/CheckLogin: Test Cases/Mobile/Page/CheckLogin

2022-02-21 12:09:34 - [TEST_STEP][PASSED] - loginCheck = verifyElementExist(LOGN_BtnLogin, 5, CONTINUE_ON_FAILURE): Element 'Object Repository/Mobile/Page/Login/Button - Login' is exist

2022-02-21 12:09:35 - [MESSAGE][PASSED] - Element 'Object Repository/Mobile/Page/Login/Button - Login' is exist

2022-02-21 12:09:35 - [TEST_STEP][PASSED] - if (loginCheck): Call Test Case 'Test Cases/Mobile/Page/Login/Login' successfully

2022-02-21 12:09:35 - [TEST_STEP][PASSED] - callTestCase(findTestCase("Mobile/Page/Login/Login"), ["action":"username"], CONTINUE_ON_FAILURE): Call Test Case 'Test Cases/Mobile/Page/Login/Login' successfully

2022-02-21 12:09:36 - [TEST_CASE][PASSED] - Test Cases/Mobile/Page/Login/Login: Test Cases/Mobile/Page/Login/Login

2022-02-21 12:09:36 - [TEST_STEP][PASSED] - delay(2): Delayed 2 second(s)

2022-02-21 12:09:38 - [MESSAGE][PASSED] - Delayed 2 second(s)

2022-02-21 12:09:38 - [TEST_STEP][PASSED] - for ([i = 0, i < 1, (i++)]): null

2022-02-21 12:09:38 - [TEST_STEP][PASSED] - if (action == "username"): null

2022-02-21 12:09:38 - [TEST_STEP][PASSED] - tap(LOGN_EdtUserID, 0): Tapped on element 'Object Repository/Mobile/Page/Login/Input - UserID'

2022-02-21 12:09:38 - [MESSAGE][WARNING] - Timeout '0' is invalid. Using default page load timeout: '60'

2022-02-21 12:09:38 - [MESSAGE][PASSED] - Tapped on element 'Object Repository/Mobile/Page/Login/Input - UserID'

2022-02-21 12:09:38 - [TEST_STEP][PASSED] - delay(1): Delayed 1 second(s)

2022-02-21 12:09:39 - [MESSAGE][PASSED] - Delayed 1 second(s)

2022-02-21 12:09:39 - [TEST_STEP][PASSED] - setText(LOGN_EdtRdyUserID, "anggaaditya", 0): Text 'anggaaditya' has been set to element 'Object Repository/Mobile/Page/Login/Input Rdy - UserID'

2022-02-21 12:09:39 - [MESSAGE][WARNING] - Timeout '0' is invalid. Using default page load timeout: '60'

2022-02-21 12:09:40 - [MESSAGE][PASSED] - Text 'anggaaditya' has been set to element 'Object Repository/Mobile/Page/Login/Input Rdy - UserID'

2022-02-21 12:09:40 - [TEST_STEP][PASSED] - delay(1): Delayed 1 second(s)

2022-02-21 12:09:41 - [MESSAGE][PASSED] - Delayed 1 second(s)

2022-02-21 12:09:41 - [TEST_STEP][PASSED] - hideKeyboard(): Keyboard is hidden

2022-02-21 12:09:45 - [MESSAGE][PASSED] - Keyboard is hidden

2022-02-21 12:09:45 - [TEST_STEP][PASSED] - tap(LOGN_EdtPassword, 0): Tapped on element 'Object Repository/Mobile/Page/Login/Input - Password'

2022-02-21 12:09:45 - [MESSAGE][WARNING] - Timeout '0' is invalid. Using default page load timeout: '60'

2022-02-21 12:09:45 - [MESSAGE][PASSED] - Tapped on element 'Object Repository/Mobile/Page/Login/Input - Password'

2022-02-21 12:09:45 - [TEST_STEP][PASSED] - delay(1): Delayed 1 second(s)

2022-02-21 12:09:46 - [MESSAGE][PASSED] - Delayed 1 second(s)

2022-02-21 12:09:46 - [TEST_STEP][PASSED] - setText(LOGN_EdtRdyPassword, "Shalawa18", 0): Text 'Shalawa18' has been set to element 'Object Repository/Mobile/Page/Login/Input Rdy - Password'

2022-02-21 12:09:46 - [MESSAGE][WARNING] - Timeout '0' is invalid. Using default page load timeout: '60'

2022-02-21 12:09:47 - [MESSAGE][PASSED] - Text 'Shalawa18' has been set to element 'Object Repository/Mobile/Page/Login/Input Rdy - Password'

2022-02-21 12:09:47 - [TEST_STEP][PASSED] - delay(1): Delayed 1 second(s)

2022-02-21 12:09:48 - [MESSAGE][PASSED] - Delayed 1 second(s)

2022-02-21 12:09:48 - [TEST_STEP][PASSED] - hideKeyboard(): Keyboard is hidden

2022-02-21 12:09:55 - [MESSAGE][PASSED] - Keyboard is hidden

2022-02-21 12:09:55 - [TEST_STEP][PASSED] - tap(LOGN_BtnLogin, 0): Tapped on element 'Object Repository/Mobile/Page/Login/Button - Login'

2022-02-21 12:09:55 - [MESSAGE][WARNING] - Timeout '0' is invalid. Using default page load timeout: '60'

2022-02-21 12:09:56 - [MESSAGE][PASSED] - Tapped on element 'Object Repository/Mobile/Page/Login/Button - Login'

2022-02-21 12:09:56 - [TEST_STEP][PASSED] - delay(2): Delayed 2 second(s)

2022-02-21 12:09:58 - [MESSAGE][PASSED] - Delayed 2 second(s)

2022-02-21 12:09:58 - [TEST_STEP][PASSED] - break: null

2022-02-21 12:09:58 - [MESSAGE][PASSED] - Call Test Case 'Test Cases/Mobile/Page/Login/Login' successfully

2022-02-21 12:09:58 - [MESSAGE][PASSED] - Call Test Case 'Test Cases/Mobile/Page/CheckLogin' successfully

2022-02-21 12:09:58 - [TEST_STEP][PASSED] - tap(HOME_MenubarPortfolio, 0): Tapped on element 'Object Repository/Mobile/Page/Home/Menubar - Portfolio'

2022-02-21 12:09:58 - [MESSAGE][WARNING] - Timeout '0' is invalid. Using default page load timeout: '60'

2022-02-21 12:09:59 - [MESSAGE][PASSED] - Tapped on element 'Object Repository/Mobile/Page/Home/Menubar - Portfolio'

2022-02-21 12:09:59 - [TEST_STEP][PASSED] - delay(1): Delayed 1 second(s)

2022-02-21 12:10:00 - [MESSAGE][PASSED] - Delayed 1 second(s)

2022-02-21 12:10:00 - [TEST_STEP][PASSED] - for ([i = 0, i < 1, (i++)]): Delayed 3 second(s)

2022-02-21 12:10:00 - [TEST_STEP][PASSED] - if (tab == "summary"): null

2022-02-21 12:10:00 - [TEST_STEP][PASSED] - else if (tab == "stock"): Delayed 3 second(s)

2022-02-21 12:10:00 - [TEST_STEP][PASSED] - tap(PORT_TabStock, 0): Tapped on element 'Object Repository/Mobile/Page/Portfolio/Tab - Stock'

2022-02-21 12:10:00 - [MESSAGE][WARNING] - Timeout '0' is invalid. Using default page load timeout: '60'

2022-02-21 12:10:01 - [MESSAGE][PASSED] - Tapped on element 'Object Repository/Mobile/Page/Portfolio/Tab - Stock'

2022-02-21 12:10:01 - [TEST_STEP][PASSED] - scroll.scroll.scrollScreenBottomToTop(): scroll.scroll.scrollScreenBottomToTop is PASSED

2022-02-21 12:10:02 - [MESSAGE][PASSED] - Current device physical height is 1423

2022-02-21 12:10:02 - [MESSAGE][PASSED] - Current device physical width is 720

2022-02-21 12:10:03 - [MESSAGE][PASSED] - Swiped from 360,1,138 to 360,284

2022-02-21 12:10:03 - [MESSAGE][PASSED] - scroll.scroll.scrollScreenBottomToTop is PASSED

2022-02-21 12:10:03 - [TEST_STEP][PASSED] - delay(3): Delayed 3 second(s)

2022-02-21 12:10:06 - [MESSAGE][PASSED] - Delayed 3 second(s)

2022-02-21 12:10:06 - [MESSAGE][PASSED] - Call Test Case 'Test Cases/Mobile/Page/Portfolio/Portfolio' successfully

2022-02-21 12:10:06 - [TEST_STEP][PASSED] - callTestCase(findTestCase("Mobile/Page/Run App/Terminate App"), [:], STOP_ON_FAILURE): Call Test Case 'Test Cases/Mobile/Page/Run App/Terminate App' successfully

2022-02-21 12:10:06 - [TEST_CASE][PASSED] - Test Cases/Mobile/Page/Run App/Terminate App: Test Cases/Mobile/Page/Run App/Terminate App

2022-02-21 12:10:06 - [TEST_STEP][PASSED] - startApp.OpenApp.terminateApplication(): startApp.OpenApp.terminateApplication is PASSED

2022-02-21 12:10:10 - [MESSAGE][PASSED] - Delayed 3 second(s)

2022-02-21 12:10:10 - [MESSAGE][PASSED] - Current device physical width is 720

2022-02-21 12:10:10 - [MESSAGE][PASSED] - Current device physical height is 1423

2022-02-21 12:10:12 - [MESSAGE][PASSED] - Swiped from 360,853 to 360,142

2022-02-21 12:10:13 - [MESSAGE][PASSED] - Delayed 1 second(s)

2022-02-21 12:10:14 - [MESSAGE][PASSED] - Swiped from 360,853 to 360,142

2022-02-21 12:10:17 - [MESSAGE][PASSED] - Delayed 3 second(s)

2022-02-21 12:10:17 - [MESSAGE][PASSED] - startApp.OpenApp.terminateApplication is PASSED

2022-02-21 12:10:17 - [MESSAGE][PASSED] - Call Test Case 'Test Cases/Mobile/Page/Run App/Terminate App' successfully]]></system-out>
         <system-err><![CDATA[]]></system-err>
      </testcase>
      <testcase name="Test Cases/Mobile/Scenario/Portfolio/011 - Melihat list mutual fund" time="69.266" classname="Test Cases/Mobile/Scenario/Portfolio/011 - Melihat list mutual fund" status="PASSED">
         <system-out><![CDATA[2022-02-21 12:10:17 - [TEST_CASE][PASSED] - Test Cases/Mobile/Scenario/Portfolio/011 - Melihat list mutual fund: Test Cases/Mobile/Scenario/Portfolio/011 - Melihat list mutual fund

2022-02-21 12:10:17 - [TEST_STEP][PASSED] - callTestCase(findTestCase("Mobile/Page/Run App/Run App byID"), [:], STOP_ON_FAILURE): Call Test Case 'Test Cases/Mobile/Page/Run App/Run App byID' successfully

2022-02-21 12:10:17 - [TEST_CASE][PASSED] - Test Cases/Mobile/Page/Run App/Run App byID: Test Cases/Mobile/Page/Run App/Run App byID

2022-02-21 12:10:17 - [TEST_STEP][PASSED] - startApp.OpenApp.startApplication("id.co.miraeasset.sageclub"): startApp.OpenApp.startApplication is PASSED

2022-02-21 12:10:33 - [MESSAGE][PASSED] - Starting app with application ID: 'id.co.miraeasset.sageclub'

2022-02-21 12:10:33 - [MESSAGE][PASSED] - startApp.OpenApp.startApplication is PASSED

2022-02-21 12:10:33 - [MESSAGE][PASSED] - Call Test Case 'Test Cases/Mobile/Page/Run App/Run App byID' successfully

2022-02-21 12:10:33 - [TEST_STEP][PASSED] - callTestCase(findTestCase("Mobile/Page/Portfolio/Portfolio"), ["tab":"mutualfund", "action2":"none"], CONTINUE_ON_FAILURE): Call Test Case 'Test Cases/Mobile/Page/Portfolio/Portfolio' successfully

2022-02-21 12:10:33 - [TEST_CASE][PASSED] - Test Cases/Mobile/Page/Portfolio/Portfolio: Test Cases/Mobile/Page/Portfolio/Portfolio

2022-02-21 12:10:33 - [TEST_STEP][PASSED] - callTestCase(findTestCase("Mobile/Page/CheckLogin"), [:], CONTINUE_ON_FAILURE): Call Test Case 'Test Cases/Mobile/Page/CheckLogin' successfully

2022-02-21 12:10:33 - [TEST_CASE][PASSED] - Test Cases/Mobile/Page/CheckLogin: Test Cases/Mobile/Page/CheckLogin

2022-02-21 12:10:33 - [TEST_STEP][PASSED] - loginCheck = verifyElementExist(LOGN_BtnLogin, 5, CONTINUE_ON_FAILURE): Element 'Object Repository/Mobile/Page/Login/Button - Login' is exist

2022-02-21 12:10:35 - [MESSAGE][PASSED] - Element 'Object Repository/Mobile/Page/Login/Button - Login' is exist

2022-02-21 12:10:35 - [TEST_STEP][PASSED] - if (loginCheck): Call Test Case 'Test Cases/Mobile/Page/Login/Login' successfully

2022-02-21 12:10:35 - [TEST_STEP][PASSED] - callTestCase(findTestCase("Mobile/Page/Login/Login"), ["action":"username"], CONTINUE_ON_FAILURE): Call Test Case 'Test Cases/Mobile/Page/Login/Login' successfully

2022-02-21 12:10:35 - [TEST_CASE][PASSED] - Test Cases/Mobile/Page/Login/Login: Test Cases/Mobile/Page/Login/Login

2022-02-21 12:10:35 - [TEST_STEP][PASSED] - delay(2): Delayed 2 second(s)

2022-02-21 12:10:37 - [MESSAGE][PASSED] - Delayed 2 second(s)

2022-02-21 12:10:37 - [TEST_STEP][PASSED] - for ([i = 0, i < 1, (i++)]): null

2022-02-21 12:10:37 - [TEST_STEP][PASSED] - if (action == "username"): null

2022-02-21 12:10:37 - [TEST_STEP][PASSED] - tap(LOGN_EdtUserID, 0): Tapped on element 'Object Repository/Mobile/Page/Login/Input - UserID'

2022-02-21 12:10:37 - [MESSAGE][WARNING] - Timeout '0' is invalid. Using default page load timeout: '60'

2022-02-21 12:10:37 - [MESSAGE][PASSED] - Tapped on element 'Object Repository/Mobile/Page/Login/Input - UserID'

2022-02-21 12:10:37 - [TEST_STEP][PASSED] - delay(1): Delayed 1 second(s)

2022-02-21 12:10:38 - [MESSAGE][PASSED] - Delayed 1 second(s)

2022-02-21 12:10:38 - [TEST_STEP][PASSED] - setText(LOGN_EdtRdyUserID, "anggaaditya", 0): Text 'anggaaditya' has been set to element 'Object Repository/Mobile/Page/Login/Input Rdy - UserID'

2022-02-21 12:10:38 - [MESSAGE][WARNING] - Timeout '0' is invalid. Using default page load timeout: '60'

2022-02-21 12:10:39 - [MESSAGE][PASSED] - Text 'anggaaditya' has been set to element 'Object Repository/Mobile/Page/Login/Input Rdy - UserID'

2022-02-21 12:10:39 - [TEST_STEP][PASSED] - delay(1): Delayed 1 second(s)

2022-02-21 12:10:40 - [MESSAGE][PASSED] - Delayed 1 second(s)

2022-02-21 12:10:40 - [TEST_STEP][PASSED] - hideKeyboard(): Keyboard is hidden

2022-02-21 12:10:48 - [MESSAGE][PASSED] - Keyboard is hidden

2022-02-21 12:10:48 - [TEST_STEP][PASSED] - tap(LOGN_EdtPassword, 0): Tapped on element 'Object Repository/Mobile/Page/Login/Input - Password'

2022-02-21 12:10:48 - [MESSAGE][WARNING] - Timeout '0' is invalid. Using default page load timeout: '60'

2022-02-21 12:10:48 - [MESSAGE][PASSED] - Tapped on element 'Object Repository/Mobile/Page/Login/Input - Password'

2022-02-21 12:10:48 - [TEST_STEP][PASSED] - delay(1): Delayed 1 second(s)

2022-02-21 12:10:49 - [MESSAGE][PASSED] - Delayed 1 second(s)

2022-02-21 12:10:49 - [TEST_STEP][PASSED] - setText(LOGN_EdtRdyPassword, "Shalawa18", 0): Text 'Shalawa18' has been set to element 'Object Repository/Mobile/Page/Login/Input Rdy - Password'

2022-02-21 12:10:49 - [MESSAGE][WARNING] - Timeout '0' is invalid. Using default page load timeout: '60'

2022-02-21 12:10:50 - [MESSAGE][PASSED] - Text 'Shalawa18' has been set to element 'Object Repository/Mobile/Page/Login/Input Rdy - Password'

2022-02-21 12:10:50 - [TEST_STEP][PASSED] - delay(1): Delayed 1 second(s)

2022-02-21 12:10:51 - [MESSAGE][PASSED] - Delayed 1 second(s)

2022-02-21 12:10:51 - [TEST_STEP][PASSED] - hideKeyboard(): Keyboard is hidden

2022-02-21 12:10:58 - [MESSAGE][PASSED] - Keyboard is hidden

2022-02-21 12:10:58 - [TEST_STEP][PASSED] - tap(LOGN_BtnLogin, 0): Tapped on element 'Object Repository/Mobile/Page/Login/Button - Login'

2022-02-21 12:10:58 - [MESSAGE][WARNING] - Timeout '0' is invalid. Using default page load timeout: '60'

2022-02-21 12:10:58 - [MESSAGE][PASSED] - Tapped on element 'Object Repository/Mobile/Page/Login/Button - Login'

2022-02-21 12:10:58 - [TEST_STEP][PASSED] - delay(2): Delayed 2 second(s)

2022-02-21 12:11:00 - [MESSAGE][PASSED] - Delayed 2 second(s)

2022-02-21 12:11:00 - [TEST_STEP][PASSED] - break: null

2022-02-21 12:11:00 - [MESSAGE][PASSED] - Call Test Case 'Test Cases/Mobile/Page/Login/Login' successfully

2022-02-21 12:11:00 - [MESSAGE][PASSED] - Call Test Case 'Test Cases/Mobile/Page/CheckLogin' successfully

2022-02-21 12:11:00 - [TEST_STEP][PASSED] - tap(HOME_MenubarPortfolio, 0): Tapped on element 'Object Repository/Mobile/Page/Home/Menubar - Portfolio'

2022-02-21 12:11:00 - [MESSAGE][WARNING] - Timeout '0' is invalid. Using default page load timeout: '60'

2022-02-21 12:11:02 - [MESSAGE][PASSED] - Tapped on element 'Object Repository/Mobile/Page/Home/Menubar - Portfolio'

2022-02-21 12:11:02 - [TEST_STEP][PASSED] - delay(1): Delayed 1 second(s)

2022-02-21 12:11:03 - [MESSAGE][PASSED] - Delayed 1 second(s)

2022-02-21 12:11:03 - [TEST_STEP][PASSED] - for ([i = 0, i < 1, (i++)]): scroll.scroll.scrollScreenBottomToTop is PASSED

2022-02-21 12:11:03 - [TEST_STEP][PASSED] - if (tab == "summary"): null

2022-02-21 12:11:03 - [TEST_STEP][PASSED] - else if (tab == "stock"): null

2022-02-21 12:11:03 - [TEST_STEP][PASSED] - else if (tab == "mutualfund"): scroll.scroll.scrollScreenBottomToTop is PASSED

2022-02-21 12:11:03 - [TEST_STEP][PASSED] - tap(PORT_TabMutualFund, 0): Tapped on element 'Object Repository/Mobile/Page/Portfolio/Tab - Mutual Fund'

2022-02-21 12:11:03 - [MESSAGE][WARNING] - Timeout '0' is invalid. Using default page load timeout: '60'

2022-02-21 12:11:05 - [MESSAGE][PASSED] - Tapped on element 'Object Repository/Mobile/Page/Portfolio/Tab - Mutual Fund'

2022-02-21 12:11:05 - [TEST_STEP][PASSED] - delay(1): Delayed 1 second(s)

2022-02-21 12:11:06 - [MESSAGE][PASSED] - Delayed 1 second(s)

2022-02-21 12:11:06 - [TEST_STEP][PASSED] - try: scroll.scroll.scrollScreenBottomToTop is PASSED

2022-02-21 12:11:06 - [TEST_STEP][PASSED] - tapAndHold(PORT_ItemTopMutualFund, 1, 10): Tapped and held on element 'Object Repository/Mobile/Page/Portfolio/Item - Top Mutual Fund' with duration 1

2022-02-21 12:11:09 - [MESSAGE][PASSED] - Tapped and held on element 'Object Repository/Mobile/Page/Portfolio/Item - Top Mutual Fund' with duration 1

2022-02-21 12:11:09 - [TEST_STEP][PASSED] - delay(2): Delayed 2 second(s)

2022-02-21 12:11:11 - [MESSAGE][PASSED] - Delayed 2 second(s)

2022-02-21 12:11:11 - [TEST_STEP][PASSED] - switch (action2): null

2022-02-21 12:11:11 - [TEST_STEP][PASSED] - delay(3): Delayed 3 second(s)

2022-02-21 12:11:14 - [MESSAGE][PASSED] - Delayed 3 second(s)

2022-02-21 12:11:14 - [TEST_STEP][PASSED] - scroll.scroll.scrollScreenBottomToTop(): scroll.scroll.scrollScreenBottomToTop is PASSED

2022-02-21 12:11:14 - [MESSAGE][PASSED] - Current device physical height is 1423

2022-02-21 12:11:14 - [MESSAGE][PASSED] - Current device physical width is 720

2022-02-21 12:11:16 - [MESSAGE][PASSED] - Swiped from 360,1,138 to 360,284

2022-02-21 12:11:16 - [MESSAGE][PASSED] - scroll.scroll.scrollScreenBottomToTop is PASSED

2022-02-21 12:11:16 - [MESSAGE][PASSED] - Call Test Case 'Test Cases/Mobile/Page/Portfolio/Portfolio' successfully

2022-02-21 12:11:16 - [TEST_STEP][PASSED] - callTestCase(findTestCase("Mobile/Page/Run App/Terminate App"), [:], STOP_ON_FAILURE): Call Test Case 'Test Cases/Mobile/Page/Run App/Terminate App' successfully

2022-02-21 12:11:16 - [TEST_CASE][PASSED] - Test Cases/Mobile/Page/Run App/Terminate App: Test Cases/Mobile/Page/Run App/Terminate App

2022-02-21 12:11:16 - [TEST_STEP][PASSED] - startApp.OpenApp.terminateApplication(): startApp.OpenApp.terminateApplication is PASSED

2022-02-21 12:11:19 - [MESSAGE][PASSED] - Delayed 3 second(s)

2022-02-21 12:11:19 - [MESSAGE][PASSED] - Current device physical width is 720

2022-02-21 12:11:19 - [MESSAGE][PASSED] - Current device physical height is 1423

2022-02-21 12:11:21 - [MESSAGE][PASSED] - Swiped from 360,853 to 360,142

2022-02-21 12:11:22 - [MESSAGE][PASSED] - Delayed 1 second(s)

2022-02-21 12:11:23 - [MESSAGE][PASSED] - Swiped from 360,853 to 360,142

2022-02-21 12:11:26 - [MESSAGE][PASSED] - Delayed 3 second(s)

2022-02-21 12:11:26 - [MESSAGE][PASSED] - startApp.OpenApp.terminateApplication is PASSED

2022-02-21 12:11:26 - [MESSAGE][PASSED] - Call Test Case 'Test Cases/Mobile/Page/Run App/Terminate App' successfully]]></system-out>
         <system-err><![CDATA[]]></system-err>
      </testcase>
      <testcase name="Test Cases/Mobile/Scenario/Portfolio/012 - Melihat list bond" time="60.47" classname="Test Cases/Mobile/Scenario/Portfolio/012 - Melihat list bond" status="PASSED">
         <system-out><![CDATA[2022-02-21 12:11:26 - [TEST_CASE][PASSED] - Test Cases/Mobile/Scenario/Portfolio/012 - Melihat list bond: Test Cases/Mobile/Scenario/Portfolio/012 - Melihat list bond

2022-02-21 12:11:26 - [TEST_STEP][PASSED] - callTestCase(findTestCase("Mobile/Page/Run App/Run App byID"), [:], STOP_ON_FAILURE): Call Test Case 'Test Cases/Mobile/Page/Run App/Run App byID' successfully

2022-02-21 12:11:27 - [TEST_CASE][PASSED] - Test Cases/Mobile/Page/Run App/Run App byID: Test Cases/Mobile/Page/Run App/Run App byID

2022-02-21 12:11:27 - [TEST_STEP][PASSED] - startApp.OpenApp.startApplication("id.co.miraeasset.sageclub"): startApp.OpenApp.startApplication is PASSED

2022-02-21 12:11:43 - [MESSAGE][PASSED] - Starting app with application ID: 'id.co.miraeasset.sageclub'

2022-02-21 12:11:43 - [MESSAGE][PASSED] - startApp.OpenApp.startApplication is PASSED

2022-02-21 12:11:43 - [MESSAGE][PASSED] - Call Test Case 'Test Cases/Mobile/Page/Run App/Run App byID' successfully

2022-02-21 12:11:43 - [TEST_STEP][PASSED] - callTestCase(findTestCase("Mobile/Page/Portfolio/Portfolio"), ["tab":"stock", "action":"none"], CONTINUE_ON_FAILURE): Call Test Case 'Test Cases/Mobile/Page/Portfolio/Portfolio' successfully

2022-02-21 12:11:43 - [TEST_CASE][PASSED] - Test Cases/Mobile/Page/Portfolio/Portfolio: Test Cases/Mobile/Page/Portfolio/Portfolio

2022-02-21 12:11:43 - [TEST_STEP][PASSED] - callTestCase(findTestCase("Mobile/Page/CheckLogin"), [:], CONTINUE_ON_FAILURE): Call Test Case 'Test Cases/Mobile/Page/CheckLogin' successfully

2022-02-21 12:11:43 - [TEST_CASE][PASSED] - Test Cases/Mobile/Page/CheckLogin: Test Cases/Mobile/Page/CheckLogin

2022-02-21 12:11:43 - [TEST_STEP][PASSED] - loginCheck = verifyElementExist(LOGN_BtnLogin, 5, CONTINUE_ON_FAILURE): Element 'Object Repository/Mobile/Page/Login/Button - Login' is exist

2022-02-21 12:11:45 - [MESSAGE][PASSED] - Element 'Object Repository/Mobile/Page/Login/Button - Login' is exist

2022-02-21 12:11:45 - [TEST_STEP][PASSED] - if (loginCheck): Call Test Case 'Test Cases/Mobile/Page/Login/Login' successfully

2022-02-21 12:11:45 - [TEST_STEP][PASSED] - callTestCase(findTestCase("Mobile/Page/Login/Login"), ["action":"username"], CONTINUE_ON_FAILURE): Call Test Case 'Test Cases/Mobile/Page/Login/Login' successfully

2022-02-21 12:11:45 - [TEST_CASE][PASSED] - Test Cases/Mobile/Page/Login/Login: Test Cases/Mobile/Page/Login/Login

2022-02-21 12:11:45 - [TEST_STEP][PASSED] - delay(2): Delayed 2 second(s)

2022-02-21 12:11:47 - [MESSAGE][PASSED] - Delayed 2 second(s)

2022-02-21 12:11:47 - [TEST_STEP][PASSED] - for ([i = 0, i < 1, (i++)]): null

2022-02-21 12:11:47 - [TEST_STEP][PASSED] - if (action == "username"): null

2022-02-21 12:11:47 - [TEST_STEP][PASSED] - tap(LOGN_EdtUserID, 0): Tapped on element 'Object Repository/Mobile/Page/Login/Input - UserID'

2022-02-21 12:11:47 - [MESSAGE][WARNING] - Timeout '0' is invalid. Using default page load timeout: '60'

2022-02-21 12:11:48 - [MESSAGE][PASSED] - Tapped on element 'Object Repository/Mobile/Page/Login/Input - UserID'

2022-02-21 12:11:48 - [TEST_STEP][PASSED] - delay(1): Delayed 1 second(s)

2022-02-21 12:11:49 - [MESSAGE][PASSED] - Delayed 1 second(s)

2022-02-21 12:11:49 - [TEST_STEP][PASSED] - setText(LOGN_EdtRdyUserID, "anggaaditya", 0): Text 'anggaaditya' has been set to element 'Object Repository/Mobile/Page/Login/Input Rdy - UserID'

2022-02-21 12:11:49 - [MESSAGE][WARNING] - Timeout '0' is invalid. Using default page load timeout: '60'

2022-02-21 12:11:49 - [MESSAGE][PASSED] - Text 'anggaaditya' has been set to element 'Object Repository/Mobile/Page/Login/Input Rdy - UserID'

2022-02-21 12:11:49 - [TEST_STEP][PASSED] - delay(1): Delayed 1 second(s)

2022-02-21 12:11:50 - [MESSAGE][PASSED] - Delayed 1 second(s)

2022-02-21 12:11:50 - [TEST_STEP][PASSED] - hideKeyboard(): Keyboard is hidden

2022-02-21 12:11:54 - [MESSAGE][PASSED] - Keyboard is hidden

2022-02-21 12:11:54 - [TEST_STEP][PASSED] - tap(LOGN_EdtPassword, 0): Tapped on element 'Object Repository/Mobile/Page/Login/Input - Password'

2022-02-21 12:11:54 - [MESSAGE][WARNING] - Timeout '0' is invalid. Using default page load timeout: '60'

2022-02-21 12:11:55 - [MESSAGE][PASSED] - Tapped on element 'Object Repository/Mobile/Page/Login/Input - Password'

2022-02-21 12:11:55 - [TEST_STEP][PASSED] - delay(1): Delayed 1 second(s)

2022-02-21 12:11:56 - [MESSAGE][PASSED] - Delayed 1 second(s)

2022-02-21 12:11:56 - [TEST_STEP][PASSED] - setText(LOGN_EdtRdyPassword, "Shalawa18", 0): Text 'Shalawa18' has been set to element 'Object Repository/Mobile/Page/Login/Input Rdy - Password'

2022-02-21 12:11:56 - [MESSAGE][WARNING] - Timeout '0' is invalid. Using default page load timeout: '60'

2022-02-21 12:11:56 - [MESSAGE][PASSED] - Text 'Shalawa18' has been set to element 'Object Repository/Mobile/Page/Login/Input Rdy - Password'

2022-02-21 12:11:56 - [TEST_STEP][PASSED] - delay(1): Delayed 1 second(s)

2022-02-21 12:11:57 - [MESSAGE][PASSED] - Delayed 1 second(s)

2022-02-21 12:11:57 - [TEST_STEP][PASSED] - hideKeyboard(): Keyboard is hidden

2022-02-21 12:12:04 - [MESSAGE][PASSED] - Keyboard is hidden

2022-02-21 12:12:04 - [TEST_STEP][PASSED] - tap(LOGN_BtnLogin, 0): Tapped on element 'Object Repository/Mobile/Page/Login/Button - Login'

2022-02-21 12:12:04 - [MESSAGE][WARNING] - Timeout '0' is invalid. Using default page load timeout: '60'

2022-02-21 12:12:05 - [MESSAGE][PASSED] - Tapped on element 'Object Repository/Mobile/Page/Login/Button - Login'

2022-02-21 12:12:05 - [TEST_STEP][PASSED] - delay(2): Delayed 2 second(s)

2022-02-21 12:12:07 - [MESSAGE][PASSED] - Delayed 2 second(s)

2022-02-21 12:12:07 - [TEST_STEP][PASSED] - break: null

2022-02-21 12:12:07 - [MESSAGE][PASSED] - Call Test Case 'Test Cases/Mobile/Page/Login/Login' successfully

2022-02-21 12:12:07 - [MESSAGE][PASSED] - Call Test Case 'Test Cases/Mobile/Page/CheckLogin' successfully

2022-02-21 12:12:07 - [TEST_STEP][PASSED] - tap(HOME_MenubarPortfolio, 0): Tapped on element 'Object Repository/Mobile/Page/Home/Menubar - Portfolio'

2022-02-21 12:12:07 - [MESSAGE][WARNING] - Timeout '0' is invalid. Using default page load timeout: '60'

2022-02-21 12:12:09 - [MESSAGE][PASSED] - Tapped on element 'Object Repository/Mobile/Page/Home/Menubar - Portfolio'

2022-02-21 12:12:09 - [TEST_STEP][PASSED] - delay(1): Delayed 1 second(s)

2022-02-21 12:12:10 - [MESSAGE][PASSED] - Delayed 1 second(s)

2022-02-21 12:12:10 - [TEST_STEP][PASSED] - for ([i = 0, i < 1, (i++)]): Delayed 3 second(s)

2022-02-21 12:12:10 - [TEST_STEP][PASSED] - if (tab == "summary"): null

2022-02-21 12:12:10 - [TEST_STEP][PASSED] - else if (tab == "stock"): Delayed 3 second(s)

2022-02-21 12:12:10 - [TEST_STEP][PASSED] - tap(PORT_TabStock, 0): Tapped on element 'Object Repository/Mobile/Page/Portfolio/Tab - Stock'

2022-02-21 12:12:10 - [MESSAGE][WARNING] - Timeout '0' is invalid. Using default page load timeout: '60'

2022-02-21 12:12:11 - [MESSAGE][PASSED] - Tapped on element 'Object Repository/Mobile/Page/Portfolio/Tab - Stock'

2022-02-21 12:12:11 - [TEST_STEP][PASSED] - scroll.scroll.scrollScreenBottomToTop(): scroll.scroll.scrollScreenBottomToTop is PASSED

2022-02-21 12:12:11 - [MESSAGE][PASSED] - Current device physical height is 1423

2022-02-21 12:12:12 - [MESSAGE][PASSED] - Current device physical width is 720

2022-02-21 12:12:13 - [MESSAGE][PASSED] - Swiped from 360,1,138 to 360,284

2022-02-21 12:12:13 - [MESSAGE][PASSED] - scroll.scroll.scrollScreenBottomToTop is PASSED

2022-02-21 12:12:13 - [TEST_STEP][PASSED] - delay(3): Delayed 3 second(s)

2022-02-21 12:12:16 - [MESSAGE][PASSED] - Delayed 3 second(s)

2022-02-21 12:12:16 - [MESSAGE][PASSED] - Call Test Case 'Test Cases/Mobile/Page/Portfolio/Portfolio' successfully

2022-02-21 12:12:16 - [TEST_STEP][PASSED] - callTestCase(findTestCase("Mobile/Page/Run App/Terminate App"), [:], STOP_ON_FAILURE): Call Test Case 'Test Cases/Mobile/Page/Run App/Terminate App' successfully

2022-02-21 12:12:16 - [TEST_CASE][PASSED] - Test Cases/Mobile/Page/Run App/Terminate App: Test Cases/Mobile/Page/Run App/Terminate App

2022-02-21 12:12:16 - [TEST_STEP][PASSED] - startApp.OpenApp.terminateApplication(): startApp.OpenApp.terminateApplication is PASSED

2022-02-21 12:12:19 - [MESSAGE][PASSED] - Delayed 3 second(s)

2022-02-21 12:12:20 - [MESSAGE][PASSED] - Current device physical width is 720

2022-02-21 12:12:20 - [MESSAGE][PASSED] - Current device physical height is 1423

2022-02-21 12:12:21 - [MESSAGE][PASSED] - Swiped from 360,853 to 360,142

2022-02-21 12:12:22 - [MESSAGE][PASSED] - Delayed 1 second(s)

2022-02-21 12:12:24 - [MESSAGE][PASSED] - Swiped from 360,853 to 360,142

2022-02-21 12:12:27 - [MESSAGE][PASSED] - Delayed 3 second(s)

2022-02-21 12:12:27 - [MESSAGE][PASSED] - startApp.OpenApp.terminateApplication is PASSED

2022-02-21 12:12:27 - [MESSAGE][PASSED] - Call Test Case 'Test Cases/Mobile/Page/Run App/Terminate App' successfully]]></system-out>
         <system-err><![CDATA[]]></system-err>
      </testcase>
      <testcase name="Test Cases/Mobile/Scenario/Portfolio/013 - Melihat detail mutual fund 1 month" time="68.177" classname="Test Cases/Mobile/Scenario/Portfolio/013 - Melihat detail mutual fund 1 month" status="PASSED">
         <system-out><![CDATA[2022-02-21 12:12:27 - [TEST_CASE][PASSED] - Test Cases/Mobile/Scenario/Portfolio/013 - Melihat detail mutual fund 1 month: Test Cases/Mobile/Scenario/Portfolio/013 - Melihat detail mutual fund 1 month

2022-02-21 12:12:27 - [TEST_STEP][PASSED] - callTestCase(findTestCase("Mobile/Page/Run App/Run App byID"), [:], STOP_ON_FAILURE): Call Test Case 'Test Cases/Mobile/Page/Run App/Run App byID' successfully

2022-02-21 12:12:27 - [TEST_CASE][PASSED] - Test Cases/Mobile/Page/Run App/Run App byID: Test Cases/Mobile/Page/Run App/Run App byID

2022-02-21 12:12:27 - [TEST_STEP][PASSED] - startApp.OpenApp.startApplication("id.co.miraeasset.sageclub"): startApp.OpenApp.startApplication is PASSED

2022-02-21 12:12:43 - [MESSAGE][PASSED] - Starting app with application ID: 'id.co.miraeasset.sageclub'

2022-02-21 12:12:43 - [MESSAGE][PASSED] - startApp.OpenApp.startApplication is PASSED

2022-02-21 12:12:43 - [MESSAGE][PASSED] - Call Test Case 'Test Cases/Mobile/Page/Run App/Run App byID' successfully

2022-02-21 12:12:43 - [TEST_STEP][PASSED] - callTestCase(findTestCase("Mobile/Page/Portfolio/Portfolio"), ["tab":"mutualfund", "action2":"1 month"], CONTINUE_ON_FAILURE): Call Test Case 'Test Cases/Mobile/Page/Portfolio/Portfolio' successfully

2022-02-21 12:12:43 - [TEST_CASE][PASSED] - Test Cases/Mobile/Page/Portfolio/Portfolio: Test Cases/Mobile/Page/Portfolio/Portfolio

2022-02-21 12:12:43 - [TEST_STEP][PASSED] - callTestCase(findTestCase("Mobile/Page/CheckLogin"), [:], CONTINUE_ON_FAILURE): Call Test Case 'Test Cases/Mobile/Page/CheckLogin' successfully

2022-02-21 12:12:43 - [TEST_CASE][PASSED] - Test Cases/Mobile/Page/CheckLogin: Test Cases/Mobile/Page/CheckLogin

2022-02-21 12:12:43 - [TEST_STEP][PASSED] - loginCheck = verifyElementExist(LOGN_BtnLogin, 5, CONTINUE_ON_FAILURE): Element 'Object Repository/Mobile/Page/Login/Button - Login' is exist

2022-02-21 12:12:45 - [MESSAGE][PASSED] - Element 'Object Repository/Mobile/Page/Login/Button - Login' is exist

2022-02-21 12:12:45 - [TEST_STEP][PASSED] - if (loginCheck): Call Test Case 'Test Cases/Mobile/Page/Login/Login' successfully

2022-02-21 12:12:45 - [TEST_STEP][PASSED] - callTestCase(findTestCase("Mobile/Page/Login/Login"), ["action":"username"], CONTINUE_ON_FAILURE): Call Test Case 'Test Cases/Mobile/Page/Login/Login' successfully

2022-02-21 12:12:45 - [TEST_CASE][PASSED] - Test Cases/Mobile/Page/Login/Login: Test Cases/Mobile/Page/Login/Login

2022-02-21 12:12:45 - [TEST_STEP][PASSED] - delay(2): Delayed 2 second(s)

2022-02-21 12:12:47 - [MESSAGE][PASSED] - Delayed 2 second(s)

2022-02-21 12:12:47 - [TEST_STEP][PASSED] - for ([i = 0, i < 1, (i++)]): null

2022-02-21 12:12:47 - [TEST_STEP][PASSED] - if (action == "username"): null

2022-02-21 12:12:47 - [TEST_STEP][PASSED] - tap(LOGN_EdtUserID, 0): Tapped on element 'Object Repository/Mobile/Page/Login/Input - UserID'

2022-02-21 12:12:47 - [MESSAGE][WARNING] - Timeout '0' is invalid. Using default page load timeout: '60'

2022-02-21 12:12:47 - [MESSAGE][PASSED] - Tapped on element 'Object Repository/Mobile/Page/Login/Input - UserID'

2022-02-21 12:12:47 - [TEST_STEP][PASSED] - delay(1): Delayed 1 second(s)

2022-02-21 12:12:48 - [MESSAGE][PASSED] - Delayed 1 second(s)

2022-02-21 12:12:48 - [TEST_STEP][PASSED] - setText(LOGN_EdtRdyUserID, "anggaaditya", 0): Text 'anggaaditya' has been set to element 'Object Repository/Mobile/Page/Login/Input Rdy - UserID'

2022-02-21 12:12:48 - [MESSAGE][WARNING] - Timeout '0' is invalid. Using default page load timeout: '60'

2022-02-21 12:12:49 - [MESSAGE][PASSED] - Text 'anggaaditya' has been set to element 'Object Repository/Mobile/Page/Login/Input Rdy - UserID'

2022-02-21 12:12:49 - [TEST_STEP][PASSED] - delay(1): Delayed 1 second(s)

2022-02-21 12:12:50 - [MESSAGE][PASSED] - Delayed 1 second(s)

2022-02-21 12:12:50 - [TEST_STEP][PASSED] - hideKeyboard(): Keyboard is hidden

2022-02-21 12:12:54 - [MESSAGE][PASSED] - Keyboard is hidden

2022-02-21 12:12:54 - [TEST_STEP][PASSED] - tap(LOGN_EdtPassword, 0): Tapped on element 'Object Repository/Mobile/Page/Login/Input - Password'

2022-02-21 12:12:54 - [MESSAGE][WARNING] - Timeout '0' is invalid. Using default page load timeout: '60'

2022-02-21 12:12:54 - [MESSAGE][PASSED] - Tapped on element 'Object Repository/Mobile/Page/Login/Input - Password'

2022-02-21 12:12:54 - [TEST_STEP][PASSED] - delay(1): Delayed 1 second(s)

2022-02-21 12:12:55 - [MESSAGE][PASSED] - Delayed 1 second(s)

2022-02-21 12:12:55 - [TEST_STEP][PASSED] - setText(LOGN_EdtRdyPassword, "Shalawa18", 0): Text 'Shalawa18' has been set to element 'Object Repository/Mobile/Page/Login/Input Rdy - Password'

2022-02-21 12:12:55 - [MESSAGE][WARNING] - Timeout '0' is invalid. Using default page load timeout: '60'

2022-02-21 12:12:56 - [MESSAGE][PASSED] - Text 'Shalawa18' has been set to element 'Object Repository/Mobile/Page/Login/Input Rdy - Password'

2022-02-21 12:12:56 - [TEST_STEP][PASSED] - delay(1): Delayed 1 second(s)

2022-02-21 12:12:57 - [MESSAGE][PASSED] - Delayed 1 second(s)

2022-02-21 12:12:57 - [TEST_STEP][PASSED] - hideKeyboard(): Keyboard is hidden

2022-02-21 12:13:04 - [MESSAGE][PASSED] - Keyboard is hidden

2022-02-21 12:13:04 - [TEST_STEP][PASSED] - tap(LOGN_BtnLogin, 0): Tapped on element 'Object Repository/Mobile/Page/Login/Button - Login'

2022-02-21 12:13:04 - [MESSAGE][WARNING] - Timeout '0' is invalid. Using default page load timeout: '60'

2022-02-21 12:13:05 - [MESSAGE][PASSED] - Tapped on element 'Object Repository/Mobile/Page/Login/Button - Login'

2022-02-21 12:13:05 - [TEST_STEP][PASSED] - delay(2): Delayed 2 second(s)

2022-02-21 12:13:07 - [MESSAGE][PASSED] - Delayed 2 second(s)

2022-02-21 12:13:07 - [TEST_STEP][PASSED] - break: null

2022-02-21 12:13:07 - [MESSAGE][PASSED] - Call Test Case 'Test Cases/Mobile/Page/Login/Login' successfully

2022-02-21 12:13:07 - [MESSAGE][PASSED] - Call Test Case 'Test Cases/Mobile/Page/CheckLogin' successfully

2022-02-21 12:13:07 - [TEST_STEP][PASSED] - tap(HOME_MenubarPortfolio, 0): Tapped on element 'Object Repository/Mobile/Page/Home/Menubar - Portfolio'

2022-02-21 12:13:07 - [MESSAGE][WARNING] - Timeout '0' is invalid. Using default page load timeout: '60'

2022-02-21 12:13:08 - [MESSAGE][PASSED] - Tapped on element 'Object Repository/Mobile/Page/Home/Menubar - Portfolio'

2022-02-21 12:13:08 - [TEST_STEP][PASSED] - delay(1): Delayed 1 second(s)

2022-02-21 12:13:09 - [MESSAGE][PASSED] - Delayed 1 second(s)

2022-02-21 12:13:09 - [TEST_STEP][PASSED] - for ([i = 0, i < 1, (i++)]): scroll.scroll.scrollScreenBottomToTop is PASSED

2022-02-21 12:13:09 - [TEST_STEP][PASSED] - if (tab == "summary"): null

2022-02-21 12:13:09 - [TEST_STEP][PASSED] - else if (tab == "stock"): null

2022-02-21 12:13:09 - [TEST_STEP][PASSED] - else if (tab == "mutualfund"): scroll.scroll.scrollScreenBottomToTop is PASSED

2022-02-21 12:13:09 - [TEST_STEP][PASSED] - tap(PORT_TabMutualFund, 0): Tapped on element 'Object Repository/Mobile/Page/Portfolio/Tab - Mutual Fund'

2022-02-21 12:13:09 - [MESSAGE][WARNING] - Timeout '0' is invalid. Using default page load timeout: '60'

2022-02-21 12:13:11 - [MESSAGE][PASSED] - Tapped on element 'Object Repository/Mobile/Page/Portfolio/Tab - Mutual Fund'

2022-02-21 12:13:11 - [TEST_STEP][PASSED] - delay(1): Delayed 1 second(s)

2022-02-21 12:13:12 - [MESSAGE][PASSED] - Delayed 1 second(s)

2022-02-21 12:13:12 - [TEST_STEP][PASSED] - try: scroll.scroll.scrollScreenBottomToTop is PASSED

2022-02-21 12:13:12 - [TEST_STEP][PASSED] - tapAndHold(PORT_ItemTopMutualFund, 1, 10): Tapped and held on element 'Object Repository/Mobile/Page/Portfolio/Item - Top Mutual Fund' with duration 1

2022-02-21 12:13:14 - [MESSAGE][PASSED] - Tapped and held on element 'Object Repository/Mobile/Page/Portfolio/Item - Top Mutual Fund' with duration 1

2022-02-21 12:13:14 - [TEST_STEP][PASSED] - delay(2): Delayed 2 second(s)

2022-02-21 12:13:16 - [MESSAGE][PASSED] - Delayed 2 second(s)

2022-02-21 12:13:16 - [TEST_STEP][PASSED] - switch (action2): null

2022-02-21 12:13:16 - [TEST_STEP][PASSED] - case "1 month":: null

2022-02-21 12:13:16 - [TEST_STEP][PASSED] - tapAndHold(PORT_DETL_Btn1Month, 1, 0): Tapped and held on element 'Object Repository/Mobile/Page/Portfolio/Detail Mutual Funds/Button - 1 Month' with duration 1

2022-02-21 12:13:16 - [MESSAGE][WARNING] - Timeout '0' is invalid. Using default page load timeout: '60'

2022-02-21 12:13:19 - [MESSAGE][PASSED] - Tapped and held on element 'Object Repository/Mobile/Page/Portfolio/Detail Mutual Funds/Button - 1 Month' with duration 1

2022-02-21 12:13:19 - [TEST_STEP][PASSED] - break: null

2022-02-21 12:13:19 - [TEST_STEP][PASSED] - delay(3): Delayed 3 second(s)

2022-02-21 12:13:22 - [MESSAGE][PASSED] - Delayed 3 second(s)

2022-02-21 12:13:22 - [TEST_STEP][PASSED] - scroll.scroll.scrollScreenBottomToTop(): scroll.scroll.scrollScreenBottomToTop is PASSED

2022-02-21 12:13:23 - [MESSAGE][PASSED] - Current device physical height is 1423

2022-02-21 12:13:23 - [MESSAGE][PASSED] - Current device physical width is 720

2022-02-21 12:13:24 - [MESSAGE][PASSED] - Swiped from 360,1,138 to 360,284

2022-02-21 12:13:24 - [MESSAGE][PASSED] - scroll.scroll.scrollScreenBottomToTop is PASSED

2022-02-21 12:13:24 - [MESSAGE][PASSED] - Call Test Case 'Test Cases/Mobile/Page/Portfolio/Portfolio' successfully

2022-02-21 12:13:24 - [TEST_STEP][PASSED] - callTestCase(findTestCase("Mobile/Page/Run App/Terminate App"), [:], STOP_ON_FAILURE): Call Test Case 'Test Cases/Mobile/Page/Run App/Terminate App' successfully

2022-02-21 12:13:24 - [TEST_CASE][PASSED] - Test Cases/Mobile/Page/Run App/Terminate App: Test Cases/Mobile/Page/Run App/Terminate App

2022-02-21 12:13:24 - [TEST_STEP][PASSED] - startApp.OpenApp.terminateApplication(): startApp.OpenApp.terminateApplication is PASSED

2022-02-21 12:13:27 - [MESSAGE][PASSED] - Delayed 3 second(s)

2022-02-21 12:13:28 - [MESSAGE][PASSED] - Current device physical width is 720

2022-02-21 12:13:28 - [MESSAGE][PASSED] - Current device physical height is 1423

2022-02-21 12:13:29 - [MESSAGE][PASSED] - Swiped from 360,853 to 360,142

2022-02-21 12:13:30 - [MESSAGE][PASSED] - Delayed 1 second(s)

2022-02-21 12:13:32 - [MESSAGE][PASSED] - Swiped from 360,853 to 360,142

2022-02-21 12:13:35 - [MESSAGE][PASSED] - Delayed 3 second(s)

2022-02-21 12:13:35 - [MESSAGE][PASSED] - startApp.OpenApp.terminateApplication is PASSED

2022-02-21 12:13:35 - [MESSAGE][PASSED] - Call Test Case 'Test Cases/Mobile/Page/Run App/Terminate App' successfully]]></system-out>
         <system-err><![CDATA[]]></system-err>
      </testcase>
      <testcase name="Test Cases/Mobile/Scenario/Portfolio/014 - Melihat detail mutual fund 3 month" time="69.541" classname="Test Cases/Mobile/Scenario/Portfolio/014 - Melihat detail mutual fund 3 month" status="PASSED">
         <system-out><![CDATA[2022-02-21 12:13:35 - [TEST_CASE][PASSED] - Test Cases/Mobile/Scenario/Portfolio/014 - Melihat detail mutual fund 3 month: Test Cases/Mobile/Scenario/Portfolio/014 - Melihat detail mutual fund 3 month

2022-02-21 12:13:35 - [TEST_STEP][PASSED] - callTestCase(findTestCase("Mobile/Page/Run App/Run App byID"), [:], STOP_ON_FAILURE): Call Test Case 'Test Cases/Mobile/Page/Run App/Run App byID' successfully

2022-02-21 12:13:35 - [TEST_CASE][PASSED] - Test Cases/Mobile/Page/Run App/Run App byID: Test Cases/Mobile/Page/Run App/Run App byID

2022-02-21 12:13:35 - [TEST_STEP][PASSED] - startApp.OpenApp.startApplication("id.co.miraeasset.sageclub"): startApp.OpenApp.startApplication is PASSED

2022-02-21 12:13:52 - [MESSAGE][PASSED] - Starting app with application ID: 'id.co.miraeasset.sageclub'

2022-02-21 12:13:52 - [MESSAGE][PASSED] - startApp.OpenApp.startApplication is PASSED

2022-02-21 12:13:52 - [MESSAGE][PASSED] - Call Test Case 'Test Cases/Mobile/Page/Run App/Run App byID' successfully

2022-02-21 12:13:52 - [TEST_STEP][PASSED] - callTestCase(findTestCase("Mobile/Page/Portfolio/Portfolio"), ["tab":"mutualfund", "action2":"3 month"], CONTINUE_ON_FAILURE): Call Test Case 'Test Cases/Mobile/Page/Portfolio/Portfolio' successfully

2022-02-21 12:13:52 - [TEST_CASE][PASSED] - Test Cases/Mobile/Page/Portfolio/Portfolio: Test Cases/Mobile/Page/Portfolio/Portfolio

2022-02-21 12:13:52 - [TEST_STEP][PASSED] - callTestCase(findTestCase("Mobile/Page/CheckLogin"), [:], CONTINUE_ON_FAILURE): Call Test Case 'Test Cases/Mobile/Page/CheckLogin' successfully

2022-02-21 12:13:52 - [TEST_CASE][PASSED] - Test Cases/Mobile/Page/CheckLogin: Test Cases/Mobile/Page/CheckLogin

2022-02-21 12:13:52 - [TEST_STEP][PASSED] - loginCheck = verifyElementExist(LOGN_BtnLogin, 5, CONTINUE_ON_FAILURE): Element 'Object Repository/Mobile/Page/Login/Button - Login' is exist

2022-02-21 12:13:54 - [MESSAGE][PASSED] - Element 'Object Repository/Mobile/Page/Login/Button - Login' is exist

2022-02-21 12:13:54 - [TEST_STEP][PASSED] - if (loginCheck): Call Test Case 'Test Cases/Mobile/Page/Login/Login' successfully

2022-02-21 12:13:54 - [TEST_STEP][PASSED] - callTestCase(findTestCase("Mobile/Page/Login/Login"), ["action":"username"], CONTINUE_ON_FAILURE): Call Test Case 'Test Cases/Mobile/Page/Login/Login' successfully

2022-02-21 12:13:54 - [TEST_CASE][PASSED] - Test Cases/Mobile/Page/Login/Login: Test Cases/Mobile/Page/Login/Login

2022-02-21 12:13:54 - [TEST_STEP][PASSED] - delay(2): Delayed 2 second(s)

2022-02-21 12:13:56 - [MESSAGE][PASSED] - Delayed 2 second(s)

2022-02-21 12:13:56 - [TEST_STEP][PASSED] - for ([i = 0, i < 1, (i++)]): null

2022-02-21 12:13:56 - [TEST_STEP][PASSED] - if (action == "username"): null

2022-02-21 12:13:56 - [TEST_STEP][PASSED] - tap(LOGN_EdtUserID, 0): Tapped on element 'Object Repository/Mobile/Page/Login/Input - UserID'

2022-02-21 12:13:56 - [MESSAGE][WARNING] - Timeout '0' is invalid. Using default page load timeout: '60'

2022-02-21 12:13:57 - [MESSAGE][PASSED] - Tapped on element 'Object Repository/Mobile/Page/Login/Input - UserID'

2022-02-21 12:13:57 - [TEST_STEP][PASSED] - delay(1): Delayed 1 second(s)

2022-02-21 12:13:58 - [MESSAGE][PASSED] - Delayed 1 second(s)

2022-02-21 12:13:58 - [TEST_STEP][PASSED] - setText(LOGN_EdtRdyUserID, "anggaaditya", 0): Text 'anggaaditya' has been set to element 'Object Repository/Mobile/Page/Login/Input Rdy - UserID'

2022-02-21 12:13:58 - [MESSAGE][WARNING] - Timeout '0' is invalid. Using default page load timeout: '60'

2022-02-21 12:13:58 - [MESSAGE][PASSED] - Text 'anggaaditya' has been set to element 'Object Repository/Mobile/Page/Login/Input Rdy - UserID'

2022-02-21 12:13:58 - [TEST_STEP][PASSED] - delay(1): Delayed 1 second(s)

2022-02-21 12:13:59 - [MESSAGE][PASSED] - Delayed 1 second(s)

2022-02-21 12:13:59 - [TEST_STEP][PASSED] - hideKeyboard(): Keyboard is hidden

2022-02-21 12:14:03 - [MESSAGE][PASSED] - Keyboard is hidden

2022-02-21 12:14:03 - [TEST_STEP][PASSED] - tap(LOGN_EdtPassword, 0): Tapped on element 'Object Repository/Mobile/Page/Login/Input - Password'

2022-02-21 12:14:03 - [MESSAGE][WARNING] - Timeout '0' is invalid. Using default page load timeout: '60'

2022-02-21 12:14:04 - [MESSAGE][PASSED] - Tapped on element 'Object Repository/Mobile/Page/Login/Input - Password'

2022-02-21 12:14:04 - [TEST_STEP][PASSED] - delay(1): Delayed 1 second(s)

2022-02-21 12:14:05 - [MESSAGE][PASSED] - Delayed 1 second(s)

2022-02-21 12:14:05 - [TEST_STEP][PASSED] - setText(LOGN_EdtRdyPassword, "Shalawa18", 0): Text 'Shalawa18' has been set to element 'Object Repository/Mobile/Page/Login/Input Rdy - Password'

2022-02-21 12:14:05 - [MESSAGE][WARNING] - Timeout '0' is invalid. Using default page load timeout: '60'

2022-02-21 12:14:05 - [MESSAGE][PASSED] - Text 'Shalawa18' has been set to element 'Object Repository/Mobile/Page/Login/Input Rdy - Password'

2022-02-21 12:14:05 - [TEST_STEP][PASSED] - delay(1): Delayed 1 second(s)

2022-02-21 12:14:06 - [MESSAGE][PASSED] - Delayed 1 second(s)

2022-02-21 12:14:06 - [TEST_STEP][PASSED] - hideKeyboard(): Keyboard is hidden

2022-02-21 12:14:13 - [MESSAGE][PASSED] - Keyboard is hidden

2022-02-21 12:14:13 - [TEST_STEP][PASSED] - tap(LOGN_BtnLogin, 0): Tapped on element 'Object Repository/Mobile/Page/Login/Button - Login'

2022-02-21 12:14:13 - [MESSAGE][WARNING] - Timeout '0' is invalid. Using default page load timeout: '60'

2022-02-21 12:14:13 - [MESSAGE][PASSED] - Tapped on element 'Object Repository/Mobile/Page/Login/Button - Login'

2022-02-21 12:14:13 - [TEST_STEP][PASSED] - delay(2): Delayed 2 second(s)

2022-02-21 12:14:15 - [MESSAGE][PASSED] - Delayed 2 second(s)

2022-02-21 12:14:15 - [TEST_STEP][PASSED] - break: null

2022-02-21 12:14:15 - [MESSAGE][PASSED] - Call Test Case 'Test Cases/Mobile/Page/Login/Login' successfully

2022-02-21 12:14:15 - [MESSAGE][PASSED] - Call Test Case 'Test Cases/Mobile/Page/CheckLogin' successfully

2022-02-21 12:14:15 - [TEST_STEP][PASSED] - tap(HOME_MenubarPortfolio, 0): Tapped on element 'Object Repository/Mobile/Page/Home/Menubar - Portfolio'

2022-02-21 12:14:15 - [MESSAGE][WARNING] - Timeout '0' is invalid. Using default page load timeout: '60'

2022-02-21 12:14:17 - [MESSAGE][PASSED] - Tapped on element 'Object Repository/Mobile/Page/Home/Menubar - Portfolio'

2022-02-21 12:14:17 - [TEST_STEP][PASSED] - delay(1): Delayed 1 second(s)

2022-02-21 12:14:18 - [MESSAGE][PASSED] - Delayed 1 second(s)

2022-02-21 12:14:18 - [TEST_STEP][PASSED] - for ([i = 0, i < 1, (i++)]): scroll.scroll.scrollScreenBottomToTop is PASSED

2022-02-21 12:14:18 - [TEST_STEP][PASSED] - if (tab == "summary"): null

2022-02-21 12:14:18 - [TEST_STEP][PASSED] - else if (tab == "stock"): null

2022-02-21 12:14:18 - [TEST_STEP][PASSED] - else if (tab == "mutualfund"): scroll.scroll.scrollScreenBottomToTop is PASSED

2022-02-21 12:14:18 - [TEST_STEP][PASSED] - tap(PORT_TabMutualFund, 0): Tapped on element 'Object Repository/Mobile/Page/Portfolio/Tab - Mutual Fund'

2022-02-21 12:14:18 - [MESSAGE][WARNING] - Timeout '0' is invalid. Using default page load timeout: '60'

2022-02-21 12:14:20 - [MESSAGE][PASSED] - Tapped on element 'Object Repository/Mobile/Page/Portfolio/Tab - Mutual Fund'

2022-02-21 12:14:20 - [TEST_STEP][PASSED] - delay(1): Delayed 1 second(s)

2022-02-21 12:14:21 - [MESSAGE][PASSED] - Delayed 1 second(s)

2022-02-21 12:14:21 - [TEST_STEP][PASSED] - try: scroll.scroll.scrollScreenBottomToTop is PASSED

2022-02-21 12:14:21 - [TEST_STEP][PASSED] - tapAndHold(PORT_ItemTopMutualFund, 1, 10): Tapped and held on element 'Object Repository/Mobile/Page/Portfolio/Item - Top Mutual Fund' with duration 1

2022-02-21 12:14:24 - [MESSAGE][PASSED] - Tapped and held on element 'Object Repository/Mobile/Page/Portfolio/Item - Top Mutual Fund' with duration 1

2022-02-21 12:14:24 - [TEST_STEP][PASSED] - delay(2): Delayed 2 second(s)

2022-02-21 12:14:26 - [MESSAGE][PASSED] - Delayed 2 second(s)

2022-02-21 12:14:26 - [TEST_STEP][PASSED] - switch (action2): null

2022-02-21 12:14:26 - [TEST_STEP][PASSED] - case "3 month":: null

2022-02-21 12:14:26 - [TEST_STEP][PASSED] - tapAndHold(PORT_DETL_Btn3Month, 1, 0): Tapped and held on element 'Object Repository/Mobile/Page/Portfolio/Detail Mutual Funds/Button - 3 Month' with duration 1

2022-02-21 12:14:26 - [MESSAGE][WARNING] - Timeout '0' is invalid. Using default page load timeout: '60'

2022-02-21 12:14:29 - [MESSAGE][PASSED] - Tapped and held on element 'Object Repository/Mobile/Page/Portfolio/Detail Mutual Funds/Button - 3 Month' with duration 1

2022-02-21 12:14:29 - [TEST_STEP][PASSED] - break: null

2022-02-21 12:14:29 - [TEST_STEP][PASSED] - delay(3): Delayed 3 second(s)

2022-02-21 12:14:32 - [MESSAGE][PASSED] - Delayed 3 second(s)

2022-02-21 12:14:32 - [TEST_STEP][PASSED] - scroll.scroll.scrollScreenBottomToTop(): scroll.scroll.scrollScreenBottomToTop is PASSED

2022-02-21 12:14:32 - [MESSAGE][PASSED] - Current device physical height is 1423

2022-02-21 12:14:32 - [MESSAGE][PASSED] - Current device physical width is 720

2022-02-21 12:14:34 - [MESSAGE][PASSED] - Swiped from 360,1,138 to 360,284

2022-02-21 12:14:34 - [MESSAGE][PASSED] - scroll.scroll.scrollScreenBottomToTop is PASSED

2022-02-21 12:14:34 - [MESSAGE][PASSED] - Call Test Case 'Test Cases/Mobile/Page/Portfolio/Portfolio' successfully

2022-02-21 12:14:34 - [TEST_STEP][PASSED] - callTestCase(findTestCase("Mobile/Page/Run App/Terminate App"), [:], STOP_ON_FAILURE): Call Test Case 'Test Cases/Mobile/Page/Run App/Terminate App' successfully

2022-02-21 12:14:34 - [TEST_CASE][PASSED] - Test Cases/Mobile/Page/Run App/Terminate App: Test Cases/Mobile/Page/Run App/Terminate App

2022-02-21 12:14:34 - [TEST_STEP][PASSED] - startApp.OpenApp.terminateApplication(): startApp.OpenApp.terminateApplication is PASSED

2022-02-21 12:14:37 - [MESSAGE][PASSED] - Delayed 3 second(s)

2022-02-21 12:14:37 - [MESSAGE][PASSED] - Current device physical width is 720

2022-02-21 12:14:38 - [MESSAGE][PASSED] - Current device physical height is 1423

2022-02-21 12:14:39 - [MESSAGE][PASSED] - Swiped from 360,853 to 360,142

2022-02-21 12:14:40 - [MESSAGE][PASSED] - Delayed 1 second(s)

2022-02-21 12:14:41 - [MESSAGE][PASSED] - Swiped from 360,853 to 360,142

2022-02-21 12:14:44 - [MESSAGE][PASSED] - Delayed 3 second(s)

2022-02-21 12:14:44 - [MESSAGE][PASSED] - startApp.OpenApp.terminateApplication is PASSED

2022-02-21 12:14:44 - [MESSAGE][PASSED] - Call Test Case 'Test Cases/Mobile/Page/Run App/Terminate App' successfully]]></system-out>
         <system-err><![CDATA[]]></system-err>
      </testcase>
      <testcase name="Test Cases/Mobile/Scenario/Portfolio/015 - Melihat detail mutual fund 6 month" time="71.234" classname="Test Cases/Mobile/Scenario/Portfolio/015 - Melihat detail mutual fund 6 month" status="PASSED">
         <system-out><![CDATA[2022-02-21 12:14:44 - [TEST_CASE][PASSED] - Test Cases/Mobile/Scenario/Portfolio/015 - Melihat detail mutual fund 6 month: Test Cases/Mobile/Scenario/Portfolio/015 - Melihat detail mutual fund 6 month

2022-02-21 12:14:45 - [TEST_STEP][PASSED] - callTestCase(findTestCase("Mobile/Page/Run App/Run App byID"), [:], STOP_ON_FAILURE): Call Test Case 'Test Cases/Mobile/Page/Run App/Run App byID' successfully

2022-02-21 12:14:45 - [TEST_CASE][PASSED] - Test Cases/Mobile/Page/Run App/Run App byID: Test Cases/Mobile/Page/Run App/Run App byID

2022-02-21 12:14:45 - [TEST_STEP][PASSED] - startApp.OpenApp.startApplication("id.co.miraeasset.sageclub"): startApp.OpenApp.startApplication is PASSED

2022-02-21 12:15:01 - [MESSAGE][PASSED] - Starting app with application ID: 'id.co.miraeasset.sageclub'

2022-02-21 12:15:01 - [MESSAGE][PASSED] - startApp.OpenApp.startApplication is PASSED

2022-02-21 12:15:01 - [MESSAGE][PASSED] - Call Test Case 'Test Cases/Mobile/Page/Run App/Run App byID' successfully

2022-02-21 12:15:01 - [TEST_STEP][PASSED] - callTestCase(findTestCase("Mobile/Page/Portfolio/Portfolio"), ["tab":"mutualfund", "action2":"6 month"], CONTINUE_ON_FAILURE): Call Test Case 'Test Cases/Mobile/Page/Portfolio/Portfolio' successfully

2022-02-21 12:15:01 - [TEST_CASE][PASSED] - Test Cases/Mobile/Page/Portfolio/Portfolio: Test Cases/Mobile/Page/Portfolio/Portfolio

2022-02-21 12:15:01 - [TEST_STEP][PASSED] - callTestCase(findTestCase("Mobile/Page/CheckLogin"), [:], CONTINUE_ON_FAILURE): Call Test Case 'Test Cases/Mobile/Page/CheckLogin' successfully

2022-02-21 12:15:01 - [TEST_CASE][PASSED] - Test Cases/Mobile/Page/CheckLogin: Test Cases/Mobile/Page/CheckLogin

2022-02-21 12:15:01 - [TEST_STEP][PASSED] - loginCheck = verifyElementExist(LOGN_BtnLogin, 5, CONTINUE_ON_FAILURE): Element 'Object Repository/Mobile/Page/Login/Button - Login' is exist

2022-02-21 12:15:03 - [MESSAGE][PASSED] - Element 'Object Repository/Mobile/Page/Login/Button - Login' is exist

2022-02-21 12:15:03 - [TEST_STEP][PASSED] - if (loginCheck): Call Test Case 'Test Cases/Mobile/Page/Login/Login' successfully

2022-02-21 12:15:03 - [TEST_STEP][PASSED] - callTestCase(findTestCase("Mobile/Page/Login/Login"), ["action":"username"], CONTINUE_ON_FAILURE): Call Test Case 'Test Cases/Mobile/Page/Login/Login' successfully

2022-02-21 12:15:03 - [TEST_CASE][PASSED] - Test Cases/Mobile/Page/Login/Login: Test Cases/Mobile/Page/Login/Login

2022-02-21 12:15:03 - [TEST_STEP][PASSED] - delay(2): Delayed 2 second(s)

2022-02-21 12:15:05 - [MESSAGE][PASSED] - Delayed 2 second(s)

2022-02-21 12:15:05 - [TEST_STEP][PASSED] - for ([i = 0, i < 1, (i++)]): null

2022-02-21 12:15:05 - [TEST_STEP][PASSED] - if (action == "username"): null

2022-02-21 12:15:05 - [TEST_STEP][PASSED] - tap(LOGN_EdtUserID, 0): Tapped on element 'Object Repository/Mobile/Page/Login/Input - UserID'

2022-02-21 12:15:05 - [MESSAGE][WARNING] - Timeout '0' is invalid. Using default page load timeout: '60'

2022-02-21 12:15:06 - [MESSAGE][PASSED] - Tapped on element 'Object Repository/Mobile/Page/Login/Input - UserID'

2022-02-21 12:15:06 - [TEST_STEP][PASSED] - delay(1): Delayed 1 second(s)

2022-02-21 12:15:07 - [MESSAGE][PASSED] - Delayed 1 second(s)

2022-02-21 12:15:07 - [TEST_STEP][PASSED] - setText(LOGN_EdtRdyUserID, "anggaaditya", 0): Text 'anggaaditya' has been set to element 'Object Repository/Mobile/Page/Login/Input Rdy - UserID'

2022-02-21 12:15:07 - [MESSAGE][WARNING] - Timeout '0' is invalid. Using default page load timeout: '60'

2022-02-21 12:15:07 - [MESSAGE][PASSED] - Text 'anggaaditya' has been set to element 'Object Repository/Mobile/Page/Login/Input Rdy - UserID'

2022-02-21 12:15:07 - [TEST_STEP][PASSED] - delay(1): Delayed 1 second(s)

2022-02-21 12:15:08 - [MESSAGE][PASSED] - Delayed 1 second(s)

2022-02-21 12:15:08 - [TEST_STEP][PASSED] - hideKeyboard(): Keyboard is hidden

2022-02-21 12:15:14 - [MESSAGE][PASSED] - Keyboard is hidden

2022-02-21 12:15:14 - [TEST_STEP][PASSED] - tap(LOGN_EdtPassword, 0): Tapped on element 'Object Repository/Mobile/Page/Login/Input - Password'

2022-02-21 12:15:14 - [MESSAGE][WARNING] - Timeout '0' is invalid. Using default page load timeout: '60'

2022-02-21 12:15:15 - [MESSAGE][PASSED] - Tapped on element 'Object Repository/Mobile/Page/Login/Input - Password'

2022-02-21 12:15:15 - [TEST_STEP][PASSED] - delay(1): Delayed 1 second(s)

2022-02-21 12:15:16 - [MESSAGE][PASSED] - Delayed 1 second(s)

2022-02-21 12:15:16 - [TEST_STEP][PASSED] - setText(LOGN_EdtRdyPassword, "Shalawa18", 0): Text 'Shalawa18' has been set to element 'Object Repository/Mobile/Page/Login/Input Rdy - Password'

2022-02-21 12:15:16 - [MESSAGE][WARNING] - Timeout '0' is invalid. Using default page load timeout: '60'

2022-02-21 12:15:16 - [MESSAGE][PASSED] - Text 'Shalawa18' has been set to element 'Object Repository/Mobile/Page/Login/Input Rdy - Password'

2022-02-21 12:15:16 - [TEST_STEP][PASSED] - delay(1): Delayed 1 second(s)

2022-02-21 12:15:17 - [MESSAGE][PASSED] - Delayed 1 second(s)

2022-02-21 12:15:17 - [TEST_STEP][PASSED] - hideKeyboard(): Keyboard is hidden

2022-02-21 12:15:24 - [MESSAGE][PASSED] - Keyboard is hidden

2022-02-21 12:15:24 - [TEST_STEP][PASSED] - tap(LOGN_BtnLogin, 0): Tapped on element 'Object Repository/Mobile/Page/Login/Button - Login'

2022-02-21 12:15:24 - [MESSAGE][WARNING] - Timeout '0' is invalid. Using default page load timeout: '60'

2022-02-21 12:15:25 - [MESSAGE][PASSED] - Tapped on element 'Object Repository/Mobile/Page/Login/Button - Login'

2022-02-21 12:15:25 - [TEST_STEP][PASSED] - delay(2): Delayed 2 second(s)

2022-02-21 12:15:27 - [MESSAGE][PASSED] - Delayed 2 second(s)

2022-02-21 12:15:27 - [TEST_STEP][PASSED] - break: null

2022-02-21 12:15:27 - [MESSAGE][PASSED] - Call Test Case 'Test Cases/Mobile/Page/Login/Login' successfully

2022-02-21 12:15:27 - [MESSAGE][PASSED] - Call Test Case 'Test Cases/Mobile/Page/CheckLogin' successfully

2022-02-21 12:15:27 - [TEST_STEP][PASSED] - tap(HOME_MenubarPortfolio, 0): Tapped on element 'Object Repository/Mobile/Page/Home/Menubar - Portfolio'

2022-02-21 12:15:27 - [MESSAGE][WARNING] - Timeout '0' is invalid. Using default page load timeout: '60'

2022-02-21 12:15:29 - [MESSAGE][PASSED] - Tapped on element 'Object Repository/Mobile/Page/Home/Menubar - Portfolio'

2022-02-21 12:15:29 - [TEST_STEP][PASSED] - delay(1): Delayed 1 second(s)

2022-02-21 12:15:30 - [MESSAGE][PASSED] - Delayed 1 second(s)

2022-02-21 12:15:30 - [TEST_STEP][PASSED] - for ([i = 0, i < 1, (i++)]): scroll.scroll.scrollScreenBottomToTop is PASSED

2022-02-21 12:15:30 - [TEST_STEP][PASSED] - if (tab == "summary"): null

2022-02-21 12:15:30 - [TEST_STEP][PASSED] - else if (tab == "stock"): null

2022-02-21 12:15:30 - [TEST_STEP][PASSED] - else if (tab == "mutualfund"): scroll.scroll.scrollScreenBottomToTop is PASSED

2022-02-21 12:15:30 - [TEST_STEP][PASSED] - tap(PORT_TabMutualFund, 0): Tapped on element 'Object Repository/Mobile/Page/Portfolio/Tab - Mutual Fund'

2022-02-21 12:15:30 - [MESSAGE][WARNING] - Timeout '0' is invalid. Using default page load timeout: '60'

2022-02-21 12:15:31 - [MESSAGE][PASSED] - Tapped on element 'Object Repository/Mobile/Page/Portfolio/Tab - Mutual Fund'

2022-02-21 12:15:31 - [TEST_STEP][PASSED] - delay(1): Delayed 1 second(s)

2022-02-21 12:15:32 - [MESSAGE][PASSED] - Delayed 1 second(s)

2022-02-21 12:15:32 - [TEST_STEP][PASSED] - try: scroll.scroll.scrollScreenBottomToTop is PASSED

2022-02-21 12:15:32 - [TEST_STEP][PASSED] - tapAndHold(PORT_ItemTopMutualFund, 1, 10): Tapped and held on element 'Object Repository/Mobile/Page/Portfolio/Item - Top Mutual Fund' with duration 1

2022-02-21 12:15:35 - [MESSAGE][PASSED] - Tapped and held on element 'Object Repository/Mobile/Page/Portfolio/Item - Top Mutual Fund' with duration 1

2022-02-21 12:15:35 - [TEST_STEP][PASSED] - delay(2): Delayed 2 second(s)

2022-02-21 12:15:37 - [MESSAGE][PASSED] - Delayed 2 second(s)

2022-02-21 12:15:37 - [TEST_STEP][PASSED] - switch (action2): null

2022-02-21 12:15:37 - [TEST_STEP][PASSED] - case "6 month":: null

2022-02-21 12:15:37 - [TEST_STEP][PASSED] - tapAndHold(PORT_DETL_Btn6Month, 1, 0): Tapped and held on element 'Object Repository/Mobile/Page/Portfolio/Detail Mutual Funds/Button - 6 Month' with duration 1

2022-02-21 12:15:37 - [MESSAGE][WARNING] - Timeout '0' is invalid. Using default page load timeout: '60'

2022-02-21 12:15:40 - [MESSAGE][PASSED] - Tapped and held on element 'Object Repository/Mobile/Page/Portfolio/Detail Mutual Funds/Button - 6 Month' with duration 1

2022-02-21 12:15:40 - [TEST_STEP][PASSED] - break: null

2022-02-21 12:15:40 - [TEST_STEP][PASSED] - delay(3): Delayed 3 second(s)

2022-02-21 12:15:43 - [MESSAGE][PASSED] - Delayed 3 second(s)

2022-02-21 12:15:43 - [TEST_STEP][PASSED] - scroll.scroll.scrollScreenBottomToTop(): scroll.scroll.scrollScreenBottomToTop is PASSED

2022-02-21 12:15:43 - [MESSAGE][PASSED] - Current device physical height is 1423

2022-02-21 12:15:44 - [MESSAGE][PASSED] - Current device physical width is 720

2022-02-21 12:15:45 - [MESSAGE][PASSED] - Swiped from 360,1,138 to 360,284

2022-02-21 12:15:45 - [MESSAGE][PASSED] - scroll.scroll.scrollScreenBottomToTop is PASSED

2022-02-21 12:15:45 - [MESSAGE][PASSED] - Call Test Case 'Test Cases/Mobile/Page/Portfolio/Portfolio' successfully

2022-02-21 12:15:45 - [TEST_STEP][PASSED] - callTestCase(findTestCase("Mobile/Page/Run App/Terminate App"), [:], STOP_ON_FAILURE): Call Test Case 'Test Cases/Mobile/Page/Run App/Terminate App' successfully

2022-02-21 12:15:45 - [TEST_CASE][PASSED] - Test Cases/Mobile/Page/Run App/Terminate App: Test Cases/Mobile/Page/Run App/Terminate App

2022-02-21 12:15:45 - [TEST_STEP][PASSED] - startApp.OpenApp.terminateApplication(): startApp.OpenApp.terminateApplication is PASSED

2022-02-21 12:15:48 - [MESSAGE][PASSED] - Delayed 3 second(s)

2022-02-21 12:15:49 - [MESSAGE][PASSED] - Current device physical width is 720

2022-02-21 12:15:49 - [MESSAGE][PASSED] - Current device physical height is 1423

2022-02-21 12:15:50 - [MESSAGE][PASSED] - Swiped from 360,853 to 360,142

2022-02-21 12:15:51 - [MESSAGE][PASSED] - Delayed 1 second(s)

2022-02-21 12:15:53 - [MESSAGE][PASSED] - Swiped from 360,853 to 360,142

2022-02-21 12:15:56 - [MESSAGE][PASSED] - Delayed 3 second(s)

2022-02-21 12:15:56 - [MESSAGE][PASSED] - startApp.OpenApp.terminateApplication is PASSED

2022-02-21 12:15:56 - [MESSAGE][PASSED] - Call Test Case 'Test Cases/Mobile/Page/Run App/Terminate App' successfully]]></system-out>
         <system-err><![CDATA[]]></system-err>
      </testcase>
      <testcase name="Test Cases/Mobile/Scenario/Portfolio/016 - Melihat detail mutual fund 1 year" time="69.264" classname="Test Cases/Mobile/Scenario/Portfolio/016 - Melihat detail mutual fund 1 year" status="PASSED">
         <system-out><![CDATA[2022-02-21 12:15:56 - [TEST_CASE][PASSED] - Test Cases/Mobile/Scenario/Portfolio/016 - Melihat detail mutual fund 1 year: Test Cases/Mobile/Scenario/Portfolio/016 - Melihat detail mutual fund 1 year

2022-02-21 12:15:56 - [TEST_STEP][PASSED] - callTestCase(findTestCase("Mobile/Page/Run App/Run App byID"), [:], STOP_ON_FAILURE): Call Test Case 'Test Cases/Mobile/Page/Run App/Run App byID' successfully

2022-02-21 12:15:56 - [TEST_CASE][PASSED] - Test Cases/Mobile/Page/Run App/Run App byID: Test Cases/Mobile/Page/Run App/Run App byID

2022-02-21 12:15:56 - [TEST_STEP][PASSED] - startApp.OpenApp.startApplication("id.co.miraeasset.sageclub"): startApp.OpenApp.startApplication is PASSED

2022-02-21 12:16:13 - [MESSAGE][PASSED] - Starting app with application ID: 'id.co.miraeasset.sageclub'

2022-02-21 12:16:13 - [MESSAGE][PASSED] - startApp.OpenApp.startApplication is PASSED

2022-02-21 12:16:13 - [MESSAGE][PASSED] - Call Test Case 'Test Cases/Mobile/Page/Run App/Run App byID' successfully

2022-02-21 12:16:13 - [TEST_STEP][PASSED] - callTestCase(findTestCase("Mobile/Page/Portfolio/Portfolio"), ["tab":"mutualfund", "action2":"1 year"], CONTINUE_ON_FAILURE): Call Test Case 'Test Cases/Mobile/Page/Portfolio/Portfolio' successfully

2022-02-21 12:16:13 - [TEST_CASE][PASSED] - Test Cases/Mobile/Page/Portfolio/Portfolio: Test Cases/Mobile/Page/Portfolio/Portfolio

2022-02-21 12:16:13 - [TEST_STEP][PASSED] - callTestCase(findTestCase("Mobile/Page/CheckLogin"), [:], CONTINUE_ON_FAILURE): Call Test Case 'Test Cases/Mobile/Page/CheckLogin' successfully

2022-02-21 12:16:13 - [TEST_CASE][PASSED] - Test Cases/Mobile/Page/CheckLogin: Test Cases/Mobile/Page/CheckLogin

2022-02-21 12:16:13 - [TEST_STEP][PASSED] - loginCheck = verifyElementExist(LOGN_BtnLogin, 5, CONTINUE_ON_FAILURE): Element 'Object Repository/Mobile/Page/Login/Button - Login' is exist

2022-02-21 12:16:15 - [MESSAGE][PASSED] - Element 'Object Repository/Mobile/Page/Login/Button - Login' is exist

2022-02-21 12:16:15 - [TEST_STEP][PASSED] - if (loginCheck): Call Test Case 'Test Cases/Mobile/Page/Login/Login' successfully

2022-02-21 12:16:15 - [TEST_STEP][PASSED] - callTestCase(findTestCase("Mobile/Page/Login/Login"), ["action":"username"], CONTINUE_ON_FAILURE): Call Test Case 'Test Cases/Mobile/Page/Login/Login' successfully

2022-02-21 12:16:15 - [TEST_CASE][PASSED] - Test Cases/Mobile/Page/Login/Login: Test Cases/Mobile/Page/Login/Login

2022-02-21 12:16:15 - [TEST_STEP][PASSED] - delay(2): Delayed 2 second(s)

2022-02-21 12:16:17 - [MESSAGE][PASSED] - Delayed 2 second(s)

2022-02-21 12:16:17 - [TEST_STEP][PASSED] - for ([i = 0, i < 1, (i++)]): null

2022-02-21 12:16:17 - [TEST_STEP][PASSED] - if (action == "username"): null

2022-02-21 12:16:17 - [TEST_STEP][PASSED] - tap(LOGN_EdtUserID, 0): Tapped on element 'Object Repository/Mobile/Page/Login/Input - UserID'

2022-02-21 12:16:17 - [MESSAGE][WARNING] - Timeout '0' is invalid. Using default page load timeout: '60'

2022-02-21 12:16:18 - [MESSAGE][PASSED] - Tapped on element 'Object Repository/Mobile/Page/Login/Input - UserID'

2022-02-21 12:16:18 - [TEST_STEP][PASSED] - delay(1): Delayed 1 second(s)

2022-02-21 12:16:19 - [MESSAGE][PASSED] - Delayed 1 second(s)

2022-02-21 12:16:19 - [TEST_STEP][PASSED] - setText(LOGN_EdtRdyUserID, "anggaaditya", 0): Text 'anggaaditya' has been set to element 'Object Repository/Mobile/Page/Login/Input Rdy - UserID'

2022-02-21 12:16:19 - [MESSAGE][WARNING] - Timeout '0' is invalid. Using default page load timeout: '60'

2022-02-21 12:16:19 - [MESSAGE][PASSED] - Text 'anggaaditya' has been set to element 'Object Repository/Mobile/Page/Login/Input Rdy - UserID'

2022-02-21 12:16:19 - [TEST_STEP][PASSED] - delay(1): Delayed 1 second(s)

2022-02-21 12:16:20 - [MESSAGE][PASSED] - Delayed 1 second(s)

2022-02-21 12:16:20 - [TEST_STEP][PASSED] - hideKeyboard(): Keyboard is hidden

2022-02-21 12:16:24 - [MESSAGE][PASSED] - Keyboard is hidden

2022-02-21 12:16:24 - [TEST_STEP][PASSED] - tap(LOGN_EdtPassword, 0): Tapped on element 'Object Repository/Mobile/Page/Login/Input - Password'

2022-02-21 12:16:24 - [MESSAGE][WARNING] - Timeout '0' is invalid. Using default page load timeout: '60'

2022-02-21 12:16:25 - [MESSAGE][PASSED] - Tapped on element 'Object Repository/Mobile/Page/Login/Input - Password'

2022-02-21 12:16:25 - [TEST_STEP][PASSED] - delay(1): Delayed 1 second(s)

2022-02-21 12:16:26 - [MESSAGE][PASSED] - Delayed 1 second(s)

2022-02-21 12:16:26 - [TEST_STEP][PASSED] - setText(LOGN_EdtRdyPassword, "Shalawa18", 0): Text 'Shalawa18' has been set to element 'Object Repository/Mobile/Page/Login/Input Rdy - Password'

2022-02-21 12:16:26 - [MESSAGE][WARNING] - Timeout '0' is invalid. Using default page load timeout: '60'

2022-02-21 12:16:26 - [MESSAGE][PASSED] - Text 'Shalawa18' has been set to element 'Object Repository/Mobile/Page/Login/Input Rdy - Password'

2022-02-21 12:16:26 - [TEST_STEP][PASSED] - delay(1): Delayed 1 second(s)

2022-02-21 12:16:27 - [MESSAGE][PASSED] - Delayed 1 second(s)

2022-02-21 12:16:27 - [TEST_STEP][PASSED] - hideKeyboard(): Keyboard is hidden

2022-02-21 12:16:34 - [MESSAGE][PASSED] - Keyboard is hidden

2022-02-21 12:16:34 - [TEST_STEP][PASSED] - tap(LOGN_BtnLogin, 0): Tapped on element 'Object Repository/Mobile/Page/Login/Button - Login'

2022-02-21 12:16:34 - [MESSAGE][WARNING] - Timeout '0' is invalid. Using default page load timeout: '60'

2022-02-21 12:16:35 - [MESSAGE][PASSED] - Tapped on element 'Object Repository/Mobile/Page/Login/Button - Login'

2022-02-21 12:16:35 - [TEST_STEP][PASSED] - delay(2): Delayed 2 second(s)

2022-02-21 12:16:37 - [MESSAGE][PASSED] - Delayed 2 second(s)

2022-02-21 12:16:37 - [TEST_STEP][PASSED] - break: null

2022-02-21 12:16:37 - [MESSAGE][PASSED] - Call Test Case 'Test Cases/Mobile/Page/Login/Login' successfully

2022-02-21 12:16:37 - [MESSAGE][PASSED] - Call Test Case 'Test Cases/Mobile/Page/CheckLogin' successfully

2022-02-21 12:16:37 - [TEST_STEP][PASSED] - tap(HOME_MenubarPortfolio, 0): Tapped on element 'Object Repository/Mobile/Page/Home/Menubar - Portfolio'

2022-02-21 12:16:37 - [MESSAGE][WARNING] - Timeout '0' is invalid. Using default page load timeout: '60'

2022-02-21 12:16:38 - [MESSAGE][PASSED] - Tapped on element 'Object Repository/Mobile/Page/Home/Menubar - Portfolio'

2022-02-21 12:16:38 - [TEST_STEP][PASSED] - delay(1): Delayed 1 second(s)

2022-02-21 12:16:39 - [MESSAGE][PASSED] - Delayed 1 second(s)

2022-02-21 12:16:39 - [TEST_STEP][PASSED] - for ([i = 0, i < 1, (i++)]): scroll.scroll.scrollScreenBottomToTop is PASSED

2022-02-21 12:16:39 - [TEST_STEP][PASSED] - if (tab == "summary"): null

2022-02-21 12:16:39 - [TEST_STEP][PASSED] - else if (tab == "stock"): null

2022-02-21 12:16:39 - [TEST_STEP][PASSED] - else if (tab == "mutualfund"): scroll.scroll.scrollScreenBottomToTop is PASSED

2022-02-21 12:16:39 - [TEST_STEP][PASSED] - tap(PORT_TabMutualFund, 0): Tapped on element 'Object Repository/Mobile/Page/Portfolio/Tab - Mutual Fund'

2022-02-21 12:16:39 - [MESSAGE][WARNING] - Timeout '0' is invalid. Using default page load timeout: '60'

2022-02-21 12:16:41 - [MESSAGE][PASSED] - Tapped on element 'Object Repository/Mobile/Page/Portfolio/Tab - Mutual Fund'

2022-02-21 12:16:41 - [TEST_STEP][PASSED] - delay(1): Delayed 1 second(s)

2022-02-21 12:16:42 - [MESSAGE][PASSED] - Delayed 1 second(s)

2022-02-21 12:16:42 - [TEST_STEP][PASSED] - try: scroll.scroll.scrollScreenBottomToTop is PASSED

2022-02-21 12:16:42 - [TEST_STEP][PASSED] - tapAndHold(PORT_ItemTopMutualFund, 1, 10): Tapped and held on element 'Object Repository/Mobile/Page/Portfolio/Item - Top Mutual Fund' with duration 1

2022-02-21 12:16:45 - [MESSAGE][PASSED] - Tapped and held on element 'Object Repository/Mobile/Page/Portfolio/Item - Top Mutual Fund' with duration 1

2022-02-21 12:16:45 - [TEST_STEP][PASSED] - delay(2): Delayed 2 second(s)

2022-02-21 12:16:47 - [MESSAGE][PASSED] - Delayed 2 second(s)

2022-02-21 12:16:47 - [TEST_STEP][PASSED] - switch (action2): null

2022-02-21 12:16:47 - [TEST_STEP][PASSED] - case "1 year":: null

2022-02-21 12:16:47 - [TEST_STEP][PASSED] - tapAndHold(PORT_DETL_Btn1Year, 1, 0): Tapped and held on element 'Object Repository/Mobile/Page/Portfolio/Detail Mutual Funds/Button - 1 Year' with duration 1

2022-02-21 12:16:47 - [MESSAGE][WARNING] - Timeout '0' is invalid. Using default page load timeout: '60'

2022-02-21 12:16:50 - [MESSAGE][PASSED] - Tapped and held on element 'Object Repository/Mobile/Page/Portfolio/Detail Mutual Funds/Button - 1 Year' with duration 1

2022-02-21 12:16:50 - [TEST_STEP][PASSED] - break: null

2022-02-21 12:16:50 - [TEST_STEP][PASSED] - delay(3): Delayed 3 second(s)

2022-02-21 12:16:53 - [MESSAGE][PASSED] - Delayed 3 second(s)

2022-02-21 12:16:53 - [TEST_STEP][PASSED] - scroll.scroll.scrollScreenBottomToTop(): scroll.scroll.scrollScreenBottomToTop is PASSED

2022-02-21 12:16:53 - [MESSAGE][PASSED] - Current device physical height is 1423

2022-02-21 12:16:53 - [MESSAGE][PASSED] - Current device physical width is 720

2022-02-21 12:16:54 - [MESSAGE][PASSED] - Swiped from 360,1,138 to 360,284

2022-02-21 12:16:54 - [MESSAGE][PASSED] - scroll.scroll.scrollScreenBottomToTop is PASSED

2022-02-21 12:16:54 - [MESSAGE][PASSED] - Call Test Case 'Test Cases/Mobile/Page/Portfolio/Portfolio' successfully

2022-02-21 12:16:54 - [TEST_STEP][PASSED] - callTestCase(findTestCase("Mobile/Page/Run App/Terminate App"), [:], STOP_ON_FAILURE): Call Test Case 'Test Cases/Mobile/Page/Run App/Terminate App' successfully

2022-02-21 12:16:54 - [TEST_CASE][PASSED] - Test Cases/Mobile/Page/Run App/Terminate App: Test Cases/Mobile/Page/Run App/Terminate App

2022-02-21 12:16:54 - [TEST_STEP][PASSED] - startApp.OpenApp.terminateApplication(): startApp.OpenApp.terminateApplication is PASSED

2022-02-21 12:16:58 - [MESSAGE][PASSED] - Delayed 3 second(s)

2022-02-21 12:16:58 - [MESSAGE][PASSED] - Current device physical width is 720

2022-02-21 12:16:58 - [MESSAGE][PASSED] - Current device physical height is 1423

2022-02-21 12:17:00 - [MESSAGE][PASSED] - Swiped from 360,853 to 360,142

2022-02-21 12:17:01 - [MESSAGE][PASSED] - Delayed 1 second(s)

2022-02-21 12:17:02 - [MESSAGE][PASSED] - Swiped from 360,853 to 360,142

2022-02-21 12:17:05 - [MESSAGE][PASSED] - Delayed 3 second(s)

2022-02-21 12:17:05 - [MESSAGE][PASSED] - startApp.OpenApp.terminateApplication is PASSED

2022-02-21 12:17:05 - [MESSAGE][PASSED] - Call Test Case 'Test Cases/Mobile/Page/Run App/Terminate App' successfully]]></system-out>
         <system-err><![CDATA[]]></system-err>
      </testcase>
      <testcase name="Test Cases/Mobile/Scenario/Portfolio/017 - Melihat detail mutual fund 3 year" time="73.122" classname="Test Cases/Mobile/Scenario/Portfolio/017 - Melihat detail mutual fund 3 year" status="PASSED">
         <system-out><![CDATA[2022-02-21 12:17:05 - [TEST_CASE][PASSED] - Test Cases/Mobile/Scenario/Portfolio/017 - Melihat detail mutual fund 3 year: Test Cases/Mobile/Scenario/Portfolio/017 - Melihat detail mutual fund 3 year

2022-02-21 12:17:05 - [TEST_STEP][PASSED] - callTestCase(findTestCase("Mobile/Page/Run App/Run App byID"), [:], STOP_ON_FAILURE): Call Test Case 'Test Cases/Mobile/Page/Run App/Run App byID' successfully

2022-02-21 12:17:05 - [TEST_CASE][PASSED] - Test Cases/Mobile/Page/Run App/Run App byID: Test Cases/Mobile/Page/Run App/Run App byID

2022-02-21 12:17:05 - [TEST_STEP][PASSED] - startApp.OpenApp.startApplication("id.co.miraeasset.sageclub"): startApp.OpenApp.startApplication is PASSED

2022-02-21 12:17:22 - [MESSAGE][PASSED] - Starting app with application ID: 'id.co.miraeasset.sageclub'

2022-02-21 12:17:22 - [MESSAGE][PASSED] - startApp.OpenApp.startApplication is PASSED

2022-02-21 12:17:22 - [MESSAGE][PASSED] - Call Test Case 'Test Cases/Mobile/Page/Run App/Run App byID' successfully

2022-02-21 12:17:22 - [TEST_STEP][PASSED] - callTestCase(findTestCase("Mobile/Page/Portfolio/Portfolio"), ["tab":"mutualfund", "action2":"3 year"], CONTINUE_ON_FAILURE): Call Test Case 'Test Cases/Mobile/Page/Portfolio/Portfolio' successfully

2022-02-21 12:17:22 - [TEST_CASE][PASSED] - Test Cases/Mobile/Page/Portfolio/Portfolio: Test Cases/Mobile/Page/Portfolio/Portfolio

2022-02-21 12:17:22 - [TEST_STEP][PASSED] - callTestCase(findTestCase("Mobile/Page/CheckLogin"), [:], CONTINUE_ON_FAILURE): Call Test Case 'Test Cases/Mobile/Page/CheckLogin' successfully

2022-02-21 12:17:23 - [TEST_CASE][PASSED] - Test Cases/Mobile/Page/CheckLogin: Test Cases/Mobile/Page/CheckLogin

2022-02-21 12:17:23 - [TEST_STEP][PASSED] - loginCheck = verifyElementExist(LOGN_BtnLogin, 5, CONTINUE_ON_FAILURE): Element 'Object Repository/Mobile/Page/Login/Button - Login' is exist

2022-02-21 12:17:24 - [MESSAGE][PASSED] - Element 'Object Repository/Mobile/Page/Login/Button - Login' is exist

2022-02-21 12:17:24 - [TEST_STEP][PASSED] - if (loginCheck): Call Test Case 'Test Cases/Mobile/Page/Login/Login' successfully

2022-02-21 12:17:24 - [TEST_STEP][PASSED] - callTestCase(findTestCase("Mobile/Page/Login/Login"), ["action":"username"], CONTINUE_ON_FAILURE): Call Test Case 'Test Cases/Mobile/Page/Login/Login' successfully

2022-02-21 12:17:24 - [TEST_CASE][PASSED] - Test Cases/Mobile/Page/Login/Login: Test Cases/Mobile/Page/Login/Login

2022-02-21 12:17:24 - [TEST_STEP][PASSED] - delay(2): Delayed 2 second(s)

2022-02-21 12:17:26 - [MESSAGE][PASSED] - Delayed 2 second(s)

2022-02-21 12:17:26 - [TEST_STEP][PASSED] - for ([i = 0, i < 1, (i++)]): null

2022-02-21 12:17:26 - [TEST_STEP][PASSED] - if (action == "username"): null

2022-02-21 12:17:26 - [TEST_STEP][PASSED] - tap(LOGN_EdtUserID, 0): Tapped on element 'Object Repository/Mobile/Page/Login/Input - UserID'

2022-02-21 12:17:26 - [MESSAGE][WARNING] - Timeout '0' is invalid. Using default page load timeout: '60'

2022-02-21 12:17:27 - [MESSAGE][PASSED] - Tapped on element 'Object Repository/Mobile/Page/Login/Input - UserID'

2022-02-21 12:17:27 - [TEST_STEP][PASSED] - delay(1): Delayed 1 second(s)

2022-02-21 12:17:28 - [MESSAGE][PASSED] - Delayed 1 second(s)

2022-02-21 12:17:28 - [TEST_STEP][PASSED] - setText(LOGN_EdtRdyUserID, "anggaaditya", 0): Text 'anggaaditya' has been set to element 'Object Repository/Mobile/Page/Login/Input Rdy - UserID'

2022-02-21 12:17:28 - [MESSAGE][WARNING] - Timeout '0' is invalid. Using default page load timeout: '60'

2022-02-21 12:17:29 - [MESSAGE][PASSED] - Text 'anggaaditya' has been set to element 'Object Repository/Mobile/Page/Login/Input Rdy - UserID'

2022-02-21 12:17:29 - [TEST_STEP][PASSED] - delay(1): Delayed 1 second(s)

2022-02-21 12:17:30 - [MESSAGE][PASSED] - Delayed 1 second(s)

2022-02-21 12:17:30 - [TEST_STEP][PASSED] - hideKeyboard(): Keyboard is hidden

2022-02-21 12:17:33 - [MESSAGE][PASSED] - Keyboard is hidden

2022-02-21 12:17:33 - [TEST_STEP][PASSED] - tap(LOGN_EdtPassword, 0): Tapped on element 'Object Repository/Mobile/Page/Login/Input - Password'

2022-02-21 12:17:33 - [MESSAGE][WARNING] - Timeout '0' is invalid. Using default page load timeout: '60'

2022-02-21 12:17:34 - [MESSAGE][PASSED] - Tapped on element 'Object Repository/Mobile/Page/Login/Input - Password'

2022-02-21 12:17:34 - [TEST_STEP][PASSED] - delay(1): Delayed 1 second(s)

2022-02-21 12:17:35 - [MESSAGE][PASSED] - Delayed 1 second(s)

2022-02-21 12:17:35 - [TEST_STEP][PASSED] - setText(LOGN_EdtRdyPassword, "Shalawa18", 0): Text 'Shalawa18' has been set to element 'Object Repository/Mobile/Page/Login/Input Rdy - Password'

2022-02-21 12:17:35 - [MESSAGE][WARNING] - Timeout '0' is invalid. Using default page load timeout: '60'

2022-02-21 12:17:35 - [MESSAGE][PASSED] - Text 'Shalawa18' has been set to element 'Object Repository/Mobile/Page/Login/Input Rdy - Password'

2022-02-21 12:17:35 - [TEST_STEP][PASSED] - delay(1): Delayed 1 second(s)

2022-02-21 12:17:36 - [MESSAGE][PASSED] - Delayed 1 second(s)

2022-02-21 12:17:36 - [TEST_STEP][PASSED] - hideKeyboard(): Keyboard is hidden

2022-02-21 12:17:47 - [MESSAGE][PASSED] - Keyboard is hidden

2022-02-21 12:17:47 - [TEST_STEP][PASSED] - tap(LOGN_BtnLogin, 0): Tapped on element 'Object Repository/Mobile/Page/Login/Button - Login'

2022-02-21 12:17:47 - [MESSAGE][WARNING] - Timeout '0' is invalid. Using default page load timeout: '60'

2022-02-21 12:17:48 - [MESSAGE][PASSED] - Tapped on element 'Object Repository/Mobile/Page/Login/Button - Login'

2022-02-21 12:17:48 - [TEST_STEP][PASSED] - delay(2): Delayed 2 second(s)

2022-02-21 12:17:50 - [MESSAGE][PASSED] - Delayed 2 second(s)

2022-02-21 12:17:50 - [TEST_STEP][PASSED] - break: null

2022-02-21 12:17:50 - [MESSAGE][PASSED] - Call Test Case 'Test Cases/Mobile/Page/Login/Login' successfully

2022-02-21 12:17:50 - [MESSAGE][PASSED] - Call Test Case 'Test Cases/Mobile/Page/CheckLogin' successfully

2022-02-21 12:17:50 - [TEST_STEP][PASSED] - tap(HOME_MenubarPortfolio, 0): Tapped on element 'Object Repository/Mobile/Page/Home/Menubar - Portfolio'

2022-02-21 12:17:50 - [MESSAGE][WARNING] - Timeout '0' is invalid. Using default page load timeout: '60'

2022-02-21 12:17:51 - [MESSAGE][PASSED] - Tapped on element 'Object Repository/Mobile/Page/Home/Menubar - Portfolio'

2022-02-21 12:17:51 - [TEST_STEP][PASSED] - delay(1): Delayed 1 second(s)

2022-02-21 12:17:52 - [MESSAGE][PASSED] - Delayed 1 second(s)

2022-02-21 12:17:52 - [TEST_STEP][PASSED] - for ([i = 0, i < 1, (i++)]): scroll.scroll.scrollScreenBottomToTop is PASSED

2022-02-21 12:17:52 - [TEST_STEP][PASSED] - if (tab == "summary"): null

2022-02-21 12:17:52 - [TEST_STEP][PASSED] - else if (tab == "stock"): null

2022-02-21 12:17:52 - [TEST_STEP][PASSED] - else if (tab == "mutualfund"): scroll.scroll.scrollScreenBottomToTop is PASSED

2022-02-21 12:17:52 - [TEST_STEP][PASSED] - tap(PORT_TabMutualFund, 0): Tapped on element 'Object Repository/Mobile/Page/Portfolio/Tab - Mutual Fund'

2022-02-21 12:17:52 - [MESSAGE][WARNING] - Timeout '0' is invalid. Using default page load timeout: '60'

2022-02-21 12:17:54 - [MESSAGE][PASSED] - Tapped on element 'Object Repository/Mobile/Page/Portfolio/Tab - Mutual Fund'

2022-02-21 12:17:54 - [TEST_STEP][PASSED] - delay(1): Delayed 1 second(s)

2022-02-21 12:17:55 - [MESSAGE][PASSED] - Delayed 1 second(s)

2022-02-21 12:17:55 - [TEST_STEP][PASSED] - try: scroll.scroll.scrollScreenBottomToTop is PASSED

2022-02-21 12:17:55 - [TEST_STEP][PASSED] - tapAndHold(PORT_ItemTopMutualFund, 1, 10): Tapped and held on element 'Object Repository/Mobile/Page/Portfolio/Item - Top Mutual Fund' with duration 1

2022-02-21 12:17:58 - [MESSAGE][PASSED] - Tapped and held on element 'Object Repository/Mobile/Page/Portfolio/Item - Top Mutual Fund' with duration 1

2022-02-21 12:17:58 - [TEST_STEP][PASSED] - delay(2): Delayed 2 second(s)

2022-02-21 12:18:00 - [MESSAGE][PASSED] - Delayed 2 second(s)

2022-02-21 12:18:00 - [TEST_STEP][PASSED] - switch (action2): null

2022-02-21 12:18:00 - [TEST_STEP][PASSED] - case "3 year":: null

2022-02-21 12:18:00 - [TEST_STEP][PASSED] - tapAndHold(PORT_DETL_Btn3Year, 1, 0): Tapped and held on element 'Object Repository/Mobile/Page/Portfolio/Detail Mutual Funds/Button - 3 Year' with duration 1

2022-02-21 12:18:00 - [MESSAGE][WARNING] - Timeout '0' is invalid. Using default page load timeout: '60'

2022-02-21 12:18:03 - [MESSAGE][PASSED] - Tapped and held on element 'Object Repository/Mobile/Page/Portfolio/Detail Mutual Funds/Button - 3 Year' with duration 1

2022-02-21 12:18:03 - [TEST_STEP][PASSED] - break: null

2022-02-21 12:18:03 - [TEST_STEP][PASSED] - delay(3): Delayed 3 second(s)

2022-02-21 12:18:06 - [MESSAGE][PASSED] - Delayed 3 second(s)

2022-02-21 12:18:06 - [TEST_STEP][PASSED] - scroll.scroll.scrollScreenBottomToTop(): scroll.scroll.scrollScreenBottomToTop is PASSED

2022-02-21 12:18:06 - [MESSAGE][PASSED] - Current device physical height is 1423

2022-02-21 12:18:06 - [MESSAGE][PASSED] - Current device physical width is 720

2022-02-21 12:18:07 - [MESSAGE][PASSED] - Swiped from 360,1,138 to 360,284

2022-02-21 12:18:07 - [MESSAGE][PASSED] - scroll.scroll.scrollScreenBottomToTop is PASSED

2022-02-21 12:18:07 - [MESSAGE][PASSED] - Call Test Case 'Test Cases/Mobile/Page/Portfolio/Portfolio' successfully

2022-02-21 12:18:07 - [TEST_STEP][PASSED] - callTestCase(findTestCase("Mobile/Page/Run App/Terminate App"), [:], STOP_ON_FAILURE): Call Test Case 'Test Cases/Mobile/Page/Run App/Terminate App' successfully

2022-02-21 12:18:08 - [TEST_CASE][PASSED] - Test Cases/Mobile/Page/Run App/Terminate App: Test Cases/Mobile/Page/Run App/Terminate App

2022-02-21 12:18:08 - [TEST_STEP][PASSED] - startApp.OpenApp.terminateApplication(): startApp.OpenApp.terminateApplication is PASSED

2022-02-21 12:18:11 - [MESSAGE][PASSED] - Delayed 3 second(s)

2022-02-21 12:18:11 - [MESSAGE][PASSED] - Current device physical width is 720

2022-02-21 12:18:11 - [MESSAGE][PASSED] - Current device physical height is 1423

2022-02-21 12:18:13 - [MESSAGE][PASSED] - Swiped from 360,853 to 360,142

2022-02-21 12:18:14 - [MESSAGE][PASSED] - Delayed 1 second(s)

2022-02-21 12:18:15 - [MESSAGE][PASSED] - Swiped from 360,853 to 360,142

2022-02-21 12:18:18 - [MESSAGE][PASSED] - Delayed 3 second(s)

2022-02-21 12:18:18 - [MESSAGE][PASSED] - startApp.OpenApp.terminateApplication is PASSED

2022-02-21 12:18:18 - [MESSAGE][PASSED] - Call Test Case 'Test Cases/Mobile/Page/Run App/Terminate App' successfully]]></system-out>
         <system-err><![CDATA[]]></system-err>
      </testcase>
      <testcase name="Test Cases/Mobile/Scenario/Portfolio/018 - Melihat detail mutual fund 5 year" time="71.251" classname="Test Cases/Mobile/Scenario/Portfolio/018 - Melihat detail mutual fund 5 year" status="PASSED">
         <system-out><![CDATA[2022-02-21 12:18:18 - [TEST_CASE][PASSED] - Test Cases/Mobile/Scenario/Portfolio/018 - Melihat detail mutual fund 5 year: Test Cases/Mobile/Scenario/Portfolio/018 - Melihat detail mutual fund 5 year

2022-02-21 12:18:18 - [TEST_STEP][PASSED] - callTestCase(findTestCase("Mobile/Page/Run App/Run App byID"), [:], STOP_ON_FAILURE): Call Test Case 'Test Cases/Mobile/Page/Run App/Run App byID' successfully

2022-02-21 12:18:18 - [TEST_CASE][PASSED] - Test Cases/Mobile/Page/Run App/Run App byID: Test Cases/Mobile/Page/Run App/Run App byID

2022-02-21 12:18:18 - [TEST_STEP][PASSED] - startApp.OpenApp.startApplication("id.co.miraeasset.sageclub"): startApp.OpenApp.startApplication is PASSED

2022-02-21 12:18:35 - [MESSAGE][PASSED] - Starting app with application ID: 'id.co.miraeasset.sageclub'

2022-02-21 12:18:35 - [MESSAGE][PASSED] - startApp.OpenApp.startApplication is PASSED

2022-02-21 12:18:35 - [MESSAGE][PASSED] - Call Test Case 'Test Cases/Mobile/Page/Run App/Run App byID' successfully

2022-02-21 12:18:35 - [TEST_STEP][PASSED] - callTestCase(findTestCase("Mobile/Page/Portfolio/Portfolio"), ["tab":"mutualfund", "action2":"5 year"], CONTINUE_ON_FAILURE): Call Test Case 'Test Cases/Mobile/Page/Portfolio/Portfolio' successfully

2022-02-21 12:18:35 - [TEST_CASE][PASSED] - Test Cases/Mobile/Page/Portfolio/Portfolio: Test Cases/Mobile/Page/Portfolio/Portfolio

2022-02-21 12:18:35 - [TEST_STEP][PASSED] - callTestCase(findTestCase("Mobile/Page/CheckLogin"), [:], CONTINUE_ON_FAILURE): Call Test Case 'Test Cases/Mobile/Page/CheckLogin' successfully

2022-02-21 12:18:35 - [TEST_CASE][PASSED] - Test Cases/Mobile/Page/CheckLogin: Test Cases/Mobile/Page/CheckLogin

2022-02-21 12:18:35 - [TEST_STEP][PASSED] - loginCheck = verifyElementExist(LOGN_BtnLogin, 5, CONTINUE_ON_FAILURE): Element 'Object Repository/Mobile/Page/Login/Button - Login' is exist

2022-02-21 12:18:37 - [MESSAGE][PASSED] - Element 'Object Repository/Mobile/Page/Login/Button - Login' is exist

2022-02-21 12:18:37 - [TEST_STEP][PASSED] - if (loginCheck): Call Test Case 'Test Cases/Mobile/Page/Login/Login' successfully

2022-02-21 12:18:37 - [TEST_STEP][PASSED] - callTestCase(findTestCase("Mobile/Page/Login/Login"), ["action":"username"], CONTINUE_ON_FAILURE): Call Test Case 'Test Cases/Mobile/Page/Login/Login' successfully

2022-02-21 12:18:37 - [TEST_CASE][PASSED] - Test Cases/Mobile/Page/Login/Login: Test Cases/Mobile/Page/Login/Login

2022-02-21 12:18:37 - [TEST_STEP][PASSED] - delay(2): Delayed 2 second(s)

2022-02-21 12:18:39 - [MESSAGE][PASSED] - Delayed 2 second(s)

2022-02-21 12:18:39 - [TEST_STEP][PASSED] - for ([i = 0, i < 1, (i++)]): null

2022-02-21 12:18:39 - [TEST_STEP][PASSED] - if (action == "username"): null

2022-02-21 12:18:39 - [TEST_STEP][PASSED] - tap(LOGN_EdtUserID, 0): Tapped on element 'Object Repository/Mobile/Page/Login/Input - UserID'

2022-02-21 12:18:39 - [MESSAGE][WARNING] - Timeout '0' is invalid. Using default page load timeout: '60'

2022-02-21 12:18:40 - [MESSAGE][PASSED] - Tapped on element 'Object Repository/Mobile/Page/Login/Input - UserID'

2022-02-21 12:18:40 - [TEST_STEP][PASSED] - delay(1): Delayed 1 second(s)

2022-02-21 12:18:41 - [MESSAGE][PASSED] - Delayed 1 second(s)

2022-02-21 12:18:41 - [TEST_STEP][PASSED] - setText(LOGN_EdtRdyUserID, "anggaaditya", 0): Text 'anggaaditya' has been set to element 'Object Repository/Mobile/Page/Login/Input Rdy - UserID'

2022-02-21 12:18:41 - [MESSAGE][WARNING] - Timeout '0' is invalid. Using default page load timeout: '60'

2022-02-21 12:18:41 - [MESSAGE][PASSED] - Text 'anggaaditya' has been set to element 'Object Repository/Mobile/Page/Login/Input Rdy - UserID'

2022-02-21 12:18:41 - [TEST_STEP][PASSED] - delay(1): Delayed 1 second(s)

2022-02-21 12:18:42 - [MESSAGE][PASSED] - Delayed 1 second(s)

2022-02-21 12:18:42 - [TEST_STEP][PASSED] - hideKeyboard(): Keyboard is hidden

2022-02-21 12:18:48 - [MESSAGE][PASSED] - Keyboard is hidden

2022-02-21 12:18:48 - [TEST_STEP][PASSED] - tap(LOGN_EdtPassword, 0): Tapped on element 'Object Repository/Mobile/Page/Login/Input - Password'

2022-02-21 12:18:48 - [MESSAGE][WARNING] - Timeout '0' is invalid. Using default page load timeout: '60'

2022-02-21 12:18:48 - [MESSAGE][PASSED] - Tapped on element 'Object Repository/Mobile/Page/Login/Input - Password'

2022-02-21 12:18:48 - [TEST_STEP][PASSED] - delay(1): Delayed 1 second(s)

2022-02-21 12:18:49 - [MESSAGE][PASSED] - Delayed 1 second(s)

2022-02-21 12:18:49 - [TEST_STEP][PASSED] - setText(LOGN_EdtRdyPassword, "Shalawa18", 0): Text 'Shalawa18' has been set to element 'Object Repository/Mobile/Page/Login/Input Rdy - Password'

2022-02-21 12:18:49 - [MESSAGE][WARNING] - Timeout '0' is invalid. Using default page load timeout: '60'

2022-02-21 12:18:50 - [MESSAGE][PASSED] - Text 'Shalawa18' has been set to element 'Object Repository/Mobile/Page/Login/Input Rdy - Password'

2022-02-21 12:18:50 - [TEST_STEP][PASSED] - delay(1): Delayed 1 second(s)

2022-02-21 12:18:51 - [MESSAGE][PASSED] - Delayed 1 second(s)

2022-02-21 12:18:51 - [TEST_STEP][PASSED] - hideKeyboard(): Keyboard is hidden

2022-02-21 12:18:57 - [MESSAGE][PASSED] - Keyboard is hidden

2022-02-21 12:18:57 - [TEST_STEP][PASSED] - tap(LOGN_BtnLogin, 0): Tapped on element 'Object Repository/Mobile/Page/Login/Button - Login'

2022-02-21 12:18:57 - [MESSAGE][WARNING] - Timeout '0' is invalid. Using default page load timeout: '60'

2022-02-21 12:18:58 - [MESSAGE][PASSED] - Tapped on element 'Object Repository/Mobile/Page/Login/Button - Login'

2022-02-21 12:18:58 - [TEST_STEP][PASSED] - delay(2): Delayed 2 second(s)

2022-02-21 12:19:00 - [MESSAGE][PASSED] - Delayed 2 second(s)

2022-02-21 12:19:00 - [TEST_STEP][PASSED] - break: null

2022-02-21 12:19:00 - [MESSAGE][PASSED] - Call Test Case 'Test Cases/Mobile/Page/Login/Login' successfully

2022-02-21 12:19:00 - [MESSAGE][PASSED] - Call Test Case 'Test Cases/Mobile/Page/CheckLogin' successfully

2022-02-21 12:19:00 - [TEST_STEP][PASSED] - tap(HOME_MenubarPortfolio, 0): Tapped on element 'Object Repository/Mobile/Page/Home/Menubar - Portfolio'

2022-02-21 12:19:00 - [MESSAGE][WARNING] - Timeout '0' is invalid. Using default page load timeout: '60'

2022-02-21 12:19:02 - [MESSAGE][PASSED] - Tapped on element 'Object Repository/Mobile/Page/Home/Menubar - Portfolio'

2022-02-21 12:19:02 - [TEST_STEP][PASSED] - delay(1): Delayed 1 second(s)

2022-02-21 12:19:03 - [MESSAGE][PASSED] - Delayed 1 second(s)

2022-02-21 12:19:03 - [TEST_STEP][PASSED] - for ([i = 0, i < 1, (i++)]): scroll.scroll.scrollScreenBottomToTop is PASSED

2022-02-21 12:19:03 - [TEST_STEP][PASSED] - if (tab == "summary"): null

2022-02-21 12:19:03 - [TEST_STEP][PASSED] - else if (tab == "stock"): null

2022-02-21 12:19:03 - [TEST_STEP][PASSED] - else if (tab == "mutualfund"): scroll.scroll.scrollScreenBottomToTop is PASSED

2022-02-21 12:19:03 - [TEST_STEP][PASSED] - tap(PORT_TabMutualFund, 0): Tapped on element 'Object Repository/Mobile/Page/Portfolio/Tab - Mutual Fund'

2022-02-21 12:19:03 - [MESSAGE][WARNING] - Timeout '0' is invalid. Using default page load timeout: '60'

2022-02-21 12:19:05 - [MESSAGE][PASSED] - Tapped on element 'Object Repository/Mobile/Page/Portfolio/Tab - Mutual Fund'

2022-02-21 12:19:05 - [TEST_STEP][PASSED] - delay(1): Delayed 1 second(s)

2022-02-21 12:19:06 - [MESSAGE][PASSED] - Delayed 1 second(s)

2022-02-21 12:19:06 - [TEST_STEP][PASSED] - try: scroll.scroll.scrollScreenBottomToTop is PASSED

2022-02-21 12:19:06 - [TEST_STEP][PASSED] - tapAndHold(PORT_ItemTopMutualFund, 1, 10): Tapped and held on element 'Object Repository/Mobile/Page/Portfolio/Item - Top Mutual Fund' with duration 1

2022-02-21 12:19:09 - [MESSAGE][PASSED] - Tapped and held on element 'Object Repository/Mobile/Page/Portfolio/Item - Top Mutual Fund' with duration 1

2022-02-21 12:19:09 - [TEST_STEP][PASSED] - delay(2): Delayed 2 second(s)

2022-02-21 12:19:11 - [MESSAGE][PASSED] - Delayed 2 second(s)

2022-02-21 12:19:11 - [TEST_STEP][PASSED] - switch (action2): null

2022-02-21 12:19:11 - [TEST_STEP][PASSED] - case "5 year":: null

2022-02-21 12:19:11 - [TEST_STEP][PASSED] - tapAndHold(PORT_DETL_Btn5Year, 1, 0): Tapped and held on element 'Object Repository/Mobile/Page/Portfolio/Detail Mutual Funds/Button - 5 Year' with duration 1

2022-02-21 12:19:11 - [MESSAGE][WARNING] - Timeout '0' is invalid. Using default page load timeout: '60'

2022-02-21 12:19:14 - [MESSAGE][PASSED] - Tapped and held on element 'Object Repository/Mobile/Page/Portfolio/Detail Mutual Funds/Button - 5 Year' with duration 1

2022-02-21 12:19:14 - [TEST_STEP][PASSED] - break: null

2022-02-21 12:19:14 - [TEST_STEP][PASSED] - delay(3): Delayed 3 second(s)

2022-02-21 12:19:17 - [MESSAGE][PASSED] - Delayed 3 second(s)

2022-02-21 12:19:17 - [TEST_STEP][PASSED] - scroll.scroll.scrollScreenBottomToTop(): scroll.scroll.scrollScreenBottomToTop is PASSED

2022-02-21 12:19:17 - [MESSAGE][PASSED] - Current device physical height is 1423

2022-02-21 12:19:17 - [MESSAGE][PASSED] - Current device physical width is 720

2022-02-21 12:19:19 - [MESSAGE][PASSED] - Swiped from 360,1,138 to 360,284

2022-02-21 12:19:19 - [MESSAGE][PASSED] - scroll.scroll.scrollScreenBottomToTop is PASSED

2022-02-21 12:19:19 - [MESSAGE][PASSED] - Call Test Case 'Test Cases/Mobile/Page/Portfolio/Portfolio' successfully

2022-02-21 12:19:19 - [TEST_STEP][PASSED] - callTestCase(findTestCase("Mobile/Page/Run App/Terminate App"), [:], STOP_ON_FAILURE): Call Test Case 'Test Cases/Mobile/Page/Run App/Terminate App' successfully

2022-02-21 12:19:19 - [TEST_CASE][PASSED] - Test Cases/Mobile/Page/Run App/Terminate App: Test Cases/Mobile/Page/Run App/Terminate App

2022-02-21 12:19:19 - [TEST_STEP][PASSED] - startApp.OpenApp.terminateApplication(): startApp.OpenApp.terminateApplication is PASSED

2022-02-21 12:19:22 - [MESSAGE][PASSED] - Delayed 3 second(s)

2022-02-21 12:19:22 - [MESSAGE][PASSED] - Current device physical width is 720

2022-02-21 12:19:22 - [MESSAGE][PASSED] - Current device physical height is 1423

2022-02-21 12:19:24 - [MESSAGE][PASSED] - Swiped from 360,853 to 360,142

2022-02-21 12:19:25 - [MESSAGE][PASSED] - Delayed 1 second(s)

2022-02-21 12:19:26 - [MESSAGE][PASSED] - Swiped from 360,853 to 360,142

2022-02-21 12:19:29 - [MESSAGE][PASSED] - Delayed 3 second(s)

2022-02-21 12:19:29 - [MESSAGE][PASSED] - startApp.OpenApp.terminateApplication is PASSED

2022-02-21 12:19:29 - [MESSAGE][PASSED] - Call Test Case 'Test Cases/Mobile/Page/Run App/Terminate App' successfully]]></system-out>
         <system-err><![CDATA[]]></system-err>
      </testcase>
      <testcase name="Test Cases/Mobile/Scenario/Portfolio/019 - Melihat detail mutual fund 10 year" time="67.522" classname="Test Cases/Mobile/Scenario/Portfolio/019 - Melihat detail mutual fund 10 year" status="PASSED">
         <system-out><![CDATA[2022-02-21 12:19:29 - [TEST_CASE][PASSED] - Test Cases/Mobile/Scenario/Portfolio/019 - Melihat detail mutual fund 10 year: Test Cases/Mobile/Scenario/Portfolio/019 - Melihat detail mutual fund 10 year

2022-02-21 12:19:30 - [TEST_STEP][PASSED] - callTestCase(findTestCase("Mobile/Page/Run App/Run App byID"), [:], STOP_ON_FAILURE): Call Test Case 'Test Cases/Mobile/Page/Run App/Run App byID' successfully

2022-02-21 12:19:30 - [TEST_CASE][PASSED] - Test Cases/Mobile/Page/Run App/Run App byID: Test Cases/Mobile/Page/Run App/Run App byID

2022-02-21 12:19:30 - [TEST_STEP][PASSED] - startApp.OpenApp.startApplication("id.co.miraeasset.sageclub"): startApp.OpenApp.startApplication is PASSED

2022-02-21 12:19:45 - [MESSAGE][PASSED] - Starting app with application ID: 'id.co.miraeasset.sageclub'

2022-02-21 12:19:45 - [MESSAGE][PASSED] - startApp.OpenApp.startApplication is PASSED

2022-02-21 12:19:45 - [MESSAGE][PASSED] - Call Test Case 'Test Cases/Mobile/Page/Run App/Run App byID' successfully

2022-02-21 12:19:45 - [TEST_STEP][PASSED] - callTestCase(findTestCase("Mobile/Page/Portfolio/Portfolio"), ["tab":"mutualfund", "action2":"10 year"], CONTINUE_ON_FAILURE): Call Test Case 'Test Cases/Mobile/Page/Portfolio/Portfolio' successfully

2022-02-21 12:19:45 - [TEST_CASE][PASSED] - Test Cases/Mobile/Page/Portfolio/Portfolio: Test Cases/Mobile/Page/Portfolio/Portfolio

2022-02-21 12:19:45 - [TEST_STEP][PASSED] - callTestCase(findTestCase("Mobile/Page/CheckLogin"), [:], CONTINUE_ON_FAILURE): Call Test Case 'Test Cases/Mobile/Page/CheckLogin' successfully

2022-02-21 12:19:45 - [TEST_CASE][PASSED] - Test Cases/Mobile/Page/CheckLogin: Test Cases/Mobile/Page/CheckLogin

2022-02-21 12:19:45 - [TEST_STEP][PASSED] - loginCheck = verifyElementExist(LOGN_BtnLogin, 5, CONTINUE_ON_FAILURE): Element 'Object Repository/Mobile/Page/Login/Button - Login' is exist

2022-02-21 12:19:47 - [MESSAGE][PASSED] - Element 'Object Repository/Mobile/Page/Login/Button - Login' is exist

2022-02-21 12:19:47 - [TEST_STEP][PASSED] - if (loginCheck): Call Test Case 'Test Cases/Mobile/Page/Login/Login' successfully

2022-02-21 12:19:47 - [TEST_STEP][PASSED] - callTestCase(findTestCase("Mobile/Page/Login/Login"), ["action":"username"], CONTINUE_ON_FAILURE): Call Test Case 'Test Cases/Mobile/Page/Login/Login' successfully

2022-02-21 12:19:47 - [TEST_CASE][PASSED] - Test Cases/Mobile/Page/Login/Login: Test Cases/Mobile/Page/Login/Login

2022-02-21 12:19:47 - [TEST_STEP][PASSED] - delay(2): Delayed 2 second(s)

2022-02-21 12:19:49 - [MESSAGE][PASSED] - Delayed 2 second(s)

2022-02-21 12:19:49 - [TEST_STEP][PASSED] - for ([i = 0, i < 1, (i++)]): null

2022-02-21 12:19:49 - [TEST_STEP][PASSED] - if (action == "username"): null

2022-02-21 12:19:49 - [TEST_STEP][PASSED] - tap(LOGN_EdtUserID, 0): Tapped on element 'Object Repository/Mobile/Page/Login/Input - UserID'

2022-02-21 12:19:49 - [MESSAGE][WARNING] - Timeout '0' is invalid. Using default page load timeout: '60'

2022-02-21 12:19:49 - [MESSAGE][PASSED] - Tapped on element 'Object Repository/Mobile/Page/Login/Input - UserID'

2022-02-21 12:19:49 - [TEST_STEP][PASSED] - delay(1): Delayed 1 second(s)

2022-02-21 12:19:50 - [MESSAGE][PASSED] - Delayed 1 second(s)

2022-02-21 12:19:50 - [TEST_STEP][PASSED] - setText(LOGN_EdtRdyUserID, "anggaaditya", 0): Text 'anggaaditya' has been set to element 'Object Repository/Mobile/Page/Login/Input Rdy - UserID'

2022-02-21 12:19:50 - [MESSAGE][WARNING] - Timeout '0' is invalid. Using default page load timeout: '60'

2022-02-21 12:19:51 - [MESSAGE][PASSED] - Text 'anggaaditya' has been set to element 'Object Repository/Mobile/Page/Login/Input Rdy - UserID'

2022-02-21 12:19:51 - [TEST_STEP][PASSED] - delay(1): Delayed 1 second(s)

2022-02-21 12:19:52 - [MESSAGE][PASSED] - Delayed 1 second(s)

2022-02-21 12:19:52 - [TEST_STEP][PASSED] - hideKeyboard(): Keyboard is hidden

2022-02-21 12:19:56 - [MESSAGE][PASSED] - Keyboard is hidden

2022-02-21 12:19:56 - [TEST_STEP][PASSED] - tap(LOGN_EdtPassword, 0): Tapped on element 'Object Repository/Mobile/Page/Login/Input - Password'

2022-02-21 12:19:56 - [MESSAGE][WARNING] - Timeout '0' is invalid. Using default page load timeout: '60'

2022-02-21 12:19:57 - [MESSAGE][PASSED] - Tapped on element 'Object Repository/Mobile/Page/Login/Input - Password'

2022-02-21 12:19:57 - [TEST_STEP][PASSED] - delay(1): Delayed 1 second(s)

2022-02-21 12:19:58 - [MESSAGE][PASSED] - Delayed 1 second(s)

2022-02-21 12:19:58 - [TEST_STEP][PASSED] - setText(LOGN_EdtRdyPassword, "Shalawa18", 0): Text 'Shalawa18' has been set to element 'Object Repository/Mobile/Page/Login/Input Rdy - Password'

2022-02-21 12:19:58 - [MESSAGE][WARNING] - Timeout '0' is invalid. Using default page load timeout: '60'

2022-02-21 12:19:58 - [MESSAGE][PASSED] - Text 'Shalawa18' has been set to element 'Object Repository/Mobile/Page/Login/Input Rdy - Password'

2022-02-21 12:19:58 - [TEST_STEP][PASSED] - delay(1): Delayed 1 second(s)

2022-02-21 12:19:59 - [MESSAGE][PASSED] - Delayed 1 second(s)

2022-02-21 12:19:59 - [TEST_STEP][PASSED] - hideKeyboard(): Keyboard is hidden

2022-02-21 12:20:06 - [MESSAGE][PASSED] - Keyboard is hidden

2022-02-21 12:20:06 - [TEST_STEP][PASSED] - tap(LOGN_BtnLogin, 0): Tapped on element 'Object Repository/Mobile/Page/Login/Button - Login'

2022-02-21 12:20:06 - [MESSAGE][WARNING] - Timeout '0' is invalid. Using default page load timeout: '60'

2022-02-21 12:20:07 - [MESSAGE][PASSED] - Tapped on element 'Object Repository/Mobile/Page/Login/Button - Login'

2022-02-21 12:20:07 - [TEST_STEP][PASSED] - delay(2): Delayed 2 second(s)

2022-02-21 12:20:09 - [MESSAGE][PASSED] - Delayed 2 second(s)

2022-02-21 12:20:09 - [TEST_STEP][PASSED] - break: null

2022-02-21 12:20:09 - [MESSAGE][PASSED] - Call Test Case 'Test Cases/Mobile/Page/Login/Login' successfully

2022-02-21 12:20:09 - [MESSAGE][PASSED] - Call Test Case 'Test Cases/Mobile/Page/CheckLogin' successfully

2022-02-21 12:20:09 - [TEST_STEP][PASSED] - tap(HOME_MenubarPortfolio, 0): Tapped on element 'Object Repository/Mobile/Page/Home/Menubar - Portfolio'

2022-02-21 12:20:09 - [MESSAGE][WARNING] - Timeout '0' is invalid. Using default page load timeout: '60'

2022-02-21 12:20:10 - [MESSAGE][PASSED] - Tapped on element 'Object Repository/Mobile/Page/Home/Menubar - Portfolio'

2022-02-21 12:20:10 - [TEST_STEP][PASSED] - delay(1): Delayed 1 second(s)

2022-02-21 12:20:11 - [MESSAGE][PASSED] - Delayed 1 second(s)

2022-02-21 12:20:11 - [TEST_STEP][PASSED] - for ([i = 0, i < 1, (i++)]): scroll.scroll.scrollScreenBottomToTop is PASSED

2022-02-21 12:20:11 - [TEST_STEP][PASSED] - if (tab == "summary"): null

2022-02-21 12:20:11 - [TEST_STEP][PASSED] - else if (tab == "stock"): null

2022-02-21 12:20:11 - [TEST_STEP][PASSED] - else if (tab == "mutualfund"): scroll.scroll.scrollScreenBottomToTop is PASSED

2022-02-21 12:20:11 - [TEST_STEP][PASSED] - tap(PORT_TabMutualFund, 0): Tapped on element 'Object Repository/Mobile/Page/Portfolio/Tab - Mutual Fund'

2022-02-21 12:20:11 - [MESSAGE][WARNING] - Timeout '0' is invalid. Using default page load timeout: '60'

2022-02-21 12:20:13 - [MESSAGE][PASSED] - Tapped on element 'Object Repository/Mobile/Page/Portfolio/Tab - Mutual Fund'

2022-02-21 12:20:13 - [TEST_STEP][PASSED] - delay(1): Delayed 1 second(s)

2022-02-21 12:20:14 - [MESSAGE][PASSED] - Delayed 1 second(s)

2022-02-21 12:20:14 - [TEST_STEP][PASSED] - try: scroll.scroll.scrollScreenBottomToTop is PASSED

2022-02-21 12:20:14 - [TEST_STEP][PASSED] - tapAndHold(PORT_ItemTopMutualFund, 1, 10): Tapped and held on element 'Object Repository/Mobile/Page/Portfolio/Item - Top Mutual Fund' with duration 1

2022-02-21 12:20:17 - [MESSAGE][PASSED] - Tapped and held on element 'Object Repository/Mobile/Page/Portfolio/Item - Top Mutual Fund' with duration 1

2022-02-21 12:20:17 - [TEST_STEP][PASSED] - delay(2): Delayed 2 second(s)

2022-02-21 12:20:19 - [MESSAGE][PASSED] - Delayed 2 second(s)

2022-02-21 12:20:19 - [TEST_STEP][PASSED] - switch (action2): null

2022-02-21 12:20:19 - [TEST_STEP][PASSED] - case "10 year":: null

2022-02-21 12:20:19 - [TEST_STEP][PASSED] - tapAndHold(PORT_DETL_Btn10Year, 1, 0): Tapped and held on element 'Object Repository/Mobile/Page/Portfolio/Detail Mutual Funds/Button - 10 Year' with duration 1

2022-02-21 12:20:19 - [MESSAGE][WARNING] - Timeout '0' is invalid. Using default page load timeout: '60'

2022-02-21 12:20:21 - [MESSAGE][PASSED] - Tapped and held on element 'Object Repository/Mobile/Page/Portfolio/Detail Mutual Funds/Button - 10 Year' with duration 1

2022-02-21 12:20:21 - [TEST_STEP][PASSED] - break: null

2022-02-21 12:20:21 - [TEST_STEP][PASSED] - delay(3): Delayed 3 second(s)

2022-02-21 12:20:25 - [MESSAGE][PASSED] - Delayed 3 second(s)

2022-02-21 12:20:25 - [TEST_STEP][PASSED] - scroll.scroll.scrollScreenBottomToTop(): scroll.scroll.scrollScreenBottomToTop is PASSED

2022-02-21 12:20:25 - [MESSAGE][PASSED] - Current device physical height is 1423

2022-02-21 12:20:25 - [MESSAGE][PASSED] - Current device physical width is 720

2022-02-21 12:20:26 - [MESSAGE][PASSED] - Swiped from 360,1,138 to 360,284

2022-02-21 12:20:26 - [MESSAGE][PASSED] - scroll.scroll.scrollScreenBottomToTop is PASSED

2022-02-21 12:20:26 - [MESSAGE][PASSED] - Call Test Case 'Test Cases/Mobile/Page/Portfolio/Portfolio' successfully

2022-02-21 12:20:26 - [TEST_STEP][PASSED] - callTestCase(findTestCase("Mobile/Page/Run App/Terminate App"), [:], STOP_ON_FAILURE): Call Test Case 'Test Cases/Mobile/Page/Run App/Terminate App' successfully

2022-02-21 12:20:26 - [TEST_CASE][PASSED] - Test Cases/Mobile/Page/Run App/Terminate App: Test Cases/Mobile/Page/Run App/Terminate App

2022-02-21 12:20:26 - [TEST_STEP][PASSED] - startApp.OpenApp.terminateApplication(): startApp.OpenApp.terminateApplication is PASSED

2022-02-21 12:20:29 - [MESSAGE][PASSED] - Delayed 3 second(s)

2022-02-21 12:20:30 - [MESSAGE][PASSED] - Current device physical width is 720

2022-02-21 12:20:30 - [MESSAGE][PASSED] - Current device physical height is 1423

2022-02-21 12:20:31 - [MESSAGE][PASSED] - Swiped from 360,853 to 360,142

2022-02-21 12:20:32 - [MESSAGE][PASSED] - Delayed 1 second(s)

2022-02-21 12:20:34 - [MESSAGE][PASSED] - Swiped from 360,853 to 360,142

2022-02-21 12:20:37 - [MESSAGE][PASSED] - Delayed 3 second(s)

2022-02-21 12:20:37 - [MESSAGE][PASSED] - startApp.OpenApp.terminateApplication is PASSED

2022-02-21 12:20:37 - [MESSAGE][PASSED] - Call Test Case 'Test Cases/Mobile/Page/Run App/Terminate App' successfully]]></system-out>
         <system-err><![CDATA[]]></system-err>
      </testcase>
      <system-out><![CDATA[2022-02-21 11:58:43 - [TEST_SUITE][PASSED] - portfolio: Test Cases/Mobile/Scenario/Portfolio/019 - Melihat detail mutual fund 10 year]]></system-out>
      <system-err><![CDATA[]]></system-err>
   </testsuite>
</testsuites>
