<?xml version="1.0" encoding="UTF-8"?>
<testsuites name="analysis" time="535.162" tests="7" failures="0" skips="0" errors="0">
   <testsuite name="analysis" tests="7" failures="0" errors="0" time="535.162" skips="0" timestamp="2022-02-23 12:54:33" hostname="Owner - aldy-tft" id="Test Suites/analysis">
      <properties>
         <property name="deviceName" value="samsung SM-A205F (Android 11)"/>
         <property name="devicePlatform" value=""/>
         <property name="logFolder" value="C:\\Users\\Owner\\Documents\\kerjaan\\KatalonProject\\qa_katalon_pwm\\qa_katalon_pwm\\Reports\\20220223_125403\\analysis\\20220223_125405"/>
         <property name="logFiles" value="C:\\Users\\Owner\\Documents\\kerjaan\\KatalonProject\\qa_katalon_pwm\\qa_katalon_pwm\\Reports\\20220223_125403\\analysis\\20220223_125405\\appium.log, C:\\Users\\Owner\\Documents\\kerjaan\\KatalonProject\\qa_katalon_pwm\\qa_katalon_pwm\\Reports\\20220223_125403\\analysis\\20220223_125405\\execution0.log"/>
         <property name="attachments" value=""/>
         <property name="hostName" value="Owner - aldy-tft"/>
         <property name="os" value="Windows 10 64bit"/>
         <property name="appiumServerStatus" value="{&quot;value&quot;:{&quot;build&quot;:{&quot;version&quot;:&quot;1.22.0&quot;}},&quot;sessionId&quot;:null,&quot;status&quot;:0}"/>
         <property name="katalonVersion" value="7.9.1.208"/>
         <property name="deviceOS" value="Android"/>
         <property name="appiumVersion" value="1.22.0"/>
         <property name="deviceModel" value="SM-A205F"/>
         <property name="hostAddress" value="192.168.100.14"/>
         <property name="deviceManufacturer" value="samsung"/>
         <property name="deviceId" value="RR8M40C9AXE"/>
         <property name="deviceName" value="samsung SM-A205F (Android 11)"/>
         <property name="deviceOSVersion" value="11"/>
      </properties>
      <testcase name="Test Cases/Mobile/Scenario/Analysis/001 - Melihat list stock technical analysis" time="106.361" classname="Test Cases/Mobile/Scenario/Analysis/001 - Melihat list stock technical analysis" status="PASSED">
         <system-out><![CDATA[2022-02-23 12:54:33 - [TEST_CASE][PASSED] - Test Cases/Mobile/Scenario/Analysis/001 - Melihat list stock technical analysis: Test Cases/Mobile/Scenario/Analysis/001 - Melihat list stock technical analysis

2022-02-23 12:54:34 - [TEST_STEP][PASSED] - callTestCase(findTestCase("Mobile/Page/Run App/Run App byID"), [:], STOP_ON_FAILURE): Call Test Case 'Test Cases/Mobile/Page/Run App/Run App byID' successfully

2022-02-23 12:54:34 - [TEST_CASE][PASSED] - Test Cases/Mobile/Page/Run App/Run App byID: Test Cases/Mobile/Page/Run App/Run App byID

2022-02-23 12:54:34 - [TEST_STEP][PASSED] - startApp.OpenApp.startApplication("id.co.miraeasset.sageclub"): startApp.OpenApp.startApplication is PASSED

2022-02-23 12:54:36 - [MESSAGE][INFO] - Appium server started on port 54,193

2022-02-23 12:54:57 - [MESSAGE][PASSED] - Starting app with application ID: 'id.co.miraeasset.sageclub'

2022-02-23 12:54:57 - [MESSAGE][PASSED] - startApp.OpenApp.startApplication is PASSED

2022-02-23 12:54:57 - [MESSAGE][PASSED] - Call Test Case 'Test Cases/Mobile/Page/Run App/Run App byID' successfully

2022-02-23 12:54:57 - [TEST_STEP][PASSED] - callTestCase(findTestCase("Mobile/Page/Analysis/Analysis"), ["action":"technicalsearch"], CONTINUE_ON_FAILURE): Call Test Case 'Test Cases/Mobile/Page/Analysis/Analysis' successfully

2022-02-23 12:54:57 - [TEST_CASE][PASSED] - Test Cases/Mobile/Page/Analysis/Analysis: Test Cases/Mobile/Page/Analysis/Analysis

2022-02-23 12:54:57 - [TEST_STEP][PASSED] - callTestCase(findTestCase("Mobile/Page/CheckLogin"), [:], CONTINUE_ON_FAILURE): Call Test Case 'Test Cases/Mobile/Page/CheckLogin' successfully

2022-02-23 12:54:57 - [TEST_CASE][PASSED] - Test Cases/Mobile/Page/CheckLogin: Test Cases/Mobile/Page/CheckLogin

2022-02-23 12:54:58 - [TEST_STEP][PASSED] - loginCheck = verifyElementExist(LOGN_BtnLogin, 5, CONTINUE_ON_FAILURE): Element 'Object Repository/Mobile/Page/Login/Button - Login' is exist

2022-02-23 12:54:58 - [MESSAGE][WARNING] - Test object with id 'Object Repository/Mobile/Page/Analysis/Button - Open With Just Once' does not exist

2022-02-23 12:54:58 - [MESSAGE][WARNING] - Test object with id 'Object Repository/Mobile/Page/Analysis/Button - Search' does not exist

2022-02-23 12:54:59 - [MESSAGE][WARNING] - Test object with id 'Object Repository/Mobile/Page/Home/Button -  Add Watchlist' does not exist

2022-02-23 12:54:59 - [MESSAGE][WARNING] - Test object with id 'Object Repository/Mobile/Page/Home/Button - Open with Just Once' does not exist

2022-02-23 12:54:59 - [MESSAGE][WARNING] - Test object with id 'Object Repository/Mobile/Page/Home/Container - Notification' does not exist

2022-02-23 12:55:00 - [MESSAGE][WARNING] - Test object with id 'Object Repository/Mobile/Page/Home/Watchlist/Input - Search' does not exist

2022-02-23 12:55:00 - [MESSAGE][WARNING] - Test object with id 'Object Repository/Mobile/Page/Home/Watchlist/Item - Top Search' does not exist

2022-02-23 12:55:00 - [MESSAGE][WARNING] - Test object with id 'Object Repository/Mobile/Page/Home/Watchlist/Detail Watchlist/Input - Expiry Date' does not exist

2022-02-23 12:55:00 - [MESSAGE][WARNING] - Test object with id 'Object Repository/Mobile/Page/Home/Watchlist/Detail Watchlist/Item - Watchlist' does not exist

2022-02-23 12:55:01 - [MESSAGE][WARNING] - Test object with id 'Object Repository/Mobile/Page/NavigationMenu/Button - Open Just Once' does not exist

2022-02-23 12:55:01 - [MESSAGE][WARNING] - Test object with id 'Object Repository/Mobile/Page/NavigationMenu/Container - Logout' does not exist

2022-02-23 12:55:05 - [MESSAGE][WARNING] - Test object with id 'Object Repository/Mobile/Page/Analysis/Button - Open With Just Once' does not exist

2022-02-23 12:55:05 - [MESSAGE][WARNING] - Test object with id 'Object Repository/Mobile/Page/Analysis/Button - Search' does not exist

2022-02-23 12:55:06 - [MESSAGE][WARNING] - Test object with id 'Object Repository/Mobile/Page/Home/Button -  Add Watchlist' does not exist

2022-02-23 12:55:06 - [MESSAGE][WARNING] - Test object with id 'Object Repository/Mobile/Page/Home/Button - Open with Just Once' does not exist

2022-02-23 12:55:06 - [MESSAGE][WARNING] - Test object with id 'Object Repository/Mobile/Page/Home/Container - Notification' does not exist

2022-02-23 12:55:07 - [MESSAGE][WARNING] - Test object with id 'Object Repository/Mobile/Page/Home/Watchlist/Input - Search' does not exist

2022-02-23 12:55:07 - [MESSAGE][WARNING] - Test object with id 'Object Repository/Mobile/Page/Home/Watchlist/Item - Top Search' does not exist

2022-02-23 12:55:07 - [MESSAGE][WARNING] - Test object with id 'Object Repository/Mobile/Page/Home/Watchlist/Detail Watchlist/Input - Expiry Date' does not exist

2022-02-23 12:55:07 - [MESSAGE][WARNING] - Test object with id 'Object Repository/Mobile/Page/Home/Watchlist/Detail Watchlist/Item - Watchlist' does not exist

2022-02-23 12:55:08 - [MESSAGE][WARNING] - Test object with id 'Object Repository/Mobile/Page/NavigationMenu/Button - Open Just Once' does not exist

2022-02-23 12:55:08 - [MESSAGE][WARNING] - Test object with id 'Object Repository/Mobile/Page/NavigationMenu/Container - Logout' does not exist

2022-02-23 12:55:12 - [MESSAGE][PASSED] - Element 'Object Repository/Mobile/Page/Login/Button - Login' is exist

2022-02-23 12:55:12 - [TEST_STEP][PASSED] - if (loginCheck): Call Test Case 'Test Cases/Mobile/Page/Login/Login' successfully

2022-02-23 12:55:12 - [TEST_STEP][PASSED] - callTestCase(findTestCase("Mobile/Page/Login/Login"), ["action":"username"], CONTINUE_ON_FAILURE): Call Test Case 'Test Cases/Mobile/Page/Login/Login' successfully

2022-02-23 12:55:12 - [TEST_CASE][PASSED] - Test Cases/Mobile/Page/Login/Login: Test Cases/Mobile/Page/Login/Login

2022-02-23 12:55:12 - [TEST_STEP][PASSED] - delay(2): Delayed 2 second(s)

2022-02-23 12:55:14 - [MESSAGE][PASSED] - Delayed 2 second(s)

2022-02-23 12:55:14 - [TEST_STEP][PASSED] - for ([i = 0, i < 1, (i++)]): null

2022-02-23 12:55:14 - [TEST_STEP][PASSED] - if (action == "username"): null

2022-02-23 12:55:14 - [TEST_STEP][PASSED] - tap(LOGN_EdtUserID, 0): Tapped on element 'Object Repository/Mobile/Page/Login/Input - UserID'

2022-02-23 12:55:14 - [MESSAGE][WARNING] - Timeout '0' is invalid. Using default page load timeout: '60'

2022-02-23 12:55:15 - [MESSAGE][PASSED] - Tapped on element 'Object Repository/Mobile/Page/Login/Input - UserID'

2022-02-23 12:55:15 - [TEST_STEP][PASSED] - delay(1): Delayed 1 second(s)

2022-02-23 12:55:16 - [MESSAGE][PASSED] - Delayed 1 second(s)

2022-02-23 12:55:16 - [TEST_STEP][PASSED] - setText(LOGN_EdtRdyUserID, "anggaaditya", 0): Text 'anggaaditya' has been set to element 'Object Repository/Mobile/Page/Login/Input Rdy - UserID'

2022-02-23 12:55:16 - [MESSAGE][WARNING] - Timeout '0' is invalid. Using default page load timeout: '60'

2022-02-23 12:55:18 - [MESSAGE][PASSED] - Text 'anggaaditya' has been set to element 'Object Repository/Mobile/Page/Login/Input Rdy - UserID'

2022-02-23 12:55:18 - [TEST_STEP][PASSED] - delay(1): Delayed 1 second(s)

2022-02-23 12:55:19 - [MESSAGE][PASSED] - Delayed 1 second(s)

2022-02-23 12:55:19 - [TEST_STEP][PASSED] - hideKeyboard(): Keyboard is hidden

2022-02-23 12:55:25 - [MESSAGE][PASSED] - Keyboard is hidden

2022-02-23 12:55:25 - [TEST_STEP][PASSED] - tap(LOGN_EdtPassword, 0): Tapped on element 'Object Repository/Mobile/Page/Login/Input - Password'

2022-02-23 12:55:25 - [MESSAGE][WARNING] - Timeout '0' is invalid. Using default page load timeout: '60'

2022-02-23 12:55:26 - [MESSAGE][PASSED] - Tapped on element 'Object Repository/Mobile/Page/Login/Input - Password'

2022-02-23 12:55:26 - [TEST_STEP][PASSED] - delay(1): Delayed 1 second(s)

2022-02-23 12:55:27 - [MESSAGE][PASSED] - Delayed 1 second(s)

2022-02-23 12:55:27 - [TEST_STEP][PASSED] - setText(LOGN_EdtRdyPassword, "Shalawa18", 0): Text 'Shalawa18' has been set to element 'Object Repository/Mobile/Page/Login/Input Rdy - Password'

2022-02-23 12:55:27 - [MESSAGE][WARNING] - Timeout '0' is invalid. Using default page load timeout: '60'

2022-02-23 12:55:27 - [MESSAGE][PASSED] - Text 'Shalawa18' has been set to element 'Object Repository/Mobile/Page/Login/Input Rdy - Password'

2022-02-23 12:55:27 - [TEST_STEP][PASSED] - delay(1): Delayed 1 second(s)

2022-02-23 12:55:28 - [MESSAGE][PASSED] - Delayed 1 second(s)

2022-02-23 12:55:28 - [TEST_STEP][PASSED] - hideKeyboard(): Keyboard is hidden

2022-02-23 12:55:37 - [MESSAGE][PASSED] - Keyboard is hidden

2022-02-23 12:55:37 - [TEST_STEP][PASSED] - tap(LOGN_BtnLogin, 0): Tapped on element 'Object Repository/Mobile/Page/Login/Button - Login'

2022-02-23 12:55:37 - [MESSAGE][WARNING] - Timeout '0' is invalid. Using default page load timeout: '60'

2022-02-23 12:55:38 - [MESSAGE][PASSED] - Tapped on element 'Object Repository/Mobile/Page/Login/Button - Login'

2022-02-23 12:55:38 - [TEST_STEP][PASSED] - delay(2): Delayed 2 second(s)

2022-02-23 12:55:40 - [MESSAGE][PASSED] - Delayed 2 second(s)

2022-02-23 12:55:40 - [TEST_STEP][PASSED] - break: null

2022-02-23 12:55:40 - [MESSAGE][PASSED] - Call Test Case 'Test Cases/Mobile/Page/Login/Login' successfully

2022-02-23 12:55:40 - [MESSAGE][PASSED] - Call Test Case 'Test Cases/Mobile/Page/CheckLogin' successfully

2022-02-23 12:55:40 - [TEST_STEP][PASSED] - tap(HOME_MenubarAnalysis, 0): Tapped on element 'Object Repository/Mobile/Page/Home/Menubar - Analysis'

2022-02-23 12:55:40 - [MESSAGE][WARNING] - Timeout '0' is invalid. Using default page load timeout: '60'

2022-02-23 12:55:45 - [MESSAGE][PASSED] - Tapped on element 'Object Repository/Mobile/Page/Home/Menubar - Analysis'

2022-02-23 12:55:45 - [TEST_STEP][PASSED] - delay(3): Delayed 3 second(s)

2022-02-23 12:55:48 - [MESSAGE][PASSED] - Delayed 3 second(s)

2022-02-23 12:55:48 - [TEST_STEP][PASSED] - for ([i = 0, i < 1, (i++)]): Delayed 2 second(s)

2022-02-23 12:55:48 - [TEST_STEP][PASSED] - if (action == "technicalsearch"): Delayed 2 second(s)

2022-02-23 12:55:48 - [TEST_STEP][PASSED] - tap(ANAL_DropTechIndicator, 0): Tapped on element 'Object Repository/Mobile/Page/Analysis/Dropdown - Technical Indicator'

2022-02-23 12:55:48 - [MESSAGE][WARNING] - Timeout '0' is invalid. Using default page load timeout: '60'

2022-02-23 12:55:49 - [MESSAGE][PASSED] - Tapped on element 'Object Repository/Mobile/Page/Analysis/Dropdown - Technical Indicator'

2022-02-23 12:55:49 - [TEST_STEP][PASSED] - delay(1): Delayed 1 second(s)

2022-02-23 12:55:50 - [MESSAGE][PASSED] - Delayed 1 second(s)

2022-02-23 12:55:50 - [TEST_STEP][PASSED] - tap(ANAL_OptTechIndicatorAll, 0): Tapped on element 'Object Repository/Mobile/Page/Analysis/Option Technical Indicator - All'

2022-02-23 12:55:50 - [MESSAGE][WARNING] - Timeout '0' is invalid. Using default page load timeout: '60'

2022-02-23 12:55:51 - [MESSAGE][PASSED] - Tapped on element 'Object Repository/Mobile/Page/Analysis/Option Technical Indicator - All'

2022-02-23 12:55:51 - [TEST_STEP][PASSED] - delay(1): Delayed 1 second(s)

2022-02-23 12:55:52 - [MESSAGE][PASSED] - Delayed 1 second(s)

2022-02-23 12:55:52 - [TEST_STEP][PASSED] - tap(ANAL_DropMarketCap, 0): Tapped on element 'Object Repository/Mobile/Page/Analysis/Dropdown - Market Cap'

2022-02-23 12:55:52 - [MESSAGE][WARNING] - Timeout '0' is invalid. Using default page load timeout: '60'

2022-02-23 12:55:53 - [MESSAGE][PASSED] - Tapped on element 'Object Repository/Mobile/Page/Analysis/Dropdown - Market Cap'

2022-02-23 12:55:53 - [TEST_STEP][PASSED] - delay(1): Delayed 1 second(s)

2022-02-23 12:55:54 - [MESSAGE][PASSED] - Delayed 1 second(s)

2022-02-23 12:55:54 - [TEST_STEP][PASSED] - tap(ANAL_OptMarketCap1T, 0): Tapped on element 'Object Repository/Mobile/Page/Analysis/Option Market Cap - 1 Trillion'

2022-02-23 12:55:54 - [MESSAGE][WARNING] - Timeout '0' is invalid. Using default page load timeout: '60'

2022-02-23 12:55:56 - [MESSAGE][PASSED] - Tapped on element 'Object Repository/Mobile/Page/Analysis/Option Market Cap - 1 Trillion'

2022-02-23 12:55:56 - [TEST_STEP][PASSED] - delay(1): Delayed 1 second(s)

2022-02-23 12:55:57 - [MESSAGE][PASSED] - Delayed 1 second(s)

2022-02-23 12:55:57 - [TEST_STEP][PASSED] - tap(ANAL_DropTransaction, 0): Tapped on element 'Object Repository/Mobile/Page/Analysis/Dropdown - Transaction'

2022-02-23 12:55:57 - [MESSAGE][WARNING] - Timeout '0' is invalid. Using default page load timeout: '60'

2022-02-23 12:55:58 - [MESSAGE][PASSED] - Tapped on element 'Object Repository/Mobile/Page/Analysis/Dropdown - Transaction'

2022-02-23 12:55:58 - [TEST_STEP][PASSED] - delay(1): Delayed 1 second(s)

2022-02-23 12:55:59 - [MESSAGE][PASSED] - Delayed 1 second(s)

2022-02-23 12:55:59 - [TEST_STEP][PASSED] - tap(ANAL_OptTransaction10B, 0): Tapped on element 'Object Repository/Mobile/Page/Analysis/Option Transaction - 10 Billion'

2022-02-23 12:55:59 - [MESSAGE][WARNING] - Timeout '0' is invalid. Using default page load timeout: '60'

2022-02-23 12:55:59 - [MESSAGE][PASSED] - Tapped on element 'Object Repository/Mobile/Page/Analysis/Option Transaction - 10 Billion'

2022-02-23 12:55:59 - [TEST_STEP][PASSED] - delay(1): Delayed 1 second(s)

2022-02-23 12:56:00 - [MESSAGE][PASSED] - Delayed 1 second(s)

2022-02-23 12:56:00 - [TEST_STEP][PASSED] - tap(ANAL_DropTimeFrame, 0): Tapped on element 'Object Repository/Mobile/Page/Analysis/Dropdown - Time Frame'

2022-02-23 12:56:00 - [MESSAGE][WARNING] - Timeout '0' is invalid. Using default page load timeout: '60'

2022-02-23 12:56:01 - [MESSAGE][PASSED] - Tapped on element 'Object Repository/Mobile/Page/Analysis/Dropdown - Time Frame'

2022-02-23 12:56:01 - [TEST_STEP][PASSED] - delay(1): Delayed 1 second(s)

2022-02-23 12:56:02 - [MESSAGE][PASSED] - Delayed 1 second(s)

2022-02-23 12:56:02 - [TEST_STEP][PASSED] - tap(ANAL_OptTimeFrameDaily, 0): Tapped on element 'Object Repository/Mobile/Page/Analysis/Option Time Frame - Daily'

2022-02-23 12:56:02 - [MESSAGE][WARNING] - Timeout '0' is invalid. Using default page load timeout: '60'

2022-02-23 12:56:03 - [MESSAGE][PASSED] - Tapped on element 'Object Repository/Mobile/Page/Analysis/Option Time Frame - Daily'

2022-02-23 12:56:03 - [TEST_STEP][PASSED] - delay(1): Delayed 1 second(s)

2022-02-23 12:56:04 - [MESSAGE][PASSED] - Delayed 1 second(s)

2022-02-23 12:56:04 - [TEST_STEP][PASSED] - tap(ANAL_DropIndex, 0): Tapped on element 'Object Repository/Mobile/Page/Analysis/Dropdown - Index'

2022-02-23 12:56:04 - [MESSAGE][WARNING] - Timeout '0' is invalid. Using default page load timeout: '60'

2022-02-23 12:56:05 - [MESSAGE][PASSED] - Tapped on element 'Object Repository/Mobile/Page/Analysis/Dropdown - Index'

2022-02-23 12:56:05 - [TEST_STEP][PASSED] - delay(1): Delayed 1 second(s)

2022-02-23 12:56:06 - [MESSAGE][PASSED] - Delayed 1 second(s)

2022-02-23 12:56:06 - [TEST_STEP][PASSED] - tap(ANAL_OptIndexIdx30, 0): Tapped on element 'Object Repository/Mobile/Page/Analysis/Option Index - Idx30'

2022-02-23 12:56:06 - [MESSAGE][WARNING] - Timeout '0' is invalid. Using default page load timeout: '60'

2022-02-23 12:56:07 - [MESSAGE][PASSED] - Tapped on element 'Object Repository/Mobile/Page/Analysis/Option Index - Idx30'

2022-02-23 12:56:07 - [TEST_STEP][PASSED] - delay(2): Delayed 2 second(s)

2022-02-23 12:56:09 - [MESSAGE][PASSED] - Delayed 2 second(s)

2022-02-23 12:56:09 - [MESSAGE][PASSED] - Call Test Case 'Test Cases/Mobile/Page/Analysis/Analysis' successfully

2022-02-23 12:56:09 - [TEST_STEP][PASSED] - callTestCase(findTestCase("Mobile/Page/Run App/Terminate App"), [:], STOP_ON_FAILURE): Call Test Case 'Test Cases/Mobile/Page/Run App/Terminate App' successfully

2022-02-23 12:56:09 - [TEST_CASE][PASSED] - Test Cases/Mobile/Page/Run App/Terminate App: Test Cases/Mobile/Page/Run App/Terminate App

2022-02-23 12:56:10 - [TEST_STEP][PASSED] - startApp.OpenApp.terminateApplication(): startApp.OpenApp.terminateApplication is PASSED

2022-02-23 12:56:13 - [MESSAGE][PASSED] - Delayed 3 second(s)

2022-02-23 12:56:13 - [MESSAGE][PASSED] - Current device physical width is 720

2022-02-23 12:56:13 - [MESSAGE][PASSED] - Current device physical height is 1423

2022-02-23 12:56:14 - [MESSAGE][PASSED] - Swiped from 360,853 to 360,142

2022-02-23 12:56:15 - [MESSAGE][PASSED] - Delayed 1 second(s)

2022-02-23 12:56:17 - [MESSAGE][PASSED] - Swiped from 360,853 to 360,142

2022-02-23 12:56:20 - [MESSAGE][PASSED] - Delayed 3 second(s)

2022-02-23 12:56:20 - [MESSAGE][PASSED] - startApp.OpenApp.terminateApplication is PASSED

2022-02-23 12:56:20 - [MESSAGE][PASSED] - Call Test Case 'Test Cases/Mobile/Page/Run App/Terminate App' successfully]]></system-out>
         <system-err><![CDATA[]]></system-err>
      </testcase>
      <testcase name="Test Cases/Mobile/Scenario/Analysis/002 - Melihat detail stock kategori day" time="80.787" classname="Test Cases/Mobile/Scenario/Analysis/002 - Melihat detail stock kategori day" status="PASSED">
         <system-out><![CDATA[2022-02-23 12:56:20 - [TEST_CASE][PASSED] - Test Cases/Mobile/Scenario/Analysis/002 - Melihat detail stock kategori day: Test Cases/Mobile/Scenario/Analysis/002 - Melihat detail stock kategori day

2022-02-23 12:56:20 - [TEST_STEP][PASSED] - callTestCase(findTestCase("Mobile/Page/Run App/Run App byID"), [:], STOP_ON_FAILURE): Call Test Case 'Test Cases/Mobile/Page/Run App/Run App byID' successfully

2022-02-23 12:56:20 - [TEST_CASE][PASSED] - Test Cases/Mobile/Page/Run App/Run App byID: Test Cases/Mobile/Page/Run App/Run App byID

2022-02-23 12:56:20 - [TEST_STEP][PASSED] - startApp.OpenApp.startApplication("id.co.miraeasset.sageclub"): startApp.OpenApp.startApplication is PASSED

2022-02-23 12:56:36 - [MESSAGE][PASSED] - Starting app with application ID: 'id.co.miraeasset.sageclub'

2022-02-23 12:56:36 - [MESSAGE][PASSED] - startApp.OpenApp.startApplication is PASSED

2022-02-23 12:56:36 - [MESSAGE][PASSED] - Call Test Case 'Test Cases/Mobile/Page/Run App/Run App byID' successfully

2022-02-23 12:56:36 - [TEST_STEP][PASSED] - callTestCase(findTestCase("Mobile/Page/Analysis/Analysis"), ["action":"technicaldetail", "action2":"day"], CONTINUE_ON_FAILURE): Call Test Case 'Test Cases/Mobile/Page/Analysis/Analysis' successfully

2022-02-23 12:56:36 - [TEST_CASE][PASSED] - Test Cases/Mobile/Page/Analysis/Analysis: Test Cases/Mobile/Page/Analysis/Analysis

2022-02-23 12:56:36 - [TEST_STEP][PASSED] - callTestCase(findTestCase("Mobile/Page/CheckLogin"), [:], CONTINUE_ON_FAILURE): Call Test Case 'Test Cases/Mobile/Page/CheckLogin' successfully

2022-02-23 12:56:36 - [TEST_CASE][PASSED] - Test Cases/Mobile/Page/CheckLogin: Test Cases/Mobile/Page/CheckLogin

2022-02-23 12:56:36 - [TEST_STEP][PASSED] - loginCheck = verifyElementExist(LOGN_BtnLogin, 5, CONTINUE_ON_FAILURE): Element 'Object Repository/Mobile/Page/Login/Button - Login' is exist

2022-02-23 12:56:40 - [MESSAGE][PASSED] - Element 'Object Repository/Mobile/Page/Login/Button - Login' is exist

2022-02-23 12:56:40 - [TEST_STEP][PASSED] - if (loginCheck): Call Test Case 'Test Cases/Mobile/Page/Login/Login' successfully

2022-02-23 12:56:40 - [TEST_STEP][PASSED] - callTestCase(findTestCase("Mobile/Page/Login/Login"), ["action":"username"], CONTINUE_ON_FAILURE): Call Test Case 'Test Cases/Mobile/Page/Login/Login' successfully

2022-02-23 12:56:40 - [TEST_CASE][PASSED] - Test Cases/Mobile/Page/Login/Login: Test Cases/Mobile/Page/Login/Login

2022-02-23 12:56:40 - [TEST_STEP][PASSED] - delay(2): Delayed 2 second(s)

2022-02-23 12:56:42 - [MESSAGE][PASSED] - Delayed 2 second(s)

2022-02-23 12:56:42 - [TEST_STEP][PASSED] - for ([i = 0, i < 1, (i++)]): null

2022-02-23 12:56:42 - [TEST_STEP][PASSED] - if (action == "username"): null

2022-02-23 12:56:42 - [TEST_STEP][PASSED] - tap(LOGN_EdtUserID, 0): Tapped on element 'Object Repository/Mobile/Page/Login/Input - UserID'

2022-02-23 12:56:42 - [MESSAGE][WARNING] - Timeout '0' is invalid. Using default page load timeout: '60'

2022-02-23 12:56:43 - [MESSAGE][PASSED] - Tapped on element 'Object Repository/Mobile/Page/Login/Input - UserID'

2022-02-23 12:56:43 - [TEST_STEP][PASSED] - delay(1): Delayed 1 second(s)

2022-02-23 12:56:44 - [MESSAGE][PASSED] - Delayed 1 second(s)

2022-02-23 12:56:44 - [TEST_STEP][PASSED] - setText(LOGN_EdtRdyUserID, "anggaaditya", 0): Text 'anggaaditya' has been set to element 'Object Repository/Mobile/Page/Login/Input Rdy - UserID'

2022-02-23 12:56:44 - [MESSAGE][WARNING] - Timeout '0' is invalid. Using default page load timeout: '60'

2022-02-23 12:56:45 - [MESSAGE][PASSED] - Text 'anggaaditya' has been set to element 'Object Repository/Mobile/Page/Login/Input Rdy - UserID'

2022-02-23 12:56:45 - [TEST_STEP][PASSED] - delay(1): Delayed 1 second(s)

2022-02-23 12:56:46 - [MESSAGE][PASSED] - Delayed 1 second(s)

2022-02-23 12:56:46 - [TEST_STEP][PASSED] - hideKeyboard(): Keyboard is hidden

2022-02-23 12:56:54 - [MESSAGE][PASSED] - Keyboard is hidden

2022-02-23 12:56:54 - [TEST_STEP][PASSED] - tap(LOGN_EdtPassword, 0): Tapped on element 'Object Repository/Mobile/Page/Login/Input - Password'

2022-02-23 12:56:54 - [MESSAGE][WARNING] - Timeout '0' is invalid. Using default page load timeout: '60'

2022-02-23 12:56:55 - [MESSAGE][PASSED] - Tapped on element 'Object Repository/Mobile/Page/Login/Input - Password'

2022-02-23 12:56:55 - [TEST_STEP][PASSED] - delay(1): Delayed 1 second(s)

2022-02-23 12:56:56 - [MESSAGE][PASSED] - Delayed 1 second(s)

2022-02-23 12:56:56 - [TEST_STEP][PASSED] - setText(LOGN_EdtRdyPassword, "Shalawa18", 0): Text 'Shalawa18' has been set to element 'Object Repository/Mobile/Page/Login/Input Rdy - Password'

2022-02-23 12:56:56 - [MESSAGE][WARNING] - Timeout '0' is invalid. Using default page load timeout: '60'

2022-02-23 12:56:57 - [MESSAGE][PASSED] - Text 'Shalawa18' has been set to element 'Object Repository/Mobile/Page/Login/Input Rdy - Password'

2022-02-23 12:56:57 - [TEST_STEP][PASSED] - delay(1): Delayed 1 second(s)

2022-02-23 12:56:58 - [MESSAGE][PASSED] - Delayed 1 second(s)

2022-02-23 12:56:58 - [TEST_STEP][PASSED] - hideKeyboard(): Keyboard is hidden

2022-02-23 12:57:07 - [MESSAGE][PASSED] - Keyboard is hidden

2022-02-23 12:57:08 - [TEST_STEP][PASSED] - tap(LOGN_BtnLogin, 0): Tapped on element 'Object Repository/Mobile/Page/Login/Button - Login'

2022-02-23 12:57:08 - [MESSAGE][WARNING] - Timeout '0' is invalid. Using default page load timeout: '60'

2022-02-23 12:57:08 - [MESSAGE][PASSED] - Tapped on element 'Object Repository/Mobile/Page/Login/Button - Login'

2022-02-23 12:57:08 - [TEST_STEP][PASSED] - delay(2): Delayed 2 second(s)

2022-02-23 12:57:10 - [MESSAGE][PASSED] - Delayed 2 second(s)

2022-02-23 12:57:10 - [TEST_STEP][PASSED] - break: null

2022-02-23 12:57:10 - [MESSAGE][PASSED] - Call Test Case 'Test Cases/Mobile/Page/Login/Login' successfully

2022-02-23 12:57:10 - [MESSAGE][PASSED] - Call Test Case 'Test Cases/Mobile/Page/CheckLogin' successfully

2022-02-23 12:57:10 - [TEST_STEP][PASSED] - tap(HOME_MenubarAnalysis, 0): Tapped on element 'Object Repository/Mobile/Page/Home/Menubar - Analysis'

2022-02-23 12:57:10 - [MESSAGE][WARNING] - Timeout '0' is invalid. Using default page load timeout: '60'

2022-02-23 12:57:15 - [MESSAGE][PASSED] - Tapped on element 'Object Repository/Mobile/Page/Home/Menubar - Analysis'

2022-02-23 12:57:15 - [TEST_STEP][PASSED] - delay(3): Delayed 3 second(s)

2022-02-23 12:57:18 - [MESSAGE][PASSED] - Delayed 3 second(s)

2022-02-23 12:57:18 - [TEST_STEP][PASSED] - for ([i = 0, i < 1, (i++)]): Delayed 2 second(s)

2022-02-23 12:57:18 - [TEST_STEP][PASSED] - if (action == "technicalsearch"): null

2022-02-23 12:57:18 - [TEST_STEP][PASSED] - else if (action == "technicaldetail"): Delayed 2 second(s)

2022-02-23 12:57:18 - [TEST_STEP][PASSED] - tapAndHold(ANAL_ItemTopResultTech, 1, 0): Tapped and held on element 'Object Repository/Mobile/Page/Analysis/Item - Top Technical' with duration 1

2022-02-23 12:57:18 - [MESSAGE][WARNING] - Timeout '0' is invalid. Using default page load timeout: '60'

2022-02-23 12:57:20 - [MESSAGE][PASSED] - Tapped and held on element 'Object Repository/Mobile/Page/Analysis/Item - Top Technical' with duration 1

2022-02-23 12:57:20 - [TEST_STEP][PASSED] - delay(5): Delayed 5 second(s)

2022-02-23 12:57:25 - [MESSAGE][PASSED] - Delayed 5 second(s)

2022-02-23 12:57:25 - [TEST_STEP][PASSED] - switch (action2): null

2022-02-23 12:57:25 - [TEST_STEP][PASSED] - case "day":: null

2022-02-23 12:57:25 - [TEST_STEP][PASSED] - tapAndHold(ANAL_DETL_BtnD, 1, 0): Tapped and held on element 'Object Repository/Mobile/Page/Analysis/Detail/Button - D' with duration 1

2022-02-23 12:57:25 - [MESSAGE][WARNING] - Timeout '0' is invalid. Using default page load timeout: '60'

2022-02-23 12:57:28 - [MESSAGE][PASSED] - Tapped and held on element 'Object Repository/Mobile/Page/Analysis/Detail/Button - D' with duration 1

2022-02-23 12:57:28 - [TEST_STEP][PASSED] - break: null

2022-02-23 12:57:28 - [TEST_STEP][PASSED] - delay(2): Delayed 2 second(s)

2022-02-23 12:57:30 - [MESSAGE][PASSED] - Delayed 2 second(s)

2022-02-23 12:57:30 - [MESSAGE][PASSED] - Call Test Case 'Test Cases/Mobile/Page/Analysis/Analysis' successfully

2022-02-23 12:57:30 - [TEST_STEP][PASSED] - callTestCase(findTestCase("Mobile/Page/Run App/Terminate App"), [:], STOP_ON_FAILURE): Call Test Case 'Test Cases/Mobile/Page/Run App/Terminate App' successfully

2022-02-23 12:57:30 - [TEST_CASE][PASSED] - Test Cases/Mobile/Page/Run App/Terminate App: Test Cases/Mobile/Page/Run App/Terminate App

2022-02-23 12:57:30 - [TEST_STEP][PASSED] - startApp.OpenApp.terminateApplication(): startApp.OpenApp.terminateApplication is PASSED

2022-02-23 12:57:33 - [MESSAGE][PASSED] - Delayed 3 second(s)

2022-02-23 12:57:34 - [MESSAGE][PASSED] - Current device physical width is 720

2022-02-23 12:57:34 - [MESSAGE][PASSED] - Current device physical height is 1423

2022-02-23 12:57:35 - [MESSAGE][PASSED] - Swiped from 360,853 to 360,142

2022-02-23 12:57:36 - [MESSAGE][PASSED] - Delayed 1 second(s)

2022-02-23 12:57:37 - [MESSAGE][PASSED] - Swiped from 360,853 to 360,142

2022-02-23 12:57:40 - [MESSAGE][PASSED] - Delayed 3 second(s)

2022-02-23 12:57:40 - [MESSAGE][PASSED] - startApp.OpenApp.terminateApplication is PASSED

2022-02-23 12:57:40 - [MESSAGE][PASSED] - Call Test Case 'Test Cases/Mobile/Page/Run App/Terminate App' successfully]]></system-out>
         <system-err><![CDATA[]]></system-err>
      </testcase>
      <testcase name="Test Cases/Mobile/Scenario/Analysis/003 - Melihat detail stock kategori week" time="73.508" classname="Test Cases/Mobile/Scenario/Analysis/003 - Melihat detail stock kategori week" status="PASSED">
         <system-out><![CDATA[2022-02-23 12:57:40 - [TEST_CASE][PASSED] - Test Cases/Mobile/Scenario/Analysis/003 - Melihat detail stock kategori week: Test Cases/Mobile/Scenario/Analysis/003 - Melihat detail stock kategori week

2022-02-23 12:57:41 - [TEST_STEP][PASSED] - callTestCase(findTestCase("Mobile/Page/Run App/Run App byID"), [:], STOP_ON_FAILURE): Call Test Case 'Test Cases/Mobile/Page/Run App/Run App byID' successfully

2022-02-23 12:57:41 - [TEST_CASE][PASSED] - Test Cases/Mobile/Page/Run App/Run App byID: Test Cases/Mobile/Page/Run App/Run App byID

2022-02-23 12:57:41 - [TEST_STEP][PASSED] - startApp.OpenApp.startApplication("id.co.miraeasset.sageclub"): startApp.OpenApp.startApplication is PASSED

2022-02-23 12:57:58 - [MESSAGE][PASSED] - Starting app with application ID: 'id.co.miraeasset.sageclub'

2022-02-23 12:57:58 - [MESSAGE][PASSED] - startApp.OpenApp.startApplication is PASSED

2022-02-23 12:57:58 - [MESSAGE][PASSED] - Call Test Case 'Test Cases/Mobile/Page/Run App/Run App byID' successfully

2022-02-23 12:57:58 - [TEST_STEP][PASSED] - callTestCase(findTestCase("Mobile/Page/Analysis/Analysis"), ["action":"technicaldetail", "action2":"week"], CONTINUE_ON_FAILURE): Call Test Case 'Test Cases/Mobile/Page/Analysis/Analysis' successfully

2022-02-23 12:57:58 - [TEST_CASE][PASSED] - Test Cases/Mobile/Page/Analysis/Analysis: Test Cases/Mobile/Page/Analysis/Analysis

2022-02-23 12:57:58 - [TEST_STEP][PASSED] - callTestCase(findTestCase("Mobile/Page/CheckLogin"), [:], CONTINUE_ON_FAILURE): Call Test Case 'Test Cases/Mobile/Page/CheckLogin' successfully

2022-02-23 12:57:58 - [TEST_CASE][PASSED] - Test Cases/Mobile/Page/CheckLogin: Test Cases/Mobile/Page/CheckLogin

2022-02-23 12:57:58 - [TEST_STEP][PASSED] - loginCheck = verifyElementExist(LOGN_BtnLogin, 5, CONTINUE_ON_FAILURE): Element 'Object Repository/Mobile/Page/Login/Button - Login' is exist

2022-02-23 12:58:01 - [MESSAGE][PASSED] - Element 'Object Repository/Mobile/Page/Login/Button - Login' is exist

2022-02-23 12:58:01 - [TEST_STEP][PASSED] - if (loginCheck): Call Test Case 'Test Cases/Mobile/Page/Login/Login' successfully

2022-02-23 12:58:01 - [TEST_STEP][PASSED] - callTestCase(findTestCase("Mobile/Page/Login/Login"), ["action":"username"], CONTINUE_ON_FAILURE): Call Test Case 'Test Cases/Mobile/Page/Login/Login' successfully

2022-02-23 12:58:01 - [TEST_CASE][PASSED] - Test Cases/Mobile/Page/Login/Login: Test Cases/Mobile/Page/Login/Login

2022-02-23 12:58:01 - [TEST_STEP][PASSED] - delay(2): Delayed 2 second(s)

2022-02-23 12:58:03 - [MESSAGE][PASSED] - Delayed 2 second(s)

2022-02-23 12:58:03 - [TEST_STEP][PASSED] - for ([i = 0, i < 1, (i++)]): null

2022-02-23 12:58:03 - [TEST_STEP][PASSED] - if (action == "username"): null

2022-02-23 12:58:03 - [TEST_STEP][PASSED] - tap(LOGN_EdtUserID, 0): Tapped on element 'Object Repository/Mobile/Page/Login/Input - UserID'

2022-02-23 12:58:03 - [MESSAGE][WARNING] - Timeout '0' is invalid. Using default page load timeout: '60'

2022-02-23 12:58:04 - [MESSAGE][PASSED] - Tapped on element 'Object Repository/Mobile/Page/Login/Input - UserID'

2022-02-23 12:58:04 - [TEST_STEP][PASSED] - delay(1): Delayed 1 second(s)

2022-02-23 12:58:05 - [MESSAGE][PASSED] - Delayed 1 second(s)

2022-02-23 12:58:05 - [TEST_STEP][PASSED] - setText(LOGN_EdtRdyUserID, "anggaaditya", 0): Text 'anggaaditya' has been set to element 'Object Repository/Mobile/Page/Login/Input Rdy - UserID'

2022-02-23 12:58:05 - [MESSAGE][WARNING] - Timeout '0' is invalid. Using default page load timeout: '60'

2022-02-23 12:58:06 - [MESSAGE][PASSED] - Text 'anggaaditya' has been set to element 'Object Repository/Mobile/Page/Login/Input Rdy - UserID'

2022-02-23 12:58:06 - [TEST_STEP][PASSED] - delay(1): Delayed 1 second(s)

2022-02-23 12:58:07 - [MESSAGE][PASSED] - Delayed 1 second(s)

2022-02-23 12:58:07 - [TEST_STEP][PASSED] - hideKeyboard(): Keyboard is hidden

2022-02-23 12:58:13 - [MESSAGE][PASSED] - Keyboard is hidden

2022-02-23 12:58:13 - [TEST_STEP][PASSED] - tap(LOGN_EdtPassword, 0): Tapped on element 'Object Repository/Mobile/Page/Login/Input - Password'

2022-02-23 12:58:13 - [MESSAGE][WARNING] - Timeout '0' is invalid. Using default page load timeout: '60'

2022-02-23 12:58:14 - [MESSAGE][PASSED] - Tapped on element 'Object Repository/Mobile/Page/Login/Input - Password'

2022-02-23 12:58:14 - [TEST_STEP][PASSED] - delay(1): Delayed 1 second(s)

2022-02-23 12:58:15 - [MESSAGE][PASSED] - Delayed 1 second(s)

2022-02-23 12:58:15 - [TEST_STEP][PASSED] - setText(LOGN_EdtRdyPassword, "Shalawa18", 0): Text 'Shalawa18' has been set to element 'Object Repository/Mobile/Page/Login/Input Rdy - Password'

2022-02-23 12:58:15 - [MESSAGE][WARNING] - Timeout '0' is invalid. Using default page load timeout: '60'

2022-02-23 12:58:15 - [MESSAGE][PASSED] - Text 'Shalawa18' has been set to element 'Object Repository/Mobile/Page/Login/Input Rdy - Password'

2022-02-23 12:58:15 - [TEST_STEP][PASSED] - delay(1): Delayed 1 second(s)

2022-02-23 12:58:16 - [MESSAGE][PASSED] - Delayed 1 second(s)

2022-02-23 12:58:16 - [TEST_STEP][PASSED] - hideKeyboard(): Keyboard is hidden

2022-02-23 12:58:23 - [MESSAGE][PASSED] - Keyboard is hidden

2022-02-23 12:58:23 - [TEST_STEP][PASSED] - tap(LOGN_BtnLogin, 0): Tapped on element 'Object Repository/Mobile/Page/Login/Button - Login'

2022-02-23 12:58:23 - [MESSAGE][WARNING] - Timeout '0' is invalid. Using default page load timeout: '60'

2022-02-23 12:58:24 - [MESSAGE][PASSED] - Tapped on element 'Object Repository/Mobile/Page/Login/Button - Login'

2022-02-23 12:58:24 - [TEST_STEP][PASSED] - delay(2): Delayed 2 second(s)

2022-02-23 12:58:26 - [MESSAGE][PASSED] - Delayed 2 second(s)

2022-02-23 12:58:26 - [TEST_STEP][PASSED] - break: null

2022-02-23 12:58:26 - [MESSAGE][PASSED] - Call Test Case 'Test Cases/Mobile/Page/Login/Login' successfully

2022-02-23 12:58:26 - [MESSAGE][PASSED] - Call Test Case 'Test Cases/Mobile/Page/CheckLogin' successfully

2022-02-23 12:58:26 - [TEST_STEP][PASSED] - tap(HOME_MenubarAnalysis, 0): Tapped on element 'Object Repository/Mobile/Page/Home/Menubar - Analysis'

2022-02-23 12:58:26 - [MESSAGE][WARNING] - Timeout '0' is invalid. Using default page load timeout: '60'

2022-02-23 12:58:28 - [MESSAGE][PASSED] - Tapped on element 'Object Repository/Mobile/Page/Home/Menubar - Analysis'

2022-02-23 12:58:28 - [TEST_STEP][PASSED] - delay(3): Delayed 3 second(s)

2022-02-23 12:58:31 - [MESSAGE][PASSED] - Delayed 3 second(s)

2022-02-23 12:58:31 - [TEST_STEP][PASSED] - for ([i = 0, i < 1, (i++)]): Delayed 2 second(s)

2022-02-23 12:58:31 - [TEST_STEP][PASSED] - if (action == "technicalsearch"): null

2022-02-23 12:58:31 - [TEST_STEP][PASSED] - else if (action == "technicaldetail"): Delayed 2 second(s)

2022-02-23 12:58:31 - [TEST_STEP][PASSED] - tapAndHold(ANAL_ItemTopResultTech, 1, 0): Tapped and held on element 'Object Repository/Mobile/Page/Analysis/Item - Top Technical' with duration 1

2022-02-23 12:58:31 - [MESSAGE][WARNING] - Timeout '0' is invalid. Using default page load timeout: '60'

2022-02-23 12:58:34 - [MESSAGE][PASSED] - Tapped and held on element 'Object Repository/Mobile/Page/Analysis/Item - Top Technical' with duration 1

2022-02-23 12:58:34 - [TEST_STEP][PASSED] - delay(5): Delayed 5 second(s)

2022-02-23 12:58:39 - [MESSAGE][PASSED] - Delayed 5 second(s)

2022-02-23 12:58:39 - [TEST_STEP][PASSED] - switch (action2): null

2022-02-23 12:58:39 - [TEST_STEP][PASSED] - case "week":: null

2022-02-23 12:58:39 - [TEST_STEP][PASSED] - tapAndHold(ANAL_DETL_BtnW, 1, 0): Tapped and held on element 'Object Repository/Mobile/Page/Analysis/Detail/Button - W' with duration 1

2022-02-23 12:58:39 - [MESSAGE][WARNING] - Timeout '0' is invalid. Using default page load timeout: '60'

2022-02-23 12:58:42 - [MESSAGE][PASSED] - Tapped and held on element 'Object Repository/Mobile/Page/Analysis/Detail/Button - W' with duration 1

2022-02-23 12:58:42 - [TEST_STEP][PASSED] - break: null

2022-02-23 12:58:42 - [TEST_STEP][PASSED] - delay(2): Delayed 2 second(s)

2022-02-23 12:58:44 - [MESSAGE][PASSED] - Delayed 2 second(s)

2022-02-23 12:58:44 - [MESSAGE][PASSED] - Call Test Case 'Test Cases/Mobile/Page/Analysis/Analysis' successfully

2022-02-23 12:58:44 - [TEST_STEP][PASSED] - callTestCase(findTestCase("Mobile/Page/Run App/Terminate App"), [:], STOP_ON_FAILURE): Call Test Case 'Test Cases/Mobile/Page/Run App/Terminate App' successfully

2022-02-23 12:58:44 - [TEST_CASE][PASSED] - Test Cases/Mobile/Page/Run App/Terminate App: Test Cases/Mobile/Page/Run App/Terminate App

2022-02-23 12:58:44 - [TEST_STEP][PASSED] - startApp.OpenApp.terminateApplication(): startApp.OpenApp.terminateApplication is PASSED

2022-02-23 12:58:47 - [MESSAGE][PASSED] - Delayed 3 second(s)

2022-02-23 12:58:47 - [MESSAGE][PASSED] - Current device physical width is 720

2022-02-23 12:58:47 - [MESSAGE][PASSED] - Current device physical height is 1423

2022-02-23 12:58:49 - [MESSAGE][PASSED] - Swiped from 360,853 to 360,142

2022-02-23 12:58:50 - [MESSAGE][PASSED] - Delayed 1 second(s)

2022-02-23 12:58:51 - [MESSAGE][PASSED] - Swiped from 360,853 to 360,142

2022-02-23 12:58:54 - [MESSAGE][PASSED] - Delayed 3 second(s)

2022-02-23 12:58:54 - [MESSAGE][PASSED] - startApp.OpenApp.terminateApplication is PASSED

2022-02-23 12:58:54 - [MESSAGE][PASSED] - Call Test Case 'Test Cases/Mobile/Page/Run App/Terminate App' successfully]]></system-out>
         <system-err><![CDATA[]]></system-err>
      </testcase>
      <testcase name="Test Cases/Mobile/Scenario/Analysis/004 - Melihat detail stock kategori month" time="72.987" classname="Test Cases/Mobile/Scenario/Analysis/004 - Melihat detail stock kategori month" status="PASSED">
         <system-out><![CDATA[2022-02-23 12:58:54 - [TEST_CASE][PASSED] - Test Cases/Mobile/Scenario/Analysis/004 - Melihat detail stock kategori month: Test Cases/Mobile/Scenario/Analysis/004 - Melihat detail stock kategori month

2022-02-23 12:58:54 - [TEST_STEP][PASSED] - callTestCase(findTestCase("Mobile/Page/Run App/Run App byID"), [:], STOP_ON_FAILURE): Call Test Case 'Test Cases/Mobile/Page/Run App/Run App byID' successfully

2022-02-23 12:58:54 - [TEST_CASE][PASSED] - Test Cases/Mobile/Page/Run App/Run App byID: Test Cases/Mobile/Page/Run App/Run App byID

2022-02-23 12:58:54 - [TEST_STEP][PASSED] - startApp.OpenApp.startApplication("id.co.miraeasset.sageclub"): startApp.OpenApp.startApplication is PASSED

2022-02-23 12:59:09 - [MESSAGE][PASSED] - Starting app with application ID: 'id.co.miraeasset.sageclub'

2022-02-23 12:59:09 - [MESSAGE][PASSED] - startApp.OpenApp.startApplication is PASSED

2022-02-23 12:59:09 - [MESSAGE][PASSED] - Call Test Case 'Test Cases/Mobile/Page/Run App/Run App byID' successfully

2022-02-23 12:59:09 - [TEST_STEP][PASSED] - callTestCase(findTestCase("Mobile/Page/Analysis/Analysis"), ["action":"technicaldetail", "action2":"month"], CONTINUE_ON_FAILURE): Call Test Case 'Test Cases/Mobile/Page/Analysis/Analysis' successfully

2022-02-23 12:59:09 - [TEST_CASE][PASSED] - Test Cases/Mobile/Page/Analysis/Analysis: Test Cases/Mobile/Page/Analysis/Analysis

2022-02-23 12:59:09 - [TEST_STEP][PASSED] - callTestCase(findTestCase("Mobile/Page/CheckLogin"), [:], CONTINUE_ON_FAILURE): Call Test Case 'Test Cases/Mobile/Page/CheckLogin' successfully

2022-02-23 12:59:09 - [TEST_CASE][PASSED] - Test Cases/Mobile/Page/CheckLogin: Test Cases/Mobile/Page/CheckLogin

2022-02-23 12:59:09 - [TEST_STEP][PASSED] - loginCheck = verifyElementExist(LOGN_BtnLogin, 5, CONTINUE_ON_FAILURE): Element 'Object Repository/Mobile/Page/Login/Button - Login' is exist

2022-02-23 12:59:11 - [MESSAGE][PASSED] - Element 'Object Repository/Mobile/Page/Login/Button - Login' is exist

2022-02-23 12:59:11 - [TEST_STEP][PASSED] - if (loginCheck): Call Test Case 'Test Cases/Mobile/Page/Login/Login' successfully

2022-02-23 12:59:11 - [TEST_STEP][PASSED] - callTestCase(findTestCase("Mobile/Page/Login/Login"), ["action":"username"], CONTINUE_ON_FAILURE): Call Test Case 'Test Cases/Mobile/Page/Login/Login' successfully

2022-02-23 12:59:11 - [TEST_CASE][PASSED] - Test Cases/Mobile/Page/Login/Login: Test Cases/Mobile/Page/Login/Login

2022-02-23 12:59:11 - [TEST_STEP][PASSED] - delay(2): Delayed 2 second(s)

2022-02-23 12:59:13 - [MESSAGE][PASSED] - Delayed 2 second(s)

2022-02-23 12:59:13 - [TEST_STEP][PASSED] - for ([i = 0, i < 1, (i++)]): null

2022-02-23 12:59:13 - [TEST_STEP][PASSED] - if (action == "username"): null

2022-02-23 12:59:13 - [TEST_STEP][PASSED] - tap(LOGN_EdtUserID, 0): Tapped on element 'Object Repository/Mobile/Page/Login/Input - UserID'

2022-02-23 12:59:13 - [MESSAGE][WARNING] - Timeout '0' is invalid. Using default page load timeout: '60'

2022-02-23 12:59:13 - [MESSAGE][PASSED] - Tapped on element 'Object Repository/Mobile/Page/Login/Input - UserID'

2022-02-23 12:59:13 - [TEST_STEP][PASSED] - delay(1): Delayed 1 second(s)

2022-02-23 12:59:14 - [MESSAGE][PASSED] - Delayed 1 second(s)

2022-02-23 12:59:14 - [TEST_STEP][PASSED] - setText(LOGN_EdtRdyUserID, "anggaaditya", 0): Text 'anggaaditya' has been set to element 'Object Repository/Mobile/Page/Login/Input Rdy - UserID'

2022-02-23 12:59:14 - [MESSAGE][WARNING] - Timeout '0' is invalid. Using default page load timeout: '60'

2022-02-23 12:59:16 - [MESSAGE][PASSED] - Text 'anggaaditya' has been set to element 'Object Repository/Mobile/Page/Login/Input Rdy - UserID'

2022-02-23 12:59:16 - [TEST_STEP][PASSED] - delay(1): Delayed 1 second(s)

2022-02-23 12:59:17 - [MESSAGE][PASSED] - Delayed 1 second(s)

2022-02-23 12:59:17 - [TEST_STEP][PASSED] - hideKeyboard(): Keyboard is hidden

2022-02-23 12:59:24 - [MESSAGE][PASSED] - Keyboard is hidden

2022-02-23 12:59:24 - [TEST_STEP][PASSED] - tap(LOGN_EdtPassword, 0): Tapped on element 'Object Repository/Mobile/Page/Login/Input - Password'

2022-02-23 12:59:24 - [MESSAGE][WARNING] - Timeout '0' is invalid. Using default page load timeout: '60'

2022-02-23 12:59:25 - [MESSAGE][PASSED] - Tapped on element 'Object Repository/Mobile/Page/Login/Input - Password'

2022-02-23 12:59:25 - [TEST_STEP][PASSED] - delay(1): Delayed 1 second(s)

2022-02-23 12:59:26 - [MESSAGE][PASSED] - Delayed 1 second(s)

2022-02-23 12:59:26 - [TEST_STEP][PASSED] - setText(LOGN_EdtRdyPassword, "Shalawa18", 0): Text 'Shalawa18' has been set to element 'Object Repository/Mobile/Page/Login/Input Rdy - Password'

2022-02-23 12:59:26 - [MESSAGE][WARNING] - Timeout '0' is invalid. Using default page load timeout: '60'

2022-02-23 12:59:27 - [MESSAGE][PASSED] - Text 'Shalawa18' has been set to element 'Object Repository/Mobile/Page/Login/Input Rdy - Password'

2022-02-23 12:59:27 - [TEST_STEP][PASSED] - delay(1): Delayed 1 second(s)

2022-02-23 12:59:28 - [MESSAGE][PASSED] - Delayed 1 second(s)

2022-02-23 12:59:28 - [TEST_STEP][PASSED] - hideKeyboard(): Keyboard is hidden

2022-02-23 12:59:36 - [MESSAGE][PASSED] - Keyboard is hidden

2022-02-23 12:59:36 - [TEST_STEP][PASSED] - tap(LOGN_BtnLogin, 0): Tapped on element 'Object Repository/Mobile/Page/Login/Button - Login'

2022-02-23 12:59:36 - [MESSAGE][WARNING] - Timeout '0' is invalid. Using default page load timeout: '60'

2022-02-23 12:59:36 - [MESSAGE][PASSED] - Tapped on element 'Object Repository/Mobile/Page/Login/Button - Login'

2022-02-23 12:59:36 - [TEST_STEP][PASSED] - delay(2): Delayed 2 second(s)

2022-02-23 12:59:38 - [MESSAGE][PASSED] - Delayed 2 second(s)

2022-02-23 12:59:38 - [TEST_STEP][PASSED] - break: null

2022-02-23 12:59:38 - [MESSAGE][PASSED] - Call Test Case 'Test Cases/Mobile/Page/Login/Login' successfully

2022-02-23 12:59:38 - [MESSAGE][PASSED] - Call Test Case 'Test Cases/Mobile/Page/CheckLogin' successfully

2022-02-23 12:59:38 - [TEST_STEP][PASSED] - tap(HOME_MenubarAnalysis, 0): Tapped on element 'Object Repository/Mobile/Page/Home/Menubar - Analysis'

2022-02-23 12:59:38 - [MESSAGE][WARNING] - Timeout '0' is invalid. Using default page load timeout: '60'

2022-02-23 12:59:41 - [MESSAGE][PASSED] - Tapped on element 'Object Repository/Mobile/Page/Home/Menubar - Analysis'

2022-02-23 12:59:41 - [TEST_STEP][PASSED] - delay(3): Delayed 3 second(s)

2022-02-23 12:59:44 - [MESSAGE][PASSED] - Delayed 3 second(s)

2022-02-23 12:59:44 - [TEST_STEP][PASSED] - for ([i = 0, i < 1, (i++)]): Delayed 2 second(s)

2022-02-23 12:59:44 - [TEST_STEP][PASSED] - if (action == "technicalsearch"): null

2022-02-23 12:59:44 - [TEST_STEP][PASSED] - else if (action == "technicaldetail"): Delayed 2 second(s)

2022-02-23 12:59:44 - [TEST_STEP][PASSED] - tapAndHold(ANAL_ItemTopResultTech, 1, 0): Tapped and held on element 'Object Repository/Mobile/Page/Analysis/Item - Top Technical' with duration 1

2022-02-23 12:59:44 - [MESSAGE][WARNING] - Timeout '0' is invalid. Using default page load timeout: '60'

2022-02-23 12:59:47 - [MESSAGE][PASSED] - Tapped and held on element 'Object Repository/Mobile/Page/Analysis/Item - Top Technical' with duration 1

2022-02-23 12:59:47 - [TEST_STEP][PASSED] - delay(5): Delayed 5 second(s)

2022-02-23 12:59:52 - [MESSAGE][PASSED] - Delayed 5 second(s)

2022-02-23 12:59:52 - [TEST_STEP][PASSED] - switch (action2): null

2022-02-23 12:59:52 - [TEST_STEP][PASSED] - case "month":: null

2022-02-23 12:59:52 - [TEST_STEP][PASSED] - tapAndHold(ANAL_DETL_BtnM, 1, 0): Tapped and held on element 'Object Repository/Mobile/Page/Analysis/Detail/Button - M' with duration 1

2022-02-23 12:59:52 - [MESSAGE][WARNING] - Timeout '0' is invalid. Using default page load timeout: '60'

2022-02-23 12:59:54 - [MESSAGE][PASSED] - Tapped and held on element 'Object Repository/Mobile/Page/Analysis/Detail/Button - M' with duration 1

2022-02-23 12:59:54 - [TEST_STEP][PASSED] - break: null

2022-02-23 12:59:54 - [TEST_STEP][PASSED] - delay(2): Delayed 2 second(s)

2022-02-23 12:59:56 - [MESSAGE][PASSED] - Delayed 2 second(s)

2022-02-23 12:59:56 - [MESSAGE][PASSED] - Call Test Case 'Test Cases/Mobile/Page/Analysis/Analysis' successfully

2022-02-23 12:59:56 - [TEST_STEP][PASSED] - callTestCase(findTestCase("Mobile/Page/Run App/Terminate App"), [:], STOP_ON_FAILURE): Call Test Case 'Test Cases/Mobile/Page/Run App/Terminate App' successfully

2022-02-23 12:59:56 - [TEST_CASE][PASSED] - Test Cases/Mobile/Page/Run App/Terminate App: Test Cases/Mobile/Page/Run App/Terminate App

2022-02-23 12:59:56 - [TEST_STEP][PASSED] - startApp.OpenApp.terminateApplication(): startApp.OpenApp.terminateApplication is PASSED

2022-02-23 13:00:00 - [MESSAGE][PASSED] - Delayed 3 second(s)

2022-02-23 13:00:00 - [MESSAGE][PASSED] - Current device physical width is 720

2022-02-23 13:00:00 - [MESSAGE][PASSED] - Current device physical height is 1423

2022-02-23 13:00:02 - [MESSAGE][PASSED] - Swiped from 360,853 to 360,142

2022-02-23 13:00:03 - [MESSAGE][PASSED] - Delayed 1 second(s)

2022-02-23 13:00:04 - [MESSAGE][PASSED] - Swiped from 360,853 to 360,142

2022-02-23 13:00:07 - [MESSAGE][PASSED] - Delayed 3 second(s)

2022-02-23 13:00:07 - [MESSAGE][PASSED] - startApp.OpenApp.terminateApplication is PASSED

2022-02-23 13:00:07 - [MESSAGE][PASSED] - Call Test Case 'Test Cases/Mobile/Page/Run App/Terminate App' successfully]]></system-out>
         <system-err><![CDATA[]]></system-err>
      </testcase>
      <testcase name="Test Cases/Mobile/Scenario/Analysis/005 - Melihat detail stock kategori year" time="72.594" classname="Test Cases/Mobile/Scenario/Analysis/005 - Melihat detail stock kategori year" status="PASSED">
         <system-out><![CDATA[2022-02-23 13:00:07 - [TEST_CASE][PASSED] - Test Cases/Mobile/Scenario/Analysis/005 - Melihat detail stock kategori year: Test Cases/Mobile/Scenario/Analysis/005 - Melihat detail stock kategori year

2022-02-23 13:00:07 - [TEST_STEP][PASSED] - callTestCase(findTestCase("Mobile/Page/Run App/Run App byID"), [:], STOP_ON_FAILURE): Call Test Case 'Test Cases/Mobile/Page/Run App/Run App byID' successfully

2022-02-23 13:00:07 - [TEST_CASE][PASSED] - Test Cases/Mobile/Page/Run App/Run App byID: Test Cases/Mobile/Page/Run App/Run App byID

2022-02-23 13:00:07 - [TEST_STEP][PASSED] - startApp.OpenApp.startApplication("id.co.miraeasset.sageclub"): startApp.OpenApp.startApplication is PASSED

2022-02-23 13:00:23 - [MESSAGE][PASSED] - Starting app with application ID: 'id.co.miraeasset.sageclub'

2022-02-23 13:00:23 - [MESSAGE][PASSED] - startApp.OpenApp.startApplication is PASSED

2022-02-23 13:00:23 - [MESSAGE][PASSED] - Call Test Case 'Test Cases/Mobile/Page/Run App/Run App byID' successfully

2022-02-23 13:00:23 - [TEST_STEP][PASSED] - callTestCase(findTestCase("Mobile/Page/Analysis/Analysis"), ["action":"technicaldetail", "action2":"year"], CONTINUE_ON_FAILURE): Call Test Case 'Test Cases/Mobile/Page/Analysis/Analysis' successfully

2022-02-23 13:00:23 - [TEST_CASE][PASSED] - Test Cases/Mobile/Page/Analysis/Analysis: Test Cases/Mobile/Page/Analysis/Analysis

2022-02-23 13:00:23 - [TEST_STEP][PASSED] - callTestCase(findTestCase("Mobile/Page/CheckLogin"), [:], CONTINUE_ON_FAILURE): Call Test Case 'Test Cases/Mobile/Page/CheckLogin' successfully

2022-02-23 13:00:23 - [TEST_CASE][PASSED] - Test Cases/Mobile/Page/CheckLogin: Test Cases/Mobile/Page/CheckLogin

2022-02-23 13:00:23 - [TEST_STEP][PASSED] - loginCheck = verifyElementExist(LOGN_BtnLogin, 5, CONTINUE_ON_FAILURE): Element 'Object Repository/Mobile/Page/Login/Button - Login' is exist

2022-02-23 13:00:26 - [MESSAGE][PASSED] - Element 'Object Repository/Mobile/Page/Login/Button - Login' is exist

2022-02-23 13:00:26 - [TEST_STEP][PASSED] - if (loginCheck): Call Test Case 'Test Cases/Mobile/Page/Login/Login' successfully

2022-02-23 13:00:26 - [TEST_STEP][PASSED] - callTestCase(findTestCase("Mobile/Page/Login/Login"), ["action":"username"], CONTINUE_ON_FAILURE): Call Test Case 'Test Cases/Mobile/Page/Login/Login' successfully

2022-02-23 13:00:26 - [TEST_CASE][PASSED] - Test Cases/Mobile/Page/Login/Login: Test Cases/Mobile/Page/Login/Login

2022-02-23 13:00:26 - [TEST_STEP][PASSED] - delay(2): Delayed 2 second(s)

2022-02-23 13:00:28 - [MESSAGE][PASSED] - Delayed 2 second(s)

2022-02-23 13:00:28 - [TEST_STEP][PASSED] - for ([i = 0, i < 1, (i++)]): null

2022-02-23 13:00:28 - [TEST_STEP][PASSED] - if (action == "username"): null

2022-02-23 13:00:28 - [TEST_STEP][PASSED] - tap(LOGN_EdtUserID, 0): Tapped on element 'Object Repository/Mobile/Page/Login/Input - UserID'

2022-02-23 13:00:28 - [MESSAGE][WARNING] - Timeout '0' is invalid. Using default page load timeout: '60'

2022-02-23 13:00:29 - [MESSAGE][PASSED] - Tapped on element 'Object Repository/Mobile/Page/Login/Input - UserID'

2022-02-23 13:00:29 - [TEST_STEP][PASSED] - delay(1): Delayed 1 second(s)

2022-02-23 13:00:30 - [MESSAGE][PASSED] - Delayed 1 second(s)

2022-02-23 13:00:30 - [TEST_STEP][PASSED] - setText(LOGN_EdtRdyUserID, "anggaaditya", 0): Text 'anggaaditya' has been set to element 'Object Repository/Mobile/Page/Login/Input Rdy - UserID'

2022-02-23 13:00:30 - [MESSAGE][WARNING] - Timeout '0' is invalid. Using default page load timeout: '60'

2022-02-23 13:00:31 - [MESSAGE][PASSED] - Text 'anggaaditya' has been set to element 'Object Repository/Mobile/Page/Login/Input Rdy - UserID'

2022-02-23 13:00:31 - [TEST_STEP][PASSED] - delay(1): Delayed 1 second(s)

2022-02-23 13:00:32 - [MESSAGE][PASSED] - Delayed 1 second(s)

2022-02-23 13:00:32 - [TEST_STEP][PASSED] - hideKeyboard(): Keyboard is hidden

2022-02-23 13:00:39 - [MESSAGE][PASSED] - Keyboard is hidden

2022-02-23 13:00:39 - [TEST_STEP][PASSED] - tap(LOGN_EdtPassword, 0): Tapped on element 'Object Repository/Mobile/Page/Login/Input - Password'

2022-02-23 13:00:39 - [MESSAGE][WARNING] - Timeout '0' is invalid. Using default page load timeout: '60'

2022-02-23 13:00:39 - [MESSAGE][PASSED] - Tapped on element 'Object Repository/Mobile/Page/Login/Input - Password'

2022-02-23 13:00:39 - [TEST_STEP][PASSED] - delay(1): Delayed 1 second(s)

2022-02-23 13:00:40 - [MESSAGE][PASSED] - Delayed 1 second(s)

2022-02-23 13:00:40 - [TEST_STEP][PASSED] - setText(LOGN_EdtRdyPassword, "Shalawa18", 0): Text 'Shalawa18' has been set to element 'Object Repository/Mobile/Page/Login/Input Rdy - Password'

2022-02-23 13:00:40 - [MESSAGE][WARNING] - Timeout '0' is invalid. Using default page load timeout: '60'

2022-02-23 13:00:41 - [MESSAGE][PASSED] - Text 'Shalawa18' has been set to element 'Object Repository/Mobile/Page/Login/Input Rdy - Password'

2022-02-23 13:00:41 - [TEST_STEP][PASSED] - delay(1): Delayed 1 second(s)

2022-02-23 13:00:42 - [MESSAGE][PASSED] - Delayed 1 second(s)

2022-02-23 13:00:42 - [TEST_STEP][PASSED] - hideKeyboard(): Keyboard is hidden

2022-02-23 13:00:48 - [MESSAGE][PASSED] - Keyboard is hidden

2022-02-23 13:00:48 - [TEST_STEP][PASSED] - tap(LOGN_BtnLogin, 0): Tapped on element 'Object Repository/Mobile/Page/Login/Button - Login'

2022-02-23 13:00:48 - [MESSAGE][WARNING] - Timeout '0' is invalid. Using default page load timeout: '60'

2022-02-23 13:00:49 - [MESSAGE][PASSED] - Tapped on element 'Object Repository/Mobile/Page/Login/Button - Login'

2022-02-23 13:00:49 - [TEST_STEP][PASSED] - delay(2): Delayed 2 second(s)

2022-02-23 13:00:51 - [MESSAGE][PASSED] - Delayed 2 second(s)

2022-02-23 13:00:51 - [TEST_STEP][PASSED] - break: null

2022-02-23 13:00:51 - [MESSAGE][PASSED] - Call Test Case 'Test Cases/Mobile/Page/Login/Login' successfully

2022-02-23 13:00:51 - [MESSAGE][PASSED] - Call Test Case 'Test Cases/Mobile/Page/CheckLogin' successfully

2022-02-23 13:00:51 - [TEST_STEP][PASSED] - tap(HOME_MenubarAnalysis, 0): Tapped on element 'Object Repository/Mobile/Page/Home/Menubar - Analysis'

2022-02-23 13:00:51 - [MESSAGE][WARNING] - Timeout '0' is invalid. Using default page load timeout: '60'

2022-02-23 13:00:53 - [MESSAGE][PASSED] - Tapped on element 'Object Repository/Mobile/Page/Home/Menubar - Analysis'

2022-02-23 13:00:53 - [TEST_STEP][PASSED] - delay(3): Delayed 3 second(s)

2022-02-23 13:00:56 - [MESSAGE][PASSED] - Delayed 3 second(s)

2022-02-23 13:00:56 - [TEST_STEP][PASSED] - for ([i = 0, i < 1, (i++)]): Delayed 2 second(s)

2022-02-23 13:00:56 - [TEST_STEP][PASSED] - if (action == "technicalsearch"): null

2022-02-23 13:00:56 - [TEST_STEP][PASSED] - else if (action == "technicaldetail"): Delayed 2 second(s)

2022-02-23 13:00:56 - [TEST_STEP][PASSED] - tapAndHold(ANAL_ItemTopResultTech, 1, 0): Tapped and held on element 'Object Repository/Mobile/Page/Analysis/Item - Top Technical' with duration 1

2022-02-23 13:00:56 - [MESSAGE][WARNING] - Timeout '0' is invalid. Using default page load timeout: '60'

2022-02-23 13:01:00 - [MESSAGE][PASSED] - Tapped and held on element 'Object Repository/Mobile/Page/Analysis/Item - Top Technical' with duration 1

2022-02-23 13:01:00 - [TEST_STEP][PASSED] - delay(5): Delayed 5 second(s)

2022-02-23 13:01:05 - [MESSAGE][PASSED] - Delayed 5 second(s)

2022-02-23 13:01:05 - [TEST_STEP][PASSED] - switch (action2): null

2022-02-23 13:01:05 - [TEST_STEP][PASSED] - case "year":: null

2022-02-23 13:01:05 - [TEST_STEP][PASSED] - tapAndHold(ANAL_DETL_BtnY, 1, 0): Tapped and held on element 'Object Repository/Mobile/Page/Analysis/Detail/Button - Y' with duration 1

2022-02-23 13:01:05 - [MESSAGE][WARNING] - Timeout '0' is invalid. Using default page load timeout: '60'

2022-02-23 13:01:07 - [MESSAGE][PASSED] - Tapped and held on element 'Object Repository/Mobile/Page/Analysis/Detail/Button - Y' with duration 1

2022-02-23 13:01:07 - [TEST_STEP][PASSED] - break: null

2022-02-23 13:01:07 - [TEST_STEP][PASSED] - delay(2): Delayed 2 second(s)

2022-02-23 13:01:09 - [MESSAGE][PASSED] - Delayed 2 second(s)

2022-02-23 13:01:09 - [MESSAGE][PASSED] - Call Test Case 'Test Cases/Mobile/Page/Analysis/Analysis' successfully

2022-02-23 13:01:09 - [TEST_STEP][PASSED] - callTestCase(findTestCase("Mobile/Page/Run App/Terminate App"), [:], STOP_ON_FAILURE): Call Test Case 'Test Cases/Mobile/Page/Run App/Terminate App' successfully

2022-02-23 13:01:09 - [TEST_CASE][PASSED] - Test Cases/Mobile/Page/Run App/Terminate App: Test Cases/Mobile/Page/Run App/Terminate App

2022-02-23 13:01:09 - [TEST_STEP][PASSED] - startApp.OpenApp.terminateApplication(): startApp.OpenApp.terminateApplication is PASSED

2022-02-23 13:01:13 - [MESSAGE][PASSED] - Delayed 3 second(s)

2022-02-23 13:01:13 - [MESSAGE][PASSED] - Current device physical width is 720

2022-02-23 13:01:13 - [MESSAGE][PASSED] - Current device physical height is 1423

2022-02-23 13:01:14 - [MESSAGE][PASSED] - Swiped from 360,853 to 360,142

2022-02-23 13:01:15 - [MESSAGE][PASSED] - Delayed 1 second(s)

2022-02-23 13:01:16 - [MESSAGE][PASSED] - Swiped from 360,853 to 360,142

2022-02-23 13:01:19 - [MESSAGE][PASSED] - Delayed 3 second(s)

2022-02-23 13:01:19 - [MESSAGE][PASSED] - startApp.OpenApp.terminateApplication is PASSED

2022-02-23 13:01:19 - [MESSAGE][PASSED] - Call Test Case 'Test Cases/Mobile/Page/Run App/Terminate App' successfully]]></system-out>
         <system-err><![CDATA[]]></system-err>
      </testcase>
      <testcase name="Test Cases/Mobile/Scenario/Analysis/006 - Melihat Research Report" time="61.262" classname="Test Cases/Mobile/Scenario/Analysis/006 - Melihat Research Report" status="PASSED">
         <system-out><![CDATA[2022-02-23 13:01:19 - [TEST_CASE][PASSED] - Test Cases/Mobile/Scenario/Analysis/006 - Melihat Research Report: Test Cases/Mobile/Scenario/Analysis/006 - Melihat Research Report

2022-02-23 13:01:20 - [TEST_STEP][PASSED] - callTestCase(findTestCase("Mobile/Page/Run App/Run App byID"), [:], STOP_ON_FAILURE): Call Test Case 'Test Cases/Mobile/Page/Run App/Run App byID' successfully

2022-02-23 13:01:20 - [TEST_CASE][PASSED] - Test Cases/Mobile/Page/Run App/Run App byID: Test Cases/Mobile/Page/Run App/Run App byID

2022-02-23 13:01:20 - [TEST_STEP][PASSED] - startApp.OpenApp.startApplication("id.co.miraeasset.sageclub"): startApp.OpenApp.startApplication is PASSED

2022-02-23 13:01:33 - [MESSAGE][PASSED] - Starting app with application ID: 'id.co.miraeasset.sageclub'

2022-02-23 13:01:33 - [MESSAGE][PASSED] - startApp.OpenApp.startApplication is PASSED

2022-02-23 13:01:33 - [MESSAGE][PASSED] - Call Test Case 'Test Cases/Mobile/Page/Run App/Run App byID' successfully

2022-02-23 13:01:33 - [TEST_STEP][PASSED] - callTestCase(findTestCase("Mobile/Page/Analysis/Analysis"), ["action":"researchdetail"], CONTINUE_ON_FAILURE): Call Test Case 'Test Cases/Mobile/Page/Analysis/Analysis' successfully

2022-02-23 13:01:33 - [TEST_CASE][PASSED] - Test Cases/Mobile/Page/Analysis/Analysis: Test Cases/Mobile/Page/Analysis/Analysis

2022-02-23 13:01:33 - [TEST_STEP][PASSED] - callTestCase(findTestCase("Mobile/Page/CheckLogin"), [:], CONTINUE_ON_FAILURE): Call Test Case 'Test Cases/Mobile/Page/CheckLogin' successfully

2022-02-23 13:01:33 - [TEST_CASE][PASSED] - Test Cases/Mobile/Page/CheckLogin: Test Cases/Mobile/Page/CheckLogin

2022-02-23 13:01:33 - [TEST_STEP][PASSED] - loginCheck = verifyElementExist(LOGN_BtnLogin, 5, CONTINUE_ON_FAILURE): Element 'Object Repository/Mobile/Page/Login/Button - Login' is exist

2022-02-23 13:01:35 - [MESSAGE][PASSED] - Element 'Object Repository/Mobile/Page/Login/Button - Login' is exist

2022-02-23 13:01:35 - [TEST_STEP][PASSED] - if (loginCheck): Call Test Case 'Test Cases/Mobile/Page/Login/Login' successfully

2022-02-23 13:01:35 - [TEST_STEP][PASSED] - callTestCase(findTestCase("Mobile/Page/Login/Login"), ["action":"username"], CONTINUE_ON_FAILURE): Call Test Case 'Test Cases/Mobile/Page/Login/Login' successfully

2022-02-23 13:01:35 - [TEST_CASE][PASSED] - Test Cases/Mobile/Page/Login/Login: Test Cases/Mobile/Page/Login/Login

2022-02-23 13:01:35 - [TEST_STEP][PASSED] - delay(2): Delayed 2 second(s)

2022-02-23 13:01:37 - [MESSAGE][PASSED] - Delayed 2 second(s)

2022-02-23 13:01:37 - [TEST_STEP][PASSED] - for ([i = 0, i < 1, (i++)]): null

2022-02-23 13:01:37 - [TEST_STEP][PASSED] - if (action == "username"): null

2022-02-23 13:01:37 - [TEST_STEP][PASSED] - tap(LOGN_EdtUserID, 0): Tapped on element 'Object Repository/Mobile/Page/Login/Input - UserID'

2022-02-23 13:01:37 - [MESSAGE][WARNING] - Timeout '0' is invalid. Using default page load timeout: '60'

2022-02-23 13:01:39 - [MESSAGE][PASSED] - Tapped on element 'Object Repository/Mobile/Page/Login/Input - UserID'

2022-02-23 13:01:39 - [TEST_STEP][PASSED] - delay(1): Delayed 1 second(s)

2022-02-23 13:01:40 - [MESSAGE][PASSED] - Delayed 1 second(s)

2022-02-23 13:01:40 - [TEST_STEP][PASSED] - setText(LOGN_EdtRdyUserID, "anggaaditya", 0): Text 'anggaaditya' has been set to element 'Object Repository/Mobile/Page/Login/Input Rdy - UserID'

2022-02-23 13:01:40 - [MESSAGE][WARNING] - Timeout '0' is invalid. Using default page load timeout: '60'

2022-02-23 13:01:40 - [MESSAGE][PASSED] - Text 'anggaaditya' has been set to element 'Object Repository/Mobile/Page/Login/Input Rdy - UserID'

2022-02-23 13:01:40 - [TEST_STEP][PASSED] - delay(1): Delayed 1 second(s)

2022-02-23 13:01:41 - [MESSAGE][PASSED] - Delayed 1 second(s)

2022-02-23 13:01:41 - [TEST_STEP][PASSED] - hideKeyboard(): Keyboard is hidden

2022-02-23 13:01:44 - [MESSAGE][PASSED] - Keyboard is hidden

2022-02-23 13:01:44 - [TEST_STEP][PASSED] - tap(LOGN_EdtPassword, 0): Tapped on element 'Object Repository/Mobile/Page/Login/Input - Password'

2022-02-23 13:01:44 - [MESSAGE][WARNING] - Timeout '0' is invalid. Using default page load timeout: '60'

2022-02-23 13:01:45 - [MESSAGE][PASSED] - Tapped on element 'Object Repository/Mobile/Page/Login/Input - Password'

2022-02-23 13:01:45 - [TEST_STEP][PASSED] - delay(1): Delayed 1 second(s)

2022-02-23 13:01:46 - [MESSAGE][PASSED] - Delayed 1 second(s)

2022-02-23 13:01:46 - [TEST_STEP][PASSED] - setText(LOGN_EdtRdyPassword, "Shalawa18", 0): Text 'Shalawa18' has been set to element 'Object Repository/Mobile/Page/Login/Input Rdy - Password'

2022-02-23 13:01:46 - [MESSAGE][WARNING] - Timeout '0' is invalid. Using default page load timeout: '60'

2022-02-23 13:01:46 - [MESSAGE][PASSED] - Text 'Shalawa18' has been set to element 'Object Repository/Mobile/Page/Login/Input Rdy - Password'

2022-02-23 13:01:46 - [TEST_STEP][PASSED] - delay(1): Delayed 1 second(s)

2022-02-23 13:01:47 - [MESSAGE][PASSED] - Delayed 1 second(s)

2022-02-23 13:01:47 - [TEST_STEP][PASSED] - hideKeyboard(): Keyboard is hidden

2022-02-23 13:01:53 - [MESSAGE][PASSED] - Keyboard is hidden

2022-02-23 13:01:53 - [TEST_STEP][PASSED] - tap(LOGN_BtnLogin, 0): Tapped on element 'Object Repository/Mobile/Page/Login/Button - Login'

2022-02-23 13:01:53 - [MESSAGE][WARNING] - Timeout '0' is invalid. Using default page load timeout: '60'

2022-02-23 13:01:54 - [MESSAGE][PASSED] - Tapped on element 'Object Repository/Mobile/Page/Login/Button - Login'

2022-02-23 13:01:54 - [TEST_STEP][PASSED] - delay(2): Delayed 2 second(s)

2022-02-23 13:01:56 - [MESSAGE][PASSED] - Delayed 2 second(s)

2022-02-23 13:01:56 - [TEST_STEP][PASSED] - break: null

2022-02-23 13:01:56 - [MESSAGE][PASSED] - Call Test Case 'Test Cases/Mobile/Page/Login/Login' successfully

2022-02-23 13:01:56 - [MESSAGE][PASSED] - Call Test Case 'Test Cases/Mobile/Page/CheckLogin' successfully

2022-02-23 13:01:56 - [TEST_STEP][PASSED] - tap(HOME_MenubarAnalysis, 0): Tapped on element 'Object Repository/Mobile/Page/Home/Menubar - Analysis'

2022-02-23 13:01:56 - [MESSAGE][WARNING] - Timeout '0' is invalid. Using default page load timeout: '60'

2022-02-23 13:01:58 - [MESSAGE][PASSED] - Tapped on element 'Object Repository/Mobile/Page/Home/Menubar - Analysis'

2022-02-23 13:01:58 - [TEST_STEP][PASSED] - delay(3): Delayed 3 second(s)

2022-02-23 13:02:01 - [MESSAGE][PASSED] - Delayed 3 second(s)

2022-02-23 13:02:01 - [TEST_STEP][PASSED] - for ([i = 0, i < 1, (i++)]): Press back button successfully

2022-02-23 13:02:01 - [TEST_STEP][PASSED] - if (action == "technicalsearch"): null

2022-02-23 13:02:01 - [TEST_STEP][PASSED] - else if (action == "technicaldetail"): null

2022-02-23 13:02:01 - [TEST_STEP][PASSED] - else if (action == "researchdetail"): Press back button successfully

2022-02-23 13:02:01 - [TEST_STEP][PASSED] - tap(ANAL_TabResearchReport, 0): Tapped on element 'Object Repository/Mobile/Page/Analysis/Tab - Research Report'

2022-02-23 13:02:01 - [MESSAGE][WARNING] - Timeout '0' is invalid. Using default page load timeout: '60'

2022-02-23 13:02:03 - [MESSAGE][PASSED] - Tapped on element 'Object Repository/Mobile/Page/Analysis/Tab - Research Report'

2022-02-23 13:02:03 - [TEST_STEP][PASSED] - delay(1): Delayed 1 second(s)

2022-02-23 13:02:04 - [MESSAGE][PASSED] - Delayed 1 second(s)

2022-02-23 13:02:04 - [TEST_STEP][PASSED] - tapAndHold(ANAL_ItemTopSearch, 1, 0): Tapped and held on element 'Object Repository/Mobile/Page/Analysis/Item - Top Search' with duration 1

2022-02-23 13:02:04 - [MESSAGE][WARNING] - Timeout '0' is invalid. Using default page load timeout: '60'

2022-02-23 13:02:06 - [MESSAGE][PASSED] - Tapped and held on element 'Object Repository/Mobile/Page/Analysis/Item - Top Search' with duration 1

2022-02-23 13:02:06 - [TEST_STEP][PASSED] - delay(3): Delayed 3 second(s)

2022-02-23 13:02:09 - [MESSAGE][PASSED] - Delayed 3 second(s)

2022-02-23 13:02:09 - [TEST_STEP][PASSED] - pressBack(): Press back button successfully

2022-02-23 13:02:10 - [MESSAGE][PASSED] - Press back button successfully

2022-02-23 13:02:10 - [MESSAGE][PASSED] - Call Test Case 'Test Cases/Mobile/Page/Analysis/Analysis' successfully

2022-02-23 13:02:10 - [TEST_STEP][PASSED] - callTestCase(findTestCase("Mobile/Page/Run App/Terminate App"), [:], STOP_ON_FAILURE): Call Test Case 'Test Cases/Mobile/Page/Run App/Terminate App' successfully

2022-02-23 13:02:10 - [TEST_CASE][PASSED] - Test Cases/Mobile/Page/Run App/Terminate App: Test Cases/Mobile/Page/Run App/Terminate App

2022-02-23 13:02:10 - [TEST_STEP][PASSED] - startApp.OpenApp.terminateApplication(): startApp.OpenApp.terminateApplication is PASSED

2022-02-23 13:02:14 - [MESSAGE][PASSED] - Delayed 3 second(s)

2022-02-23 13:02:14 - [MESSAGE][PASSED] - Current device physical width is 720

2022-02-23 13:02:14 - [MESSAGE][PASSED] - Current device physical height is 1423

2022-02-23 13:02:15 - [MESSAGE][PASSED] - Swiped from 360,853 to 360,142

2022-02-23 13:02:16 - [MESSAGE][PASSED] - Delayed 1 second(s)

2022-02-23 13:02:18 - [MESSAGE][PASSED] - Swiped from 360,853 to 360,142

2022-02-23 13:02:21 - [MESSAGE][PASSED] - Delayed 3 second(s)

2022-02-23 13:02:21 - [MESSAGE][PASSED] - startApp.OpenApp.terminateApplication is PASSED

2022-02-23 13:02:21 - [MESSAGE][PASSED] - Call Test Case 'Test Cases/Mobile/Page/Run App/Terminate App' successfully]]></system-out>
         <system-err><![CDATA[]]></system-err>
      </testcase>
      <testcase name="Test Cases/Mobile/Scenario/Analysis/007 - Mencari research report" time="66.73" classname="Test Cases/Mobile/Scenario/Analysis/007 - Mencari research report" status="PASSED">
         <system-out><![CDATA[2022-02-23 13:02:21 - [TEST_CASE][PASSED] - Test Cases/Mobile/Scenario/Analysis/007 - Mencari research report: Test Cases/Mobile/Scenario/Analysis/007 - Mencari research report

2022-02-23 13:02:21 - [TEST_STEP][PASSED] - callTestCase(findTestCase("Mobile/Page/Run App/Run App byID"), [:], STOP_ON_FAILURE): Call Test Case 'Test Cases/Mobile/Page/Run App/Run App byID' successfully

2022-02-23 13:02:21 - [TEST_CASE][PASSED] - Test Cases/Mobile/Page/Run App/Run App byID: Test Cases/Mobile/Page/Run App/Run App byID

2022-02-23 13:02:21 - [TEST_STEP][PASSED] - startApp.OpenApp.startApplication("id.co.miraeasset.sageclub"): startApp.OpenApp.startApplication is PASSED

2022-02-23 13:02:35 - [MESSAGE][PASSED] - Starting app with application ID: 'id.co.miraeasset.sageclub'

2022-02-23 13:02:35 - [MESSAGE][PASSED] - startApp.OpenApp.startApplication is PASSED

2022-02-23 13:02:35 - [MESSAGE][PASSED] - Call Test Case 'Test Cases/Mobile/Page/Run App/Run App byID' successfully

2022-02-23 13:02:35 - [TEST_STEP][PASSED] - callTestCase(findTestCase("Mobile/Page/Analysis/Analysis"), ["action":"researchsearch"], CONTINUE_ON_FAILURE): Call Test Case 'Test Cases/Mobile/Page/Analysis/Analysis' successfully

2022-02-23 13:02:35 - [TEST_CASE][PASSED] - Test Cases/Mobile/Page/Analysis/Analysis: Test Cases/Mobile/Page/Analysis/Analysis

2022-02-23 13:02:35 - [TEST_STEP][PASSED] - callTestCase(findTestCase("Mobile/Page/CheckLogin"), [:], CONTINUE_ON_FAILURE): Call Test Case 'Test Cases/Mobile/Page/CheckLogin' successfully

2022-02-23 13:02:35 - [TEST_CASE][PASSED] - Test Cases/Mobile/Page/CheckLogin: Test Cases/Mobile/Page/CheckLogin

2022-02-23 13:02:35 - [TEST_STEP][PASSED] - loginCheck = verifyElementExist(LOGN_BtnLogin, 5, CONTINUE_ON_FAILURE): Element 'Object Repository/Mobile/Page/Login/Button - Login' is exist

2022-02-23 13:02:37 - [MESSAGE][PASSED] - Element 'Object Repository/Mobile/Page/Login/Button - Login' is exist

2022-02-23 13:02:37 - [TEST_STEP][PASSED] - if (loginCheck): Call Test Case 'Test Cases/Mobile/Page/Login/Login' successfully

2022-02-23 13:02:37 - [TEST_STEP][PASSED] - callTestCase(findTestCase("Mobile/Page/Login/Login"), ["action":"username"], CONTINUE_ON_FAILURE): Call Test Case 'Test Cases/Mobile/Page/Login/Login' successfully

2022-02-23 13:02:37 - [TEST_CASE][PASSED] - Test Cases/Mobile/Page/Login/Login: Test Cases/Mobile/Page/Login/Login

2022-02-23 13:02:37 - [TEST_STEP][PASSED] - delay(2): Delayed 2 second(s)

2022-02-23 13:02:39 - [MESSAGE][PASSED] - Delayed 2 second(s)

2022-02-23 13:02:39 - [TEST_STEP][PASSED] - for ([i = 0, i < 1, (i++)]): null

2022-02-23 13:02:39 - [TEST_STEP][PASSED] - if (action == "username"): null

2022-02-23 13:02:39 - [TEST_STEP][PASSED] - tap(LOGN_EdtUserID, 0): Tapped on element 'Object Repository/Mobile/Page/Login/Input - UserID'

2022-02-23 13:02:39 - [MESSAGE][WARNING] - Timeout '0' is invalid. Using default page load timeout: '60'

2022-02-23 13:02:40 - [MESSAGE][PASSED] - Tapped on element 'Object Repository/Mobile/Page/Login/Input - UserID'

2022-02-23 13:02:40 - [TEST_STEP][PASSED] - delay(1): Delayed 1 second(s)

2022-02-23 13:02:41 - [MESSAGE][PASSED] - Delayed 1 second(s)

2022-02-23 13:02:41 - [TEST_STEP][PASSED] - setText(LOGN_EdtRdyUserID, "anggaaditya", 0): Text 'anggaaditya' has been set to element 'Object Repository/Mobile/Page/Login/Input Rdy - UserID'

2022-02-23 13:02:41 - [MESSAGE][WARNING] - Timeout '0' is invalid. Using default page load timeout: '60'

2022-02-23 13:02:41 - [MESSAGE][PASSED] - Text 'anggaaditya' has been set to element 'Object Repository/Mobile/Page/Login/Input Rdy - UserID'

2022-02-23 13:02:41 - [TEST_STEP][PASSED] - delay(1): Delayed 1 second(s)

2022-02-23 13:02:42 - [MESSAGE][PASSED] - Delayed 1 second(s)

2022-02-23 13:02:42 - [TEST_STEP][PASSED] - hideKeyboard(): Keyboard is hidden

2022-02-23 13:02:46 - [MESSAGE][PASSED] - Keyboard is hidden

2022-02-23 13:02:46 - [TEST_STEP][PASSED] - tap(LOGN_EdtPassword, 0): Tapped on element 'Object Repository/Mobile/Page/Login/Input - Password'

2022-02-23 13:02:46 - [MESSAGE][WARNING] - Timeout '0' is invalid. Using default page load timeout: '60'

2022-02-23 13:02:46 - [MESSAGE][PASSED] - Tapped on element 'Object Repository/Mobile/Page/Login/Input - Password'

2022-02-23 13:02:46 - [TEST_STEP][PASSED] - delay(1): Delayed 1 second(s)

2022-02-23 13:02:47 - [MESSAGE][PASSED] - Delayed 1 second(s)

2022-02-23 13:02:47 - [TEST_STEP][PASSED] - setText(LOGN_EdtRdyPassword, "Shalawa18", 0): Text 'Shalawa18' has been set to element 'Object Repository/Mobile/Page/Login/Input Rdy - Password'

2022-02-23 13:02:47 - [MESSAGE][WARNING] - Timeout '0' is invalid. Using default page load timeout: '60'

2022-02-23 13:02:47 - [MESSAGE][PASSED] - Text 'Shalawa18' has been set to element 'Object Repository/Mobile/Page/Login/Input Rdy - Password'

2022-02-23 13:02:47 - [TEST_STEP][PASSED] - delay(1): Delayed 1 second(s)

2022-02-23 13:02:48 - [MESSAGE][PASSED] - Delayed 1 second(s)

2022-02-23 13:02:48 - [TEST_STEP][PASSED] - hideKeyboard(): Keyboard is hidden

2022-02-23 13:02:54 - [MESSAGE][PASSED] - Keyboard is hidden

2022-02-23 13:02:54 - [TEST_STEP][PASSED] - tap(LOGN_BtnLogin, 0): Tapped on element 'Object Repository/Mobile/Page/Login/Button - Login'

2022-02-23 13:02:54 - [MESSAGE][WARNING] - Timeout '0' is invalid. Using default page load timeout: '60'

2022-02-23 13:02:55 - [MESSAGE][PASSED] - Tapped on element 'Object Repository/Mobile/Page/Login/Button - Login'

2022-02-23 13:02:55 - [TEST_STEP][PASSED] - delay(2): Delayed 2 second(s)

2022-02-23 13:02:57 - [MESSAGE][PASSED] - Delayed 2 second(s)

2022-02-23 13:02:57 - [TEST_STEP][PASSED] - break: null

2022-02-23 13:02:57 - [MESSAGE][PASSED] - Call Test Case 'Test Cases/Mobile/Page/Login/Login' successfully

2022-02-23 13:02:57 - [MESSAGE][PASSED] - Call Test Case 'Test Cases/Mobile/Page/CheckLogin' successfully

2022-02-23 13:02:57 - [TEST_STEP][PASSED] - tap(HOME_MenubarAnalysis, 0): Tapped on element 'Object Repository/Mobile/Page/Home/Menubar - Analysis'

2022-02-23 13:02:57 - [MESSAGE][WARNING] - Timeout '0' is invalid. Using default page load timeout: '60'

2022-02-23 13:02:59 - [MESSAGE][PASSED] - Tapped on element 'Object Repository/Mobile/Page/Home/Menubar - Analysis'

2022-02-23 13:02:59 - [TEST_STEP][PASSED] - delay(3): Delayed 3 second(s)

2022-02-23 13:03:02 - [MESSAGE][PASSED] - Delayed 3 second(s)

2022-02-23 13:03:02 - [TEST_STEP][PASSED] - for ([i = 0, i < 1, (i++)]): Press back button successfully

2022-02-23 13:03:02 - [TEST_STEP][PASSED] - if (action == "technicalsearch"): null

2022-02-23 13:03:02 - [TEST_STEP][PASSED] - else if (action == "technicaldetail"): null

2022-02-23 13:03:02 - [TEST_STEP][PASSED] - else if (action == "researchdetail"): null

2022-02-23 13:03:02 - [TEST_STEP][PASSED] - else if (action == "researchsearch"): Press back button successfully

2022-02-23 13:03:02 - [TEST_STEP][PASSED] - tap(ANAL_TabResearchReport, 0): Tapped on element 'Object Repository/Mobile/Page/Analysis/Tab - Research Report'

2022-02-23 13:03:02 - [MESSAGE][WARNING] - Timeout '0' is invalid. Using default page load timeout: '60'

2022-02-23 13:03:03 - [MESSAGE][PASSED] - Tapped on element 'Object Repository/Mobile/Page/Analysis/Tab - Research Report'

2022-02-23 13:03:03 - [TEST_STEP][PASSED] - delay(1): Delayed 1 second(s)

2022-02-23 13:03:04 - [MESSAGE][PASSED] - Delayed 1 second(s)

2022-02-23 13:03:04 - [TEST_STEP][PASSED] - tap(ANAL_EdtSearch, 0): Tapped on element 'Object Repository/Mobile/Page/Analysis/Input - Search'

2022-02-23 13:03:04 - [MESSAGE][WARNING] - Timeout '0' is invalid. Using default page load timeout: '60'

2022-02-23 13:03:05 - [MESSAGE][PASSED] - Tapped on element 'Object Repository/Mobile/Page/Analysis/Input - Search'

2022-02-23 13:03:05 - [TEST_STEP][PASSED] - delay(1): Delayed 1 second(s)

2022-02-23 13:03:06 - [MESSAGE][PASSED] - Delayed 1 second(s)

2022-02-23 13:03:06 - [TEST_STEP][PASSED] - setText(ANAL_EdtSearch, "embun", 0): Text 'embun' has been set to element 'Object Repository/Mobile/Page/Analysis/Input - Search'

2022-02-23 13:03:06 - [MESSAGE][WARNING] - Timeout '0' is invalid. Using default page load timeout: '60'

2022-02-23 13:03:06 - [MESSAGE][PASSED] - Text 'embun' has been set to element 'Object Repository/Mobile/Page/Analysis/Input - Search'

2022-02-23 13:03:06 - [TEST_STEP][PASSED] - hideKeyboard(): Keyboard is hidden

2022-02-23 13:03:10 - [MESSAGE][PASSED] - Keyboard is hidden

2022-02-23 13:03:10 - [TEST_STEP][PASSED] - tapAndHold(ANAL_ItemTopSearch, 1, 0): Tapped and held on element 'Object Repository/Mobile/Page/Analysis/Item - Top Search' with duration 1

2022-02-23 13:03:10 - [MESSAGE][WARNING] - Timeout '0' is invalid. Using default page load timeout: '60'

2022-02-23 13:03:13 - [MESSAGE][PASSED] - Tapped and held on element 'Object Repository/Mobile/Page/Analysis/Item - Top Search' with duration 1

2022-02-23 13:03:13 - [TEST_STEP][PASSED] - delay(3): Delayed 3 second(s)

2022-02-23 13:03:16 - [MESSAGE][PASSED] - Delayed 3 second(s)

2022-02-23 13:03:16 - [TEST_STEP][PASSED] - pressBack(): Press back button successfully

2022-02-23 13:03:16 - [MESSAGE][PASSED] - Press back button successfully

2022-02-23 13:03:16 - [MESSAGE][PASSED] - Call Test Case 'Test Cases/Mobile/Page/Analysis/Analysis' successfully

2022-02-23 13:03:16 - [TEST_STEP][PASSED] - callTestCase(findTestCase("Mobile/Page/Run App/Terminate App"), [:], STOP_ON_FAILURE): Call Test Case 'Test Cases/Mobile/Page/Run App/Terminate App' successfully

2022-02-23 13:03:16 - [TEST_CASE][PASSED] - Test Cases/Mobile/Page/Run App/Terminate App: Test Cases/Mobile/Page/Run App/Terminate App

2022-02-23 13:03:16 - [TEST_STEP][PASSED] - startApp.OpenApp.terminateApplication(): startApp.OpenApp.terminateApplication is PASSED

2022-02-23 13:03:21 - [MESSAGE][PASSED] - Delayed 3 second(s)

2022-02-23 13:03:21 - [MESSAGE][PASSED] - Current device physical width is 720

2022-02-23 13:03:21 - [MESSAGE][PASSED] - Current device physical height is 1423

2022-02-23 13:03:22 - [MESSAGE][PASSED] - Swiped from 360,853 to 360,142

2022-02-23 13:03:23 - [MESSAGE][PASSED] - Delayed 1 second(s)

2022-02-23 13:03:24 - [MESSAGE][PASSED] - Swiped from 360,853 to 360,142

2022-02-23 13:03:27 - [MESSAGE][PASSED] - Delayed 3 second(s)

2022-02-23 13:03:27 - [MESSAGE][PASSED] - startApp.OpenApp.terminateApplication is PASSED

2022-02-23 13:03:27 - [MESSAGE][PASSED] - Call Test Case 'Test Cases/Mobile/Page/Run App/Terminate App' successfully]]></system-out>
         <system-err><![CDATA[]]></system-err>
      </testcase>
      <system-out><![CDATA[2022-02-23 12:54:33 - [TEST_SUITE][PASSED] - analysis: Test Cases/Mobile/Scenario/Analysis/007 - Mencari research report]]></system-out>
      <system-err><![CDATA[]]></system-err>
   </testsuite>
</testsuites>
