<?xml version="1.0" encoding="UTF-8"?>
<testsuites name="news" time="331.189" tests="5" failures="0" skips="0" errors="0">
   <testsuite name="news" tests="5" failures="0" errors="0" time="331.189" skips="0" timestamp="2021-12-07 09:24:15" hostname="Owner - aldy-tft" id="Test Suites/news">
      <properties>
         <property name="deviceName" value="samsung SM-A205F (Android 11)"/>
         <property name="devicePlatform" value=""/>
         <property name="logFolder" value="C:\\Users\\Owner\\Documents\\kerjaan\\KatalonProject\\qa_katalon_pwm\\qa_katalon_pwm\\Reports\\20211207_092407\\news\\20211207_092407"/>
         <property name="logFiles" value="C:\\Users\\Owner\\Documents\\kerjaan\\KatalonProject\\qa_katalon_pwm\\qa_katalon_pwm\\Reports\\20211207_092407\\news\\20211207_092407\\appium.log, C:\\Users\\Owner\\Documents\\kerjaan\\KatalonProject\\qa_katalon_pwm\\qa_katalon_pwm\\Reports\\20211207_092407\\news\\20211207_092407\\execution0.log"/>
         <property name="attachments" value=""/>
         <property name="hostName" value="Owner - aldy-tft"/>
         <property name="os" value="Windows 10 64bit"/>
         <property name="appiumServerStatus" value="{&quot;value&quot;:{&quot;build&quot;:{&quot;version&quot;:&quot;1.22.0&quot;}},&quot;sessionId&quot;:null,&quot;status&quot;:0}"/>
         <property name="katalonVersion" value="7.9.1.208"/>
         <property name="deviceOS" value="Android"/>
         <property name="appiumVersion" value="1.22.0"/>
         <property name="deviceModel" value="SM-A205F"/>
         <property name="hostAddress" value="10.0.30.129"/>
         <property name="deviceManufacturer" value="samsung"/>
         <property name="deviceId" value="RR8M40C9AXE"/>
         <property name="deviceName" value="samsung SM-A205F (Android 11)"/>
         <property name="deviceOSVersion" value="11"/>
      </properties>
      <testcase name="Test Cases/Mobile/Scenario/News/001 - News World Indices" time="72.356" classname="Test Cases/Mobile/Scenario/News/001 - News World Indices" status="PASSED">
         <system-out><![CDATA[2021-12-07 09:24:16 - [TEST_CASE][PASSED] - Test Cases/Mobile/Scenario/News/001 - News World Indices: Test Cases/Mobile/Scenario/News/001 - News World Indices

2021-12-07 09:24:16 - [TEST_STEP][PASSED] - callTestCase(findTestCase("Mobile/Page/Run App/Run App byID"), [:], STOP_ON_FAILURE): Call Test Case 'Test Cases/Mobile/Page/Run App/Run App byID' successfully

2021-12-07 09:24:16 - [TEST_CASE][PASSED] - Test Cases/Mobile/Page/Run App/Run App byID: Test Cases/Mobile/Page/Run App/Run App byID

2021-12-07 09:24:17 - [TEST_STEP][PASSED] - startApp.OpenApp.startApplication("id.co.miraeasset.sageclub"): startApp.OpenApp.startApplication is PASSED

2021-12-07 09:24:18 - [MESSAGE][INFO] - Appium server started on port 53,651

2021-12-07 09:24:32 - [MESSAGE][PASSED] - Starting app with application ID: 'id.co.miraeasset.sageclub'

2021-12-07 09:24:32 - [MESSAGE][PASSED] - startApp.OpenApp.startApplication is PASSED

2021-12-07 09:24:32 - [MESSAGE][PASSED] - Call Test Case 'Test Cases/Mobile/Page/Run App/Run App byID' successfully

2021-12-07 09:24:32 - [TEST_STEP][PASSED] - callTestCase(findTestCase("Mobile/Page/News/News"), ["tab":"worldindices"], CONTINUE_ON_FAILURE): Call Test Case 'Test Cases/Mobile/Page/News/News' successfully

2021-12-07 09:24:32 - [TEST_CASE][PASSED] - Test Cases/Mobile/Page/News/News: Test Cases/Mobile/Page/News/News

2021-12-07 09:24:33 - [TEST_STEP][PASSED] - callTestCase(findTestCase("Mobile/Page/CheckLogin"), [:], CONTINUE_ON_FAILURE): Call Test Case 'Test Cases/Mobile/Page/CheckLogin' successfully

2021-12-07 09:24:33 - [TEST_CASE][PASSED] - Test Cases/Mobile/Page/CheckLogin: Test Cases/Mobile/Page/CheckLogin

2021-12-07 09:24:33 - [TEST_STEP][PASSED] - loginCheck = verifyElementExist(findTestObject("Mobile/Page/Login/Button - Login"), 2, CONTINUE_ON_FAILURE): Element 'Object Repository/Mobile/Page/Login/Button - Login' is exist

2021-12-07 09:24:34 - [MESSAGE][PASSED] - Element 'Object Repository/Mobile/Page/Login/Button - Login' is exist

2021-12-07 09:24:34 - [TEST_STEP][PASSED] - if (loginCheck): Call Test Case 'Test Cases/Mobile/Page/Login/Login' successfully

2021-12-07 09:24:34 - [TEST_STEP][PASSED] - callTestCase(findTestCase("Mobile/Page/Login/Login"), [:], CONTINUE_ON_FAILURE): Call Test Case 'Test Cases/Mobile/Page/Login/Login' successfully

2021-12-07 09:24:35 - [TEST_CASE][PASSED] - Test Cases/Mobile/Page/Login/Login: Test Cases/Mobile/Page/Login/Login

2021-12-07 09:24:35 - [TEST_STEP][PASSED] - delay(2): Delayed 2 second(s)

2021-12-07 09:24:37 - [MESSAGE][PASSED] - Delayed 2 second(s)

2021-12-07 09:24:37 - [TEST_STEP][PASSED] - tap(findTestObject("Mobile/Page/Login/Input - UserID"), 0): Tapped on element 'Object Repository/Mobile/Page/Login/Input - UserID'

2021-12-07 09:24:37 - [MESSAGE][WARNING] - Timeout '0' is invalid. Using default page load timeout: '60'

2021-12-07 09:24:38 - [MESSAGE][PASSED] - Tapped on element 'Object Repository/Mobile/Page/Login/Input - UserID'

2021-12-07 09:24:38 - [TEST_STEP][PASSED] - delay(1): Delayed 1 second(s)

2021-12-07 09:24:39 - [MESSAGE][PASSED] - Delayed 1 second(s)

2021-12-07 09:24:39 - [TEST_STEP][PASSED] - setText(findTestObject("Mobile/Page/Login/Input Rdy - UserID"), "anggaaditya", 0): Text 'anggaaditya' has been set to element 'Object Repository/Mobile/Page/Login/Input Rdy - UserID'

2021-12-07 09:24:39 - [MESSAGE][WARNING] - Timeout '0' is invalid. Using default page load timeout: '60'

2021-12-07 09:24:40 - [MESSAGE][PASSED] - Text 'anggaaditya' has been set to element 'Object Repository/Mobile/Page/Login/Input Rdy - UserID'

2021-12-07 09:24:40 - [TEST_STEP][PASSED] - delay(1): Delayed 1 second(s)

2021-12-07 09:24:41 - [MESSAGE][PASSED] - Delayed 1 second(s)

2021-12-07 09:24:41 - [TEST_STEP][PASSED] - hideKeyboard(): Keyboard is hidden

2021-12-07 09:24:45 - [MESSAGE][PASSED] - Keyboard is hidden

2021-12-07 09:24:45 - [TEST_STEP][PASSED] - tap(findTestObject("Mobile/Page/Login/Input - Password"), 0): Tapped on element 'Object Repository/Mobile/Page/Login/Input - Password'

2021-12-07 09:24:45 - [MESSAGE][WARNING] - Timeout '0' is invalid. Using default page load timeout: '60'

2021-12-07 09:24:46 - [MESSAGE][PASSED] - Tapped on element 'Object Repository/Mobile/Page/Login/Input - Password'

2021-12-07 09:24:46 - [TEST_STEP][PASSED] - delay(1): Delayed 1 second(s)

2021-12-07 09:24:47 - [MESSAGE][PASSED] - Delayed 1 second(s)

2021-12-07 09:24:47 - [TEST_STEP][PASSED] - setText(findTestObject("Mobile/Page/Login/Input Rdy - Password"), "Shalawa18", 0): Text 'Shalawa18' has been set to element 'Object Repository/Mobile/Page/Login/Input Rdy - Password'

2021-12-07 09:24:47 - [MESSAGE][WARNING] - Timeout '0' is invalid. Using default page load timeout: '60'

2021-12-07 09:24:48 - [MESSAGE][PASSED] - Text 'Shalawa18' has been set to element 'Object Repository/Mobile/Page/Login/Input Rdy - Password'

2021-12-07 09:24:48 - [TEST_STEP][PASSED] - delay(1): Delayed 1 second(s)

2021-12-07 09:24:49 - [MESSAGE][PASSED] - Delayed 1 second(s)

2021-12-07 09:24:49 - [TEST_STEP][PASSED] - hideKeyboard(): Keyboard is hidden

2021-12-07 09:24:55 - [MESSAGE][PASSED] - Keyboard is hidden

2021-12-07 09:24:55 - [TEST_STEP][PASSED] - tap(findTestObject("Mobile/Page/Login/Button - Login"), 0): Tapped on element 'Object Repository/Mobile/Page/Login/Button - Login'

2021-12-07 09:24:55 - [MESSAGE][WARNING] - Timeout '0' is invalid. Using default page load timeout: '60'

2021-12-07 09:24:56 - [MESSAGE][PASSED] - Tapped on element 'Object Repository/Mobile/Page/Login/Button - Login'

2021-12-07 09:24:56 - [TEST_STEP][PASSED] - delay(2): Delayed 2 second(s)

2021-12-07 09:24:58 - [MESSAGE][PASSED] - Delayed 2 second(s)

2021-12-07 09:24:58 - [MESSAGE][PASSED] - Call Test Case 'Test Cases/Mobile/Page/Login/Login' successfully

2021-12-07 09:24:58 - [MESSAGE][PASSED] - Call Test Case 'Test Cases/Mobile/Page/CheckLogin' successfully

2021-12-07 09:24:58 - [TEST_STEP][PASSED] - tap(findTestObject("Object Repository/Mobile/Page/Home/Menubar - News"), 0): Tapped on element 'Object Repository/Mobile/Page/Home/Menubar - News'

2021-12-07 09:24:58 - [MESSAGE][WARNING] - Timeout '0' is invalid. Using default page load timeout: '60'

2021-12-07 09:24:59 - [MESSAGE][PASSED] - Tapped on element 'Object Repository/Mobile/Page/Home/Menubar - News'

2021-12-07 09:24:59 - [TEST_STEP][PASSED] - delay(1): Delayed 1 second(s)

2021-12-07 09:25:00 - [MESSAGE][PASSED] - Delayed 1 second(s)

2021-12-07 09:25:00 - [TEST_STEP][PASSED] - for ([i = 0, i < 1, (i++)]): null

2021-12-07 09:25:00 - [TEST_STEP][PASSED] - if (tab == "macronews"): null

2021-12-07 09:25:00 - [TEST_STEP][PASSED] - else if (tab == "stocknews"): null

2021-12-07 09:25:00 - [TEST_STEP][PASSED] - else if (tab == "fundnews"): null

2021-12-07 09:25:00 - [TEST_STEP][PASSED] - else if (tab == "bondnews"): null

2021-12-07 09:25:00 - [TEST_STEP][PASSED] - else if (tab == "worldindices"): Delayed 3 second(s)

2021-12-07 09:25:00 - [TEST_STEP][PASSED] - scroll.scroll.scrollScreenRightToLeft(findTestObject("Object Repository/Mobile/Page/News/Tab - Macro News")): scroll.scroll.scrollScreenRightToLeft is PASSED

2021-12-07 09:25:00 - [MESSAGE][WARNING] - Timeout '0' is invalid. Using default page load timeout: '60'

2021-12-07 09:25:01 - [MESSAGE][PASSED] - Object 'Object Repository/Mobile/Page/News/Tab - Macro News' has left position '14'

2021-12-07 09:25:01 - [MESSAGE][WARNING] - Timeout '0' is invalid. Using default page load timeout: '60'

2021-12-07 09:25:01 - [MESSAGE][PASSED] - Object 'Object Repository/Mobile/Page/News/Tab - Macro News' has top position '262'

2021-12-07 09:25:01 - [MESSAGE][WARNING] - Timeout '0' is invalid. Using default page load timeout: '60'

2021-12-07 09:25:01 - [MESSAGE][PASSED] - Object 'Object Repository/Mobile/Page/News/Tab - Macro News' has width: '215'

2021-12-07 09:25:01 - [MESSAGE][WARNING] - Timeout '0' is invalid. Using default page load timeout: '60'

2021-12-07 09:25:01 - [MESSAGE][PASSED] - Object 'Object Repository/Mobile/Page/News/Tab - Macro News' has height: '84'

2021-12-07 09:25:02 - [MESSAGE][PASSED] - Current device physical width is 720

2021-12-07 09:25:03 - [MESSAGE][PASSED] - Swiped from 620,304 to 100,304

2021-12-07 09:25:03 - [MESSAGE][PASSED] - scroll.scroll.scrollScreenRightToLeft is PASSED

2021-12-07 09:25:03 - [TEST_STEP][PASSED] - delay(1): Delayed 1 second(s)

2021-12-07 09:25:04 - [MESSAGE][PASSED] - Delayed 1 second(s)

2021-12-07 09:25:04 - [TEST_STEP][PASSED] - tap(findTestObject("Object Repository/Mobile/Page/News/Tab - World Indices"), 0): Tapped on element 'Object Repository/Mobile/Page/News/Tab - World Indices'

2021-12-07 09:25:04 - [MESSAGE][WARNING] - Timeout '0' is invalid. Using default page load timeout: '60'

2021-12-07 09:25:04 - [MESSAGE][PASSED] - Tapped on element 'Object Repository/Mobile/Page/News/Tab - World Indices'

2021-12-07 09:25:04 - [TEST_STEP][PASSED] - delay(1): Delayed 1 second(s)

2021-12-07 09:25:05 - [MESSAGE][PASSED] - Delayed 1 second(s)

2021-12-07 09:25:05 - [TEST_STEP][PASSED] - tap(findTestObject("Object Repository/Mobile/Page/News/Button - Indices"), 0): Tapped on element 'Object Repository/Mobile/Page/News/Button - Indices'

2021-12-07 09:25:06 - [MESSAGE][WARNING] - Timeout '0' is invalid. Using default page load timeout: '60'

2021-12-07 09:25:06 - [MESSAGE][PASSED] - Tapped on element 'Object Repository/Mobile/Page/News/Button - Indices'

2021-12-07 09:25:06 - [TEST_STEP][PASSED] - delay(3): Delayed 3 second(s)

2021-12-07 09:25:09 - [MESSAGE][PASSED] - Delayed 3 second(s)

2021-12-07 09:25:09 - [TEST_STEP][PASSED] - tap(findTestObject("Object Repository/Mobile/Page/News/Button - Currencies"), 0): Tapped on element 'Object Repository/Mobile/Page/News/Button - Currencies'

2021-12-07 09:25:09 - [MESSAGE][WARNING] - Timeout '0' is invalid. Using default page load timeout: '60'

2021-12-07 09:25:10 - [MESSAGE][PASSED] - Tapped on element 'Object Repository/Mobile/Page/News/Button - Currencies'

2021-12-07 09:25:10 - [TEST_STEP][PASSED] - delay(3): Delayed 3 second(s)

2021-12-07 09:25:13 - [MESSAGE][PASSED] - Delayed 3 second(s)

2021-12-07 09:25:13 - [TEST_STEP][PASSED] - tap(findTestObject("Object Repository/Mobile/Page/News/Button - Commodites"), 0): Tapped on element 'Object Repository/Mobile/Page/News/Button - Commodites'

2021-12-07 09:25:13 - [MESSAGE][WARNING] - Timeout '0' is invalid. Using default page load timeout: '60'

2021-12-07 09:25:14 - [MESSAGE][PASSED] - Tapped on element 'Object Repository/Mobile/Page/News/Button - Commodites'

2021-12-07 09:25:14 - [TEST_STEP][PASSED] - delay(3): Delayed 3 second(s)

2021-12-07 09:25:17 - [MESSAGE][PASSED] - Delayed 3 second(s)

2021-12-07 09:25:17 - [TEST_STEP][PASSED] - delay(1): Delayed 1 second(s)

2021-12-07 09:25:18 - [MESSAGE][PASSED] - Delayed 1 second(s)

2021-12-07 09:25:18 - [TEST_STEP][PASSED] - if (tab != "worldindices"): null

2021-12-07 09:25:18 - [MESSAGE][PASSED] - Call Test Case 'Test Cases/Mobile/Page/News/News' successfully

2021-12-07 09:25:18 - [TEST_STEP][PASSED] - callTestCase(findTestCase("Mobile/Page/Run App/Terminate App"), [:], STOP_ON_FAILURE): Call Test Case 'Test Cases/Mobile/Page/Run App/Terminate App' successfully

2021-12-07 09:25:18 - [TEST_CASE][PASSED] - Test Cases/Mobile/Page/Run App/Terminate App: Test Cases/Mobile/Page/Run App/Terminate App

2021-12-07 09:25:18 - [TEST_STEP][PASSED] - startApp.OpenApp.terminateApplication(): startApp.OpenApp.terminateApplication is PASSED

2021-12-07 09:25:21 - [MESSAGE][PASSED] - Delayed 3 second(s)

2021-12-07 09:25:21 - [MESSAGE][PASSED] - Current device physical width is 720

2021-12-07 09:25:22 - [MESSAGE][PASSED] - Current device physical height is 1423

2021-12-07 09:25:23 - [MESSAGE][PASSED] - Swiped from 360,853 to 360,142

2021-12-07 09:25:24 - [MESSAGE][PASSED] - Delayed 1 second(s)

2021-12-07 09:25:25 - [MESSAGE][PASSED] - Swiped from 360,853 to 360,142

2021-12-07 09:25:28 - [MESSAGE][PASSED] - Delayed 3 second(s)

2021-12-07 09:25:28 - [MESSAGE][PASSED] - startApp.OpenApp.terminateApplication is PASSED

2021-12-07 09:25:28 - [MESSAGE][PASSED] - Call Test Case 'Test Cases/Mobile/Page/Run App/Terminate App' successfully]]></system-out>
         <system-err><![CDATA[]]></system-err>
      </testcase>
      <testcase name="Test Cases/Mobile/Scenario/News/002 - News Stock" time="63.028" classname="Test Cases/Mobile/Scenario/News/002 - News Stock" status="PASSED">
         <system-out><![CDATA[2021-12-07 09:25:28 - [TEST_CASE][PASSED] - Test Cases/Mobile/Scenario/News/002 - News Stock: Test Cases/Mobile/Scenario/News/002 - News Stock

2021-12-07 09:25:29 - [TEST_STEP][PASSED] - callTestCase(findTestCase("Mobile/Page/Run App/Run App byID"), [:], STOP_ON_FAILURE): Call Test Case 'Test Cases/Mobile/Page/Run App/Run App byID' successfully

2021-12-07 09:25:29 - [TEST_CASE][PASSED] - Test Cases/Mobile/Page/Run App/Run App byID: Test Cases/Mobile/Page/Run App/Run App byID

2021-12-07 09:25:29 - [TEST_STEP][PASSED] - startApp.OpenApp.startApplication("id.co.miraeasset.sageclub"): startApp.OpenApp.startApplication is PASSED

2021-12-07 09:25:43 - [MESSAGE][PASSED] - Starting app with application ID: 'id.co.miraeasset.sageclub'

2021-12-07 09:25:43 - [MESSAGE][PASSED] - startApp.OpenApp.startApplication is PASSED

2021-12-07 09:25:43 - [MESSAGE][PASSED] - Call Test Case 'Test Cases/Mobile/Page/Run App/Run App byID' successfully

2021-12-07 09:25:43 - [TEST_STEP][PASSED] - callTestCase(findTestCase("Mobile/Page/News/News"), ["tab":"stocknews"], CONTINUE_ON_FAILURE): Call Test Case 'Test Cases/Mobile/Page/News/News' successfully

2021-12-07 09:25:43 - [TEST_CASE][PASSED] - Test Cases/Mobile/Page/News/News: Test Cases/Mobile/Page/News/News

2021-12-07 09:25:43 - [TEST_STEP][PASSED] - callTestCase(findTestCase("Mobile/Page/CheckLogin"), [:], CONTINUE_ON_FAILURE): Call Test Case 'Test Cases/Mobile/Page/CheckLogin' successfully

2021-12-07 09:25:43 - [TEST_CASE][PASSED] - Test Cases/Mobile/Page/CheckLogin: Test Cases/Mobile/Page/CheckLogin

2021-12-07 09:25:43 - [TEST_STEP][PASSED] - loginCheck = verifyElementExist(findTestObject("Mobile/Page/Login/Button - Login"), 2, CONTINUE_ON_FAILURE): Element 'Object Repository/Mobile/Page/Login/Button - Login' is exist

2021-12-07 09:25:45 - [MESSAGE][PASSED] - Element 'Object Repository/Mobile/Page/Login/Button - Login' is exist

2021-12-07 09:25:45 - [TEST_STEP][PASSED] - if (loginCheck): Call Test Case 'Test Cases/Mobile/Page/Login/Login' successfully

2021-12-07 09:25:45 - [TEST_STEP][PASSED] - callTestCase(findTestCase("Mobile/Page/Login/Login"), [:], CONTINUE_ON_FAILURE): Call Test Case 'Test Cases/Mobile/Page/Login/Login' successfully

2021-12-07 09:25:45 - [TEST_CASE][PASSED] - Test Cases/Mobile/Page/Login/Login: Test Cases/Mobile/Page/Login/Login

2021-12-07 09:25:45 - [TEST_STEP][PASSED] - delay(2): Delayed 2 second(s)

2021-12-07 09:25:47 - [MESSAGE][PASSED] - Delayed 2 second(s)

2021-12-07 09:25:47 - [TEST_STEP][PASSED] - tap(findTestObject("Mobile/Page/Login/Input - UserID"), 0): Tapped on element 'Object Repository/Mobile/Page/Login/Input - UserID'

2021-12-07 09:25:47 - [MESSAGE][WARNING] - Timeout '0' is invalid. Using default page load timeout: '60'

2021-12-07 09:25:48 - [MESSAGE][PASSED] - Tapped on element 'Object Repository/Mobile/Page/Login/Input - UserID'

2021-12-07 09:25:48 - [TEST_STEP][PASSED] - delay(1): Delayed 1 second(s)

2021-12-07 09:25:49 - [MESSAGE][PASSED] - Delayed 1 second(s)

2021-12-07 09:25:49 - [TEST_STEP][PASSED] - setText(findTestObject("Mobile/Page/Login/Input Rdy - UserID"), "anggaaditya", 0): Text 'anggaaditya' has been set to element 'Object Repository/Mobile/Page/Login/Input Rdy - UserID'

2021-12-07 09:25:49 - [MESSAGE][WARNING] - Timeout '0' is invalid. Using default page load timeout: '60'

2021-12-07 09:25:50 - [MESSAGE][PASSED] - Text 'anggaaditya' has been set to element 'Object Repository/Mobile/Page/Login/Input Rdy - UserID'

2021-12-07 09:25:50 - [TEST_STEP][PASSED] - delay(1): Delayed 1 second(s)

2021-12-07 09:25:51 - [MESSAGE][PASSED] - Delayed 1 second(s)

2021-12-07 09:25:51 - [TEST_STEP][PASSED] - hideKeyboard(): Keyboard is hidden

2021-12-07 09:25:55 - [MESSAGE][PASSED] - Keyboard is hidden

2021-12-07 09:25:55 - [TEST_STEP][PASSED] - tap(findTestObject("Mobile/Page/Login/Input - Password"), 0): Tapped on element 'Object Repository/Mobile/Page/Login/Input - Password'

2021-12-07 09:25:55 - [MESSAGE][WARNING] - Timeout '0' is invalid. Using default page load timeout: '60'

2021-12-07 09:25:55 - [MESSAGE][PASSED] - Tapped on element 'Object Repository/Mobile/Page/Login/Input - Password'

2021-12-07 09:25:55 - [TEST_STEP][PASSED] - delay(1): Delayed 1 second(s)

2021-12-07 09:25:56 - [MESSAGE][PASSED] - Delayed 1 second(s)

2021-12-07 09:25:56 - [TEST_STEP][PASSED] - setText(findTestObject("Mobile/Page/Login/Input Rdy - Password"), "Shalawa18", 0): Text 'Shalawa18' has been set to element 'Object Repository/Mobile/Page/Login/Input Rdy - Password'

2021-12-07 09:25:56 - [MESSAGE][WARNING] - Timeout '0' is invalid. Using default page load timeout: '60'

2021-12-07 09:25:57 - [MESSAGE][PASSED] - Text 'Shalawa18' has been set to element 'Object Repository/Mobile/Page/Login/Input Rdy - Password'

2021-12-07 09:25:57 - [TEST_STEP][PASSED] - delay(1): Delayed 1 second(s)

2021-12-07 09:25:58 - [MESSAGE][PASSED] - Delayed 1 second(s)

2021-12-07 09:25:58 - [TEST_STEP][PASSED] - hideKeyboard(): Keyboard is hidden

2021-12-07 09:26:04 - [MESSAGE][PASSED] - Keyboard is hidden

2021-12-07 09:26:04 - [TEST_STEP][PASSED] - tap(findTestObject("Mobile/Page/Login/Button - Login"), 0): Tapped on element 'Object Repository/Mobile/Page/Login/Button - Login'

2021-12-07 09:26:04 - [MESSAGE][WARNING] - Timeout '0' is invalid. Using default page load timeout: '60'

2021-12-07 09:26:05 - [MESSAGE][PASSED] - Tapped on element 'Object Repository/Mobile/Page/Login/Button - Login'

2021-12-07 09:26:05 - [TEST_STEP][PASSED] - delay(2): Delayed 2 second(s)

2021-12-07 09:26:07 - [MESSAGE][PASSED] - Delayed 2 second(s)

2021-12-07 09:26:07 - [MESSAGE][PASSED] - Call Test Case 'Test Cases/Mobile/Page/Login/Login' successfully

2021-12-07 09:26:07 - [MESSAGE][PASSED] - Call Test Case 'Test Cases/Mobile/Page/CheckLogin' successfully

2021-12-07 09:26:07 - [TEST_STEP][PASSED] - tap(findTestObject("Object Repository/Mobile/Page/Home/Menubar - News"), 0): Tapped on element 'Object Repository/Mobile/Page/Home/Menubar - News'

2021-12-07 09:26:07 - [MESSAGE][WARNING] - Timeout '0' is invalid. Using default page load timeout: '60'

2021-12-07 09:26:09 - [MESSAGE][PASSED] - Tapped on element 'Object Repository/Mobile/Page/Home/Menubar - News'

2021-12-07 09:26:09 - [TEST_STEP][PASSED] - delay(1): Delayed 1 second(s)

2021-12-07 09:26:10 - [MESSAGE][PASSED] - Delayed 1 second(s)

2021-12-07 09:26:10 - [TEST_STEP][PASSED] - for ([i = 0, i < 1, (i++)]): Delayed 3 second(s)

2021-12-07 09:26:10 - [TEST_STEP][PASSED] - if (tab == "macronews"): null

2021-12-07 09:26:10 - [TEST_STEP][PASSED] - else if (tab == "stocknews"): Tapped on element 'Object Repository/Mobile/Page/News/Tab - Stock News'

2021-12-07 09:26:10 - [TEST_STEP][PASSED] - tap(findTestObject("Object Repository/Mobile/Page/News/Tab - Stock News"), 0): Tapped on element 'Object Repository/Mobile/Page/News/Tab - Stock News'

2021-12-07 09:26:10 - [MESSAGE][WARNING] - Timeout '0' is invalid. Using default page load timeout: '60'

2021-12-07 09:26:11 - [MESSAGE][PASSED] - Tapped on element 'Object Repository/Mobile/Page/News/Tab - Stock News'

2021-12-07 09:26:11 - [TEST_STEP][PASSED] - delay(1): Delayed 1 second(s)

2021-12-07 09:26:12 - [MESSAGE][PASSED] - Delayed 1 second(s)

2021-12-07 09:26:12 - [TEST_STEP][PASSED] - if (tab != "worldindices"): Delayed 3 second(s)

2021-12-07 09:26:12 - [TEST_STEP][PASSED] - try: Delayed 3 second(s)

2021-12-07 09:26:12 - [TEST_STEP][PASSED] - topnews = verifyElementExist(findTestObject("Object Repository/Mobile/Page/News/Item - Top News"), 0): Element 'Object Repository/Mobile/Page/News/Item - Top News' is exist

2021-12-07 09:26:12 - [MESSAGE][WARNING] - Timeout '0' is invalid. Using default page load timeout: '60'

2021-12-07 09:26:13 - [MESSAGE][PASSED] - Element 'Object Repository/Mobile/Page/News/Item - Top News' is exist

2021-12-07 09:26:13 - [TEST_STEP][PASSED] - if (topnews): Delayed 3 second(s)

2021-12-07 09:26:13 - [TEST_STEP][PASSED] - tapAndHold(findTestObject("Object Repository/Mobile/Page/News/Item - Top News"), 1, 0): Tapped and held on element 'Object Repository/Mobile/Page/News/Item - Top News' with duration 1

2021-12-07 09:26:13 - [MESSAGE][WARNING] - Timeout '0' is invalid. Using default page load timeout: '60'

2021-12-07 09:26:15 - [MESSAGE][PASSED] - Tapped and held on element 'Object Repository/Mobile/Page/News/Item - Top News' with duration 1

2021-12-07 09:26:15 - [TEST_STEP][PASSED] - delay(1): Delayed 1 second(s)

2021-12-07 09:26:16 - [MESSAGE][PASSED] - Delayed 1 second(s)

2021-12-07 09:26:16 - [TEST_STEP][PASSED] - scroll.scroll.scrollScreenBottomToTop(): scroll.scroll.scrollScreenBottomToTop is PASSED

2021-12-07 09:26:17 - [MESSAGE][PASSED] - Current device physical height is 1423

2021-12-07 09:26:17 - [MESSAGE][PASSED] - Current device physical width is 720

2021-12-07 09:26:18 - [MESSAGE][PASSED] - Swiped from 360,1,138 to 360,284

2021-12-07 09:26:18 - [MESSAGE][PASSED] - scroll.scroll.scrollScreenBottomToTop is PASSED

2021-12-07 09:26:18 - [TEST_STEP][PASSED] - delay(3): Delayed 3 second(s)

2021-12-07 09:26:21 - [MESSAGE][PASSED] - Delayed 3 second(s)

2021-12-07 09:26:21 - [MESSAGE][PASSED] - Call Test Case 'Test Cases/Mobile/Page/News/News' successfully

2021-12-07 09:26:21 - [TEST_STEP][PASSED] - callTestCase(findTestCase("Mobile/Page/Run App/Terminate App"), [:], STOP_ON_FAILURE): Call Test Case 'Test Cases/Mobile/Page/Run App/Terminate App' successfully

2021-12-07 09:26:21 - [TEST_CASE][PASSED] - Test Cases/Mobile/Page/Run App/Terminate App: Test Cases/Mobile/Page/Run App/Terminate App

2021-12-07 09:26:21 - [TEST_STEP][PASSED] - startApp.OpenApp.terminateApplication(): startApp.OpenApp.terminateApplication is PASSED

2021-12-07 09:26:24 - [MESSAGE][PASSED] - Delayed 3 second(s)

2021-12-07 09:26:25 - [MESSAGE][PASSED] - Current device physical width is 720

2021-12-07 09:26:25 - [MESSAGE][PASSED] - Current device physical height is 1423

2021-12-07 09:26:26 - [MESSAGE][PASSED] - Swiped from 360,853 to 360,142

2021-12-07 09:26:27 - [MESSAGE][PASSED] - Delayed 1 second(s)

2021-12-07 09:26:28 - [MESSAGE][PASSED] - Swiped from 360,853 to 360,142

2021-12-07 09:26:31 - [MESSAGE][PASSED] - Delayed 3 second(s)

2021-12-07 09:26:31 - [MESSAGE][PASSED] - startApp.OpenApp.terminateApplication is PASSED

2021-12-07 09:26:31 - [MESSAGE][PASSED] - Call Test Case 'Test Cases/Mobile/Page/Run App/Terminate App' successfully]]></system-out>
         <system-err><![CDATA[]]></system-err>
      </testcase>
      <testcase name="Test Cases/Mobile/Scenario/News/003 - News Fund" time="61.217" classname="Test Cases/Mobile/Scenario/News/003 - News Fund" status="PASSED">
         <system-out><![CDATA[2021-12-07 09:26:31 - [TEST_CASE][PASSED] - Test Cases/Mobile/Scenario/News/003 - News Fund: Test Cases/Mobile/Scenario/News/003 - News Fund

2021-12-07 09:26:32 - [TEST_STEP][PASSED] - callTestCase(findTestCase("Mobile/Page/Run App/Run App byID"), [:], STOP_ON_FAILURE): Call Test Case 'Test Cases/Mobile/Page/Run App/Run App byID' successfully

2021-12-07 09:26:32 - [TEST_CASE][PASSED] - Test Cases/Mobile/Page/Run App/Run App byID: Test Cases/Mobile/Page/Run App/Run App byID

2021-12-07 09:26:32 - [TEST_STEP][PASSED] - startApp.OpenApp.startApplication("id.co.miraeasset.sageclub"): startApp.OpenApp.startApplication is PASSED

2021-12-07 09:26:45 - [MESSAGE][PASSED] - Starting app with application ID: 'id.co.miraeasset.sageclub'

2021-12-07 09:26:45 - [MESSAGE][PASSED] - startApp.OpenApp.startApplication is PASSED

2021-12-07 09:26:45 - [MESSAGE][PASSED] - Call Test Case 'Test Cases/Mobile/Page/Run App/Run App byID' successfully

2021-12-07 09:26:45 - [TEST_STEP][PASSED] - callTestCase(findTestCase("Mobile/Page/News/News"), ["tab":"fundnews"], CONTINUE_ON_FAILURE): Call Test Case 'Test Cases/Mobile/Page/News/News' successfully

2021-12-07 09:26:45 - [TEST_CASE][PASSED] - Test Cases/Mobile/Page/News/News: Test Cases/Mobile/Page/News/News

2021-12-07 09:26:45 - [TEST_STEP][PASSED] - callTestCase(findTestCase("Mobile/Page/CheckLogin"), [:], CONTINUE_ON_FAILURE): Call Test Case 'Test Cases/Mobile/Page/CheckLogin' successfully

2021-12-07 09:26:45 - [TEST_CASE][PASSED] - Test Cases/Mobile/Page/CheckLogin: Test Cases/Mobile/Page/CheckLogin

2021-12-07 09:26:45 - [TEST_STEP][PASSED] - loginCheck = verifyElementExist(findTestObject("Mobile/Page/Login/Button - Login"), 2, CONTINUE_ON_FAILURE): Element 'Object Repository/Mobile/Page/Login/Button - Login' is exist

2021-12-07 09:26:47 - [MESSAGE][PASSED] - Element 'Object Repository/Mobile/Page/Login/Button - Login' is exist

2021-12-07 09:26:47 - [TEST_STEP][PASSED] - if (loginCheck): Call Test Case 'Test Cases/Mobile/Page/Login/Login' successfully

2021-12-07 09:26:47 - [TEST_STEP][PASSED] - callTestCase(findTestCase("Mobile/Page/Login/Login"), [:], CONTINUE_ON_FAILURE): Call Test Case 'Test Cases/Mobile/Page/Login/Login' successfully

2021-12-07 09:26:47 - [TEST_CASE][PASSED] - Test Cases/Mobile/Page/Login/Login: Test Cases/Mobile/Page/Login/Login

2021-12-07 09:26:47 - [TEST_STEP][PASSED] - delay(2): Delayed 2 second(s)

2021-12-07 09:26:49 - [MESSAGE][PASSED] - Delayed 2 second(s)

2021-12-07 09:26:49 - [TEST_STEP][PASSED] - tap(findTestObject("Mobile/Page/Login/Input - UserID"), 0): Tapped on element 'Object Repository/Mobile/Page/Login/Input - UserID'

2021-12-07 09:26:49 - [MESSAGE][WARNING] - Timeout '0' is invalid. Using default page load timeout: '60'

2021-12-07 09:26:49 - [MESSAGE][PASSED] - Tapped on element 'Object Repository/Mobile/Page/Login/Input - UserID'

2021-12-07 09:26:49 - [TEST_STEP][PASSED] - delay(1): Delayed 1 second(s)

2021-12-07 09:26:50 - [MESSAGE][PASSED] - Delayed 1 second(s)

2021-12-07 09:26:50 - [TEST_STEP][PASSED] - setText(findTestObject("Mobile/Page/Login/Input Rdy - UserID"), "anggaaditya", 0): Text 'anggaaditya' has been set to element 'Object Repository/Mobile/Page/Login/Input Rdy - UserID'

2021-12-07 09:26:51 - [MESSAGE][WARNING] - Timeout '0' is invalid. Using default page load timeout: '60'

2021-12-07 09:26:51 - [MESSAGE][PASSED] - Text 'anggaaditya' has been set to element 'Object Repository/Mobile/Page/Login/Input Rdy - UserID'

2021-12-07 09:26:51 - [TEST_STEP][PASSED] - delay(1): Delayed 1 second(s)

2021-12-07 09:26:52 - [MESSAGE][PASSED] - Delayed 1 second(s)

2021-12-07 09:26:52 - [TEST_STEP][PASSED] - hideKeyboard(): Keyboard is hidden

2021-12-07 09:26:56 - [MESSAGE][PASSED] - Keyboard is hidden

2021-12-07 09:26:56 - [TEST_STEP][PASSED] - tap(findTestObject("Mobile/Page/Login/Input - Password"), 0): Tapped on element 'Object Repository/Mobile/Page/Login/Input - Password'

2021-12-07 09:26:56 - [MESSAGE][WARNING] - Timeout '0' is invalid. Using default page load timeout: '60'

2021-12-07 09:26:57 - [MESSAGE][PASSED] - Tapped on element 'Object Repository/Mobile/Page/Login/Input - Password'

2021-12-07 09:26:57 - [TEST_STEP][PASSED] - delay(1): Delayed 1 second(s)

2021-12-07 09:26:58 - [MESSAGE][PASSED] - Delayed 1 second(s)

2021-12-07 09:26:58 - [TEST_STEP][PASSED] - setText(findTestObject("Mobile/Page/Login/Input Rdy - Password"), "Shalawa18", 0): Text 'Shalawa18' has been set to element 'Object Repository/Mobile/Page/Login/Input Rdy - Password'

2021-12-07 09:26:58 - [MESSAGE][WARNING] - Timeout '0' is invalid. Using default page load timeout: '60'

2021-12-07 09:26:58 - [MESSAGE][PASSED] - Text 'Shalawa18' has been set to element 'Object Repository/Mobile/Page/Login/Input Rdy - Password'

2021-12-07 09:26:58 - [TEST_STEP][PASSED] - delay(1): Delayed 1 second(s)

2021-12-07 09:26:59 - [MESSAGE][PASSED] - Delayed 1 second(s)

2021-12-07 09:26:59 - [TEST_STEP][PASSED] - hideKeyboard(): Keyboard is hidden

2021-12-07 09:27:05 - [MESSAGE][PASSED] - Keyboard is hidden

2021-12-07 09:27:05 - [TEST_STEP][PASSED] - tap(findTestObject("Mobile/Page/Login/Button - Login"), 0): Tapped on element 'Object Repository/Mobile/Page/Login/Button - Login'

2021-12-07 09:27:05 - [MESSAGE][WARNING] - Timeout '0' is invalid. Using default page load timeout: '60'

2021-12-07 09:27:06 - [MESSAGE][PASSED] - Tapped on element 'Object Repository/Mobile/Page/Login/Button - Login'

2021-12-07 09:27:06 - [TEST_STEP][PASSED] - delay(2): Delayed 2 second(s)

2021-12-07 09:27:08 - [MESSAGE][PASSED] - Delayed 2 second(s)

2021-12-07 09:27:08 - [MESSAGE][PASSED] - Call Test Case 'Test Cases/Mobile/Page/Login/Login' successfully

2021-12-07 09:27:08 - [MESSAGE][PASSED] - Call Test Case 'Test Cases/Mobile/Page/CheckLogin' successfully

2021-12-07 09:27:08 - [TEST_STEP][PASSED] - tap(findTestObject("Object Repository/Mobile/Page/Home/Menubar - News"), 0): Tapped on element 'Object Repository/Mobile/Page/Home/Menubar - News'

2021-12-07 09:27:08 - [MESSAGE][WARNING] - Timeout '0' is invalid. Using default page load timeout: '60'

2021-12-07 09:27:11 - [MESSAGE][PASSED] - Tapped on element 'Object Repository/Mobile/Page/Home/Menubar - News'

2021-12-07 09:27:11 - [TEST_STEP][PASSED] - delay(1): Delayed 1 second(s)

2021-12-07 09:27:12 - [MESSAGE][PASSED] - Delayed 1 second(s)

2021-12-07 09:27:12 - [TEST_STEP][PASSED] - for ([i = 0, i < 1, (i++)]): Delayed 3 second(s)

2021-12-07 09:27:12 - [TEST_STEP][PASSED] - if (tab == "macronews"): null

2021-12-07 09:27:12 - [TEST_STEP][PASSED] - else if (tab == "stocknews"): null

2021-12-07 09:27:12 - [TEST_STEP][PASSED] - else if (tab == "fundnews"): Tapped on element 'Object Repository/Mobile/Page/News/Tab - Fund News'

2021-12-07 09:27:12 - [TEST_STEP][PASSED] - tap(findTestObject("Object Repository/Mobile/Page/News/Tab - Fund News"), 0): Tapped on element 'Object Repository/Mobile/Page/News/Tab - Fund News'

2021-12-07 09:27:12 - [MESSAGE][WARNING] - Timeout '0' is invalid. Using default page load timeout: '60'

2021-12-07 09:27:12 - [MESSAGE][PASSED] - Tapped on element 'Object Repository/Mobile/Page/News/Tab - Fund News'

2021-12-07 09:27:12 - [TEST_STEP][PASSED] - delay(1): Delayed 1 second(s)

2021-12-07 09:27:13 - [MESSAGE][PASSED] - Delayed 1 second(s)

2021-12-07 09:27:13 - [TEST_STEP][PASSED] - if (tab != "worldindices"): Delayed 3 second(s)

2021-12-07 09:27:13 - [TEST_STEP][PASSED] - try: Delayed 3 second(s)

2021-12-07 09:27:13 - [TEST_STEP][PASSED] - topnews = verifyElementExist(findTestObject("Object Repository/Mobile/Page/News/Item - Top News"), 0): Element 'Object Repository/Mobile/Page/News/Item - Top News' is exist

2021-12-07 09:27:13 - [MESSAGE][WARNING] - Timeout '0' is invalid. Using default page load timeout: '60'

2021-12-07 09:27:13 - [MESSAGE][PASSED] - Element 'Object Repository/Mobile/Page/News/Item - Top News' is exist

2021-12-07 09:27:13 - [TEST_STEP][PASSED] - if (topnews): Delayed 3 second(s)

2021-12-07 09:27:13 - [TEST_STEP][PASSED] - tapAndHold(findTestObject("Object Repository/Mobile/Page/News/Item - Top News"), 1, 0): Tapped and held on element 'Object Repository/Mobile/Page/News/Item - Top News' with duration 1

2021-12-07 09:27:13 - [MESSAGE][WARNING] - Timeout '0' is invalid. Using default page load timeout: '60'

2021-12-07 09:27:16 - [MESSAGE][PASSED] - Tapped and held on element 'Object Repository/Mobile/Page/News/Item - Top News' with duration 1

2021-12-07 09:27:16 - [TEST_STEP][PASSED] - delay(1): Delayed 1 second(s)

2021-12-07 09:27:17 - [MESSAGE][PASSED] - Delayed 1 second(s)

2021-12-07 09:27:17 - [TEST_STEP][PASSED] - scroll.scroll.scrollScreenBottomToTop(): scroll.scroll.scrollScreenBottomToTop is PASSED

2021-12-07 09:27:18 - [MESSAGE][PASSED] - Current device physical height is 1423

2021-12-07 09:27:18 - [MESSAGE][PASSED] - Current device physical width is 720

2021-12-07 09:27:19 - [MESSAGE][PASSED] - Swiped from 360,1,138 to 360,284

2021-12-07 09:27:19 - [MESSAGE][PASSED] - scroll.scroll.scrollScreenBottomToTop is PASSED

2021-12-07 09:27:19 - [TEST_STEP][PASSED] - delay(3): Delayed 3 second(s)

2021-12-07 09:27:22 - [MESSAGE][PASSED] - Delayed 3 second(s)

2021-12-07 09:27:22 - [MESSAGE][PASSED] - Call Test Case 'Test Cases/Mobile/Page/News/News' successfully

2021-12-07 09:27:22 - [TEST_STEP][PASSED] - callTestCase(findTestCase("Mobile/Page/Run App/Terminate App"), [:], STOP_ON_FAILURE): Call Test Case 'Test Cases/Mobile/Page/Run App/Terminate App' successfully

2021-12-07 09:27:22 - [TEST_CASE][PASSED] - Test Cases/Mobile/Page/Run App/Terminate App: Test Cases/Mobile/Page/Run App/Terminate App

2021-12-07 09:27:22 - [TEST_STEP][PASSED] - startApp.OpenApp.terminateApplication(): startApp.OpenApp.terminateApplication is PASSED

2021-12-07 09:27:25 - [MESSAGE][PASSED] - Delayed 3 second(s)

2021-12-07 09:27:26 - [MESSAGE][PASSED] - Current device physical width is 720

2021-12-07 09:27:26 - [MESSAGE][PASSED] - Current device physical height is 1423

2021-12-07 09:27:27 - [MESSAGE][PASSED] - Swiped from 360,853 to 360,142

2021-12-07 09:27:28 - [MESSAGE][PASSED] - Delayed 1 second(s)

2021-12-07 09:27:30 - [MESSAGE][PASSED] - Swiped from 360,853 to 360,142

2021-12-07 09:27:33 - [MESSAGE][PASSED] - Delayed 3 second(s)

2021-12-07 09:27:33 - [MESSAGE][PASSED] - startApp.OpenApp.terminateApplication is PASSED

2021-12-07 09:27:33 - [MESSAGE][PASSED] - Call Test Case 'Test Cases/Mobile/Page/Run App/Terminate App' successfully]]></system-out>
         <system-err><![CDATA[]]></system-err>
      </testcase>
      <testcase name="Test Cases/Mobile/Scenario/News/004 - Bond News" time="64.112" classname="Test Cases/Mobile/Scenario/News/004 - Bond News" status="PASSED">
         <system-out><![CDATA[2021-12-07 09:27:33 - [TEST_CASE][PASSED] - Test Cases/Mobile/Scenario/News/004 - Bond News: Test Cases/Mobile/Scenario/News/004 - Bond News

2021-12-07 09:27:33 - [TEST_STEP][PASSED] - callTestCase(findTestCase("Mobile/Page/Run App/Run App byID"), [:], STOP_ON_FAILURE): Call Test Case 'Test Cases/Mobile/Page/Run App/Run App byID' successfully

2021-12-07 09:27:33 - [TEST_CASE][PASSED] - Test Cases/Mobile/Page/Run App/Run App byID: Test Cases/Mobile/Page/Run App/Run App byID

2021-12-07 09:27:33 - [TEST_STEP][PASSED] - startApp.OpenApp.startApplication("id.co.miraeasset.sageclub"): startApp.OpenApp.startApplication is PASSED

2021-12-07 09:27:46 - [MESSAGE][PASSED] - Starting app with application ID: 'id.co.miraeasset.sageclub'

2021-12-07 09:27:46 - [MESSAGE][PASSED] - startApp.OpenApp.startApplication is PASSED

2021-12-07 09:27:46 - [MESSAGE][PASSED] - Call Test Case 'Test Cases/Mobile/Page/Run App/Run App byID' successfully

2021-12-07 09:27:46 - [TEST_STEP][PASSED] - callTestCase(findTestCase("Mobile/Page/News/News"), ["tab":"bondnews"], CONTINUE_ON_FAILURE): Call Test Case 'Test Cases/Mobile/Page/News/News' successfully

2021-12-07 09:27:46 - [TEST_CASE][PASSED] - Test Cases/Mobile/Page/News/News: Test Cases/Mobile/Page/News/News

2021-12-07 09:27:46 - [TEST_STEP][PASSED] - callTestCase(findTestCase("Mobile/Page/CheckLogin"), [:], CONTINUE_ON_FAILURE): Call Test Case 'Test Cases/Mobile/Page/CheckLogin' successfully

2021-12-07 09:27:46 - [TEST_CASE][PASSED] - Test Cases/Mobile/Page/CheckLogin: Test Cases/Mobile/Page/CheckLogin

2021-12-07 09:27:46 - [TEST_STEP][PASSED] - loginCheck = verifyElementExist(findTestObject("Mobile/Page/Login/Button - Login"), 2, CONTINUE_ON_FAILURE): Element 'Object Repository/Mobile/Page/Login/Button - Login' is exist

2021-12-07 09:27:48 - [MESSAGE][PASSED] - Element 'Object Repository/Mobile/Page/Login/Button - Login' is exist

2021-12-07 09:27:48 - [TEST_STEP][PASSED] - if (loginCheck): Call Test Case 'Test Cases/Mobile/Page/Login/Login' successfully

2021-12-07 09:27:48 - [TEST_STEP][PASSED] - callTestCase(findTestCase("Mobile/Page/Login/Login"), [:], CONTINUE_ON_FAILURE): Call Test Case 'Test Cases/Mobile/Page/Login/Login' successfully

2021-12-07 09:27:48 - [TEST_CASE][PASSED] - Test Cases/Mobile/Page/Login/Login: Test Cases/Mobile/Page/Login/Login

2021-12-07 09:27:48 - [TEST_STEP][PASSED] - delay(2): Delayed 2 second(s)

2021-12-07 09:27:50 - [MESSAGE][PASSED] - Delayed 2 second(s)

2021-12-07 09:27:50 - [TEST_STEP][PASSED] - tap(findTestObject("Mobile/Page/Login/Input - UserID"), 0): Tapped on element 'Object Repository/Mobile/Page/Login/Input - UserID'

2021-12-07 09:27:50 - [MESSAGE][WARNING] - Timeout '0' is invalid. Using default page load timeout: '60'

2021-12-07 09:27:50 - [MESSAGE][PASSED] - Tapped on element 'Object Repository/Mobile/Page/Login/Input - UserID'

2021-12-07 09:27:50 - [TEST_STEP][PASSED] - delay(1): Delayed 1 second(s)

2021-12-07 09:27:51 - [MESSAGE][PASSED] - Delayed 1 second(s)

2021-12-07 09:27:51 - [TEST_STEP][PASSED] - setText(findTestObject("Mobile/Page/Login/Input Rdy - UserID"), "anggaaditya", 0): Text 'anggaaditya' has been set to element 'Object Repository/Mobile/Page/Login/Input Rdy - UserID'

2021-12-07 09:27:52 - [MESSAGE][WARNING] - Timeout '0' is invalid. Using default page load timeout: '60'

2021-12-07 09:27:52 - [MESSAGE][PASSED] - Text 'anggaaditya' has been set to element 'Object Repository/Mobile/Page/Login/Input Rdy - UserID'

2021-12-07 09:27:52 - [TEST_STEP][PASSED] - delay(1): Delayed 1 second(s)

2021-12-07 09:27:53 - [MESSAGE][PASSED] - Delayed 1 second(s)

2021-12-07 09:27:53 - [TEST_STEP][PASSED] - hideKeyboard(): Keyboard is hidden

2021-12-07 09:27:57 - [MESSAGE][PASSED] - Keyboard is hidden

2021-12-07 09:27:57 - [TEST_STEP][PASSED] - tap(findTestObject("Mobile/Page/Login/Input - Password"), 0): Tapped on element 'Object Repository/Mobile/Page/Login/Input - Password'

2021-12-07 09:27:57 - [MESSAGE][WARNING] - Timeout '0' is invalid. Using default page load timeout: '60'

2021-12-07 09:27:58 - [MESSAGE][PASSED] - Tapped on element 'Object Repository/Mobile/Page/Login/Input - Password'

2021-12-07 09:27:58 - [TEST_STEP][PASSED] - delay(1): Delayed 1 second(s)

2021-12-07 09:27:59 - [MESSAGE][PASSED] - Delayed 1 second(s)

2021-12-07 09:27:59 - [TEST_STEP][PASSED] - setText(findTestObject("Mobile/Page/Login/Input Rdy - Password"), "Shalawa18", 0): Text 'Shalawa18' has been set to element 'Object Repository/Mobile/Page/Login/Input Rdy - Password'

2021-12-07 09:27:59 - [MESSAGE][WARNING] - Timeout '0' is invalid. Using default page load timeout: '60'

2021-12-07 09:27:59 - [MESSAGE][PASSED] - Text 'Shalawa18' has been set to element 'Object Repository/Mobile/Page/Login/Input Rdy - Password'

2021-12-07 09:27:59 - [TEST_STEP][PASSED] - delay(1): Delayed 1 second(s)

2021-12-07 09:28:00 - [MESSAGE][PASSED] - Delayed 1 second(s)

2021-12-07 09:28:00 - [TEST_STEP][PASSED] - hideKeyboard(): Keyboard is hidden

2021-12-07 09:28:06 - [MESSAGE][PASSED] - Keyboard is hidden

2021-12-07 09:28:06 - [TEST_STEP][PASSED] - tap(findTestObject("Mobile/Page/Login/Button - Login"), 0): Tapped on element 'Object Repository/Mobile/Page/Login/Button - Login'

2021-12-07 09:28:06 - [MESSAGE][WARNING] - Timeout '0' is invalid. Using default page load timeout: '60'

2021-12-07 09:28:07 - [MESSAGE][PASSED] - Tapped on element 'Object Repository/Mobile/Page/Login/Button - Login'

2021-12-07 09:28:07 - [TEST_STEP][PASSED] - delay(2): Delayed 2 second(s)

2021-12-07 09:28:09 - [MESSAGE][PASSED] - Delayed 2 second(s)

2021-12-07 09:28:09 - [MESSAGE][PASSED] - Call Test Case 'Test Cases/Mobile/Page/Login/Login' successfully

2021-12-07 09:28:09 - [MESSAGE][PASSED] - Call Test Case 'Test Cases/Mobile/Page/CheckLogin' successfully

2021-12-07 09:28:09 - [TEST_STEP][PASSED] - tap(findTestObject("Object Repository/Mobile/Page/Home/Menubar - News"), 0): Tapped on element 'Object Repository/Mobile/Page/Home/Menubar - News'

2021-12-07 09:28:10 - [MESSAGE][WARNING] - Timeout '0' is invalid. Using default page load timeout: '60'

2021-12-07 09:28:10 - [MESSAGE][PASSED] - Tapped on element 'Object Repository/Mobile/Page/Home/Menubar - News'

2021-12-07 09:28:10 - [TEST_STEP][PASSED] - delay(1): Delayed 1 second(s)

2021-12-07 09:28:11 - [MESSAGE][PASSED] - Delayed 1 second(s)

2021-12-07 09:28:11 - [TEST_STEP][PASSED] - for ([i = 0, i < 1, (i++)]): Delayed 3 second(s)

2021-12-07 09:28:11 - [TEST_STEP][PASSED] - if (tab == "macronews"): null

2021-12-07 09:28:11 - [TEST_STEP][PASSED] - else if (tab == "stocknews"): null

2021-12-07 09:28:11 - [TEST_STEP][PASSED] - else if (tab == "fundnews"): null

2021-12-07 09:28:11 - [TEST_STEP][PASSED] - else if (tab == "bondnews"): Tapped on element 'Object Repository/Mobile/Page/News/Tab - Bond News'

2021-12-07 09:28:11 - [TEST_STEP][PASSED] - scroll.scroll.scrollScreenRightToLeft(findTestObject("Object Repository/Mobile/Page/News/Tab - Macro News")): scroll.scroll.scrollScreenRightToLeft is PASSED

2021-12-07 09:28:11 - [MESSAGE][WARNING] - Timeout '0' is invalid. Using default page load timeout: '60'

2021-12-07 09:28:12 - [MESSAGE][PASSED] - Object 'Object Repository/Mobile/Page/News/Tab - Macro News' has left position '14'

2021-12-07 09:28:12 - [MESSAGE][WARNING] - Timeout '0' is invalid. Using default page load timeout: '60'

2021-12-07 09:28:12 - [MESSAGE][PASSED] - Object 'Object Repository/Mobile/Page/News/Tab - Macro News' has top position '262'

2021-12-07 09:28:12 - [MESSAGE][WARNING] - Timeout '0' is invalid. Using default page load timeout: '60'

2021-12-07 09:28:12 - [MESSAGE][PASSED] - Object 'Object Repository/Mobile/Page/News/Tab - Macro News' has width: '215'

2021-12-07 09:28:12 - [MESSAGE][WARNING] - Timeout '0' is invalid. Using default page load timeout: '60'

2021-12-07 09:28:12 - [MESSAGE][PASSED] - Object 'Object Repository/Mobile/Page/News/Tab - Macro News' has height: '84'

2021-12-07 09:28:13 - [MESSAGE][PASSED] - Current device physical width is 720

2021-12-07 09:28:14 - [MESSAGE][PASSED] - Swiped from 620,304 to 100,304

2021-12-07 09:28:14 - [MESSAGE][PASSED] - scroll.scroll.scrollScreenRightToLeft is PASSED

2021-12-07 09:28:14 - [TEST_STEP][PASSED] - delay(1): Delayed 1 second(s)

2021-12-07 09:28:15 - [MESSAGE][PASSED] - Delayed 1 second(s)

2021-12-07 09:28:15 - [TEST_STEP][PASSED] - tap(findTestObject("Object Repository/Mobile/Page/News/Tab - Bond News"), 0): Tapped on element 'Object Repository/Mobile/Page/News/Tab - Bond News'

2021-12-07 09:28:15 - [MESSAGE][WARNING] - Timeout '0' is invalid. Using default page load timeout: '60'

2021-12-07 09:28:16 - [MESSAGE][PASSED] - Tapped on element 'Object Repository/Mobile/Page/News/Tab - Bond News'

2021-12-07 09:28:16 - [TEST_STEP][PASSED] - delay(1): Delayed 1 second(s)

2021-12-07 09:28:17 - [MESSAGE][PASSED] - Delayed 1 second(s)

2021-12-07 09:28:17 - [TEST_STEP][PASSED] - if (tab != "worldindices"): Delayed 3 second(s)

2021-12-07 09:28:17 - [TEST_STEP][PASSED] - try: Delayed 3 second(s)

2021-12-07 09:28:17 - [TEST_STEP][PASSED] - topnews = verifyElementExist(findTestObject("Object Repository/Mobile/Page/News/Item - Top News"), 0): Element 'Object Repository/Mobile/Page/News/Item - Top News' is exist

2021-12-07 09:28:17 - [MESSAGE][WARNING] - Timeout '0' is invalid. Using default page load timeout: '60'

2021-12-07 09:28:18 - [MESSAGE][PASSED] - Element 'Object Repository/Mobile/Page/News/Item - Top News' is exist

2021-12-07 09:28:18 - [TEST_STEP][PASSED] - if (topnews): Delayed 3 second(s)

2021-12-07 09:28:18 - [TEST_STEP][PASSED] - tapAndHold(findTestObject("Object Repository/Mobile/Page/News/Item - Top News"), 1, 0): Tapped and held on element 'Object Repository/Mobile/Page/News/Item - Top News' with duration 1

2021-12-07 09:28:18 - [MESSAGE][WARNING] - Timeout '0' is invalid. Using default page load timeout: '60'

2021-12-07 09:28:21 - [MESSAGE][PASSED] - Tapped and held on element 'Object Repository/Mobile/Page/News/Item - Top News' with duration 1

2021-12-07 09:28:21 - [TEST_STEP][PASSED] - delay(1): Delayed 1 second(s)

2021-12-07 09:28:22 - [MESSAGE][PASSED] - Delayed 1 second(s)

2021-12-07 09:28:22 - [TEST_STEP][PASSED] - scroll.scroll.scrollScreenBottomToTop(): scroll.scroll.scrollScreenBottomToTop is PASSED

2021-12-07 09:28:22 - [MESSAGE][PASSED] - Current device physical height is 1423

2021-12-07 09:28:22 - [MESSAGE][PASSED] - Current device physical width is 720

2021-12-07 09:28:23 - [MESSAGE][PASSED] - Swiped from 360,1,138 to 360,284

2021-12-07 09:28:23 - [MESSAGE][PASSED] - scroll.scroll.scrollScreenBottomToTop is PASSED

2021-12-07 09:28:23 - [TEST_STEP][PASSED] - delay(3): Delayed 3 second(s)

2021-12-07 09:28:26 - [MESSAGE][PASSED] - Delayed 3 second(s)

2021-12-07 09:28:26 - [MESSAGE][PASSED] - Call Test Case 'Test Cases/Mobile/Page/News/News' successfully

2021-12-07 09:28:26 - [TEST_STEP][PASSED] - callTestCase(findTestCase("Mobile/Page/Run App/Terminate App"), [:], STOP_ON_FAILURE): Call Test Case 'Test Cases/Mobile/Page/Run App/Terminate App' successfully

2021-12-07 09:28:26 - [TEST_CASE][PASSED] - Test Cases/Mobile/Page/Run App/Terminate App: Test Cases/Mobile/Page/Run App/Terminate App

2021-12-07 09:28:26 - [TEST_STEP][PASSED] - startApp.OpenApp.terminateApplication(): startApp.OpenApp.terminateApplication is PASSED

2021-12-07 09:28:30 - [MESSAGE][PASSED] - Delayed 3 second(s)

2021-12-07 09:28:30 - [MESSAGE][PASSED] - Current device physical width is 720

2021-12-07 09:28:30 - [MESSAGE][PASSED] - Current device physical height is 1423

2021-12-07 09:28:31 - [MESSAGE][PASSED] - Swiped from 360,853 to 360,142

2021-12-07 09:28:32 - [MESSAGE][PASSED] - Delayed 1 second(s)

2021-12-07 09:28:34 - [MESSAGE][PASSED] - Swiped from 360,853 to 360,142

2021-12-07 09:28:37 - [MESSAGE][PASSED] - Delayed 3 second(s)

2021-12-07 09:28:37 - [MESSAGE][PASSED] - startApp.OpenApp.terminateApplication is PASSED

2021-12-07 09:28:37 - [MESSAGE][PASSED] - Call Test Case 'Test Cases/Mobile/Page/Run App/Terminate App' successfully]]></system-out>
         <system-err><![CDATA[]]></system-err>
      </testcase>
      <testcase name="Test Cases/Mobile/Scenario/News/005 - Macro News" time="69.587" classname="Test Cases/Mobile/Scenario/News/005 - Macro News" status="PASSED">
         <system-out><![CDATA[2021-12-07 09:28:37 - [TEST_CASE][PASSED] - Test Cases/Mobile/Scenario/News/005 - Macro News: Test Cases/Mobile/Scenario/News/005 - Macro News

2021-12-07 09:28:37 - [TEST_STEP][PASSED] - callTestCase(findTestCase("Mobile/Page/Run App/Run App byID"), [:], STOP_ON_FAILURE): Call Test Case 'Test Cases/Mobile/Page/Run App/Run App byID' successfully

2021-12-07 09:28:37 - [TEST_CASE][PASSED] - Test Cases/Mobile/Page/Run App/Run App byID: Test Cases/Mobile/Page/Run App/Run App byID

2021-12-07 09:28:37 - [TEST_STEP][PASSED] - startApp.OpenApp.startApplication("id.co.miraeasset.sageclub"): startApp.OpenApp.startApplication is PASSED

2021-12-07 09:28:52 - [MESSAGE][PASSED] - Starting app with application ID: 'id.co.miraeasset.sageclub'

2021-12-07 09:28:52 - [MESSAGE][PASSED] - startApp.OpenApp.startApplication is PASSED

2021-12-07 09:28:52 - [MESSAGE][PASSED] - Call Test Case 'Test Cases/Mobile/Page/Run App/Run App byID' successfully

2021-12-07 09:28:52 - [TEST_STEP][PASSED] - callTestCase(findTestCase("Mobile/Page/News/News"), ["tab":"macronews"], CONTINUE_ON_FAILURE): Call Test Case 'Test Cases/Mobile/Page/News/News' successfully

2021-12-07 09:28:52 - [TEST_CASE][PASSED] - Test Cases/Mobile/Page/News/News: Test Cases/Mobile/Page/News/News

2021-12-07 09:28:52 - [TEST_STEP][PASSED] - callTestCase(findTestCase("Mobile/Page/CheckLogin"), [:], CONTINUE_ON_FAILURE): Call Test Case 'Test Cases/Mobile/Page/CheckLogin' successfully

2021-12-07 09:28:52 - [TEST_CASE][PASSED] - Test Cases/Mobile/Page/CheckLogin: Test Cases/Mobile/Page/CheckLogin

2021-12-07 09:28:52 - [TEST_STEP][PASSED] - loginCheck = verifyElementExist(findTestObject("Mobile/Page/Login/Button - Login"), 2, CONTINUE_ON_FAILURE): Element 'Object Repository/Mobile/Page/Login/Button - Login' is exist

2021-12-07 09:28:55 - [MESSAGE][PASSED] - Element 'Object Repository/Mobile/Page/Login/Button - Login' is exist

2021-12-07 09:28:55 - [TEST_STEP][PASSED] - if (loginCheck): Call Test Case 'Test Cases/Mobile/Page/Login/Login' successfully

2021-12-07 09:28:55 - [TEST_STEP][PASSED] - callTestCase(findTestCase("Mobile/Page/Login/Login"), [:], CONTINUE_ON_FAILURE): Call Test Case 'Test Cases/Mobile/Page/Login/Login' successfully

2021-12-07 09:28:55 - [TEST_CASE][PASSED] - Test Cases/Mobile/Page/Login/Login: Test Cases/Mobile/Page/Login/Login

2021-12-07 09:28:55 - [TEST_STEP][PASSED] - delay(2): Delayed 2 second(s)

2021-12-07 09:28:57 - [MESSAGE][PASSED] - Delayed 2 second(s)

2021-12-07 09:28:57 - [TEST_STEP][PASSED] - tap(findTestObject("Mobile/Page/Login/Input - UserID"), 0): Tapped on element 'Object Repository/Mobile/Page/Login/Input - UserID'

2021-12-07 09:28:57 - [MESSAGE][WARNING] - Timeout '0' is invalid. Using default page load timeout: '60'

2021-12-07 09:28:58 - [MESSAGE][PASSED] - Tapped on element 'Object Repository/Mobile/Page/Login/Input - UserID'

2021-12-07 09:28:58 - [TEST_STEP][PASSED] - delay(1): Delayed 1 second(s)

2021-12-07 09:28:59 - [MESSAGE][PASSED] - Delayed 1 second(s)

2021-12-07 09:28:59 - [TEST_STEP][PASSED] - setText(findTestObject("Mobile/Page/Login/Input Rdy - UserID"), "anggaaditya", 0): Text 'anggaaditya' has been set to element 'Object Repository/Mobile/Page/Login/Input Rdy - UserID'

2021-12-07 09:28:59 - [MESSAGE][WARNING] - Timeout '0' is invalid. Using default page load timeout: '60'

2021-12-07 09:29:00 - [MESSAGE][PASSED] - Text 'anggaaditya' has been set to element 'Object Repository/Mobile/Page/Login/Input Rdy - UserID'

2021-12-07 09:29:00 - [TEST_STEP][PASSED] - delay(1): Delayed 1 second(s)

2021-12-07 09:29:01 - [MESSAGE][PASSED] - Delayed 1 second(s)

2021-12-07 09:29:01 - [TEST_STEP][PASSED] - hideKeyboard(): Keyboard is hidden

2021-12-07 09:29:10 - [MESSAGE][PASSED] - Keyboard is hidden

2021-12-07 09:29:10 - [TEST_STEP][PASSED] - tap(findTestObject("Mobile/Page/Login/Input - Password"), 0): Tapped on element 'Object Repository/Mobile/Page/Login/Input - Password'

2021-12-07 09:29:10 - [MESSAGE][WARNING] - Timeout '0' is invalid. Using default page load timeout: '60'

2021-12-07 09:29:10 - [MESSAGE][PASSED] - Tapped on element 'Object Repository/Mobile/Page/Login/Input - Password'

2021-12-07 09:29:10 - [TEST_STEP][PASSED] - delay(1): Delayed 1 second(s)

2021-12-07 09:29:11 - [MESSAGE][PASSED] - Delayed 1 second(s)

2021-12-07 09:29:11 - [TEST_STEP][PASSED] - setText(findTestObject("Mobile/Page/Login/Input Rdy - Password"), "Shalawa18", 0): Text 'Shalawa18' has been set to element 'Object Repository/Mobile/Page/Login/Input Rdy - Password'

2021-12-07 09:29:11 - [MESSAGE][WARNING] - Timeout '0' is invalid. Using default page load timeout: '60'

2021-12-07 09:29:12 - [MESSAGE][PASSED] - Text 'Shalawa18' has been set to element 'Object Repository/Mobile/Page/Login/Input Rdy - Password'

2021-12-07 09:29:12 - [TEST_STEP][PASSED] - delay(1): Delayed 1 second(s)

2021-12-07 09:29:13 - [MESSAGE][PASSED] - Delayed 1 second(s)

2021-12-07 09:29:13 - [TEST_STEP][PASSED] - hideKeyboard(): Keyboard is hidden

2021-12-07 09:29:20 - [MESSAGE][PASSED] - Keyboard is hidden

2021-12-07 09:29:20 - [TEST_STEP][PASSED] - tap(findTestObject("Mobile/Page/Login/Button - Login"), 0): Tapped on element 'Object Repository/Mobile/Page/Login/Button - Login'

2021-12-07 09:29:20 - [MESSAGE][WARNING] - Timeout '0' is invalid. Using default page load timeout: '60'

2021-12-07 09:29:21 - [MESSAGE][PASSED] - Tapped on element 'Object Repository/Mobile/Page/Login/Button - Login'

2021-12-07 09:29:21 - [TEST_STEP][PASSED] - delay(2): Delayed 2 second(s)

2021-12-07 09:29:23 - [MESSAGE][PASSED] - Delayed 2 second(s)

2021-12-07 09:29:23 - [MESSAGE][PASSED] - Call Test Case 'Test Cases/Mobile/Page/Login/Login' successfully

2021-12-07 09:29:23 - [MESSAGE][PASSED] - Call Test Case 'Test Cases/Mobile/Page/CheckLogin' successfully

2021-12-07 09:29:23 - [TEST_STEP][PASSED] - tap(findTestObject("Object Repository/Mobile/Page/Home/Menubar - News"), 0): Tapped on element 'Object Repository/Mobile/Page/Home/Menubar - News'

2021-12-07 09:29:23 - [MESSAGE][WARNING] - Timeout '0' is invalid. Using default page load timeout: '60'

2021-12-07 09:29:24 - [MESSAGE][PASSED] - Tapped on element 'Object Repository/Mobile/Page/Home/Menubar - News'

2021-12-07 09:29:24 - [TEST_STEP][PASSED] - delay(1): Delayed 1 second(s)

2021-12-07 09:29:25 - [MESSAGE][PASSED] - Delayed 1 second(s)

2021-12-07 09:29:25 - [TEST_STEP][PASSED] - for ([i = 0, i < 1, (i++)]): Delayed 3 second(s)

2021-12-07 09:29:25 - [TEST_STEP][PASSED] - if (tab == "macronews"): Tapped on element 'Object Repository/Mobile/Page/News/Tab - Macro News'

2021-12-07 09:29:25 - [TEST_STEP][PASSED] - tap(findTestObject("Object Repository/Mobile/Page/News/Tab - Macro News"), 0): Tapped on element 'Object Repository/Mobile/Page/News/Tab - Macro News'

2021-12-07 09:29:25 - [MESSAGE][WARNING] - Timeout '0' is invalid. Using default page load timeout: '60'

2021-12-07 09:29:26 - [MESSAGE][PASSED] - Tapped on element 'Object Repository/Mobile/Page/News/Tab - Macro News'

2021-12-07 09:29:26 - [TEST_STEP][PASSED] - delay(1): Delayed 1 second(s)

2021-12-07 09:29:27 - [MESSAGE][PASSED] - Delayed 1 second(s)

2021-12-07 09:29:27 - [TEST_STEP][PASSED] - if (tab != "worldindices"): Delayed 3 second(s)

2021-12-07 09:29:27 - [TEST_STEP][PASSED] - try: Delayed 3 second(s)

2021-12-07 09:29:27 - [TEST_STEP][PASSED] - topnews = verifyElementExist(findTestObject("Object Repository/Mobile/Page/News/Item - Top News"), 0): Element 'Object Repository/Mobile/Page/News/Item - Top News' is exist

2021-12-07 09:29:27 - [MESSAGE][WARNING] - Timeout '0' is invalid. Using default page load timeout: '60'

2021-12-07 09:29:27 - [MESSAGE][PASSED] - Element 'Object Repository/Mobile/Page/News/Item - Top News' is exist

2021-12-07 09:29:27 - [TEST_STEP][PASSED] - if (topnews): Delayed 3 second(s)

2021-12-07 09:29:27 - [TEST_STEP][PASSED] - tapAndHold(findTestObject("Object Repository/Mobile/Page/News/Item - Top News"), 1, 0): Tapped and held on element 'Object Repository/Mobile/Page/News/Item - Top News' with duration 1

2021-12-07 09:29:27 - [MESSAGE][WARNING] - Timeout '0' is invalid. Using default page load timeout: '60'

2021-12-07 09:29:30 - [MESSAGE][PASSED] - Tapped and held on element 'Object Repository/Mobile/Page/News/Item - Top News' with duration 1

2021-12-07 09:29:30 - [TEST_STEP][PASSED] - delay(1): Delayed 1 second(s)

2021-12-07 09:29:31 - [MESSAGE][PASSED] - Delayed 1 second(s)

2021-12-07 09:29:31 - [TEST_STEP][PASSED] - scroll.scroll.scrollScreenBottomToTop(): scroll.scroll.scrollScreenBottomToTop is PASSED

2021-12-07 09:29:32 - [MESSAGE][PASSED] - Current device physical height is 1423

2021-12-07 09:29:32 - [MESSAGE][PASSED] - Current device physical width is 720

2021-12-07 09:29:33 - [MESSAGE][PASSED] - Swiped from 360,1,138 to 360,284

2021-12-07 09:29:33 - [MESSAGE][PASSED] - scroll.scroll.scrollScreenBottomToTop is PASSED

2021-12-07 09:29:33 - [TEST_STEP][PASSED] - delay(3): Delayed 3 second(s)

2021-12-07 09:29:36 - [MESSAGE][PASSED] - Delayed 3 second(s)

2021-12-07 09:29:36 - [MESSAGE][PASSED] - Call Test Case 'Test Cases/Mobile/Page/News/News' successfully

2021-12-07 09:29:36 - [TEST_STEP][PASSED] - callTestCase(findTestCase("Mobile/Page/Run App/Terminate App"), [:], STOP_ON_FAILURE): Call Test Case 'Test Cases/Mobile/Page/Run App/Terminate App' successfully

2021-12-07 09:29:36 - [TEST_CASE][PASSED] - Test Cases/Mobile/Page/Run App/Terminate App: Test Cases/Mobile/Page/Run App/Terminate App

2021-12-07 09:29:36 - [TEST_STEP][PASSED] - startApp.OpenApp.terminateApplication(): startApp.OpenApp.terminateApplication is PASSED

2021-12-07 09:29:39 - [MESSAGE][PASSED] - Delayed 3 second(s)

2021-12-07 09:29:39 - [MESSAGE][PASSED] - Current device physical width is 720

2021-12-07 09:29:40 - [MESSAGE][PASSED] - Current device physical height is 1423

2021-12-07 09:29:41 - [MESSAGE][PASSED] - Swiped from 360,853 to 360,142

2021-12-07 09:29:42 - [MESSAGE][PASSED] - Delayed 1 second(s)

2021-12-07 09:29:43 - [MESSAGE][PASSED] - Swiped from 360,853 to 360,142

2021-12-07 09:29:46 - [MESSAGE][PASSED] - Delayed 3 second(s)

2021-12-07 09:29:46 - [MESSAGE][PASSED] - startApp.OpenApp.terminateApplication is PASSED

2021-12-07 09:29:46 - [MESSAGE][PASSED] - Call Test Case 'Test Cases/Mobile/Page/Run App/Terminate App' successfully]]></system-out>
         <system-err><![CDATA[]]></system-err>
      </testcase>
      <system-out><![CDATA[2021-12-07 09:24:15 - [TEST_SUITE][PASSED] - news: Test Cases/Mobile/Scenario/News/005 - Macro News]]></system-out>
      <system-err><![CDATA[]]></system-err>
   </testsuite>
</testsuites>
