<?xml version="1.0" encoding="UTF-8"?>
<testsuites name="news" time="350.923" tests="5" failures="0" skips="0" errors="0">
   <testsuite name="news" tests="5" failures="0" errors="0" time="350.923" skips="0" timestamp="2022-03-04 08:43:46" hostname="Owner - aldy-tft" id="Test Suites/news">
      <properties>
         <property name="deviceName" value="samsung SM-A205F (Android 11)"/>
         <property name="devicePlatform" value=""/>
         <property name="logFolder" value="C:\\Users\\Owner\\Documents\\kerjaan\\KatalonProject\\qa_katalon_pwm\\qa_katalon_pwm\\Reports\\20220304_081253\\news\\20220304_081311"/>
         <property name="logFiles" value="C:\\Users\\Owner\\Documents\\kerjaan\\KatalonProject\\qa_katalon_pwm\\qa_katalon_pwm\\Reports\\20220304_081253\\news\\20220304_081311\\appium.log, C:\\Users\\Owner\\Documents\\kerjaan\\KatalonProject\\qa_katalon_pwm\\qa_katalon_pwm\\Reports\\20220304_081253\\news\\20220304_081311\\execution0.log"/>
         <property name="attachments" value=""/>
         <property name="hostName" value="Owner - aldy-tft"/>
         <property name="os" value="Windows 10 64bit"/>
         <property name="appiumServerStatus" value="{&quot;value&quot;:{&quot;build&quot;:{&quot;version&quot;:&quot;1.22.0&quot;}},&quot;sessionId&quot;:null,&quot;status&quot;:0}"/>
         <property name="katalonVersion" value="7.9.1.208"/>
         <property name="deviceOS" value="Android"/>
         <property name="appiumVersion" value="1.22.0"/>
         <property name="deviceModel" value="SM-A205F"/>
         <property name="hostAddress" value="10.0.30.78"/>
         <property name="deviceManufacturer" value="samsung"/>
         <property name="deviceId" value="RR8M40C9AXE"/>
         <property name="deviceName" value="samsung SM-A205F (Android 11)"/>
         <property name="deviceOSVersion" value="11"/>
      </properties>
      <testcase name="Test Cases/Mobile/Scenario/News/001 - News World Indices" time="93.696" classname="Test Cases/Mobile/Scenario/News/001 - News World Indices" status="PASSED">
         <system-out><![CDATA[2022-03-04 08:43:47 - [TEST_CASE][PASSED] - Test Cases/Mobile/Scenario/News/001 - News World Indices: Test Cases/Mobile/Scenario/News/001 - News World Indices

2022-03-04 08:43:48 - [TEST_STEP][PASSED] - callTestCase(findTestCase("Mobile/Page/Run App/Run App byID"), [:], STOP_ON_FAILURE): Call Test Case 'Test Cases/Mobile/Page/Run App/Run App byID' successfully

2022-03-04 08:43:48 - [TEST_CASE][PASSED] - Test Cases/Mobile/Page/Run App/Run App byID: Test Cases/Mobile/Page/Run App/Run App byID

2022-03-04 08:43:48 - [TEST_STEP][PASSED] - startApp.OpenApp.startApplication("id.co.miraeasset.sageclub"): startApp.OpenApp.startApplication is PASSED

2022-03-04 08:43:50 - [MESSAGE][INFO] - Appium server started on port 50,953

2022-03-04 08:44:06 - [MESSAGE][PASSED] - Starting app with application ID: 'id.co.miraeasset.sageclub'

2022-03-04 08:44:06 - [MESSAGE][PASSED] - startApp.OpenApp.startApplication is PASSED

2022-03-04 08:44:06 - [MESSAGE][PASSED] - Call Test Case 'Test Cases/Mobile/Page/Run App/Run App byID' successfully

2022-03-04 08:44:06 - [TEST_STEP][PASSED] - callTestCase(findTestCase("Mobile/Page/News/News"), ["tab":"worldindices"], CONTINUE_ON_FAILURE): Call Test Case 'Test Cases/Mobile/Page/News/News' successfully

2022-03-04 08:44:06 - [TEST_CASE][PASSED] - Test Cases/Mobile/Page/News/News: Test Cases/Mobile/Page/News/News

2022-03-04 08:44:06 - [TEST_STEP][PASSED] - callTestCase(findTestCase("Mobile/Page/CheckLogin"), [:], CONTINUE_ON_FAILURE): Call Test Case 'Test Cases/Mobile/Page/CheckLogin' successfully

2022-03-04 08:44:06 - [TEST_CASE][PASSED] - Test Cases/Mobile/Page/CheckLogin: Test Cases/Mobile/Page/CheckLogin

2022-03-04 08:44:07 - [TEST_STEP][PASSED] - loginCheck = verifyElementExist(LOGN_BtnLogin, 5, CONTINUE_ON_FAILURE): Element 'Object Repository/Mobile/Page/Login/Button - Login' is exist

2022-03-04 08:44:07 - [MESSAGE][WARNING] - Test object with id 'Object Repository/Mobile/Page/Analysis/Button - Open With Just Once' does not exist

2022-03-04 08:44:07 - [MESSAGE][WARNING] - Test object with id 'Object Repository/Mobile/Page/Analysis/Button - Search' does not exist

2022-03-04 08:44:09 - [MESSAGE][WARNING] - Test object with id 'Object Repository/Mobile/Page/Home/Button -  Add Watchlist' does not exist

2022-03-04 08:44:09 - [MESSAGE][WARNING] - Test object with id 'Object Repository/Mobile/Page/Home/Button - Open with Just Once' does not exist

2022-03-04 08:44:09 - [MESSAGE][WARNING] - Test object with id 'Object Repository/Mobile/Page/Home/Container - Notification' does not exist

2022-03-04 08:44:10 - [MESSAGE][WARNING] - Test object with id 'Object Repository/Mobile/Page/Home/Watchlist/Input - Search' does not exist

2022-03-04 08:44:10 - [MESSAGE][WARNING] - Test object with id 'Object Repository/Mobile/Page/Home/Watchlist/Item - Top Search' does not exist

2022-03-04 08:44:10 - [MESSAGE][WARNING] - Test object with id 'Object Repository/Mobile/Page/Home/Watchlist/Detail Watchlist/Input - Expiry Date' does not exist

2022-03-04 08:44:11 - [MESSAGE][WARNING] - Test object with id 'Object Repository/Mobile/Page/Home/Watchlist/Detail Watchlist/Item - Watchlist' does not exist

2022-03-04 08:44:11 - [MESSAGE][WARNING] - Test object with id 'Object Repository/Mobile/Page/NavigationMenu/Button - Open Just Once' does not exist

2022-03-04 08:44:11 - [MESSAGE][WARNING] - Test object with id 'Object Repository/Mobile/Page/NavigationMenu/Container - Logout' does not exist

2022-03-04 08:44:16 - [MESSAGE][WARNING] - Test object with id 'Object Repository/Mobile/Page/Analysis/Button - Open With Just Once' does not exist

2022-03-04 08:44:16 - [MESSAGE][WARNING] - Test object with id 'Object Repository/Mobile/Page/Analysis/Button - Search' does not exist

2022-03-04 08:44:17 - [MESSAGE][WARNING] - Test object with id 'Object Repository/Mobile/Page/Home/Button -  Add Watchlist' does not exist

2022-03-04 08:44:17 - [MESSAGE][WARNING] - Test object with id 'Object Repository/Mobile/Page/Home/Button - Open with Just Once' does not exist

2022-03-04 08:44:17 - [MESSAGE][WARNING] - Test object with id 'Object Repository/Mobile/Page/Home/Container - Notification' does not exist

2022-03-04 08:44:18 - [MESSAGE][WARNING] - Test object with id 'Object Repository/Mobile/Page/Home/Watchlist/Input - Search' does not exist

2022-03-04 08:44:18 - [MESSAGE][WARNING] - Test object with id 'Object Repository/Mobile/Page/Home/Watchlist/Item - Top Search' does not exist

2022-03-04 08:44:18 - [MESSAGE][WARNING] - Test object with id 'Object Repository/Mobile/Page/Home/Watchlist/Detail Watchlist/Input - Expiry Date' does not exist

2022-03-04 08:44:18 - [MESSAGE][WARNING] - Test object with id 'Object Repository/Mobile/Page/Home/Watchlist/Detail Watchlist/Item - Watchlist' does not exist

2022-03-04 08:44:19 - [MESSAGE][WARNING] - Test object with id 'Object Repository/Mobile/Page/NavigationMenu/Button - Open Just Once' does not exist

2022-03-04 08:44:19 - [MESSAGE][WARNING] - Test object with id 'Object Repository/Mobile/Page/NavigationMenu/Container - Logout' does not exist

2022-03-04 08:44:23 - [MESSAGE][PASSED] - Element 'Object Repository/Mobile/Page/Login/Button - Login' is exist

2022-03-04 08:44:23 - [TEST_STEP][PASSED] - if (loginCheck): Call Test Case 'Test Cases/Mobile/Page/Login/Login' successfully

2022-03-04 08:44:23 - [TEST_STEP][PASSED] - callTestCase(findTestCase("Mobile/Page/Login/Login"), ["action":"username"], CONTINUE_ON_FAILURE): Call Test Case 'Test Cases/Mobile/Page/Login/Login' successfully

2022-03-04 08:44:24 - [TEST_CASE][PASSED] - Test Cases/Mobile/Page/Login/Login: Test Cases/Mobile/Page/Login/Login

2022-03-04 08:44:24 - [TEST_STEP][PASSED] - delay(2): Delayed 2 second(s)

2022-03-04 08:44:26 - [MESSAGE][PASSED] - Delayed 2 second(s)

2022-03-04 08:44:26 - [TEST_STEP][PASSED] - for ([i = 0, i < 1, (i++)]): null

2022-03-04 08:44:26 - [TEST_STEP][PASSED] - if (action == "username"): null

2022-03-04 08:44:26 - [TEST_STEP][PASSED] - tap(LOGN_EdtUserID, 0): Tapped on element 'Object Repository/Mobile/Page/Login/Input - UserID'

2022-03-04 08:44:26 - [MESSAGE][WARNING] - Timeout '0' is invalid. Using default page load timeout: '60'

2022-03-04 08:44:26 - [MESSAGE][PASSED] - Tapped on element 'Object Repository/Mobile/Page/Login/Input - UserID'

2022-03-04 08:44:27 - [TEST_STEP][PASSED] - delay(1): Delayed 1 second(s)

2022-03-04 08:44:28 - [MESSAGE][PASSED] - Delayed 1 second(s)

2022-03-04 08:44:28 - [TEST_STEP][PASSED] - setText(LOGN_EdtRdyUserID, "anggaaditya", 0): Text 'anggaaditya' has been set to element 'Object Repository/Mobile/Page/Login/Input Rdy - UserID'

2022-03-04 08:44:28 - [MESSAGE][WARNING] - Timeout '0' is invalid. Using default page load timeout: '60'

2022-03-04 08:44:28 - [MESSAGE][PASSED] - Text 'anggaaditya' has been set to element 'Object Repository/Mobile/Page/Login/Input Rdy - UserID'

2022-03-04 08:44:28 - [TEST_STEP][PASSED] - delay(1): Delayed 1 second(s)

2022-03-04 08:44:29 - [MESSAGE][PASSED] - Delayed 1 second(s)

2022-03-04 08:44:29 - [TEST_STEP][PASSED] - hideKeyboard(): Keyboard is hidden

2022-03-04 08:44:33 - [MESSAGE][PASSED] - Keyboard is hidden

2022-03-04 08:44:33 - [TEST_STEP][PASSED] - tap(LOGN_EdtPassword, 0): Tapped on element 'Object Repository/Mobile/Page/Login/Input - Password'

2022-03-04 08:44:33 - [MESSAGE][WARNING] - Timeout '0' is invalid. Using default page load timeout: '60'

2022-03-04 08:44:34 - [MESSAGE][PASSED] - Tapped on element 'Object Repository/Mobile/Page/Login/Input - Password'

2022-03-04 08:44:34 - [TEST_STEP][PASSED] - delay(1): Delayed 1 second(s)

2022-03-04 08:44:35 - [MESSAGE][PASSED] - Delayed 1 second(s)

2022-03-04 08:44:35 - [TEST_STEP][PASSED] - setText(LOGN_EdtRdyPassword, "Shalawa18", 0): Text 'Shalawa18' has been set to element 'Object Repository/Mobile/Page/Login/Input Rdy - Password'

2022-03-04 08:44:35 - [MESSAGE][WARNING] - Timeout '0' is invalid. Using default page load timeout: '60'

2022-03-04 08:44:35 - [MESSAGE][PASSED] - Text 'Shalawa18' has been set to element 'Object Repository/Mobile/Page/Login/Input Rdy - Password'

2022-03-04 08:44:35 - [TEST_STEP][PASSED] - delay(1): Delayed 1 second(s)

2022-03-04 08:44:36 - [MESSAGE][PASSED] - Delayed 1 second(s)

2022-03-04 08:44:36 - [TEST_STEP][PASSED] - hideKeyboard(): Keyboard is hidden

2022-03-04 08:44:43 - [MESSAGE][PASSED] - Keyboard is hidden

2022-03-04 08:44:43 - [TEST_STEP][PASSED] - tap(LOGN_BtnLogin, 0): Tapped on element 'Object Repository/Mobile/Page/Login/Button - Login'

2022-03-04 08:44:43 - [MESSAGE][WARNING] - Timeout '0' is invalid. Using default page load timeout: '60'

2022-03-04 08:44:43 - [MESSAGE][PASSED] - Tapped on element 'Object Repository/Mobile/Page/Login/Button - Login'

2022-03-04 08:44:43 - [TEST_STEP][PASSED] - delay(2): Delayed 2 second(s)

2022-03-04 08:44:45 - [MESSAGE][PASSED] - Delayed 2 second(s)

2022-03-04 08:44:45 - [TEST_STEP][PASSED] - break: null

2022-03-04 08:44:45 - [MESSAGE][PASSED] - Call Test Case 'Test Cases/Mobile/Page/Login/Login' successfully

2022-03-04 08:44:45 - [MESSAGE][PASSED] - Call Test Case 'Test Cases/Mobile/Page/CheckLogin' successfully

2022-03-04 08:44:45 - [TEST_STEP][PASSED] - tap(HOME_MenubarNews, 0): Tapped on element 'Object Repository/Mobile/Page/Home/Menubar - News'

2022-03-04 08:44:45 - [MESSAGE][WARNING] - Timeout '0' is invalid. Using default page load timeout: '60'

2022-03-04 08:44:48 - [MESSAGE][PASSED] - Tapped on element 'Object Repository/Mobile/Page/Home/Menubar - News'

2022-03-04 08:44:48 - [TEST_STEP][PASSED] - delay(1): Delayed 1 second(s)

2022-03-04 08:44:49 - [MESSAGE][PASSED] - Delayed 1 second(s)

2022-03-04 08:44:49 - [TEST_STEP][PASSED] - for ([i = 0, i < 1, (i++)]): null

2022-03-04 08:44:49 - [TEST_STEP][PASSED] - if (tab == "macronews"): null

2022-03-04 08:44:49 - [TEST_STEP][PASSED] - else if (tab == "stocknews"): null

2022-03-04 08:44:49 - [TEST_STEP][PASSED] - else if (tab == "fundnews"): null

2022-03-04 08:44:49 - [TEST_STEP][PASSED] - else if (tab == "bondnews"): null

2022-03-04 08:44:49 - [TEST_STEP][PASSED] - else if (tab == "worldindices"): Delayed 3 second(s)

2022-03-04 08:44:49 - [TEST_STEP][PASSED] - scroll.scroll.scrollScreenRightToLeft(NEWS_TabMacro): scroll.scroll.scrollScreenRightToLeft is PASSED

2022-03-04 08:44:49 - [MESSAGE][WARNING] - Timeout '0' is invalid. Using default page load timeout: '60'

2022-03-04 08:44:49 - [MESSAGE][PASSED] - Object 'Object Repository/Mobile/Page/News/Tab - Macro' has left position '14'

2022-03-04 08:44:49 - [MESSAGE][WARNING] - Timeout '0' is invalid. Using default page load timeout: '60'

2022-03-04 08:44:49 - [MESSAGE][PASSED] - Object 'Object Repository/Mobile/Page/News/Tab - Macro' has top position '245'

2022-03-04 08:44:49 - [MESSAGE][WARNING] - Timeout '0' is invalid. Using default page load timeout: '60'

2022-03-04 08:44:50 - [MESSAGE][PASSED] - Object 'Object Repository/Mobile/Page/News/Tab - Macro' has width: '215'

2022-03-04 08:44:50 - [MESSAGE][WARNING] - Timeout '0' is invalid. Using default page load timeout: '60'

2022-03-04 08:44:50 - [MESSAGE][PASSED] - Object 'Object Repository/Mobile/Page/News/Tab - Macro' has height: '84'

2022-03-04 08:44:50 - [MESSAGE][PASSED] - Current device physical width is 720

2022-03-04 08:44:51 - [MESSAGE][PASSED] - Swiped from 620,287 to 100,287

2022-03-04 08:44:51 - [MESSAGE][PASSED] - scroll.scroll.scrollScreenRightToLeft is PASSED

2022-03-04 08:44:51 - [TEST_STEP][PASSED] - delay(1): Delayed 1 second(s)

2022-03-04 08:44:52 - [MESSAGE][PASSED] - Delayed 1 second(s)

2022-03-04 08:44:52 - [TEST_STEP][PASSED] - tap(NEWS_TabWorldIndices, 0): Tapped on element 'Object Repository/Mobile/Page/News/Tab - World Indices'

2022-03-04 08:44:52 - [MESSAGE][WARNING] - Timeout '0' is invalid. Using default page load timeout: '60'

2022-03-04 08:44:54 - [MESSAGE][PASSED] - Tapped on element 'Object Repository/Mobile/Page/News/Tab - World Indices'

2022-03-04 08:44:54 - [TEST_STEP][PASSED] - delay(1): Delayed 1 second(s)

2022-03-04 08:44:55 - [MESSAGE][PASSED] - Delayed 1 second(s)

2022-03-04 08:44:55 - [TEST_STEP][PASSED] - tap(NEWS_BtnIndices, 0): Tapped on element 'Object Repository/Mobile/Page/News/Button - Indices'

2022-03-04 08:44:55 - [MESSAGE][WARNING] - Timeout '0' is invalid. Using default page load timeout: '60'

2022-03-04 08:44:56 - [MESSAGE][PASSED] - Tapped on element 'Object Repository/Mobile/Page/News/Button - Indices'

2022-03-04 08:44:56 - [TEST_STEP][PASSED] - delay(3): Delayed 3 second(s)

2022-03-04 08:44:59 - [MESSAGE][PASSED] - Delayed 3 second(s)

2022-03-04 08:44:59 - [TEST_STEP][PASSED] - tap(NEWS_BtnCurrencies, 0): Tapped on element 'Object Repository/Mobile/Page/News/Button - Currencies'

2022-03-04 08:44:59 - [MESSAGE][WARNING] - Timeout '0' is invalid. Using default page load timeout: '60'

2022-03-04 08:45:02 - [MESSAGE][PASSED] - Tapped on element 'Object Repository/Mobile/Page/News/Button - Currencies'

2022-03-04 08:45:02 - [TEST_STEP][PASSED] - delay(3): Delayed 3 second(s)

2022-03-04 08:45:05 - [MESSAGE][PASSED] - Delayed 3 second(s)

2022-03-04 08:45:05 - [TEST_STEP][PASSED] - tap(NEWS_BtnCommodities, 0): Tapped on element 'Object Repository/Mobile/Page/News/Button - Commodities'

2022-03-04 08:45:05 - [MESSAGE][WARNING] - Timeout '0' is invalid. Using default page load timeout: '60'

2022-03-04 08:45:06 - [MESSAGE][PASSED] - Tapped on element 'Object Repository/Mobile/Page/News/Button - Commodities'

2022-03-04 08:45:06 - [TEST_STEP][PASSED] - delay(3): Delayed 3 second(s)

2022-03-04 08:45:09 - [MESSAGE][PASSED] - Delayed 3 second(s)

2022-03-04 08:45:09 - [TEST_STEP][PASSED] - delay(1): Delayed 1 second(s)

2022-03-04 08:45:10 - [MESSAGE][PASSED] - Delayed 1 second(s)

2022-03-04 08:45:10 - [TEST_STEP][PASSED] - if (tab != "worldindices"): null

2022-03-04 08:45:10 - [MESSAGE][PASSED] - Call Test Case 'Test Cases/Mobile/Page/News/News' successfully

2022-03-04 08:45:10 - [TEST_STEP][PASSED] - callTestCase(findTestCase("Mobile/Page/Run App/Terminate App"), [:], STOP_ON_FAILURE): Call Test Case 'Test Cases/Mobile/Page/Run App/Terminate App' successfully

2022-03-04 08:45:10 - [TEST_CASE][PASSED] - Test Cases/Mobile/Page/Run App/Terminate App: Test Cases/Mobile/Page/Run App/Terminate App

2022-03-04 08:45:10 - [TEST_STEP][PASSED] - startApp.OpenApp.terminateApplication(): startApp.OpenApp.terminateApplication is PASSED

2022-03-04 08:45:14 - [MESSAGE][PASSED] - Delayed 3 second(s)

2022-03-04 08:45:14 - [MESSAGE][PASSED] - Current device physical width is 720

2022-03-04 08:45:14 - [MESSAGE][PASSED] - Current device physical height is 1423

2022-03-04 08:45:15 - [MESSAGE][PASSED] - Swiped from 360,853 to 360,142

2022-03-04 08:45:16 - [MESSAGE][PASSED] - Delayed 1 second(s)

2022-03-04 08:45:18 - [MESSAGE][PASSED] - Swiped from 360,853 to 360,142

2022-03-04 08:45:21 - [MESSAGE][PASSED] - Delayed 3 second(s)

2022-03-04 08:45:21 - [MESSAGE][PASSED] - startApp.OpenApp.terminateApplication is PASSED

2022-03-04 08:45:21 - [MESSAGE][PASSED] - Call Test Case 'Test Cases/Mobile/Page/Run App/Terminate App' successfully]]></system-out>
         <system-err><![CDATA[]]></system-err>
      </testcase>
      <testcase name="Test Cases/Mobile/Scenario/News/002 - News Stock" time="63.722" classname="Test Cases/Mobile/Scenario/News/002 - News Stock" status="PASSED">
         <system-out><![CDATA[2022-03-04 08:45:21 - [TEST_CASE][PASSED] - Test Cases/Mobile/Scenario/News/002 - News Stock: Test Cases/Mobile/Scenario/News/002 - News Stock

2022-03-04 08:45:21 - [TEST_STEP][PASSED] - callTestCase(findTestCase("Mobile/Page/Run App/Run App byID"), [:], STOP_ON_FAILURE): Call Test Case 'Test Cases/Mobile/Page/Run App/Run App byID' successfully

2022-03-04 08:45:21 - [TEST_CASE][PASSED] - Test Cases/Mobile/Page/Run App/Run App byID: Test Cases/Mobile/Page/Run App/Run App byID

2022-03-04 08:45:21 - [TEST_STEP][PASSED] - startApp.OpenApp.startApplication("id.co.miraeasset.sageclub"): startApp.OpenApp.startApplication is PASSED

2022-03-04 08:45:35 - [MESSAGE][PASSED] - Starting app with application ID: 'id.co.miraeasset.sageclub'

2022-03-04 08:45:35 - [MESSAGE][PASSED] - startApp.OpenApp.startApplication is PASSED

2022-03-04 08:45:35 - [MESSAGE][PASSED] - Call Test Case 'Test Cases/Mobile/Page/Run App/Run App byID' successfully

2022-03-04 08:45:35 - [TEST_STEP][PASSED] - callTestCase(findTestCase("Mobile/Page/News/News"), ["tab":"stocknews"], CONTINUE_ON_FAILURE): Call Test Case 'Test Cases/Mobile/Page/News/News' successfully

2022-03-04 08:45:35 - [TEST_CASE][PASSED] - Test Cases/Mobile/Page/News/News: Test Cases/Mobile/Page/News/News

2022-03-04 08:45:35 - [TEST_STEP][PASSED] - callTestCase(findTestCase("Mobile/Page/CheckLogin"), [:], CONTINUE_ON_FAILURE): Call Test Case 'Test Cases/Mobile/Page/CheckLogin' successfully

2022-03-04 08:45:35 - [TEST_CASE][PASSED] - Test Cases/Mobile/Page/CheckLogin: Test Cases/Mobile/Page/CheckLogin

2022-03-04 08:45:35 - [TEST_STEP][PASSED] - loginCheck = verifyElementExist(LOGN_BtnLogin, 5, CONTINUE_ON_FAILURE): Element 'Object Repository/Mobile/Page/Login/Button - Login' is exist

2022-03-04 08:45:38 - [MESSAGE][PASSED] - Element 'Object Repository/Mobile/Page/Login/Button - Login' is exist

2022-03-04 08:45:38 - [TEST_STEP][PASSED] - if (loginCheck): Call Test Case 'Test Cases/Mobile/Page/Login/Login' successfully

2022-03-04 08:45:38 - [TEST_STEP][PASSED] - callTestCase(findTestCase("Mobile/Page/Login/Login"), ["action":"username"], CONTINUE_ON_FAILURE): Call Test Case 'Test Cases/Mobile/Page/Login/Login' successfully

2022-03-04 08:45:38 - [TEST_CASE][PASSED] - Test Cases/Mobile/Page/Login/Login: Test Cases/Mobile/Page/Login/Login

2022-03-04 08:45:38 - [TEST_STEP][PASSED] - delay(2): Delayed 2 second(s)

2022-03-04 08:45:40 - [MESSAGE][PASSED] - Delayed 2 second(s)

2022-03-04 08:45:40 - [TEST_STEP][PASSED] - for ([i = 0, i < 1, (i++)]): null

2022-03-04 08:45:40 - [TEST_STEP][PASSED] - if (action == "username"): null

2022-03-04 08:45:40 - [TEST_STEP][PASSED] - tap(LOGN_EdtUserID, 0): Tapped on element 'Object Repository/Mobile/Page/Login/Input - UserID'

2022-03-04 08:45:40 - [MESSAGE][WARNING] - Timeout '0' is invalid. Using default page load timeout: '60'

2022-03-04 08:45:40 - [MESSAGE][PASSED] - Tapped on element 'Object Repository/Mobile/Page/Login/Input - UserID'

2022-03-04 08:45:40 - [TEST_STEP][PASSED] - delay(1): Delayed 1 second(s)

2022-03-04 08:45:41 - [MESSAGE][PASSED] - Delayed 1 second(s)

2022-03-04 08:45:41 - [TEST_STEP][PASSED] - setText(LOGN_EdtRdyUserID, "anggaaditya", 0): Text 'anggaaditya' has been set to element 'Object Repository/Mobile/Page/Login/Input Rdy - UserID'

2022-03-04 08:45:41 - [MESSAGE][WARNING] - Timeout '0' is invalid. Using default page load timeout: '60'

2022-03-04 08:45:42 - [MESSAGE][PASSED] - Text 'anggaaditya' has been set to element 'Object Repository/Mobile/Page/Login/Input Rdy - UserID'

2022-03-04 08:45:42 - [TEST_STEP][PASSED] - delay(1): Delayed 1 second(s)

2022-03-04 08:45:43 - [MESSAGE][PASSED] - Delayed 1 second(s)

2022-03-04 08:45:43 - [TEST_STEP][PASSED] - hideKeyboard(): Keyboard is hidden

2022-03-04 08:45:47 - [MESSAGE][PASSED] - Keyboard is hidden

2022-03-04 08:45:47 - [TEST_STEP][PASSED] - tap(LOGN_EdtPassword, 0): Tapped on element 'Object Repository/Mobile/Page/Login/Input - Password'

2022-03-04 08:45:47 - [MESSAGE][WARNING] - Timeout '0' is invalid. Using default page load timeout: '60'

2022-03-04 08:45:47 - [MESSAGE][PASSED] - Tapped on element 'Object Repository/Mobile/Page/Login/Input - Password'

2022-03-04 08:45:47 - [TEST_STEP][PASSED] - delay(1): Delayed 1 second(s)

2022-03-04 08:45:48 - [MESSAGE][PASSED] - Delayed 1 second(s)

2022-03-04 08:45:48 - [TEST_STEP][PASSED] - setText(LOGN_EdtRdyPassword, "Shalawa18", 0): Text 'Shalawa18' has been set to element 'Object Repository/Mobile/Page/Login/Input Rdy - Password'

2022-03-04 08:45:48 - [MESSAGE][WARNING] - Timeout '0' is invalid. Using default page load timeout: '60'

2022-03-04 08:45:49 - [MESSAGE][PASSED] - Text 'Shalawa18' has been set to element 'Object Repository/Mobile/Page/Login/Input Rdy - Password'

2022-03-04 08:45:49 - [TEST_STEP][PASSED] - delay(1): Delayed 1 second(s)

2022-03-04 08:45:50 - [MESSAGE][PASSED] - Delayed 1 second(s)

2022-03-04 08:45:50 - [TEST_STEP][PASSED] - hideKeyboard(): Keyboard is hidden

2022-03-04 08:45:57 - [MESSAGE][PASSED] - Keyboard is hidden

2022-03-04 08:45:57 - [TEST_STEP][PASSED] - tap(LOGN_BtnLogin, 0): Tapped on element 'Object Repository/Mobile/Page/Login/Button - Login'

2022-03-04 08:45:57 - [MESSAGE][WARNING] - Timeout '0' is invalid. Using default page load timeout: '60'

2022-03-04 08:45:58 - [MESSAGE][PASSED] - Tapped on element 'Object Repository/Mobile/Page/Login/Button - Login'

2022-03-04 08:45:58 - [TEST_STEP][PASSED] - delay(2): Delayed 2 second(s)

2022-03-04 08:46:00 - [MESSAGE][PASSED] - Delayed 2 second(s)

2022-03-04 08:46:00 - [TEST_STEP][PASSED] - break: null

2022-03-04 08:46:00 - [MESSAGE][PASSED] - Call Test Case 'Test Cases/Mobile/Page/Login/Login' successfully

2022-03-04 08:46:00 - [MESSAGE][PASSED] - Call Test Case 'Test Cases/Mobile/Page/CheckLogin' successfully

2022-03-04 08:46:00 - [TEST_STEP][PASSED] - tap(HOME_MenubarNews, 0): Tapped on element 'Object Repository/Mobile/Page/Home/Menubar - News'

2022-03-04 08:46:00 - [MESSAGE][WARNING] - Timeout '0' is invalid. Using default page load timeout: '60'

2022-03-04 08:46:02 - [MESSAGE][PASSED] - Tapped on element 'Object Repository/Mobile/Page/Home/Menubar - News'

2022-03-04 08:46:02 - [TEST_STEP][PASSED] - delay(1): Delayed 1 second(s)

2022-03-04 08:46:03 - [MESSAGE][PASSED] - Delayed 1 second(s)

2022-03-04 08:46:03 - [TEST_STEP][PASSED] - for ([i = 0, i < 1, (i++)]): Delayed 3 second(s)

2022-03-04 08:46:03 - [TEST_STEP][PASSED] - if (tab == "macronews"): null

2022-03-04 08:46:03 - [TEST_STEP][PASSED] - else if (tab == "stocknews"): Tapped on element 'Object Repository/Mobile/Page/News/Tab - Stock'

2022-03-04 08:46:03 - [TEST_STEP][PASSED] - tap(NEWS_TabStock, 0): Tapped on element 'Object Repository/Mobile/Page/News/Tab - Stock'

2022-03-04 08:46:03 - [MESSAGE][WARNING] - Timeout '0' is invalid. Using default page load timeout: '60'

2022-03-04 08:46:05 - [MESSAGE][PASSED] - Tapped on element 'Object Repository/Mobile/Page/News/Tab - Stock'

2022-03-04 08:46:05 - [TEST_STEP][PASSED] - delay(1): Delayed 1 second(s)

2022-03-04 08:46:06 - [MESSAGE][PASSED] - Delayed 1 second(s)

2022-03-04 08:46:06 - [TEST_STEP][PASSED] - if (tab != "worldindices"): Delayed 3 second(s)

2022-03-04 08:46:06 - [TEST_STEP][PASSED] - try: Delayed 3 second(s)

2022-03-04 08:46:06 - [TEST_STEP][PASSED] - tapAndHold(NEWS_ItemTopNews, 1, 10): Tapped and held on element 'Object Repository/Mobile/Page/News/Item - Top News' with duration 1

2022-03-04 08:46:08 - [MESSAGE][PASSED] - Tapped and held on element 'Object Repository/Mobile/Page/News/Item - Top News' with duration 1

2022-03-04 08:46:08 - [TEST_STEP][PASSED] - delay(1): Delayed 1 second(s)

2022-03-04 08:46:09 - [MESSAGE][PASSED] - Delayed 1 second(s)

2022-03-04 08:46:09 - [TEST_STEP][PASSED] - scroll.scroll.scrollScreenBottomToTop(): scroll.scroll.scrollScreenBottomToTop is PASSED

2022-03-04 08:46:10 - [MESSAGE][PASSED] - Current device physical height is 1423

2022-03-04 08:46:10 - [MESSAGE][PASSED] - Current device physical width is 720

2022-03-04 08:46:11 - [MESSAGE][PASSED] - Swiped from 360,1,138 to 360,284

2022-03-04 08:46:11 - [MESSAGE][PASSED] - scroll.scroll.scrollScreenBottomToTop is PASSED

2022-03-04 08:46:11 - [TEST_STEP][PASSED] - delay(3): Delayed 3 second(s)

2022-03-04 08:46:14 - [MESSAGE][PASSED] - Delayed 3 second(s)

2022-03-04 08:46:14 - [MESSAGE][PASSED] - Call Test Case 'Test Cases/Mobile/Page/News/News' successfully

2022-03-04 08:46:14 - [TEST_STEP][PASSED] - callTestCase(findTestCase("Mobile/Page/Run App/Terminate App"), [:], STOP_ON_FAILURE): Call Test Case 'Test Cases/Mobile/Page/Run App/Terminate App' successfully

2022-03-04 08:46:14 - [TEST_CASE][PASSED] - Test Cases/Mobile/Page/Run App/Terminate App: Test Cases/Mobile/Page/Run App/Terminate App

2022-03-04 08:46:14 - [TEST_STEP][PASSED] - startApp.OpenApp.terminateApplication(): startApp.OpenApp.terminateApplication is PASSED

2022-03-04 08:46:17 - [MESSAGE][PASSED] - Delayed 3 second(s)

2022-03-04 08:46:18 - [MESSAGE][PASSED] - Current device physical width is 720

2022-03-04 08:46:18 - [MESSAGE][PASSED] - Current device physical height is 1423

2022-03-04 08:46:19 - [MESSAGE][PASSED] - Swiped from 360,853 to 360,142

2022-03-04 08:46:20 - [MESSAGE][PASSED] - Delayed 1 second(s)

2022-03-04 08:46:22 - [MESSAGE][PASSED] - Swiped from 360,853 to 360,142

2022-03-04 08:46:25 - [MESSAGE][PASSED] - Delayed 3 second(s)

2022-03-04 08:46:25 - [MESSAGE][PASSED] - startApp.OpenApp.terminateApplication is PASSED

2022-03-04 08:46:25 - [MESSAGE][PASSED] - Call Test Case 'Test Cases/Mobile/Page/Run App/Terminate App' successfully]]></system-out>
         <system-err><![CDATA[]]></system-err>
      </testcase>
      <testcase name="Test Cases/Mobile/Scenario/News/003 - News Fund" time="65.397" classname="Test Cases/Mobile/Scenario/News/003 - News Fund" status="PASSED">
         <system-out><![CDATA[2022-03-04 08:46:25 - [TEST_CASE][PASSED] - Test Cases/Mobile/Scenario/News/003 - News Fund: Test Cases/Mobile/Scenario/News/003 - News Fund

2022-03-04 08:46:25 - [TEST_STEP][PASSED] - callTestCase(findTestCase("Mobile/Page/Run App/Run App byID"), [:], STOP_ON_FAILURE): Call Test Case 'Test Cases/Mobile/Page/Run App/Run App byID' successfully

2022-03-04 08:46:25 - [TEST_CASE][PASSED] - Test Cases/Mobile/Page/Run App/Run App byID: Test Cases/Mobile/Page/Run App/Run App byID

2022-03-04 08:46:25 - [TEST_STEP][PASSED] - startApp.OpenApp.startApplication("id.co.miraeasset.sageclub"): startApp.OpenApp.startApplication is PASSED

2022-03-04 08:46:38 - [MESSAGE][PASSED] - Starting app with application ID: 'id.co.miraeasset.sageclub'

2022-03-04 08:46:38 - [MESSAGE][PASSED] - startApp.OpenApp.startApplication is PASSED

2022-03-04 08:46:38 - [MESSAGE][PASSED] - Call Test Case 'Test Cases/Mobile/Page/Run App/Run App byID' successfully

2022-03-04 08:46:38 - [TEST_STEP][PASSED] - callTestCase(findTestCase("Mobile/Page/News/News"), ["tab":"fundnews"], CONTINUE_ON_FAILURE): Call Test Case 'Test Cases/Mobile/Page/News/News' successfully

2022-03-04 08:46:38 - [TEST_CASE][PASSED] - Test Cases/Mobile/Page/News/News: Test Cases/Mobile/Page/News/News

2022-03-04 08:46:38 - [TEST_STEP][PASSED] - callTestCase(findTestCase("Mobile/Page/CheckLogin"), [:], CONTINUE_ON_FAILURE): Call Test Case 'Test Cases/Mobile/Page/CheckLogin' successfully

2022-03-04 08:46:38 - [TEST_CASE][PASSED] - Test Cases/Mobile/Page/CheckLogin: Test Cases/Mobile/Page/CheckLogin

2022-03-04 08:46:38 - [TEST_STEP][PASSED] - loginCheck = verifyElementExist(LOGN_BtnLogin, 5, CONTINUE_ON_FAILURE): Element 'Object Repository/Mobile/Page/Login/Button - Login' is exist

2022-03-04 08:46:40 - [MESSAGE][PASSED] - Element 'Object Repository/Mobile/Page/Login/Button - Login' is exist

2022-03-04 08:46:40 - [TEST_STEP][PASSED] - if (loginCheck): Call Test Case 'Test Cases/Mobile/Page/Login/Login' successfully

2022-03-04 08:46:40 - [TEST_STEP][PASSED] - callTestCase(findTestCase("Mobile/Page/Login/Login"), ["action":"username"], CONTINUE_ON_FAILURE): Call Test Case 'Test Cases/Mobile/Page/Login/Login' successfully

2022-03-04 08:46:40 - [TEST_CASE][PASSED] - Test Cases/Mobile/Page/Login/Login: Test Cases/Mobile/Page/Login/Login

2022-03-04 08:46:40 - [TEST_STEP][PASSED] - delay(2): Delayed 2 second(s)

2022-03-04 08:46:42 - [MESSAGE][PASSED] - Delayed 2 second(s)

2022-03-04 08:46:42 - [TEST_STEP][PASSED] - for ([i = 0, i < 1, (i++)]): null

2022-03-04 08:46:42 - [TEST_STEP][PASSED] - if (action == "username"): null

2022-03-04 08:46:42 - [TEST_STEP][PASSED] - tap(LOGN_EdtUserID, 0): Tapped on element 'Object Repository/Mobile/Page/Login/Input - UserID'

2022-03-04 08:46:42 - [MESSAGE][WARNING] - Timeout '0' is invalid. Using default page load timeout: '60'

2022-03-04 08:46:42 - [MESSAGE][PASSED] - Tapped on element 'Object Repository/Mobile/Page/Login/Input - UserID'

2022-03-04 08:46:42 - [TEST_STEP][PASSED] - delay(1): Delayed 1 second(s)

2022-03-04 08:46:43 - [MESSAGE][PASSED] - Delayed 1 second(s)

2022-03-04 08:46:43 - [TEST_STEP][PASSED] - setText(LOGN_EdtRdyUserID, "anggaaditya", 0): Text 'anggaaditya' has been set to element 'Object Repository/Mobile/Page/Login/Input Rdy - UserID'

2022-03-04 08:46:43 - [MESSAGE][WARNING] - Timeout '0' is invalid. Using default page load timeout: '60'

2022-03-04 08:46:44 - [MESSAGE][PASSED] - Text 'anggaaditya' has been set to element 'Object Repository/Mobile/Page/Login/Input Rdy - UserID'

2022-03-04 08:46:44 - [TEST_STEP][PASSED] - delay(1): Delayed 1 second(s)

2022-03-04 08:46:45 - [MESSAGE][PASSED] - Delayed 1 second(s)

2022-03-04 08:46:45 - [TEST_STEP][PASSED] - hideKeyboard(): Keyboard is hidden

2022-03-04 08:46:50 - [MESSAGE][PASSED] - Keyboard is hidden

2022-03-04 08:46:50 - [TEST_STEP][PASSED] - tap(LOGN_EdtPassword, 0): Tapped on element 'Object Repository/Mobile/Page/Login/Input - Password'

2022-03-04 08:46:50 - [MESSAGE][WARNING] - Timeout '0' is invalid. Using default page load timeout: '60'

2022-03-04 08:46:51 - [MESSAGE][PASSED] - Tapped on element 'Object Repository/Mobile/Page/Login/Input - Password'

2022-03-04 08:46:51 - [TEST_STEP][PASSED] - delay(1): Delayed 1 second(s)

2022-03-04 08:46:52 - [MESSAGE][PASSED] - Delayed 1 second(s)

2022-03-04 08:46:52 - [TEST_STEP][PASSED] - setText(LOGN_EdtRdyPassword, "Shalawa18", 0): Text 'Shalawa18' has been set to element 'Object Repository/Mobile/Page/Login/Input Rdy - Password'

2022-03-04 08:46:52 - [MESSAGE][WARNING] - Timeout '0' is invalid. Using default page load timeout: '60'

2022-03-04 08:46:52 - [MESSAGE][PASSED] - Text 'Shalawa18' has been set to element 'Object Repository/Mobile/Page/Login/Input Rdy - Password'

2022-03-04 08:46:52 - [TEST_STEP][PASSED] - delay(1): Delayed 1 second(s)

2022-03-04 08:46:53 - [MESSAGE][PASSED] - Delayed 1 second(s)

2022-03-04 08:46:53 - [TEST_STEP][PASSED] - hideKeyboard(): Keyboard is hidden

2022-03-04 08:47:00 - [MESSAGE][PASSED] - Keyboard is hidden

2022-03-04 08:47:00 - [TEST_STEP][PASSED] - tap(LOGN_BtnLogin, 0): Tapped on element 'Object Repository/Mobile/Page/Login/Button - Login'

2022-03-04 08:47:00 - [MESSAGE][WARNING] - Timeout '0' is invalid. Using default page load timeout: '60'

2022-03-04 08:47:01 - [MESSAGE][PASSED] - Tapped on element 'Object Repository/Mobile/Page/Login/Button - Login'

2022-03-04 08:47:01 - [TEST_STEP][PASSED] - delay(2): Delayed 2 second(s)

2022-03-04 08:47:03 - [MESSAGE][PASSED] - Delayed 2 second(s)

2022-03-04 08:47:03 - [TEST_STEP][PASSED] - break: null

2022-03-04 08:47:03 - [MESSAGE][PASSED] - Call Test Case 'Test Cases/Mobile/Page/Login/Login' successfully

2022-03-04 08:47:03 - [MESSAGE][PASSED] - Call Test Case 'Test Cases/Mobile/Page/CheckLogin' successfully

2022-03-04 08:47:03 - [TEST_STEP][PASSED] - tap(HOME_MenubarNews, 0): Tapped on element 'Object Repository/Mobile/Page/Home/Menubar - News'

2022-03-04 08:47:03 - [MESSAGE][WARNING] - Timeout '0' is invalid. Using default page load timeout: '60'

2022-03-04 08:47:06 - [MESSAGE][PASSED] - Tapped on element 'Object Repository/Mobile/Page/Home/Menubar - News'

2022-03-04 08:47:06 - [TEST_STEP][PASSED] - delay(1): Delayed 1 second(s)

2022-03-04 08:47:07 - [MESSAGE][PASSED] - Delayed 1 second(s)

2022-03-04 08:47:07 - [TEST_STEP][PASSED] - for ([i = 0, i < 1, (i++)]): Delayed 3 second(s)

2022-03-04 08:47:07 - [TEST_STEP][PASSED] - if (tab == "macronews"): null

2022-03-04 08:47:07 - [TEST_STEP][PASSED] - else if (tab == "stocknews"): null

2022-03-04 08:47:07 - [TEST_STEP][PASSED] - else if (tab == "fundnews"): Tapped on element 'Object Repository/Mobile/Page/News/Tab - Fund'

2022-03-04 08:47:07 - [TEST_STEP][PASSED] - tap(NEWS_TabFund, 0): Tapped on element 'Object Repository/Mobile/Page/News/Tab - Fund'

2022-03-04 08:47:07 - [MESSAGE][WARNING] - Timeout '0' is invalid. Using default page load timeout: '60'

2022-03-04 08:47:10 - [MESSAGE][PASSED] - Tapped on element 'Object Repository/Mobile/Page/News/Tab - Fund'

2022-03-04 08:47:10 - [TEST_STEP][PASSED] - delay(1): Delayed 1 second(s)

2022-03-04 08:47:11 - [MESSAGE][PASSED] - Delayed 1 second(s)

2022-03-04 08:47:11 - [TEST_STEP][PASSED] - if (tab != "worldindices"): Delayed 3 second(s)

2022-03-04 08:47:11 - [TEST_STEP][PASSED] - try: Delayed 3 second(s)

2022-03-04 08:47:11 - [TEST_STEP][PASSED] - tapAndHold(NEWS_ItemTopNews, 1, 10): Tapped and held on element 'Object Repository/Mobile/Page/News/Item - Top News' with duration 1

2022-03-04 08:47:14 - [MESSAGE][PASSED] - Tapped and held on element 'Object Repository/Mobile/Page/News/Item - Top News' with duration 1

2022-03-04 08:47:14 - [TEST_STEP][PASSED] - delay(1): Delayed 1 second(s)

2022-03-04 08:47:15 - [MESSAGE][PASSED] - Delayed 1 second(s)

2022-03-04 08:47:15 - [TEST_STEP][PASSED] - scroll.scroll.scrollScreenBottomToTop(): scroll.scroll.scrollScreenBottomToTop is PASSED

2022-03-04 08:47:15 - [MESSAGE][PASSED] - Current device physical height is 1423

2022-03-04 08:47:15 - [MESSAGE][PASSED] - Current device physical width is 720

2022-03-04 08:47:17 - [MESSAGE][PASSED] - Swiped from 360,1,138 to 360,284

2022-03-04 08:47:17 - [MESSAGE][PASSED] - scroll.scroll.scrollScreenBottomToTop is PASSED

2022-03-04 08:47:17 - [TEST_STEP][PASSED] - delay(3): Delayed 3 second(s)

2022-03-04 08:47:20 - [MESSAGE][PASSED] - Delayed 3 second(s)

2022-03-04 08:47:20 - [MESSAGE][PASSED] - Call Test Case 'Test Cases/Mobile/Page/News/News' successfully

2022-03-04 08:47:20 - [TEST_STEP][PASSED] - callTestCase(findTestCase("Mobile/Page/Run App/Terminate App"), [:], STOP_ON_FAILURE): Call Test Case 'Test Cases/Mobile/Page/Run App/Terminate App' successfully

2022-03-04 08:47:20 - [TEST_CASE][PASSED] - Test Cases/Mobile/Page/Run App/Terminate App: Test Cases/Mobile/Page/Run App/Terminate App

2022-03-04 08:47:20 - [TEST_STEP][PASSED] - startApp.OpenApp.terminateApplication(): startApp.OpenApp.terminateApplication is PASSED

2022-03-04 08:47:23 - [MESSAGE][PASSED] - Delayed 3 second(s)

2022-03-04 08:47:23 - [MESSAGE][PASSED] - Current device physical width is 720

2022-03-04 08:47:23 - [MESSAGE][PASSED] - Current device physical height is 1423

2022-03-04 08:47:25 - [MESSAGE][PASSED] - Swiped from 360,853 to 360,142

2022-03-04 08:47:26 - [MESSAGE][PASSED] - Delayed 1 second(s)

2022-03-04 08:47:27 - [MESSAGE][PASSED] - Swiped from 360,853 to 360,142

2022-03-04 08:47:30 - [MESSAGE][PASSED] - Delayed 3 second(s)

2022-03-04 08:47:30 - [MESSAGE][PASSED] - startApp.OpenApp.terminateApplication is PASSED

2022-03-04 08:47:30 - [MESSAGE][PASSED] - Call Test Case 'Test Cases/Mobile/Page/Run App/Terminate App' successfully]]></system-out>
         <system-err><![CDATA[]]></system-err>
      </testcase>
      <testcase name="Test Cases/Mobile/Scenario/News/004 - Bond News" time="63.632" classname="Test Cases/Mobile/Scenario/News/004 - Bond News" status="PASSED">
         <system-out><![CDATA[2022-03-04 08:47:30 - [TEST_CASE][PASSED] - Test Cases/Mobile/Scenario/News/004 - Bond News: Test Cases/Mobile/Scenario/News/004 - Bond News

2022-03-04 08:47:30 - [TEST_STEP][PASSED] - callTestCase(findTestCase("Mobile/Page/Run App/Run App byID"), [:], STOP_ON_FAILURE): Call Test Case 'Test Cases/Mobile/Page/Run App/Run App byID' successfully

2022-03-04 08:47:30 - [TEST_CASE][PASSED] - Test Cases/Mobile/Page/Run App/Run App byID: Test Cases/Mobile/Page/Run App/Run App byID

2022-03-04 08:47:30 - [TEST_STEP][PASSED] - startApp.OpenApp.startApplication("id.co.miraeasset.sageclub"): startApp.OpenApp.startApplication is PASSED

2022-03-04 08:47:45 - [MESSAGE][PASSED] - Starting app with application ID: 'id.co.miraeasset.sageclub'

2022-03-04 08:47:45 - [MESSAGE][PASSED] - startApp.OpenApp.startApplication is PASSED

2022-03-04 08:47:45 - [MESSAGE][PASSED] - Call Test Case 'Test Cases/Mobile/Page/Run App/Run App byID' successfully

2022-03-04 08:47:45 - [TEST_STEP][PASSED] - callTestCase(findTestCase("Mobile/Page/News/News"), ["tab":"bondnews"], CONTINUE_ON_FAILURE): Call Test Case 'Test Cases/Mobile/Page/News/News' successfully

2022-03-04 08:47:45 - [TEST_CASE][PASSED] - Test Cases/Mobile/Page/News/News: Test Cases/Mobile/Page/News/News

2022-03-04 08:47:45 - [TEST_STEP][PASSED] - callTestCase(findTestCase("Mobile/Page/CheckLogin"), [:], CONTINUE_ON_FAILURE): Call Test Case 'Test Cases/Mobile/Page/CheckLogin' successfully

2022-03-04 08:47:45 - [TEST_CASE][PASSED] - Test Cases/Mobile/Page/CheckLogin: Test Cases/Mobile/Page/CheckLogin

2022-03-04 08:47:45 - [TEST_STEP][PASSED] - loginCheck = verifyElementExist(LOGN_BtnLogin, 5, CONTINUE_ON_FAILURE): Element 'Object Repository/Mobile/Page/Login/Button - Login' is exist

2022-03-04 08:47:47 - [MESSAGE][PASSED] - Element 'Object Repository/Mobile/Page/Login/Button - Login' is exist

2022-03-04 08:47:47 - [TEST_STEP][PASSED] - if (loginCheck): Call Test Case 'Test Cases/Mobile/Page/Login/Login' successfully

2022-03-04 08:47:47 - [TEST_STEP][PASSED] - callTestCase(findTestCase("Mobile/Page/Login/Login"), ["action":"username"], CONTINUE_ON_FAILURE): Call Test Case 'Test Cases/Mobile/Page/Login/Login' successfully

2022-03-04 08:47:47 - [TEST_CASE][PASSED] - Test Cases/Mobile/Page/Login/Login: Test Cases/Mobile/Page/Login/Login

2022-03-04 08:47:47 - [TEST_STEP][PASSED] - delay(2): Delayed 2 second(s)

2022-03-04 08:47:49 - [MESSAGE][PASSED] - Delayed 2 second(s)

2022-03-04 08:47:49 - [TEST_STEP][PASSED] - for ([i = 0, i < 1, (i++)]): null

2022-03-04 08:47:49 - [TEST_STEP][PASSED] - if (action == "username"): null

2022-03-04 08:47:49 - [TEST_STEP][PASSED] - tap(LOGN_EdtUserID, 0): Tapped on element 'Object Repository/Mobile/Page/Login/Input - UserID'

2022-03-04 08:47:49 - [MESSAGE][WARNING] - Timeout '0' is invalid. Using default page load timeout: '60'

2022-03-04 08:47:50 - [MESSAGE][PASSED] - Tapped on element 'Object Repository/Mobile/Page/Login/Input - UserID'

2022-03-04 08:47:50 - [TEST_STEP][PASSED] - delay(1): Delayed 1 second(s)

2022-03-04 08:47:51 - [MESSAGE][PASSED] - Delayed 1 second(s)

2022-03-04 08:47:51 - [TEST_STEP][PASSED] - setText(LOGN_EdtRdyUserID, "anggaaditya", 0): Text 'anggaaditya' has been set to element 'Object Repository/Mobile/Page/Login/Input Rdy - UserID'

2022-03-04 08:47:51 - [MESSAGE][WARNING] - Timeout '0' is invalid. Using default page load timeout: '60'

2022-03-04 08:47:52 - [MESSAGE][PASSED] - Text 'anggaaditya' has been set to element 'Object Repository/Mobile/Page/Login/Input Rdy - UserID'

2022-03-04 08:47:52 - [TEST_STEP][PASSED] - delay(1): Delayed 1 second(s)

2022-03-04 08:47:53 - [MESSAGE][PASSED] - Delayed 1 second(s)

2022-03-04 08:47:53 - [TEST_STEP][PASSED] - hideKeyboard(): Keyboard is hidden

2022-03-04 08:47:57 - [MESSAGE][PASSED] - Keyboard is hidden

2022-03-04 08:47:57 - [TEST_STEP][PASSED] - tap(LOGN_EdtPassword, 0): Tapped on element 'Object Repository/Mobile/Page/Login/Input - Password'

2022-03-04 08:47:57 - [MESSAGE][WARNING] - Timeout '0' is invalid. Using default page load timeout: '60'

2022-03-04 08:47:57 - [MESSAGE][PASSED] - Tapped on element 'Object Repository/Mobile/Page/Login/Input - Password'

2022-03-04 08:47:57 - [TEST_STEP][PASSED] - delay(1): Delayed 1 second(s)

2022-03-04 08:47:58 - [MESSAGE][PASSED] - Delayed 1 second(s)

2022-03-04 08:47:58 - [TEST_STEP][PASSED] - setText(LOGN_EdtRdyPassword, "Shalawa18", 0): Text 'Shalawa18' has been set to element 'Object Repository/Mobile/Page/Login/Input Rdy - Password'

2022-03-04 08:47:58 - [MESSAGE][WARNING] - Timeout '0' is invalid. Using default page load timeout: '60'

2022-03-04 08:47:59 - [MESSAGE][PASSED] - Text 'Shalawa18' has been set to element 'Object Repository/Mobile/Page/Login/Input Rdy - Password'

2022-03-04 08:47:59 - [TEST_STEP][PASSED] - delay(1): Delayed 1 second(s)

2022-03-04 08:48:00 - [MESSAGE][PASSED] - Delayed 1 second(s)

2022-03-04 08:48:00 - [TEST_STEP][PASSED] - hideKeyboard(): Keyboard is hidden

2022-03-04 08:48:07 - [MESSAGE][PASSED] - Keyboard is hidden

2022-03-04 08:48:07 - [TEST_STEP][PASSED] - tap(LOGN_BtnLogin, 0): Tapped on element 'Object Repository/Mobile/Page/Login/Button - Login'

2022-03-04 08:48:07 - [MESSAGE][WARNING] - Timeout '0' is invalid. Using default page load timeout: '60'

2022-03-04 08:48:08 - [MESSAGE][PASSED] - Tapped on element 'Object Repository/Mobile/Page/Login/Button - Login'

2022-03-04 08:48:08 - [TEST_STEP][PASSED] - delay(2): Delayed 2 second(s)

2022-03-04 08:48:10 - [MESSAGE][PASSED] - Delayed 2 second(s)

2022-03-04 08:48:10 - [TEST_STEP][PASSED] - break: null

2022-03-04 08:48:10 - [MESSAGE][PASSED] - Call Test Case 'Test Cases/Mobile/Page/Login/Login' successfully

2022-03-04 08:48:10 - [MESSAGE][PASSED] - Call Test Case 'Test Cases/Mobile/Page/CheckLogin' successfully

2022-03-04 08:48:10 - [TEST_STEP][PASSED] - tap(HOME_MenubarNews, 0): Tapped on element 'Object Repository/Mobile/Page/Home/Menubar - News'

2022-03-04 08:48:10 - [MESSAGE][WARNING] - Timeout '0' is invalid. Using default page load timeout: '60'

2022-03-04 08:48:12 - [MESSAGE][PASSED] - Tapped on element 'Object Repository/Mobile/Page/Home/Menubar - News'

2022-03-04 08:48:12 - [TEST_STEP][PASSED] - delay(1): Delayed 1 second(s)

2022-03-04 08:48:13 - [MESSAGE][PASSED] - Delayed 1 second(s)

2022-03-04 08:48:13 - [TEST_STEP][PASSED] - for ([i = 0, i < 1, (i++)]): Delayed 3 second(s)

2022-03-04 08:48:13 - [TEST_STEP][PASSED] - if (tab == "macronews"): null

2022-03-04 08:48:13 - [TEST_STEP][PASSED] - else if (tab == "stocknews"): null

2022-03-04 08:48:13 - [TEST_STEP][PASSED] - else if (tab == "fundnews"): null

2022-03-04 08:48:13 - [TEST_STEP][PASSED] - else if (tab == "bondnews"): Tapped on element 'Object Repository/Mobile/Page/News/Tab - Bond'

2022-03-04 08:48:13 - [TEST_STEP][PASSED] - tap(NEWS_TabBond, 0): Tapped on element 'Object Repository/Mobile/Page/News/Tab - Bond'

2022-03-04 08:48:13 - [MESSAGE][WARNING] - Timeout '0' is invalid. Using default page load timeout: '60'

2022-03-04 08:48:14 - [MESSAGE][PASSED] - Tapped on element 'Object Repository/Mobile/Page/News/Tab - Bond'

2022-03-04 08:48:14 - [TEST_STEP][PASSED] - delay(1): Delayed 1 second(s)

2022-03-04 08:48:15 - [MESSAGE][PASSED] - Delayed 1 second(s)

2022-03-04 08:48:15 - [TEST_STEP][PASSED] - if (tab != "worldindices"): Delayed 3 second(s)

2022-03-04 08:48:15 - [TEST_STEP][PASSED] - try: Delayed 3 second(s)

2022-03-04 08:48:15 - [TEST_STEP][PASSED] - tapAndHold(NEWS_ItemTopNews, 1, 10): Tapped and held on element 'Object Repository/Mobile/Page/News/Item - Top News' with duration 1

2022-03-04 08:48:17 - [MESSAGE][PASSED] - Tapped and held on element 'Object Repository/Mobile/Page/News/Item - Top News' with duration 1

2022-03-04 08:48:17 - [TEST_STEP][PASSED] - delay(1): Delayed 1 second(s)

2022-03-04 08:48:18 - [MESSAGE][PASSED] - Delayed 1 second(s)

2022-03-04 08:48:18 - [TEST_STEP][PASSED] - scroll.scroll.scrollScreenBottomToTop(): scroll.scroll.scrollScreenBottomToTop is PASSED

2022-03-04 08:48:19 - [MESSAGE][PASSED] - Current device physical height is 1423

2022-03-04 08:48:19 - [MESSAGE][PASSED] - Current device physical width is 720

2022-03-04 08:48:20 - [MESSAGE][PASSED] - Swiped from 360,1,138 to 360,284

2022-03-04 08:48:20 - [MESSAGE][PASSED] - scroll.scroll.scrollScreenBottomToTop is PASSED

2022-03-04 08:48:20 - [TEST_STEP][PASSED] - delay(3): Delayed 3 second(s)

2022-03-04 08:48:23 - [MESSAGE][PASSED] - Delayed 3 second(s)

2022-03-04 08:48:23 - [MESSAGE][PASSED] - Call Test Case 'Test Cases/Mobile/Page/News/News' successfully

2022-03-04 08:48:23 - [TEST_STEP][PASSED] - callTestCase(findTestCase("Mobile/Page/Run App/Terminate App"), [:], STOP_ON_FAILURE): Call Test Case 'Test Cases/Mobile/Page/Run App/Terminate App' successfully

2022-03-04 08:48:23 - [TEST_CASE][PASSED] - Test Cases/Mobile/Page/Run App/Terminate App: Test Cases/Mobile/Page/Run App/Terminate App

2022-03-04 08:48:23 - [TEST_STEP][PASSED] - startApp.OpenApp.terminateApplication(): startApp.OpenApp.terminateApplication is PASSED

2022-03-04 08:48:26 - [MESSAGE][PASSED] - Delayed 3 second(s)

2022-03-04 08:48:27 - [MESSAGE][PASSED] - Current device physical width is 720

2022-03-04 08:48:27 - [MESSAGE][PASSED] - Current device physical height is 1423

2022-03-04 08:48:28 - [MESSAGE][PASSED] - Swiped from 360,853 to 360,142

2022-03-04 08:48:29 - [MESSAGE][PASSED] - Delayed 1 second(s)

2022-03-04 08:48:31 - [MESSAGE][PASSED] - Swiped from 360,853 to 360,142

2022-03-04 08:48:34 - [MESSAGE][PASSED] - Delayed 3 second(s)

2022-03-04 08:48:34 - [MESSAGE][PASSED] - startApp.OpenApp.terminateApplication is PASSED

2022-03-04 08:48:34 - [MESSAGE][PASSED] - Call Test Case 'Test Cases/Mobile/Page/Run App/Terminate App' successfully]]></system-out>
         <system-err><![CDATA[]]></system-err>
      </testcase>
      <testcase name="Test Cases/Mobile/Scenario/News/005 - Macro News" time="63.432" classname="Test Cases/Mobile/Scenario/News/005 - Macro News" status="PASSED">
         <system-out><![CDATA[2022-03-04 08:48:34 - [TEST_CASE][PASSED] - Test Cases/Mobile/Scenario/News/005 - Macro News: Test Cases/Mobile/Scenario/News/005 - Macro News

2022-03-04 08:48:34 - [TEST_STEP][PASSED] - callTestCase(findTestCase("Mobile/Page/Run App/Run App byID"), [:], STOP_ON_FAILURE): Call Test Case 'Test Cases/Mobile/Page/Run App/Run App byID' successfully

2022-03-04 08:48:34 - [TEST_CASE][PASSED] - Test Cases/Mobile/Page/Run App/Run App byID: Test Cases/Mobile/Page/Run App/Run App byID

2022-03-04 08:48:34 - [TEST_STEP][PASSED] - startApp.OpenApp.startApplication("id.co.miraeasset.sageclub"): startApp.OpenApp.startApplication is PASSED

2022-03-04 08:48:48 - [MESSAGE][PASSED] - Starting app with application ID: 'id.co.miraeasset.sageclub'

2022-03-04 08:48:48 - [MESSAGE][PASSED] - startApp.OpenApp.startApplication is PASSED

2022-03-04 08:48:48 - [MESSAGE][PASSED] - Call Test Case 'Test Cases/Mobile/Page/Run App/Run App byID' successfully

2022-03-04 08:48:48 - [TEST_STEP][PASSED] - callTestCase(findTestCase("Mobile/Page/News/News"), ["tab":"macronews"], CONTINUE_ON_FAILURE): Call Test Case 'Test Cases/Mobile/Page/News/News' successfully

2022-03-04 08:48:48 - [TEST_CASE][PASSED] - Test Cases/Mobile/Page/News/News: Test Cases/Mobile/Page/News/News

2022-03-04 08:48:48 - [TEST_STEP][PASSED] - callTestCase(findTestCase("Mobile/Page/CheckLogin"), [:], CONTINUE_ON_FAILURE): Call Test Case 'Test Cases/Mobile/Page/CheckLogin' successfully

2022-03-04 08:48:48 - [TEST_CASE][PASSED] - Test Cases/Mobile/Page/CheckLogin: Test Cases/Mobile/Page/CheckLogin

2022-03-04 08:48:48 - [TEST_STEP][PASSED] - loginCheck = verifyElementExist(LOGN_BtnLogin, 5, CONTINUE_ON_FAILURE): Element 'Object Repository/Mobile/Page/Login/Button - Login' is exist

2022-03-04 08:48:50 - [MESSAGE][PASSED] - Element 'Object Repository/Mobile/Page/Login/Button - Login' is exist

2022-03-04 08:48:50 - [TEST_STEP][PASSED] - if (loginCheck): Call Test Case 'Test Cases/Mobile/Page/Login/Login' successfully

2022-03-04 08:48:50 - [TEST_STEP][PASSED] - callTestCase(findTestCase("Mobile/Page/Login/Login"), ["action":"username"], CONTINUE_ON_FAILURE): Call Test Case 'Test Cases/Mobile/Page/Login/Login' successfully

2022-03-04 08:48:50 - [TEST_CASE][PASSED] - Test Cases/Mobile/Page/Login/Login: Test Cases/Mobile/Page/Login/Login

2022-03-04 08:48:50 - [TEST_STEP][PASSED] - delay(2): Delayed 2 second(s)

2022-03-04 08:48:52 - [MESSAGE][PASSED] - Delayed 2 second(s)

2022-03-04 08:48:52 - [TEST_STEP][PASSED] - for ([i = 0, i < 1, (i++)]): null

2022-03-04 08:48:52 - [TEST_STEP][PASSED] - if (action == "username"): null

2022-03-04 08:48:52 - [TEST_STEP][PASSED] - tap(LOGN_EdtUserID, 0): Tapped on element 'Object Repository/Mobile/Page/Login/Input - UserID'

2022-03-04 08:48:52 - [MESSAGE][WARNING] - Timeout '0' is invalid. Using default page load timeout: '60'

2022-03-04 08:48:53 - [MESSAGE][PASSED] - Tapped on element 'Object Repository/Mobile/Page/Login/Input - UserID'

2022-03-04 08:48:53 - [TEST_STEP][PASSED] - delay(1): Delayed 1 second(s)

2022-03-04 08:48:54 - [MESSAGE][PASSED] - Delayed 1 second(s)

2022-03-04 08:48:54 - [TEST_STEP][PASSED] - setText(LOGN_EdtRdyUserID, "anggaaditya", 0): Text 'anggaaditya' has been set to element 'Object Repository/Mobile/Page/Login/Input Rdy - UserID'

2022-03-04 08:48:54 - [MESSAGE][WARNING] - Timeout '0' is invalid. Using default page load timeout: '60'

2022-03-04 08:48:55 - [MESSAGE][PASSED] - Text 'anggaaditya' has been set to element 'Object Repository/Mobile/Page/Login/Input Rdy - UserID'

2022-03-04 08:48:55 - [TEST_STEP][PASSED] - delay(1): Delayed 1 second(s)

2022-03-04 08:48:56 - [MESSAGE][PASSED] - Delayed 1 second(s)

2022-03-04 08:48:56 - [TEST_STEP][PASSED] - hideKeyboard(): Keyboard is hidden

2022-03-04 08:48:59 - [MESSAGE][PASSED] - Keyboard is hidden

2022-03-04 08:48:59 - [TEST_STEP][PASSED] - tap(LOGN_EdtPassword, 0): Tapped on element 'Object Repository/Mobile/Page/Login/Input - Password'

2022-03-04 08:48:59 - [MESSAGE][WARNING] - Timeout '0' is invalid. Using default page load timeout: '60'

2022-03-04 08:49:00 - [MESSAGE][PASSED] - Tapped on element 'Object Repository/Mobile/Page/Login/Input - Password'

2022-03-04 08:49:00 - [TEST_STEP][PASSED] - delay(1): Delayed 1 second(s)

2022-03-04 08:49:01 - [MESSAGE][PASSED] - Delayed 1 second(s)

2022-03-04 08:49:01 - [TEST_STEP][PASSED] - setText(LOGN_EdtRdyPassword, "Shalawa18", 0): Text 'Shalawa18' has been set to element 'Object Repository/Mobile/Page/Login/Input Rdy - Password'

2022-03-04 08:49:01 - [MESSAGE][WARNING] - Timeout '0' is invalid. Using default page load timeout: '60'

2022-03-04 08:49:02 - [MESSAGE][PASSED] - Text 'Shalawa18' has been set to element 'Object Repository/Mobile/Page/Login/Input Rdy - Password'

2022-03-04 08:49:02 - [TEST_STEP][PASSED] - delay(1): Delayed 1 second(s)

2022-03-04 08:49:03 - [MESSAGE][PASSED] - Delayed 1 second(s)

2022-03-04 08:49:03 - [TEST_STEP][PASSED] - hideKeyboard(): Keyboard is hidden

2022-03-04 08:49:10 - [MESSAGE][PASSED] - Keyboard is hidden

2022-03-04 08:49:10 - [TEST_STEP][PASSED] - tap(LOGN_BtnLogin, 0): Tapped on element 'Object Repository/Mobile/Page/Login/Button - Login'

2022-03-04 08:49:10 - [MESSAGE][WARNING] - Timeout '0' is invalid. Using default page load timeout: '60'

2022-03-04 08:49:11 - [MESSAGE][PASSED] - Tapped on element 'Object Repository/Mobile/Page/Login/Button - Login'

2022-03-04 08:49:11 - [TEST_STEP][PASSED] - delay(2): Delayed 2 second(s)

2022-03-04 08:49:13 - [MESSAGE][PASSED] - Delayed 2 second(s)

2022-03-04 08:49:13 - [TEST_STEP][PASSED] - break: null

2022-03-04 08:49:13 - [MESSAGE][PASSED] - Call Test Case 'Test Cases/Mobile/Page/Login/Login' successfully

2022-03-04 08:49:13 - [MESSAGE][PASSED] - Call Test Case 'Test Cases/Mobile/Page/CheckLogin' successfully

2022-03-04 08:49:13 - [TEST_STEP][PASSED] - tap(HOME_MenubarNews, 0): Tapped on element 'Object Repository/Mobile/Page/Home/Menubar - News'

2022-03-04 08:49:13 - [MESSAGE][WARNING] - Timeout '0' is invalid. Using default page load timeout: '60'

2022-03-04 08:49:14 - [MESSAGE][PASSED] - Tapped on element 'Object Repository/Mobile/Page/Home/Menubar - News'

2022-03-04 08:49:14 - [TEST_STEP][PASSED] - delay(1): Delayed 1 second(s)

2022-03-04 08:49:15 - [MESSAGE][PASSED] - Delayed 1 second(s)

2022-03-04 08:49:15 - [TEST_STEP][PASSED] - for ([i = 0, i < 1, (i++)]): Delayed 3 second(s)

2022-03-04 08:49:15 - [TEST_STEP][PASSED] - if (tab == "macronews"): Tapped on element 'Object Repository/Mobile/Page/News/Tab - Macro'

2022-03-04 08:49:15 - [TEST_STEP][PASSED] - tap(NEWS_TabMacro, 0): Tapped on element 'Object Repository/Mobile/Page/News/Tab - Macro'

2022-03-04 08:49:15 - [MESSAGE][WARNING] - Timeout '0' is invalid. Using default page load timeout: '60'

2022-03-04 08:49:17 - [MESSAGE][PASSED] - Tapped on element 'Object Repository/Mobile/Page/News/Tab - Macro'

2022-03-04 08:49:17 - [TEST_STEP][PASSED] - delay(1): Delayed 1 second(s)

2022-03-04 08:49:18 - [MESSAGE][PASSED] - Delayed 1 second(s)

2022-03-04 08:49:18 - [TEST_STEP][PASSED] - if (tab != "worldindices"): Delayed 3 second(s)

2022-03-04 08:49:18 - [TEST_STEP][PASSED] - try: Delayed 3 second(s)

2022-03-04 08:49:18 - [TEST_STEP][PASSED] - tapAndHold(NEWS_ItemTopNews, 1, 10): Tapped and held on element 'Object Repository/Mobile/Page/News/Item - Top News' with duration 1

2022-03-04 08:49:21 - [MESSAGE][PASSED] - Tapped and held on element 'Object Repository/Mobile/Page/News/Item - Top News' with duration 1

2022-03-04 08:49:21 - [TEST_STEP][PASSED] - delay(1): Delayed 1 second(s)

2022-03-04 08:49:22 - [MESSAGE][PASSED] - Delayed 1 second(s)

2022-03-04 08:49:22 - [TEST_STEP][PASSED] - scroll.scroll.scrollScreenBottomToTop(): scroll.scroll.scrollScreenBottomToTop is PASSED

2022-03-04 08:49:22 - [MESSAGE][PASSED] - Current device physical height is 1423

2022-03-04 08:49:22 - [MESSAGE][PASSED] - Current device physical width is 720

2022-03-04 08:49:24 - [MESSAGE][PASSED] - Swiped from 360,1,138 to 360,284

2022-03-04 08:49:24 - [MESSAGE][PASSED] - scroll.scroll.scrollScreenBottomToTop is PASSED

2022-03-04 08:49:24 - [TEST_STEP][PASSED] - delay(3): Delayed 3 second(s)

2022-03-04 08:49:27 - [MESSAGE][PASSED] - Delayed 3 second(s)

2022-03-04 08:49:27 - [MESSAGE][PASSED] - Call Test Case 'Test Cases/Mobile/Page/News/News' successfully

2022-03-04 08:49:27 - [TEST_STEP][PASSED] - callTestCase(findTestCase("Mobile/Page/Run App/Terminate App"), [:], STOP_ON_FAILURE): Call Test Case 'Test Cases/Mobile/Page/Run App/Terminate App' successfully

2022-03-04 08:49:27 - [TEST_CASE][PASSED] - Test Cases/Mobile/Page/Run App/Terminate App: Test Cases/Mobile/Page/Run App/Terminate App

2022-03-04 08:49:27 - [TEST_STEP][PASSED] - startApp.OpenApp.terminateApplication(): startApp.OpenApp.terminateApplication is PASSED

2022-03-04 08:49:30 - [MESSAGE][PASSED] - Delayed 3 second(s)

2022-03-04 08:49:30 - [MESSAGE][PASSED] - Current device physical width is 720

2022-03-04 08:49:30 - [MESSAGE][PASSED] - Current device physical height is 1423

2022-03-04 08:49:32 - [MESSAGE][PASSED] - Swiped from 360,853 to 360,142

2022-03-04 08:49:33 - [MESSAGE][PASSED] - Delayed 1 second(s)

2022-03-04 08:49:34 - [MESSAGE][PASSED] - Swiped from 360,853 to 360,142

2022-03-04 08:49:37 - [MESSAGE][PASSED] - Delayed 3 second(s)

2022-03-04 08:49:37 - [MESSAGE][PASSED] - startApp.OpenApp.terminateApplication is PASSED

2022-03-04 08:49:37 - [MESSAGE][PASSED] - Call Test Case 'Test Cases/Mobile/Page/Run App/Terminate App' successfully]]></system-out>
         <system-err><![CDATA[]]></system-err>
      </testcase>
      <system-out><![CDATA[2022-03-04 08:43:46 - [TEST_SUITE][PASSED] - news: Test Cases/Mobile/Scenario/News/005 - Macro News]]></system-out>
      <system-err><![CDATA[]]></system-err>
   </testsuite>
</testsuites>
