<?xml version="1.0" encoding="UTF-8"?>
<testsuites name="portfolio" time="1180.498" tests="19" failures="0" skips="0" errors="0">
   <testsuite name="portfolio" tests="19" failures="0" errors="0" time="1180.498" skips="0" timestamp="2022-02-23 13:32:13" hostname="Owner - aldy-tft" id="Test Suites/portfolio">
      <properties>
         <property name="deviceName" value="samsung SM-A205F (Android 11)"/>
         <property name="devicePlatform" value=""/>
         <property name="logFolder" value="C:\\Users\\Owner\\Documents\\kerjaan\\KatalonProject\\qa_katalon_pwm\\qa_katalon_pwm\\Reports\\20220223_125403\\portfolio\\20220223_125423"/>
         <property name="logFiles" value="C:\\Users\\Owner\\Documents\\kerjaan\\KatalonProject\\qa_katalon_pwm\\qa_katalon_pwm\\Reports\\20220223_125403\\portfolio\\20220223_125423\\appium.log, C:\\Users\\Owner\\Documents\\kerjaan\\KatalonProject\\qa_katalon_pwm\\qa_katalon_pwm\\Reports\\20220223_125403\\portfolio\\20220223_125423\\execution0.log"/>
         <property name="attachments" value=""/>
         <property name="hostName" value="Owner - aldy-tft"/>
         <property name="os" value="Windows 10 64bit"/>
         <property name="appiumServerStatus" value="{&quot;value&quot;:{&quot;build&quot;:{&quot;version&quot;:&quot;1.22.0&quot;}},&quot;sessionId&quot;:null,&quot;status&quot;:0}"/>
         <property name="katalonVersion" value="7.9.1.208"/>
         <property name="deviceOS" value="Android"/>
         <property name="appiumVersion" value="1.22.0"/>
         <property name="deviceModel" value="SM-A205F"/>
         <property name="hostAddress" value="192.168.100.14"/>
         <property name="deviceManufacturer" value="samsung"/>
         <property name="deviceId" value="RR8M40C9AXE"/>
         <property name="deviceName" value="samsung SM-A205F (Android 11)"/>
         <property name="deviceOSVersion" value="11"/>
      </properties>
      <testcase name="Test Cases/Mobile/Scenario/Portfolio/001 - Summary" time="71.003" classname="Test Cases/Mobile/Scenario/Portfolio/001 - Summary" status="PASSED">
         <system-out><![CDATA[2022-02-23 13:32:13 - [TEST_CASE][PASSED] - Test Cases/Mobile/Scenario/Portfolio/001 - Summary: Test Cases/Mobile/Scenario/Portfolio/001 - Summary

2022-02-23 13:32:14 - [TEST_STEP][PASSED] - callTestCase(findTestCase("Mobile/Page/Run App/Run App byID"), [:], STOP_ON_FAILURE): Call Test Case 'Test Cases/Mobile/Page/Run App/Run App byID' successfully

2022-02-23 13:32:14 - [TEST_CASE][PASSED] - Test Cases/Mobile/Page/Run App/Run App byID: Test Cases/Mobile/Page/Run App/Run App byID

2022-02-23 13:32:14 - [TEST_STEP][PASSED] - startApp.OpenApp.startApplication("id.co.miraeasset.sageclub"): startApp.OpenApp.startApplication is PASSED

2022-02-23 13:32:16 - [MESSAGE][INFO] - Appium server started on port 56,788

2022-02-23 13:32:30 - [MESSAGE][PASSED] - Starting app with application ID: 'id.co.miraeasset.sageclub'

2022-02-23 13:32:30 - [MESSAGE][PASSED] - startApp.OpenApp.startApplication is PASSED

2022-02-23 13:32:30 - [MESSAGE][PASSED] - Call Test Case 'Test Cases/Mobile/Page/Run App/Run App byID' successfully

2022-02-23 13:32:30 - [TEST_STEP][PASSED] - callTestCase(findTestCase("Mobile/Page/Portfolio/Portfolio"), ["tab":"summary", "action":"summary"], CONTINUE_ON_FAILURE): Call Test Case 'Test Cases/Mobile/Page/Portfolio/Portfolio' successfully

2022-02-23 13:32:30 - [TEST_CASE][PASSED] - Test Cases/Mobile/Page/Portfolio/Portfolio: Test Cases/Mobile/Page/Portfolio/Portfolio

2022-02-23 13:32:30 - [TEST_STEP][PASSED] - callTestCase(findTestCase("Mobile/Page/CheckLogin"), [:], CONTINUE_ON_FAILURE): Call Test Case 'Test Cases/Mobile/Page/CheckLogin' successfully

2022-02-23 13:32:30 - [TEST_CASE][PASSED] - Test Cases/Mobile/Page/CheckLogin: Test Cases/Mobile/Page/CheckLogin

2022-02-23 13:32:30 - [TEST_STEP][PASSED] - loginCheck = verifyElementExist(LOGN_BtnLogin, 5, CONTINUE_ON_FAILURE): Element 'Object Repository/Mobile/Page/Login/Button - Login' is exist

2022-02-23 13:32:31 - [MESSAGE][WARNING] - Test object with id 'Object Repository/Mobile/Page/Analysis/Button - Open With Just Once' does not exist

2022-02-23 13:32:31 - [MESSAGE][WARNING] - Test object with id 'Object Repository/Mobile/Page/Analysis/Button - Search' does not exist

2022-02-23 13:32:32 - [MESSAGE][WARNING] - Test object with id 'Object Repository/Mobile/Page/Home/Button -  Add Watchlist' does not exist

2022-02-23 13:32:32 - [MESSAGE][WARNING] - Test object with id 'Object Repository/Mobile/Page/Home/Button - Open with Just Once' does not exist

2022-02-23 13:32:32 - [MESSAGE][WARNING] - Test object with id 'Object Repository/Mobile/Page/Home/Container - Notification' does not exist

2022-02-23 13:32:33 - [MESSAGE][WARNING] - Test object with id 'Object Repository/Mobile/Page/Home/Watchlist/Input - Search' does not exist

2022-02-23 13:32:33 - [MESSAGE][WARNING] - Test object with id 'Object Repository/Mobile/Page/Home/Watchlist/Item - Top Search' does not exist

2022-02-23 13:32:33 - [MESSAGE][WARNING] - Test object with id 'Object Repository/Mobile/Page/Home/Watchlist/Detail Watchlist/Input - Expiry Date' does not exist

2022-02-23 13:32:33 - [MESSAGE][WARNING] - Test object with id 'Object Repository/Mobile/Page/Home/Watchlist/Detail Watchlist/Item - Watchlist' does not exist

2022-02-23 13:32:34 - [MESSAGE][WARNING] - Test object with id 'Object Repository/Mobile/Page/NavigationMenu/Button - Open Just Once' does not exist

2022-02-23 13:32:34 - [MESSAGE][WARNING] - Test object with id 'Object Repository/Mobile/Page/NavigationMenu/Container - Logout' does not exist

2022-02-23 13:32:38 - [MESSAGE][WARNING] - Test object with id 'Object Repository/Mobile/Page/Analysis/Button - Open With Just Once' does not exist

2022-02-23 13:32:38 - [MESSAGE][WARNING] - Test object with id 'Object Repository/Mobile/Page/Analysis/Button - Search' does not exist

2022-02-23 13:32:39 - [MESSAGE][WARNING] - Test object with id 'Object Repository/Mobile/Page/Home/Button -  Add Watchlist' does not exist

2022-02-23 13:32:39 - [MESSAGE][WARNING] - Test object with id 'Object Repository/Mobile/Page/Home/Button - Open with Just Once' does not exist

2022-02-23 13:32:39 - [MESSAGE][WARNING] - Test object with id 'Object Repository/Mobile/Page/Home/Container - Notification' does not exist

2022-02-23 13:32:40 - [MESSAGE][WARNING] - Test object with id 'Object Repository/Mobile/Page/Home/Watchlist/Input - Search' does not exist

2022-02-23 13:32:40 - [MESSAGE][WARNING] - Test object with id 'Object Repository/Mobile/Page/Home/Watchlist/Item - Top Search' does not exist

2022-02-23 13:32:40 - [MESSAGE][WARNING] - Test object with id 'Object Repository/Mobile/Page/Home/Watchlist/Detail Watchlist/Input - Expiry Date' does not exist

2022-02-23 13:32:40 - [MESSAGE][WARNING] - Test object with id 'Object Repository/Mobile/Page/Home/Watchlist/Detail Watchlist/Item - Watchlist' does not exist

2022-02-23 13:32:41 - [MESSAGE][WARNING] - Test object with id 'Object Repository/Mobile/Page/NavigationMenu/Button - Open Just Once' does not exist

2022-02-23 13:32:41 - [MESSAGE][WARNING] - Test object with id 'Object Repository/Mobile/Page/NavigationMenu/Container - Logout' does not exist

2022-02-23 13:32:46 - [MESSAGE][PASSED] - Element 'Object Repository/Mobile/Page/Login/Button - Login' is exist

2022-02-23 13:32:46 - [TEST_STEP][PASSED] - if (loginCheck): Call Test Case 'Test Cases/Mobile/Page/Login/Login' successfully

2022-02-23 13:32:46 - [TEST_STEP][PASSED] - callTestCase(findTestCase("Mobile/Page/Login/Login"), ["action":"username"], CONTINUE_ON_FAILURE): Call Test Case 'Test Cases/Mobile/Page/Login/Login' successfully

2022-02-23 13:32:46 - [TEST_CASE][PASSED] - Test Cases/Mobile/Page/Login/Login: Test Cases/Mobile/Page/Login/Login

2022-02-23 13:32:46 - [TEST_STEP][PASSED] - delay(2): Delayed 2 second(s)

2022-02-23 13:32:48 - [MESSAGE][PASSED] - Delayed 2 second(s)

2022-02-23 13:32:48 - [TEST_STEP][PASSED] - for ([i = 0, i < 1, (i++)]): null

2022-02-23 13:32:48 - [TEST_STEP][PASSED] - if (action == "username"): null

2022-02-23 13:32:48 - [TEST_STEP][PASSED] - tap(LOGN_EdtUserID, 0): Tapped on element 'Object Repository/Mobile/Page/Login/Input - UserID'

2022-02-23 13:32:48 - [MESSAGE][WARNING] - Timeout '0' is invalid. Using default page load timeout: '60'

2022-02-23 13:32:49 - [MESSAGE][PASSED] - Tapped on element 'Object Repository/Mobile/Page/Login/Input - UserID'

2022-02-23 13:32:49 - [TEST_STEP][PASSED] - delay(1): Delayed 1 second(s)

2022-02-23 13:32:50 - [MESSAGE][PASSED] - Delayed 1 second(s)

2022-02-23 13:32:50 - [TEST_STEP][PASSED] - setText(LOGN_EdtRdyUserID, "anggaaditya", 0): Text 'anggaaditya' has been set to element 'Object Repository/Mobile/Page/Login/Input Rdy - UserID'

2022-02-23 13:32:50 - [MESSAGE][WARNING] - Timeout '0' is invalid. Using default page load timeout: '60'

2022-02-23 13:32:50 - [MESSAGE][PASSED] - Text 'anggaaditya' has been set to element 'Object Repository/Mobile/Page/Login/Input Rdy - UserID'

2022-02-23 13:32:50 - [TEST_STEP][PASSED] - delay(1): Delayed 1 second(s)

2022-02-23 13:32:51 - [MESSAGE][PASSED] - Delayed 1 second(s)

2022-02-23 13:32:51 - [TEST_STEP][PASSED] - hideKeyboard(): Keyboard is hidden

2022-02-23 13:32:55 - [MESSAGE][PASSED] - Keyboard is hidden

2022-02-23 13:32:55 - [TEST_STEP][PASSED] - tap(LOGN_EdtPassword, 0): Tapped on element 'Object Repository/Mobile/Page/Login/Input - Password'

2022-02-23 13:32:55 - [MESSAGE][WARNING] - Timeout '0' is invalid. Using default page load timeout: '60'

2022-02-23 13:32:55 - [MESSAGE][PASSED] - Tapped on element 'Object Repository/Mobile/Page/Login/Input - Password'

2022-02-23 13:32:55 - [TEST_STEP][PASSED] - delay(1): Delayed 1 second(s)

2022-02-23 13:32:56 - [MESSAGE][PASSED] - Delayed 1 second(s)

2022-02-23 13:32:56 - [TEST_STEP][PASSED] - setText(LOGN_EdtRdyPassword, "Shalawa18", 0): Text 'Shalawa18' has been set to element 'Object Repository/Mobile/Page/Login/Input Rdy - Password'

2022-02-23 13:32:56 - [MESSAGE][WARNING] - Timeout '0' is invalid. Using default page load timeout: '60'

2022-02-23 13:32:57 - [MESSAGE][PASSED] - Text 'Shalawa18' has been set to element 'Object Repository/Mobile/Page/Login/Input Rdy - Password'

2022-02-23 13:32:57 - [TEST_STEP][PASSED] - delay(1): Delayed 1 second(s)

2022-02-23 13:32:58 - [MESSAGE][PASSED] - Delayed 1 second(s)

2022-02-23 13:32:58 - [TEST_STEP][PASSED] - hideKeyboard(): Keyboard is hidden

2022-02-23 13:33:04 - [MESSAGE][PASSED] - Keyboard is hidden

2022-02-23 13:33:04 - [TEST_STEP][PASSED] - tap(LOGN_BtnLogin, 0): Tapped on element 'Object Repository/Mobile/Page/Login/Button - Login'

2022-02-23 13:33:04 - [MESSAGE][WARNING] - Timeout '0' is invalid. Using default page load timeout: '60'

2022-02-23 13:33:06 - [MESSAGE][PASSED] - Tapped on element 'Object Repository/Mobile/Page/Login/Button - Login'

2022-02-23 13:33:06 - [TEST_STEP][PASSED] - delay(2): Delayed 2 second(s)

2022-02-23 13:33:08 - [MESSAGE][PASSED] - Delayed 2 second(s)

2022-02-23 13:33:08 - [TEST_STEP][PASSED] - break: null

2022-02-23 13:33:08 - [MESSAGE][PASSED] - Call Test Case 'Test Cases/Mobile/Page/Login/Login' successfully

2022-02-23 13:33:08 - [MESSAGE][PASSED] - Call Test Case 'Test Cases/Mobile/Page/CheckLogin' successfully

2022-02-23 13:33:08 - [TEST_STEP][PASSED] - tap(HOME_MenubarPortfolio, 0): Tapped on element 'Object Repository/Mobile/Page/Home/Menubar - Portfolio'

2022-02-23 13:33:08 - [MESSAGE][WARNING] - Timeout '0' is invalid. Using default page load timeout: '60'

2022-02-23 13:33:10 - [MESSAGE][PASSED] - Tapped on element 'Object Repository/Mobile/Page/Home/Menubar - Portfolio'

2022-02-23 13:33:10 - [TEST_STEP][PASSED] - delay(1): Delayed 1 second(s)

2022-02-23 13:33:11 - [MESSAGE][PASSED] - Delayed 1 second(s)

2022-02-23 13:33:11 - [TEST_STEP][PASSED] - for ([i = 0, i < 1, (i++)]): null

2022-02-23 13:33:11 - [TEST_STEP][PASSED] - if (tab == "summary"): null

2022-02-23 13:33:11 - [TEST_STEP][PASSED] - idr = PORT_BtnIDR: null

2022-02-23 13:33:11 - [TEST_STEP][PASSED] - persen = PORT_BtnPersen: null

2022-02-23 13:33:11 - [TEST_STEP][PASSED] - if (action == "summary"): Delayed 3 second(s)

2022-02-23 13:33:11 - [TEST_STEP][PASSED] - delay(3): Delayed 3 second(s)

2022-02-23 13:33:14 - [MESSAGE][PASSED] - Delayed 3 second(s)

2022-02-23 13:33:14 - [TEST_STEP][PASSED] - if (action != "summary"): null

2022-02-23 13:33:14 - [MESSAGE][PASSED] - Call Test Case 'Test Cases/Mobile/Page/Portfolio/Portfolio' successfully

2022-02-23 13:33:14 - [TEST_STEP][PASSED] - callTestCase(findTestCase("Mobile/Page/Run App/Terminate App"), [:], STOP_ON_FAILURE): Call Test Case 'Test Cases/Mobile/Page/Run App/Terminate App' successfully

2022-02-23 13:33:14 - [TEST_CASE][PASSED] - Test Cases/Mobile/Page/Run App/Terminate App: Test Cases/Mobile/Page/Run App/Terminate App

2022-02-23 13:33:14 - [TEST_STEP][PASSED] - startApp.OpenApp.terminateApplication(): startApp.OpenApp.terminateApplication is PASSED

2022-02-23 13:33:17 - [MESSAGE][PASSED] - Delayed 3 second(s)

2022-02-23 13:33:17 - [MESSAGE][PASSED] - Current device physical width is 720

2022-02-23 13:33:18 - [MESSAGE][PASSED] - Current device physical height is 1423

2022-02-23 13:33:19 - [MESSAGE][PASSED] - Swiped from 360,853 to 360,142

2022-02-23 13:33:20 - [MESSAGE][PASSED] - Delayed 1 second(s)

2022-02-23 13:33:21 - [MESSAGE][PASSED] - Swiped from 360,853 to 360,142

2022-02-23 13:33:24 - [MESSAGE][PASSED] - Delayed 3 second(s)

2022-02-23 13:33:24 - [MESSAGE][PASSED] - startApp.OpenApp.terminateApplication is PASSED

2022-02-23 13:33:24 - [MESSAGE][PASSED] - Call Test Case 'Test Cases/Mobile/Page/Run App/Terminate App' successfully]]></system-out>
         <system-err><![CDATA[]]></system-err>
      </testcase>
      <testcase name="Test Cases/Mobile/Scenario/Portfolio/002 - Portfolio Performance Daily IDR" time="61.581" classname="Test Cases/Mobile/Scenario/Portfolio/002 - Portfolio Performance Daily IDR" status="PASSED">
         <system-out><![CDATA[2022-02-23 13:33:24 - [TEST_CASE][PASSED] - Test Cases/Mobile/Scenario/Portfolio/002 - Portfolio Performance Daily IDR: Test Cases/Mobile/Scenario/Portfolio/002 - Portfolio Performance Daily IDR

2022-02-23 13:33:24 - [TEST_STEP][PASSED] - callTestCase(findTestCase("Mobile/Page/Run App/Run App byID"), [:], STOP_ON_FAILURE): Call Test Case 'Test Cases/Mobile/Page/Run App/Run App byID' successfully

2022-02-23 13:33:25 - [TEST_CASE][PASSED] - Test Cases/Mobile/Page/Run App/Run App byID: Test Cases/Mobile/Page/Run App/Run App byID

2022-02-23 13:33:25 - [TEST_STEP][PASSED] - startApp.OpenApp.startApplication("id.co.miraeasset.sageclub"): startApp.OpenApp.startApplication is PASSED

2022-02-23 13:33:36 - [MESSAGE][PASSED] - Starting app with application ID: 'id.co.miraeasset.sageclub'

2022-02-23 13:33:36 - [MESSAGE][PASSED] - startApp.OpenApp.startApplication is PASSED

2022-02-23 13:33:36 - [MESSAGE][PASSED] - Call Test Case 'Test Cases/Mobile/Page/Run App/Run App byID' successfully

2022-02-23 13:33:36 - [TEST_STEP][PASSED] - callTestCase(findTestCase("Mobile/Page/Portfolio/Portfolio"), ["tab":"summary", "action":"perf_daily", "action2":"idr"], CONTINUE_ON_FAILURE): Call Test Case 'Test Cases/Mobile/Page/Portfolio/Portfolio' successfully

2022-02-23 13:33:36 - [TEST_CASE][PASSED] - Test Cases/Mobile/Page/Portfolio/Portfolio: Test Cases/Mobile/Page/Portfolio/Portfolio

2022-02-23 13:33:36 - [TEST_STEP][PASSED] - callTestCase(findTestCase("Mobile/Page/CheckLogin"), [:], CONTINUE_ON_FAILURE): Call Test Case 'Test Cases/Mobile/Page/CheckLogin' successfully

2022-02-23 13:33:36 - [TEST_CASE][PASSED] - Test Cases/Mobile/Page/CheckLogin: Test Cases/Mobile/Page/CheckLogin

2022-02-23 13:33:36 - [TEST_STEP][PASSED] - loginCheck = verifyElementExist(LOGN_BtnLogin, 5, CONTINUE_ON_FAILURE): Element 'Object Repository/Mobile/Page/Login/Button - Login' is exist

2022-02-23 13:33:40 - [MESSAGE][PASSED] - Element 'Object Repository/Mobile/Page/Login/Button - Login' is exist

2022-02-23 13:33:40 - [TEST_STEP][PASSED] - if (loginCheck): Call Test Case 'Test Cases/Mobile/Page/Login/Login' successfully

2022-02-23 13:33:40 - [TEST_STEP][PASSED] - callTestCase(findTestCase("Mobile/Page/Login/Login"), ["action":"username"], CONTINUE_ON_FAILURE): Call Test Case 'Test Cases/Mobile/Page/Login/Login' successfully

2022-02-23 13:33:40 - [TEST_CASE][PASSED] - Test Cases/Mobile/Page/Login/Login: Test Cases/Mobile/Page/Login/Login

2022-02-23 13:33:40 - [TEST_STEP][PASSED] - delay(2): Delayed 2 second(s)

2022-02-23 13:33:42 - [MESSAGE][PASSED] - Delayed 2 second(s)

2022-02-23 13:33:42 - [TEST_STEP][PASSED] - for ([i = 0, i < 1, (i++)]): null

2022-02-23 13:33:42 - [TEST_STEP][PASSED] - if (action == "username"): null

2022-02-23 13:33:42 - [TEST_STEP][PASSED] - tap(LOGN_EdtUserID, 0): Tapped on element 'Object Repository/Mobile/Page/Login/Input - UserID'

2022-02-23 13:33:42 - [MESSAGE][WARNING] - Timeout '0' is invalid. Using default page load timeout: '60'

2022-02-23 13:33:43 - [MESSAGE][PASSED] - Tapped on element 'Object Repository/Mobile/Page/Login/Input - UserID'

2022-02-23 13:33:43 - [TEST_STEP][PASSED] - delay(1): Delayed 1 second(s)

2022-02-23 13:33:44 - [MESSAGE][PASSED] - Delayed 1 second(s)

2022-02-23 13:33:44 - [TEST_STEP][PASSED] - setText(LOGN_EdtRdyUserID, "anggaaditya", 0): Text 'anggaaditya' has been set to element 'Object Repository/Mobile/Page/Login/Input Rdy - UserID'

2022-02-23 13:33:44 - [MESSAGE][WARNING] - Timeout '0' is invalid. Using default page load timeout: '60'

2022-02-23 13:33:44 - [MESSAGE][PASSED] - Text 'anggaaditya' has been set to element 'Object Repository/Mobile/Page/Login/Input Rdy - UserID'

2022-02-23 13:33:44 - [TEST_STEP][PASSED] - delay(1): Delayed 1 second(s)

2022-02-23 13:33:45 - [MESSAGE][PASSED] - Delayed 1 second(s)

2022-02-23 13:33:45 - [TEST_STEP][PASSED] - hideKeyboard(): Keyboard is hidden

2022-02-23 13:33:49 - [MESSAGE][PASSED] - Keyboard is hidden

2022-02-23 13:33:49 - [TEST_STEP][PASSED] - tap(LOGN_EdtPassword, 0): Tapped on element 'Object Repository/Mobile/Page/Login/Input - Password'

2022-02-23 13:33:49 - [MESSAGE][WARNING] - Timeout '0' is invalid. Using default page load timeout: '60'

2022-02-23 13:33:49 - [MESSAGE][PASSED] - Tapped on element 'Object Repository/Mobile/Page/Login/Input - Password'

2022-02-23 13:33:49 - [TEST_STEP][PASSED] - delay(1): Delayed 1 second(s)

2022-02-23 13:33:50 - [MESSAGE][PASSED] - Delayed 1 second(s)

2022-02-23 13:33:50 - [TEST_STEP][PASSED] - setText(LOGN_EdtRdyPassword, "Shalawa18", 0): Text 'Shalawa18' has been set to element 'Object Repository/Mobile/Page/Login/Input Rdy - Password'

2022-02-23 13:33:50 - [MESSAGE][WARNING] - Timeout '0' is invalid. Using default page load timeout: '60'

2022-02-23 13:33:51 - [MESSAGE][PASSED] - Text 'Shalawa18' has been set to element 'Object Repository/Mobile/Page/Login/Input Rdy - Password'

2022-02-23 13:33:51 - [TEST_STEP][PASSED] - delay(1): Delayed 1 second(s)

2022-02-23 13:33:52 - [MESSAGE][PASSED] - Delayed 1 second(s)

2022-02-23 13:33:52 - [TEST_STEP][PASSED] - hideKeyboard(): Keyboard is hidden

2022-02-23 13:33:58 - [MESSAGE][PASSED] - Keyboard is hidden

2022-02-23 13:33:58 - [TEST_STEP][PASSED] - tap(LOGN_BtnLogin, 0): Tapped on element 'Object Repository/Mobile/Page/Login/Button - Login'

2022-02-23 13:33:58 - [MESSAGE][WARNING] - Timeout '0' is invalid. Using default page load timeout: '60'

2022-02-23 13:33:59 - [MESSAGE][PASSED] - Tapped on element 'Object Repository/Mobile/Page/Login/Button - Login'

2022-02-23 13:33:59 - [TEST_STEP][PASSED] - delay(2): Delayed 2 second(s)

2022-02-23 13:34:01 - [MESSAGE][PASSED] - Delayed 2 second(s)

2022-02-23 13:34:01 - [TEST_STEP][PASSED] - break: null

2022-02-23 13:34:01 - [MESSAGE][PASSED] - Call Test Case 'Test Cases/Mobile/Page/Login/Login' successfully

2022-02-23 13:34:01 - [MESSAGE][PASSED] - Call Test Case 'Test Cases/Mobile/Page/CheckLogin' successfully

2022-02-23 13:34:01 - [TEST_STEP][PASSED] - tap(HOME_MenubarPortfolio, 0): Tapped on element 'Object Repository/Mobile/Page/Home/Menubar - Portfolio'

2022-02-23 13:34:01 - [MESSAGE][WARNING] - Timeout '0' is invalid. Using default page load timeout: '60'

2022-02-23 13:34:03 - [MESSAGE][PASSED] - Tapped on element 'Object Repository/Mobile/Page/Home/Menubar - Portfolio'

2022-02-23 13:34:03 - [TEST_STEP][PASSED] - delay(1): Delayed 1 second(s)

2022-02-23 13:34:04 - [MESSAGE][PASSED] - Delayed 1 second(s)

2022-02-23 13:34:04 - [TEST_STEP][PASSED] - for ([i = 0, i < 1, (i++)]): Delayed 3 second(s)

2022-02-23 13:34:04 - [TEST_STEP][PASSED] - if (tab == "summary"): Delayed 3 second(s)

2022-02-23 13:34:04 - [TEST_STEP][PASSED] - idr = PORT_BtnIDR: null

2022-02-23 13:34:04 - [TEST_STEP][PASSED] - persen = PORT_BtnPersen: null

2022-02-23 13:34:04 - [TEST_STEP][PASSED] - if (action == "summary"): null

2022-02-23 13:34:04 - [TEST_STEP][PASSED] - else if (action == "perf_daily"): scroll.scroll.scrollScreenBottomToTop is PASSED

2022-02-23 13:34:04 - [TEST_STEP][PASSED] - scroll.scroll.scrollScreenBottomToTop(): scroll.scroll.scrollScreenBottomToTop is PASSED

2022-02-23 13:34:04 - [MESSAGE][PASSED] - Current device physical height is 1423

2022-02-23 13:34:04 - [MESSAGE][PASSED] - Current device physical width is 720

2022-02-23 13:34:05 - [MESSAGE][PASSED] - Swiped from 360,1,138 to 360,284

2022-02-23 13:34:05 - [MESSAGE][PASSED] - scroll.scroll.scrollScreenBottomToTop is PASSED

2022-02-23 13:34:05 - [TEST_STEP][PASSED] - if (action != "summary"): Delayed 3 second(s)

2022-02-23 13:34:05 - [TEST_STEP][PASSED] - delay(1): Delayed 1 second(s)

2022-02-23 13:34:06 - [MESSAGE][PASSED] - Delayed 1 second(s)

2022-02-23 13:34:06 - [TEST_STEP][PASSED] - scroll.scroll.scrollScreenBottomToTop(): scroll.scroll.scrollScreenBottomToTop is PASSED

2022-02-23 13:34:06 - [MESSAGE][PASSED] - Current device physical height is 1423

2022-02-23 13:34:07 - [MESSAGE][PASSED] - Current device physical width is 720

2022-02-23 13:34:08 - [MESSAGE][PASSED] - Swiped from 360,1,138 to 360,284

2022-02-23 13:34:08 - [MESSAGE][PASSED] - scroll.scroll.scrollScreenBottomToTop is PASSED

2022-02-23 13:34:08 - [TEST_STEP][PASSED] - scroll.scroll.scrollScreenBottomToTop(): scroll.scroll.scrollScreenBottomToTop is PASSED

2022-02-23 13:34:08 - [MESSAGE][PASSED] - Current device physical height is 1423

2022-02-23 13:34:08 - [MESSAGE][PASSED] - Current device physical width is 720

2022-02-23 13:34:09 - [MESSAGE][PASSED] - Swiped from 360,1,138 to 360,284

2022-02-23 13:34:09 - [MESSAGE][PASSED] - scroll.scroll.scrollScreenBottomToTop is PASSED

2022-02-23 13:34:09 - [TEST_STEP][PASSED] - delay(3): Delayed 3 second(s)

2022-02-23 13:34:12 - [MESSAGE][PASSED] - Delayed 3 second(s)

2022-02-23 13:34:12 - [TEST_STEP][PASSED] - if (action2 == "idr"): Delayed 3 second(s)

2022-02-23 13:34:12 - [TEST_STEP][PASSED] - tap(idr, 10): Tapped on element 'Object Repository/Mobile/Page/Portfolio/Button - IDR'

2022-02-23 13:34:13 - [MESSAGE][PASSED] - Tapped on element 'Object Repository/Mobile/Page/Portfolio/Button - IDR'

2022-02-23 13:34:13 - [TEST_STEP][PASSED] - delay(3): Delayed 3 second(s)

2022-02-23 13:34:16 - [MESSAGE][PASSED] - Delayed 3 second(s)

2022-02-23 13:34:16 - [MESSAGE][PASSED] - Call Test Case 'Test Cases/Mobile/Page/Portfolio/Portfolio' successfully

2022-02-23 13:34:16 - [TEST_STEP][PASSED] - callTestCase(findTestCase("Mobile/Page/Run App/Terminate App"), [:], STOP_ON_FAILURE): Call Test Case 'Test Cases/Mobile/Page/Run App/Terminate App' successfully

2022-02-23 13:34:16 - [TEST_CASE][PASSED] - Test Cases/Mobile/Page/Run App/Terminate App: Test Cases/Mobile/Page/Run App/Terminate App

2022-02-23 13:34:16 - [TEST_STEP][PASSED] - startApp.OpenApp.terminateApplication(): startApp.OpenApp.terminateApplication is PASSED

2022-02-23 13:34:19 - [MESSAGE][PASSED] - Delayed 3 second(s)

2022-02-23 13:34:19 - [MESSAGE][PASSED] - Current device physical width is 720

2022-02-23 13:34:19 - [MESSAGE][PASSED] - Current device physical height is 1423

2022-02-23 13:34:21 - [MESSAGE][PASSED] - Swiped from 360,853 to 360,142

2022-02-23 13:34:22 - [MESSAGE][PASSED] - Delayed 1 second(s)

2022-02-23 13:34:23 - [MESSAGE][PASSED] - Swiped from 360,853 to 360,142

2022-02-23 13:34:26 - [MESSAGE][PASSED] - Delayed 3 second(s)

2022-02-23 13:34:26 - [MESSAGE][PASSED] - startApp.OpenApp.terminateApplication is PASSED

2022-02-23 13:34:26 - [MESSAGE][PASSED] - Call Test Case 'Test Cases/Mobile/Page/Run App/Terminate App' successfully]]></system-out>
         <system-err><![CDATA[]]></system-err>
      </testcase>
      <testcase name="Test Cases/Mobile/Scenario/Portfolio/003 - Portfolio Performance Month to Date IDR" time="61.379" classname="Test Cases/Mobile/Scenario/Portfolio/003 - Portfolio Performance Month to Date IDR" status="PASSED">
         <system-out><![CDATA[2022-02-23 13:34:26 - [TEST_CASE][PASSED] - Test Cases/Mobile/Scenario/Portfolio/003 - Portfolio Performance Month to Date IDR: Test Cases/Mobile/Scenario/Portfolio/003 - Portfolio Performance Month to Date IDR

2022-02-23 13:34:26 - [TEST_STEP][PASSED] - callTestCase(findTestCase("Mobile/Page/Run App/Run App byID"), [:], STOP_ON_FAILURE): Call Test Case 'Test Cases/Mobile/Page/Run App/Run App byID' successfully

2022-02-23 13:34:26 - [TEST_CASE][PASSED] - Test Cases/Mobile/Page/Run App/Run App byID: Test Cases/Mobile/Page/Run App/Run App byID

2022-02-23 13:34:26 - [TEST_STEP][PASSED] - startApp.OpenApp.startApplication("id.co.miraeasset.sageclub"): startApp.OpenApp.startApplication is PASSED

2022-02-23 13:34:38 - [MESSAGE][PASSED] - Starting app with application ID: 'id.co.miraeasset.sageclub'

2022-02-23 13:34:38 - [MESSAGE][PASSED] - startApp.OpenApp.startApplication is PASSED

2022-02-23 13:34:38 - [MESSAGE][PASSED] - Call Test Case 'Test Cases/Mobile/Page/Run App/Run App byID' successfully

2022-02-23 13:34:38 - [TEST_STEP][PASSED] - callTestCase(findTestCase("Mobile/Page/Portfolio/Portfolio"), ["tab":"summary", "action":"perf_month", "action2":"idr"], CONTINUE_ON_FAILURE): Call Test Case 'Test Cases/Mobile/Page/Portfolio/Portfolio' successfully

2022-02-23 13:34:38 - [TEST_CASE][PASSED] - Test Cases/Mobile/Page/Portfolio/Portfolio: Test Cases/Mobile/Page/Portfolio/Portfolio

2022-02-23 13:34:38 - [TEST_STEP][PASSED] - callTestCase(findTestCase("Mobile/Page/CheckLogin"), [:], CONTINUE_ON_FAILURE): Call Test Case 'Test Cases/Mobile/Page/CheckLogin' successfully

2022-02-23 13:34:38 - [TEST_CASE][PASSED] - Test Cases/Mobile/Page/CheckLogin: Test Cases/Mobile/Page/CheckLogin

2022-02-23 13:34:38 - [TEST_STEP][PASSED] - loginCheck = verifyElementExist(LOGN_BtnLogin, 5, CONTINUE_ON_FAILURE): Element 'Object Repository/Mobile/Page/Login/Button - Login' is exist

2022-02-23 13:34:40 - [MESSAGE][PASSED] - Element 'Object Repository/Mobile/Page/Login/Button - Login' is exist

2022-02-23 13:34:40 - [TEST_STEP][PASSED] - if (loginCheck): Call Test Case 'Test Cases/Mobile/Page/Login/Login' successfully

2022-02-23 13:34:40 - [TEST_STEP][PASSED] - callTestCase(findTestCase("Mobile/Page/Login/Login"), ["action":"username"], CONTINUE_ON_FAILURE): Call Test Case 'Test Cases/Mobile/Page/Login/Login' successfully

2022-02-23 13:34:40 - [TEST_CASE][PASSED] - Test Cases/Mobile/Page/Login/Login: Test Cases/Mobile/Page/Login/Login

2022-02-23 13:34:40 - [TEST_STEP][PASSED] - delay(2): Delayed 2 second(s)

2022-02-23 13:34:42 - [MESSAGE][PASSED] - Delayed 2 second(s)

2022-02-23 13:34:42 - [TEST_STEP][PASSED] - for ([i = 0, i < 1, (i++)]): null

2022-02-23 13:34:42 - [TEST_STEP][PASSED] - if (action == "username"): null

2022-02-23 13:34:42 - [TEST_STEP][PASSED] - tap(LOGN_EdtUserID, 0): Tapped on element 'Object Repository/Mobile/Page/Login/Input - UserID'

2022-02-23 13:34:42 - [MESSAGE][WARNING] - Timeout '0' is invalid. Using default page load timeout: '60'

2022-02-23 13:34:42 - [MESSAGE][PASSED] - Tapped on element 'Object Repository/Mobile/Page/Login/Input - UserID'

2022-02-23 13:34:42 - [TEST_STEP][PASSED] - delay(1): Delayed 1 second(s)

2022-02-23 13:34:43 - [MESSAGE][PASSED] - Delayed 1 second(s)

2022-02-23 13:34:43 - [TEST_STEP][PASSED] - setText(LOGN_EdtRdyUserID, "anggaaditya", 0): Text 'anggaaditya' has been set to element 'Object Repository/Mobile/Page/Login/Input Rdy - UserID'

2022-02-23 13:34:43 - [MESSAGE][WARNING] - Timeout '0' is invalid. Using default page load timeout: '60'

2022-02-23 13:34:44 - [MESSAGE][PASSED] - Text 'anggaaditya' has been set to element 'Object Repository/Mobile/Page/Login/Input Rdy - UserID'

2022-02-23 13:34:44 - [TEST_STEP][PASSED] - delay(1): Delayed 1 second(s)

2022-02-23 13:34:45 - [MESSAGE][PASSED] - Delayed 1 second(s)

2022-02-23 13:34:45 - [TEST_STEP][PASSED] - hideKeyboard(): Keyboard is hidden

2022-02-23 13:34:48 - [MESSAGE][PASSED] - Keyboard is hidden

2022-02-23 13:34:48 - [TEST_STEP][PASSED] - tap(LOGN_EdtPassword, 0): Tapped on element 'Object Repository/Mobile/Page/Login/Input - Password'

2022-02-23 13:34:48 - [MESSAGE][WARNING] - Timeout '0' is invalid. Using default page load timeout: '60'

2022-02-23 13:34:49 - [MESSAGE][PASSED] - Tapped on element 'Object Repository/Mobile/Page/Login/Input - Password'

2022-02-23 13:34:49 - [TEST_STEP][PASSED] - delay(1): Delayed 1 second(s)

2022-02-23 13:34:50 - [MESSAGE][PASSED] - Delayed 1 second(s)

2022-02-23 13:34:50 - [TEST_STEP][PASSED] - setText(LOGN_EdtRdyPassword, "Shalawa18", 0): Text 'Shalawa18' has been set to element 'Object Repository/Mobile/Page/Login/Input Rdy - Password'

2022-02-23 13:34:50 - [MESSAGE][WARNING] - Timeout '0' is invalid. Using default page load timeout: '60'

2022-02-23 13:34:50 - [MESSAGE][PASSED] - Text 'Shalawa18' has been set to element 'Object Repository/Mobile/Page/Login/Input Rdy - Password'

2022-02-23 13:34:50 - [TEST_STEP][PASSED] - delay(1): Delayed 1 second(s)

2022-02-23 13:34:51 - [MESSAGE][PASSED] - Delayed 1 second(s)

2022-02-23 13:34:51 - [TEST_STEP][PASSED] - hideKeyboard(): Keyboard is hidden

2022-02-23 13:34:57 - [MESSAGE][PASSED] - Keyboard is hidden

2022-02-23 13:34:57 - [TEST_STEP][PASSED] - tap(LOGN_BtnLogin, 0): Tapped on element 'Object Repository/Mobile/Page/Login/Button - Login'

2022-02-23 13:34:57 - [MESSAGE][WARNING] - Timeout '0' is invalid. Using default page load timeout: '60'

2022-02-23 13:34:58 - [MESSAGE][PASSED] - Tapped on element 'Object Repository/Mobile/Page/Login/Button - Login'

2022-02-23 13:34:58 - [TEST_STEP][PASSED] - delay(2): Delayed 2 second(s)

2022-02-23 13:35:00 - [MESSAGE][PASSED] - Delayed 2 second(s)

2022-02-23 13:35:00 - [TEST_STEP][PASSED] - break: null

2022-02-23 13:35:00 - [MESSAGE][PASSED] - Call Test Case 'Test Cases/Mobile/Page/Login/Login' successfully

2022-02-23 13:35:00 - [MESSAGE][PASSED] - Call Test Case 'Test Cases/Mobile/Page/CheckLogin' successfully

2022-02-23 13:35:00 - [TEST_STEP][PASSED] - tap(HOME_MenubarPortfolio, 0): Tapped on element 'Object Repository/Mobile/Page/Home/Menubar - Portfolio'

2022-02-23 13:35:00 - [MESSAGE][WARNING] - Timeout '0' is invalid. Using default page load timeout: '60'

2022-02-23 13:35:02 - [MESSAGE][PASSED] - Tapped on element 'Object Repository/Mobile/Page/Home/Menubar - Portfolio'

2022-02-23 13:35:02 - [TEST_STEP][PASSED] - delay(1): Delayed 1 second(s)

2022-02-23 13:35:03 - [MESSAGE][PASSED] - Delayed 1 second(s)

2022-02-23 13:35:03 - [TEST_STEP][PASSED] - for ([i = 0, i < 1, (i++)]): Delayed 3 second(s)

2022-02-23 13:35:03 - [TEST_STEP][PASSED] - if (tab == "summary"): Delayed 3 second(s)

2022-02-23 13:35:03 - [TEST_STEP][PASSED] - idr = PORT_BtnIDR: null

2022-02-23 13:35:03 - [TEST_STEP][PASSED] - persen = PORT_BtnPersen: null

2022-02-23 13:35:03 - [TEST_STEP][PASSED] - if (action == "summary"): null

2022-02-23 13:35:03 - [TEST_STEP][PASSED] - else if (action == "perf_daily"): null

2022-02-23 13:35:03 - [TEST_STEP][PASSED] - else if (action == "perf_month"): Tapped on element 'Object Repository/Mobile/Page/Portfolio/Tab - Summary Month to Date'

2022-02-23 13:35:03 - [TEST_STEP][PASSED] - scroll.scroll.scrollScreenBottomToTop(): scroll.scroll.scrollScreenBottomToTop is PASSED

2022-02-23 13:35:03 - [MESSAGE][PASSED] - Current device physical height is 1423

2022-02-23 13:35:04 - [MESSAGE][PASSED] - Current device physical width is 720

2022-02-23 13:35:05 - [MESSAGE][PASSED] - Swiped from 360,1,138 to 360,284

2022-02-23 13:35:05 - [MESSAGE][PASSED] - scroll.scroll.scrollScreenBottomToTop is PASSED

2022-02-23 13:35:05 - [TEST_STEP][PASSED] - delay(1): Delayed 1 second(s)

2022-02-23 13:35:06 - [MESSAGE][PASSED] - Delayed 1 second(s)

2022-02-23 13:35:06 - [TEST_STEP][PASSED] - tap(PORT_TabSummaryMonth, 0): Tapped on element 'Object Repository/Mobile/Page/Portfolio/Tab - Summary Month to Date'

2022-02-23 13:35:06 - [MESSAGE][WARNING] - Timeout '0' is invalid. Using default page load timeout: '60'

2022-02-23 13:35:06 - [MESSAGE][PASSED] - Tapped on element 'Object Repository/Mobile/Page/Portfolio/Tab - Summary Month to Date'

2022-02-23 13:35:06 - [TEST_STEP][PASSED] - if (action != "summary"): Delayed 3 second(s)

2022-02-23 13:35:06 - [TEST_STEP][PASSED] - delay(1): Delayed 1 second(s)

2022-02-23 13:35:07 - [MESSAGE][PASSED] - Delayed 1 second(s)

2022-02-23 13:35:07 - [TEST_STEP][PASSED] - scroll.scroll.scrollScreenBottomToTop(): scroll.scroll.scrollScreenBottomToTop is PASSED

2022-02-23 13:35:08 - [MESSAGE][PASSED] - Current device physical height is 1423

2022-02-23 13:35:08 - [MESSAGE][PASSED] - Current device physical width is 720

2022-02-23 13:35:09 - [MESSAGE][PASSED] - Swiped from 360,1,138 to 360,284

2022-02-23 13:35:09 - [MESSAGE][PASSED] - scroll.scroll.scrollScreenBottomToTop is PASSED

2022-02-23 13:35:09 - [TEST_STEP][PASSED] - scroll.scroll.scrollScreenBottomToTop(): scroll.scroll.scrollScreenBottomToTop is PASSED

2022-02-23 13:35:09 - [MESSAGE][PASSED] - Current device physical height is 1423

2022-02-23 13:35:09 - [MESSAGE][PASSED] - Current device physical width is 720

2022-02-23 13:35:10 - [MESSAGE][PASSED] - Swiped from 360,1,138 to 360,284

2022-02-23 13:35:11 - [MESSAGE][PASSED] - scroll.scroll.scrollScreenBottomToTop is PASSED

2022-02-23 13:35:11 - [TEST_STEP][PASSED] - delay(3): Delayed 3 second(s)

2022-02-23 13:35:14 - [MESSAGE][PASSED] - Delayed 3 second(s)

2022-02-23 13:35:14 - [TEST_STEP][PASSED] - if (action2 == "idr"): Delayed 3 second(s)

2022-02-23 13:35:14 - [TEST_STEP][PASSED] - tap(idr, 10): Tapped on element 'Object Repository/Mobile/Page/Portfolio/Button - IDR'

2022-02-23 13:35:14 - [MESSAGE][PASSED] - Tapped on element 'Object Repository/Mobile/Page/Portfolio/Button - IDR'

2022-02-23 13:35:14 - [TEST_STEP][PASSED] - delay(3): Delayed 3 second(s)

2022-02-23 13:35:17 - [MESSAGE][PASSED] - Delayed 3 second(s)

2022-02-23 13:35:17 - [MESSAGE][PASSED] - Call Test Case 'Test Cases/Mobile/Page/Portfolio/Portfolio' successfully

2022-02-23 13:35:17 - [TEST_STEP][PASSED] - callTestCase(findTestCase("Mobile/Page/Run App/Terminate App"), [:], STOP_ON_FAILURE): Call Test Case 'Test Cases/Mobile/Page/Run App/Terminate App' successfully

2022-02-23 13:35:17 - [TEST_CASE][PASSED] - Test Cases/Mobile/Page/Run App/Terminate App: Test Cases/Mobile/Page/Run App/Terminate App

2022-02-23 13:35:17 - [TEST_STEP][PASSED] - startApp.OpenApp.terminateApplication(): startApp.OpenApp.terminateApplication is PASSED

2022-02-23 13:35:20 - [MESSAGE][PASSED] - Delayed 3 second(s)

2022-02-23 13:35:20 - [MESSAGE][PASSED] - Current device physical width is 720

2022-02-23 13:35:21 - [MESSAGE][PASSED] - Current device physical height is 1423

2022-02-23 13:35:22 - [MESSAGE][PASSED] - Swiped from 360,853 to 360,142

2022-02-23 13:35:23 - [MESSAGE][PASSED] - Delayed 1 second(s)

2022-02-23 13:35:24 - [MESSAGE][PASSED] - Swiped from 360,853 to 360,142

2022-02-23 13:35:27 - [MESSAGE][PASSED] - Delayed 3 second(s)

2022-02-23 13:35:27 - [MESSAGE][PASSED] - startApp.OpenApp.terminateApplication is PASSED

2022-02-23 13:35:27 - [MESSAGE][PASSED] - Call Test Case 'Test Cases/Mobile/Page/Run App/Terminate App' successfully]]></system-out>
         <system-err><![CDATA[]]></system-err>
      </testcase>
      <testcase name="Test Cases/Mobile/Scenario/Portfolio/004 - Portfolio Performance Quarter to Date IDR" time="61.328" classname="Test Cases/Mobile/Scenario/Portfolio/004 - Portfolio Performance Quarter to Date IDR" status="PASSED">
         <system-out><![CDATA[2022-02-23 13:35:27 - [TEST_CASE][PASSED] - Test Cases/Mobile/Scenario/Portfolio/004 - Portfolio Performance Quarter to Date IDR: Test Cases/Mobile/Scenario/Portfolio/004 - Portfolio Performance Quarter to Date IDR

2022-02-23 13:35:27 - [TEST_STEP][PASSED] - callTestCase(findTestCase("Mobile/Page/Run App/Run App byID"), [:], STOP_ON_FAILURE): Call Test Case 'Test Cases/Mobile/Page/Run App/Run App byID' successfully

2022-02-23 13:35:28 - [TEST_CASE][PASSED] - Test Cases/Mobile/Page/Run App/Run App byID: Test Cases/Mobile/Page/Run App/Run App byID

2022-02-23 13:35:28 - [TEST_STEP][PASSED] - startApp.OpenApp.startApplication("id.co.miraeasset.sageclub"): startApp.OpenApp.startApplication is PASSED

2022-02-23 13:35:39 - [MESSAGE][PASSED] - Starting app with application ID: 'id.co.miraeasset.sageclub'

2022-02-23 13:35:39 - [MESSAGE][PASSED] - startApp.OpenApp.startApplication is PASSED

2022-02-23 13:35:39 - [MESSAGE][PASSED] - Call Test Case 'Test Cases/Mobile/Page/Run App/Run App byID' successfully

2022-02-23 13:35:39 - [TEST_STEP][PASSED] - callTestCase(findTestCase("Mobile/Page/Portfolio/Portfolio"), ["tab":"summary", "action":"perf_quarter", "action2":"idr"], CONTINUE_ON_FAILURE): Call Test Case 'Test Cases/Mobile/Page/Portfolio/Portfolio' successfully

2022-02-23 13:35:39 - [TEST_CASE][PASSED] - Test Cases/Mobile/Page/Portfolio/Portfolio: Test Cases/Mobile/Page/Portfolio/Portfolio

2022-02-23 13:35:39 - [TEST_STEP][PASSED] - callTestCase(findTestCase("Mobile/Page/CheckLogin"), [:], CONTINUE_ON_FAILURE): Call Test Case 'Test Cases/Mobile/Page/CheckLogin' successfully

2022-02-23 13:35:39 - [TEST_CASE][PASSED] - Test Cases/Mobile/Page/CheckLogin: Test Cases/Mobile/Page/CheckLogin

2022-02-23 13:35:39 - [TEST_STEP][PASSED] - loginCheck = verifyElementExist(LOGN_BtnLogin, 5, CONTINUE_ON_FAILURE): Element 'Object Repository/Mobile/Page/Login/Button - Login' is exist

2022-02-23 13:35:41 - [MESSAGE][PASSED] - Element 'Object Repository/Mobile/Page/Login/Button - Login' is exist

2022-02-23 13:35:41 - [TEST_STEP][PASSED] - if (loginCheck): Call Test Case 'Test Cases/Mobile/Page/Login/Login' successfully

2022-02-23 13:35:41 - [TEST_STEP][PASSED] - callTestCase(findTestCase("Mobile/Page/Login/Login"), ["action":"username"], CONTINUE_ON_FAILURE): Call Test Case 'Test Cases/Mobile/Page/Login/Login' successfully

2022-02-23 13:35:41 - [TEST_CASE][PASSED] - Test Cases/Mobile/Page/Login/Login: Test Cases/Mobile/Page/Login/Login

2022-02-23 13:35:41 - [TEST_STEP][PASSED] - delay(2): Delayed 2 second(s)

2022-02-23 13:35:43 - [MESSAGE][PASSED] - Delayed 2 second(s)

2022-02-23 13:35:43 - [TEST_STEP][PASSED] - for ([i = 0, i < 1, (i++)]): null

2022-02-23 13:35:43 - [TEST_STEP][PASSED] - if (action == "username"): null

2022-02-23 13:35:43 - [TEST_STEP][PASSED] - tap(LOGN_EdtUserID, 0): Tapped on element 'Object Repository/Mobile/Page/Login/Input - UserID'

2022-02-23 13:35:43 - [MESSAGE][WARNING] - Timeout '0' is invalid. Using default page load timeout: '60'

2022-02-23 13:35:44 - [MESSAGE][PASSED] - Tapped on element 'Object Repository/Mobile/Page/Login/Input - UserID'

2022-02-23 13:35:44 - [TEST_STEP][PASSED] - delay(1): Delayed 1 second(s)

2022-02-23 13:35:45 - [MESSAGE][PASSED] - Delayed 1 second(s)

2022-02-23 13:35:45 - [TEST_STEP][PASSED] - setText(LOGN_EdtRdyUserID, "anggaaditya", 0): Text 'anggaaditya' has been set to element 'Object Repository/Mobile/Page/Login/Input Rdy - UserID'

2022-02-23 13:35:45 - [MESSAGE][WARNING] - Timeout '0' is invalid. Using default page load timeout: '60'

2022-02-23 13:35:45 - [MESSAGE][PASSED] - Text 'anggaaditya' has been set to element 'Object Repository/Mobile/Page/Login/Input Rdy - UserID'

2022-02-23 13:35:45 - [TEST_STEP][PASSED] - delay(1): Delayed 1 second(s)

2022-02-23 13:35:46 - [MESSAGE][PASSED] - Delayed 1 second(s)

2022-02-23 13:35:46 - [TEST_STEP][PASSED] - hideKeyboard(): Keyboard is hidden

2022-02-23 13:35:50 - [MESSAGE][PASSED] - Keyboard is hidden

2022-02-23 13:35:50 - [TEST_STEP][PASSED] - tap(LOGN_EdtPassword, 0): Tapped on element 'Object Repository/Mobile/Page/Login/Input - Password'

2022-02-23 13:35:50 - [MESSAGE][WARNING] - Timeout '0' is invalid. Using default page load timeout: '60'

2022-02-23 13:35:50 - [MESSAGE][PASSED] - Tapped on element 'Object Repository/Mobile/Page/Login/Input - Password'

2022-02-23 13:35:50 - [TEST_STEP][PASSED] - delay(1): Delayed 1 second(s)

2022-02-23 13:35:51 - [MESSAGE][PASSED] - Delayed 1 second(s)

2022-02-23 13:35:51 - [TEST_STEP][PASSED] - setText(LOGN_EdtRdyPassword, "Shalawa18", 0): Text 'Shalawa18' has been set to element 'Object Repository/Mobile/Page/Login/Input Rdy - Password'

2022-02-23 13:35:51 - [MESSAGE][WARNING] - Timeout '0' is invalid. Using default page load timeout: '60'

2022-02-23 13:35:52 - [MESSAGE][PASSED] - Text 'Shalawa18' has been set to element 'Object Repository/Mobile/Page/Login/Input Rdy - Password'

2022-02-23 13:35:52 - [TEST_STEP][PASSED] - delay(1): Delayed 1 second(s)

2022-02-23 13:35:53 - [MESSAGE][PASSED] - Delayed 1 second(s)

2022-02-23 13:35:53 - [TEST_STEP][PASSED] - hideKeyboard(): Keyboard is hidden

2022-02-23 13:35:59 - [MESSAGE][PASSED] - Keyboard is hidden

2022-02-23 13:35:59 - [TEST_STEP][PASSED] - tap(LOGN_BtnLogin, 0): Tapped on element 'Object Repository/Mobile/Page/Login/Button - Login'

2022-02-23 13:35:59 - [MESSAGE][WARNING] - Timeout '0' is invalid. Using default page load timeout: '60'

2022-02-23 13:36:00 - [MESSAGE][PASSED] - Tapped on element 'Object Repository/Mobile/Page/Login/Button - Login'

2022-02-23 13:36:00 - [TEST_STEP][PASSED] - delay(2): Delayed 2 second(s)

2022-02-23 13:36:02 - [MESSAGE][PASSED] - Delayed 2 second(s)

2022-02-23 13:36:02 - [TEST_STEP][PASSED] - break: null

2022-02-23 13:36:02 - [MESSAGE][PASSED] - Call Test Case 'Test Cases/Mobile/Page/Login/Login' successfully

2022-02-23 13:36:02 - [MESSAGE][PASSED] - Call Test Case 'Test Cases/Mobile/Page/CheckLogin' successfully

2022-02-23 13:36:02 - [TEST_STEP][PASSED] - tap(HOME_MenubarPortfolio, 0): Tapped on element 'Object Repository/Mobile/Page/Home/Menubar - Portfolio'

2022-02-23 13:36:02 - [MESSAGE][WARNING] - Timeout '0' is invalid. Using default page load timeout: '60'

2022-02-23 13:36:04 - [MESSAGE][PASSED] - Tapped on element 'Object Repository/Mobile/Page/Home/Menubar - Portfolio'

2022-02-23 13:36:04 - [TEST_STEP][PASSED] - delay(1): Delayed 1 second(s)

2022-02-23 13:36:05 - [MESSAGE][PASSED] - Delayed 1 second(s)

2022-02-23 13:36:05 - [TEST_STEP][PASSED] - for ([i = 0, i < 1, (i++)]): Delayed 3 second(s)

2022-02-23 13:36:05 - [TEST_STEP][PASSED] - if (tab == "summary"): Delayed 3 second(s)

2022-02-23 13:36:05 - [TEST_STEP][PASSED] - idr = PORT_BtnIDR: null

2022-02-23 13:36:05 - [TEST_STEP][PASSED] - persen = PORT_BtnPersen: null

2022-02-23 13:36:05 - [TEST_STEP][PASSED] - if (action == "summary"): null

2022-02-23 13:36:05 - [TEST_STEP][PASSED] - else if (action == "perf_daily"): null

2022-02-23 13:36:05 - [TEST_STEP][PASSED] - else if (action == "perf_month"): null

2022-02-23 13:36:05 - [TEST_STEP][PASSED] - else if (action == "perf_quarter"): Tapped on element 'Object Repository/Mobile/Page/Portfolio/Tab - Summary Quarter to Date'

2022-02-23 13:36:05 - [TEST_STEP][PASSED] - scroll.scroll.scrollScreenBottomToTop(): scroll.scroll.scrollScreenBottomToTop is PASSED

2022-02-23 13:36:05 - [MESSAGE][PASSED] - Current device physical height is 1423

2022-02-23 13:36:05 - [MESSAGE][PASSED] - Current device physical width is 720

2022-02-23 13:36:06 - [MESSAGE][PASSED] - Swiped from 360,1,138 to 360,284

2022-02-23 13:36:06 - [MESSAGE][PASSED] - scroll.scroll.scrollScreenBottomToTop is PASSED

2022-02-23 13:36:06 - [TEST_STEP][PASSED] - delay(1): Delayed 1 second(s)

2022-02-23 13:36:07 - [MESSAGE][PASSED] - Delayed 1 second(s)

2022-02-23 13:36:07 - [TEST_STEP][PASSED] - tap(PORT_TabSummaryQuarter, 0): Tapped on element 'Object Repository/Mobile/Page/Portfolio/Tab - Summary Quarter to Date'

2022-02-23 13:36:07 - [MESSAGE][WARNING] - Timeout '0' is invalid. Using default page load timeout: '60'

2022-02-23 13:36:08 - [MESSAGE][PASSED] - Tapped on element 'Object Repository/Mobile/Page/Portfolio/Tab - Summary Quarter to Date'

2022-02-23 13:36:08 - [TEST_STEP][PASSED] - if (action != "summary"): Delayed 3 second(s)

2022-02-23 13:36:08 - [TEST_STEP][PASSED] - delay(1): Delayed 1 second(s)

2022-02-23 13:36:09 - [MESSAGE][PASSED] - Delayed 1 second(s)

2022-02-23 13:36:09 - [TEST_STEP][PASSED] - scroll.scroll.scrollScreenBottomToTop(): scroll.scroll.scrollScreenBottomToTop is PASSED

2022-02-23 13:36:09 - [MESSAGE][PASSED] - Current device physical height is 1423

2022-02-23 13:36:09 - [MESSAGE][PASSED] - Current device physical width is 720

2022-02-23 13:36:10 - [MESSAGE][PASSED] - Swiped from 360,1,138 to 360,284

2022-02-23 13:36:10 - [MESSAGE][PASSED] - scroll.scroll.scrollScreenBottomToTop is PASSED

2022-02-23 13:36:10 - [TEST_STEP][PASSED] - scroll.scroll.scrollScreenBottomToTop(): scroll.scroll.scrollScreenBottomToTop is PASSED

2022-02-23 13:36:11 - [MESSAGE][PASSED] - Current device physical height is 1423

2022-02-23 13:36:11 - [MESSAGE][PASSED] - Current device physical width is 720

2022-02-23 13:36:12 - [MESSAGE][PASSED] - Swiped from 360,1,138 to 360,284

2022-02-23 13:36:12 - [MESSAGE][PASSED] - scroll.scroll.scrollScreenBottomToTop is PASSED

2022-02-23 13:36:12 - [TEST_STEP][PASSED] - delay(3): Delayed 3 second(s)

2022-02-23 13:36:15 - [MESSAGE][PASSED] - Delayed 3 second(s)

2022-02-23 13:36:15 - [TEST_STEP][PASSED] - if (action2 == "idr"): Delayed 3 second(s)

2022-02-23 13:36:15 - [TEST_STEP][PASSED] - tap(idr, 10): Tapped on element 'Object Repository/Mobile/Page/Portfolio/Button - IDR'

2022-02-23 13:36:15 - [MESSAGE][PASSED] - Tapped on element 'Object Repository/Mobile/Page/Portfolio/Button - IDR'

2022-02-23 13:36:15 - [TEST_STEP][PASSED] - delay(3): Delayed 3 second(s)

2022-02-23 13:36:18 - [MESSAGE][PASSED] - Delayed 3 second(s)

2022-02-23 13:36:18 - [MESSAGE][PASSED] - Call Test Case 'Test Cases/Mobile/Page/Portfolio/Portfolio' successfully

2022-02-23 13:36:18 - [TEST_STEP][PASSED] - callTestCase(findTestCase("Mobile/Page/Run App/Terminate App"), [:], STOP_ON_FAILURE): Call Test Case 'Test Cases/Mobile/Page/Run App/Terminate App' successfully

2022-02-23 13:36:19 - [TEST_CASE][PASSED] - Test Cases/Mobile/Page/Run App/Terminate App: Test Cases/Mobile/Page/Run App/Terminate App

2022-02-23 13:36:19 - [TEST_STEP][PASSED] - startApp.OpenApp.terminateApplication(): startApp.OpenApp.terminateApplication is PASSED

2022-02-23 13:36:22 - [MESSAGE][PASSED] - Delayed 3 second(s)

2022-02-23 13:36:22 - [MESSAGE][PASSED] - Current device physical width is 720

2022-02-23 13:36:22 - [MESSAGE][PASSED] - Current device physical height is 1423

2022-02-23 13:36:23 - [MESSAGE][PASSED] - Swiped from 360,853 to 360,142

2022-02-23 13:36:24 - [MESSAGE][PASSED] - Delayed 1 second(s)

2022-02-23 13:36:26 - [MESSAGE][PASSED] - Swiped from 360,853 to 360,142

2022-02-23 13:36:29 - [MESSAGE][PASSED] - Delayed 3 second(s)

2022-02-23 13:36:29 - [MESSAGE][PASSED] - startApp.OpenApp.terminateApplication is PASSED

2022-02-23 13:36:29 - [MESSAGE][PASSED] - Call Test Case 'Test Cases/Mobile/Page/Run App/Terminate App' successfully]]></system-out>
         <system-err><![CDATA[]]></system-err>
      </testcase>
      <testcase name="Test Cases/Mobile/Scenario/Portfolio/005 - Portfolio Performance Year to Date IDR" time="61.455" classname="Test Cases/Mobile/Scenario/Portfolio/005 - Portfolio Performance Year to Date IDR" status="PASSED">
         <system-out><![CDATA[2022-02-23 13:36:29 - [TEST_CASE][PASSED] - Test Cases/Mobile/Scenario/Portfolio/005 - Portfolio Performance Year to Date IDR: Test Cases/Mobile/Scenario/Portfolio/005 - Portfolio Performance Year to Date IDR

2022-02-23 13:36:29 - [TEST_STEP][PASSED] - callTestCase(findTestCase("Mobile/Page/Run App/Run App byID"), [:], STOP_ON_FAILURE): Call Test Case 'Test Cases/Mobile/Page/Run App/Run App byID' successfully

2022-02-23 13:36:29 - [TEST_CASE][PASSED] - Test Cases/Mobile/Page/Run App/Run App byID: Test Cases/Mobile/Page/Run App/Run App byID

2022-02-23 13:36:29 - [TEST_STEP][PASSED] - startApp.OpenApp.startApplication("id.co.miraeasset.sageclub"): startApp.OpenApp.startApplication is PASSED

2022-02-23 13:36:41 - [MESSAGE][PASSED] - Starting app with application ID: 'id.co.miraeasset.sageclub'

2022-02-23 13:36:41 - [MESSAGE][PASSED] - startApp.OpenApp.startApplication is PASSED

2022-02-23 13:36:41 - [MESSAGE][PASSED] - Call Test Case 'Test Cases/Mobile/Page/Run App/Run App byID' successfully

2022-02-23 13:36:41 - [TEST_STEP][PASSED] - callTestCase(findTestCase("Mobile/Page/Portfolio/Portfolio"), ["tab":"summary", "action":"perf_year", "action2":"idr"], CONTINUE_ON_FAILURE): Call Test Case 'Test Cases/Mobile/Page/Portfolio/Portfolio' successfully

2022-02-23 13:36:41 - [TEST_CASE][PASSED] - Test Cases/Mobile/Page/Portfolio/Portfolio: Test Cases/Mobile/Page/Portfolio/Portfolio

2022-02-23 13:36:41 - [TEST_STEP][PASSED] - callTestCase(findTestCase("Mobile/Page/CheckLogin"), [:], CONTINUE_ON_FAILURE): Call Test Case 'Test Cases/Mobile/Page/CheckLogin' successfully

2022-02-23 13:36:41 - [TEST_CASE][PASSED] - Test Cases/Mobile/Page/CheckLogin: Test Cases/Mobile/Page/CheckLogin

2022-02-23 13:36:41 - [TEST_STEP][PASSED] - loginCheck = verifyElementExist(LOGN_BtnLogin, 5, CONTINUE_ON_FAILURE): Element 'Object Repository/Mobile/Page/Login/Button - Login' is exist

2022-02-23 13:36:43 - [MESSAGE][PASSED] - Element 'Object Repository/Mobile/Page/Login/Button - Login' is exist

2022-02-23 13:36:43 - [TEST_STEP][PASSED] - if (loginCheck): Call Test Case 'Test Cases/Mobile/Page/Login/Login' successfully

2022-02-23 13:36:43 - [TEST_STEP][PASSED] - callTestCase(findTestCase("Mobile/Page/Login/Login"), ["action":"username"], CONTINUE_ON_FAILURE): Call Test Case 'Test Cases/Mobile/Page/Login/Login' successfully

2022-02-23 13:36:43 - [TEST_CASE][PASSED] - Test Cases/Mobile/Page/Login/Login: Test Cases/Mobile/Page/Login/Login

2022-02-23 13:36:43 - [TEST_STEP][PASSED] - delay(2): Delayed 2 second(s)

2022-02-23 13:36:45 - [MESSAGE][PASSED] - Delayed 2 second(s)

2022-02-23 13:36:45 - [TEST_STEP][PASSED] - for ([i = 0, i < 1, (i++)]): null

2022-02-23 13:36:45 - [TEST_STEP][PASSED] - if (action == "username"): null

2022-02-23 13:36:45 - [TEST_STEP][PASSED] - tap(LOGN_EdtUserID, 0): Tapped on element 'Object Repository/Mobile/Page/Login/Input - UserID'

2022-02-23 13:36:45 - [MESSAGE][WARNING] - Timeout '0' is invalid. Using default page load timeout: '60'

2022-02-23 13:36:45 - [MESSAGE][PASSED] - Tapped on element 'Object Repository/Mobile/Page/Login/Input - UserID'

2022-02-23 13:36:45 - [TEST_STEP][PASSED] - delay(1): Delayed 1 second(s)

2022-02-23 13:36:46 - [MESSAGE][PASSED] - Delayed 1 second(s)

2022-02-23 13:36:46 - [TEST_STEP][PASSED] - setText(LOGN_EdtRdyUserID, "anggaaditya", 0): Text 'anggaaditya' has been set to element 'Object Repository/Mobile/Page/Login/Input Rdy - UserID'

2022-02-23 13:36:46 - [MESSAGE][WARNING] - Timeout '0' is invalid. Using default page load timeout: '60'

2022-02-23 13:36:47 - [MESSAGE][PASSED] - Text 'anggaaditya' has been set to element 'Object Repository/Mobile/Page/Login/Input Rdy - UserID'

2022-02-23 13:36:47 - [TEST_STEP][PASSED] - delay(1): Delayed 1 second(s)

2022-02-23 13:36:48 - [MESSAGE][PASSED] - Delayed 1 second(s)

2022-02-23 13:36:48 - [TEST_STEP][PASSED] - hideKeyboard(): Keyboard is hidden

2022-02-23 13:36:51 - [MESSAGE][PASSED] - Keyboard is hidden

2022-02-23 13:36:51 - [TEST_STEP][PASSED] - tap(LOGN_EdtPassword, 0): Tapped on element 'Object Repository/Mobile/Page/Login/Input - Password'

2022-02-23 13:36:51 - [MESSAGE][WARNING] - Timeout '0' is invalid. Using default page load timeout: '60'

2022-02-23 13:36:52 - [MESSAGE][PASSED] - Tapped on element 'Object Repository/Mobile/Page/Login/Input - Password'

2022-02-23 13:36:52 - [TEST_STEP][PASSED] - delay(1): Delayed 1 second(s)

2022-02-23 13:36:53 - [MESSAGE][PASSED] - Delayed 1 second(s)

2022-02-23 13:36:53 - [TEST_STEP][PASSED] - setText(LOGN_EdtRdyPassword, "Shalawa18", 0): Text 'Shalawa18' has been set to element 'Object Repository/Mobile/Page/Login/Input Rdy - Password'

2022-02-23 13:36:53 - [MESSAGE][WARNING] - Timeout '0' is invalid. Using default page load timeout: '60'

2022-02-23 13:36:53 - [MESSAGE][PASSED] - Text 'Shalawa18' has been set to element 'Object Repository/Mobile/Page/Login/Input Rdy - Password'

2022-02-23 13:36:53 - [TEST_STEP][PASSED] - delay(1): Delayed 1 second(s)

2022-02-23 13:36:54 - [MESSAGE][PASSED] - Delayed 1 second(s)

2022-02-23 13:36:54 - [TEST_STEP][PASSED] - hideKeyboard(): Keyboard is hidden

2022-02-23 13:37:00 - [MESSAGE][PASSED] - Keyboard is hidden

2022-02-23 13:37:00 - [TEST_STEP][PASSED] - tap(LOGN_BtnLogin, 0): Tapped on element 'Object Repository/Mobile/Page/Login/Button - Login'

2022-02-23 13:37:00 - [MESSAGE][WARNING] - Timeout '0' is invalid. Using default page load timeout: '60'

2022-02-23 13:37:01 - [MESSAGE][PASSED] - Tapped on element 'Object Repository/Mobile/Page/Login/Button - Login'

2022-02-23 13:37:01 - [TEST_STEP][PASSED] - delay(2): Delayed 2 second(s)

2022-02-23 13:37:03 - [MESSAGE][PASSED] - Delayed 2 second(s)

2022-02-23 13:37:03 - [TEST_STEP][PASSED] - break: null

2022-02-23 13:37:03 - [MESSAGE][PASSED] - Call Test Case 'Test Cases/Mobile/Page/Login/Login' successfully

2022-02-23 13:37:03 - [MESSAGE][PASSED] - Call Test Case 'Test Cases/Mobile/Page/CheckLogin' successfully

2022-02-23 13:37:03 - [TEST_STEP][PASSED] - tap(HOME_MenubarPortfolio, 0): Tapped on element 'Object Repository/Mobile/Page/Home/Menubar - Portfolio'

2022-02-23 13:37:03 - [MESSAGE][WARNING] - Timeout '0' is invalid. Using default page load timeout: '60'

2022-02-23 13:37:05 - [MESSAGE][PASSED] - Tapped on element 'Object Repository/Mobile/Page/Home/Menubar - Portfolio'

2022-02-23 13:37:05 - [TEST_STEP][PASSED] - delay(1): Delayed 1 second(s)

2022-02-23 13:37:06 - [MESSAGE][PASSED] - Delayed 1 second(s)

2022-02-23 13:37:06 - [TEST_STEP][PASSED] - for ([i = 0, i < 1, (i++)]): Delayed 3 second(s)

2022-02-23 13:37:06 - [TEST_STEP][PASSED] - if (tab == "summary"): Delayed 3 second(s)

2022-02-23 13:37:06 - [TEST_STEP][PASSED] - idr = PORT_BtnIDR: null

2022-02-23 13:37:06 - [TEST_STEP][PASSED] - persen = PORT_BtnPersen: null

2022-02-23 13:37:06 - [TEST_STEP][PASSED] - if (action == "summary"): null

2022-02-23 13:37:06 - [TEST_STEP][PASSED] - else if (action == "perf_daily"): null

2022-02-23 13:37:06 - [TEST_STEP][PASSED] - else if (action == "perf_month"): null

2022-02-23 13:37:06 - [TEST_STEP][PASSED] - else if (action == "perf_quarter"): null

2022-02-23 13:37:06 - [TEST_STEP][PASSED] - else if (action == "perf_year"): Tapped on element 'Object Repository/Mobile/Page/Portfolio/Tab - Summary Year to Date'

2022-02-23 13:37:06 - [TEST_STEP][PASSED] - scroll.scroll.scrollScreenBottomToTop(): scroll.scroll.scrollScreenBottomToTop is PASSED

2022-02-23 13:37:06 - [MESSAGE][PASSED] - Current device physical height is 1423

2022-02-23 13:37:07 - [MESSAGE][PASSED] - Current device physical width is 720

2022-02-23 13:37:08 - [MESSAGE][PASSED] - Swiped from 360,1,138 to 360,284

2022-02-23 13:37:08 - [MESSAGE][PASSED] - scroll.scroll.scrollScreenBottomToTop is PASSED

2022-02-23 13:37:08 - [TEST_STEP][PASSED] - delay(1): Delayed 1 second(s)

2022-02-23 13:37:09 - [MESSAGE][PASSED] - Delayed 1 second(s)

2022-02-23 13:37:09 - [TEST_STEP][PASSED] - tap(PORT_TabSummaryYear, 0): Tapped on element 'Object Repository/Mobile/Page/Portfolio/Tab - Summary Year to Date'

2022-02-23 13:37:09 - [MESSAGE][WARNING] - Timeout '0' is invalid. Using default page load timeout: '60'

2022-02-23 13:37:09 - [MESSAGE][PASSED] - Tapped on element 'Object Repository/Mobile/Page/Portfolio/Tab - Summary Year to Date'

2022-02-23 13:37:09 - [TEST_STEP][PASSED] - if (action != "summary"): Delayed 3 second(s)

2022-02-23 13:37:09 - [TEST_STEP][PASSED] - delay(1): Delayed 1 second(s)

2022-02-23 13:37:10 - [MESSAGE][PASSED] - Delayed 1 second(s)

2022-02-23 13:37:10 - [TEST_STEP][PASSED] - scroll.scroll.scrollScreenBottomToTop(): scroll.scroll.scrollScreenBottomToTop is PASSED

2022-02-23 13:37:11 - [MESSAGE][PASSED] - Current device physical height is 1423

2022-02-23 13:37:11 - [MESSAGE][PASSED] - Current device physical width is 720

2022-02-23 13:37:12 - [MESSAGE][PASSED] - Swiped from 360,1,138 to 360,284

2022-02-23 13:37:12 - [MESSAGE][PASSED] - scroll.scroll.scrollScreenBottomToTop is PASSED

2022-02-23 13:37:12 - [TEST_STEP][PASSED] - scroll.scroll.scrollScreenBottomToTop(): scroll.scroll.scrollScreenBottomToTop is PASSED

2022-02-23 13:37:12 - [MESSAGE][PASSED] - Current device physical height is 1423

2022-02-23 13:37:12 - [MESSAGE][PASSED] - Current device physical width is 720

2022-02-23 13:37:13 - [MESSAGE][PASSED] - Swiped from 360,1,138 to 360,284

2022-02-23 13:37:13 - [MESSAGE][PASSED] - scroll.scroll.scrollScreenBottomToTop is PASSED

2022-02-23 13:37:13 - [TEST_STEP][PASSED] - delay(3): Delayed 3 second(s)

2022-02-23 13:37:16 - [MESSAGE][PASSED] - Delayed 3 second(s)

2022-02-23 13:37:16 - [TEST_STEP][PASSED] - if (action2 == "idr"): Delayed 3 second(s)

2022-02-23 13:37:16 - [TEST_STEP][PASSED] - tap(idr, 10): Tapped on element 'Object Repository/Mobile/Page/Portfolio/Button - IDR'

2022-02-23 13:37:17 - [MESSAGE][PASSED] - Tapped on element 'Object Repository/Mobile/Page/Portfolio/Button - IDR'

2022-02-23 13:37:17 - [TEST_STEP][PASSED] - delay(3): Delayed 3 second(s)

2022-02-23 13:37:20 - [MESSAGE][PASSED] - Delayed 3 second(s)

2022-02-23 13:37:20 - [MESSAGE][PASSED] - Call Test Case 'Test Cases/Mobile/Page/Portfolio/Portfolio' successfully

2022-02-23 13:37:20 - [TEST_STEP][PASSED] - callTestCase(findTestCase("Mobile/Page/Run App/Terminate App"), [:], STOP_ON_FAILURE): Call Test Case 'Test Cases/Mobile/Page/Run App/Terminate App' successfully

2022-02-23 13:37:20 - [TEST_CASE][PASSED] - Test Cases/Mobile/Page/Run App/Terminate App: Test Cases/Mobile/Page/Run App/Terminate App

2022-02-23 13:37:20 - [TEST_STEP][PASSED] - startApp.OpenApp.terminateApplication(): startApp.OpenApp.terminateApplication is PASSED

2022-02-23 13:37:23 - [MESSAGE][PASSED] - Delayed 3 second(s)

2022-02-23 13:37:23 - [MESSAGE][PASSED] - Current device physical width is 720

2022-02-23 13:37:23 - [MESSAGE][PASSED] - Current device physical height is 1423

2022-02-23 13:37:25 - [MESSAGE][PASSED] - Swiped from 360,853 to 360,142

2022-02-23 13:37:26 - [MESSAGE][PASSED] - Delayed 1 second(s)

2022-02-23 13:37:27 - [MESSAGE][PASSED] - Swiped from 360,853 to 360,142

2022-02-23 13:37:30 - [MESSAGE][PASSED] - Delayed 3 second(s)

2022-02-23 13:37:30 - [MESSAGE][PASSED] - startApp.OpenApp.terminateApplication is PASSED

2022-02-23 13:37:30 - [MESSAGE][PASSED] - Call Test Case 'Test Cases/Mobile/Page/Run App/Terminate App' successfully]]></system-out>
         <system-err><![CDATA[]]></system-err>
      </testcase>
      <testcase name="Test Cases/Mobile/Scenario/Portfolio/006 - Portfolio Performance Daily Persen" time="60.147" classname="Test Cases/Mobile/Scenario/Portfolio/006 - Portfolio Performance Daily Persen" status="PASSED">
         <system-out><![CDATA[2022-02-23 13:37:30 - [TEST_CASE][PASSED] - Test Cases/Mobile/Scenario/Portfolio/006 - Portfolio Performance Daily Persen: Test Cases/Mobile/Scenario/Portfolio/006 - Portfolio Performance Daily Persen

2022-02-23 13:37:30 - [TEST_STEP][PASSED] - callTestCase(findTestCase("Mobile/Page/Run App/Run App byID"), [:], STOP_ON_FAILURE): Call Test Case 'Test Cases/Mobile/Page/Run App/Run App byID' successfully

2022-02-23 13:37:30 - [TEST_CASE][PASSED] - Test Cases/Mobile/Page/Run App/Run App byID: Test Cases/Mobile/Page/Run App/Run App byID

2022-02-23 13:37:30 - [TEST_STEP][PASSED] - startApp.OpenApp.startApplication("id.co.miraeasset.sageclub"): startApp.OpenApp.startApplication is PASSED

2022-02-23 13:37:42 - [MESSAGE][PASSED] - Starting app with application ID: 'id.co.miraeasset.sageclub'

2022-02-23 13:37:42 - [MESSAGE][PASSED] - startApp.OpenApp.startApplication is PASSED

2022-02-23 13:37:42 - [MESSAGE][PASSED] - Call Test Case 'Test Cases/Mobile/Page/Run App/Run App byID' successfully

2022-02-23 13:37:42 - [TEST_STEP][PASSED] - callTestCase(findTestCase("Mobile/Page/Portfolio/Portfolio"), ["tab":"summary", "action":"perf_daily", "action2":"persen"], CONTINUE_ON_FAILURE): Call Test Case 'Test Cases/Mobile/Page/Portfolio/Portfolio' successfully

2022-02-23 13:37:42 - [TEST_CASE][PASSED] - Test Cases/Mobile/Page/Portfolio/Portfolio: Test Cases/Mobile/Page/Portfolio/Portfolio

2022-02-23 13:37:42 - [TEST_STEP][PASSED] - callTestCase(findTestCase("Mobile/Page/CheckLogin"), [:], CONTINUE_ON_FAILURE): Call Test Case 'Test Cases/Mobile/Page/CheckLogin' successfully

2022-02-23 13:37:42 - [TEST_CASE][PASSED] - Test Cases/Mobile/Page/CheckLogin: Test Cases/Mobile/Page/CheckLogin

2022-02-23 13:37:42 - [TEST_STEP][PASSED] - loginCheck = verifyElementExist(LOGN_BtnLogin, 5, CONTINUE_ON_FAILURE): Element 'Object Repository/Mobile/Page/Login/Button - Login' is exist

2022-02-23 13:37:44 - [MESSAGE][PASSED] - Element 'Object Repository/Mobile/Page/Login/Button - Login' is exist

2022-02-23 13:37:44 - [TEST_STEP][PASSED] - if (loginCheck): Call Test Case 'Test Cases/Mobile/Page/Login/Login' successfully

2022-02-23 13:37:44 - [TEST_STEP][PASSED] - callTestCase(findTestCase("Mobile/Page/Login/Login"), ["action":"username"], CONTINUE_ON_FAILURE): Call Test Case 'Test Cases/Mobile/Page/Login/Login' successfully

2022-02-23 13:37:44 - [TEST_CASE][PASSED] - Test Cases/Mobile/Page/Login/Login: Test Cases/Mobile/Page/Login/Login

2022-02-23 13:37:44 - [TEST_STEP][PASSED] - delay(2): Delayed 2 second(s)

2022-02-23 13:37:46 - [MESSAGE][PASSED] - Delayed 2 second(s)

2022-02-23 13:37:46 - [TEST_STEP][PASSED] - for ([i = 0, i < 1, (i++)]): null

2022-02-23 13:37:46 - [TEST_STEP][PASSED] - if (action == "username"): null

2022-02-23 13:37:46 - [TEST_STEP][PASSED] - tap(LOGN_EdtUserID, 0): Tapped on element 'Object Repository/Mobile/Page/Login/Input - UserID'

2022-02-23 13:37:46 - [MESSAGE][WARNING] - Timeout '0' is invalid. Using default page load timeout: '60'

2022-02-23 13:37:47 - [MESSAGE][PASSED] - Tapped on element 'Object Repository/Mobile/Page/Login/Input - UserID'

2022-02-23 13:37:47 - [TEST_STEP][PASSED] - delay(1): Delayed 1 second(s)

2022-02-23 13:37:48 - [MESSAGE][PASSED] - Delayed 1 second(s)

2022-02-23 13:37:48 - [TEST_STEP][PASSED] - setText(LOGN_EdtRdyUserID, "anggaaditya", 0): Text 'anggaaditya' has been set to element 'Object Repository/Mobile/Page/Login/Input Rdy - UserID'

2022-02-23 13:37:48 - [MESSAGE][WARNING] - Timeout '0' is invalid. Using default page load timeout: '60'

2022-02-23 13:37:48 - [MESSAGE][PASSED] - Text 'anggaaditya' has been set to element 'Object Repository/Mobile/Page/Login/Input Rdy - UserID'

2022-02-23 13:37:48 - [TEST_STEP][PASSED] - delay(1): Delayed 1 second(s)

2022-02-23 13:37:49 - [MESSAGE][PASSED] - Delayed 1 second(s)

2022-02-23 13:37:49 - [TEST_STEP][PASSED] - hideKeyboard(): Keyboard is hidden

2022-02-23 13:37:53 - [MESSAGE][PASSED] - Keyboard is hidden

2022-02-23 13:37:53 - [TEST_STEP][PASSED] - tap(LOGN_EdtPassword, 0): Tapped on element 'Object Repository/Mobile/Page/Login/Input - Password'

2022-02-23 13:37:53 - [MESSAGE][WARNING] - Timeout '0' is invalid. Using default page load timeout: '60'

2022-02-23 13:37:53 - [MESSAGE][PASSED] - Tapped on element 'Object Repository/Mobile/Page/Login/Input - Password'

2022-02-23 13:37:53 - [TEST_STEP][PASSED] - delay(1): Delayed 1 second(s)

2022-02-23 13:37:54 - [MESSAGE][PASSED] - Delayed 1 second(s)

2022-02-23 13:37:54 - [TEST_STEP][PASSED] - setText(LOGN_EdtRdyPassword, "Shalawa18", 0): Text 'Shalawa18' has been set to element 'Object Repository/Mobile/Page/Login/Input Rdy - Password'

2022-02-23 13:37:54 - [MESSAGE][WARNING] - Timeout '0' is invalid. Using default page load timeout: '60'

2022-02-23 13:37:55 - [MESSAGE][PASSED] - Text 'Shalawa18' has been set to element 'Object Repository/Mobile/Page/Login/Input Rdy - Password'

2022-02-23 13:37:55 - [TEST_STEP][PASSED] - delay(1): Delayed 1 second(s)

2022-02-23 13:37:56 - [MESSAGE][PASSED] - Delayed 1 second(s)

2022-02-23 13:37:56 - [TEST_STEP][PASSED] - hideKeyboard(): Keyboard is hidden

2022-02-23 13:38:02 - [MESSAGE][PASSED] - Keyboard is hidden

2022-02-23 13:38:02 - [TEST_STEP][PASSED] - tap(LOGN_BtnLogin, 0): Tapped on element 'Object Repository/Mobile/Page/Login/Button - Login'

2022-02-23 13:38:02 - [MESSAGE][WARNING] - Timeout '0' is invalid. Using default page load timeout: '60'

2022-02-23 13:38:03 - [MESSAGE][PASSED] - Tapped on element 'Object Repository/Mobile/Page/Login/Button - Login'

2022-02-23 13:38:03 - [TEST_STEP][PASSED] - delay(2): Delayed 2 second(s)

2022-02-23 13:38:05 - [MESSAGE][PASSED] - Delayed 2 second(s)

2022-02-23 13:38:05 - [TEST_STEP][PASSED] - break: null

2022-02-23 13:38:05 - [MESSAGE][PASSED] - Call Test Case 'Test Cases/Mobile/Page/Login/Login' successfully

2022-02-23 13:38:05 - [MESSAGE][PASSED] - Call Test Case 'Test Cases/Mobile/Page/CheckLogin' successfully

2022-02-23 13:38:05 - [TEST_STEP][PASSED] - tap(HOME_MenubarPortfolio, 0): Tapped on element 'Object Repository/Mobile/Page/Home/Menubar - Portfolio'

2022-02-23 13:38:05 - [MESSAGE][WARNING] - Timeout '0' is invalid. Using default page load timeout: '60'

2022-02-23 13:38:07 - [MESSAGE][PASSED] - Tapped on element 'Object Repository/Mobile/Page/Home/Menubar - Portfolio'

2022-02-23 13:38:07 - [TEST_STEP][PASSED] - delay(1): Delayed 1 second(s)

2022-02-23 13:38:08 - [MESSAGE][PASSED] - Delayed 1 second(s)

2022-02-23 13:38:08 - [TEST_STEP][PASSED] - for ([i = 0, i < 1, (i++)]): Delayed 3 second(s)

2022-02-23 13:38:08 - [TEST_STEP][PASSED] - if (tab == "summary"): Delayed 3 second(s)

2022-02-23 13:38:08 - [TEST_STEP][PASSED] - idr = PORT_BtnIDR: null

2022-02-23 13:38:08 - [TEST_STEP][PASSED] - persen = PORT_BtnPersen: null

2022-02-23 13:38:08 - [TEST_STEP][PASSED] - if (action == "summary"): null

2022-02-23 13:38:08 - [TEST_STEP][PASSED] - else if (action == "perf_daily"): scroll.scroll.scrollScreenBottomToTop is PASSED

2022-02-23 13:38:08 - [TEST_STEP][PASSED] - scroll.scroll.scrollScreenBottomToTop(): scroll.scroll.scrollScreenBottomToTop is PASSED

2022-02-23 13:38:08 - [MESSAGE][PASSED] - Current device physical height is 1423

2022-02-23 13:38:08 - [MESSAGE][PASSED] - Current device physical width is 720

2022-02-23 13:38:09 - [MESSAGE][PASSED] - Swiped from 360,1,138 to 360,284

2022-02-23 13:38:09 - [MESSAGE][PASSED] - scroll.scroll.scrollScreenBottomToTop is PASSED

2022-02-23 13:38:09 - [TEST_STEP][PASSED] - if (action != "summary"): Delayed 3 second(s)

2022-02-23 13:38:09 - [TEST_STEP][PASSED] - delay(1): Delayed 1 second(s)

2022-02-23 13:38:10 - [MESSAGE][PASSED] - Delayed 1 second(s)

2022-02-23 13:38:10 - [TEST_STEP][PASSED] - scroll.scroll.scrollScreenBottomToTop(): scroll.scroll.scrollScreenBottomToTop is PASSED

2022-02-23 13:38:11 - [MESSAGE][PASSED] - Current device physical height is 1423

2022-02-23 13:38:11 - [MESSAGE][PASSED] - Current device physical width is 720

2022-02-23 13:38:12 - [MESSAGE][PASSED] - Swiped from 360,1,138 to 360,284

2022-02-23 13:38:12 - [MESSAGE][PASSED] - scroll.scroll.scrollScreenBottomToTop is PASSED

2022-02-23 13:38:12 - [TEST_STEP][PASSED] - scroll.scroll.scrollScreenBottomToTop(): scroll.scroll.scrollScreenBottomToTop is PASSED

2022-02-23 13:38:12 - [MESSAGE][PASSED] - Current device physical height is 1423

2022-02-23 13:38:12 - [MESSAGE][PASSED] - Current device physical width is 720

2022-02-23 13:38:14 - [MESSAGE][PASSED] - Swiped from 360,1,138 to 360,284

2022-02-23 13:38:14 - [MESSAGE][PASSED] - scroll.scroll.scrollScreenBottomToTop is PASSED

2022-02-23 13:38:14 - [TEST_STEP][PASSED] - delay(3): Delayed 3 second(s)

2022-02-23 13:38:17 - [MESSAGE][PASSED] - Delayed 3 second(s)

2022-02-23 13:38:17 - [TEST_STEP][PASSED] - if (action2 == "idr"): null

2022-02-23 13:38:17 - [TEST_STEP][PASSED] - else if (action2 == "persen"): Delayed 3 second(s)

2022-02-23 13:38:17 - [TEST_STEP][PASSED] - tap(persen, 10): Tapped on element 'Object Repository/Mobile/Page/Portfolio/Button - Persen'

2022-02-23 13:38:17 - [MESSAGE][PASSED] - Tapped on element 'Object Repository/Mobile/Page/Portfolio/Button - Persen'

2022-02-23 13:38:17 - [TEST_STEP][PASSED] - delay(3): Delayed 3 second(s)

2022-02-23 13:38:20 - [MESSAGE][PASSED] - Delayed 3 second(s)

2022-02-23 13:38:20 - [MESSAGE][PASSED] - Call Test Case 'Test Cases/Mobile/Page/Portfolio/Portfolio' successfully

2022-02-23 13:38:20 - [TEST_STEP][PASSED] - callTestCase(findTestCase("Mobile/Page/Run App/Terminate App"), [:], STOP_ON_FAILURE): Call Test Case 'Test Cases/Mobile/Page/Run App/Terminate App' successfully

2022-02-23 13:38:20 - [TEST_CASE][PASSED] - Test Cases/Mobile/Page/Run App/Terminate App: Test Cases/Mobile/Page/Run App/Terminate App

2022-02-23 13:38:20 - [TEST_STEP][PASSED] - startApp.OpenApp.terminateApplication(): startApp.OpenApp.terminateApplication is PASSED

2022-02-23 13:38:23 - [MESSAGE][PASSED] - Delayed 3 second(s)

2022-02-23 13:38:23 - [MESSAGE][PASSED] - Current device physical width is 720

2022-02-23 13:38:24 - [MESSAGE][PASSED] - Current device physical height is 1423

2022-02-23 13:38:25 - [MESSAGE][PASSED] - Swiped from 360,853 to 360,142

2022-02-23 13:38:26 - [MESSAGE][PASSED] - Delayed 1 second(s)

2022-02-23 13:38:27 - [MESSAGE][PASSED] - Swiped from 360,853 to 360,142

2022-02-23 13:38:30 - [MESSAGE][PASSED] - Delayed 3 second(s)

2022-02-23 13:38:30 - [MESSAGE][PASSED] - startApp.OpenApp.terminateApplication is PASSED

2022-02-23 13:38:30 - [MESSAGE][PASSED] - Call Test Case 'Test Cases/Mobile/Page/Run App/Terminate App' successfully]]></system-out>
         <system-err><![CDATA[]]></system-err>
      </testcase>
      <testcase name="Test Cases/Mobile/Scenario/Portfolio/007 - Portfolio Performance Month to Date Persen" time="61.876" classname="Test Cases/Mobile/Scenario/Portfolio/007 - Portfolio Performance Month to Date Persen" status="PASSED">
         <system-out><![CDATA[2022-02-23 13:38:30 - [TEST_CASE][PASSED] - Test Cases/Mobile/Scenario/Portfolio/007 - Portfolio Performance Month to Date Persen: Test Cases/Mobile/Scenario/Portfolio/007 - Portfolio Performance Month to Date Persen

2022-02-23 13:38:30 - [TEST_STEP][PASSED] - callTestCase(findTestCase("Mobile/Page/Run App/Run App byID"), [:], STOP_ON_FAILURE): Call Test Case 'Test Cases/Mobile/Page/Run App/Run App byID' successfully

2022-02-23 13:38:30 - [TEST_CASE][PASSED] - Test Cases/Mobile/Page/Run App/Run App byID: Test Cases/Mobile/Page/Run App/Run App byID

2022-02-23 13:38:30 - [TEST_STEP][PASSED] - startApp.OpenApp.startApplication("id.co.miraeasset.sageclub"): startApp.OpenApp.startApplication is PASSED

2022-02-23 13:38:42 - [MESSAGE][PASSED] - Starting app with application ID: 'id.co.miraeasset.sageclub'

2022-02-23 13:38:42 - [MESSAGE][PASSED] - startApp.OpenApp.startApplication is PASSED

2022-02-23 13:38:42 - [MESSAGE][PASSED] - Call Test Case 'Test Cases/Mobile/Page/Run App/Run App byID' successfully

2022-02-23 13:38:42 - [TEST_STEP][PASSED] - callTestCase(findTestCase("Mobile/Page/Portfolio/Portfolio"), ["tab":"summary", "action":"perf_month", "action2":"persen"], CONTINUE_ON_FAILURE): Call Test Case 'Test Cases/Mobile/Page/Portfolio/Portfolio' successfully

2022-02-23 13:38:42 - [TEST_CASE][PASSED] - Test Cases/Mobile/Page/Portfolio/Portfolio: Test Cases/Mobile/Page/Portfolio/Portfolio

2022-02-23 13:38:42 - [TEST_STEP][PASSED] - callTestCase(findTestCase("Mobile/Page/CheckLogin"), [:], CONTINUE_ON_FAILURE): Call Test Case 'Test Cases/Mobile/Page/CheckLogin' successfully

2022-02-23 13:38:43 - [TEST_CASE][PASSED] - Test Cases/Mobile/Page/CheckLogin: Test Cases/Mobile/Page/CheckLogin

2022-02-23 13:38:43 - [TEST_STEP][PASSED] - loginCheck = verifyElementExist(LOGN_BtnLogin, 5, CONTINUE_ON_FAILURE): Element 'Object Repository/Mobile/Page/Login/Button - Login' is exist

2022-02-23 13:38:44 - [MESSAGE][PASSED] - Element 'Object Repository/Mobile/Page/Login/Button - Login' is exist

2022-02-23 13:38:44 - [TEST_STEP][PASSED] - if (loginCheck): Call Test Case 'Test Cases/Mobile/Page/Login/Login' successfully

2022-02-23 13:38:44 - [TEST_STEP][PASSED] - callTestCase(findTestCase("Mobile/Page/Login/Login"), ["action":"username"], CONTINUE_ON_FAILURE): Call Test Case 'Test Cases/Mobile/Page/Login/Login' successfully

2022-02-23 13:38:44 - [TEST_CASE][PASSED] - Test Cases/Mobile/Page/Login/Login: Test Cases/Mobile/Page/Login/Login

2022-02-23 13:38:44 - [TEST_STEP][PASSED] - delay(2): Delayed 2 second(s)

2022-02-23 13:38:46 - [MESSAGE][PASSED] - Delayed 2 second(s)

2022-02-23 13:38:46 - [TEST_STEP][PASSED] - for ([i = 0, i < 1, (i++)]): null

2022-02-23 13:38:46 - [TEST_STEP][PASSED] - if (action == "username"): null

2022-02-23 13:38:46 - [TEST_STEP][PASSED] - tap(LOGN_EdtUserID, 0): Tapped on element 'Object Repository/Mobile/Page/Login/Input - UserID'

2022-02-23 13:38:46 - [MESSAGE][WARNING] - Timeout '0' is invalid. Using default page load timeout: '60'

2022-02-23 13:38:47 - [MESSAGE][PASSED] - Tapped on element 'Object Repository/Mobile/Page/Login/Input - UserID'

2022-02-23 13:38:47 - [TEST_STEP][PASSED] - delay(1): Delayed 1 second(s)

2022-02-23 13:38:48 - [MESSAGE][PASSED] - Delayed 1 second(s)

2022-02-23 13:38:48 - [TEST_STEP][PASSED] - setText(LOGN_EdtRdyUserID, "anggaaditya", 0): Text 'anggaaditya' has been set to element 'Object Repository/Mobile/Page/Login/Input Rdy - UserID'

2022-02-23 13:38:48 - [MESSAGE][WARNING] - Timeout '0' is invalid. Using default page load timeout: '60'

2022-02-23 13:38:49 - [MESSAGE][PASSED] - Text 'anggaaditya' has been set to element 'Object Repository/Mobile/Page/Login/Input Rdy - UserID'

2022-02-23 13:38:49 - [TEST_STEP][PASSED] - delay(1): Delayed 1 second(s)

2022-02-23 13:38:50 - [MESSAGE][PASSED] - Delayed 1 second(s)

2022-02-23 13:38:50 - [TEST_STEP][PASSED] - hideKeyboard(): Keyboard is hidden

2022-02-23 13:38:53 - [MESSAGE][PASSED] - Keyboard is hidden

2022-02-23 13:38:53 - [TEST_STEP][PASSED] - tap(LOGN_EdtPassword, 0): Tapped on element 'Object Repository/Mobile/Page/Login/Input - Password'

2022-02-23 13:38:53 - [MESSAGE][WARNING] - Timeout '0' is invalid. Using default page load timeout: '60'

2022-02-23 13:38:54 - [MESSAGE][PASSED] - Tapped on element 'Object Repository/Mobile/Page/Login/Input - Password'

2022-02-23 13:38:54 - [TEST_STEP][PASSED] - delay(1): Delayed 1 second(s)

2022-02-23 13:38:55 - [MESSAGE][PASSED] - Delayed 1 second(s)

2022-02-23 13:38:55 - [TEST_STEP][PASSED] - setText(LOGN_EdtRdyPassword, "Shalawa18", 0): Text 'Shalawa18' has been set to element 'Object Repository/Mobile/Page/Login/Input Rdy - Password'

2022-02-23 13:38:55 - [MESSAGE][WARNING] - Timeout '0' is invalid. Using default page load timeout: '60'

2022-02-23 13:38:55 - [MESSAGE][PASSED] - Text 'Shalawa18' has been set to element 'Object Repository/Mobile/Page/Login/Input Rdy - Password'

2022-02-23 13:38:55 - [TEST_STEP][PASSED] - delay(1): Delayed 1 second(s)

2022-02-23 13:38:56 - [MESSAGE][PASSED] - Delayed 1 second(s)

2022-02-23 13:38:56 - [TEST_STEP][PASSED] - hideKeyboard(): Keyboard is hidden

2022-02-23 13:39:02 - [MESSAGE][PASSED] - Keyboard is hidden

2022-02-23 13:39:02 - [TEST_STEP][PASSED] - tap(LOGN_BtnLogin, 0): Tapped on element 'Object Repository/Mobile/Page/Login/Button - Login'

2022-02-23 13:39:02 - [MESSAGE][WARNING] - Timeout '0' is invalid. Using default page load timeout: '60'

2022-02-23 13:39:04 - [MESSAGE][PASSED] - Tapped on element 'Object Repository/Mobile/Page/Login/Button - Login'

2022-02-23 13:39:04 - [TEST_STEP][PASSED] - delay(2): Delayed 2 second(s)

2022-02-23 13:39:06 - [MESSAGE][PASSED] - Delayed 2 second(s)

2022-02-23 13:39:06 - [TEST_STEP][PASSED] - break: null

2022-02-23 13:39:06 - [MESSAGE][PASSED] - Call Test Case 'Test Cases/Mobile/Page/Login/Login' successfully

2022-02-23 13:39:06 - [MESSAGE][PASSED] - Call Test Case 'Test Cases/Mobile/Page/CheckLogin' successfully

2022-02-23 13:39:06 - [TEST_STEP][PASSED] - tap(HOME_MenubarPortfolio, 0): Tapped on element 'Object Repository/Mobile/Page/Home/Menubar - Portfolio'

2022-02-23 13:39:06 - [MESSAGE][WARNING] - Timeout '0' is invalid. Using default page load timeout: '60'

2022-02-23 13:39:07 - [MESSAGE][PASSED] - Tapped on element 'Object Repository/Mobile/Page/Home/Menubar - Portfolio'

2022-02-23 13:39:07 - [TEST_STEP][PASSED] - delay(1): Delayed 1 second(s)

2022-02-23 13:39:08 - [MESSAGE][PASSED] - Delayed 1 second(s)

2022-02-23 13:39:08 - [TEST_STEP][PASSED] - for ([i = 0, i < 1, (i++)]): Delayed 3 second(s)

2022-02-23 13:39:08 - [TEST_STEP][PASSED] - if (tab == "summary"): Delayed 3 second(s)

2022-02-23 13:39:08 - [TEST_STEP][PASSED] - idr = PORT_BtnIDR: null

2022-02-23 13:39:08 - [TEST_STEP][PASSED] - persen = PORT_BtnPersen: null

2022-02-23 13:39:08 - [TEST_STEP][PASSED] - if (action == "summary"): null

2022-02-23 13:39:08 - [TEST_STEP][PASSED] - else if (action == "perf_daily"): null

2022-02-23 13:39:08 - [TEST_STEP][PASSED] - else if (action == "perf_month"): Tapped on element 'Object Repository/Mobile/Page/Portfolio/Tab - Summary Month to Date'

2022-02-23 13:39:08 - [TEST_STEP][PASSED] - scroll.scroll.scrollScreenBottomToTop(): scroll.scroll.scrollScreenBottomToTop is PASSED

2022-02-23 13:39:09 - [MESSAGE][PASSED] - Current device physical height is 1423

2022-02-23 13:39:09 - [MESSAGE][PASSED] - Current device physical width is 720

2022-02-23 13:39:10 - [MESSAGE][PASSED] - Swiped from 360,1,138 to 360,284

2022-02-23 13:39:10 - [MESSAGE][PASSED] - scroll.scroll.scrollScreenBottomToTop is PASSED

2022-02-23 13:39:10 - [TEST_STEP][PASSED] - delay(1): Delayed 1 second(s)

2022-02-23 13:39:11 - [MESSAGE][PASSED] - Delayed 1 second(s)

2022-02-23 13:39:11 - [TEST_STEP][PASSED] - tap(PORT_TabSummaryMonth, 0): Tapped on element 'Object Repository/Mobile/Page/Portfolio/Tab - Summary Month to Date'

2022-02-23 13:39:11 - [MESSAGE][WARNING] - Timeout '0' is invalid. Using default page load timeout: '60'

2022-02-23 13:39:11 - [MESSAGE][PASSED] - Tapped on element 'Object Repository/Mobile/Page/Portfolio/Tab - Summary Month to Date'

2022-02-23 13:39:11 - [TEST_STEP][PASSED] - if (action != "summary"): Delayed 3 second(s)

2022-02-23 13:39:11 - [TEST_STEP][PASSED] - delay(1): Delayed 1 second(s)

2022-02-23 13:39:12 - [MESSAGE][PASSED] - Delayed 1 second(s)

2022-02-23 13:39:12 - [TEST_STEP][PASSED] - scroll.scroll.scrollScreenBottomToTop(): scroll.scroll.scrollScreenBottomToTop is PASSED

2022-02-23 13:39:13 - [MESSAGE][PASSED] - Current device physical height is 1423

2022-02-23 13:39:13 - [MESSAGE][PASSED] - Current device physical width is 720

2022-02-23 13:39:14 - [MESSAGE][PASSED] - Swiped from 360,1,138 to 360,284

2022-02-23 13:39:14 - [MESSAGE][PASSED] - scroll.scroll.scrollScreenBottomToTop is PASSED

2022-02-23 13:39:14 - [TEST_STEP][PASSED] - scroll.scroll.scrollScreenBottomToTop(): scroll.scroll.scrollScreenBottomToTop is PASSED

2022-02-23 13:39:14 - [MESSAGE][PASSED] - Current device physical height is 1423

2022-02-23 13:39:14 - [MESSAGE][PASSED] - Current device physical width is 720

2022-02-23 13:39:15 - [MESSAGE][PASSED] - Swiped from 360,1,138 to 360,284

2022-02-23 13:39:15 - [MESSAGE][PASSED] - scroll.scroll.scrollScreenBottomToTop is PASSED

2022-02-23 13:39:15 - [TEST_STEP][PASSED] - delay(3): Delayed 3 second(s)

2022-02-23 13:39:18 - [MESSAGE][PASSED] - Delayed 3 second(s)

2022-02-23 13:39:18 - [TEST_STEP][PASSED] - if (action2 == "idr"): null

2022-02-23 13:39:18 - [TEST_STEP][PASSED] - else if (action2 == "persen"): Delayed 3 second(s)

2022-02-23 13:39:18 - [TEST_STEP][PASSED] - tap(persen, 10): Tapped on element 'Object Repository/Mobile/Page/Portfolio/Button - Persen'

2022-02-23 13:39:19 - [MESSAGE][PASSED] - Tapped on element 'Object Repository/Mobile/Page/Portfolio/Button - Persen'

2022-02-23 13:39:19 - [TEST_STEP][PASSED] - delay(3): Delayed 3 second(s)

2022-02-23 13:39:22 - [MESSAGE][PASSED] - Delayed 3 second(s)

2022-02-23 13:39:22 - [MESSAGE][PASSED] - Call Test Case 'Test Cases/Mobile/Page/Portfolio/Portfolio' successfully

2022-02-23 13:39:22 - [TEST_STEP][PASSED] - callTestCase(findTestCase("Mobile/Page/Run App/Terminate App"), [:], STOP_ON_FAILURE): Call Test Case 'Test Cases/Mobile/Page/Run App/Terminate App' successfully

2022-02-23 13:39:22 - [TEST_CASE][PASSED] - Test Cases/Mobile/Page/Run App/Terminate App: Test Cases/Mobile/Page/Run App/Terminate App

2022-02-23 13:39:22 - [TEST_STEP][PASSED] - startApp.OpenApp.terminateApplication(): startApp.OpenApp.terminateApplication is PASSED

2022-02-23 13:39:25 - [MESSAGE][PASSED] - Delayed 3 second(s)

2022-02-23 13:39:25 - [MESSAGE][PASSED] - Current device physical width is 720

2022-02-23 13:39:25 - [MESSAGE][PASSED] - Current device physical height is 1423

2022-02-23 13:39:27 - [MESSAGE][PASSED] - Swiped from 360,853 to 360,142

2022-02-23 13:39:28 - [MESSAGE][PASSED] - Delayed 1 second(s)

2022-02-23 13:39:29 - [MESSAGE][PASSED] - Swiped from 360,853 to 360,142

2022-02-23 13:39:32 - [MESSAGE][PASSED] - Delayed 3 second(s)

2022-02-23 13:39:32 - [MESSAGE][PASSED] - startApp.OpenApp.terminateApplication is PASSED

2022-02-23 13:39:32 - [MESSAGE][PASSED] - Call Test Case 'Test Cases/Mobile/Page/Run App/Terminate App' successfully]]></system-out>
         <system-err><![CDATA[]]></system-err>
      </testcase>
      <testcase name="Test Cases/Mobile/Scenario/Portfolio/008 - Portfolio Performance Quarter to Date Persen" time="61.566" classname="Test Cases/Mobile/Scenario/Portfolio/008 - Portfolio Performance Quarter to Date Persen" status="PASSED">
         <system-out><![CDATA[2022-02-23 13:39:32 - [TEST_CASE][PASSED] - Test Cases/Mobile/Scenario/Portfolio/008 - Portfolio Performance Quarter to Date Persen: Test Cases/Mobile/Scenario/Portfolio/008 - Portfolio Performance Quarter to Date Persen

2022-02-23 13:39:32 - [TEST_STEP][PASSED] - callTestCase(findTestCase("Mobile/Page/Run App/Run App byID"), [:], STOP_ON_FAILURE): Call Test Case 'Test Cases/Mobile/Page/Run App/Run App byID' successfully

2022-02-23 13:39:32 - [TEST_CASE][PASSED] - Test Cases/Mobile/Page/Run App/Run App byID: Test Cases/Mobile/Page/Run App/Run App byID

2022-02-23 13:39:32 - [TEST_STEP][PASSED] - startApp.OpenApp.startApplication("id.co.miraeasset.sageclub"): startApp.OpenApp.startApplication is PASSED

2022-02-23 13:39:44 - [MESSAGE][PASSED] - Starting app with application ID: 'id.co.miraeasset.sageclub'

2022-02-23 13:39:44 - [MESSAGE][PASSED] - startApp.OpenApp.startApplication is PASSED

2022-02-23 13:39:44 - [MESSAGE][PASSED] - Call Test Case 'Test Cases/Mobile/Page/Run App/Run App byID' successfully

2022-02-23 13:39:44 - [TEST_STEP][PASSED] - callTestCase(findTestCase("Mobile/Page/Portfolio/Portfolio"), ["tab":"summary", "action":"perf_quarter", "action2":"persen"], CONTINUE_ON_FAILURE): Call Test Case 'Test Cases/Mobile/Page/Portfolio/Portfolio' successfully

2022-02-23 13:39:44 - [TEST_CASE][PASSED] - Test Cases/Mobile/Page/Portfolio/Portfolio: Test Cases/Mobile/Page/Portfolio/Portfolio

2022-02-23 13:39:44 - [TEST_STEP][PASSED] - callTestCase(findTestCase("Mobile/Page/CheckLogin"), [:], CONTINUE_ON_FAILURE): Call Test Case 'Test Cases/Mobile/Page/CheckLogin' successfully

2022-02-23 13:39:44 - [TEST_CASE][PASSED] - Test Cases/Mobile/Page/CheckLogin: Test Cases/Mobile/Page/CheckLogin

2022-02-23 13:39:44 - [TEST_STEP][PASSED] - loginCheck = verifyElementExist(LOGN_BtnLogin, 5, CONTINUE_ON_FAILURE): Element 'Object Repository/Mobile/Page/Login/Button - Login' is exist

2022-02-23 13:39:46 - [MESSAGE][PASSED] - Element 'Object Repository/Mobile/Page/Login/Button - Login' is exist

2022-02-23 13:39:46 - [TEST_STEP][PASSED] - if (loginCheck): Call Test Case 'Test Cases/Mobile/Page/Login/Login' successfully

2022-02-23 13:39:46 - [TEST_STEP][PASSED] - callTestCase(findTestCase("Mobile/Page/Login/Login"), ["action":"username"], CONTINUE_ON_FAILURE): Call Test Case 'Test Cases/Mobile/Page/Login/Login' successfully

2022-02-23 13:39:46 - [TEST_CASE][PASSED] - Test Cases/Mobile/Page/Login/Login: Test Cases/Mobile/Page/Login/Login

2022-02-23 13:39:46 - [TEST_STEP][PASSED] - delay(2): Delayed 2 second(s)

2022-02-23 13:39:48 - [MESSAGE][PASSED] - Delayed 2 second(s)

2022-02-23 13:39:48 - [TEST_STEP][PASSED] - for ([i = 0, i < 1, (i++)]): null

2022-02-23 13:39:48 - [TEST_STEP][PASSED] - if (action == "username"): null

2022-02-23 13:39:48 - [TEST_STEP][PASSED] - tap(LOGN_EdtUserID, 0): Tapped on element 'Object Repository/Mobile/Page/Login/Input - UserID'

2022-02-23 13:39:48 - [MESSAGE][WARNING] - Timeout '0' is invalid. Using default page load timeout: '60'

2022-02-23 13:39:49 - [MESSAGE][PASSED] - Tapped on element 'Object Repository/Mobile/Page/Login/Input - UserID'

2022-02-23 13:39:49 - [TEST_STEP][PASSED] - delay(1): Delayed 1 second(s)

2022-02-23 13:39:50 - [MESSAGE][PASSED] - Delayed 1 second(s)

2022-02-23 13:39:50 - [TEST_STEP][PASSED] - setText(LOGN_EdtRdyUserID, "anggaaditya", 0): Text 'anggaaditya' has been set to element 'Object Repository/Mobile/Page/Login/Input Rdy - UserID'

2022-02-23 13:39:50 - [MESSAGE][WARNING] - Timeout '0' is invalid. Using default page load timeout: '60'

2022-02-23 13:39:50 - [MESSAGE][PASSED] - Text 'anggaaditya' has been set to element 'Object Repository/Mobile/Page/Login/Input Rdy - UserID'

2022-02-23 13:39:50 - [TEST_STEP][PASSED] - delay(1): Delayed 1 second(s)

2022-02-23 13:39:51 - [MESSAGE][PASSED] - Delayed 1 second(s)

2022-02-23 13:39:51 - [TEST_STEP][PASSED] - hideKeyboard(): Keyboard is hidden

2022-02-23 13:39:55 - [MESSAGE][PASSED] - Keyboard is hidden

2022-02-23 13:39:55 - [TEST_STEP][PASSED] - tap(LOGN_EdtPassword, 0): Tapped on element 'Object Repository/Mobile/Page/Login/Input - Password'

2022-02-23 13:39:55 - [MESSAGE][WARNING] - Timeout '0' is invalid. Using default page load timeout: '60'

2022-02-23 13:39:55 - [MESSAGE][PASSED] - Tapped on element 'Object Repository/Mobile/Page/Login/Input - Password'

2022-02-23 13:39:55 - [TEST_STEP][PASSED] - delay(1): Delayed 1 second(s)

2022-02-23 13:39:56 - [MESSAGE][PASSED] - Delayed 1 second(s)

2022-02-23 13:39:56 - [TEST_STEP][PASSED] - setText(LOGN_EdtRdyPassword, "Shalawa18", 0): Text 'Shalawa18' has been set to element 'Object Repository/Mobile/Page/Login/Input Rdy - Password'

2022-02-23 13:39:56 - [MESSAGE][WARNING] - Timeout '0' is invalid. Using default page load timeout: '60'

2022-02-23 13:39:57 - [MESSAGE][PASSED] - Text 'Shalawa18' has been set to element 'Object Repository/Mobile/Page/Login/Input Rdy - Password'

2022-02-23 13:39:57 - [TEST_STEP][PASSED] - delay(1): Delayed 1 second(s)

2022-02-23 13:39:58 - [MESSAGE][PASSED] - Delayed 1 second(s)

2022-02-23 13:39:58 - [TEST_STEP][PASSED] - hideKeyboard(): Keyboard is hidden

2022-02-23 13:40:04 - [MESSAGE][PASSED] - Keyboard is hidden

2022-02-23 13:40:04 - [TEST_STEP][PASSED] - tap(LOGN_BtnLogin, 0): Tapped on element 'Object Repository/Mobile/Page/Login/Button - Login'

2022-02-23 13:40:04 - [MESSAGE][WARNING] - Timeout '0' is invalid. Using default page load timeout: '60'

2022-02-23 13:40:05 - [MESSAGE][PASSED] - Tapped on element 'Object Repository/Mobile/Page/Login/Button - Login'

2022-02-23 13:40:05 - [TEST_STEP][PASSED] - delay(2): Delayed 2 second(s)

2022-02-23 13:40:07 - [MESSAGE][PASSED] - Delayed 2 second(s)

2022-02-23 13:40:07 - [TEST_STEP][PASSED] - break: null

2022-02-23 13:40:07 - [MESSAGE][PASSED] - Call Test Case 'Test Cases/Mobile/Page/Login/Login' successfully

2022-02-23 13:40:07 - [MESSAGE][PASSED] - Call Test Case 'Test Cases/Mobile/Page/CheckLogin' successfully

2022-02-23 13:40:07 - [TEST_STEP][PASSED] - tap(HOME_MenubarPortfolio, 0): Tapped on element 'Object Repository/Mobile/Page/Home/Menubar - Portfolio'

2022-02-23 13:40:07 - [MESSAGE][WARNING] - Timeout '0' is invalid. Using default page load timeout: '60'

2022-02-23 13:40:09 - [MESSAGE][PASSED] - Tapped on element 'Object Repository/Mobile/Page/Home/Menubar - Portfolio'

2022-02-23 13:40:09 - [TEST_STEP][PASSED] - delay(1): Delayed 1 second(s)

2022-02-23 13:40:10 - [MESSAGE][PASSED] - Delayed 1 second(s)

2022-02-23 13:40:10 - [TEST_STEP][PASSED] - for ([i = 0, i < 1, (i++)]): Delayed 3 second(s)

2022-02-23 13:40:10 - [TEST_STEP][PASSED] - if (tab == "summary"): Delayed 3 second(s)

2022-02-23 13:40:10 - [TEST_STEP][PASSED] - idr = PORT_BtnIDR: null

2022-02-23 13:40:10 - [TEST_STEP][PASSED] - persen = PORT_BtnPersen: null

2022-02-23 13:40:10 - [TEST_STEP][PASSED] - if (action == "summary"): null

2022-02-23 13:40:10 - [TEST_STEP][PASSED] - else if (action == "perf_daily"): null

2022-02-23 13:40:10 - [TEST_STEP][PASSED] - else if (action == "perf_month"): null

2022-02-23 13:40:10 - [TEST_STEP][PASSED] - else if (action == "perf_quarter"): Tapped on element 'Object Repository/Mobile/Page/Portfolio/Tab - Summary Quarter to Date'

2022-02-23 13:40:10 - [TEST_STEP][PASSED] - scroll.scroll.scrollScreenBottomToTop(): scroll.scroll.scrollScreenBottomToTop is PASSED

2022-02-23 13:40:10 - [MESSAGE][PASSED] - Current device physical height is 1423

2022-02-23 13:40:10 - [MESSAGE][PASSED] - Current device physical width is 720

2022-02-23 13:40:11 - [MESSAGE][PASSED] - Swiped from 360,1,138 to 360,284

2022-02-23 13:40:11 - [MESSAGE][PASSED] - scroll.scroll.scrollScreenBottomToTop is PASSED

2022-02-23 13:40:11 - [TEST_STEP][PASSED] - delay(1): Delayed 1 second(s)

2022-02-23 13:40:12 - [MESSAGE][PASSED] - Delayed 1 second(s)

2022-02-23 13:40:12 - [TEST_STEP][PASSED] - tap(PORT_TabSummaryQuarter, 0): Tapped on element 'Object Repository/Mobile/Page/Portfolio/Tab - Summary Quarter to Date'

2022-02-23 13:40:12 - [MESSAGE][WARNING] - Timeout '0' is invalid. Using default page load timeout: '60'

2022-02-23 13:40:13 - [MESSAGE][PASSED] - Tapped on element 'Object Repository/Mobile/Page/Portfolio/Tab - Summary Quarter to Date'

2022-02-23 13:40:13 - [TEST_STEP][PASSED] - if (action != "summary"): Delayed 3 second(s)

2022-02-23 13:40:13 - [TEST_STEP][PASSED] - delay(1): Delayed 1 second(s)

2022-02-23 13:40:14 - [MESSAGE][PASSED] - Delayed 1 second(s)

2022-02-23 13:40:14 - [TEST_STEP][PASSED] - scroll.scroll.scrollScreenBottomToTop(): scroll.scroll.scrollScreenBottomToTop is PASSED

2022-02-23 13:40:14 - [MESSAGE][PASSED] - Current device physical height is 1423

2022-02-23 13:40:14 - [MESSAGE][PASSED] - Current device physical width is 720

2022-02-23 13:40:15 - [MESSAGE][PASSED] - Swiped from 360,1,138 to 360,284

2022-02-23 13:40:15 - [MESSAGE][PASSED] - scroll.scroll.scrollScreenBottomToTop is PASSED

2022-02-23 13:40:15 - [TEST_STEP][PASSED] - scroll.scroll.scrollScreenBottomToTop(): scroll.scroll.scrollScreenBottomToTop is PASSED

2022-02-23 13:40:16 - [MESSAGE][PASSED] - Current device physical height is 1423

2022-02-23 13:40:16 - [MESSAGE][PASSED] - Current device physical width is 720

2022-02-23 13:40:17 - [MESSAGE][PASSED] - Swiped from 360,1,138 to 360,284

2022-02-23 13:40:17 - [MESSAGE][PASSED] - scroll.scroll.scrollScreenBottomToTop is PASSED

2022-02-23 13:40:17 - [TEST_STEP][PASSED] - delay(3): Delayed 3 second(s)

2022-02-23 13:40:20 - [MESSAGE][PASSED] - Delayed 3 second(s)

2022-02-23 13:40:20 - [TEST_STEP][PASSED] - if (action2 == "idr"): null

2022-02-23 13:40:20 - [TEST_STEP][PASSED] - else if (action2 == "persen"): Delayed 3 second(s)

2022-02-23 13:40:20 - [TEST_STEP][PASSED] - tap(persen, 10): Tapped on element 'Object Repository/Mobile/Page/Portfolio/Button - Persen'

2022-02-23 13:40:21 - [MESSAGE][PASSED] - Tapped on element 'Object Repository/Mobile/Page/Portfolio/Button - Persen'

2022-02-23 13:40:21 - [TEST_STEP][PASSED] - delay(3): Delayed 3 second(s)

2022-02-23 13:40:24 - [MESSAGE][PASSED] - Delayed 3 second(s)

2022-02-23 13:40:24 - [MESSAGE][PASSED] - Call Test Case 'Test Cases/Mobile/Page/Portfolio/Portfolio' successfully

2022-02-23 13:40:24 - [TEST_STEP][PASSED] - callTestCase(findTestCase("Mobile/Page/Run App/Terminate App"), [:], STOP_ON_FAILURE): Call Test Case 'Test Cases/Mobile/Page/Run App/Terminate App' successfully

2022-02-23 13:40:24 - [TEST_CASE][PASSED] - Test Cases/Mobile/Page/Run App/Terminate App: Test Cases/Mobile/Page/Run App/Terminate App

2022-02-23 13:40:24 - [TEST_STEP][PASSED] - startApp.OpenApp.terminateApplication(): startApp.OpenApp.terminateApplication is PASSED

2022-02-23 13:40:27 - [MESSAGE][PASSED] - Delayed 3 second(s)

2022-02-23 13:40:27 - [MESSAGE][PASSED] - Current device physical width is 720

2022-02-23 13:40:27 - [MESSAGE][PASSED] - Current device physical height is 1423

2022-02-23 13:40:28 - [MESSAGE][PASSED] - Swiped from 360,853 to 360,142

2022-02-23 13:40:29 - [MESSAGE][PASSED] - Delayed 1 second(s)

2022-02-23 13:40:31 - [MESSAGE][PASSED] - Swiped from 360,853 to 360,142

2022-02-23 13:40:34 - [MESSAGE][PASSED] - Delayed 3 second(s)

2022-02-23 13:40:34 - [MESSAGE][PASSED] - startApp.OpenApp.terminateApplication is PASSED

2022-02-23 13:40:34 - [MESSAGE][PASSED] - Call Test Case 'Test Cases/Mobile/Page/Run App/Terminate App' successfully]]></system-out>
         <system-err><![CDATA[]]></system-err>
      </testcase>
      <testcase name="Test Cases/Mobile/Scenario/Portfolio/009 - Portfolio Performance Year to Date Persen" time="61.654" classname="Test Cases/Mobile/Scenario/Portfolio/009 - Portfolio Performance Year to Date Persen" status="PASSED">
         <system-out><![CDATA[2022-02-23 13:40:34 - [TEST_CASE][PASSED] - Test Cases/Mobile/Scenario/Portfolio/009 - Portfolio Performance Year to Date Persen: Test Cases/Mobile/Scenario/Portfolio/009 - Portfolio Performance Year to Date Persen

2022-02-23 13:40:34 - [TEST_STEP][PASSED] - callTestCase(findTestCase("Mobile/Page/Run App/Run App byID"), [:], STOP_ON_FAILURE): Call Test Case 'Test Cases/Mobile/Page/Run App/Run App byID' successfully

2022-02-23 13:40:34 - [TEST_CASE][PASSED] - Test Cases/Mobile/Page/Run App/Run App byID: Test Cases/Mobile/Page/Run App/Run App byID

2022-02-23 13:40:34 - [TEST_STEP][PASSED] - startApp.OpenApp.startApplication("id.co.miraeasset.sageclub"): startApp.OpenApp.startApplication is PASSED

2022-02-23 13:40:46 - [MESSAGE][PASSED] - Starting app with application ID: 'id.co.miraeasset.sageclub'

2022-02-23 13:40:46 - [MESSAGE][PASSED] - startApp.OpenApp.startApplication is PASSED

2022-02-23 13:40:46 - [MESSAGE][PASSED] - Call Test Case 'Test Cases/Mobile/Page/Run App/Run App byID' successfully

2022-02-23 13:40:46 - [TEST_STEP][PASSED] - callTestCase(findTestCase("Mobile/Page/Portfolio/Portfolio"), ["tab":"summary", "action":"perf_year", "action2":"persen"], CONTINUE_ON_FAILURE): Call Test Case 'Test Cases/Mobile/Page/Portfolio/Portfolio' successfully

2022-02-23 13:40:46 - [TEST_CASE][PASSED] - Test Cases/Mobile/Page/Portfolio/Portfolio: Test Cases/Mobile/Page/Portfolio/Portfolio

2022-02-23 13:40:46 - [TEST_STEP][PASSED] - callTestCase(findTestCase("Mobile/Page/CheckLogin"), [:], CONTINUE_ON_FAILURE): Call Test Case 'Test Cases/Mobile/Page/CheckLogin' successfully

2022-02-23 13:40:46 - [TEST_CASE][PASSED] - Test Cases/Mobile/Page/CheckLogin: Test Cases/Mobile/Page/CheckLogin

2022-02-23 13:40:46 - [TEST_STEP][PASSED] - loginCheck = verifyElementExist(LOGN_BtnLogin, 5, CONTINUE_ON_FAILURE): Element 'Object Repository/Mobile/Page/Login/Button - Login' is exist

2022-02-23 13:40:48 - [MESSAGE][PASSED] - Element 'Object Repository/Mobile/Page/Login/Button - Login' is exist

2022-02-23 13:40:48 - [TEST_STEP][PASSED] - if (loginCheck): Call Test Case 'Test Cases/Mobile/Page/Login/Login' successfully

2022-02-23 13:40:48 - [TEST_STEP][PASSED] - callTestCase(findTestCase("Mobile/Page/Login/Login"), ["action":"username"], CONTINUE_ON_FAILURE): Call Test Case 'Test Cases/Mobile/Page/Login/Login' successfully

2022-02-23 13:40:48 - [TEST_CASE][PASSED] - Test Cases/Mobile/Page/Login/Login: Test Cases/Mobile/Page/Login/Login

2022-02-23 13:40:48 - [TEST_STEP][PASSED] - delay(2): Delayed 2 second(s)

2022-02-23 13:40:50 - [MESSAGE][PASSED] - Delayed 2 second(s)

2022-02-23 13:40:50 - [TEST_STEP][PASSED] - for ([i = 0, i < 1, (i++)]): null

2022-02-23 13:40:50 - [TEST_STEP][PASSED] - if (action == "username"): null

2022-02-23 13:40:50 - [TEST_STEP][PASSED] - tap(LOGN_EdtUserID, 0): Tapped on element 'Object Repository/Mobile/Page/Login/Input - UserID'

2022-02-23 13:40:50 - [MESSAGE][WARNING] - Timeout '0' is invalid. Using default page load timeout: '60'

2022-02-23 13:40:50 - [MESSAGE][PASSED] - Tapped on element 'Object Repository/Mobile/Page/Login/Input - UserID'

2022-02-23 13:40:50 - [TEST_STEP][PASSED] - delay(1): Delayed 1 second(s)

2022-02-23 13:40:51 - [MESSAGE][PASSED] - Delayed 1 second(s)

2022-02-23 13:40:51 - [TEST_STEP][PASSED] - setText(LOGN_EdtRdyUserID, "anggaaditya", 0): Text 'anggaaditya' has been set to element 'Object Repository/Mobile/Page/Login/Input Rdy - UserID'

2022-02-23 13:40:51 - [MESSAGE][WARNING] - Timeout '0' is invalid. Using default page load timeout: '60'

2022-02-23 13:40:52 - [MESSAGE][PASSED] - Text 'anggaaditya' has been set to element 'Object Repository/Mobile/Page/Login/Input Rdy - UserID'

2022-02-23 13:40:52 - [TEST_STEP][PASSED] - delay(1): Delayed 1 second(s)

2022-02-23 13:40:53 - [MESSAGE][PASSED] - Delayed 1 second(s)

2022-02-23 13:40:53 - [TEST_STEP][PASSED] - hideKeyboard(): Keyboard is hidden

2022-02-23 13:40:56 - [MESSAGE][PASSED] - Keyboard is hidden

2022-02-23 13:40:56 - [TEST_STEP][PASSED] - tap(LOGN_EdtPassword, 0): Tapped on element 'Object Repository/Mobile/Page/Login/Input - Password'

2022-02-23 13:40:56 - [MESSAGE][WARNING] - Timeout '0' is invalid. Using default page load timeout: '60'

2022-02-23 13:40:57 - [MESSAGE][PASSED] - Tapped on element 'Object Repository/Mobile/Page/Login/Input - Password'

2022-02-23 13:40:57 - [TEST_STEP][PASSED] - delay(1): Delayed 1 second(s)

2022-02-23 13:40:58 - [MESSAGE][PASSED] - Delayed 1 second(s)

2022-02-23 13:40:58 - [TEST_STEP][PASSED] - setText(LOGN_EdtRdyPassword, "Shalawa18", 0): Text 'Shalawa18' has been set to element 'Object Repository/Mobile/Page/Login/Input Rdy - Password'

2022-02-23 13:40:58 - [MESSAGE][WARNING] - Timeout '0' is invalid. Using default page load timeout: '60'

2022-02-23 13:40:59 - [MESSAGE][PASSED] - Text 'Shalawa18' has been set to element 'Object Repository/Mobile/Page/Login/Input Rdy - Password'

2022-02-23 13:40:59 - [TEST_STEP][PASSED] - delay(1): Delayed 1 second(s)

2022-02-23 13:41:00 - [MESSAGE][PASSED] - Delayed 1 second(s)

2022-02-23 13:41:00 - [TEST_STEP][PASSED] - hideKeyboard(): Keyboard is hidden

2022-02-23 13:41:06 - [MESSAGE][PASSED] - Keyboard is hidden

2022-02-23 13:41:06 - [TEST_STEP][PASSED] - tap(LOGN_BtnLogin, 0): Tapped on element 'Object Repository/Mobile/Page/Login/Button - Login'

2022-02-23 13:41:06 - [MESSAGE][WARNING] - Timeout '0' is invalid. Using default page load timeout: '60'

2022-02-23 13:41:07 - [MESSAGE][PASSED] - Tapped on element 'Object Repository/Mobile/Page/Login/Button - Login'

2022-02-23 13:41:07 - [TEST_STEP][PASSED] - delay(2): Delayed 2 second(s)

2022-02-23 13:41:09 - [MESSAGE][PASSED] - Delayed 2 second(s)

2022-02-23 13:41:09 - [TEST_STEP][PASSED] - break: null

2022-02-23 13:41:09 - [MESSAGE][PASSED] - Call Test Case 'Test Cases/Mobile/Page/Login/Login' successfully

2022-02-23 13:41:09 - [MESSAGE][PASSED] - Call Test Case 'Test Cases/Mobile/Page/CheckLogin' successfully

2022-02-23 13:41:09 - [TEST_STEP][PASSED] - tap(HOME_MenubarPortfolio, 0): Tapped on element 'Object Repository/Mobile/Page/Home/Menubar - Portfolio'

2022-02-23 13:41:09 - [MESSAGE][WARNING] - Timeout '0' is invalid. Using default page load timeout: '60'

2022-02-23 13:41:10 - [MESSAGE][PASSED] - Tapped on element 'Object Repository/Mobile/Page/Home/Menubar - Portfolio'

2022-02-23 13:41:10 - [TEST_STEP][PASSED] - delay(1): Delayed 1 second(s)

2022-02-23 13:41:11 - [MESSAGE][PASSED] - Delayed 1 second(s)

2022-02-23 13:41:11 - [TEST_STEP][PASSED] - for ([i = 0, i < 1, (i++)]): Delayed 3 second(s)

2022-02-23 13:41:11 - [TEST_STEP][PASSED] - if (tab == "summary"): Delayed 3 second(s)

2022-02-23 13:41:11 - [TEST_STEP][PASSED] - idr = PORT_BtnIDR: null

2022-02-23 13:41:11 - [TEST_STEP][PASSED] - persen = PORT_BtnPersen: null

2022-02-23 13:41:11 - [TEST_STEP][PASSED] - if (action == "summary"): null

2022-02-23 13:41:11 - [TEST_STEP][PASSED] - else if (action == "perf_daily"): null

2022-02-23 13:41:11 - [TEST_STEP][PASSED] - else if (action == "perf_month"): null

2022-02-23 13:41:11 - [TEST_STEP][PASSED] - else if (action == "perf_quarter"): null

2022-02-23 13:41:11 - [TEST_STEP][PASSED] - else if (action == "perf_year"): Tapped on element 'Object Repository/Mobile/Page/Portfolio/Tab - Summary Year to Date'

2022-02-23 13:41:11 - [TEST_STEP][PASSED] - scroll.scroll.scrollScreenBottomToTop(): scroll.scroll.scrollScreenBottomToTop is PASSED

2022-02-23 13:41:12 - [MESSAGE][PASSED] - Current device physical height is 1423

2022-02-23 13:41:12 - [MESSAGE][PASSED] - Current device physical width is 720

2022-02-23 13:41:13 - [MESSAGE][PASSED] - Swiped from 360,1,138 to 360,284

2022-02-23 13:41:13 - [MESSAGE][PASSED] - scroll.scroll.scrollScreenBottomToTop is PASSED

2022-02-23 13:41:13 - [TEST_STEP][PASSED] - delay(1): Delayed 1 second(s)

2022-02-23 13:41:14 - [MESSAGE][PASSED] - Delayed 1 second(s)

2022-02-23 13:41:14 - [TEST_STEP][PASSED] - tap(PORT_TabSummaryYear, 0): Tapped on element 'Object Repository/Mobile/Page/Portfolio/Tab - Summary Year to Date'

2022-02-23 13:41:14 - [MESSAGE][WARNING] - Timeout '0' is invalid. Using default page load timeout: '60'

2022-02-23 13:41:14 - [MESSAGE][PASSED] - Tapped on element 'Object Repository/Mobile/Page/Portfolio/Tab - Summary Year to Date'

2022-02-23 13:41:14 - [TEST_STEP][PASSED] - if (action != "summary"): Delayed 3 second(s)

2022-02-23 13:41:14 - [TEST_STEP][PASSED] - delay(1): Delayed 1 second(s)

2022-02-23 13:41:16 - [MESSAGE][PASSED] - Delayed 1 second(s)

2022-02-23 13:41:16 - [TEST_STEP][PASSED] - scroll.scroll.scrollScreenBottomToTop(): scroll.scroll.scrollScreenBottomToTop is PASSED

2022-02-23 13:41:16 - [MESSAGE][PASSED] - Current device physical height is 1423

2022-02-23 13:41:16 - [MESSAGE][PASSED] - Current device physical width is 720

2022-02-23 13:41:17 - [MESSAGE][PASSED] - Swiped from 360,1,138 to 360,284

2022-02-23 13:41:17 - [MESSAGE][PASSED] - scroll.scroll.scrollScreenBottomToTop is PASSED

2022-02-23 13:41:17 - [TEST_STEP][PASSED] - scroll.scroll.scrollScreenBottomToTop(): scroll.scroll.scrollScreenBottomToTop is PASSED

2022-02-23 13:41:17 - [MESSAGE][PASSED] - Current device physical height is 1423

2022-02-23 13:41:17 - [MESSAGE][PASSED] - Current device physical width is 720

2022-02-23 13:41:19 - [MESSAGE][PASSED] - Swiped from 360,1,138 to 360,284

2022-02-23 13:41:19 - [MESSAGE][PASSED] - scroll.scroll.scrollScreenBottomToTop is PASSED

2022-02-23 13:41:19 - [TEST_STEP][PASSED] - delay(3): Delayed 3 second(s)

2022-02-23 13:41:22 - [MESSAGE][PASSED] - Delayed 3 second(s)

2022-02-23 13:41:22 - [TEST_STEP][PASSED] - if (action2 == "idr"): null

2022-02-23 13:41:22 - [TEST_STEP][PASSED] - else if (action2 == "persen"): Delayed 3 second(s)

2022-02-23 13:41:22 - [TEST_STEP][PASSED] - tap(persen, 10): Tapped on element 'Object Repository/Mobile/Page/Portfolio/Button - Persen'

2022-02-23 13:41:22 - [MESSAGE][PASSED] - Tapped on element 'Object Repository/Mobile/Page/Portfolio/Button - Persen'

2022-02-23 13:41:22 - [TEST_STEP][PASSED] - delay(3): Delayed 3 second(s)

2022-02-23 13:41:25 - [MESSAGE][PASSED] - Delayed 3 second(s)

2022-02-23 13:41:25 - [MESSAGE][PASSED] - Call Test Case 'Test Cases/Mobile/Page/Portfolio/Portfolio' successfully

2022-02-23 13:41:25 - [TEST_STEP][PASSED] - callTestCase(findTestCase("Mobile/Page/Run App/Terminate App"), [:], STOP_ON_FAILURE): Call Test Case 'Test Cases/Mobile/Page/Run App/Terminate App' successfully

2022-02-23 13:41:25 - [TEST_CASE][PASSED] - Test Cases/Mobile/Page/Run App/Terminate App: Test Cases/Mobile/Page/Run App/Terminate App

2022-02-23 13:41:25 - [TEST_STEP][PASSED] - startApp.OpenApp.terminateApplication(): startApp.OpenApp.terminateApplication is PASSED

2022-02-23 13:41:28 - [MESSAGE][PASSED] - Delayed 3 second(s)

2022-02-23 13:41:28 - [MESSAGE][PASSED] - Current device physical width is 720

2022-02-23 13:41:29 - [MESSAGE][PASSED] - Current device physical height is 1423

2022-02-23 13:41:30 - [MESSAGE][PASSED] - Swiped from 360,853 to 360,142

2022-02-23 13:41:31 - [MESSAGE][PASSED] - Delayed 1 second(s)

2022-02-23 13:41:32 - [MESSAGE][PASSED] - Swiped from 360,853 to 360,142

2022-02-23 13:41:35 - [MESSAGE][PASSED] - Delayed 3 second(s)

2022-02-23 13:41:35 - [MESSAGE][PASSED] - startApp.OpenApp.terminateApplication is PASSED

2022-02-23 13:41:35 - [MESSAGE][PASSED] - Call Test Case 'Test Cases/Mobile/Page/Run App/Terminate App' successfully]]></system-out>
         <system-err><![CDATA[]]></system-err>
      </testcase>
      <testcase name="Test Cases/Mobile/Scenario/Portfolio/010 - Melihat list stock" time="52.948" classname="Test Cases/Mobile/Scenario/Portfolio/010 - Melihat list stock" status="PASSED">
         <system-out><![CDATA[2022-02-23 13:41:35 - [TEST_CASE][PASSED] - Test Cases/Mobile/Scenario/Portfolio/010 - Melihat list stock: Test Cases/Mobile/Scenario/Portfolio/010 - Melihat list stock

2022-02-23 13:41:35 - [TEST_STEP][PASSED] - callTestCase(findTestCase("Mobile/Page/Run App/Run App byID"), [:], STOP_ON_FAILURE): Call Test Case 'Test Cases/Mobile/Page/Run App/Run App byID' successfully

2022-02-23 13:41:36 - [TEST_CASE][PASSED] - Test Cases/Mobile/Page/Run App/Run App byID: Test Cases/Mobile/Page/Run App/Run App byID

2022-02-23 13:41:36 - [TEST_STEP][PASSED] - startApp.OpenApp.startApplication("id.co.miraeasset.sageclub"): startApp.OpenApp.startApplication is PASSED

2022-02-23 13:41:47 - [MESSAGE][PASSED] - Starting app with application ID: 'id.co.miraeasset.sageclub'

2022-02-23 13:41:47 - [MESSAGE][PASSED] - startApp.OpenApp.startApplication is PASSED

2022-02-23 13:41:47 - [MESSAGE][PASSED] - Call Test Case 'Test Cases/Mobile/Page/Run App/Run App byID' successfully

2022-02-23 13:41:47 - [TEST_STEP][PASSED] - callTestCase(findTestCase("Mobile/Page/Portfolio/Portfolio"), ["tab":"stock"], CONTINUE_ON_FAILURE): Call Test Case 'Test Cases/Mobile/Page/Portfolio/Portfolio' successfully

2022-02-23 13:41:47 - [TEST_CASE][PASSED] - Test Cases/Mobile/Page/Portfolio/Portfolio: Test Cases/Mobile/Page/Portfolio/Portfolio

2022-02-23 13:41:47 - [TEST_STEP][PASSED] - callTestCase(findTestCase("Mobile/Page/CheckLogin"), [:], CONTINUE_ON_FAILURE): Call Test Case 'Test Cases/Mobile/Page/CheckLogin' successfully

2022-02-23 13:41:47 - [TEST_CASE][PASSED] - Test Cases/Mobile/Page/CheckLogin: Test Cases/Mobile/Page/CheckLogin

2022-02-23 13:41:47 - [TEST_STEP][PASSED] - loginCheck = verifyElementExist(LOGN_BtnLogin, 5, CONTINUE_ON_FAILURE): Element 'Object Repository/Mobile/Page/Login/Button - Login' is exist

2022-02-23 13:41:49 - [MESSAGE][PASSED] - Element 'Object Repository/Mobile/Page/Login/Button - Login' is exist

2022-02-23 13:41:49 - [TEST_STEP][PASSED] - if (loginCheck): Call Test Case 'Test Cases/Mobile/Page/Login/Login' successfully

2022-02-23 13:41:49 - [TEST_STEP][PASSED] - callTestCase(findTestCase("Mobile/Page/Login/Login"), ["action":"username"], CONTINUE_ON_FAILURE): Call Test Case 'Test Cases/Mobile/Page/Login/Login' successfully

2022-02-23 13:41:49 - [TEST_CASE][PASSED] - Test Cases/Mobile/Page/Login/Login: Test Cases/Mobile/Page/Login/Login

2022-02-23 13:41:49 - [TEST_STEP][PASSED] - delay(2): Delayed 2 second(s)

2022-02-23 13:41:51 - [MESSAGE][PASSED] - Delayed 2 second(s)

2022-02-23 13:41:51 - [TEST_STEP][PASSED] - for ([i = 0, i < 1, (i++)]): null

2022-02-23 13:41:51 - [TEST_STEP][PASSED] - if (action == "username"): null

2022-02-23 13:41:51 - [TEST_STEP][PASSED] - tap(LOGN_EdtUserID, 0): Tapped on element 'Object Repository/Mobile/Page/Login/Input - UserID'

2022-02-23 13:41:51 - [MESSAGE][WARNING] - Timeout '0' is invalid. Using default page load timeout: '60'

2022-02-23 13:41:52 - [MESSAGE][PASSED] - Tapped on element 'Object Repository/Mobile/Page/Login/Input - UserID'

2022-02-23 13:41:52 - [TEST_STEP][PASSED] - delay(1): Delayed 1 second(s)

2022-02-23 13:41:53 - [MESSAGE][PASSED] - Delayed 1 second(s)

2022-02-23 13:41:53 - [TEST_STEP][PASSED] - setText(LOGN_EdtRdyUserID, "anggaaditya", 0): Text 'anggaaditya' has been set to element 'Object Repository/Mobile/Page/Login/Input Rdy - UserID'

2022-02-23 13:41:53 - [MESSAGE][WARNING] - Timeout '0' is invalid. Using default page load timeout: '60'

2022-02-23 13:41:53 - [MESSAGE][PASSED] - Text 'anggaaditya' has been set to element 'Object Repository/Mobile/Page/Login/Input Rdy - UserID'

2022-02-23 13:41:53 - [TEST_STEP][PASSED] - delay(1): Delayed 1 second(s)

2022-02-23 13:41:54 - [MESSAGE][PASSED] - Delayed 1 second(s)

2022-02-23 13:41:54 - [TEST_STEP][PASSED] - hideKeyboard(): Keyboard is hidden

2022-02-23 13:41:58 - [MESSAGE][PASSED] - Keyboard is hidden

2022-02-23 13:41:58 - [TEST_STEP][PASSED] - tap(LOGN_EdtPassword, 0): Tapped on element 'Object Repository/Mobile/Page/Login/Input - Password'

2022-02-23 13:41:58 - [MESSAGE][WARNING] - Timeout '0' is invalid. Using default page load timeout: '60'

2022-02-23 13:41:58 - [MESSAGE][PASSED] - Tapped on element 'Object Repository/Mobile/Page/Login/Input - Password'

2022-02-23 13:41:58 - [TEST_STEP][PASSED] - delay(1): Delayed 1 second(s)

2022-02-23 13:42:00 - [MESSAGE][PASSED] - Delayed 1 second(s)

2022-02-23 13:42:00 - [TEST_STEP][PASSED] - setText(LOGN_EdtRdyPassword, "Shalawa18", 0): Text 'Shalawa18' has been set to element 'Object Repository/Mobile/Page/Login/Input Rdy - Password'

2022-02-23 13:42:00 - [MESSAGE][WARNING] - Timeout '0' is invalid. Using default page load timeout: '60'

2022-02-23 13:42:00 - [MESSAGE][PASSED] - Text 'Shalawa18' has been set to element 'Object Repository/Mobile/Page/Login/Input Rdy - Password'

2022-02-23 13:42:00 - [TEST_STEP][PASSED] - delay(1): Delayed 1 second(s)

2022-02-23 13:42:01 - [MESSAGE][PASSED] - Delayed 1 second(s)

2022-02-23 13:42:01 - [TEST_STEP][PASSED] - hideKeyboard(): Keyboard is hidden

2022-02-23 13:42:07 - [MESSAGE][PASSED] - Keyboard is hidden

2022-02-23 13:42:07 - [TEST_STEP][PASSED] - tap(LOGN_BtnLogin, 0): Tapped on element 'Object Repository/Mobile/Page/Login/Button - Login'

2022-02-23 13:42:07 - [MESSAGE][WARNING] - Timeout '0' is invalid. Using default page load timeout: '60'

2022-02-23 13:42:08 - [MESSAGE][PASSED] - Tapped on element 'Object Repository/Mobile/Page/Login/Button - Login'

2022-02-23 13:42:08 - [TEST_STEP][PASSED] - delay(2): Delayed 2 second(s)

2022-02-23 13:42:10 - [MESSAGE][PASSED] - Delayed 2 second(s)

2022-02-23 13:42:10 - [TEST_STEP][PASSED] - break: null

2022-02-23 13:42:10 - [MESSAGE][PASSED] - Call Test Case 'Test Cases/Mobile/Page/Login/Login' successfully

2022-02-23 13:42:10 - [MESSAGE][PASSED] - Call Test Case 'Test Cases/Mobile/Page/CheckLogin' successfully

2022-02-23 13:42:10 - [TEST_STEP][PASSED] - tap(HOME_MenubarPortfolio, 0): Tapped on element 'Object Repository/Mobile/Page/Home/Menubar - Portfolio'

2022-02-23 13:42:10 - [MESSAGE][WARNING] - Timeout '0' is invalid. Using default page load timeout: '60'

2022-02-23 13:42:12 - [MESSAGE][PASSED] - Tapped on element 'Object Repository/Mobile/Page/Home/Menubar - Portfolio'

2022-02-23 13:42:12 - [TEST_STEP][PASSED] - delay(1): Delayed 1 second(s)

2022-02-23 13:42:13 - [MESSAGE][PASSED] - Delayed 1 second(s)

2022-02-23 13:42:13 - [TEST_STEP][PASSED] - for ([i = 0, i < 1, (i++)]): Delayed 3 second(s)

2022-02-23 13:42:13 - [TEST_STEP][PASSED] - if (tab == "summary"): null

2022-02-23 13:42:13 - [TEST_STEP][PASSED] - else if (tab == "stock"): Delayed 3 second(s)

2022-02-23 13:42:13 - [TEST_STEP][PASSED] - tap(PORT_TabStock, 0): Tapped on element 'Object Repository/Mobile/Page/Portfolio/Tab - Stock'

2022-02-23 13:42:13 - [MESSAGE][WARNING] - Timeout '0' is invalid. Using default page load timeout: '60'

2022-02-23 13:42:13 - [MESSAGE][PASSED] - Tapped on element 'Object Repository/Mobile/Page/Portfolio/Tab - Stock'

2022-02-23 13:42:13 - [TEST_STEP][PASSED] - scroll.scroll.scrollScreenBottomToTop(): scroll.scroll.scrollScreenBottomToTop is PASSED

2022-02-23 13:42:14 - [MESSAGE][PASSED] - Current device physical height is 1423

2022-02-23 13:42:14 - [MESSAGE][PASSED] - Current device physical width is 720

2022-02-23 13:42:15 - [MESSAGE][PASSED] - Swiped from 360,1,138 to 360,284

2022-02-23 13:42:15 - [MESSAGE][PASSED] - scroll.scroll.scrollScreenBottomToTop is PASSED

2022-02-23 13:42:15 - [TEST_STEP][PASSED] - delay(3): Delayed 3 second(s)

2022-02-23 13:42:18 - [MESSAGE][PASSED] - Delayed 3 second(s)

2022-02-23 13:42:18 - [MESSAGE][PASSED] - Call Test Case 'Test Cases/Mobile/Page/Portfolio/Portfolio' successfully

2022-02-23 13:42:18 - [TEST_STEP][PASSED] - callTestCase(findTestCase("Mobile/Page/Run App/Terminate App"), [:], STOP_ON_FAILURE): Call Test Case 'Test Cases/Mobile/Page/Run App/Terminate App' successfully

2022-02-23 13:42:18 - [TEST_CASE][PASSED] - Test Cases/Mobile/Page/Run App/Terminate App: Test Cases/Mobile/Page/Run App/Terminate App

2022-02-23 13:42:18 - [TEST_STEP][PASSED] - startApp.OpenApp.terminateApplication(): startApp.OpenApp.terminateApplication is PASSED

2022-02-23 13:42:21 - [MESSAGE][PASSED] - Delayed 3 second(s)

2022-02-23 13:42:21 - [MESSAGE][PASSED] - Current device physical width is 720

2022-02-23 13:42:22 - [MESSAGE][PASSED] - Current device physical height is 1423

2022-02-23 13:42:23 - [MESSAGE][PASSED] - Swiped from 360,853 to 360,142

2022-02-23 13:42:24 - [MESSAGE][PASSED] - Delayed 1 second(s)

2022-02-23 13:42:25 - [MESSAGE][PASSED] - Swiped from 360,853 to 360,142

2022-02-23 13:42:28 - [MESSAGE][PASSED] - Delayed 3 second(s)

2022-02-23 13:42:28 - [MESSAGE][PASSED] - startApp.OpenApp.terminateApplication is PASSED

2022-02-23 13:42:28 - [MESSAGE][PASSED] - Call Test Case 'Test Cases/Mobile/Page/Run App/Terminate App' successfully]]></system-out>
         <system-err><![CDATA[]]></system-err>
      </testcase>
      <testcase name="Test Cases/Mobile/Scenario/Portfolio/011 - Melihat list mutual fund" time="60.145" classname="Test Cases/Mobile/Scenario/Portfolio/011 - Melihat list mutual fund" status="PASSED">
         <system-out><![CDATA[2022-02-23 13:42:28 - [TEST_CASE][PASSED] - Test Cases/Mobile/Scenario/Portfolio/011 - Melihat list mutual fund: Test Cases/Mobile/Scenario/Portfolio/011 - Melihat list mutual fund

2022-02-23 13:42:28 - [TEST_STEP][PASSED] - callTestCase(findTestCase("Mobile/Page/Run App/Run App byID"), [:], STOP_ON_FAILURE): Call Test Case 'Test Cases/Mobile/Page/Run App/Run App byID' successfully

2022-02-23 13:42:29 - [TEST_CASE][PASSED] - Test Cases/Mobile/Page/Run App/Run App byID: Test Cases/Mobile/Page/Run App/Run App byID

2022-02-23 13:42:29 - [TEST_STEP][PASSED] - startApp.OpenApp.startApplication("id.co.miraeasset.sageclub"): startApp.OpenApp.startApplication is PASSED

2022-02-23 13:42:41 - [MESSAGE][PASSED] - Starting app with application ID: 'id.co.miraeasset.sageclub'

2022-02-23 13:42:41 - [MESSAGE][PASSED] - startApp.OpenApp.startApplication is PASSED

2022-02-23 13:42:41 - [MESSAGE][PASSED] - Call Test Case 'Test Cases/Mobile/Page/Run App/Run App byID' successfully

2022-02-23 13:42:41 - [TEST_STEP][PASSED] - callTestCase(findTestCase("Mobile/Page/Portfolio/Portfolio"), ["tab":"mutualfund", "action2":"none"], CONTINUE_ON_FAILURE): Call Test Case 'Test Cases/Mobile/Page/Portfolio/Portfolio' successfully

2022-02-23 13:42:41 - [TEST_CASE][PASSED] - Test Cases/Mobile/Page/Portfolio/Portfolio: Test Cases/Mobile/Page/Portfolio/Portfolio

2022-02-23 13:42:41 - [TEST_STEP][PASSED] - callTestCase(findTestCase("Mobile/Page/CheckLogin"), [:], CONTINUE_ON_FAILURE): Call Test Case 'Test Cases/Mobile/Page/CheckLogin' successfully

2022-02-23 13:42:41 - [TEST_CASE][PASSED] - Test Cases/Mobile/Page/CheckLogin: Test Cases/Mobile/Page/CheckLogin

2022-02-23 13:42:41 - [TEST_STEP][PASSED] - loginCheck = verifyElementExist(LOGN_BtnLogin, 5, CONTINUE_ON_FAILURE): Element 'Object Repository/Mobile/Page/Login/Button - Login' is exist

2022-02-23 13:42:43 - [MESSAGE][PASSED] - Element 'Object Repository/Mobile/Page/Login/Button - Login' is exist

2022-02-23 13:42:43 - [TEST_STEP][PASSED] - if (loginCheck): Call Test Case 'Test Cases/Mobile/Page/Login/Login' successfully

2022-02-23 13:42:43 - [TEST_STEP][PASSED] - callTestCase(findTestCase("Mobile/Page/Login/Login"), ["action":"username"], CONTINUE_ON_FAILURE): Call Test Case 'Test Cases/Mobile/Page/Login/Login' successfully

2022-02-23 13:42:43 - [TEST_CASE][PASSED] - Test Cases/Mobile/Page/Login/Login: Test Cases/Mobile/Page/Login/Login

2022-02-23 13:42:43 - [TEST_STEP][PASSED] - delay(2): Delayed 2 second(s)

2022-02-23 13:42:45 - [MESSAGE][PASSED] - Delayed 2 second(s)

2022-02-23 13:42:45 - [TEST_STEP][PASSED] - for ([i = 0, i < 1, (i++)]): null

2022-02-23 13:42:45 - [TEST_STEP][PASSED] - if (action == "username"): null

2022-02-23 13:42:45 - [TEST_STEP][PASSED] - tap(LOGN_EdtUserID, 0): Tapped on element 'Object Repository/Mobile/Page/Login/Input - UserID'

2022-02-23 13:42:45 - [MESSAGE][WARNING] - Timeout '0' is invalid. Using default page load timeout: '60'

2022-02-23 13:42:46 - [MESSAGE][PASSED] - Tapped on element 'Object Repository/Mobile/Page/Login/Input - UserID'

2022-02-23 13:42:46 - [TEST_STEP][PASSED] - delay(1): Delayed 1 second(s)

2022-02-23 13:42:47 - [MESSAGE][PASSED] - Delayed 1 second(s)

2022-02-23 13:42:47 - [TEST_STEP][PASSED] - setText(LOGN_EdtRdyUserID, "anggaaditya", 0): Text 'anggaaditya' has been set to element 'Object Repository/Mobile/Page/Login/Input Rdy - UserID'

2022-02-23 13:42:47 - [MESSAGE][WARNING] - Timeout '0' is invalid. Using default page load timeout: '60'

2022-02-23 13:42:47 - [MESSAGE][PASSED] - Text 'anggaaditya' has been set to element 'Object Repository/Mobile/Page/Login/Input Rdy - UserID'

2022-02-23 13:42:47 - [TEST_STEP][PASSED] - delay(1): Delayed 1 second(s)

2022-02-23 13:42:48 - [MESSAGE][PASSED] - Delayed 1 second(s)

2022-02-23 13:42:48 - [TEST_STEP][PASSED] - hideKeyboard(): Keyboard is hidden

2022-02-23 13:42:52 - [MESSAGE][PASSED] - Keyboard is hidden

2022-02-23 13:42:52 - [TEST_STEP][PASSED] - tap(LOGN_EdtPassword, 0): Tapped on element 'Object Repository/Mobile/Page/Login/Input - Password'

2022-02-23 13:42:52 - [MESSAGE][WARNING] - Timeout '0' is invalid. Using default page load timeout: '60'

2022-02-23 13:42:52 - [MESSAGE][PASSED] - Tapped on element 'Object Repository/Mobile/Page/Login/Input - Password'

2022-02-23 13:42:52 - [TEST_STEP][PASSED] - delay(1): Delayed 1 second(s)

2022-02-23 13:42:53 - [MESSAGE][PASSED] - Delayed 1 second(s)

2022-02-23 13:42:53 - [TEST_STEP][PASSED] - setText(LOGN_EdtRdyPassword, "Shalawa18", 0): Text 'Shalawa18' has been set to element 'Object Repository/Mobile/Page/Login/Input Rdy - Password'

2022-02-23 13:42:53 - [MESSAGE][WARNING] - Timeout '0' is invalid. Using default page load timeout: '60'

2022-02-23 13:42:54 - [MESSAGE][PASSED] - Text 'Shalawa18' has been set to element 'Object Repository/Mobile/Page/Login/Input Rdy - Password'

2022-02-23 13:42:54 - [TEST_STEP][PASSED] - delay(1): Delayed 1 second(s)

2022-02-23 13:42:55 - [MESSAGE][PASSED] - Delayed 1 second(s)

2022-02-23 13:42:55 - [TEST_STEP][PASSED] - hideKeyboard(): Keyboard is hidden

2022-02-23 13:43:01 - [MESSAGE][PASSED] - Keyboard is hidden

2022-02-23 13:43:01 - [TEST_STEP][PASSED] - tap(LOGN_BtnLogin, 0): Tapped on element 'Object Repository/Mobile/Page/Login/Button - Login'

2022-02-23 13:43:01 - [MESSAGE][WARNING] - Timeout '0' is invalid. Using default page load timeout: '60'

2022-02-23 13:43:02 - [MESSAGE][PASSED] - Tapped on element 'Object Repository/Mobile/Page/Login/Button - Login'

2022-02-23 13:43:02 - [TEST_STEP][PASSED] - delay(2): Delayed 2 second(s)

2022-02-23 13:43:04 - [MESSAGE][PASSED] - Delayed 2 second(s)

2022-02-23 13:43:04 - [TEST_STEP][PASSED] - break: null

2022-02-23 13:43:04 - [MESSAGE][PASSED] - Call Test Case 'Test Cases/Mobile/Page/Login/Login' successfully

2022-02-23 13:43:04 - [MESSAGE][PASSED] - Call Test Case 'Test Cases/Mobile/Page/CheckLogin' successfully

2022-02-23 13:43:04 - [TEST_STEP][PASSED] - tap(HOME_MenubarPortfolio, 0): Tapped on element 'Object Repository/Mobile/Page/Home/Menubar - Portfolio'

2022-02-23 13:43:04 - [MESSAGE][WARNING] - Timeout '0' is invalid. Using default page load timeout: '60'

2022-02-23 13:43:06 - [MESSAGE][PASSED] - Tapped on element 'Object Repository/Mobile/Page/Home/Menubar - Portfolio'

2022-02-23 13:43:06 - [TEST_STEP][PASSED] - delay(1): Delayed 1 second(s)

2022-02-23 13:43:07 - [MESSAGE][PASSED] - Delayed 1 second(s)

2022-02-23 13:43:07 - [TEST_STEP][PASSED] - for ([i = 0, i < 1, (i++)]): scroll.scroll.scrollScreenBottomToTop is PASSED

2022-02-23 13:43:07 - [TEST_STEP][PASSED] - if (tab == "summary"): null

2022-02-23 13:43:07 - [TEST_STEP][PASSED] - else if (tab == "stock"): null

2022-02-23 13:43:07 - [TEST_STEP][PASSED] - else if (tab == "mutualfund"): scroll.scroll.scrollScreenBottomToTop is PASSED

2022-02-23 13:43:07 - [TEST_STEP][PASSED] - tap(PORT_TabMutualFund, 0): Tapped on element 'Object Repository/Mobile/Page/Portfolio/Tab - Mutual Fund'

2022-02-23 13:43:07 - [MESSAGE][WARNING] - Timeout '0' is invalid. Using default page load timeout: '60'

2022-02-23 13:43:08 - [MESSAGE][PASSED] - Tapped on element 'Object Repository/Mobile/Page/Portfolio/Tab - Mutual Fund'

2022-02-23 13:43:08 - [TEST_STEP][PASSED] - delay(1): Delayed 1 second(s)

2022-02-23 13:43:09 - [MESSAGE][PASSED] - Delayed 1 second(s)

2022-02-23 13:43:09 - [TEST_STEP][PASSED] - try: scroll.scroll.scrollScreenBottomToTop is PASSED

2022-02-23 13:43:09 - [TEST_STEP][PASSED] - tapAndHold(PORT_ItemTopMutualFund, 1, 10): Tapped and held on element 'Object Repository/Mobile/Page/Portfolio/Item - Top Mutual Fund' with duration 1

2022-02-23 13:43:12 - [MESSAGE][PASSED] - Tapped and held on element 'Object Repository/Mobile/Page/Portfolio/Item - Top Mutual Fund' with duration 1

2022-02-23 13:43:12 - [TEST_STEP][PASSED] - delay(2): Delayed 2 second(s)

2022-02-23 13:43:14 - [MESSAGE][PASSED] - Delayed 2 second(s)

2022-02-23 13:43:14 - [TEST_STEP][PASSED] - switch (action2): null

2022-02-23 13:43:14 - [TEST_STEP][PASSED] - delay(3): Delayed 3 second(s)

2022-02-23 13:43:17 - [MESSAGE][PASSED] - Delayed 3 second(s)

2022-02-23 13:43:17 - [TEST_STEP][PASSED] - scroll.scroll.scrollScreenBottomToTop(): scroll.scroll.scrollScreenBottomToTop is PASSED

2022-02-23 13:43:17 - [MESSAGE][PASSED] - Current device physical height is 1423

2022-02-23 13:43:17 - [MESSAGE][PASSED] - Current device physical width is 720

2022-02-23 13:43:18 - [MESSAGE][PASSED] - Swiped from 360,1,138 to 360,284

2022-02-23 13:43:18 - [MESSAGE][PASSED] - scroll.scroll.scrollScreenBottomToTop is PASSED

2022-02-23 13:43:18 - [MESSAGE][PASSED] - Call Test Case 'Test Cases/Mobile/Page/Portfolio/Portfolio' successfully

2022-02-23 13:43:18 - [TEST_STEP][PASSED] - callTestCase(findTestCase("Mobile/Page/Run App/Terminate App"), [:], STOP_ON_FAILURE): Call Test Case 'Test Cases/Mobile/Page/Run App/Terminate App' successfully

2022-02-23 13:43:18 - [TEST_CASE][PASSED] - Test Cases/Mobile/Page/Run App/Terminate App: Test Cases/Mobile/Page/Run App/Terminate App

2022-02-23 13:43:18 - [TEST_STEP][PASSED] - startApp.OpenApp.terminateApplication(): startApp.OpenApp.terminateApplication is PASSED

2022-02-23 13:43:21 - [MESSAGE][PASSED] - Delayed 3 second(s)

2022-02-23 13:43:22 - [MESSAGE][PASSED] - Current device physical width is 720

2022-02-23 13:43:22 - [MESSAGE][PASSED] - Current device physical height is 1423

2022-02-23 13:43:23 - [MESSAGE][PASSED] - Swiped from 360,853 to 360,142

2022-02-23 13:43:24 - [MESSAGE][PASSED] - Delayed 1 second(s)

2022-02-23 13:43:25 - [MESSAGE][PASSED] - Swiped from 360,853 to 360,142

2022-02-23 13:43:28 - [MESSAGE][PASSED] - Delayed 3 second(s)

2022-02-23 13:43:28 - [MESSAGE][PASSED] - startApp.OpenApp.terminateApplication is PASSED

2022-02-23 13:43:28 - [MESSAGE][PASSED] - Call Test Case 'Test Cases/Mobile/Page/Run App/Terminate App' successfully]]></system-out>
         <system-err><![CDATA[]]></system-err>
      </testcase>
      <testcase name="Test Cases/Mobile/Scenario/Portfolio/012 - Melihat list bond" time="53.554" classname="Test Cases/Mobile/Scenario/Portfolio/012 - Melihat list bond" status="PASSED">
         <system-out><![CDATA[2022-02-23 13:43:28 - [TEST_CASE][PASSED] - Test Cases/Mobile/Scenario/Portfolio/012 - Melihat list bond: Test Cases/Mobile/Scenario/Portfolio/012 - Melihat list bond

2022-02-23 13:43:29 - [TEST_STEP][PASSED] - callTestCase(findTestCase("Mobile/Page/Run App/Run App byID"), [:], STOP_ON_FAILURE): Call Test Case 'Test Cases/Mobile/Page/Run App/Run App byID' successfully

2022-02-23 13:43:29 - [TEST_CASE][PASSED] - Test Cases/Mobile/Page/Run App/Run App byID: Test Cases/Mobile/Page/Run App/Run App byID

2022-02-23 13:43:29 - [TEST_STEP][PASSED] - startApp.OpenApp.startApplication("id.co.miraeasset.sageclub"): startApp.OpenApp.startApplication is PASSED

2022-02-23 13:43:41 - [MESSAGE][PASSED] - Starting app with application ID: 'id.co.miraeasset.sageclub'

2022-02-23 13:43:41 - [MESSAGE][PASSED] - startApp.OpenApp.startApplication is PASSED

2022-02-23 13:43:41 - [MESSAGE][PASSED] - Call Test Case 'Test Cases/Mobile/Page/Run App/Run App byID' successfully

2022-02-23 13:43:41 - [TEST_STEP][PASSED] - callTestCase(findTestCase("Mobile/Page/Portfolio/Portfolio"), ["tab":"stock", "action":"none"], CONTINUE_ON_FAILURE): Call Test Case 'Test Cases/Mobile/Page/Portfolio/Portfolio' successfully

2022-02-23 13:43:41 - [TEST_CASE][PASSED] - Test Cases/Mobile/Page/Portfolio/Portfolio: Test Cases/Mobile/Page/Portfolio/Portfolio

2022-02-23 13:43:41 - [TEST_STEP][PASSED] - callTestCase(findTestCase("Mobile/Page/CheckLogin"), [:], CONTINUE_ON_FAILURE): Call Test Case 'Test Cases/Mobile/Page/CheckLogin' successfully

2022-02-23 13:43:41 - [TEST_CASE][PASSED] - Test Cases/Mobile/Page/CheckLogin: Test Cases/Mobile/Page/CheckLogin

2022-02-23 13:43:41 - [TEST_STEP][PASSED] - loginCheck = verifyElementExist(LOGN_BtnLogin, 5, CONTINUE_ON_FAILURE): Element 'Object Repository/Mobile/Page/Login/Button - Login' is exist

2022-02-23 13:43:42 - [MESSAGE][PASSED] - Element 'Object Repository/Mobile/Page/Login/Button - Login' is exist

2022-02-23 13:43:42 - [TEST_STEP][PASSED] - if (loginCheck): Call Test Case 'Test Cases/Mobile/Page/Login/Login' successfully

2022-02-23 13:43:42 - [TEST_STEP][PASSED] - callTestCase(findTestCase("Mobile/Page/Login/Login"), ["action":"username"], CONTINUE_ON_FAILURE): Call Test Case 'Test Cases/Mobile/Page/Login/Login' successfully

2022-02-23 13:43:43 - [TEST_CASE][PASSED] - Test Cases/Mobile/Page/Login/Login: Test Cases/Mobile/Page/Login/Login

2022-02-23 13:43:43 - [TEST_STEP][PASSED] - delay(2): Delayed 2 second(s)

2022-02-23 13:43:45 - [MESSAGE][PASSED] - Delayed 2 second(s)

2022-02-23 13:43:45 - [TEST_STEP][PASSED] - for ([i = 0, i < 1, (i++)]): null

2022-02-23 13:43:45 - [TEST_STEP][PASSED] - if (action == "username"): null

2022-02-23 13:43:45 - [TEST_STEP][PASSED] - tap(LOGN_EdtUserID, 0): Tapped on element 'Object Repository/Mobile/Page/Login/Input - UserID'

2022-02-23 13:43:45 - [MESSAGE][WARNING] - Timeout '0' is invalid. Using default page load timeout: '60'

2022-02-23 13:43:45 - [MESSAGE][PASSED] - Tapped on element 'Object Repository/Mobile/Page/Login/Input - UserID'

2022-02-23 13:43:45 - [TEST_STEP][PASSED] - delay(1): Delayed 1 second(s)

2022-02-23 13:43:46 - [MESSAGE][PASSED] - Delayed 1 second(s)

2022-02-23 13:43:46 - [TEST_STEP][PASSED] - setText(LOGN_EdtRdyUserID, "anggaaditya", 0): Text 'anggaaditya' has been set to element 'Object Repository/Mobile/Page/Login/Input Rdy - UserID'

2022-02-23 13:43:46 - [MESSAGE][WARNING] - Timeout '0' is invalid. Using default page load timeout: '60'

2022-02-23 13:43:47 - [MESSAGE][PASSED] - Text 'anggaaditya' has been set to element 'Object Repository/Mobile/Page/Login/Input Rdy - UserID'

2022-02-23 13:43:47 - [TEST_STEP][PASSED] - delay(1): Delayed 1 second(s)

2022-02-23 13:43:48 - [MESSAGE][PASSED] - Delayed 1 second(s)

2022-02-23 13:43:48 - [TEST_STEP][PASSED] - hideKeyboard(): Keyboard is hidden

2022-02-23 13:43:51 - [MESSAGE][PASSED] - Keyboard is hidden

2022-02-23 13:43:51 - [TEST_STEP][PASSED] - tap(LOGN_EdtPassword, 0): Tapped on element 'Object Repository/Mobile/Page/Login/Input - Password'

2022-02-23 13:43:51 - [MESSAGE][WARNING] - Timeout '0' is invalid. Using default page load timeout: '60'

2022-02-23 13:43:51 - [MESSAGE][PASSED] - Tapped on element 'Object Repository/Mobile/Page/Login/Input - Password'

2022-02-23 13:43:51 - [TEST_STEP][PASSED] - delay(1): Delayed 1 second(s)

2022-02-23 13:43:52 - [MESSAGE][PASSED] - Delayed 1 second(s)

2022-02-23 13:43:52 - [TEST_STEP][PASSED] - setText(LOGN_EdtRdyPassword, "Shalawa18", 0): Text 'Shalawa18' has been set to element 'Object Repository/Mobile/Page/Login/Input Rdy - Password'

2022-02-23 13:43:52 - [MESSAGE][WARNING] - Timeout '0' is invalid. Using default page load timeout: '60'

2022-02-23 13:43:53 - [MESSAGE][PASSED] - Text 'Shalawa18' has been set to element 'Object Repository/Mobile/Page/Login/Input Rdy - Password'

2022-02-23 13:43:53 - [TEST_STEP][PASSED] - delay(1): Delayed 1 second(s)

2022-02-23 13:43:54 - [MESSAGE][PASSED] - Delayed 1 second(s)

2022-02-23 13:43:54 - [TEST_STEP][PASSED] - hideKeyboard(): Keyboard is hidden

2022-02-23 13:44:00 - [MESSAGE][PASSED] - Keyboard is hidden

2022-02-23 13:44:00 - [TEST_STEP][PASSED] - tap(LOGN_BtnLogin, 0): Tapped on element 'Object Repository/Mobile/Page/Login/Button - Login'

2022-02-23 13:44:00 - [MESSAGE][WARNING] - Timeout '0' is invalid. Using default page load timeout: '60'

2022-02-23 13:44:01 - [MESSAGE][PASSED] - Tapped on element 'Object Repository/Mobile/Page/Login/Button - Login'

2022-02-23 13:44:01 - [TEST_STEP][PASSED] - delay(2): Delayed 2 second(s)

2022-02-23 13:44:03 - [MESSAGE][PASSED] - Delayed 2 second(s)

2022-02-23 13:44:03 - [TEST_STEP][PASSED] - break: null

2022-02-23 13:44:03 - [MESSAGE][PASSED] - Call Test Case 'Test Cases/Mobile/Page/Login/Login' successfully

2022-02-23 13:44:03 - [MESSAGE][PASSED] - Call Test Case 'Test Cases/Mobile/Page/CheckLogin' successfully

2022-02-23 13:44:03 - [TEST_STEP][PASSED] - tap(HOME_MenubarPortfolio, 0): Tapped on element 'Object Repository/Mobile/Page/Home/Menubar - Portfolio'

2022-02-23 13:44:03 - [MESSAGE][WARNING] - Timeout '0' is invalid. Using default page load timeout: '60'

2022-02-23 13:44:05 - [MESSAGE][PASSED] - Tapped on element 'Object Repository/Mobile/Page/Home/Menubar - Portfolio'

2022-02-23 13:44:05 - [TEST_STEP][PASSED] - delay(1): Delayed 1 second(s)

2022-02-23 13:44:06 - [MESSAGE][PASSED] - Delayed 1 second(s)

2022-02-23 13:44:06 - [TEST_STEP][PASSED] - for ([i = 0, i < 1, (i++)]): Delayed 3 second(s)

2022-02-23 13:44:06 - [TEST_STEP][PASSED] - if (tab == "summary"): null

2022-02-23 13:44:06 - [TEST_STEP][PASSED] - else if (tab == "stock"): Delayed 3 second(s)

2022-02-23 13:44:06 - [TEST_STEP][PASSED] - tap(PORT_TabStock, 0): Tapped on element 'Object Repository/Mobile/Page/Portfolio/Tab - Stock'

2022-02-23 13:44:06 - [MESSAGE][WARNING] - Timeout '0' is invalid. Using default page load timeout: '60'

2022-02-23 13:44:07 - [MESSAGE][PASSED] - Tapped on element 'Object Repository/Mobile/Page/Portfolio/Tab - Stock'

2022-02-23 13:44:07 - [TEST_STEP][PASSED] - scroll.scroll.scrollScreenBottomToTop(): scroll.scroll.scrollScreenBottomToTop is PASSED

2022-02-23 13:44:07 - [MESSAGE][PASSED] - Current device physical height is 1423

2022-02-23 13:44:08 - [MESSAGE][PASSED] - Current device physical width is 720

2022-02-23 13:44:09 - [MESSAGE][PASSED] - Swiped from 360,1,138 to 360,284

2022-02-23 13:44:09 - [MESSAGE][PASSED] - scroll.scroll.scrollScreenBottomToTop is PASSED

2022-02-23 13:44:09 - [TEST_STEP][PASSED] - delay(3): Delayed 3 second(s)

2022-02-23 13:44:12 - [MESSAGE][PASSED] - Delayed 3 second(s)

2022-02-23 13:44:12 - [MESSAGE][PASSED] - Call Test Case 'Test Cases/Mobile/Page/Portfolio/Portfolio' successfully

2022-02-23 13:44:12 - [TEST_STEP][PASSED] - callTestCase(findTestCase("Mobile/Page/Run App/Terminate App"), [:], STOP_ON_FAILURE): Call Test Case 'Test Cases/Mobile/Page/Run App/Terminate App' successfully

2022-02-23 13:44:12 - [TEST_CASE][PASSED] - Test Cases/Mobile/Page/Run App/Terminate App: Test Cases/Mobile/Page/Run App/Terminate App

2022-02-23 13:44:12 - [TEST_STEP][PASSED] - startApp.OpenApp.terminateApplication(): startApp.OpenApp.terminateApplication is PASSED

2022-02-23 13:44:15 - [MESSAGE][PASSED] - Delayed 3 second(s)

2022-02-23 13:44:15 - [MESSAGE][PASSED] - Current device physical width is 720

2022-02-23 13:44:15 - [MESSAGE][PASSED] - Current device physical height is 1423

2022-02-23 13:44:17 - [MESSAGE][PASSED] - Swiped from 360,853 to 360,142

2022-02-23 13:44:18 - [MESSAGE][PASSED] - Delayed 1 second(s)

2022-02-23 13:44:19 - [MESSAGE][PASSED] - Swiped from 360,853 to 360,142

2022-02-23 13:44:22 - [MESSAGE][PASSED] - Delayed 3 second(s)

2022-02-23 13:44:22 - [MESSAGE][PASSED] - startApp.OpenApp.terminateApplication is PASSED

2022-02-23 13:44:22 - [MESSAGE][PASSED] - Call Test Case 'Test Cases/Mobile/Page/Run App/Terminate App' successfully]]></system-out>
         <system-err><![CDATA[]]></system-err>
      </testcase>
      <testcase name="Test Cases/Mobile/Scenario/Portfolio/013 - Melihat detail mutual fund 1 month" time="63.618" classname="Test Cases/Mobile/Scenario/Portfolio/013 - Melihat detail mutual fund 1 month" status="PASSED">
         <system-out><![CDATA[2022-02-23 13:44:22 - [TEST_CASE][PASSED] - Test Cases/Mobile/Scenario/Portfolio/013 - Melihat detail mutual fund 1 month: Test Cases/Mobile/Scenario/Portfolio/013 - Melihat detail mutual fund 1 month

2022-02-23 13:44:22 - [TEST_STEP][PASSED] - callTestCase(findTestCase("Mobile/Page/Run App/Run App byID"), [:], STOP_ON_FAILURE): Call Test Case 'Test Cases/Mobile/Page/Run App/Run App byID' successfully

2022-02-23 13:44:22 - [TEST_CASE][PASSED] - Test Cases/Mobile/Page/Run App/Run App byID: Test Cases/Mobile/Page/Run App/Run App byID

2022-02-23 13:44:22 - [TEST_STEP][PASSED] - startApp.OpenApp.startApplication("id.co.miraeasset.sageclub"): startApp.OpenApp.startApplication is PASSED

2022-02-23 13:44:35 - [MESSAGE][PASSED] - Starting app with application ID: 'id.co.miraeasset.sageclub'

2022-02-23 13:44:35 - [MESSAGE][PASSED] - startApp.OpenApp.startApplication is PASSED

2022-02-23 13:44:35 - [MESSAGE][PASSED] - Call Test Case 'Test Cases/Mobile/Page/Run App/Run App byID' successfully

2022-02-23 13:44:35 - [TEST_STEP][PASSED] - callTestCase(findTestCase("Mobile/Page/Portfolio/Portfolio"), ["tab":"mutualfund", "action2":"1 month"], CONTINUE_ON_FAILURE): Call Test Case 'Test Cases/Mobile/Page/Portfolio/Portfolio' successfully

2022-02-23 13:44:35 - [TEST_CASE][PASSED] - Test Cases/Mobile/Page/Portfolio/Portfolio: Test Cases/Mobile/Page/Portfolio/Portfolio

2022-02-23 13:44:35 - [TEST_STEP][PASSED] - callTestCase(findTestCase("Mobile/Page/CheckLogin"), [:], CONTINUE_ON_FAILURE): Call Test Case 'Test Cases/Mobile/Page/CheckLogin' successfully

2022-02-23 13:44:35 - [TEST_CASE][PASSED] - Test Cases/Mobile/Page/CheckLogin: Test Cases/Mobile/Page/CheckLogin

2022-02-23 13:44:35 - [TEST_STEP][PASSED] - loginCheck = verifyElementExist(LOGN_BtnLogin, 5, CONTINUE_ON_FAILURE): Element 'Object Repository/Mobile/Page/Login/Button - Login' is exist

2022-02-23 13:44:37 - [MESSAGE][PASSED] - Element 'Object Repository/Mobile/Page/Login/Button - Login' is exist

2022-02-23 13:44:37 - [TEST_STEP][PASSED] - if (loginCheck): Call Test Case 'Test Cases/Mobile/Page/Login/Login' successfully

2022-02-23 13:44:37 - [TEST_STEP][PASSED] - callTestCase(findTestCase("Mobile/Page/Login/Login"), ["action":"username"], CONTINUE_ON_FAILURE): Call Test Case 'Test Cases/Mobile/Page/Login/Login' successfully

2022-02-23 13:44:37 - [TEST_CASE][PASSED] - Test Cases/Mobile/Page/Login/Login: Test Cases/Mobile/Page/Login/Login

2022-02-23 13:44:37 - [TEST_STEP][PASSED] - delay(2): Delayed 2 second(s)

2022-02-23 13:44:39 - [MESSAGE][PASSED] - Delayed 2 second(s)

2022-02-23 13:44:39 - [TEST_STEP][PASSED] - for ([i = 0, i < 1, (i++)]): null

2022-02-23 13:44:39 - [TEST_STEP][PASSED] - if (action == "username"): null

2022-02-23 13:44:39 - [TEST_STEP][PASSED] - tap(LOGN_EdtUserID, 0): Tapped on element 'Object Repository/Mobile/Page/Login/Input - UserID'

2022-02-23 13:44:39 - [MESSAGE][WARNING] - Timeout '0' is invalid. Using default page load timeout: '60'

2022-02-23 13:44:40 - [MESSAGE][PASSED] - Tapped on element 'Object Repository/Mobile/Page/Login/Input - UserID'

2022-02-23 13:44:40 - [TEST_STEP][PASSED] - delay(1): Delayed 1 second(s)

2022-02-23 13:44:41 - [MESSAGE][PASSED] - Delayed 1 second(s)

2022-02-23 13:44:41 - [TEST_STEP][PASSED] - setText(LOGN_EdtRdyUserID, "anggaaditya", 0): Text 'anggaaditya' has been set to element 'Object Repository/Mobile/Page/Login/Input Rdy - UserID'

2022-02-23 13:44:41 - [MESSAGE][WARNING] - Timeout '0' is invalid. Using default page load timeout: '60'

2022-02-23 13:44:41 - [MESSAGE][PASSED] - Text 'anggaaditya' has been set to element 'Object Repository/Mobile/Page/Login/Input Rdy - UserID'

2022-02-23 13:44:41 - [TEST_STEP][PASSED] - delay(1): Delayed 1 second(s)

2022-02-23 13:44:42 - [MESSAGE][PASSED] - Delayed 1 second(s)

2022-02-23 13:44:42 - [TEST_STEP][PASSED] - hideKeyboard(): Keyboard is hidden

2022-02-23 13:44:46 - [MESSAGE][PASSED] - Keyboard is hidden

2022-02-23 13:44:46 - [TEST_STEP][PASSED] - tap(LOGN_EdtPassword, 0): Tapped on element 'Object Repository/Mobile/Page/Login/Input - Password'

2022-02-23 13:44:46 - [MESSAGE][WARNING] - Timeout '0' is invalid. Using default page load timeout: '60'

2022-02-23 13:44:46 - [MESSAGE][PASSED] - Tapped on element 'Object Repository/Mobile/Page/Login/Input - Password'

2022-02-23 13:44:46 - [TEST_STEP][PASSED] - delay(1): Delayed 1 second(s)

2022-02-23 13:44:47 - [MESSAGE][PASSED] - Delayed 1 second(s)

2022-02-23 13:44:47 - [TEST_STEP][PASSED] - setText(LOGN_EdtRdyPassword, "Shalawa18", 0): Text 'Shalawa18' has been set to element 'Object Repository/Mobile/Page/Login/Input Rdy - Password'

2022-02-23 13:44:47 - [MESSAGE][WARNING] - Timeout '0' is invalid. Using default page load timeout: '60'

2022-02-23 13:44:48 - [MESSAGE][PASSED] - Text 'Shalawa18' has been set to element 'Object Repository/Mobile/Page/Login/Input Rdy - Password'

2022-02-23 13:44:48 - [TEST_STEP][PASSED] - delay(1): Delayed 1 second(s)

2022-02-23 13:44:49 - [MESSAGE][PASSED] - Delayed 1 second(s)

2022-02-23 13:44:49 - [TEST_STEP][PASSED] - hideKeyboard(): Keyboard is hidden

2022-02-23 13:44:55 - [MESSAGE][PASSED] - Keyboard is hidden

2022-02-23 13:44:55 - [TEST_STEP][PASSED] - tap(LOGN_BtnLogin, 0): Tapped on element 'Object Repository/Mobile/Page/Login/Button - Login'

2022-02-23 13:44:55 - [MESSAGE][WARNING] - Timeout '0' is invalid. Using default page load timeout: '60'

2022-02-23 13:44:56 - [MESSAGE][PASSED] - Tapped on element 'Object Repository/Mobile/Page/Login/Button - Login'

2022-02-23 13:44:56 - [TEST_STEP][PASSED] - delay(2): Delayed 2 second(s)

2022-02-23 13:44:58 - [MESSAGE][PASSED] - Delayed 2 second(s)

2022-02-23 13:44:58 - [TEST_STEP][PASSED] - break: null

2022-02-23 13:44:58 - [MESSAGE][PASSED] - Call Test Case 'Test Cases/Mobile/Page/Login/Login' successfully

2022-02-23 13:44:58 - [MESSAGE][PASSED] - Call Test Case 'Test Cases/Mobile/Page/CheckLogin' successfully

2022-02-23 13:44:58 - [TEST_STEP][PASSED] - tap(HOME_MenubarPortfolio, 0): Tapped on element 'Object Repository/Mobile/Page/Home/Menubar - Portfolio'

2022-02-23 13:44:58 - [MESSAGE][WARNING] - Timeout '0' is invalid. Using default page load timeout: '60'

2022-02-23 13:45:01 - [MESSAGE][PASSED] - Tapped on element 'Object Repository/Mobile/Page/Home/Menubar - Portfolio'

2022-02-23 13:45:01 - [TEST_STEP][PASSED] - delay(1): Delayed 1 second(s)

2022-02-23 13:45:02 - [MESSAGE][PASSED] - Delayed 1 second(s)

2022-02-23 13:45:02 - [TEST_STEP][PASSED] - for ([i = 0, i < 1, (i++)]): scroll.scroll.scrollScreenBottomToTop is PASSED

2022-02-23 13:45:02 - [TEST_STEP][PASSED] - if (tab == "summary"): null

2022-02-23 13:45:02 - [TEST_STEP][PASSED] - else if (tab == "stock"): null

2022-02-23 13:45:02 - [TEST_STEP][PASSED] - else if (tab == "mutualfund"): scroll.scroll.scrollScreenBottomToTop is PASSED

2022-02-23 13:45:02 - [TEST_STEP][PASSED] - tap(PORT_TabMutualFund, 0): Tapped on element 'Object Repository/Mobile/Page/Portfolio/Tab - Mutual Fund'

2022-02-23 13:45:02 - [MESSAGE][WARNING] - Timeout '0' is invalid. Using default page load timeout: '60'

2022-02-23 13:45:02 - [MESSAGE][PASSED] - Tapped on element 'Object Repository/Mobile/Page/Portfolio/Tab - Mutual Fund'

2022-02-23 13:45:02 - [TEST_STEP][PASSED] - delay(1): Delayed 1 second(s)

2022-02-23 13:45:03 - [MESSAGE][PASSED] - Delayed 1 second(s)

2022-02-23 13:45:03 - [TEST_STEP][PASSED] - try: scroll.scroll.scrollScreenBottomToTop is PASSED

2022-02-23 13:45:03 - [TEST_STEP][PASSED] - tapAndHold(PORT_ItemTopMutualFund, 1, 10): Tapped and held on element 'Object Repository/Mobile/Page/Portfolio/Item - Top Mutual Fund' with duration 1

2022-02-23 13:45:06 - [MESSAGE][PASSED] - Tapped and held on element 'Object Repository/Mobile/Page/Portfolio/Item - Top Mutual Fund' with duration 1

2022-02-23 13:45:06 - [TEST_STEP][PASSED] - delay(2): Delayed 2 second(s)

2022-02-23 13:45:08 - [MESSAGE][PASSED] - Delayed 2 second(s)

2022-02-23 13:45:08 - [TEST_STEP][PASSED] - switch (action2): null

2022-02-23 13:45:08 - [TEST_STEP][PASSED] - case "1 month":: null

2022-02-23 13:45:08 - [TEST_STEP][PASSED] - tapAndHold(PORT_DETL_Btn1Month, 1, 0): Tapped and held on element 'Object Repository/Mobile/Page/Portfolio/Detail Mutual Funds/Button - 1 Month' with duration 1

2022-02-23 13:45:08 - [MESSAGE][WARNING] - Timeout '0' is invalid. Using default page load timeout: '60'

2022-02-23 13:45:11 - [MESSAGE][PASSED] - Tapped and held on element 'Object Repository/Mobile/Page/Portfolio/Detail Mutual Funds/Button - 1 Month' with duration 1

2022-02-23 13:45:11 - [TEST_STEP][PASSED] - break: null

2022-02-23 13:45:11 - [TEST_STEP][PASSED] - delay(3): Delayed 3 second(s)

2022-02-23 13:45:14 - [MESSAGE][PASSED] - Delayed 3 second(s)

2022-02-23 13:45:14 - [TEST_STEP][PASSED] - scroll.scroll.scrollScreenBottomToTop(): scroll.scroll.scrollScreenBottomToTop is PASSED

2022-02-23 13:45:14 - [MESSAGE][PASSED] - Current device physical height is 1423

2022-02-23 13:45:14 - [MESSAGE][PASSED] - Current device physical width is 720

2022-02-23 13:45:15 - [MESSAGE][PASSED] - Swiped from 360,1,138 to 360,284

2022-02-23 13:45:15 - [MESSAGE][PASSED] - scroll.scroll.scrollScreenBottomToTop is PASSED

2022-02-23 13:45:15 - [MESSAGE][PASSED] - Call Test Case 'Test Cases/Mobile/Page/Portfolio/Portfolio' successfully

2022-02-23 13:45:15 - [TEST_STEP][PASSED] - callTestCase(findTestCase("Mobile/Page/Run App/Terminate App"), [:], STOP_ON_FAILURE): Call Test Case 'Test Cases/Mobile/Page/Run App/Terminate App' successfully

2022-02-23 13:45:16 - [TEST_CASE][PASSED] - Test Cases/Mobile/Page/Run App/Terminate App: Test Cases/Mobile/Page/Run App/Terminate App

2022-02-23 13:45:16 - [TEST_STEP][PASSED] - startApp.OpenApp.terminateApplication(): startApp.OpenApp.terminateApplication is PASSED

2022-02-23 13:45:19 - [MESSAGE][PASSED] - Delayed 3 second(s)

2022-02-23 13:45:19 - [MESSAGE][PASSED] - Current device physical width is 720

2022-02-23 13:45:19 - [MESSAGE][PASSED] - Current device physical height is 1423

2022-02-23 13:45:20 - [MESSAGE][PASSED] - Swiped from 360,853 to 360,142

2022-02-23 13:45:21 - [MESSAGE][PASSED] - Delayed 1 second(s)

2022-02-23 13:45:23 - [MESSAGE][PASSED] - Swiped from 360,853 to 360,142

2022-02-23 13:45:26 - [MESSAGE][PASSED] - Delayed 3 second(s)

2022-02-23 13:45:26 - [MESSAGE][PASSED] - startApp.OpenApp.terminateApplication is PASSED

2022-02-23 13:45:26 - [MESSAGE][PASSED] - Call Test Case 'Test Cases/Mobile/Page/Run App/Terminate App' successfully]]></system-out>
         <system-err><![CDATA[]]></system-err>
      </testcase>
      <testcase name="Test Cases/Mobile/Scenario/Portfolio/014 - Melihat detail mutual fund 3 month" time="63.179" classname="Test Cases/Mobile/Scenario/Portfolio/014 - Melihat detail mutual fund 3 month" status="PASSED">
         <system-out><![CDATA[2022-02-23 13:45:26 - [TEST_CASE][PASSED] - Test Cases/Mobile/Scenario/Portfolio/014 - Melihat detail mutual fund 3 month: Test Cases/Mobile/Scenario/Portfolio/014 - Melihat detail mutual fund 3 month

2022-02-23 13:45:26 - [TEST_STEP][PASSED] - callTestCase(findTestCase("Mobile/Page/Run App/Run App byID"), [:], STOP_ON_FAILURE): Call Test Case 'Test Cases/Mobile/Page/Run App/Run App byID' successfully

2022-02-23 13:45:26 - [TEST_CASE][PASSED] - Test Cases/Mobile/Page/Run App/Run App byID: Test Cases/Mobile/Page/Run App/Run App byID

2022-02-23 13:45:26 - [TEST_STEP][PASSED] - startApp.OpenApp.startApplication("id.co.miraeasset.sageclub"): startApp.OpenApp.startApplication is PASSED

2022-02-23 13:45:38 - [MESSAGE][PASSED] - Starting app with application ID: 'id.co.miraeasset.sageclub'

2022-02-23 13:45:38 - [MESSAGE][PASSED] - startApp.OpenApp.startApplication is PASSED

2022-02-23 13:45:38 - [MESSAGE][PASSED] - Call Test Case 'Test Cases/Mobile/Page/Run App/Run App byID' successfully

2022-02-23 13:45:38 - [TEST_STEP][PASSED] - callTestCase(findTestCase("Mobile/Page/Portfolio/Portfolio"), ["tab":"mutualfund", "action2":"3 month"], CONTINUE_ON_FAILURE): Call Test Case 'Test Cases/Mobile/Page/Portfolio/Portfolio' successfully

2022-02-23 13:45:38 - [TEST_CASE][PASSED] - Test Cases/Mobile/Page/Portfolio/Portfolio: Test Cases/Mobile/Page/Portfolio/Portfolio

2022-02-23 13:45:38 - [TEST_STEP][PASSED] - callTestCase(findTestCase("Mobile/Page/CheckLogin"), [:], CONTINUE_ON_FAILURE): Call Test Case 'Test Cases/Mobile/Page/CheckLogin' successfully

2022-02-23 13:45:38 - [TEST_CASE][PASSED] - Test Cases/Mobile/Page/CheckLogin: Test Cases/Mobile/Page/CheckLogin

2022-02-23 13:45:38 - [TEST_STEP][PASSED] - loginCheck = verifyElementExist(LOGN_BtnLogin, 5, CONTINUE_ON_FAILURE): Element 'Object Repository/Mobile/Page/Login/Button - Login' is exist

2022-02-23 13:45:40 - [MESSAGE][PASSED] - Element 'Object Repository/Mobile/Page/Login/Button - Login' is exist

2022-02-23 13:45:40 - [TEST_STEP][PASSED] - if (loginCheck): Call Test Case 'Test Cases/Mobile/Page/Login/Login' successfully

2022-02-23 13:45:40 - [TEST_STEP][PASSED] - callTestCase(findTestCase("Mobile/Page/Login/Login"), ["action":"username"], CONTINUE_ON_FAILURE): Call Test Case 'Test Cases/Mobile/Page/Login/Login' successfully

2022-02-23 13:45:40 - [TEST_CASE][PASSED] - Test Cases/Mobile/Page/Login/Login: Test Cases/Mobile/Page/Login/Login

2022-02-23 13:45:40 - [TEST_STEP][PASSED] - delay(2): Delayed 2 second(s)

2022-02-23 13:45:42 - [MESSAGE][PASSED] - Delayed 2 second(s)

2022-02-23 13:45:42 - [TEST_STEP][PASSED] - for ([i = 0, i < 1, (i++)]): null

2022-02-23 13:45:42 - [TEST_STEP][PASSED] - if (action == "username"): null

2022-02-23 13:45:42 - [TEST_STEP][PASSED] - tap(LOGN_EdtUserID, 0): Tapped on element 'Object Repository/Mobile/Page/Login/Input - UserID'

2022-02-23 13:45:42 - [MESSAGE][WARNING] - Timeout '0' is invalid. Using default page load timeout: '60'

2022-02-23 13:45:42 - [MESSAGE][PASSED] - Tapped on element 'Object Repository/Mobile/Page/Login/Input - UserID'

2022-02-23 13:45:42 - [TEST_STEP][PASSED] - delay(1): Delayed 1 second(s)

2022-02-23 13:45:43 - [MESSAGE][PASSED] - Delayed 1 second(s)

2022-02-23 13:45:43 - [TEST_STEP][PASSED] - setText(LOGN_EdtRdyUserID, "anggaaditya", 0): Text 'anggaaditya' has been set to element 'Object Repository/Mobile/Page/Login/Input Rdy - UserID'

2022-02-23 13:45:43 - [MESSAGE][WARNING] - Timeout '0' is invalid. Using default page load timeout: '60'

2022-02-23 13:45:44 - [MESSAGE][PASSED] - Text 'anggaaditya' has been set to element 'Object Repository/Mobile/Page/Login/Input Rdy - UserID'

2022-02-23 13:45:44 - [TEST_STEP][PASSED] - delay(1): Delayed 1 second(s)

2022-02-23 13:45:45 - [MESSAGE][PASSED] - Delayed 1 second(s)

2022-02-23 13:45:45 - [TEST_STEP][PASSED] - hideKeyboard(): Keyboard is hidden

2022-02-23 13:45:48 - [MESSAGE][PASSED] - Keyboard is hidden

2022-02-23 13:45:48 - [TEST_STEP][PASSED] - tap(LOGN_EdtPassword, 0): Tapped on element 'Object Repository/Mobile/Page/Login/Input - Password'

2022-02-23 13:45:48 - [MESSAGE][WARNING] - Timeout '0' is invalid. Using default page load timeout: '60'

2022-02-23 13:45:49 - [MESSAGE][PASSED] - Tapped on element 'Object Repository/Mobile/Page/Login/Input - Password'

2022-02-23 13:45:49 - [TEST_STEP][PASSED] - delay(1): Delayed 1 second(s)

2022-02-23 13:45:50 - [MESSAGE][PASSED] - Delayed 1 second(s)

2022-02-23 13:45:50 - [TEST_STEP][PASSED] - setText(LOGN_EdtRdyPassword, "Shalawa18", 0): Text 'Shalawa18' has been set to element 'Object Repository/Mobile/Page/Login/Input Rdy - Password'

2022-02-23 13:45:50 - [MESSAGE][WARNING] - Timeout '0' is invalid. Using default page load timeout: '60'

2022-02-23 13:45:50 - [MESSAGE][PASSED] - Text 'Shalawa18' has been set to element 'Object Repository/Mobile/Page/Login/Input Rdy - Password'

2022-02-23 13:45:50 - [TEST_STEP][PASSED] - delay(1): Delayed 1 second(s)

2022-02-23 13:45:51 - [MESSAGE][PASSED] - Delayed 1 second(s)

2022-02-23 13:45:52 - [TEST_STEP][PASSED] - hideKeyboard(): Keyboard is hidden

2022-02-23 13:45:58 - [MESSAGE][PASSED] - Keyboard is hidden

2022-02-23 13:45:58 - [TEST_STEP][PASSED] - tap(LOGN_BtnLogin, 0): Tapped on element 'Object Repository/Mobile/Page/Login/Button - Login'

2022-02-23 13:45:58 - [MESSAGE][WARNING] - Timeout '0' is invalid. Using default page load timeout: '60'

2022-02-23 13:45:58 - [MESSAGE][PASSED] - Tapped on element 'Object Repository/Mobile/Page/Login/Button - Login'

2022-02-23 13:45:58 - [TEST_STEP][PASSED] - delay(2): Delayed 2 second(s)

2022-02-23 13:46:00 - [MESSAGE][PASSED] - Delayed 2 second(s)

2022-02-23 13:46:00 - [TEST_STEP][PASSED] - break: null

2022-02-23 13:46:00 - [MESSAGE][PASSED] - Call Test Case 'Test Cases/Mobile/Page/Login/Login' successfully

2022-02-23 13:46:00 - [MESSAGE][PASSED] - Call Test Case 'Test Cases/Mobile/Page/CheckLogin' successfully

2022-02-23 13:46:00 - [TEST_STEP][PASSED] - tap(HOME_MenubarPortfolio, 0): Tapped on element 'Object Repository/Mobile/Page/Home/Menubar - Portfolio'

2022-02-23 13:46:00 - [MESSAGE][WARNING] - Timeout '0' is invalid. Using default page load timeout: '60'

2022-02-23 13:46:03 - [MESSAGE][PASSED] - Tapped on element 'Object Repository/Mobile/Page/Home/Menubar - Portfolio'

2022-02-23 13:46:03 - [TEST_STEP][PASSED] - delay(1): Delayed 1 second(s)

2022-02-23 13:46:04 - [MESSAGE][PASSED] - Delayed 1 second(s)

2022-02-23 13:46:04 - [TEST_STEP][PASSED] - for ([i = 0, i < 1, (i++)]): scroll.scroll.scrollScreenBottomToTop is PASSED

2022-02-23 13:46:04 - [TEST_STEP][PASSED] - if (tab == "summary"): null

2022-02-23 13:46:04 - [TEST_STEP][PASSED] - else if (tab == "stock"): null

2022-02-23 13:46:04 - [TEST_STEP][PASSED] - else if (tab == "mutualfund"): scroll.scroll.scrollScreenBottomToTop is PASSED

2022-02-23 13:46:04 - [TEST_STEP][PASSED] - tap(PORT_TabMutualFund, 0): Tapped on element 'Object Repository/Mobile/Page/Portfolio/Tab - Mutual Fund'

2022-02-23 13:46:04 - [MESSAGE][WARNING] - Timeout '0' is invalid. Using default page load timeout: '60'

2022-02-23 13:46:05 - [MESSAGE][PASSED] - Tapped on element 'Object Repository/Mobile/Page/Portfolio/Tab - Mutual Fund'

2022-02-23 13:46:05 - [TEST_STEP][PASSED] - delay(1): Delayed 1 second(s)

2022-02-23 13:46:06 - [MESSAGE][PASSED] - Delayed 1 second(s)

2022-02-23 13:46:06 - [TEST_STEP][PASSED] - try: scroll.scroll.scrollScreenBottomToTop is PASSED

2022-02-23 13:46:06 - [TEST_STEP][PASSED] - tapAndHold(PORT_ItemTopMutualFund, 1, 10): Tapped and held on element 'Object Repository/Mobile/Page/Portfolio/Item - Top Mutual Fund' with duration 1

2022-02-23 13:46:09 - [MESSAGE][PASSED] - Tapped and held on element 'Object Repository/Mobile/Page/Portfolio/Item - Top Mutual Fund' with duration 1

2022-02-23 13:46:09 - [TEST_STEP][PASSED] - delay(2): Delayed 2 second(s)

2022-02-23 13:46:11 - [MESSAGE][PASSED] - Delayed 2 second(s)

2022-02-23 13:46:11 - [TEST_STEP][PASSED] - switch (action2): null

2022-02-23 13:46:11 - [TEST_STEP][PASSED] - case "3 month":: null

2022-02-23 13:46:11 - [TEST_STEP][PASSED] - tapAndHold(PORT_DETL_Btn3Month, 1, 0): Tapped and held on element 'Object Repository/Mobile/Page/Portfolio/Detail Mutual Funds/Button - 3 Month' with duration 1

2022-02-23 13:46:11 - [MESSAGE][WARNING] - Timeout '0' is invalid. Using default page load timeout: '60'

2022-02-23 13:46:14 - [MESSAGE][PASSED] - Tapped and held on element 'Object Repository/Mobile/Page/Portfolio/Detail Mutual Funds/Button - 3 Month' with duration 1

2022-02-23 13:46:14 - [TEST_STEP][PASSED] - break: null

2022-02-23 13:46:14 - [TEST_STEP][PASSED] - delay(3): Delayed 3 second(s)

2022-02-23 13:46:17 - [MESSAGE][PASSED] - Delayed 3 second(s)

2022-02-23 13:46:17 - [TEST_STEP][PASSED] - scroll.scroll.scrollScreenBottomToTop(): scroll.scroll.scrollScreenBottomToTop is PASSED

2022-02-23 13:46:17 - [MESSAGE][PASSED] - Current device physical height is 1423

2022-02-23 13:46:17 - [MESSAGE][PASSED] - Current device physical width is 720

2022-02-23 13:46:19 - [MESSAGE][PASSED] - Swiped from 360,1,138 to 360,284

2022-02-23 13:46:19 - [MESSAGE][PASSED] - scroll.scroll.scrollScreenBottomToTop is PASSED

2022-02-23 13:46:19 - [MESSAGE][PASSED] - Call Test Case 'Test Cases/Mobile/Page/Portfolio/Portfolio' successfully

2022-02-23 13:46:19 - [TEST_STEP][PASSED] - callTestCase(findTestCase("Mobile/Page/Run App/Terminate App"), [:], STOP_ON_FAILURE): Call Test Case 'Test Cases/Mobile/Page/Run App/Terminate App' successfully

2022-02-23 13:46:19 - [TEST_CASE][PASSED] - Test Cases/Mobile/Page/Run App/Terminate App: Test Cases/Mobile/Page/Run App/Terminate App

2022-02-23 13:46:19 - [TEST_STEP][PASSED] - startApp.OpenApp.terminateApplication(): startApp.OpenApp.terminateApplication is PASSED

2022-02-23 13:46:22 - [MESSAGE][PASSED] - Delayed 3 second(s)

2022-02-23 13:46:22 - [MESSAGE][PASSED] - Current device physical width is 720

2022-02-23 13:46:22 - [MESSAGE][PASSED] - Current device physical height is 1423

2022-02-23 13:46:23 - [MESSAGE][PASSED] - Swiped from 360,853 to 360,142

2022-02-23 13:46:24 - [MESSAGE][PASSED] - Delayed 1 second(s)

2022-02-23 13:46:26 - [MESSAGE][PASSED] - Swiped from 360,853 to 360,142

2022-02-23 13:46:29 - [MESSAGE][PASSED] - Delayed 3 second(s)

2022-02-23 13:46:29 - [MESSAGE][PASSED] - startApp.OpenApp.terminateApplication is PASSED

2022-02-23 13:46:29 - [MESSAGE][PASSED] - Call Test Case 'Test Cases/Mobile/Page/Run App/Terminate App' successfully]]></system-out>
         <system-err><![CDATA[]]></system-err>
      </testcase>
      <testcase name="Test Cases/Mobile/Scenario/Portfolio/015 - Melihat detail mutual fund 6 month" time="63.659" classname="Test Cases/Mobile/Scenario/Portfolio/015 - Melihat detail mutual fund 6 month" status="PASSED">
         <system-out><![CDATA[2022-02-23 13:46:29 - [TEST_CASE][PASSED] - Test Cases/Mobile/Scenario/Portfolio/015 - Melihat detail mutual fund 6 month: Test Cases/Mobile/Scenario/Portfolio/015 - Melihat detail mutual fund 6 month

2022-02-23 13:46:29 - [TEST_STEP][PASSED] - callTestCase(findTestCase("Mobile/Page/Run App/Run App byID"), [:], STOP_ON_FAILURE): Call Test Case 'Test Cases/Mobile/Page/Run App/Run App byID' successfully

2022-02-23 13:46:29 - [TEST_CASE][PASSED] - Test Cases/Mobile/Page/Run App/Run App byID: Test Cases/Mobile/Page/Run App/Run App byID

2022-02-23 13:46:29 - [TEST_STEP][PASSED] - startApp.OpenApp.startApplication("id.co.miraeasset.sageclub"): startApp.OpenApp.startApplication is PASSED

2022-02-23 13:46:41 - [MESSAGE][PASSED] - Starting app with application ID: 'id.co.miraeasset.sageclub'

2022-02-23 13:46:41 - [MESSAGE][PASSED] - startApp.OpenApp.startApplication is PASSED

2022-02-23 13:46:41 - [MESSAGE][PASSED] - Call Test Case 'Test Cases/Mobile/Page/Run App/Run App byID' successfully

2022-02-23 13:46:41 - [TEST_STEP][PASSED] - callTestCase(findTestCase("Mobile/Page/Portfolio/Portfolio"), ["tab":"mutualfund", "action2":"6 month"], CONTINUE_ON_FAILURE): Call Test Case 'Test Cases/Mobile/Page/Portfolio/Portfolio' successfully

2022-02-23 13:46:41 - [TEST_CASE][PASSED] - Test Cases/Mobile/Page/Portfolio/Portfolio: Test Cases/Mobile/Page/Portfolio/Portfolio

2022-02-23 13:46:41 - [TEST_STEP][PASSED] - callTestCase(findTestCase("Mobile/Page/CheckLogin"), [:], CONTINUE_ON_FAILURE): Call Test Case 'Test Cases/Mobile/Page/CheckLogin' successfully

2022-02-23 13:46:41 - [TEST_CASE][PASSED] - Test Cases/Mobile/Page/CheckLogin: Test Cases/Mobile/Page/CheckLogin

2022-02-23 13:46:41 - [TEST_STEP][PASSED] - loginCheck = verifyElementExist(LOGN_BtnLogin, 5, CONTINUE_ON_FAILURE): Element 'Object Repository/Mobile/Page/Login/Button - Login' is exist

2022-02-23 13:46:43 - [MESSAGE][PASSED] - Element 'Object Repository/Mobile/Page/Login/Button - Login' is exist

2022-02-23 13:46:43 - [TEST_STEP][PASSED] - if (loginCheck): Call Test Case 'Test Cases/Mobile/Page/Login/Login' successfully

2022-02-23 13:46:43 - [TEST_STEP][PASSED] - callTestCase(findTestCase("Mobile/Page/Login/Login"), ["action":"username"], CONTINUE_ON_FAILURE): Call Test Case 'Test Cases/Mobile/Page/Login/Login' successfully

2022-02-23 13:46:43 - [TEST_CASE][PASSED] - Test Cases/Mobile/Page/Login/Login: Test Cases/Mobile/Page/Login/Login

2022-02-23 13:46:43 - [TEST_STEP][PASSED] - delay(2): Delayed 2 second(s)

2022-02-23 13:46:45 - [MESSAGE][PASSED] - Delayed 2 second(s)

2022-02-23 13:46:45 - [TEST_STEP][PASSED] - for ([i = 0, i < 1, (i++)]): null

2022-02-23 13:46:45 - [TEST_STEP][PASSED] - if (action == "username"): null

2022-02-23 13:46:45 - [TEST_STEP][PASSED] - tap(LOGN_EdtUserID, 0): Tapped on element 'Object Repository/Mobile/Page/Login/Input - UserID'

2022-02-23 13:46:45 - [MESSAGE][WARNING] - Timeout '0' is invalid. Using default page load timeout: '60'

2022-02-23 13:46:46 - [MESSAGE][PASSED] - Tapped on element 'Object Repository/Mobile/Page/Login/Input - UserID'

2022-02-23 13:46:46 - [TEST_STEP][PASSED] - delay(1): Delayed 1 second(s)

2022-02-23 13:46:47 - [MESSAGE][PASSED] - Delayed 1 second(s)

2022-02-23 13:46:47 - [TEST_STEP][PASSED] - setText(LOGN_EdtRdyUserID, "anggaaditya", 0): Text 'anggaaditya' has been set to element 'Object Repository/Mobile/Page/Login/Input Rdy - UserID'

2022-02-23 13:46:47 - [MESSAGE][WARNING] - Timeout '0' is invalid. Using default page load timeout: '60'

2022-02-23 13:46:47 - [MESSAGE][PASSED] - Text 'anggaaditya' has been set to element 'Object Repository/Mobile/Page/Login/Input Rdy - UserID'

2022-02-23 13:46:47 - [TEST_STEP][PASSED] - delay(1): Delayed 1 second(s)

2022-02-23 13:46:48 - [MESSAGE][PASSED] - Delayed 1 second(s)

2022-02-23 13:46:48 - [TEST_STEP][PASSED] - hideKeyboard(): Keyboard is hidden

2022-02-23 13:46:52 - [MESSAGE][PASSED] - Keyboard is hidden

2022-02-23 13:46:52 - [TEST_STEP][PASSED] - tap(LOGN_EdtPassword, 0): Tapped on element 'Object Repository/Mobile/Page/Login/Input - Password'

2022-02-23 13:46:52 - [MESSAGE][WARNING] - Timeout '0' is invalid. Using default page load timeout: '60'

2022-02-23 13:46:52 - [MESSAGE][PASSED] - Tapped on element 'Object Repository/Mobile/Page/Login/Input - Password'

2022-02-23 13:46:52 - [TEST_STEP][PASSED] - delay(1): Delayed 1 second(s)

2022-02-23 13:46:53 - [MESSAGE][PASSED] - Delayed 1 second(s)

2022-02-23 13:46:53 - [TEST_STEP][PASSED] - setText(LOGN_EdtRdyPassword, "Shalawa18", 0): Text 'Shalawa18' has been set to element 'Object Repository/Mobile/Page/Login/Input Rdy - Password'

2022-02-23 13:46:53 - [MESSAGE][WARNING] - Timeout '0' is invalid. Using default page load timeout: '60'

2022-02-23 13:46:54 - [MESSAGE][PASSED] - Text 'Shalawa18' has been set to element 'Object Repository/Mobile/Page/Login/Input Rdy - Password'

2022-02-23 13:46:54 - [TEST_STEP][PASSED] - delay(1): Delayed 1 second(s)

2022-02-23 13:46:55 - [MESSAGE][PASSED] - Delayed 1 second(s)

2022-02-23 13:46:55 - [TEST_STEP][PASSED] - hideKeyboard(): Keyboard is hidden

2022-02-23 13:47:01 - [MESSAGE][PASSED] - Keyboard is hidden

2022-02-23 13:47:01 - [TEST_STEP][PASSED] - tap(LOGN_BtnLogin, 0): Tapped on element 'Object Repository/Mobile/Page/Login/Button - Login'

2022-02-23 13:47:01 - [MESSAGE][WARNING] - Timeout '0' is invalid. Using default page load timeout: '60'

2022-02-23 13:47:02 - [MESSAGE][PASSED] - Tapped on element 'Object Repository/Mobile/Page/Login/Button - Login'

2022-02-23 13:47:02 - [TEST_STEP][PASSED] - delay(2): Delayed 2 second(s)

2022-02-23 13:47:04 - [MESSAGE][PASSED] - Delayed 2 second(s)

2022-02-23 13:47:04 - [TEST_STEP][PASSED] - break: null

2022-02-23 13:47:04 - [MESSAGE][PASSED] - Call Test Case 'Test Cases/Mobile/Page/Login/Login' successfully

2022-02-23 13:47:04 - [MESSAGE][PASSED] - Call Test Case 'Test Cases/Mobile/Page/CheckLogin' successfully

2022-02-23 13:47:04 - [TEST_STEP][PASSED] - tap(HOME_MenubarPortfolio, 0): Tapped on element 'Object Repository/Mobile/Page/Home/Menubar - Portfolio'

2022-02-23 13:47:04 - [MESSAGE][WARNING] - Timeout '0' is invalid. Using default page load timeout: '60'

2022-02-23 13:47:06 - [MESSAGE][PASSED] - Tapped on element 'Object Repository/Mobile/Page/Home/Menubar - Portfolio'

2022-02-23 13:47:06 - [TEST_STEP][PASSED] - delay(1): Delayed 1 second(s)

2022-02-23 13:47:07 - [MESSAGE][PASSED] - Delayed 1 second(s)

2022-02-23 13:47:07 - [TEST_STEP][PASSED] - for ([i = 0, i < 1, (i++)]): scroll.scroll.scrollScreenBottomToTop is PASSED

2022-02-23 13:47:07 - [TEST_STEP][PASSED] - if (tab == "summary"): null

2022-02-23 13:47:07 - [TEST_STEP][PASSED] - else if (tab == "stock"): null

2022-02-23 13:47:07 - [TEST_STEP][PASSED] - else if (tab == "mutualfund"): scroll.scroll.scrollScreenBottomToTop is PASSED

2022-02-23 13:47:07 - [TEST_STEP][PASSED] - tap(PORT_TabMutualFund, 0): Tapped on element 'Object Repository/Mobile/Page/Portfolio/Tab - Mutual Fund'

2022-02-23 13:47:07 - [MESSAGE][WARNING] - Timeout '0' is invalid. Using default page load timeout: '60'

2022-02-23 13:47:09 - [MESSAGE][PASSED] - Tapped on element 'Object Repository/Mobile/Page/Portfolio/Tab - Mutual Fund'

2022-02-23 13:47:09 - [TEST_STEP][PASSED] - delay(1): Delayed 1 second(s)

2022-02-23 13:47:10 - [MESSAGE][PASSED] - Delayed 1 second(s)

2022-02-23 13:47:10 - [TEST_STEP][PASSED] - try: scroll.scroll.scrollScreenBottomToTop is PASSED

2022-02-23 13:47:10 - [TEST_STEP][PASSED] - tapAndHold(PORT_ItemTopMutualFund, 1, 10): Tapped and held on element 'Object Repository/Mobile/Page/Portfolio/Item - Top Mutual Fund' with duration 1

2022-02-23 13:47:13 - [MESSAGE][PASSED] - Tapped and held on element 'Object Repository/Mobile/Page/Portfolio/Item - Top Mutual Fund' with duration 1

2022-02-23 13:47:13 - [TEST_STEP][PASSED] - delay(2): Delayed 2 second(s)

2022-02-23 13:47:15 - [MESSAGE][PASSED] - Delayed 2 second(s)

2022-02-23 13:47:15 - [TEST_STEP][PASSED] - switch (action2): null

2022-02-23 13:47:15 - [TEST_STEP][PASSED] - case "6 month":: null

2022-02-23 13:47:15 - [TEST_STEP][PASSED] - tapAndHold(PORT_DETL_Btn6Month, 1, 0): Tapped and held on element 'Object Repository/Mobile/Page/Portfolio/Detail Mutual Funds/Button - 6 Month' with duration 1

2022-02-23 13:47:15 - [MESSAGE][WARNING] - Timeout '0' is invalid. Using default page load timeout: '60'

2022-02-23 13:47:18 - [MESSAGE][PASSED] - Tapped and held on element 'Object Repository/Mobile/Page/Portfolio/Detail Mutual Funds/Button - 6 Month' with duration 1

2022-02-23 13:47:18 - [TEST_STEP][PASSED] - break: null

2022-02-23 13:47:18 - [TEST_STEP][PASSED] - delay(3): Delayed 3 second(s)

2022-02-23 13:47:21 - [MESSAGE][PASSED] - Delayed 3 second(s)

2022-02-23 13:47:21 - [TEST_STEP][PASSED] - scroll.scroll.scrollScreenBottomToTop(): scroll.scroll.scrollScreenBottomToTop is PASSED

2022-02-23 13:47:21 - [MESSAGE][PASSED] - Current device physical height is 1423

2022-02-23 13:47:21 - [MESSAGE][PASSED] - Current device physical width is 720

2022-02-23 13:47:22 - [MESSAGE][PASSED] - Swiped from 360,1,138 to 360,284

2022-02-23 13:47:22 - [MESSAGE][PASSED] - scroll.scroll.scrollScreenBottomToTop is PASSED

2022-02-23 13:47:22 - [MESSAGE][PASSED] - Call Test Case 'Test Cases/Mobile/Page/Portfolio/Portfolio' successfully

2022-02-23 13:47:22 - [TEST_STEP][PASSED] - callTestCase(findTestCase("Mobile/Page/Run App/Terminate App"), [:], STOP_ON_FAILURE): Call Test Case 'Test Cases/Mobile/Page/Run App/Terminate App' successfully

2022-02-23 13:47:22 - [TEST_CASE][PASSED] - Test Cases/Mobile/Page/Run App/Terminate App: Test Cases/Mobile/Page/Run App/Terminate App

2022-02-23 13:47:22 - [TEST_STEP][PASSED] - startApp.OpenApp.terminateApplication(): startApp.OpenApp.terminateApplication is PASSED

2022-02-23 13:47:25 - [MESSAGE][PASSED] - Delayed 3 second(s)

2022-02-23 13:47:26 - [MESSAGE][PASSED] - Current device physical width is 720

2022-02-23 13:47:26 - [MESSAGE][PASSED] - Current device physical height is 1423

2022-02-23 13:47:27 - [MESSAGE][PASSED] - Swiped from 360,853 to 360,142

2022-02-23 13:47:28 - [MESSAGE][PASSED] - Delayed 1 second(s)

2022-02-23 13:47:29 - [MESSAGE][PASSED] - Swiped from 360,853 to 360,142

2022-02-23 13:47:32 - [MESSAGE][PASSED] - Delayed 3 second(s)

2022-02-23 13:47:32 - [MESSAGE][PASSED] - startApp.OpenApp.terminateApplication is PASSED

2022-02-23 13:47:32 - [MESSAGE][PASSED] - Call Test Case 'Test Cases/Mobile/Page/Run App/Terminate App' successfully]]></system-out>
         <system-err><![CDATA[]]></system-err>
      </testcase>
      <testcase name="Test Cases/Mobile/Scenario/Portfolio/016 - Melihat detail mutual fund 1 year" time="65.339" classname="Test Cases/Mobile/Scenario/Portfolio/016 - Melihat detail mutual fund 1 year" status="PASSED">
         <system-out><![CDATA[2022-02-23 13:47:32 - [TEST_CASE][PASSED] - Test Cases/Mobile/Scenario/Portfolio/016 - Melihat detail mutual fund 1 year: Test Cases/Mobile/Scenario/Portfolio/016 - Melihat detail mutual fund 1 year

2022-02-23 13:47:33 - [TEST_STEP][PASSED] - callTestCase(findTestCase("Mobile/Page/Run App/Run App byID"), [:], STOP_ON_FAILURE): Call Test Case 'Test Cases/Mobile/Page/Run App/Run App byID' successfully

2022-02-23 13:47:33 - [TEST_CASE][PASSED] - Test Cases/Mobile/Page/Run App/Run App byID: Test Cases/Mobile/Page/Run App/Run App byID

2022-02-23 13:47:33 - [TEST_STEP][PASSED] - startApp.OpenApp.startApplication("id.co.miraeasset.sageclub"): startApp.OpenApp.startApplication is PASSED

2022-02-23 13:47:45 - [MESSAGE][PASSED] - Starting app with application ID: 'id.co.miraeasset.sageclub'

2022-02-23 13:47:45 - [MESSAGE][PASSED] - startApp.OpenApp.startApplication is PASSED

2022-02-23 13:47:45 - [MESSAGE][PASSED] - Call Test Case 'Test Cases/Mobile/Page/Run App/Run App byID' successfully

2022-02-23 13:47:45 - [TEST_STEP][PASSED] - callTestCase(findTestCase("Mobile/Page/Portfolio/Portfolio"), ["tab":"mutualfund", "action2":"1 year"], CONTINUE_ON_FAILURE): Call Test Case 'Test Cases/Mobile/Page/Portfolio/Portfolio' successfully

2022-02-23 13:47:45 - [TEST_CASE][PASSED] - Test Cases/Mobile/Page/Portfolio/Portfolio: Test Cases/Mobile/Page/Portfolio/Portfolio

2022-02-23 13:47:45 - [TEST_STEP][PASSED] - callTestCase(findTestCase("Mobile/Page/CheckLogin"), [:], CONTINUE_ON_FAILURE): Call Test Case 'Test Cases/Mobile/Page/CheckLogin' successfully

2022-02-23 13:47:45 - [TEST_CASE][PASSED] - Test Cases/Mobile/Page/CheckLogin: Test Cases/Mobile/Page/CheckLogin

2022-02-23 13:47:45 - [TEST_STEP][PASSED] - loginCheck = verifyElementExist(LOGN_BtnLogin, 5, CONTINUE_ON_FAILURE): Element 'Object Repository/Mobile/Page/Login/Button - Login' is exist

2022-02-23 13:47:47 - [MESSAGE][PASSED] - Element 'Object Repository/Mobile/Page/Login/Button - Login' is exist

2022-02-23 13:47:47 - [TEST_STEP][PASSED] - if (loginCheck): Call Test Case 'Test Cases/Mobile/Page/Login/Login' successfully

2022-02-23 13:47:47 - [TEST_STEP][PASSED] - callTestCase(findTestCase("Mobile/Page/Login/Login"), ["action":"username"], CONTINUE_ON_FAILURE): Call Test Case 'Test Cases/Mobile/Page/Login/Login' successfully

2022-02-23 13:47:47 - [TEST_CASE][PASSED] - Test Cases/Mobile/Page/Login/Login: Test Cases/Mobile/Page/Login/Login

2022-02-23 13:47:47 - [TEST_STEP][PASSED] - delay(2): Delayed 2 second(s)

2022-02-23 13:47:49 - [MESSAGE][PASSED] - Delayed 2 second(s)

2022-02-23 13:47:49 - [TEST_STEP][PASSED] - for ([i = 0, i < 1, (i++)]): null

2022-02-23 13:47:49 - [TEST_STEP][PASSED] - if (action == "username"): null

2022-02-23 13:47:49 - [TEST_STEP][PASSED] - tap(LOGN_EdtUserID, 0): Tapped on element 'Object Repository/Mobile/Page/Login/Input - UserID'

2022-02-23 13:47:49 - [MESSAGE][WARNING] - Timeout '0' is invalid. Using default page load timeout: '60'

2022-02-23 13:47:49 - [MESSAGE][PASSED] - Tapped on element 'Object Repository/Mobile/Page/Login/Input - UserID'

2022-02-23 13:47:49 - [TEST_STEP][PASSED] - delay(1): Delayed 1 second(s)

2022-02-23 13:47:50 - [MESSAGE][PASSED] - Delayed 1 second(s)

2022-02-23 13:47:50 - [TEST_STEP][PASSED] - setText(LOGN_EdtRdyUserID, "anggaaditya", 0): Text 'anggaaditya' has been set to element 'Object Repository/Mobile/Page/Login/Input Rdy - UserID'

2022-02-23 13:47:50 - [MESSAGE][WARNING] - Timeout '0' is invalid. Using default page load timeout: '60'

2022-02-23 13:47:51 - [MESSAGE][PASSED] - Text 'anggaaditya' has been set to element 'Object Repository/Mobile/Page/Login/Input Rdy - UserID'

2022-02-23 13:47:51 - [TEST_STEP][PASSED] - delay(1): Delayed 1 second(s)

2022-02-23 13:47:52 - [MESSAGE][PASSED] - Delayed 1 second(s)

2022-02-23 13:47:52 - [TEST_STEP][PASSED] - hideKeyboard(): Keyboard is hidden

2022-02-23 13:47:58 - [MESSAGE][PASSED] - Keyboard is hidden

2022-02-23 13:47:58 - [TEST_STEP][PASSED] - tap(LOGN_EdtPassword, 0): Tapped on element 'Object Repository/Mobile/Page/Login/Input - Password'

2022-02-23 13:47:58 - [MESSAGE][WARNING] - Timeout '0' is invalid. Using default page load timeout: '60'

2022-02-23 13:47:58 - [MESSAGE][PASSED] - Tapped on element 'Object Repository/Mobile/Page/Login/Input - Password'

2022-02-23 13:47:58 - [TEST_STEP][PASSED] - delay(1): Delayed 1 second(s)

2022-02-23 13:47:59 - [MESSAGE][PASSED] - Delayed 1 second(s)

2022-02-23 13:47:59 - [TEST_STEP][PASSED] - setText(LOGN_EdtRdyPassword, "Shalawa18", 0): Text 'Shalawa18' has been set to element 'Object Repository/Mobile/Page/Login/Input Rdy - Password'

2022-02-23 13:47:59 - [MESSAGE][WARNING] - Timeout '0' is invalid. Using default page load timeout: '60'

2022-02-23 13:48:00 - [MESSAGE][PASSED] - Text 'Shalawa18' has been set to element 'Object Repository/Mobile/Page/Login/Input Rdy - Password'

2022-02-23 13:48:00 - [TEST_STEP][PASSED] - delay(1): Delayed 1 second(s)

2022-02-23 13:48:01 - [MESSAGE][PASSED] - Delayed 1 second(s)

2022-02-23 13:48:01 - [TEST_STEP][PASSED] - hideKeyboard(): Keyboard is hidden

2022-02-23 13:48:08 - [MESSAGE][PASSED] - Keyboard is hidden

2022-02-23 13:48:08 - [TEST_STEP][PASSED] - tap(LOGN_BtnLogin, 0): Tapped on element 'Object Repository/Mobile/Page/Login/Button - Login'

2022-02-23 13:48:08 - [MESSAGE][WARNING] - Timeout '0' is invalid. Using default page load timeout: '60'

2022-02-23 13:48:09 - [MESSAGE][PASSED] - Tapped on element 'Object Repository/Mobile/Page/Login/Button - Login'

2022-02-23 13:48:09 - [TEST_STEP][PASSED] - delay(2): Delayed 2 second(s)

2022-02-23 13:48:11 - [MESSAGE][PASSED] - Delayed 2 second(s)

2022-02-23 13:48:11 - [TEST_STEP][PASSED] - break: null

2022-02-23 13:48:11 - [MESSAGE][PASSED] - Call Test Case 'Test Cases/Mobile/Page/Login/Login' successfully

2022-02-23 13:48:11 - [MESSAGE][PASSED] - Call Test Case 'Test Cases/Mobile/Page/CheckLogin' successfully

2022-02-23 13:48:11 - [TEST_STEP][PASSED] - tap(HOME_MenubarPortfolio, 0): Tapped on element 'Object Repository/Mobile/Page/Home/Menubar - Portfolio'

2022-02-23 13:48:11 - [MESSAGE][WARNING] - Timeout '0' is invalid. Using default page load timeout: '60'

2022-02-23 13:48:13 - [MESSAGE][PASSED] - Tapped on element 'Object Repository/Mobile/Page/Home/Menubar - Portfolio'

2022-02-23 13:48:13 - [TEST_STEP][PASSED] - delay(1): Delayed 1 second(s)

2022-02-23 13:48:14 - [MESSAGE][PASSED] - Delayed 1 second(s)

2022-02-23 13:48:14 - [TEST_STEP][PASSED] - for ([i = 0, i < 1, (i++)]): scroll.scroll.scrollScreenBottomToTop is PASSED

2022-02-23 13:48:14 - [TEST_STEP][PASSED] - if (tab == "summary"): null

2022-02-23 13:48:14 - [TEST_STEP][PASSED] - else if (tab == "stock"): null

2022-02-23 13:48:14 - [TEST_STEP][PASSED] - else if (tab == "mutualfund"): scroll.scroll.scrollScreenBottomToTop is PASSED

2022-02-23 13:48:14 - [TEST_STEP][PASSED] - tap(PORT_TabMutualFund, 0): Tapped on element 'Object Repository/Mobile/Page/Portfolio/Tab - Mutual Fund'

2022-02-23 13:48:14 - [MESSAGE][WARNING] - Timeout '0' is invalid. Using default page load timeout: '60'

2022-02-23 13:48:14 - [MESSAGE][PASSED] - Tapped on element 'Object Repository/Mobile/Page/Portfolio/Tab - Mutual Fund'

2022-02-23 13:48:14 - [TEST_STEP][PASSED] - delay(1): Delayed 1 second(s)

2022-02-23 13:48:15 - [MESSAGE][PASSED] - Delayed 1 second(s)

2022-02-23 13:48:15 - [TEST_STEP][PASSED] - try: scroll.scroll.scrollScreenBottomToTop is PASSED

2022-02-23 13:48:15 - [TEST_STEP][PASSED] - tapAndHold(PORT_ItemTopMutualFund, 1, 10): Tapped and held on element 'Object Repository/Mobile/Page/Portfolio/Item - Top Mutual Fund' with duration 1

2022-02-23 13:48:18 - [MESSAGE][PASSED] - Tapped and held on element 'Object Repository/Mobile/Page/Portfolio/Item - Top Mutual Fund' with duration 1

2022-02-23 13:48:18 - [TEST_STEP][PASSED] - delay(2): Delayed 2 second(s)

2022-02-23 13:48:20 - [MESSAGE][PASSED] - Delayed 2 second(s)

2022-02-23 13:48:20 - [TEST_STEP][PASSED] - switch (action2): null

2022-02-23 13:48:20 - [TEST_STEP][PASSED] - case "1 year":: null

2022-02-23 13:48:20 - [TEST_STEP][PASSED] - tapAndHold(PORT_DETL_Btn1Year, 1, 0): Tapped and held on element 'Object Repository/Mobile/Page/Portfolio/Detail Mutual Funds/Button - 1 Year' with duration 1

2022-02-23 13:48:20 - [MESSAGE][WARNING] - Timeout '0' is invalid. Using default page load timeout: '60'

2022-02-23 13:48:23 - [MESSAGE][PASSED] - Tapped and held on element 'Object Repository/Mobile/Page/Portfolio/Detail Mutual Funds/Button - 1 Year' with duration 1

2022-02-23 13:48:23 - [TEST_STEP][PASSED] - break: null

2022-02-23 13:48:23 - [TEST_STEP][PASSED] - delay(3): Delayed 3 second(s)

2022-02-23 13:48:26 - [MESSAGE][PASSED] - Delayed 3 second(s)

2022-02-23 13:48:26 - [TEST_STEP][PASSED] - scroll.scroll.scrollScreenBottomToTop(): scroll.scroll.scrollScreenBottomToTop is PASSED

2022-02-23 13:48:26 - [MESSAGE][PASSED] - Current device physical height is 1423

2022-02-23 13:48:27 - [MESSAGE][PASSED] - Current device physical width is 720

2022-02-23 13:48:28 - [MESSAGE][PASSED] - Swiped from 360,1,138 to 360,284

2022-02-23 13:48:28 - [MESSAGE][PASSED] - scroll.scroll.scrollScreenBottomToTop is PASSED

2022-02-23 13:48:28 - [MESSAGE][PASSED] - Call Test Case 'Test Cases/Mobile/Page/Portfolio/Portfolio' successfully

2022-02-23 13:48:28 - [TEST_STEP][PASSED] - callTestCase(findTestCase("Mobile/Page/Run App/Terminate App"), [:], STOP_ON_FAILURE): Call Test Case 'Test Cases/Mobile/Page/Run App/Terminate App' successfully

2022-02-23 13:48:28 - [TEST_CASE][PASSED] - Test Cases/Mobile/Page/Run App/Terminate App: Test Cases/Mobile/Page/Run App/Terminate App

2022-02-23 13:48:28 - [TEST_STEP][PASSED] - startApp.OpenApp.terminateApplication(): startApp.OpenApp.terminateApplication is PASSED

2022-02-23 13:48:31 - [MESSAGE][PASSED] - Delayed 3 second(s)

2022-02-23 13:48:31 - [MESSAGE][PASSED] - Current device physical width is 720

2022-02-23 13:48:31 - [MESSAGE][PASSED] - Current device physical height is 1423

2022-02-23 13:48:32 - [MESSAGE][PASSED] - Swiped from 360,853 to 360,142

2022-02-23 13:48:33 - [MESSAGE][PASSED] - Delayed 1 second(s)

2022-02-23 13:48:35 - [MESSAGE][PASSED] - Swiped from 360,853 to 360,142

2022-02-23 13:48:38 - [MESSAGE][PASSED] - Delayed 3 second(s)

2022-02-23 13:48:38 - [MESSAGE][PASSED] - startApp.OpenApp.terminateApplication is PASSED

2022-02-23 13:48:38 - [MESSAGE][PASSED] - Call Test Case 'Test Cases/Mobile/Page/Run App/Terminate App' successfully]]></system-out>
         <system-err><![CDATA[]]></system-err>
      </testcase>
      <testcase name="Test Cases/Mobile/Scenario/Portfolio/017 - Melihat detail mutual fund 3 year" time="69.782" classname="Test Cases/Mobile/Scenario/Portfolio/017 - Melihat detail mutual fund 3 year" status="PASSED">
         <system-out><![CDATA[2022-02-23 13:48:38 - [TEST_CASE][PASSED] - Test Cases/Mobile/Scenario/Portfolio/017 - Melihat detail mutual fund 3 year: Test Cases/Mobile/Scenario/Portfolio/017 - Melihat detail mutual fund 3 year

2022-02-23 13:48:38 - [TEST_STEP][PASSED] - callTestCase(findTestCase("Mobile/Page/Run App/Run App byID"), [:], STOP_ON_FAILURE): Call Test Case 'Test Cases/Mobile/Page/Run App/Run App byID' successfully

2022-02-23 13:48:38 - [TEST_CASE][PASSED] - Test Cases/Mobile/Page/Run App/Run App byID: Test Cases/Mobile/Page/Run App/Run App byID

2022-02-23 13:48:38 - [TEST_STEP][PASSED] - startApp.OpenApp.startApplication("id.co.miraeasset.sageclub"): startApp.OpenApp.startApplication is PASSED

2022-02-23 13:48:52 - [MESSAGE][PASSED] - Starting app with application ID: 'id.co.miraeasset.sageclub'

2022-02-23 13:48:52 - [MESSAGE][PASSED] - startApp.OpenApp.startApplication is PASSED

2022-02-23 13:48:52 - [MESSAGE][PASSED] - Call Test Case 'Test Cases/Mobile/Page/Run App/Run App byID' successfully

2022-02-23 13:48:52 - [TEST_STEP][PASSED] - callTestCase(findTestCase("Mobile/Page/Portfolio/Portfolio"), ["tab":"mutualfund", "action2":"3 year"], CONTINUE_ON_FAILURE): Call Test Case 'Test Cases/Mobile/Page/Portfolio/Portfolio' successfully

2022-02-23 13:48:52 - [TEST_CASE][PASSED] - Test Cases/Mobile/Page/Portfolio/Portfolio: Test Cases/Mobile/Page/Portfolio/Portfolio

2022-02-23 13:48:52 - [TEST_STEP][PASSED] - callTestCase(findTestCase("Mobile/Page/CheckLogin"), [:], CONTINUE_ON_FAILURE): Call Test Case 'Test Cases/Mobile/Page/CheckLogin' successfully

2022-02-23 13:48:52 - [TEST_CASE][PASSED] - Test Cases/Mobile/Page/CheckLogin: Test Cases/Mobile/Page/CheckLogin

2022-02-23 13:48:52 - [TEST_STEP][PASSED] - loginCheck = verifyElementExist(LOGN_BtnLogin, 5, CONTINUE_ON_FAILURE): Element 'Object Repository/Mobile/Page/Login/Button - Login' is exist

2022-02-23 13:48:54 - [MESSAGE][PASSED] - Element 'Object Repository/Mobile/Page/Login/Button - Login' is exist

2022-02-23 13:48:54 - [TEST_STEP][PASSED] - if (loginCheck): Call Test Case 'Test Cases/Mobile/Page/Login/Login' successfully

2022-02-23 13:48:54 - [TEST_STEP][PASSED] - callTestCase(findTestCase("Mobile/Page/Login/Login"), ["action":"username"], CONTINUE_ON_FAILURE): Call Test Case 'Test Cases/Mobile/Page/Login/Login' successfully

2022-02-23 13:48:54 - [TEST_CASE][PASSED] - Test Cases/Mobile/Page/Login/Login: Test Cases/Mobile/Page/Login/Login

2022-02-23 13:48:54 - [TEST_STEP][PASSED] - delay(2): Delayed 2 second(s)

2022-02-23 13:48:56 - [MESSAGE][PASSED] - Delayed 2 second(s)

2022-02-23 13:48:56 - [TEST_STEP][PASSED] - for ([i = 0, i < 1, (i++)]): null

2022-02-23 13:48:56 - [TEST_STEP][PASSED] - if (action == "username"): null

2022-02-23 13:48:56 - [TEST_STEP][PASSED] - tap(LOGN_EdtUserID, 0): Tapped on element 'Object Repository/Mobile/Page/Login/Input - UserID'

2022-02-23 13:48:56 - [MESSAGE][WARNING] - Timeout '0' is invalid. Using default page load timeout: '60'

2022-02-23 13:48:56 - [MESSAGE][PASSED] - Tapped on element 'Object Repository/Mobile/Page/Login/Input - UserID'

2022-02-23 13:48:56 - [TEST_STEP][PASSED] - delay(1): Delayed 1 second(s)

2022-02-23 13:48:57 - [MESSAGE][PASSED] - Delayed 1 second(s)

2022-02-23 13:48:57 - [TEST_STEP][PASSED] - setText(LOGN_EdtRdyUserID, "anggaaditya", 0): Text 'anggaaditya' has been set to element 'Object Repository/Mobile/Page/Login/Input Rdy - UserID'

2022-02-23 13:48:57 - [MESSAGE][WARNING] - Timeout '0' is invalid. Using default page load timeout: '60'

2022-02-23 13:48:58 - [MESSAGE][PASSED] - Text 'anggaaditya' has been set to element 'Object Repository/Mobile/Page/Login/Input Rdy - UserID'

2022-02-23 13:48:58 - [TEST_STEP][PASSED] - delay(1): Delayed 1 second(s)

2022-02-23 13:48:59 - [MESSAGE][PASSED] - Delayed 1 second(s)

2022-02-23 13:48:59 - [TEST_STEP][PASSED] - hideKeyboard(): Keyboard is hidden

2022-02-23 13:49:06 - [MESSAGE][PASSED] - Keyboard is hidden

2022-02-23 13:49:06 - [TEST_STEP][PASSED] - tap(LOGN_EdtPassword, 0): Tapped on element 'Object Repository/Mobile/Page/Login/Input - Password'

2022-02-23 13:49:06 - [MESSAGE][WARNING] - Timeout '0' is invalid. Using default page load timeout: '60'

2022-02-23 13:49:06 - [MESSAGE][PASSED] - Tapped on element 'Object Repository/Mobile/Page/Login/Input - Password'

2022-02-23 13:49:06 - [TEST_STEP][PASSED] - delay(1): Delayed 1 second(s)

2022-02-23 13:49:07 - [MESSAGE][PASSED] - Delayed 1 second(s)

2022-02-23 13:49:07 - [TEST_STEP][PASSED] - setText(LOGN_EdtRdyPassword, "Shalawa18", 0): Text 'Shalawa18' has been set to element 'Object Repository/Mobile/Page/Login/Input Rdy - Password'

2022-02-23 13:49:07 - [MESSAGE][WARNING] - Timeout '0' is invalid. Using default page load timeout: '60'

2022-02-23 13:49:08 - [MESSAGE][PASSED] - Text 'Shalawa18' has been set to element 'Object Repository/Mobile/Page/Login/Input Rdy - Password'

2022-02-23 13:49:08 - [TEST_STEP][PASSED] - delay(1): Delayed 1 second(s)

2022-02-23 13:49:09 - [MESSAGE][PASSED] - Delayed 1 second(s)

2022-02-23 13:49:09 - [TEST_STEP][PASSED] - hideKeyboard(): Keyboard is hidden

2022-02-23 13:49:15 - [MESSAGE][PASSED] - Keyboard is hidden

2022-02-23 13:49:15 - [TEST_STEP][PASSED] - tap(LOGN_BtnLogin, 0): Tapped on element 'Object Repository/Mobile/Page/Login/Button - Login'

2022-02-23 13:49:15 - [MESSAGE][WARNING] - Timeout '0' is invalid. Using default page load timeout: '60'

2022-02-23 13:49:16 - [MESSAGE][PASSED] - Tapped on element 'Object Repository/Mobile/Page/Login/Button - Login'

2022-02-23 13:49:16 - [TEST_STEP][PASSED] - delay(2): Delayed 2 second(s)

2022-02-23 13:49:18 - [MESSAGE][PASSED] - Delayed 2 second(s)

2022-02-23 13:49:18 - [TEST_STEP][PASSED] - break: null

2022-02-23 13:49:18 - [MESSAGE][PASSED] - Call Test Case 'Test Cases/Mobile/Page/Login/Login' successfully

2022-02-23 13:49:18 - [MESSAGE][PASSED] - Call Test Case 'Test Cases/Mobile/Page/CheckLogin' successfully

2022-02-23 13:49:18 - [TEST_STEP][PASSED] - tap(HOME_MenubarPortfolio, 0): Tapped on element 'Object Repository/Mobile/Page/Home/Menubar - Portfolio'

2022-02-23 13:49:18 - [MESSAGE][WARNING] - Timeout '0' is invalid. Using default page load timeout: '60'

2022-02-23 13:49:22 - [MESSAGE][PASSED] - Tapped on element 'Object Repository/Mobile/Page/Home/Menubar - Portfolio'

2022-02-23 13:49:22 - [TEST_STEP][PASSED] - delay(1): Delayed 1 second(s)

2022-02-23 13:49:23 - [MESSAGE][PASSED] - Delayed 1 second(s)

2022-02-23 13:49:23 - [TEST_STEP][PASSED] - for ([i = 0, i < 1, (i++)]): scroll.scroll.scrollScreenBottomToTop is PASSED

2022-02-23 13:49:23 - [TEST_STEP][PASSED] - if (tab == "summary"): null

2022-02-23 13:49:23 - [TEST_STEP][PASSED] - else if (tab == "stock"): null

2022-02-23 13:49:23 - [TEST_STEP][PASSED] - else if (tab == "mutualfund"): scroll.scroll.scrollScreenBottomToTop is PASSED

2022-02-23 13:49:23 - [TEST_STEP][PASSED] - tap(PORT_TabMutualFund, 0): Tapped on element 'Object Repository/Mobile/Page/Portfolio/Tab - Mutual Fund'

2022-02-23 13:49:23 - [MESSAGE][WARNING] - Timeout '0' is invalid. Using default page load timeout: '60'

2022-02-23 13:49:24 - [MESSAGE][PASSED] - Tapped on element 'Object Repository/Mobile/Page/Portfolio/Tab - Mutual Fund'

2022-02-23 13:49:24 - [TEST_STEP][PASSED] - delay(1): Delayed 1 second(s)

2022-02-23 13:49:25 - [MESSAGE][PASSED] - Delayed 1 second(s)

2022-02-23 13:49:25 - [TEST_STEP][PASSED] - try: scroll.scroll.scrollScreenBottomToTop is PASSED

2022-02-23 13:49:25 - [TEST_STEP][PASSED] - tapAndHold(PORT_ItemTopMutualFund, 1, 10): Tapped and held on element 'Object Repository/Mobile/Page/Portfolio/Item - Top Mutual Fund' with duration 1

2022-02-23 13:49:28 - [MESSAGE][PASSED] - Tapped and held on element 'Object Repository/Mobile/Page/Portfolio/Item - Top Mutual Fund' with duration 1

2022-02-23 13:49:28 - [TEST_STEP][PASSED] - delay(2): Delayed 2 second(s)

2022-02-23 13:49:30 - [MESSAGE][PASSED] - Delayed 2 second(s)

2022-02-23 13:49:30 - [TEST_STEP][PASSED] - switch (action2): null

2022-02-23 13:49:30 - [TEST_STEP][PASSED] - case "3 year":: null

2022-02-23 13:49:30 - [TEST_STEP][PASSED] - tapAndHold(PORT_DETL_Btn3Year, 1, 0): Tapped and held on element 'Object Repository/Mobile/Page/Portfolio/Detail Mutual Funds/Button - 3 Year' with duration 1

2022-02-23 13:49:30 - [MESSAGE][WARNING] - Timeout '0' is invalid. Using default page load timeout: '60'

2022-02-23 13:49:33 - [MESSAGE][PASSED] - Tapped and held on element 'Object Repository/Mobile/Page/Portfolio/Detail Mutual Funds/Button - 3 Year' with duration 1

2022-02-23 13:49:33 - [TEST_STEP][PASSED] - break: null

2022-02-23 13:49:33 - [TEST_STEP][PASSED] - delay(3): Delayed 3 second(s)

2022-02-23 13:49:36 - [MESSAGE][PASSED] - Delayed 3 second(s)

2022-02-23 13:49:36 - [TEST_STEP][PASSED] - scroll.scroll.scrollScreenBottomToTop(): scroll.scroll.scrollScreenBottomToTop is PASSED

2022-02-23 13:49:36 - [MESSAGE][PASSED] - Current device physical height is 1423

2022-02-23 13:49:36 - [MESSAGE][PASSED] - Current device physical width is 720

2022-02-23 13:49:37 - [MESSAGE][PASSED] - Swiped from 360,1,138 to 360,284

2022-02-23 13:49:37 - [MESSAGE][PASSED] - scroll.scroll.scrollScreenBottomToTop is PASSED

2022-02-23 13:49:37 - [MESSAGE][PASSED] - Call Test Case 'Test Cases/Mobile/Page/Portfolio/Portfolio' successfully

2022-02-23 13:49:37 - [TEST_STEP][PASSED] - callTestCase(findTestCase("Mobile/Page/Run App/Terminate App"), [:], STOP_ON_FAILURE): Call Test Case 'Test Cases/Mobile/Page/Run App/Terminate App' successfully

2022-02-23 13:49:37 - [TEST_CASE][PASSED] - Test Cases/Mobile/Page/Run App/Terminate App: Test Cases/Mobile/Page/Run App/Terminate App

2022-02-23 13:49:37 - [TEST_STEP][PASSED] - startApp.OpenApp.terminateApplication(): startApp.OpenApp.terminateApplication is PASSED

2022-02-23 13:49:40 - [MESSAGE][PASSED] - Delayed 3 second(s)

2022-02-23 13:49:41 - [MESSAGE][PASSED] - Current device physical width is 720

2022-02-23 13:49:41 - [MESSAGE][PASSED] - Current device physical height is 1423

2022-02-23 13:49:42 - [MESSAGE][PASSED] - Swiped from 360,853 to 360,142

2022-02-23 13:49:43 - [MESSAGE][PASSED] - Delayed 1 second(s)

2022-02-23 13:49:44 - [MESSAGE][PASSED] - Swiped from 360,853 to 360,142

2022-02-23 13:49:47 - [MESSAGE][PASSED] - Delayed 3 second(s)

2022-02-23 13:49:47 - [MESSAGE][PASSED] - startApp.OpenApp.terminateApplication is PASSED

2022-02-23 13:49:47 - [MESSAGE][PASSED] - Call Test Case 'Test Cases/Mobile/Page/Run App/Terminate App' successfully]]></system-out>
         <system-err><![CDATA[]]></system-err>
      </testcase>
      <testcase name="Test Cases/Mobile/Scenario/Portfolio/018 - Melihat detail mutual fund 5 year" time="62.603" classname="Test Cases/Mobile/Scenario/Portfolio/018 - Melihat detail mutual fund 5 year" status="PASSED">
         <system-out><![CDATA[2022-02-23 13:49:48 - [TEST_CASE][PASSED] - Test Cases/Mobile/Scenario/Portfolio/018 - Melihat detail mutual fund 5 year: Test Cases/Mobile/Scenario/Portfolio/018 - Melihat detail mutual fund 5 year

2022-02-23 13:49:48 - [TEST_STEP][PASSED] - callTestCase(findTestCase("Mobile/Page/Run App/Run App byID"), [:], STOP_ON_FAILURE): Call Test Case 'Test Cases/Mobile/Page/Run App/Run App byID' successfully

2022-02-23 13:49:48 - [TEST_CASE][PASSED] - Test Cases/Mobile/Page/Run App/Run App byID: Test Cases/Mobile/Page/Run App/Run App byID

2022-02-23 13:49:48 - [TEST_STEP][PASSED] - startApp.OpenApp.startApplication("id.co.miraeasset.sageclub"): startApp.OpenApp.startApplication is PASSED

2022-02-23 13:50:00 - [MESSAGE][PASSED] - Starting app with application ID: 'id.co.miraeasset.sageclub'

2022-02-23 13:50:00 - [MESSAGE][PASSED] - startApp.OpenApp.startApplication is PASSED

2022-02-23 13:50:00 - [MESSAGE][PASSED] - Call Test Case 'Test Cases/Mobile/Page/Run App/Run App byID' successfully

2022-02-23 13:50:00 - [TEST_STEP][PASSED] - callTestCase(findTestCase("Mobile/Page/Portfolio/Portfolio"), ["tab":"mutualfund", "action2":"5 year"], CONTINUE_ON_FAILURE): Call Test Case 'Test Cases/Mobile/Page/Portfolio/Portfolio' successfully

2022-02-23 13:50:00 - [TEST_CASE][PASSED] - Test Cases/Mobile/Page/Portfolio/Portfolio: Test Cases/Mobile/Page/Portfolio/Portfolio

2022-02-23 13:50:00 - [TEST_STEP][PASSED] - callTestCase(findTestCase("Mobile/Page/CheckLogin"), [:], CONTINUE_ON_FAILURE): Call Test Case 'Test Cases/Mobile/Page/CheckLogin' successfully

2022-02-23 13:50:00 - [TEST_CASE][PASSED] - Test Cases/Mobile/Page/CheckLogin: Test Cases/Mobile/Page/CheckLogin

2022-02-23 13:50:00 - [TEST_STEP][PASSED] - loginCheck = verifyElementExist(LOGN_BtnLogin, 5, CONTINUE_ON_FAILURE): Element 'Object Repository/Mobile/Page/Login/Button - Login' is exist

2022-02-23 13:50:02 - [MESSAGE][PASSED] - Element 'Object Repository/Mobile/Page/Login/Button - Login' is exist

2022-02-23 13:50:02 - [TEST_STEP][PASSED] - if (loginCheck): Call Test Case 'Test Cases/Mobile/Page/Login/Login' successfully

2022-02-23 13:50:02 - [TEST_STEP][PASSED] - callTestCase(findTestCase("Mobile/Page/Login/Login"), ["action":"username"], CONTINUE_ON_FAILURE): Call Test Case 'Test Cases/Mobile/Page/Login/Login' successfully

2022-02-23 13:50:02 - [TEST_CASE][PASSED] - Test Cases/Mobile/Page/Login/Login: Test Cases/Mobile/Page/Login/Login

2022-02-23 13:50:02 - [TEST_STEP][PASSED] - delay(2): Delayed 2 second(s)

2022-02-23 13:50:04 - [MESSAGE][PASSED] - Delayed 2 second(s)

2022-02-23 13:50:04 - [TEST_STEP][PASSED] - for ([i = 0, i < 1, (i++)]): null

2022-02-23 13:50:04 - [TEST_STEP][PASSED] - if (action == "username"): null

2022-02-23 13:50:04 - [TEST_STEP][PASSED] - tap(LOGN_EdtUserID, 0): Tapped on element 'Object Repository/Mobile/Page/Login/Input - UserID'

2022-02-23 13:50:04 - [MESSAGE][WARNING] - Timeout '0' is invalid. Using default page load timeout: '60'

2022-02-23 13:50:04 - [MESSAGE][PASSED] - Tapped on element 'Object Repository/Mobile/Page/Login/Input - UserID'

2022-02-23 13:50:04 - [TEST_STEP][PASSED] - delay(1): Delayed 1 second(s)

2022-02-23 13:50:05 - [MESSAGE][PASSED] - Delayed 1 second(s)

2022-02-23 13:50:05 - [TEST_STEP][PASSED] - setText(LOGN_EdtRdyUserID, "anggaaditya", 0): Text 'anggaaditya' has been set to element 'Object Repository/Mobile/Page/Login/Input Rdy - UserID'

2022-02-23 13:50:05 - [MESSAGE][WARNING] - Timeout '0' is invalid. Using default page load timeout: '60'

2022-02-23 13:50:06 - [MESSAGE][PASSED] - Text 'anggaaditya' has been set to element 'Object Repository/Mobile/Page/Login/Input Rdy - UserID'

2022-02-23 13:50:06 - [TEST_STEP][PASSED] - delay(1): Delayed 1 second(s)

2022-02-23 13:50:07 - [MESSAGE][PASSED] - Delayed 1 second(s)

2022-02-23 13:50:07 - [TEST_STEP][PASSED] - hideKeyboard(): Keyboard is hidden

2022-02-23 13:50:11 - [MESSAGE][PASSED] - Keyboard is hidden

2022-02-23 13:50:11 - [TEST_STEP][PASSED] - tap(LOGN_EdtPassword, 0): Tapped on element 'Object Repository/Mobile/Page/Login/Input - Password'

2022-02-23 13:50:11 - [MESSAGE][WARNING] - Timeout '0' is invalid. Using default page load timeout: '60'

2022-02-23 13:50:11 - [MESSAGE][PASSED] - Tapped on element 'Object Repository/Mobile/Page/Login/Input - Password'

2022-02-23 13:50:11 - [TEST_STEP][PASSED] - delay(1): Delayed 1 second(s)

2022-02-23 13:50:12 - [MESSAGE][PASSED] - Delayed 1 second(s)

2022-02-23 13:50:12 - [TEST_STEP][PASSED] - setText(LOGN_EdtRdyPassword, "Shalawa18", 0): Text 'Shalawa18' has been set to element 'Object Repository/Mobile/Page/Login/Input Rdy - Password'

2022-02-23 13:50:12 - [MESSAGE][WARNING] - Timeout '0' is invalid. Using default page load timeout: '60'

2022-02-23 13:50:13 - [MESSAGE][PASSED] - Text 'Shalawa18' has been set to element 'Object Repository/Mobile/Page/Login/Input Rdy - Password'

2022-02-23 13:50:13 - [TEST_STEP][PASSED] - delay(1): Delayed 1 second(s)

2022-02-23 13:50:14 - [MESSAGE][PASSED] - Delayed 1 second(s)

2022-02-23 13:50:14 - [TEST_STEP][PASSED] - hideKeyboard(): Keyboard is hidden

2022-02-23 13:50:20 - [MESSAGE][PASSED] - Keyboard is hidden

2022-02-23 13:50:20 - [TEST_STEP][PASSED] - tap(LOGN_BtnLogin, 0): Tapped on element 'Object Repository/Mobile/Page/Login/Button - Login'

2022-02-23 13:50:20 - [MESSAGE][WARNING] - Timeout '0' is invalid. Using default page load timeout: '60'

2022-02-23 13:50:21 - [MESSAGE][PASSED] - Tapped on element 'Object Repository/Mobile/Page/Login/Button - Login'

2022-02-23 13:50:21 - [TEST_STEP][PASSED] - delay(2): Delayed 2 second(s)

2022-02-23 13:50:23 - [MESSAGE][PASSED] - Delayed 2 second(s)

2022-02-23 13:50:23 - [TEST_STEP][PASSED] - break: null

2022-02-23 13:50:23 - [MESSAGE][PASSED] - Call Test Case 'Test Cases/Mobile/Page/Login/Login' successfully

2022-02-23 13:50:23 - [MESSAGE][PASSED] - Call Test Case 'Test Cases/Mobile/Page/CheckLogin' successfully

2022-02-23 13:50:23 - [TEST_STEP][PASSED] - tap(HOME_MenubarPortfolio, 0): Tapped on element 'Object Repository/Mobile/Page/Home/Menubar - Portfolio'

2022-02-23 13:50:23 - [MESSAGE][WARNING] - Timeout '0' is invalid. Using default page load timeout: '60'

2022-02-23 13:50:24 - [MESSAGE][PASSED] - Tapped on element 'Object Repository/Mobile/Page/Home/Menubar - Portfolio'

2022-02-23 13:50:24 - [TEST_STEP][PASSED] - delay(1): Delayed 1 second(s)

2022-02-23 13:50:25 - [MESSAGE][PASSED] - Delayed 1 second(s)

2022-02-23 13:50:25 - [TEST_STEP][PASSED] - for ([i = 0, i < 1, (i++)]): scroll.scroll.scrollScreenBottomToTop is PASSED

2022-02-23 13:50:25 - [TEST_STEP][PASSED] - if (tab == "summary"): null

2022-02-23 13:50:25 - [TEST_STEP][PASSED] - else if (tab == "stock"): null

2022-02-23 13:50:25 - [TEST_STEP][PASSED] - else if (tab == "mutualfund"): scroll.scroll.scrollScreenBottomToTop is PASSED

2022-02-23 13:50:25 - [TEST_STEP][PASSED] - tap(PORT_TabMutualFund, 0): Tapped on element 'Object Repository/Mobile/Page/Portfolio/Tab - Mutual Fund'

2022-02-23 13:50:25 - [MESSAGE][WARNING] - Timeout '0' is invalid. Using default page load timeout: '60'

2022-02-23 13:50:27 - [MESSAGE][PASSED] - Tapped on element 'Object Repository/Mobile/Page/Portfolio/Tab - Mutual Fund'

2022-02-23 13:50:27 - [TEST_STEP][PASSED] - delay(1): Delayed 1 second(s)

2022-02-23 13:50:28 - [MESSAGE][PASSED] - Delayed 1 second(s)

2022-02-23 13:50:28 - [TEST_STEP][PASSED] - try: scroll.scroll.scrollScreenBottomToTop is PASSED

2022-02-23 13:50:28 - [TEST_STEP][PASSED] - tapAndHold(PORT_ItemTopMutualFund, 1, 10): Tapped and held on element 'Object Repository/Mobile/Page/Portfolio/Item - Top Mutual Fund' with duration 1

2022-02-23 13:50:31 - [MESSAGE][PASSED] - Tapped and held on element 'Object Repository/Mobile/Page/Portfolio/Item - Top Mutual Fund' with duration 1

2022-02-23 13:50:31 - [TEST_STEP][PASSED] - delay(2): Delayed 2 second(s)

2022-02-23 13:50:33 - [MESSAGE][PASSED] - Delayed 2 second(s)

2022-02-23 13:50:33 - [TEST_STEP][PASSED] - switch (action2): null

2022-02-23 13:50:33 - [TEST_STEP][PASSED] - case "5 year":: null

2022-02-23 13:50:33 - [TEST_STEP][PASSED] - tapAndHold(PORT_DETL_Btn5Year, 1, 0): Tapped and held on element 'Object Repository/Mobile/Page/Portfolio/Detail Mutual Funds/Button - 5 Year' with duration 1

2022-02-23 13:50:33 - [MESSAGE][WARNING] - Timeout '0' is invalid. Using default page load timeout: '60'

2022-02-23 13:50:35 - [MESSAGE][PASSED] - Tapped and held on element 'Object Repository/Mobile/Page/Portfolio/Detail Mutual Funds/Button - 5 Year' with duration 1

2022-02-23 13:50:35 - [TEST_STEP][PASSED] - break: null

2022-02-23 13:50:35 - [TEST_STEP][PASSED] - delay(3): Delayed 3 second(s)

2022-02-23 13:50:38 - [MESSAGE][PASSED] - Delayed 3 second(s)

2022-02-23 13:50:38 - [TEST_STEP][PASSED] - scroll.scroll.scrollScreenBottomToTop(): scroll.scroll.scrollScreenBottomToTop is PASSED

2022-02-23 13:50:39 - [MESSAGE][PASSED] - Current device physical height is 1423

2022-02-23 13:50:39 - [MESSAGE][PASSED] - Current device physical width is 720

2022-02-23 13:50:40 - [MESSAGE][PASSED] - Swiped from 360,1,138 to 360,284

2022-02-23 13:50:40 - [MESSAGE][PASSED] - scroll.scroll.scrollScreenBottomToTop is PASSED

2022-02-23 13:50:40 - [MESSAGE][PASSED] - Call Test Case 'Test Cases/Mobile/Page/Portfolio/Portfolio' successfully

2022-02-23 13:50:40 - [TEST_STEP][PASSED] - callTestCase(findTestCase("Mobile/Page/Run App/Terminate App"), [:], STOP_ON_FAILURE): Call Test Case 'Test Cases/Mobile/Page/Run App/Terminate App' successfully

2022-02-23 13:50:40 - [TEST_CASE][PASSED] - Test Cases/Mobile/Page/Run App/Terminate App: Test Cases/Mobile/Page/Run App/Terminate App

2022-02-23 13:50:40 - [TEST_STEP][PASSED] - startApp.OpenApp.terminateApplication(): startApp.OpenApp.terminateApplication is PASSED

2022-02-23 13:50:43 - [MESSAGE][PASSED] - Delayed 3 second(s)

2022-02-23 13:50:43 - [MESSAGE][PASSED] - Current device physical width is 720

2022-02-23 13:50:44 - [MESSAGE][PASSED] - Current device physical height is 1423

2022-02-23 13:50:45 - [MESSAGE][PASSED] - Swiped from 360,853 to 360,142

2022-02-23 13:50:46 - [MESSAGE][PASSED] - Delayed 1 second(s)

2022-02-23 13:50:47 - [MESSAGE][PASSED] - Swiped from 360,853 to 360,142

2022-02-23 13:50:50 - [MESSAGE][PASSED] - Delayed 3 second(s)

2022-02-23 13:50:50 - [MESSAGE][PASSED] - startApp.OpenApp.terminateApplication is PASSED

2022-02-23 13:50:50 - [MESSAGE][PASSED] - Call Test Case 'Test Cases/Mobile/Page/Run App/Terminate App' successfully]]></system-out>
         <system-err><![CDATA[]]></system-err>
      </testcase>
      <testcase name="Test Cases/Mobile/Scenario/Portfolio/019 - Melihat detail mutual fund 10 year" time="62.629" classname="Test Cases/Mobile/Scenario/Portfolio/019 - Melihat detail mutual fund 10 year" status="PASSED">
         <system-out><![CDATA[2022-02-23 13:50:50 - [TEST_CASE][PASSED] - Test Cases/Mobile/Scenario/Portfolio/019 - Melihat detail mutual fund 10 year: Test Cases/Mobile/Scenario/Portfolio/019 - Melihat detail mutual fund 10 year

2022-02-23 13:50:50 - [TEST_STEP][PASSED] - callTestCase(findTestCase("Mobile/Page/Run App/Run App byID"), [:], STOP_ON_FAILURE): Call Test Case 'Test Cases/Mobile/Page/Run App/Run App byID' successfully

2022-02-23 13:50:50 - [TEST_CASE][PASSED] - Test Cases/Mobile/Page/Run App/Run App byID: Test Cases/Mobile/Page/Run App/Run App byID

2022-02-23 13:50:50 - [TEST_STEP][PASSED] - startApp.OpenApp.startApplication("id.co.miraeasset.sageclub"): startApp.OpenApp.startApplication is PASSED

2022-02-23 13:51:02 - [MESSAGE][PASSED] - Starting app with application ID: 'id.co.miraeasset.sageclub'

2022-02-23 13:51:02 - [MESSAGE][PASSED] - startApp.OpenApp.startApplication is PASSED

2022-02-23 13:51:02 - [MESSAGE][PASSED] - Call Test Case 'Test Cases/Mobile/Page/Run App/Run App byID' successfully

2022-02-23 13:51:02 - [TEST_STEP][PASSED] - callTestCase(findTestCase("Mobile/Page/Portfolio/Portfolio"), ["tab":"mutualfund", "action2":"10 year"], CONTINUE_ON_FAILURE): Call Test Case 'Test Cases/Mobile/Page/Portfolio/Portfolio' successfully

2022-02-23 13:51:02 - [TEST_CASE][PASSED] - Test Cases/Mobile/Page/Portfolio/Portfolio: Test Cases/Mobile/Page/Portfolio/Portfolio

2022-02-23 13:51:02 - [TEST_STEP][PASSED] - callTestCase(findTestCase("Mobile/Page/CheckLogin"), [:], CONTINUE_ON_FAILURE): Call Test Case 'Test Cases/Mobile/Page/CheckLogin' successfully

2022-02-23 13:51:02 - [TEST_CASE][PASSED] - Test Cases/Mobile/Page/CheckLogin: Test Cases/Mobile/Page/CheckLogin

2022-02-23 13:51:02 - [TEST_STEP][PASSED] - loginCheck = verifyElementExist(LOGN_BtnLogin, 5, CONTINUE_ON_FAILURE): Element 'Object Repository/Mobile/Page/Login/Button - Login' is exist

2022-02-23 13:51:04 - [MESSAGE][PASSED] - Element 'Object Repository/Mobile/Page/Login/Button - Login' is exist

2022-02-23 13:51:04 - [TEST_STEP][PASSED] - if (loginCheck): Call Test Case 'Test Cases/Mobile/Page/Login/Login' successfully

2022-02-23 13:51:04 - [TEST_STEP][PASSED] - callTestCase(findTestCase("Mobile/Page/Login/Login"), ["action":"username"], CONTINUE_ON_FAILURE): Call Test Case 'Test Cases/Mobile/Page/Login/Login' successfully

2022-02-23 13:51:04 - [TEST_CASE][PASSED] - Test Cases/Mobile/Page/Login/Login: Test Cases/Mobile/Page/Login/Login

2022-02-23 13:51:04 - [TEST_STEP][PASSED] - delay(2): Delayed 2 second(s)

2022-02-23 13:51:06 - [MESSAGE][PASSED] - Delayed 2 second(s)

2022-02-23 13:51:06 - [TEST_STEP][PASSED] - for ([i = 0, i < 1, (i++)]): null

2022-02-23 13:51:06 - [TEST_STEP][PASSED] - if (action == "username"): null

2022-02-23 13:51:06 - [TEST_STEP][PASSED] - tap(LOGN_EdtUserID, 0): Tapped on element 'Object Repository/Mobile/Page/Login/Input - UserID'

2022-02-23 13:51:06 - [MESSAGE][WARNING] - Timeout '0' is invalid. Using default page load timeout: '60'

2022-02-23 13:51:07 - [MESSAGE][PASSED] - Tapped on element 'Object Repository/Mobile/Page/Login/Input - UserID'

2022-02-23 13:51:07 - [TEST_STEP][PASSED] - delay(1): Delayed 1 second(s)

2022-02-23 13:51:08 - [MESSAGE][PASSED] - Delayed 1 second(s)

2022-02-23 13:51:08 - [TEST_STEP][PASSED] - setText(LOGN_EdtRdyUserID, "anggaaditya", 0): Text 'anggaaditya' has been set to element 'Object Repository/Mobile/Page/Login/Input Rdy - UserID'

2022-02-23 13:51:08 - [MESSAGE][WARNING] - Timeout '0' is invalid. Using default page load timeout: '60'

2022-02-23 13:51:08 - [MESSAGE][PASSED] - Text 'anggaaditya' has been set to element 'Object Repository/Mobile/Page/Login/Input Rdy - UserID'

2022-02-23 13:51:08 - [TEST_STEP][PASSED] - delay(1): Delayed 1 second(s)

2022-02-23 13:51:09 - [MESSAGE][PASSED] - Delayed 1 second(s)

2022-02-23 13:51:09 - [TEST_STEP][PASSED] - hideKeyboard(): Keyboard is hidden

2022-02-23 13:51:13 - [MESSAGE][PASSED] - Keyboard is hidden

2022-02-23 13:51:13 - [TEST_STEP][PASSED] - tap(LOGN_EdtPassword, 0): Tapped on element 'Object Repository/Mobile/Page/Login/Input - Password'

2022-02-23 13:51:13 - [MESSAGE][WARNING] - Timeout '0' is invalid. Using default page load timeout: '60'

2022-02-23 13:51:13 - [MESSAGE][PASSED] - Tapped on element 'Object Repository/Mobile/Page/Login/Input - Password'

2022-02-23 13:51:13 - [TEST_STEP][PASSED] - delay(1): Delayed 1 second(s)

2022-02-23 13:51:14 - [MESSAGE][PASSED] - Delayed 1 second(s)

2022-02-23 13:51:14 - [TEST_STEP][PASSED] - setText(LOGN_EdtRdyPassword, "Shalawa18", 0): Text 'Shalawa18' has been set to element 'Object Repository/Mobile/Page/Login/Input Rdy - Password'

2022-02-23 13:51:14 - [MESSAGE][WARNING] - Timeout '0' is invalid. Using default page load timeout: '60'

2022-02-23 13:51:15 - [MESSAGE][PASSED] - Text 'Shalawa18' has been set to element 'Object Repository/Mobile/Page/Login/Input Rdy - Password'

2022-02-23 13:51:15 - [TEST_STEP][PASSED] - delay(1): Delayed 1 second(s)

2022-02-23 13:51:16 - [MESSAGE][PASSED] - Delayed 1 second(s)

2022-02-23 13:51:16 - [TEST_STEP][PASSED] - hideKeyboard(): Keyboard is hidden

2022-02-23 13:51:22 - [MESSAGE][PASSED] - Keyboard is hidden

2022-02-23 13:51:22 - [TEST_STEP][PASSED] - tap(LOGN_BtnLogin, 0): Tapped on element 'Object Repository/Mobile/Page/Login/Button - Login'

2022-02-23 13:51:22 - [MESSAGE][WARNING] - Timeout '0' is invalid. Using default page load timeout: '60'

2022-02-23 13:51:23 - [MESSAGE][PASSED] - Tapped on element 'Object Repository/Mobile/Page/Login/Button - Login'

2022-02-23 13:51:23 - [TEST_STEP][PASSED] - delay(2): Delayed 2 second(s)

2022-02-23 13:51:25 - [MESSAGE][PASSED] - Delayed 2 second(s)

2022-02-23 13:51:25 - [TEST_STEP][PASSED] - break: null

2022-02-23 13:51:25 - [MESSAGE][PASSED] - Call Test Case 'Test Cases/Mobile/Page/Login/Login' successfully

2022-02-23 13:51:25 - [MESSAGE][PASSED] - Call Test Case 'Test Cases/Mobile/Page/CheckLogin' successfully

2022-02-23 13:51:25 - [TEST_STEP][PASSED] - tap(HOME_MenubarPortfolio, 0): Tapped on element 'Object Repository/Mobile/Page/Home/Menubar - Portfolio'

2022-02-23 13:51:25 - [MESSAGE][WARNING] - Timeout '0' is invalid. Using default page load timeout: '60'

2022-02-23 13:51:27 - [MESSAGE][PASSED] - Tapped on element 'Object Repository/Mobile/Page/Home/Menubar - Portfolio'

2022-02-23 13:51:27 - [TEST_STEP][PASSED] - delay(1): Delayed 1 second(s)

2022-02-23 13:51:28 - [MESSAGE][PASSED] - Delayed 1 second(s)

2022-02-23 13:51:28 - [TEST_STEP][PASSED] - for ([i = 0, i < 1, (i++)]): scroll.scroll.scrollScreenBottomToTop is PASSED

2022-02-23 13:51:28 - [TEST_STEP][PASSED] - if (tab == "summary"): null

2022-02-23 13:51:28 - [TEST_STEP][PASSED] - else if (tab == "stock"): null

2022-02-23 13:51:28 - [TEST_STEP][PASSED] - else if (tab == "mutualfund"): scroll.scroll.scrollScreenBottomToTop is PASSED

2022-02-23 13:51:28 - [TEST_STEP][PASSED] - tap(PORT_TabMutualFund, 0): Tapped on element 'Object Repository/Mobile/Page/Portfolio/Tab - Mutual Fund'

2022-02-23 13:51:28 - [MESSAGE][WARNING] - Timeout '0' is invalid. Using default page load timeout: '60'

2022-02-23 13:51:29 - [MESSAGE][PASSED] - Tapped on element 'Object Repository/Mobile/Page/Portfolio/Tab - Mutual Fund'

2022-02-23 13:51:29 - [TEST_STEP][PASSED] - delay(1): Delayed 1 second(s)

2022-02-23 13:51:30 - [MESSAGE][PASSED] - Delayed 1 second(s)

2022-02-23 13:51:30 - [TEST_STEP][PASSED] - try: scroll.scroll.scrollScreenBottomToTop is PASSED

2022-02-23 13:51:30 - [TEST_STEP][PASSED] - tapAndHold(PORT_ItemTopMutualFund, 1, 10): Tapped and held on element 'Object Repository/Mobile/Page/Portfolio/Item - Top Mutual Fund' with duration 1

2022-02-23 13:51:33 - [MESSAGE][PASSED] - Tapped and held on element 'Object Repository/Mobile/Page/Portfolio/Item - Top Mutual Fund' with duration 1

2022-02-23 13:51:33 - [TEST_STEP][PASSED] - delay(2): Delayed 2 second(s)

2022-02-23 13:51:35 - [MESSAGE][PASSED] - Delayed 2 second(s)

2022-02-23 13:51:35 - [TEST_STEP][PASSED] - switch (action2): null

2022-02-23 13:51:35 - [TEST_STEP][PASSED] - case "10 year":: null

2022-02-23 13:51:35 - [TEST_STEP][PASSED] - tapAndHold(PORT_DETL_Btn10Year, 1, 0): Tapped and held on element 'Object Repository/Mobile/Page/Portfolio/Detail Mutual Funds/Button - 10 Year' with duration 1

2022-02-23 13:51:35 - [MESSAGE][WARNING] - Timeout '0' is invalid. Using default page load timeout: '60'

2022-02-23 13:51:38 - [MESSAGE][PASSED] - Tapped and held on element 'Object Repository/Mobile/Page/Portfolio/Detail Mutual Funds/Button - 10 Year' with duration 1

2022-02-23 13:51:38 - [TEST_STEP][PASSED] - break: null

2022-02-23 13:51:38 - [TEST_STEP][PASSED] - delay(3): Delayed 3 second(s)

2022-02-23 13:51:41 - [MESSAGE][PASSED] - Delayed 3 second(s)

2022-02-23 13:51:41 - [TEST_STEP][PASSED] - scroll.scroll.scrollScreenBottomToTop(): scroll.scroll.scrollScreenBottomToTop is PASSED

2022-02-23 13:51:41 - [MESSAGE][PASSED] - Current device physical height is 1423

2022-02-23 13:51:41 - [MESSAGE][PASSED] - Current device physical width is 720

2022-02-23 13:51:42 - [MESSAGE][PASSED] - Swiped from 360,1,138 to 360,284

2022-02-23 13:51:42 - [MESSAGE][PASSED] - scroll.scroll.scrollScreenBottomToTop is PASSED

2022-02-23 13:51:42 - [MESSAGE][PASSED] - Call Test Case 'Test Cases/Mobile/Page/Portfolio/Portfolio' successfully

2022-02-23 13:51:42 - [TEST_STEP][PASSED] - callTestCase(findTestCase("Mobile/Page/Run App/Terminate App"), [:], STOP_ON_FAILURE): Call Test Case 'Test Cases/Mobile/Page/Run App/Terminate App' successfully

2022-02-23 13:51:43 - [TEST_CASE][PASSED] - Test Cases/Mobile/Page/Run App/Terminate App: Test Cases/Mobile/Page/Run App/Terminate App

2022-02-23 13:51:43 - [TEST_STEP][PASSED] - startApp.OpenApp.terminateApplication(): startApp.OpenApp.terminateApplication is PASSED

2022-02-23 13:51:46 - [MESSAGE][PASSED] - Delayed 3 second(s)

2022-02-23 13:51:46 - [MESSAGE][PASSED] - Current device physical width is 720

2022-02-23 13:51:46 - [MESSAGE][PASSED] - Current device physical height is 1423

2022-02-23 13:51:47 - [MESSAGE][PASSED] - Swiped from 360,853 to 360,142

2022-02-23 13:51:48 - [MESSAGE][PASSED] - Delayed 1 second(s)

2022-02-23 13:51:50 - [MESSAGE][PASSED] - Swiped from 360,853 to 360,142

2022-02-23 13:51:53 - [MESSAGE][PASSED] - Delayed 3 second(s)

2022-02-23 13:51:53 - [MESSAGE][PASSED] - startApp.OpenApp.terminateApplication is PASSED

2022-02-23 13:51:53 - [MESSAGE][PASSED] - Call Test Case 'Test Cases/Mobile/Page/Run App/Terminate App' successfully]]></system-out>
         <system-err><![CDATA[]]></system-err>
      </testcase>
      <system-out><![CDATA[2022-02-23 13:32:13 - [TEST_SUITE][PASSED] - portfolio: Test Cases/Mobile/Scenario/Portfolio/019 - Melihat detail mutual fund 10 year]]></system-out>
      <system-err><![CDATA[]]></system-err>
   </testsuite>
</testsuites>
