<?xml version="1.0" encoding="UTF-8"?>
<testsuites name="analysis" time="479.417" tests="7" failures="0" skips="0" errors="0">
   <testsuite name="analysis" tests="7" failures="0" errors="0" time="479.417" skips="0" timestamp="2022-01-17 14:10:31" hostname="Owner - aldy-tft" id="Test Suites/analysis">
      <properties>
         <property name="deviceName" value="samsung SM-A205F (Android 11)"/>
         <property name="devicePlatform" value=""/>
         <property name="logFolder" value="C:\\Users\\Owner\\Documents\\kerjaan\\KatalonProject\\qa_katalon_pwm\\qa_katalon_pwm\\Reports\\20220117_141003\\analysis\\20220117_141007"/>
         <property name="logFiles" value="C:\\Users\\Owner\\Documents\\kerjaan\\KatalonProject\\qa_katalon_pwm\\qa_katalon_pwm\\Reports\\20220117_141003\\analysis\\20220117_141007\\appium.log, C:\\Users\\Owner\\Documents\\kerjaan\\KatalonProject\\qa_katalon_pwm\\qa_katalon_pwm\\Reports\\20220117_141003\\analysis\\20220117_141007\\execution0.log"/>
         <property name="attachments" value=""/>
         <property name="hostName" value="Owner - aldy-tft"/>
         <property name="os" value="Windows 10 64bit"/>
         <property name="appiumServerStatus" value="{&quot;value&quot;:{&quot;build&quot;:{&quot;version&quot;:&quot;1.22.0&quot;}},&quot;sessionId&quot;:null,&quot;status&quot;:0}"/>
         <property name="katalonVersion" value="7.9.1.208"/>
         <property name="deviceOS" value="Android"/>
         <property name="appiumVersion" value="1.22.0"/>
         <property name="deviceModel" value="SM-A205F"/>
         <property name="hostAddress" value="192.168.100.36"/>
         <property name="deviceManufacturer" value="samsung"/>
         <property name="deviceId" value="RR8M40C9AXE"/>
         <property name="deviceName" value="samsung SM-A205F (Android 11)"/>
         <property name="deviceOSVersion" value="11"/>
      </properties>
      <testcase name="Test Cases/Mobile/Scenario/Analysis/001 - Melihat list stock technical analysis" time="116.06" classname="Test Cases/Mobile/Scenario/Analysis/001 - Melihat list stock technical analysis" status="PASSED">
         <system-out><![CDATA[2022-01-17 14:10:31 - [TEST_CASE][PASSED] - Test Cases/Mobile/Scenario/Analysis/001 - Melihat list stock technical analysis: Test Cases/Mobile/Scenario/Analysis/001 - Melihat list stock technical analysis

2022-01-17 14:10:32 - [TEST_STEP][PASSED] - callTestCase(findTestCase("Mobile/Page/Run App/Run App byID"), [:], STOP_ON_FAILURE): Call Test Case 'Test Cases/Mobile/Page/Run App/Run App byID' successfully

2022-01-17 14:10:32 - [TEST_CASE][PASSED] - Test Cases/Mobile/Page/Run App/Run App byID: Test Cases/Mobile/Page/Run App/Run App byID

2022-01-17 14:10:32 - [TEST_STEP][PASSED] - startApp.OpenApp.startApplication("id.co.miraeasset.sageclub"): startApp.OpenApp.startApplication is PASSED

2022-01-17 14:10:41 - [MESSAGE][INFO] - Appium server started on port 60,734

2022-01-17 14:11:00 - [MESSAGE][PASSED] - Starting app with application ID: 'id.co.miraeasset.sageclub'

2022-01-17 14:11:00 - [MESSAGE][PASSED] - startApp.OpenApp.startApplication is PASSED

2022-01-17 14:11:00 - [MESSAGE][PASSED] - Call Test Case 'Test Cases/Mobile/Page/Run App/Run App byID' successfully

2022-01-17 14:11:00 - [TEST_STEP][PASSED] - callTestCase(findTestCase("Mobile/Page/Analysis/Analysis"), ["action":"technicalsearch"], CONTINUE_ON_FAILURE): Call Test Case 'Test Cases/Mobile/Page/Analysis/Analysis' successfully

2022-01-17 14:11:00 - [TEST_CASE][PASSED] - Test Cases/Mobile/Page/Analysis/Analysis: Test Cases/Mobile/Page/Analysis/Analysis

2022-01-17 14:11:00 - [TEST_STEP][PASSED] - callTestCase(findTestCase("Mobile/Page/CheckLogin"), [:], CONTINUE_ON_FAILURE): Call Test Case 'Test Cases/Mobile/Page/CheckLogin' successfully

2022-01-17 14:11:00 - [TEST_CASE][PASSED] - Test Cases/Mobile/Page/CheckLogin: Test Cases/Mobile/Page/CheckLogin

2022-01-17 14:11:00 - [TEST_STEP][PASSED] - loginCheck = verifyElementExist(LOGN_BtnLogin, 5, CONTINUE_ON_FAILURE): Element 'Object Repository/Mobile/Page/Login/Button - Login' is exist

2022-01-17 14:11:29 - [MESSAGE][PASSED] - Element 'Object Repository/Mobile/Page/Login/Button - Login' is exist

2022-01-17 14:11:29 - [TEST_STEP][PASSED] - if (loginCheck): Call Test Case 'Test Cases/Mobile/Page/Login/Login' successfully

2022-01-17 14:11:29 - [TEST_STEP][PASSED] - callTestCase(findTestCase("Mobile/Page/Login/Login"), ["action":"username"], CONTINUE_ON_FAILURE): Call Test Case 'Test Cases/Mobile/Page/Login/Login' successfully

2022-01-17 14:11:30 - [TEST_CASE][PASSED] - Test Cases/Mobile/Page/Login/Login: Test Cases/Mobile/Page/Login/Login

2022-01-17 14:11:30 - [TEST_STEP][PASSED] - delay(2): Delayed 2 second(s)

2022-01-17 14:11:32 - [MESSAGE][PASSED] - Delayed 2 second(s)

2022-01-17 14:11:32 - [TEST_STEP][PASSED] - for ([i = 0, i < 1, (i++)]): null

2022-01-17 14:11:32 - [TEST_STEP][PASSED] - if (action == "username"): null

2022-01-17 14:11:32 - [TEST_STEP][PASSED] - tap(LOGN_EdtUserID, 0): Tapped on element 'Object Repository/Mobile/Page/Login/Input - UserID'

2022-01-17 14:11:32 - [MESSAGE][WARNING] - Timeout '0' is invalid. Using default page load timeout: '60'

2022-01-17 14:11:33 - [MESSAGE][PASSED] - Tapped on element 'Object Repository/Mobile/Page/Login/Input - UserID'

2022-01-17 14:11:33 - [TEST_STEP][PASSED] - delay(1): Delayed 1 second(s)

2022-01-17 14:11:34 - [MESSAGE][PASSED] - Delayed 1 second(s)

2022-01-17 14:11:34 - [TEST_STEP][PASSED] - setText(LOGN_EdtRdyUserID, "anggaaditya", 0): Text 'anggaaditya' has been set to element 'Object Repository/Mobile/Page/Login/Input Rdy - UserID'

2022-01-17 14:11:34 - [MESSAGE][WARNING] - Timeout '0' is invalid. Using default page load timeout: '60'

2022-01-17 14:11:35 - [MESSAGE][PASSED] - Text 'anggaaditya' has been set to element 'Object Repository/Mobile/Page/Login/Input Rdy - UserID'

2022-01-17 14:11:35 - [TEST_STEP][PASSED] - delay(1): Delayed 1 second(s)

2022-01-17 14:11:36 - [MESSAGE][PASSED] - Delayed 1 second(s)

2022-01-17 14:11:36 - [TEST_STEP][PASSED] - hideKeyboard(): Keyboard is hidden

2022-01-17 14:11:40 - [MESSAGE][PASSED] - Keyboard is hidden

2022-01-17 14:11:40 - [TEST_STEP][PASSED] - tap(LOGN_EdtPassword, 0): Tapped on element 'Object Repository/Mobile/Page/Login/Input - Password'

2022-01-17 14:11:40 - [MESSAGE][WARNING] - Timeout '0' is invalid. Using default page load timeout: '60'

2022-01-17 14:11:40 - [MESSAGE][PASSED] - Tapped on element 'Object Repository/Mobile/Page/Login/Input - Password'

2022-01-17 14:11:40 - [TEST_STEP][PASSED] - delay(1): Delayed 1 second(s)

2022-01-17 14:11:41 - [MESSAGE][PASSED] - Delayed 1 second(s)

2022-01-17 14:11:41 - [TEST_STEP][PASSED] - setText(LOGN_EdtRdyPassword, "Shalawa18", 0): Text 'Shalawa18' has been set to element 'Object Repository/Mobile/Page/Login/Input Rdy - Password'

2022-01-17 14:11:41 - [MESSAGE][WARNING] - Timeout '0' is invalid. Using default page load timeout: '60'

2022-01-17 14:11:42 - [MESSAGE][PASSED] - Text 'Shalawa18' has been set to element 'Object Repository/Mobile/Page/Login/Input Rdy - Password'

2022-01-17 14:11:42 - [TEST_STEP][PASSED] - delay(1): Delayed 1 second(s)

2022-01-17 14:11:43 - [MESSAGE][PASSED] - Delayed 1 second(s)

2022-01-17 14:11:43 - [TEST_STEP][PASSED] - hideKeyboard(): Keyboard is hidden

2022-01-17 14:11:49 - [MESSAGE][PASSED] - Keyboard is hidden

2022-01-17 14:11:49 - [TEST_STEP][PASSED] - tap(LOGN_BtnLogin, 0): Tapped on element 'Object Repository/Mobile/Page/Login/Button - Login'

2022-01-17 14:11:49 - [MESSAGE][WARNING] - Timeout '0' is invalid. Using default page load timeout: '60'

2022-01-17 14:11:50 - [MESSAGE][PASSED] - Tapped on element 'Object Repository/Mobile/Page/Login/Button - Login'

2022-01-17 14:11:50 - [TEST_STEP][PASSED] - delay(2): Delayed 2 second(s)

2022-01-17 14:11:52 - [MESSAGE][PASSED] - Delayed 2 second(s)

2022-01-17 14:11:52 - [TEST_STEP][PASSED] - break: null

2022-01-17 14:11:52 - [MESSAGE][PASSED] - Call Test Case 'Test Cases/Mobile/Page/Login/Login' successfully

2022-01-17 14:11:52 - [MESSAGE][PASSED] - Call Test Case 'Test Cases/Mobile/Page/CheckLogin' successfully

2022-01-17 14:11:52 - [TEST_STEP][PASSED] - tap(HOME_MenubarAnalysis, 0): Tapped on element 'Object Repository/Mobile/Page/Home/Menubar - Analysis'

2022-01-17 14:11:52 - [MESSAGE][WARNING] - Timeout '0' is invalid. Using default page load timeout: '60'

2022-01-17 14:11:53 - [MESSAGE][PASSED] - Tapped on element 'Object Repository/Mobile/Page/Home/Menubar - Analysis'

2022-01-17 14:11:53 - [TEST_STEP][PASSED] - delay(1): Delayed 1 second(s)

2022-01-17 14:11:54 - [MESSAGE][PASSED] - Delayed 1 second(s)

2022-01-17 14:11:54 - [TEST_STEP][PASSED] - for ([i = 0, i < 1, (i++)]): Delayed 2 second(s)

2022-01-17 14:11:54 - [TEST_STEP][PASSED] - if (action == "technicalsearch"): Delayed 2 second(s)

2022-01-17 14:11:54 - [TEST_STEP][PASSED] - tap(ANAL_DropTechIndicator, 0): Tapped on element 'Object Repository/Mobile/Page/Analysis/Dropdown - Technical Indicator'

2022-01-17 14:11:54 - [MESSAGE][WARNING] - Timeout '0' is invalid. Using default page load timeout: '60'

2022-01-17 14:11:55 - [MESSAGE][PASSED] - Tapped on element 'Object Repository/Mobile/Page/Analysis/Dropdown - Technical Indicator'

2022-01-17 14:11:55 - [TEST_STEP][PASSED] - delay(1): Delayed 1 second(s)

2022-01-17 14:11:56 - [MESSAGE][PASSED] - Delayed 1 second(s)

2022-01-17 14:11:56 - [TEST_STEP][PASSED] - tap(ANAL_OptTechIndicatorAll, 0): Tapped on element 'Object Repository/Mobile/Page/Analysis/Option Technical Indicator - All'

2022-01-17 14:11:56 - [MESSAGE][WARNING] - Timeout '0' is invalid. Using default page load timeout: '60'

2022-01-17 14:11:57 - [MESSAGE][PASSED] - Tapped on element 'Object Repository/Mobile/Page/Analysis/Option Technical Indicator - All'

2022-01-17 14:11:57 - [TEST_STEP][PASSED] - delay(1): Delayed 1 second(s)

2022-01-17 14:11:58 - [MESSAGE][PASSED] - Delayed 1 second(s)

2022-01-17 14:11:58 - [TEST_STEP][PASSED] - tap(ANAL_DropMarketCap, 0): Tapped on element 'Object Repository/Mobile/Page/Analysis/Dropdown - Market Cap'

2022-01-17 14:11:58 - [MESSAGE][WARNING] - Timeout '0' is invalid. Using default page load timeout: '60'

2022-01-17 14:12:00 - [MESSAGE][PASSED] - Tapped on element 'Object Repository/Mobile/Page/Analysis/Dropdown - Market Cap'

2022-01-17 14:12:00 - [TEST_STEP][PASSED] - delay(1): Delayed 1 second(s)

2022-01-17 14:12:01 - [MESSAGE][PASSED] - Delayed 1 second(s)

2022-01-17 14:12:01 - [TEST_STEP][PASSED] - tap(ANAL_OptMarketCap1T, 0): Tapped on element 'Object Repository/Mobile/Page/Analysis/Option Market Cap - 1 Trillion'

2022-01-17 14:12:01 - [MESSAGE][WARNING] - Timeout '0' is invalid. Using default page load timeout: '60'

2022-01-17 14:12:02 - [MESSAGE][PASSED] - Tapped on element 'Object Repository/Mobile/Page/Analysis/Option Market Cap - 1 Trillion'

2022-01-17 14:12:02 - [TEST_STEP][PASSED] - delay(1): Delayed 1 second(s)

2022-01-17 14:12:03 - [MESSAGE][PASSED] - Delayed 1 second(s)

2022-01-17 14:12:03 - [TEST_STEP][PASSED] - tap(ANAL_DropTransaction, 0): Tapped on element 'Object Repository/Mobile/Page/Analysis/Dropdown - Transaction'

2022-01-17 14:12:03 - [MESSAGE][WARNING] - Timeout '0' is invalid. Using default page load timeout: '60'

2022-01-17 14:12:03 - [MESSAGE][PASSED] - Tapped on element 'Object Repository/Mobile/Page/Analysis/Dropdown - Transaction'

2022-01-17 14:12:03 - [TEST_STEP][PASSED] - delay(1): Delayed 1 second(s)

2022-01-17 14:12:04 - [MESSAGE][PASSED] - Delayed 1 second(s)

2022-01-17 14:12:04 - [TEST_STEP][PASSED] - tap(ANAL_OptTransaction1B, 0): Tapped on element 'Object Repository/Mobile/Page/Analysis/Option Transaction - 1 Billion'

2022-01-17 14:12:04 - [MESSAGE][WARNING] - Timeout '0' is invalid. Using default page load timeout: '60'

2022-01-17 14:12:05 - [MESSAGE][PASSED] - Tapped on element 'Object Repository/Mobile/Page/Analysis/Option Transaction - 1 Billion'

2022-01-17 14:12:05 - [TEST_STEP][PASSED] - delay(1): Delayed 1 second(s)

2022-01-17 14:12:06 - [MESSAGE][PASSED] - Delayed 1 second(s)

2022-01-17 14:12:06 - [TEST_STEP][PASSED] - tap(ANAL_DropTimeFrame, 0): Tapped on element 'Object Repository/Mobile/Page/Analysis/Dropdown - Time Frame'

2022-01-17 14:12:06 - [MESSAGE][WARNING] - Timeout '0' is invalid. Using default page load timeout: '60'

2022-01-17 14:12:08 - [MESSAGE][PASSED] - Tapped on element 'Object Repository/Mobile/Page/Analysis/Dropdown - Time Frame'

2022-01-17 14:12:08 - [TEST_STEP][PASSED] - delay(1): Delayed 1 second(s)

2022-01-17 14:12:09 - [MESSAGE][PASSED] - Delayed 1 second(s)

2022-01-17 14:12:09 - [TEST_STEP][PASSED] - tap(ANAL_OptTimeFrameDaily, 0): Tapped on element 'Object Repository/Mobile/Page/Analysis/Option Time Frame - Daily'

2022-01-17 14:12:09 - [MESSAGE][WARNING] - Timeout '0' is invalid. Using default page load timeout: '60'

2022-01-17 14:12:10 - [MESSAGE][PASSED] - Tapped on element 'Object Repository/Mobile/Page/Analysis/Option Time Frame - Daily'

2022-01-17 14:12:10 - [TEST_STEP][PASSED] - delay(1): Delayed 1 second(s)

2022-01-17 14:12:11 - [MESSAGE][PASSED] - Delayed 1 second(s)

2022-01-17 14:12:11 - [TEST_STEP][PASSED] - tap(ANAL_DropIndex, 0): Tapped on element 'Object Repository/Mobile/Page/Analysis/Dropdown - Index'

2022-01-17 14:12:11 - [MESSAGE][WARNING] - Timeout '0' is invalid. Using default page load timeout: '60'

2022-01-17 14:12:12 - [MESSAGE][PASSED] - Tapped on element 'Object Repository/Mobile/Page/Analysis/Dropdown - Index'

2022-01-17 14:12:12 - [TEST_STEP][PASSED] - delay(1): Delayed 1 second(s)

2022-01-17 14:12:13 - [MESSAGE][PASSED] - Delayed 1 second(s)

2022-01-17 14:12:13 - [TEST_STEP][PASSED] - tap(ANAL_OptIndexIdx30, 0): Tapped on element 'Object Repository/Mobile/Page/Analysis/Option Index - Idx30'

2022-01-17 14:12:13 - [MESSAGE][WARNING] - Timeout '0' is invalid. Using default page load timeout: '60'

2022-01-17 14:12:14 - [MESSAGE][PASSED] - Tapped on element 'Object Repository/Mobile/Page/Analysis/Option Index - Idx30'

2022-01-17 14:12:14 - [TEST_STEP][PASSED] - delay(2): Delayed 2 second(s)

2022-01-17 14:12:16 - [MESSAGE][PASSED] - Delayed 2 second(s)

2022-01-17 14:12:16 - [MESSAGE][PASSED] - Call Test Case 'Test Cases/Mobile/Page/Analysis/Analysis' successfully

2022-01-17 14:12:16 - [TEST_STEP][PASSED] - callTestCase(findTestCase("Mobile/Page/Run App/Terminate App"), [:], STOP_ON_FAILURE): Call Test Case 'Test Cases/Mobile/Page/Run App/Terminate App' successfully

2022-01-17 14:12:16 - [TEST_CASE][PASSED] - Test Cases/Mobile/Page/Run App/Terminate App: Test Cases/Mobile/Page/Run App/Terminate App

2022-01-17 14:12:17 - [TEST_STEP][PASSED] - startApp.OpenApp.terminateApplication(): startApp.OpenApp.terminateApplication is PASSED

2022-01-17 14:12:20 - [MESSAGE][PASSED] - Delayed 3 second(s)

2022-01-17 14:12:21 - [MESSAGE][PASSED] - Current device physical width is 720

2022-01-17 14:12:21 - [MESSAGE][PASSED] - Current device physical height is 1423

2022-01-17 14:12:22 - [MESSAGE][PASSED] - Swiped from 360,853 to 360,142

2022-01-17 14:12:23 - [MESSAGE][PASSED] - Delayed 1 second(s)

2022-01-17 14:12:24 - [MESSAGE][PASSED] - Swiped from 360,853 to 360,142

2022-01-17 14:12:28 - [MESSAGE][PASSED] - Delayed 3 second(s)

2022-01-17 14:12:28 - [MESSAGE][PASSED] - startApp.OpenApp.terminateApplication is PASSED

2022-01-17 14:12:28 - [MESSAGE][PASSED] - Call Test Case 'Test Cases/Mobile/Page/Run App/Terminate App' successfully]]></system-out>
         <system-err><![CDATA[]]></system-err>
      </testcase>
      <testcase name="Test Cases/Mobile/Scenario/Analysis/002 - Melihat detail stock kategori day" time="61.764" classname="Test Cases/Mobile/Scenario/Analysis/002 - Melihat detail stock kategori day" status="PASSED">
         <system-out><![CDATA[2022-01-17 14:12:28 - [TEST_CASE][PASSED] - Test Cases/Mobile/Scenario/Analysis/002 - Melihat detail stock kategori day: Test Cases/Mobile/Scenario/Analysis/002 - Melihat detail stock kategori day

2022-01-17 14:12:28 - [TEST_STEP][PASSED] - callTestCase(findTestCase("Mobile/Page/Run App/Run App byID"), [:], STOP_ON_FAILURE): Call Test Case 'Test Cases/Mobile/Page/Run App/Run App byID' successfully

2022-01-17 14:12:29 - [TEST_CASE][PASSED] - Test Cases/Mobile/Page/Run App/Run App byID: Test Cases/Mobile/Page/Run App/Run App byID

2022-01-17 14:12:29 - [TEST_STEP][PASSED] - startApp.OpenApp.startApplication("id.co.miraeasset.sageclub"): startApp.OpenApp.startApplication is PASSED

2022-01-17 14:12:44 - [MESSAGE][PASSED] - Starting app with application ID: 'id.co.miraeasset.sageclub'

2022-01-17 14:12:44 - [MESSAGE][PASSED] - startApp.OpenApp.startApplication is PASSED

2022-01-17 14:12:44 - [MESSAGE][PASSED] - Call Test Case 'Test Cases/Mobile/Page/Run App/Run App byID' successfully

2022-01-17 14:12:44 - [TEST_STEP][PASSED] - callTestCase(findTestCase("Mobile/Page/Analysis/Analysis"), ["action":"technicaldetail", "action2":"day"], CONTINUE_ON_FAILURE): Call Test Case 'Test Cases/Mobile/Page/Analysis/Analysis' successfully

2022-01-17 14:12:44 - [TEST_CASE][PASSED] - Test Cases/Mobile/Page/Analysis/Analysis: Test Cases/Mobile/Page/Analysis/Analysis

2022-01-17 14:12:44 - [TEST_STEP][PASSED] - callTestCase(findTestCase("Mobile/Page/CheckLogin"), [:], CONTINUE_ON_FAILURE): Call Test Case 'Test Cases/Mobile/Page/CheckLogin' successfully

2022-01-17 14:12:44 - [TEST_CASE][PASSED] - Test Cases/Mobile/Page/CheckLogin: Test Cases/Mobile/Page/CheckLogin

2022-01-17 14:12:44 - [TEST_STEP][PASSED] - loginCheck = verifyElementExist(LOGN_BtnLogin, 5, CONTINUE_ON_FAILURE): Element 'Object Repository/Mobile/Page/Login/Button - Login' is exist

2022-01-17 14:12:47 - [MESSAGE][PASSED] - Element 'Object Repository/Mobile/Page/Login/Button - Login' is exist

2022-01-17 14:12:47 - [TEST_STEP][PASSED] - if (loginCheck): Call Test Case 'Test Cases/Mobile/Page/Login/Login' successfully

2022-01-17 14:12:47 - [TEST_STEP][PASSED] - callTestCase(findTestCase("Mobile/Page/Login/Login"), ["action":"username"], CONTINUE_ON_FAILURE): Call Test Case 'Test Cases/Mobile/Page/Login/Login' successfully

2022-01-17 14:12:47 - [TEST_CASE][PASSED] - Test Cases/Mobile/Page/Login/Login: Test Cases/Mobile/Page/Login/Login

2022-01-17 14:12:47 - [TEST_STEP][PASSED] - delay(2): Delayed 2 second(s)

2022-01-17 14:12:49 - [MESSAGE][PASSED] - Delayed 2 second(s)

2022-01-17 14:12:49 - [TEST_STEP][PASSED] - for ([i = 0, i < 1, (i++)]): null

2022-01-17 14:12:49 - [TEST_STEP][PASSED] - if (action == "username"): null

2022-01-17 14:12:49 - [TEST_STEP][PASSED] - tap(LOGN_EdtUserID, 0): Tapped on element 'Object Repository/Mobile/Page/Login/Input - UserID'

2022-01-17 14:12:49 - [MESSAGE][WARNING] - Timeout '0' is invalid. Using default page load timeout: '60'

2022-01-17 14:12:49 - [MESSAGE][PASSED] - Tapped on element 'Object Repository/Mobile/Page/Login/Input - UserID'

2022-01-17 14:12:49 - [TEST_STEP][PASSED] - delay(1): Delayed 1 second(s)

2022-01-17 14:12:50 - [MESSAGE][PASSED] - Delayed 1 second(s)

2022-01-17 14:12:50 - [TEST_STEP][PASSED] - setText(LOGN_EdtRdyUserID, "anggaaditya", 0): Text 'anggaaditya' has been set to element 'Object Repository/Mobile/Page/Login/Input Rdy - UserID'

2022-01-17 14:12:50 - [MESSAGE][WARNING] - Timeout '0' is invalid. Using default page load timeout: '60'

2022-01-17 14:12:51 - [MESSAGE][PASSED] - Text 'anggaaditya' has been set to element 'Object Repository/Mobile/Page/Login/Input Rdy - UserID'

2022-01-17 14:12:51 - [TEST_STEP][PASSED] - delay(1): Delayed 1 second(s)

2022-01-17 14:12:52 - [MESSAGE][PASSED] - Delayed 1 second(s)

2022-01-17 14:12:52 - [TEST_STEP][PASSED] - hideKeyboard(): Keyboard is hidden

2022-01-17 14:12:56 - [MESSAGE][PASSED] - Keyboard is hidden

2022-01-17 14:12:56 - [TEST_STEP][PASSED] - tap(LOGN_EdtPassword, 0): Tapped on element 'Object Repository/Mobile/Page/Login/Input - Password'

2022-01-17 14:12:56 - [MESSAGE][WARNING] - Timeout '0' is invalid. Using default page load timeout: '60'

2022-01-17 14:12:57 - [MESSAGE][PASSED] - Tapped on element 'Object Repository/Mobile/Page/Login/Input - Password'

2022-01-17 14:12:57 - [TEST_STEP][PASSED] - delay(1): Delayed 1 second(s)

2022-01-17 14:12:58 - [MESSAGE][PASSED] - Delayed 1 second(s)

2022-01-17 14:12:58 - [TEST_STEP][PASSED] - setText(LOGN_EdtRdyPassword, "Shalawa18", 0): Text 'Shalawa18' has been set to element 'Object Repository/Mobile/Page/Login/Input Rdy - Password'

2022-01-17 14:12:58 - [MESSAGE][WARNING] - Timeout '0' is invalid. Using default page load timeout: '60'

2022-01-17 14:12:58 - [MESSAGE][PASSED] - Text 'Shalawa18' has been set to element 'Object Repository/Mobile/Page/Login/Input Rdy - Password'

2022-01-17 14:12:58 - [TEST_STEP][PASSED] - delay(1): Delayed 1 second(s)

2022-01-17 14:12:59 - [MESSAGE][PASSED] - Delayed 1 second(s)

2022-01-17 14:12:59 - [TEST_STEP][PASSED] - hideKeyboard(): Keyboard is hidden

2022-01-17 14:13:06 - [MESSAGE][PASSED] - Keyboard is hidden

2022-01-17 14:13:06 - [TEST_STEP][PASSED] - tap(LOGN_BtnLogin, 0): Tapped on element 'Object Repository/Mobile/Page/Login/Button - Login'

2022-01-17 14:13:06 - [MESSAGE][WARNING] - Timeout '0' is invalid. Using default page load timeout: '60'

2022-01-17 14:13:06 - [MESSAGE][PASSED] - Tapped on element 'Object Repository/Mobile/Page/Login/Button - Login'

2022-01-17 14:13:06 - [TEST_STEP][PASSED] - delay(2): Delayed 2 second(s)

2022-01-17 14:13:08 - [MESSAGE][PASSED] - Delayed 2 second(s)

2022-01-17 14:13:08 - [TEST_STEP][PASSED] - break: null

2022-01-17 14:13:08 - [MESSAGE][PASSED] - Call Test Case 'Test Cases/Mobile/Page/Login/Login' successfully

2022-01-17 14:13:08 - [MESSAGE][PASSED] - Call Test Case 'Test Cases/Mobile/Page/CheckLogin' successfully

2022-01-17 14:13:08 - [TEST_STEP][PASSED] - tap(HOME_MenubarAnalysis, 0): Tapped on element 'Object Repository/Mobile/Page/Home/Menubar - Analysis'

2022-01-17 14:13:08 - [MESSAGE][WARNING] - Timeout '0' is invalid. Using default page load timeout: '60'

2022-01-17 14:13:10 - [MESSAGE][PASSED] - Tapped on element 'Object Repository/Mobile/Page/Home/Menubar - Analysis'

2022-01-17 14:13:10 - [TEST_STEP][PASSED] - delay(1): Delayed 1 second(s)

2022-01-17 14:13:11 - [MESSAGE][PASSED] - Delayed 1 second(s)

2022-01-17 14:13:11 - [TEST_STEP][PASSED] - for ([i = 0, i < 1, (i++)]): Delayed 2 second(s)

2022-01-17 14:13:11 - [TEST_STEP][PASSED] - if (action == "technicalsearch"): null

2022-01-17 14:13:11 - [TEST_STEP][PASSED] - else if (action == "technicaldetail"): Delayed 2 second(s)

2022-01-17 14:13:11 - [TEST_STEP][PASSED] - tap(ANAL_ItemTopResultTech, 0): Tapped on element 'Object Repository/Mobile/Page/Analysis/Item - Top Technical'

2022-01-17 14:13:11 - [MESSAGE][WARNING] - Timeout '0' is invalid. Using default page load timeout: '60'

2022-01-17 14:13:13 - [MESSAGE][PASSED] - Tapped on element 'Object Repository/Mobile/Page/Analysis/Item - Top Technical'

2022-01-17 14:13:13 - [TEST_STEP][PASSED] - delay(3): Delayed 3 second(s)

2022-01-17 14:13:16 - [MESSAGE][PASSED] - Delayed 3 second(s)

2022-01-17 14:13:16 - [TEST_STEP][PASSED] - switch (action2): null

2022-01-17 14:13:16 - [TEST_STEP][PASSED] - case "day":: null

2022-01-17 14:13:16 - [TEST_STEP][PASSED] - tap(ANAL_DETL_BtnD, 0): Tapped on element 'Object Repository/Mobile/Page/Analysis/Detail/Button - D'

2022-01-17 14:13:16 - [MESSAGE][WARNING] - Timeout '0' is invalid. Using default page load timeout: '60'

2022-01-17 14:13:17 - [MESSAGE][PASSED] - Tapped on element 'Object Repository/Mobile/Page/Analysis/Detail/Button - D'

2022-01-17 14:13:17 - [TEST_STEP][PASSED] - break: null

2022-01-17 14:13:17 - [TEST_STEP][PASSED] - delay(2): Delayed 2 second(s)

2022-01-17 14:13:19 - [MESSAGE][PASSED] - Delayed 2 second(s)

2022-01-17 14:13:19 - [MESSAGE][PASSED] - Call Test Case 'Test Cases/Mobile/Page/Analysis/Analysis' successfully

2022-01-17 14:13:19 - [TEST_STEP][PASSED] - callTestCase(findTestCase("Mobile/Page/Run App/Terminate App"), [:], STOP_ON_FAILURE): Call Test Case 'Test Cases/Mobile/Page/Run App/Terminate App' successfully

2022-01-17 14:13:19 - [TEST_CASE][PASSED] - Test Cases/Mobile/Page/Run App/Terminate App: Test Cases/Mobile/Page/Run App/Terminate App

2022-01-17 14:13:19 - [TEST_STEP][PASSED] - startApp.OpenApp.terminateApplication(): startApp.OpenApp.terminateApplication is PASSED

2022-01-17 14:13:22 - [MESSAGE][PASSED] - Delayed 3 second(s)

2022-01-17 14:13:22 - [MESSAGE][PASSED] - Current device physical width is 720

2022-01-17 14:13:23 - [MESSAGE][PASSED] - Current device physical height is 1423

2022-01-17 14:13:24 - [MESSAGE][PASSED] - Swiped from 360,853 to 360,142

2022-01-17 14:13:25 - [MESSAGE][PASSED] - Delayed 1 second(s)

2022-01-17 14:13:26 - [MESSAGE][PASSED] - Swiped from 360,853 to 360,142

2022-01-17 14:13:29 - [MESSAGE][PASSED] - Delayed 3 second(s)

2022-01-17 14:13:29 - [MESSAGE][PASSED] - startApp.OpenApp.terminateApplication is PASSED

2022-01-17 14:13:29 - [MESSAGE][PASSED] - Call Test Case 'Test Cases/Mobile/Page/Run App/Terminate App' successfully]]></system-out>
         <system-err><![CDATA[]]></system-err>
      </testcase>
      <testcase name="Test Cases/Mobile/Scenario/Analysis/003 - Melihat detail stock kategori week" time="62.203" classname="Test Cases/Mobile/Scenario/Analysis/003 - Melihat detail stock kategori week" status="PASSED">
         <system-out><![CDATA[2022-01-17 14:13:29 - [TEST_CASE][PASSED] - Test Cases/Mobile/Scenario/Analysis/003 - Melihat detail stock kategori week: Test Cases/Mobile/Scenario/Analysis/003 - Melihat detail stock kategori week

2022-01-17 14:13:30 - [TEST_STEP][PASSED] - callTestCase(findTestCase("Mobile/Page/Run App/Run App byID"), [:], STOP_ON_FAILURE): Call Test Case 'Test Cases/Mobile/Page/Run App/Run App byID' successfully

2022-01-17 14:13:30 - [TEST_CASE][PASSED] - Test Cases/Mobile/Page/Run App/Run App byID: Test Cases/Mobile/Page/Run App/Run App byID

2022-01-17 14:13:30 - [TEST_STEP][PASSED] - startApp.OpenApp.startApplication("id.co.miraeasset.sageclub"): startApp.OpenApp.startApplication is PASSED

2022-01-17 14:13:47 - [MESSAGE][PASSED] - Starting app with application ID: 'id.co.miraeasset.sageclub'

2022-01-17 14:13:47 - [MESSAGE][PASSED] - startApp.OpenApp.startApplication is PASSED

2022-01-17 14:13:47 - [MESSAGE][PASSED] - Call Test Case 'Test Cases/Mobile/Page/Run App/Run App byID' successfully

2022-01-17 14:13:47 - [TEST_STEP][PASSED] - callTestCase(findTestCase("Mobile/Page/Analysis/Analysis"), ["action":"technicaldetail", "action2":"week"], CONTINUE_ON_FAILURE): Call Test Case 'Test Cases/Mobile/Page/Analysis/Analysis' successfully

2022-01-17 14:13:47 - [TEST_CASE][PASSED] - Test Cases/Mobile/Page/Analysis/Analysis: Test Cases/Mobile/Page/Analysis/Analysis

2022-01-17 14:13:47 - [TEST_STEP][PASSED] - callTestCase(findTestCase("Mobile/Page/CheckLogin"), [:], CONTINUE_ON_FAILURE): Call Test Case 'Test Cases/Mobile/Page/CheckLogin' successfully

2022-01-17 14:13:47 - [TEST_CASE][PASSED] - Test Cases/Mobile/Page/CheckLogin: Test Cases/Mobile/Page/CheckLogin

2022-01-17 14:13:47 - [TEST_STEP][PASSED] - loginCheck = verifyElementExist(LOGN_BtnLogin, 5, CONTINUE_ON_FAILURE): Element 'Object Repository/Mobile/Page/Login/Button - Login' is exist

2022-01-17 14:13:49 - [MESSAGE][PASSED] - Element 'Object Repository/Mobile/Page/Login/Button - Login' is exist

2022-01-17 14:13:49 - [TEST_STEP][PASSED] - if (loginCheck): Call Test Case 'Test Cases/Mobile/Page/Login/Login' successfully

2022-01-17 14:13:49 - [TEST_STEP][PASSED] - callTestCase(findTestCase("Mobile/Page/Login/Login"), ["action":"username"], CONTINUE_ON_FAILURE): Call Test Case 'Test Cases/Mobile/Page/Login/Login' successfully

2022-01-17 14:13:49 - [TEST_CASE][PASSED] - Test Cases/Mobile/Page/Login/Login: Test Cases/Mobile/Page/Login/Login

2022-01-17 14:13:49 - [TEST_STEP][PASSED] - delay(2): Delayed 2 second(s)

2022-01-17 14:13:51 - [MESSAGE][PASSED] - Delayed 2 second(s)

2022-01-17 14:13:51 - [TEST_STEP][PASSED] - for ([i = 0, i < 1, (i++)]): null

2022-01-17 14:13:51 - [TEST_STEP][PASSED] - if (action == "username"): null

2022-01-17 14:13:51 - [TEST_STEP][PASSED] - tap(LOGN_EdtUserID, 0): Tapped on element 'Object Repository/Mobile/Page/Login/Input - UserID'

2022-01-17 14:13:51 - [MESSAGE][WARNING] - Timeout '0' is invalid. Using default page load timeout: '60'

2022-01-17 14:13:52 - [MESSAGE][PASSED] - Tapped on element 'Object Repository/Mobile/Page/Login/Input - UserID'

2022-01-17 14:13:52 - [TEST_STEP][PASSED] - delay(1): Delayed 1 second(s)

2022-01-17 14:13:53 - [MESSAGE][PASSED] - Delayed 1 second(s)

2022-01-17 14:13:53 - [TEST_STEP][PASSED] - setText(LOGN_EdtRdyUserID, "anggaaditya", 0): Text 'anggaaditya' has been set to element 'Object Repository/Mobile/Page/Login/Input Rdy - UserID'

2022-01-17 14:13:53 - [MESSAGE][WARNING] - Timeout '0' is invalid. Using default page load timeout: '60'

2022-01-17 14:13:53 - [MESSAGE][PASSED] - Text 'anggaaditya' has been set to element 'Object Repository/Mobile/Page/Login/Input Rdy - UserID'

2022-01-17 14:13:53 - [TEST_STEP][PASSED] - delay(1): Delayed 1 second(s)

2022-01-17 14:13:54 - [MESSAGE][PASSED] - Delayed 1 second(s)

2022-01-17 14:13:54 - [TEST_STEP][PASSED] - hideKeyboard(): Keyboard is hidden

2022-01-17 14:13:58 - [MESSAGE][PASSED] - Keyboard is hidden

2022-01-17 14:13:58 - [TEST_STEP][PASSED] - tap(LOGN_EdtPassword, 0): Tapped on element 'Object Repository/Mobile/Page/Login/Input - Password'

2022-01-17 14:13:58 - [MESSAGE][WARNING] - Timeout '0' is invalid. Using default page load timeout: '60'

2022-01-17 14:14:00 - [MESSAGE][PASSED] - Tapped on element 'Object Repository/Mobile/Page/Login/Input - Password'

2022-01-17 14:14:00 - [TEST_STEP][PASSED] - delay(1): Delayed 1 second(s)

2022-01-17 14:14:01 - [MESSAGE][PASSED] - Delayed 1 second(s)

2022-01-17 14:14:01 - [TEST_STEP][PASSED] - setText(LOGN_EdtRdyPassword, "Shalawa18", 0): Text 'Shalawa18' has been set to element 'Object Repository/Mobile/Page/Login/Input Rdy - Password'

2022-01-17 14:14:01 - [MESSAGE][WARNING] - Timeout '0' is invalid. Using default page load timeout: '60'

2022-01-17 14:14:02 - [MESSAGE][PASSED] - Text 'Shalawa18' has been set to element 'Object Repository/Mobile/Page/Login/Input Rdy - Password'

2022-01-17 14:14:02 - [TEST_STEP][PASSED] - delay(1): Delayed 1 second(s)

2022-01-17 14:14:03 - [MESSAGE][PASSED] - Delayed 1 second(s)

2022-01-17 14:14:03 - [TEST_STEP][PASSED] - hideKeyboard(): Keyboard is hidden

2022-01-17 14:14:09 - [MESSAGE][PASSED] - Keyboard is hidden

2022-01-17 14:14:09 - [TEST_STEP][PASSED] - tap(LOGN_BtnLogin, 0): Tapped on element 'Object Repository/Mobile/Page/Login/Button - Login'

2022-01-17 14:14:09 - [MESSAGE][WARNING] - Timeout '0' is invalid. Using default page load timeout: '60'

2022-01-17 14:14:10 - [MESSAGE][PASSED] - Tapped on element 'Object Repository/Mobile/Page/Login/Button - Login'

2022-01-17 14:14:10 - [TEST_STEP][PASSED] - delay(2): Delayed 2 second(s)

2022-01-17 14:14:12 - [MESSAGE][PASSED] - Delayed 2 second(s)

2022-01-17 14:14:12 - [TEST_STEP][PASSED] - break: null

2022-01-17 14:14:12 - [MESSAGE][PASSED] - Call Test Case 'Test Cases/Mobile/Page/Login/Login' successfully

2022-01-17 14:14:12 - [MESSAGE][PASSED] - Call Test Case 'Test Cases/Mobile/Page/CheckLogin' successfully

2022-01-17 14:14:12 - [TEST_STEP][PASSED] - tap(HOME_MenubarAnalysis, 0): Tapped on element 'Object Repository/Mobile/Page/Home/Menubar - Analysis'

2022-01-17 14:14:12 - [MESSAGE][WARNING] - Timeout '0' is invalid. Using default page load timeout: '60'

2022-01-17 14:14:13 - [MESSAGE][PASSED] - Tapped on element 'Object Repository/Mobile/Page/Home/Menubar - Analysis'

2022-01-17 14:14:13 - [TEST_STEP][PASSED] - delay(1): Delayed 1 second(s)

2022-01-17 14:14:14 - [MESSAGE][PASSED] - Delayed 1 second(s)

2022-01-17 14:14:14 - [TEST_STEP][PASSED] - for ([i = 0, i < 1, (i++)]): Delayed 2 second(s)

2022-01-17 14:14:14 - [TEST_STEP][PASSED] - if (action == "technicalsearch"): null

2022-01-17 14:14:14 - [TEST_STEP][PASSED] - else if (action == "technicaldetail"): Delayed 2 second(s)

2022-01-17 14:14:14 - [TEST_STEP][PASSED] - tap(ANAL_ItemTopResultTech, 0): Tapped on element 'Object Repository/Mobile/Page/Analysis/Item - Top Technical'

2022-01-17 14:14:14 - [MESSAGE][WARNING] - Timeout '0' is invalid. Using default page load timeout: '60'

2022-01-17 14:14:15 - [MESSAGE][PASSED] - Tapped on element 'Object Repository/Mobile/Page/Analysis/Item - Top Technical'

2022-01-17 14:14:15 - [TEST_STEP][PASSED] - delay(3): Delayed 3 second(s)

2022-01-17 14:14:18 - [MESSAGE][PASSED] - Delayed 3 second(s)

2022-01-17 14:14:18 - [TEST_STEP][PASSED] - switch (action2): null

2022-01-17 14:14:18 - [TEST_STEP][PASSED] - case "week":: null

2022-01-17 14:14:18 - [TEST_STEP][PASSED] - tap(ANAL_DETL_BtnW, 0): Tapped on element 'Object Repository/Mobile/Page/Analysis/Detail/Button - W'

2022-01-17 14:14:18 - [MESSAGE][WARNING] - Timeout '0' is invalid. Using default page load timeout: '60'

2022-01-17 14:14:19 - [MESSAGE][PASSED] - Tapped on element 'Object Repository/Mobile/Page/Analysis/Detail/Button - W'

2022-01-17 14:14:19 - [TEST_STEP][PASSED] - break: null

2022-01-17 14:14:19 - [TEST_STEP][PASSED] - delay(2): Delayed 2 second(s)

2022-01-17 14:14:21 - [MESSAGE][PASSED] - Delayed 2 second(s)

2022-01-17 14:14:21 - [MESSAGE][PASSED] - Call Test Case 'Test Cases/Mobile/Page/Analysis/Analysis' successfully

2022-01-17 14:14:21 - [TEST_STEP][PASSED] - callTestCase(findTestCase("Mobile/Page/Run App/Terminate App"), [:], STOP_ON_FAILURE): Call Test Case 'Test Cases/Mobile/Page/Run App/Terminate App' successfully

2022-01-17 14:14:21 - [TEST_CASE][PASSED] - Test Cases/Mobile/Page/Run App/Terminate App: Test Cases/Mobile/Page/Run App/Terminate App

2022-01-17 14:14:21 - [TEST_STEP][PASSED] - startApp.OpenApp.terminateApplication(): startApp.OpenApp.terminateApplication is PASSED

2022-01-17 14:14:24 - [MESSAGE][PASSED] - Delayed 3 second(s)

2022-01-17 14:14:24 - [MESSAGE][PASSED] - Current device physical width is 720

2022-01-17 14:14:25 - [MESSAGE][PASSED] - Current device physical height is 1423

2022-01-17 14:14:26 - [MESSAGE][PASSED] - Swiped from 360,853 to 360,142

2022-01-17 14:14:27 - [MESSAGE][PASSED] - Delayed 1 second(s)

2022-01-17 14:14:28 - [MESSAGE][PASSED] - Swiped from 360,853 to 360,142

2022-01-17 14:14:32 - [MESSAGE][PASSED] - Delayed 3 second(s)

2022-01-17 14:14:32 - [MESSAGE][PASSED] - startApp.OpenApp.terminateApplication is PASSED

2022-01-17 14:14:32 - [MESSAGE][PASSED] - Call Test Case 'Test Cases/Mobile/Page/Run App/Terminate App' successfully]]></system-out>
         <system-err><![CDATA[]]></system-err>
      </testcase>
      <testcase name="Test Cases/Mobile/Scenario/Analysis/004 - Melihat detail stock kategori month" time="58.487" classname="Test Cases/Mobile/Scenario/Analysis/004 - Melihat detail stock kategori month" status="PASSED">
         <system-out><![CDATA[2022-01-17 14:14:32 - [TEST_CASE][PASSED] - Test Cases/Mobile/Scenario/Analysis/004 - Melihat detail stock kategori month: Test Cases/Mobile/Scenario/Analysis/004 - Melihat detail stock kategori month

2022-01-17 14:14:32 - [TEST_STEP][PASSED] - callTestCase(findTestCase("Mobile/Page/Run App/Run App byID"), [:], STOP_ON_FAILURE): Call Test Case 'Test Cases/Mobile/Page/Run App/Run App byID' successfully

2022-01-17 14:14:32 - [TEST_CASE][PASSED] - Test Cases/Mobile/Page/Run App/Run App byID: Test Cases/Mobile/Page/Run App/Run App byID

2022-01-17 14:14:32 - [TEST_STEP][PASSED] - startApp.OpenApp.startApplication("id.co.miraeasset.sageclub"): startApp.OpenApp.startApplication is PASSED

2022-01-17 14:14:46 - [MESSAGE][PASSED] - Starting app with application ID: 'id.co.miraeasset.sageclub'

2022-01-17 14:14:46 - [MESSAGE][PASSED] - startApp.OpenApp.startApplication is PASSED

2022-01-17 14:14:46 - [MESSAGE][PASSED] - Call Test Case 'Test Cases/Mobile/Page/Run App/Run App byID' successfully

2022-01-17 14:14:46 - [TEST_STEP][PASSED] - callTestCase(findTestCase("Mobile/Page/Analysis/Analysis"), ["action":"technicaldetail", "action2":"month"], CONTINUE_ON_FAILURE): Call Test Case 'Test Cases/Mobile/Page/Analysis/Analysis' successfully

2022-01-17 14:14:46 - [TEST_CASE][PASSED] - Test Cases/Mobile/Page/Analysis/Analysis: Test Cases/Mobile/Page/Analysis/Analysis

2022-01-17 14:14:46 - [TEST_STEP][PASSED] - callTestCase(findTestCase("Mobile/Page/CheckLogin"), [:], CONTINUE_ON_FAILURE): Call Test Case 'Test Cases/Mobile/Page/CheckLogin' successfully

2022-01-17 14:14:46 - [TEST_CASE][PASSED] - Test Cases/Mobile/Page/CheckLogin: Test Cases/Mobile/Page/CheckLogin

2022-01-17 14:14:46 - [TEST_STEP][PASSED] - loginCheck = verifyElementExist(LOGN_BtnLogin, 5, CONTINUE_ON_FAILURE): Element 'Object Repository/Mobile/Page/Login/Button - Login' is exist

2022-01-17 14:14:48 - [MESSAGE][PASSED] - Element 'Object Repository/Mobile/Page/Login/Button - Login' is exist

2022-01-17 14:14:48 - [TEST_STEP][PASSED] - if (loginCheck): Call Test Case 'Test Cases/Mobile/Page/Login/Login' successfully

2022-01-17 14:14:48 - [TEST_STEP][PASSED] - callTestCase(findTestCase("Mobile/Page/Login/Login"), ["action":"username"], CONTINUE_ON_FAILURE): Call Test Case 'Test Cases/Mobile/Page/Login/Login' successfully

2022-01-17 14:14:48 - [TEST_CASE][PASSED] - Test Cases/Mobile/Page/Login/Login: Test Cases/Mobile/Page/Login/Login

2022-01-17 14:14:48 - [TEST_STEP][PASSED] - delay(2): Delayed 2 second(s)

2022-01-17 14:14:50 - [MESSAGE][PASSED] - Delayed 2 second(s)

2022-01-17 14:14:50 - [TEST_STEP][PASSED] - for ([i = 0, i < 1, (i++)]): null

2022-01-17 14:14:50 - [TEST_STEP][PASSED] - if (action == "username"): null

2022-01-17 14:14:50 - [TEST_STEP][PASSED] - tap(LOGN_EdtUserID, 0): Tapped on element 'Object Repository/Mobile/Page/Login/Input - UserID'

2022-01-17 14:14:50 - [MESSAGE][WARNING] - Timeout '0' is invalid. Using default page load timeout: '60'

2022-01-17 14:14:51 - [MESSAGE][PASSED] - Tapped on element 'Object Repository/Mobile/Page/Login/Input - UserID'

2022-01-17 14:14:51 - [TEST_STEP][PASSED] - delay(1): Delayed 1 second(s)

2022-01-17 14:14:52 - [MESSAGE][PASSED] - Delayed 1 second(s)

2022-01-17 14:14:52 - [TEST_STEP][PASSED] - setText(LOGN_EdtRdyUserID, "anggaaditya", 0): Text 'anggaaditya' has been set to element 'Object Repository/Mobile/Page/Login/Input Rdy - UserID'

2022-01-17 14:14:52 - [MESSAGE][WARNING] - Timeout '0' is invalid. Using default page load timeout: '60'

2022-01-17 14:14:52 - [MESSAGE][PASSED] - Text 'anggaaditya' has been set to element 'Object Repository/Mobile/Page/Login/Input Rdy - UserID'

2022-01-17 14:14:52 - [TEST_STEP][PASSED] - delay(1): Delayed 1 second(s)

2022-01-17 14:14:53 - [MESSAGE][PASSED] - Delayed 1 second(s)

2022-01-17 14:14:53 - [TEST_STEP][PASSED] - hideKeyboard(): Keyboard is hidden

2022-01-17 14:14:57 - [MESSAGE][PASSED] - Keyboard is hidden

2022-01-17 14:14:57 - [TEST_STEP][PASSED] - tap(LOGN_EdtPassword, 0): Tapped on element 'Object Repository/Mobile/Page/Login/Input - Password'

2022-01-17 14:14:57 - [MESSAGE][WARNING] - Timeout '0' is invalid. Using default page load timeout: '60'

2022-01-17 14:14:58 - [MESSAGE][PASSED] - Tapped on element 'Object Repository/Mobile/Page/Login/Input - Password'

2022-01-17 14:14:58 - [TEST_STEP][PASSED] - delay(1): Delayed 1 second(s)

2022-01-17 14:14:59 - [MESSAGE][PASSED] - Delayed 1 second(s)

2022-01-17 14:14:59 - [TEST_STEP][PASSED] - setText(LOGN_EdtRdyPassword, "Shalawa18", 0): Text 'Shalawa18' has been set to element 'Object Repository/Mobile/Page/Login/Input Rdy - Password'

2022-01-17 14:14:59 - [MESSAGE][WARNING] - Timeout '0' is invalid. Using default page load timeout: '60'

2022-01-17 14:14:59 - [MESSAGE][PASSED] - Text 'Shalawa18' has been set to element 'Object Repository/Mobile/Page/Login/Input Rdy - Password'

2022-01-17 14:14:59 - [TEST_STEP][PASSED] - delay(1): Delayed 1 second(s)

2022-01-17 14:15:00 - [MESSAGE][PASSED] - Delayed 1 second(s)

2022-01-17 14:15:00 - [TEST_STEP][PASSED] - hideKeyboard(): Keyboard is hidden

2022-01-17 14:15:07 - [MESSAGE][PASSED] - Keyboard is hidden

2022-01-17 14:15:07 - [TEST_STEP][PASSED] - tap(LOGN_BtnLogin, 0): Tapped on element 'Object Repository/Mobile/Page/Login/Button - Login'

2022-01-17 14:15:07 - [MESSAGE][WARNING] - Timeout '0' is invalid. Using default page load timeout: '60'

2022-01-17 14:15:08 - [MESSAGE][PASSED] - Tapped on element 'Object Repository/Mobile/Page/Login/Button - Login'

2022-01-17 14:15:08 - [TEST_STEP][PASSED] - delay(2): Delayed 2 second(s)

2022-01-17 14:15:10 - [MESSAGE][PASSED] - Delayed 2 second(s)

2022-01-17 14:15:10 - [TEST_STEP][PASSED] - break: null

2022-01-17 14:15:10 - [MESSAGE][PASSED] - Call Test Case 'Test Cases/Mobile/Page/Login/Login' successfully

2022-01-17 14:15:10 - [MESSAGE][PASSED] - Call Test Case 'Test Cases/Mobile/Page/CheckLogin' successfully

2022-01-17 14:15:10 - [TEST_STEP][PASSED] - tap(HOME_MenubarAnalysis, 0): Tapped on element 'Object Repository/Mobile/Page/Home/Menubar - Analysis'

2022-01-17 14:15:10 - [MESSAGE][WARNING] - Timeout '0' is invalid. Using default page load timeout: '60'

2022-01-17 14:15:11 - [MESSAGE][PASSED] - Tapped on element 'Object Repository/Mobile/Page/Home/Menubar - Analysis'

2022-01-17 14:15:11 - [TEST_STEP][PASSED] - delay(1): Delayed 1 second(s)

2022-01-17 14:15:12 - [MESSAGE][PASSED] - Delayed 1 second(s)

2022-01-17 14:15:12 - [TEST_STEP][PASSED] - for ([i = 0, i < 1, (i++)]): Delayed 2 second(s)

2022-01-17 14:15:12 - [TEST_STEP][PASSED] - if (action == "technicalsearch"): null

2022-01-17 14:15:12 - [TEST_STEP][PASSED] - else if (action == "technicaldetail"): Delayed 2 second(s)

2022-01-17 14:15:12 - [TEST_STEP][PASSED] - tap(ANAL_ItemTopResultTech, 0): Tapped on element 'Object Repository/Mobile/Page/Analysis/Item - Top Technical'

2022-01-17 14:15:12 - [MESSAGE][WARNING] - Timeout '0' is invalid. Using default page load timeout: '60'

2022-01-17 14:15:14 - [MESSAGE][PASSED] - Tapped on element 'Object Repository/Mobile/Page/Analysis/Item - Top Technical'

2022-01-17 14:15:14 - [TEST_STEP][PASSED] - delay(3): Delayed 3 second(s)

2022-01-17 14:15:17 - [MESSAGE][PASSED] - Delayed 3 second(s)

2022-01-17 14:15:17 - [TEST_STEP][PASSED] - switch (action2): null

2022-01-17 14:15:17 - [TEST_STEP][PASSED] - case "month":: null

2022-01-17 14:15:17 - [TEST_STEP][PASSED] - tap(ANAL_DETL_BtnM, 0): Tapped on element 'Object Repository/Mobile/Page/Analysis/Detail/Button - M'

2022-01-17 14:15:17 - [MESSAGE][WARNING] - Timeout '0' is invalid. Using default page load timeout: '60'

2022-01-17 14:15:18 - [MESSAGE][PASSED] - Tapped on element 'Object Repository/Mobile/Page/Analysis/Detail/Button - M'

2022-01-17 14:15:18 - [TEST_STEP][PASSED] - break: null

2022-01-17 14:15:18 - [TEST_STEP][PASSED] - delay(2): Delayed 2 second(s)

2022-01-17 14:15:20 - [MESSAGE][PASSED] - Delayed 2 second(s)

2022-01-17 14:15:20 - [MESSAGE][PASSED] - Call Test Case 'Test Cases/Mobile/Page/Analysis/Analysis' successfully

2022-01-17 14:15:20 - [TEST_STEP][PASSED] - callTestCase(findTestCase("Mobile/Page/Run App/Terminate App"), [:], STOP_ON_FAILURE): Call Test Case 'Test Cases/Mobile/Page/Run App/Terminate App' successfully

2022-01-17 14:15:20 - [TEST_CASE][PASSED] - Test Cases/Mobile/Page/Run App/Terminate App: Test Cases/Mobile/Page/Run App/Terminate App

2022-01-17 14:15:20 - [TEST_STEP][PASSED] - startApp.OpenApp.terminateApplication(): startApp.OpenApp.terminateApplication is PASSED

2022-01-17 14:15:23 - [MESSAGE][PASSED] - Delayed 3 second(s)

2022-01-17 14:15:23 - [MESSAGE][PASSED] - Current device physical width is 720

2022-01-17 14:15:23 - [MESSAGE][PASSED] - Current device physical height is 1423

2022-01-17 14:15:25 - [MESSAGE][PASSED] - Swiped from 360,853 to 360,142

2022-01-17 14:15:26 - [MESSAGE][PASSED] - Delayed 1 second(s)

2022-01-17 14:15:27 - [MESSAGE][PASSED] - Swiped from 360,853 to 360,142

2022-01-17 14:15:30 - [MESSAGE][PASSED] - Delayed 3 second(s)

2022-01-17 14:15:30 - [MESSAGE][PASSED] - startApp.OpenApp.terminateApplication is PASSED

2022-01-17 14:15:30 - [MESSAGE][PASSED] - Call Test Case 'Test Cases/Mobile/Page/Run App/Terminate App' successfully]]></system-out>
         <system-err><![CDATA[]]></system-err>
      </testcase>
      <testcase name="Test Cases/Mobile/Scenario/Analysis/005 - Melihat detail stock kategori year" time="57.168" classname="Test Cases/Mobile/Scenario/Analysis/005 - Melihat detail stock kategori year" status="PASSED">
         <system-out><![CDATA[2022-01-17 14:15:30 - [TEST_CASE][PASSED] - Test Cases/Mobile/Scenario/Analysis/005 - Melihat detail stock kategori year: Test Cases/Mobile/Scenario/Analysis/005 - Melihat detail stock kategori year

2022-01-17 14:15:31 - [TEST_STEP][PASSED] - callTestCase(findTestCase("Mobile/Page/Run App/Run App byID"), [:], STOP_ON_FAILURE): Call Test Case 'Test Cases/Mobile/Page/Run App/Run App byID' successfully

2022-01-17 14:15:31 - [TEST_CASE][PASSED] - Test Cases/Mobile/Page/Run App/Run App byID: Test Cases/Mobile/Page/Run App/Run App byID

2022-01-17 14:15:31 - [TEST_STEP][PASSED] - startApp.OpenApp.startApplication("id.co.miraeasset.sageclub"): startApp.OpenApp.startApplication is PASSED

2022-01-17 14:15:44 - [MESSAGE][PASSED] - Starting app with application ID: 'id.co.miraeasset.sageclub'

2022-01-17 14:15:44 - [MESSAGE][PASSED] - startApp.OpenApp.startApplication is PASSED

2022-01-17 14:15:44 - [MESSAGE][PASSED] - Call Test Case 'Test Cases/Mobile/Page/Run App/Run App byID' successfully

2022-01-17 14:15:44 - [TEST_STEP][PASSED] - callTestCase(findTestCase("Mobile/Page/Analysis/Analysis"), ["action":"technicaldetail", "action2":"year"], CONTINUE_ON_FAILURE): Call Test Case 'Test Cases/Mobile/Page/Analysis/Analysis' successfully

2022-01-17 14:15:44 - [TEST_CASE][PASSED] - Test Cases/Mobile/Page/Analysis/Analysis: Test Cases/Mobile/Page/Analysis/Analysis

2022-01-17 14:15:44 - [TEST_STEP][PASSED] - callTestCase(findTestCase("Mobile/Page/CheckLogin"), [:], CONTINUE_ON_FAILURE): Call Test Case 'Test Cases/Mobile/Page/CheckLogin' successfully

2022-01-17 14:15:44 - [TEST_CASE][PASSED] - Test Cases/Mobile/Page/CheckLogin: Test Cases/Mobile/Page/CheckLogin

2022-01-17 14:15:44 - [TEST_STEP][PASSED] - loginCheck = verifyElementExist(LOGN_BtnLogin, 5, CONTINUE_ON_FAILURE): Element 'Object Repository/Mobile/Page/Login/Button - Login' is exist

2022-01-17 14:15:46 - [MESSAGE][PASSED] - Element 'Object Repository/Mobile/Page/Login/Button - Login' is exist

2022-01-17 14:15:46 - [TEST_STEP][PASSED] - if (loginCheck): Call Test Case 'Test Cases/Mobile/Page/Login/Login' successfully

2022-01-17 14:15:46 - [TEST_STEP][PASSED] - callTestCase(findTestCase("Mobile/Page/Login/Login"), ["action":"username"], CONTINUE_ON_FAILURE): Call Test Case 'Test Cases/Mobile/Page/Login/Login' successfully

2022-01-17 14:15:46 - [TEST_CASE][PASSED] - Test Cases/Mobile/Page/Login/Login: Test Cases/Mobile/Page/Login/Login

2022-01-17 14:15:46 - [TEST_STEP][PASSED] - delay(2): Delayed 2 second(s)

2022-01-17 14:15:48 - [MESSAGE][PASSED] - Delayed 2 second(s)

2022-01-17 14:15:48 - [TEST_STEP][PASSED] - for ([i = 0, i < 1, (i++)]): null

2022-01-17 14:15:48 - [TEST_STEP][PASSED] - if (action == "username"): null

2022-01-17 14:15:48 - [TEST_STEP][PASSED] - tap(LOGN_EdtUserID, 0): Tapped on element 'Object Repository/Mobile/Page/Login/Input - UserID'

2022-01-17 14:15:48 - [MESSAGE][WARNING] - Timeout '0' is invalid. Using default page load timeout: '60'

2022-01-17 14:15:49 - [MESSAGE][PASSED] - Tapped on element 'Object Repository/Mobile/Page/Login/Input - UserID'

2022-01-17 14:15:49 - [TEST_STEP][PASSED] - delay(1): Delayed 1 second(s)

2022-01-17 14:15:50 - [MESSAGE][PASSED] - Delayed 1 second(s)

2022-01-17 14:15:50 - [TEST_STEP][PASSED] - setText(LOGN_EdtRdyUserID, "anggaaditya", 0): Text 'anggaaditya' has been set to element 'Object Repository/Mobile/Page/Login/Input Rdy - UserID'

2022-01-17 14:15:50 - [MESSAGE][WARNING] - Timeout '0' is invalid. Using default page load timeout: '60'

2022-01-17 14:15:50 - [MESSAGE][PASSED] - Text 'anggaaditya' has been set to element 'Object Repository/Mobile/Page/Login/Input Rdy - UserID'

2022-01-17 14:15:50 - [TEST_STEP][PASSED] - delay(1): Delayed 1 second(s)

2022-01-17 14:15:51 - [MESSAGE][PASSED] - Delayed 1 second(s)

2022-01-17 14:15:51 - [TEST_STEP][PASSED] - hideKeyboard(): Keyboard is hidden

2022-01-17 14:15:55 - [MESSAGE][PASSED] - Keyboard is hidden

2022-01-17 14:15:55 - [TEST_STEP][PASSED] - tap(LOGN_EdtPassword, 0): Tapped on element 'Object Repository/Mobile/Page/Login/Input - Password'

2022-01-17 14:15:55 - [MESSAGE][WARNING] - Timeout '0' is invalid. Using default page load timeout: '60'

2022-01-17 14:15:55 - [MESSAGE][PASSED] - Tapped on element 'Object Repository/Mobile/Page/Login/Input - Password'

2022-01-17 14:15:55 - [TEST_STEP][PASSED] - delay(1): Delayed 1 second(s)

2022-01-17 14:15:56 - [MESSAGE][PASSED] - Delayed 1 second(s)

2022-01-17 14:15:56 - [TEST_STEP][PASSED] - setText(LOGN_EdtRdyPassword, "Shalawa18", 0): Text 'Shalawa18' has been set to element 'Object Repository/Mobile/Page/Login/Input Rdy - Password'

2022-01-17 14:15:56 - [MESSAGE][WARNING] - Timeout '0' is invalid. Using default page load timeout: '60'

2022-01-17 14:15:57 - [MESSAGE][PASSED] - Text 'Shalawa18' has been set to element 'Object Repository/Mobile/Page/Login/Input Rdy - Password'

2022-01-17 14:15:57 - [TEST_STEP][PASSED] - delay(1): Delayed 1 second(s)

2022-01-17 14:15:58 - [MESSAGE][PASSED] - Delayed 1 second(s)

2022-01-17 14:15:58 - [TEST_STEP][PASSED] - hideKeyboard(): Keyboard is hidden

2022-01-17 14:16:04 - [MESSAGE][PASSED] - Keyboard is hidden

2022-01-17 14:16:04 - [TEST_STEP][PASSED] - tap(LOGN_BtnLogin, 0): Tapped on element 'Object Repository/Mobile/Page/Login/Button - Login'

2022-01-17 14:16:04 - [MESSAGE][WARNING] - Timeout '0' is invalid. Using default page load timeout: '60'

2022-01-17 14:16:05 - [MESSAGE][PASSED] - Tapped on element 'Object Repository/Mobile/Page/Login/Button - Login'

2022-01-17 14:16:05 - [TEST_STEP][PASSED] - delay(2): Delayed 2 second(s)

2022-01-17 14:16:07 - [MESSAGE][PASSED] - Delayed 2 second(s)

2022-01-17 14:16:07 - [TEST_STEP][PASSED] - break: null

2022-01-17 14:16:07 - [MESSAGE][PASSED] - Call Test Case 'Test Cases/Mobile/Page/Login/Login' successfully

2022-01-17 14:16:07 - [MESSAGE][PASSED] - Call Test Case 'Test Cases/Mobile/Page/CheckLogin' successfully

2022-01-17 14:16:07 - [TEST_STEP][PASSED] - tap(HOME_MenubarAnalysis, 0): Tapped on element 'Object Repository/Mobile/Page/Home/Menubar - Analysis'

2022-01-17 14:16:07 - [MESSAGE][WARNING] - Timeout '0' is invalid. Using default page load timeout: '60'

2022-01-17 14:16:08 - [MESSAGE][PASSED] - Tapped on element 'Object Repository/Mobile/Page/Home/Menubar - Analysis'

2022-01-17 14:16:08 - [TEST_STEP][PASSED] - delay(1): Delayed 1 second(s)

2022-01-17 14:16:09 - [MESSAGE][PASSED] - Delayed 1 second(s)

2022-01-17 14:16:09 - [TEST_STEP][PASSED] - for ([i = 0, i < 1, (i++)]): Delayed 2 second(s)

2022-01-17 14:16:09 - [TEST_STEP][PASSED] - if (action == "technicalsearch"): null

2022-01-17 14:16:09 - [TEST_STEP][PASSED] - else if (action == "technicaldetail"): Delayed 2 second(s)

2022-01-17 14:16:09 - [TEST_STEP][PASSED] - tap(ANAL_ItemTopResultTech, 0): Tapped on element 'Object Repository/Mobile/Page/Analysis/Item - Top Technical'

2022-01-17 14:16:09 - [MESSAGE][WARNING] - Timeout '0' is invalid. Using default page load timeout: '60'

2022-01-17 14:16:11 - [MESSAGE][PASSED] - Tapped on element 'Object Repository/Mobile/Page/Analysis/Item - Top Technical'

2022-01-17 14:16:11 - [TEST_STEP][PASSED] - delay(3): Delayed 3 second(s)

2022-01-17 14:16:14 - [MESSAGE][PASSED] - Delayed 3 second(s)

2022-01-17 14:16:14 - [TEST_STEP][PASSED] - switch (action2): null

2022-01-17 14:16:14 - [TEST_STEP][PASSED] - case "year":: null

2022-01-17 14:16:14 - [TEST_STEP][PASSED] - tap(ANAL_DETL_BtnY, 0): Tapped on element 'Object Repository/Mobile/Page/Analysis/Detail/Button - Y'

2022-01-17 14:16:14 - [MESSAGE][WARNING] - Timeout '0' is invalid. Using default page load timeout: '60'

2022-01-17 14:16:15 - [MESSAGE][PASSED] - Tapped on element 'Object Repository/Mobile/Page/Analysis/Detail/Button - Y'

2022-01-17 14:16:15 - [TEST_STEP][PASSED] - break: null

2022-01-17 14:16:15 - [TEST_STEP][PASSED] - delay(2): Delayed 2 second(s)

2022-01-17 14:16:17 - [MESSAGE][PASSED] - Delayed 2 second(s)

2022-01-17 14:16:17 - [MESSAGE][PASSED] - Call Test Case 'Test Cases/Mobile/Page/Analysis/Analysis' successfully

2022-01-17 14:16:17 - [TEST_STEP][PASSED] - callTestCase(findTestCase("Mobile/Page/Run App/Terminate App"), [:], STOP_ON_FAILURE): Call Test Case 'Test Cases/Mobile/Page/Run App/Terminate App' successfully

2022-01-17 14:16:17 - [TEST_CASE][PASSED] - Test Cases/Mobile/Page/Run App/Terminate App: Test Cases/Mobile/Page/Run App/Terminate App

2022-01-17 14:16:17 - [TEST_STEP][PASSED] - startApp.OpenApp.terminateApplication(): startApp.OpenApp.terminateApplication is PASSED

2022-01-17 14:16:20 - [MESSAGE][PASSED] - Delayed 3 second(s)

2022-01-17 14:16:20 - [MESSAGE][PASSED] - Current device physical width is 720

2022-01-17 14:16:20 - [MESSAGE][PASSED] - Current device physical height is 1423

2022-01-17 14:16:22 - [MESSAGE][PASSED] - Swiped from 360,853 to 360,142

2022-01-17 14:16:23 - [MESSAGE][PASSED] - Delayed 1 second(s)

2022-01-17 14:16:24 - [MESSAGE][PASSED] - Swiped from 360,853 to 360,142

2022-01-17 14:16:27 - [MESSAGE][PASSED] - Delayed 3 second(s)

2022-01-17 14:16:27 - [MESSAGE][PASSED] - startApp.OpenApp.terminateApplication is PASSED

2022-01-17 14:16:27 - [MESSAGE][PASSED] - Call Test Case 'Test Cases/Mobile/Page/Run App/Terminate App' successfully]]></system-out>
         <system-err><![CDATA[]]></system-err>
      </testcase>
      <testcase name="Test Cases/Mobile/Scenario/Analysis/006 - Melihat Research Report" time="59.794" classname="Test Cases/Mobile/Scenario/Analysis/006 - Melihat Research Report" status="PASSED">
         <system-out><![CDATA[2022-01-17 14:16:27 - [TEST_CASE][PASSED] - Test Cases/Mobile/Scenario/Analysis/006 - Melihat Research Report: Test Cases/Mobile/Scenario/Analysis/006 - Melihat Research Report

2022-01-17 14:16:28 - [TEST_STEP][PASSED] - callTestCase(findTestCase("Mobile/Page/Run App/Run App byID"), [:], STOP_ON_FAILURE): Call Test Case 'Test Cases/Mobile/Page/Run App/Run App byID' successfully

2022-01-17 14:16:28 - [TEST_CASE][PASSED] - Test Cases/Mobile/Page/Run App/Run App byID: Test Cases/Mobile/Page/Run App/Run App byID

2022-01-17 14:16:28 - [TEST_STEP][PASSED] - startApp.OpenApp.startApplication("id.co.miraeasset.sageclub"): startApp.OpenApp.startApplication is PASSED

2022-01-17 14:16:43 - [MESSAGE][PASSED] - Starting app with application ID: 'id.co.miraeasset.sageclub'

2022-01-17 14:16:43 - [MESSAGE][PASSED] - startApp.OpenApp.startApplication is PASSED

2022-01-17 14:16:43 - [MESSAGE][PASSED] - Call Test Case 'Test Cases/Mobile/Page/Run App/Run App byID' successfully

2022-01-17 14:16:43 - [TEST_STEP][PASSED] - callTestCase(findTestCase("Mobile/Page/Analysis/Analysis"), ["action":"researchdetail"], CONTINUE_ON_FAILURE): Call Test Case 'Test Cases/Mobile/Page/Analysis/Analysis' successfully

2022-01-17 14:16:43 - [TEST_CASE][PASSED] - Test Cases/Mobile/Page/Analysis/Analysis: Test Cases/Mobile/Page/Analysis/Analysis

2022-01-17 14:16:43 - [TEST_STEP][PASSED] - callTestCase(findTestCase("Mobile/Page/CheckLogin"), [:], CONTINUE_ON_FAILURE): Call Test Case 'Test Cases/Mobile/Page/CheckLogin' successfully

2022-01-17 14:16:43 - [TEST_CASE][PASSED] - Test Cases/Mobile/Page/CheckLogin: Test Cases/Mobile/Page/CheckLogin

2022-01-17 14:16:43 - [TEST_STEP][PASSED] - loginCheck = verifyElementExist(LOGN_BtnLogin, 5, CONTINUE_ON_FAILURE): Element 'Object Repository/Mobile/Page/Login/Button - Login' is exist

2022-01-17 14:16:45 - [MESSAGE][PASSED] - Element 'Object Repository/Mobile/Page/Login/Button - Login' is exist

2022-01-17 14:16:45 - [TEST_STEP][PASSED] - if (loginCheck): Call Test Case 'Test Cases/Mobile/Page/Login/Login' successfully

2022-01-17 14:16:45 - [TEST_STEP][PASSED] - callTestCase(findTestCase("Mobile/Page/Login/Login"), ["action":"username"], CONTINUE_ON_FAILURE): Call Test Case 'Test Cases/Mobile/Page/Login/Login' successfully

2022-01-17 14:16:45 - [TEST_CASE][PASSED] - Test Cases/Mobile/Page/Login/Login: Test Cases/Mobile/Page/Login/Login

2022-01-17 14:16:45 - [TEST_STEP][PASSED] - delay(2): Delayed 2 second(s)

2022-01-17 14:16:47 - [MESSAGE][PASSED] - Delayed 2 second(s)

2022-01-17 14:16:47 - [TEST_STEP][PASSED] - for ([i = 0, i < 1, (i++)]): null

2022-01-17 14:16:47 - [TEST_STEP][PASSED] - if (action == "username"): null

2022-01-17 14:16:47 - [TEST_STEP][PASSED] - tap(LOGN_EdtUserID, 0): Tapped on element 'Object Repository/Mobile/Page/Login/Input - UserID'

2022-01-17 14:16:47 - [MESSAGE][WARNING] - Timeout '0' is invalid. Using default page load timeout: '60'

2022-01-17 14:16:47 - [MESSAGE][PASSED] - Tapped on element 'Object Repository/Mobile/Page/Login/Input - UserID'

2022-01-17 14:16:47 - [TEST_STEP][PASSED] - delay(1): Delayed 1 second(s)

2022-01-17 14:16:48 - [MESSAGE][PASSED] - Delayed 1 second(s)

2022-01-17 14:16:48 - [TEST_STEP][PASSED] - setText(LOGN_EdtRdyUserID, "anggaaditya", 0): Text 'anggaaditya' has been set to element 'Object Repository/Mobile/Page/Login/Input Rdy - UserID'

2022-01-17 14:16:48 - [MESSAGE][WARNING] - Timeout '0' is invalid. Using default page load timeout: '60'

2022-01-17 14:16:49 - [MESSAGE][PASSED] - Text 'anggaaditya' has been set to element 'Object Repository/Mobile/Page/Login/Input Rdy - UserID'

2022-01-17 14:16:49 - [TEST_STEP][PASSED] - delay(1): Delayed 1 second(s)

2022-01-17 14:16:50 - [MESSAGE][PASSED] - Delayed 1 second(s)

2022-01-17 14:16:50 - [TEST_STEP][PASSED] - hideKeyboard(): Keyboard is hidden

2022-01-17 14:16:53 - [MESSAGE][PASSED] - Keyboard is hidden

2022-01-17 14:16:53 - [TEST_STEP][PASSED] - tap(LOGN_EdtPassword, 0): Tapped on element 'Object Repository/Mobile/Page/Login/Input - Password'

2022-01-17 14:16:53 - [MESSAGE][WARNING] - Timeout '0' is invalid. Using default page load timeout: '60'

2022-01-17 14:16:54 - [MESSAGE][PASSED] - Tapped on element 'Object Repository/Mobile/Page/Login/Input - Password'

2022-01-17 14:16:54 - [TEST_STEP][PASSED] - delay(1): Delayed 1 second(s)

2022-01-17 14:16:55 - [MESSAGE][PASSED] - Delayed 1 second(s)

2022-01-17 14:16:55 - [TEST_STEP][PASSED] - setText(LOGN_EdtRdyPassword, "Shalawa18", 0): Text 'Shalawa18' has been set to element 'Object Repository/Mobile/Page/Login/Input Rdy - Password'

2022-01-17 14:16:55 - [MESSAGE][WARNING] - Timeout '0' is invalid. Using default page load timeout: '60'

2022-01-17 14:16:55 - [MESSAGE][PASSED] - Text 'Shalawa18' has been set to element 'Object Repository/Mobile/Page/Login/Input Rdy - Password'

2022-01-17 14:16:55 - [TEST_STEP][PASSED] - delay(1): Delayed 1 second(s)

2022-01-17 14:16:56 - [MESSAGE][PASSED] - Delayed 1 second(s)

2022-01-17 14:16:56 - [TEST_STEP][PASSED] - hideKeyboard(): Keyboard is hidden

2022-01-17 14:17:03 - [MESSAGE][PASSED] - Keyboard is hidden

2022-01-17 14:17:03 - [TEST_STEP][PASSED] - tap(LOGN_BtnLogin, 0): Tapped on element 'Object Repository/Mobile/Page/Login/Button - Login'

2022-01-17 14:17:03 - [MESSAGE][WARNING] - Timeout '0' is invalid. Using default page load timeout: '60'

2022-01-17 14:17:04 - [MESSAGE][PASSED] - Tapped on element 'Object Repository/Mobile/Page/Login/Button - Login'

2022-01-17 14:17:04 - [TEST_STEP][PASSED] - delay(2): Delayed 2 second(s)

2022-01-17 14:17:06 - [MESSAGE][PASSED] - Delayed 2 second(s)

2022-01-17 14:17:06 - [TEST_STEP][PASSED] - break: null

2022-01-17 14:17:06 - [MESSAGE][PASSED] - Call Test Case 'Test Cases/Mobile/Page/Login/Login' successfully

2022-01-17 14:17:06 - [MESSAGE][PASSED] - Call Test Case 'Test Cases/Mobile/Page/CheckLogin' successfully

2022-01-17 14:17:06 - [TEST_STEP][PASSED] - tap(HOME_MenubarAnalysis, 0): Tapped on element 'Object Repository/Mobile/Page/Home/Menubar - Analysis'

2022-01-17 14:17:06 - [MESSAGE][WARNING] - Timeout '0' is invalid. Using default page load timeout: '60'

2022-01-17 14:17:06 - [MESSAGE][PASSED] - Tapped on element 'Object Repository/Mobile/Page/Home/Menubar - Analysis'

2022-01-17 14:17:06 - [TEST_STEP][PASSED] - delay(1): Delayed 1 second(s)

2022-01-17 14:17:07 - [MESSAGE][PASSED] - Delayed 1 second(s)

2022-01-17 14:17:07 - [TEST_STEP][PASSED] - for ([i = 0, i < 1, (i++)]): Press back button successfully

2022-01-17 14:17:07 - [TEST_STEP][PASSED] - if (action == "technicalsearch"): null

2022-01-17 14:17:07 - [TEST_STEP][PASSED] - else if (action == "technicaldetail"): null

2022-01-17 14:17:07 - [TEST_STEP][PASSED] - else if (action == "researchdetail"): Press back button successfully

2022-01-17 14:17:07 - [TEST_STEP][PASSED] - tap(ANAL_TabResearchReport, 0): Tapped on element 'Object Repository/Mobile/Page/Analysis/Tab - Research Report'

2022-01-17 14:17:07 - [MESSAGE][WARNING] - Timeout '0' is invalid. Using default page load timeout: '60'

2022-01-17 14:17:09 - [MESSAGE][PASSED] - Tapped on element 'Object Repository/Mobile/Page/Analysis/Tab - Research Report'

2022-01-17 14:17:09 - [TEST_STEP][PASSED] - delay(1): Delayed 1 second(s)

2022-01-17 14:17:10 - [MESSAGE][PASSED] - Delayed 1 second(s)

2022-01-17 14:17:10 - [TEST_STEP][PASSED] - tapAndHold(ANAL_ItemTopSearch, 1, 0): Tapped and held on element 'Object Repository/Mobile/Page/Analysis/Item - Top Search' with duration 1

2022-01-17 14:17:10 - [MESSAGE][WARNING] - Timeout '0' is invalid. Using default page load timeout: '60'

2022-01-17 14:17:13 - [MESSAGE][PASSED] - Tapped and held on element 'Object Repository/Mobile/Page/Analysis/Item - Top Search' with duration 1

2022-01-17 14:17:13 - [TEST_STEP][PASSED] - delay(3): Delayed 3 second(s)

2022-01-17 14:17:16 - [MESSAGE][PASSED] - Delayed 3 second(s)

2022-01-17 14:17:16 - [TEST_STEP][PASSED] - pressBack(): Press back button successfully

2022-01-17 14:17:16 - [MESSAGE][PASSED] - Press back button successfully

2022-01-17 14:17:16 - [MESSAGE][PASSED] - Call Test Case 'Test Cases/Mobile/Page/Analysis/Analysis' successfully

2022-01-17 14:17:16 - [TEST_STEP][PASSED] - callTestCase(findTestCase("Mobile/Page/Run App/Terminate App"), [:], STOP_ON_FAILURE): Call Test Case 'Test Cases/Mobile/Page/Run App/Terminate App' successfully

2022-01-17 14:17:16 - [TEST_CASE][PASSED] - Test Cases/Mobile/Page/Run App/Terminate App: Test Cases/Mobile/Page/Run App/Terminate App

2022-01-17 14:17:16 - [TEST_STEP][PASSED] - startApp.OpenApp.terminateApplication(): startApp.OpenApp.terminateApplication is PASSED

2022-01-17 14:17:20 - [MESSAGE][PASSED] - Delayed 3 second(s)

2022-01-17 14:17:20 - [MESSAGE][PASSED] - Current device physical width is 720

2022-01-17 14:17:20 - [MESSAGE][PASSED] - Current device physical height is 1423

2022-01-17 14:17:22 - [MESSAGE][PASSED] - Swiped from 360,853 to 360,142

2022-01-17 14:17:23 - [MESSAGE][PASSED] - Delayed 1 second(s)

2022-01-17 14:17:24 - [MESSAGE][PASSED] - Swiped from 360,853 to 360,142

2022-01-17 14:17:27 - [MESSAGE][PASSED] - Delayed 3 second(s)

2022-01-17 14:17:27 - [MESSAGE][PASSED] - startApp.OpenApp.terminateApplication is PASSED

2022-01-17 14:17:27 - [MESSAGE][PASSED] - Call Test Case 'Test Cases/Mobile/Page/Run App/Terminate App' successfully]]></system-out>
         <system-err><![CDATA[]]></system-err>
      </testcase>
      <testcase name="Test Cases/Mobile/Scenario/Analysis/007 - Mencari research report" time="62.793" classname="Test Cases/Mobile/Scenario/Analysis/007 - Mencari research report" status="PASSED">
         <system-out><![CDATA[2022-01-17 14:17:27 - [TEST_CASE][PASSED] - Test Cases/Mobile/Scenario/Analysis/007 - Mencari research report: Test Cases/Mobile/Scenario/Analysis/007 - Mencari research report

2022-01-17 14:17:28 - [TEST_STEP][PASSED] - callTestCase(findTestCase("Mobile/Page/Run App/Run App byID"), [:], STOP_ON_FAILURE): Call Test Case 'Test Cases/Mobile/Page/Run App/Run App byID' successfully

2022-01-17 14:17:28 - [TEST_CASE][PASSED] - Test Cases/Mobile/Page/Run App/Run App byID: Test Cases/Mobile/Page/Run App/Run App byID

2022-01-17 14:17:28 - [TEST_STEP][PASSED] - startApp.OpenApp.startApplication("id.co.miraeasset.sageclub"): startApp.OpenApp.startApplication is PASSED

2022-01-17 14:17:43 - [MESSAGE][PASSED] - Starting app with application ID: 'id.co.miraeasset.sageclub'

2022-01-17 14:17:43 - [MESSAGE][PASSED] - startApp.OpenApp.startApplication is PASSED

2022-01-17 14:17:43 - [MESSAGE][PASSED] - Call Test Case 'Test Cases/Mobile/Page/Run App/Run App byID' successfully

2022-01-17 14:17:43 - [TEST_STEP][PASSED] - callTestCase(findTestCase("Mobile/Page/Analysis/Analysis"), ["action":"researchsearch"], CONTINUE_ON_FAILURE): Call Test Case 'Test Cases/Mobile/Page/Analysis/Analysis' successfully

2022-01-17 14:17:43 - [TEST_CASE][PASSED] - Test Cases/Mobile/Page/Analysis/Analysis: Test Cases/Mobile/Page/Analysis/Analysis

2022-01-17 14:17:43 - [TEST_STEP][PASSED] - callTestCase(findTestCase("Mobile/Page/CheckLogin"), [:], CONTINUE_ON_FAILURE): Call Test Case 'Test Cases/Mobile/Page/CheckLogin' successfully

2022-01-17 14:17:43 - [TEST_CASE][PASSED] - Test Cases/Mobile/Page/CheckLogin: Test Cases/Mobile/Page/CheckLogin

2022-01-17 14:17:43 - [TEST_STEP][PASSED] - loginCheck = verifyElementExist(LOGN_BtnLogin, 5, CONTINUE_ON_FAILURE): Element 'Object Repository/Mobile/Page/Login/Button - Login' is exist

2022-01-17 14:17:45 - [MESSAGE][PASSED] - Element 'Object Repository/Mobile/Page/Login/Button - Login' is exist

2022-01-17 14:17:45 - [TEST_STEP][PASSED] - if (loginCheck): Call Test Case 'Test Cases/Mobile/Page/Login/Login' successfully

2022-01-17 14:17:45 - [TEST_STEP][PASSED] - callTestCase(findTestCase("Mobile/Page/Login/Login"), ["action":"username"], CONTINUE_ON_FAILURE): Call Test Case 'Test Cases/Mobile/Page/Login/Login' successfully

2022-01-17 14:17:45 - [TEST_CASE][PASSED] - Test Cases/Mobile/Page/Login/Login: Test Cases/Mobile/Page/Login/Login

2022-01-17 14:17:45 - [TEST_STEP][PASSED] - delay(2): Delayed 2 second(s)

2022-01-17 14:17:47 - [MESSAGE][PASSED] - Delayed 2 second(s)

2022-01-17 14:17:47 - [TEST_STEP][PASSED] - for ([i = 0, i < 1, (i++)]): null

2022-01-17 14:17:47 - [TEST_STEP][PASSED] - if (action == "username"): null

2022-01-17 14:17:47 - [TEST_STEP][PASSED] - tap(LOGN_EdtUserID, 0): Tapped on element 'Object Repository/Mobile/Page/Login/Input - UserID'

2022-01-17 14:17:47 - [MESSAGE][WARNING] - Timeout '0' is invalid. Using default page load timeout: '60'

2022-01-17 14:17:48 - [MESSAGE][PASSED] - Tapped on element 'Object Repository/Mobile/Page/Login/Input - UserID'

2022-01-17 14:17:48 - [TEST_STEP][PASSED] - delay(1): Delayed 1 second(s)

2022-01-17 14:17:49 - [MESSAGE][PASSED] - Delayed 1 second(s)

2022-01-17 14:17:49 - [TEST_STEP][PASSED] - setText(LOGN_EdtRdyUserID, "anggaaditya", 0): Text 'anggaaditya' has been set to element 'Object Repository/Mobile/Page/Login/Input Rdy - UserID'

2022-01-17 14:17:49 - [MESSAGE][WARNING] - Timeout '0' is invalid. Using default page load timeout: '60'

2022-01-17 14:17:49 - [MESSAGE][PASSED] - Text 'anggaaditya' has been set to element 'Object Repository/Mobile/Page/Login/Input Rdy - UserID'

2022-01-17 14:17:49 - [TEST_STEP][PASSED] - delay(1): Delayed 1 second(s)

2022-01-17 14:17:50 - [MESSAGE][PASSED] - Delayed 1 second(s)

2022-01-17 14:17:50 - [TEST_STEP][PASSED] - hideKeyboard(): Keyboard is hidden

2022-01-17 14:17:54 - [MESSAGE][PASSED] - Keyboard is hidden

2022-01-17 14:17:54 - [TEST_STEP][PASSED] - tap(LOGN_EdtPassword, 0): Tapped on element 'Object Repository/Mobile/Page/Login/Input - Password'

2022-01-17 14:17:54 - [MESSAGE][WARNING] - Timeout '0' is invalid. Using default page load timeout: '60'

2022-01-17 14:17:54 - [MESSAGE][PASSED] - Tapped on element 'Object Repository/Mobile/Page/Login/Input - Password'

2022-01-17 14:17:54 - [TEST_STEP][PASSED] - delay(1): Delayed 1 second(s)

2022-01-17 14:17:55 - [MESSAGE][PASSED] - Delayed 1 second(s)

2022-01-17 14:17:55 - [TEST_STEP][PASSED] - setText(LOGN_EdtRdyPassword, "Shalawa18", 0): Text 'Shalawa18' has been set to element 'Object Repository/Mobile/Page/Login/Input Rdy - Password'

2022-01-17 14:17:55 - [MESSAGE][WARNING] - Timeout '0' is invalid. Using default page load timeout: '60'

2022-01-17 14:17:56 - [MESSAGE][PASSED] - Text 'Shalawa18' has been set to element 'Object Repository/Mobile/Page/Login/Input Rdy - Password'

2022-01-17 14:17:56 - [TEST_STEP][PASSED] - delay(1): Delayed 1 second(s)

2022-01-17 14:17:57 - [MESSAGE][PASSED] - Delayed 1 second(s)

2022-01-17 14:17:57 - [TEST_STEP][PASSED] - hideKeyboard(): Keyboard is hidden

2022-01-17 14:18:03 - [MESSAGE][PASSED] - Keyboard is hidden

2022-01-17 14:18:03 - [TEST_STEP][PASSED] - tap(LOGN_BtnLogin, 0): Tapped on element 'Object Repository/Mobile/Page/Login/Button - Login'

2022-01-17 14:18:03 - [MESSAGE][WARNING] - Timeout '0' is invalid. Using default page load timeout: '60'

2022-01-17 14:18:04 - [MESSAGE][PASSED] - Tapped on element 'Object Repository/Mobile/Page/Login/Button - Login'

2022-01-17 14:18:04 - [TEST_STEP][PASSED] - delay(2): Delayed 2 second(s)

2022-01-17 14:18:06 - [MESSAGE][PASSED] - Delayed 2 second(s)

2022-01-17 14:18:06 - [TEST_STEP][PASSED] - break: null

2022-01-17 14:18:06 - [MESSAGE][PASSED] - Call Test Case 'Test Cases/Mobile/Page/Login/Login' successfully

2022-01-17 14:18:06 - [MESSAGE][PASSED] - Call Test Case 'Test Cases/Mobile/Page/CheckLogin' successfully

2022-01-17 14:18:06 - [TEST_STEP][PASSED] - tap(HOME_MenubarAnalysis, 0): Tapped on element 'Object Repository/Mobile/Page/Home/Menubar - Analysis'

2022-01-17 14:18:06 - [MESSAGE][WARNING] - Timeout '0' is invalid. Using default page load timeout: '60'

2022-01-17 14:18:07 - [MESSAGE][PASSED] - Tapped on element 'Object Repository/Mobile/Page/Home/Menubar - Analysis'

2022-01-17 14:18:07 - [TEST_STEP][PASSED] - delay(1): Delayed 1 second(s)

2022-01-17 14:18:08 - [MESSAGE][PASSED] - Delayed 1 second(s)

2022-01-17 14:18:08 - [TEST_STEP][PASSED] - for ([i = 0, i < 1, (i++)]): Press back button successfully

2022-01-17 14:18:08 - [TEST_STEP][PASSED] - if (action == "technicalsearch"): null

2022-01-17 14:18:08 - [TEST_STEP][PASSED] - else if (action == "technicaldetail"): null

2022-01-17 14:18:08 - [TEST_STEP][PASSED] - else if (action == "researchdetail"): null

2022-01-17 14:18:08 - [TEST_STEP][PASSED] - else if (action == "researchsearch"): Press back button successfully

2022-01-17 14:18:08 - [TEST_STEP][PASSED] - tap(ANAL_TabResearchReport, 0): Tapped on element 'Object Repository/Mobile/Page/Analysis/Tab - Research Report'

2022-01-17 14:18:08 - [MESSAGE][WARNING] - Timeout '0' is invalid. Using default page load timeout: '60'

2022-01-17 14:18:08 - [MESSAGE][PASSED] - Tapped on element 'Object Repository/Mobile/Page/Analysis/Tab - Research Report'

2022-01-17 14:18:08 - [TEST_STEP][PASSED] - delay(1): Delayed 1 second(s)

2022-01-17 14:18:09 - [MESSAGE][PASSED] - Delayed 1 second(s)

2022-01-17 14:18:09 - [TEST_STEP][PASSED] - tap(ANAL_EdtSearch, 0): Tapped on element 'Object Repository/Mobile/Page/Analysis/Input - Search'

2022-01-17 14:18:09 - [MESSAGE][WARNING] - Timeout '0' is invalid. Using default page load timeout: '60'

2022-01-17 14:18:10 - [MESSAGE][PASSED] - Tapped on element 'Object Repository/Mobile/Page/Analysis/Input - Search'

2022-01-17 14:18:10 - [TEST_STEP][PASSED] - delay(1): Delayed 1 second(s)

2022-01-17 14:18:11 - [MESSAGE][PASSED] - Delayed 1 second(s)

2022-01-17 14:18:11 - [TEST_STEP][PASSED] - setText(ANAL_EdtSearch, "surya", 0): Text 'surya' has been set to element 'Object Repository/Mobile/Page/Analysis/Input - Search'

2022-01-17 14:18:11 - [MESSAGE][WARNING] - Timeout '0' is invalid. Using default page load timeout: '60'

2022-01-17 14:18:11 - [MESSAGE][PASSED] - Text 'surya' has been set to element 'Object Repository/Mobile/Page/Analysis/Input - Search'

2022-01-17 14:18:11 - [TEST_STEP][PASSED] - hideKeyboard(): Keyboard is hidden

2022-01-17 14:18:13 - [MESSAGE][PASSED] - Keyboard is hidden

2022-01-17 14:18:13 - [TEST_STEP][PASSED] - tapAndHold(ANAL_ItemTopSearch, 1, 0): Tapped and held on element 'Object Repository/Mobile/Page/Analysis/Item - Top Search' with duration 1

2022-01-17 14:18:13 - [MESSAGE][WARNING] - Timeout '0' is invalid. Using default page load timeout: '60'

2022-01-17 14:18:16 - [MESSAGE][PASSED] - Tapped and held on element 'Object Repository/Mobile/Page/Analysis/Item - Top Search' with duration 1

2022-01-17 14:18:16 - [TEST_STEP][PASSED] - delay(3): Delayed 3 second(s)

2022-01-17 14:18:19 - [MESSAGE][PASSED] - Delayed 3 second(s)

2022-01-17 14:18:19 - [TEST_STEP][PASSED] - pressBack(): Press back button successfully

2022-01-17 14:18:19 - [MESSAGE][PASSED] - Press back button successfully

2022-01-17 14:18:19 - [MESSAGE][PASSED] - Call Test Case 'Test Cases/Mobile/Page/Analysis/Analysis' successfully

2022-01-17 14:18:19 - [TEST_STEP][PASSED] - callTestCase(findTestCase("Mobile/Page/Run App/Terminate App"), [:], STOP_ON_FAILURE): Call Test Case 'Test Cases/Mobile/Page/Run App/Terminate App' successfully

2022-01-17 14:18:19 - [TEST_CASE][PASSED] - Test Cases/Mobile/Page/Run App/Terminate App: Test Cases/Mobile/Page/Run App/Terminate App

2022-01-17 14:18:19 - [TEST_STEP][PASSED] - startApp.OpenApp.terminateApplication(): startApp.OpenApp.terminateApplication is PASSED

2022-01-17 14:18:23 - [MESSAGE][PASSED] - Delayed 3 second(s)

2022-01-17 14:18:23 - [MESSAGE][PASSED] - Current device physical width is 720

2022-01-17 14:18:23 - [MESSAGE][PASSED] - Current device physical height is 1423

2022-01-17 14:18:24 - [MESSAGE][PASSED] - Swiped from 360,853 to 360,142

2022-01-17 14:18:25 - [MESSAGE][PASSED] - Delayed 1 second(s)

2022-01-17 14:18:27 - [MESSAGE][PASSED] - Swiped from 360,853 to 360,142

2022-01-17 14:18:30 - [MESSAGE][PASSED] - Delayed 3 second(s)

2022-01-17 14:18:30 - [MESSAGE][PASSED] - startApp.OpenApp.terminateApplication is PASSED

2022-01-17 14:18:30 - [MESSAGE][PASSED] - Call Test Case 'Test Cases/Mobile/Page/Run App/Terminate App' successfully]]></system-out>
         <system-err><![CDATA[]]></system-err>
      </testcase>
      <system-out><![CDATA[2022-01-17 14:10:31 - [TEST_SUITE][PASSED] - analysis: Test Cases/Mobile/Scenario/Analysis/007 - Mencari research report]]></system-out>
      <system-err><![CDATA[]]></system-err>
   </testsuite>
</testsuites>
