<?xml version="1.0" encoding="UTF-8"?>
<testsuites name="login" time="287.158" tests="5" failures="0" skips="0" errors="0">
   <testsuite name="login" tests="5" failures="0" errors="0" time="287.158" skips="0" timestamp="2022-01-10 15:01:15" hostname="Owner - aldy-tft" id="Test Suites/login">
      <properties>
         <property name="deviceName" value="samsung SM-A205F (Android 11)"/>
         <property name="devicePlatform" value=""/>
         <property name="logFolder" value="C:\\Users\\Owner\\Documents\\kerjaan\\KatalonProject\\qa_katalon_pwm\\qa_katalon_pwm\\Reports\\20220110_150059\\login\\20220110_150102"/>
         <property name="logFiles" value="C:\\Users\\Owner\\Documents\\kerjaan\\KatalonProject\\qa_katalon_pwm\\qa_katalon_pwm\\Reports\\20220110_150059\\login\\20220110_150102\\appium.log, C:\\Users\\Owner\\Documents\\kerjaan\\KatalonProject\\qa_katalon_pwm\\qa_katalon_pwm\\Reports\\20220110_150059\\login\\20220110_150102\\execution0.log"/>
         <property name="attachments" value=""/>
         <property name="hostName" value="Owner - aldy-tft"/>
         <property name="os" value="Windows 10 64bit"/>
         <property name="appiumServerStatus" value="{&quot;value&quot;:{&quot;build&quot;:{&quot;version&quot;:&quot;1.22.0&quot;}},&quot;sessionId&quot;:null,&quot;status&quot;:0}"/>
         <property name="katalonVersion" value="7.9.1.208"/>
         <property name="deviceOS" value="Android"/>
         <property name="appiumVersion" value="1.22.0"/>
         <property name="deviceModel" value="SM-A205F"/>
         <property name="hostAddress" value="10.0.30.101"/>
         <property name="deviceManufacturer" value="samsung"/>
         <property name="deviceId" value="RR8M40C9AXE"/>
         <property name="deviceName" value="samsung SM-A205F (Android 11)"/>
         <property name="deviceOSVersion" value="11"/>
      </properties>
      <testcase name="Test Cases/Mobile/Scenario/Login/001 - Login dengan username" time="79.229" classname="Test Cases/Mobile/Scenario/Login/001 - Login dengan username" status="PASSED">
         <system-out><![CDATA[2022-01-10 15:01:16 - [TEST_CASE][PASSED] - Test Cases/Mobile/Scenario/Login/001 - Login dengan username: Test Cases/Mobile/Scenario/Login/001 - Login dengan username

2022-01-10 15:01:17 - [TEST_STEP][PASSED] - callTestCase(findTestCase("Mobile/Page/Run App/Run App byID"), [:], STOP_ON_FAILURE): Call Test Case 'Test Cases/Mobile/Page/Run App/Run App byID' successfully

2022-01-10 15:01:17 - [TEST_CASE][PASSED] - Test Cases/Mobile/Page/Run App/Run App byID: Test Cases/Mobile/Page/Run App/Run App byID

2022-01-10 15:01:18 - [TEST_STEP][PASSED] - startApp.OpenApp.startApplication("id.co.miraeasset.sageclub"): startApp.OpenApp.startApplication is PASSED

2022-01-10 15:01:20 - [MESSAGE][INFO] - Appium server started on port 64,560

2022-01-10 15:01:40 - [MESSAGE][PASSED] - Starting app with application ID: 'id.co.miraeasset.sageclub'

2022-01-10 15:01:40 - [MESSAGE][PASSED] - startApp.OpenApp.startApplication is PASSED

2022-01-10 15:01:40 - [MESSAGE][PASSED] - Call Test Case 'Test Cases/Mobile/Page/Run App/Run App byID' successfully

2022-01-10 15:01:40 - [TEST_STEP][PASSED] - callTestCase(findTestCase("Mobile/Page/Login/Login"), ["action":"username"], CONTINUE_ON_FAILURE): Call Test Case 'Test Cases/Mobile/Page/Login/Login' successfully

2022-01-10 15:01:40 - [TEST_CASE][PASSED] - Test Cases/Mobile/Page/Login/Login: Test Cases/Mobile/Page/Login/Login

2022-01-10 15:01:41 - [TEST_STEP][PASSED] - delay(2): Delayed 2 second(s)

2022-01-10 15:01:43 - [MESSAGE][PASSED] - Delayed 2 second(s)

2022-01-10 15:01:43 - [TEST_STEP][PASSED] - for ([i = 0, i < 1, (i++)]): null

2022-01-10 15:01:43 - [TEST_STEP][PASSED] - if (action == "username"): null

2022-01-10 15:01:43 - [TEST_STEP][PASSED] - tap(LOGN_EdtUserID, 0): Tapped on element 'Object Repository/Mobile/Page/Login/Input - UserID'

2022-01-10 15:02:03 - [MESSAGE][WARNING] - Timeout '0' is invalid. Using default page load timeout: '60'

2022-01-10 15:02:04 - [MESSAGE][PASSED] - Tapped on element 'Object Repository/Mobile/Page/Login/Input - UserID'

2022-01-10 15:02:04 - [TEST_STEP][PASSED] - delay(1): Delayed 1 second(s)

2022-01-10 15:02:05 - [MESSAGE][PASSED] - Delayed 1 second(s)

2022-01-10 15:02:05 - [TEST_STEP][PASSED] - setText(LOGN_EdtRdyUserID, "anggaaditya", 0): Text 'anggaaditya' has been set to element 'Object Repository/Mobile/Page/Login/Input Rdy - UserID'

2022-01-10 15:02:05 - [MESSAGE][WARNING] - Timeout '0' is invalid. Using default page load timeout: '60'

2022-01-10 15:02:06 - [MESSAGE][PASSED] - Text 'anggaaditya' has been set to element 'Object Repository/Mobile/Page/Login/Input Rdy - UserID'

2022-01-10 15:02:06 - [TEST_STEP][PASSED] - delay(1): Delayed 1 second(s)

2022-01-10 15:02:07 - [MESSAGE][PASSED] - Delayed 1 second(s)

2022-01-10 15:02:07 - [TEST_STEP][PASSED] - hideKeyboard(): Keyboard is hidden

2022-01-10 15:02:11 - [MESSAGE][PASSED] - Keyboard is hidden

2022-01-10 15:02:11 - [TEST_STEP][PASSED] - tap(LOGN_EdtPassword, 0): Tapped on element 'Object Repository/Mobile/Page/Login/Input - Password'

2022-01-10 15:02:11 - [MESSAGE][WARNING] - Timeout '0' is invalid. Using default page load timeout: '60'

2022-01-10 15:02:12 - [MESSAGE][PASSED] - Tapped on element 'Object Repository/Mobile/Page/Login/Input - Password'

2022-01-10 15:02:12 - [TEST_STEP][PASSED] - delay(1): Delayed 1 second(s)

2022-01-10 15:02:13 - [MESSAGE][PASSED] - Delayed 1 second(s)

2022-01-10 15:02:13 - [TEST_STEP][PASSED] - setText(LOGN_EdtRdyPassword, "Shalawa18", 0): Text 'Shalawa18' has been set to element 'Object Repository/Mobile/Page/Login/Input Rdy - Password'

2022-01-10 15:02:13 - [MESSAGE][WARNING] - Timeout '0' is invalid. Using default page load timeout: '60'

2022-01-10 15:02:13 - [MESSAGE][PASSED] - Text 'Shalawa18' has been set to element 'Object Repository/Mobile/Page/Login/Input Rdy - Password'

2022-01-10 15:02:13 - [TEST_STEP][PASSED] - delay(1): Delayed 1 second(s)

2022-01-10 15:02:14 - [MESSAGE][PASSED] - Delayed 1 second(s)

2022-01-10 15:02:14 - [TEST_STEP][PASSED] - hideKeyboard(): Keyboard is hidden

2022-01-10 15:02:21 - [MESSAGE][PASSED] - Keyboard is hidden

2022-01-10 15:02:21 - [TEST_STEP][PASSED] - tap(LOGN_BtnLogin, 0): Tapped on element 'Object Repository/Mobile/Page/Login/Button - Login'

2022-01-10 15:02:21 - [MESSAGE][WARNING] - Timeout '0' is invalid. Using default page load timeout: '60'

2022-01-10 15:02:22 - [MESSAGE][PASSED] - Tapped on element 'Object Repository/Mobile/Page/Login/Button - Login'

2022-01-10 15:02:22 - [TEST_STEP][PASSED] - delay(2): Delayed 2 second(s)

2022-01-10 15:02:24 - [MESSAGE][PASSED] - Delayed 2 second(s)

2022-01-10 15:02:24 - [TEST_STEP][PASSED] - break: null

2022-01-10 15:02:24 - [MESSAGE][PASSED] - Call Test Case 'Test Cases/Mobile/Page/Login/Login' successfully

2022-01-10 15:02:24 - [TEST_STEP][PASSED] - callTestCase(findTestCase("Mobile/Page/Run App/Terminate App"), [:], STOP_ON_FAILURE): Call Test Case 'Test Cases/Mobile/Page/Run App/Terminate App' successfully

2022-01-10 15:02:24 - [TEST_CASE][PASSED] - Test Cases/Mobile/Page/Run App/Terminate App: Test Cases/Mobile/Page/Run App/Terminate App

2022-01-10 15:02:24 - [TEST_STEP][PASSED] - startApp.OpenApp.terminateApplication(): startApp.OpenApp.terminateApplication is PASSED

2022-01-10 15:02:28 - [MESSAGE][PASSED] - Delayed 3 second(s)

2022-01-10 15:02:29 - [MESSAGE][PASSED] - Current device physical width is 720

2022-01-10 15:02:29 - [MESSAGE][PASSED] - Current device physical height is 1423

2022-01-10 15:02:30 - [MESSAGE][PASSED] - Swiped from 360,853 to 360,142

2022-01-10 15:02:31 - [MESSAGE][PASSED] - Delayed 1 second(s)

2022-01-10 15:02:33 - [MESSAGE][PASSED] - Swiped from 360,853 to 360,142

2022-01-10 15:02:36 - [MESSAGE][PASSED] - Delayed 3 second(s)

2022-01-10 15:02:36 - [MESSAGE][PASSED] - startApp.OpenApp.terminateApplication is PASSED

2022-01-10 15:02:36 - [MESSAGE][PASSED] - Call Test Case 'Test Cases/Mobile/Page/Run App/Terminate App' successfully]]></system-out>
         <system-err><![CDATA[]]></system-err>
      </testcase>
      <testcase name="Test Cases/Mobile/Scenario/Login/002 - Login dengan password salah" time="47.432" classname="Test Cases/Mobile/Scenario/Login/002 - Login dengan password salah" status="PASSED">
         <system-out><![CDATA[2022-01-10 15:02:36 - [TEST_CASE][PASSED] - Test Cases/Mobile/Scenario/Login/002 - Login dengan password salah: Test Cases/Mobile/Scenario/Login/002 - Login dengan password salah

2022-01-10 15:02:36 - [TEST_STEP][PASSED] - callTestCase(findTestCase("Mobile/Page/Run App/Run App byID"), [:], STOP_ON_FAILURE): Call Test Case 'Test Cases/Mobile/Page/Run App/Run App byID' successfully

2022-01-10 15:02:36 - [TEST_CASE][PASSED] - Test Cases/Mobile/Page/Run App/Run App byID: Test Cases/Mobile/Page/Run App/Run App byID

2022-01-10 15:02:36 - [TEST_STEP][PASSED] - startApp.OpenApp.startApplication("id.co.miraeasset.sageclub"): startApp.OpenApp.startApplication is PASSED

2022-01-10 15:02:50 - [MESSAGE][PASSED] - Starting app with application ID: 'id.co.miraeasset.sageclub'

2022-01-10 15:02:50 - [MESSAGE][PASSED] - startApp.OpenApp.startApplication is PASSED

2022-01-10 15:02:50 - [MESSAGE][PASSED] - Call Test Case 'Test Cases/Mobile/Page/Run App/Run App byID' successfully

2022-01-10 15:02:50 - [TEST_STEP][PASSED] - callTestCase(findTestCase("Mobile/Page/Login/Login"), ["action":"wrongpassword"], CONTINUE_ON_FAILURE): Call Test Case 'Test Cases/Mobile/Page/Login/Login' successfully

2022-01-10 15:02:50 - [TEST_CASE][PASSED] - Test Cases/Mobile/Page/Login/Login: Test Cases/Mobile/Page/Login/Login

2022-01-10 15:02:50 - [TEST_STEP][PASSED] - delay(2): Delayed 2 second(s)

2022-01-10 15:02:52 - [MESSAGE][PASSED] - Delayed 2 second(s)

2022-01-10 15:02:52 - [TEST_STEP][PASSED] - for ([i = 0, i < 1, (i++)]): null

2022-01-10 15:02:52 - [TEST_STEP][PASSED] - if (action == "username"): null

2022-01-10 15:02:52 - [TEST_STEP][PASSED] - else if (action == "wrongpassword"): null

2022-01-10 15:02:52 - [TEST_STEP][PASSED] - tap(LOGN_EdtUserID, 0): Tapped on element 'Object Repository/Mobile/Page/Login/Input - UserID'

2022-01-10 15:02:52 - [MESSAGE][WARNING] - Timeout '0' is invalid. Using default page load timeout: '60'

2022-01-10 15:02:53 - [MESSAGE][PASSED] - Tapped on element 'Object Repository/Mobile/Page/Login/Input - UserID'

2022-01-10 15:02:53 - [TEST_STEP][PASSED] - delay(1): Delayed 1 second(s)

2022-01-10 15:02:54 - [MESSAGE][PASSED] - Delayed 1 second(s)

2022-01-10 15:02:54 - [TEST_STEP][PASSED] - setText(LOGN_EdtRdyUserID, "anggaaditya", 0): Text 'anggaaditya' has been set to element 'Object Repository/Mobile/Page/Login/Input Rdy - UserID'

2022-01-10 15:02:54 - [MESSAGE][WARNING] - Timeout '0' is invalid. Using default page load timeout: '60'

2022-01-10 15:02:55 - [MESSAGE][PASSED] - Text 'anggaaditya' has been set to element 'Object Repository/Mobile/Page/Login/Input Rdy - UserID'

2022-01-10 15:02:55 - [TEST_STEP][PASSED] - delay(1): Delayed 1 second(s)

2022-01-10 15:02:56 - [MESSAGE][PASSED] - Delayed 1 second(s)

2022-01-10 15:02:56 - [TEST_STEP][PASSED] - hideKeyboard(): Keyboard is hidden

2022-01-10 15:02:59 - [MESSAGE][PASSED] - Keyboard is hidden

2022-01-10 15:02:59 - [TEST_STEP][PASSED] - tap(LOGN_EdtPassword, 0): Tapped on element 'Object Repository/Mobile/Page/Login/Input - Password'

2022-01-10 15:02:59 - [MESSAGE][WARNING] - Timeout '0' is invalid. Using default page load timeout: '60'

2022-01-10 15:03:00 - [MESSAGE][PASSED] - Tapped on element 'Object Repository/Mobile/Page/Login/Input - Password'

2022-01-10 15:03:00 - [TEST_STEP][PASSED] - delay(1): Delayed 1 second(s)

2022-01-10 15:03:01 - [MESSAGE][PASSED] - Delayed 1 second(s)

2022-01-10 15:03:01 - [TEST_STEP][PASSED] - setText(LOGN_EdtRdyPassword, "Shalawa181", 0): Text 'Shalawa181' has been set to element 'Object Repository/Mobile/Page/Login/Input Rdy - Password'

2022-01-10 15:03:01 - [MESSAGE][WARNING] - Timeout '0' is invalid. Using default page load timeout: '60'

2022-01-10 15:03:02 - [MESSAGE][PASSED] - Text 'Shalawa181' has been set to element 'Object Repository/Mobile/Page/Login/Input Rdy - Password'

2022-01-10 15:03:02 - [TEST_STEP][PASSED] - delay(1): Delayed 1 second(s)

2022-01-10 15:03:03 - [MESSAGE][PASSED] - Delayed 1 second(s)

2022-01-10 15:03:03 - [TEST_STEP][PASSED] - hideKeyboard(): Keyboard is hidden

2022-01-10 15:03:09 - [MESSAGE][PASSED] - Keyboard is hidden

2022-01-10 15:03:09 - [TEST_STEP][PASSED] - tap(LOGN_BtnLogin, 0): Tapped on element 'Object Repository/Mobile/Page/Login/Button - Login'

2022-01-10 15:03:09 - [MESSAGE][WARNING] - Timeout '0' is invalid. Using default page load timeout: '60'

2022-01-10 15:03:10 - [MESSAGE][PASSED] - Tapped on element 'Object Repository/Mobile/Page/Login/Button - Login'

2022-01-10 15:03:10 - [TEST_STEP][PASSED] - delay(2): Delayed 2 second(s)

2022-01-10 15:03:12 - [MESSAGE][PASSED] - Delayed 2 second(s)

2022-01-10 15:03:12 - [TEST_STEP][PASSED] - verify = verifyElementExist(LOGN_AlertInvalidCredentials, 5, STOP_ON_FAILURE): Element 'Object Repository/Mobile/Page/Login/Alert - Invalid credentials' is exist

2022-01-10 15:03:13 - [MESSAGE][PASSED] - Element 'Object Repository/Mobile/Page/Login/Alert - Invalid credentials' is exist

2022-01-10 15:03:13 - [TEST_STEP][PASSED] - break: null

2022-01-10 15:03:13 - [MESSAGE][PASSED] - Call Test Case 'Test Cases/Mobile/Page/Login/Login' successfully

2022-01-10 15:03:13 - [TEST_STEP][PASSED] - callTestCase(findTestCase("Mobile/Page/Run App/Terminate App"), [:], STOP_ON_FAILURE): Call Test Case 'Test Cases/Mobile/Page/Run App/Terminate App' successfully

2022-01-10 15:03:13 - [TEST_CASE][PASSED] - Test Cases/Mobile/Page/Run App/Terminate App: Test Cases/Mobile/Page/Run App/Terminate App

2022-01-10 15:03:13 - [TEST_STEP][PASSED] - startApp.OpenApp.terminateApplication(): startApp.OpenApp.terminateApplication is PASSED

2022-01-10 15:03:16 - [MESSAGE][PASSED] - Delayed 3 second(s)

2022-01-10 15:03:16 - [MESSAGE][PASSED] - Current device physical width is 720

2022-01-10 15:03:16 - [MESSAGE][PASSED] - Current device physical height is 1423

2022-01-10 15:03:18 - [MESSAGE][PASSED] - Swiped from 360,853 to 360,142

2022-01-10 15:03:19 - [MESSAGE][PASSED] - Delayed 1 second(s)

2022-01-10 15:03:20 - [MESSAGE][PASSED] - Swiped from 360,853 to 360,142

2022-01-10 15:03:23 - [MESSAGE][PASSED] - Delayed 3 second(s)

2022-01-10 15:03:23 - [MESSAGE][PASSED] - startApp.OpenApp.terminateApplication is PASSED

2022-01-10 15:03:23 - [MESSAGE][PASSED] - Call Test Case 'Test Cases/Mobile/Page/Run App/Terminate App' successfully]]></system-out>
         <system-err><![CDATA[]]></system-err>
      </testcase>
      <testcase name="Test Cases/Mobile/Scenario/Login/003 - Login tanpa internet" time="62.019" classname="Test Cases/Mobile/Scenario/Login/003 - Login tanpa internet" status="PASSED">
         <system-out><![CDATA[2022-01-10 15:03:23 - [TEST_CASE][PASSED] - Test Cases/Mobile/Scenario/Login/003 - Login tanpa internet: Test Cases/Mobile/Scenario/Login/003 - Login tanpa internet

2022-01-10 15:03:23 - [TEST_STEP][PASSED] - callTestCase(findTestCase("Mobile/Page/Run App/Run App byID"), [:], STOP_ON_FAILURE): Call Test Case 'Test Cases/Mobile/Page/Run App/Run App byID' successfully

2022-01-10 15:03:23 - [TEST_CASE][PASSED] - Test Cases/Mobile/Page/Run App/Run App byID: Test Cases/Mobile/Page/Run App/Run App byID

2022-01-10 15:03:23 - [TEST_STEP][PASSED] - startApp.OpenApp.startApplication("id.co.miraeasset.sageclub"): startApp.OpenApp.startApplication is PASSED

2022-01-10 15:03:37 - [MESSAGE][PASSED] - Starting app with application ID: 'id.co.miraeasset.sageclub'

2022-01-10 15:03:37 - [MESSAGE][PASSED] - startApp.OpenApp.startApplication is PASSED

2022-01-10 15:03:37 - [MESSAGE][PASSED] - Call Test Case 'Test Cases/Mobile/Page/Run App/Run App byID' successfully

2022-01-10 15:03:37 - [TEST_STEP][PASSED] - callTestCase(findTestCase("Mobile/Page/Login/Login"), ["action":"nointernet"], CONTINUE_ON_FAILURE): Call Test Case 'Test Cases/Mobile/Page/Login/Login' successfully

2022-01-10 15:03:37 - [TEST_CASE][PASSED] - Test Cases/Mobile/Page/Login/Login: Test Cases/Mobile/Page/Login/Login

2022-01-10 15:03:37 - [TEST_STEP][PASSED] - delay(2): Delayed 2 second(s)

2022-01-10 15:03:39 - [MESSAGE][PASSED] - Delayed 2 second(s)

2022-01-10 15:03:39 - [TEST_STEP][PASSED] - for ([i = 0, i < 1, (i++)]): null

2022-01-10 15:03:39 - [TEST_STEP][PASSED] - if (action == "username"): null

2022-01-10 15:03:39 - [TEST_STEP][PASSED] - else if (action == "wrongpassword"): null

2022-01-10 15:03:39 - [TEST_STEP][PASSED] - else if (action == "nointernet"): null

2022-01-10 15:03:39 - [TEST_STEP][PASSED] - scroll.scroll.scrollNotificationBar(): scroll.scroll.scrollNotificationBar is PASSED

2022-01-10 15:03:40 - [MESSAGE][PASSED] - Current device physical height is 1423

2022-01-10 15:03:42 - [MESSAGE][PASSED] - Swiped from 50,50 to 50,1,138

2022-01-10 15:03:42 - [MESSAGE][PASSED] - scroll.scroll.scrollNotificationBar is PASSED

2022-01-10 15:03:42 - [TEST_STEP][PASSED] - delay(1): Delayed 1 second(s)

2022-01-10 15:03:43 - [MESSAGE][PASSED] - Delayed 1 second(s)

2022-01-10 15:03:43 - [TEST_STEP][PASSED] - tap(OTHR_BtnWifi, 0): Tapped on element 'Object Repository/Mobile/Page/Others/Button - Wifi'

2022-01-10 15:03:43 - [MESSAGE][WARNING] - Timeout '0' is invalid. Using default page load timeout: '60'

2022-01-10 15:03:44 - [MESSAGE][PASSED] - Tapped on element 'Object Repository/Mobile/Page/Others/Button - Wifi'

2022-01-10 15:03:44 - [TEST_STEP][PASSED] - delay(1): Delayed 1 second(s)

2022-01-10 15:03:45 - [MESSAGE][PASSED] - Delayed 1 second(s)

2022-01-10 15:03:45 - [TEST_STEP][PASSED] - pressBack(): Press back button successfully

2022-01-10 15:03:46 - [MESSAGE][PASSED] - Press back button successfully

2022-01-10 15:03:46 - [TEST_STEP][PASSED] - tap(LOGN_EdtUserID, 0): Tapped on element 'Object Repository/Mobile/Page/Login/Input - UserID'

2022-01-10 15:03:46 - [MESSAGE][WARNING] - Timeout '0' is invalid. Using default page load timeout: '60'

2022-01-10 15:03:47 - [MESSAGE][PASSED] - Tapped on element 'Object Repository/Mobile/Page/Login/Input - UserID'

2022-01-10 15:03:47 - [TEST_STEP][PASSED] - delay(1): Delayed 1 second(s)

2022-01-10 15:03:48 - [MESSAGE][PASSED] - Delayed 1 second(s)

2022-01-10 15:03:48 - [TEST_STEP][PASSED] - setText(LOGN_EdtRdyUserID, "anggaaditya", 0): Text 'anggaaditya' has been set to element 'Object Repository/Mobile/Page/Login/Input Rdy - UserID'

2022-01-10 15:03:48 - [MESSAGE][WARNING] - Timeout '0' is invalid. Using default page load timeout: '60'

2022-01-10 15:03:49 - [MESSAGE][PASSED] - Text 'anggaaditya' has been set to element 'Object Repository/Mobile/Page/Login/Input Rdy - UserID'

2022-01-10 15:03:49 - [TEST_STEP][PASSED] - delay(1): Delayed 1 second(s)

2022-01-10 15:03:50 - [MESSAGE][PASSED] - Delayed 1 second(s)

2022-01-10 15:03:50 - [TEST_STEP][PASSED] - hideKeyboard(): Keyboard is hidden

2022-01-10 15:03:54 - [MESSAGE][PASSED] - Keyboard is hidden

2022-01-10 15:03:54 - [TEST_STEP][PASSED] - tap(LOGN_EdtPassword, 0): Tapped on element 'Object Repository/Mobile/Page/Login/Input - Password'

2022-01-10 15:03:54 - [MESSAGE][WARNING] - Timeout '0' is invalid. Using default page load timeout: '60'

2022-01-10 15:03:55 - [MESSAGE][PASSED] - Tapped on element 'Object Repository/Mobile/Page/Login/Input - Password'

2022-01-10 15:03:55 - [TEST_STEP][PASSED] - delay(1): Delayed 1 second(s)

2022-01-10 15:03:56 - [MESSAGE][PASSED] - Delayed 1 second(s)

2022-01-10 15:03:56 - [TEST_STEP][PASSED] - setText(LOGN_EdtRdyPassword, "Shalawa18", 0): Text 'Shalawa18' has been set to element 'Object Repository/Mobile/Page/Login/Input Rdy - Password'

2022-01-10 15:03:56 - [MESSAGE][WARNING] - Timeout '0' is invalid. Using default page load timeout: '60'

2022-01-10 15:03:56 - [MESSAGE][PASSED] - Text 'Shalawa18' has been set to element 'Object Repository/Mobile/Page/Login/Input Rdy - Password'

2022-01-10 15:03:56 - [TEST_STEP][PASSED] - delay(1): Delayed 1 second(s)

2022-01-10 15:03:57 - [MESSAGE][PASSED] - Delayed 1 second(s)

2022-01-10 15:03:57 - [TEST_STEP][PASSED] - hideKeyboard(): Keyboard is hidden

2022-01-10 15:04:04 - [MESSAGE][PASSED] - Keyboard is hidden

2022-01-10 15:04:04 - [TEST_STEP][PASSED] - tap(LOGN_BtnLogin, 0): Tapped on element 'Object Repository/Mobile/Page/Login/Button - Login'

2022-01-10 15:04:04 - [MESSAGE][WARNING] - Timeout '0' is invalid. Using default page load timeout: '60'

2022-01-10 15:04:05 - [MESSAGE][PASSED] - Tapped on element 'Object Repository/Mobile/Page/Login/Button - Login'

2022-01-10 15:04:05 - [TEST_STEP][PASSED] - delay(2): Delayed 2 second(s)

2022-01-10 15:04:07 - [MESSAGE][PASSED] - Delayed 2 second(s)

2022-01-10 15:04:07 - [TEST_STEP][PASSED] - verify = verifyElementExist(LOGN_AlertCheckYourNetwork, 5, STOP_ON_FAILURE): Element 'Object Repository/Mobile/Page/Login/Alert - Check your network' is exist

2022-01-10 15:04:08 - [MESSAGE][PASSED] - Element 'Object Repository/Mobile/Page/Login/Alert - Check your network' is exist

2022-01-10 15:04:08 - [TEST_STEP][PASSED] - scroll.scroll.scrollNotificationBar(): scroll.scroll.scrollNotificationBar is PASSED

2022-01-10 15:04:08 - [MESSAGE][PASSED] - Current device physical height is 1423

2022-01-10 15:04:10 - [MESSAGE][PASSED] - Swiped from 50,50 to 50,1,138

2022-01-10 15:04:10 - [MESSAGE][PASSED] - scroll.scroll.scrollNotificationBar is PASSED

2022-01-10 15:04:10 - [TEST_STEP][PASSED] - delay(1): Delayed 1 second(s)

2022-01-10 15:04:11 - [MESSAGE][PASSED] - Delayed 1 second(s)

2022-01-10 15:04:11 - [TEST_STEP][PASSED] - tap(OTHR_BtnWifi, 0): Tapped on element 'Object Repository/Mobile/Page/Others/Button - Wifi'

2022-01-10 15:04:11 - [MESSAGE][WARNING] - Timeout '0' is invalid. Using default page load timeout: '60'

2022-01-10 15:04:12 - [MESSAGE][PASSED] - Tapped on element 'Object Repository/Mobile/Page/Others/Button - Wifi'

2022-01-10 15:04:12 - [TEST_STEP][PASSED] - delay(1): Delayed 1 second(s)

2022-01-10 15:04:13 - [MESSAGE][PASSED] - Delayed 1 second(s)

2022-01-10 15:04:13 - [TEST_STEP][PASSED] - pressBack(): Press back button successfully

2022-01-10 15:04:13 - [MESSAGE][PASSED] - Press back button successfully

2022-01-10 15:04:13 - [TEST_STEP][PASSED] - break: null

2022-01-10 15:04:13 - [MESSAGE][PASSED] - Call Test Case 'Test Cases/Mobile/Page/Login/Login' successfully

2022-01-10 15:04:13 - [TEST_STEP][PASSED] - callTestCase(findTestCase("Mobile/Page/Run App/Terminate App"), [:], STOP_ON_FAILURE): Call Test Case 'Test Cases/Mobile/Page/Run App/Terminate App' successfully

2022-01-10 15:04:13 - [TEST_CASE][PASSED] - Test Cases/Mobile/Page/Run App/Terminate App: Test Cases/Mobile/Page/Run App/Terminate App

2022-01-10 15:04:13 - [TEST_STEP][PASSED] - startApp.OpenApp.terminateApplication(): startApp.OpenApp.terminateApplication is PASSED

2022-01-10 15:04:17 - [MESSAGE][PASSED] - Delayed 3 second(s)

2022-01-10 15:04:18 - [MESSAGE][PASSED] - Current device physical width is 720

2022-01-10 15:04:18 - [MESSAGE][PASSED] - Current device physical height is 1423

2022-01-10 15:04:20 - [MESSAGE][PASSED] - Swiped from 360,853 to 360,142

2022-01-10 15:04:21 - [MESSAGE][PASSED] - Delayed 1 second(s)

2022-01-10 15:04:22 - [MESSAGE][PASSED] - Swiped from 360,853 to 360,142

2022-01-10 15:04:25 - [MESSAGE][PASSED] - Delayed 3 second(s)

2022-01-10 15:04:25 - [MESSAGE][PASSED] - startApp.OpenApp.terminateApplication is PASSED

2022-01-10 15:04:25 - [MESSAGE][PASSED] - Call Test Case 'Test Cases/Mobile/Page/Run App/Terminate App' successfully]]></system-out>
         <system-err><![CDATA[]]></system-err>
      </testcase>
      <testcase name="Test Cases/Mobile/Scenario/Login/004 - Login dengan mengaktifkan visible password" time="46.633" classname="Test Cases/Mobile/Scenario/Login/004 - Login dengan mengaktifkan visible password" status="PASSED">
         <system-out><![CDATA[2022-01-10 15:04:25 - [TEST_CASE][PASSED] - Test Cases/Mobile/Scenario/Login/004 - Login dengan mengaktifkan visible password: Test Cases/Mobile/Scenario/Login/004 - Login dengan mengaktifkan visible password

2022-01-10 15:04:25 - [TEST_STEP][PASSED] - callTestCase(findTestCase("Mobile/Page/Run App/Run App byID"), [:], STOP_ON_FAILURE): Call Test Case 'Test Cases/Mobile/Page/Run App/Run App byID' successfully

2022-01-10 15:04:25 - [TEST_CASE][PASSED] - Test Cases/Mobile/Page/Run App/Run App byID: Test Cases/Mobile/Page/Run App/Run App byID

2022-01-10 15:04:25 - [TEST_STEP][PASSED] - startApp.OpenApp.startApplication("id.co.miraeasset.sageclub"): startApp.OpenApp.startApplication is PASSED

2022-01-10 15:04:39 - [MESSAGE][PASSED] - Starting app with application ID: 'id.co.miraeasset.sageclub'

2022-01-10 15:04:39 - [MESSAGE][PASSED] - startApp.OpenApp.startApplication is PASSED

2022-01-10 15:04:39 - [MESSAGE][PASSED] - Call Test Case 'Test Cases/Mobile/Page/Run App/Run App byID' successfully

2022-01-10 15:04:39 - [TEST_STEP][PASSED] - callTestCase(findTestCase("Mobile/Page/Login/Login"), ["action":"visiblepassword"], CONTINUE_ON_FAILURE): Call Test Case 'Test Cases/Mobile/Page/Login/Login' successfully

2022-01-10 15:04:39 - [TEST_CASE][PASSED] - Test Cases/Mobile/Page/Login/Login: Test Cases/Mobile/Page/Login/Login

2022-01-10 15:04:39 - [TEST_STEP][PASSED] - delay(2): Delayed 2 second(s)

2022-01-10 15:04:41 - [MESSAGE][PASSED] - Delayed 2 second(s)

2022-01-10 15:04:41 - [TEST_STEP][PASSED] - for ([i = 0, i < 1, (i++)]): null

2022-01-10 15:04:41 - [TEST_STEP][PASSED] - if (action == "username"): null

2022-01-10 15:04:41 - [TEST_STEP][PASSED] - else if (action == "wrongpassword"): null

2022-01-10 15:04:41 - [TEST_STEP][PASSED] - else if (action == "nointernet"): null

2022-01-10 15:04:41 - [TEST_STEP][PASSED] - else if (action == "visiblepassword"): null

2022-01-10 15:04:41 - [TEST_STEP][PASSED] - tap(LOGN_EdtUserID, 0): Tapped on element 'Object Repository/Mobile/Page/Login/Input - UserID'

2022-01-10 15:04:41 - [MESSAGE][WARNING] - Timeout '0' is invalid. Using default page load timeout: '60'

2022-01-10 15:04:42 - [MESSAGE][PASSED] - Tapped on element 'Object Repository/Mobile/Page/Login/Input - UserID'

2022-01-10 15:04:42 - [TEST_STEP][PASSED] - delay(1): Delayed 1 second(s)

2022-01-10 15:04:43 - [MESSAGE][PASSED] - Delayed 1 second(s)

2022-01-10 15:04:43 - [TEST_STEP][PASSED] - setText(LOGN_EdtRdyUserID, "anggaaditya", 0): Text 'anggaaditya' has been set to element 'Object Repository/Mobile/Page/Login/Input Rdy - UserID'

2022-01-10 15:04:43 - [MESSAGE][WARNING] - Timeout '0' is invalid. Using default page load timeout: '60'

2022-01-10 15:04:44 - [MESSAGE][PASSED] - Text 'anggaaditya' has been set to element 'Object Repository/Mobile/Page/Login/Input Rdy - UserID'

2022-01-10 15:04:44 - [TEST_STEP][PASSED] - delay(1): Delayed 1 second(s)

2022-01-10 15:04:45 - [MESSAGE][PASSED] - Delayed 1 second(s)

2022-01-10 15:04:45 - [TEST_STEP][PASSED] - hideKeyboard(): Keyboard is hidden

2022-01-10 15:04:49 - [MESSAGE][PASSED] - Keyboard is hidden

2022-01-10 15:04:49 - [TEST_STEP][PASSED] - top = getElementTopPosition(LOGN_EdtPassword, 0): Object 'Object Repository/Mobile/Page/Login/Input - Password' has top position '758'

2022-01-10 15:04:50 - [MESSAGE][WARNING] - Timeout '0' is invalid. Using default page load timeout: '60'

2022-01-10 15:04:50 - [MESSAGE][PASSED] - Object 'Object Repository/Mobile/Page/Login/Input - Password' has top position '758'

2022-01-10 15:04:50 - [TEST_STEP][PASSED] - left = getElementLeftPosition(LOGN_EdtPassword, 0): Object 'Object Repository/Mobile/Page/Login/Input - Password' has left position '32'

2022-01-10 15:04:50 - [MESSAGE][WARNING] - Timeout '0' is invalid. Using default page load timeout: '60'

2022-01-10 15:04:50 - [MESSAGE][PASSED] - Object 'Object Repository/Mobile/Page/Login/Input - Password' has left position '32'

2022-01-10 15:04:50 - [TEST_STEP][PASSED] - x = left + getElementWidth(LOGN_EdtPassword, 0) * 0.9: Object 'Object Repository/Mobile/Page/Login/Input - Password' has width: '657'

2022-01-10 15:04:50 - [MESSAGE][WARNING] - Timeout '0' is invalid. Using default page load timeout: '60'

2022-01-10 15:04:50 - [MESSAGE][PASSED] - Object 'Object Repository/Mobile/Page/Login/Input - Password' has width: '657'

2022-01-10 15:04:50 - [TEST_STEP][PASSED] - y = top + getElementHeight(LOGN_EdtPassword, 0) / 2: Object 'Object Repository/Mobile/Page/Login/Input - Password' has height: '84'

2022-01-10 15:04:50 - [MESSAGE][WARNING] - Timeout '0' is invalid. Using default page load timeout: '60'

2022-01-10 15:04:50 - [MESSAGE][PASSED] - Object 'Object Repository/Mobile/Page/Login/Input - Password' has height: '84'

2022-01-10 15:04:50 - [TEST_STEP][PASSED] - tapAtPosition(x, y): Tapped at [623, 800]

2022-01-10 15:04:51 - [MESSAGE][PASSED] - Tapped at [623, 800]

2022-01-10 15:04:51 - [TEST_STEP][PASSED] - delay(1): Delayed 1 second(s)

2022-01-10 15:04:52 - [MESSAGE][PASSED] - Delayed 1 second(s)

2022-01-10 15:04:52 - [TEST_STEP][PASSED] - tap(LOGN_EdtPassword, 0): Tapped on element 'Object Repository/Mobile/Page/Login/Input - Password'

2022-01-10 15:04:52 - [MESSAGE][WARNING] - Timeout '0' is invalid. Using default page load timeout: '60'

2022-01-10 15:04:52 - [MESSAGE][PASSED] - Tapped on element 'Object Repository/Mobile/Page/Login/Input - Password'

2022-01-10 15:04:52 - [TEST_STEP][PASSED] - delay(1): Delayed 1 second(s)

2022-01-10 15:04:53 - [MESSAGE][PASSED] - Delayed 1 second(s)

2022-01-10 15:04:53 - [TEST_STEP][PASSED] - setText(LOGN_EdtRdyPassword, "Shalawa18", 0): Text 'Shalawa18' has been set to element 'Object Repository/Mobile/Page/Login/Input Rdy - Password'

2022-01-10 15:04:53 - [MESSAGE][WARNING] - Timeout '0' is invalid. Using default page load timeout: '60'

2022-01-10 15:04:54 - [MESSAGE][PASSED] - Text 'Shalawa18' has been set to element 'Object Repository/Mobile/Page/Login/Input Rdy - Password'

2022-01-10 15:04:54 - [TEST_STEP][PASSED] - delay(1): Delayed 1 second(s)

2022-01-10 15:04:55 - [MESSAGE][PASSED] - Delayed 1 second(s)

2022-01-10 15:04:55 - [TEST_STEP][PASSED] - hideKeyboard(): Keyboard is hidden

2022-01-10 15:04:59 - [MESSAGE][PASSED] - Keyboard is hidden

2022-01-10 15:04:59 - [TEST_STEP][PASSED] - tap(LOGN_BtnLogin, 0): Tapped on element 'Object Repository/Mobile/Page/Login/Button - Login'

2022-01-10 15:04:59 - [MESSAGE][WARNING] - Timeout '0' is invalid. Using default page load timeout: '60'

2022-01-10 15:04:59 - [MESSAGE][PASSED] - Tapped on element 'Object Repository/Mobile/Page/Login/Button - Login'

2022-01-10 15:04:59 - [TEST_STEP][PASSED] - delay(2): Delayed 2 second(s)

2022-01-10 15:05:01 - [MESSAGE][PASSED] - Delayed 2 second(s)

2022-01-10 15:05:01 - [TEST_STEP][PASSED] - break: null

2022-01-10 15:05:01 - [MESSAGE][PASSED] - Call Test Case 'Test Cases/Mobile/Page/Login/Login' successfully

2022-01-10 15:05:01 - [TEST_STEP][PASSED] - callTestCase(findTestCase("Mobile/Page/Run App/Terminate App"), [:], STOP_ON_FAILURE): Call Test Case 'Test Cases/Mobile/Page/Run App/Terminate App' successfully

2022-01-10 15:05:01 - [TEST_CASE][PASSED] - Test Cases/Mobile/Page/Run App/Terminate App: Test Cases/Mobile/Page/Run App/Terminate App

2022-01-10 15:05:01 - [TEST_STEP][PASSED] - startApp.OpenApp.terminateApplication(): startApp.OpenApp.terminateApplication is PASSED

2022-01-10 15:05:05 - [MESSAGE][PASSED] - Delayed 3 second(s)

2022-01-10 15:05:05 - [MESSAGE][PASSED] - Current device physical width is 720

2022-01-10 15:05:05 - [MESSAGE][PASSED] - Current device physical height is 1423

2022-01-10 15:05:06 - [MESSAGE][PASSED] - Swiped from 360,853 to 360,142

2022-01-10 15:05:07 - [MESSAGE][PASSED] - Delayed 1 second(s)

2022-01-10 15:05:09 - [MESSAGE][PASSED] - Swiped from 360,853 to 360,142

2022-01-10 15:05:12 - [MESSAGE][PASSED] - Delayed 3 second(s)

2022-01-10 15:05:12 - [MESSAGE][PASSED] - startApp.OpenApp.terminateApplication is PASSED

2022-01-10 15:05:12 - [MESSAGE][PASSED] - Call Test Case 'Test Cases/Mobile/Page/Run App/Terminate App' successfully]]></system-out>
         <system-err><![CDATA[]]></system-err>
      </testcase>
      <testcase name="Test Cases/Mobile/Scenario/Login/005 - Login menggunakan username dengan membatalkan fingerprint" time="50.404" classname="Test Cases/Mobile/Scenario/Login/005 - Login menggunakan username dengan membatalkan fingerprint" status="PASSED">
         <system-out><![CDATA[2022-01-10 15:05:12 - [TEST_CASE][PASSED] - Test Cases/Mobile/Scenario/Login/005 - Login menggunakan username dengan membatalkan fingerprint: Test Cases/Mobile/Scenario/Login/005 - Login menggunakan username dengan membatalkan fingerprint

2022-01-10 15:05:12 - [TEST_STEP][PASSED] - callTestCase(findTestCase("Mobile/Page/Run App/Run App byID"), [:], STOP_ON_FAILURE): Call Test Case 'Test Cases/Mobile/Page/Run App/Run App byID' successfully

2022-01-10 15:05:12 - [TEST_CASE][PASSED] - Test Cases/Mobile/Page/Run App/Run App byID: Test Cases/Mobile/Page/Run App/Run App byID

2022-01-10 15:05:12 - [TEST_STEP][PASSED] - startApp.OpenApp.startApplication("id.co.miraeasset.sageclub"): startApp.OpenApp.startApplication is PASSED

2022-01-10 15:05:25 - [MESSAGE][PASSED] - Starting app with application ID: 'id.co.miraeasset.sageclub'

2022-01-10 15:05:25 - [MESSAGE][PASSED] - startApp.OpenApp.startApplication is PASSED

2022-01-10 15:05:25 - [MESSAGE][PASSED] - Call Test Case 'Test Cases/Mobile/Page/Run App/Run App byID' successfully

2022-01-10 15:05:25 - [TEST_STEP][PASSED] - callTestCase(findTestCase("Mobile/Page/Login/Login"), ["action":"cancelfingerprint"], CONTINUE_ON_FAILURE): Call Test Case 'Test Cases/Mobile/Page/Login/Login' successfully

2022-01-10 15:05:25 - [TEST_CASE][PASSED] - Test Cases/Mobile/Page/Login/Login: Test Cases/Mobile/Page/Login/Login

2022-01-10 15:05:25 - [TEST_STEP][PASSED] - delay(2): Delayed 2 second(s)

2022-01-10 15:05:27 - [MESSAGE][PASSED] - Delayed 2 second(s)

2022-01-10 15:05:27 - [TEST_STEP][PASSED] - for ([i = 0, i < 1, (i++)]): Delayed 2 second(s)

2022-01-10 15:05:27 - [TEST_STEP][PASSED] - if (action == "username"): null

2022-01-10 15:05:27 - [TEST_STEP][PASSED] - else if (action == "wrongpassword"): null

2022-01-10 15:05:27 - [TEST_STEP][PASSED] - else if (action == "nointernet"): null

2022-01-10 15:05:27 - [TEST_STEP][PASSED] - else if (action == "visiblepassword"): null

2022-01-10 15:05:27 - [TEST_STEP][PASSED] - else if (action == "cancelfingerprint"): Delayed 2 second(s)

2022-01-10 15:05:27 - [TEST_STEP][PASSED] - tap(LOGN_BtnFingerprint, 0): Tapped on element 'Object Repository/Mobile/Page/Login/Button - Fingerprint'

2022-01-10 15:05:27 - [MESSAGE][WARNING] - Timeout '0' is invalid. Using default page load timeout: '60'

2022-01-10 15:05:29 - [MESSAGE][PASSED] - Tapped on element 'Object Repository/Mobile/Page/Login/Button - Fingerprint'

2022-01-10 15:05:29 - [TEST_STEP][PASSED] - delay(1): Delayed 1 second(s)

2022-01-10 15:05:30 - [MESSAGE][PASSED] - Delayed 1 second(s)

2022-01-10 15:05:30 - [TEST_STEP][PASSED] - pressBack(): Press back button successfully

2022-01-10 15:05:30 - [MESSAGE][PASSED] - Press back button successfully

2022-01-10 15:05:30 - [TEST_STEP][PASSED] - delay(1): Delayed 1 second(s)

2022-01-10 15:05:31 - [MESSAGE][PASSED] - Delayed 1 second(s)

2022-01-10 15:05:31 - [TEST_STEP][PASSED] - tap(LOGN_EdtUserID, 0): Tapped on element 'Object Repository/Mobile/Page/Login/Input - UserID'

2022-01-10 15:05:31 - [MESSAGE][WARNING] - Timeout '0' is invalid. Using default page load timeout: '60'

2022-01-10 15:05:32 - [MESSAGE][PASSED] - Tapped on element 'Object Repository/Mobile/Page/Login/Input - UserID'

2022-01-10 15:05:32 - [TEST_STEP][PASSED] - delay(1): Delayed 1 second(s)

2022-01-10 15:05:33 - [MESSAGE][PASSED] - Delayed 1 second(s)

2022-01-10 15:05:33 - [TEST_STEP][PASSED] - setText(LOGN_EdtRdyUserID, "anggaaditya", 0): Text 'anggaaditya' has been set to element 'Object Repository/Mobile/Page/Login/Input Rdy - UserID'

2022-01-10 15:05:33 - [MESSAGE][WARNING] - Timeout '0' is invalid. Using default page load timeout: '60'

2022-01-10 15:05:33 - [MESSAGE][PASSED] - Text 'anggaaditya' has been set to element 'Object Repository/Mobile/Page/Login/Input Rdy - UserID'

2022-01-10 15:05:33 - [TEST_STEP][PASSED] - delay(1): Delayed 1 second(s)

2022-01-10 15:05:34 - [MESSAGE][PASSED] - Delayed 1 second(s)

2022-01-10 15:05:34 - [TEST_STEP][PASSED] - hideKeyboard(): Keyboard is hidden

2022-01-10 15:05:38 - [MESSAGE][PASSED] - Keyboard is hidden

2022-01-10 15:05:38 - [TEST_STEP][PASSED] - tap(LOGN_EdtPassword, 0): Tapped on element 'Object Repository/Mobile/Page/Login/Input - Password'

2022-01-10 15:05:38 - [MESSAGE][WARNING] - Timeout '0' is invalid. Using default page load timeout: '60'

2022-01-10 15:05:39 - [MESSAGE][PASSED] - Tapped on element 'Object Repository/Mobile/Page/Login/Input - Password'

2022-01-10 15:05:39 - [TEST_STEP][PASSED] - delay(1): Delayed 1 second(s)

2022-01-10 15:05:40 - [MESSAGE][PASSED] - Delayed 1 second(s)

2022-01-10 15:05:40 - [TEST_STEP][PASSED] - setText(LOGN_EdtRdyPassword, "Shalawa18", 0): Text 'Shalawa18' has been set to element 'Object Repository/Mobile/Page/Login/Input Rdy - Password'

2022-01-10 15:05:40 - [MESSAGE][WARNING] - Timeout '0' is invalid. Using default page load timeout: '60'

2022-01-10 15:05:40 - [MESSAGE][PASSED] - Text 'Shalawa18' has been set to element 'Object Repository/Mobile/Page/Login/Input Rdy - Password'

2022-01-10 15:05:40 - [TEST_STEP][PASSED] - delay(1): Delayed 1 second(s)

2022-01-10 15:05:41 - [MESSAGE][PASSED] - Delayed 1 second(s)

2022-01-10 15:05:41 - [TEST_STEP][PASSED] - hideKeyboard(): Keyboard is hidden

2022-01-10 15:05:48 - [MESSAGE][PASSED] - Keyboard is hidden

2022-01-10 15:05:48 - [TEST_STEP][PASSED] - tap(LOGN_BtnLogin, 0): Tapped on element 'Object Repository/Mobile/Page/Login/Button - Login'

2022-01-10 15:05:48 - [MESSAGE][WARNING] - Timeout '0' is invalid. Using default page load timeout: '60'

2022-01-10 15:05:49 - [MESSAGE][PASSED] - Tapped on element 'Object Repository/Mobile/Page/Login/Button - Login'

2022-01-10 15:05:49 - [TEST_STEP][PASSED] - delay(2): Delayed 2 second(s)

2022-01-10 15:05:51 - [MESSAGE][PASSED] - Delayed 2 second(s)

2022-01-10 15:05:51 - [MESSAGE][PASSED] - Call Test Case 'Test Cases/Mobile/Page/Login/Login' successfully

2022-01-10 15:05:51 - [TEST_STEP][PASSED] - callTestCase(findTestCase("Mobile/Page/Run App/Terminate App"), [:], STOP_ON_FAILURE): Call Test Case 'Test Cases/Mobile/Page/Run App/Terminate App' successfully

2022-01-10 15:05:51 - [TEST_CASE][PASSED] - Test Cases/Mobile/Page/Run App/Terminate App: Test Cases/Mobile/Page/Run App/Terminate App

2022-01-10 15:05:51 - [TEST_STEP][PASSED] - startApp.OpenApp.terminateApplication(): startApp.OpenApp.terminateApplication is PASSED

2022-01-10 15:05:55 - [MESSAGE][PASSED] - Delayed 3 second(s)

2022-01-10 15:05:55 - [MESSAGE][PASSED] - Current device physical width is 720

2022-01-10 15:05:55 - [MESSAGE][PASSED] - Current device physical height is 1423

2022-01-10 15:05:57 - [MESSAGE][PASSED] - Swiped from 360,853 to 360,142

2022-01-10 15:05:58 - [MESSAGE][PASSED] - Delayed 1 second(s)

2022-01-10 15:05:59 - [MESSAGE][PASSED] - Swiped from 360,853 to 360,142

2022-01-10 15:06:02 - [MESSAGE][PASSED] - Delayed 3 second(s)

2022-01-10 15:06:02 - [MESSAGE][PASSED] - startApp.OpenApp.terminateApplication is PASSED

2022-01-10 15:06:02 - [MESSAGE][PASSED] - Call Test Case 'Test Cases/Mobile/Page/Run App/Terminate App' successfully]]></system-out>
         <system-err><![CDATA[]]></system-err>
      </testcase>
      <system-out><![CDATA[2022-01-10 15:01:15 - [TEST_SUITE][PASSED] - login: Test Cases/Mobile/Scenario/Login/005 - Login menggunakan username dengan membatalkan fingerprint]]></system-out>
      <system-err><![CDATA[]]></system-err>
   </testsuite>
</testsuites>
