<?xml version="1.0" encoding="UTF-8"?>
<testsuites name="news" time="410.187" tests="5" failures="0" skips="0" errors="0">
   <testsuite name="news" tests="5" failures="0" errors="0" time="410.187" skips="0" timestamp="2022-03-09 08:59:49" hostname="Owner - aldy-tft" id="Test Suites/news">
      <properties>
         <property name="deviceName" value="samsung SM-A205F (Android 11)"/>
         <property name="devicePlatform" value=""/>
         <property name="logFolder" value="C:\\Users\\Owner\\Documents\\kerjaan\\KatalonProject\\qa_katalon_pwm\\qa_katalon_pwm\\Reports\\20220309_085934\\news\\20220309_085937"/>
         <property name="logFiles" value="C:\\Users\\Owner\\Documents\\kerjaan\\KatalonProject\\qa_katalon_pwm\\qa_katalon_pwm\\Reports\\20220309_085934\\news\\20220309_085937\\appium.log, C:\\Users\\Owner\\Documents\\kerjaan\\KatalonProject\\qa_katalon_pwm\\qa_katalon_pwm\\Reports\\20220309_085934\\news\\20220309_085937\\execution0.log"/>
         <property name="attachments" value=""/>
         <property name="hostName" value="Owner - aldy-tft"/>
         <property name="os" value="Windows 10 64bit"/>
         <property name="appiumServerStatus" value="{&quot;value&quot;:{&quot;build&quot;:{&quot;version&quot;:&quot;1.22.0&quot;}},&quot;sessionId&quot;:null,&quot;status&quot;:0}"/>
         <property name="katalonVersion" value="7.9.1.208"/>
         <property name="deviceOS" value="Android"/>
         <property name="appiumVersion" value="1.22.0"/>
         <property name="deviceModel" value="SM-A205F"/>
         <property name="hostAddress" value="192.168.116.52"/>
         <property name="deviceManufacturer" value="samsung"/>
         <property name="deviceId" value="RR8M40C9AXE"/>
         <property name="deviceName" value="samsung SM-A205F (Android 11)"/>
         <property name="deviceOSVersion" value="11"/>
      </properties>
      <testcase name="Test Cases/Mobile/Scenario/News/001 - News World Indices" time="101.004" classname="Test Cases/Mobile/Scenario/News/001 - News World Indices" status="PASSED">
         <system-out><![CDATA[2022-03-09 08:59:50 - [TEST_CASE][PASSED] - Test Cases/Mobile/Scenario/News/001 - News World Indices: Test Cases/Mobile/Scenario/News/001 - News World Indices

2022-03-09 08:59:50 - [TEST_STEP][PASSED] - callTestCase(findTestCase("Mobile/Page/Run App/Run App byID"), [:], STOP_ON_FAILURE): Call Test Case 'Test Cases/Mobile/Page/Run App/Run App byID' successfully

2022-03-09 08:59:50 - [TEST_CASE][PASSED] - Test Cases/Mobile/Page/Run App/Run App byID: Test Cases/Mobile/Page/Run App/Run App byID

2022-03-09 08:59:51 - [TEST_STEP][PASSED] - startApp.OpenApp.startApplication("id.co.miraeasset.sageclub"): startApp.OpenApp.startApplication is PASSED

2022-03-09 08:59:52 - [MESSAGE][INFO] - Appium server started on port 49,905

2022-03-09 09:00:15 - [MESSAGE][PASSED] - Starting app with application ID: 'id.co.miraeasset.sageclub'

2022-03-09 09:00:15 - [MESSAGE][PASSED] - startApp.OpenApp.startApplication is PASSED

2022-03-09 09:00:15 - [MESSAGE][PASSED] - Call Test Case 'Test Cases/Mobile/Page/Run App/Run App byID' successfully

2022-03-09 09:00:15 - [TEST_STEP][PASSED] - callTestCase(findTestCase("Mobile/Page/News/News"), ["tab":"worldindices"], CONTINUE_ON_FAILURE): Call Test Case 'Test Cases/Mobile/Page/News/News' successfully

2022-03-09 09:00:15 - [TEST_CASE][PASSED] - Test Cases/Mobile/Page/News/News: Test Cases/Mobile/Page/News/News

2022-03-09 09:00:16 - [TEST_STEP][PASSED] - callTestCase(findTestCase("Mobile/Page/CheckLogin"), [:], CONTINUE_ON_FAILURE): Call Test Case 'Test Cases/Mobile/Page/CheckLogin' successfully

2022-03-09 09:00:16 - [TEST_CASE][PASSED] - Test Cases/Mobile/Page/CheckLogin: Test Cases/Mobile/Page/CheckLogin

2022-03-09 09:00:16 - [TEST_STEP][PASSED] - loginCheck = verifyElementExist(LOGN_BtnLogin, 5, CONTINUE_ON_FAILURE): Element 'Object Repository/Mobile/Page/Login/Button - Login' is exist

2022-03-09 09:00:16 - [MESSAGE][WARNING] - Test object with id 'Object Repository/Mobile/Page/Analysis/Button - Open With Just Once' does not exist

2022-03-09 09:00:16 - [MESSAGE][WARNING] - Test object with id 'Object Repository/Mobile/Page/Analysis/Button - Search' does not exist

2022-03-09 09:00:18 - [MESSAGE][WARNING] - Test object with id 'Object Repository/Mobile/Page/Home/Button -  Add Watchlist' does not exist

2022-03-09 09:00:18 - [MESSAGE][WARNING] - Test object with id 'Object Repository/Mobile/Page/Home/Button - Open with Just Once' does not exist

2022-03-09 09:00:18 - [MESSAGE][WARNING] - Test object with id 'Object Repository/Mobile/Page/Home/Container - Notification' does not exist

2022-03-09 09:00:18 - [MESSAGE][WARNING] - Test object with id 'Object Repository/Mobile/Page/Home/Watchlist/Input - Search' does not exist

2022-03-09 09:00:18 - [MESSAGE][WARNING] - Test object with id 'Object Repository/Mobile/Page/Home/Watchlist/Item - Top Search' does not exist

2022-03-09 09:00:18 - [MESSAGE][WARNING] - Test object with id 'Object Repository/Mobile/Page/Home/Watchlist/Detail Watchlist/Input - Expiry Date' does not exist

2022-03-09 09:00:19 - [MESSAGE][WARNING] - Test object with id 'Object Repository/Mobile/Page/Home/Watchlist/Detail Watchlist/Item - Watchlist' does not exist

2022-03-09 09:00:19 - [MESSAGE][WARNING] - Test object with id 'Object Repository/Mobile/Page/NavigationMenu/Button - Open Just Once' does not exist

2022-03-09 09:00:19 - [MESSAGE][WARNING] - Test object with id 'Object Repository/Mobile/Page/NavigationMenu/Container - Logout' does not exist

2022-03-09 09:00:23 - [MESSAGE][WARNING] - Test object with id 'Object Repository/Mobile/Page/Analysis/Button - Open With Just Once' does not exist

2022-03-09 09:00:23 - [MESSAGE][WARNING] - Test object with id 'Object Repository/Mobile/Page/Analysis/Button - Search' does not exist

2022-03-09 09:00:24 - [MESSAGE][WARNING] - Test object with id 'Object Repository/Mobile/Page/Home/Button -  Add Watchlist' does not exist

2022-03-09 09:00:24 - [MESSAGE][WARNING] - Test object with id 'Object Repository/Mobile/Page/Home/Button - Open with Just Once' does not exist

2022-03-09 09:00:24 - [MESSAGE][WARNING] - Test object with id 'Object Repository/Mobile/Page/Home/Container - Notification' does not exist

2022-03-09 09:00:24 - [MESSAGE][WARNING] - Test object with id 'Object Repository/Mobile/Page/Home/Watchlist/Input - Search' does not exist

2022-03-09 09:00:24 - [MESSAGE][WARNING] - Test object with id 'Object Repository/Mobile/Page/Home/Watchlist/Item - Top Search' does not exist

2022-03-09 09:00:25 - [MESSAGE][WARNING] - Test object with id 'Object Repository/Mobile/Page/Home/Watchlist/Detail Watchlist/Input - Expiry Date' does not exist

2022-03-09 09:00:25 - [MESSAGE][WARNING] - Test object with id 'Object Repository/Mobile/Page/Home/Watchlist/Detail Watchlist/Item - Watchlist' does not exist

2022-03-09 09:00:25 - [MESSAGE][WARNING] - Test object with id 'Object Repository/Mobile/Page/NavigationMenu/Button - Open Just Once' does not exist

2022-03-09 09:00:26 - [MESSAGE][WARNING] - Test object with id 'Object Repository/Mobile/Page/NavigationMenu/Container - Logout' does not exist

2022-03-09 09:00:29 - [MESSAGE][PASSED] - Element 'Object Repository/Mobile/Page/Login/Button - Login' is exist

2022-03-09 09:00:29 - [TEST_STEP][PASSED] - if (loginCheck): Call Test Case 'Test Cases/Mobile/Page/Login/Login' successfully

2022-03-09 09:00:29 - [TEST_STEP][PASSED] - callTestCase(findTestCase("Mobile/Page/Login/Login"), ["action":"username"], CONTINUE_ON_FAILURE): Call Test Case 'Test Cases/Mobile/Page/Login/Login' successfully

2022-03-09 09:00:29 - [TEST_CASE][PASSED] - Test Cases/Mobile/Page/Login/Login: Test Cases/Mobile/Page/Login/Login

2022-03-09 09:00:30 - [TEST_STEP][PASSED] - delay(2): Delayed 2 second(s)

2022-03-09 09:00:32 - [MESSAGE][PASSED] - Delayed 2 second(s)

2022-03-09 09:00:32 - [TEST_STEP][PASSED] - for ([i = 0, i < 1, (i++)]): null

2022-03-09 09:00:32 - [TEST_STEP][PASSED] - if (action == "username"): null

2022-03-09 09:00:32 - [TEST_STEP][PASSED] - tap(LOGN_EdtUserID, 0): Tapped on element 'Object Repository/Mobile/Page/Login/Input - UserID'

2022-03-09 09:00:32 - [MESSAGE][WARNING] - Timeout '0' is invalid. Using default page load timeout: '60'

2022-03-09 09:00:32 - [MESSAGE][PASSED] - Tapped on element 'Object Repository/Mobile/Page/Login/Input - UserID'

2022-03-09 09:00:32 - [TEST_STEP][PASSED] - delay(1): Delayed 1 second(s)

2022-03-09 09:00:33 - [MESSAGE][PASSED] - Delayed 1 second(s)

2022-03-09 09:00:33 - [TEST_STEP][PASSED] - setText(LOGN_EdtRdyUserID, "anggaaditya", 0): Text 'anggaaditya' has been set to element 'Object Repository/Mobile/Page/Login/Input Rdy - UserID'

2022-03-09 09:00:33 - [MESSAGE][WARNING] - Timeout '0' is invalid. Using default page load timeout: '60'

2022-03-09 09:00:34 - [MESSAGE][PASSED] - Text 'anggaaditya' has been set to element 'Object Repository/Mobile/Page/Login/Input Rdy - UserID'

2022-03-09 09:00:34 - [TEST_STEP][PASSED] - delay(1): Delayed 1 second(s)

2022-03-09 09:00:35 - [MESSAGE][PASSED] - Delayed 1 second(s)

2022-03-09 09:00:35 - [TEST_STEP][PASSED] - hideKeyboard(): Keyboard is hidden

2022-03-09 09:00:44 - [MESSAGE][PASSED] - Keyboard is hidden

2022-03-09 09:00:44 - [TEST_STEP][PASSED] - tap(LOGN_EdtPassword, 0): Tapped on element 'Object Repository/Mobile/Page/Login/Input - Password'

2022-03-09 09:00:44 - [MESSAGE][WARNING] - Timeout '0' is invalid. Using default page load timeout: '60'

2022-03-09 09:00:44 - [MESSAGE][PASSED] - Tapped on element 'Object Repository/Mobile/Page/Login/Input - Password'

2022-03-09 09:00:44 - [TEST_STEP][PASSED] - delay(1): Delayed 1 second(s)

2022-03-09 09:00:45 - [MESSAGE][PASSED] - Delayed 1 second(s)

2022-03-09 09:00:45 - [TEST_STEP][PASSED] - setText(LOGN_EdtRdyPassword, "Shalawa18", 0): Text 'Shalawa18' has been set to element 'Object Repository/Mobile/Page/Login/Input Rdy - Password'

2022-03-09 09:00:45 - [MESSAGE][WARNING] - Timeout '0' is invalid. Using default page load timeout: '60'

2022-03-09 09:00:46 - [MESSAGE][PASSED] - Text 'Shalawa18' has been set to element 'Object Repository/Mobile/Page/Login/Input Rdy - Password'

2022-03-09 09:00:46 - [TEST_STEP][PASSED] - delay(1): Delayed 1 second(s)

2022-03-09 09:00:47 - [MESSAGE][PASSED] - Delayed 1 second(s)

2022-03-09 09:00:47 - [TEST_STEP][PASSED] - hideKeyboard(): Keyboard is hidden

2022-03-09 09:00:55 - [MESSAGE][PASSED] - Keyboard is hidden

2022-03-09 09:00:55 - [TEST_STEP][PASSED] - tap(LOGN_BtnLogin, 0): Tapped on element 'Object Repository/Mobile/Page/Login/Button - Login'

2022-03-09 09:00:55 - [MESSAGE][WARNING] - Timeout '0' is invalid. Using default page load timeout: '60'

2022-03-09 09:00:55 - [MESSAGE][PASSED] - Tapped on element 'Object Repository/Mobile/Page/Login/Button - Login'

2022-03-09 09:00:55 - [TEST_STEP][PASSED] - delay(2): Delayed 2 second(s)

2022-03-09 09:00:57 - [MESSAGE][PASSED] - Delayed 2 second(s)

2022-03-09 09:00:57 - [TEST_STEP][PASSED] - break: null

2022-03-09 09:00:57 - [MESSAGE][PASSED] - Call Test Case 'Test Cases/Mobile/Page/Login/Login' successfully

2022-03-09 09:00:57 - [MESSAGE][PASSED] - Call Test Case 'Test Cases/Mobile/Page/CheckLogin' successfully

2022-03-09 09:00:57 - [TEST_STEP][PASSED] - tap(HOME_MenubarNews, 0): Tapped on element 'Object Repository/Mobile/Page/Home/Menubar - News'

2022-03-09 09:00:57 - [MESSAGE][WARNING] - Timeout '0' is invalid. Using default page load timeout: '60'

2022-03-09 09:01:01 - [MESSAGE][PASSED] - Tapped on element 'Object Repository/Mobile/Page/Home/Menubar - News'

2022-03-09 09:01:01 - [TEST_STEP][PASSED] - delay(1): Delayed 1 second(s)

2022-03-09 09:01:02 - [MESSAGE][PASSED] - Delayed 1 second(s)

2022-03-09 09:01:02 - [TEST_STEP][PASSED] - for ([i = 0, i < 1, (i++)]): null

2022-03-09 09:01:02 - [TEST_STEP][PASSED] - if (tab == "macronews"): null

2022-03-09 09:01:02 - [TEST_STEP][PASSED] - else if (tab == "stocknews"): null

2022-03-09 09:01:02 - [TEST_STEP][PASSED] - else if (tab == "fundnews"): null

2022-03-09 09:01:02 - [TEST_STEP][PASSED] - else if (tab == "bondnews"): null

2022-03-09 09:01:02 - [TEST_STEP][PASSED] - else if (tab == "worldindices"): Delayed 3 second(s)

2022-03-09 09:01:02 - [TEST_STEP][PASSED] - scroll.scroll.scrollScreenRightToLeft(NEWS_TabMacro): scroll.scroll.scrollScreenRightToLeft is PASSED

2022-03-09 09:01:02 - [MESSAGE][WARNING] - Timeout '0' is invalid. Using default page load timeout: '60'

2022-03-09 09:01:03 - [MESSAGE][PASSED] - Object 'Object Repository/Mobile/Page/News/Tab - Macro' has left position '14'

2022-03-09 09:01:03 - [MESSAGE][WARNING] - Timeout '0' is invalid. Using default page load timeout: '60'

2022-03-09 09:01:03 - [MESSAGE][PASSED] - Object 'Object Repository/Mobile/Page/News/Tab - Macro' has top position '245'

2022-03-09 09:01:03 - [MESSAGE][WARNING] - Timeout '0' is invalid. Using default page load timeout: '60'

2022-03-09 09:01:03 - [MESSAGE][PASSED] - Object 'Object Repository/Mobile/Page/News/Tab - Macro' has width: '215'

2022-03-09 09:01:03 - [MESSAGE][WARNING] - Timeout '0' is invalid. Using default page load timeout: '60'

2022-03-09 09:01:03 - [MESSAGE][PASSED] - Object 'Object Repository/Mobile/Page/News/Tab - Macro' has height: '84'

2022-03-09 09:01:03 - [MESSAGE][PASSED] - Current device physical width is 720

2022-03-09 09:01:05 - [MESSAGE][PASSED] - Swiped from 620,287 to 100,287

2022-03-09 09:01:05 - [MESSAGE][PASSED] - scroll.scroll.scrollScreenRightToLeft is PASSED

2022-03-09 09:01:05 - [TEST_STEP][PASSED] - delay(1): Delayed 1 second(s)

2022-03-09 09:01:06 - [MESSAGE][PASSED] - Delayed 1 second(s)

2022-03-09 09:01:06 - [TEST_STEP][PASSED] - tap(NEWS_TabWorldIndices, 0): Tapped on element 'Object Repository/Mobile/Page/News/Tab - World Indices'

2022-03-09 09:01:06 - [MESSAGE][WARNING] - Timeout '0' is invalid. Using default page load timeout: '60'

2022-03-09 09:01:06 - [MESSAGE][PASSED] - Tapped on element 'Object Repository/Mobile/Page/News/Tab - World Indices'

2022-03-09 09:01:06 - [TEST_STEP][PASSED] - delay(1): Delayed 1 second(s)

2022-03-09 09:01:07 - [MESSAGE][PASSED] - Delayed 1 second(s)

2022-03-09 09:01:07 - [TEST_STEP][PASSED] - tap(NEWS_BtnIndices, 0): Tapped on element 'Object Repository/Mobile/Page/News/Button - Indices'

2022-03-09 09:01:07 - [MESSAGE][WARNING] - Timeout '0' is invalid. Using default page load timeout: '60'

2022-03-09 09:01:08 - [MESSAGE][PASSED] - Tapped on element 'Object Repository/Mobile/Page/News/Button - Indices'

2022-03-09 09:01:08 - [TEST_STEP][PASSED] - delay(3): Delayed 3 second(s)

2022-03-09 09:01:11 - [MESSAGE][PASSED] - Delayed 3 second(s)

2022-03-09 09:01:11 - [TEST_STEP][PASSED] - tap(NEWS_BtnCurrencies, 0): Tapped on element 'Object Repository/Mobile/Page/News/Button - Currencies'

2022-03-09 09:01:11 - [MESSAGE][WARNING] - Timeout '0' is invalid. Using default page load timeout: '60'

2022-03-09 09:01:12 - [MESSAGE][PASSED] - Tapped on element 'Object Repository/Mobile/Page/News/Button - Currencies'

2022-03-09 09:01:12 - [TEST_STEP][PASSED] - delay(3): Delayed 3 second(s)

2022-03-09 09:01:15 - [MESSAGE][PASSED] - Delayed 3 second(s)

2022-03-09 09:01:15 - [TEST_STEP][PASSED] - tap(NEWS_BtnCommodities, 0): Tapped on element 'Object Repository/Mobile/Page/News/Button - Commodities'

2022-03-09 09:01:15 - [MESSAGE][WARNING] - Timeout '0' is invalid. Using default page load timeout: '60'

2022-03-09 09:01:16 - [MESSAGE][PASSED] - Tapped on element 'Object Repository/Mobile/Page/News/Button - Commodities'

2022-03-09 09:01:16 - [TEST_STEP][PASSED] - delay(3): Delayed 3 second(s)

2022-03-09 09:01:19 - [MESSAGE][PASSED] - Delayed 3 second(s)

2022-03-09 09:01:19 - [TEST_STEP][PASSED] - delay(1): Delayed 1 second(s)

2022-03-09 09:01:20 - [MESSAGE][PASSED] - Delayed 1 second(s)

2022-03-09 09:01:20 - [TEST_STEP][PASSED] - if (tab != "worldindices"): null

2022-03-09 09:01:20 - [MESSAGE][PASSED] - Call Test Case 'Test Cases/Mobile/Page/News/News' successfully

2022-03-09 09:01:20 - [TEST_STEP][PASSED] - callTestCase(findTestCase("Mobile/Page/Run App/Terminate App"), [:], STOP_ON_FAILURE): Call Test Case 'Test Cases/Mobile/Page/Run App/Terminate App' successfully

2022-03-09 09:01:20 - [TEST_CASE][PASSED] - Test Cases/Mobile/Page/Run App/Terminate App: Test Cases/Mobile/Page/Run App/Terminate App

2022-03-09 09:01:20 - [TEST_STEP][PASSED] - startApp.OpenApp.terminateApplication(): startApp.OpenApp.terminateApplication is PASSED

2022-03-09 09:01:24 - [MESSAGE][PASSED] - Delayed 3 second(s)

2022-03-09 09:01:24 - [MESSAGE][PASSED] - Current device physical width is 720

2022-03-09 09:01:24 - [MESSAGE][PASSED] - Current device physical height is 1423

2022-03-09 09:01:25 - [MESSAGE][PASSED] - Swiped from 360,853 to 360,142

2022-03-09 09:01:26 - [MESSAGE][PASSED] - Delayed 1 second(s)

2022-03-09 09:01:28 - [MESSAGE][PASSED] - Swiped from 360,853 to 360,142

2022-03-09 09:01:31 - [MESSAGE][PASSED] - Delayed 3 second(s)

2022-03-09 09:01:31 - [MESSAGE][PASSED] - startApp.OpenApp.terminateApplication is PASSED

2022-03-09 09:01:31 - [MESSAGE][PASSED] - Call Test Case 'Test Cases/Mobile/Page/Run App/Terminate App' successfully]]></system-out>
         <system-err><![CDATA[]]></system-err>
      </testcase>
      <testcase name="Test Cases/Mobile/Scenario/News/002 - News Stock" time="91.572" classname="Test Cases/Mobile/Scenario/News/002 - News Stock" status="PASSED">
         <system-out><![CDATA[2022-03-09 09:01:31 - [TEST_CASE][PASSED] - Test Cases/Mobile/Scenario/News/002 - News Stock: Test Cases/Mobile/Scenario/News/002 - News Stock

2022-03-09 09:01:31 - [TEST_STEP][PASSED] - callTestCase(findTestCase("Mobile/Page/Run App/Run App byID"), [:], STOP_ON_FAILURE): Call Test Case 'Test Cases/Mobile/Page/Run App/Run App byID' successfully

2022-03-09 09:01:31 - [TEST_CASE][PASSED] - Test Cases/Mobile/Page/Run App/Run App byID: Test Cases/Mobile/Page/Run App/Run App byID

2022-03-09 09:01:31 - [TEST_STEP][PASSED] - startApp.OpenApp.startApplication("id.co.miraeasset.sageclub"): startApp.OpenApp.startApplication is PASSED

2022-03-09 09:02:10 - [MESSAGE][PASSED] - Starting app with application ID: 'id.co.miraeasset.sageclub'

2022-03-09 09:02:10 - [MESSAGE][PASSED] - startApp.OpenApp.startApplication is PASSED

2022-03-09 09:02:10 - [MESSAGE][PASSED] - Call Test Case 'Test Cases/Mobile/Page/Run App/Run App byID' successfully

2022-03-09 09:02:10 - [TEST_STEP][PASSED] - callTestCase(findTestCase("Mobile/Page/News/News"), ["tab":"stocknews"], CONTINUE_ON_FAILURE): Call Test Case 'Test Cases/Mobile/Page/News/News' successfully

2022-03-09 09:02:10 - [TEST_CASE][PASSED] - Test Cases/Mobile/Page/News/News: Test Cases/Mobile/Page/News/News

2022-03-09 09:02:10 - [TEST_STEP][PASSED] - callTestCase(findTestCase("Mobile/Page/CheckLogin"), [:], CONTINUE_ON_FAILURE): Call Test Case 'Test Cases/Mobile/Page/CheckLogin' successfully

2022-03-09 09:02:10 - [TEST_CASE][PASSED] - Test Cases/Mobile/Page/CheckLogin: Test Cases/Mobile/Page/CheckLogin

2022-03-09 09:02:10 - [TEST_STEP][PASSED] - loginCheck = verifyElementExist(LOGN_BtnLogin, 5, CONTINUE_ON_FAILURE): Element 'Object Repository/Mobile/Page/Login/Button - Login' is exist

2022-03-09 09:02:12 - [MESSAGE][PASSED] - Element 'Object Repository/Mobile/Page/Login/Button - Login' is exist

2022-03-09 09:02:12 - [TEST_STEP][PASSED] - if (loginCheck): Call Test Case 'Test Cases/Mobile/Page/Login/Login' successfully

2022-03-09 09:02:12 - [TEST_STEP][PASSED] - callTestCase(findTestCase("Mobile/Page/Login/Login"), ["action":"username"], CONTINUE_ON_FAILURE): Call Test Case 'Test Cases/Mobile/Page/Login/Login' successfully

2022-03-09 09:02:12 - [TEST_CASE][PASSED] - Test Cases/Mobile/Page/Login/Login: Test Cases/Mobile/Page/Login/Login

2022-03-09 09:02:12 - [TEST_STEP][PASSED] - delay(2): Delayed 2 second(s)

2022-03-09 09:02:14 - [MESSAGE][PASSED] - Delayed 2 second(s)

2022-03-09 09:02:14 - [TEST_STEP][PASSED] - for ([i = 0, i < 1, (i++)]): null

2022-03-09 09:02:14 - [TEST_STEP][PASSED] - if (action == "username"): null

2022-03-09 09:02:14 - [TEST_STEP][PASSED] - tap(LOGN_EdtUserID, 0): Tapped on element 'Object Repository/Mobile/Page/Login/Input - UserID'

2022-03-09 09:02:14 - [MESSAGE][WARNING] - Timeout '0' is invalid. Using default page load timeout: '60'

2022-03-09 09:02:15 - [MESSAGE][PASSED] - Tapped on element 'Object Repository/Mobile/Page/Login/Input - UserID'

2022-03-09 09:02:15 - [TEST_STEP][PASSED] - delay(1): Delayed 1 second(s)

2022-03-09 09:02:16 - [MESSAGE][PASSED] - Delayed 1 second(s)

2022-03-09 09:02:16 - [TEST_STEP][PASSED] - setText(LOGN_EdtRdyUserID, "anggaaditya", 0): Text 'anggaaditya' has been set to element 'Object Repository/Mobile/Page/Login/Input Rdy - UserID'

2022-03-09 09:02:16 - [MESSAGE][WARNING] - Timeout '0' is invalid. Using default page load timeout: '60'

2022-03-09 09:02:17 - [MESSAGE][PASSED] - Text 'anggaaditya' has been set to element 'Object Repository/Mobile/Page/Login/Input Rdy - UserID'

2022-03-09 09:02:17 - [TEST_STEP][PASSED] - delay(1): Delayed 1 second(s)

2022-03-09 09:02:18 - [MESSAGE][PASSED] - Delayed 1 second(s)

2022-03-09 09:02:18 - [TEST_STEP][PASSED] - hideKeyboard(): Keyboard is hidden

2022-03-09 09:02:25 - [MESSAGE][PASSED] - Keyboard is hidden

2022-03-09 09:02:25 - [TEST_STEP][PASSED] - tap(LOGN_EdtPassword, 0): Tapped on element 'Object Repository/Mobile/Page/Login/Input - Password'

2022-03-09 09:02:25 - [MESSAGE][WARNING] - Timeout '0' is invalid. Using default page load timeout: '60'

2022-03-09 09:02:26 - [MESSAGE][PASSED] - Tapped on element 'Object Repository/Mobile/Page/Login/Input - Password'

2022-03-09 09:02:26 - [TEST_STEP][PASSED] - delay(1): Delayed 1 second(s)

2022-03-09 09:02:27 - [MESSAGE][PASSED] - Delayed 1 second(s)

2022-03-09 09:02:27 - [TEST_STEP][PASSED] - setText(LOGN_EdtRdyPassword, "Shalawa18", 0): Text 'Shalawa18' has been set to element 'Object Repository/Mobile/Page/Login/Input Rdy - Password'

2022-03-09 09:02:27 - [MESSAGE][WARNING] - Timeout '0' is invalid. Using default page load timeout: '60'

2022-03-09 09:02:27 - [MESSAGE][PASSED] - Text 'Shalawa18' has been set to element 'Object Repository/Mobile/Page/Login/Input Rdy - Password'

2022-03-09 09:02:27 - [TEST_STEP][PASSED] - delay(1): Delayed 1 second(s)

2022-03-09 09:02:28 - [MESSAGE][PASSED] - Delayed 1 second(s)

2022-03-09 09:02:28 - [TEST_STEP][PASSED] - hideKeyboard(): Keyboard is hidden

2022-03-09 09:02:36 - [MESSAGE][PASSED] - Keyboard is hidden

2022-03-09 09:02:36 - [TEST_STEP][PASSED] - tap(LOGN_BtnLogin, 0): Tapped on element 'Object Repository/Mobile/Page/Login/Button - Login'

2022-03-09 09:02:36 - [MESSAGE][WARNING] - Timeout '0' is invalid. Using default page load timeout: '60'

2022-03-09 09:02:37 - [MESSAGE][PASSED] - Tapped on element 'Object Repository/Mobile/Page/Login/Button - Login'

2022-03-09 09:02:37 - [TEST_STEP][PASSED] - delay(2): Delayed 2 second(s)

2022-03-09 09:02:39 - [MESSAGE][PASSED] - Delayed 2 second(s)

2022-03-09 09:02:39 - [TEST_STEP][PASSED] - break: null

2022-03-09 09:02:39 - [MESSAGE][PASSED] - Call Test Case 'Test Cases/Mobile/Page/Login/Login' successfully

2022-03-09 09:02:39 - [MESSAGE][PASSED] - Call Test Case 'Test Cases/Mobile/Page/CheckLogin' successfully

2022-03-09 09:02:39 - [TEST_STEP][PASSED] - tap(HOME_MenubarNews, 0): Tapped on element 'Object Repository/Mobile/Page/Home/Menubar - News'

2022-03-09 09:02:39 - [MESSAGE][WARNING] - Timeout '0' is invalid. Using default page load timeout: '60'

2022-03-09 09:02:40 - [MESSAGE][PASSED] - Tapped on element 'Object Repository/Mobile/Page/Home/Menubar - News'

2022-03-09 09:02:40 - [TEST_STEP][PASSED] - delay(1): Delayed 1 second(s)

2022-03-09 09:02:41 - [MESSAGE][PASSED] - Delayed 1 second(s)

2022-03-09 09:02:41 - [TEST_STEP][PASSED] - for ([i = 0, i < 1, (i++)]): Delayed 3 second(s)

2022-03-09 09:02:41 - [TEST_STEP][PASSED] - if (tab == "macronews"): null

2022-03-09 09:02:41 - [TEST_STEP][PASSED] - else if (tab == "stocknews"): Tapped on element 'Object Repository/Mobile/Page/News/Tab - Stock'

2022-03-09 09:02:41 - [TEST_STEP][PASSED] - tap(NEWS_TabStock, 0): Tapped on element 'Object Repository/Mobile/Page/News/Tab - Stock'

2022-03-09 09:02:41 - [MESSAGE][WARNING] - Timeout '0' is invalid. Using default page load timeout: '60'

2022-03-09 09:02:42 - [MESSAGE][PASSED] - Tapped on element 'Object Repository/Mobile/Page/News/Tab - Stock'

2022-03-09 09:02:42 - [TEST_STEP][PASSED] - delay(1): Delayed 1 second(s)

2022-03-09 09:02:43 - [MESSAGE][PASSED] - Delayed 1 second(s)

2022-03-09 09:02:43 - [TEST_STEP][PASSED] - if (tab != "worldindices"): Delayed 3 second(s)

2022-03-09 09:02:43 - [TEST_STEP][PASSED] - try: Delayed 3 second(s)

2022-03-09 09:02:43 - [TEST_STEP][PASSED] - tapAndHold(NEWS_ItemTopNews, 1, 10): Tapped and held on element 'Object Repository/Mobile/Page/News/Item - Top News' with duration 1

2022-03-09 09:02:46 - [MESSAGE][PASSED] - Tapped and held on element 'Object Repository/Mobile/Page/News/Item - Top News' with duration 1

2022-03-09 09:02:46 - [TEST_STEP][PASSED] - delay(1): Delayed 1 second(s)

2022-03-09 09:02:47 - [MESSAGE][PASSED] - Delayed 1 second(s)

2022-03-09 09:02:47 - [TEST_STEP][PASSED] - scroll.scroll.scrollScreenBottomToTop(): scroll.scroll.scrollScreenBottomToTop is PASSED

2022-03-09 09:02:47 - [MESSAGE][PASSED] - Current device physical height is 1423

2022-03-09 09:02:48 - [MESSAGE][PASSED] - Current device physical width is 720

2022-03-09 09:02:49 - [MESSAGE][PASSED] - Swiped from 360,1,138 to 360,284

2022-03-09 09:02:49 - [MESSAGE][PASSED] - scroll.scroll.scrollScreenBottomToTop is PASSED

2022-03-09 09:02:49 - [TEST_STEP][PASSED] - delay(3): Delayed 3 second(s)

2022-03-09 09:02:52 - [MESSAGE][PASSED] - Delayed 3 second(s)

2022-03-09 09:02:52 - [MESSAGE][PASSED] - Call Test Case 'Test Cases/Mobile/Page/News/News' successfully

2022-03-09 09:02:52 - [TEST_STEP][PASSED] - callTestCase(findTestCase("Mobile/Page/Run App/Terminate App"), [:], STOP_ON_FAILURE): Call Test Case 'Test Cases/Mobile/Page/Run App/Terminate App' successfully

2022-03-09 09:02:52 - [TEST_CASE][PASSED] - Test Cases/Mobile/Page/Run App/Terminate App: Test Cases/Mobile/Page/Run App/Terminate App

2022-03-09 09:02:52 - [TEST_STEP][PASSED] - startApp.OpenApp.terminateApplication(): startApp.OpenApp.terminateApplication is PASSED

2022-03-09 09:02:55 - [MESSAGE][PASSED] - Delayed 3 second(s)

2022-03-09 09:02:56 - [MESSAGE][PASSED] - Current device physical width is 720

2022-03-09 09:02:56 - [MESSAGE][PASSED] - Current device physical height is 1423

2022-03-09 09:02:57 - [MESSAGE][PASSED] - Swiped from 360,853 to 360,142

2022-03-09 09:02:58 - [MESSAGE][PASSED] - Delayed 1 second(s)

2022-03-09 09:02:59 - [MESSAGE][PASSED] - Swiped from 360,853 to 360,142

2022-03-09 09:03:02 - [MESSAGE][PASSED] - Delayed 3 second(s)

2022-03-09 09:03:02 - [MESSAGE][PASSED] - startApp.OpenApp.terminateApplication is PASSED

2022-03-09 09:03:02 - [MESSAGE][PASSED] - Call Test Case 'Test Cases/Mobile/Page/Run App/Terminate App' successfully]]></system-out>
         <system-err><![CDATA[]]></system-err>
      </testcase>
      <testcase name="Test Cases/Mobile/Scenario/News/003 - News Fund" time="74.161" classname="Test Cases/Mobile/Scenario/News/003 - News Fund" status="PASSED">
         <system-out><![CDATA[2022-03-09 09:03:02 - [TEST_CASE][PASSED] - Test Cases/Mobile/Scenario/News/003 - News Fund: Test Cases/Mobile/Scenario/News/003 - News Fund

2022-03-09 09:03:03 - [TEST_STEP][PASSED] - callTestCase(findTestCase("Mobile/Page/Run App/Run App byID"), [:], STOP_ON_FAILURE): Call Test Case 'Test Cases/Mobile/Page/Run App/Run App byID' successfully

2022-03-09 09:03:03 - [TEST_CASE][PASSED] - Test Cases/Mobile/Page/Run App/Run App byID: Test Cases/Mobile/Page/Run App/Run App byID

2022-03-09 09:03:03 - [TEST_STEP][PASSED] - startApp.OpenApp.startApplication("id.co.miraeasset.sageclub"): startApp.OpenApp.startApplication is PASSED

2022-03-09 09:03:21 - [MESSAGE][PASSED] - Starting app with application ID: 'id.co.miraeasset.sageclub'

2022-03-09 09:03:21 - [MESSAGE][PASSED] - startApp.OpenApp.startApplication is PASSED

2022-03-09 09:03:21 - [MESSAGE][PASSED] - Call Test Case 'Test Cases/Mobile/Page/Run App/Run App byID' successfully

2022-03-09 09:03:21 - [TEST_STEP][PASSED] - callTestCase(findTestCase("Mobile/Page/News/News"), ["tab":"fundnews"], CONTINUE_ON_FAILURE): Call Test Case 'Test Cases/Mobile/Page/News/News' successfully

2022-03-09 09:03:21 - [TEST_CASE][PASSED] - Test Cases/Mobile/Page/News/News: Test Cases/Mobile/Page/News/News

2022-03-09 09:03:21 - [TEST_STEP][PASSED] - callTestCase(findTestCase("Mobile/Page/CheckLogin"), [:], CONTINUE_ON_FAILURE): Call Test Case 'Test Cases/Mobile/Page/CheckLogin' successfully

2022-03-09 09:03:21 - [TEST_CASE][PASSED] - Test Cases/Mobile/Page/CheckLogin: Test Cases/Mobile/Page/CheckLogin

2022-03-09 09:03:21 - [TEST_STEP][PASSED] - loginCheck = verifyElementExist(LOGN_BtnLogin, 5, CONTINUE_ON_FAILURE): Element 'Object Repository/Mobile/Page/Login/Button - Login' is exist

2022-03-09 09:03:23 - [MESSAGE][PASSED] - Element 'Object Repository/Mobile/Page/Login/Button - Login' is exist

2022-03-09 09:03:23 - [TEST_STEP][PASSED] - if (loginCheck): Call Test Case 'Test Cases/Mobile/Page/Login/Login' successfully

2022-03-09 09:03:23 - [TEST_STEP][PASSED] - callTestCase(findTestCase("Mobile/Page/Login/Login"), ["action":"username"], CONTINUE_ON_FAILURE): Call Test Case 'Test Cases/Mobile/Page/Login/Login' successfully

2022-03-09 09:03:23 - [TEST_CASE][PASSED] - Test Cases/Mobile/Page/Login/Login: Test Cases/Mobile/Page/Login/Login

2022-03-09 09:03:23 - [TEST_STEP][PASSED] - delay(2): Delayed 2 second(s)

2022-03-09 09:03:25 - [MESSAGE][PASSED] - Delayed 2 second(s)

2022-03-09 09:03:25 - [TEST_STEP][PASSED] - for ([i = 0, i < 1, (i++)]): null

2022-03-09 09:03:25 - [TEST_STEP][PASSED] - if (action == "username"): null

2022-03-09 09:03:25 - [TEST_STEP][PASSED] - tap(LOGN_EdtUserID, 0): Tapped on element 'Object Repository/Mobile/Page/Login/Input - UserID'

2022-03-09 09:03:25 - [MESSAGE][WARNING] - Timeout '0' is invalid. Using default page load timeout: '60'

2022-03-09 09:03:26 - [MESSAGE][PASSED] - Tapped on element 'Object Repository/Mobile/Page/Login/Input - UserID'

2022-03-09 09:03:26 - [TEST_STEP][PASSED] - delay(1): Delayed 1 second(s)

2022-03-09 09:03:27 - [MESSAGE][PASSED] - Delayed 1 second(s)

2022-03-09 09:03:27 - [TEST_STEP][PASSED] - setText(LOGN_EdtRdyUserID, "anggaaditya", 0): Text 'anggaaditya' has been set to element 'Object Repository/Mobile/Page/Login/Input Rdy - UserID'

2022-03-09 09:03:27 - [MESSAGE][WARNING] - Timeout '0' is invalid. Using default page load timeout: '60'

2022-03-09 09:03:28 - [MESSAGE][PASSED] - Text 'anggaaditya' has been set to element 'Object Repository/Mobile/Page/Login/Input Rdy - UserID'

2022-03-09 09:03:28 - [TEST_STEP][PASSED] - delay(1): Delayed 1 second(s)

2022-03-09 09:03:29 - [MESSAGE][PASSED] - Delayed 1 second(s)

2022-03-09 09:03:29 - [TEST_STEP][PASSED] - hideKeyboard(): Keyboard is hidden

2022-03-09 09:03:37 - [MESSAGE][PASSED] - Keyboard is hidden

2022-03-09 09:03:37 - [TEST_STEP][PASSED] - tap(LOGN_EdtPassword, 0): Tapped on element 'Object Repository/Mobile/Page/Login/Input - Password'

2022-03-09 09:03:37 - [MESSAGE][WARNING] - Timeout '0' is invalid. Using default page load timeout: '60'

2022-03-09 09:03:37 - [MESSAGE][PASSED] - Tapped on element 'Object Repository/Mobile/Page/Login/Input - Password'

2022-03-09 09:03:37 - [TEST_STEP][PASSED] - delay(1): Delayed 1 second(s)

2022-03-09 09:03:38 - [MESSAGE][PASSED] - Delayed 1 second(s)

2022-03-09 09:03:38 - [TEST_STEP][PASSED] - setText(LOGN_EdtRdyPassword, "Shalawa18", 0): Text 'Shalawa18' has been set to element 'Object Repository/Mobile/Page/Login/Input Rdy - Password'

2022-03-09 09:03:38 - [MESSAGE][WARNING] - Timeout '0' is invalid. Using default page load timeout: '60'

2022-03-09 09:03:38 - [MESSAGE][PASSED] - Text 'Shalawa18' has been set to element 'Object Repository/Mobile/Page/Login/Input Rdy - Password'

2022-03-09 09:03:38 - [TEST_STEP][PASSED] - delay(1): Delayed 1 second(s)

2022-03-09 09:03:39 - [MESSAGE][PASSED] - Delayed 1 second(s)

2022-03-09 09:03:39 - [TEST_STEP][PASSED] - hideKeyboard(): Keyboard is hidden

2022-03-09 09:03:48 - [MESSAGE][PASSED] - Keyboard is hidden

2022-03-09 09:03:48 - [TEST_STEP][PASSED] - tap(LOGN_BtnLogin, 0): Tapped on element 'Object Repository/Mobile/Page/Login/Button - Login'

2022-03-09 09:03:48 - [MESSAGE][WARNING] - Timeout '0' is invalid. Using default page load timeout: '60'

2022-03-09 09:03:49 - [MESSAGE][PASSED] - Tapped on element 'Object Repository/Mobile/Page/Login/Button - Login'

2022-03-09 09:03:49 - [TEST_STEP][PASSED] - delay(2): Delayed 2 second(s)

2022-03-09 09:03:51 - [MESSAGE][PASSED] - Delayed 2 second(s)

2022-03-09 09:03:51 - [TEST_STEP][PASSED] - break: null

2022-03-09 09:03:51 - [MESSAGE][PASSED] - Call Test Case 'Test Cases/Mobile/Page/Login/Login' successfully

2022-03-09 09:03:51 - [MESSAGE][PASSED] - Call Test Case 'Test Cases/Mobile/Page/CheckLogin' successfully

2022-03-09 09:03:51 - [TEST_STEP][PASSED] - tap(HOME_MenubarNews, 0): Tapped on element 'Object Repository/Mobile/Page/Home/Menubar - News'

2022-03-09 09:03:51 - [MESSAGE][WARNING] - Timeout '0' is invalid. Using default page load timeout: '60'

2022-03-09 09:03:54 - [MESSAGE][PASSED] - Tapped on element 'Object Repository/Mobile/Page/Home/Menubar - News'

2022-03-09 09:03:54 - [TEST_STEP][PASSED] - delay(1): Delayed 1 second(s)

2022-03-09 09:03:55 - [MESSAGE][PASSED] - Delayed 1 second(s)

2022-03-09 09:03:55 - [TEST_STEP][PASSED] - for ([i = 0, i < 1, (i++)]): Delayed 3 second(s)

2022-03-09 09:03:55 - [TEST_STEP][PASSED] - if (tab == "macronews"): null

2022-03-09 09:03:55 - [TEST_STEP][PASSED] - else if (tab == "stocknews"): null

2022-03-09 09:03:55 - [TEST_STEP][PASSED] - else if (tab == "fundnews"): Tapped on element 'Object Repository/Mobile/Page/News/Tab - Fund'

2022-03-09 09:03:55 - [TEST_STEP][PASSED] - tap(NEWS_TabFund, 0): Tapped on element 'Object Repository/Mobile/Page/News/Tab - Fund'

2022-03-09 09:03:55 - [MESSAGE][WARNING] - Timeout '0' is invalid. Using default page load timeout: '60'

2022-03-09 09:03:57 - [MESSAGE][PASSED] - Tapped on element 'Object Repository/Mobile/Page/News/Tab - Fund'

2022-03-09 09:03:57 - [TEST_STEP][PASSED] - delay(1): Delayed 1 second(s)

2022-03-09 09:03:58 - [MESSAGE][PASSED] - Delayed 1 second(s)

2022-03-09 09:03:58 - [TEST_STEP][PASSED] - if (tab != "worldindices"): Delayed 3 second(s)

2022-03-09 09:03:58 - [TEST_STEP][PASSED] - try: Delayed 3 second(s)

2022-03-09 09:03:58 - [TEST_STEP][PASSED] - tapAndHold(NEWS_ItemTopNews, 1, 10): Tapped and held on element 'Object Repository/Mobile/Page/News/Item - Top News' with duration 1

2022-03-09 09:04:01 - [MESSAGE][PASSED] - Tapped and held on element 'Object Repository/Mobile/Page/News/Item - Top News' with duration 1

2022-03-09 09:04:01 - [TEST_STEP][PASSED] - delay(1): Delayed 1 second(s)

2022-03-09 09:04:02 - [MESSAGE][PASSED] - Delayed 1 second(s)

2022-03-09 09:04:02 - [TEST_STEP][PASSED] - scroll.scroll.scrollScreenBottomToTop(): scroll.scroll.scrollScreenBottomToTop is PASSED

2022-03-09 09:04:02 - [MESSAGE][PASSED] - Current device physical height is 1423

2022-03-09 09:04:02 - [MESSAGE][PASSED] - Current device physical width is 720

2022-03-09 09:04:03 - [MESSAGE][PASSED] - Swiped from 360,1,138 to 360,284

2022-03-09 09:04:03 - [MESSAGE][PASSED] - scroll.scroll.scrollScreenBottomToTop is PASSED

2022-03-09 09:04:03 - [TEST_STEP][PASSED] - delay(3): Delayed 3 second(s)

2022-03-09 09:04:06 - [MESSAGE][PASSED] - Delayed 3 second(s)

2022-03-09 09:04:06 - [MESSAGE][PASSED] - Call Test Case 'Test Cases/Mobile/Page/News/News' successfully

2022-03-09 09:04:06 - [TEST_STEP][PASSED] - callTestCase(findTestCase("Mobile/Page/Run App/Terminate App"), [:], STOP_ON_FAILURE): Call Test Case 'Test Cases/Mobile/Page/Run App/Terminate App' successfully

2022-03-09 09:04:06 - [TEST_CASE][PASSED] - Test Cases/Mobile/Page/Run App/Terminate App: Test Cases/Mobile/Page/Run App/Terminate App

2022-03-09 09:04:06 - [TEST_STEP][PASSED] - startApp.OpenApp.terminateApplication(): startApp.OpenApp.terminateApplication is PASSED

2022-03-09 09:04:09 - [MESSAGE][PASSED] - Delayed 3 second(s)

2022-03-09 09:04:10 - [MESSAGE][PASSED] - Current device physical width is 720

2022-03-09 09:04:10 - [MESSAGE][PASSED] - Current device physical height is 1423

2022-03-09 09:04:11 - [MESSAGE][PASSED] - Swiped from 360,853 to 360,142

2022-03-09 09:04:12 - [MESSAGE][PASSED] - Delayed 1 second(s)

2022-03-09 09:04:13 - [MESSAGE][PASSED] - Swiped from 360,853 to 360,142

2022-03-09 09:04:17 - [MESSAGE][PASSED] - Delayed 3 second(s)

2022-03-09 09:04:17 - [MESSAGE][PASSED] - startApp.OpenApp.terminateApplication is PASSED

2022-03-09 09:04:17 - [MESSAGE][PASSED] - Call Test Case 'Test Cases/Mobile/Page/Run App/Terminate App' successfully]]></system-out>
         <system-err><![CDATA[]]></system-err>
      </testcase>
      <testcase name="Test Cases/Mobile/Scenario/News/004 - Bond News" time="74.876" classname="Test Cases/Mobile/Scenario/News/004 - Bond News" status="PASSED">
         <system-out><![CDATA[2022-03-09 09:04:17 - [TEST_CASE][PASSED] - Test Cases/Mobile/Scenario/News/004 - Bond News: Test Cases/Mobile/Scenario/News/004 - Bond News

2022-03-09 09:04:17 - [TEST_STEP][PASSED] - callTestCase(findTestCase("Mobile/Page/Run App/Run App byID"), [:], STOP_ON_FAILURE): Call Test Case 'Test Cases/Mobile/Page/Run App/Run App byID' successfully

2022-03-09 09:04:17 - [TEST_CASE][PASSED] - Test Cases/Mobile/Page/Run App/Run App byID: Test Cases/Mobile/Page/Run App/Run App byID

2022-03-09 09:04:17 - [TEST_STEP][PASSED] - startApp.OpenApp.startApplication("id.co.miraeasset.sageclub"): startApp.OpenApp.startApplication is PASSED

2022-03-09 09:04:32 - [MESSAGE][PASSED] - Starting app with application ID: 'id.co.miraeasset.sageclub'

2022-03-09 09:04:32 - [MESSAGE][PASSED] - startApp.OpenApp.startApplication is PASSED

2022-03-09 09:04:32 - [MESSAGE][PASSED] - Call Test Case 'Test Cases/Mobile/Page/Run App/Run App byID' successfully

2022-03-09 09:04:32 - [TEST_STEP][PASSED] - callTestCase(findTestCase("Mobile/Page/News/News"), ["tab":"bondnews"], CONTINUE_ON_FAILURE): Call Test Case 'Test Cases/Mobile/Page/News/News' successfully

2022-03-09 09:04:32 - [TEST_CASE][PASSED] - Test Cases/Mobile/Page/News/News: Test Cases/Mobile/Page/News/News

2022-03-09 09:04:32 - [TEST_STEP][PASSED] - callTestCase(findTestCase("Mobile/Page/CheckLogin"), [:], CONTINUE_ON_FAILURE): Call Test Case 'Test Cases/Mobile/Page/CheckLogin' successfully

2022-03-09 09:04:32 - [TEST_CASE][PASSED] - Test Cases/Mobile/Page/CheckLogin: Test Cases/Mobile/Page/CheckLogin

2022-03-09 09:04:32 - [TEST_STEP][PASSED] - loginCheck = verifyElementExist(LOGN_BtnLogin, 5, CONTINUE_ON_FAILURE): Element 'Object Repository/Mobile/Page/Login/Button - Login' is exist

2022-03-09 09:04:34 - [MESSAGE][PASSED] - Element 'Object Repository/Mobile/Page/Login/Button - Login' is exist

2022-03-09 09:04:34 - [TEST_STEP][PASSED] - if (loginCheck): Call Test Case 'Test Cases/Mobile/Page/Login/Login' successfully

2022-03-09 09:04:34 - [TEST_STEP][PASSED] - callTestCase(findTestCase("Mobile/Page/Login/Login"), ["action":"username"], CONTINUE_ON_FAILURE): Call Test Case 'Test Cases/Mobile/Page/Login/Login' successfully

2022-03-09 09:04:34 - [TEST_CASE][PASSED] - Test Cases/Mobile/Page/Login/Login: Test Cases/Mobile/Page/Login/Login

2022-03-09 09:04:34 - [TEST_STEP][PASSED] - delay(2): Delayed 2 second(s)

2022-03-09 09:04:36 - [MESSAGE][PASSED] - Delayed 2 second(s)

2022-03-09 09:04:36 - [TEST_STEP][PASSED] - for ([i = 0, i < 1, (i++)]): null

2022-03-09 09:04:36 - [TEST_STEP][PASSED] - if (action == "username"): null

2022-03-09 09:04:36 - [TEST_STEP][PASSED] - tap(LOGN_EdtUserID, 0): Tapped on element 'Object Repository/Mobile/Page/Login/Input - UserID'

2022-03-09 09:04:36 - [MESSAGE][WARNING] - Timeout '0' is invalid. Using default page load timeout: '60'

2022-03-09 09:04:37 - [MESSAGE][PASSED] - Tapped on element 'Object Repository/Mobile/Page/Login/Input - UserID'

2022-03-09 09:04:37 - [TEST_STEP][PASSED] - delay(1): Delayed 1 second(s)

2022-03-09 09:04:38 - [MESSAGE][PASSED] - Delayed 1 second(s)

2022-03-09 09:04:38 - [TEST_STEP][PASSED] - setText(LOGN_EdtRdyUserID, "anggaaditya", 0): Text 'anggaaditya' has been set to element 'Object Repository/Mobile/Page/Login/Input Rdy - UserID'

2022-03-09 09:04:38 - [MESSAGE][WARNING] - Timeout '0' is invalid. Using default page load timeout: '60'

2022-03-09 09:04:38 - [MESSAGE][PASSED] - Text 'anggaaditya' has been set to element 'Object Repository/Mobile/Page/Login/Input Rdy - UserID'

2022-03-09 09:04:38 - [TEST_STEP][PASSED] - delay(1): Delayed 1 second(s)

2022-03-09 09:04:39 - [MESSAGE][PASSED] - Delayed 1 second(s)

2022-03-09 09:04:39 - [TEST_STEP][PASSED] - hideKeyboard(): Keyboard is hidden

2022-03-09 09:04:48 - [MESSAGE][PASSED] - Keyboard is hidden

2022-03-09 09:04:48 - [TEST_STEP][PASSED] - tap(LOGN_EdtPassword, 0): Tapped on element 'Object Repository/Mobile/Page/Login/Input - Password'

2022-03-09 09:04:48 - [MESSAGE][WARNING] - Timeout '0' is invalid. Using default page load timeout: '60'

2022-03-09 09:04:49 - [MESSAGE][PASSED] - Tapped on element 'Object Repository/Mobile/Page/Login/Input - Password'

2022-03-09 09:04:49 - [TEST_STEP][PASSED] - delay(1): Delayed 1 second(s)

2022-03-09 09:04:50 - [MESSAGE][PASSED] - Delayed 1 second(s)

2022-03-09 09:04:50 - [TEST_STEP][PASSED] - setText(LOGN_EdtRdyPassword, "Shalawa18", 0): Text 'Shalawa18' has been set to element 'Object Repository/Mobile/Page/Login/Input Rdy - Password'

2022-03-09 09:04:50 - [MESSAGE][WARNING] - Timeout '0' is invalid. Using default page load timeout: '60'

2022-03-09 09:04:50 - [MESSAGE][PASSED] - Text 'Shalawa18' has been set to element 'Object Repository/Mobile/Page/Login/Input Rdy - Password'

2022-03-09 09:04:50 - [TEST_STEP][PASSED] - delay(1): Delayed 1 second(s)

2022-03-09 09:04:51 - [MESSAGE][PASSED] - Delayed 1 second(s)

2022-03-09 09:04:51 - [TEST_STEP][PASSED] - hideKeyboard(): Keyboard is hidden

2022-03-09 09:05:03 - [MESSAGE][PASSED] - Keyboard is hidden

2022-03-09 09:05:03 - [TEST_STEP][PASSED] - tap(LOGN_BtnLogin, 0): Tapped on element 'Object Repository/Mobile/Page/Login/Button - Login'

2022-03-09 09:05:03 - [MESSAGE][WARNING] - Timeout '0' is invalid. Using default page load timeout: '60'

2022-03-09 09:05:05 - [MESSAGE][PASSED] - Tapped on element 'Object Repository/Mobile/Page/Login/Button - Login'

2022-03-09 09:05:05 - [TEST_STEP][PASSED] - delay(2): Delayed 2 second(s)

2022-03-09 09:05:07 - [MESSAGE][PASSED] - Delayed 2 second(s)

2022-03-09 09:05:07 - [TEST_STEP][PASSED] - break: null

2022-03-09 09:05:07 - [MESSAGE][PASSED] - Call Test Case 'Test Cases/Mobile/Page/Login/Login' successfully

2022-03-09 09:05:07 - [MESSAGE][PASSED] - Call Test Case 'Test Cases/Mobile/Page/CheckLogin' successfully

2022-03-09 09:05:07 - [TEST_STEP][PASSED] - tap(HOME_MenubarNews, 0): Tapped on element 'Object Repository/Mobile/Page/Home/Menubar - News'

2022-03-09 09:05:07 - [MESSAGE][WARNING] - Timeout '0' is invalid. Using default page load timeout: '60'

2022-03-09 09:05:08 - [MESSAGE][PASSED] - Tapped on element 'Object Repository/Mobile/Page/Home/Menubar - News'

2022-03-09 09:05:08 - [TEST_STEP][PASSED] - delay(1): Delayed 1 second(s)

2022-03-09 09:05:09 - [MESSAGE][PASSED] - Delayed 1 second(s)

2022-03-09 09:05:09 - [TEST_STEP][PASSED] - for ([i = 0, i < 1, (i++)]): Delayed 3 second(s)

2022-03-09 09:05:09 - [TEST_STEP][PASSED] - if (tab == "macronews"): null

2022-03-09 09:05:09 - [TEST_STEP][PASSED] - else if (tab == "stocknews"): null

2022-03-09 09:05:09 - [TEST_STEP][PASSED] - else if (tab == "fundnews"): null

2022-03-09 09:05:09 - [TEST_STEP][PASSED] - else if (tab == "bondnews"): Tapped on element 'Object Repository/Mobile/Page/News/Tab - Bond'

2022-03-09 09:05:09 - [TEST_STEP][PASSED] - tap(NEWS_TabBond, 0): Tapped on element 'Object Repository/Mobile/Page/News/Tab - Bond'

2022-03-09 09:05:09 - [MESSAGE][WARNING] - Timeout '0' is invalid. Using default page load timeout: '60'

2022-03-09 09:05:11 - [MESSAGE][PASSED] - Tapped on element 'Object Repository/Mobile/Page/News/Tab - Bond'

2022-03-09 09:05:11 - [TEST_STEP][PASSED] - delay(1): Delayed 1 second(s)

2022-03-09 09:05:12 - [MESSAGE][PASSED] - Delayed 1 second(s)

2022-03-09 09:05:12 - [TEST_STEP][PASSED] - if (tab != "worldindices"): Delayed 3 second(s)

2022-03-09 09:05:12 - [TEST_STEP][PASSED] - try: Delayed 3 second(s)

2022-03-09 09:05:12 - [TEST_STEP][PASSED] - tapAndHold(NEWS_ItemTopNews, 1, 10): Tapped and held on element 'Object Repository/Mobile/Page/News/Item - Top News' with duration 1

2022-03-09 09:05:16 - [MESSAGE][PASSED] - Tapped and held on element 'Object Repository/Mobile/Page/News/Item - Top News' with duration 1

2022-03-09 09:05:16 - [TEST_STEP][PASSED] - delay(1): Delayed 1 second(s)

2022-03-09 09:05:17 - [MESSAGE][PASSED] - Delayed 1 second(s)

2022-03-09 09:05:17 - [TEST_STEP][PASSED] - scroll.scroll.scrollScreenBottomToTop(): scroll.scroll.scrollScreenBottomToTop is PASSED

2022-03-09 09:05:17 - [MESSAGE][PASSED] - Current device physical height is 1423

2022-03-09 09:05:17 - [MESSAGE][PASSED] - Current device physical width is 720

2022-03-09 09:05:18 - [MESSAGE][PASSED] - Swiped from 360,1,138 to 360,284

2022-03-09 09:05:18 - [MESSAGE][PASSED] - scroll.scroll.scrollScreenBottomToTop is PASSED

2022-03-09 09:05:18 - [TEST_STEP][PASSED] - delay(3): Delayed 3 second(s)

2022-03-09 09:05:21 - [MESSAGE][PASSED] - Delayed 3 second(s)

2022-03-09 09:05:21 - [MESSAGE][PASSED] - Call Test Case 'Test Cases/Mobile/Page/News/News' successfully

2022-03-09 09:05:21 - [TEST_STEP][PASSED] - callTestCase(findTestCase("Mobile/Page/Run App/Terminate App"), [:], STOP_ON_FAILURE): Call Test Case 'Test Cases/Mobile/Page/Run App/Terminate App' successfully

2022-03-09 09:05:21 - [TEST_CASE][PASSED] - Test Cases/Mobile/Page/Run App/Terminate App: Test Cases/Mobile/Page/Run App/Terminate App

2022-03-09 09:05:21 - [TEST_STEP][PASSED] - startApp.OpenApp.terminateApplication(): startApp.OpenApp.terminateApplication is PASSED

2022-03-09 09:05:24 - [MESSAGE][PASSED] - Delayed 3 second(s)

2022-03-09 09:05:25 - [MESSAGE][PASSED] - Current device physical width is 720

2022-03-09 09:05:25 - [MESSAGE][PASSED] - Current device physical height is 1423

2022-03-09 09:05:26 - [MESSAGE][PASSED] - Swiped from 360,853 to 360,142

2022-03-09 09:05:27 - [MESSAGE][PASSED] - Delayed 1 second(s)

2022-03-09 09:05:28 - [MESSAGE][PASSED] - Swiped from 360,853 to 360,142

2022-03-09 09:05:31 - [MESSAGE][PASSED] - Delayed 3 second(s)

2022-03-09 09:05:31 - [MESSAGE][PASSED] - startApp.OpenApp.terminateApplication is PASSED

2022-03-09 09:05:31 - [MESSAGE][PASSED] - Call Test Case 'Test Cases/Mobile/Page/Run App/Terminate App' successfully]]></system-out>
         <system-err><![CDATA[]]></system-err>
      </testcase>
      <testcase name="Test Cases/Mobile/Scenario/News/005 - Macro News" time="67.364" classname="Test Cases/Mobile/Scenario/News/005 - Macro News" status="PASSED">
         <system-out><![CDATA[2022-03-09 09:05:31 - [TEST_CASE][PASSED] - Test Cases/Mobile/Scenario/News/005 - Macro News: Test Cases/Mobile/Scenario/News/005 - Macro News

2022-03-09 09:05:32 - [TEST_STEP][PASSED] - callTestCase(findTestCase("Mobile/Page/Run App/Run App byID"), [:], STOP_ON_FAILURE): Call Test Case 'Test Cases/Mobile/Page/Run App/Run App byID' successfully

2022-03-09 09:05:32 - [TEST_CASE][PASSED] - Test Cases/Mobile/Page/Run App/Run App byID: Test Cases/Mobile/Page/Run App/Run App byID

2022-03-09 09:05:32 - [TEST_STEP][PASSED] - startApp.OpenApp.startApplication("id.co.miraeasset.sageclub"): startApp.OpenApp.startApplication is PASSED

2022-03-09 09:05:48 - [MESSAGE][PASSED] - Starting app with application ID: 'id.co.miraeasset.sageclub'

2022-03-09 09:05:48 - [MESSAGE][PASSED] - startApp.OpenApp.startApplication is PASSED

2022-03-09 09:05:48 - [MESSAGE][PASSED] - Call Test Case 'Test Cases/Mobile/Page/Run App/Run App byID' successfully

2022-03-09 09:05:48 - [TEST_STEP][PASSED] - callTestCase(findTestCase("Mobile/Page/News/News"), ["tab":"macronews"], CONTINUE_ON_FAILURE): Call Test Case 'Test Cases/Mobile/Page/News/News' successfully

2022-03-09 09:05:48 - [TEST_CASE][PASSED] - Test Cases/Mobile/Page/News/News: Test Cases/Mobile/Page/News/News

2022-03-09 09:05:48 - [TEST_STEP][PASSED] - callTestCase(findTestCase("Mobile/Page/CheckLogin"), [:], CONTINUE_ON_FAILURE): Call Test Case 'Test Cases/Mobile/Page/CheckLogin' successfully

2022-03-09 09:05:48 - [TEST_CASE][PASSED] - Test Cases/Mobile/Page/CheckLogin: Test Cases/Mobile/Page/CheckLogin

2022-03-09 09:05:48 - [TEST_STEP][PASSED] - loginCheck = verifyElementExist(LOGN_BtnLogin, 5, CONTINUE_ON_FAILURE): Element 'Object Repository/Mobile/Page/Login/Button - Login' is exist

2022-03-09 09:05:50 - [MESSAGE][PASSED] - Element 'Object Repository/Mobile/Page/Login/Button - Login' is exist

2022-03-09 09:05:50 - [TEST_STEP][PASSED] - if (loginCheck): Call Test Case 'Test Cases/Mobile/Page/Login/Login' successfully

2022-03-09 09:05:50 - [TEST_STEP][PASSED] - callTestCase(findTestCase("Mobile/Page/Login/Login"), ["action":"username"], CONTINUE_ON_FAILURE): Call Test Case 'Test Cases/Mobile/Page/Login/Login' successfully

2022-03-09 09:05:50 - [TEST_CASE][PASSED] - Test Cases/Mobile/Page/Login/Login: Test Cases/Mobile/Page/Login/Login

2022-03-09 09:05:50 - [TEST_STEP][PASSED] - delay(2): Delayed 2 second(s)

2022-03-09 09:05:52 - [MESSAGE][PASSED] - Delayed 2 second(s)

2022-03-09 09:05:52 - [TEST_STEP][PASSED] - for ([i = 0, i < 1, (i++)]): null

2022-03-09 09:05:52 - [TEST_STEP][PASSED] - if (action == "username"): null

2022-03-09 09:05:52 - [TEST_STEP][PASSED] - tap(LOGN_EdtUserID, 0): Tapped on element 'Object Repository/Mobile/Page/Login/Input - UserID'

2022-03-09 09:05:52 - [MESSAGE][WARNING] - Timeout '0' is invalid. Using default page load timeout: '60'

2022-03-09 09:05:52 - [MESSAGE][PASSED] - Tapped on element 'Object Repository/Mobile/Page/Login/Input - UserID'

2022-03-09 09:05:52 - [TEST_STEP][PASSED] - delay(1): Delayed 1 second(s)

2022-03-09 09:05:53 - [MESSAGE][PASSED] - Delayed 1 second(s)

2022-03-09 09:05:53 - [TEST_STEP][PASSED] - setText(LOGN_EdtRdyUserID, "anggaaditya", 0): Text 'anggaaditya' has been set to element 'Object Repository/Mobile/Page/Login/Input Rdy - UserID'

2022-03-09 09:05:53 - [MESSAGE][WARNING] - Timeout '0' is invalid. Using default page load timeout: '60'

2022-03-09 09:05:54 - [MESSAGE][PASSED] - Text 'anggaaditya' has been set to element 'Object Repository/Mobile/Page/Login/Input Rdy - UserID'

2022-03-09 09:05:54 - [TEST_STEP][PASSED] - delay(1): Delayed 1 second(s)

2022-03-09 09:05:55 - [MESSAGE][PASSED] - Delayed 1 second(s)

2022-03-09 09:05:55 - [TEST_STEP][PASSED] - hideKeyboard(): Keyboard is hidden

2022-03-09 09:06:02 - [MESSAGE][PASSED] - Keyboard is hidden

2022-03-09 09:06:02 - [TEST_STEP][PASSED] - tap(LOGN_EdtPassword, 0): Tapped on element 'Object Repository/Mobile/Page/Login/Input - Password'

2022-03-09 09:06:02 - [MESSAGE][WARNING] - Timeout '0' is invalid. Using default page load timeout: '60'

2022-03-09 09:06:02 - [MESSAGE][PASSED] - Tapped on element 'Object Repository/Mobile/Page/Login/Input - Password'

2022-03-09 09:06:02 - [TEST_STEP][PASSED] - delay(1): Delayed 1 second(s)

2022-03-09 09:06:03 - [MESSAGE][PASSED] - Delayed 1 second(s)

2022-03-09 09:06:03 - [TEST_STEP][PASSED] - setText(LOGN_EdtRdyPassword, "Shalawa18", 0): Text 'Shalawa18' has been set to element 'Object Repository/Mobile/Page/Login/Input Rdy - Password'

2022-03-09 09:06:03 - [MESSAGE][WARNING] - Timeout '0' is invalid. Using default page load timeout: '60'

2022-03-09 09:06:04 - [MESSAGE][PASSED] - Text 'Shalawa18' has been set to element 'Object Repository/Mobile/Page/Login/Input Rdy - Password'

2022-03-09 09:06:04 - [TEST_STEP][PASSED] - delay(1): Delayed 1 second(s)

2022-03-09 09:06:05 - [MESSAGE][PASSED] - Delayed 1 second(s)

2022-03-09 09:06:05 - [TEST_STEP][PASSED] - hideKeyboard(): Keyboard is hidden

2022-03-09 09:06:11 - [MESSAGE][PASSED] - Keyboard is hidden

2022-03-09 09:06:11 - [TEST_STEP][PASSED] - tap(LOGN_BtnLogin, 0): Tapped on element 'Object Repository/Mobile/Page/Login/Button - Login'

2022-03-09 09:06:11 - [MESSAGE][WARNING] - Timeout '0' is invalid. Using default page load timeout: '60'

2022-03-09 09:06:12 - [MESSAGE][PASSED] - Tapped on element 'Object Repository/Mobile/Page/Login/Button - Login'

2022-03-09 09:06:12 - [TEST_STEP][PASSED] - delay(2): Delayed 2 second(s)

2022-03-09 09:06:14 - [MESSAGE][PASSED] - Delayed 2 second(s)

2022-03-09 09:06:14 - [TEST_STEP][PASSED] - break: null

2022-03-09 09:06:14 - [MESSAGE][PASSED] - Call Test Case 'Test Cases/Mobile/Page/Login/Login' successfully

2022-03-09 09:06:14 - [MESSAGE][PASSED] - Call Test Case 'Test Cases/Mobile/Page/CheckLogin' successfully

2022-03-09 09:06:14 - [TEST_STEP][PASSED] - tap(HOME_MenubarNews, 0): Tapped on element 'Object Repository/Mobile/Page/Home/Menubar - News'

2022-03-09 09:06:14 - [MESSAGE][WARNING] - Timeout '0' is invalid. Using default page load timeout: '60'

2022-03-09 09:06:16 - [MESSAGE][PASSED] - Tapped on element 'Object Repository/Mobile/Page/Home/Menubar - News'

2022-03-09 09:06:16 - [TEST_STEP][PASSED] - delay(1): Delayed 1 second(s)

2022-03-09 09:06:17 - [MESSAGE][PASSED] - Delayed 1 second(s)

2022-03-09 09:06:17 - [TEST_STEP][PASSED] - for ([i = 0, i < 1, (i++)]): Delayed 3 second(s)

2022-03-09 09:06:17 - [TEST_STEP][PASSED] - if (tab == "macronews"): Tapped on element 'Object Repository/Mobile/Page/News/Tab - Macro'

2022-03-09 09:06:17 - [TEST_STEP][PASSED] - tap(NEWS_TabMacro, 0): Tapped on element 'Object Repository/Mobile/Page/News/Tab - Macro'

2022-03-09 09:06:17 - [MESSAGE][WARNING] - Timeout '0' is invalid. Using default page load timeout: '60'

2022-03-09 09:06:19 - [MESSAGE][PASSED] - Tapped on element 'Object Repository/Mobile/Page/News/Tab - Macro'

2022-03-09 09:06:19 - [TEST_STEP][PASSED] - delay(1): Delayed 1 second(s)

2022-03-09 09:06:20 - [MESSAGE][PASSED] - Delayed 1 second(s)

2022-03-09 09:06:20 - [TEST_STEP][PASSED] - if (tab != "worldindices"): Delayed 3 second(s)

2022-03-09 09:06:20 - [TEST_STEP][PASSED] - try: Delayed 3 second(s)

2022-03-09 09:06:20 - [TEST_STEP][PASSED] - tapAndHold(NEWS_ItemTopNews, 1, 10): Tapped and held on element 'Object Repository/Mobile/Page/News/Item - Top News' with duration 1

2022-03-09 09:06:23 - [MESSAGE][PASSED] - Tapped and held on element 'Object Repository/Mobile/Page/News/Item - Top News' with duration 1

2022-03-09 09:06:23 - [TEST_STEP][PASSED] - delay(1): Delayed 1 second(s)

2022-03-09 09:06:24 - [MESSAGE][PASSED] - Delayed 1 second(s)

2022-03-09 09:06:24 - [TEST_STEP][PASSED] - scroll.scroll.scrollScreenBottomToTop(): scroll.scroll.scrollScreenBottomToTop is PASSED

2022-03-09 09:06:24 - [MESSAGE][PASSED] - Current device physical height is 1423

2022-03-09 09:06:24 - [MESSAGE][PASSED] - Current device physical width is 720

2022-03-09 09:06:25 - [MESSAGE][PASSED] - Swiped from 360,1,138 to 360,284

2022-03-09 09:06:25 - [MESSAGE][PASSED] - scroll.scroll.scrollScreenBottomToTop is PASSED

2022-03-09 09:06:25 - [TEST_STEP][PASSED] - delay(3): Delayed 3 second(s)

2022-03-09 09:06:29 - [MESSAGE][PASSED] - Delayed 3 second(s)

2022-03-09 09:06:29 - [MESSAGE][PASSED] - Call Test Case 'Test Cases/Mobile/Page/News/News' successfully

2022-03-09 09:06:29 - [TEST_STEP][PASSED] - callTestCase(findTestCase("Mobile/Page/Run App/Terminate App"), [:], STOP_ON_FAILURE): Call Test Case 'Test Cases/Mobile/Page/Run App/Terminate App' successfully

2022-03-09 09:06:29 - [TEST_CASE][PASSED] - Test Cases/Mobile/Page/Run App/Terminate App: Test Cases/Mobile/Page/Run App/Terminate App

2022-03-09 09:06:29 - [TEST_STEP][PASSED] - startApp.OpenApp.terminateApplication(): startApp.OpenApp.terminateApplication is PASSED

2022-03-09 09:06:32 - [MESSAGE][PASSED] - Delayed 3 second(s)

2022-03-09 09:06:32 - [MESSAGE][PASSED] - Current device physical width is 720

2022-03-09 09:06:32 - [MESSAGE][PASSED] - Current device physical height is 1423

2022-03-09 09:06:33 - [MESSAGE][PASSED] - Swiped from 360,853 to 360,142

2022-03-09 09:06:34 - [MESSAGE][PASSED] - Delayed 1 second(s)

2022-03-09 09:06:36 - [MESSAGE][PASSED] - Swiped from 360,853 to 360,142

2022-03-09 09:06:39 - [MESSAGE][PASSED] - Delayed 3 second(s)

2022-03-09 09:06:39 - [MESSAGE][PASSED] - startApp.OpenApp.terminateApplication is PASSED

2022-03-09 09:06:39 - [MESSAGE][PASSED] - Call Test Case 'Test Cases/Mobile/Page/Run App/Terminate App' successfully]]></system-out>
         <system-err><![CDATA[]]></system-err>
      </testcase>
      <system-out><![CDATA[2022-03-09 08:59:49 - [TEST_SUITE][PASSED] - news: Test Cases/Mobile/Scenario/News/005 - Macro News]]></system-out>
      <system-err><![CDATA[]]></system-err>
   </testsuite>
</testsuites>
